<?xml version="1.0" encoding="UTF-8"?>
<con:soapui-project activeEnvironment="Default" name="Client-PersonService-soapui-project" resourceRoot="" soapui-version="5.1.3" abortOnError="false" runType="SEQUENTIAL" id="efe0aa1f-2a44-41ee-b006-1bbb321d7454" xmlns:con="http://eviware.com/soapui/config">
  <con:settings/>
  <con:interface xsi:type="con:WsdlInterface" wsaVersion="NONE" name="PersonServiceHTTPBinding" type="wsdl" bindingName="{http://fidus.brussels/service/personservice/v1}PersonServiceHTTPBinding" soapVersion="1_1" anonymous="optional" definition="file:/home/stijn/git/Fidus/personservice/PersonServiceRegistry/wsdl/personService/1.0.0/PersonService_v1.wsdl" id="ed9c9566-ab71-4610-a99e-aa2b2583faec" xmlns:xsi="http://www.w3.org/2001/XMLSchema-instance">
    <con:settings/>
    
    <con:definitionCache type="TEXT" rootPart="file:/home/stijn/git/Fidus/personservice/PersonServiceRegistry/wsdl/personService/1.0.0/PersonService_v1.wsdl"><con:part><con:url>file:/home/stijn/git/Fidus/personservice/PersonServiceRegistry/wsdl/personService/1.0.0/PersonService_v1.wsdl</con:url><con:content><![CDATA[<wsdl:definitions targetNamespace="http://fidus.brussels/service/personservice/v1" name="PersonService" xmlns:soap="http://schemas.xmlsoap.org/wsdl/soap/" xmlns:wsdl="http://schemas.xmlsoap.org/wsdl/" xmlns:xsd="http://www.w3.org/2001/XMLSchema" xmlns:mes="http://fidus.brussels/service/personservice/messages/v1" xmlns:tns="http://fidus.brussels/service/personservice/v1">
  <xsd:annotation>
    <xsd:documentation>Person service WDSL v1.</xsd:documentation>
  </xsd:annotation>
  <wsdl:types>
    <xsd:schema targetNamespace="http://fidus.brussels/service/personservice/v1" elementFormDefault="qualified">
      <xsd:import namespace="http://fidus.brussels/service/personservice/messages/v1" schemaLocation="messages/personServiceMessages_v1.xsd"/>
    </xsd:schema>
  </wsdl:types>
  <wsdl:message name="searchPersonByAddressRequestMessage">
    <wsdl:part name="SearchPersonByAddressRequest" element="mes:searchPersonByAddressRequest"/>
  </wsdl:message>
  <wsdl:message name="searchPersonByAddressResponseMessage">
    <wsdl:part name="SearchPersonByAddressResponse" element="mes:searchPersonByAddressResponse"/>
  </wsdl:message>
  <wsdl:message name="getIdentityRequestMessage">
    <wsdl:part name="GetIdentityRequest" element="mes:getIdentityRequest"/>
  </wsdl:message>
  <wsdl:message name="getIdentityResponseMessage">
    <wsdl:part name="GetIdentityResponse" element="mes:getIdentityResponse"/>
  </wsdl:message>
  <wsdl:message name="searchPersonPhoneticallyRequestMessage">
    <wsdl:part name="SearchPersonPhoneticallyRequest" element="mes:searchPersonPhoneticallyRequest"/>
  </wsdl:message>
  <wsdl:message name="searchPersonPhoneticallyResponseMessage">
    <wsdl:part name="SearchPersonPhoneticallyResponse" element="mes:searchPersonPhoneticallyResponse"/>
  </wsdl:message>
  <wsdl:message name="getCBSSIdentityRequestMessage">
    <wsdl:part name="GetIdentityRequest" element="mes:getCBSSIdentityRequest"/>
  </wsdl:message>
  <wsdl:message name="getCBSSIdentityResponseMessage">
    <wsdl:part name="GetIdentityResponse" element="mes:getCBSSIdentityResponse"/>
  </wsdl:message>
  <wsdl:portType name="PersonServicePortType">
    <wsdl:operation name="searchPersonByAddress">
      <wsdl:input message="tns:searchPersonByAddressRequestMessage"/>
      <wsdl:output message="tns:searchPersonByAddressResponseMessage"/>
    </wsdl:operation>
    <wsdl:operation name="getIdentity">
      <wsdl:input message="tns:getIdentityRequestMessage"/>
      <wsdl:output message="tns:getIdentityResponseMessage"/>
    </wsdl:operation>
    <wsdl:operation name="searchPersonPhonetically">
      <wsdl:input message="tns:searchPersonPhoneticallyRequestMessage"/>
      <wsdl:output message="tns:searchPersonPhoneticallyResponseMessage"/>
    </wsdl:operation>
    <wsdl:operation name="getCBSSIdentity">
      <wsdl:input message="tns:getCBSSIdentityRequestMessage"/>
      <wsdl:output message="tns:getCBSSIdentityResponseMessage"/>
    </wsdl:operation>
  </wsdl:portType>
  <wsdl:binding name="PersonServiceHTTPBinding" type="tns:PersonServicePortType">
    <soap:binding style="document" transport="http://schemas.xmlsoap.org/soap/http"/>
    <wsdl:operation name="searchPersonByAddress">
      <soap:operation soapAction="http://fidus.brussels/services/personservice/searchPersonByAddress"/>
      <wsdl:input>
        <soap:body use="literal"/>
      </wsdl:input>
      <wsdl:output>
        <soap:body use="literal"/>
      </wsdl:output>
    </wsdl:operation>
    <wsdl:operation name="getIdentity">
      <soap:operation soapAction="http://fidus.brussels/services/personservice/getIdentity"/>
      <wsdl:input>
        <soap:body use="literal"/>
      </wsdl:input>
      <wsdl:output>
        <soap:body use="literal"/>
      </wsdl:output>
    </wsdl:operation>
    <wsdl:operation name="searchPersonPhonetically">
      <soap:operation soapAction="http://fidus.brussels/services/personservice/searchPersonPhonetically"/>
      <wsdl:input>
        <soap:body use="literal"/>
      </wsdl:input>
      <wsdl:output>
        <soap:body use="literal"/>
      </wsdl:output>
    </wsdl:operation>
    <wsdl:operation name="getCBSSIdentity">
      <soap:operation soapAction="http://fidus.brussels/services/personservice/getCBSSIdentity"/>
      <wsdl:input>
        <soap:body use="literal"/>
      </wsdl:input>
      <wsdl:output>
        <soap:body use="literal"/>
      </wsdl:output>
    </wsdl:operation>
  </wsdl:binding>
  <wsdl:service name="PersonService_v1">
    <wsdl:port name="PersonService_v1" binding="tns:PersonServiceHTTPBinding">
      <soap:address location="http://fidus.brussels/services/personservice/v1"/>
    </wsdl:port>
  </wsdl:service>
</wsdl:definitions>]]></con:content><con:type>http://schemas.xmlsoap.org/wsdl/</con:type></con:part><con:part><con:url>file:/home/stijn/git/Fidus/personservice/PersonServiceRegistry/wsdl/personService/1.0.0/messages/personServiceMessages_v1.xsd</con:url><con:content><![CDATA[<xsd:schema targetNamespace="http://fidus.brussels/service/personservice/messages/v1" elementFormDefault="qualified" attributeFormDefault="unqualified" version="1.0" xmlns:xsd="http://www.w3.org/2001/XMLSchema" xmlns:cme="http://fidus.brussels/type/common/messages/v1" xmlns:exc="http://fidus.brussels/type/common/exceptions/v1" xmlns:tns="http://fidus.brussels/service/personservice/messages/v1" xmlns:common="http://kszbcss.fgov.be/types/common/v3" xmlns:base="http://kszbcss.fgov.be/types/legaldata/v3" xmlns:per="http://kszbcss.fgov.be/types/legaldata/person/v3" xmlns:periss="http://kszbcss.fgov.be/types/legaldata/personiss/v3">
  <xsd:import namespace="http://fidus.brussels/type/common/messages/v1" schemaLocation="baseMessageTypes_v1.xsd"/>
  <xsd:import namespace="http://fidus.brussels/type/common/exceptions/v1" schemaLocation="exceptionTypes_v1.xsd"/>
  <xsd:import namespace="http://kszbcss.fgov.be/types/common/v3" schemaLocation="../person/common/CommonV3.xsd"/>
  <xsd:import namespace="http://kszbcss.fgov.be/types/legaldata/v3" schemaLocation="../person/legaldata/BaseLegalDataV3.xsd"/>
  <xsd:import namespace="http://kszbcss.fgov.be/types/legaldata/person/v3" schemaLocation="../person/legaldata/person/PersonLegalDataV3.xsd"/>
  <xsd:import namespace="http://kszbcss.fgov.be/types/legaldata/personiss/v3" schemaLocation="../person/legaldata/person/PersonIssLegalDataV3.xsd"/>
  <xsd:simpleType name="GivenNameMatchingType">
    <xsd:annotation>
      <xsd:documentation>Type defining the possible ways to interpret the given firstnames during the phonetic search.</xsd:documentation>
    </xsd:annotation>
    <xsd:restriction base="xsd:string">
      <xsd:enumeration value="FIRST_LETTER_FIRST_GIVENNAME"/>
      <xsd:enumeration value="COMPLETE_FIRST_GIVENNAME"/>
      <xsd:enumeration value="ALL_GIVENNAME"/>
      <xsd:enumeration value="IGNORE_GIVENNAME"/>
    </xsd:restriction>
  </xsd:simpleType>
  <xsd:complexType name="PersonByAddressRequestType">
    <xsd:annotation>
      <xsd:documentation>Type defining the structure of the request to search for persons based on the given address information.</xsd:documentation>
    </xsd:annotation>
    <xsd:sequence>
      <xsd:element name="postalCode" type="base:PostalCodeType" form="unqualified"/>
      <xsd:element name="streetCode" type="base:StreetCodeType" form="unqualified"/>
      <xsd:element name="houseNumber" type="base:HouseNumberType" form="unqualified"/>
      <xsd:element name="houseIndex" type="base:HouseIndexType" minOccurs="0" form="unqualified"/>
    </xsd:sequence>
  </xsd:complexType>
  <xsd:complexType name="IdentityRequestType">
    <xsd:annotation>
      <xsd:documentation>The person whose information is requested.</xsd:documentation>
    </xsd:annotation>
    <xsd:sequence>
      <xsd:element name="personNumber" type="cme:PersonNumberType" nillable="true">
        <xsd:annotation>
          <xsd:documentation>The basic identifier of a person is his personNumber.</xsd:documentation>
        </xsd:annotation>
      </xsd:element>
    </xsd:sequence>
  </xsd:complexType>
  <xsd:complexType name="PersonPhoneticallyRequestType">
    <xsd:annotation>
      <xsd:documentation>Type defining the structure of the request to search for persons based on the given phonetical name information.</xsd:documentation>
    </xsd:annotation>
    <xsd:sequence>
      <xsd:element name="name" form="unqualified">
        <xsd:complexType>
          <xsd:sequence>
            <xsd:element name="lastName" form="unqualified">
              <xsd:simpleType>
                <xsd:restriction base="xsd:string">
                  <xsd:minLength value="1"/>
                  <xsd:maxLength value="48"/>
                </xsd:restriction>
              </xsd:simpleType>
            </xsd:element>
            <xsd:element name="givenName" type="base:GivenNameType" minOccurs="0" maxOccurs="3" form="unqualified"/>
            <xsd:element name="givenNameMatching" type="tns:GivenNameMatchingType" form="unqualified">
              <xsd:annotation>
                <xsd:documentation>Element specifying the behavior of the searchPersonPhonetically capability.</xsd:documentation>
              </xsd:annotation>
            </xsd:element>
          </xsd:sequence>
        </xsd:complexType>
      </xsd:element>
      <xsd:element name="birth" form="unqualified">
        <xsd:complexType>
          <xsd:sequence>
            <xsd:element name="birthDate" type="common:IncompleteDateType" form="unqualified"/>
            <xsd:element name="variation" minOccurs="0" form="unqualified">
              <xsd:simpleType>
                <xsd:restriction base="xsd:unsignedShort">
                  <xsd:maxInclusive value="99"/>
                </xsd:restriction>
              </xsd:simpleType>
            </xsd:element>
          </xsd:sequence>
        </xsd:complexType>
      </xsd:element>
      <xsd:element name="gender" minOccurs="0" form="unqualified">
        <xsd:complexType>
          <xsd:sequence>
            <xsd:element name="genderCode" type="base:GenderCodeType" form="unqualified"/>
          </xsd:sequence>
        </xsd:complexType>
      </xsd:element>
      <xsd:element name="maximumResultCount" minOccurs="0" form="unqualified">
        <xsd:simpleType>
          <xsd:restriction base="xsd:unsignedShort">
            <xsd:minInclusive value="1"/>
            <xsd:maxInclusive value="50"/>
          </xsd:restriction>
        </xsd:simpleType>
      </xsd:element>
    </xsd:sequence>
  </xsd:complexType>
  <!--Request getIdentity definition-->
  <xsd:complexType name="SearchPersonByAddressRequestType">
    <xsd:sequence>
      <xsd:element name="messageContext" type="cme:RequestMessageContextType"/>
      <xsd:element name="legalContext" type="cme:LegalContextType"/>
      <xsd:element name="request" type="tns:PersonByAddressRequestType"/>
    </xsd:sequence>
  </xsd:complexType>
  <xsd:complexType name="GetIdentityRequestType">
    <xsd:sequence>
      <xsd:element name="messageContext" type="cme:RequestMessageContextType"/>
      <xsd:element name="legalContext" type="cme:LegalContextType"/>
      <xsd:element name="request" type="tns:IdentityRequestType"/>
    </xsd:sequence>
  </xsd:complexType>
  <xsd:complexType name="SearchPersonPhoneticallyRequestType">
    <xsd:sequence>
      <xsd:element name="messageContext" type="cme:RequestMessageContextType"/>
      <xsd:element name="legalContext" type="cme:LegalContextType"/>
      <xsd:element name="request" type="tns:PersonPhoneticallyRequestType"/>
    </xsd:sequence>
  </xsd:complexType>
  <xsd:complexType name="GetCBSSIdentityRequestType">
    <xsd:sequence>
      <xsd:element name="messageContext" type="cme:RequestMessageContextType"/>
      <xsd:element name="legalContext" type="cme:LegalContextType"/>
      <xsd:element name="request" type="tns:IdentityRequestType"/>
    </xsd:sequence>
  </xsd:complexType>
  <!--Request getIdentity definition-->
  <xsd:complexType name="SearchPersonByAddressResponseType">
    <xsd:sequence>
      <xsd:element name="messageContext" type="cme:ResponseMessageContextType"/>
      <xsd:element name="responses" type="tns:ResponsesType" minOccurs="0"/>
      <xsd:element name="exceptions" type="exc:ExceptionsType" minOccurs="0">
        <xsd:annotation>
          <xsd:documentation>Technical errors that occur when processing the message context e.g. insufficient rights.</xsd:documentation>
        </xsd:annotation>
      </xsd:element>
    </xsd:sequence>
  </xsd:complexType>
  <xsd:complexType name="GetIdentityResponseType">
    <xsd:sequence>
      <xsd:element name="messageContext" type="cme:ResponseMessageContextType"/>
      <xsd:element name="responses" type="tns:IssResponsesType" minOccurs="0"/>
      <xsd:element name="exceptions" type="exc:ExceptionsType" minOccurs="0">
        <xsd:annotation>
          <xsd:documentation>Technical errors that occur when processing the message context e.g. insufficient rights.</xsd:documentation>
        </xsd:annotation>
      </xsd:element>
    </xsd:sequence>
  </xsd:complexType>
  <xsd:complexType name="SearchPersonPhoneticallyResponseType">
    <xsd:sequence>
      <xsd:element name="messageContext" type="cme:ResponseMessageContextType"/>
      <xsd:element name="responses" type="tns:ResponsesType" minOccurs="0"/>
      <xsd:element name="exceptions" type="exc:ExceptionsType" minOccurs="0">
        <xsd:annotation>
          <xsd:documentation>Technical errors that occur when processing the message context e.g. insufficient rights.</xsd:documentation>
        </xsd:annotation>
      </xsd:element>
    </xsd:sequence>
  </xsd:complexType>
  <xsd:complexType name="GetCBSSIdentityResponseType">
    <xsd:sequence>
      <xsd:element name="messageContext" type="cme:ResponseMessageContextType"/>
      <xsd:element name="responses" type="tns:IssResponsesType" minOccurs="0"/>
      <xsd:element name="exceptions" type="exc:ExceptionsType" minOccurs="0">
        <xsd:annotation>
          <xsd:documentation>Technical errors that occur when processing the message context e.g. insufficient rights.</xsd:documentation>
        </xsd:annotation>
      </xsd:element>
    </xsd:sequence>
  </xsd:complexType>
  <xsd:complexType name="ResponsesType">
    <xsd:sequence>
      <xsd:element name="response" type="tns:ResponseType" minOccurs="1" maxOccurs="1"/>
    </xsd:sequence>
  </xsd:complexType>
  <xsd:complexType name="IssResponsesType">
    <xsd:sequence>
      <xsd:element name="response" type="tns:IssResponseType" minOccurs="1" maxOccurs="1"/>
    </xsd:sequence>
  </xsd:complexType>
  <xsd:complexType name="ResponseType">
    <xsd:sequence>
      <xsd:element name="person" type="per:PersonResponseType" minOccurs="0" maxOccurs="unbounded"/>
      <xsd:element name="exceptions" type="exc:ExceptionsType" minOccurs="0">
        <xsd:annotation>
          <xsd:documentation>Business exceptions that occur when processing the request or response e.g. missing data for a single response element.
						Exceptions at this level may contain back-end specific codes and content.</xsd:documentation>
        </xsd:annotation>
      </xsd:element>
    </xsd:sequence>
  </xsd:complexType>
  <xsd:complexType name="IssResponseType">
    <xsd:sequence>
      <xsd:element name="person" type="periss:PersonResponseType" minOccurs="0"/>
      <xsd:element name="exceptions" type="exc:ExceptionsType" minOccurs="0">
        <xsd:annotation>
          <xsd:documentation>Business exceptions that occur when processing the request or response e.g. missing data for a single response element.
						Exceptions at this level may contain back-end specific codes and content.</xsd:documentation>
        </xsd:annotation>
      </xsd:element>
    </xsd:sequence>
  </xsd:complexType>
  <!--Element of the request and the response-->
  <xsd:element name="searchPersonByAddressRequest" type="tns:SearchPersonByAddressRequestType"/>
  <xsd:element name="searchPersonByAddressResponse" type="tns:SearchPersonByAddressResponseType"/>
  <xsd:element name="getIdentityRequest" type="tns:GetIdentityRequestType"/>
  <xsd:element name="getIdentityResponse" type="tns:GetIdentityResponseType"/>
  <xsd:element name="searchPersonPhoneticallyRequest" type="tns:SearchPersonPhoneticallyRequestType"/>
  <xsd:element name="searchPersonPhoneticallyResponse" type="tns:SearchPersonPhoneticallyResponseType"/>
  <xsd:element name="getCBSSIdentityRequest" type="tns:GetCBSSIdentityRequestType"/>
  <xsd:element name="getCBSSIdentityResponse" type="tns:GetCBSSIdentityResponseType"/>
</xsd:schema>]]></con:content><con:type>http://www.w3.org/2001/XMLSchema</con:type></con:part><con:part><con:url>file:/home/stijn/git/Fidus/personservice/PersonServiceRegistry/wsdl/personService/1.0.0/messages/baseMessageTypes_v1.xsd</con:url><con:content><![CDATA[<xsd:schema targetNamespace="http://fidus.brussels/type/common/messages/v1" elementFormDefault="qualified" attributeFormDefault="unqualified" version="1.0" xmlns:xsd="http://www.w3.org/2001/XMLSchema" xmlns:cmn="http://fidus.brussels/type/common/v1" xmlns:nps="http://fidus.brussels/service/personservice/personservices/naturalPerson/v1" xmlns:tns="http://fidus.brussels/type/common/messages/v1">
  <!--Unformatted message Id-->
  <xsd:simpleType name="MessageIdType">
    <xsd:restriction base="xsd:string">
      <xsd:minLength value="1"/>
      <xsd:maxLength value="64"/>
    </xsd:restriction>
  </xsd:simpleType>
  <!--National Number of the person. Format depending on the Register-->
  <xsd:simpleType name="PersonNumberType">
    <xsd:restriction base="xsd:string">
      <xsd:pattern value="[0-9][0-9](([0][0-9])|([1][0-2]))(([0-2][0-9])|([3][0-1]))(([0-9]{2}[1-9])|([0-9][1-9][0-9])|([1-9][0-9]{2}))(([0-8][0-9])|([9][0-7]))">
        <xsd:annotation>
          <xsd:documentation>National Register format</xsd:documentation>
        </xsd:annotation>
      </xsd:pattern>
      <xsd:pattern value="[0-9][0-9](([2][0-9])|([3][0-2]))(([0-2][0-9])|([3][0-1]))[0-9]{3}(([0-8][0-9])|([9][0-7]))">
        <xsd:annotation>
          <xsd:documentation>CBSS Register format: Bis Register</xsd:documentation>
        </xsd:annotation>
      </xsd:pattern>
      <xsd:pattern value="[0-9][0-9](([4][0-9])|([5][0-2]))(([0-2][0-9])|([3][0-1]))[0-9]{3}(([0-8][0-9])|([9][0-7]))">
        <xsd:annotation>
          <xsd:documentation>CBSS Register format: Ter Register</xsd:documentation>
        </xsd:annotation>
      </xsd:pattern>
    </xsd:restriction>
  </xsd:simpleType>
  <!--Request message context-->
  <xsd:complexType name="RequestMessageContextType">
    <xsd:annotation>
      <xsd:documentation>Message context block generated by the consumer.</xsd:documentation>
    </xsd:annotation>
    <xsd:sequence>
      <xsd:element name="messageId" type="tns:MessageIdType">
        <xsd:annotation>
          <xsd:documentation>Consumer must assign their own MessageId reference for the request.</xsd:documentation>
        </xsd:annotation>
      </xsd:element>
      <xsd:element name="timestamp" type="xsd:dateTime" minOccurs="0">
        <xsd:annotation>
          <xsd:documentation>Timestamp when client sent request.</xsd:documentation>
        </xsd:annotation>
      </xsd:element>
    </xsd:sequence>
  </xsd:complexType>
  <!--Response message context-->
  <xsd:complexType name="ResponseMessageContextType">
    <xsd:annotation>
      <xsd:documentation>MessageContext block generated by Fidus.</xsd:documentation>
    </xsd:annotation>
    <xsd:sequence>
      <xsd:element name="messageId" type="tns:MessageIdType">
        <xsd:annotation>
          <xsd:documentation>A unique identifier generated by Fidus.</xsd:documentation>
        </xsd:annotation>
      </xsd:element>
      <xsd:element name="transactionId" type="tns:MessageIdType">
        <xsd:annotation>
          <xsd:documentation>A unique ID returned to the client for tracing purposes.</xsd:documentation>
        </xsd:annotation>
      </xsd:element>
      <xsd:element name="timestamp" type="xsd:dateTime" minOccurs="0">
        <xsd:annotation>
          <xsd:documentation>Time reply was sent by Fidus.</xsd:documentation>
        </xsd:annotation>
      </xsd:element>
    </xsd:sequence>
  </xsd:complexType>
  <!--Legal Context : the finality of the Privacy Commission-->
  <xsd:simpleType name="LegalContextType">
    <xsd:restriction base="xsd:string">
      <xsd:minLength value="1"/>
      <xsd:maxLength value="64"/>
    </xsd:restriction>
  </xsd:simpleType>
  <xsd:complexType name="UserContextType">
    <xsd:annotation>
      <xsd:documentation>The user context defines information regarding the actual user performing a request.</xsd:documentation>
    </xsd:annotation>
    <xsd:sequence>
      <xsd:element name="language" type="xsd:language" nillable="true">
        <xsd:annotation>
          <xsd:documentation>The preferred language of the actual user performing the request.
						This influences the language in which response elements are cast.</xsd:documentation>
        </xsd:annotation>
      </xsd:element>
    </xsd:sequence>
  </xsd:complexType>
</xsd:schema>]]></con:content><con:type>http://www.w3.org/2001/XMLSchema</con:type></con:part><con:part><con:url>file:/home/stijn/git/Fidus/personservice/PersonServiceRegistry/wsdl/personService/1.0.0/messages/exceptionTypes_v1.xsd</con:url><con:content><![CDATA[<xsd:schema targetNamespace="http://fidus.brussels/type/common/exceptions/v1" elementFormDefault="qualified" attributeFormDefault="unqualified" version="1.0" xmlns:xsd="http://www.w3.org/2001/XMLSchema" xmlns:tns="http://fidus.brussels/type/common/exceptions/v1">
  <!--Basic error typed-->
  <xsd:complexType name="ExceptionsType">
    <xsd:sequence>
      <xsd:element name="exception" type="tns:ExceptionType" maxOccurs="unbounded"/>
    </xsd:sequence>
  </xsd:complexType>
  <xsd:complexType name="ExceptionType">
    <xsd:sequence>
      <xsd:element name="type" type="tns:ExceptionClassType"/>
      <xsd:element name="code" type="tns:ExceptionCodeType"/>
      <xsd:element name="source" type="tns:ExceptionSourceType"/>
      <xsd:element name="description" type="tns:ExceptionDescriptionType"/>
    </xsd:sequence>
  </xsd:complexType>
  <xsd:simpleType name="ExceptionClassType">
    <xsd:restriction base="xsd:string">
      <xsd:enumeration value="ERROR"/>
      <xsd:enumeration value="WARNING"/>
      <xsd:enumeration value="INFO"/>
    </xsd:restriction>
  </xsd:simpleType>
  <xsd:simpleType name="ExceptionCodeType">
    <xsd:restriction base="xsd:string">
      <xsd:maxLength value="20"/>
    </xsd:restriction>
  </xsd:simpleType>
  <xsd:simpleType name="ExceptionSourceType">
    <xsd:restriction base="xsd:string">
      <xsd:maxLength value="20"/>
    </xsd:restriction>
  </xsd:simpleType>
  <xsd:simpleType name="ExceptionDescriptionType">
    <xsd:restriction base="xsd:string"/>
  </xsd:simpleType>
</xsd:schema>]]></con:content><con:type>http://www.w3.org/2001/XMLSchema</con:type></con:part><con:part><con:url>file:/home/stijn/git/Fidus/personservice/PersonServiceRegistry/wsdl/personService/1.0.0/person/common/CommonV3.xsd</con:url><con:content><![CDATA[<!--edited with XMLSpy v2008 rel. 2 sp2 (http://www.altova.com) by USER (KSZ-BCSS)-->
<!--====================================================================================================================================
	* File Name				: CommonV3.xsd
	* Author					: Johan Kumps - Peter Van den Bosch
	* Owner					: Crossroad Bank for Social Security (CBSS)
	* Domain					: CBSS Registries Public Services
	* Creation Date			: 31-05-2010
	* Last revision date	: 25-03-2011
	* Description				: This XML schema document contains a set of Common XML  type definition and content model fragments for use in CBSS webservices and batch file schema definitions within the CBSS domain. 
	* Status					: 
	* Current Version		: 3.1
	* Revision History		: 09-03-2011  	String2Type added
	*														LegalContext added
	*														DescriptionType refactored + lenght constraint 50 changed to 100
	*														InformationCustomerType.ticket length constraint 32 changed to 36
	*														LegalContext + IntegrationContext concepts added
	*														RuntimeFaultType refactored to CBSSFaultType
	*														Parameters added to BaseRequestType
	*                                18-10-2011 		removed String100Type 
   *                                         				Added InformationNotificationCBSS/InformationNotified
   *                                         				Increased the max number of occurences of Information in CBSSFaultType from 5 to 15
	*									25-10-2011	Refactored unbounded business errors to 25
	*														Refactored SSINType to SsinType
   *                          09-11-2011 Changed namespace to v3
   *                                         thorough validation leading to modifications: see CBSS common XSD types.doc
   *                           18-01-2011          informationNotified: identification renamed to notifiedIdentification (consistency)
   *                                                          CbeNumberType: changed from 9 or 10 digits, to mandatory 10 digits
  *                                                          added types for euro amounts, enterprise numbers and business unit numbers
 *                                                          Removed status and business anomalies from BaseResponseType, as the request fields should be copied in the same order in the response
*                                20-03-2012        Renamed BaseDescriptionType to DescriptionType, removed old DescriptionType
*                                                        Removed DescriptionStyleParametersType
*                                                        Removed RegisterCharacterSetType
*                                 29-05-2012           Really remove RegisterCharacterSetType
*								  14-11-2013		Added InformationCBSSBatchType
*								  04-09-2014		Added SenderReceiverType
*								  07-01-2015		Added SequenceNumberType
====================================================================================================================================-->
<xsd:schema targetNamespace="http://kszbcss.fgov.be/types/common/v3" elementFormDefault="unqualified" attributeFormDefault="unqualified" version="3.1" xmlns:xsd="http://www.w3.org/2001/XMLSchema" xmlns:tns="http://kszbcss.fgov.be/types/common/v3">
  <!--Request / response meta data-->
  <xsd:simpleType name="SeverityType">
    <xsd:restriction base="xsd:string">
      <xsd:enumeration value="INFORMATION"/>
      <xsd:enumeration value="WARNING"/>
      <xsd:enumeration value="FATAL"/>
    </xsd:restriction>
  </xsd:simpleType>
  <xsd:simpleType name="UUIDType">
    <xsd:restriction base="xsd:string">
      <xsd:pattern value="[\da-fA-F]{8}-[\da-fA-F]{4}-[\da-fA-F]{4}-[\da-fA-F]{4}-[\da-fA-F]{12}"/>
    </xsd:restriction>
  </xsd:simpleType>
  <xsd:simpleType name="TicketType">
    <xsd:restriction base="xsd:string">
      <xsd:maxLength value="36"/>
    </xsd:restriction>
  </xsd:simpleType>
  <xsd:simpleType name="CbeNumberType">
    <xsd:annotation>
      <xsd:documentation>CBE number identifying an enterprise or business unit</xsd:documentation>
    </xsd:annotation>
    <xsd:restriction base="xsd:string">
      <xsd:pattern value="\d{10}"/>
    </xsd:restriction>
  </xsd:simpleType>
  <xsd:simpleType name="EnterpriseNumberType">
    <xsd:annotation>
      <xsd:documentation>CBE enterprise number (starting with 0 or 1)</xsd:documentation>
    </xsd:annotation>
    <xsd:restriction base="xsd:string">
      <xsd:pattern value="[0-1]\d{9}"/>
    </xsd:restriction>
  </xsd:simpleType>
  <xsd:simpleType name="BusinessUnitNumberType">
    <xsd:annotation>
      <xsd:documentation>CBE business unit number (starting with 2-8)</xsd:documentation>
    </xsd:annotation>
    <xsd:restriction base="xsd:string">
      <xsd:pattern value="[2-8]\d{9}"/>
    </xsd:restriction>
  </xsd:simpleType>
  <xsd:simpleType name="SsinType">
    <xsd:restriction base="xsd:string">
      <xsd:pattern value="[0-9][0-9](([0][0-9])|([1][0-2]))(([0-2][0-9])|([3][0-1]))(([0-9]{2}[1-9])|([0-9][1-9][0-9])|([1-9][0-9]{2}))(([0-8][0-9])|([9][0-7]))">
        <xsd:annotation>
          <xsd:documentation xml:lang="FR">Registre National</xsd:documentation>
          <xsd:documentation xml:lang="NL">Rijksregister</xsd:documentation>
        </xsd:annotation>
      </xsd:pattern>
      <xsd:pattern value="[0-9][0-9](([2][0-9])|([3][0-2]))(([0-2][0-9])|([3][0-1]))[0-9]{3}(([0-8][0-9])|([9][0-7]))">
        <xsd:annotation>
          <xsd:documentation xml:lang="FR">Registre Bis : numero Bis</xsd:documentation>
          <xsd:documentation xml:lang="NL">Bis register : Bisnummer</xsd:documentation>
        </xsd:annotation>
      </xsd:pattern>
      <xsd:pattern value="[0-9][0-9](([4][0-9])|([5][0-2]))(([0-2][0-9])|([3][0-1]))[0-9]{3}(([0-8][0-9])|([9][0-7]))">
        <xsd:annotation>
          <xsd:documentation xml:lang="FR">Registre Bis : numero TER</xsd:documentation>
          <xsd:documentation xml:lang="NL">Bisregister : Ternummer</xsd:documentation>
        </xsd:annotation>
      </xsd:pattern>
    </xsd:restriction>
  </xsd:simpleType>
  <xsd:simpleType name="LegalContextType">
    <xsd:restriction base="xsd:string">
      <xsd:maxLength value="64"/>
    </xsd:restriction>
  </xsd:simpleType>
  <xsd:simpleType name="IntegrationContextType">
    <xsd:annotation>
      <xsd:documentation>deprecated type. Use InscriptionContextType instead in new XSDs</xsd:documentation>
    </xsd:annotation>
    <xsd:restriction base="xsd:string">
      <xsd:maxLength value="64"/>
    </xsd:restriction>
  </xsd:simpleType>
  <xsd:simpleType name="InscriptionContextType">
    <xsd:annotation>
      <xsd:documentation>The way in which an organization knows a person (textual equivalent of former numerical quality code)</xsd:documentation>
    </xsd:annotation>
    <xsd:restriction base="xsd:string">
      <xsd:maxLength value="64"/>
    </xsd:restriction>
  </xsd:simpleType>
  <xsd:simpleType name="SequenceNumberType">
    <xsd:restriction base="xsd:long">
      <xsd:minInclusive value="1"/>
      <xsd:totalDigits value="15"/>
    </xsd:restriction>
  </xsd:simpleType>
  <xsd:complexType name="InformationCBSSType">
    <xsd:annotation>
      <xsd:documentation>Information block from CBSS.</xsd:documentation>
    </xsd:annotation>
    <xsd:sequence>
      <xsd:element name="ticketCBSS" type="tns:UUIDType"/>
      <xsd:element name="timestampReceive" type="xsd:dateTime">
        <xsd:annotation>
          <xsd:documentation>Time request was received by CBSS.</xsd:documentation>
        </xsd:annotation>
      </xsd:element>
      <xsd:element name="timestampReply" type="xsd:dateTime">
        <xsd:annotation>
          <xsd:documentation>Time reply was sent by CBSS.</xsd:documentation>
        </xsd:annotation>
      </xsd:element>
    </xsd:sequence>
  </xsd:complexType>
  <xsd:complexType name="InformationCustomerType">
    <xsd:annotation>
      <xsd:documentation>Information block that can be used by the customer for diagnostic use.</xsd:documentation>
    </xsd:annotation>
    <xsd:sequence>
      <xsd:element name="ticket" type="tns:TicketType" minOccurs="0">
        <xsd:annotation>
          <xsd:documentation>Client can assign their own ticket reference for the request. Not mandatory.</xsd:documentation>
        </xsd:annotation>
      </xsd:element>
      <xsd:element name="timestampSent" type="xsd:dateTime" minOccurs="0">
        <xsd:annotation>
          <xsd:documentation>Timestamp when client sent request.</xsd:documentation>
        </xsd:annotation>
      </xsd:element>
      <xsd:element name="customerIdentification" type="tns:OrganizationIdentificationType"/>
    </xsd:sequence>
  </xsd:complexType>
  <xsd:complexType name="InformationSupplierType">
    <xsd:annotation>
      <xsd:documentation>Information block for supplier of a service</xsd:documentation>
    </xsd:annotation>
    <xsd:sequence>
      <xsd:element name="ticket" type="tns:TicketType" minOccurs="0">
        <xsd:annotation>
          <xsd:documentation>UUID generated by Customer or Supplier</xsd:documentation>
        </xsd:annotation>
      </xsd:element>
      <xsd:element name="timestampReceive" type="xsd:dateTime" minOccurs="0">
        <xsd:annotation>
          <xsd:documentation>Time of request</xsd:documentation>
        </xsd:annotation>
      </xsd:element>
      <xsd:element name="timestampReply" type="xsd:dateTime" minOccurs="0">
        <xsd:annotation>
          <xsd:documentation>Time of request</xsd:documentation>
        </xsd:annotation>
      </xsd:element>
      <xsd:element name="supplierIdentification" type="tns:OrganizationIdentificationType"/>
    </xsd:sequence>
  </xsd:complexType>
  <xsd:complexType name="InformationNotificationCBSSType">
    <xsd:annotation>
      <xsd:documentation>Deprecated type. Use SenderReceiverType in new batch XSDs. Information block for CBSS info when CBSS notifies partner</xsd:documentation>
    </xsd:annotation>
    <xsd:sequence>
      <xsd:element name="ticketCBSS" type="tns:UUIDType">
        <xsd:annotation>
          <xsd:documentation>UUID generated by Customer or Supplier</xsd:documentation>
        </xsd:annotation>
      </xsd:element>
      <xsd:element name="timestampSent" type="xsd:dateTime">
        <xsd:annotation>
          <xsd:documentation>Time of request</xsd:documentation>
        </xsd:annotation>
      </xsd:element>
    </xsd:sequence>
  </xsd:complexType>
  <xsd:complexType name="InformationNotifiedType">
    <xsd:annotation>
      <xsd:documentation>Deprecated type. Use SenderReceiverType in new batch XSDs. Information block for partner info when CBSS notifies partner</xsd:documentation>
    </xsd:annotation>
    <xsd:sequence>
      <xsd:element name="ticket" type="tns:TicketType" minOccurs="0"/>
      <xsd:element name="timestampReply" type="xsd:dateTime" minOccurs="0"/>
      <xsd:element name="notifiedIdentification" type="tns:OrganizationIdentificationType"/>
    </xsd:sequence>
  </xsd:complexType>
  <xsd:complexType name="InformationCBSSBatchType">
    <xsd:annotation>
      <xsd:documentation>Deprecated type. Use SenderReceiverType in new batch XSDs</xsd:documentation>
    </xsd:annotation>
    <xsd:sequence>
      <xsd:element name="fileId" type="xsd:unsignedLong"/>
      <xsd:element name="fileCreationTimestamp" type="xsd:dateTime"/>
    </xsd:sequence>
  </xsd:complexType>
  <xsd:complexType name="SenderReceiverType">
    <xsd:annotation>
      <xsd:documentation>Information block containing info about the sender or receiver of a message.</xsd:documentation>
    </xsd:annotation>
    <xsd:sequence>
      <xsd:element name="ticket" type="tns:TicketType" minOccurs="0">
        <xsd:annotation>
          <xsd:documentation>The partner can assign a ticket reference to the message. Not mandatory.</xsd:documentation>
        </xsd:annotation>
      </xsd:element>
      <xsd:element name="timestampSent" type="xsd:dateTime" minOccurs="0">
        <xsd:annotation>
          <xsd:documentation>Timestamp when message was sent.</xsd:documentation>
        </xsd:annotation>
      </xsd:element>
      <xsd:element name="organizationIdentification" type="tns:OrganizationIdentificationType"/>
    </xsd:sequence>
  </xsd:complexType>
  <xsd:complexType name="OrganizationIdentificationType">
    <xsd:choice>
      <xsd:element name="cbeNumber" type="tns:CbeNumberType"/>
      <xsd:sequence>
        <xsd:element name="sector">
          <xsd:simpleType>
            <xsd:restriction base="xsd:unsignedShort">
              <xsd:maxInclusive value="999"/>
            </xsd:restriction>
          </xsd:simpleType>
        </xsd:element>
        <xsd:element name="institution">
          <xsd:simpleType>
            <xsd:restriction base="xsd:unsignedShort">
              <xsd:maxInclusive value="999"/>
            </xsd:restriction>
          </xsd:simpleType>
        </xsd:element>
      </xsd:sequence>
    </xsd:choice>
  </xsd:complexType>
  <xsd:complexType name="OpenPeriodType">
    <xsd:annotation>
      <xsd:documentation>Period containining a begin date and an optional end date.</xsd:documentation>
    </xsd:annotation>
    <xsd:sequence>
      <xsd:element name="beginDate" type="xsd:date"/>
      <xsd:element name="endDate" type="xsd:date" minOccurs="0"/>
    </xsd:sequence>
  </xsd:complexType>
  <xsd:complexType name="PeriodType">
    <xsd:annotation>
      <xsd:documentation>Period containining a begin date and an end date.</xsd:documentation>
    </xsd:annotation>
    <xsd:sequence>
      <xsd:element name="beginDate" type="xsd:date"/>
      <xsd:element name="endDate" type="xsd:date"/>
    </xsd:sequence>
  </xsd:complexType>
  <xsd:simpleType name="IncompleteDateType">
    <xsd:annotation>
      <xsd:documentation>A possibly incomplete date. Format yyyy-mm-dd, yyyy-mm-00 or yyyy-00-00</xsd:documentation>
    </xsd:annotation>
    <xsd:restriction base="xsd:string">
      <xsd:length value="10"/>
      <xsd:whiteSpace value="collapse"/>
      <xsd:pattern value="[0-2][0-9]{3}\-[0-1][0-9]\-[0-3][0-9]"/>
    </xsd:restriction>
  </xsd:simpleType>
  <xsd:simpleType name="DescriptionType">
    <xsd:restriction base="xsd:string">
      <xsd:maxLength value="100"/>
    </xsd:restriction>
  </xsd:simpleType>
  <xsd:simpleType name="LanguageType">
    <xsd:annotation>
      <xsd:documentation>Type specifying the language of a given value</xsd:documentation>
    </xsd:annotation>
    <xsd:restriction base="xsd:string">
      <xsd:enumeration value="NL"/>
      <xsd:enumeration value="FR"/>
      <xsd:enumeration value="DE"/>
    </xsd:restriction>
  </xsd:simpleType>
  <!--Errors and warnings structures-->
  <xsd:group name="BusinessAnomaliesContentFragment">
    <xsd:annotation>
      <xsd:documentation>Structure reporting business errors to the consumer</xsd:documentation>
    </xsd:annotation>
    <xsd:sequence>
      <xsd:element name="businessAnomalies" type="tns:BusinessAnomaliesType" minOccurs="0"/>
    </xsd:sequence>
  </xsd:group>
  <xsd:complexType name="BusinessAnomaliesType">
    <xsd:annotation>
      <xsd:documentation>Type defining the structure of the part of the response containing business Faults</xsd:documentation>
    </xsd:annotation>
    <xsd:sequence>
      <xsd:element name="businessAnomaly" type="tns:BusinessAnomalyType" maxOccurs="25"/>
    </xsd:sequence>
  </xsd:complexType>
  <xsd:complexType name="BusinessAnomalyType">
    <xsd:annotation>
      <xsd:documentation>Type defining the structure of one business Faults</xsd:documentation>
    </xsd:annotation>
    <xsd:sequence>
      <xsd:element name="code" type="xsd:string">
        <xsd:annotation>
          <xsd:documentation>Unique code referring to a description of this Fault</xsd:documentation>
        </xsd:annotation>
      </xsd:element>
      <xsd:element name="severity" type="tns:SeverityType"/>
      <xsd:element name="description">
        <xsd:annotation>
          <xsd:documentation>Some description of this Fault</xsd:documentation>
        </xsd:annotation>
        <xsd:simpleType>
          <xsd:restriction base="xsd:string">
            <xsd:maxLength value="256"/>
          </xsd:restriction>
        </xsd:simpleType>
      </xsd:element>
      <xsd:element name="information" type="tns:InformationType" minOccurs="0" maxOccurs="15"/>
    </xsd:sequence>
  </xsd:complexType>
  <xsd:complexType name="CBSSFaultType">
    <xsd:sequence>
      <xsd:element name="informationCustomer" type="tns:InformationCustomerType" minOccurs="0"/>
      <xsd:element name="informationCBSS" type="tns:InformationCBSSType"/>
      <xsd:element name="detail" type="tns:MessageType" maxOccurs="30"/>
    </xsd:sequence>
  </xsd:complexType>
  <xsd:complexType name="MessageType">
    <xsd:sequence>
      <xsd:element name="severity" type="tns:SeverityType"/>
      <xsd:element name="reasonCode">
        <xsd:simpleType>
          <xsd:restriction base="xsd:string">
            <xsd:maxLength value="16"/>
          </xsd:restriction>
        </xsd:simpleType>
      </xsd:element>
      <xsd:element name="diagnostic">
        <xsd:simpleType>
          <xsd:restriction base="xsd:string">
            <xsd:maxLength value="256"/>
          </xsd:restriction>
        </xsd:simpleType>
      </xsd:element>
      <xsd:element name="authorCode">
        <xsd:simpleType>
          <xsd:restriction base="xsd:string">
            <xsd:maxLength value="64"/>
          </xsd:restriction>
        </xsd:simpleType>
      </xsd:element>
      <xsd:element name="information" type="tns:InformationType" minOccurs="0" maxOccurs="15"/>
    </xsd:sequence>
  </xsd:complexType>
  <xsd:complexType name="InformationType">
    <xsd:sequence>
      <xsd:element name="fieldName">
        <xsd:simpleType>
          <xsd:restriction base="xsd:string">
            <xsd:maxLength value="64"/>
          </xsd:restriction>
        </xsd:simpleType>
      </xsd:element>
      <xsd:element name="fieldValue" minOccurs="0">
        <xsd:simpleType>
          <xsd:restriction base="xsd:string">
            <xsd:maxLength value="256"/>
          </xsd:restriction>
        </xsd:simpleType>
      </xsd:element>
    </xsd:sequence>
  </xsd:complexType>
  <!--Base types for most common request/response format for consultation type operations. Can be used to define request and response types with extension type inheritance. Don't use if it doesn't fit the requirements.-->
  <xsd:complexType name="BaseRequestType" abstract="true">
    <xsd:annotation>
      <xsd:documentation>Type defining the base structure for all service requests</xsd:documentation>
    </xsd:annotation>
    <xsd:sequence>
      <xsd:element name="informationCustomer" type="tns:InformationCustomerType"/>
      <xsd:element name="informationCBSS" type="tns:InformationCBSSType" minOccurs="0"/>
      <xsd:element name="legalContext" type="tns:LegalContextType">
        <xsd:annotation>
          <xsd:documentation>legal context under which the request was made</xsd:documentation>
        </xsd:annotation>
      </xsd:element>
    </xsd:sequence>
  </xsd:complexType>
  <xsd:complexType name="BaseResponseType" abstract="true">
    <xsd:annotation>
      <xsd:documentation>Type defining the base structure for all service responses</xsd:documentation>
    </xsd:annotation>
    <xsd:sequence>
      <xsd:element name="informationCustomer" type="tns:InformationCustomerType"/>
      <xsd:element name="informationCBSS" type="tns:InformationCBSSType"/>
      <xsd:element name="legalContext" type="tns:LegalContextType"/>
    </xsd:sequence>
  </xsd:complexType>
  <!--Commonly used status type for consultation type operations. Define another if it doesn't fit requirements.-->
  <xsd:complexType name="StatusType">
    <xsd:sequence>
      <xsd:element name="value">
        <xsd:annotation>
          <xsd:documentation>global status of the result</xsd:documentation>
        </xsd:annotation>
        <xsd:simpleType>
          <xsd:restriction base="xsd:string">
            <xsd:enumeration value="DATA_FOUND"/>
            <xsd:enumeration value="NO_DATA_FOUND"/>
            <xsd:enumeration value="NO_RESULT"/>
          </xsd:restriction>
        </xsd:simpleType>
      </xsd:element>
      <xsd:element name="code">
        <xsd:annotation>
          <xsd:documentation>the code of the status</xsd:documentation>
        </xsd:annotation>
        <xsd:simpleType>
          <xsd:restriction base="xsd:string">
            <xsd:maxLength value="16"/>
          </xsd:restriction>
        </xsd:simpleType>
      </xsd:element>
      <xsd:element name="description" minOccurs="0">
        <xsd:annotation>
          <xsd:documentation>the description of the status</xsd:documentation>
        </xsd:annotation>
        <xsd:simpleType>
          <xsd:restriction base="xsd:string">
            <xsd:maxLength value="256"/>
          </xsd:restriction>
        </xsd:simpleType>
      </xsd:element>
      <xsd:element name="information" type="tns:InformationType" minOccurs="0" maxOccurs="15"/>
    </xsd:sequence>
  </xsd:complexType>
  <xsd:simpleType name="EuroPositiveAmountType">
    <xsd:restriction base="xsd:decimal">
      <xsd:fractionDigits value="2"/>
      <xsd:maxExclusive value="1000000000000000"/>
    </xsd:restriction>
  </xsd:simpleType>
  <xsd:simpleType name="EuroAmountType">
    <xsd:restriction base="xsd:decimal">
      <xsd:fractionDigits value="2"/>
      <xsd:maxExclusive value="1000000000000000"/>
      <xsd:minExclusive value="-1000000000000000"/>
    </xsd:restriction>
  </xsd:simpleType>
  <xsd:simpleType name="EurocentPositiveAmountType">
    <xsd:restriction base="xsd:unsignedLong">
      <xsd:maxExclusive value="100000000000000000"/>
    </xsd:restriction>
  </xsd:simpleType>
  <xsd:simpleType name="EurocentAmountType">
    <xsd:restriction base="xsd:long">
      <xsd:minExclusive value="-100000000000000000"/>
      <xsd:maxExclusive value="100000000000000000"/>
    </xsd:restriction>
  </xsd:simpleType>
</xsd:schema>]]></con:content><con:type>http://www.w3.org/2001/XMLSchema</con:type></con:part><con:part><con:url>file:/home/stijn/git/Fidus/personservice/PersonServiceRegistry/wsdl/personService/1.0.0/person/legaldata/BaseLegalDataV3.xsd</con:url><con:content><![CDATA[<!--edited with XMLSpy v2008 rel. 2 sp2 (http://www.altova.com) by USER (KSZ-BCSS)-->
<!--====================================================================================================================================
	* File Name				: BaseLegalDataV3.xsd
	* Author					: Johan Kumps
	* Owner					: Crossroad Bank for Social Security (CBSS)
	* Domain					: CBSS Registries Public Services
	* Creation Date			: 31-05-2010
	* Description				: This XML schema document contains a set of XML types and content model fragments used to model legal person data within the CBSS domain. 
	* Status					: 
	* Current Version		: 3.2
	* Revision History		: 09-03-2011  	ForeignAddressContentFragment now contains an optional foreignCityCode element.
    *														ForeignLocationContentFragment now contains an optional foreignCityCode element.
	*														ForeignAddressRequestContentFragment now contains an optional foreignCityCode element.
	*														ForeignLocationRequestContentFragment now contains an optional foreignCityCode element.
	*														AddressContentFragment/number + length 10 constraint
	*														AddressContentFragment/boxNumber + length 10 constraint
	*														CivilStateInfoContentFragment/civilStateCode length constraint 5 changed to 2 (Leading to incompatible change)
	*														NisCodeType + length 5 constraint (Leading to incompatible change)
	*														NobilityTitleContenctFragment added
	*														BirthInfoContentFragment extended with ActContentFragment
	*														ForeignLocationContentFragment added to CivilStateInfoContentFragment
	*														ForeignLocationContentFragment. length constraint 3 changed to 5
	*														foreignCityCode length constraint 10 changed to 5
	*														foreignCityName length constraint 50 changed to 100
	*														Refactored RegisterType to PersonType
	*														Refactored to use common:SSINType
	*														Removed SSINType
	*														GenderCode refactored from String1Type to GenderType
	*														Refactored to use common:IncompleteDateType
	*														Removed IncompleteDateType
	*														FamilyMember information removed
	*									25-10-2011	Refactored PersonType to PersonClassType
	*														Refactored person type to person class element
	*														Refactored firstname to givenName
	*									16-02-2012	New major version
	*									16-03-2012	Added a content fragment for temporary address
	*														Created AddressClassType
	*														DescriptionType in CommonV3 changed, no language anymore: added specific DescriptionType here with optional language
	*														Using CommonV3 DescriptionType for civilstate and nobilitytitle (adding a size constraint of 100)
	*									04-04-2012	Removed class attribute from address types
	*														Added new structure for diplomatic addresses and posts
	*									07-09-2012	Codes in LegalData now possible in three languages
	*												Removed act from BirthInfo 
	*									01-10-2012	gender in request renamed to genderCode
	*														Changed type for inceptionDate elements: now xsd:date
	*									08-11-2012	name/name in request and response renamed to name/lastName
	*									28-01-2013	New minor version 3.1
	*														Added optional diplomaticPostName
	*														Added switch for partnerSsin with new element partnerReference
	*														Added AdministratorContentFragment
	*									08-04-2014	New minor version 3.2:
	*														Added BirthActContentFragment and BirthActTypeCode
	*														Added birthAct to BirthInfoContentFragment
	*														Added LegalCohabitationGroup, SubregisterGroup, AbsenceGroup, FiliationGroup
	*														Added BirthGroup, DeceaseGroup, CivilStateGroup and NationalityGroup for consultation per datagroup
	*									08-10-2014	Added expiration details for LegalCohabitation
	*									08-10-2014	Extracted partner type from Civilstate and also used it in LegalCohabitation
	*									04-02-2015	Created DiplomaticAddressHistoryContentFragment with multiple postaddresses to use in ResidentialAddressHistoryContentFragment
	*									10-02-2015	Created PlainAddressHistoryType to reflect expiry dates for diplomatic addresses and post addresses
====================================================================================================================================-->
<xsd:schema targetNamespace="http://kszbcss.fgov.be/types/legaldata/v3" elementFormDefault="unqualified" attributeFormDefault="unqualified" version="3.3.1" xmlns:common="http://kszbcss.fgov.be/types/common/v3" xmlns:tns="http://kszbcss.fgov.be/types/legaldata/v3" xmlns:xsd="http://www.w3.org/2001/XMLSchema">
  <xsd:import namespace="http://kszbcss.fgov.be/types/common/v3" schemaLocation="../common/CommonV3.xsd"/>
  <!--Response content fragments-->
  <xsd:group name="NameInfoContentFragment">
    <xsd:annotation>
      <xsd:documentation>Model fragment describing the NameInfo part of the person information</xsd:documentation>
    </xsd:annotation>
    <xsd:sequence>
      <xsd:element name="lastName">
        <xsd:simpleType>
          <xsd:restriction base="xsd:string">
            <xsd:minLength value="1"/>
            <xsd:maxLength value="48"/>
          </xsd:restriction>
        </xsd:simpleType>
      </xsd:element>
      <xsd:element name="givenName" type="tns:GivenNameType" minOccurs="0" maxOccurs="3"/>
      <xsd:element name="inceptionDate" type="xsd:date" minOccurs="0"/>
    </xsd:sequence>
  </xsd:group>
  <xsd:group name="NationalityInfoContentFragment">
    <xsd:annotation>
      <xsd:documentation>Model fragment describing the NationalityInfo part of the person information</xsd:documentation>
    </xsd:annotation>
    <xsd:sequence>
      <xsd:element name="nationalityCode">
        <xsd:simpleType>
          <xsd:restriction base="xsd:unsignedShort">
            <xsd:minInclusive value="0"/>
            <xsd:maxInclusive value="999"/>
          </xsd:restriction>
        </xsd:simpleType>
      </xsd:element>
      <xsd:element name="nationalityDescription" type="tns:DescriptionType" minOccurs="0" maxOccurs="3"/>
      <xsd:element name="inceptionDate" type="xsd:date" minOccurs="0"/>
    </xsd:sequence>
  </xsd:group>
  <xsd:group name="BirthInfoContentFragment">
    <xsd:annotation>
      <xsd:documentation>Model fragment describing the BirthInfo part of the person information</xsd:documentation>
    </xsd:annotation>
    <xsd:sequence>
      <xsd:element name="birthDate" type="common:IncompleteDateType"/>
      <xsd:element name="birthPlace" type="tns:LocationType" minOccurs="0"/>
    </xsd:sequence>
  </xsd:group>
  <xsd:group name="DeceaseInfoContentFragment">
    <xsd:annotation>
      <xsd:documentation>Model fragment describing the DeceaseInfo part of the person information</xsd:documentation>
    </xsd:annotation>
    <xsd:sequence>
      <xsd:element name="deceaseDate" type="common:IncompleteDateType"/>
      <xsd:element name="deceasePlace" type="tns:LocationType" minOccurs="0"/>
    </xsd:sequence>
  </xsd:group>
  <xsd:group name="GenderInfoContentFragment">
    <xsd:annotation>
      <xsd:documentation>Model fragment describing the GenderInfo part of the person information</xsd:documentation>
    </xsd:annotation>
    <xsd:sequence>
      <xsd:element name="genderCode" type="tns:GenderCodeType"/>
      <xsd:element name="inceptionDate" type="xsd:date" minOccurs="0"/>
    </xsd:sequence>
  </xsd:group>
  <xsd:group name="CivilStateInfoContentFragment">
    <xsd:annotation>
      <xsd:documentation>Model fragment describing the CivilStateInfo part of the person information</xsd:documentation>
    </xsd:annotation>
    <xsd:sequence>
      <xsd:element name="civilStateCode" type="tns:CivilstateCodeType"/>
      <xsd:element name="civilStateDescription" type="tns:DescriptionType" minOccurs="0" maxOccurs="3"/>
      <xsd:element name="partner" type="tns:PartnerType" minOccurs="0"/>
      <xsd:element name="location" type="tns:LocationType" minOccurs="0">
        <xsd:annotation>
          <xsd:documentation>Place where civil state was registered.</xsd:documentation>
        </xsd:annotation>
      </xsd:element>
      <xsd:element name="inceptionDate" type="xsd:date" minOccurs="0"/>
    </xsd:sequence>
  </xsd:group>
  <xsd:group name="SisOrIsiContentFragment">
    <xsd:annotation>
      <xsd:documentation>Model fragment describing the social identification part of the person information</xsd:documentation>
    </xsd:annotation>
    <xsd:sequence>
      <xsd:element name="hasSocialIdentificationCard" type="xsd:boolean"/>
    </xsd:sequence>
  </xsd:group>
  <!--Request content fragments-->
  <xsd:group name="NameInfoRequestContentFragment">
    <xsd:annotation>
      <xsd:documentation>Model fragment describing the NameInfo part of the person information to be provided by the customer</xsd:documentation>
    </xsd:annotation>
    <xsd:sequence>
      <xsd:element name="lastName">
        <xsd:simpleType>
          <xsd:restriction base="xsd:string">
            <xsd:minLength value="1"/>
            <xsd:maxLength value="48"/>
          </xsd:restriction>
        </xsd:simpleType>
      </xsd:element>
      <xsd:element name="givenName" type="tns:GivenNameType" minOccurs="0" maxOccurs="3"/>
      <xsd:element name="inceptionDate" type="xsd:date"/>
    </xsd:sequence>
  </xsd:group>
  <xsd:group name="NationalityInfoRequestContentFragment">
    <xsd:annotation>
      <xsd:documentation>Model fragment describing the NationalityInfo part of the person information to be provided by the customer</xsd:documentation>
    </xsd:annotation>
    <xsd:sequence>
      <xsd:element name="nationalityCode">
        <xsd:simpleType>
          <xsd:restriction base="xsd:string">
            <xsd:minLength value="1"/>
            <xsd:maxLength value="3"/>
          </xsd:restriction>
        </xsd:simpleType>
      </xsd:element>
      <xsd:element name="inceptionDate" type="xsd:date"/>
      <xsd:element name="expiryDate" type="xsd:date" minOccurs="0"/>
    </xsd:sequence>
  </xsd:group>
  <xsd:group name="BirthInfoRequestContentFragment">
    <xsd:annotation>
      <xsd:documentation>Model fragment describing the BirthInfo part of the person information to be provided by the customer</xsd:documentation>
    </xsd:annotation>
    <xsd:sequence>
      <xsd:element name="birthDate" type="common:IncompleteDateType"/>
      <xsd:element name="birthPlace" type="tns:LocationType" minOccurs="0"/>
    </xsd:sequence>
  </xsd:group>
  <xsd:group name="DeceaseInfoRequestContentFragment">
    <xsd:annotation>
      <xsd:documentation>Model fragment describing the DeceaseInfo part of the person information to be provided by the customer</xsd:documentation>
    </xsd:annotation>
    <xsd:sequence>
      <xsd:element name="deceaseDate" type="common:IncompleteDateType"/>
      <xsd:element name="deceasePlace" type="tns:LocationType" minOccurs="0"/>
    </xsd:sequence>
  </xsd:group>
  <xsd:group name="GenderInfoRequestContentFragment">
    <xsd:annotation>
      <xsd:documentation>Model fragment describing the GenderInfo part of the person information to be provided by the customer</xsd:documentation>
    </xsd:annotation>
    <xsd:sequence>
      <xsd:element name="genderCode" type="tns:GenderCodeType"/>
      <xsd:element name="inceptionDate" type="xsd:date"/>
    </xsd:sequence>
  </xsd:group>
  <xsd:group name="CivilStateInfoRequestContentFragment">
    <xsd:annotation>
      <xsd:documentation>Model fragment describing the CivilStateInfo part of the person information to be provided by the customer</xsd:documentation>
    </xsd:annotation>
    <xsd:sequence>
      <xsd:element name="civilStateCode" type="tns:CivilstateCodeType"/>
      <xsd:element name="partnerSsin" type="common:SsinType" minOccurs="0"/>
      <xsd:element name="location" type="tns:LocationType" minOccurs="0"/>
      <xsd:element name="inceptionDate" type="xsd:date"/>
      <xsd:element name="expiryDate" type="xsd:date" minOccurs="0"/>
    </xsd:sequence>
  </xsd:group>
  <!--General content fragments-->
  <xsd:group name="NobilityTitleContentFragment">
    <xsd:annotation>
      <xsd:documentation>Type describing the nobility title of a person.</xsd:documentation>
    </xsd:annotation>
    <xsd:sequence>
      <xsd:element name="nobilityTitleCode">
        <xsd:simpleType>
          <xsd:restriction base="xsd:string">
            <xsd:minLength value="1"/>
            <xsd:maxLength value="2"/>
          </xsd:restriction>
        </xsd:simpleType>
      </xsd:element>
      <xsd:element name="nobilityTitleDescription" type="tns:DescriptionType" minOccurs="0" maxOccurs="3"/>
    </xsd:sequence>
  </xsd:group>
  <xsd:group name="ResidentialAddressContentFragment">
    <xsd:sequence>
      <xsd:choice>
        <xsd:element name="residentialAddress" type="tns:AddressType">
          <xsd:annotation>
            <xsd:documentation>Element containing all information comprised in the residential address datagroup of the found person</xsd:documentation>
          </xsd:annotation>
        </xsd:element>
        <xsd:group ref="tns:DiplomaticAddressContentFragment"/>
      </xsd:choice>
    </xsd:sequence>
  </xsd:group>
  <xsd:group name="ResidentialAddressHistoryContentFragment">
    <xsd:sequence>
      <xsd:choice>
        <xsd:element name="residentialAddress" type="tns:AddressHistoryType">
          <xsd:annotation>
            <xsd:documentation>Element containing all information comprised in the residential address datagroup of the found person</xsd:documentation>
          </xsd:annotation>
        </xsd:element>
        <xsd:group ref="tns:DiplomaticAddressHistoryContentFragment"/>
      </xsd:choice>
    </xsd:sequence>
  </xsd:group>
  <xsd:group name="AdministratorContentFragment">
    <xsd:annotation>
      <xsd:documentation>Information only available from the NR</xsd:documentation>
    </xsd:annotation>
    <xsd:sequence>
      <xsd:choice>
        <xsd:element name="location" type="tns:LocationType"/>
        <xsd:element name="specialNotion" type="tns:SpecialNotionType"/>
      </xsd:choice>
      <xsd:element name="inceptionDate" type="xsd:date" minOccurs="0"/>
    </xsd:sequence>
  </xsd:group>
  <xsd:group name="DiplomaticAddressContentFragment">
    <xsd:sequence>
      <xsd:element name="diplomaticPost" type="tns:DiplomaticPostType">
        <xsd:annotation>
          <xsd:documentation>Diplomatic post responsible for the diplomatic address.</xsd:documentation>
        </xsd:annotation>
      </xsd:element>
      <xsd:element name="diplomaticAddress" type="tns:PlainAddressType">
        <xsd:annotation>
          <xsd:documentation>Diplomatic address of the found person</xsd:documentation>
        </xsd:annotation>
      </xsd:element>
      <xsd:element name="postAddress" type="tns:PlainAddressType" minOccurs="0">
        <xsd:annotation>
          <xsd:documentation>An optional post address of the found person.</xsd:documentation>
        </xsd:annotation>
      </xsd:element>
    </xsd:sequence>
  </xsd:group>
  <xsd:group name="DiplomaticAddressHistoryContentFragment">
    <xsd:sequence>
      <xsd:element name="diplomaticPost" type="tns:DiplomaticPostType">
        <xsd:annotation>
          <xsd:documentation>Diplomatic post responsible for the diplomatic address.</xsd:documentation>
        </xsd:annotation>
      </xsd:element>
      <xsd:element name="diplomaticAddress" type="tns:PlainAddressHistoryType">
        <xsd:annotation>
          <xsd:documentation>Diplomatic address of the found person</xsd:documentation>
        </xsd:annotation>
      </xsd:element>
      <xsd:element name="postAddress" type="tns:PlainAddressHistoryType" minOccurs="0" maxOccurs="10">
        <xsd:annotation>
          <xsd:documentation>An optional list of post address of the found person.</xsd:documentation>
        </xsd:annotation>
      </xsd:element>
    </xsd:sequence>
  </xsd:group>
  <xsd:group name="TemporaryAddressContentFragment">
    <xsd:sequence>
      <xsd:element name="temporaryAddress" type="tns:PlainAddressType" minOccurs="0"/>
    </xsd:sequence>
  </xsd:group>
  <!--Datagroup content fragments-->
  <xsd:group name="SubregisterGroup">
    <xsd:annotation>
      <xsd:documentation>Information only available from the NR</xsd:documentation>
    </xsd:annotation>
    <xsd:sequence>
      <xsd:element name="subregisterCode" type="tns:NRSubregisterCodeType"/>
      <xsd:element name="subregisterDescription" type="tns:DescriptionType" minOccurs="0" maxOccurs="3"/>
      <xsd:element name="inceptionDate" type="xsd:date" minOccurs="0"/>
    </xsd:sequence>
  </xsd:group>
  <xsd:group name="LegalCohabitationGroup">
    <xsd:annotation>
      <xsd:documentation>Information only available from the NR</xsd:documentation>
    </xsd:annotation>
    <xsd:sequence>
      <xsd:element name="partner" type="tns:PartnerType"/>
      <xsd:element name="registration">
        <xsd:complexType>
          <xsd:sequence>
            <xsd:element name="registrationDate" type="xsd:date"/>
            <xsd:element name="location" type="tns:LocationType">
              <xsd:annotation>
                <xsd:documentation>Place where civil state was registered.</xsd:documentation>
              </xsd:annotation>
            </xsd:element>
            <xsd:element name="registrationBailiff" minOccurs="0">
              <xsd:complexType>
                <xsd:sequence>
                  <xsd:element name="bailiffName">
                    <xsd:simpleType>
                      <xsd:restriction base="xsd:string">
                        <xsd:minLength value="1"/>
                        <xsd:maxLength value="48"/>
                      </xsd:restriction>
                    </xsd:simpleType>
                  </xsd:element>
                  <xsd:element name="location" type="tns:LocationType" minOccurs="0">
                    <xsd:annotation>
                      <xsd:documentation>Place where civil state was registered.</xsd:documentation>
                    </xsd:annotation>
                  </xsd:element>
                </xsd:sequence>
              </xsd:complexType>
            </xsd:element>
          </xsd:sequence>
        </xsd:complexType>
      </xsd:element>
      <xsd:element name="inceptionDate" type="xsd:date" minOccurs="0"/>
    </xsd:sequence>
  </xsd:group>
  <xsd:group name="LegalCohabitationExpirationGroup">
    <xsd:sequence>
      <xsd:element name="expiryDate" type="xsd:date"/>
      <xsd:element name="reasonCode">
        <xsd:simpleType>
          <xsd:restriction base="xsd:unsignedShort">
            <xsd:minInclusive value="0"/>
            <xsd:maxInclusive value="99"/>
          </xsd:restriction>
        </xsd:simpleType>
      </xsd:element>
      <xsd:element name="reasonDescription" type="tns:DescriptionType" minOccurs="0" maxOccurs="3"/>
      <xsd:element name="location" type="tns:LocationType"/>
      <xsd:element name="notificationDate" type="xsd:date" minOccurs="0"/>
    </xsd:sequence>
  </xsd:group>
  <xsd:group name="FiliationGroup">
    <xsd:annotation>
      <xsd:documentation>Information only available from the NR</xsd:documentation>
    </xsd:annotation>
    <xsd:sequence>
      <xsd:element name="filiationCode" type="tns:FiliationCodeType"/>
      <xsd:element name="filiationDescription" type="common:DescriptionType" minOccurs="0"/>
      <xsd:element name="parent" minOccurs="0" maxOccurs="2">
        <xsd:complexType>
          <xsd:complexContent>
            <xsd:extension base="tns:ParentType">
              <xsd:attribute name="sequence" use="required">
                <xsd:simpleType>
                  <xsd:restriction base="xsd:unsignedShort">
                    <xsd:maxInclusive value="3"/>
                  </xsd:restriction>
                </xsd:simpleType>
              </xsd:attribute>
            </xsd:extension>
          </xsd:complexContent>
        </xsd:complexType>
      </xsd:element>
      <xsd:element name="actNumber" minOccurs="0">
        <xsd:simpleType>
          <xsd:restriction base="xsd:string">
            <xsd:minLength value="1"/>
            <xsd:maxLength value="48"/>
          </xsd:restriction>
        </xsd:simpleType>
      </xsd:element>
      <xsd:element name="location" type="tns:LocationType" minOccurs="0"/>
      <xsd:element name="inceptionDate" type="xsd:date" minOccurs="0"/>
    </xsd:sequence>
  </xsd:group>
  <xsd:group name="AbsenceGroup">
    <xsd:annotation>
      <xsd:documentation>Information only available from the NR</xsd:documentation>
    </xsd:annotation>
    <xsd:sequence>
      <xsd:element name="absenceCode" type="tns:AbsenceCodeType"/>
      <xsd:element name="inceptionDate" type="xsd:date" minOccurs="0"/>
    </xsd:sequence>
  </xsd:group>
  <xsd:group name="BirthGroup">
    <xsd:annotation>
      <xsd:documentation>Model fragment describing the BirthInfo information as a separate entity</xsd:documentation>
    </xsd:annotation>
    <xsd:sequence>
      <xsd:element name="birthDate" type="common:IncompleteDateType"/>
      <xsd:element name="birthPlace" type="tns:LocationType" minOccurs="0"/>
      <xsd:element name="actType" type="tns:ActType" minOccurs="0"/>
    </xsd:sequence>
  </xsd:group>
  <xsd:group name="DeceaseGroup">
    <xsd:annotation>
      <xsd:documentation>Model describing the DeceaseInfo information as a separate entity</xsd:documentation>
    </xsd:annotation>
    <xsd:sequence>
      <xsd:element name="deceaseDate" type="common:IncompleteDateType"/>
      <xsd:element name="deceasePlace" type="tns:LocationType" minOccurs="0"/>
      <xsd:element name="actType" type="tns:ActType" minOccurs="0"/>
    </xsd:sequence>
  </xsd:group>
  <xsd:group name="CivilStateGroup">
    <xsd:annotation>
      <xsd:documentation>Model describing the CivilState information as a separate entity</xsd:documentation>
    </xsd:annotation>
    <xsd:sequence>
      <xsd:element name="civilStateCode" type="tns:CivilstateCodeType"/>
      <xsd:element name="civilStateDescription" type="tns:DescriptionType" minOccurs="0" maxOccurs="3"/>
      <xsd:element name="partner" minOccurs="0">
        <xsd:complexType>
          <xsd:sequence>
            <xsd:choice minOccurs="0">
              <xsd:element name="partnerSsin" type="common:SsinType"/>
              <xsd:element name="partnerReference">
                <xsd:simpleType>
                  <xsd:restriction base="xsd:string">
                    <xsd:maxLength value="11"/>
                    <xsd:minLength value="1"/>
                  </xsd:restriction>
                </xsd:simpleType>
              </xsd:element>
            </xsd:choice>
            <xsd:element name="partnerBirthDate" type="common:IncompleteDateType" minOccurs="0"/>
            <xsd:element name="partnerName" minOccurs="0">
              <xsd:complexType>
                <xsd:sequence>
                  <xsd:group ref="tns:NameInfoContentFragment"/>
                </xsd:sequence>
              </xsd:complexType>
            </xsd:element>
          </xsd:sequence>
        </xsd:complexType>
      </xsd:element>
      <xsd:element name="location" type="tns:LocationType" minOccurs="0">
        <xsd:annotation>
          <xsd:documentation>Place where civil state was registered.</xsd:documentation>
        </xsd:annotation>
      </xsd:element>
      <xsd:element name="actNumber" minOccurs="0">
        <xsd:simpleType>
          <xsd:restriction base="xsd:string">
            <xsd:maxLength value="100"/>
          </xsd:restriction>
        </xsd:simpleType>
      </xsd:element>
      <xsd:element name="inceptionDate" type="xsd:date" minOccurs="0"/>
    </xsd:sequence>
  </xsd:group>
  <xsd:group name="NationalityGroup">
    <xsd:annotation>
      <xsd:documentation>Model describing the NationalityInfo as a separate entity</xsd:documentation>
    </xsd:annotation>
    <xsd:sequence>
      <xsd:element name="nationalityCode">
        <xsd:simpleType>
          <xsd:restriction base="xsd:unsignedShort">
            <xsd:minInclusive value="0"/>
            <xsd:maxInclusive value="999"/>
          </xsd:restriction>
        </xsd:simpleType>
      </xsd:element>
      <xsd:element name="nationalityDescription" type="tns:DescriptionType" minOccurs="0" maxOccurs="3"/>
      <xsd:element name="justification" minOccurs="0">
        <xsd:complexType>
          <xsd:sequence>
            <xsd:element name="justificationCode">
              <xsd:simpleType>
                <xsd:restriction base="xsd:unsignedShort">
                  <xsd:minInclusive value="0"/>
                  <xsd:maxInclusive value="999"/>
                </xsd:restriction>
              </xsd:simpleType>
            </xsd:element>
            <xsd:element name="justificationDescription" type="tns:DescriptionType" minOccurs="0" maxOccurs="3"/>
          </xsd:sequence>
        </xsd:complexType>
      </xsd:element>
      <xsd:element name="inceptionDate" type="xsd:date" minOccurs="0"/>
    </xsd:sequence>
  </xsd:group>
  <!--Types-->
  <xsd:simpleType name="GenderCodeType">
    <xsd:restriction base="xsd:string">
      <xsd:enumeration value="M"/>
      <xsd:enumeration value="F"/>
    </xsd:restriction>
  </xsd:simpleType>
  <xsd:simpleType name="CivilstateCodeType">
    <xsd:restriction base="xsd:unsignedShort">
      <xsd:minInclusive value="0"/>
      <xsd:maxInclusive value="99"/>
    </xsd:restriction>
  </xsd:simpleType>
  <xsd:simpleType name="PersonRegisterType">
    <xsd:annotation>
      <xsd:documentation>Type specifying the register which is the authentic source of the legal data of a person.</xsd:documentation>
    </xsd:annotation>
    <xsd:restriction base="xsd:string">
      <xsd:enumeration value="RR"/>
      <xsd:enumeration value="BIS"/>
      <xsd:enumeration value="RAD"/>
    </xsd:restriction>
  </xsd:simpleType>
  <xsd:simpleType name="NRSubregisterCodeType">
    <xsd:annotation>
      <xsd:documentation>Code specifying the subregister of the National Registry in which the person can be found</xsd:documentation>
    </xsd:annotation>
    <xsd:restriction base="xsd:unsignedShort">
      <xsd:minInclusive value="0"/>
      <xsd:maxInclusive value="99"/>
    </xsd:restriction>
  </xsd:simpleType>
  <xsd:simpleType name="SourceType">
    <xsd:annotation>
      <xsd:documentation>Type specifying the register which is the authentic source of the legal data of a person.</xsd:documentation>
    </xsd:annotation>
    <xsd:restriction base="xsd:string">
      <xsd:enumeration value="NR"/>
      <xsd:enumeration value="CBSS"/>
      <xsd:enumeration value="BOTH"/>
    </xsd:restriction>
  </xsd:simpleType>
  <xsd:simpleType name="ActCodeType">
    <xsd:restriction base="xsd:unsignedShort">
      <xsd:minInclusive value="0"/>
      <xsd:maxInclusive value="99"/>
    </xsd:restriction>
  </xsd:simpleType>
  <xsd:simpleType name="FiliationCodeType">
    <xsd:restriction base="xsd:unsignedShort">
      <xsd:minInclusive value="0"/>
      <xsd:maxInclusive value="99"/>
    </xsd:restriction>
  </xsd:simpleType>
  <xsd:simpleType name="GivenNameValueType">
    <xsd:restriction base="xsd:string">
      <xsd:minLength value="1"/>
      <xsd:maxLength value="48"/>
    </xsd:restriction>
  </xsd:simpleType>
  <xsd:complexType name="GivenNameType">
    <xsd:simpleContent>
      <xsd:extension base="tns:GivenNameValueType">
        <xsd:attribute name="sequence" use="required">
          <xsd:simpleType>
            <xsd:restriction base="xsd:unsignedShort">
              <xsd:maxInclusive value="3"/>
            </xsd:restriction>
          </xsd:simpleType>
        </xsd:attribute>
      </xsd:extension>
    </xsd:simpleContent>
  </xsd:complexType>
  <xsd:complexType name="PartnerType">
    <xsd:sequence>
      <xsd:choice minOccurs="0">
        <xsd:element name="partnerSsin" type="common:SsinType"/>
        <xsd:element name="partnerReference">
          <xsd:simpleType>
            <xsd:restriction base="xsd:string">
              <xsd:maxLength value="11"/>
              <xsd:minLength value="1"/>
            </xsd:restriction>
          </xsd:simpleType>
        </xsd:element>
      </xsd:choice>
      <xsd:element name="partnerBirthDate" type="common:IncompleteDateType" minOccurs="0"/>
      <xsd:element name="partnerName" minOccurs="0">
        <xsd:complexType>
          <xsd:sequence>
            <xsd:group ref="tns:NameInfoContentFragment"/>
          </xsd:sequence>
        </xsd:complexType>
      </xsd:element>
    </xsd:sequence>
  </xsd:complexType>
  <xsd:complexType name="ParentType">
    <xsd:sequence>
      <xsd:choice minOccurs="0">
        <xsd:element name="parentSsin" type="common:SsinType"/>
        <xsd:element name="parentReference">
          <xsd:simpleType>
            <xsd:restriction base="xsd:string">
              <xsd:maxLength value="11"/>
              <xsd:minLength value="1"/>
            </xsd:restriction>
          </xsd:simpleType>
        </xsd:element>
      </xsd:choice>
      <xsd:element name="parentBirthDate" type="common:IncompleteDateType" minOccurs="0"/>
      <xsd:element name="parentGender" type="tns:GenderCodeType" minOccurs="0"/>
      <xsd:element name="parentName" minOccurs="0">
        <xsd:complexType>
          <xsd:sequence>
            <xsd:group ref="tns:NameInfoContentFragment"/>
          </xsd:sequence>
        </xsd:complexType>
      </xsd:element>
    </xsd:sequence>
  </xsd:complexType>
  <xsd:complexType name="LocationType">
    <xsd:annotation>
      <xsd:documentation>Type describing a Belgian location (BelgianMunicipality). Can be used as a birthplace or decease place.</xsd:documentation>
    </xsd:annotation>
    <xsd:sequence>
      <xsd:element name="countryCode" type="tns:CountryCodeType"/>
      <xsd:element name="countryName" type="tns:DescriptionType" minOccurs="0" maxOccurs="3"/>
      <xsd:element name="cityCode" minOccurs="0">
        <xsd:simpleType>
          <xsd:restriction base="xsd:string">
            <xsd:minLength value="1"/>
            <xsd:maxLength value="5"/>
          </xsd:restriction>
        </xsd:simpleType>
      </xsd:element>
      <xsd:element name="cityName" type="tns:DescriptionType" minOccurs="0" maxOccurs="3"/>
    </xsd:sequence>
  </xsd:complexType>
  <xsd:complexType name="ActType">
    <xsd:sequence>
      <xsd:element name="actTypeCode" type="tns:ActCodeType"/>
      <xsd:element name="actTypeDescription" type="tns:DescriptionType" minOccurs="0" maxOccurs="3"/>
    </xsd:sequence>
  </xsd:complexType>
  <xsd:complexType name="SpecialNotionType">
    <xsd:annotation>
      <xsd:documentation>Container for special NIS codes occurring in the information type 001</xsd:documentation>
    </xsd:annotation>
    <xsd:sequence>
      <xsd:element name="specialNotionCode">
        <xsd:simpleType>
          <xsd:restriction base="xsd:string">
            <xsd:minLength value="1"/>
            <xsd:maxLength value="5"/>
          </xsd:restriction>
        </xsd:simpleType>
      </xsd:element>
      <xsd:element name="specialNotionName" type="tns:DescriptionType" minOccurs="0" maxOccurs="3"/>
    </xsd:sequence>
  </xsd:complexType>
  <xsd:simpleType name="PostalCodeType">
    <xsd:restriction base="xsd:string">
      <xsd:minLength value="1"/>
      <xsd:maxLength value="15"/>
    </xsd:restriction>
  </xsd:simpleType>
  <xsd:simpleType name="StreetCodeType">
    <xsd:restriction base="xsd:string">
      <xsd:minLength value="1"/>
      <xsd:maxLength value="4"/>
    </xsd:restriction>
  </xsd:simpleType>
  <xsd:simpleType name="HouseNumberType">
    <xsd:restriction base="xsd:string">
      <xsd:minLength value="1"/>
      <xsd:maxLength value="10"/>
    </xsd:restriction>
  </xsd:simpleType>
  <xsd:simpleType name="HouseIndexType">
    <xsd:restriction base="xsd:string">
      <xsd:minLength value="1"/>
      <xsd:maxLength value="4"/>
    </xsd:restriction>
  </xsd:simpleType>
  <xsd:simpleType name="BoxNumberType">
    <xsd:restriction base="xsd:string">
      <xsd:minLength value="1"/>
      <xsd:maxLength value="10"/>
    </xsd:restriction>
  </xsd:simpleType>
  <xsd:complexType name="PlainAddressType">
    <xsd:sequence>
      <xsd:element name="countryCode" type="tns:CountryCodeType">
        <xsd:annotation>
          <xsd:documentation>the country of this address</xsd:documentation>
        </xsd:annotation>
      </xsd:element>
      <xsd:element name="countryName" type="tns:DescriptionType" minOccurs="0" maxOccurs="3"/>
      <xsd:element name="address" minOccurs="0">
        <xsd:annotation>
          <xsd:documentation>the actual address, in unformatted form</xsd:documentation>
        </xsd:annotation>
        <xsd:simpleType>
          <xsd:restriction base="xsd:string">
            <xsd:minLength value="1"/>
            <xsd:maxLength value="100"/>
          </xsd:restriction>
        </xsd:simpleType>
      </xsd:element>
      <xsd:element name="inceptionDate" type="xsd:date" minOccurs="0"/>
    </xsd:sequence>
  </xsd:complexType>
  <xsd:complexType name="PlainAddressHistoryType">
    <xsd:complexContent>
      <xsd:extension base="tns:PlainAddressType">
        <xsd:sequence>
          <xsd:element name="expiryDate" type="xsd:date" minOccurs="0"/>
        </xsd:sequence>
      </xsd:extension>
    </xsd:complexContent>
  </xsd:complexType>
  <xsd:complexType name="AddressType">
    <xsd:sequence>
      <xsd:element name="countryCode" type="tns:CountryCodeType"/>
      <xsd:element name="countryName" type="tns:DescriptionType" minOccurs="0" maxOccurs="3"/>
      <xsd:element name="cityCode" type="tns:CityCodeType" minOccurs="0"/>
      <xsd:element name="cityName" type="tns:DescriptionType" minOccurs="0" maxOccurs="3"/>
      <xsd:element name="postalCode" type="tns:PostalCodeType" minOccurs="0"/>
      <xsd:element name="streetCode" type="tns:StreetCodeType" minOccurs="0"/>
      <xsd:element name="streetName" type="tns:DescriptionType" minOccurs="0" maxOccurs="3"/>
      <xsd:element name="houseNumber" type="tns:HouseNumberType" minOccurs="0"/>
      <xsd:element name="boxNumber" type="tns:BoxNumberType" minOccurs="0"/>
      <xsd:element name="inceptionDate" type="xsd:date" minOccurs="0"/>
    </xsd:sequence>
  </xsd:complexType>
  <xsd:complexType name="AddressHistoryType">
    <xsd:complexContent>
      <xsd:extension base="tns:AddressType">
        <xsd:sequence>
          <xsd:element name="expiryDate" type="xsd:date" minOccurs="0"/>
        </xsd:sequence>
      </xsd:extension>
    </xsd:complexContent>
  </xsd:complexType>
  <xsd:complexType name="DiplomaticPostType">
    <xsd:sequence>
      <xsd:element name="countryCode" type="tns:CountryCodeType">
        <xsd:annotation>
          <xsd:documentation>Country code of the diplomatic post.</xsd:documentation>
        </xsd:annotation>
      </xsd:element>
      <xsd:element name="countryName" type="tns:DescriptionType" minOccurs="0" maxOccurs="3"/>
      <xsd:element name="diplomaticPostCode" type="tns:DiplomaticPostCodeType">
        <xsd:annotation>
          <xsd:documentation>The official code of the diplomatic post.</xsd:documentation>
        </xsd:annotation>
      </xsd:element>
      <xsd:element name="diplomaticPostName" type="tns:DescriptionType" minOccurs="0" maxOccurs="3"/>
    </xsd:sequence>
  </xsd:complexType>
  <xsd:simpleType name="CountryCodeType">
    <xsd:restriction base="xsd:unsignedShort">
      <xsd:minInclusive value="0"/>
      <xsd:maxInclusive value="999"/>
    </xsd:restriction>
  </xsd:simpleType>
  <xsd:simpleType name="CityCodeType">
    <xsd:annotation>
      <xsd:documentation>For Belgian locations this is the "NISCode", for foreign locations the cityCode</xsd:documentation>
    </xsd:annotation>
    <xsd:restriction base="xsd:string">
      <xsd:minLength value="1"/>
      <xsd:maxLength value="5"/>
    </xsd:restriction>
  </xsd:simpleType>
  <xsd:complexType name="DescriptionType">
    <xsd:annotation>
      <xsd:documentation>Type specifying how a value that can exist in several languages will be modelled</xsd:documentation>
    </xsd:annotation>
    <xsd:simpleContent>
      <xsd:extension base="common:DescriptionType">
        <xsd:attribute name="language" type="common:LanguageType" use="optional"/>
      </xsd:extension>
    </xsd:simpleContent>
  </xsd:complexType>
  <xsd:simpleType name="DiplomaticPostCodeType">
    <xsd:restriction base="xsd:unsignedShort">
      <xsd:minInclusive value="0"/>
      <xsd:maxInclusive value="9999"/>
    </xsd:restriction>
  </xsd:simpleType>
  <xsd:simpleType name="AbsenceCodeType">
    <xsd:restriction base="xsd:unsignedShort">
      <xsd:minInclusive value="0"/>
      <xsd:maxInclusive value="99"/>
    </xsd:restriction>
  </xsd:simpleType>
  <xsd:simpleType name="DatagroupStatusType">
    <xsd:annotation>
      <xsd:documentation>Type defining possible statuses of a datagroup occurrence</xsd:documentation>
    </xsd:annotation>
    <xsd:restriction base="xsd:string">
      <xsd:enumeration value="DATA_FOUND"/>
      <xsd:enumeration value="NO_DATA_FOUND"/>
      <xsd:enumeration value="NOT_SUPPORTED"/>
    </xsd:restriction>
  </xsd:simpleType>
</xsd:schema>]]></con:content><con:type>http://www.w3.org/2001/XMLSchema</con:type></con:part><con:part><con:url>file:/home/stijn/git/Fidus/personservice/PersonServiceRegistry/wsdl/personService/1.0.0/person/legaldata/person/PersonLegalDataV3.xsd</con:url><con:content><![CDATA[<!--edited with XMLSpy v2008 rel. 2 sp2 (http://www.altova.com) by USER (KSZ-BCSS)-->
<!--====================================================================================================================================
	* File Name				: PersonLegalDataV3.xsd
	* Author					: Johan Kumps
	* Owner					: Crossroad Bank for Social Security (CBSS)
	* Domain					: CBSS Registries Public Services
	* Creation Date			: 31-05-2010
	* Last revision date	: 16-03-2012
	* Description				: This XML schema document contains a set of XML types and content model fragments used to model legal person data within the CBSS domain. 
	* Status					: 
	* Current Version		: 3.0
	* Revision History		: 09-03-2011  	NobilityTitleContentFragment added
	*														FamilyMembers datagroup removed
	*														PaymentAddress information removed
	*									25-10-2011	Refactored SSIN to camel case
	*														Refactored PersonType to PersonClassType
	*														Refactored person type to person class element
	*														Refactored unbounded NationalityInfo to 20
	*														Refactored unbounded CivilStateInfo to 20
	*									16-02-2012	New major version
	*									16-03-2012	Renamed residentialAddress to address
	*														Readded temporaryAddress
	*														CommonV3 BaseDescriptionType was renamed to DescriptionType
	*									07-09-2012	Removed subregister
	*									31-01-2013	added administrator
	*
====================================================================================================================================-->
<xsd:schema targetNamespace="http://kszbcss.fgov.be/types/legaldata/person/v3" elementFormDefault="unqualified" attributeFormDefault="unqualified" version="3.0" xmlns:common="http://kszbcss.fgov.be/types/common/v3" xmlns:base="http://kszbcss.fgov.be/types/legaldata/v3" xmlns:xsd="http://www.w3.org/2001/XMLSchema" xmlns:tns="http://kszbcss.fgov.be/types/legaldata/person/v3">
  <xsd:import namespace="http://kszbcss.fgov.be/types/common/v3" schemaLocation="../../common/CommonV3.xsd"/>
  <xsd:import namespace="http://kszbcss.fgov.be/types/legaldata/v3" schemaLocation="../BaseLegalDataV3.xsd"/>
  <xsd:complexType name="PersonResponseType">
    <xsd:annotation>
      <xsd:documentation>Type encapsulating all legaldata of a person specific for the PersonService</xsd:documentation>
    </xsd:annotation>
    <xsd:sequence>
      <xsd:element name="ssin" type="common:SsinType">
        <xsd:annotation>
          <xsd:documentation>The NR, BIS or RAD number of the found person (can be different from the ssin comprised in the request in case this ssin was replaced).</xsd:documentation>
        </xsd:annotation>
      </xsd:element>
      <xsd:group ref="tns:PersonLegalDataContentFragment" minOccurs="0"/>
    </xsd:sequence>
    <xsd:attribute name="register" type="base:PersonRegisterType">
      <xsd:annotation>
        <xsd:documentation>Element identifying the register which is the authentic source of the legal data of this person. Will always be present if PersonLegalDataContentFragment is present.</xsd:documentation>
      </xsd:annotation>
    </xsd:attribute>
  </xsd:complexType>
  <xsd:group name="PersonLegalDataContentFragment">
    <xsd:annotation>
      <xsd:documentation>Will not be returned if there was a problem fetching detailed information for the SSIN</xsd:documentation>
    </xsd:annotation>
    <xsd:sequence>
      <xsd:element name="nobilityTitle" minOccurs="0">
        <xsd:complexType>
          <xsd:sequence>
            <xsd:group ref="base:NobilityTitleContentFragment"/>
          </xsd:sequence>
        </xsd:complexType>
      </xsd:element>
      <xsd:element name="name">
        <xsd:annotation>
          <xsd:documentation>Element containing all information comprised in the name datagroup of the found person</xsd:documentation>
        </xsd:annotation>
        <xsd:complexType>
          <xsd:sequence>
            <xsd:group ref="base:NameInfoContentFragment"/>
          </xsd:sequence>
        </xsd:complexType>
      </xsd:element>
      <xsd:element name="nationalities" minOccurs="0">
        <xsd:complexType>
          <xsd:sequence>
            <xsd:element name="nationality" maxOccurs="20">
              <xsd:annotation>
                <xsd:documentation>Element containing all information comprised in the nationality datagroup of the found person</xsd:documentation>
              </xsd:annotation>
              <xsd:complexType>
                <xsd:sequence>
                  <xsd:group ref="base:NationalityInfoContentFragment"/>
                </xsd:sequence>
              </xsd:complexType>
            </xsd:element>
          </xsd:sequence>
        </xsd:complexType>
      </xsd:element>
      <xsd:element name="birth" minOccurs="0">
        <xsd:annotation>
          <xsd:documentation>Element containing all information comprised in the birth datagroup of the found person</xsd:documentation>
        </xsd:annotation>
        <xsd:complexType>
          <xsd:sequence>
            <xsd:group ref="base:BirthInfoContentFragment"/>
          </xsd:sequence>
        </xsd:complexType>
      </xsd:element>
      <xsd:element name="decease" minOccurs="0">
        <xsd:annotation>
          <xsd:documentation>Element containing all information comprised in the decease datagroup of the found person</xsd:documentation>
        </xsd:annotation>
        <xsd:complexType>
          <xsd:sequence>
            <xsd:group ref="base:DeceaseInfoContentFragment"/>
          </xsd:sequence>
        </xsd:complexType>
      </xsd:element>
      <xsd:element name="gender" minOccurs="0">
        <xsd:annotation>
          <xsd:documentation>Element containing all information comprised in the gender datagroup of the found person</xsd:documentation>
        </xsd:annotation>
        <xsd:complexType>
          <xsd:sequence>
            <xsd:group ref="base:GenderInfoContentFragment"/>
          </xsd:sequence>
        </xsd:complexType>
      </xsd:element>
      <xsd:element name="civilStates" minOccurs="0">
        <xsd:complexType>
          <xsd:sequence>
            <xsd:element name="civilState" maxOccurs="20">
              <xsd:annotation>
                <xsd:documentation>Element containing all information comprised in the civilstate datagroup of the found person</xsd:documentation>
              </xsd:annotation>
              <xsd:complexType>
                <xsd:group ref="base:CivilStateInfoContentFragment"/>
              </xsd:complexType>
            </xsd:element>
          </xsd:sequence>
        </xsd:complexType>
      </xsd:element>
      <xsd:element name="address" minOccurs="0">
        <xsd:complexType>
          <xsd:sequence>
            <xsd:group ref="base:ResidentialAddressContentFragment"/>
            <xsd:group ref="base:TemporaryAddressContentFragment"/>
          </xsd:sequence>
        </xsd:complexType>
      </xsd:element>
      <xsd:element name="administrator" minOccurs="0">
        <xsd:complexType>
          <xsd:sequence>
            <xsd:group ref="base:AdministratorContentFragment"/>
          </xsd:sequence>
        </xsd:complexType>
      </xsd:element>
    </xsd:sequence>
  </xsd:group>
</xsd:schema>]]></con:content><con:type>http://www.w3.org/2001/XMLSchema</con:type></con:part><con:part><con:url>file:/home/stijn/git/Fidus/personservice/PersonServiceRegistry/wsdl/personService/1.0.0/person/legaldata/person/PersonIssLegalDataV3.xsd</con:url><con:content><![CDATA[<!--edited with XMLSpy v2008 rel. 2 sp2 (http://www.altova.com) by USER (KSZ-BCSS)-->
<!--====================================================================================================================================
	* File Name				: PersonIssLegalDatav3.xsd
	* Author					: Jonas De Meulenaere
	* Owner					: Crossroad Bank for Social Security (CBSS)
	* Domain					: CBSS Registries Public Services
	* Creation Date			: 04-04-2014
	* Description				: This XML schema document contains a set of XML types and content model fragments used to model legal person data within the CBSS domain. 
	* Status					: 
	* Current Version		: 3.0
	* Revision History		: 04-04-2014		Create PersonIssServiceV3 based on PersonServiceV3
	*
====================================================================================================================================-->
<xsd:schema targetNamespace="http://kszbcss.fgov.be/types/legaldata/personiss/v3" elementFormDefault="unqualified" attributeFormDefault="unqualified" version="3.0beta1" xmlns:common="http://kszbcss.fgov.be/types/common/v3" xmlns:base="http://kszbcss.fgov.be/types/legaldata/v3" xmlns:xsd="http://www.w3.org/2001/XMLSchema" xmlns:tns="http://kszbcss.fgov.be/types/legaldata/personiss/v3">
  <xsd:import namespace="http://kszbcss.fgov.be/types/common/v3" schemaLocation="../../common/CommonV3.xsd"/>
  <xsd:import namespace="http://kszbcss.fgov.be/types/legaldata/v3" schemaLocation="../BaseLegalDataV3.xsd"/>
  <xsd:complexType name="PersonResponseType">
    <xsd:annotation>
      <xsd:documentation>Type encapsulating all legaldata of a person specific for the PersonService</xsd:documentation>
    </xsd:annotation>
    <xsd:sequence>
      <xsd:element name="ssin" type="common:SsinType">
        <xsd:annotation>
          <xsd:documentation>The NR, BIS or RAD number of the found person (can be different from the ssin comprised in the request in case this ssin was replaced).</xsd:documentation>
        </xsd:annotation>
      </xsd:element>
      <xsd:group ref="tns:PersonLegalDataContentFragment" minOccurs="0">
        <xsd:annotation>
          <xsd:documentation>Will not be returned if there was a problem fetching detailed information for the SSIN</xsd:documentation>
        </xsd:annotation>
      </xsd:group>
    </xsd:sequence>
    <xsd:attribute name="register" type="base:PersonRegisterType">
      <xsd:annotation>
        <xsd:documentation>Element identifying the register which is the authentic source of the legal data of this person. Will always be present if PersonLegalDataContentFragment is present.</xsd:documentation>
      </xsd:annotation>
    </xsd:attribute>
    <xsd:attribute name="registerInceptionDate" type="xsd:date">
      <xsd:annotation>
        <xsd:documentation>Date the person last entered the CBSS registries. Only present for BIS (creation date) and RAD (last RAD-in date) numbers</xsd:documentation>
      </xsd:annotation>
    </xsd:attribute>
  </xsd:complexType>
  <xsd:group name="PersonLegalDataContentFragment">
    <xsd:annotation>
      <xsd:documentation>Will not be returned if there was a problem fetching detailed information for the SSIN</xsd:documentation>
    </xsd:annotation>
    <xsd:sequence>
      <xsd:element name="nobilityTitle" minOccurs="0">
        <xsd:complexType>
          <xsd:sequence>
            <xsd:group ref="base:NobilityTitleContentFragment"/>
          </xsd:sequence>
        </xsd:complexType>
      </xsd:element>
      <xsd:element name="name">
        <xsd:annotation>
          <xsd:documentation>Element containing all information comprised in the name datagroup of the found person</xsd:documentation>
        </xsd:annotation>
        <xsd:complexType>
          <xsd:sequence>
            <xsd:group ref="base:NameInfoContentFragment"/>
          </xsd:sequence>
        </xsd:complexType>
      </xsd:element>
      <xsd:element name="nationalities" minOccurs="0">
        <xsd:complexType>
          <xsd:sequence>
            <xsd:element name="nationality" maxOccurs="20">
              <xsd:annotation>
                <xsd:documentation>Element containing all information comprised in the nationality datagroup of the found person</xsd:documentation>
              </xsd:annotation>
              <xsd:complexType>
                <xsd:sequence>
                  <xsd:group ref="base:NationalityInfoContentFragment"/>
                </xsd:sequence>
              </xsd:complexType>
            </xsd:element>
          </xsd:sequence>
        </xsd:complexType>
      </xsd:element>
      <xsd:element name="birth" minOccurs="0">
        <xsd:annotation>
          <xsd:documentation>Element containing all information comprised in the birth datagroup of the found person</xsd:documentation>
        </xsd:annotation>
        <xsd:complexType>
          <xsd:sequence>
            <xsd:group ref="base:BirthGroup"/>
          </xsd:sequence>
        </xsd:complexType>
      </xsd:element>
      <xsd:element name="decease" minOccurs="0">
        <xsd:annotation>
          <xsd:documentation>Element containing all information comprised in the decease datagroup of the found person</xsd:documentation>
        </xsd:annotation>
        <xsd:complexType>
          <xsd:sequence>
            <xsd:group ref="base:DeceaseInfoContentFragment"/>
          </xsd:sequence>
        </xsd:complexType>
      </xsd:element>
      <xsd:element name="gender" minOccurs="0">
        <xsd:annotation>
          <xsd:documentation>Element containing all information comprised in the gender datagroup of the found person</xsd:documentation>
        </xsd:annotation>
        <xsd:complexType>
          <xsd:sequence>
            <xsd:group ref="base:GenderInfoContentFragment"/>
          </xsd:sequence>
        </xsd:complexType>
      </xsd:element>
      <xsd:element name="civilStates" minOccurs="0">
        <xsd:complexType>
          <xsd:sequence>
            <xsd:element name="civilState" maxOccurs="20">
              <xsd:annotation>
                <xsd:documentation>Element containing all information comprised in the civilstate datagroup of the found person</xsd:documentation>
              </xsd:annotation>
              <xsd:complexType>
                <xsd:group ref="base:CivilStateInfoContentFragment"/>
              </xsd:complexType>
            </xsd:element>
          </xsd:sequence>
        </xsd:complexType>
      </xsd:element>
      <xsd:element name="address" minOccurs="0">
        <xsd:complexType>
          <xsd:sequence>
            <xsd:group ref="base:ResidentialAddressContentFragment"/>
            <xsd:group ref="base:TemporaryAddressContentFragment"/>
          </xsd:sequence>
        </xsd:complexType>
      </xsd:element>
      <xsd:element name="administrator" minOccurs="0">
        <xsd:complexType>
          <xsd:sequence>
            <xsd:group ref="base:AdministratorContentFragment"/>
          </xsd:sequence>
        </xsd:complexType>
      </xsd:element>
      <xsd:element name="subregister" minOccurs="0">
        <xsd:complexType>
          <xsd:sequence>
            <xsd:group ref="base:SubregisterGroup"/>
          </xsd:sequence>
        </xsd:complexType>
      </xsd:element>
      <xsd:element name="legalCohabitation" minOccurs="0">
        <xsd:complexType>
          <xsd:sequence>
            <xsd:group ref="base:LegalCohabitationGroup"/>
          </xsd:sequence>
        </xsd:complexType>
      </xsd:element>
    </xsd:sequence>
  </xsd:group>
</xsd:schema>]]></con:content><con:type>http://www.w3.org/2001/XMLSchema</con:type></con:part></con:definitionCache><con:endpoints>
      <con:endpoint>http://fidus.brussels/services/personservice/v1</con:endpoint>
    </con:endpoints>
    <con:operation isOneWay="false" action="http://fidus.brussels/services/personservice/getIdentity" name="getIdentity" bindingOperationName="getIdentity" type="Request-Response" inputName="" receivesAttachments="false" sendsAttachments="false" anonymous="optional" id="37782446-c7cc-4124-8f9c-72d13d0b07ca">
      <con:settings/>
      <con:call name="1 - Local - Request" outgoingWss="Outflow DEV" incomingWss="Inflow DEV" id="d582fd0f-febf-4b0a-97c2-024bc79f3578">
        <con:settings>
          <con:setting id="com.eviware.soapui.impl.wsdl.WsdlRequest@request-headers">&lt;xml-fragment/></con:setting>
        </con:settings>
        <con:encoding>UTF-8</con:encoding>
        <con:endpoint>https://localhost:8243/services/PersonService_v1.0</con:endpoint>
        <con:request><![CDATA[<soapenv:Envelope xmlns:soapenv="http://schemas.xmlsoap.org/soap/envelope/" xmlns:v1="http://fidus.brussels/service/personservice/messages/v1" xmlns:v11="http://fidus.brussels/type/common/messages/v1">
   <soapenv:Header/>
   <soapenv:Body>
      <v1:getIdentityRequest>
         <v1:messageContext>
         	  <v11:messageId>${=import static java.util.UUID.randomUUID; uuid = randomUUID() as String}</v11:messageId>
            <v11:timestamp>${=new java.text.SimpleDateFormat("yyyy-MM-dd'T'HH:mm:ss.SSS").format(new Date())}</v11:timestamp>
         </v1:messageContext>
         <v1:legalContext>ServiceIntegrator</v1:legalContext>
         <v1:request>
            <v1:personNumber>02021518897</v1:personNumber>
         </v1:request>
      </v1:getIdentityRequest>
   </soapenv:Body>
</soapenv:Envelope>]]></con:request>
        <con:credentials>
          <con:selectedAuthProfile>Basic</con:selectedAuthProfile><con:addedBasicAuthenticationTypes>Basic</con:addedBasicAuthenticationTypes><con:authType>Global HTTP Settings</con:authType>
        </con:credentials>
        <con:jmsConfig JMSDeliveryMode="PERSISTENT"/>
        <con:jmsPropertyConfig/>
        <con:wsaConfig mustUnderstand="NONE" version="200508" action="http://fidus.brussels/services/personservice"/>
        <con:wsrmConfig version="1.2"/>
      </con:call>
      <con:call name="2 - Dev - Request" outgoingWss="Outflow DEV" incomingWss="Inflow DEV" id="d1bd40df-e64c-4659-a5ef-31be60f4dac1">
        <con:settings>
          <con:setting id="com.eviware.soapui.impl.wsdl.WsdlRequest@request-headers">&lt;xml-fragment/></con:setting>
        </con:settings>
        <con:encoding>UTF-8</con:encoding>
        <con:endpoint>https://192.168.36.61:8243/services/PersonService_v1.0</con:endpoint>
        <con:request><![CDATA[<soapenv:Envelope xmlns:soapenv="http://schemas.xmlsoap.org/soap/envelope/" xmlns:v1="http://fidus.brussels/service/personservice/messages/v1" xmlns:v11="http://fidus.brussels/type/common/messages/v1">
   <soapenv:Header/>
   <soapenv:Body>
      <v1:getIdentityRequest>
         <v1:messageContext>
         	  <v11:messageId>${=import static java.util.UUID.randomUUID; uuid = randomUUID() as String}</v11:messageId>
            <v11:timestamp>${=new java.text.SimpleDateFormat("yyyy-MM-dd'T'HH:mm:ss.SSS").format(new Date())}</v11:timestamp>
         </v1:messageContext>
         <v1:legalContext>ServiceIntegrator</v1:legalContext>
         <v1:request>
            <v1:personNumber>12003001508</v1:personNumber>
         </v1:request>
      </v1:getIdentityRequest>
   </soapenv:Body>
</soapenv:Envelope>]]></con:request>
        <con:credentials>
          <con:selectedAuthProfile>Basic</con:selectedAuthProfile>
          <con:addedBasicAuthenticationTypes>Basic</con:addedBasicAuthenticationTypes>
          <con:authType>Global HTTP Settings</con:authType>
        </con:credentials>
        <con:jmsConfig JMSDeliveryMode="PERSISTENT"/>
        <con:jmsPropertyConfig/>
        <con:wsaConfig mustUnderstand="NONE" version="200508" action="http://fidus.brussels/services/personservice/getIdentity"/>
        <con:wsrmConfig version="1.2"/>
      </con:call>
      <con:call name="3 - Test - External - Request" outgoingWss="Outflow TEST" incomingWss="Inflow TEST" id="9b354218-971c-4b4b-8b73-48b42e188d6f">
        <con:settings>
          <con:setting id="com.eviware.soapui.impl.wsdl.WsdlRequest@request-headers">&lt;xml-fragment/></con:setting>
        </con:settings>
        <con:encoding>UTF-8</con:encoding>
        <con:endpoint>https://fidus-test.irisnetlab.be/services/PersonService_v1.0</con:endpoint>
        <con:request><![CDATA[<soapenv:Envelope xmlns:soapenv="http://schemas.xmlsoap.org/soap/envelope/" xmlns:v1="http://fidus.brussels/service/personservice/messages/v1" xmlns:v11="http://fidus.brussels/type/common/messages/v1">
   <soapenv:Header/>
   <soapenv:Body>
      <v1:getIdentityRequest>
         <v1:messageContext>
         	  <v11:messageId>${=import static java.util.UUID.randomUUID; uuid = randomUUID() as String}</v11:messageId>
            <v11:timestamp>${=new java.text.SimpleDateFormat("yyyy-MM-dd'T'HH:mm:ss.SSS").format(new Date())}</v11:timestamp>
         </v1:messageContext>
         <v1:legalContext>ServiceIntegrator</v1:legalContext>
         <v1:request>
            <v1:personNumber>91040526866</v1:personNumber>
         </v1:request>
      </v1:getIdentityRequest>
   </soapenv:Body>
</soapenv:Envelope>]]></con:request>
        <con:credentials>
          <con:selectedAuthProfile>Basic</con:selectedAuthProfile>
          <con:addedBasicAuthenticationTypes>Basic</con:addedBasicAuthenticationTypes>
          <con:authType>Global HTTP Settings</con:authType>
        </con:credentials>
        <con:jmsConfig JMSDeliveryMode="PERSISTENT"/>
        <con:jmsPropertyConfig/>
        <con:wsaConfig mustUnderstand="NONE" version="200508" action="http://fidus.brussels/services/personservice/getIdentity"/>
        <con:wsrmConfig version="1.2"/>
      </con:call>
      <con:call name="3 - Test - LB - Request" outgoingWss="Outflow TEST" incomingWss="Inflow TEST" id="6656dc64-88ea-42e7-b564-5a6d797efd0d">
        <con:settings>
          <con:setting id="com.eviware.soapui.impl.wsdl.WsdlRequest@request-headers">&lt;xml-fragment/></con:setting>
        </con:settings>
        <con:encoding>UTF-8</con:encoding>
        <con:endpoint>https://esb-security-gw.sta.srv.cirb.lan:8443/services/PersonService_v1.0</con:endpoint>
        <con:request><![CDATA[<soapenv:Envelope xmlns:soapenv="http://schemas.xmlsoap.org/soap/envelope/" xmlns:v1="http://fidus.brussels/service/personservice/messages/v1" xmlns:v11="http://fidus.brussels/type/common/messages/v1">
   <soapenv:Header/>
   <soapenv:Body>
      <v1:getIdentityRequest>
         <v1:messageContext>
         	  <v11:messageId>${=import static java.util.UUID.randomUUID; uuid = randomUUID() as String}</v11:messageId>
            <v11:timestamp>${=new java.text.SimpleDateFormat("yyyy-MM-dd'T'HH:mm:ss.SSS").format(new Date())}</v11:timestamp>
         </v1:messageContext>
         <v1:legalContext>LocalResidentCardJET</v1:legalContext>
         <v1:request>
            <v1:personNumber>12003001507</v1:personNumber>
         </v1:request>
      </v1:getIdentityRequest>
   </soapenv:Body>
</soapenv:Envelope>]]></con:request>
        <con:credentials>
          <con:selectedAuthProfile>Basic</con:selectedAuthProfile>
          <con:addedBasicAuthenticationTypes>Basic</con:addedBasicAuthenticationTypes>
          <con:authType>Global HTTP Settings</con:authType>
        </con:credentials>
        <con:jmsConfig JMSDeliveryMode="PERSISTENT"/>
        <con:jmsPropertyConfig/>
        <con:wsaConfig mustUnderstand="NONE" version="200508" action="http://fidus.brussels/services/personservice/getIdentity"/>
        <con:wsrmConfig version="1.2"/>
      </con:call>
      <con:call name="3 - Test - Worker1 - Request" outgoingWss="Outflow TEST" incomingWss="Inflow TEST" id="9d871621-6449-467f-b41d-3b7f324d26e4">
        <con:settings>
          <con:setting id="com.eviware.soapui.impl.wsdl.WsdlRequest@request-headers">&lt;xml-fragment/></con:setting>
        </con:settings>
        <con:encoding>UTF-8</con:encoding>
        <con:endpoint>https://192.168.22.53:8443/services/PersonService_v1.0</con:endpoint>
        <con:request><![CDATA[<soapenv:Envelope xmlns:soapenv="http://schemas.xmlsoap.org/soap/envelope/" xmlns:v1="http://fidus.brussels/service/personservice/messages/v1" xmlns:v11="http://fidus.brussels/type/common/messages/v1">
   <soapenv:Header/>
   <soapenv:Body>
      <v1:getIdentityRequest>
         <v1:messageContext>
         	  <v11:messageId>${=import static java.util.UUID.randomUUID; uuid = randomUUID() as String}</v11:messageId>
            <v11:timestamp>${=new java.text.SimpleDateFormat("yyyy-MM-dd'T'HH:mm:ss.SSS").format(new Date())}</v11:timestamp>
         </v1:messageContext>
         <v1:legalContext>ServiceIntegrator</v1:legalContext>
         <v1:request>
            <v1:personNumber>91120406960</v1:personNumber>
         </v1:request>
      </v1:getIdentityRequest>
   </soapenv:Body>
</soapenv:Envelope>]]></con:request>
        <con:credentials>
          <con:selectedAuthProfile>Basic</con:selectedAuthProfile>
          <con:addedBasicAuthenticationTypes>Basic</con:addedBasicAuthenticationTypes>
          <con:authType>Global HTTP Settings</con:authType>
        </con:credentials>
        <con:jmsConfig JMSDeliveryMode="PERSISTENT"/>
        <con:jmsPropertyConfig/>
        <con:wsaConfig mustUnderstand="NONE" version="200508" action="http://fidus.brussels/services/personservice/getIdentity"/>
        <con:wsrmConfig version="1.2"/>
      </con:call>
      <con:call name="3 - Test - Worker2 - Request" outgoingWss="Outflow TEST" incomingWss="Inflow TEST" id="d5ac1e83-c0e6-46a4-885b-5290d0b3e420">
        <con:settings>
          <con:setting id="com.eviware.soapui.impl.wsdl.WsdlRequest@request-headers">&lt;xml-fragment/></con:setting>
        </con:settings>
        <con:encoding>UTF-8</con:encoding>
        <con:endpoint>https://192.168.22.54:8443/services/PersonService_v1.0</con:endpoint>
        <con:request><![CDATA[<soapenv:Envelope xmlns:soapenv="http://schemas.xmlsoap.org/soap/envelope/" xmlns:v1="http://fidus.brussels/service/personservice/messages/v1" xmlns:v11="http://fidus.brussels/type/common/messages/v1">
   <soapenv:Header/>
   <soapenv:Body>
      <v1:getIdentityRequest>
         <v1:messageContext>
         	  <v11:messageId>${=import static java.util.UUID.randomUUID; uuid = randomUUID() as String}</v11:messageId>
            <v11:timestamp>${=new java.text.SimpleDateFormat("yyyy-MM-dd'T'HH:mm:ss.SSS").format(new Date())}</v11:timestamp>
         </v1:messageContext>
         <v1:legalContext>ServiceIntegrator</v1:legalContext>
         <v1:request>
            <v1:personNumber>91120406960</v1:personNumber>
         </v1:request>
      </v1:getIdentityRequest>
   </soapenv:Body>
</soapenv:Envelope>]]></con:request>
        <con:credentials>
          <con:selectedAuthProfile>Basic</con:selectedAuthProfile>
          <con:addedBasicAuthenticationTypes>Basic</con:addedBasicAuthenticationTypes>
          <con:authType>Global HTTP Settings</con:authType>
        </con:credentials>
        <con:jmsConfig JMSDeliveryMode="PERSISTENT"/>
        <con:jmsPropertyConfig/>
        <con:wsaConfig mustUnderstand="NONE" version="200508" action="http://fidus.brussels/services/personservice/getIdentity"/>
        <con:wsrmConfig version="1.2"/>
      </con:call>
      <con:call name="4 - Staging - External - Request" outgoingWss="Outflow STAG" incomingWss="Inflow STAG" id="ce70dd41-8ecf-4c6c-9c8a-be3ca6af3724">
        <con:settings>
          <con:setting id="com.eviware.soapui.impl.wsdl.WsdlRequest@request-headers">&lt;xml-fragment/></con:setting>
        </con:settings>
        <con:encoding>UTF-8</con:encoding>
        <con:endpoint>https://fidus.irisnetlab.be/services/PersonService_v1.0</con:endpoint>
        <con:request><![CDATA[<soapenv:Envelope xmlns:soapenv="http://schemas.xmlsoap.org/soap/envelope/" xmlns:v1="http://fidus.brussels/service/personservice/messages/v1" xmlns:v11="http://fidus.brussels/type/common/messages/v1">
   <soapenv:Header/>
   <soapenv:Body>
      <v1:getIdentityRequest>
         <v1:messageContext>
         	  <v11:messageId>${=import static java.util.UUID.randomUUID; uuid = randomUUID() as String}</v11:messageId>
            <v11:timestamp>${=new java.text.SimpleDateFormat("yyyy-MM-dd'T'HH:mm:ss.SSS").format(new Date())}</v11:timestamp>
         </v1:messageContext>
         <v1:legalContext>ServiceIntegrator</v1:legalContext>
         <v1:request>
            <v1:personNumber>89102413022</v1:personNumber>
         </v1:request>
      </v1:getIdentityRequest>
   </soapenv:Body>
</soapenv:Envelope>]]></con:request>
        <con:credentials>
          <con:selectedAuthProfile>Basic</con:selectedAuthProfile>
          <con:addedBasicAuthenticationTypes>Basic</con:addedBasicAuthenticationTypes>
          <con:authType>Global HTTP Settings</con:authType>
        </con:credentials>
        <con:jmsConfig JMSDeliveryMode="PERSISTENT"/>
        <con:jmsPropertyConfig/>
        <con:wsaConfig mustUnderstand="NONE" version="200508" action="http://fidus.brussels/services/personservice/getIdentity"/>
        <con:wsrmConfig version="1.2"/>
      </con:call>
      <con:call name="4 - Staging - LB - Request" outgoingWss="Outflow STAG" incomingWss="Inflow STAG" id="43b3d025-e9f4-4351-9a95-94e4156ab666">
        <con:settings>
          <con:setting id="com.eviware.soapui.impl.wsdl.WsdlRequest@request-headers">&lt;xml-fragment/></con:setting>
        </con:settings>
        <con:encoding>UTF-8</con:encoding>
        <con:endpoint>https://fidus-esb-sg.sta.srv.cirb.lan:8443/services/PersonService_v1.0</con:endpoint>
        <con:request><![CDATA[<soapenv:Envelope xmlns:soapenv="http://schemas.xmlsoap.org/soap/envelope/" xmlns:v1="http://fidus.brussels/service/personservice/messages/v1" xmlns:v11="http://fidus.brussels/type/common/messages/v1">
   <soapenv:Header/>
   <soapenv:Body>
      <v1:getIdentityRequest>
         <v1:messageContext>
         	  <v11:messageId>${=import static java.util.UUID.randomUUID; uuid = randomUUID() as String}</v11:messageId>
            <v11:timestamp>${=new java.text.SimpleDateFormat("yyyy-MM-dd'T'HH:mm:ss.SSS").format(new Date())}</v11:timestamp>
         </v1:messageContext>
         <v1:legalContext>ServiceIntegrator</v1:legalContext>
         <v1:request>
            <v1:personNumber>12003001507</v1:personNumber>
         </v1:request>
      </v1:getIdentityRequest>
   </soapenv:Body>
</soapenv:Envelope>]]></con:request>
        <con:credentials>
          <con:selectedAuthProfile>Basic</con:selectedAuthProfile>
          <con:addedBasicAuthenticationTypes>Basic</con:addedBasicAuthenticationTypes>
          <con:authType>Global HTTP Settings</con:authType>
        </con:credentials>
        <con:jmsConfig JMSDeliveryMode="PERSISTENT"/>
        <con:jmsPropertyConfig/>
        <con:wsaConfig mustUnderstand="NONE" version="200508" action="http://fidus.brussels/services/personservice/getIdentity"/>
        <con:wsrmConfig version="1.2"/>
      </con:call>
      <con:call name="4 - Staging - Worker1 - Request" outgoingWss="Outflow STAG" incomingWss="Inflow STAG" id="8bccfa23-0ffe-433d-a652-0aa55ec1396a">
        <con:settings>
          <con:setting id="com.eviware.soapui.impl.wsdl.WsdlRequest@request-headers">&lt;xml-fragment/></con:setting>
        </con:settings>
        <con:encoding>UTF-8</con:encoding>
        <con:endpoint>https://192.168.24.16:8443/services/PersonService_v1.0</con:endpoint>
        <con:request><![CDATA[<soapenv:Envelope xmlns:soapenv="http://schemas.xmlsoap.org/soap/envelope/" xmlns:v1="http://fidus.brussels/service/personservice/messages/v1" xmlns:v11="http://fidus.brussels/type/common/messages/v1">
   <soapenv:Header/>
   <soapenv:Body>
      <v1:getIdentityRequest>
         <v1:messageContext>
         	  <v11:messageId>${=import static java.util.UUID.randomUUID; uuid = randomUUID() as String}</v11:messageId>
            <v11:timestamp>${=new java.text.SimpleDateFormat("yyyy-MM-dd'T'HH:mm:ss.SSS").format(new Date())}</v11:timestamp>
         </v1:messageContext>
         <v1:legalContext>ServiceIntegrator</v1:legalContext>
         <v1:request>
            <v1:personNumber>85081509931</v1:personNumber>
         </v1:request>
      </v1:getIdentityRequest>
   </soapenv:Body>
</soapenv:Envelope>]]></con:request>
        <con:credentials>
          <con:selectedAuthProfile>Basic</con:selectedAuthProfile>
          <con:addedBasicAuthenticationTypes>Basic</con:addedBasicAuthenticationTypes>
          <con:authType>Global HTTP Settings</con:authType>
        </con:credentials>
        <con:jmsConfig JMSDeliveryMode="PERSISTENT"/>
        <con:jmsPropertyConfig/>
        <con:wsaConfig mustUnderstand="NONE" version="200508" action="http://fidus.brussels/services/personservice/getIdentity"/>
        <con:wsrmConfig version="1.2"/>
      </con:call>
      <con:call name="4 - Staging - Worker2 - Request" outgoingWss="Outflow STAG" incomingWss="Inflow STAG" id="0aeafd29-c76a-4088-b770-35105a8b95a7">
        <con:settings>
          <con:setting id="com.eviware.soapui.impl.wsdl.WsdlRequest@request-headers">&lt;xml-fragment/></con:setting>
        </con:settings>
        <con:encoding>UTF-8</con:encoding>
        <con:endpoint>https://192.168.24.17:8443/services/PersonService_v1.0</con:endpoint>
        <con:request><![CDATA[<soapenv:Envelope xmlns:soapenv="http://schemas.xmlsoap.org/soap/envelope/" xmlns:v1="http://fidus.brussels/service/personservice/messages/v1" xmlns:v11="http://fidus.brussels/type/common/messages/v1">
   <soapenv:Header/>
   <soapenv:Body>
      <v1:getIdentityRequest>
         <v1:messageContext>
         	  <v11:messageId>${=import static java.util.UUID.randomUUID; uuid = randomUUID() as String}</v11:messageId>
            <v11:timestamp>${=new java.text.SimpleDateFormat("yyyy-MM-dd'T'HH:mm:ss.SSS").format(new Date())}</v11:timestamp>
         </v1:messageContext>
         <v1:legalContext>ServiceIntegrator</v1:legalContext>
         <v1:request>
            <v1:personNumber>85081509931</v1:personNumber>
         </v1:request>
      </v1:getIdentityRequest>
   </soapenv:Body>
</soapenv:Envelope>]]></con:request>
        <con:credentials>
          <con:selectedAuthProfile>Basic</con:selectedAuthProfile>
          <con:addedBasicAuthenticationTypes>Basic</con:addedBasicAuthenticationTypes>
          <con:authType>Global HTTP Settings</con:authType>
        </con:credentials>
        <con:jmsConfig JMSDeliveryMode="PERSISTENT"/>
        <con:jmsPropertyConfig/>
        <con:wsaConfig mustUnderstand="NONE" version="200508" action="http://fidus.brussels/services/personservice/getIdentity"/>
        <con:wsrmConfig version="1.2"/>
      </con:call>
      <con:call name="5 - Prod - Worker1 - Request" outgoingWss="Outflow PROD" incomingWss="Inflow PROD" id="de2a30e7-e01c-4003-bc10-c3c9a454408a">
        <con:settings>
          <con:setting id="com.eviware.soapui.impl.wsdl.WsdlRequest@request-headers">&lt;xml-fragment/></con:setting>
        </con:settings>
        <con:encoding>UTF-8</con:encoding>
        <con:endpoint>https://192.168.26.22:8443/services/PersonService_v1.0</con:endpoint>
        <con:request><![CDATA[<soapenv:Envelope xmlns:soapenv="http://schemas.xmlsoap.org/soap/envelope/" xmlns:v1="http://fidus.brussels/service/personservice/messages/v1" xmlns:v11="http://fidus.brussels/type/common/messages/v1">
   <soapenv:Header/>
   <soapenv:Body>
      <v1:getIdentityRequest>
         <v1:messageContext>
         	  <v11:messageId>${=import static java.util.UUID.randomUUID; uuid = randomUUID() as String}</v11:messageId>
            <v11:timestamp>${=new java.text.SimpleDateFormat("yyyy-MM-dd'T'HH:mm:ss.SSS").format(new Date())}</v11:timestamp>
         </v1:messageContext>
         <v1:legalContext>ServiceIntegrator</v1:legalContext>
         <v1:request>
            <v1:personNumber>85081509931</v1:personNumber>
         </v1:request>
      </v1:getIdentityRequest>
   </soapenv:Body>
</soapenv:Envelope>]]></con:request>
        <con:credentials>
          <con:selectedAuthProfile>Basic</con:selectedAuthProfile>
          <con:addedBasicAuthenticationTypes>Basic</con:addedBasicAuthenticationTypes>
          <con:authType>Global HTTP Settings</con:authType>
        </con:credentials>
        <con:jmsConfig JMSDeliveryMode="PERSISTENT"/>
        <con:jmsPropertyConfig/>
        <con:wsaConfig mustUnderstand="NONE" version="200508" action="http://fidus.brussels/services/personservice/getIdentity"/>
        <con:wsrmConfig version="1.2"/>
      </con:call>
      <con:call name="5 - Prod - Worker2 - Request" outgoingWss="Outflow PROD" incomingWss="Inflow PROD" id="048341fb-a47a-4523-9892-3e538ff632cc">
        <con:settings>
          <con:setting id="com.eviware.soapui.impl.wsdl.WsdlRequest@request-headers">&lt;xml-fragment/></con:setting>
        </con:settings>
        <con:encoding>UTF-8</con:encoding>
        <con:endpoint>https://192.168.26.19:8443/services/PersonService_v1.0</con:endpoint>
        <con:request><![CDATA[<soapenv:Envelope xmlns:soapenv="http://schemas.xmlsoap.org/soap/envelope/" xmlns:v1="http://fidus.brussels/service/personservice/messages/v1" xmlns:v11="http://fidus.brussels/type/common/messages/v1">
   <soapenv:Header/>
   <soapenv:Body>
      <v1:getIdentityRequest>
         <v1:messageContext>
         	  <v11:messageId>${=import static java.util.UUID.randomUUID; uuid = randomUUID() as String}</v11:messageId>
            <v11:timestamp>${=new java.text.SimpleDateFormat("yyyy-MM-dd'T'HH:mm:ss.SSS").format(new Date())}</v11:timestamp>
         </v1:messageContext>
         <v1:legalContext>ServiceIntegrator</v1:legalContext>
         <v1:request>
            <v1:personNumber>89102413022</v1:personNumber>
         </v1:request>
      </v1:getIdentityRequest>
   </soapenv:Body>
</soapenv:Envelope>]]></con:request>
        <con:credentials>
          <con:selectedAuthProfile>Basic</con:selectedAuthProfile>
          <con:addedBasicAuthenticationTypes>Basic</con:addedBasicAuthenticationTypes>
          <con:authType>Global HTTP Settings</con:authType>
        </con:credentials>
        <con:jmsConfig JMSDeliveryMode="PERSISTENT"/>
        <con:jmsPropertyConfig/>
        <con:wsaConfig mustUnderstand="NONE" version="200508" action="http://fidus.brussels/services/personservice/getIdentity"/>
        <con:wsrmConfig version="1.2"/>
      </con:call>
      <con:call name="5 - Prod - LB - Request" outgoingWss="Outflow PROD" incomingWss="Inflow PROD" id="40595e83-d1a6-451f-9f26-a02595b73ee4">
        <con:settings>
          <con:setting id="com.eviware.soapui.impl.wsdl.WsdlRequest@request-headers">&lt;xml-fragment/></con:setting>
        </con:settings>
        <con:encoding>UTF-8</con:encoding>
        <con:endpoint>https://fidus-esb-sg.prd.srv.cirb.lan:8443/services/PersonService_v1.0</con:endpoint>
        <con:request><![CDATA[<soapenv:Envelope xmlns:soapenv="http://schemas.xmlsoap.org/soap/envelope/" xmlns:v1="http://fidus.brussels/service/personservice/messages/v1" xmlns:v11="http://fidus.brussels/type/common/messages/v1">
   <soapenv:Header/>
   <soapenv:Body>
      <v1:getIdentityRequest>
         <v1:messageContext>
         	  <v11:messageId>${=import static java.util.UUID.randomUUID; uuid = randomUUID() as String}</v11:messageId>
            <v11:timestamp>${=new java.text.SimpleDateFormat("yyyy-MM-dd'T'HH:mm:ss.SSS").format(new Date())}</v11:timestamp>
         </v1:messageContext>
         <v1:legalContext>ServiceIntegrator</v1:legalContext>
         <v1:request>
            <v1:personNumber>89102413022</v1:personNumber>
         </v1:request>
      </v1:getIdentityRequest>
   </soapenv:Body>
</soapenv:Envelope>]]></con:request>
        <con:credentials>
          <con:selectedAuthProfile>Basic</con:selectedAuthProfile>
          <con:addedBasicAuthenticationTypes>Basic</con:addedBasicAuthenticationTypes>
          <con:authType>Global HTTP Settings</con:authType>
        </con:credentials>
        <con:jmsConfig JMSDeliveryMode="PERSISTENT"/>
        <con:jmsPropertyConfig/>
        <con:wsaConfig mustUnderstand="NONE" version="200508" action="http://fidus.brussels/services/personservice/getIdentity"/>
        <con:wsrmConfig version="1.2"/>
      </con:call>
      <con:call name="5 - Prod - External - Request" outgoingWss="Outflow PROD" incomingWss="Inflow PROD" id="76a9e4ae-1fbd-4325-9a2e-c02f94b246fe">
        <con:settings>
          <con:setting id="com.eviware.soapui.impl.wsdl.WsdlRequest@request-headers">&lt;xml-fragment/></con:setting>
        </con:settings>
        <con:encoding>UTF-8</con:encoding>
        <con:endpoint>https://fidus.sec.brussels/services/PersonService_v1.0</con:endpoint>
        <con:request><![CDATA[<soapenv:Envelope xmlns:soapenv="http://schemas.xmlsoap.org/soap/envelope/" xmlns:v1="http://fidus.brussels/service/personservice/messages/v1" xmlns:v11="http://fidus.brussels/type/common/messages/v1">
   <soapenv:Header/>
   <soapenv:Body>
      <v1:getIdentityRequest>
         <v1:messageContext>
         	  <v11:messageId>${=import static java.util.UUID.randomUUID; uuid = randomUUID() as String}</v11:messageId>
            <v11:timestamp>${=new java.text.SimpleDateFormat("yyyy-MM-dd'T'HH:mm:ss.SSS").format(new Date())}</v11:timestamp>
         </v1:messageContext>
         <v1:legalContext>ServiceIntegrator</v1:legalContext>
         <v1:request>
            <v1:personNumber>85081509931</v1:personNumber>
         </v1:request>
      </v1:getIdentityRequest>
   </soapenv:Body>
</soapenv:Envelope>]]></con:request>
        <con:credentials>
          <con:selectedAuthProfile>Basic</con:selectedAuthProfile>
          <con:addedBasicAuthenticationTypes>Basic</con:addedBasicAuthenticationTypes>
          <con:authType>Global HTTP Settings</con:authType>
        </con:credentials>
        <con:jmsConfig JMSDeliveryMode="PERSISTENT"/>
        <con:jmsPropertyConfig/>
        <con:wsaConfig mustUnderstand="NONE" version="200508" action="http://fidus.brussels/services/personservice/getIdentity"/>
        <con:wsrmConfig version="1.2"/>
      </con:call>
    <con:call id="c6a72dfc-1520-45ac-bc12-d39fa9588a04" name="2 - DevNew - Request" outgoingWss="Outflow DEV" incomingWss="Inflow DEV"><con:settings><con:setting id="com.eviware.soapui.impl.wsdl.WsdlRequest@request-headers">&lt;xml-fragment/></con:setting></con:settings><con:encoding>UTF-8</con:encoding><con:endpoint>https://192.168.36.205:8243/services/PersonService_v1.0</con:endpoint><con:request><![CDATA[<soapenv:Envelope xmlns:soapenv="http://schemas.xmlsoap.org/soap/envelope/" xmlns:v1="http://fidus.brussels/service/personservice/messages/v1" xmlns:v11="http://fidus.brussels/type/common/messages/v1">
   <soapenv:Header/>
   <soapenv:Body>
      <v1:getIdentityRequest>
         <v1:messageContext>
         	  <v11:messageId>${=import static java.util.UUID.randomUUID; uuid = randomUUID() as String}</v11:messageId>
            <v11:timestamp>${=new java.text.SimpleDateFormat("yyyy-MM-dd'T'HH:mm:ss.SSS").format(new Date())}</v11:timestamp>
         </v1:messageContext>
         <v1:legalContext>ServiceIntegrator</v1:legalContext>
         <v1:request>
            <v1:personNumber>12003001507</v1:personNumber>
         </v1:request>
      </v1:getIdentityRequest>
   </soapenv:Body>
</soapenv:Envelope>]]></con:request><con:credentials>
          <con:selectedAuthProfile>Basic</con:selectedAuthProfile>
          <con:addedBasicAuthenticationTypes>Basic</con:addedBasicAuthenticationTypes>
          <con:authType>Global HTTP Settings</con:authType>
        </con:credentials><con:jmsConfig JMSDeliveryMode="PERSISTENT"/><con:jmsPropertyConfig/><con:wsaConfig mustUnderstand="NONE" version="200508" action="http://fidus.brussels/services/personservice/getIdentity"/><con:wsrmConfig version="1.2"/></con:call><con:call id="52cff34a-9094-4b49-b3be-3739f21d561c" name="3 - Test - Worker1New - Request" outgoingWss="Outflow TEST" incomingWss="Inflow TEST"><con:settings><con:setting id="com.eviware.soapui.impl.wsdl.WsdlRequest@request-headers">&lt;xml-fragment/></con:setting></con:settings><con:encoding>UTF-8</con:encoding><con:endpoint>https://192.168.22.73:8443/services/PersonService_v1.0</con:endpoint><con:request><![CDATA[<soapenv:Envelope xmlns:soapenv="http://schemas.xmlsoap.org/soap/envelope/" xmlns:v1="http://fidus.brussels/service/personservice/messages/v1" xmlns:v11="http://fidus.brussels/type/common/messages/v1">
   <soapenv:Header/>
   <soapenv:Body>
      <v1:getIdentityRequest>
         <v1:messageContext>
         	  <v11:messageId>${=import static java.util.UUID.randomUUID; uuid = randomUUID() as String}</v11:messageId>
            <v11:timestamp>${=new java.text.SimpleDateFormat("yyyy-MM-dd'T'HH:mm:ss.SSS").format(new Date())}</v11:timestamp>
         </v1:messageContext>
         <v1:legalContext>ServiceIntegrator</v1:legalContext>
         <v1:request>
            <v1:personNumber>91120406960</v1:personNumber>
         </v1:request>
      </v1:getIdentityRequest>
   </soapenv:Body>
</soapenv:Envelope>]]></con:request><con:credentials>
          <con:selectedAuthProfile>Basic</con:selectedAuthProfile>
          <con:addedBasicAuthenticationTypes>Basic</con:addedBasicAuthenticationTypes>
          <con:authType>Global HTTP Settings</con:authType>
        </con:credentials><con:jmsConfig JMSDeliveryMode="PERSISTENT"/><con:jmsPropertyConfig/><con:wsaConfig mustUnderstand="NONE" version="200508" action="http://fidus.brussels/services/personservice/getIdentity"/><con:wsrmConfig version="1.2"/></con:call><con:call id="4054bf91-0a93-4f89-b218-9dfaecdb9b22" name="3 - Test - Worker2New - Request" outgoingWss="Outflow TEST" incomingWss="Inflow TEST"><con:settings><con:setting id="com.eviware.soapui.impl.wsdl.WsdlRequest@request-headers">&lt;xml-fragment/></con:setting></con:settings><con:encoding>UTF-8</con:encoding><con:endpoint>https://192.168.22.93:8443/services/PersonService_v1.0</con:endpoint><con:request><![CDATA[<soapenv:Envelope xmlns:soapenv="http://schemas.xmlsoap.org/soap/envelope/" xmlns:v1="http://fidus.brussels/service/personservice/messages/v1" xmlns:v11="http://fidus.brussels/type/common/messages/v1">
   <soapenv:Header/>
   <soapenv:Body>
      <v1:getIdentityRequest>
         <v1:messageContext>
         	  <v11:messageId>${=import static java.util.UUID.randomUUID; uuid = randomUUID() as String}</v11:messageId>
            <v11:timestamp>${=new java.text.SimpleDateFormat("yyyy-MM-dd'T'HH:mm:ss.SSS").format(new Date())}</v11:timestamp>
         </v1:messageContext>
         <v1:legalContext>ServiceIntegrator</v1:legalContext>
         <v1:request>
            <v1:personNumber>91120406960</v1:personNumber>
         </v1:request>
      </v1:getIdentityRequest>
   </soapenv:Body>
</soapenv:Envelope>]]></con:request><con:credentials>
          <con:selectedAuthProfile>Basic</con:selectedAuthProfile>
          <con:addedBasicAuthenticationTypes>Basic</con:addedBasicAuthenticationTypes>
          <con:authType>Global HTTP Settings</con:authType>
        </con:credentials><con:jmsConfig JMSDeliveryMode="PERSISTENT"/><con:jmsPropertyConfig/><con:wsaConfig mustUnderstand="NONE" version="200508" action="http://fidus.brussels/services/personservice/getIdentity"/><con:wsrmConfig version="1.2"/></con:call><con:call id="c4e865d2-e8c5-4d34-a176-68de5a8657e4" name="4 - Staging - Worker1New - Request" outgoingWss="Outflow STAG" incomingWss="Inflow STAG"><con:settings><con:setting id="com.eviware.soapui.impl.wsdl.WsdlRequest@request-headers">&lt;xml-fragment/></con:setting></con:settings><con:encoding>UTF-8</con:encoding><con:endpoint>https://192.168.23.191:8443/services/PersonService_v1.0</con:endpoint><con:request><![CDATA[<soapenv:Envelope xmlns:soapenv="http://schemas.xmlsoap.org/soap/envelope/" xmlns:v1="http://fidus.brussels/service/personservice/messages/v1" xmlns:v11="http://fidus.brussels/type/common/messages/v1">
   <soapenv:Header/>
   <soapenv:Body>
      <v1:getIdentityRequest>
         <v1:messageContext>
         	  <v11:messageId>${=import static java.util.UUID.randomUUID; uuid = randomUUID() as String}</v11:messageId>
            <v11:timestamp>${=new java.text.SimpleDateFormat("yyyy-MM-dd'T'HH:mm:ss.SSS").format(new Date())}</v11:timestamp>
         </v1:messageContext>
         <v1:legalContext>ServiceIntegrator</v1:legalContext>
         <v1:request>
            <v1:personNumber>85081509931</v1:personNumber>
         </v1:request>
      </v1:getIdentityRequest>
   </soapenv:Body>
</soapenv:Envelope>]]></con:request><con:credentials>
          <con:selectedAuthProfile>Basic</con:selectedAuthProfile>
          <con:addedBasicAuthenticationTypes>Basic</con:addedBasicAuthenticationTypes>
          <con:authType>Global HTTP Settings</con:authType>
        </con:credentials><con:jmsConfig JMSDeliveryMode="PERSISTENT"/><con:jmsPropertyConfig/><con:wsaConfig mustUnderstand="NONE" version="200508" action="http://fidus.brussels/services/personservice/getIdentity"/><con:wsrmConfig version="1.2"/></con:call><con:call id="4c41d0e9-e341-481e-be8a-e3d5531309ca" name="4 - Staging - Worker2New - Request" outgoingWss="Outflow STAG" incomingWss="Inflow STAG"><con:settings><con:setting id="com.eviware.soapui.impl.wsdl.WsdlRequest@request-headers">&lt;xml-fragment/></con:setting></con:settings><con:encoding>UTF-8</con:encoding><con:endpoint>https://192.168.23.198:8443/services/PersonService_v1.0</con:endpoint><con:request><![CDATA[<soapenv:Envelope xmlns:soapenv="http://schemas.xmlsoap.org/soap/envelope/" xmlns:v1="http://fidus.brussels/service/personservice/messages/v1" xmlns:v11="http://fidus.brussels/type/common/messages/v1">
   <soapenv:Header/>
   <soapenv:Body>
      <v1:getIdentityRequest>
         <v1:messageContext>
         	  <v11:messageId>${=import static java.util.UUID.randomUUID; uuid = randomUUID() as String}</v11:messageId>
            <v11:timestamp>${=new java.text.SimpleDateFormat("yyyy-MM-dd'T'HH:mm:ss.SSS").format(new Date())}</v11:timestamp>
         </v1:messageContext>
         <v1:legalContext>ServiceIntegrator</v1:legalContext>
         <v1:request>
            <v1:personNumber>85081509931</v1:personNumber>
         </v1:request>
      </v1:getIdentityRequest>
   </soapenv:Body>
</soapenv:Envelope>]]></con:request><con:credentials>
          <con:selectedAuthProfile>Basic</con:selectedAuthProfile>
          <con:addedBasicAuthenticationTypes>Basic</con:addedBasicAuthenticationTypes>
          <con:authType>Global HTTP Settings</con:authType>
        </con:credentials><con:jmsConfig JMSDeliveryMode="PERSISTENT"/><con:jmsPropertyConfig/><con:wsaConfig mustUnderstand="NONE" version="200508" action="http://fidus.brussels/services/personservice/getIdentity"/><con:wsrmConfig version="1.2"/></con:call></con:operation>
    <con:operation isOneWay="false" action="http://fidus.brussels/services/personservice/searchPersonByAddress" name="searchPersonByAddress" bindingOperationName="searchPersonByAddress" type="Request-Response" inputName="" receivesAttachments="false" sendsAttachments="false" anonymous="optional" id="1ce38a6c-7ad5-442c-9f54-12e2a45b5a22">
      <con:settings/>
      <con:call name="1 - Local - Request" outgoingWss="Outflow DEV" incomingWss="Inflow DEV" id="dc5f8e0f-3abc-41ff-8408-488888ef65be">
        <con:settings>
          <con:setting id="com.eviware.soapui.impl.wsdl.WsdlRequest@request-headers">&lt;xml-fragment/></con:setting>
        </con:settings>
        <con:encoding>UTF-8</con:encoding>
        <con:endpoint>https://localhost:8243/services/PersonService_v1.0</con:endpoint>
        <con:request><![CDATA[<soapenv:Envelope xmlns:soapenv="http://schemas.xmlsoap.org/soap/envelope/" xmlns:v1="http://fidus.brussels/service/personservice/messages/v1" xmlns:v11="http://fidus.brussels/type/common/messages/v1">
   <soapenv:Header/>
   <soapenv:Body>
      <v1:searchPersonByAddressRequest>
         <v1:messageContext>
         	  <v11:messageId>${=import static java.util.UUID.randomUUID; uuid = randomUUID() as String}</v11:messageId>
            <v11:timestamp>${=new java.text.SimpleDateFormat("yyyy-MM-dd'T'HH:mm:ss.SSS").format(new Date())}</v11:timestamp>
         </v1:messageContext>
         <v1:legalContext>ServiceIntegrator</v1:legalContext>
         <v1:request>
            <postalCode>2800</postalCode>
            <streetCode>1481</streetCode>
            <houseNumber>77</houseNumber>
         </v1:request>
      </v1:searchPersonByAddressRequest>
   </soapenv:Body>
</soapenv:Envelope>]]></con:request>
        <con:credentials>
          <con:selectedAuthProfile>Basic</con:selectedAuthProfile>
          <con:addedBasicAuthenticationTypes>Basic</con:addedBasicAuthenticationTypes>
          <con:authType>Global HTTP Settings</con:authType>
        </con:credentials>
        <con:jmsConfig JMSDeliveryMode="PERSISTENT"/>
        <con:jmsPropertyConfig/>
        <con:wsaConfig mustUnderstand="NONE" version="200508" action="http://fidus.brussels/services/personservice/searchPersonByAddress"/>
        <con:wsrmConfig version="1.2"/>
      </con:call>
      <con:call id="96e62530-b8b7-4d46-be40-914b252ca667" name="2 - Dev - Request" outgoingWss="Outflow DEV" incomingWss="Inflow DEV">
        <con:settings>
          <con:setting id="com.eviware.soapui.impl.wsdl.WsdlRequest@request-headers">&lt;xml-fragment/></con:setting>
        </con:settings>
        <con:encoding>UTF-8</con:encoding>
        <con:endpoint>https://192.168.36.61:8243/services/PersonService_v1.0</con:endpoint>
        <con:request><![CDATA[<soapenv:Envelope xmlns:soapenv="http://schemas.xmlsoap.org/soap/envelope/" xmlns:v1="http://fidus.brussels/service/personservice/messages/v1" xmlns:v11="http://fidus.brussels/type/common/messages/v1">
   <soapenv:Header/>
   <soapenv:Body>
      <v1:searchPersonByAddressRequest>
         <v1:messageContext>
         	  <v11:messageId>${=import static java.util.UUID.randomUUID; uuid = randomUUID() as String}</v11:messageId>
            <v11:timestamp>${=new java.text.SimpleDateFormat("yyyy-MM-dd'T'HH:mm:ss.SSS").format(new Date())}</v11:timestamp>
         </v1:messageContext>
         <v1:legalContext>ServiceIntegrator</v1:legalContext>
         <v1:request>
            <postalCode>2800</postalCode>
            <streetCode>1480</streetCode>
            <houseNumber>77</houseNumber>
         </v1:request>
      </v1:searchPersonByAddressRequest>
   </soapenv:Body>
</soapenv:Envelope>]]></con:request>
        <con:credentials>
          <con:selectedAuthProfile>Basic</con:selectedAuthProfile>
          <con:addedBasicAuthenticationTypes>Basic</con:addedBasicAuthenticationTypes>
          <con:authType>Global HTTP Settings</con:authType>
        </con:credentials>
        <con:jmsConfig JMSDeliveryMode="PERSISTENT"/>
        <con:jmsPropertyConfig/>
        <con:wsaConfig mustUnderstand="NONE" version="200508" action="http://fidus.brussels/services/personservice/searchPersonByAddress"/>
        <con:wsrmConfig version="1.2"/>
      </con:call>
      <con:call id="4fdf64fb-d478-4164-823d-4ea01aa4d298" name="3 - Test - External - Request" outgoingWss="Outflow TEST" incomingWss="Inflow TEST">
        <con:settings>
          <con:setting id="com.eviware.soapui.impl.wsdl.WsdlRequest@request-headers">&lt;xml-fragment/></con:setting>
        </con:settings>
        <con:encoding>UTF-8</con:encoding>
        <con:endpoint>https://fidus-test.irisnetlab.be/services/PersonService_v1.0</con:endpoint>
        <con:request><![CDATA[<soapenv:Envelope xmlns:soapenv="http://schemas.xmlsoap.org/soap/envelope/" xmlns:v1="http://fidus.brussels/service/personservice/messages/v1" xmlns:v11="http://fidus.brussels/type/common/messages/v1">
   <soapenv:Header/>
   <soapenv:Body>
      <v1:searchPersonByAddressRequest>
         <v1:messageContext>
         	  <v11:messageId>${=import static java.util.UUID.randomUUID; uuid = randomUUID() as String}</v11:messageId>
            <v11:timestamp>${=new java.text.SimpleDateFormat("yyyy-MM-dd'T'HH:mm:ss.SSS").format(new Date())}</v11:timestamp>
         </v1:messageContext>
         <v1:legalContext>ServiceIntegrator</v1:legalContext>
         <v1:request>
            <postalCode>2800</postalCode>
            <streetCode>1480</streetCode>
            <houseNumber>77</houseNumber>
         </v1:request>
      </v1:searchPersonByAddressRequest>
   </soapenv:Body>
</soapenv:Envelope>]]></con:request>
        <con:credentials>
          <con:selectedAuthProfile>Basic</con:selectedAuthProfile>
          <con:addedBasicAuthenticationTypes>Basic</con:addedBasicAuthenticationTypes>
          <con:authType>Global HTTP Settings</con:authType>
        </con:credentials>
        <con:jmsConfig JMSDeliveryMode="PERSISTENT"/>
        <con:jmsPropertyConfig/>
        <con:wsaConfig mustUnderstand="NONE" version="200508" action="http://fidus.brussels/services/personservice/searchPersonByAddress"/>
        <con:wsrmConfig version="1.2"/>
      </con:call>
      <con:call id="bd14dd5b-7781-4ee2-8ccf-62d39077335e" name="3 - Test - LB - Request" outgoingWss="Outflow TEST" incomingWss="Inflow TEST">
        <con:settings>
          <con:setting id="com.eviware.soapui.impl.wsdl.WsdlRequest@request-headers">&lt;xml-fragment/></con:setting>
        </con:settings>
        <con:encoding>UTF-8</con:encoding>
        <con:endpoint>https://esb-security-gw.sta.srv.cirb.lan:8443/services/PersonService_v1.0</con:endpoint>
        <con:request><![CDATA[<soapenv:Envelope xmlns:soapenv="http://schemas.xmlsoap.org/soap/envelope/" xmlns:v1="http://fidus.brussels/service/personservice/messages/v1" xmlns:v11="http://fidus.brussels/type/common/messages/v1">
   <soapenv:Header/>
   <soapenv:Body>
      <v1:searchPersonByAddressRequest>
         <v1:messageContext>
         	  <v11:messageId>${=import static java.util.UUID.randomUUID; uuid = randomUUID() as String}</v11:messageId>
            <v11:timestamp>${=new java.text.SimpleDateFormat("yyyy-MM-dd'T'HH:mm:ss.SSS").format(new Date())}</v11:timestamp>
         </v1:messageContext>
         <v1:legalContext>ServiceIntegrator</v1:legalContext>
         <v1:request>
            <postalCode>2800</postalCode>
            <streetCode>1480</streetCode>
            <houseNumber>77</houseNumber>
         </v1:request>
      </v1:searchPersonByAddressRequest>
   </soapenv:Body>
</soapenv:Envelope>]]></con:request>
        <con:credentials>
          <con:selectedAuthProfile>Basic</con:selectedAuthProfile>
          <con:addedBasicAuthenticationTypes>Basic</con:addedBasicAuthenticationTypes>
          <con:authType>Global HTTP Settings</con:authType>
        </con:credentials>
        <con:jmsConfig JMSDeliveryMode="PERSISTENT"/>
        <con:jmsPropertyConfig/>
        <con:wsaConfig mustUnderstand="NONE" version="200508" action="http://fidus.brussels/services/personservice/searchPersonByAddress"/>
        <con:wsrmConfig version="1.2"/>
      </con:call>
      <con:call id="4cf18017-ee69-4750-af75-556f3f9fa371" name="3 - Test - Worker1 - Request" outgoingWss="Outflow TEST" incomingWss="Inflow TEST">
        <con:settings>
          <con:setting id="com.eviware.soapui.impl.wsdl.WsdlRequest@request-headers">&lt;xml-fragment/></con:setting>
        </con:settings>
        <con:encoding>UTF-8</con:encoding>
        <con:endpoint>https://192.168.22.53:8443/services/PersonService_v1.0</con:endpoint>
        <con:request><![CDATA[<soapenv:Envelope xmlns:soapenv="http://schemas.xmlsoap.org/soap/envelope/" xmlns:v1="http://fidus.brussels/service/personservice/messages/v1" xmlns:v11="http://fidus.brussels/type/common/messages/v1">
   <soapenv:Header/>
   <soapenv:Body>
      <v1:searchPersonByAddressRequest>
         <v1:messageContext>
         	  <v11:messageId>${=import static java.util.UUID.randomUUID; uuid = randomUUID() as String}</v11:messageId>
            <v11:timestamp>${=new java.text.SimpleDateFormat("yyyy-MM-dd'T'HH:mm:ss.SSS").format(new Date())}</v11:timestamp>
         </v1:messageContext>
         <v1:legalContext>ServiceIntegrator</v1:legalContext>
         <v1:request>
            <postalCode>2800</postalCode>
            <streetCode>1480</streetCode>
            <houseNumber>77</houseNumber>
         </v1:request>
      </v1:searchPersonByAddressRequest>
   </soapenv:Body>
</soapenv:Envelope>]]></con:request>
        <con:credentials>
          <con:selectedAuthProfile>Basic</con:selectedAuthProfile>
          <con:addedBasicAuthenticationTypes>Basic</con:addedBasicAuthenticationTypes>
          <con:authType>Global HTTP Settings</con:authType>
        </con:credentials>
        <con:jmsConfig JMSDeliveryMode="PERSISTENT"/>
        <con:jmsPropertyConfig/>
        <con:wsaConfig mustUnderstand="NONE" version="200508" action="http://fidus.brussels/services/personservice/searchPersonByAddress"/>
        <con:wsrmConfig version="1.2"/>
      </con:call>
      <con:call id="9d2d20b2-ab33-4073-8388-b2b24e4b1e93" name="3 - Test - Worker2 - Request" outgoingWss="Outflow TEST" incomingWss="Inflow TEST">
        <con:settings>
          <con:setting id="com.eviware.soapui.impl.wsdl.WsdlRequest@request-headers">&lt;xml-fragment/></con:setting>
        </con:settings>
        <con:encoding>UTF-8</con:encoding>
        <con:endpoint>https://192.168.22.54:8443/services/PersonService_v1.0</con:endpoint>
        <con:request><![CDATA[<soapenv:Envelope xmlns:soapenv="http://schemas.xmlsoap.org/soap/envelope/" xmlns:v1="http://fidus.brussels/service/personservice/messages/v1" xmlns:v11="http://fidus.brussels/type/common/messages/v1">
   <soapenv:Header/>
   <soapenv:Body>
      <v1:searchPersonByAddressRequest>
         <v1:messageContext>
         	  <v11:messageId>${=import static java.util.UUID.randomUUID; uuid = randomUUID() as String}</v11:messageId>
            <v11:timestamp>${=new java.text.SimpleDateFormat("yyyy-MM-dd'T'HH:mm:ss.SSS").format(new Date())}</v11:timestamp>
         </v1:messageContext>
         <v1:legalContext>ServiceIntegrator</v1:legalContext>
         <v1:request>
            <postalCode>2800</postalCode>
            <streetCode>1480</streetCode>
            <houseNumber>77</houseNumber>
         </v1:request>
      </v1:searchPersonByAddressRequest>
   </soapenv:Body>
</soapenv:Envelope>]]></con:request>
        <con:credentials>
          <con:selectedAuthProfile>Basic</con:selectedAuthProfile>
          <con:addedBasicAuthenticationTypes>Basic</con:addedBasicAuthenticationTypes>
          <con:authType>Global HTTP Settings</con:authType>
        </con:credentials>
        <con:jmsConfig JMSDeliveryMode="PERSISTENT"/>
        <con:jmsPropertyConfig/>
        <con:wsaConfig mustUnderstand="NONE" version="200508" action="http://fidus.brussels/services/personservice/searchPersonByAddress"/>
        <con:wsrmConfig version="1.2"/>
      </con:call>
      <con:call id="ce05d58f-458e-45a2-99bb-5464937162c5" name="4 - Staging - LB - Request" outgoingWss="Outflow STAG" incomingWss="Inflow STAG">
        <con:settings>
          <con:setting id="com.eviware.soapui.impl.wsdl.WsdlRequest@request-headers">&lt;xml-fragment/></con:setting>
        </con:settings>
        <con:encoding>UTF-8</con:encoding>
        <con:endpoint>https://fidus-esb-sg.sta.srv.cirb.lan:8443/services/PersonService_v1.0</con:endpoint>
        <con:request><![CDATA[<soapenv:Envelope xmlns:soapenv="http://schemas.xmlsoap.org/soap/envelope/" xmlns:v1="http://fidus.brussels/service/personservice/messages/v1" xmlns:v11="http://fidus.brussels/type/common/messages/v1">
   <soapenv:Header/>
   <soapenv:Body>
      <v1:searchPersonByAddressRequest>
         <v1:messageContext>
         	  <v11:messageId>${=import static java.util.UUID.randomUUID; uuid = randomUUID() as String}</v11:messageId>
            <v11:timestamp>${=new java.text.SimpleDateFormat("yyyy-MM-dd'T'HH:mm:ss.SSS").format(new Date())}</v11:timestamp>
         </v1:messageContext>
         <v1:legalContext>ServiceIntegrator</v1:legalContext>
         <v1:request>
            <postalCode>2800</postalCode>
            <streetCode>1480</streetCode>
            <houseNumber>77</houseNumber>
         </v1:request>
      </v1:searchPersonByAddressRequest>
   </soapenv:Body>
</soapenv:Envelope>]]></con:request>
        <con:credentials>
          <con:selectedAuthProfile>Basic</con:selectedAuthProfile>
          <con:addedBasicAuthenticationTypes>Basic</con:addedBasicAuthenticationTypes>
          <con:authType>Global HTTP Settings</con:authType>
        </con:credentials>
        <con:jmsConfig JMSDeliveryMode="PERSISTENT"/>
        <con:jmsPropertyConfig/>
        <con:wsaConfig mustUnderstand="NONE" version="200508" action="http://fidus.brussels/services/personservice/searchPersonByAddress"/>
        <con:wsrmConfig version="1.2"/>
      </con:call>
      <con:call id="fa9d8d9d-f74b-4016-9573-bc46c4c59f8f" name="4 - Staging - Worker1 - Request" outgoingWss="Outflow STAG" incomingWss="Inflow STAG">
        <con:settings>
          <con:setting id="com.eviware.soapui.impl.wsdl.WsdlRequest@request-headers">&lt;xml-fragment/></con:setting>
        </con:settings>
        <con:encoding>UTF-8</con:encoding>
        <con:endpoint>https://192.168.24.16:8443/services/PersonService_v1.0</con:endpoint>
        <con:request><![CDATA[<soapenv:Envelope xmlns:soapenv="http://schemas.xmlsoap.org/soap/envelope/" xmlns:v1="http://fidus.brussels/service/personservice/messages/v1" xmlns:v11="http://fidus.brussels/type/common/messages/v1">
   <soapenv:Header/>
   <soapenv:Body>
      <v1:searchPersonByAddressRequest>
         <v1:messageContext>
         	  <v11:messageId>${=import static java.util.UUID.randomUUID; uuid = randomUUID() as String}</v11:messageId>
            <v11:timestamp>${=new java.text.SimpleDateFormat("yyyy-MM-dd'T'HH:mm:ss.SSS").format(new Date())}</v11:timestamp>
         </v1:messageContext>
         <v1:legalContext>ServiceIntegrator</v1:legalContext>
         <v1:request>
            <postalCode>2800</postalCode>
            <streetCode>1480</streetCode>
            <houseNumber>77</houseNumber>
         </v1:request>
      </v1:searchPersonByAddressRequest>
   </soapenv:Body>
</soapenv:Envelope>]]></con:request>
        <con:credentials>
          <con:selectedAuthProfile>Basic</con:selectedAuthProfile>
          <con:addedBasicAuthenticationTypes>Basic</con:addedBasicAuthenticationTypes>
          <con:authType>Global HTTP Settings</con:authType>
        </con:credentials>
        <con:jmsConfig JMSDeliveryMode="PERSISTENT"/>
        <con:jmsPropertyConfig/>
        <con:wsaConfig mustUnderstand="NONE" version="200508" action="http://fidus.brussels/services/personservice/searchPersonByAddress"/>
        <con:wsrmConfig version="1.2"/>
      </con:call>
      <con:call id="e03ee615-c9c3-4ad0-be69-11f89a3cf25f" name="4 - Staging - Worker2 - Request" outgoingWss="Outflow STAG" incomingWss="Inflow STAG">
        <con:settings>
          <con:setting id="com.eviware.soapui.impl.wsdl.WsdlRequest@request-headers">&lt;xml-fragment/></con:setting>
        </con:settings>
        <con:encoding>UTF-8</con:encoding>
        <con:endpoint>https://192.168.24.17:8443/services/PersonService_v1.0</con:endpoint>
        <con:request><![CDATA[<soapenv:Envelope xmlns:soapenv="http://schemas.xmlsoap.org/soap/envelope/" xmlns:v1="http://fidus.brussels/service/personservice/messages/v1" xmlns:v11="http://fidus.brussels/type/common/messages/v1">
   <soapenv:Header/>
   <soapenv:Body>
      <v1:searchPersonByAddressRequest>
         <v1:messageContext>
         	  <v11:messageId>${=import static java.util.UUID.randomUUID; uuid = randomUUID() as String}</v11:messageId>
            <v11:timestamp>${=new java.text.SimpleDateFormat("yyyy-MM-dd'T'HH:mm:ss.SSS").format(new Date())}</v11:timestamp>
         </v1:messageContext>
         <v1:legalContext>ServiceIntegrator</v1:legalContext>
         <v1:request>
            <postalCode>2800</postalCode>
            <streetCode>1480</streetCode>
            <houseNumber>77</houseNumber>
         </v1:request>
      </v1:searchPersonByAddressRequest>
   </soapenv:Body>
</soapenv:Envelope>]]></con:request>
        <con:credentials>
          <con:selectedAuthProfile>Basic</con:selectedAuthProfile>
          <con:addedBasicAuthenticationTypes>Basic</con:addedBasicAuthenticationTypes>
          <con:authType>Global HTTP Settings</con:authType>
        </con:credentials>
        <con:jmsConfig JMSDeliveryMode="PERSISTENT"/>
        <con:jmsPropertyConfig/>
        <con:wsaConfig mustUnderstand="NONE" version="200508" action="http://fidus.brussels/services/personservice/searchPersonByAddress"/>
        <con:wsrmConfig version="1.2"/>
      </con:call>
      <con:call id="85a4ad10-d22b-4e61-9773-e8480aae2de9" name="4 - Staging - External - Request" outgoingWss="Outflow STAG" incomingWss="Inflow STAG">
        <con:settings>
          <con:setting id="com.eviware.soapui.impl.wsdl.WsdlRequest@request-headers">&lt;xml-fragment/></con:setting>
        </con:settings>
        <con:encoding>UTF-8</con:encoding>
        <con:endpoint>https://fidus.irisnetlab.be/services/PersonService_v1.0</con:endpoint>
        <con:request><![CDATA[<soapenv:Envelope xmlns:soapenv="http://schemas.xmlsoap.org/soap/envelope/" xmlns:v1="http://fidus.brussels/service/personservice/messages/v1" xmlns:v11="http://fidus.brussels/type/common/messages/v1">
   <soapenv:Header/>
   <soapenv:Body>
      <v1:searchPersonByAddressRequest>
         <v1:messageContext>
         	  <v11:messageId>${=import static java.util.UUID.randomUUID; uuid = randomUUID() as String}</v11:messageId>
            <v11:timestamp>${=new java.text.SimpleDateFormat("yyyy-MM-dd'T'HH:mm:ss.SSS").format(new Date())}</v11:timestamp>
         </v1:messageContext>
         <v1:legalContext>ServiceIntegrator</v1:legalContext>
         <v1:request>
            <postalCode>2800</postalCode>
            <streetCode>1480</streetCode>
            <houseNumber>77</houseNumber>
         </v1:request>
      </v1:searchPersonByAddressRequest>
   </soapenv:Body>
</soapenv:Envelope>]]></con:request>
        <con:credentials>
          <con:selectedAuthProfile>Basic</con:selectedAuthProfile>
          <con:addedBasicAuthenticationTypes>Basic</con:addedBasicAuthenticationTypes>
          <con:authType>Global HTTP Settings</con:authType>
        </con:credentials>
        <con:jmsConfig JMSDeliveryMode="PERSISTENT"/>
        <con:jmsPropertyConfig/>
        <con:wsaConfig mustUnderstand="NONE" version="200508" action="http://fidus.brussels/services/personservice/searchPersonByAddress"/>
        <con:wsrmConfig version="1.2"/>
      </con:call>
      <con:call id="dc958878-2705-405e-bdee-e2347006388b" name="5 - Prod - External - Request" outgoingWss="Outflow PROD" incomingWss="Inflow PROD">
        <con:settings>
          <con:setting id="com.eviware.soapui.impl.wsdl.WsdlRequest@request-headers">&lt;xml-fragment/></con:setting>
        </con:settings>
        <con:encoding>UTF-8</con:encoding>
        <con:endpoint>https://fidus.sec.brussels/services/PersonService_v1.0</con:endpoint>
        <con:request><![CDATA[<soapenv:Envelope xmlns:soapenv="http://schemas.xmlsoap.org/soap/envelope/" xmlns:v1="http://fidus.brussels/service/personservice/messages/v1" xmlns:v11="http://fidus.brussels/type/common/messages/v1">
   <soapenv:Header/>
   <soapenv:Body>
      <v1:searchPersonByAddressRequest>
         <v1:messageContext>
         	  <v11:messageId>${=import static java.util.UUID.randomUUID; uuid = randomUUID() as String}</v11:messageId>
            <v11:timestamp>${=new java.text.SimpleDateFormat("yyyy-MM-dd'T'HH:mm:ss.SSS").format(new Date())}</v11:timestamp>
         </v1:messageContext>
         <v1:legalContext>ServiceIntegrator</v1:legalContext>
         <v1:request>
            <postalCode>2800</postalCode>
            <streetCode>1480</streetCode>
            <houseNumber>77</houseNumber>
         </v1:request>
      </v1:searchPersonByAddressRequest>
   </soapenv:Body>
</soapenv:Envelope>]]></con:request>
        <con:credentials>
          <con:selectedAuthProfile>Basic</con:selectedAuthProfile>
          <con:addedBasicAuthenticationTypes>Basic</con:addedBasicAuthenticationTypes>
          <con:authType>Global HTTP Settings</con:authType>
        </con:credentials>
        <con:jmsConfig JMSDeliveryMode="PERSISTENT"/>
        <con:jmsPropertyConfig/>
        <con:wsaConfig mustUnderstand="NONE" version="200508" action="http://fidus.brussels/services/personservice/searchPersonByAddress"/>
        <con:wsrmConfig version="1.2"/>
      </con:call>
      <con:call id="57836cf7-beed-4cdd-9ebc-9edaa21f9b5f" name="5 - Prod - LB - Request" outgoingWss="Outflow PROD" incomingWss="Inflow PROD">
        <con:settings>
          <con:setting id="com.eviware.soapui.impl.wsdl.WsdlRequest@request-headers">&lt;xml-fragment/></con:setting>
        </con:settings>
        <con:encoding>UTF-8</con:encoding>
        <con:endpoint>https://fidus-esb-sg.prd.srv.cirb.lan:8443/services/PersonService_v1.0</con:endpoint>
        <con:request><![CDATA[<soapenv:Envelope xmlns:soapenv="http://schemas.xmlsoap.org/soap/envelope/" xmlns:v1="http://fidus.brussels/service/personservice/messages/v1" xmlns:v11="http://fidus.brussels/type/common/messages/v1">
   <soapenv:Header/>
   <soapenv:Body>
      <v1:searchPersonByAddressRequest>
         <v1:messageContext>
         	  <v11:messageId>${=import static java.util.UUID.randomUUID; uuid = randomUUID() as String}</v11:messageId>
            <v11:timestamp>${=new java.text.SimpleDateFormat("yyyy-MM-dd'T'HH:mm:ss.SSS").format(new Date())}</v11:timestamp>
         </v1:messageContext>
         <v1:legalContext>ServiceIntegrator</v1:legalContext>
         <v1:request>
            <postalCode>2800</postalCode>
            <streetCode>1480</streetCode>
            <houseNumber>77</houseNumber>
         </v1:request>
      </v1:searchPersonByAddressRequest>
   </soapenv:Body>
</soapenv:Envelope>]]></con:request>
        <con:credentials>
          <con:selectedAuthProfile>Basic</con:selectedAuthProfile>
          <con:addedBasicAuthenticationTypes>Basic</con:addedBasicAuthenticationTypes>
          <con:authType>Global HTTP Settings</con:authType>
        </con:credentials>
        <con:jmsConfig JMSDeliveryMode="PERSISTENT"/>
        <con:jmsPropertyConfig/>
        <con:wsaConfig mustUnderstand="NONE" version="200508" action="http://fidus.brussels/services/personservice/searchPersonByAddress"/>
        <con:wsrmConfig version="1.2"/>
      </con:call>
      <con:call id="1e9bd60d-d233-410e-8ac9-8b0e1b9730e1" name="5 - Prod - Worker1 - Request" outgoingWss="Outflow PROD" incomingWss="Inflow PROD">
        <con:settings>
          <con:setting id="com.eviware.soapui.impl.wsdl.WsdlRequest@request-headers">&lt;xml-fragment/></con:setting>
        </con:settings>
        <con:encoding>UTF-8</con:encoding>
        <con:endpoint>https://192.168.26.22:8443/services/PersonService_v1.0</con:endpoint>
        <con:request><![CDATA[<soapenv:Envelope xmlns:soapenv="http://schemas.xmlsoap.org/soap/envelope/" xmlns:v1="http://fidus.brussels/service/personservice/messages/v1" xmlns:v11="http://fidus.brussels/type/common/messages/v1">
   <soapenv:Header/>
   <soapenv:Body>
      <v1:searchPersonByAddressRequest>
         <v1:messageContext>
         	  <v11:messageId>${=import static java.util.UUID.randomUUID; uuid = randomUUID() as String}</v11:messageId>
            <v11:timestamp>${=new java.text.SimpleDateFormat("yyyy-MM-dd'T'HH:mm:ss.SSS").format(new Date())}</v11:timestamp>
         </v1:messageContext>
         <v1:legalContext>ServiceIntegrator</v1:legalContext>
         <v1:request>
            <postalCode>2800</postalCode>
            <streetCode>1480</streetCode>
            <houseNumber>77</houseNumber>
         </v1:request>
      </v1:searchPersonByAddressRequest>
   </soapenv:Body>
</soapenv:Envelope>]]></con:request>
        <con:credentials>
          <con:selectedAuthProfile>Basic</con:selectedAuthProfile>
          <con:addedBasicAuthenticationTypes>Basic</con:addedBasicAuthenticationTypes>
          <con:authType>Global HTTP Settings</con:authType>
        </con:credentials>
        <con:jmsConfig JMSDeliveryMode="PERSISTENT"/>
        <con:jmsPropertyConfig/>
        <con:wsaConfig mustUnderstand="NONE" version="200508" action="http://fidus.brussels/services/personservice/searchPersonByAddress"/>
        <con:wsrmConfig version="1.2"/>
      </con:call>
      <con:call id="2fcc253d-1c54-482f-a8ef-6ee76c88251c" name="5 - Prod - Worker2 - Request" outgoingWss="Outflow PROD" incomingWss="Inflow PROD">
        <con:settings>
          <con:setting id="com.eviware.soapui.impl.wsdl.WsdlRequest@request-headers">&lt;xml-fragment/></con:setting>
        </con:settings>
        <con:encoding>UTF-8</con:encoding>
        <con:endpoint>https://192.168.26.19:8443/services/PersonService_v1.0</con:endpoint>
        <con:request><![CDATA[<soapenv:Envelope xmlns:soapenv="http://schemas.xmlsoap.org/soap/envelope/" xmlns:v1="http://fidus.brussels/service/personservice/messages/v1" xmlns:v11="http://fidus.brussels/type/common/messages/v1">
   <soapenv:Header/>
   <soapenv:Body>
      <v1:searchPersonByAddressRequest>
         <v1:messageContext>
         	  <v11:messageId>${=import static java.util.UUID.randomUUID; uuid = randomUUID() as String}</v11:messageId>
            <v11:timestamp>${=new java.text.SimpleDateFormat("yyyy-MM-dd'T'HH:mm:ss.SSS").format(new Date())}</v11:timestamp>
         </v1:messageContext>
         <v1:legalContext>ServiceIntegrator</v1:legalContext>
         <v1:request>
            <postalCode>2800</postalCode>
            <streetCode>1480</streetCode>
            <houseNumber>77</houseNumber>
         </v1:request>
      </v1:searchPersonByAddressRequest>
   </soapenv:Body>
</soapenv:Envelope>]]></con:request>
        <con:credentials>
          <con:selectedAuthProfile>Basic</con:selectedAuthProfile>
          <con:addedBasicAuthenticationTypes>Basic</con:addedBasicAuthenticationTypes>
          <con:authType>Global HTTP Settings</con:authType>
        </con:credentials>
        <con:jmsConfig JMSDeliveryMode="PERSISTENT"/>
        <con:jmsPropertyConfig/>
        <con:wsaConfig mustUnderstand="NONE" version="200508" action="http://fidus.brussels/services/personservice/searchPersonByAddress"/>
        <con:wsrmConfig version="1.2"/>
      </con:call>
    <con:call id="d0d2467b-e44f-4d98-83c7-3445155531bc" name="2 - DevNew - Request" outgoingWss="Outflow DEV" incomingWss="Inflow DEV"><con:settings><con:setting id="com.eviware.soapui.impl.wsdl.WsdlRequest@request-headers">&lt;xml-fragment/></con:setting></con:settings><con:encoding>UTF-8</con:encoding><con:endpoint>https://192.168.36.205:8243/services/PersonService_v1.0</con:endpoint><con:request><![CDATA[<soapenv:Envelope xmlns:soapenv="http://schemas.xmlsoap.org/soap/envelope/" xmlns:v1="http://fidus.brussels/service/personservice/messages/v1" xmlns:v11="http://fidus.brussels/type/common/messages/v1">
   <soapenv:Header/>
   <soapenv:Body>
      <v1:searchPersonByAddressRequest>
         <v1:messageContext>
         	  <v11:messageId>${=import static java.util.UUID.randomUUID; uuid = randomUUID() as String}</v11:messageId>
            <v11:timestamp>${=new java.text.SimpleDateFormat("yyyy-MM-dd'T'HH:mm:ss.SSS").format(new Date())}</v11:timestamp>
         </v1:messageContext>
         <v1:legalContext>ServiceIntegrator</v1:legalContext>
         <v1:request>
            <postalCode>2800</postalCode>
            <streetCode>1480</streetCode>
            <houseNumber>77</houseNumber>
         </v1:request>
      </v1:searchPersonByAddressRequest>
   </soapenv:Body>
</soapenv:Envelope>]]></con:request><con:credentials>
          <con:selectedAuthProfile>Basic</con:selectedAuthProfile>
          <con:addedBasicAuthenticationTypes>Basic</con:addedBasicAuthenticationTypes>
          <con:authType>Global HTTP Settings</con:authType>
        </con:credentials><con:jmsConfig JMSDeliveryMode="PERSISTENT"/><con:jmsPropertyConfig/><con:wsaConfig mustUnderstand="NONE" version="200508" action="http://fidus.brussels/services/personservice/searchPersonByAddress"/><con:wsrmConfig version="1.2"/></con:call><con:call id="104c0ba3-e4a4-4755-91f0-21300b23a57f" name="3 - Test - Worker1New - Request" outgoingWss="Outflow TEST" incomingWss="Inflow TEST"><con:settings><con:setting id="com.eviware.soapui.impl.wsdl.WsdlRequest@request-headers">&lt;xml-fragment/></con:setting></con:settings><con:encoding>UTF-8</con:encoding><con:endpoint>https://192.168.22.73:8443/services/PersonService_v1.0</con:endpoint><con:request><![CDATA[<soapenv:Envelope xmlns:soapenv="http://schemas.xmlsoap.org/soap/envelope/" xmlns:v1="http://fidus.brussels/service/personservice/messages/v1" xmlns:v11="http://fidus.brussels/type/common/messages/v1">
   <soapenv:Header/>
   <soapenv:Body>
      <v1:searchPersonByAddressRequest>
         <v1:messageContext>
         	  <v11:messageId>${=import static java.util.UUID.randomUUID; uuid = randomUUID() as String}</v11:messageId>
            <v11:timestamp>${=new java.text.SimpleDateFormat("yyyy-MM-dd'T'HH:mm:ss.SSS").format(new Date())}</v11:timestamp>
         </v1:messageContext>
         <v1:legalContext>ServiceIntegrator</v1:legalContext>
         <v1:request>
            <postalCode>2800</postalCode>
            <streetCode>1480</streetCode>
            <houseNumber>77</houseNumber>
         </v1:request>
      </v1:searchPersonByAddressRequest>
   </soapenv:Body>
</soapenv:Envelope>]]></con:request><con:credentials>
          <con:selectedAuthProfile>Basic</con:selectedAuthProfile>
          <con:addedBasicAuthenticationTypes>Basic</con:addedBasicAuthenticationTypes>
          <con:authType>Global HTTP Settings</con:authType>
        </con:credentials><con:jmsConfig JMSDeliveryMode="PERSISTENT"/><con:jmsPropertyConfig/><con:wsaConfig mustUnderstand="NONE" version="200508" action="http://fidus.brussels/services/personservice/searchPersonByAddress"/><con:wsrmConfig version="1.2"/></con:call><con:call id="8e24ca88-5589-43f7-b289-5f0143e1b3cb" name="3 - Test - Worker2New - Request" outgoingWss="Outflow TEST" incomingWss="Inflow TEST"><con:settings><con:setting id="com.eviware.soapui.impl.wsdl.WsdlRequest@request-headers">&lt;xml-fragment/></con:setting></con:settings><con:encoding>UTF-8</con:encoding><con:endpoint>https://192.168.22.93:8443/services/PersonService_v1.0</con:endpoint><con:request><![CDATA[<soapenv:Envelope xmlns:soapenv="http://schemas.xmlsoap.org/soap/envelope/" xmlns:v1="http://fidus.brussels/service/personservice/messages/v1" xmlns:v11="http://fidus.brussels/type/common/messages/v1">
   <soapenv:Header/>
   <soapenv:Body>
      <v1:searchPersonByAddressRequest>
         <v1:messageContext>
         	  <v11:messageId>${=import static java.util.UUID.randomUUID; uuid = randomUUID() as String}</v11:messageId>
            <v11:timestamp>${=new java.text.SimpleDateFormat("yyyy-MM-dd'T'HH:mm:ss.SSS").format(new Date())}</v11:timestamp>
         </v1:messageContext>
         <v1:legalContext>ServiceIntegrator</v1:legalContext>
         <v1:request>
            <postalCode>2800</postalCode>
            <streetCode>1480</streetCode>
            <houseNumber>77</houseNumber>
         </v1:request>
      </v1:searchPersonByAddressRequest>
   </soapenv:Body>
</soapenv:Envelope>]]></con:request><con:credentials>
          <con:selectedAuthProfile>Basic</con:selectedAuthProfile>
          <con:addedBasicAuthenticationTypes>Basic</con:addedBasicAuthenticationTypes>
          <con:authType>Global HTTP Settings</con:authType>
        </con:credentials><con:jmsConfig JMSDeliveryMode="PERSISTENT"/><con:jmsPropertyConfig/><con:wsaConfig mustUnderstand="NONE" version="200508" action="http://fidus.brussels/services/personservice/searchPersonByAddress"/><con:wsrmConfig version="1.2"/></con:call><con:call id="b3922a18-5965-4e81-9c0c-27b3d94b839c" name="4 - Staging - Worker1New - Request" outgoingWss="Outflow STAG" incomingWss="Inflow STAG"><con:settings><con:setting id="com.eviware.soapui.impl.wsdl.WsdlRequest@request-headers">&lt;xml-fragment/></con:setting></con:settings><con:encoding>UTF-8</con:encoding><con:endpoint>https://192.168.23.191:8443/services/PersonService_v1.0</con:endpoint><con:request><![CDATA[<soapenv:Envelope xmlns:soapenv="http://schemas.xmlsoap.org/soap/envelope/" xmlns:v1="http://fidus.brussels/service/personservice/messages/v1" xmlns:v11="http://fidus.brussels/type/common/messages/v1">
   <soapenv:Header/>
   <soapenv:Body>
      <v1:searchPersonByAddressRequest>
         <v1:messageContext>
         	  <v11:messageId>${=import static java.util.UUID.randomUUID; uuid = randomUUID() as String}</v11:messageId>
            <v11:timestamp>${=new java.text.SimpleDateFormat("yyyy-MM-dd'T'HH:mm:ss.SSS").format(new Date())}</v11:timestamp>
         </v1:messageContext>
         <v1:legalContext>ServiceIntegrator</v1:legalContext>
         <v1:request>
            <postalCode>2800</postalCode>
            <streetCode>1480</streetCode>
            <houseNumber>77</houseNumber>
         </v1:request>
      </v1:searchPersonByAddressRequest>
   </soapenv:Body>
</soapenv:Envelope>]]></con:request><con:credentials>
          <con:selectedAuthProfile>Basic</con:selectedAuthProfile>
          <con:addedBasicAuthenticationTypes>Basic</con:addedBasicAuthenticationTypes>
          <con:authType>Global HTTP Settings</con:authType>
        </con:credentials><con:jmsConfig JMSDeliveryMode="PERSISTENT"/><con:jmsPropertyConfig/><con:wsaConfig mustUnderstand="NONE" version="200508" action="http://fidus.brussels/services/personservice/searchPersonByAddress"/><con:wsrmConfig version="1.2"/></con:call><con:call id="f2c46c4c-5ff9-411a-b5ed-080f4d259776" name="4 - Staging - Worker2New - Request" outgoingWss="Outflow STAG" incomingWss="Inflow STAG"><con:settings><con:setting id="com.eviware.soapui.impl.wsdl.WsdlRequest@request-headers">&lt;xml-fragment/></con:setting></con:settings><con:encoding>UTF-8</con:encoding><con:endpoint>https://192.168.23.198:8443/services/PersonService_v1.0</con:endpoint><con:request><![CDATA[<soapenv:Envelope xmlns:soapenv="http://schemas.xmlsoap.org/soap/envelope/" xmlns:v1="http://fidus.brussels/service/personservice/messages/v1" xmlns:v11="http://fidus.brussels/type/common/messages/v1">
   <soapenv:Header/>
   <soapenv:Body>
      <v1:searchPersonByAddressRequest>
         <v1:messageContext>
         	  <v11:messageId>${=import static java.util.UUID.randomUUID; uuid = randomUUID() as String}</v11:messageId>
            <v11:timestamp>${=new java.text.SimpleDateFormat("yyyy-MM-dd'T'HH:mm:ss.SSS").format(new Date())}</v11:timestamp>
         </v1:messageContext>
         <v1:legalContext>ServiceIntegrator</v1:legalContext>
         <v1:request>
            <postalCode>2800</postalCode>
            <streetCode>1480</streetCode>
            <houseNumber>77</houseNumber>
         </v1:request>
      </v1:searchPersonByAddressRequest>
   </soapenv:Body>
</soapenv:Envelope>]]></con:request><con:credentials>
          <con:selectedAuthProfile>Basic</con:selectedAuthProfile>
          <con:addedBasicAuthenticationTypes>Basic</con:addedBasicAuthenticationTypes>
          <con:authType>Global HTTP Settings</con:authType>
        </con:credentials><con:jmsConfig JMSDeliveryMode="PERSISTENT"/><con:jmsPropertyConfig/><con:wsaConfig mustUnderstand="NONE" version="200508" action="http://fidus.brussels/services/personservice/searchPersonByAddress"/><con:wsrmConfig version="1.2"/></con:call></con:operation>
    <con:operation isOneWay="false" action="http://fidus.brussels/services/personservice/searchPersonPhonetically" name="searchPersonPhonetically" bindingOperationName="searchPersonPhonetically" type="Request-Response" inputName="" receivesAttachments="false" sendsAttachments="false" anonymous="optional" id="963fba3d-d71d-4af1-b0ec-fb7dea19318c">
      <con:settings/>
      <con:call name="1 - Local - Request" outgoingWss="Outflow DEV" incomingWss="Inflow DEV" id="ee0ebece-4826-4161-9fe7-a92fe233be58">
        <con:settings>
          <con:setting id="com.eviware.soapui.impl.wsdl.WsdlRequest@request-headers">&lt;xml-fragment/></con:setting>
        </con:settings>
        <con:encoding>UTF-8</con:encoding>
        <con:endpoint>https://localhost:8243/services/PersonService_v1.0</con:endpoint>
        <con:request><![CDATA[<soapenv:Envelope xmlns:soapenv="http://schemas.xmlsoap.org/soap/envelope/" xmlns:v1="http://fidus.brussels/service/personservice/messages/v1" xmlns:v11="http://fidus.brussels/type/common/messages/v1">
   <soapenv:Header/>
   <soapenv:Body>
      <v1:searchPersonPhoneticallyRequest>
         <v1:messageContext>
         	  <v11:messageId>${=import static java.util.UUID.randomUUID; uuid = randomUUID() as String}</v11:messageId>
            <v11:timestamp>${=new java.text.SimpleDateFormat("yyyy-MM-dd'T'HH:mm:ss.SSS").format(new Date())}</v11:timestamp>
         </v1:messageContext>
         <v1:legalContext>ServiceIntegrator</v1:legalContext>
         <v1:request>
            <name>
               <lastName>GENERATED</lastName>
               <givenName sequence="1">Stijn</givenName>
               <givenNameMatching>COMPLETE_FIRST_GIVENNAME</givenNameMatching>
            </name>
            <birth>
               <birthDate>1985-08-15</birthDate>
            </birth>
         </v1:request>
      </v1:searchPersonPhoneticallyRequest>
   </soapenv:Body>
</soapenv:Envelope>]]></con:request>
        <con:credentials>
          <con:selectedAuthProfile>Basic</con:selectedAuthProfile>
          <con:addedBasicAuthenticationTypes>Basic</con:addedBasicAuthenticationTypes>
          <con:authType>Global HTTP Settings</con:authType>
        </con:credentials>
        <con:jmsConfig JMSDeliveryMode="PERSISTENT"/>
        <con:jmsPropertyConfig/>
        <con:wsaConfig mustUnderstand="NONE" version="200508" action="http://fidus.brussels/services/personservice/searchPersonPhonetically"/>
        <con:wsrmConfig version="1.2"/>
      </con:call>
      <con:call id="a9f1546e-50d6-49ff-97db-59f679b6e803" name="2 - Dev - Request" outgoingWss="Outflow DEV" incomingWss="Inflow DEV">
        <con:settings>
          <con:setting id="com.eviware.soapui.impl.wsdl.WsdlRequest@request-headers">&lt;xml-fragment/></con:setting>
        </con:settings>
        <con:encoding>UTF-8</con:encoding>
        <con:endpoint>https://192.168.36.61:8243/services/PersonService_v1.0</con:endpoint>
        <con:request><![CDATA[<soapenv:Envelope xmlns:soapenv="http://schemas.xmlsoap.org/soap/envelope/" xmlns:v1="http://fidus.brussels/service/personservice/messages/v1" xmlns:v11="http://fidus.brussels/type/common/messages/v1">
   <soapenv:Header/>
   <soapenv:Body>
      <v1:searchPersonPhoneticallyRequest>
         <v1:messageContext>
         	  <v11:messageId>${=import static java.util.UUID.randomUUID; uuid = randomUUID() as String}</v11:messageId>
            <v11:timestamp>${=new java.text.SimpleDateFormat("yyyy-MM-dd'T'HH:mm:ss.SSS").format(new Date())}</v11:timestamp>
         </v1:messageContext>
         <v1:legalContext>ServiceIntegrator</v1:legalContext>
         <v1:request>
            <name>
               <lastName>GENERATED</lastName>
               <givenName sequence="1">Stijn</givenName>
               <givenNameMatching>COMPLETE_FIRST_GIVENNAME</givenNameMatching>
            </name>
            <birth>
               <birthDate>1985-08-15</birthDate>
            </birth>
         </v1:request>
      </v1:searchPersonPhoneticallyRequest>
   </soapenv:Body>
</soapenv:Envelope>]]></con:request>
        <con:credentials>
          <con:selectedAuthProfile>Basic</con:selectedAuthProfile>
          <con:addedBasicAuthenticationTypes>Basic</con:addedBasicAuthenticationTypes>
          <con:authType>Global HTTP Settings</con:authType>
        </con:credentials>
        <con:jmsConfig JMSDeliveryMode="PERSISTENT"/>
        <con:jmsPropertyConfig/>
        <con:wsaConfig mustUnderstand="NONE" version="200508" action="http://fidus.brussels/services/personservice/searchPersonPhonetically"/>
        <con:wsrmConfig version="1.2"/>
      </con:call>
      <con:call id="0eb96b84-438b-4b43-9b0e-364a4d879a4a" name="3 - Test - External - Request" outgoingWss="Outflow TEST" incomingWss="Inflow TEST">
        <con:settings>
          <con:setting id="com.eviware.soapui.impl.wsdl.WsdlRequest@request-headers">&lt;xml-fragment/></con:setting>
        </con:settings>
        <con:encoding>UTF-8</con:encoding>
        <con:endpoint>https://fidus-test.irisnetlab.be/services/PersonService_v1.0</con:endpoint>
        <con:request><![CDATA[<soapenv:Envelope xmlns:soapenv="http://schemas.xmlsoap.org/soap/envelope/" xmlns:v1="http://fidus.brussels/service/personservice/messages/v1" xmlns:v11="http://fidus.brussels/type/common/messages/v1">
   <soapenv:Header/>
   <soapenv:Body>
      <v1:searchPersonPhoneticallyRequest>
         <v1:messageContext>
         	  <v11:messageId>${=import static java.util.UUID.randomUUID; uuid = randomUUID() as String}</v11:messageId>
            <v11:timestamp>${=new java.text.SimpleDateFormat("yyyy-MM-dd'T'HH:mm:ss.SSS").format(new Date())}</v11:timestamp>
         </v1:messageContext>
         <v1:legalContext>ServiceIntegrator</v1:legalContext>
         <v1:request>
            <name>
               <lastName>GENERATED</lastName>
               <givenName sequence="1">Stijn</givenName>
               <givenNameMatching>COMPLETE_FIRST_GIVENNAME</givenNameMatching>
            </name>
            <birth>
               <birthDate>1985-08-15</birthDate>
            </birth>
         </v1:request>
      </v1:searchPersonPhoneticallyRequest>
   </soapenv:Body>
</soapenv:Envelope>]]></con:request>
        <con:credentials>
          <con:selectedAuthProfile>Basic</con:selectedAuthProfile>
          <con:addedBasicAuthenticationTypes>Basic</con:addedBasicAuthenticationTypes>
          <con:authType>Global HTTP Settings</con:authType>
        </con:credentials>
        <con:jmsConfig JMSDeliveryMode="PERSISTENT"/>
        <con:jmsPropertyConfig/>
        <con:wsaConfig mustUnderstand="NONE" version="200508" action="http://fidus.brussels/services/personservice/searchPersonPhonetically"/>
        <con:wsrmConfig version="1.2"/>
      </con:call>
      <con:call id="29cd5922-4b29-445e-9676-3bcb8a6a77f0" name="4 - Staging - Worker1 - Request" outgoingWss="Outflow STAG" incomingWss="Inflow STAG">
        <con:settings>
          <con:setting id="com.eviware.soapui.impl.wsdl.WsdlRequest@request-headers">&lt;xml-fragment/></con:setting>
        </con:settings>
        <con:encoding>UTF-8</con:encoding>
        <con:endpoint>https://192.168.24.16:8443/services/PersonService_v1.0</con:endpoint>
        <con:request><![CDATA[<soapenv:Envelope xmlns:soapenv="http://schemas.xmlsoap.org/soap/envelope/" xmlns:v1="http://fidus.brussels/service/personservice/messages/v1" xmlns:v11="http://fidus.brussels/type/common/messages/v1">
   <soapenv:Header/>
   <soapenv:Body>
      <v1:searchPersonPhoneticallyRequest>
         <v1:messageContext>
         	  <v11:messageId>${=import static java.util.UUID.randomUUID; uuid = randomUUID() as String}</v11:messageId>
            <v11:timestamp>${=new java.text.SimpleDateFormat("yyyy-MM-dd'T'HH:mm:ss.SSS").format(new Date())}</v11:timestamp>
         </v1:messageContext>
         <v1:legalContext>ServiceIntegrator</v1:legalContext>
         <v1:request>
            <name>
               <lastName>Peters</lastName>
               <givenNameMatching>ALL_GIVENNAME</givenNameMatching>
            </name>
            <birth>
               <birthDate>1984-01-01</birthDate>
            </birth>
         </v1:request>
      </v1:searchPersonPhoneticallyRequest>
   </soapenv:Body>
</soapenv:Envelope>]]></con:request>
        <con:credentials>
          <con:selectedAuthProfile>Basic</con:selectedAuthProfile>
          <con:addedBasicAuthenticationTypes>Basic</con:addedBasicAuthenticationTypes>
          <con:authType>Global HTTP Settings</con:authType>
        </con:credentials>
        <con:jmsConfig JMSDeliveryMode="PERSISTENT"/>
        <con:jmsPropertyConfig/>
        <con:wsaConfig mustUnderstand="NONE" version="200508" action="http://fidus.brussels/services/personservice/searchPersonPhonetically"/>
        <con:wsrmConfig version="1.2"/>
      </con:call>
      <con:call id="66e10986-5ba2-4be8-92e9-f244ee0db419" name="4 - Staging - Worker2 - Request" outgoingWss="Outflow STAG" incomingWss="Inflow STAG">
        <con:settings>
          <con:setting id="com.eviware.soapui.impl.wsdl.WsdlRequest@request-headers">&lt;xml-fragment/></con:setting>
        </con:settings>
        <con:encoding>UTF-8</con:encoding>
        <con:endpoint>https://192.168.24.17:8443/services/PersonService_v1.0</con:endpoint>
        <con:request><![CDATA[<soapenv:Envelope xmlns:soapenv="http://schemas.xmlsoap.org/soap/envelope/" xmlns:v1="http://fidus.brussels/service/personservice/messages/v1" xmlns:v11="http://fidus.brussels/type/common/messages/v1">
   <soapenv:Header/>
   <soapenv:Body>
      <v1:searchPersonPhoneticallyRequest>
         <v1:messageContext>
         	  <v11:messageId>${=import static java.util.UUID.randomUUID; uuid = randomUUID() as String}</v11:messageId>
            <v11:timestamp>${=new java.text.SimpleDateFormat("yyyy-MM-dd'T'HH:mm:ss.SSS").format(new Date())}</v11:timestamp>
         </v1:messageContext>
         <v1:legalContext>ServiceIntegrator</v1:legalContext>
         <v1:request>
            <name>
               <lastName>Peters</lastName>
               <givenNameMatching>ALL_GIVENNAME</givenNameMatching>
            </name>
            <birth>
               <birthDate>1984-01-01</birthDate>
            </birth>
         </v1:request>
      </v1:searchPersonPhoneticallyRequest>
   </soapenv:Body>
</soapenv:Envelope>]]></con:request>
        <con:credentials>
          <con:selectedAuthProfile>Basic</con:selectedAuthProfile>
          <con:addedBasicAuthenticationTypes>Basic</con:addedBasicAuthenticationTypes>
          <con:authType>Global HTTP Settings</con:authType>
        </con:credentials>
        <con:jmsConfig JMSDeliveryMode="PERSISTENT"/>
        <con:jmsPropertyConfig/>
        <con:wsaConfig mustUnderstand="NONE" version="200508" action="http://fidus.brussels/services/personservice/searchPersonPhonetically"/>
        <con:wsrmConfig version="1.2"/>
      </con:call>
      <con:call id="7774e707-8bb1-4aea-8d05-d31a1178f213" name="5 - Prod - External - Request" outgoingWss="Outflow PROD" incomingWss="Inflow PROD">
        <con:settings>
          <con:setting id="com.eviware.soapui.impl.wsdl.WsdlRequest@request-headers">&lt;xml-fragment/></con:setting>
        </con:settings>
        <con:encoding>UTF-8</con:encoding>
        <con:endpoint>https://fidus.sec.brussels/services/PersonService_v1.0</con:endpoint>
        <con:request><![CDATA[<soapenv:Envelope xmlns:soapenv="http://schemas.xmlsoap.org/soap/envelope/" xmlns:v1="http://fidus.brussels/service/personservice/messages/v1" xmlns:v11="http://fidus.brussels/type/common/messages/v1">
   <soapenv:Header/>
   <soapenv:Body>
      <v1:searchPersonPhoneticallyRequest>
         <v1:messageContext>
         	  <v11:messageId>${=import static java.util.UUID.randomUUID; uuid = randomUUID() as String}</v11:messageId>
            <v11:timestamp>${=new java.text.SimpleDateFormat("yyyy-MM-dd'T'HH:mm:ss.SSS").format(new Date())}</v11:timestamp>
         </v1:messageContext>
         <v1:legalContext>ServiceIntegrator</v1:legalContext>
         <v1:request>
            <name>
               <lastName>Peters</lastName>
               <givenNameMatching>ALL_GIVENNAME</givenNameMatching>
            </name>
            <birth>
               <birthDate>1984-01-01</birthDate>
            </birth>
         </v1:request>
      </v1:searchPersonPhoneticallyRequest>
   </soapenv:Body>
</soapenv:Envelope>]]></con:request>
        <con:credentials>
          <con:selectedAuthProfile>Basic</con:selectedAuthProfile>
          <con:addedBasicAuthenticationTypes>Basic</con:addedBasicAuthenticationTypes>
          <con:authType>Global HTTP Settings</con:authType>
        </con:credentials>
        <con:jmsConfig JMSDeliveryMode="PERSISTENT"/>
        <con:jmsPropertyConfig/>
        <con:wsaConfig mustUnderstand="NONE" version="200508" action="http://fidus.brussels/services/personservice/searchPersonPhonetically"/>
        <con:wsrmConfig version="1.2"/>
      </con:call>
      <con:call id="494189e7-d53f-4a37-b2ba-57c8cc4fbac6" name="5 - Prod - LB - Request" outgoingWss="Outflow PROD" incomingWss="Inflow PROD">
        <con:settings>
          <con:setting id="com.eviware.soapui.impl.wsdl.WsdlRequest@request-headers">&lt;xml-fragment/></con:setting>
        </con:settings>
        <con:encoding>UTF-8</con:encoding>
        <con:endpoint>https://fidus-esb-sg.prd.srv.cirb.lan:8443/services/PersonService_v1.0</con:endpoint>
        <con:request><![CDATA[<soapenv:Envelope xmlns:soapenv="http://schemas.xmlsoap.org/soap/envelope/" xmlns:v1="http://fidus.brussels/service/personservice/messages/v1" xmlns:v11="http://fidus.brussels/type/common/messages/v1">
   <soapenv:Header/>
   <soapenv:Body>
      <v1:searchPersonPhoneticallyRequest>
         <v1:messageContext>
         	  <v11:messageId>${=import static java.util.UUID.randomUUID; uuid = randomUUID() as String}</v11:messageId>
            <v11:timestamp>${=new java.text.SimpleDateFormat("yyyy-MM-dd'T'HH:mm:ss.SSS").format(new Date())}</v11:timestamp>
         </v1:messageContext>
         <v1:legalContext>ServiceIntegrator</v1:legalContext>
         <v1:request>
            <name>
               <lastName>Peters</lastName>
               <givenNameMatching>ALL_GIVENNAME</givenNameMatching>
            </name>
            <birth>
               <birthDate>1984-01-01</birthDate>
            </birth>
         </v1:request>
      </v1:searchPersonPhoneticallyRequest>
   </soapenv:Body>
</soapenv:Envelope>]]></con:request>
        <con:credentials>
          <con:selectedAuthProfile>Basic</con:selectedAuthProfile>
          <con:addedBasicAuthenticationTypes>Basic</con:addedBasicAuthenticationTypes>
          <con:authType>Global HTTP Settings</con:authType>
        </con:credentials>
        <con:jmsConfig JMSDeliveryMode="PERSISTENT"/>
        <con:jmsPropertyConfig/>
        <con:wsaConfig mustUnderstand="NONE" version="200508" action="http://fidus.brussels/services/personservice/searchPersonPhonetically"/>
        <con:wsrmConfig version="1.2"/>
      </con:call>
      <con:call id="a0a75e53-d03d-4c37-a14e-ef1481a95b83" name="5 - Prod - Worker1 - Request" outgoingWss="Outflow PROD" incomingWss="Inflow PROD">
        <con:settings>
          <con:setting id="com.eviware.soapui.impl.wsdl.WsdlRequest@request-headers">&lt;xml-fragment/></con:setting>
        </con:settings>
        <con:encoding>UTF-8</con:encoding>
        <con:endpoint>https://192.168.26.22:8443/services/PersonService_v1.0</con:endpoint>
        <con:request><![CDATA[<soapenv:Envelope xmlns:soapenv="http://schemas.xmlsoap.org/soap/envelope/" xmlns:v1="http://fidus.brussels/service/personservice/messages/v1" xmlns:v11="http://fidus.brussels/type/common/messages/v1">
   <soapenv:Header/>
   <soapenv:Body>
      <v1:searchPersonPhoneticallyRequest>
         <v1:messageContext>
         	  <v11:messageId>${=import static java.util.UUID.randomUUID; uuid = randomUUID() as String}</v11:messageId>
            <v11:timestamp>${=new java.text.SimpleDateFormat("yyyy-MM-dd'T'HH:mm:ss.SSS").format(new Date())}</v11:timestamp>
         </v1:messageContext>
         <v1:legalContext>ServiceIntegrator</v1:legalContext>
         <v1:request>
            <name>
               <lastName>Peters</lastName>
               <givenNameMatching>ALL_GIVENNAME</givenNameMatching>
            </name>
            <birth>
               <birthDate>1984-01-01</birthDate>
            </birth>
         </v1:request>
      </v1:searchPersonPhoneticallyRequest>
   </soapenv:Body>
</soapenv:Envelope>]]></con:request>
        <con:credentials>
          <con:selectedAuthProfile>Basic</con:selectedAuthProfile>
          <con:addedBasicAuthenticationTypes>Basic</con:addedBasicAuthenticationTypes>
          <con:authType>Global HTTP Settings</con:authType>
        </con:credentials>
        <con:jmsConfig JMSDeliveryMode="PERSISTENT"/>
        <con:jmsPropertyConfig/>
        <con:wsaConfig mustUnderstand="NONE" version="200508" action="http://fidus.brussels/services/personservice/searchPersonPhonetically"/>
        <con:wsrmConfig version="1.2"/>
      </con:call>
      <con:call id="a1588266-1de2-4249-aa20-79ae3bb93dda" name="5 - Prod - Worker2 - Request" outgoingWss="Outflow PROD" incomingWss="Inflow PROD">
        <con:settings>
          <con:setting id="com.eviware.soapui.impl.wsdl.WsdlRequest@request-headers">&lt;xml-fragment/></con:setting>
        </con:settings>
        <con:encoding>UTF-8</con:encoding>
        <con:endpoint>https://192.168.26.19:8443/services/PersonService_v1.0</con:endpoint>
        <con:request><![CDATA[<soapenv:Envelope xmlns:soapenv="http://schemas.xmlsoap.org/soap/envelope/" xmlns:v1="http://fidus.brussels/service/personservice/messages/v1" xmlns:v11="http://fidus.brussels/type/common/messages/v1">
   <soapenv:Header/>
   <soapenv:Body>
      <v1:searchPersonPhoneticallyRequest>
         <v1:messageContext>
         	  <v11:messageId>${=import static java.util.UUID.randomUUID; uuid = randomUUID() as String}</v11:messageId>
            <v11:timestamp>${=new java.text.SimpleDateFormat("yyyy-MM-dd'T'HH:mm:ss.SSS").format(new Date())}</v11:timestamp>
         </v1:messageContext>
         <v1:legalContext>ServiceIntegrator</v1:legalContext>
         <v1:request>
            <name>
               <lastName>Peters</lastName>
               <givenNameMatching>ALL_GIVENNAME</givenNameMatching>
            </name>
            <birth>
               <birthDate>1984-01-01</birthDate>
            </birth>
         </v1:request>
      </v1:searchPersonPhoneticallyRequest>
   </soapenv:Body>
</soapenv:Envelope>]]></con:request>
        <con:credentials>
          <con:selectedAuthProfile>Basic</con:selectedAuthProfile>
          <con:addedBasicAuthenticationTypes>Basic</con:addedBasicAuthenticationTypes>
          <con:authType>Global HTTP Settings</con:authType>
        </con:credentials>
        <con:jmsConfig JMSDeliveryMode="PERSISTENT"/>
        <con:jmsPropertyConfig/>
        <con:wsaConfig mustUnderstand="NONE" version="200508" action="http://fidus.brussels/services/personservice/searchPersonPhonetically"/>
        <con:wsrmConfig version="1.2"/>
      </con:call>
      <con:call id="543512c3-c165-4d8a-a66f-4f258c4308bc" name="3 - Test - LB - Request" outgoingWss="Outflow TEST" incomingWss="Inflow TEST">
        <con:settings>
          <con:setting id="com.eviware.soapui.impl.wsdl.WsdlRequest@request-headers">&lt;xml-fragment/></con:setting>
        </con:settings>
        <con:encoding>UTF-8</con:encoding>
        <con:endpoint>https://esb-security-gw.sta.srv.cirb.lan:8443/services/PersonService_v1.0</con:endpoint>
        <con:request><![CDATA[<soapenv:Envelope xmlns:soapenv="http://schemas.xmlsoap.org/soap/envelope/" xmlns:v1="http://fidus.brussels/service/personservice/messages/v1" xmlns:v11="http://fidus.brussels/type/common/messages/v1">
   <soapenv:Header/>
   <soapenv:Body>
      <v1:searchPersonPhoneticallyRequest>
         <v1:messageContext>
         	  <v11:messageId>${=import static java.util.UUID.randomUUID; uuid = randomUUID() as String}</v11:messageId>
            <v11:timestamp>${=new java.text.SimpleDateFormat("yyyy-MM-dd'T'HH:mm:ss.SSS").format(new Date())}</v11:timestamp>
         </v1:messageContext>
         <v1:legalContext>ServiceIntegrator</v1:legalContext>
         <v1:request>
            <name>
               <lastName>GENERATED</lastName>
               <givenName sequence="1">Stijn</givenName>
               <givenNameMatching>COMPLETE_FIRST_GIVENNAME</givenNameMatching>
            </name>
            <birth>
               <birthDate>1985-08-15</birthDate>
            </birth>
         </v1:request>
      </v1:searchPersonPhoneticallyRequest>
   </soapenv:Body>
</soapenv:Envelope>]]></con:request>
        <con:credentials>
          <con:selectedAuthProfile>Basic</con:selectedAuthProfile>
          <con:addedBasicAuthenticationTypes>Basic</con:addedBasicAuthenticationTypes>
          <con:authType>Global HTTP Settings</con:authType>
        </con:credentials>
        <con:jmsConfig JMSDeliveryMode="PERSISTENT"/>
        <con:jmsPropertyConfig/>
        <con:wsaConfig mustUnderstand="NONE" version="200508" action="http://fidus.brussels/services/personservice/searchPersonPhonetically"/>
        <con:wsrmConfig version="1.2"/>
      </con:call>
      <con:call id="3a0e7434-1658-489e-9ed3-44d5962510cd" name="3 - Test - Worker1 - Request" outgoingWss="Outflow TEST" incomingWss="Inflow TEST">
        <con:settings>
          <con:setting id="com.eviware.soapui.impl.wsdl.WsdlRequest@request-headers">&lt;xml-fragment/></con:setting>
        </con:settings>
        <con:encoding>UTF-8</con:encoding>
        <con:endpoint>https://192.168.22.53:8443/services/PersonService_v1.0</con:endpoint>
        <con:request><![CDATA[<soapenv:Envelope xmlns:soapenv="http://schemas.xmlsoap.org/soap/envelope/" xmlns:v1="http://fidus.brussels/service/personservice/messages/v1" xmlns:v11="http://fidus.brussels/type/common/messages/v1">
   <soapenv:Header/>
   <soapenv:Body>
      <v1:searchPersonPhoneticallyRequest>
         <v1:messageContext>
         	  <v11:messageId>${=import static java.util.UUID.randomUUID; uuid = randomUUID() as String}</v11:messageId>
            <v11:timestamp>${=new java.text.SimpleDateFormat("yyyy-MM-dd'T'HH:mm:ss.SSS").format(new Date())}</v11:timestamp>
         </v1:messageContext>
         <v1:legalContext>ServiceIntegrator</v1:legalContext>
         <v1:request>
            <name>
               <lastName>GENERATED</lastName>
               <givenName sequence="1">Stijn</givenName>
               <givenNameMatching>COMPLETE_FIRST_GIVENNAME</givenNameMatching>
            </name>
            <birth>
               <birthDate>1985-08-15</birthDate>
            </birth>
         </v1:request>
      </v1:searchPersonPhoneticallyRequest>
   </soapenv:Body>
</soapenv:Envelope>]]></con:request>
        <con:credentials>
          <con:selectedAuthProfile>Basic</con:selectedAuthProfile>
          <con:addedBasicAuthenticationTypes>Basic</con:addedBasicAuthenticationTypes>
          <con:authType>Global HTTP Settings</con:authType>
        </con:credentials>
        <con:jmsConfig JMSDeliveryMode="PERSISTENT"/>
        <con:jmsPropertyConfig/>
        <con:wsaConfig mustUnderstand="NONE" version="200508" action="http://fidus.brussels/services/personservice/searchPersonPhonetically"/>
        <con:wsrmConfig version="1.2"/>
      </con:call>
      <con:call id="b4b443cb-bc32-41d9-b03c-b3d11365f420" name="3 - Test - Worker2 - Request" outgoingWss="Outflow TEST" incomingWss="Inflow TEST">
        <con:settings>
          <con:setting id="com.eviware.soapui.impl.wsdl.WsdlRequest@request-headers">&lt;xml-fragment/></con:setting>
        </con:settings>
        <con:encoding>UTF-8</con:encoding>
        <con:endpoint>https://192.168.22.54:8443/services/PersonService_v1.0</con:endpoint>
        <con:request><![CDATA[<soapenv:Envelope xmlns:soapenv="http://schemas.xmlsoap.org/soap/envelope/" xmlns:v1="http://fidus.brussels/service/personservice/messages/v1" xmlns:v11="http://fidus.brussels/type/common/messages/v1">
   <soapenv:Header/>
   <soapenv:Body>
      <v1:searchPersonPhoneticallyRequest>
         <v1:messageContext>
         	  <v11:messageId>${=import static java.util.UUID.randomUUID; uuid = randomUUID() as String}</v11:messageId>
            <v11:timestamp>${=new java.text.SimpleDateFormat("yyyy-MM-dd'T'HH:mm:ss.SSS").format(new Date())}</v11:timestamp>
         </v1:messageContext>
         <v1:legalContext>ServiceIntegrator</v1:legalContext>
         <v1:request>
            <name>
               <lastName>GENERATED</lastName>
               <givenName sequence="1">Stijn</givenName>
               <givenNameMatching>COMPLETE_FIRST_GIVENNAME</givenNameMatching>
            </name>
            <birth>
               <birthDate>1985-08-15</birthDate>
            </birth>
         </v1:request>
      </v1:searchPersonPhoneticallyRequest>
   </soapenv:Body>
</soapenv:Envelope>]]></con:request>
        <con:credentials>
          <con:selectedAuthProfile>Basic</con:selectedAuthProfile>
          <con:addedBasicAuthenticationTypes>Basic</con:addedBasicAuthenticationTypes>
          <con:authType>Global HTTP Settings</con:authType>
        </con:credentials>
        <con:jmsConfig JMSDeliveryMode="PERSISTENT"/>
        <con:jmsPropertyConfig/>
        <con:wsaConfig mustUnderstand="NONE" version="200508" action="http://fidus.brussels/services/personservice/searchPersonPhonetically"/>
        <con:wsrmConfig version="1.2"/>
      </con:call>
      <con:call id="6cd9199d-4fcb-4533-9737-50bec44c6c06" name="4 - Staging - External - Request" outgoingWss="Outflow STAG" incomingWss="Inflow STAG">
        <con:settings>
          <con:setting id="com.eviware.soapui.impl.wsdl.WsdlRequest@request-headers">&lt;xml-fragment/></con:setting>
        </con:settings>
        <con:encoding>UTF-8</con:encoding>
        <con:endpoint>https://fidus.irisnetlab.be/services/PersonService_v1.0</con:endpoint>
        <con:request><![CDATA[<soapenv:Envelope xmlns:soapenv="http://schemas.xmlsoap.org/soap/envelope/" xmlns:v1="http://fidus.brussels/service/personservice/messages/v1" xmlns:v11="http://fidus.brussels/type/common/messages/v1">
   <soapenv:Header/>
   <soapenv:Body>
      <v1:searchPersonPhoneticallyRequest>
         <v1:messageContext>
         	  <v11:messageId>${=import static java.util.UUID.randomUUID; uuid = randomUUID() as String}</v11:messageId>
            <v11:timestamp>${=new java.text.SimpleDateFormat("yyyy-MM-dd'T'HH:mm:ss.SSS").format(new Date())}</v11:timestamp>
         </v1:messageContext>
         <v1:legalContext>ServiceIntegrator</v1:legalContext>
         <v1:request>
            <name>
               <lastName>Peters</lastName>
               <givenNameMatching>ALL_GIVENNAME</givenNameMatching>
            </name>
            <birth>
               <birthDate>1984-01-01</birthDate>
            </birth>
         </v1:request>
      </v1:searchPersonPhoneticallyRequest>
   </soapenv:Body>
</soapenv:Envelope>]]></con:request>
        <con:credentials>
          <con:selectedAuthProfile>Basic</con:selectedAuthProfile>
          <con:addedBasicAuthenticationTypes>Basic</con:addedBasicAuthenticationTypes>
          <con:authType>Global HTTP Settings</con:authType>
        </con:credentials>
        <con:jmsConfig JMSDeliveryMode="PERSISTENT"/>
        <con:jmsPropertyConfig/>
        <con:wsaConfig mustUnderstand="NONE" version="200508" action="http://fidus.brussels/services/personservice/searchPersonPhonetically"/>
        <con:wsrmConfig version="1.2"/>
      </con:call>
      <con:call id="8e4d5e0d-8b7f-4832-8583-7527b5b02192" name="4 - Staging - LB - Request" outgoingWss="Outflow STAG" incomingWss="Inflow STAG">
        <con:settings>
          <con:setting id="com.eviware.soapui.impl.wsdl.WsdlRequest@request-headers">&lt;xml-fragment/></con:setting>
        </con:settings>
        <con:encoding>UTF-8</con:encoding>
        <con:endpoint>https://fidus-esb-sg.sta.srv.cirb.lan:8443/services/PersonService_v1.0</con:endpoint>
        <con:request><![CDATA[<soapenv:Envelope xmlns:soapenv="http://schemas.xmlsoap.org/soap/envelope/" xmlns:v1="http://fidus.brussels/service/personservice/messages/v1" xmlns:v11="http://fidus.brussels/type/common/messages/v1">
   <soapenv:Header/>
   <soapenv:Body>
      <v1:searchPersonPhoneticallyRequest>
         <v1:messageContext>
         	  <v11:messageId>${=import static java.util.UUID.randomUUID; uuid = randomUUID() as String}</v11:messageId>
            <v11:timestamp>${=new java.text.SimpleDateFormat("yyyy-MM-dd'T'HH:mm:ss.SSS").format(new Date())}</v11:timestamp>
         </v1:messageContext>
         <v1:legalContext>ServiceIntegrator</v1:legalContext>
         <v1:request>
            <name>
               <lastName>Peters</lastName>
               <givenNameMatching>ALL_GIVENNAME</givenNameMatching>
            </name>
            <birth>
               <birthDate>1984-01-01</birthDate>
            </birth>
         </v1:request>
      </v1:searchPersonPhoneticallyRequest>
   </soapenv:Body>
</soapenv:Envelope>]]></con:request>
        <con:credentials>
          <con:selectedAuthProfile>Basic</con:selectedAuthProfile>
          <con:addedBasicAuthenticationTypes>Basic</con:addedBasicAuthenticationTypes>
          <con:authType>Global HTTP Settings</con:authType>
        </con:credentials>
        <con:jmsConfig JMSDeliveryMode="PERSISTENT"/>
        <con:jmsPropertyConfig/>
        <con:wsaConfig mustUnderstand="NONE" version="200508" action="http://fidus.brussels/services/personservice/searchPersonPhonetically"/>
        <con:wsrmConfig version="1.2"/>
      </con:call>
    <con:call id="e37aecba-4d68-420e-bdbd-0a0faa90d973" name="2 - DevNew - Request" outgoingWss="Outflow DEV" incomingWss="Inflow DEV"><con:settings><con:setting id="com.eviware.soapui.impl.wsdl.WsdlRequest@request-headers">&lt;xml-fragment/></con:setting></con:settings><con:encoding>UTF-8</con:encoding><con:endpoint>https://192.168.36.205:8243/services/PersonService_v1.0</con:endpoint><con:request><![CDATA[<soapenv:Envelope xmlns:soapenv="http://schemas.xmlsoap.org/soap/envelope/" xmlns:v1="http://fidus.brussels/service/personservice/messages/v1" xmlns:v11="http://fidus.brussels/type/common/messages/v1">
   <soapenv:Header/>
   <soapenv:Body>
      <v1:searchPersonPhoneticallyRequest>
         <v1:messageContext>
         	  <v11:messageId>${=import static java.util.UUID.randomUUID; uuid = randomUUID() as String}</v11:messageId>
            <v11:timestamp>${=new java.text.SimpleDateFormat("yyyy-MM-dd'T'HH:mm:ss.SSS").format(new Date())}</v11:timestamp>
         </v1:messageContext>
         <v1:legalContext>ServiceIntegrator</v1:legalContext>
         <v1:request>
            <name>
               <lastName>GENERATED</lastName>
               <givenName sequence="1">Stijn</givenName>
               <givenNameMatching>COMPLETE_FIRST_GIVENNAME</givenNameMatching>
            </name>
            <birth>
               <birthDate>1985-08-15</birthDate>
            </birth>
         </v1:request>
      </v1:searchPersonPhoneticallyRequest>
   </soapenv:Body>
</soapenv:Envelope>]]></con:request><con:credentials>
          <con:selectedAuthProfile>Basic</con:selectedAuthProfile>
          <con:addedBasicAuthenticationTypes>Basic</con:addedBasicAuthenticationTypes>
          <con:authType>Global HTTP Settings</con:authType>
        </con:credentials><con:jmsConfig JMSDeliveryMode="PERSISTENT"/><con:jmsPropertyConfig/><con:wsaConfig mustUnderstand="NONE" version="200508" action="http://fidus.brussels/services/personservice/searchPersonPhonetically"/><con:wsrmConfig version="1.2"/></con:call><con:call id="8a5e3e1a-d9ac-4d9a-b5fe-d4276360ade6" name="3 - Test - Worker1New - Request" outgoingWss="Outflow TEST" incomingWss="Inflow TEST"><con:settings><con:setting id="com.eviware.soapui.impl.wsdl.WsdlRequest@request-headers">&lt;xml-fragment/></con:setting></con:settings><con:encoding>UTF-8</con:encoding><con:endpoint>https://192.168.22.73:8443/services/PersonService_v1.0</con:endpoint><con:request><![CDATA[<soapenv:Envelope xmlns:soapenv="http://schemas.xmlsoap.org/soap/envelope/" xmlns:v1="http://fidus.brussels/service/personservice/messages/v1" xmlns:v11="http://fidus.brussels/type/common/messages/v1">
   <soapenv:Header/>
   <soapenv:Body>
      <v1:searchPersonPhoneticallyRequest>
         <v1:messageContext>
         	  <v11:messageId>${=import static java.util.UUID.randomUUID; uuid = randomUUID() as String}</v11:messageId>
            <v11:timestamp>${=new java.text.SimpleDateFormat("yyyy-MM-dd'T'HH:mm:ss.SSS").format(new Date())}</v11:timestamp>
         </v1:messageContext>
         <v1:legalContext>ServiceIntegrator</v1:legalContext>
         <v1:request>
            <name>
               <lastName>GENERATED</lastName>
               <givenName sequence="1">Stijn</givenName>
               <givenNameMatching>COMPLETE_FIRST_GIVENNAME</givenNameMatching>
            </name>
            <birth>
               <birthDate>1985-08-15</birthDate>
            </birth>
         </v1:request>
      </v1:searchPersonPhoneticallyRequest>
   </soapenv:Body>
</soapenv:Envelope>]]></con:request><con:credentials>
          <con:selectedAuthProfile>Basic</con:selectedAuthProfile>
          <con:addedBasicAuthenticationTypes>Basic</con:addedBasicAuthenticationTypes>
          <con:authType>Global HTTP Settings</con:authType>
        </con:credentials><con:jmsConfig JMSDeliveryMode="PERSISTENT"/><con:jmsPropertyConfig/><con:wsaConfig mustUnderstand="NONE" version="200508" action="http://fidus.brussels/services/personservice/searchPersonPhonetically"/><con:wsrmConfig version="1.2"/></con:call><con:call id="ac6a1bea-d396-4a81-9630-7c22f7380109" name="3 - Test - Worker2New - Request" outgoingWss="Outflow TEST" incomingWss="Inflow TEST"><con:settings><con:setting id="com.eviware.soapui.impl.wsdl.WsdlRequest@request-headers">&lt;xml-fragment/></con:setting></con:settings><con:encoding>UTF-8</con:encoding><con:endpoint>https://192.168.22.93:8443/services/PersonService_v1.0</con:endpoint><con:request><![CDATA[<soapenv:Envelope xmlns:soapenv="http://schemas.xmlsoap.org/soap/envelope/" xmlns:v1="http://fidus.brussels/service/personservice/messages/v1" xmlns:v11="http://fidus.brussels/type/common/messages/v1">
   <soapenv:Header/>
   <soapenv:Body>
      <v1:searchPersonPhoneticallyRequest>
         <v1:messageContext>
         	  <v11:messageId>${=import static java.util.UUID.randomUUID; uuid = randomUUID() as String}</v11:messageId>
            <v11:timestamp>${=new java.text.SimpleDateFormat("yyyy-MM-dd'T'HH:mm:ss.SSS").format(new Date())}</v11:timestamp>
         </v1:messageContext>
         <v1:legalContext>ServiceIntegrator</v1:legalContext>
         <v1:request>
            <name>
               <lastName>GENERATED</lastName>
               <givenName sequence="1">Stijn</givenName>
               <givenNameMatching>COMPLETE_FIRST_GIVENNAME</givenNameMatching>
            </name>
            <birth>
               <birthDate>1985-08-15</birthDate>
            </birth>
         </v1:request>
      </v1:searchPersonPhoneticallyRequest>
   </soapenv:Body>
</soapenv:Envelope>]]></con:request><con:credentials>
          <con:selectedAuthProfile>Basic</con:selectedAuthProfile>
          <con:addedBasicAuthenticationTypes>Basic</con:addedBasicAuthenticationTypes>
          <con:authType>Global HTTP Settings</con:authType>
        </con:credentials><con:jmsConfig JMSDeliveryMode="PERSISTENT"/><con:jmsPropertyConfig/><con:wsaConfig mustUnderstand="NONE" version="200508" action="http://fidus.brussels/services/personservice/searchPersonPhonetically"/><con:wsrmConfig version="1.2"/></con:call><con:call id="384d0ba2-46f8-4939-99c8-ab96a1587ad7" name="4 - Staging - Worker1New - Request" outgoingWss="Outflow STAG" incomingWss="Inflow STAG"><con:settings><con:setting id="com.eviware.soapui.impl.wsdl.WsdlRequest@request-headers">&lt;xml-fragment/></con:setting></con:settings><con:encoding>UTF-8</con:encoding><con:endpoint>https://192.168.23.191:8443/services/PersonService_v1.0</con:endpoint><con:request><![CDATA[<soapenv:Envelope xmlns:soapenv="http://schemas.xmlsoap.org/soap/envelope/" xmlns:v1="http://fidus.brussels/service/personservice/messages/v1" xmlns:v11="http://fidus.brussels/type/common/messages/v1">
   <soapenv:Header/>
   <soapenv:Body>
      <v1:searchPersonPhoneticallyRequest>
         <v1:messageContext>
         	  <v11:messageId>${=import static java.util.UUID.randomUUID; uuid = randomUUID() as String}</v11:messageId>
            <v11:timestamp>${=new java.text.SimpleDateFormat("yyyy-MM-dd'T'HH:mm:ss.SSS").format(new Date())}</v11:timestamp>
         </v1:messageContext>
         <v1:legalContext>ServiceIntegrator</v1:legalContext>
         <v1:request>
            <name>
               <lastName>Peters</lastName>
               <givenNameMatching>ALL_GIVENNAME</givenNameMatching>
            </name>
            <birth>
               <birthDate>1984-01-01</birthDate>
            </birth>
         </v1:request>
      </v1:searchPersonPhoneticallyRequest>
   </soapenv:Body>
</soapenv:Envelope>]]></con:request><con:credentials>
          <con:selectedAuthProfile>Basic</con:selectedAuthProfile>
          <con:addedBasicAuthenticationTypes>Basic</con:addedBasicAuthenticationTypes>
          <con:authType>Global HTTP Settings</con:authType>
        </con:credentials><con:jmsConfig JMSDeliveryMode="PERSISTENT"/><con:jmsPropertyConfig/><con:wsaConfig mustUnderstand="NONE" version="200508" action="http://fidus.brussels/services/personservice/searchPersonPhonetically"/><con:wsrmConfig version="1.2"/></con:call><con:call id="5b65ddc7-9fac-42d3-bff7-ef5085425add" name="4 - Staging - Worker2New - Request" outgoingWss="Outflow STAG" incomingWss="Inflow STAG"><con:settings><con:setting id="com.eviware.soapui.impl.wsdl.WsdlRequest@request-headers">&lt;xml-fragment/></con:setting></con:settings><con:encoding>UTF-8</con:encoding><con:endpoint>https://192.168.23.198:8443/services/PersonService_v1.0</con:endpoint><con:request><![CDATA[<soapenv:Envelope xmlns:soapenv="http://schemas.xmlsoap.org/soap/envelope/" xmlns:v1="http://fidus.brussels/service/personservice/messages/v1" xmlns:v11="http://fidus.brussels/type/common/messages/v1">
   <soapenv:Header/>
   <soapenv:Body>
      <v1:searchPersonPhoneticallyRequest>
         <v1:messageContext>
         	  <v11:messageId>${=import static java.util.UUID.randomUUID; uuid = randomUUID() as String}</v11:messageId>
            <v11:timestamp>${=new java.text.SimpleDateFormat("yyyy-MM-dd'T'HH:mm:ss.SSS").format(new Date())}</v11:timestamp>
         </v1:messageContext>
         <v1:legalContext>ServiceIntegrator</v1:legalContext>
         <v1:request>
            <name>
               <lastName>Peters</lastName>
               <givenNameMatching>ALL_GIVENNAME</givenNameMatching>
            </name>
            <birth>
               <birthDate>1984-01-01</birthDate>
            </birth>
         </v1:request>
      </v1:searchPersonPhoneticallyRequest>
   </soapenv:Body>
</soapenv:Envelope>]]></con:request><con:credentials>
          <con:selectedAuthProfile>Basic</con:selectedAuthProfile>
          <con:addedBasicAuthenticationTypes>Basic</con:addedBasicAuthenticationTypes>
          <con:authType>Global HTTP Settings</con:authType>
        </con:credentials><con:jmsConfig JMSDeliveryMode="PERSISTENT"/><con:jmsPropertyConfig/><con:wsaConfig mustUnderstand="NONE" version="200508" action="http://fidus.brussels/services/personservice/searchPersonPhonetically"/><con:wsrmConfig version="1.2"/></con:call></con:operation>
  <con:operation id="62c05a83-d23c-47d0-b80d-d1c266b592ee" isOneWay="false" action="http://fidus.brussels/services/personservice/getCBSSIdentity" name="getCBSSIdentity" bindingOperationName="getCBSSIdentity" type="Request-Response" inputName="" receivesAttachments="false" sendsAttachments="false" anonymous="optional"><con:settings/><con:call id="a5058bf2-d7bb-446f-bc3a-b809dfe231e9" name="1 - Local - Request" outgoingWss="Outflow DEV" incomingWss="Inflow DEV"><con:settings><con:setting id="com.eviware.soapui.impl.wsdl.WsdlRequest@request-headers">&lt;xml-fragment/></con:setting></con:settings><con:encoding>UTF-8</con:encoding><con:endpoint>https://localhost:8243/services/PersonService_v1.0</con:endpoint><con:request><![CDATA[<soapenv:Envelope xmlns:soapenv="http://schemas.xmlsoap.org/soap/envelope/" xmlns:v1="http://fidus.brussels/service/personservice/messages/v1" xmlns:v11="http://fidus.brussels/type/common/messages/v1">
   <soapenv:Header/>
   <soapenv:Body>
      <v1:getCBSSIdentityRequest>
         <v1:messageContext>
         	  <v11:messageId>${=import static java.util.UUID.randomUUID; uuid = randomUUID() as String}</v11:messageId>
            <v11:timestamp>${=new java.text.SimpleDateFormat("yyyy-MM-dd'T'HH:mm:ss.SSS").format(new Date())}</v11:timestamp>
         </v1:messageContext>
         <v1:legalContext>ServiceIntegrator</v1:legalContext>
         <v1:request>
            <v1:personNumber>12003001507</v1:personNumber>
         </v1:request>
      </v1:getCBSSIdentityRequest>
   </soapenv:Body>
</soapenv:Envelope>]]></con:request><con:credentials><con:selectedAuthProfile>Basic</con:selectedAuthProfile><con:addedBasicAuthenticationTypes>Basic</con:addedBasicAuthenticationTypes><con:authType>Global HTTP Settings</con:authType></con:credentials><con:jmsConfig JMSDeliveryMode="PERSISTENT"/><con:jmsPropertyConfig/><con:wsaConfig mustUnderstand="NONE" version="200508" action="http://fidus.brussels/services/personservice/getCBSSIdentity"/><con:wsrmConfig version="1.2"/></con:call><con:call id="df9b33fb-4355-4094-bc45-27137afbba35" name="2 - Dev - Request" outgoingWss="Outflow DEV" incomingWss="Inflow DEV"><con:settings><con:setting id="com.eviware.soapui.impl.wsdl.WsdlRequest@request-headers">&lt;xml-fragment/></con:setting></con:settings><con:encoding>UTF-8</con:encoding><con:endpoint>https://192.168.36.61:8243/services/PersonService_v1.0</con:endpoint><con:request><![CDATA[<soapenv:Envelope xmlns:soapenv="http://schemas.xmlsoap.org/soap/envelope/" xmlns:v1="http://fidus.brussels/service/personservice/messages/v1" xmlns:v11="http://fidus.brussels/type/common/messages/v1">
   <soapenv:Header/>
   <soapenv:Body>
      <v1:getCBSSIdentityRequest>
         <v1:messageContext>
         	  <v11:messageId>${=import static java.util.UUID.randomUUID; uuid = randomUUID() as String}</v11:messageId>
            <v11:timestamp>${=new java.text.SimpleDateFormat("yyyy-MM-dd'T'HH:mm:ss.SSS").format(new Date())}</v11:timestamp>
         </v1:messageContext>
         <v1:legalContext>ServiceIntegrator</v1:legalContext>
         <v1:request>
            <v1:personNumber>12003001507</v1:personNumber>
         </v1:request>
      </v1:getCBSSIdentityRequest>
   </soapenv:Body>
</soapenv:Envelope>]]></con:request><con:credentials><con:selectedAuthProfile>Basic</con:selectedAuthProfile><con:addedBasicAuthenticationTypes>Basic</con:addedBasicAuthenticationTypes><con:authType>Global HTTP Settings</con:authType></con:credentials><con:jmsConfig JMSDeliveryMode="PERSISTENT"/><con:jmsPropertyConfig/><con:wsaConfig mustUnderstand="NONE" version="200508" action="http://fidus.brussels/services/personservice/getCBSSIdentity"/><con:wsrmConfig version="1.2"/></con:call><con:call id="bb7d46b8-7c28-4b77-ae75-3d0cd0f2e406" name="3 - Test - LB - Request" incomingWss="Inflow TEST" outgoingWss="Outflow TEST"><con:settings><con:setting id="com.eviware.soapui.impl.wsdl.WsdlRequest@request-headers">&lt;xml-fragment/></con:setting></con:settings><con:encoding>UTF-8</con:encoding><con:endpoint>https://esb-security-gw.sta.srv.cirb.lan:8443/services/PersonService_v1.0</con:endpoint><con:request><![CDATA[<soapenv:Envelope xmlns:soapenv="http://schemas.xmlsoap.org/soap/envelope/" xmlns:v1="http://fidus.brussels/service/personservice/messages/v1" xmlns:v11="http://fidus.brussels/type/common/messages/v1">
   <soapenv:Header/>
   <soapenv:Body>
      <v1:getCBSSIdentityRequest>
         <v1:messageContext>
         	  <v11:messageId>${=import static java.util.UUID.randomUUID; uuid = randomUUID() as String}</v11:messageId>
            <v11:timestamp>${=new java.text.SimpleDateFormat("yyyy-MM-dd'T'HH:mm:ss.SSS").format(new Date())}</v11:timestamp>
         </v1:messageContext>
         <v1:legalContext>ServiceIntegrator</v1:legalContext>
         <v1:request>
            <v1:personNumber>12003001507</v1:personNumber>
         </v1:request>
      </v1:getCBSSIdentityRequest>
   </soapenv:Body>
</soapenv:Envelope>]]></con:request><con:credentials><con:selectedAuthProfile>Basic</con:selectedAuthProfile><con:addedBasicAuthenticationTypes>Basic</con:addedBasicAuthenticationTypes><con:authType>Global HTTP Settings</con:authType></con:credentials><con:jmsConfig JMSDeliveryMode="PERSISTENT"/><con:jmsPropertyConfig/><con:wsaConfig mustUnderstand="NONE" version="200508" action="http://fidus.brussels/services/personservice/getCBSSIdentity"/><con:wsrmConfig version="1.2"/></con:call><con:call id="63cc9021-a899-419e-80bf-9180c1c760cb" name="3 - Test - External - Request" outgoingWss="Outflow TEST" incomingWss="Inflow TEST"><con:settings><con:setting id="com.eviware.soapui.impl.wsdl.WsdlRequest@request-headers">&lt;xml-fragment/></con:setting></con:settings><con:encoding>UTF-8</con:encoding><con:endpoint>https://fidus-test.irisnetlab.be/services/PersonService_v1.0</con:endpoint><con:request><![CDATA[<soapenv:Envelope xmlns:soapenv="http://schemas.xmlsoap.org/soap/envelope/" xmlns:v1="http://fidus.brussels/service/personservice/messages/v1" xmlns:v11="http://fidus.brussels/type/common/messages/v1">
   <soapenv:Header/>
   <soapenv:Body>
      <v1:getCBSSIdentityRequest>
         <v1:messageContext>
         	  <v11:messageId>${=import static java.util.UUID.randomUUID; uuid = randomUUID() as String}</v11:messageId>
            <v11:timestamp>${=new java.text.SimpleDateFormat("yyyy-MM-dd'T'HH:mm:ss.SSS").format(new Date())}</v11:timestamp>
         </v1:messageContext>
         <v1:legalContext>ServiceIntegrator</v1:legalContext>
         <v1:request>
            <v1:personNumber>93430701886</v1:personNumber>
         </v1:request>
      </v1:getCBSSIdentityRequest>
   </soapenv:Body>
</soapenv:Envelope>]]></con:request><con:credentials><con:selectedAuthProfile>Basic</con:selectedAuthProfile><con:addedBasicAuthenticationTypes>Basic</con:addedBasicAuthenticationTypes><con:authType>Global HTTP Settings</con:authType></con:credentials><con:jmsConfig JMSDeliveryMode="PERSISTENT"/><con:jmsPropertyConfig/><con:wsaConfig mustUnderstand="NONE" version="200508" action="http://fidus.brussels/services/personservice/getCBSSIdentity"/><con:wsrmConfig version="1.2"/></con:call><con:call id="b197eb99-abf5-461b-a4b9-18077e3372a3" name="3 - Test - Worker1 - Request" outgoingWss="Outflow TEST" incomingWss="Inflow TEST"><con:settings><con:setting id="com.eviware.soapui.impl.wsdl.WsdlRequest@request-headers">&lt;xml-fragment/></con:setting></con:settings><con:encoding>UTF-8</con:encoding><con:endpoint>https://192.168.22.53:8443/services/PersonService_v1.0</con:endpoint><con:request><![CDATA[<soapenv:Envelope xmlns:soapenv="http://schemas.xmlsoap.org/soap/envelope/" xmlns:v1="http://fidus.brussels/service/personservice/messages/v1" xmlns:v11="http://fidus.brussels/type/common/messages/v1">
   <soapenv:Header/>
   <soapenv:Body>
      <v1:getCBSSIdentityRequest>
         <v1:messageContext>
         	  <v11:messageId>${=import static java.util.UUID.randomUUID; uuid = randomUUID() as String}</v11:messageId>
            <v11:timestamp>${=new java.text.SimpleDateFormat("yyyy-MM-dd'T'HH:mm:ss.SSS").format(new Date())}</v11:timestamp>
         </v1:messageContext>
         <v1:legalContext>ServiceIntegrator</v1:legalContext>
         <v1:request>
            <v1:personNumber>93430701886</v1:personNumber>
         </v1:request>
      </v1:getCBSSIdentityRequest>
   </soapenv:Body>
</soapenv:Envelope>]]></con:request><con:credentials><con:selectedAuthProfile>Basic</con:selectedAuthProfile><con:addedBasicAuthenticationTypes>Basic</con:addedBasicAuthenticationTypes><con:authType>Global HTTP Settings</con:authType></con:credentials><con:jmsConfig JMSDeliveryMode="PERSISTENT"/><con:jmsPropertyConfig/><con:wsaConfig mustUnderstand="NONE" version="200508" action="http://fidus.brussels/services/personservice/getCBSSIdentity"/><con:wsrmConfig version="1.2"/></con:call><con:call id="342c0435-a5db-4e15-bb4e-bfd6ec7c7c4a" name="3 - Test - Worker2 - Request" incomingWss="Inflow TEST" outgoingWss="Outflow TEST"><con:settings><con:setting id="com.eviware.soapui.impl.wsdl.WsdlRequest@request-headers">&lt;xml-fragment/></con:setting></con:settings><con:encoding>UTF-8</con:encoding><con:endpoint>https://192.168.22.54:8443/services/PersonService_v1.0</con:endpoint><con:request><![CDATA[<soapenv:Envelope xmlns:soapenv="http://schemas.xmlsoap.org/soap/envelope/" xmlns:v1="http://fidus.brussels/service/personservice/messages/v1" xmlns:v11="http://fidus.brussels/type/common/messages/v1">
   <soapenv:Header/>
   <soapenv:Body>
      <v1:getCBSSIdentityRequest>
         <v1:messageContext>
         	  <v11:messageId>${=import static java.util.UUID.randomUUID; uuid = randomUUID() as String}</v11:messageId>
            <v11:timestamp>${=new java.text.SimpleDateFormat("yyyy-MM-dd'T'HH:mm:ss.SSS").format(new Date())}</v11:timestamp>
         </v1:messageContext>
         <v1:legalContext>ServiceIntegrator</v1:legalContext>
         <v1:request>
            <v1:personNumber>93430701886</v1:personNumber>
         </v1:request>
      </v1:getCBSSIdentityRequest>
   </soapenv:Body>
</soapenv:Envelope>]]></con:request><con:credentials><con:selectedAuthProfile>Basic</con:selectedAuthProfile><con:addedBasicAuthenticationTypes>Basic</con:addedBasicAuthenticationTypes><con:authType>Global HTTP Settings</con:authType></con:credentials><con:jmsConfig JMSDeliveryMode="PERSISTENT"/><con:jmsPropertyConfig/><con:wsaConfig mustUnderstand="NONE" version="200508" action="http://fidus.brussels/services/personservice/getCBSSIdentity"/><con:wsrmConfig version="1.2"/></con:call><con:call id="3046e077-915f-4f81-9a73-3560519dd410" name="2 - DevNew - Request" outgoingWss="Outflow DEV" incomingWss="Inflow DEV"><con:settings><con:setting id="com.eviware.soapui.impl.wsdl.WsdlRequest@request-headers">&lt;xml-fragment/></con:setting></con:settings><con:encoding>UTF-8</con:encoding><con:endpoint>https://192.168.36.205:8243/services/PersonService_v1.0</con:endpoint><con:request><![CDATA[<soapenv:Envelope xmlns:soapenv="http://schemas.xmlsoap.org/soap/envelope/" xmlns:v1="http://fidus.brussels/service/personservice/messages/v1" xmlns:v11="http://fidus.brussels/type/common/messages/v1">
   <soapenv:Header/>
   <soapenv:Body>
      <v1:getCBSSIdentityRequest>
         <v1:messageContext>
         	  <v11:messageId>${=import static java.util.UUID.randomUUID; uuid = randomUUID() as String}</v11:messageId>
            <v11:timestamp>${=new java.text.SimpleDateFormat("yyyy-MM-dd'T'HH:mm:ss.SSS").format(new Date())}</v11:timestamp>
         </v1:messageContext>
         <v1:legalContext>ServiceIntegrator</v1:legalContext>
         <v1:request>
            <v1:personNumber>12003001507</v1:personNumber>
         </v1:request>
      </v1:getCBSSIdentityRequest>
   </soapenv:Body>
</soapenv:Envelope>]]></con:request><con:credentials><con:selectedAuthProfile>Basic</con:selectedAuthProfile><con:addedBasicAuthenticationTypes>Basic</con:addedBasicAuthenticationTypes><con:authType>Global HTTP Settings</con:authType></con:credentials><con:jmsConfig JMSDeliveryMode="PERSISTENT"/><con:jmsPropertyConfig/><con:wsaConfig mustUnderstand="NONE" version="200508" action="http://fidus.brussels/services/personservice/getCBSSIdentity"/><con:wsrmConfig version="1.2"/></con:call><con:call id="90b593ff-1332-48cd-9046-fe59bc552700" name="3 - Test - Worker1New - Request" outgoingWss="Outflow TEST" incomingWss="Inflow TEST"><con:settings><con:setting id="com.eviware.soapui.impl.wsdl.WsdlRequest@request-headers">&lt;xml-fragment/></con:setting></con:settings><con:encoding>UTF-8</con:encoding><con:endpoint>https://192.168.22.73:8443/services/PersonService_v1.0</con:endpoint><con:request><![CDATA[<soapenv:Envelope xmlns:soapenv="http://schemas.xmlsoap.org/soap/envelope/" xmlns:v1="http://fidus.brussels/service/personservice/messages/v1" xmlns:v11="http://fidus.brussels/type/common/messages/v1">
   <soapenv:Header/>
   <soapenv:Body>
      <v1:getCBSSIdentityRequest>
         <v1:messageContext>
         	  <v11:messageId>${=import static java.util.UUID.randomUUID; uuid = randomUUID() as String}</v11:messageId>
            <v11:timestamp>${=new java.text.SimpleDateFormat("yyyy-MM-dd'T'HH:mm:ss.SSS").format(new Date())}</v11:timestamp>
         </v1:messageContext>
         <v1:legalContext>ServiceIntegrator</v1:legalContext>
         <v1:request>
            <v1:personNumber>93430701886</v1:personNumber>
         </v1:request>
      </v1:getCBSSIdentityRequest>
   </soapenv:Body>
</soapenv:Envelope>]]></con:request><con:credentials><con:selectedAuthProfile>Basic</con:selectedAuthProfile><con:addedBasicAuthenticationTypes>Basic</con:addedBasicAuthenticationTypes><con:authType>Global HTTP Settings</con:authType></con:credentials><con:jmsConfig JMSDeliveryMode="PERSISTENT"/><con:jmsPropertyConfig/><con:wsaConfig mustUnderstand="NONE" version="200508" action="http://fidus.brussels/services/personservice/getCBSSIdentity"/><con:wsrmConfig version="1.2"/></con:call><con:call id="26e7ddef-3a32-4429-92d6-743cea5b69be" name="3 - Test - Worker2New - Request" outgoingWss="Outflow TEST" incomingWss="Inflow TEST"><con:settings><con:setting id="com.eviware.soapui.impl.wsdl.WsdlRequest@request-headers">&lt;xml-fragment/></con:setting></con:settings><con:encoding>UTF-8</con:encoding><con:endpoint>https://192.168.22.93:8443/services/PersonService_v1.0</con:endpoint><con:request><![CDATA[<soapenv:Envelope xmlns:soapenv="http://schemas.xmlsoap.org/soap/envelope/" xmlns:v1="http://fidus.brussels/service/personservice/messages/v1" xmlns:v11="http://fidus.brussels/type/common/messages/v1">
   <soapenv:Header/>
   <soapenv:Body>
      <v1:getCBSSIdentityRequest>
         <v1:messageContext>
         	  <v11:messageId>${=import static java.util.UUID.randomUUID; uuid = randomUUID() as String}</v11:messageId>
            <v11:timestamp>${=new java.text.SimpleDateFormat("yyyy-MM-dd'T'HH:mm:ss.SSS").format(new Date())}</v11:timestamp>
         </v1:messageContext>
         <v1:legalContext>ServiceIntegrator</v1:legalContext>
         <v1:request>
            <v1:personNumber>93430701886</v1:personNumber>
         </v1:request>
      </v1:getCBSSIdentityRequest>
   </soapenv:Body>
</soapenv:Envelope>]]></con:request><con:credentials><con:selectedAuthProfile>Basic</con:selectedAuthProfile><con:addedBasicAuthenticationTypes>Basic</con:addedBasicAuthenticationTypes><con:authType>Global HTTP Settings</con:authType></con:credentials><con:jmsConfig JMSDeliveryMode="PERSISTENT"/><con:jmsPropertyConfig/><con:wsaConfig mustUnderstand="NONE" version="200508" action="http://fidus.brussels/services/personservice/getCBSSIdentity"/><con:wsrmConfig version="1.2"/></con:call></con:operation></con:interface>
  <con:testSuite id="c3fe37e1-58e5-42f6-914c-c35f5a65909a" name="DEV"><con:settings/><con:runType>SEQUENTIAL</con:runType><con:testCase id="54daec80-d66c-4f6d-b9ed-578654e758c4" failOnError="true" failTestCaseOnErrors="true" keepSession="false" maxResults="0" name="getIdentity" searchProperties="true"><con:settings/><con:testStep type="request" id="07b10b5e-7ad0-4c5d-886f-335160ca3845" name="testcase2 - Dev - Request"><con:settings/><con:config xsi:type="con:RequestStep" xmlns:xsi="http://www.w3.org/2001/XMLSchema-instance"><con:interface>PersonServiceHTTPBinding</con:interface><con:operation>getIdentity</con:operation><con:request name="testcase2 - Dev - Request" id="b3da5528-a8c7-48d7-a6fe-b5c93120adbd" outgoingWss="Outflow DEV"><con:settings/><con:encoding>UTF-8</con:encoding><con:endpoint>https://192.168.36.61:8243/services/PersonService_v1.0</con:endpoint><con:request><![CDATA[<soapenv:Envelope xmlns:soapenv="http://schemas.xmlsoap.org/soap/envelope/" xmlns:v1="http://fidus.brussels/service/personservice/messages/v1" xmlns:v11="http://fidus.brussels/type/common/messages/v1">
   <soapenv:Header/>
   <soapenv:Body>
      <v1:getIdentityRequest>
         <v1:messageContext>
         	  <v11:messageId>${=import static java.util.UUID.randomUUID; uuid = randomUUID() as String}</v11:messageId>
            <v11:timestamp>${=new java.text.SimpleDateFormat("yyyy-MM-dd'T'HH:mm:ss.SSS").format(new Date())}</v11:timestamp>
         </v1:messageContext>
         <v1:legalContext>ServiceIntegrator</v1:legalContext>
         <v1:request>
            <v1:personNumber>12003001508</v1:personNumber>
         </v1:request>
      </v1:getIdentityRequest>
   </soapenv:Body>
</soapenv:Envelope>]]></con:request><con:assertion type="SOAP Fault Assertion" id="d2ff5fa1-c8e4-457b-bd59-d8ee8351103a" name="Not SOAP Fault"/><con:assertion type="SOAP Response" id="ab413857-c958-4238-8fa4-57ea3cb638cc" name="SOAP Response"/><con:assertion type="Schema Compliance" id="2cb00393-184c-46e0-8744-ac710a98aab8" name="Schema Compliance"><con:configuration/></con:assertion><con:wsaConfig action="http://fidus.brussels/services/personservice/getIdentity"/></con:request></con:config></con:testStep><con:testStep type="request" id="9574f09f-faed-4065-bd9f-f4bfc8a9d1cc" name="testcase2 - DevNew - Request"><con:settings/><con:config xsi:type="con:RequestStep" xmlns:xsi="http://www.w3.org/2001/XMLSchema-instance"><con:interface>PersonServiceHTTPBinding</con:interface><con:operation>getIdentity</con:operation><con:request name="testcase2 - DevNew - Request" id="5075f048-9c10-4433-83b8-567b8412d3fa" outgoingWss="Outflow DEV"><con:settings/><con:encoding>UTF-8</con:encoding><con:endpoint>https://192.168.36.205:8243/services/PersonService_v1.0</con:endpoint><con:request><![CDATA[<soapenv:Envelope xmlns:soapenv="http://schemas.xmlsoap.org/soap/envelope/" xmlns:v1="http://fidus.brussels/service/personservice/messages/v1" xmlns:v11="http://fidus.brussels/type/common/messages/v1">
   <soapenv:Header/>
   <soapenv:Body>
      <v1:getIdentityRequest>
         <v1:messageContext>
         	  <v11:messageId>${=import static java.util.UUID.randomUUID; uuid = randomUUID() as String}</v11:messageId>
            <v11:timestamp>${=new java.text.SimpleDateFormat("yyyy-MM-dd'T'HH:mm:ss.SSS").format(new Date())}</v11:timestamp>
         </v1:messageContext>
         <v1:legalContext>ServiceIntegrator</v1:legalContext>
         <v1:request>
            <v1:personNumber>12003001507</v1:personNumber>
         </v1:request>
      </v1:getIdentityRequest>
   </soapenv:Body>
</soapenv:Envelope>]]></con:request><con:assertion type="SOAP Fault Assertion" id="4600e2bc-f4f9-436c-9189-01fd7bb8bd74" name="Not SOAP Fault"/><con:assertion type="SOAP Response" id="81bddadc-5171-4aef-be1f-86f28ccf1752" name="SOAP Response"/><con:assertion type="Schema Compliance" id="47b7d163-f051-4767-bea9-5323cbaac58d" name="Schema Compliance"><con:configuration/></con:assertion><con:wsaConfig action="http://fidus.brussels/services/personservice/getIdentity"/></con:request></con:config></con:testStep><con:properties/></con:testCase><con:testCase id="0d75e043-671d-46ea-b70f-6fc256b21716" failOnError="true" failTestCaseOnErrors="true" keepSession="false" maxResults="0" name="searchPersonByAddress" searchProperties="true"><con:settings/><con:testStep type="request" id="3ef0a7ee-09be-4be2-8557-61db7223f392" name="testcase2 - Dev - Request"><con:settings/><con:config xsi:type="con:RequestStep" xmlns:xsi="http://www.w3.org/2001/XMLSchema-instance"><con:interface>PersonServiceHTTPBinding</con:interface><con:operation>searchPersonByAddress</con:operation><con:request name="testcase2 - Dev - Request" id="681af1b7-7a75-4ea0-b70f-54502c399eaf" outgoingWss="Outflow DEV"><con:settings/><con:encoding>UTF-8</con:encoding><con:endpoint>https://192.168.36.61:8243/services/PersonService_v1.0</con:endpoint><con:request><![CDATA[<soapenv:Envelope xmlns:soapenv="http://schemas.xmlsoap.org/soap/envelope/" xmlns:v1="http://fidus.brussels/service/personservice/messages/v1" xmlns:v11="http://fidus.brussels/type/common/messages/v1">
   <soapenv:Header/>
   <soapenv:Body>
      <v1:searchPersonByAddressRequest>
         <v1:messageContext>
         	  <v11:messageId>${=import static java.util.UUID.randomUUID; uuid = randomUUID() as String}</v11:messageId>
            <v11:timestamp>${=new java.text.SimpleDateFormat("yyyy-MM-dd'T'HH:mm:ss.SSS").format(new Date())}</v11:timestamp>
         </v1:messageContext>
         <v1:legalContext>ServiceIntegrator</v1:legalContext>
         <v1:request>
            <postalCode>2800</postalCode>
            <streetCode>1480</streetCode>
            <houseNumber>77</houseNumber>
         </v1:request>
      </v1:searchPersonByAddressRequest>
   </soapenv:Body>
</soapenv:Envelope>]]></con:request><con:assertion type="SOAP Fault Assertion" id="7f538a5d-f6b9-4f56-961f-32d2aefa68fb" name="Not SOAP Fault"/><con:assertion type="SOAP Response" id="e72a4075-051e-4708-9f00-86d66823c24d" name="SOAP Response"/><con:assertion type="Schema Compliance" id="ae4dad3b-5d27-4e12-8215-cb7151d03bf1" name="Schema Compliance"><con:configuration/></con:assertion><con:wsaConfig action="http://fidus.brussels/services/personservice/searchPersonByAddress"/></con:request></con:config></con:testStep><con:testStep type="request" id="d55fbd77-2fdd-47f1-b992-89b30f918d7a" name="testcase2 - DevNew - Request"><con:settings/><con:config xsi:type="con:RequestStep" xmlns:xsi="http://www.w3.org/2001/XMLSchema-instance"><con:interface>PersonServiceHTTPBinding</con:interface><con:operation>searchPersonByAddress</con:operation><con:request name="testcase2 - DevNew - Request" id="940954e5-a8f3-4814-abd3-cb25424f1a3b" outgoingWss="Outflow DEV"><con:settings/><con:encoding>UTF-8</con:encoding><con:endpoint>https://192.168.36.205:8243/services/PersonService_v1.0</con:endpoint><con:request><![CDATA[<soapenv:Envelope xmlns:soapenv="http://schemas.xmlsoap.org/soap/envelope/" xmlns:v1="http://fidus.brussels/service/personservice/messages/v1" xmlns:v11="http://fidus.brussels/type/common/messages/v1">
   <soapenv:Header/>
   <soapenv:Body>
      <v1:searchPersonByAddressRequest>
         <v1:messageContext>
         	  <v11:messageId>${=import static java.util.UUID.randomUUID; uuid = randomUUID() as String}</v11:messageId>
            <v11:timestamp>${=new java.text.SimpleDateFormat("yyyy-MM-dd'T'HH:mm:ss.SSS").format(new Date())}</v11:timestamp>
         </v1:messageContext>
         <v1:legalContext>ServiceIntegrator</v1:legalContext>
         <v1:request>
            <postalCode>2800</postalCode>
            <streetCode>1480</streetCode>
            <houseNumber>77</houseNumber>
         </v1:request>
      </v1:searchPersonByAddressRequest>
   </soapenv:Body>
</soapenv:Envelope>]]></con:request><con:assertion type="SOAP Fault Assertion" id="35a348c8-c94c-429a-9041-cfe3ee3aee8b" name="Not SOAP Fault"/><con:assertion type="SOAP Response" id="1a1084ed-2a4a-4518-a506-6f6b153eadb6" name="SOAP Response"/><con:assertion type="Schema Compliance" id="84a6608e-efdd-428e-903a-459df266e51f" name="Schema Compliance"><con:configuration/></con:assertion><con:wsaConfig action="http://fidus.brussels/services/personservice/searchPersonByAddress"/></con:request></con:config></con:testStep><con:properties/></con:testCase><con:testCase id="18b94880-6bbc-4d95-9552-d3f3f65d2dea" failOnError="true" failTestCaseOnErrors="true" keepSession="false" maxResults="0" name="searchPersonPhonetically" searchProperties="true"><con:settings/><con:testStep type="request" id="78024494-eac0-4094-b362-ad9279bc4900" name="testcase2 - Dev - Request"><con:settings/><con:config xsi:type="con:RequestStep" xmlns:xsi="http://www.w3.org/2001/XMLSchema-instance"><con:interface>PersonServiceHTTPBinding</con:interface><con:operation>searchPersonPhonetically</con:operation><con:request name="testcase2 - Dev - Request" id="b7ccc687-b0af-4b26-8ae7-f88a0e1e1293" outgoingWss="Outflow DEV"><con:settings/><con:encoding>UTF-8</con:encoding><con:endpoint>https://192.168.36.61:8243/services/PersonService_v1.0</con:endpoint><con:request><![CDATA[<soapenv:Envelope xmlns:soapenv="http://schemas.xmlsoap.org/soap/envelope/" xmlns:v1="http://fidus.brussels/service/personservice/messages/v1" xmlns:v11="http://fidus.brussels/type/common/messages/v1">
   <soapenv:Header/>
   <soapenv:Body>
      <v1:searchPersonPhoneticallyRequest>
         <v1:messageContext>
         	  <v11:messageId>${=import static java.util.UUID.randomUUID; uuid = randomUUID() as String}</v11:messageId>
            <v11:timestamp>${=new java.text.SimpleDateFormat("yyyy-MM-dd'T'HH:mm:ss.SSS").format(new Date())}</v11:timestamp>
         </v1:messageContext>
         <v1:legalContext>ServiceIntegrator</v1:legalContext>
         <v1:request>
            <name>
               <lastName>GENERATED</lastName>
               <givenName sequence="1">Stijn</givenName>
               <givenNameMatching>COMPLETE_FIRST_GIVENNAME</givenNameMatching>
            </name>
            <birth>
               <birthDate>1985-08-15</birthDate>
            </birth>
         </v1:request>
      </v1:searchPersonPhoneticallyRequest>
   </soapenv:Body>
</soapenv:Envelope>]]></con:request><con:assertion type="SOAP Fault Assertion" id="96ce3c1e-0500-42c1-aa27-8c64bfe0348c" name="Not SOAP Fault"/><con:assertion type="SOAP Response" id="6e4967dc-19a3-45ef-9659-cfee8733ed0b" name="SOAP Response"/><con:assertion type="Schema Compliance" id="4ce858ff-66ff-4c34-8e63-349332ca9618" name="Schema Compliance"><con:configuration/></con:assertion><con:wsaConfig action="http://fidus.brussels/services/personservice/searchPersonPhonetically"/></con:request></con:config></con:testStep><con:testStep type="request" id="5c73aae5-273a-4d46-91d7-dc29bed90161" name="testcase2 - DevNew - Request"><con:settings/><con:config xsi:type="con:RequestStep" xmlns:xsi="http://www.w3.org/2001/XMLSchema-instance"><con:interface>PersonServiceHTTPBinding</con:interface><con:operation>searchPersonPhonetically</con:operation><con:request name="testcase2 - DevNew - Request" id="b9732559-6322-4b49-a08d-db8953723d61" outgoingWss="Outflow DEV"><con:settings/><con:encoding>UTF-8</con:encoding><con:endpoint>https://192.168.36.205:8243/services/PersonService_v1.0</con:endpoint><con:request><![CDATA[<soapenv:Envelope xmlns:soapenv="http://schemas.xmlsoap.org/soap/envelope/" xmlns:v1="http://fidus.brussels/service/personservice/messages/v1" xmlns:v11="http://fidus.brussels/type/common/messages/v1">
   <soapenv:Header/>
   <soapenv:Body>
      <v1:searchPersonPhoneticallyRequest>
         <v1:messageContext>
         	  <v11:messageId>${=import static java.util.UUID.randomUUID; uuid = randomUUID() as String}</v11:messageId>
            <v11:timestamp>${=new java.text.SimpleDateFormat("yyyy-MM-dd'T'HH:mm:ss.SSS").format(new Date())}</v11:timestamp>
         </v1:messageContext>
         <v1:legalContext>ServiceIntegrator</v1:legalContext>
         <v1:request>
            <name>
               <lastName>GENERATED</lastName>
               <givenName sequence="1">Stijn</givenName>
               <givenNameMatching>COMPLETE_FIRST_GIVENNAME</givenNameMatching>
            </name>
            <birth>
               <birthDate>1985-08-15</birthDate>
            </birth>
         </v1:request>
      </v1:searchPersonPhoneticallyRequest>
   </soapenv:Body>
</soapenv:Envelope>]]></con:request><con:assertion type="SOAP Fault Assertion" id="12fa2958-fc7e-4c5b-aefb-0216947818a8" name="Not SOAP Fault"/><con:assertion type="SOAP Response" id="ebdf593b-0074-4470-ba41-4903af671a8e" name="SOAP Response"/><con:assertion type="Schema Compliance" id="1a065960-e21f-49e0-aaaa-50862a9e11b0" name="Schema Compliance"><con:configuration/></con:assertion><con:wsaConfig action="http://fidus.brussels/services/personservice/searchPersonPhonetically"/></con:request></con:config></con:testStep><con:properties/></con:testCase><con:testCase id="4fcdc641-4bc4-4ee8-8578-7915e83a05aa" failOnError="true" failTestCaseOnErrors="true" keepSession="false" maxResults="0" name="getCBSSIdentity" searchProperties="true"><con:settings/><con:testStep type="request" id="ed62fb91-acde-4a87-8396-67c2d35935b9" name="testcase2 - Dev - Request"><con:settings/><con:config xsi:type="con:RequestStep" xmlns:xsi="http://www.w3.org/2001/XMLSchema-instance"><con:interface>PersonServiceHTTPBinding</con:interface><con:operation>getCBSSIdentity</con:operation><con:request name="testcase2 - Dev - Request" id="2345274a-d60f-4502-bc20-67dd9f354db8" outgoingWss="Outflow DEV"><con:settings/><con:encoding>UTF-8</con:encoding><con:endpoint>https://192.168.36.61:8243/services/PersonService_v1.0</con:endpoint><con:request><![CDATA[<soapenv:Envelope xmlns:soapenv="http://schemas.xmlsoap.org/soap/envelope/" xmlns:v1="http://fidus.brussels/service/personservice/messages/v1" xmlns:v11="http://fidus.brussels/type/common/messages/v1">
   <soapenv:Header/>
   <soapenv:Body>
      <v1:getCBSSIdentityRequest>
         <v1:messageContext>
         	  <v11:messageId>${=import static java.util.UUID.randomUUID; uuid = randomUUID() as String}</v11:messageId>
            <v11:timestamp>${=new java.text.SimpleDateFormat("yyyy-MM-dd'T'HH:mm:ss.SSS").format(new Date())}</v11:timestamp>
         </v1:messageContext>
         <v1:legalContext>ServiceIntegrator</v1:legalContext>
         <v1:request>
            <v1:personNumber>12003001507</v1:personNumber>
         </v1:request>
      </v1:getCBSSIdentityRequest>
   </soapenv:Body>
</soapenv:Envelope>]]></con:request><con:assertion type="SOAP Fault Assertion" id="7eb50610-03aa-43f2-8fe7-9f81a9cc7c92" name="Not SOAP Fault"/><con:assertion type="SOAP Response" id="bf8d6a27-a1c7-48c9-a12a-5cfe662df206" name="SOAP Response"/><con:assertion type="Schema Compliance" id="afd532ec-e84d-48e6-ba9f-667ca688fb5e" name="Schema Compliance"><con:configuration/></con:assertion><con:wsaConfig action="http://fidus.brussels/services/personservice/getCBSSIdentity"/></con:request></con:config></con:testStep><con:testStep type="request" id="7d9067e2-f770-44b6-b3f6-8ebc0cab99b3" name="testcase2 - DevNew - Request"><con:settings/><con:config xsi:type="con:RequestStep" xmlns:xsi="http://www.w3.org/2001/XMLSchema-instance"><con:interface>PersonServiceHTTPBinding</con:interface><con:operation>getCBSSIdentity</con:operation><con:request name="testcase2 - DevNew - Request" id="c9e25132-217d-452e-b5b2-ce8818d814d3" outgoingWss="Outflow DEV"><con:settings/><con:encoding>UTF-8</con:encoding><con:endpoint>https://192.168.36.205:8243/services/PersonService_v1.0</con:endpoint><con:request><![CDATA[<soapenv:Envelope xmlns:soapenv="http://schemas.xmlsoap.org/soap/envelope/" xmlns:v1="http://fidus.brussels/service/personservice/messages/v1" xmlns:v11="http://fidus.brussels/type/common/messages/v1">
   <soapenv:Header/>
   <soapenv:Body>
      <v1:getCBSSIdentityRequest>
         <v1:messageContext>
         	  <v11:messageId>${=import static java.util.UUID.randomUUID; uuid = randomUUID() as String}</v11:messageId>
            <v11:timestamp>${=new java.text.SimpleDateFormat("yyyy-MM-dd'T'HH:mm:ss.SSS").format(new Date())}</v11:timestamp>
         </v1:messageContext>
         <v1:legalContext>ServiceIntegrator</v1:legalContext>
         <v1:request>
            <v1:personNumber>12003001507</v1:personNumber>
         </v1:request>
      </v1:getCBSSIdentityRequest>
   </soapenv:Body>
</soapenv:Envelope>]]></con:request><con:assertion type="SOAP Fault Assertion" id="f8c9006b-e7b8-4871-944b-87e31c750fab" name="Not SOAP Fault"/><con:assertion type="SOAP Response" id="cc05048e-0cbc-4e57-bc6a-bd8bc0a309d3" name="SOAP Response"/><con:assertion type="Schema Compliance" id="55fe0963-07c8-43f9-8d4e-f936b59026f9" name="Schema Compliance"><con:configuration/></con:assertion><con:wsaConfig action="http://fidus.brussels/services/personservice/getCBSSIdentity"/></con:request></con:config></con:testStep><con:properties/></con:testCase><con:properties/></con:testSuite><con:testSuite id="5a884912-1dd8-4bf3-8c78-3208435a1169" name="TEST"><con:settings/><con:runType>SEQUENTIAL</con:runType><con:testCase id="8931a105-3e98-4cf1-9b51-28b36f994be7" failOnError="true" failTestCaseOnErrors="true" keepSession="false" maxResults="0" name="getIdentity" searchProperties="true"><con:settings/><con:testStep type="request" id="ebad06f9-ddfb-4d8f-bd1b-9c80ec8aa8f1" name="testcase3 - Test - External - Request"><con:settings/><con:config xsi:type="con:RequestStep" xmlns:xsi="http://www.w3.org/2001/XMLSchema-instance"><con:interface>PersonServiceHTTPBinding</con:interface><con:operation>getIdentity</con:operation><con:request name="testcase3 - Test - External - Request" id="e501ec8f-0af0-4944-b84e-8b02a4778d76" outgoingWss="Outflow TEST"><con:settings/><con:encoding>UTF-8</con:encoding><con:endpoint>https://fidus-test.irisnetlab.be/services/PersonService_v1.0</con:endpoint><con:request><![CDATA[<soapenv:Envelope xmlns:soapenv="http://schemas.xmlsoap.org/soap/envelope/" xmlns:v1="http://fidus.brussels/service/personservice/messages/v1" xmlns:v11="http://fidus.brussels/type/common/messages/v1">
   <soapenv:Header/>
   <soapenv:Body>
      <v1:getIdentityRequest>
         <v1:messageContext>
         	  <v11:messageId>${=import static java.util.UUID.randomUUID; uuid = randomUUID() as String}</v11:messageId>
            <v11:timestamp>${=new java.text.SimpleDateFormat("yyyy-MM-dd'T'HH:mm:ss.SSS").format(new Date())}</v11:timestamp>
         </v1:messageContext>
         <v1:legalContext>ServiceIntegrator</v1:legalContext>
         <v1:request>
            <v1:personNumber>91040526866</v1:personNumber>
         </v1:request>
      </v1:getIdentityRequest>
   </soapenv:Body>
</soapenv:Envelope>]]></con:request><con:assertion type="SOAP Fault Assertion" id="938181de-f585-4e6d-95a9-3c07fd27f389" name="Not SOAP Fault"/><con:assertion type="SOAP Response" id="262b1a8b-f657-4bd3-b672-96b3747934c5" name="SOAP Response"/><con:assertion type="Schema Compliance" id="f7e9050c-8beb-4acf-81ca-eb5b3f279fe2" name="Schema Compliance"><con:configuration/></con:assertion><con:wsaConfig action="http://fidus.brussels/services/personservice/getIdentity"/></con:request></con:config></con:testStep><con:testStep type="request" id="2b7b7d2b-d033-4c09-95b9-93c16c069ec3" name="testcase3 - Test - LB - Request"><con:settings/><con:config xsi:type="con:RequestStep" xmlns:xsi="http://www.w3.org/2001/XMLSchema-instance"><con:interface>PersonServiceHTTPBinding</con:interface><con:operation>getIdentity</con:operation><con:request name="testcase3 - Test - LB - Request" id="8156fb98-c735-4879-87ed-ce0b085677ce" outgoingWss="Outflow TEST"><con:settings/><con:encoding>UTF-8</con:encoding><con:endpoint>https://esb-security-gw.sta.srv.cirb.lan:8443/services/PersonService_v1.0</con:endpoint><con:request><![CDATA[<soapenv:Envelope xmlns:soapenv="http://schemas.xmlsoap.org/soap/envelope/" xmlns:v1="http://fidus.brussels/service/personservice/messages/v1" xmlns:v11="http://fidus.brussels/type/common/messages/v1">
   <soapenv:Header/>
   <soapenv:Body>
      <v1:getIdentityRequest>
         <v1:messageContext>
         	  <v11:messageId>${=import static java.util.UUID.randomUUID; uuid = randomUUID() as String}</v11:messageId>
            <v11:timestamp>${=new java.text.SimpleDateFormat("yyyy-MM-dd'T'HH:mm:ss.SSS").format(new Date())}</v11:timestamp>
         </v1:messageContext>
         <v1:legalContext>LocalResidentCardJET</v1:legalContext>
         <v1:request>
            <v1:personNumber>12003001507</v1:personNumber>
         </v1:request>
      </v1:getIdentityRequest>
   </soapenv:Body>
</soapenv:Envelope>]]></con:request><con:assertion type="SOAP Fault Assertion" id="cda29511-37c7-44e4-ab94-d1baed683c5d" name="Not SOAP Fault"/><con:assertion type="SOAP Response" id="c388992e-3749-4a1d-846e-50f1b2636a30" name="SOAP Response"/><con:assertion type="Schema Compliance" id="384b8891-8858-4b35-a3b4-21fd1c3cb60d" name="Schema Compliance"><con:configuration/></con:assertion><con:wsaConfig action="http://fidus.brussels/services/personservice/getIdentity"/></con:request></con:config></con:testStep><con:testStep type="request" id="fe0e64f7-69c0-4dd0-ad0a-e607dc20b79f" name="testcase3 - Test - Worker1 - Request"><con:settings/><con:config xsi:type="con:RequestStep" xmlns:xsi="http://www.w3.org/2001/XMLSchema-instance"><con:interface>PersonServiceHTTPBinding</con:interface><con:operation>getIdentity</con:operation><con:request name="testcase3 - Test - Worker1 - Request" id="0d10048b-be57-4f70-aa09-1f90ba2a61a3" outgoingWss="Outflow TEST"><con:settings/><con:encoding>UTF-8</con:encoding><con:endpoint>https://192.168.24.45:8443/services/PersonService_v1.0</con:endpoint><con:request><![CDATA[<soapenv:Envelope xmlns:soapenv="http://schemas.xmlsoap.org/soap/envelope/" xmlns:v1="http://fidus.brussels/service/personservice/messages/v1" xmlns:v11="http://fidus.brussels/type/common/messages/v1">
   <soapenv:Header/>
   <soapenv:Body>
      <v1:getIdentityRequest>
         <v1:messageContext>
         	  <v11:messageId>${=import static java.util.UUID.randomUUID; uuid = randomUUID() as String}</v11:messageId>
            <v11:timestamp>${=new java.text.SimpleDateFormat("yyyy-MM-dd'T'HH:mm:ss.SSS").format(new Date())}</v11:timestamp>
         </v1:messageContext>
         <v1:legalContext>ServiceIntegrator</v1:legalContext>
         <v1:request>
            <v1:personNumber>91120406960</v1:personNumber>
         </v1:request>
      </v1:getIdentityRequest>
   </soapenv:Body>
</soapenv:Envelope>]]></con:request><con:assertion type="SOAP Fault Assertion" id="d12ae875-a405-40ec-8e71-068161fc7773" name="Not SOAP Fault"/><con:assertion type="SOAP Response" id="cfa892be-bc7f-4544-80d1-0907f56dfa44" name="SOAP Response"/><con:assertion type="Schema Compliance" id="82d4a998-ae7e-4af6-a4cd-3dd6a443b512" name="Schema Compliance"><con:configuration/></con:assertion><con:wsaConfig action="http://fidus.brussels/services/personservice/getIdentity"/></con:request></con:config></con:testStep><con:testStep type="request" id="d61f5531-f30e-4bce-b800-23090693cdc3" name="testcase3 - Test - Worker2 - Request"><con:settings/><con:config xsi:type="con:RequestStep" xmlns:xsi="http://www.w3.org/2001/XMLSchema-instance"><con:interface>PersonServiceHTTPBinding</con:interface><con:operation>getIdentity</con:operation><con:request name="testcase3 - Test - Worker2 - Request" id="1e951e64-8b01-474f-be83-6a7fcd62c3d4" outgoingWss="Outflow TEST"><con:settings/><con:encoding>UTF-8</con:encoding><con:endpoint>https://192.168.24.51:8443/services/PersonService_v1.0</con:endpoint><con:request><![CDATA[<soapenv:Envelope xmlns:soapenv="http://schemas.xmlsoap.org/soap/envelope/" xmlns:v1="http://fidus.brussels/service/personservice/messages/v1" xmlns:v11="http://fidus.brussels/type/common/messages/v1">
   <soapenv:Header/>
   <soapenv:Body>
      <v1:getIdentityRequest>
         <v1:messageContext>
         	  <v11:messageId>${=import static java.util.UUID.randomUUID; uuid = randomUUID() as String}</v11:messageId>
            <v11:timestamp>${=new java.text.SimpleDateFormat("yyyy-MM-dd'T'HH:mm:ss.SSS").format(new Date())}</v11:timestamp>
         </v1:messageContext>
         <v1:legalContext>ServiceIntegrator</v1:legalContext>
         <v1:request>
            <v1:personNumber>91120406960</v1:personNumber>
         </v1:request>
      </v1:getIdentityRequest>
   </soapenv:Body>
</soapenv:Envelope>]]></con:request><con:assertion type="SOAP Fault Assertion" id="1238910a-ae9a-4ceb-a51c-80e15e03918c" name="Not SOAP Fault"/><con:assertion type="SOAP Response" id="3976d529-14c2-4276-ba1a-dde1f68c546e" name="SOAP Response"/><con:assertion type="Schema Compliance" id="f66fe58f-bd16-44f2-b88f-cf869e70f73e" name="Schema Compliance"><con:configuration/></con:assertion><con:wsaConfig action="http://fidus.brussels/services/personservice/getIdentity"/></con:request></con:config></con:testStep><con:testStep type="request" id="552b42d1-24c9-46d7-8726-70b343faff3f" name="testcase3 - Test - Worker1New - Request"><con:settings/><con:config xsi:type="con:RequestStep" xmlns:xsi="http://www.w3.org/2001/XMLSchema-instance"><con:interface>PersonServiceHTTPBinding</con:interface><con:operation>getIdentity</con:operation><con:request name="testcase3 - Test - Worker1New - Request" id="1b9412e5-4675-40e6-a9f0-de461e48f925" outgoingWss="Outflow TEST"><con:settings/><con:encoding>UTF-8</con:encoding><con:endpoint>https://192.168.24.45:8443/services/PersonService_v1.0</con:endpoint><con:request><![CDATA[<soapenv:Envelope xmlns:soapenv="http://schemas.xmlsoap.org/soap/envelope/" xmlns:v1="http://fidus.brussels/service/personservice/messages/v1" xmlns:v11="http://fidus.brussels/type/common/messages/v1">
   <soapenv:Header/>
   <soapenv:Body>
      <v1:getIdentityRequest>
         <v1:messageContext>
         	  <v11:messageId>${=import static java.util.UUID.randomUUID; uuid = randomUUID() as String}</v11:messageId>
            <v11:timestamp>${=new java.text.SimpleDateFormat("yyyy-MM-dd'T'HH:mm:ss.SSS").format(new Date())}</v11:timestamp>
         </v1:messageContext>
         <v1:legalContext>ServiceIntegrator</v1:legalContext>
         <v1:request>
            <v1:personNumber>91120406960</v1:personNumber>
         </v1:request>
      </v1:getIdentityRequest>
   </soapenv:Body>
</soapenv:Envelope>]]></con:request><con:assertion type="SOAP Fault Assertion" id="893e5af2-8eeb-4776-82f7-e9adacc32cb9" name="Not SOAP Fault"/><con:assertion type="SOAP Response" id="df2c7da7-67c6-4732-8b6a-ea8f03850bb6" name="SOAP Response"/><con:assertion type="Schema Compliance" id="5b63ad3a-d22c-4319-8b00-14aca23ce3e3" name="Schema Compliance"><con:configuration/></con:assertion><con:wsaConfig action="http://fidus.brussels/services/personservice/getIdentity"/></con:request></con:config></con:testStep><con:testStep type="request" id="1846f05a-561c-4920-85c3-eb25afc87cea" name="testcase3 - Test - Worker2New - Request"><con:settings/><con:config xsi:type="con:RequestStep" xmlns:xsi="http://www.w3.org/2001/XMLSchema-instance"><con:interface>PersonServiceHTTPBinding</con:interface><con:operation>getIdentity</con:operation><con:request name="testcase3 - Test - Worker2New - Request" id="c2b263ac-9209-498c-8d59-f88abdd95bd0" outgoingWss="Outflow TEST"><con:settings/><con:encoding>UTF-8</con:encoding><con:endpoint>https://192.168.24.51:8443/services/PersonService_v1.0</con:endpoint><con:request><![CDATA[<soapenv:Envelope xmlns:soapenv="http://schemas.xmlsoap.org/soap/envelope/" xmlns:v1="http://fidus.brussels/service/personservice/messages/v1" xmlns:v11="http://fidus.brussels/type/common/messages/v1">
   <soapenv:Header/>
   <soapenv:Body>
      <v1:getIdentityRequest>
         <v1:messageContext>
         	  <v11:messageId>${=import static java.util.UUID.randomUUID; uuid = randomUUID() as String}</v11:messageId>
            <v11:timestamp>${=new java.text.SimpleDateFormat("yyyy-MM-dd'T'HH:mm:ss.SSS").format(new Date())}</v11:timestamp>
         </v1:messageContext>
         <v1:legalContext>ServiceIntegrator</v1:legalContext>
         <v1:request>
            <v1:personNumber>91120406960</v1:personNumber>
         </v1:request>
      </v1:getIdentityRequest>
   </soapenv:Body>
</soapenv:Envelope>]]></con:request><con:assertion type="SOAP Fault Assertion" id="eda7e397-de07-4e47-9a4c-40c644f0dbd4" name="Not SOAP Fault"/><con:assertion type="SOAP Response" id="303890f9-0c56-4e46-a376-5d5707e36b14" name="SOAP Response"/><con:assertion type="Schema Compliance" id="8930df4e-02f8-4a93-b74c-a4635534c699" name="Schema Compliance"><con:configuration/></con:assertion><con:wsaConfig action="http://fidus.brussels/services/personservice/getIdentity"/></con:request></con:config></con:testStep><con:properties/></con:testCase><con:testCase id="00b256e0-2fe9-48c1-b349-cdadf54cf1b8" failOnError="true" failTestCaseOnErrors="true" keepSession="false" maxResults="0" name="searchPersonByAddress" searchProperties="true"><con:settings/><con:testStep type="request" id="f7942e30-2a36-4bb3-b5de-4271000556ff" name="testcase3 - Test - External - Request"><con:settings/><con:config xsi:type="con:RequestStep" xmlns:xsi="http://www.w3.org/2001/XMLSchema-instance"><con:interface>PersonServiceHTTPBinding</con:interface><con:operation>searchPersonByAddress</con:operation><con:request name="testcase3 - Test - External - Request" id="4055a559-116c-4264-b329-e75cc4029995" outgoingWss="Outflow TEST"><con:settings/><con:encoding>UTF-8</con:encoding><con:endpoint>https://fidus-test.irisnetlab.be/services/PersonService_v1.0</con:endpoint><con:request><![CDATA[<soapenv:Envelope xmlns:soapenv="http://schemas.xmlsoap.org/soap/envelope/" xmlns:v1="http://fidus.brussels/service/personservice/messages/v1" xmlns:v11="http://fidus.brussels/type/common/messages/v1">
   <soapenv:Header/>
   <soapenv:Body>
      <v1:searchPersonByAddressRequest>
         <v1:messageContext>
         	  <v11:messageId>${=import static java.util.UUID.randomUUID; uuid = randomUUID() as String}</v11:messageId>
            <v11:timestamp>${=new java.text.SimpleDateFormat("yyyy-MM-dd'T'HH:mm:ss.SSS").format(new Date())}</v11:timestamp>
         </v1:messageContext>
         <v1:legalContext>ServiceIntegrator</v1:legalContext>
         <v1:request>
            <postalCode>2800</postalCode>
            <streetCode>1480</streetCode>
            <houseNumber>77</houseNumber>
         </v1:request>
      </v1:searchPersonByAddressRequest>
   </soapenv:Body>
</soapenv:Envelope>]]></con:request><con:assertion type="SOAP Fault Assertion" id="4c6751f5-c608-4fdc-9857-4a5243eb25c7" name="Not SOAP Fault"/><con:assertion type="SOAP Response" id="338e39c8-82af-4969-8cb7-a0d399150fb4" name="SOAP Response"/><con:assertion type="Schema Compliance" id="4c7d8c47-801f-44fd-ae29-6dd93afdb061" name="Schema Compliance"><con:configuration/></con:assertion><con:wsaConfig action="http://fidus.brussels/services/personservice/searchPersonByAddress"/></con:request></con:config></con:testStep><con:testStep type="request" id="31b518bd-c939-4165-bb84-9de3c45102f8" name="testcase3 - Test - LB - Request"><con:settings/><con:config xsi:type="con:RequestStep" xmlns:xsi="http://www.w3.org/2001/XMLSchema-instance"><con:interface>PersonServiceHTTPBinding</con:interface><con:operation>searchPersonByAddress</con:operation><con:request name="testcase3 - Test - LB - Request" id="806aaa49-e4cd-4de1-9946-e85c78434fa0" outgoingWss="Outflow TEST"><con:settings/><con:encoding>UTF-8</con:encoding><con:endpoint>https://esb-security-gw.sta.srv.cirb.lan:8443/services/PersonService_v1.0</con:endpoint><con:request><![CDATA[<soapenv:Envelope xmlns:soapenv="http://schemas.xmlsoap.org/soap/envelope/" xmlns:v1="http://fidus.brussels/service/personservice/messages/v1" xmlns:v11="http://fidus.brussels/type/common/messages/v1">
   <soapenv:Header/>
   <soapenv:Body>
      <v1:searchPersonByAddressRequest>
         <v1:messageContext>
         	  <v11:messageId>${=import static java.util.UUID.randomUUID; uuid = randomUUID() as String}</v11:messageId>
            <v11:timestamp>${=new java.text.SimpleDateFormat("yyyy-MM-dd'T'HH:mm:ss.SSS").format(new Date())}</v11:timestamp>
         </v1:messageContext>
         <v1:legalContext>ServiceIntegrator</v1:legalContext>
         <v1:request>
            <postalCode>2800</postalCode>
            <streetCode>1480</streetCode>
            <houseNumber>77</houseNumber>
         </v1:request>
      </v1:searchPersonByAddressRequest>
   </soapenv:Body>
</soapenv:Envelope>]]></con:request><con:assertion type="SOAP Fault Assertion" id="e76936a4-a2c4-41d4-a21a-68e96479e1ca" name="Not SOAP Fault"/><con:assertion type="SOAP Response" id="81236b79-522c-492b-bc0b-542b2fabd414" name="SOAP Response"/><con:assertion type="Schema Compliance" id="7fc0085e-4dbf-4303-a105-e892e438fa57" name="Schema Compliance"><con:configuration/></con:assertion><con:wsaConfig action="http://fidus.brussels/services/personservice/searchPersonByAddress"/></con:request></con:config></con:testStep><con:testStep type="request" id="7a907f8f-71de-4aac-af72-9dab9b645612" name="testcase3 - Test - Worker1 - Request"><con:settings/><con:config xsi:type="con:RequestStep" xmlns:xsi="http://www.w3.org/2001/XMLSchema-instance"><con:interface>PersonServiceHTTPBinding</con:interface><con:operation>searchPersonByAddress</con:operation><con:request name="testcase3 - Test - Worker1 - Request" id="295d7512-e070-4d50-82d0-9ece7ff196ac" outgoingWss="Outflow TEST"><con:settings/><con:encoding>UTF-8</con:encoding><con:endpoint>https://192.168.24.45:8443/services/PersonService_v1.0</con:endpoint><con:request><![CDATA[<soapenv:Envelope xmlns:soapenv="http://schemas.xmlsoap.org/soap/envelope/" xmlns:v1="http://fidus.brussels/service/personservice/messages/v1" xmlns:v11="http://fidus.brussels/type/common/messages/v1">
   <soapenv:Header/>
   <soapenv:Body>
      <v1:searchPersonByAddressRequest>
         <v1:messageContext>
         	  <v11:messageId>${=import static java.util.UUID.randomUUID; uuid = randomUUID() as String}</v11:messageId>
            <v11:timestamp>${=new java.text.SimpleDateFormat("yyyy-MM-dd'T'HH:mm:ss.SSS").format(new Date())}</v11:timestamp>
         </v1:messageContext>
         <v1:legalContext>ServiceIntegrator</v1:legalContext>
         <v1:request>
            <postalCode>2800</postalCode>
            <streetCode>1480</streetCode>
            <houseNumber>77</houseNumber>
         </v1:request>
      </v1:searchPersonByAddressRequest>
   </soapenv:Body>
</soapenv:Envelope>]]></con:request><con:assertion type="SOAP Fault Assertion" id="a2055b2f-02e6-4832-b51e-d60b26166b22" name="Not SOAP Fault"/><con:assertion type="SOAP Response" id="81b69356-a87c-4b75-b13f-066b0a12c036" name="SOAP Response"/><con:assertion type="Schema Compliance" id="ed4dc794-5ff7-4386-8f56-c79d86a47e3e" name="Schema Compliance"><con:configuration/></con:assertion><con:wsaConfig action="http://fidus.brussels/services/personservice/searchPersonByAddress"/></con:request></con:config></con:testStep><con:testStep type="request" id="2b5e7c37-a8ac-4881-9d69-85bc4fcf2957" name="testcase3 - Test - Worker2 - Request"><con:settings/><con:config xsi:type="con:RequestStep" xmlns:xsi="http://www.w3.org/2001/XMLSchema-instance"><con:interface>PersonServiceHTTPBinding</con:interface><con:operation>searchPersonByAddress</con:operation><con:request name="testcase3 - Test - Worker2 - Request" id="8527897f-4e72-407e-8100-d8e6f660a06b" outgoingWss="Outflow TEST"><con:settings/><con:encoding>UTF-8</con:encoding><con:endpoint>https://192.168.24.51:8443/services/PersonService_v1.0</con:endpoint><con:request><![CDATA[<soapenv:Envelope xmlns:soapenv="http://schemas.xmlsoap.org/soap/envelope/" xmlns:v1="http://fidus.brussels/service/personservice/messages/v1" xmlns:v11="http://fidus.brussels/type/common/messages/v1">
   <soapenv:Header/>
   <soapenv:Body>
      <v1:searchPersonByAddressRequest>
         <v1:messageContext>
         	  <v11:messageId>${=import static java.util.UUID.randomUUID; uuid = randomUUID() as String}</v11:messageId>
            <v11:timestamp>${=new java.text.SimpleDateFormat("yyyy-MM-dd'T'HH:mm:ss.SSS").format(new Date())}</v11:timestamp>
         </v1:messageContext>
         <v1:legalContext>ServiceIntegrator</v1:legalContext>
         <v1:request>
            <postalCode>2800</postalCode>
            <streetCode>1480</streetCode>
            <houseNumber>77</houseNumber>
         </v1:request>
      </v1:searchPersonByAddressRequest>
   </soapenv:Body>
</soapenv:Envelope>]]></con:request><con:assertion type="SOAP Fault Assertion" id="ef2f7819-666c-4abf-8990-96e90ba3f39d" name="Not SOAP Fault"/><con:assertion type="SOAP Response" id="f91b97e0-bcb7-4237-b99f-cfe2c08065ad" name="SOAP Response"/><con:assertion type="Schema Compliance" id="2f6b3bf0-ffb3-492c-adf3-c2a02e8ca0c6" name="Schema Compliance"><con:configuration/></con:assertion><con:wsaConfig action="http://fidus.brussels/services/personservice/searchPersonByAddress"/></con:request></con:config></con:testStep><con:testStep type="request" id="b0992487-632a-4dad-ae5f-15a4e16fd3b5" name="testcase3 - Test - Worker1New - Request"><con:settings/><con:config xsi:type="con:RequestStep" xmlns:xsi="http://www.w3.org/2001/XMLSchema-instance"><con:interface>PersonServiceHTTPBinding</con:interface><con:operation>searchPersonByAddress</con:operation><con:request name="testcase3 - Test - Worker1New - Request" id="50679af2-4a4f-4080-85ca-f59e3bd95928" outgoingWss="Outflow TEST"><con:settings/><con:encoding>UTF-8</con:encoding><con:endpoint>https://192.168.24.45:8443/services/PersonService_v1.0</con:endpoint><con:request><![CDATA[<soapenv:Envelope xmlns:soapenv="http://schemas.xmlsoap.org/soap/envelope/" xmlns:v1="http://fidus.brussels/service/personservice/messages/v1" xmlns:v11="http://fidus.brussels/type/common/messages/v1">
   <soapenv:Header/>
   <soapenv:Body>
      <v1:searchPersonByAddressRequest>
         <v1:messageContext>
         	  <v11:messageId>${=import static java.util.UUID.randomUUID; uuid = randomUUID() as String}</v11:messageId>
            <v11:timestamp>${=new java.text.SimpleDateFormat("yyyy-MM-dd'T'HH:mm:ss.SSS").format(new Date())}</v11:timestamp>
         </v1:messageContext>
         <v1:legalContext>ServiceIntegrator</v1:legalContext>
         <v1:request>
            <postalCode>2800</postalCode>
            <streetCode>1480</streetCode>
            <houseNumber>77</houseNumber>
         </v1:request>
      </v1:searchPersonByAddressRequest>
   </soapenv:Body>
</soapenv:Envelope>]]></con:request><con:assertion type="SOAP Fault Assertion" id="0680c0bc-3ff7-44c4-be03-8e21c9639035" name="Not SOAP Fault"/><con:assertion type="SOAP Response" id="1a5d5b06-122a-4328-97a9-985755305318" name="SOAP Response"/><con:assertion type="Schema Compliance" id="0df4c490-f005-4966-bf5e-d0f8bf32462d" name="Schema Compliance"><con:configuration/></con:assertion><con:wsaConfig action="http://fidus.brussels/services/personservice/searchPersonByAddress"/></con:request></con:config></con:testStep><con:testStep type="request" id="2d1d8155-d090-49fc-beb6-3e2eb88bedd2" name="testcase3 - Test - Worker2New - Request"><con:settings/><con:config xsi:type="con:RequestStep" xmlns:xsi="http://www.w3.org/2001/XMLSchema-instance"><con:interface>PersonServiceHTTPBinding</con:interface><con:operation>searchPersonByAddress</con:operation><con:request name="testcase3 - Test - Worker2New - Request" id="0acea893-0ff1-4de1-a45d-75fc52ed8c5f" outgoingWss="Outflow TEST"><con:settings/><con:encoding>UTF-8</con:encoding><con:endpoint>https://192.168.24.51:8443/services/PersonService_v1.0</con:endpoint><con:request><![CDATA[<soapenv:Envelope xmlns:soapenv="http://schemas.xmlsoap.org/soap/envelope/" xmlns:v1="http://fidus.brussels/service/personservice/messages/v1" xmlns:v11="http://fidus.brussels/type/common/messages/v1">
   <soapenv:Header/>
   <soapenv:Body>
      <v1:searchPersonByAddressRequest>
         <v1:messageContext>
         	  <v11:messageId>${=import static java.util.UUID.randomUUID; uuid = randomUUID() as String}</v11:messageId>
            <v11:timestamp>${=new java.text.SimpleDateFormat("yyyy-MM-dd'T'HH:mm:ss.SSS").format(new Date())}</v11:timestamp>
         </v1:messageContext>
         <v1:legalContext>ServiceIntegrator</v1:legalContext>
         <v1:request>
            <postalCode>2800</postalCode>
            <streetCode>1480</streetCode>
            <houseNumber>77</houseNumber>
         </v1:request>
      </v1:searchPersonByAddressRequest>
   </soapenv:Body>
</soapenv:Envelope>]]></con:request><con:assertion type="SOAP Fault Assertion" id="7094e1de-5be0-4aa2-9a07-9b0902b210c4" name="Not SOAP Fault"/><con:assertion type="SOAP Response" id="03e1ee15-2d15-4c87-903f-2c6c07128266" name="SOAP Response"/><con:assertion type="Schema Compliance" id="a59090f7-f3b4-44db-93ec-84ac01176fef" name="Schema Compliance"><con:configuration/></con:assertion><con:wsaConfig action="http://fidus.brussels/services/personservice/searchPersonByAddress"/></con:request></con:config></con:testStep><con:properties/></con:testCase><con:testCase id="90a4895d-222e-4efe-ac9b-044e09453662" failOnError="true" failTestCaseOnErrors="true" keepSession="false" maxResults="0" name="searchPersonPhonetically" searchProperties="true"><con:settings/><con:testStep type="request" id="e81cd582-14d6-4f4e-8505-ea73b5473a40" name="testcase3 - Test - External - Request"><con:settings/><con:config xsi:type="con:RequestStep" xmlns:xsi="http://www.w3.org/2001/XMLSchema-instance"><con:interface>PersonServiceHTTPBinding</con:interface><con:operation>searchPersonPhonetically</con:operation><con:request name="testcase3 - Test - External - Request" id="07f3188f-b124-4499-bff9-2ccae3f325db" outgoingWss="Outflow TEST"><con:settings/><con:encoding>UTF-8</con:encoding><con:endpoint>https://fidus-test.irisnetlab.be/services/PersonService_v1.0</con:endpoint><con:request><![CDATA[<soapenv:Envelope xmlns:soapenv="http://schemas.xmlsoap.org/soap/envelope/" xmlns:v1="http://fidus.brussels/service/personservice/messages/v1" xmlns:v11="http://fidus.brussels/type/common/messages/v1">
   <soapenv:Header/>
   <soapenv:Body>
      <v1:searchPersonPhoneticallyRequest>
         <v1:messageContext>
         	  <v11:messageId>${=import static java.util.UUID.randomUUID; uuid = randomUUID() as String}</v11:messageId>
            <v11:timestamp>${=new java.text.SimpleDateFormat("yyyy-MM-dd'T'HH:mm:ss.SSS").format(new Date())}</v11:timestamp>
         </v1:messageContext>
         <v1:legalContext>ServiceIntegrator</v1:legalContext>
         <v1:request>
            <name>
               <lastName>GENERATED</lastName>
               <givenName sequence="1">Stijn</givenName>
               <givenNameMatching>COMPLETE_FIRST_GIVENNAME</givenNameMatching>
            </name>
            <birth>
               <birthDate>1985-08-15</birthDate>
            </birth>
         </v1:request>
      </v1:searchPersonPhoneticallyRequest>
   </soapenv:Body>
</soapenv:Envelope>]]></con:request><con:assertion type="SOAP Fault Assertion" id="187b2fd8-77a0-40fe-a360-266fe16f97ca" name="Not SOAP Fault"/><con:assertion type="SOAP Response" id="346ef419-c68c-4273-8af2-37777cd65f75" name="SOAP Response"/><con:assertion type="Schema Compliance" id="85342c72-364f-4b84-a6b7-b1baf83549c5" name="Schema Compliance"><con:configuration/></con:assertion><con:wsaConfig action="http://fidus.brussels/services/personservice/searchPersonPhonetically"/></con:request></con:config></con:testStep><con:testStep type="request" id="af8f20ad-3585-4427-97ae-55c918402e6b" name="testcase3 - Test - LB - Request"><con:settings/><con:config xsi:type="con:RequestStep" xmlns:xsi="http://www.w3.org/2001/XMLSchema-instance"><con:interface>PersonServiceHTTPBinding</con:interface><con:operation>searchPersonPhonetically</con:operation><con:request name="testcase3 - Test - LB - Request" id="ec5a87fe-fc36-42dd-be3b-58a99f8178d2" outgoingWss="Outflow TEST"><con:settings/><con:encoding>UTF-8</con:encoding><con:endpoint>https://esb-security-gw.sta.srv.cirb.lan:8443/services/PersonService_v1.0</con:endpoint><con:request><![CDATA[<soapenv:Envelope xmlns:soapenv="http://schemas.xmlsoap.org/soap/envelope/" xmlns:v1="http://fidus.brussels/service/personservice/messages/v1" xmlns:v11="http://fidus.brussels/type/common/messages/v1">
   <soapenv:Header/>
   <soapenv:Body>
      <v1:searchPersonPhoneticallyRequest>
         <v1:messageContext>
         	  <v11:messageId>${=import static java.util.UUID.randomUUID; uuid = randomUUID() as String}</v11:messageId>
            <v11:timestamp>${=new java.text.SimpleDateFormat("yyyy-MM-dd'T'HH:mm:ss.SSS").format(new Date())}</v11:timestamp>
         </v1:messageContext>
         <v1:legalContext>ServiceIntegrator</v1:legalContext>
         <v1:request>
            <name>
               <lastName>GENERATED</lastName>
               <givenName sequence="1">Stijn</givenName>
               <givenNameMatching>COMPLETE_FIRST_GIVENNAME</givenNameMatching>
            </name>
            <birth>
               <birthDate>1985-08-15</birthDate>
            </birth>
         </v1:request>
      </v1:searchPersonPhoneticallyRequest>
   </soapenv:Body>
</soapenv:Envelope>]]></con:request><con:assertion type="SOAP Fault Assertion" id="01758ca6-9b90-4bf5-84dd-d3a5f0018b2a" name="Not SOAP Fault"/><con:assertion type="SOAP Response" id="db93721e-34d1-4b00-a2d9-7b02763a7c98" name="SOAP Response"/><con:assertion type="Schema Compliance" id="43a6dd5c-a93e-4717-8a4b-70fa2b17b5f6" name="Schema Compliance"><con:configuration/></con:assertion><con:wsaConfig action="http://fidus.brussels/services/personservice/searchPersonPhonetically"/></con:request></con:config></con:testStep><con:testStep type="request" id="2e20677a-6f03-4bae-987e-c806eb8db416" name="testcase3 - Test - Worker1 - Request"><con:settings/><con:config xsi:type="con:RequestStep" xmlns:xsi="http://www.w3.org/2001/XMLSchema-instance"><con:interface>PersonServiceHTTPBinding</con:interface><con:operation>searchPersonPhonetically</con:operation><con:request name="testcase3 - Test - Worker1 - Request" id="aab345b5-47b7-4fc4-b0e5-4e4ba6e26020" outgoingWss="Outflow TEST"><con:settings/><con:encoding>UTF-8</con:encoding><con:endpoint>https://192.168.24.45:8443/services/PersonService_v1.0</con:endpoint><con:request><![CDATA[<soapenv:Envelope xmlns:soapenv="http://schemas.xmlsoap.org/soap/envelope/" xmlns:v1="http://fidus.brussels/service/personservice/messages/v1" xmlns:v11="http://fidus.brussels/type/common/messages/v1">
   <soapenv:Header/>
   <soapenv:Body>
      <v1:searchPersonPhoneticallyRequest>
         <v1:messageContext>
         	  <v11:messageId>${=import static java.util.UUID.randomUUID; uuid = randomUUID() as String}</v11:messageId>
            <v11:timestamp>${=new java.text.SimpleDateFormat("yyyy-MM-dd'T'HH:mm:ss.SSS").format(new Date())}</v11:timestamp>
         </v1:messageContext>
         <v1:legalContext>ServiceIntegrator</v1:legalContext>
         <v1:request>
            <name>
               <lastName>GENERATED</lastName>
               <givenName sequence="1">Stijn</givenName>
               <givenNameMatching>COMPLETE_FIRST_GIVENNAME</givenNameMatching>
            </name>
            <birth>
               <birthDate>1985-08-15</birthDate>
            </birth>
         </v1:request>
      </v1:searchPersonPhoneticallyRequest>
   </soapenv:Body>
</soapenv:Envelope>]]></con:request><con:assertion type="SOAP Fault Assertion" id="b0ac21ba-8fa9-478f-b4fa-2fe97bd860b3" name="Not SOAP Fault"/><con:assertion type="SOAP Response" id="8d5dce70-835f-4d23-840d-d90b94174ff9" name="SOAP Response"/><con:assertion type="Schema Compliance" id="ff08ef8a-221b-40a0-af91-df763d671111" name="Schema Compliance"><con:configuration/></con:assertion><con:wsaConfig action="http://fidus.brussels/services/personservice/searchPersonPhonetically"/></con:request></con:config></con:testStep><con:testStep type="request" id="4a1ddf67-1319-42c0-8529-bfdd9da271c1" name="testcase3 - Test - Worker2 - Request"><con:settings/><con:config xsi:type="con:RequestStep" xmlns:xsi="http://www.w3.org/2001/XMLSchema-instance"><con:interface>PersonServiceHTTPBinding</con:interface><con:operation>searchPersonPhonetically</con:operation><con:request name="testcase3 - Test - Worker2 - Request" id="76182b6e-15a5-4dbb-aba6-8cc8e5fb3718" outgoingWss="Outflow TEST"><con:settings/><con:encoding>UTF-8</con:encoding><con:endpoint>https://192.168.24.51:8443/services/PersonService_v1.0</con:endpoint><con:request><![CDATA[<soapenv:Envelope xmlns:soapenv="http://schemas.xmlsoap.org/soap/envelope/" xmlns:v1="http://fidus.brussels/service/personservice/messages/v1" xmlns:v11="http://fidus.brussels/type/common/messages/v1">
   <soapenv:Header/>
   <soapenv:Body>
      <v1:searchPersonPhoneticallyRequest>
         <v1:messageContext>
         	  <v11:messageId>${=import static java.util.UUID.randomUUID; uuid = randomUUID() as String}</v11:messageId>
            <v11:timestamp>${=new java.text.SimpleDateFormat("yyyy-MM-dd'T'HH:mm:ss.SSS").format(new Date())}</v11:timestamp>
         </v1:messageContext>
         <v1:legalContext>ServiceIntegrator</v1:legalContext>
         <v1:request>
            <name>
               <lastName>GENERATED</lastName>
               <givenName sequence="1">Stijn</givenName>
               <givenNameMatching>COMPLETE_FIRST_GIVENNAME</givenNameMatching>
            </name>
            <birth>
               <birthDate>1985-08-15</birthDate>
            </birth>
         </v1:request>
      </v1:searchPersonPhoneticallyRequest>
   </soapenv:Body>
</soapenv:Envelope>]]></con:request><con:assertion type="SOAP Fault Assertion" id="917155de-f277-4f80-986f-15b5de50eb0e" name="Not SOAP Fault"/><con:assertion type="SOAP Response" id="afc7fdb6-0fab-4568-9b8a-ff69972b69a7" name="SOAP Response"/><con:assertion type="Schema Compliance" id="db7ad6cc-cac2-41d0-9918-22beb5916fd6" name="Schema Compliance"><con:configuration/></con:assertion><con:wsaConfig action="http://fidus.brussels/services/personservice/searchPersonPhonetically"/></con:request></con:config></con:testStep><con:testStep type="request" id="e3653d04-964f-4b46-8d1d-2fa2cc95a696" name="testcase3 - Test - Worker1New - Request"><con:settings/><con:config xsi:type="con:RequestStep" xmlns:xsi="http://www.w3.org/2001/XMLSchema-instance"><con:interface>PersonServiceHTTPBinding</con:interface><con:operation>searchPersonPhonetically</con:operation><con:request name="testcase3 - Test - Worker1New - Request" id="100e69b8-7153-4716-ba9f-a02cae1bc82b" outgoingWss="Outflow TEST"><con:settings/><con:encoding>UTF-8</con:encoding><con:endpoint>https://192.168.24.45:8443/services/PersonService_v1.0</con:endpoint><con:request><![CDATA[<soapenv:Envelope xmlns:soapenv="http://schemas.xmlsoap.org/soap/envelope/" xmlns:v1="http://fidus.brussels/service/personservice/messages/v1" xmlns:v11="http://fidus.brussels/type/common/messages/v1">
   <soapenv:Header/>
   <soapenv:Body>
      <v1:searchPersonPhoneticallyRequest>
         <v1:messageContext>
         	  <v11:messageId>${=import static java.util.UUID.randomUUID; uuid = randomUUID() as String}</v11:messageId>
            <v11:timestamp>${=new java.text.SimpleDateFormat("yyyy-MM-dd'T'HH:mm:ss.SSS").format(new Date())}</v11:timestamp>
         </v1:messageContext>
         <v1:legalContext>ServiceIntegrator</v1:legalContext>
         <v1:request>
            <name>
               <lastName>GENERATED</lastName>
               <givenName sequence="1">Stijn</givenName>
               <givenNameMatching>COMPLETE_FIRST_GIVENNAME</givenNameMatching>
            </name>
            <birth>
               <birthDate>1985-08-15</birthDate>
            </birth>
         </v1:request>
      </v1:searchPersonPhoneticallyRequest>
   </soapenv:Body>
</soapenv:Envelope>]]></con:request><con:assertion type="SOAP Fault Assertion" id="6b30d917-fa06-4277-8cec-29bedf4f4eb1" name="Not SOAP Fault"/><con:assertion type="SOAP Response" id="18dbfecb-1b6f-4520-a475-c36dadd6534a" name="SOAP Response"/><con:assertion type="Schema Compliance" id="34fbd067-0aca-4bff-b049-75f5dba0c9c3" name="Schema Compliance"><con:configuration/></con:assertion><con:wsaConfig action="http://fidus.brussels/services/personservice/searchPersonPhonetically"/></con:request></con:config></con:testStep><con:testStep type="request" id="c08fd529-c859-433d-b6d9-662ce82f8c04" name="testcase3 - Test - Worker2New - Request"><con:settings/><con:config xsi:type="con:RequestStep" xmlns:xsi="http://www.w3.org/2001/XMLSchema-instance"><con:interface>PersonServiceHTTPBinding</con:interface><con:operation>searchPersonPhonetically</con:operation><con:request name="testcase3 - Test - Worker2New - Request" id="d42f5f43-a8f0-4e39-99a9-dc7bb4cc0f36" outgoingWss="Outflow TEST"><con:settings/><con:encoding>UTF-8</con:encoding><con:endpoint>https://192.168.24.51:8443/services/PersonService_v1.0</con:endpoint><con:request><![CDATA[<soapenv:Envelope xmlns:soapenv="http://schemas.xmlsoap.org/soap/envelope/" xmlns:v1="http://fidus.brussels/service/personservice/messages/v1" xmlns:v11="http://fidus.brussels/type/common/messages/v1">
   <soapenv:Header/>
   <soapenv:Body>
      <v1:searchPersonPhoneticallyRequest>
         <v1:messageContext>
         	  <v11:messageId>${=import static java.util.UUID.randomUUID; uuid = randomUUID() as String}</v11:messageId>
            <v11:timestamp>${=new java.text.SimpleDateFormat("yyyy-MM-dd'T'HH:mm:ss.SSS").format(new Date())}</v11:timestamp>
         </v1:messageContext>
         <v1:legalContext>ServiceIntegrator</v1:legalContext>
         <v1:request>
            <name>
               <lastName>GENERATED</lastName>
               <givenName sequence="1">Stijn</givenName>
               <givenNameMatching>COMPLETE_FIRST_GIVENNAME</givenNameMatching>
            </name>
            <birth>
               <birthDate>1985-08-15</birthDate>
            </birth>
         </v1:request>
      </v1:searchPersonPhoneticallyRequest>
   </soapenv:Body>
</soapenv:Envelope>]]></con:request><con:assertion type="SOAP Fault Assertion" id="252ae7b9-239f-47a3-a45b-9b22c48487b5" name="Not SOAP Fault"/><con:assertion type="SOAP Response" id="82e19a48-7a76-468b-aa03-a6022dc331a3" name="SOAP Response"/><con:assertion type="Schema Compliance" id="c63047b3-fe02-42a1-bdda-88e304ae6a89" name="Schema Compliance"><con:configuration/></con:assertion><con:wsaConfig action="http://fidus.brussels/services/personservice/searchPersonPhonetically"/></con:request></con:config></con:testStep><con:properties/></con:testCase><con:testCase id="98e90b3d-c632-482e-8ab2-97b2d5e0b7ae" failOnError="true" failTestCaseOnErrors="true" keepSession="false" maxResults="0" name="getCBSSIdentity" searchProperties="true"><con:settings/><con:testStep type="request" id="72446359-b577-4f6f-992e-4ab89d28168a" name="testcase3 - Test - LB - Request"><con:settings/><con:config xsi:type="con:RequestStep" xmlns:xsi="http://www.w3.org/2001/XMLSchema-instance"><con:interface>PersonServiceHTTPBinding</con:interface><con:operation>getCBSSIdentity</con:operation><con:request name="testcase3 - Test - LB - Request" id="59421770-0433-4e00-9595-7c5878d34097" outgoingWss="Outflow TEST"><con:settings/><con:encoding>UTF-8</con:encoding><con:endpoint>https://esb-security-gw.sta.srv.cirb.lan:8443/services/PersonService_v1.0</con:endpoint><con:request><![CDATA[<soapenv:Envelope xmlns:soapenv="http://schemas.xmlsoap.org/soap/envelope/" xmlns:v1="http://fidus.brussels/service/personservice/messages/v1" xmlns:v11="http://fidus.brussels/type/common/messages/v1">
   <soapenv:Header/>
   <soapenv:Body>
      <v1:getCBSSIdentityRequest>
         <v1:messageContext>
         	  <v11:messageId>${=import static java.util.UUID.randomUUID; uuid = randomUUID() as String}</v11:messageId>
            <v11:timestamp>${=new java.text.SimpleDateFormat("yyyy-MM-dd'T'HH:mm:ss.SSS").format(new Date())}</v11:timestamp>
         </v1:messageContext>
         <v1:legalContext>ServiceIntegrator</v1:legalContext>
         <v1:request>
            <v1:personNumber>12003001507</v1:personNumber>
         </v1:request>
      </v1:getCBSSIdentityRequest>
   </soapenv:Body>
</soapenv:Envelope>]]></con:request><con:assertion type="SOAP Fault Assertion" id="4a9f4500-b449-4463-8463-144dba294986" name="Not SOAP Fault"/><con:assertion type="SOAP Response" id="e29294be-2811-4180-9e86-326af83eadd6" name="SOAP Response"/><con:assertion type="Schema Compliance" id="0a04e149-493d-4ac9-b330-86df11ec8ce6" name="Schema Compliance"><con:configuration/></con:assertion><con:wsaConfig action="http://fidus.brussels/services/personservice/getCBSSIdentity"/></con:request></con:config></con:testStep><con:testStep type="request" id="0bd68789-bc86-4f38-8144-c7afb0a474fe" name="testcase3 - Test - External - Request"><con:settings/><con:config xsi:type="con:RequestStep" xmlns:xsi="http://www.w3.org/2001/XMLSchema-instance"><con:interface>PersonServiceHTTPBinding</con:interface><con:operation>getCBSSIdentity</con:operation><con:request name="testcase3 - Test - External - Request" id="b3a9d1d2-c9fb-441e-93fa-0acbf8b16979" outgoingWss="Outflow TEST"><con:settings/><con:encoding>UTF-8</con:encoding><con:endpoint>https://fidus-test.irisnetlab.be/services/PersonService_v1.0</con:endpoint><con:request><![CDATA[<soapenv:Envelope xmlns:soapenv="http://schemas.xmlsoap.org/soap/envelope/" xmlns:v1="http://fidus.brussels/service/personservice/messages/v1" xmlns:v11="http://fidus.brussels/type/common/messages/v1">
   <soapenv:Header/>
   <soapenv:Body>
      <v1:getCBSSIdentityRequest>
         <v1:messageContext>
         	  <v11:messageId>${=import static java.util.UUID.randomUUID; uuid = randomUUID() as String}</v11:messageId>
            <v11:timestamp>${=new java.text.SimpleDateFormat("yyyy-MM-dd'T'HH:mm:ss.SSS").format(new Date())}</v11:timestamp>
         </v1:messageContext>
         <v1:legalContext>ServiceIntegrator</v1:legalContext>
         <v1:request>
            <v1:personNumber>93430701886</v1:personNumber>
         </v1:request>
      </v1:getCBSSIdentityRequest>
   </soapenv:Body>
</soapenv:Envelope>]]></con:request><con:assertion type="SOAP Fault Assertion" id="f48afe01-2a65-4935-a554-02fcef029514" name="Not SOAP Fault"/><con:assertion type="SOAP Response" id="73538b18-b3f4-41cd-a938-5ccfe82eb3fc" name="SOAP Response"/><con:assertion type="Schema Compliance" id="b850d237-3a70-4cf5-8d56-88ac61d75afc" name="Schema Compliance"><con:configuration/></con:assertion><con:wsaConfig action="http://fidus.brussels/services/personservice/getCBSSIdentity"/></con:request></con:config></con:testStep><con:testStep type="request" id="e4585899-6d87-47e0-88b6-2f1eb03c26a5" name="testcase3 - Test - Worker1 - Request"><con:settings/><con:config xsi:type="con:RequestStep" xmlns:xsi="http://www.w3.org/2001/XMLSchema-instance"><con:interface>PersonServiceHTTPBinding</con:interface><con:operation>getCBSSIdentity</con:operation><con:request name="testcase3 - Test - Worker1 - Request" id="cf5d9a23-b793-47aa-aa0c-7d5bb21f56d6" outgoingWss="Outflow TEST"><con:settings/><con:encoding>UTF-8</con:encoding><con:endpoint>https://192.168.24.45:8443/services/PersonService_v1.0</con:endpoint><con:request><![CDATA[<soapenv:Envelope xmlns:soapenv="http://schemas.xmlsoap.org/soap/envelope/" xmlns:v1="http://fidus.brussels/service/personservice/messages/v1" xmlns:v11="http://fidus.brussels/type/common/messages/v1">
   <soapenv:Header/>
   <soapenv:Body>
      <v1:getCBSSIdentityRequest>
         <v1:messageContext>
         	  <v11:messageId>${=import static java.util.UUID.randomUUID; uuid = randomUUID() as String}</v11:messageId>
            <v11:timestamp>${=new java.text.SimpleDateFormat("yyyy-MM-dd'T'HH:mm:ss.SSS").format(new Date())}</v11:timestamp>
         </v1:messageContext>
         <v1:legalContext>ServiceIntegrator</v1:legalContext>
         <v1:request>
            <v1:personNumber>93430701886</v1:personNumber>
         </v1:request>
      </v1:getCBSSIdentityRequest>
   </soapenv:Body>
</soapenv:Envelope>]]></con:request><con:assertion type="SOAP Fault Assertion" id="7d01c48e-3558-4de0-8330-a9546aec0f10" name="Not SOAP Fault"/><con:assertion type="SOAP Response" id="03cf8d4f-37a2-4eea-92ab-f0dd4dd8ad3c" name="SOAP Response"/><con:assertion type="Schema Compliance" id="630cf0b6-9ab4-454a-8de5-f008114840dd" name="Schema Compliance"><con:configuration/></con:assertion><con:wsaConfig action="http://fidus.brussels/services/personservice/getCBSSIdentity"/></con:request></con:config></con:testStep><con:testStep type="request" id="59e4a763-1037-465e-9f4f-64c511c39039" name="testcase3 - Test - Worker2 - Request"><con:settings/><con:config xsi:type="con:RequestStep" xmlns:xsi="http://www.w3.org/2001/XMLSchema-instance"><con:interface>PersonServiceHTTPBinding</con:interface><con:operation>getCBSSIdentity</con:operation><con:request name="testcase3 - Test - Worker2 - Request" id="20bcf2af-c45d-4ce9-89dc-dfcdc028ac89" outgoingWss="Outflow TEST"><con:settings/><con:encoding>UTF-8</con:encoding><con:endpoint>https://192.168.24.51:8443/services/PersonService_v1.0</con:endpoint><con:request><![CDATA[<soapenv:Envelope xmlns:soapenv="http://schemas.xmlsoap.org/soap/envelope/" xmlns:v1="http://fidus.brussels/service/personservice/messages/v1" xmlns:v11="http://fidus.brussels/type/common/messages/v1">
   <soapenv:Header/>
   <soapenv:Body>
      <v1:getCBSSIdentityRequest>
         <v1:messageContext>
         	  <v11:messageId>${=import static java.util.UUID.randomUUID; uuid = randomUUID() as String}</v11:messageId>
            <v11:timestamp>${=new java.text.SimpleDateFormat("yyyy-MM-dd'T'HH:mm:ss.SSS").format(new Date())}</v11:timestamp>
         </v1:messageContext>
         <v1:legalContext>ServiceIntegrator</v1:legalContext>
         <v1:request>
            <v1:personNumber>93430701886</v1:personNumber>
         </v1:request>
      </v1:getCBSSIdentityRequest>
   </soapenv:Body>
</soapenv:Envelope>]]></con:request><con:assertion type="SOAP Fault Assertion" id="617018f3-9576-4237-afc1-f53d00b29720" name="Not SOAP Fault"/><con:assertion type="SOAP Response" id="c2a1275d-ab2f-40e3-ad7d-d996e337e9a6" name="SOAP Response"/><con:assertion type="Schema Compliance" id="036a8130-7678-4ae8-aa1b-9a9d007b5274" name="Schema Compliance"><con:configuration/></con:assertion><con:wsaConfig action="http://fidus.brussels/services/personservice/getCBSSIdentity"/></con:request></con:config></con:testStep><con:testStep type="request" id="23d6138c-34bf-4a8c-a86d-7f98a9ef0c65" name="testcase3 - Test - Worker1New - Request"><con:settings/><con:config xsi:type="con:RequestStep" xmlns:xsi="http://www.w3.org/2001/XMLSchema-instance"><con:interface>PersonServiceHTTPBinding</con:interface><con:operation>getCBSSIdentity</con:operation><con:request name="testcase3 - Test - Worker1New - Request" id="bbcaa1e0-dc95-4438-b271-83224b3e3623" outgoingWss="Outflow TEST"><con:settings/><con:encoding>UTF-8</con:encoding><con:endpoint>https://192.168.24.45:8443/services/PersonService_v1.0</con:endpoint><con:request><![CDATA[<soapenv:Envelope xmlns:soapenv="http://schemas.xmlsoap.org/soap/envelope/" xmlns:v1="http://fidus.brussels/service/personservice/messages/v1" xmlns:v11="http://fidus.brussels/type/common/messages/v1">
   <soapenv:Header/>
   <soapenv:Body>
      <v1:getCBSSIdentityRequest>
         <v1:messageContext>
         	  <v11:messageId>${=import static java.util.UUID.randomUUID; uuid = randomUUID() as String}</v11:messageId>
            <v11:timestamp>${=new java.text.SimpleDateFormat("yyyy-MM-dd'T'HH:mm:ss.SSS").format(new Date())}</v11:timestamp>
         </v1:messageContext>
         <v1:legalContext>ServiceIntegrator</v1:legalContext>
         <v1:request>
            <v1:personNumber>93430701886</v1:personNumber>
         </v1:request>
      </v1:getCBSSIdentityRequest>
   </soapenv:Body>
</soapenv:Envelope>]]></con:request><con:assertion type="SOAP Fault Assertion" id="ae68f6b9-c8b5-4c87-893e-50a42cd711a9" name="Not SOAP Fault"/><con:assertion type="SOAP Response" id="c5bb053a-bc2e-4918-add1-0f2c1a9b5977" name="SOAP Response"/><con:assertion type="Schema Compliance" id="5d09901f-4c79-4d81-93a4-66cde3d7e162" name="Schema Compliance"><con:configuration/></con:assertion><con:wsaConfig action="http://fidus.brussels/services/personservice/getCBSSIdentity"/></con:request></con:config></con:testStep><con:testStep type="request" id="cda53665-ef95-401a-b826-93fc2e4370c2" name="testcase3 - Test - Worker2New - Request"><con:settings/><con:config xsi:type="con:RequestStep" xmlns:xsi="http://www.w3.org/2001/XMLSchema-instance"><con:interface>PersonServiceHTTPBinding</con:interface><con:operation>getCBSSIdentity</con:operation><con:request name="testcase3 - Test - Worker2New - Request" id="8e08e903-8b98-49dc-ac87-7af8447996ee" outgoingWss="Outflow TEST"><con:settings/><con:encoding>UTF-8</con:encoding><con:endpoint>https://192.168.24.51:8443/services/PersonService_v1.0</con:endpoint><con:request><![CDATA[<soapenv:Envelope xmlns:soapenv="http://schemas.xmlsoap.org/soap/envelope/" xmlns:v1="http://fidus.brussels/service/personservice/messages/v1" xmlns:v11="http://fidus.brussels/type/common/messages/v1">
   <soapenv:Header/>
   <soapenv:Body>
      <v1:getCBSSIdentityRequest>
         <v1:messageContext>
         	  <v11:messageId>${=import static java.util.UUID.randomUUID; uuid = randomUUID() as String}</v11:messageId>
            <v11:timestamp>${=new java.text.SimpleDateFormat("yyyy-MM-dd'T'HH:mm:ss.SSS").format(new Date())}</v11:timestamp>
         </v1:messageContext>
         <v1:legalContext>ServiceIntegrator</v1:legalContext>
         <v1:request>
            <v1:personNumber>93430701886</v1:personNumber>
         </v1:request>
      </v1:getCBSSIdentityRequest>
   </soapenv:Body>
</soapenv:Envelope>]]></con:request><con:assertion type="SOAP Fault Assertion" id="38786b6d-0821-4713-a10d-8b8834502382" name="Not SOAP Fault"/><con:assertion type="SOAP Response" id="2a7d7dcf-dc47-426a-acbb-100cf22db36d" name="SOAP Response"/><con:assertion type="Schema Compliance" id="12ddf539-561b-4b0a-b10f-57da0849df55" name="Schema Compliance"><con:configuration/></con:assertion><con:wsaConfig action="http://fidus.brussels/services/personservice/getCBSSIdentity"/></con:request></con:config></con:testStep><con:properties/></con:testCase><con:properties/></con:testSuite><con:testSuite id="3e8f342b-6b35-44c4-8269-b02c1653ae84" name="STAG"><con:settings/><con:runType>SEQUENTIAL</con:runType><con:testCase id="61015e77-cb56-4e25-9386-0aae6d9d2341" failOnError="true" failTestCaseOnErrors="true" keepSession="false" maxResults="0" name="getIdentity" searchProperties="true"><con:settings/><con:testStep type="request" id="fdb66422-1729-479b-8aca-be1c42a738c0" name="testcase4 - Staging - External - Request"><con:settings/><con:config xsi:type="con:RequestStep" xmlns:xsi="http://www.w3.org/2001/XMLSchema-instance"><con:interface>PersonServiceHTTPBinding</con:interface><con:operation>getIdentity</con:operation><con:request name="testcase4 - Staging - External - Request" id="99a5ceda-7c95-4e0e-a039-bfcf14f63767" outgoingWss="Outflow STAG"><con:settings/><con:encoding>UTF-8</con:encoding><con:endpoint>https://fidus.irisnetlab.be/services/PersonService_v1.0</con:endpoint><con:request><![CDATA[<soapenv:Envelope xmlns:soapenv="http://schemas.xmlsoap.org/soap/envelope/" xmlns:v1="http://fidus.brussels/service/personservice/messages/v1" xmlns:v11="http://fidus.brussels/type/common/messages/v1">
   <soapenv:Header/>
   <soapenv:Body>
      <v1:getIdentityRequest>
         <v1:messageContext>
         	  <v11:messageId>${=import static java.util.UUID.randomUUID; uuid = randomUUID() as String}</v11:messageId>
            <v11:timestamp>${=new java.text.SimpleDateFormat("yyyy-MM-dd'T'HH:mm:ss.SSS").format(new Date())}</v11:timestamp>
         </v1:messageContext>
         <v1:legalContext>ServiceIntegrator</v1:legalContext>
         <v1:request>
            <v1:personNumber>89102413022</v1:personNumber>
         </v1:request>
      </v1:getIdentityRequest>
   </soapenv:Body>
</soapenv:Envelope>]]></con:request><con:assertion type="SOAP Fault Assertion" id="4b210850-7b03-4108-9a83-f2fff541853d" name="Not SOAP Fault"/><con:assertion type="SOAP Response" id="94e571f7-ed8a-4b72-b895-656c0b293715" name="SOAP Response"/><con:assertion type="Schema Compliance" id="2095e373-1190-4355-afd9-cba2569c52cd" name="Schema Compliance"><con:configuration/></con:assertion><con:wsaConfig action="http://fidus.brussels/services/personservice/getIdentity"/></con:request></con:config></con:testStep><con:testStep type="request" id="912aac1d-1f55-466b-b4d6-8677de3d8af3" name="testcase4 - Staging - LB - Request"><con:settings/><con:config xsi:type="con:RequestStep" xmlns:xsi="http://www.w3.org/2001/XMLSchema-instance"><con:interface>PersonServiceHTTPBinding</con:interface><con:operation>getIdentity</con:operation><con:request name="testcase4 - Staging - LB - Request" id="94101791-c516-42aa-82df-8963d301d5fe" outgoingWss="Outflow STAG"><con:settings/><con:encoding>UTF-8</con:encoding><con:endpoint>https://fidus-esb-sg.sta.srv.cirb.lan:8443/services/PersonService_v1.0</con:endpoint><con:request><![CDATA[<soapenv:Envelope xmlns:soapenv="http://schemas.xmlsoap.org/soap/envelope/" xmlns:v1="http://fidus.brussels/service/personservice/messages/v1" xmlns:v11="http://fidus.brussels/type/common/messages/v1">
   <soapenv:Header/>
   <soapenv:Body>
      <v1:getIdentityRequest>
         <v1:messageContext>
         	  <v11:messageId>${=import static java.util.UUID.randomUUID; uuid = randomUUID() as String}</v11:messageId>
            <v11:timestamp>${=new java.text.SimpleDateFormat("yyyy-MM-dd'T'HH:mm:ss.SSS").format(new Date())}</v11:timestamp>
         </v1:messageContext>
         <v1:legalContext>ServiceIntegrator</v1:legalContext>
         <v1:request>
            <v1:personNumber>12003001507</v1:personNumber>
         </v1:request>
      </v1:getIdentityRequest>
   </soapenv:Body>
</soapenv:Envelope>]]></con:request><con:assertion type="SOAP Fault Assertion" id="abc99ff9-cf34-46dc-97f1-52e393fed3fc" name="Not SOAP Fault"/><con:assertion type="SOAP Response" id="6338301e-9fec-4953-8958-3554e03bbd34" name="SOAP Response"/><con:assertion type="Schema Compliance" id="b13a5add-72b1-4f98-96a6-329dc536ca6f" name="Schema Compliance"><con:configuration/></con:assertion><con:wsaConfig action="http://fidus.brussels/services/personservice/getIdentity"/></con:request></con:config></con:testStep><con:testStep type="request" id="7e51b7b4-f385-45a4-9f0a-3eb0b6b15bb0" name="testcase4 - Staging - Worker1 - Request"><con:settings/><con:config xsi:type="con:RequestStep" xmlns:xsi="http://www.w3.org/2001/XMLSchema-instance"><con:interface>PersonServiceHTTPBinding</con:interface><con:operation>getIdentity</con:operation><con:request name="testcase4 - Staging - Worker1 - Request" id="76671791-8305-44a3-8870-abd06d4b0600" outgoingWss="Outflow STAG"><con:settings/><con:encoding>UTF-8</con:encoding><con:endpoint>https://192.168.24.57:8443/services/PersonService_v1.0</con:endpoint><con:request><![CDATA[<soapenv:Envelope xmlns:soapenv="http://schemas.xmlsoap.org/soap/envelope/" xmlns:v1="http://fidus.brussels/service/personservice/messages/v1" xmlns:v11="http://fidus.brussels/type/common/messages/v1">
   <soapenv:Header/>
   <soapenv:Body>
      <v1:getIdentityRequest>
         <v1:messageContext>
         	  <v11:messageId>${=import static java.util.UUID.randomUUID; uuid = randomUUID() as String}</v11:messageId>
            <v11:timestamp>${=new java.text.SimpleDateFormat("yyyy-MM-dd'T'HH:mm:ss.SSS").format(new Date())}</v11:timestamp>
         </v1:messageContext>
         <v1:legalContext>ServiceIntegrator</v1:legalContext>
         <v1:request>
            <v1:personNumber>85081509931</v1:personNumber>
         </v1:request>
      </v1:getIdentityRequest>
   </soapenv:Body>
</soapenv:Envelope>]]></con:request><con:assertion type="SOAP Fault Assertion" id="00fd4c4b-6b0a-47c5-9b57-0aa0ba70d99b" name="Not SOAP Fault"/><con:assertion type="SOAP Response" id="9a86d61f-2839-4d9c-9286-5204cc29108d" name="SOAP Response"/><con:assertion type="Schema Compliance" id="fd625430-08f0-4898-950c-0a1c08cc0117" name="Schema Compliance"><con:configuration/></con:assertion><con:wsaConfig action="http://fidus.brussels/services/personservice/getIdentity"/></con:request></con:config></con:testStep><con:testStep type="request" id="6f60b0b0-e171-4cf7-9c85-4183e0e14198" name="testcase4 - Staging - Worker2 - Request"><con:settings/><con:config xsi:type="con:RequestStep" xmlns:xsi="http://www.w3.org/2001/XMLSchema-instance"><con:interface>PersonServiceHTTPBinding</con:interface><con:operation>getIdentity</con:operation><con:request name="testcase4 - Staging - Worker2 - Request" id="59cb9a77-91d3-41c1-9770-cd23fdd60a30" outgoingWss="Outflow STAG"><con:settings/><con:encoding>UTF-8</con:encoding><con:endpoint>https://192.168.24.64:8443/services/PersonService_v1.0</con:endpoint><con:request><![CDATA[<soapenv:Envelope xmlns:soapenv="http://schemas.xmlsoap.org/soap/envelope/" xmlns:v1="http://fidus.brussels/service/personservice/messages/v1" xmlns:v11="http://fidus.brussels/type/common/messages/v1">
   <soapenv:Header/>
   <soapenv:Body>
      <v1:getIdentityRequest>
         <v1:messageContext>
         	  <v11:messageId>${=import static java.util.UUID.randomUUID; uuid = randomUUID() as String}</v11:messageId>
            <v11:timestamp>${=new java.text.SimpleDateFormat("yyyy-MM-dd'T'HH:mm:ss.SSS").format(new Date())}</v11:timestamp>
         </v1:messageContext>
         <v1:legalContext>ServiceIntegrator</v1:legalContext>
         <v1:request>
            <v1:personNumber>85081509931</v1:personNumber>
         </v1:request>
      </v1:getIdentityRequest>
   </soapenv:Body>
</soapenv:Envelope>]]></con:request><con:assertion type="SOAP Fault Assertion" id="81f0a201-68a0-4a1c-9d55-7788ce7a5273" name="Not SOAP Fault"/><con:assertion type="SOAP Response" id="2e48b7ab-d3d8-409f-9a60-09d13d52bd37" name="SOAP Response"/><con:assertion type="Schema Compliance" id="2aded3a0-4bb1-40af-bbb7-cdaf4236a553" name="Schema Compliance"><con:configuration/></con:assertion><con:wsaConfig action="http://fidus.brussels/services/personservice/getIdentity"/></con:request></con:config></con:testStep><con:testStep type="request" id="4422c289-800a-4c90-a83e-b59a113fd335" name="testcase4 - Staging - Worker1New - Request"><con:settings/><con:config xsi:type="con:RequestStep" xmlns:xsi="http://www.w3.org/2001/XMLSchema-instance"><con:interface>PersonServiceHTTPBinding</con:interface><con:operation>getIdentity</con:operation><con:request name="testcase4 - Staging - Worker1New - Request" id="0802ca85-ebf0-42b7-a06e-60537de0e893" outgoingWss="Outflow STAG"><con:settings/><con:encoding>UTF-8</con:encoding><con:endpoint>https://192.168.24.57:8443/services/PersonService_v1.0</con:endpoint><con:request><![CDATA[<soapenv:Envelope xmlns:soapenv="http://schemas.xmlsoap.org/soap/envelope/" xmlns:v1="http://fidus.brussels/service/personservice/messages/v1" xmlns:v11="http://fidus.brussels/type/common/messages/v1">
   <soapenv:Header/>
   <soapenv:Body>
      <v1:getIdentityRequest>
         <v1:messageContext>
         	  <v11:messageId>${=import static java.util.UUID.randomUUID; uuid = randomUUID() as String}</v11:messageId>
            <v11:timestamp>${=new java.text.SimpleDateFormat("yyyy-MM-dd'T'HH:mm:ss.SSS").format(new Date())}</v11:timestamp>
         </v1:messageContext>
         <v1:legalContext>ServiceIntegrator</v1:legalContext>
         <v1:request>
            <v1:personNumber>85081509931</v1:personNumber>
         </v1:request>
      </v1:getIdentityRequest>
   </soapenv:Body>
</soapenv:Envelope>]]></con:request><con:assertion type="SOAP Fault Assertion" id="3c371855-d61f-49d8-8131-c8989558046e" name="Not SOAP Fault"/><con:assertion type="SOAP Response" id="3ff7b04c-eeb2-4e76-842e-f974d4241b39" name="SOAP Response"/><con:assertion type="Schema Compliance" id="f72f5c6e-3296-4836-87b9-1936f023c410" name="Schema Compliance"><con:configuration/></con:assertion><con:wsaConfig action="http://fidus.brussels/services/personservice/getIdentity"/></con:request></con:config></con:testStep><con:testStep type="request" id="b0e8b17b-e5b9-4a34-b4b1-dd94a9643ef6" name="testcase4 - Staging - Worker2New - Request"><con:settings/><con:config xsi:type="con:RequestStep" xmlns:xsi="http://www.w3.org/2001/XMLSchema-instance"><con:interface>PersonServiceHTTPBinding</con:interface><con:operation>getIdentity</con:operation><con:request name="testcase4 - Staging - Worker2New - Request" id="cd63fbd2-a5ed-4c68-8cf8-d88a8b0417d5" outgoingWss="Outflow STAG"><con:settings/><con:encoding>UTF-8</con:encoding><con:endpoint>https://192.168.24.64:8443/services/PersonService_v1.0</con:endpoint><con:request><![CDATA[<soapenv:Envelope xmlns:soapenv="http://schemas.xmlsoap.org/soap/envelope/" xmlns:v1="http://fidus.brussels/service/personservice/messages/v1" xmlns:v11="http://fidus.brussels/type/common/messages/v1">
   <soapenv:Header/>
   <soapenv:Body>
      <v1:getIdentityRequest>
         <v1:messageContext>
         	  <v11:messageId>${=import static java.util.UUID.randomUUID; uuid = randomUUID() as String}</v11:messageId>
            <v11:timestamp>${=new java.text.SimpleDateFormat("yyyy-MM-dd'T'HH:mm:ss.SSS").format(new Date())}</v11:timestamp>
         </v1:messageContext>
         <v1:legalContext>ServiceIntegrator</v1:legalContext>
         <v1:request>
            <v1:personNumber>85081509931</v1:personNumber>
         </v1:request>
      </v1:getIdentityRequest>
   </soapenv:Body>
</soapenv:Envelope>]]></con:request><con:assertion type="SOAP Fault Assertion" id="2dd9469f-fd96-4651-a05e-46e27f9b92e5" name="Not SOAP Fault"/><con:assertion type="SOAP Response" id="6b424e1f-2b3d-4b9b-9efe-ee6bfcd81e30" name="SOAP Response"/><con:assertion type="Schema Compliance" id="419d2355-eec3-4abd-b8ac-1e81e8f5f283" name="Schema Compliance"><con:configuration/></con:assertion><con:wsaConfig action="http://fidus.brussels/services/personservice/getIdentity"/></con:request></con:config></con:testStep><con:properties/></con:testCase><con:testCase id="fb858db4-3ece-457d-bd43-1dd5dd75d16f" failOnError="true" failTestCaseOnErrors="true" keepSession="false" maxResults="0" name="searchPersonByAddress" searchProperties="true"><con:settings/><con:testStep type="request" id="334ebe02-85cc-46dc-8b1d-1eed1ca10472" name="testcase4 - Staging - LB - Request"><con:settings/><con:config xsi:type="con:RequestStep" xmlns:xsi="http://www.w3.org/2001/XMLSchema-instance"><con:interface>PersonServiceHTTPBinding</con:interface><con:operation>searchPersonByAddress</con:operation><con:request name="testcase4 - Staging - LB - Request" id="46780429-1402-47be-827b-6c811f3ce4d7" outgoingWss="Outflow STAG"><con:settings/><con:encoding>UTF-8</con:encoding><con:endpoint>https://fidus-esb-sg.sta.srv.cirb.lan:8443/services/PersonService_v1.0</con:endpoint><con:request><![CDATA[<soapenv:Envelope xmlns:soapenv="http://schemas.xmlsoap.org/soap/envelope/" xmlns:v1="http://fidus.brussels/service/personservice/messages/v1" xmlns:v11="http://fidus.brussels/type/common/messages/v1">
   <soapenv:Header/>
   <soapenv:Body>
      <v1:searchPersonByAddressRequest>
         <v1:messageContext>
         	  <v11:messageId>${=import static java.util.UUID.randomUUID; uuid = randomUUID() as String}</v11:messageId>
            <v11:timestamp>${=new java.text.SimpleDateFormat("yyyy-MM-dd'T'HH:mm:ss.SSS").format(new Date())}</v11:timestamp>
         </v1:messageContext>
         <v1:legalContext>ServiceIntegrator</v1:legalContext>
         <v1:request>
            <postalCode>2800</postalCode>
            <streetCode>1480</streetCode>
            <houseNumber>77</houseNumber>
         </v1:request>
      </v1:searchPersonByAddressRequest>
   </soapenv:Body>
</soapenv:Envelope>]]></con:request><con:assertion type="SOAP Fault Assertion" id="94557034-a1ef-4b05-92f0-ddf9093d5767" name="Not SOAP Fault"/><con:assertion type="SOAP Response" id="b0615c7b-b318-4d8e-a6e0-dc0e56ca407f" name="SOAP Response"/><con:assertion type="Schema Compliance" id="c1b5914f-4583-4f76-bd89-2869fcfb01d7" name="Schema Compliance"><con:configuration/></con:assertion><con:wsaConfig action="http://fidus.brussels/services/personservice/searchPersonByAddress"/></con:request></con:config></con:testStep><con:testStep type="request" id="1ded737e-7b65-4426-96e0-6a1e3297b87d" name="testcase4 - Staging - Worker1 - Request"><con:settings/><con:config xsi:type="con:RequestStep" xmlns:xsi="http://www.w3.org/2001/XMLSchema-instance"><con:interface>PersonServiceHTTPBinding</con:interface><con:operation>searchPersonByAddress</con:operation><con:request name="testcase4 - Staging - Worker1 - Request" id="6b1e49a5-1562-4fbc-8e16-8831e4fe2418" outgoingWss="Outflow STAG"><con:settings/><con:encoding>UTF-8</con:encoding><con:endpoint>https://192.168.24.57:8443/services/PersonService_v1.0</con:endpoint><con:request><![CDATA[<soapenv:Envelope xmlns:soapenv="http://schemas.xmlsoap.org/soap/envelope/" xmlns:v1="http://fidus.brussels/service/personservice/messages/v1" xmlns:v11="http://fidus.brussels/type/common/messages/v1">
   <soapenv:Header/>
   <soapenv:Body>
      <v1:searchPersonByAddressRequest>
         <v1:messageContext>
         	  <v11:messageId>${=import static java.util.UUID.randomUUID; uuid = randomUUID() as String}</v11:messageId>
            <v11:timestamp>${=new java.text.SimpleDateFormat("yyyy-MM-dd'T'HH:mm:ss.SSS").format(new Date())}</v11:timestamp>
         </v1:messageContext>
         <v1:legalContext>ServiceIntegrator</v1:legalContext>
         <v1:request>
            <postalCode>2800</postalCode>
            <streetCode>1480</streetCode>
            <houseNumber>77</houseNumber>
         </v1:request>
      </v1:searchPersonByAddressRequest>
   </soapenv:Body>
</soapenv:Envelope>]]></con:request><con:assertion type="SOAP Fault Assertion" id="755a4805-52e6-40d4-811a-d247fc8d6a09" name="Not SOAP Fault"/><con:assertion type="SOAP Response" id="64ee69d7-2457-40c7-850e-131c10c15a54" name="SOAP Response"/><con:assertion type="Schema Compliance" id="2869fbbc-dba4-4cc8-94b3-eddfdb021e60" name="Schema Compliance"><con:configuration/></con:assertion><con:wsaConfig action="http://fidus.brussels/services/personservice/searchPersonByAddress"/></con:request></con:config></con:testStep><con:testStep type="request" id="5d558a7d-3a09-45a2-941b-5d179a3bc964" name="testcase4 - Staging - Worker2 - Request"><con:settings/><con:config xsi:type="con:RequestStep" xmlns:xsi="http://www.w3.org/2001/XMLSchema-instance"><con:interface>PersonServiceHTTPBinding</con:interface><con:operation>searchPersonByAddress</con:operation><con:request name="testcase4 - Staging - Worker2 - Request" id="ca4fe8a5-22be-4475-aa29-c5aac4fb9697" outgoingWss="Outflow STAG"><con:settings/><con:encoding>UTF-8</con:encoding><con:endpoint>https://192.168.24.64:8443/services/PersonService_v1.0</con:endpoint><con:request><![CDATA[<soapenv:Envelope xmlns:soapenv="http://schemas.xmlsoap.org/soap/envelope/" xmlns:v1="http://fidus.brussels/service/personservice/messages/v1" xmlns:v11="http://fidus.brussels/type/common/messages/v1">
   <soapenv:Header/>
   <soapenv:Body>
      <v1:searchPersonByAddressRequest>
         <v1:messageContext>
         	  <v11:messageId>${=import static java.util.UUID.randomUUID; uuid = randomUUID() as String}</v11:messageId>
            <v11:timestamp>${=new java.text.SimpleDateFormat("yyyy-MM-dd'T'HH:mm:ss.SSS").format(new Date())}</v11:timestamp>
         </v1:messageContext>
         <v1:legalContext>ServiceIntegrator</v1:legalContext>
         <v1:request>
            <postalCode>2800</postalCode>
            <streetCode>1480</streetCode>
            <houseNumber>77</houseNumber>
         </v1:request>
      </v1:searchPersonByAddressRequest>
   </soapenv:Body>
</soapenv:Envelope>]]></con:request><con:assertion type="SOAP Fault Assertion" id="f6bd6daf-c785-4407-a4a6-1ebc704eacb2" name="Not SOAP Fault"/><con:assertion type="SOAP Response" id="16a58a63-b8c8-488d-b7a4-5423e9f5bfb2" name="SOAP Response"/><con:assertion type="Schema Compliance" id="06296d73-e52c-4dbc-99c7-12af70330da4" name="Schema Compliance"><con:configuration/></con:assertion><con:wsaConfig action="http://fidus.brussels/services/personservice/searchPersonByAddress"/></con:request></con:config></con:testStep><con:testStep type="request" id="019e7ad8-bb26-4bf5-b092-42bf49d36347" name="testcase4 - Staging - External - Request"><con:settings/><con:config xsi:type="con:RequestStep" xmlns:xsi="http://www.w3.org/2001/XMLSchema-instance"><con:interface>PersonServiceHTTPBinding</con:interface><con:operation>searchPersonByAddress</con:operation><con:request name="testcase4 - Staging - External - Request" id="f1259022-b57c-47af-bd03-145f7aeca515" outgoingWss="Outflow STAG"><con:settings/><con:encoding>UTF-8</con:encoding><con:endpoint>https://fidus.irisnetlab.be/services/PersonService_v1.0</con:endpoint><con:request><![CDATA[<soapenv:Envelope xmlns:soapenv="http://schemas.xmlsoap.org/soap/envelope/" xmlns:v1="http://fidus.brussels/service/personservice/messages/v1" xmlns:v11="http://fidus.brussels/type/common/messages/v1">
   <soapenv:Header/>
   <soapenv:Body>
      <v1:searchPersonByAddressRequest>
         <v1:messageContext>
         	  <v11:messageId>${=import static java.util.UUID.randomUUID; uuid = randomUUID() as String}</v11:messageId>
            <v11:timestamp>${=new java.text.SimpleDateFormat("yyyy-MM-dd'T'HH:mm:ss.SSS").format(new Date())}</v11:timestamp>
         </v1:messageContext>
         <v1:legalContext>ServiceIntegrator</v1:legalContext>
         <v1:request>
            <postalCode>2800</postalCode>
            <streetCode>1480</streetCode>
            <houseNumber>77</houseNumber>
         </v1:request>
      </v1:searchPersonByAddressRequest>
   </soapenv:Body>
</soapenv:Envelope>]]></con:request><con:assertion type="SOAP Fault Assertion" id="ad4a2ec8-b736-47c3-865b-e1ac681f186c" name="Not SOAP Fault"/><con:assertion type="SOAP Response" id="50145e94-f284-409f-9d2e-2ad845f8e437" name="SOAP Response"/><con:assertion type="Schema Compliance" id="7b2c8429-09bb-4798-9a7b-55260a09ad46" name="Schema Compliance"><con:configuration/></con:assertion><con:wsaConfig action="http://fidus.brussels/services/personservice/searchPersonByAddress"/></con:request></con:config></con:testStep><con:testStep type="request" id="2cda5c25-c528-4266-8544-499727c814b5" name="testcase4 - Staging - Worker1New - Request"><con:settings/><con:config xsi:type="con:RequestStep" xmlns:xsi="http://www.w3.org/2001/XMLSchema-instance"><con:interface>PersonServiceHTTPBinding</con:interface><con:operation>searchPersonByAddress</con:operation><con:request name="testcase4 - Staging - Worker1New - Request" id="eabdf57f-b179-4c81-9199-ff3391e744fb" outgoingWss="Outflow STAG"><con:settings/><con:encoding>UTF-8</con:encoding><con:endpoint>https://192.168.24.57:8443/services/PersonService_v1.0</con:endpoint><con:request><![CDATA[<soapenv:Envelope xmlns:soapenv="http://schemas.xmlsoap.org/soap/envelope/" xmlns:v1="http://fidus.brussels/service/personservice/messages/v1" xmlns:v11="http://fidus.brussels/type/common/messages/v1">
   <soapenv:Header/>
   <soapenv:Body>
      <v1:searchPersonByAddressRequest>
         <v1:messageContext>
         	  <v11:messageId>${=import static java.util.UUID.randomUUID; uuid = randomUUID() as String}</v11:messageId>
            <v11:timestamp>${=new java.text.SimpleDateFormat("yyyy-MM-dd'T'HH:mm:ss.SSS").format(new Date())}</v11:timestamp>
         </v1:messageContext>
         <v1:legalContext>ServiceIntegrator</v1:legalContext>
         <v1:request>
            <postalCode>2800</postalCode>
            <streetCode>1480</streetCode>
            <houseNumber>77</houseNumber>
         </v1:request>
      </v1:searchPersonByAddressRequest>
   </soapenv:Body>
</soapenv:Envelope>]]></con:request><con:assertion type="SOAP Fault Assertion" id="8de70ef4-2902-453b-8d93-5468cb038d7a" name="Not SOAP Fault"/><con:assertion type="SOAP Response" id="ca57ad87-3e17-41dd-9f07-189793187151" name="SOAP Response"/><con:assertion type="Schema Compliance" id="497f1611-76ec-489e-8dc5-8f2a1885e881" name="Schema Compliance"><con:configuration/></con:assertion><con:wsaConfig action="http://fidus.brussels/services/personservice/searchPersonByAddress"/></con:request></con:config></con:testStep><con:testStep type="request" id="3bfd1d8d-3140-4c31-b595-4e0e9bb06728" name="testcase4 - Staging - Worker2New - Request"><con:settings/><con:config xsi:type="con:RequestStep" xmlns:xsi="http://www.w3.org/2001/XMLSchema-instance"><con:interface>PersonServiceHTTPBinding</con:interface><con:operation>searchPersonByAddress</con:operation><con:request name="testcase4 - Staging - Worker2New - Request" id="5e414b96-1504-4055-8c8c-d2f5d835782d" outgoingWss="Outflow STAG"><con:settings/><con:encoding>UTF-8</con:encoding><con:endpoint>https://192.168.24.64:8443/services/PersonService_v1.0</con:endpoint><con:request><![CDATA[<soapenv:Envelope xmlns:soapenv="http://schemas.xmlsoap.org/soap/envelope/" xmlns:v1="http://fidus.brussels/service/personservice/messages/v1" xmlns:v11="http://fidus.brussels/type/common/messages/v1">
   <soapenv:Header/>
   <soapenv:Body>
      <v1:searchPersonByAddressRequest>
         <v1:messageContext>
         	  <v11:messageId>${=import static java.util.UUID.randomUUID; uuid = randomUUID() as String}</v11:messageId>
            <v11:timestamp>${=new java.text.SimpleDateFormat("yyyy-MM-dd'T'HH:mm:ss.SSS").format(new Date())}</v11:timestamp>
         </v1:messageContext>
         <v1:legalContext>ServiceIntegrator</v1:legalContext>
         <v1:request>
            <postalCode>2800</postalCode>
            <streetCode>1480</streetCode>
            <houseNumber>77</houseNumber>
         </v1:request>
      </v1:searchPersonByAddressRequest>
   </soapenv:Body>
</soapenv:Envelope>]]></con:request><con:assertion type="SOAP Fault Assertion" id="fab62526-1290-4f62-b2be-bb3a77417fce" name="Not SOAP Fault"/><con:assertion type="SOAP Response" id="a7ab329a-f680-40f8-acaa-9263212db9ff" name="SOAP Response"/><con:assertion type="Schema Compliance" id="34a9f244-c513-4d1f-b600-590f65fff992" name="Schema Compliance"><con:configuration/></con:assertion><con:wsaConfig action="http://fidus.brussels/services/personservice/searchPersonByAddress"/></con:request></con:config></con:testStep><con:properties/></con:testCase><con:testCase id="8122b047-03c0-493f-8b12-086bbfce0efa" failOnError="true" failTestCaseOnErrors="true" keepSession="false" maxResults="0" name="searchPersonPhonetically" searchProperties="true"><con:settings/><con:testStep type="request" id="1f2460e5-1127-447a-97aa-7d0ac92790da" name="testcase4 - Staging - Worker1 - Request"><con:settings/><con:config xsi:type="con:RequestStep" xmlns:xsi="http://www.w3.org/2001/XMLSchema-instance"><con:interface>PersonServiceHTTPBinding</con:interface><con:operation>searchPersonPhonetically</con:operation><con:request name="testcase4 - Staging - Worker1 - Request" id="ae8d79b6-372a-4d41-bb23-d3a6c89e4184" outgoingWss="Outflow STAG"><con:settings/><con:encoding>UTF-8</con:encoding><con:endpoint>https://192.168.24.57:8443/services/PersonService_v1.0</con:endpoint><con:request><![CDATA[<soapenv:Envelope xmlns:soapenv="http://schemas.xmlsoap.org/soap/envelope/" xmlns:v1="http://fidus.brussels/service/personservice/messages/v1" xmlns:v11="http://fidus.brussels/type/common/messages/v1">
   <soapenv:Header/>
   <soapenv:Body>
      <v1:searchPersonPhoneticallyRequest>
         <v1:messageContext>
         	  <v11:messageId>${=import static java.util.UUID.randomUUID; uuid = randomUUID() as String}</v11:messageId>
            <v11:timestamp>${=new java.text.SimpleDateFormat("yyyy-MM-dd'T'HH:mm:ss.SSS").format(new Date())}</v11:timestamp>
         </v1:messageContext>
         <v1:legalContext>ServiceIntegrator</v1:legalContext>
         <v1:request>
            <name>
               <lastName>Peters</lastName>
               <givenNameMatching>ALL_GIVENNAME</givenNameMatching>
            </name>
            <birth>
               <birthDate>1984-01-01</birthDate>
            </birth>
         </v1:request>
      </v1:searchPersonPhoneticallyRequest>
   </soapenv:Body>
</soapenv:Envelope>]]></con:request><con:assertion type="SOAP Fault Assertion" id="e807be45-155d-49ca-abb3-fc04015854c4" name="Not SOAP Fault"/><con:assertion type="SOAP Response" id="2d494b5c-fe93-4f9c-aa0c-20647460a29f" name="SOAP Response"/><con:assertion type="Schema Compliance" id="5797f84b-e306-46fe-9d6c-cc1d46b31cfa" name="Schema Compliance"><con:configuration/></con:assertion><con:wsaConfig action="http://fidus.brussels/services/personservice/searchPersonPhonetically"/></con:request></con:config></con:testStep><con:testStep type="request" id="5b213e13-a0a0-49d1-a4b6-497148145ce7" name="testcase4 - Staging - Worker2 - Request"><con:settings/><con:config xsi:type="con:RequestStep" xmlns:xsi="http://www.w3.org/2001/XMLSchema-instance"><con:interface>PersonServiceHTTPBinding</con:interface><con:operation>searchPersonPhonetically</con:operation><con:request name="testcase4 - Staging - Worker2 - Request" id="57d32ba5-6b4f-4be3-b7ad-f3773e5c2d2b" outgoingWss="Outflow STAG"><con:settings/><con:encoding>UTF-8</con:encoding><con:endpoint>https://192.168.24.64:8443/services/PersonService_v1.0</con:endpoint><con:request><![CDATA[<soapenv:Envelope xmlns:soapenv="http://schemas.xmlsoap.org/soap/envelope/" xmlns:v1="http://fidus.brussels/service/personservice/messages/v1" xmlns:v11="http://fidus.brussels/type/common/messages/v1">
   <soapenv:Header/>
   <soapenv:Body>
      <v1:searchPersonPhoneticallyRequest>
         <v1:messageContext>
         	  <v11:messageId>${=import static java.util.UUID.randomUUID; uuid = randomUUID() as String}</v11:messageId>
            <v11:timestamp>${=new java.text.SimpleDateFormat("yyyy-MM-dd'T'HH:mm:ss.SSS").format(new Date())}</v11:timestamp>
         </v1:messageContext>
         <v1:legalContext>ServiceIntegrator</v1:legalContext>
         <v1:request>
            <name>
               <lastName>Peters</lastName>
               <givenNameMatching>ALL_GIVENNAME</givenNameMatching>
            </name>
            <birth>
               <birthDate>1984-01-01</birthDate>
            </birth>
         </v1:request>
      </v1:searchPersonPhoneticallyRequest>
   </soapenv:Body>
</soapenv:Envelope>]]></con:request><con:assertion type="SOAP Fault Assertion" id="72ede681-f70d-44fc-b07a-4344b8af8fda" name="Not SOAP Fault"/><con:assertion type="SOAP Response" id="0ea8612e-46fb-4128-b271-63c41369098a" name="SOAP Response"/><con:assertion type="Schema Compliance" id="0000597d-b94f-4722-a880-0d931f67ed77" name="Schema Compliance"><con:configuration/></con:assertion><con:wsaConfig action="http://fidus.brussels/services/personservice/searchPersonPhonetically"/></con:request></con:config></con:testStep><con:testStep type="request" id="e9e84967-8b66-4160-a724-5dabea6b7b38" name="testcase4 - Staging - External - Request"><con:settings/><con:config xsi:type="con:RequestStep" xmlns:xsi="http://www.w3.org/2001/XMLSchema-instance"><con:interface>PersonServiceHTTPBinding</con:interface><con:operation>searchPersonPhonetically</con:operation><con:request name="testcase4 - Staging - External - Request" id="809470f3-e85d-42ea-8324-d75fbad148e2" outgoingWss="Outflow STAG"><con:settings/><con:encoding>UTF-8</con:encoding><con:endpoint>https://fidus.irisnetlab.be/services/PersonService_v1.0</con:endpoint><con:request><![CDATA[<soapenv:Envelope xmlns:soapenv="http://schemas.xmlsoap.org/soap/envelope/" xmlns:v1="http://fidus.brussels/service/personservice/messages/v1" xmlns:v11="http://fidus.brussels/type/common/messages/v1">
   <soapenv:Header/>
   <soapenv:Body>
      <v1:searchPersonPhoneticallyRequest>
         <v1:messageContext>
         	  <v11:messageId>${=import static java.util.UUID.randomUUID; uuid = randomUUID() as String}</v11:messageId>
            <v11:timestamp>${=new java.text.SimpleDateFormat("yyyy-MM-dd'T'HH:mm:ss.SSS").format(new Date())}</v11:timestamp>
         </v1:messageContext>
         <v1:legalContext>ServiceIntegrator</v1:legalContext>
         <v1:request>
            <name>
               <lastName>Peters</lastName>
               <givenNameMatching>ALL_GIVENNAME</givenNameMatching>
            </name>
            <birth>
               <birthDate>1984-01-01</birthDate>
            </birth>
         </v1:request>
      </v1:searchPersonPhoneticallyRequest>
   </soapenv:Body>
</soapenv:Envelope>]]></con:request><con:assertion type="SOAP Fault Assertion" id="2cd11eb3-da45-4e3d-9288-c69b206955ce" name="Not SOAP Fault"/><con:assertion type="SOAP Response" id="4242d116-c32f-411d-bba8-bab412461e9d" name="SOAP Response"/><con:assertion type="Schema Compliance" id="b77778f4-29b3-4859-87ec-8254c9029fa7" name="Schema Compliance"><con:configuration/></con:assertion><con:wsaConfig action="http://fidus.brussels/services/personservice/searchPersonPhonetically"/></con:request></con:config></con:testStep><con:testStep type="request" id="1e662078-f655-453c-b9cd-f4189e967cc9" name="testcase4 - Staging - LB - Request"><con:settings/><con:config xsi:type="con:RequestStep" xmlns:xsi="http://www.w3.org/2001/XMLSchema-instance"><con:interface>PersonServiceHTTPBinding</con:interface><con:operation>searchPersonPhonetically</con:operation><con:request name="testcase4 - Staging - LB - Request" id="e97eec24-c2c7-4f4d-9a74-ccf7af51c580" outgoingWss="Outflow STAG"><con:settings/><con:encoding>UTF-8</con:encoding><con:endpoint>https://fidus-esb-sg.sta.srv.cirb.lan:8443/services/PersonService_v1.0</con:endpoint><con:request><![CDATA[<soapenv:Envelope xmlns:soapenv="http://schemas.xmlsoap.org/soap/envelope/" xmlns:v1="http://fidus.brussels/service/personservice/messages/v1" xmlns:v11="http://fidus.brussels/type/common/messages/v1">
   <soapenv:Header/>
   <soapenv:Body>
      <v1:searchPersonPhoneticallyRequest>
         <v1:messageContext>
         	  <v11:messageId>${=import static java.util.UUID.randomUUID; uuid = randomUUID() as String}</v11:messageId>
            <v11:timestamp>${=new java.text.SimpleDateFormat("yyyy-MM-dd'T'HH:mm:ss.SSS").format(new Date())}</v11:timestamp>
         </v1:messageContext>
         <v1:legalContext>ServiceIntegrator</v1:legalContext>
         <v1:request>
            <name>
               <lastName>Peters</lastName>
               <givenNameMatching>ALL_GIVENNAME</givenNameMatching>
            </name>
            <birth>
               <birthDate>1984-01-01</birthDate>
            </birth>
         </v1:request>
      </v1:searchPersonPhoneticallyRequest>
   </soapenv:Body>
</soapenv:Envelope>]]></con:request><con:assertion type="SOAP Fault Assertion" id="71d2252b-baca-48ab-8b38-149e650bfece" name="Not SOAP Fault"/><con:assertion type="SOAP Response" id="95ef7271-7a0e-4216-8ef8-9a7522715241" name="SOAP Response"/><con:assertion type="Schema Compliance" id="14e0f800-6559-456f-852c-9a48e6028403" name="Schema Compliance"><con:configuration/></con:assertion><con:wsaConfig action="http://fidus.brussels/services/personservice/searchPersonPhonetically"/></con:request></con:config></con:testStep><con:testStep type="request" id="fb7201a2-b037-4d13-89e4-82b84d28800a" name="testcase4 - Staging - Worker1New - Request"><con:settings/><con:config xsi:type="con:RequestStep" xmlns:xsi="http://www.w3.org/2001/XMLSchema-instance"><con:interface>PersonServiceHTTPBinding</con:interface><con:operation>searchPersonPhonetically</con:operation><con:request name="testcase4 - Staging - Worker1New - Request" id="31c1d541-05a0-4882-80ad-1fb707a9b81a" outgoingWss="Outflow STAG"><con:settings/><con:encoding>UTF-8</con:encoding><con:endpoint>https://192.168.24.57:8443/services/PersonService_v1.0</con:endpoint><con:request><![CDATA[<soapenv:Envelope xmlns:soapenv="http://schemas.xmlsoap.org/soap/envelope/" xmlns:v1="http://fidus.brussels/service/personservice/messages/v1" xmlns:v11="http://fidus.brussels/type/common/messages/v1">
   <soapenv:Header/>
   <soapenv:Body>
      <v1:searchPersonPhoneticallyRequest>
         <v1:messageContext>
         	  <v11:messageId>${=import static java.util.UUID.randomUUID; uuid = randomUUID() as String}</v11:messageId>
            <v11:timestamp>${=new java.text.SimpleDateFormat("yyyy-MM-dd'T'HH:mm:ss.SSS").format(new Date())}</v11:timestamp>
         </v1:messageContext>
         <v1:legalContext>ServiceIntegrator</v1:legalContext>
         <v1:request>
            <name>
               <lastName>Peters</lastName>
               <givenNameMatching>ALL_GIVENNAME</givenNameMatching>
            </name>
            <birth>
               <birthDate>1984-01-01</birthDate>
            </birth>
         </v1:request>
      </v1:searchPersonPhoneticallyRequest>
   </soapenv:Body>
</soapenv:Envelope>]]></con:request><con:assertion type="SOAP Fault Assertion" id="82c3664d-27f7-42af-8677-6948ed739198" name="Not SOAP Fault"/><con:assertion type="SOAP Response" id="72c96326-2121-4ca2-b309-9fb33b783715" name="SOAP Response"/><con:assertion type="Schema Compliance" id="59216733-bb11-429b-9caa-47a99d25c8e9" name="Schema Compliance"><con:configuration/></con:assertion><con:wsaConfig action="http://fidus.brussels/services/personservice/searchPersonPhonetically"/></con:request></con:config></con:testStep><con:testStep type="request" id="42623af9-81cc-4e16-8813-e4bef0de7423" name="testcase4 - Staging - Worker2New - Request"><con:settings/><con:config xsi:type="con:RequestStep" xmlns:xsi="http://www.w3.org/2001/XMLSchema-instance"><con:interface>PersonServiceHTTPBinding</con:interface><con:operation>searchPersonPhonetically</con:operation><con:request name="testcase4 - Staging - Worker2New - Request" id="a63461b4-50f3-465a-9aae-a647516e8d08" outgoingWss="Outflow STAG"><con:settings/><con:encoding>UTF-8</con:encoding><con:endpoint>https://192.168.24.64:8443/services/PersonService_v1.0</con:endpoint><con:request><![CDATA[<soapenv:Envelope xmlns:soapenv="http://schemas.xmlsoap.org/soap/envelope/" xmlns:v1="http://fidus.brussels/service/personservice/messages/v1" xmlns:v11="http://fidus.brussels/type/common/messages/v1">
   <soapenv:Header/>
   <soapenv:Body>
      <v1:searchPersonPhoneticallyRequest>
         <v1:messageContext>
         	  <v11:messageId>${=import static java.util.UUID.randomUUID; uuid = randomUUID() as String}</v11:messageId>
            <v11:timestamp>${=new java.text.SimpleDateFormat("yyyy-MM-dd'T'HH:mm:ss.SSS").format(new Date())}</v11:timestamp>
         </v1:messageContext>
         <v1:legalContext>ServiceIntegrator</v1:legalContext>
         <v1:request>
            <name>
               <lastName>Peters</lastName>
               <givenNameMatching>ALL_GIVENNAME</givenNameMatching>
            </name>
            <birth>
               <birthDate>1984-01-01</birthDate>
            </birth>
         </v1:request>
      </v1:searchPersonPhoneticallyRequest>
   </soapenv:Body>
</soapenv:Envelope>]]></con:request><con:assertion type="SOAP Fault Assertion" id="5664720a-0098-45a1-8b45-9c7fe502cd46" name="Not SOAP Fault"/><con:assertion type="SOAP Response" id="ca9a2889-50e2-448a-81ed-1d20ca629858" name="SOAP Response"/><con:assertion type="Schema Compliance" id="06ae5c45-764d-4cb1-b3cb-8d03e2531af3" name="Schema Compliance"><con:configuration/></con:assertion><con:wsaConfig action="http://fidus.brussels/services/personservice/searchPersonPhonetically"/></con:request></con:config></con:testStep><con:properties/></con:testCase><con:properties/></con:testSuite><con:testSuite id="59eb788c-ad40-4da9-aef5-ab2c00ec1612" name="PROD"><con:settings/><con:runType>SEQUENTIAL</con:runType><con:testCase id="d9da0af5-40da-4c58-8252-de55c1ce6cc5" failOnError="true" failTestCaseOnErrors="true" keepSession="false" maxResults="0" name="getIdentity" searchProperties="true"><con:settings/><con:testStep type="request" id="ada2b7a4-51d0-4268-99d7-0899c9099a5d" name="testcase5 - Prod - Worker1 - Request"><con:settings/><con:config xsi:type="con:RequestStep" xmlns:xsi="http://www.w3.org/2001/XMLSchema-instance"><con:interface>PersonServiceHTTPBinding</con:interface><con:operation>getIdentity</con:operation><con:request name="testcase5 - Prod - Worker1 - Request" id="fe4345ba-38e5-4ac0-ac15-bd9091cf4157" outgoingWss="Outflow PROD"><con:settings/><con:encoding>UTF-8</con:encoding><con:endpoint>https://192.168.26.22:8443/services/PersonService_v1.0</con:endpoint><con:request><![CDATA[<soapenv:Envelope xmlns:soapenv="http://schemas.xmlsoap.org/soap/envelope/" xmlns:v1="http://fidus.brussels/service/personservice/messages/v1" xmlns:v11="http://fidus.brussels/type/common/messages/v1">
   <soapenv:Header/>
   <soapenv:Body>
      <v1:getIdentityRequest>
         <v1:messageContext>
         	  <v11:messageId>${=import static java.util.UUID.randomUUID; uuid = randomUUID() as String}</v11:messageId>
            <v11:timestamp>${=new java.text.SimpleDateFormat("yyyy-MM-dd'T'HH:mm:ss.SSS").format(new Date())}</v11:timestamp>
         </v1:messageContext>
         <v1:legalContext>ServiceIntegrator</v1:legalContext>
         <v1:request>
            <v1:personNumber>85081509931</v1:personNumber>
         </v1:request>
      </v1:getIdentityRequest>
   </soapenv:Body>
</soapenv:Envelope>]]></con:request><con:assertion type="SOAP Fault Assertion" id="e7ac0d97-6bf7-4d9a-897d-e4c0e24c978a" name="Not SOAP Fault"/><con:assertion type="SOAP Response" id="e5358446-716e-427c-ab65-b7daf24d5169" name="SOAP Response"/><con:assertion type="Schema Compliance" id="8e6937db-47ff-4213-8ee8-4308d9cbf4c2" name="Schema Compliance"><con:configuration/></con:assertion><con:wsaConfig action="http://fidus.brussels/services/personservice/getIdentity"/></con:request></con:config></con:testStep><con:testStep type="request" id="8f274323-300c-4f5f-bc59-bd01e911b0d8" name="testcase5 - Prod - Worker2 - Request"><con:settings/><con:config xsi:type="con:RequestStep" xmlns:xsi="http://www.w3.org/2001/XMLSchema-instance"><con:interface>PersonServiceHTTPBinding</con:interface><con:operation>getIdentity</con:operation><con:request name="testcase5 - Prod - Worker2 - Request" id="7100bf72-ec44-47ea-9933-42916d89b0a4" outgoingWss="Outflow PROD"><con:settings/><con:encoding>UTF-8</con:encoding><con:endpoint>https://192.168.26.19:8443/services/PersonService_v1.0</con:endpoint><con:request><![CDATA[<soapenv:Envelope xmlns:soapenv="http://schemas.xmlsoap.org/soap/envelope/" xmlns:v1="http://fidus.brussels/service/personservice/messages/v1" xmlns:v11="http://fidus.brussels/type/common/messages/v1">
   <soapenv:Header/>
   <soapenv:Body>
      <v1:getIdentityRequest>
         <v1:messageContext>
         	  <v11:messageId>${=import static java.util.UUID.randomUUID; uuid = randomUUID() as String}</v11:messageId>
            <v11:timestamp>${=new java.text.SimpleDateFormat("yyyy-MM-dd'T'HH:mm:ss.SSS").format(new Date())}</v11:timestamp>
         </v1:messageContext>
         <v1:legalContext>ServiceIntegrator</v1:legalContext>
         <v1:request>
            <v1:personNumber>89102413022</v1:personNumber>
         </v1:request>
      </v1:getIdentityRequest>
   </soapenv:Body>
</soapenv:Envelope>]]></con:request><con:assertion type="SOAP Fault Assertion" id="2c67b171-4be4-4205-9e5f-dffbac64462b" name="Not SOAP Fault"/><con:assertion type="SOAP Response" id="4949f974-f1c8-4e47-ae17-06d2bf8ee988" name="SOAP Response"/><con:assertion type="Schema Compliance" id="b9fe51ea-6536-41df-aefb-bd150b284cf8" name="Schema Compliance"><con:configuration/></con:assertion><con:wsaConfig action="http://fidus.brussels/services/personservice/getIdentity"/></con:request></con:config></con:testStep><con:testStep type="request" id="9201060e-6e0e-42ea-b0dc-87421c54dec7" name="testcase5 - Prod - LB - Request"><con:settings/><con:config xsi:type="con:RequestStep" xmlns:xsi="http://www.w3.org/2001/XMLSchema-instance"><con:interface>PersonServiceHTTPBinding</con:interface><con:operation>getIdentity</con:operation><con:request name="testcase5 - Prod - LB - Request" id="22b8a676-2233-4912-a951-a59d2cc35a75" outgoingWss="Outflow PROD"><con:settings/><con:encoding>UTF-8</con:encoding><con:endpoint>https://fidus-esb-sg.prd.srv.cirb.lan:8443/services/PersonService_v1.0</con:endpoint><con:request><![CDATA[<soapenv:Envelope xmlns:soapenv="http://schemas.xmlsoap.org/soap/envelope/" xmlns:v1="http://fidus.brussels/service/personservice/messages/v1" xmlns:v11="http://fidus.brussels/type/common/messages/v1">
   <soapenv:Header/>
   <soapenv:Body>
      <v1:getIdentityRequest>
         <v1:messageContext>
         	  <v11:messageId>${=import static java.util.UUID.randomUUID; uuid = randomUUID() as String}</v11:messageId>
            <v11:timestamp>${=new java.text.SimpleDateFormat("yyyy-MM-dd'T'HH:mm:ss.SSS").format(new Date())}</v11:timestamp>
         </v1:messageContext>
         <v1:legalContext>ServiceIntegrator</v1:legalContext>
         <v1:request>
            <v1:personNumber>89102413022</v1:personNumber>
         </v1:request>
      </v1:getIdentityRequest>
   </soapenv:Body>
</soapenv:Envelope>]]></con:request><con:assertion type="SOAP Fault Assertion" id="a79e63a9-140a-4187-bd80-830a9ac3f662" name="Not SOAP Fault"/><con:assertion type="SOAP Response" id="a2310d21-eebc-47e2-94a3-68bfdf0004fd" name="SOAP Response"/><con:assertion type="Schema Compliance" id="9d92214c-8f68-41a4-814f-c7bc00807219" name="Schema Compliance"><con:configuration/></con:assertion><con:wsaConfig action="http://fidus.brussels/services/personservice/getIdentity"/></con:request></con:config></con:testStep><con:testStep type="request" id="ed859a2c-28c9-4289-ba98-2f9ed2c76edc" name="testcase5 - Prod - External - Request"><con:settings/><con:config xsi:type="con:RequestStep" xmlns:xsi="http://www.w3.org/2001/XMLSchema-instance"><con:interface>PersonServiceHTTPBinding</con:interface><con:operation>getIdentity</con:operation><con:request name="testcase5 - Prod - External - Request" id="b1b4e340-b0b7-4e39-976f-693a1b314427" outgoingWss="Outflow PROD"><con:settings/><con:encoding>UTF-8</con:encoding><con:endpoint>https://fidus.sec.brussels/services/PersonService_v1.0</con:endpoint><con:request><![CDATA[<soapenv:Envelope xmlns:soapenv="http://schemas.xmlsoap.org/soap/envelope/" xmlns:v1="http://fidus.brussels/service/personservice/messages/v1" xmlns:v11="http://fidus.brussels/type/common/messages/v1">
   <soapenv:Header/>
   <soapenv:Body>
      <v1:getIdentityRequest>
         <v1:messageContext>
         	  <v11:messageId>${=import static java.util.UUID.randomUUID; uuid = randomUUID() as String}</v11:messageId>
            <v11:timestamp>${=new java.text.SimpleDateFormat("yyyy-MM-dd'T'HH:mm:ss.SSS").format(new Date())}</v11:timestamp>
         </v1:messageContext>
         <v1:legalContext>ServiceIntegrator</v1:legalContext>
         <v1:request>
            <v1:personNumber>85081509931</v1:personNumber>
         </v1:request>
      </v1:getIdentityRequest>
   </soapenv:Body>
</soapenv:Envelope>]]></con:request><con:assertion type="SOAP Fault Assertion" id="beed8eca-70fe-486f-b8df-c0b4f0fd0df6" name="Not SOAP Fault"/><con:assertion type="SOAP Response" id="55eacd9f-79eb-4206-9c27-ffe7c334fe0c" name="SOAP Response"/><con:assertion type="Schema Compliance" id="6e8df8b3-92c9-4b3b-903e-086293537656" name="Schema Compliance"><con:configuration/></con:assertion><con:wsaConfig action="http://fidus.brussels/services/personservice/getIdentity"/></con:request></con:config></con:testStep><con:properties/></con:testCase><con:testCase id="0ea7f8fb-5ee0-4d91-ba4a-50414d2d8689" failOnError="true" failTestCaseOnErrors="true" keepSession="false" maxResults="0" name="searchPersonByAddress" searchProperties="true"><con:settings/><con:testStep type="request" id="d56d489a-a879-4619-a31a-b89b772c66e6" name="testcase5 - Prod - External - Request"><con:settings/><con:config xsi:type="con:RequestStep" xmlns:xsi="http://www.w3.org/2001/XMLSchema-instance"><con:interface>PersonServiceHTTPBinding</con:interface><con:operation>searchPersonByAddress</con:operation><con:request name="testcase5 - Prod - External - Request" id="2138b096-d084-435f-be9b-2892628233d5" outgoingWss="Outflow PROD"><con:settings/><con:encoding>UTF-8</con:encoding><con:endpoint>https://fidus.sec.brussels/services/PersonService_v1.0</con:endpoint><con:request><![CDATA[<soapenv:Envelope xmlns:soapenv="http://schemas.xmlsoap.org/soap/envelope/" xmlns:v1="http://fidus.brussels/service/personservice/messages/v1" xmlns:v11="http://fidus.brussels/type/common/messages/v1">
   <soapenv:Header/>
   <soapenv:Body>
      <v1:searchPersonByAddressRequest>
         <v1:messageContext>
         	  <v11:messageId>${=import static java.util.UUID.randomUUID; uuid = randomUUID() as String}</v11:messageId>
            <v11:timestamp>${=new java.text.SimpleDateFormat("yyyy-MM-dd'T'HH:mm:ss.SSS").format(new Date())}</v11:timestamp>
         </v1:messageContext>
         <v1:legalContext>ServiceIntegrator</v1:legalContext>
         <v1:request>
            <postalCode>2800</postalCode>
            <streetCode>1480</streetCode>
            <houseNumber>77</houseNumber>
         </v1:request>
      </v1:searchPersonByAddressRequest>
   </soapenv:Body>
</soapenv:Envelope>]]></con:request><con:assertion type="SOAP Fault Assertion" id="2adc1ba9-34fe-4f00-9c56-125584647e18" name="Not SOAP Fault"/><con:assertion type="SOAP Response" id="c9b37d9c-5074-4c37-acc7-f9f087f3cd97" name="SOAP Response"/><con:assertion type="Schema Compliance" id="6ce777e8-23ff-4bda-9ec6-e683c87a80c4" name="Schema Compliance"><con:configuration/></con:assertion><con:wsaConfig action="http://fidus.brussels/services/personservice/searchPersonByAddress"/></con:request></con:config></con:testStep><con:testStep type="request" id="aadc2112-0cd6-42ca-8717-144f181848b8" name="testcase5 - Prod - LB - Request"><con:settings/><con:config xsi:type="con:RequestStep" xmlns:xsi="http://www.w3.org/2001/XMLSchema-instance"><con:interface>PersonServiceHTTPBinding</con:interface><con:operation>searchPersonByAddress</con:operation><con:request name="testcase5 - Prod - LB - Request" id="bf517fcb-67ea-422f-9918-b0aad8a19fe3" outgoingWss="Outflow PROD"><con:settings/><con:encoding>UTF-8</con:encoding><con:endpoint>https://fidus-esb-sg.prd.srv.cirb.lan:8443/services/PersonService_v1.0</con:endpoint><con:request><![CDATA[<soapenv:Envelope xmlns:soapenv="http://schemas.xmlsoap.org/soap/envelope/" xmlns:v1="http://fidus.brussels/service/personservice/messages/v1" xmlns:v11="http://fidus.brussels/type/common/messages/v1">
   <soapenv:Header/>
   <soapenv:Body>
      <v1:searchPersonByAddressRequest>
         <v1:messageContext>
         	  <v11:messageId>${=import static java.util.UUID.randomUUID; uuid = randomUUID() as String}</v11:messageId>
            <v11:timestamp>${=new java.text.SimpleDateFormat("yyyy-MM-dd'T'HH:mm:ss.SSS").format(new Date())}</v11:timestamp>
         </v1:messageContext>
         <v1:legalContext>ServiceIntegrator</v1:legalContext>
         <v1:request>
            <postalCode>2800</postalCode>
            <streetCode>1480</streetCode>
            <houseNumber>77</houseNumber>
         </v1:request>
      </v1:searchPersonByAddressRequest>
   </soapenv:Body>
</soapenv:Envelope>]]></con:request><con:assertion type="SOAP Fault Assertion" id="511258eb-b1f5-418a-a9e8-b0b914ff94a5" name="Not SOAP Fault"/><con:assertion type="SOAP Response" id="1b55f611-3b06-406d-80e0-f2d50e6a56f9" name="SOAP Response"/><con:assertion type="Schema Compliance" id="c2d252f1-5608-4102-b293-8b98f78223e3" name="Schema Compliance"><con:configuration/></con:assertion><con:wsaConfig action="http://fidus.brussels/services/personservice/searchPersonByAddress"/></con:request></con:config></con:testStep><con:testStep type="request" id="593e65e3-c068-4377-a47c-fff2a80981ef" name="testcase5 - Prod - Worker1 - Request"><con:settings/><con:config xsi:type="con:RequestStep" xmlns:xsi="http://www.w3.org/2001/XMLSchema-instance"><con:interface>PersonServiceHTTPBinding</con:interface><con:operation>searchPersonByAddress</con:operation><con:request name="testcase5 - Prod - Worker1 - Request" id="0897dd12-1d72-4763-b670-45286de9bd11" outgoingWss="Outflow PROD"><con:settings/><con:encoding>UTF-8</con:encoding><con:endpoint>https://192.168.26.22:8443/services/PersonService_v1.0</con:endpoint><con:request><![CDATA[<soapenv:Envelope xmlns:soapenv="http://schemas.xmlsoap.org/soap/envelope/" xmlns:v1="http://fidus.brussels/service/personservice/messages/v1" xmlns:v11="http://fidus.brussels/type/common/messages/v1">
   <soapenv:Header/>
   <soapenv:Body>
      <v1:searchPersonByAddressRequest>
         <v1:messageContext>
         	  <v11:messageId>${=import static java.util.UUID.randomUUID; uuid = randomUUID() as String}</v11:messageId>
            <v11:timestamp>${=new java.text.SimpleDateFormat("yyyy-MM-dd'T'HH:mm:ss.SSS").format(new Date())}</v11:timestamp>
         </v1:messageContext>
         <v1:legalContext>ServiceIntegrator</v1:legalContext>
         <v1:request>
            <postalCode>2800</postalCode>
            <streetCode>1480</streetCode>
            <houseNumber>77</houseNumber>
         </v1:request>
      </v1:searchPersonByAddressRequest>
   </soapenv:Body>
</soapenv:Envelope>]]></con:request><con:assertion type="SOAP Fault Assertion" id="a9035fbf-8bfa-4085-8e86-a02aed6480f0" name="Not SOAP Fault"/><con:assertion type="SOAP Response" id="a1fc0180-8cff-45f6-9cba-c0ca845c4d6b" name="SOAP Response"/><con:assertion type="Schema Compliance" id="1f35bff5-39f9-447c-8649-0163ab45457e" name="Schema Compliance"><con:configuration/></con:assertion><con:wsaConfig action="http://fidus.brussels/services/personservice/searchPersonByAddress"/></con:request></con:config></con:testStep><con:testStep type="request" id="8743f220-de1e-4749-8355-e02081b806a6" name="testcase5 - Prod - Worker2 - Request"><con:settings/><con:config xsi:type="con:RequestStep" xmlns:xsi="http://www.w3.org/2001/XMLSchema-instance"><con:interface>PersonServiceHTTPBinding</con:interface><con:operation>searchPersonByAddress</con:operation><con:request name="testcase5 - Prod - Worker2 - Request" id="4b2758e0-2c4b-451c-99b1-a8ce026cdef4" outgoingWss="Outflow PROD"><con:settings/><con:encoding>UTF-8</con:encoding><con:endpoint>https://192.168.26.19:8443/services/PersonService_v1.0</con:endpoint><con:request><![CDATA[<soapenv:Envelope xmlns:soapenv="http://schemas.xmlsoap.org/soap/envelope/" xmlns:v1="http://fidus.brussels/service/personservice/messages/v1" xmlns:v11="http://fidus.brussels/type/common/messages/v1">
   <soapenv:Header/>
   <soapenv:Body>
      <v1:searchPersonByAddressRequest>
         <v1:messageContext>
         	  <v11:messageId>${=import static java.util.UUID.randomUUID; uuid = randomUUID() as String}</v11:messageId>
            <v11:timestamp>${=new java.text.SimpleDateFormat("yyyy-MM-dd'T'HH:mm:ss.SSS").format(new Date())}</v11:timestamp>
         </v1:messageContext>
         <v1:legalContext>ServiceIntegrator</v1:legalContext>
         <v1:request>
            <postalCode>2800</postalCode>
            <streetCode>1480</streetCode>
            <houseNumber>77</houseNumber>
         </v1:request>
      </v1:searchPersonByAddressRequest>
   </soapenv:Body>
</soapenv:Envelope>]]></con:request><con:assertion type="SOAP Fault Assertion" id="a9a12d7d-c13b-496a-885b-53f169a312fd" name="Not SOAP Fault"/><con:assertion type="SOAP Response" id="2f8da165-7726-4754-8106-f238a7fe375c" name="SOAP Response"/><con:assertion type="Schema Compliance" id="4fd3b306-1410-47f8-95b4-e1bb3bbc7f68" name="Schema Compliance"><con:configuration/></con:assertion><con:wsaConfig action="http://fidus.brussels/services/personservice/searchPersonByAddress"/></con:request></con:config></con:testStep><con:properties/></con:testCase><con:testCase id="34a464f4-15ba-4cb8-80fc-51d52ddca7dd" failOnError="true" failTestCaseOnErrors="true" keepSession="false" maxResults="0" name="searchPersonPhonetically" searchProperties="true"><con:settings/><con:testStep type="request" id="ae299992-3fd1-4053-b3e7-8f7f732c3d01" name="testcase5 - Prod - External - Request"><con:settings/><con:config xsi:type="con:RequestStep" xmlns:xsi="http://www.w3.org/2001/XMLSchema-instance"><con:interface>PersonServiceHTTPBinding</con:interface><con:operation>searchPersonPhonetically</con:operation><con:request name="testcase5 - Prod - External - Request" id="22fa3989-c136-4cad-9a63-25d4e80dd3c2" outgoingWss="Outflow PROD"><con:settings/><con:encoding>UTF-8</con:encoding><con:endpoint>https://fidus.sec.brussels/services/PersonService_v1.0</con:endpoint><con:request><![CDATA[<soapenv:Envelope xmlns:soapenv="http://schemas.xmlsoap.org/soap/envelope/" xmlns:v1="http://fidus.brussels/service/personservice/messages/v1" xmlns:v11="http://fidus.brussels/type/common/messages/v1">
   <soapenv:Header/>
   <soapenv:Body>
      <v1:searchPersonPhoneticallyRequest>
         <v1:messageContext>
         	  <v11:messageId>${=import static java.util.UUID.randomUUID; uuid = randomUUID() as String}</v11:messageId>
            <v11:timestamp>${=new java.text.SimpleDateFormat("yyyy-MM-dd'T'HH:mm:ss.SSS").format(new Date())}</v11:timestamp>
         </v1:messageContext>
         <v1:legalContext>ServiceIntegrator</v1:legalContext>
         <v1:request>
            <name>
               <lastName>Peters</lastName>
               <givenNameMatching>ALL_GIVENNAME</givenNameMatching>
            </name>
            <birth>
               <birthDate>1984-01-01</birthDate>
            </birth>
         </v1:request>
      </v1:searchPersonPhoneticallyRequest>
   </soapenv:Body>
</soapenv:Envelope>]]></con:request><con:assertion type="SOAP Fault Assertion" id="782eef55-db78-4bc7-969c-dc18055ce4fa" name="Not SOAP Fault"/><con:assertion type="SOAP Response" id="32f2bda3-0501-49c1-a8c3-10f28a768c54" name="SOAP Response"/><con:assertion type="Schema Compliance" id="30f511a3-003c-45c2-a7c1-4d6711c8e9b8" name="Schema Compliance"><con:configuration/></con:assertion><con:wsaConfig action="http://fidus.brussels/services/personservice/searchPersonPhonetically"/></con:request></con:config></con:testStep><con:testStep type="request" id="40654c4f-c589-40ac-b9f4-bc4d70663e33" name="testcase5 - Prod - LB - Request"><con:settings/><con:config xsi:type="con:RequestStep" xmlns:xsi="http://www.w3.org/2001/XMLSchema-instance"><con:interface>PersonServiceHTTPBinding</con:interface><con:operation>searchPersonPhonetically</con:operation><con:request name="testcase5 - Prod - LB - Request" id="90e3bebb-dd40-455d-bcbe-cce1208e1ff7" outgoingWss="Outflow PROD"><con:settings/><con:encoding>UTF-8</con:encoding><con:endpoint>https://fidus-esb-sg.prd.srv.cirb.lan:8443/services/PersonService_v1.0</con:endpoint><con:request><![CDATA[<soapenv:Envelope xmlns:soapenv="http://schemas.xmlsoap.org/soap/envelope/" xmlns:v1="http://fidus.brussels/service/personservice/messages/v1" xmlns:v11="http://fidus.brussels/type/common/messages/v1">
   <soapenv:Header/>
   <soapenv:Body>
      <v1:searchPersonPhoneticallyRequest>
         <v1:messageContext>
         	  <v11:messageId>${=import static java.util.UUID.randomUUID; uuid = randomUUID() as String}</v11:messageId>
            <v11:timestamp>${=new java.text.SimpleDateFormat("yyyy-MM-dd'T'HH:mm:ss.SSS").format(new Date())}</v11:timestamp>
         </v1:messageContext>
         <v1:legalContext>ServiceIntegrator</v1:legalContext>
         <v1:request>
            <name>
               <lastName>Peters</lastName>
               <givenNameMatching>ALL_GIVENNAME</givenNameMatching>
            </name>
            <birth>
               <birthDate>1984-01-01</birthDate>
            </birth>
         </v1:request>
      </v1:searchPersonPhoneticallyRequest>
   </soapenv:Body>
</soapenv:Envelope>]]></con:request><con:assertion type="SOAP Fault Assertion" id="287b87bb-2514-4b25-ad80-17ace72c3fd5" name="Not SOAP Fault"/><con:assertion type="SOAP Response" id="2e76c96f-16bb-4696-8a06-fadc18fb0345" name="SOAP Response"/><con:assertion type="Schema Compliance" id="a42bf212-2c08-440f-8591-e6cfe3d777d9" name="Schema Compliance"><con:configuration/></con:assertion><con:wsaConfig action="http://fidus.brussels/services/personservice/searchPersonPhonetically"/></con:request></con:config></con:testStep><con:testStep type="request" id="c6a6aff4-981c-4b9a-a49b-d97badef1207" name="testcase5 - Prod - Worker1 - Request"><con:settings/><con:config xsi:type="con:RequestStep" xmlns:xsi="http://www.w3.org/2001/XMLSchema-instance"><con:interface>PersonServiceHTTPBinding</con:interface><con:operation>searchPersonPhonetically</con:operation><con:request name="testcase5 - Prod - Worker1 - Request" id="0950cf38-aef4-4a48-87bf-1a0690f97a5a" outgoingWss="Outflow PROD"><con:settings/><con:encoding>UTF-8</con:encoding><con:endpoint>https://192.168.26.22:8443/services/PersonService_v1.0</con:endpoint><con:request><![CDATA[<soapenv:Envelope xmlns:soapenv="http://schemas.xmlsoap.org/soap/envelope/" xmlns:v1="http://fidus.brussels/service/personservice/messages/v1" xmlns:v11="http://fidus.brussels/type/common/messages/v1">
   <soapenv:Header/>
   <soapenv:Body>
      <v1:searchPersonPhoneticallyRequest>
         <v1:messageContext>
         	  <v11:messageId>${=import static java.util.UUID.randomUUID; uuid = randomUUID() as String}</v11:messageId>
            <v11:timestamp>${=new java.text.SimpleDateFormat("yyyy-MM-dd'T'HH:mm:ss.SSS").format(new Date())}</v11:timestamp>
         </v1:messageContext>
         <v1:legalContext>ServiceIntegrator</v1:legalContext>
         <v1:request>
            <name>
               <lastName>Peters</lastName>
               <givenNameMatching>ALL_GIVENNAME</givenNameMatching>
            </name>
            <birth>
               <birthDate>1984-01-01</birthDate>
            </birth>
         </v1:request>
      </v1:searchPersonPhoneticallyRequest>
   </soapenv:Body>
</soapenv:Envelope>]]></con:request><con:assertion type="SOAP Fault Assertion" id="e68d71c2-fff7-402b-954a-eb973790bcb4" name="Not SOAP Fault"/><con:assertion type="SOAP Response" id="219b3bba-cca5-4e68-9abf-746b49702c07" name="SOAP Response"/><con:assertion type="Schema Compliance" id="79dd3eb2-1496-4a26-acf6-5249c7f088e6" name="Schema Compliance"><con:configuration/></con:assertion><con:wsaConfig action="http://fidus.brussels/services/personservice/searchPersonPhonetically"/></con:request></con:config></con:testStep><con:testStep type="request" id="a8292481-5add-425c-87f1-5f67fc297be5" name="testcase5 - Prod - Worker2 - Request"><con:settings/><con:config xsi:type="con:RequestStep" xmlns:xsi="http://www.w3.org/2001/XMLSchema-instance"><con:interface>PersonServiceHTTPBinding</con:interface><con:operation>searchPersonPhonetically</con:operation><con:request name="testcase5 - Prod - Worker2 - Request" id="eec3294e-99bc-4cc0-83a9-edab9a7c95d8" outgoingWss="Outflow PROD"><con:settings/><con:encoding>UTF-8</con:encoding><con:endpoint>https://192.168.26.19:8443/services/PersonService_v1.0</con:endpoint><con:request><![CDATA[<soapenv:Envelope xmlns:soapenv="http://schemas.xmlsoap.org/soap/envelope/" xmlns:v1="http://fidus.brussels/service/personservice/messages/v1" xmlns:v11="http://fidus.brussels/type/common/messages/v1">
   <soapenv:Header/>
   <soapenv:Body>
      <v1:searchPersonPhoneticallyRequest>
         <v1:messageContext>
         	  <v11:messageId>${=import static java.util.UUID.randomUUID; uuid = randomUUID() as String}</v11:messageId>
            <v11:timestamp>${=new java.text.SimpleDateFormat("yyyy-MM-dd'T'HH:mm:ss.SSS").format(new Date())}</v11:timestamp>
         </v1:messageContext>
         <v1:legalContext>ServiceIntegrator</v1:legalContext>
         <v1:request>
            <name>
               <lastName>Peters</lastName>
               <givenNameMatching>ALL_GIVENNAME</givenNameMatching>
            </name>
            <birth>
               <birthDate>1984-01-01</birthDate>
            </birth>
         </v1:request>
      </v1:searchPersonPhoneticallyRequest>
   </soapenv:Body>
</soapenv:Envelope>]]></con:request><con:assertion type="SOAP Fault Assertion" id="7a7f18a1-3be4-464c-a5af-611ece47c01e" name="Not SOAP Fault"/><con:assertion type="SOAP Response" id="f8a78c42-66b1-4b72-b7d1-9b2586cb41ed" name="SOAP Response"/><con:assertion type="Schema Compliance" id="8a8fefbe-316d-4117-a675-54ca9aa94a4d" name="Schema Compliance"><con:configuration/></con:assertion><con:wsaConfig action="http://fidus.brussels/services/personservice/searchPersonPhonetically"/></con:request></con:config></con:testStep><con:properties/></con:testCase><con:properties/></con:testSuite><con:properties/>
  <con:wssContainer>
    
    
    
    
    
    
    
    
    
    
    
    
    
    
    
    
  <con:crypto><con:source>data/wso2/keystores/user-rajarshi.jks</con:source><con:password>test@fidus01</con:password><con:type>KEYSTORE</con:type></con:crypto><con:outgoing><con:name>Outflow DEV</con:name></con:outgoing><con:outgoing><con:name>Outflow TEST</con:name><con:entry type="Signature" username="testuser-test.fidus.brussels" password="test@fidus01"><con:configuration><crypto>user-rajarshi.jks</crypto><keyIdentifierType>3</keyIdentifierType><signatureAlgorithm/><signatureCanonicalization/><useSingleCert>true</useSingleCert><digestAlgorithm/><customTokenValueType/><customTokenId/></con:configuration></con:entry><con:entry type="Timestamp"><con:configuration><timeToLive>300000</timeToLive><strictTimestamp>true</strictTimestamp></con:configuration></con:entry></con:outgoing><con:outgoing><con:name>Outflow STAG</con:name></con:outgoing><con:outgoing><con:name>Outflow PROD</con:name></con:outgoing></con:wssContainer>
  <con:oAuth2ProfileContainer/>
  <con:oAuth1ProfileContainer/><con:sensitiveInformation/>
</con:soapui-project>