<?xml version="1.0" encoding="UTF-8"?>
<con:soapui-project id="11b404ed-5013-42b2-92a9-013432525abe" activeEnvironment="Default" name="Client-AccessManagerService-1.0-soapui-project" resourceRoot="" soapui-version="5.1.3" abortOnError="false" runType="SEQUENTIAL" xmlns:con="http://eviware.com/soapui/config"><con:settings/><con:interface xsi:type="con:WsdlInterface" id="548e423b-90e0-4e19-b45f-01f908a20276" wsaVersion="NONE" name="AccessManagerServiceHTTPBinding" type="wsdl" bindingName="{http://fidus.brussels/service/accessmanagerservice/v1}AccessManagerServiceHTTPBinding" soapVersion="1_1" anonymous="optional" definition="/home/isr/git/parent/accessmanagerservice_1.0/AccessManagerServiceGateway/src/main/resources/wsdl/accessManagerService/1.0.0/AccessManagerService_v1.wsdl" xmlns:xsi="http://www.w3.org/2001/XMLSchema-instance"><con:settings/><con:definitionCache type="TEXT" rootPart="file:/home/isr/git/parent/accessmanagerservice_1.0/AccessManagerServiceGateway/src/main/resources/wsdl/accessManagerService/1.0.0/AccessManagerService_v1.wsdl"><con:part><con:url>file:/home/isr/git/parent/accessmanagerservice_1.0/AccessManagerServiceGateway/src/main/resources/wsdl/accessManagerService/1.0.0/AccessManagerService_v1.wsdl</con:url><con:content><![CDATA[<wsdl:definitions targetNamespace="http://fidus.brussels/service/accessmanagerservice/v1" name="AccessManagerService" xmlns:tns="http://fidus.brussels/service/accessmanagerservice/v1" xmlns:xsd="http://www.w3.org/2001/XMLSchema" xmlns:wsdl="http://schemas.xmlsoap.org/wsdl/" xmlns:soap="http://schemas.xmlsoap.org/wsdl/soap/" xmlns:mes="http://fidus.brussels/service/accessmanagerservice/messages/v1">
  <xsd:annotation>
    <xsd:documentation>AccessManagerService WDSL v1.</xsd:documentation>
  </xsd:annotation>
  <wsdl:types>
    <xsd:schema targetNamespace="http://fidus.brussels/service/accessmanagerservice/v1" elementFormDefault="qualified">
      <xsd:import namespace="http://fidus.brussels/service/accessmanagerservice/messages/v1" schemaLocation="messages/accessManagerServiceMessages_v1.xsd"/>
    </xsd:schema>
  </wsdl:types>
  <wsdl:message name="getDomainRequestMessage">
    <wsdl:part name="GetDomainRequest" element="mes:getDomainRequest"/>
  </wsdl:message>
  <wsdl:message name="getDomainResponseMessage">
    <wsdl:part name="GetDomainResponse" element="mes:getDomainResponse"/>
  </wsdl:message>
  <wsdl:message name="getEntityRepresentativesRequestMessage">
    <wsdl:part name="GetEntityRepresentativesRequest" element="mes:getEntityRepresentativesRequest"/>
  </wsdl:message>
  <wsdl:message name="getEntityRepresentativesResponseMessage">
    <wsdl:part name="GetEntityRepresentativesResponse" element="mes:getEntityRepresentativesResponse"/>
  </wsdl:message>
  <wsdl:message name="findRepresentativeRolesByINSSRequestMessage">
    <wsdl:part name="FindRepresentativeRolesByINSSRequest" element="mes:findRepresentativeRolesByINSSRequest"/>
  </wsdl:message>
  <wsdl:message name="findRepresentativeRolesByINSSResponseMessage">
    <wsdl:part name="FindRepresentativeRolesByINSSResponse" element="mes:findRepresentativeRolesByINSSResponse"/>
  </wsdl:message>
  <wsdl:message name="getOrganisationParentNodesRequestMessage">
    <wsdl:part name="GetOrganisationParentNodesRequest" element="mes:getOrganisationParentNodesRequest"/>
  </wsdl:message>
  <wsdl:message name="getOrganisationParentNodesResponseMessage">
    <wsdl:part name="GetOrganisationParentNodesResponse" element="mes:getOrganisationParentNodesResponse"/>
  </wsdl:message>
  <wsdl:message name="getOrganisationChildNodesRequestMessage">
    <wsdl:part name="GetOrganisationChildNodesRequest" element="mes:getOrganisationChildNodesRequest"/>
  </wsdl:message>
  <wsdl:message name="getOrganisationChildNodesResponseMessage">
    <wsdl:part name="GetOrganisationChildNodesResponse" element="mes:getOrganisationChildNodesResponse"/>
  </wsdl:message>
  <wsdl:message name="getOrganisationDenominationRequestMessage">
    <wsdl:part name="GetOrganisationDenominationRequest" element="mes:getOrganisationDenominationRequest"/>
  </wsdl:message>
  <wsdl:message name="getOrganisationDenominationResponseMessage">
    <wsdl:part name="GetOrganisationDenominationResponse" element="mes:getOrganisationDenominationResponse"/>
  </wsdl:message>
  <wsdl:portType name="AccessManagerPortType">
    <wsdl:operation name="getEntityRepresentatives">
      <wsdl:input message="tns:getEntityRepresentativesRequestMessage"/>
      <wsdl:output message="tns:getEntityRepresentativesResponseMessage"/>
    </wsdl:operation>
    <wsdl:operation name="findRepresentativeRolesByINSS">
      <wsdl:input message="tns:findRepresentativeRolesByINSSRequestMessage"/>
      <wsdl:output message="tns:findRepresentativeRolesByINSSResponseMessage"/>
    </wsdl:operation>
    <wsdl:operation name="getDomain">
      <wsdl:input message="tns:getDomainRequestMessage"/>
      <wsdl:output message="tns:getDomainResponseMessage"/>
    </wsdl:operation>
    <wsdl:operation name="getOrganisationParentNodes">
      <wsdl:input message="tns:getOrganisationParentNodesRequestMessage"/>
      <wsdl:output message="tns:getOrganisationParentNodesResponseMessage"/>
    </wsdl:operation>
    <wsdl:operation name="getOrganisationChildNodes">
      <wsdl:input message="tns:getOrganisationChildNodesRequestMessage"/>
      <wsdl:output message="tns:getOrganisationChildNodesResponseMessage"/>
    </wsdl:operation>
    <wsdl:operation name="getOrganisationDenomination">
      <wsdl:input message="tns:getOrganisationDenominationRequestMessage"/>
      <wsdl:output message="tns:getOrganisationDenominationResponseMessage"/>
    </wsdl:operation>
  </wsdl:portType>
  <wsdl:binding name="AccessManagerServiceHTTPBinding" type="tns:AccessManagerPortType">
    <soap:binding style="document" transport="http://schemas.xmlsoap.org/soap/http"/>
    <wsdl:operation name="getDomain">
      <soap:operation soapAction="http://fidus.brussels/services/accessmanagerservice/getDomain"/>
      <wsdl:input>
        <soap:body use="literal"/>
      </wsdl:input>
      <wsdl:output>
        <soap:body use="literal"/>
      </wsdl:output>
    </wsdl:operation>
    <wsdl:operation name="getEntityRepresentatives">
      <soap:operation soapAction="http://fidus.brussels/services/accessmanagerservice/getEntityRepresentatives"/>
      <wsdl:input>
        <soap:body use="literal"/>
      </wsdl:input>
      <wsdl:output>
        <soap:body use="literal"/>
      </wsdl:output>
    </wsdl:operation>
    <wsdl:operation name="findRepresentativeRolesByINSS">
      <soap:operation soapAction="http://fidus.brussels/services/accessmanagerservice/findRepresentativeRolesByINSS"/>
      <wsdl:input>
        <soap:body use="literal"/>
      </wsdl:input>
      <wsdl:output>
        <soap:body use="literal"/>
      </wsdl:output>
    </wsdl:operation>
    <wsdl:operation name="getOrganisationParentNodes">
      <soap:operation soapAction="http://fidus.brussels/services/accessmanagerservice/getOrganisationParentNodes"/>
      <wsdl:input>
        <soap:body use="literal"/>
      </wsdl:input>
      <wsdl:output>
        <soap:body use="literal"/>
      </wsdl:output>
    </wsdl:operation>
    <wsdl:operation name="getOrganisationChildNodes">
      <soap:operation soapAction="http://fidus.brussels/services/accessmanagerservice/getOrganisationChildNodes"/>
      <wsdl:input>
        <soap:body use="literal"/>
      </wsdl:input>
      <wsdl:output>
        <soap:body use="literal"/>
      </wsdl:output>
    </wsdl:operation>
    <wsdl:operation name="getOrganisationDenomination">
      <soap:operation soapAction="http://fidus.brussels/services/accessmanagerservice/getOrganisationDenomination"/>
      <wsdl:input>
        <soap:body use="literal"/>
      </wsdl:input>
      <wsdl:output>
        <soap:body use="literal"/>
      </wsdl:output>
    </wsdl:operation>
  </wsdl:binding>
  <wsdl:service name="AccessManagerService_v1">
    <wsdl:port name="AccessManagerService_v1" binding="tns:AccessManagerServiceHTTPBinding">
      <soap:address location="http://fidus.brussels/service/accessmanagerservice/messages/v1"/>
    </wsdl:port>
  </wsdl:service>
</wsdl:definitions>]]></con:content><con:type>http://schemas.xmlsoap.org/wsdl/</con:type></con:part><con:part><con:url>file:/home/isr/git/parent/accessmanagerservice_1.0/AccessManagerServiceGateway/src/main/resources/wsdl/accessManagerService/1.0.0/messages/accessManagerServiceMessages_v1.xsd</con:url><con:content><![CDATA[<xsd:schema targetNamespace="http://fidus.brussels/service/accessmanagerservice/messages/v1" elementFormDefault="qualified" attributeFormDefault="unqualified" version="1.0" xmlns:xsd="http://www.w3.org/2001/XMLSchema" xmlns:cme="http://fidus.brussels/type/common/messages/v1" xmlns:exc="http://fidus.brussels/type/common/exceptions/v1" xmlns:tns="http://fidus.brussels/service/accessmanagerservice/messages/v1" xmlns:types="http://socialsecurity.be/umanentityrepresentative/types/v3">
  <xsd:import namespace="http://fidus.brussels/type/common/messages/v1" schemaLocation="baseMessageTypes_v1.xsd"/>
  <xsd:import namespace="http://fidus.brussels/type/common/exceptions/v1" schemaLocation="exceptionTypes_v1.xsd"/>
  <xsd:import namespace="http://socialsecurity.be/umanentityrepresentative/types/v3" schemaLocation="../manager/UmanEntityRepresentative_types_v3.xsd"/>
  <!--Request Type definition-->
  <xsd:complexType name="DomainType">
    <xsd:annotation>
      <xsd:documentation xml:lang="en">Request message to
				retrieve the allowed quality for a specified domain</xsd:documentation>
    </xsd:annotation>
    <xsd:sequence>
      <xsd:element name="Domain" type="xsd:string"/>
      <xsd:element name="Language" type="types:Language"/>
    </xsd:sequence>
  </xsd:complexType>
  <xsd:complexType name="OrganisationType">
    <xsd:annotation>
      <xsd:documentation xml:lang="en">Request message to
				retrieve the path of nodes, within an organisation, from the input
				organisation node to the top node of the organisation.</xsd:documentation>
    </xsd:annotation>
    <xsd:sequence>
      <xsd:element name="Domain" type="xsd:string"/>
      <xsd:element name="OrganisationId" type="types:OrganisationId"/>
      <xsd:element name="Language" type="types:Language"/>
    </xsd:sequence>
  </xsd:complexType>
  <xsd:complexType name="INSSType">
    <xsd:annotation>
      <xsd:documentation xml:lang="en">Request message to
				retrieve the list of organizations that are represented by the
				specified person and under whith representation role.</xsd:documentation>
    </xsd:annotation>
    <xsd:sequence>
      <xsd:element name="Domain" type="xsd:string"/>
      <xsd:element name="INSS" type="types:INSS"/>
      <xsd:element name="Language" type="types:Language"/>
    </xsd:sequence>
  </xsd:complexType>
  <!--Request getAccessManagerService definition-->
  <xsd:complexType name="GetDomainRequestType">
    <xsd:sequence>
      <xsd:element name="messageContext" type="cme:RequestMessageContextType"/>
      <xsd:element name="legalContext" type="cme:LegalContextType"/>
      <xsd:element name="request" type="tns:DomainType"/>
    </xsd:sequence>
  </xsd:complexType>
  <xsd:complexType name="GetEntityRepresentativesRequestType">
    <xsd:sequence>
      <xsd:element name="messageContext" type="cme:RequestMessageContextType"/>
      <xsd:element name="legalContext" type="cme:LegalContextType"/>
      <xsd:element name="request" type="tns:OrganisationType"/>
    </xsd:sequence>
  </xsd:complexType>
  <xsd:complexType name="FindRepresentativeRolesByINSSRequestType">
    <xsd:sequence>
      <xsd:element name="messageContext" type="cme:RequestMessageContextType"/>
      <xsd:element name="legalContext" type="cme:LegalContextType"/>
      <xsd:element name="request" type="tns:INSSType"/>
    </xsd:sequence>
  </xsd:complexType>
  <xsd:complexType name="GetOrganisationParentNodesRequestType">
    <xsd:sequence>
      <xsd:element name="messageContext" type="cme:RequestMessageContextType"/>
      <xsd:element name="legalContext" type="cme:LegalContextType"/>
      <xsd:element name="request" type="tns:OrganisationType"/>
    </xsd:sequence>
  </xsd:complexType>
  <xsd:complexType name="GetOrganisationChildNodesRequestType">
    <xsd:sequence>
      <xsd:element name="messageContext" type="cme:RequestMessageContextType"/>
      <xsd:element name="legalContext" type="cme:LegalContextType"/>
      <xsd:element name="request" type="tns:OrganisationType"/>
    </xsd:sequence>
  </xsd:complexType>
  <xsd:complexType name="GetOrganisationDenominationRequestType">
    <xsd:sequence>
      <xsd:element name="messageContext" type="cme:RequestMessageContextType"/>
      <xsd:element name="legalContext" type="cme:LegalContextType"/>
      <xsd:element name="request" type="tns:OrganisationType"/>
    </xsd:sequence>
  </xsd:complexType>
  <!--Response getAccessManagerService definition-->
  <xsd:complexType name="GetDomainResponseType">
    <xsd:sequence>
      <xsd:element name="messageContext" type="cme:ResponseMessageContextType"/>
      <xsd:element name="responses" type="tns:DomainResponsesType" minOccurs="0"/>
      <xsd:element name="exceptions" type="exc:ExceptionsType" minOccurs="0">
        <xsd:annotation>
          <xsd:documentation>Technical errors that occur when processing the message context e.g. insufficient rights.</xsd:documentation>
        </xsd:annotation>
      </xsd:element>
    </xsd:sequence>
  </xsd:complexType>
  <xsd:complexType name="GetEntityRepresentativesResponseType">
    <xsd:sequence>
      <xsd:element name="messageContext" type="cme:ResponseMessageContextType"/>
      <xsd:element name="responses" type="tns:EntityRepresentativesResponsesType" minOccurs="0"/>
      <xsd:element name="exceptions" type="exc:ExceptionsType" minOccurs="0">
        <xsd:annotation>
          <xsd:documentation>Technical errors that occur when processing the message context e.g. insufficient rights.</xsd:documentation>
        </xsd:annotation>
      </xsd:element>
    </xsd:sequence>
  </xsd:complexType>
  <xsd:complexType name="FindRepresentativeRolesByINSSResponseType">
    <xsd:sequence>
      <xsd:element name="messageContext" type="cme:ResponseMessageContextType"/>
      <xsd:element name="responses" type="tns:INSSResponsesType" minOccurs="0"/>
      <xsd:element name="exceptions" type="exc:ExceptionsType" minOccurs="0">
        <xsd:annotation>
          <xsd:documentation>Technical errors that occur when processing the message context e.g. insufficient rights.</xsd:documentation>
        </xsd:annotation>
      </xsd:element>
    </xsd:sequence>
  </xsd:complexType>
  <xsd:complexType name="GetOrganisationParentNodesResponseType">
    <xsd:sequence>
      <xsd:element name="messageContext" type="cme:ResponseMessageContextType"/>
      <xsd:element name="responses" type="tns:ParentNodeResponsesType" minOccurs="0"/>
      <xsd:element name="exceptions" type="exc:ExceptionsType" minOccurs="0">
        <xsd:annotation>
          <xsd:documentation>Technical errors that occur when processing the message context e.g. insufficient rights.</xsd:documentation>
        </xsd:annotation>
      </xsd:element>
    </xsd:sequence>
  </xsd:complexType>
  <xsd:complexType name="GetOrganisationChildNodesResponseType">
    <xsd:sequence>
      <xsd:element name="messageContext" type="cme:ResponseMessageContextType"/>
      <xsd:element name="responses" type="tns:ChildNodeResponsesType" minOccurs="0"/>
      <xsd:element name="exceptions" type="exc:ExceptionsType" minOccurs="0">
        <xsd:annotation>
          <xsd:documentation>Technical errors that occur when processing the message context e.g. insufficient rights.</xsd:documentation>
        </xsd:annotation>
      </xsd:element>
    </xsd:sequence>
  </xsd:complexType>
  <xsd:complexType name="GetOrganisationDenominationResponseType">
    <xsd:sequence>
      <xsd:element name="messageContext" type="cme:ResponseMessageContextType"/>
      <xsd:element name="responses" type="tns:DenominationResponsesType" minOccurs="0"/>
      <xsd:element name="exceptions" type="exc:ExceptionsType" minOccurs="0">
        <xsd:annotation>
          <xsd:documentation>Technical errors that occur when processing the message context e.g. insufficient rights.</xsd:documentation>
        </xsd:annotation>
      </xsd:element>
    </xsd:sequence>
  </xsd:complexType>
  <!--Response Types definition-->
  <xsd:complexType name="DomainResponsesType">
    <xsd:sequence>
      <xsd:element name="response" type="tns:DomainResponseType" minOccurs="1" maxOccurs="1"/>
    </xsd:sequence>
  </xsd:complexType>
  <xsd:complexType name="ParentNodeResponsesType">
    <xsd:sequence>
      <xsd:element name="response" type="tns:ParentNodeResponseType" minOccurs="1" maxOccurs="1"/>
    </xsd:sequence>
  </xsd:complexType>
  <xsd:complexType name="ChildNodeResponsesType">
    <xsd:sequence>
      <xsd:element name="response" type="tns:ChildNodeResponseType" minOccurs="1" maxOccurs="1"/>
    </xsd:sequence>
  </xsd:complexType>
  <xsd:complexType name="DenominationResponsesType">
    <xsd:sequence>
      <xsd:element name="response" type="tns:DenominationResponseType" minOccurs="1" maxOccurs="1"/>
    </xsd:sequence>
  </xsd:complexType>
  <xsd:complexType name="EntityRepresentativesResponsesType">
    <xsd:sequence>
      <xsd:element name="response" type="tns:EntityRepresentativesResponseType" minOccurs="1" maxOccurs="1"/>
    </xsd:sequence>
  </xsd:complexType>
  <xsd:complexType name="INSSResponsesType">
    <xsd:sequence>
      <xsd:element name="response" type="tns:INSSResponseType" minOccurs="1" maxOccurs="1"/>
    </xsd:sequence>
  </xsd:complexType>
  <!--Response Type definition-->
  <xsd:complexType name="DomainResponseType">
    <xsd:annotation>
      <xsd:documentation xml:lang="en">Response message,
				echoing the message from the request</xsd:documentation>
    </xsd:annotation>
    <xsd:sequence>
      <xsd:element name="Status" type="types:StatusType"/>
      <xsd:sequence minOccurs="0" maxOccurs="unbounded">
        <xsd:element name="DomainData" type="types:DomainData"/>
      </xsd:sequence>
      <xsd:element name="exceptions" type="exc:ExceptionsType" minOccurs="0">
        <xsd:annotation>
          <xsd:documentation>Business exceptions that occur when processing the request or response e.g. missing data for a single response element.
						Exceptions at this level may contain back-end specific codes and content.</xsd:documentation>
        </xsd:annotation>
      </xsd:element>
    </xsd:sequence>
  </xsd:complexType>
  <xsd:complexType name="ParentNodeResponseType">
    <xsd:annotation>
      <xsd:documentation xml:lang="en">Response message,
				echoing the message from the request</xsd:documentation>
    </xsd:annotation>
    <xsd:sequence>
      <xsd:element name="Status" type="types:StatusType"/>
      <xsd:element name="OrganisationNode" type="types:OrganisationNodeLinkParent" minOccurs="0" maxOccurs="unbounded"/>
      <xsd:element name="exceptions" type="exc:ExceptionsType" minOccurs="0">
        <xsd:annotation>
          <xsd:documentation>Business exceptions that occur when processing the request or response e.g. missing data for a single response element.
						Exceptions at this level may contain back-end specific codes and content.</xsd:documentation>
        </xsd:annotation>
      </xsd:element>
    </xsd:sequence>
  </xsd:complexType>
  <xsd:complexType name="ChildNodeResponseType">
    <xsd:annotation>
      <xsd:documentation xml:lang="en">Response message,
				echoing the message from the request</xsd:documentation>
    </xsd:annotation>
    <xsd:sequence>
      <xsd:element name="Status" type="types:StatusType"/>
      <xsd:element name="OrganisationNode" type="types:OrganisationNodeLinkChild" minOccurs="0" maxOccurs="unbounded"/>
      <xsd:element name="exceptions" type="exc:ExceptionsType" minOccurs="0">
        <xsd:annotation>
          <xsd:documentation>Business exceptions that occur when processing the request or response e.g. missing data for a single response element.
						Exceptions at this level may contain back-end specific codes and content.</xsd:documentation>
        </xsd:annotation>
      </xsd:element>
    </xsd:sequence>
  </xsd:complexType>
  <xsd:complexType name="DenominationResponseType">
    <xsd:annotation>
      <xsd:documentation xml:lang="en">Response message,
				echoing the message from the request</xsd:documentation>
    </xsd:annotation>
    <xsd:sequence>
      <xsd:element name="Status" type="types:StatusType"/>
      <xsd:sequence minOccurs="0" maxOccurs="unbounded">
        <xsd:element name="OrganisationDenominationData" type="types:OrganisationDenominationData"/>
      </xsd:sequence>
      <xsd:element name="exceptions" type="exc:ExceptionsType" minOccurs="0">
        <xsd:annotation>
          <xsd:documentation>Business exceptions that occur when processing the request or response e.g. missing data for a single response element.
						Exceptions at this level may contain back-end specific codes and content.</xsd:documentation>
        </xsd:annotation>
      </xsd:element>
    </xsd:sequence>
  </xsd:complexType>
  <xsd:complexType name="EntityRepresentativesResponseType">
    <xsd:annotation>
      <xsd:documentation xml:lang="en">Response message,
				echoing the message from the request</xsd:documentation>
    </xsd:annotation>
    <xsd:sequence>
      <xsd:element name="Status" type="types:StatusType"/>
      <xsd:sequence minOccurs="0">
        <xsd:element name="OrganisationId" type="types:OrganisationId"/>
        <xsd:element name="Representative" type="types:Person" minOccurs="0"/>
        <xsd:element name="CoRepresentative" type="types:Person" minOccurs="0" maxOccurs="unbounded"/>
        <xsd:element name="Quality" type="types:QualityRepresentatives" minOccurs="0" maxOccurs="unbounded"/>
      </xsd:sequence>
      <xsd:element name="exceptions" type="exc:ExceptionsType" minOccurs="0">
        <xsd:annotation>
          <xsd:documentation>Business exceptions that occur when processing the request or response e.g. missing data for a single response element.
						Exceptions at this level may contain back-end specific codes and content.</xsd:documentation>
        </xsd:annotation>
      </xsd:element>
    </xsd:sequence>
  </xsd:complexType>
  <xsd:complexType name="INSSResponseType">
    <xsd:annotation>
      <xsd:documentation xml:lang="en">Response message,
				echoing the message from the request</xsd:documentation>
    </xsd:annotation>
    <xsd:sequence>
      <xsd:element name="Status" type="types:StatusType"/>
      <xsd:sequence minOccurs="0">
        <xsd:element name="Entity" type="types:Entity" minOccurs="1" maxOccurs="unbounded"/>
      </xsd:sequence>
      <xsd:element name="exceptions" type="exc:ExceptionsType" minOccurs="0">
        <xsd:annotation>
          <xsd:documentation>Business exceptions that occur when processing the request or response e.g. missing data for a single response element.
						Exceptions at this level may contain back-end specific codes and content.</xsd:documentation>
        </xsd:annotation>
      </xsd:element>
    </xsd:sequence>
  </xsd:complexType>
  <!--Element of the request and the response-->
  <xsd:element name="getDomainRequest" type="tns:GetDomainRequestType"/>
  <xsd:element name="getDomainResponse" type="tns:GetDomainResponseType"/>
  <xsd:element name="getEntityRepresentativesRequest" type="tns:GetEntityRepresentativesRequestType"/>
  <xsd:element name="getEntityRepresentativesResponse" type="tns:GetEntityRepresentativesResponseType"/>
  <xsd:element name="findRepresentativeRolesByINSSRequest" type="tns:FindRepresentativeRolesByINSSRequestType"/>
  <xsd:element name="findRepresentativeRolesByINSSResponse" type="tns:FindRepresentativeRolesByINSSResponseType"/>
  <xsd:element name="getOrganisationParentNodesRequest" type="tns:GetOrganisationParentNodesRequestType"/>
  <xsd:element name="getOrganisationParentNodesResponse" type="tns:GetOrganisationParentNodesResponseType"/>
  <xsd:element name="getOrganisationChildNodesRequest" type="tns:GetOrganisationChildNodesRequestType"/>
  <xsd:element name="getOrganisationChildNodesResponse" type="tns:GetOrganisationChildNodesResponseType"/>
  <xsd:element name="getOrganisationDenominationRequest" type="tns:GetOrganisationDenominationRequestType"/>
  <xsd:element name="getOrganisationDenominationResponse" type="tns:GetOrganisationDenominationResponseType"/>
</xsd:schema>]]></con:content><con:type>http://www.w3.org/2001/XMLSchema</con:type></con:part><con:part><con:url>file:/home/isr/git/parent/accessmanagerservice_1.0/AccessManagerServiceGateway/src/main/resources/wsdl/accessManagerService/1.0.0/messages/baseMessageTypes_v1.xsd</con:url><con:content><![CDATA[<xsd:schema targetNamespace="http://fidus.brussels/type/common/messages/v1" elementFormDefault="qualified" attributeFormDefault="unqualified" version="1.0" xmlns:xsd="http://www.w3.org/2001/XMLSchema" xmlns:cmn="http://fidus.brussels/type/common/v1" xmlns:tns="http://fidus.brussels/type/common/messages/v1">
  <!--Unformatted message Id-->
  <xsd:simpleType name="MessageIdType">
    <xsd:restriction base="xsd:string">
      <xsd:minLength value="1"/>
      <xsd:maxLength value="64"/>
    </xsd:restriction>
  </xsd:simpleType>
  <!--National Number of the person. Format depending on the Register-->
  <xsd:simpleType name="PersonNumberType">
    <xsd:restriction base="xsd:string">
      <xsd:pattern value="[0-9][0-9](([0][0-9])|([1][0-2]))(([0-2][0-9])|([3][0-1]))(([0-9]{2}[1-9])|([0-9][1-9][0-9])|([1-9][0-9]{2}))(([0-8][0-9])|([9][0-7]))">
        <xsd:annotation>
          <xsd:documentation>National Register format</xsd:documentation>
        </xsd:annotation>
      </xsd:pattern>
      <xsd:pattern value="[0-9][0-9](([2][0-9])|([3][0-2]))(([0-2][0-9])|([3][0-1]))[0-9]{3}(([0-8][0-9])|([9][0-7]))">
        <xsd:annotation>
          <xsd:documentation>CBSS Register format: Bis Register</xsd:documentation>
        </xsd:annotation>
      </xsd:pattern>
      <xsd:pattern value="[0-9][0-9](([4][0-9])|([5][0-2]))(([0-2][0-9])|([3][0-1]))[0-9]{3}(([0-8][0-9])|([9][0-7]))">
        <xsd:annotation>
          <xsd:documentation>CBSS Register format: Ter Register</xsd:documentation>
        </xsd:annotation>
      </xsd:pattern>
    </xsd:restriction>
  </xsd:simpleType>
  <!--Request message context-->
  <xsd:complexType name="RequestMessageContextType">
    <xsd:annotation>
      <xsd:documentation>Message context block generated by the consumer.</xsd:documentation>
    </xsd:annotation>
    <xsd:sequence>
      <xsd:element name="messageId" type="tns:MessageIdType">
        <xsd:annotation>
          <xsd:documentation>Consumer must assign their own MessageId reference for the request.</xsd:documentation>
        </xsd:annotation>
      </xsd:element>
      <xsd:element name="timestamp" type="xsd:dateTime" minOccurs="0">
        <xsd:annotation>
          <xsd:documentation>Timestamp when client sent request.</xsd:documentation>
        </xsd:annotation>
      </xsd:element>
    </xsd:sequence>
  </xsd:complexType>
  <!--Response message context-->
  <xsd:complexType name="ResponseMessageContextType">
    <xsd:annotation>
      <xsd:documentation>MessageContext block generated by fidus.</xsd:documentation>
    </xsd:annotation>
    <xsd:sequence>
      <xsd:element name="messageId" type="tns:MessageIdType">
        <xsd:annotation>
          <xsd:documentation>A unique identifier generated by fidus.</xsd:documentation>
        </xsd:annotation>
      </xsd:element>
      <xsd:element name="transactionId" type="tns:MessageIdType">
        <xsd:annotation>
          <xsd:documentation>A unique ID returned to the client for tracing purposes.</xsd:documentation>
        </xsd:annotation>
      </xsd:element>
      <xsd:element name="relatesTo" type="tns:MessageIdType" minOccurs="0">
        <xsd:annotation>
          <xsd:documentation>Optional field. The unique id of a previous batch file in this exchange Only used for responses.</xsd:documentation>
        </xsd:annotation>
      </xsd:element>
      <xsd:element name="timestamp" type="xsd:dateTime" minOccurs="0">
        <xsd:annotation>
          <xsd:documentation>Time reply sent by fidus.</xsd:documentation>
        </xsd:annotation>
      </xsd:element>
    </xsd:sequence>
  </xsd:complexType>
  <!--Legal Context : the finality of the Privacy Commission-->
  <xsd:simpleType name="LegalContextType">
    <xsd:restriction base="xsd:string">
      <xsd:minLength value="1"/>
      <xsd:maxLength value="64"/>
    </xsd:restriction>
  </xsd:simpleType>
  <xsd:complexType name="UserContextType">
    <xsd:annotation>
      <xsd:documentation>The user context defines information regarding the actual user performing a request.</xsd:documentation>
    </xsd:annotation>
    <xsd:sequence>
      <xsd:element name="language" type="xsd:language" nillable="true">
        <xsd:annotation>
          <xsd:documentation>The preferred language of the actual user performing the request.
						This influences the language in which response elements are cast.</xsd:documentation>
        </xsd:annotation>
      </xsd:element>
    </xsd:sequence>
  </xsd:complexType>
</xsd:schema>]]></con:content><con:type>http://www.w3.org/2001/XMLSchema</con:type></con:part><con:part><con:url>file:/home/isr/git/parent/accessmanagerservice_1.0/AccessManagerServiceGateway/src/main/resources/wsdl/accessManagerService/1.0.0/messages/exceptionTypes_v1.xsd</con:url><con:content><![CDATA[<xsd:schema targetNamespace="http://fidus.brussels/type/common/exceptions/v1" elementFormDefault="qualified" attributeFormDefault="unqualified" version="1.0" xmlns:xsd="http://www.w3.org/2001/XMLSchema" xmlns:tns="http://fidus.brussels/type/common/exceptions/v1">
  <!--Basic error typed-->
  <xsd:complexType name="ExceptionsType">
    <xsd:sequence>
      <xsd:element name="exception" type="tns:ExceptionType" maxOccurs="unbounded"/>
    </xsd:sequence>
  </xsd:complexType>
  <xsd:complexType name="ExceptionType">
    <xsd:sequence>
      <xsd:element name="type" type="tns:ExceptionClassType"/>
      <xsd:element name="code" type="tns:ExceptionCodeType"/>
      <xsd:element name="source" type="tns:ExceptionSourceType"/>
      <xsd:element name="description" type="tns:ExceptionDescriptionType"/>
    </xsd:sequence>
  </xsd:complexType>
  <xsd:simpleType name="ExceptionClassType">
    <xsd:restriction base="xsd:string">
      <xsd:enumeration value="ERROR"/>
      <xsd:enumeration value="WARNING"/>
      <xsd:enumeration value="INFO"/>
    </xsd:restriction>
  </xsd:simpleType>
  <xsd:simpleType name="ExceptionCodeType">
    <xsd:restriction base="xsd:string">
      <xsd:maxLength value="20"/>
    </xsd:restriction>
  </xsd:simpleType>
  <xsd:simpleType name="ExceptionSourceType">
    <xsd:restriction base="xsd:string">
      <xsd:maxLength value="20"/>
    </xsd:restriction>
  </xsd:simpleType>
  <xsd:simpleType name="ExceptionDescriptionType">
    <xsd:restriction base="xsd:string"/>
  </xsd:simpleType>
</xsd:schema>]]></con:content><con:type>http://www.w3.org/2001/XMLSchema</con:type></con:part><con:part><con:url>file:/home/isr/git/parent/accessmanagerservice_1.0/AccessManagerServiceGateway/src/main/resources/wsdl/accessManagerService/1.0.0/manager/UmanEntityRepresentative_types_v3.xsd</con:url><con:content><![CDATA[<xsd:schema targetNamespace="http://socialsecurity.be/umanentityrepresentative/types/v3" elementFormDefault="qualified" attributeFormDefault="unqualified" version="1.0" xmlns="http://socialsecurity.be/umanentityrepresentative/types/v3" xmlns:xsd="http://www.w3.org/2001/XMLSchema">
  <xsd:complexType name="QualityRepresentatives">
    <xsd:annotation>
      <xsd:documentation xml:lang="en">Complex type defining who is the representative of a user management quality.</xsd:documentation>
    </xsd:annotation>
    <xsd:sequence>
      <xsd:element name="QualityCode" type="OrganisationCode"/>
      <xsd:element name="Denomination" type="Denomination"/>
      <xsd:element name="Representative" type="Person" minOccurs="0"/>
      <xsd:element name="CoRepresentative" type="Person" minOccurs="0" maxOccurs="unbounded"/>
      <xsd:element name="Subdivision" type="SubdivisionRepresentative" minOccurs="0" maxOccurs="unbounded"/>
    </xsd:sequence>
  </xsd:complexType>
  <xsd:complexType name="SubdivisionRepresentative">
    <xsd:annotation>
      <xsd:documentation xml:lang="en">Complex type defining who is the representative of a user management subdivison.</xsd:documentation>
    </xsd:annotation>
    <xsd:sequence>
      <xsd:element name="OrganisationId" type="SubdivisionOrganisationId"/>
      <xsd:element name="Denomination" type="Denomination" minOccurs="0" maxOccurs="1"/>
      <xsd:element name="SubdivisionCode" type="OrganisationCode"/>
      <xsd:element name="Representative" type="Person" minOccurs="0"/>
      <xsd:element name="CoRepresentative" type="Person" minOccurs="0" maxOccurs="unbounded"/>
      <xsd:element name="Subdivision" type="SubdivisionRepresentative" minOccurs="0" maxOccurs="unbounded"/>
    </xsd:sequence>
  </xsd:complexType>
  <xsd:complexType name="Entity">
    <xsd:annotation>
      <xsd:documentation xml:lang="en">Complex type defining the access rights of a specific user in terms of BCE based entity, user management qualities, and representative roles.</xsd:documentation>
    </xsd:annotation>
    <xsd:sequence>
      <xsd:element name="OrganisationId" type="OrganisationId"/>
      <xsd:element name="Role" type="Role" minOccurs="0"/>
      <xsd:element name="Email" type="Email" minOccurs="0"/>
      <xsd:element name="Quality" type="QualityRole" minOccurs="0" maxOccurs="unbounded"/>
    </xsd:sequence>
  </xsd:complexType>
  <xsd:complexType name="QualityRole">
    <xsd:annotation>
      <xsd:documentation xml:lang="en">Complex type defining a user management quality and the related role the user is granted to.</xsd:documentation>
    </xsd:annotation>
    <xsd:sequence>
      <xsd:element name="QualityCode" type="OrganisationCode"/>
      <xsd:element name="Denomination" type="Denomination"/>
      <xsd:element name="Role" type="Role" minOccurs="0"/>
      <xsd:element name="Email" type="Email" minOccurs="0"/>
      <xsd:element name="Subdivision" type="SubdivisionRole" minOccurs="0" maxOccurs="unbounded"/>
    </xsd:sequence>
  </xsd:complexType>
  <xsd:complexType name="SubdivisionRole">
    <xsd:annotation>
      <xsd:documentation xml:lang="en">Complex type defining a user management subdivision and the related role the user is granted to.</xsd:documentation>
    </xsd:annotation>
    <xsd:sequence>
      <xsd:element name="OrganisationId" type="SubdivisionOrganisationId"/>
      <xsd:element name="SubdivisionCode" type="OrganisationCode"/>
      <xsd:element name="Denomination" type="Denomination" minOccurs="0"/>
      <xsd:element name="Role" type="Role" minOccurs="0"/>
      <xsd:element name="Email" type="Email" minOccurs="0"/>
      <xsd:element name="Subdivision" type="SubdivisionRole" minOccurs="0" maxOccurs="unbounded"/>
    </xsd:sequence>
  </xsd:complexType>
  <xsd:complexType name="SubdivisionOrganisationId">
    <xsd:annotation>
      <xsd:documentation>Complex type defining an organisation identifier (entity or subdivision).</xsd:documentation>
    </xsd:annotation>
    <xsd:sequence>
      <xsd:element name="Identifier" type="Identifier" minOccurs="0"/>
      <xsd:element name="IdentifierType" type="IdentifierType"/>
    </xsd:sequence>
  </xsd:complexType>
  <xsd:complexType name="Person">
    <xsd:annotation>
      <xsd:documentation xml:lang="en">Complex type defining an individual person.</xsd:documentation>
    </xsd:annotation>
    <xsd:sequence>
      <xsd:element name="INSS" type="INSS"/>
      <xsd:element name="Email" type="Email" minOccurs="0"/>
    </xsd:sequence>
  </xsd:complexType>
  <xsd:complexType name="StatusType">
    <xsd:annotation>
      <xsd:documentation>Status of the request</xsd:documentation>
    </xsd:annotation>
    <xsd:sequence>
      <xsd:element name="Code" type="StatusCode"/>
      <xsd:element name="Comment" type="xsd:string" minOccurs="0" maxOccurs="unbounded"/>
    </xsd:sequence>
  </xsd:complexType>
  <xsd:simpleType name="INSS">
    <xsd:annotation>
      <xsd:documentation xml:lang="en">Simple type defining a person identifier.</xsd:documentation>
    </xsd:annotation>
    <xsd:restriction base="xsd:string">
      <xsd:length value="11"/>
      <xsd:pattern value="\d{11}"/>
    </xsd:restriction>
  </xsd:simpleType>
  <xsd:simpleType name="Denomination">
    <xsd:annotation>
      <xsd:documentation xml:lang="en">Simple type defining a Denomination for the level that is returned.</xsd:documentation>
    </xsd:annotation>
    <xsd:restriction base="xsd:string">
      <xsd:maxLength value="200"/>
    </xsd:restriction>
  </xsd:simpleType>
  <xsd:simpleType name="OrganisationLevel">
    <xsd:annotation>
      <xsd:documentation xml:lang="en">Simple type defining an Level of an Organisation Node. Could be Entity , Quality or Subdivision</xsd:documentation>
    </xsd:annotation>
    <xsd:restriction base="xsd:string">
      <xsd:pattern value="Entity|Quality|Subdivision"/>
    </xsd:restriction>
  </xsd:simpleType>
  <xsd:simpleType name="Language">
    <xsd:annotation>
      <xsd:documentation xml:lang="en">Simple type defining a language for the name that are returned. 4 languages are supported: French, Dutch, German or English</xsd:documentation>
    </xsd:annotation>
    <xsd:restriction base="xsd:string">
      <xsd:pattern value="fr|nl|de|en"/>
    </xsd:restriction>
  </xsd:simpleType>
  <xsd:simpleType name="Email">
    <xsd:annotation>
      <xsd:documentation xml:lang="en">Simple type defining an email adress</xsd:documentation>
    </xsd:annotation>
    <xsd:restriction base="xsd:string">
      <xsd:maxLength value="200"/>
    </xsd:restriction>
  </xsd:simpleType>
  <xsd:complexType name="OrganisationId">
    <xsd:annotation>
      <xsd:documentation>Complex type defining an organisation identifier (entity or subdivision).</xsd:documentation>
    </xsd:annotation>
    <xsd:sequence>
      <xsd:element name="Identifier" type="Identifier"/>
      <xsd:element name="IdentifierType" type="IdentifierType"/>
    </xsd:sequence>
  </xsd:complexType>
  <xsd:simpleType name="Identifier">
    <xsd:annotation>
      <xsd:documentation>Simple type defining an identifier of an organisation (Entity, Quality or subdivision).</xsd:documentation>
    </xsd:annotation>
    <xsd:restriction base="xsd:string">
      <xsd:maxLength value="50"/>
    </xsd:restriction>
  </xsd:simpleType>
  <xsd:simpleType name="IdentifierType">
    <xsd:annotation>
      <xsd:documentation>Simple type defining a type of identifier (BECBE, ...)</xsd:documentation>
    </xsd:annotation>
    <xsd:restriction base="xsd:string">
      <xsd:maxLength value="20"/>
    </xsd:restriction>
  </xsd:simpleType>
  <xsd:simpleType name="OrganisationCode">
    <xsd:annotation>
      <xsd:documentation>Complex type defining a organisation node type code (Quality or subdivision) eg: QUAL_XXX, SUB_XXX.</xsd:documentation>
    </xsd:annotation>
    <xsd:restriction base="xsd:string">
      <xsd:maxLength value="20"/>
    </xsd:restriction>
  </xsd:simpleType>
  <xsd:simpleType name="Role">
    <xsd:annotation>
      <xsd:documentation xml:lang="en">Simple enumerated type defining user representative roles.</xsd:documentation>
    </xsd:annotation>
    <xsd:restriction base="xsd:string">
      <xsd:enumeration value="REPRESENTATIVE"/>
      <xsd:enumeration value="COREPRESENTATIVE"/>
    </xsd:restriction>
  </xsd:simpleType>
  <xsd:simpleType name="StatusCode">
    <xsd:annotation>
      <xsd:documentation xml:lang="en">Status of response.</xsd:documentation>
    </xsd:annotation>
    <xsd:restriction base="xsd:string">
      <xsd:enumeration value="SUCCESS"/>
      <xsd:enumeration value="NO_DATA_FOUND"/>
      <xsd:enumeration value="NO_DOMAIN_FOUND"/>
      <xsd:enumeration value="INVALID_ORG_IDENTIFIER"/>
      <xsd:enumeration value="INVALID_SSIN"/>
      <xsd:enumeration value="NOT_AUTHENTIC_SOURCE_FOR_ORG_NAME"/>
    </xsd:restriction>
  </xsd:simpleType>
  <xsd:complexType name="OrganisationNodeLinkParent">
    <xsd:annotation>
      <xsd:documentation>Set of informations concerning a Organisation node in uman + an optional link to the parent</xsd:documentation>
    </xsd:annotation>
    <xsd:sequence>
      <xsd:element name="OrganisationId" type="SubdivisionOrganisationId"/>
      <xsd:element name="Denomination" type="Denomination" minOccurs="0"/>
      <xsd:element name="OrganisationLevel" type="OrganisationLevel"/>
      <xsd:element name="OrganisationCode" type="OrganisationCode"/>
      <xsd:element name="OrganisationParentNode" type="OrganisationNodeLinkParent" minOccurs="0" maxOccurs="1"/>
    </xsd:sequence>
  </xsd:complexType>
  <xsd:complexType name="OrganisationNodeLinkChild">
    <xsd:annotation>
      <xsd:documentation>Set of informations concerning a Organisation node in uman + an optional link to the Child(s)</xsd:documentation>
    </xsd:annotation>
    <xsd:sequence>
      <xsd:element name="OrganisationId" type="SubdivisionOrganisationId"/>
      <xsd:element name="Denomination" type="Denomination" minOccurs="0"/>
      <xsd:element name="OrganisationLevel" type="OrganisationLevel"/>
      <xsd:element name="OrganisationCode" type="OrganisationCode"/>
      <xsd:element name="OrganisationChildNode" type="OrganisationNodeLinkChild" minOccurs="0" maxOccurs="unbounded"/>
    </xsd:sequence>
  </xsd:complexType>
  <xsd:complexType name="DomainData">
    <xsd:annotation>
      <xsd:documentation>Set of informations concerning a Domain</xsd:documentation>
    </xsd:annotation>
    <xsd:sequence>
      <xsd:element name="QualityCode" type="OrganisationCode"/>
      <xsd:element name="Denomination" type="Denomination"/>
    </xsd:sequence>
  </xsd:complexType>
  <xsd:complexType name="OrganisationDenominationData">
    <xsd:annotation>
      <xsd:documentation>Set of informations concerning a Organisation Denomination</xsd:documentation>
    </xsd:annotation>
    <xsd:sequence>
      <xsd:element name="OrganisationId" type="OrganisationId"/>
      <xsd:element name="Denomination" type="Denomination"/>
    </xsd:sequence>
  </xsd:complexType>
</xsd:schema>]]></con:content><con:type>http://www.w3.org/2001/XMLSchema</con:type></con:part></con:definitionCache><con:endpoints><con:endpoint>http://fidus.brussels/service/accessmanagerservice/messages/v1</con:endpoint><con:endpoint>http://fidus.brussels/services/accessmanagerservice/v1</con:endpoint><con:endpoint>http://localhost.localdomain:8088/mockAccessManagerServiceHTTPBinding</con:endpoint></con:endpoints><con:operation id="64be46ff-1340-46c2-8c1a-d5dede6162b5" isOneWay="false" action="http://fidus.brussels/services/accessmanagerservice/findRepresentativeRolesByINSS" name="findRepresentativeRolesByINSS" bindingOperationName="findRepresentativeRolesByINSS" type="Request-Response" inputName="" receivesAttachments="false" sendsAttachments="false" anonymous="optional"><con:settings/><con:call id="31c29739-f4b7-4bc2-99d7-13447fa19f74" name="1 - Local - Request - OK" outgoingWss="Outflow DEV" incomingWss="Inflow DEV"><con:settings><con:setting id="com.eviware.soapui.impl.wsdl.WsdlRequest@request-headers">&lt;xml-fragment/></con:setting></con:settings><con:encoding>UTF-8</con:encoding><con:endpoint>https://localhost:8243/services/AccessManagerService_v1.0</con:endpoint><con:request><![CDATA[<soapenv:Envelope xmlns:soapenv="http://schemas.xmlsoap.org/soap/envelope/" xmlns:v1="http://fidus.brussels/service/accessmanagerservice/messages/v1" xmlns:v11="http://fidus.brussels/type/common/messages/v1" xmlns:v3="http://socialsecurity.be/umanentityrepresentative/types/v3">
   <soapenv:Header/>
   <soapenv:Body>
      <v1:findRepresentativeRolesByINSSRequest>
         <v1:messageContext>
         	  <v11:messageId>${=import static java.util.UUID.randomUUID; uuid = randomUUID() as String}</v11:messageId>
            <v11:timestamp>${=new java.text.SimpleDateFormat("yyyy-MM-dd'T'HH:mm:ss.SSS").format(new Date())}</v11:timestamp>
         </v1:messageContext>
         <v1:legalContext>ServiceIntegrator</v1:legalContext>
         <v1:request>
            <v1:Domain>QUAL_FED_HEALTHCARE</v1:Domain>
            <v1:INSS>86051933959</v1:INSS>
            <v1:Language>nl</v1:Language>
         </v1:request>
      </v1:findRepresentativeRolesByINSSRequest>
   </soapenv:Body>
</soapenv:Envelope>]]></con:request><con:credentials><con:selectedAuthProfile>Basic</con:selectedAuthProfile><con:addedBasicAuthenticationTypes>Basic</con:addedBasicAuthenticationTypes><con:authType>Global HTTP Settings</con:authType></con:credentials><con:jmsConfig JMSDeliveryMode="PERSISTENT"/><con:jmsPropertyConfig/><con:wsaConfig mustUnderstand="NONE" version="200508" action="http://fidus.brussels/services/accessmanagerservice/findRepresentativeRolesByINSS"/><con:wsrmConfig version="1.2"/></con:call><con:call id="e92039c4-a3f6-4ffc-a8df-68425c9ed50f" name="2 - Dev - Request - OK" outgoingWss="Outflow DEV" incomingWss="Inflow DEV"><con:settings><con:setting id="com.eviware.soapui.impl.wsdl.WsdlRequest@request-headers">&lt;xml-fragment/></con:setting></con:settings><con:encoding>UTF-8</con:encoding><con:endpoint>https://192.168.36.61:8243/services/AccessManagerService_v1.0</con:endpoint><con:request><![CDATA[<soapenv:Envelope xmlns:soapenv="http://schemas.xmlsoap.org/soap/envelope/" xmlns:v1="http://fidus.brussels/service/accessmanagerservice/messages/v1" xmlns:v11="http://fidus.brussels/type/common/messages/v1" xmlns:v3="http://socialsecurity.be/umanentityrepresentative/types/v3">
   <soapenv:Header/>
   <soapenv:Body>
      <v1:findRepresentativeRolesByINSSRequest>
         <v1:messageContext>
         	  <v11:messageId>${=import static java.util.UUID.randomUUID; uuid = randomUUID() as String}</v11:messageId>
            <v11:timestamp>${=new java.text.SimpleDateFormat("yyyy-MM-dd'T'HH:mm:ss.SSS").format(new Date())}</v11:timestamp>
         </v1:messageContext>
         <v1:legalContext>ServiceIntegrator</v1:legalContext>
         <v1:request>
            <v1:Domain>QUAL_FED_HEALTHCARE</v1:Domain>
            <v1:INSS>86051933959</v1:INSS>
            <v1:Language>nl</v1:Language>
         </v1:request>
      </v1:findRepresentativeRolesByINSSRequest>
   </soapenv:Body>
</soapenv:Envelope>]]></con:request><con:credentials><con:selectedAuthProfile>Basic</con:selectedAuthProfile><con:addedBasicAuthenticationTypes>Basic</con:addedBasicAuthenticationTypes><con:authType>Global HTTP Settings</con:authType></con:credentials><con:jmsConfig JMSDeliveryMode="PERSISTENT"/><con:jmsPropertyConfig/><con:wsaConfig mustUnderstand="NONE" version="200508" action="http://fidus.brussels/services/accessmanagerservice/findRepresentativeRolesByINSS"/><con:wsrmConfig version="1.2"/></con:call><con:call id="e08b488c-a3d5-4644-b660-6803d67f400c" name="3 - Test - LB - Request" outgoingWss="Outflow TEST" incomingWss="Inflow TEST"><con:settings><con:setting id="com.eviware.soapui.impl.wsdl.WsdlRequest@request-headers">&lt;xml-fragment/></con:setting></con:settings><con:encoding>UTF-8</con:encoding><con:endpoint>https://esb-security-gw.sta.srv.cirb.lan:8443/services/AccessManagerService_v1.0</con:endpoint><con:request><![CDATA[<soapenv:Envelope xmlns:soapenv="http://schemas.xmlsoap.org/soap/envelope/" xmlns:v1="http://fidus.brussels/service/accessmanagerservice/messages/v1" xmlns:v11="http://fidus.brussels/type/common/messages/v1" xmlns:v3="http://socialsecurity.be/umanentityrepresentative/types/v3">
   <soapenv:Header/>
   <soapenv:Body>
      <v1:findRepresentativeRolesByINSSRequest>
         <v1:messageContext>
         	  <v11:messageId>${=import static java.util.UUID.randomUUID; uuid = randomUUID() as String}</v11:messageId>
            <v11:timestamp>${=new java.text.SimpleDateFormat("yyyy-MM-dd'T'HH:mm:ss.SSS").format(new Date())}</v11:timestamp>
         </v1:messageContext>
         <v1:legalContext>ServiceIntegrator</v1:legalContext>
         <v1:request>
            <v1:Domain>QUAL_FED_HEALTHCARE</v1:Domain>
            <v1:INSS>86051933959</v1:INSS>
            <v1:Language>nl</v1:Language>
         </v1:request>
      </v1:findRepresentativeRolesByINSSRequest>
   </soapenv:Body>
</soapenv:Envelope>]]></con:request><con:credentials><con:selectedAuthProfile>Basic</con:selectedAuthProfile><con:addedBasicAuthenticationTypes>Basic</con:addedBasicAuthenticationTypes><con:authType>Global HTTP Settings</con:authType></con:credentials><con:jmsConfig JMSDeliveryMode="PERSISTENT"/><con:jmsPropertyConfig/><con:wsaConfig mustUnderstand="NONE" version="200508" action="http://fidus.brussels/services/accessmanagerservice/findRepresentativeRolesByINSS"/><con:wsrmConfig version="1.2"/></con:call><con:call id="fca0f525-9c1a-4dd8-87c8-96162553d100" name="4 - Staging - LB - Request" incomingWss="Inflow STAGING" outgoingWss="Outflow STAGING"><con:settings><con:setting id="com.eviware.soapui.impl.wsdl.WsdlRequest@request-headers">&lt;xml-fragment/></con:setting></con:settings><con:encoding>UTF-8</con:encoding><con:endpoint>https://fidus-esb-sg.sta.srv.cirb.lan:8443/services/AccessManagerService_v1.0</con:endpoint><con:request><![CDATA[<soapenv:Envelope xmlns:soapenv="http://schemas.xmlsoap.org/soap/envelope/" xmlns:v1="http://fidus.brussels/service/accessmanagerservice/messages/v1" xmlns:v11="http://fidus.brussels/type/common/messages/v1" xmlns:v3="http://socialsecurity.be/umanentityrepresentative/types/v3">
   <soapenv:Header/>
   <soapenv:Body>
      <v1:findRepresentativeRolesByINSSRequest>
         <v1:messageContext>
         	  <v11:messageId>${=import static java.util.UUID.randomUUID; uuid = randomUUID() as String}</v11:messageId>
            <v11:timestamp>${=new java.text.SimpleDateFormat("yyyy-MM-dd'T'HH:mm:ss.SSS").format(new Date())}</v11:timestamp>
         </v1:messageContext>
         <v1:legalContext>ServiceIntegrator</v1:legalContext>
         <v1:request>
            <v1:Domain>QUAL_FED_HEALTHCARE</v1:Domain>
            <v1:INSS>86051933959</v1:INSS>
            <v1:Language>nl</v1:Language>
         </v1:request>
      </v1:findRepresentativeRolesByINSSRequest>
   </soapenv:Body>
</soapenv:Envelope>]]></con:request><con:credentials><con:selectedAuthProfile>Basic</con:selectedAuthProfile><con:addedBasicAuthenticationTypes>Basic</con:addedBasicAuthenticationTypes><con:authType>Global HTTP Settings</con:authType></con:credentials><con:jmsConfig JMSDeliveryMode="PERSISTENT"/><con:jmsPropertyConfig/><con:wsaConfig mustUnderstand="NONE" version="200508" action="http://fidus.brussels/services/accessmanagerservice/findRepresentativeRolesByINSS"/><con:wsrmConfig version="1.2"/></con:call><con:call id="6041e4ee-0229-4fba-8560-6d5d50209060" name="5 - Prod - External - Request" incomingWss="Inflow PROD" outgoingWss="Outflow PROD"><con:settings><con:setting id="com.eviware.soapui.impl.wsdl.WsdlRequest@request-headers">&lt;xml-fragment/></con:setting></con:settings><con:encoding>UTF-8</con:encoding><con:endpoint>https://fidus.sec.brussels/services/AccessManagerService_v1.0</con:endpoint><con:request><![CDATA[<soapenv:Envelope xmlns:soapenv="http://schemas.xmlsoap.org/soap/envelope/" xmlns:v1="http://fidus.brussels/service/accessmanagerservice/messages/v1" xmlns:v11="http://fidus.brussels/type/common/messages/v1" xmlns:v3="http://socialsecurity.be/umanentityrepresentative/types/v3">
   <soapenv:Header/>
   <soapenv:Body>
      <v1:findRepresentativeRolesByINSSRequest>
         <v1:messageContext>
         	  <v11:messageId>${=import static java.util.UUID.randomUUID; uuid = randomUUID() as String}</v11:messageId>
            <v11:timestamp>${=new java.text.SimpleDateFormat("yyyy-MM-dd'T'HH:mm:ss.SSS").format(new Date())}</v11:timestamp>
         </v1:messageContext>
         <v1:legalContext>ServiceIntegrator</v1:legalContext>
         <v1:request>
            <v1:Domain>QUAL_FED_HEALTHCARE</v1:Domain>
            <v1:INSS>86051933959</v1:INSS>
            <v1:Language>nl</v1:Language>
         </v1:request>
      </v1:findRepresentativeRolesByINSSRequest>
   </soapenv:Body>
</soapenv:Envelope>]]></con:request><con:credentials><con:selectedAuthProfile>Basic</con:selectedAuthProfile><con:addedBasicAuthenticationTypes>Basic</con:addedBasicAuthenticationTypes><con:authType>Global HTTP Settings</con:authType></con:credentials><con:jmsConfig JMSDeliveryMode="PERSISTENT"/><con:jmsPropertyConfig/><con:wsaConfig mustUnderstand="NONE" version="200508" action="http://fidus.brussels/services/accessmanagerservice/findRepresentativeRolesByINSS"/><con:wsrmConfig version="1.2"/></con:call><con:call id="12552132-98c3-4e99-b356-b78587aabb2c" name="1 - Local - Request - Not Found" outgoingWss="Outflow DEV" incomingWss="Inflow DEV"><con:settings><con:setting id="com.eviware.soapui.impl.wsdl.WsdlRequest@request-headers">&lt;xml-fragment/></con:setting></con:settings><con:encoding>UTF-8</con:encoding><con:endpoint>https://localhost:8243/services/AccessManagerService_v1.0</con:endpoint><con:request><![CDATA[<soapenv:Envelope xmlns:soapenv="http://schemas.xmlsoap.org/soap/envelope/" xmlns:v1="http://fidus.brussels/service/accessmanagerservice/messages/v1" xmlns:v11="http://fidus.brussels/type/common/messages/v1" xmlns:v3="http://socialsecurity.be/umanentityrepresentative/types/v3">
   <soapenv:Header/>
   <soapenv:Body>
      <v1:findRepresentativeRolesByINSSRequest>
         <v1:messageContext>
         	  <v11:messageId>${=import static java.util.UUID.randomUUID; uuid = randomUUID() as String}</v11:messageId>
            <v11:timestamp>${=new java.text.SimpleDateFormat("yyyy-MM-dd'T'HH:mm:ss.SSS").format(new Date())}</v11:timestamp>
         </v1:messageContext>
         <v1:legalContext>ServiceIntegrator</v1:legalContext>
         <v1:request>
            <v1:Domain>ECONOMY</v1:Domain>
            <v1:INSS>86051933959</v1:INSS>
            <v1:Language>nl</v1:Language>
         </v1:request>
      </v1:findRepresentativeRolesByINSSRequest>
   </soapenv:Body>
</soapenv:Envelope>]]></con:request><con:credentials><con:selectedAuthProfile>Basic</con:selectedAuthProfile><con:addedBasicAuthenticationTypes>Basic</con:addedBasicAuthenticationTypes><con:authType>Global HTTP Settings</con:authType></con:credentials><con:jmsConfig JMSDeliveryMode="PERSISTENT"/><con:jmsPropertyConfig/><con:wsaConfig mustUnderstand="NONE" version="200508" action="http://fidus.brussels/services/accessmanagerservice/findRepresentativeRolesByINSS"/><con:wsrmConfig version="1.2"/></con:call><con:call id="d62c5dd8-e00b-4978-96b6-544a290ae86f" name="2 - Dev - Request - Not Found" incomingWss="Inflow DEV" outgoingWss="Outflow DEV"><con:settings><con:setting id="com.eviware.soapui.impl.wsdl.WsdlRequest@request-headers">&lt;xml-fragment/></con:setting></con:settings><con:encoding>UTF-8</con:encoding><con:endpoint>https://192.168.36.61:8243/services/AccessManagerService_v1.0</con:endpoint><con:request><![CDATA[<soapenv:Envelope xmlns:soapenv="http://schemas.xmlsoap.org/soap/envelope/" xmlns:v1="http://fidus.brussels/service/accessmanagerservice/messages/v1" xmlns:v11="http://fidus.brussels/type/common/messages/v1" xmlns:v3="http://socialsecurity.be/umanentityrepresentative/types/v3">
   <soapenv:Header/>
   <soapenv:Body>
      <v1:findRepresentativeRolesByINSSRequest>
         <v1:messageContext>
         	  <v11:messageId>${=import static java.util.UUID.randomUUID; uuid = randomUUID() as String}</v11:messageId>
            <v11:timestamp>${=new java.text.SimpleDateFormat("yyyy-MM-dd'T'HH:mm:ss.SSS").format(new Date())}</v11:timestamp>
         </v1:messageContext>
         <v1:legalContext>ServiceIntegrator</v1:legalContext>
         <v1:request>
            <v1:Domain>ECONOMY</v1:Domain>
            <v1:INSS>86051933959</v1:INSS>
            <v1:Language>nl</v1:Language>
         </v1:request>
      </v1:findRepresentativeRolesByINSSRequest>
   </soapenv:Body>
</soapenv:Envelope>]]></con:request><con:credentials><con:selectedAuthProfile>Basic</con:selectedAuthProfile><con:addedBasicAuthenticationTypes>Basic</con:addedBasicAuthenticationTypes><con:authType>Global HTTP Settings</con:authType></con:credentials><con:jmsConfig JMSDeliveryMode="PERSISTENT"/><con:jmsPropertyConfig/><con:wsaConfig mustUnderstand="NONE" version="200508" action="http://fidus.brussels/services/accessmanagerservice/findRepresentativeRolesByINSS"/><con:wsrmConfig version="1.2"/></con:call><con:call id="3b983f17-f4b6-4567-8bef-e26f0faf4a8e" name="3 - Test - Worker1 - Request" outgoingWss="Outflow TEST" incomingWss="Inflow TEST"><con:settings><con:setting id="com.eviware.soapui.impl.wsdl.WsdlRequest@request-headers">&lt;xml-fragment/></con:setting></con:settings><con:encoding>UTF-8</con:encoding><con:endpoint>https://192.168.22.53:8443/services/AccessManagerService_v1.0</con:endpoint><con:request><![CDATA[<soapenv:Envelope xmlns:soapenv="http://schemas.xmlsoap.org/soap/envelope/" xmlns:v1="http://fidus.brussels/service/accessmanagerservice/messages/v1" xmlns:v11="http://fidus.brussels/type/common/messages/v1" xmlns:v3="http://socialsecurity.be/umanentityrepresentative/types/v3">
   <soapenv:Header/>
   <soapenv:Body>
      <v1:findRepresentativeRolesByINSSRequest>
         <v1:messageContext>
         	  <v11:messageId>${=import static java.util.UUID.randomUUID; uuid = randomUUID() as String}</v11:messageId>
            <v11:timestamp>${=new java.text.SimpleDateFormat("yyyy-MM-dd'T'HH:mm:ss.SSS").format(new Date())}</v11:timestamp>
         </v1:messageContext>
         <v1:legalContext>ServiceIntegrator</v1:legalContext>
         <v1:request>
            <v1:Domain>QUAL_FED_HEALTHCARE</v1:Domain>
            <v1:INSS>86051933959</v1:INSS>
            <v1:Language>nl</v1:Language>
         </v1:request>
      </v1:findRepresentativeRolesByINSSRequest>
   </soapenv:Body>
</soapenv:Envelope>]]></con:request><con:credentials><con:selectedAuthProfile>Basic</con:selectedAuthProfile><con:addedBasicAuthenticationTypes>Basic</con:addedBasicAuthenticationTypes><con:authType>Global HTTP Settings</con:authType></con:credentials><con:jmsConfig JMSDeliveryMode="PERSISTENT"/><con:jmsPropertyConfig/><con:wsaConfig mustUnderstand="NONE" version="200508" action="http://fidus.brussels/services/accessmanagerservice/findRepresentativeRolesByINSS"/><con:wsrmConfig version="1.2"/></con:call><con:call id="cbe64a74-3187-478f-ba75-509c980e2030" name="3 - Test - Worker2 - Request" incomingWss="Inflow TEST" outgoingWss="Outflow TEST"><con:settings><con:setting id="com.eviware.soapui.impl.wsdl.WsdlRequest@request-headers">&lt;xml-fragment/></con:setting></con:settings><con:encoding>UTF-8</con:encoding><con:endpoint>https://192.168.22.54:8443/services/AccessManagerService_v1.0</con:endpoint><con:request><![CDATA[<soapenv:Envelope xmlns:soapenv="http://schemas.xmlsoap.org/soap/envelope/" xmlns:v1="http://fidus.brussels/service/accessmanagerservice/messages/v1" xmlns:v11="http://fidus.brussels/type/common/messages/v1" xmlns:v3="http://socialsecurity.be/umanentityrepresentative/types/v3">
   <soapenv:Header/>
   <soapenv:Body>
      <v1:findRepresentativeRolesByINSSRequest>
         <v1:messageContext>
         	  <v11:messageId>${=import static java.util.UUID.randomUUID; uuid = randomUUID() as String}</v11:messageId>
            <v11:timestamp>${=new java.text.SimpleDateFormat("yyyy-MM-dd'T'HH:mm:ss.SSS").format(new Date())}</v11:timestamp>
         </v1:messageContext>
         <v1:legalContext>ServiceIntegrator</v1:legalContext>
         <v1:request>
            <v1:Domain>QUAL_FED_HEALTHCARE</v1:Domain>
            <v1:INSS>86051933959</v1:INSS>
            <v1:Language>nl</v1:Language>
         </v1:request>
      </v1:findRepresentativeRolesByINSSRequest>
   </soapenv:Body>
</soapenv:Envelope>]]></con:request><con:credentials><con:selectedAuthProfile>Basic</con:selectedAuthProfile><con:addedBasicAuthenticationTypes>Basic</con:addedBasicAuthenticationTypes><con:authType>Global HTTP Settings</con:authType></con:credentials><con:jmsConfig JMSDeliveryMode="PERSISTENT"/><con:jmsPropertyConfig/><con:wsaConfig mustUnderstand="NONE" version="200508" action="http://fidus.brussels/services/accessmanagerservice/findRepresentativeRolesByINSS"/><con:wsrmConfig version="1.2"/></con:call><con:call id="35701cb0-2858-49ec-9dc7-09e9d2373d77" name="4 - Staging - Worker1 - Request" incomingWss="Inflow STAGING" outgoingWss="Outflow STAGING"><con:settings><con:setting id="com.eviware.soapui.impl.wsdl.WsdlRequest@request-headers">&lt;xml-fragment/></con:setting></con:settings><con:encoding>UTF-8</con:encoding><con:endpoint>https://192.168.24.16:8443/services/AccessManagerService_v1.0</con:endpoint><con:request><![CDATA[<soapenv:Envelope xmlns:soapenv="http://schemas.xmlsoap.org/soap/envelope/" xmlns:v1="http://fidus.brussels/service/accessmanagerservice/messages/v1" xmlns:v11="http://fidus.brussels/type/common/messages/v1" xmlns:v3="http://socialsecurity.be/umanentityrepresentative/types/v3">
   <soapenv:Header/>
   <soapenv:Body>
      <v1:findRepresentativeRolesByINSSRequest>
         <v1:messageContext>
         	  <v11:messageId>${=import static java.util.UUID.randomUUID; uuid = randomUUID() as String}</v11:messageId>
            <v11:timestamp>${=new java.text.SimpleDateFormat("yyyy-MM-dd'T'HH:mm:ss.SSS").format(new Date())}</v11:timestamp>
         </v1:messageContext>
         <v1:legalContext>ServiceIntegrator</v1:legalContext>
         <v1:request>
            <v1:Domain>QUAL_FED_HEALTHCARE</v1:Domain>
            <v1:INSS>86051933959</v1:INSS>
            <v1:Language>nl</v1:Language>
         </v1:request>
      </v1:findRepresentativeRolesByINSSRequest>
   </soapenv:Body>
</soapenv:Envelope>]]></con:request><con:credentials><con:selectedAuthProfile>Basic</con:selectedAuthProfile><con:addedBasicAuthenticationTypes>Basic</con:addedBasicAuthenticationTypes><con:authType>Global HTTP Settings</con:authType></con:credentials><con:jmsConfig JMSDeliveryMode="PERSISTENT"/><con:jmsPropertyConfig/><con:wsaConfig mustUnderstand="NONE" version="200508" action="http://fidus.brussels/services/accessmanagerservice/findRepresentativeRolesByINSS"/><con:wsrmConfig version="1.2"/></con:call><con:call id="39fb52d6-bec7-435d-a426-66383177f5d7" name="4 - Staging - Worker2 - Request" incomingWss="Inflow STAGING" outgoingWss="Outflow STAGING"><con:settings><con:setting id="com.eviware.soapui.impl.wsdl.WsdlRequest@request-headers">&lt;xml-fragment/></con:setting></con:settings><con:encoding>UTF-8</con:encoding><con:endpoint>https://192.168.24.17:8443/services/AccessManagerService_v1.0</con:endpoint><con:request><![CDATA[<soapenv:Envelope xmlns:soapenv="http://schemas.xmlsoap.org/soap/envelope/" xmlns:v1="http://fidus.brussels/service/accessmanagerservice/messages/v1" xmlns:v11="http://fidus.brussels/type/common/messages/v1" xmlns:v3="http://socialsecurity.be/umanentityrepresentative/types/v3">
   <soapenv:Header/>
   <soapenv:Body>
      <v1:findRepresentativeRolesByINSSRequest>
         <v1:messageContext>
         	  <v11:messageId>${=import static java.util.UUID.randomUUID; uuid = randomUUID() as String}</v11:messageId>
            <v11:timestamp>${=new java.text.SimpleDateFormat("yyyy-MM-dd'T'HH:mm:ss.SSS").format(new Date())}</v11:timestamp>
         </v1:messageContext>
         <v1:legalContext>ServiceIntegrator</v1:legalContext>
         <v1:request>
            <v1:Domain>QUAL_FED_HEALTHCARE</v1:Domain>
            <v1:INSS>86051933959</v1:INSS>
            <v1:Language>nl</v1:Language>
         </v1:request>
      </v1:findRepresentativeRolesByINSSRequest>
   </soapenv:Body>
</soapenv:Envelope>]]></con:request><con:credentials><con:selectedAuthProfile>Basic</con:selectedAuthProfile><con:addedBasicAuthenticationTypes>Basic</con:addedBasicAuthenticationTypes><con:authType>Global HTTP Settings</con:authType></con:credentials><con:jmsConfig JMSDeliveryMode="PERSISTENT"/><con:jmsPropertyConfig/><con:wsaConfig mustUnderstand="NONE" version="200508" action="http://fidus.brussels/services/accessmanagerservice/findRepresentativeRolesByINSS"/><con:wsrmConfig version="1.2"/></con:call><con:call id="ce74bc7a-cdf6-40cc-97b0-d3647c8acf0c" name="5 - Prod - LB - Request" incomingWss="Inflow PROD" outgoingWss="Outflow PROD"><con:settings><con:setting id="com.eviware.soapui.impl.wsdl.WsdlRequest@request-headers">&lt;xml-fragment/></con:setting></con:settings><con:encoding>UTF-8</con:encoding><con:endpoint>https://fidus-esb-sg.prd.srv.cirb.lan:8443/services/AccessManagerService_v1.0</con:endpoint><con:request><![CDATA[<soapenv:Envelope xmlns:soapenv="http://schemas.xmlsoap.org/soap/envelope/" xmlns:v1="http://fidus.brussels/service/accessmanagerservice/messages/v1" xmlns:v11="http://fidus.brussels/type/common/messages/v1" xmlns:v3="http://socialsecurity.be/umanentityrepresentative/types/v3">
   <soapenv:Header/>
   <soapenv:Body>
      <v1:findRepresentativeRolesByINSSRequest>
         <v1:messageContext>
         	  <v11:messageId>${=import static java.util.UUID.randomUUID; uuid = randomUUID() as String}</v11:messageId>
            <v11:timestamp>${=new java.text.SimpleDateFormat("yyyy-MM-dd'T'HH:mm:ss.SSS").format(new Date())}</v11:timestamp>
         </v1:messageContext>
         <v1:legalContext>ServiceIntegrator</v1:legalContext>
         <v1:request>
            <v1:Domain>QUAL_FED_HEALTHCARE</v1:Domain>
            <v1:INSS>86051933959</v1:INSS>
            <v1:Language>nl</v1:Language>
         </v1:request>
      </v1:findRepresentativeRolesByINSSRequest>
   </soapenv:Body>
</soapenv:Envelope>]]></con:request><con:credentials><con:selectedAuthProfile>Basic</con:selectedAuthProfile><con:addedBasicAuthenticationTypes>Basic</con:addedBasicAuthenticationTypes><con:authType>Global HTTP Settings</con:authType></con:credentials><con:jmsConfig JMSDeliveryMode="PERSISTENT"/><con:jmsPropertyConfig/><con:wsaConfig mustUnderstand="NONE" version="200508" action="http://fidus.brussels/services/accessmanagerservice/findRepresentativeRolesByINSS"/><con:wsrmConfig version="1.2"/></con:call><con:call id="c800e217-ef46-4e99-b9a8-b08a82e0550a" name="5 - Prod - Worker1 - Request" incomingWss="Inflow PROD" outgoingWss="Outflow PROD"><con:settings><con:setting id="com.eviware.soapui.impl.wsdl.WsdlRequest@request-headers">&lt;xml-fragment/></con:setting></con:settings><con:encoding>UTF-8</con:encoding><con:endpoint>https://192.168.26.22:8443/services/AccessManagerService_v1.0</con:endpoint><con:request><![CDATA[<soapenv:Envelope xmlns:soapenv="http://schemas.xmlsoap.org/soap/envelope/" xmlns:v1="http://fidus.brussels/service/accessmanagerservice/messages/v1" xmlns:v11="http://fidus.brussels/type/common/messages/v1" xmlns:v3="http://socialsecurity.be/umanentityrepresentative/types/v3">
   <soapenv:Header/>
   <soapenv:Body>
      <v1:findRepresentativeRolesByINSSRequest>
         <v1:messageContext>
         	  <v11:messageId>${=import static java.util.UUID.randomUUID; uuid = randomUUID() as String}</v11:messageId>
            <v11:timestamp>${=new java.text.SimpleDateFormat("yyyy-MM-dd'T'HH:mm:ss.SSS").format(new Date())}</v11:timestamp>
         </v1:messageContext>
         <v1:legalContext>ServiceIntegrator</v1:legalContext>
         <v1:request>
            <v1:Domain>QUAL_FED_HEALTHCARE</v1:Domain>
            <v1:INSS>86051933959</v1:INSS>
            <v1:Language>nl</v1:Language>
         </v1:request>
      </v1:findRepresentativeRolesByINSSRequest>
   </soapenv:Body>
</soapenv:Envelope>]]></con:request><con:credentials><con:selectedAuthProfile>Basic</con:selectedAuthProfile><con:addedBasicAuthenticationTypes>Basic</con:addedBasicAuthenticationTypes><con:authType>Global HTTP Settings</con:authType></con:credentials><con:jmsConfig JMSDeliveryMode="PERSISTENT"/><con:jmsPropertyConfig/><con:wsaConfig mustUnderstand="NONE" version="200508" action="http://fidus.brussels/services/accessmanagerservice/findRepresentativeRolesByINSS"/><con:wsrmConfig version="1.2"/></con:call><con:call id="2965a5fb-6bf7-4e9e-bd07-25fc6b201db3" name="5 - Prod - Worker2 - Request" incomingWss="Inflow PROD" outgoingWss="Outflow PROD"><con:settings><con:setting id="com.eviware.soapui.impl.wsdl.WsdlRequest@request-headers">&lt;xml-fragment/></con:setting></con:settings><con:encoding>UTF-8</con:encoding><con:endpoint>https://192.168.26.19:8443/services/AccessManagerService_v1.0</con:endpoint><con:request><![CDATA[<soapenv:Envelope xmlns:soapenv="http://schemas.xmlsoap.org/soap/envelope/" xmlns:v1="http://fidus.brussels/service/accessmanagerservice/messages/v1" xmlns:v11="http://fidus.brussels/type/common/messages/v1" xmlns:v3="http://socialsecurity.be/umanentityrepresentative/types/v3">
   <soapenv:Header/>
   <soapenv:Body>
      <v1:findRepresentativeRolesByINSSRequest>
         <v1:messageContext>
         	  <v11:messageId>${=import static java.util.UUID.randomUUID; uuid = randomUUID() as String}</v11:messageId>
            <v11:timestamp>${=new java.text.SimpleDateFormat("yyyy-MM-dd'T'HH:mm:ss.SSS").format(new Date())}</v11:timestamp>
         </v1:messageContext>
         <v1:legalContext>ServiceIntegrator</v1:legalContext>
         <v1:request>
            <v1:Domain>QUAL_FED_HEALTHCARE</v1:Domain>
            <v1:INSS>86051933959</v1:INSS>
            <v1:Language>nl</v1:Language>
         </v1:request>
      </v1:findRepresentativeRolesByINSSRequest>
   </soapenv:Body>
</soapenv:Envelope>]]></con:request><con:credentials><con:selectedAuthProfile>Basic</con:selectedAuthProfile><con:addedBasicAuthenticationTypes>Basic</con:addedBasicAuthenticationTypes><con:authType>Global HTTP Settings</con:authType></con:credentials><con:jmsConfig JMSDeliveryMode="PERSISTENT"/><con:jmsPropertyConfig/><con:wsaConfig mustUnderstand="NONE" version="200508" action="http://fidus.brussels/services/accessmanagerservice/findRepresentativeRolesByINSS"/><con:wsrmConfig version="1.2"/></con:call><con:call id="0739bda9-614c-459a-ac26-384b83515e11" name="3 - Test - Worker1New - Request" outgoingWss="Outflow TEST" incomingWss="Inflow TEST"><con:settings><con:setting id="com.eviware.soapui.impl.wsdl.WsdlRequest@request-headers">&lt;xml-fragment/></con:setting></con:settings><con:encoding>UTF-8</con:encoding><con:endpoint>https://192.168.22.73:8443/services/AccessManagerService_v1.0</con:endpoint><con:request><![CDATA[<soapenv:Envelope xmlns:soapenv="http://schemas.xmlsoap.org/soap/envelope/" xmlns:v1="http://fidus.brussels/service/accessmanagerservice/messages/v1" xmlns:v11="http://fidus.brussels/type/common/messages/v1" xmlns:v3="http://socialsecurity.be/umanentityrepresentative/types/v3">
   <soapenv:Header/>
   <soapenv:Body>
      <v1:findRepresentativeRolesByINSSRequest>
         <v1:messageContext>
         	  <v11:messageId>${=import static java.util.UUID.randomUUID; uuid = randomUUID() as String}</v11:messageId>
            <v11:timestamp>${=new java.text.SimpleDateFormat("yyyy-MM-dd'T'HH:mm:ss.SSS").format(new Date())}</v11:timestamp>
         </v1:messageContext>
         <v1:legalContext>ServiceIntegrator</v1:legalContext>
         <v1:request>
            <v1:Domain>QUAL_FED_HEALTHCARE</v1:Domain>
            <v1:INSS>86051933959</v1:INSS>
            <v1:Language>nl</v1:Language>
         </v1:request>
      </v1:findRepresentativeRolesByINSSRequest>
   </soapenv:Body>
</soapenv:Envelope>]]></con:request><con:credentials><con:selectedAuthProfile>Basic</con:selectedAuthProfile><con:addedBasicAuthenticationTypes>Basic</con:addedBasicAuthenticationTypes><con:authType>Global HTTP Settings</con:authType></con:credentials><con:jmsConfig JMSDeliveryMode="PERSISTENT"/><con:jmsPropertyConfig/><con:wsaConfig mustUnderstand="NONE" version="200508" action="http://fidus.brussels/services/accessmanagerservice/findRepresentativeRolesByINSS"/><con:wsrmConfig version="1.2"/></con:call><con:call id="fb79d755-fb23-4db8-9d5c-109fd81f9975" name="3 - Test - Worker2New - Request" outgoingWss="Outflow TEST" incomingWss="Inflow TEST"><con:settings><con:setting id="com.eviware.soapui.impl.wsdl.WsdlRequest@request-headers">&lt;xml-fragment/></con:setting></con:settings><con:encoding>UTF-8</con:encoding><con:endpoint>https://192.168.22.93:8443/services/AccessManagerService_v1.0</con:endpoint><con:request><![CDATA[<soapenv:Envelope xmlns:soapenv="http://schemas.xmlsoap.org/soap/envelope/" xmlns:v1="http://fidus.brussels/service/accessmanagerservice/messages/v1" xmlns:v11="http://fidus.brussels/type/common/messages/v1" xmlns:v3="http://socialsecurity.be/umanentityrepresentative/types/v3">
   <soapenv:Header/>
   <soapenv:Body>
      <v1:findRepresentativeRolesByINSSRequest>
         <v1:messageContext>
         	  <v11:messageId>${=import static java.util.UUID.randomUUID; uuid = randomUUID() as String}</v11:messageId>
            <v11:timestamp>${=new java.text.SimpleDateFormat("yyyy-MM-dd'T'HH:mm:ss.SSS").format(new Date())}</v11:timestamp>
         </v1:messageContext>
         <v1:legalContext>ServiceIntegrator</v1:legalContext>
         <v1:request>
            <v1:Domain>QUAL_FED_HEALTHCARE</v1:Domain>
            <v1:INSS>86051933959</v1:INSS>
            <v1:Language>nl</v1:Language>
         </v1:request>
      </v1:findRepresentativeRolesByINSSRequest>
   </soapenv:Body>
</soapenv:Envelope>]]></con:request><con:credentials><con:selectedAuthProfile>Basic</con:selectedAuthProfile><con:addedBasicAuthenticationTypes>Basic</con:addedBasicAuthenticationTypes><con:authType>Global HTTP Settings</con:authType></con:credentials><con:jmsConfig JMSDeliveryMode="PERSISTENT"/><con:jmsPropertyConfig/><con:wsaConfig mustUnderstand="NONE" version="200508" action="http://fidus.brussels/services/accessmanagerservice/findRepresentativeRolesByINSS"/><con:wsrmConfig version="1.2"/></con:call><con:call id="eaf3c3a8-f884-4a21-9610-bcaf844374c1" name="4 - Staging - Worker1New - Request" outgoingWss="Outflow STAGING" incomingWss="Inflow STAGING"><con:settings><con:setting id="com.eviware.soapui.impl.wsdl.WsdlRequest@request-headers">&lt;xml-fragment/></con:setting></con:settings><con:encoding>UTF-8</con:encoding><con:endpoint>https://192.168.23.191:8443/services/AccessManagerService_v1.0</con:endpoint><con:request><![CDATA[<soapenv:Envelope xmlns:soapenv="http://schemas.xmlsoap.org/soap/envelope/" xmlns:v1="http://fidus.brussels/service/accessmanagerservice/messages/v1" xmlns:v11="http://fidus.brussels/type/common/messages/v1" xmlns:v3="http://socialsecurity.be/umanentityrepresentative/types/v3">
   <soapenv:Header/>
   <soapenv:Body>
      <v1:findRepresentativeRolesByINSSRequest>
         <v1:messageContext>
         	  <v11:messageId>${=import static java.util.UUID.randomUUID; uuid = randomUUID() as String}</v11:messageId>
            <v11:timestamp>${=new java.text.SimpleDateFormat("yyyy-MM-dd'T'HH:mm:ss.SSS").format(new Date())}</v11:timestamp>
         </v1:messageContext>
         <v1:legalContext>ServiceIntegrator</v1:legalContext>
         <v1:request>
            <v1:Domain>QUAL_FED_HEALTHCARE</v1:Domain>
            <v1:INSS>86051933959</v1:INSS>
            <v1:Language>nl</v1:Language>
         </v1:request>
      </v1:findRepresentativeRolesByINSSRequest>
   </soapenv:Body>
</soapenv:Envelope>]]></con:request><con:credentials><con:selectedAuthProfile>Basic</con:selectedAuthProfile><con:addedBasicAuthenticationTypes>Basic</con:addedBasicAuthenticationTypes><con:authType>Global HTTP Settings</con:authType></con:credentials><con:jmsConfig JMSDeliveryMode="PERSISTENT"/><con:jmsPropertyConfig/><con:wsaConfig mustUnderstand="NONE" version="200508" action="http://fidus.brussels/services/accessmanagerservice/findRepresentativeRolesByINSS"/><con:wsrmConfig version="1.2"/></con:call><con:call id="cec5cce0-b0d7-4d3e-ae61-4fd4da60abe2" name="4 - Staging - Worker2New - Request" outgoingWss="Outflow STAGING" incomingWss="Inflow STAGING"><con:settings><con:setting id="com.eviware.soapui.impl.wsdl.WsdlRequest@request-headers">&lt;xml-fragment/></con:setting></con:settings><con:encoding>UTF-8</con:encoding><con:endpoint>https://192.168.23.198:8443/services/AccessManagerService_v1.0</con:endpoint><con:request><![CDATA[<soapenv:Envelope xmlns:soapenv="http://schemas.xmlsoap.org/soap/envelope/" xmlns:v1="http://fidus.brussels/service/accessmanagerservice/messages/v1" xmlns:v11="http://fidus.brussels/type/common/messages/v1" xmlns:v3="http://socialsecurity.be/umanentityrepresentative/types/v3">
   <soapenv:Header/>
   <soapenv:Body>
      <v1:findRepresentativeRolesByINSSRequest>
         <v1:messageContext>
         	  <v11:messageId>${=import static java.util.UUID.randomUUID; uuid = randomUUID() as String}</v11:messageId>
            <v11:timestamp>${=new java.text.SimpleDateFormat("yyyy-MM-dd'T'HH:mm:ss.SSS").format(new Date())}</v11:timestamp>
         </v1:messageContext>
         <v1:legalContext>ServiceIntegrator</v1:legalContext>
         <v1:request>
            <v1:Domain>QUAL_FED_HEALTHCARE</v1:Domain>
            <v1:INSS>86051933959</v1:INSS>
            <v1:Language>nl</v1:Language>
         </v1:request>
      </v1:findRepresentativeRolesByINSSRequest>
   </soapenv:Body>
</soapenv:Envelope>]]></con:request><con:credentials><con:selectedAuthProfile>Basic</con:selectedAuthProfile><con:addedBasicAuthenticationTypes>Basic</con:addedBasicAuthenticationTypes><con:authType>Global HTTP Settings</con:authType></con:credentials><con:jmsConfig JMSDeliveryMode="PERSISTENT"/><con:jmsPropertyConfig/><con:wsaConfig mustUnderstand="NONE" version="200508" action="http://fidus.brussels/services/accessmanagerservice/findRepresentativeRolesByINSS"/><con:wsrmConfig version="1.2"/></con:call><con:call id="ddd90897-59ea-4fa2-8336-fa81ee1abf47" name="4 - Staging - External - Request" outgoingWss="Outflow STAGING" incomingWss="Inflow STAGING"><con:settings><con:setting id="com.eviware.soapui.impl.wsdl.WsdlRequest@request-headers">&lt;xml-fragment/></con:setting></con:settings><con:encoding>UTF-8</con:encoding><con:endpoint>https://fidus.irisnetlab.be/services/AccessManagerService_v1.0</con:endpoint><con:request><![CDATA[<soapenv:Envelope xmlns:soapenv="http://schemas.xmlsoap.org/soap/envelope/" xmlns:v1="http://fidus.brussels/service/accessmanagerservice/messages/v1" xmlns:v11="http://fidus.brussels/type/common/messages/v1" xmlns:v3="http://socialsecurity.be/umanentityrepresentative/types/v3">
   <soapenv:Header/>
   <soapenv:Body>
      <v1:findRepresentativeRolesByINSSRequest>
         <v1:messageContext>
         	  <v11:messageId>${=import static java.util.UUID.randomUUID; uuid = randomUUID() as String}</v11:messageId>
            <v11:timestamp>${=new java.text.SimpleDateFormat("yyyy-MM-dd'T'HH:mm:ss.SSS").format(new Date())}</v11:timestamp>
         </v1:messageContext>
         <v1:legalContext>ServiceIntegrator</v1:legalContext>
         <v1:request>
            <v1:Domain>QUAL_FED_HEALTHCARE</v1:Domain>
            <v1:INSS>86051933959</v1:INSS>
            <v1:Language>nl</v1:Language>
         </v1:request>
      </v1:findRepresentativeRolesByINSSRequest>
   </soapenv:Body>
</soapenv:Envelope>]]></con:request><con:credentials><con:selectedAuthProfile>Basic</con:selectedAuthProfile><con:addedBasicAuthenticationTypes>Basic</con:addedBasicAuthenticationTypes><con:authType>Global HTTP Settings</con:authType></con:credentials><con:jmsConfig JMSDeliveryMode="PERSISTENT"/><con:jmsPropertyConfig/><con:wsaConfig mustUnderstand="NONE" version="200508" action="http://fidus.brussels/services/accessmanagerservice/findRepresentativeRolesByINSS"/><con:wsrmConfig version="1.2"/></con:call><con:call id="4b6fbd22-c99d-434f-b999-7568c2ae49c2" name="3 - Test - External - Request" outgoingWss="Outflow TEST" incomingWss="Inflow TEST"><con:settings><con:setting id="com.eviware.soapui.impl.wsdl.WsdlRequest@request-headers">&lt;xml-fragment/></con:setting></con:settings><con:encoding>UTF-8</con:encoding><con:endpoint>https://fidus-test.irisnetlab.be/services/AccessManagerService_v1.0</con:endpoint><con:request><![CDATA[<soapenv:Envelope xmlns:soapenv="http://schemas.xmlsoap.org/soap/envelope/" xmlns:v1="http://fidus.brussels/service/accessmanagerservice/messages/v1" xmlns:v11="http://fidus.brussels/type/common/messages/v1" xmlns:v3="http://socialsecurity.be/umanentityrepresentative/types/v3">
   <soapenv:Header/>
   <soapenv:Body>
      <v1:findRepresentativeRolesByINSSRequest>
         <v1:messageContext>
         	  <v11:messageId>${=import static java.util.UUID.randomUUID; uuid = randomUUID() as String}</v11:messageId>
            <v11:timestamp>${=new java.text.SimpleDateFormat("yyyy-MM-dd'T'HH:mm:ss.SSS").format(new Date())}</v11:timestamp>
         </v1:messageContext>
         <v1:legalContext>ServiceIntegrator</v1:legalContext>
         <v1:request>
            <v1:Domain>QUAL_FED_HEALTHCARE</v1:Domain>
            <v1:INSS>86051933959</v1:INSS>
            <v1:Language>nl</v1:Language>
         </v1:request>
      </v1:findRepresentativeRolesByINSSRequest>
   </soapenv:Body>
</soapenv:Envelope>]]></con:request><con:credentials><con:selectedAuthProfile>Basic</con:selectedAuthProfile><con:addedBasicAuthenticationTypes>Basic</con:addedBasicAuthenticationTypes><con:authType>Global HTTP Settings</con:authType></con:credentials><con:jmsConfig JMSDeliveryMode="PERSISTENT"/><con:jmsPropertyConfig/><con:wsaConfig mustUnderstand="NONE" version="200508" action="http://fidus.brussels/services/accessmanagerservice/findRepresentativeRolesByINSS"/><con:wsrmConfig version="1.2"/></con:call></con:operation><con:operation id="afcad64e-a1e0-482a-969f-892b627e7b0c" isOneWay="false" action="http://fidus.brussels/services/accessmanagerservice/getDomain" name="getDomain" bindingOperationName="getDomain" type="Request-Response" inputName="" receivesAttachments="false" sendsAttachments="false" anonymous="optional"><con:settings/><con:call id="0f12defc-3948-46ab-a16f-44f66b4a715c" name="1 - Local - Request - OK" outgoingWss="Outflow DEV" incomingWss="Inflow DEV"><con:settings><con:setting id="com.eviware.soapui.impl.wsdl.WsdlRequest@request-headers">&lt;xml-fragment/></con:setting></con:settings><con:encoding>UTF-8</con:encoding><con:endpoint>https://localhost:8243/services/AccessManagerService_v1.0</con:endpoint><con:request><![CDATA[<soapenv:Envelope xmlns:soapenv="http://schemas.xmlsoap.org/soap/envelope/" xmlns:v1="http://fidus.brussels/service/accessmanagerservice/messages/v1" xmlns:v11="http://fidus.brussels/type/common/messages/v1" >
   <soapenv:Header/>
   <soapenv:Body>
      <v1:getDomainRequest>
         <v1:messageContext>
         	  <v11:messageId>${=import static java.util.UUID.randomUUID; uuid = randomUUID() as String}</v11:messageId>
            <v11:timestamp>${=new java.text.SimpleDateFormat("yyyy-MM-dd'T'HH:mm:ss.SSS").format(new Date())}</v11:timestamp>
         </v1:messageContext>
         <v1:legalContext>ServiceIntegrator</v1:legalContext>
         <v1:request>
         	  <v1:Domain>FINANCE</v1:Domain>
            <v1:Language>fr</v1:Language>
         </v1:request>
      </v1:getDomainRequest>
   </soapenv:Body>
</soapenv:Envelope>]]></con:request><con:credentials><con:selectedAuthProfile>Basic</con:selectedAuthProfile><con:addedBasicAuthenticationTypes>Basic</con:addedBasicAuthenticationTypes><con:authType>Global HTTP Settings</con:authType></con:credentials><con:jmsConfig JMSDeliveryMode="PERSISTENT"/><con:jmsPropertyConfig/><con:wsaConfig mustUnderstand="NONE" version="200508" action="http://fidus.brussels/services/accessmanagerservice/getDomain"/><con:wsrmConfig version="1.2"/></con:call><con:call id="162a7cfc-6c78-4326-bf6e-2d5603ead13f" name="3 - Test - LB - Request" outgoingWss="Outflow TEST" incomingWss="Inflow TEST"><con:settings><con:setting id="com.eviware.soapui.impl.wsdl.WsdlRequest@request-headers">&lt;xml-fragment/></con:setting></con:settings><con:encoding>UTF-8</con:encoding><con:endpoint>https://esb-security-gw.sta.srv.cirb.lan:8443/services/AccessManagerService_v1.0</con:endpoint><con:request><![CDATA[<soapenv:Envelope xmlns:soapenv="http://schemas.xmlsoap.org/soap/envelope/" xmlns:v1="http://fidus.brussels/service/accessmanagerservice/messages/v1" xmlns:v11="http://fidus.brussels/type/common/messages/v1" >
   <soapenv:Header/>
   <soapenv:Body>
      <v1:getDomainRequest>
         <v1:messageContext>
         	  <v11:messageId>${=import static java.util.UUID.randomUUID; uuid = randomUUID() as String}</v11:messageId>
            <v11:timestamp>${=new java.text.SimpleDateFormat("yyyy-MM-dd'T'HH:mm:ss.SSS").format(new Date())}</v11:timestamp>
         </v1:messageContext>
         <v1:legalContext>ServiceIntegrator</v1:legalContext>
         <v1:request>
         	  <v1:Domain>FINANCE</v1:Domain>
            <v1:Language>fr</v1:Language>
         </v1:request>
      </v1:getDomainRequest>
   </soapenv:Body>
</soapenv:Envelope>]]></con:request><con:credentials><con:selectedAuthProfile>Basic</con:selectedAuthProfile><con:addedBasicAuthenticationTypes>Basic</con:addedBasicAuthenticationTypes><con:authType>Global HTTP Settings</con:authType></con:credentials><con:jmsConfig JMSDeliveryMode="PERSISTENT"/><con:jmsPropertyConfig/><con:wsaConfig mustUnderstand="NONE" version="200508" action="http://fidus.brussels/services/accessmanagerservice/getDomain"/><con:wsrmConfig version="1.2"/></con:call><con:call id="dceea48e-a87f-4e17-9363-a428664cf44e" name="4 - Staging - LB - Request" incomingWss="Inflow STAGING" outgoingWss="Outflow STAGING"><con:settings><con:setting id="com.eviware.soapui.impl.wsdl.WsdlRequest@request-headers">&lt;xml-fragment/></con:setting></con:settings><con:encoding>UTF-8</con:encoding><con:endpoint>https://fidus-esb-sg.sta.srv.cirb.lan:8443/services/AccessManagerService_v1.0</con:endpoint><con:request><![CDATA[<soapenv:Envelope xmlns:soapenv="http://schemas.xmlsoap.org/soap/envelope/" xmlns:v1="http://fidus.brussels/service/accessmanagerservice/messages/v1" xmlns:v11="http://fidus.brussels/type/common/messages/v1" >
   <soapenv:Header/>
   <soapenv:Body>
      <v1:getDomainRequest>
         <v1:messageContext>
         	  <v11:messageId>${=import static java.util.UUID.randomUUID; uuid = randomUUID() as String}</v11:messageId>
            <v11:timestamp>${=new java.text.SimpleDateFormat("yyyy-MM-dd'T'HH:mm:ss.SSS").format(new Date())}</v11:timestamp>
         </v1:messageContext>
         <v1:legalContext>ServiceIntegrator</v1:legalContext>
         <v1:request>
         	  <v1:Domain>FINANCE</v1:Domain>
            <v1:Language>fr</v1:Language>
         </v1:request>
      </v1:getDomainRequest>
   </soapenv:Body>
</soapenv:Envelope>]]></con:request><con:credentials><con:selectedAuthProfile>Basic</con:selectedAuthProfile><con:addedBasicAuthenticationTypes>Basic</con:addedBasicAuthenticationTypes><con:authType>Global HTTP Settings</con:authType></con:credentials><con:jmsConfig JMSDeliveryMode="PERSISTENT"/><con:jmsPropertyConfig/><con:wsaConfig mustUnderstand="NONE" version="200508" action="http://fidus.brussels/services/accessmanagerservice/getDomain"/><con:wsrmConfig version="1.2"/></con:call><con:call id="001cf2dc-2ec2-4409-a5db-4ef90200d5d6" name="2 - Dev - Request - OK" outgoingWss="Outflow DEV" incomingWss="Inflow DEV"><con:settings><con:setting id="com.eviware.soapui.impl.wsdl.WsdlRequest@request-headers">&lt;xml-fragment/></con:setting></con:settings><con:encoding>UTF-8</con:encoding><con:endpoint>https://192.168.36.61:8243/services/AccessManagerService_v1.0</con:endpoint><con:request><![CDATA[<soapenv:Envelope xmlns:soapenv="http://schemas.xmlsoap.org/soap/envelope/" xmlns:v1="http://fidus.brussels/service/accessmanagerservice/messages/v1" xmlns:v11="http://fidus.brussels/type/common/messages/v1" >
   <soapenv:Header/>
   <soapenv:Body>
      <v1:getDomainRequest>
         <v1:messageContext>
         	  <v11:messageId>${=import static java.util.UUID.randomUUID; uuid = randomUUID() as String}</v11:messageId>
            <v11:timestamp>${=new java.text.SimpleDateFormat("yyyy-MM-dd'T'HH:mm:ss.SSS").format(new Date())}</v11:timestamp>
         </v1:messageContext>
         <v1:legalContext>ServiceIntegrator</v1:legalContext>
         <v1:request>
         	  <v1:Domain>FINANCE</v1:Domain>
            <v1:Language>fr</v1:Language>
         </v1:request>
      </v1:getDomainRequest>
   </soapenv:Body>
</soapenv:Envelope>]]></con:request><con:credentials><con:selectedAuthProfile>Basic</con:selectedAuthProfile><con:addedBasicAuthenticationTypes>Basic</con:addedBasicAuthenticationTypes><con:authType>Global HTTP Settings</con:authType></con:credentials><con:jmsConfig JMSDeliveryMode="PERSISTENT"/><con:jmsPropertyConfig/><con:wsaConfig mustUnderstand="NONE" version="200508" action="http://fidus.brussels/services/accessmanagerservice/getDomain"/><con:wsrmConfig version="1.2"/></con:call><con:call id="fd82976b-792d-4ca5-a0aa-3b38caa69e8e" name="5 - Prod - External - Request" incomingWss="Inflow PROD" outgoingWss="Outflow PROD"><con:settings><con:setting id="com.eviware.soapui.impl.wsdl.WsdlRequest@request-headers">&lt;xml-fragment/></con:setting></con:settings><con:encoding>UTF-8</con:encoding><con:endpoint>https://fidus.sec.brussels/services/AccessManagerService_v1.0</con:endpoint><con:request><![CDATA[<soapenv:Envelope xmlns:soapenv="http://schemas.xmlsoap.org/soap/envelope/" xmlns:v1="http://fidus.brussels/service/accessmanagerservice/messages/v1" xmlns:v11="http://fidus.brussels/type/common/messages/v1" >
   <soapenv:Header/>
   <soapenv:Body>
      <v1:getDomainRequest>
         <v1:messageContext>
         	  <v11:messageId>${=import static java.util.UUID.randomUUID; uuid = randomUUID() as String}</v11:messageId>
            <v11:timestamp>${=new java.text.SimpleDateFormat("yyyy-MM-dd'T'HH:mm:ss.SSS").format(new Date())}</v11:timestamp>
         </v1:messageContext>
         <v1:legalContext>ServiceIntegrator</v1:legalContext>
         <v1:request>
         	  <v1:Domain>FINANCE</v1:Domain>
            <v1:Language>fr</v1:Language>
         </v1:request>
      </v1:getDomainRequest>
   </soapenv:Body>
</soapenv:Envelope>]]></con:request><con:credentials><con:selectedAuthProfile>Basic</con:selectedAuthProfile><con:addedBasicAuthenticationTypes>Basic</con:addedBasicAuthenticationTypes><con:authType>Global HTTP Settings</con:authType></con:credentials><con:jmsConfig JMSDeliveryMode="PERSISTENT"/><con:jmsPropertyConfig/><con:wsaConfig mustUnderstand="NONE" version="200508" action="http://fidus.brussels/services/accessmanagerservice/getDomain"/><con:wsrmConfig version="1.2"/></con:call><con:call id="ab1a65e5-cfb5-45fd-bfe7-2973f0b1b54a" name="1 - Local - Request - Not Found" incomingWss="Inflow DEV" outgoingWss="Outflow DEV"><con:settings><con:setting id="com.eviware.soapui.impl.wsdl.WsdlRequest@request-headers">&lt;xml-fragment/></con:setting></con:settings><con:encoding>UTF-8</con:encoding><con:endpoint>https://localhost:8243/services/AccessManagerService_v1.0</con:endpoint><con:request><![CDATA[<soapenv:Envelope xmlns:soapenv="http://schemas.xmlsoap.org/soap/envelope/" xmlns:v1="http://fidus.brussels/service/accessmanagerservice/messages/v1" xmlns:v11="http://fidus.brussels/type/common/messages/v1" >
   <soapenv:Header/>
   <soapenv:Body>
      <v1:getDomainRequest>
         <v1:messageContext>
         	  <v11:messageId>${=import static java.util.UUID.randomUUID; uuid = randomUUID() as String}</v11:messageId>
            <v11:timestamp>${=new java.text.SimpleDateFormat("yyyy-MM-dd'T'HH:mm:ss.SSS").format(new Date())}</v11:timestamp>
         </v1:messageContext>
         <v1:legalContext>ServiceIntegrator</v1:legalContext>
         <v1:request>
         	  <v1:Domain>ECOLOGY</v1:Domain>
            <v1:Language>fr</v1:Language>
         </v1:request>
      </v1:getDomainRequest>
   </soapenv:Body>
</soapenv:Envelope>]]></con:request><con:credentials><con:selectedAuthProfile>Basic</con:selectedAuthProfile><con:addedBasicAuthenticationTypes>Basic</con:addedBasicAuthenticationTypes><con:authType>Global HTTP Settings</con:authType></con:credentials><con:jmsConfig JMSDeliveryMode="PERSISTENT"/><con:jmsPropertyConfig/><con:wsaConfig mustUnderstand="NONE" version="200508" action="http://fidus.brussels/services/accessmanagerservice/getDomain"/><con:wsrmConfig version="1.2"/></con:call><con:call id="21579883-94a8-40eb-92c3-c51dc907e1c5" name="2 - Dev - Request - Not Found" incomingWss="Inflow DEV" outgoingWss="Outflow DEV"><con:settings><con:setting id="com.eviware.soapui.impl.wsdl.WsdlRequest@request-headers">&lt;xml-fragment/></con:setting></con:settings><con:encoding>UTF-8</con:encoding><con:endpoint>https://192.168.36.61:8243/services/AccessManagerService_v1.0</con:endpoint><con:request><![CDATA[<soapenv:Envelope xmlns:soapenv="http://schemas.xmlsoap.org/soap/envelope/" xmlns:v1="http://fidus.brussels/service/accessmanagerservice/messages/v1" xmlns:v11="http://fidus.brussels/type/common/messages/v1" >
   <soapenv:Header/>
   <soapenv:Body>
      <v1:getDomainRequest>
         <v1:messageContext>
         	  <v11:messageId>${=import static java.util.UUID.randomUUID; uuid = randomUUID() as String}</v11:messageId>
            <v11:timestamp>${=new java.text.SimpleDateFormat("yyyy-MM-dd'T'HH:mm:ss.SSS").format(new Date())}</v11:timestamp>
         </v1:messageContext>
         <v1:legalContext>ServiceIntegrator</v1:legalContext>
         <v1:request>
         	  <v1:Domain>ECOLOGY</v1:Domain>
            <v1:Language>fr</v1:Language>
         </v1:request>
      </v1:getDomainRequest>
   </soapenv:Body>
</soapenv:Envelope>]]></con:request><con:credentials><con:selectedAuthProfile>Basic</con:selectedAuthProfile><con:addedBasicAuthenticationTypes>Basic</con:addedBasicAuthenticationTypes><con:authType>Global HTTP Settings</con:authType></con:credentials><con:jmsConfig JMSDeliveryMode="PERSISTENT"/><con:jmsPropertyConfig/><con:wsaConfig mustUnderstand="NONE" version="200508" action="http://fidus.brussels/services/accessmanagerservice/getDomain"/><con:wsrmConfig version="1.2"/></con:call><con:call id="89f2e7a2-5b2c-42f0-b173-5923c915539a" name="3 - Test - Worker1 - Request" outgoingWss="Outflow TEST" incomingWss="Inflow TEST"><con:settings><con:setting id="com.eviware.soapui.impl.wsdl.WsdlRequest@request-headers">&lt;xml-fragment/></con:setting></con:settings><con:encoding>UTF-8</con:encoding><con:endpoint>https://192.168.22.53:8443/services/AccessManagerService_v1.0</con:endpoint><con:request><![CDATA[<soapenv:Envelope xmlns:soapenv="http://schemas.xmlsoap.org/soap/envelope/" xmlns:v1="http://fidus.brussels/service/accessmanagerservice/messages/v1" xmlns:v11="http://fidus.brussels/type/common/messages/v1" >
   <soapenv:Header/>
   <soapenv:Body>
      <v1:getDomainRequest>
         <v1:messageContext>
         	  <v11:messageId>${=import static java.util.UUID.randomUUID; uuid = randomUUID() as String}</v11:messageId>
            <v11:timestamp>${=new java.text.SimpleDateFormat("yyyy-MM-dd'T'HH:mm:ss.SSS").format(new Date())}</v11:timestamp>
         </v1:messageContext>
         <v1:legalContext>ServiceIntegrator</v1:legalContext>
         <v1:request>
         	  <v1:Domain>FINANCE</v1:Domain>
            <v1:Language>fr</v1:Language>
         </v1:request>
      </v1:getDomainRequest>
   </soapenv:Body>
</soapenv:Envelope>]]></con:request><con:credentials><con:selectedAuthProfile>Basic</con:selectedAuthProfile><con:addedBasicAuthenticationTypes>Basic</con:addedBasicAuthenticationTypes><con:authType>Global HTTP Settings</con:authType></con:credentials><con:jmsConfig JMSDeliveryMode="PERSISTENT"/><con:jmsPropertyConfig/><con:wsaConfig mustUnderstand="NONE" version="200508" action="http://fidus.brussels/services/accessmanagerservice/getDomain"/><con:wsrmConfig version="1.2"/></con:call><con:call id="7bd6e7e5-47a9-430b-91c1-0a22d40e70d4" name="3 - Test - Worker2 - Request" outgoingWss="Outflow TEST" incomingWss="Inflow TEST"><con:settings><con:setting id="com.eviware.soapui.impl.wsdl.WsdlRequest@request-headers">&lt;xml-fragment/></con:setting></con:settings><con:encoding>UTF-8</con:encoding><con:endpoint>https://192.168.22.54:8443/services/AccessManagerService_v1.0</con:endpoint><con:request><![CDATA[<soapenv:Envelope xmlns:soapenv="http://schemas.xmlsoap.org/soap/envelope/" xmlns:v1="http://fidus.brussels/service/accessmanagerservice/messages/v1" xmlns:v11="http://fidus.brussels/type/common/messages/v1" >
   <soapenv:Header/>
   <soapenv:Body>
      <v1:getDomainRequest>
         <v1:messageContext>
         	  <v11:messageId>${=import static java.util.UUID.randomUUID; uuid = randomUUID() as String}</v11:messageId>
            <v11:timestamp>${=new java.text.SimpleDateFormat("yyyy-MM-dd'T'HH:mm:ss.SSS").format(new Date())}</v11:timestamp>
         </v1:messageContext>
         <v1:legalContext>ServiceIntegrator</v1:legalContext>
         <v1:request>
         	  <v1:Domain>FINANCE</v1:Domain>
            <v1:Language>fr</v1:Language>
         </v1:request>
      </v1:getDomainRequest>
   </soapenv:Body>
</soapenv:Envelope>]]></con:request><con:credentials><con:selectedAuthProfile>Basic</con:selectedAuthProfile><con:addedBasicAuthenticationTypes>Basic</con:addedBasicAuthenticationTypes><con:authType>Global HTTP Settings</con:authType></con:credentials><con:jmsConfig JMSDeliveryMode="PERSISTENT"/><con:jmsPropertyConfig/><con:wsaConfig mustUnderstand="NONE" version="200508" action="http://fidus.brussels/services/accessmanagerservice/getDomain"/><con:wsrmConfig version="1.2"/></con:call><con:call id="35eb26a3-7ca2-4f97-87cc-27f111258f46" name="4 - Staging - Worker1 - Request" incomingWss="Inflow STAGING" outgoingWss="Outflow STAGING"><con:settings><con:setting id="com.eviware.soapui.impl.wsdl.WsdlRequest@request-headers">&lt;xml-fragment/></con:setting></con:settings><con:encoding>UTF-8</con:encoding><con:endpoint>https://192.168.24.16:8443/services/AccessManagerService_v1.0</con:endpoint><con:request><![CDATA[<soapenv:Envelope xmlns:soapenv="http://schemas.xmlsoap.org/soap/envelope/" xmlns:v1="http://fidus.brussels/service/accessmanagerservice/messages/v1" xmlns:v11="http://fidus.brussels/type/common/messages/v1" >
   <soapenv:Header/>
   <soapenv:Body>
      <v1:getDomainRequest>
         <v1:messageContext>
         	  <v11:messageId>${=import static java.util.UUID.randomUUID; uuid = randomUUID() as String}</v11:messageId>
            <v11:timestamp>${=new java.text.SimpleDateFormat("yyyy-MM-dd'T'HH:mm:ss.SSS").format(new Date())}</v11:timestamp>
         </v1:messageContext>
         <v1:legalContext>ServiceIntegrator</v1:legalContext>
         <v1:request>
         	  <v1:Domain>FINANCE</v1:Domain>
            <v1:Language>fr</v1:Language>
         </v1:request>
      </v1:getDomainRequest>
   </soapenv:Body>
</soapenv:Envelope>]]></con:request><con:credentials><con:selectedAuthProfile>Basic</con:selectedAuthProfile><con:addedBasicAuthenticationTypes>Basic</con:addedBasicAuthenticationTypes><con:authType>Global HTTP Settings</con:authType></con:credentials><con:jmsConfig JMSDeliveryMode="PERSISTENT"/><con:jmsPropertyConfig/><con:wsaConfig mustUnderstand="NONE" version="200508" action="http://fidus.brussels/services/accessmanagerservice/getDomain"/><con:wsrmConfig version="1.2"/></con:call><con:call id="1c96a159-0bf2-410e-8c4c-dcb643dc02ba" name="4 - Staging - Worker2 - Request" incomingWss="Inflow STAGING" outgoingWss="Outflow STAGING"><con:settings><con:setting id="com.eviware.soapui.impl.wsdl.WsdlRequest@request-headers">&lt;xml-fragment/></con:setting></con:settings><con:encoding>UTF-8</con:encoding><con:endpoint>https://192.168.24.17:8443/services/AccessManagerService_v1.0</con:endpoint><con:request><![CDATA[<soapenv:Envelope xmlns:soapenv="http://schemas.xmlsoap.org/soap/envelope/" xmlns:v1="http://fidus.brussels/service/accessmanagerservice/messages/v1" xmlns:v11="http://fidus.brussels/type/common/messages/v1" >
   <soapenv:Header/>
   <soapenv:Body>
      <v1:getDomainRequest>
         <v1:messageContext>
         	  <v11:messageId>${=import static java.util.UUID.randomUUID; uuid = randomUUID() as String}</v11:messageId>
            <v11:timestamp>${=new java.text.SimpleDateFormat("yyyy-MM-dd'T'HH:mm:ss.SSS").format(new Date())}</v11:timestamp>
         </v1:messageContext>
         <v1:legalContext>ServiceIntegrator</v1:legalContext>
         <v1:request>
         	  <v1:Domain>FINANCE</v1:Domain>
            <v1:Language>fr</v1:Language>
         </v1:request>
      </v1:getDomainRequest>
   </soapenv:Body>
</soapenv:Envelope>]]></con:request><con:credentials><con:selectedAuthProfile>Basic</con:selectedAuthProfile><con:addedBasicAuthenticationTypes>Basic</con:addedBasicAuthenticationTypes><con:authType>Global HTTP Settings</con:authType></con:credentials><con:jmsConfig JMSDeliveryMode="PERSISTENT"/><con:jmsPropertyConfig/><con:wsaConfig mustUnderstand="NONE" version="200508" action="http://fidus.brussels/services/accessmanagerservice/getDomain"/><con:wsrmConfig version="1.2"/></con:call><con:call id="37e20322-b450-4958-bbaa-24de1819f51f" name="5 - Prod - LB - Request" incomingWss="Inflow PROD" outgoingWss="Outflow PROD"><con:settings><con:setting id="com.eviware.soapui.impl.wsdl.WsdlRequest@request-headers">&lt;xml-fragment/></con:setting></con:settings><con:encoding>UTF-8</con:encoding><con:endpoint>https://fidus-esb-sg.prd.srv.cirb.lan:8443/services/AccessManagerService_v1.0</con:endpoint><con:request><![CDATA[<soapenv:Envelope xmlns:soapenv="http://schemas.xmlsoap.org/soap/envelope/" xmlns:v1="http://fidus.brussels/service/accessmanagerservice/messages/v1" xmlns:v11="http://fidus.brussels/type/common/messages/v1" >
   <soapenv:Header/>
   <soapenv:Body>
      <v1:getDomainRequest>
         <v1:messageContext>
         	  <v11:messageId>${=import static java.util.UUID.randomUUID; uuid = randomUUID() as String}</v11:messageId>
            <v11:timestamp>${=new java.text.SimpleDateFormat("yyyy-MM-dd'T'HH:mm:ss.SSS").format(new Date())}</v11:timestamp>
         </v1:messageContext>
         <v1:legalContext>ServiceIntegrator</v1:legalContext>
         <v1:request>
         	  <v1:Domain>FINANCE</v1:Domain>
            <v1:Language>fr</v1:Language>
         </v1:request>
      </v1:getDomainRequest>
   </soapenv:Body>
</soapenv:Envelope>]]></con:request><con:credentials><con:selectedAuthProfile>Basic</con:selectedAuthProfile><con:addedBasicAuthenticationTypes>Basic</con:addedBasicAuthenticationTypes><con:authType>Global HTTP Settings</con:authType></con:credentials><con:jmsConfig JMSDeliveryMode="PERSISTENT"/><con:jmsPropertyConfig/><con:wsaConfig mustUnderstand="NONE" version="200508" action="http://fidus.brussels/services/accessmanagerservice/getDomain"/><con:wsrmConfig version="1.2"/></con:call><con:call id="35c05f2f-71c9-42ab-9302-0293ddf7dcc1" name="5 - Prod - Worker1 - Request" incomingWss="Inflow PROD" outgoingWss="Outflow PROD"><con:settings><con:setting id="com.eviware.soapui.impl.wsdl.WsdlRequest@request-headers">&lt;xml-fragment/></con:setting></con:settings><con:encoding>UTF-8</con:encoding><con:endpoint>https://192.168.26.22:8443/services/AccessManagerService_v1.0</con:endpoint><con:request><![CDATA[<soapenv:Envelope xmlns:soapenv="http://schemas.xmlsoap.org/soap/envelope/" xmlns:v1="http://fidus.brussels/service/accessmanagerservice/messages/v1" xmlns:v11="http://fidus.brussels/type/common/messages/v1" >
   <soapenv:Header/>
   <soapenv:Body>
      <v1:getDomainRequest>
         <v1:messageContext>
         	  <v11:messageId>${=import static java.util.UUID.randomUUID; uuid = randomUUID() as String}</v11:messageId>
            <v11:timestamp>${=new java.text.SimpleDateFormat("yyyy-MM-dd'T'HH:mm:ss.SSS").format(new Date())}</v11:timestamp>
         </v1:messageContext>
         <v1:legalContext>ServiceIntegrator</v1:legalContext>
         <v1:request>
         	  <v1:Domain>FINANCE</v1:Domain>
            <v1:Language>fr</v1:Language>
         </v1:request>
      </v1:getDomainRequest>
   </soapenv:Body>
</soapenv:Envelope>]]></con:request><con:credentials><con:selectedAuthProfile>Basic</con:selectedAuthProfile><con:addedBasicAuthenticationTypes>Basic</con:addedBasicAuthenticationTypes><con:authType>Global HTTP Settings</con:authType></con:credentials><con:jmsConfig JMSDeliveryMode="PERSISTENT"/><con:jmsPropertyConfig/><con:wsaConfig mustUnderstand="NONE" version="200508" action="http://fidus.brussels/services/accessmanagerservice/getDomain"/><con:wsrmConfig version="1.2"/></con:call><con:call id="49868844-6257-4d3e-bf80-b9ebd1d42fd8" name="5 - Prod - Worker2 - Request" incomingWss="Inflow PROD" outgoingWss="Outflow PROD"><con:settings><con:setting id="com.eviware.soapui.impl.wsdl.WsdlRequest@request-headers">&lt;xml-fragment/></con:setting></con:settings><con:encoding>UTF-8</con:encoding><con:endpoint>https://192.168.26.19:8443/services/AccessManagerService_v1.0</con:endpoint><con:request><![CDATA[<soapenv:Envelope xmlns:soapenv="http://schemas.xmlsoap.org/soap/envelope/" xmlns:v1="http://fidus.brussels/service/accessmanagerservice/messages/v1" xmlns:v11="http://fidus.brussels/type/common/messages/v1" >
   <soapenv:Header/>
   <soapenv:Body>
      <v1:getDomainRequest>
         <v1:messageContext>
         	  <v11:messageId>${=import static java.util.UUID.randomUUID; uuid = randomUUID() as String}</v11:messageId>
            <v11:timestamp>${=new java.text.SimpleDateFormat("yyyy-MM-dd'T'HH:mm:ss.SSS").format(new Date())}</v11:timestamp>
         </v1:messageContext>
         <v1:legalContext>ServiceIntegrator</v1:legalContext>
         <v1:request>
         	  <v1:Domain>FINANCE</v1:Domain>
            <v1:Language>fr</v1:Language>
         </v1:request>
      </v1:getDomainRequest>
   </soapenv:Body>
</soapenv:Envelope>]]></con:request><con:credentials><con:selectedAuthProfile>Basic</con:selectedAuthProfile><con:addedBasicAuthenticationTypes>Basic</con:addedBasicAuthenticationTypes><con:authType>Global HTTP Settings</con:authType></con:credentials><con:jmsConfig JMSDeliveryMode="PERSISTENT"/><con:jmsPropertyConfig/><con:wsaConfig mustUnderstand="NONE" version="200508" action="http://fidus.brussels/services/accessmanagerservice/getDomain"/><con:wsrmConfig version="1.2"/></con:call><con:call id="dd1e2fd3-1cae-4404-89e1-d602663a7f5f" name="3 - Test - Worker1New - Request" outgoingWss="Outflow TEST" incomingWss="Inflow TEST"><con:settings><con:setting id="com.eviware.soapui.impl.wsdl.WsdlRequest@request-headers">&lt;xml-fragment/></con:setting></con:settings><con:encoding>UTF-8</con:encoding><con:endpoint>https://192.168.22.73:8443/services/AccessManagerService_v1.0</con:endpoint><con:request><![CDATA[<soapenv:Envelope xmlns:soapenv="http://schemas.xmlsoap.org/soap/envelope/" xmlns:v1="http://fidus.brussels/service/accessmanagerservice/messages/v1" xmlns:v11="http://fidus.brussels/type/common/messages/v1" >
   <soapenv:Header/>
   <soapenv:Body>
      <v1:getDomainRequest>
         <v1:messageContext>
         	  <v11:messageId>${=import static java.util.UUID.randomUUID; uuid = randomUUID() as String}</v11:messageId>
            <v11:timestamp>${=new java.text.SimpleDateFormat("yyyy-MM-dd'T'HH:mm:ss.SSS").format(new Date())}</v11:timestamp>
         </v1:messageContext>
         <v1:legalContext>ServiceIntegrator</v1:legalContext>
         <v1:request>
         	  <v1:Domain>FINANCE</v1:Domain>
            <v1:Language>fr</v1:Language>
         </v1:request>
      </v1:getDomainRequest>
   </soapenv:Body>
</soapenv:Envelope>]]></con:request><con:credentials><con:selectedAuthProfile>Basic</con:selectedAuthProfile><con:addedBasicAuthenticationTypes>Basic</con:addedBasicAuthenticationTypes><con:authType>Global HTTP Settings</con:authType></con:credentials><con:jmsConfig JMSDeliveryMode="PERSISTENT"/><con:jmsPropertyConfig/><con:wsaConfig mustUnderstand="NONE" version="200508" action="http://fidus.brussels/services/accessmanagerservice/getDomain"/><con:wsrmConfig version="1.2"/></con:call><con:call id="27ff139d-6434-4b12-b564-63186b0f77d2" name="3 - Test - Worker2New - Request" outgoingWss="Outflow TEST" incomingWss="Inflow TEST"><con:settings><con:setting id="com.eviware.soapui.impl.wsdl.WsdlRequest@request-headers">&lt;xml-fragment/></con:setting></con:settings><con:encoding>UTF-8</con:encoding><con:endpoint>https://192.168.22.93:8443/services/AccessManagerService_v1.0</con:endpoint><con:request><![CDATA[<soapenv:Envelope xmlns:soapenv="http://schemas.xmlsoap.org/soap/envelope/" xmlns:v1="http://fidus.brussels/service/accessmanagerservice/messages/v1" xmlns:v11="http://fidus.brussels/type/common/messages/v1" >
   <soapenv:Header/>
   <soapenv:Body>
      <v1:getDomainRequest>
         <v1:messageContext>
         	  <v11:messageId>${=import static java.util.UUID.randomUUID; uuid = randomUUID() as String}</v11:messageId>
            <v11:timestamp>${=new java.text.SimpleDateFormat("yyyy-MM-dd'T'HH:mm:ss.SSS").format(new Date())}</v11:timestamp>
         </v1:messageContext>
         <v1:legalContext>ServiceIntegrator</v1:legalContext>
         <v1:request>
         	  <v1:Domain>FINANCE</v1:Domain>
            <v1:Language>fr</v1:Language>
         </v1:request>
      </v1:getDomainRequest>
   </soapenv:Body>
</soapenv:Envelope>]]></con:request><con:credentials><con:selectedAuthProfile>Basic</con:selectedAuthProfile><con:addedBasicAuthenticationTypes>Basic</con:addedBasicAuthenticationTypes><con:authType>Global HTTP Settings</con:authType></con:credentials><con:jmsConfig JMSDeliveryMode="PERSISTENT"/><con:jmsPropertyConfig/><con:wsaConfig mustUnderstand="NONE" version="200508" action="http://fidus.brussels/services/accessmanagerservice/getDomain"/><con:wsrmConfig version="1.2"/></con:call><con:call id="96c33d01-7af2-4c8c-970d-89a586937ceb" name="4 - Staging - Worker1New - Request" outgoingWss="Outflow STAGING" incomingWss="Inflow STAGING"><con:settings><con:setting id="com.eviware.soapui.impl.wsdl.WsdlRequest@request-headers">&lt;xml-fragment/></con:setting></con:settings><con:encoding>UTF-8</con:encoding><con:endpoint>https://192.168.23.191:8443/services/AccessManagerService_v1.0</con:endpoint><con:request><![CDATA[<soapenv:Envelope xmlns:soapenv="http://schemas.xmlsoap.org/soap/envelope/" xmlns:v1="http://fidus.brussels/service/accessmanagerservice/messages/v1" xmlns:v11="http://fidus.brussels/type/common/messages/v1" >
   <soapenv:Header/>
   <soapenv:Body>
      <v1:getDomainRequest>
         <v1:messageContext>
         	  <v11:messageId>${=import static java.util.UUID.randomUUID; uuid = randomUUID() as String}</v11:messageId>
            <v11:timestamp>${=new java.text.SimpleDateFormat("yyyy-MM-dd'T'HH:mm:ss.SSS").format(new Date())}</v11:timestamp>
         </v1:messageContext>
         <v1:legalContext>ServiceIntegrator</v1:legalContext>
         <v1:request>
         	  <v1:Domain>FINANCE</v1:Domain>
            <v1:Language>fr</v1:Language>
         </v1:request>
      </v1:getDomainRequest>
   </soapenv:Body>
</soapenv:Envelope>]]></con:request><con:credentials><con:selectedAuthProfile>Basic</con:selectedAuthProfile><con:addedBasicAuthenticationTypes>Basic</con:addedBasicAuthenticationTypes><con:authType>Global HTTP Settings</con:authType></con:credentials><con:jmsConfig JMSDeliveryMode="PERSISTENT"/><con:jmsPropertyConfig/><con:wsaConfig mustUnderstand="NONE" version="200508" action="http://fidus.brussels/services/accessmanagerservice/getDomain"/><con:wsrmConfig version="1.2"/></con:call><con:call id="dc07157e-fa20-4e10-a4f0-f6553ce4110c" name="4 - Staging - Worker2New - Request" outgoingWss="Outflow STAGING" incomingWss="Inflow STAGING"><con:settings><con:setting id="com.eviware.soapui.impl.wsdl.WsdlRequest@request-headers">&lt;xml-fragment/></con:setting></con:settings><con:encoding>UTF-8</con:encoding><con:endpoint>https://192.168.23.198:8443/services/AccessManagerService_v1.0</con:endpoint><con:request><![CDATA[<soapenv:Envelope xmlns:soapenv="http://schemas.xmlsoap.org/soap/envelope/" xmlns:v1="http://fidus.brussels/service/accessmanagerservice/messages/v1" xmlns:v11="http://fidus.brussels/type/common/messages/v1" >
   <soapenv:Header/>
   <soapenv:Body>
      <v1:getDomainRequest>
         <v1:messageContext>
         	  <v11:messageId>${=import static java.util.UUID.randomUUID; uuid = randomUUID() as String}</v11:messageId>
            <v11:timestamp>${=new java.text.SimpleDateFormat("yyyy-MM-dd'T'HH:mm:ss.SSS").format(new Date())}</v11:timestamp>
         </v1:messageContext>
         <v1:legalContext>ServiceIntegrator</v1:legalContext>
         <v1:request>
         	  <v1:Domain>FINANCE</v1:Domain>
            <v1:Language>fr</v1:Language>
         </v1:request>
      </v1:getDomainRequest>
   </soapenv:Body>
</soapenv:Envelope>]]></con:request><con:credentials><con:selectedAuthProfile>Basic</con:selectedAuthProfile><con:addedBasicAuthenticationTypes>Basic</con:addedBasicAuthenticationTypes><con:authType>Global HTTP Settings</con:authType></con:credentials><con:jmsConfig JMSDeliveryMode="PERSISTENT"/><con:jmsPropertyConfig/><con:wsaConfig mustUnderstand="NONE" version="200508" action="http://fidus.brussels/services/accessmanagerservice/getDomain"/><con:wsrmConfig version="1.2"/></con:call><con:call id="d86207fa-e18f-4b07-a666-278e1e77258e" name="3 - Test - External - Request" outgoingWss="Outflow TEST" incomingWss="Inflow TEST"><con:settings><con:setting id="com.eviware.soapui.impl.wsdl.WsdlRequest@request-headers">&lt;xml-fragment/></con:setting></con:settings><con:encoding>UTF-8</con:encoding><con:endpoint>https://esb-security-gw.sta.srv.cirb.lan:8443/services/AccessManagerService_v1.0</con:endpoint><con:request><![CDATA[<soapenv:Envelope xmlns:soapenv="http://schemas.xmlsoap.org/soap/envelope/" xmlns:v1="http://fidus.brussels/service/accessmanagerservice/messages/v1" xmlns:v11="http://fidus.brussels/type/common/messages/v1" >
   <soapenv:Header/>
   <soapenv:Body>
      <v1:getDomainRequest>
         <v1:messageContext>
         	  <v11:messageId>${=import static java.util.UUID.randomUUID; uuid = randomUUID() as String}</v11:messageId>
            <v11:timestamp>${=new java.text.SimpleDateFormat("yyyy-MM-dd'T'HH:mm:ss.SSS").format(new Date())}</v11:timestamp>
         </v1:messageContext>
         <v1:legalContext>ServiceIntegrator</v1:legalContext>
         <v1:request>
         	  <v1:Domain>FINANCE</v1:Domain>
            <v1:Language>fr</v1:Language>
         </v1:request>
      </v1:getDomainRequest>
   </soapenv:Body>
</soapenv:Envelope>]]></con:request><con:credentials><con:selectedAuthProfile>Basic</con:selectedAuthProfile><con:addedBasicAuthenticationTypes>Basic</con:addedBasicAuthenticationTypes><con:authType>Global HTTP Settings</con:authType></con:credentials><con:jmsConfig JMSDeliveryMode="PERSISTENT"/><con:jmsPropertyConfig/><con:wsaConfig mustUnderstand="NONE" version="200508" action="http://fidus.brussels/services/accessmanagerservice/getDomain"/><con:wsrmConfig version="1.2"/></con:call><con:call id="336e792a-f4ea-45f0-a5db-89f7370a20d5" name="4 - Staging - External - Request" outgoingWss="Outflow STAGING" incomingWss="Inflow STAGING"><con:settings><con:setting id="com.eviware.soapui.impl.wsdl.WsdlRequest@request-headers">&lt;xml-fragment/></con:setting></con:settings><con:encoding>UTF-8</con:encoding><con:endpoint>https://fidus-esb-sg.sta.srv.cirb.lan:8443/services/AccessManagerService_v1.0</con:endpoint><con:request><![CDATA[<soapenv:Envelope xmlns:soapenv="http://schemas.xmlsoap.org/soap/envelope/" xmlns:v1="http://fidus.brussels/service/accessmanagerservice/messages/v1" xmlns:v11="http://fidus.brussels/type/common/messages/v1" >
   <soapenv:Header/>
   <soapenv:Body>
      <v1:getDomainRequest>
         <v1:messageContext>
         	  <v11:messageId>${=import static java.util.UUID.randomUUID; uuid = randomUUID() as String}</v11:messageId>
            <v11:timestamp>${=new java.text.SimpleDateFormat("yyyy-MM-dd'T'HH:mm:ss.SSS").format(new Date())}</v11:timestamp>
         </v1:messageContext>
         <v1:legalContext>ServiceIntegrator</v1:legalContext>
         <v1:request>
         	  <v1:Domain>FINANCE</v1:Domain>
            <v1:Language>fr</v1:Language>
         </v1:request>
      </v1:getDomainRequest>
   </soapenv:Body>
</soapenv:Envelope>]]></con:request><con:credentials><con:selectedAuthProfile>Basic</con:selectedAuthProfile><con:addedBasicAuthenticationTypes>Basic</con:addedBasicAuthenticationTypes><con:authType>Global HTTP Settings</con:authType></con:credentials><con:jmsConfig JMSDeliveryMode="PERSISTENT"/><con:jmsPropertyConfig/><con:wsaConfig mustUnderstand="NONE" version="200508" action="http://fidus.brussels/services/accessmanagerservice/getDomain"/><con:wsrmConfig version="1.2"/></con:call></con:operation><con:operation id="1838c1b4-29f9-47e7-a3a8-d16338611a30" isOneWay="false" action="http://fidus.brussels/services/accessmanagerservice/getEntityRepresentatives" name="getEntityRepresentatives" bindingOperationName="getEntityRepresentatives" type="Request-Response" inputName="" receivesAttachments="false" sendsAttachments="false" anonymous="optional"><con:settings/><con:call id="0c71561a-5d0d-42a9-a8df-b42356423404" name="1 - Local - Request - OK" incomingWss="Inflow DEV" outgoingWss="Outflow DEV"><con:settings><con:setting id="com.eviware.soapui.impl.wsdl.WsdlRequest@request-headers">&lt;xml-fragment/></con:setting></con:settings><con:encoding>UTF-8</con:encoding><con:endpoint>https://localhost:8243/services/AccessManagerService_v1.0</con:endpoint><con:request><![CDATA[<soapenv:Envelope xmlns:soapenv="http://schemas.xmlsoap.org/soap/envelope/" xmlns:v1="http://fidus.brussels/service/accessmanagerservice/messages/v1" xmlns:v11="http://fidus.brussels/type/common/messages/v1" xmlns:v31="http://socialsecurity.be/umanentityrepresentative/types/v3" >
   <soapenv:Header/>
   <soapenv:Body>
      <v1:getEntityRepresentativesRequest>
         <v1:messageContext>
         	  <v11:messageId>${=import static java.util.UUID.randomUUID; uuid = randomUUID() as String}</v11:messageId>
            <v11:timestamp>${=new java.text.SimpleDateFormat("yyyy-MM-dd'T'HH:mm:ss.SSS").format(new Date())}</v11:timestamp>
         </v1:messageContext>
         <v1:legalContext>ServiceIntegrator</v1:legalContext>
         <v1:request>
            <v1:Domain>QUAL_FED_HEALTHCARE</v1:Domain>
            <v1:OrganisationId>
               <v31:Identifier>1990000431</v31:Identifier>
               <v31:IdentifierType>BEEHP</v31:IdentifierType>
            </v1:OrganisationId>
            <v1:Language>nl</v1:Language>
         </v1:request>
      </v1:getEntityRepresentativesRequest>
   </soapenv:Body>
</soapenv:Envelope>]]></con:request><con:credentials><con:selectedAuthProfile>Basic</con:selectedAuthProfile><con:addedBasicAuthenticationTypes>Basic</con:addedBasicAuthenticationTypes><con:authType>Global HTTP Settings</con:authType></con:credentials><con:jmsConfig JMSDeliveryMode="PERSISTENT"/><con:jmsPropertyConfig/><con:wsaConfig mustUnderstand="NONE" version="200508" action="http://fidus.brussels/services/accessmanagerservice/getEntityRepresentatives"/><con:wsrmConfig version="1.2"/></con:call><con:call id="5f54e628-153c-477b-a043-ad6559eb7a37" name="2 - Dev - Request - OK" outgoingWss="Outflow DEV" incomingWss="Inflow DEV"><con:settings><con:setting id="com.eviware.soapui.impl.wsdl.WsdlRequest@request-headers">&lt;xml-fragment/></con:setting></con:settings><con:encoding>UTF-8</con:encoding><con:endpoint>https://192.168.36.61:8243/services/AccessManagerService_v1.0</con:endpoint><con:request><![CDATA[<soapenv:Envelope xmlns:soapenv="http://schemas.xmlsoap.org/soap/envelope/" xmlns:v1="http://fidus.brussels/service/accessmanagerservice/messages/v1" xmlns:v11="http://fidus.brussels/type/common/messages/v1" xmlns:v31="http://socialsecurity.be/umanentityrepresentative/types/v3" >
   <soapenv:Header/>
   <soapenv:Body>
      <v1:getEntityRepresentativesRequest>
         <v1:messageContext>
         	  <v11:messageId>${=import static java.util.UUID.randomUUID; uuid = randomUUID() as String}</v11:messageId>
            <v11:timestamp>${=new java.text.SimpleDateFormat("yyyy-MM-dd'T'HH:mm:ss.SSS").format(new Date())}</v11:timestamp>
         </v1:messageContext>
         <v1:legalContext>ServiceIntegrator</v1:legalContext>
         <v1:request>
            <v1:Domain>QUAL_FED_HEALTHCARE</v1:Domain>
            <v1:OrganisationId>
               <v31:Identifier>1990000431</v31:Identifier>
               <v31:IdentifierType>BEEHP</v31:IdentifierType>
            </v1:OrganisationId>
            <v1:Language>nl</v1:Language>
         </v1:request>
      </v1:getEntityRepresentativesRequest>
   </soapenv:Body>
</soapenv:Envelope>]]></con:request><con:credentials><con:selectedAuthProfile>Basic</con:selectedAuthProfile><con:addedBasicAuthenticationTypes>Basic</con:addedBasicAuthenticationTypes><con:authType>Global HTTP Settings</con:authType></con:credentials><con:jmsConfig JMSDeliveryMode="PERSISTENT"/><con:jmsPropertyConfig/><con:wsaConfig mustUnderstand="NONE" version="200508" action="http://fidus.brussels/services/accessmanagerservice/getEntityRepresentatives"/><con:wsrmConfig version="1.2"/></con:call><con:call id="a29c6ba5-101e-4b4f-b3c0-17ca7de235fb" name="3 - Test - LB - Request" outgoingWss="Outflow TEST" incomingWss="Inflow TEST"><con:settings><con:setting id="com.eviware.soapui.impl.wsdl.WsdlRequest@request-headers">&lt;xml-fragment/></con:setting></con:settings><con:encoding>UTF-8</con:encoding><con:endpoint>https://esb-security-gw.sta.srv.cirb.lan:8443/services/AccessManagerService_v1.0</con:endpoint><con:request><![CDATA[<soapenv:Envelope xmlns:soapenv="http://schemas.xmlsoap.org/soap/envelope/" xmlns:v1="http://fidus.brussels/service/accessmanagerservice/messages/v1" xmlns:v11="http://fidus.brussels/type/common/messages/v1" xmlns:v31="http://socialsecurity.be/umanentityrepresentative/types/v3" >
   <soapenv:Header/>
   <soapenv:Body>
      <v1:getEntityRepresentativesRequest>
         <v1:messageContext>
         	  <v11:messageId>${=import static java.util.UUID.randomUUID; uuid = randomUUID() as String}</v11:messageId>
            <v11:timestamp>${=new java.text.SimpleDateFormat("yyyy-MM-dd'T'HH:mm:ss.SSS").format(new Date())}</v11:timestamp>
         </v1:messageContext>
         <v1:legalContext>ServiceIntegrator</v1:legalContext>
         <v1:request>
            <v1:Domain>QUAL_FED_HEALTHCARE</v1:Domain>
            <v1:OrganisationId>
               <v31:Identifier>1990000431</v31:Identifier>
               <v31:IdentifierType>BEEHP</v31:IdentifierType>
            </v1:OrganisationId>
            <v1:Language>nl</v1:Language>
         </v1:request>
      </v1:getEntityRepresentativesRequest>
   </soapenv:Body>
</soapenv:Envelope>]]></con:request><con:credentials><con:selectedAuthProfile>Basic</con:selectedAuthProfile><con:addedBasicAuthenticationTypes>Basic</con:addedBasicAuthenticationTypes><con:authType>Global HTTP Settings</con:authType></con:credentials><con:jmsConfig JMSDeliveryMode="PERSISTENT"/><con:jmsPropertyConfig/><con:wsaConfig mustUnderstand="NONE" version="200508" action="http://fidus.brussels/services/accessmanagerservice/getEntityRepresentatives"/><con:wsrmConfig version="1.2"/></con:call><con:call id="cb750499-4046-4ae9-99f6-235cf31a1200" name="4 - Staging - LB - Request" incomingWss="Inflow STAGING" outgoingWss="Outflow STAGING"><con:settings><con:setting id="com.eviware.soapui.impl.wsdl.WsdlRequest@request-headers">&lt;xml-fragment/></con:setting></con:settings><con:encoding>UTF-8</con:encoding><con:endpoint>https://fidus-esb-sg.sta.srv.cirb.lan:8443/services/AccessManagerService_v1.0</con:endpoint><con:request><![CDATA[<soapenv:Envelope xmlns:soapenv="http://schemas.xmlsoap.org/soap/envelope/" xmlns:v1="http://fidus.brussels/service/accessmanagerservice/messages/v1" xmlns:v11="http://fidus.brussels/type/common/messages/v1" xmlns:v31="http://socialsecurity.be/umanentityrepresentative/types/v3" >
   <soapenv:Header/>
   <soapenv:Body>
      <v1:getEntityRepresentativesRequest>
         <v1:messageContext>
         	  <v11:messageId>${=import static java.util.UUID.randomUUID; uuid = randomUUID() as String}</v11:messageId>
            <v11:timestamp>${=new java.text.SimpleDateFormat("yyyy-MM-dd'T'HH:mm:ss.SSS").format(new Date())}</v11:timestamp>
         </v1:messageContext>
         <v1:legalContext>ServiceIntegrator</v1:legalContext>
         <v1:request>
            <v1:Domain>QUAL_FED_HEALTHCARE</v1:Domain>
            <v1:OrganisationId>
               <v31:Identifier>1990000431</v31:Identifier>
               <v31:IdentifierType>BEEHP</v31:IdentifierType>
            </v1:OrganisationId>
            <v1:Language>nl</v1:Language>
         </v1:request>
      </v1:getEntityRepresentativesRequest>
   </soapenv:Body>
</soapenv:Envelope>]]></con:request><con:credentials><con:selectedAuthProfile>Basic</con:selectedAuthProfile><con:addedBasicAuthenticationTypes>Basic</con:addedBasicAuthenticationTypes><con:authType>Global HTTP Settings</con:authType></con:credentials><con:jmsConfig JMSDeliveryMode="PERSISTENT"/><con:jmsPropertyConfig/><con:wsaConfig mustUnderstand="NONE" version="200508" action="http://fidus.brussels/services/accessmanagerservice/getEntityRepresentatives"/><con:wsrmConfig version="1.2"/></con:call><con:call id="368de139-1ac5-4207-a633-816004980465" name="5 - Prod - External - Request" incomingWss="Inflow PROD" outgoingWss="Outflow PROD"><con:settings><con:setting id="com.eviware.soapui.impl.wsdl.WsdlRequest@request-headers">&lt;xml-fragment/></con:setting></con:settings><con:encoding>UTF-8</con:encoding><con:endpoint>https://fidus.sec.brussels/services/AccessManagerService_v1.0</con:endpoint><con:request><![CDATA[<soapenv:Envelope xmlns:soapenv="http://schemas.xmlsoap.org/soap/envelope/" xmlns:v1="http://fidus.brussels/service/accessmanagerservice/messages/v1" xmlns:v11="http://fidus.brussels/type/common/messages/v1" xmlns:v31="http://socialsecurity.be/umanentityrepresentative/types/v3" >
   <soapenv:Header/>
   <soapenv:Body>
      <v1:getEntityRepresentativesRequest>
         <v1:messageContext>
         	  <v11:messageId>${=import static java.util.UUID.randomUUID; uuid = randomUUID() as String}</v11:messageId>
            <v11:timestamp>${=new java.text.SimpleDateFormat("yyyy-MM-dd'T'HH:mm:ss.SSS").format(new Date())}</v11:timestamp>
         </v1:messageContext>
         <v1:legalContext>ServiceIntegrator</v1:legalContext>
         <v1:request>
            <v1:Domain>QUAL_FED_HEALTHCARE</v1:Domain>
            <v1:OrganisationId>
               <v31:Identifier>1990000431</v31:Identifier>
               <v31:IdentifierType>BEEHP</v31:IdentifierType>
            </v1:OrganisationId>
            <v1:Language>nl</v1:Language>
         </v1:request>
      </v1:getEntityRepresentativesRequest>
   </soapenv:Body>
</soapenv:Envelope>]]></con:request><con:credentials><con:selectedAuthProfile>Basic</con:selectedAuthProfile><con:addedBasicAuthenticationTypes>Basic</con:addedBasicAuthenticationTypes><con:authType>Global HTTP Settings</con:authType></con:credentials><con:jmsConfig JMSDeliveryMode="PERSISTENT"/><con:jmsPropertyConfig/><con:wsaConfig mustUnderstand="NONE" version="200508" action="http://fidus.brussels/services/accessmanagerservice/getEntityRepresentatives"/><con:wsrmConfig version="1.2"/></con:call><con:call id="c03df354-b09c-4c50-9791-bb459072cdb7" name="1 - Local - Request - Not Found" incomingWss="Inflow DEV" outgoingWss="Outflow DEV"><con:settings><con:setting id="com.eviware.soapui.impl.wsdl.WsdlRequest@request-headers">&lt;xml-fragment/></con:setting></con:settings><con:encoding>UTF-8</con:encoding><con:endpoint>https://localhost:8243/services/AccessManagerService_v1.0</con:endpoint><con:request><![CDATA[<soapenv:Envelope xmlns:soapenv="http://schemas.xmlsoap.org/soap/envelope/" xmlns:v1="http://fidus.brussels/service/accessmanagerservice/messages/v1" xmlns:v11="http://fidus.brussels/type/common/messages/v1" xmlns:v31="http://socialsecurity.be/umanentityrepresentative/types/v3" >
   <soapenv:Header/>
   <soapenv:Body>
      <v1:getEntityRepresentativesRequest>
         <v1:messageContext>
         	  <v11:messageId>${=import static java.util.UUID.randomUUID; uuid = randomUUID() as String}</v11:messageId>
            <v11:timestamp>${=new java.text.SimpleDateFormat("yyyy-MM-dd'T'HH:mm:ss.SSS").format(new Date())}</v11:timestamp>
         </v1:messageContext>
         <v1:legalContext>ServiceIntegrator</v1:legalContext>
         <v1:request>
            <v1:Domain>INDUSTRY</v1:Domain>
            <v1:OrganisationId>
               <v31:Identifier>1990000431</v31:Identifier>
               <v31:IdentifierType>BEEHP</v31:IdentifierType>
            </v1:OrganisationId>
            <v1:Language>nl</v1:Language>
         </v1:request>
      </v1:getEntityRepresentativesRequest>
   </soapenv:Body>
</soapenv:Envelope>]]></con:request><con:credentials><con:selectedAuthProfile>Basic</con:selectedAuthProfile><con:addedBasicAuthenticationTypes>Basic</con:addedBasicAuthenticationTypes><con:authType>Global HTTP Settings</con:authType></con:credentials><con:jmsConfig JMSDeliveryMode="PERSISTENT"/><con:jmsPropertyConfig/><con:wsaConfig mustUnderstand="NONE" version="200508" action="http://fidus.brussels/services/accessmanagerservice/getEntityRepresentatives"/><con:wsrmConfig version="1.2"/></con:call><con:call id="bd5e57ea-464d-45c6-a228-81df70014c4c" name="2 - Dev - Request - Not Found" incomingWss="Inflow DEV" outgoingWss="Outflow DEV"><con:settings><con:setting id="com.eviware.soapui.impl.wsdl.WsdlRequest@request-headers">&lt;xml-fragment/></con:setting></con:settings><con:encoding>UTF-8</con:encoding><con:endpoint>https://192.168.36.61:8243/services/AccessManagerService_v1.0</con:endpoint><con:request><![CDATA[<soapenv:Envelope xmlns:soapenv="http://schemas.xmlsoap.org/soap/envelope/" xmlns:v1="http://fidus.brussels/service/accessmanagerservice/messages/v1" xmlns:v11="http://fidus.brussels/type/common/messages/v1" xmlns:v31="http://socialsecurity.be/umanentityrepresentative/types/v3" >
   <soapenv:Header/>
   <soapenv:Body>
      <v1:getEntityRepresentativesRequest>
         <v1:messageContext>
         	  <v11:messageId>${=import static java.util.UUID.randomUUID; uuid = randomUUID() as String}</v11:messageId>
            <v11:timestamp>${=new java.text.SimpleDateFormat("yyyy-MM-dd'T'HH:mm:ss.SSS").format(new Date())}</v11:timestamp>
         </v1:messageContext>
         <v1:legalContext>ServiceIntegrator</v1:legalContext>
         <v1:request>
            <v1:Domain>INDUSTRY</v1:Domain>
            <v1:OrganisationId>
               <v31:Identifier>1990000431</v31:Identifier>
               <v31:IdentifierType>BEEHP</v31:IdentifierType>
            </v1:OrganisationId>
            <v1:Language>nl</v1:Language>
         </v1:request>
      </v1:getEntityRepresentativesRequest>
   </soapenv:Body>
</soapenv:Envelope>]]></con:request><con:credentials><con:selectedAuthProfile>Basic</con:selectedAuthProfile><con:addedBasicAuthenticationTypes>Basic</con:addedBasicAuthenticationTypes><con:authType>Global HTTP Settings</con:authType></con:credentials><con:jmsConfig JMSDeliveryMode="PERSISTENT"/><con:jmsPropertyConfig/><con:wsaConfig mustUnderstand="NONE" version="200508" action="http://fidus.brussels/services/accessmanagerservice/getEntityRepresentatives"/><con:wsrmConfig version="1.2"/></con:call><con:call id="bba2ba5f-8faa-4bd0-a183-e0108423f862" name="3 - Test - Worker1 - Request" incomingWss="Inflow TEST" outgoingWss="Outflow TEST"><con:settings><con:setting id="com.eviware.soapui.impl.wsdl.WsdlRequest@request-headers">&lt;xml-fragment/></con:setting></con:settings><con:encoding>UTF-8</con:encoding><con:endpoint>https://192.168.22.53:8443/services/AccessManagerService_v1.0</con:endpoint><con:request><![CDATA[<soapenv:Envelope xmlns:soapenv="http://schemas.xmlsoap.org/soap/envelope/" xmlns:v1="http://fidus.brussels/service/accessmanagerservice/messages/v1" xmlns:v11="http://fidus.brussels/type/common/messages/v1" xmlns:v31="http://socialsecurity.be/umanentityrepresentative/types/v3" >
   <soapenv:Header/>
   <soapenv:Body>
      <v1:getEntityRepresentativesRequest>
         <v1:messageContext>
         	  <v11:messageId>${=import static java.util.UUID.randomUUID; uuid = randomUUID() as String}</v11:messageId>
            <v11:timestamp>${=new java.text.SimpleDateFormat("yyyy-MM-dd'T'HH:mm:ss.SSS").format(new Date())}</v11:timestamp>
         </v1:messageContext>
         <v1:legalContext>ServiceIntegrator</v1:legalContext>
         <v1:request>
            <v1:Domain>QUAL_FED_HEALTHCARE</v1:Domain>
            <v1:OrganisationId>
               <v31:Identifier>1990000431</v31:Identifier>
               <v31:IdentifierType>BEEHP</v31:IdentifierType>
            </v1:OrganisationId>
            <v1:Language>nl</v1:Language>
         </v1:request>
      </v1:getEntityRepresentativesRequest>
   </soapenv:Body>
</soapenv:Envelope>]]></con:request><con:credentials><con:selectedAuthProfile>Basic</con:selectedAuthProfile><con:addedBasicAuthenticationTypes>Basic</con:addedBasicAuthenticationTypes><con:authType>Global HTTP Settings</con:authType></con:credentials><con:jmsConfig JMSDeliveryMode="PERSISTENT"/><con:jmsPropertyConfig/><con:wsaConfig mustUnderstand="NONE" version="200508" action="http://fidus.brussels/services/accessmanagerservice/getEntityRepresentatives"/><con:wsrmConfig version="1.2"/></con:call><con:call id="f69b30ef-6e33-4d9b-a1e7-747ba4678772" name="3 - Test - Worker2 - Request" outgoingWss="Outflow TEST" incomingWss="Inflow TEST"><con:settings><con:setting id="com.eviware.soapui.impl.wsdl.WsdlRequest@request-headers">&lt;xml-fragment/></con:setting></con:settings><con:encoding>UTF-8</con:encoding><con:endpoint>https://192.168.22.54:8443/services/AccessManagerService_v1.0</con:endpoint><con:request><![CDATA[<soapenv:Envelope xmlns:soapenv="http://schemas.xmlsoap.org/soap/envelope/" xmlns:v1="http://fidus.brussels/service/accessmanagerservice/messages/v1" xmlns:v11="http://fidus.brussels/type/common/messages/v1" xmlns:v31="http://socialsecurity.be/umanentityrepresentative/types/v3" >
   <soapenv:Header/>
   <soapenv:Body>
      <v1:getEntityRepresentativesRequest>
         <v1:messageContext>
         	  <v11:messageId>${=import static java.util.UUID.randomUUID; uuid = randomUUID() as String}</v11:messageId>
            <v11:timestamp>${=new java.text.SimpleDateFormat("yyyy-MM-dd'T'HH:mm:ss.SSS").format(new Date())}</v11:timestamp>
         </v1:messageContext>
         <v1:legalContext>ServiceIntegrator</v1:legalContext>
         <v1:request>
            <v1:Domain>QUAL_FED_HEALTHCARE</v1:Domain>
            <v1:OrganisationId>
               <v31:Identifier>1990000431</v31:Identifier>
               <v31:IdentifierType>BEEHP</v31:IdentifierType>
            </v1:OrganisationId>
            <v1:Language>nl</v1:Language>
         </v1:request>
      </v1:getEntityRepresentativesRequest>
   </soapenv:Body>
</soapenv:Envelope>]]></con:request><con:credentials><con:selectedAuthProfile>Basic</con:selectedAuthProfile><con:addedBasicAuthenticationTypes>Basic</con:addedBasicAuthenticationTypes><con:authType>Global HTTP Settings</con:authType></con:credentials><con:jmsConfig JMSDeliveryMode="PERSISTENT"/><con:jmsPropertyConfig/><con:wsaConfig mustUnderstand="NONE" version="200508" action="http://fidus.brussels/services/accessmanagerservice/getEntityRepresentatives"/><con:wsrmConfig version="1.2"/></con:call><con:call id="e277303b-ae3e-4f43-aa8b-d39c8495bda4" name="4 - Staging - Worker1 - Request" incomingWss="Inflow STAGING" outgoingWss="Outflow STAGING"><con:settings><con:setting id="com.eviware.soapui.impl.wsdl.WsdlRequest@request-headers">&lt;xml-fragment/></con:setting></con:settings><con:encoding>UTF-8</con:encoding><con:endpoint>https://192.168.24.16:8443/services/AccessManagerService_v1.0</con:endpoint><con:request><![CDATA[<soapenv:Envelope xmlns:soapenv="http://schemas.xmlsoap.org/soap/envelope/" xmlns:v1="http://fidus.brussels/service/accessmanagerservice/messages/v1" xmlns:v11="http://fidus.brussels/type/common/messages/v1" xmlns:v31="http://socialsecurity.be/umanentityrepresentative/types/v3" >
   <soapenv:Header/>
   <soapenv:Body>
      <v1:getEntityRepresentativesRequest>
         <v1:messageContext>
         	  <v11:messageId>${=import static java.util.UUID.randomUUID; uuid = randomUUID() as String}</v11:messageId>
            <v11:timestamp>${=new java.text.SimpleDateFormat("yyyy-MM-dd'T'HH:mm:ss.SSS").format(new Date())}</v11:timestamp>
         </v1:messageContext>
         <v1:legalContext>ServiceIntegrator</v1:legalContext>
         <v1:request>
            <v1:Domain>QUAL_FED_HEALTHCARE</v1:Domain>
            <v1:OrganisationId>
               <v31:Identifier>1990000431</v31:Identifier>
               <v31:IdentifierType>BEEHP</v31:IdentifierType>
            </v1:OrganisationId>
            <v1:Language>nl</v1:Language>
         </v1:request>
      </v1:getEntityRepresentativesRequest>
   </soapenv:Body>
</soapenv:Envelope>]]></con:request><con:credentials><con:selectedAuthProfile>Basic</con:selectedAuthProfile><con:addedBasicAuthenticationTypes>Basic</con:addedBasicAuthenticationTypes><con:authType>Global HTTP Settings</con:authType></con:credentials><con:jmsConfig JMSDeliveryMode="PERSISTENT"/><con:jmsPropertyConfig/><con:wsaConfig mustUnderstand="NONE" version="200508" action="http://fidus.brussels/services/accessmanagerservice/getEntityRepresentatives"/><con:wsrmConfig version="1.2"/></con:call><con:call id="ba65129a-b9af-4e56-9fbf-c3cbd8c9b59b" name="4 - Staging - Worker2 - Request" incomingWss="Inflow STAGING" outgoingWss="Outflow STAGING"><con:settings><con:setting id="com.eviware.soapui.impl.wsdl.WsdlRequest@request-headers">&lt;xml-fragment/></con:setting></con:settings><con:encoding>UTF-8</con:encoding><con:endpoint>https://192.168.24.17:8443/services/AccessManagerService_v1.0</con:endpoint><con:request><![CDATA[<soapenv:Envelope xmlns:soapenv="http://schemas.xmlsoap.org/soap/envelope/" xmlns:v1="http://fidus.brussels/service/accessmanagerservice/messages/v1" xmlns:v11="http://fidus.brussels/type/common/messages/v1" xmlns:v31="http://socialsecurity.be/umanentityrepresentative/types/v3" >
   <soapenv:Header/>
   <soapenv:Body>
      <v1:getEntityRepresentativesRequest>
         <v1:messageContext>
         	  <v11:messageId>${=import static java.util.UUID.randomUUID; uuid = randomUUID() as String}</v11:messageId>
            <v11:timestamp>${=new java.text.SimpleDateFormat("yyyy-MM-dd'T'HH:mm:ss.SSS").format(new Date())}</v11:timestamp>
         </v1:messageContext>
         <v1:legalContext>ServiceIntegrator</v1:legalContext>
         <v1:request>
            <v1:Domain>QUAL_FED_HEALTHCARE</v1:Domain>
            <v1:OrganisationId>
               <v31:Identifier>1990000431</v31:Identifier>
               <v31:IdentifierType>BEEHP</v31:IdentifierType>
            </v1:OrganisationId>
            <v1:Language>nl</v1:Language>
         </v1:request>
      </v1:getEntityRepresentativesRequest>
   </soapenv:Body>
</soapenv:Envelope>]]></con:request><con:credentials><con:selectedAuthProfile>Basic</con:selectedAuthProfile><con:addedBasicAuthenticationTypes>Basic</con:addedBasicAuthenticationTypes><con:authType>Global HTTP Settings</con:authType></con:credentials><con:jmsConfig JMSDeliveryMode="PERSISTENT"/><con:jmsPropertyConfig/><con:wsaConfig mustUnderstand="NONE" version="200508" action="http://fidus.brussels/services/accessmanagerservice/getEntityRepresentatives"/><con:wsrmConfig version="1.2"/></con:call><con:call id="8f0bb239-c1cb-4059-a04d-307e47e92e03" name="5 - Prod - LB - Request" incomingWss="Inflow PROD" outgoingWss="Outflow PROD"><con:settings><con:setting id="com.eviware.soapui.impl.wsdl.WsdlRequest@request-headers">&lt;xml-fragment/></con:setting></con:settings><con:encoding>UTF-8</con:encoding><con:endpoint>https://fidus-esb-sg.prd.srv.cirb.lan:8443/services/AccessManagerService_v1.0</con:endpoint><con:request><![CDATA[<soapenv:Envelope xmlns:soapenv="http://schemas.xmlsoap.org/soap/envelope/" xmlns:v1="http://fidus.brussels/service/accessmanagerservice/messages/v1" xmlns:v11="http://fidus.brussels/type/common/messages/v1" xmlns:v31="http://socialsecurity.be/umanentityrepresentative/types/v3" >
   <soapenv:Header/>
   <soapenv:Body>
      <v1:getEntityRepresentativesRequest>
         <v1:messageContext>
         	  <v11:messageId>${=import static java.util.UUID.randomUUID; uuid = randomUUID() as String}</v11:messageId>
            <v11:timestamp>${=new java.text.SimpleDateFormat("yyyy-MM-dd'T'HH:mm:ss.SSS").format(new Date())}</v11:timestamp>
         </v1:messageContext>
         <v1:legalContext>ServiceIntegrator</v1:legalContext>
         <v1:request>
            <v1:Domain>QUAL_FED_HEALTHCARE</v1:Domain>
            <v1:OrganisationId>
               <v31:Identifier>1990000431</v31:Identifier>
               <v31:IdentifierType>BEEHP</v31:IdentifierType>
            </v1:OrganisationId>
            <v1:Language>nl</v1:Language>
         </v1:request>
      </v1:getEntityRepresentativesRequest>
   </soapenv:Body>
</soapenv:Envelope>]]></con:request><con:credentials><con:selectedAuthProfile>Basic</con:selectedAuthProfile><con:addedBasicAuthenticationTypes>Basic</con:addedBasicAuthenticationTypes><con:authType>Global HTTP Settings</con:authType></con:credentials><con:jmsConfig JMSDeliveryMode="PERSISTENT"/><con:jmsPropertyConfig/><con:wsaConfig mustUnderstand="NONE" version="200508" action="http://fidus.brussels/services/accessmanagerservice/getEntityRepresentatives"/><con:wsrmConfig version="1.2"/></con:call><con:call id="342c92c0-2545-4f46-8bb0-134199282dd6" name="5 - Prod - Worker1 - Request" incomingWss="Inflow PROD" outgoingWss="Outflow PROD"><con:settings><con:setting id="com.eviware.soapui.impl.wsdl.WsdlRequest@request-headers">&lt;xml-fragment/></con:setting></con:settings><con:encoding>UTF-8</con:encoding><con:endpoint>https://192.168.26.22:8443/services/AccessManagerService_v1.0</con:endpoint><con:request><![CDATA[<soapenv:Envelope xmlns:soapenv="http://schemas.xmlsoap.org/soap/envelope/" xmlns:v1="http://fidus.brussels/service/accessmanagerservice/messages/v1" xmlns:v11="http://fidus.brussels/type/common/messages/v1" xmlns:v31="http://socialsecurity.be/umanentityrepresentative/types/v3" >
   <soapenv:Header/>
   <soapenv:Body>
      <v1:getEntityRepresentativesRequest>
         <v1:messageContext>
         	  <v11:messageId>${=import static java.util.UUID.randomUUID; uuid = randomUUID() as String}</v11:messageId>
            <v11:timestamp>${=new java.text.SimpleDateFormat("yyyy-MM-dd'T'HH:mm:ss.SSS").format(new Date())}</v11:timestamp>
         </v1:messageContext>
         <v1:legalContext>ServiceIntegrator</v1:legalContext>
         <v1:request>
            <v1:Domain>QUAL_FED_HEALTHCARE</v1:Domain>
            <v1:OrganisationId>
               <v31:Identifier>1990000431</v31:Identifier>
               <v31:IdentifierType>BEEHP</v31:IdentifierType>
            </v1:OrganisationId>
            <v1:Language>nl</v1:Language>
         </v1:request>
      </v1:getEntityRepresentativesRequest>
   </soapenv:Body>
</soapenv:Envelope>]]></con:request><con:credentials><con:selectedAuthProfile>Basic</con:selectedAuthProfile><con:addedBasicAuthenticationTypes>Basic</con:addedBasicAuthenticationTypes><con:authType>Global HTTP Settings</con:authType></con:credentials><con:jmsConfig JMSDeliveryMode="PERSISTENT"/><con:jmsPropertyConfig/><con:wsaConfig mustUnderstand="NONE" version="200508" action="http://fidus.brussels/services/accessmanagerservice/getEntityRepresentatives"/><con:wsrmConfig version="1.2"/></con:call><con:call id="bdacaa4d-ede6-4ee6-bfb3-9369ee91c030" name="5 - Prod - Worker2 - Request" incomingWss="Inflow PROD" outgoingWss="Outflow PROD"><con:settings><con:setting id="com.eviware.soapui.impl.wsdl.WsdlRequest@request-headers">&lt;xml-fragment/></con:setting></con:settings><con:encoding>UTF-8</con:encoding><con:endpoint>https://192.168.26.19:8443/services/AccessManagerService_v1.0</con:endpoint><con:request><![CDATA[<soapenv:Envelope xmlns:soapenv="http://schemas.xmlsoap.org/soap/envelope/" xmlns:v1="http://fidus.brussels/service/accessmanagerservice/messages/v1" xmlns:v11="http://fidus.brussels/type/common/messages/v1" xmlns:v31="http://socialsecurity.be/umanentityrepresentative/types/v3" >
   <soapenv:Header/>
   <soapenv:Body>
      <v1:getEntityRepresentativesRequest>
         <v1:messageContext>
         	  <v11:messageId>${=import static java.util.UUID.randomUUID; uuid = randomUUID() as String}</v11:messageId>
            <v11:timestamp>${=new java.text.SimpleDateFormat("yyyy-MM-dd'T'HH:mm:ss.SSS").format(new Date())}</v11:timestamp>
         </v1:messageContext>
         <v1:legalContext>ServiceIntegrator</v1:legalContext>
         <v1:request>
            <v1:Domain>QUAL_FED_HEALTHCARE</v1:Domain>
            <v1:OrganisationId>
               <v31:Identifier>1990000431</v31:Identifier>
               <v31:IdentifierType>BEEHP</v31:IdentifierType>
            </v1:OrganisationId>
            <v1:Language>nl</v1:Language>
         </v1:request>
      </v1:getEntityRepresentativesRequest>
   </soapenv:Body>
</soapenv:Envelope>]]></con:request><con:credentials><con:selectedAuthProfile>Basic</con:selectedAuthProfile><con:addedBasicAuthenticationTypes>Basic</con:addedBasicAuthenticationTypes><con:authType>Global HTTP Settings</con:authType></con:credentials><con:jmsConfig JMSDeliveryMode="PERSISTENT"/><con:jmsPropertyConfig/><con:wsaConfig mustUnderstand="NONE" version="200508" action="http://fidus.brussels/services/accessmanagerservice/getEntityRepresentatives"/><con:wsrmConfig version="1.2"/></con:call><con:call id="624f8721-6abf-468f-8039-69827497d79a" name="3 - Test - Worker1New - Request" outgoingWss="Outflow TEST" incomingWss="Inflow TEST"><con:settings><con:setting id="com.eviware.soapui.impl.wsdl.WsdlRequest@request-headers">&lt;xml-fragment/></con:setting></con:settings><con:encoding>UTF-8</con:encoding><con:endpoint>https://192.168.22.73:8443/services/AccessManagerService_v1.0</con:endpoint><con:request><![CDATA[<soapenv:Envelope xmlns:soapenv="http://schemas.xmlsoap.org/soap/envelope/" xmlns:v1="http://fidus.brussels/service/accessmanagerservice/messages/v1" xmlns:v11="http://fidus.brussels/type/common/messages/v1" xmlns:v31="http://socialsecurity.be/umanentityrepresentative/types/v3" >
   <soapenv:Header/>
   <soapenv:Body>
      <v1:getEntityRepresentativesRequest>
         <v1:messageContext>
         	  <v11:messageId>${=import static java.util.UUID.randomUUID; uuid = randomUUID() as String}</v11:messageId>
            <v11:timestamp>${=new java.text.SimpleDateFormat("yyyy-MM-dd'T'HH:mm:ss.SSS").format(new Date())}</v11:timestamp>
         </v1:messageContext>
         <v1:legalContext>ServiceIntegrator</v1:legalContext>
         <v1:request>
            <v1:Domain>QUAL_FED_HEALTHCARE</v1:Domain>
            <v1:OrganisationId>
               <v31:Identifier>1990000431</v31:Identifier>
               <v31:IdentifierType>BEEHP</v31:IdentifierType>
            </v1:OrganisationId>
            <v1:Language>nl</v1:Language>
         </v1:request>
      </v1:getEntityRepresentativesRequest>
   </soapenv:Body>
</soapenv:Envelope>]]></con:request><con:credentials><con:selectedAuthProfile>Basic</con:selectedAuthProfile><con:addedBasicAuthenticationTypes>Basic</con:addedBasicAuthenticationTypes><con:authType>Global HTTP Settings</con:authType></con:credentials><con:jmsConfig JMSDeliveryMode="PERSISTENT"/><con:jmsPropertyConfig/><con:wsaConfig mustUnderstand="NONE" version="200508" action="http://fidus.brussels/services/accessmanagerservice/getEntityRepresentatives"/><con:wsrmConfig version="1.2"/></con:call><con:call id="b5f06d80-b545-4020-9964-52d58383a123" name="3 - Test - Worker2New - Request" outgoingWss="Outflow TEST" incomingWss="Inflow TEST"><con:settings><con:setting id="com.eviware.soapui.impl.wsdl.WsdlRequest@request-headers">&lt;xml-fragment/></con:setting></con:settings><con:encoding>UTF-8</con:encoding><con:endpoint>https://192.168.22.93:8443/services/AccessManagerService_v1.0</con:endpoint><con:request><![CDATA[<soapenv:Envelope xmlns:soapenv="http://schemas.xmlsoap.org/soap/envelope/" xmlns:v1="http://fidus.brussels/service/accessmanagerservice/messages/v1" xmlns:v11="http://fidus.brussels/type/common/messages/v1" xmlns:v31="http://socialsecurity.be/umanentityrepresentative/types/v3" >
   <soapenv:Header/>
   <soapenv:Body>
      <v1:getEntityRepresentativesRequest>
         <v1:messageContext>
         	  <v11:messageId>${=import static java.util.UUID.randomUUID; uuid = randomUUID() as String}</v11:messageId>
            <v11:timestamp>${=new java.text.SimpleDateFormat("yyyy-MM-dd'T'HH:mm:ss.SSS").format(new Date())}</v11:timestamp>
         </v1:messageContext>
         <v1:legalContext>ServiceIntegrator</v1:legalContext>
         <v1:request>
            <v1:Domain>QUAL_FED_HEALTHCARE</v1:Domain>
            <v1:OrganisationId>
               <v31:Identifier>1990000431</v31:Identifier>
               <v31:IdentifierType>BEEHP</v31:IdentifierType>
            </v1:OrganisationId>
            <v1:Language>nl</v1:Language>
         </v1:request>
      </v1:getEntityRepresentativesRequest>
   </soapenv:Body>
</soapenv:Envelope>]]></con:request><con:credentials><con:selectedAuthProfile>Basic</con:selectedAuthProfile><con:addedBasicAuthenticationTypes>Basic</con:addedBasicAuthenticationTypes><con:authType>Global HTTP Settings</con:authType></con:credentials><con:jmsConfig JMSDeliveryMode="PERSISTENT"/><con:jmsPropertyConfig/><con:wsaConfig mustUnderstand="NONE" version="200508" action="http://fidus.brussels/services/accessmanagerservice/getEntityRepresentatives"/><con:wsrmConfig version="1.2"/></con:call><con:call id="5160a3e6-a6d5-4f03-aa4f-e21624104ca8" name="4 - Staging - Worker1New - Request" outgoingWss="Outflow STAGING" incomingWss="Inflow STAGING"><con:settings><con:setting id="com.eviware.soapui.impl.wsdl.WsdlRequest@request-headers">&lt;xml-fragment/></con:setting></con:settings><con:encoding>UTF-8</con:encoding><con:endpoint>https://192.168.23.191:8443/services/AccessManagerService_v1.0</con:endpoint><con:request><![CDATA[<soapenv:Envelope xmlns:soapenv="http://schemas.xmlsoap.org/soap/envelope/" xmlns:v1="http://fidus.brussels/service/accessmanagerservice/messages/v1" xmlns:v11="http://fidus.brussels/type/common/messages/v1" xmlns:v31="http://socialsecurity.be/umanentityrepresentative/types/v3" >
   <soapenv:Header/>
   <soapenv:Body>
      <v1:getEntityRepresentativesRequest>
         <v1:messageContext>
         	  <v11:messageId>${=import static java.util.UUID.randomUUID; uuid = randomUUID() as String}</v11:messageId>
            <v11:timestamp>${=new java.text.SimpleDateFormat("yyyy-MM-dd'T'HH:mm:ss.SSS").format(new Date())}</v11:timestamp>
         </v1:messageContext>
         <v1:legalContext>ServiceIntegrator</v1:legalContext>
         <v1:request>
            <v1:Domain>QUAL_FED_HEALTHCARE</v1:Domain>
            <v1:OrganisationId>
               <v31:Identifier>1990000431</v31:Identifier>
               <v31:IdentifierType>BEEHP</v31:IdentifierType>
            </v1:OrganisationId>
            <v1:Language>nl</v1:Language>
         </v1:request>
      </v1:getEntityRepresentativesRequest>
   </soapenv:Body>
</soapenv:Envelope>]]></con:request><con:credentials><con:selectedAuthProfile>Basic</con:selectedAuthProfile><con:addedBasicAuthenticationTypes>Basic</con:addedBasicAuthenticationTypes><con:authType>Global HTTP Settings</con:authType></con:credentials><con:jmsConfig JMSDeliveryMode="PERSISTENT"/><con:jmsPropertyConfig/><con:wsaConfig mustUnderstand="NONE" version="200508" action="http://fidus.brussels/services/accessmanagerservice/getEntityRepresentatives"/><con:wsrmConfig version="1.2"/></con:call><con:call id="df52665c-df45-4001-8eb5-c0dd3489c08b" name="4 - Staging - Worker2New - Request" outgoingWss="Outflow STAGING" incomingWss="Inflow STAGING"><con:settings><con:setting id="com.eviware.soapui.impl.wsdl.WsdlRequest@request-headers">&lt;xml-fragment/></con:setting></con:settings><con:encoding>UTF-8</con:encoding><con:endpoint>https://192.168.23.198:8443/services/AccessManagerService_v1.0</con:endpoint><con:request><![CDATA[<soapenv:Envelope xmlns:soapenv="http://schemas.xmlsoap.org/soap/envelope/" xmlns:v1="http://fidus.brussels/service/accessmanagerservice/messages/v1" xmlns:v11="http://fidus.brussels/type/common/messages/v1" xmlns:v31="http://socialsecurity.be/umanentityrepresentative/types/v3" >
   <soapenv:Header/>
   <soapenv:Body>
      <v1:getEntityRepresentativesRequest>
         <v1:messageContext>
         	  <v11:messageId>${=import static java.util.UUID.randomUUID; uuid = randomUUID() as String}</v11:messageId>
            <v11:timestamp>${=new java.text.SimpleDateFormat("yyyy-MM-dd'T'HH:mm:ss.SSS").format(new Date())}</v11:timestamp>
         </v1:messageContext>
         <v1:legalContext>ServiceIntegrator</v1:legalContext>
         <v1:request>
            <v1:Domain>QUAL_FED_HEALTHCARE</v1:Domain>
            <v1:OrganisationId>
               <v31:Identifier>1990000431</v31:Identifier>
               <v31:IdentifierType>BEEHP</v31:IdentifierType>
            </v1:OrganisationId>
            <v1:Language>nl</v1:Language>
         </v1:request>
      </v1:getEntityRepresentativesRequest>
   </soapenv:Body>
</soapenv:Envelope>]]></con:request><con:credentials><con:selectedAuthProfile>Basic</con:selectedAuthProfile><con:addedBasicAuthenticationTypes>Basic</con:addedBasicAuthenticationTypes><con:authType>Global HTTP Settings</con:authType></con:credentials><con:jmsConfig JMSDeliveryMode="PERSISTENT"/><con:jmsPropertyConfig/><con:wsaConfig mustUnderstand="NONE" version="200508" action="http://fidus.brussels/services/accessmanagerservice/getEntityRepresentatives"/><con:wsrmConfig version="1.2"/></con:call><con:call id="133ea063-f911-46bc-a749-dfcefe6655e5" name="3 - Test - External - Request" outgoingWss="Outflow TEST" incomingWss="Inflow TEST"><con:settings><con:setting id="com.eviware.soapui.impl.wsdl.WsdlRequest@request-headers">&lt;xml-fragment/></con:setting></con:settings><con:encoding>UTF-8</con:encoding><con:endpoint>https://esb-security-gw.sta.srv.cirb.lan:8443/services/AccessManagerService_v1.0</con:endpoint><con:request><![CDATA[<soapenv:Envelope xmlns:soapenv="http://schemas.xmlsoap.org/soap/envelope/" xmlns:v1="http://fidus.brussels/service/accessmanagerservice/messages/v1" xmlns:v11="http://fidus.brussels/type/common/messages/v1" xmlns:v31="http://socialsecurity.be/umanentityrepresentative/types/v3" >
   <soapenv:Header/>
   <soapenv:Body>
      <v1:getEntityRepresentativesRequest>
         <v1:messageContext>
         	  <v11:messageId>${=import static java.util.UUID.randomUUID; uuid = randomUUID() as String}</v11:messageId>
            <v11:timestamp>${=new java.text.SimpleDateFormat("yyyy-MM-dd'T'HH:mm:ss.SSS").format(new Date())}</v11:timestamp>
         </v1:messageContext>
         <v1:legalContext>ServiceIntegrator</v1:legalContext>
         <v1:request>
            <v1:Domain>QUAL_FED_HEALTHCARE</v1:Domain>
            <v1:OrganisationId>
               <v31:Identifier>1990000431</v31:Identifier>
               <v31:IdentifierType>BEEHP</v31:IdentifierType>
            </v1:OrganisationId>
            <v1:Language>nl</v1:Language>
         </v1:request>
      </v1:getEntityRepresentativesRequest>
   </soapenv:Body>
</soapenv:Envelope>]]></con:request><con:credentials><con:selectedAuthProfile>Basic</con:selectedAuthProfile><con:addedBasicAuthenticationTypes>Basic</con:addedBasicAuthenticationTypes><con:authType>Global HTTP Settings</con:authType></con:credentials><con:jmsConfig JMSDeliveryMode="PERSISTENT"/><con:jmsPropertyConfig/><con:wsaConfig mustUnderstand="NONE" version="200508" action="http://fidus.brussels/services/accessmanagerservice/getEntityRepresentatives"/><con:wsrmConfig version="1.2"/></con:call><con:call id="ef6c35a1-f4e3-4dd6-a882-d688ac89801e" name="4 - Staging - External - Request" outgoingWss="Outflow STAGING" incomingWss="Inflow STAGING"><con:settings><con:setting id="com.eviware.soapui.impl.wsdl.WsdlRequest@request-headers">&lt;xml-fragment/></con:setting></con:settings><con:encoding>UTF-8</con:encoding><con:endpoint>https://fidus-esb-sg.sta.srv.cirb.lan:8443/services/AccessManagerService_v1.0</con:endpoint><con:request><![CDATA[<soapenv:Envelope xmlns:soapenv="http://schemas.xmlsoap.org/soap/envelope/" xmlns:v1="http://fidus.brussels/service/accessmanagerservice/messages/v1" xmlns:v11="http://fidus.brussels/type/common/messages/v1" xmlns:v31="http://socialsecurity.be/umanentityrepresentative/types/v3" >
   <soapenv:Header/>
   <soapenv:Body>
      <v1:getEntityRepresentativesRequest>
         <v1:messageContext>
         	  <v11:messageId>${=import static java.util.UUID.randomUUID; uuid = randomUUID() as String}</v11:messageId>
            <v11:timestamp>${=new java.text.SimpleDateFormat("yyyy-MM-dd'T'HH:mm:ss.SSS").format(new Date())}</v11:timestamp>
         </v1:messageContext>
         <v1:legalContext>ServiceIntegrator</v1:legalContext>
         <v1:request>
            <v1:Domain>QUAL_FED_HEALTHCARE</v1:Domain>
            <v1:OrganisationId>
               <v31:Identifier>1990000431</v31:Identifier>
               <v31:IdentifierType>BEEHP</v31:IdentifierType>
            </v1:OrganisationId>
            <v1:Language>nl</v1:Language>
         </v1:request>
      </v1:getEntityRepresentativesRequest>
   </soapenv:Body>
</soapenv:Envelope>]]></con:request><con:credentials><con:selectedAuthProfile>Basic</con:selectedAuthProfile><con:addedBasicAuthenticationTypes>Basic</con:addedBasicAuthenticationTypes><con:authType>Global HTTP Settings</con:authType></con:credentials><con:jmsConfig JMSDeliveryMode="PERSISTENT"/><con:jmsPropertyConfig/><con:wsaConfig mustUnderstand="NONE" version="200508" action="http://fidus.brussels/services/accessmanagerservice/getEntityRepresentatives"/><con:wsrmConfig version="1.2"/></con:call></con:operation><con:operation id="1ada035c-f750-459e-a201-428e5fb2b469" isOneWay="false" action="http://fidus.brussels/services/accessmanagerservice/getOrganisationChildNodes" name="getOrganisationChildNodes" bindingOperationName="getOrganisationChildNodes" type="Request-Response" inputName="" receivesAttachments="false" sendsAttachments="false" anonymous="optional"><con:settings/><con:call id="0bde390e-f55b-4b7f-aedb-4f7b85f196c9" name="1 - Local - Request - OK" outgoingWss="Outflow DEV" incomingWss="Inflow DEV"><con:settings><con:setting id="com.eviware.soapui.impl.wsdl.WsdlRequest@request-headers">&lt;xml-fragment/></con:setting></con:settings><con:encoding>UTF-8</con:encoding><con:endpoint>https://localhost:8243/services/AccessManagerService_v1.0</con:endpoint><con:request><![CDATA[<soapenv:Envelope xmlns:soapenv="http://schemas.xmlsoap.org/soap/envelope/" xmlns:v1="http://fidus.brussels/service/accessmanagerservice/messages/v1" xmlns:v11="http://fidus.brussels/type/common/messages/v1" xmlns:v31="http://socialsecurity.be/umanentityrepresentative/types/v3">
   <soapenv:Header/>
   <soapenv:Body>
      <v1:getOrganisationChildNodesRequest>
         <v1:messageContext>
         	  <v11:messageId>${=import static java.util.UUID.randomUUID; uuid = randomUUID() as String}</v11:messageId>
            <v11:timestamp>${=new java.text.SimpleDateFormat("yyyy-MM-dd'T'HH:mm:ss.SSS").format(new Date())}</v11:timestamp>
         </v1:messageContext>
         <v1:legalContext>ServiceIntegrator</v1:legalContext>
         <v1:request>
            <v1:Domain>QUAL_FED_HEALTHCARE</v1:Domain>
            <v1:OrganisationId>
               <v31:Identifier>1990000431</v31:Identifier>
               <v31:IdentifierType>BEEHP</v31:IdentifierType>
            </v1:OrganisationId>
            <v1:Language>nl</v1:Language>
         </v1:request>
      </v1:getOrganisationChildNodesRequest>
   </soapenv:Body>
</soapenv:Envelope>]]></con:request><con:credentials><con:selectedAuthProfile>Basic</con:selectedAuthProfile><con:addedBasicAuthenticationTypes>Basic</con:addedBasicAuthenticationTypes><con:authType>Global HTTP Settings</con:authType></con:credentials><con:jmsConfig JMSDeliveryMode="PERSISTENT"/><con:jmsPropertyConfig/><con:wsaConfig mustUnderstand="NONE" version="200508" action="http://fidus.brussels/services/accessmanagerservice/getOrganisationChildNodes"/><con:wsrmConfig version="1.2"/></con:call><con:call id="eba2e52f-9b3e-43c5-b703-ebcc56afdb97" name="2 - Dev - Request - OK" incomingWss="Inflow DEV" outgoingWss="Outflow DEV"><con:settings><con:setting id="com.eviware.soapui.impl.wsdl.WsdlRequest@request-headers">&lt;xml-fragment/></con:setting></con:settings><con:encoding>UTF-8</con:encoding><con:endpoint>https://192.168.36.61:8243/services/AccessManagerService_v1.0</con:endpoint><con:request><![CDATA[<soapenv:Envelope xmlns:soapenv="http://schemas.xmlsoap.org/soap/envelope/" xmlns:v1="http://fidus.brussels/service/accessmanagerservice/messages/v1" xmlns:v11="http://fidus.brussels/type/common/messages/v1" xmlns:v31="http://socialsecurity.be/umanentityrepresentative/types/v3">
   <soapenv:Header/>
   <soapenv:Body>
      <v1:getOrganisationChildNodesRequest>
         <v1:messageContext>
         	  <v11:messageId>${=import static java.util.UUID.randomUUID; uuid = randomUUID() as String}</v11:messageId>
            <v11:timestamp>${=new java.text.SimpleDateFormat("yyyy-MM-dd'T'HH:mm:ss.SSS").format(new Date())}</v11:timestamp>
         </v1:messageContext>
         <v1:legalContext>ServiceIntegrator</v1:legalContext>
         <v1:request>
            <v1:Domain>QUAL_FED_HEALTHCARE</v1:Domain>
            <v1:OrganisationId>
               <v31:Identifier>1990000431</v31:Identifier>
               <v31:IdentifierType>BEEHP</v31:IdentifierType>
            </v1:OrganisationId>
            <v1:Language>nl</v1:Language>
         </v1:request>
      </v1:getOrganisationChildNodesRequest>
   </soapenv:Body>
</soapenv:Envelope>]]></con:request><con:credentials><con:selectedAuthProfile>Basic</con:selectedAuthProfile><con:addedBasicAuthenticationTypes>Basic</con:addedBasicAuthenticationTypes><con:authType>Global HTTP Settings</con:authType></con:credentials><con:jmsConfig JMSDeliveryMode="PERSISTENT"/><con:jmsPropertyConfig/><con:wsaConfig mustUnderstand="NONE" version="200508" action="http://fidus.brussels/services/accessmanagerservice/getOrganisationChildNodes"/><con:wsrmConfig version="1.2"/></con:call><con:call id="d7988042-f538-4a25-b99b-e9c5ecfab90c" name="3 - Test - LB - Request" outgoingWss="Outflow TEST" incomingWss="Inflow TEST"><con:settings><con:setting id="com.eviware.soapui.impl.wsdl.WsdlRequest@request-headers">&lt;xml-fragment/></con:setting></con:settings><con:encoding>UTF-8</con:encoding><con:endpoint>https://esb-security-gw.sta.srv.cirb.lan:8443/services/AccessManagerService_v1.0</con:endpoint><con:request><![CDATA[<soapenv:Envelope xmlns:soapenv="http://schemas.xmlsoap.org/soap/envelope/" xmlns:v1="http://fidus.brussels/service/accessmanagerservice/messages/v1" xmlns:v11="http://fidus.brussels/type/common/messages/v1" xmlns:v31="http://socialsecurity.be/umanentityrepresentative/types/v3">
   <soapenv:Header/>
   <soapenv:Body>
      <v1:getOrganisationChildNodesRequest>
         <v1:messageContext>
         	  <v11:messageId>${=import static java.util.UUID.randomUUID; uuid = randomUUID() as String}</v11:messageId>
            <v11:timestamp>${=new java.text.SimpleDateFormat("yyyy-MM-dd'T'HH:mm:ss.SSS").format(new Date())}</v11:timestamp>
         </v1:messageContext>
         <v1:legalContext>ServiceIntegrator</v1:legalContext>
         <v1:request>
            <v1:Domain>QUAL_FED_HEALTHCARE</v1:Domain>
            <v1:OrganisationId>
               <v31:Identifier>1990000431</v31:Identifier>
               <v31:IdentifierType>BEEHP</v31:IdentifierType>
            </v1:OrganisationId>
            <v1:Language>nl</v1:Language>
         </v1:request>
      </v1:getOrganisationChildNodesRequest>
   </soapenv:Body>
</soapenv:Envelope>]]></con:request><con:credentials><con:selectedAuthProfile>Basic</con:selectedAuthProfile><con:addedBasicAuthenticationTypes>Basic</con:addedBasicAuthenticationTypes><con:authType>Global HTTP Settings</con:authType></con:credentials><con:jmsConfig JMSDeliveryMode="PERSISTENT"/><con:jmsPropertyConfig/><con:wsaConfig mustUnderstand="NONE" version="200508" action="http://fidus.brussels/services/accessmanagerservice/getOrganisationChildNodes"/><con:wsrmConfig version="1.2"/></con:call><con:call id="361adb88-ddeb-431b-804d-9d0b67ea18ba" name="4 - Staging - LB - Request" incomingWss="Inflow STAGING" outgoingWss="Outflow STAGING"><con:settings><con:setting id="com.eviware.soapui.impl.wsdl.WsdlRequest@request-headers">&lt;xml-fragment/></con:setting></con:settings><con:encoding>UTF-8</con:encoding><con:endpoint>https://fidus-esb-sg.sta.srv.cirb.lan:8443/services/AccessManagerService_v1.0</con:endpoint><con:request><![CDATA[<soapenv:Envelope xmlns:soapenv="http://schemas.xmlsoap.org/soap/envelope/" xmlns:v1="http://fidus.brussels/service/accessmanagerservice/messages/v1" xmlns:v11="http://fidus.brussels/type/common/messages/v1" xmlns:v31="http://socialsecurity.be/umanentityrepresentative/types/v3">
   <soapenv:Header/>
   <soapenv:Body>
      <v1:getOrganisationChildNodesRequest>
         <v1:messageContext>
         	  <v11:messageId>${=import static java.util.UUID.randomUUID; uuid = randomUUID() as String}</v11:messageId>
            <v11:timestamp>${=new java.text.SimpleDateFormat("yyyy-MM-dd'T'HH:mm:ss.SSS").format(new Date())}</v11:timestamp>
         </v1:messageContext>
         <v1:legalContext>ServiceIntegrator</v1:legalContext>
         <v1:request>
            <v1:Domain>QUAL_FED_HEALTHCARE</v1:Domain>
            <v1:OrganisationId>
               <v31:Identifier>1990000431</v31:Identifier>
               <v31:IdentifierType>BEEHP</v31:IdentifierType>
            </v1:OrganisationId>
            <v1:Language>nl</v1:Language>
         </v1:request>
      </v1:getOrganisationChildNodesRequest>
   </soapenv:Body>
</soapenv:Envelope>]]></con:request><con:credentials><con:selectedAuthProfile>Basic</con:selectedAuthProfile><con:addedBasicAuthenticationTypes>Basic</con:addedBasicAuthenticationTypes><con:authType>Global HTTP Settings</con:authType></con:credentials><con:jmsConfig JMSDeliveryMode="PERSISTENT"/><con:jmsPropertyConfig/><con:wsaConfig mustUnderstand="NONE" version="200508" action="http://fidus.brussels/services/accessmanagerservice/getOrganisationChildNodes"/><con:wsrmConfig version="1.2"/></con:call><con:call id="3653606e-ac74-4d28-9f57-25a537e0d142" name="5 - Prod - External - Request" incomingWss="Inflow PROD" outgoingWss="Outflow PROD"><con:settings><con:setting id="com.eviware.soapui.impl.wsdl.WsdlRequest@request-headers">&lt;xml-fragment/></con:setting></con:settings><con:encoding>UTF-8</con:encoding><con:endpoint>https://fidus.sec.brussels/services/AccessManagerService_v1.0</con:endpoint><con:request><![CDATA[<soapenv:Envelope xmlns:soapenv="http://schemas.xmlsoap.org/soap/envelope/" xmlns:v1="http://fidus.brussels/service/accessmanagerservice/messages/v1" xmlns:v11="http://fidus.brussels/type/common/messages/v1" xmlns:v31="http://socialsecurity.be/umanentityrepresentative/types/v3">
   <soapenv:Header/>
   <soapenv:Body>
      <v1:getOrganisationChildNodesRequest>
         <v1:messageContext>
         	  <v11:messageId>${=import static java.util.UUID.randomUUID; uuid = randomUUID() as String}</v11:messageId>
            <v11:timestamp>${=new java.text.SimpleDateFormat("yyyy-MM-dd'T'HH:mm:ss.SSS").format(new Date())}</v11:timestamp>
         </v1:messageContext>
         <v1:legalContext>ServiceIntegrator</v1:legalContext>
         <v1:request>
            <v1:Domain>QUAL_FED_HEALTHCARE</v1:Domain>
            <v1:OrganisationId>
               <v31:Identifier>1990000431</v31:Identifier>
               <v31:IdentifierType>BEEHP</v31:IdentifierType>
            </v1:OrganisationId>
            <v1:Language>nl</v1:Language>
         </v1:request>
      </v1:getOrganisationChildNodesRequest>
   </soapenv:Body>
</soapenv:Envelope>]]></con:request><con:credentials><con:selectedAuthProfile>Basic</con:selectedAuthProfile><con:addedBasicAuthenticationTypes>Basic</con:addedBasicAuthenticationTypes><con:authType>Global HTTP Settings</con:authType></con:credentials><con:jmsConfig JMSDeliveryMode="PERSISTENT"/><con:jmsPropertyConfig/><con:wsaConfig mustUnderstand="NONE" version="200508" action="http://fidus.brussels/services/accessmanagerservice/getOrganisationChildNodes"/><con:wsrmConfig version="1.2"/></con:call><con:call id="f805c554-4c9b-426e-bb71-e399f475bde7" name="1 - Local - Request - Not Found" incomingWss="Inflow DEV" outgoingWss="Outflow DEV"><con:settings><con:setting id="com.eviware.soapui.impl.wsdl.WsdlRequest@request-headers">&lt;xml-fragment/></con:setting></con:settings><con:encoding>UTF-8</con:encoding><con:endpoint>https://localhost:8243/services/AccessManagerService_v1.0</con:endpoint><con:request><![CDATA[<soapenv:Envelope xmlns:soapenv="http://schemas.xmlsoap.org/soap/envelope/" xmlns:v1="http://fidus.brussels/service/accessmanagerservice/messages/v1" xmlns:v11="http://fidus.brussels/type/common/messages/v1" xmlns:v31="http://socialsecurity.be/umanentityrepresentative/types/v3">
   <soapenv:Header/>
   <soapenv:Body>
      <v1:getOrganisationChildNodesRequest>
         <v1:messageContext>
         	  <v11:messageId>${=import static java.util.UUID.randomUUID; uuid = randomUUID() as String}</v11:messageId>
            <v11:timestamp>${=new java.text.SimpleDateFormat("yyyy-MM-dd'T'HH:mm:ss.SSS").format(new Date())}</v11:timestamp>
         </v1:messageContext>
         <v1:legalContext>ServiceIntegrator</v1:legalContext>
         <v1:request>
            <v1:Domain>FREELANCE</v1:Domain>
            <v1:OrganisationId>
               <v31:Identifier>1990000431</v31:Identifier>
               <v31:IdentifierType>BEEHP</v31:IdentifierType>
            </v1:OrganisationId>
            <v1:Language>nl</v1:Language>
         </v1:request>
      </v1:getOrganisationChildNodesRequest>
   </soapenv:Body>
</soapenv:Envelope>]]></con:request><con:credentials><con:selectedAuthProfile>Basic</con:selectedAuthProfile><con:addedBasicAuthenticationTypes>Basic</con:addedBasicAuthenticationTypes><con:authType>Global HTTP Settings</con:authType></con:credentials><con:jmsConfig JMSDeliveryMode="PERSISTENT"/><con:jmsPropertyConfig/><con:wsaConfig mustUnderstand="NONE" version="200508" action="http://fidus.brussels/services/accessmanagerservice/getOrganisationChildNodes"/><con:wsrmConfig version="1.2"/></con:call><con:call id="be34b6cf-a08f-432c-a635-5768c8b5e8e9" name="2 - Dev - Request - Not Found" outgoingWss="Outflow DEV" incomingWss="Inflow DEV"><con:settings><con:setting id="com.eviware.soapui.impl.wsdl.WsdlRequest@request-headers">&lt;xml-fragment/></con:setting></con:settings><con:encoding>UTF-8</con:encoding><con:endpoint>https://192.168.36.61:8243/services/AccessManagerService_v1.0</con:endpoint><con:request><![CDATA[<soapenv:Envelope xmlns:soapenv="http://schemas.xmlsoap.org/soap/envelope/" xmlns:v1="http://fidus.brussels/service/accessmanagerservice/messages/v1" xmlns:v11="http://fidus.brussels/type/common/messages/v1" xmlns:v31="http://socialsecurity.be/umanentityrepresentative/types/v3">
   <soapenv:Header/>
   <soapenv:Body>
      <v1:getOrganisationChildNodesRequest>
         <v1:messageContext>
         	  <v11:messageId>${=import static java.util.UUID.randomUUID; uuid = randomUUID() as String}</v11:messageId>
            <v11:timestamp>${=new java.text.SimpleDateFormat("yyyy-MM-dd'T'HH:mm:ss.SSS").format(new Date())}</v11:timestamp>
         </v1:messageContext>
         <v1:legalContext>ServiceIntegrator</v1:legalContext>
         <v1:request>
            <v1:Domain>FREELANCE</v1:Domain>
            <v1:OrganisationId>
               <v31:Identifier>1990000431</v31:Identifier>
               <v31:IdentifierType>BEEHP</v31:IdentifierType>
            </v1:OrganisationId>
            <v1:Language>nl</v1:Language>
         </v1:request>
      </v1:getOrganisationChildNodesRequest>
   </soapenv:Body>
</soapenv:Envelope>]]></con:request><con:credentials><con:selectedAuthProfile>Basic</con:selectedAuthProfile><con:addedBasicAuthenticationTypes>Basic</con:addedBasicAuthenticationTypes><con:authType>Global HTTP Settings</con:authType></con:credentials><con:jmsConfig JMSDeliveryMode="PERSISTENT"/><con:jmsPropertyConfig/><con:wsaConfig mustUnderstand="NONE" version="200508" action="http://fidus.brussels/services/accessmanagerservice/getOrganisationChildNodes"/><con:wsrmConfig version="1.2"/></con:call><con:call id="71a75f70-b66d-43a5-8c0f-a9b2b996efd6" name="3 - Test - Worker1 - Request" incomingWss="Inflow TEST" outgoingWss="Outflow TEST"><con:settings><con:setting id="com.eviware.soapui.impl.wsdl.WsdlRequest@request-headers">&lt;xml-fragment/></con:setting></con:settings><con:encoding>UTF-8</con:encoding><con:endpoint>https://192.168.22.53:8443/services/AccessManagerService_v1.0</con:endpoint><con:request><![CDATA[<soapenv:Envelope xmlns:soapenv="http://schemas.xmlsoap.org/soap/envelope/" xmlns:v1="http://fidus.brussels/service/accessmanagerservice/messages/v1" xmlns:v11="http://fidus.brussels/type/common/messages/v1" xmlns:v31="http://socialsecurity.be/umanentityrepresentative/types/v3">
   <soapenv:Header/>
   <soapenv:Body>
      <v1:getOrganisationChildNodesRequest>
         <v1:messageContext>
         	  <v11:messageId>${=import static java.util.UUID.randomUUID; uuid = randomUUID() as String}</v11:messageId>
            <v11:timestamp>${=new java.text.SimpleDateFormat("yyyy-MM-dd'T'HH:mm:ss.SSS").format(new Date())}</v11:timestamp>
         </v1:messageContext>
         <v1:legalContext>ServiceIntegrator</v1:legalContext>
         <v1:request>
            <v1:Domain>QUAL_FED_HEALTHCARE</v1:Domain>
            <v1:OrganisationId>
               <v31:Identifier>1990000431</v31:Identifier>
               <v31:IdentifierType>BEEHP</v31:IdentifierType>
            </v1:OrganisationId>
            <v1:Language>nl</v1:Language>
         </v1:request>
      </v1:getOrganisationChildNodesRequest>
   </soapenv:Body>
</soapenv:Envelope>]]></con:request><con:credentials><con:selectedAuthProfile>Basic</con:selectedAuthProfile><con:addedBasicAuthenticationTypes>Basic</con:addedBasicAuthenticationTypes><con:authType>Global HTTP Settings</con:authType></con:credentials><con:jmsConfig JMSDeliveryMode="PERSISTENT"/><con:jmsPropertyConfig/><con:wsaConfig mustUnderstand="NONE" version="200508" action="http://fidus.brussels/services/accessmanagerservice/getOrganisationChildNodes"/><con:wsrmConfig version="1.2"/></con:call><con:call id="481b251d-b566-4b08-aea6-d4f44e773461" name="3 - Test - Worker2 - Request" incomingWss="Inflow TEST" outgoingWss="Outflow TEST"><con:settings><con:setting id="com.eviware.soapui.impl.wsdl.WsdlRequest@request-headers">&lt;xml-fragment/></con:setting></con:settings><con:encoding>UTF-8</con:encoding><con:endpoint>https://192.168.22.54:8443/services/AccessManagerService_v1.0</con:endpoint><con:request><![CDATA[<soapenv:Envelope xmlns:soapenv="http://schemas.xmlsoap.org/soap/envelope/" xmlns:v1="http://fidus.brussels/service/accessmanagerservice/messages/v1" xmlns:v11="http://fidus.brussels/type/common/messages/v1" xmlns:v31="http://socialsecurity.be/umanentityrepresentative/types/v3">
   <soapenv:Header/>
   <soapenv:Body>
      <v1:getOrganisationChildNodesRequest>
         <v1:messageContext>
         	  <v11:messageId>${=import static java.util.UUID.randomUUID; uuid = randomUUID() as String}</v11:messageId>
            <v11:timestamp>${=new java.text.SimpleDateFormat("yyyy-MM-dd'T'HH:mm:ss.SSS").format(new Date())}</v11:timestamp>
         </v1:messageContext>
         <v1:legalContext>ServiceIntegrator</v1:legalContext>
         <v1:request>
            <v1:Domain>QUAL_FED_HEALTHCARE</v1:Domain>
            <v1:OrganisationId>
               <v31:Identifier>1990000431</v31:Identifier>
               <v31:IdentifierType>BEEHP</v31:IdentifierType>
            </v1:OrganisationId>
            <v1:Language>nl</v1:Language>
         </v1:request>
      </v1:getOrganisationChildNodesRequest>
   </soapenv:Body>
</soapenv:Envelope>]]></con:request><con:credentials><con:selectedAuthProfile>Basic</con:selectedAuthProfile><con:addedBasicAuthenticationTypes>Basic</con:addedBasicAuthenticationTypes><con:authType>Global HTTP Settings</con:authType></con:credentials><con:jmsConfig JMSDeliveryMode="PERSISTENT"/><con:jmsPropertyConfig/><con:wsaConfig mustUnderstand="NONE" version="200508" action="http://fidus.brussels/services/accessmanagerservice/getOrganisationChildNodes"/><con:wsrmConfig version="1.2"/></con:call><con:call id="0921d4fe-5316-41a3-90d9-4c1e442ef5ea" name="4 - Staging - Worker1 - Request" incomingWss="Inflow STAGING" outgoingWss="Outflow STAGING"><con:settings><con:setting id="com.eviware.soapui.impl.wsdl.WsdlRequest@request-headers">&lt;xml-fragment/></con:setting></con:settings><con:encoding>UTF-8</con:encoding><con:endpoint>https://192.168.24.16:8443/services/AccessManagerService_v1.0</con:endpoint><con:request><![CDATA[<soapenv:Envelope xmlns:soapenv="http://schemas.xmlsoap.org/soap/envelope/" xmlns:v1="http://fidus.brussels/service/accessmanagerservice/messages/v1" xmlns:v11="http://fidus.brussels/type/common/messages/v1" xmlns:v31="http://socialsecurity.be/umanentityrepresentative/types/v3">
   <soapenv:Header/>
   <soapenv:Body>
      <v1:getOrganisationChildNodesRequest>
         <v1:messageContext>
         	  <v11:messageId>${=import static java.util.UUID.randomUUID; uuid = randomUUID() as String}</v11:messageId>
            <v11:timestamp>${=new java.text.SimpleDateFormat("yyyy-MM-dd'T'HH:mm:ss.SSS").format(new Date())}</v11:timestamp>
         </v1:messageContext>
         <v1:legalContext>ServiceIntegrator</v1:legalContext>
         <v1:request>
            <v1:Domain>QUAL_FED_HEALTHCARE</v1:Domain>
            <v1:OrganisationId>
               <v31:Identifier>1990000431</v31:Identifier>
               <v31:IdentifierType>BEEHP</v31:IdentifierType>
            </v1:OrganisationId>
            <v1:Language>nl</v1:Language>
         </v1:request>
      </v1:getOrganisationChildNodesRequest>
   </soapenv:Body>
</soapenv:Envelope>]]></con:request><con:credentials><con:selectedAuthProfile>Basic</con:selectedAuthProfile><con:addedBasicAuthenticationTypes>Basic</con:addedBasicAuthenticationTypes><con:authType>Global HTTP Settings</con:authType></con:credentials><con:jmsConfig JMSDeliveryMode="PERSISTENT"/><con:jmsPropertyConfig/><con:wsaConfig mustUnderstand="NONE" version="200508" action="http://fidus.brussels/services/accessmanagerservice/getOrganisationChildNodes"/><con:wsrmConfig version="1.2"/></con:call><con:call id="6062bc62-0548-479c-8ca8-47164dad11fb" name="4 - Staging - Worker2 - Request" incomingWss="Inflow STAGING" outgoingWss="Outflow STAGING"><con:settings><con:setting id="com.eviware.soapui.impl.wsdl.WsdlRequest@request-headers">&lt;xml-fragment/></con:setting></con:settings><con:encoding>UTF-8</con:encoding><con:endpoint>https://192.168.24.17:8443/services/AccessManagerService_v1.0</con:endpoint><con:request><![CDATA[<soapenv:Envelope xmlns:soapenv="http://schemas.xmlsoap.org/soap/envelope/" xmlns:v1="http://fidus.brussels/service/accessmanagerservice/messages/v1" xmlns:v11="http://fidus.brussels/type/common/messages/v1" xmlns:v31="http://socialsecurity.be/umanentityrepresentative/types/v3">
   <soapenv:Header/>
   <soapenv:Body>
      <v1:getOrganisationChildNodesRequest>
         <v1:messageContext>
         	  <v11:messageId>${=import static java.util.UUID.randomUUID; uuid = randomUUID() as String}</v11:messageId>
            <v11:timestamp>${=new java.text.SimpleDateFormat("yyyy-MM-dd'T'HH:mm:ss.SSS").format(new Date())}</v11:timestamp>
         </v1:messageContext>
         <v1:legalContext>ServiceIntegrator</v1:legalContext>
         <v1:request>
            <v1:Domain>QUAL_FED_HEALTHCARE</v1:Domain>
            <v1:OrganisationId>
               <v31:Identifier>1990000431</v31:Identifier>
               <v31:IdentifierType>BEEHP</v31:IdentifierType>
            </v1:OrganisationId>
            <v1:Language>nl</v1:Language>
         </v1:request>
      </v1:getOrganisationChildNodesRequest>
   </soapenv:Body>
</soapenv:Envelope>]]></con:request><con:credentials><con:selectedAuthProfile>Basic</con:selectedAuthProfile><con:addedBasicAuthenticationTypes>Basic</con:addedBasicAuthenticationTypes><con:authType>Global HTTP Settings</con:authType></con:credentials><con:jmsConfig JMSDeliveryMode="PERSISTENT"/><con:jmsPropertyConfig/><con:wsaConfig mustUnderstand="NONE" version="200508" action="http://fidus.brussels/services/accessmanagerservice/getOrganisationChildNodes"/><con:wsrmConfig version="1.2"/></con:call><con:call id="4582e159-15cd-4905-a4e9-339b9c4ac4d0" name="5 - Prod - LB - Request" incomingWss="Inflow PROD" outgoingWss="Outflow PROD"><con:settings><con:setting id="com.eviware.soapui.impl.wsdl.WsdlRequest@request-headers">&lt;xml-fragment/></con:setting></con:settings><con:encoding>UTF-8</con:encoding><con:endpoint>https://fidus-esb-sg.prd.srv.cirb.lan:8443/services/AccessManagerService_v1.0</con:endpoint><con:request><![CDATA[<soapenv:Envelope xmlns:soapenv="http://schemas.xmlsoap.org/soap/envelope/" xmlns:v1="http://fidus.brussels/service/accessmanagerservice/messages/v1" xmlns:v11="http://fidus.brussels/type/common/messages/v1" xmlns:v31="http://socialsecurity.be/umanentityrepresentative/types/v3">
   <soapenv:Header/>
   <soapenv:Body>
      <v1:getOrganisationChildNodesRequest>
         <v1:messageContext>
         	  <v11:messageId>${=import static java.util.UUID.randomUUID; uuid = randomUUID() as String}</v11:messageId>
            <v11:timestamp>${=new java.text.SimpleDateFormat("yyyy-MM-dd'T'HH:mm:ss.SSS").format(new Date())}</v11:timestamp>
         </v1:messageContext>
         <v1:legalContext>ServiceIntegrator</v1:legalContext>
         <v1:request>
            <v1:Domain>QUAL_FED_HEALTHCARE</v1:Domain>
            <v1:OrganisationId>
               <v31:Identifier>1990000431</v31:Identifier>
               <v31:IdentifierType>BEEHP</v31:IdentifierType>
            </v1:OrganisationId>
            <v1:Language>nl</v1:Language>
         </v1:request>
      </v1:getOrganisationChildNodesRequest>
   </soapenv:Body>
</soapenv:Envelope>]]></con:request><con:credentials><con:selectedAuthProfile>Basic</con:selectedAuthProfile><con:addedBasicAuthenticationTypes>Basic</con:addedBasicAuthenticationTypes><con:authType>Global HTTP Settings</con:authType></con:credentials><con:jmsConfig JMSDeliveryMode="PERSISTENT"/><con:jmsPropertyConfig/><con:wsaConfig mustUnderstand="NONE" version="200508" action="http://fidus.brussels/services/accessmanagerservice/getOrganisationChildNodes"/><con:wsrmConfig version="1.2"/></con:call><con:call id="515addc6-997a-4a6a-aa8c-449cbc184e2c" name="5 - Prod - Worker1 - Request" incomingWss="Inflow PROD" outgoingWss="Outflow PROD"><con:settings><con:setting id="com.eviware.soapui.impl.wsdl.WsdlRequest@request-headers">&lt;xml-fragment/></con:setting></con:settings><con:encoding>UTF-8</con:encoding><con:endpoint>https://192.168.26.22:8443/services/AccessManagerService_v1.0</con:endpoint><con:request><![CDATA[<soapenv:Envelope xmlns:soapenv="http://schemas.xmlsoap.org/soap/envelope/" xmlns:v1="http://fidus.brussels/service/accessmanagerservice/messages/v1" xmlns:v11="http://fidus.brussels/type/common/messages/v1" xmlns:v31="http://socialsecurity.be/umanentityrepresentative/types/v3">
   <soapenv:Header/>
   <soapenv:Body>
      <v1:getOrganisationChildNodesRequest>
         <v1:messageContext>
         	  <v11:messageId>${=import static java.util.UUID.randomUUID; uuid = randomUUID() as String}</v11:messageId>
            <v11:timestamp>${=new java.text.SimpleDateFormat("yyyy-MM-dd'T'HH:mm:ss.SSS").format(new Date())}</v11:timestamp>
         </v1:messageContext>
         <v1:legalContext>ServiceIntegrator</v1:legalContext>
         <v1:request>
            <v1:Domain>QUAL_FED_HEALTHCARE</v1:Domain>
            <v1:OrganisationId>
               <v31:Identifier>1990000431</v31:Identifier>
               <v31:IdentifierType>BEEHP</v31:IdentifierType>
            </v1:OrganisationId>
            <v1:Language>nl</v1:Language>
         </v1:request>
      </v1:getOrganisationChildNodesRequest>
   </soapenv:Body>
</soapenv:Envelope>]]></con:request><con:credentials><con:selectedAuthProfile>Basic</con:selectedAuthProfile><con:addedBasicAuthenticationTypes>Basic</con:addedBasicAuthenticationTypes><con:authType>Global HTTP Settings</con:authType></con:credentials><con:jmsConfig JMSDeliveryMode="PERSISTENT"/><con:jmsPropertyConfig/><con:wsaConfig mustUnderstand="NONE" version="200508" action="http://fidus.brussels/services/accessmanagerservice/getOrganisationChildNodes"/><con:wsrmConfig version="1.2"/></con:call><con:call id="18a8a466-7266-4883-9a71-2c9e8b94b94a" name="5 - Prod - Worker2 - Request" incomingWss="Inflow PROD" outgoingWss="Outflow PROD"><con:settings><con:setting id="com.eviware.soapui.impl.wsdl.WsdlRequest@request-headers">&lt;xml-fragment/></con:setting></con:settings><con:encoding>UTF-8</con:encoding><con:endpoint>https://192.168.26.19:8443/services/AccessManagerService_v1.0</con:endpoint><con:request><![CDATA[<soapenv:Envelope xmlns:soapenv="http://schemas.xmlsoap.org/soap/envelope/" xmlns:v1="http://fidus.brussels/service/accessmanagerservice/messages/v1" xmlns:v11="http://fidus.brussels/type/common/messages/v1" xmlns:v31="http://socialsecurity.be/umanentityrepresentative/types/v3">
   <soapenv:Header/>
   <soapenv:Body>
      <v1:getOrganisationChildNodesRequest>
         <v1:messageContext>
         	  <v11:messageId>${=import static java.util.UUID.randomUUID; uuid = randomUUID() as String}</v11:messageId>
            <v11:timestamp>${=new java.text.SimpleDateFormat("yyyy-MM-dd'T'HH:mm:ss.SSS").format(new Date())}</v11:timestamp>
         </v1:messageContext>
         <v1:legalContext>ServiceIntegrator</v1:legalContext>
         <v1:request>
            <v1:Domain>QUAL_FED_HEALTHCARE</v1:Domain>
            <v1:OrganisationId>
               <v31:Identifier>1990000431</v31:Identifier>
               <v31:IdentifierType>BEEHP</v31:IdentifierType>
            </v1:OrganisationId>
            <v1:Language>nl</v1:Language>
         </v1:request>
      </v1:getOrganisationChildNodesRequest>
   </soapenv:Body>
</soapenv:Envelope>]]></con:request><con:credentials><con:selectedAuthProfile>Basic</con:selectedAuthProfile><con:addedBasicAuthenticationTypes>Basic</con:addedBasicAuthenticationTypes><con:authType>Global HTTP Settings</con:authType></con:credentials><con:jmsConfig JMSDeliveryMode="PERSISTENT"/><con:jmsPropertyConfig/><con:wsaConfig mustUnderstand="NONE" version="200508" action="http://fidus.brussels/services/accessmanagerservice/getOrganisationChildNodes"/><con:wsrmConfig version="1.2"/></con:call><con:call id="2be96f5a-0675-4575-86f6-7a94a23ba173" name="3 - Test - Worker1New - Request" outgoingWss="Outflow TEST" incomingWss="Inflow TEST"><con:settings><con:setting id="com.eviware.soapui.impl.wsdl.WsdlRequest@request-headers">&lt;xml-fragment/></con:setting></con:settings><con:encoding>UTF-8</con:encoding><con:endpoint>https://192.168.22.73:8443/services/AccessManagerService_v1.0</con:endpoint><con:request><![CDATA[<soapenv:Envelope xmlns:soapenv="http://schemas.xmlsoap.org/soap/envelope/" xmlns:v1="http://fidus.brussels/service/accessmanagerservice/messages/v1" xmlns:v11="http://fidus.brussels/type/common/messages/v1" xmlns:v31="http://socialsecurity.be/umanentityrepresentative/types/v3">
   <soapenv:Header/>
   <soapenv:Body>
      <v1:getOrganisationChildNodesRequest>
         <v1:messageContext>
         	  <v11:messageId>${=import static java.util.UUID.randomUUID; uuid = randomUUID() as String}</v11:messageId>
            <v11:timestamp>${=new java.text.SimpleDateFormat("yyyy-MM-dd'T'HH:mm:ss.SSS").format(new Date())}</v11:timestamp>
         </v1:messageContext>
         <v1:legalContext>ServiceIntegrator</v1:legalContext>
         <v1:request>
            <v1:Domain>QUAL_FED_HEALTHCARE</v1:Domain>
            <v1:OrganisationId>
               <v31:Identifier>1990000431</v31:Identifier>
               <v31:IdentifierType>BEEHP</v31:IdentifierType>
            </v1:OrganisationId>
            <v1:Language>nl</v1:Language>
         </v1:request>
      </v1:getOrganisationChildNodesRequest>
   </soapenv:Body>
</soapenv:Envelope>]]></con:request><con:credentials><con:selectedAuthProfile>Basic</con:selectedAuthProfile><con:addedBasicAuthenticationTypes>Basic</con:addedBasicAuthenticationTypes><con:authType>Global HTTP Settings</con:authType></con:credentials><con:jmsConfig JMSDeliveryMode="PERSISTENT"/><con:jmsPropertyConfig/><con:wsaConfig mustUnderstand="NONE" version="200508" action="http://fidus.brussels/services/accessmanagerservice/getOrganisationChildNodes"/><con:wsrmConfig version="1.2"/></con:call><con:call id="d8ca8bec-fbad-4caf-8049-84ee0cd6264a" name="3 - Test - Worker2New - Request" outgoingWss="Outflow TEST" incomingWss="Inflow TEST"><con:settings><con:setting id="com.eviware.soapui.impl.wsdl.WsdlRequest@request-headers">&lt;xml-fragment/></con:setting></con:settings><con:encoding>UTF-8</con:encoding><con:endpoint>https://192.168.22.93:8443/services/AccessManagerService_v1.0</con:endpoint><con:request><![CDATA[<soapenv:Envelope xmlns:soapenv="http://schemas.xmlsoap.org/soap/envelope/" xmlns:v1="http://fidus.brussels/service/accessmanagerservice/messages/v1" xmlns:v11="http://fidus.brussels/type/common/messages/v1" xmlns:v31="http://socialsecurity.be/umanentityrepresentative/types/v3">
   <soapenv:Header/>
   <soapenv:Body>
      <v1:getOrganisationChildNodesRequest>
         <v1:messageContext>
         	  <v11:messageId>${=import static java.util.UUID.randomUUID; uuid = randomUUID() as String}</v11:messageId>
            <v11:timestamp>${=new java.text.SimpleDateFormat("yyyy-MM-dd'T'HH:mm:ss.SSS").format(new Date())}</v11:timestamp>
         </v1:messageContext>
         <v1:legalContext>ServiceIntegrator</v1:legalContext>
         <v1:request>
            <v1:Domain>QUAL_FED_HEALTHCARE</v1:Domain>
            <v1:OrganisationId>
               <v31:Identifier>1990000431</v31:Identifier>
               <v31:IdentifierType>BEEHP</v31:IdentifierType>
            </v1:OrganisationId>
            <v1:Language>nl</v1:Language>
         </v1:request>
      </v1:getOrganisationChildNodesRequest>
   </soapenv:Body>
</soapenv:Envelope>]]></con:request><con:credentials><con:selectedAuthProfile>Basic</con:selectedAuthProfile><con:addedBasicAuthenticationTypes>Basic</con:addedBasicAuthenticationTypes><con:authType>Global HTTP Settings</con:authType></con:credentials><con:jmsConfig JMSDeliveryMode="PERSISTENT"/><con:jmsPropertyConfig/><con:wsaConfig mustUnderstand="NONE" version="200508" action="http://fidus.brussels/services/accessmanagerservice/getOrganisationChildNodes"/><con:wsrmConfig version="1.2"/></con:call><con:call id="e65b6270-9a46-4151-91f2-ae0911b63308" name="4 - Staging - Worker1New - Request"><con:settings><con:setting id="com.eviware.soapui.impl.wsdl.WsdlRequest@request-headers">&lt;xml-fragment/></con:setting></con:settings><con:encoding>UTF-8</con:encoding><con:endpoint>https://192.168.23.191:8443/services/AccessManagerService_v1.0</con:endpoint><con:request><![CDATA[<soapenv:Envelope xmlns:soapenv="http://schemas.xmlsoap.org/soap/envelope/" xmlns:v1="http://fidus.brussels/service/accessmanagerservice/messages/v1" xmlns:v11="http://fidus.brussels/type/common/messages/v1" xmlns:v31="http://socialsecurity.be/umanentityrepresentative/types/v3">
   <soapenv:Header/>
   <soapenv:Body>
      <v1:getOrganisationChildNodesRequest>
         <v1:messageContext>
         	  <v11:messageId>${=import static java.util.UUID.randomUUID; uuid = randomUUID() as String}</v11:messageId>
            <v11:timestamp>${=new java.text.SimpleDateFormat("yyyy-MM-dd'T'HH:mm:ss.SSS").format(new Date())}</v11:timestamp>
         </v1:messageContext>
         <v1:legalContext>ServiceIntegrator</v1:legalContext>
         <v1:request>
            <v1:Domain>QUAL_FED_HEALTHCARE</v1:Domain>
            <v1:OrganisationId>
               <v31:Identifier>1990000431</v31:Identifier>
               <v31:IdentifierType>BEEHP</v31:IdentifierType>
            </v1:OrganisationId>
            <v1:Language>nl</v1:Language>
         </v1:request>
      </v1:getOrganisationChildNodesRequest>
   </soapenv:Body>
</soapenv:Envelope>]]></con:request><con:credentials><con:selectedAuthProfile>Basic</con:selectedAuthProfile><con:addedBasicAuthenticationTypes>Basic</con:addedBasicAuthenticationTypes><con:authType>Global HTTP Settings</con:authType></con:credentials><con:jmsConfig JMSDeliveryMode="PERSISTENT"/><con:jmsPropertyConfig/><con:wsaConfig mustUnderstand="NONE" version="200508" action="http://fidus.brussels/services/accessmanagerservice/getOrganisationChildNodes"/><con:wsrmConfig version="1.2"/></con:call><con:call id="4d8e496c-2914-4d31-8939-cc2b2cc0a070" name="4 - Staging - Worker2New - Request"><con:settings><con:setting id="com.eviware.soapui.impl.wsdl.WsdlRequest@request-headers">&lt;xml-fragment/></con:setting></con:settings><con:encoding>UTF-8</con:encoding><con:endpoint>https://192.168.23.198:8443/services/AccessManagerService_v1.0</con:endpoint><con:request><![CDATA[<soapenv:Envelope xmlns:soapenv="http://schemas.xmlsoap.org/soap/envelope/" xmlns:v1="http://fidus.brussels/service/accessmanagerservice/messages/v1" xmlns:v11="http://fidus.brussels/type/common/messages/v1" xmlns:v31="http://socialsecurity.be/umanentityrepresentative/types/v3">
   <soapenv:Header/>
   <soapenv:Body>
      <v1:getOrganisationChildNodesRequest>
         <v1:messageContext>
         	  <v11:messageId>${=import static java.util.UUID.randomUUID; uuid = randomUUID() as String}</v11:messageId>
            <v11:timestamp>${=new java.text.SimpleDateFormat("yyyy-MM-dd'T'HH:mm:ss.SSS").format(new Date())}</v11:timestamp>
         </v1:messageContext>
         <v1:legalContext>ServiceIntegrator</v1:legalContext>
         <v1:request>
            <v1:Domain>QUAL_FED_HEALTHCARE</v1:Domain>
            <v1:OrganisationId>
               <v31:Identifier>1990000431</v31:Identifier>
               <v31:IdentifierType>BEEHP</v31:IdentifierType>
            </v1:OrganisationId>
            <v1:Language>nl</v1:Language>
         </v1:request>
      </v1:getOrganisationChildNodesRequest>
   </soapenv:Body>
</soapenv:Envelope>]]></con:request><con:credentials><con:selectedAuthProfile>Basic</con:selectedAuthProfile><con:addedBasicAuthenticationTypes>Basic</con:addedBasicAuthenticationTypes><con:authType>Global HTTP Settings</con:authType></con:credentials><con:jmsConfig JMSDeliveryMode="PERSISTENT"/><con:jmsPropertyConfig/><con:wsaConfig mustUnderstand="NONE" version="200508" action="http://fidus.brussels/services/accessmanagerservice/getOrganisationChildNodes"/><con:wsrmConfig version="1.2"/></con:call><con:call id="ffc96288-3ce8-4431-a607-f636b852ebb5" name="3 - Test - External - Request" outgoingWss="Outflow TEST" incomingWss="Inflow TEST"><con:settings><con:setting id="com.eviware.soapui.impl.wsdl.WsdlRequest@request-headers">&lt;xml-fragment/></con:setting></con:settings><con:encoding>UTF-8</con:encoding><con:endpoint>https://esb-security-gw.sta.srv.cirb.lan:8443/services/AccessManagerService_v1.0</con:endpoint><con:request><![CDATA[<soapenv:Envelope xmlns:soapenv="http://schemas.xmlsoap.org/soap/envelope/" xmlns:v1="http://fidus.brussels/service/accessmanagerservice/messages/v1" xmlns:v11="http://fidus.brussels/type/common/messages/v1" xmlns:v31="http://socialsecurity.be/umanentityrepresentative/types/v3">
   <soapenv:Header/>
   <soapenv:Body>
      <v1:getOrganisationChildNodesRequest>
         <v1:messageContext>
         	  <v11:messageId>${=import static java.util.UUID.randomUUID; uuid = randomUUID() as String}</v11:messageId>
            <v11:timestamp>${=new java.text.SimpleDateFormat("yyyy-MM-dd'T'HH:mm:ss.SSS").format(new Date())}</v11:timestamp>
         </v1:messageContext>
         <v1:legalContext>ServiceIntegrator</v1:legalContext>
         <v1:request>
            <v1:Domain>QUAL_FED_HEALTHCARE</v1:Domain>
            <v1:OrganisationId>
               <v31:Identifier>1990000431</v31:Identifier>
               <v31:IdentifierType>BEEHP</v31:IdentifierType>
            </v1:OrganisationId>
            <v1:Language>nl</v1:Language>
         </v1:request>
      </v1:getOrganisationChildNodesRequest>
   </soapenv:Body>
</soapenv:Envelope>]]></con:request><con:credentials><con:selectedAuthProfile>Basic</con:selectedAuthProfile><con:addedBasicAuthenticationTypes>Basic</con:addedBasicAuthenticationTypes><con:authType>Global HTTP Settings</con:authType></con:credentials><con:jmsConfig JMSDeliveryMode="PERSISTENT"/><con:jmsPropertyConfig/><con:wsaConfig mustUnderstand="NONE" version="200508" action="http://fidus.brussels/services/accessmanagerservice/getOrganisationChildNodes"/><con:wsrmConfig version="1.2"/></con:call><con:call id="034b6265-8df2-4368-859e-7258b2711c1c" name="4 - Staging - External - Request" outgoingWss="Outflow STAGING" incomingWss="Inflow STAGING"><con:settings><con:setting id="com.eviware.soapui.impl.wsdl.WsdlRequest@request-headers">&lt;xml-fragment/></con:setting></con:settings><con:encoding>UTF-8</con:encoding><con:endpoint>https://fidus-esb-sg.sta.srv.cirb.lan:8443/services/AccessManagerService_v1.0</con:endpoint><con:request><![CDATA[<soapenv:Envelope xmlns:soapenv="http://schemas.xmlsoap.org/soap/envelope/" xmlns:v1="http://fidus.brussels/service/accessmanagerservice/messages/v1" xmlns:v11="http://fidus.brussels/type/common/messages/v1" xmlns:v31="http://socialsecurity.be/umanentityrepresentative/types/v3">
   <soapenv:Header/>
   <soapenv:Body>
      <v1:getOrganisationChildNodesRequest>
         <v1:messageContext>
         	  <v11:messageId>${=import static java.util.UUID.randomUUID; uuid = randomUUID() as String}</v11:messageId>
            <v11:timestamp>${=new java.text.SimpleDateFormat("yyyy-MM-dd'T'HH:mm:ss.SSS").format(new Date())}</v11:timestamp>
         </v1:messageContext>
         <v1:legalContext>ServiceIntegrator</v1:legalContext>
         <v1:request>
            <v1:Domain>QUAL_FED_HEALTHCARE</v1:Domain>
            <v1:OrganisationId>
               <v31:Identifier>1990000431</v31:Identifier>
               <v31:IdentifierType>BEEHP</v31:IdentifierType>
            </v1:OrganisationId>
            <v1:Language>nl</v1:Language>
         </v1:request>
      </v1:getOrganisationChildNodesRequest>
   </soapenv:Body>
</soapenv:Envelope>]]></con:request><con:credentials><con:selectedAuthProfile>Basic</con:selectedAuthProfile><con:addedBasicAuthenticationTypes>Basic</con:addedBasicAuthenticationTypes><con:authType>Global HTTP Settings</con:authType></con:credentials><con:jmsConfig JMSDeliveryMode="PERSISTENT"/><con:jmsPropertyConfig/><con:wsaConfig mustUnderstand="NONE" version="200508" action="http://fidus.brussels/services/accessmanagerservice/getOrganisationChildNodes"/><con:wsrmConfig version="1.2"/></con:call></con:operation><con:operation id="2299d7af-38c9-440a-987d-b2347fcfe1fe" isOneWay="false" action="http://fidus.brussels/services/accessmanagerservice/getOrganisationDenomination" name="getOrganisationDenomination" bindingOperationName="getOrganisationDenomination" type="Request-Response" inputName="" receivesAttachments="false" sendsAttachments="false" anonymous="optional"><con:settings/><con:call id="07310649-f415-4efc-964e-39193d4241ac" name="1 - Local - Request - OK" outgoingWss="Outflow DEV" incomingWss="Inflow DEV"><con:settings><con:setting id="com.eviware.soapui.impl.wsdl.WsdlRequest@request-headers">&lt;xml-fragment/></con:setting></con:settings><con:encoding>UTF-8</con:encoding><con:endpoint>https://localhost:8243/services/AccessManagerService_v1.0</con:endpoint><con:request><![CDATA[<soapenv:Envelope xmlns:soapenv="http://schemas.xmlsoap.org/soap/envelope/" xmlns:v1="http://fidus.brussels/service/accessmanagerservice/messages/v1" xmlns:v11="http://fidus.brussels/type/common/messages/v1" xmlns:v31="http://socialsecurity.be/umanentityrepresentative/types/v3">
   <soapenv:Header/>
   <soapenv:Body>
      <v1:getOrganisationDenominationRequest>
         <v1:messageContext>
         	  <v11:messageId>${=import static java.util.UUID.randomUUID; uuid = randomUUID() as String}</v11:messageId>
            <v11:timestamp>${=new java.text.SimpleDateFormat("yyyy-MM-dd'T'HH:mm:ss.SSS").format(new Date())}</v11:timestamp>
         </v1:messageContext>
         <v1:legalContext>ServiceIntegrator</v1:legalContext>
         <v1:request>
            <v1:Domain>QUAL_FED_HEALTHCARE</v1:Domain>
            <v1:OrganisationId>
               <v31:Identifier>1990000431</v31:Identifier>
               <v31:IdentifierType>BEEHP</v31:IdentifierType>
            </v1:OrganisationId>
            <v1:Language>nl</v1:Language>
         </v1:request>
      </v1:getOrganisationDenominationRequest>
   </soapenv:Body>
</soapenv:Envelope>]]></con:request><con:credentials><con:selectedAuthProfile>Basic</con:selectedAuthProfile><con:addedBasicAuthenticationTypes>Basic</con:addedBasicAuthenticationTypes><con:authType>Global HTTP Settings</con:authType></con:credentials><con:jmsConfig JMSDeliveryMode="PERSISTENT"/><con:jmsPropertyConfig/><con:wsaConfig mustUnderstand="NONE" version="200508" action="http://fidus.brussels/services/accessmanagerservice/getOrganisationDenomination"/><con:wsrmConfig version="1.2"/></con:call><con:call id="306f1b38-bf9b-4ba8-8fb6-5deee3d0420c" name="2 - Dev - Request - OK" outgoingWss="Outflow DEV" incomingWss="Inflow DEV"><con:settings><con:setting id="com.eviware.soapui.impl.wsdl.WsdlRequest@request-headers">&lt;xml-fragment/></con:setting></con:settings><con:encoding>UTF-8</con:encoding><con:endpoint>https://192.168.36.61:8243/services/AccessManagerService_v1.0</con:endpoint><con:request><![CDATA[<soapenv:Envelope xmlns:soapenv="http://schemas.xmlsoap.org/soap/envelope/" xmlns:v1="http://fidus.brussels/service/accessmanagerservice/messages/v1" xmlns:v11="http://fidus.brussels/type/common/messages/v1" xmlns:v31="http://socialsecurity.be/umanentityrepresentative/types/v3">
   <soapenv:Header/>
   <soapenv:Body>
      <v1:getOrganisationDenominationRequest>
         <v1:messageContext>
         	  <v11:messageId>${=import static java.util.UUID.randomUUID; uuid = randomUUID() as String}</v11:messageId>
            <v11:timestamp>${=new java.text.SimpleDateFormat("yyyy-MM-dd'T'HH:mm:ss.SSS").format(new Date())}</v11:timestamp>
         </v1:messageContext>
         <v1:legalContext>ServiceIntegrator</v1:legalContext>
         <v1:request>
            <v1:Domain>QUAL_FED_HEALTHCARE</v1:Domain>
            <v1:OrganisationId>
               <v31:Identifier>1990000431</v31:Identifier>
               <v31:IdentifierType>BEEHP</v31:IdentifierType>
            </v1:OrganisationId>
            <v1:Language>nl</v1:Language>
         </v1:request>
      </v1:getOrganisationDenominationRequest>
   </soapenv:Body>
</soapenv:Envelope>]]></con:request><con:credentials><con:selectedAuthProfile>Basic</con:selectedAuthProfile><con:addedBasicAuthenticationTypes>Basic</con:addedBasicAuthenticationTypes><con:authType>Global HTTP Settings</con:authType></con:credentials><con:jmsConfig JMSDeliveryMode="PERSISTENT"/><con:jmsPropertyConfig/><con:wsaConfig mustUnderstand="NONE" version="200508" action="http://fidus.brussels/services/accessmanagerservice/getOrganisationDenomination"/><con:wsrmConfig version="1.2"/></con:call><con:call id="5a5844cd-94f3-4f5d-ad4b-fd12a15ee986" name="3 - Test - LB - Request" incomingWss="Inflow TEST" outgoingWss="Outflow TEST"><con:settings><con:setting id="com.eviware.soapui.impl.wsdl.WsdlRequest@request-headers">&lt;xml-fragment/></con:setting></con:settings><con:encoding>UTF-8</con:encoding><con:endpoint>https://esb-security-gw.sta.srv.cirb.lan:8443/services/AccessManagerService_v1.0</con:endpoint><con:request><![CDATA[<soapenv:Envelope xmlns:soapenv="http://schemas.xmlsoap.org/soap/envelope/" xmlns:v1="http://fidus.brussels/service/accessmanagerservice/messages/v1" xmlns:v11="http://fidus.brussels/type/common/messages/v1" xmlns:v31="http://socialsecurity.be/umanentityrepresentative/types/v3">
   <soapenv:Header/>
   <soapenv:Body>
      <v1:getOrganisationDenominationRequest>
         <v1:messageContext>
         	  <v11:messageId>${=import static java.util.UUID.randomUUID; uuid = randomUUID() as String}</v11:messageId>
            <v11:timestamp>${=new java.text.SimpleDateFormat("yyyy-MM-dd'T'HH:mm:ss.SSS").format(new Date())}</v11:timestamp>
         </v1:messageContext>
         <v1:legalContext>ServiceIntegrator</v1:legalContext>
         <v1:request>
            <v1:Domain>QUAL_FED_HEALTHCARE</v1:Domain>
            <v1:OrganisationId>
               <v31:Identifier>1990000431</v31:Identifier>
               <v31:IdentifierType>BEEHP</v31:IdentifierType>
            </v1:OrganisationId>
            <v1:Language>nl</v1:Language>
         </v1:request>
      </v1:getOrganisationDenominationRequest>
   </soapenv:Body>
</soapenv:Envelope>]]></con:request><con:credentials><con:selectedAuthProfile>Basic</con:selectedAuthProfile><con:addedBasicAuthenticationTypes>Basic</con:addedBasicAuthenticationTypes><con:authType>Global HTTP Settings</con:authType></con:credentials><con:jmsConfig JMSDeliveryMode="PERSISTENT"/><con:jmsPropertyConfig/><con:wsaConfig mustUnderstand="NONE" version="200508" action="http://fidus.brussels/services/accessmanagerservice/getOrganisationDenomination"/><con:wsrmConfig version="1.2"/></con:call><con:call id="426eae98-574e-46c2-ba86-2db8aac9f6b9" name="4 - Staging - LB - Request" incomingWss="Inflow STAGING" outgoingWss="Outflow STAGING"><con:settings><con:setting id="com.eviware.soapui.impl.wsdl.WsdlRequest@request-headers">&lt;xml-fragment/></con:setting></con:settings><con:encoding>UTF-8</con:encoding><con:endpoint>https://fidus-esb-sg.sta.srv.cirb.lan:8443/services/AccessManagerService_v1.0</con:endpoint><con:request><![CDATA[<soapenv:Envelope xmlns:soapenv="http://schemas.xmlsoap.org/soap/envelope/" xmlns:v1="http://fidus.brussels/service/accessmanagerservice/messages/v1" xmlns:v11="http://fidus.brussels/type/common/messages/v1" xmlns:v31="http://socialsecurity.be/umanentityrepresentative/types/v3">
   <soapenv:Header/>
   <soapenv:Body>
      <v1:getOrganisationDenominationRequest>
         <v1:messageContext>
         	  <v11:messageId>${=import static java.util.UUID.randomUUID; uuid = randomUUID() as String}</v11:messageId>
            <v11:timestamp>${=new java.text.SimpleDateFormat("yyyy-MM-dd'T'HH:mm:ss.SSS").format(new Date())}</v11:timestamp>
         </v1:messageContext>
         <v1:legalContext>ServiceIntegrator</v1:legalContext>
         <v1:request>
            <v1:Domain>QUAL_FED_HEALTHCARE</v1:Domain>
            <v1:OrganisationId>
               <v31:Identifier>1990000431</v31:Identifier>
               <v31:IdentifierType>BEEHP</v31:IdentifierType>
            </v1:OrganisationId>
            <v1:Language>nl</v1:Language>
         </v1:request>
      </v1:getOrganisationDenominationRequest>
   </soapenv:Body>
</soapenv:Envelope>]]></con:request><con:credentials><con:selectedAuthProfile>Basic</con:selectedAuthProfile><con:addedBasicAuthenticationTypes>Basic</con:addedBasicAuthenticationTypes><con:authType>Global HTTP Settings</con:authType></con:credentials><con:jmsConfig JMSDeliveryMode="PERSISTENT"/><con:jmsPropertyConfig/><con:wsaConfig mustUnderstand="NONE" version="200508" action="http://fidus.brussels/services/accessmanagerservice/getOrganisationDenomination"/><con:wsrmConfig version="1.2"/></con:call><con:call id="03b77a72-3943-4e07-b958-93fb770ad897" name="5 - Prod - External - Request" incomingWss="Inflow PROD" outgoingWss="Outflow PROD"><con:settings><con:setting id="com.eviware.soapui.impl.wsdl.WsdlRequest@request-headers">&lt;xml-fragment/></con:setting></con:settings><con:encoding>UTF-8</con:encoding><con:endpoint>https://fidus-esb-sg.prd.srv.cirb.lan:8443/services/AccessManagerService_v1.0</con:endpoint><con:request><![CDATA[<soapenv:Envelope xmlns:soapenv="http://schemas.xmlsoap.org/soap/envelope/" xmlns:v1="http://fidus.brussels/service/accessmanagerservice/messages/v1" xmlns:v11="http://fidus.brussels/type/common/messages/v1" xmlns:v31="http://socialsecurity.be/umanentityrepresentative/types/v3">
   <soapenv:Header/>
   <soapenv:Body>
      <v1:getOrganisationDenominationRequest>
         <v1:messageContext>
         	  <v11:messageId>${=import static java.util.UUID.randomUUID; uuid = randomUUID() as String}</v11:messageId>
            <v11:timestamp>${=new java.text.SimpleDateFormat("yyyy-MM-dd'T'HH:mm:ss.SSS").format(new Date())}</v11:timestamp>
         </v1:messageContext>
         <v1:legalContext>ServiceIntegrator</v1:legalContext>
         <v1:request>
            <v1:Domain>QUAL_FED_HEALTHCARE</v1:Domain>
            <v1:OrganisationId>
               <v31:Identifier>1990000431</v31:Identifier>
               <v31:IdentifierType>BEEHP</v31:IdentifierType>
            </v1:OrganisationId>
            <v1:Language>nl</v1:Language>
         </v1:request>
      </v1:getOrganisationDenominationRequest>
   </soapenv:Body>
</soapenv:Envelope>]]></con:request><con:credentials><con:selectedAuthProfile>Basic</con:selectedAuthProfile><con:addedBasicAuthenticationTypes>Basic</con:addedBasicAuthenticationTypes><con:authType>Global HTTP Settings</con:authType></con:credentials><con:jmsConfig JMSDeliveryMode="PERSISTENT"/><con:jmsPropertyConfig/><con:wsaConfig mustUnderstand="NONE" version="200508" action="http://fidus.brussels/services/accessmanagerservice/getOrganisationDenomination"/><con:wsrmConfig version="1.2"/></con:call><con:call id="f9998c34-238b-4c06-8461-d9328df42a32" name="1 - Local - Request - Not Found" outgoingWss="Outflow DEV" incomingWss="Inflow DEV"><con:settings><con:setting id="com.eviware.soapui.impl.wsdl.WsdlRequest@request-headers">&lt;xml-fragment/></con:setting></con:settings><con:encoding>UTF-8</con:encoding><con:endpoint>https://localhost:8243/services/AccessManagerService_v1.0</con:endpoint><con:request><![CDATA[<soapenv:Envelope xmlns:soapenv="http://schemas.xmlsoap.org/soap/envelope/" xmlns:v1="http://fidus.brussels/service/accessmanagerservice/messages/v1" xmlns:v11="http://fidus.brussels/type/common/messages/v1" xmlns:v31="http://socialsecurity.be/umanentityrepresentative/types/v3">
   <soapenv:Header/>
   <soapenv:Body>
      <v1:getOrganisationDenominationRequest>
         <v1:messageContext>
         	  <v11:messageId>${=import static java.util.UUID.randomUUID; uuid = randomUUID() as String}</v11:messageId>
            <v11:timestamp>${=new java.text.SimpleDateFormat("yyyy-MM-dd'T'HH:mm:ss.SSS").format(new Date())}</v11:timestamp>
         </v1:messageContext>
         <v1:legalContext>ServiceIntegrator</v1:legalContext>
         <v1:request>
            <v1:Domain>EDUCATION</v1:Domain>
            <v1:OrganisationId>
               <v31:Identifier>1990000431</v31:Identifier>
               <v31:IdentifierType>BEEHP</v31:IdentifierType>
            </v1:OrganisationId>
            <v1:Language>nl</v1:Language>
         </v1:request>
      </v1:getOrganisationDenominationRequest>
   </soapenv:Body>
</soapenv:Envelope>]]></con:request><con:credentials><con:selectedAuthProfile>Basic</con:selectedAuthProfile><con:addedBasicAuthenticationTypes>Basic</con:addedBasicAuthenticationTypes><con:authType>Global HTTP Settings</con:authType></con:credentials><con:jmsConfig JMSDeliveryMode="PERSISTENT"/><con:jmsPropertyConfig/><con:wsaConfig mustUnderstand="NONE" version="200508" action="http://fidus.brussels/services/accessmanagerservice/getOrganisationDenomination"/><con:wsrmConfig version="1.2"/></con:call><con:call id="83646303-ee5f-4396-9454-027fd2bf8d1c" name="2 - Dev - Request - Not Found" incomingWss="Inflow DEV" outgoingWss="Outflow DEV"><con:settings><con:setting id="com.eviware.soapui.impl.wsdl.WsdlRequest@request-headers">&lt;xml-fragment/></con:setting></con:settings><con:encoding>UTF-8</con:encoding><con:endpoint>https://192.168.36.61:8243/services/AccessManagerService_v1.0</con:endpoint><con:request><![CDATA[<soapenv:Envelope xmlns:soapenv="http://schemas.xmlsoap.org/soap/envelope/" xmlns:v1="http://fidus.brussels/service/accessmanagerservice/messages/v1" xmlns:v11="http://fidus.brussels/type/common/messages/v1" xmlns:v31="http://socialsecurity.be/umanentityrepresentative/types/v3">
   <soapenv:Header/>
   <soapenv:Body>
      <v1:getOrganisationDenominationRequest>
         <v1:messageContext>
         	  <v11:messageId>${=import static java.util.UUID.randomUUID; uuid = randomUUID() as String}</v11:messageId>
            <v11:timestamp>${=new java.text.SimpleDateFormat("yyyy-MM-dd'T'HH:mm:ss.SSS").format(new Date())}</v11:timestamp>
         </v1:messageContext>
         <v1:legalContext>ServiceIntegrator</v1:legalContext>
         <v1:request>
            <v1:Domain>EDUCATION</v1:Domain>
            <v1:OrganisationId>
               <v31:Identifier>1990000431</v31:Identifier>
               <v31:IdentifierType>BEEHP</v31:IdentifierType>
            </v1:OrganisationId>
            <v1:Language>nl</v1:Language>
         </v1:request>
      </v1:getOrganisationDenominationRequest>
   </soapenv:Body>
</soapenv:Envelope>]]></con:request><con:credentials><con:selectedAuthProfile>Basic</con:selectedAuthProfile><con:addedBasicAuthenticationTypes>Basic</con:addedBasicAuthenticationTypes><con:authType>Global HTTP Settings</con:authType></con:credentials><con:jmsConfig JMSDeliveryMode="PERSISTENT"/><con:jmsPropertyConfig/><con:wsaConfig mustUnderstand="NONE" version="200508" action="http://fidus.brussels/services/accessmanagerservice/getOrganisationDenomination"/><con:wsrmConfig version="1.2"/></con:call><con:call id="87df3c37-784a-4f98-93c2-7f42369ac057" name="3 - Test - Worker1 - Request" incomingWss="Inflow TEST" outgoingWss="Outflow TEST"><con:settings><con:setting id="com.eviware.soapui.impl.wsdl.WsdlRequest@request-headers">&lt;xml-fragment/></con:setting></con:settings><con:encoding>UTF-8</con:encoding><con:endpoint>https://192.168.22.53:8443/services/AccessManagerService_v1.0</con:endpoint><con:request><![CDATA[<soapenv:Envelope xmlns:soapenv="http://schemas.xmlsoap.org/soap/envelope/" xmlns:v1="http://fidus.brussels/service/accessmanagerservice/messages/v1" xmlns:v11="http://fidus.brussels/type/common/messages/v1" xmlns:v31="http://socialsecurity.be/umanentityrepresentative/types/v3">
   <soapenv:Header/>
   <soapenv:Body>
      <v1:getOrganisationDenominationRequest>
         <v1:messageContext>
         	  <v11:messageId>${=import static java.util.UUID.randomUUID; uuid = randomUUID() as String}</v11:messageId>
            <v11:timestamp>${=new java.text.SimpleDateFormat("yyyy-MM-dd'T'HH:mm:ss.SSS").format(new Date())}</v11:timestamp>
         </v1:messageContext>
         <v1:legalContext>ServiceIntegrator</v1:legalContext>
         <v1:request>
            <v1:Domain>QUAL_FED_HEALTHCARE</v1:Domain>
            <v1:OrganisationId>
               <v31:Identifier>1990000431</v31:Identifier>
               <v31:IdentifierType>BEEHP</v31:IdentifierType>
            </v1:OrganisationId>
            <v1:Language>nl</v1:Language>
         </v1:request>
      </v1:getOrganisationDenominationRequest>
   </soapenv:Body>
</soapenv:Envelope>]]></con:request><con:credentials><con:selectedAuthProfile>Basic</con:selectedAuthProfile><con:addedBasicAuthenticationTypes>Basic</con:addedBasicAuthenticationTypes><con:authType>Global HTTP Settings</con:authType></con:credentials><con:jmsConfig JMSDeliveryMode="PERSISTENT"/><con:jmsPropertyConfig/><con:wsaConfig mustUnderstand="NONE" version="200508" action="http://fidus.brussels/services/accessmanagerservice/getOrganisationDenomination"/><con:wsrmConfig version="1.2"/></con:call><con:call id="eab9387f-40ed-4e7f-be8f-3dec758f787e" name="3 - Test - Worker2 - Request" outgoingWss="Outflow TEST" incomingWss="Inflow TEST"><con:settings><con:setting id="com.eviware.soapui.impl.wsdl.WsdlRequest@request-headers">&lt;xml-fragment/></con:setting></con:settings><con:encoding>UTF-8</con:encoding><con:endpoint>https://192.168.22.54:8443/services/AccessManagerService_v1.0</con:endpoint><con:request><![CDATA[<soapenv:Envelope xmlns:soapenv="http://schemas.xmlsoap.org/soap/envelope/" xmlns:v1="http://fidus.brussels/service/accessmanagerservice/messages/v1" xmlns:v11="http://fidus.brussels/type/common/messages/v1" xmlns:v31="http://socialsecurity.be/umanentityrepresentative/types/v3">
   <soapenv:Header/>
   <soapenv:Body>
      <v1:getOrganisationDenominationRequest>
         <v1:messageContext>
         	  <v11:messageId>${=import static java.util.UUID.randomUUID; uuid = randomUUID() as String}</v11:messageId>
            <v11:timestamp>${=new java.text.SimpleDateFormat("yyyy-MM-dd'T'HH:mm:ss.SSS").format(new Date())}</v11:timestamp>
         </v1:messageContext>
         <v1:legalContext>ServiceIntegrator</v1:legalContext>
         <v1:request>
            <v1:Domain>QUAL_FED_HEALTHCARE</v1:Domain>
            <v1:OrganisationId>
               <v31:Identifier>1990000431</v31:Identifier>
               <v31:IdentifierType>BEEHP</v31:IdentifierType>
            </v1:OrganisationId>
            <v1:Language>nl</v1:Language>
         </v1:request>
      </v1:getOrganisationDenominationRequest>
   </soapenv:Body>
</soapenv:Envelope>]]></con:request><con:credentials><con:selectedAuthProfile>Basic</con:selectedAuthProfile><con:addedBasicAuthenticationTypes>Basic</con:addedBasicAuthenticationTypes><con:authType>Global HTTP Settings</con:authType></con:credentials><con:jmsConfig JMSDeliveryMode="PERSISTENT"/><con:jmsPropertyConfig/><con:wsaConfig mustUnderstand="NONE" version="200508" action="http://fidus.brussels/services/accessmanagerservice/getOrganisationDenomination"/><con:wsrmConfig version="1.2"/></con:call><con:call id="5eaa34e2-a766-420f-9e1d-6ad2649c22d8" name="4 - Staging - Worker1 - Request" incomingWss="Inflow STAGING" outgoingWss="Outflow STAGING"><con:settings><con:setting id="com.eviware.soapui.impl.wsdl.WsdlRequest@request-headers">&lt;xml-fragment/></con:setting></con:settings><con:encoding>UTF-8</con:encoding><con:endpoint>https://192.168.24.16:8443/services/AccessManagerService_v1.0</con:endpoint><con:request><![CDATA[<soapenv:Envelope xmlns:soapenv="http://schemas.xmlsoap.org/soap/envelope/" xmlns:v1="http://fidus.brussels/service/accessmanagerservice/messages/v1" xmlns:v11="http://fidus.brussels/type/common/messages/v1" xmlns:v31="http://socialsecurity.be/umanentityrepresentative/types/v3">
   <soapenv:Header/>
   <soapenv:Body>
      <v1:getOrganisationDenominationRequest>
         <v1:messageContext>
         	  <v11:messageId>${=import static java.util.UUID.randomUUID; uuid = randomUUID() as String}</v11:messageId>
            <v11:timestamp>${=new java.text.SimpleDateFormat("yyyy-MM-dd'T'HH:mm:ss.SSS").format(new Date())}</v11:timestamp>
         </v1:messageContext>
         <v1:legalContext>ServiceIntegrator</v1:legalContext>
         <v1:request>
            <v1:Domain>QUAL_FED_HEALTHCARE</v1:Domain>
            <v1:OrganisationId>
               <v31:Identifier>1990000431</v31:Identifier>
               <v31:IdentifierType>BEEHP</v31:IdentifierType>
            </v1:OrganisationId>
            <v1:Language>nl</v1:Language>
         </v1:request>
      </v1:getOrganisationDenominationRequest>
   </soapenv:Body>
</soapenv:Envelope>]]></con:request><con:credentials><con:selectedAuthProfile>Basic</con:selectedAuthProfile><con:addedBasicAuthenticationTypes>Basic</con:addedBasicAuthenticationTypes><con:authType>Global HTTP Settings</con:authType></con:credentials><con:jmsConfig JMSDeliveryMode="PERSISTENT"/><con:jmsPropertyConfig/><con:wsaConfig mustUnderstand="NONE" version="200508" action="http://fidus.brussels/services/accessmanagerservice/getOrganisationDenomination"/><con:wsrmConfig version="1.2"/></con:call><con:call id="6abcf779-07e4-47d2-af30-fae7c6945fd0" name="4 - Staging - Worker2 - Request" incomingWss="Inflow STAGING" outgoingWss="Outflow STAGING"><con:settings><con:setting id="com.eviware.soapui.impl.wsdl.WsdlRequest@request-headers">&lt;xml-fragment/></con:setting></con:settings><con:encoding>UTF-8</con:encoding><con:endpoint>https://192.168.24.17:8443/services/AccessManagerService_v1.0</con:endpoint><con:request><![CDATA[<soapenv:Envelope xmlns:soapenv="http://schemas.xmlsoap.org/soap/envelope/" xmlns:v1="http://fidus.brussels/service/accessmanagerservice/messages/v1" xmlns:v11="http://fidus.brussels/type/common/messages/v1" xmlns:v31="http://socialsecurity.be/umanentityrepresentative/types/v3">
   <soapenv:Header/>
   <soapenv:Body>
      <v1:getOrganisationDenominationRequest>
         <v1:messageContext>
         	  <v11:messageId>${=import static java.util.UUID.randomUUID; uuid = randomUUID() as String}</v11:messageId>
            <v11:timestamp>${=new java.text.SimpleDateFormat("yyyy-MM-dd'T'HH:mm:ss.SSS").format(new Date())}</v11:timestamp>
         </v1:messageContext>
         <v1:legalContext>ServiceIntegrator</v1:legalContext>
         <v1:request>
            <v1:Domain>QUAL_FED_HEALTHCARE</v1:Domain>
            <v1:OrganisationId>
               <v31:Identifier>1990000431</v31:Identifier>
               <v31:IdentifierType>BEEHP</v31:IdentifierType>
            </v1:OrganisationId>
            <v1:Language>nl</v1:Language>
         </v1:request>
      </v1:getOrganisationDenominationRequest>
   </soapenv:Body>
</soapenv:Envelope>]]></con:request><con:credentials><con:selectedAuthProfile>Basic</con:selectedAuthProfile><con:addedBasicAuthenticationTypes>Basic</con:addedBasicAuthenticationTypes><con:authType>Global HTTP Settings</con:authType></con:credentials><con:jmsConfig JMSDeliveryMode="PERSISTENT"/><con:jmsPropertyConfig/><con:wsaConfig mustUnderstand="NONE" version="200508" action="http://fidus.brussels/services/accessmanagerservice/getOrganisationDenomination"/><con:wsrmConfig version="1.2"/></con:call><con:call id="bdd3acb6-01cb-4f22-8476-89f5e6f1a4a8" name="5 - Prod - LB - Request" incomingWss="Inflow PROD" outgoingWss="Outflow PROD"><con:settings><con:setting id="com.eviware.soapui.impl.wsdl.WsdlRequest@request-headers">&lt;xml-fragment/></con:setting></con:settings><con:encoding>UTF-8</con:encoding><con:endpoint>https://fidus-esb-sg.prd.srv.cirb.lan:8443/services/AccessManagerService_v1.0</con:endpoint><con:request><![CDATA[<soapenv:Envelope xmlns:soapenv="http://schemas.xmlsoap.org/soap/envelope/" xmlns:v1="http://fidus.brussels/service/accessmanagerservice/messages/v1" xmlns:v11="http://fidus.brussels/type/common/messages/v1" xmlns:v31="http://socialsecurity.be/umanentityrepresentative/types/v3">
   <soapenv:Header/>
   <soapenv:Body>
      <v1:getOrganisationDenominationRequest>
         <v1:messageContext>
         	  <v11:messageId>${=import static java.util.UUID.randomUUID; uuid = randomUUID() as String}</v11:messageId>
            <v11:timestamp>${=new java.text.SimpleDateFormat("yyyy-MM-dd'T'HH:mm:ss.SSS").format(new Date())}</v11:timestamp>
         </v1:messageContext>
         <v1:legalContext>ServiceIntegrator</v1:legalContext>
         <v1:request>
            <v1:Domain>QUAL_FED_HEALTHCARE</v1:Domain>
            <v1:OrganisationId>
               <v31:Identifier>1990000431</v31:Identifier>
               <v31:IdentifierType>BEEHP</v31:IdentifierType>
            </v1:OrganisationId>
            <v1:Language>nl</v1:Language>
         </v1:request>
      </v1:getOrganisationDenominationRequest>
   </soapenv:Body>
</soapenv:Envelope>]]></con:request><con:credentials><con:selectedAuthProfile>Basic</con:selectedAuthProfile><con:addedBasicAuthenticationTypes>Basic</con:addedBasicAuthenticationTypes><con:authType>Global HTTP Settings</con:authType></con:credentials><con:jmsConfig JMSDeliveryMode="PERSISTENT"/><con:jmsPropertyConfig/><con:wsaConfig mustUnderstand="NONE" version="200508" action="http://fidus.brussels/services/accessmanagerservice/getOrganisationDenomination"/><con:wsrmConfig version="1.2"/></con:call><con:call id="96aacf74-969e-4769-912a-465113a21574" name="5 - Prod - Worker1 - Request" incomingWss="Inflow PROD" outgoingWss="Outflow PROD"><con:settings><con:setting id="com.eviware.soapui.impl.wsdl.WsdlRequest@request-headers">&lt;xml-fragment/></con:setting></con:settings><con:encoding>UTF-8</con:encoding><con:endpoint>https://192.168.26.22:8443/services/AccessManagerService_v1.0</con:endpoint><con:request><![CDATA[<soapenv:Envelope xmlns:soapenv="http://schemas.xmlsoap.org/soap/envelope/" xmlns:v1="http://fidus.brussels/service/accessmanagerservice/messages/v1" xmlns:v11="http://fidus.brussels/type/common/messages/v1" xmlns:v31="http://socialsecurity.be/umanentityrepresentative/types/v3">
   <soapenv:Header/>
   <soapenv:Body>
      <v1:getOrganisationDenominationRequest>
         <v1:messageContext>
         	  <v11:messageId>${=import static java.util.UUID.randomUUID; uuid = randomUUID() as String}</v11:messageId>
            <v11:timestamp>${=new java.text.SimpleDateFormat("yyyy-MM-dd'T'HH:mm:ss.SSS").format(new Date())}</v11:timestamp>
         </v1:messageContext>
         <v1:legalContext>ServiceIntegrator</v1:legalContext>
         <v1:request>
            <v1:Domain>QUAL_FED_HEALTHCARE</v1:Domain>
            <v1:OrganisationId>
               <v31:Identifier>1990000431</v31:Identifier>
               <v31:IdentifierType>BEEHP</v31:IdentifierType>
            </v1:OrganisationId>
            <v1:Language>nl</v1:Language>
         </v1:request>
      </v1:getOrganisationDenominationRequest>
   </soapenv:Body>
</soapenv:Envelope>]]></con:request><con:credentials><con:selectedAuthProfile>Basic</con:selectedAuthProfile><con:addedBasicAuthenticationTypes>Basic</con:addedBasicAuthenticationTypes><con:authType>Global HTTP Settings</con:authType></con:credentials><con:jmsConfig JMSDeliveryMode="PERSISTENT"/><con:jmsPropertyConfig/><con:wsaConfig mustUnderstand="NONE" version="200508" action="http://fidus.brussels/services/accessmanagerservice/getOrganisationDenomination"/><con:wsrmConfig version="1.2"/></con:call><con:call id="4579b72a-0ac0-4c08-8f17-e9c91e6ce790" name="5 - Prod - Worker2 - Request" incomingWss="Inflow PROD" outgoingWss="Outflow PROD"><con:settings><con:setting id="com.eviware.soapui.impl.wsdl.WsdlRequest@request-headers">&lt;xml-fragment/></con:setting></con:settings><con:encoding>UTF-8</con:encoding><con:endpoint>https://192.168.26.19:8443/services/AccessManagerService_v1.0</con:endpoint><con:request><![CDATA[<soapenv:Envelope xmlns:soapenv="http://schemas.xmlsoap.org/soap/envelope/" xmlns:v1="http://fidus.brussels/service/accessmanagerservice/messages/v1" xmlns:v11="http://fidus.brussels/type/common/messages/v1" xmlns:v31="http://socialsecurity.be/umanentityrepresentative/types/v3">
   <soapenv:Header/>
   <soapenv:Body>
      <v1:getOrganisationDenominationRequest>
         <v1:messageContext>
         	  <v11:messageId>${=import static java.util.UUID.randomUUID; uuid = randomUUID() as String}</v11:messageId>
            <v11:timestamp>${=new java.text.SimpleDateFormat("yyyy-MM-dd'T'HH:mm:ss.SSS").format(new Date())}</v11:timestamp>
         </v1:messageContext>
         <v1:legalContext>ServiceIntegrator</v1:legalContext>
         <v1:request>
            <v1:Domain>QUAL_FED_HEALTHCARE</v1:Domain>
            <v1:OrganisationId>
               <v31:Identifier>1990000431</v31:Identifier>
               <v31:IdentifierType>BEEHP</v31:IdentifierType>
            </v1:OrganisationId>
            <v1:Language>nl</v1:Language>
         </v1:request>
      </v1:getOrganisationDenominationRequest>
   </soapenv:Body>
</soapenv:Envelope>]]></con:request><con:credentials><con:selectedAuthProfile>Basic</con:selectedAuthProfile><con:addedBasicAuthenticationTypes>Basic</con:addedBasicAuthenticationTypes><con:authType>Global HTTP Settings</con:authType></con:credentials><con:jmsConfig JMSDeliveryMode="PERSISTENT"/><con:jmsPropertyConfig/><con:wsaConfig mustUnderstand="NONE" version="200508" action="http://fidus.brussels/services/accessmanagerservice/getOrganisationDenomination"/><con:wsrmConfig version="1.2"/></con:call><con:call id="aaf6b797-2993-4f7e-a9d2-8205a308b424" name="3 - Test - Worker1New - Request"><con:settings><con:setting id="com.eviware.soapui.impl.wsdl.WsdlRequest@request-headers">&lt;xml-fragment/></con:setting></con:settings><con:encoding>UTF-8</con:encoding><con:endpoint>https://192.168.22.73:8443/services/AccessManagerService_v1.0</con:endpoint><con:request><![CDATA[<soapenv:Envelope xmlns:soapenv="http://schemas.xmlsoap.org/soap/envelope/" xmlns:v1="http://fidus.brussels/service/accessmanagerservice/messages/v1" xmlns:v11="http://fidus.brussels/type/common/messages/v1" xmlns:v31="http://socialsecurity.be/umanentityrepresentative/types/v3">
   <soapenv:Header/>
   <soapenv:Body>
      <v1:getOrganisationDenominationRequest>
         <v1:messageContext>
         	  <v11:messageId>${=import static java.util.UUID.randomUUID; uuid = randomUUID() as String}</v11:messageId>
            <v11:timestamp>${=new java.text.SimpleDateFormat("yyyy-MM-dd'T'HH:mm:ss.SSS").format(new Date())}</v11:timestamp>
         </v1:messageContext>
         <v1:legalContext>ServiceIntegrator</v1:legalContext>
         <v1:request>
            <v1:Domain>QUAL_FED_HEALTHCARE</v1:Domain>
            <v1:OrganisationId>
               <v31:Identifier>1990000431</v31:Identifier>
               <v31:IdentifierType>BEEHP</v31:IdentifierType>
            </v1:OrganisationId>
            <v1:Language>nl</v1:Language>
         </v1:request>
      </v1:getOrganisationDenominationRequest>
   </soapenv:Body>
</soapenv:Envelope>]]></con:request><con:credentials><con:selectedAuthProfile>Basic</con:selectedAuthProfile><con:addedBasicAuthenticationTypes>Basic</con:addedBasicAuthenticationTypes><con:authType>Global HTTP Settings</con:authType></con:credentials><con:jmsConfig JMSDeliveryMode="PERSISTENT"/><con:jmsPropertyConfig/><con:wsaConfig mustUnderstand="NONE" version="200508" action="http://fidus.brussels/services/accessmanagerservice/getOrganisationDenomination"/><con:wsrmConfig version="1.2"/></con:call><con:call id="207929f8-6392-4c07-af07-bbf96af9d8b3" name="3 - Test - Worker2New - Request" outgoingWss="Outflow TEST" incomingWss="Inflow TEST"><con:settings><con:setting id="com.eviware.soapui.impl.wsdl.WsdlRequest@request-headers">&lt;xml-fragment/></con:setting></con:settings><con:encoding>UTF-8</con:encoding><con:endpoint>https://192.168.22.93:8443/services/AccessManagerService_v1.0</con:endpoint><con:request><![CDATA[<soapenv:Envelope xmlns:soapenv="http://schemas.xmlsoap.org/soap/envelope/" xmlns:v1="http://fidus.brussels/service/accessmanagerservice/messages/v1" xmlns:v11="http://fidus.brussels/type/common/messages/v1" xmlns:v31="http://socialsecurity.be/umanentityrepresentative/types/v3">
   <soapenv:Header/>
   <soapenv:Body>
      <v1:getOrganisationDenominationRequest>
         <v1:messageContext>
         	  <v11:messageId>${=import static java.util.UUID.randomUUID; uuid = randomUUID() as String}</v11:messageId>
            <v11:timestamp>${=new java.text.SimpleDateFormat("yyyy-MM-dd'T'HH:mm:ss.SSS").format(new Date())}</v11:timestamp>
         </v1:messageContext>
         <v1:legalContext>ServiceIntegrator</v1:legalContext>
         <v1:request>
            <v1:Domain>QUAL_FED_HEALTHCARE</v1:Domain>
            <v1:OrganisationId>
               <v31:Identifier>1990000431</v31:Identifier>
               <v31:IdentifierType>BEEHP</v31:IdentifierType>
            </v1:OrganisationId>
            <v1:Language>nl</v1:Language>
         </v1:request>
      </v1:getOrganisationDenominationRequest>
   </soapenv:Body>
</soapenv:Envelope>]]></con:request><con:credentials><con:selectedAuthProfile>Basic</con:selectedAuthProfile><con:addedBasicAuthenticationTypes>Basic</con:addedBasicAuthenticationTypes><con:authType>Global HTTP Settings</con:authType></con:credentials><con:jmsConfig JMSDeliveryMode="PERSISTENT"/><con:jmsPropertyConfig/><con:wsaConfig mustUnderstand="NONE" version="200508" action="http://fidus.brussels/services/accessmanagerservice/getOrganisationDenomination"/><con:wsrmConfig version="1.2"/></con:call><con:call id="97e2748a-7e87-4a77-9b0c-b43fb2faea8d" name="4 - Staging - Worker1New - Request" outgoingWss="Outflow STAGING" incomingWss="Inflow STAGING"><con:settings><con:setting id="com.eviware.soapui.impl.wsdl.WsdlRequest@request-headers">&lt;xml-fragment/></con:setting></con:settings><con:encoding>UTF-8</con:encoding><con:endpoint>https://192.168.23.191:8443/services/AccessManagerService_v1.0</con:endpoint><con:request><![CDATA[<soapenv:Envelope xmlns:soapenv="http://schemas.xmlsoap.org/soap/envelope/" xmlns:v1="http://fidus.brussels/service/accessmanagerservice/messages/v1" xmlns:v11="http://fidus.brussels/type/common/messages/v1" xmlns:v31="http://socialsecurity.be/umanentityrepresentative/types/v3">
   <soapenv:Header/>
   <soapenv:Body>
      <v1:getOrganisationDenominationRequest>
         <v1:messageContext>
         	  <v11:messageId>${=import static java.util.UUID.randomUUID; uuid = randomUUID() as String}</v11:messageId>
            <v11:timestamp>${=new java.text.SimpleDateFormat("yyyy-MM-dd'T'HH:mm:ss.SSS").format(new Date())}</v11:timestamp>
         </v1:messageContext>
         <v1:legalContext>ServiceIntegrator</v1:legalContext>
         <v1:request>
            <v1:Domain>QUAL_FED_HEALTHCARE</v1:Domain>
            <v1:OrganisationId>
               <v31:Identifier>1990000431</v31:Identifier>
               <v31:IdentifierType>BEEHP</v31:IdentifierType>
            </v1:OrganisationId>
            <v1:Language>nl</v1:Language>
         </v1:request>
      </v1:getOrganisationDenominationRequest>
   </soapenv:Body>
</soapenv:Envelope>]]></con:request><con:credentials><con:selectedAuthProfile>Basic</con:selectedAuthProfile><con:addedBasicAuthenticationTypes>Basic</con:addedBasicAuthenticationTypes><con:authType>Global HTTP Settings</con:authType></con:credentials><con:jmsConfig JMSDeliveryMode="PERSISTENT"/><con:jmsPropertyConfig/><con:wsaConfig mustUnderstand="NONE" version="200508" action="http://fidus.brussels/services/accessmanagerservice/getOrganisationDenomination"/><con:wsrmConfig version="1.2"/></con:call><con:call id="20e216dc-08dc-4f3e-8c07-15e9984ea928" name="4 - Staging - Worker2New - Request" outgoingWss="Outflow STAGING" incomingWss="Inflow STAGING"><con:settings><con:setting id="com.eviware.soapui.impl.wsdl.WsdlRequest@request-headers">&lt;xml-fragment/></con:setting></con:settings><con:encoding>UTF-8</con:encoding><con:endpoint>https://192.168.23.198:8443/services/AccessManagerService_v1.0</con:endpoint><con:request><![CDATA[<soapenv:Envelope xmlns:soapenv="http://schemas.xmlsoap.org/soap/envelope/" xmlns:v1="http://fidus.brussels/service/accessmanagerservice/messages/v1" xmlns:v11="http://fidus.brussels/type/common/messages/v1" xmlns:v31="http://socialsecurity.be/umanentityrepresentative/types/v3">
   <soapenv:Header/>
   <soapenv:Body>
      <v1:getOrganisationDenominationRequest>
         <v1:messageContext>
         	  <v11:messageId>${=import static java.util.UUID.randomUUID; uuid = randomUUID() as String}</v11:messageId>
            <v11:timestamp>${=new java.text.SimpleDateFormat("yyyy-MM-dd'T'HH:mm:ss.SSS").format(new Date())}</v11:timestamp>
         </v1:messageContext>
         <v1:legalContext>ServiceIntegrator</v1:legalContext>
         <v1:request>
            <v1:Domain>QUAL_FED_HEALTHCARE</v1:Domain>
            <v1:OrganisationId>
               <v31:Identifier>1990000431</v31:Identifier>
               <v31:IdentifierType>BEEHP</v31:IdentifierType>
            </v1:OrganisationId>
            <v1:Language>nl</v1:Language>
         </v1:request>
      </v1:getOrganisationDenominationRequest>
   </soapenv:Body>
</soapenv:Envelope>]]></con:request><con:credentials><con:selectedAuthProfile>Basic</con:selectedAuthProfile><con:addedBasicAuthenticationTypes>Basic</con:addedBasicAuthenticationTypes><con:authType>Global HTTP Settings</con:authType></con:credentials><con:jmsConfig JMSDeliveryMode="PERSISTENT"/><con:jmsPropertyConfig/><con:wsaConfig mustUnderstand="NONE" version="200508" action="http://fidus.brussels/services/accessmanagerservice/getOrganisationDenomination"/><con:wsrmConfig version="1.2"/></con:call><con:call id="8ae5cccc-ef9a-4a57-9d43-bdf4c12ae54f" name="4 - Staging - External - Request" outgoingWss="Outflow STAGING" incomingWss="Inflow STAGING"><con:settings><con:setting id="com.eviware.soapui.impl.wsdl.WsdlRequest@request-headers">&lt;xml-fragment/></con:setting></con:settings><con:encoding>UTF-8</con:encoding><con:endpoint>https://fidus-esb-sg.sta.srv.cirb.lan:8443/services/AccessManagerService_v1.0</con:endpoint><con:request><![CDATA[<soapenv:Envelope xmlns:soapenv="http://schemas.xmlsoap.org/soap/envelope/" xmlns:v1="http://fidus.brussels/service/accessmanagerservice/messages/v1" xmlns:v11="http://fidus.brussels/type/common/messages/v1" xmlns:v31="http://socialsecurity.be/umanentityrepresentative/types/v3">
   <soapenv:Header/>
   <soapenv:Body>
      <v1:getOrganisationDenominationRequest>
         <v1:messageContext>
         	  <v11:messageId>${=import static java.util.UUID.randomUUID; uuid = randomUUID() as String}</v11:messageId>
            <v11:timestamp>${=new java.text.SimpleDateFormat("yyyy-MM-dd'T'HH:mm:ss.SSS").format(new Date())}</v11:timestamp>
         </v1:messageContext>
         <v1:legalContext>ServiceIntegrator</v1:legalContext>
         <v1:request>
            <v1:Domain>QUAL_FED_HEALTHCARE</v1:Domain>
            <v1:OrganisationId>
               <v31:Identifier>1990000431</v31:Identifier>
               <v31:IdentifierType>BEEHP</v31:IdentifierType>
            </v1:OrganisationId>
            <v1:Language>nl</v1:Language>
         </v1:request>
      </v1:getOrganisationDenominationRequest>
   </soapenv:Body>
</soapenv:Envelope>]]></con:request><con:credentials><con:selectedAuthProfile>Basic</con:selectedAuthProfile><con:addedBasicAuthenticationTypes>Basic</con:addedBasicAuthenticationTypes><con:authType>Global HTTP Settings</con:authType></con:credentials><con:jmsConfig JMSDeliveryMode="PERSISTENT"/><con:jmsPropertyConfig/><con:wsaConfig mustUnderstand="NONE" version="200508" action="http://fidus.brussels/services/accessmanagerservice/getOrganisationDenomination"/><con:wsrmConfig version="1.2"/></con:call><con:call id="9d63212b-2bc4-4038-8ff7-eb8765d046ba" name="3 - Test - External - Request" outgoingWss="Outflow TEST" incomingWss="Inflow TEST"><con:settings><con:setting id="com.eviware.soapui.impl.wsdl.WsdlRequest@request-headers">&lt;xml-fragment/></con:setting></con:settings><con:encoding>UTF-8</con:encoding><con:endpoint>https://esb-security-gw.sta.srv.cirb.lan:8443/services/AccessManagerService_v1.0</con:endpoint><con:request><![CDATA[<soapenv:Envelope xmlns:soapenv="http://schemas.xmlsoap.org/soap/envelope/" xmlns:v1="http://fidus.brussels/service/accessmanagerservice/messages/v1" xmlns:v11="http://fidus.brussels/type/common/messages/v1" xmlns:v31="http://socialsecurity.be/umanentityrepresentative/types/v3">
   <soapenv:Header/>
   <soapenv:Body>
      <v1:getOrganisationDenominationRequest>
         <v1:messageContext>
         	  <v11:messageId>${=import static java.util.UUID.randomUUID; uuid = randomUUID() as String}</v11:messageId>
            <v11:timestamp>${=new java.text.SimpleDateFormat("yyyy-MM-dd'T'HH:mm:ss.SSS").format(new Date())}</v11:timestamp>
         </v1:messageContext>
         <v1:legalContext>ServiceIntegrator</v1:legalContext>
         <v1:request>
            <v1:Domain>QUAL_FED_HEALTHCARE</v1:Domain>
            <v1:OrganisationId>
               <v31:Identifier>1990000431</v31:Identifier>
               <v31:IdentifierType>BEEHP</v31:IdentifierType>
            </v1:OrganisationId>
            <v1:Language>nl</v1:Language>
         </v1:request>
      </v1:getOrganisationDenominationRequest>
   </soapenv:Body>
</soapenv:Envelope>]]></con:request><con:credentials><con:selectedAuthProfile>Basic</con:selectedAuthProfile><con:addedBasicAuthenticationTypes>Basic</con:addedBasicAuthenticationTypes><con:authType>Global HTTP Settings</con:authType></con:credentials><con:jmsConfig JMSDeliveryMode="PERSISTENT"/><con:jmsPropertyConfig/><con:wsaConfig mustUnderstand="NONE" version="200508" action="http://fidus.brussels/services/accessmanagerservice/getOrganisationDenomination"/><con:wsrmConfig version="1.2"/></con:call></con:operation><con:operation id="e1866b8c-dca5-4e06-9350-a0f094f4ecc3" isOneWay="false" action="http://fidus.brussels/services/accessmanagerservice/getOrganisationParentNodes" name="getOrganisationParentNodes" bindingOperationName="getOrganisationParentNodes" type="Request-Response" inputName="" receivesAttachments="false" sendsAttachments="false" anonymous="optional"><con:settings/><con:call id="e28ff8d5-fbd8-41a8-8f84-68148c6fcfb7" name="1 - Local - Request - OK" outgoingWss="Outflow DEV" incomingWss="Inflow DEV"><con:settings><con:setting id="com.eviware.soapui.impl.wsdl.WsdlRequest@request-headers">&lt;xml-fragment/></con:setting></con:settings><con:encoding>UTF-8</con:encoding><con:endpoint>https://localhost:8243/services/AccessManagerService_v1.0</con:endpoint><con:request><![CDATA[<soapenv:Envelope xmlns:soapenv="http://schemas.xmlsoap.org/soap/envelope/" xmlns:v1="http://fidus.brussels/service/accessmanagerservice/messages/v1" xmlns:v11="http://fidus.brussels/type/common/messages/v1" xmlns:v31="http://socialsecurity.be/umanentityrepresentative/types/v3">
   <soapenv:Header/>
   <soapenv:Body>
      <v1:getOrganisationParentNodesRequest>
         <v1:messageContext>
         	  <v11:messageId>${=import static java.util.UUID.randomUUID; uuid = randomUUID() as String}</v11:messageId>
            <v11:timestamp>${=new java.text.SimpleDateFormat("yyyy-MM-dd'T'HH:mm:ss.SSS").format(new Date())}</v11:timestamp>
         </v1:messageContext>
         <v1:legalContext>ServiceIntegrator</v1:legalContext>
         <v1:request>
            <v1:Domain>QUAL_FED_HEALTHCARE</v1:Domain>
            <v1:OrganisationId>
               <v31:Identifier>1990000431</v31:Identifier>
               <v31:IdentifierType>BEEHP</v31:IdentifierType>
            </v1:OrganisationId>
            <v1:Language>nl</v1:Language>
         </v1:request>
      </v1:getOrganisationParentNodesRequest>
   </soapenv:Body>
</soapenv:Envelope>]]></con:request><con:credentials><con:selectedAuthProfile>Basic</con:selectedAuthProfile><con:addedBasicAuthenticationTypes>Basic</con:addedBasicAuthenticationTypes><con:authType>Global HTTP Settings</con:authType></con:credentials><con:jmsConfig JMSDeliveryMode="PERSISTENT"/><con:jmsPropertyConfig/><con:wsaConfig mustUnderstand="NONE" version="200508" action="http://fidus.brussels/services/accessmanagerservice/getOrganisationParentNodes"/><con:wsrmConfig version="1.2"/></con:call><con:call id="26e7385f-7455-463b-82d5-f08309a00b91" name="2 - Dev - Request - OK" incomingWss="Inflow DEV" outgoingWss="Outflow DEV"><con:settings><con:setting id="com.eviware.soapui.impl.wsdl.WsdlRequest@request-headers">&lt;xml-fragment/></con:setting></con:settings><con:encoding>UTF-8</con:encoding><con:endpoint>https://192.168.36.61:8243/services/AccessManagerService_v1.0</con:endpoint><con:request><![CDATA[<soapenv:Envelope xmlns:soapenv="http://schemas.xmlsoap.org/soap/envelope/" xmlns:v1="http://fidus.brussels/service/accessmanagerservice/messages/v1" xmlns:v11="http://fidus.brussels/type/common/messages/v1" xmlns:v31="http://socialsecurity.be/umanentityrepresentative/types/v3">
   <soapenv:Header/>
   <soapenv:Body>
      <v1:getOrganisationParentNodesRequest>
         <v1:messageContext>
         	  <v11:messageId>${=import static java.util.UUID.randomUUID; uuid = randomUUID() as String}</v11:messageId>
            <v11:timestamp>${=new java.text.SimpleDateFormat("yyyy-MM-dd'T'HH:mm:ss.SSS").format(new Date())}</v11:timestamp>
         </v1:messageContext>
         <v1:legalContext>ServiceIntegrator</v1:legalContext>
         <v1:request>
            <v1:Domain>QUAL_FED_HEALTHCARE</v1:Domain>
            <v1:OrganisationId>
               <v31:Identifier>1990000431</v31:Identifier>
               <v31:IdentifierType>BEEHP</v31:IdentifierType>
            </v1:OrganisationId>
            <v1:Language>nl</v1:Language>
         </v1:request>
      </v1:getOrganisationParentNodesRequest>
   </soapenv:Body>
</soapenv:Envelope>]]></con:request><con:credentials><con:selectedAuthProfile>Basic</con:selectedAuthProfile><con:addedBasicAuthenticationTypes>Basic</con:addedBasicAuthenticationTypes><con:authType>Global HTTP Settings</con:authType></con:credentials><con:jmsConfig JMSDeliveryMode="PERSISTENT"/><con:jmsPropertyConfig/><con:wsaConfig mustUnderstand="NONE" version="200508" action="http://fidus.brussels/services/accessmanagerservice/getOrganisationParentNodes"/><con:wsrmConfig version="1.2"/></con:call><con:call id="5b54fcb3-632b-4f86-90bf-49e4f5c5b0cf" name="3 - Test - LB - Request" outgoingWss="Outflow TEST" incomingWss="Inflow TEST"><con:settings><con:setting id="com.eviware.soapui.impl.wsdl.WsdlRequest@request-headers">&lt;xml-fragment/></con:setting></con:settings><con:encoding>UTF-8</con:encoding><con:endpoint>https://esb-security-gw.sta.srv.cirb.lan:8443/services/AccessManagerService_v1.0</con:endpoint><con:request><![CDATA[<soapenv:Envelope xmlns:soapenv="http://schemas.xmlsoap.org/soap/envelope/" xmlns:v1="http://fidus.brussels/service/accessmanagerservice/messages/v1" xmlns:v11="http://fidus.brussels/type/common/messages/v1" xmlns:v31="http://socialsecurity.be/umanentityrepresentative/types/v3">
   <soapenv:Header/>
   <soapenv:Body>
      <v1:getOrganisationParentNodesRequest>
         <v1:messageContext>
         	  <v11:messageId>${=import static java.util.UUID.randomUUID; uuid = randomUUID() as String}</v11:messageId>
            <v11:timestamp>${=new java.text.SimpleDateFormat("yyyy-MM-dd'T'HH:mm:ss.SSS").format(new Date())}</v11:timestamp>
         </v1:messageContext>
         <v1:legalContext>ServiceIntegrator</v1:legalContext>
         <v1:request>
            <v1:Domain>QUAL_FED_HEALTHCARE</v1:Domain>
            <v1:OrganisationId>
               <v31:Identifier>1990000431</v31:Identifier>
               <v31:IdentifierType>BEEHP</v31:IdentifierType>
            </v1:OrganisationId>
            <v1:Language>nl</v1:Language>
         </v1:request>
      </v1:getOrganisationParentNodesRequest>
   </soapenv:Body>
</soapenv:Envelope>]]></con:request><con:credentials><con:selectedAuthProfile>Basic</con:selectedAuthProfile><con:addedBasicAuthenticationTypes>Basic</con:addedBasicAuthenticationTypes><con:authType>Global HTTP Settings</con:authType></con:credentials><con:jmsConfig JMSDeliveryMode="PERSISTENT"/><con:jmsPropertyConfig/><con:wsaConfig mustUnderstand="NONE" version="200508" action="http://fidus.brussels/services/accessmanagerservice/getOrganisationParentNodes"/><con:wsrmConfig version="1.2"/></con:call><con:call id="52c647c2-0da2-484a-af9f-413cfd3a3fbe" name="4 - Staging - LB - Request" incomingWss="Inflow STAGING" outgoingWss="Outflow STAGING"><con:settings><con:setting id="com.eviware.soapui.impl.wsdl.WsdlRequest@request-headers">&lt;xml-fragment/></con:setting></con:settings><con:encoding>UTF-8</con:encoding><con:endpoint>https://fidus-esb-sg.sta.srv.cirb.lan:8443/services/AccessManagerService_v1.0</con:endpoint><con:request><![CDATA[<soapenv:Envelope xmlns:soapenv="http://schemas.xmlsoap.org/soap/envelope/" xmlns:v1="http://fidus.brussels/service/accessmanagerservice/messages/v1" xmlns:v11="http://fidus.brussels/type/common/messages/v1" xmlns:v31="http://socialsecurity.be/umanentityrepresentative/types/v3">
   <soapenv:Header/>
   <soapenv:Body>
      <v1:getOrganisationParentNodesRequest>
         <v1:messageContext>
         	  <v11:messageId>${=import static java.util.UUID.randomUUID; uuid = randomUUID() as String}</v11:messageId>
            <v11:timestamp>${=new java.text.SimpleDateFormat("yyyy-MM-dd'T'HH:mm:ss.SSS").format(new Date())}</v11:timestamp>
         </v1:messageContext>
         <v1:legalContext>ServiceIntegrator</v1:legalContext>
         <v1:request>
            <v1:Domain>QUAL_FED_HEALTHCARE</v1:Domain>
            <v1:OrganisationId>
               <v31:Identifier>1990000431</v31:Identifier>
               <v31:IdentifierType>BEEHP</v31:IdentifierType>
            </v1:OrganisationId>
            <v1:Language>nl</v1:Language>
         </v1:request>
      </v1:getOrganisationParentNodesRequest>
   </soapenv:Body>
</soapenv:Envelope>]]></con:request><con:credentials><con:selectedAuthProfile>Basic</con:selectedAuthProfile><con:addedBasicAuthenticationTypes>Basic</con:addedBasicAuthenticationTypes><con:authType>Global HTTP Settings</con:authType></con:credentials><con:jmsConfig JMSDeliveryMode="PERSISTENT"/><con:jmsPropertyConfig/><con:wsaConfig mustUnderstand="NONE" version="200508" action="http://fidus.brussels/services/accessmanagerservice/getOrganisationParentNodes"/><con:wsrmConfig version="1.2"/></con:call><con:call id="8e9307a6-6c44-4809-bfb5-409c5394e29b" name="5 - Prod - External - Request" incomingWss="Inflow PROD" outgoingWss="Outflow PROD"><con:settings><con:setting id="com.eviware.soapui.impl.wsdl.WsdlRequest@request-headers">&lt;xml-fragment/></con:setting></con:settings><con:encoding>UTF-8</con:encoding><con:endpoint>https://fidus-esb-sg.prd.srv.cirb.lan:8443/services/AccessManagerService_v1.0</con:endpoint><con:request><![CDATA[<soapenv:Envelope xmlns:soapenv="http://schemas.xmlsoap.org/soap/envelope/" xmlns:v1="http://fidus.brussels/service/accessmanagerservice/messages/v1" xmlns:v11="http://fidus.brussels/type/common/messages/v1" xmlns:v31="http://socialsecurity.be/umanentityrepresentative/types/v3">
   <soapenv:Header/>
   <soapenv:Body>
      <v1:getOrganisationParentNodesRequest>
         <v1:messageContext>
         	  <v11:messageId>${=import static java.util.UUID.randomUUID; uuid = randomUUID() as String}</v11:messageId>
            <v11:timestamp>${=new java.text.SimpleDateFormat("yyyy-MM-dd'T'HH:mm:ss.SSS").format(new Date())}</v11:timestamp>
         </v1:messageContext>
         <v1:legalContext>ServiceIntegrator</v1:legalContext>
         <v1:request>
            <v1:Domain>QUAL_FED_HEALTHCARE</v1:Domain>
            <v1:OrganisationId>
               <v31:Identifier>1990000431</v31:Identifier>
               <v31:IdentifierType>BEEHP</v31:IdentifierType>
            </v1:OrganisationId>
            <v1:Language>nl</v1:Language>
         </v1:request>
      </v1:getOrganisationParentNodesRequest>
   </soapenv:Body>
</soapenv:Envelope>]]></con:request><con:credentials><con:selectedAuthProfile>Basic</con:selectedAuthProfile><con:addedBasicAuthenticationTypes>Basic</con:addedBasicAuthenticationTypes><con:authType>Global HTTP Settings</con:authType></con:credentials><con:jmsConfig JMSDeliveryMode="PERSISTENT"/><con:jmsPropertyConfig/><con:wsaConfig mustUnderstand="NONE" version="200508" action="http://fidus.brussels/services/accessmanagerservice/getOrganisationParentNodes"/><con:wsrmConfig version="1.2"/></con:call><con:call id="808892cc-8f1e-49a4-a9dd-1f1a85417b8b" name="1 - Local - Request - Not Found" incomingWss="Inflow DEV" outgoingWss="Outflow DEV"><con:settings><con:setting id="com.eviware.soapui.impl.wsdl.WsdlRequest@request-headers">&lt;xml-fragment/></con:setting></con:settings><con:encoding>UTF-8</con:encoding><con:endpoint>https://localhost:8243/services/AccessManagerService_v1.0</con:endpoint><con:request><![CDATA[<soapenv:Envelope xmlns:soapenv="http://schemas.xmlsoap.org/soap/envelope/" xmlns:v1="http://fidus.brussels/service/accessmanagerservice/messages/v1" xmlns:v11="http://fidus.brussels/type/common/messages/v1" xmlns:v31="http://socialsecurity.be/umanentityrepresentative/types/v3">
   <soapenv:Header/>
   <soapenv:Body>
      <v1:getOrganisationParentNodesRequest>
         <v1:messageContext>
         	  <v11:messageId>${=import static java.util.UUID.randomUUID; uuid = randomUUID() as String}</v11:messageId>
            <v11:timestamp>${=new java.text.SimpleDateFormat("yyyy-MM-dd'T'HH:mm:ss.SSS").format(new Date())}</v11:timestamp>
         </v1:messageContext>
         <v1:legalContext>ServiceIntegrator</v1:legalContext>
         <v1:request>
            <v1:Domain>CHEMISTRY</v1:Domain>
            <v1:OrganisationId>
               <v31:Identifier>1990000431</v31:Identifier>
               <v31:IdentifierType>BEEHP</v31:IdentifierType>
            </v1:OrganisationId>
            <v1:Language>nl</v1:Language>
         </v1:request>
      </v1:getOrganisationParentNodesRequest>
   </soapenv:Body>
</soapenv:Envelope>]]></con:request><con:credentials><con:selectedAuthProfile>Basic</con:selectedAuthProfile><con:addedBasicAuthenticationTypes>Basic</con:addedBasicAuthenticationTypes><con:authType>Global HTTP Settings</con:authType></con:credentials><con:jmsConfig JMSDeliveryMode="PERSISTENT"/><con:jmsPropertyConfig/><con:wsaConfig mustUnderstand="NONE" version="200508" action="http://fidus.brussels/services/accessmanagerservice/getOrganisationParentNodes"/><con:wsrmConfig version="1.2"/></con:call><con:call id="13c53e7f-65c6-4f13-a1a2-99b04a861c84" name="2 - Dev - Request - Not Found" incomingWss="Inflow DEV" outgoingWss="Outflow DEV"><con:settings><con:setting id="com.eviware.soapui.impl.wsdl.WsdlRequest@request-headers">&lt;xml-fragment/></con:setting></con:settings><con:encoding>UTF-8</con:encoding><con:endpoint>https://192.168.36.61:8243/services/AccessManagerService_v1.0</con:endpoint><con:request><![CDATA[<soapenv:Envelope xmlns:soapenv="http://schemas.xmlsoap.org/soap/envelope/" xmlns:v1="http://fidus.brussels/service/accessmanagerservice/messages/v1" xmlns:v11="http://fidus.brussels/type/common/messages/v1" xmlns:v31="http://socialsecurity.be/umanentityrepresentative/types/v3">
   <soapenv:Header/>
   <soapenv:Body>
      <v1:getOrganisationParentNodesRequest>
         <v1:messageContext>
         	  <v11:messageId>${=import static java.util.UUID.randomUUID; uuid = randomUUID() as String}</v11:messageId>
            <v11:timestamp>${=new java.text.SimpleDateFormat("yyyy-MM-dd'T'HH:mm:ss.SSS").format(new Date())}</v11:timestamp>
         </v1:messageContext>
         <v1:legalContext>ServiceIntegrator</v1:legalContext>
         <v1:request>
            <v1:Domain>CHEMISTRY</v1:Domain>
            <v1:OrganisationId>
               <v31:Identifier>1990000431</v31:Identifier>
               <v31:IdentifierType>BEEHP</v31:IdentifierType>
            </v1:OrganisationId>
            <v1:Language>nl</v1:Language>
         </v1:request>
      </v1:getOrganisationParentNodesRequest>
   </soapenv:Body>
</soapenv:Envelope>]]></con:request><con:credentials><con:selectedAuthProfile>Basic</con:selectedAuthProfile><con:addedBasicAuthenticationTypes>Basic</con:addedBasicAuthenticationTypes><con:authType>Global HTTP Settings</con:authType></con:credentials><con:jmsConfig JMSDeliveryMode="PERSISTENT"/><con:jmsPropertyConfig/><con:wsaConfig mustUnderstand="NONE" version="200508" action="http://fidus.brussels/services/accessmanagerservice/getOrganisationParentNodes"/><con:wsrmConfig version="1.2"/></con:call><con:call id="bbd26555-c193-423b-99af-27e31472216c" name="3 - Test - Worker1 - Request" outgoingWss="Outflow TEST" incomingWss="Inflow TEST"><con:settings><con:setting id="com.eviware.soapui.impl.wsdl.WsdlRequest@request-headers">&lt;xml-fragment/></con:setting></con:settings><con:encoding>UTF-8</con:encoding><con:endpoint>https://192.168.22.53:8443/services/AccessManagerService_v1.0</con:endpoint><con:request><![CDATA[<soapenv:Envelope xmlns:soapenv="http://schemas.xmlsoap.org/soap/envelope/" xmlns:v1="http://fidus.brussels/service/accessmanagerservice/messages/v1" xmlns:v11="http://fidus.brussels/type/common/messages/v1" xmlns:v31="http://socialsecurity.be/umanentityrepresentative/types/v3">
   <soapenv:Header/>
   <soapenv:Body>
      <v1:getOrganisationParentNodesRequest>
         <v1:messageContext>
         	  <v11:messageId>${=import static java.util.UUID.randomUUID; uuid = randomUUID() as String}</v11:messageId>
            <v11:timestamp>${=new java.text.SimpleDateFormat("yyyy-MM-dd'T'HH:mm:ss.SSS").format(new Date())}</v11:timestamp>
         </v1:messageContext>
         <v1:legalContext>ServiceIntegrator</v1:legalContext>
         <v1:request>
            <v1:Domain>QUAL_FED_HEALTHCARE</v1:Domain>
            <v1:OrganisationId>
               <v31:Identifier>1990000431</v31:Identifier>
               <v31:IdentifierType>BEEHP</v31:IdentifierType>
            </v1:OrganisationId>
            <v1:Language>nl</v1:Language>
         </v1:request>
      </v1:getOrganisationParentNodesRequest>
   </soapenv:Body>
</soapenv:Envelope>]]></con:request><con:credentials><con:selectedAuthProfile>Basic</con:selectedAuthProfile><con:addedBasicAuthenticationTypes>Basic</con:addedBasicAuthenticationTypes><con:authType>Global HTTP Settings</con:authType></con:credentials><con:jmsConfig JMSDeliveryMode="PERSISTENT"/><con:jmsPropertyConfig/><con:wsaConfig mustUnderstand="NONE" version="200508" action="http://fidus.brussels/services/accessmanagerservice/getOrganisationParentNodes"/><con:wsrmConfig version="1.2"/></con:call><con:call id="34f363e1-f424-47ab-8ba5-3c4e36cf2412" name="3 - Test - Worker2 - Request" outgoingWss="Outflow TEST" incomingWss="Inflow TEST"><con:settings><con:setting id="com.eviware.soapui.impl.wsdl.WsdlRequest@request-headers">&lt;xml-fragment/></con:setting></con:settings><con:encoding>UTF-8</con:encoding><con:endpoint>https://192.168.22.54:8443/services/AccessManagerService_v1.0</con:endpoint><con:request><![CDATA[<soapenv:Envelope xmlns:soapenv="http://schemas.xmlsoap.org/soap/envelope/" xmlns:v1="http://fidus.brussels/service/accessmanagerservice/messages/v1" xmlns:v11="http://fidus.brussels/type/common/messages/v1" xmlns:v31="http://socialsecurity.be/umanentityrepresentative/types/v3">
   <soapenv:Header/>
   <soapenv:Body>
      <v1:getOrganisationParentNodesRequest>
         <v1:messageContext>
         	  <v11:messageId>${=import static java.util.UUID.randomUUID; uuid = randomUUID() as String}</v11:messageId>
            <v11:timestamp>${=new java.text.SimpleDateFormat("yyyy-MM-dd'T'HH:mm:ss.SSS").format(new Date())}</v11:timestamp>
         </v1:messageContext>
         <v1:legalContext>ServiceIntegrator</v1:legalContext>
         <v1:request>
            <v1:Domain>QUAL_FED_HEALTHCARE</v1:Domain>
            <v1:OrganisationId>
               <v31:Identifier>1990000431</v31:Identifier>
               <v31:IdentifierType>BEEHP</v31:IdentifierType>
            </v1:OrganisationId>
            <v1:Language>nl</v1:Language>
         </v1:request>
      </v1:getOrganisationParentNodesRequest>
   </soapenv:Body>
</soapenv:Envelope>]]></con:request><con:credentials><con:selectedAuthProfile>Basic</con:selectedAuthProfile><con:addedBasicAuthenticationTypes>Basic</con:addedBasicAuthenticationTypes><con:authType>Global HTTP Settings</con:authType></con:credentials><con:jmsConfig JMSDeliveryMode="PERSISTENT"/><con:jmsPropertyConfig/><con:wsaConfig mustUnderstand="NONE" version="200508" action="http://fidus.brussels/services/accessmanagerservice/getOrganisationParentNodes"/><con:wsrmConfig version="1.2"/></con:call><con:call id="22b13242-19e0-43c0-ba42-2d64bb8c1fce" name="4 - Staging - Worker1 - Request" incomingWss="Inflow STAGING" outgoingWss="Outflow STAGING"><con:settings><con:setting id="com.eviware.soapui.impl.wsdl.WsdlRequest@request-headers">&lt;xml-fragment/></con:setting></con:settings><con:encoding>UTF-8</con:encoding><con:endpoint>https://192.168.24.16:8443/services/AccessManagerService_v1.0</con:endpoint><con:request><![CDATA[<soapenv:Envelope xmlns:soapenv="http://schemas.xmlsoap.org/soap/envelope/" xmlns:v1="http://fidus.brussels/service/accessmanagerservice/messages/v1" xmlns:v11="http://fidus.brussels/type/common/messages/v1" xmlns:v31="http://socialsecurity.be/umanentityrepresentative/types/v3">
   <soapenv:Header/>
   <soapenv:Body>
      <v1:getOrganisationParentNodesRequest>
         <v1:messageContext>
         	  <v11:messageId>${=import static java.util.UUID.randomUUID; uuid = randomUUID() as String}</v11:messageId>
            <v11:timestamp>${=new java.text.SimpleDateFormat("yyyy-MM-dd'T'HH:mm:ss.SSS").format(new Date())}</v11:timestamp>
         </v1:messageContext>
         <v1:legalContext>ServiceIntegrator</v1:legalContext>
         <v1:request>
            <v1:Domain>QUAL_FED_HEALTHCARE</v1:Domain>
            <v1:OrganisationId>
               <v31:Identifier>1990000431</v31:Identifier>
               <v31:IdentifierType>BEEHP</v31:IdentifierType>
            </v1:OrganisationId>
            <v1:Language>nl</v1:Language>
         </v1:request>
      </v1:getOrganisationParentNodesRequest>
   </soapenv:Body>
</soapenv:Envelope>]]></con:request><con:credentials><con:selectedAuthProfile>Basic</con:selectedAuthProfile><con:addedBasicAuthenticationTypes>Basic</con:addedBasicAuthenticationTypes><con:authType>Global HTTP Settings</con:authType></con:credentials><con:jmsConfig JMSDeliveryMode="PERSISTENT"/><con:jmsPropertyConfig/><con:wsaConfig mustUnderstand="NONE" version="200508" action="http://fidus.brussels/services/accessmanagerservice/getOrganisationParentNodes"/><con:wsrmConfig version="1.2"/></con:call><con:call id="ecdad1d7-a620-4f85-baea-cbd4648019fe" name="4 - Staging - Worker2 - Request" incomingWss="Inflow STAGING" outgoingWss="Outflow STAGING"><con:settings><con:setting id="com.eviware.soapui.impl.wsdl.WsdlRequest@request-headers">&lt;xml-fragment/></con:setting></con:settings><con:encoding>UTF-8</con:encoding><con:endpoint>https://192.168.24.17:8443/services/AccessManagerService_v1.0</con:endpoint><con:request><![CDATA[<soapenv:Envelope xmlns:soapenv="http://schemas.xmlsoap.org/soap/envelope/" xmlns:v1="http://fidus.brussels/service/accessmanagerservice/messages/v1" xmlns:v11="http://fidus.brussels/type/common/messages/v1" xmlns:v31="http://socialsecurity.be/umanentityrepresentative/types/v3">
   <soapenv:Header/>
   <soapenv:Body>
      <v1:getOrganisationParentNodesRequest>
         <v1:messageContext>
         	  <v11:messageId>${=import static java.util.UUID.randomUUID; uuid = randomUUID() as String}</v11:messageId>
            <v11:timestamp>${=new java.text.SimpleDateFormat("yyyy-MM-dd'T'HH:mm:ss.SSS").format(new Date())}</v11:timestamp>
         </v1:messageContext>
         <v1:legalContext>ServiceIntegrator</v1:legalContext>
         <v1:request>
            <v1:Domain>QUAL_FED_HEALTHCARE</v1:Domain>
            <v1:OrganisationId>
               <v31:Identifier>1990000431</v31:Identifier>
               <v31:IdentifierType>BEEHP</v31:IdentifierType>
            </v1:OrganisationId>
            <v1:Language>nl</v1:Language>
         </v1:request>
      </v1:getOrganisationParentNodesRequest>
   </soapenv:Body>
</soapenv:Envelope>]]></con:request><con:credentials><con:selectedAuthProfile>Basic</con:selectedAuthProfile><con:addedBasicAuthenticationTypes>Basic</con:addedBasicAuthenticationTypes><con:authType>Global HTTP Settings</con:authType></con:credentials><con:jmsConfig JMSDeliveryMode="PERSISTENT"/><con:jmsPropertyConfig/><con:wsaConfig mustUnderstand="NONE" version="200508" action="http://fidus.brussels/services/accessmanagerservice/getOrganisationParentNodes"/><con:wsrmConfig version="1.2"/></con:call><con:call id="f44ce7cc-4ab6-44f6-ba07-c67facdd5f96" name="5 - Prod - LB - Request" incomingWss="Inflow PROD" outgoingWss="Outflow PROD"><con:settings><con:setting id="com.eviware.soapui.impl.wsdl.WsdlRequest@request-headers">&lt;xml-fragment/></con:setting></con:settings><con:encoding>UTF-8</con:encoding><con:endpoint>https://fidus-esb-sg.prd.srv.cirb.lan:8443/services/AccessManagerService_v1.0</con:endpoint><con:request><![CDATA[<soapenv:Envelope xmlns:soapenv="http://schemas.xmlsoap.org/soap/envelope/" xmlns:v1="http://fidus.brussels/service/accessmanagerservice/messages/v1" xmlns:v11="http://fidus.brussels/type/common/messages/v1" xmlns:v31="http://socialsecurity.be/umanentityrepresentative/types/v3">
   <soapenv:Header/>
   <soapenv:Body>
      <v1:getOrganisationParentNodesRequest>
         <v1:messageContext>
         	  <v11:messageId>${=import static java.util.UUID.randomUUID; uuid = randomUUID() as String}</v11:messageId>
            <v11:timestamp>${=new java.text.SimpleDateFormat("yyyy-MM-dd'T'HH:mm:ss.SSS").format(new Date())}</v11:timestamp>
         </v1:messageContext>
         <v1:legalContext>ServiceIntegrator</v1:legalContext>
         <v1:request>
            <v1:Domain>QUAL_FED_HEALTHCARE</v1:Domain>
            <v1:OrganisationId>
               <v31:Identifier>1990000431</v31:Identifier>
               <v31:IdentifierType>BEEHP</v31:IdentifierType>
            </v1:OrganisationId>
            <v1:Language>nl</v1:Language>
         </v1:request>
      </v1:getOrganisationParentNodesRequest>
   </soapenv:Body>
</soapenv:Envelope>]]></con:request><con:credentials><con:selectedAuthProfile>Basic</con:selectedAuthProfile><con:addedBasicAuthenticationTypes>Basic</con:addedBasicAuthenticationTypes><con:authType>Global HTTP Settings</con:authType></con:credentials><con:jmsConfig JMSDeliveryMode="PERSISTENT"/><con:jmsPropertyConfig/><con:wsaConfig mustUnderstand="NONE" version="200508" action="http://fidus.brussels/services/accessmanagerservice/getOrganisationParentNodes"/><con:wsrmConfig version="1.2"/></con:call><con:call id="45e75470-6021-4ee3-b243-87bc1de6f55c" name="5 - Prod - Worker1 - Request" incomingWss="Inflow PROD" outgoingWss="Outflow PROD"><con:settings><con:setting id="com.eviware.soapui.impl.wsdl.WsdlRequest@request-headers">&lt;xml-fragment/></con:setting></con:settings><con:encoding>UTF-8</con:encoding><con:endpoint>https://192.168.26.22:8443/services/AccessManagerService_v1.0</con:endpoint><con:request><![CDATA[<soapenv:Envelope xmlns:soapenv="http://schemas.xmlsoap.org/soap/envelope/" xmlns:v1="http://fidus.brussels/service/accessmanagerservice/messages/v1" xmlns:v11="http://fidus.brussels/type/common/messages/v1" xmlns:v31="http://socialsecurity.be/umanentityrepresentative/types/v3">
   <soapenv:Header/>
   <soapenv:Body>
      <v1:getOrganisationParentNodesRequest>
         <v1:messageContext>
         	  <v11:messageId>${=import static java.util.UUID.randomUUID; uuid = randomUUID() as String}</v11:messageId>
            <v11:timestamp>${=new java.text.SimpleDateFormat("yyyy-MM-dd'T'HH:mm:ss.SSS").format(new Date())}</v11:timestamp>
         </v1:messageContext>
         <v1:legalContext>ServiceIntegrator</v1:legalContext>
         <v1:request>
            <v1:Domain>QUAL_FED_HEALTHCARE</v1:Domain>
            <v1:OrganisationId>
               <v31:Identifier>1990000431</v31:Identifier>
               <v31:IdentifierType>BEEHP</v31:IdentifierType>
            </v1:OrganisationId>
            <v1:Language>nl</v1:Language>
         </v1:request>
      </v1:getOrganisationParentNodesRequest>
   </soapenv:Body>
</soapenv:Envelope>]]></con:request><con:credentials><con:selectedAuthProfile>Basic</con:selectedAuthProfile><con:addedBasicAuthenticationTypes>Basic</con:addedBasicAuthenticationTypes><con:authType>Global HTTP Settings</con:authType></con:credentials><con:jmsConfig JMSDeliveryMode="PERSISTENT"/><con:jmsPropertyConfig/><con:wsaConfig mustUnderstand="NONE" version="200508" action="http://fidus.brussels/services/accessmanagerservice/getOrganisationParentNodes"/><con:wsrmConfig version="1.2"/></con:call><con:call id="e72117d7-a6e2-4550-85b9-95ccbd5de9e0" name="5 - Prod - Worker2 - Request" incomingWss="Inflow PROD" outgoingWss="Outflow PROD"><con:settings><con:setting id="com.eviware.soapui.impl.wsdl.WsdlRequest@request-headers">&lt;xml-fragment/></con:setting></con:settings><con:encoding>UTF-8</con:encoding><con:endpoint>https://192.168.26.19:8443/services/AccessManagerService_v1.0</con:endpoint><con:request><![CDATA[<soapenv:Envelope xmlns:soapenv="http://schemas.xmlsoap.org/soap/envelope/" xmlns:v1="http://fidus.brussels/service/accessmanagerservice/messages/v1" xmlns:v11="http://fidus.brussels/type/common/messages/v1" xmlns:v31="http://socialsecurity.be/umanentityrepresentative/types/v3">
   <soapenv:Header/>
   <soapenv:Body>
      <v1:getOrganisationParentNodesRequest>
         <v1:messageContext>
         	  <v11:messageId>${=import static java.util.UUID.randomUUID; uuid = randomUUID() as String}</v11:messageId>
            <v11:timestamp>${=new java.text.SimpleDateFormat("yyyy-MM-dd'T'HH:mm:ss.SSS").format(new Date())}</v11:timestamp>
         </v1:messageContext>
         <v1:legalContext>ServiceIntegrator</v1:legalContext>
         <v1:request>
            <v1:Domain>QUAL_FED_HEALTHCARE</v1:Domain>
            <v1:OrganisationId>
               <v31:Identifier>1990000431</v31:Identifier>
               <v31:IdentifierType>BEEHP</v31:IdentifierType>
            </v1:OrganisationId>
            <v1:Language>nl</v1:Language>
         </v1:request>
      </v1:getOrganisationParentNodesRequest>
   </soapenv:Body>
</soapenv:Envelope>]]></con:request><con:credentials><con:selectedAuthProfile>Basic</con:selectedAuthProfile><con:addedBasicAuthenticationTypes>Basic</con:addedBasicAuthenticationTypes><con:authType>Global HTTP Settings</con:authType></con:credentials><con:jmsConfig JMSDeliveryMode="PERSISTENT"/><con:jmsPropertyConfig/><con:wsaConfig mustUnderstand="NONE" version="200508" action="http://fidus.brussels/services/accessmanagerservice/getOrganisationParentNodes"/><con:wsrmConfig version="1.2"/></con:call><con:call id="5c476206-cd68-42bf-9e5b-1e24cb62ec49" name="3 - Test - Worker1New - Request" outgoingWss="Outflow TEST" incomingWss="Inflow TEST"><con:settings><con:setting id="com.eviware.soapui.impl.wsdl.WsdlRequest@request-headers">&lt;xml-fragment/></con:setting></con:settings><con:encoding>UTF-8</con:encoding><con:endpoint>https://192.168.22.73:8443/services/AccessManagerService_v1.0</con:endpoint><con:request><![CDATA[<soapenv:Envelope xmlns:soapenv="http://schemas.xmlsoap.org/soap/envelope/" xmlns:v1="http://fidus.brussels/service/accessmanagerservice/messages/v1" xmlns:v11="http://fidus.brussels/type/common/messages/v1" xmlns:v31="http://socialsecurity.be/umanentityrepresentative/types/v3">
   <soapenv:Header/>
   <soapenv:Body>
      <v1:getOrganisationParentNodesRequest>
         <v1:messageContext>
         	  <v11:messageId>${=import static java.util.UUID.randomUUID; uuid = randomUUID() as String}</v11:messageId>
            <v11:timestamp>${=new java.text.SimpleDateFormat("yyyy-MM-dd'T'HH:mm:ss.SSS").format(new Date())}</v11:timestamp>
         </v1:messageContext>
         <v1:legalContext>ServiceIntegrator</v1:legalContext>
         <v1:request>
            <v1:Domain>QUAL_FED_HEALTHCARE</v1:Domain>
            <v1:OrganisationId>
               <v31:Identifier>1990000431</v31:Identifier>
               <v31:IdentifierType>BEEHP</v31:IdentifierType>
            </v1:OrganisationId>
            <v1:Language>nl</v1:Language>
         </v1:request>
      </v1:getOrganisationParentNodesRequest>
   </soapenv:Body>
</soapenv:Envelope>]]></con:request><con:credentials><con:selectedAuthProfile>Basic</con:selectedAuthProfile><con:addedBasicAuthenticationTypes>Basic</con:addedBasicAuthenticationTypes><con:authType>Global HTTP Settings</con:authType></con:credentials><con:jmsConfig JMSDeliveryMode="PERSISTENT"/><con:jmsPropertyConfig/><con:wsaConfig mustUnderstand="NONE" version="200508" action="http://fidus.brussels/services/accessmanagerservice/getOrganisationParentNodes"/><con:wsrmConfig version="1.2"/></con:call><con:call id="18ae9fdc-2b0f-4b2e-ad47-986f1fb373ea" name="3 - Test - Worker2New - Request" outgoingWss="Outflow TEST" incomingWss="Inflow TEST"><con:settings><con:setting id="com.eviware.soapui.impl.wsdl.WsdlRequest@request-headers">&lt;xml-fragment/></con:setting></con:settings><con:encoding>UTF-8</con:encoding><con:endpoint>https://192.168.22.93:8443/services/AccessManagerService_v1.0</con:endpoint><con:request><![CDATA[<soapenv:Envelope xmlns:soapenv="http://schemas.xmlsoap.org/soap/envelope/" xmlns:v1="http://fidus.brussels/service/accessmanagerservice/messages/v1" xmlns:v11="http://fidus.brussels/type/common/messages/v1" xmlns:v31="http://socialsecurity.be/umanentityrepresentative/types/v3">
   <soapenv:Header/>
   <soapenv:Body>
      <v1:getOrganisationParentNodesRequest>
         <v1:messageContext>
         	  <v11:messageId>${=import static java.util.UUID.randomUUID; uuid = randomUUID() as String}</v11:messageId>
            <v11:timestamp>${=new java.text.SimpleDateFormat("yyyy-MM-dd'T'HH:mm:ss.SSS").format(new Date())}</v11:timestamp>
         </v1:messageContext>
         <v1:legalContext>ServiceIntegrator</v1:legalContext>
         <v1:request>
            <v1:Domain>QUAL_FED_HEALTHCARE</v1:Domain>
            <v1:OrganisationId>
               <v31:Identifier>1990000431</v31:Identifier>
               <v31:IdentifierType>BEEHP</v31:IdentifierType>
            </v1:OrganisationId>
            <v1:Language>nl</v1:Language>
         </v1:request>
      </v1:getOrganisationParentNodesRequest>
   </soapenv:Body>
</soapenv:Envelope>]]></con:request><con:credentials><con:selectedAuthProfile>Basic</con:selectedAuthProfile><con:addedBasicAuthenticationTypes>Basic</con:addedBasicAuthenticationTypes><con:authType>Global HTTP Settings</con:authType></con:credentials><con:jmsConfig JMSDeliveryMode="PERSISTENT"/><con:jmsPropertyConfig/><con:wsaConfig mustUnderstand="NONE" version="200508" action="http://fidus.brussels/services/accessmanagerservice/getOrganisationParentNodes"/><con:wsrmConfig version="1.2"/></con:call><con:call id="6221ac88-20b9-4124-b685-86bd022335f4" name="4 - Staging - Worker1New - Request" outgoingWss="Outflow STAGING" incomingWss="Inflow STAGING"><con:settings><con:setting id="com.eviware.soapui.impl.wsdl.WsdlRequest@request-headers">&lt;xml-fragment/></con:setting></con:settings><con:encoding>UTF-8</con:encoding><con:endpoint>https://192.168.23.191:8443/services/AccessManagerService_v1.0</con:endpoint><con:request><![CDATA[<soapenv:Envelope xmlns:soapenv="http://schemas.xmlsoap.org/soap/envelope/" xmlns:v1="http://fidus.brussels/service/accessmanagerservice/messages/v1" xmlns:v11="http://fidus.brussels/type/common/messages/v1" xmlns:v31="http://socialsecurity.be/umanentityrepresentative/types/v3">
   <soapenv:Header/>
   <soapenv:Body>
      <v1:getOrganisationParentNodesRequest>
         <v1:messageContext>
         	  <v11:messageId>${=import static java.util.UUID.randomUUID; uuid = randomUUID() as String}</v11:messageId>
            <v11:timestamp>${=new java.text.SimpleDateFormat("yyyy-MM-dd'T'HH:mm:ss.SSS").format(new Date())}</v11:timestamp>
         </v1:messageContext>
         <v1:legalContext>ServiceIntegrator</v1:legalContext>
         <v1:request>
            <v1:Domain>QUAL_FED_HEALTHCARE</v1:Domain>
            <v1:OrganisationId>
               <v31:Identifier>1990000431</v31:Identifier>
               <v31:IdentifierType>BEEHP</v31:IdentifierType>
            </v1:OrganisationId>
            <v1:Language>nl</v1:Language>
         </v1:request>
      </v1:getOrganisationParentNodesRequest>
   </soapenv:Body>
</soapenv:Envelope>]]></con:request><con:credentials><con:selectedAuthProfile>Basic</con:selectedAuthProfile><con:addedBasicAuthenticationTypes>Basic</con:addedBasicAuthenticationTypes><con:authType>Global HTTP Settings</con:authType></con:credentials><con:jmsConfig JMSDeliveryMode="PERSISTENT"/><con:jmsPropertyConfig/><con:wsaConfig mustUnderstand="NONE" version="200508" action="http://fidus.brussels/services/accessmanagerservice/getOrganisationParentNodes"/><con:wsrmConfig version="1.2"/></con:call><con:call id="99346537-3484-4b55-b501-1cc0cfef2872" name="4 - Staging - Worker2New - Request" outgoingWss="Outflow STAGING" incomingWss="Inflow STAGING"><con:settings><con:setting id="com.eviware.soapui.impl.wsdl.WsdlRequest@request-headers">&lt;xml-fragment/></con:setting></con:settings><con:encoding>UTF-8</con:encoding><con:endpoint>https://192.168.23.198:8443/services/AccessManagerService_v1.0</con:endpoint><con:request><![CDATA[<soapenv:Envelope xmlns:soapenv="http://schemas.xmlsoap.org/soap/envelope/" xmlns:v1="http://fidus.brussels/service/accessmanagerservice/messages/v1" xmlns:v11="http://fidus.brussels/type/common/messages/v1" xmlns:v31="http://socialsecurity.be/umanentityrepresentative/types/v3">
   <soapenv:Header/>
   <soapenv:Body>
      <v1:getOrganisationParentNodesRequest>
         <v1:messageContext>
         	  <v11:messageId>${=import static java.util.UUID.randomUUID; uuid = randomUUID() as String}</v11:messageId>
            <v11:timestamp>${=new java.text.SimpleDateFormat("yyyy-MM-dd'T'HH:mm:ss.SSS").format(new Date())}</v11:timestamp>
         </v1:messageContext>
         <v1:legalContext>ServiceIntegrator</v1:legalContext>
         <v1:request>
            <v1:Domain>QUAL_FED_HEALTHCARE</v1:Domain>
            <v1:OrganisationId>
               <v31:Identifier>1990000431</v31:Identifier>
               <v31:IdentifierType>BEEHP</v31:IdentifierType>
            </v1:OrganisationId>
            <v1:Language>nl</v1:Language>
         </v1:request>
      </v1:getOrganisationParentNodesRequest>
   </soapenv:Body>
</soapenv:Envelope>]]></con:request><con:credentials><con:selectedAuthProfile>Basic</con:selectedAuthProfile><con:addedBasicAuthenticationTypes>Basic</con:addedBasicAuthenticationTypes><con:authType>Global HTTP Settings</con:authType></con:credentials><con:jmsConfig JMSDeliveryMode="PERSISTENT"/><con:jmsPropertyConfig/><con:wsaConfig mustUnderstand="NONE" version="200508" action="http://fidus.brussels/services/accessmanagerservice/getOrganisationParentNodes"/><con:wsrmConfig version="1.2"/></con:call><con:call id="e38b4d1d-56a0-4f68-a136-f3a3a144e8b8" name="4 - Staging - External - Request" outgoingWss="Outflow STAGING" incomingWss="Inflow STAGING"><con:settings><con:setting id="com.eviware.soapui.impl.wsdl.WsdlRequest@request-headers">&lt;xml-fragment/></con:setting></con:settings><con:encoding>UTF-8</con:encoding><con:endpoint>https://fidus-esb-sg.sta.srv.cirb.lan:8443/services/AccessManagerService_v1.0</con:endpoint><con:request><![CDATA[<soapenv:Envelope xmlns:soapenv="http://schemas.xmlsoap.org/soap/envelope/" xmlns:v1="http://fidus.brussels/service/accessmanagerservice/messages/v1" xmlns:v11="http://fidus.brussels/type/common/messages/v1" xmlns:v31="http://socialsecurity.be/umanentityrepresentative/types/v3">
   <soapenv:Header/>
   <soapenv:Body>
      <v1:getOrganisationParentNodesRequest>
         <v1:messageContext>
         	  <v11:messageId>${=import static java.util.UUID.randomUUID; uuid = randomUUID() as String}</v11:messageId>
            <v11:timestamp>${=new java.text.SimpleDateFormat("yyyy-MM-dd'T'HH:mm:ss.SSS").format(new Date())}</v11:timestamp>
         </v1:messageContext>
         <v1:legalContext>ServiceIntegrator</v1:legalContext>
         <v1:request>
            <v1:Domain>QUAL_FED_HEALTHCARE</v1:Domain>
            <v1:OrganisationId>
               <v31:Identifier>1990000431</v31:Identifier>
               <v31:IdentifierType>BEEHP</v31:IdentifierType>
            </v1:OrganisationId>
            <v1:Language>nl</v1:Language>
         </v1:request>
      </v1:getOrganisationParentNodesRequest>
   </soapenv:Body>
</soapenv:Envelope>]]></con:request><con:credentials><con:selectedAuthProfile>Basic</con:selectedAuthProfile><con:addedBasicAuthenticationTypes>Basic</con:addedBasicAuthenticationTypes><con:authType>Global HTTP Settings</con:authType></con:credentials><con:jmsConfig JMSDeliveryMode="PERSISTENT"/><con:jmsPropertyConfig/><con:wsaConfig mustUnderstand="NONE" version="200508" action="http://fidus.brussels/services/accessmanagerservice/getOrganisationParentNodes"/><con:wsrmConfig version="1.2"/></con:call><con:call id="a6288460-b938-44e2-bbab-1a8ec3b82aa8" name="3 - Test - External - Request" outgoingWss="Outflow TEST" incomingWss="Inflow TEST"><con:settings><con:setting id="com.eviware.soapui.impl.wsdl.WsdlRequest@request-headers">&lt;xml-fragment/></con:setting></con:settings><con:encoding>UTF-8</con:encoding><con:endpoint>https://esb-security-gw.sta.srv.cirb.lan:8443/services/AccessManagerService_v1.0</con:endpoint><con:request><![CDATA[<soapenv:Envelope xmlns:soapenv="http://schemas.xmlsoap.org/soap/envelope/" xmlns:v1="http://fidus.brussels/service/accessmanagerservice/messages/v1" xmlns:v11="http://fidus.brussels/type/common/messages/v1" xmlns:v31="http://socialsecurity.be/umanentityrepresentative/types/v3">
   <soapenv:Header/>
   <soapenv:Body>
      <v1:getOrganisationParentNodesRequest>
         <v1:messageContext>
         	  <v11:messageId>${=import static java.util.UUID.randomUUID; uuid = randomUUID() as String}</v11:messageId>
            <v11:timestamp>${=new java.text.SimpleDateFormat("yyyy-MM-dd'T'HH:mm:ss.SSS").format(new Date())}</v11:timestamp>
         </v1:messageContext>
         <v1:legalContext>ServiceIntegrator</v1:legalContext>
         <v1:request>
            <v1:Domain>QUAL_FED_HEALTHCARE</v1:Domain>
            <v1:OrganisationId>
               <v31:Identifier>1990000431</v31:Identifier>
               <v31:IdentifierType>BEEHP</v31:IdentifierType>
            </v1:OrganisationId>
            <v1:Language>nl</v1:Language>
         </v1:request>
      </v1:getOrganisationParentNodesRequest>
   </soapenv:Body>
</soapenv:Envelope>]]></con:request><con:credentials><con:selectedAuthProfile>Basic</con:selectedAuthProfile><con:addedBasicAuthenticationTypes>Basic</con:addedBasicAuthenticationTypes><con:authType>Global HTTP Settings</con:authType></con:credentials><con:jmsConfig JMSDeliveryMode="PERSISTENT"/><con:jmsPropertyConfig/><con:wsaConfig mustUnderstand="NONE" version="200508" action="http://fidus.brussels/services/accessmanagerservice/getOrganisationParentNodes"/><con:wsrmConfig version="1.2"/></con:call></con:operation></con:interface><con:testSuite id="cea6446e-5b60-4f54-8138-a293197b2cfb" name="DEV"><con:settings/><con:runType>SEQUENTIAL</con:runType><con:testCase id="3619eaf3-98ba-4bc5-b4de-e27895a4027c" failOnError="true" failTestCaseOnErrors="true" keepSession="false" maxResults="0" name="findRepresentativeRolesByINSS" searchProperties="true"><con:settings/><con:testStep type="request" id="f64b18b7-17e6-4abd-a5b1-f8be7f98ada3" name="testcase2 - Dev - Request - OK"><con:settings/><con:config xsi:type="con:RequestStep" xmlns:xsi="http://www.w3.org/2001/XMLSchema-instance"><con:interface>AccessManagerServiceHTTPBinding</con:interface><con:operation>findRepresentativeRolesByINSS</con:operation><con:request name="testcase2 - Dev - Request - OK" id="075d265b-2139-4da2-b032-3529fe3819ac" outgoingWss="Outflow DEV"><con:settings/><con:encoding>UTF-8</con:encoding><con:endpoint>https://192.168.36.61:8243/services/AccessManagerService_v1.0</con:endpoint><con:request><![CDATA[<soapenv:Envelope xmlns:soapenv="http://schemas.xmlsoap.org/soap/envelope/" xmlns:v1="http://fidus.brussels/service/accessmanagerservice/messages/v1" xmlns:v11="http://fidus.brussels/type/common/messages/v1" xmlns:v3="http://socialsecurity.be/umanentityrepresentative/types/v3">
   <soapenv:Header/>
   <soapenv:Body>
      <v1:findRepresentativeRolesByINSSRequest>
         <v1:messageContext>
         	  <v11:messageId>${=import static java.util.UUID.randomUUID; uuid = randomUUID() as String}</v11:messageId>
            <v11:timestamp>${=new java.text.SimpleDateFormat("yyyy-MM-dd'T'HH:mm:ss.SSS").format(new Date())}</v11:timestamp>
         </v1:messageContext>
         <v1:legalContext>ServiceIntegrator</v1:legalContext>
         <v1:request>
            <v1:Domain>QUAL_FED_HEALTHCARE</v1:Domain>
            <v1:INSS>86051933959</v1:INSS>
            <v1:Language>nl</v1:Language>
         </v1:request>
      </v1:findRepresentativeRolesByINSSRequest>
   </soapenv:Body>
</soapenv:Envelope>]]></con:request><con:assertion type="SOAP Fault Assertion" id="54f73a30-46a1-4569-bad8-0d73b25ad6bb" name="Not SOAP Fault"/><con:assertion type="SOAP Response" id="b78e6a09-9457-4288-98a2-86729c0e8e64" name="SOAP Response"/><con:assertion type="Schema Compliance" id="cf88c698-3ddb-4dab-b523-f452b6f763d9" name="Schema Compliance"><con:configuration/></con:assertion><con:wsaConfig action="http://fidus.brussels/services/accessmanagerservice/findRepresentativeRolesByINSS"/></con:request></con:config></con:testStep><con:testStep type="request" id="3985769c-b190-4afe-b9a7-defabb71a0c5" name="testcase2 - Dev - Request - Not Found"><con:settings/><con:config xsi:type="con:RequestStep" xmlns:xsi="http://www.w3.org/2001/XMLSchema-instance"><con:interface>AccessManagerServiceHTTPBinding</con:interface><con:operation>findRepresentativeRolesByINSS</con:operation><con:request name="testcase2 - Dev - Request - Not Found" id="e9728a7d-b60b-45b8-ae04-4645a376ff35" outgoingWss="Outflow DEV"><con:settings/><con:encoding>UTF-8</con:encoding><con:endpoint>https://192.168.36.61:8243/services/AccessManagerService_v1.0</con:endpoint><con:request><![CDATA[<soapenv:Envelope xmlns:soapenv="http://schemas.xmlsoap.org/soap/envelope/" xmlns:v1="http://fidus.brussels/service/accessmanagerservice/messages/v1" xmlns:v11="http://fidus.brussels/type/common/messages/v1" xmlns:v3="http://socialsecurity.be/umanentityrepresentative/types/v3">
   <soapenv:Header/>
   <soapenv:Body>
      <v1:findRepresentativeRolesByINSSRequest>
         <v1:messageContext>
         	  <v11:messageId>${=import static java.util.UUID.randomUUID; uuid = randomUUID() as String}</v11:messageId>
            <v11:timestamp>${=new java.text.SimpleDateFormat("yyyy-MM-dd'T'HH:mm:ss.SSS").format(new Date())}</v11:timestamp>
         </v1:messageContext>
         <v1:legalContext>ServiceIntegrator</v1:legalContext>
         <v1:request>
            <v1:Domain>ECONOMY</v1:Domain>
            <v1:INSS>86051933959</v1:INSS>
            <v1:Language>nl</v1:Language>
         </v1:request>
      </v1:findRepresentativeRolesByINSSRequest>
   </soapenv:Body>
</soapenv:Envelope>]]></con:request><con:assertion type="SOAP Fault Assertion" id="c98c61d0-c91f-41a2-8927-6e905f557198" name="Not SOAP Fault"/><con:assertion type="SOAP Response" id="c9982de1-bf2d-484a-a508-d3924f293a5e" name="SOAP Response"/><con:assertion type="Schema Compliance" id="4cf771d9-0c9d-4705-85a0-6549e7615770" name="Schema Compliance"><con:configuration/></con:assertion><con:wsaConfig action="http://fidus.brussels/services/accessmanagerservice/findRepresentativeRolesByINSS"/></con:request></con:config></con:testStep><con:properties/></con:testCase><con:testCase id="f1175012-a729-4eca-9b97-41517d7704e9" failOnError="true" failTestCaseOnErrors="true" keepSession="false" maxResults="0" name="getDomain" searchProperties="true"><con:settings/><con:testStep type="request" id="a7a55312-2a84-4803-b63d-1ad888276e5c" name="testcase2 - Dev - Request - OK"><con:settings/><con:config xsi:type="con:RequestStep" xmlns:xsi="http://www.w3.org/2001/XMLSchema-instance"><con:interface>AccessManagerServiceHTTPBinding</con:interface><con:operation>getDomain</con:operation><con:request name="testcase2 - Dev - Request - OK" id="667985df-5894-4f0b-91dd-dea2223e19f5" outgoingWss="Outflow DEV"><con:settings/><con:encoding>UTF-8</con:encoding><con:endpoint>https://192.168.36.61:8243/services/AccessManagerService_v1.0</con:endpoint><con:request><![CDATA[<soapenv:Envelope xmlns:soapenv="http://schemas.xmlsoap.org/soap/envelope/" xmlns:v1="http://fidus.brussels/service/accessmanagerservice/messages/v1" xmlns:v11="http://fidus.brussels/type/common/messages/v1" >
   <soapenv:Header/>
   <soapenv:Body>
      <v1:getDomainRequest>
         <v1:messageContext>
         	  <v11:messageId>${=import static java.util.UUID.randomUUID; uuid = randomUUID() as String}</v11:messageId>
            <v11:timestamp>${=new java.text.SimpleDateFormat("yyyy-MM-dd'T'HH:mm:ss.SSS").format(new Date())}</v11:timestamp>
         </v1:messageContext>
         <v1:legalContext>ServiceIntegrator</v1:legalContext>
         <v1:request>
         	  <v1:Domain>FINANCE</v1:Domain>
            <v1:Language>fr</v1:Language>
         </v1:request>
      </v1:getDomainRequest>
   </soapenv:Body>
</soapenv:Envelope>]]></con:request><con:assertion type="SOAP Fault Assertion" id="8a1b5648-9560-42ac-b46d-f39eb12e8561" name="Not SOAP Fault"/><con:assertion type="SOAP Response" id="862b26dc-1314-4557-b58b-eb6d591aefd4" name="SOAP Response"/><con:assertion type="Schema Compliance" id="b27e9111-6b9d-47d7-b28b-59b5033ee23e" name="Schema Compliance"><con:configuration/></con:assertion><con:wsaConfig action="http://fidus.brussels/services/accessmanagerservice/getDomain"/></con:request></con:config></con:testStep><con:testStep type="request" id="e774fcaf-38de-4d3d-a85f-ff296e7950db" name="testcase2 - Dev - Request - Not Found"><con:settings/><con:config xsi:type="con:RequestStep" xmlns:xsi="http://www.w3.org/2001/XMLSchema-instance"><con:interface>AccessManagerServiceHTTPBinding</con:interface><con:operation>getDomain</con:operation><con:request name="testcase2 - Dev - Request - Not Found" id="4f555b3a-8e03-4823-a949-d3c49a82cba4" outgoingWss="Outflow DEV"><con:settings/><con:encoding>UTF-8</con:encoding><con:endpoint>https://192.168.36.61:8243/services/AccessManagerService_v1.0</con:endpoint><con:request><![CDATA[<soapenv:Envelope xmlns:soapenv="http://schemas.xmlsoap.org/soap/envelope/" xmlns:v1="http://fidus.brussels/service/accessmanagerservice/messages/v1" xmlns:v11="http://fidus.brussels/type/common/messages/v1" >
   <soapenv:Header/>
   <soapenv:Body>
      <v1:getDomainRequest>
         <v1:messageContext>
         	  <v11:messageId>${=import static java.util.UUID.randomUUID; uuid = randomUUID() as String}</v11:messageId>
            <v11:timestamp>${=new java.text.SimpleDateFormat("yyyy-MM-dd'T'HH:mm:ss.SSS").format(new Date())}</v11:timestamp>
         </v1:messageContext>
         <v1:legalContext>ServiceIntegrator</v1:legalContext>
         <v1:request>
         	  <v1:Domain>ECOLOGY</v1:Domain>
            <v1:Language>fr</v1:Language>
         </v1:request>
      </v1:getDomainRequest>
   </soapenv:Body>
</soapenv:Envelope>]]></con:request><con:assertion type="SOAP Fault Assertion" id="28b6622d-8754-4bb9-b585-3568c2932f8d" name="Not SOAP Fault"/><con:assertion type="SOAP Response" id="1b959fee-b946-4761-a03b-1d5ca6a87883" name="SOAP Response"/><con:assertion type="Schema Compliance" id="e3aaae62-1ec6-440f-b5b4-703ec6a9cc20" name="Schema Compliance"><con:configuration/></con:assertion><con:wsaConfig action="http://fidus.brussels/services/accessmanagerservice/getDomain"/></con:request></con:config></con:testStep><con:properties/></con:testCase><con:testCase id="be8e8b61-703f-454c-97b9-f2dfa5462d7b" failOnError="true" failTestCaseOnErrors="true" keepSession="false" maxResults="0" name="getEntityRepresentatives" searchProperties="true"><con:settings/><con:testStep type="request" id="2f15b18e-10b8-41b5-bd02-91621e303221" name="testcase2 - Dev - Request - OK"><con:settings/><con:config xsi:type="con:RequestStep" xmlns:xsi="http://www.w3.org/2001/XMLSchema-instance"><con:interface>AccessManagerServiceHTTPBinding</con:interface><con:operation>getEntityRepresentatives</con:operation><con:request name="testcase2 - Dev - Request - OK" id="c1452644-fc45-4c74-afe5-67fc341dbb43" outgoingWss="Outflow DEV"><con:settings/><con:encoding>UTF-8</con:encoding><con:endpoint>https://192.168.36.61:8243/services/AccessManagerService_v1.0</con:endpoint><con:request><![CDATA[<soapenv:Envelope xmlns:soapenv="http://schemas.xmlsoap.org/soap/envelope/" xmlns:v1="http://fidus.brussels/service/accessmanagerservice/messages/v1" xmlns:v11="http://fidus.brussels/type/common/messages/v1" xmlns:v31="http://socialsecurity.be/umanentityrepresentative/types/v3" >
   <soapenv:Header/>
   <soapenv:Body>
      <v1:getEntityRepresentativesRequest>
         <v1:messageContext>
         	  <v11:messageId>${=import static java.util.UUID.randomUUID; uuid = randomUUID() as String}</v11:messageId>
            <v11:timestamp>${=new java.text.SimpleDateFormat("yyyy-MM-dd'T'HH:mm:ss.SSS").format(new Date())}</v11:timestamp>
         </v1:messageContext>
         <v1:legalContext>ServiceIntegrator</v1:legalContext>
         <v1:request>
            <v1:Domain>QUAL_FED_HEALTHCARE</v1:Domain>
            <v1:OrganisationId>
               <v31:Identifier>1990000431</v31:Identifier>
               <v31:IdentifierType>BEEHP</v31:IdentifierType>
            </v1:OrganisationId>
            <v1:Language>nl</v1:Language>
         </v1:request>
      </v1:getEntityRepresentativesRequest>
   </soapenv:Body>
</soapenv:Envelope>]]></con:request><con:assertion type="SOAP Fault Assertion" id="d444ab45-a9aa-439e-987d-05e693e8d61d" name="Not SOAP Fault"/><con:assertion type="SOAP Response" id="0a3958f7-03f5-4c96-ab7a-d691d97504b9" name="SOAP Response"/><con:assertion type="Schema Compliance" id="c74f1857-9f98-4e4c-968a-f3fcfbe83571" name="Schema Compliance"><con:configuration/></con:assertion><con:wsaConfig action="http://fidus.brussels/services/accessmanagerservice/getEntityRepresentatives"/></con:request></con:config></con:testStep><con:testStep type="request" id="497079d1-e430-4a7f-8ebd-2aaa00945f6f" name="testcase2 - Dev - Request - Not Found"><con:settings/><con:config xsi:type="con:RequestStep" xmlns:xsi="http://www.w3.org/2001/XMLSchema-instance"><con:interface>AccessManagerServiceHTTPBinding</con:interface><con:operation>getEntityRepresentatives</con:operation><con:request name="testcase2 - Dev - Request - Not Found" id="f1666021-c070-4179-b68b-0af52bbc716a" outgoingWss="Outflow DEV"><con:settings/><con:encoding>UTF-8</con:encoding><con:endpoint>https://192.168.36.61:8243/services/AccessManagerService_v1.0</con:endpoint><con:request><![CDATA[<soapenv:Envelope xmlns:soapenv="http://schemas.xmlsoap.org/soap/envelope/" xmlns:v1="http://fidus.brussels/service/accessmanagerservice/messages/v1" xmlns:v11="http://fidus.brussels/type/common/messages/v1" xmlns:v31="http://socialsecurity.be/umanentityrepresentative/types/v3" >
   <soapenv:Header/>
   <soapenv:Body>
      <v1:getEntityRepresentativesRequest>
         <v1:messageContext>
         	  <v11:messageId>${=import static java.util.UUID.randomUUID; uuid = randomUUID() as String}</v11:messageId>
            <v11:timestamp>${=new java.text.SimpleDateFormat("yyyy-MM-dd'T'HH:mm:ss.SSS").format(new Date())}</v11:timestamp>
         </v1:messageContext>
         <v1:legalContext>ServiceIntegrator</v1:legalContext>
         <v1:request>
            <v1:Domain>INDUSTRY</v1:Domain>
            <v1:OrganisationId>
               <v31:Identifier>1990000431</v31:Identifier>
               <v31:IdentifierType>BEEHP</v31:IdentifierType>
            </v1:OrganisationId>
            <v1:Language>nl</v1:Language>
         </v1:request>
      </v1:getEntityRepresentativesRequest>
   </soapenv:Body>
</soapenv:Envelope>]]></con:request><con:assertion type="SOAP Fault Assertion" id="661413ee-1ce3-41c8-92d0-8b190ad90859" name="Not SOAP Fault"/><con:assertion type="SOAP Response" id="cf28ec76-4761-4440-a7f8-be4aeca651f9" name="SOAP Response"/><con:assertion type="Schema Compliance" id="60d6595c-9452-4e4c-82e4-94df4d50c10f" name="Schema Compliance"><con:configuration/></con:assertion><con:wsaConfig action="http://fidus.brussels/services/accessmanagerservice/getEntityRepresentatives"/></con:request></con:config></con:testStep><con:properties/></con:testCase><con:testCase id="b748c9b5-5e39-40e4-a289-891b58b58d97" failOnError="true" failTestCaseOnErrors="true" keepSession="false" maxResults="0" name="getOrganisationChildNodes" searchProperties="true"><con:settings/><con:testStep type="request" id="9d4bfbfa-f80f-4aee-be14-75d7cd6a2dbd" name="testcase2 - Dev - Request - OK"><con:settings/><con:config xsi:type="con:RequestStep" xmlns:xsi="http://www.w3.org/2001/XMLSchema-instance"><con:interface>AccessManagerServiceHTTPBinding</con:interface><con:operation>getOrganisationChildNodes</con:operation><con:request name="testcase2 - Dev - Request - OK" id="6e43f3cd-ddb9-45e8-b803-285873c16097" outgoingWss="Outflow DEV"><con:settings/><con:encoding>UTF-8</con:encoding><con:endpoint>https://192.168.36.61:8243/services/AccessManagerService_v1.0</con:endpoint><con:request><![CDATA[<soapenv:Envelope xmlns:soapenv="http://schemas.xmlsoap.org/soap/envelope/" xmlns:v1="http://fidus.brussels/service/accessmanagerservice/messages/v1" xmlns:v11="http://fidus.brussels/type/common/messages/v1" xmlns:v31="http://socialsecurity.be/umanentityrepresentative/types/v3">
   <soapenv:Header/>
   <soapenv:Body>
      <v1:getOrganisationChildNodesRequest>
         <v1:messageContext>
         	  <v11:messageId>${=import static java.util.UUID.randomUUID; uuid = randomUUID() as String}</v11:messageId>
            <v11:timestamp>${=new java.text.SimpleDateFormat("yyyy-MM-dd'T'HH:mm:ss.SSS").format(new Date())}</v11:timestamp>
         </v1:messageContext>
         <v1:legalContext>ServiceIntegrator</v1:legalContext>
         <v1:request>
            <v1:Domain>QUAL_FED_HEALTHCARE</v1:Domain>
            <v1:OrganisationId>
               <v31:Identifier>1990000431</v31:Identifier>
               <v31:IdentifierType>BEEHP</v31:IdentifierType>
            </v1:OrganisationId>
            <v1:Language>nl</v1:Language>
         </v1:request>
      </v1:getOrganisationChildNodesRequest>
   </soapenv:Body>
</soapenv:Envelope>]]></con:request><con:assertion type="SOAP Fault Assertion" id="6466a597-5112-4fe3-a92e-09bc239e993b" name="Not SOAP Fault"/><con:assertion type="SOAP Response" id="86727ed7-e660-422b-819a-a99a51d159ab" name="SOAP Response"/><con:assertion type="Schema Compliance" id="35d35c36-5d25-4570-8510-5e59c3527964" name="Schema Compliance"><con:configuration/></con:assertion><con:wsaConfig action="http://fidus.brussels/services/accessmanagerservice/getOrganisationChildNodes"/></con:request></con:config></con:testStep><con:testStep type="request" id="8fdfc8a5-a441-4365-9b33-12d38ff909bb" name="testcase2 - Dev - Request - Not Found"><con:settings/><con:config xsi:type="con:RequestStep" xmlns:xsi="http://www.w3.org/2001/XMLSchema-instance"><con:interface>AccessManagerServiceHTTPBinding</con:interface><con:operation>getOrganisationChildNodes</con:operation><con:request name="testcase2 - Dev - Request - Not Found" id="48b4a86e-569f-4fd9-a654-fa766c6643d4" outgoingWss="Outflow DEV"><con:settings/><con:encoding>UTF-8</con:encoding><con:endpoint>https://192.168.36.61:8243/services/AccessManagerService_v1.0</con:endpoint><con:request><![CDATA[<soapenv:Envelope xmlns:soapenv="http://schemas.xmlsoap.org/soap/envelope/" xmlns:v1="http://fidus.brussels/service/accessmanagerservice/messages/v1" xmlns:v11="http://fidus.brussels/type/common/messages/v1" xmlns:v31="http://socialsecurity.be/umanentityrepresentative/types/v3">
   <soapenv:Header/>
   <soapenv:Body>
      <v1:getOrganisationChildNodesRequest>
         <v1:messageContext>
         	  <v11:messageId>${=import static java.util.UUID.randomUUID; uuid = randomUUID() as String}</v11:messageId>
            <v11:timestamp>${=new java.text.SimpleDateFormat("yyyy-MM-dd'T'HH:mm:ss.SSS").format(new Date())}</v11:timestamp>
         </v1:messageContext>
         <v1:legalContext>ServiceIntegrator</v1:legalContext>
         <v1:request>
            <v1:Domain>FREELANCE</v1:Domain>
            <v1:OrganisationId>
               <v31:Identifier>1990000431</v31:Identifier>
               <v31:IdentifierType>BEEHP</v31:IdentifierType>
            </v1:OrganisationId>
            <v1:Language>nl</v1:Language>
         </v1:request>
      </v1:getOrganisationChildNodesRequest>
   </soapenv:Body>
</soapenv:Envelope>]]></con:request><con:assertion type="SOAP Fault Assertion" id="c255400c-a525-4264-8ef0-cd3a72b8c3c9" name="Not SOAP Fault"/><con:assertion type="SOAP Response" id="2a78580e-321f-4051-867e-a8fbe149e603" name="SOAP Response"/><con:assertion type="Schema Compliance" id="a91ed2d9-5e66-4a11-a85d-eb71a8d1e3c5" name="Schema Compliance"><con:configuration/></con:assertion><con:wsaConfig action="http://fidus.brussels/services/accessmanagerservice/getOrganisationChildNodes"/></con:request></con:config></con:testStep><con:properties/></con:testCase><con:testCase id="b1555658-2076-460b-bbcf-0c1793e69cda" failOnError="true" failTestCaseOnErrors="true" keepSession="false" maxResults="0" name="getOrganisationDenomination" searchProperties="true"><con:settings/><con:testStep type="request" id="92d28fc1-6576-4197-a737-41fb6d6f6964" name="testcase2 - Dev - Request - OK"><con:settings/><con:config xsi:type="con:RequestStep" xmlns:xsi="http://www.w3.org/2001/XMLSchema-instance"><con:interface>AccessManagerServiceHTTPBinding</con:interface><con:operation>getOrganisationDenomination</con:operation><con:request name="testcase2 - Dev - Request - OK" id="3467fc47-c842-4811-8398-219aade725b5" outgoingWss="Outflow DEV"><con:settings/><con:encoding>UTF-8</con:encoding><con:endpoint>https://192.168.36.61:8243/services/AccessManagerService_v1.0</con:endpoint><con:request><![CDATA[<soapenv:Envelope xmlns:soapenv="http://schemas.xmlsoap.org/soap/envelope/" xmlns:v1="http://fidus.brussels/service/accessmanagerservice/messages/v1" xmlns:v11="http://fidus.brussels/type/common/messages/v1" xmlns:v31="http://socialsecurity.be/umanentityrepresentative/types/v3">
   <soapenv:Header/>
   <soapenv:Body>
      <v1:getOrganisationDenominationRequest>
         <v1:messageContext>
         	  <v11:messageId>${=import static java.util.UUID.randomUUID; uuid = randomUUID() as String}</v11:messageId>
            <v11:timestamp>${=new java.text.SimpleDateFormat("yyyy-MM-dd'T'HH:mm:ss.SSS").format(new Date())}</v11:timestamp>
         </v1:messageContext>
         <v1:legalContext>ServiceIntegrator</v1:legalContext>
         <v1:request>
            <v1:Domain>QUAL_FED_HEALTHCARE</v1:Domain>
            <v1:OrganisationId>
               <v31:Identifier>1990000431</v31:Identifier>
               <v31:IdentifierType>BEEHP</v31:IdentifierType>
            </v1:OrganisationId>
            <v1:Language>nl</v1:Language>
         </v1:request>
      </v1:getOrganisationDenominationRequest>
   </soapenv:Body>
</soapenv:Envelope>]]></con:request><con:assertion type="SOAP Fault Assertion" id="b081b392-4b16-4d64-9ef9-0fa7e91aef24" name="Not SOAP Fault"/><con:assertion type="SOAP Response" id="2d1a4802-330c-47eb-b143-48f8ae4e8f91" name="SOAP Response"/><con:assertion type="Schema Compliance" id="a4ead612-084b-40cf-b29f-2511efb51220" name="Schema Compliance"><con:configuration/></con:assertion><con:wsaConfig action="http://fidus.brussels/services/accessmanagerservice/getOrganisationDenomination"/></con:request></con:config></con:testStep><con:testStep type="request" id="6979669a-c261-45e9-b8e4-86734176fbf1" name="testcase2 - Dev - Request - Not Found"><con:settings/><con:config xsi:type="con:RequestStep" xmlns:xsi="http://www.w3.org/2001/XMLSchema-instance"><con:interface>AccessManagerServiceHTTPBinding</con:interface><con:operation>getOrganisationDenomination</con:operation><con:request name="testcase2 - Dev - Request - Not Found" id="f4fc4101-e4f7-44fe-8d18-79883a7cdf81" outgoingWss="Outflow DEV"><con:settings/><con:encoding>UTF-8</con:encoding><con:endpoint>https://192.168.36.61:8243/services/AccessManagerService_v1.0</con:endpoint><con:request><![CDATA[<soapenv:Envelope xmlns:soapenv="http://schemas.xmlsoap.org/soap/envelope/" xmlns:v1="http://fidus.brussels/service/accessmanagerservice/messages/v1" xmlns:v11="http://fidus.brussels/type/common/messages/v1" xmlns:v31="http://socialsecurity.be/umanentityrepresentative/types/v3">
   <soapenv:Header/>
   <soapenv:Body>
      <v1:getOrganisationDenominationRequest>
         <v1:messageContext>
         	  <v11:messageId>${=import static java.util.UUID.randomUUID; uuid = randomUUID() as String}</v11:messageId>
            <v11:timestamp>${=new java.text.SimpleDateFormat("yyyy-MM-dd'T'HH:mm:ss.SSS").format(new Date())}</v11:timestamp>
         </v1:messageContext>
         <v1:legalContext>ServiceIntegrator</v1:legalContext>
         <v1:request>
            <v1:Domain>EDUCATION</v1:Domain>
            <v1:OrganisationId>
               <v31:Identifier>1990000431</v31:Identifier>
               <v31:IdentifierType>BEEHP</v31:IdentifierType>
            </v1:OrganisationId>
            <v1:Language>nl</v1:Language>
         </v1:request>
      </v1:getOrganisationDenominationRequest>
   </soapenv:Body>
</soapenv:Envelope>]]></con:request><con:assertion type="SOAP Fault Assertion" id="514d20b6-288e-4c16-b323-b5f8ce89668c" name="Not SOAP Fault"/><con:assertion type="SOAP Response" id="c86e7572-96ea-4db8-be2e-c8520270974f" name="SOAP Response"/><con:assertion type="Schema Compliance" id="f37104eb-6624-45aa-8d01-b28f7fe003b1" name="Schema Compliance"><con:configuration/></con:assertion><con:wsaConfig action="http://fidus.brussels/services/accessmanagerservice/getOrganisationDenomination"/></con:request></con:config></con:testStep><con:properties/></con:testCase><con:testCase id="1e0c90b6-ce3c-40de-8b74-1f1e117b6dba" failOnError="true" failTestCaseOnErrors="true" keepSession="false" maxResults="0" name="getOrganisationParentNodes" searchProperties="true"><con:settings/><con:testStep type="request" id="7a9f147e-058b-4837-a8b7-fdf5c9c19059" name="testcase2 - Dev - Request - OK"><con:settings/><con:config xsi:type="con:RequestStep" xmlns:xsi="http://www.w3.org/2001/XMLSchema-instance"><con:interface>AccessManagerServiceHTTPBinding</con:interface><con:operation>getOrganisationParentNodes</con:operation><con:request name="testcase2 - Dev - Request - OK" id="ac61a642-289b-4247-b772-1e373cb1e7c9" outgoingWss="Outflow DEV"><con:settings/><con:encoding>UTF-8</con:encoding><con:endpoint>https://192.168.36.61:8243/services/AccessManagerService_v1.0</con:endpoint><con:request><![CDATA[<soapenv:Envelope xmlns:soapenv="http://schemas.xmlsoap.org/soap/envelope/" xmlns:v1="http://fidus.brussels/service/accessmanagerservice/messages/v1" xmlns:v11="http://fidus.brussels/type/common/messages/v1" xmlns:v31="http://socialsecurity.be/umanentityrepresentative/types/v3">
   <soapenv:Header/>
   <soapenv:Body>
      <v1:getOrganisationParentNodesRequest>
         <v1:messageContext>
         	  <v11:messageId>${=import static java.util.UUID.randomUUID; uuid = randomUUID() as String}</v11:messageId>
            <v11:timestamp>${=new java.text.SimpleDateFormat("yyyy-MM-dd'T'HH:mm:ss.SSS").format(new Date())}</v11:timestamp>
         </v1:messageContext>
         <v1:legalContext>ServiceIntegrator</v1:legalContext>
         <v1:request>
            <v1:Domain>QUAL_FED_HEALTHCARE</v1:Domain>
            <v1:OrganisationId>
               <v31:Identifier>1990000431</v31:Identifier>
               <v31:IdentifierType>BEEHP</v31:IdentifierType>
            </v1:OrganisationId>
            <v1:Language>nl</v1:Language>
         </v1:request>
      </v1:getOrganisationParentNodesRequest>
   </soapenv:Body>
</soapenv:Envelope>]]></con:request><con:assertion type="SOAP Fault Assertion" id="d8da7a47-ebf3-4850-b5c4-d1f79bd6cfef" name="Not SOAP Fault"/><con:assertion type="SOAP Response" id="e72abb13-ab64-4bbf-8d7a-21a3f750112d" name="SOAP Response"/><con:assertion type="Schema Compliance" id="4351ab1b-c2f8-4654-92fd-c9016f82042e" name="Schema Compliance"><con:configuration/></con:assertion><con:wsaConfig action="http://fidus.brussels/services/accessmanagerservice/getOrganisationParentNodes"/></con:request></con:config></con:testStep><con:testStep type="request" id="330b8ba9-8813-4fa8-a366-26b198058c8d" name="testcase2 - Dev - Request - Not Found"><con:settings/><con:config xsi:type="con:RequestStep" xmlns:xsi="http://www.w3.org/2001/XMLSchema-instance"><con:interface>AccessManagerServiceHTTPBinding</con:interface><con:operation>getOrganisationParentNodes</con:operation><con:request name="testcase2 - Dev - Request - Not Found" id="f5561e64-06fa-476b-b314-c6b9b6d3cee6" outgoingWss="Outflow DEV"><con:settings/><con:encoding>UTF-8</con:encoding><con:endpoint>https://192.168.36.61:8243/services/AccessManagerService_v1.0</con:endpoint><con:request><![CDATA[<soapenv:Envelope xmlns:soapenv="http://schemas.xmlsoap.org/soap/envelope/" xmlns:v1="http://fidus.brussels/service/accessmanagerservice/messages/v1" xmlns:v11="http://fidus.brussels/type/common/messages/v1" xmlns:v31="http://socialsecurity.be/umanentityrepresentative/types/v3">
   <soapenv:Header/>
   <soapenv:Body>
      <v1:getOrganisationParentNodesRequest>
         <v1:messageContext>
         	  <v11:messageId>${=import static java.util.UUID.randomUUID; uuid = randomUUID() as String}</v11:messageId>
            <v11:timestamp>${=new java.text.SimpleDateFormat("yyyy-MM-dd'T'HH:mm:ss.SSS").format(new Date())}</v11:timestamp>
         </v1:messageContext>
         <v1:legalContext>ServiceIntegrator</v1:legalContext>
         <v1:request>
            <v1:Domain>CHEMISTRY</v1:Domain>
            <v1:OrganisationId>
               <v31:Identifier>1990000431</v31:Identifier>
               <v31:IdentifierType>BEEHP</v31:IdentifierType>
            </v1:OrganisationId>
            <v1:Language>nl</v1:Language>
         </v1:request>
      </v1:getOrganisationParentNodesRequest>
   </soapenv:Body>
</soapenv:Envelope>]]></con:request><con:assertion type="SOAP Fault Assertion" id="b105c566-4cf4-4d8d-a1d6-7f8e584442dd" name="Not SOAP Fault"/><con:assertion type="SOAP Response" id="6f8627a8-0dcc-4bf9-b9ee-276bd1c5c5ee" name="SOAP Response"/><con:assertion type="Schema Compliance" id="054d2800-259d-4f55-ad08-f79d527894cc" name="Schema Compliance"><con:configuration/></con:assertion><con:wsaConfig action="http://fidus.brussels/services/accessmanagerservice/getOrganisationParentNodes"/></con:request></con:config></con:testStep><con:properties/></con:testCase><con:properties/></con:testSuite><con:testSuite id="73183149-1139-4a6b-81dc-49b07899e7f5" name="TEST"><con:settings/><con:runType>SEQUENTIAL</con:runType><con:testCase id="5fa7cff7-cd73-426f-9379-8ea137570ae9" failOnError="true" failTestCaseOnErrors="true" keepSession="false" maxResults="0" name="findRepresentativeRolesByINSS" searchProperties="true"><con:settings/><con:testStep type="request" id="250548d1-8838-4337-9930-b4347b3d5d13" name="testcase3 - Test - LB - Request"><con:settings/><con:config xsi:type="con:RequestStep" xmlns:xsi="http://www.w3.org/2001/XMLSchema-instance"><con:interface>AccessManagerServiceHTTPBinding</con:interface><con:operation>findRepresentativeRolesByINSS</con:operation><con:request name="testcase3 - Test - LB - Request" id="7433893f-c25c-4d89-8ed7-68189085e59d" outgoingWss="Outflow TEST"><con:settings/><con:encoding>UTF-8</con:encoding><con:endpoint>https://esb-security-gw.sta.srv.cirb.lan:8443/services/AccessManagerService_v1.0</con:endpoint><con:request><![CDATA[<soapenv:Envelope xmlns:soapenv="http://schemas.xmlsoap.org/soap/envelope/" xmlns:v1="http://fidus.brussels/service/accessmanagerservice/messages/v1" xmlns:v11="http://fidus.brussels/type/common/messages/v1" xmlns:v3="http://socialsecurity.be/umanentityrepresentative/types/v3">
   <soapenv:Header/>
   <soapenv:Body>
      <v1:findRepresentativeRolesByINSSRequest>
         <v1:messageContext>
         	  <v11:messageId>${=import static java.util.UUID.randomUUID; uuid = randomUUID() as String}</v11:messageId>
            <v11:timestamp>${=new java.text.SimpleDateFormat("yyyy-MM-dd'T'HH:mm:ss.SSS").format(new Date())}</v11:timestamp>
         </v1:messageContext>
         <v1:legalContext>ServiceIntegrator</v1:legalContext>
         <v1:request>
            <v1:Domain>QUAL_FED_HEALTHCARE</v1:Domain>
            <v1:INSS>86051933959</v1:INSS>
            <v1:Language>nl</v1:Language>
         </v1:request>
      </v1:findRepresentativeRolesByINSSRequest>
   </soapenv:Body>
</soapenv:Envelope>]]></con:request><con:assertion type="SOAP Fault Assertion" id="980c76df-8723-4556-8e8a-3662379f734f" name="Not SOAP Fault"/><con:assertion type="SOAP Response" id="3eb9c3d0-d5d1-4195-8b36-e18126b85bea" name="SOAP Response"/><con:assertion type="Schema Compliance" id="230bd84e-d241-4af3-8844-527a288fe35b" name="Schema Compliance"><con:configuration/></con:assertion><con:wsaConfig action="http://fidus.brussels/services/accessmanagerservice/findRepresentativeRolesByINSS"/></con:request></con:config></con:testStep><con:testStep type="request" id="7d30f121-3100-48cd-96e6-cfade6161907" name="testcase3 - Test - Worker1 - Request"><con:settings/><con:config xsi:type="con:RequestStep" xmlns:xsi="http://www.w3.org/2001/XMLSchema-instance"><con:interface>AccessManagerServiceHTTPBinding</con:interface><con:operation>findRepresentativeRolesByINSS</con:operation><con:request name="testcase3 - Test - Worker1 - Request" id="24a86b56-ca74-4e52-80d7-4f6988f81f6a" outgoingWss="Outflow TEST"><con:settings/><con:encoding>UTF-8</con:encoding><con:endpoint>https://192.168.24.45:8443/services/AccessManagerService_v1.0</con:endpoint><con:request><![CDATA[<soapenv:Envelope xmlns:soapenv="http://schemas.xmlsoap.org/soap/envelope/" xmlns:v1="http://fidus.brussels/service/accessmanagerservice/messages/v1" xmlns:v11="http://fidus.brussels/type/common/messages/v1" xmlns:v3="http://socialsecurity.be/umanentityrepresentative/types/v3">
   <soapenv:Header/>
   <soapenv:Body>
      <v1:findRepresentativeRolesByINSSRequest>
         <v1:messageContext>
         	  <v11:messageId>${=import static java.util.UUID.randomUUID; uuid = randomUUID() as String}</v11:messageId>
            <v11:timestamp>${=new java.text.SimpleDateFormat("yyyy-MM-dd'T'HH:mm:ss.SSS").format(new Date())}</v11:timestamp>
         </v1:messageContext>
         <v1:legalContext>ServiceIntegrator</v1:legalContext>
         <v1:request>
            <v1:Domain>QUAL_FED_HEALTHCARE</v1:Domain>
            <v1:INSS>86051933959</v1:INSS>
            <v1:Language>nl</v1:Language>
         </v1:request>
      </v1:findRepresentativeRolesByINSSRequest>
   </soapenv:Body>
</soapenv:Envelope>]]></con:request><con:assertion type="SOAP Fault Assertion" id="6acb559b-a0d2-492d-8fa0-9a4db6dccd11" name="Not SOAP Fault"/><con:assertion type="SOAP Response" id="bdad0940-0347-4893-820b-a12ccc5f47fb" name="SOAP Response"/><con:assertion type="Schema Compliance" id="a37ee2c5-142a-4b3a-807b-dce0620c1b82" name="Schema Compliance"><con:configuration/></con:assertion><con:wsaConfig action="http://fidus.brussels/services/accessmanagerservice/findRepresentativeRolesByINSS"/></con:request></con:config></con:testStep><con:testStep type="request" id="4369cfb2-819c-40de-a819-60a2167e7f34" name="testcase3 - Test - Worker2 - Request"><con:settings/><con:config xsi:type="con:RequestStep" xmlns:xsi="http://www.w3.org/2001/XMLSchema-instance"><con:interface>AccessManagerServiceHTTPBinding</con:interface><con:operation>findRepresentativeRolesByINSS</con:operation><con:request name="testcase3 - Test - Worker2 - Request" id="cd14f5b0-635b-46e0-a57e-0b7fb44cd275" outgoingWss="Outflow TEST"><con:settings/><con:encoding>UTF-8</con:encoding><con:endpoint>https://192.168.24.51:8443/services/AccessManagerService_v1.0</con:endpoint><con:request><![CDATA[<soapenv:Envelope xmlns:soapenv="http://schemas.xmlsoap.org/soap/envelope/" xmlns:v1="http://fidus.brussels/service/accessmanagerservice/messages/v1" xmlns:v11="http://fidus.brussels/type/common/messages/v1" xmlns:v3="http://socialsecurity.be/umanentityrepresentative/types/v3">
   <soapenv:Header/>
   <soapenv:Body>
      <v1:findRepresentativeRolesByINSSRequest>
         <v1:messageContext>
         	  <v11:messageId>${=import static java.util.UUID.randomUUID; uuid = randomUUID() as String}</v11:messageId>
            <v11:timestamp>${=new java.text.SimpleDateFormat("yyyy-MM-dd'T'HH:mm:ss.SSS").format(new Date())}</v11:timestamp>
         </v1:messageContext>
         <v1:legalContext>ServiceIntegrator</v1:legalContext>
         <v1:request>
            <v1:Domain>QUAL_FED_HEALTHCARE</v1:Domain>
            <v1:INSS>86051933959</v1:INSS>
            <v1:Language>nl</v1:Language>
         </v1:request>
      </v1:findRepresentativeRolesByINSSRequest>
   </soapenv:Body>
</soapenv:Envelope>]]></con:request><con:assertion type="SOAP Fault Assertion" id="cebcf0bd-7ff2-42a1-926b-4c3a2d04a894" name="Not SOAP Fault"/><con:assertion type="SOAP Response" id="193e5047-eb06-4c71-b720-9c7bdcd45a92" name="SOAP Response"/><con:assertion type="Schema Compliance" id="5ddd604e-c861-4abb-b34f-2cee21e0fe1c" name="Schema Compliance"><con:configuration/></con:assertion><con:wsaConfig action="http://fidus.brussels/services/accessmanagerservice/findRepresentativeRolesByINSS"/></con:request></con:config></con:testStep><con:testStep type="request" id="f21b0eed-4736-4d9d-a584-c59585ef0869" name="testcase3 - Test - Worker1New - Request"><con:settings/><con:config xsi:type="con:RequestStep" xmlns:xsi="http://www.w3.org/2001/XMLSchema-instance"><con:interface>AccessManagerServiceHTTPBinding</con:interface><con:operation>findRepresentativeRolesByINSS</con:operation><con:request name="testcase3 - Test - Worker1New - Request" id="19dc41a0-8f0d-484a-881c-65f07e2890b3" outgoingWss="Outflow TEST"><con:settings/><con:encoding>UTF-8</con:encoding><con:endpoint>https://192.168.24.45:8443/services/AccessManagerService_v1.0</con:endpoint><con:request><![CDATA[<soapenv:Envelope xmlns:soapenv="http://schemas.xmlsoap.org/soap/envelope/" xmlns:v1="http://fidus.brussels/service/accessmanagerservice/messages/v1" xmlns:v11="http://fidus.brussels/type/common/messages/v1" xmlns:v3="http://socialsecurity.be/umanentityrepresentative/types/v3">
   <soapenv:Header/>
   <soapenv:Body>
      <v1:findRepresentativeRolesByINSSRequest>
         <v1:messageContext>
         	  <v11:messageId>${=import static java.util.UUID.randomUUID; uuid = randomUUID() as String}</v11:messageId>
            <v11:timestamp>${=new java.text.SimpleDateFormat("yyyy-MM-dd'T'HH:mm:ss.SSS").format(new Date())}</v11:timestamp>
         </v1:messageContext>
         <v1:legalContext>ServiceIntegrator</v1:legalContext>
         <v1:request>
            <v1:Domain>QUAL_FED_HEALTHCARE</v1:Domain>
            <v1:INSS>86051933959</v1:INSS>
            <v1:Language>nl</v1:Language>
         </v1:request>
      </v1:findRepresentativeRolesByINSSRequest>
   </soapenv:Body>
</soapenv:Envelope>]]></con:request><con:assertion type="SOAP Fault Assertion" id="6596c6af-e584-41a1-baec-d71266a59176" name="Not SOAP Fault"/><con:assertion type="SOAP Response" id="fad824b8-3310-4d1c-bae1-30a79ae0e5fb" name="SOAP Response"/><con:assertion type="Schema Compliance" id="67868864-ec2d-4d6b-936f-14a97ed9a6ac" name="Schema Compliance"><con:configuration/></con:assertion><con:wsaConfig action="http://fidus.brussels/services/accessmanagerservice/findRepresentativeRolesByINSS"/></con:request></con:config></con:testStep><con:testStep type="request" id="9b0ed8a4-b6b5-4be7-b49b-7721e2cf7e93" name="testcase3 - Test - Worker2New - Request"><con:settings/><con:config xsi:type="con:RequestStep" xmlns:xsi="http://www.w3.org/2001/XMLSchema-instance"><con:interface>AccessManagerServiceHTTPBinding</con:interface><con:operation>findRepresentativeRolesByINSS</con:operation><con:request name="testcase3 - Test - Worker2New - Request" id="7e0beb12-ee19-45e2-a187-50654f51636d" outgoingWss="Outflow TEST"><con:settings/><con:encoding>UTF-8</con:encoding><con:endpoint>https://192.168.24.51:8443/services/AccessManagerService_v1.0</con:endpoint><con:request><![CDATA[<soapenv:Envelope xmlns:soapenv="http://schemas.xmlsoap.org/soap/envelope/" xmlns:v1="http://fidus.brussels/service/accessmanagerservice/messages/v1" xmlns:v11="http://fidus.brussels/type/common/messages/v1" xmlns:v3="http://socialsecurity.be/umanentityrepresentative/types/v3">
   <soapenv:Header/>
   <soapenv:Body>
      <v1:findRepresentativeRolesByINSSRequest>
         <v1:messageContext>
         	  <v11:messageId>${=import static java.util.UUID.randomUUID; uuid = randomUUID() as String}</v11:messageId>
            <v11:timestamp>${=new java.text.SimpleDateFormat("yyyy-MM-dd'T'HH:mm:ss.SSS").format(new Date())}</v11:timestamp>
         </v1:messageContext>
         <v1:legalContext>ServiceIntegrator</v1:legalContext>
         <v1:request>
            <v1:Domain>QUAL_FED_HEALTHCARE</v1:Domain>
            <v1:INSS>86051933959</v1:INSS>
            <v1:Language>nl</v1:Language>
         </v1:request>
      </v1:findRepresentativeRolesByINSSRequest>
   </soapenv:Body>
</soapenv:Envelope>]]></con:request><con:assertion type="SOAP Fault Assertion" id="888f89da-32f3-4b4b-9ee1-931707db1042" name="Not SOAP Fault"/><con:assertion type="SOAP Response" id="b75b5ad6-0174-4449-bcf0-07d09741808b" name="SOAP Response"/><con:assertion type="Schema Compliance" id="245e2a2a-2ece-4535-8e8a-d3a314fd749d" name="Schema Compliance"><con:configuration/></con:assertion><con:wsaConfig action="http://fidus.brussels/services/accessmanagerservice/findRepresentativeRolesByINSS"/></con:request></con:config></con:testStep><con:testStep type="request" id="38e17c33-d0b2-4a1f-bec6-6b869eb23a81" name="testcase3 - Test - External - Request"><con:settings/><con:config xsi:type="con:RequestStep" xmlns:xsi="http://www.w3.org/2001/XMLSchema-instance"><con:interface>AccessManagerServiceHTTPBinding</con:interface><con:operation>findRepresentativeRolesByINSS</con:operation><con:request name="testcase3 - Test - External - Request" id="04783190-789d-458b-ad3d-3b5497cde1c3" outgoingWss="Outflow TEST"><con:settings/><con:encoding>UTF-8</con:encoding><con:endpoint>https://fidus-test.irisnetlab.be/services/AccessManagerService_v1.0</con:endpoint><con:request><![CDATA[<soapenv:Envelope xmlns:soapenv="http://schemas.xmlsoap.org/soap/envelope/" xmlns:v1="http://fidus.brussels/service/accessmanagerservice/messages/v1" xmlns:v11="http://fidus.brussels/type/common/messages/v1" xmlns:v3="http://socialsecurity.be/umanentityrepresentative/types/v3">
   <soapenv:Header/>
   <soapenv:Body>
      <v1:findRepresentativeRolesByINSSRequest>
         <v1:messageContext>
         	  <v11:messageId>${=import static java.util.UUID.randomUUID; uuid = randomUUID() as String}</v11:messageId>
            <v11:timestamp>${=new java.text.SimpleDateFormat("yyyy-MM-dd'T'HH:mm:ss.SSS").format(new Date())}</v11:timestamp>
         </v1:messageContext>
         <v1:legalContext>ServiceIntegrator</v1:legalContext>
         <v1:request>
            <v1:Domain>QUAL_FED_HEALTHCARE</v1:Domain>
            <v1:INSS>86051933959</v1:INSS>
            <v1:Language>nl</v1:Language>
         </v1:request>
      </v1:findRepresentativeRolesByINSSRequest>
   </soapenv:Body>
</soapenv:Envelope>]]></con:request><con:assertion type="SOAP Fault Assertion" id="a4ddc504-b1eb-4e35-bd53-03e69a709761" name="Not SOAP Fault"/><con:assertion type="SOAP Response" id="9968ba49-f4d1-40b4-8524-6639c36999ae" name="SOAP Response"/><con:assertion type="Schema Compliance" id="bdeb119c-6928-44e9-869f-71d6434408bb" name="Schema Compliance"><con:configuration/></con:assertion><con:wsaConfig action="http://fidus.brussels/services/accessmanagerservice/findRepresentativeRolesByINSS"/></con:request></con:config></con:testStep><con:properties/></con:testCase><con:testCase id="64b44ef5-4a80-43e7-b7cd-37dc65abe6de" failOnError="true" failTestCaseOnErrors="true" keepSession="false" maxResults="0" name="getDomain" searchProperties="true"><con:settings/><con:testStep type="request" id="fbdc89bb-7b76-46fc-b94e-71ed8c72f05d" name="testcase3 - Test - LB - Request"><con:settings/><con:config xsi:type="con:RequestStep" xmlns:xsi="http://www.w3.org/2001/XMLSchema-instance"><con:interface>AccessManagerServiceHTTPBinding</con:interface><con:operation>getDomain</con:operation><con:request name="testcase3 - Test - LB - Request" id="bb8b663d-beb3-46f9-9d88-0ccdb772959f" outgoingWss="Outflow TEST"><con:settings/><con:encoding>UTF-8</con:encoding><con:endpoint>https://esb-security-gw.sta.srv.cirb.lan:8443/services/AccessManagerService_v1.0</con:endpoint><con:request><![CDATA[<soapenv:Envelope xmlns:soapenv="http://schemas.xmlsoap.org/soap/envelope/" xmlns:v1="http://fidus.brussels/service/accessmanagerservice/messages/v1" xmlns:v11="http://fidus.brussels/type/common/messages/v1" >
   <soapenv:Header/>
   <soapenv:Body>
      <v1:getDomainRequest>
         <v1:messageContext>
         	  <v11:messageId>${=import static java.util.UUID.randomUUID; uuid = randomUUID() as String}</v11:messageId>
            <v11:timestamp>${=new java.text.SimpleDateFormat("yyyy-MM-dd'T'HH:mm:ss.SSS").format(new Date())}</v11:timestamp>
         </v1:messageContext>
         <v1:legalContext>ServiceIntegrator</v1:legalContext>
         <v1:request>
         	  <v1:Domain>FINANCE</v1:Domain>
            <v1:Language>fr</v1:Language>
         </v1:request>
      </v1:getDomainRequest>
   </soapenv:Body>
</soapenv:Envelope>]]></con:request><con:assertion type="SOAP Fault Assertion" id="64120bd2-2d27-46ae-8309-14bd4d57079e" name="Not SOAP Fault"/><con:assertion type="SOAP Response" id="d314513c-7a15-4fa3-9f2d-721ab630b79a" name="SOAP Response"/><con:assertion type="Schema Compliance" id="6291e6dd-1fa3-44a0-8ce2-f87b6f80ccac" name="Schema Compliance"><con:configuration/></con:assertion><con:wsaConfig action="http://fidus.brussels/services/accessmanagerservice/getDomain"/></con:request></con:config></con:testStep><con:testStep type="request" id="5f620ce7-6183-4a54-b5ac-cb218e4fe994" name="testcase3 - Test - Worker1 - Request"><con:settings/><con:config xsi:type="con:RequestStep" xmlns:xsi="http://www.w3.org/2001/XMLSchema-instance"><con:interface>AccessManagerServiceHTTPBinding</con:interface><con:operation>getDomain</con:operation><con:request name="testcase3 - Test - Worker1 - Request" id="3d4de9f7-1fda-4d88-9f90-4096808a6377" outgoingWss="Outflow TEST"><con:settings/><con:encoding>UTF-8</con:encoding><con:endpoint>https://192.168.24.45:8443/services/AccessManagerService_v1.0</con:endpoint><con:request><![CDATA[<soapenv:Envelope xmlns:soapenv="http://schemas.xmlsoap.org/soap/envelope/" xmlns:v1="http://fidus.brussels/service/accessmanagerservice/messages/v1" xmlns:v11="http://fidus.brussels/type/common/messages/v1" >
   <soapenv:Header/>
   <soapenv:Body>
      <v1:getDomainRequest>
         <v1:messageContext>
         	  <v11:messageId>${=import static java.util.UUID.randomUUID; uuid = randomUUID() as String}</v11:messageId>
            <v11:timestamp>${=new java.text.SimpleDateFormat("yyyy-MM-dd'T'HH:mm:ss.SSS").format(new Date())}</v11:timestamp>
         </v1:messageContext>
         <v1:legalContext>ServiceIntegrator</v1:legalContext>
         <v1:request>
         	  <v1:Domain>FINANCE</v1:Domain>
            <v1:Language>fr</v1:Language>
         </v1:request>
      </v1:getDomainRequest>
   </soapenv:Body>
</soapenv:Envelope>]]></con:request><con:assertion type="SOAP Fault Assertion" id="c2fb97fb-66c9-458c-bed9-9f277b36ecdb" name="Not SOAP Fault"/><con:assertion type="SOAP Response" id="78329484-2281-4ec0-a4a7-165386d38e2c" name="SOAP Response"/><con:assertion type="Schema Compliance" id="bf934520-9835-427e-85d2-46fa6bed490a" name="Schema Compliance"><con:configuration/></con:assertion><con:wsaConfig action="http://fidus.brussels/services/accessmanagerservice/getDomain"/></con:request></con:config></con:testStep><con:testStep type="request" id="8c6fd142-b911-47d3-aa43-d44dbcf391d9" name="testcase3 - Test - Worker2 - Request"><con:settings/><con:config xsi:type="con:RequestStep" xmlns:xsi="http://www.w3.org/2001/XMLSchema-instance"><con:interface>AccessManagerServiceHTTPBinding</con:interface><con:operation>getDomain</con:operation><con:request name="testcase3 - Test - Worker2 - Request" id="a6285bd5-17d9-4b08-9c31-eb095188da9e" outgoingWss="Outflow TEST"><con:settings/><con:encoding>UTF-8</con:encoding><con:endpoint>https://192.168.24.51:8443/services/AccessManagerService_v1.0</con:endpoint><con:request><![CDATA[<soapenv:Envelope xmlns:soapenv="http://schemas.xmlsoap.org/soap/envelope/" xmlns:v1="http://fidus.brussels/service/accessmanagerservice/messages/v1" xmlns:v11="http://fidus.brussels/type/common/messages/v1" >
   <soapenv:Header/>
   <soapenv:Body>
      <v1:getDomainRequest>
         <v1:messageContext>
         	  <v11:messageId>${=import static java.util.UUID.randomUUID; uuid = randomUUID() as String}</v11:messageId>
            <v11:timestamp>${=new java.text.SimpleDateFormat("yyyy-MM-dd'T'HH:mm:ss.SSS").format(new Date())}</v11:timestamp>
         </v1:messageContext>
         <v1:legalContext>ServiceIntegrator</v1:legalContext>
         <v1:request>
         	  <v1:Domain>FINANCE</v1:Domain>
            <v1:Language>fr</v1:Language>
         </v1:request>
      </v1:getDomainRequest>
   </soapenv:Body>
</soapenv:Envelope>]]></con:request><con:assertion type="SOAP Fault Assertion" id="8d57f117-21d5-4aae-b8e0-0f546699ae09" name="Not SOAP Fault"/><con:assertion type="SOAP Response" id="862a76ea-91a2-4014-9fe8-e48a9618c076" name="SOAP Response"/><con:assertion type="Schema Compliance" id="4713a9bd-5acf-4d7d-a153-ca07822b176a" name="Schema Compliance"><con:configuration/></con:assertion><con:wsaConfig action="http://fidus.brussels/services/accessmanagerservice/getDomain"/></con:request></con:config></con:testStep><con:testStep type="request" id="e55335c7-7e28-45bd-8c6b-d656f6ec69fd" name="testcase3 - Test - Worker1New - Request"><con:settings/><con:config xsi:type="con:RequestStep" xmlns:xsi="http://www.w3.org/2001/XMLSchema-instance"><con:interface>AccessManagerServiceHTTPBinding</con:interface><con:operation>getDomain</con:operation><con:request name="testcase3 - Test - Worker1New - Request" id="663b80e0-b5da-4ab9-9315-44a85a9a81cd" outgoingWss="Outflow TEST"><con:settings/><con:encoding>UTF-8</con:encoding><con:endpoint>https://192.168.24.45:8443/services/AccessManagerService_v1.0</con:endpoint><con:request><![CDATA[<soapenv:Envelope xmlns:soapenv="http://schemas.xmlsoap.org/soap/envelope/" xmlns:v1="http://fidus.brussels/service/accessmanagerservice/messages/v1" xmlns:v11="http://fidus.brussels/type/common/messages/v1" >
   <soapenv:Header/>
   <soapenv:Body>
      <v1:getDomainRequest>
         <v1:messageContext>
         	  <v11:messageId>${=import static java.util.UUID.randomUUID; uuid = randomUUID() as String}</v11:messageId>
            <v11:timestamp>${=new java.text.SimpleDateFormat("yyyy-MM-dd'T'HH:mm:ss.SSS").format(new Date())}</v11:timestamp>
         </v1:messageContext>
         <v1:legalContext>ServiceIntegrator</v1:legalContext>
         <v1:request>
         	  <v1:Domain>FINANCE</v1:Domain>
            <v1:Language>fr</v1:Language>
         </v1:request>
      </v1:getDomainRequest>
   </soapenv:Body>
</soapenv:Envelope>]]></con:request><con:assertion type="SOAP Fault Assertion" id="7598d11a-93b5-4005-b662-3d233f46f99b" name="Not SOAP Fault"/><con:assertion type="SOAP Response" id="222f7fd9-e959-4e00-ba8a-1f98131a016a" name="SOAP Response"/><con:assertion type="Schema Compliance" id="388b841e-400e-4404-9af7-54dc7cc1b2c2" name="Schema Compliance"><con:configuration/></con:assertion><con:wsaConfig action="http://fidus.brussels/services/accessmanagerservice/getDomain"/></con:request></con:config></con:testStep><con:testStep type="request" id="fd1943a3-9ac4-4e30-8fb3-8caf3244e9d9" name="testcase3 - Test - Worker2New - Request"><con:settings/><con:config xsi:type="con:RequestStep" xmlns:xsi="http://www.w3.org/2001/XMLSchema-instance"><con:interface>AccessManagerServiceHTTPBinding</con:interface><con:operation>getDomain</con:operation><con:request name="testcase3 - Test - Worker2New - Request" id="e12d9dd2-ab0f-4bd7-987e-c3e2de7c8a1a" outgoingWss="Outflow TEST"><con:settings/><con:encoding>UTF-8</con:encoding><con:endpoint>https://192.168.24.51:8443/services/AccessManagerService_v1.0</con:endpoint><con:request><![CDATA[<soapenv:Envelope xmlns:soapenv="http://schemas.xmlsoap.org/soap/envelope/" xmlns:v1="http://fidus.brussels/service/accessmanagerservice/messages/v1" xmlns:v11="http://fidus.brussels/type/common/messages/v1" >
   <soapenv:Header/>
   <soapenv:Body>
      <v1:getDomainRequest>
         <v1:messageContext>
         	  <v11:messageId>${=import static java.util.UUID.randomUUID; uuid = randomUUID() as String}</v11:messageId>
            <v11:timestamp>${=new java.text.SimpleDateFormat("yyyy-MM-dd'T'HH:mm:ss.SSS").format(new Date())}</v11:timestamp>
         </v1:messageContext>
         <v1:legalContext>ServiceIntegrator</v1:legalContext>
         <v1:request>
         	  <v1:Domain>FINANCE</v1:Domain>
            <v1:Language>fr</v1:Language>
         </v1:request>
      </v1:getDomainRequest>
   </soapenv:Body>
</soapenv:Envelope>]]></con:request><con:assertion type="SOAP Fault Assertion" id="a9d4f0fd-df72-4367-9f94-1ab53e1ddeb4" name="Not SOAP Fault"/><con:assertion type="SOAP Response" id="929492f4-3b36-4b7d-bb33-051ad63300e6" name="SOAP Response"/><con:assertion type="Schema Compliance" id="89ecf149-1fab-4d71-86d3-22baf33f52f6" name="Schema Compliance"><con:configuration/></con:assertion><con:wsaConfig action="http://fidus.brussels/services/accessmanagerservice/getDomain"/></con:request></con:config></con:testStep><con:testStep type="request" id="5a744f87-7649-416e-a7d1-b4240d455fdf" name="testcase3 - Test - External - Request"><con:settings/><con:config xsi:type="con:RequestStep" xmlns:xsi="http://www.w3.org/2001/XMLSchema-instance"><con:interface>AccessManagerServiceHTTPBinding</con:interface><con:operation>getDomain</con:operation><con:request name="testcase3 - Test - External - Request" id="57e7e031-9d65-4dd5-8107-337bdc74a232" outgoingWss="Outflow TEST"><con:settings/><con:encoding>UTF-8</con:encoding><con:endpoint>https://fidus-test.irisnetlab.be/services/AccessManagerService_v1.0</con:endpoint><con:request><![CDATA[<soapenv:Envelope xmlns:soapenv="http://schemas.xmlsoap.org/soap/envelope/" xmlns:v1="http://fidus.brussels/service/accessmanagerservice/messages/v1" xmlns:v11="http://fidus.brussels/type/common/messages/v1" >
   <soapenv:Header/>
   <soapenv:Body>
      <v1:getDomainRequest>
         <v1:messageContext>
         	  <v11:messageId>${=import static java.util.UUID.randomUUID; uuid = randomUUID() as String}</v11:messageId>
            <v11:timestamp>${=new java.text.SimpleDateFormat("yyyy-MM-dd'T'HH:mm:ss.SSS").format(new Date())}</v11:timestamp>
         </v1:messageContext>
         <v1:legalContext>ServiceIntegrator</v1:legalContext>
         <v1:request>
         	  <v1:Domain>FINANCE</v1:Domain>
            <v1:Language>fr</v1:Language>
         </v1:request>
      </v1:getDomainRequest>
   </soapenv:Body>
</soapenv:Envelope>]]></con:request><con:assertion type="SOAP Fault Assertion" id="3a679610-10b9-4141-9a43-4c30374cd12b" name="Not SOAP Fault"/><con:assertion type="SOAP Response" id="52aa7451-f0f1-4413-b9b6-f16f1bb60329" name="SOAP Response"/><con:assertion type="Schema Compliance" id="f45d0814-b731-4334-bcaf-08fb230baa1a" name="Schema Compliance"><con:configuration/></con:assertion><con:wsaConfig action="http://fidus.brussels/services/accessmanagerservice/getDomain"/></con:request></con:config></con:testStep><con:properties/></con:testCase><con:testCase id="4438862e-69f9-478c-a7e1-d14fd0f2faf9" failOnError="true" failTestCaseOnErrors="true" keepSession="false" maxResults="0" name="getEntityRepresentatives" searchProperties="true"><con:settings/><con:testStep type="request" id="ec4a97a6-d1f3-472b-9e8f-6a013174b173" name="testcase3 - Test - LB - Request"><con:settings/><con:config xsi:type="con:RequestStep" xmlns:xsi="http://www.w3.org/2001/XMLSchema-instance"><con:interface>AccessManagerServiceHTTPBinding</con:interface><con:operation>getEntityRepresentatives</con:operation><con:request name="testcase3 - Test - LB - Request" id="5a056d66-3aab-4ba2-86c9-9c0e1c6f1939" outgoingWss="Outflow TEST"><con:settings/><con:encoding>UTF-8</con:encoding><con:endpoint>https://esb-security-gw.sta.srv.cirb.lan:8443/services/AccessManagerService_v1.0</con:endpoint><con:request><![CDATA[<soapenv:Envelope xmlns:soapenv="http://schemas.xmlsoap.org/soap/envelope/" xmlns:v1="http://fidus.brussels/service/accessmanagerservice/messages/v1" xmlns:v11="http://fidus.brussels/type/common/messages/v1" xmlns:v31="http://socialsecurity.be/umanentityrepresentative/types/v3" >
   <soapenv:Header/>
   <soapenv:Body>
      <v1:getEntityRepresentativesRequest>
         <v1:messageContext>
         	  <v11:messageId>${=import static java.util.UUID.randomUUID; uuid = randomUUID() as String}</v11:messageId>
            <v11:timestamp>${=new java.text.SimpleDateFormat("yyyy-MM-dd'T'HH:mm:ss.SSS").format(new Date())}</v11:timestamp>
         </v1:messageContext>
         <v1:legalContext>ServiceIntegrator</v1:legalContext>
         <v1:request>
            <v1:Domain>QUAL_FED_HEALTHCARE</v1:Domain>
            <v1:OrganisationId>
               <v31:Identifier>1990000431</v31:Identifier>
               <v31:IdentifierType>BEEHP</v31:IdentifierType>
            </v1:OrganisationId>
            <v1:Language>nl</v1:Language>
         </v1:request>
      </v1:getEntityRepresentativesRequest>
   </soapenv:Body>
</soapenv:Envelope>]]></con:request><con:assertion type="SOAP Fault Assertion" id="0d1f6a26-5c78-46ba-bdb5-9ad5c543d5a3" name="Not SOAP Fault"/><con:assertion type="SOAP Response" id="3916b482-16dc-46a7-b4b9-77afcfa5d4c8" name="SOAP Response"/><con:assertion type="Schema Compliance" id="5ce8dde5-b34b-48a8-8f1a-46c59e00c180" name="Schema Compliance"><con:configuration/></con:assertion><con:wsaConfig action="http://fidus.brussels/services/accessmanagerservice/getEntityRepresentatives"/></con:request></con:config></con:testStep><con:testStep type="request" id="03959c9d-9d0d-4e4e-970f-55f9ceaf93d4" name="testcase3 - Test - Worker1 - Request"><con:settings/><con:config xsi:type="con:RequestStep" xmlns:xsi="http://www.w3.org/2001/XMLSchema-instance"><con:interface>AccessManagerServiceHTTPBinding</con:interface><con:operation>getEntityRepresentatives</con:operation><con:request name="testcase3 - Test - Worker1 - Request" id="f9bc6254-a707-4fb4-a06c-7c83f490341e" outgoingWss="Outflow TEST"><con:settings/><con:encoding>UTF-8</con:encoding><con:endpoint>https://192.168.24.45:8443/services/AccessManagerService_v1.0</con:endpoint><con:request><![CDATA[<soapenv:Envelope xmlns:soapenv="http://schemas.xmlsoap.org/soap/envelope/" xmlns:v1="http://fidus.brussels/service/accessmanagerservice/messages/v1" xmlns:v11="http://fidus.brussels/type/common/messages/v1" xmlns:v31="http://socialsecurity.be/umanentityrepresentative/types/v3" >
   <soapenv:Header/>
   <soapenv:Body>
      <v1:getEntityRepresentativesRequest>
         <v1:messageContext>
         	  <v11:messageId>${=import static java.util.UUID.randomUUID; uuid = randomUUID() as String}</v11:messageId>
            <v11:timestamp>${=new java.text.SimpleDateFormat("yyyy-MM-dd'T'HH:mm:ss.SSS").format(new Date())}</v11:timestamp>
         </v1:messageContext>
         <v1:legalContext>ServiceIntegrator</v1:legalContext>
         <v1:request>
            <v1:Domain>QUAL_FED_HEALTHCARE</v1:Domain>
            <v1:OrganisationId>
               <v31:Identifier>1990000431</v31:Identifier>
               <v31:IdentifierType>BEEHP</v31:IdentifierType>
            </v1:OrganisationId>
            <v1:Language>nl</v1:Language>
         </v1:request>
      </v1:getEntityRepresentativesRequest>
   </soapenv:Body>
</soapenv:Envelope>]]></con:request><con:assertion type="SOAP Fault Assertion" id="3932d1c9-3d0d-410d-acc5-2d3a385fcddb" name="Not SOAP Fault"/><con:assertion type="SOAP Response" id="1b7cbf94-25d6-4cf4-a3fd-107dde75a4ca" name="SOAP Response"/><con:assertion type="Schema Compliance" id="52a21fc4-c7a8-4146-a3e0-82d662851e2c" name="Schema Compliance"><con:configuration/></con:assertion><con:wsaConfig action="http://fidus.brussels/services/accessmanagerservice/getEntityRepresentatives"/></con:request></con:config></con:testStep><con:testStep type="request" id="852f0010-0060-4c79-9549-76172f8c8c2d" name="testcase3 - Test - Worker2 - Request"><con:settings/><con:config xsi:type="con:RequestStep" xmlns:xsi="http://www.w3.org/2001/XMLSchema-instance"><con:interface>AccessManagerServiceHTTPBinding</con:interface><con:operation>getEntityRepresentatives</con:operation><con:request name="testcase3 - Test - Worker2 - Request" id="c97c3230-5fb0-497e-9fcd-44ada7a9b8ba" outgoingWss="Outflow TEST"><con:settings/><con:encoding>UTF-8</con:encoding><con:endpoint>https://192.168.24.51:8443/services/AccessManagerService_v1.0</con:endpoint><con:request><![CDATA[<soapenv:Envelope xmlns:soapenv="http://schemas.xmlsoap.org/soap/envelope/" xmlns:v1="http://fidus.brussels/service/accessmanagerservice/messages/v1" xmlns:v11="http://fidus.brussels/type/common/messages/v1" xmlns:v31="http://socialsecurity.be/umanentityrepresentative/types/v3" >
   <soapenv:Header/>
   <soapenv:Body>
      <v1:getEntityRepresentativesRequest>
         <v1:messageContext>
         	  <v11:messageId>${=import static java.util.UUID.randomUUID; uuid = randomUUID() as String}</v11:messageId>
            <v11:timestamp>${=new java.text.SimpleDateFormat("yyyy-MM-dd'T'HH:mm:ss.SSS").format(new Date())}</v11:timestamp>
         </v1:messageContext>
         <v1:legalContext>ServiceIntegrator</v1:legalContext>
         <v1:request>
            <v1:Domain>QUAL_FED_HEALTHCARE</v1:Domain>
            <v1:OrganisationId>
               <v31:Identifier>1990000431</v31:Identifier>
               <v31:IdentifierType>BEEHP</v31:IdentifierType>
            </v1:OrganisationId>
            <v1:Language>nl</v1:Language>
         </v1:request>
      </v1:getEntityRepresentativesRequest>
   </soapenv:Body>
</soapenv:Envelope>]]></con:request><con:assertion type="SOAP Fault Assertion" id="f6d6ab77-ce97-4f51-92b6-485325d15b25" name="Not SOAP Fault"/><con:assertion type="SOAP Response" id="71850266-5050-438a-b036-44ef1376cf54" name="SOAP Response"/><con:assertion type="Schema Compliance" id="ddf212e7-a42f-42cd-be37-9b26ede658f9" name="Schema Compliance"><con:configuration/></con:assertion><con:wsaConfig action="http://fidus.brussels/services/accessmanagerservice/getEntityRepresentatives"/></con:request></con:config></con:testStep><con:testStep type="request" id="fb61fa47-d4dc-47b4-a272-f84d3bd6d834" name="testcase3 - Test - Worker1New - Request"><con:settings/><con:config xsi:type="con:RequestStep" xmlns:xsi="http://www.w3.org/2001/XMLSchema-instance"><con:interface>AccessManagerServiceHTTPBinding</con:interface><con:operation>getEntityRepresentatives</con:operation><con:request name="testcase3 - Test - Worker1New - Request" id="4400aaa4-3a58-4cab-9d4c-b88c23847f8e" outgoingWss="Outflow TEST"><con:settings/><con:encoding>UTF-8</con:encoding><con:endpoint>https://192.168.24.45:8443/services/AccessManagerService_v1.0</con:endpoint><con:request><![CDATA[<soapenv:Envelope xmlns:soapenv="http://schemas.xmlsoap.org/soap/envelope/" xmlns:v1="http://fidus.brussels/service/accessmanagerservice/messages/v1" xmlns:v11="http://fidus.brussels/type/common/messages/v1" xmlns:v31="http://socialsecurity.be/umanentityrepresentative/types/v3" >
   <soapenv:Header/>
   <soapenv:Body>
      <v1:getEntityRepresentativesRequest>
         <v1:messageContext>
         	  <v11:messageId>${=import static java.util.UUID.randomUUID; uuid = randomUUID() as String}</v11:messageId>
            <v11:timestamp>${=new java.text.SimpleDateFormat("yyyy-MM-dd'T'HH:mm:ss.SSS").format(new Date())}</v11:timestamp>
         </v1:messageContext>
         <v1:legalContext>ServiceIntegrator</v1:legalContext>
         <v1:request>
            <v1:Domain>QUAL_FED_HEALTHCARE</v1:Domain>
            <v1:OrganisationId>
               <v31:Identifier>1990000431</v31:Identifier>
               <v31:IdentifierType>BEEHP</v31:IdentifierType>
            </v1:OrganisationId>
            <v1:Language>nl</v1:Language>
         </v1:request>
      </v1:getEntityRepresentativesRequest>
   </soapenv:Body>
</soapenv:Envelope>]]></con:request><con:assertion type="SOAP Fault Assertion" id="c82c0c57-db06-4645-ac68-8e6dad155b4a" name="Not SOAP Fault"/><con:assertion type="SOAP Response" id="ffd93ebd-a2a5-4b4a-898d-376759566f9f" name="SOAP Response"/><con:assertion type="Schema Compliance" id="a014b729-80ca-45d8-a6e2-6d92ebb2f8e8" name="Schema Compliance"><con:configuration/></con:assertion><con:wsaConfig action="http://fidus.brussels/services/accessmanagerservice/getEntityRepresentatives"/></con:request></con:config></con:testStep><con:testStep type="request" id="1f189a6d-99e9-4129-b187-49bc2c54b228" name="testcase3 - Test - Worker2New - Request"><con:settings/><con:config xsi:type="con:RequestStep" xmlns:xsi="http://www.w3.org/2001/XMLSchema-instance"><con:interface>AccessManagerServiceHTTPBinding</con:interface><con:operation>getEntityRepresentatives</con:operation><con:request name="testcase3 - Test - Worker2New - Request" id="ff1108b0-ebce-4a47-8a66-97ac3fea24ac" outgoingWss="Outflow TEST"><con:settings/><con:encoding>UTF-8</con:encoding><con:endpoint>https://192.168.24.51:8443/services/AccessManagerService_v1.0</con:endpoint><con:request><![CDATA[<soapenv:Envelope xmlns:soapenv="http://schemas.xmlsoap.org/soap/envelope/" xmlns:v1="http://fidus.brussels/service/accessmanagerservice/messages/v1" xmlns:v11="http://fidus.brussels/type/common/messages/v1" xmlns:v31="http://socialsecurity.be/umanentityrepresentative/types/v3" >
   <soapenv:Header/>
   <soapenv:Body>
      <v1:getEntityRepresentativesRequest>
         <v1:messageContext>
         	  <v11:messageId>${=import static java.util.UUID.randomUUID; uuid = randomUUID() as String}</v11:messageId>
            <v11:timestamp>${=new java.text.SimpleDateFormat("yyyy-MM-dd'T'HH:mm:ss.SSS").format(new Date())}</v11:timestamp>
         </v1:messageContext>
         <v1:legalContext>ServiceIntegrator</v1:legalContext>
         <v1:request>
            <v1:Domain>QUAL_FED_HEALTHCARE</v1:Domain>
            <v1:OrganisationId>
               <v31:Identifier>1990000431</v31:Identifier>
               <v31:IdentifierType>BEEHP</v31:IdentifierType>
            </v1:OrganisationId>
            <v1:Language>nl</v1:Language>
         </v1:request>
      </v1:getEntityRepresentativesRequest>
   </soapenv:Body>
</soapenv:Envelope>]]></con:request><con:assertion type="SOAP Fault Assertion" id="746b1a54-fe9c-438e-846c-8164b5fcd44e" name="Not SOAP Fault"/><con:assertion type="SOAP Response" id="45fcba35-1f1b-4eea-a2db-86e90acb25ba" name="SOAP Response"/><con:assertion type="Schema Compliance" id="22ca0143-15ce-404c-86c1-7adb9a2e5977" name="Schema Compliance"><con:configuration/></con:assertion><con:wsaConfig action="http://fidus.brussels/services/accessmanagerservice/getEntityRepresentatives"/></con:request></con:config></con:testStep><con:testStep type="request" id="12d94a62-509c-4588-b6fb-a12ea81ce2cb" name="testcase3 - Test - External - Request"><con:settings/><con:config xsi:type="con:RequestStep" xmlns:xsi="http://www.w3.org/2001/XMLSchema-instance"><con:interface>AccessManagerServiceHTTPBinding</con:interface><con:operation>getEntityRepresentatives</con:operation><con:request name="testcase3 - Test - External - Request" id="1501b355-3acf-44da-8c4c-ff47edba6374" outgoingWss="Outflow TEST"><con:settings/><con:encoding>UTF-8</con:encoding><con:endpoint>https://fidus-test.irisnetlab.be/services/AccessManagerService_v1.0</con:endpoint><con:request><![CDATA[<soapenv:Envelope xmlns:soapenv="http://schemas.xmlsoap.org/soap/envelope/" xmlns:v1="http://fidus.brussels/service/accessmanagerservice/messages/v1" xmlns:v11="http://fidus.brussels/type/common/messages/v1" xmlns:v31="http://socialsecurity.be/umanentityrepresentative/types/v3" >
   <soapenv:Header/>
   <soapenv:Body>
      <v1:getEntityRepresentativesRequest>
         <v1:messageContext>
         	  <v11:messageId>${=import static java.util.UUID.randomUUID; uuid = randomUUID() as String}</v11:messageId>
            <v11:timestamp>${=new java.text.SimpleDateFormat("yyyy-MM-dd'T'HH:mm:ss.SSS").format(new Date())}</v11:timestamp>
         </v1:messageContext>
         <v1:legalContext>ServiceIntegrator</v1:legalContext>
         <v1:request>
            <v1:Domain>QUAL_FED_HEALTHCARE</v1:Domain>
            <v1:OrganisationId>
               <v31:Identifier>1990000431</v31:Identifier>
               <v31:IdentifierType>BEEHP</v31:IdentifierType>
            </v1:OrganisationId>
            <v1:Language>nl</v1:Language>
         </v1:request>
      </v1:getEntityRepresentativesRequest>
   </soapenv:Body>
</soapenv:Envelope>]]></con:request><con:assertion type="SOAP Fault Assertion" id="4a4dccc3-916c-4be3-b21b-c3552a3d1794" name="Not SOAP Fault"/><con:assertion type="SOAP Response" id="953e64d8-50d8-4ba3-8045-f17e25820685" name="SOAP Response"/><con:assertion type="Schema Compliance" id="4e24fe44-68c2-4bdc-959b-1a18e9f83453" name="Schema Compliance"><con:configuration/></con:assertion><con:wsaConfig action="http://fidus.brussels/services/accessmanagerservice/getEntityRepresentatives"/></con:request></con:config></con:testStep><con:properties/></con:testCase><con:testCase id="f1d0ae98-fc4a-454e-8f43-2b4a6b93e0c7" failOnError="true" failTestCaseOnErrors="true" keepSession="false" maxResults="0" name="getOrganisationChildNodes" searchProperties="true"><con:settings/><con:testStep type="request" id="39540757-25d4-4e75-ac17-3e1b5ae61e9f" name="testcase3 - Test - LB - Request"><con:settings/><con:config xsi:type="con:RequestStep" xmlns:xsi="http://www.w3.org/2001/XMLSchema-instance"><con:interface>AccessManagerServiceHTTPBinding</con:interface><con:operation>getOrganisationChildNodes</con:operation><con:request name="testcase3 - Test - LB - Request" id="766691c9-d7d8-4c3e-a454-6093ffce875e" outgoingWss="Outflow TEST"><con:settings/><con:encoding>UTF-8</con:encoding><con:endpoint>https://esb-security-gw.sta.srv.cirb.lan:8443/services/AccessManagerService_v1.0</con:endpoint><con:request><![CDATA[<soapenv:Envelope xmlns:soapenv="http://schemas.xmlsoap.org/soap/envelope/" xmlns:v1="http://fidus.brussels/service/accessmanagerservice/messages/v1" xmlns:v11="http://fidus.brussels/type/common/messages/v1" xmlns:v31="http://socialsecurity.be/umanentityrepresentative/types/v3">
   <soapenv:Header/>
   <soapenv:Body>
      <v1:getOrganisationChildNodesRequest>
         <v1:messageContext>
         	  <v11:messageId>${=import static java.util.UUID.randomUUID; uuid = randomUUID() as String}</v11:messageId>
            <v11:timestamp>${=new java.text.SimpleDateFormat("yyyy-MM-dd'T'HH:mm:ss.SSS").format(new Date())}</v11:timestamp>
         </v1:messageContext>
         <v1:legalContext>ServiceIntegrator</v1:legalContext>
         <v1:request>
            <v1:Domain>QUAL_FED_HEALTHCARE</v1:Domain>
            <v1:OrganisationId>
               <v31:Identifier>1990000431</v31:Identifier>
               <v31:IdentifierType>BEEHP</v31:IdentifierType>
            </v1:OrganisationId>
            <v1:Language>nl</v1:Language>
         </v1:request>
      </v1:getOrganisationChildNodesRequest>
   </soapenv:Body>
</soapenv:Envelope>]]></con:request><con:assertion type="SOAP Fault Assertion" id="0d8d7142-b3c2-4810-8ce1-6e98e00e887a" name="Not SOAP Fault"/><con:assertion type="SOAP Response" id="0d0a99ce-736d-40a8-aaa9-fdab85901522" name="SOAP Response"/><con:assertion type="Schema Compliance" id="a2b4d28e-e949-4dec-8b7d-3014387b1c5d" name="Schema Compliance"><con:configuration/></con:assertion><con:wsaConfig action="http://fidus.brussels/services/accessmanagerservice/getOrganisationChildNodes"/></con:request></con:config></con:testStep><con:testStep type="request" id="c0d49268-860d-44da-b136-d392de575fbc" name="testcase3 - Test - Worker1 - Request"><con:settings/><con:config xsi:type="con:RequestStep" xmlns:xsi="http://www.w3.org/2001/XMLSchema-instance"><con:interface>AccessManagerServiceHTTPBinding</con:interface><con:operation>getOrganisationChildNodes</con:operation><con:request name="testcase3 - Test - Worker1 - Request" id="ccb16796-13ff-432e-a5bb-39f53214d6e6" outgoingWss="Outflow TEST"><con:settings/><con:encoding>UTF-8</con:encoding><con:endpoint>https://192.168.24.45:8443/services/AccessManagerService_v1.0</con:endpoint><con:request><![CDATA[<soapenv:Envelope xmlns:soapenv="http://schemas.xmlsoap.org/soap/envelope/" xmlns:v1="http://fidus.brussels/service/accessmanagerservice/messages/v1" xmlns:v11="http://fidus.brussels/type/common/messages/v1" xmlns:v31="http://socialsecurity.be/umanentityrepresentative/types/v3">
   <soapenv:Header/>
   <soapenv:Body>
      <v1:getOrganisationChildNodesRequest>
         <v1:messageContext>
         	  <v11:messageId>${=import static java.util.UUID.randomUUID; uuid = randomUUID() as String}</v11:messageId>
            <v11:timestamp>${=new java.text.SimpleDateFormat("yyyy-MM-dd'T'HH:mm:ss.SSS").format(new Date())}</v11:timestamp>
         </v1:messageContext>
         <v1:legalContext>ServiceIntegrator</v1:legalContext>
         <v1:request>
            <v1:Domain>QUAL_FED_HEALTHCARE</v1:Domain>
            <v1:OrganisationId>
               <v31:Identifier>1990000431</v31:Identifier>
               <v31:IdentifierType>BEEHP</v31:IdentifierType>
            </v1:OrganisationId>
            <v1:Language>nl</v1:Language>
         </v1:request>
      </v1:getOrganisationChildNodesRequest>
   </soapenv:Body>
</soapenv:Envelope>]]></con:request><con:assertion type="SOAP Fault Assertion" id="fd787331-a999-4f82-8e68-b7745b06916b" name="Not SOAP Fault"/><con:assertion type="SOAP Response" id="af999c3a-0567-4b53-aa05-d3a4268415e5" name="SOAP Response"/><con:assertion type="Schema Compliance" id="0a471ba9-8884-4e3f-ba0f-92b6a90df76b" name="Schema Compliance"><con:configuration/></con:assertion><con:wsaConfig action="http://fidus.brussels/services/accessmanagerservice/getOrganisationChildNodes"/></con:request></con:config></con:testStep><con:testStep type="request" id="c71c57de-7682-4bec-96da-9bc3ebeb3cf8" name="testcase3 - Test - Worker2 - Request"><con:settings/><con:config xsi:type="con:RequestStep" xmlns:xsi="http://www.w3.org/2001/XMLSchema-instance"><con:interface>AccessManagerServiceHTTPBinding</con:interface><con:operation>getOrganisationChildNodes</con:operation><con:request name="testcase3 - Test - Worker2 - Request" id="86e8aa18-1b6a-4cd5-8e38-69f23e2ac9a4" outgoingWss="Outflow TEST"><con:settings/><con:encoding>UTF-8</con:encoding><con:endpoint>https://192.168.24.51:8443/services/AccessManagerService_v1.0</con:endpoint><con:request><![CDATA[<soapenv:Envelope xmlns:soapenv="http://schemas.xmlsoap.org/soap/envelope/" xmlns:v1="http://fidus.brussels/service/accessmanagerservice/messages/v1" xmlns:v11="http://fidus.brussels/type/common/messages/v1" xmlns:v31="http://socialsecurity.be/umanentityrepresentative/types/v3">
   <soapenv:Header/>
   <soapenv:Body>
      <v1:getOrganisationChildNodesRequest>
         <v1:messageContext>
         	  <v11:messageId>${=import static java.util.UUID.randomUUID; uuid = randomUUID() as String}</v11:messageId>
            <v11:timestamp>${=new java.text.SimpleDateFormat("yyyy-MM-dd'T'HH:mm:ss.SSS").format(new Date())}</v11:timestamp>
         </v1:messageContext>
         <v1:legalContext>ServiceIntegrator</v1:legalContext>
         <v1:request>
            <v1:Domain>QUAL_FED_HEALTHCARE</v1:Domain>
            <v1:OrganisationId>
               <v31:Identifier>1990000431</v31:Identifier>
               <v31:IdentifierType>BEEHP</v31:IdentifierType>
            </v1:OrganisationId>
            <v1:Language>nl</v1:Language>
         </v1:request>
      </v1:getOrganisationChildNodesRequest>
   </soapenv:Body>
</soapenv:Envelope>]]></con:request><con:assertion type="SOAP Fault Assertion" id="76d40772-394f-40f5-9942-65136058c51b" name="Not SOAP Fault"/><con:assertion type="SOAP Response" id="84217e96-ff01-49e5-bb5b-522074161cc3" name="SOAP Response"/><con:assertion type="Schema Compliance" id="26fe4e33-67d3-4554-b352-c092de9d46bd" name="Schema Compliance"><con:configuration/></con:assertion><con:wsaConfig action="http://fidus.brussels/services/accessmanagerservice/getOrganisationChildNodes"/></con:request></con:config></con:testStep><con:testStep type="request" id="adda4297-0bb0-42a8-bdb4-86f79bbfc19d" name="testcase3 - Test - Worker1New - Request"><con:settings/><con:config xsi:type="con:RequestStep" xmlns:xsi="http://www.w3.org/2001/XMLSchema-instance"><con:interface>AccessManagerServiceHTTPBinding</con:interface><con:operation>getOrganisationChildNodes</con:operation><con:request name="testcase3 - Test - Worker1New - Request" id="7bd81584-f6e2-41f9-a611-cf72ee023787" outgoingWss="Outflow TEST"><con:settings/><con:encoding>UTF-8</con:encoding><con:endpoint>https://192.168.24.45:8443/services/AccessManagerService_v1.0</con:endpoint><con:request><![CDATA[<soapenv:Envelope xmlns:soapenv="http://schemas.xmlsoap.org/soap/envelope/" xmlns:v1="http://fidus.brussels/service/accessmanagerservice/messages/v1" xmlns:v11="http://fidus.brussels/type/common/messages/v1" xmlns:v31="http://socialsecurity.be/umanentityrepresentative/types/v3">
   <soapenv:Header/>
   <soapenv:Body>
      <v1:getOrganisationChildNodesRequest>
         <v1:messageContext>
         	  <v11:messageId>${=import static java.util.UUID.randomUUID; uuid = randomUUID() as String}</v11:messageId>
            <v11:timestamp>${=new java.text.SimpleDateFormat("yyyy-MM-dd'T'HH:mm:ss.SSS").format(new Date())}</v11:timestamp>
         </v1:messageContext>
         <v1:legalContext>ServiceIntegrator</v1:legalContext>
         <v1:request>
            <v1:Domain>QUAL_FED_HEALTHCARE</v1:Domain>
            <v1:OrganisationId>
               <v31:Identifier>1990000431</v31:Identifier>
               <v31:IdentifierType>BEEHP</v31:IdentifierType>
            </v1:OrganisationId>
            <v1:Language>nl</v1:Language>
         </v1:request>
      </v1:getOrganisationChildNodesRequest>
   </soapenv:Body>
</soapenv:Envelope>]]></con:request><con:assertion type="SOAP Fault Assertion" id="92d94750-94f6-4a43-8f90-41d2e4dea9f4" name="Not SOAP Fault"/><con:assertion type="SOAP Response" id="fe2eabae-130c-4585-9f34-5ab005f8acfe" name="SOAP Response"/><con:assertion type="Schema Compliance" id="284d2f74-4bc5-4c0f-a23c-75c914d3cd9c" name="Schema Compliance"><con:configuration/></con:assertion><con:wsaConfig action="http://fidus.brussels/services/accessmanagerservice/getOrganisationChildNodes"/></con:request></con:config></con:testStep><con:testStep type="request" id="88905b1b-6dad-4ff5-bf01-51b937cb4787" name="testcase3 - Test - Worker2New - Request"><con:settings/><con:config xsi:type="con:RequestStep" xmlns:xsi="http://www.w3.org/2001/XMLSchema-instance"><con:interface>AccessManagerServiceHTTPBinding</con:interface><con:operation>getOrganisationChildNodes</con:operation><con:request name="testcase3 - Test - Worker2New - Request" id="e148abf4-5727-4137-9f94-a3f322b47d1b" outgoingWss="Outflow TEST"><con:settings/><con:encoding>UTF-8</con:encoding><con:endpoint>https://192.168.24.51:8443/services/AccessManagerService_v1.0</con:endpoint><con:request><![CDATA[<soapenv:Envelope xmlns:soapenv="http://schemas.xmlsoap.org/soap/envelope/" xmlns:v1="http://fidus.brussels/service/accessmanagerservice/messages/v1" xmlns:v11="http://fidus.brussels/type/common/messages/v1" xmlns:v31="http://socialsecurity.be/umanentityrepresentative/types/v3">
   <soapenv:Header/>
   <soapenv:Body>
      <v1:getOrganisationChildNodesRequest>
         <v1:messageContext>
         	  <v11:messageId>${=import static java.util.UUID.randomUUID; uuid = randomUUID() as String}</v11:messageId>
            <v11:timestamp>${=new java.text.SimpleDateFormat("yyyy-MM-dd'T'HH:mm:ss.SSS").format(new Date())}</v11:timestamp>
         </v1:messageContext>
         <v1:legalContext>ServiceIntegrator</v1:legalContext>
         <v1:request>
            <v1:Domain>QUAL_FED_HEALTHCARE</v1:Domain>
            <v1:OrganisationId>
               <v31:Identifier>1990000431</v31:Identifier>
               <v31:IdentifierType>BEEHP</v31:IdentifierType>
            </v1:OrganisationId>
            <v1:Language>nl</v1:Language>
         </v1:request>
      </v1:getOrganisationChildNodesRequest>
   </soapenv:Body>
</soapenv:Envelope>]]></con:request><con:assertion type="SOAP Fault Assertion" id="9f7a0819-bd6e-4961-b331-046315feed6c" name="Not SOAP Fault"/><con:assertion type="SOAP Response" id="df37ab7c-6064-4447-83d2-3d0387f8142b" name="SOAP Response"/><con:assertion type="Schema Compliance" id="4a90cc3a-ceae-400c-96dd-d79e43b12309" name="Schema Compliance"><con:configuration/></con:assertion><con:wsaConfig action="http://fidus.brussels/services/accessmanagerservice/getOrganisationChildNodes"/></con:request></con:config></con:testStep><con:testStep type="request" id="cd498b37-428c-4e41-a927-fae3b347a68b" name="testcase3 - Test - External - Request"><con:settings/><con:config xsi:type="con:RequestStep" xmlns:xsi="http://www.w3.org/2001/XMLSchema-instance"><con:interface>AccessManagerServiceHTTPBinding</con:interface><con:operation>getOrganisationChildNodes</con:operation><con:request name="testcase3 - Test - External - Request" id="55c513f0-ada8-40b2-908c-d34f5a4aa804" outgoingWss="Outflow TEST"><con:settings/><con:encoding>UTF-8</con:encoding><con:endpoint>https://fidus-test.irisnetlab.be/services/AccessManagerService_v1.0</con:endpoint><con:request><![CDATA[<soapenv:Envelope xmlns:soapenv="http://schemas.xmlsoap.org/soap/envelope/" xmlns:v1="http://fidus.brussels/service/accessmanagerservice/messages/v1" xmlns:v11="http://fidus.brussels/type/common/messages/v1" xmlns:v31="http://socialsecurity.be/umanentityrepresentative/types/v3">
   <soapenv:Header/>
   <soapenv:Body>
      <v1:getOrganisationChildNodesRequest>
         <v1:messageContext>
         	  <v11:messageId>${=import static java.util.UUID.randomUUID; uuid = randomUUID() as String}</v11:messageId>
            <v11:timestamp>${=new java.text.SimpleDateFormat("yyyy-MM-dd'T'HH:mm:ss.SSS").format(new Date())}</v11:timestamp>
         </v1:messageContext>
         <v1:legalContext>ServiceIntegrator</v1:legalContext>
         <v1:request>
            <v1:Domain>QUAL_FED_HEALTHCARE</v1:Domain>
            <v1:OrganisationId>
               <v31:Identifier>1990000431</v31:Identifier>
               <v31:IdentifierType>BEEHP</v31:IdentifierType>
            </v1:OrganisationId>
            <v1:Language>nl</v1:Language>
         </v1:request>
      </v1:getOrganisationChildNodesRequest>
   </soapenv:Body>
</soapenv:Envelope>]]></con:request><con:assertion type="SOAP Fault Assertion" id="37410033-d93b-41fd-bba0-85c2a982b48a" name="Not SOAP Fault"/><con:assertion type="SOAP Response" id="98141043-387a-4d54-89db-c98d435d4e79" name="SOAP Response"/><con:assertion type="Schema Compliance" id="50d8d742-3c81-407e-b3bc-136d1100d68b" name="Schema Compliance"><con:configuration/></con:assertion><con:wsaConfig action="http://fidus.brussels/services/accessmanagerservice/getOrganisationChildNodes"/></con:request></con:config></con:testStep><con:properties/></con:testCase><con:testCase id="a553b401-b610-4df5-9778-1d1270a9c526" failOnError="true" failTestCaseOnErrors="true" keepSession="false" maxResults="0" name="getOrganisationDenomination" searchProperties="true"><con:settings/><con:testStep type="request" id="7a7d48c0-3f05-4488-ace0-4dd35f0cae3a" name="testcase3 - Test - LB - Request"><con:settings/><con:config xsi:type="con:RequestStep" xmlns:xsi="http://www.w3.org/2001/XMLSchema-instance"><con:interface>AccessManagerServiceHTTPBinding</con:interface><con:operation>getOrganisationDenomination</con:operation><con:request name="testcase3 - Test - LB - Request" id="fdaab459-f868-4c4d-bae2-1ebc7f31b174" outgoingWss="Outflow TEST"><con:settings/><con:encoding>UTF-8</con:encoding><con:endpoint>https://esb-security-gw.sta.srv.cirb.lan:8443/services/AccessManagerService_v1.0</con:endpoint><con:request><![CDATA[<soapenv:Envelope xmlns:soapenv="http://schemas.xmlsoap.org/soap/envelope/" xmlns:v1="http://fidus.brussels/service/accessmanagerservice/messages/v1" xmlns:v11="http://fidus.brussels/type/common/messages/v1" xmlns:v31="http://socialsecurity.be/umanentityrepresentative/types/v3">
   <soapenv:Header/>
   <soapenv:Body>
      <v1:getOrganisationDenominationRequest>
         <v1:messageContext>
         	  <v11:messageId>${=import static java.util.UUID.randomUUID; uuid = randomUUID() as String}</v11:messageId>
            <v11:timestamp>${=new java.text.SimpleDateFormat("yyyy-MM-dd'T'HH:mm:ss.SSS").format(new Date())}</v11:timestamp>
         </v1:messageContext>
         <v1:legalContext>ServiceIntegrator</v1:legalContext>
         <v1:request>
            <v1:Domain>QUAL_FED_HEALTHCARE</v1:Domain>
            <v1:OrganisationId>
               <v31:Identifier>1990000431</v31:Identifier>
               <v31:IdentifierType>BEEHP</v31:IdentifierType>
            </v1:OrganisationId>
            <v1:Language>nl</v1:Language>
         </v1:request>
      </v1:getOrganisationDenominationRequest>
   </soapenv:Body>
</soapenv:Envelope>]]></con:request><con:assertion type="SOAP Fault Assertion" id="333e7a8a-babb-4bab-b901-9e81a030da2f" name="Not SOAP Fault"/><con:assertion type="SOAP Response" id="0cba95c1-5126-4a6e-8734-2b9a5c5ca37b" name="SOAP Response"/><con:assertion type="Schema Compliance" id="3298242a-e612-4742-84de-31597e4bc95d" name="Schema Compliance"><con:configuration/></con:assertion><con:wsaConfig action="http://fidus.brussels/services/accessmanagerservice/getOrganisationDenomination"/></con:request></con:config></con:testStep><con:testStep type="request" id="7d536ced-afe1-4743-8b7e-5ff4f0aa0140" name="testcase3 - Test - Worker1 - Request"><con:settings/><con:config xsi:type="con:RequestStep" xmlns:xsi="http://www.w3.org/2001/XMLSchema-instance"><con:interface>AccessManagerServiceHTTPBinding</con:interface><con:operation>getOrganisationDenomination</con:operation><con:request name="testcase3 - Test - Worker1 - Request" id="168e3acb-831e-403e-893f-79431ed460fb" outgoingWss="Outflow TEST"><con:settings/><con:encoding>UTF-8</con:encoding><con:endpoint>https://192.168.24.45:8443/services/AccessManagerService_v1.0</con:endpoint><con:request><![CDATA[<soapenv:Envelope xmlns:soapenv="http://schemas.xmlsoap.org/soap/envelope/" xmlns:v1="http://fidus.brussels/service/accessmanagerservice/messages/v1" xmlns:v11="http://fidus.brussels/type/common/messages/v1" xmlns:v31="http://socialsecurity.be/umanentityrepresentative/types/v3">
   <soapenv:Header/>
   <soapenv:Body>
      <v1:getOrganisationDenominationRequest>
         <v1:messageContext>
         	  <v11:messageId>${=import static java.util.UUID.randomUUID; uuid = randomUUID() as String}</v11:messageId>
            <v11:timestamp>${=new java.text.SimpleDateFormat("yyyy-MM-dd'T'HH:mm:ss.SSS").format(new Date())}</v11:timestamp>
         </v1:messageContext>
         <v1:legalContext>ServiceIntegrator</v1:legalContext>
         <v1:request>
            <v1:Domain>QUAL_FED_HEALTHCARE</v1:Domain>
            <v1:OrganisationId>
               <v31:Identifier>1990000431</v31:Identifier>
               <v31:IdentifierType>BEEHP</v31:IdentifierType>
            </v1:OrganisationId>
            <v1:Language>nl</v1:Language>
         </v1:request>
      </v1:getOrganisationDenominationRequest>
   </soapenv:Body>
</soapenv:Envelope>]]></con:request><con:assertion type="SOAP Fault Assertion" id="1c5ea843-be4b-494a-a223-bb2e192498b6" name="Not SOAP Fault"/><con:assertion type="SOAP Response" id="b1fb5d44-f489-4024-be56-eedbd83dcd66" name="SOAP Response"/><con:assertion type="Schema Compliance" id="f0a68d56-fd1f-48db-a40a-b641271d5a14" name="Schema Compliance"><con:configuration/></con:assertion><con:wsaConfig action="http://fidus.brussels/services/accessmanagerservice/getOrganisationDenomination"/></con:request></con:config></con:testStep><con:testStep type="request" id="00fecf66-3bb5-4f66-a659-e482fb978f9f" name="testcase3 - Test - Worker2 - Request"><con:settings/><con:config xsi:type="con:RequestStep" xmlns:xsi="http://www.w3.org/2001/XMLSchema-instance"><con:interface>AccessManagerServiceHTTPBinding</con:interface><con:operation>getOrganisationDenomination</con:operation><con:request name="testcase3 - Test - Worker2 - Request" id="28a16efc-9c93-42e8-9d67-c6ba73217e42" outgoingWss="Outflow TEST"><con:settings/><con:encoding>UTF-8</con:encoding><con:endpoint>https://192.168.24.51:8443/services/AccessManagerService_v1.0</con:endpoint><con:request><![CDATA[<soapenv:Envelope xmlns:soapenv="http://schemas.xmlsoap.org/soap/envelope/" xmlns:v1="http://fidus.brussels/service/accessmanagerservice/messages/v1" xmlns:v11="http://fidus.brussels/type/common/messages/v1" xmlns:v31="http://socialsecurity.be/umanentityrepresentative/types/v3">
   <soapenv:Header/>
   <soapenv:Body>
      <v1:getOrganisationDenominationRequest>
         <v1:messageContext>
         	  <v11:messageId>${=import static java.util.UUID.randomUUID; uuid = randomUUID() as String}</v11:messageId>
            <v11:timestamp>${=new java.text.SimpleDateFormat("yyyy-MM-dd'T'HH:mm:ss.SSS").format(new Date())}</v11:timestamp>
         </v1:messageContext>
         <v1:legalContext>ServiceIntegrator</v1:legalContext>
         <v1:request>
            <v1:Domain>QUAL_FED_HEALTHCARE</v1:Domain>
            <v1:OrganisationId>
               <v31:Identifier>1990000431</v31:Identifier>
               <v31:IdentifierType>BEEHP</v31:IdentifierType>
            </v1:OrganisationId>
            <v1:Language>nl</v1:Language>
         </v1:request>
      </v1:getOrganisationDenominationRequest>
   </soapenv:Body>
</soapenv:Envelope>]]></con:request><con:assertion type="SOAP Fault Assertion" id="318109c3-a1ea-4ddc-89bd-32aebf6ede1a" name="Not SOAP Fault"/><con:assertion type="SOAP Response" id="0c52c061-0165-4a8f-96e2-2cd1b307cf95" name="SOAP Response"/><con:assertion type="Schema Compliance" id="1b9bce39-33b6-44c4-b12e-cf6dff3904f9" name="Schema Compliance"><con:configuration/></con:assertion><con:wsaConfig action="http://fidus.brussels/services/accessmanagerservice/getOrganisationDenomination"/></con:request></con:config></con:testStep><con:testStep type="request" id="ba53c7ce-28d0-46e9-ad47-9f350d6881ab" name="testcase3 - Test - Worker1New - Request"><con:settings/><con:config xsi:type="con:RequestStep" xmlns:xsi="http://www.w3.org/2001/XMLSchema-instance"><con:interface>AccessManagerServiceHTTPBinding</con:interface><con:operation>getOrganisationDenomination</con:operation><con:request name="testcase3 - Test - Worker1New - Request" id="d587412f-e4a8-40f1-b0c2-ba9d6ba1830f" outgoingWss="Outflow TEST"><con:settings/><con:encoding>UTF-8</con:encoding><con:endpoint>https://192.168.24.45:8443/services/AccessManagerService_v1.0</con:endpoint><con:request><![CDATA[<soapenv:Envelope xmlns:soapenv="http://schemas.xmlsoap.org/soap/envelope/" xmlns:v1="http://fidus.brussels/service/accessmanagerservice/messages/v1" xmlns:v11="http://fidus.brussels/type/common/messages/v1" xmlns:v31="http://socialsecurity.be/umanentityrepresentative/types/v3">
   <soapenv:Header/>
   <soapenv:Body>
      <v1:getOrganisationDenominationRequest>
         <v1:messageContext>
         	  <v11:messageId>${=import static java.util.UUID.randomUUID; uuid = randomUUID() as String}</v11:messageId>
            <v11:timestamp>${=new java.text.SimpleDateFormat("yyyy-MM-dd'T'HH:mm:ss.SSS").format(new Date())}</v11:timestamp>
         </v1:messageContext>
         <v1:legalContext>ServiceIntegrator</v1:legalContext>
         <v1:request>
            <v1:Domain>QUAL_FED_HEALTHCARE</v1:Domain>
            <v1:OrganisationId>
               <v31:Identifier>1990000431</v31:Identifier>
               <v31:IdentifierType>BEEHP</v31:IdentifierType>
            </v1:OrganisationId>
            <v1:Language>nl</v1:Language>
         </v1:request>
      </v1:getOrganisationDenominationRequest>
   </soapenv:Body>
</soapenv:Envelope>]]></con:request><con:assertion type="SOAP Fault Assertion" id="eeebe378-ab48-4780-b605-74a9346f51bc" name="Not SOAP Fault"/><con:assertion type="SOAP Response" id="67d7c874-59ff-438c-9a32-054dd9643b7a" name="SOAP Response"/><con:assertion type="Schema Compliance" id="707f2321-1c43-4f70-bf63-cd371a4c72fe" name="Schema Compliance"><con:configuration/></con:assertion><con:wsaConfig action="http://fidus.brussels/services/accessmanagerservice/getOrganisationDenomination"/></con:request></con:config></con:testStep><con:testStep type="request" id="f03dd52d-af55-4738-90d8-99ecdc39332c" name="testcase3 - Test - Worker2New - Request"><con:settings/><con:config xsi:type="con:RequestStep" xmlns:xsi="http://www.w3.org/2001/XMLSchema-instance"><con:interface>AccessManagerServiceHTTPBinding</con:interface><con:operation>getOrganisationDenomination</con:operation><con:request name="testcase3 - Test - Worker2New - Request" id="a6dab9dc-a217-405d-a794-260e8926e55d" outgoingWss="Outflow TEST"><con:settings/><con:encoding>UTF-8</con:encoding><con:endpoint>https://192.168.24.51:8443/services/AccessManagerService_v1.0</con:endpoint><con:request><![CDATA[<soapenv:Envelope xmlns:soapenv="http://schemas.xmlsoap.org/soap/envelope/" xmlns:v1="http://fidus.brussels/service/accessmanagerservice/messages/v1" xmlns:v11="http://fidus.brussels/type/common/messages/v1" xmlns:v31="http://socialsecurity.be/umanentityrepresentative/types/v3">
   <soapenv:Header/>
   <soapenv:Body>
      <v1:getOrganisationDenominationRequest>
         <v1:messageContext>
         	  <v11:messageId>${=import static java.util.UUID.randomUUID; uuid = randomUUID() as String}</v11:messageId>
            <v11:timestamp>${=new java.text.SimpleDateFormat("yyyy-MM-dd'T'HH:mm:ss.SSS").format(new Date())}</v11:timestamp>
         </v1:messageContext>
         <v1:legalContext>ServiceIntegrator</v1:legalContext>
         <v1:request>
            <v1:Domain>QUAL_FED_HEALTHCARE</v1:Domain>
            <v1:OrganisationId>
               <v31:Identifier>1990000431</v31:Identifier>
               <v31:IdentifierType>BEEHP</v31:IdentifierType>
            </v1:OrganisationId>
            <v1:Language>nl</v1:Language>
         </v1:request>
      </v1:getOrganisationDenominationRequest>
   </soapenv:Body>
</soapenv:Envelope>]]></con:request><con:assertion type="SOAP Fault Assertion" id="29256a66-60a8-43ee-b84c-49afbce56ce5" name="Not SOAP Fault"/><con:assertion type="SOAP Response" id="077885df-f742-4746-882d-16f818068149" name="SOAP Response"/><con:assertion type="Schema Compliance" id="aa39513f-a571-48ee-8492-bd948662236a" name="Schema Compliance"><con:configuration/></con:assertion><con:wsaConfig action="http://fidus.brussels/services/accessmanagerservice/getOrganisationDenomination"/></con:request></con:config></con:testStep><con:testStep type="request" id="1117792a-2700-463c-a4e8-17c110839b8a" name="testcase3 - Test - External - Request"><con:settings/><con:config xsi:type="con:RequestStep" xmlns:xsi="http://www.w3.org/2001/XMLSchema-instance"><con:interface>AccessManagerServiceHTTPBinding</con:interface><con:operation>getOrganisationDenomination</con:operation><con:request name="testcase3 - Test - External - Request" id="e77d892a-ff36-4041-9195-5dbd6b03a6f0" outgoingWss="Outflow TEST"><con:settings/><con:encoding>UTF-8</con:encoding><con:endpoint>https://fidus-test.irisnetlab.be/services/AccessManagerService_v1.0</con:endpoint><con:request><![CDATA[<soapenv:Envelope xmlns:soapenv="http://schemas.xmlsoap.org/soap/envelope/" xmlns:v1="http://fidus.brussels/service/accessmanagerservice/messages/v1" xmlns:v11="http://fidus.brussels/type/common/messages/v1" xmlns:v31="http://socialsecurity.be/umanentityrepresentative/types/v3">
   <soapenv:Header/>
   <soapenv:Body>
      <v1:getOrganisationDenominationRequest>
         <v1:messageContext>
         	  <v11:messageId>${=import static java.util.UUID.randomUUID; uuid = randomUUID() as String}</v11:messageId>
            <v11:timestamp>${=new java.text.SimpleDateFormat("yyyy-MM-dd'T'HH:mm:ss.SSS").format(new Date())}</v11:timestamp>
         </v1:messageContext>
         <v1:legalContext>ServiceIntegrator</v1:legalContext>
         <v1:request>
            <v1:Domain>QUAL_FED_HEALTHCARE</v1:Domain>
            <v1:OrganisationId>
               <v31:Identifier>1990000431</v31:Identifier>
               <v31:IdentifierType>BEEHP</v31:IdentifierType>
            </v1:OrganisationId>
            <v1:Language>nl</v1:Language>
         </v1:request>
      </v1:getOrganisationDenominationRequest>
   </soapenv:Body>
</soapenv:Envelope>]]></con:request><con:assertion type="SOAP Fault Assertion" id="e9293648-3076-4e14-806d-0bef6deccecc" name="Not SOAP Fault"/><con:assertion type="SOAP Response" id="e5f8fdbf-1084-4c10-af02-222f81fff221" name="SOAP Response"/><con:assertion type="Schema Compliance" id="e9bc4fe5-c771-4300-a107-377db6eb5a16" name="Schema Compliance"><con:configuration/></con:assertion><con:wsaConfig action="http://fidus.brussels/services/accessmanagerservice/getOrganisationDenomination"/></con:request></con:config></con:testStep><con:properties/></con:testCase><con:testCase id="a22e0028-5b78-4bfc-8897-8a23c57b612f" failOnError="true" failTestCaseOnErrors="true" keepSession="false" maxResults="0" name="getOrganisationParentNodes" searchProperties="true"><con:settings/><con:testStep type="request" id="08d9e8bb-7c1f-4d87-a14c-e101454aa28d" name="testcase3 - Test - LB - Request"><con:settings/><con:config xsi:type="con:RequestStep" xmlns:xsi="http://www.w3.org/2001/XMLSchema-instance"><con:interface>AccessManagerServiceHTTPBinding</con:interface><con:operation>getOrganisationParentNodes</con:operation><con:request name="testcase3 - Test - LB - Request" id="269f7ac1-5620-4e1e-9fb2-cbc76843fe34" outgoingWss="Outflow TEST"><con:settings/><con:encoding>UTF-8</con:encoding><con:endpoint>https://esb-security-gw.sta.srv.cirb.lan:8443/services/AccessManagerService_v1.0</con:endpoint><con:request><![CDATA[<soapenv:Envelope xmlns:soapenv="http://schemas.xmlsoap.org/soap/envelope/" xmlns:v1="http://fidus.brussels/service/accessmanagerservice/messages/v1" xmlns:v11="http://fidus.brussels/type/common/messages/v1" xmlns:v31="http://socialsecurity.be/umanentityrepresentative/types/v3">
   <soapenv:Header/>
   <soapenv:Body>
      <v1:getOrganisationParentNodesRequest>
         <v1:messageContext>
         	  <v11:messageId>${=import static java.util.UUID.randomUUID; uuid = randomUUID() as String}</v11:messageId>
            <v11:timestamp>${=new java.text.SimpleDateFormat("yyyy-MM-dd'T'HH:mm:ss.SSS").format(new Date())}</v11:timestamp>
         </v1:messageContext>
         <v1:legalContext>ServiceIntegrator</v1:legalContext>
         <v1:request>
            <v1:Domain>QUAL_FED_HEALTHCARE</v1:Domain>
            <v1:OrganisationId>
               <v31:Identifier>1990000431</v31:Identifier>
               <v31:IdentifierType>BEEHP</v31:IdentifierType>
            </v1:OrganisationId>
            <v1:Language>nl</v1:Language>
         </v1:request>
      </v1:getOrganisationParentNodesRequest>
   </soapenv:Body>
</soapenv:Envelope>]]></con:request><con:assertion type="SOAP Fault Assertion" id="859a2abf-2d65-45fb-af3a-931570067ed8" name="Not SOAP Fault"/><con:assertion type="SOAP Response" id="7268ce87-311c-4b44-ae59-d977e3d6e313" name="SOAP Response"/><con:assertion type="Schema Compliance" id="f1bb1bc6-f7e4-46a4-9e4c-2559bd83094a" name="Schema Compliance"><con:configuration/></con:assertion><con:wsaConfig action="http://fidus.brussels/services/accessmanagerservice/getOrganisationParentNodes"/></con:request></con:config></con:testStep><con:testStep type="request" id="3b485013-7dbe-4a47-a3a2-96d15940fe9a" name="testcase3 - Test - Worker1 - Request"><con:settings/><con:config xsi:type="con:RequestStep" xmlns:xsi="http://www.w3.org/2001/XMLSchema-instance"><con:interface>AccessManagerServiceHTTPBinding</con:interface><con:operation>getOrganisationParentNodes</con:operation><con:request name="testcase3 - Test - Worker1 - Request" id="80c3e2fc-f2d4-4c89-8076-f19a126d0bf6" outgoingWss="Outflow TEST"><con:settings/><con:encoding>UTF-8</con:encoding><con:endpoint>https://192.168.24.45:8443/services/AccessManagerService_v1.0</con:endpoint><con:request><![CDATA[<soapenv:Envelope xmlns:soapenv="http://schemas.xmlsoap.org/soap/envelope/" xmlns:v1="http://fidus.brussels/service/accessmanagerservice/messages/v1" xmlns:v11="http://fidus.brussels/type/common/messages/v1" xmlns:v31="http://socialsecurity.be/umanentityrepresentative/types/v3">
   <soapenv:Header/>
   <soapenv:Body>
      <v1:getOrganisationParentNodesRequest>
         <v1:messageContext>
         	  <v11:messageId>${=import static java.util.UUID.randomUUID; uuid = randomUUID() as String}</v11:messageId>
            <v11:timestamp>${=new java.text.SimpleDateFormat("yyyy-MM-dd'T'HH:mm:ss.SSS").format(new Date())}</v11:timestamp>
         </v1:messageContext>
         <v1:legalContext>ServiceIntegrator</v1:legalContext>
         <v1:request>
            <v1:Domain>QUAL_FED_HEALTHCARE</v1:Domain>
            <v1:OrganisationId>
               <v31:Identifier>1990000431</v31:Identifier>
               <v31:IdentifierType>BEEHP</v31:IdentifierType>
            </v1:OrganisationId>
            <v1:Language>nl</v1:Language>
         </v1:request>
      </v1:getOrganisationParentNodesRequest>
   </soapenv:Body>
</soapenv:Envelope>]]></con:request><con:assertion type="SOAP Fault Assertion" id="b2075366-e7dc-496f-9783-fe907407f619" name="Not SOAP Fault"/><con:assertion type="SOAP Response" id="24702a60-f035-4f4a-9471-2ba144f1cae7" name="SOAP Response"/><con:assertion type="Schema Compliance" id="34a3984e-e958-4f72-83e1-51dce4f08a1a" name="Schema Compliance"><con:configuration/></con:assertion><con:wsaConfig action="http://fidus.brussels/services/accessmanagerservice/getOrganisationParentNodes"/></con:request></con:config></con:testStep><con:testStep type="request" id="c67d74bb-619e-46fa-93fc-e63dd8173329" name="testcase3 - Test - Worker2 - Request"><con:settings/><con:config xsi:type="con:RequestStep" xmlns:xsi="http://www.w3.org/2001/XMLSchema-instance"><con:interface>AccessManagerServiceHTTPBinding</con:interface><con:operation>getOrganisationParentNodes</con:operation><con:request name="testcase3 - Test - Worker2 - Request" id="f8c55e7a-2d78-4ee0-87aa-a977cc69909f" outgoingWss="Outflow TEST"><con:settings/><con:encoding>UTF-8</con:encoding><con:endpoint>https://192.168.24.51:8443/services/AccessManagerService_v1.0</con:endpoint><con:request><![CDATA[<soapenv:Envelope xmlns:soapenv="http://schemas.xmlsoap.org/soap/envelope/" xmlns:v1="http://fidus.brussels/service/accessmanagerservice/messages/v1" xmlns:v11="http://fidus.brussels/type/common/messages/v1" xmlns:v31="http://socialsecurity.be/umanentityrepresentative/types/v3">
   <soapenv:Header/>
   <soapenv:Body>
      <v1:getOrganisationParentNodesRequest>
         <v1:messageContext>
         	  <v11:messageId>${=import static java.util.UUID.randomUUID; uuid = randomUUID() as String}</v11:messageId>
            <v11:timestamp>${=new java.text.SimpleDateFormat("yyyy-MM-dd'T'HH:mm:ss.SSS").format(new Date())}</v11:timestamp>
         </v1:messageContext>
         <v1:legalContext>ServiceIntegrator</v1:legalContext>
         <v1:request>
            <v1:Domain>QUAL_FED_HEALTHCARE</v1:Domain>
            <v1:OrganisationId>
               <v31:Identifier>1990000431</v31:Identifier>
               <v31:IdentifierType>BEEHP</v31:IdentifierType>
            </v1:OrganisationId>
            <v1:Language>nl</v1:Language>
         </v1:request>
      </v1:getOrganisationParentNodesRequest>
   </soapenv:Body>
</soapenv:Envelope>]]></con:request><con:assertion type="SOAP Fault Assertion" id="91c6d6d4-65b3-4405-b6ba-bb5609255fac" name="Not SOAP Fault"/><con:assertion type="SOAP Response" id="5e075b4d-1425-400e-9469-dc57a2f2280a" name="SOAP Response"/><con:assertion type="Schema Compliance" id="834a05a3-6b7f-4b28-9b7f-7e56acc2c764" name="Schema Compliance"><con:configuration/></con:assertion><con:wsaConfig action="http://fidus.brussels/services/accessmanagerservice/getOrganisationParentNodes"/></con:request></con:config></con:testStep><con:testStep type="request" id="5966aeea-11ef-4520-8fc0-d52fccfcab21" name="testcase3 - Test - Worker1New - Request"><con:settings/><con:config xsi:type="con:RequestStep" xmlns:xsi="http://www.w3.org/2001/XMLSchema-instance"><con:interface>AccessManagerServiceHTTPBinding</con:interface><con:operation>getOrganisationParentNodes</con:operation><con:request name="testcase3 - Test - Worker1New - Request" id="81051c28-69e5-4336-87b4-c60dc5c617dd" outgoingWss="Outflow TEST"><con:settings/><con:encoding>UTF-8</con:encoding><con:endpoint>https://192.168.24.45:8443/services/AccessManagerService_v1.0</con:endpoint><con:request><![CDATA[<soapenv:Envelope xmlns:soapenv="http://schemas.xmlsoap.org/soap/envelope/" xmlns:v1="http://fidus.brussels/service/accessmanagerservice/messages/v1" xmlns:v11="http://fidus.brussels/type/common/messages/v1" xmlns:v31="http://socialsecurity.be/umanentityrepresentative/types/v3">
   <soapenv:Header/>
   <soapenv:Body>
      <v1:getOrganisationParentNodesRequest>
         <v1:messageContext>
         	  <v11:messageId>${=import static java.util.UUID.randomUUID; uuid = randomUUID() as String}</v11:messageId>
            <v11:timestamp>${=new java.text.SimpleDateFormat("yyyy-MM-dd'T'HH:mm:ss.SSS").format(new Date())}</v11:timestamp>
         </v1:messageContext>
         <v1:legalContext>ServiceIntegrator</v1:legalContext>
         <v1:request>
            <v1:Domain>QUAL_FED_HEALTHCARE</v1:Domain>
            <v1:OrganisationId>
               <v31:Identifier>1990000431</v31:Identifier>
               <v31:IdentifierType>BEEHP</v31:IdentifierType>
            </v1:OrganisationId>
            <v1:Language>nl</v1:Language>
         </v1:request>
      </v1:getOrganisationParentNodesRequest>
   </soapenv:Body>
</soapenv:Envelope>]]></con:request><con:assertion type="SOAP Fault Assertion" id="5a8ed55c-f890-411b-9e3c-7a42bcbb56be" name="Not SOAP Fault"/><con:assertion type="SOAP Response" id="6083407f-b55a-4b91-9a47-ad5aba4a221a" name="SOAP Response"/><con:assertion type="Schema Compliance" id="9e4aeade-a8bc-46d9-9a6b-8e7cc74f5ee2" name="Schema Compliance"><con:configuration/></con:assertion><con:wsaConfig action="http://fidus.brussels/services/accessmanagerservice/getOrganisationParentNodes"/></con:request></con:config></con:testStep><con:testStep type="request" id="62afe0f4-5f54-4ea2-a62a-d951031acc68" name="testcase3 - Test - Worker2New - Request"><con:settings/><con:config xsi:type="con:RequestStep" xmlns:xsi="http://www.w3.org/2001/XMLSchema-instance"><con:interface>AccessManagerServiceHTTPBinding</con:interface><con:operation>getOrganisationParentNodes</con:operation><con:request name="testcase3 - Test - Worker2New - Request" id="0c8711b5-a4b1-415a-9003-87f203a7b76a" outgoingWss="Outflow TEST"><con:settings/><con:encoding>UTF-8</con:encoding><con:endpoint>https://192.168.24.51:8443/services/AccessManagerService_v1.0</con:endpoint><con:request><![CDATA[<soapenv:Envelope xmlns:soapenv="http://schemas.xmlsoap.org/soap/envelope/" xmlns:v1="http://fidus.brussels/service/accessmanagerservice/messages/v1" xmlns:v11="http://fidus.brussels/type/common/messages/v1" xmlns:v31="http://socialsecurity.be/umanentityrepresentative/types/v3">
   <soapenv:Header/>
   <soapenv:Body>
      <v1:getOrganisationParentNodesRequest>
         <v1:messageContext>
         	  <v11:messageId>${=import static java.util.UUID.randomUUID; uuid = randomUUID() as String}</v11:messageId>
            <v11:timestamp>${=new java.text.SimpleDateFormat("yyyy-MM-dd'T'HH:mm:ss.SSS").format(new Date())}</v11:timestamp>
         </v1:messageContext>
         <v1:legalContext>ServiceIntegrator</v1:legalContext>
         <v1:request>
            <v1:Domain>QUAL_FED_HEALTHCARE</v1:Domain>
            <v1:OrganisationId>
               <v31:Identifier>1990000431</v31:Identifier>
               <v31:IdentifierType>BEEHP</v31:IdentifierType>
            </v1:OrganisationId>
            <v1:Language>nl</v1:Language>
         </v1:request>
      </v1:getOrganisationParentNodesRequest>
   </soapenv:Body>
</soapenv:Envelope>]]></con:request><con:assertion type="SOAP Fault Assertion" id="5e9c7801-c91a-4b63-8a0c-859985831c01" name="Not SOAP Fault"/><con:assertion type="SOAP Response" id="8deb3d85-add9-4cd1-a477-eb8bbc12178d" name="SOAP Response"/><con:assertion type="Schema Compliance" id="f7108ffd-6791-4068-b627-09174b4deb80" name="Schema Compliance"><con:configuration/></con:assertion><con:wsaConfig action="http://fidus.brussels/services/accessmanagerservice/getOrganisationParentNodes"/></con:request></con:config></con:testStep><con:testStep type="request" id="0d9fb8b5-d904-4e6e-a906-0b644c8172ee" name="testcase3 - Test - External - Request"><con:settings/><con:config xsi:type="con:RequestStep" xmlns:xsi="http://www.w3.org/2001/XMLSchema-instance"><con:interface>AccessManagerServiceHTTPBinding</con:interface><con:operation>getOrganisationParentNodes</con:operation><con:request name="testcase3 - Test - External - Request" id="8c0416a4-c29d-4233-b2d5-ced53f03ff15" outgoingWss="Outflow TEST"><con:settings/><con:encoding>UTF-8</con:encoding><con:endpoint>https://fidus-test.irisnetlab.be/services/AccessManagerService_v1.0</con:endpoint><con:request><![CDATA[<soapenv:Envelope xmlns:soapenv="http://schemas.xmlsoap.org/soap/envelope/" xmlns:v1="http://fidus.brussels/service/accessmanagerservice/messages/v1" xmlns:v11="http://fidus.brussels/type/common/messages/v1" xmlns:v31="http://socialsecurity.be/umanentityrepresentative/types/v3">
   <soapenv:Header/>
   <soapenv:Body>
      <v1:getOrganisationParentNodesRequest>
         <v1:messageContext>
         	  <v11:messageId>${=import static java.util.UUID.randomUUID; uuid = randomUUID() as String}</v11:messageId>
            <v11:timestamp>${=new java.text.SimpleDateFormat("yyyy-MM-dd'T'HH:mm:ss.SSS").format(new Date())}</v11:timestamp>
         </v1:messageContext>
         <v1:legalContext>ServiceIntegrator</v1:legalContext>
         <v1:request>
            <v1:Domain>QUAL_FED_HEALTHCARE</v1:Domain>
            <v1:OrganisationId>
               <v31:Identifier>1990000431</v31:Identifier>
               <v31:IdentifierType>BEEHP</v31:IdentifierType>
            </v1:OrganisationId>
            <v1:Language>nl</v1:Language>
         </v1:request>
      </v1:getOrganisationParentNodesRequest>
   </soapenv:Body>
</soapenv:Envelope>]]></con:request><con:assertion type="SOAP Fault Assertion" id="fe53313b-8175-4e88-967f-195b82462135" name="Not SOAP Fault"/><con:assertion type="SOAP Response" id="c8e73810-bee1-4fde-86b3-d3b1c4f1cde2" name="SOAP Response"/><con:assertion type="Schema Compliance" id="eeae07eb-28d4-4640-9467-441220d64aea" name="Schema Compliance"><con:configuration/></con:assertion><con:wsaConfig action="http://fidus.brussels/services/accessmanagerservice/getOrganisationParentNodes"/></con:request></con:config></con:testStep><con:properties/></con:testCase><con:properties/></con:testSuite><con:testSuite id="e403e4fd-9c22-491a-8e14-043448e59888" name="STAG"><con:settings/><con:runType>SEQUENTIAL</con:runType><con:testCase id="147b7e6a-8372-46ea-b574-aa636f1515f2" failOnError="true" failTestCaseOnErrors="true" keepSession="false" maxResults="0" name="findRepresentativeRolesByINSS" searchProperties="true"><con:settings/><con:testStep type="request" id="5d90fd0d-cc8a-4a05-9160-15f8c6acd531" name="testcase4 - Staging - LB - Request"><con:settings/><con:config xsi:type="con:RequestStep" xmlns:xsi="http://www.w3.org/2001/XMLSchema-instance"><con:interface>AccessManagerServiceHTTPBinding</con:interface><con:operation>findRepresentativeRolesByINSS</con:operation><con:request name="testcase4 - Staging - LB - Request" id="2522945b-2846-4f98-9ecc-e57b642dd1bc" outgoingWss="Outflow STAG"><con:settings/><con:encoding>UTF-8</con:encoding><con:endpoint>https://fidus-esb-sg.sta.srv.cirb.lan:8443/services/AccessManagerService_v1.0</con:endpoint><con:request><![CDATA[<soapenv:Envelope xmlns:soapenv="http://schemas.xmlsoap.org/soap/envelope/" xmlns:v1="http://fidus.brussels/service/accessmanagerservice/messages/v1" xmlns:v11="http://fidus.brussels/type/common/messages/v1" xmlns:v3="http://socialsecurity.be/umanentityrepresentative/types/v3">
   <soapenv:Header/>
   <soapenv:Body>
      <v1:findRepresentativeRolesByINSSRequest>
         <v1:messageContext>
         	  <v11:messageId>${=import static java.util.UUID.randomUUID; uuid = randomUUID() as String}</v11:messageId>
            <v11:timestamp>${=new java.text.SimpleDateFormat("yyyy-MM-dd'T'HH:mm:ss.SSS").format(new Date())}</v11:timestamp>
         </v1:messageContext>
         <v1:legalContext>ServiceIntegrator</v1:legalContext>
         <v1:request>
            <v1:Domain>QUAL_FED_HEALTHCARE</v1:Domain>
            <v1:INSS>86051933959</v1:INSS>
            <v1:Language>nl</v1:Language>
         </v1:request>
      </v1:findRepresentativeRolesByINSSRequest>
   </soapenv:Body>
</soapenv:Envelope>]]></con:request><con:assertion type="SOAP Fault Assertion" id="52df3cc9-2f92-48ea-9888-931cc0cc75e4" name="Not SOAP Fault"/><con:assertion type="SOAP Response" id="f3736c6e-9b7e-4824-9990-d917be66f1d7" name="SOAP Response"/><con:assertion type="Schema Compliance" id="5459be5b-26f0-4da7-99b1-5eff703fafc0" name="Schema Compliance"><con:configuration/></con:assertion><con:wsaConfig action="http://fidus.brussels/services/accessmanagerservice/findRepresentativeRolesByINSS"/></con:request></con:config></con:testStep><con:testStep type="request" id="f869fbd0-1fde-4660-a4e2-2cfd11241424" name="testcase4 - Staging - Worker1 - Request"><con:settings/><con:config xsi:type="con:RequestStep" xmlns:xsi="http://www.w3.org/2001/XMLSchema-instance"><con:interface>AccessManagerServiceHTTPBinding</con:interface><con:operation>findRepresentativeRolesByINSS</con:operation><con:request name="testcase4 - Staging - Worker1 - Request" id="0e60aa20-f081-4c09-9f1e-da16c268bb36" outgoingWss="Outflow STAG"><con:settings/><con:encoding>UTF-8</con:encoding><con:endpoint>https://192.168.24.57:8443/services/AccessManagerService_v1.0</con:endpoint><con:request><![CDATA[<soapenv:Envelope xmlns:soapenv="http://schemas.xmlsoap.org/soap/envelope/" xmlns:v1="http://fidus.brussels/service/accessmanagerservice/messages/v1" xmlns:v11="http://fidus.brussels/type/common/messages/v1" xmlns:v3="http://socialsecurity.be/umanentityrepresentative/types/v3">
   <soapenv:Header/>
   <soapenv:Body>
      <v1:findRepresentativeRolesByINSSRequest>
         <v1:messageContext>
         	  <v11:messageId>${=import static java.util.UUID.randomUUID; uuid = randomUUID() as String}</v11:messageId>
            <v11:timestamp>${=new java.text.SimpleDateFormat("yyyy-MM-dd'T'HH:mm:ss.SSS").format(new Date())}</v11:timestamp>
         </v1:messageContext>
         <v1:legalContext>ServiceIntegrator</v1:legalContext>
         <v1:request>
            <v1:Domain>QUAL_FED_HEALTHCARE</v1:Domain>
            <v1:INSS>86051933959</v1:INSS>
            <v1:Language>nl</v1:Language>
         </v1:request>
      </v1:findRepresentativeRolesByINSSRequest>
   </soapenv:Body>
</soapenv:Envelope>]]></con:request><con:assertion type="SOAP Fault Assertion" id="de06b4ae-a120-434a-8458-1d9d667a0283" name="Not SOAP Fault"/><con:assertion type="SOAP Response" id="aa6faeda-2801-4439-bbd9-07a13b9e5e9b" name="SOAP Response"/><con:assertion type="Schema Compliance" id="647d3f99-ac5d-491a-b056-0c247f1c12a7" name="Schema Compliance"><con:configuration/></con:assertion><con:wsaConfig action="http://fidus.brussels/services/accessmanagerservice/findRepresentativeRolesByINSS"/></con:request></con:config></con:testStep><con:testStep type="request" id="83d15d20-75aa-4b81-9c60-1af28479ecb1" name="testcase4 - Staging - Worker2 - Request"><con:settings/><con:config xsi:type="con:RequestStep" xmlns:xsi="http://www.w3.org/2001/XMLSchema-instance"><con:interface>AccessManagerServiceHTTPBinding</con:interface><con:operation>findRepresentativeRolesByINSS</con:operation><con:request name="testcase4 - Staging - Worker2 - Request" id="5e97c7b6-ce0e-4dc9-9aac-260c77f94c14" outgoingWss="Outflow STAG"><con:settings/><con:encoding>UTF-8</con:encoding><con:endpoint>https://192.168.24.64:8443/services/AccessManagerService_v1.0</con:endpoint><con:request><![CDATA[<soapenv:Envelope xmlns:soapenv="http://schemas.xmlsoap.org/soap/envelope/" xmlns:v1="http://fidus.brussels/service/accessmanagerservice/messages/v1" xmlns:v11="http://fidus.brussels/type/common/messages/v1" xmlns:v3="http://socialsecurity.be/umanentityrepresentative/types/v3">
   <soapenv:Header/>
   <soapenv:Body>
      <v1:findRepresentativeRolesByINSSRequest>
         <v1:messageContext>
         	  <v11:messageId>${=import static java.util.UUID.randomUUID; uuid = randomUUID() as String}</v11:messageId>
            <v11:timestamp>${=new java.text.SimpleDateFormat("yyyy-MM-dd'T'HH:mm:ss.SSS").format(new Date())}</v11:timestamp>
         </v1:messageContext>
         <v1:legalContext>ServiceIntegrator</v1:legalContext>
         <v1:request>
            <v1:Domain>QUAL_FED_HEALTHCARE</v1:Domain>
            <v1:INSS>86051933959</v1:INSS>
            <v1:Language>nl</v1:Language>
         </v1:request>
      </v1:findRepresentativeRolesByINSSRequest>
   </soapenv:Body>
</soapenv:Envelope>]]></con:request><con:assertion type="SOAP Fault Assertion" id="8f1daddb-7620-4252-b8cf-4a8fd30b2ae3" name="Not SOAP Fault"/><con:assertion type="SOAP Response" id="6a62523f-8a73-47db-9b70-a86bf2fe3c0b" name="SOAP Response"/><con:assertion type="Schema Compliance" id="c1fc55c3-5c9e-449e-bd17-352b16b9a679" name="Schema Compliance"><con:configuration/></con:assertion><con:wsaConfig action="http://fidus.brussels/services/accessmanagerservice/findRepresentativeRolesByINSS"/></con:request></con:config></con:testStep><con:testStep type="request" id="cbcf6bd9-92bd-444f-ae45-f82966ef227d" name="testcase4 - Staging - Worker1New - Request"><con:settings/><con:config xsi:type="con:RequestStep" xmlns:xsi="http://www.w3.org/2001/XMLSchema-instance"><con:interface>AccessManagerServiceHTTPBinding</con:interface><con:operation>findRepresentativeRolesByINSS</con:operation><con:request name="testcase4 - Staging - Worker1New - Request" id="03c25581-4c18-4b7c-9c4d-6781e25f72c6" outgoingWss="Outflow STAG"><con:settings/><con:encoding>UTF-8</con:encoding><con:endpoint>https://192.168.24.57:8443/services/AccessManagerService_v1.0</con:endpoint><con:request><![CDATA[<soapenv:Envelope xmlns:soapenv="http://schemas.xmlsoap.org/soap/envelope/" xmlns:v1="http://fidus.brussels/service/accessmanagerservice/messages/v1" xmlns:v11="http://fidus.brussels/type/common/messages/v1" xmlns:v3="http://socialsecurity.be/umanentityrepresentative/types/v3">
   <soapenv:Header/>
   <soapenv:Body>
      <v1:findRepresentativeRolesByINSSRequest>
         <v1:messageContext>
         	  <v11:messageId>${=import static java.util.UUID.randomUUID; uuid = randomUUID() as String}</v11:messageId>
            <v11:timestamp>${=new java.text.SimpleDateFormat("yyyy-MM-dd'T'HH:mm:ss.SSS").format(new Date())}</v11:timestamp>
         </v1:messageContext>
         <v1:legalContext>ServiceIntegrator</v1:legalContext>
         <v1:request>
            <v1:Domain>QUAL_FED_HEALTHCARE</v1:Domain>
            <v1:INSS>86051933959</v1:INSS>
            <v1:Language>nl</v1:Language>
         </v1:request>
      </v1:findRepresentativeRolesByINSSRequest>
   </soapenv:Body>
</soapenv:Envelope>]]></con:request><con:assertion type="SOAP Fault Assertion" id="088962c5-4319-4c41-ac78-03adbe04a38d" name="Not SOAP Fault"/><con:assertion type="SOAP Response" id="02b6df00-3887-49ca-9072-001a420e4b68" name="SOAP Response"/><con:assertion type="Schema Compliance" id="ac04105f-9ee6-4282-b00c-29ee3f480264" name="Schema Compliance"><con:configuration/></con:assertion><con:wsaConfig action="http://fidus.brussels/services/accessmanagerservice/findRepresentativeRolesByINSS"/></con:request></con:config></con:testStep><con:testStep type="request" id="7b3e0116-ada0-4112-8ca6-d32375ecfcd8" name="testcase4 - Staging - Worker2New - Request"><con:settings/><con:config xsi:type="con:RequestStep" xmlns:xsi="http://www.w3.org/2001/XMLSchema-instance"><con:interface>AccessManagerServiceHTTPBinding</con:interface><con:operation>findRepresentativeRolesByINSS</con:operation><con:request name="testcase4 - Staging - Worker2New - Request" id="c848c7e9-b35a-4dc1-85cf-b54eb6e97c2a" outgoingWss="Outflow STAG"><con:settings/><con:encoding>UTF-8</con:encoding><con:endpoint>https://192.168.24.64:8443/services/AccessManagerService_v1.0</con:endpoint><con:request><![CDATA[<soapenv:Envelope xmlns:soapenv="http://schemas.xmlsoap.org/soap/envelope/" xmlns:v1="http://fidus.brussels/service/accessmanagerservice/messages/v1" xmlns:v11="http://fidus.brussels/type/common/messages/v1" xmlns:v3="http://socialsecurity.be/umanentityrepresentative/types/v3">
   <soapenv:Header/>
   <soapenv:Body>
      <v1:findRepresentativeRolesByINSSRequest>
         <v1:messageContext>
         	  <v11:messageId>${=import static java.util.UUID.randomUUID; uuid = randomUUID() as String}</v11:messageId>
            <v11:timestamp>${=new java.text.SimpleDateFormat("yyyy-MM-dd'T'HH:mm:ss.SSS").format(new Date())}</v11:timestamp>
         </v1:messageContext>
         <v1:legalContext>ServiceIntegrator</v1:legalContext>
         <v1:request>
            <v1:Domain>QUAL_FED_HEALTHCARE</v1:Domain>
            <v1:INSS>86051933959</v1:INSS>
            <v1:Language>nl</v1:Language>
         </v1:request>
      </v1:findRepresentativeRolesByINSSRequest>
   </soapenv:Body>
</soapenv:Envelope>]]></con:request><con:assertion type="SOAP Fault Assertion" id="3fdf5201-34c2-408b-919e-0e20d49a50c5" name="Not SOAP Fault"/><con:assertion type="SOAP Response" id="137aef72-cfc6-4a1e-8268-83ea48fea65a" name="SOAP Response"/><con:assertion type="Schema Compliance" id="cf5254a8-ac37-4c56-a7e1-739eaed2ccda" name="Schema Compliance"><con:configuration/></con:assertion><con:wsaConfig action="http://fidus.brussels/services/accessmanagerservice/findRepresentativeRolesByINSS"/></con:request></con:config></con:testStep><con:testStep type="request" id="bd043d6f-a9cb-4c8e-960e-ef893497a393" name="testcase4 - Staging - External - Request"><con:settings/><con:config xsi:type="con:RequestStep" xmlns:xsi="http://www.w3.org/2001/XMLSchema-instance"><con:interface>AccessManagerServiceHTTPBinding</con:interface><con:operation>findRepresentativeRolesByINSS</con:operation><con:request name="testcase4 - Staging - External - Request" id="00d18167-1933-4cf2-b440-40a20a252ec8" outgoingWss="Outflow STAG"><con:settings/><con:encoding>UTF-8</con:encoding><con:endpoint>https://fidus.irisnetlab.be/services/AccessManagerService_v1.0</con:endpoint><con:request><![CDATA[<soapenv:Envelope xmlns:soapenv="http://schemas.xmlsoap.org/soap/envelope/" xmlns:v1="http://fidus.brussels/service/accessmanagerservice/messages/v1" xmlns:v11="http://fidus.brussels/type/common/messages/v1" xmlns:v3="http://socialsecurity.be/umanentityrepresentative/types/v3">
   <soapenv:Header/>
   <soapenv:Body>
      <v1:findRepresentativeRolesByINSSRequest>
         <v1:messageContext>
         	  <v11:messageId>${=import static java.util.UUID.randomUUID; uuid = randomUUID() as String}</v11:messageId>
            <v11:timestamp>${=new java.text.SimpleDateFormat("yyyy-MM-dd'T'HH:mm:ss.SSS").format(new Date())}</v11:timestamp>
         </v1:messageContext>
         <v1:legalContext>ServiceIntegrator</v1:legalContext>
         <v1:request>
            <v1:Domain>QUAL_FED_HEALTHCARE</v1:Domain>
            <v1:INSS>86051933959</v1:INSS>
            <v1:Language>nl</v1:Language>
         </v1:request>
      </v1:findRepresentativeRolesByINSSRequest>
   </soapenv:Body>
</soapenv:Envelope>]]></con:request><con:assertion type="SOAP Fault Assertion" id="5ecb5a57-e533-4c6a-90b4-c376cddd57af" name="Not SOAP Fault"/><con:assertion type="SOAP Response" id="925b6213-31f4-42cf-b1c7-5e6f67f72f24" name="SOAP Response"/><con:assertion type="Schema Compliance" id="e893d257-1da4-49c1-93e2-da74ca62a1fa" name="Schema Compliance"><con:configuration/></con:assertion><con:wsaConfig action="http://fidus.brussels/services/accessmanagerservice/findRepresentativeRolesByINSS"/></con:request></con:config></con:testStep><con:properties/></con:testCase><con:testCase id="cbc6871d-92e8-466f-a37d-246366e7e7ec" failOnError="true" failTestCaseOnErrors="true" keepSession="false" maxResults="0" name="getDomain" searchProperties="true"><con:settings/><con:testStep type="request" id="e176d150-1293-4a87-a8c6-03a21465229f" name="testcase4 - Staging - LB - Request"><con:settings/><con:config xsi:type="con:RequestStep" xmlns:xsi="http://www.w3.org/2001/XMLSchema-instance"><con:interface>AccessManagerServiceHTTPBinding</con:interface><con:operation>getDomain</con:operation><con:request name="testcase4 - Staging - LB - Request" id="84a7e61f-cded-4e27-b707-7b459e081bd6" outgoingWss="Outflow STAG"><con:settings/><con:encoding>UTF-8</con:encoding><con:endpoint>https://fidus-esb-sg.sta.srv.cirb.lan:8443/services/AccessManagerService_v1.0</con:endpoint><con:request><![CDATA[<soapenv:Envelope xmlns:soapenv="http://schemas.xmlsoap.org/soap/envelope/" xmlns:v1="http://fidus.brussels/service/accessmanagerservice/messages/v1" xmlns:v11="http://fidus.brussels/type/common/messages/v1" >
   <soapenv:Header/>
   <soapenv:Body>
      <v1:getDomainRequest>
         <v1:messageContext>
         	  <v11:messageId>${=import static java.util.UUID.randomUUID; uuid = randomUUID() as String}</v11:messageId>
            <v11:timestamp>${=new java.text.SimpleDateFormat("yyyy-MM-dd'T'HH:mm:ss.SSS").format(new Date())}</v11:timestamp>
         </v1:messageContext>
         <v1:legalContext>ServiceIntegrator</v1:legalContext>
         <v1:request>
         	  <v1:Domain>FINANCE</v1:Domain>
            <v1:Language>fr</v1:Language>
         </v1:request>
      </v1:getDomainRequest>
   </soapenv:Body>
</soapenv:Envelope>]]></con:request><con:assertion type="SOAP Fault Assertion" id="2b6a6fbc-551e-40be-9188-1e262a78c60e" name="Not SOAP Fault"/><con:assertion type="SOAP Response" id="8c3c3649-f6b9-4d1b-8a06-76d3333a99f1" name="SOAP Response"/><con:assertion type="Schema Compliance" id="805ad153-dd53-4119-857d-c5f126cde2e7" name="Schema Compliance"><con:configuration/></con:assertion><con:wsaConfig action="http://fidus.brussels/services/accessmanagerservice/getDomain"/></con:request></con:config></con:testStep><con:testStep type="request" id="dbce319e-20cf-4433-b365-8a0fb7b4dda8" name="testcase4 - Staging - Worker1 - Request"><con:settings/><con:config xsi:type="con:RequestStep" xmlns:xsi="http://www.w3.org/2001/XMLSchema-instance"><con:interface>AccessManagerServiceHTTPBinding</con:interface><con:operation>getDomain</con:operation><con:request name="testcase4 - Staging - Worker1 - Request" id="e24da43a-3c03-4f55-8738-085a19f3e39d" outgoingWss="Outflow STAG"><con:settings/><con:encoding>UTF-8</con:encoding><con:endpoint>https://192.168.24.57:8443/services/AccessManagerService_v1.0</con:endpoint><con:request><![CDATA[<soapenv:Envelope xmlns:soapenv="http://schemas.xmlsoap.org/soap/envelope/" xmlns:v1="http://fidus.brussels/service/accessmanagerservice/messages/v1" xmlns:v11="http://fidus.brussels/type/common/messages/v1" >
   <soapenv:Header/>
   <soapenv:Body>
      <v1:getDomainRequest>
         <v1:messageContext>
         	  <v11:messageId>${=import static java.util.UUID.randomUUID; uuid = randomUUID() as String}</v11:messageId>
            <v11:timestamp>${=new java.text.SimpleDateFormat("yyyy-MM-dd'T'HH:mm:ss.SSS").format(new Date())}</v11:timestamp>
         </v1:messageContext>
         <v1:legalContext>ServiceIntegrator</v1:legalContext>
         <v1:request>
         	  <v1:Domain>FINANCE</v1:Domain>
            <v1:Language>fr</v1:Language>
         </v1:request>
      </v1:getDomainRequest>
   </soapenv:Body>
</soapenv:Envelope>]]></con:request><con:assertion type="SOAP Fault Assertion" id="fc064836-a881-4201-9028-fdce6b9f22a9" name="Not SOAP Fault"/><con:assertion type="SOAP Response" id="264048ce-7500-4610-9206-4ea5aee943a7" name="SOAP Response"/><con:assertion type="Schema Compliance" id="d09723e1-ff11-4032-a114-9d5bad3e4043" name="Schema Compliance"><con:configuration/></con:assertion><con:wsaConfig action="http://fidus.brussels/services/accessmanagerservice/getDomain"/></con:request></con:config></con:testStep><con:testStep type="request" id="020edc1b-f65c-46e4-a545-df225cca7226" name="testcase4 - Staging - Worker2 - Request"><con:settings/><con:config xsi:type="con:RequestStep" xmlns:xsi="http://www.w3.org/2001/XMLSchema-instance"><con:interface>AccessManagerServiceHTTPBinding</con:interface><con:operation>getDomain</con:operation><con:request name="testcase4 - Staging - Worker2 - Request" id="c874e0d1-667e-4425-b570-27330a8f967b" outgoingWss="Outflow STAG"><con:settings/><con:encoding>UTF-8</con:encoding><con:endpoint>https://192.168.24.64:8443/services/AccessManagerService_v1.0</con:endpoint><con:request><![CDATA[<soapenv:Envelope xmlns:soapenv="http://schemas.xmlsoap.org/soap/envelope/" xmlns:v1="http://fidus.brussels/service/accessmanagerservice/messages/v1" xmlns:v11="http://fidus.brussels/type/common/messages/v1" >
   <soapenv:Header/>
   <soapenv:Body>
      <v1:getDomainRequest>
         <v1:messageContext>
         	  <v11:messageId>${=import static java.util.UUID.randomUUID; uuid = randomUUID() as String}</v11:messageId>
            <v11:timestamp>${=new java.text.SimpleDateFormat("yyyy-MM-dd'T'HH:mm:ss.SSS").format(new Date())}</v11:timestamp>
         </v1:messageContext>
         <v1:legalContext>ServiceIntegrator</v1:legalContext>
         <v1:request>
         	  <v1:Domain>FINANCE</v1:Domain>
            <v1:Language>fr</v1:Language>
         </v1:request>
      </v1:getDomainRequest>
   </soapenv:Body>
</soapenv:Envelope>]]></con:request><con:assertion type="SOAP Fault Assertion" id="bcfaeff0-7d4d-4d6f-9915-ea6aa2f56242" name="Not SOAP Fault"/><con:assertion type="SOAP Response" id="11bf6256-94e3-43e6-9ecb-a562c1fd5b58" name="SOAP Response"/><con:assertion type="Schema Compliance" id="82647d52-4c5c-4228-8546-9a14a1e0a165" name="Schema Compliance"><con:configuration/></con:assertion><con:wsaConfig action="http://fidus.brussels/services/accessmanagerservice/getDomain"/></con:request></con:config></con:testStep><con:testStep type="request" id="c162901c-8b72-4dfa-8670-0b090a32e71d" name="testcase4 - Staging - Worker1New - Request"><con:settings/><con:config xsi:type="con:RequestStep" xmlns:xsi="http://www.w3.org/2001/XMLSchema-instance"><con:interface>AccessManagerServiceHTTPBinding</con:interface><con:operation>getDomain</con:operation><con:request name="testcase4 - Staging - Worker1New - Request" id="4e253a1a-7e27-4740-9f2a-972b56e469b9" outgoingWss="Outflow STAG"><con:settings/><con:encoding>UTF-8</con:encoding><con:endpoint>https://192.168.24.57:8443/services/AccessManagerService_v1.0</con:endpoint><con:request><![CDATA[<soapenv:Envelope xmlns:soapenv="http://schemas.xmlsoap.org/soap/envelope/" xmlns:v1="http://fidus.brussels/service/accessmanagerservice/messages/v1" xmlns:v11="http://fidus.brussels/type/common/messages/v1" >
   <soapenv:Header/>
   <soapenv:Body>
      <v1:getDomainRequest>
         <v1:messageContext>
         	  <v11:messageId>${=import static java.util.UUID.randomUUID; uuid = randomUUID() as String}</v11:messageId>
            <v11:timestamp>${=new java.text.SimpleDateFormat("yyyy-MM-dd'T'HH:mm:ss.SSS").format(new Date())}</v11:timestamp>
         </v1:messageContext>
         <v1:legalContext>ServiceIntegrator</v1:legalContext>
         <v1:request>
         	  <v1:Domain>FINANCE</v1:Domain>
            <v1:Language>fr</v1:Language>
         </v1:request>
      </v1:getDomainRequest>
   </soapenv:Body>
</soapenv:Envelope>]]></con:request><con:assertion type="SOAP Fault Assertion" id="b0a40331-fe15-4cd9-9267-91b9f77e1640" name="Not SOAP Fault"/><con:assertion type="SOAP Response" id="9497ab7d-91c7-4423-91a6-416d1fc6073c" name="SOAP Response"/><con:assertion type="Schema Compliance" id="f42c4490-ff01-43db-8669-322bf494e617" name="Schema Compliance"><con:configuration/></con:assertion><con:wsaConfig action="http://fidus.brussels/services/accessmanagerservice/getDomain"/></con:request></con:config></con:testStep><con:testStep type="request" id="c81301ce-307b-4532-9d14-c3a219dafa59" name="testcase4 - Staging - Worker2New - Request"><con:settings/><con:config xsi:type="con:RequestStep" xmlns:xsi="http://www.w3.org/2001/XMLSchema-instance"><con:interface>AccessManagerServiceHTTPBinding</con:interface><con:operation>getDomain</con:operation><con:request name="testcase4 - Staging - Worker2New - Request" id="dd7f63e0-2631-43b2-9386-ba40e53e80fd" outgoingWss="Outflow STAG"><con:settings/><con:encoding>UTF-8</con:encoding><con:endpoint>https://192.168.24.64:8443/services/AccessManagerService_v1.0</con:endpoint><con:request><![CDATA[<soapenv:Envelope xmlns:soapenv="http://schemas.xmlsoap.org/soap/envelope/" xmlns:v1="http://fidus.brussels/service/accessmanagerservice/messages/v1" xmlns:v11="http://fidus.brussels/type/common/messages/v1" >
   <soapenv:Header/>
   <soapenv:Body>
      <v1:getDomainRequest>
         <v1:messageContext>
         	  <v11:messageId>${=import static java.util.UUID.randomUUID; uuid = randomUUID() as String}</v11:messageId>
            <v11:timestamp>${=new java.text.SimpleDateFormat("yyyy-MM-dd'T'HH:mm:ss.SSS").format(new Date())}</v11:timestamp>
         </v1:messageContext>
         <v1:legalContext>ServiceIntegrator</v1:legalContext>
         <v1:request>
         	  <v1:Domain>FINANCE</v1:Domain>
            <v1:Language>fr</v1:Language>
         </v1:request>
      </v1:getDomainRequest>
   </soapenv:Body>
</soapenv:Envelope>]]></con:request><con:assertion type="SOAP Fault Assertion" id="a56e32f2-65c1-420f-81e2-421d0ba1790c" name="Not SOAP Fault"/><con:assertion type="SOAP Response" id="ad4bfd59-4fad-460f-9ec8-9a60c063b0c8" name="SOAP Response"/><con:assertion type="Schema Compliance" id="fc9ebe48-08cc-44d0-8053-17da7aa01a9f" name="Schema Compliance"><con:configuration/></con:assertion><con:wsaConfig action="http://fidus.brussels/services/accessmanagerservice/getDomain"/></con:request></con:config></con:testStep><con:testStep type="request" id="a65e3c71-e398-4ea2-8b74-8baabcf48a15" name="testcase4 - Staging - External - Request"><con:settings/><con:config xsi:type="con:RequestStep" xmlns:xsi="http://www.w3.org/2001/XMLSchema-instance"><con:interface>AccessManagerServiceHTTPBinding</con:interface><con:operation>getDomain</con:operation><con:request name="testcase4 - Staging - External - Request" id="cfd26134-3bba-4171-a50e-38678eaeb914" outgoingWss="Outflow STAG"><con:settings/><con:encoding>UTF-8</con:encoding><con:endpoint>https://fidus-esb-sg.sta.srv.cirb.lan:8443/services/AccessManagerService_v1.0</con:endpoint><con:request><![CDATA[<soapenv:Envelope xmlns:soapenv="http://schemas.xmlsoap.org/soap/envelope/" xmlns:v1="http://fidus.brussels/service/accessmanagerservice/messages/v1" xmlns:v11="http://fidus.brussels/type/common/messages/v1" >
   <soapenv:Header/>
   <soapenv:Body>
      <v1:getDomainRequest>
         <v1:messageContext>
         	  <v11:messageId>${=import static java.util.UUID.randomUUID; uuid = randomUUID() as String}</v11:messageId>
            <v11:timestamp>${=new java.text.SimpleDateFormat("yyyy-MM-dd'T'HH:mm:ss.SSS").format(new Date())}</v11:timestamp>
         </v1:messageContext>
         <v1:legalContext>ServiceIntegrator</v1:legalContext>
         <v1:request>
         	  <v1:Domain>FINANCE</v1:Domain>
            <v1:Language>fr</v1:Language>
         </v1:request>
      </v1:getDomainRequest>
   </soapenv:Body>
</soapenv:Envelope>]]></con:request><con:assertion type="SOAP Fault Assertion" id="d4f2368f-1485-4305-8bea-6cd753ab9d74" name="Not SOAP Fault"/><con:assertion type="SOAP Response" id="166beb34-8105-43ff-abcf-ce31e2b00dd3" name="SOAP Response"/><con:assertion type="Schema Compliance" id="85ac29f1-962e-41c4-820b-c6b9e01f71cf" name="Schema Compliance"><con:configuration/></con:assertion><con:wsaConfig action="http://fidus.brussels/services/accessmanagerservice/getDomain"/></con:request></con:config></con:testStep><con:properties/></con:testCase><con:testCase id="e2768658-1e88-4e1c-b25b-9e0b59782c04" failOnError="true" failTestCaseOnErrors="true" keepSession="false" maxResults="0" name="getEntityRepresentatives" searchProperties="true"><con:settings/><con:testStep type="request" id="60bf15fd-b69d-4abe-86d9-6a4d2422603d" name="testcase4 - Staging - LB - Request"><con:settings/><con:config xsi:type="con:RequestStep" xmlns:xsi="http://www.w3.org/2001/XMLSchema-instance"><con:interface>AccessManagerServiceHTTPBinding</con:interface><con:operation>getEntityRepresentatives</con:operation><con:request name="testcase4 - Staging - LB - Request" id="9664e0b5-9c28-4674-a89d-e8202fa29e89" outgoingWss="Outflow STAG"><con:settings/><con:encoding>UTF-8</con:encoding><con:endpoint>https://fidus-esb-sg.sta.srv.cirb.lan:8443/services/AccessManagerService_v1.0</con:endpoint><con:request><![CDATA[<soapenv:Envelope xmlns:soapenv="http://schemas.xmlsoap.org/soap/envelope/" xmlns:v1="http://fidus.brussels/service/accessmanagerservice/messages/v1" xmlns:v11="http://fidus.brussels/type/common/messages/v1" xmlns:v31="http://socialsecurity.be/umanentityrepresentative/types/v3" >
   <soapenv:Header/>
   <soapenv:Body>
      <v1:getEntityRepresentativesRequest>
         <v1:messageContext>
         	  <v11:messageId>${=import static java.util.UUID.randomUUID; uuid = randomUUID() as String}</v11:messageId>
            <v11:timestamp>${=new java.text.SimpleDateFormat("yyyy-MM-dd'T'HH:mm:ss.SSS").format(new Date())}</v11:timestamp>
         </v1:messageContext>
         <v1:legalContext>ServiceIntegrator</v1:legalContext>
         <v1:request>
            <v1:Domain>QUAL_FED_HEALTHCARE</v1:Domain>
            <v1:OrganisationId>
               <v31:Identifier>1990000431</v31:Identifier>
               <v31:IdentifierType>BEEHP</v31:IdentifierType>
            </v1:OrganisationId>
            <v1:Language>nl</v1:Language>
         </v1:request>
      </v1:getEntityRepresentativesRequest>
   </soapenv:Body>
</soapenv:Envelope>]]></con:request><con:assertion type="SOAP Fault Assertion" id="d64b2694-3bc6-4619-b62a-aac5d7da2ed6" name="Not SOAP Fault"/><con:assertion type="SOAP Response" id="d3951f0d-f48d-4b22-a0b9-caaf2a5c37b8" name="SOAP Response"/><con:assertion type="Schema Compliance" id="a19a7d7c-b8bc-494b-9e36-973f05e645c6" name="Schema Compliance"><con:configuration/></con:assertion><con:wsaConfig action="http://fidus.brussels/services/accessmanagerservice/getEntityRepresentatives"/></con:request></con:config></con:testStep><con:testStep type="request" id="191b0e57-2104-43db-9b90-def1c53dbcdd" name="testcase4 - Staging - Worker1 - Request"><con:settings/><con:config xsi:type="con:RequestStep" xmlns:xsi="http://www.w3.org/2001/XMLSchema-instance"><con:interface>AccessManagerServiceHTTPBinding</con:interface><con:operation>getEntityRepresentatives</con:operation><con:request name="testcase4 - Staging - Worker1 - Request" id="aa0eba41-6ef4-4573-8bb7-b28a5916d9b3" outgoingWss="Outflow STAG"><con:settings/><con:encoding>UTF-8</con:encoding><con:endpoint>https://192.168.24.57:8443/services/AccessManagerService_v1.0</con:endpoint><con:request><![CDATA[<soapenv:Envelope xmlns:soapenv="http://schemas.xmlsoap.org/soap/envelope/" xmlns:v1="http://fidus.brussels/service/accessmanagerservice/messages/v1" xmlns:v11="http://fidus.brussels/type/common/messages/v1" xmlns:v31="http://socialsecurity.be/umanentityrepresentative/types/v3" >
   <soapenv:Header/>
   <soapenv:Body>
      <v1:getEntityRepresentativesRequest>
         <v1:messageContext>
         	  <v11:messageId>${=import static java.util.UUID.randomUUID; uuid = randomUUID() as String}</v11:messageId>
            <v11:timestamp>${=new java.text.SimpleDateFormat("yyyy-MM-dd'T'HH:mm:ss.SSS").format(new Date())}</v11:timestamp>
         </v1:messageContext>
         <v1:legalContext>ServiceIntegrator</v1:legalContext>
         <v1:request>
            <v1:Domain>QUAL_FED_HEALTHCARE</v1:Domain>
            <v1:OrganisationId>
               <v31:Identifier>1990000431</v31:Identifier>
               <v31:IdentifierType>BEEHP</v31:IdentifierType>
            </v1:OrganisationId>
            <v1:Language>nl</v1:Language>
         </v1:request>
      </v1:getEntityRepresentativesRequest>
   </soapenv:Body>
</soapenv:Envelope>]]></con:request><con:assertion type="SOAP Fault Assertion" id="f8a76207-8416-4b12-9e24-dc97cf33e902" name="Not SOAP Fault"/><con:assertion type="SOAP Response" id="09608aea-0383-40f0-a835-67370343d276" name="SOAP Response"/><con:assertion type="Schema Compliance" id="a032dd49-2e9d-4ba8-83f7-ca9b3d5ef7ad" name="Schema Compliance"><con:configuration/></con:assertion><con:wsaConfig action="http://fidus.brussels/services/accessmanagerservice/getEntityRepresentatives"/></con:request></con:config></con:testStep><con:testStep type="request" id="6d385362-8af6-41fb-befd-dc11a73fa9c1" name="testcase4 - Staging - Worker2 - Request"><con:settings/><con:config xsi:type="con:RequestStep" xmlns:xsi="http://www.w3.org/2001/XMLSchema-instance"><con:interface>AccessManagerServiceHTTPBinding</con:interface><con:operation>getEntityRepresentatives</con:operation><con:request name="testcase4 - Staging - Worker2 - Request" id="a19551c6-d37c-41bb-a584-2636059fde25" outgoingWss="Outflow STAG"><con:settings/><con:encoding>UTF-8</con:encoding><con:endpoint>https://192.168.24.64:8443/services/AccessManagerService_v1.0</con:endpoint><con:request><![CDATA[<soapenv:Envelope xmlns:soapenv="http://schemas.xmlsoap.org/soap/envelope/" xmlns:v1="http://fidus.brussels/service/accessmanagerservice/messages/v1" xmlns:v11="http://fidus.brussels/type/common/messages/v1" xmlns:v31="http://socialsecurity.be/umanentityrepresentative/types/v3" >
   <soapenv:Header/>
   <soapenv:Body>
      <v1:getEntityRepresentativesRequest>
         <v1:messageContext>
         	  <v11:messageId>${=import static java.util.UUID.randomUUID; uuid = randomUUID() as String}</v11:messageId>
            <v11:timestamp>${=new java.text.SimpleDateFormat("yyyy-MM-dd'T'HH:mm:ss.SSS").format(new Date())}</v11:timestamp>
         </v1:messageContext>
         <v1:legalContext>ServiceIntegrator</v1:legalContext>
         <v1:request>
            <v1:Domain>QUAL_FED_HEALTHCARE</v1:Domain>
            <v1:OrganisationId>
               <v31:Identifier>1990000431</v31:Identifier>
               <v31:IdentifierType>BEEHP</v31:IdentifierType>
            </v1:OrganisationId>
            <v1:Language>nl</v1:Language>
         </v1:request>
      </v1:getEntityRepresentativesRequest>
   </soapenv:Body>
</soapenv:Envelope>]]></con:request><con:assertion type="SOAP Fault Assertion" id="997c3865-f2e9-4ba6-8cf2-a9c5900895d7" name="Not SOAP Fault"/><con:assertion type="SOAP Response" id="845fd0f5-b5fa-4560-80be-13d0f2afb944" name="SOAP Response"/><con:assertion type="Schema Compliance" id="e98be9cb-0314-430a-9d79-cd5741052fac" name="Schema Compliance"><con:configuration/></con:assertion><con:wsaConfig action="http://fidus.brussels/services/accessmanagerservice/getEntityRepresentatives"/></con:request></con:config></con:testStep><con:testStep type="request" id="eb6c7fbb-f9da-4af0-83a9-fe42c38cc5d7" name="testcase4 - Staging - Worker1New - Request"><con:settings/><con:config xsi:type="con:RequestStep" xmlns:xsi="http://www.w3.org/2001/XMLSchema-instance"><con:interface>AccessManagerServiceHTTPBinding</con:interface><con:operation>getEntityRepresentatives</con:operation><con:request name="testcase4 - Staging - Worker1New - Request" id="c6d44997-babb-4e90-87bd-b3eb140f3660" outgoingWss="Outflow STAG"><con:settings/><con:encoding>UTF-8</con:encoding><con:endpoint>https://192.168.24.57:8443/services/AccessManagerService_v1.0</con:endpoint><con:request><![CDATA[<soapenv:Envelope xmlns:soapenv="http://schemas.xmlsoap.org/soap/envelope/" xmlns:v1="http://fidus.brussels/service/accessmanagerservice/messages/v1" xmlns:v11="http://fidus.brussels/type/common/messages/v1" xmlns:v31="http://socialsecurity.be/umanentityrepresentative/types/v3" >
   <soapenv:Header/>
   <soapenv:Body>
      <v1:getEntityRepresentativesRequest>
         <v1:messageContext>
         	  <v11:messageId>${=import static java.util.UUID.randomUUID; uuid = randomUUID() as String}</v11:messageId>
            <v11:timestamp>${=new java.text.SimpleDateFormat("yyyy-MM-dd'T'HH:mm:ss.SSS").format(new Date())}</v11:timestamp>
         </v1:messageContext>
         <v1:legalContext>ServiceIntegrator</v1:legalContext>
         <v1:request>
            <v1:Domain>QUAL_FED_HEALTHCARE</v1:Domain>
            <v1:OrganisationId>
               <v31:Identifier>1990000431</v31:Identifier>
               <v31:IdentifierType>BEEHP</v31:IdentifierType>
            </v1:OrganisationId>
            <v1:Language>nl</v1:Language>
         </v1:request>
      </v1:getEntityRepresentativesRequest>
   </soapenv:Body>
</soapenv:Envelope>]]></con:request><con:assertion type="SOAP Fault Assertion" id="332c3fd5-53bf-4e93-89c0-63bc17ac5a96" name="Not SOAP Fault"/><con:assertion type="SOAP Response" id="b5152d73-495c-4d84-b3e4-dd5aace5f826" name="SOAP Response"/><con:assertion type="Schema Compliance" id="db835a48-203d-4a10-92cd-8c273846c44b" name="Schema Compliance"><con:configuration/></con:assertion><con:wsaConfig action="http://fidus.brussels/services/accessmanagerservice/getEntityRepresentatives"/></con:request></con:config></con:testStep><con:testStep type="request" id="f9fba3a6-a6c9-47bc-890e-4b35a6243312" name="testcase4 - Staging - Worker2New - Request"><con:settings/><con:config xsi:type="con:RequestStep" xmlns:xsi="http://www.w3.org/2001/XMLSchema-instance"><con:interface>AccessManagerServiceHTTPBinding</con:interface><con:operation>getEntityRepresentatives</con:operation><con:request name="testcase4 - Staging - Worker2New - Request" id="ecbe730e-5a7f-4c0c-b80d-d59929b0a0d0" outgoingWss="Outflow STAG"><con:settings/><con:encoding>UTF-8</con:encoding><con:endpoint>https://192.168.24.64:8443/services/AccessManagerService_v1.0</con:endpoint><con:request><![CDATA[<soapenv:Envelope xmlns:soapenv="http://schemas.xmlsoap.org/soap/envelope/" xmlns:v1="http://fidus.brussels/service/accessmanagerservice/messages/v1" xmlns:v11="http://fidus.brussels/type/common/messages/v1" xmlns:v31="http://socialsecurity.be/umanentityrepresentative/types/v3" >
   <soapenv:Header/>
   <soapenv:Body>
      <v1:getEntityRepresentativesRequest>
         <v1:messageContext>
         	  <v11:messageId>${=import static java.util.UUID.randomUUID; uuid = randomUUID() as String}</v11:messageId>
            <v11:timestamp>${=new java.text.SimpleDateFormat("yyyy-MM-dd'T'HH:mm:ss.SSS").format(new Date())}</v11:timestamp>
         </v1:messageContext>
         <v1:legalContext>ServiceIntegrator</v1:legalContext>
         <v1:request>
            <v1:Domain>QUAL_FED_HEALTHCARE</v1:Domain>
            <v1:OrganisationId>
               <v31:Identifier>1990000431</v31:Identifier>
               <v31:IdentifierType>BEEHP</v31:IdentifierType>
            </v1:OrganisationId>
            <v1:Language>nl</v1:Language>
         </v1:request>
      </v1:getEntityRepresentativesRequest>
   </soapenv:Body>
</soapenv:Envelope>]]></con:request><con:assertion type="SOAP Fault Assertion" id="33b31972-51d4-457f-ac76-cc4da0a15e67" name="Not SOAP Fault"/><con:assertion type="SOAP Response" id="117c3b87-7857-4c65-a74b-e5bc4921d3ca" name="SOAP Response"/><con:assertion type="Schema Compliance" id="aec69bfd-6e3b-4ccf-90fc-b0190100c909" name="Schema Compliance"><con:configuration/></con:assertion><con:wsaConfig action="http://fidus.brussels/services/accessmanagerservice/getEntityRepresentatives"/></con:request></con:config></con:testStep><con:testStep type="request" id="81b6e389-7021-48ab-8a34-442ee68d2674" name="testcase4 - Staging - External - Request"><con:settings/><con:config xsi:type="con:RequestStep" xmlns:xsi="http://www.w3.org/2001/XMLSchema-instance"><con:interface>AccessManagerServiceHTTPBinding</con:interface><con:operation>getEntityRepresentatives</con:operation><con:request name="testcase4 - Staging - External - Request" id="df0dfa3f-73b7-4056-a067-95a638c29e5c" outgoingWss="Outflow STAG"><con:settings/><con:encoding>UTF-8</con:encoding><con:endpoint>https://fidus-esb-sg.sta.srv.cirb.lan:8443/services/AccessManagerService_v1.0</con:endpoint><con:request><![CDATA[<soapenv:Envelope xmlns:soapenv="http://schemas.xmlsoap.org/soap/envelope/" xmlns:v1="http://fidus.brussels/service/accessmanagerservice/messages/v1" xmlns:v11="http://fidus.brussels/type/common/messages/v1" xmlns:v31="http://socialsecurity.be/umanentityrepresentative/types/v3" >
   <soapenv:Header/>
   <soapenv:Body>
      <v1:getEntityRepresentativesRequest>
         <v1:messageContext>
         	  <v11:messageId>${=import static java.util.UUID.randomUUID; uuid = randomUUID() as String}</v11:messageId>
            <v11:timestamp>${=new java.text.SimpleDateFormat("yyyy-MM-dd'T'HH:mm:ss.SSS").format(new Date())}</v11:timestamp>
         </v1:messageContext>
         <v1:legalContext>ServiceIntegrator</v1:legalContext>
         <v1:request>
            <v1:Domain>QUAL_FED_HEALTHCARE</v1:Domain>
            <v1:OrganisationId>
               <v31:Identifier>1990000431</v31:Identifier>
               <v31:IdentifierType>BEEHP</v31:IdentifierType>
            </v1:OrganisationId>
            <v1:Language>nl</v1:Language>
         </v1:request>
      </v1:getEntityRepresentativesRequest>
   </soapenv:Body>
</soapenv:Envelope>]]></con:request><con:assertion type="SOAP Fault Assertion" id="75dd7637-9dee-4636-8650-f91890a040f8" name="Not SOAP Fault"/><con:assertion type="SOAP Response" id="e62fe5f3-8cf6-4ad9-8ac1-29e03939b49c" name="SOAP Response"/><con:assertion type="Schema Compliance" id="59c41964-aa4f-480d-b647-9b6f6e6aa02d" name="Schema Compliance"><con:configuration/></con:assertion><con:wsaConfig action="http://fidus.brussels/services/accessmanagerservice/getEntityRepresentatives"/></con:request></con:config></con:testStep><con:properties/></con:testCase><con:testCase id="fe6dbf35-7327-4663-9001-f7f3184e1781" failOnError="true" failTestCaseOnErrors="true" keepSession="false" maxResults="0" name="getOrganisationChildNodes" searchProperties="true"><con:settings/><con:testStep type="request" id="648f2c76-777b-4e3c-b89d-b8833d09f3d4" name="testcase4 - Staging - LB - Request"><con:settings/><con:config xsi:type="con:RequestStep" xmlns:xsi="http://www.w3.org/2001/XMLSchema-instance"><con:interface>AccessManagerServiceHTTPBinding</con:interface><con:operation>getOrganisationChildNodes</con:operation><con:request name="testcase4 - Staging - LB - Request" id="7663d491-e255-4f29-aff4-a8401665b175" outgoingWss="Outflow STAG"><con:settings/><con:encoding>UTF-8</con:encoding><con:endpoint>https://fidus-esb-sg.sta.srv.cirb.lan:8443/services/AccessManagerService_v1.0</con:endpoint><con:request><![CDATA[<soapenv:Envelope xmlns:soapenv="http://schemas.xmlsoap.org/soap/envelope/" xmlns:v1="http://fidus.brussels/service/accessmanagerservice/messages/v1" xmlns:v11="http://fidus.brussels/type/common/messages/v1" xmlns:v31="http://socialsecurity.be/umanentityrepresentative/types/v3">
   <soapenv:Header/>
   <soapenv:Body>
      <v1:getOrganisationChildNodesRequest>
         <v1:messageContext>
         	  <v11:messageId>${=import static java.util.UUID.randomUUID; uuid = randomUUID() as String}</v11:messageId>
            <v11:timestamp>${=new java.text.SimpleDateFormat("yyyy-MM-dd'T'HH:mm:ss.SSS").format(new Date())}</v11:timestamp>
         </v1:messageContext>
         <v1:legalContext>ServiceIntegrator</v1:legalContext>
         <v1:request>
            <v1:Domain>QUAL_FED_HEALTHCARE</v1:Domain>
            <v1:OrganisationId>
               <v31:Identifier>1990000431</v31:Identifier>
               <v31:IdentifierType>BEEHP</v31:IdentifierType>
            </v1:OrganisationId>
            <v1:Language>nl</v1:Language>
         </v1:request>
      </v1:getOrganisationChildNodesRequest>
   </soapenv:Body>
</soapenv:Envelope>]]></con:request><con:assertion type="SOAP Fault Assertion" id="501bd004-496a-4247-b5a3-b10f6a1b52f1" name="Not SOAP Fault"/><con:assertion type="SOAP Response" id="bbf7afbb-bb11-49af-b707-58eaa0919d5f" name="SOAP Response"/><con:assertion type="Schema Compliance" id="b9bd98d0-8f56-44c8-a9e9-7215dd56a974" name="Schema Compliance"><con:configuration/></con:assertion><con:wsaConfig action="http://fidus.brussels/services/accessmanagerservice/getOrganisationChildNodes"/></con:request></con:config></con:testStep><con:testStep type="request" id="497ce3e1-73e6-4f73-b20c-1c5a498d7f26" name="testcase4 - Staging - Worker1 - Request"><con:settings/><con:config xsi:type="con:RequestStep" xmlns:xsi="http://www.w3.org/2001/XMLSchema-instance"><con:interface>AccessManagerServiceHTTPBinding</con:interface><con:operation>getOrganisationChildNodes</con:operation><con:request name="testcase4 - Staging - Worker1 - Request" id="b585ae48-26ce-4a56-b846-de631807f510" outgoingWss="Outflow STAG"><con:settings/><con:encoding>UTF-8</con:encoding><con:endpoint>https://192.168.24.57:8443/services/AccessManagerService_v1.0</con:endpoint><con:request><![CDATA[<soapenv:Envelope xmlns:soapenv="http://schemas.xmlsoap.org/soap/envelope/" xmlns:v1="http://fidus.brussels/service/accessmanagerservice/messages/v1" xmlns:v11="http://fidus.brussels/type/common/messages/v1" xmlns:v31="http://socialsecurity.be/umanentityrepresentative/types/v3">
   <soapenv:Header/>
   <soapenv:Body>
      <v1:getOrganisationChildNodesRequest>
         <v1:messageContext>
         	  <v11:messageId>${=import static java.util.UUID.randomUUID; uuid = randomUUID() as String}</v11:messageId>
            <v11:timestamp>${=new java.text.SimpleDateFormat("yyyy-MM-dd'T'HH:mm:ss.SSS").format(new Date())}</v11:timestamp>
         </v1:messageContext>
         <v1:legalContext>ServiceIntegrator</v1:legalContext>
         <v1:request>
            <v1:Domain>QUAL_FED_HEALTHCARE</v1:Domain>
            <v1:OrganisationId>
               <v31:Identifier>1990000431</v31:Identifier>
               <v31:IdentifierType>BEEHP</v31:IdentifierType>
            </v1:OrganisationId>
            <v1:Language>nl</v1:Language>
         </v1:request>
      </v1:getOrganisationChildNodesRequest>
   </soapenv:Body>
</soapenv:Envelope>]]></con:request><con:assertion type="SOAP Fault Assertion" id="515055f1-4a22-4a76-8587-d24ff1b5879b" name="Not SOAP Fault"/><con:assertion type="SOAP Response" id="c54a7694-ff29-4c84-b2aa-d2abb8eacedf" name="SOAP Response"/><con:assertion type="Schema Compliance" id="d4e2646e-fe55-4e60-93c9-408250715365" name="Schema Compliance"><con:configuration/></con:assertion><con:wsaConfig action="http://fidus.brussels/services/accessmanagerservice/getOrganisationChildNodes"/></con:request></con:config></con:testStep><con:testStep type="request" id="b3fce97e-7df5-4b36-9c0a-a09a0152f496" name="testcase4 - Staging - Worker2 - Request"><con:settings/><con:config xsi:type="con:RequestStep" xmlns:xsi="http://www.w3.org/2001/XMLSchema-instance"><con:interface>AccessManagerServiceHTTPBinding</con:interface><con:operation>getOrganisationChildNodes</con:operation><con:request name="testcase4 - Staging - Worker2 - Request" id="8ded1f21-c8ae-40bb-b82e-1af0046f034a" outgoingWss="Outflow STAG"><con:settings/><con:encoding>UTF-8</con:encoding><con:endpoint>https://192.168.24.64:8443/services/AccessManagerService_v1.0</con:endpoint><con:request><![CDATA[<soapenv:Envelope xmlns:soapenv="http://schemas.xmlsoap.org/soap/envelope/" xmlns:v1="http://fidus.brussels/service/accessmanagerservice/messages/v1" xmlns:v11="http://fidus.brussels/type/common/messages/v1" xmlns:v31="http://socialsecurity.be/umanentityrepresentative/types/v3">
   <soapenv:Header/>
   <soapenv:Body>
      <v1:getOrganisationChildNodesRequest>
         <v1:messageContext>
         	  <v11:messageId>${=import static java.util.UUID.randomUUID; uuid = randomUUID() as String}</v11:messageId>
            <v11:timestamp>${=new java.text.SimpleDateFormat("yyyy-MM-dd'T'HH:mm:ss.SSS").format(new Date())}</v11:timestamp>
         </v1:messageContext>
         <v1:legalContext>ServiceIntegrator</v1:legalContext>
         <v1:request>
            <v1:Domain>QUAL_FED_HEALTHCARE</v1:Domain>
            <v1:OrganisationId>
               <v31:Identifier>1990000431</v31:Identifier>
               <v31:IdentifierType>BEEHP</v31:IdentifierType>
            </v1:OrganisationId>
            <v1:Language>nl</v1:Language>
         </v1:request>
      </v1:getOrganisationChildNodesRequest>
   </soapenv:Body>
</soapenv:Envelope>]]></con:request><con:assertion type="SOAP Fault Assertion" id="fbb4228e-54ac-4b3f-a703-5984f9d15efb" name="Not SOAP Fault"/><con:assertion type="SOAP Response" id="fb96ce0d-eef8-4a25-afd9-f8da85c5aa58" name="SOAP Response"/><con:assertion type="Schema Compliance" id="79d806c2-f3df-421e-b29f-74152fe39b10" name="Schema Compliance"><con:configuration/></con:assertion><con:wsaConfig action="http://fidus.brussels/services/accessmanagerservice/getOrganisationChildNodes"/></con:request></con:config></con:testStep><con:testStep type="request" id="37f9ff55-25fe-4f76-a4d1-820c0de548a5" name="testcase4 - Staging - Worker1New - Request"><con:settings/><con:config xsi:type="con:RequestStep" xmlns:xsi="http://www.w3.org/2001/XMLSchema-instance"><con:interface>AccessManagerServiceHTTPBinding</con:interface><con:operation>getOrganisationChildNodes</con:operation><con:request name="testcase4 - Staging - Worker1New - Request" id="dbb58646-6c40-41b0-b400-7be5b9a6bed1" outgoingWss="Outflow STAG"><con:settings/><con:encoding>UTF-8</con:encoding><con:endpoint>https://192.168.24.57:8443/services/AccessManagerService_v1.0</con:endpoint><con:request><![CDATA[<soapenv:Envelope xmlns:soapenv="http://schemas.xmlsoap.org/soap/envelope/" xmlns:v1="http://fidus.brussels/service/accessmanagerservice/messages/v1" xmlns:v11="http://fidus.brussels/type/common/messages/v1" xmlns:v31="http://socialsecurity.be/umanentityrepresentative/types/v3">
   <soapenv:Header/>
   <soapenv:Body>
      <v1:getOrganisationChildNodesRequest>
         <v1:messageContext>
         	  <v11:messageId>${=import static java.util.UUID.randomUUID; uuid = randomUUID() as String}</v11:messageId>
            <v11:timestamp>${=new java.text.SimpleDateFormat("yyyy-MM-dd'T'HH:mm:ss.SSS").format(new Date())}</v11:timestamp>
         </v1:messageContext>
         <v1:legalContext>ServiceIntegrator</v1:legalContext>
         <v1:request>
            <v1:Domain>QUAL_FED_HEALTHCARE</v1:Domain>
            <v1:OrganisationId>
               <v31:Identifier>1990000431</v31:Identifier>
               <v31:IdentifierType>BEEHP</v31:IdentifierType>
            </v1:OrganisationId>
            <v1:Language>nl</v1:Language>
         </v1:request>
      </v1:getOrganisationChildNodesRequest>
   </soapenv:Body>
</soapenv:Envelope>]]></con:request><con:assertion type="SOAP Fault Assertion" id="88dadaaf-8f32-461f-a438-1e504ced001e" name="Not SOAP Fault"/><con:assertion type="SOAP Response" id="7431fb16-7f21-4457-b3c6-c450b80f39f2" name="SOAP Response"/><con:assertion type="Schema Compliance" id="80379857-b737-46a6-9d93-6ff62d1cc831" name="Schema Compliance"><con:configuration/></con:assertion><con:wsaConfig action="http://fidus.brussels/services/accessmanagerservice/getOrganisationChildNodes"/></con:request></con:config></con:testStep><con:testStep type="request" id="b03dff75-cda5-415d-9ce7-77171afdfa6a" name="testcase4 - Staging - Worker2New - Request"><con:settings/><con:config xsi:type="con:RequestStep" xmlns:xsi="http://www.w3.org/2001/XMLSchema-instance"><con:interface>AccessManagerServiceHTTPBinding</con:interface><con:operation>getOrganisationChildNodes</con:operation><con:request name="testcase4 - Staging - Worker2New - Request" id="bf47851d-b482-4873-8bf4-6993faf8472a" outgoingWss="Outflow STAG"><con:settings/><con:encoding>UTF-8</con:encoding><con:endpoint>https://192.168.24.64:8443/services/AccessManagerService_v1.0</con:endpoint><con:request><![CDATA[<soapenv:Envelope xmlns:soapenv="http://schemas.xmlsoap.org/soap/envelope/" xmlns:v1="http://fidus.brussels/service/accessmanagerservice/messages/v1" xmlns:v11="http://fidus.brussels/type/common/messages/v1" xmlns:v31="http://socialsecurity.be/umanentityrepresentative/types/v3">
   <soapenv:Header/>
   <soapenv:Body>
      <v1:getOrganisationChildNodesRequest>
         <v1:messageContext>
         	  <v11:messageId>${=import static java.util.UUID.randomUUID; uuid = randomUUID() as String}</v11:messageId>
            <v11:timestamp>${=new java.text.SimpleDateFormat("yyyy-MM-dd'T'HH:mm:ss.SSS").format(new Date())}</v11:timestamp>
         </v1:messageContext>
         <v1:legalContext>ServiceIntegrator</v1:legalContext>
         <v1:request>
            <v1:Domain>QUAL_FED_HEALTHCARE</v1:Domain>
            <v1:OrganisationId>
               <v31:Identifier>1990000431</v31:Identifier>
               <v31:IdentifierType>BEEHP</v31:IdentifierType>
            </v1:OrganisationId>
            <v1:Language>nl</v1:Language>
         </v1:request>
      </v1:getOrganisationChildNodesRequest>
   </soapenv:Body>
</soapenv:Envelope>]]></con:request><con:assertion type="SOAP Fault Assertion" id="d00b0a4f-d87b-434f-87e9-58081126ab1b" name="Not SOAP Fault"/><con:assertion type="SOAP Response" id="d526a06d-d760-4fed-8823-e4704c664f93" name="SOAP Response"/><con:assertion type="Schema Compliance" id="f882ace0-6d8a-48d5-be00-423127ba822d" name="Schema Compliance"><con:configuration/></con:assertion><con:wsaConfig action="http://fidus.brussels/services/accessmanagerservice/getOrganisationChildNodes"/></con:request></con:config></con:testStep><con:testStep type="request" id="dd026a3d-c52e-4eca-8ac6-89582591b7e6" name="testcase4 - Staging - External - Request"><con:settings/><con:config xsi:type="con:RequestStep" xmlns:xsi="http://www.w3.org/2001/XMLSchema-instance"><con:interface>AccessManagerServiceHTTPBinding</con:interface><con:operation>getOrganisationChildNodes</con:operation><con:request name="testcase4 - Staging - External - Request" id="e995808a-c82f-4734-986f-4eec1906aeed" outgoingWss="Outflow STAG"><con:settings/><con:encoding>UTF-8</con:encoding><con:endpoint>https://fidus-esb-sg.sta.srv.cirb.lan:8443/services/AccessManagerService_v1.0</con:endpoint><con:request><![CDATA[<soapenv:Envelope xmlns:soapenv="http://schemas.xmlsoap.org/soap/envelope/" xmlns:v1="http://fidus.brussels/service/accessmanagerservice/messages/v1" xmlns:v11="http://fidus.brussels/type/common/messages/v1" xmlns:v31="http://socialsecurity.be/umanentityrepresentative/types/v3">
   <soapenv:Header/>
   <soapenv:Body>
      <v1:getOrganisationChildNodesRequest>
         <v1:messageContext>
         	  <v11:messageId>${=import static java.util.UUID.randomUUID; uuid = randomUUID() as String}</v11:messageId>
            <v11:timestamp>${=new java.text.SimpleDateFormat("yyyy-MM-dd'T'HH:mm:ss.SSS").format(new Date())}</v11:timestamp>
         </v1:messageContext>
         <v1:legalContext>ServiceIntegrator</v1:legalContext>
         <v1:request>
            <v1:Domain>QUAL_FED_HEALTHCARE</v1:Domain>
            <v1:OrganisationId>
               <v31:Identifier>1990000431</v31:Identifier>
               <v31:IdentifierType>BEEHP</v31:IdentifierType>
            </v1:OrganisationId>
            <v1:Language>nl</v1:Language>
         </v1:request>
      </v1:getOrganisationChildNodesRequest>
   </soapenv:Body>
</soapenv:Envelope>]]></con:request><con:assertion type="SOAP Fault Assertion" id="c1d74d5f-160c-4203-9ce6-cfc63766a78c" name="Not SOAP Fault"/><con:assertion type="SOAP Response" id="31cfe665-b559-417a-97f4-7bba839a35c5" name="SOAP Response"/><con:assertion type="Schema Compliance" id="daac52d1-d72c-4f84-b36e-6a3b8e1a264d" name="Schema Compliance"><con:configuration/></con:assertion><con:wsaConfig action="http://fidus.brussels/services/accessmanagerservice/getOrganisationChildNodes"/></con:request></con:config></con:testStep><con:properties/></con:testCase><con:testCase id="49b518b3-4135-40ec-857a-4879a841f5de" failOnError="true" failTestCaseOnErrors="true" keepSession="false" maxResults="0" name="getOrganisationDenomination" searchProperties="true"><con:settings/><con:testStep type="request" id="f3762e2b-43a3-430d-95e9-07761fb07c31" name="testcase4 - Staging - LB - Request"><con:settings/><con:config xsi:type="con:RequestStep" xmlns:xsi="http://www.w3.org/2001/XMLSchema-instance"><con:interface>AccessManagerServiceHTTPBinding</con:interface><con:operation>getOrganisationDenomination</con:operation><con:request name="testcase4 - Staging - LB - Request" id="35c98f04-5a69-42f6-bb21-c310ee2a3fb2" outgoingWss="Outflow STAG"><con:settings/><con:encoding>UTF-8</con:encoding><con:endpoint>https://fidus-esb-sg.sta.srv.cirb.lan:8443/services/AccessManagerService_v1.0</con:endpoint><con:request><![CDATA[<soapenv:Envelope xmlns:soapenv="http://schemas.xmlsoap.org/soap/envelope/" xmlns:v1="http://fidus.brussels/service/accessmanagerservice/messages/v1" xmlns:v11="http://fidus.brussels/type/common/messages/v1" xmlns:v31="http://socialsecurity.be/umanentityrepresentative/types/v3">
   <soapenv:Header/>
   <soapenv:Body>
      <v1:getOrganisationDenominationRequest>
         <v1:messageContext>
         	  <v11:messageId>${=import static java.util.UUID.randomUUID; uuid = randomUUID() as String}</v11:messageId>
            <v11:timestamp>${=new java.text.SimpleDateFormat("yyyy-MM-dd'T'HH:mm:ss.SSS").format(new Date())}</v11:timestamp>
         </v1:messageContext>
         <v1:legalContext>ServiceIntegrator</v1:legalContext>
         <v1:request>
            <v1:Domain>QUAL_FED_HEALTHCARE</v1:Domain>
            <v1:OrganisationId>
               <v31:Identifier>1990000431</v31:Identifier>
               <v31:IdentifierType>BEEHP</v31:IdentifierType>
            </v1:OrganisationId>
            <v1:Language>nl</v1:Language>
         </v1:request>
      </v1:getOrganisationDenominationRequest>
   </soapenv:Body>
</soapenv:Envelope>]]></con:request><con:assertion type="SOAP Fault Assertion" id="8c0efdc8-25b9-4442-84b1-ee939cbb1774" name="Not SOAP Fault"/><con:assertion type="SOAP Response" id="51b690d1-f8ff-4b21-9214-b9b334780d57" name="SOAP Response"/><con:assertion type="Schema Compliance" id="30752c75-731a-483f-bb55-e8a3651d5c00" name="Schema Compliance"><con:configuration/></con:assertion><con:wsaConfig action="http://fidus.brussels/services/accessmanagerservice/getOrganisationDenomination"/></con:request></con:config></con:testStep><con:testStep type="request" id="b77e98f8-fc49-4ed9-a2fb-82caa0447da9" name="testcase4 - Staging - Worker1 - Request"><con:settings/><con:config xsi:type="con:RequestStep" xmlns:xsi="http://www.w3.org/2001/XMLSchema-instance"><con:interface>AccessManagerServiceHTTPBinding</con:interface><con:operation>getOrganisationDenomination</con:operation><con:request name="testcase4 - Staging - Worker1 - Request" id="ab6a45c1-d963-487e-a36e-5d9d73a34184" outgoingWss="Outflow STAG"><con:settings/><con:encoding>UTF-8</con:encoding><con:endpoint>https://192.168.24.57:8443/services/AccessManagerService_v1.0</con:endpoint><con:request><![CDATA[<soapenv:Envelope xmlns:soapenv="http://schemas.xmlsoap.org/soap/envelope/" xmlns:v1="http://fidus.brussels/service/accessmanagerservice/messages/v1" xmlns:v11="http://fidus.brussels/type/common/messages/v1" xmlns:v31="http://socialsecurity.be/umanentityrepresentative/types/v3">
   <soapenv:Header/>
   <soapenv:Body>
      <v1:getOrganisationDenominationRequest>
         <v1:messageContext>
         	  <v11:messageId>${=import static java.util.UUID.randomUUID; uuid = randomUUID() as String}</v11:messageId>
            <v11:timestamp>${=new java.text.SimpleDateFormat("yyyy-MM-dd'T'HH:mm:ss.SSS").format(new Date())}</v11:timestamp>
         </v1:messageContext>
         <v1:legalContext>ServiceIntegrator</v1:legalContext>
         <v1:request>
            <v1:Domain>QUAL_FED_HEALTHCARE</v1:Domain>
            <v1:OrganisationId>
               <v31:Identifier>1990000431</v31:Identifier>
               <v31:IdentifierType>BEEHP</v31:IdentifierType>
            </v1:OrganisationId>
            <v1:Language>nl</v1:Language>
         </v1:request>
      </v1:getOrganisationDenominationRequest>
   </soapenv:Body>
</soapenv:Envelope>]]></con:request><con:assertion type="SOAP Fault Assertion" id="fe4b5e58-278c-4b08-8405-c9911996ac49" name="Not SOAP Fault"/><con:assertion type="SOAP Response" id="6ea636e0-3c72-461d-bd89-f1c82e612a40" name="SOAP Response"/><con:assertion type="Schema Compliance" id="6163ab83-e8c2-4c5e-8033-334e64af8231" name="Schema Compliance"><con:configuration/></con:assertion><con:wsaConfig action="http://fidus.brussels/services/accessmanagerservice/getOrganisationDenomination"/></con:request></con:config></con:testStep><con:testStep type="request" id="bc701d93-5dde-420a-945f-cd3c5c590a93" name="testcase4 - Staging - Worker2 - Request"><con:settings/><con:config xsi:type="con:RequestStep" xmlns:xsi="http://www.w3.org/2001/XMLSchema-instance"><con:interface>AccessManagerServiceHTTPBinding</con:interface><con:operation>getOrganisationDenomination</con:operation><con:request name="testcase4 - Staging - Worker2 - Request" id="7bd32288-24f0-4dc7-9766-e672022e1e94" outgoingWss="Outflow STAG"><con:settings/><con:encoding>UTF-8</con:encoding><con:endpoint>https://192.168.24.64:8443/services/AccessManagerService_v1.0</con:endpoint><con:request><![CDATA[<soapenv:Envelope xmlns:soapenv="http://schemas.xmlsoap.org/soap/envelope/" xmlns:v1="http://fidus.brussels/service/accessmanagerservice/messages/v1" xmlns:v11="http://fidus.brussels/type/common/messages/v1" xmlns:v31="http://socialsecurity.be/umanentityrepresentative/types/v3">
   <soapenv:Header/>
   <soapenv:Body>
      <v1:getOrganisationDenominationRequest>
         <v1:messageContext>
         	  <v11:messageId>${=import static java.util.UUID.randomUUID; uuid = randomUUID() as String}</v11:messageId>
            <v11:timestamp>${=new java.text.SimpleDateFormat("yyyy-MM-dd'T'HH:mm:ss.SSS").format(new Date())}</v11:timestamp>
         </v1:messageContext>
         <v1:legalContext>ServiceIntegrator</v1:legalContext>
         <v1:request>
            <v1:Domain>QUAL_FED_HEALTHCARE</v1:Domain>
            <v1:OrganisationId>
               <v31:Identifier>1990000431</v31:Identifier>
               <v31:IdentifierType>BEEHP</v31:IdentifierType>
            </v1:OrganisationId>
            <v1:Language>nl</v1:Language>
         </v1:request>
      </v1:getOrganisationDenominationRequest>
   </soapenv:Body>
</soapenv:Envelope>]]></con:request><con:assertion type="SOAP Fault Assertion" id="a56acba6-8191-41f4-9c56-3eda64270bf8" name="Not SOAP Fault"/><con:assertion type="SOAP Response" id="6ab7978b-34bc-4901-bf3e-3e8c29690f14" name="SOAP Response"/><con:assertion type="Schema Compliance" id="41d857e0-440e-4c7b-9c4f-f3b474d02ef6" name="Schema Compliance"><con:configuration/></con:assertion><con:wsaConfig action="http://fidus.brussels/services/accessmanagerservice/getOrganisationDenomination"/></con:request></con:config></con:testStep><con:testStep type="request" id="3e1ae49c-39ef-465e-b2fe-96dedac3c08e" name="testcase4 - Staging - Worker1New - Request"><con:settings/><con:config xsi:type="con:RequestStep" xmlns:xsi="http://www.w3.org/2001/XMLSchema-instance"><con:interface>AccessManagerServiceHTTPBinding</con:interface><con:operation>getOrganisationDenomination</con:operation><con:request name="testcase4 - Staging - Worker1New - Request" id="075cf2a5-6b0b-4a79-beef-a2b9ff72d559" outgoingWss="Outflow STAG"><con:settings/><con:encoding>UTF-8</con:encoding><con:endpoint>https://192.168.24.57:8443/services/AccessManagerService_v1.0</con:endpoint><con:request><![CDATA[<soapenv:Envelope xmlns:soapenv="http://schemas.xmlsoap.org/soap/envelope/" xmlns:v1="http://fidus.brussels/service/accessmanagerservice/messages/v1" xmlns:v11="http://fidus.brussels/type/common/messages/v1" xmlns:v31="http://socialsecurity.be/umanentityrepresentative/types/v3">
   <soapenv:Header/>
   <soapenv:Body>
      <v1:getOrganisationDenominationRequest>
         <v1:messageContext>
         	  <v11:messageId>${=import static java.util.UUID.randomUUID; uuid = randomUUID() as String}</v11:messageId>
            <v11:timestamp>${=new java.text.SimpleDateFormat("yyyy-MM-dd'T'HH:mm:ss.SSS").format(new Date())}</v11:timestamp>
         </v1:messageContext>
         <v1:legalContext>ServiceIntegrator</v1:legalContext>
         <v1:request>
            <v1:Domain>QUAL_FED_HEALTHCARE</v1:Domain>
            <v1:OrganisationId>
               <v31:Identifier>1990000431</v31:Identifier>
               <v31:IdentifierType>BEEHP</v31:IdentifierType>
            </v1:OrganisationId>
            <v1:Language>nl</v1:Language>
         </v1:request>
      </v1:getOrganisationDenominationRequest>
   </soapenv:Body>
</soapenv:Envelope>]]></con:request><con:assertion type="SOAP Fault Assertion" id="d0e56692-100c-463a-aee6-67b385544356" name="Not SOAP Fault"/><con:assertion type="SOAP Response" id="18464a11-8fe1-4664-8b1e-2c6a659c3d11" name="SOAP Response"/><con:assertion type="Schema Compliance" id="2b73eac8-cf0e-4cf4-94c3-fe3f5f0309b8" name="Schema Compliance"><con:configuration/></con:assertion><con:wsaConfig action="http://fidus.brussels/services/accessmanagerservice/getOrganisationDenomination"/></con:request></con:config></con:testStep><con:testStep type="request" id="4f22dd3d-cd42-4f12-a3ad-43f0da0ce0cc" name="testcase4 - Staging - Worker2New - Request"><con:settings/><con:config xsi:type="con:RequestStep" xmlns:xsi="http://www.w3.org/2001/XMLSchema-instance"><con:interface>AccessManagerServiceHTTPBinding</con:interface><con:operation>getOrganisationDenomination</con:operation><con:request name="testcase4 - Staging - Worker2New - Request" id="c30aec09-2b6c-4a56-8bb0-0b9a60893f02" outgoingWss="Outflow STAG"><con:settings/><con:encoding>UTF-8</con:encoding><con:endpoint>https://192.168.24.64:8443/services/AccessManagerService_v1.0</con:endpoint><con:request><![CDATA[<soapenv:Envelope xmlns:soapenv="http://schemas.xmlsoap.org/soap/envelope/" xmlns:v1="http://fidus.brussels/service/accessmanagerservice/messages/v1" xmlns:v11="http://fidus.brussels/type/common/messages/v1" xmlns:v31="http://socialsecurity.be/umanentityrepresentative/types/v3">
   <soapenv:Header/>
   <soapenv:Body>
      <v1:getOrganisationDenominationRequest>
         <v1:messageContext>
         	  <v11:messageId>${=import static java.util.UUID.randomUUID; uuid = randomUUID() as String}</v11:messageId>
            <v11:timestamp>${=new java.text.SimpleDateFormat("yyyy-MM-dd'T'HH:mm:ss.SSS").format(new Date())}</v11:timestamp>
         </v1:messageContext>
         <v1:legalContext>ServiceIntegrator</v1:legalContext>
         <v1:request>
            <v1:Domain>QUAL_FED_HEALTHCARE</v1:Domain>
            <v1:OrganisationId>
               <v31:Identifier>1990000431</v31:Identifier>
               <v31:IdentifierType>BEEHP</v31:IdentifierType>
            </v1:OrganisationId>
            <v1:Language>nl</v1:Language>
         </v1:request>
      </v1:getOrganisationDenominationRequest>
   </soapenv:Body>
</soapenv:Envelope>]]></con:request><con:assertion type="SOAP Fault Assertion" id="dd199f8d-879f-41cb-9b9e-8e36badd3d07" name="Not SOAP Fault"/><con:assertion type="SOAP Response" id="c96f61de-daa0-4743-a35a-8501bc8af772" name="SOAP Response"/><con:assertion type="Schema Compliance" id="5f42aecc-3948-4c87-82cd-7e89cb0c0465" name="Schema Compliance"><con:configuration/></con:assertion><con:wsaConfig action="http://fidus.brussels/services/accessmanagerservice/getOrganisationDenomination"/></con:request></con:config></con:testStep><con:testStep type="request" id="d2761cf4-9d14-4d73-b7d4-0b6cb6d4e042" name="testcase4 - Staging - External - Request"><con:settings/><con:config xsi:type="con:RequestStep" xmlns:xsi="http://www.w3.org/2001/XMLSchema-instance"><con:interface>AccessManagerServiceHTTPBinding</con:interface><con:operation>getOrganisationDenomination</con:operation><con:request name="testcase4 - Staging - External - Request" id="1800a83e-6a4d-437b-9e0a-ac027033ea04" outgoingWss="Outflow STAG"><con:settings/><con:encoding>UTF-8</con:encoding><con:endpoint>https://fidus-esb-sg.sta.srv.cirb.lan:8443/services/AccessManagerService_v1.0</con:endpoint><con:request><![CDATA[<soapenv:Envelope xmlns:soapenv="http://schemas.xmlsoap.org/soap/envelope/" xmlns:v1="http://fidus.brussels/service/accessmanagerservice/messages/v1" xmlns:v11="http://fidus.brussels/type/common/messages/v1" xmlns:v31="http://socialsecurity.be/umanentityrepresentative/types/v3">
   <soapenv:Header/>
   <soapenv:Body>
      <v1:getOrganisationDenominationRequest>
         <v1:messageContext>
         	  <v11:messageId>${=import static java.util.UUID.randomUUID; uuid = randomUUID() as String}</v11:messageId>
            <v11:timestamp>${=new java.text.SimpleDateFormat("yyyy-MM-dd'T'HH:mm:ss.SSS").format(new Date())}</v11:timestamp>
         </v1:messageContext>
         <v1:legalContext>ServiceIntegrator</v1:legalContext>
         <v1:request>
            <v1:Domain>QUAL_FED_HEALTHCARE</v1:Domain>
            <v1:OrganisationId>
               <v31:Identifier>1990000431</v31:Identifier>
               <v31:IdentifierType>BEEHP</v31:IdentifierType>
            </v1:OrganisationId>
            <v1:Language>nl</v1:Language>
         </v1:request>
      </v1:getOrganisationDenominationRequest>
   </soapenv:Body>
</soapenv:Envelope>]]></con:request><con:assertion type="SOAP Fault Assertion" id="6fba87d9-c629-4af4-a3b4-743086810725" name="Not SOAP Fault"/><con:assertion type="SOAP Response" id="a684ba69-258f-4384-aef7-ea6d41e984aa" name="SOAP Response"/><con:assertion type="Schema Compliance" id="a635caf3-5fc1-487f-ae6c-64b79404ddd4" name="Schema Compliance"><con:configuration/></con:assertion><con:wsaConfig action="http://fidus.brussels/services/accessmanagerservice/getOrganisationDenomination"/></con:request></con:config></con:testStep><con:properties/></con:testCase><con:testCase id="01e99b13-3bac-4644-9f41-97ffedb0e473" failOnError="true" failTestCaseOnErrors="true" keepSession="false" maxResults="0" name="getOrganisationParentNodes" searchProperties="true"><con:settings/><con:testStep type="request" id="5658f470-d2e2-45af-8536-1e9b06cd5507" name="testcase4 - Staging - LB - Request"><con:settings/><con:config xsi:type="con:RequestStep" xmlns:xsi="http://www.w3.org/2001/XMLSchema-instance"><con:interface>AccessManagerServiceHTTPBinding</con:interface><con:operation>getOrganisationParentNodes</con:operation><con:request name="testcase4 - Staging - LB - Request" id="2bb92d61-8561-415e-bb3a-5cff092de4c7" outgoingWss="Outflow STAG"><con:settings/><con:encoding>UTF-8</con:encoding><con:endpoint>https://fidus-esb-sg.sta.srv.cirb.lan:8443/services/AccessManagerService_v1.0</con:endpoint><con:request><![CDATA[<soapenv:Envelope xmlns:soapenv="http://schemas.xmlsoap.org/soap/envelope/" xmlns:v1="http://fidus.brussels/service/accessmanagerservice/messages/v1" xmlns:v11="http://fidus.brussels/type/common/messages/v1" xmlns:v31="http://socialsecurity.be/umanentityrepresentative/types/v3">
   <soapenv:Header/>
   <soapenv:Body>
      <v1:getOrganisationParentNodesRequest>
         <v1:messageContext>
         	  <v11:messageId>${=import static java.util.UUID.randomUUID; uuid = randomUUID() as String}</v11:messageId>
            <v11:timestamp>${=new java.text.SimpleDateFormat("yyyy-MM-dd'T'HH:mm:ss.SSS").format(new Date())}</v11:timestamp>
         </v1:messageContext>
         <v1:legalContext>ServiceIntegrator</v1:legalContext>
         <v1:request>
            <v1:Domain>QUAL_FED_HEALTHCARE</v1:Domain>
            <v1:OrganisationId>
               <v31:Identifier>1990000431</v31:Identifier>
               <v31:IdentifierType>BEEHP</v31:IdentifierType>
            </v1:OrganisationId>
            <v1:Language>nl</v1:Language>
         </v1:request>
      </v1:getOrganisationParentNodesRequest>
   </soapenv:Body>
</soapenv:Envelope>]]></con:request><con:assertion type="SOAP Fault Assertion" id="f57855bb-7cb8-4929-9c18-5c1ac7baeade" name="Not SOAP Fault"/><con:assertion type="SOAP Response" id="171c7096-7aad-4b9c-b541-1d09931bf841" name="SOAP Response"/><con:assertion type="Schema Compliance" id="f320b997-2127-4a8d-b411-878de8a4b11d" name="Schema Compliance"><con:configuration/></con:assertion><con:wsaConfig action="http://fidus.brussels/services/accessmanagerservice/getOrganisationParentNodes"/></con:request></con:config></con:testStep><con:testStep type="request" id="faac1723-3412-4372-8a4a-d7a7447bea76" name="testcase4 - Staging - Worker1 - Request"><con:settings/><con:config xsi:type="con:RequestStep" xmlns:xsi="http://www.w3.org/2001/XMLSchema-instance"><con:interface>AccessManagerServiceHTTPBinding</con:interface><con:operation>getOrganisationParentNodes</con:operation><con:request name="testcase4 - Staging - Worker1 - Request" id="12b5605f-e498-4b74-ad63-3464cb7dc923" outgoingWss="Outflow STAG"><con:settings/><con:encoding>UTF-8</con:encoding><con:endpoint>https://192.168.24.57:8443/services/AccessManagerService_v1.0</con:endpoint><con:request><![CDATA[<soapenv:Envelope xmlns:soapenv="http://schemas.xmlsoap.org/soap/envelope/" xmlns:v1="http://fidus.brussels/service/accessmanagerservice/messages/v1" xmlns:v11="http://fidus.brussels/type/common/messages/v1" xmlns:v31="http://socialsecurity.be/umanentityrepresentative/types/v3">
   <soapenv:Header/>
   <soapenv:Body>
      <v1:getOrganisationParentNodesRequest>
         <v1:messageContext>
         	  <v11:messageId>${=import static java.util.UUID.randomUUID; uuid = randomUUID() as String}</v11:messageId>
            <v11:timestamp>${=new java.text.SimpleDateFormat("yyyy-MM-dd'T'HH:mm:ss.SSS").format(new Date())}</v11:timestamp>
         </v1:messageContext>
         <v1:legalContext>ServiceIntegrator</v1:legalContext>
         <v1:request>
            <v1:Domain>QUAL_FED_HEALTHCARE</v1:Domain>
            <v1:OrganisationId>
               <v31:Identifier>1990000431</v31:Identifier>
               <v31:IdentifierType>BEEHP</v31:IdentifierType>
            </v1:OrganisationId>
            <v1:Language>nl</v1:Language>
         </v1:request>
      </v1:getOrganisationParentNodesRequest>
   </soapenv:Body>
</soapenv:Envelope>]]></con:request><con:assertion type="SOAP Fault Assertion" id="edcfb521-d44d-46c0-bf19-96eb29306a3a" name="Not SOAP Fault"/><con:assertion type="SOAP Response" id="a54edcb2-bb13-4adf-8df8-d34d906c8872" name="SOAP Response"/><con:assertion type="Schema Compliance" id="e0220155-7253-4213-9a19-92524d11e1d1" name="Schema Compliance"><con:configuration/></con:assertion><con:wsaConfig action="http://fidus.brussels/services/accessmanagerservice/getOrganisationParentNodes"/></con:request></con:config></con:testStep><con:testStep type="request" id="6a4aa4e7-453e-4bb6-af97-df4f8b2fcba8" name="testcase4 - Staging - Worker2 - Request"><con:settings/><con:config xsi:type="con:RequestStep" xmlns:xsi="http://www.w3.org/2001/XMLSchema-instance"><con:interface>AccessManagerServiceHTTPBinding</con:interface><con:operation>getOrganisationParentNodes</con:operation><con:request name="testcase4 - Staging - Worker2 - Request" id="f1fdc0b2-6fbd-4413-9baf-9dd3e18e79e6" outgoingWss="Outflow STAG"><con:settings/><con:encoding>UTF-8</con:encoding><con:endpoint>https://192.168.24.64:8443/services/AccessManagerService_v1.0</con:endpoint><con:request><![CDATA[<soapenv:Envelope xmlns:soapenv="http://schemas.xmlsoap.org/soap/envelope/" xmlns:v1="http://fidus.brussels/service/accessmanagerservice/messages/v1" xmlns:v11="http://fidus.brussels/type/common/messages/v1" xmlns:v31="http://socialsecurity.be/umanentityrepresentative/types/v3">
   <soapenv:Header/>
   <soapenv:Body>
      <v1:getOrganisationParentNodesRequest>
         <v1:messageContext>
         	  <v11:messageId>${=import static java.util.UUID.randomUUID; uuid = randomUUID() as String}</v11:messageId>
            <v11:timestamp>${=new java.text.SimpleDateFormat("yyyy-MM-dd'T'HH:mm:ss.SSS").format(new Date())}</v11:timestamp>
         </v1:messageContext>
         <v1:legalContext>ServiceIntegrator</v1:legalContext>
         <v1:request>
            <v1:Domain>QUAL_FED_HEALTHCARE</v1:Domain>
            <v1:OrganisationId>
               <v31:Identifier>1990000431</v31:Identifier>
               <v31:IdentifierType>BEEHP</v31:IdentifierType>
            </v1:OrganisationId>
            <v1:Language>nl</v1:Language>
         </v1:request>
      </v1:getOrganisationParentNodesRequest>
   </soapenv:Body>
</soapenv:Envelope>]]></con:request><con:assertion type="SOAP Fault Assertion" id="5a626cdf-b2ee-40ad-b79f-495407279196" name="Not SOAP Fault"/><con:assertion type="SOAP Response" id="a91a32d5-4537-45c3-ab4b-2c0c4fca6f5c" name="SOAP Response"/><con:assertion type="Schema Compliance" id="dff9da22-ec65-49a7-83bc-0afc4dbb6af0" name="Schema Compliance"><con:configuration/></con:assertion><con:wsaConfig action="http://fidus.brussels/services/accessmanagerservice/getOrganisationParentNodes"/></con:request></con:config></con:testStep><con:testStep type="request" id="08d83e72-5eb7-40b7-b150-ee7699e069b1" name="testcase4 - Staging - Worker1New - Request"><con:settings/><con:config xsi:type="con:RequestStep" xmlns:xsi="http://www.w3.org/2001/XMLSchema-instance"><con:interface>AccessManagerServiceHTTPBinding</con:interface><con:operation>getOrganisationParentNodes</con:operation><con:request name="testcase4 - Staging - Worker1New - Request" id="f2e0caf3-2aa0-4c71-aab9-ca67e2a0423b" outgoingWss="Outflow STAG"><con:settings/><con:encoding>UTF-8</con:encoding><con:endpoint>https://192.168.24.57:8443/services/AccessManagerService_v1.0</con:endpoint><con:request><![CDATA[<soapenv:Envelope xmlns:soapenv="http://schemas.xmlsoap.org/soap/envelope/" xmlns:v1="http://fidus.brussels/service/accessmanagerservice/messages/v1" xmlns:v11="http://fidus.brussels/type/common/messages/v1" xmlns:v31="http://socialsecurity.be/umanentityrepresentative/types/v3">
   <soapenv:Header/>
   <soapenv:Body>
      <v1:getOrganisationParentNodesRequest>
         <v1:messageContext>
         	  <v11:messageId>${=import static java.util.UUID.randomUUID; uuid = randomUUID() as String}</v11:messageId>
            <v11:timestamp>${=new java.text.SimpleDateFormat("yyyy-MM-dd'T'HH:mm:ss.SSS").format(new Date())}</v11:timestamp>
         </v1:messageContext>
         <v1:legalContext>ServiceIntegrator</v1:legalContext>
         <v1:request>
            <v1:Domain>QUAL_FED_HEALTHCARE</v1:Domain>
            <v1:OrganisationId>
               <v31:Identifier>1990000431</v31:Identifier>
               <v31:IdentifierType>BEEHP</v31:IdentifierType>
            </v1:OrganisationId>
            <v1:Language>nl</v1:Language>
         </v1:request>
      </v1:getOrganisationParentNodesRequest>
   </soapenv:Body>
</soapenv:Envelope>]]></con:request><con:assertion type="SOAP Fault Assertion" id="4cae019b-175c-4c73-8525-10d0594ccfc3" name="Not SOAP Fault"/><con:assertion type="SOAP Response" id="2d60b513-78f5-49f2-a0b9-d127354a0904" name="SOAP Response"/><con:assertion type="Schema Compliance" id="3714588d-2cad-46ed-9bf6-c766e4dab270" name="Schema Compliance"><con:configuration/></con:assertion><con:wsaConfig action="http://fidus.brussels/services/accessmanagerservice/getOrganisationParentNodes"/></con:request></con:config></con:testStep><con:testStep type="request" id="b94e842c-b9a6-4c62-95c9-4011884ea254" name="testcase4 - Staging - Worker2New - Request"><con:settings/><con:config xsi:type="con:RequestStep" xmlns:xsi="http://www.w3.org/2001/XMLSchema-instance"><con:interface>AccessManagerServiceHTTPBinding</con:interface><con:operation>getOrganisationParentNodes</con:operation><con:request name="testcase4 - Staging - Worker2New - Request" id="6ecfd75f-f5dc-4634-a31f-1e7bfaac6b29" outgoingWss="Outflow STAG"><con:settings/><con:encoding>UTF-8</con:encoding><con:endpoint>https://192.168.24.64:8443/services/AccessManagerService_v1.0</con:endpoint><con:request><![CDATA[<soapenv:Envelope xmlns:soapenv="http://schemas.xmlsoap.org/soap/envelope/" xmlns:v1="http://fidus.brussels/service/accessmanagerservice/messages/v1" xmlns:v11="http://fidus.brussels/type/common/messages/v1" xmlns:v31="http://socialsecurity.be/umanentityrepresentative/types/v3">
   <soapenv:Header/>
   <soapenv:Body>
      <v1:getOrganisationParentNodesRequest>
         <v1:messageContext>
         	  <v11:messageId>${=import static java.util.UUID.randomUUID; uuid = randomUUID() as String}</v11:messageId>
            <v11:timestamp>${=new java.text.SimpleDateFormat("yyyy-MM-dd'T'HH:mm:ss.SSS").format(new Date())}</v11:timestamp>
         </v1:messageContext>
         <v1:legalContext>ServiceIntegrator</v1:legalContext>
         <v1:request>
            <v1:Domain>QUAL_FED_HEALTHCARE</v1:Domain>
            <v1:OrganisationId>
               <v31:Identifier>1990000431</v31:Identifier>
               <v31:IdentifierType>BEEHP</v31:IdentifierType>
            </v1:OrganisationId>
            <v1:Language>nl</v1:Language>
         </v1:request>
      </v1:getOrganisationParentNodesRequest>
   </soapenv:Body>
</soapenv:Envelope>]]></con:request><con:assertion type="SOAP Fault Assertion" id="54515734-0a28-4f6a-978e-5138934bf726" name="Not SOAP Fault"/><con:assertion type="SOAP Response" id="df32fd3e-ebd5-4aac-84d9-14dc2018f3a0" name="SOAP Response"/><con:assertion type="Schema Compliance" id="f8fb84e0-4996-447a-8cf2-8db81e41d42a" name="Schema Compliance"><con:configuration/></con:assertion><con:wsaConfig action="http://fidus.brussels/services/accessmanagerservice/getOrganisationParentNodes"/></con:request></con:config></con:testStep><con:testStep type="request" id="fa696f73-bfc6-4f4b-9bab-59d3f443d220" name="testcase4 - Staging - External - Request"><con:settings/><con:config xsi:type="con:RequestStep" xmlns:xsi="http://www.w3.org/2001/XMLSchema-instance"><con:interface>AccessManagerServiceHTTPBinding</con:interface><con:operation>getOrganisationParentNodes</con:operation><con:request name="testcase4 - Staging - External - Request" id="a0bef523-8818-4c3a-8761-55323f3bd779" outgoingWss="Outflow STAG"><con:settings/><con:encoding>UTF-8</con:encoding><con:endpoint>https://fidus-esb-sg.sta.srv.cirb.lan:8443/services/AccessManagerService_v1.0</con:endpoint><con:request><![CDATA[<soapenv:Envelope xmlns:soapenv="http://schemas.xmlsoap.org/soap/envelope/" xmlns:v1="http://fidus.brussels/service/accessmanagerservice/messages/v1" xmlns:v11="http://fidus.brussels/type/common/messages/v1" xmlns:v31="http://socialsecurity.be/umanentityrepresentative/types/v3">
   <soapenv:Header/>
   <soapenv:Body>
      <v1:getOrganisationParentNodesRequest>
         <v1:messageContext>
         	  <v11:messageId>${=import static java.util.UUID.randomUUID; uuid = randomUUID() as String}</v11:messageId>
            <v11:timestamp>${=new java.text.SimpleDateFormat("yyyy-MM-dd'T'HH:mm:ss.SSS").format(new Date())}</v11:timestamp>
         </v1:messageContext>
         <v1:legalContext>ServiceIntegrator</v1:legalContext>
         <v1:request>
            <v1:Domain>QUAL_FED_HEALTHCARE</v1:Domain>
            <v1:OrganisationId>
               <v31:Identifier>1990000431</v31:Identifier>
               <v31:IdentifierType>BEEHP</v31:IdentifierType>
            </v1:OrganisationId>
            <v1:Language>nl</v1:Language>
         </v1:request>
      </v1:getOrganisationParentNodesRequest>
   </soapenv:Body>
</soapenv:Envelope>]]></con:request><con:assertion type="SOAP Fault Assertion" id="8e065f73-a341-46b5-8879-48f16599bf4f" name="Not SOAP Fault"/><con:assertion type="SOAP Response" id="62c1308e-67f9-46a3-9e60-95f057e9c6e6" name="SOAP Response"/><con:assertion type="Schema Compliance" id="bde630e4-6024-496a-8683-a696b7fe8b84" name="Schema Compliance"><con:configuration/></con:assertion><con:wsaConfig action="http://fidus.brussels/services/accessmanagerservice/getOrganisationParentNodes"/></con:request></con:config></con:testStep><con:properties/></con:testCase><con:properties/></con:testSuite><con:testSuite id="5715c4a3-03ea-43bd-923e-31285e1d1ea3" name="PROD"><con:settings/><con:runType>SEQUENTIAL</con:runType><con:testCase id="f315b14a-c245-41fa-8fe4-aff4fdc98605" failOnError="true" failTestCaseOnErrors="true" keepSession="false" maxResults="0" name="findRepresentativeRolesByINSS" searchProperties="true"><con:settings/><con:testStep type="request" id="3d431495-5b8e-459e-b32b-e009d9f73b92" name="testcase5 - Prod - External - Request"><con:settings/><con:config xsi:type="con:RequestStep" xmlns:xsi="http://www.w3.org/2001/XMLSchema-instance"><con:interface>AccessManagerServiceHTTPBinding</con:interface><con:operation>findRepresentativeRolesByINSS</con:operation><con:request name="testcase5 - Prod - External - Request" id="0e4f3cfa-5328-45a7-b4da-ffee13ad5eab" outgoingWss="Outflow PROD"><con:settings/><con:encoding>UTF-8</con:encoding><con:endpoint>https://fidus.sec.brussels/services/AccessManagerService_v1.0</con:endpoint><con:request><![CDATA[<soapenv:Envelope xmlns:soapenv="http://schemas.xmlsoap.org/soap/envelope/" xmlns:v1="http://fidus.brussels/service/accessmanagerservice/messages/v1" xmlns:v11="http://fidus.brussels/type/common/messages/v1" xmlns:v3="http://socialsecurity.be/umanentityrepresentative/types/v3">
   <soapenv:Header/>
   <soapenv:Body>
      <v1:findRepresentativeRolesByINSSRequest>
         <v1:messageContext>
         	  <v11:messageId>${=import static java.util.UUID.randomUUID; uuid = randomUUID() as String}</v11:messageId>
            <v11:timestamp>${=new java.text.SimpleDateFormat("yyyy-MM-dd'T'HH:mm:ss.SSS").format(new Date())}</v11:timestamp>
         </v1:messageContext>
         <v1:legalContext>ServiceIntegrator</v1:legalContext>
         <v1:request>
            <v1:Domain>QUAL_FED_HEALTHCARE</v1:Domain>
            <v1:INSS>86051933959</v1:INSS>
            <v1:Language>nl</v1:Language>
         </v1:request>
      </v1:findRepresentativeRolesByINSSRequest>
   </soapenv:Body>
</soapenv:Envelope>]]></con:request><con:assertion type="SOAP Fault Assertion" id="693ff94f-7aad-4962-8536-cc6895014030" name="Not SOAP Fault"/><con:assertion type="SOAP Response" id="5c8a4eb5-efe3-49c5-a142-ee5c2fc9dc75" name="SOAP Response"/><con:assertion type="Schema Compliance" id="9536ac81-2c59-4513-b8c1-ffcf0489cb27" name="Schema Compliance"><con:configuration/></con:assertion><con:wsaConfig action="http://fidus.brussels/services/accessmanagerservice/findRepresentativeRolesByINSS"/></con:request></con:config></con:testStep><con:testStep type="request" id="cbd51b0b-8704-46a9-91a6-9c6adbbf6316" name="testcase5 - Prod - LB - Request"><con:settings/><con:config xsi:type="con:RequestStep" xmlns:xsi="http://www.w3.org/2001/XMLSchema-instance"><con:interface>AccessManagerServiceHTTPBinding</con:interface><con:operation>findRepresentativeRolesByINSS</con:operation><con:request name="testcase5 - Prod - LB - Request" id="ca3994a0-46bc-4a28-87f0-faa27b91bd07" outgoingWss="Outflow PROD"><con:settings/><con:encoding>UTF-8</con:encoding><con:endpoint>https://fidus-esb-sg.prd.srv.cirb.lan:8443/services/AccessManagerService_v1.0</con:endpoint><con:request><![CDATA[<soapenv:Envelope xmlns:soapenv="http://schemas.xmlsoap.org/soap/envelope/" xmlns:v1="http://fidus.brussels/service/accessmanagerservice/messages/v1" xmlns:v11="http://fidus.brussels/type/common/messages/v1" xmlns:v3="http://socialsecurity.be/umanentityrepresentative/types/v3">
   <soapenv:Header/>
   <soapenv:Body>
      <v1:findRepresentativeRolesByINSSRequest>
         <v1:messageContext>
         	  <v11:messageId>${=import static java.util.UUID.randomUUID; uuid = randomUUID() as String}</v11:messageId>
            <v11:timestamp>${=new java.text.SimpleDateFormat("yyyy-MM-dd'T'HH:mm:ss.SSS").format(new Date())}</v11:timestamp>
         </v1:messageContext>
         <v1:legalContext>ServiceIntegrator</v1:legalContext>
         <v1:request>
            <v1:Domain>QUAL_FED_HEALTHCARE</v1:Domain>
            <v1:INSS>86051933959</v1:INSS>
            <v1:Language>nl</v1:Language>
         </v1:request>
      </v1:findRepresentativeRolesByINSSRequest>
   </soapenv:Body>
</soapenv:Envelope>]]></con:request><con:assertion type="SOAP Fault Assertion" id="de6941d2-6987-4775-ab9d-a13f87287392" name="Not SOAP Fault"/><con:assertion type="SOAP Response" id="e8c7d85b-de3e-4e1a-8aa0-03dcd5e32c3f" name="SOAP Response"/><con:assertion type="Schema Compliance" id="98ad9d7e-99ac-4ed0-b653-eac99dad6e00" name="Schema Compliance"><con:configuration/></con:assertion><con:wsaConfig action="http://fidus.brussels/services/accessmanagerservice/findRepresentativeRolesByINSS"/></con:request></con:config></con:testStep><con:testStep type="request" id="1d158eff-3946-423c-a0e5-48286167a902" name="testcase5 - Prod - Worker1 - Request"><con:settings/><con:config xsi:type="con:RequestStep" xmlns:xsi="http://www.w3.org/2001/XMLSchema-instance"><con:interface>AccessManagerServiceHTTPBinding</con:interface><con:operation>findRepresentativeRolesByINSS</con:operation><con:request name="testcase5 - Prod - Worker1 - Request" id="d6fce943-9e60-495c-8b49-9b049bf563a1" outgoingWss="Outflow PROD"><con:settings/><con:encoding>UTF-8</con:encoding><con:endpoint>https://192.168.26.22:8443/services/AccessManagerService_v1.0</con:endpoint><con:request><![CDATA[<soapenv:Envelope xmlns:soapenv="http://schemas.xmlsoap.org/soap/envelope/" xmlns:v1="http://fidus.brussels/service/accessmanagerservice/messages/v1" xmlns:v11="http://fidus.brussels/type/common/messages/v1" xmlns:v3="http://socialsecurity.be/umanentityrepresentative/types/v3">
   <soapenv:Header/>
   <soapenv:Body>
      <v1:findRepresentativeRolesByINSSRequest>
         <v1:messageContext>
         	  <v11:messageId>${=import static java.util.UUID.randomUUID; uuid = randomUUID() as String}</v11:messageId>
            <v11:timestamp>${=new java.text.SimpleDateFormat("yyyy-MM-dd'T'HH:mm:ss.SSS").format(new Date())}</v11:timestamp>
         </v1:messageContext>
         <v1:legalContext>ServiceIntegrator</v1:legalContext>
         <v1:request>
            <v1:Domain>QUAL_FED_HEALTHCARE</v1:Domain>
            <v1:INSS>86051933959</v1:INSS>
            <v1:Language>nl</v1:Language>
         </v1:request>
      </v1:findRepresentativeRolesByINSSRequest>
   </soapenv:Body>
</soapenv:Envelope>]]></con:request><con:assertion type="SOAP Fault Assertion" id="9c3f315b-f289-489a-b7f5-0810df3943b3" name="Not SOAP Fault"/><con:assertion type="SOAP Response" id="0708f2d5-24de-464e-bca8-99b366c3c177" name="SOAP Response"/><con:assertion type="Schema Compliance" id="89808e69-a505-4487-bd12-2c11147efcde" name="Schema Compliance"><con:configuration/></con:assertion><con:wsaConfig action="http://fidus.brussels/services/accessmanagerservice/findRepresentativeRolesByINSS"/></con:request></con:config></con:testStep><con:testStep type="request" id="3c273c92-0dbc-45a1-894d-55c7094b281c" name="testcase5 - Prod - Worker2 - Request"><con:settings/><con:config xsi:type="con:RequestStep" xmlns:xsi="http://www.w3.org/2001/XMLSchema-instance"><con:interface>AccessManagerServiceHTTPBinding</con:interface><con:operation>findRepresentativeRolesByINSS</con:operation><con:request name="testcase5 - Prod - Worker2 - Request" id="14ef2238-f852-458b-afbc-65ba507921e1" outgoingWss="Outflow PROD"><con:settings/><con:encoding>UTF-8</con:encoding><con:endpoint>https://192.168.26.19:8443/services/AccessManagerService_v1.0</con:endpoint><con:request><![CDATA[<soapenv:Envelope xmlns:soapenv="http://schemas.xmlsoap.org/soap/envelope/" xmlns:v1="http://fidus.brussels/service/accessmanagerservice/messages/v1" xmlns:v11="http://fidus.brussels/type/common/messages/v1" xmlns:v3="http://socialsecurity.be/umanentityrepresentative/types/v3">
   <soapenv:Header/>
   <soapenv:Body>
      <v1:findRepresentativeRolesByINSSRequest>
         <v1:messageContext>
         	  <v11:messageId>${=import static java.util.UUID.randomUUID; uuid = randomUUID() as String}</v11:messageId>
            <v11:timestamp>${=new java.text.SimpleDateFormat("yyyy-MM-dd'T'HH:mm:ss.SSS").format(new Date())}</v11:timestamp>
         </v1:messageContext>
         <v1:legalContext>ServiceIntegrator</v1:legalContext>
         <v1:request>
            <v1:Domain>QUAL_FED_HEALTHCARE</v1:Domain>
            <v1:INSS>86051933959</v1:INSS>
            <v1:Language>nl</v1:Language>
         </v1:request>
      </v1:findRepresentativeRolesByINSSRequest>
   </soapenv:Body>
</soapenv:Envelope>]]></con:request><con:assertion type="SOAP Fault Assertion" id="f21efe98-321a-41d8-97b0-25d80d706c52" name="Not SOAP Fault"/><con:assertion type="SOAP Response" id="9fb6350c-5a28-4844-94b9-e4dac1ef996e" name="SOAP Response"/><con:assertion type="Schema Compliance" id="7f73bb22-e9c9-4d25-a6f9-e40324e010f8" name="Schema Compliance"><con:configuration/></con:assertion><con:wsaConfig action="http://fidus.brussels/services/accessmanagerservice/findRepresentativeRolesByINSS"/></con:request></con:config></con:testStep><con:properties/></con:testCase><con:testCase id="55c3b504-c0b7-474e-8afe-f2b7903c3c47" failOnError="true" failTestCaseOnErrors="true" keepSession="false" maxResults="0" name="getDomain" searchProperties="true"><con:settings/><con:testStep type="request" id="ac997bd1-0cca-474c-8c37-b18bdf46de32" name="testcase5 - Prod - External - Request"><con:settings/><con:config xsi:type="con:RequestStep" xmlns:xsi="http://www.w3.org/2001/XMLSchema-instance"><con:interface>AccessManagerServiceHTTPBinding</con:interface><con:operation>getDomain</con:operation><con:request name="testcase5 - Prod - External - Request" id="72dea704-ddc6-403c-8f1b-2cfa8ea331bf" outgoingWss="Outflow PROD"><con:settings/><con:encoding>UTF-8</con:encoding><con:endpoint>https://fidus.sec.brussels/services/AccessManagerService_v1.0</con:endpoint><con:request><![CDATA[<soapenv:Envelope xmlns:soapenv="http://schemas.xmlsoap.org/soap/envelope/" xmlns:v1="http://fidus.brussels/service/accessmanagerservice/messages/v1" xmlns:v11="http://fidus.brussels/type/common/messages/v1" >
   <soapenv:Header/>
   <soapenv:Body>
      <v1:getDomainRequest>
         <v1:messageContext>
         	  <v11:messageId>${=import static java.util.UUID.randomUUID; uuid = randomUUID() as String}</v11:messageId>
            <v11:timestamp>${=new java.text.SimpleDateFormat("yyyy-MM-dd'T'HH:mm:ss.SSS").format(new Date())}</v11:timestamp>
         </v1:messageContext>
         <v1:legalContext>ServiceIntegrator</v1:legalContext>
         <v1:request>
         	  <v1:Domain>FINANCE</v1:Domain>
            <v1:Language>fr</v1:Language>
         </v1:request>
      </v1:getDomainRequest>
   </soapenv:Body>
</soapenv:Envelope>]]></con:request><con:assertion type="SOAP Fault Assertion" id="532ca048-8295-4eaf-b2f9-2c869ae10d4a" name="Not SOAP Fault"/><con:assertion type="SOAP Response" id="cd9ad874-c6b3-4536-b131-5b1b05139d9c" name="SOAP Response"/><con:assertion type="Schema Compliance" id="08202d26-3d20-4354-b076-71051785fe70" name="Schema Compliance"><con:configuration/></con:assertion><con:wsaConfig action="http://fidus.brussels/services/accessmanagerservice/getDomain"/></con:request></con:config></con:testStep><con:testStep type="request" id="4816cf71-7d84-4f06-81f2-45cf15ff06be" name="testcase5 - Prod - LB - Request"><con:settings/><con:config xsi:type="con:RequestStep" xmlns:xsi="http://www.w3.org/2001/XMLSchema-instance"><con:interface>AccessManagerServiceHTTPBinding</con:interface><con:operation>getDomain</con:operation><con:request name="testcase5 - Prod - LB - Request" id="c5e37f98-3669-4279-b256-0a5f1ac1d53a" outgoingWss="Outflow PROD"><con:settings/><con:encoding>UTF-8</con:encoding><con:endpoint>https://fidus-esb-sg.prd.srv.cirb.lan:8443/services/AccessManagerService_v1.0</con:endpoint><con:request><![CDATA[<soapenv:Envelope xmlns:soapenv="http://schemas.xmlsoap.org/soap/envelope/" xmlns:v1="http://fidus.brussels/service/accessmanagerservice/messages/v1" xmlns:v11="http://fidus.brussels/type/common/messages/v1" >
   <soapenv:Header/>
   <soapenv:Body>
      <v1:getDomainRequest>
         <v1:messageContext>
         	  <v11:messageId>${=import static java.util.UUID.randomUUID; uuid = randomUUID() as String}</v11:messageId>
            <v11:timestamp>${=new java.text.SimpleDateFormat("yyyy-MM-dd'T'HH:mm:ss.SSS").format(new Date())}</v11:timestamp>
         </v1:messageContext>
         <v1:legalContext>ServiceIntegrator</v1:legalContext>
         <v1:request>
         	  <v1:Domain>FINANCE</v1:Domain>
            <v1:Language>fr</v1:Language>
         </v1:request>
      </v1:getDomainRequest>
   </soapenv:Body>
</soapenv:Envelope>]]></con:request><con:assertion type="SOAP Fault Assertion" id="a0a34847-a91c-40f9-a07f-d24207cf7a19" name="Not SOAP Fault"/><con:assertion type="SOAP Response" id="375e46fd-3ce3-411c-8e4a-00afa363f6a7" name="SOAP Response"/><con:assertion type="Schema Compliance" id="6b9ee9da-8638-4bff-a098-3b397b82822d" name="Schema Compliance"><con:configuration/></con:assertion><con:wsaConfig action="http://fidus.brussels/services/accessmanagerservice/getDomain"/></con:request></con:config></con:testStep><con:testStep type="request" id="09adafba-39df-4de8-8408-585775280f39" name="testcase5 - Prod - Worker1 - Request"><con:settings/><con:config xsi:type="con:RequestStep" xmlns:xsi="http://www.w3.org/2001/XMLSchema-instance"><con:interface>AccessManagerServiceHTTPBinding</con:interface><con:operation>getDomain</con:operation><con:request name="testcase5 - Prod - Worker1 - Request" id="4fb22161-04d0-457b-bc88-f89f9a1eeb7c" outgoingWss="Outflow PROD"><con:settings/><con:encoding>UTF-8</con:encoding><con:endpoint>https://192.168.26.22:8443/services/AccessManagerService_v1.0</con:endpoint><con:request><![CDATA[<soapenv:Envelope xmlns:soapenv="http://schemas.xmlsoap.org/soap/envelope/" xmlns:v1="http://fidus.brussels/service/accessmanagerservice/messages/v1" xmlns:v11="http://fidus.brussels/type/common/messages/v1" >
   <soapenv:Header/>
   <soapenv:Body>
      <v1:getDomainRequest>
         <v1:messageContext>
         	  <v11:messageId>${=import static java.util.UUID.randomUUID; uuid = randomUUID() as String}</v11:messageId>
            <v11:timestamp>${=new java.text.SimpleDateFormat("yyyy-MM-dd'T'HH:mm:ss.SSS").format(new Date())}</v11:timestamp>
         </v1:messageContext>
         <v1:legalContext>ServiceIntegrator</v1:legalContext>
         <v1:request>
         	  <v1:Domain>FINANCE</v1:Domain>
            <v1:Language>fr</v1:Language>
         </v1:request>
      </v1:getDomainRequest>
   </soapenv:Body>
</soapenv:Envelope>]]></con:request><con:assertion type="SOAP Fault Assertion" id="d01df06e-fc91-412d-a7ec-65dd9dae0edd" name="Not SOAP Fault"/><con:assertion type="SOAP Response" id="d247b371-f782-4ca7-9739-37394e9db257" name="SOAP Response"/><con:assertion type="Schema Compliance" id="9838c710-365c-4784-81e4-2a85541cf31a" name="Schema Compliance"><con:configuration/></con:assertion><con:wsaConfig action="http://fidus.brussels/services/accessmanagerservice/getDomain"/></con:request></con:config></con:testStep><con:testStep type="request" id="89386a1c-9990-43af-8736-935c61f2c620" name="testcase5 - Prod - Worker2 - Request"><con:settings/><con:config xsi:type="con:RequestStep" xmlns:xsi="http://www.w3.org/2001/XMLSchema-instance"><con:interface>AccessManagerServiceHTTPBinding</con:interface><con:operation>getDomain</con:operation><con:request name="testcase5 - Prod - Worker2 - Request" id="bbacd491-790f-42d3-bcea-23b1c1be0f28" outgoingWss="Outflow PROD"><con:settings/><con:encoding>UTF-8</con:encoding><con:endpoint>https://192.168.26.19:8443/services/AccessManagerService_v1.0</con:endpoint><con:request><![CDATA[<soapenv:Envelope xmlns:soapenv="http://schemas.xmlsoap.org/soap/envelope/" xmlns:v1="http://fidus.brussels/service/accessmanagerservice/messages/v1" xmlns:v11="http://fidus.brussels/type/common/messages/v1" >
   <soapenv:Header/>
   <soapenv:Body>
      <v1:getDomainRequest>
         <v1:messageContext>
         	  <v11:messageId>${=import static java.util.UUID.randomUUID; uuid = randomUUID() as String}</v11:messageId>
            <v11:timestamp>${=new java.text.SimpleDateFormat("yyyy-MM-dd'T'HH:mm:ss.SSS").format(new Date())}</v11:timestamp>
         </v1:messageContext>
         <v1:legalContext>ServiceIntegrator</v1:legalContext>
         <v1:request>
         	  <v1:Domain>FINANCE</v1:Domain>
            <v1:Language>fr</v1:Language>
         </v1:request>
      </v1:getDomainRequest>
   </soapenv:Body>
</soapenv:Envelope>]]></con:request><con:assertion type="SOAP Fault Assertion" id="31f22a6f-d6e6-4053-ad8d-a27cbd132f29" name="Not SOAP Fault"/><con:assertion type="SOAP Response" id="77c5efa6-f0cf-481b-9952-6547392039dc" name="SOAP Response"/><con:assertion type="Schema Compliance" id="d311c8eb-2b17-43e1-993e-83ab0fe9e0a0" name="Schema Compliance"><con:configuration/></con:assertion><con:wsaConfig action="http://fidus.brussels/services/accessmanagerservice/getDomain"/></con:request></con:config></con:testStep><con:properties/></con:testCase><con:testCase id="108873bf-31bb-4397-8877-1348b3b3a96c" failOnError="true" failTestCaseOnErrors="true" keepSession="false" maxResults="0" name="getEntityRepresentatives" searchProperties="true"><con:settings/><con:testStep type="request" id="e400eaf1-3ea9-437d-8481-0814fea98eda" name="testcase5 - Prod - External - Request"><con:settings/><con:config xsi:type="con:RequestStep" xmlns:xsi="http://www.w3.org/2001/XMLSchema-instance"><con:interface>AccessManagerServiceHTTPBinding</con:interface><con:operation>getEntityRepresentatives</con:operation><con:request name="testcase5 - Prod - External - Request" id="dc93d3a7-888b-47f9-97a9-ec19d0adf56a" outgoingWss="Outflow PROD"><con:settings/><con:encoding>UTF-8</con:encoding><con:endpoint>https://fidus.sec.brussels/services/AccessManagerService_v1.0</con:endpoint><con:request><![CDATA[<soapenv:Envelope xmlns:soapenv="http://schemas.xmlsoap.org/soap/envelope/" xmlns:v1="http://fidus.brussels/service/accessmanagerservice/messages/v1" xmlns:v11="http://fidus.brussels/type/common/messages/v1" xmlns:v31="http://socialsecurity.be/umanentityrepresentative/types/v3" >
   <soapenv:Header/>
   <soapenv:Body>
      <v1:getEntityRepresentativesRequest>
         <v1:messageContext>
         	  <v11:messageId>${=import static java.util.UUID.randomUUID; uuid = randomUUID() as String}</v11:messageId>
            <v11:timestamp>${=new java.text.SimpleDateFormat("yyyy-MM-dd'T'HH:mm:ss.SSS").format(new Date())}</v11:timestamp>
         </v1:messageContext>
         <v1:legalContext>ServiceIntegrator</v1:legalContext>
         <v1:request>
            <v1:Domain>QUAL_FED_HEALTHCARE</v1:Domain>
            <v1:OrganisationId>
               <v31:Identifier>1990000431</v31:Identifier>
               <v31:IdentifierType>BEEHP</v31:IdentifierType>
            </v1:OrganisationId>
            <v1:Language>nl</v1:Language>
         </v1:request>
      </v1:getEntityRepresentativesRequest>
   </soapenv:Body>
</soapenv:Envelope>]]></con:request><con:assertion type="SOAP Fault Assertion" id="35f88b02-ae32-4e88-89e8-0b0e474cbf06" name="Not SOAP Fault"/><con:assertion type="SOAP Response" id="244f416f-e7e6-47a9-933d-027b66b239ef" name="SOAP Response"/><con:assertion type="Schema Compliance" id="62504144-178d-4c85-ab72-e348c264e45e" name="Schema Compliance"><con:configuration/></con:assertion><con:wsaConfig action="http://fidus.brussels/services/accessmanagerservice/getEntityRepresentatives"/></con:request></con:config></con:testStep><con:testStep type="request" id="d5c8dc1a-a4a0-412c-a20c-80dae275445e" name="testcase5 - Prod - LB - Request"><con:settings/><con:config xsi:type="con:RequestStep" xmlns:xsi="http://www.w3.org/2001/XMLSchema-instance"><con:interface>AccessManagerServiceHTTPBinding</con:interface><con:operation>getEntityRepresentatives</con:operation><con:request name="testcase5 - Prod - LB - Request" id="8bf8493c-6bd6-4dc9-bd9d-19cea0e77a92" outgoingWss="Outflow PROD"><con:settings/><con:encoding>UTF-8</con:encoding><con:endpoint>https://fidus-esb-sg.prd.srv.cirb.lan:8443/services/AccessManagerService_v1.0</con:endpoint><con:request><![CDATA[<soapenv:Envelope xmlns:soapenv="http://schemas.xmlsoap.org/soap/envelope/" xmlns:v1="http://fidus.brussels/service/accessmanagerservice/messages/v1" xmlns:v11="http://fidus.brussels/type/common/messages/v1" xmlns:v31="http://socialsecurity.be/umanentityrepresentative/types/v3" >
   <soapenv:Header/>
   <soapenv:Body>
      <v1:getEntityRepresentativesRequest>
         <v1:messageContext>
         	  <v11:messageId>${=import static java.util.UUID.randomUUID; uuid = randomUUID() as String}</v11:messageId>
            <v11:timestamp>${=new java.text.SimpleDateFormat("yyyy-MM-dd'T'HH:mm:ss.SSS").format(new Date())}</v11:timestamp>
         </v1:messageContext>
         <v1:legalContext>ServiceIntegrator</v1:legalContext>
         <v1:request>
            <v1:Domain>QUAL_FED_HEALTHCARE</v1:Domain>
            <v1:OrganisationId>
               <v31:Identifier>1990000431</v31:Identifier>
               <v31:IdentifierType>BEEHP</v31:IdentifierType>
            </v1:OrganisationId>
            <v1:Language>nl</v1:Language>
         </v1:request>
      </v1:getEntityRepresentativesRequest>
   </soapenv:Body>
</soapenv:Envelope>]]></con:request><con:assertion type="SOAP Fault Assertion" id="3548b454-cc67-407d-b40e-3a2673bc54d5" name="Not SOAP Fault"/><con:assertion type="SOAP Response" id="a4c4a922-2d6d-4611-914e-ce2cffff8c5b" name="SOAP Response"/><con:assertion type="Schema Compliance" id="01d869e4-5e70-48cc-a931-071d5755069c" name="Schema Compliance"><con:configuration/></con:assertion><con:wsaConfig action="http://fidus.brussels/services/accessmanagerservice/getEntityRepresentatives"/></con:request></con:config></con:testStep><con:testStep type="request" id="f7b15b6f-565d-477a-8e5a-7cb213b25ea9" name="testcase5 - Prod - Worker1 - Request"><con:settings/><con:config xsi:type="con:RequestStep" xmlns:xsi="http://www.w3.org/2001/XMLSchema-instance"><con:interface>AccessManagerServiceHTTPBinding</con:interface><con:operation>getEntityRepresentatives</con:operation><con:request name="testcase5 - Prod - Worker1 - Request" id="be8b6efb-22c4-4821-a447-3e9f9f47ec22" outgoingWss="Outflow PROD"><con:settings/><con:encoding>UTF-8</con:encoding><con:endpoint>https://192.168.26.22:8443/services/AccessManagerService_v1.0</con:endpoint><con:request><![CDATA[<soapenv:Envelope xmlns:soapenv="http://schemas.xmlsoap.org/soap/envelope/" xmlns:v1="http://fidus.brussels/service/accessmanagerservice/messages/v1" xmlns:v11="http://fidus.brussels/type/common/messages/v1" xmlns:v31="http://socialsecurity.be/umanentityrepresentative/types/v3" >
   <soapenv:Header/>
   <soapenv:Body>
      <v1:getEntityRepresentativesRequest>
         <v1:messageContext>
         	  <v11:messageId>${=import static java.util.UUID.randomUUID; uuid = randomUUID() as String}</v11:messageId>
            <v11:timestamp>${=new java.text.SimpleDateFormat("yyyy-MM-dd'T'HH:mm:ss.SSS").format(new Date())}</v11:timestamp>
         </v1:messageContext>
         <v1:legalContext>ServiceIntegrator</v1:legalContext>
         <v1:request>
            <v1:Domain>QUAL_FED_HEALTHCARE</v1:Domain>
            <v1:OrganisationId>
               <v31:Identifier>1990000431</v31:Identifier>
               <v31:IdentifierType>BEEHP</v31:IdentifierType>
            </v1:OrganisationId>
            <v1:Language>nl</v1:Language>
         </v1:request>
      </v1:getEntityRepresentativesRequest>
   </soapenv:Body>
</soapenv:Envelope>]]></con:request><con:assertion type="SOAP Fault Assertion" id="78b202ab-084d-47ed-bf6b-16c770039398" name="Not SOAP Fault"/><con:assertion type="SOAP Response" id="7547dc47-6310-4086-a199-6d80e3768441" name="SOAP Response"/><con:assertion type="Schema Compliance" id="0ffd65e4-d5d9-4ceb-bc9e-5efaee309b62" name="Schema Compliance"><con:configuration/></con:assertion><con:wsaConfig action="http://fidus.brussels/services/accessmanagerservice/getEntityRepresentatives"/></con:request></con:config></con:testStep><con:testStep type="request" id="d36dd56e-a8e1-4988-9428-220961255cbd" name="testcase5 - Prod - Worker2 - Request"><con:settings/><con:config xsi:type="con:RequestStep" xmlns:xsi="http://www.w3.org/2001/XMLSchema-instance"><con:interface>AccessManagerServiceHTTPBinding</con:interface><con:operation>getEntityRepresentatives</con:operation><con:request name="testcase5 - Prod - Worker2 - Request" id="6c6ed0bf-f0aa-4074-a4a4-a7eaca390836" outgoingWss="Outflow PROD"><con:settings/><con:encoding>UTF-8</con:encoding><con:endpoint>https://192.168.26.19:8443/services/AccessManagerService_v1.0</con:endpoint><con:request><![CDATA[<soapenv:Envelope xmlns:soapenv="http://schemas.xmlsoap.org/soap/envelope/" xmlns:v1="http://fidus.brussels/service/accessmanagerservice/messages/v1" xmlns:v11="http://fidus.brussels/type/common/messages/v1" xmlns:v31="http://socialsecurity.be/umanentityrepresentative/types/v3" >
   <soapenv:Header/>
   <soapenv:Body>
      <v1:getEntityRepresentativesRequest>
         <v1:messageContext>
         	  <v11:messageId>${=import static java.util.UUID.randomUUID; uuid = randomUUID() as String}</v11:messageId>
            <v11:timestamp>${=new java.text.SimpleDateFormat("yyyy-MM-dd'T'HH:mm:ss.SSS").format(new Date())}</v11:timestamp>
         </v1:messageContext>
         <v1:legalContext>ServiceIntegrator</v1:legalContext>
         <v1:request>
            <v1:Domain>QUAL_FED_HEALTHCARE</v1:Domain>
            <v1:OrganisationId>
               <v31:Identifier>1990000431</v31:Identifier>
               <v31:IdentifierType>BEEHP</v31:IdentifierType>
            </v1:OrganisationId>
            <v1:Language>nl</v1:Language>
         </v1:request>
      </v1:getEntityRepresentativesRequest>
   </soapenv:Body>
</soapenv:Envelope>]]></con:request><con:assertion type="SOAP Fault Assertion" id="bbb97c79-ad6e-47b3-be1e-0fcb9eda51d7" name="Not SOAP Fault"/><con:assertion type="SOAP Response" id="186526c0-b49c-4684-a2ef-f85defacf0b0" name="SOAP Response"/><con:assertion type="Schema Compliance" id="88545b95-b5c6-4b5a-95b5-d159ef0df8e4" name="Schema Compliance"><con:configuration/></con:assertion><con:wsaConfig action="http://fidus.brussels/services/accessmanagerservice/getEntityRepresentatives"/></con:request></con:config></con:testStep><con:properties/></con:testCase><con:testCase id="0513a73c-ff5d-469c-81b1-6ed30d0c77c7" failOnError="true" failTestCaseOnErrors="true" keepSession="false" maxResults="0" name="getOrganisationChildNodes" searchProperties="true"><con:settings/><con:testStep type="request" id="22864fb0-bc9e-414b-a7ad-66b6ae85019a" name="testcase5 - Prod - External - Request"><con:settings/><con:config xsi:type="con:RequestStep" xmlns:xsi="http://www.w3.org/2001/XMLSchema-instance"><con:interface>AccessManagerServiceHTTPBinding</con:interface><con:operation>getOrganisationChildNodes</con:operation><con:request name="testcase5 - Prod - External - Request" id="d763408c-3885-4f3e-8006-6d5b124bf0f6" outgoingWss="Outflow PROD"><con:settings/><con:encoding>UTF-8</con:encoding><con:endpoint>https://fidus.sec.brussels/services/AccessManagerService_v1.0</con:endpoint><con:request><![CDATA[<soapenv:Envelope xmlns:soapenv="http://schemas.xmlsoap.org/soap/envelope/" xmlns:v1="http://fidus.brussels/service/accessmanagerservice/messages/v1" xmlns:v11="http://fidus.brussels/type/common/messages/v1" xmlns:v31="http://socialsecurity.be/umanentityrepresentative/types/v3">
   <soapenv:Header/>
   <soapenv:Body>
      <v1:getOrganisationChildNodesRequest>
         <v1:messageContext>
         	  <v11:messageId>${=import static java.util.UUID.randomUUID; uuid = randomUUID() as String}</v11:messageId>
            <v11:timestamp>${=new java.text.SimpleDateFormat("yyyy-MM-dd'T'HH:mm:ss.SSS").format(new Date())}</v11:timestamp>
         </v1:messageContext>
         <v1:legalContext>ServiceIntegrator</v1:legalContext>
         <v1:request>
            <v1:Domain>QUAL_FED_HEALTHCARE</v1:Domain>
            <v1:OrganisationId>
               <v31:Identifier>1990000431</v31:Identifier>
               <v31:IdentifierType>BEEHP</v31:IdentifierType>
            </v1:OrganisationId>
            <v1:Language>nl</v1:Language>
         </v1:request>
      </v1:getOrganisationChildNodesRequest>
   </soapenv:Body>
</soapenv:Envelope>]]></con:request><con:assertion type="SOAP Fault Assertion" id="f7cd3502-24c8-45a7-8f15-190ba7c24475" name="Not SOAP Fault"/><con:assertion type="SOAP Response" id="9426e186-71fa-48ed-9d2f-d192003cd8e2" name="SOAP Response"/><con:assertion type="Schema Compliance" id="61fee652-44e8-475b-b1e5-d7b2b6f4a463" name="Schema Compliance"><con:configuration/></con:assertion><con:wsaConfig action="http://fidus.brussels/services/accessmanagerservice/getOrganisationChildNodes"/></con:request></con:config></con:testStep><con:testStep type="request" id="8251d5b4-cb5d-443f-8050-dec15684d3c3" name="testcase5 - Prod - LB - Request"><con:settings/><con:config xsi:type="con:RequestStep" xmlns:xsi="http://www.w3.org/2001/XMLSchema-instance"><con:interface>AccessManagerServiceHTTPBinding</con:interface><con:operation>getOrganisationChildNodes</con:operation><con:request name="testcase5 - Prod - LB - Request" id="6b773e38-a01a-41aa-b554-f49e73fb53ea" outgoingWss="Outflow PROD"><con:settings/><con:encoding>UTF-8</con:encoding><con:endpoint>https://fidus-esb-sg.prd.srv.cirb.lan:8443/services/AccessManagerService_v1.0</con:endpoint><con:request><![CDATA[<soapenv:Envelope xmlns:soapenv="http://schemas.xmlsoap.org/soap/envelope/" xmlns:v1="http://fidus.brussels/service/accessmanagerservice/messages/v1" xmlns:v11="http://fidus.brussels/type/common/messages/v1" xmlns:v31="http://socialsecurity.be/umanentityrepresentative/types/v3">
   <soapenv:Header/>
   <soapenv:Body>
      <v1:getOrganisationChildNodesRequest>
         <v1:messageContext>
         	  <v11:messageId>${=import static java.util.UUID.randomUUID; uuid = randomUUID() as String}</v11:messageId>
            <v11:timestamp>${=new java.text.SimpleDateFormat("yyyy-MM-dd'T'HH:mm:ss.SSS").format(new Date())}</v11:timestamp>
         </v1:messageContext>
         <v1:legalContext>ServiceIntegrator</v1:legalContext>
         <v1:request>
            <v1:Domain>QUAL_FED_HEALTHCARE</v1:Domain>
            <v1:OrganisationId>
               <v31:Identifier>1990000431</v31:Identifier>
               <v31:IdentifierType>BEEHP</v31:IdentifierType>
            </v1:OrganisationId>
            <v1:Language>nl</v1:Language>
         </v1:request>
      </v1:getOrganisationChildNodesRequest>
   </soapenv:Body>
</soapenv:Envelope>]]></con:request><con:assertion type="SOAP Fault Assertion" id="61e2c1fb-abfd-476d-8e78-56426b8f59df" name="Not SOAP Fault"/><con:assertion type="SOAP Response" id="a10514a7-599d-411b-a2c1-e824962ab431" name="SOAP Response"/><con:assertion type="Schema Compliance" id="8ef96ac5-f416-4b9c-9761-7508e9fb3d46" name="Schema Compliance"><con:configuration/></con:assertion><con:wsaConfig action="http://fidus.brussels/services/accessmanagerservice/getOrganisationChildNodes"/></con:request></con:config></con:testStep><con:testStep type="request" id="23adea44-aecb-4cf4-bc29-ea85a2db7781" name="testcase5 - Prod - Worker1 - Request"><con:settings/><con:config xsi:type="con:RequestStep" xmlns:xsi="http://www.w3.org/2001/XMLSchema-instance"><con:interface>AccessManagerServiceHTTPBinding</con:interface><con:operation>getOrganisationChildNodes</con:operation><con:request name="testcase5 - Prod - Worker1 - Request" id="4e1593cf-d453-4e77-aca5-858d6736d1fc" outgoingWss="Outflow PROD"><con:settings/><con:encoding>UTF-8</con:encoding><con:endpoint>https://192.168.26.22:8443/services/AccessManagerService_v1.0</con:endpoint><con:request><![CDATA[<soapenv:Envelope xmlns:soapenv="http://schemas.xmlsoap.org/soap/envelope/" xmlns:v1="http://fidus.brussels/service/accessmanagerservice/messages/v1" xmlns:v11="http://fidus.brussels/type/common/messages/v1" xmlns:v31="http://socialsecurity.be/umanentityrepresentative/types/v3">
   <soapenv:Header/>
   <soapenv:Body>
      <v1:getOrganisationChildNodesRequest>
         <v1:messageContext>
         	  <v11:messageId>${=import static java.util.UUID.randomUUID; uuid = randomUUID() as String}</v11:messageId>
            <v11:timestamp>${=new java.text.SimpleDateFormat("yyyy-MM-dd'T'HH:mm:ss.SSS").format(new Date())}</v11:timestamp>
         </v1:messageContext>
         <v1:legalContext>ServiceIntegrator</v1:legalContext>
         <v1:request>
            <v1:Domain>QUAL_FED_HEALTHCARE</v1:Domain>
            <v1:OrganisationId>
               <v31:Identifier>1990000431</v31:Identifier>
               <v31:IdentifierType>BEEHP</v31:IdentifierType>
            </v1:OrganisationId>
            <v1:Language>nl</v1:Language>
         </v1:request>
      </v1:getOrganisationChildNodesRequest>
   </soapenv:Body>
</soapenv:Envelope>]]></con:request><con:assertion type="SOAP Fault Assertion" id="e1861ebf-7d32-48cc-8b68-04505baf7378" name="Not SOAP Fault"/><con:assertion type="SOAP Response" id="f8c1dce1-f8af-477e-8d39-e69f01e550ab" name="SOAP Response"/><con:assertion type="Schema Compliance" id="bd5791b0-26bd-433d-bd34-7d600c043fb5" name="Schema Compliance"><con:configuration/></con:assertion><con:wsaConfig action="http://fidus.brussels/services/accessmanagerservice/getOrganisationChildNodes"/></con:request></con:config></con:testStep><con:testStep type="request" id="779d99f6-571b-40a9-a633-2d8231f5262c" name="testcase5 - Prod - Worker2 - Request"><con:settings/><con:config xsi:type="con:RequestStep" xmlns:xsi="http://www.w3.org/2001/XMLSchema-instance"><con:interface>AccessManagerServiceHTTPBinding</con:interface><con:operation>getOrganisationChildNodes</con:operation><con:request name="testcase5 - Prod - Worker2 - Request" id="79086b07-8529-40b0-8f14-bce2332b2e45" outgoingWss="Outflow PROD"><con:settings/><con:encoding>UTF-8</con:encoding><con:endpoint>https://192.168.26.19:8443/services/AccessManagerService_v1.0</con:endpoint><con:request><![CDATA[<soapenv:Envelope xmlns:soapenv="http://schemas.xmlsoap.org/soap/envelope/" xmlns:v1="http://fidus.brussels/service/accessmanagerservice/messages/v1" xmlns:v11="http://fidus.brussels/type/common/messages/v1" xmlns:v31="http://socialsecurity.be/umanentityrepresentative/types/v3">
   <soapenv:Header/>
   <soapenv:Body>
      <v1:getOrganisationChildNodesRequest>
         <v1:messageContext>
         	  <v11:messageId>${=import static java.util.UUID.randomUUID; uuid = randomUUID() as String}</v11:messageId>
            <v11:timestamp>${=new java.text.SimpleDateFormat("yyyy-MM-dd'T'HH:mm:ss.SSS").format(new Date())}</v11:timestamp>
         </v1:messageContext>
         <v1:legalContext>ServiceIntegrator</v1:legalContext>
         <v1:request>
            <v1:Domain>QUAL_FED_HEALTHCARE</v1:Domain>
            <v1:OrganisationId>
               <v31:Identifier>1990000431</v31:Identifier>
               <v31:IdentifierType>BEEHP</v31:IdentifierType>
            </v1:OrganisationId>
            <v1:Language>nl</v1:Language>
         </v1:request>
      </v1:getOrganisationChildNodesRequest>
   </soapenv:Body>
</soapenv:Envelope>]]></con:request><con:assertion type="SOAP Fault Assertion" id="4aef9703-3028-418b-8e06-b065f791f3f8" name="Not SOAP Fault"/><con:assertion type="SOAP Response" id="5e047cbb-196c-4d13-9cb8-12ccd61fd77a" name="SOAP Response"/><con:assertion type="Schema Compliance" id="5c4500ae-7139-4e64-856e-059f00fde157" name="Schema Compliance"><con:configuration/></con:assertion><con:wsaConfig action="http://fidus.brussels/services/accessmanagerservice/getOrganisationChildNodes"/></con:request></con:config></con:testStep><con:properties/></con:testCase><con:testCase id="8e7dc4f0-fb49-4b65-9d3c-4e6b8cdbdb31" failOnError="true" failTestCaseOnErrors="true" keepSession="false" maxResults="0" name="getOrganisationDenomination" searchProperties="true"><con:settings/><con:testStep type="request" id="b3a11ff9-d9b8-4b77-81af-328af0b8e5de" name="testcase5 - Prod - External - Request"><con:settings/><con:config xsi:type="con:RequestStep" xmlns:xsi="http://www.w3.org/2001/XMLSchema-instance"><con:interface>AccessManagerServiceHTTPBinding</con:interface><con:operation>getOrganisationDenomination</con:operation><con:request name="testcase5 - Prod - External - Request" id="715321a7-baff-4f18-b67e-0ae8540e6c9b" outgoingWss="Outflow PROD"><con:settings/><con:encoding>UTF-8</con:encoding><con:endpoint>https://fidus-esb-sg.prd.srv.cirb.lan:8443/services/AccessManagerService_v1.0</con:endpoint><con:request><![CDATA[<soapenv:Envelope xmlns:soapenv="http://schemas.xmlsoap.org/soap/envelope/" xmlns:v1="http://fidus.brussels/service/accessmanagerservice/messages/v1" xmlns:v11="http://fidus.brussels/type/common/messages/v1" xmlns:v31="http://socialsecurity.be/umanentityrepresentative/types/v3">
   <soapenv:Header/>
   <soapenv:Body>
      <v1:getOrganisationDenominationRequest>
         <v1:messageContext>
         	  <v11:messageId>${=import static java.util.UUID.randomUUID; uuid = randomUUID() as String}</v11:messageId>
            <v11:timestamp>${=new java.text.SimpleDateFormat("yyyy-MM-dd'T'HH:mm:ss.SSS").format(new Date())}</v11:timestamp>
         </v1:messageContext>
         <v1:legalContext>ServiceIntegrator</v1:legalContext>
         <v1:request>
            <v1:Domain>QUAL_FED_HEALTHCARE</v1:Domain>
            <v1:OrganisationId>
               <v31:Identifier>1990000431</v31:Identifier>
               <v31:IdentifierType>BEEHP</v31:IdentifierType>
            </v1:OrganisationId>
            <v1:Language>nl</v1:Language>
         </v1:request>
      </v1:getOrganisationDenominationRequest>
   </soapenv:Body>
</soapenv:Envelope>]]></con:request><con:assertion type="SOAP Fault Assertion" id="93dd7ccd-875f-44ba-90c4-735344f7cb28" name="Not SOAP Fault"/><con:assertion type="SOAP Response" id="e161d491-6e1b-4988-abdd-cf8bd344fc12" name="SOAP Response"/><con:assertion type="Schema Compliance" id="22040466-c094-4b32-ad7f-4e8802dcbaa4" name="Schema Compliance"><con:configuration/></con:assertion><con:wsaConfig action="http://fidus.brussels/services/accessmanagerservice/getOrganisationDenomination"/></con:request></con:config></con:testStep><con:testStep type="request" id="47ebc07e-6664-4685-8452-a9e09701f6b0" name="testcase5 - Prod - LB - Request"><con:settings/><con:config xsi:type="con:RequestStep" xmlns:xsi="http://www.w3.org/2001/XMLSchema-instance"><con:interface>AccessManagerServiceHTTPBinding</con:interface><con:operation>getOrganisationDenomination</con:operation><con:request name="testcase5 - Prod - LB - Request" id="76d40114-0ce8-4552-b679-a9f0e6207e37" outgoingWss="Outflow PROD"><con:settings/><con:encoding>UTF-8</con:encoding><con:endpoint>https://fidus-esb-sg.prd.srv.cirb.lan:8443/services/AccessManagerService_v1.0</con:endpoint><con:request><![CDATA[<soapenv:Envelope xmlns:soapenv="http://schemas.xmlsoap.org/soap/envelope/" xmlns:v1="http://fidus.brussels/service/accessmanagerservice/messages/v1" xmlns:v11="http://fidus.brussels/type/common/messages/v1" xmlns:v31="http://socialsecurity.be/umanentityrepresentative/types/v3">
   <soapenv:Header/>
   <soapenv:Body>
      <v1:getOrganisationDenominationRequest>
         <v1:messageContext>
         	  <v11:messageId>${=import static java.util.UUID.randomUUID; uuid = randomUUID() as String}</v11:messageId>
            <v11:timestamp>${=new java.text.SimpleDateFormat("yyyy-MM-dd'T'HH:mm:ss.SSS").format(new Date())}</v11:timestamp>
         </v1:messageContext>
         <v1:legalContext>ServiceIntegrator</v1:legalContext>
         <v1:request>
            <v1:Domain>QUAL_FED_HEALTHCARE</v1:Domain>
            <v1:OrganisationId>
               <v31:Identifier>1990000431</v31:Identifier>
               <v31:IdentifierType>BEEHP</v31:IdentifierType>
            </v1:OrganisationId>
            <v1:Language>nl</v1:Language>
         </v1:request>
      </v1:getOrganisationDenominationRequest>
   </soapenv:Body>
</soapenv:Envelope>]]></con:request><con:assertion type="SOAP Fault Assertion" id="2270a71e-4a03-40da-b7b3-44bf883a0964" name="Not SOAP Fault"/><con:assertion type="SOAP Response" id="c8d3dd63-35fc-4eea-b7dd-d7c9edc75c5a" name="SOAP Response"/><con:assertion type="Schema Compliance" id="e7b445f8-a817-4956-8454-f1528250bd43" name="Schema Compliance"><con:configuration/></con:assertion><con:wsaConfig action="http://fidus.brussels/services/accessmanagerservice/getOrganisationDenomination"/></con:request></con:config></con:testStep><con:testStep type="request" id="f8045872-5766-42bc-81d4-0d2b8e0ca64c" name="testcase5 - Prod - Worker1 - Request"><con:settings/><con:config xsi:type="con:RequestStep" xmlns:xsi="http://www.w3.org/2001/XMLSchema-instance"><con:interface>AccessManagerServiceHTTPBinding</con:interface><con:operation>getOrganisationDenomination</con:operation><con:request name="testcase5 - Prod - Worker1 - Request" id="225baf96-2657-49bb-81d1-55c194294eef" outgoingWss="Outflow PROD"><con:settings/><con:encoding>UTF-8</con:encoding><con:endpoint>https://192.168.26.22:8443/services/AccessManagerService_v1.0</con:endpoint><con:request><![CDATA[<soapenv:Envelope xmlns:soapenv="http://schemas.xmlsoap.org/soap/envelope/" xmlns:v1="http://fidus.brussels/service/accessmanagerservice/messages/v1" xmlns:v11="http://fidus.brussels/type/common/messages/v1" xmlns:v31="http://socialsecurity.be/umanentityrepresentative/types/v3">
   <soapenv:Header/>
   <soapenv:Body>
      <v1:getOrganisationDenominationRequest>
         <v1:messageContext>
         	  <v11:messageId>${=import static java.util.UUID.randomUUID; uuid = randomUUID() as String}</v11:messageId>
            <v11:timestamp>${=new java.text.SimpleDateFormat("yyyy-MM-dd'T'HH:mm:ss.SSS").format(new Date())}</v11:timestamp>
         </v1:messageContext>
         <v1:legalContext>ServiceIntegrator</v1:legalContext>
         <v1:request>
            <v1:Domain>QUAL_FED_HEALTHCARE</v1:Domain>
            <v1:OrganisationId>
               <v31:Identifier>1990000431</v31:Identifier>
               <v31:IdentifierType>BEEHP</v31:IdentifierType>
            </v1:OrganisationId>
            <v1:Language>nl</v1:Language>
         </v1:request>
      </v1:getOrganisationDenominationRequest>
   </soapenv:Body>
</soapenv:Envelope>]]></con:request><con:assertion type="SOAP Fault Assertion" id="7be65ab9-123a-479e-9e51-15d7944b1622" name="Not SOAP Fault"/><con:assertion type="SOAP Response" id="2baf0bfa-43b3-4cc0-9ce9-25af76cf6006" name="SOAP Response"/><con:assertion type="Schema Compliance" id="88408a9a-c062-4c89-8fb9-5beebef7960c" name="Schema Compliance"><con:configuration/></con:assertion><con:wsaConfig action="http://fidus.brussels/services/accessmanagerservice/getOrganisationDenomination"/></con:request></con:config></con:testStep><con:testStep type="request" id="1c6373eb-6385-4890-9977-8acf3d924450" name="testcase5 - Prod - Worker2 - Request"><con:settings/><con:config xsi:type="con:RequestStep" xmlns:xsi="http://www.w3.org/2001/XMLSchema-instance"><con:interface>AccessManagerServiceHTTPBinding</con:interface><con:operation>getOrganisationDenomination</con:operation><con:request name="testcase5 - Prod - Worker2 - Request" id="e551ab00-5134-4497-9500-fbb310542fb1" outgoingWss="Outflow PROD"><con:settings/><con:encoding>UTF-8</con:encoding><con:endpoint>https://192.168.26.19:8443/services/AccessManagerService_v1.0</con:endpoint><con:request><![CDATA[<soapenv:Envelope xmlns:soapenv="http://schemas.xmlsoap.org/soap/envelope/" xmlns:v1="http://fidus.brussels/service/accessmanagerservice/messages/v1" xmlns:v11="http://fidus.brussels/type/common/messages/v1" xmlns:v31="http://socialsecurity.be/umanentityrepresentative/types/v3">
   <soapenv:Header/>
   <soapenv:Body>
      <v1:getOrganisationDenominationRequest>
         <v1:messageContext>
         	  <v11:messageId>${=import static java.util.UUID.randomUUID; uuid = randomUUID() as String}</v11:messageId>
            <v11:timestamp>${=new java.text.SimpleDateFormat("yyyy-MM-dd'T'HH:mm:ss.SSS").format(new Date())}</v11:timestamp>
         </v1:messageContext>
         <v1:legalContext>ServiceIntegrator</v1:legalContext>
         <v1:request>
            <v1:Domain>QUAL_FED_HEALTHCARE</v1:Domain>
            <v1:OrganisationId>
               <v31:Identifier>1990000431</v31:Identifier>
               <v31:IdentifierType>BEEHP</v31:IdentifierType>
            </v1:OrganisationId>
            <v1:Language>nl</v1:Language>
         </v1:request>
      </v1:getOrganisationDenominationRequest>
   </soapenv:Body>
</soapenv:Envelope>]]></con:request><con:assertion type="SOAP Fault Assertion" id="ccded0f8-13c2-4a1e-803a-03d502111704" name="Not SOAP Fault"/><con:assertion type="SOAP Response" id="070a8134-920d-42bd-ab84-0fb339ab0049" name="SOAP Response"/><con:assertion type="Schema Compliance" id="c3b6073b-5402-48b2-8440-80c8edfe33e4" name="Schema Compliance"><con:configuration/></con:assertion><con:wsaConfig action="http://fidus.brussels/services/accessmanagerservice/getOrganisationDenomination"/></con:request></con:config></con:testStep><con:properties/></con:testCase><con:testCase id="200a81ee-98c6-4184-866b-7b509fc5922d" failOnError="true" failTestCaseOnErrors="true" keepSession="false" maxResults="0" name="getOrganisationParentNodes" searchProperties="true"><con:settings/><con:testStep type="request" id="15856d84-45f0-467d-aed8-89da0552b9ff" name="testcase5 - Prod - External - Request"><con:settings/><con:config xsi:type="con:RequestStep" xmlns:xsi="http://www.w3.org/2001/XMLSchema-instance"><con:interface>AccessManagerServiceHTTPBinding</con:interface><con:operation>getOrganisationParentNodes</con:operation><con:request name="testcase5 - Prod - External - Request" id="18da93aa-f819-4fd2-8364-96a9d693fb5e" outgoingWss="Outflow PROD"><con:settings/><con:encoding>UTF-8</con:encoding><con:endpoint>https://fidus-esb-sg.prd.srv.cirb.lan:8443/services/AccessManagerService_v1.0</con:endpoint><con:request><![CDATA[<soapenv:Envelope xmlns:soapenv="http://schemas.xmlsoap.org/soap/envelope/" xmlns:v1="http://fidus.brussels/service/accessmanagerservice/messages/v1" xmlns:v11="http://fidus.brussels/type/common/messages/v1" xmlns:v31="http://socialsecurity.be/umanentityrepresentative/types/v3">
   <soapenv:Header/>
   <soapenv:Body>
      <v1:getOrganisationParentNodesRequest>
         <v1:messageContext>
         	  <v11:messageId>${=import static java.util.UUID.randomUUID; uuid = randomUUID() as String}</v11:messageId>
            <v11:timestamp>${=new java.text.SimpleDateFormat("yyyy-MM-dd'T'HH:mm:ss.SSS").format(new Date())}</v11:timestamp>
         </v1:messageContext>
         <v1:legalContext>ServiceIntegrator</v1:legalContext>
         <v1:request>
            <v1:Domain>QUAL_FED_HEALTHCARE</v1:Domain>
            <v1:OrganisationId>
               <v31:Identifier>1990000431</v31:Identifier>
               <v31:IdentifierType>BEEHP</v31:IdentifierType>
            </v1:OrganisationId>
            <v1:Language>nl</v1:Language>
         </v1:request>
      </v1:getOrganisationParentNodesRequest>
   </soapenv:Body>
</soapenv:Envelope>]]></con:request><con:assertion type="SOAP Fault Assertion" id="58499ba9-c7f9-490e-9452-4e70e0f84fa2" name="Not SOAP Fault"/><con:assertion type="SOAP Response" id="fdfbca02-4eaa-433c-b4fb-f3ab80878f65" name="SOAP Response"/><con:assertion type="Schema Compliance" id="c4ea12c6-8289-4b3b-9b73-7b4c48a7bdfc" name="Schema Compliance"><con:configuration/></con:assertion><con:wsaConfig action="http://fidus.brussels/services/accessmanagerservice/getOrganisationParentNodes"/></con:request></con:config></con:testStep><con:testStep type="request" id="8ea86c9e-2add-4b8f-b19d-f904bf99184d" name="testcase5 - Prod - LB - Request"><con:settings/><con:config xsi:type="con:RequestStep" xmlns:xsi="http://www.w3.org/2001/XMLSchema-instance"><con:interface>AccessManagerServiceHTTPBinding</con:interface><con:operation>getOrganisationParentNodes</con:operation><con:request name="testcase5 - Prod - LB - Request" id="c6498464-0798-452e-a934-b5296f33e0b9" outgoingWss="Outflow PROD"><con:settings/><con:encoding>UTF-8</con:encoding><con:endpoint>https://fidus-esb-sg.prd.srv.cirb.lan:8443/services/AccessManagerService_v1.0</con:endpoint><con:request><![CDATA[<soapenv:Envelope xmlns:soapenv="http://schemas.xmlsoap.org/soap/envelope/" xmlns:v1="http://fidus.brussels/service/accessmanagerservice/messages/v1" xmlns:v11="http://fidus.brussels/type/common/messages/v1" xmlns:v31="http://socialsecurity.be/umanentityrepresentative/types/v3">
   <soapenv:Header/>
   <soapenv:Body>
      <v1:getOrganisationParentNodesRequest>
         <v1:messageContext>
         	  <v11:messageId>${=import static java.util.UUID.randomUUID; uuid = randomUUID() as String}</v11:messageId>
            <v11:timestamp>${=new java.text.SimpleDateFormat("yyyy-MM-dd'T'HH:mm:ss.SSS").format(new Date())}</v11:timestamp>
         </v1:messageContext>
         <v1:legalContext>ServiceIntegrator</v1:legalContext>
         <v1:request>
            <v1:Domain>QUAL_FED_HEALTHCARE</v1:Domain>
            <v1:OrganisationId>
               <v31:Identifier>1990000431</v31:Identifier>
               <v31:IdentifierType>BEEHP</v31:IdentifierType>
            </v1:OrganisationId>
            <v1:Language>nl</v1:Language>
         </v1:request>
      </v1:getOrganisationParentNodesRequest>
   </soapenv:Body>
</soapenv:Envelope>]]></con:request><con:assertion type="SOAP Fault Assertion" id="713818d9-0ff5-4b5b-95b1-a27221bfa811" name="Not SOAP Fault"/><con:assertion type="SOAP Response" id="c4cfbe46-6dd0-4f32-9708-5ffbf615401d" name="SOAP Response"/><con:assertion type="Schema Compliance" id="d1c2ffb2-e654-4e36-84f3-7d0e62244696" name="Schema Compliance"><con:configuration/></con:assertion><con:wsaConfig action="http://fidus.brussels/services/accessmanagerservice/getOrganisationParentNodes"/></con:request></con:config></con:testStep><con:testStep type="request" id="2f92b77b-9af1-4859-b9e6-81d69efdc898" name="testcase5 - Prod - Worker1 - Request"><con:settings/><con:config xsi:type="con:RequestStep" xmlns:xsi="http://www.w3.org/2001/XMLSchema-instance"><con:interface>AccessManagerServiceHTTPBinding</con:interface><con:operation>getOrganisationParentNodes</con:operation><con:request name="testcase5 - Prod - Worker1 - Request" id="b654ffbd-9a46-413e-8de1-8d7c01bfebc5" outgoingWss="Outflow PROD"><con:settings/><con:encoding>UTF-8</con:encoding><con:endpoint>https://192.168.26.22:8443/services/AccessManagerService_v1.0</con:endpoint><con:request><![CDATA[<soapenv:Envelope xmlns:soapenv="http://schemas.xmlsoap.org/soap/envelope/" xmlns:v1="http://fidus.brussels/service/accessmanagerservice/messages/v1" xmlns:v11="http://fidus.brussels/type/common/messages/v1" xmlns:v31="http://socialsecurity.be/umanentityrepresentative/types/v3">
   <soapenv:Header/>
   <soapenv:Body>
      <v1:getOrganisationParentNodesRequest>
         <v1:messageContext>
         	  <v11:messageId>${=import static java.util.UUID.randomUUID; uuid = randomUUID() as String}</v11:messageId>
            <v11:timestamp>${=new java.text.SimpleDateFormat("yyyy-MM-dd'T'HH:mm:ss.SSS").format(new Date())}</v11:timestamp>
         </v1:messageContext>
         <v1:legalContext>ServiceIntegrator</v1:legalContext>
         <v1:request>
            <v1:Domain>QUAL_FED_HEALTHCARE</v1:Domain>
            <v1:OrganisationId>
               <v31:Identifier>1990000431</v31:Identifier>
               <v31:IdentifierType>BEEHP</v31:IdentifierType>
            </v1:OrganisationId>
            <v1:Language>nl</v1:Language>
         </v1:request>
      </v1:getOrganisationParentNodesRequest>
   </soapenv:Body>
</soapenv:Envelope>]]></con:request><con:assertion type="SOAP Fault Assertion" id="c250275f-ffbe-4704-a07d-07f129023adf" name="Not SOAP Fault"/><con:assertion type="SOAP Response" id="568ea025-101b-456f-8512-0c3facd15513" name="SOAP Response"/><con:assertion type="Schema Compliance" id="6d2fc770-9d78-49c2-9068-1fb664c37790" name="Schema Compliance"><con:configuration/></con:assertion><con:wsaConfig action="http://fidus.brussels/services/accessmanagerservice/getOrganisationParentNodes"/></con:request></con:config></con:testStep><con:testStep type="request" id="a594d8e2-2a50-40a6-9dba-8028528521d5" name="testcase5 - Prod - Worker2 - Request"><con:settings/><con:config xsi:type="con:RequestStep" xmlns:xsi="http://www.w3.org/2001/XMLSchema-instance"><con:interface>AccessManagerServiceHTTPBinding</con:interface><con:operation>getOrganisationParentNodes</con:operation><con:request name="testcase5 - Prod - Worker2 - Request" id="b7e0ed26-afc6-451d-9d78-30ea2fd47573" outgoingWss="Outflow PROD"><con:settings/><con:encoding>UTF-8</con:encoding><con:endpoint>https://192.168.26.19:8443/services/AccessManagerService_v1.0</con:endpoint><con:request><![CDATA[<soapenv:Envelope xmlns:soapenv="http://schemas.xmlsoap.org/soap/envelope/" xmlns:v1="http://fidus.brussels/service/accessmanagerservice/messages/v1" xmlns:v11="http://fidus.brussels/type/common/messages/v1" xmlns:v31="http://socialsecurity.be/umanentityrepresentative/types/v3">
   <soapenv:Header/>
   <soapenv:Body>
      <v1:getOrganisationParentNodesRequest>
         <v1:messageContext>
         	  <v11:messageId>${=import static java.util.UUID.randomUUID; uuid = randomUUID() as String}</v11:messageId>
            <v11:timestamp>${=new java.text.SimpleDateFormat("yyyy-MM-dd'T'HH:mm:ss.SSS").format(new Date())}</v11:timestamp>
         </v1:messageContext>
         <v1:legalContext>ServiceIntegrator</v1:legalContext>
         <v1:request>
            <v1:Domain>QUAL_FED_HEALTHCARE</v1:Domain>
            <v1:OrganisationId>
               <v31:Identifier>1990000431</v31:Identifier>
               <v31:IdentifierType>BEEHP</v31:IdentifierType>
            </v1:OrganisationId>
            <v1:Language>nl</v1:Language>
         </v1:request>
      </v1:getOrganisationParentNodesRequest>
   </soapenv:Body>
</soapenv:Envelope>]]></con:request><con:assertion type="SOAP Fault Assertion" id="656ed247-e41c-4028-8f2e-3b9abc510fb6" name="Not SOAP Fault"/><con:assertion type="SOAP Response" id="329a666a-5008-459b-862e-160ca49f9073" name="SOAP Response"/><con:assertion type="Schema Compliance" id="ca05b9e2-5311-4a50-853d-8e924075c8e3" name="Schema Compliance"><con:configuration/></con:assertion><con:wsaConfig action="http://fidus.brussels/services/accessmanagerservice/getOrganisationParentNodes"/></con:request></con:config></con:testStep><con:properties/></con:testCase><con:properties/></con:testSuite><con:properties/><con:wssContainer><con:crypto><con:source>data/wso2/keystores/user-rajarshi.jks</con:source><con:password>test@fidus01</con:password><con:type>KEYSTORE</con:type></con:crypto><con:outgoing><con:name>Outflow DEV</con:name></con:outgoing><con:outgoing><con:name>Outflow TEST</con:name><con:entry type="Signature" username="testuser-test.fidus.brussels" password="test@fidus01"><con:configuration><crypto>user-rajarshi.jks</crypto><keyIdentifierType>3</keyIdentifierType><signatureAlgorithm/><signatureCanonicalization/><useSingleCert>true</useSingleCert><digestAlgorithm/><customTokenValueType/><customTokenId/></con:configuration></con:entry><con:entry type="Timestamp"><con:configuration><timeToLive>300000</timeToLive><strictTimestamp>true</strictTimestamp></con:configuration></con:entry></con:outgoing><con:outgoing><con:name>Outflow STAG</con:name></con:outgoing><con:outgoing><con:name>Outflow PROD</con:name></con:outgoing></con:wssContainer><con:oAuth2ProfileContainer/><con:oAuth1ProfileContainer/><con:sensitiveInformation/></con:soapui-project>