<?xml version="1.0" encoding="UTF-8"?>
<con:soapui-project id="e2232ec0-ea34-41e7-8249-f502cb82c656" activeEnvironment="Default" name="Client-FourthWayDebtService-1-0-soapui-project" resourceRoot="" soapui-version="5.1.3" abortOnError="false" runType="SEQUENTIAL" xmlns:con="http://eviware.com/soapui/config"><con:settings/><con:interface xsi:type="con:WsdlInterface" id="649cb87e-6128-42ea-94fb-b65bc9a7014b" wsaVersion="NONE" name="FourthWayDebtServiceHTTPBinding" type="wsdl" bindingName="{http://fidus.brussels/service/fourthwaydebtservice/v1}FourthWayDebtServiceHTTPBinding" soapVersion="1_1" anonymous="optional" definition="file:/home/isr/git/parent/fourthwaydebtservice/FourthWayDebtServiceGateway/src/main/resources/wsdl/fourthWayDebtService/1.0.0/FourthWayDebtService_v1.wsdl" xmlns:xsi="http://www.w3.org/2001/XMLSchema-instance"><con:settings/><con:definitionCache type="TEXT" rootPart="file:/home/isr/git/parent/fourthwaydebtservice/FourthWayDebtServiceGateway/src/main/resources/wsdl/fourthWayDebtService/1.0.0/FourthWayDebtService_v1.wsdl"><con:part><con:url>file:/home/isr/git/parent/fourthwaydebtservice/FourthWayDebtServiceGateway/src/main/resources/wsdl/fourthWayDebtService/1.0.0/FourthWayDebtService_v1.wsdl</con:url><con:content><![CDATA[<wsdl:definitions name="FourthWayDebtService" targetNamespace="http://fidus.brussels/service/fourthwaydebtservice/v1" xmlns:soap="http://schemas.xmlsoap.org/wsdl/soap/" xmlns:wsdl="http://schemas.xmlsoap.org/wsdl/" xmlns:xsd="http://www.w3.org/2001/XMLSchema" xmlns:mes="http://fidus.brussels/service/fourthwaydebtservice/messages/v1" xmlns:tns="http://fidus.brussels/service/fourthwaydebtservice/v1" xmlns:fwh="http://fsb.belgium.be/FourthWayServices/header" xmlns:fsb="http://fsb.belgium.be/header" xmlns:frmsg="http://fsb.belgium.be/FourthWayServices/fourthwaymessage" xmlns:funac="http://fsb.belgium.be/FourthWayServices/functionalack" xmlns:tecac="http://fsb.belgium.be/FourthWayServices/technicalack" xmlns:bet="http://fsb.belgium.be/FourthWayServices/businesserror" xmlns:dbtsi="http://fsb.belgium.be/FourthWayServices/debtinquiry" xmlns:ddn="http://fsb.belgium.be/FourthWayServices/debtdeficitnotification">
  <wsdl:types>
    <xsd:schema targetNamespace="http://fidus.brussels/service/fourthwaydebtservice/v1" elementFormDefault="qualified">
      <!--Fidus XSD-->
      <xsd:import namespace="http://fidus.brussels/service/fourthwaydebtservice/messages/v1" schemaLocation="messages/fourthwayDebtServiceMessages_v1.xsd"/>
      <xsd:import schemaLocation="messages/faultTypes_v1.xsd"/>
    </xsd:schema>
  </wsdl:types>
  <wsdl:message name="fiscalDebtNotificationRequestMessage">
    <wsdl:part name="FiscalDebtNotificationRequest" element="mes:fiscalDebtNotificationRequest"/>
  </wsdl:message>
  <wsdl:message name="fiscalDebtNotificationResponseMessage">
    <wsdl:part name="FiscalDebtNotificationResponse" element="mes:fiscalDebtNotificationResponse"/>
  </wsdl:message>
  <wsdl:message name="socialDebtNotificationRequestMessage">
    <wsdl:part name="SocialDebtNotificationRequest" element="mes:socialDebtNotificationRequest"/>
  </wsdl:message>
  <wsdl:message name="socialDebtNotificationResponseMessage">
    <wsdl:part name="SocialDebtNotificationResponse" element="mes:socialDebtNotificationResponse"/>
  </wsdl:message>
  <wsdl:message name="flandersDebtNotificationRequestMessage">
    <wsdl:part name="FlandersDebtNotificationRequest" element="mes:flandersRegionRequest"/>
  </wsdl:message>
  <wsdl:message name="flandersDebtNotificationResponseMessage">
    <wsdl:part name="FlandersDebtNotificationResponse" element="mes:flandersRegionResponse"/>
  </wsdl:message>
  <wsdl:message name="functionalAckRequestMessage">
    <wsdl:part name="FunctionalAckRequest" element="mes:functionalAckRequest"/>
  </wsdl:message>
  <wsdl:message name="functionalAckResponseMessage">
    <wsdl:part name="FunctionalAckResponse" element="mes:functionalAckResponse"/>
  </wsdl:message>
  <wsdl:message name="businessErrorRequestMessage">
    <wsdl:part name="BusinessErrorRequest" element="mes:businessErrorRequest"/>
  </wsdl:message>
  <wsdl:message name="businessErrorResponseMessage">
    <wsdl:part name="BusinessErrorResponse" element="mes:businessErrorResponse"/>
  </wsdl:message>
  <wsdl:message name="FaultMessageMessageId">
    <wsdl:part name="messageId" element="messageId"/>
  </wsdl:message>
  <wsdl:message name="FaultMessageTransactionId">
    <wsdl:part name="transactionId" element="transactionId"/>
  </wsdl:message>
  <wsdl:message name="FaultMessageTimestamp">
    <wsdl:part name="timestamp" element="timestamp"/>
  </wsdl:message>
  <wsdl:message name="FaultMessageError">
    <wsdl:part name="error" element="error"/>
  </wsdl:message>
  <wsdl:portType name="FourthWayDebtServicePortType">
    <wsdl:operation name="fiscalDebtNotification">
      <wsdl:input message="tns:fiscalDebtNotificationRequestMessage"/>
      <wsdl:output message="tns:fiscalDebtNotificationResponseMessage"/>
      <wsdl:fault name="FaultMessageMessageId" message="tns:FaultMessageMessageId"/>
      <wsdl:fault name="FaultMessageTransactionId" message="tns:FaultMessageTransactionId"/>
      <wsdl:fault name="FaultMessageTimestamp" message="tns:FaultMessageTimestamp"/>
      <wsdl:fault name="FaultMessageError" message="tns:FaultMessageError"/>
    </wsdl:operation>
    <wsdl:operation name="socialDebtNotification">
      <wsdl:input message="tns:socialDebtNotificationRequestMessage"/>
      <wsdl:output message="tns:socialDebtNotificationResponseMessage"/>
      <wsdl:fault name="FaultMessageMessageId" message="tns:FaultMessageMessageId"/>
      <wsdl:fault name="FaultMessageTransactionId" message="tns:FaultMessageTransactionId"/>
      <wsdl:fault name="FaultMessageTimestamp" message="tns:FaultMessageTimestamp"/>
      <wsdl:fault name="FaultMessageError" message="tns:FaultMessageError"/>
    </wsdl:operation>
    <wsdl:operation name="flandersDebtNotification">
      <wsdl:input message="tns:flandersDebtNotificationRequestMessage"/>
      <wsdl:output message="tns:flandersDebtNotificationResponseMessage"/>
      <wsdl:fault name="FaultMessageMessageId" message="tns:FaultMessageMessageId"/>
      <wsdl:fault name="FaultMessageTransactionId" message="tns:FaultMessageTransactionId"/>
      <wsdl:fault name="FaultMessageTimestamp" message="tns:FaultMessageTimestamp"/>
      <wsdl:fault name="FaultMessageError" message="tns:FaultMessageError"/>
    </wsdl:operation>
    <wsdl:operation name="functionalAck">
      <wsdl:input message="tns:functionalAckRequestMessage"/>
      <wsdl:output message="tns:functionalAckResponseMessage"/>
      <wsdl:fault name="FaultMessageMessageId" message="tns:FaultMessageMessageId"/>
      <wsdl:fault name="FaultMessageTransactionId" message="tns:FaultMessageTransactionId"/>
      <wsdl:fault name="FaultMessageTimestamp" message="tns:FaultMessageTimestamp"/>
      <wsdl:fault name="FaultMessageError" message="tns:FaultMessageError"/>
    </wsdl:operation>
    <wsdl:operation name="businessError">
      <wsdl:input message="tns:businessErrorRequestMessage"/>
      <wsdl:output message="tns:businessErrorResponseMessage"/>
      <wsdl:fault name="FaultMessageMessageId" message="tns:FaultMessageMessageId"/>
      <wsdl:fault name="FaultMessageTransactionId" message="tns:FaultMessageTransactionId"/>
      <wsdl:fault name="FaultMessageTimestamp" message="tns:FaultMessageTimestamp"/>
      <wsdl:fault name="FaultMessageError" message="tns:FaultMessageError"/>
    </wsdl:operation>
  </wsdl:portType>
  <wsdl:binding name="FourthWayDebtServiceHTTPBinding" type="tns:FourthWayDebtServicePortType">
    <soap:binding style="document" transport="http://schemas.xmlsoap.org/soap/http"/>
    <wsdl:operation name="fiscalDebtNotification">
      <soap:operation soapAction="http://fidus.brussels/services/fourthwaydebtservice/fiscalDebtNotification"/>
      <wsdl:input>
        <soap:body use="literal"/>
      </wsdl:input>
      <wsdl:output>
        <soap:body use="literal"/>
      </wsdl:output>
      <wsdl:fault name="FaultMessageMessageId">
        <soap:fault name="FaultMessageMessageId" use="literal"/>
      </wsdl:fault>
      <wsdl:fault name="FaultMessageTransactionId">
        <soap:fault name="FaultMessageTransactionId" use="literal"/>
      </wsdl:fault>
      <wsdl:fault name="FaultMessageTimestamp">
        <soap:fault name="FaultMessageTimestamp" use="literal"/>
      </wsdl:fault>
      <wsdl:fault name="FaultMessageError">
        <soap:fault name="FaultMessageError" use="literal"/>
      </wsdl:fault>
    </wsdl:operation>
    <wsdl:operation name="socialDebtNotification">
      <soap:operation soapAction="http://fidus.brussels/services/fourthwaydebtservice/socialDebtNotification"/>
      <wsdl:input>
        <soap:body use="literal"/>
      </wsdl:input>
      <wsdl:output>
        <soap:body use="literal"/>
      </wsdl:output>
      <wsdl:fault name="FaultMessageMessageId">
        <soap:fault name="FaultMessageMessageId" use="literal"/>
      </wsdl:fault>
      <wsdl:fault name="FaultMessageTransactionId">
        <soap:fault name="FaultMessageTransactionId" use="literal"/>
      </wsdl:fault>
      <wsdl:fault name="FaultMessageTimestamp">
        <soap:fault name="FaultMessageTimestamp" use="literal"/>
      </wsdl:fault>
      <wsdl:fault name="FaultMessageError">
        <soap:fault name="FaultMessageError" use="literal"/>
      </wsdl:fault>
    </wsdl:operation>
    <wsdl:operation name="flandersDebtNotification">
      <soap:operation soapAction="http://fidus.brussels/services/fourthwaydebtservice/flandersDebtNotification"/>
      <wsdl:input>
        <soap:body use="literal"/>
      </wsdl:input>
      <wsdl:output>
        <soap:body use="literal"/>
      </wsdl:output>
      <wsdl:fault name="FaultMessageMessageId">
        <soap:fault name="FaultMessageMessageId" use="literal"/>
      </wsdl:fault>
      <wsdl:fault name="FaultMessageTransactionId">
        <soap:fault name="FaultMessageTransactionId" use="literal"/>
      </wsdl:fault>
      <wsdl:fault name="FaultMessageTimestamp">
        <soap:fault name="FaultMessageTimestamp" use="literal"/>
      </wsdl:fault>
      <wsdl:fault name="FaultMessageError">
        <soap:fault name="FaultMessageError" use="literal"/>
      </wsdl:fault>
    </wsdl:operation>
    <wsdl:operation name="functionalAck">
      <soap:operation soapAction="http://fidus.brussels/services/fourthwaydebtservice/functionalAck"/>
      <wsdl:input>
        <soap:body use="literal"/>
      </wsdl:input>
      <wsdl:output>
        <soap:body use="literal"/>
      </wsdl:output>
      <wsdl:fault name="FaultMessageMessageId">
        <soap:fault name="FaultMessageMessageId" use="literal"/>
      </wsdl:fault>
      <wsdl:fault name="FaultMessageTransactionId">
        <soap:fault name="FaultMessageTransactionId" use="literal"/>
      </wsdl:fault>
      <wsdl:fault name="FaultMessageTimestamp">
        <soap:fault name="FaultMessageTimestamp" use="literal"/>
      </wsdl:fault>
      <wsdl:fault name="FaultMessageError">
        <soap:fault name="FaultMessageError" use="literal"/>
      </wsdl:fault>
    </wsdl:operation>
    <wsdl:operation name="businessError">
      <soap:operation soapAction="http://fidus.brussels/services/fourthwaydebtservice/businessError"/>
      <wsdl:input>
        <soap:body use="literal"/>
      </wsdl:input>
      <wsdl:output>
        <soap:body use="literal"/>
      </wsdl:output>
      <wsdl:fault name="FaultMessageMessageId">
        <soap:fault name="FaultMessageMessageId" use="literal"/>
      </wsdl:fault>
      <wsdl:fault name="FaultMessageTransactionId">
        <soap:fault name="FaultMessageTransactionId" use="literal"/>
      </wsdl:fault>
      <wsdl:fault name="FaultMessageTimestamp">
        <soap:fault name="FaultMessageTimestamp" use="literal"/>
      </wsdl:fault>
      <wsdl:fault name="FaultMessageError">
        <soap:fault name="FaultMessageError" use="literal"/>
      </wsdl:fault>
    </wsdl:operation>
  </wsdl:binding>
  <wsdl:service name="FourthWayDebtService_v1">
    <wsdl:port name="FourthWayDebtService_v1" binding="tns:FourthWayDebtServiceHTTPBinding">
      <soap:address location="http://fidus.brussels/services/fourthwaydebtservice/v1"/>
    </wsdl:port>
  </wsdl:service>
  <xsd:annotation>
    <xsd:documentation>FourthWay Debt service WDSL v1.</xsd:documentation>
  </xsd:annotation>
</wsdl:definitions>]]></con:content><con:type>http://schemas.xmlsoap.org/wsdl/</con:type></con:part><con:part><con:url>file:/home/isr/git/parent/fourthwaydebtservice/FourthWayDebtServiceGateway/src/main/resources/wsdl/fourthWayDebtService/1.0.0/messages/fourthwayDebtServiceMessages_v1.xsd</con:url><con:content><![CDATA[<xsd:schema targetNamespace="http://fidus.brussels/service/fourthwaydebtservice/messages/v1" elementFormDefault="qualified" attributeFormDefault="unqualified" version="1.0" xmlns:xsd="http://www.w3.org/2001/XMLSchema" xmlns:cme="http://fidus.brussels/type/common/messages/v1" xmlns:exc="http://fidus.brussels/type/common/exceptions/v1" xmlns:tns="http://fidus.brussels/service/fourthwaydebtservice/messages/v1" xmlns:fwh="http://fsb.belgium.be/FourthWayServices/header" xmlns:fsb="http://fsb.belgium.be/header" xmlns:dnn="http://fsb.belgium.be/FourthWayServices/debtnotification" xmlns:bet="http://fsb.belgium.be/FourthWayServices/businesserror" xmlns:funac="http://fsb.belgium.be/FourthWayServices/functionalack" xmlns:tecac="http://fsb.belgium.be/FourthWayServices/technicalack" xmlns:frmsg="http://fsb.belgium.be/FourthWayServices/fourthwaymessage">
  <xsd:import namespace="http://fidus.brussels/type/common/messages/v1" schemaLocation="baseMessageTypes_v1.xsd"/>
  <xsd:import namespace="http://fidus.brussels/type/common/exceptions/v1" schemaLocation="exceptionTypes_v1.xsd"/>
  <!--Fedict XSD-->
  <xsd:import namespace="http://fsb.belgium.be/FourthWayServices/debtnotification" schemaLocation="../XMLSchema/debtnotification.xsd"/>
  <xsd:import namespace="http://fsb.belgium.be/FourthWayServices/functionalack" schemaLocation="../XMLSchema/functionalacknowledgement.xsd"/>
  <xsd:import namespace="http://fsb.belgium.be/FourthWayServices/technicalack" schemaLocation="../XMLSchema/technicalacknowledgement.xsd"/>
  <xsd:import namespace="http://fsb.belgium.be/FourthWayServices/businesserror" schemaLocation="../XMLSchema/businesserror.xsd"/>
  <xsd:import namespace="http://fsb.belgium.be/FourthWayServices/fourthwaymessage" schemaLocation="../XMLSchema/fourthwaymessage.xsd"/>
  <xsd:complexType name="FiscalDebtNotificationRq">
    <xsd:sequence>
      <xsd:element ref="dnn:debtNotification"/>
    </xsd:sequence>
  </xsd:complexType>
  <xsd:complexType name="SocialDebtNotificationRq">
    <xsd:sequence>
      <xsd:element ref="dnn:debtNotification"/>
    </xsd:sequence>
  </xsd:complexType>
  <xsd:complexType name="FlandersRegionRq">
    <xsd:sequence>
      <xsd:element ref="dnn:debtNotification"/>
    </xsd:sequence>
  </xsd:complexType>
  <xsd:complexType name="FunctionalAckRq">
    <xsd:sequence>
      <xsd:element ref="funac:functionalAcknowledgement"/>
    </xsd:sequence>
  </xsd:complexType>
  <xsd:complexType name="BusinessErrorRq">
    <xsd:sequence>
      <xsd:element ref="bet:businessError"/>
    </xsd:sequence>
  </xsd:complexType>
  <xsd:complexType name="FiscalDebtNotificationRequestType">
    <xsd:sequence>
      <xsd:element name="messageContext" type="cme:RequestMessageContextType"/>
      <xsd:element name="legalContext" type="cme:LegalContextType"/>
      <xsd:element name="request" type="tns:FiscalDebtNotificationRq"/>
    </xsd:sequence>
  </xsd:complexType>
  <xsd:complexType name="SocialDebtNotificationRequestType">
    <xsd:sequence>
      <xsd:element name="messageContext" type="cme:RequestMessageContextType"/>
      <xsd:element name="legalContext" type="cme:LegalContextType"/>
      <xsd:element name="request" type="tns:SocialDebtNotificationRq"/>
    </xsd:sequence>
  </xsd:complexType>
  <xsd:complexType name="FlandersRegionRequestType">
    <xsd:sequence>
      <xsd:element name="messageContext" type="cme:RequestMessageContextType"/>
      <xsd:element name="legalContext" type="cme:LegalContextType"/>
      <xsd:element name="request" type="tns:FlandersRegionRq"/>
    </xsd:sequence>
  </xsd:complexType>
  <xsd:complexType name="FunctionalAckRequestType">
    <xsd:sequence>
      <xsd:element name="messageContext" type="cme:RequestMessageContextType"/>
      <xsd:element name="legalContext" type="cme:LegalContextType"/>
      <xsd:element name="request" type="tns:FunctionalAckRq"/>
    </xsd:sequence>
  </xsd:complexType>
  <xsd:complexType name="BusinessErrorRequestType">
    <xsd:sequence>
      <xsd:element name="messageContext" type="cme:RequestMessageContextType"/>
      <xsd:element name="legalContext" type="cme:LegalContextType"/>
      <xsd:element name="request" type="tns:BusinessErrorRq"/>
    </xsd:sequence>
  </xsd:complexType>
  <xsd:complexType name="FiscalDebtNotificationResponseType">
    <xsd:sequence>
      <xsd:element name="messageContext" type="cme:ResponseMessageContextType"/>
      <xsd:element name="responses" type="tns:ResponsesType" minOccurs="0"/>
      <xsd:element name="exceptions" type="exc:ExceptionsType" minOccurs="0">
        <xsd:annotation>
          <xsd:documentation>Technical errors that occur when processing the message context e.g. insufficient rights.</xsd:documentation>
        </xsd:annotation>
      </xsd:element>
    </xsd:sequence>
  </xsd:complexType>
  <xsd:complexType name="SocialDebtNotificationResponseType">
    <xsd:sequence>
      <xsd:element name="messageContext" type="cme:ResponseMessageContextType"/>
      <xsd:element name="responses" type="tns:ResponsesType" minOccurs="0"/>
      <xsd:element name="exceptions" type="exc:ExceptionsType" minOccurs="0">
        <xsd:annotation>
          <xsd:documentation>Technical errors that occur when processing the message context e.g. insufficient rights.</xsd:documentation>
        </xsd:annotation>
      </xsd:element>
    </xsd:sequence>
  </xsd:complexType>
  <xsd:complexType name="FlandersRegionResponseType">
    <xsd:sequence>
      <xsd:element name="messageContext" type="cme:ResponseMessageContextType"/>
      <xsd:element name="responses" type="tns:ResponsesType" minOccurs="0"/>
      <xsd:element name="exceptions" type="exc:ExceptionsType" minOccurs="0">
        <xsd:annotation>
          <xsd:documentation>Technical errors that occur when processing the message context e.g. insufficient rights.</xsd:documentation>
        </xsd:annotation>
      </xsd:element>
    </xsd:sequence>
  </xsd:complexType>
  <xsd:complexType name="FunctionalAckResponseType">
    <xsd:sequence>
      <xsd:element name="messageContext" type="cme:ResponseMessageContextType"/>
      <xsd:element name="responses" type="tns:ResponsesType" minOccurs="0"/>
      <xsd:element name="exceptions" type="exc:ExceptionsType" minOccurs="0">
        <xsd:annotation>
          <xsd:documentation>Technical errors that occur when processing the message context e.g. insufficient rights.</xsd:documentation>
        </xsd:annotation>
      </xsd:element>
    </xsd:sequence>
  </xsd:complexType>
  <xsd:complexType name="BusinessErrorResponseType">
    <xsd:sequence>
      <xsd:element name="messageContext" type="cme:ResponseMessageContextType"/>
      <xsd:element name="responses" type="tns:ResponsesType" minOccurs="0"/>
      <xsd:element name="exceptions" type="exc:ExceptionsType" minOccurs="0">
        <xsd:annotation>
          <xsd:documentation>Technical errors that occur when processing the message context e.g. insufficient rights.</xsd:documentation>
        </xsd:annotation>
      </xsd:element>
    </xsd:sequence>
  </xsd:complexType>
  <xsd:complexType name="ResponsesType">
    <xsd:sequence>
      <xsd:element name="response" type="tns:ResponseType" minOccurs="1" maxOccurs="1"/>
    </xsd:sequence>
  </xsd:complexType>
  <xsd:complexType name="ResponseType">
    <xsd:sequence>
      <xsd:element ref="tecac:technicalAcknowledgement"/>
      <xsd:element name="exceptions" type="exc:ExceptionsType" minOccurs="0">
        <xsd:annotation>
          <xsd:documentation>Business exceptions that occur when processing the request or response e.g. missing data for a single response element.
						Exceptions at this level may contain back-end specific codes and content.</xsd:documentation>
        </xsd:annotation>
      </xsd:element>
    </xsd:sequence>
  </xsd:complexType>
  <!--Element of the request and the response-->
  <xsd:element name="fiscalDebtNotificationRequest" type="tns:FiscalDebtNotificationRequestType"/>
  <xsd:element name="fiscalDebtNotificationResponse" type="tns:FiscalDebtNotificationResponseType"/>
  <xsd:element name="socialDebtNotificationRequest" type="tns:SocialDebtNotificationRequestType"/>
  <xsd:element name="socialDebtNotificationResponse" type="tns:SocialDebtNotificationResponseType"/>
  <xsd:element name="flandersRegionRequest" type="tns:FlandersRegionRequestType"/>
  <xsd:element name="flandersRegionResponse" type="tns:FlandersRegionResponseType"/>
  <xsd:element name="functionalAckRequest" type="tns:FunctionalAckRequestType"/>
  <xsd:element name="functionalAckResponse" type="tns:FunctionalAckResponseType"/>
  <xsd:element name="businessErrorRequest" type="tns:BusinessErrorRequestType"/>
  <xsd:element name="businessErrorResponse" type="tns:BusinessErrorResponseType"/>
</xsd:schema>]]></con:content><con:type>http://www.w3.org/2001/XMLSchema</con:type></con:part><con:part><con:url>file:/home/isr/git/parent/fourthwaydebtservice/FourthWayDebtServiceGateway/src/main/resources/wsdl/fourthWayDebtService/1.0.0/messages/baseMessageTypes_v1.xsd</con:url><con:content><![CDATA[<xsd:schema targetNamespace="http://fidus.brussels/type/common/messages/v1" elementFormDefault="qualified" attributeFormDefault="unqualified" version="1.0" xmlns:xsd="http://www.w3.org/2001/XMLSchema" xmlns:cmn="http://fidus.brussels/type/common/v1" xmlns:nps="http://fidus.brussels/service/personservice/personservices/naturalPerson/v1" xmlns:tns="http://fidus.brussels/type/common/messages/v1">
  <xsd:simpleType name="OkType">
    <xsd:restriction base="xsd:string">
      <xsd:enumeration value="OK"/>
      <xsd:enumeration value="NOK"/>
    </xsd:restriction>
  </xsd:simpleType>
  <!--Unformatted message Id-->
  <xsd:simpleType name="MessageIdType">
    <xsd:restriction base="xsd:string">
      <xsd:minLength value="1"/>
      <xsd:maxLength value="64"/>
    </xsd:restriction>
  </xsd:simpleType>
  <!--National Number of the person. Format depending on the Register-->
  <xsd:simpleType name="PersonNumberType">
    <xsd:restriction base="xsd:string">
      <xsd:pattern value="[0-9][0-9](([0][0-9])|([1][0-2]))(([0-2][0-9])|([3][0-1]))(([0-9]{2}[1-9])|([0-9][1-9][0-9])|([1-9][0-9]{2}))(([0-8][0-9])|([9][0-7]))">
        <xsd:annotation>
          <xsd:documentation>National Register format</xsd:documentation>
        </xsd:annotation>
      </xsd:pattern>
      <xsd:pattern value="[0-9][0-9](([2][0-9])|([3][0-2]))(([0-2][0-9])|([3][0-1]))[0-9]{3}(([0-8][0-9])|([9][0-7]))">
        <xsd:annotation>
          <xsd:documentation>CBSS Register format: Bis Register</xsd:documentation>
        </xsd:annotation>
      </xsd:pattern>
      <xsd:pattern value="[0-9][0-9](([4][0-9])|([5][0-2]))(([0-2][0-9])|([3][0-1]))[0-9]{3}(([0-8][0-9])|([9][0-7]))">
        <xsd:annotation>
          <xsd:documentation>CBSS Register format: Ter Register</xsd:documentation>
        </xsd:annotation>
      </xsd:pattern>
    </xsd:restriction>
  </xsd:simpleType>
  <!--Request message context-->
  <xsd:complexType name="RequestMessageContextType">
    <xsd:annotation>
      <xsd:documentation>Message context block generated by the consumer.</xsd:documentation>
    </xsd:annotation>
    <xsd:sequence>
      <xsd:element name="messageId" type="tns:MessageIdType">
        <xsd:annotation>
          <xsd:documentation>Consumer must assign their own MessageId reference for the request.</xsd:documentation>
        </xsd:annotation>
      </xsd:element>
      <xsd:element name="timestamp" type="xsd:dateTime" minOccurs="0">
        <xsd:annotation>
          <xsd:documentation>Timestamp when client sent request.</xsd:documentation>
        </xsd:annotation>
      </xsd:element>
    </xsd:sequence>
  </xsd:complexType>
  <!--Response message context-->
  <xsd:complexType name="ResponseMessageContextType">
    <xsd:annotation>
      <xsd:documentation>MessageContext block generated by Fidus.</xsd:documentation>
    </xsd:annotation>
    <xsd:sequence>
      <xsd:element name="messageId" type="tns:MessageIdType">
        <xsd:annotation>
          <xsd:documentation>A unique identifier generated by Fidus.</xsd:documentation>
        </xsd:annotation>
      </xsd:element>
      <xsd:element name="transactionId" type="tns:MessageIdType">
        <xsd:annotation>
          <xsd:documentation>A unique ID returned to the client for tracing purposes.</xsd:documentation>
        </xsd:annotation>
      </xsd:element>
      <xsd:element name="relatesTo" type="tns:MessageIdType" minOccurs="0">
        <xsd:annotation>
          <xsd:documentation>Optional field. The unique id of a previous batch file in this exchange Only used for responses.</xsd:documentation>
        </xsd:annotation>
      </xsd:element>
      <xsd:element name="timestamp" type="xsd:dateTime" minOccurs="0">
        <xsd:annotation>
          <xsd:documentation>Time reply was sent by Fidus.</xsd:documentation>
        </xsd:annotation>
      </xsd:element>
    </xsd:sequence>
  </xsd:complexType>
  <!--Legal Context : the finality of the Privacy Commission-->
  <xsd:simpleType name="LegalContextType">
    <xsd:restriction base="xsd:string">
      <xsd:minLength value="1"/>
      <xsd:maxLength value="64"/>
    </xsd:restriction>
  </xsd:simpleType>
  <xsd:complexType name="UserContextType">
    <xsd:annotation>
      <xsd:documentation>The user context defines information regarding the actual user performing a request.</xsd:documentation>
    </xsd:annotation>
    <xsd:sequence>
      <xsd:element name="language" type="xsd:language" nillable="true">
        <xsd:annotation>
          <xsd:documentation>The preferred language of the actual user performing the request.
						This influences the language in which response elements are cast.</xsd:documentation>
        </xsd:annotation>
      </xsd:element>
    </xsd:sequence>
  </xsd:complexType>
</xsd:schema>]]></con:content><con:type>http://www.w3.org/2001/XMLSchema</con:type></con:part><con:part><con:url>file:/home/isr/git/parent/fourthwaydebtservice/FourthWayDebtServiceGateway/src/main/resources/wsdl/fourthWayDebtService/1.0.0/messages/exceptionTypes_v1.xsd</con:url><con:content><![CDATA[<xsd:schema targetNamespace="http://fidus.brussels/type/common/exceptions/v1" elementFormDefault="qualified" attributeFormDefault="unqualified" version="1.0" xmlns:xsd="http://www.w3.org/2001/XMLSchema" xmlns:tns="http://fidus.brussels/type/common/exceptions/v1">
  <!--Basic error typed-->
  <xsd:complexType name="ExceptionsType">
    <xsd:sequence>
      <xsd:element name="exception" type="tns:ExceptionType" maxOccurs="unbounded"/>
    </xsd:sequence>
  </xsd:complexType>
  <xsd:complexType name="ExceptionType">
    <xsd:sequence>
      <xsd:element name="type" type="tns:ExceptionClassType"/>
      <xsd:element name="code" type="tns:ExceptionCodeType"/>
      <xsd:element name="source" type="tns:ExceptionSourceType"/>
      <xsd:element name="description" type="tns:ExceptionDescriptionType"/>
    </xsd:sequence>
  </xsd:complexType>
  <xsd:simpleType name="ExceptionClassType">
    <xsd:restriction base="xsd:string">
      <xsd:enumeration value="ERROR"/>
      <xsd:enumeration value="WARNING"/>
      <xsd:enumeration value="INFO"/>
    </xsd:restriction>
  </xsd:simpleType>
  <xsd:simpleType name="ExceptionCodeType">
    <xsd:restriction base="xsd:string">
      <xsd:maxLength value="20"/>
    </xsd:restriction>
  </xsd:simpleType>
  <xsd:simpleType name="ExceptionSourceType">
    <xsd:restriction base="xsd:string">
      <xsd:maxLength value="20"/>
    </xsd:restriction>
  </xsd:simpleType>
  <xsd:simpleType name="ExceptionDescriptionType">
    <xsd:restriction base="xsd:string"/>
  </xsd:simpleType>
</xsd:schema>]]></con:content><con:type>http://www.w3.org/2001/XMLSchema</con:type></con:part><con:part><con:url>file:/home/isr/git/parent/fourthwaydebtservice/FourthWayDebtServiceGateway/src/main/resources/wsdl/fourthWayDebtService/1.0.0/XMLSchema/debtnotification.xsd</con:url><con:content><![CDATA[<!--edited with XMLSpy v2010 (http://www.altova.com) by Johan Schurgers (I8C)-->
<xs:schema targetNamespace="http://fsb.belgium.be/FourthWayServices/debtnotification" elementFormDefault="qualified" attributeFormDefault="unqualified" version="1.0.5" xmlns:xs="http://www.w3.org/2001/XMLSchema" xmlns:dpy="http://fsb.belgium.be/FourthWayServices/debtparty" xmlns:dnn="http://fsb.belgium.be/FourthWayServices/debtnotification" xmlns:cin="http://fsb.belgium.be/FourthWayServices/generalcaseinformation" xmlns:frmsg="http://fsb.belgium.be/FourthWayServices/fourthwaymessage" xmlns:lbs="http://fsb.belgium.be/FourthWayServices/legalbase" xmlns:tech="http://fsb.belgium.be/FourthWayServices/technical">
  <xs:import namespace="http://fsb.belgium.be/FourthWayServices/debtparty" schemaLocation="debtparty.xsd"/>
  <xs:import namespace="http://fsb.belgium.be/FourthWayServices/generalcaseinformation" schemaLocation="generalcaseinformation.xsd"/>
  <xs:import namespace="http://fsb.belgium.be/FourthWayServices/legalbase" schemaLocation="legalbase.xsd"/>
  <xs:import namespace="http://fsb.belgium.be/FourthWayServices/fourthwaymessage" schemaLocation="fourthwaymessage.xsd"/>
  <xs:import namespace="http://fsb.belgium.be/FourthWayServices/technical" schemaLocation="technical.xsd"/>
  <xs:element name="debtNotification" substitutionGroup="frmsg:fourthWayMessage">
    <xs:annotation>
      <xs:documentation>When the debtinquiry of a case results in actual debts, this debt needs to be notified to initiator of the case. The debt notification is an official confiscation of the earnings generated by the transaction.</xs:documentation>
    </xs:annotation>
    <xs:complexType>
      <xs:complexContent>
        <xs:extension base="dnn:DebtNotificationType">
          <xs:sequence>
            <xs:element ref="tech:technical"/>
          </xs:sequence>
          <xs:attribute name="Id" use="required" type="xs:ID"/>
        </xs:extension>
      </xs:complexContent>
    </xs:complexType>
  </xs:element>
  <xs:complexType name="DebtNotificationType">
    <xs:complexContent>
      <xs:extension base="frmsg:FourthWayMessageType">
        <xs:sequence>
          <xs:element ref="cin:generalCaseInformation"/>
          <xs:element ref="dpy:debtParty"/>
          <xs:element ref="lbs:legalBase"/>
        </xs:sequence>
      </xs:extension>
    </xs:complexContent>
  </xs:complexType>
</xs:schema>]]></con:content><con:type>http://www.w3.org/2001/XMLSchema</con:type></con:part><con:part><con:url>file:/home/isr/git/parent/fourthwaydebtservice/FourthWayDebtServiceGateway/src/main/resources/wsdl/fourthWayDebtService/1.0.0/XMLSchema/debtparty.xsd</con:url><con:content><![CDATA[<!--edited with XMLSpy v2010 (http://www.altova.com) by Johan Schurgers (I8C)-->
<xs:schema targetNamespace="http://fsb.belgium.be/FourthWayServices/debtparty" elementFormDefault="qualified" attributeFormDefault="unqualified" version="1.0.4" xmlns:xs="http://www.w3.org/2001/XMLSchema" xmlns:dpy="http://fsb.belgium.be/FourthWayServices/debtparty" xmlns:dbt="http://fsb.belgium.be/FourthWayServices/debt" xmlns:pty="http://fsb.belgium.be/FourthWayServices/party" xmlns:dts="http://fsb.belgium.be/FourthWayServices/common/datatypes">
  <xs:import namespace="http://fsb.belgium.be/FourthWayServices/party" schemaLocation="party.xsd"/>
  <xs:import namespace="http://fsb.belgium.be/FourthWayServices/debt" schemaLocation="debt.xsd"/>
  <xs:import namespace="http://fsb.belgium.be/FourthWayServices/common/datatypes" schemaLocation="datatypes.xsd"/>
  <xs:element name="debtParty" type="dpy:DebtPartyType"/>
  <xs:complexType name="DebtPartyType">
    <xs:sequence>
      <xs:element ref="pty:party"/>
      <xs:element ref="dbt:debt" maxOccurs="unbounded"/>
      <xs:element name="totalDebtAmount" type="dts:CurrencyAmountType">
        <xs:annotation>
          <xs:documentation>The total amount for all debts in the debt notification.</xs:documentation>
        </xs:annotation>
      </xs:element>
    </xs:sequence>
  </xs:complexType>
</xs:schema>]]></con:content><con:type>http://www.w3.org/2001/XMLSchema</con:type></con:part><con:part><con:url>file:/home/isr/git/parent/fourthwaydebtservice/FourthWayDebtServiceGateway/src/main/resources/wsdl/fourthWayDebtService/1.0.0/XMLSchema/party.xsd</con:url><con:content><![CDATA[<!--edited with XMLSpy v2010 (http://www.altova.com) by Johan Schurgers (I8C)-->
<xs:schema targetNamespace="http://fsb.belgium.be/FourthWayServices/party" elementFormDefault="qualified" attributeFormDefault="unqualified" version="1.0.3" xmlns:xs="http://www.w3.org/2001/XMLSchema" xmlns:pty="http://fsb.belgium.be/FourthWayServices/party" xmlns:natper="http://fsb.belgium.be/FourthWayServices/naturalperson" xmlns:morper="http://fsb.belgium.be/FourthWayServices/moralperson" xmlns:phykbo="http://fsb.belgium.be/FourthWayServices/physicalkboperson" xmlns:enter="http://fsb.belgium.be/FourthWayServices/enterprise" xmlns:selfemp="http://fsb.belgium.be/FourthWayServices/selfemployed" xmlns:unp="http://fsb.belgium.be/FourthWayServices/unregisteredparty" xmlns:insti="http://fsb.belgium.be/FourthWayServices/institution">
  <xs:import namespace="http://fsb.belgium.be/FourthWayServices/naturalperson" schemaLocation="naturalperson.xsd"/>
  <xs:import namespace="http://fsb.belgium.be/FourthWayServices/selfemployed" schemaLocation="selfemployed.xsd"/>
  <xs:import namespace="http://fsb.belgium.be/FourthWayServices/unregisteredparty" schemaLocation="unregisteredparty.xsd"/>
  <xs:import namespace="http://fsb.belgium.be/FourthWayServices/institution" schemaLocation="institution.xsd"/>
  <xs:import namespace="http://fsb.belgium.be/FourthWayServices/enterprise" schemaLocation="enterprise.xsd"/>
  <xs:complexType name="PartyType">
    <xs:sequence>
      <xs:element name="residentialParty" type="xs:boolean" minOccurs="0">
        <xs:annotation>
          <xs:documentation>Is the party a citizen or a Belgian based company</xs:documentation>
        </xs:annotation>
      </xs:element>
      <xs:element ref="pty:partyInformation"/>
    </xs:sequence>
  </xs:complexType>
  <xs:element name="party">
    <xs:complexType>
      <xs:complexContent>
        <xs:extension base="pty:PartyType">
          <xs:attribute name="partyID" type="xs:string" use="required">
            <xs:annotation>
              <xs:documentation>Number of the party. This number will be used to link the party to another specific party or to a good. It will be used in following messages. The form that is used: 001, 002, 003</xs:documentation>
            </xs:annotation>
          </xs:attribute>
        </xs:extension>
      </xs:complexContent>
    </xs:complexType>
  </xs:element>
  <xs:element name="partyInformation" type="pty:PartyInformationType" abstract="true">
    <xs:annotation>
      <xs:documentation>Abstract element which is to be substituted with specific criteria.
				The specific criteria are defined in separate schemas.</xs:documentation>
    </xs:annotation>
  </xs:element>
  <xs:complexType name="PartyInformationType" abstract="true"/>
</xs:schema>]]></con:content><con:type>http://www.w3.org/2001/XMLSchema</con:type></con:part><con:part><con:url>file:/home/isr/git/parent/fourthwaydebtservice/FourthWayDebtServiceGateway/src/main/resources/wsdl/fourthWayDebtService/1.0.0/XMLSchema/naturalperson.xsd</con:url><con:content><![CDATA[<!--edited with XMLSpy v2010 (http://www.altova.com) by Johan Schurgers (I8C)-->
<xs:schema targetNamespace="http://fsb.belgium.be/FourthWayServices/naturalperson" elementFormDefault="qualified" attributeFormDefault="unqualified" version="1.0" xmlns:xs="http://www.w3.org/2001/XMLSchema" xmlns:natper="http://fsb.belgium.be/FourthWayServices/naturalperson" xmlns:pty="http://fsb.belgium.be/FourthWayServices/party" xmlns:dts="http://fsb.belgium.be/FourthWayServices/common/datatypes" xmlns:addn="http://fsb.belgium.be/FourthWayServices/common/addressinformation">
  <xs:import namespace="http://fsb.belgium.be/FourthWayServices/party" schemaLocation="party.xsd"/>
  <xs:import namespace="http://fsb.belgium.be/FourthWayServices/common/datatypes" schemaLocation="datatypes.xsd"/>
  <xs:import namespace="http://fsb.belgium.be/FourthWayServices/common/addressinformation" schemaLocation="addressinformation.xsd"/>
  <xs:element name="naturalPerson" type="natper:NaturalPersonType" substitutionGroup="pty:partyInformation">
    <xs:annotation>
      <xs:documentation>Natural persons.Also used for ersons who have a legal guardian that is legally responsible for them.</xs:documentation>
    </xs:annotation>
  </xs:element>
  <xs:complexType name="NaturalPersonInformationType">
    <xs:sequence>
      <xs:element ref="dts:name" minOccurs="0"/>
      <xs:element ref="addn:address" minOccurs="0"/>
      <xs:element name="birthDate" type="dts:OpenDateType" minOccurs="0"/>
    </xs:sequence>
  </xs:complexType>
  <xs:complexType name="NaturalPersonType">
    <xs:complexContent>
      <xs:extension base="pty:PartyInformationType">
        <xs:sequence>
          <xs:element ref="dts:entityReference" minOccurs="0"/>
          <xs:element name="personInformation" type="natper:NaturalPersonInformationType" minOccurs="0"/>
        </xs:sequence>
      </xs:extension>
    </xs:complexContent>
  </xs:complexType>
</xs:schema>]]></con:content><con:type>http://www.w3.org/2001/XMLSchema</con:type></con:part><con:part><con:url>file:/home/isr/git/parent/fourthwaydebtservice/FourthWayDebtServiceGateway/src/main/resources/wsdl/fourthWayDebtService/1.0.0/XMLSchema/datatypes.xsd</con:url><con:content><![CDATA[<!--edited with XMLSpy v2010 (http://www.altova.com) by Johan Schurgers (I8C)-->
<xs:schema targetNamespace="http://fsb.belgium.be/FourthWayServices/common/datatypes" elementFormDefault="qualified" attributeFormDefault="unqualified" version="1.0.3" xmlns:xs="http://www.w3.org/2001/XMLSchema" xmlns:dts="http://fsb.belgium.be/FourthWayServices/common/datatypes">
  <xs:simpleType name="CurrencyAmountType">
    <xs:restriction base="xs:decimal">
      <xs:fractionDigits value="2"/>
    </xs:restriction>
  </xs:simpleType>
  <xs:simpleType name="UuidType">
    <xs:restriction base="xs:string">
      <xs:pattern value="[A-Fa-f0-9]{32}|(\{|\()?[A-Fa-f0-9]{8}-([A-Fa-f0-9]{4}-){3}[A-Fa-f0-9]{12}(\}|\))?"/>
    </xs:restriction>
  </xs:simpleType>
  <xs:complexType name="PeriodType">
    <xs:annotation>
      <xs:documentation>A period of time between a startdate and an enddate</xs:documentation>
    </xs:annotation>
    <xs:sequence>
      <xs:element name="startDate" minOccurs="0">
        <xs:simpleType>
          <xs:restriction base="xs:date"/>
        </xs:simpleType>
      </xs:element>
      <xs:element name="endDate" minOccurs="0">
        <xs:simpleType>
          <xs:restriction base="xs:date"/>
        </xs:simpleType>
      </xs:element>
    </xs:sequence>
  </xs:complexType>
  <xs:complexType name="EntityReferenceType">
    <xs:sequence>
      <xs:element name="source" type="xs:string">
        <xs:annotation>
          <xs:documentation>The source used. KBO, BIS, ...</xs:documentation>
        </xs:annotation>
      </xs:element>
      <xs:element name="entityID" maxOccurs="unbounded">
        <xs:annotation>
          <xs:documentation>The actual reference to a business entity. This should be a unique key to identify the entity more in dept when consulting the source. Several unique keys are possible when they can be found in the same source.</xs:documentation>
        </xs:annotation>
        <xs:complexType>
          <xs:simpleContent>
            <xs:extension base="xs:string">
              <xs:attribute name="type" type="xs:string" use="required">
                <xs:annotation>
                  <xs:documentation>Type of businessvalue. For ex. KBO nr, National number, ...</xs:documentation>
                </xs:annotation>
              </xs:attribute>
            </xs:extension>
          </xs:simpleContent>
        </xs:complexType>
      </xs:element>
      <xs:element name="enquireDate" type="xs:dateTime" minOccurs="0">
        <xs:annotation>
          <xs:documentation>Date when to entityID was found in the source. This is used to ensure two parties can comunnicate with the most current data but also the historic data.</xs:documentation>
        </xs:annotation>
      </xs:element>
    </xs:sequence>
  </xs:complexType>
  <xs:complexType name="ExtensionType">
    <xs:sequence>
      <xs:element name="extension" maxOccurs="unbounded">
        <xs:annotation>
          <xs:documentation>Multiple values KEY-VALUE pairs are possible as extension.</xs:documentation>
        </xs:annotation>
        <xs:complexType>
          <xs:sequence>
            <xs:element name="key">
              <xs:annotation>
                <xs:documentation>The key is an aggreed convention between two parties. The key can only contain upper case leters without any spaces.</xs:documentation>
              </xs:annotation>
              <xs:simpleType>
                <xs:restriction base="xs:string">
                  <xs:pattern value="([a-zA-Z])*"/>
                </xs:restriction>
              </xs:simpleType>
            </xs:element>
            <xs:element name="value" type="xs:string">
              <xs:annotation>
                <xs:documentation>The value should contain the business value in correspondence with the key.</xs:documentation>
              </xs:annotation>
            </xs:element>
          </xs:sequence>
        </xs:complexType>
      </xs:element>
    </xs:sequence>
  </xs:complexType>
  <xs:complexType name="OpenDateType">
    <xs:sequence>
      <xs:element name="year" nillable="true">
        <xs:annotation>
          <xs:documentation>year otherwise explicit NULL required</xs:documentation>
        </xs:annotation>
        <xs:simpleType>
          <xs:restriction base="xs:string">
            <xs:length value="4"/>
            <xs:pattern value="[1-3][0-9][0-9][0-9]"/>
          </xs:restriction>
        </xs:simpleType>
      </xs:element>
      <xs:element name="month" nillable="true">
        <xs:annotation>
          <xs:documentation>month when known range 1-12 otherwise explicit NULL required</xs:documentation>
        </xs:annotation>
        <xs:simpleType>
          <xs:restriction base="xs:integer">
            <xs:minInclusive value="1"/>
            <xs:maxInclusive value="12"/>
          </xs:restriction>
        </xs:simpleType>
      </xs:element>
      <xs:element name="day" nillable="true">
        <xs:annotation>
          <xs:documentation>month when known range 1-31 otherwise explicit NULL required</xs:documentation>
        </xs:annotation>
        <xs:simpleType>
          <xs:restriction base="xs:integer">
            <xs:minInclusive value="1"/>
            <xs:maxInclusive value="31"/>
          </xs:restriction>
        </xs:simpleType>
      </xs:element>
    </xs:sequence>
  </xs:complexType>
  <xs:complexType name="PartyRelationshipType">
    <xs:sequence>
      <xs:element name="relationship" maxOccurs="unbounded">
        <xs:complexType>
          <xs:sequence>
            <xs:element name="partyID" type="xs:string">
              <xs:annotation>
                <xs:documentation>PartyID is a reference to the party ID contained in the party information.</xs:documentation>
              </xs:annotation>
            </xs:element>
            <xs:element name="relationshipType" type="xs:string">
              <xs:annotation>
                <xs:documentation>What kind of relationship is there between the party and the related, ex. OWNER, HEIR, ...</xs:documentation>
              </xs:annotation>
            </xs:element>
            <xs:element name="relatedID" type="xs:string">
              <xs:annotation>
                <xs:documentation>To what ID is the party related? This can be a party ID or a good ID. When the subject is an inheritance the relationship is not to the inheritance but to the deceased person.</xs:documentation>
              </xs:annotation>
            </xs:element>
            <xs:element name="fraction" minOccurs="0">
              <xs:annotation>
                <xs:documentation>When several parties are owner of the same good that is being sold. Or when a several parties have different rights to the inheritance of another party, the fraction can be given.</xs:documentation>
              </xs:annotation>
              <xs:complexType>
                <xs:sequence>
                  <xs:element name="numerator" type="xs:int"/>
                  <xs:element name="denominator" type="xs:int"/>
                </xs:sequence>
              </xs:complexType>
            </xs:element>
          </xs:sequence>
        </xs:complexType>
      </xs:element>
    </xs:sequence>
  </xs:complexType>
  <xs:complexType name="NameType">
    <xs:sequence>
      <xs:element name="firstName" type="xs:string" minOccurs="0" maxOccurs="unbounded">
        <xs:annotation>
          <xs:documentation>All legal firstnames known</xs:documentation>
        </xs:annotation>
      </xs:element>
      <xs:element name="lastName" type="xs:string" maxOccurs="unbounded">
        <xs:annotation>
          <xs:documentation>All legal lastnames known</xs:documentation>
        </xs:annotation>
      </xs:element>
      <xs:element name="usedFirstName" type="xs:string" minOccurs="0">
        <xs:annotation>
          <xs:documentation>commonly used first name</xs:documentation>
        </xs:annotation>
      </xs:element>
    </xs:sequence>
  </xs:complexType>
  <xs:complexType name="PartnerType">
    <xs:sequence>
      <xs:element name="partner" type="xs:string">
        <xs:annotation>
          <xs:documentation>Partner identifier as defined in the list of possible partners ex. MINFIN, VLABEL, ...</xs:documentation>
        </xs:annotation>
      </xs:element>
      <xs:element name="description" type="xs:string" minOccurs="0">
        <xs:annotation>
          <xs:documentation>Description off the partner used for support. ex. Ministry of finance, Flemish tax office</xs:documentation>
        </xs:annotation>
      </xs:element>
      <xs:element name="partnerCode" nillable="true">
        <xs:annotation>
          <xs:documentation>Code to be used for routing within the social security. This will be a unique identifier of the partner.</xs:documentation>
        </xs:annotation>
        <xs:complexType>
          <xs:simpleContent>
            <xs:extension base="xs:string">
              <xs:attribute name="codeType" type="xs:string">
                <xs:annotation>
                  <xs:documentation>Type of code as found in description ex. CRESTRA, KBO, ...</xs:documentation>
                </xs:annotation>
              </xs:attribute>
            </xs:extension>
          </xs:simpleContent>
        </xs:complexType>
      </xs:element>
    </xs:sequence>
  </xs:complexType>
  <xs:complexType name="DestinationType">
    <xs:sequence>
      <xs:element name="destination" maxOccurs="unbounded">
        <xs:annotation>
          <xs:documentation>Several destination are possible for each message.</xs:documentation>
        </xs:annotation>
        <xs:complexType>
          <xs:complexContent>
            <xs:extension base="dts:PartnerType">
              <xs:sequence minOccurs="0">
                <xs:element name="destinationChain" type="dts:DestinationType">
                  <xs:annotation>
                    <xs:documentation>Every destination has several hops. When the ops are known  all hops should be described. When sending a response to a message. The hops described in the origin are the minimum that should be given.</xs:documentation>
                  </xs:annotation>
                </xs:element>
              </xs:sequence>
            </xs:extension>
          </xs:complexContent>
        </xs:complexType>
      </xs:element>
    </xs:sequence>
  </xs:complexType>
  <xs:complexType name="OriginType">
    <xs:sequence>
      <xs:element name="origin" type="dts:PartnerType">
        <xs:annotation>
          <xs:documentation>The orgin of the message.</xs:documentation>
        </xs:annotation>
      </xs:element>
      <xs:sequence minOccurs="0">
        <xs:element name="originChain" type="dts:OriginType">
          <xs:annotation>
            <xs:documentation>Every origin has several hops. When the hops are known  all hops should be described. When sending a response to a message the sender will use the original origin in the response to compose the destination</xs:documentation>
          </xs:annotation>
        </xs:element>
      </xs:sequence>
    </xs:sequence>
  </xs:complexType>
  <xs:element name="entityReference" type="dts:EntityReferenceType">
    <xs:annotation>
      <xs:documentation>Reference of a business value in a authentic source</xs:documentation>
    </xs:annotation>
  </xs:element>
  <xs:element name="extensions" type="dts:ExtensionType"/>
  <xs:element name="openDate" type="dts:OpenDateType"/>
  <xs:element name="procedureID" type="dts:UuidType">
    <xs:annotation>
      <xs:documentation>Procedure identification of the case. This ID will link all messages about a case to eachother.</xs:documentation>
    </xs:annotation>
  </xs:element>
  <xs:element name="uuid" type="dts:UuidType"/>
  <xs:element name="partyRelationship" type="dts:PartyRelationshipType">
    <xs:annotation>
      <xs:documentation>Parties are identified only once. To link a party to another party or to a good a relationship should be made using the good or party ID.</xs:documentation>
    </xs:annotation>
  </xs:element>
  <xs:element name="name" type="dts:NameType"/>
  <xs:element name="origin" type="dts:OriginType">
    <xs:annotation>
      <xs:documentation>Origin of a message. Who has created this message and the following known hops. This should be filled in with as much detail as possible. When a response to a message has to be send, the sender should be able to reverse the origin to create a destination.</xs:documentation>
    </xs:annotation>
  </xs:element>
  <xs:element name="destinations" type="dts:DestinationType"/>
  <xs:element name="referencePeriod" type="dts:PeriodType">
    <xs:annotation>
      <xs:documentation>Period concerning</xs:documentation>
    </xs:annotation>
  </xs:element>
</xs:schema>]]></con:content><con:type>http://www.w3.org/2001/XMLSchema</con:type></con:part><con:part><con:url>file:/home/isr/git/parent/fourthwaydebtservice/FourthWayDebtServiceGateway/src/main/resources/wsdl/fourthWayDebtService/1.0.0/XMLSchema/addressinformation.xsd</con:url><con:content><![CDATA[<!--edited with XMLSpy v2010 (http://www.altova.com) by Johan Schurgers (I8C)-->
<xs:schema targetNamespace="http://fsb.belgium.be/FourthWayServices/common/addressinformation" elementFormDefault="qualified" attributeFormDefault="unqualified" version="1.0" xmlns:xs="http://www.w3.org/2001/XMLSchema" xmlns:addn="http://fsb.belgium.be/FourthWayServices/common/addressinformation" xmlns:dts="http://fsb.belgium.be/FourthWayServices/common/datatypes">
  <xs:import namespace="http://fsb.belgium.be/FourthWayServices/common/datatypes" schemaLocation="datatypes.xsd"/>
  <xs:element name="address">
    <xs:complexType>
      <xs:choice>
        <xs:sequence>
          <xs:element ref="addn:location"/>
          <xs:element name="street" type="xs:string"/>
          <xs:element name="houseNumber" type="xs:string" minOccurs="0"/>
          <xs:element name="houseIndexNumber" type="xs:string" minOccurs="0"/>
          <xs:element name="additionalAddressInformation" type="dts:ExtensionType" minOccurs="0">
            <xs:annotation>
              <xs:documentation>Optional addition to the address. When more information is provided that can be contained in the address information, an extension can be used. For example names of buildings or industry zones can be added. This is also used for address where it's difficult to determine the data. For example foreign address where it's not clear what is the street and what part a location.</xs:documentation>
            </xs:annotation>
          </xs:element>
        </xs:sequence>
        <xs:element name="nonDefinedAddress" type="dts:ExtensionType">
          <xs:annotation>
            <xs:documentation>When the address only contains data that can not be identified in the defined address structure, the nonDefinedAddress has to be used</xs:documentation>
          </xs:annotation>
        </xs:element>
      </xs:choice>
      <xs:attribute name="addressType" type="xs:string">
        <xs:annotation>
          <xs:documentation>Type of the used address ex. LEGALADDRESS, CORRESPONDENCE ADDRESS, ...</xs:documentation>
        </xs:annotation>
      </xs:attribute>
    </xs:complexType>
  </xs:element>
  <xs:element name="country">
    <xs:complexType>
      <xs:sequence>
        <xs:element name="countryDescription" type="xs:string" minOccurs="0">
          <xs:annotation>
            <xs:documentation>The country name or description. This value should not be used as a business value. The countrycode should be used.</xs:documentation>
          </xs:annotation>
        </xs:element>
        <xs:element name="countryCode" maxOccurs="unbounded">
          <xs:annotation>
            <xs:documentation>Code of the country. Only codes in standard conventions used by the federal or regional governements can be used.</xs:documentation>
          </xs:annotation>
          <xs:complexType>
            <xs:simpleContent>
              <xs:extension base="xs:string">
                <xs:attribute name="codeStandard" use="required">
                  <xs:annotation>
                    <xs:documentation>The code convention that was used for the given countryCode. This is obligated so other parties know what code standard has to be translated to obtain a standard known by them.</xs:documentation>
                  </xs:annotation>
                </xs:attribute>
              </xs:extension>
            </xs:simpleContent>
          </xs:complexType>
        </xs:element>
      </xs:sequence>
    </xs:complexType>
  </xs:element>
  <xs:complexType name="LocationType">
    <xs:sequence>
      <xs:element ref="addn:country"/>
      <xs:element name="municipalityDescription" minOccurs="0" maxOccurs="unbounded">
        <xs:annotation>
          <xs:documentation>The municipality can be added in different languages. The language attribute has to be filled in when there is more then one name or when the language or the municipality is different then the case language.</xs:documentation>
        </xs:annotation>
        <xs:complexType>
          <xs:simpleContent>
            <xs:extension base="xs:string">
              <xs:attribute name="language" type="xs:string">
                <xs:annotation>
                  <xs:documentation>Language of the municipality in the ISO standard</xs:documentation>
                </xs:annotation>
              </xs:attribute>
            </xs:extension>
          </xs:simpleContent>
        </xs:complexType>
      </xs:element>
      <xs:element name="municipalityCode" type="xs:string" minOccurs="0">
        <xs:annotation>
          <xs:documentation>NIS code of the the municipality</xs:documentation>
        </xs:annotation>
      </xs:element>
      <xs:element name="postalCode" type="xs:string" minOccurs="0">
        <xs:annotation>
          <xs:documentation>Postal code of the municipality</xs:documentation>
        </xs:annotation>
      </xs:element>
      <xs:element name="additionalLocationInformation" type="dts:ExtensionType" minOccurs="0">
        <xs:annotation>
          <xs:documentation>Optional addition to the location information. When extra information has to be given to define an address it's possible to use this extension. For instance some countries require the state or province to be included.</xs:documentation>
        </xs:annotation>
      </xs:element>
    </xs:sequence>
  </xs:complexType>
  <xs:element name="location" type="addn:LocationType"/>
  <xs:element name="addressInformation">
    <xs:annotation>
      <xs:documentation>Comment describing your root element</xs:documentation>
    </xs:annotation>
    <xs:complexType>
      <xs:sequence>
        <xs:element ref="addn:address" maxOccurs="unbounded"/>
      </xs:sequence>
    </xs:complexType>
  </xs:element>
  <xs:element name="divisionInformation">
    <xs:annotation>
      <xs:documentation>Division information is the "Kadaster" in dutch or "Cadastre" in french. The information can be given with one unique reference to the division or seperated.</xs:documentation>
    </xs:annotation>
    <xs:complexType>
      <xs:sequence>
        <xs:choice>
          <xs:element name="divisionReference"/>
          <xs:sequence>
            <xs:element name="divisionNumber" type="xs:string"/>
            <xs:element name="lotNumber" type="xs:string" minOccurs="0"/>
            <xs:element name="sectionNumber" type="xs:string"/>
          </xs:sequence>
        </xs:choice>
        <xs:element name="areaSurface" type="xs:string" minOccurs="0">
          <xs:annotation>
            <xs:documentation>Surface of the area with the unit of messurment included. (ex 20a8ca or 2008m2)</xs:documentation>
          </xs:annotation>
        </xs:element>
      </xs:sequence>
    </xs:complexType>
  </xs:element>
</xs:schema>]]></con:content><con:type>http://www.w3.org/2001/XMLSchema</con:type></con:part><con:part><con:url>file:/home/isr/git/parent/fourthwaydebtservice/FourthWayDebtServiceGateway/src/main/resources/wsdl/fourthWayDebtService/1.0.0/XMLSchema/selfemployed.xsd</con:url><con:content><![CDATA[<!--edited with XMLSpy v2010 (http://www.altova.com) by Johan Schurgers (I8C)-->
<xs:schema targetNamespace="http://fsb.belgium.be/FourthWayServices/selfemployed" elementFormDefault="qualified" attributeFormDefault="unqualified" version="1.0.4" xmlns:xs="http://www.w3.org/2001/XMLSchema" xmlns:selfemp="http://fsb.belgium.be/FourthWayServices/selfemployed" xmlns:pty="http://fsb.belgium.be/FourthWayServices/party" xmlns:dts="http://fsb.belgium.be/FourthWayServices/common/datatypes" xmlns:addn="http://fsb.belgium.be/FourthWayServices/common/addressinformation" xmlns:natper="http://fsb.belgium.be/FourthWayServices/naturalperson">
  <xs:import namespace="http://fsb.belgium.be/FourthWayServices/party" schemaLocation="party.xsd"/>
  <xs:import namespace="http://fsb.belgium.be/FourthWayServices/common/addressinformation" schemaLocation="addressinformation.xsd"/>
  <xs:import namespace="http://fsb.belgium.be/FourthWayServices/common/datatypes" schemaLocation="datatypes.xsd"/>
  <xs:import namespace="http://fsb.belgium.be/FourthWayServices/naturalperson" schemaLocation="naturalperson.xsd"/>
  <xs:element name="selfEmployed" type="selfemp:SelfEmployedType" substitutionGroup="pty:partyInformation">
    <xs:annotation>
      <xs:documentation>Natural persons that own a companies they are personal liable for. The authentic source is always the KBO registry. When the person is liable for several companies, all companies should be defined seperatly as self employed with the same person.</xs:documentation>
    </xs:annotation>
  </xs:element>
  <xs:complexType name="SelfEmployedInformationType">
    <xs:sequence>
      <xs:element name="personInformation" type="natper:NaturalPersonInformationType" minOccurs="0"/>
    </xs:sequence>
  </xs:complexType>
  <xs:complexType name="SelfEmployedType">
    <xs:complexContent>
      <xs:extension base="pty:PartyInformationType">
        <xs:sequence>
          <xs:element name="entityReferences">
            <xs:annotation>
              <xs:documentation>The selfemployed contains information about the enterprise and the natural persons identifiers. These can be lookedup in different sources.</xs:documentation>
            </xs:annotation>
            <xs:complexType>
              <xs:sequence>
                <xs:element ref="dts:entityReference" maxOccurs="2"/>
              </xs:sequence>
            </xs:complexType>
          </xs:element>
          <xs:element name="selfEmployedInformation" type="selfemp:SelfEmployedInformationType" minOccurs="0"/>
        </xs:sequence>
      </xs:extension>
    </xs:complexContent>
  </xs:complexType>
</xs:schema>]]></con:content><con:type>http://www.w3.org/2001/XMLSchema</con:type></con:part><con:part><con:url>file:/home/isr/git/parent/fourthwaydebtservice/FourthWayDebtServiceGateway/src/main/resources/wsdl/fourthWayDebtService/1.0.0/XMLSchema/unregisteredparty.xsd</con:url><con:content><![CDATA[<!--edited with XMLSpy v2010 (http://www.altova.com) by Johan Schurgers (I8C)-->
<xs:schema targetNamespace="http://fsb.belgium.be/FourthWayServices/unregisteredparty" elementFormDefault="qualified" attributeFormDefault="unqualified" version="1.0" xmlns:xs="http://www.w3.org/2001/XMLSchema" xmlns:unp="http://fsb.belgium.be/FourthWayServices/unregisteredparty" xmlns:pty="http://fsb.belgium.be/FourthWayServices/party" xmlns:dts="http://fsb.belgium.be/FourthWayServices/common/datatypes" xmlns:addn="http://fsb.belgium.be/FourthWayServices/common/addressinformation">
  <xs:import namespace="http://fsb.belgium.be/FourthWayServices/party" schemaLocation="party.xsd"/>
  <xs:import namespace="http://fsb.belgium.be/FourthWayServices/common/datatypes" schemaLocation="datatypes.xsd"/>
  <xs:element name="unregisteredParty" type="unp:UnregisteredPartyType" substitutionGroup="pty:partyInformation">
    <xs:annotation>
      <xs:documentation>When a party can't be described with the standard registrated party types. A structured, but open party can be provided. This party has no fixed fields the businesses are responisble for the content.</xs:documentation>
    </xs:annotation>
  </xs:element>
  <xs:complexType name="UnregisteredPartyType">
    <xs:annotation>
      <xs:documentation>When a party can't be descibed with the normal types and extened party has to be used</xs:documentation>
    </xs:annotation>
    <xs:complexContent>
      <xs:extension base="pty:PartyInformationType">
        <xs:sequence>
          <xs:element ref="dts:extensions"/>
        </xs:sequence>
      </xs:extension>
    </xs:complexContent>
  </xs:complexType>
</xs:schema>]]></con:content><con:type>http://www.w3.org/2001/XMLSchema</con:type></con:part><con:part><con:url>file:/home/isr/git/parent/fourthwaydebtservice/FourthWayDebtServiceGateway/src/main/resources/wsdl/fourthWayDebtService/1.0.0/XMLSchema/institution.xsd</con:url><con:content><![CDATA[<!--edited with XMLSpy v2010 (http://www.altova.com) by Johan Schurgers (I8C)-->
<xs:schema targetNamespace="http://fsb.belgium.be/FourthWayServices/institution" elementFormDefault="qualified" attributeFormDefault="unqualified" version="1.0" xmlns:xs="http://www.w3.org/2001/XMLSchema" xmlns:insti="http://fsb.belgium.be/FourthWayServices/institution" xmlns:pty="http://fsb.belgium.be/FourthWayServices/party" xmlns:dts="http://fsb.belgium.be/FourthWayServices/common/datatypes" xmlns:addn="http://fsb.belgium.be/FourthWayServices/common/addressinformation" xmlns:con="http://fsb.belgium.be/FourthWayServices/contact">
  <xs:import namespace="http://fsb.belgium.be/FourthWayServices/party" schemaLocation="party.xsd"/>
  <xs:import namespace="http://fsb.belgium.be/FourthWayServices/common/addressinformation" schemaLocation="addressinformation.xsd"/>
  <xs:import namespace="http://fsb.belgium.be/FourthWayServices/common/datatypes" schemaLocation="datatypes.xsd"/>
  <xs:import namespace="http://fsb.belgium.be/FourthWayServices/contact" schemaLocation="contact.xsd"/>
  <xs:element name="institution" type="insti:InstitutionType" substitutionGroup="pty:partyInformation">
    <xs:annotation>
      <xs:documentation>Used for legaly recognized institutions (4th way partners). Notaries, FOD, ...</xs:documentation>
    </xs:annotation>
  </xs:element>
  <xs:complexType name="InstitutionType">
    <xs:complexContent>
      <xs:extension base="pty:PartyInformationType">
        <xs:sequence>
          <xs:element name="institutionType" type="xs:string">
            <xs:annotation>
              <xs:documentation>Type of institution ex TAXOFFICE, NOTARY, ...</xs:documentation>
            </xs:annotation>
          </xs:element>
          <xs:element name="institutionName" type="xs:string">
            <xs:annotation>
              <xs:documentation>Official name of the institution</xs:documentation>
            </xs:annotation>
          </xs:element>
          <xs:element name="institutionIdentificationNumber" maxOccurs="unbounded">
            <xs:annotation>
              <xs:documentation>Identification number of the institution. Multiple identifications are possible.</xs:documentation>
            </xs:annotation>
            <xs:complexType>
              <xs:simpleContent>
                <xs:extension base="xs:string">
                  <xs:attribute name="type" use="required">
                    <xs:annotation>
                      <xs:documentation>KBO number, CRESTRA number, ...</xs:documentation>
                    </xs:annotation>
                  </xs:attribute>
                </xs:extension>
              </xs:simpleContent>
            </xs:complexType>
          </xs:element>
          <xs:element ref="addn:address" minOccurs="0"/>
          <xs:element name="district" type="xs:string" minOccurs="0">
            <xs:annotation>
              <xs:documentation>Some institutions are bound to a district.</xs:documentation>
            </xs:annotation>
          </xs:element>
          <xs:element name="contactInformation" type="con:ContactInformationType" minOccurs="0">
            <xs:annotation>
              <xs:documentation>Contactinformation of the institution.</xs:documentation>
            </xs:annotation>
          </xs:element>
        </xs:sequence>
      </xs:extension>
    </xs:complexContent>
  </xs:complexType>
</xs:schema>]]></con:content><con:type>http://www.w3.org/2001/XMLSchema</con:type></con:part><con:part><con:url>file:/home/isr/git/parent/fourthwaydebtservice/FourthWayDebtServiceGateway/src/main/resources/wsdl/fourthWayDebtService/1.0.0/XMLSchema/contact.xsd</con:url><con:content><![CDATA[<!--edited with XMLSpy v2010 (http://www.altova.com) by Johan Schurgers (I8C)-->
<xs:schema targetNamespace="http://fsb.belgium.be/FourthWayServices/contact" elementFormDefault="qualified" attributeFormDefault="unqualified" version="1.0" xmlns:xs="http://www.w3.org/2001/XMLSchema" xmlns:con="http://fsb.belgium.be/FourthWayServices/contact" xmlns:dts="http://fsb.belgium.be/FourthWayServices/common/datatypes">
  <xs:import namespace="http://fsb.belgium.be/FourthWayServices/common/datatypes" schemaLocation="datatypes.xsd"/>
  <xs:element name="contactInformation" type="con:ContactInformationType"/>
  <xs:simpleType name="NumberType">
    <xs:restriction base="xs:string">
      <xs:pattern value="[+0-9](([0-9])*)"/>
    </xs:restriction>
  </xs:simpleType>
  <xs:complexType name="ContactInformationType">
    <xs:sequence>
      <xs:element name="phoneNumber" minOccurs="0" maxOccurs="unbounded">
        <xs:complexType>
          <xs:simpleContent>
            <xs:extension base="con:NumberType">
              <xs:attribute name="type" type="xs:string"/>
            </xs:extension>
          </xs:simpleContent>
        </xs:complexType>
      </xs:element>
      <xs:element name="faxNumber" minOccurs="0" maxOccurs="unbounded">
        <xs:complexType>
          <xs:simpleContent>
            <xs:extension base="con:NumberType">
              <xs:attribute name="type" type="xs:string"/>
            </xs:extension>
          </xs:simpleContent>
        </xs:complexType>
      </xs:element>
      <xs:element name="emailAddress" minOccurs="0" maxOccurs="unbounded">
        <xs:complexType>
          <xs:simpleContent>
            <xs:extension base="xs:string">
              <xs:attribute name="type" type="xs:string"/>
            </xs:extension>
          </xs:simpleContent>
        </xs:complexType>
      </xs:element>
    </xs:sequence>
  </xs:complexType>
  <xs:element name="contactPerson" type="con:ContactPersonType"/>
  <xs:complexType name="ContactPersonType">
    <xs:sequence>
      <xs:element ref="dts:name"/>
      <xs:element name="function" type="xs:string" minOccurs="0">
        <xs:annotation>
          <xs:documentation>Function of the contactperson</xs:documentation>
        </xs:annotation>
      </xs:element>
      <xs:element ref="con:contactInformation"/>
      <xs:element name="identificationNumber" minOccurs="0"/>
    </xs:sequence>
  </xs:complexType>
</xs:schema>]]></con:content><con:type>http://www.w3.org/2001/XMLSchema</con:type></con:part><con:part><con:url>file:/home/isr/git/parent/fourthwaydebtservice/FourthWayDebtServiceGateway/src/main/resources/wsdl/fourthWayDebtService/1.0.0/XMLSchema/enterprise.xsd</con:url><con:content><![CDATA[<!--edited with XMLSpy v2010 (http://www.altova.com) by Johan Schurgers (I8C)-->
<xs:schema targetNamespace="http://fsb.belgium.be/FourthWayServices/enterprise" elementFormDefault="qualified" attributeFormDefault="unqualified" version="1.0" xmlns:xs="http://www.w3.org/2001/XMLSchema" xmlns:enter="http://fsb.belgium.be/FourthWayServices/enterprise" xmlns:pty="http://fsb.belgium.be/FourthWayServices/party" xmlns:dts="http://fsb.belgium.be/FourthWayServices/common/datatypes" xmlns:addn="http://fsb.belgium.be/FourthWayServices/common/addressinformation">
  <xs:import namespace="http://fsb.belgium.be/FourthWayServices/party" schemaLocation="party.xsd"/>
  <xs:import namespace="http://fsb.belgium.be/FourthWayServices/common/addressinformation" schemaLocation="addressinformation.xsd"/>
  <xs:import namespace="http://fsb.belgium.be/FourthWayServices/common/datatypes" schemaLocation="datatypes.xsd"/>
  <xs:element name="enterprise" type="enter:EnterpriseType" substitutionGroup="pty:partyInformation">
    <xs:annotation>
      <xs:documentation>Used for legaly recognized enterprises</xs:documentation>
    </xs:annotation>
  </xs:element>
  <xs:complexType name="EnterpriseInformationType">
    <xs:sequence>
      <xs:element name="enterpriseName" type="xs:string" minOccurs="0"/>
      <xs:element name="juridicalForm" type="xs:string" minOccurs="0">
        <xs:annotation>
          <xs:documentation>Juridical form following the KBO/BCE standards at http://www.mineco.be/enterprises/crossroads_bank/xls/rechtsv.xls</xs:documentation>
        </xs:annotation>
      </xs:element>
      <xs:element ref="addn:address" minOccurs="0"/>
      <xs:element name="creationDate" type="xs:date" minOccurs="0"/>
    </xs:sequence>
  </xs:complexType>
  <xs:complexType name="EnterpriseType">
    <xs:complexContent>
      <xs:extension base="pty:PartyInformationType">
        <xs:sequence>
          <xs:element ref="dts:entityReference" minOccurs="0"/>
          <xs:element name="enterpriseInformation" type="enter:EnterpriseInformationType" minOccurs="0"/>
        </xs:sequence>
      </xs:extension>
    </xs:complexContent>
  </xs:complexType>
</xs:schema>]]></con:content><con:type>http://www.w3.org/2001/XMLSchema</con:type></con:part><con:part><con:url>file:/home/isr/git/parent/fourthwaydebtservice/FourthWayDebtServiceGateway/src/main/resources/wsdl/fourthWayDebtService/1.0.0/XMLSchema/debt.xsd</con:url><con:content><![CDATA[<!--edited with XMLSpy v2010 (http://www.altova.com) by Johan Schurgers (I8C)-->
<xs:schema targetNamespace="http://fsb.belgium.be/FourthWayServices/debt" elementFormDefault="qualified" attributeFormDefault="unqualified" version="1.0.3" xmlns:xs="http://www.w3.org/2001/XMLSchema" xmlns:dbt="http://fsb.belgium.be/FourthWayServices/debt" xmlns:fdbt="http://fsb.belgium.be/FourthWayServices/fiscaldebt" xmlns:sdbt="http://fsb.belgium.be/FourthWayServices/socialdebt" xmlns:frfdbt="http://fsb.belgium.be/FourthWayServices/fiscalregionflandersdebt">
  <xs:import namespace="http://fsb.belgium.be/FourthWayServices/fiscaldebt" schemaLocation="fiscaldebt.xsd"/>
  <xs:import namespace="http://fsb.belgium.be/FourthWayServices/socialdebt" schemaLocation="socialdebt.xsd"/>
  <xs:import namespace="http://fsb.belgium.be/FourthWayServices/fiscalregionflandersdebt" schemaLocation="fiscalregionflandersdebt.xsd"/>
  <xs:complexType name="DebtType">
    <xs:sequence>
      <xs:element ref="dbt:debtInformation"/>
    </xs:sequence>
    <xs:attribute name="debtID" type="xs:string" use="required">
      <xs:annotation>
        <xs:documentation>Number of the debt. This number will be used in following messages. The form that is used: 001, 002, 003</xs:documentation>
      </xs:annotation>
    </xs:attribute>
  </xs:complexType>
  <xs:element name="debt" type="dbt:DebtType"/>
  <xs:element name="debtInformation" type="dbt:DebtInformationType" abstract="true">
    <xs:annotation>
      <xs:documentation>Abstract element which is to be substituted with specific criteria.
				The specific criteria are defined in separate schemas.</xs:documentation>
    </xs:annotation>
  </xs:element>
  <xs:complexType name="DebtInformationType" abstract="true"></xs:complexType>
</xs:schema>]]></con:content><con:type>http://www.w3.org/2001/XMLSchema</con:type></con:part><con:part><con:url>file:/home/isr/git/parent/fourthwaydebtservice/FourthWayDebtServiceGateway/src/main/resources/wsdl/fourthWayDebtService/1.0.0/XMLSchema/fiscaldebt.xsd</con:url><con:content><![CDATA[<!--edited with XMLSpy v2010 (http://www.altova.com) by Johan Schurgers (I8C)-->
<xs:schema targetNamespace="http://fsb.belgium.be/FourthWayServices/fiscaldebt" elementFormDefault="qualified" attributeFormDefault="unqualified" version="1.0.4.1" xmlns:xs="http://www.w3.org/2001/XMLSchema" xmlns:fdbt="http://fsb.belgium.be/FourthWayServices/fiscaldebt" xmlns:dbt="http://fsb.belgium.be/FourthWayServices/debt" xmlns:fdd="http://fsb.belgium.be/FourthWayServices/fiscaldebtdetails" xmlns:oprc="http://fsb.belgium.be/FourthWayServices/officialproclamation" xmlns:beni="http://fsb.belgium.be/FourthWayServices/beneficiary" xmlns:debtdin="http://fsb.belgium.be/FourthWayServices/debtdetailedinformation" xmlns:dbtsol="http://fsb.belgium.be/FourthWayServices/debtsolidarity">
  <xs:import namespace="http://fsb.belgium.be/FourthWayServices/debtdetailedinformation" schemaLocation="debtdetailedinformation.xsd"/>
  <xs:import namespace="http://fsb.belgium.be/FourthWayServices/beneficiary" schemaLocation="beneficiary.xsd"/>
  <xs:import namespace="http://fsb.belgium.be/FourthWayServices/officialproclamation" schemaLocation="officialproclamation.xsd"/>
  <xs:import namespace="http://fsb.belgium.be/FourthWayServices/fiscaldebtdetails" schemaLocation="fiscaldebtdetails.xsd"/>
  <xs:import namespace="http://fsb.belgium.be/FourthWayServices/debt" schemaLocation="debt.xsd"/>
  <xs:import namespace="http://fsb.belgium.be/FourthWayServices/debtsolidarity" schemaLocation="debtsolidarity.xsd"/>
  <xs:element name="fiscaldebt" type="fdbt:FiscalDebtType" substitutionGroup="dbt:debtInformation"/>
  <xs:complexType name="FiscalDebtType">
    <xs:complexContent>
      <xs:extension base="dbt:DebtInformationType">
        <xs:sequence>
          <xs:element ref="fdd:fiscalDebtDetails"/>
          <xs:element ref="oprc:officialProclamation"/>
          <xs:element ref="beni:beneficiary"/>
          <xs:element ref="debtdin:debtDetailedInformation"/>
          <xs:element ref="dbtsol:debtSolidarity" minOccurs="0"/>
        </xs:sequence>
      </xs:extension>
    </xs:complexContent>
  </xs:complexType>
</xs:schema>]]></con:content><con:type>http://www.w3.org/2001/XMLSchema</con:type></con:part><con:part><con:url>file:/home/isr/git/parent/fourthwaydebtservice/FourthWayDebtServiceGateway/src/main/resources/wsdl/fourthWayDebtService/1.0.0/XMLSchema/debtdetailedinformation.xsd</con:url><con:content><![CDATA[<!--edited with XMLSpy v2010 (http://www.altova.com) by Johan Schurgers (I8C)-->
<xs:schema targetNamespace="http://fsb.belgium.be/FourthWayServices/debtdetailedinformation" elementFormDefault="qualified" attributeFormDefault="unqualified" version="1.0.3" xmlns:xs="http://www.w3.org/2001/XMLSchema" xmlns:debtdin="http://fsb.belgium.be/FourthWayServices/debtdetailedinformation" xmlns:dts="http://fsb.belgium.be/FourthWayServices/common/datatypes">
  <xs:import namespace="http://fsb.belgium.be/FourthWayServices/common/datatypes" schemaLocation="datatypes.xsd"/>
  <xs:complexType name="DebtDetailedInformationType">
    <xs:sequence>
      <xs:element name="calculationDate" type="xs:date">
        <xs:annotation>
          <xs:documentation>Date the debt was calculated</xs:documentation>
        </xs:annotation>
      </xs:element>
      <xs:element name="referentialDate" type="xs:date" minOccurs="0">
        <xs:annotation>
          <xs:documentation>The date on which the account is closed (e.g. the end of the trimester)</xs:documentation>
        </xs:annotation>
      </xs:element>
      <xs:element name="referentialNumber" type="xs:string" minOccurs="0">
        <xs:annotation>
          <xs:documentation>Identification number of the debt with the debt claimer. When a party does not pay the amounts owed for taxes, social taxes or others. The amount can be transferred to another register or service responsible for reclaiming the debt. This number is the internal number to refer to a debt in such a register and not the initial tax number reference. The number represents the debt in an internal debt register.</xs:documentation>
        </xs:annotation>
      </xs:element>
    </xs:sequence>
  </xs:complexType>
  <xs:element name="debtDetailedInformation" type="debtdin:DebtDetailedInformationType">
    <xs:annotation>
      <xs:documentation>General information about the debt.</xs:documentation>
    </xs:annotation>
  </xs:element>
</xs:schema>]]></con:content><con:type>http://www.w3.org/2001/XMLSchema</con:type></con:part><con:part><con:url>file:/home/isr/git/parent/fourthwaydebtservice/FourthWayDebtServiceGateway/src/main/resources/wsdl/fourthWayDebtService/1.0.0/XMLSchema/beneficiary.xsd</con:url><con:content><![CDATA[<!--edited with XMLSpy v2010 (http://www.altova.com) by Johan Schurgers (I8C)-->
<xs:schema targetNamespace="http://fsb.belgium.be/FourthWayServices/beneficiary" elementFormDefault="qualified" attributeFormDefault="unqualified" version="1.0" xmlns:xs="http://www.w3.org/2001/XMLSchema" xmlns:beni="http://fsb.belgium.be/FourthWayServices/beneficiary" xmlns:ba="http://fsb.belgium.be/FourthWayServices/common/bankaccount" xmlns:dts="http://fsb.belgium.be/FourthWayServices/common/datatypes">
  <xs:import namespace="http://fsb.belgium.be/FourthWayServices/common/bankaccount" schemaLocation="bankaccount.xsd"/>
  <xs:import namespace="http://fsb.belgium.be/FourthWayServices/common/datatypes" schemaLocation="datatypes.xsd"/>
  <xs:complexType name="BeneficiaryType">
    <xs:sequence>
      <xs:element name="beneficiaryName" type="xs:string" minOccurs="0">
        <xs:annotation>
          <xs:documentation>Official name of the beneficiary</xs:documentation>
        </xs:annotation>
      </xs:element>
      <xs:element name="structuredMessage" type="xs:string">
        <xs:annotation>
          <xs:documentation>Message to be used when transfering the money</xs:documentation>
        </xs:annotation>
      </xs:element>
      <xs:element name="amount" type="dts:CurrencyAmountType" minOccurs="0">
        <xs:annotation>
          <xs:documentation>Amount to be paid in euro without the euro sign</xs:documentation>
        </xs:annotation>
      </xs:element>
      <xs:element ref="ba:bankAccount"/>
    </xs:sequence>
  </xs:complexType>
  <xs:element name="beneficiary" type="beni:BeneficiaryType">
    <xs:annotation>
      <xs:documentation>Claimer of the earnings of the debt.</xs:documentation>
    </xs:annotation>
  </xs:element>
</xs:schema>]]></con:content><con:type>http://www.w3.org/2001/XMLSchema</con:type></con:part><con:part><con:url>file:/home/isr/git/parent/fourthwaydebtservice/FourthWayDebtServiceGateway/src/main/resources/wsdl/fourthWayDebtService/1.0.0/XMLSchema/bankaccount.xsd</con:url><con:content><![CDATA[<!--edited with XMLSpy v2010 (http://www.altova.com) by Johan Schurgers (I8C)-->
<xs:schema targetNamespace="http://fsb.belgium.be/FourthWayServices/common/bankaccount" elementFormDefault="qualified" attributeFormDefault="unqualified" version="1.0" xmlns:xs="http://www.w3.org/2001/XMLSchema" xmlns:ba="http://fsb.belgium.be/FourthWayServices/common/bankaccount" xmlns:addn="http://fsb.belgium.be/FourthWayServices/common/addressinformation">
  <xs:import namespace="http://fsb.belgium.be/FourthWayServices/common/addressinformation" schemaLocation="addressinformation.xsd"/>
  <xs:element name="bankAccount" type="ba:BankAccountType">
    <xs:annotation>
      <xs:documentation>Description of a bankaccount. When using internnational accounts alle elements are required.</xs:documentation>
    </xs:annotation>
  </xs:element>
  <xs:complexType name="BankAccountType">
    <xs:sequence>
      <xs:element name="ibanNumber" type="xs:string">
        <xs:annotation>
          <xs:documentation>International Bank Account Number</xs:documentation>
        </xs:annotation>
      </xs:element>
      <xs:element name="bicCode" type="xs:string" minOccurs="0">
        <xs:annotation>
          <xs:documentation>Bank Identificatie Code (old SWIFT code)</xs:documentation>
        </xs:annotation>
      </xs:element>
      <xs:element name="accountName" type="xs:string" minOccurs="0">
        <xs:annotation>
          <xs:documentation>Name the account is listed to</xs:documentation>
        </xs:annotation>
      </xs:element>
      <xs:element ref="addn:address" minOccurs="0"/>
    </xs:sequence>
  </xs:complexType>
</xs:schema>]]></con:content><con:type>http://www.w3.org/2001/XMLSchema</con:type></con:part><con:part><con:url>file:/home/isr/git/parent/fourthwaydebtservice/FourthWayDebtServiceGateway/src/main/resources/wsdl/fourthWayDebtService/1.0.0/XMLSchema/officialproclamation.xsd</con:url><con:content><![CDATA[<!--edited with XMLSpy v2010 (http://www.altova.com) by Johan Schurgers (I8C)-->
<xs:schema targetNamespace="http://fsb.belgium.be/FourthWayServices/officialproclamation" elementFormDefault="qualified" attributeFormDefault="unqualified" version="1.0.4" xmlns:xs="http://www.w3.org/2001/XMLSchema" xmlns:oprc="http://fsb.belgium.be/FourthWayServices/officialproclamation">
  <xs:complexType name="OfficalProclamationType">
    <xs:sequence>
      <xs:element name="proclamationType" type="xs:string" minOccurs="0">
        <xs:annotation>
          <xs:documentation>Kind of debt ex Juridical ruling, "cohier" article</xs:documentation>
        </xs:annotation>
      </xs:element>
      <xs:element name="dateOfProclamation" type="xs:date" minOccurs="0">
        <xs:annotation>
          <xs:documentation>Date when the original debt document was created.</xs:documentation>
        </xs:annotation>
      </xs:element>
      <xs:element name="proclamationReference" type="xs:string" minOccurs="0">
        <xs:annotation>
          <xs:documentation>Identification to the original debt document</xs:documentation>
        </xs:annotation>
      </xs:element>
      <xs:element name="juridicalCode" type="xs:string" minOccurs="0">
        <xs:annotation>
          <xs:documentation>Juridical code of decision</xs:documentation>
        </xs:annotation>
      </xs:element>
      <xs:element name="juridicalDisctrict" type="xs:string" minOccurs="0">
        <xs:annotation>
          <xs:documentation>District the juridical ruling was done.</xs:documentation>
        </xs:annotation>
      </xs:element>
      <xs:element name="articleNumber" type="xs:string" minOccurs="0">
        <xs:annotation>
          <xs:documentation>In case of coercion the article the coercion was based on</xs:documentation>
        </xs:annotation>
      </xs:element>
      <xs:element name="additionalInformation" type="xs:string" minOccurs="0">
        <xs:annotation>
          <xs:documentation>extra information about to reference the debt to a the physical subject of the debt (licensce plate, registration number, ...)</xs:documentation>
        </xs:annotation>
      </xs:element>
    </xs:sequence>
  </xs:complexType>
  <xs:element name="officialProclamation" type="oprc:OfficalProclamationType">
    <xs:annotation>
      <xs:documentation>Every debt has an origin that was used to determine the debt. This reference is always documented</xs:documentation>
    </xs:annotation>
  </xs:element>
</xs:schema>]]></con:content><con:type>http://www.w3.org/2001/XMLSchema</con:type></con:part><con:part><con:url>file:/home/isr/git/parent/fourthwaydebtservice/FourthWayDebtServiceGateway/src/main/resources/wsdl/fourthWayDebtService/1.0.0/XMLSchema/fiscaldebtdetails.xsd</con:url><con:content><![CDATA[<!--edited with XMLSpy v2010 (http://www.altova.com) by Johan Schurgers (I8C)-->
<xs:schema targetNamespace="http://fsb.belgium.be/FourthWayServices/fiscaldebtdetails" elementFormDefault="qualified" attributeFormDefault="unqualified" version="1.0.4" xmlns:xs="http://www.w3.org/2001/XMLSchema" xmlns:fdd="http://fsb.belgium.be/FourthWayServices/fiscaldebtdetails" xmlns:dts="http://fsb.belgium.be/FourthWayServices/common/datatypes">
  <xs:import namespace="http://fsb.belgium.be/FourthWayServices/common/datatypes" schemaLocation="datatypes.xsd"/>
  <xs:complexType name="FiscalDebtDetailsType">
    <xs:sequence>
      <xs:element name="debtType" type="xs:string">
        <xs:annotation>
          <xs:documentation>Type of debt. Trafic tax, income tax debt, ...</xs:documentation>
        </xs:annotation>
      </xs:element>
      <xs:element name="takenMortgageAmount" type="dts:CurrencyAmountType" minOccurs="0"/>
      <xs:element name="privilegedClaimsAmount" type="dts:CurrencyAmountType" minOccurs="0"/>
      <xs:element name="declarations" minOccurs="0">
        <xs:complexType>
          <xs:sequence>
            <xs:element name="taxDeclarations" minOccurs="0">
              <xs:annotation>
                <xs:documentation>other information about the tax declarations of a party. No predefined structure agreement between businesses</xs:documentation>
              </xs:annotation>
              <xs:complexType>
                <xs:sequence>
                  <xs:element ref="dts:extensions"/>
                </xs:sequence>
              </xs:complexType>
            </xs:element>
            <xs:element name="negligenceClause" minOccurs="0">
              <xs:annotation>
                <xs:documentation>Clauses about negligence amounts to calculate in case of issues.</xs:documentation>
              </xs:annotation>
              <xs:complexType>
                <xs:sequence>
                  <xs:element name="additionalIntrest" type="dts:CurrencyAmountType">
                    <xs:annotation>
                      <xs:documentation>Additional interest to be calculated on the amount. Amount in euro.</xs:documentation>
                    </xs:annotation>
                  </xs:element>
                  <xs:element name="additionalIntrestFromDate" type="xs:date">
                    <xs:annotation>
                      <xs:documentation>When this date has passed the additional interest has to be calculated</xs:documentation>
                    </xs:annotation>
                  </xs:element>
                </xs:sequence>
              </xs:complexType>
            </xs:element>
          </xs:sequence>
        </xs:complexType>
      </xs:element>
      <xs:element ref="dts:referencePeriod" minOccurs="0"/>
      <xs:element name="totalDebt" type="dts:CurrencyAmountType">
        <xs:annotation>
          <xs:documentation>Total debt amount in euro without the euro sign</xs:documentation>
        </xs:annotation>
      </xs:element>
      <xs:element name="debtBreakdown" minOccurs="0" maxOccurs="unbounded">
        <xs:annotation>
          <xs:documentation>When a debt consists out of several parts (intrest, debt, costs, ...) the breakdown can be given.</xs:documentation>
        </xs:annotation>
        <xs:complexType>
          <xs:sequence>
            <xs:element name="debtSubType" type="xs:string">
              <xs:annotation>
                <xs:documentation>description of the part in the breakdown</xs:documentation>
              </xs:annotation>
            </xs:element>
            <xs:element name="debtSubAmount" type="dts:CurrencyAmountType">
              <xs:annotation>
                <xs:documentation>Amount in the breakdown in euro without the euro sign</xs:documentation>
              </xs:annotation>
            </xs:element>
          </xs:sequence>
        </xs:complexType>
      </xs:element>
    </xs:sequence>
  </xs:complexType>
  <xs:element name="fiscalDebtDetails" type="fdd:FiscalDebtDetailsType">
    <xs:annotation>
      <xs:documentation>Specific data only needed for fiscal debts</xs:documentation>
    </xs:annotation>
  </xs:element>
</xs:schema>]]></con:content><con:type>http://www.w3.org/2001/XMLSchema</con:type></con:part><con:part><con:url>file:/home/isr/git/parent/fourthwaydebtservice/FourthWayDebtServiceGateway/src/main/resources/wsdl/fourthWayDebtService/1.0.0/XMLSchema/debtsolidarity.xsd</con:url><con:content><![CDATA[<!--edited with XMLSpy v2010 (http://www.altova.com) by Johan Schurgers (I8C)-->
<xs:schema targetNamespace="http://fsb.belgium.be/FourthWayServices/debtsolidarity" elementFormDefault="qualified" attributeFormDefault="unqualified" version="1.0.6" xmlns:xs="http://www.w3.org/2001/XMLSchema" xmlns:dbtsol="http://fsb.belgium.be/FourthWayServices/debtsolidarity" xmlns:pty="http://fsb.belgium.be/FourthWayServices/party">
  <xs:import namespace="http://fsb.belgium.be/FourthWayServices/party" schemaLocation="party.xsd"/>
  <xs:complexType name="DebtSolidarityType">
    <xs:sequence>
      <xs:element name="solidarityParties">
        <xs:annotation>
          <xs:documentation>The information about the parties that have debts the original party has a solidarity with.</xs:documentation>
        </xs:annotation>
        <xs:complexType>
          <xs:sequence>
            <xs:element name="solidarityParty" maxOccurs="unbounded">
              <xs:annotation>
                <xs:documentation>Several solidarity parties can be connected to the debt party</xs:documentation>
              </xs:annotation>
              <xs:complexType>
                <xs:sequence>
                  <xs:element ref="pty:partyInformation"/>
                  <xs:element name="additionalInformation" type="xs:string" minOccurs="0">
                    <xs:annotation>
                      <xs:documentation>extra information about the relationship or other information about the solidarity</xs:documentation>
                    </xs:annotation>
                  </xs:element>
                </xs:sequence>
              </xs:complexType>
            </xs:element>
          </xs:sequence>
        </xs:complexType>
      </xs:element>
    </xs:sequence>
  </xs:complexType>
  <xs:element name="debtSolidarity" type="dbtsol:DebtSolidarityType">
    <xs:annotation>
      <xs:documentation>When parties are responsible for the debts of another party (maried couples, financial responsible for a minor, financial responsible for a company). The original party and the party they are responsible for the debt have to be indicated with the link to eachother.</xs:documentation>
    </xs:annotation>
  </xs:element>
</xs:schema>]]></con:content><con:type>http://www.w3.org/2001/XMLSchema</con:type></con:part><con:part><con:url>file:/home/isr/git/parent/fourthwaydebtservice/FourthWayDebtServiceGateway/src/main/resources/wsdl/fourthWayDebtService/1.0.0/XMLSchema/socialdebt.xsd</con:url><con:content><![CDATA[<!--edited with XMLSpy v2010 (http://www.altova.com) by Johan Schurgers (I8C)-->
<xs:schema targetNamespace="http://fsb.belgium.be/FourthWayServices/socialdebt" elementFormDefault="qualified" attributeFormDefault="unqualified" version="1.0.4.1" xmlns:xs="http://www.w3.org/2001/XMLSchema" xmlns:sdbt="http://fsb.belgium.be/FourthWayServices/socialdebt" xmlns:dbt="http://fsb.belgium.be/FourthWayServices/debt" xmlns:sdd="http://fsb.belgium.be/FourthWayServices/socialdebtdetails" xmlns:oprc="http://fsb.belgium.be/FourthWayServices/officialproclamation" xmlns:beni="http://fsb.belgium.be/FourthWayServices/beneficiary" xmlns:debtdin="http://fsb.belgium.be/FourthWayServices/debtdetailedinformation">
  <xs:import namespace="http://fsb.belgium.be/FourthWayServices/debt" schemaLocation="debt.xsd"/>
  <xs:import namespace="http://fsb.belgium.be/FourthWayServices/debtdetailedinformation" schemaLocation="debtdetailedinformation.xsd"/>
  <xs:import namespace="http://fsb.belgium.be/FourthWayServices/beneficiary" schemaLocation="beneficiary.xsd"/>
  <xs:import namespace="http://fsb.belgium.be/FourthWayServices/officialproclamation" schemaLocation="officialproclamation.xsd"/>
  <xs:import namespace="http://fsb.belgium.be/FourthWayServices/socialdebtdetails" schemaLocation="socialdebtdetails.xsd"/>
  <xs:element name="socialdebt" type="sdbt:SocialDebtType" substitutionGroup="dbt:debtInformation"/>
  <xs:complexType name="SocialDebtType">
    <xs:complexContent>
      <xs:extension base="dbt:DebtInformationType">
        <xs:sequence>
          <xs:element ref="sdd:socialDebtDetails"/>
          <xs:element ref="oprc:officialProclamation" minOccurs="0" maxOccurs="unbounded"/>
          <xs:element ref="debtdin:debtDetailedInformation"/>
        </xs:sequence>
      </xs:extension>
    </xs:complexContent>
  </xs:complexType>
</xs:schema>]]></con:content><con:type>http://www.w3.org/2001/XMLSchema</con:type></con:part><con:part><con:url>file:/home/isr/git/parent/fourthwaydebtservice/FourthWayDebtServiceGateway/src/main/resources/wsdl/fourthWayDebtService/1.0.0/XMLSchema/socialdebtdetails.xsd</con:url><con:content><![CDATA[<!--edited with XMLSpy v2010 (http://www.altova.com) by Johan Schurgers (I8C)-->
<xs:schema targetNamespace="http://fsb.belgium.be/FourthWayServices/socialdebtdetails" elementFormDefault="qualified" attributeFormDefault="unqualified" version="1.0" xmlns:xs="http://www.w3.org/2001/XMLSchema" xmlns:sdd="http://fsb.belgium.be/FourthWayServices/socialdebtdetails" xmlns:insti="http://fsb.belgium.be/FourthWayServices/institution" xmlns:dts="http://fsb.belgium.be/FourthWayServices/common/datatypes" xmlns:beni="http://fsb.belgium.be/FourthWayServices/beneficiary" xmlns:ba="http://fsb.belgium.be/FourthWayServices/common/bankaccount">
  <xs:import namespace="http://fsb.belgium.be/FourthWayServices/institution" schemaLocation="institution.xsd"/>
  <xs:import namespace="http://fsb.belgium.be/FourthWayServices/common/datatypes" schemaLocation="datatypes.xsd"/>
  <xs:import namespace="http://fsb.belgium.be/FourthWayServices/common/bankaccount" schemaLocation="bankaccount.xsd"/>
  <xs:complexType name="SocialDebtDetailsType">
    <xs:sequence>
      <xs:element name="caseInProgress">
        <xs:annotation>
          <xs:documentation>When baillifs are already collecting money for these debts they are identified. No bailifs identified means that the case is not in progress. Only baillifs may be used as institution.</xs:documentation>
        </xs:annotation>
        <xs:complexType>
          <xs:sequence>
            <xs:element ref="insti:institution" maxOccurs="unbounded"/>
          </xs:sequence>
        </xs:complexType>
      </xs:element>
      <xs:element name="totalAmountInfo" maxOccurs="unbounded">
        <xs:annotation>
          <xs:documentation>The grand total of all the amounts in detailedAmountInfo. This total does not include the daily interest.</xs:documentation>
        </xs:annotation>
        <xs:complexType>
          <xs:sequence>
            <xs:element name="typeOfTotalDebt" type="xs:string">
              <xs:annotation>
                <xs:documentation>description Of TotalDebt type</xs:documentation>
              </xs:annotation>
            </xs:element>
            <xs:element name="totalAmount" type="dts:CurrencyAmountType">
              <xs:annotation>
                <xs:documentation>Total amount of the debt in EUR.</xs:documentation>
              </xs:annotation>
            </xs:element>
            <xs:element ref="dts:referencePeriod" minOccurs="0"/>
            <xs:element ref="ba:bankAccount" minOccurs="0"/>
            <xs:element name="structuredMessage" type="xs:string" minOccurs="0">
              <xs:annotation>
                <xs:documentation>Message to be used when transfering the money</xs:documentation>
              </xs:annotation>
            </xs:element>
          </xs:sequence>
        </xs:complexType>
      </xs:element>
      <xs:element name="detailedAmountInfo" maxOccurs="unbounded">
        <xs:annotation>
          <xs:documentation>Detail information about the debt</xs:documentation>
        </xs:annotation>
        <xs:complexType>
          <xs:sequence>
            <xs:element name="debtAmountInfo" maxOccurs="unbounded">
              <xs:complexType>
                <xs:sequence>
                  <xs:element name="debtAmount"/>
                  <xs:element name="descriptionCode">
                    <xs:annotation>
                      <xs:documentation>Type of debt (detail): cotisation, majorisation, intér6et ....</xs:documentation>
                    </xs:annotation>
                  </xs:element>
                  <xs:element ref="dts:referencePeriod" minOccurs="0"/>
                </xs:sequence>
              </xs:complexType>
            </xs:element>
            <xs:element ref="ba:bankAccount" minOccurs="0"/>
            <xs:element name="structuredMessage" type="xs:string" minOccurs="0">
              <xs:annotation>
                <xs:documentation>Message to be used when transfering the money</xs:documentation>
              </xs:annotation>
            </xs:element>
          </xs:sequence>
        </xs:complexType>
      </xs:element>
    </xs:sequence>
  </xs:complexType>
  <xs:element name="socialDebtDetails" type="sdd:SocialDebtDetailsType">
    <xs:annotation>
      <xs:documentation>Specific data only needed for social debts</xs:documentation>
    </xs:annotation>
  </xs:element>
</xs:schema>]]></con:content><con:type>http://www.w3.org/2001/XMLSchema</con:type></con:part><con:part><con:url>file:/home/isr/git/parent/fourthwaydebtservice/FourthWayDebtServiceGateway/src/main/resources/wsdl/fourthWayDebtService/1.0.0/XMLSchema/fiscalregionflandersdebt.xsd</con:url><con:content><![CDATA[<!--edited with XMLSpy v2010 (http://www.altova.com) by Johan Schurgers (I8C)-->
<xs:schema targetNamespace="http://fsb.belgium.be/FourthWayServices/fiscalregionflandersdebt" elementFormDefault="qualified" attributeFormDefault="unqualified" version="1.0.4.1" xmlns:xs="http://www.w3.org/2001/XMLSchema" xmlns:frfdbt="http://fsb.belgium.be/FourthWayServices/fiscalregionflandersdebt" xmlns:dbt="http://fsb.belgium.be/FourthWayServices/debt" xmlns:frfdd="http://fsb.belgium.be/FourthWayServices/fiscalregionflandersdebtdetails" xmlns:oprc="http://fsb.belgium.be/FourthWayServices/officialproclamation" xmlns:beni="http://fsb.belgium.be/FourthWayServices/beneficiary" xmlns:debtdin="http://fsb.belgium.be/FourthWayServices/debtdetailedinformation">
  <xs:import namespace="http://fsb.belgium.be/FourthWayServices/debtdetailedinformation" schemaLocation="debtdetailedinformation.xsd"/>
  <xs:import namespace="http://fsb.belgium.be/FourthWayServices/beneficiary" schemaLocation="beneficiary.xsd"/>
  <xs:import namespace="http://fsb.belgium.be/FourthWayServices/officialproclamation" schemaLocation="officialproclamation.xsd"/>
  <xs:import namespace="http://fsb.belgium.be/FourthWayServices/fiscalregionflandersdebtdetails" schemaLocation="fiscalregionflandersdebtdetails.xsd"/>
  <xs:import namespace="http://fsb.belgium.be/FourthWayServices/debt" schemaLocation="debt.xsd"/>
  <xs:element name="fiscalRegionFlandersDebt" type="frfdbt:FiscalRegionFlandersDebtType" substitutionGroup="dbt:debtInformation"/>
  <xs:complexType name="FiscalRegionFlandersDebtType">
    <xs:complexContent>
      <xs:extension base="dbt:DebtInformationType">
        <xs:sequence>
          <xs:element ref="frfdd:fiscalRegionFlandersDebtDetails"/>
          <xs:element ref="oprc:officialProclamation"/>
          <xs:element ref="beni:beneficiary"/>
          <xs:element ref="debtdin:debtDetailedInformation"/>
        </xs:sequence>
      </xs:extension>
    </xs:complexContent>
  </xs:complexType>
</xs:schema>]]></con:content><con:type>http://www.w3.org/2001/XMLSchema</con:type></con:part><con:part><con:url>file:/home/isr/git/parent/fourthwaydebtservice/FourthWayDebtServiceGateway/src/main/resources/wsdl/fourthWayDebtService/1.0.0/XMLSchema/fiscalregionflandersdebtdetails.xsd</con:url><con:content><![CDATA[<!--edited with XMLSpy v2010 (http://www.altova.com) by Johan Schurgers (I8C)-->
<xs:schema targetNamespace="http://fsb.belgium.be/FourthWayServices/fiscalregionflandersdebtdetails" elementFormDefault="qualified" attributeFormDefault="unqualified" version="1.0" xmlns:xs="http://www.w3.org/2001/XMLSchema" xmlns:frfdd="http://fsb.belgium.be/FourthWayServices/fiscalregionflandersdebtdetails" xmlns:dts="http://fsb.belgium.be/FourthWayServices/common/datatypes">
  <xs:import namespace="http://fsb.belgium.be/FourthWayServices/common/datatypes" schemaLocation="datatypes.xsd"/>
  <xs:complexType name="FiscalRegionFlandersDebtDetailsType">
    <xs:sequence>
      <xs:element name="debtType" type="xs:string">
        <xs:annotation>
          <xs:documentation>Type of debt. Trafic tax, income tax debt, ...</xs:documentation>
        </xs:annotation>
      </xs:element>
      <xs:element name="takenMortgageAmount" type="dts:CurrencyAmountType" minOccurs="0"/>
      <xs:element name="privilegedClaimsAmount" type="dts:CurrencyAmountType" minOccurs="0"/>
      <xs:element name="declarations">
        <xs:complexType>
          <xs:sequence>
            <xs:element name="taxDeclarations" minOccurs="0">
              <xs:annotation>
                <xs:documentation>other information about the tax declarations of a party. No predefined structure agreement between businesses</xs:documentation>
              </xs:annotation>
              <xs:complexType>
                <xs:sequence>
                  <xs:element ref="dts:extensions"/>
                </xs:sequence>
              </xs:complexType>
            </xs:element>
            <xs:element name="generalDeclarations" minOccurs="0">
              <xs:annotation>
                <xs:documentation>other information to be communicated with the receivers of the message</xs:documentation>
              </xs:annotation>
              <xs:complexType>
                <xs:sequence>
                  <xs:element ref="dts:extensions"/>
                </xs:sequence>
              </xs:complexType>
            </xs:element>
            <xs:element name="negligenceClause" type="xs:string" minOccurs="0">
              <xs:annotation>
                <xs:documentation>Clauses about negligence amounts to calculate in case of issues.</xs:documentation>
              </xs:annotation>
            </xs:element>
          </xs:sequence>
        </xs:complexType>
      </xs:element>
      <xs:element ref="dts:referencePeriod" minOccurs="0"/>
      <xs:element name="totalDebt" type="dts:CurrencyAmountType">
        <xs:annotation>
          <xs:documentation>Total debt amount in euro without the euro sign</xs:documentation>
        </xs:annotation>
      </xs:element>
      <xs:element name="debtBreakdown" minOccurs="0" maxOccurs="unbounded">
        <xs:annotation>
          <xs:documentation>When a debt consists out of several parts (intrest, debt, costs, ...) the breakdown can be given.</xs:documentation>
        </xs:annotation>
        <xs:complexType>
          <xs:sequence>
            <xs:element name="debtSubType" type="xs:string">
              <xs:annotation>
                <xs:documentation>description of the part in the breakdown</xs:documentation>
              </xs:annotation>
            </xs:element>
            <xs:element name="debtSubAmount" type="dts:CurrencyAmountType">
              <xs:annotation>
                <xs:documentation>Amount in the breakdown in euro without the euro sign</xs:documentation>
              </xs:annotation>
            </xs:element>
          </xs:sequence>
        </xs:complexType>
      </xs:element>
      <xs:element name="additionalCosts" minOccurs="0">
        <xs:complexType>
          <xs:sequence>
            <xs:element name="costsOnTaxReclaiming" type="dts:CurrencyAmountType">
              <xs:annotation>
                <xs:documentation>Costs extra on to reclaim the tax</xs:documentation>
              </xs:annotation>
            </xs:element>
            <xs:element name="surchargesOnTax" type="dts:CurrencyAmountType">
              <xs:annotation>
                <xs:documentation>surcharges = opcentiemen</xs:documentation>
              </xs:annotation>
            </xs:element>
            <xs:element name="penaltyAmount" type="dts:CurrencyAmountType">
              <xs:annotation>
                <xs:documentation>penalty on the debt to be paid</xs:documentation>
              </xs:annotation>
            </xs:element>
          </xs:sequence>
        </xs:complexType>
      </xs:element>
    </xs:sequence>
  </xs:complexType>
  <xs:element name="fiscalRegionFlandersDebtDetails" type="frfdd:FiscalRegionFlandersDebtDetailsType">
    <xs:annotation>
      <xs:documentation>Specific data only needed for fiscal debts</xs:documentation>
    </xs:annotation>
  </xs:element>
</xs:schema>]]></con:content><con:type>http://www.w3.org/2001/XMLSchema</con:type></con:part><con:part><con:url>file:/home/isr/git/parent/fourthwaydebtservice/FourthWayDebtServiceGateway/src/main/resources/wsdl/fourthWayDebtService/1.0.0/XMLSchema/generalcaseinformation.xsd</con:url><con:content><![CDATA[<!--edited with XMLSpy v2010 (http://www.altova.com) by Johan Schurgers (I8C)-->
<xs:schema targetNamespace="http://fsb.belgium.be/FourthWayServices/generalcaseinformation" elementFormDefault="qualified" attributeFormDefault="unqualified" version="1.0.4" xmlns:xs="http://www.w3.org/2001/XMLSchema" xmlns:cin="http://fsb.belgium.be/FourthWayServices/generalcaseinformation" xmlns:hdr="http://fsb.belgium.be/FourthWayServices/header" xmlns:con="http://fsb.belgium.be/FourthWayServices/contact" xmlns:addn="http://fsb.belgium.be/FourthWayServices/common/addressinformation" xmlns:dts="http://fsb.belgium.be/FourthWayServices/common/datatypes" xmlns:insti="http://fsb.belgium.be/FourthWayServices/institution">
  <xs:import namespace="http://fsb.belgium.be/FourthWayServices/common/datatypes" schemaLocation="datatypes.xsd"/>
  <xs:import namespace="http://fsb.belgium.be/FourthWayServices/contact" schemaLocation="contact.xsd"/>
  <xs:import namespace="http://fsb.belgium.be/FourthWayServices/common/addressinformation" schemaLocation="addressinformation.xsd"/>
  <xs:import namespace="http://fsb.belgium.be/FourthWayServices/institution" schemaLocation="institution.xsd"/>
  <xs:annotation>
    <xs:documentation>General case information is extra information that is generic for several transactions.</xs:documentation>
  </xs:annotation>
  <xs:complexType name="AdministrativeInformationType">
    <xs:annotation>
      <xs:documentation>Administrative information is used for all common information about a case that will determine the further response of the case. The administrative information supports the case but doesn't add business value to the case.</xs:documentation>
    </xs:annotation>
    <xs:sequence>
      <xs:element name="language" type="xs:string" nillable="false">
        <xs:annotation>
          <xs:documentation>Language the case will be handled in. The possible languages are: NL and FR</xs:documentation>
        </xs:annotation>
      </xs:element>
      <xs:element name="caseNumber" type="xs:string" nillable="false">
        <xs:annotation>
          <xs:documentation>Case number assigned by the sender of the message. This number is the internal reference used by the sender of the message to facilitate communication. The electronic form of the "our reference" on paper.</xs:documentation>
        </xs:annotation>
      </xs:element>
      <xs:element name="referenceNumber" type="xs:string" nillable="false" minOccurs="0">
        <xs:annotation>
          <xs:documentation>Only need for 2.5 conversion</xs:documentation>
        </xs:annotation>
      </xs:element>
      <xs:element name="transactionType" type="xs:string" nillable="false">
        <xs:annotation>
          <xs:documentation>Transactiontype of the case. (1-7)</xs:documentation>
        </xs:annotation>
      </xs:element>
      <xs:element name="procedureNumber" type="xs:string" nillable="false">
        <xs:annotation>
          <xs:documentation>The procedure id is the business key that will be used to communicate between all partner in reference to this case.</xs:documentation>
        </xs:annotation>
      </xs:element>
      <xs:element name="replacedProcedureNumber" type="xs:string" nillable="true" minOccurs="0">
        <xs:annotation>
          <xs:documentation>When a rectification of a case is needed. The public officer will send a new message with a new procedure number. The old procedure number will be filled in the replacedprocedurenumber. The receiving parties can use this to stop processing the old case.</xs:documentation>
        </xs:annotation>
      </xs:element>
      <xs:element name="requestDate" type="xs:dateTime" nillable="false">
        <xs:annotation>
          <xs:documentation>Date when the case was created to be send. This date can differ from the message date. Cases can be created and send at another time by the systems. The requestDate is the official date the message has been intended to be send by the person who created the message.</xs:documentation>
        </xs:annotation>
      </xs:element>
      <xs:element name="origin" type="dts:OriginType" nillable="false"/>
      <xs:element name="destinations" type="dts:DestinationType" nillable="false"/>
      <xs:element name="requestorInformation" type="cin:RequestorInformationType" nillable="false"/>
    </xs:sequence>
  </xs:complexType>
  <xs:complexType name="RequestorInformationType">
    <xs:sequence>
      <xs:element ref="insti:institution"/>
      <xs:element name="responsiblePerson" type="con:ContactPersonType">
        <xs:annotation>
          <xs:documentation>Person that is responsible for the message. The notary or the public officer who signs the notification.</xs:documentation>
        </xs:annotation>
      </xs:element>
      <xs:element name="contactPerson" type="con:ContactPersonType" minOccurs="0">
        <xs:annotation>
          <xs:documentation>Casehandler at the institution.</xs:documentation>
        </xs:annotation>
      </xs:element>
      <xs:element name="generalInformation" type="xs:string" minOccurs="0">
        <xs:annotation>
          <xs:documentation>General information the requestor wants to share. (ex. website, opening hours, name changes, ...)</xs:documentation>
        </xs:annotation>
      </xs:element>
    </xs:sequence>
  </xs:complexType>
  <xs:element name="generalCaseInformation">
    <xs:annotation>
      <xs:documentation>Every business message will need shared data about the case.</xs:documentation>
    </xs:annotation>
    <xs:complexType>
      <xs:sequence>
        <xs:element name="administrativeInformation" type="cin:AdministrativeInformationType">
          <xs:annotation>
            <xs:documentation>All common information about a case that will determine the further response of the case. The administrative information supports the case but doesn't add business value to the case.</xs:documentation>
          </xs:annotation>
        </xs:element>
      </xs:sequence>
    </xs:complexType>
  </xs:element>
</xs:schema>]]></con:content><con:type>http://www.w3.org/2001/XMLSchema</con:type></con:part><con:part><con:url>file:/home/isr/git/parent/fourthwaydebtservice/FourthWayDebtServiceGateway/src/main/resources/wsdl/fourthWayDebtService/1.0.0/XMLSchema/legalbase.xsd</con:url><con:content><![CDATA[<!--edited with XMLSpy v2010 (http://www.altova.com) by Johan Schurgers (I8C)-->
<xs:schema targetNamespace="http://fsb.belgium.be/FourthWayServices/legalbase" elementFormDefault="qualified" attributeFormDefault="unqualified" version="1.0.4" xmlns:xs="http://www.w3.org/2001/XMLSchema" xmlns:lbs="http://fsb.belgium.be/FourthWayServices/legalbase">
  <xs:complexType name="LegalBaseType">
    <xs:sequence>
      <xs:element name="legalSource" type="xs:string" nillable="false" minOccurs="0">
        <xs:annotation>
          <xs:documentation>The source where the legal base is in defined. (Taxbook, KB, …)</xs:documentation>
        </xs:annotation>
      </xs:element>
      <xs:element name="legalBaseIdentifier" type="xs:string" nillable="false" minOccurs="0">
        <xs:annotation>
          <xs:documentation>The identifier in the legal source (art x)</xs:documentation>
        </xs:annotation>
      </xs:element>
      <xs:element name="legalBaseText" nillable="false" minOccurs="0" maxOccurs="unbounded">
        <xs:annotation>
          <xs:documentation>The textual representation of the legal base (multiple possible to support several languages)</xs:documentation>
        </xs:annotation>
        <xs:complexType>
          <xs:simpleContent>
            <xs:extension base="xs:string">
              <xs:attribute name="language"/>
            </xs:extension>
          </xs:simpleContent>
        </xs:complexType>
      </xs:element>
    </xs:sequence>
  </xs:complexType>
  <xs:element name="legalBase" type="lbs:LegalBaseType">
    <xs:annotation>
      <xs:documentation>Every partner needs to have a legal base to be able to claim debts in 4th way. Or to notify partners.</xs:documentation>
    </xs:annotation>
  </xs:element>
</xs:schema>]]></con:content><con:type>http://www.w3.org/2001/XMLSchema</con:type></con:part><con:part><con:url>file:/home/isr/git/parent/fourthwaydebtservice/FourthWayDebtServiceGateway/src/main/resources/wsdl/fourthWayDebtService/1.0.0/XMLSchema/fourthwaymessage.xsd</con:url><con:content><![CDATA[<!--edited with XMLSpy v2010 (http://www.altova.com) by Johan Schurgers (I8C)-->
<xs:schema targetNamespace="http://fsb.belgium.be/FourthWayServices/fourthwaymessage" elementFormDefault="qualified" attributeFormDefault="unqualified" version="1.0.3" xmlns:xs="http://www.w3.org/2001/XMLSchema" xmlns:frmsg="http://fsb.belgium.be/FourthWayServices/fourthwaymessage" xmlns:ddn="http://fsb.belgium.be/FourthWayServices/debtdeficitnotification" xmlns:dnn="http://fsb.belgium.be/FourthWayServices/debtnotification" xmlns:dbtsi="http://fsb.belgium.be/FourthWayServices/debtinquiry" xmlns:tecac="http://fsb.belgium.be/FourthWayServices/technicalack" xmlns:funac="http://fsb.belgium.be/FourthWayServices/functionalack" xmlns:bet="http://fsb.belgium.be/FourthWayServices/businesserror">
  <xs:import namespace="http://fsb.belgium.be/FourthWayServices/businesserror" schemaLocation="businesserror.xsd"/>
  <xs:import namespace="http://fsb.belgium.be/FourthWayServices/functionalack" schemaLocation="functionalacknowledgement.xsd"/>
  <xs:import namespace="http://fsb.belgium.be/FourthWayServices/debtinquiry" schemaLocation="debtinquiry.xsd"/>
  <xs:import namespace="http://fsb.belgium.be/FourthWayServices/debtnotification" schemaLocation="debtnotification.xsd"/>
  <xs:import namespace="http://fsb.belgium.be/FourthWayServices/debtdeficitnotification" schemaLocation="debtdeficitnotification.xsd"/>
  <xs:import namespace="http://fsb.belgium.be/FourthWayServices/technicalack" schemaLocation="technicalacknowledgement.xsd"/>
  <xs:element name="fourthWayMessage" type="frmsg:FourthWayMessageType" abstract="true"/>
  <xs:complexType name="FourthWayMessageType" abstract="true"/>
</xs:schema>]]></con:content><con:type>http://www.w3.org/2001/XMLSchema</con:type></con:part><con:part><con:url>file:/home/isr/git/parent/fourthwaydebtservice/FourthWayDebtServiceGateway/src/main/resources/wsdl/fourthWayDebtService/1.0.0/XMLSchema/businesserror.xsd</con:url><con:content><![CDATA[<!--edited with XMLSpy v2010 (http://www.altova.com) by Johan Schurgers (I8C)-->
<xs:schema targetNamespace="http://fsb.belgium.be/FourthWayServices/businesserror" elementFormDefault="qualified" attributeFormDefault="unqualified" version="1.0.3" xmlns:xs="http://www.w3.org/2001/XMLSchema" xmlns:bet="http://fsb.belgium.be/FourthWayServices/businesserror" xmlns:err="http://fsb.belgium.be/FourthWayServices/error" xmlns:frmsg="http://fsb.belgium.be/FourthWayServices/fourthwaymessage" xmlns:dts="http://fsb.belgium.be/FourthWayServices/common/datatypes">
  <xs:import namespace="http://fsb.belgium.be/FourthWayServices/error" schemaLocation="error.xsd"/>
  <xs:import namespace="http://fsb.belgium.be/FourthWayServices/fourthwaymessage" schemaLocation="fourthwaymessage.xsd"/>
  <xs:import namespace="http://fsb.belgium.be/FourthWayServices/common/datatypes" schemaLocation="datatypes.xsd"/>
  <xs:element name="businessError" type="bet:BusinessErrorType" substitutionGroup="frmsg:fourthWayMessage">
    <xs:annotation>
      <xs:documentation>The answer when the business content validation finds errors. Opposite of the functional ACK</xs:documentation>
    </xs:annotation>
  </xs:element>
  <xs:complexType name="MessageReferenceType">
    <xs:sequence>
      <xs:element ref="dts:procedureID" minOccurs="0"/>
      <xs:element ref="dts:origin"/>
      <xs:element name="correlationID" type="dts:UuidType" minOccurs="0">
        <xs:annotation>
          <xs:documentation>This correlationID is the same as in the header. This correlationID binds the response to the request.</xs:documentation>
        </xs:annotation>
      </xs:element>
      <xs:element name="messageReferenceNumber" type="xs:string" minOccurs="0">
        <xs:annotation>
          <xs:documentation>Reference number to the message this acknowledgement is a response on.</xs:documentation>
        </xs:annotation>
      </xs:element>
    </xs:sequence>
  </xs:complexType>
  <xs:complexType name="BusinessErrorType">
    <xs:complexContent>
      <xs:extension base="frmsg:FourthWayMessageType">
        <xs:sequence>
          <xs:element ref="err:error"/>
          <xs:element name="messageIdentification" type="bet:MessageReferenceType">
            <xs:annotation>
              <xs:documentation>Data used to link a businesserror to the original message that was send.</xs:documentation>
            </xs:annotation>
          </xs:element>
        </xs:sequence>
      </xs:extension>
    </xs:complexContent>
  </xs:complexType>
</xs:schema>]]></con:content><con:type>http://www.w3.org/2001/XMLSchema</con:type></con:part><con:part><con:url>file:/home/isr/git/parent/fourthwaydebtservice/FourthWayDebtServiceGateway/src/main/resources/wsdl/fourthWayDebtService/1.0.0/XMLSchema/error.xsd</con:url><con:content><![CDATA[<!--edited with XMLSpy v2010 (http://www.altova.com) by Johan Schurgers (I8C)-->
<xs:schema targetNamespace="http://fsb.belgium.be/FourthWayServices/error" elementFormDefault="qualified" attributeFormDefault="unqualified" version="1.0" xmlns:xs="http://www.w3.org/2001/XMLSchema" xmlns:err="http://fsb.belgium.be/FourthWayServices/error">
  <xs:complexType name="ErrorType">
    <xs:sequence>
      <xs:element name="code" type="xs:string">
        <xs:annotation>
          <xs:documentation>Error code as described in the documentation. This code should exist in the documentation available to all partners.</xs:documentation>
        </xs:annotation>
      </xs:element>
      <xs:element name="dateTime" type="xs:dateTime" minOccurs="0">
        <xs:annotation>
          <xs:documentation>Date and time when the error occured.</xs:documentation>
        </xs:annotation>
      </xs:element>
      <xs:element name="description" type="xs:string">
        <xs:annotation>
          <xs:documentation>Description of the error. A textual description of the error with enough detail to make it possible to understand the error by all partners.</xs:documentation>
        </xs:annotation>
      </xs:element>
      <xs:element name="errorCause" type="err:ErrorType" minOccurs="0">
        <xs:annotation>
          <xs:documentation>When a error is caused by another error a stacktrace should be filled in.</xs:documentation>
        </xs:annotation>
      </xs:element>
    </xs:sequence>
  </xs:complexType>
  <xs:element name="bussinessError">
    <xs:annotation>
      <xs:documentation>Every message has to be validated by the receiving party. When the business content validation is negatif a bussiness error has to be send.</xs:documentation>
    </xs:annotation>
    <xs:complexType>
      <xs:sequence>
        <xs:element ref="err:error" maxOccurs="unbounded"/>
      </xs:sequence>
    </xs:complexType>
  </xs:element>
  <xs:element name="error" type="err:ErrorType">
    <xs:annotation>
      <xs:documentation>Businesserror description as found in the documentation</xs:documentation>
    </xs:annotation>
  </xs:element>
</xs:schema>]]></con:content><con:type>http://www.w3.org/2001/XMLSchema</con:type></con:part><con:part><con:url>file:/home/isr/git/parent/fourthwaydebtservice/FourthWayDebtServiceGateway/src/main/resources/wsdl/fourthWayDebtService/1.0.0/XMLSchema/functionalacknowledgement.xsd</con:url><con:content><![CDATA[<!--edited with XMLSpy v2010 (http://www.altova.com) by Johan Schurgers (I8C)-->
<xs:schema targetNamespace="http://fsb.belgium.be/FourthWayServices/functionalack" elementFormDefault="qualified" attributeFormDefault="unqualified" version="1.0.3" xmlns:xs="http://www.w3.org/2001/XMLSchema" xmlns:funac="http://fsb.belgium.be/FourthWayServices/functionalack" xmlns:aki="http://fsb.belgium.be/FourthWayServices/acknowledgementinformation" xmlns:frmsg="http://fsb.belgium.be/FourthWayServices/fourthwaymessage">
  <xs:import namespace="http://fsb.belgium.be/FourthWayServices/acknowledgementinformation" schemaLocation="acknowledgementinformation.xsd"/>
  <xs:import namespace="http://fsb.belgium.be/FourthWayServices/fourthwaymessage" schemaLocation="fourthwaymessage.xsd"/>
  <xs:element name="functionalAcknowledgement" type="funac:FunctionalAcknowledgementType" substitutionGroup="frmsg:fourthWayMessage">
    <xs:annotation>
      <xs:documentation>Every message has to be validated by the receiving party. When the business content validation is positif an acknowledgement has to be send.</xs:documentation>
    </xs:annotation>
  </xs:element>
  <xs:complexType name="FunctionalAcknowledgementType">
    <xs:complexContent>
      <xs:extension base="frmsg:FourthWayMessageType">
        <xs:sequence>
          <xs:element ref="aki:acknowledgementInformation"/>
        </xs:sequence>
      </xs:extension>
    </xs:complexContent>
  </xs:complexType>
</xs:schema>]]></con:content><con:type>http://www.w3.org/2001/XMLSchema</con:type></con:part><con:part><con:url>file:/home/isr/git/parent/fourthwaydebtservice/FourthWayDebtServiceGateway/src/main/resources/wsdl/fourthWayDebtService/1.0.0/XMLSchema/acknowledgementinformation.xsd</con:url><con:content><![CDATA[<!--edited with XMLSpy v2010 (http://www.altova.com) by Johan Schurgers (I8C)-->
<xs:schema targetNamespace="http://fsb.belgium.be/FourthWayServices/acknowledgementinformation" elementFormDefault="qualified" attributeFormDefault="unqualified" version="1.0" xmlns:xs="http://www.w3.org/2001/XMLSchema" xmlns:aki="http://fsb.belgium.be/FourthWayServices/acknowledgementinformation" xmlns:hdr="http://fsb.belgium.be/FourthWayServices/header" xmlns:dts="http://fsb.belgium.be/FourthWayServices/common/datatypes">
  <xs:import namespace="http://fsb.belgium.be/FourthWayServices/common/datatypes" schemaLocation="datatypes.xsd"/>
  <xs:complexType name="AcknowledgementInformationType">
    <xs:sequence>
      <xs:element ref="dts:procedureID"/>
      <xs:element name="acknowledgementDate" type="xs:dateTime">
        <xs:annotation>
          <xs:documentation>Date time when the message that was received is being acknowledged. This acknowledgement is the start of the legal response time in case of a debt inquiry.</xs:documentation>
        </xs:annotation>
      </xs:element>
      <xs:element name="receiptDate" type="xs:dateTime">
        <xs:annotation>
          <xs:documentation>Date and time when the message that is being acknowledged arrived at the system of the acknowledging partner.</xs:documentation>
        </xs:annotation>
      </xs:element>
      <xs:element ref="dts:origin"/>
      <xs:element name="status" type="xs:string" minOccurs="0">
        <xs:annotation>
          <xs:documentation>Used to communicate an intermediate or final state of a case. For example when a case will never result in a notification it's possible to give this response immediately in the status.</xs:documentation>
        </xs:annotation>
      </xs:element>
      <xs:element name="correlationID" type="dts:UuidType">
        <xs:annotation>
          <xs:documentation>This correlationID is the same as in the header. This correlationID binds the response to the request.</xs:documentation>
        </xs:annotation>
      </xs:element>
      <xs:element name="messageReferenceNumber" type="xs:string">
        <xs:annotation>
          <xs:documentation>Reference number to the message this acknowledgement is a response on.</xs:documentation>
        </xs:annotation>
      </xs:element>
    </xs:sequence>
  </xs:complexType>
  <xs:element name="acknowledgementInformation" type="aki:AcknowledgementInformationType"/>
</xs:schema>]]></con:content><con:type>http://www.w3.org/2001/XMLSchema</con:type></con:part><con:part><con:url>file:/home/isr/git/parent/fourthwaydebtservice/FourthWayDebtServiceGateway/src/main/resources/wsdl/fourthWayDebtService/1.0.0/XMLSchema/debtinquiry.xsd</con:url><con:content><![CDATA[<!--edited with XMLSpy v2010 (http://www.altova.com) by Johan Schurgers (I8C)-->
<xs:schema targetNamespace="http://fsb.belgium.be/FourthWayServices/debtinquiry" elementFormDefault="qualified" attributeFormDefault="unqualified" version="1.0.3" xmlns:xs="http://www.w3.org/2001/XMLSchema" xmlns:dbtsi="http://fsb.belgium.be/FourthWayServices/debtinquiry" xmlns:dts="http://fsb.belgium.be/FourthWayServices/common/datatypes" xmlns:frmsg="http://fsb.belgium.be/FourthWayServices/fourthwaymessage" xmlns:immotrans="http://fsb.belgium.be/FourthWayServices/immovablegoodtransaction" xmlns:motrans="http://fsb.belgium.be/FourthWayServices/movablegoodtransaction" xmlns:suctrans="http://fsb.belgium.be/FourthWayServices/successiontransaction" xmlns:cin="http://fsb.belgium.be/FourthWayServices/generalcaseinformation" xmlns:pty="http://fsb.belgium.be/FourthWayServices/party" xmlns:lbs="http://fsb.belgium.be/FourthWayServices/legalbase" xmlns:tns="http://fsb.belgium.be/FourthWayServices/honorbaseddeclarations" xmlns:tech="http://fsb.belgium.be/FourthWayServices/technical">
  <xs:import namespace="http://fsb.belgium.be/FourthWayServices/common/datatypes" schemaLocation="datatypes.xsd"/>
  <xs:import namespace="http://fsb.belgium.be/FourthWayServices/successiontransaction" schemaLocation="successiontransaction.xsd"/>
  <xs:import namespace="http://fsb.belgium.be/FourthWayServices/movablegoodtransaction" schemaLocation="movablegoodtransaction.xsd"/>
  <xs:import namespace="http://fsb.belgium.be/FourthWayServices/immovablegoodtransaction" schemaLocation="immovablegoodtransaction.xsd"/>
  <xs:import namespace="http://fsb.belgium.be/FourthWayServices/generalcaseinformation" schemaLocation="generalcaseinformation.xsd"/>
  <xs:import namespace="http://fsb.belgium.be/FourthWayServices/party" schemaLocation="party.xsd"/>
  <xs:import namespace="http://fsb.belgium.be/FourthWayServices/legalbase" schemaLocation="legalbase.xsd"/>
  <xs:import namespace="http://fsb.belgium.be/FourthWayServices/honorbaseddeclarations" schemaLocation="honorbaseddeclarations.xsd"/>
  <xs:import namespace="http://fsb.belgium.be/FourthWayServices/fourthwaymessage" schemaLocation="fourthwaymessage.xsd"/>
  <xs:import namespace="http://fsb.belgium.be/FourthWayServices/technical" schemaLocation="technical.xsd"/>
  <xs:element name="debtInquiry" substitutionGroup="frmsg:fourthWayMessage">
    <xs:annotation>
      <xs:documentation>When a public officer has to process a transaction he is obligated to request if there are debts for the parties involved in the transaction.</xs:documentation>
    </xs:annotation>
    <xs:complexType>
      <xs:complexContent>
        <xs:extension base="dbtsi:DebtInquiryType">
          <xs:sequence>
            <xs:element ref="tech:technical" minOccurs="0"/>
          </xs:sequence>
        </xs:extension>
      </xs:complexContent>
    </xs:complexType>
  </xs:element>
  <xs:complexType name="TransactionType">
    <xs:sequence>
      <xs:element name="parties">
        <xs:annotation>
          <xs:documentation>Every party in the transaction that can be subject of the debtinquiry. This also includes the deceased party in an inheritance.</xs:documentation>
        </xs:annotation>
        <xs:complexType>
          <xs:sequence>
            <xs:element ref="pty:party" maxOccurs="unbounded"/>
          </xs:sequence>
        </xs:complexType>
      </xs:element>
      <xs:element ref="tns:honorBasedDeclarations"/>
      <xs:element ref="dts:partyRelationship"/>
      <xs:element name="transactionDetails" minOccurs="0">
        <xs:annotation>
          <xs:documentation>Additional transactioninformation about the case.</xs:documentation>
        </xs:annotation>
        <xs:complexType>
          <xs:sequence>
            <xs:element name="dossierCosts" type="dts:CurrencyAmountType" minOccurs="0"/>
            <xs:element name="vatAlienation" type="xs:boolean" minOccurs="0"/>
            <xs:element name="totalInvolvedParties" type="xs:int" nillable="false" minOccurs="0">
              <xs:annotation>
                <xs:documentation>Total number of parties involved in the case. The deceased person is a involved party in case of an inheritance.</xs:documentation>
              </xs:annotation>
            </xs:element>
            <xs:element name="totalInvolvedGoods" type="xs:int" nillable="true" minOccurs="0">
              <xs:annotation>
                <xs:documentation>Total number of goods involved in the case. Only used in case of an immovable transaction.</xs:documentation>
              </xs:annotation>
            </xs:element>
          </xs:sequence>
        </xs:complexType>
      </xs:element>
      <xs:element ref="dbtsi:transactionInformation"/>
    </xs:sequence>
  </xs:complexType>
  <xs:element name="transaction" type="dbtsi:TransactionType"/>
  <xs:element name="transactionInformation" type="dbtsi:TransactionInformationType" abstract="true">
    <xs:annotation>
      <xs:documentation>Abstract element which is to be substituted with specific criteria.
				The specific criteria are defined in separate schemas.</xs:documentation>
    </xs:annotation>
  </xs:element>
  <xs:complexType name="TransactionInformationType" abstract="true"/>
  <xs:complexType name="DebtInquiryType">
    <xs:complexContent>
      <xs:extension base="frmsg:FourthWayMessageType">
        <xs:sequence>
          <xs:element ref="cin:generalCaseInformation"/>
          <xs:element ref="dbtsi:transaction">
            <xs:annotation>
              <xs:documentation>The base of every case is the transaction that will be concluded at the end of the case.</xs:documentation>
            </xs:annotation>
          </xs:element>
        </xs:sequence>
      </xs:extension>
    </xs:complexContent>
  </xs:complexType>
</xs:schema>]]></con:content><con:type>http://www.w3.org/2001/XMLSchema</con:type></con:part><con:part><con:url>file:/home/isr/git/parent/fourthwaydebtservice/FourthWayDebtServiceGateway/src/main/resources/wsdl/fourthWayDebtService/1.0.0/XMLSchema/successiontransaction.xsd</con:url><con:content><![CDATA[<!--edited with XMLSpy v2010 (http://www.altova.com) by Johan Schurgers (I8C)-->
<xs:schema targetNamespace="http://fsb.belgium.be/FourthWayServices/successiontransaction" elementFormDefault="qualified" attributeFormDefault="unqualified" version="1.0" xmlns:xs="http://www.w3.org/2001/XMLSchema" xmlns:dbtsi="http://fsb.belgium.be/FourthWayServices/debtinquiry" xmlns:suctrans="http://fsb.belgium.be/FourthWayServices/successiontransaction" xmlns:ifn="http://fsb.belgium.be/FourthWayServices/inheritanceinformation">
  <xs:import namespace="http://fsb.belgium.be/FourthWayServices/debtinquiry" schemaLocation="debtinquiry.xsd"/>
  <xs:import namespace="http://fsb.belgium.be/FourthWayServices/inheritanceinformation" schemaLocation="inheritanceinformation.xsd"/>
  <xs:element name="successionTransaction" type="suctrans:SuccessionTransactionType" substitutionGroup="dbtsi:transactionInformation"/>
  <xs:complexType name="SuccessionTransactionType">
    <xs:complexContent>
      <xs:extension base="dbtsi:TransactionInformationType">
        <xs:sequence>
          <xs:element ref="ifn:inheritanceInformation"/>
        </xs:sequence>
      </xs:extension>
    </xs:complexContent>
  </xs:complexType>
</xs:schema>]]></con:content><con:type>http://www.w3.org/2001/XMLSchema</con:type></con:part><con:part><con:url>file:/home/isr/git/parent/fourthwaydebtservice/FourthWayDebtServiceGateway/src/main/resources/wsdl/fourthWayDebtService/1.0.0/XMLSchema/inheritanceinformation.xsd</con:url><con:content><![CDATA[<!--edited with XMLSpy v2010 (http://www.altova.com) by Johan Schurgers (I8C)-->
<xs:schema targetNamespace="http://fsb.belgium.be/FourthWayServices/inheritanceinformation" elementFormDefault="qualified" attributeFormDefault="unqualified" version="1.0" xmlns:xs="http://www.w3.org/2001/XMLSchema" xmlns:ifn="http://fsb.belgium.be/FourthWayServices/inheritanceinformation">
  <xs:complexType name="InheritanceInformationType">
    <xs:sequence>
      <xs:element name="deceasedPerson" type="xs:string">
        <xs:annotation>
          <xs:documentation>Link to the party ID of the deceased party. Links can only be made with a natural person.</xs:documentation>
        </xs:annotation>
      </xs:element>
    </xs:sequence>
  </xs:complexType>
  <xs:element name="inheritanceInformation" type="ifn:InheritanceInformationType"/>
</xs:schema>]]></con:content><con:type>http://www.w3.org/2001/XMLSchema</con:type></con:part><con:part><con:url>file:/home/isr/git/parent/fourthwaydebtservice/FourthWayDebtServiceGateway/src/main/resources/wsdl/fourthWayDebtService/1.0.0/XMLSchema/movablegoodtransaction.xsd</con:url><con:content><![CDATA[<!--edited with XMLSpy v2010 (http://www.altova.com) by Johan Schurgers (I8C)-->
<xs:schema targetNamespace="http://fsb.belgium.be/FourthWayServices/movablegoodtransaction" elementFormDefault="qualified" attributeFormDefault="unqualified" version="1.0" xmlns:xs="http://www.w3.org/2001/XMLSchema" xmlns:dbtsi="http://fsb.belgium.be/FourthWayServices/debtinquiry" xmlns:motrans="http://fsb.belgium.be/FourthWayServices/movablegoodtransaction" xmlns:sfn="http://fsb.belgium.be/FourthWayServices/salesinformation">
  <xs:import namespace="http://fsb.belgium.be/FourthWayServices/debtinquiry" schemaLocation="debtinquiry.xsd"/>
  <xs:import namespace="http://fsb.belgium.be/FourthWayServices/salesinformation" schemaLocation="salesinformation.xsd"/>
  <xs:element name="movableGoodTransaction" type="motrans:MovableGoodTransactionType" substitutionGroup="dbtsi:transactionInformation"/>
  <xs:complexType name="MovableGoodTransactionType">
    <xs:complexContent>
      <xs:extension base="dbtsi:TransactionInformationType">
        <xs:sequence>
          <xs:element ref="sfn:salesInformations"/>
        </xs:sequence>
      </xs:extension>
    </xs:complexContent>
  </xs:complexType>
</xs:schema>]]></con:content><con:type>http://www.w3.org/2001/XMLSchema</con:type></con:part><con:part><con:url>file:/home/isr/git/parent/fourthwaydebtservice/FourthWayDebtServiceGateway/src/main/resources/wsdl/fourthWayDebtService/1.0.0/XMLSchema/salesinformation.xsd</con:url><con:content><![CDATA[<!--edited with XMLSpy v2010 (http://www.altova.com) by Johan Schurgers (I8C)-->
<xs:schema targetNamespace="http://fsb.belgium.be/FourthWayServices/salesinformation" elementFormDefault="qualified" attributeFormDefault="unqualified" version="1.0" xmlns:xs="http://www.w3.org/2001/XMLSchema" xmlns:sfn="http://fsb.belgium.be/FourthWayServices/salesinformation" xmlns:dts="http://fsb.belgium.be/FourthWayServices/common/datatypes">
  <xs:import namespace="http://fsb.belgium.be/FourthWayServices/common/datatypes" schemaLocation="datatypes.xsd"/>
  <xs:complexType name="SalesInformationType">
    <xs:sequence>
      <xs:element name="saleDate" type="dts:OpenDateType">
        <xs:annotation>
          <xs:documentation>Date when the deed will be signed. Possibly only the month and year is known but not the precise day.</xs:documentation>
        </xs:annotation>
      </xs:element>
      <xs:element name="salePrice" type="dts:CurrencyAmountType">
        <xs:annotation>
          <xs:documentation>Earnings from the sale. In euro without eurosign.</xs:documentation>
        </xs:annotation>
      </xs:element>
    </xs:sequence>
  </xs:complexType>
  <xs:element name="salesInformations">
    <xs:annotation>
      <xs:documentation>Extra information about the sale. Only when this information is known at the time of the sale.</xs:documentation>
    </xs:annotation>
    <xs:complexType>
      <xs:sequence>
        <xs:element name="salesInformation" maxOccurs="unbounded">
          <xs:annotation>
            <xs:documentation>Information about the sale can be devided between several parties. Otherwise one reference is found</xs:documentation>
          </xs:annotation>
          <xs:complexType>
            <xs:complexContent>
              <xs:extension base="sfn:SalesInformationType">
                <xs:attribute name="salesInformationID" use="required">
                  <xs:annotation>
                    <xs:documentation>Used to reference several sales earnings to different parties. (ex 001)</xs:documentation>
                  </xs:annotation>
                </xs:attribute>
              </xs:extension>
            </xs:complexContent>
          </xs:complexType>
        </xs:element>
      </xs:sequence>
    </xs:complexType>
  </xs:element>
</xs:schema>]]></con:content><con:type>http://www.w3.org/2001/XMLSchema</con:type></con:part><con:part><con:url>file:/home/isr/git/parent/fourthwaydebtservice/FourthWayDebtServiceGateway/src/main/resources/wsdl/fourthWayDebtService/1.0.0/XMLSchema/immovablegoodtransaction.xsd</con:url><con:content><![CDATA[<!--edited with XMLSpy v2010 (http://www.altova.com) by Johan Schurgers (I8C)-->
<xs:schema targetNamespace="http://fsb.belgium.be/FourthWayServices/immovablegoodtransaction" elementFormDefault="qualified" attributeFormDefault="unqualified" version="1.0" xmlns:xs="http://www.w3.org/2001/XMLSchema" xmlns:dbtsi="http://fsb.belgium.be/FourthWayServices/debtinquiry" xmlns:immotrans="http://fsb.belgium.be/FourthWayServices/immovablegoodtransaction" xmlns:gdn="http://fsb.belgium.be/FourthWayServices/gooddescription" xmlns:sfn="http://fsb.belgium.be/FourthWayServices/salesinformation">
  <xs:import namespace="http://fsb.belgium.be/FourthWayServices/debtinquiry" schemaLocation="debtinquiry.xsd"/>
  <xs:import namespace="http://fsb.belgium.be/FourthWayServices/salesinformation" schemaLocation="salesinformation.xsd"/>
  <xs:import namespace="http://fsb.belgium.be/FourthWayServices/gooddescription" schemaLocation="gooddescription.xsd"/>
  <xs:element name="immovableGoodTransaction" type="immotrans:ImmovableGoodTransactionType" substitutionGroup="dbtsi:transactionInformation"/>
  <xs:complexType name="ImmovableGoodTransactionType">
    <xs:complexContent>
      <xs:extension base="dbtsi:TransactionInformationType">
        <xs:sequence>
          <xs:element ref="gdn:goodDescription"/>
        </xs:sequence>
      </xs:extension>
    </xs:complexContent>
  </xs:complexType>
</xs:schema>]]></con:content><con:type>http://www.w3.org/2001/XMLSchema</con:type></con:part><con:part><con:url>file:/home/isr/git/parent/fourthwaydebtservice/FourthWayDebtServiceGateway/src/main/resources/wsdl/fourthWayDebtService/1.0.0/XMLSchema/gooddescription.xsd</con:url><con:content><![CDATA[<!--edited with XMLSpy v2010 (http://www.altova.com) by Johan Schurgers (I8C)-->
<xs:schema targetNamespace="http://fsb.belgium.be/FourthWayServices/gooddescription" elementFormDefault="qualified" attributeFormDefault="unqualified" version="1.0" xmlns:xs="http://www.w3.org/2001/XMLSchema" xmlns:gdn="http://fsb.belgium.be/FourthWayServices/gooddescription" xmlns:dts="http://fsb.belgium.be/FourthWayServices/common/datatypes" xmlns:propn="http://fsb.belgium.be/FourthWayServices/propertyinformation" xmlns:shpn="http://fsb.belgium.be/FourthWayServices/shipinformation" xmlns:natper="http://fsb.belgium.be/FourthWayServices/naturalperson" xmlns:nnr="http://fsb.belgium.be/FourthWayServices/nonresident">
  <xs:import namespace="http://fsb.belgium.be/FourthWayServices/common/datatypes" schemaLocation="datatypes.xsd"/>
  <xs:import namespace="http://fsb.belgium.be/FourthWayServices/shipinformation" schemaLocation="shipinformation.xsd"/>
  <xs:import namespace="http://fsb.belgium.be/FourthWayServices/propertyinformation" schemaLocation="propertyinformation.xsd"/>
  <xs:import namespace="http://fsb.belgium.be/FourthWayServices/naturalperson" schemaLocation="naturalperson.xsd"/>
  <xs:import namespace="http://fsb.belgium.be/FourthWayServices/nonresident" schemaLocation="nonresident.xsd"/>
  <xs:element name="goodDescription">
    <xs:annotation>
      <xs:documentation>Description of the goods in the transaction. All goods should be identified.</xs:documentation>
    </xs:annotation>
    <xs:complexType>
      <xs:sequence>
        <xs:element name="good" maxOccurs="unbounded">
          <xs:annotation>
            <xs:documentation>Several goods are possible in a transaction. Even when there is only one good involved a number should be given to the good.</xs:documentation>
          </xs:annotation>
          <xs:complexType>
            <xs:sequence>
              <xs:element name="priceEstimation" type="dts:CurrencyAmountType" minOccurs="0">
                <xs:annotation>
                  <xs:documentation>Estimated price of the good in euro without the euro sign. All amounts should be given in EURO</xs:documentation>
                </xs:annotation>
              </xs:element>
              <xs:element name="mortgageSituation" type="xs:string" minOccurs="0">
                <xs:annotation>
                  <xs:documentation>Are there current mortgages on the good that will be sold.</xs:documentation>
                </xs:annotation>
              </xs:element>
              <xs:element name="acquisitionDate" type="dts:OpenDateType" minOccurs="0">
                <xs:annotation>
                  <xs:documentation>When was the good bought. When the date is not clear a nearby estimate is required. When the data is done by conversion the date can be found in the field acquisition mode</xs:documentation>
                </xs:annotation>
              </xs:element>
              <xs:element name="acquisitionMode" type="xs:string" minOccurs="0">
                <xs:annotation>
                  <xs:documentation>How was the good accuired? Inherited, bought, ... When the data is done by conversion the acquistion mode will be combined with the acquisition date</xs:documentation>
                </xs:annotation>
              </xs:element>
              <xs:element name="inheritedFrom" type="natper:NaturalPersonType" minOccurs="0">
                <xs:annotation>
                  <xs:documentation>When the acquisition mode is inheritance, the description of the person who the property was inherited from is needed.</xs:documentation>
                </xs:annotation>
              </xs:element>
              <xs:element ref="nnr:nonResident" minOccurs="0"/>
              <xs:choice>
                <xs:element ref="propn:propertyInformation"/>
                <xs:element ref="shpn:shipInformation"/>
              </xs:choice>
            </xs:sequence>
            <xs:attribute name="goodNumber" type="xs:string" use="required">
              <xs:annotation>
                <xs:documentation>Number of the good. This number will be used to link the good to a specific party, or in following messages. The form that is used: 001, 002, 003</xs:documentation>
              </xs:annotation>
            </xs:attribute>
          </xs:complexType>
        </xs:element>
      </xs:sequence>
    </xs:complexType>
  </xs:element>
</xs:schema>]]></con:content><con:type>http://www.w3.org/2001/XMLSchema</con:type></con:part><con:part><con:url>file:/home/isr/git/parent/fourthwaydebtservice/FourthWayDebtServiceGateway/src/main/resources/wsdl/fourthWayDebtService/1.0.0/XMLSchema/shipinformation.xsd</con:url><con:content><![CDATA[<!--edited with XMLSpy v2010 (http://www.altova.com) by Johan Schurgers (I8C)-->
<xs:schema targetNamespace="http://fsb.belgium.be/FourthWayServices/shipinformation" elementFormDefault="qualified" attributeFormDefault="unqualified" version="1.0" xmlns:xs="http://www.w3.org/2001/XMLSchema" xmlns:shpn="http://fsb.belgium.be/FourthWayServices/shipinformation" xmlns:addn="http://fsb.belgium.be/FourthWayServices/common/addressinformation" xmlns:dts="http://fsb.belgium.be/FourthWayServices/common/datatypes">
  <xs:import namespace="http://fsb.belgium.be/FourthWayServices/common/addressinformation" schemaLocation="addressinformation.xsd"/>
  <xs:import namespace="http://fsb.belgium.be/FourthWayServices/common/datatypes" schemaLocation="datatypes.xsd"/>
  <xs:complexType name="ShipInformationType">
    <xs:sequence>
      <xs:element name="name" type="xs:string" nillable="false">
        <xs:annotation>
          <xs:documentation>Official name of the ship</xs:documentation>
        </xs:annotation>
      </xs:element>
      <xs:element name="placeOfConstruction" type="xs:string" nillable="false">
        <xs:annotation>
          <xs:documentation>Where was the ship build according to offical records</xs:documentation>
        </xs:annotation>
      </xs:element>
      <xs:element name="dateOfConstruction" type="dts:OpenDateType">
        <xs:annotation>
          <xs:documentation>Date of construction of the ship. When the exact date can not be found the estimate is needed.</xs:documentation>
        </xs:annotation>
      </xs:element>
      <xs:element name="dimensions" type="xs:string" nillable="false">
        <xs:annotation>
          <xs:documentation>Dimensions of the ship with the dimension descriptor included.</xs:documentation>
        </xs:annotation>
      </xs:element>
      <xs:element name="weight" type="xs:string" nillable="false">
        <xs:annotation>
          <xs:documentation>Weight of the ship with the kg or ton annotation included</xs:documentation>
        </xs:annotation>
      </xs:element>
      <xs:element name="engine" type="xs:string" nillable="false">
        <xs:annotation>
          <xs:documentation>Engine description of the ship</xs:documentation>
        </xs:annotation>
      </xs:element>
      <xs:element name="numberOfMortgages" type="xs:int" nillable="false">
        <xs:annotation>
          <xs:documentation>Open mortgages on the ship at the time of the inquiry</xs:documentation>
        </xs:annotation>
      </xs:element>
    </xs:sequence>
  </xs:complexType>
  <xs:element name="shipInformation" type="shpn:ShipInformationType">
    <xs:annotation>
      <xs:documentation>Realestate information about a ship. As found in the official documentation of the ship.</xs:documentation>
    </xs:annotation>
  </xs:element>
</xs:schema>]]></con:content><con:type>http://www.w3.org/2001/XMLSchema</con:type></con:part><con:part><con:url>file:/home/isr/git/parent/fourthwaydebtservice/FourthWayDebtServiceGateway/src/main/resources/wsdl/fourthWayDebtService/1.0.0/XMLSchema/propertyinformation.xsd</con:url><con:content><![CDATA[<!--edited with XMLSpy v2010 (http://www.altova.com) by Johan Schurgers (I8C)-->
<xs:schema targetNamespace="http://fsb.belgium.be/FourthWayServices/propertyinformation" elementFormDefault="qualified" attributeFormDefault="unqualified" version="1.0" xmlns:xs="http://www.w3.org/2001/XMLSchema" xmlns:propn="http://fsb.belgium.be/FourthWayServices/propertyinformation" xmlns:addn="http://fsb.belgium.be/FourthWayServices/common/addressinformation">
  <xs:import namespace="http://fsb.belgium.be/FourthWayServices/common/addressinformation" schemaLocation="addressinformation.xsd"/>
  <xs:complexType name="PropertyInformationType">
    <xs:sequence>
      <xs:element name="propertyType" type="xs:string" nillable="false">
        <xs:annotation>
          <xs:documentation>Type or property like house, appartment, studio, ...</xs:documentation>
        </xs:annotation>
      </xs:element>
      <xs:element name="propertyDescription" type="xs:string" nillable="false" minOccurs="0">
        <xs:annotation>
          <xs:documentation>Extra descriptive information about the property that is not included in the address. ex. 3rd appartment in 2nd tower.</xs:documentation>
        </xs:annotation>
      </xs:element>
      <xs:element ref="addn:address"/>
      <xs:element ref="addn:divisionInformation"/>
    </xs:sequence>
  </xs:complexType>
  <xs:element name="propertyInformation" type="propn:PropertyInformationType">
    <xs:annotation>
      <xs:documentation>Description of an realestate property. Not used to describe ships.</xs:documentation>
    </xs:annotation>
  </xs:element>
</xs:schema>]]></con:content><con:type>http://www.w3.org/2001/XMLSchema</con:type></con:part><con:part><con:url>file:/home/isr/git/parent/fourthwaydebtservice/FourthWayDebtServiceGateway/src/main/resources/wsdl/fourthWayDebtService/1.0.0/XMLSchema/nonresident.xsd</con:url><con:content><![CDATA[<!--edited with XMLSpy v2010 (http://www.altova.com) by Johan Schurgers (I8C)-->
<xs:schema targetNamespace="http://fsb.belgium.be/FourthWayServices/nonresident" elementFormDefault="qualified" attributeFormDefault="unqualified" version="1.0" xmlns:xs="http://www.w3.org/2001/XMLSchema" xmlns:nnr="http://fsb.belgium.be/FourthWayServices/nonresident" xmlns:dts="http://fsb.belgium.be/FourthWayServices/common/datatypes" xmlns:con="http://fsb.belgium.be/FourthWayServices/contact">
  <xs:import namespace="http://fsb.belgium.be/FourthWayServices/contact" schemaLocation="contact.xsd"/>
  <xs:import namespace="http://fsb.belgium.be/FourthWayServices/common/datatypes" schemaLocation="datatypes.xsd"/>
  <xs:complexType name="NonResidentType">
    <xs:sequence>
      <xs:element name="acquisitionDate" type="xs:date"/>
      <xs:element name="investementAmount" type="dts:CurrencyAmountType"/>
      <xs:element name="transferDate" type="xs:date"/>
      <xs:element name="transferPrice" type="dts:CurrencyAmountType"/>
      <xs:element name="transferExpenses" type="dts:CurrencyAmountType"/>
      <xs:element name="contactData" type="con:ContactPersonType" minOccurs="0"/>
    </xs:sequence>
  </xs:complexType>
  <xs:element name="nonResident" type="nnr:NonResidentType">
    <xs:annotation>
      <xs:documentation>Some transactions require more information about foreigners</xs:documentation>
    </xs:annotation>
  </xs:element>
</xs:schema>]]></con:content><con:type>http://www.w3.org/2001/XMLSchema</con:type></con:part><con:part><con:url>file:/home/isr/git/parent/fourthwaydebtservice/FourthWayDebtServiceGateway/src/main/resources/wsdl/fourthWayDebtService/1.0.0/XMLSchema/honorbaseddeclarations.xsd</con:url><con:content><![CDATA[<!--edited with XMLSpy v2010 (http://www.altova.com) by Johan Schurgers (I8C)-->
<xs:schema targetNamespace="http://fsb.belgium.be/FourthWayServices/honorbaseddeclarations" elementFormDefault="qualified" attributeFormDefault="unqualified" version="1.0" xmlns:xs="http://www.w3.org/2001/XMLSchema" xmlns:hbd="http://fsb.belgium.be/FourthWayServices/honorbaseddeclarations">
  <xs:complexType name="HonorBasedDeclarationsType">
    <xs:sequence>
      <xs:element name="subjectedToVAT" type="xs:boolean" nillable="false">
        <xs:annotation>
          <xs:documentation>Is the party subjected to the VAT. No when not VATnumber when the party must pay VAT.</xs:documentation>
        </xs:annotation>
      </xs:element>
      <xs:element name="occasionalConstructor" type="xs:boolean" nillable="false" minOccurs="0"/>
      <xs:element name="legalResponsible" type="xs:string" nillable="false" minOccurs="0"/>
      <xs:element name="temporaryAssociations" type="xs:string" nillable="false" minOccurs="0"/>
      <xs:element name="vatUnit" type="xs:string" nillable="false" minOccurs="0"/>
    </xs:sequence>
  </xs:complexType>
  <xs:element name="honorBasedDeclarations">
    <xs:annotation>
      <xs:documentation>La déclaration implicite sur l'honneur
/ De impliciete verklaring op erewoord Information the notary has obtained by asking the party for this information.
This is information that is not checked in legal sources. The party has to be trusted to give the correct information.</xs:documentation>
    </xs:annotation>
    <xs:complexType>
      <xs:sequence>
        <xs:element name="honorBasedDeclaration" maxOccurs="unbounded">
          <xs:complexType>
            <xs:complexContent>
              <xs:extension base="hbd:HonorBasedDeclarationsType">
                <xs:attribute name="partyLink" use="required">
                  <xs:annotation>
                    <xs:documentation>ID of the party these declarations are linked to.</xs:documentation>
                  </xs:annotation>
                </xs:attribute>
              </xs:extension>
            </xs:complexContent>
          </xs:complexType>
        </xs:element>
      </xs:sequence>
    </xs:complexType>
  </xs:element>
</xs:schema>]]></con:content><con:type>http://www.w3.org/2001/XMLSchema</con:type></con:part><con:part><con:url>file:/home/isr/git/parent/fourthwaydebtservice/FourthWayDebtServiceGateway/src/main/resources/wsdl/fourthWayDebtService/1.0.0/XMLSchema/technical.xsd</con:url><con:content><![CDATA[<!--edited with XMLSpy v2010 (http://www.altova.com) by Johan Schurgers (I8C)-->
<xs:schema targetNamespace="http://fsb.belgium.be/FourthWayServices/technical" elementFormDefault="qualified" attributeFormDefault="unqualified" version="1.0" xmlns:xs="http://www.w3.org/2001/XMLSchema" xmlns:tech="http://fsb.belgium.be/FourthWayServices/technical" xmlns:ds="http://www.w3.org/2000/09/xmldsig#">
  <xs:import namespace="http://www.w3.org/2000/09/xmldsig#" schemaLocation="xmldsig-core-schema.xsd"/>
  <xs:element name="technical" type="tech:TechnicalType">
    <xs:annotation>
      <xs:documentation>All supporting objects about the business message are placed in techincal. Signatures, encryption, ...</xs:documentation>
    </xs:annotation>
  </xs:element>
  <xs:complexType name="TechnicalType">
    <xs:sequence>
      <xs:element ref="ds:Signature"/>
    </xs:sequence>
  </xs:complexType>
</xs:schema>]]></con:content><con:type>http://www.w3.org/2001/XMLSchema</con:type></con:part><con:part><con:url>file:/home/isr/git/parent/fourthwaydebtservice/FourthWayDebtServiceGateway/src/main/resources/wsdl/fourthWayDebtService/1.0.0/XMLSchema/xmldsig-core-schema.xsd</con:url><con:content><![CDATA[<schema targetNamespace="http://www.w3.org/2000/09/xmldsig#" version="1.0.5" elementFormDefault="qualified" xmlns="http://www.w3.org/2001/XMLSchema" xmlns:ds="http://www.w3.org/2000/09/xmldsig#">
  <!--adapted for Fedict version 1.0.5-->
  <!--Basic Types Defined for Signatures-->
  <simpleType name="CryptoBinary">
    <restriction base="base64Binary"></restriction>
  </simpleType>
  <!--Start Signature-->
  <element name="Signature" type="ds:SignatureType"/>
  <complexType name="SignatureType">
    <sequence>
      <element ref="ds:SignedInfo"/>
      <element ref="ds:SignatureValue"/>
      <element ref="ds:KeyInfo" minOccurs="0"/>
      <element ref="ds:Object" minOccurs="0" maxOccurs="unbounded"/>
    </sequence>
    <attribute name="Id" type="ID" use="optional"/>
  </complexType>
  <element name="SignatureValue" type="ds:SignatureValueType"/>
  <complexType name="SignatureValueType">
    <simpleContent>
      <extension base="base64Binary">
        <attribute name="Id" type="ID" use="optional"/>
      </extension>
    </simpleContent>
  </complexType>
  <!--Start SignedInfo-->
  <element name="SignedInfo" type="ds:SignedInfoType"/>
  <complexType name="SignedInfoType">
    <sequence>
      <element ref="ds:CanonicalizationMethod"/>
      <element ref="ds:SignatureMethod"/>
      <element ref="ds:Reference" maxOccurs="unbounded"/>
    </sequence>
    <attribute name="Id" type="ID" use="optional"/>
  </complexType>
  <element name="CanonicalizationMethod" type="ds:CanonicalizationMethodType"/>
  <complexType name="CanonicalizationMethodType" mixed="true">
    <sequence>
      <any namespace="##any" minOccurs="0" maxOccurs="unbounded"/>
      <!--(0,unbounded) elements from (1,1) namespace-->
    </sequence>
    <attribute name="Algorithm" type="anyURI" use="required"/>
  </complexType>
  <element name="SignatureMethod" type="ds:SignatureMethodType"/>
  <complexType name="SignatureMethodType" mixed="true">
    <sequence>
      <element name="HMACOutputLength" minOccurs="0" type="ds:HMACOutputLengthType"/>
      <any namespace="##other" minOccurs="0" maxOccurs="unbounded"/>
      <!--(0,unbounded) elements from (1,1) external namespace-->
    </sequence>
    <attribute name="Algorithm" type="anyURI" use="required"/>
  </complexType>
  <!--Start Reference-->
  <element name="Reference" type="ds:ReferenceType"/>
  <complexType name="ReferenceType">
    <sequence>
      <element ref="ds:Transforms" minOccurs="0"/>
      <element ref="ds:DigestMethod"/>
      <element ref="ds:DigestValue"/>
    </sequence>
    <attribute name="Id" type="ID" use="optional"/>
    <attribute name="URI" type="anyURI" use="optional"/>
    <attribute name="Type" type="anyURI" use="optional"/>
  </complexType>
  <element name="Transforms" type="ds:TransformsType"/>
  <complexType name="TransformsType">
    <sequence>
      <element ref="ds:Transform" maxOccurs="unbounded"/>
    </sequence>
  </complexType>
  <element name="Transform" type="ds:TransformType"/>
  <complexType name="TransformType" mixed="true">
    <choice minOccurs="0" maxOccurs="unbounded">
      <any namespace="##other" processContents="lax"/>
      <!--(1,1) elements from (0,unbounded) namespaces-->
      <element name="XPath" type="string"/>
    </choice>
    <attribute name="Algorithm" type="anyURI" use="required"/>
  </complexType>
  <!--End Reference-->
  <element name="DigestMethod" type="ds:DigestMethodType"/>
  <complexType name="DigestMethodType" mixed="true">
    <sequence>
      <any namespace="##other" processContents="lax" minOccurs="0" maxOccurs="unbounded"/>
    </sequence>
    <attribute name="Algorithm" type="anyURI" use="required"/>
  </complexType>
  <element name="DigestValue" type="ds:DigestValueType"/>
  <simpleType name="DigestValueType">
    <restriction base="base64Binary"/>
  </simpleType>
  <!--End SignedInfo-->
  <!--Start KeyInfo-->
  <element name="KeyInfo" type="ds:KeyInfoType"/>
  <complexType name="KeyInfoType" mixed="true">
    <choice maxOccurs="unbounded">
      <element ref="ds:KeyName"/>
      <element ref="ds:KeyValue"/>
      <element ref="ds:RetrievalMethod"/>
      <element ref="ds:X509Data"/>
      <element ref="ds:PGPData"/>
      <element ref="ds:SPKIData"/>
      <element ref="ds:MgmtData"/>
      <any processContents="lax" namespace="##other"/>
      <!--(1,1) elements from (0,unbounded) namespaces-->
    </choice>
    <attribute name="Id" type="ID" use="optional"/>
  </complexType>
  <element name="KeyName" type="string"/>
  <element name="MgmtData" type="string"/>
  <element name="KeyValue" type="ds:KeyValueType"/>
  <complexType name="KeyValueType" mixed="true">
    <choice>
      <element ref="ds:DSAKeyValue"/>
      <element ref="ds:RSAKeyValue"/>
      <any namespace="##other" processContents="lax"/>
    </choice>
  </complexType>
  <element name="RetrievalMethod" type="ds:RetrievalMethodType"/>
  <complexType name="RetrievalMethodType">
    <sequence>
      <element ref="ds:Transforms" minOccurs="0"/>
    </sequence>
    <attribute name="URI" type="anyURI"/>
    <attribute name="Type" type="anyURI" use="optional"/>
  </complexType>
  <!--Start X509Data-->
  <element name="X509Data" type="ds:X509DataType"/>
  <complexType name="X509DataType">
    <sequence maxOccurs="unbounded">
      <choice>
        <element name="X509IssuerSerial" type="ds:X509IssuerSerialType"/>
        <element name="X509SKI" type="base64Binary"/>
        <element name="X509SubjectName" type="string"/>
        <element name="X509Certificate" type="base64Binary"/>
        <element name="X509CRL" type="base64Binary"/>
        <any namespace="##other" processContents="lax"/>
      </choice>
    </sequence>
  </complexType>
  <complexType name="X509IssuerSerialType">
    <sequence>
      <element name="X509IssuerName" type="string"/>
      <element name="X509SerialNumber" type="integer"/>
    </sequence>
  </complexType>
  <!--End X509Data-->
  <!--Begin PGPData-->
  <element name="PGPData" type="ds:PGPDataType"/>
  <complexType name="PGPDataType">
    <choice>
      <sequence>
        <element name="PGPKeyID" type="base64Binary"/>
        <element name="PGPKeyPacket" type="base64Binary" minOccurs="0"/>
        <any namespace="##other" processContents="lax" minOccurs="0" maxOccurs="unbounded"/>
      </sequence>
      <sequence>
        <element name="PGPKeyPacket" type="base64Binary"/>
        <any namespace="##other" processContents="lax" minOccurs="0" maxOccurs="unbounded"/>
      </sequence>
    </choice>
  </complexType>
  <!--End PGPData-->
  <!--Begin SPKIData-->
  <element name="SPKIData" type="ds:SPKIDataType"/>
  <complexType name="SPKIDataType">
    <sequence maxOccurs="unbounded">
      <element name="SPKISexp" type="base64Binary"/>
      <any namespace="##other" processContents="lax" minOccurs="0"/>
    </sequence>
  </complexType>
  <!--End SPKIData-->
  <!--End KeyInfo-->
  <!--Start Object (Manifest, SignatureProperty)-->
  <element name="Object" type="ds:ObjectType"/>
  <complexType name="ObjectType" mixed="true">
    <sequence minOccurs="0" maxOccurs="unbounded">
      <any namespace="##any" processContents="lax"/>
    </sequence>
    <attribute name="Id" type="ID" use="optional"/>
    <attribute name="MimeType" type="string" use="optional"/>
    <!--add a grep facet-->
    <attribute name="Encoding" type="anyURI" use="optional"/>
  </complexType>
  <element name="Manifest" type="ds:ManifestType"/>
  <complexType name="ManifestType">
    <sequence>
      <element ref="ds:Reference" maxOccurs="unbounded"/>
    </sequence>
    <attribute name="Id" type="ID" use="optional"/>
  </complexType>
  <element name="SignatureProperties" type="ds:SignaturePropertiesType"/>
  <complexType name="SignaturePropertiesType">
    <sequence>
      <element ref="ds:SignatureProperty" maxOccurs="unbounded"/>
    </sequence>
    <attribute name="Id" type="ID" use="optional"/>
  </complexType>
  <element name="SignatureProperty" type="ds:SignaturePropertyType"/>
  <complexType name="SignaturePropertyType" mixed="true">
    <choice maxOccurs="unbounded">
      <any namespace="##other" processContents="lax"/>
      <!--(1,1) elements from (1,unbounded) namespaces-->
    </choice>
    <attribute name="Target" type="anyURI" use="required"/>
    <attribute name="Id" type="ID" use="optional"/>
  </complexType>
  <!--End Object (Manifest, SignatureProperty)-->
  <!--Start Algorithm Parameters-->
  <simpleType name="HMACOutputLengthType">
    <restriction base="integer"/>
  </simpleType>
  <!--Start KeyValue Element-types-->
  <element name="DSAKeyValue" type="ds:DSAKeyValueType"/>
  <complexType name="DSAKeyValueType">
    <sequence>
      <sequence minOccurs="0">
        <element name="P" type="ds:CryptoBinary"/>
        <element name="Q" type="ds:CryptoBinary"/>
      </sequence>
      <element name="G" type="ds:CryptoBinary" minOccurs="0"/>
      <element name="Y" type="ds:CryptoBinary"/>
      <element name="J" type="ds:CryptoBinary" minOccurs="0"/>
      <sequence minOccurs="0">
        <element name="Seed" type="ds:CryptoBinary"/>
        <element name="PgenCounter" type="ds:CryptoBinary"/>
      </sequence>
    </sequence>
  </complexType>
  <element name="RSAKeyValue" type="ds:RSAKeyValueType"/>
  <complexType name="RSAKeyValueType">
    <sequence>
      <element name="Modulus" type="ds:CryptoBinary"/>
      <element name="Exponent" type="ds:CryptoBinary"/>
    </sequence>
  </complexType>
  <!--End KeyValue Element-types-->
  <!--End Signature-->
</schema>]]></con:content><con:type>http://www.w3.org/2001/XMLSchema</con:type></con:part><con:part><con:url>file:/home/isr/git/parent/fourthwaydebtservice/FourthWayDebtServiceGateway/src/main/resources/wsdl/fourthWayDebtService/1.0.0/XMLSchema/debtdeficitnotification.xsd</con:url><con:content><![CDATA[<!--edited with XMLSpy v2010 (http://www.altova.com) by Johan Schurgers (I8C)-->
<xs:schema targetNamespace="http://fsb.belgium.be/FourthWayServices/debtdeficitnotification" elementFormDefault="qualified" attributeFormDefault="unqualified" version="1.0.3" xmlns:xs="http://www.w3.org/2001/XMLSchema" xmlns:ddn="http://fsb.belgium.be/FourthWayServices/debtdeficitnotification" xmlns:cin="http://fsb.belgium.be/FourthWayServices/generalcaseinformation" xmlns:frmsg="http://fsb.belgium.be/FourthWayServices/fourthwaymessage" xmlns:difca="http://fsb.belgium.be/FourthWayServices/deficitcaseinformation" xmlns:tech="http://fsb.belgium.be/FourthWayServices/technical">
  <xs:import namespace="http://fsb.belgium.be/FourthWayServices/generalcaseinformation" schemaLocation="generalcaseinformation.xsd"/>
  <xs:import namespace="http://fsb.belgium.be/FourthWayServices/deficitcaseinformation" schemaLocation="deficitcaseinformation.xsd"/>
  <xs:import namespace="http://fsb.belgium.be/FourthWayServices/fourthwaymessage" schemaLocation="fourthwaymessage.xsd"/>
  <xs:import namespace="http://fsb.belgium.be/FourthWayServices/technical" schemaLocation="technical.xsd"/>
  <xs:element name="debtDeficitNotification" substitutionGroup="frmsg:fourthWayMessage">
    <xs:annotation>
      <xs:documentation>When the earnings of a transaction are not sufficient to cover the debts notified. All creditors have to be notified.</xs:documentation>
    </xs:annotation>
    <xs:complexType>
      <xs:complexContent>
        <xs:extension base="ddn:DebtDeficitNotificationType">
          <xs:sequence>
            <xs:element ref="tech:technical" minOccurs="0"/>
          </xs:sequence>
        </xs:extension>
      </xs:complexContent>
    </xs:complexType>
  </xs:element>
  <xs:complexType name="DebtDeficitNotificationType">
    <xs:complexContent>
      <xs:extension base="frmsg:FourthWayMessageType">
        <xs:sequence>
          <xs:element ref="cin:generalCaseInformation"/>
          <xs:element ref="difca:deficitCaseInformation"/>
        </xs:sequence>
      </xs:extension>
    </xs:complexContent>
  </xs:complexType>
</xs:schema>]]></con:content><con:type>http://www.w3.org/2001/XMLSchema</con:type></con:part><con:part><con:url>file:/home/isr/git/parent/fourthwaydebtservice/FourthWayDebtServiceGateway/src/main/resources/wsdl/fourthWayDebtService/1.0.0/XMLSchema/deficitcaseinformation.xsd</con:url><con:content><![CDATA[<!--edited with XMLSpy v2010 (http://www.altova.com) by Johan Schurgers (I8C)-->
<xs:schema targetNamespace="http://fsb.belgium.be/FourthWayServices/deficitcaseinformation" elementFormDefault="qualified" attributeFormDefault="unqualified" version="1.0" xmlns:xs="http://www.w3.org/2001/XMLSchema" xmlns:difca="http://fsb.belgium.be/FourthWayServices/deficitcaseinformation" xmlns:mortgo="http://fsb.belgium.be/FourthWayServices/mortgagegoods" xmlns:pardes="http://fsb.belgium.be/FourthWayServices/partnerdescription" xmlns:pty="http://fsb.belgium.be/FourthWayServices/party" xmlns:dts="http://fsb.belgium.be/FourthWayServices/common/datatypes">
  <xs:import namespace="http://fsb.belgium.be/FourthWayServices/common/datatypes" schemaLocation="datatypes.xsd"/>
  <xs:import namespace="http://fsb.belgium.be/FourthWayServices/partnerdescription" schemaLocation="partnerdescription.xsd"/>
  <xs:import namespace="http://fsb.belgium.be/FourthWayServices/mortgagegoods" schemaLocation="mortgagegoods.xsd"/>
  <xs:import namespace="http://fsb.belgium.be/FourthWayServices/party" schemaLocation="party.xsd"/>
  <xs:element name="deficitCaseInformation" type="difca:DeficitCaseInformationType"/>
  <xs:complexType name="DeficitCaseInformationType">
    <xs:sequence>
      <xs:element ref="mortgo:mortgageGoods" minOccurs="0"/>
      <xs:element name="deficitParty">
        <xs:annotation>
          <xs:documentation>Identification of the party who is subject of the deficit in the message</xs:documentation>
        </xs:annotation>
        <xs:complexType>
          <xs:sequence>
            <xs:element ref="pty:party"/>
          </xs:sequence>
        </xs:complexType>
      </xs:element>
      <xs:element ref="pardes:creditors"/>
      <xs:element name="notificationReference">
        <xs:annotation>
          <xs:documentation>Reference to the debt notification</xs:documentation>
        </xs:annotation>
        <xs:complexType>
          <xs:sequence>
            <xs:element name="notificationNumber" type="xs:string">
              <xs:annotation>
                <xs:documentation>Number of the notification</xs:documentation>
              </xs:annotation>
            </xs:element>
            <xs:element name="notificationDate" type="xs:date">
              <xs:annotation>
                <xs:documentation>Date of the notification as found in the message.</xs:documentation>
              </xs:annotation>
            </xs:element>
          </xs:sequence>
        </xs:complexType>
      </xs:element>
      <xs:element name="deed" minOccurs="0">
        <xs:annotation>
          <xs:documentation>Information concerning the deed.</xs:documentation>
        </xs:annotation>
        <xs:complexType>
          <xs:sequence>
            <xs:element name="deedDate" type="xs:date">
              <xs:annotation>
                <xs:documentation>Date the deed was signed or registrered</xs:documentation>
              </xs:annotation>
            </xs:element>
            <xs:element name="deedEarnings">
              <xs:annotation>
                <xs:documentation>Earnings generated by the deed.</xs:documentation>
              </xs:annotation>
              <xs:complexType>
                <xs:sequence>
                  <xs:element name="detainedAmount" type="dts:CurrencyAmountType"/>
                  <xs:element name="deedAmount" type="dts:CurrencyAmountType"/>
                </xs:sequence>
              </xs:complexType>
            </xs:element>
          </xs:sequence>
        </xs:complexType>
      </xs:element>
      <xs:element name="partnerCommunication" type="xs:string" minOccurs="0">
        <xs:annotation>
          <xs:documentation>Comments meant for the destination of the message. Every creditor will receive a specific message</xs:documentation>
        </xs:annotation>
      </xs:element>
    </xs:sequence>
  </xs:complexType>
  <xs:annotation>
    <xs:documentation>General case information is extra information that is generic for several transactions.</xs:documentation>
  </xs:annotation>
</xs:schema>]]></con:content><con:type>http://www.w3.org/2001/XMLSchema</con:type></con:part><con:part><con:url>file:/home/isr/git/parent/fourthwaydebtservice/FourthWayDebtServiceGateway/src/main/resources/wsdl/fourthWayDebtService/1.0.0/XMLSchema/partnerdescription.xsd</con:url><con:content><![CDATA[<!--edited with XMLSpy v2010 (http://www.altova.com) by Johan Schurgers (I8C)-->
<xs:schema targetNamespace="http://fsb.belgium.be/FourthWayServices/partnerdescription" elementFormDefault="qualified" attributeFormDefault="unqualified" version="1.0" xmlns:xs="http://www.w3.org/2001/XMLSchema" xmlns:pardes="http://fsb.belgium.be/FourthWayServices/partnerdescription" xmlns:pty="http://fsb.belgium.be/FourthWayServices/party">
  <xs:import namespace="http://fsb.belgium.be/FourthWayServices/party" schemaLocation="party.xsd"/>
  <xs:complexType name="PurchaserType">
    <xs:sequence>
      <xs:element name="parties">
        <xs:complexType>
          <xs:sequence>
            <xs:element ref="pty:party"/>
          </xs:sequence>
        </xs:complexType>
      </xs:element>
      <xs:element name="purchaserNumber" type="xs:string"/>
    </xs:sequence>
  </xs:complexType>
  <xs:complexType name="MortgageTakerType">
    <xs:sequence>
      <xs:element ref="pty:party"/>
    </xs:sequence>
  </xs:complexType>
  <xs:complexType name="CreditorDescriptionType">
    <xs:sequence>
      <xs:element ref="pty:party"/>
      <xs:element name="creditorAmount">
        <xs:annotation>
          <xs:documentation>Amount owed to the creditor</xs:documentation>
        </xs:annotation>
      </xs:element>
      <xs:element name="creditorDate">
        <xs:annotation>
          <xs:documentation>Date of calculation for the amount</xs:documentation>
        </xs:annotation>
      </xs:element>
    </xs:sequence>
  </xs:complexType>
  <xs:complexType name="PartnerDescriptionType"/>
  <xs:element name="creditorDescription" type="pardes:CreditorDescriptionType">
    <xs:annotation>
      <xs:documentation>Who is the creditor for the specific debt</xs:documentation>
    </xs:annotation>
  </xs:element>
  <xs:element name="mortgageTaker" type="pardes:MortgageTakerType"/>
  <xs:element name="purchaser" type="pardes:PurchaserType"/>
  <xs:element name="creditors">
    <xs:complexType>
      <xs:complexContent>
        <xs:extension base="pardes:PartnerDescriptionType">
          <xs:sequence>
            <xs:element name="registeredCreditors" minOccurs="0">
              <xs:complexType>
                <xs:sequence>
                  <xs:element ref="pardes:creditorDescription" maxOccurs="unbounded"/>
                  <xs:element name="totalAmount">
                    <xs:annotation>
                      <xs:documentation>Total amount owed to the registered creditors</xs:documentation>
                    </xs:annotation>
                  </xs:element>
                </xs:sequence>
              </xs:complexType>
            </xs:element>
            <xs:element name="opposingCreditors" minOccurs="0">
              <xs:complexType>
                <xs:sequence>
                  <xs:element ref="pardes:creditorDescription" maxOccurs="unbounded"/>
                  <xs:element name="totalAmount">
                    <xs:annotation>
                      <xs:documentation>Total amount owed to the opposing creditors</xs:documentation>
                    </xs:annotation>
                  </xs:element>
                </xs:sequence>
              </xs:complexType>
            </xs:element>
          </xs:sequence>
        </xs:extension>
      </xs:complexContent>
    </xs:complexType>
  </xs:element>
  <xs:annotation>
    <xs:documentation>General case information is extra information that is generic for several transactions.</xs:documentation>
  </xs:annotation>
</xs:schema>]]></con:content><con:type>http://www.w3.org/2001/XMLSchema</con:type></con:part><con:part><con:url>file:/home/isr/git/parent/fourthwaydebtservice/FourthWayDebtServiceGateway/src/main/resources/wsdl/fourthWayDebtService/1.0.0/XMLSchema/mortgagegoods.xsd</con:url><con:content><![CDATA[<!--edited with XMLSpy v2010 (http://www.altova.com) by Johan Schurgers (I8C)-->
<xs:schema targetNamespace="http://fsb.belgium.be/FourthWayServices/mortgagegoods" elementFormDefault="qualified" attributeFormDefault="unqualified" version="1.0" xmlns:xs="http://www.w3.org/2001/XMLSchema" xmlns:mortgo="http://fsb.belgium.be/FourthWayServices/mortgagegoods" xmlns:pty="http://fsb.belgium.be/FourthWayServices/party" xmlns:gdn="http://fsb.belgium.be/FourthWayServices/gooddescription" xmlns:shpn="http://fsb.belgium.be/FourthWayServices/shipinformation" xmlns:propn="http://fsb.belgium.be/FourthWayServices/propertyinformation">
  <xs:import namespace="http://fsb.belgium.be/FourthWayServices/party" schemaLocation="party.xsd"/>
  <xs:import namespace="http://fsb.belgium.be/FourthWayServices/propertyinformation" schemaLocation="propertyinformation.xsd"/>
  <xs:import namespace="http://fsb.belgium.be/FourthWayServices/shipinformation" schemaLocation="shipinformation.xsd"/>
  <xs:complexType name="MortgageGoodsType">
    <xs:sequence>
      <xs:element name="mortgageGood" maxOccurs="unbounded">
        <xs:complexType>
          <xs:sequence>
            <xs:element name="newOwners">
              <xs:annotation>
                <xs:documentation>New owners of the good.</xs:documentation>
              </xs:annotation>
              <xs:complexType>
                <xs:sequence>
                  <xs:element ref="pty:party" maxOccurs="unbounded"/>
                </xs:sequence>
              </xs:complexType>
            </xs:element>
            <xs:element name="mortgageGoodDescription">
              <xs:complexType>
                <xs:sequence>
                  <xs:element name="goodReference" maxOccurs="unbounded">
                    <xs:annotation>
                      <xs:documentation>Reference to debt inquiry id</xs:documentation>
                    </xs:annotation>
                    <xs:complexType>
                      <xs:attribute name="goodType"/>
                    </xs:complexType>
                  </xs:element>
                  <xs:choice>
                    <xs:element ref="propn:propertyInformation"/>
                    <xs:element ref="shpn:shipInformation"/>
                  </xs:choice>
                </xs:sequence>
              </xs:complexType>
            </xs:element>
          </xs:sequence>
        </xs:complexType>
      </xs:element>
    </xs:sequence>
  </xs:complexType>
  <xs:element name="mortgageGoods" type="mortgo:MortgageGoodsType"/>
  <xs:annotation>
    <xs:documentation>General case information is extra information that is generic for several transactions.</xs:documentation>
  </xs:annotation>
</xs:schema>]]></con:content><con:type>http://www.w3.org/2001/XMLSchema</con:type></con:part><con:part><con:url>file:/home/isr/git/parent/fourthwaydebtservice/FourthWayDebtServiceGateway/src/main/resources/wsdl/fourthWayDebtService/1.0.0/XMLSchema/technicalacknowledgement.xsd</con:url><con:content><![CDATA[<!--edited with XMLSpy v2010 (http://www.altova.com) by Johan Schurgers (I8C)-->
<xs:schema targetNamespace="http://fsb.belgium.be/FourthWayServices/technicalack" elementFormDefault="qualified" attributeFormDefault="unqualified" version="1.0.3" xmlns:xs="http://www.w3.org/2001/XMLSchema" xmlns:tecac="http://fsb.belgium.be/FourthWayServices/technicalack" xmlns:frmsg="http://fsb.belgium.be/FourthWayServices/fourthwaymessage">
  <xs:import namespace="http://fsb.belgium.be/FourthWayServices/fourthwaymessage" schemaLocation="fourthwaymessage.xsd"/>
  <xs:element name="technicalAcknowledgement" type="tecac:technicalAcknowledgementType" substitutionGroup="frmsg:fourthWayMessage">
    <xs:annotation>
      <xs:documentation>Every message has to be validated by the receiving party. When the business content validation is positif an acknowledgement has to be send.</xs:documentation>
    </xs:annotation>
  </xs:element>
  <xs:complexType name="technicalAcknowledgementType">
    <xs:complexContent>
      <xs:extension base="frmsg:FourthWayMessageType"></xs:extension>
    </xs:complexContent>
  </xs:complexType>
</xs:schema>]]></con:content><con:type>http://www.w3.org/2001/XMLSchema</con:type></con:part><con:part><con:url>file:/home/isr/git/parent/fourthwaydebtservice/FourthWayDebtServiceGateway/src/main/resources/wsdl/fourthWayDebtService/1.0.0/messages/faultTypes_v1.xsd</con:url><con:content><![CDATA[<xsd:schema version="1.0" xmlns:xsd="http://www.w3.org/2001/XMLSchema" xmlns:cmn="http://fidus.brussels/type/common/messages/v1" xmlns:env="http://schemas.xmlsoap.org/soap/envelope/">
  <xsd:import namespace="http://fidus.brussels/type/common/messages/v1" schemaLocation="baseMessageTypes_v1.xsd"/>
  <!--fault elements-->
  <xsd:element name="messageId" type="cmn:MessageIdType"/>
  <xsd:element name="transactionId" type="cmn:MessageIdType"/>
  <xsd:element name="timestamp" type="xsd:dateTime"/>
  <xsd:element name="error" type="errorType"/>
  <xsd:complexType name="errorType">
    <xsd:sequence>
      <xsd:element name="code" type="cmn:MessageIdType"/>
      <xsd:element name="description" type="xsd:string" minOccurs="0"/>
      <xsd:any namespace="http://schemas.xmlsoap.org/soap/envelope/" processContents="skip" minOccurs="0" maxOccurs="1"/>
    </xsd:sequence>
  </xsd:complexType>
</xsd:schema>]]></con:content><con:type>http://www.w3.org/2001/XMLSchema</con:type></con:part></con:definitionCache><con:endpoints><con:endpoint>https://192.168.36.61:8243/services/FourthWayDebtService_v1.0</con:endpoint><con:endpoint>https://192.168.36.75:8243/services/FourthWayDebtService_v1.0</con:endpoint></con:endpoints><con:operation id="9509c787-ef75-4ebb-9c60-6c9120dc5d3a" isOneWay="false" action="http://fidus.brussels/services/fourthwaydebtservice/businessError" name="businessError" bindingOperationName="businessError" type="Request-Response" inputName="" receivesAttachments="false" sendsAttachments="false" anonymous="optional"><con:settings/><con:call id="ac9fbd49-3031-4581-bfb1-5cad8c1cd91a" name="1 - Local - Request" outgoingWss="Outflow DEV" incomingWss="Inflow DEV"><con:settings><con:setting id="com.eviware.soapui.impl.wsdl.WsdlRequest@request-headers">&lt;xml-fragment/></con:setting></con:settings><con:encoding>UTF-8</con:encoding><con:endpoint>https://localhost:8243/services/FourthWayDebtService_v1.0</con:endpoint><con:request><![CDATA[<soapenv:Envelope xmlns:soapenv="http://schemas.xmlsoap.org/soap/envelope/" xmlns:v1="http://fidus.brussels/service/fourthwaydebtservice/messages/v1" xmlns:v11="http://fidus.brussels/type/common/messages/v1" xmlns:bus="http://fsb.belgium.be/FourthWayServices/businesserror" xmlns:err="http://fsb.belgium.be/FourthWayServices/error" xmlns:dat="http://fsb.belgium.be/FourthWayServices/common/datatypes">
   <soapenv:Header/>
   <soapenv:Body>
      <v1:businessErrorRequest>
         <v1:messageContext>
     	  <v11:messageId>${=import static java.util.UUID.randomUUID; uuid = randomUUID() as String}</v11:messageId>
            <v11:timestamp>${=new java.text.SimpleDateFormat("yyyy-MM-dd'T'HH:mm:ss.SSS").format(new Date())}</v11:timestamp>
         </v1:messageContext>
         <v1:legalContext>ServiceIntegrator</v1:legalContext>
         <v1:request>
   		<bus:businessError>
            <err:error>
               <err:code>VAL0005</err:code>
               <err:description>A validation error</err:description>
            </err:error>
            <bus:messageIdentification>
               <dat:origin>
                  <dat:origin>
                     <dat:partner>FRNB</dat:partner>
                     <dat:partnerCode codeType="KBO">0409357321</dat:partnerCode>
                  </dat:origin>
               </dat:origin>
            </bus:messageIdentification>
         </bus:businessError>
         </v1:request>
      </v1:businessErrorRequest>
   </soapenv:Body>
</soapenv:Envelope>]]></con:request><con:credentials><con:selectedAuthProfile>Basic</con:selectedAuthProfile><con:addedBasicAuthenticationTypes>Basic</con:addedBasicAuthenticationTypes><con:authType>Global HTTP Settings</con:authType></con:credentials><con:jmsConfig JMSDeliveryMode="PERSISTENT"/><con:jmsPropertyConfig/><con:wsaConfig mustUnderstand="NONE" version="200508" action="http://fidus.brussels/services/fourthwaydebtservice/businessError"/><con:wsrmConfig version="1.2"/></con:call><con:call id="e154f4b8-0575-4dca-bc40-f9b8b93ff87b" name="2 - Dev - Request" outgoingWss="Outflow DEV" incomingWss="Inflow DEV"><con:settings><con:setting id="com.eviware.soapui.impl.wsdl.WsdlRequest@request-headers">&lt;xml-fragment/></con:setting></con:settings><con:encoding>UTF-8</con:encoding><con:endpoint>https://192.168.36.61:8243/services/FourthWayDebtService_v1.0</con:endpoint><con:request><![CDATA[<soapenv:Envelope xmlns:soapenv="http://schemas.xmlsoap.org/soap/envelope/" xmlns:v1="http://fidus.brussels/service/fourthwaydebtservice/messages/v1" xmlns:v11="http://fidus.brussels/type/common/messages/v1" xmlns:bus="http://fsb.belgium.be/FourthWayServices/businesserror" xmlns:err="http://fsb.belgium.be/FourthWayServices/error" xmlns:dat="http://fsb.belgium.be/FourthWayServices/common/datatypes">
   <soapenv:Header/>
   <soapenv:Body>
      <v1:businessErrorRequest>
         <v1:messageContext>
     	  <v11:messageId>${=import static java.util.UUID.randomUUID; uuid = randomUUID() as String}</v11:messageId>
            <v11:timestamp>${=new java.text.SimpleDateFormat("yyyy-MM-dd'T'HH:mm:ss.SSS").format(new Date())}</v11:timestamp>
         </v1:messageContext>
         <v1:legalContext>ServiceIntegrator</v1:legalContext>
         <v1:request>
   		<bus:businessError>
            <err:error>
               <err:code>VAL0005</err:code>
               <err:description>A validation error</err:description>
            </err:error>
            <bus:messageIdentification>
               <dat:origin>
                  <dat:origin>
                     <dat:partner>FRNB-TESTER</dat:partner>
                     <dat:partnerCode codeType="KBO">0409357321</dat:partnerCode>
                  </dat:origin>
               </dat:origin>
            </bus:messageIdentification>
         </bus:businessError>
         </v1:request>
      </v1:businessErrorRequest>
   </soapenv:Body>
</soapenv:Envelope>]]></con:request><con:credentials><con:selectedAuthProfile>Basic</con:selectedAuthProfile><con:addedBasicAuthenticationTypes>Basic</con:addedBasicAuthenticationTypes><con:authType>Global HTTP Settings</con:authType></con:credentials><con:jmsConfig JMSDeliveryMode="PERSISTENT"/><con:jmsPropertyConfig/><con:wsaConfig mustUnderstand="NONE" version="200508" action="http://fidus.brussels/services/fourthwaydebtservice/businessError"/><con:wsrmConfig version="1.2"/></con:call><con:call id="9f4ea61c-abdd-45c7-bda5-5133d347ca16" name="3 - Test - External - Request" outgoingWss="Outflow TEST" incomingWss="Inflow TEST"><con:settings><con:setting id="com.eviware.soapui.impl.wsdl.WsdlRequest@request-headers">&lt;xml-fragment/></con:setting></con:settings><con:encoding>UTF-8</con:encoding><con:endpoint>https://fidus-test.irisnetlab.be/services/FourthWayDebtService_v1.0</con:endpoint><con:request><![CDATA[<soapenv:Envelope xmlns:soapenv="http://schemas.xmlsoap.org/soap/envelope/" xmlns:v1="http://fidus.brussels/service/fourthwaydebtservice/messages/v1" xmlns:v11="http://fidus.brussels/type/common/messages/v1" xmlns:bus="http://fsb.belgium.be/FourthWayServices/businesserror" xmlns:err="http://fsb.belgium.be/FourthWayServices/error" xmlns:dat="http://fsb.belgium.be/FourthWayServices/common/datatypes">
   <soapenv:Header/>
   <soapenv:Body>
      <v1:businessErrorRequest>
         <v1:messageContext>
     	  <v11:messageId>${=import static java.util.UUID.randomUUID; uuid = randomUUID() as String}</v11:messageId>
            <v11:timestamp>${=new java.text.SimpleDateFormat("yyyy-MM-dd'T'HH:mm:ss.SSS").format(new Date())}</v11:timestamp>
         </v1:messageContext>
         <v1:legalContext>ServiceIntegrator</v1:legalContext>
         <v1:request>
   		<bus:businessError>
            <err:error>
               <err:code>VAL0005</err:code>
               <err:description>A validation error</err:description>
            </err:error>
            <bus:messageIdentification>
               <dat:origin>
                  <dat:origin>
                     <dat:partner>FRNB</dat:partner>
                     <dat:partnerCode codeType="KBO">0409357321</dat:partnerCode>
                  </dat:origin>
               </dat:origin>
            </bus:messageIdentification>
         </bus:businessError>
         </v1:request>
      </v1:businessErrorRequest>
   </soapenv:Body>
</soapenv:Envelope>]]></con:request><con:credentials><con:selectedAuthProfile>Basic</con:selectedAuthProfile><con:addedBasicAuthenticationTypes>Basic</con:addedBasicAuthenticationTypes><con:authType>Global HTTP Settings</con:authType></con:credentials><con:jmsConfig JMSDeliveryMode="PERSISTENT"/><con:jmsPropertyConfig/><con:wsaConfig mustUnderstand="NONE" version="200508" action="http://fidus.brussels/services/fourthwaydebtservice/businessError"/><con:wsrmConfig version="1.2"/></con:call><con:call id="df52c94a-da37-453d-a4df-ae14d2dfa952" name="3 - Test - LB - Request" outgoingWss="Outflow TEST" incomingWss="Inflow TEST"><con:settings><con:setting id="com.eviware.soapui.impl.wsdl.WsdlRequest@request-headers">&lt;xml-fragment/></con:setting></con:settings><con:encoding>UTF-8</con:encoding><con:endpoint>https://esb-security-gw.sta.srv.cirb.lan:8443/services/FourthWayDebtService_v1.0</con:endpoint><con:request><![CDATA[<soapenv:Envelope xmlns:soapenv="http://schemas.xmlsoap.org/soap/envelope/" xmlns:v1="http://fidus.brussels/service/fourthwaydebtservice/messages/v1" xmlns:v11="http://fidus.brussels/type/common/messages/v1" xmlns:bus="http://fsb.belgium.be/FourthWayServices/businesserror" xmlns:err="http://fsb.belgium.be/FourthWayServices/error" xmlns:dat="http://fsb.belgium.be/FourthWayServices/common/datatypes">
   <soapenv:Header/>
   <soapenv:Body>
      <v1:businessErrorRequest>
         <v1:messageContext>
     	  <v11:messageId>${=import static java.util.UUID.randomUUID; uuid = randomUUID() as String}</v11:messageId>
            <v11:timestamp>${=new java.text.SimpleDateFormat("yyyy-MM-dd'T'HH:mm:ss.SSS").format(new Date())}</v11:timestamp>
         </v1:messageContext>
         <v1:legalContext>ServiceIntegrator</v1:legalContext>
         <v1:request>
   		<bus:businessError>
            <err:error>
               <err:code>VAL0005</err:code>
               <err:description>A validation error</err:description>
            </err:error>
            <bus:messageIdentification>
               <dat:origin>
                  <dat:origin>
                     <dat:partner>FRNB</dat:partner>
                     <dat:partnerCode codeType="KBO">0409357321</dat:partnerCode>
                  </dat:origin>
               </dat:origin>
            </bus:messageIdentification>
         </bus:businessError>
         </v1:request>
      </v1:businessErrorRequest>
   </soapenv:Body>
</soapenv:Envelope>]]></con:request><con:credentials><con:selectedAuthProfile>Basic</con:selectedAuthProfile><con:addedBasicAuthenticationTypes>Basic</con:addedBasicAuthenticationTypes><con:authType>Global HTTP Settings</con:authType></con:credentials><con:jmsConfig JMSDeliveryMode="PERSISTENT"/><con:jmsPropertyConfig/><con:wsaConfig mustUnderstand="NONE" version="200508" action="http://fidus.brussels/services/fourthwaydebtservice/businessError"/><con:wsrmConfig version="1.2"/></con:call><con:call id="8ff2f3c8-f2f6-48e9-9a22-e9b28327556c" name="3 - Test - Worker1 - Request" outgoingWss="Outflow TEST" incomingWss="Inflow TEST"><con:settings><con:setting id="com.eviware.soapui.impl.wsdl.WsdlRequest@request-headers">&lt;xml-fragment/></con:setting></con:settings><con:encoding>UTF-8</con:encoding><con:endpoint>https://192.168.22.53:8443/services/FourthWayDebtService_v1.0</con:endpoint><con:request><![CDATA[<soapenv:Envelope xmlns:soapenv="http://schemas.xmlsoap.org/soap/envelope/" xmlns:v1="http://fidus.brussels/service/fourthwaydebtservice/messages/v1" xmlns:v11="http://fidus.brussels/type/common/messages/v1" xmlns:bus="http://fsb.belgium.be/FourthWayServices/businesserror" xmlns:err="http://fsb.belgium.be/FourthWayServices/error" xmlns:dat="http://fsb.belgium.be/FourthWayServices/common/datatypes">
   <soapenv:Header/>
   <soapenv:Body>
      <v1:businessErrorRequest>
         <v1:messageContext>
     	  <v11:messageId>${=import static java.util.UUID.randomUUID; uuid = randomUUID() as String}</v11:messageId>
            <v11:timestamp>${=new java.text.SimpleDateFormat("yyyy-MM-dd'T'HH:mm:ss.SSS").format(new Date())}</v11:timestamp>
         </v1:messageContext>
         <v1:legalContext>ServiceIntegrator</v1:legalContext>
         <v1:request>
   		<bus:businessError>
            <err:error>
               <err:code>VAL0005</err:code>
               <err:description>A validation error</err:description>
            </err:error>
            <bus:messageIdentification>
               <dat:origin>
                  <dat:origin>
                     <dat:partner>FRNB-GBU</dat:partner>
                     <dat:partnerCode codeType="KBO">0409357321</dat:partnerCode>
                  </dat:origin>
               </dat:origin>
            </bus:messageIdentification>
         </bus:businessError>
         </v1:request>
      </v1:businessErrorRequest>
   </soapenv:Body>
</soapenv:Envelope>]]></con:request><con:credentials><con:selectedAuthProfile>Basic</con:selectedAuthProfile><con:addedBasicAuthenticationTypes>Basic</con:addedBasicAuthenticationTypes><con:authType>Global HTTP Settings</con:authType></con:credentials><con:jmsConfig JMSDeliveryMode="PERSISTENT"/><con:jmsPropertyConfig/><con:wsaConfig mustUnderstand="NONE" version="200508" action="http://fidus.brussels/services/fourthwaydebtservice/businessError"/><con:wsrmConfig version="1.2"/></con:call><con:call id="c45e9079-dc4f-467e-93fe-51d29c6b2506" name="3 - Test - Worker2 - Request" outgoingWss="Outflow TEST" incomingWss="Inflow TEST"><con:settings><con:setting id="com.eviware.soapui.impl.wsdl.WsdlRequest@request-headers">&lt;xml-fragment/></con:setting></con:settings><con:encoding>UTF-8</con:encoding><con:endpoint>https://192.168.22.54:8443/services/FourthWayDebtService_v1.0</con:endpoint><con:request><![CDATA[<soapenv:Envelope xmlns:soapenv="http://schemas.xmlsoap.org/soap/envelope/" xmlns:v1="http://fidus.brussels/service/fourthwaydebtservice/messages/v1" xmlns:v11="http://fidus.brussels/type/common/messages/v1" xmlns:bus="http://fsb.belgium.be/FourthWayServices/businesserror" xmlns:err="http://fsb.belgium.be/FourthWayServices/error" xmlns:dat="http://fsb.belgium.be/FourthWayServices/common/datatypes">
   <soapenv:Header/>
   <soapenv:Body>
      <v1:businessErrorRequest>
         <v1:messageContext>
     	  <v11:messageId>${=import static java.util.UUID.randomUUID; uuid = randomUUID() as String}</v11:messageId>
            <v11:timestamp>${=new java.text.SimpleDateFormat("yyyy-MM-dd'T'HH:mm:ss.SSS").format(new Date())}</v11:timestamp>
         </v1:messageContext>
         <v1:legalContext>ServiceIntegrator</v1:legalContext>
         <v1:request>
   		<bus:businessError>
            <err:error>
               <err:code>VAL0005</err:code>
               <err:description>A validation error</err:description>
            </err:error>
            <bus:messageIdentification>
               <dat:origin>
                  <dat:origin>
                     <dat:partner>FRNB</dat:partner>
                     <dat:partnerCode codeType="KBO">0409357321</dat:partnerCode>
                  </dat:origin>
               </dat:origin>
            </bus:messageIdentification>
         </bus:businessError>
         </v1:request>
      </v1:businessErrorRequest>
   </soapenv:Body>
</soapenv:Envelope>]]></con:request><con:credentials><con:selectedAuthProfile>Basic</con:selectedAuthProfile><con:addedBasicAuthenticationTypes>Basic</con:addedBasicAuthenticationTypes><con:authType>Global HTTP Settings</con:authType></con:credentials><con:jmsConfig JMSDeliveryMode="PERSISTENT"/><con:jmsPropertyConfig/><con:wsaConfig mustUnderstand="NONE" version="200508" action="http://fidus.brussels/services/fourthwaydebtservice/businessError"/><con:wsrmConfig version="1.2"/></con:call><con:call id="6cfc687d-2403-4c3f-a27a-8ce1f8c4946f" name="4 - Staging - External - Request" outgoingWss="Outflow STAG" incomingWss="Inflow STAG"><con:settings><con:setting id="com.eviware.soapui.impl.wsdl.WsdlRequest@request-headers">&lt;xml-fragment/></con:setting></con:settings><con:encoding>UTF-8</con:encoding><con:endpoint>https://fidus.irisnetlab.be/services/FourthWayDebtService_v1.0</con:endpoint><con:request><![CDATA[<soapenv:Envelope xmlns:soapenv="http://schemas.xmlsoap.org/soap/envelope/" xmlns:v1="http://fidus.brussels/service/fourthwaydebtservice/messages/v1" xmlns:v11="http://fidus.brussels/type/common/messages/v1" xmlns:bus="http://fsb.belgium.be/FourthWayServices/businesserror" xmlns:err="http://fsb.belgium.be/FourthWayServices/error" xmlns:dat="http://fsb.belgium.be/FourthWayServices/common/datatypes">
   <soapenv:Header/>
   <soapenv:Body>
      <v1:businessErrorRequest>
         <v1:messageContext>
     	  <v11:messageId>${=import static java.util.UUID.randomUUID; uuid = randomUUID() as String}</v11:messageId>
            <v11:timestamp>${=new java.text.SimpleDateFormat("yyyy-MM-dd'T'HH:mm:ss.SSS").format(new Date())}</v11:timestamp>
         </v1:messageContext>
         <v1:legalContext>ServiceIntegrator</v1:legalContext>
         <v1:request>
   		<bus:businessError>
            <err:error>
               <err:code>VAL0005</err:code>
               <err:description>A validation error</err:description>
            </err:error>
            <bus:messageIdentification>
               <dat:origin>
                  <dat:origin>
                     <dat:partner>FRNB</dat:partner>
                     <dat:partnerCode codeType="KBO">0409357321</dat:partnerCode>
                  </dat:origin>
               </dat:origin>
            </bus:messageIdentification>
         </bus:businessError>
         </v1:request>
      </v1:businessErrorRequest>
   </soapenv:Body>
</soapenv:Envelope>]]></con:request><con:credentials><con:selectedAuthProfile>Basic</con:selectedAuthProfile><con:addedBasicAuthenticationTypes>Basic</con:addedBasicAuthenticationTypes><con:authType>Global HTTP Settings</con:authType></con:credentials><con:jmsConfig JMSDeliveryMode="PERSISTENT"/><con:jmsPropertyConfig/><con:wsaConfig mustUnderstand="NONE" version="200508" action="http://fidus.brussels/services/fourthwaydebtservice/businessError"/><con:wsrmConfig version="1.2"/></con:call><con:call id="b658b836-a4a9-4b74-abce-17d14c97cc5c" name="4 - Staging - LB - Request" outgoingWss="Outflow STAG" incomingWss="Inflow STAG"><con:settings><con:setting id="com.eviware.soapui.impl.wsdl.WsdlRequest@request-headers">&lt;xml-fragment/></con:setting></con:settings><con:encoding>UTF-8</con:encoding><con:endpoint>https://fidus-esb-sg.sta.srv.cirb.lan:8443/services/FourthWayDebtService_v1.0</con:endpoint><con:request><![CDATA[<soapenv:Envelope xmlns:soapenv="http://schemas.xmlsoap.org/soap/envelope/" xmlns:v1="http://fidus.brussels/service/fourthwaydebtservice/messages/v1" xmlns:v11="http://fidus.brussels/type/common/messages/v1" xmlns:bus="http://fsb.belgium.be/FourthWayServices/businesserror" xmlns:err="http://fsb.belgium.be/FourthWayServices/error" xmlns:dat="http://fsb.belgium.be/FourthWayServices/common/datatypes">
   <soapenv:Header/>
   <soapenv:Body>
      <v1:businessErrorRequest>
         <v1:messageContext>
     	  <v11:messageId>${=import static java.util.UUID.randomUUID; uuid = randomUUID() as String}</v11:messageId>
            <v11:timestamp>${=new java.text.SimpleDateFormat("yyyy-MM-dd'T'HH:mm:ss.SSS").format(new Date())}</v11:timestamp>
         </v1:messageContext>
         <v1:legalContext>ServiceIntegrator</v1:legalContext>
         <v1:request>
   		<bus:businessError>
            <err:error>
               <err:code>VAL0005</err:code>
               <err:description>A validation error</err:description>
            </err:error>
            <bus:messageIdentification>
               <dat:origin>
                  <dat:origin>
                     <dat:partner>FRNB</dat:partner>
                     <dat:partnerCode codeType="KBO">0409357321</dat:partnerCode>
                  </dat:origin>
               </dat:origin>
            </bus:messageIdentification>
         </bus:businessError>
         </v1:request>
      </v1:businessErrorRequest>
   </soapenv:Body>
</soapenv:Envelope>]]></con:request><con:credentials><con:selectedAuthProfile>Basic</con:selectedAuthProfile><con:addedBasicAuthenticationTypes>Basic</con:addedBasicAuthenticationTypes><con:authType>Global HTTP Settings</con:authType></con:credentials><con:jmsConfig JMSDeliveryMode="PERSISTENT"/><con:jmsPropertyConfig/><con:wsaConfig mustUnderstand="NONE" version="200508" action="http://fidus.brussels/services/fourthwaydebtservice/businessError"/><con:wsrmConfig version="1.2"/></con:call><con:call id="3632dc4e-d19d-4ef3-b708-9c286885ad0e" name="4 - Staging - Worker1 - Request" outgoingWss="Outflow STAG" incomingWss="Inflow STAG"><con:settings><con:setting id="com.eviware.soapui.impl.wsdl.WsdlRequest@request-headers">&lt;xml-fragment/></con:setting></con:settings><con:encoding>UTF-8</con:encoding><con:endpoint>https://192.168.24.16:8443/services/FourthWayDebtService_v1.0</con:endpoint><con:request><![CDATA[<soapenv:Envelope xmlns:soapenv="http://schemas.xmlsoap.org/soap/envelope/" xmlns:v1="http://fidus.brussels/service/fourthwaydebtservice/messages/v1" xmlns:v11="http://fidus.brussels/type/common/messages/v1" xmlns:bus="http://fsb.belgium.be/FourthWayServices/businesserror" xmlns:err="http://fsb.belgium.be/FourthWayServices/error" xmlns:dat="http://fsb.belgium.be/FourthWayServices/common/datatypes">
   <soapenv:Header/>
   <soapenv:Body>
      <v1:businessErrorRequest>
         <v1:messageContext>
     	  <v11:messageId>${=import static java.util.UUID.randomUUID; uuid = randomUUID() as String}</v11:messageId>
            <v11:timestamp>${=new java.text.SimpleDateFormat("yyyy-MM-dd'T'HH:mm:ss.SSS").format(new Date())}</v11:timestamp>
         </v1:messageContext>
         <v1:legalContext>ServiceIntegrator</v1:legalContext>
         <v1:request>
   		<bus:businessError>
            <err:error>
               <err:code>VAL0005</err:code>
               <err:description>A validation error</err:description>
            </err:error>
            <bus:messageIdentification>
               <dat:origin>
                  <dat:origin>
                     <dat:partner>FRNB</dat:partner>
                     <dat:partnerCode codeType="KBO">0409357321</dat:partnerCode>
                  </dat:origin>
               </dat:origin>
            </bus:messageIdentification>
         </bus:businessError>
         </v1:request>
      </v1:businessErrorRequest>
   </soapenv:Body>
</soapenv:Envelope>]]></con:request><con:credentials><con:selectedAuthProfile>Basic</con:selectedAuthProfile><con:addedBasicAuthenticationTypes>Basic</con:addedBasicAuthenticationTypes><con:authType>Global HTTP Settings</con:authType></con:credentials><con:jmsConfig JMSDeliveryMode="PERSISTENT"/><con:jmsPropertyConfig/><con:wsaConfig mustUnderstand="NONE" version="200508" action="http://fidus.brussels/services/fourthwaydebtservice/businessError"/><con:wsrmConfig version="1.2"/></con:call><con:call id="9028ae1b-0020-4715-98c4-7f5a567ed476" name="4 - Staging - Worker2 - Request" outgoingWss="Outflow STAG" incomingWss="Inflow STAG"><con:settings><con:setting id="com.eviware.soapui.impl.wsdl.WsdlRequest@request-headers">&lt;xml-fragment/></con:setting></con:settings><con:encoding>UTF-8</con:encoding><con:endpoint>https://192.168.24.17:8443/services/FourthWayDebtService_v1.0</con:endpoint><con:request><![CDATA[<soapenv:Envelope xmlns:soapenv="http://schemas.xmlsoap.org/soap/envelope/" xmlns:v1="http://fidus.brussels/service/fourthwaydebtservice/messages/v1" xmlns:v11="http://fidus.brussels/type/common/messages/v1" xmlns:bus="http://fsb.belgium.be/FourthWayServices/businesserror" xmlns:err="http://fsb.belgium.be/FourthWayServices/error" xmlns:dat="http://fsb.belgium.be/FourthWayServices/common/datatypes">
   <soapenv:Header/>
   <soapenv:Body>
      <v1:businessErrorRequest>
         <v1:messageContext>
     	  <v11:messageId>${=import static java.util.UUID.randomUUID; uuid = randomUUID() as String}</v11:messageId>
            <v11:timestamp>${=new java.text.SimpleDateFormat("yyyy-MM-dd'T'HH:mm:ss.SSS").format(new Date())}</v11:timestamp>
         </v1:messageContext>
         <v1:legalContext>ServiceIntegrator</v1:legalContext>
         <v1:request>
   		<bus:businessError>
            <err:error>
               <err:code>VAL0005</err:code>
               <err:description>A validation error</err:description>
            </err:error>
            <bus:messageIdentification>
               <dat:origin>
                  <dat:origin>
                     <dat:partner>FRNB</dat:partner>
                     <dat:partnerCode codeType="KBO">0409357321</dat:partnerCode>
                  </dat:origin>
               </dat:origin>
            </bus:messageIdentification>
         </bus:businessError>
         </v1:request>
      </v1:businessErrorRequest>
   </soapenv:Body>
</soapenv:Envelope>]]></con:request><con:credentials><con:selectedAuthProfile>Basic</con:selectedAuthProfile><con:addedBasicAuthenticationTypes>Basic</con:addedBasicAuthenticationTypes><con:authType>Global HTTP Settings</con:authType></con:credentials><con:jmsConfig JMSDeliveryMode="PERSISTENT"/><con:jmsPropertyConfig/><con:wsaConfig mustUnderstand="NONE" version="200508" action="http://fidus.brussels/services/fourthwaydebtservice/businessError"/><con:wsrmConfig version="1.2"/></con:call><con:call id="f9c83a9b-32df-4ccf-8349-c73b33ecdabe" name="5 - Prod - External - Request" outgoingWss="Outflow PROD" incomingWss="Inflow PROD"><con:settings><con:setting id="com.eviware.soapui.impl.wsdl.WsdlRequest@request-headers">&lt;xml-fragment/></con:setting></con:settings><con:encoding>UTF-8</con:encoding><con:endpoint>https://fidus.sec.brussels/services/FourthWayDebtService_v1.0</con:endpoint><con:request><![CDATA[<soapenv:Envelope xmlns:soapenv="http://schemas.xmlsoap.org/soap/envelope/" xmlns:v1="http://fidus.brussels/service/fourthwaydebtservice/messages/v1" xmlns:v11="http://fidus.brussels/type/common/messages/v1" xmlns:bus="http://fsb.belgium.be/FourthWayServices/businesserror" xmlns:err="http://fsb.belgium.be/FourthWayServices/error" xmlns:dat="http://fsb.belgium.be/FourthWayServices/common/datatypes">
   <soapenv:Header/>
   <soapenv:Body>
      <v1:businessErrorRequest>
         <v1:messageContext>
     	  <v11:messageId>${=import static java.util.UUID.randomUUID; uuid = randomUUID() as String}</v11:messageId>
            <v11:timestamp>${=new java.text.SimpleDateFormat("yyyy-MM-dd'T'HH:mm:ss.SSS").format(new Date())}</v11:timestamp>
         </v1:messageContext>
         <v1:legalContext>ServiceIntegrator</v1:legalContext>
         <v1:request>
   		<bus:businessError>
            <err:error>
               <err:code>VAL0005</err:code>
               <err:description>A validation error</err:description>
            </err:error>
            <bus:messageIdentification>
               <dat:origin>
                  <dat:origin>
                     <dat:partner>FRNB</dat:partner>
                     <dat:partnerCode codeType="KBO">0409357321</dat:partnerCode>
                  </dat:origin>
               </dat:origin>
            </bus:messageIdentification>
         </bus:businessError>
         </v1:request>
      </v1:businessErrorRequest>
   </soapenv:Body>
</soapenv:Envelope>]]></con:request><con:credentials><con:selectedAuthProfile>Basic</con:selectedAuthProfile><con:addedBasicAuthenticationTypes>Basic</con:addedBasicAuthenticationTypes><con:authType>Global HTTP Settings</con:authType></con:credentials><con:jmsConfig JMSDeliveryMode="PERSISTENT"/><con:jmsPropertyConfig/><con:wsaConfig mustUnderstand="NONE" version="200508" action="http://fidus.brussels/services/fourthwaydebtservice/businessError"/><con:wsrmConfig version="1.2"/></con:call><con:call id="d3a87565-149b-4404-842f-24b6925e3b27" name="5 - Prod - LB - Request" outgoingWss="Outflow PROD" incomingWss="Inflow PROD"><con:settings><con:setting id="com.eviware.soapui.impl.wsdl.WsdlRequest@request-headers">&lt;xml-fragment/></con:setting></con:settings><con:encoding>UTF-8</con:encoding><con:endpoint>https://fidus-esb-sg.prd.srv.cirb.lan:8443/services/FourthWayDebtService_v1.0</con:endpoint><con:request><![CDATA[<soapenv:Envelope xmlns:soapenv="http://schemas.xmlsoap.org/soap/envelope/" xmlns:v1="http://fidus.brussels/service/fourthwaydebtservice/messages/v1" xmlns:v11="http://fidus.brussels/type/common/messages/v1" xmlns:bus="http://fsb.belgium.be/FourthWayServices/businesserror" xmlns:err="http://fsb.belgium.be/FourthWayServices/error" xmlns:dat="http://fsb.belgium.be/FourthWayServices/common/datatypes">
   <soapenv:Header/>
   <soapenv:Body>
      <v1:businessErrorRequest>
         <v1:messageContext>
     	  <v11:messageId>${=import static java.util.UUID.randomUUID; uuid = randomUUID() as String}</v11:messageId>
            <v11:timestamp>${=new java.text.SimpleDateFormat("yyyy-MM-dd'T'HH:mm:ss.SSS").format(new Date())}</v11:timestamp>
         </v1:messageContext>
         <v1:legalContext>ServiceIntegrator</v1:legalContext>
         <v1:request>
   		<bus:businessError>
            <err:error>
               <err:code>VAL0005</err:code>
               <err:description>A validation error</err:description>
            </err:error>
            <bus:messageIdentification>
               <dat:origin>
                  <dat:origin>
                     <dat:partner>FRNB</dat:partner>
                     <dat:partnerCode codeType="KBO">0409357321</dat:partnerCode>
                  </dat:origin>
               </dat:origin>
            </bus:messageIdentification>
         </bus:businessError>
         </v1:request>
      </v1:businessErrorRequest>
   </soapenv:Body>
</soapenv:Envelope>]]></con:request><con:credentials><con:selectedAuthProfile>Basic</con:selectedAuthProfile><con:addedBasicAuthenticationTypes>Basic</con:addedBasicAuthenticationTypes><con:authType>Global HTTP Settings</con:authType></con:credentials><con:jmsConfig JMSDeliveryMode="PERSISTENT"/><con:jmsPropertyConfig/><con:wsaConfig mustUnderstand="NONE" version="200508" action="http://fidus.brussels/services/fourthwaydebtservice/businessError"/><con:wsrmConfig version="1.2"/></con:call><con:call id="3d84ab9d-1cba-4b95-8665-333671f2b161" name="5 - Prod - Worker1 - Request" outgoingWss="Outflow PROD" incomingWss="Inflow PROD"><con:settings><con:setting id="com.eviware.soapui.impl.wsdl.WsdlRequest@request-headers">&lt;xml-fragment/></con:setting></con:settings><con:encoding>UTF-8</con:encoding><con:endpoint>https://192.168.26.22:8443/services/FourthWayDebtService_v1.0</con:endpoint><con:request><![CDATA[<soapenv:Envelope xmlns:soapenv="http://schemas.xmlsoap.org/soap/envelope/" xmlns:v1="http://fidus.brussels/service/fourthwaydebtservice/messages/v1" xmlns:v11="http://fidus.brussels/type/common/messages/v1" xmlns:bus="http://fsb.belgium.be/FourthWayServices/businesserror" xmlns:err="http://fsb.belgium.be/FourthWayServices/error" xmlns:dat="http://fsb.belgium.be/FourthWayServices/common/datatypes">
   <soapenv:Header/>
   <soapenv:Body>
      <v1:businessErrorRequest>
         <v1:messageContext>
     	  <v11:messageId>${=import static java.util.UUID.randomUUID; uuid = randomUUID() as String}</v11:messageId>
            <v11:timestamp>${=new java.text.SimpleDateFormat("yyyy-MM-dd'T'HH:mm:ss.SSS").format(new Date())}</v11:timestamp>
         </v1:messageContext>
         <v1:legalContext>ServiceIntegrator</v1:legalContext>
         <v1:request>
   		<bus:businessError>
            <err:error>
               <err:code>VAL0005</err:code>
               <err:description>A validation error</err:description>
            </err:error>
            <bus:messageIdentification>
               <dat:origin>
                  <dat:origin>
                     <dat:partner>FRNB</dat:partner>
                     <dat:partnerCode codeType="KBO">0409357321</dat:partnerCode>
                  </dat:origin>
               </dat:origin>
            </bus:messageIdentification>
         </bus:businessError>
         </v1:request>
      </v1:businessErrorRequest>
   </soapenv:Body>
</soapenv:Envelope>]]></con:request><con:credentials><con:selectedAuthProfile>Basic</con:selectedAuthProfile><con:addedBasicAuthenticationTypes>Basic</con:addedBasicAuthenticationTypes><con:authType>Global HTTP Settings</con:authType></con:credentials><con:jmsConfig JMSDeliveryMode="PERSISTENT"/><con:jmsPropertyConfig/><con:wsaConfig mustUnderstand="NONE" version="200508" action="http://fidus.brussels/services/fourthwaydebtservice/businessError"/><con:wsrmConfig version="1.2"/></con:call><con:call id="132e1bc1-fc63-478f-8e87-36961090f9f0" name="5 - Prod - Worker2 - Request" outgoingWss="Outflow PROD" incomingWss="Inflow PROD"><con:settings><con:setting id="com.eviware.soapui.impl.wsdl.WsdlRequest@request-headers">&lt;xml-fragment/></con:setting></con:settings><con:encoding>UTF-8</con:encoding><con:endpoint>https://192.168.26.19:8443/services/FourthWayDebtService_v1.0</con:endpoint><con:request><![CDATA[<soapenv:Envelope xmlns:soapenv="http://schemas.xmlsoap.org/soap/envelope/" xmlns:v1="http://fidus.brussels/service/fourthwaydebtservice/messages/v1" xmlns:v11="http://fidus.brussels/type/common/messages/v1" xmlns:bus="http://fsb.belgium.be/FourthWayServices/businesserror" xmlns:err="http://fsb.belgium.be/FourthWayServices/error" xmlns:dat="http://fsb.belgium.be/FourthWayServices/common/datatypes">
   <soapenv:Header/>
   <soapenv:Body>
      <v1:businessErrorRequest>
         <v1:messageContext>
     	  <v11:messageId>${=import static java.util.UUID.randomUUID; uuid = randomUUID() as String}</v11:messageId>
            <v11:timestamp>${=new java.text.SimpleDateFormat("yyyy-MM-dd'T'HH:mm:ss.SSS").format(new Date())}</v11:timestamp>
         </v1:messageContext>
         <v1:legalContext>ServiceIntegrator</v1:legalContext>
         <v1:request>
   		<bus:businessError>
            <err:error>
               <err:code>VAL0005</err:code>
               <err:description>A validation error</err:description>
            </err:error>
            <bus:messageIdentification>
               <dat:origin>
                  <dat:origin>
                     <dat:partner>FRNB</dat:partner>
                     <dat:partnerCode codeType="KBO">0409357321</dat:partnerCode>
                  </dat:origin>
               </dat:origin>
            </bus:messageIdentification>
         </bus:businessError>
         </v1:request>
      </v1:businessErrorRequest>
   </soapenv:Body>
</soapenv:Envelope>]]></con:request><con:credentials><con:selectedAuthProfile>Basic</con:selectedAuthProfile><con:addedBasicAuthenticationTypes>Basic</con:addedBasicAuthenticationTypes><con:authType>Global HTTP Settings</con:authType></con:credentials><con:jmsConfig JMSDeliveryMode="PERSISTENT"/><con:jmsPropertyConfig/><con:wsaConfig mustUnderstand="NONE" version="200508" action="http://fidus.brussels/services/fourthwaydebtservice/businessError"/><con:wsrmConfig version="1.2"/></con:call></con:operation><con:operation id="9e5df368-59b3-4d87-a9ff-94e2a3f782ea" isOneWay="false" action="http://fidus.brussels/services/fourthwaydebtservice/fiscalDebtNotification" name="fiscalDebtNotification" bindingOperationName="fiscalDebtNotification" type="Request-Response" inputName="" receivesAttachments="false" sendsAttachments="false" anonymous="optional"><con:settings/><con:call id="4b94b5f2-7c18-486a-8586-0594e3f6a93b" name="1 - Local - Request" outgoingWss="Outflow DEV" incomingWss="Inflow DEV"><con:settings><con:setting id="com.eviware.soapui.impl.wsdl.WsdlRequest@request-headers">&lt;xml-fragment/></con:setting></con:settings><con:encoding>UTF-8</con:encoding><con:endpoint>https://localhost:8243/services/FourthWayDebtService_v1.0</con:endpoint><con:request><![CDATA[<soapenv:Envelope xmlns:soapenv="http://schemas.xmlsoap.org/soap/envelope/" xmlns:v1="http://fidus.brussels/service/fourthwaydebtservice/messages/v1" xmlns:v11="http://fidus.brussels/type/common/messages/v1" xmlns:deb="http://fsb.belgium.be/FourthWayServices/debtnotification" xmlns:gen="http://fsb.belgium.be/FourthWayServices/generalcaseinformation" xmlns:dat="http://fsb.belgium.be/FourthWayServices/common/datatypes" xmlns:ins="http://fsb.belgium.be/FourthWayServices/institution" xmlns:add="http://fsb.belgium.be/FourthWayServices/common/addressinformation" xmlns:con="http://fsb.belgium.be/FourthWayServices/contact" xmlns:deb1="http://fsb.belgium.be/FourthWayServices/debtparty" xmlns:par="http://fsb.belgium.be/FourthWayServices/party" xmlns:debt="http://fsb.belgium.be/FourthWayServices/debt" xmlns:leg="http://fsb.belgium.be/FourthWayServices/legalbase" xmlns:tec="http://fsb.belgium.be/FourthWayServices/technical" xmlns:xd="http://www.w3.org/2000/09/xmldsig#">
   <soapenv:Header/>
   <soapenv:Body>
      <v1:fiscalDebtNotificationRequest>
         <v1:messageContext>
         	  <v11:messageId>${=import static java.util.UUID.randomUUID; uuid = randomUUID() as String}</v11:messageId>
            <v11:timestamp>${=new java.text.SimpleDateFormat("yyyy-MM-dd'T'HH:mm:ss.SSS").format(new Date())}</v11:timestamp>
         </v1:messageContext>
         <v1:legalContext>ServiceIntegrator</v1:legalContext>      
         <v1:request>
 		<ns46:debtNotification Id="SignMe" xmlns:ns50="http://be.belgium.fsb/fourthWayService/Debt" xmlns="http://fsb.belgium.be/FourthWayServices/common/addressinformation" xmlns:ns10="http://fsb.belgium.be/FourthWayServices/shipinformation" xmlns:ns11="http://fsb.belgium.be/FourthWayServices/selfemployed" xmlns:ns12="http://fsb.belgium.be/FourthWayServices/institution" xmlns:ns13="http://fsb.belgium.be/FourthWayServices/enterprise" xmlns:ns14="http://fsb.belgium.be/FourthWayServices/honorbaseddeclarations" xmlns:ns15="http://fsb.belgium.be/FourthWayServices/unregisteredparty" xmlns:ns16="http://fsb.belgium.be/FourthWayServices/partnerdescription" xmlns:ns17="http://fsb.belgium.be/FourthWayServices/mortgagegoods" xmlns:ns18="http://fsb.belgium.be/FourthWayServices/deficitcaseinformation" xmlns:ns19="http://fsb.belgium.be/FourthWayServices/debtinquiry" xmlns:ns2="http://fsb.belgium.be/FourthWayServices/common/datatypes" xmlns:ns20="http://fsb.belgium.be/FourthWayServices/immovablegoodtransaction" xmlns:ns21="http://fsb.belgium.be/FourthWayServices/movablegoodtransaction" xmlns:ns22="http://fsb.belgium.be/FourthWayServices/inheritanceinformation" xmlns:ns23="http://fsb.belgium.be/FourthWayServices/successiontransaction" xmlns:ns24="http://fsb.belgium.be/FourthWayServices/fourthwaymessage" xmlns:ns25="http://fsb.belgium.be/FourthWayServices/generalcaseinformation" xmlns:ns26="http://www.w3.org/2000/09/xmldsig#" xmlns:ns27="http://fsb.belgium.be/FourthWayServices/technical" xmlns:ns28="http://fsb.belgium.be/FourthWayServices/acknowledgementinformation" xmlns:ns29="http://fsb.belgium.be/FourthWayServices/error" xmlns:ns3="http://fsb.belgium.be/FourthWayServices/salesinformation" xmlns:ns30="http://fsb.belgium.be/FourthWayServices/businesserror" xmlns:ns31="http://fsb.belgium.be/FourthWayServices/fiscaldebtdetails" xmlns:ns32="http://fsb.belgium.be/FourthWayServices/officialproclamation" xmlns:ns33="http://fsb.belgium.be/FourthWayServices/beneficiary" xmlns:ns34="http://fsb.belgium.be/FourthWayServices/common/bankaccount" xmlns:ns35="http://fsb.belgium.be/FourthWayServices/debtdetailedinformation" xmlns:ns36="http://fsb.belgium.be/FourthWayServices/debtsolidarity" xmlns:ns37="http://fsb.belgium.be/FourthWayServices/fiscaldebt" xmlns:ns38="http://fsb.belgium.be/FourthWayServices/socialdebtdetails" xmlns:ns39="http://fsb.belgium.be/FourthWayServices/debtinformation" xmlns:ns4="http://fsb.belgium.be/FourthWayServices/gooddescription" xmlns:ns40="http://fsb.belgium.be/FourthWayServices/socialdebt" xmlns:ns41="http://fsb.belgium.be/FourthWayServices/fiscalregionflandersdebtdetails" xmlns:ns42="http://fsb.belgium.be/FourthWayServices/fiscalregionflandersdebt" xmlns:ns43="http://fsb.belgium.be/FourthWayServices/debt" xmlns:ns44="http://fsb.belgium.be/FourthWayServices/debtparty" xmlns:ns45="http://fsb.belgium.be/FourthWayServices/legalbase" xmlns:ns46="http://fsb.belgium.be/FourthWayServices/debtnotification" xmlns:ns47="http://fsb.belgium.be/FourthWayServices/debtdeficitnotification" xmlns:ns48="http://fsb.belgium.be/FourthWayServices/header" xmlns:ns49="http://fsb.belgium.be/header" xmlns:ns5="http://fsb.belgium.be/FourthWayServices/party" xmlns:ns51="http://fsb.belgium.be/FourthWayServices/technicalack" xmlns:ns52="http://fsb.belgium.be/FourthWayServices/functionalack" xmlns:ns6="http://fsb.belgium.be/FourthWayServices/naturalperson" xmlns:ns7="http://fsb.belgium.be/FourthWayServices/nonresident" xmlns:ns8="http://fsb.belgium.be/FourthWayServices/contact" xmlns:ns9="http://fsb.belgium.be/FourthWayServices/propertyinformation">
            <ns25:generalCaseInformation>
               <ns25:administrativeInformation>
                  <ns25:language>FR</ns25:language>
                  <ns25:caseNumber>2444080.210115.0167</ns25:caseNumber>
                  <ns25:transactionType>3</ns25:transactionType>
                  <ns25:procedureNumber>ENOT4000000419570</ns25:procedureNumber>
                  <ns25:replacedProcedureNumber xsi:nil="true" xmlns:xsi="http://www.w3.org/2001/XMLSchema-instance"/>
                  <ns25:requestDate>2015-01-21T14:50:02.446+01:00</ns25:requestDate>
                  <ns25:origin>
                     <ns2:origin>
                        <ns2:partner>FPS Finance</ns2:partner>
                        <ns2:partnerCode codeType="KBO">0308357159</ns2:partnerCode>
                     </ns2:origin>
                  </ns25:origin>
                  <ns25:destinations>
                     <ns2:destination>
                        <ns2:partner>FRNB</ns2:partner>
                        <ns2:partnerCode codeType="KBO">0409357321</ns2:partnerCode>
                     </ns2:destination>
                  </ns25:destinations>
                  <ns25:requestorInformation>
                     <ns12:institution>
                        <ns12:institutionType>Federal</ns12:institutionType>
                        <ns12:institutionName>Huy</ns12:institutionName>
                        <ns12:institutionIdentificationNumber type="CDDB">600904</ns12:institutionIdentificationNumber>
                        <address>
                           <location>
                              <country>
                                 <countryCode codeStandard="ISO">BE</countryCode>
                              </country>
                              <postalCode>4500</postalCode>
                           </location>
                           <street>Avenue Albert 1er</street>
                           <houseNumber>8/10</houseNumber>
                        </address>
                        <ns12:contactInformation>
                           <ns8:phoneNumber type="phone">025783660</ns8:phoneNumber>
                           <ns8:emailAddress type="email">rec.cd.huy@minfin.fed.be</ns8:emailAddress>
                        </ns12:contactInformation>
                     </ns12:institution>
                     <ns25:responsiblePerson>
                        <ns2:name>
                           <ns2:firstName>Testuser</ns2:firstName>
                           <ns2:lastName>testuser.enotrec01</ns2:lastName>
                        </ns2:name>
                        <ns8:contactInformation/>
                     </ns25:responsiblePerson>
                     <ns25:contactPerson>
                        <ns2:name>
                           <ns2:firstName>Testuser</ns2:firstName>
                           <ns2:lastName>EnotRec01</ns2:lastName>
                        </ns2:name>
                        <ns8:contactInformation>
                           <ns8:emailAddress type="email">testuser.enotrec01@guest.minfin.fed.be</ns8:emailAddress>
                        </ns8:contactInformation>
                     </ns25:contactPerson>
                  </ns25:requestorInformation>
               </ns25:administrativeInformation>
            </ns25:generalCaseInformation>
            <ns44:debtParty>
               <ns5:party partyID="005">
                  <ns5:residentialParty>false</ns5:residentialParty>
                  <ns6:naturalPerson>
                     <ns2:entityReference>
                        <ns2:source>notice1</ns2:source>
                        <ns2:entityID type="nationalNumber">68082123438</ns2:entityID>
                     </ns2:entityReference>
                     <ns6:personInformation>
                        <ns2:name>
                           <ns2:firstName>Yolande Adrienne</ns2:firstName>
                           <ns2:lastName>BUITER</ns2:lastName>
                        </ns2:name>
                        <address>
                           <location>
                              <country>
                                 <countryDescription>Belgium</countryDescription>
                                 <countryCode codeStandard="ISO">BE</countryCode>
                              </country>
                              <municipalityDescription>Verlaine</municipalityDescription>
                              <postalCode>4537</postalCode>
                           </location>
                           <street>Rue aux Raines</street>
                           <houseNumber>53</houseNumber>
                        </address>
                     </ns6:personInformation>
                  </ns6:naturalPerson>
               </ns5:party>
               <ns43:debt debtID="1">
                  <ns37:fiscaldebt>
                     <ns31:fiscalDebtDetails>
                        <ns31:debtType>VAT</ns31:debtType>
                        <ns31:declarations>
                           <ns31:negligenceClause>
                              <ns31:additionalIntrest>0</ns31:additionalIntrest>
                              <ns31:additionalIntrestFromDate>2015-01-21+01:00</ns31:additionalIntrestFromDate>
                           </ns31:negligenceClause>
                        </ns31:declarations>
                        <ns2:referencePeriod>
                           <ns2:startDate>2015-01-06+01:00</ns2:startDate>
                           <ns2:endDate>2015-01-13+01:00</ns2:endDate>
                        </ns2:referencePeriod>
                        <ns31:totalDebt>45</ns31:totalDebt>
                        <ns31:debtBreakdown>
                           <ns31:debtSubType>VAT</ns31:debtSubType>
                           <ns31:debtSubAmount>45</ns31:debtSubAmount>
                        </ns31:debtBreakdown>
                        <ns31:debtBreakdown>
                           <ns31:debtSubType>IM</ns31:debtSubType>
                           <ns31:debtSubAmount>0</ns31:debtSubAmount>
                        </ns31:debtBreakdown>
                        <ns31:debtBreakdown>
                           <ns31:debtSubType>INTEREST</ns31:debtSubType>
                           <ns31:debtSubAmount>0</ns31:debtSubAmount>
                        </ns31:debtBreakdown>
                        <ns31:debtBreakdown>
                           <ns31:debtSubType>FINES</ns31:debtSubType>
                           <ns31:debtSubAmount>0</ns31:debtSubAmount>
                        </ns31:debtBreakdown>
                        <ns31:debtBreakdown>
                           <ns31:debtSubType>COST</ns31:debtSubType>
                           <ns31:debtSubAmount>0</ns31:debtSubAmount>
                        </ns31:debtBreakdown>
                     </ns31:fiscalDebtDetails>
                     <ns32:officialProclamation/>
                     <ns33:beneficiary>
                        <ns33:beneficiaryName>CTRI Namur</ns33:beneficiaryName>
                        <ns33:structuredMessage>N99998745412NOT/</ns33:structuredMessage>
                        <ns33:amount>45</ns33:amount>
                        <ns34:bankAccount>
                           <ns34:ibanNumber>BE42 6792 0034 9254</ns34:ibanNumber>
                           <ns34:bicCode>PCHQBEBB</ns34:bicCode>
                           <ns34:accountName>CTRI Namur</ns34:accountName>
                           <address>
                              <location>
                                 <country>
                                    <countryCode codeStandard="ISO">BE</countryCode>
                                 </country>
                                 <municipalityDescription language="fr">Namur</municipalityDescription>
                                 <postalCode>5000</postalCode>
                              </location>
                              <street>Rue des Bourgeois</street>
                              <houseNumber>7/Bloc B</houseNumber>
                           </address>
                        </ns34:bankAccount>
                     </ns33:beneficiary>
                     <ns35:debtDetailedInformation>
                        <ns35:calculationDate>2015-01-21+01:00</ns35:calculationDate>
                        <ns35:referentialNumber>999998745412</ns35:referentialNumber>
                     </ns35:debtDetailedInformation>
                  </ns37:fiscaldebt>
               </ns43:debt>
               <ns44:totalDebtAmount>45</ns44:totalDebtAmount>
            </ns44:debtParty>
            <ns45:legalBase>
               <ns45:legalSource>Code de la taxe sur la valeur ajout��e</ns45:legalSource>
               <ns45:legalBaseIdentifier>Article 93quater</ns45:legalBaseIdentifier>
            </ns45:legalBase>
            <ns27:technical>
               <ns26:Signature>
                  <ns26:SignedInfo>
                     <ns26:CanonicalizationMethod Algorithm="http://www.w3.org/TR/2001/REC-xml-c14n-20010315"/>
                     <ns26:SignatureMethod Algorithm="http://www.w3.org/2000/09/xmldsig#rsa-sha1"/>
                     <ns26:Reference URI="#signMe">
                        <ns26:DigestMethod Algorithm="http://www.w3.org/2000/09/xmldsig#sha1"/>
                        <ns26:DigestValue>CbUOX9jTy0uYSCKDVQl6peUatJ8=</ns26:DigestValue>
                     </ns26:Reference>
                  </ns26:SignedInfo>
                  <ns26:SignatureValue>WBXEECQtMTWGGq5EGO+5kyVw1kJefLsfHVA/5eYB6pZ3GOZ7LOLc/jAhKbqxeV3qdWiMGx3VzgvdF4ZaMB2HS1fLmnOmNDXHhrrqYQJ51LGDvex39k7/xAJAmuub7MDtfAu08WBTVpmQ5khGL9ZrYOXr5RoG70BrlWNr+37FekM=</ns26:SignatureValue>
                  <ns26:KeyInfo>
                     <ns26:X509Data>
                        <ns26:X509SubjectName>ST=Brussels,L=Brussels,OU=Belgian Federal Government,O=Federal Public Service Finances,CN=Test SPF Finances - FOD Financien,C=BE</ns26:X509SubjectName>
                        <ns26:X509Certificate>MIIDKzCCApSgAwIBAgIJAIkxAL2MG081MA0GCSqGSIb3DQEBBQUAMIGuMQswCQYDVQQGEwJCRTEqMCgGA1UEAxMhVGVzdCBTUEYgRmluYW5jZXMgLSBGT0QgRmluYW5jaWVuMSgwJgYDVQQKEx9GZWRlcmFsIFB1YmxpYyBTZXJ2aWNlIEZpbmFuY2VzMSMwIQYDVQQLExpCZWxnaWFuIEZlZGVyYWwgR292ZXJubWVudDERMA8GA1UEBxMIQnJ1c3NlbHMxETAPBgNVBAgTCEJydXNzZWxzMB4XDTA4MDUwNjA4MDcyMFoXDTE4MDUwNzA4MDcyMFowga4xCzAJBgNVBAYTAkJFMSowKAYDVQQDEyFUZXN0IFNQRiBGaW5hbmNlcyAtIEZPRCBGaW5hbmNpZW4xKDAmBgNVBAoTH0ZlZGVyYWwgUHVibGljIFNlcnZpY2UgRmluYW5jZXMxIzAhBgNVBAsTGkJlbGdpYW4gRmVkZXJhbCBHb3Zlcm5tZW50MREwDwYDVQQHEwhCcnVzc2VsczERMA8GA1UECBMIQnJ1c3NlbHMwgZ8wDQYJKoZIhvcNAQEBBQADgY0AMIGJAoGBAJ8T/80iF50FvothkWOZDsZUPKM52fxhNdKMT+E/lODqejyJ2iQkjEuW5yJKo0lXNj+Gxwfl99bD16IJMagbrxBnJPwR7SeS3JQ0IaLkOorOoeZkZLFoFMSfZWT9uCf6Qf/uNMQtRnX2351P1OF3cld68uFGUNS8U93OqxS9R/ZvAgMBAAGjTzBNMAwGA1UdEwQFMAMBAf8wCwYDVR0PBAQDAgTwMB0GA1UdJQQWMBQGCCsGAQUFBwMCBggrBgEFBQcDBDARBglghkgBhvhCAQEEBAMCBLAwDQYJKoZIhvcNAQEFBQADgYEATnEO8juTdcZtwzvl5EHnZ9+6cEM9rsWuQtq43UXw4RqveHWUE+Cn2ElMPiyuxLLzkzQTbcDYxI9FgVAXFEmqPf7Jii2PpHIlo8yHWCWMuPP0OykMF6YuCtyutKJBbGuTT36gNVAUEPeD34fzB5pgy2aG5wQTQctRdDz07CVM3cI=</ns26:X509Certificate>
                     </ns26:X509Data>
                  </ns26:KeyInfo>
               </ns26:Signature>
            </ns27:technical>
         </ns46:debtNotification>
         </v1:request>
      </v1:fiscalDebtNotificationRequest>
   </soapenv:Body>
</soapenv:Envelope>]]></con:request><con:credentials><con:selectedAuthProfile>Basic</con:selectedAuthProfile><con:addedBasicAuthenticationTypes>Basic</con:addedBasicAuthenticationTypes><con:authType>Global HTTP Settings</con:authType></con:credentials><con:jmsConfig JMSDeliveryMode="PERSISTENT"/><con:jmsPropertyConfig/><con:wsaConfig mustUnderstand="NONE" version="200508" action="http://fidus.brussels/services/fourthwaydebtservice/fiscalDebtNotification"/><con:wsrmConfig version="1.2"/></con:call><con:call id="e3e67353-b335-49a2-9f2a-5a20414392d8" name="2 - Dev - Request" outgoingWss="Outflow DEV" incomingWss="Inflow DEV"><con:settings><con:setting id="com.eviware.soapui.impl.wsdl.WsdlRequest@request-headers">&lt;xml-fragment/></con:setting></con:settings><con:encoding>UTF-8</con:encoding><con:endpoint>https://192.168.36.61:8243/services/FourthWayDebtService_v1.0</con:endpoint><con:request><![CDATA[<soapenv:Envelope xmlns:soapenv="http://schemas.xmlsoap.org/soap/envelope/" xmlns:v1="http://fidus.brussels/service/fourthwaydebtservice/messages/v1" xmlns:v11="http://fidus.brussels/type/common/messages/v1" xmlns:deb="http://fsb.belgium.be/FourthWayServices/debtnotification" xmlns:gen="http://fsb.belgium.be/FourthWayServices/generalcaseinformation" xmlns:dat="http://fsb.belgium.be/FourthWayServices/common/datatypes" xmlns:ins="http://fsb.belgium.be/FourthWayServices/institution" xmlns:add="http://fsb.belgium.be/FourthWayServices/common/addressinformation" xmlns:con="http://fsb.belgium.be/FourthWayServices/contact" xmlns:deb1="http://fsb.belgium.be/FourthWayServices/debtparty" xmlns:par="http://fsb.belgium.be/FourthWayServices/party" xmlns:debt="http://fsb.belgium.be/FourthWayServices/debt" xmlns:leg="http://fsb.belgium.be/FourthWayServices/legalbase" xmlns:tec="http://fsb.belgium.be/FourthWayServices/technical" xmlns:xd="http://www.w3.org/2000/09/xmldsig#">
   <soapenv:Header/>
   <soapenv:Body>
      <v1:fiscalDebtNotificationRequest>
         <v1:messageContext>
         	  <v11:messageId>${=import static java.util.UUID.randomUUID; uuid = randomUUID() as String}</v11:messageId>
            <v11:timestamp>${=new java.text.SimpleDateFormat("yyyy-MM-dd'T'HH:mm:ss.SSS").format(new Date())}</v11:timestamp>
         </v1:messageContext>
         <v1:legalContext>ServiceIntegrator</v1:legalContext>      
         <v1:request>
 		<ns46:debtNotification Id="SignMe" xmlns:ns50="http://be.belgium.fsb/fourthWayService/Debt" xmlns="http://fsb.belgium.be/FourthWayServices/common/addressinformation" xmlns:ns10="http://fsb.belgium.be/FourthWayServices/shipinformation" xmlns:ns11="http://fsb.belgium.be/FourthWayServices/selfemployed" xmlns:ns12="http://fsb.belgium.be/FourthWayServices/institution" xmlns:ns13="http://fsb.belgium.be/FourthWayServices/enterprise" xmlns:ns14="http://fsb.belgium.be/FourthWayServices/honorbaseddeclarations" xmlns:ns15="http://fsb.belgium.be/FourthWayServices/unregisteredparty" xmlns:ns16="http://fsb.belgium.be/FourthWayServices/partnerdescription" xmlns:ns17="http://fsb.belgium.be/FourthWayServices/mortgagegoods" xmlns:ns18="http://fsb.belgium.be/FourthWayServices/deficitcaseinformation" xmlns:ns19="http://fsb.belgium.be/FourthWayServices/debtinquiry" xmlns:ns2="http://fsb.belgium.be/FourthWayServices/common/datatypes" xmlns:ns20="http://fsb.belgium.be/FourthWayServices/immovablegoodtransaction" xmlns:ns21="http://fsb.belgium.be/FourthWayServices/movablegoodtransaction" xmlns:ns22="http://fsb.belgium.be/FourthWayServices/inheritanceinformation" xmlns:ns23="http://fsb.belgium.be/FourthWayServices/successiontransaction" xmlns:ns24="http://fsb.belgium.be/FourthWayServices/fourthwaymessage" xmlns:ns25="http://fsb.belgium.be/FourthWayServices/generalcaseinformation" xmlns:ns26="http://www.w3.org/2000/09/xmldsig#" xmlns:ns27="http://fsb.belgium.be/FourthWayServices/technical" xmlns:ns28="http://fsb.belgium.be/FourthWayServices/acknowledgementinformation" xmlns:ns29="http://fsb.belgium.be/FourthWayServices/error" xmlns:ns3="http://fsb.belgium.be/FourthWayServices/salesinformation" xmlns:ns30="http://fsb.belgium.be/FourthWayServices/businesserror" xmlns:ns31="http://fsb.belgium.be/FourthWayServices/fiscaldebtdetails" xmlns:ns32="http://fsb.belgium.be/FourthWayServices/officialproclamation" xmlns:ns33="http://fsb.belgium.be/FourthWayServices/beneficiary" xmlns:ns34="http://fsb.belgium.be/FourthWayServices/common/bankaccount" xmlns:ns35="http://fsb.belgium.be/FourthWayServices/debtdetailedinformation" xmlns:ns36="http://fsb.belgium.be/FourthWayServices/debtsolidarity" xmlns:ns37="http://fsb.belgium.be/FourthWayServices/fiscaldebt" xmlns:ns38="http://fsb.belgium.be/FourthWayServices/socialdebtdetails" xmlns:ns39="http://fsb.belgium.be/FourthWayServices/debtinformation" xmlns:ns4="http://fsb.belgium.be/FourthWayServices/gooddescription" xmlns:ns40="http://fsb.belgium.be/FourthWayServices/socialdebt" xmlns:ns41="http://fsb.belgium.be/FourthWayServices/fiscalregionflandersdebtdetails" xmlns:ns42="http://fsb.belgium.be/FourthWayServices/fiscalregionflandersdebt" xmlns:ns43="http://fsb.belgium.be/FourthWayServices/debt" xmlns:ns44="http://fsb.belgium.be/FourthWayServices/debtparty" xmlns:ns45="http://fsb.belgium.be/FourthWayServices/legalbase" xmlns:ns46="http://fsb.belgium.be/FourthWayServices/debtnotification" xmlns:ns47="http://fsb.belgium.be/FourthWayServices/debtdeficitnotification" xmlns:ns48="http://fsb.belgium.be/FourthWayServices/header" xmlns:ns49="http://fsb.belgium.be/header" xmlns:ns5="http://fsb.belgium.be/FourthWayServices/party" xmlns:ns51="http://fsb.belgium.be/FourthWayServices/technicalack" xmlns:ns52="http://fsb.belgium.be/FourthWayServices/functionalack" xmlns:ns6="http://fsb.belgium.be/FourthWayServices/naturalperson" xmlns:ns7="http://fsb.belgium.be/FourthWayServices/nonresident" xmlns:ns8="http://fsb.belgium.be/FourthWayServices/contact" xmlns:ns9="http://fsb.belgium.be/FourthWayServices/propertyinformation">
            <ns25:generalCaseInformation>
               <ns25:administrativeInformation>
                  <ns25:language>FR</ns25:language>
                  <ns25:caseNumber>2444080.210115.0167</ns25:caseNumber>
                  <ns25:transactionType>3</ns25:transactionType>
                  <ns25:procedureNumber>ENOT4000000419570</ns25:procedureNumber>
                  <ns25:replacedProcedureNumber xsi:nil="true" xmlns:xsi="http://www.w3.org/2001/XMLSchema-instance"/>
                  <ns25:requestDate>2015-01-21T14:50:02.446+01:00</ns25:requestDate>
                  <ns25:origin>
                     <ns2:origin>
                        <ns2:partner>FPS Finance</ns2:partner>
                        <ns2:partnerCode codeType="KBO">0308357159</ns2:partnerCode>
                     </ns2:origin>
                  </ns25:origin>
                  <ns25:destinations>
                     <ns2:destination>
                        <ns2:partner>FRNB</ns2:partner>
                        <ns2:partnerCode codeType="KBO">0409357321</ns2:partnerCode>
                     </ns2:destination>
                  </ns25:destinations>
                  <ns25:requestorInformation>
                     <ns12:institution>
                        <ns12:institutionType>Federal</ns12:institutionType>
                        <ns12:institutionName>Huy</ns12:institutionName>
                        <ns12:institutionIdentificationNumber type="CDDB">600904</ns12:institutionIdentificationNumber>
                        <address>
                           <location>
                              <country>
                                 <countryCode codeStandard="ISO">BE</countryCode>
                              </country>
                              <postalCode>4500</postalCode>
                           </location>
                           <street>Avenue Albert 1er</street>
                           <houseNumber>8/10</houseNumber>
                        </address>
                        <ns12:contactInformation>
                           <ns8:phoneNumber type="phone">025783660</ns8:phoneNumber>
                           <ns8:emailAddress type="email">rec.cd.huy@minfin.fed.be</ns8:emailAddress>
                        </ns12:contactInformation>
                     </ns12:institution>
                     <ns25:responsiblePerson>
                        <ns2:name>
                           <ns2:firstName>Testuser</ns2:firstName>
                           <ns2:lastName>testuser.enotrec01</ns2:lastName>
                        </ns2:name>
                        <ns8:contactInformation/>
                     </ns25:responsiblePerson>
                     <ns25:contactPerson>
                        <ns2:name>
                           <ns2:firstName>Testuser</ns2:firstName>
                           <ns2:lastName>EnotRec01</ns2:lastName>
                        </ns2:name>
                        <ns8:contactInformation>
                           <ns8:emailAddress type="email">testuser.enotrec01@guest.minfin.fed.be</ns8:emailAddress>
                        </ns8:contactInformation>
                     </ns25:contactPerson>
                  </ns25:requestorInformation>
               </ns25:administrativeInformation>
            </ns25:generalCaseInformation>
            <ns44:debtParty>
               <ns5:party partyID="005">
                  <ns5:residentialParty>false</ns5:residentialParty>
                  <ns6:naturalPerson>
                     <ns2:entityReference>
                        <ns2:source>notice1</ns2:source>
                        <ns2:entityID type="nationalNumber">68082123438</ns2:entityID>
                     </ns2:entityReference>
                     <ns6:personInformation>
                        <ns2:name>
                           <ns2:firstName>Yolande Adrienne</ns2:firstName>
                           <ns2:lastName>BUITER</ns2:lastName>
                        </ns2:name>
                        <address>
                           <location>
                              <country>
                                 <countryDescription>Belgium</countryDescription>
                                 <countryCode codeStandard="ISO">BE</countryCode>
                              </country>
                              <municipalityDescription>Verlaine</municipalityDescription>
                              <postalCode>4537</postalCode>
                           </location>
                           <street>Rue aux Raines</street>
                           <houseNumber>53</houseNumber>
                        </address>
                     </ns6:personInformation>
                  </ns6:naturalPerson>
               </ns5:party>
               <ns43:debt debtID="1">
                  <ns37:fiscaldebt>
                     <ns31:fiscalDebtDetails>
                        <ns31:debtType>VAT</ns31:debtType>
                        <ns31:declarations>
                           <ns31:negligenceClause>
                              <ns31:additionalIntrest>0</ns31:additionalIntrest>
                              <ns31:additionalIntrestFromDate>2015-01-21+01:00</ns31:additionalIntrestFromDate>
                           </ns31:negligenceClause>
                        </ns31:declarations>
                        <ns2:referencePeriod>
                           <ns2:startDate>2015-01-06+01:00</ns2:startDate>
                           <ns2:endDate>2015-01-13+01:00</ns2:endDate>
                        </ns2:referencePeriod>
                        <ns31:totalDebt>45</ns31:totalDebt>
                        <ns31:debtBreakdown>
                           <ns31:debtSubType>VAT</ns31:debtSubType>
                           <ns31:debtSubAmount>45</ns31:debtSubAmount>
                        </ns31:debtBreakdown>
                        <ns31:debtBreakdown>
                           <ns31:debtSubType>IM</ns31:debtSubType>
                           <ns31:debtSubAmount>0</ns31:debtSubAmount>
                        </ns31:debtBreakdown>
                        <ns31:debtBreakdown>
                           <ns31:debtSubType>INTEREST</ns31:debtSubType>
                           <ns31:debtSubAmount>0</ns31:debtSubAmount>
                        </ns31:debtBreakdown>
                        <ns31:debtBreakdown>
                           <ns31:debtSubType>FINES</ns31:debtSubType>
                           <ns31:debtSubAmount>0</ns31:debtSubAmount>
                        </ns31:debtBreakdown>
                        <ns31:debtBreakdown>
                           <ns31:debtSubType>COST</ns31:debtSubType>
                           <ns31:debtSubAmount>0</ns31:debtSubAmount>
                        </ns31:debtBreakdown>
                     </ns31:fiscalDebtDetails>
                     <ns32:officialProclamation/>
                     <ns33:beneficiary>
                        <ns33:beneficiaryName>CTRI Namur</ns33:beneficiaryName>
                        <ns33:structuredMessage>N99998745412NOT/</ns33:structuredMessage>
                        <ns33:amount>45</ns33:amount>
                        <ns34:bankAccount>
                           <ns34:ibanNumber>BE42 6792 0034 9254</ns34:ibanNumber>
                           <ns34:bicCode>PCHQBEBB</ns34:bicCode>
                           <ns34:accountName>CTRI Namur</ns34:accountName>
                           <address>
                              <location>
                                 <country>
                                    <countryCode codeStandard="ISO">BE</countryCode>
                                 </country>
                                 <municipalityDescription language="fr">Namur</municipalityDescription>
                                 <postalCode>5000</postalCode>
                              </location>
                              <street>Rue des Bourgeois</street>
                              <houseNumber>7/Bloc B</houseNumber>
                           </address>
                        </ns34:bankAccount>
                     </ns33:beneficiary>
                     <ns35:debtDetailedInformation>
                        <ns35:calculationDate>2015-01-21+01:00</ns35:calculationDate>
                        <ns35:referentialNumber>999998745412</ns35:referentialNumber>
                     </ns35:debtDetailedInformation>
                  </ns37:fiscaldebt>
               </ns43:debt>
               <ns44:totalDebtAmount>45</ns44:totalDebtAmount>
            </ns44:debtParty>
            <ns45:legalBase>
               <ns45:legalSource>Code de la taxe sur la valeur ajout��e</ns45:legalSource>
               <ns45:legalBaseIdentifier>Article 93quater</ns45:legalBaseIdentifier>
            </ns45:legalBase>
            <ns27:technical>
               <ns26:Signature>
                  <ns26:SignedInfo>
                     <ns26:CanonicalizationMethod Algorithm="http://www.w3.org/TR/2001/REC-xml-c14n-20010315"/>
                     <ns26:SignatureMethod Algorithm="http://www.w3.org/2000/09/xmldsig#rsa-sha1"/>
                     <ns26:Reference URI="#signMe">
                        <ns26:DigestMethod Algorithm="http://www.w3.org/2000/09/xmldsig#sha1"/>
                        <ns26:DigestValue>CbUOX9jTy0uYSCKDVQl6peUatJ8=</ns26:DigestValue>
                     </ns26:Reference>
                  </ns26:SignedInfo>
                  <ns26:SignatureValue>WBXEECQtMTWGGq5EGO+5kyVw1kJefLsfHVA/5eYB6pZ3GOZ7LOLc/jAhKbqxeV3qdWiMGx3VzgvdF4ZaMB2HS1fLmnOmNDXHhrrqYQJ51LGDvex39k7/xAJAmuub7MDtfAu08WBTVpmQ5khGL9ZrYOXr5RoG70BrlWNr+37FekM=</ns26:SignatureValue>
                  <ns26:KeyInfo>
                     <ns26:X509Data>
                        <ns26:X509SubjectName>ST=Brussels,L=Brussels,OU=Belgian Federal Government,O=Federal Public Service Finances,CN=Test SPF Finances - FOD Financien,C=BE</ns26:X509SubjectName>
                        <ns26:X509Certificate>MIIDKzCCApSgAwIBAgIJAIkxAL2MG081MA0GCSqGSIb3DQEBBQUAMIGuMQswCQYDVQQGEwJCRTEqMCgGA1UEAxMhVGVzdCBTUEYgRmluYW5jZXMgLSBGT0QgRmluYW5jaWVuMSgwJgYDVQQKEx9GZWRlcmFsIFB1YmxpYyBTZXJ2aWNlIEZpbmFuY2VzMSMwIQYDVQQLExpCZWxnaWFuIEZlZGVyYWwgR292ZXJubWVudDERMA8GA1UEBxMIQnJ1c3NlbHMxETAPBgNVBAgTCEJydXNzZWxzMB4XDTA4MDUwNjA4MDcyMFoXDTE4MDUwNzA4MDcyMFowga4xCzAJBgNVBAYTAkJFMSowKAYDVQQDEyFUZXN0IFNQRiBGaW5hbmNlcyAtIEZPRCBGaW5hbmNpZW4xKDAmBgNVBAoTH0ZlZGVyYWwgUHVibGljIFNlcnZpY2UgRmluYW5jZXMxIzAhBgNVBAsTGkJlbGdpYW4gRmVkZXJhbCBHb3Zlcm5tZW50MREwDwYDVQQHEwhCcnVzc2VsczERMA8GA1UECBMIQnJ1c3NlbHMwgZ8wDQYJKoZIhvcNAQEBBQADgY0AMIGJAoGBAJ8T/80iF50FvothkWOZDsZUPKM52fxhNdKMT+E/lODqejyJ2iQkjEuW5yJKo0lXNj+Gxwfl99bD16IJMagbrxBnJPwR7SeS3JQ0IaLkOorOoeZkZLFoFMSfZWT9uCf6Qf/uNMQtRnX2351P1OF3cld68uFGUNS8U93OqxS9R/ZvAgMBAAGjTzBNMAwGA1UdEwQFMAMBAf8wCwYDVR0PBAQDAgTwMB0GA1UdJQQWMBQGCCsGAQUFBwMCBggrBgEFBQcDBDARBglghkgBhvhCAQEEBAMCBLAwDQYJKoZIhvcNAQEFBQADgYEATnEO8juTdcZtwzvl5EHnZ9+6cEM9rsWuQtq43UXw4RqveHWUE+Cn2ElMPiyuxLLzkzQTbcDYxI9FgVAXFEmqPf7Jii2PpHIlo8yHWCWMuPP0OykMF6YuCtyutKJBbGuTT36gNVAUEPeD34fzB5pgy2aG5wQTQctRdDz07CVM3cI=</ns26:X509Certificate>
                     </ns26:X509Data>
                  </ns26:KeyInfo>
               </ns26:Signature>
            </ns27:technical>
         </ns46:debtNotification>
         </v1:request>
      </v1:fiscalDebtNotificationRequest>
   </soapenv:Body>
</soapenv:Envelope>]]></con:request><con:credentials><con:selectedAuthProfile>Basic</con:selectedAuthProfile><con:addedBasicAuthenticationTypes>Basic</con:addedBasicAuthenticationTypes><con:authType>Global HTTP Settings</con:authType></con:credentials><con:jmsConfig JMSDeliveryMode="PERSISTENT"/><con:jmsPropertyConfig/><con:wsaConfig mustUnderstand="NONE" version="200508" action="http://fidus.brussels/services/fourthwaydebtservice/fiscalDebtNotification"/><con:wsrmConfig version="1.2"/></con:call><con:call id="a11fa688-380e-4309-b0fd-3ce8c4a419bd" name="3 - Test - External - Request" outgoingWss="Outflow TEST" incomingWss="Inflow TEST"><con:settings><con:setting id="com.eviware.soapui.impl.wsdl.WsdlRequest@request-headers">&lt;xml-fragment/></con:setting></con:settings><con:encoding>UTF-8</con:encoding><con:endpoint>https://fidus-test.irisnetlab.be/services/FourthWayDebtService_v1.0</con:endpoint><con:request><![CDATA[<soapenv:Envelope xmlns:soapenv="http://schemas.xmlsoap.org/soap/envelope/" xmlns:v1="http://fidus.brussels/service/fourthwaydebtservice/messages/v1" xmlns:v11="http://fidus.brussels/type/common/messages/v1" xmlns:deb="http://fsb.belgium.be/FourthWayServices/debtnotification" xmlns:gen="http://fsb.belgium.be/FourthWayServices/generalcaseinformation" xmlns:dat="http://fsb.belgium.be/FourthWayServices/common/datatypes" xmlns:ins="http://fsb.belgium.be/FourthWayServices/institution" xmlns:add="http://fsb.belgium.be/FourthWayServices/common/addressinformation" xmlns:con="http://fsb.belgium.be/FourthWayServices/contact" xmlns:deb1="http://fsb.belgium.be/FourthWayServices/debtparty" xmlns:par="http://fsb.belgium.be/FourthWayServices/party" xmlns:debt="http://fsb.belgium.be/FourthWayServices/debt" xmlns:leg="http://fsb.belgium.be/FourthWayServices/legalbase" xmlns:tec="http://fsb.belgium.be/FourthWayServices/technical" xmlns:xd="http://www.w3.org/2000/09/xmldsig#">
   <soapenv:Header/>
   <soapenv:Body>
      <v1:fiscalDebtNotificationRequest>
         <v1:messageContext>
         	  <v11:messageId>${=import static java.util.UUID.randomUUID; uuid = randomUUID() as String}</v11:messageId>
            <v11:timestamp>${=new java.text.SimpleDateFormat("yyyy-MM-dd'T'HH:mm:ss.SSS").format(new Date())}</v11:timestamp>
         </v1:messageContext>
         <v1:legalContext>ServiceIntegrator</v1:legalContext>      
         <v1:request>
 		<ns46:debtNotification Id="SignMe" xmlns:ns50="http://be.belgium.fsb/fourthWayService/Debt" xmlns="http://fsb.belgium.be/FourthWayServices/common/addressinformation" xmlns:ns10="http://fsb.belgium.be/FourthWayServices/shipinformation" xmlns:ns11="http://fsb.belgium.be/FourthWayServices/selfemployed" xmlns:ns12="http://fsb.belgium.be/FourthWayServices/institution" xmlns:ns13="http://fsb.belgium.be/FourthWayServices/enterprise" xmlns:ns14="http://fsb.belgium.be/FourthWayServices/honorbaseddeclarations" xmlns:ns15="http://fsb.belgium.be/FourthWayServices/unregisteredparty" xmlns:ns16="http://fsb.belgium.be/FourthWayServices/partnerdescription" xmlns:ns17="http://fsb.belgium.be/FourthWayServices/mortgagegoods" xmlns:ns18="http://fsb.belgium.be/FourthWayServices/deficitcaseinformation" xmlns:ns19="http://fsb.belgium.be/FourthWayServices/debtinquiry" xmlns:ns2="http://fsb.belgium.be/FourthWayServices/common/datatypes" xmlns:ns20="http://fsb.belgium.be/FourthWayServices/immovablegoodtransaction" xmlns:ns21="http://fsb.belgium.be/FourthWayServices/movablegoodtransaction" xmlns:ns22="http://fsb.belgium.be/FourthWayServices/inheritanceinformation" xmlns:ns23="http://fsb.belgium.be/FourthWayServices/successiontransaction" xmlns:ns24="http://fsb.belgium.be/FourthWayServices/fourthwaymessage" xmlns:ns25="http://fsb.belgium.be/FourthWayServices/generalcaseinformation" xmlns:ns26="http://www.w3.org/2000/09/xmldsig#" xmlns:ns27="http://fsb.belgium.be/FourthWayServices/technical" xmlns:ns28="http://fsb.belgium.be/FourthWayServices/acknowledgementinformation" xmlns:ns29="http://fsb.belgium.be/FourthWayServices/error" xmlns:ns3="http://fsb.belgium.be/FourthWayServices/salesinformation" xmlns:ns30="http://fsb.belgium.be/FourthWayServices/businesserror" xmlns:ns31="http://fsb.belgium.be/FourthWayServices/fiscaldebtdetails" xmlns:ns32="http://fsb.belgium.be/FourthWayServices/officialproclamation" xmlns:ns33="http://fsb.belgium.be/FourthWayServices/beneficiary" xmlns:ns34="http://fsb.belgium.be/FourthWayServices/common/bankaccount" xmlns:ns35="http://fsb.belgium.be/FourthWayServices/debtdetailedinformation" xmlns:ns36="http://fsb.belgium.be/FourthWayServices/debtsolidarity" xmlns:ns37="http://fsb.belgium.be/FourthWayServices/fiscaldebt" xmlns:ns38="http://fsb.belgium.be/FourthWayServices/socialdebtdetails" xmlns:ns39="http://fsb.belgium.be/FourthWayServices/debtinformation" xmlns:ns4="http://fsb.belgium.be/FourthWayServices/gooddescription" xmlns:ns40="http://fsb.belgium.be/FourthWayServices/socialdebt" xmlns:ns41="http://fsb.belgium.be/FourthWayServices/fiscalregionflandersdebtdetails" xmlns:ns42="http://fsb.belgium.be/FourthWayServices/fiscalregionflandersdebt" xmlns:ns43="http://fsb.belgium.be/FourthWayServices/debt" xmlns:ns44="http://fsb.belgium.be/FourthWayServices/debtparty" xmlns:ns45="http://fsb.belgium.be/FourthWayServices/legalbase" xmlns:ns46="http://fsb.belgium.be/FourthWayServices/debtnotification" xmlns:ns47="http://fsb.belgium.be/FourthWayServices/debtdeficitnotification" xmlns:ns48="http://fsb.belgium.be/FourthWayServices/header" xmlns:ns49="http://fsb.belgium.be/header" xmlns:ns5="http://fsb.belgium.be/FourthWayServices/party" xmlns:ns51="http://fsb.belgium.be/FourthWayServices/technicalack" xmlns:ns52="http://fsb.belgium.be/FourthWayServices/functionalack" xmlns:ns6="http://fsb.belgium.be/FourthWayServices/naturalperson" xmlns:ns7="http://fsb.belgium.be/FourthWayServices/nonresident" xmlns:ns8="http://fsb.belgium.be/FourthWayServices/contact" xmlns:ns9="http://fsb.belgium.be/FourthWayServices/propertyinformation">
            <ns25:generalCaseInformation>
               <ns25:administrativeInformation>
                  <ns25:language>FR</ns25:language>
                  <ns25:caseNumber>2444080.210115.0167</ns25:caseNumber>
                  <ns25:transactionType>3</ns25:transactionType>
                  <ns25:procedureNumber>ENOT4000000419570</ns25:procedureNumber>
                  <ns25:replacedProcedureNumber xsi:nil="true" xmlns:xsi="http://www.w3.org/2001/XMLSchema-instance"/>
                  <ns25:requestDate>2015-01-21T14:50:02.446+01:00</ns25:requestDate>
                  <ns25:origin>
                     <ns2:origin>
                        <ns2:partner>FPS Finance</ns2:partner>
                        <ns2:partnerCode codeType="KBO">0308357159</ns2:partnerCode>
                     </ns2:origin>
                  </ns25:origin>
                  <ns25:destinations>
                     <ns2:destination>
                        <ns2:partner>FRNB</ns2:partner>
                        <ns2:partnerCode codeType="KBO">0409357321</ns2:partnerCode>
                     </ns2:destination>
                  </ns25:destinations>
                  <ns25:requestorInformation>
                     <ns12:institution>
                        <ns12:institutionType>Federal</ns12:institutionType>
                        <ns12:institutionName>Huy</ns12:institutionName>
                        <ns12:institutionIdentificationNumber type="CDDB">600904</ns12:institutionIdentificationNumber>
                        <address>
                           <location>
                              <country>
                                 <countryCode codeStandard="ISO">BE</countryCode>
                              </country>
                              <postalCode>4500</postalCode>
                           </location>
                           <street>Avenue Albert 1er</street>
                           <houseNumber>8/10</houseNumber>
                        </address>
                        <ns12:contactInformation>
                           <ns8:phoneNumber type="phone">025783660</ns8:phoneNumber>
                           <ns8:emailAddress type="email">rec.cd.huy@minfin.fed.be</ns8:emailAddress>
                        </ns12:contactInformation>
                     </ns12:institution>
                     <ns25:responsiblePerson>
                        <ns2:name>
                           <ns2:firstName>Testuser</ns2:firstName>
                           <ns2:lastName>testuser.enotrec01</ns2:lastName>
                        </ns2:name>
                        <ns8:contactInformation/>
                     </ns25:responsiblePerson>
                     <ns25:contactPerson>
                        <ns2:name>
                           <ns2:firstName>Testuser</ns2:firstName>
                           <ns2:lastName>EnotRec01</ns2:lastName>
                        </ns2:name>
                        <ns8:contactInformation>
                           <ns8:emailAddress type="email">testuser.enotrec01@guest.minfin.fed.be</ns8:emailAddress>
                        </ns8:contactInformation>
                     </ns25:contactPerson>
                  </ns25:requestorInformation>
               </ns25:administrativeInformation>
            </ns25:generalCaseInformation>
            <ns44:debtParty>
               <ns5:party partyID="005">
                  <ns5:residentialParty>false</ns5:residentialParty>
                  <ns6:naturalPerson>
                     <ns2:entityReference>
                        <ns2:source>notice1</ns2:source>
                        <ns2:entityID type="nationalNumber">68082123438</ns2:entityID>
                     </ns2:entityReference>
                     <ns6:personInformation>
                        <ns2:name>
                           <ns2:firstName>Yolande Adrienne</ns2:firstName>
                           <ns2:lastName>BUITER</ns2:lastName>
                        </ns2:name>
                        <address>
                           <location>
                              <country>
                                 <countryDescription>Belgium</countryDescription>
                                 <countryCode codeStandard="ISO">BE</countryCode>
                              </country>
                              <municipalityDescription>Verlaine</municipalityDescription>
                              <postalCode>4537</postalCode>
                           </location>
                           <street>Rue aux Raines</street>
                           <houseNumber>53</houseNumber>
                        </address>
                     </ns6:personInformation>
                  </ns6:naturalPerson>
               </ns5:party>
               <ns43:debt debtID="1">
                  <ns37:fiscaldebt>
                     <ns31:fiscalDebtDetails>
                        <ns31:debtType>VAT</ns31:debtType>
                        <ns31:declarations>
                           <ns31:negligenceClause>
                              <ns31:additionalIntrest>0</ns31:additionalIntrest>
                              <ns31:additionalIntrestFromDate>2015-01-21+01:00</ns31:additionalIntrestFromDate>
                           </ns31:negligenceClause>
                        </ns31:declarations>
                        <ns2:referencePeriod>
                           <ns2:startDate>2015-01-06+01:00</ns2:startDate>
                           <ns2:endDate>2015-01-13+01:00</ns2:endDate>
                        </ns2:referencePeriod>
                        <ns31:totalDebt>45</ns31:totalDebt>
                        <ns31:debtBreakdown>
                           <ns31:debtSubType>VAT</ns31:debtSubType>
                           <ns31:debtSubAmount>45</ns31:debtSubAmount>
                        </ns31:debtBreakdown>
                        <ns31:debtBreakdown>
                           <ns31:debtSubType>IM</ns31:debtSubType>
                           <ns31:debtSubAmount>0</ns31:debtSubAmount>
                        </ns31:debtBreakdown>
                        <ns31:debtBreakdown>
                           <ns31:debtSubType>INTEREST</ns31:debtSubType>
                           <ns31:debtSubAmount>0</ns31:debtSubAmount>
                        </ns31:debtBreakdown>
                        <ns31:debtBreakdown>
                           <ns31:debtSubType>FINES</ns31:debtSubType>
                           <ns31:debtSubAmount>0</ns31:debtSubAmount>
                        </ns31:debtBreakdown>
                        <ns31:debtBreakdown>
                           <ns31:debtSubType>COST</ns31:debtSubType>
                           <ns31:debtSubAmount>0</ns31:debtSubAmount>
                        </ns31:debtBreakdown>
                     </ns31:fiscalDebtDetails>
                     <ns32:officialProclamation/>
                     <ns33:beneficiary>
                        <ns33:beneficiaryName>CTRI Namur</ns33:beneficiaryName>
                        <ns33:structuredMessage>N99998745412NOT/</ns33:structuredMessage>
                        <ns33:amount>45</ns33:amount>
                        <ns34:bankAccount>
                           <ns34:ibanNumber>BE42 6792 0034 9254</ns34:ibanNumber>
                           <ns34:bicCode>PCHQBEBB</ns34:bicCode>
                           <ns34:accountName>CTRI Namur</ns34:accountName>
                           <address>
                              <location>
                                 <country>
                                    <countryCode codeStandard="ISO">BE</countryCode>
                                 </country>
                                 <municipalityDescription language="fr">Namur</municipalityDescription>
                                 <postalCode>5000</postalCode>
                              </location>
                              <street>Rue des Bourgeois</street>
                              <houseNumber>7/Bloc B</houseNumber>
                           </address>
                        </ns34:bankAccount>
                     </ns33:beneficiary>
                     <ns35:debtDetailedInformation>
                        <ns35:calculationDate>2015-01-21+01:00</ns35:calculationDate>
                        <ns35:referentialNumber>999998745412</ns35:referentialNumber>
                     </ns35:debtDetailedInformation>
                  </ns37:fiscaldebt>
               </ns43:debt>
               <ns44:totalDebtAmount>45</ns44:totalDebtAmount>
            </ns44:debtParty>
            <ns45:legalBase>
               <ns45:legalSource>Code de la taxe sur la valeur ajout��e</ns45:legalSource>
               <ns45:legalBaseIdentifier>Article 93quater</ns45:legalBaseIdentifier>
            </ns45:legalBase>
            <ns27:technical>
               <ns26:Signature>
                  <ns26:SignedInfo>
                     <ns26:CanonicalizationMethod Algorithm="http://www.w3.org/TR/2001/REC-xml-c14n-20010315"/>
                     <ns26:SignatureMethod Algorithm="http://www.w3.org/2000/09/xmldsig#rsa-sha1"/>
                     <ns26:Reference URI="#signMe">
                        <ns26:DigestMethod Algorithm="http://www.w3.org/2000/09/xmldsig#sha1"/>
                        <ns26:DigestValue>CbUOX9jTy0uYSCKDVQl6peUatJ8=</ns26:DigestValue>
                     </ns26:Reference>
                  </ns26:SignedInfo>
                  <ns26:SignatureValue>WBXEECQtMTWGGq5EGO+5kyVw1kJefLsfHVA/5eYB6pZ3GOZ7LOLc/jAhKbqxeV3qdWiMGx3VzgvdF4ZaMB2HS1fLmnOmNDXHhrrqYQJ51LGDvex39k7/xAJAmuub7MDtfAu08WBTVpmQ5khGL9ZrYOXr5RoG70BrlWNr+37FekM=</ns26:SignatureValue>
                  <ns26:KeyInfo>
                     <ns26:X509Data>
                        <ns26:X509SubjectName>ST=Brussels,L=Brussels,OU=Belgian Federal Government,O=Federal Public Service Finances,CN=Test SPF Finances - FOD Financien,C=BE</ns26:X509SubjectName>
                        <ns26:X509Certificate>MIIDKzCCApSgAwIBAgIJAIkxAL2MG081MA0GCSqGSIb3DQEBBQUAMIGuMQswCQYDVQQGEwJCRTEqMCgGA1UEAxMhVGVzdCBTUEYgRmluYW5jZXMgLSBGT0QgRmluYW5jaWVuMSgwJgYDVQQKEx9GZWRlcmFsIFB1YmxpYyBTZXJ2aWNlIEZpbmFuY2VzMSMwIQYDVQQLExpCZWxnaWFuIEZlZGVyYWwgR292ZXJubWVudDERMA8GA1UEBxMIQnJ1c3NlbHMxETAPBgNVBAgTCEJydXNzZWxzMB4XDTA4MDUwNjA4MDcyMFoXDTE4MDUwNzA4MDcyMFowga4xCzAJBgNVBAYTAkJFMSowKAYDVQQDEyFUZXN0IFNQRiBGaW5hbmNlcyAtIEZPRCBGaW5hbmNpZW4xKDAmBgNVBAoTH0ZlZGVyYWwgUHVibGljIFNlcnZpY2UgRmluYW5jZXMxIzAhBgNVBAsTGkJlbGdpYW4gRmVkZXJhbCBHb3Zlcm5tZW50MREwDwYDVQQHEwhCcnVzc2VsczERMA8GA1UECBMIQnJ1c3NlbHMwgZ8wDQYJKoZIhvcNAQEBBQADgY0AMIGJAoGBAJ8T/80iF50FvothkWOZDsZUPKM52fxhNdKMT+E/lODqejyJ2iQkjEuW5yJKo0lXNj+Gxwfl99bD16IJMagbrxBnJPwR7SeS3JQ0IaLkOorOoeZkZLFoFMSfZWT9uCf6Qf/uNMQtRnX2351P1OF3cld68uFGUNS8U93OqxS9R/ZvAgMBAAGjTzBNMAwGA1UdEwQFMAMBAf8wCwYDVR0PBAQDAgTwMB0GA1UdJQQWMBQGCCsGAQUFBwMCBggrBgEFBQcDBDARBglghkgBhvhCAQEEBAMCBLAwDQYJKoZIhvcNAQEFBQADgYEATnEO8juTdcZtwzvl5EHnZ9+6cEM9rsWuQtq43UXw4RqveHWUE+Cn2ElMPiyuxLLzkzQTbcDYxI9FgVAXFEmqPf7Jii2PpHIlo8yHWCWMuPP0OykMF6YuCtyutKJBbGuTT36gNVAUEPeD34fzB5pgy2aG5wQTQctRdDz07CVM3cI=</ns26:X509Certificate>
                     </ns26:X509Data>
                  </ns26:KeyInfo>
               </ns26:Signature>
            </ns27:technical>
         </ns46:debtNotification>
         </v1:request>
      </v1:fiscalDebtNotificationRequest>
   </soapenv:Body>
</soapenv:Envelope>]]></con:request><con:credentials><con:selectedAuthProfile>Basic</con:selectedAuthProfile><con:addedBasicAuthenticationTypes>Basic</con:addedBasicAuthenticationTypes><con:authType>Global HTTP Settings</con:authType></con:credentials><con:jmsConfig JMSDeliveryMode="PERSISTENT"/><con:jmsPropertyConfig/><con:wsaConfig mustUnderstand="NONE" version="200508" action="http://fidus.brussels/services/fourthwaydebtservice/fiscalDebtNotification"/><con:wsrmConfig version="1.2"/></con:call><con:call id="00e7d8f2-500a-4b6c-9539-f55ed58f29c2" name="3 - Test - LB - Request" outgoingWss="Outflow TEST" incomingWss="Inflow TEST"><con:settings><con:setting id="com.eviware.soapui.impl.wsdl.WsdlRequest@request-headers">&lt;xml-fragment/></con:setting></con:settings><con:encoding>UTF-8</con:encoding><con:endpoint>https://esb-security-gw.sta.srv.cirb.lan:8443/services/FourthWayDebtService_v1.0</con:endpoint><con:request><![CDATA[<soapenv:Envelope xmlns:soapenv="http://schemas.xmlsoap.org/soap/envelope/" xmlns:v1="http://fidus.brussels/service/fourthwaydebtservice/messages/v1" xmlns:v11="http://fidus.brussels/type/common/messages/v1" xmlns:deb="http://fsb.belgium.be/FourthWayServices/debtnotification" xmlns:gen="http://fsb.belgium.be/FourthWayServices/generalcaseinformation" xmlns:dat="http://fsb.belgium.be/FourthWayServices/common/datatypes" xmlns:ins="http://fsb.belgium.be/FourthWayServices/institution" xmlns:add="http://fsb.belgium.be/FourthWayServices/common/addressinformation" xmlns:con="http://fsb.belgium.be/FourthWayServices/contact" xmlns:deb1="http://fsb.belgium.be/FourthWayServices/debtparty" xmlns:par="http://fsb.belgium.be/FourthWayServices/party" xmlns:debt="http://fsb.belgium.be/FourthWayServices/debt" xmlns:leg="http://fsb.belgium.be/FourthWayServices/legalbase" xmlns:tec="http://fsb.belgium.be/FourthWayServices/technical" xmlns:xd="http://www.w3.org/2000/09/xmldsig#">
   <soapenv:Header/>
   <soapenv:Body>
      <v1:fiscalDebtNotificationRequest>
         <v1:messageContext>
         	  <v11:messageId>${=import static java.util.UUID.randomUUID; uuid = randomUUID() as String}</v11:messageId>
            <v11:timestamp>${=new java.text.SimpleDateFormat("yyyy-MM-dd'T'HH:mm:ss.SSS").format(new Date())}</v11:timestamp>
         </v1:messageContext>
         <v1:legalContext>ServiceIntegrator</v1:legalContext>      
         <v1:request>
 		<ns46:debtNotification Id="SignMe" xmlns:ns50="http://be.belgium.fsb/fourthWayService/Debt" xmlns="http://fsb.belgium.be/FourthWayServices/common/addressinformation" xmlns:ns10="http://fsb.belgium.be/FourthWayServices/shipinformation" xmlns:ns11="http://fsb.belgium.be/FourthWayServices/selfemployed" xmlns:ns12="http://fsb.belgium.be/FourthWayServices/institution" xmlns:ns13="http://fsb.belgium.be/FourthWayServices/enterprise" xmlns:ns14="http://fsb.belgium.be/FourthWayServices/honorbaseddeclarations" xmlns:ns15="http://fsb.belgium.be/FourthWayServices/unregisteredparty" xmlns:ns16="http://fsb.belgium.be/FourthWayServices/partnerdescription" xmlns:ns17="http://fsb.belgium.be/FourthWayServices/mortgagegoods" xmlns:ns18="http://fsb.belgium.be/FourthWayServices/deficitcaseinformation" xmlns:ns19="http://fsb.belgium.be/FourthWayServices/debtinquiry" xmlns:ns2="http://fsb.belgium.be/FourthWayServices/common/datatypes" xmlns:ns20="http://fsb.belgium.be/FourthWayServices/immovablegoodtransaction" xmlns:ns21="http://fsb.belgium.be/FourthWayServices/movablegoodtransaction" xmlns:ns22="http://fsb.belgium.be/FourthWayServices/inheritanceinformation" xmlns:ns23="http://fsb.belgium.be/FourthWayServices/successiontransaction" xmlns:ns24="http://fsb.belgium.be/FourthWayServices/fourthwaymessage" xmlns:ns25="http://fsb.belgium.be/FourthWayServices/generalcaseinformation" xmlns:ns26="http://www.w3.org/2000/09/xmldsig#" xmlns:ns27="http://fsb.belgium.be/FourthWayServices/technical" xmlns:ns28="http://fsb.belgium.be/FourthWayServices/acknowledgementinformation" xmlns:ns29="http://fsb.belgium.be/FourthWayServices/error" xmlns:ns3="http://fsb.belgium.be/FourthWayServices/salesinformation" xmlns:ns30="http://fsb.belgium.be/FourthWayServices/businesserror" xmlns:ns31="http://fsb.belgium.be/FourthWayServices/fiscaldebtdetails" xmlns:ns32="http://fsb.belgium.be/FourthWayServices/officialproclamation" xmlns:ns33="http://fsb.belgium.be/FourthWayServices/beneficiary" xmlns:ns34="http://fsb.belgium.be/FourthWayServices/common/bankaccount" xmlns:ns35="http://fsb.belgium.be/FourthWayServices/debtdetailedinformation" xmlns:ns36="http://fsb.belgium.be/FourthWayServices/debtsolidarity" xmlns:ns37="http://fsb.belgium.be/FourthWayServices/fiscaldebt" xmlns:ns38="http://fsb.belgium.be/FourthWayServices/socialdebtdetails" xmlns:ns39="http://fsb.belgium.be/FourthWayServices/debtinformation" xmlns:ns4="http://fsb.belgium.be/FourthWayServices/gooddescription" xmlns:ns40="http://fsb.belgium.be/FourthWayServices/socialdebt" xmlns:ns41="http://fsb.belgium.be/FourthWayServices/fiscalregionflandersdebtdetails" xmlns:ns42="http://fsb.belgium.be/FourthWayServices/fiscalregionflandersdebt" xmlns:ns43="http://fsb.belgium.be/FourthWayServices/debt" xmlns:ns44="http://fsb.belgium.be/FourthWayServices/debtparty" xmlns:ns45="http://fsb.belgium.be/FourthWayServices/legalbase" xmlns:ns46="http://fsb.belgium.be/FourthWayServices/debtnotification" xmlns:ns47="http://fsb.belgium.be/FourthWayServices/debtdeficitnotification" xmlns:ns48="http://fsb.belgium.be/FourthWayServices/header" xmlns:ns49="http://fsb.belgium.be/header" xmlns:ns5="http://fsb.belgium.be/FourthWayServices/party" xmlns:ns51="http://fsb.belgium.be/FourthWayServices/technicalack" xmlns:ns52="http://fsb.belgium.be/FourthWayServices/functionalack" xmlns:ns6="http://fsb.belgium.be/FourthWayServices/naturalperson" xmlns:ns7="http://fsb.belgium.be/FourthWayServices/nonresident" xmlns:ns8="http://fsb.belgium.be/FourthWayServices/contact" xmlns:ns9="http://fsb.belgium.be/FourthWayServices/propertyinformation">
            <ns25:generalCaseInformation>
               <ns25:administrativeInformation>
                  <ns25:language>FR</ns25:language>
                  <ns25:caseNumber>2444080.210115.0167</ns25:caseNumber>
                  <ns25:transactionType>3</ns25:transactionType>
                  <ns25:procedureNumber>ENOT4000000419570</ns25:procedureNumber>
                  <ns25:replacedProcedureNumber xsi:nil="true" xmlns:xsi="http://www.w3.org/2001/XMLSchema-instance"/>
                  <ns25:requestDate>2015-01-21T14:50:02.446+01:00</ns25:requestDate>
                  <ns25:origin>
                     <ns2:origin>
                        <ns2:partner>FPS Finance</ns2:partner>
                        <ns2:partnerCode codeType="KBO">0308357159</ns2:partnerCode>
                     </ns2:origin>
                  </ns25:origin>
                  <ns25:destinations>
                     <ns2:destination>
                        <ns2:partner>FRNB</ns2:partner>
                        <ns2:partnerCode codeType="KBO">0409357321</ns2:partnerCode>
                     </ns2:destination>
                  </ns25:destinations>
                  <ns25:requestorInformation>
                     <ns12:institution>
                        <ns12:institutionType>Federal</ns12:institutionType>
                        <ns12:institutionName>Huy</ns12:institutionName>
                        <ns12:institutionIdentificationNumber type="CDDB">600904</ns12:institutionIdentificationNumber>
                        <address>
                           <location>
                              <country>
                                 <countryCode codeStandard="ISO">BE</countryCode>
                              </country>
                              <postalCode>4500</postalCode>
                           </location>
                           <street>Avenue Albert 1er</street>
                           <houseNumber>8/10</houseNumber>
                        </address>
                        <ns12:contactInformation>
                           <ns8:phoneNumber type="phone">025783660</ns8:phoneNumber>
                           <ns8:emailAddress type="email">rec.cd.huy@minfin.fed.be</ns8:emailAddress>
                        </ns12:contactInformation>
                     </ns12:institution>
                     <ns25:responsiblePerson>
                        <ns2:name>
                           <ns2:firstName>Testuser</ns2:firstName>
                           <ns2:lastName>testuser.enotrec01</ns2:lastName>
                        </ns2:name>
                        <ns8:contactInformation/>
                     </ns25:responsiblePerson>
                     <ns25:contactPerson>
                        <ns2:name>
                           <ns2:firstName>Testuser</ns2:firstName>
                           <ns2:lastName>EnotRec01</ns2:lastName>
                        </ns2:name>
                        <ns8:contactInformation>
                           <ns8:emailAddress type="email">testuser.enotrec01@guest.minfin.fed.be</ns8:emailAddress>
                        </ns8:contactInformation>
                     </ns25:contactPerson>
                  </ns25:requestorInformation>
               </ns25:administrativeInformation>
            </ns25:generalCaseInformation>
            <ns44:debtParty>
               <ns5:party partyID="005">
                  <ns5:residentialParty>false</ns5:residentialParty>
                  <ns6:naturalPerson>
                     <ns2:entityReference>
                        <ns2:source>notice1</ns2:source>
                        <ns2:entityID type="nationalNumber">68082123438</ns2:entityID>
                     </ns2:entityReference>
                     <ns6:personInformation>
                        <ns2:name>
                           <ns2:firstName>Yolande Adrienne</ns2:firstName>
                           <ns2:lastName>BUITER</ns2:lastName>
                        </ns2:name>
                        <address>
                           <location>
                              <country>
                                 <countryDescription>Belgium</countryDescription>
                                 <countryCode codeStandard="ISO">BE</countryCode>
                              </country>
                              <municipalityDescription>Verlaine</municipalityDescription>
                              <postalCode>4537</postalCode>
                           </location>
                           <street>Rue aux Raines</street>
                           <houseNumber>53</houseNumber>
                        </address>
                     </ns6:personInformation>
                  </ns6:naturalPerson>
               </ns5:party>
               <ns43:debt debtID="1">
                  <ns37:fiscaldebt>
                     <ns31:fiscalDebtDetails>
                        <ns31:debtType>VAT</ns31:debtType>
                        <ns31:declarations>
                           <ns31:negligenceClause>
                              <ns31:additionalIntrest>0</ns31:additionalIntrest>
                              <ns31:additionalIntrestFromDate>2015-01-21+01:00</ns31:additionalIntrestFromDate>
                           </ns31:negligenceClause>
                        </ns31:declarations>
                        <ns2:referencePeriod>
                           <ns2:startDate>2015-01-06+01:00</ns2:startDate>
                           <ns2:endDate>2015-01-13+01:00</ns2:endDate>
                        </ns2:referencePeriod>
                        <ns31:totalDebt>45</ns31:totalDebt>
                        <ns31:debtBreakdown>
                           <ns31:debtSubType>VAT</ns31:debtSubType>
                           <ns31:debtSubAmount>45</ns31:debtSubAmount>
                        </ns31:debtBreakdown>
                        <ns31:debtBreakdown>
                           <ns31:debtSubType>IM</ns31:debtSubType>
                           <ns31:debtSubAmount>0</ns31:debtSubAmount>
                        </ns31:debtBreakdown>
                        <ns31:debtBreakdown>
                           <ns31:debtSubType>INTEREST</ns31:debtSubType>
                           <ns31:debtSubAmount>0</ns31:debtSubAmount>
                        </ns31:debtBreakdown>
                        <ns31:debtBreakdown>
                           <ns31:debtSubType>FINES</ns31:debtSubType>
                           <ns31:debtSubAmount>0</ns31:debtSubAmount>
                        </ns31:debtBreakdown>
                        <ns31:debtBreakdown>
                           <ns31:debtSubType>COST</ns31:debtSubType>
                           <ns31:debtSubAmount>0</ns31:debtSubAmount>
                        </ns31:debtBreakdown>
                     </ns31:fiscalDebtDetails>
                     <ns32:officialProclamation/>
                     <ns33:beneficiary>
                        <ns33:beneficiaryName>CTRI Namur</ns33:beneficiaryName>
                        <ns33:structuredMessage>N99998745412NOT/</ns33:structuredMessage>
                        <ns33:amount>45</ns33:amount>
                        <ns34:bankAccount>
                           <ns34:ibanNumber>BE42 6792 0034 9254</ns34:ibanNumber>
                           <ns34:bicCode>PCHQBEBB</ns34:bicCode>
                           <ns34:accountName>CTRI Namur</ns34:accountName>
                           <address>
                              <location>
                                 <country>
                                    <countryCode codeStandard="ISO">BE</countryCode>
                                 </country>
                                 <municipalityDescription language="fr">Namur</municipalityDescription>
                                 <postalCode>5000</postalCode>
                              </location>
                              <street>Rue des Bourgeois</street>
                              <houseNumber>7/Bloc B</houseNumber>
                           </address>
                        </ns34:bankAccount>
                     </ns33:beneficiary>
                     <ns35:debtDetailedInformation>
                        <ns35:calculationDate>2015-01-21+01:00</ns35:calculationDate>
                        <ns35:referentialNumber>999998745412</ns35:referentialNumber>
                     </ns35:debtDetailedInformation>
                  </ns37:fiscaldebt>
               </ns43:debt>
               <ns44:totalDebtAmount>45</ns44:totalDebtAmount>
            </ns44:debtParty>
            <ns45:legalBase>
               <ns45:legalSource>Code de la taxe sur la valeur ajout��e</ns45:legalSource>
               <ns45:legalBaseIdentifier>Article 93quater</ns45:legalBaseIdentifier>
            </ns45:legalBase>
            <ns27:technical>
               <ns26:Signature>
                  <ns26:SignedInfo>
                     <ns26:CanonicalizationMethod Algorithm="http://www.w3.org/TR/2001/REC-xml-c14n-20010315"/>
                     <ns26:SignatureMethod Algorithm="http://www.w3.org/2000/09/xmldsig#rsa-sha1"/>
                     <ns26:Reference URI="#signMe">
                        <ns26:DigestMethod Algorithm="http://www.w3.org/2000/09/xmldsig#sha1"/>
                        <ns26:DigestValue>CbUOX9jTy0uYSCKDVQl6peUatJ8=</ns26:DigestValue>
                     </ns26:Reference>
                  </ns26:SignedInfo>
                  <ns26:SignatureValue>WBXEECQtMTWGGq5EGO+5kyVw1kJefLsfHVA/5eYB6pZ3GOZ7LOLc/jAhKbqxeV3qdWiMGx3VzgvdF4ZaMB2HS1fLmnOmNDXHhrrqYQJ51LGDvex39k7/xAJAmuub7MDtfAu08WBTVpmQ5khGL9ZrYOXr5RoG70BrlWNr+37FekM=</ns26:SignatureValue>
                  <ns26:KeyInfo>
                     <ns26:X509Data>
                        <ns26:X509SubjectName>ST=Brussels,L=Brussels,OU=Belgian Federal Government,O=Federal Public Service Finances,CN=Test SPF Finances - FOD Financien,C=BE</ns26:X509SubjectName>
                        <ns26:X509Certificate>MIIDKzCCApSgAwIBAgIJAIkxAL2MG081MA0GCSqGSIb3DQEBBQUAMIGuMQswCQYDVQQGEwJCRTEqMCgGA1UEAxMhVGVzdCBTUEYgRmluYW5jZXMgLSBGT0QgRmluYW5jaWVuMSgwJgYDVQQKEx9GZWRlcmFsIFB1YmxpYyBTZXJ2aWNlIEZpbmFuY2VzMSMwIQYDVQQLExpCZWxnaWFuIEZlZGVyYWwgR292ZXJubWVudDERMA8GA1UEBxMIQnJ1c3NlbHMxETAPBgNVBAgTCEJydXNzZWxzMB4XDTA4MDUwNjA4MDcyMFoXDTE4MDUwNzA4MDcyMFowga4xCzAJBgNVBAYTAkJFMSowKAYDVQQDEyFUZXN0IFNQRiBGaW5hbmNlcyAtIEZPRCBGaW5hbmNpZW4xKDAmBgNVBAoTH0ZlZGVyYWwgUHVibGljIFNlcnZpY2UgRmluYW5jZXMxIzAhBgNVBAsTGkJlbGdpYW4gRmVkZXJhbCBHb3Zlcm5tZW50MREwDwYDVQQHEwhCcnVzc2VsczERMA8GA1UECBMIQnJ1c3NlbHMwgZ8wDQYJKoZIhvcNAQEBBQADgY0AMIGJAoGBAJ8T/80iF50FvothkWOZDsZUPKM52fxhNdKMT+E/lODqejyJ2iQkjEuW5yJKo0lXNj+Gxwfl99bD16IJMagbrxBnJPwR7SeS3JQ0IaLkOorOoeZkZLFoFMSfZWT9uCf6Qf/uNMQtRnX2351P1OF3cld68uFGUNS8U93OqxS9R/ZvAgMBAAGjTzBNMAwGA1UdEwQFMAMBAf8wCwYDVR0PBAQDAgTwMB0GA1UdJQQWMBQGCCsGAQUFBwMCBggrBgEFBQcDBDARBglghkgBhvhCAQEEBAMCBLAwDQYJKoZIhvcNAQEFBQADgYEATnEO8juTdcZtwzvl5EHnZ9+6cEM9rsWuQtq43UXw4RqveHWUE+Cn2ElMPiyuxLLzkzQTbcDYxI9FgVAXFEmqPf7Jii2PpHIlo8yHWCWMuPP0OykMF6YuCtyutKJBbGuTT36gNVAUEPeD34fzB5pgy2aG5wQTQctRdDz07CVM3cI=</ns26:X509Certificate>
                     </ns26:X509Data>
                  </ns26:KeyInfo>
               </ns26:Signature>
            </ns27:technical>
         </ns46:debtNotification>
         </v1:request>
      </v1:fiscalDebtNotificationRequest>
   </soapenv:Body>
</soapenv:Envelope>]]></con:request><con:credentials><con:selectedAuthProfile>Basic</con:selectedAuthProfile><con:addedBasicAuthenticationTypes>Basic</con:addedBasicAuthenticationTypes><con:authType>Global HTTP Settings</con:authType></con:credentials><con:jmsConfig JMSDeliveryMode="PERSISTENT"/><con:jmsPropertyConfig/><con:wsaConfig mustUnderstand="NONE" version="200508" action="http://fidus.brussels/services/fourthwaydebtservice/fiscalDebtNotification"/><con:wsrmConfig version="1.2"/></con:call><con:call id="93882381-3f6b-4394-8312-57efd0de15c3" name="3 - Test - Worker1 - Request" outgoingWss="Outflow TEST" incomingWss="Inflow TEST"><con:settings><con:setting id="com.eviware.soapui.impl.wsdl.WsdlRequest@request-headers">&lt;xml-fragment/></con:setting></con:settings><con:encoding>UTF-8</con:encoding><con:endpoint>https://192.168.22.53:8443/services/FourthWayDebtService_v1.0</con:endpoint><con:request><![CDATA[<soapenv:Envelope xmlns:soapenv="http://schemas.xmlsoap.org/soap/envelope/" xmlns:v1="http://fidus.brussels/service/fourthwaydebtservice/messages/v1" xmlns:v11="http://fidus.brussels/type/common/messages/v1" xmlns:deb="http://fsb.belgium.be/FourthWayServices/debtnotification" xmlns:gen="http://fsb.belgium.be/FourthWayServices/generalcaseinformation" xmlns:dat="http://fsb.belgium.be/FourthWayServices/common/datatypes" xmlns:ins="http://fsb.belgium.be/FourthWayServices/institution" xmlns:add="http://fsb.belgium.be/FourthWayServices/common/addressinformation" xmlns:con="http://fsb.belgium.be/FourthWayServices/contact" xmlns:deb1="http://fsb.belgium.be/FourthWayServices/debtparty" xmlns:par="http://fsb.belgium.be/FourthWayServices/party" xmlns:debt="http://fsb.belgium.be/FourthWayServices/debt" xmlns:leg="http://fsb.belgium.be/FourthWayServices/legalbase" xmlns:tec="http://fsb.belgium.be/FourthWayServices/technical" xmlns:xd="http://www.w3.org/2000/09/xmldsig#">
   <soapenv:Header/>
   <soapenv:Body>
      <v1:fiscalDebtNotificationRequest>
         <v1:messageContext>
         	  <v11:messageId>${=import static java.util.UUID.randomUUID; uuid = randomUUID() as String}</v11:messageId>
            <v11:timestamp>${=new java.text.SimpleDateFormat("yyyy-MM-dd'T'HH:mm:ss.SSS").format(new Date())}</v11:timestamp>
         </v1:messageContext>
         <v1:legalContext>ServiceIntegrator</v1:legalContext>      
         <v1:request>
 		<ns46:debtNotification Id="SignMe" xmlns:ns50="http://be.belgium.fsb/fourthWayService/Debt" xmlns="http://fsb.belgium.be/FourthWayServices/common/addressinformation" xmlns:ns10="http://fsb.belgium.be/FourthWayServices/shipinformation" xmlns:ns11="http://fsb.belgium.be/FourthWayServices/selfemployed" xmlns:ns12="http://fsb.belgium.be/FourthWayServices/institution" xmlns:ns13="http://fsb.belgium.be/FourthWayServices/enterprise" xmlns:ns14="http://fsb.belgium.be/FourthWayServices/honorbaseddeclarations" xmlns:ns15="http://fsb.belgium.be/FourthWayServices/unregisteredparty" xmlns:ns16="http://fsb.belgium.be/FourthWayServices/partnerdescription" xmlns:ns17="http://fsb.belgium.be/FourthWayServices/mortgagegoods" xmlns:ns18="http://fsb.belgium.be/FourthWayServices/deficitcaseinformation" xmlns:ns19="http://fsb.belgium.be/FourthWayServices/debtinquiry" xmlns:ns2="http://fsb.belgium.be/FourthWayServices/common/datatypes" xmlns:ns20="http://fsb.belgium.be/FourthWayServices/immovablegoodtransaction" xmlns:ns21="http://fsb.belgium.be/FourthWayServices/movablegoodtransaction" xmlns:ns22="http://fsb.belgium.be/FourthWayServices/inheritanceinformation" xmlns:ns23="http://fsb.belgium.be/FourthWayServices/successiontransaction" xmlns:ns24="http://fsb.belgium.be/FourthWayServices/fourthwaymessage" xmlns:ns25="http://fsb.belgium.be/FourthWayServices/generalcaseinformation" xmlns:ns26="http://www.w3.org/2000/09/xmldsig#" xmlns:ns27="http://fsb.belgium.be/FourthWayServices/technical" xmlns:ns28="http://fsb.belgium.be/FourthWayServices/acknowledgementinformation" xmlns:ns29="http://fsb.belgium.be/FourthWayServices/error" xmlns:ns3="http://fsb.belgium.be/FourthWayServices/salesinformation" xmlns:ns30="http://fsb.belgium.be/FourthWayServices/businesserror" xmlns:ns31="http://fsb.belgium.be/FourthWayServices/fiscaldebtdetails" xmlns:ns32="http://fsb.belgium.be/FourthWayServices/officialproclamation" xmlns:ns33="http://fsb.belgium.be/FourthWayServices/beneficiary" xmlns:ns34="http://fsb.belgium.be/FourthWayServices/common/bankaccount" xmlns:ns35="http://fsb.belgium.be/FourthWayServices/debtdetailedinformation" xmlns:ns36="http://fsb.belgium.be/FourthWayServices/debtsolidarity" xmlns:ns37="http://fsb.belgium.be/FourthWayServices/fiscaldebt" xmlns:ns38="http://fsb.belgium.be/FourthWayServices/socialdebtdetails" xmlns:ns39="http://fsb.belgium.be/FourthWayServices/debtinformation" xmlns:ns4="http://fsb.belgium.be/FourthWayServices/gooddescription" xmlns:ns40="http://fsb.belgium.be/FourthWayServices/socialdebt" xmlns:ns41="http://fsb.belgium.be/FourthWayServices/fiscalregionflandersdebtdetails" xmlns:ns42="http://fsb.belgium.be/FourthWayServices/fiscalregionflandersdebt" xmlns:ns43="http://fsb.belgium.be/FourthWayServices/debt" xmlns:ns44="http://fsb.belgium.be/FourthWayServices/debtparty" xmlns:ns45="http://fsb.belgium.be/FourthWayServices/legalbase" xmlns:ns46="http://fsb.belgium.be/FourthWayServices/debtnotification" xmlns:ns47="http://fsb.belgium.be/FourthWayServices/debtdeficitnotification" xmlns:ns48="http://fsb.belgium.be/FourthWayServices/header" xmlns:ns49="http://fsb.belgium.be/header" xmlns:ns5="http://fsb.belgium.be/FourthWayServices/party" xmlns:ns51="http://fsb.belgium.be/FourthWayServices/technicalack" xmlns:ns52="http://fsb.belgium.be/FourthWayServices/functionalack" xmlns:ns6="http://fsb.belgium.be/FourthWayServices/naturalperson" xmlns:ns7="http://fsb.belgium.be/FourthWayServices/nonresident" xmlns:ns8="http://fsb.belgium.be/FourthWayServices/contact" xmlns:ns9="http://fsb.belgium.be/FourthWayServices/propertyinformation">
            <ns25:generalCaseInformation>
               <ns25:administrativeInformation>
                  <ns25:language>FR</ns25:language>
                  <ns25:caseNumber>2444080.210115.0167</ns25:caseNumber>
                  <ns25:transactionType>3</ns25:transactionType>
                  <ns25:procedureNumber>ENOT4000000419570</ns25:procedureNumber>
                  <ns25:replacedProcedureNumber xsi:nil="true" xmlns:xsi="http://www.w3.org/2001/XMLSchema-instance"/>
                  <ns25:requestDate>2015-01-21T14:50:02.446+01:00</ns25:requestDate>
                  <ns25:origin>
                     <ns2:origin>
                        <ns2:partner>FPS Finance</ns2:partner>
                        <ns2:partnerCode codeType="KBO">0308357159</ns2:partnerCode>
                     </ns2:origin>
                  </ns25:origin>
                  <ns25:destinations>
                     <ns2:destination>
                        <ns2:partner>FRNB</ns2:partner>
                        <ns2:partnerCode codeType="KBO">0409357321</ns2:partnerCode>
                     </ns2:destination>
                  </ns25:destinations>
                  <ns25:requestorInformation>
                     <ns12:institution>
                        <ns12:institutionType>Federal</ns12:institutionType>
                        <ns12:institutionName>Huy</ns12:institutionName>
                        <ns12:institutionIdentificationNumber type="CDDB">600904</ns12:institutionIdentificationNumber>
                        <address>
                           <location>
                              <country>
                                 <countryCode codeStandard="ISO">BE</countryCode>
                              </country>
                              <postalCode>4500</postalCode>
                           </location>
                           <street>Avenue Albert 1er</street>
                           <houseNumber>8/10</houseNumber>
                        </address>
                        <ns12:contactInformation>
                           <ns8:phoneNumber type="phone">025783660</ns8:phoneNumber>
                           <ns8:emailAddress type="email">rec.cd.huy@minfin.fed.be</ns8:emailAddress>
                        </ns12:contactInformation>
                     </ns12:institution>
                     <ns25:responsiblePerson>
                        <ns2:name>
                           <ns2:firstName>Testuser</ns2:firstName>
                           <ns2:lastName>testuser.enotrec01</ns2:lastName>
                        </ns2:name>
                        <ns8:contactInformation/>
                     </ns25:responsiblePerson>
                     <ns25:contactPerson>
                        <ns2:name>
                           <ns2:firstName>Testuser</ns2:firstName>
                           <ns2:lastName>EnotRec01</ns2:lastName>
                        </ns2:name>
                        <ns8:contactInformation>
                           <ns8:emailAddress type="email">testuser.enotrec01@guest.minfin.fed.be</ns8:emailAddress>
                        </ns8:contactInformation>
                     </ns25:contactPerson>
                  </ns25:requestorInformation>
               </ns25:administrativeInformation>
            </ns25:generalCaseInformation>
            <ns44:debtParty>
               <ns5:party partyID="005">
                  <ns5:residentialParty>false</ns5:residentialParty>
                  <ns6:naturalPerson>
                     <ns2:entityReference>
                        <ns2:source>notice1</ns2:source>
                        <ns2:entityID type="nationalNumber">68082123438</ns2:entityID>
                     </ns2:entityReference>
                     <ns6:personInformation>
                        <ns2:name>
                           <ns2:firstName>Yolande Adrienne</ns2:firstName>
                           <ns2:lastName>BUITER</ns2:lastName>
                        </ns2:name>
                        <address>
                           <location>
                              <country>
                                 <countryDescription>Belgium</countryDescription>
                                 <countryCode codeStandard="ISO">BE</countryCode>
                              </country>
                              <municipalityDescription>Verlaine</municipalityDescription>
                              <postalCode>4537</postalCode>
                           </location>
                           <street>Rue aux Raines</street>
                           <houseNumber>53</houseNumber>
                        </address>
                     </ns6:personInformation>
                  </ns6:naturalPerson>
               </ns5:party>
               <ns43:debt debtID="1">
                  <ns37:fiscaldebt>
                     <ns31:fiscalDebtDetails>
                        <ns31:debtType>VAT</ns31:debtType>
                        <ns31:declarations>
                           <ns31:negligenceClause>
                              <ns31:additionalIntrest>0</ns31:additionalIntrest>
                              <ns31:additionalIntrestFromDate>2015-01-21+01:00</ns31:additionalIntrestFromDate>
                           </ns31:negligenceClause>
                        </ns31:declarations>
                        <ns2:referencePeriod>
                           <ns2:startDate>2015-01-06+01:00</ns2:startDate>
                           <ns2:endDate>2015-01-13+01:00</ns2:endDate>
                        </ns2:referencePeriod>
                        <ns31:totalDebt>45</ns31:totalDebt>
                        <ns31:debtBreakdown>
                           <ns31:debtSubType>VAT</ns31:debtSubType>
                           <ns31:debtSubAmount>45</ns31:debtSubAmount>
                        </ns31:debtBreakdown>
                        <ns31:debtBreakdown>
                           <ns31:debtSubType>IM</ns31:debtSubType>
                           <ns31:debtSubAmount>0</ns31:debtSubAmount>
                        </ns31:debtBreakdown>
                        <ns31:debtBreakdown>
                           <ns31:debtSubType>INTEREST</ns31:debtSubType>
                           <ns31:debtSubAmount>0</ns31:debtSubAmount>
                        </ns31:debtBreakdown>
                        <ns31:debtBreakdown>
                           <ns31:debtSubType>FINES</ns31:debtSubType>
                           <ns31:debtSubAmount>0</ns31:debtSubAmount>
                        </ns31:debtBreakdown>
                        <ns31:debtBreakdown>
                           <ns31:debtSubType>COST</ns31:debtSubType>
                           <ns31:debtSubAmount>0</ns31:debtSubAmount>
                        </ns31:debtBreakdown>
                     </ns31:fiscalDebtDetails>
                     <ns32:officialProclamation/>
                     <ns33:beneficiary>
                        <ns33:beneficiaryName>CTRI Namur</ns33:beneficiaryName>
                        <ns33:structuredMessage>N99998745412NOT/</ns33:structuredMessage>
                        <ns33:amount>45</ns33:amount>
                        <ns34:bankAccount>
                           <ns34:ibanNumber>BE42 6792 0034 9254</ns34:ibanNumber>
                           <ns34:bicCode>PCHQBEBB</ns34:bicCode>
                           <ns34:accountName>CTRI Namur</ns34:accountName>
                           <address>
                              <location>
                                 <country>
                                    <countryCode codeStandard="ISO">BE</countryCode>
                                 </country>
                                 <municipalityDescription language="fr">Namur</municipalityDescription>
                                 <postalCode>5000</postalCode>
                              </location>
                              <street>Rue des Bourgeois</street>
                              <houseNumber>7/Bloc B</houseNumber>
                           </address>
                        </ns34:bankAccount>
                     </ns33:beneficiary>
                     <ns35:debtDetailedInformation>
                        <ns35:calculationDate>2015-01-21+01:00</ns35:calculationDate>
                        <ns35:referentialNumber>999998745412</ns35:referentialNumber>
                     </ns35:debtDetailedInformation>
                  </ns37:fiscaldebt>
               </ns43:debt>
               <ns44:totalDebtAmount>45</ns44:totalDebtAmount>
            </ns44:debtParty>
            <ns45:legalBase>
               <ns45:legalSource>Code de la taxe sur la valeur ajout��e</ns45:legalSource>
               <ns45:legalBaseIdentifier>Article 93quater</ns45:legalBaseIdentifier>
            </ns45:legalBase>
            <ns27:technical>
               <ns26:Signature>
                  <ns26:SignedInfo>
                     <ns26:CanonicalizationMethod Algorithm="http://www.w3.org/TR/2001/REC-xml-c14n-20010315"/>
                     <ns26:SignatureMethod Algorithm="http://www.w3.org/2000/09/xmldsig#rsa-sha1"/>
                     <ns26:Reference URI="#signMe">
                        <ns26:DigestMethod Algorithm="http://www.w3.org/2000/09/xmldsig#sha1"/>
                        <ns26:DigestValue>CbUOX9jTy0uYSCKDVQl6peUatJ8=</ns26:DigestValue>
                     </ns26:Reference>
                  </ns26:SignedInfo>
                  <ns26:SignatureValue>WBXEECQtMTWGGq5EGO+5kyVw1kJefLsfHVA/5eYB6pZ3GOZ7LOLc/jAhKbqxeV3qdWiMGx3VzgvdF4ZaMB2HS1fLmnOmNDXHhrrqYQJ51LGDvex39k7/xAJAmuub7MDtfAu08WBTVpmQ5khGL9ZrYOXr5RoG70BrlWNr+37FekM=</ns26:SignatureValue>
                  <ns26:KeyInfo>
                     <ns26:X509Data>
                        <ns26:X509SubjectName>ST=Brussels,L=Brussels,OU=Belgian Federal Government,O=Federal Public Service Finances,CN=Test SPF Finances - FOD Financien,C=BE</ns26:X509SubjectName>
                        <ns26:X509Certificate>MIIDKzCCApSgAwIBAgIJAIkxAL2MG081MA0GCSqGSIb3DQEBBQUAMIGuMQswCQYDVQQGEwJCRTEqMCgGA1UEAxMhVGVzdCBTUEYgRmluYW5jZXMgLSBGT0QgRmluYW5jaWVuMSgwJgYDVQQKEx9GZWRlcmFsIFB1YmxpYyBTZXJ2aWNlIEZpbmFuY2VzMSMwIQYDVQQLExpCZWxnaWFuIEZlZGVyYWwgR292ZXJubWVudDERMA8GA1UEBxMIQnJ1c3NlbHMxETAPBgNVBAgTCEJydXNzZWxzMB4XDTA4MDUwNjA4MDcyMFoXDTE4MDUwNzA4MDcyMFowga4xCzAJBgNVBAYTAkJFMSowKAYDVQQDEyFUZXN0IFNQRiBGaW5hbmNlcyAtIEZPRCBGaW5hbmNpZW4xKDAmBgNVBAoTH0ZlZGVyYWwgUHVibGljIFNlcnZpY2UgRmluYW5jZXMxIzAhBgNVBAsTGkJlbGdpYW4gRmVkZXJhbCBHb3Zlcm5tZW50MREwDwYDVQQHEwhCcnVzc2VsczERMA8GA1UECBMIQnJ1c3NlbHMwgZ8wDQYJKoZIhvcNAQEBBQADgY0AMIGJAoGBAJ8T/80iF50FvothkWOZDsZUPKM52fxhNdKMT+E/lODqejyJ2iQkjEuW5yJKo0lXNj+Gxwfl99bD16IJMagbrxBnJPwR7SeS3JQ0IaLkOorOoeZkZLFoFMSfZWT9uCf6Qf/uNMQtRnX2351P1OF3cld68uFGUNS8U93OqxS9R/ZvAgMBAAGjTzBNMAwGA1UdEwQFMAMBAf8wCwYDVR0PBAQDAgTwMB0GA1UdJQQWMBQGCCsGAQUFBwMCBggrBgEFBQcDBDARBglghkgBhvhCAQEEBAMCBLAwDQYJKoZIhvcNAQEFBQADgYEATnEO8juTdcZtwzvl5EHnZ9+6cEM9rsWuQtq43UXw4RqveHWUE+Cn2ElMPiyuxLLzkzQTbcDYxI9FgVAXFEmqPf7Jii2PpHIlo8yHWCWMuPP0OykMF6YuCtyutKJBbGuTT36gNVAUEPeD34fzB5pgy2aG5wQTQctRdDz07CVM3cI=</ns26:X509Certificate>
                     </ns26:X509Data>
                  </ns26:KeyInfo>
               </ns26:Signature>
            </ns27:technical>
         </ns46:debtNotification>
         </v1:request>
      </v1:fiscalDebtNotificationRequest>
   </soapenv:Body>
</soapenv:Envelope>]]></con:request><con:credentials><con:selectedAuthProfile>Basic</con:selectedAuthProfile><con:addedBasicAuthenticationTypes>Basic</con:addedBasicAuthenticationTypes><con:authType>Global HTTP Settings</con:authType></con:credentials><con:jmsConfig JMSDeliveryMode="PERSISTENT"/><con:jmsPropertyConfig/><con:wsaConfig mustUnderstand="NONE" version="200508" action="http://fidus.brussels/services/fourthwaydebtservice/fiscalDebtNotification"/><con:wsrmConfig version="1.2"/></con:call><con:call id="cb3eae02-5d2a-4d12-9c82-12935f68d8d5" name="3 - Test - Worker2 - Request" outgoingWss="Outflow TEST" incomingWss="Inflow TEST"><con:settings><con:setting id="com.eviware.soapui.impl.wsdl.WsdlRequest@request-headers">&lt;xml-fragment/></con:setting></con:settings><con:encoding>UTF-8</con:encoding><con:endpoint>https://192.168.22.54:8443/services/FourthWayDebtService_v1.0</con:endpoint><con:request><![CDATA[<soapenv:Envelope xmlns:soapenv="http://schemas.xmlsoap.org/soap/envelope/" xmlns:v1="http://fidus.brussels/service/fourthwaydebtservice/messages/v1" xmlns:v11="http://fidus.brussels/type/common/messages/v1" xmlns:deb="http://fsb.belgium.be/FourthWayServices/debtnotification" xmlns:gen="http://fsb.belgium.be/FourthWayServices/generalcaseinformation" xmlns:dat="http://fsb.belgium.be/FourthWayServices/common/datatypes" xmlns:ins="http://fsb.belgium.be/FourthWayServices/institution" xmlns:add="http://fsb.belgium.be/FourthWayServices/common/addressinformation" xmlns:con="http://fsb.belgium.be/FourthWayServices/contact" xmlns:deb1="http://fsb.belgium.be/FourthWayServices/debtparty" xmlns:par="http://fsb.belgium.be/FourthWayServices/party" xmlns:debt="http://fsb.belgium.be/FourthWayServices/debt" xmlns:leg="http://fsb.belgium.be/FourthWayServices/legalbase" xmlns:tec="http://fsb.belgium.be/FourthWayServices/technical" xmlns:xd="http://www.w3.org/2000/09/xmldsig#">
   <soapenv:Header/>
   <soapenv:Body>
      <v1:fiscalDebtNotificationRequest>
         <v1:messageContext>
         	  <v11:messageId>${=import static java.util.UUID.randomUUID; uuid = randomUUID() as String}</v11:messageId>
            <v11:timestamp>${=new java.text.SimpleDateFormat("yyyy-MM-dd'T'HH:mm:ss.SSS").format(new Date())}</v11:timestamp>
         </v1:messageContext>
         <v1:legalContext>ServiceIntegrator</v1:legalContext>      
         <v1:request>
 		<ns46:debtNotification Id="SignMe" xmlns:ns50="http://be.belgium.fsb/fourthWayService/Debt" xmlns="http://fsb.belgium.be/FourthWayServices/common/addressinformation" xmlns:ns10="http://fsb.belgium.be/FourthWayServices/shipinformation" xmlns:ns11="http://fsb.belgium.be/FourthWayServices/selfemployed" xmlns:ns12="http://fsb.belgium.be/FourthWayServices/institution" xmlns:ns13="http://fsb.belgium.be/FourthWayServices/enterprise" xmlns:ns14="http://fsb.belgium.be/FourthWayServices/honorbaseddeclarations" xmlns:ns15="http://fsb.belgium.be/FourthWayServices/unregisteredparty" xmlns:ns16="http://fsb.belgium.be/FourthWayServices/partnerdescription" xmlns:ns17="http://fsb.belgium.be/FourthWayServices/mortgagegoods" xmlns:ns18="http://fsb.belgium.be/FourthWayServices/deficitcaseinformation" xmlns:ns19="http://fsb.belgium.be/FourthWayServices/debtinquiry" xmlns:ns2="http://fsb.belgium.be/FourthWayServices/common/datatypes" xmlns:ns20="http://fsb.belgium.be/FourthWayServices/immovablegoodtransaction" xmlns:ns21="http://fsb.belgium.be/FourthWayServices/movablegoodtransaction" xmlns:ns22="http://fsb.belgium.be/FourthWayServices/inheritanceinformation" xmlns:ns23="http://fsb.belgium.be/FourthWayServices/successiontransaction" xmlns:ns24="http://fsb.belgium.be/FourthWayServices/fourthwaymessage" xmlns:ns25="http://fsb.belgium.be/FourthWayServices/generalcaseinformation" xmlns:ns26="http://www.w3.org/2000/09/xmldsig#" xmlns:ns27="http://fsb.belgium.be/FourthWayServices/technical" xmlns:ns28="http://fsb.belgium.be/FourthWayServices/acknowledgementinformation" xmlns:ns29="http://fsb.belgium.be/FourthWayServices/error" xmlns:ns3="http://fsb.belgium.be/FourthWayServices/salesinformation" xmlns:ns30="http://fsb.belgium.be/FourthWayServices/businesserror" xmlns:ns31="http://fsb.belgium.be/FourthWayServices/fiscaldebtdetails" xmlns:ns32="http://fsb.belgium.be/FourthWayServices/officialproclamation" xmlns:ns33="http://fsb.belgium.be/FourthWayServices/beneficiary" xmlns:ns34="http://fsb.belgium.be/FourthWayServices/common/bankaccount" xmlns:ns35="http://fsb.belgium.be/FourthWayServices/debtdetailedinformation" xmlns:ns36="http://fsb.belgium.be/FourthWayServices/debtsolidarity" xmlns:ns37="http://fsb.belgium.be/FourthWayServices/fiscaldebt" xmlns:ns38="http://fsb.belgium.be/FourthWayServices/socialdebtdetails" xmlns:ns39="http://fsb.belgium.be/FourthWayServices/debtinformation" xmlns:ns4="http://fsb.belgium.be/FourthWayServices/gooddescription" xmlns:ns40="http://fsb.belgium.be/FourthWayServices/socialdebt" xmlns:ns41="http://fsb.belgium.be/FourthWayServices/fiscalregionflandersdebtdetails" xmlns:ns42="http://fsb.belgium.be/FourthWayServices/fiscalregionflandersdebt" xmlns:ns43="http://fsb.belgium.be/FourthWayServices/debt" xmlns:ns44="http://fsb.belgium.be/FourthWayServices/debtparty" xmlns:ns45="http://fsb.belgium.be/FourthWayServices/legalbase" xmlns:ns46="http://fsb.belgium.be/FourthWayServices/debtnotification" xmlns:ns47="http://fsb.belgium.be/FourthWayServices/debtdeficitnotification" xmlns:ns48="http://fsb.belgium.be/FourthWayServices/header" xmlns:ns49="http://fsb.belgium.be/header" xmlns:ns5="http://fsb.belgium.be/FourthWayServices/party" xmlns:ns51="http://fsb.belgium.be/FourthWayServices/technicalack" xmlns:ns52="http://fsb.belgium.be/FourthWayServices/functionalack" xmlns:ns6="http://fsb.belgium.be/FourthWayServices/naturalperson" xmlns:ns7="http://fsb.belgium.be/FourthWayServices/nonresident" xmlns:ns8="http://fsb.belgium.be/FourthWayServices/contact" xmlns:ns9="http://fsb.belgium.be/FourthWayServices/propertyinformation">
            <ns25:generalCaseInformation>
               <ns25:administrativeInformation>
                  <ns25:language>FR</ns25:language>
                  <ns25:caseNumber>2444080.210115.0167</ns25:caseNumber>
                  <ns25:transactionType>3</ns25:transactionType>
                  <ns25:procedureNumber>ENOT4000000419570</ns25:procedureNumber>
                  <ns25:replacedProcedureNumber xsi:nil="true" xmlns:xsi="http://www.w3.org/2001/XMLSchema-instance"/>
                  <ns25:requestDate>2015-01-21T14:50:02.446+01:00</ns25:requestDate>
                  <ns25:origin>
                     <ns2:origin>
                        <ns2:partner>FPS Finance</ns2:partner>
                        <ns2:partnerCode codeType="KBO">0308357159</ns2:partnerCode>
                     </ns2:origin>
                  </ns25:origin>
                  <ns25:destinations>
                     <ns2:destination>
                        <ns2:partner>FRNB</ns2:partner>
                        <ns2:partnerCode codeType="KBO">0409357321</ns2:partnerCode>
                     </ns2:destination>
                  </ns25:destinations>
                  <ns25:requestorInformation>
                     <ns12:institution>
                        <ns12:institutionType>Federal</ns12:institutionType>
                        <ns12:institutionName>Huy</ns12:institutionName>
                        <ns12:institutionIdentificationNumber type="CDDB">600904</ns12:institutionIdentificationNumber>
                        <address>
                           <location>
                              <country>
                                 <countryCode codeStandard="ISO">BE</countryCode>
                              </country>
                              <postalCode>4500</postalCode>
                           </location>
                           <street>Avenue Albert 1er</street>
                           <houseNumber>8/10</houseNumber>
                        </address>
                        <ns12:contactInformation>
                           <ns8:phoneNumber type="phone">025783660</ns8:phoneNumber>
                           <ns8:emailAddress type="email">rec.cd.huy@minfin.fed.be</ns8:emailAddress>
                        </ns12:contactInformation>
                     </ns12:institution>
                     <ns25:responsiblePerson>
                        <ns2:name>
                           <ns2:firstName>Testuser</ns2:firstName>
                           <ns2:lastName>testuser.enotrec01</ns2:lastName>
                        </ns2:name>
                        <ns8:contactInformation/>
                     </ns25:responsiblePerson>
                     <ns25:contactPerson>
                        <ns2:name>
                           <ns2:firstName>Testuser</ns2:firstName>
                           <ns2:lastName>EnotRec01</ns2:lastName>
                        </ns2:name>
                        <ns8:contactInformation>
                           <ns8:emailAddress type="email">testuser.enotrec01@guest.minfin.fed.be</ns8:emailAddress>
                        </ns8:contactInformation>
                     </ns25:contactPerson>
                  </ns25:requestorInformation>
               </ns25:administrativeInformation>
            </ns25:generalCaseInformation>
            <ns44:debtParty>
               <ns5:party partyID="005">
                  <ns5:residentialParty>false</ns5:residentialParty>
                  <ns6:naturalPerson>
                     <ns2:entityReference>
                        <ns2:source>notice1</ns2:source>
                        <ns2:entityID type="nationalNumber">68082123438</ns2:entityID>
                     </ns2:entityReference>
                     <ns6:personInformation>
                        <ns2:name>
                           <ns2:firstName>Yolande Adrienne</ns2:firstName>
                           <ns2:lastName>BUITER</ns2:lastName>
                        </ns2:name>
                        <address>
                           <location>
                              <country>
                                 <countryDescription>Belgium</countryDescription>
                                 <countryCode codeStandard="ISO">BE</countryCode>
                              </country>
                              <municipalityDescription>Verlaine</municipalityDescription>
                              <postalCode>4537</postalCode>
                           </location>
                           <street>Rue aux Raines</street>
                           <houseNumber>53</houseNumber>
                        </address>
                     </ns6:personInformation>
                  </ns6:naturalPerson>
               </ns5:party>
               <ns43:debt debtID="1">
                  <ns37:fiscaldebt>
                     <ns31:fiscalDebtDetails>
                        <ns31:debtType>VAT</ns31:debtType>
                        <ns31:declarations>
                           <ns31:negligenceClause>
                              <ns31:additionalIntrest>0</ns31:additionalIntrest>
                              <ns31:additionalIntrestFromDate>2015-01-21+01:00</ns31:additionalIntrestFromDate>
                           </ns31:negligenceClause>
                        </ns31:declarations>
                        <ns2:referencePeriod>
                           <ns2:startDate>2015-01-06+01:00</ns2:startDate>
                           <ns2:endDate>2015-01-13+01:00</ns2:endDate>
                        </ns2:referencePeriod>
                        <ns31:totalDebt>45</ns31:totalDebt>
                        <ns31:debtBreakdown>
                           <ns31:debtSubType>VAT</ns31:debtSubType>
                           <ns31:debtSubAmount>45</ns31:debtSubAmount>
                        </ns31:debtBreakdown>
                        <ns31:debtBreakdown>
                           <ns31:debtSubType>IM</ns31:debtSubType>
                           <ns31:debtSubAmount>0</ns31:debtSubAmount>
                        </ns31:debtBreakdown>
                        <ns31:debtBreakdown>
                           <ns31:debtSubType>INTEREST</ns31:debtSubType>
                           <ns31:debtSubAmount>0</ns31:debtSubAmount>
                        </ns31:debtBreakdown>
                        <ns31:debtBreakdown>
                           <ns31:debtSubType>FINES</ns31:debtSubType>
                           <ns31:debtSubAmount>0</ns31:debtSubAmount>
                        </ns31:debtBreakdown>
                        <ns31:debtBreakdown>
                           <ns31:debtSubType>COST</ns31:debtSubType>
                           <ns31:debtSubAmount>0</ns31:debtSubAmount>
                        </ns31:debtBreakdown>
                     </ns31:fiscalDebtDetails>
                     <ns32:officialProclamation/>
                     <ns33:beneficiary>
                        <ns33:beneficiaryName>CTRI Namur</ns33:beneficiaryName>
                        <ns33:structuredMessage>N99998745412NOT/</ns33:structuredMessage>
                        <ns33:amount>45</ns33:amount>
                        <ns34:bankAccount>
                           <ns34:ibanNumber>BE42 6792 0034 9254</ns34:ibanNumber>
                           <ns34:bicCode>PCHQBEBB</ns34:bicCode>
                           <ns34:accountName>CTRI Namur</ns34:accountName>
                           <address>
                              <location>
                                 <country>
                                    <countryCode codeStandard="ISO">BE</countryCode>
                                 </country>
                                 <municipalityDescription language="fr">Namur</municipalityDescription>
                                 <postalCode>5000</postalCode>
                              </location>
                              <street>Rue des Bourgeois</street>
                              <houseNumber>7/Bloc B</houseNumber>
                           </address>
                        </ns34:bankAccount>
                     </ns33:beneficiary>
                     <ns35:debtDetailedInformation>
                        <ns35:calculationDate>2015-01-21+01:00</ns35:calculationDate>
                        <ns35:referentialNumber>999998745412</ns35:referentialNumber>
                     </ns35:debtDetailedInformation>
                  </ns37:fiscaldebt>
               </ns43:debt>
               <ns44:totalDebtAmount>45</ns44:totalDebtAmount>
            </ns44:debtParty>
            <ns45:legalBase>
               <ns45:legalSource>Code de la taxe sur la valeur ajout��e</ns45:legalSource>
               <ns45:legalBaseIdentifier>Article 93quater</ns45:legalBaseIdentifier>
            </ns45:legalBase>
            <ns27:technical>
               <ns26:Signature>
                  <ns26:SignedInfo>
                     <ns26:CanonicalizationMethod Algorithm="http://www.w3.org/TR/2001/REC-xml-c14n-20010315"/>
                     <ns26:SignatureMethod Algorithm="http://www.w3.org/2000/09/xmldsig#rsa-sha1"/>
                     <ns26:Reference URI="#signMe">
                        <ns26:DigestMethod Algorithm="http://www.w3.org/2000/09/xmldsig#sha1"/>
                        <ns26:DigestValue>CbUOX9jTy0uYSCKDVQl6peUatJ8=</ns26:DigestValue>
                     </ns26:Reference>
                  </ns26:SignedInfo>
                  <ns26:SignatureValue>WBXEECQtMTWGGq5EGO+5kyVw1kJefLsfHVA/5eYB6pZ3GOZ7LOLc/jAhKbqxeV3qdWiMGx3VzgvdF4ZaMB2HS1fLmnOmNDXHhrrqYQJ51LGDvex39k7/xAJAmuub7MDtfAu08WBTVpmQ5khGL9ZrYOXr5RoG70BrlWNr+37FekM=</ns26:SignatureValue>
                  <ns26:KeyInfo>
                     <ns26:X509Data>
                        <ns26:X509SubjectName>ST=Brussels,L=Brussels,OU=Belgian Federal Government,O=Federal Public Service Finances,CN=Test SPF Finances - FOD Financien,C=BE</ns26:X509SubjectName>
                        <ns26:X509Certificate>MIIDKzCCApSgAwIBAgIJAIkxAL2MG081MA0GCSqGSIb3DQEBBQUAMIGuMQswCQYDVQQGEwJCRTEqMCgGA1UEAxMhVGVzdCBTUEYgRmluYW5jZXMgLSBGT0QgRmluYW5jaWVuMSgwJgYDVQQKEx9GZWRlcmFsIFB1YmxpYyBTZXJ2aWNlIEZpbmFuY2VzMSMwIQYDVQQLExpCZWxnaWFuIEZlZGVyYWwgR292ZXJubWVudDERMA8GA1UEBxMIQnJ1c3NlbHMxETAPBgNVBAgTCEJydXNzZWxzMB4XDTA4MDUwNjA4MDcyMFoXDTE4MDUwNzA4MDcyMFowga4xCzAJBgNVBAYTAkJFMSowKAYDVQQDEyFUZXN0IFNQRiBGaW5hbmNlcyAtIEZPRCBGaW5hbmNpZW4xKDAmBgNVBAoTH0ZlZGVyYWwgUHVibGljIFNlcnZpY2UgRmluYW5jZXMxIzAhBgNVBAsTGkJlbGdpYW4gRmVkZXJhbCBHb3Zlcm5tZW50MREwDwYDVQQHEwhCcnVzc2VsczERMA8GA1UECBMIQnJ1c3NlbHMwgZ8wDQYJKoZIhvcNAQEBBQADgY0AMIGJAoGBAJ8T/80iF50FvothkWOZDsZUPKM52fxhNdKMT+E/lODqejyJ2iQkjEuW5yJKo0lXNj+Gxwfl99bD16IJMagbrxBnJPwR7SeS3JQ0IaLkOorOoeZkZLFoFMSfZWT9uCf6Qf/uNMQtRnX2351P1OF3cld68uFGUNS8U93OqxS9R/ZvAgMBAAGjTzBNMAwGA1UdEwQFMAMBAf8wCwYDVR0PBAQDAgTwMB0GA1UdJQQWMBQGCCsGAQUFBwMCBggrBgEFBQcDBDARBglghkgBhvhCAQEEBAMCBLAwDQYJKoZIhvcNAQEFBQADgYEATnEO8juTdcZtwzvl5EHnZ9+6cEM9rsWuQtq43UXw4RqveHWUE+Cn2ElMPiyuxLLzkzQTbcDYxI9FgVAXFEmqPf7Jii2PpHIlo8yHWCWMuPP0OykMF6YuCtyutKJBbGuTT36gNVAUEPeD34fzB5pgy2aG5wQTQctRdDz07CVM3cI=</ns26:X509Certificate>
                     </ns26:X509Data>
                  </ns26:KeyInfo>
               </ns26:Signature>
            </ns27:technical>
         </ns46:debtNotification>
         </v1:request>
      </v1:fiscalDebtNotificationRequest>
   </soapenv:Body>
</soapenv:Envelope>]]></con:request><con:credentials><con:selectedAuthProfile>Basic</con:selectedAuthProfile><con:addedBasicAuthenticationTypes>Basic</con:addedBasicAuthenticationTypes><con:authType>Global HTTP Settings</con:authType></con:credentials><con:jmsConfig JMSDeliveryMode="PERSISTENT"/><con:jmsPropertyConfig/><con:wsaConfig mustUnderstand="NONE" version="200508" action="http://fidus.brussels/services/fourthwaydebtservice/fiscalDebtNotification"/><con:wsrmConfig version="1.2"/></con:call><con:call id="dc5a289d-b6ca-4b7d-99ee-d9212a382de8" name="4 - Staging - Worker2 - Request" outgoingWss="Outflow STAG" incomingWss="Inflow STAG"><con:settings><con:setting id="com.eviware.soapui.impl.wsdl.WsdlRequest@request-headers">&lt;xml-fragment/></con:setting></con:settings><con:encoding>UTF-8</con:encoding><con:endpoint>https://192.168.24.17:8443/services/FourthWayDebtService_v1.0</con:endpoint><con:request><![CDATA[<soapenv:Envelope xmlns:soapenv="http://schemas.xmlsoap.org/soap/envelope/" xmlns:v1="http://fidus.brussels/service/fourthwaydebtservice/messages/v1" xmlns:v11="http://fidus.brussels/type/common/messages/v1" xmlns:deb="http://fsb.belgium.be/FourthWayServices/debtnotification" xmlns:gen="http://fsb.belgium.be/FourthWayServices/generalcaseinformation" xmlns:dat="http://fsb.belgium.be/FourthWayServices/common/datatypes" xmlns:ins="http://fsb.belgium.be/FourthWayServices/institution" xmlns:add="http://fsb.belgium.be/FourthWayServices/common/addressinformation" xmlns:con="http://fsb.belgium.be/FourthWayServices/contact" xmlns:deb1="http://fsb.belgium.be/FourthWayServices/debtparty" xmlns:par="http://fsb.belgium.be/FourthWayServices/party" xmlns:debt="http://fsb.belgium.be/FourthWayServices/debt" xmlns:leg="http://fsb.belgium.be/FourthWayServices/legalbase" xmlns:tec="http://fsb.belgium.be/FourthWayServices/technical" xmlns:xd="http://www.w3.org/2000/09/xmldsig#">
   <soapenv:Header/>
   <soapenv:Body>
      <v1:fiscalDebtNotificationRequest>
         <v1:messageContext>
         	  <v11:messageId>${=import static java.util.UUID.randomUUID; uuid = randomUUID() as String}</v11:messageId>
            <v11:timestamp>${=new java.text.SimpleDateFormat("yyyy-MM-dd'T'HH:mm:ss.SSS").format(new Date())}</v11:timestamp>
         </v1:messageContext>
         <v1:legalContext>ServiceIntegrator</v1:legalContext>      
         <v1:request>
 		<ns46:debtNotification Id="SignMe" xmlns:ns50="http://be.belgium.fsb/fourthWayService/Debt" xmlns="http://fsb.belgium.be/FourthWayServices/common/addressinformation" xmlns:ns10="http://fsb.belgium.be/FourthWayServices/shipinformation" xmlns:ns11="http://fsb.belgium.be/FourthWayServices/selfemployed" xmlns:ns12="http://fsb.belgium.be/FourthWayServices/institution" xmlns:ns13="http://fsb.belgium.be/FourthWayServices/enterprise" xmlns:ns14="http://fsb.belgium.be/FourthWayServices/honorbaseddeclarations" xmlns:ns15="http://fsb.belgium.be/FourthWayServices/unregisteredparty" xmlns:ns16="http://fsb.belgium.be/FourthWayServices/partnerdescription" xmlns:ns17="http://fsb.belgium.be/FourthWayServices/mortgagegoods" xmlns:ns18="http://fsb.belgium.be/FourthWayServices/deficitcaseinformation" xmlns:ns19="http://fsb.belgium.be/FourthWayServices/debtinquiry" xmlns:ns2="http://fsb.belgium.be/FourthWayServices/common/datatypes" xmlns:ns20="http://fsb.belgium.be/FourthWayServices/immovablegoodtransaction" xmlns:ns21="http://fsb.belgium.be/FourthWayServices/movablegoodtransaction" xmlns:ns22="http://fsb.belgium.be/FourthWayServices/inheritanceinformation" xmlns:ns23="http://fsb.belgium.be/FourthWayServices/successiontransaction" xmlns:ns24="http://fsb.belgium.be/FourthWayServices/fourthwaymessage" xmlns:ns25="http://fsb.belgium.be/FourthWayServices/generalcaseinformation" xmlns:ns26="http://www.w3.org/2000/09/xmldsig#" xmlns:ns27="http://fsb.belgium.be/FourthWayServices/technical" xmlns:ns28="http://fsb.belgium.be/FourthWayServices/acknowledgementinformation" xmlns:ns29="http://fsb.belgium.be/FourthWayServices/error" xmlns:ns3="http://fsb.belgium.be/FourthWayServices/salesinformation" xmlns:ns30="http://fsb.belgium.be/FourthWayServices/businesserror" xmlns:ns31="http://fsb.belgium.be/FourthWayServices/fiscaldebtdetails" xmlns:ns32="http://fsb.belgium.be/FourthWayServices/officialproclamation" xmlns:ns33="http://fsb.belgium.be/FourthWayServices/beneficiary" xmlns:ns34="http://fsb.belgium.be/FourthWayServices/common/bankaccount" xmlns:ns35="http://fsb.belgium.be/FourthWayServices/debtdetailedinformation" xmlns:ns36="http://fsb.belgium.be/FourthWayServices/debtsolidarity" xmlns:ns37="http://fsb.belgium.be/FourthWayServices/fiscaldebt" xmlns:ns38="http://fsb.belgium.be/FourthWayServices/socialdebtdetails" xmlns:ns39="http://fsb.belgium.be/FourthWayServices/debtinformation" xmlns:ns4="http://fsb.belgium.be/FourthWayServices/gooddescription" xmlns:ns40="http://fsb.belgium.be/FourthWayServices/socialdebt" xmlns:ns41="http://fsb.belgium.be/FourthWayServices/fiscalregionflandersdebtdetails" xmlns:ns42="http://fsb.belgium.be/FourthWayServices/fiscalregionflandersdebt" xmlns:ns43="http://fsb.belgium.be/FourthWayServices/debt" xmlns:ns44="http://fsb.belgium.be/FourthWayServices/debtparty" xmlns:ns45="http://fsb.belgium.be/FourthWayServices/legalbase" xmlns:ns46="http://fsb.belgium.be/FourthWayServices/debtnotification" xmlns:ns47="http://fsb.belgium.be/FourthWayServices/debtdeficitnotification" xmlns:ns48="http://fsb.belgium.be/FourthWayServices/header" xmlns:ns49="http://fsb.belgium.be/header" xmlns:ns5="http://fsb.belgium.be/FourthWayServices/party" xmlns:ns51="http://fsb.belgium.be/FourthWayServices/technicalack" xmlns:ns52="http://fsb.belgium.be/FourthWayServices/functionalack" xmlns:ns6="http://fsb.belgium.be/FourthWayServices/naturalperson" xmlns:ns7="http://fsb.belgium.be/FourthWayServices/nonresident" xmlns:ns8="http://fsb.belgium.be/FourthWayServices/contact" xmlns:ns9="http://fsb.belgium.be/FourthWayServices/propertyinformation">
            <ns25:generalCaseInformation>
               <ns25:administrativeInformation>
                  <ns25:language>FR</ns25:language>
                  <ns25:caseNumber>2444080.210115.0167</ns25:caseNumber>
                  <ns25:transactionType>3</ns25:transactionType>
                  <ns25:procedureNumber>ENOT4000000419570</ns25:procedureNumber>
                  <ns25:replacedProcedureNumber xsi:nil="true" xmlns:xsi="http://www.w3.org/2001/XMLSchema-instance"/>
                  <ns25:requestDate>2015-01-21T14:50:02.446+01:00</ns25:requestDate>
                  <ns25:origin>
                     <ns2:origin>
                        <ns2:partner>FPS Finance</ns2:partner>
                        <ns2:partnerCode codeType="KBO">0308357159</ns2:partnerCode>
                     </ns2:origin>
                  </ns25:origin>
                  <ns25:destinations>
                     <ns2:destination>
                        <ns2:partner>FRNB</ns2:partner>
                        <ns2:partnerCode codeType="KBO">0409357321</ns2:partnerCode>
                     </ns2:destination>
                  </ns25:destinations>
                  <ns25:requestorInformation>
                     <ns12:institution>
                        <ns12:institutionType>Federal</ns12:institutionType>
                        <ns12:institutionName>Huy</ns12:institutionName>
                        <ns12:institutionIdentificationNumber type="CDDB">600904</ns12:institutionIdentificationNumber>
                        <address>
                           <location>
                              <country>
                                 <countryCode codeStandard="ISO">BE</countryCode>
                              </country>
                              <postalCode>4500</postalCode>
                           </location>
                           <street>Avenue Albert 1er</street>
                           <houseNumber>8/10</houseNumber>
                        </address>
                        <ns12:contactInformation>
                           <ns8:phoneNumber type="phone">025783660</ns8:phoneNumber>
                           <ns8:emailAddress type="email">rec.cd.huy@minfin.fed.be</ns8:emailAddress>
                        </ns12:contactInformation>
                     </ns12:institution>
                     <ns25:responsiblePerson>
                        <ns2:name>
                           <ns2:firstName>Testuser</ns2:firstName>
                           <ns2:lastName>testuser.enotrec01</ns2:lastName>
                        </ns2:name>
                        <ns8:contactInformation/>
                     </ns25:responsiblePerson>
                     <ns25:contactPerson>
                        <ns2:name>
                           <ns2:firstName>Testuser</ns2:firstName>
                           <ns2:lastName>EnotRec01</ns2:lastName>
                        </ns2:name>
                        <ns8:contactInformation>
                           <ns8:emailAddress type="email">testuser.enotrec01@guest.minfin.fed.be</ns8:emailAddress>
                        </ns8:contactInformation>
                     </ns25:contactPerson>
                  </ns25:requestorInformation>
               </ns25:administrativeInformation>
            </ns25:generalCaseInformation>
            <ns44:debtParty>
               <ns5:party partyID="005">
                  <ns5:residentialParty>false</ns5:residentialParty>
                  <ns6:naturalPerson>
                     <ns2:entityReference>
                        <ns2:source>notice1</ns2:source>
                        <ns2:entityID type="nationalNumber">68082123438</ns2:entityID>
                     </ns2:entityReference>
                     <ns6:personInformation>
                        <ns2:name>
                           <ns2:firstName>Yolande Adrienne</ns2:firstName>
                           <ns2:lastName>BUITER</ns2:lastName>
                        </ns2:name>
                        <address>
                           <location>
                              <country>
                                 <countryDescription>Belgium</countryDescription>
                                 <countryCode codeStandard="ISO">BE</countryCode>
                              </country>
                              <municipalityDescription>Verlaine</municipalityDescription>
                              <postalCode>4537</postalCode>
                           </location>
                           <street>Rue aux Raines</street>
                           <houseNumber>53</houseNumber>
                        </address>
                     </ns6:personInformation>
                  </ns6:naturalPerson>
               </ns5:party>
               <ns43:debt debtID="1">
                  <ns37:fiscaldebt>
                     <ns31:fiscalDebtDetails>
                        <ns31:debtType>VAT</ns31:debtType>
                        <ns31:declarations>
                           <ns31:negligenceClause>
                              <ns31:additionalIntrest>0</ns31:additionalIntrest>
                              <ns31:additionalIntrestFromDate>2015-01-21+01:00</ns31:additionalIntrestFromDate>
                           </ns31:negligenceClause>
                        </ns31:declarations>
                        <ns2:referencePeriod>
                           <ns2:startDate>2015-01-06+01:00</ns2:startDate>
                           <ns2:endDate>2015-01-13+01:00</ns2:endDate>
                        </ns2:referencePeriod>
                        <ns31:totalDebt>45</ns31:totalDebt>
                        <ns31:debtBreakdown>
                           <ns31:debtSubType>VAT</ns31:debtSubType>
                           <ns31:debtSubAmount>45</ns31:debtSubAmount>
                        </ns31:debtBreakdown>
                        <ns31:debtBreakdown>
                           <ns31:debtSubType>IM</ns31:debtSubType>
                           <ns31:debtSubAmount>0</ns31:debtSubAmount>
                        </ns31:debtBreakdown>
                        <ns31:debtBreakdown>
                           <ns31:debtSubType>INTEREST</ns31:debtSubType>
                           <ns31:debtSubAmount>0</ns31:debtSubAmount>
                        </ns31:debtBreakdown>
                        <ns31:debtBreakdown>
                           <ns31:debtSubType>FINES</ns31:debtSubType>
                           <ns31:debtSubAmount>0</ns31:debtSubAmount>
                        </ns31:debtBreakdown>
                        <ns31:debtBreakdown>
                           <ns31:debtSubType>COST</ns31:debtSubType>
                           <ns31:debtSubAmount>0</ns31:debtSubAmount>
                        </ns31:debtBreakdown>
                     </ns31:fiscalDebtDetails>
                     <ns32:officialProclamation/>
                     <ns33:beneficiary>
                        <ns33:beneficiaryName>CTRI Namur</ns33:beneficiaryName>
                        <ns33:structuredMessage>N99998745412NOT/</ns33:structuredMessage>
                        <ns33:amount>45</ns33:amount>
                        <ns34:bankAccount>
                           <ns34:ibanNumber>BE42 6792 0034 9254</ns34:ibanNumber>
                           <ns34:bicCode>PCHQBEBB</ns34:bicCode>
                           <ns34:accountName>CTRI Namur</ns34:accountName>
                           <address>
                              <location>
                                 <country>
                                    <countryCode codeStandard="ISO">BE</countryCode>
                                 </country>
                                 <municipalityDescription language="fr">Namur</municipalityDescription>
                                 <postalCode>5000</postalCode>
                              </location>
                              <street>Rue des Bourgeois</street>
                              <houseNumber>7/Bloc B</houseNumber>
                           </address>
                        </ns34:bankAccount>
                     </ns33:beneficiary>
                     <ns35:debtDetailedInformation>
                        <ns35:calculationDate>2015-01-21+01:00</ns35:calculationDate>
                        <ns35:referentialNumber>999998745412</ns35:referentialNumber>
                     </ns35:debtDetailedInformation>
                  </ns37:fiscaldebt>
               </ns43:debt>
               <ns44:totalDebtAmount>45</ns44:totalDebtAmount>
            </ns44:debtParty>
            <ns45:legalBase>
               <ns45:legalSource>Code de la taxe sur la valeur ajout��e</ns45:legalSource>
               <ns45:legalBaseIdentifier>Article 93quater</ns45:legalBaseIdentifier>
            </ns45:legalBase>
            <ns27:technical>
               <ns26:Signature>
                  <ns26:SignedInfo>
                     <ns26:CanonicalizationMethod Algorithm="http://www.w3.org/TR/2001/REC-xml-c14n-20010315"/>
                     <ns26:SignatureMethod Algorithm="http://www.w3.org/2000/09/xmldsig#rsa-sha1"/>
                     <ns26:Reference URI="#signMe">
                        <ns26:DigestMethod Algorithm="http://www.w3.org/2000/09/xmldsig#sha1"/>
                        <ns26:DigestValue>CbUOX9jTy0uYSCKDVQl6peUatJ8=</ns26:DigestValue>
                     </ns26:Reference>
                  </ns26:SignedInfo>
                  <ns26:SignatureValue>WBXEECQtMTWGGq5EGO+5kyVw1kJefLsfHVA/5eYB6pZ3GOZ7LOLc/jAhKbqxeV3qdWiMGx3VzgvdF4ZaMB2HS1fLmnOmNDXHhrrqYQJ51LGDvex39k7/xAJAmuub7MDtfAu08WBTVpmQ5khGL9ZrYOXr5RoG70BrlWNr+37FekM=</ns26:SignatureValue>
                  <ns26:KeyInfo>
                     <ns26:X509Data>
                        <ns26:X509SubjectName>ST=Brussels,L=Brussels,OU=Belgian Federal Government,O=Federal Public Service Finances,CN=Test SPF Finances - FOD Financien,C=BE</ns26:X509SubjectName>
                        <ns26:X509Certificate>MIIDKzCCApSgAwIBAgIJAIkxAL2MG081MA0GCSqGSIb3DQEBBQUAMIGuMQswCQYDVQQGEwJCRTEqMCgGA1UEAxMhVGVzdCBTUEYgRmluYW5jZXMgLSBGT0QgRmluYW5jaWVuMSgwJgYDVQQKEx9GZWRlcmFsIFB1YmxpYyBTZXJ2aWNlIEZpbmFuY2VzMSMwIQYDVQQLExpCZWxnaWFuIEZlZGVyYWwgR292ZXJubWVudDERMA8GA1UEBxMIQnJ1c3NlbHMxETAPBgNVBAgTCEJydXNzZWxzMB4XDTA4MDUwNjA4MDcyMFoXDTE4MDUwNzA4MDcyMFowga4xCzAJBgNVBAYTAkJFMSowKAYDVQQDEyFUZXN0IFNQRiBGaW5hbmNlcyAtIEZPRCBGaW5hbmNpZW4xKDAmBgNVBAoTH0ZlZGVyYWwgUHVibGljIFNlcnZpY2UgRmluYW5jZXMxIzAhBgNVBAsTGkJlbGdpYW4gRmVkZXJhbCBHb3Zlcm5tZW50MREwDwYDVQQHEwhCcnVzc2VsczERMA8GA1UECBMIQnJ1c3NlbHMwgZ8wDQYJKoZIhvcNAQEBBQADgY0AMIGJAoGBAJ8T/80iF50FvothkWOZDsZUPKM52fxhNdKMT+E/lODqejyJ2iQkjEuW5yJKo0lXNj+Gxwfl99bD16IJMagbrxBnJPwR7SeS3JQ0IaLkOorOoeZkZLFoFMSfZWT9uCf6Qf/uNMQtRnX2351P1OF3cld68uFGUNS8U93OqxS9R/ZvAgMBAAGjTzBNMAwGA1UdEwQFMAMBAf8wCwYDVR0PBAQDAgTwMB0GA1UdJQQWMBQGCCsGAQUFBwMCBggrBgEFBQcDBDARBglghkgBhvhCAQEEBAMCBLAwDQYJKoZIhvcNAQEFBQADgYEATnEO8juTdcZtwzvl5EHnZ9+6cEM9rsWuQtq43UXw4RqveHWUE+Cn2ElMPiyuxLLzkzQTbcDYxI9FgVAXFEmqPf7Jii2PpHIlo8yHWCWMuPP0OykMF6YuCtyutKJBbGuTT36gNVAUEPeD34fzB5pgy2aG5wQTQctRdDz07CVM3cI=</ns26:X509Certificate>
                     </ns26:X509Data>
                  </ns26:KeyInfo>
               </ns26:Signature>
            </ns27:technical>
         </ns46:debtNotification>
         </v1:request>
      </v1:fiscalDebtNotificationRequest>
   </soapenv:Body>
</soapenv:Envelope>]]></con:request><con:credentials><con:selectedAuthProfile>Basic</con:selectedAuthProfile><con:addedBasicAuthenticationTypes>Basic</con:addedBasicAuthenticationTypes><con:authType>Global HTTP Settings</con:authType></con:credentials><con:jmsConfig JMSDeliveryMode="PERSISTENT"/><con:jmsPropertyConfig/><con:wsaConfig mustUnderstand="NONE" version="200508" action="http://fidus.brussels/services/fourthwaydebtservice/fiscalDebtNotification"/><con:wsrmConfig version="1.2"/></con:call><con:call id="139af5db-9b7c-48fb-b217-8d3ff1a8705f" name="4 - Staging - Worker1 - Request" outgoingWss="Outflow STAG" incomingWss="Inflow STAG"><con:settings><con:setting id="com.eviware.soapui.impl.wsdl.WsdlRequest@request-headers">&lt;xml-fragment/></con:setting></con:settings><con:encoding>UTF-8</con:encoding><con:endpoint>https://192.168.24.16:8443/services/FourthWayDebtService_v1.0</con:endpoint><con:request><![CDATA[<soapenv:Envelope xmlns:soapenv="http://schemas.xmlsoap.org/soap/envelope/" xmlns:v1="http://fidus.brussels/service/fourthwaydebtservice/messages/v1" xmlns:v11="http://fidus.brussels/type/common/messages/v1" xmlns:deb="http://fsb.belgium.be/FourthWayServices/debtnotification" xmlns:gen="http://fsb.belgium.be/FourthWayServices/generalcaseinformation" xmlns:dat="http://fsb.belgium.be/FourthWayServices/common/datatypes" xmlns:ins="http://fsb.belgium.be/FourthWayServices/institution" xmlns:add="http://fsb.belgium.be/FourthWayServices/common/addressinformation" xmlns:con="http://fsb.belgium.be/FourthWayServices/contact" xmlns:deb1="http://fsb.belgium.be/FourthWayServices/debtparty" xmlns:par="http://fsb.belgium.be/FourthWayServices/party" xmlns:debt="http://fsb.belgium.be/FourthWayServices/debt" xmlns:leg="http://fsb.belgium.be/FourthWayServices/legalbase" xmlns:tec="http://fsb.belgium.be/FourthWayServices/technical" xmlns:xd="http://www.w3.org/2000/09/xmldsig#">
   <soapenv:Header/>
   <soapenv:Body>
      <v1:fiscalDebtNotificationRequest>
         <v1:messageContext>
         	  <v11:messageId>${=import static java.util.UUID.randomUUID; uuid = randomUUID() as String}</v11:messageId>
            <v11:timestamp>${=new java.text.SimpleDateFormat("yyyy-MM-dd'T'HH:mm:ss.SSS").format(new Date())}</v11:timestamp>
         </v1:messageContext>
         <v1:legalContext>ServiceIntegrator</v1:legalContext>      
         <v1:request>
 		<ns46:debtNotification Id="SignMe" xmlns:ns50="http://be.belgium.fsb/fourthWayService/Debt" xmlns="http://fsb.belgium.be/FourthWayServices/common/addressinformation" xmlns:ns10="http://fsb.belgium.be/FourthWayServices/shipinformation" xmlns:ns11="http://fsb.belgium.be/FourthWayServices/selfemployed" xmlns:ns12="http://fsb.belgium.be/FourthWayServices/institution" xmlns:ns13="http://fsb.belgium.be/FourthWayServices/enterprise" xmlns:ns14="http://fsb.belgium.be/FourthWayServices/honorbaseddeclarations" xmlns:ns15="http://fsb.belgium.be/FourthWayServices/unregisteredparty" xmlns:ns16="http://fsb.belgium.be/FourthWayServices/partnerdescription" xmlns:ns17="http://fsb.belgium.be/FourthWayServices/mortgagegoods" xmlns:ns18="http://fsb.belgium.be/FourthWayServices/deficitcaseinformation" xmlns:ns19="http://fsb.belgium.be/FourthWayServices/debtinquiry" xmlns:ns2="http://fsb.belgium.be/FourthWayServices/common/datatypes" xmlns:ns20="http://fsb.belgium.be/FourthWayServices/immovablegoodtransaction" xmlns:ns21="http://fsb.belgium.be/FourthWayServices/movablegoodtransaction" xmlns:ns22="http://fsb.belgium.be/FourthWayServices/inheritanceinformation" xmlns:ns23="http://fsb.belgium.be/FourthWayServices/successiontransaction" xmlns:ns24="http://fsb.belgium.be/FourthWayServices/fourthwaymessage" xmlns:ns25="http://fsb.belgium.be/FourthWayServices/generalcaseinformation" xmlns:ns26="http://www.w3.org/2000/09/xmldsig#" xmlns:ns27="http://fsb.belgium.be/FourthWayServices/technical" xmlns:ns28="http://fsb.belgium.be/FourthWayServices/acknowledgementinformation" xmlns:ns29="http://fsb.belgium.be/FourthWayServices/error" xmlns:ns3="http://fsb.belgium.be/FourthWayServices/salesinformation" xmlns:ns30="http://fsb.belgium.be/FourthWayServices/businesserror" xmlns:ns31="http://fsb.belgium.be/FourthWayServices/fiscaldebtdetails" xmlns:ns32="http://fsb.belgium.be/FourthWayServices/officialproclamation" xmlns:ns33="http://fsb.belgium.be/FourthWayServices/beneficiary" xmlns:ns34="http://fsb.belgium.be/FourthWayServices/common/bankaccount" xmlns:ns35="http://fsb.belgium.be/FourthWayServices/debtdetailedinformation" xmlns:ns36="http://fsb.belgium.be/FourthWayServices/debtsolidarity" xmlns:ns37="http://fsb.belgium.be/FourthWayServices/fiscaldebt" xmlns:ns38="http://fsb.belgium.be/FourthWayServices/socialdebtdetails" xmlns:ns39="http://fsb.belgium.be/FourthWayServices/debtinformation" xmlns:ns4="http://fsb.belgium.be/FourthWayServices/gooddescription" xmlns:ns40="http://fsb.belgium.be/FourthWayServices/socialdebt" xmlns:ns41="http://fsb.belgium.be/FourthWayServices/fiscalregionflandersdebtdetails" xmlns:ns42="http://fsb.belgium.be/FourthWayServices/fiscalregionflandersdebt" xmlns:ns43="http://fsb.belgium.be/FourthWayServices/debt" xmlns:ns44="http://fsb.belgium.be/FourthWayServices/debtparty" xmlns:ns45="http://fsb.belgium.be/FourthWayServices/legalbase" xmlns:ns46="http://fsb.belgium.be/FourthWayServices/debtnotification" xmlns:ns47="http://fsb.belgium.be/FourthWayServices/debtdeficitnotification" xmlns:ns48="http://fsb.belgium.be/FourthWayServices/header" xmlns:ns49="http://fsb.belgium.be/header" xmlns:ns5="http://fsb.belgium.be/FourthWayServices/party" xmlns:ns51="http://fsb.belgium.be/FourthWayServices/technicalack" xmlns:ns52="http://fsb.belgium.be/FourthWayServices/functionalack" xmlns:ns6="http://fsb.belgium.be/FourthWayServices/naturalperson" xmlns:ns7="http://fsb.belgium.be/FourthWayServices/nonresident" xmlns:ns8="http://fsb.belgium.be/FourthWayServices/contact" xmlns:ns9="http://fsb.belgium.be/FourthWayServices/propertyinformation">
            <ns25:generalCaseInformation>
               <ns25:administrativeInformation>
                  <ns25:language>FR</ns25:language>
                  <ns25:caseNumber>2444080.210115.0167</ns25:caseNumber>
                  <ns25:transactionType>3</ns25:transactionType>
                  <ns25:procedureNumber>ENOT4000000419570</ns25:procedureNumber>
                  <ns25:replacedProcedureNumber xsi:nil="true" xmlns:xsi="http://www.w3.org/2001/XMLSchema-instance"/>
                  <ns25:requestDate>2015-01-21T14:50:02.446+01:00</ns25:requestDate>
                  <ns25:origin>
                     <ns2:origin>
                        <ns2:partner>FPS Finance</ns2:partner>
                        <ns2:partnerCode codeType="KBO">0308357159</ns2:partnerCode>
                     </ns2:origin>
                  </ns25:origin>
                  <ns25:destinations>
                     <ns2:destination>
                        <ns2:partner>FRNB</ns2:partner>
                        <ns2:partnerCode codeType="KBO">0409357321</ns2:partnerCode>
                     </ns2:destination>
                  </ns25:destinations>
                  <ns25:requestorInformation>
                     <ns12:institution>
                        <ns12:institutionType>Federal</ns12:institutionType>
                        <ns12:institutionName>Huy</ns12:institutionName>
                        <ns12:institutionIdentificationNumber type="CDDB">600904</ns12:institutionIdentificationNumber>
                        <address>
                           <location>
                              <country>
                                 <countryCode codeStandard="ISO">BE</countryCode>
                              </country>
                              <postalCode>4500</postalCode>
                           </location>
                           <street>Avenue Albert 1er</street>
                           <houseNumber>8/10</houseNumber>
                        </address>
                        <ns12:contactInformation>
                           <ns8:phoneNumber type="phone">025783660</ns8:phoneNumber>
                           <ns8:emailAddress type="email">rec.cd.huy@minfin.fed.be</ns8:emailAddress>
                        </ns12:contactInformation>
                     </ns12:institution>
                     <ns25:responsiblePerson>
                        <ns2:name>
                           <ns2:firstName>Testuser</ns2:firstName>
                           <ns2:lastName>testuser.enotrec01</ns2:lastName>
                        </ns2:name>
                        <ns8:contactInformation/>
                     </ns25:responsiblePerson>
                     <ns25:contactPerson>
                        <ns2:name>
                           <ns2:firstName>Testuser</ns2:firstName>
                           <ns2:lastName>EnotRec01</ns2:lastName>
                        </ns2:name>
                        <ns8:contactInformation>
                           <ns8:emailAddress type="email">testuser.enotrec01@guest.minfin.fed.be</ns8:emailAddress>
                        </ns8:contactInformation>
                     </ns25:contactPerson>
                  </ns25:requestorInformation>
               </ns25:administrativeInformation>
            </ns25:generalCaseInformation>
            <ns44:debtParty>
               <ns5:party partyID="005">
                  <ns5:residentialParty>false</ns5:residentialParty>
                  <ns6:naturalPerson>
                     <ns2:entityReference>
                        <ns2:source>notice1</ns2:source>
                        <ns2:entityID type="nationalNumber">68082123438</ns2:entityID>
                     </ns2:entityReference>
                     <ns6:personInformation>
                        <ns2:name>
                           <ns2:firstName>Yolande Adrienne</ns2:firstName>
                           <ns2:lastName>BUITER</ns2:lastName>
                        </ns2:name>
                        <address>
                           <location>
                              <country>
                                 <countryDescription>Belgium</countryDescription>
                                 <countryCode codeStandard="ISO">BE</countryCode>
                              </country>
                              <municipalityDescription>Verlaine</municipalityDescription>
                              <postalCode>4537</postalCode>
                           </location>
                           <street>Rue aux Raines</street>
                           <houseNumber>53</houseNumber>
                        </address>
                     </ns6:personInformation>
                  </ns6:naturalPerson>
               </ns5:party>
               <ns43:debt debtID="1">
                  <ns37:fiscaldebt>
                     <ns31:fiscalDebtDetails>
                        <ns31:debtType>VAT</ns31:debtType>
                        <ns31:declarations>
                           <ns31:negligenceClause>
                              <ns31:additionalIntrest>0</ns31:additionalIntrest>
                              <ns31:additionalIntrestFromDate>2015-01-21+01:00</ns31:additionalIntrestFromDate>
                           </ns31:negligenceClause>
                        </ns31:declarations>
                        <ns2:referencePeriod>
                           <ns2:startDate>2015-01-06+01:00</ns2:startDate>
                           <ns2:endDate>2015-01-13+01:00</ns2:endDate>
                        </ns2:referencePeriod>
                        <ns31:totalDebt>45</ns31:totalDebt>
                        <ns31:debtBreakdown>
                           <ns31:debtSubType>VAT</ns31:debtSubType>
                           <ns31:debtSubAmount>45</ns31:debtSubAmount>
                        </ns31:debtBreakdown>
                        <ns31:debtBreakdown>
                           <ns31:debtSubType>IM</ns31:debtSubType>
                           <ns31:debtSubAmount>0</ns31:debtSubAmount>
                        </ns31:debtBreakdown>
                        <ns31:debtBreakdown>
                           <ns31:debtSubType>INTEREST</ns31:debtSubType>
                           <ns31:debtSubAmount>0</ns31:debtSubAmount>
                        </ns31:debtBreakdown>
                        <ns31:debtBreakdown>
                           <ns31:debtSubType>FINES</ns31:debtSubType>
                           <ns31:debtSubAmount>0</ns31:debtSubAmount>
                        </ns31:debtBreakdown>
                        <ns31:debtBreakdown>
                           <ns31:debtSubType>COST</ns31:debtSubType>
                           <ns31:debtSubAmount>0</ns31:debtSubAmount>
                        </ns31:debtBreakdown>
                     </ns31:fiscalDebtDetails>
                     <ns32:officialProclamation/>
                     <ns33:beneficiary>
                        <ns33:beneficiaryName>CTRI Namur</ns33:beneficiaryName>
                        <ns33:structuredMessage>N99998745412NOT/</ns33:structuredMessage>
                        <ns33:amount>45</ns33:amount>
                        <ns34:bankAccount>
                           <ns34:ibanNumber>BE42 6792 0034 9254</ns34:ibanNumber>
                           <ns34:bicCode>PCHQBEBB</ns34:bicCode>
                           <ns34:accountName>CTRI Namur</ns34:accountName>
                           <address>
                              <location>
                                 <country>
                                    <countryCode codeStandard="ISO">BE</countryCode>
                                 </country>
                                 <municipalityDescription language="fr">Namur</municipalityDescription>
                                 <postalCode>5000</postalCode>
                              </location>
                              <street>Rue des Bourgeois</street>
                              <houseNumber>7/Bloc B</houseNumber>
                           </address>
                        </ns34:bankAccount>
                     </ns33:beneficiary>
                     <ns35:debtDetailedInformation>
                        <ns35:calculationDate>2015-01-21+01:00</ns35:calculationDate>
                        <ns35:referentialNumber>999998745412</ns35:referentialNumber>
                     </ns35:debtDetailedInformation>
                  </ns37:fiscaldebt>
               </ns43:debt>
               <ns44:totalDebtAmount>45</ns44:totalDebtAmount>
            </ns44:debtParty>
            <ns45:legalBase>
               <ns45:legalSource>Code de la taxe sur la valeur ajout��e</ns45:legalSource>
               <ns45:legalBaseIdentifier>Article 93quater</ns45:legalBaseIdentifier>
            </ns45:legalBase>
            <ns27:technical>
               <ns26:Signature>
                  <ns26:SignedInfo>
                     <ns26:CanonicalizationMethod Algorithm="http://www.w3.org/TR/2001/REC-xml-c14n-20010315"/>
                     <ns26:SignatureMethod Algorithm="http://www.w3.org/2000/09/xmldsig#rsa-sha1"/>
                     <ns26:Reference URI="#signMe">
                        <ns26:DigestMethod Algorithm="http://www.w3.org/2000/09/xmldsig#sha1"/>
                        <ns26:DigestValue>CbUOX9jTy0uYSCKDVQl6peUatJ8=</ns26:DigestValue>
                     </ns26:Reference>
                  </ns26:SignedInfo>
                  <ns26:SignatureValue>WBXEECQtMTWGGq5EGO+5kyVw1kJefLsfHVA/5eYB6pZ3GOZ7LOLc/jAhKbqxeV3qdWiMGx3VzgvdF4ZaMB2HS1fLmnOmNDXHhrrqYQJ51LGDvex39k7/xAJAmuub7MDtfAu08WBTVpmQ5khGL9ZrYOXr5RoG70BrlWNr+37FekM=</ns26:SignatureValue>
                  <ns26:KeyInfo>
                     <ns26:X509Data>
                        <ns26:X509SubjectName>ST=Brussels,L=Brussels,OU=Belgian Federal Government,O=Federal Public Service Finances,CN=Test SPF Finances - FOD Financien,C=BE</ns26:X509SubjectName>
                        <ns26:X509Certificate>MIIDKzCCApSgAwIBAgIJAIkxAL2MG081MA0GCSqGSIb3DQEBBQUAMIGuMQswCQYDVQQGEwJCRTEqMCgGA1UEAxMhVGVzdCBTUEYgRmluYW5jZXMgLSBGT0QgRmluYW5jaWVuMSgwJgYDVQQKEx9GZWRlcmFsIFB1YmxpYyBTZXJ2aWNlIEZpbmFuY2VzMSMwIQYDVQQLExpCZWxnaWFuIEZlZGVyYWwgR292ZXJubWVudDERMA8GA1UEBxMIQnJ1c3NlbHMxETAPBgNVBAgTCEJydXNzZWxzMB4XDTA4MDUwNjA4MDcyMFoXDTE4MDUwNzA4MDcyMFowga4xCzAJBgNVBAYTAkJFMSowKAYDVQQDEyFUZXN0IFNQRiBGaW5hbmNlcyAtIEZPRCBGaW5hbmNpZW4xKDAmBgNVBAoTH0ZlZGVyYWwgUHVibGljIFNlcnZpY2UgRmluYW5jZXMxIzAhBgNVBAsTGkJlbGdpYW4gRmVkZXJhbCBHb3Zlcm5tZW50MREwDwYDVQQHEwhCcnVzc2VsczERMA8GA1UECBMIQnJ1c3NlbHMwgZ8wDQYJKoZIhvcNAQEBBQADgY0AMIGJAoGBAJ8T/80iF50FvothkWOZDsZUPKM52fxhNdKMT+E/lODqejyJ2iQkjEuW5yJKo0lXNj+Gxwfl99bD16IJMagbrxBnJPwR7SeS3JQ0IaLkOorOoeZkZLFoFMSfZWT9uCf6Qf/uNMQtRnX2351P1OF3cld68uFGUNS8U93OqxS9R/ZvAgMBAAGjTzBNMAwGA1UdEwQFMAMBAf8wCwYDVR0PBAQDAgTwMB0GA1UdJQQWMBQGCCsGAQUFBwMCBggrBgEFBQcDBDARBglghkgBhvhCAQEEBAMCBLAwDQYJKoZIhvcNAQEFBQADgYEATnEO8juTdcZtwzvl5EHnZ9+6cEM9rsWuQtq43UXw4RqveHWUE+Cn2ElMPiyuxLLzkzQTbcDYxI9FgVAXFEmqPf7Jii2PpHIlo8yHWCWMuPP0OykMF6YuCtyutKJBbGuTT36gNVAUEPeD34fzB5pgy2aG5wQTQctRdDz07CVM3cI=</ns26:X509Certificate>
                     </ns26:X509Data>
                  </ns26:KeyInfo>
               </ns26:Signature>
            </ns27:technical>
         </ns46:debtNotification>
         </v1:request>
      </v1:fiscalDebtNotificationRequest>
   </soapenv:Body>
</soapenv:Envelope>]]></con:request><con:credentials><con:selectedAuthProfile>Basic</con:selectedAuthProfile><con:addedBasicAuthenticationTypes>Basic</con:addedBasicAuthenticationTypes><con:authType>Global HTTP Settings</con:authType></con:credentials><con:jmsConfig JMSDeliveryMode="PERSISTENT"/><con:jmsPropertyConfig/><con:wsaConfig mustUnderstand="NONE" version="200508" action="http://fidus.brussels/services/fourthwaydebtservice/fiscalDebtNotification"/><con:wsrmConfig version="1.2"/></con:call><con:call id="0e8ecad9-f711-41aa-b63d-6694ca1c8b64" name="4 - Staging - LB - Request" outgoingWss="Outflow STAG" incomingWss="Inflow STAG"><con:settings><con:setting id="com.eviware.soapui.impl.wsdl.WsdlRequest@request-headers">&lt;xml-fragment/></con:setting></con:settings><con:encoding>UTF-8</con:encoding><con:endpoint>https://fidus-esb-sg.sta.srv.cirb.lan:8443/services/FourthWayDebtService_v1.0</con:endpoint><con:request><![CDATA[<soapenv:Envelope xmlns:soapenv="http://schemas.xmlsoap.org/soap/envelope/" xmlns:v1="http://fidus.brussels/service/fourthwaydebtservice/messages/v1" xmlns:v11="http://fidus.brussels/type/common/messages/v1" xmlns:deb="http://fsb.belgium.be/FourthWayServices/debtnotification" xmlns:gen="http://fsb.belgium.be/FourthWayServices/generalcaseinformation" xmlns:dat="http://fsb.belgium.be/FourthWayServices/common/datatypes" xmlns:ins="http://fsb.belgium.be/FourthWayServices/institution" xmlns:add="http://fsb.belgium.be/FourthWayServices/common/addressinformation" xmlns:con="http://fsb.belgium.be/FourthWayServices/contact" xmlns:deb1="http://fsb.belgium.be/FourthWayServices/debtparty" xmlns:par="http://fsb.belgium.be/FourthWayServices/party" xmlns:debt="http://fsb.belgium.be/FourthWayServices/debt" xmlns:leg="http://fsb.belgium.be/FourthWayServices/legalbase" xmlns:tec="http://fsb.belgium.be/FourthWayServices/technical" xmlns:xd="http://www.w3.org/2000/09/xmldsig#">
   <soapenv:Header/>
   <soapenv:Body>
      <v1:fiscalDebtNotificationRequest>
         <v1:messageContext>
         	  <v11:messageId>${=import static java.util.UUID.randomUUID; uuid = randomUUID() as String}</v11:messageId>
            <v11:timestamp>${=new java.text.SimpleDateFormat("yyyy-MM-dd'T'HH:mm:ss.SSS").format(new Date())}</v11:timestamp>
         </v1:messageContext>
         <v1:legalContext>ServiceIntegrator</v1:legalContext>      
         <v1:request>
 		<ns46:debtNotification Id="SignMe" xmlns:ns50="http://be.belgium.fsb/fourthWayService/Debt" xmlns="http://fsb.belgium.be/FourthWayServices/common/addressinformation" xmlns:ns10="http://fsb.belgium.be/FourthWayServices/shipinformation" xmlns:ns11="http://fsb.belgium.be/FourthWayServices/selfemployed" xmlns:ns12="http://fsb.belgium.be/FourthWayServices/institution" xmlns:ns13="http://fsb.belgium.be/FourthWayServices/enterprise" xmlns:ns14="http://fsb.belgium.be/FourthWayServices/honorbaseddeclarations" xmlns:ns15="http://fsb.belgium.be/FourthWayServices/unregisteredparty" xmlns:ns16="http://fsb.belgium.be/FourthWayServices/partnerdescription" xmlns:ns17="http://fsb.belgium.be/FourthWayServices/mortgagegoods" xmlns:ns18="http://fsb.belgium.be/FourthWayServices/deficitcaseinformation" xmlns:ns19="http://fsb.belgium.be/FourthWayServices/debtinquiry" xmlns:ns2="http://fsb.belgium.be/FourthWayServices/common/datatypes" xmlns:ns20="http://fsb.belgium.be/FourthWayServices/immovablegoodtransaction" xmlns:ns21="http://fsb.belgium.be/FourthWayServices/movablegoodtransaction" xmlns:ns22="http://fsb.belgium.be/FourthWayServices/inheritanceinformation" xmlns:ns23="http://fsb.belgium.be/FourthWayServices/successiontransaction" xmlns:ns24="http://fsb.belgium.be/FourthWayServices/fourthwaymessage" xmlns:ns25="http://fsb.belgium.be/FourthWayServices/generalcaseinformation" xmlns:ns26="http://www.w3.org/2000/09/xmldsig#" xmlns:ns27="http://fsb.belgium.be/FourthWayServices/technical" xmlns:ns28="http://fsb.belgium.be/FourthWayServices/acknowledgementinformation" xmlns:ns29="http://fsb.belgium.be/FourthWayServices/error" xmlns:ns3="http://fsb.belgium.be/FourthWayServices/salesinformation" xmlns:ns30="http://fsb.belgium.be/FourthWayServices/businesserror" xmlns:ns31="http://fsb.belgium.be/FourthWayServices/fiscaldebtdetails" xmlns:ns32="http://fsb.belgium.be/FourthWayServices/officialproclamation" xmlns:ns33="http://fsb.belgium.be/FourthWayServices/beneficiary" xmlns:ns34="http://fsb.belgium.be/FourthWayServices/common/bankaccount" xmlns:ns35="http://fsb.belgium.be/FourthWayServices/debtdetailedinformation" xmlns:ns36="http://fsb.belgium.be/FourthWayServices/debtsolidarity" xmlns:ns37="http://fsb.belgium.be/FourthWayServices/fiscaldebt" xmlns:ns38="http://fsb.belgium.be/FourthWayServices/socialdebtdetails" xmlns:ns39="http://fsb.belgium.be/FourthWayServices/debtinformation" xmlns:ns4="http://fsb.belgium.be/FourthWayServices/gooddescription" xmlns:ns40="http://fsb.belgium.be/FourthWayServices/socialdebt" xmlns:ns41="http://fsb.belgium.be/FourthWayServices/fiscalregionflandersdebtdetails" xmlns:ns42="http://fsb.belgium.be/FourthWayServices/fiscalregionflandersdebt" xmlns:ns43="http://fsb.belgium.be/FourthWayServices/debt" xmlns:ns44="http://fsb.belgium.be/FourthWayServices/debtparty" xmlns:ns45="http://fsb.belgium.be/FourthWayServices/legalbase" xmlns:ns46="http://fsb.belgium.be/FourthWayServices/debtnotification" xmlns:ns47="http://fsb.belgium.be/FourthWayServices/debtdeficitnotification" xmlns:ns48="http://fsb.belgium.be/FourthWayServices/header" xmlns:ns49="http://fsb.belgium.be/header" xmlns:ns5="http://fsb.belgium.be/FourthWayServices/party" xmlns:ns51="http://fsb.belgium.be/FourthWayServices/technicalack" xmlns:ns52="http://fsb.belgium.be/FourthWayServices/functionalack" xmlns:ns6="http://fsb.belgium.be/FourthWayServices/naturalperson" xmlns:ns7="http://fsb.belgium.be/FourthWayServices/nonresident" xmlns:ns8="http://fsb.belgium.be/FourthWayServices/contact" xmlns:ns9="http://fsb.belgium.be/FourthWayServices/propertyinformation">
            <ns25:generalCaseInformation>
               <ns25:administrativeInformation>
                  <ns25:language>FR</ns25:language>
                  <ns25:caseNumber>2444080.210115.0167</ns25:caseNumber>
                  <ns25:transactionType>3</ns25:transactionType>
                  <ns25:procedureNumber>ENOT4000000419570</ns25:procedureNumber>
                  <ns25:replacedProcedureNumber xsi:nil="true" xmlns:xsi="http://www.w3.org/2001/XMLSchema-instance"/>
                  <ns25:requestDate>2015-01-21T14:50:02.446+01:00</ns25:requestDate>
                  <ns25:origin>
                     <ns2:origin>
                        <ns2:partner>FPS Finance</ns2:partner>
                        <ns2:partnerCode codeType="KBO">0308357159</ns2:partnerCode>
                     </ns2:origin>
                  </ns25:origin>
                  <ns25:destinations>
                     <ns2:destination>
                        <ns2:partner>FRNB</ns2:partner>
                        <ns2:partnerCode codeType="KBO">0409357321</ns2:partnerCode>
                     </ns2:destination>
                  </ns25:destinations>
                  <ns25:requestorInformation>
                     <ns12:institution>
                        <ns12:institutionType>Federal</ns12:institutionType>
                        <ns12:institutionName>Huy</ns12:institutionName>
                        <ns12:institutionIdentificationNumber type="CDDB">600904</ns12:institutionIdentificationNumber>
                        <address>
                           <location>
                              <country>
                                 <countryCode codeStandard="ISO">BE</countryCode>
                              </country>
                              <postalCode>4500</postalCode>
                           </location>
                           <street>Avenue Albert 1er</street>
                           <houseNumber>8/10</houseNumber>
                        </address>
                        <ns12:contactInformation>
                           <ns8:phoneNumber type="phone">025783660</ns8:phoneNumber>
                           <ns8:emailAddress type="email">rec.cd.huy@minfin.fed.be</ns8:emailAddress>
                        </ns12:contactInformation>
                     </ns12:institution>
                     <ns25:responsiblePerson>
                        <ns2:name>
                           <ns2:firstName>Testuser</ns2:firstName>
                           <ns2:lastName>testuser.enotrec01</ns2:lastName>
                        </ns2:name>
                        <ns8:contactInformation/>
                     </ns25:responsiblePerson>
                     <ns25:contactPerson>
                        <ns2:name>
                           <ns2:firstName>Testuser</ns2:firstName>
                           <ns2:lastName>EnotRec01</ns2:lastName>
                        </ns2:name>
                        <ns8:contactInformation>
                           <ns8:emailAddress type="email">testuser.enotrec01@guest.minfin.fed.be</ns8:emailAddress>
                        </ns8:contactInformation>
                     </ns25:contactPerson>
                  </ns25:requestorInformation>
               </ns25:administrativeInformation>
            </ns25:generalCaseInformation>
            <ns44:debtParty>
               <ns5:party partyID="005">
                  <ns5:residentialParty>false</ns5:residentialParty>
                  <ns6:naturalPerson>
                     <ns2:entityReference>
                        <ns2:source>notice1</ns2:source>
                        <ns2:entityID type="nationalNumber">68082123438</ns2:entityID>
                     </ns2:entityReference>
                     <ns6:personInformation>
                        <ns2:name>
                           <ns2:firstName>Yolande Adrienne</ns2:firstName>
                           <ns2:lastName>BUITER</ns2:lastName>
                        </ns2:name>
                        <address>
                           <location>
                              <country>
                                 <countryDescription>Belgium</countryDescription>
                                 <countryCode codeStandard="ISO">BE</countryCode>
                              </country>
                              <municipalityDescription>Verlaine</municipalityDescription>
                              <postalCode>4537</postalCode>
                           </location>
                           <street>Rue aux Raines</street>
                           <houseNumber>53</houseNumber>
                        </address>
                     </ns6:personInformation>
                  </ns6:naturalPerson>
               </ns5:party>
               <ns43:debt debtID="1">
                  <ns37:fiscaldebt>
                     <ns31:fiscalDebtDetails>
                        <ns31:debtType>VAT</ns31:debtType>
                        <ns31:declarations>
                           <ns31:negligenceClause>
                              <ns31:additionalIntrest>0</ns31:additionalIntrest>
                              <ns31:additionalIntrestFromDate>2015-01-21+01:00</ns31:additionalIntrestFromDate>
                           </ns31:negligenceClause>
                        </ns31:declarations>
                        <ns2:referencePeriod>
                           <ns2:startDate>2015-01-06+01:00</ns2:startDate>
                           <ns2:endDate>2015-01-13+01:00</ns2:endDate>
                        </ns2:referencePeriod>
                        <ns31:totalDebt>45</ns31:totalDebt>
                        <ns31:debtBreakdown>
                           <ns31:debtSubType>VAT</ns31:debtSubType>
                           <ns31:debtSubAmount>45</ns31:debtSubAmount>
                        </ns31:debtBreakdown>
                        <ns31:debtBreakdown>
                           <ns31:debtSubType>IM</ns31:debtSubType>
                           <ns31:debtSubAmount>0</ns31:debtSubAmount>
                        </ns31:debtBreakdown>
                        <ns31:debtBreakdown>
                           <ns31:debtSubType>INTEREST</ns31:debtSubType>
                           <ns31:debtSubAmount>0</ns31:debtSubAmount>
                        </ns31:debtBreakdown>
                        <ns31:debtBreakdown>
                           <ns31:debtSubType>FINES</ns31:debtSubType>
                           <ns31:debtSubAmount>0</ns31:debtSubAmount>
                        </ns31:debtBreakdown>
                        <ns31:debtBreakdown>
                           <ns31:debtSubType>COST</ns31:debtSubType>
                           <ns31:debtSubAmount>0</ns31:debtSubAmount>
                        </ns31:debtBreakdown>
                     </ns31:fiscalDebtDetails>
                     <ns32:officialProclamation/>
                     <ns33:beneficiary>
                        <ns33:beneficiaryName>CTRI Namur</ns33:beneficiaryName>
                        <ns33:structuredMessage>N99998745412NOT/</ns33:structuredMessage>
                        <ns33:amount>45</ns33:amount>
                        <ns34:bankAccount>
                           <ns34:ibanNumber>BE42 6792 0034 9254</ns34:ibanNumber>
                           <ns34:bicCode>PCHQBEBB</ns34:bicCode>
                           <ns34:accountName>CTRI Namur</ns34:accountName>
                           <address>
                              <location>
                                 <country>
                                    <countryCode codeStandard="ISO">BE</countryCode>
                                 </country>
                                 <municipalityDescription language="fr">Namur</municipalityDescription>
                                 <postalCode>5000</postalCode>
                              </location>
                              <street>Rue des Bourgeois</street>
                              <houseNumber>7/Bloc B</houseNumber>
                           </address>
                        </ns34:bankAccount>
                     </ns33:beneficiary>
                     <ns35:debtDetailedInformation>
                        <ns35:calculationDate>2015-01-21+01:00</ns35:calculationDate>
                        <ns35:referentialNumber>999998745412</ns35:referentialNumber>
                     </ns35:debtDetailedInformation>
                  </ns37:fiscaldebt>
               </ns43:debt>
               <ns44:totalDebtAmount>45</ns44:totalDebtAmount>
            </ns44:debtParty>
            <ns45:legalBase>
               <ns45:legalSource>Code de la taxe sur la valeur ajout��e</ns45:legalSource>
               <ns45:legalBaseIdentifier>Article 93quater</ns45:legalBaseIdentifier>
            </ns45:legalBase>
            <ns27:technical>
               <ns26:Signature>
                  <ns26:SignedInfo>
                     <ns26:CanonicalizationMethod Algorithm="http://www.w3.org/TR/2001/REC-xml-c14n-20010315"/>
                     <ns26:SignatureMethod Algorithm="http://www.w3.org/2000/09/xmldsig#rsa-sha1"/>
                     <ns26:Reference URI="#signMe">
                        <ns26:DigestMethod Algorithm="http://www.w3.org/2000/09/xmldsig#sha1"/>
                        <ns26:DigestValue>CbUOX9jTy0uYSCKDVQl6peUatJ8=</ns26:DigestValue>
                     </ns26:Reference>
                  </ns26:SignedInfo>
                  <ns26:SignatureValue>WBXEECQtMTWGGq5EGO+5kyVw1kJefLsfHVA/5eYB6pZ3GOZ7LOLc/jAhKbqxeV3qdWiMGx3VzgvdF4ZaMB2HS1fLmnOmNDXHhrrqYQJ51LGDvex39k7/xAJAmuub7MDtfAu08WBTVpmQ5khGL9ZrYOXr5RoG70BrlWNr+37FekM=</ns26:SignatureValue>
                  <ns26:KeyInfo>
                     <ns26:X509Data>
                        <ns26:X509SubjectName>ST=Brussels,L=Brussels,OU=Belgian Federal Government,O=Federal Public Service Finances,CN=Test SPF Finances - FOD Financien,C=BE</ns26:X509SubjectName>
                        <ns26:X509Certificate>MIIDKzCCApSgAwIBAgIJAIkxAL2MG081MA0GCSqGSIb3DQEBBQUAMIGuMQswCQYDVQQGEwJCRTEqMCgGA1UEAxMhVGVzdCBTUEYgRmluYW5jZXMgLSBGT0QgRmluYW5jaWVuMSgwJgYDVQQKEx9GZWRlcmFsIFB1YmxpYyBTZXJ2aWNlIEZpbmFuY2VzMSMwIQYDVQQLExpCZWxnaWFuIEZlZGVyYWwgR292ZXJubWVudDERMA8GA1UEBxMIQnJ1c3NlbHMxETAPBgNVBAgTCEJydXNzZWxzMB4XDTA4MDUwNjA4MDcyMFoXDTE4MDUwNzA4MDcyMFowga4xCzAJBgNVBAYTAkJFMSowKAYDVQQDEyFUZXN0IFNQRiBGaW5hbmNlcyAtIEZPRCBGaW5hbmNpZW4xKDAmBgNVBAoTH0ZlZGVyYWwgUHVibGljIFNlcnZpY2UgRmluYW5jZXMxIzAhBgNVBAsTGkJlbGdpYW4gRmVkZXJhbCBHb3Zlcm5tZW50MREwDwYDVQQHEwhCcnVzc2VsczERMA8GA1UECBMIQnJ1c3NlbHMwgZ8wDQYJKoZIhvcNAQEBBQADgY0AMIGJAoGBAJ8T/80iF50FvothkWOZDsZUPKM52fxhNdKMT+E/lODqejyJ2iQkjEuW5yJKo0lXNj+Gxwfl99bD16IJMagbrxBnJPwR7SeS3JQ0IaLkOorOoeZkZLFoFMSfZWT9uCf6Qf/uNMQtRnX2351P1OF3cld68uFGUNS8U93OqxS9R/ZvAgMBAAGjTzBNMAwGA1UdEwQFMAMBAf8wCwYDVR0PBAQDAgTwMB0GA1UdJQQWMBQGCCsGAQUFBwMCBggrBgEFBQcDBDARBglghkgBhvhCAQEEBAMCBLAwDQYJKoZIhvcNAQEFBQADgYEATnEO8juTdcZtwzvl5EHnZ9+6cEM9rsWuQtq43UXw4RqveHWUE+Cn2ElMPiyuxLLzkzQTbcDYxI9FgVAXFEmqPf7Jii2PpHIlo8yHWCWMuPP0OykMF6YuCtyutKJBbGuTT36gNVAUEPeD34fzB5pgy2aG5wQTQctRdDz07CVM3cI=</ns26:X509Certificate>
                     </ns26:X509Data>
                  </ns26:KeyInfo>
               </ns26:Signature>
            </ns27:technical>
         </ns46:debtNotification>
         </v1:request>
      </v1:fiscalDebtNotificationRequest>
   </soapenv:Body>
</soapenv:Envelope>]]></con:request><con:credentials><con:selectedAuthProfile>Basic</con:selectedAuthProfile><con:addedBasicAuthenticationTypes>Basic</con:addedBasicAuthenticationTypes><con:authType>Global HTTP Settings</con:authType></con:credentials><con:jmsConfig JMSDeliveryMode="PERSISTENT"/><con:jmsPropertyConfig/><con:wsaConfig mustUnderstand="NONE" version="200508" action="http://fidus.brussels/services/fourthwaydebtservice/fiscalDebtNotification"/><con:wsrmConfig version="1.2"/></con:call><con:call id="1b32aa80-f293-49df-882b-a07264987f91" name="4 - Staging - External - Request" outgoingWss="Outflow STAG" incomingWss="Inflow STAG"><con:settings><con:setting id="com.eviware.soapui.impl.wsdl.WsdlRequest@request-headers">&lt;xml-fragment/></con:setting></con:settings><con:encoding>UTF-8</con:encoding><con:endpoint>https://fidus.irisnetlab.be/services/FourthWayDebtService_v1.0</con:endpoint><con:request><![CDATA[<soapenv:Envelope xmlns:soapenv="http://schemas.xmlsoap.org/soap/envelope/" xmlns:v1="http://fidus.brussels/service/fourthwaydebtservice/messages/v1" xmlns:v11="http://fidus.brussels/type/common/messages/v1" xmlns:deb="http://fsb.belgium.be/FourthWayServices/debtnotification" xmlns:gen="http://fsb.belgium.be/FourthWayServices/generalcaseinformation" xmlns:dat="http://fsb.belgium.be/FourthWayServices/common/datatypes" xmlns:ins="http://fsb.belgium.be/FourthWayServices/institution" xmlns:add="http://fsb.belgium.be/FourthWayServices/common/addressinformation" xmlns:con="http://fsb.belgium.be/FourthWayServices/contact" xmlns:deb1="http://fsb.belgium.be/FourthWayServices/debtparty" xmlns:par="http://fsb.belgium.be/FourthWayServices/party" xmlns:debt="http://fsb.belgium.be/FourthWayServices/debt" xmlns:leg="http://fsb.belgium.be/FourthWayServices/legalbase" xmlns:tec="http://fsb.belgium.be/FourthWayServices/technical" xmlns:xd="http://www.w3.org/2000/09/xmldsig#">
   <soapenv:Header/>
   <soapenv:Body>
      <v1:fiscalDebtNotificationRequest>
         <v1:messageContext>
         	  <v11:messageId>${=import static java.util.UUID.randomUUID; uuid = randomUUID() as String}</v11:messageId>
            <v11:timestamp>${=new java.text.SimpleDateFormat("yyyy-MM-dd'T'HH:mm:ss.SSS").format(new Date())}</v11:timestamp>
         </v1:messageContext>
         <v1:legalContext>ServiceIntegrator</v1:legalContext>      
         <v1:request>
 		<ns46:debtNotification Id="SignMe" xmlns:ns50="http://be.belgium.fsb/fourthWayService/Debt" xmlns="http://fsb.belgium.be/FourthWayServices/common/addressinformation" xmlns:ns10="http://fsb.belgium.be/FourthWayServices/shipinformation" xmlns:ns11="http://fsb.belgium.be/FourthWayServices/selfemployed" xmlns:ns12="http://fsb.belgium.be/FourthWayServices/institution" xmlns:ns13="http://fsb.belgium.be/FourthWayServices/enterprise" xmlns:ns14="http://fsb.belgium.be/FourthWayServices/honorbaseddeclarations" xmlns:ns15="http://fsb.belgium.be/FourthWayServices/unregisteredparty" xmlns:ns16="http://fsb.belgium.be/FourthWayServices/partnerdescription" xmlns:ns17="http://fsb.belgium.be/FourthWayServices/mortgagegoods" xmlns:ns18="http://fsb.belgium.be/FourthWayServices/deficitcaseinformation" xmlns:ns19="http://fsb.belgium.be/FourthWayServices/debtinquiry" xmlns:ns2="http://fsb.belgium.be/FourthWayServices/common/datatypes" xmlns:ns20="http://fsb.belgium.be/FourthWayServices/immovablegoodtransaction" xmlns:ns21="http://fsb.belgium.be/FourthWayServices/movablegoodtransaction" xmlns:ns22="http://fsb.belgium.be/FourthWayServices/inheritanceinformation" xmlns:ns23="http://fsb.belgium.be/FourthWayServices/successiontransaction" xmlns:ns24="http://fsb.belgium.be/FourthWayServices/fourthwaymessage" xmlns:ns25="http://fsb.belgium.be/FourthWayServices/generalcaseinformation" xmlns:ns26="http://www.w3.org/2000/09/xmldsig#" xmlns:ns27="http://fsb.belgium.be/FourthWayServices/technical" xmlns:ns28="http://fsb.belgium.be/FourthWayServices/acknowledgementinformation" xmlns:ns29="http://fsb.belgium.be/FourthWayServices/error" xmlns:ns3="http://fsb.belgium.be/FourthWayServices/salesinformation" xmlns:ns30="http://fsb.belgium.be/FourthWayServices/businesserror" xmlns:ns31="http://fsb.belgium.be/FourthWayServices/fiscaldebtdetails" xmlns:ns32="http://fsb.belgium.be/FourthWayServices/officialproclamation" xmlns:ns33="http://fsb.belgium.be/FourthWayServices/beneficiary" xmlns:ns34="http://fsb.belgium.be/FourthWayServices/common/bankaccount" xmlns:ns35="http://fsb.belgium.be/FourthWayServices/debtdetailedinformation" xmlns:ns36="http://fsb.belgium.be/FourthWayServices/debtsolidarity" xmlns:ns37="http://fsb.belgium.be/FourthWayServices/fiscaldebt" xmlns:ns38="http://fsb.belgium.be/FourthWayServices/socialdebtdetails" xmlns:ns39="http://fsb.belgium.be/FourthWayServices/debtinformation" xmlns:ns4="http://fsb.belgium.be/FourthWayServices/gooddescription" xmlns:ns40="http://fsb.belgium.be/FourthWayServices/socialdebt" xmlns:ns41="http://fsb.belgium.be/FourthWayServices/fiscalregionflandersdebtdetails" xmlns:ns42="http://fsb.belgium.be/FourthWayServices/fiscalregionflandersdebt" xmlns:ns43="http://fsb.belgium.be/FourthWayServices/debt" xmlns:ns44="http://fsb.belgium.be/FourthWayServices/debtparty" xmlns:ns45="http://fsb.belgium.be/FourthWayServices/legalbase" xmlns:ns46="http://fsb.belgium.be/FourthWayServices/debtnotification" xmlns:ns47="http://fsb.belgium.be/FourthWayServices/debtdeficitnotification" xmlns:ns48="http://fsb.belgium.be/FourthWayServices/header" xmlns:ns49="http://fsb.belgium.be/header" xmlns:ns5="http://fsb.belgium.be/FourthWayServices/party" xmlns:ns51="http://fsb.belgium.be/FourthWayServices/technicalack" xmlns:ns52="http://fsb.belgium.be/FourthWayServices/functionalack" xmlns:ns6="http://fsb.belgium.be/FourthWayServices/naturalperson" xmlns:ns7="http://fsb.belgium.be/FourthWayServices/nonresident" xmlns:ns8="http://fsb.belgium.be/FourthWayServices/contact" xmlns:ns9="http://fsb.belgium.be/FourthWayServices/propertyinformation">
            <ns25:generalCaseInformation>
               <ns25:administrativeInformation>
                  <ns25:language>FR</ns25:language>
                  <ns25:caseNumber>2444080.210115.0167</ns25:caseNumber>
                  <ns25:transactionType>3</ns25:transactionType>
                  <ns25:procedureNumber>ENOT4000000419570</ns25:procedureNumber>
                  <ns25:replacedProcedureNumber xsi:nil="true" xmlns:xsi="http://www.w3.org/2001/XMLSchema-instance"/>
                  <ns25:requestDate>2015-01-21T14:50:02.446+01:00</ns25:requestDate>
                  <ns25:origin>
                     <ns2:origin>
                        <ns2:partner>FPS Finance</ns2:partner>
                        <ns2:partnerCode codeType="KBO">0308357159</ns2:partnerCode>
                     </ns2:origin>
                  </ns25:origin>
                  <ns25:destinations>
                     <ns2:destination>
                        <ns2:partner>FRNB</ns2:partner>
                        <ns2:partnerCode codeType="KBO">0409357321</ns2:partnerCode>
                     </ns2:destination>
                  </ns25:destinations>
                  <ns25:requestorInformation>
                     <ns12:institution>
                        <ns12:institutionType>Federal</ns12:institutionType>
                        <ns12:institutionName>Huy</ns12:institutionName>
                        <ns12:institutionIdentificationNumber type="CDDB">600904</ns12:institutionIdentificationNumber>
                        <address>
                           <location>
                              <country>
                                 <countryCode codeStandard="ISO">BE</countryCode>
                              </country>
                              <postalCode>4500</postalCode>
                           </location>
                           <street>Avenue Albert 1er</street>
                           <houseNumber>8/10</houseNumber>
                        </address>
                        <ns12:contactInformation>
                           <ns8:phoneNumber type="phone">025783660</ns8:phoneNumber>
                           <ns8:emailAddress type="email">rec.cd.huy@minfin.fed.be</ns8:emailAddress>
                        </ns12:contactInformation>
                     </ns12:institution>
                     <ns25:responsiblePerson>
                        <ns2:name>
                           <ns2:firstName>Testuser</ns2:firstName>
                           <ns2:lastName>testuser.enotrec01</ns2:lastName>
                        </ns2:name>
                        <ns8:contactInformation/>
                     </ns25:responsiblePerson>
                     <ns25:contactPerson>
                        <ns2:name>
                           <ns2:firstName>Testuser</ns2:firstName>
                           <ns2:lastName>EnotRec01</ns2:lastName>
                        </ns2:name>
                        <ns8:contactInformation>
                           <ns8:emailAddress type="email">testuser.enotrec01@guest.minfin.fed.be</ns8:emailAddress>
                        </ns8:contactInformation>
                     </ns25:contactPerson>
                  </ns25:requestorInformation>
               </ns25:administrativeInformation>
            </ns25:generalCaseInformation>
            <ns44:debtParty>
               <ns5:party partyID="005">
                  <ns5:residentialParty>false</ns5:residentialParty>
                  <ns6:naturalPerson>
                     <ns2:entityReference>
                        <ns2:source>notice1</ns2:source>
                        <ns2:entityID type="nationalNumber">68082123438</ns2:entityID>
                     </ns2:entityReference>
                     <ns6:personInformation>
                        <ns2:name>
                           <ns2:firstName>Yolande Adrienne</ns2:firstName>
                           <ns2:lastName>BUITER</ns2:lastName>
                        </ns2:name>
                        <address>
                           <location>
                              <country>
                                 <countryDescription>Belgium</countryDescription>
                                 <countryCode codeStandard="ISO">BE</countryCode>
                              </country>
                              <municipalityDescription>Verlaine</municipalityDescription>
                              <postalCode>4537</postalCode>
                           </location>
                           <street>Rue aux Raines</street>
                           <houseNumber>53</houseNumber>
                        </address>
                     </ns6:personInformation>
                  </ns6:naturalPerson>
               </ns5:party>
               <ns43:debt debtID="1">
                  <ns37:fiscaldebt>
                     <ns31:fiscalDebtDetails>
                        <ns31:debtType>VAT</ns31:debtType>
                        <ns31:declarations>
                           <ns31:negligenceClause>
                              <ns31:additionalIntrest>0</ns31:additionalIntrest>
                              <ns31:additionalIntrestFromDate>2015-01-21+01:00</ns31:additionalIntrestFromDate>
                           </ns31:negligenceClause>
                        </ns31:declarations>
                        <ns2:referencePeriod>
                           <ns2:startDate>2015-01-06+01:00</ns2:startDate>
                           <ns2:endDate>2015-01-13+01:00</ns2:endDate>
                        </ns2:referencePeriod>
                        <ns31:totalDebt>45</ns31:totalDebt>
                        <ns31:debtBreakdown>
                           <ns31:debtSubType>VAT</ns31:debtSubType>
                           <ns31:debtSubAmount>45</ns31:debtSubAmount>
                        </ns31:debtBreakdown>
                        <ns31:debtBreakdown>
                           <ns31:debtSubType>IM</ns31:debtSubType>
                           <ns31:debtSubAmount>0</ns31:debtSubAmount>
                        </ns31:debtBreakdown>
                        <ns31:debtBreakdown>
                           <ns31:debtSubType>INTEREST</ns31:debtSubType>
                           <ns31:debtSubAmount>0</ns31:debtSubAmount>
                        </ns31:debtBreakdown>
                        <ns31:debtBreakdown>
                           <ns31:debtSubType>FINES</ns31:debtSubType>
                           <ns31:debtSubAmount>0</ns31:debtSubAmount>
                        </ns31:debtBreakdown>
                        <ns31:debtBreakdown>
                           <ns31:debtSubType>COST</ns31:debtSubType>
                           <ns31:debtSubAmount>0</ns31:debtSubAmount>
                        </ns31:debtBreakdown>
                     </ns31:fiscalDebtDetails>
                     <ns32:officialProclamation/>
                     <ns33:beneficiary>
                        <ns33:beneficiaryName>CTRI Namur</ns33:beneficiaryName>
                        <ns33:structuredMessage>N99998745412NOT/</ns33:structuredMessage>
                        <ns33:amount>45</ns33:amount>
                        <ns34:bankAccount>
                           <ns34:ibanNumber>BE42 6792 0034 9254</ns34:ibanNumber>
                           <ns34:bicCode>PCHQBEBB</ns34:bicCode>
                           <ns34:accountName>CTRI Namur</ns34:accountName>
                           <address>
                              <location>
                                 <country>
                                    <countryCode codeStandard="ISO">BE</countryCode>
                                 </country>
                                 <municipalityDescription language="fr">Namur</municipalityDescription>
                                 <postalCode>5000</postalCode>
                              </location>
                              <street>Rue des Bourgeois</street>
                              <houseNumber>7/Bloc B</houseNumber>
                           </address>
                        </ns34:bankAccount>
                     </ns33:beneficiary>
                     <ns35:debtDetailedInformation>
                        <ns35:calculationDate>2015-01-21+01:00</ns35:calculationDate>
                        <ns35:referentialNumber>999998745412</ns35:referentialNumber>
                     </ns35:debtDetailedInformation>
                  </ns37:fiscaldebt>
               </ns43:debt>
               <ns44:totalDebtAmount>45</ns44:totalDebtAmount>
            </ns44:debtParty>
            <ns45:legalBase>
               <ns45:legalSource>Code de la taxe sur la valeur ajout��e</ns45:legalSource>
               <ns45:legalBaseIdentifier>Article 93quater</ns45:legalBaseIdentifier>
            </ns45:legalBase>
            <ns27:technical>
               <ns26:Signature>
                  <ns26:SignedInfo>
                     <ns26:CanonicalizationMethod Algorithm="http://www.w3.org/TR/2001/REC-xml-c14n-20010315"/>
                     <ns26:SignatureMethod Algorithm="http://www.w3.org/2000/09/xmldsig#rsa-sha1"/>
                     <ns26:Reference URI="#signMe">
                        <ns26:DigestMethod Algorithm="http://www.w3.org/2000/09/xmldsig#sha1"/>
                        <ns26:DigestValue>CbUOX9jTy0uYSCKDVQl6peUatJ8=</ns26:DigestValue>
                     </ns26:Reference>
                  </ns26:SignedInfo>
                  <ns26:SignatureValue>WBXEECQtMTWGGq5EGO+5kyVw1kJefLsfHVA/5eYB6pZ3GOZ7LOLc/jAhKbqxeV3qdWiMGx3VzgvdF4ZaMB2HS1fLmnOmNDXHhrrqYQJ51LGDvex39k7/xAJAmuub7MDtfAu08WBTVpmQ5khGL9ZrYOXr5RoG70BrlWNr+37FekM=</ns26:SignatureValue>
                  <ns26:KeyInfo>
                     <ns26:X509Data>
                        <ns26:X509SubjectName>ST=Brussels,L=Brussels,OU=Belgian Federal Government,O=Federal Public Service Finances,CN=Test SPF Finances - FOD Financien,C=BE</ns26:X509SubjectName>
                        <ns26:X509Certificate>MIIDKzCCApSgAwIBAgIJAIkxAL2MG081MA0GCSqGSIb3DQEBBQUAMIGuMQswCQYDVQQGEwJCRTEqMCgGA1UEAxMhVGVzdCBTUEYgRmluYW5jZXMgLSBGT0QgRmluYW5jaWVuMSgwJgYDVQQKEx9GZWRlcmFsIFB1YmxpYyBTZXJ2aWNlIEZpbmFuY2VzMSMwIQYDVQQLExpCZWxnaWFuIEZlZGVyYWwgR292ZXJubWVudDERMA8GA1UEBxMIQnJ1c3NlbHMxETAPBgNVBAgTCEJydXNzZWxzMB4XDTA4MDUwNjA4MDcyMFoXDTE4MDUwNzA4MDcyMFowga4xCzAJBgNVBAYTAkJFMSowKAYDVQQDEyFUZXN0IFNQRiBGaW5hbmNlcyAtIEZPRCBGaW5hbmNpZW4xKDAmBgNVBAoTH0ZlZGVyYWwgUHVibGljIFNlcnZpY2UgRmluYW5jZXMxIzAhBgNVBAsTGkJlbGdpYW4gRmVkZXJhbCBHb3Zlcm5tZW50MREwDwYDVQQHEwhCcnVzc2VsczERMA8GA1UECBMIQnJ1c3NlbHMwgZ8wDQYJKoZIhvcNAQEBBQADgY0AMIGJAoGBAJ8T/80iF50FvothkWOZDsZUPKM52fxhNdKMT+E/lODqejyJ2iQkjEuW5yJKo0lXNj+Gxwfl99bD16IJMagbrxBnJPwR7SeS3JQ0IaLkOorOoeZkZLFoFMSfZWT9uCf6Qf/uNMQtRnX2351P1OF3cld68uFGUNS8U93OqxS9R/ZvAgMBAAGjTzBNMAwGA1UdEwQFMAMBAf8wCwYDVR0PBAQDAgTwMB0GA1UdJQQWMBQGCCsGAQUFBwMCBggrBgEFBQcDBDARBglghkgBhvhCAQEEBAMCBLAwDQYJKoZIhvcNAQEFBQADgYEATnEO8juTdcZtwzvl5EHnZ9+6cEM9rsWuQtq43UXw4RqveHWUE+Cn2ElMPiyuxLLzkzQTbcDYxI9FgVAXFEmqPf7Jii2PpHIlo8yHWCWMuPP0OykMF6YuCtyutKJBbGuTT36gNVAUEPeD34fzB5pgy2aG5wQTQctRdDz07CVM3cI=</ns26:X509Certificate>
                     </ns26:X509Data>
                  </ns26:KeyInfo>
               </ns26:Signature>
            </ns27:technical>
         </ns46:debtNotification>
         </v1:request>
      </v1:fiscalDebtNotificationRequest>
   </soapenv:Body>
</soapenv:Envelope>]]></con:request><con:credentials><con:selectedAuthProfile>Basic</con:selectedAuthProfile><con:addedBasicAuthenticationTypes>Basic</con:addedBasicAuthenticationTypes><con:authType>Global HTTP Settings</con:authType></con:credentials><con:jmsConfig JMSDeliveryMode="PERSISTENT"/><con:jmsPropertyConfig/><con:wsaConfig mustUnderstand="NONE" version="200508" action="http://fidus.brussels/services/fourthwaydebtservice/fiscalDebtNotification"/><con:wsrmConfig version="1.2"/></con:call><con:call id="b84ebfed-36a5-4a68-98ed-7a2a15f73f5d" name="5 - Prod - External - Request" outgoingWss="Outflow PROD" incomingWss="Inflow PROD"><con:settings><con:setting id="com.eviware.soapui.impl.wsdl.WsdlRequest@request-headers">&lt;xml-fragment/></con:setting></con:settings><con:encoding>UTF-8</con:encoding><con:endpoint>https://fidus.sec.brussels/services/FourthWayDebtService_v1.0</con:endpoint><con:request><![CDATA[<soapenv:Envelope xmlns:soapenv="http://schemas.xmlsoap.org/soap/envelope/" xmlns:v1="http://fidus.brussels/service/fourthwaydebtservice/messages/v1" xmlns:v11="http://fidus.brussels/type/common/messages/v1" xmlns:deb="http://fsb.belgium.be/FourthWayServices/debtnotification" xmlns:gen="http://fsb.belgium.be/FourthWayServices/generalcaseinformation" xmlns:dat="http://fsb.belgium.be/FourthWayServices/common/datatypes" xmlns:ins="http://fsb.belgium.be/FourthWayServices/institution" xmlns:add="http://fsb.belgium.be/FourthWayServices/common/addressinformation" xmlns:con="http://fsb.belgium.be/FourthWayServices/contact" xmlns:deb1="http://fsb.belgium.be/FourthWayServices/debtparty" xmlns:par="http://fsb.belgium.be/FourthWayServices/party" xmlns:debt="http://fsb.belgium.be/FourthWayServices/debt" xmlns:leg="http://fsb.belgium.be/FourthWayServices/legalbase" xmlns:tec="http://fsb.belgium.be/FourthWayServices/technical" xmlns:xd="http://www.w3.org/2000/09/xmldsig#">
   <soapenv:Header/>
   <soapenv:Body>
      <v1:fiscalDebtNotificationRequest>
         <v1:messageContext>
         	  <v11:messageId>${=import static java.util.UUID.randomUUID; uuid = randomUUID() as String}</v11:messageId>
            <v11:timestamp>${=new java.text.SimpleDateFormat("yyyy-MM-dd'T'HH:mm:ss.SSS").format(new Date())}</v11:timestamp>
         </v1:messageContext>
         <v1:legalContext>ServiceIntegrator</v1:legalContext>      
         <v1:request>
 		<ns46:debtNotification Id="SignMe" xmlns:ns50="http://be.belgium.fsb/fourthWayService/Debt" xmlns="http://fsb.belgium.be/FourthWayServices/common/addressinformation" xmlns:ns10="http://fsb.belgium.be/FourthWayServices/shipinformation" xmlns:ns11="http://fsb.belgium.be/FourthWayServices/selfemployed" xmlns:ns12="http://fsb.belgium.be/FourthWayServices/institution" xmlns:ns13="http://fsb.belgium.be/FourthWayServices/enterprise" xmlns:ns14="http://fsb.belgium.be/FourthWayServices/honorbaseddeclarations" xmlns:ns15="http://fsb.belgium.be/FourthWayServices/unregisteredparty" xmlns:ns16="http://fsb.belgium.be/FourthWayServices/partnerdescription" xmlns:ns17="http://fsb.belgium.be/FourthWayServices/mortgagegoods" xmlns:ns18="http://fsb.belgium.be/FourthWayServices/deficitcaseinformation" xmlns:ns19="http://fsb.belgium.be/FourthWayServices/debtinquiry" xmlns:ns2="http://fsb.belgium.be/FourthWayServices/common/datatypes" xmlns:ns20="http://fsb.belgium.be/FourthWayServices/immovablegoodtransaction" xmlns:ns21="http://fsb.belgium.be/FourthWayServices/movablegoodtransaction" xmlns:ns22="http://fsb.belgium.be/FourthWayServices/inheritanceinformation" xmlns:ns23="http://fsb.belgium.be/FourthWayServices/successiontransaction" xmlns:ns24="http://fsb.belgium.be/FourthWayServices/fourthwaymessage" xmlns:ns25="http://fsb.belgium.be/FourthWayServices/generalcaseinformation" xmlns:ns26="http://www.w3.org/2000/09/xmldsig#" xmlns:ns27="http://fsb.belgium.be/FourthWayServices/technical" xmlns:ns28="http://fsb.belgium.be/FourthWayServices/acknowledgementinformation" xmlns:ns29="http://fsb.belgium.be/FourthWayServices/error" xmlns:ns3="http://fsb.belgium.be/FourthWayServices/salesinformation" xmlns:ns30="http://fsb.belgium.be/FourthWayServices/businesserror" xmlns:ns31="http://fsb.belgium.be/FourthWayServices/fiscaldebtdetails" xmlns:ns32="http://fsb.belgium.be/FourthWayServices/officialproclamation" xmlns:ns33="http://fsb.belgium.be/FourthWayServices/beneficiary" xmlns:ns34="http://fsb.belgium.be/FourthWayServices/common/bankaccount" xmlns:ns35="http://fsb.belgium.be/FourthWayServices/debtdetailedinformation" xmlns:ns36="http://fsb.belgium.be/FourthWayServices/debtsolidarity" xmlns:ns37="http://fsb.belgium.be/FourthWayServices/fiscaldebt" xmlns:ns38="http://fsb.belgium.be/FourthWayServices/socialdebtdetails" xmlns:ns39="http://fsb.belgium.be/FourthWayServices/debtinformation" xmlns:ns4="http://fsb.belgium.be/FourthWayServices/gooddescription" xmlns:ns40="http://fsb.belgium.be/FourthWayServices/socialdebt" xmlns:ns41="http://fsb.belgium.be/FourthWayServices/fiscalregionflandersdebtdetails" xmlns:ns42="http://fsb.belgium.be/FourthWayServices/fiscalregionflandersdebt" xmlns:ns43="http://fsb.belgium.be/FourthWayServices/debt" xmlns:ns44="http://fsb.belgium.be/FourthWayServices/debtparty" xmlns:ns45="http://fsb.belgium.be/FourthWayServices/legalbase" xmlns:ns46="http://fsb.belgium.be/FourthWayServices/debtnotification" xmlns:ns47="http://fsb.belgium.be/FourthWayServices/debtdeficitnotification" xmlns:ns48="http://fsb.belgium.be/FourthWayServices/header" xmlns:ns49="http://fsb.belgium.be/header" xmlns:ns5="http://fsb.belgium.be/FourthWayServices/party" xmlns:ns51="http://fsb.belgium.be/FourthWayServices/technicalack" xmlns:ns52="http://fsb.belgium.be/FourthWayServices/functionalack" xmlns:ns6="http://fsb.belgium.be/FourthWayServices/naturalperson" xmlns:ns7="http://fsb.belgium.be/FourthWayServices/nonresident" xmlns:ns8="http://fsb.belgium.be/FourthWayServices/contact" xmlns:ns9="http://fsb.belgium.be/FourthWayServices/propertyinformation">
            <ns25:generalCaseInformation>
               <ns25:administrativeInformation>
                  <ns25:language>FR</ns25:language>
                  <ns25:caseNumber>2444080.210115.0167</ns25:caseNumber>
                  <ns25:transactionType>3</ns25:transactionType>
                  <ns25:procedureNumber>ENOT4000000419570</ns25:procedureNumber>
                  <ns25:replacedProcedureNumber xsi:nil="true" xmlns:xsi="http://www.w3.org/2001/XMLSchema-instance"/>
                  <ns25:requestDate>2015-01-21T14:50:02.446+01:00</ns25:requestDate>
                  <ns25:origin>
                     <ns2:origin>
                        <ns2:partner>FPS Finance</ns2:partner>
                        <ns2:partnerCode codeType="KBO">0308357159</ns2:partnerCode>
                     </ns2:origin>
                  </ns25:origin>
                  <ns25:destinations>
                     <ns2:destination>
                        <ns2:partner>FRNB</ns2:partner>
                        <ns2:partnerCode codeType="KBO">0409357321</ns2:partnerCode>
                     </ns2:destination>
                  </ns25:destinations>
                  <ns25:requestorInformation>
                     <ns12:institution>
                        <ns12:institutionType>Federal</ns12:institutionType>
                        <ns12:institutionName>Huy</ns12:institutionName>
                        <ns12:institutionIdentificationNumber type="CDDB">600904</ns12:institutionIdentificationNumber>
                        <address>
                           <location>
                              <country>
                                 <countryCode codeStandard="ISO">BE</countryCode>
                              </country>
                              <postalCode>4500</postalCode>
                           </location>
                           <street>Avenue Albert 1er</street>
                           <houseNumber>8/10</houseNumber>
                        </address>
                        <ns12:contactInformation>
                           <ns8:phoneNumber type="phone">025783660</ns8:phoneNumber>
                           <ns8:emailAddress type="email">rec.cd.huy@minfin.fed.be</ns8:emailAddress>
                        </ns12:contactInformation>
                     </ns12:institution>
                     <ns25:responsiblePerson>
                        <ns2:name>
                           <ns2:firstName>Testuser</ns2:firstName>
                           <ns2:lastName>testuser.enotrec01</ns2:lastName>
                        </ns2:name>
                        <ns8:contactInformation/>
                     </ns25:responsiblePerson>
                     <ns25:contactPerson>
                        <ns2:name>
                           <ns2:firstName>Testuser</ns2:firstName>
                           <ns2:lastName>EnotRec01</ns2:lastName>
                        </ns2:name>
                        <ns8:contactInformation>
                           <ns8:emailAddress type="email">testuser.enotrec01@guest.minfin.fed.be</ns8:emailAddress>
                        </ns8:contactInformation>
                     </ns25:contactPerson>
                  </ns25:requestorInformation>
               </ns25:administrativeInformation>
            </ns25:generalCaseInformation>
            <ns44:debtParty>
               <ns5:party partyID="005">
                  <ns5:residentialParty>false</ns5:residentialParty>
                  <ns6:naturalPerson>
                     <ns2:entityReference>
                        <ns2:source>notice1</ns2:source>
                        <ns2:entityID type="nationalNumber">68082123438</ns2:entityID>
                     </ns2:entityReference>
                     <ns6:personInformation>
                        <ns2:name>
                           <ns2:firstName>Yolande Adrienne</ns2:firstName>
                           <ns2:lastName>BUITER</ns2:lastName>
                        </ns2:name>
                        <address>
                           <location>
                              <country>
                                 <countryDescription>Belgium</countryDescription>
                                 <countryCode codeStandard="ISO">BE</countryCode>
                              </country>
                              <municipalityDescription>Verlaine</municipalityDescription>
                              <postalCode>4537</postalCode>
                           </location>
                           <street>Rue aux Raines</street>
                           <houseNumber>53</houseNumber>
                        </address>
                     </ns6:personInformation>
                  </ns6:naturalPerson>
               </ns5:party>
               <ns43:debt debtID="1">
                  <ns37:fiscaldebt>
                     <ns31:fiscalDebtDetails>
                        <ns31:debtType>VAT</ns31:debtType>
                        <ns31:declarations>
                           <ns31:negligenceClause>
                              <ns31:additionalIntrest>0</ns31:additionalIntrest>
                              <ns31:additionalIntrestFromDate>2015-01-21+01:00</ns31:additionalIntrestFromDate>
                           </ns31:negligenceClause>
                        </ns31:declarations>
                        <ns2:referencePeriod>
                           <ns2:startDate>2015-01-06+01:00</ns2:startDate>
                           <ns2:endDate>2015-01-13+01:00</ns2:endDate>
                        </ns2:referencePeriod>
                        <ns31:totalDebt>45</ns31:totalDebt>
                        <ns31:debtBreakdown>
                           <ns31:debtSubType>VAT</ns31:debtSubType>
                           <ns31:debtSubAmount>45</ns31:debtSubAmount>
                        </ns31:debtBreakdown>
                        <ns31:debtBreakdown>
                           <ns31:debtSubType>IM</ns31:debtSubType>
                           <ns31:debtSubAmount>0</ns31:debtSubAmount>
                        </ns31:debtBreakdown>
                        <ns31:debtBreakdown>
                           <ns31:debtSubType>INTEREST</ns31:debtSubType>
                           <ns31:debtSubAmount>0</ns31:debtSubAmount>
                        </ns31:debtBreakdown>
                        <ns31:debtBreakdown>
                           <ns31:debtSubType>FINES</ns31:debtSubType>
                           <ns31:debtSubAmount>0</ns31:debtSubAmount>
                        </ns31:debtBreakdown>
                        <ns31:debtBreakdown>
                           <ns31:debtSubType>COST</ns31:debtSubType>
                           <ns31:debtSubAmount>0</ns31:debtSubAmount>
                        </ns31:debtBreakdown>
                     </ns31:fiscalDebtDetails>
                     <ns32:officialProclamation/>
                     <ns33:beneficiary>
                        <ns33:beneficiaryName>CTRI Namur</ns33:beneficiaryName>
                        <ns33:structuredMessage>N99998745412NOT/</ns33:structuredMessage>
                        <ns33:amount>45</ns33:amount>
                        <ns34:bankAccount>
                           <ns34:ibanNumber>BE42 6792 0034 9254</ns34:ibanNumber>
                           <ns34:bicCode>PCHQBEBB</ns34:bicCode>
                           <ns34:accountName>CTRI Namur</ns34:accountName>
                           <address>
                              <location>
                                 <country>
                                    <countryCode codeStandard="ISO">BE</countryCode>
                                 </country>
                                 <municipalityDescription language="fr">Namur</municipalityDescription>
                                 <postalCode>5000</postalCode>
                              </location>
                              <street>Rue des Bourgeois</street>
                              <houseNumber>7/Bloc B</houseNumber>
                           </address>
                        </ns34:bankAccount>
                     </ns33:beneficiary>
                     <ns35:debtDetailedInformation>
                        <ns35:calculationDate>2015-01-21+01:00</ns35:calculationDate>
                        <ns35:referentialNumber>999998745412</ns35:referentialNumber>
                     </ns35:debtDetailedInformation>
                  </ns37:fiscaldebt>
               </ns43:debt>
               <ns44:totalDebtAmount>45</ns44:totalDebtAmount>
            </ns44:debtParty>
            <ns45:legalBase>
               <ns45:legalSource>Code de la taxe sur la valeur ajout��e</ns45:legalSource>
               <ns45:legalBaseIdentifier>Article 93quater</ns45:legalBaseIdentifier>
            </ns45:legalBase>
            <ns27:technical>
               <ns26:Signature>
                  <ns26:SignedInfo>
                     <ns26:CanonicalizationMethod Algorithm="http://www.w3.org/TR/2001/REC-xml-c14n-20010315"/>
                     <ns26:SignatureMethod Algorithm="http://www.w3.org/2000/09/xmldsig#rsa-sha1"/>
                     <ns26:Reference URI="#signMe">
                        <ns26:DigestMethod Algorithm="http://www.w3.org/2000/09/xmldsig#sha1"/>
                        <ns26:DigestValue>CbUOX9jTy0uYSCKDVQl6peUatJ8=</ns26:DigestValue>
                     </ns26:Reference>
                  </ns26:SignedInfo>
                  <ns26:SignatureValue>WBXEECQtMTWGGq5EGO+5kyVw1kJefLsfHVA/5eYB6pZ3GOZ7LOLc/jAhKbqxeV3qdWiMGx3VzgvdF4ZaMB2HS1fLmnOmNDXHhrrqYQJ51LGDvex39k7/xAJAmuub7MDtfAu08WBTVpmQ5khGL9ZrYOXr5RoG70BrlWNr+37FekM=</ns26:SignatureValue>
                  <ns26:KeyInfo>
                     <ns26:X509Data>
                        <ns26:X509SubjectName>ST=Brussels,L=Brussels,OU=Belgian Federal Government,O=Federal Public Service Finances,CN=Test SPF Finances - FOD Financien,C=BE</ns26:X509SubjectName>
                        <ns26:X509Certificate>MIIDKzCCApSgAwIBAgIJAIkxAL2MG081MA0GCSqGSIb3DQEBBQUAMIGuMQswCQYDVQQGEwJCRTEqMCgGA1UEAxMhVGVzdCBTUEYgRmluYW5jZXMgLSBGT0QgRmluYW5jaWVuMSgwJgYDVQQKEx9GZWRlcmFsIFB1YmxpYyBTZXJ2aWNlIEZpbmFuY2VzMSMwIQYDVQQLExpCZWxnaWFuIEZlZGVyYWwgR292ZXJubWVudDERMA8GA1UEBxMIQnJ1c3NlbHMxETAPBgNVBAgTCEJydXNzZWxzMB4XDTA4MDUwNjA4MDcyMFoXDTE4MDUwNzA4MDcyMFowga4xCzAJBgNVBAYTAkJFMSowKAYDVQQDEyFUZXN0IFNQRiBGaW5hbmNlcyAtIEZPRCBGaW5hbmNpZW4xKDAmBgNVBAoTH0ZlZGVyYWwgUHVibGljIFNlcnZpY2UgRmluYW5jZXMxIzAhBgNVBAsTGkJlbGdpYW4gRmVkZXJhbCBHb3Zlcm5tZW50MREwDwYDVQQHEwhCcnVzc2VsczERMA8GA1UECBMIQnJ1c3NlbHMwgZ8wDQYJKoZIhvcNAQEBBQADgY0AMIGJAoGBAJ8T/80iF50FvothkWOZDsZUPKM52fxhNdKMT+E/lODqejyJ2iQkjEuW5yJKo0lXNj+Gxwfl99bD16IJMagbrxBnJPwR7SeS3JQ0IaLkOorOoeZkZLFoFMSfZWT9uCf6Qf/uNMQtRnX2351P1OF3cld68uFGUNS8U93OqxS9R/ZvAgMBAAGjTzBNMAwGA1UdEwQFMAMBAf8wCwYDVR0PBAQDAgTwMB0GA1UdJQQWMBQGCCsGAQUFBwMCBggrBgEFBQcDBDARBglghkgBhvhCAQEEBAMCBLAwDQYJKoZIhvcNAQEFBQADgYEATnEO8juTdcZtwzvl5EHnZ9+6cEM9rsWuQtq43UXw4RqveHWUE+Cn2ElMPiyuxLLzkzQTbcDYxI9FgVAXFEmqPf7Jii2PpHIlo8yHWCWMuPP0OykMF6YuCtyutKJBbGuTT36gNVAUEPeD34fzB5pgy2aG5wQTQctRdDz07CVM3cI=</ns26:X509Certificate>
                     </ns26:X509Data>
                  </ns26:KeyInfo>
               </ns26:Signature>
            </ns27:technical>
         </ns46:debtNotification>
         </v1:request>
      </v1:fiscalDebtNotificationRequest>
   </soapenv:Body>
</soapenv:Envelope>]]></con:request><con:credentials><con:selectedAuthProfile>Basic</con:selectedAuthProfile><con:addedBasicAuthenticationTypes>Basic</con:addedBasicAuthenticationTypes><con:authType>Global HTTP Settings</con:authType></con:credentials><con:jmsConfig JMSDeliveryMode="PERSISTENT"/><con:jmsPropertyConfig/><con:wsaConfig mustUnderstand="NONE" version="200508" action="http://fidus.brussels/services/fourthwaydebtservice/fiscalDebtNotification"/><con:wsrmConfig version="1.2"/></con:call><con:call id="3ebbe4d9-c49b-420e-9644-63de9ba93509" name="5 - Prod - LB - Request" outgoingWss="Outflow PROD" incomingWss="Inflow PROD"><con:settings><con:setting id="com.eviware.soapui.impl.wsdl.WsdlRequest@request-headers">&lt;xml-fragment/></con:setting></con:settings><con:encoding>UTF-8</con:encoding><con:endpoint>https://fidus-esb-sg.prd.srv.cirb.lan:8443/services/FourthWayDebtService_v1.0</con:endpoint><con:request><![CDATA[<soapenv:Envelope xmlns:soapenv="http://schemas.xmlsoap.org/soap/envelope/" xmlns:v1="http://fidus.brussels/service/fourthwaydebtservice/messages/v1" xmlns:v11="http://fidus.brussels/type/common/messages/v1" xmlns:deb="http://fsb.belgium.be/FourthWayServices/debtnotification" xmlns:gen="http://fsb.belgium.be/FourthWayServices/generalcaseinformation" xmlns:dat="http://fsb.belgium.be/FourthWayServices/common/datatypes" xmlns:ins="http://fsb.belgium.be/FourthWayServices/institution" xmlns:add="http://fsb.belgium.be/FourthWayServices/common/addressinformation" xmlns:con="http://fsb.belgium.be/FourthWayServices/contact" xmlns:deb1="http://fsb.belgium.be/FourthWayServices/debtparty" xmlns:par="http://fsb.belgium.be/FourthWayServices/party" xmlns:debt="http://fsb.belgium.be/FourthWayServices/debt" xmlns:leg="http://fsb.belgium.be/FourthWayServices/legalbase" xmlns:tec="http://fsb.belgium.be/FourthWayServices/technical" xmlns:xd="http://www.w3.org/2000/09/xmldsig#">
   <soapenv:Header/>
   <soapenv:Body>
      <v1:fiscalDebtNotificationRequest>
         <v1:messageContext>
         	  <v11:messageId>${=import static java.util.UUID.randomUUID; uuid = randomUUID() as String}</v11:messageId>
            <v11:timestamp>${=new java.text.SimpleDateFormat("yyyy-MM-dd'T'HH:mm:ss.SSS").format(new Date())}</v11:timestamp>
         </v1:messageContext>
         <v1:legalContext>ServiceIntegrator</v1:legalContext>      
         <v1:request>
 		<ns46:debtNotification Id="SignMe" xmlns:ns50="http://be.belgium.fsb/fourthWayService/Debt" xmlns="http://fsb.belgium.be/FourthWayServices/common/addressinformation" xmlns:ns10="http://fsb.belgium.be/FourthWayServices/shipinformation" xmlns:ns11="http://fsb.belgium.be/FourthWayServices/selfemployed" xmlns:ns12="http://fsb.belgium.be/FourthWayServices/institution" xmlns:ns13="http://fsb.belgium.be/FourthWayServices/enterprise" xmlns:ns14="http://fsb.belgium.be/FourthWayServices/honorbaseddeclarations" xmlns:ns15="http://fsb.belgium.be/FourthWayServices/unregisteredparty" xmlns:ns16="http://fsb.belgium.be/FourthWayServices/partnerdescription" xmlns:ns17="http://fsb.belgium.be/FourthWayServices/mortgagegoods" xmlns:ns18="http://fsb.belgium.be/FourthWayServices/deficitcaseinformation" xmlns:ns19="http://fsb.belgium.be/FourthWayServices/debtinquiry" xmlns:ns2="http://fsb.belgium.be/FourthWayServices/common/datatypes" xmlns:ns20="http://fsb.belgium.be/FourthWayServices/immovablegoodtransaction" xmlns:ns21="http://fsb.belgium.be/FourthWayServices/movablegoodtransaction" xmlns:ns22="http://fsb.belgium.be/FourthWayServices/inheritanceinformation" xmlns:ns23="http://fsb.belgium.be/FourthWayServices/successiontransaction" xmlns:ns24="http://fsb.belgium.be/FourthWayServices/fourthwaymessage" xmlns:ns25="http://fsb.belgium.be/FourthWayServices/generalcaseinformation" xmlns:ns26="http://www.w3.org/2000/09/xmldsig#" xmlns:ns27="http://fsb.belgium.be/FourthWayServices/technical" xmlns:ns28="http://fsb.belgium.be/FourthWayServices/acknowledgementinformation" xmlns:ns29="http://fsb.belgium.be/FourthWayServices/error" xmlns:ns3="http://fsb.belgium.be/FourthWayServices/salesinformation" xmlns:ns30="http://fsb.belgium.be/FourthWayServices/businesserror" xmlns:ns31="http://fsb.belgium.be/FourthWayServices/fiscaldebtdetails" xmlns:ns32="http://fsb.belgium.be/FourthWayServices/officialproclamation" xmlns:ns33="http://fsb.belgium.be/FourthWayServices/beneficiary" xmlns:ns34="http://fsb.belgium.be/FourthWayServices/common/bankaccount" xmlns:ns35="http://fsb.belgium.be/FourthWayServices/debtdetailedinformation" xmlns:ns36="http://fsb.belgium.be/FourthWayServices/debtsolidarity" xmlns:ns37="http://fsb.belgium.be/FourthWayServices/fiscaldebt" xmlns:ns38="http://fsb.belgium.be/FourthWayServices/socialdebtdetails" xmlns:ns39="http://fsb.belgium.be/FourthWayServices/debtinformation" xmlns:ns4="http://fsb.belgium.be/FourthWayServices/gooddescription" xmlns:ns40="http://fsb.belgium.be/FourthWayServices/socialdebt" xmlns:ns41="http://fsb.belgium.be/FourthWayServices/fiscalregionflandersdebtdetails" xmlns:ns42="http://fsb.belgium.be/FourthWayServices/fiscalregionflandersdebt" xmlns:ns43="http://fsb.belgium.be/FourthWayServices/debt" xmlns:ns44="http://fsb.belgium.be/FourthWayServices/debtparty" xmlns:ns45="http://fsb.belgium.be/FourthWayServices/legalbase" xmlns:ns46="http://fsb.belgium.be/FourthWayServices/debtnotification" xmlns:ns47="http://fsb.belgium.be/FourthWayServices/debtdeficitnotification" xmlns:ns48="http://fsb.belgium.be/FourthWayServices/header" xmlns:ns49="http://fsb.belgium.be/header" xmlns:ns5="http://fsb.belgium.be/FourthWayServices/party" xmlns:ns51="http://fsb.belgium.be/FourthWayServices/technicalack" xmlns:ns52="http://fsb.belgium.be/FourthWayServices/functionalack" xmlns:ns6="http://fsb.belgium.be/FourthWayServices/naturalperson" xmlns:ns7="http://fsb.belgium.be/FourthWayServices/nonresident" xmlns:ns8="http://fsb.belgium.be/FourthWayServices/contact" xmlns:ns9="http://fsb.belgium.be/FourthWayServices/propertyinformation">
            <ns25:generalCaseInformation>
               <ns25:administrativeInformation>
                  <ns25:language>FR</ns25:language>
                  <ns25:caseNumber>2444080.210115.0167</ns25:caseNumber>
                  <ns25:transactionType>3</ns25:transactionType>
                  <ns25:procedureNumber>ENOT4000000419570</ns25:procedureNumber>
                  <ns25:replacedProcedureNumber xsi:nil="true" xmlns:xsi="http://www.w3.org/2001/XMLSchema-instance"/>
                  <ns25:requestDate>2015-01-21T14:50:02.446+01:00</ns25:requestDate>
                  <ns25:origin>
                     <ns2:origin>
                        <ns2:partner>FPS Finance</ns2:partner>
                        <ns2:partnerCode codeType="KBO">0308357159</ns2:partnerCode>
                     </ns2:origin>
                  </ns25:origin>
                  <ns25:destinations>
                     <ns2:destination>
                        <ns2:partner>FRNB</ns2:partner>
                        <ns2:partnerCode codeType="KBO">0409357321</ns2:partnerCode>
                     </ns2:destination>
                  </ns25:destinations>
                  <ns25:requestorInformation>
                     <ns12:institution>
                        <ns12:institutionType>Federal</ns12:institutionType>
                        <ns12:institutionName>Huy</ns12:institutionName>
                        <ns12:institutionIdentificationNumber type="CDDB">600904</ns12:institutionIdentificationNumber>
                        <address>
                           <location>
                              <country>
                                 <countryCode codeStandard="ISO">BE</countryCode>
                              </country>
                              <postalCode>4500</postalCode>
                           </location>
                           <street>Avenue Albert 1er</street>
                           <houseNumber>8/10</houseNumber>
                        </address>
                        <ns12:contactInformation>
                           <ns8:phoneNumber type="phone">025783660</ns8:phoneNumber>
                           <ns8:emailAddress type="email">rec.cd.huy@minfin.fed.be</ns8:emailAddress>
                        </ns12:contactInformation>
                     </ns12:institution>
                     <ns25:responsiblePerson>
                        <ns2:name>
                           <ns2:firstName>Testuser</ns2:firstName>
                           <ns2:lastName>testuser.enotrec01</ns2:lastName>
                        </ns2:name>
                        <ns8:contactInformation/>
                     </ns25:responsiblePerson>
                     <ns25:contactPerson>
                        <ns2:name>
                           <ns2:firstName>Testuser</ns2:firstName>
                           <ns2:lastName>EnotRec01</ns2:lastName>
                        </ns2:name>
                        <ns8:contactInformation>
                           <ns8:emailAddress type="email">testuser.enotrec01@guest.minfin.fed.be</ns8:emailAddress>
                        </ns8:contactInformation>
                     </ns25:contactPerson>
                  </ns25:requestorInformation>
               </ns25:administrativeInformation>
            </ns25:generalCaseInformation>
            <ns44:debtParty>
               <ns5:party partyID="005">
                  <ns5:residentialParty>false</ns5:residentialParty>
                  <ns6:naturalPerson>
                     <ns2:entityReference>
                        <ns2:source>notice1</ns2:source>
                        <ns2:entityID type="nationalNumber">68082123438</ns2:entityID>
                     </ns2:entityReference>
                     <ns6:personInformation>
                        <ns2:name>
                           <ns2:firstName>Yolande Adrienne</ns2:firstName>
                           <ns2:lastName>BUITER</ns2:lastName>
                        </ns2:name>
                        <address>
                           <location>
                              <country>
                                 <countryDescription>Belgium</countryDescription>
                                 <countryCode codeStandard="ISO">BE</countryCode>
                              </country>
                              <municipalityDescription>Verlaine</municipalityDescription>
                              <postalCode>4537</postalCode>
                           </location>
                           <street>Rue aux Raines</street>
                           <houseNumber>53</houseNumber>
                        </address>
                     </ns6:personInformation>
                  </ns6:naturalPerson>
               </ns5:party>
               <ns43:debt debtID="1">
                  <ns37:fiscaldebt>
                     <ns31:fiscalDebtDetails>
                        <ns31:debtType>VAT</ns31:debtType>
                        <ns31:declarations>
                           <ns31:negligenceClause>
                              <ns31:additionalIntrest>0</ns31:additionalIntrest>
                              <ns31:additionalIntrestFromDate>2015-01-21+01:00</ns31:additionalIntrestFromDate>
                           </ns31:negligenceClause>
                        </ns31:declarations>
                        <ns2:referencePeriod>
                           <ns2:startDate>2015-01-06+01:00</ns2:startDate>
                           <ns2:endDate>2015-01-13+01:00</ns2:endDate>
                        </ns2:referencePeriod>
                        <ns31:totalDebt>45</ns31:totalDebt>
                        <ns31:debtBreakdown>
                           <ns31:debtSubType>VAT</ns31:debtSubType>
                           <ns31:debtSubAmount>45</ns31:debtSubAmount>
                        </ns31:debtBreakdown>
                        <ns31:debtBreakdown>
                           <ns31:debtSubType>IM</ns31:debtSubType>
                           <ns31:debtSubAmount>0</ns31:debtSubAmount>
                        </ns31:debtBreakdown>
                        <ns31:debtBreakdown>
                           <ns31:debtSubType>INTEREST</ns31:debtSubType>
                           <ns31:debtSubAmount>0</ns31:debtSubAmount>
                        </ns31:debtBreakdown>
                        <ns31:debtBreakdown>
                           <ns31:debtSubType>FINES</ns31:debtSubType>
                           <ns31:debtSubAmount>0</ns31:debtSubAmount>
                        </ns31:debtBreakdown>
                        <ns31:debtBreakdown>
                           <ns31:debtSubType>COST</ns31:debtSubType>
                           <ns31:debtSubAmount>0</ns31:debtSubAmount>
                        </ns31:debtBreakdown>
                     </ns31:fiscalDebtDetails>
                     <ns32:officialProclamation/>
                     <ns33:beneficiary>
                        <ns33:beneficiaryName>CTRI Namur</ns33:beneficiaryName>
                        <ns33:structuredMessage>N99998745412NOT/</ns33:structuredMessage>
                        <ns33:amount>45</ns33:amount>
                        <ns34:bankAccount>
                           <ns34:ibanNumber>BE42 6792 0034 9254</ns34:ibanNumber>
                           <ns34:bicCode>PCHQBEBB</ns34:bicCode>
                           <ns34:accountName>CTRI Namur</ns34:accountName>
                           <address>
                              <location>
                                 <country>
                                    <countryCode codeStandard="ISO">BE</countryCode>
                                 </country>
                                 <municipalityDescription language="fr">Namur</municipalityDescription>
                                 <postalCode>5000</postalCode>
                              </location>
                              <street>Rue des Bourgeois</street>
                              <houseNumber>7/Bloc B</houseNumber>
                           </address>
                        </ns34:bankAccount>
                     </ns33:beneficiary>
                     <ns35:debtDetailedInformation>
                        <ns35:calculationDate>2015-01-21+01:00</ns35:calculationDate>
                        <ns35:referentialNumber>999998745412</ns35:referentialNumber>
                     </ns35:debtDetailedInformation>
                  </ns37:fiscaldebt>
               </ns43:debt>
               <ns44:totalDebtAmount>45</ns44:totalDebtAmount>
            </ns44:debtParty>
            <ns45:legalBase>
               <ns45:legalSource>Code de la taxe sur la valeur ajout��e</ns45:legalSource>
               <ns45:legalBaseIdentifier>Article 93quater</ns45:legalBaseIdentifier>
            </ns45:legalBase>
            <ns27:technical>
               <ns26:Signature>
                  <ns26:SignedInfo>
                     <ns26:CanonicalizationMethod Algorithm="http://www.w3.org/TR/2001/REC-xml-c14n-20010315"/>
                     <ns26:SignatureMethod Algorithm="http://www.w3.org/2000/09/xmldsig#rsa-sha1"/>
                     <ns26:Reference URI="#signMe">
                        <ns26:DigestMethod Algorithm="http://www.w3.org/2000/09/xmldsig#sha1"/>
                        <ns26:DigestValue>CbUOX9jTy0uYSCKDVQl6peUatJ8=</ns26:DigestValue>
                     </ns26:Reference>
                  </ns26:SignedInfo>
                  <ns26:SignatureValue>WBXEECQtMTWGGq5EGO+5kyVw1kJefLsfHVA/5eYB6pZ3GOZ7LOLc/jAhKbqxeV3qdWiMGx3VzgvdF4ZaMB2HS1fLmnOmNDXHhrrqYQJ51LGDvex39k7/xAJAmuub7MDtfAu08WBTVpmQ5khGL9ZrYOXr5RoG70BrlWNr+37FekM=</ns26:SignatureValue>
                  <ns26:KeyInfo>
                     <ns26:X509Data>
                        <ns26:X509SubjectName>ST=Brussels,L=Brussels,OU=Belgian Federal Government,O=Federal Public Service Finances,CN=Test SPF Finances - FOD Financien,C=BE</ns26:X509SubjectName>
                        <ns26:X509Certificate>MIIDKzCCApSgAwIBAgIJAIkxAL2MG081MA0GCSqGSIb3DQEBBQUAMIGuMQswCQYDVQQGEwJCRTEqMCgGA1UEAxMhVGVzdCBTUEYgRmluYW5jZXMgLSBGT0QgRmluYW5jaWVuMSgwJgYDVQQKEx9GZWRlcmFsIFB1YmxpYyBTZXJ2aWNlIEZpbmFuY2VzMSMwIQYDVQQLExpCZWxnaWFuIEZlZGVyYWwgR292ZXJubWVudDERMA8GA1UEBxMIQnJ1c3NlbHMxETAPBgNVBAgTCEJydXNzZWxzMB4XDTA4MDUwNjA4MDcyMFoXDTE4MDUwNzA4MDcyMFowga4xCzAJBgNVBAYTAkJFMSowKAYDVQQDEyFUZXN0IFNQRiBGaW5hbmNlcyAtIEZPRCBGaW5hbmNpZW4xKDAmBgNVBAoTH0ZlZGVyYWwgUHVibGljIFNlcnZpY2UgRmluYW5jZXMxIzAhBgNVBAsTGkJlbGdpYW4gRmVkZXJhbCBHb3Zlcm5tZW50MREwDwYDVQQHEwhCcnVzc2VsczERMA8GA1UECBMIQnJ1c3NlbHMwgZ8wDQYJKoZIhvcNAQEBBQADgY0AMIGJAoGBAJ8T/80iF50FvothkWOZDsZUPKM52fxhNdKMT+E/lODqejyJ2iQkjEuW5yJKo0lXNj+Gxwfl99bD16IJMagbrxBnJPwR7SeS3JQ0IaLkOorOoeZkZLFoFMSfZWT9uCf6Qf/uNMQtRnX2351P1OF3cld68uFGUNS8U93OqxS9R/ZvAgMBAAGjTzBNMAwGA1UdEwQFMAMBAf8wCwYDVR0PBAQDAgTwMB0GA1UdJQQWMBQGCCsGAQUFBwMCBggrBgEFBQcDBDARBglghkgBhvhCAQEEBAMCBLAwDQYJKoZIhvcNAQEFBQADgYEATnEO8juTdcZtwzvl5EHnZ9+6cEM9rsWuQtq43UXw4RqveHWUE+Cn2ElMPiyuxLLzkzQTbcDYxI9FgVAXFEmqPf7Jii2PpHIlo8yHWCWMuPP0OykMF6YuCtyutKJBbGuTT36gNVAUEPeD34fzB5pgy2aG5wQTQctRdDz07CVM3cI=</ns26:X509Certificate>
                     </ns26:X509Data>
                  </ns26:KeyInfo>
               </ns26:Signature>
            </ns27:technical>
         </ns46:debtNotification>
         </v1:request>
      </v1:fiscalDebtNotificationRequest>
   </soapenv:Body>
</soapenv:Envelope>]]></con:request><con:credentials><con:selectedAuthProfile>Basic</con:selectedAuthProfile><con:addedBasicAuthenticationTypes>Basic</con:addedBasicAuthenticationTypes><con:authType>Global HTTP Settings</con:authType></con:credentials><con:jmsConfig JMSDeliveryMode="PERSISTENT"/><con:jmsPropertyConfig/><con:wsaConfig mustUnderstand="NONE" version="200508" action="http://fidus.brussels/services/fourthwaydebtservice/fiscalDebtNotification"/><con:wsrmConfig version="1.2"/></con:call><con:call id="76d82d83-dd13-4491-817e-e5a056132077" name="5 - Prod - Worker1 - Request" outgoingWss="Outflow PROD" incomingWss="Inflow PROD"><con:settings><con:setting id="com.eviware.soapui.impl.wsdl.WsdlRequest@request-headers">&lt;xml-fragment/></con:setting></con:settings><con:encoding>UTF-8</con:encoding><con:endpoint>https://192.168.26.22:8443/services/FourthWayDebtService_v1.0</con:endpoint><con:request><![CDATA[<soapenv:Envelope xmlns:soapenv="http://schemas.xmlsoap.org/soap/envelope/" xmlns:v1="http://fidus.brussels/service/fourthwaydebtservice/messages/v1" xmlns:v11="http://fidus.brussels/type/common/messages/v1" xmlns:deb="http://fsb.belgium.be/FourthWayServices/debtnotification" xmlns:gen="http://fsb.belgium.be/FourthWayServices/generalcaseinformation" xmlns:dat="http://fsb.belgium.be/FourthWayServices/common/datatypes" xmlns:ins="http://fsb.belgium.be/FourthWayServices/institution" xmlns:add="http://fsb.belgium.be/FourthWayServices/common/addressinformation" xmlns:con="http://fsb.belgium.be/FourthWayServices/contact" xmlns:deb1="http://fsb.belgium.be/FourthWayServices/debtparty" xmlns:par="http://fsb.belgium.be/FourthWayServices/party" xmlns:debt="http://fsb.belgium.be/FourthWayServices/debt" xmlns:leg="http://fsb.belgium.be/FourthWayServices/legalbase" xmlns:tec="http://fsb.belgium.be/FourthWayServices/technical" xmlns:xd="http://www.w3.org/2000/09/xmldsig#">
   <soapenv:Header/>
   <soapenv:Body>
      <v1:fiscalDebtNotificationRequest>
         <v1:messageContext>
         	  <v11:messageId>${=import static java.util.UUID.randomUUID; uuid = randomUUID() as String}</v11:messageId>
            <v11:timestamp>${=new java.text.SimpleDateFormat("yyyy-MM-dd'T'HH:mm:ss.SSS").format(new Date())}</v11:timestamp>
         </v1:messageContext>
         <v1:legalContext>ServiceIntegrator</v1:legalContext>      
         <v1:request>
 		<ns46:debtNotification Id="SignMe" xmlns:ns50="http://be.belgium.fsb/fourthWayService/Debt" xmlns="http://fsb.belgium.be/FourthWayServices/common/addressinformation" xmlns:ns10="http://fsb.belgium.be/FourthWayServices/shipinformation" xmlns:ns11="http://fsb.belgium.be/FourthWayServices/selfemployed" xmlns:ns12="http://fsb.belgium.be/FourthWayServices/institution" xmlns:ns13="http://fsb.belgium.be/FourthWayServices/enterprise" xmlns:ns14="http://fsb.belgium.be/FourthWayServices/honorbaseddeclarations" xmlns:ns15="http://fsb.belgium.be/FourthWayServices/unregisteredparty" xmlns:ns16="http://fsb.belgium.be/FourthWayServices/partnerdescription" xmlns:ns17="http://fsb.belgium.be/FourthWayServices/mortgagegoods" xmlns:ns18="http://fsb.belgium.be/FourthWayServices/deficitcaseinformation" xmlns:ns19="http://fsb.belgium.be/FourthWayServices/debtinquiry" xmlns:ns2="http://fsb.belgium.be/FourthWayServices/common/datatypes" xmlns:ns20="http://fsb.belgium.be/FourthWayServices/immovablegoodtransaction" xmlns:ns21="http://fsb.belgium.be/FourthWayServices/movablegoodtransaction" xmlns:ns22="http://fsb.belgium.be/FourthWayServices/inheritanceinformation" xmlns:ns23="http://fsb.belgium.be/FourthWayServices/successiontransaction" xmlns:ns24="http://fsb.belgium.be/FourthWayServices/fourthwaymessage" xmlns:ns25="http://fsb.belgium.be/FourthWayServices/generalcaseinformation" xmlns:ns26="http://www.w3.org/2000/09/xmldsig#" xmlns:ns27="http://fsb.belgium.be/FourthWayServices/technical" xmlns:ns28="http://fsb.belgium.be/FourthWayServices/acknowledgementinformation" xmlns:ns29="http://fsb.belgium.be/FourthWayServices/error" xmlns:ns3="http://fsb.belgium.be/FourthWayServices/salesinformation" xmlns:ns30="http://fsb.belgium.be/FourthWayServices/businesserror" xmlns:ns31="http://fsb.belgium.be/FourthWayServices/fiscaldebtdetails" xmlns:ns32="http://fsb.belgium.be/FourthWayServices/officialproclamation" xmlns:ns33="http://fsb.belgium.be/FourthWayServices/beneficiary" xmlns:ns34="http://fsb.belgium.be/FourthWayServices/common/bankaccount" xmlns:ns35="http://fsb.belgium.be/FourthWayServices/debtdetailedinformation" xmlns:ns36="http://fsb.belgium.be/FourthWayServices/debtsolidarity" xmlns:ns37="http://fsb.belgium.be/FourthWayServices/fiscaldebt" xmlns:ns38="http://fsb.belgium.be/FourthWayServices/socialdebtdetails" xmlns:ns39="http://fsb.belgium.be/FourthWayServices/debtinformation" xmlns:ns4="http://fsb.belgium.be/FourthWayServices/gooddescription" xmlns:ns40="http://fsb.belgium.be/FourthWayServices/socialdebt" xmlns:ns41="http://fsb.belgium.be/FourthWayServices/fiscalregionflandersdebtdetails" xmlns:ns42="http://fsb.belgium.be/FourthWayServices/fiscalregionflandersdebt" xmlns:ns43="http://fsb.belgium.be/FourthWayServices/debt" xmlns:ns44="http://fsb.belgium.be/FourthWayServices/debtparty" xmlns:ns45="http://fsb.belgium.be/FourthWayServices/legalbase" xmlns:ns46="http://fsb.belgium.be/FourthWayServices/debtnotification" xmlns:ns47="http://fsb.belgium.be/FourthWayServices/debtdeficitnotification" xmlns:ns48="http://fsb.belgium.be/FourthWayServices/header" xmlns:ns49="http://fsb.belgium.be/header" xmlns:ns5="http://fsb.belgium.be/FourthWayServices/party" xmlns:ns51="http://fsb.belgium.be/FourthWayServices/technicalack" xmlns:ns52="http://fsb.belgium.be/FourthWayServices/functionalack" xmlns:ns6="http://fsb.belgium.be/FourthWayServices/naturalperson" xmlns:ns7="http://fsb.belgium.be/FourthWayServices/nonresident" xmlns:ns8="http://fsb.belgium.be/FourthWayServices/contact" xmlns:ns9="http://fsb.belgium.be/FourthWayServices/propertyinformation">
            <ns25:generalCaseInformation>
               <ns25:administrativeInformation>
                  <ns25:language>FR</ns25:language>
                  <ns25:caseNumber>2444080.210115.0167</ns25:caseNumber>
                  <ns25:transactionType>3</ns25:transactionType>
                  <ns25:procedureNumber>ENOT4000000419570</ns25:procedureNumber>
                  <ns25:replacedProcedureNumber xsi:nil="true" xmlns:xsi="http://www.w3.org/2001/XMLSchema-instance"/>
                  <ns25:requestDate>2015-01-21T14:50:02.446+01:00</ns25:requestDate>
                  <ns25:origin>
                     <ns2:origin>
                        <ns2:partner>FPS Finance</ns2:partner>
                        <ns2:partnerCode codeType="KBO">0308357159</ns2:partnerCode>
                     </ns2:origin>
                  </ns25:origin>
                  <ns25:destinations>
                     <ns2:destination>
                        <ns2:partner>FRNB</ns2:partner>
                        <ns2:partnerCode codeType="KBO">0409357321</ns2:partnerCode>
                     </ns2:destination>
                  </ns25:destinations>
                  <ns25:requestorInformation>
                     <ns12:institution>
                        <ns12:institutionType>Federal</ns12:institutionType>
                        <ns12:institutionName>Huy</ns12:institutionName>
                        <ns12:institutionIdentificationNumber type="CDDB">600904</ns12:institutionIdentificationNumber>
                        <address>
                           <location>
                              <country>
                                 <countryCode codeStandard="ISO">BE</countryCode>
                              </country>
                              <postalCode>4500</postalCode>
                           </location>
                           <street>Avenue Albert 1er</street>
                           <houseNumber>8/10</houseNumber>
                        </address>
                        <ns12:contactInformation>
                           <ns8:phoneNumber type="phone">025783660</ns8:phoneNumber>
                           <ns8:emailAddress type="email">rec.cd.huy@minfin.fed.be</ns8:emailAddress>
                        </ns12:contactInformation>
                     </ns12:institution>
                     <ns25:responsiblePerson>
                        <ns2:name>
                           <ns2:firstName>Testuser</ns2:firstName>
                           <ns2:lastName>testuser.enotrec01</ns2:lastName>
                        </ns2:name>
                        <ns8:contactInformation/>
                     </ns25:responsiblePerson>
                     <ns25:contactPerson>
                        <ns2:name>
                           <ns2:firstName>Testuser</ns2:firstName>
                           <ns2:lastName>EnotRec01</ns2:lastName>
                        </ns2:name>
                        <ns8:contactInformation>
                           <ns8:emailAddress type="email">testuser.enotrec01@guest.minfin.fed.be</ns8:emailAddress>
                        </ns8:contactInformation>
                     </ns25:contactPerson>
                  </ns25:requestorInformation>
               </ns25:administrativeInformation>
            </ns25:generalCaseInformation>
            <ns44:debtParty>
               <ns5:party partyID="005">
                  <ns5:residentialParty>false</ns5:residentialParty>
                  <ns6:naturalPerson>
                     <ns2:entityReference>
                        <ns2:source>notice1</ns2:source>
                        <ns2:entityID type="nationalNumber">68082123438</ns2:entityID>
                     </ns2:entityReference>
                     <ns6:personInformation>
                        <ns2:name>
                           <ns2:firstName>Yolande Adrienne</ns2:firstName>
                           <ns2:lastName>BUITER</ns2:lastName>
                        </ns2:name>
                        <address>
                           <location>
                              <country>
                                 <countryDescription>Belgium</countryDescription>
                                 <countryCode codeStandard="ISO">BE</countryCode>
                              </country>
                              <municipalityDescription>Verlaine</municipalityDescription>
                              <postalCode>4537</postalCode>
                           </location>
                           <street>Rue aux Raines</street>
                           <houseNumber>53</houseNumber>
                        </address>
                     </ns6:personInformation>
                  </ns6:naturalPerson>
               </ns5:party>
               <ns43:debt debtID="1">
                  <ns37:fiscaldebt>
                     <ns31:fiscalDebtDetails>
                        <ns31:debtType>VAT</ns31:debtType>
                        <ns31:declarations>
                           <ns31:negligenceClause>
                              <ns31:additionalIntrest>0</ns31:additionalIntrest>
                              <ns31:additionalIntrestFromDate>2015-01-21+01:00</ns31:additionalIntrestFromDate>
                           </ns31:negligenceClause>
                        </ns31:declarations>
                        <ns2:referencePeriod>
                           <ns2:startDate>2015-01-06+01:00</ns2:startDate>
                           <ns2:endDate>2015-01-13+01:00</ns2:endDate>
                        </ns2:referencePeriod>
                        <ns31:totalDebt>45</ns31:totalDebt>
                        <ns31:debtBreakdown>
                           <ns31:debtSubType>VAT</ns31:debtSubType>
                           <ns31:debtSubAmount>45</ns31:debtSubAmount>
                        </ns31:debtBreakdown>
                        <ns31:debtBreakdown>
                           <ns31:debtSubType>IM</ns31:debtSubType>
                           <ns31:debtSubAmount>0</ns31:debtSubAmount>
                        </ns31:debtBreakdown>
                        <ns31:debtBreakdown>
                           <ns31:debtSubType>INTEREST</ns31:debtSubType>
                           <ns31:debtSubAmount>0</ns31:debtSubAmount>
                        </ns31:debtBreakdown>
                        <ns31:debtBreakdown>
                           <ns31:debtSubType>FINES</ns31:debtSubType>
                           <ns31:debtSubAmount>0</ns31:debtSubAmount>
                        </ns31:debtBreakdown>
                        <ns31:debtBreakdown>
                           <ns31:debtSubType>COST</ns31:debtSubType>
                           <ns31:debtSubAmount>0</ns31:debtSubAmount>
                        </ns31:debtBreakdown>
                     </ns31:fiscalDebtDetails>
                     <ns32:officialProclamation/>
                     <ns33:beneficiary>
                        <ns33:beneficiaryName>CTRI Namur</ns33:beneficiaryName>
                        <ns33:structuredMessage>N99998745412NOT/</ns33:structuredMessage>
                        <ns33:amount>45</ns33:amount>
                        <ns34:bankAccount>
                           <ns34:ibanNumber>BE42 6792 0034 9254</ns34:ibanNumber>
                           <ns34:bicCode>PCHQBEBB</ns34:bicCode>
                           <ns34:accountName>CTRI Namur</ns34:accountName>
                           <address>
                              <location>
                                 <country>
                                    <countryCode codeStandard="ISO">BE</countryCode>
                                 </country>
                                 <municipalityDescription language="fr">Namur</municipalityDescription>
                                 <postalCode>5000</postalCode>
                              </location>
                              <street>Rue des Bourgeois</street>
                              <houseNumber>7/Bloc B</houseNumber>
                           </address>
                        </ns34:bankAccount>
                     </ns33:beneficiary>
                     <ns35:debtDetailedInformation>
                        <ns35:calculationDate>2015-01-21+01:00</ns35:calculationDate>
                        <ns35:referentialNumber>999998745412</ns35:referentialNumber>
                     </ns35:debtDetailedInformation>
                  </ns37:fiscaldebt>
               </ns43:debt>
               <ns44:totalDebtAmount>45</ns44:totalDebtAmount>
            </ns44:debtParty>
            <ns45:legalBase>
               <ns45:legalSource>Code de la taxe sur la valeur ajout��e</ns45:legalSource>
               <ns45:legalBaseIdentifier>Article 93quater</ns45:legalBaseIdentifier>
            </ns45:legalBase>
            <ns27:technical>
               <ns26:Signature>
                  <ns26:SignedInfo>
                     <ns26:CanonicalizationMethod Algorithm="http://www.w3.org/TR/2001/REC-xml-c14n-20010315"/>
                     <ns26:SignatureMethod Algorithm="http://www.w3.org/2000/09/xmldsig#rsa-sha1"/>
                     <ns26:Reference URI="#signMe">
                        <ns26:DigestMethod Algorithm="http://www.w3.org/2000/09/xmldsig#sha1"/>
                        <ns26:DigestValue>CbUOX9jTy0uYSCKDVQl6peUatJ8=</ns26:DigestValue>
                     </ns26:Reference>
                  </ns26:SignedInfo>
                  <ns26:SignatureValue>WBXEECQtMTWGGq5EGO+5kyVw1kJefLsfHVA/5eYB6pZ3GOZ7LOLc/jAhKbqxeV3qdWiMGx3VzgvdF4ZaMB2HS1fLmnOmNDXHhrrqYQJ51LGDvex39k7/xAJAmuub7MDtfAu08WBTVpmQ5khGL9ZrYOXr5RoG70BrlWNr+37FekM=</ns26:SignatureValue>
                  <ns26:KeyInfo>
                     <ns26:X509Data>
                        <ns26:X509SubjectName>ST=Brussels,L=Brussels,OU=Belgian Federal Government,O=Federal Public Service Finances,CN=Test SPF Finances - FOD Financien,C=BE</ns26:X509SubjectName>
                        <ns26:X509Certificate>MIIDKzCCApSgAwIBAgIJAIkxAL2MG081MA0GCSqGSIb3DQEBBQUAMIGuMQswCQYDVQQGEwJCRTEqMCgGA1UEAxMhVGVzdCBTUEYgRmluYW5jZXMgLSBGT0QgRmluYW5jaWVuMSgwJgYDVQQKEx9GZWRlcmFsIFB1YmxpYyBTZXJ2aWNlIEZpbmFuY2VzMSMwIQYDVQQLExpCZWxnaWFuIEZlZGVyYWwgR292ZXJubWVudDERMA8GA1UEBxMIQnJ1c3NlbHMxETAPBgNVBAgTCEJydXNzZWxzMB4XDTA4MDUwNjA4MDcyMFoXDTE4MDUwNzA4MDcyMFowga4xCzAJBgNVBAYTAkJFMSowKAYDVQQDEyFUZXN0IFNQRiBGaW5hbmNlcyAtIEZPRCBGaW5hbmNpZW4xKDAmBgNVBAoTH0ZlZGVyYWwgUHVibGljIFNlcnZpY2UgRmluYW5jZXMxIzAhBgNVBAsTGkJlbGdpYW4gRmVkZXJhbCBHb3Zlcm5tZW50MREwDwYDVQQHEwhCcnVzc2VsczERMA8GA1UECBMIQnJ1c3NlbHMwgZ8wDQYJKoZIhvcNAQEBBQADgY0AMIGJAoGBAJ8T/80iF50FvothkWOZDsZUPKM52fxhNdKMT+E/lODqejyJ2iQkjEuW5yJKo0lXNj+Gxwfl99bD16IJMagbrxBnJPwR7SeS3JQ0IaLkOorOoeZkZLFoFMSfZWT9uCf6Qf/uNMQtRnX2351P1OF3cld68uFGUNS8U93OqxS9R/ZvAgMBAAGjTzBNMAwGA1UdEwQFMAMBAf8wCwYDVR0PBAQDAgTwMB0GA1UdJQQWMBQGCCsGAQUFBwMCBggrBgEFBQcDBDARBglghkgBhvhCAQEEBAMCBLAwDQYJKoZIhvcNAQEFBQADgYEATnEO8juTdcZtwzvl5EHnZ9+6cEM9rsWuQtq43UXw4RqveHWUE+Cn2ElMPiyuxLLzkzQTbcDYxI9FgVAXFEmqPf7Jii2PpHIlo8yHWCWMuPP0OykMF6YuCtyutKJBbGuTT36gNVAUEPeD34fzB5pgy2aG5wQTQctRdDz07CVM3cI=</ns26:X509Certificate>
                     </ns26:X509Data>
                  </ns26:KeyInfo>
               </ns26:Signature>
            </ns27:technical>
         </ns46:debtNotification>
         </v1:request>
      </v1:fiscalDebtNotificationRequest>
   </soapenv:Body>
</soapenv:Envelope>]]></con:request><con:credentials><con:selectedAuthProfile>Basic</con:selectedAuthProfile><con:addedBasicAuthenticationTypes>Basic</con:addedBasicAuthenticationTypes><con:authType>Global HTTP Settings</con:authType></con:credentials><con:jmsConfig JMSDeliveryMode="PERSISTENT"/><con:jmsPropertyConfig/><con:wsaConfig mustUnderstand="NONE" version="200508" action="http://fidus.brussels/services/fourthwaydebtservice/fiscalDebtNotification"/><con:wsrmConfig version="1.2"/></con:call><con:call id="d3fb80db-61a8-4dfc-8351-9179758b22d8" name="5 - Prod - Worker2 - Request" outgoingWss="Outflow PROD" incomingWss="Inflow PROD"><con:settings><con:setting id="com.eviware.soapui.impl.wsdl.WsdlRequest@request-headers">&lt;xml-fragment/></con:setting></con:settings><con:encoding>UTF-8</con:encoding><con:endpoint>https://192.168.26.19:8443/services/FourthWayDebtService_v1.0</con:endpoint><con:request><![CDATA[<soapenv:Envelope xmlns:soapenv="http://schemas.xmlsoap.org/soap/envelope/" xmlns:v1="http://fidus.brussels/service/fourthwaydebtservice/messages/v1" xmlns:v11="http://fidus.brussels/type/common/messages/v1" xmlns:deb="http://fsb.belgium.be/FourthWayServices/debtnotification" xmlns:gen="http://fsb.belgium.be/FourthWayServices/generalcaseinformation" xmlns:dat="http://fsb.belgium.be/FourthWayServices/common/datatypes" xmlns:ins="http://fsb.belgium.be/FourthWayServices/institution" xmlns:add="http://fsb.belgium.be/FourthWayServices/common/addressinformation" xmlns:con="http://fsb.belgium.be/FourthWayServices/contact" xmlns:deb1="http://fsb.belgium.be/FourthWayServices/debtparty" xmlns:par="http://fsb.belgium.be/FourthWayServices/party" xmlns:debt="http://fsb.belgium.be/FourthWayServices/debt" xmlns:leg="http://fsb.belgium.be/FourthWayServices/legalbase" xmlns:tec="http://fsb.belgium.be/FourthWayServices/technical" xmlns:xd="http://www.w3.org/2000/09/xmldsig#">
   <soapenv:Header/>
   <soapenv:Body>
      <v1:fiscalDebtNotificationRequest>
         <v1:messageContext>
         	  <v11:messageId>${=import static java.util.UUID.randomUUID; uuid = randomUUID() as String}</v11:messageId>
            <v11:timestamp>${=new java.text.SimpleDateFormat("yyyy-MM-dd'T'HH:mm:ss.SSS").format(new Date())}</v11:timestamp>
         </v1:messageContext>
         <v1:legalContext>ServiceIntegrator</v1:legalContext>      
         <v1:request>
 		<ns46:debtNotification Id="SignMe" xmlns:ns50="http://be.belgium.fsb/fourthWayService/Debt" xmlns="http://fsb.belgium.be/FourthWayServices/common/addressinformation" xmlns:ns10="http://fsb.belgium.be/FourthWayServices/shipinformation" xmlns:ns11="http://fsb.belgium.be/FourthWayServices/selfemployed" xmlns:ns12="http://fsb.belgium.be/FourthWayServices/institution" xmlns:ns13="http://fsb.belgium.be/FourthWayServices/enterprise" xmlns:ns14="http://fsb.belgium.be/FourthWayServices/honorbaseddeclarations" xmlns:ns15="http://fsb.belgium.be/FourthWayServices/unregisteredparty" xmlns:ns16="http://fsb.belgium.be/FourthWayServices/partnerdescription" xmlns:ns17="http://fsb.belgium.be/FourthWayServices/mortgagegoods" xmlns:ns18="http://fsb.belgium.be/FourthWayServices/deficitcaseinformation" xmlns:ns19="http://fsb.belgium.be/FourthWayServices/debtinquiry" xmlns:ns2="http://fsb.belgium.be/FourthWayServices/common/datatypes" xmlns:ns20="http://fsb.belgium.be/FourthWayServices/immovablegoodtransaction" xmlns:ns21="http://fsb.belgium.be/FourthWayServices/movablegoodtransaction" xmlns:ns22="http://fsb.belgium.be/FourthWayServices/inheritanceinformation" xmlns:ns23="http://fsb.belgium.be/FourthWayServices/successiontransaction" xmlns:ns24="http://fsb.belgium.be/FourthWayServices/fourthwaymessage" xmlns:ns25="http://fsb.belgium.be/FourthWayServices/generalcaseinformation" xmlns:ns26="http://www.w3.org/2000/09/xmldsig#" xmlns:ns27="http://fsb.belgium.be/FourthWayServices/technical" xmlns:ns28="http://fsb.belgium.be/FourthWayServices/acknowledgementinformation" xmlns:ns29="http://fsb.belgium.be/FourthWayServices/error" xmlns:ns3="http://fsb.belgium.be/FourthWayServices/salesinformation" xmlns:ns30="http://fsb.belgium.be/FourthWayServices/businesserror" xmlns:ns31="http://fsb.belgium.be/FourthWayServices/fiscaldebtdetails" xmlns:ns32="http://fsb.belgium.be/FourthWayServices/officialproclamation" xmlns:ns33="http://fsb.belgium.be/FourthWayServices/beneficiary" xmlns:ns34="http://fsb.belgium.be/FourthWayServices/common/bankaccount" xmlns:ns35="http://fsb.belgium.be/FourthWayServices/debtdetailedinformation" xmlns:ns36="http://fsb.belgium.be/FourthWayServices/debtsolidarity" xmlns:ns37="http://fsb.belgium.be/FourthWayServices/fiscaldebt" xmlns:ns38="http://fsb.belgium.be/FourthWayServices/socialdebtdetails" xmlns:ns39="http://fsb.belgium.be/FourthWayServices/debtinformation" xmlns:ns4="http://fsb.belgium.be/FourthWayServices/gooddescription" xmlns:ns40="http://fsb.belgium.be/FourthWayServices/socialdebt" xmlns:ns41="http://fsb.belgium.be/FourthWayServices/fiscalregionflandersdebtdetails" xmlns:ns42="http://fsb.belgium.be/FourthWayServices/fiscalregionflandersdebt" xmlns:ns43="http://fsb.belgium.be/FourthWayServices/debt" xmlns:ns44="http://fsb.belgium.be/FourthWayServices/debtparty" xmlns:ns45="http://fsb.belgium.be/FourthWayServices/legalbase" xmlns:ns46="http://fsb.belgium.be/FourthWayServices/debtnotification" xmlns:ns47="http://fsb.belgium.be/FourthWayServices/debtdeficitnotification" xmlns:ns48="http://fsb.belgium.be/FourthWayServices/header" xmlns:ns49="http://fsb.belgium.be/header" xmlns:ns5="http://fsb.belgium.be/FourthWayServices/party" xmlns:ns51="http://fsb.belgium.be/FourthWayServices/technicalack" xmlns:ns52="http://fsb.belgium.be/FourthWayServices/functionalack" xmlns:ns6="http://fsb.belgium.be/FourthWayServices/naturalperson" xmlns:ns7="http://fsb.belgium.be/FourthWayServices/nonresident" xmlns:ns8="http://fsb.belgium.be/FourthWayServices/contact" xmlns:ns9="http://fsb.belgium.be/FourthWayServices/propertyinformation">
            <ns25:generalCaseInformation>
               <ns25:administrativeInformation>
                  <ns25:language>FR</ns25:language>
                  <ns25:caseNumber>2444080.210115.0167</ns25:caseNumber>
                  <ns25:transactionType>3</ns25:transactionType>
                  <ns25:procedureNumber>ENOT4000000419570</ns25:procedureNumber>
                  <ns25:replacedProcedureNumber xsi:nil="true" xmlns:xsi="http://www.w3.org/2001/XMLSchema-instance"/>
                  <ns25:requestDate>2015-01-21T14:50:02.446+01:00</ns25:requestDate>
                  <ns25:origin>
                     <ns2:origin>
                        <ns2:partner>FPS Finance</ns2:partner>
                        <ns2:partnerCode codeType="KBO">0308357159</ns2:partnerCode>
                     </ns2:origin>
                  </ns25:origin>
                  <ns25:destinations>
                     <ns2:destination>
                        <ns2:partner>FRNB</ns2:partner>
                        <ns2:partnerCode codeType="KBO">0409357321</ns2:partnerCode>
                     </ns2:destination>
                  </ns25:destinations>
                  <ns25:requestorInformation>
                     <ns12:institution>
                        <ns12:institutionType>Federal</ns12:institutionType>
                        <ns12:institutionName>Huy</ns12:institutionName>
                        <ns12:institutionIdentificationNumber type="CDDB">600904</ns12:institutionIdentificationNumber>
                        <address>
                           <location>
                              <country>
                                 <countryCode codeStandard="ISO">BE</countryCode>
                              </country>
                              <postalCode>4500</postalCode>
                           </location>
                           <street>Avenue Albert 1er</street>
                           <houseNumber>8/10</houseNumber>
                        </address>
                        <ns12:contactInformation>
                           <ns8:phoneNumber type="phone">025783660</ns8:phoneNumber>
                           <ns8:emailAddress type="email">rec.cd.huy@minfin.fed.be</ns8:emailAddress>
                        </ns12:contactInformation>
                     </ns12:institution>
                     <ns25:responsiblePerson>
                        <ns2:name>
                           <ns2:firstName>Testuser</ns2:firstName>
                           <ns2:lastName>testuser.enotrec01</ns2:lastName>
                        </ns2:name>
                        <ns8:contactInformation/>
                     </ns25:responsiblePerson>
                     <ns25:contactPerson>
                        <ns2:name>
                           <ns2:firstName>Testuser</ns2:firstName>
                           <ns2:lastName>EnotRec01</ns2:lastName>
                        </ns2:name>
                        <ns8:contactInformation>
                           <ns8:emailAddress type="email">testuser.enotrec01@guest.minfin.fed.be</ns8:emailAddress>
                        </ns8:contactInformation>
                     </ns25:contactPerson>
                  </ns25:requestorInformation>
               </ns25:administrativeInformation>
            </ns25:generalCaseInformation>
            <ns44:debtParty>
               <ns5:party partyID="005">
                  <ns5:residentialParty>false</ns5:residentialParty>
                  <ns6:naturalPerson>
                     <ns2:entityReference>
                        <ns2:source>notice1</ns2:source>
                        <ns2:entityID type="nationalNumber">68082123438</ns2:entityID>
                     </ns2:entityReference>
                     <ns6:personInformation>
                        <ns2:name>
                           <ns2:firstName>Yolande Adrienne</ns2:firstName>
                           <ns2:lastName>BUITER</ns2:lastName>
                        </ns2:name>
                        <address>
                           <location>
                              <country>
                                 <countryDescription>Belgium</countryDescription>
                                 <countryCode codeStandard="ISO">BE</countryCode>
                              </country>
                              <municipalityDescription>Verlaine</municipalityDescription>
                              <postalCode>4537</postalCode>
                           </location>
                           <street>Rue aux Raines</street>
                           <houseNumber>53</houseNumber>
                        </address>
                     </ns6:personInformation>
                  </ns6:naturalPerson>
               </ns5:party>
               <ns43:debt debtID="1">
                  <ns37:fiscaldebt>
                     <ns31:fiscalDebtDetails>
                        <ns31:debtType>VAT</ns31:debtType>
                        <ns31:declarations>
                           <ns31:negligenceClause>
                              <ns31:additionalIntrest>0</ns31:additionalIntrest>
                              <ns31:additionalIntrestFromDate>2015-01-21+01:00</ns31:additionalIntrestFromDate>
                           </ns31:negligenceClause>
                        </ns31:declarations>
                        <ns2:referencePeriod>
                           <ns2:startDate>2015-01-06+01:00</ns2:startDate>
                           <ns2:endDate>2015-01-13+01:00</ns2:endDate>
                        </ns2:referencePeriod>
                        <ns31:totalDebt>45</ns31:totalDebt>
                        <ns31:debtBreakdown>
                           <ns31:debtSubType>VAT</ns31:debtSubType>
                           <ns31:debtSubAmount>45</ns31:debtSubAmount>
                        </ns31:debtBreakdown>
                        <ns31:debtBreakdown>
                           <ns31:debtSubType>IM</ns31:debtSubType>
                           <ns31:debtSubAmount>0</ns31:debtSubAmount>
                        </ns31:debtBreakdown>
                        <ns31:debtBreakdown>
                           <ns31:debtSubType>INTEREST</ns31:debtSubType>
                           <ns31:debtSubAmount>0</ns31:debtSubAmount>
                        </ns31:debtBreakdown>
                        <ns31:debtBreakdown>
                           <ns31:debtSubType>FINES</ns31:debtSubType>
                           <ns31:debtSubAmount>0</ns31:debtSubAmount>
                        </ns31:debtBreakdown>
                        <ns31:debtBreakdown>
                           <ns31:debtSubType>COST</ns31:debtSubType>
                           <ns31:debtSubAmount>0</ns31:debtSubAmount>
                        </ns31:debtBreakdown>
                     </ns31:fiscalDebtDetails>
                     <ns32:officialProclamation/>
                     <ns33:beneficiary>
                        <ns33:beneficiaryName>CTRI Namur</ns33:beneficiaryName>
                        <ns33:structuredMessage>N99998745412NOT/</ns33:structuredMessage>
                        <ns33:amount>45</ns33:amount>
                        <ns34:bankAccount>
                           <ns34:ibanNumber>BE42 6792 0034 9254</ns34:ibanNumber>
                           <ns34:bicCode>PCHQBEBB</ns34:bicCode>
                           <ns34:accountName>CTRI Namur</ns34:accountName>
                           <address>
                              <location>
                                 <country>
                                    <countryCode codeStandard="ISO">BE</countryCode>
                                 </country>
                                 <municipalityDescription language="fr">Namur</municipalityDescription>
                                 <postalCode>5000</postalCode>
                              </location>
                              <street>Rue des Bourgeois</street>
                              <houseNumber>7/Bloc B</houseNumber>
                           </address>
                        </ns34:bankAccount>
                     </ns33:beneficiary>
                     <ns35:debtDetailedInformation>
                        <ns35:calculationDate>2015-01-21+01:00</ns35:calculationDate>
                        <ns35:referentialNumber>999998745412</ns35:referentialNumber>
                     </ns35:debtDetailedInformation>
                  </ns37:fiscaldebt>
               </ns43:debt>
               <ns44:totalDebtAmount>45</ns44:totalDebtAmount>
            </ns44:debtParty>
            <ns45:legalBase>
               <ns45:legalSource>Code de la taxe sur la valeur ajout��e</ns45:legalSource>
               <ns45:legalBaseIdentifier>Article 93quater</ns45:legalBaseIdentifier>
            </ns45:legalBase>
            <ns27:technical>
               <ns26:Signature>
                  <ns26:SignedInfo>
                     <ns26:CanonicalizationMethod Algorithm="http://www.w3.org/TR/2001/REC-xml-c14n-20010315"/>
                     <ns26:SignatureMethod Algorithm="http://www.w3.org/2000/09/xmldsig#rsa-sha1"/>
                     <ns26:Reference URI="#signMe">
                        <ns26:DigestMethod Algorithm="http://www.w3.org/2000/09/xmldsig#sha1"/>
                        <ns26:DigestValue>CbUOX9jTy0uYSCKDVQl6peUatJ8=</ns26:DigestValue>
                     </ns26:Reference>
                  </ns26:SignedInfo>
                  <ns26:SignatureValue>WBXEECQtMTWGGq5EGO+5kyVw1kJefLsfHVA/5eYB6pZ3GOZ7LOLc/jAhKbqxeV3qdWiMGx3VzgvdF4ZaMB2HS1fLmnOmNDXHhrrqYQJ51LGDvex39k7/xAJAmuub7MDtfAu08WBTVpmQ5khGL9ZrYOXr5RoG70BrlWNr+37FekM=</ns26:SignatureValue>
                  <ns26:KeyInfo>
                     <ns26:X509Data>
                        <ns26:X509SubjectName>ST=Brussels,L=Brussels,OU=Belgian Federal Government,O=Federal Public Service Finances,CN=Test SPF Finances - FOD Financien,C=BE</ns26:X509SubjectName>
                        <ns26:X509Certificate>MIIDKzCCApSgAwIBAgIJAIkxAL2MG081MA0GCSqGSIb3DQEBBQUAMIGuMQswCQYDVQQGEwJCRTEqMCgGA1UEAxMhVGVzdCBTUEYgRmluYW5jZXMgLSBGT0QgRmluYW5jaWVuMSgwJgYDVQQKEx9GZWRlcmFsIFB1YmxpYyBTZXJ2aWNlIEZpbmFuY2VzMSMwIQYDVQQLExpCZWxnaWFuIEZlZGVyYWwgR292ZXJubWVudDERMA8GA1UEBxMIQnJ1c3NlbHMxETAPBgNVBAgTCEJydXNzZWxzMB4XDTA4MDUwNjA4MDcyMFoXDTE4MDUwNzA4MDcyMFowga4xCzAJBgNVBAYTAkJFMSowKAYDVQQDEyFUZXN0IFNQRiBGaW5hbmNlcyAtIEZPRCBGaW5hbmNpZW4xKDAmBgNVBAoTH0ZlZGVyYWwgUHVibGljIFNlcnZpY2UgRmluYW5jZXMxIzAhBgNVBAsTGkJlbGdpYW4gRmVkZXJhbCBHb3Zlcm5tZW50MREwDwYDVQQHEwhCcnVzc2VsczERMA8GA1UECBMIQnJ1c3NlbHMwgZ8wDQYJKoZIhvcNAQEBBQADgY0AMIGJAoGBAJ8T/80iF50FvothkWOZDsZUPKM52fxhNdKMT+E/lODqejyJ2iQkjEuW5yJKo0lXNj+Gxwfl99bD16IJMagbrxBnJPwR7SeS3JQ0IaLkOorOoeZkZLFoFMSfZWT9uCf6Qf/uNMQtRnX2351P1OF3cld68uFGUNS8U93OqxS9R/ZvAgMBAAGjTzBNMAwGA1UdEwQFMAMBAf8wCwYDVR0PBAQDAgTwMB0GA1UdJQQWMBQGCCsGAQUFBwMCBggrBgEFBQcDBDARBglghkgBhvhCAQEEBAMCBLAwDQYJKoZIhvcNAQEFBQADgYEATnEO8juTdcZtwzvl5EHnZ9+6cEM9rsWuQtq43UXw4RqveHWUE+Cn2ElMPiyuxLLzkzQTbcDYxI9FgVAXFEmqPf7Jii2PpHIlo8yHWCWMuPP0OykMF6YuCtyutKJBbGuTT36gNVAUEPeD34fzB5pgy2aG5wQTQctRdDz07CVM3cI=</ns26:X509Certificate>
                     </ns26:X509Data>
                  </ns26:KeyInfo>
               </ns26:Signature>
            </ns27:technical>
         </ns46:debtNotification>
         </v1:request>
      </v1:fiscalDebtNotificationRequest>
   </soapenv:Body>
</soapenv:Envelope>]]></con:request><con:credentials><con:selectedAuthProfile>Basic</con:selectedAuthProfile><con:addedBasicAuthenticationTypes>Basic</con:addedBasicAuthenticationTypes><con:authType>Global HTTP Settings</con:authType></con:credentials><con:jmsConfig JMSDeliveryMode="PERSISTENT"/><con:jmsPropertyConfig/><con:wsaConfig mustUnderstand="NONE" version="200508" action="http://fidus.brussels/services/fourthwaydebtservice/fiscalDebtNotification"/><con:wsrmConfig version="1.2"/></con:call></con:operation><con:operation id="0a1882e2-f00b-49a8-86a1-c9f57186437a" isOneWay="false" action="http://fidus.brussels/services/fourthwaydebtservice/flandersDebtNotification" name="flandersDebtNotification_NOT_USED" bindingOperationName="flandersDebtNotification" type="Request-Response" inputName="" receivesAttachments="false" sendsAttachments="false" anonymous="optional"><con:settings/><con:call id="e77c1fad-a3f6-4137-9f12-e3335ef6d3f4" name="1 - Local - Request" outgoingWss="Outflow DEV" incomingWss="Inflow DEV"><con:settings><con:setting id="com.eviware.soapui.impl.wsdl.WsdlRequest@request-headers">&lt;xml-fragment/></con:setting></con:settings><con:encoding>UTF-8</con:encoding><con:endpoint>https://localhost:8243/services/FourthWayDebtService_v1.0</con:endpoint><con:request><![CDATA[<soapenv:Envelope xmlns:soapenv="http://schemas.xmlsoap.org/soap/envelope/" xmlns:v1="http://fidus.brussels/service/fourthwaydebtservice/messages/v1" xmlns:v11="http://fidus.brussels/type/common/messages/v1" xmlns:deb="http://fsb.belgium.be/FourthWayServices/debtnotification" xmlns:gen="http://fsb.belgium.be/FourthWayServices/generalcaseinformation" xmlns:dat="http://fsb.belgium.be/FourthWayServices/common/datatypes" xmlns:ins="http://fsb.belgium.be/FourthWayServices/institution" xmlns:add="http://fsb.belgium.be/FourthWayServices/common/addressinformation" xmlns:con="http://fsb.belgium.be/FourthWayServices/contact" xmlns:deb1="http://fsb.belgium.be/FourthWayServices/debtparty" xmlns:par="http://fsb.belgium.be/FourthWayServices/party" xmlns:debt="http://fsb.belgium.be/FourthWayServices/debt" xmlns:leg="http://fsb.belgium.be/FourthWayServices/legalbase" xmlns:tec="http://fsb.belgium.be/FourthWayServices/technical" xmlns:xd="http://www.w3.org/2000/09/xmldsig#">
   <soapenv:Header/>
   <soapenv:Body>
      <v1:flandersRegionRequest>
         <v1:messageContext>
         	  <v11:messageId>${=import static java.util.UUID.randomUUID; uuid = randomUUID() as String}</v11:messageId>
            <v11:timestamp>${=new java.text.SimpleDateFormat("yyyy-MM-dd'T'HH:mm:ss.SSS").format(new Date())}</v11:timestamp>
         </v1:messageContext>
         <v1:legalContext>ServiceIntegrator</v1:legalContext>      
         <v1:request>
            <deb:debtNotification Id="A">
               <gen:generalCaseInformation>
                  <gen:administrativeInformation>
                     <gen:language>1</gen:language>
                     <gen:caseNumber>1</gen:caseNumber>
                     <gen:transactionType>T</gen:transactionType>
                     <gen:procedureNumber>1</gen:procedureNumber>
                     <gen:requestDate>2015-04-21T11:55:11.637+01:00</gen:requestDate>
                     <gen:origin>
                        <dat:origin>
                           <dat:partner>Z</dat:partner>
                           <dat:partnerCode codeType="?">E</dat:partnerCode>
                        </dat:origin>
                        <dat:originChain>
                        <dat:origin>
                           <dat:partner>R</dat:partner>
                           <dat:partnerCode codeType="?">T</dat:partnerCode>                        
                        </dat:origin>
                        </dat:originChain>
                     </gen:origin>
                     <gen:destinations>
                        <!--1 or more repetitions:-->
                        <dat:destination>
                           <dat:partner></dat:partner>
                           <dat:partnerCode codeType="?">G</dat:partnerCode>
                           <dat:destinationChain>
                           	<dat:destination>
	                           <dat:partner></dat:partner>
	                           <dat:partnerCode codeType="?">J</dat:partnerCode>                                                   	
                           	</dat:destination>
                           </dat:destinationChain>
                        </dat:destination>
                     </gen:destinations>
                     <gen:requestorInformation>
                        <ins:institution>
                           <ins:institutionType>G</ins:institutionType>
                           <ins:institutionName>C</ins:institutionName>
                           <ins:institutionIdentificationNumber type="a">
                           </ins:institutionIdentificationNumber>
                        </ins:institution>
                        <gen:responsiblePerson>
                           <dat:name>
                              <!--1 or more repetitions:-->
                              <dat:lastName>A</dat:lastName>
                           </dat:name>
                           <con:contactInformation>
                              <con:emailAddress type="?">A@a.a</con:emailAddress>
                           </con:contactInformation>
                        </gen:responsiblePerson>
                     </gen:requestorInformation>
                  </gen:administrativeInformation>
               </gen:generalCaseInformation>            
               <deb1:debtParty>
                  <par:party partyID="1">
                     <par:partyInformation/>
                  </par:party>
                  <!--1 or more repetitions:-->
                  <debt:debt debtID="1">
                     <debt:debtInformation/>
                  </debt:debt>
                  <deb1:totalDebtAmount>0</deb1:totalDebtAmount>
               </deb1:debtParty>
               <leg:legalBase>
                  <!--Zero or more repetitions:-->
                  <leg:legalBaseText language="?">T</leg:legalBaseText>
               </leg:legalBase>
               <tec:technical>
                  <xd:Signature Id="1">
                     <xd:SignedInfo Id="1">
                        <xd:CanonicalizationMethod Algorithm="1">
                           e
                           gero
                        </xd:CanonicalizationMethod>
                        <xd:SignatureMethod Algorithm="?">
                           cum
                           sonoras
                           aeoliam
                        </xd:SignatureMethod>
                        <!--1 or more repetitions:-->
                        <xd:Reference Id="1" URI="1" Type="T">
                           <xd:DigestMethod Algorithm="1">
                              verrantque
                              <!--You may enter ANY elements at this point-->
                              temperat
                           </xd:DigestMethod>
                           <xd:DigestValue>cid:1509039067566</xd:DigestValue>
                        </xd:Reference>
                     </xd:SignedInfo>
                     <xd:SignatureValue Id="1">cid:1387326906399</xd:SignatureValue>
                  </xd:Signature>
               </tec:technical>
            </deb:debtNotification>
         </v1:request>
      </v1:flandersRegionRequest>
   </soapenv:Body>
</soapenv:Envelope>]]></con:request><con:credentials><con:selectedAuthProfile>Basic</con:selectedAuthProfile><con:addedBasicAuthenticationTypes>Basic</con:addedBasicAuthenticationTypes><con:authType>Global HTTP Settings</con:authType></con:credentials><con:jmsConfig JMSDeliveryMode="PERSISTENT"/><con:jmsPropertyConfig/><con:wsaConfig mustUnderstand="NONE" version="200508" action="http://fidus.brussels/services/fourthwaydebtservice/flandersDebtNotification"/><con:wsrmConfig version="1.2"/></con:call></con:operation><con:operation id="6610b6c7-1688-4778-a95e-51036d742bf5" isOneWay="false" action="http://fidus.brussels/services/fourthwaydebtservice/functionalAck" name="functionalAck" bindingOperationName="functionalAck" type="Request-Response" inputName="" receivesAttachments="false" sendsAttachments="false" anonymous="optional"><con:settings/><con:call id="e9378f99-667a-4030-986a-15dd2b483b27" name="1 - Local - Request" outgoingWss="Outflow DEV" incomingWss="Inflow DEV"><con:settings><con:setting id="com.eviware.soapui.impl.wsdl.WsdlRequest@request-headers">&lt;xml-fragment/></con:setting></con:settings><con:encoding>UTF-8</con:encoding><con:endpoint>https://localhost:8243/services/FourthWayDebtService_v1.0</con:endpoint><con:request><![CDATA[<soapenv:Envelope xmlns:soapenv="http://schemas.xmlsoap.org/soap/envelope/" xmlns:v1="http://fidus.brussels/service/fourthwaydebtservice/messages/v1" xmlns:v11="http://fidus.brussels/type/common/messages/v1" xmlns:debt="http://be.belgium.fsb/fourthWayService/Debt" xmlns:fun="http://fsb.belgium.be/FourthWayServices/functionalack" xmlns:ack="http://fsb.belgium.be/FourthWayServices/acknowledgementinformation" xmlns:S="http://schemas.xmlsoap.org/soap/envelope/" xmlns:dat="http://fsb.belgium.be/FourthWayServices/common/datatypes">
   <soapenv:Header/>
   <soapenv:Body>
      <v1:functionalAckRequest>
         <v1:messageContext>
         	  <v11:messageId>${=import static java.util.UUID.randomUUID; uuid = randomUUID() as String}</v11:messageId>
            <v11:timestamp>${=new java.text.SimpleDateFormat("yyyy-MM-dd'T'HH:mm:ss.SSS").format(new Date())}</v11:timestamp>
         </v1:messageContext>      
         <v1:legalContext>ServiceIntegrator</v1:legalContext>
         <v1:request>
           <fun:functionalAcknowledgement>
                <ack:acknowledgementInformation>
                    <dat:procedureID>4d455d8b-b543-453b-acf4-9c63280319aa</dat:procedureID>
                    <ack:acknowledgementDate>2015-04-21T11:55:11.637+01:00</ack:acknowledgementDate>
                    <ack:receiptDate>2015-04-21T15:55:11.637+01:00</ack:receiptDate>
                    <dat:origin>
                        <dat:origin>
                            <dat:partner>FPS Finance</dat:partner>
                            <dat:partnerCode codeType="KBO">0308357159</dat:partnerCode>
                        </dat:origin>
                    </dat:origin>
                    <ack:correlationID>4d455d8b-b543-453b-acf4-9c63280319aa</ack:correlationID>
                    <ack:messageReferenceNumber>ENOT4000000419570</ack:messageReferenceNumber>
                </ack:acknowledgementInformation>
            </fun:functionalAcknowledgement>
         </v1:request>
      </v1:functionalAckRequest>
   </soapenv:Body>
</soapenv:Envelope>]]></con:request><con:credentials><con:selectedAuthProfile>Basic</con:selectedAuthProfile><con:addedBasicAuthenticationTypes>Basic</con:addedBasicAuthenticationTypes><con:authType>Global HTTP Settings</con:authType></con:credentials><con:jmsConfig JMSDeliveryMode="PERSISTENT"/><con:jmsPropertyConfig/><con:wsaConfig mustUnderstand="NONE" version="200508" action="http://fidus.brussels/services/fourthwaydebtservice/functionalAck"/><con:wsrmConfig version="1.2"/></con:call><con:call id="81d689ad-5834-48ab-8169-2eab20cdc973" name="2 - Dev - Request" outgoingWss="Outflow DEV" incomingWss="Inflow DEV"><con:settings><con:setting id="com.eviware.soapui.impl.wsdl.WsdlRequest@request-headers">&lt;xml-fragment/></con:setting></con:settings><con:encoding>UTF-8</con:encoding><con:endpoint>https://192.168.36.61:8243/services/FourthWayDebtService_v1.0</con:endpoint><con:request><![CDATA[<soapenv:Envelope xmlns:soapenv="http://schemas.xmlsoap.org/soap/envelope/" xmlns:v1="http://fidus.brussels/service/fourthwaydebtservice/messages/v1" xmlns:v11="http://fidus.brussels/type/common/messages/v1" xmlns:debt="http://be.belgium.fsb/fourthWayService/Debt" xmlns:fun="http://fsb.belgium.be/FourthWayServices/functionalack" xmlns:ack="http://fsb.belgium.be/FourthWayServices/acknowledgementinformation" xmlns:S="http://schemas.xmlsoap.org/soap/envelope/" xmlns:dat="http://fsb.belgium.be/FourthWayServices/common/datatypes">
   <soapenv:Header/>
   <soapenv:Body>
      <v1:functionalAckRequest>
         <v1:messageContext>
         	  <v11:messageId>${=import static java.util.UUID.randomUUID; uuid = randomUUID() as String}</v11:messageId>
            <v11:timestamp>${=new java.text.SimpleDateFormat("yyyy-MM-dd'T'HH:mm:ss.SSS").format(new Date())}</v11:timestamp>
         </v1:messageContext>      
         <v1:legalContext>ServiceIntegrator</v1:legalContext>
         <v1:request>
           <fun:functionalAcknowledgement>
                <ack:acknowledgementInformation>
                    <dat:procedureID>4d455d8b-b543-453b-acf4-9c63280319aa</dat:procedureID>
                    <ack:acknowledgementDate>2015-04-21T11:55:11.637+01:00</ack:acknowledgementDate>
                    <ack:receiptDate>2015-04-21T15:55:11.637+01:00</ack:receiptDate>
                    <dat:origin>
                        <dat:origin>
                            <dat:partner>FPS Finance</dat:partner>
                            <dat:partnerCode codeType="KBO">0308357159</dat:partnerCode>
                        </dat:origin>
                    </dat:origin>
                    <ack:correlationID>4d455d8b-b543-453b-acf4-9c63280319aa</ack:correlationID>
                    <ack:messageReferenceNumber>ENOT4000000419570</ack:messageReferenceNumber>
                </ack:acknowledgementInformation>
            </fun:functionalAcknowledgement>
         </v1:request>
      </v1:functionalAckRequest>
   </soapenv:Body>
</soapenv:Envelope>]]></con:request><con:credentials><con:selectedAuthProfile>Basic</con:selectedAuthProfile><con:addedBasicAuthenticationTypes>Basic</con:addedBasicAuthenticationTypes><con:authType>Global HTTP Settings</con:authType></con:credentials><con:jmsConfig JMSDeliveryMode="PERSISTENT"/><con:jmsPropertyConfig/><con:wsaConfig mustUnderstand="NONE" version="200508" action="http://fidus.brussels/services/fourthwaydebtservice/functionalAck"/><con:wsrmConfig version="1.2"/></con:call><con:call id="30d6800a-984d-40c0-9d1f-7614d7a14de6" name="3 - Test - External - Request" outgoingWss="Outflow TEST" incomingWss="Inflow TEST"><con:settings><con:setting id="com.eviware.soapui.impl.wsdl.WsdlRequest@request-headers">&lt;xml-fragment/></con:setting></con:settings><con:encoding>UTF-8</con:encoding><con:endpoint>https://fidus-test.irisnetlab.be/services/FourthWayDebtService_v1.0</con:endpoint><con:request><![CDATA[<soapenv:Envelope xmlns:soapenv="http://schemas.xmlsoap.org/soap/envelope/" xmlns:v1="http://fidus.brussels/service/fourthwaydebtservice/messages/v1" xmlns:v11="http://fidus.brussels/type/common/messages/v1" xmlns:debt="http://be.belgium.fsb/fourthWayService/Debt" xmlns:fun="http://fsb.belgium.be/FourthWayServices/functionalack" xmlns:ack="http://fsb.belgium.be/FourthWayServices/acknowledgementinformation" xmlns:S="http://schemas.xmlsoap.org/soap/envelope/" xmlns:dat="http://fsb.belgium.be/FourthWayServices/common/datatypes">
   <soapenv:Header/>
   <soapenv:Body>
      <v1:functionalAckRequest>
         <v1:messageContext>
         	  <v11:messageId>${=import static java.util.UUID.randomUUID; uuid = randomUUID() as String}</v11:messageId>
            <v11:timestamp>${=new java.text.SimpleDateFormat("yyyy-MM-dd'T'HH:mm:ss.SSS").format(new Date())}</v11:timestamp>
         </v1:messageContext>      
         <v1:legalContext>ServiceIntegrator</v1:legalContext>
         <v1:request>
           <fun:functionalAcknowledgement>
                <ack:acknowledgementInformation>
                    <dat:procedureID>4d455d8b-b543-453b-acf4-9c63280319aa</dat:procedureID>
                    <ack:acknowledgementDate>2015-04-21T11:55:11.637+01:00</ack:acknowledgementDate>
                    <ack:receiptDate>2015-04-21T15:55:11.637+01:00</ack:receiptDate>
                    <dat:origin>
                        <dat:origin>
                            <dat:partner>FPS Finance</dat:partner>
                            <dat:partnerCode codeType="KBO">0308357159</dat:partnerCode>
                        </dat:origin>
                    </dat:origin>
                    <ack:correlationID>4d455d8b-b543-453b-acf4-9c63280319aa</ack:correlationID>
                    <ack:messageReferenceNumber>ENOT4000000419570</ack:messageReferenceNumber>
                </ack:acknowledgementInformation>
            </fun:functionalAcknowledgement>
         </v1:request>
      </v1:functionalAckRequest>
   </soapenv:Body>
</soapenv:Envelope>]]></con:request><con:credentials><con:selectedAuthProfile>Basic</con:selectedAuthProfile><con:addedBasicAuthenticationTypes>Basic</con:addedBasicAuthenticationTypes><con:authType>Global HTTP Settings</con:authType></con:credentials><con:jmsConfig JMSDeliveryMode="PERSISTENT"/><con:jmsPropertyConfig/><con:wsaConfig mustUnderstand="NONE" version="200508" action="http://fidus.brussels/services/fourthwaydebtservice/functionalAck"/><con:wsrmConfig version="1.2"/></con:call><con:call id="73911c7d-a81c-4caf-896f-c6ca852dc6b6" name="3 - Test - LB - Request" outgoingWss="Outflow TEST" incomingWss="Inflow TEST"><con:settings><con:setting id="com.eviware.soapui.impl.wsdl.WsdlRequest@request-headers">&lt;xml-fragment/></con:setting></con:settings><con:encoding>UTF-8</con:encoding><con:endpoint>https://esb-security-gw.sta.srv.cirb.lan:8443/services/FourthWayDebtService_v1.0</con:endpoint><con:request><![CDATA[<soapenv:Envelope xmlns:soapenv="http://schemas.xmlsoap.org/soap/envelope/" xmlns:v1="http://fidus.brussels/service/fourthwaydebtservice/messages/v1" xmlns:v11="http://fidus.brussels/type/common/messages/v1" xmlns:debt="http://be.belgium.fsb/fourthWayService/Debt" xmlns:fun="http://fsb.belgium.be/FourthWayServices/functionalack" xmlns:ack="http://fsb.belgium.be/FourthWayServices/acknowledgementinformation" xmlns:S="http://schemas.xmlsoap.org/soap/envelope/" xmlns:dat="http://fsb.belgium.be/FourthWayServices/common/datatypes">
   <soapenv:Header/>
   <soapenv:Body>
      <v1:functionalAckRequest>
         <v1:messageContext>
         	  <v11:messageId>${=import static java.util.UUID.randomUUID; uuid = randomUUID() as String}</v11:messageId>
            <v11:timestamp>${=new java.text.SimpleDateFormat("yyyy-MM-dd'T'HH:mm:ss.SSS").format(new Date())}</v11:timestamp>
         </v1:messageContext>      
         <v1:legalContext>ServiceIntegrator</v1:legalContext>
         <v1:request>
           <fun:functionalAcknowledgement>
                <ack:acknowledgementInformation>
                    <dat:procedureID>4d455d8b-b543-453b-acf4-9c63280319aa</dat:procedureID>
                    <ack:acknowledgementDate>2015-04-21T11:55:11.637+01:00</ack:acknowledgementDate>
                    <ack:receiptDate>2015-04-21T15:55:11.637+01:00</ack:receiptDate>
                    <dat:origin>
                        <dat:origin>
                            <dat:partner>FPS Finance</dat:partner>
                            <dat:partnerCode codeType="KBO">0308357159</dat:partnerCode>
                        </dat:origin>
                    </dat:origin>
                    <ack:correlationID>4d455d8b-b543-453b-acf4-9c63280319aa</ack:correlationID>
                    <ack:messageReferenceNumber>ENOT4000000419570</ack:messageReferenceNumber>
                </ack:acknowledgementInformation>
            </fun:functionalAcknowledgement>
         </v1:request>
      </v1:functionalAckRequest>
   </soapenv:Body>
</soapenv:Envelope>]]></con:request><con:credentials><con:selectedAuthProfile>Basic</con:selectedAuthProfile><con:addedBasicAuthenticationTypes>Basic</con:addedBasicAuthenticationTypes><con:authType>Global HTTP Settings</con:authType></con:credentials><con:jmsConfig JMSDeliveryMode="PERSISTENT"/><con:jmsPropertyConfig/><con:wsaConfig mustUnderstand="NONE" version="200508" action="http://fidus.brussels/services/fourthwaydebtservice/functionalAck"/><con:wsrmConfig version="1.2"/></con:call><con:call id="ca4083f7-83d8-4762-9d1e-4f52666168ab" name="3 - Test - Worker1 - Request" outgoingWss="Outflow TEST" incomingWss="Inflow TEST"><con:settings><con:setting id="com.eviware.soapui.impl.wsdl.WsdlRequest@request-headers">&lt;xml-fragment/></con:setting></con:settings><con:encoding>UTF-8</con:encoding><con:endpoint>https://192.168.22.53:8443/services/FourthWayDebtService_v1.0</con:endpoint><con:request><![CDATA[<soapenv:Envelope xmlns:soapenv="http://schemas.xmlsoap.org/soap/envelope/" xmlns:v1="http://fidus.brussels/service/fourthwaydebtservice/messages/v1" xmlns:v11="http://fidus.brussels/type/common/messages/v1" xmlns:debt="http://be.belgium.fsb/fourthWayService/Debt" xmlns:fun="http://fsb.belgium.be/FourthWayServices/functionalack" xmlns:ack="http://fsb.belgium.be/FourthWayServices/acknowledgementinformation" xmlns:S="http://schemas.xmlsoap.org/soap/envelope/" xmlns:dat="http://fsb.belgium.be/FourthWayServices/common/datatypes">
   <soapenv:Header/>
   <soapenv:Body>
      <v1:functionalAckRequest>
         <v1:messageContext>
         	  <v11:messageId>${=import static java.util.UUID.randomUUID; uuid = randomUUID() as String}</v11:messageId>
            <v11:timestamp>${=new java.text.SimpleDateFormat("yyyy-MM-dd'T'HH:mm:ss.SSS").format(new Date())}</v11:timestamp>
         </v1:messageContext>      
         <v1:legalContext>ServiceIntegrator</v1:legalContext>
         <v1:request>
           <fun:functionalAcknowledgement>
                <ack:acknowledgementInformation>
                    <dat:procedureID>4d455d8b-b543-453b-acf4-9c63280319aa</dat:procedureID>
                    <ack:acknowledgementDate>2015-04-21T11:55:11.637+01:00</ack:acknowledgementDate>
                    <ack:receiptDate>2015-04-21T15:55:11.637+01:00</ack:receiptDate>
                    <dat:origin>
                        <dat:origin>
                            <dat:partner>FPS Finance</dat:partner>
                            <dat:partnerCode codeType="KBO">0308357159</dat:partnerCode>
                        </dat:origin>
                    </dat:origin>
                    <ack:correlationID>4d455d8b-b543-453b-acf4-9c63280319aa</ack:correlationID>
                    <ack:messageReferenceNumber>ENOT4000000419570</ack:messageReferenceNumber>
                </ack:acknowledgementInformation>
            </fun:functionalAcknowledgement>
         </v1:request>
      </v1:functionalAckRequest>
   </soapenv:Body>
</soapenv:Envelope>]]></con:request><con:credentials><con:selectedAuthProfile>Basic</con:selectedAuthProfile><con:addedBasicAuthenticationTypes>Basic</con:addedBasicAuthenticationTypes><con:authType>Global HTTP Settings</con:authType></con:credentials><con:jmsConfig JMSDeliveryMode="PERSISTENT"/><con:jmsPropertyConfig/><con:wsaConfig mustUnderstand="NONE" version="200508" action="http://fidus.brussels/services/fourthwaydebtservice/functionalAck"/><con:wsrmConfig version="1.2"/></con:call><con:call id="9cbdce64-65be-49d2-85fb-a099467ef6b1" name="3 - Test - Worker2 - Request" outgoingWss="Outflow TEST" incomingWss="Inflow TEST"><con:settings><con:setting id="com.eviware.soapui.impl.wsdl.WsdlRequest@request-headers">&lt;xml-fragment/></con:setting></con:settings><con:encoding>UTF-8</con:encoding><con:endpoint>https://192.168.22.54:8443/services/FourthWayDebtService_v1.0</con:endpoint><con:request><![CDATA[<soapenv:Envelope xmlns:soapenv="http://schemas.xmlsoap.org/soap/envelope/" xmlns:v1="http://fidus.brussels/service/fourthwaydebtservice/messages/v1" xmlns:v11="http://fidus.brussels/type/common/messages/v1" xmlns:debt="http://be.belgium.fsb/fourthWayService/Debt" xmlns:fun="http://fsb.belgium.be/FourthWayServices/functionalack" xmlns:ack="http://fsb.belgium.be/FourthWayServices/acknowledgementinformation" xmlns:S="http://schemas.xmlsoap.org/soap/envelope/" xmlns:dat="http://fsb.belgium.be/FourthWayServices/common/datatypes">
   <soapenv:Header/>
   <soapenv:Body>
      <v1:functionalAckRequest>
         <v1:messageContext>
         	  <v11:messageId>${=import static java.util.UUID.randomUUID; uuid = randomUUID() as String}</v11:messageId>
            <v11:timestamp>${=new java.text.SimpleDateFormat("yyyy-MM-dd'T'HH:mm:ss.SSS").format(new Date())}</v11:timestamp>
         </v1:messageContext>      
         <v1:legalContext>ServiceIntegrator</v1:legalContext>
         <v1:request>
           <fun:functionalAcknowledgement>
                <ack:acknowledgementInformation>
                    <dat:procedureID>4d455d8b-b543-453b-acf4-9c63280319aa</dat:procedureID>
                    <ack:acknowledgementDate>2015-04-21T11:55:11.637+01:00</ack:acknowledgementDate>
                    <ack:receiptDate>2015-04-21T15:55:11.637+01:00</ack:receiptDate>
                    <dat:origin>
                        <dat:origin>
                            <dat:partner>FPS Finance</dat:partner>
                            <dat:partnerCode codeType="KBO">0308357159</dat:partnerCode>
                        </dat:origin>
                    </dat:origin>
                    <ack:correlationID>4d455d8b-b543-453b-acf4-9c63280319aa</ack:correlationID>
                    <ack:messageReferenceNumber>ENOT4000000419570</ack:messageReferenceNumber>
                </ack:acknowledgementInformation>
            </fun:functionalAcknowledgement>
         </v1:request>
      </v1:functionalAckRequest>
   </soapenv:Body>
</soapenv:Envelope>]]></con:request><con:credentials><con:selectedAuthProfile>Basic</con:selectedAuthProfile><con:addedBasicAuthenticationTypes>Basic</con:addedBasicAuthenticationTypes><con:authType>Global HTTP Settings</con:authType></con:credentials><con:jmsConfig JMSDeliveryMode="PERSISTENT"/><con:jmsPropertyConfig/><con:wsaConfig mustUnderstand="NONE" version="200508" action="http://fidus.brussels/services/fourthwaydebtservice/functionalAck"/><con:wsrmConfig version="1.2"/></con:call></con:operation><con:operation id="d960256e-5790-4a9c-b83d-9ff7a95506be" isOneWay="false" action="http://fidus.brussels/services/fourthwaydebtservice/socialDebtNotification" name="socialDebtNotification_NOT_USED" bindingOperationName="socialDebtNotification" type="Request-Response" inputName="" receivesAttachments="false" sendsAttachments="false" anonymous="optional"><con:settings/><con:call id="9349dca8-2bb8-4aa3-a5f4-90bf1fc4707d" name="1 - Local - Request" outgoingWss="Outflow DEV" incomingWss="Inflow DEV"><con:settings><con:setting id="com.eviware.soapui.impl.wsdl.WsdlRequest@request-headers">&lt;xml-fragment/></con:setting></con:settings><con:encoding>UTF-8</con:encoding><con:endpoint>https://localhost:8243/services/FourthWayDebtService_v1.0</con:endpoint><con:request><![CDATA[<soapenv:Envelope xmlns:soapenv="http://schemas.xmlsoap.org/soap/envelope/" xmlns:v1="http://fidus.brussels/service/fourthwaydebtservice/messages/v1" xmlns:v11="http://fidus.brussels/type/common/messages/v1" xmlns:deb="http://fsb.belgium.be/FourthWayServices/debtnotification" xmlns:gen="http://fsb.belgium.be/FourthWayServices/generalcaseinformation" xmlns:dat="http://fsb.belgium.be/FourthWayServices/common/datatypes" xmlns:ins="http://fsb.belgium.be/FourthWayServices/institution" xmlns:add="http://fsb.belgium.be/FourthWayServices/common/addressinformation" xmlns:con="http://fsb.belgium.be/FourthWayServices/contact" xmlns:deb1="http://fsb.belgium.be/FourthWayServices/debtparty" xmlns:par="http://fsb.belgium.be/FourthWayServices/party" xmlns:debt="http://fsb.belgium.be/FourthWayServices/debt" xmlns:leg="http://fsb.belgium.be/FourthWayServices/legalbase" xmlns:tec="http://fsb.belgium.be/FourthWayServices/technical" xmlns:xd="http://www.w3.org/2000/09/xmldsig#">
   <soapenv:Header/>
   <soapenv:Body>
      <v1:socialDebtNotificationRequest>
         <v1:messageContext>
         	  <v11:messageId>${=import static java.util.UUID.randomUUID; uuid = randomUUID() as String}</v11:messageId>
            <v11:timestamp>${=new java.text.SimpleDateFormat("yyyy-MM-dd'T'HH:mm:ss.SSS").format(new Date())}</v11:timestamp>
         </v1:messageContext>
         <v1:legalContext>ServiceIntegrator</v1:legalContext>
         <v1:request>
            <deb:debtNotification Id="?">
               <gen:generalCaseInformation>
                  <gen:administrativeInformation>
                     <gen:language>?</gen:language>
                     <gen:caseNumber>?</gen:caseNumber>
                     <!--Optional:-->
                     <gen:referenceNumber>?</gen:referenceNumber>
                     <gen:transactionType>?</gen:transactionType>
                     <gen:procedureNumber>?</gen:procedureNumber>
                     <!--Optional:-->
                     <gen:replacedProcedureNumber>?</gen:replacedProcedureNumber>
                     <gen:requestDate>?</gen:requestDate>
                     <gen:origin>
                        <dat:origin>
                           <dat:partner>?</dat:partner>
                           <!--Optional:-->
                           <dat:description>?</dat:description>
                           <dat:partnerCode codeType="?">?</dat:partnerCode>
                        </dat:origin>
                        <dat:originChain/>
                     </gen:origin>
                     <gen:destinations>
                        <!--1 or more repetitions:-->
                        <dat:destination>
                           <dat:partner>?</dat:partner>
                           <!--Optional:-->
                           <dat:description>?</dat:description>
                           <dat:partnerCode codeType="?">?</dat:partnerCode>
                           <dat:destinationChain/>
                        </dat:destination>
                     </gen:destinations>
                     <gen:requestorInformation>
                        <ins:institution>
                           <ins:institutionType>?</ins:institutionType>
                           <ins:institutionName>?</ins:institutionName>
                           <!--1 or more repetitions:-->
                           <ins:institutionIdentificationNumber type="?">?</ins:institutionIdentificationNumber>
                           <!--Optional:-->
                           <add:address addressType="?">
                              <!--You have a CHOICE of the next 2 items at this level-->
                              <add:location>
                                 <add:country>
                                    <!--Optional:-->
                                    <add:countryDescription>?</add:countryDescription>
                                    <!--1 or more repetitions:-->
                                    <add:countryCode codeStandard="?">?</add:countryCode>
                                 </add:country>
                                 <!--Zero or more repetitions:-->
                                 <add:municipalityDescription language="?">?</add:municipalityDescription>
                                 <!--Optional:-->
                                 <add:municipalityCode>?</add:municipalityCode>
                                 <!--Optional:-->
                                 <add:postalCode>?</add:postalCode>
                                 <!--Optional:-->
                                 <add:additionalLocationInformation>
                                    <!--1 or more repetitions:-->
                                    <dat:extension>
                                       <dat:key>?</dat:key>
                                       <dat:value>?</dat:value>
                                    </dat:extension>
                                 </add:additionalLocationInformation>
                              </add:location>
                              <add:street>?</add:street>
                              <!--Optional:-->
                              <add:houseNumber>?</add:houseNumber>
                              <!--Optional:-->
                              <add:houseIndexNumber>?</add:houseIndexNumber>
                              <!--Optional:-->
                              <add:additionalAddressInformation>
                                 <!--1 or more repetitions:-->
                                 <dat:extension>
                                    <dat:key>?</dat:key>
                                    <dat:value>?</dat:value>
                                 </dat:extension>
                              </add:additionalAddressInformation>
                              <add:nonDefinedAddress>
                                 <!--1 or more repetitions:-->
                                 <dat:extension>
                                    <dat:key>?</dat:key>
                                    <dat:value>?</dat:value>
                                 </dat:extension>
                              </add:nonDefinedAddress>
                           </add:address>
                           <!--Optional:-->
                           <ins:district>?</ins:district>
                           <!--Optional:-->
                           <ins:contactInformation>
                              <!--Zero or more repetitions:-->
                              <con:phoneNumber type="?">?</con:phoneNumber>
                              <!--Zero or more repetitions:-->
                              <con:faxNumber type="?">?</con:faxNumber>
                              <!--Zero or more repetitions:-->
                              <con:emailAddress type="?">?</con:emailAddress>
                           </ins:contactInformation>
                        </ins:institution>
                        <gen:responsiblePerson>
                           <dat:name>
                              <!--Zero or more repetitions:-->
                              <dat:firstName>?</dat:firstName>
                              <!--1 or more repetitions:-->
                              <dat:lastName>?</dat:lastName>
                              <!--Optional:-->
                              <dat:usedFirstName>?</dat:usedFirstName>
                           </dat:name>
                           <!--Optional:-->
                           <con:function>?</con:function>
                           <con:contactInformation>
                              <!--Zero or more repetitions:-->
                              <con:phoneNumber type="?">?</con:phoneNumber>
                              <!--Zero or more repetitions:-->
                              <con:faxNumber type="?">?</con:faxNumber>
                              <!--Zero or more repetitions:-->
                              <con:emailAddress type="?">?</con:emailAddress>
                           </con:contactInformation>
                           <!--Optional:-->
                           <con:identificationNumber>?</con:identificationNumber>
                        </gen:responsiblePerson>
                        <!--Optional:-->
                        <gen:contactPerson>
                           <dat:name>
                              <!--Zero or more repetitions:-->
                              <dat:firstName>?</dat:firstName>
                              <!--1 or more repetitions:-->
                              <dat:lastName>?</dat:lastName>
                              <!--Optional:-->
                              <dat:usedFirstName>?</dat:usedFirstName>
                           </dat:name>
                           <!--Optional:-->
                           <con:function>?</con:function>
                           <con:contactInformation>
                              <!--Zero or more repetitions:-->
                              <con:phoneNumber type="?">?</con:phoneNumber>
                              <!--Zero or more repetitions:-->
                              <con:faxNumber type="?">?</con:faxNumber>
                              <!--Zero or more repetitions:-->
                              <con:emailAddress type="?">?</con:emailAddress>
                           </con:contactInformation>
                           <!--Optional:-->
                           <con:identificationNumber>?</con:identificationNumber>
                        </gen:contactPerson>
                        <!--Optional:-->
                        <gen:generalInformation>?</gen:generalInformation>
                     </gen:requestorInformation>
                  </gen:administrativeInformation>
               </gen:generalCaseInformation>
               <deb1:debtParty>
                  <par:party partyID="?">
                     <!--Optional:-->
                     <par:residentialParty>?</par:residentialParty>
                     <par:partyInformation/>
                  </par:party>
                  <!--1 or more repetitions:-->
                  <debt:debt debtID="?">
                     <debt:debtInformation/>
                  </debt:debt>
                  <deb1:totalDebtAmount>?</deb1:totalDebtAmount>
               </deb1:debtParty>
               <leg:legalBase>
                  <!--Optional:-->
                  <leg:legalSource>?</leg:legalSource>
                  <!--Optional:-->
                  <leg:legalBaseIdentifier>?</leg:legalBaseIdentifier>
                  <!--Zero or more repetitions:-->
                  <leg:legalBaseText language="?">?</leg:legalBaseText>
               </leg:legalBase>
               <tec:technical>
                  <xd:Signature Id="?">
                     <xd:SignedInfo Id="?">
                        <xd:CanonicalizationMethod Algorithm="?">
                           e
                           <!--You may enter ANY elements at this point-->
                           gero
                        </xd:CanonicalizationMethod>
                        <xd:SignatureMethod Algorithm="?">
                           cum
                           <!--Optional:-->
                           <xd:HMACOutputLength>?</xd:HMACOutputLength>
                           sonoras
                           <!--You may enter ANY elements at this point-->
                           aeoliam
                        </xd:SignatureMethod>
                        <!--1 or more repetitions:-->
                        <xd:Reference Id="?" URI="?" Type="?">
                           <!--Optional:-->
                           <xd:Transforms>
                              <!--1 or more repetitions:-->
                              <xd:Transform Algorithm="?">
                                 quae
                                 <!--You have a CHOICE of the next 2 items at this level-->
                                 <!--You may enter ANY elements at this point-->
                                 <xd:XPath>?</xd:XPath>
                                 ventos
                              </xd:Transform>
                           </xd:Transforms>
                           <xd:DigestMethod Algorithm="?">
                              verrantque
                              <!--You may enter ANY elements at this point-->
                              temperat
                           </xd:DigestMethod>
                           <xd:DigestValue>cid:814079235930</xd:DigestValue>
                        </xd:Reference>
                     </xd:SignedInfo>
                     <xd:SignatureValue Id="?">cid:559498466284</xd:SignatureValue>
                     <!--Optional:-->
                     <xd:KeyInfo Id="?">
                        per
                        <!--You have a CHOICE of the next 8 items at this level-->
                        <xd:KeyName>?</xd:KeyName>
                        <xd:KeyValue>
                           turbine
                           <!--You have a CHOICE of the next 3 items at this level-->
                           <xd:DSAKeyValue>
                              <xd:P>cid:349815609443</xd:P>
                              <xd:Q>cid:1020103981532</xd:Q>
                              <!--Optional:-->
                              <xd:G>cid:562909909160</xd:G>
                              <xd:Y>cid:417051005101</xd:Y>
                              <!--Optional:-->
                              <xd:J>cid:1196796589426</xd:J>
                              <xd:Seed>cid:1425953757160</xd:Seed>
                              <xd:PgenCounter>cid:238339899347</xd:PgenCounter>
                           </xd:DSAKeyValue>
                           <xd:RSAKeyValue>
                              <xd:Modulus>cid:650444390458</xd:Modulus>
                              <xd:Exponent>cid:75000787531</xd:Exponent>
                           </xd:RSAKeyValue>
                           <!--You may enter ANY elements at this point-->
                           circum
                        </xd:KeyValue>
                        <xd:RetrievalMethod URI="?" Type="?">
                           <!--Optional:-->
                           <xd:Transforms>
                              <!--1 or more repetitions:-->
                              <xd:Transform Algorithm="?">
                                 regemque
                                 <!--You have a CHOICE of the next 2 items at this level-->
                                 <!--You may enter ANY elements at this point-->
                                 <xd:XPath>?</xd:XPath>
                                 nimborum
                              </xd:Transform>
                           </xd:Transforms>
                        </xd:RetrievalMethod>
                        <xd:X509Data>
                           <!--You have a CHOICE of the next 6 items at this level-->
                           <xd:X509IssuerSerial>
                              <xd:X509IssuerName>?</xd:X509IssuerName>
                              <xd:X509SerialNumber>?</xd:X509SerialNumber>
                           </xd:X509IssuerSerial>
                           <xd:X509SKI>cid:1046323147892</xd:X509SKI>
                           <xd:X509SubjectName>?</xd:X509SubjectName>
                           <xd:X509Certificate>cid:1053489820760</xd:X509Certificate>
                           <xd:X509CRL>cid:357260933042</xd:X509CRL>
                           <!--You may enter ANY elements at this point-->
                        </xd:X509Data>
                        <xd:PGPData>
                           <!--You have a CHOICE of the next 2 items at this level-->
                           <xd:PGPKeyID>cid:979459094715</xd:PGPKeyID>
                           <!--Optional:-->
                           <xd:PGPKeyPacket>cid:1152458312864</xd:PGPKeyPacket>
                           <!--You may enter ANY elements at this point-->
                           <xd:PGPKeyPacket>cid:1080412911676</xd:PGPKeyPacket>
                           <!--You may enter ANY elements at this point-->
                        </xd:PGPData>
                        <xd:SPKIData>
                           <xd:SPKISexp>cid:601397555784</xd:SPKISexp>
                           <!--You may enter ANY elements at this point-->
                        </xd:SPKIData>
                        <xd:MgmtData>?</xd:MgmtData>
                        <!--You may enter ANY elements at this point-->
                        fremunt
                     </xd:KeyInfo>
                     <!--Zero or more repetitions:-->
                     <xd:Object Id="?" MimeType="?" Encoding="?">
                        foedere
                        <!--You may enter ANY elements at this point-->
                        ferant
                     </xd:Object>
                  </xd:Signature>
               </tec:technical>
            </deb:debtNotification>
         </v1:request>
      </v1:socialDebtNotificationRequest>
   </soapenv:Body>
</soapenv:Envelope>]]></con:request><con:credentials><con:selectedAuthProfile>Basic</con:selectedAuthProfile><con:addedBasicAuthenticationTypes>Basic</con:addedBasicAuthenticationTypes><con:authType>Global HTTP Settings</con:authType></con:credentials><con:jmsConfig JMSDeliveryMode="PERSISTENT"/><con:jmsPropertyConfig/><con:wsaConfig mustUnderstand="NONE" version="200508" action="http://fidus.brussels/services/fourthwaydebtservice/socialDebtNotification"/><con:wsrmConfig version="1.2"/></con:call></con:operation></con:interface><con:testSuite id="472625d0-34e7-40ad-bc59-237e28e97937" name="DEV"><con:settings/><con:runType>SEQUENTIAL</con:runType><con:testCase id="83cdb60b-d6f8-4247-ad51-bfa8ca921b96" failOnError="true" failTestCaseOnErrors="true" keepSession="false" maxResults="0" name="businessError" searchProperties="true"><con:settings/><con:testStep type="request" id="2475c779-b793-4c42-b0bd-98ae724953f1" name="testcase2 - Dev - Request"><con:settings/><con:config xsi:type="con:RequestStep" xmlns:xsi="http://www.w3.org/2001/XMLSchema-instance"><con:interface>FourthWayDebtServiceHTTPBinding</con:interface><con:operation>businessError</con:operation><con:request name="testcase2 - Dev - Request" id="e87e979e-0ef7-4dcf-87b8-90625363b4b1" outgoingWss="Outflow DEV"><con:settings/><con:encoding>UTF-8</con:encoding><con:endpoint>https://192.168.36.61:8243/services/FourthWayDebtService_v1.0</con:endpoint><con:request><![CDATA[<soapenv:Envelope xmlns:soapenv="http://schemas.xmlsoap.org/soap/envelope/" xmlns:v1="http://fidus.brussels/service/fourthwaydebtservice/messages/v1" xmlns:v11="http://fidus.brussels/type/common/messages/v1" xmlns:bus="http://fsb.belgium.be/FourthWayServices/businesserror" xmlns:err="http://fsb.belgium.be/FourthWayServices/error" xmlns:dat="http://fsb.belgium.be/FourthWayServices/common/datatypes">
   <soapenv:Header/>
   <soapenv:Body>
      <v1:businessErrorRequest>
         <v1:messageContext>
     	  <v11:messageId>${=import static java.util.UUID.randomUUID; uuid = randomUUID() as String}</v11:messageId>
            <v11:timestamp>${=new java.text.SimpleDateFormat("yyyy-MM-dd'T'HH:mm:ss.SSS").format(new Date())}</v11:timestamp>
         </v1:messageContext>
         <v1:legalContext>ServiceIntegrator</v1:legalContext>
         <v1:request>
   		<bus:businessError>
            <err:error>
               <err:code>VAL0005</err:code>
               <err:description>A validation error</err:description>
            </err:error>
            <bus:messageIdentification>
               <dat:origin>
                  <dat:origin>
                     <dat:partner>FRNB-TESTER</dat:partner>
                     <dat:partnerCode codeType="KBO">0409357321</dat:partnerCode>
                  </dat:origin>
               </dat:origin>
            </bus:messageIdentification>
         </bus:businessError>
         </v1:request>
      </v1:businessErrorRequest>
   </soapenv:Body>
</soapenv:Envelope>]]></con:request><con:assertion type="SOAP Fault Assertion" id="2467b978-1124-4c68-8d5c-430c8bfd9cbd" name="Not SOAP Fault"/><con:assertion type="SOAP Response" id="d819c2f4-86b7-42cf-ab0e-dda34fe82cce" name="SOAP Response"/><con:assertion type="Schema Compliance" id="4119ea79-51eb-4f31-b9e9-f80fb70fcb39" name="Schema Compliance"><con:configuration/></con:assertion><con:wsaConfig action="http://fidus.brussels/services/fourthwaydebtservice/businessError"/></con:request></con:config></con:testStep><con:properties/></con:testCase><con:testCase id="6b66b0e7-ef6d-4141-b3f5-e107a8efbae7" failOnError="true" failTestCaseOnErrors="true" keepSession="false" maxResults="0" name="fiscalDebtNotification" searchProperties="true"><con:settings/><con:testStep type="request" id="9c536389-d3b2-4cc4-8489-e87da6b867ef" name="testcase2 - Dev - Request"><con:settings/><con:config xsi:type="con:RequestStep" xmlns:xsi="http://www.w3.org/2001/XMLSchema-instance"><con:interface>FourthWayDebtServiceHTTPBinding</con:interface><con:operation>fiscalDebtNotification</con:operation><con:request name="testcase2 - Dev - Request" id="1961b478-ff6c-4e71-b0b1-bf02499351db" outgoingWss="Outflow DEV"><con:settings/><con:encoding>UTF-8</con:encoding><con:endpoint>https://192.168.36.61:8243/services/FourthWayDebtService_v1.0</con:endpoint><con:request><![CDATA[<soapenv:Envelope xmlns:soapenv="http://schemas.xmlsoap.org/soap/envelope/" xmlns:v1="http://fidus.brussels/service/fourthwaydebtservice/messages/v1" xmlns:v11="http://fidus.brussels/type/common/messages/v1" xmlns:deb="http://fsb.belgium.be/FourthWayServices/debtnotification" xmlns:gen="http://fsb.belgium.be/FourthWayServices/generalcaseinformation" xmlns:dat="http://fsb.belgium.be/FourthWayServices/common/datatypes" xmlns:ins="http://fsb.belgium.be/FourthWayServices/institution" xmlns:add="http://fsb.belgium.be/FourthWayServices/common/addressinformation" xmlns:con="http://fsb.belgium.be/FourthWayServices/contact" xmlns:deb1="http://fsb.belgium.be/FourthWayServices/debtparty" xmlns:par="http://fsb.belgium.be/FourthWayServices/party" xmlns:debt="http://fsb.belgium.be/FourthWayServices/debt" xmlns:leg="http://fsb.belgium.be/FourthWayServices/legalbase" xmlns:tec="http://fsb.belgium.be/FourthWayServices/technical" xmlns:xd="http://www.w3.org/2000/09/xmldsig#">
   <soapenv:Header/>
   <soapenv:Body>
      <v1:fiscalDebtNotificationRequest>
         <v1:messageContext>
         	  <v11:messageId>${=import static java.util.UUID.randomUUID; uuid = randomUUID() as String}</v11:messageId>
            <v11:timestamp>${=new java.text.SimpleDateFormat("yyyy-MM-dd'T'HH:mm:ss.SSS").format(new Date())}</v11:timestamp>
         </v1:messageContext>
         <v1:legalContext>ServiceIntegrator</v1:legalContext>      
         <v1:request>
 		<ns46:debtNotification Id="SignMe" xmlns:ns50="http://be.belgium.fsb/fourthWayService/Debt" xmlns="http://fsb.belgium.be/FourthWayServices/common/addressinformation" xmlns:ns10="http://fsb.belgium.be/FourthWayServices/shipinformation" xmlns:ns11="http://fsb.belgium.be/FourthWayServices/selfemployed" xmlns:ns12="http://fsb.belgium.be/FourthWayServices/institution" xmlns:ns13="http://fsb.belgium.be/FourthWayServices/enterprise" xmlns:ns14="http://fsb.belgium.be/FourthWayServices/honorbaseddeclarations" xmlns:ns15="http://fsb.belgium.be/FourthWayServices/unregisteredparty" xmlns:ns16="http://fsb.belgium.be/FourthWayServices/partnerdescription" xmlns:ns17="http://fsb.belgium.be/FourthWayServices/mortgagegoods" xmlns:ns18="http://fsb.belgium.be/FourthWayServices/deficitcaseinformation" xmlns:ns19="http://fsb.belgium.be/FourthWayServices/debtinquiry" xmlns:ns2="http://fsb.belgium.be/FourthWayServices/common/datatypes" xmlns:ns20="http://fsb.belgium.be/FourthWayServices/immovablegoodtransaction" xmlns:ns21="http://fsb.belgium.be/FourthWayServices/movablegoodtransaction" xmlns:ns22="http://fsb.belgium.be/FourthWayServices/inheritanceinformation" xmlns:ns23="http://fsb.belgium.be/FourthWayServices/successiontransaction" xmlns:ns24="http://fsb.belgium.be/FourthWayServices/fourthwaymessage" xmlns:ns25="http://fsb.belgium.be/FourthWayServices/generalcaseinformation" xmlns:ns26="http://www.w3.org/2000/09/xmldsig#" xmlns:ns27="http://fsb.belgium.be/FourthWayServices/technical" xmlns:ns28="http://fsb.belgium.be/FourthWayServices/acknowledgementinformation" xmlns:ns29="http://fsb.belgium.be/FourthWayServices/error" xmlns:ns3="http://fsb.belgium.be/FourthWayServices/salesinformation" xmlns:ns30="http://fsb.belgium.be/FourthWayServices/businesserror" xmlns:ns31="http://fsb.belgium.be/FourthWayServices/fiscaldebtdetails" xmlns:ns32="http://fsb.belgium.be/FourthWayServices/officialproclamation" xmlns:ns33="http://fsb.belgium.be/FourthWayServices/beneficiary" xmlns:ns34="http://fsb.belgium.be/FourthWayServices/common/bankaccount" xmlns:ns35="http://fsb.belgium.be/FourthWayServices/debtdetailedinformation" xmlns:ns36="http://fsb.belgium.be/FourthWayServices/debtsolidarity" xmlns:ns37="http://fsb.belgium.be/FourthWayServices/fiscaldebt" xmlns:ns38="http://fsb.belgium.be/FourthWayServices/socialdebtdetails" xmlns:ns39="http://fsb.belgium.be/FourthWayServices/debtinformation" xmlns:ns4="http://fsb.belgium.be/FourthWayServices/gooddescription" xmlns:ns40="http://fsb.belgium.be/FourthWayServices/socialdebt" xmlns:ns41="http://fsb.belgium.be/FourthWayServices/fiscalregionflandersdebtdetails" xmlns:ns42="http://fsb.belgium.be/FourthWayServices/fiscalregionflandersdebt" xmlns:ns43="http://fsb.belgium.be/FourthWayServices/debt" xmlns:ns44="http://fsb.belgium.be/FourthWayServices/debtparty" xmlns:ns45="http://fsb.belgium.be/FourthWayServices/legalbase" xmlns:ns46="http://fsb.belgium.be/FourthWayServices/debtnotification" xmlns:ns47="http://fsb.belgium.be/FourthWayServices/debtdeficitnotification" xmlns:ns48="http://fsb.belgium.be/FourthWayServices/header" xmlns:ns49="http://fsb.belgium.be/header" xmlns:ns5="http://fsb.belgium.be/FourthWayServices/party" xmlns:ns51="http://fsb.belgium.be/FourthWayServices/technicalack" xmlns:ns52="http://fsb.belgium.be/FourthWayServices/functionalack" xmlns:ns6="http://fsb.belgium.be/FourthWayServices/naturalperson" xmlns:ns7="http://fsb.belgium.be/FourthWayServices/nonresident" xmlns:ns8="http://fsb.belgium.be/FourthWayServices/contact" xmlns:ns9="http://fsb.belgium.be/FourthWayServices/propertyinformation">
            <ns25:generalCaseInformation>
               <ns25:administrativeInformation>
                  <ns25:language>FR</ns25:language>
                  <ns25:caseNumber>2444080.210115.0167</ns25:caseNumber>
                  <ns25:transactionType>3</ns25:transactionType>
                  <ns25:procedureNumber>ENOT4000000419570</ns25:procedureNumber>
                  <ns25:replacedProcedureNumber xsi:nil="true" xmlns:xsi="http://www.w3.org/2001/XMLSchema-instance"/>
                  <ns25:requestDate>2015-01-21T14:50:02.446+01:00</ns25:requestDate>
                  <ns25:origin>
                     <ns2:origin>
                        <ns2:partner>FPS Finance</ns2:partner>
                        <ns2:partnerCode codeType="KBO">0308357159</ns2:partnerCode>
                     </ns2:origin>
                  </ns25:origin>
                  <ns25:destinations>
                     <ns2:destination>
                        <ns2:partner>FRNB</ns2:partner>
                        <ns2:partnerCode codeType="KBO">0409357321</ns2:partnerCode>
                     </ns2:destination>
                  </ns25:destinations>
                  <ns25:requestorInformation>
                     <ns12:institution>
                        <ns12:institutionType>Federal</ns12:institutionType>
                        <ns12:institutionName>Huy</ns12:institutionName>
                        <ns12:institutionIdentificationNumber type="CDDB">600904</ns12:institutionIdentificationNumber>
                        <address>
                           <location>
                              <country>
                                 <countryCode codeStandard="ISO">BE</countryCode>
                              </country>
                              <postalCode>4500</postalCode>
                           </location>
                           <street>Avenue Albert 1er</street>
                           <houseNumber>8/10</houseNumber>
                        </address>
                        <ns12:contactInformation>
                           <ns8:phoneNumber type="phone">025783660</ns8:phoneNumber>
                           <ns8:emailAddress type="email">rec.cd.huy@minfin.fed.be</ns8:emailAddress>
                        </ns12:contactInformation>
                     </ns12:institution>
                     <ns25:responsiblePerson>
                        <ns2:name>
                           <ns2:firstName>Testuser</ns2:firstName>
                           <ns2:lastName>testuser.enotrec01</ns2:lastName>
                        </ns2:name>
                        <ns8:contactInformation/>
                     </ns25:responsiblePerson>
                     <ns25:contactPerson>
                        <ns2:name>
                           <ns2:firstName>Testuser</ns2:firstName>
                           <ns2:lastName>EnotRec01</ns2:lastName>
                        </ns2:name>
                        <ns8:contactInformation>
                           <ns8:emailAddress type="email">testuser.enotrec01@guest.minfin.fed.be</ns8:emailAddress>
                        </ns8:contactInformation>
                     </ns25:contactPerson>
                  </ns25:requestorInformation>
               </ns25:administrativeInformation>
            </ns25:generalCaseInformation>
            <ns44:debtParty>
               <ns5:party partyID="005">
                  <ns5:residentialParty>false</ns5:residentialParty>
                  <ns6:naturalPerson>
                     <ns2:entityReference>
                        <ns2:source>notice1</ns2:source>
                        <ns2:entityID type="nationalNumber">68082123438</ns2:entityID>
                     </ns2:entityReference>
                     <ns6:personInformation>
                        <ns2:name>
                           <ns2:firstName>Yolande Adrienne</ns2:firstName>
                           <ns2:lastName>BUITER</ns2:lastName>
                        </ns2:name>
                        <address>
                           <location>
                              <country>
                                 <countryDescription>Belgium</countryDescription>
                                 <countryCode codeStandard="ISO">BE</countryCode>
                              </country>
                              <municipalityDescription>Verlaine</municipalityDescription>
                              <postalCode>4537</postalCode>
                           </location>
                           <street>Rue aux Raines</street>
                           <houseNumber>53</houseNumber>
                        </address>
                     </ns6:personInformation>
                  </ns6:naturalPerson>
               </ns5:party>
               <ns43:debt debtID="1">
                  <ns37:fiscaldebt>
                     <ns31:fiscalDebtDetails>
                        <ns31:debtType>VAT</ns31:debtType>
                        <ns31:declarations>
                           <ns31:negligenceClause>
                              <ns31:additionalIntrest>0</ns31:additionalIntrest>
                              <ns31:additionalIntrestFromDate>2015-01-21+01:00</ns31:additionalIntrestFromDate>
                           </ns31:negligenceClause>
                        </ns31:declarations>
                        <ns2:referencePeriod>
                           <ns2:startDate>2015-01-06+01:00</ns2:startDate>
                           <ns2:endDate>2015-01-13+01:00</ns2:endDate>
                        </ns2:referencePeriod>
                        <ns31:totalDebt>45</ns31:totalDebt>
                        <ns31:debtBreakdown>
                           <ns31:debtSubType>VAT</ns31:debtSubType>
                           <ns31:debtSubAmount>45</ns31:debtSubAmount>
                        </ns31:debtBreakdown>
                        <ns31:debtBreakdown>
                           <ns31:debtSubType>IM</ns31:debtSubType>
                           <ns31:debtSubAmount>0</ns31:debtSubAmount>
                        </ns31:debtBreakdown>
                        <ns31:debtBreakdown>
                           <ns31:debtSubType>INTEREST</ns31:debtSubType>
                           <ns31:debtSubAmount>0</ns31:debtSubAmount>
                        </ns31:debtBreakdown>
                        <ns31:debtBreakdown>
                           <ns31:debtSubType>FINES</ns31:debtSubType>
                           <ns31:debtSubAmount>0</ns31:debtSubAmount>
                        </ns31:debtBreakdown>
                        <ns31:debtBreakdown>
                           <ns31:debtSubType>COST</ns31:debtSubType>
                           <ns31:debtSubAmount>0</ns31:debtSubAmount>
                        </ns31:debtBreakdown>
                     </ns31:fiscalDebtDetails>
                     <ns32:officialProclamation/>
                     <ns33:beneficiary>
                        <ns33:beneficiaryName>CTRI Namur</ns33:beneficiaryName>
                        <ns33:structuredMessage>N99998745412NOT/</ns33:structuredMessage>
                        <ns33:amount>45</ns33:amount>
                        <ns34:bankAccount>
                           <ns34:ibanNumber>BE42 6792 0034 9254</ns34:ibanNumber>
                           <ns34:bicCode>PCHQBEBB</ns34:bicCode>
                           <ns34:accountName>CTRI Namur</ns34:accountName>
                           <address>
                              <location>
                                 <country>
                                    <countryCode codeStandard="ISO">BE</countryCode>
                                 </country>
                                 <municipalityDescription language="fr">Namur</municipalityDescription>
                                 <postalCode>5000</postalCode>
                              </location>
                              <street>Rue des Bourgeois</street>
                              <houseNumber>7/Bloc B</houseNumber>
                           </address>
                        </ns34:bankAccount>
                     </ns33:beneficiary>
                     <ns35:debtDetailedInformation>
                        <ns35:calculationDate>2015-01-21+01:00</ns35:calculationDate>
                        <ns35:referentialNumber>999998745412</ns35:referentialNumber>
                     </ns35:debtDetailedInformation>
                  </ns37:fiscaldebt>
               </ns43:debt>
               <ns44:totalDebtAmount>45</ns44:totalDebtAmount>
            </ns44:debtParty>
            <ns45:legalBase>
               <ns45:legalSource>Code de la taxe sur la valeur ajout��e</ns45:legalSource>
               <ns45:legalBaseIdentifier>Article 93quater</ns45:legalBaseIdentifier>
            </ns45:legalBase>
            <ns27:technical>
               <ns26:Signature>
                  <ns26:SignedInfo>
                     <ns26:CanonicalizationMethod Algorithm="http://www.w3.org/TR/2001/REC-xml-c14n-20010315"/>
                     <ns26:SignatureMethod Algorithm="http://www.w3.org/2000/09/xmldsig#rsa-sha1"/>
                     <ns26:Reference URI="#signMe">
                        <ns26:DigestMethod Algorithm="http://www.w3.org/2000/09/xmldsig#sha1"/>
                        <ns26:DigestValue>CbUOX9jTy0uYSCKDVQl6peUatJ8=</ns26:DigestValue>
                     </ns26:Reference>
                  </ns26:SignedInfo>
                  <ns26:SignatureValue>WBXEECQtMTWGGq5EGO+5kyVw1kJefLsfHVA/5eYB6pZ3GOZ7LOLc/jAhKbqxeV3qdWiMGx3VzgvdF4ZaMB2HS1fLmnOmNDXHhrrqYQJ51LGDvex39k7/xAJAmuub7MDtfAu08WBTVpmQ5khGL9ZrYOXr5RoG70BrlWNr+37FekM=</ns26:SignatureValue>
                  <ns26:KeyInfo>
                     <ns26:X509Data>
                        <ns26:X509SubjectName>ST=Brussels,L=Brussels,OU=Belgian Federal Government,O=Federal Public Service Finances,CN=Test SPF Finances - FOD Financien,C=BE</ns26:X509SubjectName>
                        <ns26:X509Certificate>MIIDKzCCApSgAwIBAgIJAIkxAL2MG081MA0GCSqGSIb3DQEBBQUAMIGuMQswCQYDVQQGEwJCRTEqMCgGA1UEAxMhVGVzdCBTUEYgRmluYW5jZXMgLSBGT0QgRmluYW5jaWVuMSgwJgYDVQQKEx9GZWRlcmFsIFB1YmxpYyBTZXJ2aWNlIEZpbmFuY2VzMSMwIQYDVQQLExpCZWxnaWFuIEZlZGVyYWwgR292ZXJubWVudDERMA8GA1UEBxMIQnJ1c3NlbHMxETAPBgNVBAgTCEJydXNzZWxzMB4XDTA4MDUwNjA4MDcyMFoXDTE4MDUwNzA4MDcyMFowga4xCzAJBgNVBAYTAkJFMSowKAYDVQQDEyFUZXN0IFNQRiBGaW5hbmNlcyAtIEZPRCBGaW5hbmNpZW4xKDAmBgNVBAoTH0ZlZGVyYWwgUHVibGljIFNlcnZpY2UgRmluYW5jZXMxIzAhBgNVBAsTGkJlbGdpYW4gRmVkZXJhbCBHb3Zlcm5tZW50MREwDwYDVQQHEwhCcnVzc2VsczERMA8GA1UECBMIQnJ1c3NlbHMwgZ8wDQYJKoZIhvcNAQEBBQADgY0AMIGJAoGBAJ8T/80iF50FvothkWOZDsZUPKM52fxhNdKMT+E/lODqejyJ2iQkjEuW5yJKo0lXNj+Gxwfl99bD16IJMagbrxBnJPwR7SeS3JQ0IaLkOorOoeZkZLFoFMSfZWT9uCf6Qf/uNMQtRnX2351P1OF3cld68uFGUNS8U93OqxS9R/ZvAgMBAAGjTzBNMAwGA1UdEwQFMAMBAf8wCwYDVR0PBAQDAgTwMB0GA1UdJQQWMBQGCCsGAQUFBwMCBggrBgEFBQcDBDARBglghkgBhvhCAQEEBAMCBLAwDQYJKoZIhvcNAQEFBQADgYEATnEO8juTdcZtwzvl5EHnZ9+6cEM9rsWuQtq43UXw4RqveHWUE+Cn2ElMPiyuxLLzkzQTbcDYxI9FgVAXFEmqPf7Jii2PpHIlo8yHWCWMuPP0OykMF6YuCtyutKJBbGuTT36gNVAUEPeD34fzB5pgy2aG5wQTQctRdDz07CVM3cI=</ns26:X509Certificate>
                     </ns26:X509Data>
                  </ns26:KeyInfo>
               </ns26:Signature>
            </ns27:technical>
         </ns46:debtNotification>
         </v1:request>
      </v1:fiscalDebtNotificationRequest>
   </soapenv:Body>
</soapenv:Envelope>]]></con:request><con:assertion type="SOAP Fault Assertion" id="ed8d804d-8714-4f81-bf3b-677a2c3ee21d" name="Not SOAP Fault"/><con:assertion type="SOAP Response" id="39410b10-0094-4e63-906b-f43fe986ec4d" name="SOAP Response"/><con:assertion type="Schema Compliance" id="cf23f4e8-81c1-4985-b2f3-58dde58a77f7" name="Schema Compliance"><con:configuration/></con:assertion><con:wsaConfig action="http://fidus.brussels/services/fourthwaydebtservice/fiscalDebtNotification"/></con:request></con:config></con:testStep><con:properties/></con:testCase><con:testCase id="65a38d22-0046-4418-bbc7-658af801c336" failOnError="true" failTestCaseOnErrors="true" keepSession="false" maxResults="0" name="functionalAck" searchProperties="true"><con:settings/><con:testStep type="request" id="3cab65ca-a899-4c6b-b32e-f1d1c6071257" name="testcase2 - Dev - Request"><con:settings/><con:config xsi:type="con:RequestStep" xmlns:xsi="http://www.w3.org/2001/XMLSchema-instance"><con:interface>FourthWayDebtServiceHTTPBinding</con:interface><con:operation>functionalAck</con:operation><con:request name="testcase2 - Dev - Request" id="c132e532-177b-409c-a832-059f9e15b0c8" outgoingWss="Outflow DEV"><con:settings/><con:encoding>UTF-8</con:encoding><con:endpoint>https://192.168.36.61:8243/services/FourthWayDebtService_v1.0</con:endpoint><con:request><![CDATA[<soapenv:Envelope xmlns:soapenv="http://schemas.xmlsoap.org/soap/envelope/" xmlns:v1="http://fidus.brussels/service/fourthwaydebtservice/messages/v1" xmlns:v11="http://fidus.brussels/type/common/messages/v1" xmlns:debt="http://be.belgium.fsb/fourthWayService/Debt" xmlns:fun="http://fsb.belgium.be/FourthWayServices/functionalack" xmlns:ack="http://fsb.belgium.be/FourthWayServices/acknowledgementinformation" xmlns:S="http://schemas.xmlsoap.org/soap/envelope/" xmlns:dat="http://fsb.belgium.be/FourthWayServices/common/datatypes">
   <soapenv:Header/>
   <soapenv:Body>
      <v1:functionalAckRequest>
         <v1:messageContext>
         	  <v11:messageId>${=import static java.util.UUID.randomUUID; uuid = randomUUID() as String}</v11:messageId>
            <v11:timestamp>${=new java.text.SimpleDateFormat("yyyy-MM-dd'T'HH:mm:ss.SSS").format(new Date())}</v11:timestamp>
         </v1:messageContext>      
         <v1:legalContext>ServiceIntegrator</v1:legalContext>
         <v1:request>
           <fun:functionalAcknowledgement>
                <ack:acknowledgementInformation>
                    <dat:procedureID>4d455d8b-b543-453b-acf4-9c63280319aa</dat:procedureID>
                    <ack:acknowledgementDate>2015-04-21T11:55:11.637+01:00</ack:acknowledgementDate>
                    <ack:receiptDate>2015-04-21T15:55:11.637+01:00</ack:receiptDate>
                    <dat:origin>
                        <dat:origin>
                            <dat:partner>FPS Finance</dat:partner>
                            <dat:partnerCode codeType="KBO">0308357159</dat:partnerCode>
                        </dat:origin>
                    </dat:origin>
                    <ack:correlationID>4d455d8b-b543-453b-acf4-9c63280319aa</ack:correlationID>
                    <ack:messageReferenceNumber>ENOT4000000419570</ack:messageReferenceNumber>
                </ack:acknowledgementInformation>
            </fun:functionalAcknowledgement>
         </v1:request>
      </v1:functionalAckRequest>
   </soapenv:Body>
</soapenv:Envelope>]]></con:request><con:assertion type="SOAP Fault Assertion" id="e591e542-25e1-4841-ac7d-7d42260d97c6" name="Not SOAP Fault"/><con:assertion type="SOAP Response" id="9ce57ae0-b064-4bc8-9ede-cea52790bcdc" name="SOAP Response"/><con:assertion type="Schema Compliance" id="eedd90e7-297e-4820-b3c5-d9349fec9a99" name="Schema Compliance"><con:configuration/></con:assertion><con:wsaConfig action="http://fidus.brussels/services/fourthwaydebtservice/functionalAck"/></con:request></con:config></con:testStep><con:properties/></con:testCase><con:properties/></con:testSuite><con:testSuite id="476127ae-97a9-471d-a660-276cef915d0d" name="TEST"><con:settings/><con:runType>SEQUENTIAL</con:runType><con:testCase id="6cbc1911-295c-4a55-978d-a950f056164a" failOnError="true" failTestCaseOnErrors="true" keepSession="false" maxResults="0" name="businessError" searchProperties="true"><con:settings/><con:testStep type="request" id="b0f66594-8a37-4430-8355-baf4e072c24f" name="testcase3 - Test - External - Request"><con:settings/><con:config xsi:type="con:RequestStep" xmlns:xsi="http://www.w3.org/2001/XMLSchema-instance"><con:interface>FourthWayDebtServiceHTTPBinding</con:interface><con:operation>businessError</con:operation><con:request name="testcase3 - Test - External - Request" id="56ac5c66-93e4-4e29-bd7f-05b6fdab6aa4" outgoingWss="Outflow TEST"><con:settings/><con:encoding>UTF-8</con:encoding><con:endpoint>https://fidus-test.irisnetlab.be/services/FourthWayDebtService_v1.0</con:endpoint><con:request><![CDATA[<soapenv:Envelope xmlns:soapenv="http://schemas.xmlsoap.org/soap/envelope/" xmlns:v1="http://fidus.brussels/service/fourthwaydebtservice/messages/v1" xmlns:v11="http://fidus.brussels/type/common/messages/v1" xmlns:bus="http://fsb.belgium.be/FourthWayServices/businesserror" xmlns:err="http://fsb.belgium.be/FourthWayServices/error" xmlns:dat="http://fsb.belgium.be/FourthWayServices/common/datatypes">
   <soapenv:Header/>
   <soapenv:Body>
      <v1:businessErrorRequest>
         <v1:messageContext>
     	  <v11:messageId>${=import static java.util.UUID.randomUUID; uuid = randomUUID() as String}</v11:messageId>
            <v11:timestamp>${=new java.text.SimpleDateFormat("yyyy-MM-dd'T'HH:mm:ss.SSS").format(new Date())}</v11:timestamp>
         </v1:messageContext>
         <v1:legalContext>ServiceIntegrator</v1:legalContext>
         <v1:request>
   		<bus:businessError>
            <err:error>
               <err:code>VAL0005</err:code>
               <err:description>A validation error</err:description>
            </err:error>
            <bus:messageIdentification>
               <dat:origin>
                  <dat:origin>
                     <dat:partner>FRNB</dat:partner>
                     <dat:partnerCode codeType="KBO">0409357321</dat:partnerCode>
                  </dat:origin>
               </dat:origin>
            </bus:messageIdentification>
         </bus:businessError>
         </v1:request>
      </v1:businessErrorRequest>
   </soapenv:Body>
</soapenv:Envelope>]]></con:request><con:assertion type="SOAP Fault Assertion" id="7cec06ae-289b-4fb9-b10c-e81d394cb751" name="Not SOAP Fault"/><con:assertion type="SOAP Response" id="66b09ccb-06ef-4919-b2f1-c32e9e56b8ce" name="SOAP Response"/><con:assertion type="Schema Compliance" id="6e6cb910-f78b-495a-9c06-c9087af62864" name="Schema Compliance"><con:configuration/></con:assertion><con:wsaConfig action="http://fidus.brussels/services/fourthwaydebtservice/businessError"/></con:request></con:config></con:testStep><con:testStep type="request" id="f49b9866-505b-4f72-be46-ebe9e57a2e0f" name="testcase3 - Test - LB - Request"><con:settings/><con:config xsi:type="con:RequestStep" xmlns:xsi="http://www.w3.org/2001/XMLSchema-instance"><con:interface>FourthWayDebtServiceHTTPBinding</con:interface><con:operation>businessError</con:operation><con:request name="testcase3 - Test - LB - Request" id="4cfadeb0-bc9c-4265-9c34-4fe2dff565ae" outgoingWss="Outflow TEST"><con:settings/><con:encoding>UTF-8</con:encoding><con:endpoint>https://esb-security-gw.sta.srv.cirb.lan:8443/services/FourthWayDebtService_v1.0</con:endpoint><con:request><![CDATA[<soapenv:Envelope xmlns:soapenv="http://schemas.xmlsoap.org/soap/envelope/" xmlns:v1="http://fidus.brussels/service/fourthwaydebtservice/messages/v1" xmlns:v11="http://fidus.brussels/type/common/messages/v1" xmlns:bus="http://fsb.belgium.be/FourthWayServices/businesserror" xmlns:err="http://fsb.belgium.be/FourthWayServices/error" xmlns:dat="http://fsb.belgium.be/FourthWayServices/common/datatypes">
   <soapenv:Header/>
   <soapenv:Body>
      <v1:businessErrorRequest>
         <v1:messageContext>
     	  <v11:messageId>${=import static java.util.UUID.randomUUID; uuid = randomUUID() as String}</v11:messageId>
            <v11:timestamp>${=new java.text.SimpleDateFormat("yyyy-MM-dd'T'HH:mm:ss.SSS").format(new Date())}</v11:timestamp>
         </v1:messageContext>
         <v1:legalContext>ServiceIntegrator</v1:legalContext>
         <v1:request>
   		<bus:businessError>
            <err:error>
               <err:code>VAL0005</err:code>
               <err:description>A validation error</err:description>
            </err:error>
            <bus:messageIdentification>
               <dat:origin>
                  <dat:origin>
                     <dat:partner>FRNB</dat:partner>
                     <dat:partnerCode codeType="KBO">0409357321</dat:partnerCode>
                  </dat:origin>
               </dat:origin>
            </bus:messageIdentification>
         </bus:businessError>
         </v1:request>
      </v1:businessErrorRequest>
   </soapenv:Body>
</soapenv:Envelope>]]></con:request><con:assertion type="SOAP Fault Assertion" id="f8655526-a324-4457-8519-79e70c2c358f" name="Not SOAP Fault"/><con:assertion type="SOAP Response" id="668415d5-9924-4a76-975f-3c03ddeff680" name="SOAP Response"/><con:assertion type="Schema Compliance" id="0cb3fa70-05f9-45eb-bde6-e10e17f33683" name="Schema Compliance"><con:configuration/></con:assertion><con:wsaConfig action="http://fidus.brussels/services/fourthwaydebtservice/businessError"/></con:request></con:config></con:testStep><con:testStep type="request" id="96715da5-7bd9-457b-bcee-54faa9168a8c" name="testcase3 - Test - Worker1 - Request"><con:settings/><con:config xsi:type="con:RequestStep" xmlns:xsi="http://www.w3.org/2001/XMLSchema-instance"><con:interface>FourthWayDebtServiceHTTPBinding</con:interface><con:operation>businessError</con:operation><con:request name="testcase3 - Test - Worker1 - Request" id="9dbd9e6d-93c9-450b-a687-afbcf6e56e48" outgoingWss="Outflow TEST"><con:settings/><con:encoding>UTF-8</con:encoding><con:endpoint>https://192.168.24.45:8443/services/FourthWayDebtService_v1.0</con:endpoint><con:request><![CDATA[<soapenv:Envelope xmlns:soapenv="http://schemas.xmlsoap.org/soap/envelope/" xmlns:v1="http://fidus.brussels/service/fourthwaydebtservice/messages/v1" xmlns:v11="http://fidus.brussels/type/common/messages/v1" xmlns:bus="http://fsb.belgium.be/FourthWayServices/businesserror" xmlns:err="http://fsb.belgium.be/FourthWayServices/error" xmlns:dat="http://fsb.belgium.be/FourthWayServices/common/datatypes">
   <soapenv:Header/>
   <soapenv:Body>
      <v1:businessErrorRequest>
         <v1:messageContext>
     	  <v11:messageId>${=import static java.util.UUID.randomUUID; uuid = randomUUID() as String}</v11:messageId>
            <v11:timestamp>${=new java.text.SimpleDateFormat("yyyy-MM-dd'T'HH:mm:ss.SSS").format(new Date())}</v11:timestamp>
         </v1:messageContext>
         <v1:legalContext>ServiceIntegrator</v1:legalContext>
         <v1:request>
   		<bus:businessError>
            <err:error>
               <err:code>VAL0005</err:code>
               <err:description>A validation error</err:description>
            </err:error>
            <bus:messageIdentification>
               <dat:origin>
                  <dat:origin>
                     <dat:partner>FRNB-GBU</dat:partner>
                     <dat:partnerCode codeType="KBO">0409357321</dat:partnerCode>
                  </dat:origin>
               </dat:origin>
            </bus:messageIdentification>
         </bus:businessError>
         </v1:request>
      </v1:businessErrorRequest>
   </soapenv:Body>
</soapenv:Envelope>]]></con:request><con:assertion type="SOAP Fault Assertion" id="5100f95d-ebc6-4ff1-a543-0407e9e2147d" name="Not SOAP Fault"/><con:assertion type="SOAP Response" id="d32996ed-a3ea-474a-9673-a4acdb1ede1c" name="SOAP Response"/><con:assertion type="Schema Compliance" id="6550c300-70ca-469a-8b3a-759c57fb689c" name="Schema Compliance"><con:configuration/></con:assertion><con:wsaConfig action="http://fidus.brussels/services/fourthwaydebtservice/businessError"/></con:request></con:config></con:testStep><con:testStep type="request" id="b0082066-3b6d-42ca-8241-8506a8f4225e" name="testcase3 - Test - Worker2 - Request"><con:settings/><con:config xsi:type="con:RequestStep" xmlns:xsi="http://www.w3.org/2001/XMLSchema-instance"><con:interface>FourthWayDebtServiceHTTPBinding</con:interface><con:operation>businessError</con:operation><con:request name="testcase3 - Test - Worker2 - Request" id="1d9c3189-d5e8-4964-abd7-ba35343ac03c" outgoingWss="Outflow TEST"><con:settings/><con:encoding>UTF-8</con:encoding><con:endpoint>https://192.168.24.51:8443/services/FourthWayDebtService_v1.0</con:endpoint><con:request><![CDATA[<soapenv:Envelope xmlns:soapenv="http://schemas.xmlsoap.org/soap/envelope/" xmlns:v1="http://fidus.brussels/service/fourthwaydebtservice/messages/v1" xmlns:v11="http://fidus.brussels/type/common/messages/v1" xmlns:bus="http://fsb.belgium.be/FourthWayServices/businesserror" xmlns:err="http://fsb.belgium.be/FourthWayServices/error" xmlns:dat="http://fsb.belgium.be/FourthWayServices/common/datatypes">
   <soapenv:Header/>
   <soapenv:Body>
      <v1:businessErrorRequest>
         <v1:messageContext>
     	  <v11:messageId>${=import static java.util.UUID.randomUUID; uuid = randomUUID() as String}</v11:messageId>
            <v11:timestamp>${=new java.text.SimpleDateFormat("yyyy-MM-dd'T'HH:mm:ss.SSS").format(new Date())}</v11:timestamp>
         </v1:messageContext>
         <v1:legalContext>ServiceIntegrator</v1:legalContext>
         <v1:request>
   		<bus:businessError>
            <err:error>
               <err:code>VAL0005</err:code>
               <err:description>A validation error</err:description>
            </err:error>
            <bus:messageIdentification>
               <dat:origin>
                  <dat:origin>
                     <dat:partner>FRNB</dat:partner>
                     <dat:partnerCode codeType="KBO">0409357321</dat:partnerCode>
                  </dat:origin>
               </dat:origin>
            </bus:messageIdentification>
         </bus:businessError>
         </v1:request>
      </v1:businessErrorRequest>
   </soapenv:Body>
</soapenv:Envelope>]]></con:request><con:assertion type="SOAP Fault Assertion" id="a51673c3-1686-458f-af30-af16a0afd818" name="Not SOAP Fault"/><con:assertion type="SOAP Response" id="8a1fc0ef-8aab-482f-b867-afb63ec83f96" name="SOAP Response"/><con:assertion type="Schema Compliance" id="7fdf8890-95e5-463e-bd52-31308872eab0" name="Schema Compliance"><con:configuration/></con:assertion><con:wsaConfig action="http://fidus.brussels/services/fourthwaydebtservice/businessError"/></con:request></con:config></con:testStep><con:properties/></con:testCase><con:testCase id="4e3b5cc6-daab-4abb-a67f-a46452b504d4" failOnError="true" failTestCaseOnErrors="true" keepSession="false" maxResults="0" name="fiscalDebtNotification" searchProperties="true"><con:settings/><con:testStep type="request" id="ab17b647-8cff-49d8-acfe-01d62c2c09c0" name="testcase3 - Test - External - Request"><con:settings/><con:config xsi:type="con:RequestStep" xmlns:xsi="http://www.w3.org/2001/XMLSchema-instance"><con:interface>FourthWayDebtServiceHTTPBinding</con:interface><con:operation>fiscalDebtNotification</con:operation><con:request name="testcase3 - Test - External - Request" id="948f60b2-1372-431c-be01-49cbd69e8170" outgoingWss="Outflow TEST"><con:settings/><con:encoding>UTF-8</con:encoding><con:endpoint>https://fidus-test.irisnetlab.be/services/FourthWayDebtService_v1.0</con:endpoint><con:request><![CDATA[<soapenv:Envelope xmlns:soapenv="http://schemas.xmlsoap.org/soap/envelope/" xmlns:v1="http://fidus.brussels/service/fourthwaydebtservice/messages/v1" xmlns:v11="http://fidus.brussels/type/common/messages/v1" xmlns:deb="http://fsb.belgium.be/FourthWayServices/debtnotification" xmlns:gen="http://fsb.belgium.be/FourthWayServices/generalcaseinformation" xmlns:dat="http://fsb.belgium.be/FourthWayServices/common/datatypes" xmlns:ins="http://fsb.belgium.be/FourthWayServices/institution" xmlns:add="http://fsb.belgium.be/FourthWayServices/common/addressinformation" xmlns:con="http://fsb.belgium.be/FourthWayServices/contact" xmlns:deb1="http://fsb.belgium.be/FourthWayServices/debtparty" xmlns:par="http://fsb.belgium.be/FourthWayServices/party" xmlns:debt="http://fsb.belgium.be/FourthWayServices/debt" xmlns:leg="http://fsb.belgium.be/FourthWayServices/legalbase" xmlns:tec="http://fsb.belgium.be/FourthWayServices/technical" xmlns:xd="http://www.w3.org/2000/09/xmldsig#">
   <soapenv:Header/>
   <soapenv:Body>
      <v1:fiscalDebtNotificationRequest>
         <v1:messageContext>
         	  <v11:messageId>${=import static java.util.UUID.randomUUID; uuid = randomUUID() as String}</v11:messageId>
            <v11:timestamp>${=new java.text.SimpleDateFormat("yyyy-MM-dd'T'HH:mm:ss.SSS").format(new Date())}</v11:timestamp>
         </v1:messageContext>
         <v1:legalContext>ServiceIntegrator</v1:legalContext>      
         <v1:request>
 		<ns46:debtNotification Id="SignMe" xmlns:ns50="http://be.belgium.fsb/fourthWayService/Debt" xmlns="http://fsb.belgium.be/FourthWayServices/common/addressinformation" xmlns:ns10="http://fsb.belgium.be/FourthWayServices/shipinformation" xmlns:ns11="http://fsb.belgium.be/FourthWayServices/selfemployed" xmlns:ns12="http://fsb.belgium.be/FourthWayServices/institution" xmlns:ns13="http://fsb.belgium.be/FourthWayServices/enterprise" xmlns:ns14="http://fsb.belgium.be/FourthWayServices/honorbaseddeclarations" xmlns:ns15="http://fsb.belgium.be/FourthWayServices/unregisteredparty" xmlns:ns16="http://fsb.belgium.be/FourthWayServices/partnerdescription" xmlns:ns17="http://fsb.belgium.be/FourthWayServices/mortgagegoods" xmlns:ns18="http://fsb.belgium.be/FourthWayServices/deficitcaseinformation" xmlns:ns19="http://fsb.belgium.be/FourthWayServices/debtinquiry" xmlns:ns2="http://fsb.belgium.be/FourthWayServices/common/datatypes" xmlns:ns20="http://fsb.belgium.be/FourthWayServices/immovablegoodtransaction" xmlns:ns21="http://fsb.belgium.be/FourthWayServices/movablegoodtransaction" xmlns:ns22="http://fsb.belgium.be/FourthWayServices/inheritanceinformation" xmlns:ns23="http://fsb.belgium.be/FourthWayServices/successiontransaction" xmlns:ns24="http://fsb.belgium.be/FourthWayServices/fourthwaymessage" xmlns:ns25="http://fsb.belgium.be/FourthWayServices/generalcaseinformation" xmlns:ns26="http://www.w3.org/2000/09/xmldsig#" xmlns:ns27="http://fsb.belgium.be/FourthWayServices/technical" xmlns:ns28="http://fsb.belgium.be/FourthWayServices/acknowledgementinformation" xmlns:ns29="http://fsb.belgium.be/FourthWayServices/error" xmlns:ns3="http://fsb.belgium.be/FourthWayServices/salesinformation" xmlns:ns30="http://fsb.belgium.be/FourthWayServices/businesserror" xmlns:ns31="http://fsb.belgium.be/FourthWayServices/fiscaldebtdetails" xmlns:ns32="http://fsb.belgium.be/FourthWayServices/officialproclamation" xmlns:ns33="http://fsb.belgium.be/FourthWayServices/beneficiary" xmlns:ns34="http://fsb.belgium.be/FourthWayServices/common/bankaccount" xmlns:ns35="http://fsb.belgium.be/FourthWayServices/debtdetailedinformation" xmlns:ns36="http://fsb.belgium.be/FourthWayServices/debtsolidarity" xmlns:ns37="http://fsb.belgium.be/FourthWayServices/fiscaldebt" xmlns:ns38="http://fsb.belgium.be/FourthWayServices/socialdebtdetails" xmlns:ns39="http://fsb.belgium.be/FourthWayServices/debtinformation" xmlns:ns4="http://fsb.belgium.be/FourthWayServices/gooddescription" xmlns:ns40="http://fsb.belgium.be/FourthWayServices/socialdebt" xmlns:ns41="http://fsb.belgium.be/FourthWayServices/fiscalregionflandersdebtdetails" xmlns:ns42="http://fsb.belgium.be/FourthWayServices/fiscalregionflandersdebt" xmlns:ns43="http://fsb.belgium.be/FourthWayServices/debt" xmlns:ns44="http://fsb.belgium.be/FourthWayServices/debtparty" xmlns:ns45="http://fsb.belgium.be/FourthWayServices/legalbase" xmlns:ns46="http://fsb.belgium.be/FourthWayServices/debtnotification" xmlns:ns47="http://fsb.belgium.be/FourthWayServices/debtdeficitnotification" xmlns:ns48="http://fsb.belgium.be/FourthWayServices/header" xmlns:ns49="http://fsb.belgium.be/header" xmlns:ns5="http://fsb.belgium.be/FourthWayServices/party" xmlns:ns51="http://fsb.belgium.be/FourthWayServices/technicalack" xmlns:ns52="http://fsb.belgium.be/FourthWayServices/functionalack" xmlns:ns6="http://fsb.belgium.be/FourthWayServices/naturalperson" xmlns:ns7="http://fsb.belgium.be/FourthWayServices/nonresident" xmlns:ns8="http://fsb.belgium.be/FourthWayServices/contact" xmlns:ns9="http://fsb.belgium.be/FourthWayServices/propertyinformation">
            <ns25:generalCaseInformation>
               <ns25:administrativeInformation>
                  <ns25:language>FR</ns25:language>
                  <ns25:caseNumber>2444080.210115.0167</ns25:caseNumber>
                  <ns25:transactionType>3</ns25:transactionType>
                  <ns25:procedureNumber>ENOT4000000419570</ns25:procedureNumber>
                  <ns25:replacedProcedureNumber xsi:nil="true" xmlns:xsi="http://www.w3.org/2001/XMLSchema-instance"/>
                  <ns25:requestDate>2015-01-21T14:50:02.446+01:00</ns25:requestDate>
                  <ns25:origin>
                     <ns2:origin>
                        <ns2:partner>FPS Finance</ns2:partner>
                        <ns2:partnerCode codeType="KBO">0308357159</ns2:partnerCode>
                     </ns2:origin>
                  </ns25:origin>
                  <ns25:destinations>
                     <ns2:destination>
                        <ns2:partner>FRNB</ns2:partner>
                        <ns2:partnerCode codeType="KBO">0409357321</ns2:partnerCode>
                     </ns2:destination>
                  </ns25:destinations>
                  <ns25:requestorInformation>
                     <ns12:institution>
                        <ns12:institutionType>Federal</ns12:institutionType>
                        <ns12:institutionName>Huy</ns12:institutionName>
                        <ns12:institutionIdentificationNumber type="CDDB">600904</ns12:institutionIdentificationNumber>
                        <address>
                           <location>
                              <country>
                                 <countryCode codeStandard="ISO">BE</countryCode>
                              </country>
                              <postalCode>4500</postalCode>
                           </location>
                           <street>Avenue Albert 1er</street>
                           <houseNumber>8/10</houseNumber>
                        </address>
                        <ns12:contactInformation>
                           <ns8:phoneNumber type="phone">025783660</ns8:phoneNumber>
                           <ns8:emailAddress type="email">rec.cd.huy@minfin.fed.be</ns8:emailAddress>
                        </ns12:contactInformation>
                     </ns12:institution>
                     <ns25:responsiblePerson>
                        <ns2:name>
                           <ns2:firstName>Testuser</ns2:firstName>
                           <ns2:lastName>testuser.enotrec01</ns2:lastName>
                        </ns2:name>
                        <ns8:contactInformation/>
                     </ns25:responsiblePerson>
                     <ns25:contactPerson>
                        <ns2:name>
                           <ns2:firstName>Testuser</ns2:firstName>
                           <ns2:lastName>EnotRec01</ns2:lastName>
                        </ns2:name>
                        <ns8:contactInformation>
                           <ns8:emailAddress type="email">testuser.enotrec01@guest.minfin.fed.be</ns8:emailAddress>
                        </ns8:contactInformation>
                     </ns25:contactPerson>
                  </ns25:requestorInformation>
               </ns25:administrativeInformation>
            </ns25:generalCaseInformation>
            <ns44:debtParty>
               <ns5:party partyID="005">
                  <ns5:residentialParty>false</ns5:residentialParty>
                  <ns6:naturalPerson>
                     <ns2:entityReference>
                        <ns2:source>notice1</ns2:source>
                        <ns2:entityID type="nationalNumber">68082123438</ns2:entityID>
                     </ns2:entityReference>
                     <ns6:personInformation>
                        <ns2:name>
                           <ns2:firstName>Yolande Adrienne</ns2:firstName>
                           <ns2:lastName>BUITER</ns2:lastName>
                        </ns2:name>
                        <address>
                           <location>
                              <country>
                                 <countryDescription>Belgium</countryDescription>
                                 <countryCode codeStandard="ISO">BE</countryCode>
                              </country>
                              <municipalityDescription>Verlaine</municipalityDescription>
                              <postalCode>4537</postalCode>
                           </location>
                           <street>Rue aux Raines</street>
                           <houseNumber>53</houseNumber>
                        </address>
                     </ns6:personInformation>
                  </ns6:naturalPerson>
               </ns5:party>
               <ns43:debt debtID="1">
                  <ns37:fiscaldebt>
                     <ns31:fiscalDebtDetails>
                        <ns31:debtType>VAT</ns31:debtType>
                        <ns31:declarations>
                           <ns31:negligenceClause>
                              <ns31:additionalIntrest>0</ns31:additionalIntrest>
                              <ns31:additionalIntrestFromDate>2015-01-21+01:00</ns31:additionalIntrestFromDate>
                           </ns31:negligenceClause>
                        </ns31:declarations>
                        <ns2:referencePeriod>
                           <ns2:startDate>2015-01-06+01:00</ns2:startDate>
                           <ns2:endDate>2015-01-13+01:00</ns2:endDate>
                        </ns2:referencePeriod>
                        <ns31:totalDebt>45</ns31:totalDebt>
                        <ns31:debtBreakdown>
                           <ns31:debtSubType>VAT</ns31:debtSubType>
                           <ns31:debtSubAmount>45</ns31:debtSubAmount>
                        </ns31:debtBreakdown>
                        <ns31:debtBreakdown>
                           <ns31:debtSubType>IM</ns31:debtSubType>
                           <ns31:debtSubAmount>0</ns31:debtSubAmount>
                        </ns31:debtBreakdown>
                        <ns31:debtBreakdown>
                           <ns31:debtSubType>INTEREST</ns31:debtSubType>
                           <ns31:debtSubAmount>0</ns31:debtSubAmount>
                        </ns31:debtBreakdown>
                        <ns31:debtBreakdown>
                           <ns31:debtSubType>FINES</ns31:debtSubType>
                           <ns31:debtSubAmount>0</ns31:debtSubAmount>
                        </ns31:debtBreakdown>
                        <ns31:debtBreakdown>
                           <ns31:debtSubType>COST</ns31:debtSubType>
                           <ns31:debtSubAmount>0</ns31:debtSubAmount>
                        </ns31:debtBreakdown>
                     </ns31:fiscalDebtDetails>
                     <ns32:officialProclamation/>
                     <ns33:beneficiary>
                        <ns33:beneficiaryName>CTRI Namur</ns33:beneficiaryName>
                        <ns33:structuredMessage>N99998745412NOT/</ns33:structuredMessage>
                        <ns33:amount>45</ns33:amount>
                        <ns34:bankAccount>
                           <ns34:ibanNumber>BE42 6792 0034 9254</ns34:ibanNumber>
                           <ns34:bicCode>PCHQBEBB</ns34:bicCode>
                           <ns34:accountName>CTRI Namur</ns34:accountName>
                           <address>
                              <location>
                                 <country>
                                    <countryCode codeStandard="ISO">BE</countryCode>
                                 </country>
                                 <municipalityDescription language="fr">Namur</municipalityDescription>
                                 <postalCode>5000</postalCode>
                              </location>
                              <street>Rue des Bourgeois</street>
                              <houseNumber>7/Bloc B</houseNumber>
                           </address>
                        </ns34:bankAccount>
                     </ns33:beneficiary>
                     <ns35:debtDetailedInformation>
                        <ns35:calculationDate>2015-01-21+01:00</ns35:calculationDate>
                        <ns35:referentialNumber>999998745412</ns35:referentialNumber>
                     </ns35:debtDetailedInformation>
                  </ns37:fiscaldebt>
               </ns43:debt>
               <ns44:totalDebtAmount>45</ns44:totalDebtAmount>
            </ns44:debtParty>
            <ns45:legalBase>
               <ns45:legalSource>Code de la taxe sur la valeur ajout��e</ns45:legalSource>
               <ns45:legalBaseIdentifier>Article 93quater</ns45:legalBaseIdentifier>
            </ns45:legalBase>
            <ns27:technical>
               <ns26:Signature>
                  <ns26:SignedInfo>
                     <ns26:CanonicalizationMethod Algorithm="http://www.w3.org/TR/2001/REC-xml-c14n-20010315"/>
                     <ns26:SignatureMethod Algorithm="http://www.w3.org/2000/09/xmldsig#rsa-sha1"/>
                     <ns26:Reference URI="#signMe">
                        <ns26:DigestMethod Algorithm="http://www.w3.org/2000/09/xmldsig#sha1"/>
                        <ns26:DigestValue>CbUOX9jTy0uYSCKDVQl6peUatJ8=</ns26:DigestValue>
                     </ns26:Reference>
                  </ns26:SignedInfo>
                  <ns26:SignatureValue>WBXEECQtMTWGGq5EGO+5kyVw1kJefLsfHVA/5eYB6pZ3GOZ7LOLc/jAhKbqxeV3qdWiMGx3VzgvdF4ZaMB2HS1fLmnOmNDXHhrrqYQJ51LGDvex39k7/xAJAmuub7MDtfAu08WBTVpmQ5khGL9ZrYOXr5RoG70BrlWNr+37FekM=</ns26:SignatureValue>
                  <ns26:KeyInfo>
                     <ns26:X509Data>
                        <ns26:X509SubjectName>ST=Brussels,L=Brussels,OU=Belgian Federal Government,O=Federal Public Service Finances,CN=Test SPF Finances - FOD Financien,C=BE</ns26:X509SubjectName>
                        <ns26:X509Certificate>MIIDKzCCApSgAwIBAgIJAIkxAL2MG081MA0GCSqGSIb3DQEBBQUAMIGuMQswCQYDVQQGEwJCRTEqMCgGA1UEAxMhVGVzdCBTUEYgRmluYW5jZXMgLSBGT0QgRmluYW5jaWVuMSgwJgYDVQQKEx9GZWRlcmFsIFB1YmxpYyBTZXJ2aWNlIEZpbmFuY2VzMSMwIQYDVQQLExpCZWxnaWFuIEZlZGVyYWwgR292ZXJubWVudDERMA8GA1UEBxMIQnJ1c3NlbHMxETAPBgNVBAgTCEJydXNzZWxzMB4XDTA4MDUwNjA4MDcyMFoXDTE4MDUwNzA4MDcyMFowga4xCzAJBgNVBAYTAkJFMSowKAYDVQQDEyFUZXN0IFNQRiBGaW5hbmNlcyAtIEZPRCBGaW5hbmNpZW4xKDAmBgNVBAoTH0ZlZGVyYWwgUHVibGljIFNlcnZpY2UgRmluYW5jZXMxIzAhBgNVBAsTGkJlbGdpYW4gRmVkZXJhbCBHb3Zlcm5tZW50MREwDwYDVQQHEwhCcnVzc2VsczERMA8GA1UECBMIQnJ1c3NlbHMwgZ8wDQYJKoZIhvcNAQEBBQADgY0AMIGJAoGBAJ8T/80iF50FvothkWOZDsZUPKM52fxhNdKMT+E/lODqejyJ2iQkjEuW5yJKo0lXNj+Gxwfl99bD16IJMagbrxBnJPwR7SeS3JQ0IaLkOorOoeZkZLFoFMSfZWT9uCf6Qf/uNMQtRnX2351P1OF3cld68uFGUNS8U93OqxS9R/ZvAgMBAAGjTzBNMAwGA1UdEwQFMAMBAf8wCwYDVR0PBAQDAgTwMB0GA1UdJQQWMBQGCCsGAQUFBwMCBggrBgEFBQcDBDARBglghkgBhvhCAQEEBAMCBLAwDQYJKoZIhvcNAQEFBQADgYEATnEO8juTdcZtwzvl5EHnZ9+6cEM9rsWuQtq43UXw4RqveHWUE+Cn2ElMPiyuxLLzkzQTbcDYxI9FgVAXFEmqPf7Jii2PpHIlo8yHWCWMuPP0OykMF6YuCtyutKJBbGuTT36gNVAUEPeD34fzB5pgy2aG5wQTQctRdDz07CVM3cI=</ns26:X509Certificate>
                     </ns26:X509Data>
                  </ns26:KeyInfo>
               </ns26:Signature>
            </ns27:technical>
         </ns46:debtNotification>
         </v1:request>
      </v1:fiscalDebtNotificationRequest>
   </soapenv:Body>
</soapenv:Envelope>]]></con:request><con:assertion type="SOAP Fault Assertion" id="2438edcb-341b-4f6c-b99a-50861a00bd8f" name="Not SOAP Fault"/><con:assertion type="SOAP Response" id="3d5965d6-7ab4-4bdf-8fe9-cdcbea436aa9" name="SOAP Response"/><con:assertion type="Schema Compliance" id="bfcb6034-22d1-489a-b792-c8a323515d7b" name="Schema Compliance"><con:configuration/></con:assertion><con:wsaConfig action="http://fidus.brussels/services/fourthwaydebtservice/fiscalDebtNotification"/></con:request></con:config></con:testStep><con:testStep type="request" id="cdfc958f-688e-484e-b7aa-68a47d6f2139" name="testcase3 - Test - LB - Request"><con:settings/><con:config xsi:type="con:RequestStep" xmlns:xsi="http://www.w3.org/2001/XMLSchema-instance"><con:interface>FourthWayDebtServiceHTTPBinding</con:interface><con:operation>fiscalDebtNotification</con:operation><con:request name="testcase3 - Test - LB - Request" id="45d2f527-71b4-4696-8095-827d2054e8ca" outgoingWss="Outflow TEST"><con:settings/><con:encoding>UTF-8</con:encoding><con:endpoint>https://esb-security-gw.sta.srv.cirb.lan:8443/services/FourthWayDebtService_v1.0</con:endpoint><con:request><![CDATA[<soapenv:Envelope xmlns:soapenv="http://schemas.xmlsoap.org/soap/envelope/" xmlns:v1="http://fidus.brussels/service/fourthwaydebtservice/messages/v1" xmlns:v11="http://fidus.brussels/type/common/messages/v1" xmlns:deb="http://fsb.belgium.be/FourthWayServices/debtnotification" xmlns:gen="http://fsb.belgium.be/FourthWayServices/generalcaseinformation" xmlns:dat="http://fsb.belgium.be/FourthWayServices/common/datatypes" xmlns:ins="http://fsb.belgium.be/FourthWayServices/institution" xmlns:add="http://fsb.belgium.be/FourthWayServices/common/addressinformation" xmlns:con="http://fsb.belgium.be/FourthWayServices/contact" xmlns:deb1="http://fsb.belgium.be/FourthWayServices/debtparty" xmlns:par="http://fsb.belgium.be/FourthWayServices/party" xmlns:debt="http://fsb.belgium.be/FourthWayServices/debt" xmlns:leg="http://fsb.belgium.be/FourthWayServices/legalbase" xmlns:tec="http://fsb.belgium.be/FourthWayServices/technical" xmlns:xd="http://www.w3.org/2000/09/xmldsig#">
   <soapenv:Header/>
   <soapenv:Body>
      <v1:fiscalDebtNotificationRequest>
         <v1:messageContext>
         	  <v11:messageId>${=import static java.util.UUID.randomUUID; uuid = randomUUID() as String}</v11:messageId>
            <v11:timestamp>${=new java.text.SimpleDateFormat("yyyy-MM-dd'T'HH:mm:ss.SSS").format(new Date())}</v11:timestamp>
         </v1:messageContext>
         <v1:legalContext>ServiceIntegrator</v1:legalContext>      
         <v1:request>
 		<ns46:debtNotification Id="SignMe" xmlns:ns50="http://be.belgium.fsb/fourthWayService/Debt" xmlns="http://fsb.belgium.be/FourthWayServices/common/addressinformation" xmlns:ns10="http://fsb.belgium.be/FourthWayServices/shipinformation" xmlns:ns11="http://fsb.belgium.be/FourthWayServices/selfemployed" xmlns:ns12="http://fsb.belgium.be/FourthWayServices/institution" xmlns:ns13="http://fsb.belgium.be/FourthWayServices/enterprise" xmlns:ns14="http://fsb.belgium.be/FourthWayServices/honorbaseddeclarations" xmlns:ns15="http://fsb.belgium.be/FourthWayServices/unregisteredparty" xmlns:ns16="http://fsb.belgium.be/FourthWayServices/partnerdescription" xmlns:ns17="http://fsb.belgium.be/FourthWayServices/mortgagegoods" xmlns:ns18="http://fsb.belgium.be/FourthWayServices/deficitcaseinformation" xmlns:ns19="http://fsb.belgium.be/FourthWayServices/debtinquiry" xmlns:ns2="http://fsb.belgium.be/FourthWayServices/common/datatypes" xmlns:ns20="http://fsb.belgium.be/FourthWayServices/immovablegoodtransaction" xmlns:ns21="http://fsb.belgium.be/FourthWayServices/movablegoodtransaction" xmlns:ns22="http://fsb.belgium.be/FourthWayServices/inheritanceinformation" xmlns:ns23="http://fsb.belgium.be/FourthWayServices/successiontransaction" xmlns:ns24="http://fsb.belgium.be/FourthWayServices/fourthwaymessage" xmlns:ns25="http://fsb.belgium.be/FourthWayServices/generalcaseinformation" xmlns:ns26="http://www.w3.org/2000/09/xmldsig#" xmlns:ns27="http://fsb.belgium.be/FourthWayServices/technical" xmlns:ns28="http://fsb.belgium.be/FourthWayServices/acknowledgementinformation" xmlns:ns29="http://fsb.belgium.be/FourthWayServices/error" xmlns:ns3="http://fsb.belgium.be/FourthWayServices/salesinformation" xmlns:ns30="http://fsb.belgium.be/FourthWayServices/businesserror" xmlns:ns31="http://fsb.belgium.be/FourthWayServices/fiscaldebtdetails" xmlns:ns32="http://fsb.belgium.be/FourthWayServices/officialproclamation" xmlns:ns33="http://fsb.belgium.be/FourthWayServices/beneficiary" xmlns:ns34="http://fsb.belgium.be/FourthWayServices/common/bankaccount" xmlns:ns35="http://fsb.belgium.be/FourthWayServices/debtdetailedinformation" xmlns:ns36="http://fsb.belgium.be/FourthWayServices/debtsolidarity" xmlns:ns37="http://fsb.belgium.be/FourthWayServices/fiscaldebt" xmlns:ns38="http://fsb.belgium.be/FourthWayServices/socialdebtdetails" xmlns:ns39="http://fsb.belgium.be/FourthWayServices/debtinformation" xmlns:ns4="http://fsb.belgium.be/FourthWayServices/gooddescription" xmlns:ns40="http://fsb.belgium.be/FourthWayServices/socialdebt" xmlns:ns41="http://fsb.belgium.be/FourthWayServices/fiscalregionflandersdebtdetails" xmlns:ns42="http://fsb.belgium.be/FourthWayServices/fiscalregionflandersdebt" xmlns:ns43="http://fsb.belgium.be/FourthWayServices/debt" xmlns:ns44="http://fsb.belgium.be/FourthWayServices/debtparty" xmlns:ns45="http://fsb.belgium.be/FourthWayServices/legalbase" xmlns:ns46="http://fsb.belgium.be/FourthWayServices/debtnotification" xmlns:ns47="http://fsb.belgium.be/FourthWayServices/debtdeficitnotification" xmlns:ns48="http://fsb.belgium.be/FourthWayServices/header" xmlns:ns49="http://fsb.belgium.be/header" xmlns:ns5="http://fsb.belgium.be/FourthWayServices/party" xmlns:ns51="http://fsb.belgium.be/FourthWayServices/technicalack" xmlns:ns52="http://fsb.belgium.be/FourthWayServices/functionalack" xmlns:ns6="http://fsb.belgium.be/FourthWayServices/naturalperson" xmlns:ns7="http://fsb.belgium.be/FourthWayServices/nonresident" xmlns:ns8="http://fsb.belgium.be/FourthWayServices/contact" xmlns:ns9="http://fsb.belgium.be/FourthWayServices/propertyinformation">
            <ns25:generalCaseInformation>
               <ns25:administrativeInformation>
                  <ns25:language>FR</ns25:language>
                  <ns25:caseNumber>2444080.210115.0167</ns25:caseNumber>
                  <ns25:transactionType>3</ns25:transactionType>
                  <ns25:procedureNumber>ENOT4000000419570</ns25:procedureNumber>
                  <ns25:replacedProcedureNumber xsi:nil="true" xmlns:xsi="http://www.w3.org/2001/XMLSchema-instance"/>
                  <ns25:requestDate>2015-01-21T14:50:02.446+01:00</ns25:requestDate>
                  <ns25:origin>
                     <ns2:origin>
                        <ns2:partner>FPS Finance</ns2:partner>
                        <ns2:partnerCode codeType="KBO">0308357159</ns2:partnerCode>
                     </ns2:origin>
                  </ns25:origin>
                  <ns25:destinations>
                     <ns2:destination>
                        <ns2:partner>FRNB</ns2:partner>
                        <ns2:partnerCode codeType="KBO">0409357321</ns2:partnerCode>
                     </ns2:destination>
                  </ns25:destinations>
                  <ns25:requestorInformation>
                     <ns12:institution>
                        <ns12:institutionType>Federal</ns12:institutionType>
                        <ns12:institutionName>Huy</ns12:institutionName>
                        <ns12:institutionIdentificationNumber type="CDDB">600904</ns12:institutionIdentificationNumber>
                        <address>
                           <location>
                              <country>
                                 <countryCode codeStandard="ISO">BE</countryCode>
                              </country>
                              <postalCode>4500</postalCode>
                           </location>
                           <street>Avenue Albert 1er</street>
                           <houseNumber>8/10</houseNumber>
                        </address>
                        <ns12:contactInformation>
                           <ns8:phoneNumber type="phone">025783660</ns8:phoneNumber>
                           <ns8:emailAddress type="email">rec.cd.huy@minfin.fed.be</ns8:emailAddress>
                        </ns12:contactInformation>
                     </ns12:institution>
                     <ns25:responsiblePerson>
                        <ns2:name>
                           <ns2:firstName>Testuser</ns2:firstName>
                           <ns2:lastName>testuser.enotrec01</ns2:lastName>
                        </ns2:name>
                        <ns8:contactInformation/>
                     </ns25:responsiblePerson>
                     <ns25:contactPerson>
                        <ns2:name>
                           <ns2:firstName>Testuser</ns2:firstName>
                           <ns2:lastName>EnotRec01</ns2:lastName>
                        </ns2:name>
                        <ns8:contactInformation>
                           <ns8:emailAddress type="email">testuser.enotrec01@guest.minfin.fed.be</ns8:emailAddress>
                        </ns8:contactInformation>
                     </ns25:contactPerson>
                  </ns25:requestorInformation>
               </ns25:administrativeInformation>
            </ns25:generalCaseInformation>
            <ns44:debtParty>
               <ns5:party partyID="005">
                  <ns5:residentialParty>false</ns5:residentialParty>
                  <ns6:naturalPerson>
                     <ns2:entityReference>
                        <ns2:source>notice1</ns2:source>
                        <ns2:entityID type="nationalNumber">68082123438</ns2:entityID>
                     </ns2:entityReference>
                     <ns6:personInformation>
                        <ns2:name>
                           <ns2:firstName>Yolande Adrienne</ns2:firstName>
                           <ns2:lastName>BUITER</ns2:lastName>
                        </ns2:name>
                        <address>
                           <location>
                              <country>
                                 <countryDescription>Belgium</countryDescription>
                                 <countryCode codeStandard="ISO">BE</countryCode>
                              </country>
                              <municipalityDescription>Verlaine</municipalityDescription>
                              <postalCode>4537</postalCode>
                           </location>
                           <street>Rue aux Raines</street>
                           <houseNumber>53</houseNumber>
                        </address>
                     </ns6:personInformation>
                  </ns6:naturalPerson>
               </ns5:party>
               <ns43:debt debtID="1">
                  <ns37:fiscaldebt>
                     <ns31:fiscalDebtDetails>
                        <ns31:debtType>VAT</ns31:debtType>
                        <ns31:declarations>
                           <ns31:negligenceClause>
                              <ns31:additionalIntrest>0</ns31:additionalIntrest>
                              <ns31:additionalIntrestFromDate>2015-01-21+01:00</ns31:additionalIntrestFromDate>
                           </ns31:negligenceClause>
                        </ns31:declarations>
                        <ns2:referencePeriod>
                           <ns2:startDate>2015-01-06+01:00</ns2:startDate>
                           <ns2:endDate>2015-01-13+01:00</ns2:endDate>
                        </ns2:referencePeriod>
                        <ns31:totalDebt>45</ns31:totalDebt>
                        <ns31:debtBreakdown>
                           <ns31:debtSubType>VAT</ns31:debtSubType>
                           <ns31:debtSubAmount>45</ns31:debtSubAmount>
                        </ns31:debtBreakdown>
                        <ns31:debtBreakdown>
                           <ns31:debtSubType>IM</ns31:debtSubType>
                           <ns31:debtSubAmount>0</ns31:debtSubAmount>
                        </ns31:debtBreakdown>
                        <ns31:debtBreakdown>
                           <ns31:debtSubType>INTEREST</ns31:debtSubType>
                           <ns31:debtSubAmount>0</ns31:debtSubAmount>
                        </ns31:debtBreakdown>
                        <ns31:debtBreakdown>
                           <ns31:debtSubType>FINES</ns31:debtSubType>
                           <ns31:debtSubAmount>0</ns31:debtSubAmount>
                        </ns31:debtBreakdown>
                        <ns31:debtBreakdown>
                           <ns31:debtSubType>COST</ns31:debtSubType>
                           <ns31:debtSubAmount>0</ns31:debtSubAmount>
                        </ns31:debtBreakdown>
                     </ns31:fiscalDebtDetails>
                     <ns32:officialProclamation/>
                     <ns33:beneficiary>
                        <ns33:beneficiaryName>CTRI Namur</ns33:beneficiaryName>
                        <ns33:structuredMessage>N99998745412NOT/</ns33:structuredMessage>
                        <ns33:amount>45</ns33:amount>
                        <ns34:bankAccount>
                           <ns34:ibanNumber>BE42 6792 0034 9254</ns34:ibanNumber>
                           <ns34:bicCode>PCHQBEBB</ns34:bicCode>
                           <ns34:accountName>CTRI Namur</ns34:accountName>
                           <address>
                              <location>
                                 <country>
                                    <countryCode codeStandard="ISO">BE</countryCode>
                                 </country>
                                 <municipalityDescription language="fr">Namur</municipalityDescription>
                                 <postalCode>5000</postalCode>
                              </location>
                              <street>Rue des Bourgeois</street>
                              <houseNumber>7/Bloc B</houseNumber>
                           </address>
                        </ns34:bankAccount>
                     </ns33:beneficiary>
                     <ns35:debtDetailedInformation>
                        <ns35:calculationDate>2015-01-21+01:00</ns35:calculationDate>
                        <ns35:referentialNumber>999998745412</ns35:referentialNumber>
                     </ns35:debtDetailedInformation>
                  </ns37:fiscaldebt>
               </ns43:debt>
               <ns44:totalDebtAmount>45</ns44:totalDebtAmount>
            </ns44:debtParty>
            <ns45:legalBase>
               <ns45:legalSource>Code de la taxe sur la valeur ajout��e</ns45:legalSource>
               <ns45:legalBaseIdentifier>Article 93quater</ns45:legalBaseIdentifier>
            </ns45:legalBase>
            <ns27:technical>
               <ns26:Signature>
                  <ns26:SignedInfo>
                     <ns26:CanonicalizationMethod Algorithm="http://www.w3.org/TR/2001/REC-xml-c14n-20010315"/>
                     <ns26:SignatureMethod Algorithm="http://www.w3.org/2000/09/xmldsig#rsa-sha1"/>
                     <ns26:Reference URI="#signMe">
                        <ns26:DigestMethod Algorithm="http://www.w3.org/2000/09/xmldsig#sha1"/>
                        <ns26:DigestValue>CbUOX9jTy0uYSCKDVQl6peUatJ8=</ns26:DigestValue>
                     </ns26:Reference>
                  </ns26:SignedInfo>
                  <ns26:SignatureValue>WBXEECQtMTWGGq5EGO+5kyVw1kJefLsfHVA/5eYB6pZ3GOZ7LOLc/jAhKbqxeV3qdWiMGx3VzgvdF4ZaMB2HS1fLmnOmNDXHhrrqYQJ51LGDvex39k7/xAJAmuub7MDtfAu08WBTVpmQ5khGL9ZrYOXr5RoG70BrlWNr+37FekM=</ns26:SignatureValue>
                  <ns26:KeyInfo>
                     <ns26:X509Data>
                        <ns26:X509SubjectName>ST=Brussels,L=Brussels,OU=Belgian Federal Government,O=Federal Public Service Finances,CN=Test SPF Finances - FOD Financien,C=BE</ns26:X509SubjectName>
                        <ns26:X509Certificate>MIIDKzCCApSgAwIBAgIJAIkxAL2MG081MA0GCSqGSIb3DQEBBQUAMIGuMQswCQYDVQQGEwJCRTEqMCgGA1UEAxMhVGVzdCBTUEYgRmluYW5jZXMgLSBGT0QgRmluYW5jaWVuMSgwJgYDVQQKEx9GZWRlcmFsIFB1YmxpYyBTZXJ2aWNlIEZpbmFuY2VzMSMwIQYDVQQLExpCZWxnaWFuIEZlZGVyYWwgR292ZXJubWVudDERMA8GA1UEBxMIQnJ1c3NlbHMxETAPBgNVBAgTCEJydXNzZWxzMB4XDTA4MDUwNjA4MDcyMFoXDTE4MDUwNzA4MDcyMFowga4xCzAJBgNVBAYTAkJFMSowKAYDVQQDEyFUZXN0IFNQRiBGaW5hbmNlcyAtIEZPRCBGaW5hbmNpZW4xKDAmBgNVBAoTH0ZlZGVyYWwgUHVibGljIFNlcnZpY2UgRmluYW5jZXMxIzAhBgNVBAsTGkJlbGdpYW4gRmVkZXJhbCBHb3Zlcm5tZW50MREwDwYDVQQHEwhCcnVzc2VsczERMA8GA1UECBMIQnJ1c3NlbHMwgZ8wDQYJKoZIhvcNAQEBBQADgY0AMIGJAoGBAJ8T/80iF50FvothkWOZDsZUPKM52fxhNdKMT+E/lODqejyJ2iQkjEuW5yJKo0lXNj+Gxwfl99bD16IJMagbrxBnJPwR7SeS3JQ0IaLkOorOoeZkZLFoFMSfZWT9uCf6Qf/uNMQtRnX2351P1OF3cld68uFGUNS8U93OqxS9R/ZvAgMBAAGjTzBNMAwGA1UdEwQFMAMBAf8wCwYDVR0PBAQDAgTwMB0GA1UdJQQWMBQGCCsGAQUFBwMCBggrBgEFBQcDBDARBglghkgBhvhCAQEEBAMCBLAwDQYJKoZIhvcNAQEFBQADgYEATnEO8juTdcZtwzvl5EHnZ9+6cEM9rsWuQtq43UXw4RqveHWUE+Cn2ElMPiyuxLLzkzQTbcDYxI9FgVAXFEmqPf7Jii2PpHIlo8yHWCWMuPP0OykMF6YuCtyutKJBbGuTT36gNVAUEPeD34fzB5pgy2aG5wQTQctRdDz07CVM3cI=</ns26:X509Certificate>
                     </ns26:X509Data>
                  </ns26:KeyInfo>
               </ns26:Signature>
            </ns27:technical>
         </ns46:debtNotification>
         </v1:request>
      </v1:fiscalDebtNotificationRequest>
   </soapenv:Body>
</soapenv:Envelope>]]></con:request><con:assertion type="SOAP Fault Assertion" id="d8e6fbeb-ab48-4e8c-b7d5-4cdca3e81b10" name="Not SOAP Fault"/><con:assertion type="SOAP Response" id="1dd8625f-ee25-49d0-8b54-78fd4f2737f6" name="SOAP Response"/><con:assertion type="Schema Compliance" id="3013d967-f89d-4e5c-b36d-ad0a10813a40" name="Schema Compliance"><con:configuration/></con:assertion><con:wsaConfig action="http://fidus.brussels/services/fourthwaydebtservice/fiscalDebtNotification"/></con:request></con:config></con:testStep><con:testStep type="request" id="092304c9-01aa-40fc-9200-9ceb6664c112" name="testcase3 - Test - Worker1 - Request"><con:settings/><con:config xsi:type="con:RequestStep" xmlns:xsi="http://www.w3.org/2001/XMLSchema-instance"><con:interface>FourthWayDebtServiceHTTPBinding</con:interface><con:operation>fiscalDebtNotification</con:operation><con:request name="testcase3 - Test - Worker1 - Request" id="1f9edf8d-1c06-47cf-9f43-69a496b95369" outgoingWss="Outflow TEST"><con:settings/><con:encoding>UTF-8</con:encoding><con:endpoint>https://192.168.24.45:8443/services/FourthWayDebtService_v1.0</con:endpoint><con:request><![CDATA[<soapenv:Envelope xmlns:soapenv="http://schemas.xmlsoap.org/soap/envelope/" xmlns:v1="http://fidus.brussels/service/fourthwaydebtservice/messages/v1" xmlns:v11="http://fidus.brussels/type/common/messages/v1" xmlns:deb="http://fsb.belgium.be/FourthWayServices/debtnotification" xmlns:gen="http://fsb.belgium.be/FourthWayServices/generalcaseinformation" xmlns:dat="http://fsb.belgium.be/FourthWayServices/common/datatypes" xmlns:ins="http://fsb.belgium.be/FourthWayServices/institution" xmlns:add="http://fsb.belgium.be/FourthWayServices/common/addressinformation" xmlns:con="http://fsb.belgium.be/FourthWayServices/contact" xmlns:deb1="http://fsb.belgium.be/FourthWayServices/debtparty" xmlns:par="http://fsb.belgium.be/FourthWayServices/party" xmlns:debt="http://fsb.belgium.be/FourthWayServices/debt" xmlns:leg="http://fsb.belgium.be/FourthWayServices/legalbase" xmlns:tec="http://fsb.belgium.be/FourthWayServices/technical" xmlns:xd="http://www.w3.org/2000/09/xmldsig#">
   <soapenv:Header/>
   <soapenv:Body>
      <v1:fiscalDebtNotificationRequest>
         <v1:messageContext>
         	  <v11:messageId>${=import static java.util.UUID.randomUUID; uuid = randomUUID() as String}</v11:messageId>
            <v11:timestamp>${=new java.text.SimpleDateFormat("yyyy-MM-dd'T'HH:mm:ss.SSS").format(new Date())}</v11:timestamp>
         </v1:messageContext>
         <v1:legalContext>ServiceIntegrator</v1:legalContext>      
         <v1:request>
 		<ns46:debtNotification Id="SignMe" xmlns:ns50="http://be.belgium.fsb/fourthWayService/Debt" xmlns="http://fsb.belgium.be/FourthWayServices/common/addressinformation" xmlns:ns10="http://fsb.belgium.be/FourthWayServices/shipinformation" xmlns:ns11="http://fsb.belgium.be/FourthWayServices/selfemployed" xmlns:ns12="http://fsb.belgium.be/FourthWayServices/institution" xmlns:ns13="http://fsb.belgium.be/FourthWayServices/enterprise" xmlns:ns14="http://fsb.belgium.be/FourthWayServices/honorbaseddeclarations" xmlns:ns15="http://fsb.belgium.be/FourthWayServices/unregisteredparty" xmlns:ns16="http://fsb.belgium.be/FourthWayServices/partnerdescription" xmlns:ns17="http://fsb.belgium.be/FourthWayServices/mortgagegoods" xmlns:ns18="http://fsb.belgium.be/FourthWayServices/deficitcaseinformation" xmlns:ns19="http://fsb.belgium.be/FourthWayServices/debtinquiry" xmlns:ns2="http://fsb.belgium.be/FourthWayServices/common/datatypes" xmlns:ns20="http://fsb.belgium.be/FourthWayServices/immovablegoodtransaction" xmlns:ns21="http://fsb.belgium.be/FourthWayServices/movablegoodtransaction" xmlns:ns22="http://fsb.belgium.be/FourthWayServices/inheritanceinformation" xmlns:ns23="http://fsb.belgium.be/FourthWayServices/successiontransaction" xmlns:ns24="http://fsb.belgium.be/FourthWayServices/fourthwaymessage" xmlns:ns25="http://fsb.belgium.be/FourthWayServices/generalcaseinformation" xmlns:ns26="http://www.w3.org/2000/09/xmldsig#" xmlns:ns27="http://fsb.belgium.be/FourthWayServices/technical" xmlns:ns28="http://fsb.belgium.be/FourthWayServices/acknowledgementinformation" xmlns:ns29="http://fsb.belgium.be/FourthWayServices/error" xmlns:ns3="http://fsb.belgium.be/FourthWayServices/salesinformation" xmlns:ns30="http://fsb.belgium.be/FourthWayServices/businesserror" xmlns:ns31="http://fsb.belgium.be/FourthWayServices/fiscaldebtdetails" xmlns:ns32="http://fsb.belgium.be/FourthWayServices/officialproclamation" xmlns:ns33="http://fsb.belgium.be/FourthWayServices/beneficiary" xmlns:ns34="http://fsb.belgium.be/FourthWayServices/common/bankaccount" xmlns:ns35="http://fsb.belgium.be/FourthWayServices/debtdetailedinformation" xmlns:ns36="http://fsb.belgium.be/FourthWayServices/debtsolidarity" xmlns:ns37="http://fsb.belgium.be/FourthWayServices/fiscaldebt" xmlns:ns38="http://fsb.belgium.be/FourthWayServices/socialdebtdetails" xmlns:ns39="http://fsb.belgium.be/FourthWayServices/debtinformation" xmlns:ns4="http://fsb.belgium.be/FourthWayServices/gooddescription" xmlns:ns40="http://fsb.belgium.be/FourthWayServices/socialdebt" xmlns:ns41="http://fsb.belgium.be/FourthWayServices/fiscalregionflandersdebtdetails" xmlns:ns42="http://fsb.belgium.be/FourthWayServices/fiscalregionflandersdebt" xmlns:ns43="http://fsb.belgium.be/FourthWayServices/debt" xmlns:ns44="http://fsb.belgium.be/FourthWayServices/debtparty" xmlns:ns45="http://fsb.belgium.be/FourthWayServices/legalbase" xmlns:ns46="http://fsb.belgium.be/FourthWayServices/debtnotification" xmlns:ns47="http://fsb.belgium.be/FourthWayServices/debtdeficitnotification" xmlns:ns48="http://fsb.belgium.be/FourthWayServices/header" xmlns:ns49="http://fsb.belgium.be/header" xmlns:ns5="http://fsb.belgium.be/FourthWayServices/party" xmlns:ns51="http://fsb.belgium.be/FourthWayServices/technicalack" xmlns:ns52="http://fsb.belgium.be/FourthWayServices/functionalack" xmlns:ns6="http://fsb.belgium.be/FourthWayServices/naturalperson" xmlns:ns7="http://fsb.belgium.be/FourthWayServices/nonresident" xmlns:ns8="http://fsb.belgium.be/FourthWayServices/contact" xmlns:ns9="http://fsb.belgium.be/FourthWayServices/propertyinformation">
            <ns25:generalCaseInformation>
               <ns25:administrativeInformation>
                  <ns25:language>FR</ns25:language>
                  <ns25:caseNumber>2444080.210115.0167</ns25:caseNumber>
                  <ns25:transactionType>3</ns25:transactionType>
                  <ns25:procedureNumber>ENOT4000000419570</ns25:procedureNumber>
                  <ns25:replacedProcedureNumber xsi:nil="true" xmlns:xsi="http://www.w3.org/2001/XMLSchema-instance"/>
                  <ns25:requestDate>2015-01-21T14:50:02.446+01:00</ns25:requestDate>
                  <ns25:origin>
                     <ns2:origin>
                        <ns2:partner>FPS Finance</ns2:partner>
                        <ns2:partnerCode codeType="KBO">0308357159</ns2:partnerCode>
                     </ns2:origin>
                  </ns25:origin>
                  <ns25:destinations>
                     <ns2:destination>
                        <ns2:partner>FRNB</ns2:partner>
                        <ns2:partnerCode codeType="KBO">0409357321</ns2:partnerCode>
                     </ns2:destination>
                  </ns25:destinations>
                  <ns25:requestorInformation>
                     <ns12:institution>
                        <ns12:institutionType>Federal</ns12:institutionType>
                        <ns12:institutionName>Huy</ns12:institutionName>
                        <ns12:institutionIdentificationNumber type="CDDB">600904</ns12:institutionIdentificationNumber>
                        <address>
                           <location>
                              <country>
                                 <countryCode codeStandard="ISO">BE</countryCode>
                              </country>
                              <postalCode>4500</postalCode>
                           </location>
                           <street>Avenue Albert 1er</street>
                           <houseNumber>8/10</houseNumber>
                        </address>
                        <ns12:contactInformation>
                           <ns8:phoneNumber type="phone">025783660</ns8:phoneNumber>
                           <ns8:emailAddress type="email">rec.cd.huy@minfin.fed.be</ns8:emailAddress>
                        </ns12:contactInformation>
                     </ns12:institution>
                     <ns25:responsiblePerson>
                        <ns2:name>
                           <ns2:firstName>Testuser</ns2:firstName>
                           <ns2:lastName>testuser.enotrec01</ns2:lastName>
                        </ns2:name>
                        <ns8:contactInformation/>
                     </ns25:responsiblePerson>
                     <ns25:contactPerson>
                        <ns2:name>
                           <ns2:firstName>Testuser</ns2:firstName>
                           <ns2:lastName>EnotRec01</ns2:lastName>
                        </ns2:name>
                        <ns8:contactInformation>
                           <ns8:emailAddress type="email">testuser.enotrec01@guest.minfin.fed.be</ns8:emailAddress>
                        </ns8:contactInformation>
                     </ns25:contactPerson>
                  </ns25:requestorInformation>
               </ns25:administrativeInformation>
            </ns25:generalCaseInformation>
            <ns44:debtParty>
               <ns5:party partyID="005">
                  <ns5:residentialParty>false</ns5:residentialParty>
                  <ns6:naturalPerson>
                     <ns2:entityReference>
                        <ns2:source>notice1</ns2:source>
                        <ns2:entityID type="nationalNumber">68082123438</ns2:entityID>
                     </ns2:entityReference>
                     <ns6:personInformation>
                        <ns2:name>
                           <ns2:firstName>Yolande Adrienne</ns2:firstName>
                           <ns2:lastName>BUITER</ns2:lastName>
                        </ns2:name>
                        <address>
                           <location>
                              <country>
                                 <countryDescription>Belgium</countryDescription>
                                 <countryCode codeStandard="ISO">BE</countryCode>
                              </country>
                              <municipalityDescription>Verlaine</municipalityDescription>
                              <postalCode>4537</postalCode>
                           </location>
                           <street>Rue aux Raines</street>
                           <houseNumber>53</houseNumber>
                        </address>
                     </ns6:personInformation>
                  </ns6:naturalPerson>
               </ns5:party>
               <ns43:debt debtID="1">
                  <ns37:fiscaldebt>
                     <ns31:fiscalDebtDetails>
                        <ns31:debtType>VAT</ns31:debtType>
                        <ns31:declarations>
                           <ns31:negligenceClause>
                              <ns31:additionalIntrest>0</ns31:additionalIntrest>
                              <ns31:additionalIntrestFromDate>2015-01-21+01:00</ns31:additionalIntrestFromDate>
                           </ns31:negligenceClause>
                        </ns31:declarations>
                        <ns2:referencePeriod>
                           <ns2:startDate>2015-01-06+01:00</ns2:startDate>
                           <ns2:endDate>2015-01-13+01:00</ns2:endDate>
                        </ns2:referencePeriod>
                        <ns31:totalDebt>45</ns31:totalDebt>
                        <ns31:debtBreakdown>
                           <ns31:debtSubType>VAT</ns31:debtSubType>
                           <ns31:debtSubAmount>45</ns31:debtSubAmount>
                        </ns31:debtBreakdown>
                        <ns31:debtBreakdown>
                           <ns31:debtSubType>IM</ns31:debtSubType>
                           <ns31:debtSubAmount>0</ns31:debtSubAmount>
                        </ns31:debtBreakdown>
                        <ns31:debtBreakdown>
                           <ns31:debtSubType>INTEREST</ns31:debtSubType>
                           <ns31:debtSubAmount>0</ns31:debtSubAmount>
                        </ns31:debtBreakdown>
                        <ns31:debtBreakdown>
                           <ns31:debtSubType>FINES</ns31:debtSubType>
                           <ns31:debtSubAmount>0</ns31:debtSubAmount>
                        </ns31:debtBreakdown>
                        <ns31:debtBreakdown>
                           <ns31:debtSubType>COST</ns31:debtSubType>
                           <ns31:debtSubAmount>0</ns31:debtSubAmount>
                        </ns31:debtBreakdown>
                     </ns31:fiscalDebtDetails>
                     <ns32:officialProclamation/>
                     <ns33:beneficiary>
                        <ns33:beneficiaryName>CTRI Namur</ns33:beneficiaryName>
                        <ns33:structuredMessage>N99998745412NOT/</ns33:structuredMessage>
                        <ns33:amount>45</ns33:amount>
                        <ns34:bankAccount>
                           <ns34:ibanNumber>BE42 6792 0034 9254</ns34:ibanNumber>
                           <ns34:bicCode>PCHQBEBB</ns34:bicCode>
                           <ns34:accountName>CTRI Namur</ns34:accountName>
                           <address>
                              <location>
                                 <country>
                                    <countryCode codeStandard="ISO">BE</countryCode>
                                 </country>
                                 <municipalityDescription language="fr">Namur</municipalityDescription>
                                 <postalCode>5000</postalCode>
                              </location>
                              <street>Rue des Bourgeois</street>
                              <houseNumber>7/Bloc B</houseNumber>
                           </address>
                        </ns34:bankAccount>
                     </ns33:beneficiary>
                     <ns35:debtDetailedInformation>
                        <ns35:calculationDate>2015-01-21+01:00</ns35:calculationDate>
                        <ns35:referentialNumber>999998745412</ns35:referentialNumber>
                     </ns35:debtDetailedInformation>
                  </ns37:fiscaldebt>
               </ns43:debt>
               <ns44:totalDebtAmount>45</ns44:totalDebtAmount>
            </ns44:debtParty>
            <ns45:legalBase>
               <ns45:legalSource>Code de la taxe sur la valeur ajout��e</ns45:legalSource>
               <ns45:legalBaseIdentifier>Article 93quater</ns45:legalBaseIdentifier>
            </ns45:legalBase>
            <ns27:technical>
               <ns26:Signature>
                  <ns26:SignedInfo>
                     <ns26:CanonicalizationMethod Algorithm="http://www.w3.org/TR/2001/REC-xml-c14n-20010315"/>
                     <ns26:SignatureMethod Algorithm="http://www.w3.org/2000/09/xmldsig#rsa-sha1"/>
                     <ns26:Reference URI="#signMe">
                        <ns26:DigestMethod Algorithm="http://www.w3.org/2000/09/xmldsig#sha1"/>
                        <ns26:DigestValue>CbUOX9jTy0uYSCKDVQl6peUatJ8=</ns26:DigestValue>
                     </ns26:Reference>
                  </ns26:SignedInfo>
                  <ns26:SignatureValue>WBXEECQtMTWGGq5EGO+5kyVw1kJefLsfHVA/5eYB6pZ3GOZ7LOLc/jAhKbqxeV3qdWiMGx3VzgvdF4ZaMB2HS1fLmnOmNDXHhrrqYQJ51LGDvex39k7/xAJAmuub7MDtfAu08WBTVpmQ5khGL9ZrYOXr5RoG70BrlWNr+37FekM=</ns26:SignatureValue>
                  <ns26:KeyInfo>
                     <ns26:X509Data>
                        <ns26:X509SubjectName>ST=Brussels,L=Brussels,OU=Belgian Federal Government,O=Federal Public Service Finances,CN=Test SPF Finances - FOD Financien,C=BE</ns26:X509SubjectName>
                        <ns26:X509Certificate>MIIDKzCCApSgAwIBAgIJAIkxAL2MG081MA0GCSqGSIb3DQEBBQUAMIGuMQswCQYDVQQGEwJCRTEqMCgGA1UEAxMhVGVzdCBTUEYgRmluYW5jZXMgLSBGT0QgRmluYW5jaWVuMSgwJgYDVQQKEx9GZWRlcmFsIFB1YmxpYyBTZXJ2aWNlIEZpbmFuY2VzMSMwIQYDVQQLExpCZWxnaWFuIEZlZGVyYWwgR292ZXJubWVudDERMA8GA1UEBxMIQnJ1c3NlbHMxETAPBgNVBAgTCEJydXNzZWxzMB4XDTA4MDUwNjA4MDcyMFoXDTE4MDUwNzA4MDcyMFowga4xCzAJBgNVBAYTAkJFMSowKAYDVQQDEyFUZXN0IFNQRiBGaW5hbmNlcyAtIEZPRCBGaW5hbmNpZW4xKDAmBgNVBAoTH0ZlZGVyYWwgUHVibGljIFNlcnZpY2UgRmluYW5jZXMxIzAhBgNVBAsTGkJlbGdpYW4gRmVkZXJhbCBHb3Zlcm5tZW50MREwDwYDVQQHEwhCcnVzc2VsczERMA8GA1UECBMIQnJ1c3NlbHMwgZ8wDQYJKoZIhvcNAQEBBQADgY0AMIGJAoGBAJ8T/80iF50FvothkWOZDsZUPKM52fxhNdKMT+E/lODqejyJ2iQkjEuW5yJKo0lXNj+Gxwfl99bD16IJMagbrxBnJPwR7SeS3JQ0IaLkOorOoeZkZLFoFMSfZWT9uCf6Qf/uNMQtRnX2351P1OF3cld68uFGUNS8U93OqxS9R/ZvAgMBAAGjTzBNMAwGA1UdEwQFMAMBAf8wCwYDVR0PBAQDAgTwMB0GA1UdJQQWMBQGCCsGAQUFBwMCBggrBgEFBQcDBDARBglghkgBhvhCAQEEBAMCBLAwDQYJKoZIhvcNAQEFBQADgYEATnEO8juTdcZtwzvl5EHnZ9+6cEM9rsWuQtq43UXw4RqveHWUE+Cn2ElMPiyuxLLzkzQTbcDYxI9FgVAXFEmqPf7Jii2PpHIlo8yHWCWMuPP0OykMF6YuCtyutKJBbGuTT36gNVAUEPeD34fzB5pgy2aG5wQTQctRdDz07CVM3cI=</ns26:X509Certificate>
                     </ns26:X509Data>
                  </ns26:KeyInfo>
               </ns26:Signature>
            </ns27:technical>
         </ns46:debtNotification>
         </v1:request>
      </v1:fiscalDebtNotificationRequest>
   </soapenv:Body>
</soapenv:Envelope>]]></con:request><con:assertion type="SOAP Fault Assertion" id="0ab8e034-5d57-4fac-8d30-0ecff8cba6ad" name="Not SOAP Fault"/><con:assertion type="SOAP Response" id="cec00f5f-aef5-4b3c-b6cc-3cc1ef5c7db5" name="SOAP Response"/><con:assertion type="Schema Compliance" id="d161d7ad-0090-4667-bc0a-fc4e0bfdecc0" name="Schema Compliance"><con:configuration/></con:assertion><con:wsaConfig action="http://fidus.brussels/services/fourthwaydebtservice/fiscalDebtNotification"/></con:request></con:config></con:testStep><con:testStep type="request" id="246bd3b8-7451-4a8a-986d-ac70c68ef8dd" name="testcase3 - Test - Worker2 - Request"><con:settings/><con:config xsi:type="con:RequestStep" xmlns:xsi="http://www.w3.org/2001/XMLSchema-instance"><con:interface>FourthWayDebtServiceHTTPBinding</con:interface><con:operation>fiscalDebtNotification</con:operation><con:request name="testcase3 - Test - Worker2 - Request" id="a7b37b99-d3a4-4903-908d-93997051cbd8" outgoingWss="Outflow TEST"><con:settings/><con:encoding>UTF-8</con:encoding><con:endpoint>https://192.168.24.51:8443/services/FourthWayDebtService_v1.0</con:endpoint><con:request><![CDATA[<soapenv:Envelope xmlns:soapenv="http://schemas.xmlsoap.org/soap/envelope/" xmlns:v1="http://fidus.brussels/service/fourthwaydebtservice/messages/v1" xmlns:v11="http://fidus.brussels/type/common/messages/v1" xmlns:deb="http://fsb.belgium.be/FourthWayServices/debtnotification" xmlns:gen="http://fsb.belgium.be/FourthWayServices/generalcaseinformation" xmlns:dat="http://fsb.belgium.be/FourthWayServices/common/datatypes" xmlns:ins="http://fsb.belgium.be/FourthWayServices/institution" xmlns:add="http://fsb.belgium.be/FourthWayServices/common/addressinformation" xmlns:con="http://fsb.belgium.be/FourthWayServices/contact" xmlns:deb1="http://fsb.belgium.be/FourthWayServices/debtparty" xmlns:par="http://fsb.belgium.be/FourthWayServices/party" xmlns:debt="http://fsb.belgium.be/FourthWayServices/debt" xmlns:leg="http://fsb.belgium.be/FourthWayServices/legalbase" xmlns:tec="http://fsb.belgium.be/FourthWayServices/technical" xmlns:xd="http://www.w3.org/2000/09/xmldsig#">
   <soapenv:Header/>
   <soapenv:Body>
      <v1:fiscalDebtNotificationRequest>
         <v1:messageContext>
         	  <v11:messageId>${=import static java.util.UUID.randomUUID; uuid = randomUUID() as String}</v11:messageId>
            <v11:timestamp>${=new java.text.SimpleDateFormat("yyyy-MM-dd'T'HH:mm:ss.SSS").format(new Date())}</v11:timestamp>
         </v1:messageContext>
         <v1:legalContext>ServiceIntegrator</v1:legalContext>      
         <v1:request>
 		<ns46:debtNotification Id="SignMe" xmlns:ns50="http://be.belgium.fsb/fourthWayService/Debt" xmlns="http://fsb.belgium.be/FourthWayServices/common/addressinformation" xmlns:ns10="http://fsb.belgium.be/FourthWayServices/shipinformation" xmlns:ns11="http://fsb.belgium.be/FourthWayServices/selfemployed" xmlns:ns12="http://fsb.belgium.be/FourthWayServices/institution" xmlns:ns13="http://fsb.belgium.be/FourthWayServices/enterprise" xmlns:ns14="http://fsb.belgium.be/FourthWayServices/honorbaseddeclarations" xmlns:ns15="http://fsb.belgium.be/FourthWayServices/unregisteredparty" xmlns:ns16="http://fsb.belgium.be/FourthWayServices/partnerdescription" xmlns:ns17="http://fsb.belgium.be/FourthWayServices/mortgagegoods" xmlns:ns18="http://fsb.belgium.be/FourthWayServices/deficitcaseinformation" xmlns:ns19="http://fsb.belgium.be/FourthWayServices/debtinquiry" xmlns:ns2="http://fsb.belgium.be/FourthWayServices/common/datatypes" xmlns:ns20="http://fsb.belgium.be/FourthWayServices/immovablegoodtransaction" xmlns:ns21="http://fsb.belgium.be/FourthWayServices/movablegoodtransaction" xmlns:ns22="http://fsb.belgium.be/FourthWayServices/inheritanceinformation" xmlns:ns23="http://fsb.belgium.be/FourthWayServices/successiontransaction" xmlns:ns24="http://fsb.belgium.be/FourthWayServices/fourthwaymessage" xmlns:ns25="http://fsb.belgium.be/FourthWayServices/generalcaseinformation" xmlns:ns26="http://www.w3.org/2000/09/xmldsig#" xmlns:ns27="http://fsb.belgium.be/FourthWayServices/technical" xmlns:ns28="http://fsb.belgium.be/FourthWayServices/acknowledgementinformation" xmlns:ns29="http://fsb.belgium.be/FourthWayServices/error" xmlns:ns3="http://fsb.belgium.be/FourthWayServices/salesinformation" xmlns:ns30="http://fsb.belgium.be/FourthWayServices/businesserror" xmlns:ns31="http://fsb.belgium.be/FourthWayServices/fiscaldebtdetails" xmlns:ns32="http://fsb.belgium.be/FourthWayServices/officialproclamation" xmlns:ns33="http://fsb.belgium.be/FourthWayServices/beneficiary" xmlns:ns34="http://fsb.belgium.be/FourthWayServices/common/bankaccount" xmlns:ns35="http://fsb.belgium.be/FourthWayServices/debtdetailedinformation" xmlns:ns36="http://fsb.belgium.be/FourthWayServices/debtsolidarity" xmlns:ns37="http://fsb.belgium.be/FourthWayServices/fiscaldebt" xmlns:ns38="http://fsb.belgium.be/FourthWayServices/socialdebtdetails" xmlns:ns39="http://fsb.belgium.be/FourthWayServices/debtinformation" xmlns:ns4="http://fsb.belgium.be/FourthWayServices/gooddescription" xmlns:ns40="http://fsb.belgium.be/FourthWayServices/socialdebt" xmlns:ns41="http://fsb.belgium.be/FourthWayServices/fiscalregionflandersdebtdetails" xmlns:ns42="http://fsb.belgium.be/FourthWayServices/fiscalregionflandersdebt" xmlns:ns43="http://fsb.belgium.be/FourthWayServices/debt" xmlns:ns44="http://fsb.belgium.be/FourthWayServices/debtparty" xmlns:ns45="http://fsb.belgium.be/FourthWayServices/legalbase" xmlns:ns46="http://fsb.belgium.be/FourthWayServices/debtnotification" xmlns:ns47="http://fsb.belgium.be/FourthWayServices/debtdeficitnotification" xmlns:ns48="http://fsb.belgium.be/FourthWayServices/header" xmlns:ns49="http://fsb.belgium.be/header" xmlns:ns5="http://fsb.belgium.be/FourthWayServices/party" xmlns:ns51="http://fsb.belgium.be/FourthWayServices/technicalack" xmlns:ns52="http://fsb.belgium.be/FourthWayServices/functionalack" xmlns:ns6="http://fsb.belgium.be/FourthWayServices/naturalperson" xmlns:ns7="http://fsb.belgium.be/FourthWayServices/nonresident" xmlns:ns8="http://fsb.belgium.be/FourthWayServices/contact" xmlns:ns9="http://fsb.belgium.be/FourthWayServices/propertyinformation">
            <ns25:generalCaseInformation>
               <ns25:administrativeInformation>
                  <ns25:language>FR</ns25:language>
                  <ns25:caseNumber>2444080.210115.0167</ns25:caseNumber>
                  <ns25:transactionType>3</ns25:transactionType>
                  <ns25:procedureNumber>ENOT4000000419570</ns25:procedureNumber>
                  <ns25:replacedProcedureNumber xsi:nil="true" xmlns:xsi="http://www.w3.org/2001/XMLSchema-instance"/>
                  <ns25:requestDate>2015-01-21T14:50:02.446+01:00</ns25:requestDate>
                  <ns25:origin>
                     <ns2:origin>
                        <ns2:partner>FPS Finance</ns2:partner>
                        <ns2:partnerCode codeType="KBO">0308357159</ns2:partnerCode>
                     </ns2:origin>
                  </ns25:origin>
                  <ns25:destinations>
                     <ns2:destination>
                        <ns2:partner>FRNB</ns2:partner>
                        <ns2:partnerCode codeType="KBO">0409357321</ns2:partnerCode>
                     </ns2:destination>
                  </ns25:destinations>
                  <ns25:requestorInformation>
                     <ns12:institution>
                        <ns12:institutionType>Federal</ns12:institutionType>
                        <ns12:institutionName>Huy</ns12:institutionName>
                        <ns12:institutionIdentificationNumber type="CDDB">600904</ns12:institutionIdentificationNumber>
                        <address>
                           <location>
                              <country>
                                 <countryCode codeStandard="ISO">BE</countryCode>
                              </country>
                              <postalCode>4500</postalCode>
                           </location>
                           <street>Avenue Albert 1er</street>
                           <houseNumber>8/10</houseNumber>
                        </address>
                        <ns12:contactInformation>
                           <ns8:phoneNumber type="phone">025783660</ns8:phoneNumber>
                           <ns8:emailAddress type="email">rec.cd.huy@minfin.fed.be</ns8:emailAddress>
                        </ns12:contactInformation>
                     </ns12:institution>
                     <ns25:responsiblePerson>
                        <ns2:name>
                           <ns2:firstName>Testuser</ns2:firstName>
                           <ns2:lastName>testuser.enotrec01</ns2:lastName>
                        </ns2:name>
                        <ns8:contactInformation/>
                     </ns25:responsiblePerson>
                     <ns25:contactPerson>
                        <ns2:name>
                           <ns2:firstName>Testuser</ns2:firstName>
                           <ns2:lastName>EnotRec01</ns2:lastName>
                        </ns2:name>
                        <ns8:contactInformation>
                           <ns8:emailAddress type="email">testuser.enotrec01@guest.minfin.fed.be</ns8:emailAddress>
                        </ns8:contactInformation>
                     </ns25:contactPerson>
                  </ns25:requestorInformation>
               </ns25:administrativeInformation>
            </ns25:generalCaseInformation>
            <ns44:debtParty>
               <ns5:party partyID="005">
                  <ns5:residentialParty>false</ns5:residentialParty>
                  <ns6:naturalPerson>
                     <ns2:entityReference>
                        <ns2:source>notice1</ns2:source>
                        <ns2:entityID type="nationalNumber">68082123438</ns2:entityID>
                     </ns2:entityReference>
                     <ns6:personInformation>
                        <ns2:name>
                           <ns2:firstName>Yolande Adrienne</ns2:firstName>
                           <ns2:lastName>BUITER</ns2:lastName>
                        </ns2:name>
                        <address>
                           <location>
                              <country>
                                 <countryDescription>Belgium</countryDescription>
                                 <countryCode codeStandard="ISO">BE</countryCode>
                              </country>
                              <municipalityDescription>Verlaine</municipalityDescription>
                              <postalCode>4537</postalCode>
                           </location>
                           <street>Rue aux Raines</street>
                           <houseNumber>53</houseNumber>
                        </address>
                     </ns6:personInformation>
                  </ns6:naturalPerson>
               </ns5:party>
               <ns43:debt debtID="1">
                  <ns37:fiscaldebt>
                     <ns31:fiscalDebtDetails>
                        <ns31:debtType>VAT</ns31:debtType>
                        <ns31:declarations>
                           <ns31:negligenceClause>
                              <ns31:additionalIntrest>0</ns31:additionalIntrest>
                              <ns31:additionalIntrestFromDate>2015-01-21+01:00</ns31:additionalIntrestFromDate>
                           </ns31:negligenceClause>
                        </ns31:declarations>
                        <ns2:referencePeriod>
                           <ns2:startDate>2015-01-06+01:00</ns2:startDate>
                           <ns2:endDate>2015-01-13+01:00</ns2:endDate>
                        </ns2:referencePeriod>
                        <ns31:totalDebt>45</ns31:totalDebt>
                        <ns31:debtBreakdown>
                           <ns31:debtSubType>VAT</ns31:debtSubType>
                           <ns31:debtSubAmount>45</ns31:debtSubAmount>
                        </ns31:debtBreakdown>
                        <ns31:debtBreakdown>
                           <ns31:debtSubType>IM</ns31:debtSubType>
                           <ns31:debtSubAmount>0</ns31:debtSubAmount>
                        </ns31:debtBreakdown>
                        <ns31:debtBreakdown>
                           <ns31:debtSubType>INTEREST</ns31:debtSubType>
                           <ns31:debtSubAmount>0</ns31:debtSubAmount>
                        </ns31:debtBreakdown>
                        <ns31:debtBreakdown>
                           <ns31:debtSubType>FINES</ns31:debtSubType>
                           <ns31:debtSubAmount>0</ns31:debtSubAmount>
                        </ns31:debtBreakdown>
                        <ns31:debtBreakdown>
                           <ns31:debtSubType>COST</ns31:debtSubType>
                           <ns31:debtSubAmount>0</ns31:debtSubAmount>
                        </ns31:debtBreakdown>
                     </ns31:fiscalDebtDetails>
                     <ns32:officialProclamation/>
                     <ns33:beneficiary>
                        <ns33:beneficiaryName>CTRI Namur</ns33:beneficiaryName>
                        <ns33:structuredMessage>N99998745412NOT/</ns33:structuredMessage>
                        <ns33:amount>45</ns33:amount>
                        <ns34:bankAccount>
                           <ns34:ibanNumber>BE42 6792 0034 9254</ns34:ibanNumber>
                           <ns34:bicCode>PCHQBEBB</ns34:bicCode>
                           <ns34:accountName>CTRI Namur</ns34:accountName>
                           <address>
                              <location>
                                 <country>
                                    <countryCode codeStandard="ISO">BE</countryCode>
                                 </country>
                                 <municipalityDescription language="fr">Namur</municipalityDescription>
                                 <postalCode>5000</postalCode>
                              </location>
                              <street>Rue des Bourgeois</street>
                              <houseNumber>7/Bloc B</houseNumber>
                           </address>
                        </ns34:bankAccount>
                     </ns33:beneficiary>
                     <ns35:debtDetailedInformation>
                        <ns35:calculationDate>2015-01-21+01:00</ns35:calculationDate>
                        <ns35:referentialNumber>999998745412</ns35:referentialNumber>
                     </ns35:debtDetailedInformation>
                  </ns37:fiscaldebt>
               </ns43:debt>
               <ns44:totalDebtAmount>45</ns44:totalDebtAmount>
            </ns44:debtParty>
            <ns45:legalBase>
               <ns45:legalSource>Code de la taxe sur la valeur ajout��e</ns45:legalSource>
               <ns45:legalBaseIdentifier>Article 93quater</ns45:legalBaseIdentifier>
            </ns45:legalBase>
            <ns27:technical>
               <ns26:Signature>
                  <ns26:SignedInfo>
                     <ns26:CanonicalizationMethod Algorithm="http://www.w3.org/TR/2001/REC-xml-c14n-20010315"/>
                     <ns26:SignatureMethod Algorithm="http://www.w3.org/2000/09/xmldsig#rsa-sha1"/>
                     <ns26:Reference URI="#signMe">
                        <ns26:DigestMethod Algorithm="http://www.w3.org/2000/09/xmldsig#sha1"/>
                        <ns26:DigestValue>CbUOX9jTy0uYSCKDVQl6peUatJ8=</ns26:DigestValue>
                     </ns26:Reference>
                  </ns26:SignedInfo>
                  <ns26:SignatureValue>WBXEECQtMTWGGq5EGO+5kyVw1kJefLsfHVA/5eYB6pZ3GOZ7LOLc/jAhKbqxeV3qdWiMGx3VzgvdF4ZaMB2HS1fLmnOmNDXHhrrqYQJ51LGDvex39k7/xAJAmuub7MDtfAu08WBTVpmQ5khGL9ZrYOXr5RoG70BrlWNr+37FekM=</ns26:SignatureValue>
                  <ns26:KeyInfo>
                     <ns26:X509Data>
                        <ns26:X509SubjectName>ST=Brussels,L=Brussels,OU=Belgian Federal Government,O=Federal Public Service Finances,CN=Test SPF Finances - FOD Financien,C=BE</ns26:X509SubjectName>
                        <ns26:X509Certificate>MIIDKzCCApSgAwIBAgIJAIkxAL2MG081MA0GCSqGSIb3DQEBBQUAMIGuMQswCQYDVQQGEwJCRTEqMCgGA1UEAxMhVGVzdCBTUEYgRmluYW5jZXMgLSBGT0QgRmluYW5jaWVuMSgwJgYDVQQKEx9GZWRlcmFsIFB1YmxpYyBTZXJ2aWNlIEZpbmFuY2VzMSMwIQYDVQQLExpCZWxnaWFuIEZlZGVyYWwgR292ZXJubWVudDERMA8GA1UEBxMIQnJ1c3NlbHMxETAPBgNVBAgTCEJydXNzZWxzMB4XDTA4MDUwNjA4MDcyMFoXDTE4MDUwNzA4MDcyMFowga4xCzAJBgNVBAYTAkJFMSowKAYDVQQDEyFUZXN0IFNQRiBGaW5hbmNlcyAtIEZPRCBGaW5hbmNpZW4xKDAmBgNVBAoTH0ZlZGVyYWwgUHVibGljIFNlcnZpY2UgRmluYW5jZXMxIzAhBgNVBAsTGkJlbGdpYW4gRmVkZXJhbCBHb3Zlcm5tZW50MREwDwYDVQQHEwhCcnVzc2VsczERMA8GA1UECBMIQnJ1c3NlbHMwgZ8wDQYJKoZIhvcNAQEBBQADgY0AMIGJAoGBAJ8T/80iF50FvothkWOZDsZUPKM52fxhNdKMT+E/lODqejyJ2iQkjEuW5yJKo0lXNj+Gxwfl99bD16IJMagbrxBnJPwR7SeS3JQ0IaLkOorOoeZkZLFoFMSfZWT9uCf6Qf/uNMQtRnX2351P1OF3cld68uFGUNS8U93OqxS9R/ZvAgMBAAGjTzBNMAwGA1UdEwQFMAMBAf8wCwYDVR0PBAQDAgTwMB0GA1UdJQQWMBQGCCsGAQUFBwMCBggrBgEFBQcDBDARBglghkgBhvhCAQEEBAMCBLAwDQYJKoZIhvcNAQEFBQADgYEATnEO8juTdcZtwzvl5EHnZ9+6cEM9rsWuQtq43UXw4RqveHWUE+Cn2ElMPiyuxLLzkzQTbcDYxI9FgVAXFEmqPf7Jii2PpHIlo8yHWCWMuPP0OykMF6YuCtyutKJBbGuTT36gNVAUEPeD34fzB5pgy2aG5wQTQctRdDz07CVM3cI=</ns26:X509Certificate>
                     </ns26:X509Data>
                  </ns26:KeyInfo>
               </ns26:Signature>
            </ns27:technical>
         </ns46:debtNotification>
         </v1:request>
      </v1:fiscalDebtNotificationRequest>
   </soapenv:Body>
</soapenv:Envelope>]]></con:request><con:assertion type="SOAP Fault Assertion" id="10ced583-340d-4a24-9b5f-e7ae43fb7a92" name="Not SOAP Fault"/><con:assertion type="SOAP Response" id="176defdf-36e0-466d-9234-9ca38ac2157f" name="SOAP Response"/><con:assertion type="Schema Compliance" id="4539e654-41d3-4164-bfb8-5087ab0def4e" name="Schema Compliance"><con:configuration/></con:assertion><con:wsaConfig action="http://fidus.brussels/services/fourthwaydebtservice/fiscalDebtNotification"/></con:request></con:config></con:testStep><con:properties/></con:testCase><con:testCase id="64dfe18a-f81a-4a34-8b29-e423e8716dbb" failOnError="true" failTestCaseOnErrors="true" keepSession="false" maxResults="0" name="functionalAck" searchProperties="true"><con:settings/><con:testStep type="request" id="2a277537-634b-4fc2-8452-645e2bde6274" name="testcase3 - Test - External - Request"><con:settings/><con:config xsi:type="con:RequestStep" xmlns:xsi="http://www.w3.org/2001/XMLSchema-instance"><con:interface>FourthWayDebtServiceHTTPBinding</con:interface><con:operation>functionalAck</con:operation><con:request name="testcase3 - Test - External - Request" id="f29fc78e-829f-4f5d-8f61-03197dbec7e8" outgoingWss="Outflow TEST"><con:settings/><con:encoding>UTF-8</con:encoding><con:endpoint>https://fidus-test.irisnetlab.be/services/FourthWayDebtService_v1.0</con:endpoint><con:request><![CDATA[<soapenv:Envelope xmlns:soapenv="http://schemas.xmlsoap.org/soap/envelope/" xmlns:v1="http://fidus.brussels/service/fourthwaydebtservice/messages/v1" xmlns:v11="http://fidus.brussels/type/common/messages/v1" xmlns:debt="http://be.belgium.fsb/fourthWayService/Debt" xmlns:fun="http://fsb.belgium.be/FourthWayServices/functionalack" xmlns:ack="http://fsb.belgium.be/FourthWayServices/acknowledgementinformation" xmlns:S="http://schemas.xmlsoap.org/soap/envelope/" xmlns:dat="http://fsb.belgium.be/FourthWayServices/common/datatypes">
   <soapenv:Header/>
   <soapenv:Body>
      <v1:functionalAckRequest>
         <v1:messageContext>
         	  <v11:messageId>${=import static java.util.UUID.randomUUID; uuid = randomUUID() as String}</v11:messageId>
            <v11:timestamp>${=new java.text.SimpleDateFormat("yyyy-MM-dd'T'HH:mm:ss.SSS").format(new Date())}</v11:timestamp>
         </v1:messageContext>      
         <v1:legalContext>ServiceIntegrator</v1:legalContext>
         <v1:request>
           <fun:functionalAcknowledgement>
                <ack:acknowledgementInformation>
                    <dat:procedureID>4d455d8b-b543-453b-acf4-9c63280319aa</dat:procedureID>
                    <ack:acknowledgementDate>2015-04-21T11:55:11.637+01:00</ack:acknowledgementDate>
                    <ack:receiptDate>2015-04-21T15:55:11.637+01:00</ack:receiptDate>
                    <dat:origin>
                        <dat:origin>
                            <dat:partner>FPS Finance</dat:partner>
                            <dat:partnerCode codeType="KBO">0308357159</dat:partnerCode>
                        </dat:origin>
                    </dat:origin>
                    <ack:correlationID>4d455d8b-b543-453b-acf4-9c63280319aa</ack:correlationID>
                    <ack:messageReferenceNumber>ENOT4000000419570</ack:messageReferenceNumber>
                </ack:acknowledgementInformation>
            </fun:functionalAcknowledgement>
         </v1:request>
      </v1:functionalAckRequest>
   </soapenv:Body>
</soapenv:Envelope>]]></con:request><con:assertion type="SOAP Fault Assertion" id="012783df-cff4-4eca-8b7e-ef4307a63ad7" name="Not SOAP Fault"/><con:assertion type="SOAP Response" id="feec37a1-b42c-41e7-bacd-e639f5bbd636" name="SOAP Response"/><con:assertion type="Schema Compliance" id="6a418cae-d379-4d50-8d0b-e644f7ee8267" name="Schema Compliance"><con:configuration/></con:assertion><con:wsaConfig action="http://fidus.brussels/services/fourthwaydebtservice/functionalAck"/></con:request></con:config></con:testStep><con:testStep type="request" id="55e615b1-35aa-43ad-adaf-4782f122d59a" name="testcase3 - Test - LB - Request"><con:settings/><con:config xsi:type="con:RequestStep" xmlns:xsi="http://www.w3.org/2001/XMLSchema-instance"><con:interface>FourthWayDebtServiceHTTPBinding</con:interface><con:operation>functionalAck</con:operation><con:request name="testcase3 - Test - LB - Request" id="f09d16ef-d2a6-491b-854e-f5631e0d246c" outgoingWss="Outflow TEST"><con:settings/><con:encoding>UTF-8</con:encoding><con:endpoint>https://esb-security-gw.sta.srv.cirb.lan:8443/services/FourthWayDebtService_v1.0</con:endpoint><con:request><![CDATA[<soapenv:Envelope xmlns:soapenv="http://schemas.xmlsoap.org/soap/envelope/" xmlns:v1="http://fidus.brussels/service/fourthwaydebtservice/messages/v1" xmlns:v11="http://fidus.brussels/type/common/messages/v1" xmlns:debt="http://be.belgium.fsb/fourthWayService/Debt" xmlns:fun="http://fsb.belgium.be/FourthWayServices/functionalack" xmlns:ack="http://fsb.belgium.be/FourthWayServices/acknowledgementinformation" xmlns:S="http://schemas.xmlsoap.org/soap/envelope/" xmlns:dat="http://fsb.belgium.be/FourthWayServices/common/datatypes">
   <soapenv:Header/>
   <soapenv:Body>
      <v1:functionalAckRequest>
         <v1:messageContext>
         	  <v11:messageId>${=import static java.util.UUID.randomUUID; uuid = randomUUID() as String}</v11:messageId>
            <v11:timestamp>${=new java.text.SimpleDateFormat("yyyy-MM-dd'T'HH:mm:ss.SSS").format(new Date())}</v11:timestamp>
         </v1:messageContext>      
         <v1:legalContext>ServiceIntegrator</v1:legalContext>
         <v1:request>
           <fun:functionalAcknowledgement>
                <ack:acknowledgementInformation>
                    <dat:procedureID>4d455d8b-b543-453b-acf4-9c63280319aa</dat:procedureID>
                    <ack:acknowledgementDate>2015-04-21T11:55:11.637+01:00</ack:acknowledgementDate>
                    <ack:receiptDate>2015-04-21T15:55:11.637+01:00</ack:receiptDate>
                    <dat:origin>
                        <dat:origin>
                            <dat:partner>FPS Finance</dat:partner>
                            <dat:partnerCode codeType="KBO">0308357159</dat:partnerCode>
                        </dat:origin>
                    </dat:origin>
                    <ack:correlationID>4d455d8b-b543-453b-acf4-9c63280319aa</ack:correlationID>
                    <ack:messageReferenceNumber>ENOT4000000419570</ack:messageReferenceNumber>
                </ack:acknowledgementInformation>
            </fun:functionalAcknowledgement>
         </v1:request>
      </v1:functionalAckRequest>
   </soapenv:Body>
</soapenv:Envelope>]]></con:request><con:assertion type="SOAP Fault Assertion" id="d03896b1-7879-453c-bf18-3af083ea320d" name="Not SOAP Fault"/><con:assertion type="SOAP Response" id="fa579bd4-8458-4031-8b91-16ebe2f60aff" name="SOAP Response"/><con:assertion type="Schema Compliance" id="d40965fc-af14-4da8-b418-61d9a4214d74" name="Schema Compliance"><con:configuration/></con:assertion><con:wsaConfig action="http://fidus.brussels/services/fourthwaydebtservice/functionalAck"/></con:request></con:config></con:testStep><con:testStep type="request" id="774791a0-fa3c-4daa-94a9-736a38c36781" name="testcase3 - Test - Worker1 - Request"><con:settings/><con:config xsi:type="con:RequestStep" xmlns:xsi="http://www.w3.org/2001/XMLSchema-instance"><con:interface>FourthWayDebtServiceHTTPBinding</con:interface><con:operation>functionalAck</con:operation><con:request name="testcase3 - Test - Worker1 - Request" id="f081951a-3c1a-49df-b69e-3b829d4e33f5" outgoingWss="Outflow TEST"><con:settings/><con:encoding>UTF-8</con:encoding><con:endpoint>https://192.168.24.45:8443/services/FourthWayDebtService_v1.0</con:endpoint><con:request><![CDATA[<soapenv:Envelope xmlns:soapenv="http://schemas.xmlsoap.org/soap/envelope/" xmlns:v1="http://fidus.brussels/service/fourthwaydebtservice/messages/v1" xmlns:v11="http://fidus.brussels/type/common/messages/v1" xmlns:debt="http://be.belgium.fsb/fourthWayService/Debt" xmlns:fun="http://fsb.belgium.be/FourthWayServices/functionalack" xmlns:ack="http://fsb.belgium.be/FourthWayServices/acknowledgementinformation" xmlns:S="http://schemas.xmlsoap.org/soap/envelope/" xmlns:dat="http://fsb.belgium.be/FourthWayServices/common/datatypes">
   <soapenv:Header/>
   <soapenv:Body>
      <v1:functionalAckRequest>
         <v1:messageContext>
         	  <v11:messageId>${=import static java.util.UUID.randomUUID; uuid = randomUUID() as String}</v11:messageId>
            <v11:timestamp>${=new java.text.SimpleDateFormat("yyyy-MM-dd'T'HH:mm:ss.SSS").format(new Date())}</v11:timestamp>
         </v1:messageContext>      
         <v1:legalContext>ServiceIntegrator</v1:legalContext>
         <v1:request>
           <fun:functionalAcknowledgement>
                <ack:acknowledgementInformation>
                    <dat:procedureID>4d455d8b-b543-453b-acf4-9c63280319aa</dat:procedureID>
                    <ack:acknowledgementDate>2015-04-21T11:55:11.637+01:00</ack:acknowledgementDate>
                    <ack:receiptDate>2015-04-21T15:55:11.637+01:00</ack:receiptDate>
                    <dat:origin>
                        <dat:origin>
                            <dat:partner>FPS Finance</dat:partner>
                            <dat:partnerCode codeType="KBO">0308357159</dat:partnerCode>
                        </dat:origin>
                    </dat:origin>
                    <ack:correlationID>4d455d8b-b543-453b-acf4-9c63280319aa</ack:correlationID>
                    <ack:messageReferenceNumber>ENOT4000000419570</ack:messageReferenceNumber>
                </ack:acknowledgementInformation>
            </fun:functionalAcknowledgement>
         </v1:request>
      </v1:functionalAckRequest>
   </soapenv:Body>
</soapenv:Envelope>]]></con:request><con:assertion type="SOAP Fault Assertion" id="4619a833-bcaa-418a-bb7b-6a0bbcbac571" name="Not SOAP Fault"/><con:assertion type="SOAP Response" id="093e0296-87d0-4041-83f5-0bbd9706fc7a" name="SOAP Response"/><con:assertion type="Schema Compliance" id="601fb57f-9bfa-403e-8ddb-69272194705e" name="Schema Compliance"><con:configuration/></con:assertion><con:wsaConfig action="http://fidus.brussels/services/fourthwaydebtservice/functionalAck"/></con:request></con:config></con:testStep><con:testStep type="request" id="dcd218bd-3c10-46b0-95f8-54d0d3de1ec1" name="testcase3 - Test - Worker2 - Request"><con:settings/><con:config xsi:type="con:RequestStep" xmlns:xsi="http://www.w3.org/2001/XMLSchema-instance"><con:interface>FourthWayDebtServiceHTTPBinding</con:interface><con:operation>functionalAck</con:operation><con:request name="testcase3 - Test - Worker2 - Request" id="3edd460b-b4f4-4d31-a7d7-26c3e2216e65" outgoingWss="Outflow TEST"><con:settings/><con:encoding>UTF-8</con:encoding><con:endpoint>https://192.168.24.51:8443/services/FourthWayDebtService_v1.0</con:endpoint><con:request><![CDATA[<soapenv:Envelope xmlns:soapenv="http://schemas.xmlsoap.org/soap/envelope/" xmlns:v1="http://fidus.brussels/service/fourthwaydebtservice/messages/v1" xmlns:v11="http://fidus.brussels/type/common/messages/v1" xmlns:debt="http://be.belgium.fsb/fourthWayService/Debt" xmlns:fun="http://fsb.belgium.be/FourthWayServices/functionalack" xmlns:ack="http://fsb.belgium.be/FourthWayServices/acknowledgementinformation" xmlns:S="http://schemas.xmlsoap.org/soap/envelope/" xmlns:dat="http://fsb.belgium.be/FourthWayServices/common/datatypes">
   <soapenv:Header/>
   <soapenv:Body>
      <v1:functionalAckRequest>
         <v1:messageContext>
         	  <v11:messageId>${=import static java.util.UUID.randomUUID; uuid = randomUUID() as String}</v11:messageId>
            <v11:timestamp>${=new java.text.SimpleDateFormat("yyyy-MM-dd'T'HH:mm:ss.SSS").format(new Date())}</v11:timestamp>
         </v1:messageContext>      
         <v1:legalContext>ServiceIntegrator</v1:legalContext>
         <v1:request>
           <fun:functionalAcknowledgement>
                <ack:acknowledgementInformation>
                    <dat:procedureID>4d455d8b-b543-453b-acf4-9c63280319aa</dat:procedureID>
                    <ack:acknowledgementDate>2015-04-21T11:55:11.637+01:00</ack:acknowledgementDate>
                    <ack:receiptDate>2015-04-21T15:55:11.637+01:00</ack:receiptDate>
                    <dat:origin>
                        <dat:origin>
                            <dat:partner>FPS Finance</dat:partner>
                            <dat:partnerCode codeType="KBO">0308357159</dat:partnerCode>
                        </dat:origin>
                    </dat:origin>
                    <ack:correlationID>4d455d8b-b543-453b-acf4-9c63280319aa</ack:correlationID>
                    <ack:messageReferenceNumber>ENOT4000000419570</ack:messageReferenceNumber>
                </ack:acknowledgementInformation>
            </fun:functionalAcknowledgement>
         </v1:request>
      </v1:functionalAckRequest>
   </soapenv:Body>
</soapenv:Envelope>]]></con:request><con:assertion type="SOAP Fault Assertion" id="ca11b77d-6600-43ac-a07d-ac2a398d46b7" name="Not SOAP Fault"/><con:assertion type="SOAP Response" id="ced6f19a-c6bd-4da7-8eba-25e9f60af86f" name="SOAP Response"/><con:assertion type="Schema Compliance" id="7645ba60-7c6e-4f3c-9f9d-355fd616fbc2" name="Schema Compliance"><con:configuration/></con:assertion><con:wsaConfig action="http://fidus.brussels/services/fourthwaydebtservice/functionalAck"/></con:request></con:config></con:testStep><con:properties/></con:testCase><con:properties/></con:testSuite><con:testSuite id="fe89d70c-0a94-47fd-8e2c-87ed86c1006d" name="STAG"><con:settings/><con:runType>SEQUENTIAL</con:runType><con:testCase id="00841960-e5a9-434a-9be0-6560ab2ec870" failOnError="true" failTestCaseOnErrors="true" keepSession="false" maxResults="0" name="businessError" searchProperties="true"><con:settings/><con:testStep type="request" id="8cef07b4-d0ef-4cbe-9dfe-17f192523461" name="testcase4 - Staging - External - Request"><con:settings/><con:config xsi:type="con:RequestStep" xmlns:xsi="http://www.w3.org/2001/XMLSchema-instance"><con:interface>FourthWayDebtServiceHTTPBinding</con:interface><con:operation>businessError</con:operation><con:request name="testcase4 - Staging - External - Request" id="362a1ea3-2de2-4675-8e6f-b104ab02b0a3" outgoingWss="Outflow STAG"><con:settings/><con:encoding>UTF-8</con:encoding><con:endpoint>https://fidus.irisnetlab.be/services/FourthWayDebtService_v1.0</con:endpoint><con:request><![CDATA[<soapenv:Envelope xmlns:soapenv="http://schemas.xmlsoap.org/soap/envelope/" xmlns:v1="http://fidus.brussels/service/fourthwaydebtservice/messages/v1" xmlns:v11="http://fidus.brussels/type/common/messages/v1" xmlns:bus="http://fsb.belgium.be/FourthWayServices/businesserror" xmlns:err="http://fsb.belgium.be/FourthWayServices/error" xmlns:dat="http://fsb.belgium.be/FourthWayServices/common/datatypes">
   <soapenv:Header/>
   <soapenv:Body>
      <v1:businessErrorRequest>
         <v1:messageContext>
     	  <v11:messageId>${=import static java.util.UUID.randomUUID; uuid = randomUUID() as String}</v11:messageId>
            <v11:timestamp>${=new java.text.SimpleDateFormat("yyyy-MM-dd'T'HH:mm:ss.SSS").format(new Date())}</v11:timestamp>
         </v1:messageContext>
         <v1:legalContext>ServiceIntegrator</v1:legalContext>
         <v1:request>
   		<bus:businessError>
            <err:error>
               <err:code>VAL0005</err:code>
               <err:description>A validation error</err:description>
            </err:error>
            <bus:messageIdentification>
               <dat:origin>
                  <dat:origin>
                     <dat:partner>FRNB</dat:partner>
                     <dat:partnerCode codeType="KBO">0409357321</dat:partnerCode>
                  </dat:origin>
               </dat:origin>
            </bus:messageIdentification>
         </bus:businessError>
         </v1:request>
      </v1:businessErrorRequest>
   </soapenv:Body>
</soapenv:Envelope>]]></con:request><con:assertion type="SOAP Fault Assertion" id="d2229f76-d53a-413f-8dcd-886ddde19329" name="Not SOAP Fault"/><con:assertion type="SOAP Response" id="19319fb4-3344-460e-ae32-4aaa659be29b" name="SOAP Response"/><con:assertion type="Schema Compliance" id="0760df80-2904-4d27-b3c9-4a189c5331fc" name="Schema Compliance"><con:configuration/></con:assertion><con:wsaConfig action="http://fidus.brussels/services/fourthwaydebtservice/businessError"/></con:request></con:config></con:testStep><con:testStep type="request" id="a84902a4-6ffe-4124-9018-dae0c9d207f2" name="testcase4 - Staging - LB - Request"><con:settings/><con:config xsi:type="con:RequestStep" xmlns:xsi="http://www.w3.org/2001/XMLSchema-instance"><con:interface>FourthWayDebtServiceHTTPBinding</con:interface><con:operation>businessError</con:operation><con:request name="testcase4 - Staging - LB - Request" id="2eaa56ca-d979-459f-a539-52b4e0f0a5f0" outgoingWss="Outflow STAG"><con:settings/><con:encoding>UTF-8</con:encoding><con:endpoint>https://fidus-esb-sg.sta.srv.cirb.lan:8443/services/FourthWayDebtService_v1.0</con:endpoint><con:request><![CDATA[<soapenv:Envelope xmlns:soapenv="http://schemas.xmlsoap.org/soap/envelope/" xmlns:v1="http://fidus.brussels/service/fourthwaydebtservice/messages/v1" xmlns:v11="http://fidus.brussels/type/common/messages/v1" xmlns:bus="http://fsb.belgium.be/FourthWayServices/businesserror" xmlns:err="http://fsb.belgium.be/FourthWayServices/error" xmlns:dat="http://fsb.belgium.be/FourthWayServices/common/datatypes">
   <soapenv:Header/>
   <soapenv:Body>
      <v1:businessErrorRequest>
         <v1:messageContext>
     	  <v11:messageId>${=import static java.util.UUID.randomUUID; uuid = randomUUID() as String}</v11:messageId>
            <v11:timestamp>${=new java.text.SimpleDateFormat("yyyy-MM-dd'T'HH:mm:ss.SSS").format(new Date())}</v11:timestamp>
         </v1:messageContext>
         <v1:legalContext>ServiceIntegrator</v1:legalContext>
         <v1:request>
   		<bus:businessError>
            <err:error>
               <err:code>VAL0005</err:code>
               <err:description>A validation error</err:description>
            </err:error>
            <bus:messageIdentification>
               <dat:origin>
                  <dat:origin>
                     <dat:partner>FRNB</dat:partner>
                     <dat:partnerCode codeType="KBO">0409357321</dat:partnerCode>
                  </dat:origin>
               </dat:origin>
            </bus:messageIdentification>
         </bus:businessError>
         </v1:request>
      </v1:businessErrorRequest>
   </soapenv:Body>
</soapenv:Envelope>]]></con:request><con:assertion type="SOAP Fault Assertion" id="162c6323-a55b-4eff-aaf9-e12b46ee3c95" name="Not SOAP Fault"/><con:assertion type="SOAP Response" id="92423e7a-aff4-4906-a41e-98afcb50a50b" name="SOAP Response"/><con:assertion type="Schema Compliance" id="be343f82-139a-4625-946a-c17b37b03c10" name="Schema Compliance"><con:configuration/></con:assertion><con:wsaConfig action="http://fidus.brussels/services/fourthwaydebtservice/businessError"/></con:request></con:config></con:testStep><con:testStep type="request" id="27336eff-449f-4dc4-aa65-b0eabb824471" name="testcase4 - Staging - Worker1 - Request"><con:settings/><con:config xsi:type="con:RequestStep" xmlns:xsi="http://www.w3.org/2001/XMLSchema-instance"><con:interface>FourthWayDebtServiceHTTPBinding</con:interface><con:operation>businessError</con:operation><con:request name="testcase4 - Staging - Worker1 - Request" id="2971ee3f-790c-4be0-ba8a-f21bde66b513" outgoingWss="Outflow STAG"><con:settings/><con:encoding>UTF-8</con:encoding><con:endpoint>https://192.168.24.57:8443/services/FourthWayDebtService_v1.0</con:endpoint><con:request><![CDATA[<soapenv:Envelope xmlns:soapenv="http://schemas.xmlsoap.org/soap/envelope/" xmlns:v1="http://fidus.brussels/service/fourthwaydebtservice/messages/v1" xmlns:v11="http://fidus.brussels/type/common/messages/v1" xmlns:bus="http://fsb.belgium.be/FourthWayServices/businesserror" xmlns:err="http://fsb.belgium.be/FourthWayServices/error" xmlns:dat="http://fsb.belgium.be/FourthWayServices/common/datatypes">
   <soapenv:Header/>
   <soapenv:Body>
      <v1:businessErrorRequest>
         <v1:messageContext>
     	  <v11:messageId>${=import static java.util.UUID.randomUUID; uuid = randomUUID() as String}</v11:messageId>
            <v11:timestamp>${=new java.text.SimpleDateFormat("yyyy-MM-dd'T'HH:mm:ss.SSS").format(new Date())}</v11:timestamp>
         </v1:messageContext>
         <v1:legalContext>ServiceIntegrator</v1:legalContext>
         <v1:request>
   		<bus:businessError>
            <err:error>
               <err:code>VAL0005</err:code>
               <err:description>A validation error</err:description>
            </err:error>
            <bus:messageIdentification>
               <dat:origin>
                  <dat:origin>
                     <dat:partner>FRNB</dat:partner>
                     <dat:partnerCode codeType="KBO">0409357321</dat:partnerCode>
                  </dat:origin>
               </dat:origin>
            </bus:messageIdentification>
         </bus:businessError>
         </v1:request>
      </v1:businessErrorRequest>
   </soapenv:Body>
</soapenv:Envelope>]]></con:request><con:assertion type="SOAP Fault Assertion" id="884f5e48-f926-4476-b6f4-df0cade93dd7" name="Not SOAP Fault"/><con:assertion type="SOAP Response" id="20ee937c-c55a-4d4f-b0b8-b18437f38e58" name="SOAP Response"/><con:assertion type="Schema Compliance" id="1bf9eea3-9328-4341-9888-6a4909a21f41" name="Schema Compliance"><con:configuration/></con:assertion><con:wsaConfig action="http://fidus.brussels/services/fourthwaydebtservice/businessError"/></con:request></con:config></con:testStep><con:testStep type="request" id="8ca467d0-39f8-4536-8575-525fc2dd8988" name="testcase4 - Staging - Worker2 - Request"><con:settings/><con:config xsi:type="con:RequestStep" xmlns:xsi="http://www.w3.org/2001/XMLSchema-instance"><con:interface>FourthWayDebtServiceHTTPBinding</con:interface><con:operation>businessError</con:operation><con:request name="testcase4 - Staging - Worker2 - Request" id="b277dc82-b5f6-4163-9061-c586ba81fc55" outgoingWss="Outflow STAG"><con:settings/><con:encoding>UTF-8</con:encoding><con:endpoint>https://192.168.24.64:8443/services/FourthWayDebtService_v1.0</con:endpoint><con:request><![CDATA[<soapenv:Envelope xmlns:soapenv="http://schemas.xmlsoap.org/soap/envelope/" xmlns:v1="http://fidus.brussels/service/fourthwaydebtservice/messages/v1" xmlns:v11="http://fidus.brussels/type/common/messages/v1" xmlns:bus="http://fsb.belgium.be/FourthWayServices/businesserror" xmlns:err="http://fsb.belgium.be/FourthWayServices/error" xmlns:dat="http://fsb.belgium.be/FourthWayServices/common/datatypes">
   <soapenv:Header/>
   <soapenv:Body>
      <v1:businessErrorRequest>
         <v1:messageContext>
     	  <v11:messageId>${=import static java.util.UUID.randomUUID; uuid = randomUUID() as String}</v11:messageId>
            <v11:timestamp>${=new java.text.SimpleDateFormat("yyyy-MM-dd'T'HH:mm:ss.SSS").format(new Date())}</v11:timestamp>
         </v1:messageContext>
         <v1:legalContext>ServiceIntegrator</v1:legalContext>
         <v1:request>
   		<bus:businessError>
            <err:error>
               <err:code>VAL0005</err:code>
               <err:description>A validation error</err:description>
            </err:error>
            <bus:messageIdentification>
               <dat:origin>
                  <dat:origin>
                     <dat:partner>FRNB</dat:partner>
                     <dat:partnerCode codeType="KBO">0409357321</dat:partnerCode>
                  </dat:origin>
               </dat:origin>
            </bus:messageIdentification>
         </bus:businessError>
         </v1:request>
      </v1:businessErrorRequest>
   </soapenv:Body>
</soapenv:Envelope>]]></con:request><con:assertion type="SOAP Fault Assertion" id="ee8de62a-256a-41a4-b812-3621d61b002c" name="Not SOAP Fault"/><con:assertion type="SOAP Response" id="826f8d7b-676d-47a6-82d3-bb98d08ef741" name="SOAP Response"/><con:assertion type="Schema Compliance" id="7b9093e0-16ca-4e58-b075-86c9baacc1c0" name="Schema Compliance"><con:configuration/></con:assertion><con:wsaConfig action="http://fidus.brussels/services/fourthwaydebtservice/businessError"/></con:request></con:config></con:testStep><con:properties/></con:testCase><con:testCase id="d4b0eda2-c7c6-4bf0-ab42-76e6eef7f1f3" failOnError="true" failTestCaseOnErrors="true" keepSession="false" maxResults="0" name="fiscalDebtNotification" searchProperties="true"><con:settings/><con:testStep type="request" id="9aba1914-6f26-4114-8132-09dcf5033685" name="testcase4 - Staging - Worker2 - Request"><con:settings/><con:config xsi:type="con:RequestStep" xmlns:xsi="http://www.w3.org/2001/XMLSchema-instance"><con:interface>FourthWayDebtServiceHTTPBinding</con:interface><con:operation>fiscalDebtNotification</con:operation><con:request name="testcase4 - Staging - Worker2 - Request" id="17857aba-c0ca-415e-8954-4ea394f49b92" outgoingWss="Outflow STAG"><con:settings/><con:encoding>UTF-8</con:encoding><con:endpoint>https://192.168.24.64:8443/services/FourthWayDebtService_v1.0</con:endpoint><con:request><![CDATA[<soapenv:Envelope xmlns:soapenv="http://schemas.xmlsoap.org/soap/envelope/" xmlns:v1="http://fidus.brussels/service/fourthwaydebtservice/messages/v1" xmlns:v11="http://fidus.brussels/type/common/messages/v1" xmlns:deb="http://fsb.belgium.be/FourthWayServices/debtnotification" xmlns:gen="http://fsb.belgium.be/FourthWayServices/generalcaseinformation" xmlns:dat="http://fsb.belgium.be/FourthWayServices/common/datatypes" xmlns:ins="http://fsb.belgium.be/FourthWayServices/institution" xmlns:add="http://fsb.belgium.be/FourthWayServices/common/addressinformation" xmlns:con="http://fsb.belgium.be/FourthWayServices/contact" xmlns:deb1="http://fsb.belgium.be/FourthWayServices/debtparty" xmlns:par="http://fsb.belgium.be/FourthWayServices/party" xmlns:debt="http://fsb.belgium.be/FourthWayServices/debt" xmlns:leg="http://fsb.belgium.be/FourthWayServices/legalbase" xmlns:tec="http://fsb.belgium.be/FourthWayServices/technical" xmlns:xd="http://www.w3.org/2000/09/xmldsig#">
   <soapenv:Header/>
   <soapenv:Body>
      <v1:fiscalDebtNotificationRequest>
         <v1:messageContext>
         	  <v11:messageId>${=import static java.util.UUID.randomUUID; uuid = randomUUID() as String}</v11:messageId>
            <v11:timestamp>${=new java.text.SimpleDateFormat("yyyy-MM-dd'T'HH:mm:ss.SSS").format(new Date())}</v11:timestamp>
         </v1:messageContext>
         <v1:legalContext>ServiceIntegrator</v1:legalContext>      
         <v1:request>
 		<ns46:debtNotification Id="SignMe" xmlns:ns50="http://be.belgium.fsb/fourthWayService/Debt" xmlns="http://fsb.belgium.be/FourthWayServices/common/addressinformation" xmlns:ns10="http://fsb.belgium.be/FourthWayServices/shipinformation" xmlns:ns11="http://fsb.belgium.be/FourthWayServices/selfemployed" xmlns:ns12="http://fsb.belgium.be/FourthWayServices/institution" xmlns:ns13="http://fsb.belgium.be/FourthWayServices/enterprise" xmlns:ns14="http://fsb.belgium.be/FourthWayServices/honorbaseddeclarations" xmlns:ns15="http://fsb.belgium.be/FourthWayServices/unregisteredparty" xmlns:ns16="http://fsb.belgium.be/FourthWayServices/partnerdescription" xmlns:ns17="http://fsb.belgium.be/FourthWayServices/mortgagegoods" xmlns:ns18="http://fsb.belgium.be/FourthWayServices/deficitcaseinformation" xmlns:ns19="http://fsb.belgium.be/FourthWayServices/debtinquiry" xmlns:ns2="http://fsb.belgium.be/FourthWayServices/common/datatypes" xmlns:ns20="http://fsb.belgium.be/FourthWayServices/immovablegoodtransaction" xmlns:ns21="http://fsb.belgium.be/FourthWayServices/movablegoodtransaction" xmlns:ns22="http://fsb.belgium.be/FourthWayServices/inheritanceinformation" xmlns:ns23="http://fsb.belgium.be/FourthWayServices/successiontransaction" xmlns:ns24="http://fsb.belgium.be/FourthWayServices/fourthwaymessage" xmlns:ns25="http://fsb.belgium.be/FourthWayServices/generalcaseinformation" xmlns:ns26="http://www.w3.org/2000/09/xmldsig#" xmlns:ns27="http://fsb.belgium.be/FourthWayServices/technical" xmlns:ns28="http://fsb.belgium.be/FourthWayServices/acknowledgementinformation" xmlns:ns29="http://fsb.belgium.be/FourthWayServices/error" xmlns:ns3="http://fsb.belgium.be/FourthWayServices/salesinformation" xmlns:ns30="http://fsb.belgium.be/FourthWayServices/businesserror" xmlns:ns31="http://fsb.belgium.be/FourthWayServices/fiscaldebtdetails" xmlns:ns32="http://fsb.belgium.be/FourthWayServices/officialproclamation" xmlns:ns33="http://fsb.belgium.be/FourthWayServices/beneficiary" xmlns:ns34="http://fsb.belgium.be/FourthWayServices/common/bankaccount" xmlns:ns35="http://fsb.belgium.be/FourthWayServices/debtdetailedinformation" xmlns:ns36="http://fsb.belgium.be/FourthWayServices/debtsolidarity" xmlns:ns37="http://fsb.belgium.be/FourthWayServices/fiscaldebt" xmlns:ns38="http://fsb.belgium.be/FourthWayServices/socialdebtdetails" xmlns:ns39="http://fsb.belgium.be/FourthWayServices/debtinformation" xmlns:ns4="http://fsb.belgium.be/FourthWayServices/gooddescription" xmlns:ns40="http://fsb.belgium.be/FourthWayServices/socialdebt" xmlns:ns41="http://fsb.belgium.be/FourthWayServices/fiscalregionflandersdebtdetails" xmlns:ns42="http://fsb.belgium.be/FourthWayServices/fiscalregionflandersdebt" xmlns:ns43="http://fsb.belgium.be/FourthWayServices/debt" xmlns:ns44="http://fsb.belgium.be/FourthWayServices/debtparty" xmlns:ns45="http://fsb.belgium.be/FourthWayServices/legalbase" xmlns:ns46="http://fsb.belgium.be/FourthWayServices/debtnotification" xmlns:ns47="http://fsb.belgium.be/FourthWayServices/debtdeficitnotification" xmlns:ns48="http://fsb.belgium.be/FourthWayServices/header" xmlns:ns49="http://fsb.belgium.be/header" xmlns:ns5="http://fsb.belgium.be/FourthWayServices/party" xmlns:ns51="http://fsb.belgium.be/FourthWayServices/technicalack" xmlns:ns52="http://fsb.belgium.be/FourthWayServices/functionalack" xmlns:ns6="http://fsb.belgium.be/FourthWayServices/naturalperson" xmlns:ns7="http://fsb.belgium.be/FourthWayServices/nonresident" xmlns:ns8="http://fsb.belgium.be/FourthWayServices/contact" xmlns:ns9="http://fsb.belgium.be/FourthWayServices/propertyinformation">
            <ns25:generalCaseInformation>
               <ns25:administrativeInformation>
                  <ns25:language>FR</ns25:language>
                  <ns25:caseNumber>2444080.210115.0167</ns25:caseNumber>
                  <ns25:transactionType>3</ns25:transactionType>
                  <ns25:procedureNumber>ENOT4000000419570</ns25:procedureNumber>
                  <ns25:replacedProcedureNumber xsi:nil="true" xmlns:xsi="http://www.w3.org/2001/XMLSchema-instance"/>
                  <ns25:requestDate>2015-01-21T14:50:02.446+01:00</ns25:requestDate>
                  <ns25:origin>
                     <ns2:origin>
                        <ns2:partner>FPS Finance</ns2:partner>
                        <ns2:partnerCode codeType="KBO">0308357159</ns2:partnerCode>
                     </ns2:origin>
                  </ns25:origin>
                  <ns25:destinations>
                     <ns2:destination>
                        <ns2:partner>FRNB</ns2:partner>
                        <ns2:partnerCode codeType="KBO">0409357321</ns2:partnerCode>
                     </ns2:destination>
                  </ns25:destinations>
                  <ns25:requestorInformation>
                     <ns12:institution>
                        <ns12:institutionType>Federal</ns12:institutionType>
                        <ns12:institutionName>Huy</ns12:institutionName>
                        <ns12:institutionIdentificationNumber type="CDDB">600904</ns12:institutionIdentificationNumber>
                        <address>
                           <location>
                              <country>
                                 <countryCode codeStandard="ISO">BE</countryCode>
                              </country>
                              <postalCode>4500</postalCode>
                           </location>
                           <street>Avenue Albert 1er</street>
                           <houseNumber>8/10</houseNumber>
                        </address>
                        <ns12:contactInformation>
                           <ns8:phoneNumber type="phone">025783660</ns8:phoneNumber>
                           <ns8:emailAddress type="email">rec.cd.huy@minfin.fed.be</ns8:emailAddress>
                        </ns12:contactInformation>
                     </ns12:institution>
                     <ns25:responsiblePerson>
                        <ns2:name>
                           <ns2:firstName>Testuser</ns2:firstName>
                           <ns2:lastName>testuser.enotrec01</ns2:lastName>
                        </ns2:name>
                        <ns8:contactInformation/>
                     </ns25:responsiblePerson>
                     <ns25:contactPerson>
                        <ns2:name>
                           <ns2:firstName>Testuser</ns2:firstName>
                           <ns2:lastName>EnotRec01</ns2:lastName>
                        </ns2:name>
                        <ns8:contactInformation>
                           <ns8:emailAddress type="email">testuser.enotrec01@guest.minfin.fed.be</ns8:emailAddress>
                        </ns8:contactInformation>
                     </ns25:contactPerson>
                  </ns25:requestorInformation>
               </ns25:administrativeInformation>
            </ns25:generalCaseInformation>
            <ns44:debtParty>
               <ns5:party partyID="005">
                  <ns5:residentialParty>false</ns5:residentialParty>
                  <ns6:naturalPerson>
                     <ns2:entityReference>
                        <ns2:source>notice1</ns2:source>
                        <ns2:entityID type="nationalNumber">68082123438</ns2:entityID>
                     </ns2:entityReference>
                     <ns6:personInformation>
                        <ns2:name>
                           <ns2:firstName>Yolande Adrienne</ns2:firstName>
                           <ns2:lastName>BUITER</ns2:lastName>
                        </ns2:name>
                        <address>
                           <location>
                              <country>
                                 <countryDescription>Belgium</countryDescription>
                                 <countryCode codeStandard="ISO">BE</countryCode>
                              </country>
                              <municipalityDescription>Verlaine</municipalityDescription>
                              <postalCode>4537</postalCode>
                           </location>
                           <street>Rue aux Raines</street>
                           <houseNumber>53</houseNumber>
                        </address>
                     </ns6:personInformation>
                  </ns6:naturalPerson>
               </ns5:party>
               <ns43:debt debtID="1">
                  <ns37:fiscaldebt>
                     <ns31:fiscalDebtDetails>
                        <ns31:debtType>VAT</ns31:debtType>
                        <ns31:declarations>
                           <ns31:negligenceClause>
                              <ns31:additionalIntrest>0</ns31:additionalIntrest>
                              <ns31:additionalIntrestFromDate>2015-01-21+01:00</ns31:additionalIntrestFromDate>
                           </ns31:negligenceClause>
                        </ns31:declarations>
                        <ns2:referencePeriod>
                           <ns2:startDate>2015-01-06+01:00</ns2:startDate>
                           <ns2:endDate>2015-01-13+01:00</ns2:endDate>
                        </ns2:referencePeriod>
                        <ns31:totalDebt>45</ns31:totalDebt>
                        <ns31:debtBreakdown>
                           <ns31:debtSubType>VAT</ns31:debtSubType>
                           <ns31:debtSubAmount>45</ns31:debtSubAmount>
                        </ns31:debtBreakdown>
                        <ns31:debtBreakdown>
                           <ns31:debtSubType>IM</ns31:debtSubType>
                           <ns31:debtSubAmount>0</ns31:debtSubAmount>
                        </ns31:debtBreakdown>
                        <ns31:debtBreakdown>
                           <ns31:debtSubType>INTEREST</ns31:debtSubType>
                           <ns31:debtSubAmount>0</ns31:debtSubAmount>
                        </ns31:debtBreakdown>
                        <ns31:debtBreakdown>
                           <ns31:debtSubType>FINES</ns31:debtSubType>
                           <ns31:debtSubAmount>0</ns31:debtSubAmount>
                        </ns31:debtBreakdown>
                        <ns31:debtBreakdown>
                           <ns31:debtSubType>COST</ns31:debtSubType>
                           <ns31:debtSubAmount>0</ns31:debtSubAmount>
                        </ns31:debtBreakdown>
                     </ns31:fiscalDebtDetails>
                     <ns32:officialProclamation/>
                     <ns33:beneficiary>
                        <ns33:beneficiaryName>CTRI Namur</ns33:beneficiaryName>
                        <ns33:structuredMessage>N99998745412NOT/</ns33:structuredMessage>
                        <ns33:amount>45</ns33:amount>
                        <ns34:bankAccount>
                           <ns34:ibanNumber>BE42 6792 0034 9254</ns34:ibanNumber>
                           <ns34:bicCode>PCHQBEBB</ns34:bicCode>
                           <ns34:accountName>CTRI Namur</ns34:accountName>
                           <address>
                              <location>
                                 <country>
                                    <countryCode codeStandard="ISO">BE</countryCode>
                                 </country>
                                 <municipalityDescription language="fr">Namur</municipalityDescription>
                                 <postalCode>5000</postalCode>
                              </location>
                              <street>Rue des Bourgeois</street>
                              <houseNumber>7/Bloc B</houseNumber>
                           </address>
                        </ns34:bankAccount>
                     </ns33:beneficiary>
                     <ns35:debtDetailedInformation>
                        <ns35:calculationDate>2015-01-21+01:00</ns35:calculationDate>
                        <ns35:referentialNumber>999998745412</ns35:referentialNumber>
                     </ns35:debtDetailedInformation>
                  </ns37:fiscaldebt>
               </ns43:debt>
               <ns44:totalDebtAmount>45</ns44:totalDebtAmount>
            </ns44:debtParty>
            <ns45:legalBase>
               <ns45:legalSource>Code de la taxe sur la valeur ajout��e</ns45:legalSource>
               <ns45:legalBaseIdentifier>Article 93quater</ns45:legalBaseIdentifier>
            </ns45:legalBase>
            <ns27:technical>
               <ns26:Signature>
                  <ns26:SignedInfo>
                     <ns26:CanonicalizationMethod Algorithm="http://www.w3.org/TR/2001/REC-xml-c14n-20010315"/>
                     <ns26:SignatureMethod Algorithm="http://www.w3.org/2000/09/xmldsig#rsa-sha1"/>
                     <ns26:Reference URI="#signMe">
                        <ns26:DigestMethod Algorithm="http://www.w3.org/2000/09/xmldsig#sha1"/>
                        <ns26:DigestValue>CbUOX9jTy0uYSCKDVQl6peUatJ8=</ns26:DigestValue>
                     </ns26:Reference>
                  </ns26:SignedInfo>
                  <ns26:SignatureValue>WBXEECQtMTWGGq5EGO+5kyVw1kJefLsfHVA/5eYB6pZ3GOZ7LOLc/jAhKbqxeV3qdWiMGx3VzgvdF4ZaMB2HS1fLmnOmNDXHhrrqYQJ51LGDvex39k7/xAJAmuub7MDtfAu08WBTVpmQ5khGL9ZrYOXr5RoG70BrlWNr+37FekM=</ns26:SignatureValue>
                  <ns26:KeyInfo>
                     <ns26:X509Data>
                        <ns26:X509SubjectName>ST=Brussels,L=Brussels,OU=Belgian Federal Government,O=Federal Public Service Finances,CN=Test SPF Finances - FOD Financien,C=BE</ns26:X509SubjectName>
                        <ns26:X509Certificate>MIIDKzCCApSgAwIBAgIJAIkxAL2MG081MA0GCSqGSIb3DQEBBQUAMIGuMQswCQYDVQQGEwJCRTEqMCgGA1UEAxMhVGVzdCBTUEYgRmluYW5jZXMgLSBGT0QgRmluYW5jaWVuMSgwJgYDVQQKEx9GZWRlcmFsIFB1YmxpYyBTZXJ2aWNlIEZpbmFuY2VzMSMwIQYDVQQLExpCZWxnaWFuIEZlZGVyYWwgR292ZXJubWVudDERMA8GA1UEBxMIQnJ1c3NlbHMxETAPBgNVBAgTCEJydXNzZWxzMB4XDTA4MDUwNjA4MDcyMFoXDTE4MDUwNzA4MDcyMFowga4xCzAJBgNVBAYTAkJFMSowKAYDVQQDEyFUZXN0IFNQRiBGaW5hbmNlcyAtIEZPRCBGaW5hbmNpZW4xKDAmBgNVBAoTH0ZlZGVyYWwgUHVibGljIFNlcnZpY2UgRmluYW5jZXMxIzAhBgNVBAsTGkJlbGdpYW4gRmVkZXJhbCBHb3Zlcm5tZW50MREwDwYDVQQHEwhCcnVzc2VsczERMA8GA1UECBMIQnJ1c3NlbHMwgZ8wDQYJKoZIhvcNAQEBBQADgY0AMIGJAoGBAJ8T/80iF50FvothkWOZDsZUPKM52fxhNdKMT+E/lODqejyJ2iQkjEuW5yJKo0lXNj+Gxwfl99bD16IJMagbrxBnJPwR7SeS3JQ0IaLkOorOoeZkZLFoFMSfZWT9uCf6Qf/uNMQtRnX2351P1OF3cld68uFGUNS8U93OqxS9R/ZvAgMBAAGjTzBNMAwGA1UdEwQFMAMBAf8wCwYDVR0PBAQDAgTwMB0GA1UdJQQWMBQGCCsGAQUFBwMCBggrBgEFBQcDBDARBglghkgBhvhCAQEEBAMCBLAwDQYJKoZIhvcNAQEFBQADgYEATnEO8juTdcZtwzvl5EHnZ9+6cEM9rsWuQtq43UXw4RqveHWUE+Cn2ElMPiyuxLLzkzQTbcDYxI9FgVAXFEmqPf7Jii2PpHIlo8yHWCWMuPP0OykMF6YuCtyutKJBbGuTT36gNVAUEPeD34fzB5pgy2aG5wQTQctRdDz07CVM3cI=</ns26:X509Certificate>
                     </ns26:X509Data>
                  </ns26:KeyInfo>
               </ns26:Signature>
            </ns27:technical>
         </ns46:debtNotification>
         </v1:request>
      </v1:fiscalDebtNotificationRequest>
   </soapenv:Body>
</soapenv:Envelope>]]></con:request><con:assertion type="SOAP Fault Assertion" id="084be88d-1ab8-48bc-a067-17664c84a632" name="Not SOAP Fault"/><con:assertion type="SOAP Response" id="43ed99ad-23e0-4fe2-82aa-e34a7df88eb4" name="SOAP Response"/><con:assertion type="Schema Compliance" id="2e110e3e-e305-44c6-80b5-86651c5857e9" name="Schema Compliance"><con:configuration/></con:assertion><con:wsaConfig action="http://fidus.brussels/services/fourthwaydebtservice/fiscalDebtNotification"/></con:request></con:config></con:testStep><con:testStep type="request" id="209d732c-a056-4610-b6a5-3566c52218f7" name="testcase4 - Staging - Worker1 - Request"><con:settings/><con:config xsi:type="con:RequestStep" xmlns:xsi="http://www.w3.org/2001/XMLSchema-instance"><con:interface>FourthWayDebtServiceHTTPBinding</con:interface><con:operation>fiscalDebtNotification</con:operation><con:request name="testcase4 - Staging - Worker1 - Request" id="d631ba51-6383-470d-a8f9-ac95f3863869" outgoingWss="Outflow STAG"><con:settings/><con:encoding>UTF-8</con:encoding><con:endpoint>https://192.168.24.57:8443/services/FourthWayDebtService_v1.0</con:endpoint><con:request><![CDATA[<soapenv:Envelope xmlns:soapenv="http://schemas.xmlsoap.org/soap/envelope/" xmlns:v1="http://fidus.brussels/service/fourthwaydebtservice/messages/v1" xmlns:v11="http://fidus.brussels/type/common/messages/v1" xmlns:deb="http://fsb.belgium.be/FourthWayServices/debtnotification" xmlns:gen="http://fsb.belgium.be/FourthWayServices/generalcaseinformation" xmlns:dat="http://fsb.belgium.be/FourthWayServices/common/datatypes" xmlns:ins="http://fsb.belgium.be/FourthWayServices/institution" xmlns:add="http://fsb.belgium.be/FourthWayServices/common/addressinformation" xmlns:con="http://fsb.belgium.be/FourthWayServices/contact" xmlns:deb1="http://fsb.belgium.be/FourthWayServices/debtparty" xmlns:par="http://fsb.belgium.be/FourthWayServices/party" xmlns:debt="http://fsb.belgium.be/FourthWayServices/debt" xmlns:leg="http://fsb.belgium.be/FourthWayServices/legalbase" xmlns:tec="http://fsb.belgium.be/FourthWayServices/technical" xmlns:xd="http://www.w3.org/2000/09/xmldsig#">
   <soapenv:Header/>
   <soapenv:Body>
      <v1:fiscalDebtNotificationRequest>
         <v1:messageContext>
         	  <v11:messageId>${=import static java.util.UUID.randomUUID; uuid = randomUUID() as String}</v11:messageId>
            <v11:timestamp>${=new java.text.SimpleDateFormat("yyyy-MM-dd'T'HH:mm:ss.SSS").format(new Date())}</v11:timestamp>
         </v1:messageContext>
         <v1:legalContext>ServiceIntegrator</v1:legalContext>      
         <v1:request>
 		<ns46:debtNotification Id="SignMe" xmlns:ns50="http://be.belgium.fsb/fourthWayService/Debt" xmlns="http://fsb.belgium.be/FourthWayServices/common/addressinformation" xmlns:ns10="http://fsb.belgium.be/FourthWayServices/shipinformation" xmlns:ns11="http://fsb.belgium.be/FourthWayServices/selfemployed" xmlns:ns12="http://fsb.belgium.be/FourthWayServices/institution" xmlns:ns13="http://fsb.belgium.be/FourthWayServices/enterprise" xmlns:ns14="http://fsb.belgium.be/FourthWayServices/honorbaseddeclarations" xmlns:ns15="http://fsb.belgium.be/FourthWayServices/unregisteredparty" xmlns:ns16="http://fsb.belgium.be/FourthWayServices/partnerdescription" xmlns:ns17="http://fsb.belgium.be/FourthWayServices/mortgagegoods" xmlns:ns18="http://fsb.belgium.be/FourthWayServices/deficitcaseinformation" xmlns:ns19="http://fsb.belgium.be/FourthWayServices/debtinquiry" xmlns:ns2="http://fsb.belgium.be/FourthWayServices/common/datatypes" xmlns:ns20="http://fsb.belgium.be/FourthWayServices/immovablegoodtransaction" xmlns:ns21="http://fsb.belgium.be/FourthWayServices/movablegoodtransaction" xmlns:ns22="http://fsb.belgium.be/FourthWayServices/inheritanceinformation" xmlns:ns23="http://fsb.belgium.be/FourthWayServices/successiontransaction" xmlns:ns24="http://fsb.belgium.be/FourthWayServices/fourthwaymessage" xmlns:ns25="http://fsb.belgium.be/FourthWayServices/generalcaseinformation" xmlns:ns26="http://www.w3.org/2000/09/xmldsig#" xmlns:ns27="http://fsb.belgium.be/FourthWayServices/technical" xmlns:ns28="http://fsb.belgium.be/FourthWayServices/acknowledgementinformation" xmlns:ns29="http://fsb.belgium.be/FourthWayServices/error" xmlns:ns3="http://fsb.belgium.be/FourthWayServices/salesinformation" xmlns:ns30="http://fsb.belgium.be/FourthWayServices/businesserror" xmlns:ns31="http://fsb.belgium.be/FourthWayServices/fiscaldebtdetails" xmlns:ns32="http://fsb.belgium.be/FourthWayServices/officialproclamation" xmlns:ns33="http://fsb.belgium.be/FourthWayServices/beneficiary" xmlns:ns34="http://fsb.belgium.be/FourthWayServices/common/bankaccount" xmlns:ns35="http://fsb.belgium.be/FourthWayServices/debtdetailedinformation" xmlns:ns36="http://fsb.belgium.be/FourthWayServices/debtsolidarity" xmlns:ns37="http://fsb.belgium.be/FourthWayServices/fiscaldebt" xmlns:ns38="http://fsb.belgium.be/FourthWayServices/socialdebtdetails" xmlns:ns39="http://fsb.belgium.be/FourthWayServices/debtinformation" xmlns:ns4="http://fsb.belgium.be/FourthWayServices/gooddescription" xmlns:ns40="http://fsb.belgium.be/FourthWayServices/socialdebt" xmlns:ns41="http://fsb.belgium.be/FourthWayServices/fiscalregionflandersdebtdetails" xmlns:ns42="http://fsb.belgium.be/FourthWayServices/fiscalregionflandersdebt" xmlns:ns43="http://fsb.belgium.be/FourthWayServices/debt" xmlns:ns44="http://fsb.belgium.be/FourthWayServices/debtparty" xmlns:ns45="http://fsb.belgium.be/FourthWayServices/legalbase" xmlns:ns46="http://fsb.belgium.be/FourthWayServices/debtnotification" xmlns:ns47="http://fsb.belgium.be/FourthWayServices/debtdeficitnotification" xmlns:ns48="http://fsb.belgium.be/FourthWayServices/header" xmlns:ns49="http://fsb.belgium.be/header" xmlns:ns5="http://fsb.belgium.be/FourthWayServices/party" xmlns:ns51="http://fsb.belgium.be/FourthWayServices/technicalack" xmlns:ns52="http://fsb.belgium.be/FourthWayServices/functionalack" xmlns:ns6="http://fsb.belgium.be/FourthWayServices/naturalperson" xmlns:ns7="http://fsb.belgium.be/FourthWayServices/nonresident" xmlns:ns8="http://fsb.belgium.be/FourthWayServices/contact" xmlns:ns9="http://fsb.belgium.be/FourthWayServices/propertyinformation">
            <ns25:generalCaseInformation>
               <ns25:administrativeInformation>
                  <ns25:language>FR</ns25:language>
                  <ns25:caseNumber>2444080.210115.0167</ns25:caseNumber>
                  <ns25:transactionType>3</ns25:transactionType>
                  <ns25:procedureNumber>ENOT4000000419570</ns25:procedureNumber>
                  <ns25:replacedProcedureNumber xsi:nil="true" xmlns:xsi="http://www.w3.org/2001/XMLSchema-instance"/>
                  <ns25:requestDate>2015-01-21T14:50:02.446+01:00</ns25:requestDate>
                  <ns25:origin>
                     <ns2:origin>
                        <ns2:partner>FPS Finance</ns2:partner>
                        <ns2:partnerCode codeType="KBO">0308357159</ns2:partnerCode>
                     </ns2:origin>
                  </ns25:origin>
                  <ns25:destinations>
                     <ns2:destination>
                        <ns2:partner>FRNB</ns2:partner>
                        <ns2:partnerCode codeType="KBO">0409357321</ns2:partnerCode>
                     </ns2:destination>
                  </ns25:destinations>
                  <ns25:requestorInformation>
                     <ns12:institution>
                        <ns12:institutionType>Federal</ns12:institutionType>
                        <ns12:institutionName>Huy</ns12:institutionName>
                        <ns12:institutionIdentificationNumber type="CDDB">600904</ns12:institutionIdentificationNumber>
                        <address>
                           <location>
                              <country>
                                 <countryCode codeStandard="ISO">BE</countryCode>
                              </country>
                              <postalCode>4500</postalCode>
                           </location>
                           <street>Avenue Albert 1er</street>
                           <houseNumber>8/10</houseNumber>
                        </address>
                        <ns12:contactInformation>
                           <ns8:phoneNumber type="phone">025783660</ns8:phoneNumber>
                           <ns8:emailAddress type="email">rec.cd.huy@minfin.fed.be</ns8:emailAddress>
                        </ns12:contactInformation>
                     </ns12:institution>
                     <ns25:responsiblePerson>
                        <ns2:name>
                           <ns2:firstName>Testuser</ns2:firstName>
                           <ns2:lastName>testuser.enotrec01</ns2:lastName>
                        </ns2:name>
                        <ns8:contactInformation/>
                     </ns25:responsiblePerson>
                     <ns25:contactPerson>
                        <ns2:name>
                           <ns2:firstName>Testuser</ns2:firstName>
                           <ns2:lastName>EnotRec01</ns2:lastName>
                        </ns2:name>
                        <ns8:contactInformation>
                           <ns8:emailAddress type="email">testuser.enotrec01@guest.minfin.fed.be</ns8:emailAddress>
                        </ns8:contactInformation>
                     </ns25:contactPerson>
                  </ns25:requestorInformation>
               </ns25:administrativeInformation>
            </ns25:generalCaseInformation>
            <ns44:debtParty>
               <ns5:party partyID="005">
                  <ns5:residentialParty>false</ns5:residentialParty>
                  <ns6:naturalPerson>
                     <ns2:entityReference>
                        <ns2:source>notice1</ns2:source>
                        <ns2:entityID type="nationalNumber">68082123438</ns2:entityID>
                     </ns2:entityReference>
                     <ns6:personInformation>
                        <ns2:name>
                           <ns2:firstName>Yolande Adrienne</ns2:firstName>
                           <ns2:lastName>BUITER</ns2:lastName>
                        </ns2:name>
                        <address>
                           <location>
                              <country>
                                 <countryDescription>Belgium</countryDescription>
                                 <countryCode codeStandard="ISO">BE</countryCode>
                              </country>
                              <municipalityDescription>Verlaine</municipalityDescription>
                              <postalCode>4537</postalCode>
                           </location>
                           <street>Rue aux Raines</street>
                           <houseNumber>53</houseNumber>
                        </address>
                     </ns6:personInformation>
                  </ns6:naturalPerson>
               </ns5:party>
               <ns43:debt debtID="1">
                  <ns37:fiscaldebt>
                     <ns31:fiscalDebtDetails>
                        <ns31:debtType>VAT</ns31:debtType>
                        <ns31:declarations>
                           <ns31:negligenceClause>
                              <ns31:additionalIntrest>0</ns31:additionalIntrest>
                              <ns31:additionalIntrestFromDate>2015-01-21+01:00</ns31:additionalIntrestFromDate>
                           </ns31:negligenceClause>
                        </ns31:declarations>
                        <ns2:referencePeriod>
                           <ns2:startDate>2015-01-06+01:00</ns2:startDate>
                           <ns2:endDate>2015-01-13+01:00</ns2:endDate>
                        </ns2:referencePeriod>
                        <ns31:totalDebt>45</ns31:totalDebt>
                        <ns31:debtBreakdown>
                           <ns31:debtSubType>VAT</ns31:debtSubType>
                           <ns31:debtSubAmount>45</ns31:debtSubAmount>
                        </ns31:debtBreakdown>
                        <ns31:debtBreakdown>
                           <ns31:debtSubType>IM</ns31:debtSubType>
                           <ns31:debtSubAmount>0</ns31:debtSubAmount>
                        </ns31:debtBreakdown>
                        <ns31:debtBreakdown>
                           <ns31:debtSubType>INTEREST</ns31:debtSubType>
                           <ns31:debtSubAmount>0</ns31:debtSubAmount>
                        </ns31:debtBreakdown>
                        <ns31:debtBreakdown>
                           <ns31:debtSubType>FINES</ns31:debtSubType>
                           <ns31:debtSubAmount>0</ns31:debtSubAmount>
                        </ns31:debtBreakdown>
                        <ns31:debtBreakdown>
                           <ns31:debtSubType>COST</ns31:debtSubType>
                           <ns31:debtSubAmount>0</ns31:debtSubAmount>
                        </ns31:debtBreakdown>
                     </ns31:fiscalDebtDetails>
                     <ns32:officialProclamation/>
                     <ns33:beneficiary>
                        <ns33:beneficiaryName>CTRI Namur</ns33:beneficiaryName>
                        <ns33:structuredMessage>N99998745412NOT/</ns33:structuredMessage>
                        <ns33:amount>45</ns33:amount>
                        <ns34:bankAccount>
                           <ns34:ibanNumber>BE42 6792 0034 9254</ns34:ibanNumber>
                           <ns34:bicCode>PCHQBEBB</ns34:bicCode>
                           <ns34:accountName>CTRI Namur</ns34:accountName>
                           <address>
                              <location>
                                 <country>
                                    <countryCode codeStandard="ISO">BE</countryCode>
                                 </country>
                                 <municipalityDescription language="fr">Namur</municipalityDescription>
                                 <postalCode>5000</postalCode>
                              </location>
                              <street>Rue des Bourgeois</street>
                              <houseNumber>7/Bloc B</houseNumber>
                           </address>
                        </ns34:bankAccount>
                     </ns33:beneficiary>
                     <ns35:debtDetailedInformation>
                        <ns35:calculationDate>2015-01-21+01:00</ns35:calculationDate>
                        <ns35:referentialNumber>999998745412</ns35:referentialNumber>
                     </ns35:debtDetailedInformation>
                  </ns37:fiscaldebt>
               </ns43:debt>
               <ns44:totalDebtAmount>45</ns44:totalDebtAmount>
            </ns44:debtParty>
            <ns45:legalBase>
               <ns45:legalSource>Code de la taxe sur la valeur ajout��e</ns45:legalSource>
               <ns45:legalBaseIdentifier>Article 93quater</ns45:legalBaseIdentifier>
            </ns45:legalBase>
            <ns27:technical>
               <ns26:Signature>
                  <ns26:SignedInfo>
                     <ns26:CanonicalizationMethod Algorithm="http://www.w3.org/TR/2001/REC-xml-c14n-20010315"/>
                     <ns26:SignatureMethod Algorithm="http://www.w3.org/2000/09/xmldsig#rsa-sha1"/>
                     <ns26:Reference URI="#signMe">
                        <ns26:DigestMethod Algorithm="http://www.w3.org/2000/09/xmldsig#sha1"/>
                        <ns26:DigestValue>CbUOX9jTy0uYSCKDVQl6peUatJ8=</ns26:DigestValue>
                     </ns26:Reference>
                  </ns26:SignedInfo>
                  <ns26:SignatureValue>WBXEECQtMTWGGq5EGO+5kyVw1kJefLsfHVA/5eYB6pZ3GOZ7LOLc/jAhKbqxeV3qdWiMGx3VzgvdF4ZaMB2HS1fLmnOmNDXHhrrqYQJ51LGDvex39k7/xAJAmuub7MDtfAu08WBTVpmQ5khGL9ZrYOXr5RoG70BrlWNr+37FekM=</ns26:SignatureValue>
                  <ns26:KeyInfo>
                     <ns26:X509Data>
                        <ns26:X509SubjectName>ST=Brussels,L=Brussels,OU=Belgian Federal Government,O=Federal Public Service Finances,CN=Test SPF Finances - FOD Financien,C=BE</ns26:X509SubjectName>
                        <ns26:X509Certificate>MIIDKzCCApSgAwIBAgIJAIkxAL2MG081MA0GCSqGSIb3DQEBBQUAMIGuMQswCQYDVQQGEwJCRTEqMCgGA1UEAxMhVGVzdCBTUEYgRmluYW5jZXMgLSBGT0QgRmluYW5jaWVuMSgwJgYDVQQKEx9GZWRlcmFsIFB1YmxpYyBTZXJ2aWNlIEZpbmFuY2VzMSMwIQYDVQQLExpCZWxnaWFuIEZlZGVyYWwgR292ZXJubWVudDERMA8GA1UEBxMIQnJ1c3NlbHMxETAPBgNVBAgTCEJydXNzZWxzMB4XDTA4MDUwNjA4MDcyMFoXDTE4MDUwNzA4MDcyMFowga4xCzAJBgNVBAYTAkJFMSowKAYDVQQDEyFUZXN0IFNQRiBGaW5hbmNlcyAtIEZPRCBGaW5hbmNpZW4xKDAmBgNVBAoTH0ZlZGVyYWwgUHVibGljIFNlcnZpY2UgRmluYW5jZXMxIzAhBgNVBAsTGkJlbGdpYW4gRmVkZXJhbCBHb3Zlcm5tZW50MREwDwYDVQQHEwhCcnVzc2VsczERMA8GA1UECBMIQnJ1c3NlbHMwgZ8wDQYJKoZIhvcNAQEBBQADgY0AMIGJAoGBAJ8T/80iF50FvothkWOZDsZUPKM52fxhNdKMT+E/lODqejyJ2iQkjEuW5yJKo0lXNj+Gxwfl99bD16IJMagbrxBnJPwR7SeS3JQ0IaLkOorOoeZkZLFoFMSfZWT9uCf6Qf/uNMQtRnX2351P1OF3cld68uFGUNS8U93OqxS9R/ZvAgMBAAGjTzBNMAwGA1UdEwQFMAMBAf8wCwYDVR0PBAQDAgTwMB0GA1UdJQQWMBQGCCsGAQUFBwMCBggrBgEFBQcDBDARBglghkgBhvhCAQEEBAMCBLAwDQYJKoZIhvcNAQEFBQADgYEATnEO8juTdcZtwzvl5EHnZ9+6cEM9rsWuQtq43UXw4RqveHWUE+Cn2ElMPiyuxLLzkzQTbcDYxI9FgVAXFEmqPf7Jii2PpHIlo8yHWCWMuPP0OykMF6YuCtyutKJBbGuTT36gNVAUEPeD34fzB5pgy2aG5wQTQctRdDz07CVM3cI=</ns26:X509Certificate>
                     </ns26:X509Data>
                  </ns26:KeyInfo>
               </ns26:Signature>
            </ns27:technical>
         </ns46:debtNotification>
         </v1:request>
      </v1:fiscalDebtNotificationRequest>
   </soapenv:Body>
</soapenv:Envelope>]]></con:request><con:assertion type="SOAP Fault Assertion" id="70f10eb8-28b2-466e-b954-3a43a36fa710" name="Not SOAP Fault"/><con:assertion type="SOAP Response" id="e962985f-5f07-48eb-9663-d4e8304bc2fc" name="SOAP Response"/><con:assertion type="Schema Compliance" id="18bd1921-b215-4065-b870-0da09430fb70" name="Schema Compliance"><con:configuration/></con:assertion><con:wsaConfig action="http://fidus.brussels/services/fourthwaydebtservice/fiscalDebtNotification"/></con:request></con:config></con:testStep><con:testStep type="request" id="64db8c51-e351-4481-bf06-60aae4fed010" name="testcase4 - Staging - LB - Request"><con:settings/><con:config xsi:type="con:RequestStep" xmlns:xsi="http://www.w3.org/2001/XMLSchema-instance"><con:interface>FourthWayDebtServiceHTTPBinding</con:interface><con:operation>fiscalDebtNotification</con:operation><con:request name="testcase4 - Staging - LB - Request" id="10cf8331-be69-4e28-ba87-216172205def" outgoingWss="Outflow STAG"><con:settings/><con:encoding>UTF-8</con:encoding><con:endpoint>https://fidus-esb-sg.sta.srv.cirb.lan:8443/services/FourthWayDebtService_v1.0</con:endpoint><con:request><![CDATA[<soapenv:Envelope xmlns:soapenv="http://schemas.xmlsoap.org/soap/envelope/" xmlns:v1="http://fidus.brussels/service/fourthwaydebtservice/messages/v1" xmlns:v11="http://fidus.brussels/type/common/messages/v1" xmlns:deb="http://fsb.belgium.be/FourthWayServices/debtnotification" xmlns:gen="http://fsb.belgium.be/FourthWayServices/generalcaseinformation" xmlns:dat="http://fsb.belgium.be/FourthWayServices/common/datatypes" xmlns:ins="http://fsb.belgium.be/FourthWayServices/institution" xmlns:add="http://fsb.belgium.be/FourthWayServices/common/addressinformation" xmlns:con="http://fsb.belgium.be/FourthWayServices/contact" xmlns:deb1="http://fsb.belgium.be/FourthWayServices/debtparty" xmlns:par="http://fsb.belgium.be/FourthWayServices/party" xmlns:debt="http://fsb.belgium.be/FourthWayServices/debt" xmlns:leg="http://fsb.belgium.be/FourthWayServices/legalbase" xmlns:tec="http://fsb.belgium.be/FourthWayServices/technical" xmlns:xd="http://www.w3.org/2000/09/xmldsig#">
   <soapenv:Header/>
   <soapenv:Body>
      <v1:fiscalDebtNotificationRequest>
         <v1:messageContext>
         	  <v11:messageId>${=import static java.util.UUID.randomUUID; uuid = randomUUID() as String}</v11:messageId>
            <v11:timestamp>${=new java.text.SimpleDateFormat("yyyy-MM-dd'T'HH:mm:ss.SSS").format(new Date())}</v11:timestamp>
         </v1:messageContext>
         <v1:legalContext>ServiceIntegrator</v1:legalContext>      
         <v1:request>
 		<ns46:debtNotification Id="SignMe" xmlns:ns50="http://be.belgium.fsb/fourthWayService/Debt" xmlns="http://fsb.belgium.be/FourthWayServices/common/addressinformation" xmlns:ns10="http://fsb.belgium.be/FourthWayServices/shipinformation" xmlns:ns11="http://fsb.belgium.be/FourthWayServices/selfemployed" xmlns:ns12="http://fsb.belgium.be/FourthWayServices/institution" xmlns:ns13="http://fsb.belgium.be/FourthWayServices/enterprise" xmlns:ns14="http://fsb.belgium.be/FourthWayServices/honorbaseddeclarations" xmlns:ns15="http://fsb.belgium.be/FourthWayServices/unregisteredparty" xmlns:ns16="http://fsb.belgium.be/FourthWayServices/partnerdescription" xmlns:ns17="http://fsb.belgium.be/FourthWayServices/mortgagegoods" xmlns:ns18="http://fsb.belgium.be/FourthWayServices/deficitcaseinformation" xmlns:ns19="http://fsb.belgium.be/FourthWayServices/debtinquiry" xmlns:ns2="http://fsb.belgium.be/FourthWayServices/common/datatypes" xmlns:ns20="http://fsb.belgium.be/FourthWayServices/immovablegoodtransaction" xmlns:ns21="http://fsb.belgium.be/FourthWayServices/movablegoodtransaction" xmlns:ns22="http://fsb.belgium.be/FourthWayServices/inheritanceinformation" xmlns:ns23="http://fsb.belgium.be/FourthWayServices/successiontransaction" xmlns:ns24="http://fsb.belgium.be/FourthWayServices/fourthwaymessage" xmlns:ns25="http://fsb.belgium.be/FourthWayServices/generalcaseinformation" xmlns:ns26="http://www.w3.org/2000/09/xmldsig#" xmlns:ns27="http://fsb.belgium.be/FourthWayServices/technical" xmlns:ns28="http://fsb.belgium.be/FourthWayServices/acknowledgementinformation" xmlns:ns29="http://fsb.belgium.be/FourthWayServices/error" xmlns:ns3="http://fsb.belgium.be/FourthWayServices/salesinformation" xmlns:ns30="http://fsb.belgium.be/FourthWayServices/businesserror" xmlns:ns31="http://fsb.belgium.be/FourthWayServices/fiscaldebtdetails" xmlns:ns32="http://fsb.belgium.be/FourthWayServices/officialproclamation" xmlns:ns33="http://fsb.belgium.be/FourthWayServices/beneficiary" xmlns:ns34="http://fsb.belgium.be/FourthWayServices/common/bankaccount" xmlns:ns35="http://fsb.belgium.be/FourthWayServices/debtdetailedinformation" xmlns:ns36="http://fsb.belgium.be/FourthWayServices/debtsolidarity" xmlns:ns37="http://fsb.belgium.be/FourthWayServices/fiscaldebt" xmlns:ns38="http://fsb.belgium.be/FourthWayServices/socialdebtdetails" xmlns:ns39="http://fsb.belgium.be/FourthWayServices/debtinformation" xmlns:ns4="http://fsb.belgium.be/FourthWayServices/gooddescription" xmlns:ns40="http://fsb.belgium.be/FourthWayServices/socialdebt" xmlns:ns41="http://fsb.belgium.be/FourthWayServices/fiscalregionflandersdebtdetails" xmlns:ns42="http://fsb.belgium.be/FourthWayServices/fiscalregionflandersdebt" xmlns:ns43="http://fsb.belgium.be/FourthWayServices/debt" xmlns:ns44="http://fsb.belgium.be/FourthWayServices/debtparty" xmlns:ns45="http://fsb.belgium.be/FourthWayServices/legalbase" xmlns:ns46="http://fsb.belgium.be/FourthWayServices/debtnotification" xmlns:ns47="http://fsb.belgium.be/FourthWayServices/debtdeficitnotification" xmlns:ns48="http://fsb.belgium.be/FourthWayServices/header" xmlns:ns49="http://fsb.belgium.be/header" xmlns:ns5="http://fsb.belgium.be/FourthWayServices/party" xmlns:ns51="http://fsb.belgium.be/FourthWayServices/technicalack" xmlns:ns52="http://fsb.belgium.be/FourthWayServices/functionalack" xmlns:ns6="http://fsb.belgium.be/FourthWayServices/naturalperson" xmlns:ns7="http://fsb.belgium.be/FourthWayServices/nonresident" xmlns:ns8="http://fsb.belgium.be/FourthWayServices/contact" xmlns:ns9="http://fsb.belgium.be/FourthWayServices/propertyinformation">
            <ns25:generalCaseInformation>
               <ns25:administrativeInformation>
                  <ns25:language>FR</ns25:language>
                  <ns25:caseNumber>2444080.210115.0167</ns25:caseNumber>
                  <ns25:transactionType>3</ns25:transactionType>
                  <ns25:procedureNumber>ENOT4000000419570</ns25:procedureNumber>
                  <ns25:replacedProcedureNumber xsi:nil="true" xmlns:xsi="http://www.w3.org/2001/XMLSchema-instance"/>
                  <ns25:requestDate>2015-01-21T14:50:02.446+01:00</ns25:requestDate>
                  <ns25:origin>
                     <ns2:origin>
                        <ns2:partner>FPS Finance</ns2:partner>
                        <ns2:partnerCode codeType="KBO">0308357159</ns2:partnerCode>
                     </ns2:origin>
                  </ns25:origin>
                  <ns25:destinations>
                     <ns2:destination>
                        <ns2:partner>FRNB</ns2:partner>
                        <ns2:partnerCode codeType="KBO">0409357321</ns2:partnerCode>
                     </ns2:destination>
                  </ns25:destinations>
                  <ns25:requestorInformation>
                     <ns12:institution>
                        <ns12:institutionType>Federal</ns12:institutionType>
                        <ns12:institutionName>Huy</ns12:institutionName>
                        <ns12:institutionIdentificationNumber type="CDDB">600904</ns12:institutionIdentificationNumber>
                        <address>
                           <location>
                              <country>
                                 <countryCode codeStandard="ISO">BE</countryCode>
                              </country>
                              <postalCode>4500</postalCode>
                           </location>
                           <street>Avenue Albert 1er</street>
                           <houseNumber>8/10</houseNumber>
                        </address>
                        <ns12:contactInformation>
                           <ns8:phoneNumber type="phone">025783660</ns8:phoneNumber>
                           <ns8:emailAddress type="email">rec.cd.huy@minfin.fed.be</ns8:emailAddress>
                        </ns12:contactInformation>
                     </ns12:institution>
                     <ns25:responsiblePerson>
                        <ns2:name>
                           <ns2:firstName>Testuser</ns2:firstName>
                           <ns2:lastName>testuser.enotrec01</ns2:lastName>
                        </ns2:name>
                        <ns8:contactInformation/>
                     </ns25:responsiblePerson>
                     <ns25:contactPerson>
                        <ns2:name>
                           <ns2:firstName>Testuser</ns2:firstName>
                           <ns2:lastName>EnotRec01</ns2:lastName>
                        </ns2:name>
                        <ns8:contactInformation>
                           <ns8:emailAddress type="email">testuser.enotrec01@guest.minfin.fed.be</ns8:emailAddress>
                        </ns8:contactInformation>
                     </ns25:contactPerson>
                  </ns25:requestorInformation>
               </ns25:administrativeInformation>
            </ns25:generalCaseInformation>
            <ns44:debtParty>
               <ns5:party partyID="005">
                  <ns5:residentialParty>false</ns5:residentialParty>
                  <ns6:naturalPerson>
                     <ns2:entityReference>
                        <ns2:source>notice1</ns2:source>
                        <ns2:entityID type="nationalNumber">68082123438</ns2:entityID>
                     </ns2:entityReference>
                     <ns6:personInformation>
                        <ns2:name>
                           <ns2:firstName>Yolande Adrienne</ns2:firstName>
                           <ns2:lastName>BUITER</ns2:lastName>
                        </ns2:name>
                        <address>
                           <location>
                              <country>
                                 <countryDescription>Belgium</countryDescription>
                                 <countryCode codeStandard="ISO">BE</countryCode>
                              </country>
                              <municipalityDescription>Verlaine</municipalityDescription>
                              <postalCode>4537</postalCode>
                           </location>
                           <street>Rue aux Raines</street>
                           <houseNumber>53</houseNumber>
                        </address>
                     </ns6:personInformation>
                  </ns6:naturalPerson>
               </ns5:party>
               <ns43:debt debtID="1">
                  <ns37:fiscaldebt>
                     <ns31:fiscalDebtDetails>
                        <ns31:debtType>VAT</ns31:debtType>
                        <ns31:declarations>
                           <ns31:negligenceClause>
                              <ns31:additionalIntrest>0</ns31:additionalIntrest>
                              <ns31:additionalIntrestFromDate>2015-01-21+01:00</ns31:additionalIntrestFromDate>
                           </ns31:negligenceClause>
                        </ns31:declarations>
                        <ns2:referencePeriod>
                           <ns2:startDate>2015-01-06+01:00</ns2:startDate>
                           <ns2:endDate>2015-01-13+01:00</ns2:endDate>
                        </ns2:referencePeriod>
                        <ns31:totalDebt>45</ns31:totalDebt>
                        <ns31:debtBreakdown>
                           <ns31:debtSubType>VAT</ns31:debtSubType>
                           <ns31:debtSubAmount>45</ns31:debtSubAmount>
                        </ns31:debtBreakdown>
                        <ns31:debtBreakdown>
                           <ns31:debtSubType>IM</ns31:debtSubType>
                           <ns31:debtSubAmount>0</ns31:debtSubAmount>
                        </ns31:debtBreakdown>
                        <ns31:debtBreakdown>
                           <ns31:debtSubType>INTEREST</ns31:debtSubType>
                           <ns31:debtSubAmount>0</ns31:debtSubAmount>
                        </ns31:debtBreakdown>
                        <ns31:debtBreakdown>
                           <ns31:debtSubType>FINES</ns31:debtSubType>
                           <ns31:debtSubAmount>0</ns31:debtSubAmount>
                        </ns31:debtBreakdown>
                        <ns31:debtBreakdown>
                           <ns31:debtSubType>COST</ns31:debtSubType>
                           <ns31:debtSubAmount>0</ns31:debtSubAmount>
                        </ns31:debtBreakdown>
                     </ns31:fiscalDebtDetails>
                     <ns32:officialProclamation/>
                     <ns33:beneficiary>
                        <ns33:beneficiaryName>CTRI Namur</ns33:beneficiaryName>
                        <ns33:structuredMessage>N99998745412NOT/</ns33:structuredMessage>
                        <ns33:amount>45</ns33:amount>
                        <ns34:bankAccount>
                           <ns34:ibanNumber>BE42 6792 0034 9254</ns34:ibanNumber>
                           <ns34:bicCode>PCHQBEBB</ns34:bicCode>
                           <ns34:accountName>CTRI Namur</ns34:accountName>
                           <address>
                              <location>
                                 <country>
                                    <countryCode codeStandard="ISO">BE</countryCode>
                                 </country>
                                 <municipalityDescription language="fr">Namur</municipalityDescription>
                                 <postalCode>5000</postalCode>
                              </location>
                              <street>Rue des Bourgeois</street>
                              <houseNumber>7/Bloc B</houseNumber>
                           </address>
                        </ns34:bankAccount>
                     </ns33:beneficiary>
                     <ns35:debtDetailedInformation>
                        <ns35:calculationDate>2015-01-21+01:00</ns35:calculationDate>
                        <ns35:referentialNumber>999998745412</ns35:referentialNumber>
                     </ns35:debtDetailedInformation>
                  </ns37:fiscaldebt>
               </ns43:debt>
               <ns44:totalDebtAmount>45</ns44:totalDebtAmount>
            </ns44:debtParty>
            <ns45:legalBase>
               <ns45:legalSource>Code de la taxe sur la valeur ajout��e</ns45:legalSource>
               <ns45:legalBaseIdentifier>Article 93quater</ns45:legalBaseIdentifier>
            </ns45:legalBase>
            <ns27:technical>
               <ns26:Signature>
                  <ns26:SignedInfo>
                     <ns26:CanonicalizationMethod Algorithm="http://www.w3.org/TR/2001/REC-xml-c14n-20010315"/>
                     <ns26:SignatureMethod Algorithm="http://www.w3.org/2000/09/xmldsig#rsa-sha1"/>
                     <ns26:Reference URI="#signMe">
                        <ns26:DigestMethod Algorithm="http://www.w3.org/2000/09/xmldsig#sha1"/>
                        <ns26:DigestValue>CbUOX9jTy0uYSCKDVQl6peUatJ8=</ns26:DigestValue>
                     </ns26:Reference>
                  </ns26:SignedInfo>
                  <ns26:SignatureValue>WBXEECQtMTWGGq5EGO+5kyVw1kJefLsfHVA/5eYB6pZ3GOZ7LOLc/jAhKbqxeV3qdWiMGx3VzgvdF4ZaMB2HS1fLmnOmNDXHhrrqYQJ51LGDvex39k7/xAJAmuub7MDtfAu08WBTVpmQ5khGL9ZrYOXr5RoG70BrlWNr+37FekM=</ns26:SignatureValue>
                  <ns26:KeyInfo>
                     <ns26:X509Data>
                        <ns26:X509SubjectName>ST=Brussels,L=Brussels,OU=Belgian Federal Government,O=Federal Public Service Finances,CN=Test SPF Finances - FOD Financien,C=BE</ns26:X509SubjectName>
                        <ns26:X509Certificate>MIIDKzCCApSgAwIBAgIJAIkxAL2MG081MA0GCSqGSIb3DQEBBQUAMIGuMQswCQYDVQQGEwJCRTEqMCgGA1UEAxMhVGVzdCBTUEYgRmluYW5jZXMgLSBGT0QgRmluYW5jaWVuMSgwJgYDVQQKEx9GZWRlcmFsIFB1YmxpYyBTZXJ2aWNlIEZpbmFuY2VzMSMwIQYDVQQLExpCZWxnaWFuIEZlZGVyYWwgR292ZXJubWVudDERMA8GA1UEBxMIQnJ1c3NlbHMxETAPBgNVBAgTCEJydXNzZWxzMB4XDTA4MDUwNjA4MDcyMFoXDTE4MDUwNzA4MDcyMFowga4xCzAJBgNVBAYTAkJFMSowKAYDVQQDEyFUZXN0IFNQRiBGaW5hbmNlcyAtIEZPRCBGaW5hbmNpZW4xKDAmBgNVBAoTH0ZlZGVyYWwgUHVibGljIFNlcnZpY2UgRmluYW5jZXMxIzAhBgNVBAsTGkJlbGdpYW4gRmVkZXJhbCBHb3Zlcm5tZW50MREwDwYDVQQHEwhCcnVzc2VsczERMA8GA1UECBMIQnJ1c3NlbHMwgZ8wDQYJKoZIhvcNAQEBBQADgY0AMIGJAoGBAJ8T/80iF50FvothkWOZDsZUPKM52fxhNdKMT+E/lODqejyJ2iQkjEuW5yJKo0lXNj+Gxwfl99bD16IJMagbrxBnJPwR7SeS3JQ0IaLkOorOoeZkZLFoFMSfZWT9uCf6Qf/uNMQtRnX2351P1OF3cld68uFGUNS8U93OqxS9R/ZvAgMBAAGjTzBNMAwGA1UdEwQFMAMBAf8wCwYDVR0PBAQDAgTwMB0GA1UdJQQWMBQGCCsGAQUFBwMCBggrBgEFBQcDBDARBglghkgBhvhCAQEEBAMCBLAwDQYJKoZIhvcNAQEFBQADgYEATnEO8juTdcZtwzvl5EHnZ9+6cEM9rsWuQtq43UXw4RqveHWUE+Cn2ElMPiyuxLLzkzQTbcDYxI9FgVAXFEmqPf7Jii2PpHIlo8yHWCWMuPP0OykMF6YuCtyutKJBbGuTT36gNVAUEPeD34fzB5pgy2aG5wQTQctRdDz07CVM3cI=</ns26:X509Certificate>
                     </ns26:X509Data>
                  </ns26:KeyInfo>
               </ns26:Signature>
            </ns27:technical>
         </ns46:debtNotification>
         </v1:request>
      </v1:fiscalDebtNotificationRequest>
   </soapenv:Body>
</soapenv:Envelope>]]></con:request><con:assertion type="SOAP Fault Assertion" id="b16eb8c8-fc4d-4953-a163-7d99d3c5e0ba" name="Not SOAP Fault"/><con:assertion type="SOAP Response" id="b54b9bce-0a46-464a-b317-22ea555dd817" name="SOAP Response"/><con:assertion type="Schema Compliance" id="4d588294-1d0a-4669-a7f5-eda4afd821b6" name="Schema Compliance"><con:configuration/></con:assertion><con:wsaConfig action="http://fidus.brussels/services/fourthwaydebtservice/fiscalDebtNotification"/></con:request></con:config></con:testStep><con:testStep type="request" id="1d71ebe0-9741-4def-88b3-07b34c494a43" name="testcase4 - Staging - External - Request"><con:settings/><con:config xsi:type="con:RequestStep" xmlns:xsi="http://www.w3.org/2001/XMLSchema-instance"><con:interface>FourthWayDebtServiceHTTPBinding</con:interface><con:operation>fiscalDebtNotification</con:operation><con:request name="testcase4 - Staging - External - Request" id="699e1762-7273-402d-8fc4-193ff64fe824" outgoingWss="Outflow STAG"><con:settings/><con:encoding>UTF-8</con:encoding><con:endpoint>https://fidus.irisnetlab.be/services/FourthWayDebtService_v1.0</con:endpoint><con:request><![CDATA[<soapenv:Envelope xmlns:soapenv="http://schemas.xmlsoap.org/soap/envelope/" xmlns:v1="http://fidus.brussels/service/fourthwaydebtservice/messages/v1" xmlns:v11="http://fidus.brussels/type/common/messages/v1" xmlns:deb="http://fsb.belgium.be/FourthWayServices/debtnotification" xmlns:gen="http://fsb.belgium.be/FourthWayServices/generalcaseinformation" xmlns:dat="http://fsb.belgium.be/FourthWayServices/common/datatypes" xmlns:ins="http://fsb.belgium.be/FourthWayServices/institution" xmlns:add="http://fsb.belgium.be/FourthWayServices/common/addressinformation" xmlns:con="http://fsb.belgium.be/FourthWayServices/contact" xmlns:deb1="http://fsb.belgium.be/FourthWayServices/debtparty" xmlns:par="http://fsb.belgium.be/FourthWayServices/party" xmlns:debt="http://fsb.belgium.be/FourthWayServices/debt" xmlns:leg="http://fsb.belgium.be/FourthWayServices/legalbase" xmlns:tec="http://fsb.belgium.be/FourthWayServices/technical" xmlns:xd="http://www.w3.org/2000/09/xmldsig#">
   <soapenv:Header/>
   <soapenv:Body>
      <v1:fiscalDebtNotificationRequest>
         <v1:messageContext>
         	  <v11:messageId>${=import static java.util.UUID.randomUUID; uuid = randomUUID() as String}</v11:messageId>
            <v11:timestamp>${=new java.text.SimpleDateFormat("yyyy-MM-dd'T'HH:mm:ss.SSS").format(new Date())}</v11:timestamp>
         </v1:messageContext>
         <v1:legalContext>ServiceIntegrator</v1:legalContext>      
         <v1:request>
 		<ns46:debtNotification Id="SignMe" xmlns:ns50="http://be.belgium.fsb/fourthWayService/Debt" xmlns="http://fsb.belgium.be/FourthWayServices/common/addressinformation" xmlns:ns10="http://fsb.belgium.be/FourthWayServices/shipinformation" xmlns:ns11="http://fsb.belgium.be/FourthWayServices/selfemployed" xmlns:ns12="http://fsb.belgium.be/FourthWayServices/institution" xmlns:ns13="http://fsb.belgium.be/FourthWayServices/enterprise" xmlns:ns14="http://fsb.belgium.be/FourthWayServices/honorbaseddeclarations" xmlns:ns15="http://fsb.belgium.be/FourthWayServices/unregisteredparty" xmlns:ns16="http://fsb.belgium.be/FourthWayServices/partnerdescription" xmlns:ns17="http://fsb.belgium.be/FourthWayServices/mortgagegoods" xmlns:ns18="http://fsb.belgium.be/FourthWayServices/deficitcaseinformation" xmlns:ns19="http://fsb.belgium.be/FourthWayServices/debtinquiry" xmlns:ns2="http://fsb.belgium.be/FourthWayServices/common/datatypes" xmlns:ns20="http://fsb.belgium.be/FourthWayServices/immovablegoodtransaction" xmlns:ns21="http://fsb.belgium.be/FourthWayServices/movablegoodtransaction" xmlns:ns22="http://fsb.belgium.be/FourthWayServices/inheritanceinformation" xmlns:ns23="http://fsb.belgium.be/FourthWayServices/successiontransaction" xmlns:ns24="http://fsb.belgium.be/FourthWayServices/fourthwaymessage" xmlns:ns25="http://fsb.belgium.be/FourthWayServices/generalcaseinformation" xmlns:ns26="http://www.w3.org/2000/09/xmldsig#" xmlns:ns27="http://fsb.belgium.be/FourthWayServices/technical" xmlns:ns28="http://fsb.belgium.be/FourthWayServices/acknowledgementinformation" xmlns:ns29="http://fsb.belgium.be/FourthWayServices/error" xmlns:ns3="http://fsb.belgium.be/FourthWayServices/salesinformation" xmlns:ns30="http://fsb.belgium.be/FourthWayServices/businesserror" xmlns:ns31="http://fsb.belgium.be/FourthWayServices/fiscaldebtdetails" xmlns:ns32="http://fsb.belgium.be/FourthWayServices/officialproclamation" xmlns:ns33="http://fsb.belgium.be/FourthWayServices/beneficiary" xmlns:ns34="http://fsb.belgium.be/FourthWayServices/common/bankaccount" xmlns:ns35="http://fsb.belgium.be/FourthWayServices/debtdetailedinformation" xmlns:ns36="http://fsb.belgium.be/FourthWayServices/debtsolidarity" xmlns:ns37="http://fsb.belgium.be/FourthWayServices/fiscaldebt" xmlns:ns38="http://fsb.belgium.be/FourthWayServices/socialdebtdetails" xmlns:ns39="http://fsb.belgium.be/FourthWayServices/debtinformation" xmlns:ns4="http://fsb.belgium.be/FourthWayServices/gooddescription" xmlns:ns40="http://fsb.belgium.be/FourthWayServices/socialdebt" xmlns:ns41="http://fsb.belgium.be/FourthWayServices/fiscalregionflandersdebtdetails" xmlns:ns42="http://fsb.belgium.be/FourthWayServices/fiscalregionflandersdebt" xmlns:ns43="http://fsb.belgium.be/FourthWayServices/debt" xmlns:ns44="http://fsb.belgium.be/FourthWayServices/debtparty" xmlns:ns45="http://fsb.belgium.be/FourthWayServices/legalbase" xmlns:ns46="http://fsb.belgium.be/FourthWayServices/debtnotification" xmlns:ns47="http://fsb.belgium.be/FourthWayServices/debtdeficitnotification" xmlns:ns48="http://fsb.belgium.be/FourthWayServices/header" xmlns:ns49="http://fsb.belgium.be/header" xmlns:ns5="http://fsb.belgium.be/FourthWayServices/party" xmlns:ns51="http://fsb.belgium.be/FourthWayServices/technicalack" xmlns:ns52="http://fsb.belgium.be/FourthWayServices/functionalack" xmlns:ns6="http://fsb.belgium.be/FourthWayServices/naturalperson" xmlns:ns7="http://fsb.belgium.be/FourthWayServices/nonresident" xmlns:ns8="http://fsb.belgium.be/FourthWayServices/contact" xmlns:ns9="http://fsb.belgium.be/FourthWayServices/propertyinformation">
            <ns25:generalCaseInformation>
               <ns25:administrativeInformation>
                  <ns25:language>FR</ns25:language>
                  <ns25:caseNumber>2444080.210115.0167</ns25:caseNumber>
                  <ns25:transactionType>3</ns25:transactionType>
                  <ns25:procedureNumber>ENOT4000000419570</ns25:procedureNumber>
                  <ns25:replacedProcedureNumber xsi:nil="true" xmlns:xsi="http://www.w3.org/2001/XMLSchema-instance"/>
                  <ns25:requestDate>2015-01-21T14:50:02.446+01:00</ns25:requestDate>
                  <ns25:origin>
                     <ns2:origin>
                        <ns2:partner>FPS Finance</ns2:partner>
                        <ns2:partnerCode codeType="KBO">0308357159</ns2:partnerCode>
                     </ns2:origin>
                  </ns25:origin>
                  <ns25:destinations>
                     <ns2:destination>
                        <ns2:partner>FRNB</ns2:partner>
                        <ns2:partnerCode codeType="KBO">0409357321</ns2:partnerCode>
                     </ns2:destination>
                  </ns25:destinations>
                  <ns25:requestorInformation>
                     <ns12:institution>
                        <ns12:institutionType>Federal</ns12:institutionType>
                        <ns12:institutionName>Huy</ns12:institutionName>
                        <ns12:institutionIdentificationNumber type="CDDB">600904</ns12:institutionIdentificationNumber>
                        <address>
                           <location>
                              <country>
                                 <countryCode codeStandard="ISO">BE</countryCode>
                              </country>
                              <postalCode>4500</postalCode>
                           </location>
                           <street>Avenue Albert 1er</street>
                           <houseNumber>8/10</houseNumber>
                        </address>
                        <ns12:contactInformation>
                           <ns8:phoneNumber type="phone">025783660</ns8:phoneNumber>
                           <ns8:emailAddress type="email">rec.cd.huy@minfin.fed.be</ns8:emailAddress>
                        </ns12:contactInformation>
                     </ns12:institution>
                     <ns25:responsiblePerson>
                        <ns2:name>
                           <ns2:firstName>Testuser</ns2:firstName>
                           <ns2:lastName>testuser.enotrec01</ns2:lastName>
                        </ns2:name>
                        <ns8:contactInformation/>
                     </ns25:responsiblePerson>
                     <ns25:contactPerson>
                        <ns2:name>
                           <ns2:firstName>Testuser</ns2:firstName>
                           <ns2:lastName>EnotRec01</ns2:lastName>
                        </ns2:name>
                        <ns8:contactInformation>
                           <ns8:emailAddress type="email">testuser.enotrec01@guest.minfin.fed.be</ns8:emailAddress>
                        </ns8:contactInformation>
                     </ns25:contactPerson>
                  </ns25:requestorInformation>
               </ns25:administrativeInformation>
            </ns25:generalCaseInformation>
            <ns44:debtParty>
               <ns5:party partyID="005">
                  <ns5:residentialParty>false</ns5:residentialParty>
                  <ns6:naturalPerson>
                     <ns2:entityReference>
                        <ns2:source>notice1</ns2:source>
                        <ns2:entityID type="nationalNumber">68082123438</ns2:entityID>
                     </ns2:entityReference>
                     <ns6:personInformation>
                        <ns2:name>
                           <ns2:firstName>Yolande Adrienne</ns2:firstName>
                           <ns2:lastName>BUITER</ns2:lastName>
                        </ns2:name>
                        <address>
                           <location>
                              <country>
                                 <countryDescription>Belgium</countryDescription>
                                 <countryCode codeStandard="ISO">BE</countryCode>
                              </country>
                              <municipalityDescription>Verlaine</municipalityDescription>
                              <postalCode>4537</postalCode>
                           </location>
                           <street>Rue aux Raines</street>
                           <houseNumber>53</houseNumber>
                        </address>
                     </ns6:personInformation>
                  </ns6:naturalPerson>
               </ns5:party>
               <ns43:debt debtID="1">
                  <ns37:fiscaldebt>
                     <ns31:fiscalDebtDetails>
                        <ns31:debtType>VAT</ns31:debtType>
                        <ns31:declarations>
                           <ns31:negligenceClause>
                              <ns31:additionalIntrest>0</ns31:additionalIntrest>
                              <ns31:additionalIntrestFromDate>2015-01-21+01:00</ns31:additionalIntrestFromDate>
                           </ns31:negligenceClause>
                        </ns31:declarations>
                        <ns2:referencePeriod>
                           <ns2:startDate>2015-01-06+01:00</ns2:startDate>
                           <ns2:endDate>2015-01-13+01:00</ns2:endDate>
                        </ns2:referencePeriod>
                        <ns31:totalDebt>45</ns31:totalDebt>
                        <ns31:debtBreakdown>
                           <ns31:debtSubType>VAT</ns31:debtSubType>
                           <ns31:debtSubAmount>45</ns31:debtSubAmount>
                        </ns31:debtBreakdown>
                        <ns31:debtBreakdown>
                           <ns31:debtSubType>IM</ns31:debtSubType>
                           <ns31:debtSubAmount>0</ns31:debtSubAmount>
                        </ns31:debtBreakdown>
                        <ns31:debtBreakdown>
                           <ns31:debtSubType>INTEREST</ns31:debtSubType>
                           <ns31:debtSubAmount>0</ns31:debtSubAmount>
                        </ns31:debtBreakdown>
                        <ns31:debtBreakdown>
                           <ns31:debtSubType>FINES</ns31:debtSubType>
                           <ns31:debtSubAmount>0</ns31:debtSubAmount>
                        </ns31:debtBreakdown>
                        <ns31:debtBreakdown>
                           <ns31:debtSubType>COST</ns31:debtSubType>
                           <ns31:debtSubAmount>0</ns31:debtSubAmount>
                        </ns31:debtBreakdown>
                     </ns31:fiscalDebtDetails>
                     <ns32:officialProclamation/>
                     <ns33:beneficiary>
                        <ns33:beneficiaryName>CTRI Namur</ns33:beneficiaryName>
                        <ns33:structuredMessage>N99998745412NOT/</ns33:structuredMessage>
                        <ns33:amount>45</ns33:amount>
                        <ns34:bankAccount>
                           <ns34:ibanNumber>BE42 6792 0034 9254</ns34:ibanNumber>
                           <ns34:bicCode>PCHQBEBB</ns34:bicCode>
                           <ns34:accountName>CTRI Namur</ns34:accountName>
                           <address>
                              <location>
                                 <country>
                                    <countryCode codeStandard="ISO">BE</countryCode>
                                 </country>
                                 <municipalityDescription language="fr">Namur</municipalityDescription>
                                 <postalCode>5000</postalCode>
                              </location>
                              <street>Rue des Bourgeois</street>
                              <houseNumber>7/Bloc B</houseNumber>
                           </address>
                        </ns34:bankAccount>
                     </ns33:beneficiary>
                     <ns35:debtDetailedInformation>
                        <ns35:calculationDate>2015-01-21+01:00</ns35:calculationDate>
                        <ns35:referentialNumber>999998745412</ns35:referentialNumber>
                     </ns35:debtDetailedInformation>
                  </ns37:fiscaldebt>
               </ns43:debt>
               <ns44:totalDebtAmount>45</ns44:totalDebtAmount>
            </ns44:debtParty>
            <ns45:legalBase>
               <ns45:legalSource>Code de la taxe sur la valeur ajout��e</ns45:legalSource>
               <ns45:legalBaseIdentifier>Article 93quater</ns45:legalBaseIdentifier>
            </ns45:legalBase>
            <ns27:technical>
               <ns26:Signature>
                  <ns26:SignedInfo>
                     <ns26:CanonicalizationMethod Algorithm="http://www.w3.org/TR/2001/REC-xml-c14n-20010315"/>
                     <ns26:SignatureMethod Algorithm="http://www.w3.org/2000/09/xmldsig#rsa-sha1"/>
                     <ns26:Reference URI="#signMe">
                        <ns26:DigestMethod Algorithm="http://www.w3.org/2000/09/xmldsig#sha1"/>
                        <ns26:DigestValue>CbUOX9jTy0uYSCKDVQl6peUatJ8=</ns26:DigestValue>
                     </ns26:Reference>
                  </ns26:SignedInfo>
                  <ns26:SignatureValue>WBXEECQtMTWGGq5EGO+5kyVw1kJefLsfHVA/5eYB6pZ3GOZ7LOLc/jAhKbqxeV3qdWiMGx3VzgvdF4ZaMB2HS1fLmnOmNDXHhrrqYQJ51LGDvex39k7/xAJAmuub7MDtfAu08WBTVpmQ5khGL9ZrYOXr5RoG70BrlWNr+37FekM=</ns26:SignatureValue>
                  <ns26:KeyInfo>
                     <ns26:X509Data>
                        <ns26:X509SubjectName>ST=Brussels,L=Brussels,OU=Belgian Federal Government,O=Federal Public Service Finances,CN=Test SPF Finances - FOD Financien,C=BE</ns26:X509SubjectName>
                        <ns26:X509Certificate>MIIDKzCCApSgAwIBAgIJAIkxAL2MG081MA0GCSqGSIb3DQEBBQUAMIGuMQswCQYDVQQGEwJCRTEqMCgGA1UEAxMhVGVzdCBTUEYgRmluYW5jZXMgLSBGT0QgRmluYW5jaWVuMSgwJgYDVQQKEx9GZWRlcmFsIFB1YmxpYyBTZXJ2aWNlIEZpbmFuY2VzMSMwIQYDVQQLExpCZWxnaWFuIEZlZGVyYWwgR292ZXJubWVudDERMA8GA1UEBxMIQnJ1c3NlbHMxETAPBgNVBAgTCEJydXNzZWxzMB4XDTA4MDUwNjA4MDcyMFoXDTE4MDUwNzA4MDcyMFowga4xCzAJBgNVBAYTAkJFMSowKAYDVQQDEyFUZXN0IFNQRiBGaW5hbmNlcyAtIEZPRCBGaW5hbmNpZW4xKDAmBgNVBAoTH0ZlZGVyYWwgUHVibGljIFNlcnZpY2UgRmluYW5jZXMxIzAhBgNVBAsTGkJlbGdpYW4gRmVkZXJhbCBHb3Zlcm5tZW50MREwDwYDVQQHEwhCcnVzc2VsczERMA8GA1UECBMIQnJ1c3NlbHMwgZ8wDQYJKoZIhvcNAQEBBQADgY0AMIGJAoGBAJ8T/80iF50FvothkWOZDsZUPKM52fxhNdKMT+E/lODqejyJ2iQkjEuW5yJKo0lXNj+Gxwfl99bD16IJMagbrxBnJPwR7SeS3JQ0IaLkOorOoeZkZLFoFMSfZWT9uCf6Qf/uNMQtRnX2351P1OF3cld68uFGUNS8U93OqxS9R/ZvAgMBAAGjTzBNMAwGA1UdEwQFMAMBAf8wCwYDVR0PBAQDAgTwMB0GA1UdJQQWMBQGCCsGAQUFBwMCBggrBgEFBQcDBDARBglghkgBhvhCAQEEBAMCBLAwDQYJKoZIhvcNAQEFBQADgYEATnEO8juTdcZtwzvl5EHnZ9+6cEM9rsWuQtq43UXw4RqveHWUE+Cn2ElMPiyuxLLzkzQTbcDYxI9FgVAXFEmqPf7Jii2PpHIlo8yHWCWMuPP0OykMF6YuCtyutKJBbGuTT36gNVAUEPeD34fzB5pgy2aG5wQTQctRdDz07CVM3cI=</ns26:X509Certificate>
                     </ns26:X509Data>
                  </ns26:KeyInfo>
               </ns26:Signature>
            </ns27:technical>
         </ns46:debtNotification>
         </v1:request>
      </v1:fiscalDebtNotificationRequest>
   </soapenv:Body>
</soapenv:Envelope>]]></con:request><con:assertion type="SOAP Fault Assertion" id="f0cacb5d-beac-4d4a-a863-1846e9e431be" name="Not SOAP Fault"/><con:assertion type="SOAP Response" id="5f331dfb-50c7-4eae-b6f3-9ed6a162099c" name="SOAP Response"/><con:assertion type="Schema Compliance" id="41323762-b1d8-4370-bb4b-d6cfa4cad9b7" name="Schema Compliance"><con:configuration/></con:assertion><con:wsaConfig action="http://fidus.brussels/services/fourthwaydebtservice/fiscalDebtNotification"/></con:request></con:config></con:testStep><con:properties/></con:testCase><con:properties/></con:testSuite><con:testSuite id="11f2c6dc-fdc7-4523-b056-0e7c47e5cd69" name="PROD"><con:settings/><con:runType>SEQUENTIAL</con:runType><con:testCase id="446bf14d-ab93-4e47-98cf-96bc06ef0a4f" failOnError="true" failTestCaseOnErrors="true" keepSession="false" maxResults="0" name="businessError" searchProperties="true"><con:settings/><con:testStep type="request" id="5b25d276-43fb-4370-831b-6abe13807637" name="testcase5 - Prod - External - Request"><con:settings/><con:config xsi:type="con:RequestStep" xmlns:xsi="http://www.w3.org/2001/XMLSchema-instance"><con:interface>FourthWayDebtServiceHTTPBinding</con:interface><con:operation>businessError</con:operation><con:request name="testcase5 - Prod - External - Request" id="7c3a8908-c955-48d8-b29b-04de0fe9c885" outgoingWss="Outflow PROD"><con:settings/><con:encoding>UTF-8</con:encoding><con:endpoint>https://fidus.sec.brussels/services/FourthWayDebtService_v1.0</con:endpoint><con:request><![CDATA[<soapenv:Envelope xmlns:soapenv="http://schemas.xmlsoap.org/soap/envelope/" xmlns:v1="http://fidus.brussels/service/fourthwaydebtservice/messages/v1" xmlns:v11="http://fidus.brussels/type/common/messages/v1" xmlns:bus="http://fsb.belgium.be/FourthWayServices/businesserror" xmlns:err="http://fsb.belgium.be/FourthWayServices/error" xmlns:dat="http://fsb.belgium.be/FourthWayServices/common/datatypes">
   <soapenv:Header/>
   <soapenv:Body>
      <v1:businessErrorRequest>
         <v1:messageContext>
     	  <v11:messageId>${=import static java.util.UUID.randomUUID; uuid = randomUUID() as String}</v11:messageId>
            <v11:timestamp>${=new java.text.SimpleDateFormat("yyyy-MM-dd'T'HH:mm:ss.SSS").format(new Date())}</v11:timestamp>
         </v1:messageContext>
         <v1:legalContext>ServiceIntegrator</v1:legalContext>
         <v1:request>
   		<bus:businessError>
            <err:error>
               <err:code>VAL0005</err:code>
               <err:description>A validation error</err:description>
            </err:error>
            <bus:messageIdentification>
               <dat:origin>
                  <dat:origin>
                     <dat:partner>FRNB</dat:partner>
                     <dat:partnerCode codeType="KBO">0409357321</dat:partnerCode>
                  </dat:origin>
               </dat:origin>
            </bus:messageIdentification>
         </bus:businessError>
         </v1:request>
      </v1:businessErrorRequest>
   </soapenv:Body>
</soapenv:Envelope>]]></con:request><con:assertion type="SOAP Fault Assertion" id="dd7110e2-2009-43b8-99d9-7e42544acdea" name="Not SOAP Fault"/><con:assertion type="SOAP Response" id="dbb68abd-c401-457c-bfcc-eb2ac73321cb" name="SOAP Response"/><con:assertion type="Schema Compliance" id="b072bfea-290c-4de9-a813-0b1817c97de6" name="Schema Compliance"><con:configuration/></con:assertion><con:wsaConfig action="http://fidus.brussels/services/fourthwaydebtservice/businessError"/></con:request></con:config></con:testStep><con:testStep type="request" id="6646c413-a2f2-4016-88e9-ce586774156e" name="testcase5 - Prod - LB - Request"><con:settings/><con:config xsi:type="con:RequestStep" xmlns:xsi="http://www.w3.org/2001/XMLSchema-instance"><con:interface>FourthWayDebtServiceHTTPBinding</con:interface><con:operation>businessError</con:operation><con:request name="testcase5 - Prod - LB - Request" id="48d8899d-adf2-481f-8a9b-5f256b69f5c8" outgoingWss="Outflow PROD"><con:settings/><con:encoding>UTF-8</con:encoding><con:endpoint>https://fidus-esb-sg.prd.srv.cirb.lan:8443/services/FourthWayDebtService_v1.0</con:endpoint><con:request><![CDATA[<soapenv:Envelope xmlns:soapenv="http://schemas.xmlsoap.org/soap/envelope/" xmlns:v1="http://fidus.brussels/service/fourthwaydebtservice/messages/v1" xmlns:v11="http://fidus.brussels/type/common/messages/v1" xmlns:bus="http://fsb.belgium.be/FourthWayServices/businesserror" xmlns:err="http://fsb.belgium.be/FourthWayServices/error" xmlns:dat="http://fsb.belgium.be/FourthWayServices/common/datatypes">
   <soapenv:Header/>
   <soapenv:Body>
      <v1:businessErrorRequest>
         <v1:messageContext>
     	  <v11:messageId>${=import static java.util.UUID.randomUUID; uuid = randomUUID() as String}</v11:messageId>
            <v11:timestamp>${=new java.text.SimpleDateFormat("yyyy-MM-dd'T'HH:mm:ss.SSS").format(new Date())}</v11:timestamp>
         </v1:messageContext>
         <v1:legalContext>ServiceIntegrator</v1:legalContext>
         <v1:request>
   		<bus:businessError>
            <err:error>
               <err:code>VAL0005</err:code>
               <err:description>A validation error</err:description>
            </err:error>
            <bus:messageIdentification>
               <dat:origin>
                  <dat:origin>
                     <dat:partner>FRNB</dat:partner>
                     <dat:partnerCode codeType="KBO">0409357321</dat:partnerCode>
                  </dat:origin>
               </dat:origin>
            </bus:messageIdentification>
         </bus:businessError>
         </v1:request>
      </v1:businessErrorRequest>
   </soapenv:Body>
</soapenv:Envelope>]]></con:request><con:assertion type="SOAP Fault Assertion" id="1c759cff-5fb0-4e86-b0ff-559354080369" name="Not SOAP Fault"/><con:assertion type="SOAP Response" id="5bff4576-aafc-4418-9f1c-856aa024aac5" name="SOAP Response"/><con:assertion type="Schema Compliance" id="30b9256b-ee98-4a27-b364-f97261edbef7" name="Schema Compliance"><con:configuration/></con:assertion><con:wsaConfig action="http://fidus.brussels/services/fourthwaydebtservice/businessError"/></con:request></con:config></con:testStep><con:testStep type="request" id="0c28f951-4b8b-4afa-ae25-00539231dbfc" name="testcase5 - Prod - Worker1 - Request"><con:settings/><con:config xsi:type="con:RequestStep" xmlns:xsi="http://www.w3.org/2001/XMLSchema-instance"><con:interface>FourthWayDebtServiceHTTPBinding</con:interface><con:operation>businessError</con:operation><con:request name="testcase5 - Prod - Worker1 - Request" id="45468f98-0a7d-4158-8505-cc114035a279" outgoingWss="Outflow PROD"><con:settings/><con:encoding>UTF-8</con:encoding><con:endpoint>https://192.168.26.22:8443/services/FourthWayDebtService_v1.0</con:endpoint><con:request><![CDATA[<soapenv:Envelope xmlns:soapenv="http://schemas.xmlsoap.org/soap/envelope/" xmlns:v1="http://fidus.brussels/service/fourthwaydebtservice/messages/v1" xmlns:v11="http://fidus.brussels/type/common/messages/v1" xmlns:bus="http://fsb.belgium.be/FourthWayServices/businesserror" xmlns:err="http://fsb.belgium.be/FourthWayServices/error" xmlns:dat="http://fsb.belgium.be/FourthWayServices/common/datatypes">
   <soapenv:Header/>
   <soapenv:Body>
      <v1:businessErrorRequest>
         <v1:messageContext>
     	  <v11:messageId>${=import static java.util.UUID.randomUUID; uuid = randomUUID() as String}</v11:messageId>
            <v11:timestamp>${=new java.text.SimpleDateFormat("yyyy-MM-dd'T'HH:mm:ss.SSS").format(new Date())}</v11:timestamp>
         </v1:messageContext>
         <v1:legalContext>ServiceIntegrator</v1:legalContext>
         <v1:request>
   		<bus:businessError>
            <err:error>
               <err:code>VAL0005</err:code>
               <err:description>A validation error</err:description>
            </err:error>
            <bus:messageIdentification>
               <dat:origin>
                  <dat:origin>
                     <dat:partner>FRNB</dat:partner>
                     <dat:partnerCode codeType="KBO">0409357321</dat:partnerCode>
                  </dat:origin>
               </dat:origin>
            </bus:messageIdentification>
         </bus:businessError>
         </v1:request>
      </v1:businessErrorRequest>
   </soapenv:Body>
</soapenv:Envelope>]]></con:request><con:assertion type="SOAP Fault Assertion" id="5b388bc8-c667-43f2-aa81-ba87612a7df7" name="Not SOAP Fault"/><con:assertion type="SOAP Response" id="7281d4ef-5db7-4f51-8770-c0a448df4fef" name="SOAP Response"/><con:assertion type="Schema Compliance" id="181c24a8-b1ba-4cd7-b5e7-111a8b0dd0ed" name="Schema Compliance"><con:configuration/></con:assertion><con:wsaConfig action="http://fidus.brussels/services/fourthwaydebtservice/businessError"/></con:request></con:config></con:testStep><con:testStep type="request" id="c42df3b9-ba77-4f35-8519-3473cfa117b5" name="testcase5 - Prod - Worker2 - Request"><con:settings/><con:config xsi:type="con:RequestStep" xmlns:xsi="http://www.w3.org/2001/XMLSchema-instance"><con:interface>FourthWayDebtServiceHTTPBinding</con:interface><con:operation>businessError</con:operation><con:request name="testcase5 - Prod - Worker2 - Request" id="86761823-ca1a-40d2-bce8-b8a7fe9951bb" outgoingWss="Outflow PROD"><con:settings/><con:encoding>UTF-8</con:encoding><con:endpoint>https://192.168.26.19:8443/services/FourthWayDebtService_v1.0</con:endpoint><con:request><![CDATA[<soapenv:Envelope xmlns:soapenv="http://schemas.xmlsoap.org/soap/envelope/" xmlns:v1="http://fidus.brussels/service/fourthwaydebtservice/messages/v1" xmlns:v11="http://fidus.brussels/type/common/messages/v1" xmlns:bus="http://fsb.belgium.be/FourthWayServices/businesserror" xmlns:err="http://fsb.belgium.be/FourthWayServices/error" xmlns:dat="http://fsb.belgium.be/FourthWayServices/common/datatypes">
   <soapenv:Header/>
   <soapenv:Body>
      <v1:businessErrorRequest>
         <v1:messageContext>
     	  <v11:messageId>${=import static java.util.UUID.randomUUID; uuid = randomUUID() as String}</v11:messageId>
            <v11:timestamp>${=new java.text.SimpleDateFormat("yyyy-MM-dd'T'HH:mm:ss.SSS").format(new Date())}</v11:timestamp>
         </v1:messageContext>
         <v1:legalContext>ServiceIntegrator</v1:legalContext>
         <v1:request>
   		<bus:businessError>
            <err:error>
               <err:code>VAL0005</err:code>
               <err:description>A validation error</err:description>
            </err:error>
            <bus:messageIdentification>
               <dat:origin>
                  <dat:origin>
                     <dat:partner>FRNB</dat:partner>
                     <dat:partnerCode codeType="KBO">0409357321</dat:partnerCode>
                  </dat:origin>
               </dat:origin>
            </bus:messageIdentification>
         </bus:businessError>
         </v1:request>
      </v1:businessErrorRequest>
   </soapenv:Body>
</soapenv:Envelope>]]></con:request><con:assertion type="SOAP Fault Assertion" id="853598e0-ce83-4a4f-a25f-dc0389b1c0eb" name="Not SOAP Fault"/><con:assertion type="SOAP Response" id="1fb93638-f1b0-4d84-b883-a3b895168a49" name="SOAP Response"/><con:assertion type="Schema Compliance" id="5917634f-8597-44b4-b8dc-81ba2c77bb17" name="Schema Compliance"><con:configuration/></con:assertion><con:wsaConfig action="http://fidus.brussels/services/fourthwaydebtservice/businessError"/></con:request></con:config></con:testStep><con:properties/></con:testCase><con:testCase id="ca803d4f-9aea-47f1-b343-dcbe252b4895" failOnError="true" failTestCaseOnErrors="true" keepSession="false" maxResults="0" name="fiscalDebtNotification" searchProperties="true"><con:settings/><con:testStep type="request" id="c3c30e2e-033f-4045-965b-81d7c530537e" name="testcase5 - Prod - External - Request"><con:settings/><con:config xsi:type="con:RequestStep" xmlns:xsi="http://www.w3.org/2001/XMLSchema-instance"><con:interface>FourthWayDebtServiceHTTPBinding</con:interface><con:operation>fiscalDebtNotification</con:operation><con:request name="testcase5 - Prod - External - Request" id="c1413606-738c-4799-b4fa-778fb67ff354" outgoingWss="Outflow PROD"><con:settings/><con:encoding>UTF-8</con:encoding><con:endpoint>https://fidus.sec.brussels/services/FourthWayDebtService_v1.0</con:endpoint><con:request><![CDATA[<soapenv:Envelope xmlns:soapenv="http://schemas.xmlsoap.org/soap/envelope/" xmlns:v1="http://fidus.brussels/service/fourthwaydebtservice/messages/v1" xmlns:v11="http://fidus.brussels/type/common/messages/v1" xmlns:deb="http://fsb.belgium.be/FourthWayServices/debtnotification" xmlns:gen="http://fsb.belgium.be/FourthWayServices/generalcaseinformation" xmlns:dat="http://fsb.belgium.be/FourthWayServices/common/datatypes" xmlns:ins="http://fsb.belgium.be/FourthWayServices/institution" xmlns:add="http://fsb.belgium.be/FourthWayServices/common/addressinformation" xmlns:con="http://fsb.belgium.be/FourthWayServices/contact" xmlns:deb1="http://fsb.belgium.be/FourthWayServices/debtparty" xmlns:par="http://fsb.belgium.be/FourthWayServices/party" xmlns:debt="http://fsb.belgium.be/FourthWayServices/debt" xmlns:leg="http://fsb.belgium.be/FourthWayServices/legalbase" xmlns:tec="http://fsb.belgium.be/FourthWayServices/technical" xmlns:xd="http://www.w3.org/2000/09/xmldsig#">
   <soapenv:Header/>
   <soapenv:Body>
      <v1:fiscalDebtNotificationRequest>
         <v1:messageContext>
         	  <v11:messageId>${=import static java.util.UUID.randomUUID; uuid = randomUUID() as String}</v11:messageId>
            <v11:timestamp>${=new java.text.SimpleDateFormat("yyyy-MM-dd'T'HH:mm:ss.SSS").format(new Date())}</v11:timestamp>
         </v1:messageContext>
         <v1:legalContext>ServiceIntegrator</v1:legalContext>      
         <v1:request>
 		<ns46:debtNotification Id="SignMe" xmlns:ns50="http://be.belgium.fsb/fourthWayService/Debt" xmlns="http://fsb.belgium.be/FourthWayServices/common/addressinformation" xmlns:ns10="http://fsb.belgium.be/FourthWayServices/shipinformation" xmlns:ns11="http://fsb.belgium.be/FourthWayServices/selfemployed" xmlns:ns12="http://fsb.belgium.be/FourthWayServices/institution" xmlns:ns13="http://fsb.belgium.be/FourthWayServices/enterprise" xmlns:ns14="http://fsb.belgium.be/FourthWayServices/honorbaseddeclarations" xmlns:ns15="http://fsb.belgium.be/FourthWayServices/unregisteredparty" xmlns:ns16="http://fsb.belgium.be/FourthWayServices/partnerdescription" xmlns:ns17="http://fsb.belgium.be/FourthWayServices/mortgagegoods" xmlns:ns18="http://fsb.belgium.be/FourthWayServices/deficitcaseinformation" xmlns:ns19="http://fsb.belgium.be/FourthWayServices/debtinquiry" xmlns:ns2="http://fsb.belgium.be/FourthWayServices/common/datatypes" xmlns:ns20="http://fsb.belgium.be/FourthWayServices/immovablegoodtransaction" xmlns:ns21="http://fsb.belgium.be/FourthWayServices/movablegoodtransaction" xmlns:ns22="http://fsb.belgium.be/FourthWayServices/inheritanceinformation" xmlns:ns23="http://fsb.belgium.be/FourthWayServices/successiontransaction" xmlns:ns24="http://fsb.belgium.be/FourthWayServices/fourthwaymessage" xmlns:ns25="http://fsb.belgium.be/FourthWayServices/generalcaseinformation" xmlns:ns26="http://www.w3.org/2000/09/xmldsig#" xmlns:ns27="http://fsb.belgium.be/FourthWayServices/technical" xmlns:ns28="http://fsb.belgium.be/FourthWayServices/acknowledgementinformation" xmlns:ns29="http://fsb.belgium.be/FourthWayServices/error" xmlns:ns3="http://fsb.belgium.be/FourthWayServices/salesinformation" xmlns:ns30="http://fsb.belgium.be/FourthWayServices/businesserror" xmlns:ns31="http://fsb.belgium.be/FourthWayServices/fiscaldebtdetails" xmlns:ns32="http://fsb.belgium.be/FourthWayServices/officialproclamation" xmlns:ns33="http://fsb.belgium.be/FourthWayServices/beneficiary" xmlns:ns34="http://fsb.belgium.be/FourthWayServices/common/bankaccount" xmlns:ns35="http://fsb.belgium.be/FourthWayServices/debtdetailedinformation" xmlns:ns36="http://fsb.belgium.be/FourthWayServices/debtsolidarity" xmlns:ns37="http://fsb.belgium.be/FourthWayServices/fiscaldebt" xmlns:ns38="http://fsb.belgium.be/FourthWayServices/socialdebtdetails" xmlns:ns39="http://fsb.belgium.be/FourthWayServices/debtinformation" xmlns:ns4="http://fsb.belgium.be/FourthWayServices/gooddescription" xmlns:ns40="http://fsb.belgium.be/FourthWayServices/socialdebt" xmlns:ns41="http://fsb.belgium.be/FourthWayServices/fiscalregionflandersdebtdetails" xmlns:ns42="http://fsb.belgium.be/FourthWayServices/fiscalregionflandersdebt" xmlns:ns43="http://fsb.belgium.be/FourthWayServices/debt" xmlns:ns44="http://fsb.belgium.be/FourthWayServices/debtparty" xmlns:ns45="http://fsb.belgium.be/FourthWayServices/legalbase" xmlns:ns46="http://fsb.belgium.be/FourthWayServices/debtnotification" xmlns:ns47="http://fsb.belgium.be/FourthWayServices/debtdeficitnotification" xmlns:ns48="http://fsb.belgium.be/FourthWayServices/header" xmlns:ns49="http://fsb.belgium.be/header" xmlns:ns5="http://fsb.belgium.be/FourthWayServices/party" xmlns:ns51="http://fsb.belgium.be/FourthWayServices/technicalack" xmlns:ns52="http://fsb.belgium.be/FourthWayServices/functionalack" xmlns:ns6="http://fsb.belgium.be/FourthWayServices/naturalperson" xmlns:ns7="http://fsb.belgium.be/FourthWayServices/nonresident" xmlns:ns8="http://fsb.belgium.be/FourthWayServices/contact" xmlns:ns9="http://fsb.belgium.be/FourthWayServices/propertyinformation">
            <ns25:generalCaseInformation>
               <ns25:administrativeInformation>
                  <ns25:language>FR</ns25:language>
                  <ns25:caseNumber>2444080.210115.0167</ns25:caseNumber>
                  <ns25:transactionType>3</ns25:transactionType>
                  <ns25:procedureNumber>ENOT4000000419570</ns25:procedureNumber>
                  <ns25:replacedProcedureNumber xsi:nil="true" xmlns:xsi="http://www.w3.org/2001/XMLSchema-instance"/>
                  <ns25:requestDate>2015-01-21T14:50:02.446+01:00</ns25:requestDate>
                  <ns25:origin>
                     <ns2:origin>
                        <ns2:partner>FPS Finance</ns2:partner>
                        <ns2:partnerCode codeType="KBO">0308357159</ns2:partnerCode>
                     </ns2:origin>
                  </ns25:origin>
                  <ns25:destinations>
                     <ns2:destination>
                        <ns2:partner>FRNB</ns2:partner>
                        <ns2:partnerCode codeType="KBO">0409357321</ns2:partnerCode>
                     </ns2:destination>
                  </ns25:destinations>
                  <ns25:requestorInformation>
                     <ns12:institution>
                        <ns12:institutionType>Federal</ns12:institutionType>
                        <ns12:institutionName>Huy</ns12:institutionName>
                        <ns12:institutionIdentificationNumber type="CDDB">600904</ns12:institutionIdentificationNumber>
                        <address>
                           <location>
                              <country>
                                 <countryCode codeStandard="ISO">BE</countryCode>
                              </country>
                              <postalCode>4500</postalCode>
                           </location>
                           <street>Avenue Albert 1er</street>
                           <houseNumber>8/10</houseNumber>
                        </address>
                        <ns12:contactInformation>
                           <ns8:phoneNumber type="phone">025783660</ns8:phoneNumber>
                           <ns8:emailAddress type="email">rec.cd.huy@minfin.fed.be</ns8:emailAddress>
                        </ns12:contactInformation>
                     </ns12:institution>
                     <ns25:responsiblePerson>
                        <ns2:name>
                           <ns2:firstName>Testuser</ns2:firstName>
                           <ns2:lastName>testuser.enotrec01</ns2:lastName>
                        </ns2:name>
                        <ns8:contactInformation/>
                     </ns25:responsiblePerson>
                     <ns25:contactPerson>
                        <ns2:name>
                           <ns2:firstName>Testuser</ns2:firstName>
                           <ns2:lastName>EnotRec01</ns2:lastName>
                        </ns2:name>
                        <ns8:contactInformation>
                           <ns8:emailAddress type="email">testuser.enotrec01@guest.minfin.fed.be</ns8:emailAddress>
                        </ns8:contactInformation>
                     </ns25:contactPerson>
                  </ns25:requestorInformation>
               </ns25:administrativeInformation>
            </ns25:generalCaseInformation>
            <ns44:debtParty>
               <ns5:party partyID="005">
                  <ns5:residentialParty>false</ns5:residentialParty>
                  <ns6:naturalPerson>
                     <ns2:entityReference>
                        <ns2:source>notice1</ns2:source>
                        <ns2:entityID type="nationalNumber">68082123438</ns2:entityID>
                     </ns2:entityReference>
                     <ns6:personInformation>
                        <ns2:name>
                           <ns2:firstName>Yolande Adrienne</ns2:firstName>
                           <ns2:lastName>BUITER</ns2:lastName>
                        </ns2:name>
                        <address>
                           <location>
                              <country>
                                 <countryDescription>Belgium</countryDescription>
                                 <countryCode codeStandard="ISO">BE</countryCode>
                              </country>
                              <municipalityDescription>Verlaine</municipalityDescription>
                              <postalCode>4537</postalCode>
                           </location>
                           <street>Rue aux Raines</street>
                           <houseNumber>53</houseNumber>
                        </address>
                     </ns6:personInformation>
                  </ns6:naturalPerson>
               </ns5:party>
               <ns43:debt debtID="1">
                  <ns37:fiscaldebt>
                     <ns31:fiscalDebtDetails>
                        <ns31:debtType>VAT</ns31:debtType>
                        <ns31:declarations>
                           <ns31:negligenceClause>
                              <ns31:additionalIntrest>0</ns31:additionalIntrest>
                              <ns31:additionalIntrestFromDate>2015-01-21+01:00</ns31:additionalIntrestFromDate>
                           </ns31:negligenceClause>
                        </ns31:declarations>
                        <ns2:referencePeriod>
                           <ns2:startDate>2015-01-06+01:00</ns2:startDate>
                           <ns2:endDate>2015-01-13+01:00</ns2:endDate>
                        </ns2:referencePeriod>
                        <ns31:totalDebt>45</ns31:totalDebt>
                        <ns31:debtBreakdown>
                           <ns31:debtSubType>VAT</ns31:debtSubType>
                           <ns31:debtSubAmount>45</ns31:debtSubAmount>
                        </ns31:debtBreakdown>
                        <ns31:debtBreakdown>
                           <ns31:debtSubType>IM</ns31:debtSubType>
                           <ns31:debtSubAmount>0</ns31:debtSubAmount>
                        </ns31:debtBreakdown>
                        <ns31:debtBreakdown>
                           <ns31:debtSubType>INTEREST</ns31:debtSubType>
                           <ns31:debtSubAmount>0</ns31:debtSubAmount>
                        </ns31:debtBreakdown>
                        <ns31:debtBreakdown>
                           <ns31:debtSubType>FINES</ns31:debtSubType>
                           <ns31:debtSubAmount>0</ns31:debtSubAmount>
                        </ns31:debtBreakdown>
                        <ns31:debtBreakdown>
                           <ns31:debtSubType>COST</ns31:debtSubType>
                           <ns31:debtSubAmount>0</ns31:debtSubAmount>
                        </ns31:debtBreakdown>
                     </ns31:fiscalDebtDetails>
                     <ns32:officialProclamation/>
                     <ns33:beneficiary>
                        <ns33:beneficiaryName>CTRI Namur</ns33:beneficiaryName>
                        <ns33:structuredMessage>N99998745412NOT/</ns33:structuredMessage>
                        <ns33:amount>45</ns33:amount>
                        <ns34:bankAccount>
                           <ns34:ibanNumber>BE42 6792 0034 9254</ns34:ibanNumber>
                           <ns34:bicCode>PCHQBEBB</ns34:bicCode>
                           <ns34:accountName>CTRI Namur</ns34:accountName>
                           <address>
                              <location>
                                 <country>
                                    <countryCode codeStandard="ISO">BE</countryCode>
                                 </country>
                                 <municipalityDescription language="fr">Namur</municipalityDescription>
                                 <postalCode>5000</postalCode>
                              </location>
                              <street>Rue des Bourgeois</street>
                              <houseNumber>7/Bloc B</houseNumber>
                           </address>
                        </ns34:bankAccount>
                     </ns33:beneficiary>
                     <ns35:debtDetailedInformation>
                        <ns35:calculationDate>2015-01-21+01:00</ns35:calculationDate>
                        <ns35:referentialNumber>999998745412</ns35:referentialNumber>
                     </ns35:debtDetailedInformation>
                  </ns37:fiscaldebt>
               </ns43:debt>
               <ns44:totalDebtAmount>45</ns44:totalDebtAmount>
            </ns44:debtParty>
            <ns45:legalBase>
               <ns45:legalSource>Code de la taxe sur la valeur ajout��e</ns45:legalSource>
               <ns45:legalBaseIdentifier>Article 93quater</ns45:legalBaseIdentifier>
            </ns45:legalBase>
            <ns27:technical>
               <ns26:Signature>
                  <ns26:SignedInfo>
                     <ns26:CanonicalizationMethod Algorithm="http://www.w3.org/TR/2001/REC-xml-c14n-20010315"/>
                     <ns26:SignatureMethod Algorithm="http://www.w3.org/2000/09/xmldsig#rsa-sha1"/>
                     <ns26:Reference URI="#signMe">
                        <ns26:DigestMethod Algorithm="http://www.w3.org/2000/09/xmldsig#sha1"/>
                        <ns26:DigestValue>CbUOX9jTy0uYSCKDVQl6peUatJ8=</ns26:DigestValue>
                     </ns26:Reference>
                  </ns26:SignedInfo>
                  <ns26:SignatureValue>WBXEECQtMTWGGq5EGO+5kyVw1kJefLsfHVA/5eYB6pZ3GOZ7LOLc/jAhKbqxeV3qdWiMGx3VzgvdF4ZaMB2HS1fLmnOmNDXHhrrqYQJ51LGDvex39k7/xAJAmuub7MDtfAu08WBTVpmQ5khGL9ZrYOXr5RoG70BrlWNr+37FekM=</ns26:SignatureValue>
                  <ns26:KeyInfo>
                     <ns26:X509Data>
                        <ns26:X509SubjectName>ST=Brussels,L=Brussels,OU=Belgian Federal Government,O=Federal Public Service Finances,CN=Test SPF Finances - FOD Financien,C=BE</ns26:X509SubjectName>
                        <ns26:X509Certificate>MIIDKzCCApSgAwIBAgIJAIkxAL2MG081MA0GCSqGSIb3DQEBBQUAMIGuMQswCQYDVQQGEwJCRTEqMCgGA1UEAxMhVGVzdCBTUEYgRmluYW5jZXMgLSBGT0QgRmluYW5jaWVuMSgwJgYDVQQKEx9GZWRlcmFsIFB1YmxpYyBTZXJ2aWNlIEZpbmFuY2VzMSMwIQYDVQQLExpCZWxnaWFuIEZlZGVyYWwgR292ZXJubWVudDERMA8GA1UEBxMIQnJ1c3NlbHMxETAPBgNVBAgTCEJydXNzZWxzMB4XDTA4MDUwNjA4MDcyMFoXDTE4MDUwNzA4MDcyMFowga4xCzAJBgNVBAYTAkJFMSowKAYDVQQDEyFUZXN0IFNQRiBGaW5hbmNlcyAtIEZPRCBGaW5hbmNpZW4xKDAmBgNVBAoTH0ZlZGVyYWwgUHVibGljIFNlcnZpY2UgRmluYW5jZXMxIzAhBgNVBAsTGkJlbGdpYW4gRmVkZXJhbCBHb3Zlcm5tZW50MREwDwYDVQQHEwhCcnVzc2VsczERMA8GA1UECBMIQnJ1c3NlbHMwgZ8wDQYJKoZIhvcNAQEBBQADgY0AMIGJAoGBAJ8T/80iF50FvothkWOZDsZUPKM52fxhNdKMT+E/lODqejyJ2iQkjEuW5yJKo0lXNj+Gxwfl99bD16IJMagbrxBnJPwR7SeS3JQ0IaLkOorOoeZkZLFoFMSfZWT9uCf6Qf/uNMQtRnX2351P1OF3cld68uFGUNS8U93OqxS9R/ZvAgMBAAGjTzBNMAwGA1UdEwQFMAMBAf8wCwYDVR0PBAQDAgTwMB0GA1UdJQQWMBQGCCsGAQUFBwMCBggrBgEFBQcDBDARBglghkgBhvhCAQEEBAMCBLAwDQYJKoZIhvcNAQEFBQADgYEATnEO8juTdcZtwzvl5EHnZ9+6cEM9rsWuQtq43UXw4RqveHWUE+Cn2ElMPiyuxLLzkzQTbcDYxI9FgVAXFEmqPf7Jii2PpHIlo8yHWCWMuPP0OykMF6YuCtyutKJBbGuTT36gNVAUEPeD34fzB5pgy2aG5wQTQctRdDz07CVM3cI=</ns26:X509Certificate>
                     </ns26:X509Data>
                  </ns26:KeyInfo>
               </ns26:Signature>
            </ns27:technical>
         </ns46:debtNotification>
         </v1:request>
      </v1:fiscalDebtNotificationRequest>
   </soapenv:Body>
</soapenv:Envelope>]]></con:request><con:assertion type="SOAP Fault Assertion" id="8efeb80e-a58c-4190-8be4-bdf20dda1d4a" name="Not SOAP Fault"/><con:assertion type="SOAP Response" id="3bb15ed6-6054-447d-9853-cc3880d4b068" name="SOAP Response"/><con:assertion type="Schema Compliance" id="03dc1691-493d-498c-a77a-21f0f798626b" name="Schema Compliance"><con:configuration/></con:assertion><con:wsaConfig action="http://fidus.brussels/services/fourthwaydebtservice/fiscalDebtNotification"/></con:request></con:config></con:testStep><con:testStep type="request" id="2aefbb1f-3cda-4a4e-b370-3187b550c1aa" name="testcase5 - Prod - LB - Request"><con:settings/><con:config xsi:type="con:RequestStep" xmlns:xsi="http://www.w3.org/2001/XMLSchema-instance"><con:interface>FourthWayDebtServiceHTTPBinding</con:interface><con:operation>fiscalDebtNotification</con:operation><con:request name="testcase5 - Prod - LB - Request" id="aaf28403-5fb0-4df5-843c-0791e5aeb46b" outgoingWss="Outflow PROD"><con:settings/><con:encoding>UTF-8</con:encoding><con:endpoint>https://fidus-esb-sg.prd.srv.cirb.lan:8443/services/FourthWayDebtService_v1.0</con:endpoint><con:request><![CDATA[<soapenv:Envelope xmlns:soapenv="http://schemas.xmlsoap.org/soap/envelope/" xmlns:v1="http://fidus.brussels/service/fourthwaydebtservice/messages/v1" xmlns:v11="http://fidus.brussels/type/common/messages/v1" xmlns:deb="http://fsb.belgium.be/FourthWayServices/debtnotification" xmlns:gen="http://fsb.belgium.be/FourthWayServices/generalcaseinformation" xmlns:dat="http://fsb.belgium.be/FourthWayServices/common/datatypes" xmlns:ins="http://fsb.belgium.be/FourthWayServices/institution" xmlns:add="http://fsb.belgium.be/FourthWayServices/common/addressinformation" xmlns:con="http://fsb.belgium.be/FourthWayServices/contact" xmlns:deb1="http://fsb.belgium.be/FourthWayServices/debtparty" xmlns:par="http://fsb.belgium.be/FourthWayServices/party" xmlns:debt="http://fsb.belgium.be/FourthWayServices/debt" xmlns:leg="http://fsb.belgium.be/FourthWayServices/legalbase" xmlns:tec="http://fsb.belgium.be/FourthWayServices/technical" xmlns:xd="http://www.w3.org/2000/09/xmldsig#">
   <soapenv:Header/>
   <soapenv:Body>
      <v1:fiscalDebtNotificationRequest>
         <v1:messageContext>
         	  <v11:messageId>${=import static java.util.UUID.randomUUID; uuid = randomUUID() as String}</v11:messageId>
            <v11:timestamp>${=new java.text.SimpleDateFormat("yyyy-MM-dd'T'HH:mm:ss.SSS").format(new Date())}</v11:timestamp>
         </v1:messageContext>
         <v1:legalContext>ServiceIntegrator</v1:legalContext>      
         <v1:request>
 		<ns46:debtNotification Id="SignMe" xmlns:ns50="http://be.belgium.fsb/fourthWayService/Debt" xmlns="http://fsb.belgium.be/FourthWayServices/common/addressinformation" xmlns:ns10="http://fsb.belgium.be/FourthWayServices/shipinformation" xmlns:ns11="http://fsb.belgium.be/FourthWayServices/selfemployed" xmlns:ns12="http://fsb.belgium.be/FourthWayServices/institution" xmlns:ns13="http://fsb.belgium.be/FourthWayServices/enterprise" xmlns:ns14="http://fsb.belgium.be/FourthWayServices/honorbaseddeclarations" xmlns:ns15="http://fsb.belgium.be/FourthWayServices/unregisteredparty" xmlns:ns16="http://fsb.belgium.be/FourthWayServices/partnerdescription" xmlns:ns17="http://fsb.belgium.be/FourthWayServices/mortgagegoods" xmlns:ns18="http://fsb.belgium.be/FourthWayServices/deficitcaseinformation" xmlns:ns19="http://fsb.belgium.be/FourthWayServices/debtinquiry" xmlns:ns2="http://fsb.belgium.be/FourthWayServices/common/datatypes" xmlns:ns20="http://fsb.belgium.be/FourthWayServices/immovablegoodtransaction" xmlns:ns21="http://fsb.belgium.be/FourthWayServices/movablegoodtransaction" xmlns:ns22="http://fsb.belgium.be/FourthWayServices/inheritanceinformation" xmlns:ns23="http://fsb.belgium.be/FourthWayServices/successiontransaction" xmlns:ns24="http://fsb.belgium.be/FourthWayServices/fourthwaymessage" xmlns:ns25="http://fsb.belgium.be/FourthWayServices/generalcaseinformation" xmlns:ns26="http://www.w3.org/2000/09/xmldsig#" xmlns:ns27="http://fsb.belgium.be/FourthWayServices/technical" xmlns:ns28="http://fsb.belgium.be/FourthWayServices/acknowledgementinformation" xmlns:ns29="http://fsb.belgium.be/FourthWayServices/error" xmlns:ns3="http://fsb.belgium.be/FourthWayServices/salesinformation" xmlns:ns30="http://fsb.belgium.be/FourthWayServices/businesserror" xmlns:ns31="http://fsb.belgium.be/FourthWayServices/fiscaldebtdetails" xmlns:ns32="http://fsb.belgium.be/FourthWayServices/officialproclamation" xmlns:ns33="http://fsb.belgium.be/FourthWayServices/beneficiary" xmlns:ns34="http://fsb.belgium.be/FourthWayServices/common/bankaccount" xmlns:ns35="http://fsb.belgium.be/FourthWayServices/debtdetailedinformation" xmlns:ns36="http://fsb.belgium.be/FourthWayServices/debtsolidarity" xmlns:ns37="http://fsb.belgium.be/FourthWayServices/fiscaldebt" xmlns:ns38="http://fsb.belgium.be/FourthWayServices/socialdebtdetails" xmlns:ns39="http://fsb.belgium.be/FourthWayServices/debtinformation" xmlns:ns4="http://fsb.belgium.be/FourthWayServices/gooddescription" xmlns:ns40="http://fsb.belgium.be/FourthWayServices/socialdebt" xmlns:ns41="http://fsb.belgium.be/FourthWayServices/fiscalregionflandersdebtdetails" xmlns:ns42="http://fsb.belgium.be/FourthWayServices/fiscalregionflandersdebt" xmlns:ns43="http://fsb.belgium.be/FourthWayServices/debt" xmlns:ns44="http://fsb.belgium.be/FourthWayServices/debtparty" xmlns:ns45="http://fsb.belgium.be/FourthWayServices/legalbase" xmlns:ns46="http://fsb.belgium.be/FourthWayServices/debtnotification" xmlns:ns47="http://fsb.belgium.be/FourthWayServices/debtdeficitnotification" xmlns:ns48="http://fsb.belgium.be/FourthWayServices/header" xmlns:ns49="http://fsb.belgium.be/header" xmlns:ns5="http://fsb.belgium.be/FourthWayServices/party" xmlns:ns51="http://fsb.belgium.be/FourthWayServices/technicalack" xmlns:ns52="http://fsb.belgium.be/FourthWayServices/functionalack" xmlns:ns6="http://fsb.belgium.be/FourthWayServices/naturalperson" xmlns:ns7="http://fsb.belgium.be/FourthWayServices/nonresident" xmlns:ns8="http://fsb.belgium.be/FourthWayServices/contact" xmlns:ns9="http://fsb.belgium.be/FourthWayServices/propertyinformation">
            <ns25:generalCaseInformation>
               <ns25:administrativeInformation>
                  <ns25:language>FR</ns25:language>
                  <ns25:caseNumber>2444080.210115.0167</ns25:caseNumber>
                  <ns25:transactionType>3</ns25:transactionType>
                  <ns25:procedureNumber>ENOT4000000419570</ns25:procedureNumber>
                  <ns25:replacedProcedureNumber xsi:nil="true" xmlns:xsi="http://www.w3.org/2001/XMLSchema-instance"/>
                  <ns25:requestDate>2015-01-21T14:50:02.446+01:00</ns25:requestDate>
                  <ns25:origin>
                     <ns2:origin>
                        <ns2:partner>FPS Finance</ns2:partner>
                        <ns2:partnerCode codeType="KBO">0308357159</ns2:partnerCode>
                     </ns2:origin>
                  </ns25:origin>
                  <ns25:destinations>
                     <ns2:destination>
                        <ns2:partner>FRNB</ns2:partner>
                        <ns2:partnerCode codeType="KBO">0409357321</ns2:partnerCode>
                     </ns2:destination>
                  </ns25:destinations>
                  <ns25:requestorInformation>
                     <ns12:institution>
                        <ns12:institutionType>Federal</ns12:institutionType>
                        <ns12:institutionName>Huy</ns12:institutionName>
                        <ns12:institutionIdentificationNumber type="CDDB">600904</ns12:institutionIdentificationNumber>
                        <address>
                           <location>
                              <country>
                                 <countryCode codeStandard="ISO">BE</countryCode>
                              </country>
                              <postalCode>4500</postalCode>
                           </location>
                           <street>Avenue Albert 1er</street>
                           <houseNumber>8/10</houseNumber>
                        </address>
                        <ns12:contactInformation>
                           <ns8:phoneNumber type="phone">025783660</ns8:phoneNumber>
                           <ns8:emailAddress type="email">rec.cd.huy@minfin.fed.be</ns8:emailAddress>
                        </ns12:contactInformation>
                     </ns12:institution>
                     <ns25:responsiblePerson>
                        <ns2:name>
                           <ns2:firstName>Testuser</ns2:firstName>
                           <ns2:lastName>testuser.enotrec01</ns2:lastName>
                        </ns2:name>
                        <ns8:contactInformation/>
                     </ns25:responsiblePerson>
                     <ns25:contactPerson>
                        <ns2:name>
                           <ns2:firstName>Testuser</ns2:firstName>
                           <ns2:lastName>EnotRec01</ns2:lastName>
                        </ns2:name>
                        <ns8:contactInformation>
                           <ns8:emailAddress type="email">testuser.enotrec01@guest.minfin.fed.be</ns8:emailAddress>
                        </ns8:contactInformation>
                     </ns25:contactPerson>
                  </ns25:requestorInformation>
               </ns25:administrativeInformation>
            </ns25:generalCaseInformation>
            <ns44:debtParty>
               <ns5:party partyID="005">
                  <ns5:residentialParty>false</ns5:residentialParty>
                  <ns6:naturalPerson>
                     <ns2:entityReference>
                        <ns2:source>notice1</ns2:source>
                        <ns2:entityID type="nationalNumber">68082123438</ns2:entityID>
                     </ns2:entityReference>
                     <ns6:personInformation>
                        <ns2:name>
                           <ns2:firstName>Yolande Adrienne</ns2:firstName>
                           <ns2:lastName>BUITER</ns2:lastName>
                        </ns2:name>
                        <address>
                           <location>
                              <country>
                                 <countryDescription>Belgium</countryDescription>
                                 <countryCode codeStandard="ISO">BE</countryCode>
                              </country>
                              <municipalityDescription>Verlaine</municipalityDescription>
                              <postalCode>4537</postalCode>
                           </location>
                           <street>Rue aux Raines</street>
                           <houseNumber>53</houseNumber>
                        </address>
                     </ns6:personInformation>
                  </ns6:naturalPerson>
               </ns5:party>
               <ns43:debt debtID="1">
                  <ns37:fiscaldebt>
                     <ns31:fiscalDebtDetails>
                        <ns31:debtType>VAT</ns31:debtType>
                        <ns31:declarations>
                           <ns31:negligenceClause>
                              <ns31:additionalIntrest>0</ns31:additionalIntrest>
                              <ns31:additionalIntrestFromDate>2015-01-21+01:00</ns31:additionalIntrestFromDate>
                           </ns31:negligenceClause>
                        </ns31:declarations>
                        <ns2:referencePeriod>
                           <ns2:startDate>2015-01-06+01:00</ns2:startDate>
                           <ns2:endDate>2015-01-13+01:00</ns2:endDate>
                        </ns2:referencePeriod>
                        <ns31:totalDebt>45</ns31:totalDebt>
                        <ns31:debtBreakdown>
                           <ns31:debtSubType>VAT</ns31:debtSubType>
                           <ns31:debtSubAmount>45</ns31:debtSubAmount>
                        </ns31:debtBreakdown>
                        <ns31:debtBreakdown>
                           <ns31:debtSubType>IM</ns31:debtSubType>
                           <ns31:debtSubAmount>0</ns31:debtSubAmount>
                        </ns31:debtBreakdown>
                        <ns31:debtBreakdown>
                           <ns31:debtSubType>INTEREST</ns31:debtSubType>
                           <ns31:debtSubAmount>0</ns31:debtSubAmount>
                        </ns31:debtBreakdown>
                        <ns31:debtBreakdown>
                           <ns31:debtSubType>FINES</ns31:debtSubType>
                           <ns31:debtSubAmount>0</ns31:debtSubAmount>
                        </ns31:debtBreakdown>
                        <ns31:debtBreakdown>
                           <ns31:debtSubType>COST</ns31:debtSubType>
                           <ns31:debtSubAmount>0</ns31:debtSubAmount>
                        </ns31:debtBreakdown>
                     </ns31:fiscalDebtDetails>
                     <ns32:officialProclamation/>
                     <ns33:beneficiary>
                        <ns33:beneficiaryName>CTRI Namur</ns33:beneficiaryName>
                        <ns33:structuredMessage>N99998745412NOT/</ns33:structuredMessage>
                        <ns33:amount>45</ns33:amount>
                        <ns34:bankAccount>
                           <ns34:ibanNumber>BE42 6792 0034 9254</ns34:ibanNumber>
                           <ns34:bicCode>PCHQBEBB</ns34:bicCode>
                           <ns34:accountName>CTRI Namur</ns34:accountName>
                           <address>
                              <location>
                                 <country>
                                    <countryCode codeStandard="ISO">BE</countryCode>
                                 </country>
                                 <municipalityDescription language="fr">Namur</municipalityDescription>
                                 <postalCode>5000</postalCode>
                              </location>
                              <street>Rue des Bourgeois</street>
                              <houseNumber>7/Bloc B</houseNumber>
                           </address>
                        </ns34:bankAccount>
                     </ns33:beneficiary>
                     <ns35:debtDetailedInformation>
                        <ns35:calculationDate>2015-01-21+01:00</ns35:calculationDate>
                        <ns35:referentialNumber>999998745412</ns35:referentialNumber>
                     </ns35:debtDetailedInformation>
                  </ns37:fiscaldebt>
               </ns43:debt>
               <ns44:totalDebtAmount>45</ns44:totalDebtAmount>
            </ns44:debtParty>
            <ns45:legalBase>
               <ns45:legalSource>Code de la taxe sur la valeur ajout��e</ns45:legalSource>
               <ns45:legalBaseIdentifier>Article 93quater</ns45:legalBaseIdentifier>
            </ns45:legalBase>
            <ns27:technical>
               <ns26:Signature>
                  <ns26:SignedInfo>
                     <ns26:CanonicalizationMethod Algorithm="http://www.w3.org/TR/2001/REC-xml-c14n-20010315"/>
                     <ns26:SignatureMethod Algorithm="http://www.w3.org/2000/09/xmldsig#rsa-sha1"/>
                     <ns26:Reference URI="#signMe">
                        <ns26:DigestMethod Algorithm="http://www.w3.org/2000/09/xmldsig#sha1"/>
                        <ns26:DigestValue>CbUOX9jTy0uYSCKDVQl6peUatJ8=</ns26:DigestValue>
                     </ns26:Reference>
                  </ns26:SignedInfo>
                  <ns26:SignatureValue>WBXEECQtMTWGGq5EGO+5kyVw1kJefLsfHVA/5eYB6pZ3GOZ7LOLc/jAhKbqxeV3qdWiMGx3VzgvdF4ZaMB2HS1fLmnOmNDXHhrrqYQJ51LGDvex39k7/xAJAmuub7MDtfAu08WBTVpmQ5khGL9ZrYOXr5RoG70BrlWNr+37FekM=</ns26:SignatureValue>
                  <ns26:KeyInfo>
                     <ns26:X509Data>
                        <ns26:X509SubjectName>ST=Brussels,L=Brussels,OU=Belgian Federal Government,O=Federal Public Service Finances,CN=Test SPF Finances - FOD Financien,C=BE</ns26:X509SubjectName>
                        <ns26:X509Certificate>MIIDKzCCApSgAwIBAgIJAIkxAL2MG081MA0GCSqGSIb3DQEBBQUAMIGuMQswCQYDVQQGEwJCRTEqMCgGA1UEAxMhVGVzdCBTUEYgRmluYW5jZXMgLSBGT0QgRmluYW5jaWVuMSgwJgYDVQQKEx9GZWRlcmFsIFB1YmxpYyBTZXJ2aWNlIEZpbmFuY2VzMSMwIQYDVQQLExpCZWxnaWFuIEZlZGVyYWwgR292ZXJubWVudDERMA8GA1UEBxMIQnJ1c3NlbHMxETAPBgNVBAgTCEJydXNzZWxzMB4XDTA4MDUwNjA4MDcyMFoXDTE4MDUwNzA4MDcyMFowga4xCzAJBgNVBAYTAkJFMSowKAYDVQQDEyFUZXN0IFNQRiBGaW5hbmNlcyAtIEZPRCBGaW5hbmNpZW4xKDAmBgNVBAoTH0ZlZGVyYWwgUHVibGljIFNlcnZpY2UgRmluYW5jZXMxIzAhBgNVBAsTGkJlbGdpYW4gRmVkZXJhbCBHb3Zlcm5tZW50MREwDwYDVQQHEwhCcnVzc2VsczERMA8GA1UECBMIQnJ1c3NlbHMwgZ8wDQYJKoZIhvcNAQEBBQADgY0AMIGJAoGBAJ8T/80iF50FvothkWOZDsZUPKM52fxhNdKMT+E/lODqejyJ2iQkjEuW5yJKo0lXNj+Gxwfl99bD16IJMagbrxBnJPwR7SeS3JQ0IaLkOorOoeZkZLFoFMSfZWT9uCf6Qf/uNMQtRnX2351P1OF3cld68uFGUNS8U93OqxS9R/ZvAgMBAAGjTzBNMAwGA1UdEwQFMAMBAf8wCwYDVR0PBAQDAgTwMB0GA1UdJQQWMBQGCCsGAQUFBwMCBggrBgEFBQcDBDARBglghkgBhvhCAQEEBAMCBLAwDQYJKoZIhvcNAQEFBQADgYEATnEO8juTdcZtwzvl5EHnZ9+6cEM9rsWuQtq43UXw4RqveHWUE+Cn2ElMPiyuxLLzkzQTbcDYxI9FgVAXFEmqPf7Jii2PpHIlo8yHWCWMuPP0OykMF6YuCtyutKJBbGuTT36gNVAUEPeD34fzB5pgy2aG5wQTQctRdDz07CVM3cI=</ns26:X509Certificate>
                     </ns26:X509Data>
                  </ns26:KeyInfo>
               </ns26:Signature>
            </ns27:technical>
         </ns46:debtNotification>
         </v1:request>
      </v1:fiscalDebtNotificationRequest>
   </soapenv:Body>
</soapenv:Envelope>]]></con:request><con:assertion type="SOAP Fault Assertion" id="2935a046-2d51-4cf8-81a7-06a30dfd34c4" name="Not SOAP Fault"/><con:assertion type="SOAP Response" id="40101b83-0241-4ab0-826e-fab949295382" name="SOAP Response"/><con:assertion type="Schema Compliance" id="2043235d-101d-4c7c-a4ce-9bf1e38dcce3" name="Schema Compliance"><con:configuration/></con:assertion><con:wsaConfig action="http://fidus.brussels/services/fourthwaydebtservice/fiscalDebtNotification"/></con:request></con:config></con:testStep><con:testStep type="request" id="66f854de-d766-47c0-a5cd-a3be861ac513" name="testcase5 - Prod - Worker1 - Request"><con:settings/><con:config xsi:type="con:RequestStep" xmlns:xsi="http://www.w3.org/2001/XMLSchema-instance"><con:interface>FourthWayDebtServiceHTTPBinding</con:interface><con:operation>fiscalDebtNotification</con:operation><con:request name="testcase5 - Prod - Worker1 - Request" id="cba2359a-fd2f-4c64-9dd7-568d5d466a03" outgoingWss="Outflow PROD"><con:settings/><con:encoding>UTF-8</con:encoding><con:endpoint>https://192.168.26.22:8443/services/FourthWayDebtService_v1.0</con:endpoint><con:request><![CDATA[<soapenv:Envelope xmlns:soapenv="http://schemas.xmlsoap.org/soap/envelope/" xmlns:v1="http://fidus.brussels/service/fourthwaydebtservice/messages/v1" xmlns:v11="http://fidus.brussels/type/common/messages/v1" xmlns:deb="http://fsb.belgium.be/FourthWayServices/debtnotification" xmlns:gen="http://fsb.belgium.be/FourthWayServices/generalcaseinformation" xmlns:dat="http://fsb.belgium.be/FourthWayServices/common/datatypes" xmlns:ins="http://fsb.belgium.be/FourthWayServices/institution" xmlns:add="http://fsb.belgium.be/FourthWayServices/common/addressinformation" xmlns:con="http://fsb.belgium.be/FourthWayServices/contact" xmlns:deb1="http://fsb.belgium.be/FourthWayServices/debtparty" xmlns:par="http://fsb.belgium.be/FourthWayServices/party" xmlns:debt="http://fsb.belgium.be/FourthWayServices/debt" xmlns:leg="http://fsb.belgium.be/FourthWayServices/legalbase" xmlns:tec="http://fsb.belgium.be/FourthWayServices/technical" xmlns:xd="http://www.w3.org/2000/09/xmldsig#">
   <soapenv:Header/>
   <soapenv:Body>
      <v1:fiscalDebtNotificationRequest>
         <v1:messageContext>
         	  <v11:messageId>${=import static java.util.UUID.randomUUID; uuid = randomUUID() as String}</v11:messageId>
            <v11:timestamp>${=new java.text.SimpleDateFormat("yyyy-MM-dd'T'HH:mm:ss.SSS").format(new Date())}</v11:timestamp>
         </v1:messageContext>
         <v1:legalContext>ServiceIntegrator</v1:legalContext>      
         <v1:request>
 		<ns46:debtNotification Id="SignMe" xmlns:ns50="http://be.belgium.fsb/fourthWayService/Debt" xmlns="http://fsb.belgium.be/FourthWayServices/common/addressinformation" xmlns:ns10="http://fsb.belgium.be/FourthWayServices/shipinformation" xmlns:ns11="http://fsb.belgium.be/FourthWayServices/selfemployed" xmlns:ns12="http://fsb.belgium.be/FourthWayServices/institution" xmlns:ns13="http://fsb.belgium.be/FourthWayServices/enterprise" xmlns:ns14="http://fsb.belgium.be/FourthWayServices/honorbaseddeclarations" xmlns:ns15="http://fsb.belgium.be/FourthWayServices/unregisteredparty" xmlns:ns16="http://fsb.belgium.be/FourthWayServices/partnerdescription" xmlns:ns17="http://fsb.belgium.be/FourthWayServices/mortgagegoods" xmlns:ns18="http://fsb.belgium.be/FourthWayServices/deficitcaseinformation" xmlns:ns19="http://fsb.belgium.be/FourthWayServices/debtinquiry" xmlns:ns2="http://fsb.belgium.be/FourthWayServices/common/datatypes" xmlns:ns20="http://fsb.belgium.be/FourthWayServices/immovablegoodtransaction" xmlns:ns21="http://fsb.belgium.be/FourthWayServices/movablegoodtransaction" xmlns:ns22="http://fsb.belgium.be/FourthWayServices/inheritanceinformation" xmlns:ns23="http://fsb.belgium.be/FourthWayServices/successiontransaction" xmlns:ns24="http://fsb.belgium.be/FourthWayServices/fourthwaymessage" xmlns:ns25="http://fsb.belgium.be/FourthWayServices/generalcaseinformation" xmlns:ns26="http://www.w3.org/2000/09/xmldsig#" xmlns:ns27="http://fsb.belgium.be/FourthWayServices/technical" xmlns:ns28="http://fsb.belgium.be/FourthWayServices/acknowledgementinformation" xmlns:ns29="http://fsb.belgium.be/FourthWayServices/error" xmlns:ns3="http://fsb.belgium.be/FourthWayServices/salesinformation" xmlns:ns30="http://fsb.belgium.be/FourthWayServices/businesserror" xmlns:ns31="http://fsb.belgium.be/FourthWayServices/fiscaldebtdetails" xmlns:ns32="http://fsb.belgium.be/FourthWayServices/officialproclamation" xmlns:ns33="http://fsb.belgium.be/FourthWayServices/beneficiary" xmlns:ns34="http://fsb.belgium.be/FourthWayServices/common/bankaccount" xmlns:ns35="http://fsb.belgium.be/FourthWayServices/debtdetailedinformation" xmlns:ns36="http://fsb.belgium.be/FourthWayServices/debtsolidarity" xmlns:ns37="http://fsb.belgium.be/FourthWayServices/fiscaldebt" xmlns:ns38="http://fsb.belgium.be/FourthWayServices/socialdebtdetails" xmlns:ns39="http://fsb.belgium.be/FourthWayServices/debtinformation" xmlns:ns4="http://fsb.belgium.be/FourthWayServices/gooddescription" xmlns:ns40="http://fsb.belgium.be/FourthWayServices/socialdebt" xmlns:ns41="http://fsb.belgium.be/FourthWayServices/fiscalregionflandersdebtdetails" xmlns:ns42="http://fsb.belgium.be/FourthWayServices/fiscalregionflandersdebt" xmlns:ns43="http://fsb.belgium.be/FourthWayServices/debt" xmlns:ns44="http://fsb.belgium.be/FourthWayServices/debtparty" xmlns:ns45="http://fsb.belgium.be/FourthWayServices/legalbase" xmlns:ns46="http://fsb.belgium.be/FourthWayServices/debtnotification" xmlns:ns47="http://fsb.belgium.be/FourthWayServices/debtdeficitnotification" xmlns:ns48="http://fsb.belgium.be/FourthWayServices/header" xmlns:ns49="http://fsb.belgium.be/header" xmlns:ns5="http://fsb.belgium.be/FourthWayServices/party" xmlns:ns51="http://fsb.belgium.be/FourthWayServices/technicalack" xmlns:ns52="http://fsb.belgium.be/FourthWayServices/functionalack" xmlns:ns6="http://fsb.belgium.be/FourthWayServices/naturalperson" xmlns:ns7="http://fsb.belgium.be/FourthWayServices/nonresident" xmlns:ns8="http://fsb.belgium.be/FourthWayServices/contact" xmlns:ns9="http://fsb.belgium.be/FourthWayServices/propertyinformation">
            <ns25:generalCaseInformation>
               <ns25:administrativeInformation>
                  <ns25:language>FR</ns25:language>
                  <ns25:caseNumber>2444080.210115.0167</ns25:caseNumber>
                  <ns25:transactionType>3</ns25:transactionType>
                  <ns25:procedureNumber>ENOT4000000419570</ns25:procedureNumber>
                  <ns25:replacedProcedureNumber xsi:nil="true" xmlns:xsi="http://www.w3.org/2001/XMLSchema-instance"/>
                  <ns25:requestDate>2015-01-21T14:50:02.446+01:00</ns25:requestDate>
                  <ns25:origin>
                     <ns2:origin>
                        <ns2:partner>FPS Finance</ns2:partner>
                        <ns2:partnerCode codeType="KBO">0308357159</ns2:partnerCode>
                     </ns2:origin>
                  </ns25:origin>
                  <ns25:destinations>
                     <ns2:destination>
                        <ns2:partner>FRNB</ns2:partner>
                        <ns2:partnerCode codeType="KBO">0409357321</ns2:partnerCode>
                     </ns2:destination>
                  </ns25:destinations>
                  <ns25:requestorInformation>
                     <ns12:institution>
                        <ns12:institutionType>Federal</ns12:institutionType>
                        <ns12:institutionName>Huy</ns12:institutionName>
                        <ns12:institutionIdentificationNumber type="CDDB">600904</ns12:institutionIdentificationNumber>
                        <address>
                           <location>
                              <country>
                                 <countryCode codeStandard="ISO">BE</countryCode>
                              </country>
                              <postalCode>4500</postalCode>
                           </location>
                           <street>Avenue Albert 1er</street>
                           <houseNumber>8/10</houseNumber>
                        </address>
                        <ns12:contactInformation>
                           <ns8:phoneNumber type="phone">025783660</ns8:phoneNumber>
                           <ns8:emailAddress type="email">rec.cd.huy@minfin.fed.be</ns8:emailAddress>
                        </ns12:contactInformation>
                     </ns12:institution>
                     <ns25:responsiblePerson>
                        <ns2:name>
                           <ns2:firstName>Testuser</ns2:firstName>
                           <ns2:lastName>testuser.enotrec01</ns2:lastName>
                        </ns2:name>
                        <ns8:contactInformation/>
                     </ns25:responsiblePerson>
                     <ns25:contactPerson>
                        <ns2:name>
                           <ns2:firstName>Testuser</ns2:firstName>
                           <ns2:lastName>EnotRec01</ns2:lastName>
                        </ns2:name>
                        <ns8:contactInformation>
                           <ns8:emailAddress type="email">testuser.enotrec01@guest.minfin.fed.be</ns8:emailAddress>
                        </ns8:contactInformation>
                     </ns25:contactPerson>
                  </ns25:requestorInformation>
               </ns25:administrativeInformation>
            </ns25:generalCaseInformation>
            <ns44:debtParty>
               <ns5:party partyID="005">
                  <ns5:residentialParty>false</ns5:residentialParty>
                  <ns6:naturalPerson>
                     <ns2:entityReference>
                        <ns2:source>notice1</ns2:source>
                        <ns2:entityID type="nationalNumber">68082123438</ns2:entityID>
                     </ns2:entityReference>
                     <ns6:personInformation>
                        <ns2:name>
                           <ns2:firstName>Yolande Adrienne</ns2:firstName>
                           <ns2:lastName>BUITER</ns2:lastName>
                        </ns2:name>
                        <address>
                           <location>
                              <country>
                                 <countryDescription>Belgium</countryDescription>
                                 <countryCode codeStandard="ISO">BE</countryCode>
                              </country>
                              <municipalityDescription>Verlaine</municipalityDescription>
                              <postalCode>4537</postalCode>
                           </location>
                           <street>Rue aux Raines</street>
                           <houseNumber>53</houseNumber>
                        </address>
                     </ns6:personInformation>
                  </ns6:naturalPerson>
               </ns5:party>
               <ns43:debt debtID="1">
                  <ns37:fiscaldebt>
                     <ns31:fiscalDebtDetails>
                        <ns31:debtType>VAT</ns31:debtType>
                        <ns31:declarations>
                           <ns31:negligenceClause>
                              <ns31:additionalIntrest>0</ns31:additionalIntrest>
                              <ns31:additionalIntrestFromDate>2015-01-21+01:00</ns31:additionalIntrestFromDate>
                           </ns31:negligenceClause>
                        </ns31:declarations>
                        <ns2:referencePeriod>
                           <ns2:startDate>2015-01-06+01:00</ns2:startDate>
                           <ns2:endDate>2015-01-13+01:00</ns2:endDate>
                        </ns2:referencePeriod>
                        <ns31:totalDebt>45</ns31:totalDebt>
                        <ns31:debtBreakdown>
                           <ns31:debtSubType>VAT</ns31:debtSubType>
                           <ns31:debtSubAmount>45</ns31:debtSubAmount>
                        </ns31:debtBreakdown>
                        <ns31:debtBreakdown>
                           <ns31:debtSubType>IM</ns31:debtSubType>
                           <ns31:debtSubAmount>0</ns31:debtSubAmount>
                        </ns31:debtBreakdown>
                        <ns31:debtBreakdown>
                           <ns31:debtSubType>INTEREST</ns31:debtSubType>
                           <ns31:debtSubAmount>0</ns31:debtSubAmount>
                        </ns31:debtBreakdown>
                        <ns31:debtBreakdown>
                           <ns31:debtSubType>FINES</ns31:debtSubType>
                           <ns31:debtSubAmount>0</ns31:debtSubAmount>
                        </ns31:debtBreakdown>
                        <ns31:debtBreakdown>
                           <ns31:debtSubType>COST</ns31:debtSubType>
                           <ns31:debtSubAmount>0</ns31:debtSubAmount>
                        </ns31:debtBreakdown>
                     </ns31:fiscalDebtDetails>
                     <ns32:officialProclamation/>
                     <ns33:beneficiary>
                        <ns33:beneficiaryName>CTRI Namur</ns33:beneficiaryName>
                        <ns33:structuredMessage>N99998745412NOT/</ns33:structuredMessage>
                        <ns33:amount>45</ns33:amount>
                        <ns34:bankAccount>
                           <ns34:ibanNumber>BE42 6792 0034 9254</ns34:ibanNumber>
                           <ns34:bicCode>PCHQBEBB</ns34:bicCode>
                           <ns34:accountName>CTRI Namur</ns34:accountName>
                           <address>
                              <location>
                                 <country>
                                    <countryCode codeStandard="ISO">BE</countryCode>
                                 </country>
                                 <municipalityDescription language="fr">Namur</municipalityDescription>
                                 <postalCode>5000</postalCode>
                              </location>
                              <street>Rue des Bourgeois</street>
                              <houseNumber>7/Bloc B</houseNumber>
                           </address>
                        </ns34:bankAccount>
                     </ns33:beneficiary>
                     <ns35:debtDetailedInformation>
                        <ns35:calculationDate>2015-01-21+01:00</ns35:calculationDate>
                        <ns35:referentialNumber>999998745412</ns35:referentialNumber>
                     </ns35:debtDetailedInformation>
                  </ns37:fiscaldebt>
               </ns43:debt>
               <ns44:totalDebtAmount>45</ns44:totalDebtAmount>
            </ns44:debtParty>
            <ns45:legalBase>
               <ns45:legalSource>Code de la taxe sur la valeur ajout��e</ns45:legalSource>
               <ns45:legalBaseIdentifier>Article 93quater</ns45:legalBaseIdentifier>
            </ns45:legalBase>
            <ns27:technical>
               <ns26:Signature>
                  <ns26:SignedInfo>
                     <ns26:CanonicalizationMethod Algorithm="http://www.w3.org/TR/2001/REC-xml-c14n-20010315"/>
                     <ns26:SignatureMethod Algorithm="http://www.w3.org/2000/09/xmldsig#rsa-sha1"/>
                     <ns26:Reference URI="#signMe">
                        <ns26:DigestMethod Algorithm="http://www.w3.org/2000/09/xmldsig#sha1"/>
                        <ns26:DigestValue>CbUOX9jTy0uYSCKDVQl6peUatJ8=</ns26:DigestValue>
                     </ns26:Reference>
                  </ns26:SignedInfo>
                  <ns26:SignatureValue>WBXEECQtMTWGGq5EGO+5kyVw1kJefLsfHVA/5eYB6pZ3GOZ7LOLc/jAhKbqxeV3qdWiMGx3VzgvdF4ZaMB2HS1fLmnOmNDXHhrrqYQJ51LGDvex39k7/xAJAmuub7MDtfAu08WBTVpmQ5khGL9ZrYOXr5RoG70BrlWNr+37FekM=</ns26:SignatureValue>
                  <ns26:KeyInfo>
                     <ns26:X509Data>
                        <ns26:X509SubjectName>ST=Brussels,L=Brussels,OU=Belgian Federal Government,O=Federal Public Service Finances,CN=Test SPF Finances - FOD Financien,C=BE</ns26:X509SubjectName>
                        <ns26:X509Certificate>MIIDKzCCApSgAwIBAgIJAIkxAL2MG081MA0GCSqGSIb3DQEBBQUAMIGuMQswCQYDVQQGEwJCRTEqMCgGA1UEAxMhVGVzdCBTUEYgRmluYW5jZXMgLSBGT0QgRmluYW5jaWVuMSgwJgYDVQQKEx9GZWRlcmFsIFB1YmxpYyBTZXJ2aWNlIEZpbmFuY2VzMSMwIQYDVQQLExpCZWxnaWFuIEZlZGVyYWwgR292ZXJubWVudDERMA8GA1UEBxMIQnJ1c3NlbHMxETAPBgNVBAgTCEJydXNzZWxzMB4XDTA4MDUwNjA4MDcyMFoXDTE4MDUwNzA4MDcyMFowga4xCzAJBgNVBAYTAkJFMSowKAYDVQQDEyFUZXN0IFNQRiBGaW5hbmNlcyAtIEZPRCBGaW5hbmNpZW4xKDAmBgNVBAoTH0ZlZGVyYWwgUHVibGljIFNlcnZpY2UgRmluYW5jZXMxIzAhBgNVBAsTGkJlbGdpYW4gRmVkZXJhbCBHb3Zlcm5tZW50MREwDwYDVQQHEwhCcnVzc2VsczERMA8GA1UECBMIQnJ1c3NlbHMwgZ8wDQYJKoZIhvcNAQEBBQADgY0AMIGJAoGBAJ8T/80iF50FvothkWOZDsZUPKM52fxhNdKMT+E/lODqejyJ2iQkjEuW5yJKo0lXNj+Gxwfl99bD16IJMagbrxBnJPwR7SeS3JQ0IaLkOorOoeZkZLFoFMSfZWT9uCf6Qf/uNMQtRnX2351P1OF3cld68uFGUNS8U93OqxS9R/ZvAgMBAAGjTzBNMAwGA1UdEwQFMAMBAf8wCwYDVR0PBAQDAgTwMB0GA1UdJQQWMBQGCCsGAQUFBwMCBggrBgEFBQcDBDARBglghkgBhvhCAQEEBAMCBLAwDQYJKoZIhvcNAQEFBQADgYEATnEO8juTdcZtwzvl5EHnZ9+6cEM9rsWuQtq43UXw4RqveHWUE+Cn2ElMPiyuxLLzkzQTbcDYxI9FgVAXFEmqPf7Jii2PpHIlo8yHWCWMuPP0OykMF6YuCtyutKJBbGuTT36gNVAUEPeD34fzB5pgy2aG5wQTQctRdDz07CVM3cI=</ns26:X509Certificate>
                     </ns26:X509Data>
                  </ns26:KeyInfo>
               </ns26:Signature>
            </ns27:technical>
         </ns46:debtNotification>
         </v1:request>
      </v1:fiscalDebtNotificationRequest>
   </soapenv:Body>
</soapenv:Envelope>]]></con:request><con:assertion type="SOAP Fault Assertion" id="9f8521f5-b1ac-40bd-8798-19377bc81943" name="Not SOAP Fault"/><con:assertion type="SOAP Response" id="f3b3c06b-27dd-43c2-b9a3-e24a32b45aa1" name="SOAP Response"/><con:assertion type="Schema Compliance" id="59bd65b4-2dff-4f6e-b84a-cd65d2584bc3" name="Schema Compliance"><con:configuration/></con:assertion><con:wsaConfig action="http://fidus.brussels/services/fourthwaydebtservice/fiscalDebtNotification"/></con:request></con:config></con:testStep><con:testStep type="request" id="56b6045a-5008-4fcf-ab26-5ecc82dcd356" name="testcase5 - Prod - Worker2 - Request"><con:settings/><con:config xsi:type="con:RequestStep" xmlns:xsi="http://www.w3.org/2001/XMLSchema-instance"><con:interface>FourthWayDebtServiceHTTPBinding</con:interface><con:operation>fiscalDebtNotification</con:operation><con:request name="testcase5 - Prod - Worker2 - Request" id="f17e5b7a-0e63-490e-88e3-c7589642be1e" outgoingWss="Outflow PROD"><con:settings/><con:encoding>UTF-8</con:encoding><con:endpoint>https://192.168.26.19:8443/services/FourthWayDebtService_v1.0</con:endpoint><con:request><![CDATA[<soapenv:Envelope xmlns:soapenv="http://schemas.xmlsoap.org/soap/envelope/" xmlns:v1="http://fidus.brussels/service/fourthwaydebtservice/messages/v1" xmlns:v11="http://fidus.brussels/type/common/messages/v1" xmlns:deb="http://fsb.belgium.be/FourthWayServices/debtnotification" xmlns:gen="http://fsb.belgium.be/FourthWayServices/generalcaseinformation" xmlns:dat="http://fsb.belgium.be/FourthWayServices/common/datatypes" xmlns:ins="http://fsb.belgium.be/FourthWayServices/institution" xmlns:add="http://fsb.belgium.be/FourthWayServices/common/addressinformation" xmlns:con="http://fsb.belgium.be/FourthWayServices/contact" xmlns:deb1="http://fsb.belgium.be/FourthWayServices/debtparty" xmlns:par="http://fsb.belgium.be/FourthWayServices/party" xmlns:debt="http://fsb.belgium.be/FourthWayServices/debt" xmlns:leg="http://fsb.belgium.be/FourthWayServices/legalbase" xmlns:tec="http://fsb.belgium.be/FourthWayServices/technical" xmlns:xd="http://www.w3.org/2000/09/xmldsig#">
   <soapenv:Header/>
   <soapenv:Body>
      <v1:fiscalDebtNotificationRequest>
         <v1:messageContext>
         	  <v11:messageId>${=import static java.util.UUID.randomUUID; uuid = randomUUID() as String}</v11:messageId>
            <v11:timestamp>${=new java.text.SimpleDateFormat("yyyy-MM-dd'T'HH:mm:ss.SSS").format(new Date())}</v11:timestamp>
         </v1:messageContext>
         <v1:legalContext>ServiceIntegrator</v1:legalContext>      
         <v1:request>
 		<ns46:debtNotification Id="SignMe" xmlns:ns50="http://be.belgium.fsb/fourthWayService/Debt" xmlns="http://fsb.belgium.be/FourthWayServices/common/addressinformation" xmlns:ns10="http://fsb.belgium.be/FourthWayServices/shipinformation" xmlns:ns11="http://fsb.belgium.be/FourthWayServices/selfemployed" xmlns:ns12="http://fsb.belgium.be/FourthWayServices/institution" xmlns:ns13="http://fsb.belgium.be/FourthWayServices/enterprise" xmlns:ns14="http://fsb.belgium.be/FourthWayServices/honorbaseddeclarations" xmlns:ns15="http://fsb.belgium.be/FourthWayServices/unregisteredparty" xmlns:ns16="http://fsb.belgium.be/FourthWayServices/partnerdescription" xmlns:ns17="http://fsb.belgium.be/FourthWayServices/mortgagegoods" xmlns:ns18="http://fsb.belgium.be/FourthWayServices/deficitcaseinformation" xmlns:ns19="http://fsb.belgium.be/FourthWayServices/debtinquiry" xmlns:ns2="http://fsb.belgium.be/FourthWayServices/common/datatypes" xmlns:ns20="http://fsb.belgium.be/FourthWayServices/immovablegoodtransaction" xmlns:ns21="http://fsb.belgium.be/FourthWayServices/movablegoodtransaction" xmlns:ns22="http://fsb.belgium.be/FourthWayServices/inheritanceinformation" xmlns:ns23="http://fsb.belgium.be/FourthWayServices/successiontransaction" xmlns:ns24="http://fsb.belgium.be/FourthWayServices/fourthwaymessage" xmlns:ns25="http://fsb.belgium.be/FourthWayServices/generalcaseinformation" xmlns:ns26="http://www.w3.org/2000/09/xmldsig#" xmlns:ns27="http://fsb.belgium.be/FourthWayServices/technical" xmlns:ns28="http://fsb.belgium.be/FourthWayServices/acknowledgementinformation" xmlns:ns29="http://fsb.belgium.be/FourthWayServices/error" xmlns:ns3="http://fsb.belgium.be/FourthWayServices/salesinformation" xmlns:ns30="http://fsb.belgium.be/FourthWayServices/businesserror" xmlns:ns31="http://fsb.belgium.be/FourthWayServices/fiscaldebtdetails" xmlns:ns32="http://fsb.belgium.be/FourthWayServices/officialproclamation" xmlns:ns33="http://fsb.belgium.be/FourthWayServices/beneficiary" xmlns:ns34="http://fsb.belgium.be/FourthWayServices/common/bankaccount" xmlns:ns35="http://fsb.belgium.be/FourthWayServices/debtdetailedinformation" xmlns:ns36="http://fsb.belgium.be/FourthWayServices/debtsolidarity" xmlns:ns37="http://fsb.belgium.be/FourthWayServices/fiscaldebt" xmlns:ns38="http://fsb.belgium.be/FourthWayServices/socialdebtdetails" xmlns:ns39="http://fsb.belgium.be/FourthWayServices/debtinformation" xmlns:ns4="http://fsb.belgium.be/FourthWayServices/gooddescription" xmlns:ns40="http://fsb.belgium.be/FourthWayServices/socialdebt" xmlns:ns41="http://fsb.belgium.be/FourthWayServices/fiscalregionflandersdebtdetails" xmlns:ns42="http://fsb.belgium.be/FourthWayServices/fiscalregionflandersdebt" xmlns:ns43="http://fsb.belgium.be/FourthWayServices/debt" xmlns:ns44="http://fsb.belgium.be/FourthWayServices/debtparty" xmlns:ns45="http://fsb.belgium.be/FourthWayServices/legalbase" xmlns:ns46="http://fsb.belgium.be/FourthWayServices/debtnotification" xmlns:ns47="http://fsb.belgium.be/FourthWayServices/debtdeficitnotification" xmlns:ns48="http://fsb.belgium.be/FourthWayServices/header" xmlns:ns49="http://fsb.belgium.be/header" xmlns:ns5="http://fsb.belgium.be/FourthWayServices/party" xmlns:ns51="http://fsb.belgium.be/FourthWayServices/technicalack" xmlns:ns52="http://fsb.belgium.be/FourthWayServices/functionalack" xmlns:ns6="http://fsb.belgium.be/FourthWayServices/naturalperson" xmlns:ns7="http://fsb.belgium.be/FourthWayServices/nonresident" xmlns:ns8="http://fsb.belgium.be/FourthWayServices/contact" xmlns:ns9="http://fsb.belgium.be/FourthWayServices/propertyinformation">
            <ns25:generalCaseInformation>
               <ns25:administrativeInformation>
                  <ns25:language>FR</ns25:language>
                  <ns25:caseNumber>2444080.210115.0167</ns25:caseNumber>
                  <ns25:transactionType>3</ns25:transactionType>
                  <ns25:procedureNumber>ENOT4000000419570</ns25:procedureNumber>
                  <ns25:replacedProcedureNumber xsi:nil="true" xmlns:xsi="http://www.w3.org/2001/XMLSchema-instance"/>
                  <ns25:requestDate>2015-01-21T14:50:02.446+01:00</ns25:requestDate>
                  <ns25:origin>
                     <ns2:origin>
                        <ns2:partner>FPS Finance</ns2:partner>
                        <ns2:partnerCode codeType="KBO">0308357159</ns2:partnerCode>
                     </ns2:origin>
                  </ns25:origin>
                  <ns25:destinations>
                     <ns2:destination>
                        <ns2:partner>FRNB</ns2:partner>
                        <ns2:partnerCode codeType="KBO">0409357321</ns2:partnerCode>
                     </ns2:destination>
                  </ns25:destinations>
                  <ns25:requestorInformation>
                     <ns12:institution>
                        <ns12:institutionType>Federal</ns12:institutionType>
                        <ns12:institutionName>Huy</ns12:institutionName>
                        <ns12:institutionIdentificationNumber type="CDDB">600904</ns12:institutionIdentificationNumber>
                        <address>
                           <location>
                              <country>
                                 <countryCode codeStandard="ISO">BE</countryCode>
                              </country>
                              <postalCode>4500</postalCode>
                           </location>
                           <street>Avenue Albert 1er</street>
                           <houseNumber>8/10</houseNumber>
                        </address>
                        <ns12:contactInformation>
                           <ns8:phoneNumber type="phone">025783660</ns8:phoneNumber>
                           <ns8:emailAddress type="email">rec.cd.huy@minfin.fed.be</ns8:emailAddress>
                        </ns12:contactInformation>
                     </ns12:institution>
                     <ns25:responsiblePerson>
                        <ns2:name>
                           <ns2:firstName>Testuser</ns2:firstName>
                           <ns2:lastName>testuser.enotrec01</ns2:lastName>
                        </ns2:name>
                        <ns8:contactInformation/>
                     </ns25:responsiblePerson>
                     <ns25:contactPerson>
                        <ns2:name>
                           <ns2:firstName>Testuser</ns2:firstName>
                           <ns2:lastName>EnotRec01</ns2:lastName>
                        </ns2:name>
                        <ns8:contactInformation>
                           <ns8:emailAddress type="email">testuser.enotrec01@guest.minfin.fed.be</ns8:emailAddress>
                        </ns8:contactInformation>
                     </ns25:contactPerson>
                  </ns25:requestorInformation>
               </ns25:administrativeInformation>
            </ns25:generalCaseInformation>
            <ns44:debtParty>
               <ns5:party partyID="005">
                  <ns5:residentialParty>false</ns5:residentialParty>
                  <ns6:naturalPerson>
                     <ns2:entityReference>
                        <ns2:source>notice1</ns2:source>
                        <ns2:entityID type="nationalNumber">68082123438</ns2:entityID>
                     </ns2:entityReference>
                     <ns6:personInformation>
                        <ns2:name>
                           <ns2:firstName>Yolande Adrienne</ns2:firstName>
                           <ns2:lastName>BUITER</ns2:lastName>
                        </ns2:name>
                        <address>
                           <location>
                              <country>
                                 <countryDescription>Belgium</countryDescription>
                                 <countryCode codeStandard="ISO">BE</countryCode>
                              </country>
                              <municipalityDescription>Verlaine</municipalityDescription>
                              <postalCode>4537</postalCode>
                           </location>
                           <street>Rue aux Raines</street>
                           <houseNumber>53</houseNumber>
                        </address>
                     </ns6:personInformation>
                  </ns6:naturalPerson>
               </ns5:party>
               <ns43:debt debtID="1">
                  <ns37:fiscaldebt>
                     <ns31:fiscalDebtDetails>
                        <ns31:debtType>VAT</ns31:debtType>
                        <ns31:declarations>
                           <ns31:negligenceClause>
                              <ns31:additionalIntrest>0</ns31:additionalIntrest>
                              <ns31:additionalIntrestFromDate>2015-01-21+01:00</ns31:additionalIntrestFromDate>
                           </ns31:negligenceClause>
                        </ns31:declarations>
                        <ns2:referencePeriod>
                           <ns2:startDate>2015-01-06+01:00</ns2:startDate>
                           <ns2:endDate>2015-01-13+01:00</ns2:endDate>
                        </ns2:referencePeriod>
                        <ns31:totalDebt>45</ns31:totalDebt>
                        <ns31:debtBreakdown>
                           <ns31:debtSubType>VAT</ns31:debtSubType>
                           <ns31:debtSubAmount>45</ns31:debtSubAmount>
                        </ns31:debtBreakdown>
                        <ns31:debtBreakdown>
                           <ns31:debtSubType>IM</ns31:debtSubType>
                           <ns31:debtSubAmount>0</ns31:debtSubAmount>
                        </ns31:debtBreakdown>
                        <ns31:debtBreakdown>
                           <ns31:debtSubType>INTEREST</ns31:debtSubType>
                           <ns31:debtSubAmount>0</ns31:debtSubAmount>
                        </ns31:debtBreakdown>
                        <ns31:debtBreakdown>
                           <ns31:debtSubType>FINES</ns31:debtSubType>
                           <ns31:debtSubAmount>0</ns31:debtSubAmount>
                        </ns31:debtBreakdown>
                        <ns31:debtBreakdown>
                           <ns31:debtSubType>COST</ns31:debtSubType>
                           <ns31:debtSubAmount>0</ns31:debtSubAmount>
                        </ns31:debtBreakdown>
                     </ns31:fiscalDebtDetails>
                     <ns32:officialProclamation/>
                     <ns33:beneficiary>
                        <ns33:beneficiaryName>CTRI Namur</ns33:beneficiaryName>
                        <ns33:structuredMessage>N99998745412NOT/</ns33:structuredMessage>
                        <ns33:amount>45</ns33:amount>
                        <ns34:bankAccount>
                           <ns34:ibanNumber>BE42 6792 0034 9254</ns34:ibanNumber>
                           <ns34:bicCode>PCHQBEBB</ns34:bicCode>
                           <ns34:accountName>CTRI Namur</ns34:accountName>
                           <address>
                              <location>
                                 <country>
                                    <countryCode codeStandard="ISO">BE</countryCode>
                                 </country>
                                 <municipalityDescription language="fr">Namur</municipalityDescription>
                                 <postalCode>5000</postalCode>
                              </location>
                              <street>Rue des Bourgeois</street>
                              <houseNumber>7/Bloc B</houseNumber>
                           </address>
                        </ns34:bankAccount>
                     </ns33:beneficiary>
                     <ns35:debtDetailedInformation>
                        <ns35:calculationDate>2015-01-21+01:00</ns35:calculationDate>
                        <ns35:referentialNumber>999998745412</ns35:referentialNumber>
                     </ns35:debtDetailedInformation>
                  </ns37:fiscaldebt>
               </ns43:debt>
               <ns44:totalDebtAmount>45</ns44:totalDebtAmount>
            </ns44:debtParty>
            <ns45:legalBase>
               <ns45:legalSource>Code de la taxe sur la valeur ajout��e</ns45:legalSource>
               <ns45:legalBaseIdentifier>Article 93quater</ns45:legalBaseIdentifier>
            </ns45:legalBase>
            <ns27:technical>
               <ns26:Signature>
                  <ns26:SignedInfo>
                     <ns26:CanonicalizationMethod Algorithm="http://www.w3.org/TR/2001/REC-xml-c14n-20010315"/>
                     <ns26:SignatureMethod Algorithm="http://www.w3.org/2000/09/xmldsig#rsa-sha1"/>
                     <ns26:Reference URI="#signMe">
                        <ns26:DigestMethod Algorithm="http://www.w3.org/2000/09/xmldsig#sha1"/>
                        <ns26:DigestValue>CbUOX9jTy0uYSCKDVQl6peUatJ8=</ns26:DigestValue>
                     </ns26:Reference>
                  </ns26:SignedInfo>
                  <ns26:SignatureValue>WBXEECQtMTWGGq5EGO+5kyVw1kJefLsfHVA/5eYB6pZ3GOZ7LOLc/jAhKbqxeV3qdWiMGx3VzgvdF4ZaMB2HS1fLmnOmNDXHhrrqYQJ51LGDvex39k7/xAJAmuub7MDtfAu08WBTVpmQ5khGL9ZrYOXr5RoG70BrlWNr+37FekM=</ns26:SignatureValue>
                  <ns26:KeyInfo>
                     <ns26:X509Data>
                        <ns26:X509SubjectName>ST=Brussels,L=Brussels,OU=Belgian Federal Government,O=Federal Public Service Finances,CN=Test SPF Finances - FOD Financien,C=BE</ns26:X509SubjectName>
                        <ns26:X509Certificate>MIIDKzCCApSgAwIBAgIJAIkxAL2MG081MA0GCSqGSIb3DQEBBQUAMIGuMQswCQYDVQQGEwJCRTEqMCgGA1UEAxMhVGVzdCBTUEYgRmluYW5jZXMgLSBGT0QgRmluYW5jaWVuMSgwJgYDVQQKEx9GZWRlcmFsIFB1YmxpYyBTZXJ2aWNlIEZpbmFuY2VzMSMwIQYDVQQLExpCZWxnaWFuIEZlZGVyYWwgR292ZXJubWVudDERMA8GA1UEBxMIQnJ1c3NlbHMxETAPBgNVBAgTCEJydXNzZWxzMB4XDTA4MDUwNjA4MDcyMFoXDTE4MDUwNzA4MDcyMFowga4xCzAJBgNVBAYTAkJFMSowKAYDVQQDEyFUZXN0IFNQRiBGaW5hbmNlcyAtIEZPRCBGaW5hbmNpZW4xKDAmBgNVBAoTH0ZlZGVyYWwgUHVibGljIFNlcnZpY2UgRmluYW5jZXMxIzAhBgNVBAsTGkJlbGdpYW4gRmVkZXJhbCBHb3Zlcm5tZW50MREwDwYDVQQHEwhCcnVzc2VsczERMA8GA1UECBMIQnJ1c3NlbHMwgZ8wDQYJKoZIhvcNAQEBBQADgY0AMIGJAoGBAJ8T/80iF50FvothkWOZDsZUPKM52fxhNdKMT+E/lODqejyJ2iQkjEuW5yJKo0lXNj+Gxwfl99bD16IJMagbrxBnJPwR7SeS3JQ0IaLkOorOoeZkZLFoFMSfZWT9uCf6Qf/uNMQtRnX2351P1OF3cld68uFGUNS8U93OqxS9R/ZvAgMBAAGjTzBNMAwGA1UdEwQFMAMBAf8wCwYDVR0PBAQDAgTwMB0GA1UdJQQWMBQGCCsGAQUFBwMCBggrBgEFBQcDBDARBglghkgBhvhCAQEEBAMCBLAwDQYJKoZIhvcNAQEFBQADgYEATnEO8juTdcZtwzvl5EHnZ9+6cEM9rsWuQtq43UXw4RqveHWUE+Cn2ElMPiyuxLLzkzQTbcDYxI9FgVAXFEmqPf7Jii2PpHIlo8yHWCWMuPP0OykMF6YuCtyutKJBbGuTT36gNVAUEPeD34fzB5pgy2aG5wQTQctRdDz07CVM3cI=</ns26:X509Certificate>
                     </ns26:X509Data>
                  </ns26:KeyInfo>
               </ns26:Signature>
            </ns27:technical>
         </ns46:debtNotification>
         </v1:request>
      </v1:fiscalDebtNotificationRequest>
   </soapenv:Body>
</soapenv:Envelope>]]></con:request><con:assertion type="SOAP Fault Assertion" id="7d9b4cc8-92a8-473a-a40a-2aadabdeed35" name="Not SOAP Fault"/><con:assertion type="SOAP Response" id="10b7fa5b-cd1d-4241-8110-5054435363ff" name="SOAP Response"/><con:assertion type="Schema Compliance" id="11690096-b2ff-465a-a5db-0e8a897b3352" name="Schema Compliance"><con:configuration/></con:assertion><con:wsaConfig action="http://fidus.brussels/services/fourthwaydebtservice/fiscalDebtNotification"/></con:request></con:config></con:testStep><con:properties/></con:testCase><con:properties/></con:testSuite><con:mockService id="c214fbaa-c0eb-4449-90e9-09a02ac7f3a7" port="8080" path="/" host="localhost.localdomain" name="MockService 1"><con:settings><con:setting id="com.eviware.soapui.impl.wsdl.mock.WsdlMockService@require-soap-action">false</con:setting></con:settings><con:properties/><con:mockOperation name="fiscalDebtNotification" id="c44d2217-8639-4ab3-ac28-1740fc2f467c" interface="FourthWayDebtServiceHTTPBinding" operation="fiscalDebtNotification"><con:settings/><con:defaultResponse>Response 1</con:defaultResponse><con:dispatchStyle>SEQUENCE</con:dispatchStyle><con:response name="Response 1" id="c50da94b-4a33-42cb-8217-cb64ce151a75" httpResponseStatus="200" encoding="UTF-8"><con:settings/><con:responseContent><![CDATA[<soapenv:Envelope xmlns:soapenv="http://schemas.xmlsoap.org/soap/envelope/" xmlns:v1="http://fidus.brussels/service/fourthwaydebtservice/messages/v1" xmlns:v11="http://fidus.brussels/type/common/messages/v1" xmlns:tec="http://fsb.belgium.be/FourthWayServices/technicalack" xmlns:v12="http://fidus.brussels/type/common/exceptions/v1">
   <soapenv:Header/>
   <soapenv:Body>
      <v1:fiscalDebtNotificationResponse>
         <v1:messageContext>
            <v11:messageId>?</v11:messageId>
            <v11:transactionId>?</v11:transactionId>
            <!--Optional:-->
            <v11:relatesTo>?</v11:relatesTo>
            <!--Optional:-->
            <v11:timestamp>?</v11:timestamp>
         </v1:messageContext>
         <!--Optional:-->
         <v1:responses>
            <v1:response>
               <tec:technicalAcknowledgement/>
               <!--Optional:-->
               <v1:exceptions>
                  <!--1 or more repetitions:-->
                  <v12:exception>
                     <v12:type>?</v12:type>
                     <v12:code>?</v12:code>
                     <v12:source>?</v12:source>
                     <v12:description>?</v12:description>
                  </v12:exception>
               </v1:exceptions>
            </v1:response>
         </v1:responses>
         <!--Optional:-->
         <v1:exceptions>
            <!--1 or more repetitions:-->
            <v12:exception>
               <v12:type>?</v12:type>
               <v12:code>?</v12:code>
               <v12:source>?</v12:source>
               <v12:description>?</v12:description>
            </v12:exception>
         </v1:exceptions>
      </v1:fiscalDebtNotificationResponse>
   </soapenv:Body>
</soapenv:Envelope>]]></con:responseContent><con:wsaConfig mustUnderstand="NONE" version="200508" action="http://fidus.brussels/services/fourthwaydebtservice/fiscalDebtNotification"/></con:response><con:dispatchConfig/></con:mockOperation></con:mockService><con:properties/><con:wssContainer><con:crypto><con:source>data/wso2/keystores/user-rajarshi.jks</con:source><con:password>test@fidus01</con:password><con:type>KEYSTORE</con:type></con:crypto><con:outgoing><con:name>Outflow DEV</con:name></con:outgoing><con:outgoing><con:name>Outflow TEST</con:name><con:entry type="Signature" username="testuser-test.fidus.brussels" password="test@fidus01"><con:configuration><crypto>user-rajarshi.jks</crypto><keyIdentifierType>3</keyIdentifierType><signatureAlgorithm/><signatureCanonicalization/><useSingleCert>true</useSingleCert><digestAlgorithm/><customTokenValueType/><customTokenId/></con:configuration></con:entry><con:entry type="Timestamp"><con:configuration><timeToLive>300000</timeToLive><strictTimestamp>true</strictTimestamp></con:configuration></con:entry></con:outgoing><con:outgoing><con:name>Outflow STAG</con:name></con:outgoing><con:outgoing><con:name>Outflow PROD</con:name></con:outgoing></con:wssContainer><con:oAuth2ProfileContainer/><con:sensitiveInformation/></con:soapui-project>