<?xml version="1.0" encoding="UTF-8"?>
<con:soapui-project id="11b404ed-5013-42b2-92a9-013432525abe" activeEnvironment="Default" name="Client-AccessManagerService-soapui-project" resourceRoot="" soapui-version="5.1.3" abortOnError="false" runType="SEQUENTIAL" xmlns:con="http://eviware.com/soapui/config"><con:settings/><con:interface xsi:type="con:WsdlInterface" id="548e423b-90e0-4e19-b45f-01f908a20276" wsaVersion="NONE" name="AccessManagerServiceHTTPBinding" type="wsdl" bindingName="{http://fidus.brussels/service/accessmanagerservice/v1}AccessManagerServiceHTTPBinding" soapVersion="1_1" anonymous="optional" definition="file:/home/fidus/Documents/cirb/fidus/parent/AccessManagerService/AccessManagerServiceGateway/src/main/resources/wsdl/accessManagerService/1.0.0/AccessManagerService_v1.wsdl" xmlns:xsi="http://www.w3.org/2001/XMLSchema-instance"><con:settings/><con:definitionCache type="TEXT" rootPart="file:/home/fidus/Documents/cirb/fidus/parent/AccessManagerService/AccessManagerServiceGateway/src/main/resources/wsdl/accessManagerService/1.0.0/AccessManagerService_v1.wsdl"><con:part><con:url>file:/home/fidus/Documents/cirb/fidus/parent/AccessManagerService/AccessManagerServiceGateway/src/main/resources/wsdl/accessManagerService/1.0.0/AccessManagerService_v1.wsdl</con:url><con:content><![CDATA[<wsdl:definitions targetNamespace="http://fidus.brussels/service/accessmanagerservice/v1" name="AccessManagerService" xmlns:soap="http://schemas.xmlsoap.org/wsdl/soap/" xmlns:wsdl="http://schemas.xmlsoap.org/wsdl/" xmlns:xsd="http://www.w3.org/2001/XMLSchema" xmlns:mes="http://fidus.brussels/service/accessmanagerservice/messages/v1" xmlns:tns="http://fidus.brussels/service/accessmanagerservice/v1">
  <xsd:annotation>
    <xsd:documentation>AccessManagerService WDSL v1.</xsd:documentation>
  </xsd:annotation>
  <wsdl:types>
    <xsd:schema targetNamespace="http://fidus.brussels/service/accessmanagerservice/v1" elementFormDefault="qualified">
      <xsd:import namespace="http://fidus.brussels/service/accessmanagerservice/messages/v1" schemaLocation="messages/accessManagerServiceMessages_v1.xsd"/>
    </xsd:schema>
  </wsdl:types>
  <wsdl:message name="getDomainRequest">
    <wsdl:part name="GetDomainRequest" element="mes:getDomainRequest"/>
  </wsdl:message>
  <wsdl:message name="getDomainResponse">
    <wsdl:part name="GetDomainResponse" element="mes:getDomainResponse"/>
  </wsdl:message>
  <wsdl:message name="getEntityRepresentativesRequest">
    <wsdl:part name="GetEntityRepresentativesRequest" element="mes:getEntityRepresentativesRequest"/>
  </wsdl:message>
  <wsdl:message name="GetEntityRepresentativesResponse">
    <wsdl:part name="getEntityRepresentativesResponse" element="mes:getEntityRepresentativesResponse"/>
  </wsdl:message>
  <wsdl:message name="findRepresentativeRolesByINSSRequest">
    <wsdl:part name="FindRepresentativeRolesByINSSRequest" element="mes:findRepresentativeRolesByINSSRequest"/>
  </wsdl:message>
  <wsdl:message name="findRepresentativeRolesByINSSResponse">
    <wsdl:part name="FindRepresentativeRolesByINSSResponse" element="mes:findRepresentativeRolesByINSSResponse"/>
  </wsdl:message>
  <wsdl:message name="getOrganisationParentNodesRequest">
    <wsdl:part name="GetOrganisationParentNodesRequest" element="mes:getOrganisationParentNodesRequest"/>
  </wsdl:message>
  <wsdl:message name="getOrganisationParentNodesResponse">
    <wsdl:part name="GetOrganisationParentNodesResponse" element="mes:getOrganisationParentNodesResponse"/>
  </wsdl:message>
  <wsdl:message name="getOrganisationChildNodesRequest">
    <wsdl:part name="GetOrganisationChildNodesRequest" element="mes:getOrganisationChildNodesRequest"/>
  </wsdl:message>
  <wsdl:message name="getOrganisationChildNodesResponse">
    <wsdl:part name="GetOrganisationChildNodesResponse" element="mes:getOrganisationChildNodesResponse"/>
  </wsdl:message>
  <wsdl:message name="getOrganisationDenominationRequest">
    <wsdl:part name="GetOrganisationNameRequest" element="mes:getOrganisationDenominationRequest"/>
  </wsdl:message>
  <wsdl:message name="getOrganisationDenominationResponse">
    <wsdl:part name="GetOrganisationNameResponse" element="mes:getOrganisationDenominationResponse"/>
  </wsdl:message>
  <wsdl:portType name="AccessManagerServicePortType">
    <wsdl:operation name="getDomain">
      <wsdl:input message="tns:getDomainRequest"/>
      <wsdl:output message="tns:getDomainResponse"/>
    </wsdl:operation>
    <wsdl:operation name="getEntityRepresentatives">
      <wsdl:input message="tns:getEntityRepresentativesRequest"/>
      <wsdl:output message="tns:getEntityRepresentativesResponse"/>
    </wsdl:operation>
    <wsdl:operation name="findRepresentativeRolesByINSS">
      <wsdl:input message="tns:findRepresentativeRolesByINSSRequest"/>
      <wsdl:output message="tns:findRepresentativeRolesByINSSResponse"/>
    </wsdl:operation>
    <wsdl:operation name="getOrganisationParentNodes">
      <wsdl:input message="tns:getOrganisationParentNodesRequest"/>
      <wsdl:output message="tns:getOrganisationParentNodesResponse"/>
    </wsdl:operation>
    <wsdl:operation name="getOrganisationChildNodes">
      <wsdl:input message="tns:getOrganisationChildNodesRequest"/>
      <wsdl:output message="tns:getOrganisationChildNodesResponse"/>
    </wsdl:operation>
    <wsdl:operation name="getOrganisationDenomination">
      <wsdl:input message="tns:getOrganisationDenominationRequest"/>
      <wsdl:output message="tns:getOrganisationDenominationResponse"/>
    </wsdl:operation>
  </wsdl:portType>
  <wsdl:binding name="AccessManagerServiceHTTPBinding" type="tns:AccessManagerServicePortType">
    <soap:binding transport="http://schemas.xmlsoap.org/soap/http" style="document"/>
    <wsdl:operation name="getDomain">
      <soap:operation soapAction="http://fidus.brussels/services/accessmanagerservice/getDomain"/>
      <wsdl:input>
        <soap:body use="literal"/>
      </wsdl:input>
      <wsdl:output>
        <soap:body use="literal"/>
      </wsdl:output>
    </wsdl:operation>
    <wsdl:operation name="getEntityRepresentatives">
      <soap:operation soapAction="http://fidus.brussels/services/accessmanagerservice/getEntityRepresentatives"/>
      <wsdl:input>
        <soap:body use="literal"/>
      </wsdl:input>
      <wsdl:output>
        <soap:body use="literal"/>
      </wsdl:output>
    </wsdl:operation>
    <wsdl:operation name="findRepresentativeRolesByINSS">
      <soap:operation soapAction="http://fidus.brussels/services/accessmanagerservice/findRepresentativeRolesByINSS"/>
      <wsdl:input>
        <soap:body use="literal"/>
      </wsdl:input>
      <wsdl:output>
        <soap:body use="literal"/>
      </wsdl:output>
    </wsdl:operation>
    <wsdl:operation name="getOrganisationParentNodes">
      <soap:operation soapAction="http://fidus.brussels/services/accessmanagerservice/getOrganisationParentNodes"/>
      <wsdl:input>
        <soap:body use="literal"/>
      </wsdl:input>
      <wsdl:output>
        <soap:body use="literal"/>
      </wsdl:output>
    </wsdl:operation>
    <wsdl:operation name="getOrganisationChildNodes">
      <soap:operation soapAction="http://fidus.brussels/services/accessmanagerservice/getOrganisationChildNodes"/>
      <wsdl:input>
        <soap:body use="literal"/>
      </wsdl:input>
      <wsdl:output>
        <soap:body use="literal"/>
      </wsdl:output>
    </wsdl:operation>
    <wsdl:operation name="getOrganisationDenomination">
      <soap:operation soapAction="http://fidus.brussels/services/accessmanagerservice/getOrganisationDenomination"/>
      <wsdl:input>
        <soap:body use="literal"/>
      </wsdl:input>
      <wsdl:output>
        <soap:body use="literal"/>
      </wsdl:output>
    </wsdl:operation>
  </wsdl:binding>
  <wsdl:service name="AccessManagerService_v1">
    <wsdl:port name="AccessManagerService_v1" binding="tns:AccessManagerServiceHTTPBinding">
      <soap:address location="http://fidus.brussels/services/accessmanagerservice/v1"/>
    </wsdl:port>
  </wsdl:service>
</wsdl:definitions>]]></con:content><con:type>http://schemas.xmlsoap.org/wsdl/</con:type></con:part><con:part><con:url>file:/home/fidus/Documents/cirb/fidus/parent/AccessManagerService/AccessManagerServiceGateway/src/main/resources/wsdl/accessManagerService/1.0.0/messages/accessManagerServiceMessages_v1.xsd</con:url><con:content><![CDATA[<xsd:schema targetNamespace="http://fidus.brussels/service/accessmanagerservice/messages/v1" elementFormDefault="qualified" attributeFormDefault="unqualified" version="1.0" xmlns:xsd="http://www.w3.org/2001/XMLSchema" xmlns:cme="http://fidus.brussels/type/common/messages/v1" xmlns:exc="http://fidus.brussels/type/common/exceptions/v1" xmlns:tns="http://fidus.brussels/service/accessmanagerservice/messages/v1" xmlns:types="http://socialsecurity.be/umanentityrepresentative/types/v3">
  <xsd:import namespace="http://fidus.brussels/type/common/messages/v1" schemaLocation="baseMessageTypes_v1.xsd"/>
  <xsd:import namespace="http://fidus.brussels/type/common/exceptions/v1" schemaLocation="exceptionTypes_v1.xsd"/>
  <xsd:import namespace="http://socialsecurity.be/umanentityrepresentative/types/v3" schemaLocation="../manager/UmanEntityRepresentativeTypesV3.xsd"/>
  <!--Request Type definition-->
  <xsd:complexType name="DomainType">
    <xsd:annotation>
      <xsd:documentation xml:lang="en">Request message to
				retrieve the allowed quality for a specified domain</xsd:documentation>
    </xsd:annotation>
    <xsd:sequence>
      <xsd:element name="domain" type="xsd:string"/>
      <xsd:element name="language" type="types:Language"/>
    </xsd:sequence>
  </xsd:complexType>
  <xsd:complexType name="OrganisationType">
    <xsd:annotation>
      <xsd:documentation xml:lang="en">Request message to
				retrieve the path of nodes, within an organisation, from the input
				organisation node to the top node of the organisation.</xsd:documentation>
    </xsd:annotation>
    <xsd:sequence>
      <xsd:element name="domain" type="xsd:string"/>
      <xsd:element name="organisationId" type="types:OrganisationId"/>
      <xsd:element name="language" type="types:Language"/>
    </xsd:sequence>
  </xsd:complexType>
  <xsd:complexType name="INSSType">
    <xsd:annotation>
      <xsd:documentation xml:lang="en">Request message to
				retrieve the list of organizations that are represented by the
				specified person and under whith representation role.</xsd:documentation>
    </xsd:annotation>
    <xsd:sequence>
      <xsd:element name="domain" type="xsd:string"/>
      <xsd:element name="inss" type="types:INSS"/>
      <xsd:element name="language" type="types:Language"/>
    </xsd:sequence>
  </xsd:complexType>
  <!--Request getAccessManagerService definition-->
  <xsd:complexType name="GetDomainRequestType">
    <xsd:sequence>
      <xsd:element name="messageContext" type="cme:RequestMessageContextType"/>
      <xsd:element name="legalContext" type="cme:LegalContextType"/>
      <xsd:element name="request" type="tns:DomainType"/>
    </xsd:sequence>
  </xsd:complexType>
  <xsd:complexType name="GetEntityRepresentativesRequestType">
    <xsd:sequence>
      <xsd:element name="messageContext" type="cme:RequestMessageContextType"/>
      <xsd:element name="legalContext" type="cme:LegalContextType"/>
      <xsd:element name="request" type="tns:OrganisationType"/>
    </xsd:sequence>
  </xsd:complexType>
  <xsd:complexType name="FindRepresentativeRolesByINSSRequestType">
    <xsd:sequence>
      <xsd:element name="messageContext" type="cme:RequestMessageContextType"/>
      <xsd:element name="legalContext" type="cme:LegalContextType"/>
      <xsd:element name="request" type="tns:INSSType"/>
    </xsd:sequence>
  </xsd:complexType>
  <xsd:complexType name="GetOrganisationParentNodesRequestType">
    <xsd:sequence>
      <xsd:element name="messageContext" type="cme:RequestMessageContextType"/>
      <xsd:element name="legalContext" type="cme:LegalContextType"/>
      <xsd:element name="request" type="tns:OrganisationType"/>
    </xsd:sequence>
  </xsd:complexType>
  <xsd:complexType name="GetOrganisationChildNodesRequestType">
    <xsd:sequence>
      <xsd:element name="messageContext" type="cme:RequestMessageContextType"/>
      <xsd:element name="legalContext" type="cme:LegalContextType"/>
      <xsd:element name="request" type="tns:OrganisationType"/>
    </xsd:sequence>
  </xsd:complexType>
  <xsd:complexType name="GetOrganisationDenominationRequestType">
    <xsd:sequence>
      <xsd:element name="messageContext" type="cme:RequestMessageContextType"/>
      <xsd:element name="legalContext" type="cme:LegalContextType"/>
      <xsd:element name="request" type="tns:OrganisationType"/>
    </xsd:sequence>
  </xsd:complexType>
  <!--Response getAccessManagerService definition-->
  <xsd:complexType name="GetDomainResponseType">
    <xsd:sequence>
      <xsd:element name="messageContext" type="cme:ResponseMessageContextType"/>
      <xsd:element name="responses" type="tns:DomainResponsesType" minOccurs="0"/>
      <xsd:element name="exceptions" type="exc:ExceptionsType" minOccurs="0">
        <xsd:annotation>
          <xsd:documentation>Technical errors that occur when processing the message context e.g. insufficient rights.</xsd:documentation>
        </xsd:annotation>
      </xsd:element>
    </xsd:sequence>
  </xsd:complexType>
  <xsd:complexType name="GetEntityRepresentativesResponseType">
    <xsd:sequence>
      <xsd:element name="messageContext" type="cme:ResponseMessageContextType"/>
      <xsd:element name="responses" type="tns:EntityRepresentativesResponsesType" minOccurs="0"/>
      <xsd:element name="exceptions" type="exc:ExceptionsType" minOccurs="0">
        <xsd:annotation>
          <xsd:documentation>Technical errors that occur when processing the message context e.g. insufficient rights.</xsd:documentation>
        </xsd:annotation>
      </xsd:element>
    </xsd:sequence>
  </xsd:complexType>
  <xsd:complexType name="FindRepresentativeRolesByINSSResponseType">
    <xsd:sequence>
      <xsd:element name="messageContext" type="cme:ResponseMessageContextType"/>
      <xsd:element name="responses" type="tns:INSSResponsesType" minOccurs="0"/>
      <xsd:element name="exceptions" type="exc:ExceptionsType" minOccurs="0">
        <xsd:annotation>
          <xsd:documentation>Technical errors that occur when processing the message context e.g. insufficient rights.</xsd:documentation>
        </xsd:annotation>
      </xsd:element>
    </xsd:sequence>
  </xsd:complexType>
  <xsd:complexType name="GetOrganisationParentNodesResponseType">
    <xsd:sequence>
      <xsd:element name="messageContext" type="cme:ResponseMessageContextType"/>
      <xsd:element name="responses" type="tns:NodeResponsesType" minOccurs="0"/>
      <xsd:element name="exceptions" type="exc:ExceptionsType" minOccurs="0">
        <xsd:annotation>
          <xsd:documentation>Technical errors that occur when processing the message context e.g. insufficient rights.</xsd:documentation>
        </xsd:annotation>
      </xsd:element>
    </xsd:sequence>
  </xsd:complexType>
  <xsd:complexType name="GetOrganisationChildNodesResponseType">
    <xsd:sequence>
      <xsd:element name="messageContext" type="cme:ResponseMessageContextType"/>
      <xsd:element name="responses" type="tns:NodeResponsesType" minOccurs="0"/>
      <xsd:element name="exceptions" type="exc:ExceptionsType" minOccurs="0">
        <xsd:annotation>
          <xsd:documentation>Technical errors that occur when processing the message context e.g. insufficient rights.</xsd:documentation>
        </xsd:annotation>
      </xsd:element>
    </xsd:sequence>
  </xsd:complexType>
  <xsd:complexType name="GetOrganisationDenominationResponseType">
    <xsd:sequence>
      <xsd:element name="messageContext" type="cme:ResponseMessageContextType"/>
      <xsd:element name="responses" type="tns:DenominationResponsesType" minOccurs="0"/>
      <xsd:element name="exceptions" type="exc:ExceptionsType" minOccurs="0">
        <xsd:annotation>
          <xsd:documentation>Technical errors that occur when processing the message context e.g. insufficient rights.</xsd:documentation>
        </xsd:annotation>
      </xsd:element>
    </xsd:sequence>
  </xsd:complexType>
  <!--Response Types definition-->
  <xsd:complexType name="DomainResponsesType">
    <xsd:sequence>
      <xsd:element name="response" type="tns:DomainResponseType" minOccurs="1" maxOccurs="1"/>
    </xsd:sequence>
  </xsd:complexType>
  <xsd:complexType name="NodeResponsesType">
    <xsd:sequence>
      <xsd:element name="response" type="tns:NodeResponseType" minOccurs="1" maxOccurs="1"/>
    </xsd:sequence>
  </xsd:complexType>
  <xsd:complexType name="DenominationResponsesType">
    <xsd:sequence>
      <xsd:element name="response" type="tns:DenominationResponseType" minOccurs="1" maxOccurs="1"/>
    </xsd:sequence>
  </xsd:complexType>
  <xsd:complexType name="EntityRepresentativesResponsesType">
    <xsd:sequence>
      <xsd:element name="response" type="tns:EntityRepresentativesResponseType" minOccurs="1" maxOccurs="1"/>
    </xsd:sequence>
  </xsd:complexType>
  <xsd:complexType name="INSSResponsesType">
    <xsd:sequence>
      <xsd:element name="response" type="tns:INSSResponseType" minOccurs="1" maxOccurs="1"/>
    </xsd:sequence>
  </xsd:complexType>
  <!--Response Type definition-->
  <xsd:complexType name="DomainResponseType">
    <xsd:annotation>
      <xsd:documentation xml:lang="en">Response message,
				echoing the message from the request</xsd:documentation>
    </xsd:annotation>
    <xsd:sequence>
      <xsd:element name="Status" type="types:StatusType"/>
      <xsd:sequence minOccurs="0" maxOccurs="unbounded">
        <xsd:element name="DomainData" type="types:DomainData"/>
      </xsd:sequence>
      <xsd:element name="exceptions" type="exc:ExceptionsType" minOccurs="0">
        <xsd:annotation>
          <xsd:documentation>Business exceptions that occur when processing the request or response e.g. missing data for a single response element.
						Exceptions at this level may contain back-end specific codes and content.</xsd:documentation>
        </xsd:annotation>
      </xsd:element>
    </xsd:sequence>
  </xsd:complexType>
  <xsd:complexType name="NodeResponseType">
    <xsd:annotation>
      <xsd:documentation xml:lang="en">Response message,
				echoing the message from the request</xsd:documentation>
    </xsd:annotation>
    <xsd:sequence>
      <xsd:element name="Status" type="types:StatusType"/>
      <xsd:element name="OrganisationNode" type="types:OrganisationNodeLinkParent" minOccurs="0" maxOccurs="unbounded"/>
      <xsd:element name="exceptions" type="exc:ExceptionsType" minOccurs="0">
        <xsd:annotation>
          <xsd:documentation>Business exceptions that occur when processing the request or response e.g. missing data for a single response element.
						Exceptions at this level may contain back-end specific codes and content.</xsd:documentation>
        </xsd:annotation>
      </xsd:element>
    </xsd:sequence>
  </xsd:complexType>
  <xsd:complexType name="DenominationResponseType">
    <xsd:annotation>
      <xsd:documentation xml:lang="en">Response message,
				echoing the message from the request</xsd:documentation>
    </xsd:annotation>
    <xsd:sequence>
      <xsd:element name="Status" type="types:StatusType"/>
      <xsd:sequence minOccurs="0" maxOccurs="unbounded">
        <xsd:element name="OrganisationDenominationData" type="types:OrganisationDenominationData"/>
      </xsd:sequence>
      <xsd:element name="exceptions" type="exc:ExceptionsType" minOccurs="0">
        <xsd:annotation>
          <xsd:documentation>Business exceptions that occur when processing the request or response e.g. missing data for a single response element.
						Exceptions at this level may contain back-end specific codes and content.</xsd:documentation>
        </xsd:annotation>
      </xsd:element>
    </xsd:sequence>
  </xsd:complexType>
  <xsd:complexType name="EntityRepresentativesResponseType">
    <xsd:annotation>
      <xsd:documentation xml:lang="en">Response message,
				echoing the message from the request</xsd:documentation>
    </xsd:annotation>
    <xsd:sequence>
      <xsd:element name="Status" type="types:StatusType"/>
      <xsd:sequence minOccurs="0">
        <xsd:element name="OrganisationId" type="types:OrganisationId"/>
        <xsd:element name="Representative" type="types:Person" minOccurs="0"/>
        <xsd:element name="CoRepresentative" type="types:Person" minOccurs="0" maxOccurs="unbounded"/>
        <xsd:element name="Quality" type="types:QualityRepresentatives" minOccurs="0" maxOccurs="unbounded"/>
      </xsd:sequence>
      <xsd:element name="exceptions" type="exc:ExceptionsType" minOccurs="0">
        <xsd:annotation>
          <xsd:documentation>Business exceptions that occur when processing the request or response e.g. missing data for a single response element.
						Exceptions at this level may contain back-end specific codes and content.</xsd:documentation>
        </xsd:annotation>
      </xsd:element>
    </xsd:sequence>
  </xsd:complexType>
  <xsd:complexType name="INSSResponseType">
    <xsd:annotation>
      <xsd:documentation xml:lang="en">Response message,
				echoing the message from the request</xsd:documentation>
    </xsd:annotation>
    <xsd:sequence>
      <xsd:element name="Status" type="types:StatusType"/>
      <xsd:sequence minOccurs="0">
        <xsd:element name="Entity" type="types:Entity" minOccurs="1" maxOccurs="unbounded"/>
      </xsd:sequence>
      <xsd:element name="exceptions" type="exc:ExceptionsType" minOccurs="0">
        <xsd:annotation>
          <xsd:documentation>Business exceptions that occur when processing the request or response e.g. missing data for a single response element.
						Exceptions at this level may contain back-end specific codes and content.</xsd:documentation>
        </xsd:annotation>
      </xsd:element>
    </xsd:sequence>
  </xsd:complexType>
  <!--Element of the request and the response-->
  <xsd:element name="getDomainRequest" type="tns:GetDomainRequestType"/>
  <xsd:element name="getDomainResponse" type="tns:GetDomainResponseType"/>
  <xsd:element name="getEntityRepresentativesRequest" type="tns:GetEntityRepresentativesRequestType"/>
  <xsd:element name="getEntityRepresentativesResponse" type="tns:GetEntityRepresentativesResponseType"/>
  <xsd:element name="findRepresentativeRolesByINSSRequest" type="tns:FindRepresentativeRolesByINSSRequestType"/>
  <xsd:element name="findRepresentativeRolesByINSSResponse" type="tns:FindRepresentativeRolesByINSSResponseType"/>
  <xsd:element name="getOrganisationParentNodesRequest" type="tns:GetOrganisationParentNodesRequestType"/>
  <xsd:element name="getOrganisationParentNodesResponse" type="tns:GetOrganisationParentNodesResponseType"/>
  <xsd:element name="getOrganisationChildNodesRequest" type="tns:GetOrganisationChildNodesRequestType"/>
  <xsd:element name="getOrganisationChildNodesResponse" type="tns:GetOrganisationChildNodesResponseType"/>
  <xsd:element name="getOrganisationDenominationRequest" type="tns:GetOrganisationDenominationRequestType"/>
  <xsd:element name="getOrganisationDenominationResponse" type="tns:GetOrganisationDenominationResponseType"/>
</xsd:schema>]]></con:content><con:type>http://www.w3.org/2001/XMLSchema</con:type></con:part><con:part><con:url>file:/home/fidus/Documents/cirb/fidus/parent/AccessManagerService/AccessManagerServiceGateway/src/main/resources/wsdl/accessManagerService/1.0.0/messages/baseMessageTypes_v1.xsd</con:url><con:content><![CDATA[<xsd:schema targetNamespace="http://fidus.brussels/type/common/messages/v1" elementFormDefault="qualified" attributeFormDefault="unqualified" version="1.0" xmlns:xsd="http://www.w3.org/2001/XMLSchema" xmlns:cmn="http://fidus.brussels/type/common/v1" xmlns:tns="http://fidus.brussels/type/common/messages/v1">
  <!--Unformatted message Id-->
  <xsd:simpleType name="MessageIdType">
    <xsd:restriction base="xsd:string">
      <xsd:minLength value="1"/>
      <xsd:maxLength value="64"/>
    </xsd:restriction>
  </xsd:simpleType>
  <!--National Number of the person. Format depending on the Register-->
  <xsd:simpleType name="PersonNumberType">
    <xsd:restriction base="xsd:string">
      <xsd:pattern value="[0-9][0-9](([0][0-9])|([1][0-2]))(([0-2][0-9])|([3][0-1]))(([0-9]{2}[1-9])|([0-9][1-9][0-9])|([1-9][0-9]{2}))(([0-8][0-9])|([9][0-7]))">
        <xsd:annotation>
          <xsd:documentation>National Register format</xsd:documentation>
        </xsd:annotation>
      </xsd:pattern>
      <xsd:pattern value="[0-9][0-9](([2][0-9])|([3][0-2]))(([0-2][0-9])|([3][0-1]))[0-9]{3}(([0-8][0-9])|([9][0-7]))">
        <xsd:annotation>
          <xsd:documentation>CBSS Register format: Bis Register</xsd:documentation>
        </xsd:annotation>
      </xsd:pattern>
      <xsd:pattern value="[0-9][0-9](([4][0-9])|([5][0-2]))(([0-2][0-9])|([3][0-1]))[0-9]{3}(([0-8][0-9])|([9][0-7]))">
        <xsd:annotation>
          <xsd:documentation>CBSS Register format: Ter Register</xsd:documentation>
        </xsd:annotation>
      </xsd:pattern>
    </xsd:restriction>
  </xsd:simpleType>
  <!--Request message context-->
  <xsd:complexType name="RequestMessageContextType">
    <xsd:annotation>
      <xsd:documentation>Message context block generated by the consumer.</xsd:documentation>
    </xsd:annotation>
    <xsd:sequence>
      <xsd:element name="messageId" type="tns:MessageIdType">
        <xsd:annotation>
          <xsd:documentation>Consumer must assign their own MessageId reference for the request.</xsd:documentation>
        </xsd:annotation>
      </xsd:element>
      <xsd:element name="timestamp" type="xsd:dateTime" minOccurs="0">
        <xsd:annotation>
          <xsd:documentation>Timestamp when client sent request.</xsd:documentation>
        </xsd:annotation>
      </xsd:element>
    </xsd:sequence>
  </xsd:complexType>
  <!--Response message context-->
  <xsd:complexType name="ResponseMessageContextType">
    <xsd:annotation>
      <xsd:documentation>MessageContext block generated by fidus.</xsd:documentation>
    </xsd:annotation>
    <xsd:sequence>
      <xsd:element name="messageId" type="tns:MessageIdType">
        <xsd:annotation>
          <xsd:documentation>A unique identifier generated by fidus.</xsd:documentation>
        </xsd:annotation>
      </xsd:element>
      <xsd:element name="transactionId" type="tns:MessageIdType">
        <xsd:annotation>
          <xsd:documentation>A unique ID returned to the client for tracing purposes.</xsd:documentation>
        </xsd:annotation>
      </xsd:element>
      <xsd:element name="relatesTo" type="tns:MessageIdType" minOccurs="0">
        <xsd:annotation>
          <xsd:documentation>Optional field. The unique id of a previous batch file in this exchange Only used for responses.</xsd:documentation>
        </xsd:annotation>
      </xsd:element>
      <xsd:element name="timestamp" type="xsd:dateTime" minOccurs="0">
        <xsd:annotation>
          <xsd:documentation>Time reply sent by fidus.</xsd:documentation>
        </xsd:annotation>
      </xsd:element>
    </xsd:sequence>
  </xsd:complexType>
  <!--Legal Context : the finality of the Privacy Commission-->
  <xsd:simpleType name="LegalContextType">
    <xsd:restriction base="xsd:string">
      <xsd:minLength value="1"/>
      <xsd:maxLength value="64"/>
    </xsd:restriction>
  </xsd:simpleType>
  <xsd:complexType name="UserContextType">
    <xsd:annotation>
      <xsd:documentation>The user context defines information regarding the actual user performing a request.</xsd:documentation>
    </xsd:annotation>
    <xsd:sequence>
      <xsd:element name="language" type="xsd:language" nillable="true">
        <xsd:annotation>
          <xsd:documentation>The preferred language of the actual user performing the request.
						This influences the language in which response elements are cast.</xsd:documentation>
        </xsd:annotation>
      </xsd:element>
    </xsd:sequence>
  </xsd:complexType>
</xsd:schema>]]></con:content><con:type>http://www.w3.org/2001/XMLSchema</con:type></con:part><con:part><con:url>file:/home/fidus/Documents/cirb/fidus/parent/AccessManagerService/AccessManagerServiceGateway/src/main/resources/wsdl/accessManagerService/1.0.0/messages/exceptionTypes_v1.xsd</con:url><con:content><![CDATA[<xsd:schema targetNamespace="http://fidus.brussels/type/common/exceptions/v1" elementFormDefault="qualified" attributeFormDefault="unqualified" version="1.0" xmlns:xsd="http://www.w3.org/2001/XMLSchema" xmlns:tns="http://fidus.brussels/type/common/exceptions/v1">
  <!--Basic error typed-->
  <xsd:complexType name="ExceptionsType">
    <xsd:sequence>
      <xsd:element name="exception" type="tns:ExceptionType" maxOccurs="unbounded"/>
    </xsd:sequence>
  </xsd:complexType>
  <xsd:complexType name="ExceptionType">
    <xsd:sequence>
      <xsd:element name="type" type="tns:ExceptionClassType"/>
      <xsd:element name="code" type="tns:ExceptionCodeType"/>
      <xsd:element name="source" type="tns:ExceptionSourceType"/>
      <xsd:element name="description" type="tns:ExceptionDescriptionType"/>
    </xsd:sequence>
  </xsd:complexType>
  <xsd:simpleType name="ExceptionClassType">
    <xsd:restriction base="xsd:string">
      <xsd:enumeration value="ERROR"/>
      <xsd:enumeration value="WARNING"/>
      <xsd:enumeration value="INFO"/>
    </xsd:restriction>
  </xsd:simpleType>
  <xsd:simpleType name="ExceptionCodeType">
    <xsd:restriction base="xsd:string">
      <xsd:maxLength value="20"/>
    </xsd:restriction>
  </xsd:simpleType>
  <xsd:simpleType name="ExceptionSourceType">
    <xsd:restriction base="xsd:string">
      <xsd:maxLength value="20"/>
    </xsd:restriction>
  </xsd:simpleType>
  <xsd:simpleType name="ExceptionDescriptionType">
    <xsd:restriction base="xsd:string"/>
  </xsd:simpleType>
</xsd:schema>]]></con:content><con:type>http://www.w3.org/2001/XMLSchema</con:type></con:part><con:part><con:url>file:/home/fidus/Documents/cirb/fidus/parent/AccessManagerService/AccessManagerServiceGateway/src/main/resources/wsdl/accessManagerService/1.0.0/manager/UmanEntityRepresentativeTypesV3.xsd</con:url><con:content><![CDATA[<xsd:schema targetNamespace="http://socialsecurity.be/umanentityrepresentative/types/v3" elementFormDefault="qualified" attributeFormDefault="unqualified" version="1.0" xmlns="http://socialsecurity.be/umanentityrepresentative/types/v3" xmlns:xsd="http://www.w3.org/2001/XMLSchema">
  <xsd:complexType name="QualityRepresentatives">
    <xsd:annotation>
      <xsd:documentation xml:lang="en">Complex type defining who is the representative of a user management quality.</xsd:documentation>
    </xsd:annotation>
    <xsd:sequence>
      <xsd:element name="QualityCode" type="OrganisationCode"/>
      <xsd:element name="Denomination" type="Denomination"/>
      <xsd:element name="Representative" type="Person" minOccurs="0"/>
      <xsd:element name="CoRepresentative" type="Person" minOccurs="0" maxOccurs="unbounded"/>
      <xsd:element name="Subdivision" type="SubdivisionRepresentative" minOccurs="0" maxOccurs="unbounded"/>
    </xsd:sequence>
  </xsd:complexType>
  <xsd:complexType name="SubdivisionRepresentative">
    <xsd:annotation>
      <xsd:documentation xml:lang="en">Complex type defining who is the representative of a user management subdivison.</xsd:documentation>
    </xsd:annotation>
    <xsd:sequence>
      <xsd:element name="OrganisationId" type="SubdivisionOrganisationId"/>
      <xsd:element name="Denomination" type="Denomination" minOccurs="0" maxOccurs="1"/>
      <xsd:element name="SubdivisionCode" type="OrganisationCode"/>
      <xsd:element name="Representative" type="Person" minOccurs="0"/>
      <xsd:element name="CoRepresentative" type="Person" minOccurs="0" maxOccurs="unbounded"/>
      <xsd:element name="Subdivision" type="SubdivisionRepresentative" minOccurs="0" maxOccurs="unbounded"/>
    </xsd:sequence>
  </xsd:complexType>
  <xsd:complexType name="Entity">
    <xsd:annotation>
      <xsd:documentation xml:lang="en">Complex type defining the access rights of a specific user in terms of BCE based entity, user management qualities, and representative roles.</xsd:documentation>
    </xsd:annotation>
    <xsd:sequence>
      <xsd:element name="OrganisationId" type="OrganisationId"/>
      <xsd:element name="Role" type="Role" minOccurs="0"/>
      <xsd:element name="Email" type="Email" minOccurs="0"/>
      <xsd:element name="Quality" type="QualityRole" minOccurs="0" maxOccurs="unbounded"/>
    </xsd:sequence>
  </xsd:complexType>
  <xsd:complexType name="QualityRole">
    <xsd:annotation>
      <xsd:documentation xml:lang="en">Complex type defining a user management quality and the related role the user is granted to.</xsd:documentation>
    </xsd:annotation>
    <xsd:sequence>
      <xsd:element name="QualityCode" type="OrganisationCode"/>
      <xsd:element name="Denomination" type="Denomination"/>
      <xsd:element name="Role" type="Role" minOccurs="0"/>
      <xsd:element name="Email" type="Email" minOccurs="0"/>
      <xsd:element name="Subdivision" type="SubdivisionRole" minOccurs="0" maxOccurs="unbounded"/>
    </xsd:sequence>
  </xsd:complexType>
  <xsd:complexType name="SubdivisionRole">
    <xsd:annotation>
      <xsd:documentation xml:lang="en">Complex type defining a user management subdivision and the related role the user is granted to.</xsd:documentation>
    </xsd:annotation>
    <xsd:sequence>
      <xsd:element name="OrganisationId" type="SubdivisionOrganisationId"/>
      <xsd:element name="SubdivisionCode" type="OrganisationCode"/>
      <xsd:element name="Denomination" type="Denomination" minOccurs="0"/>
      <xsd:element name="Role" type="Role" minOccurs="0"/>
      <xsd:element name="Email" type="Email" minOccurs="0"/>
      <xsd:element name="Subdivision" type="SubdivisionRole" minOccurs="0" maxOccurs="unbounded"/>
    </xsd:sequence>
  </xsd:complexType>
  <xsd:complexType name="SubdivisionOrganisationId">
    <xsd:annotation>
      <xsd:documentation>Complex type defining an organisation identifier (entity or subdivision).</xsd:documentation>
    </xsd:annotation>
    <xsd:sequence>
      <xsd:element name="Identifier" type="Identifier" minOccurs="0"/>
      <xsd:element name="IdentifierType" type="IdentifierType"/>
    </xsd:sequence>
  </xsd:complexType>
  <xsd:complexType name="Person">
    <xsd:annotation>
      <xsd:documentation xml:lang="en">Complex type defining an individual person.</xsd:documentation>
    </xsd:annotation>
    <xsd:sequence>
      <xsd:element name="INSS" type="INSS"/>
      <xsd:element name="Email" type="Email" minOccurs="0"/>
    </xsd:sequence>
  </xsd:complexType>
  <xsd:complexType name="StatusType">
    <xsd:annotation>
      <xsd:documentation>Status of the request</xsd:documentation>
    </xsd:annotation>
    <xsd:sequence>
      <xsd:element name="Code" type="StatusCode"/>
      <xsd:element name="Comment" type="xsd:string" minOccurs="0" maxOccurs="unbounded"/>
    </xsd:sequence>
  </xsd:complexType>
  <xsd:simpleType name="INSS">
    <xsd:annotation>
      <xsd:documentation xml:lang="en">Simple type defining a person identifier.</xsd:documentation>
    </xsd:annotation>
    <xsd:restriction base="xsd:string">
      <xsd:length value="11"/>
      <xsd:pattern value="\d{11}"/>
    </xsd:restriction>
  </xsd:simpleType>
  <xsd:simpleType name="Denomination">
    <xsd:annotation>
      <xsd:documentation xml:lang="en">Simple type defining a Denomination for the level that is returned.</xsd:documentation>
    </xsd:annotation>
    <xsd:restriction base="xsd:string">
      <xsd:maxLength value="200"/>
    </xsd:restriction>
  </xsd:simpleType>
  <xsd:simpleType name="OrganisationLevel">
    <xsd:annotation>
      <xsd:documentation xml:lang="en">Simple type defining an Level of an Organisation Node. Could be Entity , Quality or Subdivision</xsd:documentation>
    </xsd:annotation>
    <xsd:restriction base="xsd:string">
      <xsd:pattern value="Entity|Quality|Subdivision"/>
    </xsd:restriction>
  </xsd:simpleType>
  <xsd:simpleType name="Language">
    <xsd:annotation>
      <xsd:documentation xml:lang="en">Simple type defining a language for the name that are returned. 4 languages are supported: French, Dutch, German or English</xsd:documentation>
    </xsd:annotation>
    <xsd:restriction base="xsd:string">
      <xsd:pattern value="fr|nl|de|en"/>
    </xsd:restriction>
  </xsd:simpleType>
  <xsd:simpleType name="Email">
    <xsd:annotation>
      <xsd:documentation xml:lang="en">Simple type defining an email adress</xsd:documentation>
    </xsd:annotation>
    <xsd:restriction base="xsd:string">
      <xsd:maxLength value="200"/>
    </xsd:restriction>
  </xsd:simpleType>
  <xsd:complexType name="OrganisationId">
    <xsd:annotation>
      <xsd:documentation>Complex type defining an organisation identifier (entity or subdivision).</xsd:documentation>
    </xsd:annotation>
    <xsd:sequence>
      <xsd:element name="Identifier" type="Identifier"/>
      <xsd:element name="IdentifierType" type="IdentifierType"/>
    </xsd:sequence>
  </xsd:complexType>
  <xsd:simpleType name="Identifier">
    <xsd:annotation>
      <xsd:documentation>Simple type defining an identifier of an organisation (Entity, Quality or subdivision).</xsd:documentation>
    </xsd:annotation>
    <xsd:restriction base="xsd:string">
      <xsd:maxLength value="50"/>
    </xsd:restriction>
  </xsd:simpleType>
  <xsd:simpleType name="IdentifierType">
    <xsd:annotation>
      <xsd:documentation>Simple type defining a type of identifier (BECBE, ...)</xsd:documentation>
    </xsd:annotation>
    <xsd:restriction base="xsd:string">
      <xsd:maxLength value="20"/>
    </xsd:restriction>
  </xsd:simpleType>
  <xsd:simpleType name="OrganisationCode">
    <xsd:annotation>
      <xsd:documentation>Complex type defining a organisation node type code (Quality or subdivision) eg: QUAL_XXX, SUB_XXX.</xsd:documentation>
    </xsd:annotation>
    <xsd:restriction base="xsd:string">
      <xsd:maxLength value="20"/>
    </xsd:restriction>
  </xsd:simpleType>
  <xsd:simpleType name="Role">
    <xsd:annotation>
      <xsd:documentation xml:lang="en">Simple enumerated type defining user representative roles.</xsd:documentation>
    </xsd:annotation>
    <xsd:restriction base="xsd:string">
      <xsd:enumeration value="REPRESENTATIVE"/>
      <xsd:enumeration value="COREPRESENTATIVE"/>
    </xsd:restriction>
  </xsd:simpleType>
  <xsd:simpleType name="StatusCode">
    <xsd:annotation>
      <xsd:documentation xml:lang="en">Status of response.</xsd:documentation>
    </xsd:annotation>
    <xsd:restriction base="xsd:string">
      <xsd:enumeration value="SUCCESS"/>
      <xsd:enumeration value="NO_DATA_FOUND"/>
      <xsd:enumeration value="NO_DOMAIN_FOUND"/>
      <xsd:enumeration value="INVALID_ORG_IDENTIFIER"/>
      <xsd:enumeration value="INVALID_SSIN"/>
      <xsd:enumeration value="NOT_AUTHENTIC_SOURCE_FOR_ORG_NAME"/>
    </xsd:restriction>
  </xsd:simpleType>
  <xsd:complexType name="OrganisationNodeLinkParent">
    <xsd:annotation>
      <xsd:documentation>Set of informations concerning a Organisation node in uman + an optional link to the parent</xsd:documentation>
    </xsd:annotation>
    <xsd:sequence>
      <xsd:element name="OrganisationId" type="SubdivisionOrganisationId"/>
      <xsd:element name="Denomination" type="Denomination" minOccurs="0"/>
      <xsd:element name="OrganisationLevel" type="OrganisationLevel"/>
      <xsd:element name="OrganisationCode" type="OrganisationCode"/>
      <xsd:element name="OrganisationParentNode" type="OrganisationNodeLinkParent" minOccurs="0" maxOccurs="1"/>
    </xsd:sequence>
  </xsd:complexType>
  <xsd:complexType name="OrganisationNodeLinkChild">
    <xsd:annotation>
      <xsd:documentation>Set of informations concerning a Organisation node in uman + an optional link to the Child(s)</xsd:documentation>
    </xsd:annotation>
    <xsd:sequence>
      <xsd:element name="OrganisationId" type="SubdivisionOrganisationId"/>
      <xsd:element name="Denomination" type="Denomination" minOccurs="0"/>
      <xsd:element name="OrganisationLevel" type="OrganisationLevel"/>
      <xsd:element name="OrganisationCode" type="OrganisationCode"/>
      <xsd:element name="OrganisationChildNode" type="OrganisationNodeLinkChild" minOccurs="0" maxOccurs="unbounded"/>
    </xsd:sequence>
  </xsd:complexType>
  <xsd:complexType name="DomainData">
    <xsd:annotation>
      <xsd:documentation>Set of informations concerning a Domain</xsd:documentation>
    </xsd:annotation>
    <xsd:sequence>
      <xsd:element name="QualityCode" type="OrganisationCode"/>
      <xsd:element name="Denomination" type="Denomination"/>
    </xsd:sequence>
  </xsd:complexType>
  <xsd:complexType name="OrganisationDenominationData">
    <xsd:annotation>
      <xsd:documentation>Set of informations concerning a Organisation Denomination</xsd:documentation>
    </xsd:annotation>
    <xsd:sequence>
      <xsd:element name="OrganisationId" type="OrganisationId"/>
      <xsd:element name="Denomination" type="Denomination"/>
    </xsd:sequence>
  </xsd:complexType>
</xsd:schema>]]></con:content><con:type>http://www.w3.org/2001/XMLSchema</con:type></con:part></con:definitionCache><con:endpoints><con:endpoint>http://fidus.brussels/services/accessmanagerservice/v1</con:endpoint><con:endpoint>http://localhost.localdomain:8088/mockAccessManagerServiceHTTPBinding</con:endpoint></con:endpoints><con:operation id="64be46ff-1340-46c2-8c1a-d5dede6162b5" isOneWay="false" action="http://fidus.brussels/services/accessmanagerservice/findRepresentativeRolesByINSS" name="findRepresentativeRolesByINSS" bindingOperationName="findRepresentativeRolesByINSS" type="Request-Response" inputName="" receivesAttachments="false" sendsAttachments="false" anonymous="optional"><con:settings/><con:call id="31c29739-f4b7-4bc2-99d7-13447fa19f74" name="1 - Local - Request - OK" outgoingWss="Outflow DEV" incomingWss="Inflow DEV"><con:settings><con:setting id="com.eviware.soapui.impl.wsdl.WsdlRequest@request-headers">&lt;xml-fragment/></con:setting></con:settings><con:encoding>UTF-8</con:encoding><con:endpoint>https://localhost:8243/services/AccessManagerService_v1.0</con:endpoint><con:request><![CDATA[<soapenv:Envelope xmlns:soapenv="http://schemas.xmlsoap.org/soap/envelope/" xmlns:v1="http://fidus.brussels/service/accessmanagerservice/messages/v1" xmlns:v11="http://fidus.brussels/type/common/messages/v1" xmlns:v3="http://socialsecurity.be/umanentityrepresentative/types/v3">
   <soapenv:Header/>
   <soapenv:Body>
      <v1:findRepresentativeRolesByINSSRequest>
         <v1:messageContext>
         	  <v11:messageId>${=import static java.util.UUID.randomUUID; uuid = randomUUID() as String}</v11:messageId>
            <v11:timestamp>${=new java.text.SimpleDateFormat("yyyy-MM-dd'T'HH:mm:ss.SSS").format(new Date())}</v11:timestamp>
         </v1:messageContext>
         <v1:legalContext>ServiceIntegrator</v1:legalContext>
         <v1:request>
            <v1:Domain>QUAL_FED_HEALTHCARE</v1:Domain>
            <v1:INSS>86051933959</v1:INSS>
            <v1:Language>nl</v1:Language>
         </v1:request>
      </v1:findRepresentativeRolesByINSSRequest>
   </soapenv:Body>
</soapenv:Envelope>]]></con:request><con:credentials><con:selectedAuthProfile>Basic</con:selectedAuthProfile><con:addedBasicAuthenticationTypes>Basic</con:addedBasicAuthenticationTypes><con:authType>Global HTTP Settings</con:authType></con:credentials><con:jmsConfig JMSDeliveryMode="PERSISTENT"/><con:jmsPropertyConfig/><con:wsaConfig mustUnderstand="NONE" version="200508" action="http://fidus.brussels/services/accessmanagerservice/findRepresentativeRolesByINSS"/><con:wsrmConfig version="1.2"/></con:call><con:call id="e92039c4-a3f6-4ffc-a8df-68425c9ed50f" name="2 - Dev - Request - OK" outgoingWss="Outflow DEV" incomingWss="Inflow DEV"><con:settings><con:setting id="com.eviware.soapui.impl.wsdl.WsdlRequest@request-headers">&lt;xml-fragment/></con:setting></con:settings><con:encoding>UTF-8</con:encoding><con:endpoint>https://192.168.36.61:8243/services/AccessManagerService_v1.0</con:endpoint><con:request><![CDATA[<soapenv:Envelope xmlns:soapenv="http://schemas.xmlsoap.org/soap/envelope/" xmlns:v1="http://fidus.brussels/service/accessmanagerservice/messages/v1" xmlns:v11="http://fidus.brussels/type/common/messages/v1" xmlns:v3="http://socialsecurity.be/umanentityrepresentative/types/v3">
   <soapenv:Header/>
   <soapenv:Body>
      <v1:findRepresentativeRolesByINSSRequest>
         <v1:messageContext>
         	  <v11:messageId>${=import static java.util.UUID.randomUUID; uuid = randomUUID() as String}</v11:messageId>
            <v11:timestamp>${=new java.text.SimpleDateFormat("yyyy-MM-dd'T'HH:mm:ss.SSS").format(new Date())}</v11:timestamp>
         </v1:messageContext>
         <v1:legalContext>ServiceIntegrator</v1:legalContext>
         <v1:request>
            <v1:Domain>QUAL_FED_HEALTHCARE</v1:Domain>
            <v1:INSS>86051933959</v1:INSS>
            <v1:Language>nl</v1:Language>
         </v1:request>
      </v1:findRepresentativeRolesByINSSRequest>
   </soapenv:Body>
</soapenv:Envelope>]]></con:request><con:credentials><con:selectedAuthProfile>Basic</con:selectedAuthProfile><con:addedBasicAuthenticationTypes>Basic</con:addedBasicAuthenticationTypes><con:authType>Global HTTP Settings</con:authType></con:credentials><con:jmsConfig JMSDeliveryMode="PERSISTENT"/><con:jmsPropertyConfig/><con:wsaConfig mustUnderstand="NONE" version="200508" action="http://fidus.brussels/services/accessmanagerservice/findRepresentativeRolesByINSS"/><con:wsrmConfig version="1.2"/></con:call><con:call id="e08b488c-a3d5-4644-b660-6803d67f400c" name="3 - Test - LB - Request" outgoingWss="Outflow TEST" incomingWss="Inflow TEST"><con:settings><con:setting id="com.eviware.soapui.impl.wsdl.WsdlRequest@request-headers">&lt;xml-fragment/></con:setting></con:settings><con:encoding>UTF-8</con:encoding><con:endpoint>https://esb-security-gw.sta.srv.cirb.lan:8443/services/AccessManagerService_v1.0</con:endpoint><con:request><![CDATA[<soapenv:Envelope xmlns:soapenv="http://schemas.xmlsoap.org/soap/envelope/" xmlns:v1="http://fidus.brussels/service/accessmanagerservice/messages/v1" xmlns:v11="http://fidus.brussels/type/common/messages/v1" xmlns:v3="http://socialsecurity.be/umanentityrepresentative/types/v3">
   <soapenv:Header/>
   <soapenv:Body>
      <v1:findRepresentativeRolesByINSSRequest>
         <v1:messageContext>
         	  <v11:messageId>${=import static java.util.UUID.randomUUID; uuid = randomUUID() as String}</v11:messageId>
            <v11:timestamp>${=new java.text.SimpleDateFormat("yyyy-MM-dd'T'HH:mm:ss.SSS").format(new Date())}</v11:timestamp>
         </v1:messageContext>
         <v1:legalContext>ServiceIntegrator</v1:legalContext>
         <v1:request>
            <v1:Domain>QUAL_FED_HEALTHCARE</v1:Domain>
            <v1:INSS>86051933959</v1:INSS>
            <v1:Language>nl</v1:Language>
         </v1:request>
      </v1:findRepresentativeRolesByINSSRequest>
   </soapenv:Body>
</soapenv:Envelope>]]></con:request><con:credentials><con:selectedAuthProfile>Basic</con:selectedAuthProfile><con:addedBasicAuthenticationTypes>Basic</con:addedBasicAuthenticationTypes><con:authType>Global HTTP Settings</con:authType></con:credentials><con:jmsConfig JMSDeliveryMode="PERSISTENT"/><con:jmsPropertyConfig/><con:wsaConfig mustUnderstand="NONE" version="200508" action="http://fidus.brussels/services/accessmanagerservice/findRepresentativeRolesByINSS"/><con:wsrmConfig version="1.2"/></con:call><con:call id="fca0f525-9c1a-4dd8-87c8-96162553d100" name="4 - Staging - LB - Request" incomingWss="Inflow STAGING" outgoingWss="Outflow STAGING"><con:settings><con:setting id="com.eviware.soapui.impl.wsdl.WsdlRequest@request-headers">&lt;xml-fragment/></con:setting></con:settings><con:encoding>UTF-8</con:encoding><con:endpoint>https://fidus-esb-sg.sta.srv.cirb.lan:8443/services/AccessManagerService_v1.0</con:endpoint><con:request><![CDATA[<soapenv:Envelope xmlns:soapenv="http://schemas.xmlsoap.org/soap/envelope/" xmlns:v1="http://fidus.brussels/service/accessmanagerservice/messages/v1" xmlns:v11="http://fidus.brussels/type/common/messages/v1" xmlns:v3="http://socialsecurity.be/umanentityrepresentative/types/v3">
   <soapenv:Header/>
   <soapenv:Body>
      <v1:findRepresentativeRolesByINSSRequest>
         <v1:messageContext>
         	  <v11:messageId>${=import static java.util.UUID.randomUUID; uuid = randomUUID() as String}</v11:messageId>
            <v11:timestamp>${=new java.text.SimpleDateFormat("yyyy-MM-dd'T'HH:mm:ss.SSS").format(new Date())}</v11:timestamp>
         </v1:messageContext>
         <v1:legalContext>ServiceIntegrator</v1:legalContext>
         <v1:request>
            <v1:Domain>QUAL_FED_HEALTHCARE</v1:Domain>
            <v1:INSS>86051933959</v1:INSS>
            <v1:Language>nl</v1:Language>
         </v1:request>
      </v1:findRepresentativeRolesByINSSRequest>
   </soapenv:Body>
</soapenv:Envelope>]]></con:request><con:credentials><con:selectedAuthProfile>Basic</con:selectedAuthProfile><con:addedBasicAuthenticationTypes>Basic</con:addedBasicAuthenticationTypes><con:authType>Global HTTP Settings</con:authType></con:credentials><con:jmsConfig JMSDeliveryMode="PERSISTENT"/><con:jmsPropertyConfig/><con:wsaConfig mustUnderstand="NONE" version="200508" action="http://fidus.brussels/services/accessmanagerservice/findRepresentativeRolesByINSS"/><con:wsrmConfig version="1.2"/></con:call><con:call id="6041e4ee-0229-4fba-8560-6d5d50209060" name="5 - Prod - External - Request" incomingWss="Inflow PROD" outgoingWss="Outflow PROD"><con:settings><con:setting id="com.eviware.soapui.impl.wsdl.WsdlRequest@request-headers">&lt;xml-fragment/></con:setting></con:settings><con:encoding>UTF-8</con:encoding><con:endpoint>https://fidus.sec.brussels/services/AccessManagerService_v1.0</con:endpoint><con:request><![CDATA[<soapenv:Envelope xmlns:soapenv="http://schemas.xmlsoap.org/soap/envelope/" xmlns:v1="http://fidus.brussels/service/accessmanagerservice/messages/v1" xmlns:v11="http://fidus.brussels/type/common/messages/v1" xmlns:v3="http://socialsecurity.be/umanentityrepresentative/types/v3">
   <soapenv:Header/>
   <soapenv:Body>
      <v1:findRepresentativeRolesByINSSRequest>
         <v1:messageContext>
         	  <v11:messageId>${=import static java.util.UUID.randomUUID; uuid = randomUUID() as String}</v11:messageId>
            <v11:timestamp>${=new java.text.SimpleDateFormat("yyyy-MM-dd'T'HH:mm:ss.SSS").format(new Date())}</v11:timestamp>
         </v1:messageContext>
         <v1:legalContext>ServiceIntegrator</v1:legalContext>
         <v1:request>
            <v1:Domain>QUAL_FED_HEALTHCARE</v1:Domain>
            <v1:INSS>86051933959</v1:INSS>
            <v1:Language>nl</v1:Language>
         </v1:request>
      </v1:findRepresentativeRolesByINSSRequest>
   </soapenv:Body>
</soapenv:Envelope>]]></con:request><con:credentials><con:selectedAuthProfile>Basic</con:selectedAuthProfile><con:addedBasicAuthenticationTypes>Basic</con:addedBasicAuthenticationTypes><con:authType>Global HTTP Settings</con:authType></con:credentials><con:jmsConfig JMSDeliveryMode="PERSISTENT"/><con:jmsPropertyConfig/><con:wsaConfig mustUnderstand="NONE" version="200508" action="http://fidus.brussels/services/accessmanagerservice/findRepresentativeRolesByINSS"/><con:wsrmConfig version="1.2"/></con:call><con:call id="12552132-98c3-4e99-b356-b78587aabb2c" name="1 - Local - Request - Not Found" outgoingWss="Outflow DEV" incomingWss="Inflow DEV"><con:settings><con:setting id="com.eviware.soapui.impl.wsdl.WsdlRequest@request-headers">&lt;xml-fragment/></con:setting></con:settings><con:encoding>UTF-8</con:encoding><con:endpoint>https://localhost:8243/services/AccessManagerService_v1.0</con:endpoint><con:request><![CDATA[<soapenv:Envelope xmlns:soapenv="http://schemas.xmlsoap.org/soap/envelope/" xmlns:v1="http://fidus.brussels/service/accessmanagerservice/messages/v1" xmlns:v11="http://fidus.brussels/type/common/messages/v1" xmlns:v3="http://socialsecurity.be/umanentityrepresentative/types/v3">
   <soapenv:Header/>
   <soapenv:Body>
      <v1:findRepresentativeRolesByINSSRequest>
         <v1:messageContext>
         	  <v11:messageId>${=import static java.util.UUID.randomUUID; uuid = randomUUID() as String}</v11:messageId>
            <v11:timestamp>${=new java.text.SimpleDateFormat("yyyy-MM-dd'T'HH:mm:ss.SSS").format(new Date())}</v11:timestamp>
         </v1:messageContext>
         <v1:legalContext>ServiceIntegrator</v1:legalContext>
         <v1:request>
            <v1:Domain>ECONOMY</v1:Domain>
            <v1:INSS>86051933959</v1:INSS>
            <v1:Language>nl</v1:Language>
         </v1:request>
      </v1:findRepresentativeRolesByINSSRequest>
   </soapenv:Body>
</soapenv:Envelope>]]></con:request><con:credentials><con:selectedAuthProfile>Basic</con:selectedAuthProfile><con:addedBasicAuthenticationTypes>Basic</con:addedBasicAuthenticationTypes><con:authType>Global HTTP Settings</con:authType></con:credentials><con:jmsConfig JMSDeliveryMode="PERSISTENT"/><con:jmsPropertyConfig/><con:wsaConfig mustUnderstand="NONE" version="200508" action="http://fidus.brussels/services/accessmanagerservice/findRepresentativeRolesByINSS"/><con:wsrmConfig version="1.2"/></con:call><con:call id="d62c5dd8-e00b-4978-96b6-544a290ae86f" name="2 - Dev - Request - Not Found" incomingWss="Inflow DEV" outgoingWss="Outflow DEV"><con:settings><con:setting id="com.eviware.soapui.impl.wsdl.WsdlRequest@request-headers">&lt;xml-fragment/></con:setting></con:settings><con:encoding>UTF-8</con:encoding><con:endpoint>https://192.168.36.61:8243/services/AccessManagerService_v1.0</con:endpoint><con:request><![CDATA[<soapenv:Envelope xmlns:soapenv="http://schemas.xmlsoap.org/soap/envelope/" xmlns:v1="http://fidus.brussels/service/accessmanagerservice/messages/v1" xmlns:v11="http://fidus.brussels/type/common/messages/v1" xmlns:v3="http://socialsecurity.be/umanentityrepresentative/types/v3">
   <soapenv:Header/>
   <soapenv:Body>
      <v1:findRepresentativeRolesByINSSRequest>
         <v1:messageContext>
         	  <v11:messageId>${=import static java.util.UUID.randomUUID; uuid = randomUUID() as String}</v11:messageId>
            <v11:timestamp>${=new java.text.SimpleDateFormat("yyyy-MM-dd'T'HH:mm:ss.SSS").format(new Date())}</v11:timestamp>
         </v1:messageContext>
         <v1:legalContext>ServiceIntegrator</v1:legalContext>
         <v1:request>
            <v1:Domain>ECONOMY</v1:Domain>
            <v1:INSS>86051933959</v1:INSS>
            <v1:Language>nl</v1:Language>
         </v1:request>
      </v1:findRepresentativeRolesByINSSRequest>
   </soapenv:Body>
</soapenv:Envelope>]]></con:request><con:credentials><con:selectedAuthProfile>Basic</con:selectedAuthProfile><con:addedBasicAuthenticationTypes>Basic</con:addedBasicAuthenticationTypes><con:authType>Global HTTP Settings</con:authType></con:credentials><con:jmsConfig JMSDeliveryMode="PERSISTENT"/><con:jmsPropertyConfig/><con:wsaConfig mustUnderstand="NONE" version="200508" action="http://fidus.brussels/services/accessmanagerservice/findRepresentativeRolesByINSS"/><con:wsrmConfig version="1.2"/></con:call><con:call id="3b983f17-f4b6-4567-8bef-e26f0faf4a8e" name="3 - Test - Worker1 - Request" outgoingWss="Outflow TEST" incomingWss="Inflow TEST"><con:settings><con:setting id="com.eviware.soapui.impl.wsdl.WsdlRequest@request-headers">&lt;xml-fragment/></con:setting></con:settings><con:encoding>UTF-8</con:encoding><con:endpoint>https://192.168.22.53:8443/services/AccessManagerService_v1.0</con:endpoint><con:request><![CDATA[<soapenv:Envelope xmlns:soapenv="http://schemas.xmlsoap.org/soap/envelope/" xmlns:v1="http://fidus.brussels/service/accessmanagerservice/messages/v1" xmlns:v11="http://fidus.brussels/type/common/messages/v1" xmlns:v3="http://socialsecurity.be/umanentityrepresentative/types/v3">
   <soapenv:Header/>
   <soapenv:Body>
      <v1:findRepresentativeRolesByINSSRequest>
         <v1:messageContext>
         	  <v11:messageId>${=import static java.util.UUID.randomUUID; uuid = randomUUID() as String}</v11:messageId>
            <v11:timestamp>${=new java.text.SimpleDateFormat("yyyy-MM-dd'T'HH:mm:ss.SSS").format(new Date())}</v11:timestamp>
         </v1:messageContext>
         <v1:legalContext>ServiceIntegrator</v1:legalContext>
         <v1:request>
            <v1:Domain>QUAL_FED_HEALTHCARE</v1:Domain>
            <v1:INSS>86051933959</v1:INSS>
            <v1:Language>nl</v1:Language>
         </v1:request>
      </v1:findRepresentativeRolesByINSSRequest>
   </soapenv:Body>
</soapenv:Envelope>]]></con:request><con:credentials><con:selectedAuthProfile>Basic</con:selectedAuthProfile><con:addedBasicAuthenticationTypes>Basic</con:addedBasicAuthenticationTypes><con:authType>Global HTTP Settings</con:authType></con:credentials><con:jmsConfig JMSDeliveryMode="PERSISTENT"/><con:jmsPropertyConfig/><con:wsaConfig mustUnderstand="NONE" version="200508" action="http://fidus.brussels/services/accessmanagerservice/findRepresentativeRolesByINSS"/><con:wsrmConfig version="1.2"/></con:call><con:call id="cbe64a74-3187-478f-ba75-509c980e2030" name="3 - Test - Worker2 - Request" incomingWss="Inflow TEST" outgoingWss="Outflow TEST"><con:settings><con:setting id="com.eviware.soapui.impl.wsdl.WsdlRequest@request-headers">&lt;xml-fragment/></con:setting></con:settings><con:encoding>UTF-8</con:encoding><con:endpoint>https://192.168.22.54:8443/services/AccessManagerService_v1.0</con:endpoint><con:request><![CDATA[<soapenv:Envelope xmlns:soapenv="http://schemas.xmlsoap.org/soap/envelope/" xmlns:v1="http://fidus.brussels/service/accessmanagerservice/messages/v1" xmlns:v11="http://fidus.brussels/type/common/messages/v1" xmlns:v3="http://socialsecurity.be/umanentityrepresentative/types/v3">
   <soapenv:Header/>
   <soapenv:Body>
      <v1:findRepresentativeRolesByINSSRequest>
         <v1:messageContext>
         	  <v11:messageId>${=import static java.util.UUID.randomUUID; uuid = randomUUID() as String}</v11:messageId>
            <v11:timestamp>${=new java.text.SimpleDateFormat("yyyy-MM-dd'T'HH:mm:ss.SSS").format(new Date())}</v11:timestamp>
         </v1:messageContext>
         <v1:legalContext>ServiceIntegrator</v1:legalContext>
         <v1:request>
            <v1:Domain>QUAL_FED_HEALTHCARE</v1:Domain>
            <v1:INSS>86051933959</v1:INSS>
            <v1:Language>nl</v1:Language>
         </v1:request>
      </v1:findRepresentativeRolesByINSSRequest>
   </soapenv:Body>
</soapenv:Envelope>]]></con:request><con:credentials><con:selectedAuthProfile>Basic</con:selectedAuthProfile><con:addedBasicAuthenticationTypes>Basic</con:addedBasicAuthenticationTypes><con:authType>Global HTTP Settings</con:authType></con:credentials><con:jmsConfig JMSDeliveryMode="PERSISTENT"/><con:jmsPropertyConfig/><con:wsaConfig mustUnderstand="NONE" version="200508" action="http://fidus.brussels/services/accessmanagerservice/findRepresentativeRolesByINSS"/><con:wsrmConfig version="1.2"/></con:call><con:call id="35701cb0-2858-49ec-9dc7-09e9d2373d77" name="4 - Staging - Worker1 - Request" incomingWss="Inflow STAGING" outgoingWss="Outflow STAGING"><con:settings><con:setting id="com.eviware.soapui.impl.wsdl.WsdlRequest@request-headers">&lt;xml-fragment/></con:setting></con:settings><con:encoding>UTF-8</con:encoding><con:endpoint>https://192.168.24.16:8443/services/AccessManagerService_v1.0</con:endpoint><con:request><![CDATA[<soapenv:Envelope xmlns:soapenv="http://schemas.xmlsoap.org/soap/envelope/" xmlns:v1="http://fidus.brussels/service/accessmanagerservice/messages/v1" xmlns:v11="http://fidus.brussels/type/common/messages/v1" xmlns:v3="http://socialsecurity.be/umanentityrepresentative/types/v3">
   <soapenv:Header/>
   <soapenv:Body>
      <v1:findRepresentativeRolesByINSSRequest>
         <v1:messageContext>
         	  <v11:messageId>${=import static java.util.UUID.randomUUID; uuid = randomUUID() as String}</v11:messageId>
            <v11:timestamp>${=new java.text.SimpleDateFormat("yyyy-MM-dd'T'HH:mm:ss.SSS").format(new Date())}</v11:timestamp>
         </v1:messageContext>
         <v1:legalContext>ServiceIntegrator</v1:legalContext>
         <v1:request>
            <v1:Domain>QUAL_FED_HEALTHCARE</v1:Domain>
            <v1:INSS>86051933959</v1:INSS>
            <v1:Language>nl</v1:Language>
         </v1:request>
      </v1:findRepresentativeRolesByINSSRequest>
   </soapenv:Body>
</soapenv:Envelope>]]></con:request><con:credentials><con:selectedAuthProfile>Basic</con:selectedAuthProfile><con:addedBasicAuthenticationTypes>Basic</con:addedBasicAuthenticationTypes><con:authType>Global HTTP Settings</con:authType></con:credentials><con:jmsConfig JMSDeliveryMode="PERSISTENT"/><con:jmsPropertyConfig/><con:wsaConfig mustUnderstand="NONE" version="200508" action="http://fidus.brussels/services/accessmanagerservice/findRepresentativeRolesByINSS"/><con:wsrmConfig version="1.2"/></con:call><con:call id="39fb52d6-bec7-435d-a426-66383177f5d7" name="4 - Staging - Worker2 - Request" incomingWss="Inflow STAGING" outgoingWss="Outflow STAGING"><con:settings><con:setting id="com.eviware.soapui.impl.wsdl.WsdlRequest@request-headers">&lt;xml-fragment/></con:setting></con:settings><con:encoding>UTF-8</con:encoding><con:endpoint>https://192.168.24.17:8443/services/AccessManagerService_v1.0</con:endpoint><con:request><![CDATA[<soapenv:Envelope xmlns:soapenv="http://schemas.xmlsoap.org/soap/envelope/" xmlns:v1="http://fidus.brussels/service/accessmanagerservice/messages/v1" xmlns:v11="http://fidus.brussels/type/common/messages/v1" xmlns:v3="http://socialsecurity.be/umanentityrepresentative/types/v3">
   <soapenv:Header/>
   <soapenv:Body>
      <v1:findRepresentativeRolesByINSSRequest>
         <v1:messageContext>
         	  <v11:messageId>${=import static java.util.UUID.randomUUID; uuid = randomUUID() as String}</v11:messageId>
            <v11:timestamp>${=new java.text.SimpleDateFormat("yyyy-MM-dd'T'HH:mm:ss.SSS").format(new Date())}</v11:timestamp>
         </v1:messageContext>
         <v1:legalContext>ServiceIntegrator</v1:legalContext>
         <v1:request>
            <v1:Domain>QUAL_FED_HEALTHCARE</v1:Domain>
            <v1:INSS>86051933959</v1:INSS>
            <v1:Language>nl</v1:Language>
         </v1:request>
      </v1:findRepresentativeRolesByINSSRequest>
   </soapenv:Body>
</soapenv:Envelope>]]></con:request><con:credentials><con:selectedAuthProfile>Basic</con:selectedAuthProfile><con:addedBasicAuthenticationTypes>Basic</con:addedBasicAuthenticationTypes><con:authType>Global HTTP Settings</con:authType></con:credentials><con:jmsConfig JMSDeliveryMode="PERSISTENT"/><con:jmsPropertyConfig/><con:wsaConfig mustUnderstand="NONE" version="200508" action="http://fidus.brussels/services/accessmanagerservice/findRepresentativeRolesByINSS"/><con:wsrmConfig version="1.2"/></con:call><con:call id="ce74bc7a-cdf6-40cc-97b0-d3647c8acf0c" name="5 - Prod - LB - Request" incomingWss="Inflow PROD" outgoingWss="Outflow PROD"><con:settings><con:setting id="com.eviware.soapui.impl.wsdl.WsdlRequest@request-headers">&lt;xml-fragment/></con:setting></con:settings><con:encoding>UTF-8</con:encoding><con:endpoint>https://fidus-esb-sg.prd.srv.cirb.lan:8443/services/AccessManagerService_v1.0</con:endpoint><con:request><![CDATA[<soapenv:Envelope xmlns:soapenv="http://schemas.xmlsoap.org/soap/envelope/" xmlns:v1="http://fidus.brussels/service/accessmanagerservice/messages/v1" xmlns:v11="http://fidus.brussels/type/common/messages/v1" xmlns:v3="http://socialsecurity.be/umanentityrepresentative/types/v3">
   <soapenv:Header/>
   <soapenv:Body>
      <v1:findRepresentativeRolesByINSSRequest>
         <v1:messageContext>
         	  <v11:messageId>${=import static java.util.UUID.randomUUID; uuid = randomUUID() as String}</v11:messageId>
            <v11:timestamp>${=new java.text.SimpleDateFormat("yyyy-MM-dd'T'HH:mm:ss.SSS").format(new Date())}</v11:timestamp>
         </v1:messageContext>
         <v1:legalContext>ServiceIntegrator</v1:legalContext>
         <v1:request>
            <v1:Domain>QUAL_FED_HEALTHCARE</v1:Domain>
            <v1:INSS>86051933959</v1:INSS>
            <v1:Language>nl</v1:Language>
         </v1:request>
      </v1:findRepresentativeRolesByINSSRequest>
   </soapenv:Body>
</soapenv:Envelope>]]></con:request><con:credentials><con:selectedAuthProfile>Basic</con:selectedAuthProfile><con:addedBasicAuthenticationTypes>Basic</con:addedBasicAuthenticationTypes><con:authType>Global HTTP Settings</con:authType></con:credentials><con:jmsConfig JMSDeliveryMode="PERSISTENT"/><con:jmsPropertyConfig/><con:wsaConfig mustUnderstand="NONE" version="200508" action="http://fidus.brussels/services/accessmanagerservice/findRepresentativeRolesByINSS"/><con:wsrmConfig version="1.2"/></con:call><con:call id="c800e217-ef46-4e99-b9a8-b08a82e0550a" name="5 - Prod - Worker1 - Request" incomingWss="Inflow PROD" outgoingWss="Outflow PROD"><con:settings><con:setting id="com.eviware.soapui.impl.wsdl.WsdlRequest@request-headers">&lt;xml-fragment/></con:setting></con:settings><con:encoding>UTF-8</con:encoding><con:endpoint>https://192.168.26.22:8443/services/AccessManagerService_v1.0</con:endpoint><con:request><![CDATA[<soapenv:Envelope xmlns:soapenv="http://schemas.xmlsoap.org/soap/envelope/" xmlns:v1="http://fidus.brussels/service/accessmanagerservice/messages/v1" xmlns:v11="http://fidus.brussels/type/common/messages/v1" xmlns:v3="http://socialsecurity.be/umanentityrepresentative/types/v3">
   <soapenv:Header/>
   <soapenv:Body>
      <v1:findRepresentativeRolesByINSSRequest>
         <v1:messageContext>
         	  <v11:messageId>${=import static java.util.UUID.randomUUID; uuid = randomUUID() as String}</v11:messageId>
            <v11:timestamp>${=new java.text.SimpleDateFormat("yyyy-MM-dd'T'HH:mm:ss.SSS").format(new Date())}</v11:timestamp>
         </v1:messageContext>
         <v1:legalContext>ServiceIntegrator</v1:legalContext>
         <v1:request>
            <v1:Domain>QUAL_FED_HEALTHCARE</v1:Domain>
            <v1:INSS>86051933959</v1:INSS>
            <v1:Language>nl</v1:Language>
         </v1:request>
      </v1:findRepresentativeRolesByINSSRequest>
   </soapenv:Body>
</soapenv:Envelope>]]></con:request><con:credentials><con:selectedAuthProfile>Basic</con:selectedAuthProfile><con:addedBasicAuthenticationTypes>Basic</con:addedBasicAuthenticationTypes><con:authType>Global HTTP Settings</con:authType></con:credentials><con:jmsConfig JMSDeliveryMode="PERSISTENT"/><con:jmsPropertyConfig/><con:wsaConfig mustUnderstand="NONE" version="200508" action="http://fidus.brussels/services/accessmanagerservice/findRepresentativeRolesByINSS"/><con:wsrmConfig version="1.2"/></con:call><con:call id="2965a5fb-6bf7-4e9e-bd07-25fc6b201db3" name="5 - Prod - Worker2 - Request" incomingWss="Inflow PROD" outgoingWss="Outflow PROD"><con:settings><con:setting id="com.eviware.soapui.impl.wsdl.WsdlRequest@request-headers">&lt;xml-fragment/></con:setting></con:settings><con:encoding>UTF-8</con:encoding><con:endpoint>https://192.168.26.19:8443/services/AccessManagerService_v1.0</con:endpoint><con:request><![CDATA[<soapenv:Envelope xmlns:soapenv="http://schemas.xmlsoap.org/soap/envelope/" xmlns:v1="http://fidus.brussels/service/accessmanagerservice/messages/v1" xmlns:v11="http://fidus.brussels/type/common/messages/v1" xmlns:v3="http://socialsecurity.be/umanentityrepresentative/types/v3">
   <soapenv:Header/>
   <soapenv:Body>
      <v1:findRepresentativeRolesByINSSRequest>
         <v1:messageContext>
         	  <v11:messageId>${=import static java.util.UUID.randomUUID; uuid = randomUUID() as String}</v11:messageId>
            <v11:timestamp>${=new java.text.SimpleDateFormat("yyyy-MM-dd'T'HH:mm:ss.SSS").format(new Date())}</v11:timestamp>
         </v1:messageContext>
         <v1:legalContext>ServiceIntegrator</v1:legalContext>
         <v1:request>
            <v1:Domain>QUAL_FED_HEALTHCARE</v1:Domain>
            <v1:INSS>86051933959</v1:INSS>
            <v1:Language>nl</v1:Language>
         </v1:request>
      </v1:findRepresentativeRolesByINSSRequest>
   </soapenv:Body>
</soapenv:Envelope>]]></con:request><con:credentials><con:selectedAuthProfile>Basic</con:selectedAuthProfile><con:addedBasicAuthenticationTypes>Basic</con:addedBasicAuthenticationTypes><con:authType>Global HTTP Settings</con:authType></con:credentials><con:jmsConfig JMSDeliveryMode="PERSISTENT"/><con:jmsPropertyConfig/><con:wsaConfig mustUnderstand="NONE" version="200508" action="http://fidus.brussels/services/accessmanagerservice/findRepresentativeRolesByINSS"/><con:wsrmConfig version="1.2"/></con:call><con:call id="0739bda9-614c-459a-ac26-384b83515e11" name="3 - Test - Worker1New - Request" outgoingWss="Outflow TEST" incomingWss="Inflow TEST"><con:settings><con:setting id="com.eviware.soapui.impl.wsdl.WsdlRequest@request-headers">&lt;xml-fragment/></con:setting></con:settings><con:encoding>UTF-8</con:encoding><con:endpoint>https://192.168.22.73:8443/services/AccessManagerService_v1.0</con:endpoint><con:request><![CDATA[<soapenv:Envelope xmlns:soapenv="http://schemas.xmlsoap.org/soap/envelope/" xmlns:v1="http://fidus.brussels/service/accessmanagerservice/messages/v1" xmlns:v11="http://fidus.brussels/type/common/messages/v1" xmlns:v3="http://socialsecurity.be/umanentityrepresentative/types/v3">
   <soapenv:Header/>
   <soapenv:Body>
      <v1:findRepresentativeRolesByINSSRequest>
         <v1:messageContext>
         	  <v11:messageId>${=import static java.util.UUID.randomUUID; uuid = randomUUID() as String}</v11:messageId>
            <v11:timestamp>${=new java.text.SimpleDateFormat("yyyy-MM-dd'T'HH:mm:ss.SSS").format(new Date())}</v11:timestamp>
         </v1:messageContext>
         <v1:legalContext>ServiceIntegrator</v1:legalContext>
         <v1:request>
            <v1:Domain>QUAL_FED_HEALTHCARE</v1:Domain>
            <v1:INSS>86051933959</v1:INSS>
            <v1:Language>nl</v1:Language>
         </v1:request>
      </v1:findRepresentativeRolesByINSSRequest>
   </soapenv:Body>
</soapenv:Envelope>]]></con:request><con:credentials><con:selectedAuthProfile>Basic</con:selectedAuthProfile><con:addedBasicAuthenticationTypes>Basic</con:addedBasicAuthenticationTypes><con:authType>Global HTTP Settings</con:authType></con:credentials><con:jmsConfig JMSDeliveryMode="PERSISTENT"/><con:jmsPropertyConfig/><con:wsaConfig mustUnderstand="NONE" version="200508" action="http://fidus.brussels/services/accessmanagerservice/findRepresentativeRolesByINSS"/><con:wsrmConfig version="1.2"/></con:call><con:call id="fb79d755-fb23-4db8-9d5c-109fd81f9975" name="3 - Test - Worker2New - Request" outgoingWss="Outflow TEST" incomingWss="Inflow TEST"><con:settings><con:setting id="com.eviware.soapui.impl.wsdl.WsdlRequest@request-headers">&lt;xml-fragment/></con:setting></con:settings><con:encoding>UTF-8</con:encoding><con:endpoint>https://192.168.22.93:8443/services/AccessManagerService_v1.0</con:endpoint><con:request><![CDATA[<soapenv:Envelope xmlns:soapenv="http://schemas.xmlsoap.org/soap/envelope/" xmlns:v1="http://fidus.brussels/service/accessmanagerservice/messages/v1" xmlns:v11="http://fidus.brussels/type/common/messages/v1" xmlns:v3="http://socialsecurity.be/umanentityrepresentative/types/v3">
   <soapenv:Header/>
   <soapenv:Body>
      <v1:findRepresentativeRolesByINSSRequest>
         <v1:messageContext>
         	  <v11:messageId>${=import static java.util.UUID.randomUUID; uuid = randomUUID() as String}</v11:messageId>
            <v11:timestamp>${=new java.text.SimpleDateFormat("yyyy-MM-dd'T'HH:mm:ss.SSS").format(new Date())}</v11:timestamp>
         </v1:messageContext>
         <v1:legalContext>ServiceIntegrator</v1:legalContext>
         <v1:request>
            <v1:Domain>QUAL_FED_HEALTHCARE</v1:Domain>
            <v1:INSS>86051933959</v1:INSS>
            <v1:Language>nl</v1:Language>
         </v1:request>
      </v1:findRepresentativeRolesByINSSRequest>
   </soapenv:Body>
</soapenv:Envelope>]]></con:request><con:credentials><con:selectedAuthProfile>Basic</con:selectedAuthProfile><con:addedBasicAuthenticationTypes>Basic</con:addedBasicAuthenticationTypes><con:authType>Global HTTP Settings</con:authType></con:credentials><con:jmsConfig JMSDeliveryMode="PERSISTENT"/><con:jmsPropertyConfig/><con:wsaConfig mustUnderstand="NONE" version="200508" action="http://fidus.brussels/services/accessmanagerservice/findRepresentativeRolesByINSS"/><con:wsrmConfig version="1.2"/></con:call><con:call id="eaf3c3a8-f884-4a21-9610-bcaf844374c1" name="4 - Staging - Worker1New - Request" outgoingWss="Outflow STAGING" incomingWss="Inflow STAGING"><con:settings><con:setting id="com.eviware.soapui.impl.wsdl.WsdlRequest@request-headers">&lt;xml-fragment/></con:setting></con:settings><con:encoding>UTF-8</con:encoding><con:endpoint>https://192.168.23.191:8443/services/AccessManagerService_v1.0</con:endpoint><con:request><![CDATA[<soapenv:Envelope xmlns:soapenv="http://schemas.xmlsoap.org/soap/envelope/" xmlns:v1="http://fidus.brussels/service/accessmanagerservice/messages/v1" xmlns:v11="http://fidus.brussels/type/common/messages/v1" xmlns:v3="http://socialsecurity.be/umanentityrepresentative/types/v3">
   <soapenv:Header/>
   <soapenv:Body>
      <v1:findRepresentativeRolesByINSSRequest>
         <v1:messageContext>
         	  <v11:messageId>${=import static java.util.UUID.randomUUID; uuid = randomUUID() as String}</v11:messageId>
            <v11:timestamp>${=new java.text.SimpleDateFormat("yyyy-MM-dd'T'HH:mm:ss.SSS").format(new Date())}</v11:timestamp>
         </v1:messageContext>
         <v1:legalContext>ServiceIntegrator</v1:legalContext>
         <v1:request>
            <v1:Domain>QUAL_FED_HEALTHCARE</v1:Domain>
            <v1:INSS>86051933959</v1:INSS>
            <v1:Language>nl</v1:Language>
         </v1:request>
      </v1:findRepresentativeRolesByINSSRequest>
   </soapenv:Body>
</soapenv:Envelope>]]></con:request><con:credentials><con:selectedAuthProfile>Basic</con:selectedAuthProfile><con:addedBasicAuthenticationTypes>Basic</con:addedBasicAuthenticationTypes><con:authType>Global HTTP Settings</con:authType></con:credentials><con:jmsConfig JMSDeliveryMode="PERSISTENT"/><con:jmsPropertyConfig/><con:wsaConfig mustUnderstand="NONE" version="200508" action="http://fidus.brussels/services/accessmanagerservice/findRepresentativeRolesByINSS"/><con:wsrmConfig version="1.2"/></con:call><con:call id="cec5cce0-b0d7-4d3e-ae61-4fd4da60abe2" name="4 - Staging - Worker2New - Request" outgoingWss="Outflow STAGING" incomingWss="Inflow STAGING"><con:settings><con:setting id="com.eviware.soapui.impl.wsdl.WsdlRequest@request-headers">&lt;xml-fragment/></con:setting></con:settings><con:encoding>UTF-8</con:encoding><con:endpoint>https://192.168.23.198:8443/services/AccessManagerService_v1.0</con:endpoint><con:request><![CDATA[<soapenv:Envelope xmlns:soapenv="http://schemas.xmlsoap.org/soap/envelope/" xmlns:v1="http://fidus.brussels/service/accessmanagerservice/messages/v1" xmlns:v11="http://fidus.brussels/type/common/messages/v1" xmlns:v3="http://socialsecurity.be/umanentityrepresentative/types/v3">
   <soapenv:Header/>
   <soapenv:Body>
      <v1:findRepresentativeRolesByINSSRequest>
         <v1:messageContext>
         	  <v11:messageId>${=import static java.util.UUID.randomUUID; uuid = randomUUID() as String}</v11:messageId>
            <v11:timestamp>${=new java.text.SimpleDateFormat("yyyy-MM-dd'T'HH:mm:ss.SSS").format(new Date())}</v11:timestamp>
         </v1:messageContext>
         <v1:legalContext>ServiceIntegrator</v1:legalContext>
         <v1:request>
            <v1:Domain>QUAL_FED_HEALTHCARE</v1:Domain>
            <v1:INSS>86051933959</v1:INSS>
            <v1:Language>nl</v1:Language>
         </v1:request>
      </v1:findRepresentativeRolesByINSSRequest>
   </soapenv:Body>
</soapenv:Envelope>]]></con:request><con:credentials><con:selectedAuthProfile>Basic</con:selectedAuthProfile><con:addedBasicAuthenticationTypes>Basic</con:addedBasicAuthenticationTypes><con:authType>Global HTTP Settings</con:authType></con:credentials><con:jmsConfig JMSDeliveryMode="PERSISTENT"/><con:jmsPropertyConfig/><con:wsaConfig mustUnderstand="NONE" version="200508" action="http://fidus.brussels/services/accessmanagerservice/findRepresentativeRolesByINSS"/><con:wsrmConfig version="1.2"/></con:call></con:operation><con:operation id="afcad64e-a1e0-482a-969f-892b627e7b0c" isOneWay="false" action="http://fidus.brussels/services/accessmanagerservice/getDomain" name="getDomain" bindingOperationName="getDomain" type="Request-Response" inputName="" receivesAttachments="false" sendsAttachments="false" anonymous="optional"><con:settings/><con:call id="0f12defc-3948-46ab-a16f-44f66b4a715c" name="1 - Local - Request - OK" outgoingWss="Outflow DEV" incomingWss="Inflow DEV"><con:settings><con:setting id="com.eviware.soapui.impl.wsdl.WsdlRequest@request-headers">&lt;xml-fragment/></con:setting></con:settings><con:encoding>UTF-8</con:encoding><con:endpoint>https://localhost:8243/services/AccessManagerService_v1.0</con:endpoint><con:request><![CDATA[<soapenv:Envelope xmlns:soapenv="http://schemas.xmlsoap.org/soap/envelope/" xmlns:v1="http://fidus.brussels/service/accessmanagerservice/messages/v1" xmlns:v11="http://fidus.brussels/type/common/messages/v1" >
   <soapenv:Header/>
   <soapenv:Body>
      <v1:getDomainRequest>
         <v1:messageContext>
         	  <v11:messageId>${=import static java.util.UUID.randomUUID; uuid = randomUUID() as String}</v11:messageId>
            <v11:timestamp>${=new java.text.SimpleDateFormat("yyyy-MM-dd'T'HH:mm:ss.SSS").format(new Date())}</v11:timestamp>
         </v1:messageContext>
         <v1:legalContext>ServiceIntegrator</v1:legalContext>
         <v1:request>
         	  <v1:Domain>FINANCE</v1:Domain>
            <v1:Language>fr</v1:Language>
         </v1:request>
      </v1:getDomainRequest>
   </soapenv:Body>
</soapenv:Envelope>]]></con:request><con:credentials><con:selectedAuthProfile>Basic</con:selectedAuthProfile><con:addedBasicAuthenticationTypes>Basic</con:addedBasicAuthenticationTypes><con:authType>Global HTTP Settings</con:authType></con:credentials><con:jmsConfig JMSDeliveryMode="PERSISTENT"/><con:jmsPropertyConfig/><con:wsaConfig mustUnderstand="NONE" version="200508" action="http://fidus.brussels/services/accessmanagerservice/getDomain"/><con:wsrmConfig version="1.2"/></con:call><con:call id="162a7cfc-6c78-4326-bf6e-2d5603ead13f" name="3 - Test - LB - Request"><con:settings><con:setting id="com.eviware.soapui.impl.wsdl.WsdlRequest@request-headers">&lt;xml-fragment/></con:setting></con:settings><con:encoding>UTF-8</con:encoding><con:endpoint>https://esb-security-gw.sta.srv.cirb.lan:8443/services/AccessManagerService_v1.0</con:endpoint><con:request><![CDATA[<soapenv:Envelope xmlns:soapenv="http://schemas.xmlsoap.org/soap/envelope/" xmlns:v1="http://fidus.brussels/service/accessmanagerservice/messages/v1" xmlns:v11="http://fidus.brussels/type/common/messages/v1" >
   <soapenv:Header/>
   <soapenv:Body>
      <v1:getDomainRequest>
         <v1:messageContext>
         	  <v11:messageId>${=import static java.util.UUID.randomUUID; uuid = randomUUID() as String}</v11:messageId>
            <v11:timestamp>${=new java.text.SimpleDateFormat("yyyy-MM-dd'T'HH:mm:ss.SSS").format(new Date())}</v11:timestamp>
         </v1:messageContext>
         <v1:legalContext>ServiceIntegrator</v1:legalContext>
         <v1:request>
         	  <v1:Domain>FINANCE</v1:Domain>
            <v1:Language>fr</v1:Language>
         </v1:request>
      </v1:getDomainRequest>
   </soapenv:Body>
</soapenv:Envelope>]]></con:request><con:credentials><con:authType>No Authorization</con:authType></con:credentials><con:jmsConfig JMSDeliveryMode="PERSISTENT"/><con:jmsPropertyConfig/><con:wsaConfig mustUnderstand="NONE" version="200508" action="http://fidus.brussels/services/accessmanagerservice/getDomain"/><con:wsrmConfig version="1.2"/></con:call><con:call id="dceea48e-a87f-4e17-9363-a428664cf44e" name="4 - Staging - LB - Request" incomingWss="Inflow STAGING" outgoingWss="Outflow STAGING"><con:settings><con:setting id="com.eviware.soapui.impl.wsdl.WsdlRequest@request-headers">&lt;xml-fragment/></con:setting></con:settings><con:encoding>UTF-8</con:encoding><con:endpoint>https://fidus-esb-sg.sta.srv.cirb.lan:8443/services/AccessManagerService_v1.0</con:endpoint><con:request><![CDATA[<soapenv:Envelope xmlns:soapenv="http://schemas.xmlsoap.org/soap/envelope/" xmlns:v1="http://fidus.brussels/service/accessmanagerservice/messages/v1" xmlns:v11="http://fidus.brussels/type/common/messages/v1" >
   <soapenv:Header/>
   <soapenv:Body>
      <v1:getDomainRequest>
         <v1:messageContext>
         	  <v11:messageId>${=import static java.util.UUID.randomUUID; uuid = randomUUID() as String}</v11:messageId>
            <v11:timestamp>${=new java.text.SimpleDateFormat("yyyy-MM-dd'T'HH:mm:ss.SSS").format(new Date())}</v11:timestamp>
         </v1:messageContext>
         <v1:legalContext>ServiceIntegrator</v1:legalContext>
         <v1:request>
         	  <v1:Domain>FINANCE</v1:Domain>
            <v1:Language>fr</v1:Language>
         </v1:request>
      </v1:getDomainRequest>
   </soapenv:Body>
</soapenv:Envelope>]]></con:request><con:credentials><con:selectedAuthProfile>Basic</con:selectedAuthProfile><con:addedBasicAuthenticationTypes>Basic</con:addedBasicAuthenticationTypes><con:authType>Global HTTP Settings</con:authType></con:credentials><con:jmsConfig JMSDeliveryMode="PERSISTENT"/><con:jmsPropertyConfig/><con:wsaConfig mustUnderstand="NONE" version="200508" action="http://fidus.brussels/services/accessmanagerservice/getDomain"/><con:wsrmConfig version="1.2"/></con:call><con:call id="001cf2dc-2ec2-4409-a5db-4ef90200d5d6" name="2 - Dev - Request - OK" outgoingWss="Outflow DEV" incomingWss="Inflow DEV"><con:settings><con:setting id="com.eviware.soapui.impl.wsdl.WsdlRequest@request-headers">&lt;xml-fragment/></con:setting></con:settings><con:encoding>UTF-8</con:encoding><con:endpoint>https://192.168.36.61:8243/services/AccessManagerService_v1.0</con:endpoint><con:request><![CDATA[<soapenv:Envelope xmlns:soapenv="http://schemas.xmlsoap.org/soap/envelope/" xmlns:v1="http://fidus.brussels/service/accessmanagerservice/messages/v1" xmlns:v11="http://fidus.brussels/type/common/messages/v1" >
   <soapenv:Header/>
   <soapenv:Body>
      <v1:getDomainRequest>
         <v1:messageContext>
         	  <v11:messageId>${=import static java.util.UUID.randomUUID; uuid = randomUUID() as String}</v11:messageId>
            <v11:timestamp>${=new java.text.SimpleDateFormat("yyyy-MM-dd'T'HH:mm:ss.SSS").format(new Date())}</v11:timestamp>
         </v1:messageContext>
         <v1:legalContext>ServiceIntegrator</v1:legalContext>
         <v1:request>
         	  <v1:Domain>FINANCE</v1:Domain>
            <v1:Language>fr</v1:Language>
         </v1:request>
      </v1:getDomainRequest>
   </soapenv:Body>
</soapenv:Envelope>]]></con:request><con:credentials><con:selectedAuthProfile>Basic</con:selectedAuthProfile><con:addedBasicAuthenticationTypes>Basic</con:addedBasicAuthenticationTypes><con:authType>Global HTTP Settings</con:authType></con:credentials><con:jmsConfig JMSDeliveryMode="PERSISTENT"/><con:jmsPropertyConfig/><con:wsaConfig mustUnderstand="NONE" version="200508" action="http://fidus.brussels/services/accessmanagerservice/getDomain"/><con:wsrmConfig version="1.2"/></con:call><con:call id="fd82976b-792d-4ca5-a0aa-3b38caa69e8e" name="5 - Prod - External - Request" incomingWss="Inflow PROD" outgoingWss="Outflow PROD"><con:settings><con:setting id="com.eviware.soapui.impl.wsdl.WsdlRequest@request-headers">&lt;xml-fragment/></con:setting></con:settings><con:encoding>UTF-8</con:encoding><con:endpoint>https://fidus.sec.brussels/services/AccessManagerService_v1.0</con:endpoint><con:request><![CDATA[<soapenv:Envelope xmlns:soapenv="http://schemas.xmlsoap.org/soap/envelope/" xmlns:v1="http://fidus.brussels/service/accessmanagerservice/messages/v1" xmlns:v11="http://fidus.brussels/type/common/messages/v1" >
   <soapenv:Header/>
   <soapenv:Body>
      <v1:getDomainRequest>
         <v1:messageContext>
         	  <v11:messageId>${=import static java.util.UUID.randomUUID; uuid = randomUUID() as String}</v11:messageId>
            <v11:timestamp>${=new java.text.SimpleDateFormat("yyyy-MM-dd'T'HH:mm:ss.SSS").format(new Date())}</v11:timestamp>
         </v1:messageContext>
         <v1:legalContext>ServiceIntegrator</v1:legalContext>
         <v1:request>
         	  <v1:Domain>FINANCE</v1:Domain>
            <v1:Language>fr</v1:Language>
         </v1:request>
      </v1:getDomainRequest>
   </soapenv:Body>
</soapenv:Envelope>]]></con:request><con:credentials><con:selectedAuthProfile>Basic</con:selectedAuthProfile><con:addedBasicAuthenticationTypes>Basic</con:addedBasicAuthenticationTypes><con:authType>Global HTTP Settings</con:authType></con:credentials><con:jmsConfig JMSDeliveryMode="PERSISTENT"/><con:jmsPropertyConfig/><con:wsaConfig mustUnderstand="NONE" version="200508" action="http://fidus.brussels/services/accessmanagerservice/getDomain"/><con:wsrmConfig version="1.2"/></con:call><con:call id="ab1a65e5-cfb5-45fd-bfe7-2973f0b1b54a" name="1 - Local - Request - Not Found" incomingWss="Inflow DEV" outgoingWss="Outflow DEV"><con:settings><con:setting id="com.eviware.soapui.impl.wsdl.WsdlRequest@request-headers">&lt;xml-fragment/></con:setting></con:settings><con:encoding>UTF-8</con:encoding><con:endpoint>https://localhost:8243/services/AccessManagerService_v1.0</con:endpoint><con:request><![CDATA[<soapenv:Envelope xmlns:soapenv="http://schemas.xmlsoap.org/soap/envelope/" xmlns:v1="http://fidus.brussels/service/accessmanagerservice/messages/v1" xmlns:v11="http://fidus.brussels/type/common/messages/v1" >
   <soapenv:Header/>
   <soapenv:Body>
      <v1:getDomainRequest>
         <v1:messageContext>
         	  <v11:messageId>${=import static java.util.UUID.randomUUID; uuid = randomUUID() as String}</v11:messageId>
            <v11:timestamp>${=new java.text.SimpleDateFormat("yyyy-MM-dd'T'HH:mm:ss.SSS").format(new Date())}</v11:timestamp>
         </v1:messageContext>
         <v1:legalContext>ServiceIntegrator</v1:legalContext>
         <v1:request>
         	  <v1:Domain>ECOLOGY</v1:Domain>
            <v1:Language>fr</v1:Language>
         </v1:request>
      </v1:getDomainRequest>
   </soapenv:Body>
</soapenv:Envelope>]]></con:request><con:credentials><con:selectedAuthProfile>Basic</con:selectedAuthProfile><con:addedBasicAuthenticationTypes>Basic</con:addedBasicAuthenticationTypes><con:authType>Global HTTP Settings</con:authType></con:credentials><con:jmsConfig JMSDeliveryMode="PERSISTENT"/><con:jmsPropertyConfig/><con:wsaConfig mustUnderstand="NONE" version="200508" action="http://fidus.brussels/services/accessmanagerservice/getDomain"/><con:wsrmConfig version="1.2"/></con:call><con:call id="21579883-94a8-40eb-92c3-c51dc907e1c5" name="2 - Dev - Request - Not Found" incomingWss="Inflow DEV" outgoingWss="Outflow DEV"><con:settings><con:setting id="com.eviware.soapui.impl.wsdl.WsdlRequest@request-headers">&lt;xml-fragment/></con:setting></con:settings><con:encoding>UTF-8</con:encoding><con:endpoint>https://192.168.36.61:8243/services/AccessManagerService_v1.0</con:endpoint><con:request><![CDATA[<soapenv:Envelope xmlns:soapenv="http://schemas.xmlsoap.org/soap/envelope/" xmlns:v1="http://fidus.brussels/service/accessmanagerservice/messages/v1" xmlns:v11="http://fidus.brussels/type/common/messages/v1" >
   <soapenv:Header/>
   <soapenv:Body>
      <v1:getDomainRequest>
         <v1:messageContext>
         	  <v11:messageId>${=import static java.util.UUID.randomUUID; uuid = randomUUID() as String}</v11:messageId>
            <v11:timestamp>${=new java.text.SimpleDateFormat("yyyy-MM-dd'T'HH:mm:ss.SSS").format(new Date())}</v11:timestamp>
         </v1:messageContext>
         <v1:legalContext>ServiceIntegrator</v1:legalContext>
         <v1:request>
         	  <v1:Domain>ECOLOGY</v1:Domain>
            <v1:Language>fr</v1:Language>
         </v1:request>
      </v1:getDomainRequest>
   </soapenv:Body>
</soapenv:Envelope>]]></con:request><con:credentials><con:selectedAuthProfile>Basic</con:selectedAuthProfile><con:addedBasicAuthenticationTypes>Basic</con:addedBasicAuthenticationTypes><con:authType>Global HTTP Settings</con:authType></con:credentials><con:jmsConfig JMSDeliveryMode="PERSISTENT"/><con:jmsPropertyConfig/><con:wsaConfig mustUnderstand="NONE" version="200508" action="http://fidus.brussels/services/accessmanagerservice/getDomain"/><con:wsrmConfig version="1.2"/></con:call><con:call id="89f2e7a2-5b2c-42f0-b173-5923c915539a" name="3 - Test - Worker1 - Request" outgoingWss="Outflow TEST" incomingWss="Inflow TEST"><con:settings><con:setting id="com.eviware.soapui.impl.wsdl.WsdlRequest@request-headers">&lt;xml-fragment/></con:setting></con:settings><con:encoding>UTF-8</con:encoding><con:endpoint>https://192.168.22.53:8443/services/AccessManagerService_v1.0</con:endpoint><con:request><![CDATA[<soapenv:Envelope xmlns:soapenv="http://schemas.xmlsoap.org/soap/envelope/" xmlns:v1="http://fidus.brussels/service/accessmanagerservice/messages/v1" xmlns:v11="http://fidus.brussels/type/common/messages/v1" >
   <soapenv:Header/>
   <soapenv:Body>
      <v1:getDomainRequest>
         <v1:messageContext>
         	  <v11:messageId>${=import static java.util.UUID.randomUUID; uuid = randomUUID() as String}</v11:messageId>
            <v11:timestamp>${=new java.text.SimpleDateFormat("yyyy-MM-dd'T'HH:mm:ss.SSS").format(new Date())}</v11:timestamp>
         </v1:messageContext>
         <v1:legalContext>ServiceIntegrator</v1:legalContext>
         <v1:request>
         	  <v1:Domain>FINANCE</v1:Domain>
            <v1:Language>fr</v1:Language>
         </v1:request>
      </v1:getDomainRequest>
   </soapenv:Body>
</soapenv:Envelope>]]></con:request><con:credentials><con:selectedAuthProfile>Basic</con:selectedAuthProfile><con:addedBasicAuthenticationTypes>Basic</con:addedBasicAuthenticationTypes><con:authType>Global HTTP Settings</con:authType></con:credentials><con:jmsConfig JMSDeliveryMode="PERSISTENT"/><con:jmsPropertyConfig/><con:wsaConfig mustUnderstand="NONE" version="200508" action="http://fidus.brussels/services/accessmanagerservice/getDomain"/><con:wsrmConfig version="1.2"/></con:call><con:call id="7bd6e7e5-47a9-430b-91c1-0a22d40e70d4" name="3 - Test - Worker2 - Request" outgoingWss="Outflow TEST" incomingWss="Inflow TEST"><con:settings><con:setting id="com.eviware.soapui.impl.wsdl.WsdlRequest@request-headers">&lt;xml-fragment/></con:setting></con:settings><con:encoding>UTF-8</con:encoding><con:endpoint>https://192.168.22.54:8443/services/AccessManagerService_v1.0</con:endpoint><con:request><![CDATA[<soapenv:Envelope xmlns:soapenv="http://schemas.xmlsoap.org/soap/envelope/" xmlns:v1="http://fidus.brussels/service/accessmanagerservice/messages/v1" xmlns:v11="http://fidus.brussels/type/common/messages/v1" >
   <soapenv:Header/>
   <soapenv:Body>
      <v1:getDomainRequest>
         <v1:messageContext>
         	  <v11:messageId>${=import static java.util.UUID.randomUUID; uuid = randomUUID() as String}</v11:messageId>
            <v11:timestamp>${=new java.text.SimpleDateFormat("yyyy-MM-dd'T'HH:mm:ss.SSS").format(new Date())}</v11:timestamp>
         </v1:messageContext>
         <v1:legalContext>ServiceIntegrator</v1:legalContext>
         <v1:request>
         	  <v1:Domain>FINANCE</v1:Domain>
            <v1:Language>fr</v1:Language>
         </v1:request>
      </v1:getDomainRequest>
   </soapenv:Body>
</soapenv:Envelope>]]></con:request><con:credentials><con:selectedAuthProfile>Basic</con:selectedAuthProfile><con:addedBasicAuthenticationTypes>Basic</con:addedBasicAuthenticationTypes><con:authType>Global HTTP Settings</con:authType></con:credentials><con:jmsConfig JMSDeliveryMode="PERSISTENT"/><con:jmsPropertyConfig/><con:wsaConfig mustUnderstand="NONE" version="200508" action="http://fidus.brussels/services/accessmanagerservice/getDomain"/><con:wsrmConfig version="1.2"/></con:call><con:call id="35eb26a3-7ca2-4f97-87cc-27f111258f46" name="4 - Staging - Worker1 - Request" incomingWss="Inflow STAGING" outgoingWss="Outflow STAGING"><con:settings><con:setting id="com.eviware.soapui.impl.wsdl.WsdlRequest@request-headers">&lt;xml-fragment/></con:setting></con:settings><con:encoding>UTF-8</con:encoding><con:endpoint>https://192.168.24.16:8443/services/AccessManagerService_v1.0</con:endpoint><con:request><![CDATA[<soapenv:Envelope xmlns:soapenv="http://schemas.xmlsoap.org/soap/envelope/" xmlns:v1="http://fidus.brussels/service/accessmanagerservice/messages/v1" xmlns:v11="http://fidus.brussels/type/common/messages/v1" >
   <soapenv:Header/>
   <soapenv:Body>
      <v1:getDomainRequest>
         <v1:messageContext>
         	  <v11:messageId>${=import static java.util.UUID.randomUUID; uuid = randomUUID() as String}</v11:messageId>
            <v11:timestamp>${=new java.text.SimpleDateFormat("yyyy-MM-dd'T'HH:mm:ss.SSS").format(new Date())}</v11:timestamp>
         </v1:messageContext>
         <v1:legalContext>ServiceIntegrator</v1:legalContext>
         <v1:request>
         	  <v1:Domain>FINANCE</v1:Domain>
            <v1:Language>fr</v1:Language>
         </v1:request>
      </v1:getDomainRequest>
   </soapenv:Body>
</soapenv:Envelope>]]></con:request><con:credentials><con:selectedAuthProfile>Basic</con:selectedAuthProfile><con:addedBasicAuthenticationTypes>Basic</con:addedBasicAuthenticationTypes><con:authType>Global HTTP Settings</con:authType></con:credentials><con:jmsConfig JMSDeliveryMode="PERSISTENT"/><con:jmsPropertyConfig/><con:wsaConfig mustUnderstand="NONE" version="200508" action="http://fidus.brussels/services/accessmanagerservice/getDomain"/><con:wsrmConfig version="1.2"/></con:call><con:call id="1c96a159-0bf2-410e-8c4c-dcb643dc02ba" name="4 - Staging - Worker2 - Request" incomingWss="Inflow STAGING" outgoingWss="Outflow STAGING"><con:settings><con:setting id="com.eviware.soapui.impl.wsdl.WsdlRequest@request-headers">&lt;xml-fragment/></con:setting></con:settings><con:encoding>UTF-8</con:encoding><con:endpoint>https://192.168.24.17:8443/services/AccessManagerService_v1.0</con:endpoint><con:request><![CDATA[<soapenv:Envelope xmlns:soapenv="http://schemas.xmlsoap.org/soap/envelope/" xmlns:v1="http://fidus.brussels/service/accessmanagerservice/messages/v1" xmlns:v11="http://fidus.brussels/type/common/messages/v1" >
   <soapenv:Header/>
   <soapenv:Body>
      <v1:getDomainRequest>
         <v1:messageContext>
         	  <v11:messageId>${=import static java.util.UUID.randomUUID; uuid = randomUUID() as String}</v11:messageId>
            <v11:timestamp>${=new java.text.SimpleDateFormat("yyyy-MM-dd'T'HH:mm:ss.SSS").format(new Date())}</v11:timestamp>
         </v1:messageContext>
         <v1:legalContext>ServiceIntegrator</v1:legalContext>
         <v1:request>
         	  <v1:Domain>FINANCE</v1:Domain>
            <v1:Language>fr</v1:Language>
         </v1:request>
      </v1:getDomainRequest>
   </soapenv:Body>
</soapenv:Envelope>]]></con:request><con:credentials><con:selectedAuthProfile>Basic</con:selectedAuthProfile><con:addedBasicAuthenticationTypes>Basic</con:addedBasicAuthenticationTypes><con:authType>Global HTTP Settings</con:authType></con:credentials><con:jmsConfig JMSDeliveryMode="PERSISTENT"/><con:jmsPropertyConfig/><con:wsaConfig mustUnderstand="NONE" version="200508" action="http://fidus.brussels/services/accessmanagerservice/getDomain"/><con:wsrmConfig version="1.2"/></con:call><con:call id="37e20322-b450-4958-bbaa-24de1819f51f" name="5 - Prod - LB - Request" incomingWss="Inflow PROD" outgoingWss="Outflow PROD"><con:settings><con:setting id="com.eviware.soapui.impl.wsdl.WsdlRequest@request-headers">&lt;xml-fragment/></con:setting></con:settings><con:encoding>UTF-8</con:encoding><con:endpoint>https://fidus-esb-sg.prd.srv.cirb.lan:8443/services/AccessManagerService_v1.0</con:endpoint><con:request><![CDATA[<soapenv:Envelope xmlns:soapenv="http://schemas.xmlsoap.org/soap/envelope/" xmlns:v1="http://fidus.brussels/service/accessmanagerservice/messages/v1" xmlns:v11="http://fidus.brussels/type/common/messages/v1" >
   <soapenv:Header/>
   <soapenv:Body>
      <v1:getDomainRequest>
         <v1:messageContext>
         	  <v11:messageId>${=import static java.util.UUID.randomUUID; uuid = randomUUID() as String}</v11:messageId>
            <v11:timestamp>${=new java.text.SimpleDateFormat("yyyy-MM-dd'T'HH:mm:ss.SSS").format(new Date())}</v11:timestamp>
         </v1:messageContext>
         <v1:legalContext>ServiceIntegrator</v1:legalContext>
         <v1:request>
         	  <v1:Domain>FINANCE</v1:Domain>
            <v1:Language>fr</v1:Language>
         </v1:request>
      </v1:getDomainRequest>
   </soapenv:Body>
</soapenv:Envelope>]]></con:request><con:credentials><con:selectedAuthProfile>Basic</con:selectedAuthProfile><con:addedBasicAuthenticationTypes>Basic</con:addedBasicAuthenticationTypes><con:authType>Global HTTP Settings</con:authType></con:credentials><con:jmsConfig JMSDeliveryMode="PERSISTENT"/><con:jmsPropertyConfig/><con:wsaConfig mustUnderstand="NONE" version="200508" action="http://fidus.brussels/services/accessmanagerservice/getDomain"/><con:wsrmConfig version="1.2"/></con:call><con:call id="35c05f2f-71c9-42ab-9302-0293ddf7dcc1" name="5 - Prod - Worker1 - Request" incomingWss="Inflow PROD" outgoingWss="Outflow PROD"><con:settings><con:setting id="com.eviware.soapui.impl.wsdl.WsdlRequest@request-headers">&lt;xml-fragment/></con:setting></con:settings><con:encoding>UTF-8</con:encoding><con:endpoint>https://192.168.26.22:8443/services/AccessManagerService_v1.0</con:endpoint><con:request><![CDATA[<soapenv:Envelope xmlns:soapenv="http://schemas.xmlsoap.org/soap/envelope/" xmlns:v1="http://fidus.brussels/service/accessmanagerservice/messages/v1" xmlns:v11="http://fidus.brussels/type/common/messages/v1" >
   <soapenv:Header/>
   <soapenv:Body>
      <v1:getDomainRequest>
         <v1:messageContext>
         	  <v11:messageId>${=import static java.util.UUID.randomUUID; uuid = randomUUID() as String}</v11:messageId>
            <v11:timestamp>${=new java.text.SimpleDateFormat("yyyy-MM-dd'T'HH:mm:ss.SSS").format(new Date())}</v11:timestamp>
         </v1:messageContext>
         <v1:legalContext>ServiceIntegrator</v1:legalContext>
         <v1:request>
         	  <v1:Domain>FINANCE</v1:Domain>
            <v1:Language>fr</v1:Language>
         </v1:request>
      </v1:getDomainRequest>
   </soapenv:Body>
</soapenv:Envelope>]]></con:request><con:credentials><con:selectedAuthProfile>Basic</con:selectedAuthProfile><con:addedBasicAuthenticationTypes>Basic</con:addedBasicAuthenticationTypes><con:authType>Global HTTP Settings</con:authType></con:credentials><con:jmsConfig JMSDeliveryMode="PERSISTENT"/><con:jmsPropertyConfig/><con:wsaConfig mustUnderstand="NONE" version="200508" action="http://fidus.brussels/services/accessmanagerservice/getDomain"/><con:wsrmConfig version="1.2"/></con:call><con:call id="49868844-6257-4d3e-bf80-b9ebd1d42fd8" name="5 - Prod - Worker2 - Request" incomingWss="Inflow PROD" outgoingWss="Outflow PROD"><con:settings><con:setting id="com.eviware.soapui.impl.wsdl.WsdlRequest@request-headers">&lt;xml-fragment/></con:setting></con:settings><con:encoding>UTF-8</con:encoding><con:endpoint>https://192.168.26.19:8443/services/AccessManagerService_v1.0</con:endpoint><con:request><![CDATA[<soapenv:Envelope xmlns:soapenv="http://schemas.xmlsoap.org/soap/envelope/" xmlns:v1="http://fidus.brussels/service/accessmanagerservice/messages/v1" xmlns:v11="http://fidus.brussels/type/common/messages/v1" >
   <soapenv:Header/>
   <soapenv:Body>
      <v1:getDomainRequest>
         <v1:messageContext>
         	  <v11:messageId>${=import static java.util.UUID.randomUUID; uuid = randomUUID() as String}</v11:messageId>
            <v11:timestamp>${=new java.text.SimpleDateFormat("yyyy-MM-dd'T'HH:mm:ss.SSS").format(new Date())}</v11:timestamp>
         </v1:messageContext>
         <v1:legalContext>ServiceIntegrator</v1:legalContext>
         <v1:request>
         	  <v1:Domain>FINANCE</v1:Domain>
            <v1:Language>fr</v1:Language>
         </v1:request>
      </v1:getDomainRequest>
   </soapenv:Body>
</soapenv:Envelope>]]></con:request><con:credentials><con:selectedAuthProfile>Basic</con:selectedAuthProfile><con:addedBasicAuthenticationTypes>Basic</con:addedBasicAuthenticationTypes><con:authType>Global HTTP Settings</con:authType></con:credentials><con:jmsConfig JMSDeliveryMode="PERSISTENT"/><con:jmsPropertyConfig/><con:wsaConfig mustUnderstand="NONE" version="200508" action="http://fidus.brussels/services/accessmanagerservice/getDomain"/><con:wsrmConfig version="1.2"/></con:call><con:call id="dd1e2fd3-1cae-4404-89e1-d602663a7f5f" name="3 - Test - Worker1New - Request" outgoingWss="Outflow TEST" incomingWss="Inflow TEST"><con:settings><con:setting id="com.eviware.soapui.impl.wsdl.WsdlRequest@request-headers">&lt;xml-fragment/></con:setting></con:settings><con:encoding>UTF-8</con:encoding><con:endpoint>https://192.168.22.73:8443/services/AccessManagerService_v1.0</con:endpoint><con:request><![CDATA[<soapenv:Envelope xmlns:soapenv="http://schemas.xmlsoap.org/soap/envelope/" xmlns:v1="http://fidus.brussels/service/accessmanagerservice/messages/v1" xmlns:v11="http://fidus.brussels/type/common/messages/v1" >
   <soapenv:Header/>
   <soapenv:Body>
      <v1:getDomainRequest>
         <v1:messageContext>
         	  <v11:messageId>${=import static java.util.UUID.randomUUID; uuid = randomUUID() as String}</v11:messageId>
            <v11:timestamp>${=new java.text.SimpleDateFormat("yyyy-MM-dd'T'HH:mm:ss.SSS").format(new Date())}</v11:timestamp>
         </v1:messageContext>
         <v1:legalContext>ServiceIntegrator</v1:legalContext>
         <v1:request>
         	  <v1:Domain>FINANCE</v1:Domain>
            <v1:Language>fr</v1:Language>
         </v1:request>
      </v1:getDomainRequest>
   </soapenv:Body>
</soapenv:Envelope>]]></con:request><con:credentials><con:selectedAuthProfile>Basic</con:selectedAuthProfile><con:addedBasicAuthenticationTypes>Basic</con:addedBasicAuthenticationTypes><con:authType>Global HTTP Settings</con:authType></con:credentials><con:jmsConfig JMSDeliveryMode="PERSISTENT"/><con:jmsPropertyConfig/><con:wsaConfig mustUnderstand="NONE" version="200508" action="http://fidus.brussels/services/accessmanagerservice/getDomain"/><con:wsrmConfig version="1.2"/></con:call><con:call id="27ff139d-6434-4b12-b564-63186b0f77d2" name="3 - Test - Worker2New - Request" outgoingWss="Outflow TEST" incomingWss="Inflow TEST"><con:settings><con:setting id="com.eviware.soapui.impl.wsdl.WsdlRequest@request-headers">&lt;xml-fragment/></con:setting></con:settings><con:encoding>UTF-8</con:encoding><con:endpoint>https://192.168.22.93:8443/services/AccessManagerService_v1.0</con:endpoint><con:request><![CDATA[<soapenv:Envelope xmlns:soapenv="http://schemas.xmlsoap.org/soap/envelope/" xmlns:v1="http://fidus.brussels/service/accessmanagerservice/messages/v1" xmlns:v11="http://fidus.brussels/type/common/messages/v1" >
   <soapenv:Header/>
   <soapenv:Body>
      <v1:getDomainRequest>
         <v1:messageContext>
         	  <v11:messageId>${=import static java.util.UUID.randomUUID; uuid = randomUUID() as String}</v11:messageId>
            <v11:timestamp>${=new java.text.SimpleDateFormat("yyyy-MM-dd'T'HH:mm:ss.SSS").format(new Date())}</v11:timestamp>
         </v1:messageContext>
         <v1:legalContext>ServiceIntegrator</v1:legalContext>
         <v1:request>
         	  <v1:Domain>FINANCE</v1:Domain>
            <v1:Language>fr</v1:Language>
         </v1:request>
      </v1:getDomainRequest>
   </soapenv:Body>
</soapenv:Envelope>]]></con:request><con:credentials><con:selectedAuthProfile>Basic</con:selectedAuthProfile><con:addedBasicAuthenticationTypes>Basic</con:addedBasicAuthenticationTypes><con:authType>Global HTTP Settings</con:authType></con:credentials><con:jmsConfig JMSDeliveryMode="PERSISTENT"/><con:jmsPropertyConfig/><con:wsaConfig mustUnderstand="NONE" version="200508" action="http://fidus.brussels/services/accessmanagerservice/getDomain"/><con:wsrmConfig version="1.2"/></con:call><con:call id="96c33d01-7af2-4c8c-970d-89a586937ceb" name="4 - Staging - Worker1New - Request" outgoingWss="Outflow STAGING" incomingWss="Inflow STAGING"><con:settings><con:setting id="com.eviware.soapui.impl.wsdl.WsdlRequest@request-headers">&lt;xml-fragment/></con:setting></con:settings><con:encoding>UTF-8</con:encoding><con:endpoint>https://192.168.23.191:8443/services/AccessManagerService_v1.0</con:endpoint><con:request><![CDATA[<soapenv:Envelope xmlns:soapenv="http://schemas.xmlsoap.org/soap/envelope/" xmlns:v1="http://fidus.brussels/service/accessmanagerservice/messages/v1" xmlns:v11="http://fidus.brussels/type/common/messages/v1" >
   <soapenv:Header/>
   <soapenv:Body>
      <v1:getDomainRequest>
         <v1:messageContext>
         	  <v11:messageId>${=import static java.util.UUID.randomUUID; uuid = randomUUID() as String}</v11:messageId>
            <v11:timestamp>${=new java.text.SimpleDateFormat("yyyy-MM-dd'T'HH:mm:ss.SSS").format(new Date())}</v11:timestamp>
         </v1:messageContext>
         <v1:legalContext>ServiceIntegrator</v1:legalContext>
         <v1:request>
         	  <v1:Domain>FINANCE</v1:Domain>
            <v1:Language>fr</v1:Language>
         </v1:request>
      </v1:getDomainRequest>
   </soapenv:Body>
</soapenv:Envelope>]]></con:request><con:credentials><con:selectedAuthProfile>Basic</con:selectedAuthProfile><con:addedBasicAuthenticationTypes>Basic</con:addedBasicAuthenticationTypes><con:authType>Global HTTP Settings</con:authType></con:credentials><con:jmsConfig JMSDeliveryMode="PERSISTENT"/><con:jmsPropertyConfig/><con:wsaConfig mustUnderstand="NONE" version="200508" action="http://fidus.brussels/services/accessmanagerservice/getDomain"/><con:wsrmConfig version="1.2"/></con:call><con:call id="dc07157e-fa20-4e10-a4f0-f6553ce4110c" name="4 - Staging - Worker2New - Request" outgoingWss="Outflow STAGING" incomingWss="Inflow STAGING"><con:settings><con:setting id="com.eviware.soapui.impl.wsdl.WsdlRequest@request-headers">&lt;xml-fragment/></con:setting></con:settings><con:encoding>UTF-8</con:encoding><con:endpoint>https://192.168.23.198:8443/services/AccessManagerService_v1.0</con:endpoint><con:request><![CDATA[<soapenv:Envelope xmlns:soapenv="http://schemas.xmlsoap.org/soap/envelope/" xmlns:v1="http://fidus.brussels/service/accessmanagerservice/messages/v1" xmlns:v11="http://fidus.brussels/type/common/messages/v1" >
   <soapenv:Header/>
   <soapenv:Body>
      <v1:getDomainRequest>
         <v1:messageContext>
         	  <v11:messageId>${=import static java.util.UUID.randomUUID; uuid = randomUUID() as String}</v11:messageId>
            <v11:timestamp>${=new java.text.SimpleDateFormat("yyyy-MM-dd'T'HH:mm:ss.SSS").format(new Date())}</v11:timestamp>
         </v1:messageContext>
         <v1:legalContext>ServiceIntegrator</v1:legalContext>
         <v1:request>
         	  <v1:Domain>FINANCE</v1:Domain>
            <v1:Language>fr</v1:Language>
         </v1:request>
      </v1:getDomainRequest>
   </soapenv:Body>
</soapenv:Envelope>]]></con:request><con:credentials><con:selectedAuthProfile>Basic</con:selectedAuthProfile><con:addedBasicAuthenticationTypes>Basic</con:addedBasicAuthenticationTypes><con:authType>Global HTTP Settings</con:authType></con:credentials><con:jmsConfig JMSDeliveryMode="PERSISTENT"/><con:jmsPropertyConfig/><con:wsaConfig mustUnderstand="NONE" version="200508" action="http://fidus.brussels/services/accessmanagerservice/getDomain"/><con:wsrmConfig version="1.2"/></con:call></con:operation><con:operation id="1838c1b4-29f9-47e7-a3a8-d16338611a30" isOneWay="false" action="http://fidus.brussels/services/accessmanagerservice/getEntityRepresentatives" name="getEntityRepresentatives" bindingOperationName="getEntityRepresentatives" type="Request-Response" inputName="" receivesAttachments="false" sendsAttachments="false" anonymous="optional"><con:settings/><con:call id="0c71561a-5d0d-42a9-a8df-b42356423404" name="1 - Local - Request - OK" incomingWss="Inflow DEV" outgoingWss="Outflow DEV"><con:settings><con:setting id="com.eviware.soapui.impl.wsdl.WsdlRequest@request-headers">&lt;xml-fragment/></con:setting></con:settings><con:encoding>UTF-8</con:encoding><con:endpoint>https://localhost:8243/services/AccessManagerService_v1.0</con:endpoint><con:request><![CDATA[<soapenv:Envelope xmlns:soapenv="http://schemas.xmlsoap.org/soap/envelope/" xmlns:v1="http://fidus.brussels/service/accessmanagerservice/messages/v1" xmlns:v11="http://fidus.brussels/type/common/messages/v1" xmlns:v31="http://socialsecurity.be/umanentityrepresentative/types/v3" >
   <soapenv:Header/>
   <soapenv:Body>
      <v1:getEntityRepresentativesRequest>
         <v1:messageContext>
         	  <v11:messageId>${=import static java.util.UUID.randomUUID; uuid = randomUUID() as String}</v11:messageId>
            <v11:timestamp>${=new java.text.SimpleDateFormat("yyyy-MM-dd'T'HH:mm:ss.SSS").format(new Date())}</v11:timestamp>
         </v1:messageContext>
         <v1:legalContext>ServiceIntegrator</v1:legalContext>
         <v1:request>
            <v1:Domain>QUAL_FED_HEALTHCARE</v1:Domain>
            <v1:OrganisationId>
               <v31:Identifier>1990000431</v31:Identifier>
               <v31:IdentifierType>BEEHP</v31:IdentifierType>
            </v1:OrganisationId>
            <v1:Language>nl</v1:Language>
         </v1:request>
      </v1:getEntityRepresentativesRequest>
   </soapenv:Body>
</soapenv:Envelope>]]></con:request><con:credentials><con:selectedAuthProfile>Basic</con:selectedAuthProfile><con:addedBasicAuthenticationTypes>Basic</con:addedBasicAuthenticationTypes><con:authType>Global HTTP Settings</con:authType></con:credentials><con:jmsConfig JMSDeliveryMode="PERSISTENT"/><con:jmsPropertyConfig/><con:wsaConfig mustUnderstand="NONE" version="200508" action="http://fidus.brussels/services/accessmanagerservice/getEntityRepresentatives"/><con:wsrmConfig version="1.2"/></con:call><con:call id="5f54e628-153c-477b-a043-ad6559eb7a37" name="2 - Dev - Request - OK" outgoingWss="Outflow DEV" incomingWss="Inflow DEV"><con:settings><con:setting id="com.eviware.soapui.impl.wsdl.WsdlRequest@request-headers">&lt;xml-fragment/></con:setting></con:settings><con:encoding>UTF-8</con:encoding><con:endpoint>https://192.168.36.61:8243/services/AccessManagerService_v1.0</con:endpoint><con:request><![CDATA[<soapenv:Envelope xmlns:soapenv="http://schemas.xmlsoap.org/soap/envelope/" xmlns:v1="http://fidus.brussels/service/accessmanagerservice/messages/v1" xmlns:v11="http://fidus.brussels/type/common/messages/v1" xmlns:v31="http://socialsecurity.be/umanentityrepresentative/types/v3" >
   <soapenv:Header/>
   <soapenv:Body>
      <v1:getEntityRepresentativesRequest>
         <v1:messageContext>
         	  <v11:messageId>${=import static java.util.UUID.randomUUID; uuid = randomUUID() as String}</v11:messageId>
            <v11:timestamp>${=new java.text.SimpleDateFormat("yyyy-MM-dd'T'HH:mm:ss.SSS").format(new Date())}</v11:timestamp>
         </v1:messageContext>
         <v1:legalContext>ServiceIntegrator</v1:legalContext>
         <v1:request>
            <v1:Domain>QUAL_FED_HEALTHCARE</v1:Domain>
            <v1:OrganisationId>
               <v31:Identifier>1990000431</v31:Identifier>
               <v31:IdentifierType>BEEHP</v31:IdentifierType>
            </v1:OrganisationId>
            <v1:Language>nl</v1:Language>
         </v1:request>
      </v1:getEntityRepresentativesRequest>
   </soapenv:Body>
</soapenv:Envelope>]]></con:request><con:credentials><con:selectedAuthProfile>Basic</con:selectedAuthProfile><con:addedBasicAuthenticationTypes>Basic</con:addedBasicAuthenticationTypes><con:authType>Global HTTP Settings</con:authType></con:credentials><con:jmsConfig JMSDeliveryMode="PERSISTENT"/><con:jmsPropertyConfig/><con:wsaConfig mustUnderstand="NONE" version="200508" action="http://fidus.brussels/services/accessmanagerservice/getEntityRepresentatives"/><con:wsrmConfig version="1.2"/></con:call><con:call id="a29c6ba5-101e-4b4f-b3c0-17ca7de235fb" name="3 - Test - LB - Request" outgoingWss="Outflow TEST" incomingWss="Inflow TEST"><con:settings><con:setting id="com.eviware.soapui.impl.wsdl.WsdlRequest@request-headers">&lt;xml-fragment/></con:setting></con:settings><con:encoding>UTF-8</con:encoding><con:endpoint>https://esb-security-gw.sta.srv.cirb.lan:8443/services/AccessManagerService_v1.0</con:endpoint><con:request><![CDATA[<soapenv:Envelope xmlns:soapenv="http://schemas.xmlsoap.org/soap/envelope/" xmlns:v1="http://fidus.brussels/service/accessmanagerservice/messages/v1" xmlns:v11="http://fidus.brussels/type/common/messages/v1" xmlns:v31="http://socialsecurity.be/umanentityrepresentative/types/v3" >
   <soapenv:Header/>
   <soapenv:Body>
      <v1:getEntityRepresentativesRequest>
         <v1:messageContext>
         	  <v11:messageId>${=import static java.util.UUID.randomUUID; uuid = randomUUID() as String}</v11:messageId>
            <v11:timestamp>${=new java.text.SimpleDateFormat("yyyy-MM-dd'T'HH:mm:ss.SSS").format(new Date())}</v11:timestamp>
         </v1:messageContext>
         <v1:legalContext>ServiceIntegrator</v1:legalContext>
         <v1:request>
            <v1:Domain>QUAL_FED_HEALTHCARE</v1:Domain>
            <v1:OrganisationId>
               <v31:Identifier>1990000431</v31:Identifier>
               <v31:IdentifierType>BEEHP</v31:IdentifierType>
            </v1:OrganisationId>
            <v1:Language>nl</v1:Language>
         </v1:request>
      </v1:getEntityRepresentativesRequest>
   </soapenv:Body>
</soapenv:Envelope>]]></con:request><con:credentials><con:selectedAuthProfile>Basic</con:selectedAuthProfile><con:addedBasicAuthenticationTypes>Basic</con:addedBasicAuthenticationTypes><con:authType>Global HTTP Settings</con:authType></con:credentials><con:jmsConfig JMSDeliveryMode="PERSISTENT"/><con:jmsPropertyConfig/><con:wsaConfig mustUnderstand="NONE" version="200508" action="http://fidus.brussels/services/accessmanagerservice/getEntityRepresentatives"/><con:wsrmConfig version="1.2"/></con:call><con:call id="cb750499-4046-4ae9-99f6-235cf31a1200" name="4 - Staging - LB - Request" incomingWss="Inflow STAGING" outgoingWss="Outflow STAGING"><con:settings><con:setting id="com.eviware.soapui.impl.wsdl.WsdlRequest@request-headers">&lt;xml-fragment/></con:setting></con:settings><con:encoding>UTF-8</con:encoding><con:endpoint>https://fidus-esb-sg.sta.srv.cirb.lan:8443/services/AccessManagerService_v1.0</con:endpoint><con:request><![CDATA[<soapenv:Envelope xmlns:soapenv="http://schemas.xmlsoap.org/soap/envelope/" xmlns:v1="http://fidus.brussels/service/accessmanagerservice/messages/v1" xmlns:v11="http://fidus.brussels/type/common/messages/v1" xmlns:v31="http://socialsecurity.be/umanentityrepresentative/types/v3" >
   <soapenv:Header/>
   <soapenv:Body>
      <v1:getEntityRepresentativesRequest>
         <v1:messageContext>
         	  <v11:messageId>${=import static java.util.UUID.randomUUID; uuid = randomUUID() as String}</v11:messageId>
            <v11:timestamp>${=new java.text.SimpleDateFormat("yyyy-MM-dd'T'HH:mm:ss.SSS").format(new Date())}</v11:timestamp>
         </v1:messageContext>
         <v1:legalContext>ServiceIntegrator</v1:legalContext>
         <v1:request>
            <v1:Domain>QUAL_FED_HEALTHCARE</v1:Domain>
            <v1:OrganisationId>
               <v31:Identifier>1990000431</v31:Identifier>
               <v31:IdentifierType>BEEHP</v31:IdentifierType>
            </v1:OrganisationId>
            <v1:Language>nl</v1:Language>
         </v1:request>
      </v1:getEntityRepresentativesRequest>
   </soapenv:Body>
</soapenv:Envelope>]]></con:request><con:credentials><con:selectedAuthProfile>Basic</con:selectedAuthProfile><con:addedBasicAuthenticationTypes>Basic</con:addedBasicAuthenticationTypes><con:authType>Global HTTP Settings</con:authType></con:credentials><con:jmsConfig JMSDeliveryMode="PERSISTENT"/><con:jmsPropertyConfig/><con:wsaConfig mustUnderstand="NONE" version="200508" action="http://fidus.brussels/services/accessmanagerservice/getEntityRepresentatives"/><con:wsrmConfig version="1.2"/></con:call><con:call id="368de139-1ac5-4207-a633-816004980465" name="5 - Prod - External - Request" incomingWss="Inflow PROD" outgoingWss="Outflow PROD"><con:settings><con:setting id="com.eviware.soapui.impl.wsdl.WsdlRequest@request-headers">&lt;xml-fragment/></con:setting></con:settings><con:encoding>UTF-8</con:encoding><con:endpoint>https://fidus.sec.brussels/services/AccessManagerService_v1.0</con:endpoint><con:request><![CDATA[<soapenv:Envelope xmlns:soapenv="http://schemas.xmlsoap.org/soap/envelope/" xmlns:v1="http://fidus.brussels/service/accessmanagerservice/messages/v1" xmlns:v11="http://fidus.brussels/type/common/messages/v1" xmlns:v31="http://socialsecurity.be/umanentityrepresentative/types/v3" >
   <soapenv:Header/>
   <soapenv:Body>
      <v1:getEntityRepresentativesRequest>
         <v1:messageContext>
         	  <v11:messageId>${=import static java.util.UUID.randomUUID; uuid = randomUUID() as String}</v11:messageId>
            <v11:timestamp>${=new java.text.SimpleDateFormat("yyyy-MM-dd'T'HH:mm:ss.SSS").format(new Date())}</v11:timestamp>
         </v1:messageContext>
         <v1:legalContext>ServiceIntegrator</v1:legalContext>
         <v1:request>
            <v1:Domain>QUAL_FED_HEALTHCARE</v1:Domain>
            <v1:OrganisationId>
               <v31:Identifier>1990000431</v31:Identifier>
               <v31:IdentifierType>BEEHP</v31:IdentifierType>
            </v1:OrganisationId>
            <v1:Language>nl</v1:Language>
         </v1:request>
      </v1:getEntityRepresentativesRequest>
   </soapenv:Body>
</soapenv:Envelope>]]></con:request><con:credentials><con:selectedAuthProfile>Basic</con:selectedAuthProfile><con:addedBasicAuthenticationTypes>Basic</con:addedBasicAuthenticationTypes><con:authType>Global HTTP Settings</con:authType></con:credentials><con:jmsConfig JMSDeliveryMode="PERSISTENT"/><con:jmsPropertyConfig/><con:wsaConfig mustUnderstand="NONE" version="200508" action="http://fidus.brussels/services/accessmanagerservice/getEntityRepresentatives"/><con:wsrmConfig version="1.2"/></con:call><con:call id="c03df354-b09c-4c50-9791-bb459072cdb7" name="1 - Local - Request - Not Found" incomingWss="Inflow DEV" outgoingWss="Outflow DEV"><con:settings><con:setting id="com.eviware.soapui.impl.wsdl.WsdlRequest@request-headers">&lt;xml-fragment/></con:setting></con:settings><con:encoding>UTF-8</con:encoding><con:endpoint>https://localhost:8243/services/AccessManagerService_v1.0</con:endpoint><con:request><![CDATA[<soapenv:Envelope xmlns:soapenv="http://schemas.xmlsoap.org/soap/envelope/" xmlns:v1="http://fidus.brussels/service/accessmanagerservice/messages/v1" xmlns:v11="http://fidus.brussels/type/common/messages/v1" xmlns:v31="http://socialsecurity.be/umanentityrepresentative/types/v3" >
   <soapenv:Header/>
   <soapenv:Body>
      <v1:getEntityRepresentativesRequest>
         <v1:messageContext>
         	  <v11:messageId>${=import static java.util.UUID.randomUUID; uuid = randomUUID() as String}</v11:messageId>
            <v11:timestamp>${=new java.text.SimpleDateFormat("yyyy-MM-dd'T'HH:mm:ss.SSS").format(new Date())}</v11:timestamp>
         </v1:messageContext>
         <v1:legalContext>ServiceIntegrator</v1:legalContext>
         <v1:request>
            <v1:Domain>INDUSTRY</v1:Domain>
            <v1:OrganisationId>
               <v31:Identifier>1990000431</v31:Identifier>
               <v31:IdentifierType>BEEHP</v31:IdentifierType>
            </v1:OrganisationId>
            <v1:Language>nl</v1:Language>
         </v1:request>
      </v1:getEntityRepresentativesRequest>
   </soapenv:Body>
</soapenv:Envelope>]]></con:request><con:credentials><con:selectedAuthProfile>Basic</con:selectedAuthProfile><con:addedBasicAuthenticationTypes>Basic</con:addedBasicAuthenticationTypes><con:authType>Global HTTP Settings</con:authType></con:credentials><con:jmsConfig JMSDeliveryMode="PERSISTENT"/><con:jmsPropertyConfig/><con:wsaConfig mustUnderstand="NONE" version="200508" action="http://fidus.brussels/services/accessmanagerservice/getEntityRepresentatives"/><con:wsrmConfig version="1.2"/></con:call><con:call id="bd5e57ea-464d-45c6-a228-81df70014c4c" name="2 - Dev - Request - Not Found" incomingWss="Inflow DEV" outgoingWss="Outflow DEV"><con:settings><con:setting id="com.eviware.soapui.impl.wsdl.WsdlRequest@request-headers">&lt;xml-fragment/></con:setting></con:settings><con:encoding>UTF-8</con:encoding><con:endpoint>https://192.168.36.61:8243/services/AccessManagerService_v1.0</con:endpoint><con:request><![CDATA[<soapenv:Envelope xmlns:soapenv="http://schemas.xmlsoap.org/soap/envelope/" xmlns:v1="http://fidus.brussels/service/accessmanagerservice/messages/v1" xmlns:v11="http://fidus.brussels/type/common/messages/v1" xmlns:v31="http://socialsecurity.be/umanentityrepresentative/types/v3" >
   <soapenv:Header/>
   <soapenv:Body>
      <v1:getEntityRepresentativesRequest>
         <v1:messageContext>
         	  <v11:messageId>${=import static java.util.UUID.randomUUID; uuid = randomUUID() as String}</v11:messageId>
            <v11:timestamp>${=new java.text.SimpleDateFormat("yyyy-MM-dd'T'HH:mm:ss.SSS").format(new Date())}</v11:timestamp>
         </v1:messageContext>
         <v1:legalContext>ServiceIntegrator</v1:legalContext>
         <v1:request>
            <v1:Domain>INDUSTRY</v1:Domain>
            <v1:OrganisationId>
               <v31:Identifier>1990000431</v31:Identifier>
               <v31:IdentifierType>BEEHP</v31:IdentifierType>
            </v1:OrganisationId>
            <v1:Language>nl</v1:Language>
         </v1:request>
      </v1:getEntityRepresentativesRequest>
   </soapenv:Body>
</soapenv:Envelope>]]></con:request><con:credentials><con:selectedAuthProfile>Basic</con:selectedAuthProfile><con:addedBasicAuthenticationTypes>Basic</con:addedBasicAuthenticationTypes><con:authType>Global HTTP Settings</con:authType></con:credentials><con:jmsConfig JMSDeliveryMode="PERSISTENT"/><con:jmsPropertyConfig/><con:wsaConfig mustUnderstand="NONE" version="200508" action="http://fidus.brussels/services/accessmanagerservice/getEntityRepresentatives"/><con:wsrmConfig version="1.2"/></con:call><con:call id="bba2ba5f-8faa-4bd0-a183-e0108423f862" name="3 - Test - Worker1 - Request" incomingWss="Inflow TEST" outgoingWss="Outflow TEST"><con:settings><con:setting id="com.eviware.soapui.impl.wsdl.WsdlRequest@request-headers">&lt;xml-fragment/></con:setting></con:settings><con:encoding>UTF-8</con:encoding><con:endpoint>https://192.168.22.53:8443/services/AccessManagerService_v1.0</con:endpoint><con:request><![CDATA[<soapenv:Envelope xmlns:soapenv="http://schemas.xmlsoap.org/soap/envelope/" xmlns:v1="http://fidus.brussels/service/accessmanagerservice/messages/v1" xmlns:v11="http://fidus.brussels/type/common/messages/v1" xmlns:v31="http://socialsecurity.be/umanentityrepresentative/types/v3" >
   <soapenv:Header/>
   <soapenv:Body>
      <v1:getEntityRepresentativesRequest>
         <v1:messageContext>
         	  <v11:messageId>${=import static java.util.UUID.randomUUID; uuid = randomUUID() as String}</v11:messageId>
            <v11:timestamp>${=new java.text.SimpleDateFormat("yyyy-MM-dd'T'HH:mm:ss.SSS").format(new Date())}</v11:timestamp>
         </v1:messageContext>
         <v1:legalContext>ServiceIntegrator</v1:legalContext>
         <v1:request>
            <v1:Domain>QUAL_FED_HEALTHCARE</v1:Domain>
            <v1:OrganisationId>
               <v31:Identifier>1990000431</v31:Identifier>
               <v31:IdentifierType>BEEHP</v31:IdentifierType>
            </v1:OrganisationId>
            <v1:Language>nl</v1:Language>
         </v1:request>
      </v1:getEntityRepresentativesRequest>
   </soapenv:Body>
</soapenv:Envelope>]]></con:request><con:credentials><con:selectedAuthProfile>Basic</con:selectedAuthProfile><con:addedBasicAuthenticationTypes>Basic</con:addedBasicAuthenticationTypes><con:authType>Global HTTP Settings</con:authType></con:credentials><con:jmsConfig JMSDeliveryMode="PERSISTENT"/><con:jmsPropertyConfig/><con:wsaConfig mustUnderstand="NONE" version="200508" action="http://fidus.brussels/services/accessmanagerservice/getEntityRepresentatives"/><con:wsrmConfig version="1.2"/></con:call><con:call id="f69b30ef-6e33-4d9b-a1e7-747ba4678772" name="3 - Test - Worker2 - Request" outgoingWss="Outflow TEST" incomingWss="Inflow TEST"><con:settings><con:setting id="com.eviware.soapui.impl.wsdl.WsdlRequest@request-headers">&lt;xml-fragment/></con:setting></con:settings><con:encoding>UTF-8</con:encoding><con:endpoint>https://192.168.22.54:8443/services/AccessManagerService_v1.0</con:endpoint><con:request><![CDATA[<soapenv:Envelope xmlns:soapenv="http://schemas.xmlsoap.org/soap/envelope/" xmlns:v1="http://fidus.brussels/service/accessmanagerservice/messages/v1" xmlns:v11="http://fidus.brussels/type/common/messages/v1" xmlns:v31="http://socialsecurity.be/umanentityrepresentative/types/v3" >
   <soapenv:Header/>
   <soapenv:Body>
      <v1:getEntityRepresentativesRequest>
         <v1:messageContext>
         	  <v11:messageId>${=import static java.util.UUID.randomUUID; uuid = randomUUID() as String}</v11:messageId>
            <v11:timestamp>${=new java.text.SimpleDateFormat("yyyy-MM-dd'T'HH:mm:ss.SSS").format(new Date())}</v11:timestamp>
         </v1:messageContext>
         <v1:legalContext>ServiceIntegrator</v1:legalContext>
         <v1:request>
            <v1:Domain>QUAL_FED_HEALTHCARE</v1:Domain>
            <v1:OrganisationId>
               <v31:Identifier>1990000431</v31:Identifier>
               <v31:IdentifierType>BEEHP</v31:IdentifierType>
            </v1:OrganisationId>
            <v1:Language>nl</v1:Language>
         </v1:request>
      </v1:getEntityRepresentativesRequest>
   </soapenv:Body>
</soapenv:Envelope>]]></con:request><con:credentials><con:selectedAuthProfile>Basic</con:selectedAuthProfile><con:addedBasicAuthenticationTypes>Basic</con:addedBasicAuthenticationTypes><con:authType>Global HTTP Settings</con:authType></con:credentials><con:jmsConfig JMSDeliveryMode="PERSISTENT"/><con:jmsPropertyConfig/><con:wsaConfig mustUnderstand="NONE" version="200508" action="http://fidus.brussels/services/accessmanagerservice/getEntityRepresentatives"/><con:wsrmConfig version="1.2"/></con:call><con:call id="e277303b-ae3e-4f43-aa8b-d39c8495bda4" name="4 - Staging - Worker1 - Request" incomingWss="Inflow STAGING" outgoingWss="Outflow STAGING"><con:settings><con:setting id="com.eviware.soapui.impl.wsdl.WsdlRequest@request-headers">&lt;xml-fragment/></con:setting></con:settings><con:encoding>UTF-8</con:encoding><con:endpoint>https://192.168.24.16:8443/services/AccessManagerService_v1.0</con:endpoint><con:request><![CDATA[<soapenv:Envelope xmlns:soapenv="http://schemas.xmlsoap.org/soap/envelope/" xmlns:v1="http://fidus.brussels/service/accessmanagerservice/messages/v1" xmlns:v11="http://fidus.brussels/type/common/messages/v1" xmlns:v31="http://socialsecurity.be/umanentityrepresentative/types/v3" >
   <soapenv:Header/>
   <soapenv:Body>
      <v1:getEntityRepresentativesRequest>
         <v1:messageContext>
         	  <v11:messageId>${=import static java.util.UUID.randomUUID; uuid = randomUUID() as String}</v11:messageId>
            <v11:timestamp>${=new java.text.SimpleDateFormat("yyyy-MM-dd'T'HH:mm:ss.SSS").format(new Date())}</v11:timestamp>
         </v1:messageContext>
         <v1:legalContext>ServiceIntegrator</v1:legalContext>
         <v1:request>
            <v1:Domain>QUAL_FED_HEALTHCARE</v1:Domain>
            <v1:OrganisationId>
               <v31:Identifier>1990000431</v31:Identifier>
               <v31:IdentifierType>BEEHP</v31:IdentifierType>
            </v1:OrganisationId>
            <v1:Language>nl</v1:Language>
         </v1:request>
      </v1:getEntityRepresentativesRequest>
   </soapenv:Body>
</soapenv:Envelope>]]></con:request><con:credentials><con:selectedAuthProfile>Basic</con:selectedAuthProfile><con:addedBasicAuthenticationTypes>Basic</con:addedBasicAuthenticationTypes><con:authType>Global HTTP Settings</con:authType></con:credentials><con:jmsConfig JMSDeliveryMode="PERSISTENT"/><con:jmsPropertyConfig/><con:wsaConfig mustUnderstand="NONE" version="200508" action="http://fidus.brussels/services/accessmanagerservice/getEntityRepresentatives"/><con:wsrmConfig version="1.2"/></con:call><con:call id="ba65129a-b9af-4e56-9fbf-c3cbd8c9b59b" name="4 - Staging - Worker2 - Request" incomingWss="Inflow STAGING" outgoingWss="Outflow STAGING"><con:settings><con:setting id="com.eviware.soapui.impl.wsdl.WsdlRequest@request-headers">&lt;xml-fragment/></con:setting></con:settings><con:encoding>UTF-8</con:encoding><con:endpoint>https://192.168.24.17:8443/services/AccessManagerService_v1.0</con:endpoint><con:request><![CDATA[<soapenv:Envelope xmlns:soapenv="http://schemas.xmlsoap.org/soap/envelope/" xmlns:v1="http://fidus.brussels/service/accessmanagerservice/messages/v1" xmlns:v11="http://fidus.brussels/type/common/messages/v1" xmlns:v31="http://socialsecurity.be/umanentityrepresentative/types/v3" >
   <soapenv:Header/>
   <soapenv:Body>
      <v1:getEntityRepresentativesRequest>
         <v1:messageContext>
         	  <v11:messageId>${=import static java.util.UUID.randomUUID; uuid = randomUUID() as String}</v11:messageId>
            <v11:timestamp>${=new java.text.SimpleDateFormat("yyyy-MM-dd'T'HH:mm:ss.SSS").format(new Date())}</v11:timestamp>
         </v1:messageContext>
         <v1:legalContext>ServiceIntegrator</v1:legalContext>
         <v1:request>
            <v1:Domain>QUAL_FED_HEALTHCARE</v1:Domain>
            <v1:OrganisationId>
               <v31:Identifier>1990000431</v31:Identifier>
               <v31:IdentifierType>BEEHP</v31:IdentifierType>
            </v1:OrganisationId>
            <v1:Language>nl</v1:Language>
         </v1:request>
      </v1:getEntityRepresentativesRequest>
   </soapenv:Body>
</soapenv:Envelope>]]></con:request><con:credentials><con:selectedAuthProfile>Basic</con:selectedAuthProfile><con:addedBasicAuthenticationTypes>Basic</con:addedBasicAuthenticationTypes><con:authType>Global HTTP Settings</con:authType></con:credentials><con:jmsConfig JMSDeliveryMode="PERSISTENT"/><con:jmsPropertyConfig/><con:wsaConfig mustUnderstand="NONE" version="200508" action="http://fidus.brussels/services/accessmanagerservice/getEntityRepresentatives"/><con:wsrmConfig version="1.2"/></con:call><con:call id="8f0bb239-c1cb-4059-a04d-307e47e92e03" name="5 - Prod - LB - Request" incomingWss="Inflow PROD" outgoingWss="Outflow PROD"><con:settings><con:setting id="com.eviware.soapui.impl.wsdl.WsdlRequest@request-headers">&lt;xml-fragment/></con:setting></con:settings><con:encoding>UTF-8</con:encoding><con:endpoint>https://fidus-esb-sg.prd.srv.cirb.lan:8443/services/AccessManagerService_v1.0</con:endpoint><con:request><![CDATA[<soapenv:Envelope xmlns:soapenv="http://schemas.xmlsoap.org/soap/envelope/" xmlns:v1="http://fidus.brussels/service/accessmanagerservice/messages/v1" xmlns:v11="http://fidus.brussels/type/common/messages/v1" xmlns:v31="http://socialsecurity.be/umanentityrepresentative/types/v3" >
   <soapenv:Header/>
   <soapenv:Body>
      <v1:getEntityRepresentativesRequest>
         <v1:messageContext>
         	  <v11:messageId>${=import static java.util.UUID.randomUUID; uuid = randomUUID() as String}</v11:messageId>
            <v11:timestamp>${=new java.text.SimpleDateFormat("yyyy-MM-dd'T'HH:mm:ss.SSS").format(new Date())}</v11:timestamp>
         </v1:messageContext>
         <v1:legalContext>ServiceIntegrator</v1:legalContext>
         <v1:request>
            <v1:Domain>QUAL_FED_HEALTHCARE</v1:Domain>
            <v1:OrganisationId>
               <v31:Identifier>1990000431</v31:Identifier>
               <v31:IdentifierType>BEEHP</v31:IdentifierType>
            </v1:OrganisationId>
            <v1:Language>nl</v1:Language>
         </v1:request>
      </v1:getEntityRepresentativesRequest>
   </soapenv:Body>
</soapenv:Envelope>]]></con:request><con:credentials><con:selectedAuthProfile>Basic</con:selectedAuthProfile><con:addedBasicAuthenticationTypes>Basic</con:addedBasicAuthenticationTypes><con:authType>Global HTTP Settings</con:authType></con:credentials><con:jmsConfig JMSDeliveryMode="PERSISTENT"/><con:jmsPropertyConfig/><con:wsaConfig mustUnderstand="NONE" version="200508" action="http://fidus.brussels/services/accessmanagerservice/getEntityRepresentatives"/><con:wsrmConfig version="1.2"/></con:call><con:call id="342c92c0-2545-4f46-8bb0-134199282dd6" name="5 - Prod - Worker1 - Request" incomingWss="Inflow PROD" outgoingWss="Outflow PROD"><con:settings><con:setting id="com.eviware.soapui.impl.wsdl.WsdlRequest@request-headers">&lt;xml-fragment/></con:setting></con:settings><con:encoding>UTF-8</con:encoding><con:endpoint>https://192.168.26.22:8443/services/AccessManagerService_v1.0</con:endpoint><con:request><![CDATA[<soapenv:Envelope xmlns:soapenv="http://schemas.xmlsoap.org/soap/envelope/" xmlns:v1="http://fidus.brussels/service/accessmanagerservice/messages/v1" xmlns:v11="http://fidus.brussels/type/common/messages/v1" xmlns:v31="http://socialsecurity.be/umanentityrepresentative/types/v3" >
   <soapenv:Header/>
   <soapenv:Body>
      <v1:getEntityRepresentativesRequest>
         <v1:messageContext>
         	  <v11:messageId>${=import static java.util.UUID.randomUUID; uuid = randomUUID() as String}</v11:messageId>
            <v11:timestamp>${=new java.text.SimpleDateFormat("yyyy-MM-dd'T'HH:mm:ss.SSS").format(new Date())}</v11:timestamp>
         </v1:messageContext>
         <v1:legalContext>ServiceIntegrator</v1:legalContext>
         <v1:request>
            <v1:Domain>QUAL_FED_HEALTHCARE</v1:Domain>
            <v1:OrganisationId>
               <v31:Identifier>1990000431</v31:Identifier>
               <v31:IdentifierType>BEEHP</v31:IdentifierType>
            </v1:OrganisationId>
            <v1:Language>nl</v1:Language>
         </v1:request>
      </v1:getEntityRepresentativesRequest>
   </soapenv:Body>
</soapenv:Envelope>]]></con:request><con:credentials><con:selectedAuthProfile>Basic</con:selectedAuthProfile><con:addedBasicAuthenticationTypes>Basic</con:addedBasicAuthenticationTypes><con:authType>Global HTTP Settings</con:authType></con:credentials><con:jmsConfig JMSDeliveryMode="PERSISTENT"/><con:jmsPropertyConfig/><con:wsaConfig mustUnderstand="NONE" version="200508" action="http://fidus.brussels/services/accessmanagerservice/getEntityRepresentatives"/><con:wsrmConfig version="1.2"/></con:call><con:call id="bdacaa4d-ede6-4ee6-bfb3-9369ee91c030" name="5 - Prod - Worker2 - Request" incomingWss="Inflow PROD" outgoingWss="Outflow PROD"><con:settings><con:setting id="com.eviware.soapui.impl.wsdl.WsdlRequest@request-headers">&lt;xml-fragment/></con:setting></con:settings><con:encoding>UTF-8</con:encoding><con:endpoint>https://192.168.26.19:8443/services/AccessManagerService_v1.0</con:endpoint><con:request><![CDATA[<soapenv:Envelope xmlns:soapenv="http://schemas.xmlsoap.org/soap/envelope/" xmlns:v1="http://fidus.brussels/service/accessmanagerservice/messages/v1" xmlns:v11="http://fidus.brussels/type/common/messages/v1" xmlns:v31="http://socialsecurity.be/umanentityrepresentative/types/v3" >
   <soapenv:Header/>
   <soapenv:Body>
      <v1:getEntityRepresentativesRequest>
         <v1:messageContext>
         	  <v11:messageId>${=import static java.util.UUID.randomUUID; uuid = randomUUID() as String}</v11:messageId>
            <v11:timestamp>${=new java.text.SimpleDateFormat("yyyy-MM-dd'T'HH:mm:ss.SSS").format(new Date())}</v11:timestamp>
         </v1:messageContext>
         <v1:legalContext>ServiceIntegrator</v1:legalContext>
         <v1:request>
            <v1:Domain>QUAL_FED_HEALTHCARE</v1:Domain>
            <v1:OrganisationId>
               <v31:Identifier>1990000431</v31:Identifier>
               <v31:IdentifierType>BEEHP</v31:IdentifierType>
            </v1:OrganisationId>
            <v1:Language>nl</v1:Language>
         </v1:request>
      </v1:getEntityRepresentativesRequest>
   </soapenv:Body>
</soapenv:Envelope>]]></con:request><con:credentials><con:selectedAuthProfile>Basic</con:selectedAuthProfile><con:addedBasicAuthenticationTypes>Basic</con:addedBasicAuthenticationTypes><con:authType>Global HTTP Settings</con:authType></con:credentials><con:jmsConfig JMSDeliveryMode="PERSISTENT"/><con:jmsPropertyConfig/><con:wsaConfig mustUnderstand="NONE" version="200508" action="http://fidus.brussels/services/accessmanagerservice/getEntityRepresentatives"/><con:wsrmConfig version="1.2"/></con:call><con:call id="624f8721-6abf-468f-8039-69827497d79a" name="3 - Test - Worker1New - Request" outgoingWss="Outflow TEST" incomingWss="Inflow TEST"><con:settings><con:setting id="com.eviware.soapui.impl.wsdl.WsdlRequest@request-headers">&lt;xml-fragment/></con:setting></con:settings><con:encoding>UTF-8</con:encoding><con:endpoint>https://192.168.22.73:8443/services/AccessManagerService_v1.0</con:endpoint><con:request><![CDATA[<soapenv:Envelope xmlns:soapenv="http://schemas.xmlsoap.org/soap/envelope/" xmlns:v1="http://fidus.brussels/service/accessmanagerservice/messages/v1" xmlns:v11="http://fidus.brussels/type/common/messages/v1" xmlns:v31="http://socialsecurity.be/umanentityrepresentative/types/v3" >
   <soapenv:Header/>
   <soapenv:Body>
      <v1:getEntityRepresentativesRequest>
         <v1:messageContext>
         	  <v11:messageId>${=import static java.util.UUID.randomUUID; uuid = randomUUID() as String}</v11:messageId>
            <v11:timestamp>${=new java.text.SimpleDateFormat("yyyy-MM-dd'T'HH:mm:ss.SSS").format(new Date())}</v11:timestamp>
         </v1:messageContext>
         <v1:legalContext>ServiceIntegrator</v1:legalContext>
         <v1:request>
            <v1:Domain>QUAL_FED_HEALTHCARE</v1:Domain>
            <v1:OrganisationId>
               <v31:Identifier>1990000431</v31:Identifier>
               <v31:IdentifierType>BEEHP</v31:IdentifierType>
            </v1:OrganisationId>
            <v1:Language>nl</v1:Language>
         </v1:request>
      </v1:getEntityRepresentativesRequest>
   </soapenv:Body>
</soapenv:Envelope>]]></con:request><con:credentials><con:selectedAuthProfile>Basic</con:selectedAuthProfile><con:addedBasicAuthenticationTypes>Basic</con:addedBasicAuthenticationTypes><con:authType>Global HTTP Settings</con:authType></con:credentials><con:jmsConfig JMSDeliveryMode="PERSISTENT"/><con:jmsPropertyConfig/><con:wsaConfig mustUnderstand="NONE" version="200508" action="http://fidus.brussels/services/accessmanagerservice/getEntityRepresentatives"/><con:wsrmConfig version="1.2"/></con:call><con:call id="b5f06d80-b545-4020-9964-52d58383a123" name="3 - Test - Worker2New - Request" outgoingWss="Outflow TEST" incomingWss="Inflow TEST"><con:settings><con:setting id="com.eviware.soapui.impl.wsdl.WsdlRequest@request-headers">&lt;xml-fragment/></con:setting></con:settings><con:encoding>UTF-8</con:encoding><con:endpoint>https://192.168.22.93:8443/services/AccessManagerService_v1.0</con:endpoint><con:request><![CDATA[<soapenv:Envelope xmlns:soapenv="http://schemas.xmlsoap.org/soap/envelope/" xmlns:v1="http://fidus.brussels/service/accessmanagerservice/messages/v1" xmlns:v11="http://fidus.brussels/type/common/messages/v1" xmlns:v31="http://socialsecurity.be/umanentityrepresentative/types/v3" >
   <soapenv:Header/>
   <soapenv:Body>
      <v1:getEntityRepresentativesRequest>
         <v1:messageContext>
         	  <v11:messageId>${=import static java.util.UUID.randomUUID; uuid = randomUUID() as String}</v11:messageId>
            <v11:timestamp>${=new java.text.SimpleDateFormat("yyyy-MM-dd'T'HH:mm:ss.SSS").format(new Date())}</v11:timestamp>
         </v1:messageContext>
         <v1:legalContext>ServiceIntegrator</v1:legalContext>
         <v1:request>
            <v1:Domain>QUAL_FED_HEALTHCARE</v1:Domain>
            <v1:OrganisationId>
               <v31:Identifier>1990000431</v31:Identifier>
               <v31:IdentifierType>BEEHP</v31:IdentifierType>
            </v1:OrganisationId>
            <v1:Language>nl</v1:Language>
         </v1:request>
      </v1:getEntityRepresentativesRequest>
   </soapenv:Body>
</soapenv:Envelope>]]></con:request><con:credentials><con:selectedAuthProfile>Basic</con:selectedAuthProfile><con:addedBasicAuthenticationTypes>Basic</con:addedBasicAuthenticationTypes><con:authType>Global HTTP Settings</con:authType></con:credentials><con:jmsConfig JMSDeliveryMode="PERSISTENT"/><con:jmsPropertyConfig/><con:wsaConfig mustUnderstand="NONE" version="200508" action="http://fidus.brussels/services/accessmanagerservice/getEntityRepresentatives"/><con:wsrmConfig version="1.2"/></con:call><con:call id="5160a3e6-a6d5-4f03-aa4f-e21624104ca8" name="4 - Staging - Worker1New - Request" outgoingWss="Outflow STAGING" incomingWss="Inflow STAGING"><con:settings><con:setting id="com.eviware.soapui.impl.wsdl.WsdlRequest@request-headers">&lt;xml-fragment/></con:setting></con:settings><con:encoding>UTF-8</con:encoding><con:endpoint>https://192.168.23.191:8443/services/AccessManagerService_v1.0</con:endpoint><con:request><![CDATA[<soapenv:Envelope xmlns:soapenv="http://schemas.xmlsoap.org/soap/envelope/" xmlns:v1="http://fidus.brussels/service/accessmanagerservice/messages/v1" xmlns:v11="http://fidus.brussels/type/common/messages/v1" xmlns:v31="http://socialsecurity.be/umanentityrepresentative/types/v3" >
   <soapenv:Header/>
   <soapenv:Body>
      <v1:getEntityRepresentativesRequest>
         <v1:messageContext>
         	  <v11:messageId>${=import static java.util.UUID.randomUUID; uuid = randomUUID() as String}</v11:messageId>
            <v11:timestamp>${=new java.text.SimpleDateFormat("yyyy-MM-dd'T'HH:mm:ss.SSS").format(new Date())}</v11:timestamp>
         </v1:messageContext>
         <v1:legalContext>ServiceIntegrator</v1:legalContext>
         <v1:request>
            <v1:Domain>QUAL_FED_HEALTHCARE</v1:Domain>
            <v1:OrganisationId>
               <v31:Identifier>1990000431</v31:Identifier>
               <v31:IdentifierType>BEEHP</v31:IdentifierType>
            </v1:OrganisationId>
            <v1:Language>nl</v1:Language>
         </v1:request>
      </v1:getEntityRepresentativesRequest>
   </soapenv:Body>
</soapenv:Envelope>]]></con:request><con:credentials><con:selectedAuthProfile>Basic</con:selectedAuthProfile><con:addedBasicAuthenticationTypes>Basic</con:addedBasicAuthenticationTypes><con:authType>Global HTTP Settings</con:authType></con:credentials><con:jmsConfig JMSDeliveryMode="PERSISTENT"/><con:jmsPropertyConfig/><con:wsaConfig mustUnderstand="NONE" version="200508" action="http://fidus.brussels/services/accessmanagerservice/getEntityRepresentatives"/><con:wsrmConfig version="1.2"/></con:call><con:call id="df52665c-df45-4001-8eb5-c0dd3489c08b" name="4 - Staging - Worker2New - Request" outgoingWss="Outflow STAGING" incomingWss="Inflow STAGING"><con:settings><con:setting id="com.eviware.soapui.impl.wsdl.WsdlRequest@request-headers">&lt;xml-fragment/></con:setting></con:settings><con:encoding>UTF-8</con:encoding><con:endpoint>https://192.168.23.198:8443/services/AccessManagerService_v1.0</con:endpoint><con:request><![CDATA[<soapenv:Envelope xmlns:soapenv="http://schemas.xmlsoap.org/soap/envelope/" xmlns:v1="http://fidus.brussels/service/accessmanagerservice/messages/v1" xmlns:v11="http://fidus.brussels/type/common/messages/v1" xmlns:v31="http://socialsecurity.be/umanentityrepresentative/types/v3" >
   <soapenv:Header/>
   <soapenv:Body>
      <v1:getEntityRepresentativesRequest>
         <v1:messageContext>
         	  <v11:messageId>${=import static java.util.UUID.randomUUID; uuid = randomUUID() as String}</v11:messageId>
            <v11:timestamp>${=new java.text.SimpleDateFormat("yyyy-MM-dd'T'HH:mm:ss.SSS").format(new Date())}</v11:timestamp>
         </v1:messageContext>
         <v1:legalContext>ServiceIntegrator</v1:legalContext>
         <v1:request>
            <v1:Domain>QUAL_FED_HEALTHCARE</v1:Domain>
            <v1:OrganisationId>
               <v31:Identifier>1990000431</v31:Identifier>
               <v31:IdentifierType>BEEHP</v31:IdentifierType>
            </v1:OrganisationId>
            <v1:Language>nl</v1:Language>
         </v1:request>
      </v1:getEntityRepresentativesRequest>
   </soapenv:Body>
</soapenv:Envelope>]]></con:request><con:credentials><con:selectedAuthProfile>Basic</con:selectedAuthProfile><con:addedBasicAuthenticationTypes>Basic</con:addedBasicAuthenticationTypes><con:authType>Global HTTP Settings</con:authType></con:credentials><con:jmsConfig JMSDeliveryMode="PERSISTENT"/><con:jmsPropertyConfig/><con:wsaConfig mustUnderstand="NONE" version="200508" action="http://fidus.brussels/services/accessmanagerservice/getEntityRepresentatives"/><con:wsrmConfig version="1.2"/></con:call></con:operation><con:operation id="1ada035c-f750-459e-a201-428e5fb2b469" isOneWay="false" action="http://fidus.brussels/services/accessmanagerservice/getOrganisationChildNodes" name="getOrganisationChildNodes" bindingOperationName="getOrganisationChildNodes" type="Request-Response" inputName="" receivesAttachments="false" sendsAttachments="false" anonymous="optional"><con:settings/><con:call id="0bde390e-f55b-4b7f-aedb-4f7b85f196c9" name="1 - Local - Request - OK" outgoingWss="Outflow DEV" incomingWss="Inflow DEV"><con:settings><con:setting id="com.eviware.soapui.impl.wsdl.WsdlRequest@request-headers">&lt;xml-fragment/></con:setting></con:settings><con:encoding>UTF-8</con:encoding><con:endpoint>https://localhost:8243/services/AccessManagerService_v1.0</con:endpoint><con:request><![CDATA[<soapenv:Envelope xmlns:soapenv="http://schemas.xmlsoap.org/soap/envelope/" xmlns:v1="http://fidus.brussels/service/accessmanagerservice/messages/v1" xmlns:v11="http://fidus.brussels/type/common/messages/v1" xmlns:v31="http://socialsecurity.be/umanentityrepresentative/types/v3">
   <soapenv:Header/>
   <soapenv:Body>
      <v1:getOrganisationChildNodesRequest>
         <v1:messageContext>
         	  <v11:messageId>${=import static java.util.UUID.randomUUID; uuid = randomUUID() as String}</v11:messageId>
            <v11:timestamp>${=new java.text.SimpleDateFormat("yyyy-MM-dd'T'HH:mm:ss.SSS").format(new Date())}</v11:timestamp>
         </v1:messageContext>
         <v1:legalContext>ServiceIntegrator</v1:legalContext>
         <v1:request>
            <v1:Domain>QUAL_FED_HEALTHCARE</v1:Domain>
            <v1:OrganisationId>
               <v31:Identifier>1990000431</v31:Identifier>
               <v31:IdentifierType>BEEHP</v31:IdentifierType>
            </v1:OrganisationId>
            <v1:Language>nl</v1:Language>
         </v1:request>
      </v1:getOrganisationChildNodesRequest>
   </soapenv:Body>
</soapenv:Envelope>]]></con:request><con:credentials><con:selectedAuthProfile>Basic</con:selectedAuthProfile><con:addedBasicAuthenticationTypes>Basic</con:addedBasicAuthenticationTypes><con:authType>Global HTTP Settings</con:authType></con:credentials><con:jmsConfig JMSDeliveryMode="PERSISTENT"/><con:jmsPropertyConfig/><con:wsaConfig mustUnderstand="NONE" version="200508" action="http://fidus.brussels/services/accessmanagerservice/getOrganisationChildNodes"/><con:wsrmConfig version="1.2"/></con:call><con:call id="eba2e52f-9b3e-43c5-b703-ebcc56afdb97" name="2 - Dev - Request - OK" incomingWss="Inflow DEV" outgoingWss="Outflow DEV"><con:settings><con:setting id="com.eviware.soapui.impl.wsdl.WsdlRequest@request-headers">&lt;xml-fragment/></con:setting></con:settings><con:encoding>UTF-8</con:encoding><con:endpoint>https://192.168.36.61:8243/services/AccessManagerService_v1.0</con:endpoint><con:request><![CDATA[<soapenv:Envelope xmlns:soapenv="http://schemas.xmlsoap.org/soap/envelope/" xmlns:v1="http://fidus.brussels/service/accessmanagerservice/messages/v1" xmlns:v11="http://fidus.brussels/type/common/messages/v1" xmlns:v31="http://socialsecurity.be/umanentityrepresentative/types/v3">
   <soapenv:Header/>
   <soapenv:Body>
      <v1:getOrganisationChildNodesRequest>
         <v1:messageContext>
         	  <v11:messageId>${=import static java.util.UUID.randomUUID; uuid = randomUUID() as String}</v11:messageId>
            <v11:timestamp>${=new java.text.SimpleDateFormat("yyyy-MM-dd'T'HH:mm:ss.SSS").format(new Date())}</v11:timestamp>
         </v1:messageContext>
         <v1:legalContext>ServiceIntegrator</v1:legalContext>
         <v1:request>
            <v1:Domain>QUAL_FED_HEALTHCARE</v1:Domain>
            <v1:OrganisationId>
               <v31:Identifier>1990000431</v31:Identifier>
               <v31:IdentifierType>BEEHP</v31:IdentifierType>
            </v1:OrganisationId>
            <v1:Language>nl</v1:Language>
         </v1:request>
      </v1:getOrganisationChildNodesRequest>
   </soapenv:Body>
</soapenv:Envelope>]]></con:request><con:credentials><con:selectedAuthProfile>Basic</con:selectedAuthProfile><con:addedBasicAuthenticationTypes>Basic</con:addedBasicAuthenticationTypes><con:authType>Global HTTP Settings</con:authType></con:credentials><con:jmsConfig JMSDeliveryMode="PERSISTENT"/><con:jmsPropertyConfig/><con:wsaConfig mustUnderstand="NONE" version="200508" action="http://fidus.brussels/services/accessmanagerservice/getOrganisationChildNodes"/><con:wsrmConfig version="1.2"/></con:call><con:call id="d7988042-f538-4a25-b99b-e9c5ecfab90c" name="3 - Test - LB - Request" outgoingWss="Outflow TEST" incomingWss="Inflow TEST"><con:settings><con:setting id="com.eviware.soapui.impl.wsdl.WsdlRequest@request-headers">&lt;xml-fragment/></con:setting></con:settings><con:encoding>UTF-8</con:encoding><con:endpoint>https://esb-security-gw.sta.srv.cirb.lan:8443/services/AccessManagerService_v1.0</con:endpoint><con:request><![CDATA[<soapenv:Envelope xmlns:soapenv="http://schemas.xmlsoap.org/soap/envelope/" xmlns:v1="http://fidus.brussels/service/accessmanagerservice/messages/v1" xmlns:v11="http://fidus.brussels/type/common/messages/v1" xmlns:v31="http://socialsecurity.be/umanentityrepresentative/types/v3">
   <soapenv:Header/>
   <soapenv:Body>
      <v1:getOrganisationChildNodesRequest>
         <v1:messageContext>
         	  <v11:messageId>${=import static java.util.UUID.randomUUID; uuid = randomUUID() as String}</v11:messageId>
            <v11:timestamp>${=new java.text.SimpleDateFormat("yyyy-MM-dd'T'HH:mm:ss.SSS").format(new Date())}</v11:timestamp>
         </v1:messageContext>
         <v1:legalContext>ServiceIntegrator</v1:legalContext>
         <v1:request>
            <v1:Domain>QUAL_FED_HEALTHCARE</v1:Domain>
            <v1:OrganisationId>
               <v31:Identifier>1990000431</v31:Identifier>
               <v31:IdentifierType>BEEHP</v31:IdentifierType>
            </v1:OrganisationId>
            <v1:Language>nl</v1:Language>
         </v1:request>
      </v1:getOrganisationChildNodesRequest>
   </soapenv:Body>
</soapenv:Envelope>]]></con:request><con:credentials><con:selectedAuthProfile>Basic</con:selectedAuthProfile><con:addedBasicAuthenticationTypes>Basic</con:addedBasicAuthenticationTypes><con:authType>Global HTTP Settings</con:authType></con:credentials><con:jmsConfig JMSDeliveryMode="PERSISTENT"/><con:jmsPropertyConfig/><con:wsaConfig mustUnderstand="NONE" version="200508" action="http://fidus.brussels/services/accessmanagerservice/getOrganisationChildNodes"/><con:wsrmConfig version="1.2"/></con:call><con:call id="361adb88-ddeb-431b-804d-9d0b67ea18ba" name="4 - Staging - LB - Request" incomingWss="Inflow STAGING" outgoingWss="Outflow STAGING"><con:settings><con:setting id="com.eviware.soapui.impl.wsdl.WsdlRequest@request-headers">&lt;xml-fragment/></con:setting></con:settings><con:encoding>UTF-8</con:encoding><con:endpoint>https://fidus-esb-sg.sta.srv.cirb.lan:8443/services/AccessManagerService_v1.0</con:endpoint><con:request><![CDATA[<soapenv:Envelope xmlns:soapenv="http://schemas.xmlsoap.org/soap/envelope/" xmlns:v1="http://fidus.brussels/service/accessmanagerservice/messages/v1" xmlns:v11="http://fidus.brussels/type/common/messages/v1" xmlns:v31="http://socialsecurity.be/umanentityrepresentative/types/v3">
   <soapenv:Header/>
   <soapenv:Body>
      <v1:getOrganisationChildNodesRequest>
         <v1:messageContext>
         	  <v11:messageId>${=import static java.util.UUID.randomUUID; uuid = randomUUID() as String}</v11:messageId>
            <v11:timestamp>${=new java.text.SimpleDateFormat("yyyy-MM-dd'T'HH:mm:ss.SSS").format(new Date())}</v11:timestamp>
         </v1:messageContext>
         <v1:legalContext>ServiceIntegrator</v1:legalContext>
         <v1:request>
            <v1:Domain>QUAL_FED_HEALTHCARE</v1:Domain>
            <v1:OrganisationId>
               <v31:Identifier>1990000431</v31:Identifier>
               <v31:IdentifierType>BEEHP</v31:IdentifierType>
            </v1:OrganisationId>
            <v1:Language>nl</v1:Language>
         </v1:request>
      </v1:getOrganisationChildNodesRequest>
   </soapenv:Body>
</soapenv:Envelope>]]></con:request><con:credentials><con:selectedAuthProfile>Basic</con:selectedAuthProfile><con:addedBasicAuthenticationTypes>Basic</con:addedBasicAuthenticationTypes><con:authType>Global HTTP Settings</con:authType></con:credentials><con:jmsConfig JMSDeliveryMode="PERSISTENT"/><con:jmsPropertyConfig/><con:wsaConfig mustUnderstand="NONE" version="200508" action="http://fidus.brussels/services/accessmanagerservice/getOrganisationChildNodes"/><con:wsrmConfig version="1.2"/></con:call><con:call id="3653606e-ac74-4d28-9f57-25a537e0d142" name="5 - Prod - External - Request" incomingWss="Inflow PROD" outgoingWss="Outflow PROD"><con:settings><con:setting id="com.eviware.soapui.impl.wsdl.WsdlRequest@request-headers">&lt;xml-fragment/></con:setting></con:settings><con:encoding>UTF-8</con:encoding><con:endpoint>https://fidus.sec.brussels/services/AccessManagerService_v1.0</con:endpoint><con:request><![CDATA[<soapenv:Envelope xmlns:soapenv="http://schemas.xmlsoap.org/soap/envelope/" xmlns:v1="http://fidus.brussels/service/accessmanagerservice/messages/v1" xmlns:v11="http://fidus.brussels/type/common/messages/v1" xmlns:v31="http://socialsecurity.be/umanentityrepresentative/types/v3">
   <soapenv:Header/>
   <soapenv:Body>
      <v1:getOrganisationChildNodesRequest>
         <v1:messageContext>
         	  <v11:messageId>${=import static java.util.UUID.randomUUID; uuid = randomUUID() as String}</v11:messageId>
            <v11:timestamp>${=new java.text.SimpleDateFormat("yyyy-MM-dd'T'HH:mm:ss.SSS").format(new Date())}</v11:timestamp>
         </v1:messageContext>
         <v1:legalContext>ServiceIntegrator</v1:legalContext>
         <v1:request>
            <v1:Domain>QUAL_FED_HEALTHCARE</v1:Domain>
            <v1:OrganisationId>
               <v31:Identifier>1990000431</v31:Identifier>
               <v31:IdentifierType>BEEHP</v31:IdentifierType>
            </v1:OrganisationId>
            <v1:Language>nl</v1:Language>
         </v1:request>
      </v1:getOrganisationChildNodesRequest>
   </soapenv:Body>
</soapenv:Envelope>]]></con:request><con:credentials><con:selectedAuthProfile>Basic</con:selectedAuthProfile><con:addedBasicAuthenticationTypes>Basic</con:addedBasicAuthenticationTypes><con:authType>Global HTTP Settings</con:authType></con:credentials><con:jmsConfig JMSDeliveryMode="PERSISTENT"/><con:jmsPropertyConfig/><con:wsaConfig mustUnderstand="NONE" version="200508" action="http://fidus.brussels/services/accessmanagerservice/getOrganisationChildNodes"/><con:wsrmConfig version="1.2"/></con:call><con:call id="f805c554-4c9b-426e-bb71-e399f475bde7" name="1 - Local - Request - Not Found" incomingWss="Inflow DEV" outgoingWss="Outflow DEV"><con:settings><con:setting id="com.eviware.soapui.impl.wsdl.WsdlRequest@request-headers">&lt;xml-fragment/></con:setting></con:settings><con:encoding>UTF-8</con:encoding><con:endpoint>https://localhost:8243/services/AccessManagerService_v1.0</con:endpoint><con:request><![CDATA[<soapenv:Envelope xmlns:soapenv="http://schemas.xmlsoap.org/soap/envelope/" xmlns:v1="http://fidus.brussels/service/accessmanagerservice/messages/v1" xmlns:v11="http://fidus.brussels/type/common/messages/v1" xmlns:v31="http://socialsecurity.be/umanentityrepresentative/types/v3">
   <soapenv:Header/>
   <soapenv:Body>
      <v1:getOrganisationChildNodesRequest>
         <v1:messageContext>
         	  <v11:messageId>${=import static java.util.UUID.randomUUID; uuid = randomUUID() as String}</v11:messageId>
            <v11:timestamp>${=new java.text.SimpleDateFormat("yyyy-MM-dd'T'HH:mm:ss.SSS").format(new Date())}</v11:timestamp>
         </v1:messageContext>
         <v1:legalContext>ServiceIntegrator</v1:legalContext>
         <v1:request>
            <v1:Domain>FREELANCE</v1:Domain>
            <v1:OrganisationId>
               <v31:Identifier>1990000431</v31:Identifier>
               <v31:IdentifierType>BEEHP</v31:IdentifierType>
            </v1:OrganisationId>
            <v1:Language>nl</v1:Language>
         </v1:request>
      </v1:getOrganisationChildNodesRequest>
   </soapenv:Body>
</soapenv:Envelope>]]></con:request><con:credentials><con:selectedAuthProfile>Basic</con:selectedAuthProfile><con:addedBasicAuthenticationTypes>Basic</con:addedBasicAuthenticationTypes><con:authType>Global HTTP Settings</con:authType></con:credentials><con:jmsConfig JMSDeliveryMode="PERSISTENT"/><con:jmsPropertyConfig/><con:wsaConfig mustUnderstand="NONE" version="200508" action="http://fidus.brussels/services/accessmanagerservice/getOrganisationChildNodes"/><con:wsrmConfig version="1.2"/></con:call><con:call id="be34b6cf-a08f-432c-a635-5768c8b5e8e9" name="2 - Dev - Request - Not Found" outgoingWss="Outflow DEV" incomingWss="Inflow DEV"><con:settings><con:setting id="com.eviware.soapui.impl.wsdl.WsdlRequest@request-headers">&lt;xml-fragment/></con:setting></con:settings><con:encoding>UTF-8</con:encoding><con:endpoint>https://192.168.36.61:8243/services/AccessManagerService_v1.0</con:endpoint><con:request><![CDATA[<soapenv:Envelope xmlns:soapenv="http://schemas.xmlsoap.org/soap/envelope/" xmlns:v1="http://fidus.brussels/service/accessmanagerservice/messages/v1" xmlns:v11="http://fidus.brussels/type/common/messages/v1" xmlns:v31="http://socialsecurity.be/umanentityrepresentative/types/v3">
   <soapenv:Header/>
   <soapenv:Body>
      <v1:getOrganisationChildNodesRequest>
         <v1:messageContext>
         	  <v11:messageId>${=import static java.util.UUID.randomUUID; uuid = randomUUID() as String}</v11:messageId>
            <v11:timestamp>${=new java.text.SimpleDateFormat("yyyy-MM-dd'T'HH:mm:ss.SSS").format(new Date())}</v11:timestamp>
         </v1:messageContext>
         <v1:legalContext>ServiceIntegrator</v1:legalContext>
         <v1:request>
            <v1:Domain>FREELANCE</v1:Domain>
            <v1:OrganisationId>
               <v31:Identifier>1990000431</v31:Identifier>
               <v31:IdentifierType>BEEHP</v31:IdentifierType>
            </v1:OrganisationId>
            <v1:Language>nl</v1:Language>
         </v1:request>
      </v1:getOrganisationChildNodesRequest>
   </soapenv:Body>
</soapenv:Envelope>]]></con:request><con:credentials><con:selectedAuthProfile>Basic</con:selectedAuthProfile><con:addedBasicAuthenticationTypes>Basic</con:addedBasicAuthenticationTypes><con:authType>Global HTTP Settings</con:authType></con:credentials><con:jmsConfig JMSDeliveryMode="PERSISTENT"/><con:jmsPropertyConfig/><con:wsaConfig mustUnderstand="NONE" version="200508" action="http://fidus.brussels/services/accessmanagerservice/getOrganisationChildNodes"/><con:wsrmConfig version="1.2"/></con:call><con:call id="71a75f70-b66d-43a5-8c0f-a9b2b996efd6" name="3 - Test - Worker1 - Request" incomingWss="Inflow TEST" outgoingWss="Outflow TEST"><con:settings><con:setting id="com.eviware.soapui.impl.wsdl.WsdlRequest@request-headers">&lt;xml-fragment/></con:setting></con:settings><con:encoding>UTF-8</con:encoding><con:endpoint>https://192.168.22.53:8443/services/AccessManagerService_v1.0</con:endpoint><con:request><![CDATA[<soapenv:Envelope xmlns:soapenv="http://schemas.xmlsoap.org/soap/envelope/" xmlns:v1="http://fidus.brussels/service/accessmanagerservice/messages/v1" xmlns:v11="http://fidus.brussels/type/common/messages/v1" xmlns:v31="http://socialsecurity.be/umanentityrepresentative/types/v3">
   <soapenv:Header/>
   <soapenv:Body>
      <v1:getOrganisationChildNodesRequest>
         <v1:messageContext>
         	  <v11:messageId>${=import static java.util.UUID.randomUUID; uuid = randomUUID() as String}</v11:messageId>
            <v11:timestamp>${=new java.text.SimpleDateFormat("yyyy-MM-dd'T'HH:mm:ss.SSS").format(new Date())}</v11:timestamp>
         </v1:messageContext>
         <v1:legalContext>ServiceIntegrator</v1:legalContext>
         <v1:request>
            <v1:Domain>QUAL_FED_HEALTHCARE</v1:Domain>
            <v1:OrganisationId>
               <v31:Identifier>1990000431</v31:Identifier>
               <v31:IdentifierType>BEEHP</v31:IdentifierType>
            </v1:OrganisationId>
            <v1:Language>nl</v1:Language>
         </v1:request>
      </v1:getOrganisationChildNodesRequest>
   </soapenv:Body>
</soapenv:Envelope>]]></con:request><con:credentials><con:selectedAuthProfile>Basic</con:selectedAuthProfile><con:addedBasicAuthenticationTypes>Basic</con:addedBasicAuthenticationTypes><con:authType>Global HTTP Settings</con:authType></con:credentials><con:jmsConfig JMSDeliveryMode="PERSISTENT"/><con:jmsPropertyConfig/><con:wsaConfig mustUnderstand="NONE" version="200508" action="http://fidus.brussels/services/accessmanagerservice/getOrganisationChildNodes"/><con:wsrmConfig version="1.2"/></con:call><con:call id="481b251d-b566-4b08-aea6-d4f44e773461" name="3 - Test - Worker2 - Request" incomingWss="Inflow TEST" outgoingWss="Outflow TEST"><con:settings><con:setting id="com.eviware.soapui.impl.wsdl.WsdlRequest@request-headers">&lt;xml-fragment/></con:setting></con:settings><con:encoding>UTF-8</con:encoding><con:endpoint>https://192.168.22.54:8443/services/AccessManagerService_v1.0</con:endpoint><con:request><![CDATA[<soapenv:Envelope xmlns:soapenv="http://schemas.xmlsoap.org/soap/envelope/" xmlns:v1="http://fidus.brussels/service/accessmanagerservice/messages/v1" xmlns:v11="http://fidus.brussels/type/common/messages/v1" xmlns:v31="http://socialsecurity.be/umanentityrepresentative/types/v3">
   <soapenv:Header/>
   <soapenv:Body>
      <v1:getOrganisationChildNodesRequest>
         <v1:messageContext>
         	  <v11:messageId>${=import static java.util.UUID.randomUUID; uuid = randomUUID() as String}</v11:messageId>
            <v11:timestamp>${=new java.text.SimpleDateFormat("yyyy-MM-dd'T'HH:mm:ss.SSS").format(new Date())}</v11:timestamp>
         </v1:messageContext>
         <v1:legalContext>ServiceIntegrator</v1:legalContext>
         <v1:request>
            <v1:Domain>QUAL_FED_HEALTHCARE</v1:Domain>
            <v1:OrganisationId>
               <v31:Identifier>1990000431</v31:Identifier>
               <v31:IdentifierType>BEEHP</v31:IdentifierType>
            </v1:OrganisationId>
            <v1:Language>nl</v1:Language>
         </v1:request>
      </v1:getOrganisationChildNodesRequest>
   </soapenv:Body>
</soapenv:Envelope>]]></con:request><con:credentials><con:selectedAuthProfile>Basic</con:selectedAuthProfile><con:addedBasicAuthenticationTypes>Basic</con:addedBasicAuthenticationTypes><con:authType>Global HTTP Settings</con:authType></con:credentials><con:jmsConfig JMSDeliveryMode="PERSISTENT"/><con:jmsPropertyConfig/><con:wsaConfig mustUnderstand="NONE" version="200508" action="http://fidus.brussels/services/accessmanagerservice/getOrganisationChildNodes"/><con:wsrmConfig version="1.2"/></con:call><con:call id="0921d4fe-5316-41a3-90d9-4c1e442ef5ea" name="4 - Staging - Worker1 - Request" incomingWss="Inflow STAGING" outgoingWss="Outflow STAGING"><con:settings><con:setting id="com.eviware.soapui.impl.wsdl.WsdlRequest@request-headers">&lt;xml-fragment/></con:setting></con:settings><con:encoding>UTF-8</con:encoding><con:endpoint>https://192.168.24.16:8443/services/AccessManagerService_v1.0</con:endpoint><con:request><![CDATA[<soapenv:Envelope xmlns:soapenv="http://schemas.xmlsoap.org/soap/envelope/" xmlns:v1="http://fidus.brussels/service/accessmanagerservice/messages/v1" xmlns:v11="http://fidus.brussels/type/common/messages/v1" xmlns:v31="http://socialsecurity.be/umanentityrepresentative/types/v3">
   <soapenv:Header/>
   <soapenv:Body>
      <v1:getOrganisationChildNodesRequest>
         <v1:messageContext>
         	  <v11:messageId>${=import static java.util.UUID.randomUUID; uuid = randomUUID() as String}</v11:messageId>
            <v11:timestamp>${=new java.text.SimpleDateFormat("yyyy-MM-dd'T'HH:mm:ss.SSS").format(new Date())}</v11:timestamp>
         </v1:messageContext>
         <v1:legalContext>ServiceIntegrator</v1:legalContext>
         <v1:request>
            <v1:Domain>QUAL_FED_HEALTHCARE</v1:Domain>
            <v1:OrganisationId>
               <v31:Identifier>1990000431</v31:Identifier>
               <v31:IdentifierType>BEEHP</v31:IdentifierType>
            </v1:OrganisationId>
            <v1:Language>nl</v1:Language>
         </v1:request>
      </v1:getOrganisationChildNodesRequest>
   </soapenv:Body>
</soapenv:Envelope>]]></con:request><con:credentials><con:selectedAuthProfile>Basic</con:selectedAuthProfile><con:addedBasicAuthenticationTypes>Basic</con:addedBasicAuthenticationTypes><con:authType>Global HTTP Settings</con:authType></con:credentials><con:jmsConfig JMSDeliveryMode="PERSISTENT"/><con:jmsPropertyConfig/><con:wsaConfig mustUnderstand="NONE" version="200508" action="http://fidus.brussels/services/accessmanagerservice/getOrganisationChildNodes"/><con:wsrmConfig version="1.2"/></con:call><con:call id="6062bc62-0548-479c-8ca8-47164dad11fb" name="4 - Staging - Worker2 - Request" incomingWss="Inflow STAGING" outgoingWss="Outflow STAGING"><con:settings><con:setting id="com.eviware.soapui.impl.wsdl.WsdlRequest@request-headers">&lt;xml-fragment/></con:setting></con:settings><con:encoding>UTF-8</con:encoding><con:endpoint>https://192.168.24.17:8443/services/AccessManagerService_v1.0</con:endpoint><con:request><![CDATA[<soapenv:Envelope xmlns:soapenv="http://schemas.xmlsoap.org/soap/envelope/" xmlns:v1="http://fidus.brussels/service/accessmanagerservice/messages/v1" xmlns:v11="http://fidus.brussels/type/common/messages/v1" xmlns:v31="http://socialsecurity.be/umanentityrepresentative/types/v3">
   <soapenv:Header/>
   <soapenv:Body>
      <v1:getOrganisationChildNodesRequest>
         <v1:messageContext>
         	  <v11:messageId>${=import static java.util.UUID.randomUUID; uuid = randomUUID() as String}</v11:messageId>
            <v11:timestamp>${=new java.text.SimpleDateFormat("yyyy-MM-dd'T'HH:mm:ss.SSS").format(new Date())}</v11:timestamp>
         </v1:messageContext>
         <v1:legalContext>ServiceIntegrator</v1:legalContext>
         <v1:request>
            <v1:Domain>QUAL_FED_HEALTHCARE</v1:Domain>
            <v1:OrganisationId>
               <v31:Identifier>1990000431</v31:Identifier>
               <v31:IdentifierType>BEEHP</v31:IdentifierType>
            </v1:OrganisationId>
            <v1:Language>nl</v1:Language>
         </v1:request>
      </v1:getOrganisationChildNodesRequest>
   </soapenv:Body>
</soapenv:Envelope>]]></con:request><con:credentials><con:selectedAuthProfile>Basic</con:selectedAuthProfile><con:addedBasicAuthenticationTypes>Basic</con:addedBasicAuthenticationTypes><con:authType>Global HTTP Settings</con:authType></con:credentials><con:jmsConfig JMSDeliveryMode="PERSISTENT"/><con:jmsPropertyConfig/><con:wsaConfig mustUnderstand="NONE" version="200508" action="http://fidus.brussels/services/accessmanagerservice/getOrganisationChildNodes"/><con:wsrmConfig version="1.2"/></con:call><con:call id="4582e159-15cd-4905-a4e9-339b9c4ac4d0" name="5 - Prod - LB - Request" incomingWss="Inflow PROD" outgoingWss="Outflow PROD"><con:settings><con:setting id="com.eviware.soapui.impl.wsdl.WsdlRequest@request-headers">&lt;xml-fragment/></con:setting></con:settings><con:encoding>UTF-8</con:encoding><con:endpoint>https://fidus-esb-sg.prd.srv.cirb.lan:8443/services/AccessManagerService_v1.0</con:endpoint><con:request><![CDATA[<soapenv:Envelope xmlns:soapenv="http://schemas.xmlsoap.org/soap/envelope/" xmlns:v1="http://fidus.brussels/service/accessmanagerservice/messages/v1" xmlns:v11="http://fidus.brussels/type/common/messages/v1" xmlns:v31="http://socialsecurity.be/umanentityrepresentative/types/v3">
   <soapenv:Header/>
   <soapenv:Body>
      <v1:getOrganisationChildNodesRequest>
         <v1:messageContext>
         	  <v11:messageId>${=import static java.util.UUID.randomUUID; uuid = randomUUID() as String}</v11:messageId>
            <v11:timestamp>${=new java.text.SimpleDateFormat("yyyy-MM-dd'T'HH:mm:ss.SSS").format(new Date())}</v11:timestamp>
         </v1:messageContext>
         <v1:legalContext>ServiceIntegrator</v1:legalContext>
         <v1:request>
            <v1:Domain>QUAL_FED_HEALTHCARE</v1:Domain>
            <v1:OrganisationId>
               <v31:Identifier>1990000431</v31:Identifier>
               <v31:IdentifierType>BEEHP</v31:IdentifierType>
            </v1:OrganisationId>
            <v1:Language>nl</v1:Language>
         </v1:request>
      </v1:getOrganisationChildNodesRequest>
   </soapenv:Body>
</soapenv:Envelope>]]></con:request><con:credentials><con:selectedAuthProfile>Basic</con:selectedAuthProfile><con:addedBasicAuthenticationTypes>Basic</con:addedBasicAuthenticationTypes><con:authType>Global HTTP Settings</con:authType></con:credentials><con:jmsConfig JMSDeliveryMode="PERSISTENT"/><con:jmsPropertyConfig/><con:wsaConfig mustUnderstand="NONE" version="200508" action="http://fidus.brussels/services/accessmanagerservice/getOrganisationChildNodes"/><con:wsrmConfig version="1.2"/></con:call><con:call id="515addc6-997a-4a6a-aa8c-449cbc184e2c" name="5 - Prod - Worker1 - Request" incomingWss="Inflow PROD" outgoingWss="Outflow PROD"><con:settings><con:setting id="com.eviware.soapui.impl.wsdl.WsdlRequest@request-headers">&lt;xml-fragment/></con:setting></con:settings><con:encoding>UTF-8</con:encoding><con:endpoint>https://192.168.26.22:8443/services/AccessManagerService_v1.0</con:endpoint><con:request><![CDATA[<soapenv:Envelope xmlns:soapenv="http://schemas.xmlsoap.org/soap/envelope/" xmlns:v1="http://fidus.brussels/service/accessmanagerservice/messages/v1" xmlns:v11="http://fidus.brussels/type/common/messages/v1" xmlns:v31="http://socialsecurity.be/umanentityrepresentative/types/v3">
   <soapenv:Header/>
   <soapenv:Body>
      <v1:getOrganisationChildNodesRequest>
         <v1:messageContext>
         	  <v11:messageId>${=import static java.util.UUID.randomUUID; uuid = randomUUID() as String}</v11:messageId>
            <v11:timestamp>${=new java.text.SimpleDateFormat("yyyy-MM-dd'T'HH:mm:ss.SSS").format(new Date())}</v11:timestamp>
         </v1:messageContext>
         <v1:legalContext>ServiceIntegrator</v1:legalContext>
         <v1:request>
            <v1:Domain>QUAL_FED_HEALTHCARE</v1:Domain>
            <v1:OrganisationId>
               <v31:Identifier>1990000431</v31:Identifier>
               <v31:IdentifierType>BEEHP</v31:IdentifierType>
            </v1:OrganisationId>
            <v1:Language>nl</v1:Language>
         </v1:request>
      </v1:getOrganisationChildNodesRequest>
   </soapenv:Body>
</soapenv:Envelope>]]></con:request><con:credentials><con:selectedAuthProfile>Basic</con:selectedAuthProfile><con:addedBasicAuthenticationTypes>Basic</con:addedBasicAuthenticationTypes><con:authType>Global HTTP Settings</con:authType></con:credentials><con:jmsConfig JMSDeliveryMode="PERSISTENT"/><con:jmsPropertyConfig/><con:wsaConfig mustUnderstand="NONE" version="200508" action="http://fidus.brussels/services/accessmanagerservice/getOrganisationChildNodes"/><con:wsrmConfig version="1.2"/></con:call><con:call id="18a8a466-7266-4883-9a71-2c9e8b94b94a" name="5 - Prod - Worker2 - Request" incomingWss="Inflow PROD" outgoingWss="Outflow PROD"><con:settings><con:setting id="com.eviware.soapui.impl.wsdl.WsdlRequest@request-headers">&lt;xml-fragment/></con:setting></con:settings><con:encoding>UTF-8</con:encoding><con:endpoint>https://192.168.26.19:8443/services/AccessManagerService_v1.0</con:endpoint><con:request><![CDATA[<soapenv:Envelope xmlns:soapenv="http://schemas.xmlsoap.org/soap/envelope/" xmlns:v1="http://fidus.brussels/service/accessmanagerservice/messages/v1" xmlns:v11="http://fidus.brussels/type/common/messages/v1" xmlns:v31="http://socialsecurity.be/umanentityrepresentative/types/v3">
   <soapenv:Header/>
   <soapenv:Body>
      <v1:getOrganisationChildNodesRequest>
         <v1:messageContext>
         	  <v11:messageId>${=import static java.util.UUID.randomUUID; uuid = randomUUID() as String}</v11:messageId>
            <v11:timestamp>${=new java.text.SimpleDateFormat("yyyy-MM-dd'T'HH:mm:ss.SSS").format(new Date())}</v11:timestamp>
         </v1:messageContext>
         <v1:legalContext>ServiceIntegrator</v1:legalContext>
         <v1:request>
            <v1:Domain>QUAL_FED_HEALTHCARE</v1:Domain>
            <v1:OrganisationId>
               <v31:Identifier>1990000431</v31:Identifier>
               <v31:IdentifierType>BEEHP</v31:IdentifierType>
            </v1:OrganisationId>
            <v1:Language>nl</v1:Language>
         </v1:request>
      </v1:getOrganisationChildNodesRequest>
   </soapenv:Body>
</soapenv:Envelope>]]></con:request><con:credentials><con:selectedAuthProfile>Basic</con:selectedAuthProfile><con:addedBasicAuthenticationTypes>Basic</con:addedBasicAuthenticationTypes><con:authType>Global HTTP Settings</con:authType></con:credentials><con:jmsConfig JMSDeliveryMode="PERSISTENT"/><con:jmsPropertyConfig/><con:wsaConfig mustUnderstand="NONE" version="200508" action="http://fidus.brussels/services/accessmanagerservice/getOrganisationChildNodes"/><con:wsrmConfig version="1.2"/></con:call><con:call id="2be96f5a-0675-4575-86f6-7a94a23ba173" name="3 - Test - Worker1New - Request" outgoingWss="Outflow TEST" incomingWss="Inflow TEST"><con:settings><con:setting id="com.eviware.soapui.impl.wsdl.WsdlRequest@request-headers">&lt;xml-fragment/></con:setting></con:settings><con:encoding>UTF-8</con:encoding><con:endpoint>https://192.168.22.73:8443/services/AccessManagerService_v1.0</con:endpoint><con:request><![CDATA[<soapenv:Envelope xmlns:soapenv="http://schemas.xmlsoap.org/soap/envelope/" xmlns:v1="http://fidus.brussels/service/accessmanagerservice/messages/v1" xmlns:v11="http://fidus.brussels/type/common/messages/v1" xmlns:v31="http://socialsecurity.be/umanentityrepresentative/types/v3">
   <soapenv:Header/>
   <soapenv:Body>
      <v1:getOrganisationChildNodesRequest>
         <v1:messageContext>
         	  <v11:messageId>${=import static java.util.UUID.randomUUID; uuid = randomUUID() as String}</v11:messageId>
            <v11:timestamp>${=new java.text.SimpleDateFormat("yyyy-MM-dd'T'HH:mm:ss.SSS").format(new Date())}</v11:timestamp>
         </v1:messageContext>
         <v1:legalContext>ServiceIntegrator</v1:legalContext>
         <v1:request>
            <v1:Domain>QUAL_FED_HEALTHCARE</v1:Domain>
            <v1:OrganisationId>
               <v31:Identifier>1990000431</v31:Identifier>
               <v31:IdentifierType>BEEHP</v31:IdentifierType>
            </v1:OrganisationId>
            <v1:Language>nl</v1:Language>
         </v1:request>
      </v1:getOrganisationChildNodesRequest>
   </soapenv:Body>
</soapenv:Envelope>]]></con:request><con:credentials><con:selectedAuthProfile>Basic</con:selectedAuthProfile><con:addedBasicAuthenticationTypes>Basic</con:addedBasicAuthenticationTypes><con:authType>Global HTTP Settings</con:authType></con:credentials><con:jmsConfig JMSDeliveryMode="PERSISTENT"/><con:jmsPropertyConfig/><con:wsaConfig mustUnderstand="NONE" version="200508" action="http://fidus.brussels/services/accessmanagerservice/getOrganisationChildNodes"/><con:wsrmConfig version="1.2"/></con:call><con:call id="d8ca8bec-fbad-4caf-8049-84ee0cd6264a" name="3 - Test - Worker2New - Request" outgoingWss="Outflow TEST" incomingWss="Inflow TEST"><con:settings><con:setting id="com.eviware.soapui.impl.wsdl.WsdlRequest@request-headers">&lt;xml-fragment/></con:setting></con:settings><con:encoding>UTF-8</con:encoding><con:endpoint>https://192.168.22.93:8443/services/AccessManagerService_v1.0</con:endpoint><con:request><![CDATA[<soapenv:Envelope xmlns:soapenv="http://schemas.xmlsoap.org/soap/envelope/" xmlns:v1="http://fidus.brussels/service/accessmanagerservice/messages/v1" xmlns:v11="http://fidus.brussels/type/common/messages/v1" xmlns:v31="http://socialsecurity.be/umanentityrepresentative/types/v3">
   <soapenv:Header/>
   <soapenv:Body>
      <v1:getOrganisationChildNodesRequest>
         <v1:messageContext>
         	  <v11:messageId>${=import static java.util.UUID.randomUUID; uuid = randomUUID() as String}</v11:messageId>
            <v11:timestamp>${=new java.text.SimpleDateFormat("yyyy-MM-dd'T'HH:mm:ss.SSS").format(new Date())}</v11:timestamp>
         </v1:messageContext>
         <v1:legalContext>ServiceIntegrator</v1:legalContext>
         <v1:request>
            <v1:Domain>QUAL_FED_HEALTHCARE</v1:Domain>
            <v1:OrganisationId>
               <v31:Identifier>1990000431</v31:Identifier>
               <v31:IdentifierType>BEEHP</v31:IdentifierType>
            </v1:OrganisationId>
            <v1:Language>nl</v1:Language>
         </v1:request>
      </v1:getOrganisationChildNodesRequest>
   </soapenv:Body>
</soapenv:Envelope>]]></con:request><con:credentials><con:selectedAuthProfile>Basic</con:selectedAuthProfile><con:addedBasicAuthenticationTypes>Basic</con:addedBasicAuthenticationTypes><con:authType>Global HTTP Settings</con:authType></con:credentials><con:jmsConfig JMSDeliveryMode="PERSISTENT"/><con:jmsPropertyConfig/><con:wsaConfig mustUnderstand="NONE" version="200508" action="http://fidus.brussels/services/accessmanagerservice/getOrganisationChildNodes"/><con:wsrmConfig version="1.2"/></con:call><con:call id="e65b6270-9a46-4151-91f2-ae0911b63308" name="4 - Staging - Worker1New - Request"><con:settings><con:setting id="com.eviware.soapui.impl.wsdl.WsdlRequest@request-headers">&lt;xml-fragment/></con:setting></con:settings><con:encoding>UTF-8</con:encoding><con:endpoint>https://192.168.23.191:8443/services/AccessManagerService_v1.0</con:endpoint><con:request><![CDATA[<soapenv:Envelope xmlns:soapenv="http://schemas.xmlsoap.org/soap/envelope/" xmlns:v1="http://fidus.brussels/service/accessmanagerservice/messages/v1" xmlns:v11="http://fidus.brussels/type/common/messages/v1" xmlns:v31="http://socialsecurity.be/umanentityrepresentative/types/v3">
   <soapenv:Header/>
   <soapenv:Body>
      <v1:getOrganisationChildNodesRequest>
         <v1:messageContext>
         	  <v11:messageId>${=import static java.util.UUID.randomUUID; uuid = randomUUID() as String}</v11:messageId>
            <v11:timestamp>${=new java.text.SimpleDateFormat("yyyy-MM-dd'T'HH:mm:ss.SSS").format(new Date())}</v11:timestamp>
         </v1:messageContext>
         <v1:legalContext>ServiceIntegrator</v1:legalContext>
         <v1:request>
            <v1:Domain>QUAL_FED_HEALTHCARE</v1:Domain>
            <v1:OrganisationId>
               <v31:Identifier>1990000431</v31:Identifier>
               <v31:IdentifierType>BEEHP</v31:IdentifierType>
            </v1:OrganisationId>
            <v1:Language>nl</v1:Language>
         </v1:request>
      </v1:getOrganisationChildNodesRequest>
   </soapenv:Body>
</soapenv:Envelope>]]></con:request><con:credentials><con:selectedAuthProfile>Basic</con:selectedAuthProfile><con:addedBasicAuthenticationTypes>Basic</con:addedBasicAuthenticationTypes><con:authType>Global HTTP Settings</con:authType></con:credentials><con:jmsConfig JMSDeliveryMode="PERSISTENT"/><con:jmsPropertyConfig/><con:wsaConfig mustUnderstand="NONE" version="200508" action="http://fidus.brussels/services/accessmanagerservice/getOrganisationChildNodes"/><con:wsrmConfig version="1.2"/></con:call><con:call id="4d8e496c-2914-4d31-8939-cc2b2cc0a070" name="4 - Staging - Worker2New - Request"><con:settings><con:setting id="com.eviware.soapui.impl.wsdl.WsdlRequest@request-headers">&lt;xml-fragment/></con:setting></con:settings><con:encoding>UTF-8</con:encoding><con:endpoint>https://192.168.23.198:8443/services/AccessManagerService_v1.0</con:endpoint><con:request><![CDATA[<soapenv:Envelope xmlns:soapenv="http://schemas.xmlsoap.org/soap/envelope/" xmlns:v1="http://fidus.brussels/service/accessmanagerservice/messages/v1" xmlns:v11="http://fidus.brussels/type/common/messages/v1" xmlns:v31="http://socialsecurity.be/umanentityrepresentative/types/v3">
   <soapenv:Header/>
   <soapenv:Body>
      <v1:getOrganisationChildNodesRequest>
         <v1:messageContext>
         	  <v11:messageId>${=import static java.util.UUID.randomUUID; uuid = randomUUID() as String}</v11:messageId>
            <v11:timestamp>${=new java.text.SimpleDateFormat("yyyy-MM-dd'T'HH:mm:ss.SSS").format(new Date())}</v11:timestamp>
         </v1:messageContext>
         <v1:legalContext>ServiceIntegrator</v1:legalContext>
         <v1:request>
            <v1:Domain>QUAL_FED_HEALTHCARE</v1:Domain>
            <v1:OrganisationId>
               <v31:Identifier>1990000431</v31:Identifier>
               <v31:IdentifierType>BEEHP</v31:IdentifierType>
            </v1:OrganisationId>
            <v1:Language>nl</v1:Language>
         </v1:request>
      </v1:getOrganisationChildNodesRequest>
   </soapenv:Body>
</soapenv:Envelope>]]></con:request><con:credentials><con:selectedAuthProfile>Basic</con:selectedAuthProfile><con:addedBasicAuthenticationTypes>Basic</con:addedBasicAuthenticationTypes><con:authType>Global HTTP Settings</con:authType></con:credentials><con:jmsConfig JMSDeliveryMode="PERSISTENT"/><con:jmsPropertyConfig/><con:wsaConfig mustUnderstand="NONE" version="200508" action="http://fidus.brussels/services/accessmanagerservice/getOrganisationChildNodes"/><con:wsrmConfig version="1.2"/></con:call></con:operation><con:operation id="2299d7af-38c9-440a-987d-b2347fcfe1fe" isOneWay="false" action="http://fidus.brussels/services/accessmanagerservice/getOrganisationDenomination" name="getOrganisationDenomination" bindingOperationName="getOrganisationDenomination" type="Request-Response" inputName="" receivesAttachments="false" sendsAttachments="false" anonymous="optional"><con:settings/><con:call id="07310649-f415-4efc-964e-39193d4241ac" name="1 - Local - Request - OK" outgoingWss="Outflow DEV" incomingWss="Inflow DEV"><con:settings><con:setting id="com.eviware.soapui.impl.wsdl.WsdlRequest@request-headers">&lt;xml-fragment/></con:setting></con:settings><con:encoding>UTF-8</con:encoding><con:endpoint>https://localhost:8243/services/AccessManagerService_v1.0</con:endpoint><con:request><![CDATA[<soapenv:Envelope xmlns:soapenv="http://schemas.xmlsoap.org/soap/envelope/" xmlns:v1="http://fidus.brussels/service/accessmanagerservice/messages/v1" xmlns:v11="http://fidus.brussels/type/common/messages/v1" xmlns:v31="http://socialsecurity.be/umanentityrepresentative/types/v3">
   <soapenv:Header/>
   <soapenv:Body>
      <v1:getOrganisationDenominationRequest>
         <v1:messageContext>
         	  <v11:messageId>${=import static java.util.UUID.randomUUID; uuid = randomUUID() as String}</v11:messageId>
            <v11:timestamp>${=new java.text.SimpleDateFormat("yyyy-MM-dd'T'HH:mm:ss.SSS").format(new Date())}</v11:timestamp>
         </v1:messageContext>
         <v1:legalContext>ServiceIntegrator</v1:legalContext>
         <v1:request>
            <v1:Domain>QUAL_FED_HEALTHCARE</v1:Domain>
            <v1:OrganisationId>
               <v31:Identifier>1990000431</v31:Identifier>
               <v31:IdentifierType>BEEHP</v31:IdentifierType>
            </v1:OrganisationId>
            <v1:Language>nl</v1:Language>
         </v1:request>
      </v1:getOrganisationDenominationRequest>
   </soapenv:Body>
</soapenv:Envelope>]]></con:request><con:credentials><con:selectedAuthProfile>Basic</con:selectedAuthProfile><con:addedBasicAuthenticationTypes>Basic</con:addedBasicAuthenticationTypes><con:authType>Global HTTP Settings</con:authType></con:credentials><con:jmsConfig JMSDeliveryMode="PERSISTENT"/><con:jmsPropertyConfig/><con:wsaConfig mustUnderstand="NONE" version="200508" action="http://fidus.brussels/services/accessmanagerservice/getOrganisationDenomination"/><con:wsrmConfig version="1.2"/></con:call><con:call id="306f1b38-bf9b-4ba8-8fb6-5deee3d0420c" name="2 - Dev - Request - OK" outgoingWss="Outflow DEV" incomingWss="Inflow DEV"><con:settings><con:setting id="com.eviware.soapui.impl.wsdl.WsdlRequest@request-headers">&lt;xml-fragment/></con:setting></con:settings><con:encoding>UTF-8</con:encoding><con:endpoint>https://192.168.36.61:8243/services/AccessManagerService_v1.0</con:endpoint><con:request><![CDATA[<soapenv:Envelope xmlns:soapenv="http://schemas.xmlsoap.org/soap/envelope/" xmlns:v1="http://fidus.brussels/service/accessmanagerservice/messages/v1" xmlns:v11="http://fidus.brussels/type/common/messages/v1" xmlns:v31="http://socialsecurity.be/umanentityrepresentative/types/v3">
   <soapenv:Header/>
   <soapenv:Body>
      <v1:getOrganisationDenominationRequest>
         <v1:messageContext>
         	  <v11:messageId>${=import static java.util.UUID.randomUUID; uuid = randomUUID() as String}</v11:messageId>
            <v11:timestamp>${=new java.text.SimpleDateFormat("yyyy-MM-dd'T'HH:mm:ss.SSS").format(new Date())}</v11:timestamp>
         </v1:messageContext>
         <v1:legalContext>ServiceIntegrator</v1:legalContext>
         <v1:request>
            <v1:Domain>QUAL_FED_HEALTHCARE</v1:Domain>
            <v1:OrganisationId>
               <v31:Identifier>1990000431</v31:Identifier>
               <v31:IdentifierType>BEEHP</v31:IdentifierType>
            </v1:OrganisationId>
            <v1:Language>nl</v1:Language>
         </v1:request>
      </v1:getOrganisationDenominationRequest>
   </soapenv:Body>
</soapenv:Envelope>]]></con:request><con:credentials><con:selectedAuthProfile>Basic</con:selectedAuthProfile><con:addedBasicAuthenticationTypes>Basic</con:addedBasicAuthenticationTypes><con:authType>Global HTTP Settings</con:authType></con:credentials><con:jmsConfig JMSDeliveryMode="PERSISTENT"/><con:jmsPropertyConfig/><con:wsaConfig mustUnderstand="NONE" version="200508" action="http://fidus.brussels/services/accessmanagerservice/getOrganisationDenomination"/><con:wsrmConfig version="1.2"/></con:call><con:call id="5a5844cd-94f3-4f5d-ad4b-fd12a15ee986" name="3 - Test - LB - Request" incomingWss="Inflow TEST" outgoingWss="Outflow TEST"><con:settings><con:setting id="com.eviware.soapui.impl.wsdl.WsdlRequest@request-headers">&lt;xml-fragment/></con:setting></con:settings><con:encoding>UTF-8</con:encoding><con:endpoint>https://esb-security-gw.sta.srv.cirb.lan:8443/services/AccessManagerService_v1.0</con:endpoint><con:request><![CDATA[<soapenv:Envelope xmlns:soapenv="http://schemas.xmlsoap.org/soap/envelope/" xmlns:v1="http://fidus.brussels/service/accessmanagerservice/messages/v1" xmlns:v11="http://fidus.brussels/type/common/messages/v1" xmlns:v31="http://socialsecurity.be/umanentityrepresentative/types/v3">
   <soapenv:Header/>
   <soapenv:Body>
      <v1:getOrganisationDenominationRequest>
         <v1:messageContext>
         	  <v11:messageId>${=import static java.util.UUID.randomUUID; uuid = randomUUID() as String}</v11:messageId>
            <v11:timestamp>${=new java.text.SimpleDateFormat("yyyy-MM-dd'T'HH:mm:ss.SSS").format(new Date())}</v11:timestamp>
         </v1:messageContext>
         <v1:legalContext>ServiceIntegrator</v1:legalContext>
         <v1:request>
            <v1:Domain>QUAL_FED_HEALTHCARE</v1:Domain>
            <v1:OrganisationId>
               <v31:Identifier>1990000431</v31:Identifier>
               <v31:IdentifierType>BEEHP</v31:IdentifierType>
            </v1:OrganisationId>
            <v1:Language>nl</v1:Language>
         </v1:request>
      </v1:getOrganisationDenominationRequest>
   </soapenv:Body>
</soapenv:Envelope>]]></con:request><con:credentials><con:selectedAuthProfile>Basic</con:selectedAuthProfile><con:addedBasicAuthenticationTypes>Basic</con:addedBasicAuthenticationTypes><con:authType>Global HTTP Settings</con:authType></con:credentials><con:jmsConfig JMSDeliveryMode="PERSISTENT"/><con:jmsPropertyConfig/><con:wsaConfig mustUnderstand="NONE" version="200508" action="http://fidus.brussels/services/accessmanagerservice/getOrganisationDenomination"/><con:wsrmConfig version="1.2"/></con:call><con:call id="426eae98-574e-46c2-ba86-2db8aac9f6b9" name="4 - Staging - LB - Request" incomingWss="Inflow STAGING" outgoingWss="Outflow STAGING"><con:settings><con:setting id="com.eviware.soapui.impl.wsdl.WsdlRequest@request-headers">&lt;xml-fragment/></con:setting></con:settings><con:encoding>UTF-8</con:encoding><con:endpoint>https://fidus-esb-sg.sta.srv.cirb.lan:8443/services/AccessManagerService_v1.0</con:endpoint><con:request><![CDATA[<soapenv:Envelope xmlns:soapenv="http://schemas.xmlsoap.org/soap/envelope/" xmlns:v1="http://fidus.brussels/service/accessmanagerservice/messages/v1" xmlns:v11="http://fidus.brussels/type/common/messages/v1" xmlns:v31="http://socialsecurity.be/umanentityrepresentative/types/v3">
   <soapenv:Header/>
   <soapenv:Body>
      <v1:getOrganisationDenominationRequest>
         <v1:messageContext>
         	  <v11:messageId>${=import static java.util.UUID.randomUUID; uuid = randomUUID() as String}</v11:messageId>
            <v11:timestamp>${=new java.text.SimpleDateFormat("yyyy-MM-dd'T'HH:mm:ss.SSS").format(new Date())}</v11:timestamp>
         </v1:messageContext>
         <v1:legalContext>ServiceIntegrator</v1:legalContext>
         <v1:request>
            <v1:Domain>QUAL_FED_HEALTHCARE</v1:Domain>
            <v1:OrganisationId>
               <v31:Identifier>1990000431</v31:Identifier>
               <v31:IdentifierType>BEEHP</v31:IdentifierType>
            </v1:OrganisationId>
            <v1:Language>nl</v1:Language>
         </v1:request>
      </v1:getOrganisationDenominationRequest>
   </soapenv:Body>
</soapenv:Envelope>]]></con:request><con:credentials><con:selectedAuthProfile>Basic</con:selectedAuthProfile><con:addedBasicAuthenticationTypes>Basic</con:addedBasicAuthenticationTypes><con:authType>Global HTTP Settings</con:authType></con:credentials><con:jmsConfig JMSDeliveryMode="PERSISTENT"/><con:jmsPropertyConfig/><con:wsaConfig mustUnderstand="NONE" version="200508" action="http://fidus.brussels/services/accessmanagerservice/getOrganisationDenomination"/><con:wsrmConfig version="1.2"/></con:call><con:call id="03b77a72-3943-4e07-b958-93fb770ad897" name="5 - Prod - External - Request" incomingWss="Inflow PROD" outgoingWss="Outflow PROD"><con:settings><con:setting id="com.eviware.soapui.impl.wsdl.WsdlRequest@request-headers">&lt;xml-fragment/></con:setting></con:settings><con:encoding>UTF-8</con:encoding><con:endpoint>https://fidus-esb-sg.prd.srv.cirb.lan:8443/services/AccessManagerService_v1.0</con:endpoint><con:request><![CDATA[<soapenv:Envelope xmlns:soapenv="http://schemas.xmlsoap.org/soap/envelope/" xmlns:v1="http://fidus.brussels/service/accessmanagerservice/messages/v1" xmlns:v11="http://fidus.brussels/type/common/messages/v1" xmlns:v31="http://socialsecurity.be/umanentityrepresentative/types/v3">
   <soapenv:Header/>
   <soapenv:Body>
      <v1:getOrganisationDenominationRequest>
         <v1:messageContext>
         	  <v11:messageId>${=import static java.util.UUID.randomUUID; uuid = randomUUID() as String}</v11:messageId>
            <v11:timestamp>${=new java.text.SimpleDateFormat("yyyy-MM-dd'T'HH:mm:ss.SSS").format(new Date())}</v11:timestamp>
         </v1:messageContext>
         <v1:legalContext>ServiceIntegrator</v1:legalContext>
         <v1:request>
            <v1:Domain>QUAL_FED_HEALTHCARE</v1:Domain>
            <v1:OrganisationId>
               <v31:Identifier>1990000431</v31:Identifier>
               <v31:IdentifierType>BEEHP</v31:IdentifierType>
            </v1:OrganisationId>
            <v1:Language>nl</v1:Language>
         </v1:request>
      </v1:getOrganisationDenominationRequest>
   </soapenv:Body>
</soapenv:Envelope>]]></con:request><con:credentials><con:selectedAuthProfile>Basic</con:selectedAuthProfile><con:addedBasicAuthenticationTypes>Basic</con:addedBasicAuthenticationTypes><con:authType>Global HTTP Settings</con:authType></con:credentials><con:jmsConfig JMSDeliveryMode="PERSISTENT"/><con:jmsPropertyConfig/><con:wsaConfig mustUnderstand="NONE" version="200508" action="http://fidus.brussels/services/accessmanagerservice/getOrganisationDenomination"/><con:wsrmConfig version="1.2"/></con:call><con:call id="f9998c34-238b-4c06-8461-d9328df42a32" name="1 - Local - Request - Not Found" outgoingWss="Outflow DEV" incomingWss="Inflow DEV"><con:settings><con:setting id="com.eviware.soapui.impl.wsdl.WsdlRequest@request-headers">&lt;xml-fragment/></con:setting></con:settings><con:encoding>UTF-8</con:encoding><con:endpoint>https://localhost:8243/services/AccessManagerService_v1.0</con:endpoint><con:request><![CDATA[<soapenv:Envelope xmlns:soapenv="http://schemas.xmlsoap.org/soap/envelope/" xmlns:v1="http://fidus.brussels/service/accessmanagerservice/messages/v1" xmlns:v11="http://fidus.brussels/type/common/messages/v1" xmlns:v31="http://socialsecurity.be/umanentityrepresentative/types/v3">
   <soapenv:Header/>
   <soapenv:Body>
      <v1:getOrganisationDenominationRequest>
         <v1:messageContext>
         	  <v11:messageId>${=import static java.util.UUID.randomUUID; uuid = randomUUID() as String}</v11:messageId>
            <v11:timestamp>${=new java.text.SimpleDateFormat("yyyy-MM-dd'T'HH:mm:ss.SSS").format(new Date())}</v11:timestamp>
         </v1:messageContext>
         <v1:legalContext>ServiceIntegrator</v1:legalContext>
         <v1:request>
            <v1:Domain>EDUCATION</v1:Domain>
            <v1:OrganisationId>
               <v31:Identifier>1990000431</v31:Identifier>
               <v31:IdentifierType>BEEHP</v31:IdentifierType>
            </v1:OrganisationId>
            <v1:Language>nl</v1:Language>
         </v1:request>
      </v1:getOrganisationDenominationRequest>
   </soapenv:Body>
</soapenv:Envelope>]]></con:request><con:credentials><con:selectedAuthProfile>Basic</con:selectedAuthProfile><con:addedBasicAuthenticationTypes>Basic</con:addedBasicAuthenticationTypes><con:authType>Global HTTP Settings</con:authType></con:credentials><con:jmsConfig JMSDeliveryMode="PERSISTENT"/><con:jmsPropertyConfig/><con:wsaConfig mustUnderstand="NONE" version="200508" action="http://fidus.brussels/services/accessmanagerservice/getOrganisationDenomination"/><con:wsrmConfig version="1.2"/></con:call><con:call id="83646303-ee5f-4396-9454-027fd2bf8d1c" name="2 - Dev - Request - Not Found" incomingWss="Inflow DEV" outgoingWss="Outflow DEV"><con:settings><con:setting id="com.eviware.soapui.impl.wsdl.WsdlRequest@request-headers">&lt;xml-fragment/></con:setting></con:settings><con:encoding>UTF-8</con:encoding><con:endpoint>https://192.168.36.61:8243/services/AccessManagerService_v1.0</con:endpoint><con:request><![CDATA[<soapenv:Envelope xmlns:soapenv="http://schemas.xmlsoap.org/soap/envelope/" xmlns:v1="http://fidus.brussels/service/accessmanagerservice/messages/v1" xmlns:v11="http://fidus.brussels/type/common/messages/v1" xmlns:v31="http://socialsecurity.be/umanentityrepresentative/types/v3">
   <soapenv:Header/>
   <soapenv:Body>
      <v1:getOrganisationDenominationRequest>
         <v1:messageContext>
         	  <v11:messageId>${=import static java.util.UUID.randomUUID; uuid = randomUUID() as String}</v11:messageId>
            <v11:timestamp>${=new java.text.SimpleDateFormat("yyyy-MM-dd'T'HH:mm:ss.SSS").format(new Date())}</v11:timestamp>
         </v1:messageContext>
         <v1:legalContext>ServiceIntegrator</v1:legalContext>
         <v1:request>
            <v1:Domain>EDUCATION</v1:Domain>
            <v1:OrganisationId>
               <v31:Identifier>1990000431</v31:Identifier>
               <v31:IdentifierType>BEEHP</v31:IdentifierType>
            </v1:OrganisationId>
            <v1:Language>nl</v1:Language>
         </v1:request>
      </v1:getOrganisationDenominationRequest>
   </soapenv:Body>
</soapenv:Envelope>]]></con:request><con:credentials><con:selectedAuthProfile>Basic</con:selectedAuthProfile><con:addedBasicAuthenticationTypes>Basic</con:addedBasicAuthenticationTypes><con:authType>Global HTTP Settings</con:authType></con:credentials><con:jmsConfig JMSDeliveryMode="PERSISTENT"/><con:jmsPropertyConfig/><con:wsaConfig mustUnderstand="NONE" version="200508" action="http://fidus.brussels/services/accessmanagerservice/getOrganisationDenomination"/><con:wsrmConfig version="1.2"/></con:call><con:call id="87df3c37-784a-4f98-93c2-7f42369ac057" name="3 - Test - Worker1 - Request" incomingWss="Inflow TEST" outgoingWss="Outflow TEST"><con:settings><con:setting id="com.eviware.soapui.impl.wsdl.WsdlRequest@request-headers">&lt;xml-fragment/></con:setting></con:settings><con:encoding>UTF-8</con:encoding><con:endpoint>https://192.168.22.53:8443/services/AccessManagerService_v1.0</con:endpoint><con:request><![CDATA[<soapenv:Envelope xmlns:soapenv="http://schemas.xmlsoap.org/soap/envelope/" xmlns:v1="http://fidus.brussels/service/accessmanagerservice/messages/v1" xmlns:v11="http://fidus.brussels/type/common/messages/v1" xmlns:v31="http://socialsecurity.be/umanentityrepresentative/types/v3">
   <soapenv:Header/>
   <soapenv:Body>
      <v1:getOrganisationDenominationRequest>
         <v1:messageContext>
         	  <v11:messageId>${=import static java.util.UUID.randomUUID; uuid = randomUUID() as String}</v11:messageId>
            <v11:timestamp>${=new java.text.SimpleDateFormat("yyyy-MM-dd'T'HH:mm:ss.SSS").format(new Date())}</v11:timestamp>
         </v1:messageContext>
         <v1:legalContext>ServiceIntegrator</v1:legalContext>
         <v1:request>
            <v1:Domain>QUAL_FED_HEALTHCARE</v1:Domain>
            <v1:OrganisationId>
               <v31:Identifier>1990000431</v31:Identifier>
               <v31:IdentifierType>BEEHP</v31:IdentifierType>
            </v1:OrganisationId>
            <v1:Language>nl</v1:Language>
         </v1:request>
      </v1:getOrganisationDenominationRequest>
   </soapenv:Body>
</soapenv:Envelope>]]></con:request><con:credentials><con:selectedAuthProfile>Basic</con:selectedAuthProfile><con:addedBasicAuthenticationTypes>Basic</con:addedBasicAuthenticationTypes><con:authType>Global HTTP Settings</con:authType></con:credentials><con:jmsConfig JMSDeliveryMode="PERSISTENT"/><con:jmsPropertyConfig/><con:wsaConfig mustUnderstand="NONE" version="200508" action="http://fidus.brussels/services/accessmanagerservice/getOrganisationDenomination"/><con:wsrmConfig version="1.2"/></con:call><con:call id="eab9387f-40ed-4e7f-be8f-3dec758f787e" name="3 - Test - Worker2 - Request" outgoingWss="Outflow TEST" incomingWss="Inflow TEST"><con:settings><con:setting id="com.eviware.soapui.impl.wsdl.WsdlRequest@request-headers">&lt;xml-fragment/></con:setting></con:settings><con:encoding>UTF-8</con:encoding><con:endpoint>https://192.168.22.54:8443/services/AccessManagerService_v1.0</con:endpoint><con:request><![CDATA[<soapenv:Envelope xmlns:soapenv="http://schemas.xmlsoap.org/soap/envelope/" xmlns:v1="http://fidus.brussels/service/accessmanagerservice/messages/v1" xmlns:v11="http://fidus.brussels/type/common/messages/v1" xmlns:v31="http://socialsecurity.be/umanentityrepresentative/types/v3">
   <soapenv:Header/>
   <soapenv:Body>
      <v1:getOrganisationDenominationRequest>
         <v1:messageContext>
         	  <v11:messageId>${=import static java.util.UUID.randomUUID; uuid = randomUUID() as String}</v11:messageId>
            <v11:timestamp>${=new java.text.SimpleDateFormat("yyyy-MM-dd'T'HH:mm:ss.SSS").format(new Date())}</v11:timestamp>
         </v1:messageContext>
         <v1:legalContext>ServiceIntegrator</v1:legalContext>
         <v1:request>
            <v1:Domain>QUAL_FED_HEALTHCARE</v1:Domain>
            <v1:OrganisationId>
               <v31:Identifier>1990000431</v31:Identifier>
               <v31:IdentifierType>BEEHP</v31:IdentifierType>
            </v1:OrganisationId>
            <v1:Language>nl</v1:Language>
         </v1:request>
      </v1:getOrganisationDenominationRequest>
   </soapenv:Body>
</soapenv:Envelope>]]></con:request><con:credentials><con:selectedAuthProfile>Basic</con:selectedAuthProfile><con:addedBasicAuthenticationTypes>Basic</con:addedBasicAuthenticationTypes><con:authType>Global HTTP Settings</con:authType></con:credentials><con:jmsConfig JMSDeliveryMode="PERSISTENT"/><con:jmsPropertyConfig/><con:wsaConfig mustUnderstand="NONE" version="200508" action="http://fidus.brussels/services/accessmanagerservice/getOrganisationDenomination"/><con:wsrmConfig version="1.2"/></con:call><con:call id="5eaa34e2-a766-420f-9e1d-6ad2649c22d8" name="4 - Staging - Worker1 - Request" incomingWss="Inflow STAGING" outgoingWss="Outflow STAGING"><con:settings><con:setting id="com.eviware.soapui.impl.wsdl.WsdlRequest@request-headers">&lt;xml-fragment/></con:setting></con:settings><con:encoding>UTF-8</con:encoding><con:endpoint>https://192.168.24.16:8443/services/AccessManagerService_v1.0</con:endpoint><con:request><![CDATA[<soapenv:Envelope xmlns:soapenv="http://schemas.xmlsoap.org/soap/envelope/" xmlns:v1="http://fidus.brussels/service/accessmanagerservice/messages/v1" xmlns:v11="http://fidus.brussels/type/common/messages/v1" xmlns:v31="http://socialsecurity.be/umanentityrepresentative/types/v3">
   <soapenv:Header/>
   <soapenv:Body>
      <v1:getOrganisationDenominationRequest>
         <v1:messageContext>
         	  <v11:messageId>${=import static java.util.UUID.randomUUID; uuid = randomUUID() as String}</v11:messageId>
            <v11:timestamp>${=new java.text.SimpleDateFormat("yyyy-MM-dd'T'HH:mm:ss.SSS").format(new Date())}</v11:timestamp>
         </v1:messageContext>
         <v1:legalContext>ServiceIntegrator</v1:legalContext>
         <v1:request>
            <v1:Domain>QUAL_FED_HEALTHCARE</v1:Domain>
            <v1:OrganisationId>
               <v31:Identifier>1990000431</v31:Identifier>
               <v31:IdentifierType>BEEHP</v31:IdentifierType>
            </v1:OrganisationId>
            <v1:Language>nl</v1:Language>
         </v1:request>
      </v1:getOrganisationDenominationRequest>
   </soapenv:Body>
</soapenv:Envelope>]]></con:request><con:credentials><con:selectedAuthProfile>Basic</con:selectedAuthProfile><con:addedBasicAuthenticationTypes>Basic</con:addedBasicAuthenticationTypes><con:authType>Global HTTP Settings</con:authType></con:credentials><con:jmsConfig JMSDeliveryMode="PERSISTENT"/><con:jmsPropertyConfig/><con:wsaConfig mustUnderstand="NONE" version="200508" action="http://fidus.brussels/services/accessmanagerservice/getOrganisationDenomination"/><con:wsrmConfig version="1.2"/></con:call><con:call id="6abcf779-07e4-47d2-af30-fae7c6945fd0" name="4 - Staging - Worker2 - Request" incomingWss="Inflow STAGING" outgoingWss="Outflow STAGING"><con:settings><con:setting id="com.eviware.soapui.impl.wsdl.WsdlRequest@request-headers">&lt;xml-fragment/></con:setting></con:settings><con:encoding>UTF-8</con:encoding><con:endpoint>https://192.168.24.17:8443/services/AccessManagerService_v1.0</con:endpoint><con:request><![CDATA[<soapenv:Envelope xmlns:soapenv="http://schemas.xmlsoap.org/soap/envelope/" xmlns:v1="http://fidus.brussels/service/accessmanagerservice/messages/v1" xmlns:v11="http://fidus.brussels/type/common/messages/v1" xmlns:v31="http://socialsecurity.be/umanentityrepresentative/types/v3">
   <soapenv:Header/>
   <soapenv:Body>
      <v1:getOrganisationDenominationRequest>
         <v1:messageContext>
         	  <v11:messageId>${=import static java.util.UUID.randomUUID; uuid = randomUUID() as String}</v11:messageId>
            <v11:timestamp>${=new java.text.SimpleDateFormat("yyyy-MM-dd'T'HH:mm:ss.SSS").format(new Date())}</v11:timestamp>
         </v1:messageContext>
         <v1:legalContext>ServiceIntegrator</v1:legalContext>
         <v1:request>
            <v1:Domain>QUAL_FED_HEALTHCARE</v1:Domain>
            <v1:OrganisationId>
               <v31:Identifier>1990000431</v31:Identifier>
               <v31:IdentifierType>BEEHP</v31:IdentifierType>
            </v1:OrganisationId>
            <v1:Language>nl</v1:Language>
         </v1:request>
      </v1:getOrganisationDenominationRequest>
   </soapenv:Body>
</soapenv:Envelope>]]></con:request><con:credentials><con:selectedAuthProfile>Basic</con:selectedAuthProfile><con:addedBasicAuthenticationTypes>Basic</con:addedBasicAuthenticationTypes><con:authType>Global HTTP Settings</con:authType></con:credentials><con:jmsConfig JMSDeliveryMode="PERSISTENT"/><con:jmsPropertyConfig/><con:wsaConfig mustUnderstand="NONE" version="200508" action="http://fidus.brussels/services/accessmanagerservice/getOrganisationDenomination"/><con:wsrmConfig version="1.2"/></con:call><con:call id="bdd3acb6-01cb-4f22-8476-89f5e6f1a4a8" name="5 - Prod - LB - Request" incomingWss="Inflow PROD" outgoingWss="Outflow PROD"><con:settings><con:setting id="com.eviware.soapui.impl.wsdl.WsdlRequest@request-headers">&lt;xml-fragment/></con:setting></con:settings><con:encoding>UTF-8</con:encoding><con:endpoint>https://fidus-esb-sg.prd.srv.cirb.lan:8443/services/AccessManagerService_v1.0</con:endpoint><con:request><![CDATA[<soapenv:Envelope xmlns:soapenv="http://schemas.xmlsoap.org/soap/envelope/" xmlns:v1="http://fidus.brussels/service/accessmanagerservice/messages/v1" xmlns:v11="http://fidus.brussels/type/common/messages/v1" xmlns:v31="http://socialsecurity.be/umanentityrepresentative/types/v3">
   <soapenv:Header/>
   <soapenv:Body>
      <v1:getOrganisationDenominationRequest>
         <v1:messageContext>
         	  <v11:messageId>${=import static java.util.UUID.randomUUID; uuid = randomUUID() as String}</v11:messageId>
            <v11:timestamp>${=new java.text.SimpleDateFormat("yyyy-MM-dd'T'HH:mm:ss.SSS").format(new Date())}</v11:timestamp>
         </v1:messageContext>
         <v1:legalContext>ServiceIntegrator</v1:legalContext>
         <v1:request>
            <v1:Domain>QUAL_FED_HEALTHCARE</v1:Domain>
            <v1:OrganisationId>
               <v31:Identifier>1990000431</v31:Identifier>
               <v31:IdentifierType>BEEHP</v31:IdentifierType>
            </v1:OrganisationId>
            <v1:Language>nl</v1:Language>
         </v1:request>
      </v1:getOrganisationDenominationRequest>
   </soapenv:Body>
</soapenv:Envelope>]]></con:request><con:credentials><con:selectedAuthProfile>Basic</con:selectedAuthProfile><con:addedBasicAuthenticationTypes>Basic</con:addedBasicAuthenticationTypes><con:authType>Global HTTP Settings</con:authType></con:credentials><con:jmsConfig JMSDeliveryMode="PERSISTENT"/><con:jmsPropertyConfig/><con:wsaConfig mustUnderstand="NONE" version="200508" action="http://fidus.brussels/services/accessmanagerservice/getOrganisationDenomination"/><con:wsrmConfig version="1.2"/></con:call><con:call id="96aacf74-969e-4769-912a-465113a21574" name="5 - Prod - Worker1 - Request" incomingWss="Inflow PROD" outgoingWss="Outflow PROD"><con:settings><con:setting id="com.eviware.soapui.impl.wsdl.WsdlRequest@request-headers">&lt;xml-fragment/></con:setting></con:settings><con:encoding>UTF-8</con:encoding><con:endpoint>https://192.168.26.22:8443/services/AccessManagerService_v1.0</con:endpoint><con:request><![CDATA[<soapenv:Envelope xmlns:soapenv="http://schemas.xmlsoap.org/soap/envelope/" xmlns:v1="http://fidus.brussels/service/accessmanagerservice/messages/v1" xmlns:v11="http://fidus.brussels/type/common/messages/v1" xmlns:v31="http://socialsecurity.be/umanentityrepresentative/types/v3">
   <soapenv:Header/>
   <soapenv:Body>
      <v1:getOrganisationDenominationRequest>
         <v1:messageContext>
         	  <v11:messageId>${=import static java.util.UUID.randomUUID; uuid = randomUUID() as String}</v11:messageId>
            <v11:timestamp>${=new java.text.SimpleDateFormat("yyyy-MM-dd'T'HH:mm:ss.SSS").format(new Date())}</v11:timestamp>
         </v1:messageContext>
         <v1:legalContext>ServiceIntegrator</v1:legalContext>
         <v1:request>
            <v1:Domain>QUAL_FED_HEALTHCARE</v1:Domain>
            <v1:OrganisationId>
               <v31:Identifier>1990000431</v31:Identifier>
               <v31:IdentifierType>BEEHP</v31:IdentifierType>
            </v1:OrganisationId>
            <v1:Language>nl</v1:Language>
         </v1:request>
      </v1:getOrganisationDenominationRequest>
   </soapenv:Body>
</soapenv:Envelope>]]></con:request><con:credentials><con:selectedAuthProfile>Basic</con:selectedAuthProfile><con:addedBasicAuthenticationTypes>Basic</con:addedBasicAuthenticationTypes><con:authType>Global HTTP Settings</con:authType></con:credentials><con:jmsConfig JMSDeliveryMode="PERSISTENT"/><con:jmsPropertyConfig/><con:wsaConfig mustUnderstand="NONE" version="200508" action="http://fidus.brussels/services/accessmanagerservice/getOrganisationDenomination"/><con:wsrmConfig version="1.2"/></con:call><con:call id="4579b72a-0ac0-4c08-8f17-e9c91e6ce790" name="5 - Prod - Worker2 - Request" incomingWss="Inflow PROD" outgoingWss="Outflow PROD"><con:settings><con:setting id="com.eviware.soapui.impl.wsdl.WsdlRequest@request-headers">&lt;xml-fragment/></con:setting></con:settings><con:encoding>UTF-8</con:encoding><con:endpoint>https://192.168.26.19:8443/services/AccessManagerService_v1.0</con:endpoint><con:request><![CDATA[<soapenv:Envelope xmlns:soapenv="http://schemas.xmlsoap.org/soap/envelope/" xmlns:v1="http://fidus.brussels/service/accessmanagerservice/messages/v1" xmlns:v11="http://fidus.brussels/type/common/messages/v1" xmlns:v31="http://socialsecurity.be/umanentityrepresentative/types/v3">
   <soapenv:Header/>
   <soapenv:Body>
      <v1:getOrganisationDenominationRequest>
         <v1:messageContext>
         	  <v11:messageId>${=import static java.util.UUID.randomUUID; uuid = randomUUID() as String}</v11:messageId>
            <v11:timestamp>${=new java.text.SimpleDateFormat("yyyy-MM-dd'T'HH:mm:ss.SSS").format(new Date())}</v11:timestamp>
         </v1:messageContext>
         <v1:legalContext>ServiceIntegrator</v1:legalContext>
         <v1:request>
            <v1:Domain>QUAL_FED_HEALTHCARE</v1:Domain>
            <v1:OrganisationId>
               <v31:Identifier>1990000431</v31:Identifier>
               <v31:IdentifierType>BEEHP</v31:IdentifierType>
            </v1:OrganisationId>
            <v1:Language>nl</v1:Language>
         </v1:request>
      </v1:getOrganisationDenominationRequest>
   </soapenv:Body>
</soapenv:Envelope>]]></con:request><con:credentials><con:selectedAuthProfile>Basic</con:selectedAuthProfile><con:addedBasicAuthenticationTypes>Basic</con:addedBasicAuthenticationTypes><con:authType>Global HTTP Settings</con:authType></con:credentials><con:jmsConfig JMSDeliveryMode="PERSISTENT"/><con:jmsPropertyConfig/><con:wsaConfig mustUnderstand="NONE" version="200508" action="http://fidus.brussels/services/accessmanagerservice/getOrganisationDenomination"/><con:wsrmConfig version="1.2"/></con:call><con:call id="aaf6b797-2993-4f7e-a9d2-8205a308b424" name="3 - Test - Worker1New - Request"><con:settings><con:setting id="com.eviware.soapui.impl.wsdl.WsdlRequest@request-headers">&lt;xml-fragment/></con:setting></con:settings><con:encoding>UTF-8</con:encoding><con:endpoint>https://192.168.22.73:8443/services/AccessManagerService_v1.0</con:endpoint><con:request><![CDATA[<soapenv:Envelope xmlns:soapenv="http://schemas.xmlsoap.org/soap/envelope/" xmlns:v1="http://fidus.brussels/service/accessmanagerservice/messages/v1" xmlns:v11="http://fidus.brussels/type/common/messages/v1" xmlns:v31="http://socialsecurity.be/umanentityrepresentative/types/v3">
   <soapenv:Header/>
   <soapenv:Body>
      <v1:getOrganisationDenominationRequest>
         <v1:messageContext>
         	  <v11:messageId>${=import static java.util.UUID.randomUUID; uuid = randomUUID() as String}</v11:messageId>
            <v11:timestamp>${=new java.text.SimpleDateFormat("yyyy-MM-dd'T'HH:mm:ss.SSS").format(new Date())}</v11:timestamp>
         </v1:messageContext>
         <v1:legalContext>ServiceIntegrator</v1:legalContext>
         <v1:request>
            <v1:Domain>QUAL_FED_HEALTHCARE</v1:Domain>
            <v1:OrganisationId>
               <v31:Identifier>1990000431</v31:Identifier>
               <v31:IdentifierType>BEEHP</v31:IdentifierType>
            </v1:OrganisationId>
            <v1:Language>nl</v1:Language>
         </v1:request>
      </v1:getOrganisationDenominationRequest>
   </soapenv:Body>
</soapenv:Envelope>]]></con:request><con:credentials><con:selectedAuthProfile>Basic</con:selectedAuthProfile><con:addedBasicAuthenticationTypes>Basic</con:addedBasicAuthenticationTypes><con:authType>Global HTTP Settings</con:authType></con:credentials><con:jmsConfig JMSDeliveryMode="PERSISTENT"/><con:jmsPropertyConfig/><con:wsaConfig mustUnderstand="NONE" version="200508" action="http://fidus.brussels/services/accessmanagerservice/getOrganisationDenomination"/><con:wsrmConfig version="1.2"/></con:call><con:call id="207929f8-6392-4c07-af07-bbf96af9d8b3" name="3 - Test - Worker2New - Request" outgoingWss="Outflow TEST" incomingWss="Inflow TEST"><con:settings><con:setting id="com.eviware.soapui.impl.wsdl.WsdlRequest@request-headers">&lt;xml-fragment/></con:setting></con:settings><con:encoding>UTF-8</con:encoding><con:endpoint>https://192.168.22.93:8443/services/AccessManagerService_v1.0</con:endpoint><con:request><![CDATA[<soapenv:Envelope xmlns:soapenv="http://schemas.xmlsoap.org/soap/envelope/" xmlns:v1="http://fidus.brussels/service/accessmanagerservice/messages/v1" xmlns:v11="http://fidus.brussels/type/common/messages/v1" xmlns:v31="http://socialsecurity.be/umanentityrepresentative/types/v3">
   <soapenv:Header/>
   <soapenv:Body>
      <v1:getOrganisationDenominationRequest>
         <v1:messageContext>
         	  <v11:messageId>${=import static java.util.UUID.randomUUID; uuid = randomUUID() as String}</v11:messageId>
            <v11:timestamp>${=new java.text.SimpleDateFormat("yyyy-MM-dd'T'HH:mm:ss.SSS").format(new Date())}</v11:timestamp>
         </v1:messageContext>
         <v1:legalContext>ServiceIntegrator</v1:legalContext>
         <v1:request>
            <v1:Domain>QUAL_FED_HEALTHCARE</v1:Domain>
            <v1:OrganisationId>
               <v31:Identifier>1990000431</v31:Identifier>
               <v31:IdentifierType>BEEHP</v31:IdentifierType>
            </v1:OrganisationId>
            <v1:Language>nl</v1:Language>
         </v1:request>
      </v1:getOrganisationDenominationRequest>
   </soapenv:Body>
</soapenv:Envelope>]]></con:request><con:credentials><con:selectedAuthProfile>Basic</con:selectedAuthProfile><con:addedBasicAuthenticationTypes>Basic</con:addedBasicAuthenticationTypes><con:authType>Global HTTP Settings</con:authType></con:credentials><con:jmsConfig JMSDeliveryMode="PERSISTENT"/><con:jmsPropertyConfig/><con:wsaConfig mustUnderstand="NONE" version="200508" action="http://fidus.brussels/services/accessmanagerservice/getOrganisationDenomination"/><con:wsrmConfig version="1.2"/></con:call><con:call id="97e2748a-7e87-4a77-9b0c-b43fb2faea8d" name="4 - Staging - Worker1New - Request" outgoingWss="Outflow STAGING" incomingWss="Inflow STAGING"><con:settings><con:setting id="com.eviware.soapui.impl.wsdl.WsdlRequest@request-headers">&lt;xml-fragment/></con:setting></con:settings><con:encoding>UTF-8</con:encoding><con:endpoint>https://192.168.23.191:8443/services/AccessManagerService_v1.0</con:endpoint><con:request><![CDATA[<soapenv:Envelope xmlns:soapenv="http://schemas.xmlsoap.org/soap/envelope/" xmlns:v1="http://fidus.brussels/service/accessmanagerservice/messages/v1" xmlns:v11="http://fidus.brussels/type/common/messages/v1" xmlns:v31="http://socialsecurity.be/umanentityrepresentative/types/v3">
   <soapenv:Header/>
   <soapenv:Body>
      <v1:getOrganisationDenominationRequest>
         <v1:messageContext>
         	  <v11:messageId>${=import static java.util.UUID.randomUUID; uuid = randomUUID() as String}</v11:messageId>
            <v11:timestamp>${=new java.text.SimpleDateFormat("yyyy-MM-dd'T'HH:mm:ss.SSS").format(new Date())}</v11:timestamp>
         </v1:messageContext>
         <v1:legalContext>ServiceIntegrator</v1:legalContext>
         <v1:request>
            <v1:Domain>QUAL_FED_HEALTHCARE</v1:Domain>
            <v1:OrganisationId>
               <v31:Identifier>1990000431</v31:Identifier>
               <v31:IdentifierType>BEEHP</v31:IdentifierType>
            </v1:OrganisationId>
            <v1:Language>nl</v1:Language>
         </v1:request>
      </v1:getOrganisationDenominationRequest>
   </soapenv:Body>
</soapenv:Envelope>]]></con:request><con:credentials><con:selectedAuthProfile>Basic</con:selectedAuthProfile><con:addedBasicAuthenticationTypes>Basic</con:addedBasicAuthenticationTypes><con:authType>Global HTTP Settings</con:authType></con:credentials><con:jmsConfig JMSDeliveryMode="PERSISTENT"/><con:jmsPropertyConfig/><con:wsaConfig mustUnderstand="NONE" version="200508" action="http://fidus.brussels/services/accessmanagerservice/getOrganisationDenomination"/><con:wsrmConfig version="1.2"/></con:call><con:call id="20e216dc-08dc-4f3e-8c07-15e9984ea928" name="4 - Staging - Worker2New - Request" outgoingWss="Outflow STAGING" incomingWss="Inflow STAGING"><con:settings><con:setting id="com.eviware.soapui.impl.wsdl.WsdlRequest@request-headers">&lt;xml-fragment/></con:setting></con:settings><con:encoding>UTF-8</con:encoding><con:endpoint>https://192.168.23.198:8443/services/AccessManagerService_v1.0</con:endpoint><con:request><![CDATA[<soapenv:Envelope xmlns:soapenv="http://schemas.xmlsoap.org/soap/envelope/" xmlns:v1="http://fidus.brussels/service/accessmanagerservice/messages/v1" xmlns:v11="http://fidus.brussels/type/common/messages/v1" xmlns:v31="http://socialsecurity.be/umanentityrepresentative/types/v3">
   <soapenv:Header/>
   <soapenv:Body>
      <v1:getOrganisationDenominationRequest>
         <v1:messageContext>
         	  <v11:messageId>${=import static java.util.UUID.randomUUID; uuid = randomUUID() as String}</v11:messageId>
            <v11:timestamp>${=new java.text.SimpleDateFormat("yyyy-MM-dd'T'HH:mm:ss.SSS").format(new Date())}</v11:timestamp>
         </v1:messageContext>
         <v1:legalContext>ServiceIntegrator</v1:legalContext>
         <v1:request>
            <v1:Domain>QUAL_FED_HEALTHCARE</v1:Domain>
            <v1:OrganisationId>
               <v31:Identifier>1990000431</v31:Identifier>
               <v31:IdentifierType>BEEHP</v31:IdentifierType>
            </v1:OrganisationId>
            <v1:Language>nl</v1:Language>
         </v1:request>
      </v1:getOrganisationDenominationRequest>
   </soapenv:Body>
</soapenv:Envelope>]]></con:request><con:credentials><con:selectedAuthProfile>Basic</con:selectedAuthProfile><con:addedBasicAuthenticationTypes>Basic</con:addedBasicAuthenticationTypes><con:authType>Global HTTP Settings</con:authType></con:credentials><con:jmsConfig JMSDeliveryMode="PERSISTENT"/><con:jmsPropertyConfig/><con:wsaConfig mustUnderstand="NONE" version="200508" action="http://fidus.brussels/services/accessmanagerservice/getOrganisationDenomination"/><con:wsrmConfig version="1.2"/></con:call></con:operation><con:operation id="e1866b8c-dca5-4e06-9350-a0f094f4ecc3" isOneWay="false" action="http://fidus.brussels/services/accessmanagerservice/getOrganisationParentNodes" name="getOrganisationParentNodes" bindingOperationName="getOrganisationParentNodes" type="Request-Response" inputName="" receivesAttachments="false" sendsAttachments="false" anonymous="optional"><con:settings/><con:call id="e28ff8d5-fbd8-41a8-8f84-68148c6fcfb7" name="1 - Local - Request - OK" outgoingWss="Outflow DEV" incomingWss="Inflow DEV"><con:settings><con:setting id="com.eviware.soapui.impl.wsdl.WsdlRequest@request-headers">&lt;xml-fragment/></con:setting></con:settings><con:encoding>UTF-8</con:encoding><con:endpoint>https://localhost:8243/services/AccessManagerService_v1.0</con:endpoint><con:request><![CDATA[<soapenv:Envelope xmlns:soapenv="http://schemas.xmlsoap.org/soap/envelope/" xmlns:v1="http://fidus.brussels/service/accessmanagerservice/messages/v1" xmlns:v11="http://fidus.brussels/type/common/messages/v1" xmlns:v31="http://socialsecurity.be/umanentityrepresentative/types/v3">
   <soapenv:Header/>
   <soapenv:Body>
      <v1:getOrganisationParentNodesRequest>
         <v1:messageContext>
         	  <v11:messageId>${=import static java.util.UUID.randomUUID; uuid = randomUUID() as String}</v11:messageId>
            <v11:timestamp>${=new java.text.SimpleDateFormat("yyyy-MM-dd'T'HH:mm:ss.SSS").format(new Date())}</v11:timestamp>
         </v1:messageContext>
         <v1:legalContext>ServiceIntegrator</v1:legalContext>
         <v1:request>
            <v1:Domain>QUAL_FED_HEALTHCARE</v1:Domain>
            <v1:OrganisationId>
               <v31:Identifier>1990000431</v31:Identifier>
               <v31:IdentifierType>BEEHP</v31:IdentifierType>
            </v1:OrganisationId>
            <v1:Language>nl</v1:Language>
         </v1:request>
      </v1:getOrganisationParentNodesRequest>
   </soapenv:Body>
</soapenv:Envelope>]]></con:request><con:credentials><con:selectedAuthProfile>Basic</con:selectedAuthProfile><con:addedBasicAuthenticationTypes>Basic</con:addedBasicAuthenticationTypes><con:authType>Global HTTP Settings</con:authType></con:credentials><con:jmsConfig JMSDeliveryMode="PERSISTENT"/><con:jmsPropertyConfig/><con:wsaConfig mustUnderstand="NONE" version="200508" action="http://fidus.brussels/services/accessmanagerservice/getOrganisationParentNodes"/><con:wsrmConfig version="1.2"/></con:call><con:call id="26e7385f-7455-463b-82d5-f08309a00b91" name="2 - Dev - Request - OK" incomingWss="Inflow DEV" outgoingWss="Outflow DEV"><con:settings><con:setting id="com.eviware.soapui.impl.wsdl.WsdlRequest@request-headers">&lt;xml-fragment/></con:setting></con:settings><con:encoding>UTF-8</con:encoding><con:endpoint>https://192.168.36.61:8243/services/AccessManagerService_v1.0</con:endpoint><con:request><![CDATA[<soapenv:Envelope xmlns:soapenv="http://schemas.xmlsoap.org/soap/envelope/" xmlns:v1="http://fidus.brussels/service/accessmanagerservice/messages/v1" xmlns:v11="http://fidus.brussels/type/common/messages/v1" xmlns:v31="http://socialsecurity.be/umanentityrepresentative/types/v3">
   <soapenv:Header/>
   <soapenv:Body>
      <v1:getOrganisationParentNodesRequest>
         <v1:messageContext>
         	  <v11:messageId>${=import static java.util.UUID.randomUUID; uuid = randomUUID() as String}</v11:messageId>
            <v11:timestamp>${=new java.text.SimpleDateFormat("yyyy-MM-dd'T'HH:mm:ss.SSS").format(new Date())}</v11:timestamp>
         </v1:messageContext>
         <v1:legalContext>ServiceIntegrator</v1:legalContext>
         <v1:request>
            <v1:Domain>QUAL_FED_HEALTHCARE</v1:Domain>
            <v1:OrganisationId>
               <v31:Identifier>1990000431</v31:Identifier>
               <v31:IdentifierType>BEEHP</v31:IdentifierType>
            </v1:OrganisationId>
            <v1:Language>nl</v1:Language>
         </v1:request>
      </v1:getOrganisationParentNodesRequest>
   </soapenv:Body>
</soapenv:Envelope>]]></con:request><con:credentials><con:selectedAuthProfile>Basic</con:selectedAuthProfile><con:addedBasicAuthenticationTypes>Basic</con:addedBasicAuthenticationTypes><con:authType>Global HTTP Settings</con:authType></con:credentials><con:jmsConfig JMSDeliveryMode="PERSISTENT"/><con:jmsPropertyConfig/><con:wsaConfig mustUnderstand="NONE" version="200508" action="http://fidus.brussels/services/accessmanagerservice/getOrganisationParentNodes"/><con:wsrmConfig version="1.2"/></con:call><con:call id="5b54fcb3-632b-4f86-90bf-49e4f5c5b0cf" name="3 - Test - LB - Request" outgoingWss="Outflow TEST" incomingWss="Inflow TEST"><con:settings><con:setting id="com.eviware.soapui.impl.wsdl.WsdlRequest@request-headers">&lt;xml-fragment/></con:setting></con:settings><con:encoding>UTF-8</con:encoding><con:endpoint>https://esb-security-gw.sta.srv.cirb.lan:8443/services/AccessManagerService_v1.0</con:endpoint><con:request><![CDATA[<soapenv:Envelope xmlns:soapenv="http://schemas.xmlsoap.org/soap/envelope/" xmlns:v1="http://fidus.brussels/service/accessmanagerservice/messages/v1" xmlns:v11="http://fidus.brussels/type/common/messages/v1" xmlns:v31="http://socialsecurity.be/umanentityrepresentative/types/v3">
   <soapenv:Header/>
   <soapenv:Body>
      <v1:getOrganisationParentNodesRequest>
         <v1:messageContext>
         	  <v11:messageId>${=import static java.util.UUID.randomUUID; uuid = randomUUID() as String}</v11:messageId>
            <v11:timestamp>${=new java.text.SimpleDateFormat("yyyy-MM-dd'T'HH:mm:ss.SSS").format(new Date())}</v11:timestamp>
         </v1:messageContext>
         <v1:legalContext>ServiceIntegrator</v1:legalContext>
         <v1:request>
            <v1:Domain>QUAL_FED_HEALTHCARE</v1:Domain>
            <v1:OrganisationId>
               <v31:Identifier>1990000431</v31:Identifier>
               <v31:IdentifierType>BEEHP</v31:IdentifierType>
            </v1:OrganisationId>
            <v1:Language>nl</v1:Language>
         </v1:request>
      </v1:getOrganisationParentNodesRequest>
   </soapenv:Body>
</soapenv:Envelope>]]></con:request><con:credentials><con:selectedAuthProfile>Basic</con:selectedAuthProfile><con:addedBasicAuthenticationTypes>Basic</con:addedBasicAuthenticationTypes><con:authType>Global HTTP Settings</con:authType></con:credentials><con:jmsConfig JMSDeliveryMode="PERSISTENT"/><con:jmsPropertyConfig/><con:wsaConfig mustUnderstand="NONE" version="200508" action="http://fidus.brussels/services/accessmanagerservice/getOrganisationParentNodes"/><con:wsrmConfig version="1.2"/></con:call><con:call id="52c647c2-0da2-484a-af9f-413cfd3a3fbe" name="4 - Staging - LB - Request" incomingWss="Inflow STAGING" outgoingWss="Outflow STAGING"><con:settings><con:setting id="com.eviware.soapui.impl.wsdl.WsdlRequest@request-headers">&lt;xml-fragment/></con:setting></con:settings><con:encoding>UTF-8</con:encoding><con:endpoint>https://fidus-esb-sg.sta.srv.cirb.lan:8443/services/AccessManagerService_v1.0</con:endpoint><con:request><![CDATA[<soapenv:Envelope xmlns:soapenv="http://schemas.xmlsoap.org/soap/envelope/" xmlns:v1="http://fidus.brussels/service/accessmanagerservice/messages/v1" xmlns:v11="http://fidus.brussels/type/common/messages/v1" xmlns:v31="http://socialsecurity.be/umanentityrepresentative/types/v3">
   <soapenv:Header/>
   <soapenv:Body>
      <v1:getOrganisationParentNodesRequest>
         <v1:messageContext>
         	  <v11:messageId>${=import static java.util.UUID.randomUUID; uuid = randomUUID() as String}</v11:messageId>
            <v11:timestamp>${=new java.text.SimpleDateFormat("yyyy-MM-dd'T'HH:mm:ss.SSS").format(new Date())}</v11:timestamp>
         </v1:messageContext>
         <v1:legalContext>ServiceIntegrator</v1:legalContext>
         <v1:request>
            <v1:Domain>QUAL_FED_HEALTHCARE</v1:Domain>
            <v1:OrganisationId>
               <v31:Identifier>1990000431</v31:Identifier>
               <v31:IdentifierType>BEEHP</v31:IdentifierType>
            </v1:OrganisationId>
            <v1:Language>nl</v1:Language>
         </v1:request>
      </v1:getOrganisationParentNodesRequest>
   </soapenv:Body>
</soapenv:Envelope>]]></con:request><con:credentials><con:selectedAuthProfile>Basic</con:selectedAuthProfile><con:addedBasicAuthenticationTypes>Basic</con:addedBasicAuthenticationTypes><con:authType>Global HTTP Settings</con:authType></con:credentials><con:jmsConfig JMSDeliveryMode="PERSISTENT"/><con:jmsPropertyConfig/><con:wsaConfig mustUnderstand="NONE" version="200508" action="http://fidus.brussels/services/accessmanagerservice/getOrganisationParentNodes"/><con:wsrmConfig version="1.2"/></con:call><con:call id="8e9307a6-6c44-4809-bfb5-409c5394e29b" name="5 - Prod - External - Request" incomingWss="Inflow PROD" outgoingWss="Outflow PROD"><con:settings><con:setting id="com.eviware.soapui.impl.wsdl.WsdlRequest@request-headers">&lt;xml-fragment/></con:setting></con:settings><con:encoding>UTF-8</con:encoding><con:endpoint>https://fidus-esb-sg.prd.srv.cirb.lan:8443/services/AccessManagerService_v1.0</con:endpoint><con:request><![CDATA[<soapenv:Envelope xmlns:soapenv="http://schemas.xmlsoap.org/soap/envelope/" xmlns:v1="http://fidus.brussels/service/accessmanagerservice/messages/v1" xmlns:v11="http://fidus.brussels/type/common/messages/v1" xmlns:v31="http://socialsecurity.be/umanentityrepresentative/types/v3">
   <soapenv:Header/>
   <soapenv:Body>
      <v1:getOrganisationParentNodesRequest>
         <v1:messageContext>
         	  <v11:messageId>${=import static java.util.UUID.randomUUID; uuid = randomUUID() as String}</v11:messageId>
            <v11:timestamp>${=new java.text.SimpleDateFormat("yyyy-MM-dd'T'HH:mm:ss.SSS").format(new Date())}</v11:timestamp>
         </v1:messageContext>
         <v1:legalContext>ServiceIntegrator</v1:legalContext>
         <v1:request>
            <v1:Domain>QUAL_FED_HEALTHCARE</v1:Domain>
            <v1:OrganisationId>
               <v31:Identifier>1990000431</v31:Identifier>
               <v31:IdentifierType>BEEHP</v31:IdentifierType>
            </v1:OrganisationId>
            <v1:Language>nl</v1:Language>
         </v1:request>
      </v1:getOrganisationParentNodesRequest>
   </soapenv:Body>
</soapenv:Envelope>]]></con:request><con:credentials><con:selectedAuthProfile>Basic</con:selectedAuthProfile><con:addedBasicAuthenticationTypes>Basic</con:addedBasicAuthenticationTypes><con:authType>Global HTTP Settings</con:authType></con:credentials><con:jmsConfig JMSDeliveryMode="PERSISTENT"/><con:jmsPropertyConfig/><con:wsaConfig mustUnderstand="NONE" version="200508" action="http://fidus.brussels/services/accessmanagerservice/getOrganisationParentNodes"/><con:wsrmConfig version="1.2"/></con:call><con:call id="808892cc-8f1e-49a4-a9dd-1f1a85417b8b" name="1 - Local - Request - Not Found" incomingWss="Inflow DEV" outgoingWss="Outflow DEV"><con:settings><con:setting id="com.eviware.soapui.impl.wsdl.WsdlRequest@request-headers">&lt;xml-fragment/></con:setting></con:settings><con:encoding>UTF-8</con:encoding><con:endpoint>https://localhost:8243/services/AccessManagerService_v1.0</con:endpoint><con:request><![CDATA[<soapenv:Envelope xmlns:soapenv="http://schemas.xmlsoap.org/soap/envelope/" xmlns:v1="http://fidus.brussels/service/accessmanagerservice/messages/v1" xmlns:v11="http://fidus.brussels/type/common/messages/v1" xmlns:v31="http://socialsecurity.be/umanentityrepresentative/types/v3">
   <soapenv:Header/>
   <soapenv:Body>
      <v1:getOrganisationParentNodesRequest>
         <v1:messageContext>
         	  <v11:messageId>${=import static java.util.UUID.randomUUID; uuid = randomUUID() as String}</v11:messageId>
            <v11:timestamp>${=new java.text.SimpleDateFormat("yyyy-MM-dd'T'HH:mm:ss.SSS").format(new Date())}</v11:timestamp>
         </v1:messageContext>
         <v1:legalContext>ServiceIntegrator</v1:legalContext>
         <v1:request>
            <v1:Domain>CHEMISTRY</v1:Domain>
            <v1:OrganisationId>
               <v31:Identifier>1990000431</v31:Identifier>
               <v31:IdentifierType>BEEHP</v31:IdentifierType>
            </v1:OrganisationId>
            <v1:Language>nl</v1:Language>
         </v1:request>
      </v1:getOrganisationParentNodesRequest>
   </soapenv:Body>
</soapenv:Envelope>]]></con:request><con:credentials><con:selectedAuthProfile>Basic</con:selectedAuthProfile><con:addedBasicAuthenticationTypes>Basic</con:addedBasicAuthenticationTypes><con:authType>Global HTTP Settings</con:authType></con:credentials><con:jmsConfig JMSDeliveryMode="PERSISTENT"/><con:jmsPropertyConfig/><con:wsaConfig mustUnderstand="NONE" version="200508" action="http://fidus.brussels/services/accessmanagerservice/getOrganisationParentNodes"/><con:wsrmConfig version="1.2"/></con:call><con:call id="13c53e7f-65c6-4f13-a1a2-99b04a861c84" name="2 - Dev - Request - Not Found" incomingWss="Inflow DEV" outgoingWss="Outflow DEV"><con:settings><con:setting id="com.eviware.soapui.impl.wsdl.WsdlRequest@request-headers">&lt;xml-fragment/></con:setting></con:settings><con:encoding>UTF-8</con:encoding><con:endpoint>https://192.168.36.61:8243/services/AccessManagerService_v1.0</con:endpoint><con:request><![CDATA[<soapenv:Envelope xmlns:soapenv="http://schemas.xmlsoap.org/soap/envelope/" xmlns:v1="http://fidus.brussels/service/accessmanagerservice/messages/v1" xmlns:v11="http://fidus.brussels/type/common/messages/v1" xmlns:v31="http://socialsecurity.be/umanentityrepresentative/types/v3">
   <soapenv:Header/>
   <soapenv:Body>
      <v1:getOrganisationParentNodesRequest>
         <v1:messageContext>
         	  <v11:messageId>${=import static java.util.UUID.randomUUID; uuid = randomUUID() as String}</v11:messageId>
            <v11:timestamp>${=new java.text.SimpleDateFormat("yyyy-MM-dd'T'HH:mm:ss.SSS").format(new Date())}</v11:timestamp>
         </v1:messageContext>
         <v1:legalContext>ServiceIntegrator</v1:legalContext>
         <v1:request>
            <v1:Domain>CHEMISTRY</v1:Domain>
            <v1:OrganisationId>
               <v31:Identifier>1990000431</v31:Identifier>
               <v31:IdentifierType>BEEHP</v31:IdentifierType>
            </v1:OrganisationId>
            <v1:Language>nl</v1:Language>
         </v1:request>
      </v1:getOrganisationParentNodesRequest>
   </soapenv:Body>
</soapenv:Envelope>]]></con:request><con:credentials><con:selectedAuthProfile>Basic</con:selectedAuthProfile><con:addedBasicAuthenticationTypes>Basic</con:addedBasicAuthenticationTypes><con:authType>Global HTTP Settings</con:authType></con:credentials><con:jmsConfig JMSDeliveryMode="PERSISTENT"/><con:jmsPropertyConfig/><con:wsaConfig mustUnderstand="NONE" version="200508" action="http://fidus.brussels/services/accessmanagerservice/getOrganisationParentNodes"/><con:wsrmConfig version="1.2"/></con:call><con:call id="bbd26555-c193-423b-99af-27e31472216c" name="3 - Test - Worker1 - Request" outgoingWss="Outflow TEST" incomingWss="Inflow TEST"><con:settings><con:setting id="com.eviware.soapui.impl.wsdl.WsdlRequest@request-headers">&lt;xml-fragment/></con:setting></con:settings><con:encoding>UTF-8</con:encoding><con:endpoint>https://192.168.22.53:8443/services/AccessManagerService_v1.0</con:endpoint><con:request><![CDATA[<soapenv:Envelope xmlns:soapenv="http://schemas.xmlsoap.org/soap/envelope/" xmlns:v1="http://fidus.brussels/service/accessmanagerservice/messages/v1" xmlns:v11="http://fidus.brussels/type/common/messages/v1" xmlns:v31="http://socialsecurity.be/umanentityrepresentative/types/v3">
   <soapenv:Header/>
   <soapenv:Body>
      <v1:getOrganisationParentNodesRequest>
         <v1:messageContext>
         	  <v11:messageId>${=import static java.util.UUID.randomUUID; uuid = randomUUID() as String}</v11:messageId>
            <v11:timestamp>${=new java.text.SimpleDateFormat("yyyy-MM-dd'T'HH:mm:ss.SSS").format(new Date())}</v11:timestamp>
         </v1:messageContext>
         <v1:legalContext>ServiceIntegrator</v1:legalContext>
         <v1:request>
            <v1:Domain>QUAL_FED_HEALTHCARE</v1:Domain>
            <v1:OrganisationId>
               <v31:Identifier>1990000431</v31:Identifier>
               <v31:IdentifierType>BEEHP</v31:IdentifierType>
            </v1:OrganisationId>
            <v1:Language>nl</v1:Language>
         </v1:request>
      </v1:getOrganisationParentNodesRequest>
   </soapenv:Body>
</soapenv:Envelope>]]></con:request><con:credentials><con:selectedAuthProfile>Basic</con:selectedAuthProfile><con:addedBasicAuthenticationTypes>Basic</con:addedBasicAuthenticationTypes><con:authType>Global HTTP Settings</con:authType></con:credentials><con:jmsConfig JMSDeliveryMode="PERSISTENT"/><con:jmsPropertyConfig/><con:wsaConfig mustUnderstand="NONE" version="200508" action="http://fidus.brussels/services/accessmanagerservice/getOrganisationParentNodes"/><con:wsrmConfig version="1.2"/></con:call><con:call id="34f363e1-f424-47ab-8ba5-3c4e36cf2412" name="3 - Test - Worker2 - Request" outgoingWss="Outflow TEST" incomingWss="Inflow TEST"><con:settings><con:setting id="com.eviware.soapui.impl.wsdl.WsdlRequest@request-headers">&lt;xml-fragment/></con:setting></con:settings><con:encoding>UTF-8</con:encoding><con:endpoint>https://192.168.22.54:8443/services/AccessManagerService_v1.0</con:endpoint><con:request><![CDATA[<soapenv:Envelope xmlns:soapenv="http://schemas.xmlsoap.org/soap/envelope/" xmlns:v1="http://fidus.brussels/service/accessmanagerservice/messages/v1" xmlns:v11="http://fidus.brussels/type/common/messages/v1" xmlns:v31="http://socialsecurity.be/umanentityrepresentative/types/v3">
   <soapenv:Header/>
   <soapenv:Body>
      <v1:getOrganisationParentNodesRequest>
         <v1:messageContext>
         	  <v11:messageId>${=import static java.util.UUID.randomUUID; uuid = randomUUID() as String}</v11:messageId>
            <v11:timestamp>${=new java.text.SimpleDateFormat("yyyy-MM-dd'T'HH:mm:ss.SSS").format(new Date())}</v11:timestamp>
         </v1:messageContext>
         <v1:legalContext>ServiceIntegrator</v1:legalContext>
         <v1:request>
            <v1:Domain>QUAL_FED_HEALTHCARE</v1:Domain>
            <v1:OrganisationId>
               <v31:Identifier>1990000431</v31:Identifier>
               <v31:IdentifierType>BEEHP</v31:IdentifierType>
            </v1:OrganisationId>
            <v1:Language>nl</v1:Language>
         </v1:request>
      </v1:getOrganisationParentNodesRequest>
   </soapenv:Body>
</soapenv:Envelope>]]></con:request><con:credentials><con:selectedAuthProfile>Basic</con:selectedAuthProfile><con:addedBasicAuthenticationTypes>Basic</con:addedBasicAuthenticationTypes><con:authType>Global HTTP Settings</con:authType></con:credentials><con:jmsConfig JMSDeliveryMode="PERSISTENT"/><con:jmsPropertyConfig/><con:wsaConfig mustUnderstand="NONE" version="200508" action="http://fidus.brussels/services/accessmanagerservice/getOrganisationParentNodes"/><con:wsrmConfig version="1.2"/></con:call><con:call id="22b13242-19e0-43c0-ba42-2d64bb8c1fce" name="4 - Staging - Worker1 - Request" incomingWss="Inflow STAGING" outgoingWss="Outflow STAGING"><con:settings><con:setting id="com.eviware.soapui.impl.wsdl.WsdlRequest@request-headers">&lt;xml-fragment/></con:setting></con:settings><con:encoding>UTF-8</con:encoding><con:endpoint>https://192.168.24.16:8443/services/AccessManagerService_v1.0</con:endpoint><con:request><![CDATA[<soapenv:Envelope xmlns:soapenv="http://schemas.xmlsoap.org/soap/envelope/" xmlns:v1="http://fidus.brussels/service/accessmanagerservice/messages/v1" xmlns:v11="http://fidus.brussels/type/common/messages/v1" xmlns:v31="http://socialsecurity.be/umanentityrepresentative/types/v3">
   <soapenv:Header/>
   <soapenv:Body>
      <v1:getOrganisationParentNodesRequest>
         <v1:messageContext>
         	  <v11:messageId>${=import static java.util.UUID.randomUUID; uuid = randomUUID() as String}</v11:messageId>
            <v11:timestamp>${=new java.text.SimpleDateFormat("yyyy-MM-dd'T'HH:mm:ss.SSS").format(new Date())}</v11:timestamp>
         </v1:messageContext>
         <v1:legalContext>ServiceIntegrator</v1:legalContext>
         <v1:request>
            <v1:Domain>QUAL_FED_HEALTHCARE</v1:Domain>
            <v1:OrganisationId>
               <v31:Identifier>1990000431</v31:Identifier>
               <v31:IdentifierType>BEEHP</v31:IdentifierType>
            </v1:OrganisationId>
            <v1:Language>nl</v1:Language>
         </v1:request>
      </v1:getOrganisationParentNodesRequest>
   </soapenv:Body>
</soapenv:Envelope>]]></con:request><con:credentials><con:selectedAuthProfile>Basic</con:selectedAuthProfile><con:addedBasicAuthenticationTypes>Basic</con:addedBasicAuthenticationTypes><con:authType>Global HTTP Settings</con:authType></con:credentials><con:jmsConfig JMSDeliveryMode="PERSISTENT"/><con:jmsPropertyConfig/><con:wsaConfig mustUnderstand="NONE" version="200508" action="http://fidus.brussels/services/accessmanagerservice/getOrganisationParentNodes"/><con:wsrmConfig version="1.2"/></con:call><con:call id="ecdad1d7-a620-4f85-baea-cbd4648019fe" name="4 - Staging - Worker2 - Request" incomingWss="Inflow STAGING" outgoingWss="Outflow STAGING"><con:settings><con:setting id="com.eviware.soapui.impl.wsdl.WsdlRequest@request-headers">&lt;xml-fragment/></con:setting></con:settings><con:encoding>UTF-8</con:encoding><con:endpoint>https://192.168.24.17:8443/services/AccessManagerService_v1.0</con:endpoint><con:request><![CDATA[<soapenv:Envelope xmlns:soapenv="http://schemas.xmlsoap.org/soap/envelope/" xmlns:v1="http://fidus.brussels/service/accessmanagerservice/messages/v1" xmlns:v11="http://fidus.brussels/type/common/messages/v1" xmlns:v31="http://socialsecurity.be/umanentityrepresentative/types/v3">
   <soapenv:Header/>
   <soapenv:Body>
      <v1:getOrganisationParentNodesRequest>
         <v1:messageContext>
         	  <v11:messageId>${=import static java.util.UUID.randomUUID; uuid = randomUUID() as String}</v11:messageId>
            <v11:timestamp>${=new java.text.SimpleDateFormat("yyyy-MM-dd'T'HH:mm:ss.SSS").format(new Date())}</v11:timestamp>
         </v1:messageContext>
         <v1:legalContext>ServiceIntegrator</v1:legalContext>
         <v1:request>
            <v1:Domain>QUAL_FED_HEALTHCARE</v1:Domain>
            <v1:OrganisationId>
               <v31:Identifier>1990000431</v31:Identifier>
               <v31:IdentifierType>BEEHP</v31:IdentifierType>
            </v1:OrganisationId>
            <v1:Language>nl</v1:Language>
         </v1:request>
      </v1:getOrganisationParentNodesRequest>
   </soapenv:Body>
</soapenv:Envelope>]]></con:request><con:credentials><con:selectedAuthProfile>Basic</con:selectedAuthProfile><con:addedBasicAuthenticationTypes>Basic</con:addedBasicAuthenticationTypes><con:authType>Global HTTP Settings</con:authType></con:credentials><con:jmsConfig JMSDeliveryMode="PERSISTENT"/><con:jmsPropertyConfig/><con:wsaConfig mustUnderstand="NONE" version="200508" action="http://fidus.brussels/services/accessmanagerservice/getOrganisationParentNodes"/><con:wsrmConfig version="1.2"/></con:call><con:call id="f44ce7cc-4ab6-44f6-ba07-c67facdd5f96" name="5 - Prod - LB - Request" incomingWss="Inflow PROD" outgoingWss="Outflow PROD"><con:settings><con:setting id="com.eviware.soapui.impl.wsdl.WsdlRequest@request-headers">&lt;xml-fragment/></con:setting></con:settings><con:encoding>UTF-8</con:encoding><con:endpoint>https://fidus-esb-sg.prd.srv.cirb.lan:8443/services/AccessManagerService_v1.0</con:endpoint><con:request><![CDATA[<soapenv:Envelope xmlns:soapenv="http://schemas.xmlsoap.org/soap/envelope/" xmlns:v1="http://fidus.brussels/service/accessmanagerservice/messages/v1" xmlns:v11="http://fidus.brussels/type/common/messages/v1" xmlns:v31="http://socialsecurity.be/umanentityrepresentative/types/v3">
   <soapenv:Header/>
   <soapenv:Body>
      <v1:getOrganisationParentNodesRequest>
         <v1:messageContext>
         	  <v11:messageId>${=import static java.util.UUID.randomUUID; uuid = randomUUID() as String}</v11:messageId>
            <v11:timestamp>${=new java.text.SimpleDateFormat("yyyy-MM-dd'T'HH:mm:ss.SSS").format(new Date())}</v11:timestamp>
         </v1:messageContext>
         <v1:legalContext>ServiceIntegrator</v1:legalContext>
         <v1:request>
            <v1:Domain>QUAL_FED_HEALTHCARE</v1:Domain>
            <v1:OrganisationId>
               <v31:Identifier>1990000431</v31:Identifier>
               <v31:IdentifierType>BEEHP</v31:IdentifierType>
            </v1:OrganisationId>
            <v1:Language>nl</v1:Language>
         </v1:request>
      </v1:getOrganisationParentNodesRequest>
   </soapenv:Body>
</soapenv:Envelope>]]></con:request><con:credentials><con:selectedAuthProfile>Basic</con:selectedAuthProfile><con:addedBasicAuthenticationTypes>Basic</con:addedBasicAuthenticationTypes><con:authType>Global HTTP Settings</con:authType></con:credentials><con:jmsConfig JMSDeliveryMode="PERSISTENT"/><con:jmsPropertyConfig/><con:wsaConfig mustUnderstand="NONE" version="200508" action="http://fidus.brussels/services/accessmanagerservice/getOrganisationParentNodes"/><con:wsrmConfig version="1.2"/></con:call><con:call id="45e75470-6021-4ee3-b243-87bc1de6f55c" name="5 - Prod - Worker1 - Request" incomingWss="Inflow PROD" outgoingWss="Outflow PROD"><con:settings><con:setting id="com.eviware.soapui.impl.wsdl.WsdlRequest@request-headers">&lt;xml-fragment/></con:setting></con:settings><con:encoding>UTF-8</con:encoding><con:endpoint>https://192.168.26.22:8443/services/AccessManagerService_v1.0</con:endpoint><con:request><![CDATA[<soapenv:Envelope xmlns:soapenv="http://schemas.xmlsoap.org/soap/envelope/" xmlns:v1="http://fidus.brussels/service/accessmanagerservice/messages/v1" xmlns:v11="http://fidus.brussels/type/common/messages/v1" xmlns:v31="http://socialsecurity.be/umanentityrepresentative/types/v3">
   <soapenv:Header/>
   <soapenv:Body>
      <v1:getOrganisationParentNodesRequest>
         <v1:messageContext>
         	  <v11:messageId>${=import static java.util.UUID.randomUUID; uuid = randomUUID() as String}</v11:messageId>
            <v11:timestamp>${=new java.text.SimpleDateFormat("yyyy-MM-dd'T'HH:mm:ss.SSS").format(new Date())}</v11:timestamp>
         </v1:messageContext>
         <v1:legalContext>ServiceIntegrator</v1:legalContext>
         <v1:request>
            <v1:Domain>QUAL_FED_HEALTHCARE</v1:Domain>
            <v1:OrganisationId>
               <v31:Identifier>1990000431</v31:Identifier>
               <v31:IdentifierType>BEEHP</v31:IdentifierType>
            </v1:OrganisationId>
            <v1:Language>nl</v1:Language>
         </v1:request>
      </v1:getOrganisationParentNodesRequest>
   </soapenv:Body>
</soapenv:Envelope>]]></con:request><con:credentials><con:selectedAuthProfile>Basic</con:selectedAuthProfile><con:addedBasicAuthenticationTypes>Basic</con:addedBasicAuthenticationTypes><con:authType>Global HTTP Settings</con:authType></con:credentials><con:jmsConfig JMSDeliveryMode="PERSISTENT"/><con:jmsPropertyConfig/><con:wsaConfig mustUnderstand="NONE" version="200508" action="http://fidus.brussels/services/accessmanagerservice/getOrganisationParentNodes"/><con:wsrmConfig version="1.2"/></con:call><con:call id="e72117d7-a6e2-4550-85b9-95ccbd5de9e0" name="5 - Prod - Worker2 - Request" incomingWss="Inflow PROD" outgoingWss="Outflow PROD"><con:settings><con:setting id="com.eviware.soapui.impl.wsdl.WsdlRequest@request-headers">&lt;xml-fragment/></con:setting></con:settings><con:encoding>UTF-8</con:encoding><con:endpoint>https://192.168.26.19:8443/services/AccessManagerService_v1.0</con:endpoint><con:request><![CDATA[<soapenv:Envelope xmlns:soapenv="http://schemas.xmlsoap.org/soap/envelope/" xmlns:v1="http://fidus.brussels/service/accessmanagerservice/messages/v1" xmlns:v11="http://fidus.brussels/type/common/messages/v1" xmlns:v31="http://socialsecurity.be/umanentityrepresentative/types/v3">
   <soapenv:Header/>
   <soapenv:Body>
      <v1:getOrganisationParentNodesRequest>
         <v1:messageContext>
         	  <v11:messageId>${=import static java.util.UUID.randomUUID; uuid = randomUUID() as String}</v11:messageId>
            <v11:timestamp>${=new java.text.SimpleDateFormat("yyyy-MM-dd'T'HH:mm:ss.SSS").format(new Date())}</v11:timestamp>
         </v1:messageContext>
         <v1:legalContext>ServiceIntegrator</v1:legalContext>
         <v1:request>
            <v1:Domain>QUAL_FED_HEALTHCARE</v1:Domain>
            <v1:OrganisationId>
               <v31:Identifier>1990000431</v31:Identifier>
               <v31:IdentifierType>BEEHP</v31:IdentifierType>
            </v1:OrganisationId>
            <v1:Language>nl</v1:Language>
         </v1:request>
      </v1:getOrganisationParentNodesRequest>
   </soapenv:Body>
</soapenv:Envelope>]]></con:request><con:credentials><con:selectedAuthProfile>Basic</con:selectedAuthProfile><con:addedBasicAuthenticationTypes>Basic</con:addedBasicAuthenticationTypes><con:authType>Global HTTP Settings</con:authType></con:credentials><con:jmsConfig JMSDeliveryMode="PERSISTENT"/><con:jmsPropertyConfig/><con:wsaConfig mustUnderstand="NONE" version="200508" action="http://fidus.brussels/services/accessmanagerservice/getOrganisationParentNodes"/><con:wsrmConfig version="1.2"/></con:call><con:call id="5c476206-cd68-42bf-9e5b-1e24cb62ec49" name="3 - Test - Worker1New - Request" outgoingWss="Outflow TEST" incomingWss="Inflow TEST"><con:settings><con:setting id="com.eviware.soapui.impl.wsdl.WsdlRequest@request-headers">&lt;xml-fragment/></con:setting></con:settings><con:encoding>UTF-8</con:encoding><con:endpoint>https://192.168.22.73:8443/services/AccessManagerService_v1.0</con:endpoint><con:request><![CDATA[<soapenv:Envelope xmlns:soapenv="http://schemas.xmlsoap.org/soap/envelope/" xmlns:v1="http://fidus.brussels/service/accessmanagerservice/messages/v1" xmlns:v11="http://fidus.brussels/type/common/messages/v1" xmlns:v31="http://socialsecurity.be/umanentityrepresentative/types/v3">
   <soapenv:Header/>
   <soapenv:Body>
      <v1:getOrganisationParentNodesRequest>
         <v1:messageContext>
         	  <v11:messageId>${=import static java.util.UUID.randomUUID; uuid = randomUUID() as String}</v11:messageId>
            <v11:timestamp>${=new java.text.SimpleDateFormat("yyyy-MM-dd'T'HH:mm:ss.SSS").format(new Date())}</v11:timestamp>
         </v1:messageContext>
         <v1:legalContext>ServiceIntegrator</v1:legalContext>
         <v1:request>
            <v1:Domain>QUAL_FED_HEALTHCARE</v1:Domain>
            <v1:OrganisationId>
               <v31:Identifier>1990000431</v31:Identifier>
               <v31:IdentifierType>BEEHP</v31:IdentifierType>
            </v1:OrganisationId>
            <v1:Language>nl</v1:Language>
         </v1:request>
      </v1:getOrganisationParentNodesRequest>
   </soapenv:Body>
</soapenv:Envelope>]]></con:request><con:credentials><con:selectedAuthProfile>Basic</con:selectedAuthProfile><con:addedBasicAuthenticationTypes>Basic</con:addedBasicAuthenticationTypes><con:authType>Global HTTP Settings</con:authType></con:credentials><con:jmsConfig JMSDeliveryMode="PERSISTENT"/><con:jmsPropertyConfig/><con:wsaConfig mustUnderstand="NONE" version="200508" action="http://fidus.brussels/services/accessmanagerservice/getOrganisationParentNodes"/><con:wsrmConfig version="1.2"/></con:call><con:call id="18ae9fdc-2b0f-4b2e-ad47-986f1fb373ea" name="3 - Test - Worker2New - Request" outgoingWss="Outflow TEST" incomingWss="Inflow TEST"><con:settings><con:setting id="com.eviware.soapui.impl.wsdl.WsdlRequest@request-headers">&lt;xml-fragment/></con:setting></con:settings><con:encoding>UTF-8</con:encoding><con:endpoint>https://192.168.22.93:8443/services/AccessManagerService_v1.0</con:endpoint><con:request><![CDATA[<soapenv:Envelope xmlns:soapenv="http://schemas.xmlsoap.org/soap/envelope/" xmlns:v1="http://fidus.brussels/service/accessmanagerservice/messages/v1" xmlns:v11="http://fidus.brussels/type/common/messages/v1" xmlns:v31="http://socialsecurity.be/umanentityrepresentative/types/v3">
   <soapenv:Header/>
   <soapenv:Body>
      <v1:getOrganisationParentNodesRequest>
         <v1:messageContext>
         	  <v11:messageId>${=import static java.util.UUID.randomUUID; uuid = randomUUID() as String}</v11:messageId>
            <v11:timestamp>${=new java.text.SimpleDateFormat("yyyy-MM-dd'T'HH:mm:ss.SSS").format(new Date())}</v11:timestamp>
         </v1:messageContext>
         <v1:legalContext>ServiceIntegrator</v1:legalContext>
         <v1:request>
            <v1:Domain>QUAL_FED_HEALTHCARE</v1:Domain>
            <v1:OrganisationId>
               <v31:Identifier>1990000431</v31:Identifier>
               <v31:IdentifierType>BEEHP</v31:IdentifierType>
            </v1:OrganisationId>
            <v1:Language>nl</v1:Language>
         </v1:request>
      </v1:getOrganisationParentNodesRequest>
   </soapenv:Body>
</soapenv:Envelope>]]></con:request><con:credentials><con:selectedAuthProfile>Basic</con:selectedAuthProfile><con:addedBasicAuthenticationTypes>Basic</con:addedBasicAuthenticationTypes><con:authType>Global HTTP Settings</con:authType></con:credentials><con:jmsConfig JMSDeliveryMode="PERSISTENT"/><con:jmsPropertyConfig/><con:wsaConfig mustUnderstand="NONE" version="200508" action="http://fidus.brussels/services/accessmanagerservice/getOrganisationParentNodes"/><con:wsrmConfig version="1.2"/></con:call><con:call id="6221ac88-20b9-4124-b685-86bd022335f4" name="4 - Staging - Worker1New - Request" outgoingWss="Outflow STAGING" incomingWss="Inflow STAGING"><con:settings><con:setting id="com.eviware.soapui.impl.wsdl.WsdlRequest@request-headers">&lt;xml-fragment/></con:setting></con:settings><con:encoding>UTF-8</con:encoding><con:endpoint>https://192.168.23.191:8443/services/AccessManagerService_v1.0</con:endpoint><con:request><![CDATA[<soapenv:Envelope xmlns:soapenv="http://schemas.xmlsoap.org/soap/envelope/" xmlns:v1="http://fidus.brussels/service/accessmanagerservice/messages/v1" xmlns:v11="http://fidus.brussels/type/common/messages/v1" xmlns:v31="http://socialsecurity.be/umanentityrepresentative/types/v3">
   <soapenv:Header/>
   <soapenv:Body>
      <v1:getOrganisationParentNodesRequest>
         <v1:messageContext>
         	  <v11:messageId>${=import static java.util.UUID.randomUUID; uuid = randomUUID() as String}</v11:messageId>
            <v11:timestamp>${=new java.text.SimpleDateFormat("yyyy-MM-dd'T'HH:mm:ss.SSS").format(new Date())}</v11:timestamp>
         </v1:messageContext>
         <v1:legalContext>ServiceIntegrator</v1:legalContext>
         <v1:request>
            <v1:Domain>QUAL_FED_HEALTHCARE</v1:Domain>
            <v1:OrganisationId>
               <v31:Identifier>1990000431</v31:Identifier>
               <v31:IdentifierType>BEEHP</v31:IdentifierType>
            </v1:OrganisationId>
            <v1:Language>nl</v1:Language>
         </v1:request>
      </v1:getOrganisationParentNodesRequest>
   </soapenv:Body>
</soapenv:Envelope>]]></con:request><con:credentials><con:selectedAuthProfile>Basic</con:selectedAuthProfile><con:addedBasicAuthenticationTypes>Basic</con:addedBasicAuthenticationTypes><con:authType>Global HTTP Settings</con:authType></con:credentials><con:jmsConfig JMSDeliveryMode="PERSISTENT"/><con:jmsPropertyConfig/><con:wsaConfig mustUnderstand="NONE" version="200508" action="http://fidus.brussels/services/accessmanagerservice/getOrganisationParentNodes"/><con:wsrmConfig version="1.2"/></con:call><con:call id="99346537-3484-4b55-b501-1cc0cfef2872" name="4 - Staging - Worker2New - Request" outgoingWss="Outflow STAGING" incomingWss="Inflow STAGING"><con:settings><con:setting id="com.eviware.soapui.impl.wsdl.WsdlRequest@request-headers">&lt;xml-fragment/></con:setting></con:settings><con:encoding>UTF-8</con:encoding><con:endpoint>https://192.168.23.198:8443/services/AccessManagerService_v1.0</con:endpoint><con:request><![CDATA[<soapenv:Envelope xmlns:soapenv="http://schemas.xmlsoap.org/soap/envelope/" xmlns:v1="http://fidus.brussels/service/accessmanagerservice/messages/v1" xmlns:v11="http://fidus.brussels/type/common/messages/v1" xmlns:v31="http://socialsecurity.be/umanentityrepresentative/types/v3">
   <soapenv:Header/>
   <soapenv:Body>
      <v1:getOrganisationParentNodesRequest>
         <v1:messageContext>
         	  <v11:messageId>${=import static java.util.UUID.randomUUID; uuid = randomUUID() as String}</v11:messageId>
            <v11:timestamp>${=new java.text.SimpleDateFormat("yyyy-MM-dd'T'HH:mm:ss.SSS").format(new Date())}</v11:timestamp>
         </v1:messageContext>
         <v1:legalContext>ServiceIntegrator</v1:legalContext>
         <v1:request>
            <v1:Domain>QUAL_FED_HEALTHCARE</v1:Domain>
            <v1:OrganisationId>
               <v31:Identifier>1990000431</v31:Identifier>
               <v31:IdentifierType>BEEHP</v31:IdentifierType>
            </v1:OrganisationId>
            <v1:Language>nl</v1:Language>
         </v1:request>
      </v1:getOrganisationParentNodesRequest>
   </soapenv:Body>
</soapenv:Envelope>]]></con:request><con:credentials><con:selectedAuthProfile>Basic</con:selectedAuthProfile><con:addedBasicAuthenticationTypes>Basic</con:addedBasicAuthenticationTypes><con:authType>Global HTTP Settings</con:authType></con:credentials><con:jmsConfig JMSDeliveryMode="PERSISTENT"/><con:jmsPropertyConfig/><con:wsaConfig mustUnderstand="NONE" version="200508" action="http://fidus.brussels/services/accessmanagerservice/getOrganisationParentNodes"/><con:wsrmConfig version="1.2"/></con:call></con:operation></con:interface><con:testSuite id="2db8ecee-8360-4ba8-9b62-cc5c843f9003" name="DEV"><con:settings/><con:runType>SEQUENTIAL</con:runType><con:testCase id="ecbc0908-98ab-4aec-a54e-5f8f62bff387" failOnError="true" failTestCaseOnErrors="true" keepSession="false" maxResults="0" name="findRepresentativeRolesByINSS" searchProperties="true"><con:settings/><con:testStep type="request" id="3dc82c9a-da84-4b55-b328-64965d08f092" name="testcase2 - Dev - Request - OK"><con:settings/><con:config xsi:type="con:RequestStep" xmlns:xsi="http://www.w3.org/2001/XMLSchema-instance"><con:interface>AccessManagerServiceHTTPBinding</con:interface><con:operation>findRepresentativeRolesByINSS</con:operation><con:request name="testcase2 - Dev - Request - OK" id="e6e4d726-e710-4d2d-becb-bb43efc6852d" outgoingWss="Outflow DEV"><con:settings/><con:encoding>UTF-8</con:encoding><con:endpoint>https://192.168.36.61:8243/services/AccessManagerService_v1.0</con:endpoint><con:request><![CDATA[<soapenv:Envelope xmlns:soapenv="http://schemas.xmlsoap.org/soap/envelope/" xmlns:v1="http://fidus.brussels/service/accessmanagerservice/messages/v1" xmlns:v11="http://fidus.brussels/type/common/messages/v1" xmlns:v3="http://socialsecurity.be/umanentityrepresentative/types/v3">
   <soapenv:Header/>
   <soapenv:Body>
      <v1:findRepresentativeRolesByINSSRequest>
         <v1:messageContext>
         	  <v11:messageId>${=import static java.util.UUID.randomUUID; uuid = randomUUID() as String}</v11:messageId>
            <v11:timestamp>${=new java.text.SimpleDateFormat("yyyy-MM-dd'T'HH:mm:ss.SSS").format(new Date())}</v11:timestamp>
         </v1:messageContext>
         <v1:legalContext>ServiceIntegrator</v1:legalContext>
         <v1:request>
            <v1:Domain>QUAL_FED_HEALTHCARE</v1:Domain>
            <v1:INSS>86051933959</v1:INSS>
            <v1:Language>nl</v1:Language>
         </v1:request>
      </v1:findRepresentativeRolesByINSSRequest>
   </soapenv:Body>
</soapenv:Envelope>]]></con:request><con:assertion type="SOAP Fault Assertion" id="7718490f-6e08-4486-a145-1fea0adda8b9" name="Not SOAP Fault"/><con:assertion type="SOAP Response" id="42d935dc-c8c5-4956-a258-907dc62abee9" name="SOAP Response"/><con:assertion type="Schema Compliance" id="f2cadc9e-9944-4b56-af22-f12d2468af3f" name="Schema Compliance"><con:configuration/></con:assertion><con:wsaConfig action="http://fidus.brussels/services/accessmanagerservice/findRepresentativeRolesByINSS"/></con:request></con:config></con:testStep><con:testStep type="request" id="03252942-5013-4800-9d54-3e6dbe6c5d34" name="testcase2 - Dev - Request - Not Found"><con:settings/><con:config xsi:type="con:RequestStep" xmlns:xsi="http://www.w3.org/2001/XMLSchema-instance"><con:interface>AccessManagerServiceHTTPBinding</con:interface><con:operation>findRepresentativeRolesByINSS</con:operation><con:request name="testcase2 - Dev - Request - Not Found" id="b27cf7a5-0c39-4c0d-8ac4-60a4ef54ff96" outgoingWss="Outflow DEV"><con:settings/><con:encoding>UTF-8</con:encoding><con:endpoint>https://192.168.36.61:8243/services/AccessManagerService_v1.0</con:endpoint><con:request><![CDATA[<soapenv:Envelope xmlns:soapenv="http://schemas.xmlsoap.org/soap/envelope/" xmlns:v1="http://fidus.brussels/service/accessmanagerservice/messages/v1" xmlns:v11="http://fidus.brussels/type/common/messages/v1" xmlns:v3="http://socialsecurity.be/umanentityrepresentative/types/v3">
   <soapenv:Header/>
   <soapenv:Body>
      <v1:findRepresentativeRolesByINSSRequest>
         <v1:messageContext>
         	  <v11:messageId>${=import static java.util.UUID.randomUUID; uuid = randomUUID() as String}</v11:messageId>
            <v11:timestamp>${=new java.text.SimpleDateFormat("yyyy-MM-dd'T'HH:mm:ss.SSS").format(new Date())}</v11:timestamp>
         </v1:messageContext>
         <v1:legalContext>ServiceIntegrator</v1:legalContext>
         <v1:request>
            <v1:Domain>ECONOMY</v1:Domain>
            <v1:INSS>86051933959</v1:INSS>
            <v1:Language>nl</v1:Language>
         </v1:request>
      </v1:findRepresentativeRolesByINSSRequest>
   </soapenv:Body>
</soapenv:Envelope>]]></con:request><con:assertion type="SOAP Fault Assertion" id="b3232180-8cba-408c-ae85-e8987bb99d7c" name="Not SOAP Fault"/><con:assertion type="SOAP Response" id="7727d5b1-bb2d-4b39-9b23-31ddc86bed26" name="SOAP Response"/><con:assertion type="Schema Compliance" id="c8178e57-2e12-4a1e-b0df-233222563eb6" name="Schema Compliance"><con:configuration/></con:assertion><con:wsaConfig action="http://fidus.brussels/services/accessmanagerservice/findRepresentativeRolesByINSS"/></con:request></con:config></con:testStep><con:properties/></con:testCase><con:testCase id="b11175c0-45d7-42ef-816d-e16972be0e34" failOnError="true" failTestCaseOnErrors="true" keepSession="false" maxResults="0" name="getDomain" searchProperties="true"><con:settings/><con:testStep type="request" id="cd2fa86f-9263-484b-90e8-11b938d823d0" name="testcase2 - Dev - Request - OK"><con:settings/><con:config xsi:type="con:RequestStep" xmlns:xsi="http://www.w3.org/2001/XMLSchema-instance"><con:interface>AccessManagerServiceHTTPBinding</con:interface><con:operation>getDomain</con:operation><con:request name="testcase2 - Dev - Request - OK" id="1e126f06-41a3-4064-a6f3-424fc0db7cf2" outgoingWss="Outflow DEV"><con:settings/><con:encoding>UTF-8</con:encoding><con:endpoint>https://192.168.36.61:8243/services/AccessManagerService_v1.0</con:endpoint><con:request><![CDATA[<soapenv:Envelope xmlns:soapenv="http://schemas.xmlsoap.org/soap/envelope/" xmlns:v1="http://fidus.brussels/service/accessmanagerservice/messages/v1" xmlns:v11="http://fidus.brussels/type/common/messages/v1" >
   <soapenv:Header/>
   <soapenv:Body>
      <v1:getDomainRequest>
         <v1:messageContext>
         	  <v11:messageId>${=import static java.util.UUID.randomUUID; uuid = randomUUID() as String}</v11:messageId>
            <v11:timestamp>${=new java.text.SimpleDateFormat("yyyy-MM-dd'T'HH:mm:ss.SSS").format(new Date())}</v11:timestamp>
         </v1:messageContext>
         <v1:legalContext>ServiceIntegrator</v1:legalContext>
         <v1:request>
         	  <v1:Domain>FINANCE</v1:Domain>
            <v1:Language>fr</v1:Language>
         </v1:request>
      </v1:getDomainRequest>
   </soapenv:Body>
</soapenv:Envelope>]]></con:request><con:assertion type="SOAP Fault Assertion" id="33d71167-8f82-4d06-a2a1-57f013621fe7" name="Not SOAP Fault"/><con:assertion type="SOAP Response" id="3eaa825a-0c26-4aea-9214-fce0cbc69208" name="SOAP Response"/><con:assertion type="Schema Compliance" id="8923b464-e523-410a-aabb-e8948555b0e3" name="Schema Compliance"><con:configuration/></con:assertion><con:wsaConfig action="http://fidus.brussels/services/accessmanagerservice/getDomain"/></con:request></con:config></con:testStep><con:testStep type="request" id="e3abc9f7-8707-4879-81d5-fe2fc402231b" name="testcase2 - Dev - Request - Not Found"><con:settings/><con:config xsi:type="con:RequestStep" xmlns:xsi="http://www.w3.org/2001/XMLSchema-instance"><con:interface>AccessManagerServiceHTTPBinding</con:interface><con:operation>getDomain</con:operation><con:request name="testcase2 - Dev - Request - Not Found" id="46481512-6146-491b-b956-fc1c7da459dd" outgoingWss="Outflow DEV"><con:settings/><con:encoding>UTF-8</con:encoding><con:endpoint>https://192.168.36.61:8243/services/AccessManagerService_v1.0</con:endpoint><con:request><![CDATA[<soapenv:Envelope xmlns:soapenv="http://schemas.xmlsoap.org/soap/envelope/" xmlns:v1="http://fidus.brussels/service/accessmanagerservice/messages/v1" xmlns:v11="http://fidus.brussels/type/common/messages/v1" >
   <soapenv:Header/>
   <soapenv:Body>
      <v1:getDomainRequest>
         <v1:messageContext>
         	  <v11:messageId>${=import static java.util.UUID.randomUUID; uuid = randomUUID() as String}</v11:messageId>
            <v11:timestamp>${=new java.text.SimpleDateFormat("yyyy-MM-dd'T'HH:mm:ss.SSS").format(new Date())}</v11:timestamp>
         </v1:messageContext>
         <v1:legalContext>ServiceIntegrator</v1:legalContext>
         <v1:request>
         	  <v1:Domain>ECOLOGY</v1:Domain>
            <v1:Language>fr</v1:Language>
         </v1:request>
      </v1:getDomainRequest>
   </soapenv:Body>
</soapenv:Envelope>]]></con:request><con:assertion type="SOAP Fault Assertion" id="48e4b199-7b4f-4d66-bef3-8d68eede82dd" name="Not SOAP Fault"/><con:assertion type="SOAP Response" id="d199fe2f-1209-4615-8e8a-4fbed901208a" name="SOAP Response"/><con:assertion type="Schema Compliance" id="749b50a7-8556-4782-9f20-5b89120b48de" name="Schema Compliance"><con:configuration/></con:assertion><con:wsaConfig action="http://fidus.brussels/services/accessmanagerservice/getDomain"/></con:request></con:config></con:testStep><con:properties/></con:testCase><con:testCase id="b9c59f04-c070-43bd-912e-c8544c4bc1ab" failOnError="true" failTestCaseOnErrors="true" keepSession="false" maxResults="0" name="getEntityRepresentatives" searchProperties="true"><con:settings/><con:testStep type="request" id="d368d7d6-6b22-4247-a4cd-5732df0f0f8d" name="testcase2 - Dev - Request - OK"><con:settings/><con:config xsi:type="con:RequestStep" xmlns:xsi="http://www.w3.org/2001/XMLSchema-instance"><con:interface>AccessManagerServiceHTTPBinding</con:interface><con:operation>getEntityRepresentatives</con:operation><con:request name="testcase2 - Dev - Request - OK" id="afddb4e5-6493-40a4-9634-dd82b83f9a9b" outgoingWss="Outflow DEV"><con:settings/><con:encoding>UTF-8</con:encoding><con:endpoint>https://192.168.36.61:8243/services/AccessManagerService_v1.0</con:endpoint><con:request><![CDATA[<soapenv:Envelope xmlns:soapenv="http://schemas.xmlsoap.org/soap/envelope/" xmlns:v1="http://fidus.brussels/service/accessmanagerservice/messages/v1" xmlns:v11="http://fidus.brussels/type/common/messages/v1" xmlns:v31="http://socialsecurity.be/umanentityrepresentative/types/v3" >
   <soapenv:Header/>
   <soapenv:Body>
      <v1:getEntityRepresentativesRequest>
         <v1:messageContext>
         	  <v11:messageId>${=import static java.util.UUID.randomUUID; uuid = randomUUID() as String}</v11:messageId>
            <v11:timestamp>${=new java.text.SimpleDateFormat("yyyy-MM-dd'T'HH:mm:ss.SSS").format(new Date())}</v11:timestamp>
         </v1:messageContext>
         <v1:legalContext>ServiceIntegrator</v1:legalContext>
         <v1:request>
            <v1:Domain>QUAL_FED_HEALTHCARE</v1:Domain>
            <v1:OrganisationId>
               <v31:Identifier>1990000431</v31:Identifier>
               <v31:IdentifierType>BEEHP</v31:IdentifierType>
            </v1:OrganisationId>
            <v1:Language>nl</v1:Language>
         </v1:request>
      </v1:getEntityRepresentativesRequest>
   </soapenv:Body>
</soapenv:Envelope>]]></con:request><con:assertion type="SOAP Fault Assertion" id="7bad36e3-ea27-4fe4-8154-ab7d2318ed19" name="Not SOAP Fault"/><con:assertion type="SOAP Response" id="d2e0eb07-d1c2-4134-bb24-b7f0944ad2ff" name="SOAP Response"/><con:assertion type="Schema Compliance" id="a8dcb2d1-4bba-425e-a5c1-1f9dc9848fe3" name="Schema Compliance"><con:configuration/></con:assertion><con:wsaConfig action="http://fidus.brussels/services/accessmanagerservice/getEntityRepresentatives"/></con:request></con:config></con:testStep><con:testStep type="request" id="583554d7-3a1b-4ab6-990a-7bd394820a85" name="testcase2 - Dev - Request - Not Found"><con:settings/><con:config xsi:type="con:RequestStep" xmlns:xsi="http://www.w3.org/2001/XMLSchema-instance"><con:interface>AccessManagerServiceHTTPBinding</con:interface><con:operation>getEntityRepresentatives</con:operation><con:request name="testcase2 - Dev - Request - Not Found" id="cf228842-8789-4e51-8a98-623dd6a7792a" outgoingWss="Outflow DEV"><con:settings/><con:encoding>UTF-8</con:encoding><con:endpoint>https://192.168.36.61:8243/services/AccessManagerService_v1.0</con:endpoint><con:request><![CDATA[<soapenv:Envelope xmlns:soapenv="http://schemas.xmlsoap.org/soap/envelope/" xmlns:v1="http://fidus.brussels/service/accessmanagerservice/messages/v1" xmlns:v11="http://fidus.brussels/type/common/messages/v1" xmlns:v31="http://socialsecurity.be/umanentityrepresentative/types/v3" >
   <soapenv:Header/>
   <soapenv:Body>
      <v1:getEntityRepresentativesRequest>
         <v1:messageContext>
         	  <v11:messageId>${=import static java.util.UUID.randomUUID; uuid = randomUUID() as String}</v11:messageId>
            <v11:timestamp>${=new java.text.SimpleDateFormat("yyyy-MM-dd'T'HH:mm:ss.SSS").format(new Date())}</v11:timestamp>
         </v1:messageContext>
         <v1:legalContext>ServiceIntegrator</v1:legalContext>
         <v1:request>
            <v1:Domain>INDUSTRY</v1:Domain>
            <v1:OrganisationId>
               <v31:Identifier>1990000431</v31:Identifier>
               <v31:IdentifierType>BEEHP</v31:IdentifierType>
            </v1:OrganisationId>
            <v1:Language>nl</v1:Language>
         </v1:request>
      </v1:getEntityRepresentativesRequest>
   </soapenv:Body>
</soapenv:Envelope>]]></con:request><con:assertion type="SOAP Fault Assertion" id="a4c5b79f-e1b0-4d4e-ba82-cc2da2da5bf6" name="Not SOAP Fault"/><con:assertion type="SOAP Response" id="cc7b143e-1a6c-4fe5-9504-e114c8aa7cea" name="SOAP Response"/><con:assertion type="Schema Compliance" id="741a83ce-5c6f-423d-8a7a-39e086912e05" name="Schema Compliance"><con:configuration/></con:assertion><con:wsaConfig action="http://fidus.brussels/services/accessmanagerservice/getEntityRepresentatives"/></con:request></con:config></con:testStep><con:properties/></con:testCase><con:testCase id="8179d724-b1a4-44ed-934f-1fba5a41b199" failOnError="true" failTestCaseOnErrors="true" keepSession="false" maxResults="0" name="getOrganisationChildNodes" searchProperties="true"><con:settings/><con:testStep type="request" id="24dd63dd-560c-4c8a-ae0c-f0ce790ce7f5" name="testcase2 - Dev - Request - OK"><con:settings/><con:config xsi:type="con:RequestStep" xmlns:xsi="http://www.w3.org/2001/XMLSchema-instance"><con:interface>AccessManagerServiceHTTPBinding</con:interface><con:operation>getOrganisationChildNodes</con:operation><con:request name="testcase2 - Dev - Request - OK" id="d5af2781-33a0-405f-a8e7-db860e23d2df" outgoingWss="Outflow DEV"><con:settings/><con:encoding>UTF-8</con:encoding><con:endpoint>https://192.168.36.61:8243/services/AccessManagerService_v1.0</con:endpoint><con:request><![CDATA[<soapenv:Envelope xmlns:soapenv="http://schemas.xmlsoap.org/soap/envelope/" xmlns:v1="http://fidus.brussels/service/accessmanagerservice/messages/v1" xmlns:v11="http://fidus.brussels/type/common/messages/v1" xmlns:v31="http://socialsecurity.be/umanentityrepresentative/types/v3">
   <soapenv:Header/>
   <soapenv:Body>
      <v1:getOrganisationChildNodesRequest>
         <v1:messageContext>
         	  <v11:messageId>${=import static java.util.UUID.randomUUID; uuid = randomUUID() as String}</v11:messageId>
            <v11:timestamp>${=new java.text.SimpleDateFormat("yyyy-MM-dd'T'HH:mm:ss.SSS").format(new Date())}</v11:timestamp>
         </v1:messageContext>
         <v1:legalContext>ServiceIntegrator</v1:legalContext>
         <v1:request>
            <v1:Domain>QUAL_FED_HEALTHCARE</v1:Domain>
            <v1:OrganisationId>
               <v31:Identifier>1990000431</v31:Identifier>
               <v31:IdentifierType>BEEHP</v31:IdentifierType>
            </v1:OrganisationId>
            <v1:Language>nl</v1:Language>
         </v1:request>
      </v1:getOrganisationChildNodesRequest>
   </soapenv:Body>
</soapenv:Envelope>]]></con:request><con:assertion type="SOAP Fault Assertion" id="822a1618-4c9f-4630-9bc9-64daa14b3736" name="Not SOAP Fault"/><con:assertion type="SOAP Response" id="edf4f1c1-8af8-4426-9789-e04ca7f54763" name="SOAP Response"/><con:assertion type="Schema Compliance" id="024c5ae8-2e20-4528-a210-5e298be77f51" name="Schema Compliance"><con:configuration/></con:assertion><con:wsaConfig action="http://fidus.brussels/services/accessmanagerservice/getOrganisationChildNodes"/></con:request></con:config></con:testStep><con:testStep type="request" id="3edc6607-65bf-4c01-808f-8fa10fe04745" name="testcase2 - Dev - Request - Not Found"><con:settings/><con:config xsi:type="con:RequestStep" xmlns:xsi="http://www.w3.org/2001/XMLSchema-instance"><con:interface>AccessManagerServiceHTTPBinding</con:interface><con:operation>getOrganisationChildNodes</con:operation><con:request name="testcase2 - Dev - Request - Not Found" id="be952f24-293e-446f-be1e-e8b8e9f8ea25" outgoingWss="Outflow DEV"><con:settings/><con:encoding>UTF-8</con:encoding><con:endpoint>https://192.168.36.61:8243/services/AccessManagerService_v1.0</con:endpoint><con:request><![CDATA[<soapenv:Envelope xmlns:soapenv="http://schemas.xmlsoap.org/soap/envelope/" xmlns:v1="http://fidus.brussels/service/accessmanagerservice/messages/v1" xmlns:v11="http://fidus.brussels/type/common/messages/v1" xmlns:v31="http://socialsecurity.be/umanentityrepresentative/types/v3">
   <soapenv:Header/>
   <soapenv:Body>
      <v1:getOrganisationChildNodesRequest>
         <v1:messageContext>
         	  <v11:messageId>${=import static java.util.UUID.randomUUID; uuid = randomUUID() as String}</v11:messageId>
            <v11:timestamp>${=new java.text.SimpleDateFormat("yyyy-MM-dd'T'HH:mm:ss.SSS").format(new Date())}</v11:timestamp>
         </v1:messageContext>
         <v1:legalContext>ServiceIntegrator</v1:legalContext>
         <v1:request>
            <v1:Domain>FREELANCE</v1:Domain>
            <v1:OrganisationId>
               <v31:Identifier>1990000431</v31:Identifier>
               <v31:IdentifierType>BEEHP</v31:IdentifierType>
            </v1:OrganisationId>
            <v1:Language>nl</v1:Language>
         </v1:request>
      </v1:getOrganisationChildNodesRequest>
   </soapenv:Body>
</soapenv:Envelope>]]></con:request><con:assertion type="SOAP Fault Assertion" id="087a9d31-5f35-4957-8d9b-887b38a906c1" name="Not SOAP Fault"/><con:assertion type="SOAP Response" id="eff91634-b5e9-4977-bc78-eab8cfce3dff" name="SOAP Response"/><con:assertion type="Schema Compliance" id="21542748-8aaf-441e-8a8d-b88c14ef6486" name="Schema Compliance"><con:configuration/></con:assertion><con:wsaConfig action="http://fidus.brussels/services/accessmanagerservice/getOrganisationChildNodes"/></con:request></con:config></con:testStep><con:properties/></con:testCase><con:testCase id="f8e4bea5-2b0a-46a2-b73e-5a9c4b3fdd12" failOnError="true" failTestCaseOnErrors="true" keepSession="false" maxResults="0" name="getOrganisationDenomination" searchProperties="true"><con:settings/><con:testStep type="request" id="d58db951-e309-403d-8610-0f19007b50f1" name="testcase2 - Dev - Request - OK"><con:settings/><con:config xsi:type="con:RequestStep" xmlns:xsi="http://www.w3.org/2001/XMLSchema-instance"><con:interface>AccessManagerServiceHTTPBinding</con:interface><con:operation>getOrganisationDenomination</con:operation><con:request name="testcase2 - Dev - Request - OK" id="55afd74b-9398-47a3-9987-acdef99398fa" outgoingWss="Outflow DEV"><con:settings/><con:encoding>UTF-8</con:encoding><con:endpoint>https://192.168.36.61:8243/services/AccessManagerService_v1.0</con:endpoint><con:request><![CDATA[<soapenv:Envelope xmlns:soapenv="http://schemas.xmlsoap.org/soap/envelope/" xmlns:v1="http://fidus.brussels/service/accessmanagerservice/messages/v1" xmlns:v11="http://fidus.brussels/type/common/messages/v1" xmlns:v31="http://socialsecurity.be/umanentityrepresentative/types/v3">
   <soapenv:Header/>
   <soapenv:Body>
      <v1:getOrganisationDenominationRequest>
         <v1:messageContext>
         	  <v11:messageId>${=import static java.util.UUID.randomUUID; uuid = randomUUID() as String}</v11:messageId>
            <v11:timestamp>${=new java.text.SimpleDateFormat("yyyy-MM-dd'T'HH:mm:ss.SSS").format(new Date())}</v11:timestamp>
         </v1:messageContext>
         <v1:legalContext>ServiceIntegrator</v1:legalContext>
         <v1:request>
            <v1:Domain>QUAL_FED_HEALTHCARE</v1:Domain>
            <v1:OrganisationId>
               <v31:Identifier>1990000431</v31:Identifier>
               <v31:IdentifierType>BEEHP</v31:IdentifierType>
            </v1:OrganisationId>
            <v1:Language>nl</v1:Language>
         </v1:request>
      </v1:getOrganisationDenominationRequest>
   </soapenv:Body>
</soapenv:Envelope>]]></con:request><con:assertion type="SOAP Fault Assertion" id="eefb472e-5461-4d20-a690-5302a774a52c" name="Not SOAP Fault"/><con:assertion type="SOAP Response" id="3b6b15de-8c1f-4542-948a-ff5928b56a46" name="SOAP Response"/><con:assertion type="Schema Compliance" id="208da7c8-2890-43ce-9f3b-ec45a09c75e1" name="Schema Compliance"><con:configuration/></con:assertion><con:wsaConfig action="http://fidus.brussels/services/accessmanagerservice/getOrganisationDenomination"/></con:request></con:config></con:testStep><con:testStep type="request" id="29d77e38-9628-4476-bed9-b4fb3725d4ab" name="testcase2 - Dev - Request - Not Found"><con:settings/><con:config xsi:type="con:RequestStep" xmlns:xsi="http://www.w3.org/2001/XMLSchema-instance"><con:interface>AccessManagerServiceHTTPBinding</con:interface><con:operation>getOrganisationDenomination</con:operation><con:request name="testcase2 - Dev - Request - Not Found" id="924f9955-37dc-4403-aa98-ebc1ec8e0316" outgoingWss="Outflow DEV"><con:settings/><con:encoding>UTF-8</con:encoding><con:endpoint>https://192.168.36.61:8243/services/AccessManagerService_v1.0</con:endpoint><con:request><![CDATA[<soapenv:Envelope xmlns:soapenv="http://schemas.xmlsoap.org/soap/envelope/" xmlns:v1="http://fidus.brussels/service/accessmanagerservice/messages/v1" xmlns:v11="http://fidus.brussels/type/common/messages/v1" xmlns:v31="http://socialsecurity.be/umanentityrepresentative/types/v3">
   <soapenv:Header/>
   <soapenv:Body>
      <v1:getOrganisationDenominationRequest>
         <v1:messageContext>
         	  <v11:messageId>${=import static java.util.UUID.randomUUID; uuid = randomUUID() as String}</v11:messageId>
            <v11:timestamp>${=new java.text.SimpleDateFormat("yyyy-MM-dd'T'HH:mm:ss.SSS").format(new Date())}</v11:timestamp>
         </v1:messageContext>
         <v1:legalContext>ServiceIntegrator</v1:legalContext>
         <v1:request>
            <v1:Domain>EDUCATION</v1:Domain>
            <v1:OrganisationId>
               <v31:Identifier>1990000431</v31:Identifier>
               <v31:IdentifierType>BEEHP</v31:IdentifierType>
            </v1:OrganisationId>
            <v1:Language>nl</v1:Language>
         </v1:request>
      </v1:getOrganisationDenominationRequest>
   </soapenv:Body>
</soapenv:Envelope>]]></con:request><con:assertion type="SOAP Fault Assertion" id="1ac7477a-9e9e-40b9-b724-093b9da3fe4a" name="Not SOAP Fault"/><con:assertion type="SOAP Response" id="8b359a61-bb6c-4b5b-9673-b6c9435a755a" name="SOAP Response"/><con:assertion type="Schema Compliance" id="861e5c7b-6abf-4620-aec4-e6894416fba6" name="Schema Compliance"><con:configuration/></con:assertion><con:wsaConfig action="http://fidus.brussels/services/accessmanagerservice/getOrganisationDenomination"/></con:request></con:config></con:testStep><con:properties/></con:testCase><con:testCase id="439ee84c-2c25-4022-9d88-ddb8093a03cc" failOnError="true" failTestCaseOnErrors="true" keepSession="false" maxResults="0" name="getOrganisationParentNodes" searchProperties="true"><con:settings/><con:testStep type="request" id="1a9299c6-e334-4d2c-879c-3a2d2b25c400" name="testcase2 - Dev - Request - OK"><con:settings/><con:config xsi:type="con:RequestStep" xmlns:xsi="http://www.w3.org/2001/XMLSchema-instance"><con:interface>AccessManagerServiceHTTPBinding</con:interface><con:operation>getOrganisationParentNodes</con:operation><con:request name="testcase2 - Dev - Request - OK" id="9fe6f016-3d23-4469-b1ba-8614f7dc2c7e" outgoingWss="Outflow DEV"><con:settings/><con:encoding>UTF-8</con:encoding><con:endpoint>https://192.168.36.61:8243/services/AccessManagerService_v1.0</con:endpoint><con:request><![CDATA[<soapenv:Envelope xmlns:soapenv="http://schemas.xmlsoap.org/soap/envelope/" xmlns:v1="http://fidus.brussels/service/accessmanagerservice/messages/v1" xmlns:v11="http://fidus.brussels/type/common/messages/v1" xmlns:v31="http://socialsecurity.be/umanentityrepresentative/types/v3">
   <soapenv:Header/>
   <soapenv:Body>
      <v1:getOrganisationParentNodesRequest>
         <v1:messageContext>
         	  <v11:messageId>${=import static java.util.UUID.randomUUID; uuid = randomUUID() as String}</v11:messageId>
            <v11:timestamp>${=new java.text.SimpleDateFormat("yyyy-MM-dd'T'HH:mm:ss.SSS").format(new Date())}</v11:timestamp>
         </v1:messageContext>
         <v1:legalContext>ServiceIntegrator</v1:legalContext>
         <v1:request>
            <v1:Domain>QUAL_FED_HEALTHCARE</v1:Domain>
            <v1:OrganisationId>
               <v31:Identifier>1990000431</v31:Identifier>
               <v31:IdentifierType>BEEHP</v31:IdentifierType>
            </v1:OrganisationId>
            <v1:Language>nl</v1:Language>
         </v1:request>
      </v1:getOrganisationParentNodesRequest>
   </soapenv:Body>
</soapenv:Envelope>]]></con:request><con:assertion type="SOAP Fault Assertion" id="d156fa71-4276-42f8-80f9-72093054f05a" name="Not SOAP Fault"/><con:assertion type="SOAP Response" id="ca0d4d84-03f3-412a-af97-4d9a189cb38b" name="SOAP Response"/><con:assertion type="Schema Compliance" id="33ac2081-4534-4ed8-b571-9c48a95e5d3b" name="Schema Compliance"><con:configuration/></con:assertion><con:wsaConfig action="http://fidus.brussels/services/accessmanagerservice/getOrganisationParentNodes"/></con:request></con:config></con:testStep><con:testStep type="request" id="e7bd4362-66bb-4184-a7e4-7aa049fd4547" name="testcase2 - Dev - Request - Not Found"><con:settings/><con:config xsi:type="con:RequestStep" xmlns:xsi="http://www.w3.org/2001/XMLSchema-instance"><con:interface>AccessManagerServiceHTTPBinding</con:interface><con:operation>getOrganisationParentNodes</con:operation><con:request name="testcase2 - Dev - Request - Not Found" id="5c3f1f20-135b-49ad-ba50-32ed03fcb87d" outgoingWss="Outflow DEV"><con:settings/><con:encoding>UTF-8</con:encoding><con:endpoint>https://192.168.36.61:8243/services/AccessManagerService_v1.0</con:endpoint><con:request><![CDATA[<soapenv:Envelope xmlns:soapenv="http://schemas.xmlsoap.org/soap/envelope/" xmlns:v1="http://fidus.brussels/service/accessmanagerservice/messages/v1" xmlns:v11="http://fidus.brussels/type/common/messages/v1" xmlns:v31="http://socialsecurity.be/umanentityrepresentative/types/v3">
   <soapenv:Header/>
   <soapenv:Body>
      <v1:getOrganisationParentNodesRequest>
         <v1:messageContext>
         	  <v11:messageId>${=import static java.util.UUID.randomUUID; uuid = randomUUID() as String}</v11:messageId>
            <v11:timestamp>${=new java.text.SimpleDateFormat("yyyy-MM-dd'T'HH:mm:ss.SSS").format(new Date())}</v11:timestamp>
         </v1:messageContext>
         <v1:legalContext>ServiceIntegrator</v1:legalContext>
         <v1:request>
            <v1:Domain>CHEMISTRY</v1:Domain>
            <v1:OrganisationId>
               <v31:Identifier>1990000431</v31:Identifier>
               <v31:IdentifierType>BEEHP</v31:IdentifierType>
            </v1:OrganisationId>
            <v1:Language>nl</v1:Language>
         </v1:request>
      </v1:getOrganisationParentNodesRequest>
   </soapenv:Body>
</soapenv:Envelope>]]></con:request><con:assertion type="SOAP Fault Assertion" id="957d2673-b3cb-40b3-9d5b-dd40aa016677" name="Not SOAP Fault"/><con:assertion type="SOAP Response" id="d9a3d27f-499a-4ae9-b98a-379a73238625" name="SOAP Response"/><con:assertion type="Schema Compliance" id="691f1193-094f-4771-b6c6-5ee990dd029c" name="Schema Compliance"><con:configuration/></con:assertion><con:wsaConfig action="http://fidus.brussels/services/accessmanagerservice/getOrganisationParentNodes"/></con:request></con:config></con:testStep><con:properties/></con:testCase><con:properties/></con:testSuite><con:testSuite id="2cea621b-eb87-420e-bdc0-e1befaf0fc56" name="TEST"><con:settings/><con:runType>SEQUENTIAL</con:runType><con:testCase id="3001ff99-7683-40af-8442-7ebbfaaac3c6" failOnError="true" failTestCaseOnErrors="true" keepSession="false" maxResults="0" name="findRepresentativeRolesByINSS" searchProperties="true"><con:settings/><con:testStep type="request" id="af0d2d90-7cee-4ca5-b6ee-13fcc73df47b" name="testcase3 - Test - LB - Request"><con:settings/><con:config xsi:type="con:RequestStep" xmlns:xsi="http://www.w3.org/2001/XMLSchema-instance"><con:interface>AccessManagerServiceHTTPBinding</con:interface><con:operation>findRepresentativeRolesByINSS</con:operation><con:request name="testcase3 - Test - LB - Request" id="fda57dd8-352e-43b7-bf8e-6ef45840431f" outgoingWss="Outflow TEST"><con:settings/><con:encoding>UTF-8</con:encoding><con:endpoint>https://esb-security-gw.sta.srv.cirb.lan:8443/services/AccessManagerService_v1.0</con:endpoint><con:request><![CDATA[<soapenv:Envelope xmlns:soapenv="http://schemas.xmlsoap.org/soap/envelope/" xmlns:v1="http://fidus.brussels/service/accessmanagerservice/messages/v1" xmlns:v11="http://fidus.brussels/type/common/messages/v1" xmlns:v3="http://socialsecurity.be/umanentityrepresentative/types/v3">
   <soapenv:Header/>
   <soapenv:Body>
      <v1:findRepresentativeRolesByINSSRequest>
         <v1:messageContext>
         	  <v11:messageId>${=import static java.util.UUID.randomUUID; uuid = randomUUID() as String}</v11:messageId>
            <v11:timestamp>${=new java.text.SimpleDateFormat("yyyy-MM-dd'T'HH:mm:ss.SSS").format(new Date())}</v11:timestamp>
         </v1:messageContext>
         <v1:legalContext>ServiceIntegrator</v1:legalContext>
         <v1:request>
            <v1:Domain>QUAL_FED_HEALTHCARE</v1:Domain>
            <v1:INSS>86051933959</v1:INSS>
            <v1:Language>nl</v1:Language>
         </v1:request>
      </v1:findRepresentativeRolesByINSSRequest>
   </soapenv:Body>
</soapenv:Envelope>]]></con:request><con:assertion type="SOAP Fault Assertion" id="1a5d8899-0757-463a-a7dd-12ec05719832" name="Not SOAP Fault"/><con:assertion type="SOAP Response" id="e4241b0c-2320-416d-985f-c035eaa72266" name="SOAP Response"/><con:assertion type="Schema Compliance" id="3028579f-c6c5-42f1-bcf3-861b3a86e68e" name="Schema Compliance"><con:configuration/></con:assertion><con:wsaConfig action="http://fidus.brussels/services/accessmanagerservice/findRepresentativeRolesByINSS"/></con:request></con:config></con:testStep><con:testStep type="request" id="c8f9573c-73d0-416f-a2ec-89bdd83e7afc" name="testcase3 - Test - Worker1 - Request"><con:settings/><con:config xsi:type="con:RequestStep" xmlns:xsi="http://www.w3.org/2001/XMLSchema-instance"><con:interface>AccessManagerServiceHTTPBinding</con:interface><con:operation>findRepresentativeRolesByINSS</con:operation><con:request name="testcase3 - Test - Worker1 - Request" id="fedce735-959a-477d-a55f-4994b3490e87" outgoingWss="Outflow TEST"><con:settings/><con:encoding>UTF-8</con:encoding><con:endpoint>https://192.168.24.45:8443/services/AccessManagerService_v1.0</con:endpoint><con:request><![CDATA[<soapenv:Envelope xmlns:soapenv="http://schemas.xmlsoap.org/soap/envelope/" xmlns:v1="http://fidus.brussels/service/accessmanagerservice/messages/v1" xmlns:v11="http://fidus.brussels/type/common/messages/v1" xmlns:v3="http://socialsecurity.be/umanentityrepresentative/types/v3">
   <soapenv:Header/>
   <soapenv:Body>
      <v1:findRepresentativeRolesByINSSRequest>
         <v1:messageContext>
         	  <v11:messageId>${=import static java.util.UUID.randomUUID; uuid = randomUUID() as String}</v11:messageId>
            <v11:timestamp>${=new java.text.SimpleDateFormat("yyyy-MM-dd'T'HH:mm:ss.SSS").format(new Date())}</v11:timestamp>
         </v1:messageContext>
         <v1:legalContext>ServiceIntegrator</v1:legalContext>
         <v1:request>
            <v1:Domain>QUAL_FED_HEALTHCARE</v1:Domain>
            <v1:INSS>86051933959</v1:INSS>
            <v1:Language>nl</v1:Language>
         </v1:request>
      </v1:findRepresentativeRolesByINSSRequest>
   </soapenv:Body>
</soapenv:Envelope>]]></con:request><con:assertion type="SOAP Fault Assertion" id="6f457c3f-7215-473c-a6fd-717cbb584477" name="Not SOAP Fault"/><con:assertion type="SOAP Response" id="eef1e695-812a-446d-95ed-c33f01d6d7b5" name="SOAP Response"/><con:assertion type="Schema Compliance" id="6e39cd8d-93a3-4ab2-8212-aeeb9f8cd95e" name="Schema Compliance"><con:configuration/></con:assertion><con:wsaConfig action="http://fidus.brussels/services/accessmanagerservice/findRepresentativeRolesByINSS"/></con:request></con:config></con:testStep><con:testStep type="request" id="8d7f71dc-d912-4521-9058-c760582bed77" name="testcase3 - Test - Worker2 - Request"><con:settings/><con:config xsi:type="con:RequestStep" xmlns:xsi="http://www.w3.org/2001/XMLSchema-instance"><con:interface>AccessManagerServiceHTTPBinding</con:interface><con:operation>findRepresentativeRolesByINSS</con:operation><con:request name="testcase3 - Test - Worker2 - Request" id="5ee8a081-d915-44f6-8773-2f1a863827a0" outgoingWss="Outflow TEST"><con:settings/><con:encoding>UTF-8</con:encoding><con:endpoint>https://192.168.24.51:8443/services/AccessManagerService_v1.0</con:endpoint><con:request><![CDATA[<soapenv:Envelope xmlns:soapenv="http://schemas.xmlsoap.org/soap/envelope/" xmlns:v1="http://fidus.brussels/service/accessmanagerservice/messages/v1" xmlns:v11="http://fidus.brussels/type/common/messages/v1" xmlns:v3="http://socialsecurity.be/umanentityrepresentative/types/v3">
   <soapenv:Header/>
   <soapenv:Body>
      <v1:findRepresentativeRolesByINSSRequest>
         <v1:messageContext>
         	  <v11:messageId>${=import static java.util.UUID.randomUUID; uuid = randomUUID() as String}</v11:messageId>
            <v11:timestamp>${=new java.text.SimpleDateFormat("yyyy-MM-dd'T'HH:mm:ss.SSS").format(new Date())}</v11:timestamp>
         </v1:messageContext>
         <v1:legalContext>ServiceIntegrator</v1:legalContext>
         <v1:request>
            <v1:Domain>QUAL_FED_HEALTHCARE</v1:Domain>
            <v1:INSS>86051933959</v1:INSS>
            <v1:Language>nl</v1:Language>
         </v1:request>
      </v1:findRepresentativeRolesByINSSRequest>
   </soapenv:Body>
</soapenv:Envelope>]]></con:request><con:assertion type="SOAP Fault Assertion" id="62b72f22-248d-4b2e-aa80-7bc400c15444" name="Not SOAP Fault"/><con:assertion type="SOAP Response" id="504aa459-6634-4f98-8d02-f0a15ab14ee0" name="SOAP Response"/><con:assertion type="Schema Compliance" id="d28d7739-fb7b-419a-ae69-192fbe676c07" name="Schema Compliance"><con:configuration/></con:assertion><con:wsaConfig action="http://fidus.brussels/services/accessmanagerservice/findRepresentativeRolesByINSS"/></con:request></con:config></con:testStep><con:testStep type="request" id="fac9741c-641f-44c7-8d86-ab4452b6ee28" name="testcase3 - Test - Worker1New - Request"><con:settings/><con:config xsi:type="con:RequestStep" xmlns:xsi="http://www.w3.org/2001/XMLSchema-instance"><con:interface>AccessManagerServiceHTTPBinding</con:interface><con:operation>findRepresentativeRolesByINSS</con:operation><con:request name="testcase3 - Test - Worker1New - Request" id="fb0686be-3700-4b11-a634-71a579b0cb26" outgoingWss="Outflow TEST"><con:settings/><con:encoding>UTF-8</con:encoding><con:endpoint>https://192.168.24.45:8443/services/AccessManagerService_v1.0</con:endpoint><con:request><![CDATA[<soapenv:Envelope xmlns:soapenv="http://schemas.xmlsoap.org/soap/envelope/" xmlns:v1="http://fidus.brussels/service/accessmanagerservice/messages/v1" xmlns:v11="http://fidus.brussels/type/common/messages/v1" xmlns:v3="http://socialsecurity.be/umanentityrepresentative/types/v3">
   <soapenv:Header/>
   <soapenv:Body>
      <v1:findRepresentativeRolesByINSSRequest>
         <v1:messageContext>
         	  <v11:messageId>${=import static java.util.UUID.randomUUID; uuid = randomUUID() as String}</v11:messageId>
            <v11:timestamp>${=new java.text.SimpleDateFormat("yyyy-MM-dd'T'HH:mm:ss.SSS").format(new Date())}</v11:timestamp>
         </v1:messageContext>
         <v1:legalContext>ServiceIntegrator</v1:legalContext>
         <v1:request>
            <v1:Domain>QUAL_FED_HEALTHCARE</v1:Domain>
            <v1:INSS>86051933959</v1:INSS>
            <v1:Language>nl</v1:Language>
         </v1:request>
      </v1:findRepresentativeRolesByINSSRequest>
   </soapenv:Body>
</soapenv:Envelope>]]></con:request><con:assertion type="SOAP Fault Assertion" id="f1cb6372-d230-43e0-ae9e-2c2621b393fa" name="Not SOAP Fault"/><con:assertion type="SOAP Response" id="32b2ac64-948a-4851-b5da-df0edd04e7c1" name="SOAP Response"/><con:assertion type="Schema Compliance" id="02151190-979d-4c7d-b9ae-3bc5e48adb22" name="Schema Compliance"><con:configuration/></con:assertion><con:wsaConfig action="http://fidus.brussels/services/accessmanagerservice/findRepresentativeRolesByINSS"/></con:request></con:config></con:testStep><con:testStep type="request" id="1c380ee5-15dc-449e-83e3-6166c545fb0a" name="testcase3 - Test - Worker2New - Request"><con:settings/><con:config xsi:type="con:RequestStep" xmlns:xsi="http://www.w3.org/2001/XMLSchema-instance"><con:interface>AccessManagerServiceHTTPBinding</con:interface><con:operation>findRepresentativeRolesByINSS</con:operation><con:request name="testcase3 - Test - Worker2New - Request" id="3e30bdfa-d5ec-4200-9005-0d490686b142" outgoingWss="Outflow TEST"><con:settings/><con:encoding>UTF-8</con:encoding><con:endpoint>https://192.168.24.51:8443/services/AccessManagerService_v1.0</con:endpoint><con:request><![CDATA[<soapenv:Envelope xmlns:soapenv="http://schemas.xmlsoap.org/soap/envelope/" xmlns:v1="http://fidus.brussels/service/accessmanagerservice/messages/v1" xmlns:v11="http://fidus.brussels/type/common/messages/v1" xmlns:v3="http://socialsecurity.be/umanentityrepresentative/types/v3">
   <soapenv:Header/>
   <soapenv:Body>
      <v1:findRepresentativeRolesByINSSRequest>
         <v1:messageContext>
         	  <v11:messageId>${=import static java.util.UUID.randomUUID; uuid = randomUUID() as String}</v11:messageId>
            <v11:timestamp>${=new java.text.SimpleDateFormat("yyyy-MM-dd'T'HH:mm:ss.SSS").format(new Date())}</v11:timestamp>
         </v1:messageContext>
         <v1:legalContext>ServiceIntegrator</v1:legalContext>
         <v1:request>
            <v1:Domain>QUAL_FED_HEALTHCARE</v1:Domain>
            <v1:INSS>86051933959</v1:INSS>
            <v1:Language>nl</v1:Language>
         </v1:request>
      </v1:findRepresentativeRolesByINSSRequest>
   </soapenv:Body>
</soapenv:Envelope>]]></con:request><con:assertion type="SOAP Fault Assertion" id="9e000734-dc62-4c3b-803c-6fb34cc0f17d" name="Not SOAP Fault"/><con:assertion type="SOAP Response" id="c20fd296-45f0-48c6-a7fa-239879230ddb" name="SOAP Response"/><con:assertion type="Schema Compliance" id="34fc3cc7-532d-4daa-be45-1c92489fbdf8" name="Schema Compliance"><con:configuration/></con:assertion><con:wsaConfig action="http://fidus.brussels/services/accessmanagerservice/findRepresentativeRolesByINSS"/></con:request></con:config></con:testStep><con:properties/></con:testCase><con:testCase id="3e7dfded-6905-447b-838d-0118be174693" failOnError="true" failTestCaseOnErrors="true" keepSession="false" maxResults="0" name="getDomain" searchProperties="true"><con:settings/><con:testStep type="request" id="432d36f9-8b4a-4c79-b6e7-78e4679e11d6" name="testcase3 - Test - LB - Request"><con:settings/><con:config xsi:type="con:RequestStep" xmlns:xsi="http://www.w3.org/2001/XMLSchema-instance"><con:interface>AccessManagerServiceHTTPBinding</con:interface><con:operation>getDomain</con:operation><con:request name="testcase3 - Test - LB - Request" id="6e65a854-7819-4f53-af76-f6e21976f142" outgoingWss="Outflow TEST"><con:settings/><con:encoding>UTF-8</con:encoding><con:endpoint>https://esb-security-gw.sta.srv.cirb.lan:8443/services/AccessManagerService_v1.0</con:endpoint><con:request><![CDATA[<soapenv:Envelope xmlns:soapenv="http://schemas.xmlsoap.org/soap/envelope/" xmlns:v1="http://fidus.brussels/service/accessmanagerservice/messages/v1" xmlns:v11="http://fidus.brussels/type/common/messages/v1" >
   <soapenv:Header/>
   <soapenv:Body>
      <v1:getDomainRequest>
         <v1:messageContext>
         	  <v11:messageId>${=import static java.util.UUID.randomUUID; uuid = randomUUID() as String}</v11:messageId>
            <v11:timestamp>${=new java.text.SimpleDateFormat("yyyy-MM-dd'T'HH:mm:ss.SSS").format(new Date())}</v11:timestamp>
         </v1:messageContext>
         <v1:legalContext>ServiceIntegrator</v1:legalContext>
         <v1:request>
         	  <v1:Domain>FINANCE</v1:Domain>
            <v1:Language>fr</v1:Language>
         </v1:request>
      </v1:getDomainRequest>
   </soapenv:Body>
</soapenv:Envelope>]]></con:request><con:assertion type="SOAP Fault Assertion" id="e5e93677-43f4-47fb-aa60-6d953ce10e17" name="Not SOAP Fault"/><con:assertion type="SOAP Response" id="8f34b3fd-9417-4c8c-9cfe-341f983f0f8c" name="SOAP Response"/><con:assertion type="Schema Compliance" id="9adb2b94-e598-48ad-9dd2-47894a883467" name="Schema Compliance"><con:configuration/></con:assertion><con:wsaConfig action="http://fidus.brussels/services/accessmanagerservice/getDomain"/></con:request></con:config></con:testStep><con:testStep type="request" id="0d1c1fe7-1395-45bb-8923-a80f4dda22a4" name="testcase3 - Test - Worker1 - Request"><con:settings/><con:config xsi:type="con:RequestStep" xmlns:xsi="http://www.w3.org/2001/XMLSchema-instance"><con:interface>AccessManagerServiceHTTPBinding</con:interface><con:operation>getDomain</con:operation><con:request name="testcase3 - Test - Worker1 - Request" id="e938ab3c-f8ac-483d-a49e-443d0294c427" outgoingWss="Outflow TEST"><con:settings/><con:encoding>UTF-8</con:encoding><con:endpoint>https://192.168.24.45:8443/services/AccessManagerService_v1.0</con:endpoint><con:request><![CDATA[<soapenv:Envelope xmlns:soapenv="http://schemas.xmlsoap.org/soap/envelope/" xmlns:v1="http://fidus.brussels/service/accessmanagerservice/messages/v1" xmlns:v11="http://fidus.brussels/type/common/messages/v1" >
   <soapenv:Header/>
   <soapenv:Body>
      <v1:getDomainRequest>
         <v1:messageContext>
         	  <v11:messageId>${=import static java.util.UUID.randomUUID; uuid = randomUUID() as String}</v11:messageId>
            <v11:timestamp>${=new java.text.SimpleDateFormat("yyyy-MM-dd'T'HH:mm:ss.SSS").format(new Date())}</v11:timestamp>
         </v1:messageContext>
         <v1:legalContext>ServiceIntegrator</v1:legalContext>
         <v1:request>
         	  <v1:Domain>FINANCE</v1:Domain>
            <v1:Language>fr</v1:Language>
         </v1:request>
      </v1:getDomainRequest>
   </soapenv:Body>
</soapenv:Envelope>]]></con:request><con:assertion type="SOAP Fault Assertion" id="5a78fffc-0a08-4a01-afe8-d8594255942f" name="Not SOAP Fault"/><con:assertion type="SOAP Response" id="b1276c99-1cb0-4caf-909b-54a850d1017d" name="SOAP Response"/><con:assertion type="Schema Compliance" id="c1604c1d-cd0d-407e-822e-0eccb50be291" name="Schema Compliance"><con:configuration/></con:assertion><con:wsaConfig action="http://fidus.brussels/services/accessmanagerservice/getDomain"/></con:request></con:config></con:testStep><con:testStep type="request" id="671ea7ba-ef0d-4bca-8b31-8e53a46a5704" name="testcase3 - Test - Worker2 - Request"><con:settings/><con:config xsi:type="con:RequestStep" xmlns:xsi="http://www.w3.org/2001/XMLSchema-instance"><con:interface>AccessManagerServiceHTTPBinding</con:interface><con:operation>getDomain</con:operation><con:request name="testcase3 - Test - Worker2 - Request" id="90c18feb-5804-4087-a7c0-9a57fc0bc547" outgoingWss="Outflow TEST"><con:settings/><con:encoding>UTF-8</con:encoding><con:endpoint>https://192.168.24.51:8443/services/AccessManagerService_v1.0</con:endpoint><con:request><![CDATA[<soapenv:Envelope xmlns:soapenv="http://schemas.xmlsoap.org/soap/envelope/" xmlns:v1="http://fidus.brussels/service/accessmanagerservice/messages/v1" xmlns:v11="http://fidus.brussels/type/common/messages/v1" >
   <soapenv:Header/>
   <soapenv:Body>
      <v1:getDomainRequest>
         <v1:messageContext>
         	  <v11:messageId>${=import static java.util.UUID.randomUUID; uuid = randomUUID() as String}</v11:messageId>
            <v11:timestamp>${=new java.text.SimpleDateFormat("yyyy-MM-dd'T'HH:mm:ss.SSS").format(new Date())}</v11:timestamp>
         </v1:messageContext>
         <v1:legalContext>ServiceIntegrator</v1:legalContext>
         <v1:request>
         	  <v1:Domain>FINANCE</v1:Domain>
            <v1:Language>fr</v1:Language>
         </v1:request>
      </v1:getDomainRequest>
   </soapenv:Body>
</soapenv:Envelope>]]></con:request><con:assertion type="SOAP Fault Assertion" id="6a27e75a-9287-4828-8223-9c9545c894e1" name="Not SOAP Fault"/><con:assertion type="SOAP Response" id="910a7e89-fcb3-40bd-b28d-5b536d418090" name="SOAP Response"/><con:assertion type="Schema Compliance" id="741d4b72-291d-4370-aa1c-7f1e176b6042" name="Schema Compliance"><con:configuration/></con:assertion><con:wsaConfig action="http://fidus.brussels/services/accessmanagerservice/getDomain"/></con:request></con:config></con:testStep><con:testStep type="request" id="d2208008-be50-4884-83c9-f1caf52b019a" name="testcase3 - Test - Worker1New - Request"><con:settings/><con:config xsi:type="con:RequestStep" xmlns:xsi="http://www.w3.org/2001/XMLSchema-instance"><con:interface>AccessManagerServiceHTTPBinding</con:interface><con:operation>getDomain</con:operation><con:request name="testcase3 - Test - Worker1New - Request" id="f8029246-b6d7-487a-a553-657ee98d9af2" outgoingWss="Outflow TEST"><con:settings/><con:encoding>UTF-8</con:encoding><con:endpoint>https://192.168.24.45:8443/services/AccessManagerService_v1.0</con:endpoint><con:request><![CDATA[<soapenv:Envelope xmlns:soapenv="http://schemas.xmlsoap.org/soap/envelope/" xmlns:v1="http://fidus.brussels/service/accessmanagerservice/messages/v1" xmlns:v11="http://fidus.brussels/type/common/messages/v1" >
   <soapenv:Header/>
   <soapenv:Body>
      <v1:getDomainRequest>
         <v1:messageContext>
         	  <v11:messageId>${=import static java.util.UUID.randomUUID; uuid = randomUUID() as String}</v11:messageId>
            <v11:timestamp>${=new java.text.SimpleDateFormat("yyyy-MM-dd'T'HH:mm:ss.SSS").format(new Date())}</v11:timestamp>
         </v1:messageContext>
         <v1:legalContext>ServiceIntegrator</v1:legalContext>
         <v1:request>
         	  <v1:Domain>FINANCE</v1:Domain>
            <v1:Language>fr</v1:Language>
         </v1:request>
      </v1:getDomainRequest>
   </soapenv:Body>
</soapenv:Envelope>]]></con:request><con:assertion type="SOAP Fault Assertion" id="3e40d3eb-949c-4ec4-affd-2d25c53eed11" name="Not SOAP Fault"/><con:assertion type="SOAP Response" id="1e37b8d1-efb3-428b-ae10-d244160a98e6" name="SOAP Response"/><con:assertion type="Schema Compliance" id="c730e8f4-b99d-4383-b264-83b0f7e622c9" name="Schema Compliance"><con:configuration/></con:assertion><con:wsaConfig action="http://fidus.brussels/services/accessmanagerservice/getDomain"/></con:request></con:config></con:testStep><con:testStep type="request" id="0515e926-0ac9-48f5-ac40-aabe8476a16f" name="testcase3 - Test - Worker2New - Request"><con:settings/><con:config xsi:type="con:RequestStep" xmlns:xsi="http://www.w3.org/2001/XMLSchema-instance"><con:interface>AccessManagerServiceHTTPBinding</con:interface><con:operation>getDomain</con:operation><con:request name="testcase3 - Test - Worker2New - Request" id="d18640ad-6441-43e1-aec7-e599309a00e5" outgoingWss="Outflow TEST"><con:settings/><con:encoding>UTF-8</con:encoding><con:endpoint>https://192.168.24.51:8443/services/AccessManagerService_v1.0</con:endpoint><con:request><![CDATA[<soapenv:Envelope xmlns:soapenv="http://schemas.xmlsoap.org/soap/envelope/" xmlns:v1="http://fidus.brussels/service/accessmanagerservice/messages/v1" xmlns:v11="http://fidus.brussels/type/common/messages/v1" >
   <soapenv:Header/>
   <soapenv:Body>
      <v1:getDomainRequest>
         <v1:messageContext>
         	  <v11:messageId>${=import static java.util.UUID.randomUUID; uuid = randomUUID() as String}</v11:messageId>
            <v11:timestamp>${=new java.text.SimpleDateFormat("yyyy-MM-dd'T'HH:mm:ss.SSS").format(new Date())}</v11:timestamp>
         </v1:messageContext>
         <v1:legalContext>ServiceIntegrator</v1:legalContext>
         <v1:request>
         	  <v1:Domain>FINANCE</v1:Domain>
            <v1:Language>fr</v1:Language>
         </v1:request>
      </v1:getDomainRequest>
   </soapenv:Body>
</soapenv:Envelope>]]></con:request><con:assertion type="SOAP Fault Assertion" id="34b27c6c-2c5e-454a-bef3-8961350dec48" name="Not SOAP Fault"/><con:assertion type="SOAP Response" id="ab227fd3-97e3-4e7f-961f-e4e201c778ad" name="SOAP Response"/><con:assertion type="Schema Compliance" id="bb15a805-0181-432f-814f-3c144f487c4f" name="Schema Compliance"><con:configuration/></con:assertion><con:wsaConfig action="http://fidus.brussels/services/accessmanagerservice/getDomain"/></con:request></con:config></con:testStep><con:properties/></con:testCase><con:testCase id="f7120eac-5073-4fed-906e-2e91fb2e7741" failOnError="true" failTestCaseOnErrors="true" keepSession="false" maxResults="0" name="getEntityRepresentatives" searchProperties="true"><con:settings/><con:testStep type="request" id="cbec05ba-9e70-4388-9075-5b30cdc68dbc" name="testcase3 - Test - LB - Request"><con:settings/><con:config xsi:type="con:RequestStep" xmlns:xsi="http://www.w3.org/2001/XMLSchema-instance"><con:interface>AccessManagerServiceHTTPBinding</con:interface><con:operation>getEntityRepresentatives</con:operation><con:request name="testcase3 - Test - LB - Request" id="74052f69-5137-4e40-b36e-004371f04cd8" outgoingWss="Outflow TEST"><con:settings/><con:encoding>UTF-8</con:encoding><con:endpoint>https://esb-security-gw.sta.srv.cirb.lan:8443/services/AccessManagerService_v1.0</con:endpoint><con:request><![CDATA[<soapenv:Envelope xmlns:soapenv="http://schemas.xmlsoap.org/soap/envelope/" xmlns:v1="http://fidus.brussels/service/accessmanagerservice/messages/v1" xmlns:v11="http://fidus.brussels/type/common/messages/v1" xmlns:v31="http://socialsecurity.be/umanentityrepresentative/types/v3" >
   <soapenv:Header/>
   <soapenv:Body>
      <v1:getEntityRepresentativesRequest>
         <v1:messageContext>
         	  <v11:messageId>${=import static java.util.UUID.randomUUID; uuid = randomUUID() as String}</v11:messageId>
            <v11:timestamp>${=new java.text.SimpleDateFormat("yyyy-MM-dd'T'HH:mm:ss.SSS").format(new Date())}</v11:timestamp>
         </v1:messageContext>
         <v1:legalContext>ServiceIntegrator</v1:legalContext>
         <v1:request>
            <v1:Domain>QUAL_FED_HEALTHCARE</v1:Domain>
            <v1:OrganisationId>
               <v31:Identifier>1990000431</v31:Identifier>
               <v31:IdentifierType>BEEHP</v31:IdentifierType>
            </v1:OrganisationId>
            <v1:Language>nl</v1:Language>
         </v1:request>
      </v1:getEntityRepresentativesRequest>
   </soapenv:Body>
</soapenv:Envelope>]]></con:request><con:assertion type="SOAP Fault Assertion" id="cef93e66-12e3-4299-8ed3-a5f137d14e29" name="Not SOAP Fault"/><con:assertion type="SOAP Response" id="78b12c81-b5b1-4a9f-9e8a-f49eb3e2e56c" name="SOAP Response"/><con:assertion type="Schema Compliance" id="05757770-9c8d-4015-a2df-093262b92df6" name="Schema Compliance"><con:configuration/></con:assertion><con:wsaConfig action="http://fidus.brussels/services/accessmanagerservice/getEntityRepresentatives"/></con:request></con:config></con:testStep><con:testStep type="request" id="5a3598e4-bf9c-4ffc-add9-105b31226212" name="testcase3 - Test - Worker1 - Request"><con:settings/><con:config xsi:type="con:RequestStep" xmlns:xsi="http://www.w3.org/2001/XMLSchema-instance"><con:interface>AccessManagerServiceHTTPBinding</con:interface><con:operation>getEntityRepresentatives</con:operation><con:request name="testcase3 - Test - Worker1 - Request" id="416974a9-c186-4f63-8799-8c5b0a6eeb6b" outgoingWss="Outflow TEST"><con:settings/><con:encoding>UTF-8</con:encoding><con:endpoint>https://192.168.24.45:8443/services/AccessManagerService_v1.0</con:endpoint><con:request><![CDATA[<soapenv:Envelope xmlns:soapenv="http://schemas.xmlsoap.org/soap/envelope/" xmlns:v1="http://fidus.brussels/service/accessmanagerservice/messages/v1" xmlns:v11="http://fidus.brussels/type/common/messages/v1" xmlns:v31="http://socialsecurity.be/umanentityrepresentative/types/v3" >
   <soapenv:Header/>
   <soapenv:Body>
      <v1:getEntityRepresentativesRequest>
         <v1:messageContext>
         	  <v11:messageId>${=import static java.util.UUID.randomUUID; uuid = randomUUID() as String}</v11:messageId>
            <v11:timestamp>${=new java.text.SimpleDateFormat("yyyy-MM-dd'T'HH:mm:ss.SSS").format(new Date())}</v11:timestamp>
         </v1:messageContext>
         <v1:legalContext>ServiceIntegrator</v1:legalContext>
         <v1:request>
            <v1:Domain>QUAL_FED_HEALTHCARE</v1:Domain>
            <v1:OrganisationId>
               <v31:Identifier>1990000431</v31:Identifier>
               <v31:IdentifierType>BEEHP</v31:IdentifierType>
            </v1:OrganisationId>
            <v1:Language>nl</v1:Language>
         </v1:request>
      </v1:getEntityRepresentativesRequest>
   </soapenv:Body>
</soapenv:Envelope>]]></con:request><con:assertion type="SOAP Fault Assertion" id="dc86f537-74ae-4ace-bde7-1e72140266bd" name="Not SOAP Fault"/><con:assertion type="SOAP Response" id="2098cec5-944a-49cc-9a1a-46eb245f33c2" name="SOAP Response"/><con:assertion type="Schema Compliance" id="46a5c360-b764-481b-b633-d1c1287e0db8" name="Schema Compliance"><con:configuration/></con:assertion><con:wsaConfig action="http://fidus.brussels/services/accessmanagerservice/getEntityRepresentatives"/></con:request></con:config></con:testStep><con:testStep type="request" id="183c1788-41a5-40db-b936-247770180e40" name="testcase3 - Test - Worker2 - Request"><con:settings/><con:config xsi:type="con:RequestStep" xmlns:xsi="http://www.w3.org/2001/XMLSchema-instance"><con:interface>AccessManagerServiceHTTPBinding</con:interface><con:operation>getEntityRepresentatives</con:operation><con:request name="testcase3 - Test - Worker2 - Request" id="e5725a48-b88b-44c5-8a21-fbd0f29231d9" outgoingWss="Outflow TEST"><con:settings/><con:encoding>UTF-8</con:encoding><con:endpoint>https://192.168.24.51:8443/services/AccessManagerService_v1.0</con:endpoint><con:request><![CDATA[<soapenv:Envelope xmlns:soapenv="http://schemas.xmlsoap.org/soap/envelope/" xmlns:v1="http://fidus.brussels/service/accessmanagerservice/messages/v1" xmlns:v11="http://fidus.brussels/type/common/messages/v1" xmlns:v31="http://socialsecurity.be/umanentityrepresentative/types/v3" >
   <soapenv:Header/>
   <soapenv:Body>
      <v1:getEntityRepresentativesRequest>
         <v1:messageContext>
         	  <v11:messageId>${=import static java.util.UUID.randomUUID; uuid = randomUUID() as String}</v11:messageId>
            <v11:timestamp>${=new java.text.SimpleDateFormat("yyyy-MM-dd'T'HH:mm:ss.SSS").format(new Date())}</v11:timestamp>
         </v1:messageContext>
         <v1:legalContext>ServiceIntegrator</v1:legalContext>
         <v1:request>
            <v1:Domain>QUAL_FED_HEALTHCARE</v1:Domain>
            <v1:OrganisationId>
               <v31:Identifier>1990000431</v31:Identifier>
               <v31:IdentifierType>BEEHP</v31:IdentifierType>
            </v1:OrganisationId>
            <v1:Language>nl</v1:Language>
         </v1:request>
      </v1:getEntityRepresentativesRequest>
   </soapenv:Body>
</soapenv:Envelope>]]></con:request><con:assertion type="SOAP Fault Assertion" id="7382a034-a5f7-4a55-b525-70604ee9c083" name="Not SOAP Fault"/><con:assertion type="SOAP Response" id="be43a503-99c2-4170-8299-a4b047768b9e" name="SOAP Response"/><con:assertion type="Schema Compliance" id="198dcfa2-4453-4a18-8f23-d4126750cbe1" name="Schema Compliance"><con:configuration/></con:assertion><con:wsaConfig action="http://fidus.brussels/services/accessmanagerservice/getEntityRepresentatives"/></con:request></con:config></con:testStep><con:testStep type="request" id="9712bbe4-5874-4bf3-a610-e218de6cd1f7" name="testcase3 - Test - Worker1New - Request"><con:settings/><con:config xsi:type="con:RequestStep" xmlns:xsi="http://www.w3.org/2001/XMLSchema-instance"><con:interface>AccessManagerServiceHTTPBinding</con:interface><con:operation>getEntityRepresentatives</con:operation><con:request name="testcase3 - Test - Worker1New - Request" id="07f32f58-da07-4296-9274-d449f8efbfcd" outgoingWss="Outflow TEST"><con:settings/><con:encoding>UTF-8</con:encoding><con:endpoint>https://192.168.24.45:8443/services/AccessManagerService_v1.0</con:endpoint><con:request><![CDATA[<soapenv:Envelope xmlns:soapenv="http://schemas.xmlsoap.org/soap/envelope/" xmlns:v1="http://fidus.brussels/service/accessmanagerservice/messages/v1" xmlns:v11="http://fidus.brussels/type/common/messages/v1" xmlns:v31="http://socialsecurity.be/umanentityrepresentative/types/v3" >
   <soapenv:Header/>
   <soapenv:Body>
      <v1:getEntityRepresentativesRequest>
         <v1:messageContext>
         	  <v11:messageId>${=import static java.util.UUID.randomUUID; uuid = randomUUID() as String}</v11:messageId>
            <v11:timestamp>${=new java.text.SimpleDateFormat("yyyy-MM-dd'T'HH:mm:ss.SSS").format(new Date())}</v11:timestamp>
         </v1:messageContext>
         <v1:legalContext>ServiceIntegrator</v1:legalContext>
         <v1:request>
            <v1:Domain>QUAL_FED_HEALTHCARE</v1:Domain>
            <v1:OrganisationId>
               <v31:Identifier>1990000431</v31:Identifier>
               <v31:IdentifierType>BEEHP</v31:IdentifierType>
            </v1:OrganisationId>
            <v1:Language>nl</v1:Language>
         </v1:request>
      </v1:getEntityRepresentativesRequest>
   </soapenv:Body>
</soapenv:Envelope>]]></con:request><con:assertion type="SOAP Fault Assertion" id="c20b137d-2312-48d8-b1a1-8a1ba34a4416" name="Not SOAP Fault"/><con:assertion type="SOAP Response" id="2746beac-588d-4d35-9eb8-aabda303c773" name="SOAP Response"/><con:assertion type="Schema Compliance" id="8c9e3ae2-30e3-4225-926c-7e13ef9e07ed" name="Schema Compliance"><con:configuration/></con:assertion><con:wsaConfig action="http://fidus.brussels/services/accessmanagerservice/getEntityRepresentatives"/></con:request></con:config></con:testStep><con:testStep type="request" id="3b258986-32fe-4cdf-a928-d622fd6f0328" name="testcase3 - Test - Worker2New - Request"><con:settings/><con:config xsi:type="con:RequestStep" xmlns:xsi="http://www.w3.org/2001/XMLSchema-instance"><con:interface>AccessManagerServiceHTTPBinding</con:interface><con:operation>getEntityRepresentatives</con:operation><con:request name="testcase3 - Test - Worker2New - Request" id="6018cb7b-981f-421a-ab5f-cce10d588635" outgoingWss="Outflow TEST"><con:settings/><con:encoding>UTF-8</con:encoding><con:endpoint>https://192.168.24.51:8443/services/AccessManagerService_v1.0</con:endpoint><con:request><![CDATA[<soapenv:Envelope xmlns:soapenv="http://schemas.xmlsoap.org/soap/envelope/" xmlns:v1="http://fidus.brussels/service/accessmanagerservice/messages/v1" xmlns:v11="http://fidus.brussels/type/common/messages/v1" xmlns:v31="http://socialsecurity.be/umanentityrepresentative/types/v3" >
   <soapenv:Header/>
   <soapenv:Body>
      <v1:getEntityRepresentativesRequest>
         <v1:messageContext>
         	  <v11:messageId>${=import static java.util.UUID.randomUUID; uuid = randomUUID() as String}</v11:messageId>
            <v11:timestamp>${=new java.text.SimpleDateFormat("yyyy-MM-dd'T'HH:mm:ss.SSS").format(new Date())}</v11:timestamp>
         </v1:messageContext>
         <v1:legalContext>ServiceIntegrator</v1:legalContext>
         <v1:request>
            <v1:Domain>QUAL_FED_HEALTHCARE</v1:Domain>
            <v1:OrganisationId>
               <v31:Identifier>1990000431</v31:Identifier>
               <v31:IdentifierType>BEEHP</v31:IdentifierType>
            </v1:OrganisationId>
            <v1:Language>nl</v1:Language>
         </v1:request>
      </v1:getEntityRepresentativesRequest>
   </soapenv:Body>
</soapenv:Envelope>]]></con:request><con:assertion type="SOAP Fault Assertion" id="ab1e532a-8e83-471b-945a-1048429564f4" name="Not SOAP Fault"/><con:assertion type="SOAP Response" id="2de54fdd-7c11-48af-9112-fb1041f7be89" name="SOAP Response"/><con:assertion type="Schema Compliance" id="725c437a-b080-41ce-b722-efc498c41ff2" name="Schema Compliance"><con:configuration/></con:assertion><con:wsaConfig action="http://fidus.brussels/services/accessmanagerservice/getEntityRepresentatives"/></con:request></con:config></con:testStep><con:properties/></con:testCase><con:testCase id="be9f6964-1ff7-4143-b817-a43cf4a11d82" failOnError="true" failTestCaseOnErrors="true" keepSession="false" maxResults="0" name="getOrganisationChildNodes" searchProperties="true"><con:settings/><con:testStep type="request" id="c2c00eb7-5588-40b7-8259-15a2990458c6" name="testcase3 - Test - LB - Request"><con:settings/><con:config xsi:type="con:RequestStep" xmlns:xsi="http://www.w3.org/2001/XMLSchema-instance"><con:interface>AccessManagerServiceHTTPBinding</con:interface><con:operation>getOrganisationChildNodes</con:operation><con:request name="testcase3 - Test - LB - Request" id="b1508fd0-9dc3-488b-9df5-05a001a24c81" outgoingWss="Outflow TEST"><con:settings/><con:encoding>UTF-8</con:encoding><con:endpoint>https://esb-security-gw.sta.srv.cirb.lan:8443/services/AccessManagerService_v1.0</con:endpoint><con:request><![CDATA[<soapenv:Envelope xmlns:soapenv="http://schemas.xmlsoap.org/soap/envelope/" xmlns:v1="http://fidus.brussels/service/accessmanagerservice/messages/v1" xmlns:v11="http://fidus.brussels/type/common/messages/v1" xmlns:v31="http://socialsecurity.be/umanentityrepresentative/types/v3">
   <soapenv:Header/>
   <soapenv:Body>
      <v1:getOrganisationChildNodesRequest>
         <v1:messageContext>
         	  <v11:messageId>${=import static java.util.UUID.randomUUID; uuid = randomUUID() as String}</v11:messageId>
            <v11:timestamp>${=new java.text.SimpleDateFormat("yyyy-MM-dd'T'HH:mm:ss.SSS").format(new Date())}</v11:timestamp>
         </v1:messageContext>
         <v1:legalContext>ServiceIntegrator</v1:legalContext>
         <v1:request>
            <v1:Domain>QUAL_FED_HEALTHCARE</v1:Domain>
            <v1:OrganisationId>
               <v31:Identifier>1990000431</v31:Identifier>
               <v31:IdentifierType>BEEHP</v31:IdentifierType>
            </v1:OrganisationId>
            <v1:Language>nl</v1:Language>
         </v1:request>
      </v1:getOrganisationChildNodesRequest>
   </soapenv:Body>
</soapenv:Envelope>]]></con:request><con:assertion type="SOAP Fault Assertion" id="aeb2b2a0-d7cf-4031-a927-b6b4074716c5" name="Not SOAP Fault"/><con:assertion type="SOAP Response" id="d3d42aa4-de71-423c-8671-cc19cb03e52d" name="SOAP Response"/><con:assertion type="Schema Compliance" id="05d73e5d-bbdb-4aca-84d5-aaf0b843b62f" name="Schema Compliance"><con:configuration/></con:assertion><con:wsaConfig action="http://fidus.brussels/services/accessmanagerservice/getOrganisationChildNodes"/></con:request></con:config></con:testStep><con:testStep type="request" id="e4f39ac0-4227-46e5-87b7-f6e9fb1568d1" name="testcase3 - Test - Worker1 - Request"><con:settings/><con:config xsi:type="con:RequestStep" xmlns:xsi="http://www.w3.org/2001/XMLSchema-instance"><con:interface>AccessManagerServiceHTTPBinding</con:interface><con:operation>getOrganisationChildNodes</con:operation><con:request name="testcase3 - Test - Worker1 - Request" id="567eb25f-3a5f-4ef4-88ec-ee2e7fa12f3a" outgoingWss="Outflow TEST"><con:settings/><con:encoding>UTF-8</con:encoding><con:endpoint>https://192.168.24.45:8443/services/AccessManagerService_v1.0</con:endpoint><con:request><![CDATA[<soapenv:Envelope xmlns:soapenv="http://schemas.xmlsoap.org/soap/envelope/" xmlns:v1="http://fidus.brussels/service/accessmanagerservice/messages/v1" xmlns:v11="http://fidus.brussels/type/common/messages/v1" xmlns:v31="http://socialsecurity.be/umanentityrepresentative/types/v3">
   <soapenv:Header/>
   <soapenv:Body>
      <v1:getOrganisationChildNodesRequest>
         <v1:messageContext>
         	  <v11:messageId>${=import static java.util.UUID.randomUUID; uuid = randomUUID() as String}</v11:messageId>
            <v11:timestamp>${=new java.text.SimpleDateFormat("yyyy-MM-dd'T'HH:mm:ss.SSS").format(new Date())}</v11:timestamp>
         </v1:messageContext>
         <v1:legalContext>ServiceIntegrator</v1:legalContext>
         <v1:request>
            <v1:Domain>QUAL_FED_HEALTHCARE</v1:Domain>
            <v1:OrganisationId>
               <v31:Identifier>1990000431</v31:Identifier>
               <v31:IdentifierType>BEEHP</v31:IdentifierType>
            </v1:OrganisationId>
            <v1:Language>nl</v1:Language>
         </v1:request>
      </v1:getOrganisationChildNodesRequest>
   </soapenv:Body>
</soapenv:Envelope>]]></con:request><con:assertion type="SOAP Fault Assertion" id="54aed1db-edef-4a61-b0f6-cb7370809b96" name="Not SOAP Fault"/><con:assertion type="SOAP Response" id="85f2d84f-4527-4258-a399-f17887c4eaa1" name="SOAP Response"/><con:assertion type="Schema Compliance" id="0140e36a-327d-4ac5-b409-a7376a616057" name="Schema Compliance"><con:configuration/></con:assertion><con:wsaConfig action="http://fidus.brussels/services/accessmanagerservice/getOrganisationChildNodes"/></con:request></con:config></con:testStep><con:testStep type="request" id="dd421442-fdb2-4f41-9c1e-46df87220a80" name="testcase3 - Test - Worker2 - Request"><con:settings/><con:config xsi:type="con:RequestStep" xmlns:xsi="http://www.w3.org/2001/XMLSchema-instance"><con:interface>AccessManagerServiceHTTPBinding</con:interface><con:operation>getOrganisationChildNodes</con:operation><con:request name="testcase3 - Test - Worker2 - Request" id="e6a0f05c-bff6-4a03-bae3-e4d14076cb54" outgoingWss="Outflow TEST"><con:settings/><con:encoding>UTF-8</con:encoding><con:endpoint>https://192.168.24.51:8443/services/AccessManagerService_v1.0</con:endpoint><con:request><![CDATA[<soapenv:Envelope xmlns:soapenv="http://schemas.xmlsoap.org/soap/envelope/" xmlns:v1="http://fidus.brussels/service/accessmanagerservice/messages/v1" xmlns:v11="http://fidus.brussels/type/common/messages/v1" xmlns:v31="http://socialsecurity.be/umanentityrepresentative/types/v3">
   <soapenv:Header/>
   <soapenv:Body>
      <v1:getOrganisationChildNodesRequest>
         <v1:messageContext>
         	  <v11:messageId>${=import static java.util.UUID.randomUUID; uuid = randomUUID() as String}</v11:messageId>
            <v11:timestamp>${=new java.text.SimpleDateFormat("yyyy-MM-dd'T'HH:mm:ss.SSS").format(new Date())}</v11:timestamp>
         </v1:messageContext>
         <v1:legalContext>ServiceIntegrator</v1:legalContext>
         <v1:request>
            <v1:Domain>QUAL_FED_HEALTHCARE</v1:Domain>
            <v1:OrganisationId>
               <v31:Identifier>1990000431</v31:Identifier>
               <v31:IdentifierType>BEEHP</v31:IdentifierType>
            </v1:OrganisationId>
            <v1:Language>nl</v1:Language>
         </v1:request>
      </v1:getOrganisationChildNodesRequest>
   </soapenv:Body>
</soapenv:Envelope>]]></con:request><con:assertion type="SOAP Fault Assertion" id="b26c4801-e83f-4874-a180-438b56350e53" name="Not SOAP Fault"/><con:assertion type="SOAP Response" id="7dfa1e32-5e3a-49a6-ae93-9618eaf2ae2c" name="SOAP Response"/><con:assertion type="Schema Compliance" id="94659b66-9462-4e8d-8059-2e9c03639c73" name="Schema Compliance"><con:configuration/></con:assertion><con:wsaConfig action="http://fidus.brussels/services/accessmanagerservice/getOrganisationChildNodes"/></con:request></con:config></con:testStep><con:testStep type="request" id="2b614790-e3a2-465b-968f-695dd34c0025" name="testcase3 - Test - Worker1New - Request"><con:settings/><con:config xsi:type="con:RequestStep" xmlns:xsi="http://www.w3.org/2001/XMLSchema-instance"><con:interface>AccessManagerServiceHTTPBinding</con:interface><con:operation>getOrganisationChildNodes</con:operation><con:request name="testcase3 - Test - Worker1New - Request" id="add24303-1201-4881-965c-98644bdec102" outgoingWss="Outflow TEST"><con:settings/><con:encoding>UTF-8</con:encoding><con:endpoint>https://192.168.24.45:8443/services/AccessManagerService_v1.0</con:endpoint><con:request><![CDATA[<soapenv:Envelope xmlns:soapenv="http://schemas.xmlsoap.org/soap/envelope/" xmlns:v1="http://fidus.brussels/service/accessmanagerservice/messages/v1" xmlns:v11="http://fidus.brussels/type/common/messages/v1" xmlns:v31="http://socialsecurity.be/umanentityrepresentative/types/v3">
   <soapenv:Header/>
   <soapenv:Body>
      <v1:getOrganisationChildNodesRequest>
         <v1:messageContext>
         	  <v11:messageId>${=import static java.util.UUID.randomUUID; uuid = randomUUID() as String}</v11:messageId>
            <v11:timestamp>${=new java.text.SimpleDateFormat("yyyy-MM-dd'T'HH:mm:ss.SSS").format(new Date())}</v11:timestamp>
         </v1:messageContext>
         <v1:legalContext>ServiceIntegrator</v1:legalContext>
         <v1:request>
            <v1:Domain>QUAL_FED_HEALTHCARE</v1:Domain>
            <v1:OrganisationId>
               <v31:Identifier>1990000431</v31:Identifier>
               <v31:IdentifierType>BEEHP</v31:IdentifierType>
            </v1:OrganisationId>
            <v1:Language>nl</v1:Language>
         </v1:request>
      </v1:getOrganisationChildNodesRequest>
   </soapenv:Body>
</soapenv:Envelope>]]></con:request><con:assertion type="SOAP Fault Assertion" id="bbab4f5f-3e96-4e93-9117-6ec31f8e7524" name="Not SOAP Fault"/><con:assertion type="SOAP Response" id="5d8c3741-cc8f-430f-8341-dfdd60312ca1" name="SOAP Response"/><con:assertion type="Schema Compliance" id="af431586-eddf-471d-bd5b-aac090deaaa5" name="Schema Compliance"><con:configuration/></con:assertion><con:wsaConfig action="http://fidus.brussels/services/accessmanagerservice/getOrganisationChildNodes"/></con:request></con:config></con:testStep><con:testStep type="request" id="868b1b59-d9e7-4031-9a97-b70c9eb50a82" name="testcase3 - Test - Worker2New - Request"><con:settings/><con:config xsi:type="con:RequestStep" xmlns:xsi="http://www.w3.org/2001/XMLSchema-instance"><con:interface>AccessManagerServiceHTTPBinding</con:interface><con:operation>getOrganisationChildNodes</con:operation><con:request name="testcase3 - Test - Worker2New - Request" id="a893fe20-7cbf-492e-aa70-7ad328bfe5d0" outgoingWss="Outflow TEST"><con:settings/><con:encoding>UTF-8</con:encoding><con:endpoint>https://192.168.24.51:8443/services/AccessManagerService_v1.0</con:endpoint><con:request><![CDATA[<soapenv:Envelope xmlns:soapenv="http://schemas.xmlsoap.org/soap/envelope/" xmlns:v1="http://fidus.brussels/service/accessmanagerservice/messages/v1" xmlns:v11="http://fidus.brussels/type/common/messages/v1" xmlns:v31="http://socialsecurity.be/umanentityrepresentative/types/v3">
   <soapenv:Header/>
   <soapenv:Body>
      <v1:getOrganisationChildNodesRequest>
         <v1:messageContext>
         	  <v11:messageId>${=import static java.util.UUID.randomUUID; uuid = randomUUID() as String}</v11:messageId>
            <v11:timestamp>${=new java.text.SimpleDateFormat("yyyy-MM-dd'T'HH:mm:ss.SSS").format(new Date())}</v11:timestamp>
         </v1:messageContext>
         <v1:legalContext>ServiceIntegrator</v1:legalContext>
         <v1:request>
            <v1:Domain>QUAL_FED_HEALTHCARE</v1:Domain>
            <v1:OrganisationId>
               <v31:Identifier>1990000431</v31:Identifier>
               <v31:IdentifierType>BEEHP</v31:IdentifierType>
            </v1:OrganisationId>
            <v1:Language>nl</v1:Language>
         </v1:request>
      </v1:getOrganisationChildNodesRequest>
   </soapenv:Body>
</soapenv:Envelope>]]></con:request><con:assertion type="SOAP Fault Assertion" id="10281fb2-1f8b-4da3-9af9-abf4f9b68f35" name="Not SOAP Fault"/><con:assertion type="SOAP Response" id="69326139-087e-422c-9139-5e588d65f2b5" name="SOAP Response"/><con:assertion type="Schema Compliance" id="234b2167-3ffb-49c2-92dc-fe349b54be91" name="Schema Compliance"><con:configuration/></con:assertion><con:wsaConfig action="http://fidus.brussels/services/accessmanagerservice/getOrganisationChildNodes"/></con:request></con:config></con:testStep><con:properties/></con:testCase><con:testCase id="5a2fc484-0cfb-4ce0-8929-c7faee3c6319" failOnError="true" failTestCaseOnErrors="true" keepSession="false" maxResults="0" name="getOrganisationDenomination" searchProperties="true"><con:settings/><con:testStep type="request" id="7056cd1f-665a-43e7-bc29-650ddec65f81" name="testcase3 - Test - LB - Request"><con:settings/><con:config xsi:type="con:RequestStep" xmlns:xsi="http://www.w3.org/2001/XMLSchema-instance"><con:interface>AccessManagerServiceHTTPBinding</con:interface><con:operation>getOrganisationDenomination</con:operation><con:request name="testcase3 - Test - LB - Request" id="9e5fec54-42ca-4ad4-815b-a91a1a06bb31" outgoingWss="Outflow TEST"><con:settings/><con:encoding>UTF-8</con:encoding><con:endpoint>https://esb-security-gw.sta.srv.cirb.lan:8443/services/AccessManagerService_v1.0</con:endpoint><con:request><![CDATA[<soapenv:Envelope xmlns:soapenv="http://schemas.xmlsoap.org/soap/envelope/" xmlns:v1="http://fidus.brussels/service/accessmanagerservice/messages/v1" xmlns:v11="http://fidus.brussels/type/common/messages/v1" xmlns:v31="http://socialsecurity.be/umanentityrepresentative/types/v3">
   <soapenv:Header/>
   <soapenv:Body>
      <v1:getOrganisationDenominationRequest>
         <v1:messageContext>
         	  <v11:messageId>${=import static java.util.UUID.randomUUID; uuid = randomUUID() as String}</v11:messageId>
            <v11:timestamp>${=new java.text.SimpleDateFormat("yyyy-MM-dd'T'HH:mm:ss.SSS").format(new Date())}</v11:timestamp>
         </v1:messageContext>
         <v1:legalContext>ServiceIntegrator</v1:legalContext>
         <v1:request>
            <v1:Domain>QUAL_FED_HEALTHCARE</v1:Domain>
            <v1:OrganisationId>
               <v31:Identifier>1990000431</v31:Identifier>
               <v31:IdentifierType>BEEHP</v31:IdentifierType>
            </v1:OrganisationId>
            <v1:Language>nl</v1:Language>
         </v1:request>
      </v1:getOrganisationDenominationRequest>
   </soapenv:Body>
</soapenv:Envelope>]]></con:request><con:assertion type="SOAP Fault Assertion" id="0f837c26-76fb-430e-95d6-f850d2dc6299" name="Not SOAP Fault"/><con:assertion type="SOAP Response" id="274d8227-ca34-4b3b-818e-c086b81cffde" name="SOAP Response"/><con:assertion type="Schema Compliance" id="f9a75590-7ec9-48e2-b287-99471f850442" name="Schema Compliance"><con:configuration/></con:assertion><con:wsaConfig action="http://fidus.brussels/services/accessmanagerservice/getOrganisationDenomination"/></con:request></con:config></con:testStep><con:testStep type="request" id="62ef5e3f-4a40-4e16-94e9-7d01982e3cda" name="testcase3 - Test - Worker1 - Request"><con:settings/><con:config xsi:type="con:RequestStep" xmlns:xsi="http://www.w3.org/2001/XMLSchema-instance"><con:interface>AccessManagerServiceHTTPBinding</con:interface><con:operation>getOrganisationDenomination</con:operation><con:request name="testcase3 - Test - Worker1 - Request" id="1ac8827c-79a9-45d9-8880-296d15eccb7a" outgoingWss="Outflow TEST"><con:settings/><con:encoding>UTF-8</con:encoding><con:endpoint>https://192.168.24.45:8443/services/AccessManagerService_v1.0</con:endpoint><con:request><![CDATA[<soapenv:Envelope xmlns:soapenv="http://schemas.xmlsoap.org/soap/envelope/" xmlns:v1="http://fidus.brussels/service/accessmanagerservice/messages/v1" xmlns:v11="http://fidus.brussels/type/common/messages/v1" xmlns:v31="http://socialsecurity.be/umanentityrepresentative/types/v3">
   <soapenv:Header/>
   <soapenv:Body>
      <v1:getOrganisationDenominationRequest>
         <v1:messageContext>
         	  <v11:messageId>${=import static java.util.UUID.randomUUID; uuid = randomUUID() as String}</v11:messageId>
            <v11:timestamp>${=new java.text.SimpleDateFormat("yyyy-MM-dd'T'HH:mm:ss.SSS").format(new Date())}</v11:timestamp>
         </v1:messageContext>
         <v1:legalContext>ServiceIntegrator</v1:legalContext>
         <v1:request>
            <v1:Domain>QUAL_FED_HEALTHCARE</v1:Domain>
            <v1:OrganisationId>
               <v31:Identifier>1990000431</v31:Identifier>
               <v31:IdentifierType>BEEHP</v31:IdentifierType>
            </v1:OrganisationId>
            <v1:Language>nl</v1:Language>
         </v1:request>
      </v1:getOrganisationDenominationRequest>
   </soapenv:Body>
</soapenv:Envelope>]]></con:request><con:assertion type="SOAP Fault Assertion" id="ccd31610-4720-4a64-932d-b45c83293a77" name="Not SOAP Fault"/><con:assertion type="SOAP Response" id="e75169e1-ac26-4e34-8dd7-75467b1e98ed" name="SOAP Response"/><con:assertion type="Schema Compliance" id="99685138-eb72-4aed-a108-14e77509b695" name="Schema Compliance"><con:configuration/></con:assertion><con:wsaConfig action="http://fidus.brussels/services/accessmanagerservice/getOrganisationDenomination"/></con:request></con:config></con:testStep><con:testStep type="request" id="6ecb7cda-484e-438e-b588-5baef0e5c8d3" name="testcase3 - Test - Worker2 - Request"><con:settings/><con:config xsi:type="con:RequestStep" xmlns:xsi="http://www.w3.org/2001/XMLSchema-instance"><con:interface>AccessManagerServiceHTTPBinding</con:interface><con:operation>getOrganisationDenomination</con:operation><con:request name="testcase3 - Test - Worker2 - Request" id="fd9beaf5-7592-48c3-9897-8cf0340edb38" outgoingWss="Outflow TEST"><con:settings/><con:encoding>UTF-8</con:encoding><con:endpoint>https://192.168.24.51:8443/services/AccessManagerService_v1.0</con:endpoint><con:request><![CDATA[<soapenv:Envelope xmlns:soapenv="http://schemas.xmlsoap.org/soap/envelope/" xmlns:v1="http://fidus.brussels/service/accessmanagerservice/messages/v1" xmlns:v11="http://fidus.brussels/type/common/messages/v1" xmlns:v31="http://socialsecurity.be/umanentityrepresentative/types/v3">
   <soapenv:Header/>
   <soapenv:Body>
      <v1:getOrganisationDenominationRequest>
         <v1:messageContext>
         	  <v11:messageId>${=import static java.util.UUID.randomUUID; uuid = randomUUID() as String}</v11:messageId>
            <v11:timestamp>${=new java.text.SimpleDateFormat("yyyy-MM-dd'T'HH:mm:ss.SSS").format(new Date())}</v11:timestamp>
         </v1:messageContext>
         <v1:legalContext>ServiceIntegrator</v1:legalContext>
         <v1:request>
            <v1:Domain>QUAL_FED_HEALTHCARE</v1:Domain>
            <v1:OrganisationId>
               <v31:Identifier>1990000431</v31:Identifier>
               <v31:IdentifierType>BEEHP</v31:IdentifierType>
            </v1:OrganisationId>
            <v1:Language>nl</v1:Language>
         </v1:request>
      </v1:getOrganisationDenominationRequest>
   </soapenv:Body>
</soapenv:Envelope>]]></con:request><con:assertion type="SOAP Fault Assertion" id="380a26ca-cf2a-4b8b-8486-9289a9a1b02d" name="Not SOAP Fault"/><con:assertion type="SOAP Response" id="096cfdb6-96ad-4776-b1c5-a32491acaef5" name="SOAP Response"/><con:assertion type="Schema Compliance" id="77c3f1c1-f3b2-4659-899d-4d2469a86975" name="Schema Compliance"><con:configuration/></con:assertion><con:wsaConfig action="http://fidus.brussels/services/accessmanagerservice/getOrganisationDenomination"/></con:request></con:config></con:testStep><con:testStep type="request" id="1e67ac99-6379-4a5b-a559-ddea8c8ed7b2" name="testcase3 - Test - Worker1New - Request"><con:settings/><con:config xsi:type="con:RequestStep" xmlns:xsi="http://www.w3.org/2001/XMLSchema-instance"><con:interface>AccessManagerServiceHTTPBinding</con:interface><con:operation>getOrganisationDenomination</con:operation><con:request name="testcase3 - Test - Worker1New - Request" id="31793a26-b44c-4d88-a7ea-b99ed268ec91" outgoingWss="Outflow TEST"><con:settings/><con:encoding>UTF-8</con:encoding><con:endpoint>https://192.168.24.45:8443/services/AccessManagerService_v1.0</con:endpoint><con:request><![CDATA[<soapenv:Envelope xmlns:soapenv="http://schemas.xmlsoap.org/soap/envelope/" xmlns:v1="http://fidus.brussels/service/accessmanagerservice/messages/v1" xmlns:v11="http://fidus.brussels/type/common/messages/v1" xmlns:v31="http://socialsecurity.be/umanentityrepresentative/types/v3">
   <soapenv:Header/>
   <soapenv:Body>
      <v1:getOrganisationDenominationRequest>
         <v1:messageContext>
         	  <v11:messageId>${=import static java.util.UUID.randomUUID; uuid = randomUUID() as String}</v11:messageId>
            <v11:timestamp>${=new java.text.SimpleDateFormat("yyyy-MM-dd'T'HH:mm:ss.SSS").format(new Date())}</v11:timestamp>
         </v1:messageContext>
         <v1:legalContext>ServiceIntegrator</v1:legalContext>
         <v1:request>
            <v1:Domain>QUAL_FED_HEALTHCARE</v1:Domain>
            <v1:OrganisationId>
               <v31:Identifier>1990000431</v31:Identifier>
               <v31:IdentifierType>BEEHP</v31:IdentifierType>
            </v1:OrganisationId>
            <v1:Language>nl</v1:Language>
         </v1:request>
      </v1:getOrganisationDenominationRequest>
   </soapenv:Body>
</soapenv:Envelope>]]></con:request><con:assertion type="SOAP Fault Assertion" id="d8f1f4ae-e5e8-43a9-9c50-f84b3de81c02" name="Not SOAP Fault"/><con:assertion type="SOAP Response" id="f67fc81c-f038-4e62-a062-aa780baf8d99" name="SOAP Response"/><con:assertion type="Schema Compliance" id="c015fcb6-530e-4bd1-a95e-333f02b2bb12" name="Schema Compliance"><con:configuration/></con:assertion><con:wsaConfig action="http://fidus.brussels/services/accessmanagerservice/getOrganisationDenomination"/></con:request></con:config></con:testStep><con:testStep type="request" id="d17256b6-fed9-4f5b-bbf1-11508e2423df" name="testcase3 - Test - Worker2New - Request"><con:settings/><con:config xsi:type="con:RequestStep" xmlns:xsi="http://www.w3.org/2001/XMLSchema-instance"><con:interface>AccessManagerServiceHTTPBinding</con:interface><con:operation>getOrganisationDenomination</con:operation><con:request name="testcase3 - Test - Worker2New - Request" id="43056963-0e00-4905-959d-a8606e697ea1" outgoingWss="Outflow TEST"><con:settings/><con:encoding>UTF-8</con:encoding><con:endpoint>https://192.168.24.51:8443/services/AccessManagerService_v1.0</con:endpoint><con:request><![CDATA[<soapenv:Envelope xmlns:soapenv="http://schemas.xmlsoap.org/soap/envelope/" xmlns:v1="http://fidus.brussels/service/accessmanagerservice/messages/v1" xmlns:v11="http://fidus.brussels/type/common/messages/v1" xmlns:v31="http://socialsecurity.be/umanentityrepresentative/types/v3">
   <soapenv:Header/>
   <soapenv:Body>
      <v1:getOrganisationDenominationRequest>
         <v1:messageContext>
         	  <v11:messageId>${=import static java.util.UUID.randomUUID; uuid = randomUUID() as String}</v11:messageId>
            <v11:timestamp>${=new java.text.SimpleDateFormat("yyyy-MM-dd'T'HH:mm:ss.SSS").format(new Date())}</v11:timestamp>
         </v1:messageContext>
         <v1:legalContext>ServiceIntegrator</v1:legalContext>
         <v1:request>
            <v1:Domain>QUAL_FED_HEALTHCARE</v1:Domain>
            <v1:OrganisationId>
               <v31:Identifier>1990000431</v31:Identifier>
               <v31:IdentifierType>BEEHP</v31:IdentifierType>
            </v1:OrganisationId>
            <v1:Language>nl</v1:Language>
         </v1:request>
      </v1:getOrganisationDenominationRequest>
   </soapenv:Body>
</soapenv:Envelope>]]></con:request><con:assertion type="SOAP Fault Assertion" id="84ba5b24-49ac-40e7-b14e-2d622493967b" name="Not SOAP Fault"/><con:assertion type="SOAP Response" id="02e2970f-6b28-479d-be66-c1fcd2be5ae1" name="SOAP Response"/><con:assertion type="Schema Compliance" id="4b15c1b1-8ec8-4172-89dd-ea1f25e1ac7b" name="Schema Compliance"><con:configuration/></con:assertion><con:wsaConfig action="http://fidus.brussels/services/accessmanagerservice/getOrganisationDenomination"/></con:request></con:config></con:testStep><con:properties/></con:testCase><con:testCase id="11ba7b82-28c4-4424-ad12-0e83d55adee7" failOnError="true" failTestCaseOnErrors="true" keepSession="false" maxResults="0" name="getOrganisationParentNodes" searchProperties="true"><con:settings/><con:testStep type="request" id="91d350c9-b5e3-4a8f-8893-38fde67ab208" name="testcase3 - Test - LB - Request"><con:settings/><con:config xsi:type="con:RequestStep" xmlns:xsi="http://www.w3.org/2001/XMLSchema-instance"><con:interface>AccessManagerServiceHTTPBinding</con:interface><con:operation>getOrganisationParentNodes</con:operation><con:request name="testcase3 - Test - LB - Request" id="7de06351-20a4-4af7-91ca-ff097afed3ee" outgoingWss="Outflow TEST"><con:settings/><con:encoding>UTF-8</con:encoding><con:endpoint>https://esb-security-gw.sta.srv.cirb.lan:8443/services/AccessManagerService_v1.0</con:endpoint><con:request><![CDATA[<soapenv:Envelope xmlns:soapenv="http://schemas.xmlsoap.org/soap/envelope/" xmlns:v1="http://fidus.brussels/service/accessmanagerservice/messages/v1" xmlns:v11="http://fidus.brussels/type/common/messages/v1" xmlns:v31="http://socialsecurity.be/umanentityrepresentative/types/v3">
   <soapenv:Header/>
   <soapenv:Body>
      <v1:getOrganisationParentNodesRequest>
         <v1:messageContext>
         	  <v11:messageId>${=import static java.util.UUID.randomUUID; uuid = randomUUID() as String}</v11:messageId>
            <v11:timestamp>${=new java.text.SimpleDateFormat("yyyy-MM-dd'T'HH:mm:ss.SSS").format(new Date())}</v11:timestamp>
         </v1:messageContext>
         <v1:legalContext>ServiceIntegrator</v1:legalContext>
         <v1:request>
            <v1:Domain>QUAL_FED_HEALTHCARE</v1:Domain>
            <v1:OrganisationId>
               <v31:Identifier>1990000431</v31:Identifier>
               <v31:IdentifierType>BEEHP</v31:IdentifierType>
            </v1:OrganisationId>
            <v1:Language>nl</v1:Language>
         </v1:request>
      </v1:getOrganisationParentNodesRequest>
   </soapenv:Body>
</soapenv:Envelope>]]></con:request><con:assertion type="SOAP Fault Assertion" id="adf088e3-bcef-471f-9d6d-edf0da1ec868" name="Not SOAP Fault"/><con:assertion type="SOAP Response" id="902ebeeb-a368-45cd-9713-213a1fff18f9" name="SOAP Response"/><con:assertion type="Schema Compliance" id="56d80b3c-a4cf-4e47-beb7-92f7d75ae79b" name="Schema Compliance"><con:configuration/></con:assertion><con:wsaConfig action="http://fidus.brussels/services/accessmanagerservice/getOrganisationParentNodes"/></con:request></con:config></con:testStep><con:testStep type="request" id="2ed9f073-4058-4dad-a050-d85bf69dd395" name="testcase3 - Test - Worker1 - Request"><con:settings/><con:config xsi:type="con:RequestStep" xmlns:xsi="http://www.w3.org/2001/XMLSchema-instance"><con:interface>AccessManagerServiceHTTPBinding</con:interface><con:operation>getOrganisationParentNodes</con:operation><con:request name="testcase3 - Test - Worker1 - Request" id="da9f94fc-befa-43ae-9b8c-08ab5f37970e" outgoingWss="Outflow TEST"><con:settings/><con:encoding>UTF-8</con:encoding><con:endpoint>https://192.168.24.45:8443/services/AccessManagerService_v1.0</con:endpoint><con:request><![CDATA[<soapenv:Envelope xmlns:soapenv="http://schemas.xmlsoap.org/soap/envelope/" xmlns:v1="http://fidus.brussels/service/accessmanagerservice/messages/v1" xmlns:v11="http://fidus.brussels/type/common/messages/v1" xmlns:v31="http://socialsecurity.be/umanentityrepresentative/types/v3">
   <soapenv:Header/>
   <soapenv:Body>
      <v1:getOrganisationParentNodesRequest>
         <v1:messageContext>
         	  <v11:messageId>${=import static java.util.UUID.randomUUID; uuid = randomUUID() as String}</v11:messageId>
            <v11:timestamp>${=new java.text.SimpleDateFormat("yyyy-MM-dd'T'HH:mm:ss.SSS").format(new Date())}</v11:timestamp>
         </v1:messageContext>
         <v1:legalContext>ServiceIntegrator</v1:legalContext>
         <v1:request>
            <v1:Domain>QUAL_FED_HEALTHCARE</v1:Domain>
            <v1:OrganisationId>
               <v31:Identifier>1990000431</v31:Identifier>
               <v31:IdentifierType>BEEHP</v31:IdentifierType>
            </v1:OrganisationId>
            <v1:Language>nl</v1:Language>
         </v1:request>
      </v1:getOrganisationParentNodesRequest>
   </soapenv:Body>
</soapenv:Envelope>]]></con:request><con:assertion type="SOAP Fault Assertion" id="0e06c424-5a93-40b7-8efc-1819aa58f529" name="Not SOAP Fault"/><con:assertion type="SOAP Response" id="4d0da76c-2b04-446f-ab6a-e67664d60dcf" name="SOAP Response"/><con:assertion type="Schema Compliance" id="1655314c-a0ef-4a8c-b424-302e37594310" name="Schema Compliance"><con:configuration/></con:assertion><con:wsaConfig action="http://fidus.brussels/services/accessmanagerservice/getOrganisationParentNodes"/></con:request></con:config></con:testStep><con:testStep type="request" id="19a3e443-4470-4f3b-a0ab-0127183d6c0d" name="testcase3 - Test - Worker2 - Request"><con:settings/><con:config xsi:type="con:RequestStep" xmlns:xsi="http://www.w3.org/2001/XMLSchema-instance"><con:interface>AccessManagerServiceHTTPBinding</con:interface><con:operation>getOrganisationParentNodes</con:operation><con:request name="testcase3 - Test - Worker2 - Request" id="928306b0-74a1-4a21-9940-d49d0bcf0c8f" outgoingWss="Outflow TEST"><con:settings/><con:encoding>UTF-8</con:encoding><con:endpoint>https://192.168.24.51:8443/services/AccessManagerService_v1.0</con:endpoint><con:request><![CDATA[<soapenv:Envelope xmlns:soapenv="http://schemas.xmlsoap.org/soap/envelope/" xmlns:v1="http://fidus.brussels/service/accessmanagerservice/messages/v1" xmlns:v11="http://fidus.brussels/type/common/messages/v1" xmlns:v31="http://socialsecurity.be/umanentityrepresentative/types/v3">
   <soapenv:Header/>
   <soapenv:Body>
      <v1:getOrganisationParentNodesRequest>
         <v1:messageContext>
         	  <v11:messageId>${=import static java.util.UUID.randomUUID; uuid = randomUUID() as String}</v11:messageId>
            <v11:timestamp>${=new java.text.SimpleDateFormat("yyyy-MM-dd'T'HH:mm:ss.SSS").format(new Date())}</v11:timestamp>
         </v1:messageContext>
         <v1:legalContext>ServiceIntegrator</v1:legalContext>
         <v1:request>
            <v1:Domain>QUAL_FED_HEALTHCARE</v1:Domain>
            <v1:OrganisationId>
               <v31:Identifier>1990000431</v31:Identifier>
               <v31:IdentifierType>BEEHP</v31:IdentifierType>
            </v1:OrganisationId>
            <v1:Language>nl</v1:Language>
         </v1:request>
      </v1:getOrganisationParentNodesRequest>
   </soapenv:Body>
</soapenv:Envelope>]]></con:request><con:assertion type="SOAP Fault Assertion" id="664a928b-36e2-4ec3-a405-c0c5b34f252c" name="Not SOAP Fault"/><con:assertion type="SOAP Response" id="42d00699-2a4f-4aad-b229-0f5b3aaece06" name="SOAP Response"/><con:assertion type="Schema Compliance" id="52d8c750-047c-400a-af6c-98a4b2cd91b2" name="Schema Compliance"><con:configuration/></con:assertion><con:wsaConfig action="http://fidus.brussels/services/accessmanagerservice/getOrganisationParentNodes"/></con:request></con:config></con:testStep><con:testStep type="request" id="1c82097b-642b-4007-a4ab-f8bbd7ec2978" name="testcase3 - Test - Worker1New - Request"><con:settings/><con:config xsi:type="con:RequestStep" xmlns:xsi="http://www.w3.org/2001/XMLSchema-instance"><con:interface>AccessManagerServiceHTTPBinding</con:interface><con:operation>getOrganisationParentNodes</con:operation><con:request name="testcase3 - Test - Worker1New - Request" id="3cdf21d3-eb4b-4dd4-b7ba-5051bdf3d387" outgoingWss="Outflow TEST"><con:settings/><con:encoding>UTF-8</con:encoding><con:endpoint>https://192.168.24.45:8443/services/AccessManagerService_v1.0</con:endpoint><con:request><![CDATA[<soapenv:Envelope xmlns:soapenv="http://schemas.xmlsoap.org/soap/envelope/" xmlns:v1="http://fidus.brussels/service/accessmanagerservice/messages/v1" xmlns:v11="http://fidus.brussels/type/common/messages/v1" xmlns:v31="http://socialsecurity.be/umanentityrepresentative/types/v3">
   <soapenv:Header/>
   <soapenv:Body>
      <v1:getOrganisationParentNodesRequest>
         <v1:messageContext>
         	  <v11:messageId>${=import static java.util.UUID.randomUUID; uuid = randomUUID() as String}</v11:messageId>
            <v11:timestamp>${=new java.text.SimpleDateFormat("yyyy-MM-dd'T'HH:mm:ss.SSS").format(new Date())}</v11:timestamp>
         </v1:messageContext>
         <v1:legalContext>ServiceIntegrator</v1:legalContext>
         <v1:request>
            <v1:Domain>QUAL_FED_HEALTHCARE</v1:Domain>
            <v1:OrganisationId>
               <v31:Identifier>1990000431</v31:Identifier>
               <v31:IdentifierType>BEEHP</v31:IdentifierType>
            </v1:OrganisationId>
            <v1:Language>nl</v1:Language>
         </v1:request>
      </v1:getOrganisationParentNodesRequest>
   </soapenv:Body>
</soapenv:Envelope>]]></con:request><con:assertion type="SOAP Fault Assertion" id="3ffe7135-1e7e-41eb-8dba-e2b7be2eda9e" name="Not SOAP Fault"/><con:assertion type="SOAP Response" id="742bb447-6235-47a5-bbef-3d4cfdf8aa7f" name="SOAP Response"/><con:assertion type="Schema Compliance" id="cfe0571e-7352-436f-81cc-6d4db127028d" name="Schema Compliance"><con:configuration/></con:assertion><con:wsaConfig action="http://fidus.brussels/services/accessmanagerservice/getOrganisationParentNodes"/></con:request></con:config></con:testStep><con:testStep type="request" id="2bc91819-b576-4a6e-9609-c6724889aa60" name="testcase3 - Test - Worker2New - Request"><con:settings/><con:config xsi:type="con:RequestStep" xmlns:xsi="http://www.w3.org/2001/XMLSchema-instance"><con:interface>AccessManagerServiceHTTPBinding</con:interface><con:operation>getOrganisationParentNodes</con:operation><con:request name="testcase3 - Test - Worker2New - Request" id="063e7f29-07f7-4a97-90fa-a9529e617ff2" outgoingWss="Outflow TEST"><con:settings/><con:encoding>UTF-8</con:encoding><con:endpoint>https://192.168.24.51:8443/services/AccessManagerService_v1.0</con:endpoint><con:request><![CDATA[<soapenv:Envelope xmlns:soapenv="http://schemas.xmlsoap.org/soap/envelope/" xmlns:v1="http://fidus.brussels/service/accessmanagerservice/messages/v1" xmlns:v11="http://fidus.brussels/type/common/messages/v1" xmlns:v31="http://socialsecurity.be/umanentityrepresentative/types/v3">
   <soapenv:Header/>
   <soapenv:Body>
      <v1:getOrganisationParentNodesRequest>
         <v1:messageContext>
         	  <v11:messageId>${=import static java.util.UUID.randomUUID; uuid = randomUUID() as String}</v11:messageId>
            <v11:timestamp>${=new java.text.SimpleDateFormat("yyyy-MM-dd'T'HH:mm:ss.SSS").format(new Date())}</v11:timestamp>
         </v1:messageContext>
         <v1:legalContext>ServiceIntegrator</v1:legalContext>
         <v1:request>
            <v1:Domain>QUAL_FED_HEALTHCARE</v1:Domain>
            <v1:OrganisationId>
               <v31:Identifier>1990000431</v31:Identifier>
               <v31:IdentifierType>BEEHP</v31:IdentifierType>
            </v1:OrganisationId>
            <v1:Language>nl</v1:Language>
         </v1:request>
      </v1:getOrganisationParentNodesRequest>
   </soapenv:Body>
</soapenv:Envelope>]]></con:request><con:assertion type="SOAP Fault Assertion" id="fa990018-dcc9-42bf-9e81-d085b1d66c7a" name="Not SOAP Fault"/><con:assertion type="SOAP Response" id="785568f8-59e4-473f-b5c4-0a7cd9945596" name="SOAP Response"/><con:assertion type="Schema Compliance" id="e2e6a21e-8c6b-48c7-b288-3e41d83a171d" name="Schema Compliance"><con:configuration/></con:assertion><con:wsaConfig action="http://fidus.brussels/services/accessmanagerservice/getOrganisationParentNodes"/></con:request></con:config></con:testStep><con:properties/></con:testCase><con:properties/></con:testSuite><con:testSuite id="f354b651-f07c-4d69-80d5-c71b873af255" name="STAG"><con:settings/><con:runType>SEQUENTIAL</con:runType><con:testCase id="3498c69c-0475-496b-a47b-21de2d4ab3c6" failOnError="true" failTestCaseOnErrors="true" keepSession="false" maxResults="0" name="findRepresentativeRolesByINSS" searchProperties="true"><con:settings/><con:testStep type="request" id="92dffc2a-a4a3-4a26-a3c3-58c15da971bc" name="testcase4 - Staging - LB - Request"><con:settings/><con:config xsi:type="con:RequestStep" xmlns:xsi="http://www.w3.org/2001/XMLSchema-instance"><con:interface>AccessManagerServiceHTTPBinding</con:interface><con:operation>findRepresentativeRolesByINSS</con:operation><con:request name="testcase4 - Staging - LB - Request" id="d449895e-bd62-4e69-8cc2-58099008597e" outgoingWss="Outflow STAG"><con:settings/><con:encoding>UTF-8</con:encoding><con:endpoint>https://fidus-esb-sg.sta.srv.cirb.lan:8443/services/AccessManagerService_v1.0</con:endpoint><con:request><![CDATA[<soapenv:Envelope xmlns:soapenv="http://schemas.xmlsoap.org/soap/envelope/" xmlns:v1="http://fidus.brussels/service/accessmanagerservice/messages/v1" xmlns:v11="http://fidus.brussels/type/common/messages/v1" xmlns:v3="http://socialsecurity.be/umanentityrepresentative/types/v3">
   <soapenv:Header/>
   <soapenv:Body>
      <v1:findRepresentativeRolesByINSSRequest>
         <v1:messageContext>
         	  <v11:messageId>${=import static java.util.UUID.randomUUID; uuid = randomUUID() as String}</v11:messageId>
            <v11:timestamp>${=new java.text.SimpleDateFormat("yyyy-MM-dd'T'HH:mm:ss.SSS").format(new Date())}</v11:timestamp>
         </v1:messageContext>
         <v1:legalContext>ServiceIntegrator</v1:legalContext>
         <v1:request>
            <v1:Domain>QUAL_FED_HEALTHCARE</v1:Domain>
            <v1:INSS>86051933959</v1:INSS>
            <v1:Language>nl</v1:Language>
         </v1:request>
      </v1:findRepresentativeRolesByINSSRequest>
   </soapenv:Body>
</soapenv:Envelope>]]></con:request><con:assertion type="SOAP Fault Assertion" id="7c2126ec-c18f-4fc3-8a0c-80e40df50ba4" name="Not SOAP Fault"/><con:assertion type="SOAP Response" id="d32467de-9930-4a2d-8ad9-c744d4888a37" name="SOAP Response"/><con:assertion type="Schema Compliance" id="daa43c15-edbd-45fb-aafe-d485777e32b8" name="Schema Compliance"><con:configuration/></con:assertion><con:wsaConfig action="http://fidus.brussels/services/accessmanagerservice/findRepresentativeRolesByINSS"/></con:request></con:config></con:testStep><con:testStep type="request" id="3040e296-6691-4fc9-8cba-e81d64de1be2" name="testcase4 - Staging - Worker1 - Request"><con:settings/><con:config xsi:type="con:RequestStep" xmlns:xsi="http://www.w3.org/2001/XMLSchema-instance"><con:interface>AccessManagerServiceHTTPBinding</con:interface><con:operation>findRepresentativeRolesByINSS</con:operation><con:request name="testcase4 - Staging - Worker1 - Request" id="6a75a3f7-18df-4dd3-a04d-dee47e8e1407" outgoingWss="Outflow STAG"><con:settings/><con:encoding>UTF-8</con:encoding><con:endpoint>https://192.168.24.57:8443/services/AccessManagerService_v1.0</con:endpoint><con:request><![CDATA[<soapenv:Envelope xmlns:soapenv="http://schemas.xmlsoap.org/soap/envelope/" xmlns:v1="http://fidus.brussels/service/accessmanagerservice/messages/v1" xmlns:v11="http://fidus.brussels/type/common/messages/v1" xmlns:v3="http://socialsecurity.be/umanentityrepresentative/types/v3">
   <soapenv:Header/>
   <soapenv:Body>
      <v1:findRepresentativeRolesByINSSRequest>
         <v1:messageContext>
         	  <v11:messageId>${=import static java.util.UUID.randomUUID; uuid = randomUUID() as String}</v11:messageId>
            <v11:timestamp>${=new java.text.SimpleDateFormat("yyyy-MM-dd'T'HH:mm:ss.SSS").format(new Date())}</v11:timestamp>
         </v1:messageContext>
         <v1:legalContext>ServiceIntegrator</v1:legalContext>
         <v1:request>
            <v1:Domain>QUAL_FED_HEALTHCARE</v1:Domain>
            <v1:INSS>86051933959</v1:INSS>
            <v1:Language>nl</v1:Language>
         </v1:request>
      </v1:findRepresentativeRolesByINSSRequest>
   </soapenv:Body>
</soapenv:Envelope>]]></con:request><con:assertion type="SOAP Fault Assertion" id="13000b96-f416-4f42-9bf7-bc15d03936e2" name="Not SOAP Fault"/><con:assertion type="SOAP Response" id="8b98c43a-ebd2-4236-a6e0-dd1c5de820a3" name="SOAP Response"/><con:assertion type="Schema Compliance" id="870037bc-de3a-4631-8d25-965c006318ad" name="Schema Compliance"><con:configuration/></con:assertion><con:wsaConfig action="http://fidus.brussels/services/accessmanagerservice/findRepresentativeRolesByINSS"/></con:request></con:config></con:testStep><con:testStep type="request" id="3537aa53-e319-4b73-822f-fcd7905e2845" name="testcase4 - Staging - Worker2 - Request"><con:settings/><con:config xsi:type="con:RequestStep" xmlns:xsi="http://www.w3.org/2001/XMLSchema-instance"><con:interface>AccessManagerServiceHTTPBinding</con:interface><con:operation>findRepresentativeRolesByINSS</con:operation><con:request name="testcase4 - Staging - Worker2 - Request" id="36bbd697-ad76-44e2-abad-c807383a3021" outgoingWss="Outflow STAG"><con:settings/><con:encoding>UTF-8</con:encoding><con:endpoint>https://192.168.24.64:8443/services/AccessManagerService_v1.0</con:endpoint><con:request><![CDATA[<soapenv:Envelope xmlns:soapenv="http://schemas.xmlsoap.org/soap/envelope/" xmlns:v1="http://fidus.brussels/service/accessmanagerservice/messages/v1" xmlns:v11="http://fidus.brussels/type/common/messages/v1" xmlns:v3="http://socialsecurity.be/umanentityrepresentative/types/v3">
   <soapenv:Header/>
   <soapenv:Body>
      <v1:findRepresentativeRolesByINSSRequest>
         <v1:messageContext>
         	  <v11:messageId>${=import static java.util.UUID.randomUUID; uuid = randomUUID() as String}</v11:messageId>
            <v11:timestamp>${=new java.text.SimpleDateFormat("yyyy-MM-dd'T'HH:mm:ss.SSS").format(new Date())}</v11:timestamp>
         </v1:messageContext>
         <v1:legalContext>ServiceIntegrator</v1:legalContext>
         <v1:request>
            <v1:Domain>QUAL_FED_HEALTHCARE</v1:Domain>
            <v1:INSS>86051933959</v1:INSS>
            <v1:Language>nl</v1:Language>
         </v1:request>
      </v1:findRepresentativeRolesByINSSRequest>
   </soapenv:Body>
</soapenv:Envelope>]]></con:request><con:assertion type="SOAP Fault Assertion" id="168ed7be-4f3e-4299-92fe-deef601a99c7" name="Not SOAP Fault"/><con:assertion type="SOAP Response" id="57b9cd1a-6a21-4e46-941f-7e6a266de979" name="SOAP Response"/><con:assertion type="Schema Compliance" id="c3840828-6848-4f23-853b-cf5d24d64287" name="Schema Compliance"><con:configuration/></con:assertion><con:wsaConfig action="http://fidus.brussels/services/accessmanagerservice/findRepresentativeRolesByINSS"/></con:request></con:config></con:testStep><con:testStep type="request" id="edf3f041-9f35-46eb-98fe-ad57337c84e8" name="testcase4 - Staging - Worker1New - Request"><con:settings/><con:config xsi:type="con:RequestStep" xmlns:xsi="http://www.w3.org/2001/XMLSchema-instance"><con:interface>AccessManagerServiceHTTPBinding</con:interface><con:operation>findRepresentativeRolesByINSS</con:operation><con:request name="testcase4 - Staging - Worker1New - Request" id="447f23a4-e1d8-440c-b566-34c18ac9c65c" outgoingWss="Outflow STAG"><con:settings/><con:encoding>UTF-8</con:encoding><con:endpoint>https://192.168.24.57:8443/services/AccessManagerService_v1.0</con:endpoint><con:request><![CDATA[<soapenv:Envelope xmlns:soapenv="http://schemas.xmlsoap.org/soap/envelope/" xmlns:v1="http://fidus.brussels/service/accessmanagerservice/messages/v1" xmlns:v11="http://fidus.brussels/type/common/messages/v1" xmlns:v3="http://socialsecurity.be/umanentityrepresentative/types/v3">
   <soapenv:Header/>
   <soapenv:Body>
      <v1:findRepresentativeRolesByINSSRequest>
         <v1:messageContext>
         	  <v11:messageId>${=import static java.util.UUID.randomUUID; uuid = randomUUID() as String}</v11:messageId>
            <v11:timestamp>${=new java.text.SimpleDateFormat("yyyy-MM-dd'T'HH:mm:ss.SSS").format(new Date())}</v11:timestamp>
         </v1:messageContext>
         <v1:legalContext>ServiceIntegrator</v1:legalContext>
         <v1:request>
            <v1:Domain>QUAL_FED_HEALTHCARE</v1:Domain>
            <v1:INSS>86051933959</v1:INSS>
            <v1:Language>nl</v1:Language>
         </v1:request>
      </v1:findRepresentativeRolesByINSSRequest>
   </soapenv:Body>
</soapenv:Envelope>]]></con:request><con:assertion type="SOAP Fault Assertion" id="f860c63f-e8a7-46e6-a489-0eae85c1022a" name="Not SOAP Fault"/><con:assertion type="SOAP Response" id="ca61cbce-811b-4e7c-b659-592152d3d26b" name="SOAP Response"/><con:assertion type="Schema Compliance" id="17b0eee6-22e6-471a-8398-0b4e5f4ca2de" name="Schema Compliance"><con:configuration/></con:assertion><con:wsaConfig action="http://fidus.brussels/services/accessmanagerservice/findRepresentativeRolesByINSS"/></con:request></con:config></con:testStep><con:testStep type="request" id="cf2315f0-4b69-467a-9893-fa63cee450c9" name="testcase4 - Staging - Worker2New - Request"><con:settings/><con:config xsi:type="con:RequestStep" xmlns:xsi="http://www.w3.org/2001/XMLSchema-instance"><con:interface>AccessManagerServiceHTTPBinding</con:interface><con:operation>findRepresentativeRolesByINSS</con:operation><con:request name="testcase4 - Staging - Worker2New - Request" id="5240a249-1036-478a-9130-7b1e07bbc561" outgoingWss="Outflow STAG"><con:settings/><con:encoding>UTF-8</con:encoding><con:endpoint>https://192.168.24.64:8443/services/AccessManagerService_v1.0</con:endpoint><con:request><![CDATA[<soapenv:Envelope xmlns:soapenv="http://schemas.xmlsoap.org/soap/envelope/" xmlns:v1="http://fidus.brussels/service/accessmanagerservice/messages/v1" xmlns:v11="http://fidus.brussels/type/common/messages/v1" xmlns:v3="http://socialsecurity.be/umanentityrepresentative/types/v3">
   <soapenv:Header/>
   <soapenv:Body>
      <v1:findRepresentativeRolesByINSSRequest>
         <v1:messageContext>
         	  <v11:messageId>${=import static java.util.UUID.randomUUID; uuid = randomUUID() as String}</v11:messageId>
            <v11:timestamp>${=new java.text.SimpleDateFormat("yyyy-MM-dd'T'HH:mm:ss.SSS").format(new Date())}</v11:timestamp>
         </v1:messageContext>
         <v1:legalContext>ServiceIntegrator</v1:legalContext>
         <v1:request>
            <v1:Domain>QUAL_FED_HEALTHCARE</v1:Domain>
            <v1:INSS>86051933959</v1:INSS>
            <v1:Language>nl</v1:Language>
         </v1:request>
      </v1:findRepresentativeRolesByINSSRequest>
   </soapenv:Body>
</soapenv:Envelope>]]></con:request><con:assertion type="SOAP Fault Assertion" id="042f0ac9-9184-4579-89d2-affd2d9821ed" name="Not SOAP Fault"/><con:assertion type="SOAP Response" id="3912e407-eead-47ee-b32d-3c9db391a9b8" name="SOAP Response"/><con:assertion type="Schema Compliance" id="fcdd941e-ee62-47a8-8a5a-dc1046328823" name="Schema Compliance"><con:configuration/></con:assertion><con:wsaConfig action="http://fidus.brussels/services/accessmanagerservice/findRepresentativeRolesByINSS"/></con:request></con:config></con:testStep><con:properties/></con:testCase><con:testCase id="311c277f-fde4-4178-929c-e3c4c4f238c5" failOnError="true" failTestCaseOnErrors="true" keepSession="false" maxResults="0" name="getDomain" searchProperties="true"><con:settings/><con:testStep type="request" id="2d105e59-5f77-49dd-b692-0af9de49d6b1" name="testcase4 - Staging - LB - Request"><con:settings/><con:config xsi:type="con:RequestStep" xmlns:xsi="http://www.w3.org/2001/XMLSchema-instance"><con:interface>AccessManagerServiceHTTPBinding</con:interface><con:operation>getDomain</con:operation><con:request name="testcase4 - Staging - LB - Request" id="58e2201e-775e-4021-a958-6066da30b84a" outgoingWss="Outflow STAG"><con:settings/><con:encoding>UTF-8</con:encoding><con:endpoint>https://fidus-esb-sg.sta.srv.cirb.lan:8443/services/AccessManagerService_v1.0</con:endpoint><con:request><![CDATA[<soapenv:Envelope xmlns:soapenv="http://schemas.xmlsoap.org/soap/envelope/" xmlns:v1="http://fidus.brussels/service/accessmanagerservice/messages/v1" xmlns:v11="http://fidus.brussels/type/common/messages/v1" >
   <soapenv:Header/>
   <soapenv:Body>
      <v1:getDomainRequest>
         <v1:messageContext>
         	  <v11:messageId>${=import static java.util.UUID.randomUUID; uuid = randomUUID() as String}</v11:messageId>
            <v11:timestamp>${=new java.text.SimpleDateFormat("yyyy-MM-dd'T'HH:mm:ss.SSS").format(new Date())}</v11:timestamp>
         </v1:messageContext>
         <v1:legalContext>ServiceIntegrator</v1:legalContext>
         <v1:request>
         	  <v1:Domain>FINANCE</v1:Domain>
            <v1:Language>fr</v1:Language>
         </v1:request>
      </v1:getDomainRequest>
   </soapenv:Body>
</soapenv:Envelope>]]></con:request><con:assertion type="SOAP Fault Assertion" id="fdb753e6-6995-4826-b3e1-950cacd71c80" name="Not SOAP Fault"/><con:assertion type="SOAP Response" id="60b69530-36a1-433f-a290-0ed893a7a221" name="SOAP Response"/><con:assertion type="Schema Compliance" id="cf28e369-92ed-4ea8-9a78-6a03b08372b7" name="Schema Compliance"><con:configuration/></con:assertion><con:wsaConfig action="http://fidus.brussels/services/accessmanagerservice/getDomain"/></con:request></con:config></con:testStep><con:testStep type="request" id="6663ca3d-74d5-477d-8311-c7ed8062d325" name="testcase4 - Staging - Worker1 - Request"><con:settings/><con:config xsi:type="con:RequestStep" xmlns:xsi="http://www.w3.org/2001/XMLSchema-instance"><con:interface>AccessManagerServiceHTTPBinding</con:interface><con:operation>getDomain</con:operation><con:request name="testcase4 - Staging - Worker1 - Request" id="3051a827-3808-4184-ab99-912b7c4928c7" outgoingWss="Outflow STAG"><con:settings/><con:encoding>UTF-8</con:encoding><con:endpoint>https://192.168.24.57:8443/services/AccessManagerService_v1.0</con:endpoint><con:request><![CDATA[<soapenv:Envelope xmlns:soapenv="http://schemas.xmlsoap.org/soap/envelope/" xmlns:v1="http://fidus.brussels/service/accessmanagerservice/messages/v1" xmlns:v11="http://fidus.brussels/type/common/messages/v1" >
   <soapenv:Header/>
   <soapenv:Body>
      <v1:getDomainRequest>
         <v1:messageContext>
         	  <v11:messageId>${=import static java.util.UUID.randomUUID; uuid = randomUUID() as String}</v11:messageId>
            <v11:timestamp>${=new java.text.SimpleDateFormat("yyyy-MM-dd'T'HH:mm:ss.SSS").format(new Date())}</v11:timestamp>
         </v1:messageContext>
         <v1:legalContext>ServiceIntegrator</v1:legalContext>
         <v1:request>
         	  <v1:Domain>FINANCE</v1:Domain>
            <v1:Language>fr</v1:Language>
         </v1:request>
      </v1:getDomainRequest>
   </soapenv:Body>
</soapenv:Envelope>]]></con:request><con:assertion type="SOAP Fault Assertion" id="138d374d-a5f8-4168-88dd-c804c4f2dd8c" name="Not SOAP Fault"/><con:assertion type="SOAP Response" id="a34318c5-5c65-4149-ade7-12b87019b902" name="SOAP Response"/><con:assertion type="Schema Compliance" id="6baf604a-809b-407e-85e7-abff03964ccb" name="Schema Compliance"><con:configuration/></con:assertion><con:wsaConfig action="http://fidus.brussels/services/accessmanagerservice/getDomain"/></con:request></con:config></con:testStep><con:testStep type="request" id="7d921dc9-2f67-4cf7-bfa8-669054843d91" name="testcase4 - Staging - Worker2 - Request"><con:settings/><con:config xsi:type="con:RequestStep" xmlns:xsi="http://www.w3.org/2001/XMLSchema-instance"><con:interface>AccessManagerServiceHTTPBinding</con:interface><con:operation>getDomain</con:operation><con:request name="testcase4 - Staging - Worker2 - Request" id="fddec2e3-d0e3-442a-aa3e-7c7a78f441ff" outgoingWss="Outflow STAG"><con:settings/><con:encoding>UTF-8</con:encoding><con:endpoint>https://192.168.24.64:8443/services/AccessManagerService_v1.0</con:endpoint><con:request><![CDATA[<soapenv:Envelope xmlns:soapenv="http://schemas.xmlsoap.org/soap/envelope/" xmlns:v1="http://fidus.brussels/service/accessmanagerservice/messages/v1" xmlns:v11="http://fidus.brussels/type/common/messages/v1" >
   <soapenv:Header/>
   <soapenv:Body>
      <v1:getDomainRequest>
         <v1:messageContext>
         	  <v11:messageId>${=import static java.util.UUID.randomUUID; uuid = randomUUID() as String}</v11:messageId>
            <v11:timestamp>${=new java.text.SimpleDateFormat("yyyy-MM-dd'T'HH:mm:ss.SSS").format(new Date())}</v11:timestamp>
         </v1:messageContext>
         <v1:legalContext>ServiceIntegrator</v1:legalContext>
         <v1:request>
         	  <v1:Domain>FINANCE</v1:Domain>
            <v1:Language>fr</v1:Language>
         </v1:request>
      </v1:getDomainRequest>
   </soapenv:Body>
</soapenv:Envelope>]]></con:request><con:assertion type="SOAP Fault Assertion" id="af1307fe-b545-4e81-8455-b6ddf52b28c8" name="Not SOAP Fault"/><con:assertion type="SOAP Response" id="c2d53b3d-be82-44ad-8bc2-34bb562dce3b" name="SOAP Response"/><con:assertion type="Schema Compliance" id="8b17cb8d-66b0-4235-ada3-d9f85bc86bcf" name="Schema Compliance"><con:configuration/></con:assertion><con:wsaConfig action="http://fidus.brussels/services/accessmanagerservice/getDomain"/></con:request></con:config></con:testStep><con:testStep type="request" id="768bc62b-2023-4d41-a168-2b48c1fc6969" name="testcase4 - Staging - Worker1New - Request"><con:settings/><con:config xsi:type="con:RequestStep" xmlns:xsi="http://www.w3.org/2001/XMLSchema-instance"><con:interface>AccessManagerServiceHTTPBinding</con:interface><con:operation>getDomain</con:operation><con:request name="testcase4 - Staging - Worker1New - Request" id="b55751c3-153b-40ed-bd71-a5fbb33183d4" outgoingWss="Outflow STAG"><con:settings/><con:encoding>UTF-8</con:encoding><con:endpoint>https://192.168.24.57:8443/services/AccessManagerService_v1.0</con:endpoint><con:request><![CDATA[<soapenv:Envelope xmlns:soapenv="http://schemas.xmlsoap.org/soap/envelope/" xmlns:v1="http://fidus.brussels/service/accessmanagerservice/messages/v1" xmlns:v11="http://fidus.brussels/type/common/messages/v1" >
   <soapenv:Header/>
   <soapenv:Body>
      <v1:getDomainRequest>
         <v1:messageContext>
         	  <v11:messageId>${=import static java.util.UUID.randomUUID; uuid = randomUUID() as String}</v11:messageId>
            <v11:timestamp>${=new java.text.SimpleDateFormat("yyyy-MM-dd'T'HH:mm:ss.SSS").format(new Date())}</v11:timestamp>
         </v1:messageContext>
         <v1:legalContext>ServiceIntegrator</v1:legalContext>
         <v1:request>
         	  <v1:Domain>FINANCE</v1:Domain>
            <v1:Language>fr</v1:Language>
         </v1:request>
      </v1:getDomainRequest>
   </soapenv:Body>
</soapenv:Envelope>]]></con:request><con:assertion type="SOAP Fault Assertion" id="96fb0a6a-007a-4906-924c-ab1936cf343b" name="Not SOAP Fault"/><con:assertion type="SOAP Response" id="089fd45c-ead2-4b37-9ec9-0e4ec1905004" name="SOAP Response"/><con:assertion type="Schema Compliance" id="7c2abb3c-41f1-4bbd-85f8-e64c156d5e6c" name="Schema Compliance"><con:configuration/></con:assertion><con:wsaConfig action="http://fidus.brussels/services/accessmanagerservice/getDomain"/></con:request></con:config></con:testStep><con:testStep type="request" id="c3360e19-9fe2-468f-848a-ae3a6cee526e" name="testcase4 - Staging - Worker2New - Request"><con:settings/><con:config xsi:type="con:RequestStep" xmlns:xsi="http://www.w3.org/2001/XMLSchema-instance"><con:interface>AccessManagerServiceHTTPBinding</con:interface><con:operation>getDomain</con:operation><con:request name="testcase4 - Staging - Worker2New - Request" id="f909d5a1-617c-4dd4-90de-14f55b24f814" outgoingWss="Outflow STAG"><con:settings/><con:encoding>UTF-8</con:encoding><con:endpoint>https://192.168.24.64:8443/services/AccessManagerService_v1.0</con:endpoint><con:request><![CDATA[<soapenv:Envelope xmlns:soapenv="http://schemas.xmlsoap.org/soap/envelope/" xmlns:v1="http://fidus.brussels/service/accessmanagerservice/messages/v1" xmlns:v11="http://fidus.brussels/type/common/messages/v1" >
   <soapenv:Header/>
   <soapenv:Body>
      <v1:getDomainRequest>
         <v1:messageContext>
         	  <v11:messageId>${=import static java.util.UUID.randomUUID; uuid = randomUUID() as String}</v11:messageId>
            <v11:timestamp>${=new java.text.SimpleDateFormat("yyyy-MM-dd'T'HH:mm:ss.SSS").format(new Date())}</v11:timestamp>
         </v1:messageContext>
         <v1:legalContext>ServiceIntegrator</v1:legalContext>
         <v1:request>
         	  <v1:Domain>FINANCE</v1:Domain>
            <v1:Language>fr</v1:Language>
         </v1:request>
      </v1:getDomainRequest>
   </soapenv:Body>
</soapenv:Envelope>]]></con:request><con:assertion type="SOAP Fault Assertion" id="69fcd3bb-0710-467e-a486-411f7b3a7488" name="Not SOAP Fault"/><con:assertion type="SOAP Response" id="f83aabcf-dce7-4184-97c7-c0c036308e8e" name="SOAP Response"/><con:assertion type="Schema Compliance" id="bc032661-343f-4141-88f9-62a167ea80fc" name="Schema Compliance"><con:configuration/></con:assertion><con:wsaConfig action="http://fidus.brussels/services/accessmanagerservice/getDomain"/></con:request></con:config></con:testStep><con:properties/></con:testCase><con:testCase id="1c6b258a-def6-417a-be4d-1a8c0329dafa" failOnError="true" failTestCaseOnErrors="true" keepSession="false" maxResults="0" name="getEntityRepresentatives" searchProperties="true"><con:settings/><con:testStep type="request" id="38753f7e-5fe0-4814-ae8a-9bfcd096b03d" name="testcase4 - Staging - LB - Request"><con:settings/><con:config xsi:type="con:RequestStep" xmlns:xsi="http://www.w3.org/2001/XMLSchema-instance"><con:interface>AccessManagerServiceHTTPBinding</con:interface><con:operation>getEntityRepresentatives</con:operation><con:request name="testcase4 - Staging - LB - Request" id="025846b0-578d-45a9-a811-3db132bea6c6" outgoingWss="Outflow STAG"><con:settings/><con:encoding>UTF-8</con:encoding><con:endpoint>https://fidus-esb-sg.sta.srv.cirb.lan:8443/services/AccessManagerService_v1.0</con:endpoint><con:request><![CDATA[<soapenv:Envelope xmlns:soapenv="http://schemas.xmlsoap.org/soap/envelope/" xmlns:v1="http://fidus.brussels/service/accessmanagerservice/messages/v1" xmlns:v11="http://fidus.brussels/type/common/messages/v1" xmlns:v31="http://socialsecurity.be/umanentityrepresentative/types/v3" >
   <soapenv:Header/>
   <soapenv:Body>
      <v1:getEntityRepresentativesRequest>
         <v1:messageContext>
         	  <v11:messageId>${=import static java.util.UUID.randomUUID; uuid = randomUUID() as String}</v11:messageId>
            <v11:timestamp>${=new java.text.SimpleDateFormat("yyyy-MM-dd'T'HH:mm:ss.SSS").format(new Date())}</v11:timestamp>
         </v1:messageContext>
         <v1:legalContext>ServiceIntegrator</v1:legalContext>
         <v1:request>
            <v1:Domain>QUAL_FED_HEALTHCARE</v1:Domain>
            <v1:OrganisationId>
               <v31:Identifier>1990000431</v31:Identifier>
               <v31:IdentifierType>BEEHP</v31:IdentifierType>
            </v1:OrganisationId>
            <v1:Language>nl</v1:Language>
         </v1:request>
      </v1:getEntityRepresentativesRequest>
   </soapenv:Body>
</soapenv:Envelope>]]></con:request><con:assertion type="SOAP Fault Assertion" id="682aca9a-a052-4363-8bdc-6423a87e3370" name="Not SOAP Fault"/><con:assertion type="SOAP Response" id="eaea85a8-21bc-4640-bfc2-86599f96d249" name="SOAP Response"/><con:assertion type="Schema Compliance" id="37dc1e0e-c8c2-45d2-9c14-7a4d651c5c5a" name="Schema Compliance"><con:configuration/></con:assertion><con:wsaConfig action="http://fidus.brussels/services/accessmanagerservice/getEntityRepresentatives"/></con:request></con:config></con:testStep><con:testStep type="request" id="0a9bb46b-aca9-4c5a-bcfc-372e60ec924f" name="testcase4 - Staging - Worker1 - Request"><con:settings/><con:config xsi:type="con:RequestStep" xmlns:xsi="http://www.w3.org/2001/XMLSchema-instance"><con:interface>AccessManagerServiceHTTPBinding</con:interface><con:operation>getEntityRepresentatives</con:operation><con:request name="testcase4 - Staging - Worker1 - Request" id="4665f2a8-a2c7-4eee-a602-787e1cf5f250" outgoingWss="Outflow STAG"><con:settings/><con:encoding>UTF-8</con:encoding><con:endpoint>https://192.168.24.57:8443/services/AccessManagerService_v1.0</con:endpoint><con:request><![CDATA[<soapenv:Envelope xmlns:soapenv="http://schemas.xmlsoap.org/soap/envelope/" xmlns:v1="http://fidus.brussels/service/accessmanagerservice/messages/v1" xmlns:v11="http://fidus.brussels/type/common/messages/v1" xmlns:v31="http://socialsecurity.be/umanentityrepresentative/types/v3" >
   <soapenv:Header/>
   <soapenv:Body>
      <v1:getEntityRepresentativesRequest>
         <v1:messageContext>
         	  <v11:messageId>${=import static java.util.UUID.randomUUID; uuid = randomUUID() as String}</v11:messageId>
            <v11:timestamp>${=new java.text.SimpleDateFormat("yyyy-MM-dd'T'HH:mm:ss.SSS").format(new Date())}</v11:timestamp>
         </v1:messageContext>
         <v1:legalContext>ServiceIntegrator</v1:legalContext>
         <v1:request>
            <v1:Domain>QUAL_FED_HEALTHCARE</v1:Domain>
            <v1:OrganisationId>
               <v31:Identifier>1990000431</v31:Identifier>
               <v31:IdentifierType>BEEHP</v31:IdentifierType>
            </v1:OrganisationId>
            <v1:Language>nl</v1:Language>
         </v1:request>
      </v1:getEntityRepresentativesRequest>
   </soapenv:Body>
</soapenv:Envelope>]]></con:request><con:assertion type="SOAP Fault Assertion" id="e08c72d3-40f8-414b-a15f-aa8ba494b4b2" name="Not SOAP Fault"/><con:assertion type="SOAP Response" id="849cb2a1-bc3f-49ad-8448-0256cdc9aad0" name="SOAP Response"/><con:assertion type="Schema Compliance" id="20877093-05a4-445a-8324-4d0b4407fa86" name="Schema Compliance"><con:configuration/></con:assertion><con:wsaConfig action="http://fidus.brussels/services/accessmanagerservice/getEntityRepresentatives"/></con:request></con:config></con:testStep><con:testStep type="request" id="068d21bc-b376-4a42-bd89-077677885dcb" name="testcase4 - Staging - Worker2 - Request"><con:settings/><con:config xsi:type="con:RequestStep" xmlns:xsi="http://www.w3.org/2001/XMLSchema-instance"><con:interface>AccessManagerServiceHTTPBinding</con:interface><con:operation>getEntityRepresentatives</con:operation><con:request name="testcase4 - Staging - Worker2 - Request" id="33c99de5-f899-4051-aeee-30ebdc0d171f" outgoingWss="Outflow STAG"><con:settings/><con:encoding>UTF-8</con:encoding><con:endpoint>https://192.168.24.64:8443/services/AccessManagerService_v1.0</con:endpoint><con:request><![CDATA[<soapenv:Envelope xmlns:soapenv="http://schemas.xmlsoap.org/soap/envelope/" xmlns:v1="http://fidus.brussels/service/accessmanagerservice/messages/v1" xmlns:v11="http://fidus.brussels/type/common/messages/v1" xmlns:v31="http://socialsecurity.be/umanentityrepresentative/types/v3" >
   <soapenv:Header/>
   <soapenv:Body>
      <v1:getEntityRepresentativesRequest>
         <v1:messageContext>
         	  <v11:messageId>${=import static java.util.UUID.randomUUID; uuid = randomUUID() as String}</v11:messageId>
            <v11:timestamp>${=new java.text.SimpleDateFormat("yyyy-MM-dd'T'HH:mm:ss.SSS").format(new Date())}</v11:timestamp>
         </v1:messageContext>
         <v1:legalContext>ServiceIntegrator</v1:legalContext>
         <v1:request>
            <v1:Domain>QUAL_FED_HEALTHCARE</v1:Domain>
            <v1:OrganisationId>
               <v31:Identifier>1990000431</v31:Identifier>
               <v31:IdentifierType>BEEHP</v31:IdentifierType>
            </v1:OrganisationId>
            <v1:Language>nl</v1:Language>
         </v1:request>
      </v1:getEntityRepresentativesRequest>
   </soapenv:Body>
</soapenv:Envelope>]]></con:request><con:assertion type="SOAP Fault Assertion" id="e28310a7-466c-496e-8af5-640abe504694" name="Not SOAP Fault"/><con:assertion type="SOAP Response" id="90506c1d-6449-47eb-b897-f16e41c51e7f" name="SOAP Response"/><con:assertion type="Schema Compliance" id="1c19f6f1-f4b5-4ac0-919d-68bd5ec010b3" name="Schema Compliance"><con:configuration/></con:assertion><con:wsaConfig action="http://fidus.brussels/services/accessmanagerservice/getEntityRepresentatives"/></con:request></con:config></con:testStep><con:testStep type="request" id="3d3ca7a1-9b63-4246-acff-e37bbe6d6e8a" name="testcase4 - Staging - Worker1New - Request"><con:settings/><con:config xsi:type="con:RequestStep" xmlns:xsi="http://www.w3.org/2001/XMLSchema-instance"><con:interface>AccessManagerServiceHTTPBinding</con:interface><con:operation>getEntityRepresentatives</con:operation><con:request name="testcase4 - Staging - Worker1New - Request" id="71d5b135-496e-4f0a-a1c2-72ec4a3e5d4c" outgoingWss="Outflow STAG"><con:settings/><con:encoding>UTF-8</con:encoding><con:endpoint>https://192.168.24.57:8443/services/AccessManagerService_v1.0</con:endpoint><con:request><![CDATA[<soapenv:Envelope xmlns:soapenv="http://schemas.xmlsoap.org/soap/envelope/" xmlns:v1="http://fidus.brussels/service/accessmanagerservice/messages/v1" xmlns:v11="http://fidus.brussels/type/common/messages/v1" xmlns:v31="http://socialsecurity.be/umanentityrepresentative/types/v3" >
   <soapenv:Header/>
   <soapenv:Body>
      <v1:getEntityRepresentativesRequest>
         <v1:messageContext>
         	  <v11:messageId>${=import static java.util.UUID.randomUUID; uuid = randomUUID() as String}</v11:messageId>
            <v11:timestamp>${=new java.text.SimpleDateFormat("yyyy-MM-dd'T'HH:mm:ss.SSS").format(new Date())}</v11:timestamp>
         </v1:messageContext>
         <v1:legalContext>ServiceIntegrator</v1:legalContext>
         <v1:request>
            <v1:Domain>QUAL_FED_HEALTHCARE</v1:Domain>
            <v1:OrganisationId>
               <v31:Identifier>1990000431</v31:Identifier>
               <v31:IdentifierType>BEEHP</v31:IdentifierType>
            </v1:OrganisationId>
            <v1:Language>nl</v1:Language>
         </v1:request>
      </v1:getEntityRepresentativesRequest>
   </soapenv:Body>
</soapenv:Envelope>]]></con:request><con:assertion type="SOAP Fault Assertion" id="10e191c8-8027-47b9-836b-f650f178af48" name="Not SOAP Fault"/><con:assertion type="SOAP Response" id="69054d97-c098-4c87-b3c5-644d9102d0ce" name="SOAP Response"/><con:assertion type="Schema Compliance" id="6eb94d2a-6912-4e24-83fe-46019a960f20" name="Schema Compliance"><con:configuration/></con:assertion><con:wsaConfig action="http://fidus.brussels/services/accessmanagerservice/getEntityRepresentatives"/></con:request></con:config></con:testStep><con:testStep type="request" id="681ec00f-bd4c-4f4f-8757-9bf100e7449a" name="testcase4 - Staging - Worker2New - Request"><con:settings/><con:config xsi:type="con:RequestStep" xmlns:xsi="http://www.w3.org/2001/XMLSchema-instance"><con:interface>AccessManagerServiceHTTPBinding</con:interface><con:operation>getEntityRepresentatives</con:operation><con:request name="testcase4 - Staging - Worker2New - Request" id="84f7d09e-b0a1-45d3-887b-4180434f17d9" outgoingWss="Outflow STAG"><con:settings/><con:encoding>UTF-8</con:encoding><con:endpoint>https://192.168.24.64:8443/services/AccessManagerService_v1.0</con:endpoint><con:request><![CDATA[<soapenv:Envelope xmlns:soapenv="http://schemas.xmlsoap.org/soap/envelope/" xmlns:v1="http://fidus.brussels/service/accessmanagerservice/messages/v1" xmlns:v11="http://fidus.brussels/type/common/messages/v1" xmlns:v31="http://socialsecurity.be/umanentityrepresentative/types/v3" >
   <soapenv:Header/>
   <soapenv:Body>
      <v1:getEntityRepresentativesRequest>
         <v1:messageContext>
         	  <v11:messageId>${=import static java.util.UUID.randomUUID; uuid = randomUUID() as String}</v11:messageId>
            <v11:timestamp>${=new java.text.SimpleDateFormat("yyyy-MM-dd'T'HH:mm:ss.SSS").format(new Date())}</v11:timestamp>
         </v1:messageContext>
         <v1:legalContext>ServiceIntegrator</v1:legalContext>
         <v1:request>
            <v1:Domain>QUAL_FED_HEALTHCARE</v1:Domain>
            <v1:OrganisationId>
               <v31:Identifier>1990000431</v31:Identifier>
               <v31:IdentifierType>BEEHP</v31:IdentifierType>
            </v1:OrganisationId>
            <v1:Language>nl</v1:Language>
         </v1:request>
      </v1:getEntityRepresentativesRequest>
   </soapenv:Body>
</soapenv:Envelope>]]></con:request><con:assertion type="SOAP Fault Assertion" id="e1ee9e45-5b73-499a-bc31-0bbf3c414cd6" name="Not SOAP Fault"/><con:assertion type="SOAP Response" id="6df72467-5433-4f0e-8b1b-3f6000d3d1f2" name="SOAP Response"/><con:assertion type="Schema Compliance" id="f3dcc7a4-e76c-4dc0-b306-64acb7d348f1" name="Schema Compliance"><con:configuration/></con:assertion><con:wsaConfig action="http://fidus.brussels/services/accessmanagerservice/getEntityRepresentatives"/></con:request></con:config></con:testStep><con:properties/></con:testCase><con:testCase id="62ba5ec6-d772-4d68-b0e1-793a77c78b02" failOnError="true" failTestCaseOnErrors="true" keepSession="false" maxResults="0" name="getOrganisationChildNodes" searchProperties="true"><con:settings/><con:testStep type="request" id="a7778440-9d60-4801-a8a7-331dc9b15c03" name="testcase4 - Staging - LB - Request"><con:settings/><con:config xsi:type="con:RequestStep" xmlns:xsi="http://www.w3.org/2001/XMLSchema-instance"><con:interface>AccessManagerServiceHTTPBinding</con:interface><con:operation>getOrganisationChildNodes</con:operation><con:request name="testcase4 - Staging - LB - Request" id="59aa695b-0cae-47af-b1b1-074ff73648d5" outgoingWss="Outflow STAG"><con:settings/><con:encoding>UTF-8</con:encoding><con:endpoint>https://fidus-esb-sg.sta.srv.cirb.lan:8443/services/AccessManagerService_v1.0</con:endpoint><con:request><![CDATA[<soapenv:Envelope xmlns:soapenv="http://schemas.xmlsoap.org/soap/envelope/" xmlns:v1="http://fidus.brussels/service/accessmanagerservice/messages/v1" xmlns:v11="http://fidus.brussels/type/common/messages/v1" xmlns:v31="http://socialsecurity.be/umanentityrepresentative/types/v3">
   <soapenv:Header/>
   <soapenv:Body>
      <v1:getOrganisationChildNodesRequest>
         <v1:messageContext>
         	  <v11:messageId>${=import static java.util.UUID.randomUUID; uuid = randomUUID() as String}</v11:messageId>
            <v11:timestamp>${=new java.text.SimpleDateFormat("yyyy-MM-dd'T'HH:mm:ss.SSS").format(new Date())}</v11:timestamp>
         </v1:messageContext>
         <v1:legalContext>ServiceIntegrator</v1:legalContext>
         <v1:request>
            <v1:Domain>QUAL_FED_HEALTHCARE</v1:Domain>
            <v1:OrganisationId>
               <v31:Identifier>1990000431</v31:Identifier>
               <v31:IdentifierType>BEEHP</v31:IdentifierType>
            </v1:OrganisationId>
            <v1:Language>nl</v1:Language>
         </v1:request>
      </v1:getOrganisationChildNodesRequest>
   </soapenv:Body>
</soapenv:Envelope>]]></con:request><con:assertion type="SOAP Fault Assertion" id="1ae797f5-ebe3-4ab4-908f-96a71a952529" name="Not SOAP Fault"/><con:assertion type="SOAP Response" id="8d31034e-4cae-42b8-8b91-5a30eeadc6ee" name="SOAP Response"/><con:assertion type="Schema Compliance" id="d6447a76-bfde-4d4c-8182-b8fcfc466b66" name="Schema Compliance"><con:configuration/></con:assertion><con:wsaConfig action="http://fidus.brussels/services/accessmanagerservice/getOrganisationChildNodes"/></con:request></con:config></con:testStep><con:testStep type="request" id="3bd980ab-99d0-4d61-b9e4-07a8669fe6c0" name="testcase4 - Staging - Worker1 - Request"><con:settings/><con:config xsi:type="con:RequestStep" xmlns:xsi="http://www.w3.org/2001/XMLSchema-instance"><con:interface>AccessManagerServiceHTTPBinding</con:interface><con:operation>getOrganisationChildNodes</con:operation><con:request name="testcase4 - Staging - Worker1 - Request" id="1cc148fc-a2b1-42e7-83f0-a414e6a462b9" outgoingWss="Outflow STAG"><con:settings/><con:encoding>UTF-8</con:encoding><con:endpoint>https://192.168.24.57:8443/services/AccessManagerService_v1.0</con:endpoint><con:request><![CDATA[<soapenv:Envelope xmlns:soapenv="http://schemas.xmlsoap.org/soap/envelope/" xmlns:v1="http://fidus.brussels/service/accessmanagerservice/messages/v1" xmlns:v11="http://fidus.brussels/type/common/messages/v1" xmlns:v31="http://socialsecurity.be/umanentityrepresentative/types/v3">
   <soapenv:Header/>
   <soapenv:Body>
      <v1:getOrganisationChildNodesRequest>
         <v1:messageContext>
         	  <v11:messageId>${=import static java.util.UUID.randomUUID; uuid = randomUUID() as String}</v11:messageId>
            <v11:timestamp>${=new java.text.SimpleDateFormat("yyyy-MM-dd'T'HH:mm:ss.SSS").format(new Date())}</v11:timestamp>
         </v1:messageContext>
         <v1:legalContext>ServiceIntegrator</v1:legalContext>
         <v1:request>
            <v1:Domain>QUAL_FED_HEALTHCARE</v1:Domain>
            <v1:OrganisationId>
               <v31:Identifier>1990000431</v31:Identifier>
               <v31:IdentifierType>BEEHP</v31:IdentifierType>
            </v1:OrganisationId>
            <v1:Language>nl</v1:Language>
         </v1:request>
      </v1:getOrganisationChildNodesRequest>
   </soapenv:Body>
</soapenv:Envelope>]]></con:request><con:assertion type="SOAP Fault Assertion" id="27f2baca-8344-41a3-9aa7-cfdff1681075" name="Not SOAP Fault"/><con:assertion type="SOAP Response" id="61c1c947-4de7-4768-a287-f84f4c8dd9d2" name="SOAP Response"/><con:assertion type="Schema Compliance" id="942aed54-39c0-444b-9eb0-f74d3e88a7c4" name="Schema Compliance"><con:configuration/></con:assertion><con:wsaConfig action="http://fidus.brussels/services/accessmanagerservice/getOrganisationChildNodes"/></con:request></con:config></con:testStep><con:testStep type="request" id="c9acd1fe-e87e-4f16-946b-d7a47ac4e28e" name="testcase4 - Staging - Worker2 - Request"><con:settings/><con:config xsi:type="con:RequestStep" xmlns:xsi="http://www.w3.org/2001/XMLSchema-instance"><con:interface>AccessManagerServiceHTTPBinding</con:interface><con:operation>getOrganisationChildNodes</con:operation><con:request name="testcase4 - Staging - Worker2 - Request" id="b71845cd-dbe8-4b60-87ea-6bc83dc93322" outgoingWss="Outflow STAG"><con:settings/><con:encoding>UTF-8</con:encoding><con:endpoint>https://192.168.24.64:8443/services/AccessManagerService_v1.0</con:endpoint><con:request><![CDATA[<soapenv:Envelope xmlns:soapenv="http://schemas.xmlsoap.org/soap/envelope/" xmlns:v1="http://fidus.brussels/service/accessmanagerservice/messages/v1" xmlns:v11="http://fidus.brussels/type/common/messages/v1" xmlns:v31="http://socialsecurity.be/umanentityrepresentative/types/v3">
   <soapenv:Header/>
   <soapenv:Body>
      <v1:getOrganisationChildNodesRequest>
         <v1:messageContext>
         	  <v11:messageId>${=import static java.util.UUID.randomUUID; uuid = randomUUID() as String}</v11:messageId>
            <v11:timestamp>${=new java.text.SimpleDateFormat("yyyy-MM-dd'T'HH:mm:ss.SSS").format(new Date())}</v11:timestamp>
         </v1:messageContext>
         <v1:legalContext>ServiceIntegrator</v1:legalContext>
         <v1:request>
            <v1:Domain>QUAL_FED_HEALTHCARE</v1:Domain>
            <v1:OrganisationId>
               <v31:Identifier>1990000431</v31:Identifier>
               <v31:IdentifierType>BEEHP</v31:IdentifierType>
            </v1:OrganisationId>
            <v1:Language>nl</v1:Language>
         </v1:request>
      </v1:getOrganisationChildNodesRequest>
   </soapenv:Body>
</soapenv:Envelope>]]></con:request><con:assertion type="SOAP Fault Assertion" id="d93e577f-7922-4c75-b8e8-54f784c93c35" name="Not SOAP Fault"/><con:assertion type="SOAP Response" id="eab28fce-6724-40c1-a5f2-50ec93faba01" name="SOAP Response"/><con:assertion type="Schema Compliance" id="ead0dd4b-4362-4c57-b42e-1e8b0b7dbc3f" name="Schema Compliance"><con:configuration/></con:assertion><con:wsaConfig action="http://fidus.brussels/services/accessmanagerservice/getOrganisationChildNodes"/></con:request></con:config></con:testStep><con:testStep type="request" id="e0b61114-a496-4915-9551-ab9eb479a08b" name="testcase4 - Staging - Worker1New - Request"><con:settings/><con:config xsi:type="con:RequestStep" xmlns:xsi="http://www.w3.org/2001/XMLSchema-instance"><con:interface>AccessManagerServiceHTTPBinding</con:interface><con:operation>getOrganisationChildNodes</con:operation><con:request name="testcase4 - Staging - Worker1New - Request" id="0b8026e6-ec48-4e36-8409-6ba87c0ff8ec" outgoingWss="Outflow STAG"><con:settings/><con:encoding>UTF-8</con:encoding><con:endpoint>https://192.168.24.57:8443/services/AccessManagerService_v1.0</con:endpoint><con:request><![CDATA[<soapenv:Envelope xmlns:soapenv="http://schemas.xmlsoap.org/soap/envelope/" xmlns:v1="http://fidus.brussels/service/accessmanagerservice/messages/v1" xmlns:v11="http://fidus.brussels/type/common/messages/v1" xmlns:v31="http://socialsecurity.be/umanentityrepresentative/types/v3">
   <soapenv:Header/>
   <soapenv:Body>
      <v1:getOrganisationChildNodesRequest>
         <v1:messageContext>
         	  <v11:messageId>${=import static java.util.UUID.randomUUID; uuid = randomUUID() as String}</v11:messageId>
            <v11:timestamp>${=new java.text.SimpleDateFormat("yyyy-MM-dd'T'HH:mm:ss.SSS").format(new Date())}</v11:timestamp>
         </v1:messageContext>
         <v1:legalContext>ServiceIntegrator</v1:legalContext>
         <v1:request>
            <v1:Domain>QUAL_FED_HEALTHCARE</v1:Domain>
            <v1:OrganisationId>
               <v31:Identifier>1990000431</v31:Identifier>
               <v31:IdentifierType>BEEHP</v31:IdentifierType>
            </v1:OrganisationId>
            <v1:Language>nl</v1:Language>
         </v1:request>
      </v1:getOrganisationChildNodesRequest>
   </soapenv:Body>
</soapenv:Envelope>]]></con:request><con:assertion type="SOAP Fault Assertion" id="9174a336-ddc0-40cb-a731-3709f3666797" name="Not SOAP Fault"/><con:assertion type="SOAP Response" id="18515303-4f37-4fa8-97c1-a9f86f432bc0" name="SOAP Response"/><con:assertion type="Schema Compliance" id="9e672b78-ef36-4708-80fb-43085e9656f4" name="Schema Compliance"><con:configuration/></con:assertion><con:wsaConfig action="http://fidus.brussels/services/accessmanagerservice/getOrganisationChildNodes"/></con:request></con:config></con:testStep><con:testStep type="request" id="d549bf0c-1ed5-4b9b-878a-c28673eba370" name="testcase4 - Staging - Worker2New - Request"><con:settings/><con:config xsi:type="con:RequestStep" xmlns:xsi="http://www.w3.org/2001/XMLSchema-instance"><con:interface>AccessManagerServiceHTTPBinding</con:interface><con:operation>getOrganisationChildNodes</con:operation><con:request name="testcase4 - Staging - Worker2New - Request" id="c46f1386-a4b7-49a1-a3c4-143b132568ae" outgoingWss="Outflow STAG"><con:settings/><con:encoding>UTF-8</con:encoding><con:endpoint>https://192.168.24.64:8443/services/AccessManagerService_v1.0</con:endpoint><con:request><![CDATA[<soapenv:Envelope xmlns:soapenv="http://schemas.xmlsoap.org/soap/envelope/" xmlns:v1="http://fidus.brussels/service/accessmanagerservice/messages/v1" xmlns:v11="http://fidus.brussels/type/common/messages/v1" xmlns:v31="http://socialsecurity.be/umanentityrepresentative/types/v3">
   <soapenv:Header/>
   <soapenv:Body>
      <v1:getOrganisationChildNodesRequest>
         <v1:messageContext>
         	  <v11:messageId>${=import static java.util.UUID.randomUUID; uuid = randomUUID() as String}</v11:messageId>
            <v11:timestamp>${=new java.text.SimpleDateFormat("yyyy-MM-dd'T'HH:mm:ss.SSS").format(new Date())}</v11:timestamp>
         </v1:messageContext>
         <v1:legalContext>ServiceIntegrator</v1:legalContext>
         <v1:request>
            <v1:Domain>QUAL_FED_HEALTHCARE</v1:Domain>
            <v1:OrganisationId>
               <v31:Identifier>1990000431</v31:Identifier>
               <v31:IdentifierType>BEEHP</v31:IdentifierType>
            </v1:OrganisationId>
            <v1:Language>nl</v1:Language>
         </v1:request>
      </v1:getOrganisationChildNodesRequest>
   </soapenv:Body>
</soapenv:Envelope>]]></con:request><con:assertion type="SOAP Fault Assertion" id="78128282-0b1b-4273-a414-fe8d631f502d" name="Not SOAP Fault"/><con:assertion type="SOAP Response" id="b0b05ec4-5c1e-4c50-96e4-9606d21dcfef" name="SOAP Response"/><con:assertion type="Schema Compliance" id="384805cd-1927-4955-b394-4fd7caf05a14" name="Schema Compliance"><con:configuration/></con:assertion><con:wsaConfig action="http://fidus.brussels/services/accessmanagerservice/getOrganisationChildNodes"/></con:request></con:config></con:testStep><con:properties/></con:testCase><con:testCase id="cde73a24-8950-4bc4-accd-944b1c7441b6" failOnError="true" failTestCaseOnErrors="true" keepSession="false" maxResults="0" name="getOrganisationDenomination" searchProperties="true"><con:settings/><con:testStep type="request" id="a9bfc13d-4e22-4113-8b29-b68cc94f1182" name="testcase4 - Staging - LB - Request"><con:settings/><con:config xsi:type="con:RequestStep" xmlns:xsi="http://www.w3.org/2001/XMLSchema-instance"><con:interface>AccessManagerServiceHTTPBinding</con:interface><con:operation>getOrganisationDenomination</con:operation><con:request name="testcase4 - Staging - LB - Request" id="d7d7da6b-1360-4f92-adce-6d09eadcac8c" outgoingWss="Outflow STAG"><con:settings/><con:encoding>UTF-8</con:encoding><con:endpoint>https://fidus-esb-sg.sta.srv.cirb.lan:8443/services/AccessManagerService_v1.0</con:endpoint><con:request><![CDATA[<soapenv:Envelope xmlns:soapenv="http://schemas.xmlsoap.org/soap/envelope/" xmlns:v1="http://fidus.brussels/service/accessmanagerservice/messages/v1" xmlns:v11="http://fidus.brussels/type/common/messages/v1" xmlns:v31="http://socialsecurity.be/umanentityrepresentative/types/v3">
   <soapenv:Header/>
   <soapenv:Body>
      <v1:getOrganisationDenominationRequest>
         <v1:messageContext>
         	  <v11:messageId>${=import static java.util.UUID.randomUUID; uuid = randomUUID() as String}</v11:messageId>
            <v11:timestamp>${=new java.text.SimpleDateFormat("yyyy-MM-dd'T'HH:mm:ss.SSS").format(new Date())}</v11:timestamp>
         </v1:messageContext>
         <v1:legalContext>ServiceIntegrator</v1:legalContext>
         <v1:request>
            <v1:Domain>QUAL_FED_HEALTHCARE</v1:Domain>
            <v1:OrganisationId>
               <v31:Identifier>1990000431</v31:Identifier>
               <v31:IdentifierType>BEEHP</v31:IdentifierType>
            </v1:OrganisationId>
            <v1:Language>nl</v1:Language>
         </v1:request>
      </v1:getOrganisationDenominationRequest>
   </soapenv:Body>
</soapenv:Envelope>]]></con:request><con:assertion type="SOAP Fault Assertion" id="2b23faef-2062-4dbb-8f26-d4c7fdd94a28" name="Not SOAP Fault"/><con:assertion type="SOAP Response" id="62d7f79a-0035-4d4e-8595-a0048c95e9cd" name="SOAP Response"/><con:assertion type="Schema Compliance" id="155394be-a1ee-490e-9155-f56a52ce8cc7" name="Schema Compliance"><con:configuration/></con:assertion><con:wsaConfig action="http://fidus.brussels/services/accessmanagerservice/getOrganisationDenomination"/></con:request></con:config></con:testStep><con:testStep type="request" id="41d1ab43-69bb-4392-950b-51d91531c81a" name="testcase4 - Staging - Worker1 - Request"><con:settings/><con:config xsi:type="con:RequestStep" xmlns:xsi="http://www.w3.org/2001/XMLSchema-instance"><con:interface>AccessManagerServiceHTTPBinding</con:interface><con:operation>getOrganisationDenomination</con:operation><con:request name="testcase4 - Staging - Worker1 - Request" id="149fcd6f-8be5-4d06-bdda-687773cdc3e6" outgoingWss="Outflow STAG"><con:settings/><con:encoding>UTF-8</con:encoding><con:endpoint>https://192.168.24.57:8443/services/AccessManagerService_v1.0</con:endpoint><con:request><![CDATA[<soapenv:Envelope xmlns:soapenv="http://schemas.xmlsoap.org/soap/envelope/" xmlns:v1="http://fidus.brussels/service/accessmanagerservice/messages/v1" xmlns:v11="http://fidus.brussels/type/common/messages/v1" xmlns:v31="http://socialsecurity.be/umanentityrepresentative/types/v3">
   <soapenv:Header/>
   <soapenv:Body>
      <v1:getOrganisationDenominationRequest>
         <v1:messageContext>
         	  <v11:messageId>${=import static java.util.UUID.randomUUID; uuid = randomUUID() as String}</v11:messageId>
            <v11:timestamp>${=new java.text.SimpleDateFormat("yyyy-MM-dd'T'HH:mm:ss.SSS").format(new Date())}</v11:timestamp>
         </v1:messageContext>
         <v1:legalContext>ServiceIntegrator</v1:legalContext>
         <v1:request>
            <v1:Domain>QUAL_FED_HEALTHCARE</v1:Domain>
            <v1:OrganisationId>
               <v31:Identifier>1990000431</v31:Identifier>
               <v31:IdentifierType>BEEHP</v31:IdentifierType>
            </v1:OrganisationId>
            <v1:Language>nl</v1:Language>
         </v1:request>
      </v1:getOrganisationDenominationRequest>
   </soapenv:Body>
</soapenv:Envelope>]]></con:request><con:assertion type="SOAP Fault Assertion" id="162cb508-2822-41bd-aa92-c810edadbaca" name="Not SOAP Fault"/><con:assertion type="SOAP Response" id="402a329f-a0b0-4589-ace9-e38fabdad2c2" name="SOAP Response"/><con:assertion type="Schema Compliance" id="bcdfd2bf-b7aa-4031-a528-24e3cc2e2ce2" name="Schema Compliance"><con:configuration/></con:assertion><con:wsaConfig action="http://fidus.brussels/services/accessmanagerservice/getOrganisationDenomination"/></con:request></con:config></con:testStep><con:testStep type="request" id="8ac3fd69-eb8f-4160-8d0d-282480d7aae1" name="testcase4 - Staging - Worker2 - Request"><con:settings/><con:config xsi:type="con:RequestStep" xmlns:xsi="http://www.w3.org/2001/XMLSchema-instance"><con:interface>AccessManagerServiceHTTPBinding</con:interface><con:operation>getOrganisationDenomination</con:operation><con:request name="testcase4 - Staging - Worker2 - Request" id="bb079050-4c0b-4219-b165-d74d47d44b59" outgoingWss="Outflow STAG"><con:settings/><con:encoding>UTF-8</con:encoding><con:endpoint>https://192.168.24.64:8443/services/AccessManagerService_v1.0</con:endpoint><con:request><![CDATA[<soapenv:Envelope xmlns:soapenv="http://schemas.xmlsoap.org/soap/envelope/" xmlns:v1="http://fidus.brussels/service/accessmanagerservice/messages/v1" xmlns:v11="http://fidus.brussels/type/common/messages/v1" xmlns:v31="http://socialsecurity.be/umanentityrepresentative/types/v3">
   <soapenv:Header/>
   <soapenv:Body>
      <v1:getOrganisationDenominationRequest>
         <v1:messageContext>
         	  <v11:messageId>${=import static java.util.UUID.randomUUID; uuid = randomUUID() as String}</v11:messageId>
            <v11:timestamp>${=new java.text.SimpleDateFormat("yyyy-MM-dd'T'HH:mm:ss.SSS").format(new Date())}</v11:timestamp>
         </v1:messageContext>
         <v1:legalContext>ServiceIntegrator</v1:legalContext>
         <v1:request>
            <v1:Domain>QUAL_FED_HEALTHCARE</v1:Domain>
            <v1:OrganisationId>
               <v31:Identifier>1990000431</v31:Identifier>
               <v31:IdentifierType>BEEHP</v31:IdentifierType>
            </v1:OrganisationId>
            <v1:Language>nl</v1:Language>
         </v1:request>
      </v1:getOrganisationDenominationRequest>
   </soapenv:Body>
</soapenv:Envelope>]]></con:request><con:assertion type="SOAP Fault Assertion" id="fafdb01b-df10-49f3-b1ef-e7efe0785fa6" name="Not SOAP Fault"/><con:assertion type="SOAP Response" id="c36a7c8a-8ab1-4126-9462-db07ca24b4aa" name="SOAP Response"/><con:assertion type="Schema Compliance" id="74f052d4-f39a-4c44-ac2a-3434331f5306" name="Schema Compliance"><con:configuration/></con:assertion><con:wsaConfig action="http://fidus.brussels/services/accessmanagerservice/getOrganisationDenomination"/></con:request></con:config></con:testStep><con:testStep type="request" id="8dfe1d9f-7978-4552-b2d9-69ecee81ec39" name="testcase4 - Staging - Worker1New - Request"><con:settings/><con:config xsi:type="con:RequestStep" xmlns:xsi="http://www.w3.org/2001/XMLSchema-instance"><con:interface>AccessManagerServiceHTTPBinding</con:interface><con:operation>getOrganisationDenomination</con:operation><con:request name="testcase4 - Staging - Worker1New - Request" id="915351a1-415c-4da0-a52d-d16c29db760a" outgoingWss="Outflow STAG"><con:settings/><con:encoding>UTF-8</con:encoding><con:endpoint>https://192.168.24.57:8443/services/AccessManagerService_v1.0</con:endpoint><con:request><![CDATA[<soapenv:Envelope xmlns:soapenv="http://schemas.xmlsoap.org/soap/envelope/" xmlns:v1="http://fidus.brussels/service/accessmanagerservice/messages/v1" xmlns:v11="http://fidus.brussels/type/common/messages/v1" xmlns:v31="http://socialsecurity.be/umanentityrepresentative/types/v3">
   <soapenv:Header/>
   <soapenv:Body>
      <v1:getOrganisationDenominationRequest>
         <v1:messageContext>
         	  <v11:messageId>${=import static java.util.UUID.randomUUID; uuid = randomUUID() as String}</v11:messageId>
            <v11:timestamp>${=new java.text.SimpleDateFormat("yyyy-MM-dd'T'HH:mm:ss.SSS").format(new Date())}</v11:timestamp>
         </v1:messageContext>
         <v1:legalContext>ServiceIntegrator</v1:legalContext>
         <v1:request>
            <v1:Domain>QUAL_FED_HEALTHCARE</v1:Domain>
            <v1:OrganisationId>
               <v31:Identifier>1990000431</v31:Identifier>
               <v31:IdentifierType>BEEHP</v31:IdentifierType>
            </v1:OrganisationId>
            <v1:Language>nl</v1:Language>
         </v1:request>
      </v1:getOrganisationDenominationRequest>
   </soapenv:Body>
</soapenv:Envelope>]]></con:request><con:assertion type="SOAP Fault Assertion" id="1da7df3a-55be-42f3-a843-d0e2885da167" name="Not SOAP Fault"/><con:assertion type="SOAP Response" id="59bcebe5-879e-411b-b46c-1f241767becc" name="SOAP Response"/><con:assertion type="Schema Compliance" id="3a1ce1b5-6683-4ce6-8156-c18903035600" name="Schema Compliance"><con:configuration/></con:assertion><con:wsaConfig action="http://fidus.brussels/services/accessmanagerservice/getOrganisationDenomination"/></con:request></con:config></con:testStep><con:testStep type="request" id="69771e5c-7f11-4a8d-abd9-ccb50741b82c" name="testcase4 - Staging - Worker2New - Request"><con:settings/><con:config xsi:type="con:RequestStep" xmlns:xsi="http://www.w3.org/2001/XMLSchema-instance"><con:interface>AccessManagerServiceHTTPBinding</con:interface><con:operation>getOrganisationDenomination</con:operation><con:request name="testcase4 - Staging - Worker2New - Request" id="cf4bf774-cf53-46d9-ae5d-26acc258a4bf" outgoingWss="Outflow STAG"><con:settings/><con:encoding>UTF-8</con:encoding><con:endpoint>https://192.168.24.64:8443/services/AccessManagerService_v1.0</con:endpoint><con:request><![CDATA[<soapenv:Envelope xmlns:soapenv="http://schemas.xmlsoap.org/soap/envelope/" xmlns:v1="http://fidus.brussels/service/accessmanagerservice/messages/v1" xmlns:v11="http://fidus.brussels/type/common/messages/v1" xmlns:v31="http://socialsecurity.be/umanentityrepresentative/types/v3">
   <soapenv:Header/>
   <soapenv:Body>
      <v1:getOrganisationDenominationRequest>
         <v1:messageContext>
         	  <v11:messageId>${=import static java.util.UUID.randomUUID; uuid = randomUUID() as String}</v11:messageId>
            <v11:timestamp>${=new java.text.SimpleDateFormat("yyyy-MM-dd'T'HH:mm:ss.SSS").format(new Date())}</v11:timestamp>
         </v1:messageContext>
         <v1:legalContext>ServiceIntegrator</v1:legalContext>
         <v1:request>
            <v1:Domain>QUAL_FED_HEALTHCARE</v1:Domain>
            <v1:OrganisationId>
               <v31:Identifier>1990000431</v31:Identifier>
               <v31:IdentifierType>BEEHP</v31:IdentifierType>
            </v1:OrganisationId>
            <v1:Language>nl</v1:Language>
         </v1:request>
      </v1:getOrganisationDenominationRequest>
   </soapenv:Body>
</soapenv:Envelope>]]></con:request><con:assertion type="SOAP Fault Assertion" id="9f92e2c3-8f26-42fe-8e74-8e193f3a1cbf" name="Not SOAP Fault"/><con:assertion type="SOAP Response" id="6492119c-7367-44e9-a035-40ba7ea532fd" name="SOAP Response"/><con:assertion type="Schema Compliance" id="adead970-0187-492a-8e3c-c58db2023167" name="Schema Compliance"><con:configuration/></con:assertion><con:wsaConfig action="http://fidus.brussels/services/accessmanagerservice/getOrganisationDenomination"/></con:request></con:config></con:testStep><con:properties/></con:testCase><con:testCase id="d6a05ede-54c6-4a16-bee4-9245ceb3f08e" failOnError="true" failTestCaseOnErrors="true" keepSession="false" maxResults="0" name="getOrganisationParentNodes" searchProperties="true"><con:settings/><con:testStep type="request" id="ad59674f-8ee8-445a-b7b8-9b377d488711" name="testcase4 - Staging - LB - Request"><con:settings/><con:config xsi:type="con:RequestStep" xmlns:xsi="http://www.w3.org/2001/XMLSchema-instance"><con:interface>AccessManagerServiceHTTPBinding</con:interface><con:operation>getOrganisationParentNodes</con:operation><con:request name="testcase4 - Staging - LB - Request" id="f39bfcf9-1a6d-4f55-93f3-657e3d552a9a" outgoingWss="Outflow STAG"><con:settings/><con:encoding>UTF-8</con:encoding><con:endpoint>https://fidus-esb-sg.sta.srv.cirb.lan:8443/services/AccessManagerService_v1.0</con:endpoint><con:request><![CDATA[<soapenv:Envelope xmlns:soapenv="http://schemas.xmlsoap.org/soap/envelope/" xmlns:v1="http://fidus.brussels/service/accessmanagerservice/messages/v1" xmlns:v11="http://fidus.brussels/type/common/messages/v1" xmlns:v31="http://socialsecurity.be/umanentityrepresentative/types/v3">
   <soapenv:Header/>
   <soapenv:Body>
      <v1:getOrganisationParentNodesRequest>
         <v1:messageContext>
         	  <v11:messageId>${=import static java.util.UUID.randomUUID; uuid = randomUUID() as String}</v11:messageId>
            <v11:timestamp>${=new java.text.SimpleDateFormat("yyyy-MM-dd'T'HH:mm:ss.SSS").format(new Date())}</v11:timestamp>
         </v1:messageContext>
         <v1:legalContext>ServiceIntegrator</v1:legalContext>
         <v1:request>
            <v1:Domain>QUAL_FED_HEALTHCARE</v1:Domain>
            <v1:OrganisationId>
               <v31:Identifier>1990000431</v31:Identifier>
               <v31:IdentifierType>BEEHP</v31:IdentifierType>
            </v1:OrganisationId>
            <v1:Language>nl</v1:Language>
         </v1:request>
      </v1:getOrganisationParentNodesRequest>
   </soapenv:Body>
</soapenv:Envelope>]]></con:request><con:assertion type="SOAP Fault Assertion" id="9239354c-4e74-46a1-9bdb-2b4f1b5d0b4c" name="Not SOAP Fault"/><con:assertion type="SOAP Response" id="b683030c-4a2e-4f6e-92e6-0ab203c8aff7" name="SOAP Response"/><con:assertion type="Schema Compliance" id="69c01131-fcda-458a-8236-1b2d636bd226" name="Schema Compliance"><con:configuration/></con:assertion><con:wsaConfig action="http://fidus.brussels/services/accessmanagerservice/getOrganisationParentNodes"/></con:request></con:config></con:testStep><con:testStep type="request" id="750b2771-2e78-4198-bd76-38ac01799ad4" name="testcase4 - Staging - Worker1 - Request"><con:settings/><con:config xsi:type="con:RequestStep" xmlns:xsi="http://www.w3.org/2001/XMLSchema-instance"><con:interface>AccessManagerServiceHTTPBinding</con:interface><con:operation>getOrganisationParentNodes</con:operation><con:request name="testcase4 - Staging - Worker1 - Request" id="d65c238c-cda1-4d09-ac4c-f0a6426bb8c1" outgoingWss="Outflow STAG"><con:settings/><con:encoding>UTF-8</con:encoding><con:endpoint>https://192.168.24.57:8443/services/AccessManagerService_v1.0</con:endpoint><con:request><![CDATA[<soapenv:Envelope xmlns:soapenv="http://schemas.xmlsoap.org/soap/envelope/" xmlns:v1="http://fidus.brussels/service/accessmanagerservice/messages/v1" xmlns:v11="http://fidus.brussels/type/common/messages/v1" xmlns:v31="http://socialsecurity.be/umanentityrepresentative/types/v3">
   <soapenv:Header/>
   <soapenv:Body>
      <v1:getOrganisationParentNodesRequest>
         <v1:messageContext>
         	  <v11:messageId>${=import static java.util.UUID.randomUUID; uuid = randomUUID() as String}</v11:messageId>
            <v11:timestamp>${=new java.text.SimpleDateFormat("yyyy-MM-dd'T'HH:mm:ss.SSS").format(new Date())}</v11:timestamp>
         </v1:messageContext>
         <v1:legalContext>ServiceIntegrator</v1:legalContext>
         <v1:request>
            <v1:Domain>QUAL_FED_HEALTHCARE</v1:Domain>
            <v1:OrganisationId>
               <v31:Identifier>1990000431</v31:Identifier>
               <v31:IdentifierType>BEEHP</v31:IdentifierType>
            </v1:OrganisationId>
            <v1:Language>nl</v1:Language>
         </v1:request>
      </v1:getOrganisationParentNodesRequest>
   </soapenv:Body>
</soapenv:Envelope>]]></con:request><con:assertion type="SOAP Fault Assertion" id="4a2f5e64-e3d7-4b26-b533-95b1ee0cfa2c" name="Not SOAP Fault"/><con:assertion type="SOAP Response" id="3f51219a-ff91-48ef-99d6-8893eb7ebb1c" name="SOAP Response"/><con:assertion type="Schema Compliance" id="eea78a5c-45f1-43e0-8469-5225ffe0f5f5" name="Schema Compliance"><con:configuration/></con:assertion><con:wsaConfig action="http://fidus.brussels/services/accessmanagerservice/getOrganisationParentNodes"/></con:request></con:config></con:testStep><con:testStep type="request" id="d0b37fcf-1f93-4d01-8ee0-452ce58281d1" name="testcase4 - Staging - Worker2 - Request"><con:settings/><con:config xsi:type="con:RequestStep" xmlns:xsi="http://www.w3.org/2001/XMLSchema-instance"><con:interface>AccessManagerServiceHTTPBinding</con:interface><con:operation>getOrganisationParentNodes</con:operation><con:request name="testcase4 - Staging - Worker2 - Request" id="aeca97b4-ab24-4886-8433-e1c6aaa25dae" outgoingWss="Outflow STAG"><con:settings/><con:encoding>UTF-8</con:encoding><con:endpoint>https://192.168.24.64:8443/services/AccessManagerService_v1.0</con:endpoint><con:request><![CDATA[<soapenv:Envelope xmlns:soapenv="http://schemas.xmlsoap.org/soap/envelope/" xmlns:v1="http://fidus.brussels/service/accessmanagerservice/messages/v1" xmlns:v11="http://fidus.brussels/type/common/messages/v1" xmlns:v31="http://socialsecurity.be/umanentityrepresentative/types/v3">
   <soapenv:Header/>
   <soapenv:Body>
      <v1:getOrganisationParentNodesRequest>
         <v1:messageContext>
         	  <v11:messageId>${=import static java.util.UUID.randomUUID; uuid = randomUUID() as String}</v11:messageId>
            <v11:timestamp>${=new java.text.SimpleDateFormat("yyyy-MM-dd'T'HH:mm:ss.SSS").format(new Date())}</v11:timestamp>
         </v1:messageContext>
         <v1:legalContext>ServiceIntegrator</v1:legalContext>
         <v1:request>
            <v1:Domain>QUAL_FED_HEALTHCARE</v1:Domain>
            <v1:OrganisationId>
               <v31:Identifier>1990000431</v31:Identifier>
               <v31:IdentifierType>BEEHP</v31:IdentifierType>
            </v1:OrganisationId>
            <v1:Language>nl</v1:Language>
         </v1:request>
      </v1:getOrganisationParentNodesRequest>
   </soapenv:Body>
</soapenv:Envelope>]]></con:request><con:assertion type="SOAP Fault Assertion" id="50cba0d8-1325-4c7f-970a-1d3c95db8950" name="Not SOAP Fault"/><con:assertion type="SOAP Response" id="16390797-e6ae-41af-bb98-22afc17a27d4" name="SOAP Response"/><con:assertion type="Schema Compliance" id="3d4571c5-d7f1-4f9f-a6d7-0b345c48c084" name="Schema Compliance"><con:configuration/></con:assertion><con:wsaConfig action="http://fidus.brussels/services/accessmanagerservice/getOrganisationParentNodes"/></con:request></con:config></con:testStep><con:testStep type="request" id="e59c476c-ea2a-4aa9-b488-d5c449ac32ef" name="testcase4 - Staging - Worker1New - Request"><con:settings/><con:config xsi:type="con:RequestStep" xmlns:xsi="http://www.w3.org/2001/XMLSchema-instance"><con:interface>AccessManagerServiceHTTPBinding</con:interface><con:operation>getOrganisationParentNodes</con:operation><con:request name="testcase4 - Staging - Worker1New - Request" id="999d1899-bbbd-4756-8140-b74b3af766f5" outgoingWss="Outflow STAG"><con:settings/><con:encoding>UTF-8</con:encoding><con:endpoint>https://192.168.24.57:8443/services/AccessManagerService_v1.0</con:endpoint><con:request><![CDATA[<soapenv:Envelope xmlns:soapenv="http://schemas.xmlsoap.org/soap/envelope/" xmlns:v1="http://fidus.brussels/service/accessmanagerservice/messages/v1" xmlns:v11="http://fidus.brussels/type/common/messages/v1" xmlns:v31="http://socialsecurity.be/umanentityrepresentative/types/v3">
   <soapenv:Header/>
   <soapenv:Body>
      <v1:getOrganisationParentNodesRequest>
         <v1:messageContext>
         	  <v11:messageId>${=import static java.util.UUID.randomUUID; uuid = randomUUID() as String}</v11:messageId>
            <v11:timestamp>${=new java.text.SimpleDateFormat("yyyy-MM-dd'T'HH:mm:ss.SSS").format(new Date())}</v11:timestamp>
         </v1:messageContext>
         <v1:legalContext>ServiceIntegrator</v1:legalContext>
         <v1:request>
            <v1:Domain>QUAL_FED_HEALTHCARE</v1:Domain>
            <v1:OrganisationId>
               <v31:Identifier>1990000431</v31:Identifier>
               <v31:IdentifierType>BEEHP</v31:IdentifierType>
            </v1:OrganisationId>
            <v1:Language>nl</v1:Language>
         </v1:request>
      </v1:getOrganisationParentNodesRequest>
   </soapenv:Body>
</soapenv:Envelope>]]></con:request><con:assertion type="SOAP Fault Assertion" id="0c9a9988-2ec1-4af0-9f91-66ebee9243f6" name="Not SOAP Fault"/><con:assertion type="SOAP Response" id="3a83f077-82d9-459e-9bd8-e5dd907dceec" name="SOAP Response"/><con:assertion type="Schema Compliance" id="7fd96d89-9b1c-46d2-8dd5-1821d7afd23c" name="Schema Compliance"><con:configuration/></con:assertion><con:wsaConfig action="http://fidus.brussels/services/accessmanagerservice/getOrganisationParentNodes"/></con:request></con:config></con:testStep><con:testStep type="request" id="e22cd95e-be15-44d2-a592-cf998eab1383" name="testcase4 - Staging - Worker2New - Request"><con:settings/><con:config xsi:type="con:RequestStep" xmlns:xsi="http://www.w3.org/2001/XMLSchema-instance"><con:interface>AccessManagerServiceHTTPBinding</con:interface><con:operation>getOrganisationParentNodes</con:operation><con:request name="testcase4 - Staging - Worker2New - Request" id="606a2a4b-ff15-4c9a-becb-31643b76162c" outgoingWss="Outflow STAG"><con:settings/><con:encoding>UTF-8</con:encoding><con:endpoint>https://192.168.24.64:8443/services/AccessManagerService_v1.0</con:endpoint><con:request><![CDATA[<soapenv:Envelope xmlns:soapenv="http://schemas.xmlsoap.org/soap/envelope/" xmlns:v1="http://fidus.brussels/service/accessmanagerservice/messages/v1" xmlns:v11="http://fidus.brussels/type/common/messages/v1" xmlns:v31="http://socialsecurity.be/umanentityrepresentative/types/v3">
   <soapenv:Header/>
   <soapenv:Body>
      <v1:getOrganisationParentNodesRequest>
         <v1:messageContext>
         	  <v11:messageId>${=import static java.util.UUID.randomUUID; uuid = randomUUID() as String}</v11:messageId>
            <v11:timestamp>${=new java.text.SimpleDateFormat("yyyy-MM-dd'T'HH:mm:ss.SSS").format(new Date())}</v11:timestamp>
         </v1:messageContext>
         <v1:legalContext>ServiceIntegrator</v1:legalContext>
         <v1:request>
            <v1:Domain>QUAL_FED_HEALTHCARE</v1:Domain>
            <v1:OrganisationId>
               <v31:Identifier>1990000431</v31:Identifier>
               <v31:IdentifierType>BEEHP</v31:IdentifierType>
            </v1:OrganisationId>
            <v1:Language>nl</v1:Language>
         </v1:request>
      </v1:getOrganisationParentNodesRequest>
   </soapenv:Body>
</soapenv:Envelope>]]></con:request><con:assertion type="SOAP Fault Assertion" id="7ac012b9-4518-454a-ba4d-28b82678d71c" name="Not SOAP Fault"/><con:assertion type="SOAP Response" id="a54b7421-e4ed-4366-8c46-dc8f74a1969b" name="SOAP Response"/><con:assertion type="Schema Compliance" id="9167d436-9f8d-45da-b180-28be73fbc18d" name="Schema Compliance"><con:configuration/></con:assertion><con:wsaConfig action="http://fidus.brussels/services/accessmanagerservice/getOrganisationParentNodes"/></con:request></con:config></con:testStep><con:properties/></con:testCase><con:properties/></con:testSuite><con:testSuite id="0fad70f8-983c-49d3-a290-25ddd1206969" name="PROD"><con:settings/><con:runType>SEQUENTIAL</con:runType><con:testCase id="d3dc3217-3c3b-4b40-a98c-17e186f0ad40" failOnError="true" failTestCaseOnErrors="true" keepSession="false" maxResults="0" name="findRepresentativeRolesByINSS" searchProperties="true"><con:settings/><con:testStep type="request" id="1e0b037f-2492-4d52-85f7-756846cc4392" name="testcase5 - Prod - External - Request"><con:settings/><con:config xsi:type="con:RequestStep" xmlns:xsi="http://www.w3.org/2001/XMLSchema-instance"><con:interface>AccessManagerServiceHTTPBinding</con:interface><con:operation>findRepresentativeRolesByINSS</con:operation><con:request name="testcase5 - Prod - External - Request" id="61f185af-6600-445d-b84f-8728142b3bb6" outgoingWss="Outflow PROD"><con:settings/><con:encoding>UTF-8</con:encoding><con:endpoint>https://fidus.sec.brussels/services/AccessManagerService_v1.0</con:endpoint><con:request><![CDATA[<soapenv:Envelope xmlns:soapenv="http://schemas.xmlsoap.org/soap/envelope/" xmlns:v1="http://fidus.brussels/service/accessmanagerservice/messages/v1" xmlns:v11="http://fidus.brussels/type/common/messages/v1" xmlns:v3="http://socialsecurity.be/umanentityrepresentative/types/v3">
   <soapenv:Header/>
   <soapenv:Body>
      <v1:findRepresentativeRolesByINSSRequest>
         <v1:messageContext>
         	  <v11:messageId>${=import static java.util.UUID.randomUUID; uuid = randomUUID() as String}</v11:messageId>
            <v11:timestamp>${=new java.text.SimpleDateFormat("yyyy-MM-dd'T'HH:mm:ss.SSS").format(new Date())}</v11:timestamp>
         </v1:messageContext>
         <v1:legalContext>ServiceIntegrator</v1:legalContext>
         <v1:request>
            <v1:Domain>QUAL_FED_HEALTHCARE</v1:Domain>
            <v1:INSS>86051933959</v1:INSS>
            <v1:Language>nl</v1:Language>
         </v1:request>
      </v1:findRepresentativeRolesByINSSRequest>
   </soapenv:Body>
</soapenv:Envelope>]]></con:request><con:assertion type="SOAP Fault Assertion" id="dddbb9ea-3f6f-454a-bf1f-0779eb74a3ca" name="Not SOAP Fault"/><con:assertion type="SOAP Response" id="21734a00-8a98-447f-b162-86eb71dec2e1" name="SOAP Response"/><con:assertion type="Schema Compliance" id="3f130f10-081e-48a1-9a0f-1946d9810890" name="Schema Compliance"><con:configuration/></con:assertion><con:wsaConfig action="http://fidus.brussels/services/accessmanagerservice/findRepresentativeRolesByINSS"/></con:request></con:config></con:testStep><con:testStep type="request" id="75497134-1fcc-45d0-bd08-3891ad0123cc" name="testcase5 - Prod - LB - Request"><con:settings/><con:config xsi:type="con:RequestStep" xmlns:xsi="http://www.w3.org/2001/XMLSchema-instance"><con:interface>AccessManagerServiceHTTPBinding</con:interface><con:operation>findRepresentativeRolesByINSS</con:operation><con:request name="testcase5 - Prod - LB - Request" id="f79fc14c-97c9-4e57-b5e9-8257766a03e2" outgoingWss="Outflow PROD"><con:settings/><con:encoding>UTF-8</con:encoding><con:endpoint>https://fidus-esb-sg.prd.srv.cirb.lan:8443/services/AccessManagerService_v1.0</con:endpoint><con:request><![CDATA[<soapenv:Envelope xmlns:soapenv="http://schemas.xmlsoap.org/soap/envelope/" xmlns:v1="http://fidus.brussels/service/accessmanagerservice/messages/v1" xmlns:v11="http://fidus.brussels/type/common/messages/v1" xmlns:v3="http://socialsecurity.be/umanentityrepresentative/types/v3">
   <soapenv:Header/>
   <soapenv:Body>
      <v1:findRepresentativeRolesByINSSRequest>
         <v1:messageContext>
         	  <v11:messageId>${=import static java.util.UUID.randomUUID; uuid = randomUUID() as String}</v11:messageId>
            <v11:timestamp>${=new java.text.SimpleDateFormat("yyyy-MM-dd'T'HH:mm:ss.SSS").format(new Date())}</v11:timestamp>
         </v1:messageContext>
         <v1:legalContext>ServiceIntegrator</v1:legalContext>
         <v1:request>
            <v1:Domain>QUAL_FED_HEALTHCARE</v1:Domain>
            <v1:INSS>86051933959</v1:INSS>
            <v1:Language>nl</v1:Language>
         </v1:request>
      </v1:findRepresentativeRolesByINSSRequest>
   </soapenv:Body>
</soapenv:Envelope>]]></con:request><con:assertion type="SOAP Fault Assertion" id="bc013505-d241-47f8-a67e-4bea86b88088" name="Not SOAP Fault"/><con:assertion type="SOAP Response" id="16bc42d1-a1e7-4908-bef7-f7a7f671c63b" name="SOAP Response"/><con:assertion type="Schema Compliance" id="3c88db74-d225-4605-a055-5b75389876a3" name="Schema Compliance"><con:configuration/></con:assertion><con:wsaConfig action="http://fidus.brussels/services/accessmanagerservice/findRepresentativeRolesByINSS"/></con:request></con:config></con:testStep><con:testStep type="request" id="ec4e60dd-d2fc-4473-8ba6-e48a856592c1" name="testcase5 - Prod - Worker1 - Request"><con:settings/><con:config xsi:type="con:RequestStep" xmlns:xsi="http://www.w3.org/2001/XMLSchema-instance"><con:interface>AccessManagerServiceHTTPBinding</con:interface><con:operation>findRepresentativeRolesByINSS</con:operation><con:request name="testcase5 - Prod - Worker1 - Request" id="691ea3d6-5073-48d4-a2b5-35a8cc6dd7f7" outgoingWss="Outflow PROD"><con:settings/><con:encoding>UTF-8</con:encoding><con:endpoint>https://192.168.26.22:8443/services/AccessManagerService_v1.0</con:endpoint><con:request><![CDATA[<soapenv:Envelope xmlns:soapenv="http://schemas.xmlsoap.org/soap/envelope/" xmlns:v1="http://fidus.brussels/service/accessmanagerservice/messages/v1" xmlns:v11="http://fidus.brussels/type/common/messages/v1" xmlns:v3="http://socialsecurity.be/umanentityrepresentative/types/v3">
   <soapenv:Header/>
   <soapenv:Body>
      <v1:findRepresentativeRolesByINSSRequest>
         <v1:messageContext>
         	  <v11:messageId>${=import static java.util.UUID.randomUUID; uuid = randomUUID() as String}</v11:messageId>
            <v11:timestamp>${=new java.text.SimpleDateFormat("yyyy-MM-dd'T'HH:mm:ss.SSS").format(new Date())}</v11:timestamp>
         </v1:messageContext>
         <v1:legalContext>ServiceIntegrator</v1:legalContext>
         <v1:request>
            <v1:Domain>QUAL_FED_HEALTHCARE</v1:Domain>
            <v1:INSS>86051933959</v1:INSS>
            <v1:Language>nl</v1:Language>
         </v1:request>
      </v1:findRepresentativeRolesByINSSRequest>
   </soapenv:Body>
</soapenv:Envelope>]]></con:request><con:assertion type="SOAP Fault Assertion" id="87af9af0-598b-4236-8237-b19989866e6e" name="Not SOAP Fault"/><con:assertion type="SOAP Response" id="0a18b7fa-bd65-4939-b366-df6eeb38f222" name="SOAP Response"/><con:assertion type="Schema Compliance" id="cf3b9376-d26c-43f4-a29d-fa0e233ab550" name="Schema Compliance"><con:configuration/></con:assertion><con:wsaConfig action="http://fidus.brussels/services/accessmanagerservice/findRepresentativeRolesByINSS"/></con:request></con:config></con:testStep><con:testStep type="request" id="bb762e9d-cba8-45ab-bb9e-65947caf392f" name="testcase5 - Prod - Worker2 - Request"><con:settings/><con:config xsi:type="con:RequestStep" xmlns:xsi="http://www.w3.org/2001/XMLSchema-instance"><con:interface>AccessManagerServiceHTTPBinding</con:interface><con:operation>findRepresentativeRolesByINSS</con:operation><con:request name="testcase5 - Prod - Worker2 - Request" id="b2b89ca4-e3b7-45d1-95c8-749c139fa9ce" outgoingWss="Outflow PROD"><con:settings/><con:encoding>UTF-8</con:encoding><con:endpoint>https://192.168.26.19:8443/services/AccessManagerService_v1.0</con:endpoint><con:request><![CDATA[<soapenv:Envelope xmlns:soapenv="http://schemas.xmlsoap.org/soap/envelope/" xmlns:v1="http://fidus.brussels/service/accessmanagerservice/messages/v1" xmlns:v11="http://fidus.brussels/type/common/messages/v1" xmlns:v3="http://socialsecurity.be/umanentityrepresentative/types/v3">
   <soapenv:Header/>
   <soapenv:Body>
      <v1:findRepresentativeRolesByINSSRequest>
         <v1:messageContext>
         	  <v11:messageId>${=import static java.util.UUID.randomUUID; uuid = randomUUID() as String}</v11:messageId>
            <v11:timestamp>${=new java.text.SimpleDateFormat("yyyy-MM-dd'T'HH:mm:ss.SSS").format(new Date())}</v11:timestamp>
         </v1:messageContext>
         <v1:legalContext>ServiceIntegrator</v1:legalContext>
         <v1:request>
            <v1:Domain>QUAL_FED_HEALTHCARE</v1:Domain>
            <v1:INSS>86051933959</v1:INSS>
            <v1:Language>nl</v1:Language>
         </v1:request>
      </v1:findRepresentativeRolesByINSSRequest>
   </soapenv:Body>
</soapenv:Envelope>]]></con:request><con:assertion type="SOAP Fault Assertion" id="c3257116-ab86-4b47-b6a0-e8af25d23736" name="Not SOAP Fault"/><con:assertion type="SOAP Response" id="e3f47f76-e13e-495e-97e6-153b85b419cc" name="SOAP Response"/><con:assertion type="Schema Compliance" id="073171e3-654e-4658-a143-c8e1f6e12636" name="Schema Compliance"><con:configuration/></con:assertion><con:wsaConfig action="http://fidus.brussels/services/accessmanagerservice/findRepresentativeRolesByINSS"/></con:request></con:config></con:testStep><con:properties/></con:testCase><con:testCase id="0efc407c-3303-4cdc-ba52-47cdffdd1ed6" failOnError="true" failTestCaseOnErrors="true" keepSession="false" maxResults="0" name="getDomain" searchProperties="true"><con:settings/><con:testStep type="request" id="d5bb1f9e-2549-486d-a47b-145e3fc65adb" name="testcase5 - Prod - External - Request"><con:settings/><con:config xsi:type="con:RequestStep" xmlns:xsi="http://www.w3.org/2001/XMLSchema-instance"><con:interface>AccessManagerServiceHTTPBinding</con:interface><con:operation>getDomain</con:operation><con:request name="testcase5 - Prod - External - Request" id="c4195dc6-b737-4d8b-bfaa-a2c3b207cecd" outgoingWss="Outflow PROD"><con:settings/><con:encoding>UTF-8</con:encoding><con:endpoint>https://fidus.sec.brussels/services/AccessManagerService_v1.0</con:endpoint><con:request><![CDATA[<soapenv:Envelope xmlns:soapenv="http://schemas.xmlsoap.org/soap/envelope/" xmlns:v1="http://fidus.brussels/service/accessmanagerservice/messages/v1" xmlns:v11="http://fidus.brussels/type/common/messages/v1" >
   <soapenv:Header/>
   <soapenv:Body>
      <v1:getDomainRequest>
         <v1:messageContext>
         	  <v11:messageId>${=import static java.util.UUID.randomUUID; uuid = randomUUID() as String}</v11:messageId>
            <v11:timestamp>${=new java.text.SimpleDateFormat("yyyy-MM-dd'T'HH:mm:ss.SSS").format(new Date())}</v11:timestamp>
         </v1:messageContext>
         <v1:legalContext>ServiceIntegrator</v1:legalContext>
         <v1:request>
         	  <v1:Domain>FINANCE</v1:Domain>
            <v1:Language>fr</v1:Language>
         </v1:request>
      </v1:getDomainRequest>
   </soapenv:Body>
</soapenv:Envelope>]]></con:request><con:assertion type="SOAP Fault Assertion" id="1f40b129-13b0-488f-8a28-cc356aa5d921" name="Not SOAP Fault"/><con:assertion type="SOAP Response" id="d204cdf7-f300-46c8-859b-f67852b8aa8c" name="SOAP Response"/><con:assertion type="Schema Compliance" id="ba9224b7-1c4c-465d-9f37-29cea762d51b" name="Schema Compliance"><con:configuration/></con:assertion><con:wsaConfig action="http://fidus.brussels/services/accessmanagerservice/getDomain"/></con:request></con:config></con:testStep><con:testStep type="request" id="de8fb109-2696-4ccf-9a7f-c3f65cbdafec" name="testcase5 - Prod - LB - Request"><con:settings/><con:config xsi:type="con:RequestStep" xmlns:xsi="http://www.w3.org/2001/XMLSchema-instance"><con:interface>AccessManagerServiceHTTPBinding</con:interface><con:operation>getDomain</con:operation><con:request name="testcase5 - Prod - LB - Request" id="2aa1af7a-9537-4cf5-b854-e6fef4f02965" outgoingWss="Outflow PROD"><con:settings/><con:encoding>UTF-8</con:encoding><con:endpoint>https://fidus-esb-sg.prd.srv.cirb.lan:8443/services/AccessManagerService_v1.0</con:endpoint><con:request><![CDATA[<soapenv:Envelope xmlns:soapenv="http://schemas.xmlsoap.org/soap/envelope/" xmlns:v1="http://fidus.brussels/service/accessmanagerservice/messages/v1" xmlns:v11="http://fidus.brussels/type/common/messages/v1" >
   <soapenv:Header/>
   <soapenv:Body>
      <v1:getDomainRequest>
         <v1:messageContext>
         	  <v11:messageId>${=import static java.util.UUID.randomUUID; uuid = randomUUID() as String}</v11:messageId>
            <v11:timestamp>${=new java.text.SimpleDateFormat("yyyy-MM-dd'T'HH:mm:ss.SSS").format(new Date())}</v11:timestamp>
         </v1:messageContext>
         <v1:legalContext>ServiceIntegrator</v1:legalContext>
         <v1:request>
         	  <v1:Domain>FINANCE</v1:Domain>
            <v1:Language>fr</v1:Language>
         </v1:request>
      </v1:getDomainRequest>
   </soapenv:Body>
</soapenv:Envelope>]]></con:request><con:assertion type="SOAP Fault Assertion" id="9a21db50-9588-47a6-848b-39874a899a68" name="Not SOAP Fault"/><con:assertion type="SOAP Response" id="d7e8370b-943a-432f-8996-fc776da2c2aa" name="SOAP Response"/><con:assertion type="Schema Compliance" id="00754865-d35d-48e6-82c7-e919c373b0e6" name="Schema Compliance"><con:configuration/></con:assertion><con:wsaConfig action="http://fidus.brussels/services/accessmanagerservice/getDomain"/></con:request></con:config></con:testStep><con:testStep type="request" id="b713b16b-1aad-4889-9b8e-3b5e85dea440" name="testcase5 - Prod - Worker1 - Request"><con:settings/><con:config xsi:type="con:RequestStep" xmlns:xsi="http://www.w3.org/2001/XMLSchema-instance"><con:interface>AccessManagerServiceHTTPBinding</con:interface><con:operation>getDomain</con:operation><con:request name="testcase5 - Prod - Worker1 - Request" id="c006e869-1099-446b-9ea5-d7b4ad6692d8" outgoingWss="Outflow PROD"><con:settings/><con:encoding>UTF-8</con:encoding><con:endpoint>https://192.168.26.22:8443/services/AccessManagerService_v1.0</con:endpoint><con:request><![CDATA[<soapenv:Envelope xmlns:soapenv="http://schemas.xmlsoap.org/soap/envelope/" xmlns:v1="http://fidus.brussels/service/accessmanagerservice/messages/v1" xmlns:v11="http://fidus.brussels/type/common/messages/v1" >
   <soapenv:Header/>
   <soapenv:Body>
      <v1:getDomainRequest>
         <v1:messageContext>
         	  <v11:messageId>${=import static java.util.UUID.randomUUID; uuid = randomUUID() as String}</v11:messageId>
            <v11:timestamp>${=new java.text.SimpleDateFormat("yyyy-MM-dd'T'HH:mm:ss.SSS").format(new Date())}</v11:timestamp>
         </v1:messageContext>
         <v1:legalContext>ServiceIntegrator</v1:legalContext>
         <v1:request>
         	  <v1:Domain>FINANCE</v1:Domain>
            <v1:Language>fr</v1:Language>
         </v1:request>
      </v1:getDomainRequest>
   </soapenv:Body>
</soapenv:Envelope>]]></con:request><con:assertion type="SOAP Fault Assertion" id="2a687b65-9f69-4014-9894-f4594b0b6e79" name="Not SOAP Fault"/><con:assertion type="SOAP Response" id="278f9a60-9a1a-430c-890f-2782b2ad0644" name="SOAP Response"/><con:assertion type="Schema Compliance" id="ae909d40-8c08-47d8-9709-c6e48156406f" name="Schema Compliance"><con:configuration/></con:assertion><con:wsaConfig action="http://fidus.brussels/services/accessmanagerservice/getDomain"/></con:request></con:config></con:testStep><con:testStep type="request" id="a8a586c4-dfc1-4fe2-ade4-4b439a64cef7" name="testcase5 - Prod - Worker2 - Request"><con:settings/><con:config xsi:type="con:RequestStep" xmlns:xsi="http://www.w3.org/2001/XMLSchema-instance"><con:interface>AccessManagerServiceHTTPBinding</con:interface><con:operation>getDomain</con:operation><con:request name="testcase5 - Prod - Worker2 - Request" id="776ba955-08fb-460f-9d84-a2fe12be6372" outgoingWss="Outflow PROD"><con:settings/><con:encoding>UTF-8</con:encoding><con:endpoint>https://192.168.26.19:8443/services/AccessManagerService_v1.0</con:endpoint><con:request><![CDATA[<soapenv:Envelope xmlns:soapenv="http://schemas.xmlsoap.org/soap/envelope/" xmlns:v1="http://fidus.brussels/service/accessmanagerservice/messages/v1" xmlns:v11="http://fidus.brussels/type/common/messages/v1" >
   <soapenv:Header/>
   <soapenv:Body>
      <v1:getDomainRequest>
         <v1:messageContext>
         	  <v11:messageId>${=import static java.util.UUID.randomUUID; uuid = randomUUID() as String}</v11:messageId>
            <v11:timestamp>${=new java.text.SimpleDateFormat("yyyy-MM-dd'T'HH:mm:ss.SSS").format(new Date())}</v11:timestamp>
         </v1:messageContext>
         <v1:legalContext>ServiceIntegrator</v1:legalContext>
         <v1:request>
         	  <v1:Domain>FINANCE</v1:Domain>
            <v1:Language>fr</v1:Language>
         </v1:request>
      </v1:getDomainRequest>
   </soapenv:Body>
</soapenv:Envelope>]]></con:request><con:assertion type="SOAP Fault Assertion" id="a4926a77-428d-4c0e-9a9d-b8476c9bcc2d" name="Not SOAP Fault"/><con:assertion type="SOAP Response" id="05a1d48e-530c-420c-93a8-9d9e83c5f677" name="SOAP Response"/><con:assertion type="Schema Compliance" id="eeddb814-89ab-4a9e-a7f4-3a124a78a89e" name="Schema Compliance"><con:configuration/></con:assertion><con:wsaConfig action="http://fidus.brussels/services/accessmanagerservice/getDomain"/></con:request></con:config></con:testStep><con:properties/></con:testCase><con:testCase id="c06a38a0-20fe-4ae0-a75b-5c7788441646" failOnError="true" failTestCaseOnErrors="true" keepSession="false" maxResults="0" name="getEntityRepresentatives" searchProperties="true"><con:settings/><con:testStep type="request" id="696e8e7e-26ef-40fd-8a3c-cfd68ad59433" name="testcase5 - Prod - External - Request"><con:settings/><con:config xsi:type="con:RequestStep" xmlns:xsi="http://www.w3.org/2001/XMLSchema-instance"><con:interface>AccessManagerServiceHTTPBinding</con:interface><con:operation>getEntityRepresentatives</con:operation><con:request name="testcase5 - Prod - External - Request" id="926d2ad8-ce76-403c-a140-bc221f8a6e73" outgoingWss="Outflow PROD"><con:settings/><con:encoding>UTF-8</con:encoding><con:endpoint>https://fidus.sec.brussels/services/AccessManagerService_v1.0</con:endpoint><con:request><![CDATA[<soapenv:Envelope xmlns:soapenv="http://schemas.xmlsoap.org/soap/envelope/" xmlns:v1="http://fidus.brussels/service/accessmanagerservice/messages/v1" xmlns:v11="http://fidus.brussels/type/common/messages/v1" xmlns:v31="http://socialsecurity.be/umanentityrepresentative/types/v3" >
   <soapenv:Header/>
   <soapenv:Body>
      <v1:getEntityRepresentativesRequest>
         <v1:messageContext>
         	  <v11:messageId>${=import static java.util.UUID.randomUUID; uuid = randomUUID() as String}</v11:messageId>
            <v11:timestamp>${=new java.text.SimpleDateFormat("yyyy-MM-dd'T'HH:mm:ss.SSS").format(new Date())}</v11:timestamp>
         </v1:messageContext>
         <v1:legalContext>ServiceIntegrator</v1:legalContext>
         <v1:request>
            <v1:Domain>QUAL_FED_HEALTHCARE</v1:Domain>
            <v1:OrganisationId>
               <v31:Identifier>1990000431</v31:Identifier>
               <v31:IdentifierType>BEEHP</v31:IdentifierType>
            </v1:OrganisationId>
            <v1:Language>nl</v1:Language>
         </v1:request>
      </v1:getEntityRepresentativesRequest>
   </soapenv:Body>
</soapenv:Envelope>]]></con:request><con:assertion type="SOAP Fault Assertion" id="da0d7989-f258-4dc6-a59d-df50311ddf31" name="Not SOAP Fault"/><con:assertion type="SOAP Response" id="0555448e-9ef0-45e8-88ef-72d2653fe4f6" name="SOAP Response"/><con:assertion type="Schema Compliance" id="6afa40b4-301a-470b-9d9d-b6de8efc3824" name="Schema Compliance"><con:configuration/></con:assertion><con:wsaConfig action="http://fidus.brussels/services/accessmanagerservice/getEntityRepresentatives"/></con:request></con:config></con:testStep><con:testStep type="request" id="23056550-ed63-45e6-8840-39e9c34c5455" name="testcase5 - Prod - LB - Request"><con:settings/><con:config xsi:type="con:RequestStep" xmlns:xsi="http://www.w3.org/2001/XMLSchema-instance"><con:interface>AccessManagerServiceHTTPBinding</con:interface><con:operation>getEntityRepresentatives</con:operation><con:request name="testcase5 - Prod - LB - Request" id="f798d934-8d19-4239-a7fe-a3b54803f561" outgoingWss="Outflow PROD"><con:settings/><con:encoding>UTF-8</con:encoding><con:endpoint>https://fidus-esb-sg.prd.srv.cirb.lan:8443/services/AccessManagerService_v1.0</con:endpoint><con:request><![CDATA[<soapenv:Envelope xmlns:soapenv="http://schemas.xmlsoap.org/soap/envelope/" xmlns:v1="http://fidus.brussels/service/accessmanagerservice/messages/v1" xmlns:v11="http://fidus.brussels/type/common/messages/v1" xmlns:v31="http://socialsecurity.be/umanentityrepresentative/types/v3" >
   <soapenv:Header/>
   <soapenv:Body>
      <v1:getEntityRepresentativesRequest>
         <v1:messageContext>
         	  <v11:messageId>${=import static java.util.UUID.randomUUID; uuid = randomUUID() as String}</v11:messageId>
            <v11:timestamp>${=new java.text.SimpleDateFormat("yyyy-MM-dd'T'HH:mm:ss.SSS").format(new Date())}</v11:timestamp>
         </v1:messageContext>
         <v1:legalContext>ServiceIntegrator</v1:legalContext>
         <v1:request>
            <v1:Domain>QUAL_FED_HEALTHCARE</v1:Domain>
            <v1:OrganisationId>
               <v31:Identifier>1990000431</v31:Identifier>
               <v31:IdentifierType>BEEHP</v31:IdentifierType>
            </v1:OrganisationId>
            <v1:Language>nl</v1:Language>
         </v1:request>
      </v1:getEntityRepresentativesRequest>
   </soapenv:Body>
</soapenv:Envelope>]]></con:request><con:assertion type="SOAP Fault Assertion" id="50c46e03-5660-4384-8c32-88e589227cd2" name="Not SOAP Fault"/><con:assertion type="SOAP Response" id="6ad44499-ed17-4c75-aa6e-0658a6ee2ed1" name="SOAP Response"/><con:assertion type="Schema Compliance" id="fbd074c7-de8d-4683-8c01-65b9f718898e" name="Schema Compliance"><con:configuration/></con:assertion><con:wsaConfig action="http://fidus.brussels/services/accessmanagerservice/getEntityRepresentatives"/></con:request></con:config></con:testStep><con:testStep type="request" id="eb6f6ee2-0405-4cd6-a6c8-a90882c58749" name="testcase5 - Prod - Worker1 - Request"><con:settings/><con:config xsi:type="con:RequestStep" xmlns:xsi="http://www.w3.org/2001/XMLSchema-instance"><con:interface>AccessManagerServiceHTTPBinding</con:interface><con:operation>getEntityRepresentatives</con:operation><con:request name="testcase5 - Prod - Worker1 - Request" id="2f7b392a-30a5-41f9-9211-2006de7bc32c" outgoingWss="Outflow PROD"><con:settings/><con:encoding>UTF-8</con:encoding><con:endpoint>https://192.168.26.22:8443/services/AccessManagerService_v1.0</con:endpoint><con:request><![CDATA[<soapenv:Envelope xmlns:soapenv="http://schemas.xmlsoap.org/soap/envelope/" xmlns:v1="http://fidus.brussels/service/accessmanagerservice/messages/v1" xmlns:v11="http://fidus.brussels/type/common/messages/v1" xmlns:v31="http://socialsecurity.be/umanentityrepresentative/types/v3" >
   <soapenv:Header/>
   <soapenv:Body>
      <v1:getEntityRepresentativesRequest>
         <v1:messageContext>
         	  <v11:messageId>${=import static java.util.UUID.randomUUID; uuid = randomUUID() as String}</v11:messageId>
            <v11:timestamp>${=new java.text.SimpleDateFormat("yyyy-MM-dd'T'HH:mm:ss.SSS").format(new Date())}</v11:timestamp>
         </v1:messageContext>
         <v1:legalContext>ServiceIntegrator</v1:legalContext>
         <v1:request>
            <v1:Domain>QUAL_FED_HEALTHCARE</v1:Domain>
            <v1:OrganisationId>
               <v31:Identifier>1990000431</v31:Identifier>
               <v31:IdentifierType>BEEHP</v31:IdentifierType>
            </v1:OrganisationId>
            <v1:Language>nl</v1:Language>
         </v1:request>
      </v1:getEntityRepresentativesRequest>
   </soapenv:Body>
</soapenv:Envelope>]]></con:request><con:assertion type="SOAP Fault Assertion" id="969aef8a-c9c2-47a5-8326-b81c7e12a11a" name="Not SOAP Fault"/><con:assertion type="SOAP Response" id="91e5db0d-d07d-4dc2-92b9-5983d07d715d" name="SOAP Response"/><con:assertion type="Schema Compliance" id="06ccc743-806e-4277-9963-d9f25549309a" name="Schema Compliance"><con:configuration/></con:assertion><con:wsaConfig action="http://fidus.brussels/services/accessmanagerservice/getEntityRepresentatives"/></con:request></con:config></con:testStep><con:testStep type="request" id="c841ff79-6b9b-4716-b294-d347597ad4af" name="testcase5 - Prod - Worker2 - Request"><con:settings/><con:config xsi:type="con:RequestStep" xmlns:xsi="http://www.w3.org/2001/XMLSchema-instance"><con:interface>AccessManagerServiceHTTPBinding</con:interface><con:operation>getEntityRepresentatives</con:operation><con:request name="testcase5 - Prod - Worker2 - Request" id="4a6934e6-2a44-4c0c-9561-c7db380cc5f0" outgoingWss="Outflow PROD"><con:settings/><con:encoding>UTF-8</con:encoding><con:endpoint>https://192.168.26.19:8443/services/AccessManagerService_v1.0</con:endpoint><con:request><![CDATA[<soapenv:Envelope xmlns:soapenv="http://schemas.xmlsoap.org/soap/envelope/" xmlns:v1="http://fidus.brussels/service/accessmanagerservice/messages/v1" xmlns:v11="http://fidus.brussels/type/common/messages/v1" xmlns:v31="http://socialsecurity.be/umanentityrepresentative/types/v3" >
   <soapenv:Header/>
   <soapenv:Body>
      <v1:getEntityRepresentativesRequest>
         <v1:messageContext>
         	  <v11:messageId>${=import static java.util.UUID.randomUUID; uuid = randomUUID() as String}</v11:messageId>
            <v11:timestamp>${=new java.text.SimpleDateFormat("yyyy-MM-dd'T'HH:mm:ss.SSS").format(new Date())}</v11:timestamp>
         </v1:messageContext>
         <v1:legalContext>ServiceIntegrator</v1:legalContext>
         <v1:request>
            <v1:Domain>QUAL_FED_HEALTHCARE</v1:Domain>
            <v1:OrganisationId>
               <v31:Identifier>1990000431</v31:Identifier>
               <v31:IdentifierType>BEEHP</v31:IdentifierType>
            </v1:OrganisationId>
            <v1:Language>nl</v1:Language>
         </v1:request>
      </v1:getEntityRepresentativesRequest>
   </soapenv:Body>
</soapenv:Envelope>]]></con:request><con:assertion type="SOAP Fault Assertion" id="4db2eea0-ade1-4aae-8387-db873aa8b9e4" name="Not SOAP Fault"/><con:assertion type="SOAP Response" id="be7fa15d-490b-4a7a-b74c-764b403f892b" name="SOAP Response"/><con:assertion type="Schema Compliance" id="8fa6e440-4dbd-4123-b36b-90db0113b35b" name="Schema Compliance"><con:configuration/></con:assertion><con:wsaConfig action="http://fidus.brussels/services/accessmanagerservice/getEntityRepresentatives"/></con:request></con:config></con:testStep><con:properties/></con:testCase><con:testCase id="0c301835-944d-449b-8136-7c87b76f849f" failOnError="true" failTestCaseOnErrors="true" keepSession="false" maxResults="0" name="getOrganisationChildNodes" searchProperties="true"><con:settings/><con:testStep type="request" id="a5706dfa-5b0c-4e97-ae19-8019e07c622e" name="testcase5 - Prod - External - Request"><con:settings/><con:config xsi:type="con:RequestStep" xmlns:xsi="http://www.w3.org/2001/XMLSchema-instance"><con:interface>AccessManagerServiceHTTPBinding</con:interface><con:operation>getOrganisationChildNodes</con:operation><con:request name="testcase5 - Prod - External - Request" id="04ceeab8-a27b-4fe1-951f-0046b4e1ed8c" outgoingWss="Outflow PROD"><con:settings/><con:encoding>UTF-8</con:encoding><con:endpoint>https://fidus.sec.brussels/services/AccessManagerService_v1.0</con:endpoint><con:request><![CDATA[<soapenv:Envelope xmlns:soapenv="http://schemas.xmlsoap.org/soap/envelope/" xmlns:v1="http://fidus.brussels/service/accessmanagerservice/messages/v1" xmlns:v11="http://fidus.brussels/type/common/messages/v1" xmlns:v31="http://socialsecurity.be/umanentityrepresentative/types/v3">
   <soapenv:Header/>
   <soapenv:Body>
      <v1:getOrganisationChildNodesRequest>
         <v1:messageContext>
         	  <v11:messageId>${=import static java.util.UUID.randomUUID; uuid = randomUUID() as String}</v11:messageId>
            <v11:timestamp>${=new java.text.SimpleDateFormat("yyyy-MM-dd'T'HH:mm:ss.SSS").format(new Date())}</v11:timestamp>
         </v1:messageContext>
         <v1:legalContext>ServiceIntegrator</v1:legalContext>
         <v1:request>
            <v1:Domain>QUAL_FED_HEALTHCARE</v1:Domain>
            <v1:OrganisationId>
               <v31:Identifier>1990000431</v31:Identifier>
               <v31:IdentifierType>BEEHP</v31:IdentifierType>
            </v1:OrganisationId>
            <v1:Language>nl</v1:Language>
         </v1:request>
      </v1:getOrganisationChildNodesRequest>
   </soapenv:Body>
</soapenv:Envelope>]]></con:request><con:assertion type="SOAP Fault Assertion" id="b3d576cd-b69a-4ae7-a190-fc03183d4cb0" name="Not SOAP Fault"/><con:assertion type="SOAP Response" id="498926d5-534c-404b-a756-096443ea6904" name="SOAP Response"/><con:assertion type="Schema Compliance" id="da27d12c-9bc9-4626-bbd8-b3cdc0f38b76" name="Schema Compliance"><con:configuration/></con:assertion><con:wsaConfig action="http://fidus.brussels/services/accessmanagerservice/getOrganisationChildNodes"/></con:request></con:config></con:testStep><con:testStep type="request" id="a411e331-52c6-4e8a-a9f3-7c3d75497cc3" name="testcase5 - Prod - LB - Request"><con:settings/><con:config xsi:type="con:RequestStep" xmlns:xsi="http://www.w3.org/2001/XMLSchema-instance"><con:interface>AccessManagerServiceHTTPBinding</con:interface><con:operation>getOrganisationChildNodes</con:operation><con:request name="testcase5 - Prod - LB - Request" id="19dcf82f-44ba-418a-8466-52f02b5c0e0c" outgoingWss="Outflow PROD"><con:settings/><con:encoding>UTF-8</con:encoding><con:endpoint>https://fidus-esb-sg.prd.srv.cirb.lan:8443/services/AccessManagerService_v1.0</con:endpoint><con:request><![CDATA[<soapenv:Envelope xmlns:soapenv="http://schemas.xmlsoap.org/soap/envelope/" xmlns:v1="http://fidus.brussels/service/accessmanagerservice/messages/v1" xmlns:v11="http://fidus.brussels/type/common/messages/v1" xmlns:v31="http://socialsecurity.be/umanentityrepresentative/types/v3">
   <soapenv:Header/>
   <soapenv:Body>
      <v1:getOrganisationChildNodesRequest>
         <v1:messageContext>
         	  <v11:messageId>${=import static java.util.UUID.randomUUID; uuid = randomUUID() as String}</v11:messageId>
            <v11:timestamp>${=new java.text.SimpleDateFormat("yyyy-MM-dd'T'HH:mm:ss.SSS").format(new Date())}</v11:timestamp>
         </v1:messageContext>
         <v1:legalContext>ServiceIntegrator</v1:legalContext>
         <v1:request>
            <v1:Domain>QUAL_FED_HEALTHCARE</v1:Domain>
            <v1:OrganisationId>
               <v31:Identifier>1990000431</v31:Identifier>
               <v31:IdentifierType>BEEHP</v31:IdentifierType>
            </v1:OrganisationId>
            <v1:Language>nl</v1:Language>
         </v1:request>
      </v1:getOrganisationChildNodesRequest>
   </soapenv:Body>
</soapenv:Envelope>]]></con:request><con:assertion type="SOAP Fault Assertion" id="b7b18c12-514e-4dd6-b418-b4b64581bb5b" name="Not SOAP Fault"/><con:assertion type="SOAP Response" id="7ffe52ff-0d3d-4636-bdf9-4103d1999d13" name="SOAP Response"/><con:assertion type="Schema Compliance" id="016a0751-6c4c-4f76-9cf9-806af7852d4c" name="Schema Compliance"><con:configuration/></con:assertion><con:wsaConfig action="http://fidus.brussels/services/accessmanagerservice/getOrganisationChildNodes"/></con:request></con:config></con:testStep><con:testStep type="request" id="e3899b0f-b1bb-4d41-ad75-c749526ab68e" name="testcase5 - Prod - Worker1 - Request"><con:settings/><con:config xsi:type="con:RequestStep" xmlns:xsi="http://www.w3.org/2001/XMLSchema-instance"><con:interface>AccessManagerServiceHTTPBinding</con:interface><con:operation>getOrganisationChildNodes</con:operation><con:request name="testcase5 - Prod - Worker1 - Request" id="f24124ba-ab19-4c81-8b20-fe79d45b0394" outgoingWss="Outflow PROD"><con:settings/><con:encoding>UTF-8</con:encoding><con:endpoint>https://192.168.26.22:8443/services/AccessManagerService_v1.0</con:endpoint><con:request><![CDATA[<soapenv:Envelope xmlns:soapenv="http://schemas.xmlsoap.org/soap/envelope/" xmlns:v1="http://fidus.brussels/service/accessmanagerservice/messages/v1" xmlns:v11="http://fidus.brussels/type/common/messages/v1" xmlns:v31="http://socialsecurity.be/umanentityrepresentative/types/v3">
   <soapenv:Header/>
   <soapenv:Body>
      <v1:getOrganisationChildNodesRequest>
         <v1:messageContext>
         	  <v11:messageId>${=import static java.util.UUID.randomUUID; uuid = randomUUID() as String}</v11:messageId>
            <v11:timestamp>${=new java.text.SimpleDateFormat("yyyy-MM-dd'T'HH:mm:ss.SSS").format(new Date())}</v11:timestamp>
         </v1:messageContext>
         <v1:legalContext>ServiceIntegrator</v1:legalContext>
         <v1:request>
            <v1:Domain>QUAL_FED_HEALTHCARE</v1:Domain>
            <v1:OrganisationId>
               <v31:Identifier>1990000431</v31:Identifier>
               <v31:IdentifierType>BEEHP</v31:IdentifierType>
            </v1:OrganisationId>
            <v1:Language>nl</v1:Language>
         </v1:request>
      </v1:getOrganisationChildNodesRequest>
   </soapenv:Body>
</soapenv:Envelope>]]></con:request><con:assertion type="SOAP Fault Assertion" id="2c5196d9-8995-4462-ab99-04937dfff95e" name="Not SOAP Fault"/><con:assertion type="SOAP Response" id="7c5bb13d-fc57-442f-b718-5f3a3c67d5f8" name="SOAP Response"/><con:assertion type="Schema Compliance" id="368200eb-71f2-4e9b-8062-27edff05b3bf" name="Schema Compliance"><con:configuration/></con:assertion><con:wsaConfig action="http://fidus.brussels/services/accessmanagerservice/getOrganisationChildNodes"/></con:request></con:config></con:testStep><con:testStep type="request" id="95c09f84-0769-4677-915c-9fe7342f5ed7" name="testcase5 - Prod - Worker2 - Request"><con:settings/><con:config xsi:type="con:RequestStep" xmlns:xsi="http://www.w3.org/2001/XMLSchema-instance"><con:interface>AccessManagerServiceHTTPBinding</con:interface><con:operation>getOrganisationChildNodes</con:operation><con:request name="testcase5 - Prod - Worker2 - Request" id="9fce774e-1d42-475e-a77a-1cf08db11308" outgoingWss="Outflow PROD"><con:settings/><con:encoding>UTF-8</con:encoding><con:endpoint>https://192.168.26.19:8443/services/AccessManagerService_v1.0</con:endpoint><con:request><![CDATA[<soapenv:Envelope xmlns:soapenv="http://schemas.xmlsoap.org/soap/envelope/" xmlns:v1="http://fidus.brussels/service/accessmanagerservice/messages/v1" xmlns:v11="http://fidus.brussels/type/common/messages/v1" xmlns:v31="http://socialsecurity.be/umanentityrepresentative/types/v3">
   <soapenv:Header/>
   <soapenv:Body>
      <v1:getOrganisationChildNodesRequest>
         <v1:messageContext>
         	  <v11:messageId>${=import static java.util.UUID.randomUUID; uuid = randomUUID() as String}</v11:messageId>
            <v11:timestamp>${=new java.text.SimpleDateFormat("yyyy-MM-dd'T'HH:mm:ss.SSS").format(new Date())}</v11:timestamp>
         </v1:messageContext>
         <v1:legalContext>ServiceIntegrator</v1:legalContext>
         <v1:request>
            <v1:Domain>QUAL_FED_HEALTHCARE</v1:Domain>
            <v1:OrganisationId>
               <v31:Identifier>1990000431</v31:Identifier>
               <v31:IdentifierType>BEEHP</v31:IdentifierType>
            </v1:OrganisationId>
            <v1:Language>nl</v1:Language>
         </v1:request>
      </v1:getOrganisationChildNodesRequest>
   </soapenv:Body>
</soapenv:Envelope>]]></con:request><con:assertion type="SOAP Fault Assertion" id="9b2bfdec-bd0f-44fe-bb6c-5ebea67a9f6d" name="Not SOAP Fault"/><con:assertion type="SOAP Response" id="c8709da8-2bc9-4ec7-b715-bd0b5393940b" name="SOAP Response"/><con:assertion type="Schema Compliance" id="3282521c-f8a2-4800-a33a-751c32d1b7dd" name="Schema Compliance"><con:configuration/></con:assertion><con:wsaConfig action="http://fidus.brussels/services/accessmanagerservice/getOrganisationChildNodes"/></con:request></con:config></con:testStep><con:properties/></con:testCase><con:testCase id="68b1a185-ef93-400f-a3b7-3add5a6ef80e" failOnError="true" failTestCaseOnErrors="true" keepSession="false" maxResults="0" name="getOrganisationDenomination" searchProperties="true"><con:settings/><con:testStep type="request" id="c9acebab-2641-439d-9232-a5f4c97e1ffa" name="testcase5 - Prod - External - Request"><con:settings/><con:config xsi:type="con:RequestStep" xmlns:xsi="http://www.w3.org/2001/XMLSchema-instance"><con:interface>AccessManagerServiceHTTPBinding</con:interface><con:operation>getOrganisationDenomination</con:operation><con:request name="testcase5 - Prod - External - Request" id="3e7c2d9e-f675-470c-8fbc-4e1ea8401996" outgoingWss="Outflow PROD"><con:settings/><con:encoding>UTF-8</con:encoding><con:endpoint>https://fidus-esb-sg.prd.srv.cirb.lan:8443/services/AccessManagerService_v1.0</con:endpoint><con:request><![CDATA[<soapenv:Envelope xmlns:soapenv="http://schemas.xmlsoap.org/soap/envelope/" xmlns:v1="http://fidus.brussels/service/accessmanagerservice/messages/v1" xmlns:v11="http://fidus.brussels/type/common/messages/v1" xmlns:v31="http://socialsecurity.be/umanentityrepresentative/types/v3">
   <soapenv:Header/>
   <soapenv:Body>
      <v1:getOrganisationDenominationRequest>
         <v1:messageContext>
         	  <v11:messageId>${=import static java.util.UUID.randomUUID; uuid = randomUUID() as String}</v11:messageId>
            <v11:timestamp>${=new java.text.SimpleDateFormat("yyyy-MM-dd'T'HH:mm:ss.SSS").format(new Date())}</v11:timestamp>
         </v1:messageContext>
         <v1:legalContext>ServiceIntegrator</v1:legalContext>
         <v1:request>
            <v1:Domain>QUAL_FED_HEALTHCARE</v1:Domain>
            <v1:OrganisationId>
               <v31:Identifier>1990000431</v31:Identifier>
               <v31:IdentifierType>BEEHP</v31:IdentifierType>
            </v1:OrganisationId>
            <v1:Language>nl</v1:Language>
         </v1:request>
      </v1:getOrganisationDenominationRequest>
   </soapenv:Body>
</soapenv:Envelope>]]></con:request><con:assertion type="SOAP Fault Assertion" id="3e4e53f7-fb07-4cd1-885f-ecb44c7b169f" name="Not SOAP Fault"/><con:assertion type="SOAP Response" id="69bd384a-566b-41b5-838e-a38b9c8fad5b" name="SOAP Response"/><con:assertion type="Schema Compliance" id="c9cd0a21-6f34-457b-b840-bb4e28fc3e5f" name="Schema Compliance"><con:configuration/></con:assertion><con:wsaConfig action="http://fidus.brussels/services/accessmanagerservice/getOrganisationDenomination"/></con:request></con:config></con:testStep><con:testStep type="request" id="d2e8b829-360e-42b8-a605-55b8cbdfef62" name="testcase5 - Prod - LB - Request"><con:settings/><con:config xsi:type="con:RequestStep" xmlns:xsi="http://www.w3.org/2001/XMLSchema-instance"><con:interface>AccessManagerServiceHTTPBinding</con:interface><con:operation>getOrganisationDenomination</con:operation><con:request name="testcase5 - Prod - LB - Request" id="9758bdc7-188c-4271-abba-5ac67efa3dd7" outgoingWss="Outflow PROD"><con:settings/><con:encoding>UTF-8</con:encoding><con:endpoint>https://fidus-esb-sg.prd.srv.cirb.lan:8443/services/AccessManagerService_v1.0</con:endpoint><con:request><![CDATA[<soapenv:Envelope xmlns:soapenv="http://schemas.xmlsoap.org/soap/envelope/" xmlns:v1="http://fidus.brussels/service/accessmanagerservice/messages/v1" xmlns:v11="http://fidus.brussels/type/common/messages/v1" xmlns:v31="http://socialsecurity.be/umanentityrepresentative/types/v3">
   <soapenv:Header/>
   <soapenv:Body>
      <v1:getOrganisationDenominationRequest>
         <v1:messageContext>
         	  <v11:messageId>${=import static java.util.UUID.randomUUID; uuid = randomUUID() as String}</v11:messageId>
            <v11:timestamp>${=new java.text.SimpleDateFormat("yyyy-MM-dd'T'HH:mm:ss.SSS").format(new Date())}</v11:timestamp>
         </v1:messageContext>
         <v1:legalContext>ServiceIntegrator</v1:legalContext>
         <v1:request>
            <v1:Domain>QUAL_FED_HEALTHCARE</v1:Domain>
            <v1:OrganisationId>
               <v31:Identifier>1990000431</v31:Identifier>
               <v31:IdentifierType>BEEHP</v31:IdentifierType>
            </v1:OrganisationId>
            <v1:Language>nl</v1:Language>
         </v1:request>
      </v1:getOrganisationDenominationRequest>
   </soapenv:Body>
</soapenv:Envelope>]]></con:request><con:assertion type="SOAP Fault Assertion" id="83006042-3a68-4f47-929d-aa84c4c16457" name="Not SOAP Fault"/><con:assertion type="SOAP Response" id="0534b0f4-779e-4f7c-9e8d-1cbc95c45be2" name="SOAP Response"/><con:assertion type="Schema Compliance" id="6bca59de-c0fa-4dff-936f-ba5038153e64" name="Schema Compliance"><con:configuration/></con:assertion><con:wsaConfig action="http://fidus.brussels/services/accessmanagerservice/getOrganisationDenomination"/></con:request></con:config></con:testStep><con:testStep type="request" id="7debfa10-5c00-4f7d-988a-566b892f5816" name="testcase5 - Prod - Worker1 - Request"><con:settings/><con:config xsi:type="con:RequestStep" xmlns:xsi="http://www.w3.org/2001/XMLSchema-instance"><con:interface>AccessManagerServiceHTTPBinding</con:interface><con:operation>getOrganisationDenomination</con:operation><con:request name="testcase5 - Prod - Worker1 - Request" id="f5262c29-3887-4420-93e5-b50bcecde06a" outgoingWss="Outflow PROD"><con:settings/><con:encoding>UTF-8</con:encoding><con:endpoint>https://192.168.26.22:8443/services/AccessManagerService_v1.0</con:endpoint><con:request><![CDATA[<soapenv:Envelope xmlns:soapenv="http://schemas.xmlsoap.org/soap/envelope/" xmlns:v1="http://fidus.brussels/service/accessmanagerservice/messages/v1" xmlns:v11="http://fidus.brussels/type/common/messages/v1" xmlns:v31="http://socialsecurity.be/umanentityrepresentative/types/v3">
   <soapenv:Header/>
   <soapenv:Body>
      <v1:getOrganisationDenominationRequest>
         <v1:messageContext>
         	  <v11:messageId>${=import static java.util.UUID.randomUUID; uuid = randomUUID() as String}</v11:messageId>
            <v11:timestamp>${=new java.text.SimpleDateFormat("yyyy-MM-dd'T'HH:mm:ss.SSS").format(new Date())}</v11:timestamp>
         </v1:messageContext>
         <v1:legalContext>ServiceIntegrator</v1:legalContext>
         <v1:request>
            <v1:Domain>QUAL_FED_HEALTHCARE</v1:Domain>
            <v1:OrganisationId>
               <v31:Identifier>1990000431</v31:Identifier>
               <v31:IdentifierType>BEEHP</v31:IdentifierType>
            </v1:OrganisationId>
            <v1:Language>nl</v1:Language>
         </v1:request>
      </v1:getOrganisationDenominationRequest>
   </soapenv:Body>
</soapenv:Envelope>]]></con:request><con:assertion type="SOAP Fault Assertion" id="5ea9a68f-60dc-420d-a8d6-eacd3510cea2" name="Not SOAP Fault"/><con:assertion type="SOAP Response" id="45fccc62-7ba5-48c7-b4ac-f160f8c12cf9" name="SOAP Response"/><con:assertion type="Schema Compliance" id="902e54ba-3758-47ba-a8a5-f045d1e1fa9a" name="Schema Compliance"><con:configuration/></con:assertion><con:wsaConfig action="http://fidus.brussels/services/accessmanagerservice/getOrganisationDenomination"/></con:request></con:config></con:testStep><con:testStep type="request" id="e9ebba88-e13c-485f-ad30-951d1d1dd288" name="testcase5 - Prod - Worker2 - Request"><con:settings/><con:config xsi:type="con:RequestStep" xmlns:xsi="http://www.w3.org/2001/XMLSchema-instance"><con:interface>AccessManagerServiceHTTPBinding</con:interface><con:operation>getOrganisationDenomination</con:operation><con:request name="testcase5 - Prod - Worker2 - Request" id="a48afcdb-7636-4c35-bb43-e7fd9505961f" outgoingWss="Outflow PROD"><con:settings/><con:encoding>UTF-8</con:encoding><con:endpoint>https://192.168.26.19:8443/services/AccessManagerService_v1.0</con:endpoint><con:request><![CDATA[<soapenv:Envelope xmlns:soapenv="http://schemas.xmlsoap.org/soap/envelope/" xmlns:v1="http://fidus.brussels/service/accessmanagerservice/messages/v1" xmlns:v11="http://fidus.brussels/type/common/messages/v1" xmlns:v31="http://socialsecurity.be/umanentityrepresentative/types/v3">
   <soapenv:Header/>
   <soapenv:Body>
      <v1:getOrganisationDenominationRequest>
         <v1:messageContext>
         	  <v11:messageId>${=import static java.util.UUID.randomUUID; uuid = randomUUID() as String}</v11:messageId>
            <v11:timestamp>${=new java.text.SimpleDateFormat("yyyy-MM-dd'T'HH:mm:ss.SSS").format(new Date())}</v11:timestamp>
         </v1:messageContext>
         <v1:legalContext>ServiceIntegrator</v1:legalContext>
         <v1:request>
            <v1:Domain>QUAL_FED_HEALTHCARE</v1:Domain>
            <v1:OrganisationId>
               <v31:Identifier>1990000431</v31:Identifier>
               <v31:IdentifierType>BEEHP</v31:IdentifierType>
            </v1:OrganisationId>
            <v1:Language>nl</v1:Language>
         </v1:request>
      </v1:getOrganisationDenominationRequest>
   </soapenv:Body>
</soapenv:Envelope>]]></con:request><con:assertion type="SOAP Fault Assertion" id="51e2f9ba-b0a3-45cb-9a5c-9bc79ba24a41" name="Not SOAP Fault"/><con:assertion type="SOAP Response" id="5db5af4f-4bfc-4b36-935d-92b42b14ebf3" name="SOAP Response"/><con:assertion type="Schema Compliance" id="2ffad983-1607-4115-b167-95d933e57f61" name="Schema Compliance"><con:configuration/></con:assertion><con:wsaConfig action="http://fidus.brussels/services/accessmanagerservice/getOrganisationDenomination"/></con:request></con:config></con:testStep><con:properties/></con:testCase><con:testCase id="d81c7154-8c85-40db-82ab-9d6c95b9455a" failOnError="true" failTestCaseOnErrors="true" keepSession="false" maxResults="0" name="getOrganisationParentNodes" searchProperties="true"><con:settings/><con:testStep type="request" id="648ab01a-a4ae-465f-9272-1485f47e75d1" name="testcase5 - Prod - External - Request"><con:settings/><con:config xsi:type="con:RequestStep" xmlns:xsi="http://www.w3.org/2001/XMLSchema-instance"><con:interface>AccessManagerServiceHTTPBinding</con:interface><con:operation>getOrganisationParentNodes</con:operation><con:request name="testcase5 - Prod - External - Request" id="70aee662-54b4-4264-967e-f31aa3e769bd" outgoingWss="Outflow PROD"><con:settings/><con:encoding>UTF-8</con:encoding><con:endpoint>https://fidus-esb-sg.prd.srv.cirb.lan:8443/services/AccessManagerService_v1.0</con:endpoint><con:request><![CDATA[<soapenv:Envelope xmlns:soapenv="http://schemas.xmlsoap.org/soap/envelope/" xmlns:v1="http://fidus.brussels/service/accessmanagerservice/messages/v1" xmlns:v11="http://fidus.brussels/type/common/messages/v1" xmlns:v31="http://socialsecurity.be/umanentityrepresentative/types/v3">
   <soapenv:Header/>
   <soapenv:Body>
      <v1:getOrganisationParentNodesRequest>
         <v1:messageContext>
         	  <v11:messageId>${=import static java.util.UUID.randomUUID; uuid = randomUUID() as String}</v11:messageId>
            <v11:timestamp>${=new java.text.SimpleDateFormat("yyyy-MM-dd'T'HH:mm:ss.SSS").format(new Date())}</v11:timestamp>
         </v1:messageContext>
         <v1:legalContext>ServiceIntegrator</v1:legalContext>
         <v1:request>
            <v1:Domain>QUAL_FED_HEALTHCARE</v1:Domain>
            <v1:OrganisationId>
               <v31:Identifier>1990000431</v31:Identifier>
               <v31:IdentifierType>BEEHP</v31:IdentifierType>
            </v1:OrganisationId>
            <v1:Language>nl</v1:Language>
         </v1:request>
      </v1:getOrganisationParentNodesRequest>
   </soapenv:Body>
</soapenv:Envelope>]]></con:request><con:assertion type="SOAP Fault Assertion" id="563c5871-f590-4051-88b6-84e90760ba0f" name="Not SOAP Fault"/><con:assertion type="SOAP Response" id="95832574-354c-40be-9043-d52f8cf81707" name="SOAP Response"/><con:assertion type="Schema Compliance" id="9555a0e3-522e-4891-9a80-32387b692e43" name="Schema Compliance"><con:configuration/></con:assertion><con:wsaConfig action="http://fidus.brussels/services/accessmanagerservice/getOrganisationParentNodes"/></con:request></con:config></con:testStep><con:testStep type="request" id="045baca3-40f9-4839-a964-3f487ebab5c2" name="testcase5 - Prod - LB - Request"><con:settings/><con:config xsi:type="con:RequestStep" xmlns:xsi="http://www.w3.org/2001/XMLSchema-instance"><con:interface>AccessManagerServiceHTTPBinding</con:interface><con:operation>getOrganisationParentNodes</con:operation><con:request name="testcase5 - Prod - LB - Request" id="9bb6d4c2-7cfb-4803-bb19-009998d87b78" outgoingWss="Outflow PROD"><con:settings/><con:encoding>UTF-8</con:encoding><con:endpoint>https://fidus-esb-sg.prd.srv.cirb.lan:8443/services/AccessManagerService_v1.0</con:endpoint><con:request><![CDATA[<soapenv:Envelope xmlns:soapenv="http://schemas.xmlsoap.org/soap/envelope/" xmlns:v1="http://fidus.brussels/service/accessmanagerservice/messages/v1" xmlns:v11="http://fidus.brussels/type/common/messages/v1" xmlns:v31="http://socialsecurity.be/umanentityrepresentative/types/v3">
   <soapenv:Header/>
   <soapenv:Body>
      <v1:getOrganisationParentNodesRequest>
         <v1:messageContext>
         	  <v11:messageId>${=import static java.util.UUID.randomUUID; uuid = randomUUID() as String}</v11:messageId>
            <v11:timestamp>${=new java.text.SimpleDateFormat("yyyy-MM-dd'T'HH:mm:ss.SSS").format(new Date())}</v11:timestamp>
         </v1:messageContext>
         <v1:legalContext>ServiceIntegrator</v1:legalContext>
         <v1:request>
            <v1:Domain>QUAL_FED_HEALTHCARE</v1:Domain>
            <v1:OrganisationId>
               <v31:Identifier>1990000431</v31:Identifier>
               <v31:IdentifierType>BEEHP</v31:IdentifierType>
            </v1:OrganisationId>
            <v1:Language>nl</v1:Language>
         </v1:request>
      </v1:getOrganisationParentNodesRequest>
   </soapenv:Body>
</soapenv:Envelope>]]></con:request><con:assertion type="SOAP Fault Assertion" id="51a303d3-3a21-4df0-bf59-5e3dcfa764eb" name="Not SOAP Fault"/><con:assertion type="SOAP Response" id="f9df6f55-b1fa-4c5d-bcd2-461bef121865" name="SOAP Response"/><con:assertion type="Schema Compliance" id="6a7d98c1-b5ac-4f38-b873-8a3340bdc747" name="Schema Compliance"><con:configuration/></con:assertion><con:wsaConfig action="http://fidus.brussels/services/accessmanagerservice/getOrganisationParentNodes"/></con:request></con:config></con:testStep><con:testStep type="request" id="ae0d936e-ba74-4634-84db-0dc8d6f5e09b" name="testcase5 - Prod - Worker1 - Request"><con:settings/><con:config xsi:type="con:RequestStep" xmlns:xsi="http://www.w3.org/2001/XMLSchema-instance"><con:interface>AccessManagerServiceHTTPBinding</con:interface><con:operation>getOrganisationParentNodes</con:operation><con:request name="testcase5 - Prod - Worker1 - Request" id="d36c5292-b066-4e60-9756-fb6f96709b85" outgoingWss="Outflow PROD"><con:settings/><con:encoding>UTF-8</con:encoding><con:endpoint>https://192.168.26.22:8443/services/AccessManagerService_v1.0</con:endpoint><con:request><![CDATA[<soapenv:Envelope xmlns:soapenv="http://schemas.xmlsoap.org/soap/envelope/" xmlns:v1="http://fidus.brussels/service/accessmanagerservice/messages/v1" xmlns:v11="http://fidus.brussels/type/common/messages/v1" xmlns:v31="http://socialsecurity.be/umanentityrepresentative/types/v3">
   <soapenv:Header/>
   <soapenv:Body>
      <v1:getOrganisationParentNodesRequest>
         <v1:messageContext>
         	  <v11:messageId>${=import static java.util.UUID.randomUUID; uuid = randomUUID() as String}</v11:messageId>
            <v11:timestamp>${=new java.text.SimpleDateFormat("yyyy-MM-dd'T'HH:mm:ss.SSS").format(new Date())}</v11:timestamp>
         </v1:messageContext>
         <v1:legalContext>ServiceIntegrator</v1:legalContext>
         <v1:request>
            <v1:Domain>QUAL_FED_HEALTHCARE</v1:Domain>
            <v1:OrganisationId>
               <v31:Identifier>1990000431</v31:Identifier>
               <v31:IdentifierType>BEEHP</v31:IdentifierType>
            </v1:OrganisationId>
            <v1:Language>nl</v1:Language>
         </v1:request>
      </v1:getOrganisationParentNodesRequest>
   </soapenv:Body>
</soapenv:Envelope>]]></con:request><con:assertion type="SOAP Fault Assertion" id="fe2cb57b-54df-4982-a0a9-bf789814ef79" name="Not SOAP Fault"/><con:assertion type="SOAP Response" id="8c6a7f60-767c-4ecc-b8cd-d7080b9310a1" name="SOAP Response"/><con:assertion type="Schema Compliance" id="b9e2282d-6677-4e79-92ed-a3892e48a3d1" name="Schema Compliance"><con:configuration/></con:assertion><con:wsaConfig action="http://fidus.brussels/services/accessmanagerservice/getOrganisationParentNodes"/></con:request></con:config></con:testStep><con:testStep type="request" id="960db6dc-ed79-47ed-8237-0c5e279516ba" name="testcase5 - Prod - Worker2 - Request"><con:settings/><con:config xsi:type="con:RequestStep" xmlns:xsi="http://www.w3.org/2001/XMLSchema-instance"><con:interface>AccessManagerServiceHTTPBinding</con:interface><con:operation>getOrganisationParentNodes</con:operation><con:request name="testcase5 - Prod - Worker2 - Request" id="34ab5f02-aab1-4682-bddb-33c81479b506" outgoingWss="Outflow PROD"><con:settings/><con:encoding>UTF-8</con:encoding><con:endpoint>https://192.168.26.19:8443/services/AccessManagerService_v1.0</con:endpoint><con:request><![CDATA[<soapenv:Envelope xmlns:soapenv="http://schemas.xmlsoap.org/soap/envelope/" xmlns:v1="http://fidus.brussels/service/accessmanagerservice/messages/v1" xmlns:v11="http://fidus.brussels/type/common/messages/v1" xmlns:v31="http://socialsecurity.be/umanentityrepresentative/types/v3">
   <soapenv:Header/>
   <soapenv:Body>
      <v1:getOrganisationParentNodesRequest>
         <v1:messageContext>
         	  <v11:messageId>${=import static java.util.UUID.randomUUID; uuid = randomUUID() as String}</v11:messageId>
            <v11:timestamp>${=new java.text.SimpleDateFormat("yyyy-MM-dd'T'HH:mm:ss.SSS").format(new Date())}</v11:timestamp>
         </v1:messageContext>
         <v1:legalContext>ServiceIntegrator</v1:legalContext>
         <v1:request>
            <v1:Domain>QUAL_FED_HEALTHCARE</v1:Domain>
            <v1:OrganisationId>
               <v31:Identifier>1990000431</v31:Identifier>
               <v31:IdentifierType>BEEHP</v31:IdentifierType>
            </v1:OrganisationId>
            <v1:Language>nl</v1:Language>
         </v1:request>
      </v1:getOrganisationParentNodesRequest>
   </soapenv:Body>
</soapenv:Envelope>]]></con:request><con:assertion type="SOAP Fault Assertion" id="186b3dfe-0c27-4b9f-a642-cfc63d955984" name="Not SOAP Fault"/><con:assertion type="SOAP Response" id="ee17f791-be56-4a71-916b-6155f8b5348a" name="SOAP Response"/><con:assertion type="Schema Compliance" id="3bd53317-1b36-40f0-a6a6-544977503c16" name="Schema Compliance"><con:configuration/></con:assertion><con:wsaConfig action="http://fidus.brussels/services/accessmanagerservice/getOrganisationParentNodes"/></con:request></con:config></con:testStep><con:properties/></con:testCase><con:properties/></con:testSuite><con:properties/><con:wssContainer><con:crypto><con:source>data/wso2/keystores/user-rajarshi.jks</con:source><con:password>test@fidus01</con:password><con:type>KEYSTORE</con:type></con:crypto><con:outgoing><con:name>Outflow DEV</con:name></con:outgoing><con:outgoing><con:name>Outflow TEST</con:name><con:entry type="Signature" username="testuser-test.fidus.brussels" password="test@fidus01"><con:configuration><crypto>user-rajarshi.jks</crypto><keyIdentifierType>3</keyIdentifierType><signatureAlgorithm/><signatureCanonicalization/><useSingleCert>true</useSingleCert><digestAlgorithm/><customTokenValueType/><customTokenId/></con:configuration></con:entry><con:entry type="Timestamp"><con:configuration><timeToLive>300000</timeToLive><strictTimestamp>true</strictTimestamp></con:configuration></con:entry></con:outgoing><con:outgoing><con:name>Outflow STAG</con:name></con:outgoing><con:outgoing><con:name>Outflow PROD</con:name></con:outgoing></con:wssContainer><con:oAuth2ProfileContainer/><con:oAuth1ProfileContainer/><con:sensitiveInformation/></con:soapui-project>