<?xml version="1.0" encoding="UTF-8"?>
<con:soapui-project activeEnvironment="Default" name="Client-HandiService-v2-soapui-project" resourceRoot="" soapui-version="5.1.3" abortOnError="false" runType="SEQUENTIAL" id="a52b5fdc-404f-46ee-8b0a-e71f61a86f50" xmlns:con="http://eviware.com/soapui/config">
  <con:settings/>
  <con:interface xsi:type="con:WsdlInterface" wsaVersion="NONE" name="HandiServiceHTTPBinding" type="wsdl" bindingName="{http://fidus.brussels/service/handiservice/v2}HandiServiceHTTPBinding" soapVersion="1_1" anonymous="optional" definition="file:/home/ebarbieux/Dev/fidus/handiservice/HandiServiceGateway/src/main/resources/wsdl/handiService/2.0.0/HandiService_v2.wsdl" id="57cdb0d8-5d82-4ceb-9a3f-19c196e2b0c3" xmlns:xsi="http://www.w3.org/2001/XMLSchema-instance">
    <con:settings/>
    
    <con:definitionCache type="TEXT" rootPart="file:/home/ebarbieux/Dev/fidus/handiservice/HandiServiceGateway/src/main/resources/wsdl/handiService/2.0.0/HandiService_v2.wsdl"><con:part><con:url>file:/home/ebarbieux/Dev/fidus/handiservice/HandiServiceGateway/src/main/resources/wsdl/handiService/2.0.0/HandiService_v2.wsdl</con:url><con:content><![CDATA[<wsdl:definitions targetNamespace="http://fidus.brussels/service/handiservice/v2" name="HandiService" xmlns:soap="http://schemas.xmlsoap.org/wsdl/soap/" xmlns:wsdl="http://schemas.xmlsoap.org/wsdl/" xmlns:xsd="http://www.w3.org/2001/XMLSchema" xmlns:mes="http://fidus.brussels/service/handiservice/messages/v2" xmlns:tns="http://fidus.brussels/service/handiservice/v2">
  <xsd:annotation>
    <xsd:documentation>Handi service WDSL v2.</xsd:documentation>
  </xsd:annotation>
  <wsdl:types>
    <xsd:schema targetNamespace="http://fidus.brussels/service/handiservice/v2" elementFormDefault="qualified">
      <xsd:import namespace="http://fidus.brussels/service/handiservice/messages/v2" schemaLocation="messages/handiServiceMessages_v2.xsd"/>
    </xsd:schema>
  </wsdl:types>
  <wsdl:message name="consultFilesByDateRequestMessage">
    <wsdl:part name="ConsultFilesByDateRequest" element="mes:consultFilesByDateRequest"/>
  </wsdl:message>
  <wsdl:message name="consultFilesByDateResponseMessage">
    <wsdl:part name="ConsultFilesByDateResponse" element="mes:consultFilesByDateResponse"/>
  </wsdl:message>
  <wsdl:message name="consultPaymentsRequestMessage">
    <wsdl:part name="ConsultPaymentsRequest" element="mes:consultPaymentsRequest"/>
  </wsdl:message>
  <wsdl:message name="consultPaymentsResponseMessage">
    <wsdl:part name="ConsultPaymentsResponse" element="mes:consultPaymentsResponse"/>
  </wsdl:message>
  <wsdl:portType name="HandiServicePortType">
    <wsdl:operation name="consultFilesByDate">
      <wsdl:input message="tns:consultFilesByDateRequestMessage"/>
      <wsdl:output message="tns:consultFilesByDateResponseMessage"/>
    </wsdl:operation>
    <wsdl:operation name="consultPayments">
      <wsdl:input message="tns:consultPaymentsRequestMessage"/>
      <wsdl:output message="tns:consultPaymentsResponseMessage"/>
    </wsdl:operation>
  </wsdl:portType>
  <wsdl:binding name="HandiServiceHTTPBinding" type="tns:HandiServicePortType">
    <soap:binding style="document" transport="http://schemas.xmlsoap.org/soap/http"/>
    <wsdl:operation name="consultFilesByDate">
      <soap:operation soapAction="http://fidus.brussels/services/handiservice/consultFilesByDate"/>
      <wsdl:input>
        <soap:body use="literal"/>
      </wsdl:input>
      <wsdl:output>
        <soap:body use="literal"/>
      </wsdl:output>
    </wsdl:operation>
    <wsdl:operation name="consultPayments">
      <soap:operation soapAction="http://fidus.brussels/services/handiservice/consultPayments"/>
      <wsdl:input>
        <soap:body use="literal"/>
      </wsdl:input>
      <wsdl:output>
        <soap:body use="literal"/>
      </wsdl:output>
    </wsdl:operation>
  </wsdl:binding>
  <wsdl:service name="HandiService_v2">
    <wsdl:port name="HandiService_v2" binding="tns:HandiServiceHTTPBinding">
      <soap:address location="http://fidus.brussels/services/handiservice/v2"/>
    </wsdl:port>
  </wsdl:service>
</wsdl:definitions>]]></con:content><con:type>http://schemas.xmlsoap.org/wsdl/</con:type></con:part><con:part><con:url>file:/home/ebarbieux/Dev/fidus/handiservice/HandiServiceGateway/src/main/resources/wsdl/handiService/2.0.0/messages/handiServiceMessages_v2.xsd</con:url><con:content><![CDATA[<xsd:schema targetNamespace="http://fidus.brussels/service/handiservice/messages/v2" elementFormDefault="qualified" attributeFormDefault="unqualified" version="1.0" xmlns:xsd="http://www.w3.org/2001/XMLSchema" xmlns:cme="http://fidus.brussels/type/common/messages/v1" xmlns:exc="http://fidus.brussels/type/common/exceptions/v1" xmlns:tns="http://fidus.brussels/service/handiservice/messages/v2" xmlns:han="http://kszbcss.fgov.be/types/Handi/v2">
  <xsd:import namespace="http://fidus.brussels/type/common/messages/v1" schemaLocation="baseMessageTypes_v1.xsd"/>
  <xsd:import namespace="http://fidus.brussels/type/common/exceptions/v1" schemaLocation="exceptionTypes_v1.xsd"/>
  <xsd:import namespace="http://kszbcss.fgov.be/types/Handi/v2" schemaLocation="../handi/be/fgov/kszbcss/types/Handi/HandiV2.xsd"/>
  <xsd:complexType name="PaymentsRequestType">
    <xsd:annotation>
      <xsd:documentation>The person whose information is requested.</xsd:documentation>
    </xsd:annotation>
    <xsd:sequence>
      <xsd:element name="personNumber" type="cme:PersonNumberType" nillable="true">
        <xsd:annotation>
          <xsd:documentation>The basic identifier of a person is his personNumber.</xsd:documentation>
        </xsd:annotation>
      </xsd:element>
      <xsd:element name="period" type="tns:PeriodType"/>
    </xsd:sequence>
  </xsd:complexType>
  <xsd:complexType name="PeriodType">
    <xsd:annotation>
      <xsd:documentation>Period containing a begin date and an end date.</xsd:documentation>
    </xsd:annotation>
    <xsd:sequence>
      <xsd:element name="beginDate" type="xsd:date"/>
      <xsd:element name="endDate" type="xsd:date"/>
    </xsd:sequence>
  </xsd:complexType>
  <xsd:complexType name="FilesRequestType">
    <xsd:annotation>
      <xsd:documentation>The person whose information is requested.</xsd:documentation>
    </xsd:annotation>
    <xsd:sequence>
      <xsd:element name="personNumber" type="cme:PersonNumberType" nillable="true">
        <xsd:annotation>
          <xsd:documentation>The basic identifier of a person is his personNumber.</xsd:documentation>
        </xsd:annotation>
      </xsd:element>
      <xsd:element name="referenceDate" type="xsd:date"/>
    </xsd:sequence>
  </xsd:complexType>
  <!--Request consultPayments definition-->
  <xsd:complexType name="ConsultPaymentsRequestType">
    <xsd:sequence>
      <xsd:element name="messageContext" type="cme:RequestMessageContextType"/>
      <xsd:element name="legalContext" type="cme:LegalContextType"/>
      <xsd:element name="request" type="tns:PaymentsRequestType"/>
    </xsd:sequence>
  </xsd:complexType>
  <!--Response consultPayments definition-->
  <xsd:complexType name="ConsultPaymentsResponseType">
    <xsd:sequence>
      <xsd:element name="messageContext" type="cme:ResponseMessageContextType"/>
      <xsd:element name="responses" type="tns:PaymentsResponsesType" minOccurs="0"/>
      <xsd:element name="exceptions" type="exc:ExceptionsType" minOccurs="0">
        <xsd:annotation>
          <xsd:documentation>Technical errors that occur when processing the message context e.g. insufficient rights.</xsd:documentation>
        </xsd:annotation>
      </xsd:element>
    </xsd:sequence>
  </xsd:complexType>
  <!--Request consultFilesByDate definition-->
  <xsd:complexType name="ConsultFilesByDateRequestType">
    <xsd:sequence>
      <xsd:element name="messageContext" type="cme:RequestMessageContextType"/>
      <xsd:element name="legalContext" type="cme:LegalContextType"/>
      <xsd:element name="request" type="tns:FilesRequestType"/>
    </xsd:sequence>
  </xsd:complexType>
  <!--Response consultFilesByDate definition-->
  <xsd:complexType name="ConsultFilesByDateResponseType">
    <xsd:sequence>
      <xsd:element name="messageContext" type="cme:ResponseMessageContextType"/>
      <xsd:element name="responses" type="tns:FilesResponsesType" minOccurs="0"/>
      <xsd:element name="exceptions" type="exc:ExceptionsType" minOccurs="0">
        <xsd:annotation>
          <xsd:documentation>Technical errors that occur when processing the message context e.g. insufficient rights.</xsd:documentation>
        </xsd:annotation>
      </xsd:element>
    </xsd:sequence>
  </xsd:complexType>
  <xsd:complexType name="PaymentsResponsesType">
    <xsd:sequence>
      <xsd:element name="response" type="tns:PaymentsResponseType" minOccurs="1" maxOccurs="1"/>
    </xsd:sequence>
  </xsd:complexType>
  <xsd:complexType name="PaymentsResponseType">
    <xsd:sequence>
      <xsd:element name="results" type="han:PaymentsResultsType" minOccurs="0"/>
      <xsd:element name="exceptions" type="exc:ExceptionsType" minOccurs="0">
        <xsd:annotation>
          <xsd:documentation>Business exceptions that occur when processing the request or response e.g. missing data for a single response element.
						Exceptions at this level may contain back-end specific codes and content.</xsd:documentation>
        </xsd:annotation>
      </xsd:element>
    </xsd:sequence>
  </xsd:complexType>
  <xsd:complexType name="FilesResponsesType">
    <xsd:sequence>
      <xsd:element name="response" type="tns:FilesResponseType" minOccurs="1" maxOccurs="1"/>
    </xsd:sequence>
  </xsd:complexType>
  <xsd:complexType name="FilesResponseType">
    <xsd:sequence>
      <xsd:element name="results" type="han:FileResultsType" minOccurs="0"/>
      <xsd:element name="exceptions" type="exc:ExceptionsType" minOccurs="0">
        <xsd:annotation>
          <xsd:documentation>Business exceptions that occur when processing the request or response e.g. missing data for a single response element.
						Exceptions at this level may contain back-end specific codes and content.</xsd:documentation>
        </xsd:annotation>
      </xsd:element>
    </xsd:sequence>
  </xsd:complexType>
  <!--Element of the request and the response-->
  <xsd:element name="consultPaymentsRequest" type="tns:ConsultPaymentsRequestType"/>
  <xsd:element name="consultPaymentsResponse" type="tns:ConsultPaymentsResponseType"/>
  <xsd:element name="consultFilesByDateRequest" type="tns:ConsultFilesByDateRequestType"/>
  <xsd:element name="consultFilesByDateResponse" type="tns:ConsultFilesByDateResponseType"/>
</xsd:schema>]]></con:content><con:type>http://www.w3.org/2001/XMLSchema</con:type></con:part><con:part><con:url>file:/home/ebarbieux/Dev/fidus/handiservice/HandiServiceGateway/src/main/resources/wsdl/handiService/2.0.0/messages/baseMessageTypes_v1.xsd</con:url><con:content><![CDATA[<xsd:schema targetNamespace="http://fidus.brussels/type/common/messages/v1" elementFormDefault="qualified" attributeFormDefault="unqualified" version="1.0" xmlns:xsd="http://www.w3.org/2001/XMLSchema" xmlns:cmn="http://fidus.brussels/type/common/v1" xmlns:tns="http://fidus.brussels/type/common/messages/v1">
  <!--Unformatted message Id-->
  <xsd:simpleType name="MessageIdType">
    <xsd:restriction base="xsd:string">
      <xsd:minLength value="1"/>
      <xsd:maxLength value="64"/>
    </xsd:restriction>
  </xsd:simpleType>
  <!--National Number of the person. Format depending on the Register-->
  <xsd:simpleType name="PersonNumberType">
    <xsd:restriction base="xsd:string">
      <xsd:pattern value="[0-9][0-9](([0][0-9])|([1][0-2]))(([0-2][0-9])|([3][0-1]))(([0-9]{2}[1-9])|([0-9][1-9][0-9])|([1-9][0-9]{2}))(([0-8][0-9])|([9][0-7]))">
        <xsd:annotation>
          <xsd:documentation>National Register format</xsd:documentation>
        </xsd:annotation>
      </xsd:pattern>
      <xsd:pattern value="[0-9][0-9](([2][0-9])|([3][0-2]))(([0-2][0-9])|([3][0-1]))[0-9]{3}(([0-8][0-9])|([9][0-7]))">
        <xsd:annotation>
          <xsd:documentation>CBSS Register format: Bis Register</xsd:documentation>
        </xsd:annotation>
      </xsd:pattern>
      <xsd:pattern value="[0-9][0-9](([4][0-9])|([5][0-2]))(([0-2][0-9])|([3][0-1]))[0-9]{3}(([0-8][0-9])|([9][0-7]))">
        <xsd:annotation>
          <xsd:documentation>CBSS Register format: Ter Register</xsd:documentation>
        </xsd:annotation>
      </xsd:pattern>
    </xsd:restriction>
  </xsd:simpleType>
  <!--Request message context-->
  <xsd:complexType name="RequestMessageContextType">
    <xsd:annotation>
      <xsd:documentation>Message context block generated by the consumer.</xsd:documentation>
    </xsd:annotation>
    <xsd:sequence>
      <xsd:element name="messageId" type="tns:MessageIdType">
        <xsd:annotation>
          <xsd:documentation>Consumer must assign their own MessageId reference for the request.</xsd:documentation>
        </xsd:annotation>
      </xsd:element>
      <xsd:element name="timestamp" type="xsd:dateTime" minOccurs="0">
        <xsd:annotation>
          <xsd:documentation>Timestamp when client sent request.</xsd:documentation>
        </xsd:annotation>
      </xsd:element>
    </xsd:sequence>
  </xsd:complexType>
  <!--Response message context-->
  <xsd:complexType name="ResponseMessageContextType">
    <xsd:annotation>
      <xsd:documentation>MessageContext block generated by Fidus.</xsd:documentation>
    </xsd:annotation>
    <xsd:sequence>
      <xsd:element name="messageId" type="tns:MessageIdType">
        <xsd:annotation>
          <xsd:documentation>A unique identifier generated by Fidus.</xsd:documentation>
        </xsd:annotation>
      </xsd:element>
      <xsd:element name="transactionId" type="tns:MessageIdType">
        <xsd:annotation>
          <xsd:documentation>A unique ID returned to the client for tracing purposes.</xsd:documentation>
        </xsd:annotation>
      </xsd:element>
      <xsd:element name="timestamp" type="xsd:dateTime" minOccurs="0">
        <xsd:annotation>
          <xsd:documentation>Time reply was sent by Fidus.</xsd:documentation>
        </xsd:annotation>
      </xsd:element>
    </xsd:sequence>
  </xsd:complexType>
  <!--Legal Context : the finality of the Privacy Commission-->
  <xsd:simpleType name="LegalContextType">
    <xsd:restriction base="xsd:string">
      <xsd:minLength value="1"/>
      <xsd:maxLength value="64"/>
    </xsd:restriction>
  </xsd:simpleType>
  <xsd:complexType name="UserContextType">
    <xsd:annotation>
      <xsd:documentation>The user context defines information regarding the actual user performing a request.</xsd:documentation>
    </xsd:annotation>
    <xsd:sequence>
      <xsd:element name="language" type="xsd:language" nillable="true">
        <xsd:annotation>
          <xsd:documentation>The preferred language of the actual user performing the request.
						This influences the language in which response elements are cast.</xsd:documentation>
        </xsd:annotation>
      </xsd:element>
    </xsd:sequence>
  </xsd:complexType>
</xsd:schema>]]></con:content><con:type>http://www.w3.org/2001/XMLSchema</con:type></con:part><con:part><con:url>file:/home/ebarbieux/Dev/fidus/handiservice/HandiServiceGateway/src/main/resources/wsdl/handiService/2.0.0/messages/exceptionTypes_v1.xsd</con:url><con:content><![CDATA[<xsd:schema targetNamespace="http://fidus.brussels/type/common/exceptions/v1" elementFormDefault="qualified" attributeFormDefault="unqualified" version="1.0" xmlns:xsd="http://www.w3.org/2001/XMLSchema" xmlns:tns="http://fidus.brussels/type/common/exceptions/v1">
  <!--Basic error typed-->
  <xsd:complexType name="ExceptionsType">
    <xsd:sequence>
      <xsd:element name="exception" type="tns:ExceptionType" maxOccurs="unbounded"/>
    </xsd:sequence>
  </xsd:complexType>
  <xsd:complexType name="ExceptionType">
    <xsd:sequence>
      <xsd:element name="type" type="tns:ExceptionClassType"/>
      <xsd:element name="code" type="tns:ExceptionCodeType"/>
      <xsd:element name="source" type="tns:ExceptionSourceType"/>
      <xsd:element name="description" type="tns:ExceptionDescriptionType"/>
    </xsd:sequence>
  </xsd:complexType>
  <xsd:simpleType name="ExceptionClassType">
    <xsd:restriction base="xsd:string">
      <xsd:enumeration value="ERROR"/>
      <xsd:enumeration value="WARNING"/>
      <xsd:enumeration value="INFO"/>
    </xsd:restriction>
  </xsd:simpleType>
  <xsd:simpleType name="ExceptionCodeType">
    <xsd:restriction base="xsd:string">
      <xsd:maxLength value="20"/>
    </xsd:restriction>
  </xsd:simpleType>
  <xsd:simpleType name="ExceptionSourceType">
    <xsd:restriction base="xsd:string">
      <xsd:maxLength value="20"/>
    </xsd:restriction>
  </xsd:simpleType>
  <xsd:simpleType name="ExceptionDescriptionType">
    <xsd:restriction base="xsd:string"/>
  </xsd:simpleType>
</xsd:schema>]]></con:content><con:type>http://www.w3.org/2001/XMLSchema</con:type></con:part><con:part><con:url>file:/home/ebarbieux/Dev/fidus/handiservice/HandiServiceGateway/src/main/resources/wsdl/handiService/2.0.0/handi/be/fgov/kszbcss/types/Handi/HandiV2.xsd</con:url><con:content><![CDATA[<!--edited with XMLSpy v2017 rel. 3 sp1 (http://www.altova.com) by ebarbieux (CIRB)-->
<!--========================================================================
	 * Owner :					KSZ / CBSS
	 * Creation date :		09/01/2017
	 * Description :			HandiTypesV2
	 * Revision History :-->
<xsd:schema targetNamespace="http://kszbcss.fgov.be/types/Handi/v2" elementFormDefault="unqualified" attributeFormDefault="unqualified" version="2017-01-09" xmlns:tns="http://kszbcss.fgov.be/types/Handi/v2" xmlns:xsd="http://www.w3.org/2001/XMLSchema" xmlns:common="http://kszbcss.fgov.be/types/common/v3" xmlns:dgph="http://dgph.fgov.be/types/Handi/common/v1" xmlns:vsb="http://www.vlaamsesocialebescherming.be/types/Handi/common/v1">
  <xsd:import namespace="http://kszbcss.fgov.be/types/common/v3" schemaLocation="../common/CommonV3.xsd"/>
  <xsd:import namespace="http://dgph.fgov.be/types/Handi/common/v1" schemaLocation="../../../dgph/types/Handi/common/DGPHHandiCommonV1.xsd"/>
  <xsd:import namespace="http://www.vlaamsesocialebescherming.be/types/Handi/common/v1" schemaLocation="../../../../vlaamsesocialebescherming/types/Handi/common/VSBHandiCommonV1.xsd"/>
  <xsd:complexType name="ConsultFilesByDateRequestType">
    <xsd:sequence>
      <xsd:element name="informationCustomer" type="common:InformationCustomerType"/>
      <xsd:element name="informationCBSS" type="common:InformationCBSSType" minOccurs="0"/>
      <xsd:element name="legalContext" type="common:LegalContextType"/>
      <xsd:element name="criteria" type="tns:ConsultFilesByDateCriteriaType"/>
    </xsd:sequence>
  </xsd:complexType>
  <xsd:complexType name="ConsultFilesByDateResponseType">
    <xsd:sequence>
      <xsd:element name="informationCustomer" type="common:InformationCustomerType"/>
      <xsd:element name="informationCBSS" type="common:InformationCBSSType"/>
      <xsd:element name="legalContext" type="common:LegalContextType"/>
      <xsd:element name="criteria" type="tns:ConsultFilesByDateCriteriaType"/>
      <xsd:element name="status" type="tns:GlobalStatusType"/>
      <xsd:element name="ssin" type="tns:SsinWithCanceledAndReplacedByStatusType" minOccurs="0"/>
      <xsd:element name="dataFilters" type="tns:DataFiltersType" minOccurs="0"/>
      <xsd:element name="results" type="tns:FileResultsType" minOccurs="0"/>
    </xsd:sequence>
  </xsd:complexType>
  <xsd:complexType name="ConsultPaymentsRequestType">
    <xsd:sequence>
      <xsd:element name="informationCustomer" type="common:InformationCustomerType"/>
      <xsd:element name="informationCBSS" type="common:InformationCBSSType" minOccurs="0"/>
      <xsd:element name="legalContext" type="common:LegalContextType"/>
      <xsd:element name="criteria" type="tns:ConsultPaymentsCriteriaType"/>
    </xsd:sequence>
  </xsd:complexType>
  <xsd:complexType name="ConsultPaymentsResponseType">
    <xsd:sequence>
      <xsd:element name="informationCustomer" type="common:InformationCustomerType"/>
      <xsd:element name="informationCBSS" type="common:InformationCBSSType"/>
      <xsd:element name="legalContext" type="common:LegalContextType"/>
      <xsd:element name="criteria" type="tns:ConsultPaymentsCriteriaType"/>
      <xsd:element name="status" type="tns:GlobalStatusType"/>
      <xsd:element name="ssin" type="tns:SsinWithCanceledAndReplacedByStatusType" minOccurs="0"/>
      <xsd:element name="results" type="tns:PaymentsResultsType" minOccurs="0"/>
    </xsd:sequence>
  </xsd:complexType>
  <xsd:complexType name="SsinWithCanceledAndReplacedByStatusType">
    <xsd:simpleContent>
      <xsd:extension base="common:SsinType">
        <xsd:attribute name="canceled" type="xsd:boolean"/>
        <xsd:attribute name="replacedBy" type="common:SsinType"/>
      </xsd:extension>
    </xsd:simpleContent>
  </xsd:complexType>
  <xsd:complexType name="ConsultFilesByDateCriteriaType">
    <xsd:sequence>
      <xsd:element name="ssin" type="common:SsinType"/>
      <xsd:element name="handicapAuthenticSources" type="tns:HandicapAuthenticSourcesType"/>
      <xsd:element name="referenceDate" type="xsd:date"/>
      <xsd:element name="parts" type="tns:FilePartsType"/>
    </xsd:sequence>
  </xsd:complexType>
  <xsd:complexType name="ConsultPaymentsCriteriaType">
    <xsd:sequence>
      <xsd:element name="ssin" type="common:SsinType"/>
      <xsd:element name="handicapAuthenticSources" type="tns:HandicapAuthenticSourcesType"/>
      <xsd:element name="period" type="common:PeriodType"/>
    </xsd:sequence>
  </xsd:complexType>
  <xsd:complexType name="FilePartsType">
    <xsd:sequence>
      <xsd:element name="evolutionOfRequest" type="xsd:boolean" default="false" minOccurs="0"/>
      <xsd:element name="handicapRecognitions" type="xsd:boolean" default="false"/>
      <xsd:element name="rights" type="xsd:boolean" default="false" minOccurs="0"/>
      <xsd:element name="socialCards" type="xsd:boolean" default="false" minOccurs="0"/>
    </xsd:sequence>
  </xsd:complexType>
  <xsd:complexType name="HandicapAuthenticSourcesType">
    <xsd:sequence>
      <xsd:element name="DGPH" type="xsd:boolean" default="false"/>
      <xsd:element name="VSB" type="xsd:boolean" default="false" minOccurs="0"/>
    </xsd:sequence>
  </xsd:complexType>
  <xsd:complexType name="DataFiltersType">
    <xsd:sequence>
      <xsd:element name="filteredElement" type="xsd:string" maxOccurs="100"/>
    </xsd:sequence>
  </xsd:complexType>
  <xsd:complexType name="FileResultsType">
    <xsd:sequence>
      <xsd:element name="dgphResult" type="tns:DgphFileResultType" minOccurs="0"/>
      <xsd:element name="vsbResult" type="tns:VsbFileResultType" minOccurs="0"/>
    </xsd:sequence>
  </xsd:complexType>
  <xsd:complexType name="DgphFileResultType">
    <xsd:sequence>
      <xsd:element name="status" type="tns:SourceStatusType"/>
      <xsd:element name="file" type="dgph:FileType" minOccurs="0"/>
    </xsd:sequence>
  </xsd:complexType>
  <xsd:complexType name="VsbFileResultType">
    <xsd:sequence>
      <xsd:element name="status" type="tns:SourceStatusType"/>
      <xsd:element name="file" type="vsb:FileType" minOccurs="0"/>
    </xsd:sequence>
  </xsd:complexType>
  <xsd:complexType name="PaymentsResultsType">
    <xsd:sequence>
      <xsd:element name="dgphResult" type="tns:DgphPaymentsResultType" minOccurs="0"/>
      <xsd:element name="vsbResult" type="tns:VsbPaymentsResultType" minOccurs="0"/>
    </xsd:sequence>
  </xsd:complexType>
  <xsd:complexType name="DgphPaymentsResultType">
    <xsd:sequence>
      <xsd:element name="status" type="tns:SourceStatusType"/>
      <xsd:element name="payments" type="dgph:PaymentsType" minOccurs="0"/>
    </xsd:sequence>
  </xsd:complexType>
  <xsd:complexType name="VsbPaymentsResultType">
    <xsd:sequence>
      <xsd:element name="status" type="tns:SourceStatusType"/>
      <xsd:element name="payments" type="vsb:PaymentsType" minOccurs="0"/>
    </xsd:sequence>
  </xsd:complexType>
  <!--global status-->
  <xsd:complexType name="GlobalStatusType">
    <xsd:sequence>
      <xsd:element name="value">
        <xsd:annotation>
          <xsd:documentation>global status of the result</xsd:documentation>
        </xsd:annotation>
        <xsd:simpleType>
          <xsd:restriction base="xsd:string">
            <xsd:enumeration value="DATA_FOUND"/>
            <xsd:enumeration value="NO_DATA_FOUND"/>
            <xsd:enumeration value="NO_RESULT"/>
            <xsd:enumeration value="INCOMPLETE_DATA"/>
          </xsd:restriction>
        </xsd:simpleType>
      </xsd:element>
      <xsd:element name="code">
        <xsd:annotation>
          <xsd:documentation>the code of the status</xsd:documentation>
        </xsd:annotation>
        <xsd:simpleType>
          <xsd:restriction base="xsd:string">
            <xsd:maxLength value="16"/>
          </xsd:restriction>
        </xsd:simpleType>
      </xsd:element>
      <xsd:element name="description" minOccurs="0">
        <xsd:annotation>
          <xsd:documentation>the description of the status</xsd:documentation>
        </xsd:annotation>
        <xsd:simpleType>
          <xsd:restriction base="xsd:string">
            <xsd:maxLength value="256"/>
          </xsd:restriction>
        </xsd:simpleType>
      </xsd:element>
      <xsd:element name="information" type="common:InformationType" minOccurs="0" maxOccurs="15"/>
    </xsd:sequence>
  </xsd:complexType>
  <!--source status-->
  <xsd:complexType name="SourceStatusType">
    <xsd:sequence>
      <xsd:element name="value">
        <xsd:annotation>
          <xsd:documentation>global status of the result</xsd:documentation>
        </xsd:annotation>
        <xsd:simpleType>
          <xsd:restriction base="xsd:string">
            <xsd:enumeration value="DATA_FOUND"/>
            <xsd:enumeration value="NO_DATA_FOUND"/>
            <xsd:enumeration value="TECHNICAL_ERROR"/>
          </xsd:restriction>
        </xsd:simpleType>
      </xsd:element>
      <xsd:element name="code">
        <xsd:annotation>
          <xsd:documentation>the code of the status</xsd:documentation>
        </xsd:annotation>
        <xsd:simpleType>
          <xsd:restriction base="xsd:string">
            <xsd:maxLength value="16"/>
          </xsd:restriction>
        </xsd:simpleType>
      </xsd:element>
      <xsd:element name="description" minOccurs="0">
        <xsd:annotation>
          <xsd:documentation>the description of the status</xsd:documentation>
        </xsd:annotation>
        <xsd:simpleType>
          <xsd:restriction base="xsd:string">
            <xsd:maxLength value="256"/>
          </xsd:restriction>
        </xsd:simpleType>
      </xsd:element>
      <xsd:element name="information" type="common:InformationType" minOccurs="0" maxOccurs="15"/>
    </xsd:sequence>
  </xsd:complexType>
  <xsd:simpleType name="HandicapTechnicalSourceValueType">
    <xsd:restriction base="xsd:string">
      <xsd:enumeration value="CURAM"/>
      <xsd:enumeration value="TETRA"/>
    </xsd:restriction>
  </xsd:simpleType>
</xsd:schema>]]></con:content><con:type>http://www.w3.org/2001/XMLSchema</con:type></con:part><con:part><con:url>file:/home/ebarbieux/Dev/fidus/handiservice/HandiServiceGateway/src/main/resources/wsdl/handiService/2.0.0/handi/be/fgov/kszbcss/types/common/CommonV3.xsd</con:url><con:content><![CDATA[<!--====================================================================================================================================
	* File Name				: CommonV3.xsd
	* Author					: Johan Kumps - Peter Van den Bosch
	* Owner					: Crossroad Bank for Social Security (CBSS)
	* Domain					: CBSS Registries Public Services
	* Creation Date			: 31-05-2010
	* Description				: This XML schema document contains a set of Common XML  type definition and content model fragments for use in CBSS webservices and batch file schema definitions within the CBSS domain. 
	* Revision History		: 09-03-2011  	String2Type added
	*														LegalContext added
	*														DescriptionType refactored + lenght constraint 50 changed to 100
	*														InformationCustomerType.ticket length constraint 32 changed to 36
	*														LegalContext + IntegrationContext concepts added
	*														RuntimeFaultType refactored to CBSSFaultType
	*														Parameters added to BaseRequestType
	*                                18-10-2011 		removed String100Type 
   *                                         				Added InformationNotificationCBSS/InformationNotified
   *                                         				Increased the max number of occurences of Information in CBSSFaultType from 5 to 15
	*									25-10-2011	Refactored unbounded business errors to 25
	*														Refactored SSINType to SsinType
   *                          09-11-2011 Changed namespace to v3
   *                                         thorough validation leading to modifications: see CBSS common XSD types.doc
   *                           18-01-2011          informationNotified: identification renamed to notifiedIdentification (consistency)
   *                                                          CbeNumberType: changed from 9 or 10 digits, to mandatory 10 digits
  *                                                          added types for euro amounts, enterprise numbers and business unit numbers
 *                                                          Removed status and business anomalies from BaseResponseType, as the request fields should be copied in the same order in the response
*                                20-03-2012        Renamed BaseDescriptionType to DescriptionType, removed old DescriptionType
*                                                        Removed DescriptionStyleParametersType
*                                                        Removed RegisterCharacterSetType
*                                 29-05-2012           Really remove RegisterCharacterSetType
*								  14-11-2013		Added InformationCBSSBatchType
*								  04-09-2014		Added SenderReceiverType
*								  07-01-2015		Added SequenceNumberType
*								  03-07-2015		Added NssoRegistrationNumberType
*                                 11-09-2015      Modified NssoRegistrationNumberType to allow both 9 long as temporary 10 long numbers starting with 51.
*                                 16-09-2015      Modified NssoRegistrationNumberType to 10 long numbers starting with 51 or with 0.
*                                 08-02-2016      Added StatusOkType
*                                 27-09-2016      Added YearQuarterType format yyyyQx, QuarterPeriodType and OpenQuarterPeriodType
====================================================================================================================================-->
<xsd:schema targetNamespace="http://kszbcss.fgov.be/types/common/v3" elementFormDefault="unqualified" attributeFormDefault="unqualified" version="3.3.1" xmlns:xsd="http://www.w3.org/2001/XMLSchema" xmlns:tns="http://kszbcss.fgov.be/types/common/v3">
  <!--Request / response meta data-->
  <xsd:simpleType name="SeverityType">
    <xsd:restriction base="xsd:string">
      <xsd:enumeration value="INFORMATION"/>
      <xsd:enumeration value="WARNING"/>
      <xsd:enumeration value="FATAL"/>
    </xsd:restriction>
  </xsd:simpleType>
  <xsd:simpleType name="UUIDType">
    <xsd:restriction base="xsd:string">
      <xsd:pattern value="[\da-fA-F]{8}-[\da-fA-F]{4}-[\da-fA-F]{4}-[\da-fA-F]{4}-[\da-fA-F]{12}"/>
    </xsd:restriction>
  </xsd:simpleType>
  <xsd:simpleType name="TicketType">
    <xsd:restriction base="xsd:string">
      <xsd:maxLength value="36"/>
    </xsd:restriction>
  </xsd:simpleType>
  <xsd:simpleType name="CbeNumberType">
    <xsd:annotation>
      <xsd:documentation>CBE number identifying an enterprise or business unit</xsd:documentation>
    </xsd:annotation>
    <xsd:restriction base="xsd:string">
      <xsd:pattern value="\d{10}"/>
    </xsd:restriction>
  </xsd:simpleType>
  <xsd:simpleType name="EnterpriseNumberType">
    <xsd:annotation>
      <xsd:documentation>CBE enterprise number (starting with 0 or 1)</xsd:documentation>
    </xsd:annotation>
    <xsd:restriction base="xsd:string">
      <xsd:pattern value="[0-1]\d{9}"/>
    </xsd:restriction>
  </xsd:simpleType>
  <xsd:simpleType name="BusinessUnitNumberType">
    <xsd:annotation>
      <xsd:documentation>CBE business unit number (starting with 2-8)</xsd:documentation>
    </xsd:annotation>
    <xsd:restriction base="xsd:string">
      <xsd:pattern value="[2-8]\d{9}"/>
    </xsd:restriction>
  </xsd:simpleType>
  <xsd:simpleType name="SsinType">
    <xsd:restriction base="xsd:string">
      <xsd:pattern value="[0-9][0-9](([0][0-9])|([1][0-2]))(([0-2][0-9])|([3][0-1]))(([0-9]{2}[1-9])|([0-9][1-9][0-9])|([1-9][0-9]{2}))(([0-8][0-9])|([9][0-7]))">
        <xsd:annotation>
          <xsd:documentation xml:lang="FR">Registre National</xsd:documentation>
          <xsd:documentation xml:lang="NL">Rijksregister</xsd:documentation>
        </xsd:annotation>
      </xsd:pattern>
      <xsd:pattern value="[0-9][0-9](([2][0-9])|([3][0-2]))(([0-2][0-9])|([3][0-1]))[0-9]{3}(([0-8][0-9])|([9][0-7]))">
        <xsd:annotation>
          <xsd:documentation xml:lang="FR">Registre Bis : numero Bis</xsd:documentation>
          <xsd:documentation xml:lang="NL">Bis register : Bisnummer</xsd:documentation>
        </xsd:annotation>
      </xsd:pattern>
      <xsd:pattern value="[0-9][0-9](([4][0-9])|([5][0-2]))(([0-2][0-9])|([3][0-1]))[0-9]{3}(([0-8][0-9])|([9][0-7]))">
        <xsd:annotation>
          <xsd:documentation xml:lang="FR">Registre Bis : numero TER</xsd:documentation>
          <xsd:documentation xml:lang="NL">Bisregister : Ternummer</xsd:documentation>
        </xsd:annotation>
      </xsd:pattern>
    </xsd:restriction>
  </xsd:simpleType>
  <xsd:simpleType name="LegalContextType">
    <xsd:restriction base="xsd:string">
      <xsd:maxLength value="64"/>
    </xsd:restriction>
  </xsd:simpleType>
  <xsd:simpleType name="IntegrationContextType">
    <xsd:annotation>
      <xsd:documentation>deprecated type. Use InscriptionContextType instead in new XSDs</xsd:documentation>
    </xsd:annotation>
    <xsd:restriction base="xsd:string">
      <xsd:maxLength value="64"/>
    </xsd:restriction>
  </xsd:simpleType>
  <xsd:simpleType name="InscriptionContextType">
    <xsd:annotation>
      <xsd:documentation>The way in which an organization knows a person (textual equivalent of former numerical quality code)</xsd:documentation>
    </xsd:annotation>
    <xsd:restriction base="xsd:string">
      <xsd:maxLength value="64"/>
    </xsd:restriction>
  </xsd:simpleType>
  <xsd:simpleType name="SequenceNumberType">
    <xsd:restriction base="xsd:long">
      <xsd:minInclusive value="1"/>
      <xsd:totalDigits value="15"/>
    </xsd:restriction>
  </xsd:simpleType>
  <xsd:complexType name="InformationCBSSType">
    <xsd:annotation>
      <xsd:documentation>Information block from CBSS.</xsd:documentation>
    </xsd:annotation>
    <xsd:sequence>
      <xsd:element name="ticketCBSS" type="tns:UUIDType"/>
      <xsd:element name="timestampReceive" type="xsd:dateTime">
        <xsd:annotation>
          <xsd:documentation>Time request was received by CBSS.</xsd:documentation>
        </xsd:annotation>
      </xsd:element>
      <xsd:element name="timestampReply" type="xsd:dateTime">
        <xsd:annotation>
          <xsd:documentation>Time reply was sent by CBSS.</xsd:documentation>
        </xsd:annotation>
      </xsd:element>
    </xsd:sequence>
  </xsd:complexType>
  <xsd:complexType name="InformationCustomerType">
    <xsd:annotation>
      <xsd:documentation>Information block that can be used by the customer for diagnostic use.</xsd:documentation>
    </xsd:annotation>
    <xsd:sequence>
      <xsd:element name="ticket" type="tns:TicketType" minOccurs="0">
        <xsd:annotation>
          <xsd:documentation>Client can assign their own ticket reference for the request. Not mandatory. For non-UUID tickets only the first 32 chars are stored at CBSS.</xsd:documentation>
        </xsd:annotation>
      </xsd:element>
      <xsd:element name="timestampSent" type="xsd:dateTime" minOccurs="0">
        <xsd:annotation>
          <xsd:documentation>Timestamp when client sent request.</xsd:documentation>
        </xsd:annotation>
      </xsd:element>
      <xsd:element name="customerIdentification" type="tns:OrganizationIdentificationType"/>
    </xsd:sequence>
  </xsd:complexType>
  <xsd:complexType name="InformationSupplierType">
    <xsd:annotation>
      <xsd:documentation>Information block for supplier of a service</xsd:documentation>
    </xsd:annotation>
    <xsd:sequence>
      <xsd:element name="ticket" type="tns:TicketType" minOccurs="0">
        <xsd:annotation>
          <xsd:documentation>UUID generated by Customer or Supplier</xsd:documentation>
        </xsd:annotation>
      </xsd:element>
      <xsd:element name="timestampReceive" type="xsd:dateTime" minOccurs="0">
        <xsd:annotation>
          <xsd:documentation>Time of request</xsd:documentation>
        </xsd:annotation>
      </xsd:element>
      <xsd:element name="timestampReply" type="xsd:dateTime" minOccurs="0">
        <xsd:annotation>
          <xsd:documentation>Time of request</xsd:documentation>
        </xsd:annotation>
      </xsd:element>
      <xsd:element name="supplierIdentification" type="tns:OrganizationIdentificationType"/>
    </xsd:sequence>
  </xsd:complexType>
  <xsd:complexType name="InformationNotificationCBSSType">
    <xsd:annotation>
      <xsd:documentation>Deprecated type. Use SenderReceiverType in new batch XSDs. Information block for CBSS info when CBSS notifies partner</xsd:documentation>
    </xsd:annotation>
    <xsd:sequence>
      <xsd:element name="ticketCBSS" type="tns:UUIDType">
        <xsd:annotation>
          <xsd:documentation>UUID generated by Customer or Supplier</xsd:documentation>
        </xsd:annotation>
      </xsd:element>
      <xsd:element name="timestampSent" type="xsd:dateTime">
        <xsd:annotation>
          <xsd:documentation>Time of request</xsd:documentation>
        </xsd:annotation>
      </xsd:element>
    </xsd:sequence>
  </xsd:complexType>
  <xsd:complexType name="InformationNotifiedType">
    <xsd:annotation>
      <xsd:documentation>Deprecated type. Use SenderReceiverType in new batch XSDs. Information block for partner info when CBSS notifies partner</xsd:documentation>
    </xsd:annotation>
    <xsd:sequence>
      <xsd:element name="ticket" type="tns:TicketType" minOccurs="0"/>
      <xsd:element name="timestampReply" type="xsd:dateTime" minOccurs="0"/>
      <xsd:element name="notifiedIdentification" type="tns:OrganizationIdentificationType"/>
    </xsd:sequence>
  </xsd:complexType>
  <xsd:complexType name="InformationCBSSBatchType">
    <xsd:annotation>
      <xsd:documentation>Deprecated type. Use SenderReceiverType in new batch XSDs</xsd:documentation>
    </xsd:annotation>
    <xsd:sequence>
      <xsd:element name="fileId" type="xsd:unsignedLong"/>
      <xsd:element name="fileCreationTimestamp" type="xsd:dateTime"/>
    </xsd:sequence>
  </xsd:complexType>
  <xsd:complexType name="SenderReceiverType">
    <xsd:annotation>
      <xsd:documentation>Information block containing info about the sender or receiver of a message.</xsd:documentation>
    </xsd:annotation>
    <xsd:sequence>
      <xsd:element name="ticket" type="tns:TicketType" minOccurs="0">
        <xsd:annotation>
          <xsd:documentation>The partner can assign a ticket reference to the message. Not mandatory.</xsd:documentation>
        </xsd:annotation>
      </xsd:element>
      <xsd:element name="timestampSent" type="xsd:dateTime" minOccurs="0">
        <xsd:annotation>
          <xsd:documentation>Timestamp when message was sent. In the receiver block of response messages the timestampSent is the timestamp when the request was created by the organization that receives the response.</xsd:documentation>
        </xsd:annotation>
      </xsd:element>
      <xsd:element name="organizationIdentification" type="tns:OrganizationIdentificationType"/>
    </xsd:sequence>
  </xsd:complexType>
  <xsd:complexType name="OrganizationIdentificationType">
    <xsd:choice>
      <xsd:element name="cbeNumber" type="tns:CbeNumberType"/>
      <xsd:sequence>
        <xsd:element name="sector">
          <xsd:simpleType>
            <xsd:restriction base="xsd:unsignedShort">
              <xsd:maxInclusive value="999"/>
            </xsd:restriction>
          </xsd:simpleType>
        </xsd:element>
        <xsd:element name="institution">
          <xsd:simpleType>
            <xsd:restriction base="xsd:unsignedShort">
              <xsd:maxInclusive value="999"/>
            </xsd:restriction>
          </xsd:simpleType>
        </xsd:element>
      </xsd:sequence>
    </xsd:choice>
  </xsd:complexType>
  <xsd:complexType name="OpenPeriodType">
    <xsd:annotation>
      <xsd:documentation>Period containing a begin date and an optional end date.</xsd:documentation>
    </xsd:annotation>
    <xsd:sequence>
      <xsd:element name="beginDate" type="xsd:date"/>
      <xsd:element name="endDate" type="xsd:date" minOccurs="0"/>
    </xsd:sequence>
  </xsd:complexType>
  <xsd:complexType name="PeriodType">
    <xsd:annotation>
      <xsd:documentation>Period containing a begin date and an end date.</xsd:documentation>
    </xsd:annotation>
    <xsd:sequence>
      <xsd:element name="beginDate" type="xsd:date"/>
      <xsd:element name="endDate" type="xsd:date"/>
    </xsd:sequence>
  </xsd:complexType>
  <xsd:complexType name="OpenQuarterPeriodType">
    <xsd:annotation>
      <xsd:documentation>Quarter period containing a quarter begin date and an optional quarter end date.</xsd:documentation>
    </xsd:annotation>
    <xsd:sequence>
      <xsd:element name="beginQuarter" type="tns:YearQuarterType"/>
      <xsd:element name="endQuarter" type="tns:YearQuarterType" minOccurs="0"/>
    </xsd:sequence>
  </xsd:complexType>
  <xsd:complexType name="QuarterPeriodType">
    <xsd:annotation>
      <xsd:documentation>Quarter period containing a quarter begin date and a quarter end date.</xsd:documentation>
    </xsd:annotation>
    <xsd:sequence>
      <xsd:element name="beginQuarter" type="tns:YearQuarterType"/>
      <xsd:element name="endQuarter" type="tns:YearQuarterType"/>
    </xsd:sequence>
  </xsd:complexType>
  <xsd:simpleType name="YearQuarterType">
    <xsd:restriction base="xsd:string">
      <xsd:length value="6"/>
      <xsd:whiteSpace value="collapse"/>
      <xsd:pattern value="[1-2]\d{3}Q(1|2|3|4)"/>
    </xsd:restriction>
  </xsd:simpleType>
  <xsd:simpleType name="IncompleteDateType">
    <xsd:annotation>
      <xsd:documentation>A possibly incomplete date. Format yyyy-mm-dd, yyyy-mm-00 or yyyy-00-00</xsd:documentation>
    </xsd:annotation>
    <xsd:restriction base="xsd:string">
      <xsd:length value="10"/>
      <xsd:whiteSpace value="collapse"/>
      <xsd:pattern value="[0-2][0-9]{3}\-[0-1][0-9]\-[0-3][0-9]"/>
    </xsd:restriction>
  </xsd:simpleType>
  <xsd:simpleType name="DescriptionType">
    <xsd:restriction base="xsd:string">
      <xsd:maxLength value="100"/>
    </xsd:restriction>
  </xsd:simpleType>
  <xsd:simpleType name="LanguageType">
    <xsd:annotation>
      <xsd:documentation>Type specifying the language of a given value</xsd:documentation>
    </xsd:annotation>
    <xsd:restriction base="xsd:string">
      <xsd:enumeration value="NL"/>
      <xsd:enumeration value="FR"/>
      <xsd:enumeration value="DE"/>
    </xsd:restriction>
  </xsd:simpleType>
  <!--Errors and warnings structures-->
  <xsd:group name="BusinessAnomaliesContentFragment">
    <xsd:annotation>
      <xsd:documentation>Structure reporting business errors to the consumer</xsd:documentation>
    </xsd:annotation>
    <xsd:sequence>
      <xsd:element name="businessAnomalies" type="tns:BusinessAnomaliesType" minOccurs="0"/>
    </xsd:sequence>
  </xsd:group>
  <xsd:complexType name="BusinessAnomaliesType">
    <xsd:annotation>
      <xsd:documentation>Type defining the structure of the part of the response containing business Faults</xsd:documentation>
    </xsd:annotation>
    <xsd:sequence>
      <xsd:element name="businessAnomaly" type="tns:BusinessAnomalyType" maxOccurs="25"/>
    </xsd:sequence>
  </xsd:complexType>
  <xsd:complexType name="BusinessAnomalyType">
    <xsd:annotation>
      <xsd:documentation>Type defining the structure of one business Faults</xsd:documentation>
    </xsd:annotation>
    <xsd:sequence>
      <xsd:element name="code" type="xsd:string">
        <xsd:annotation>
          <xsd:documentation>Unique code referring to a description of this Fault</xsd:documentation>
        </xsd:annotation>
      </xsd:element>
      <xsd:element name="severity" type="tns:SeverityType"/>
      <xsd:element name="description">
        <xsd:annotation>
          <xsd:documentation>Some description of this Fault</xsd:documentation>
        </xsd:annotation>
        <xsd:simpleType>
          <xsd:restriction base="xsd:string">
            <xsd:maxLength value="256"/>
          </xsd:restriction>
        </xsd:simpleType>
      </xsd:element>
      <xsd:element name="information" type="tns:InformationType" minOccurs="0" maxOccurs="15"/>
    </xsd:sequence>
  </xsd:complexType>
  <xsd:complexType name="CBSSFaultType">
    <xsd:sequence>
      <xsd:element name="informationCustomer" type="tns:InformationCustomerType" minOccurs="0"/>
      <xsd:element name="informationCBSS" type="tns:InformationCBSSType"/>
      <xsd:element name="detail" type="tns:MessageType" maxOccurs="30"/>
    </xsd:sequence>
  </xsd:complexType>
  <xsd:complexType name="MessageType">
    <xsd:sequence>
      <xsd:element name="severity" type="tns:SeverityType"/>
      <xsd:element name="reasonCode">
        <xsd:simpleType>
          <xsd:restriction base="xsd:string">
            <xsd:maxLength value="16"/>
          </xsd:restriction>
        </xsd:simpleType>
      </xsd:element>
      <xsd:element name="diagnostic">
        <xsd:simpleType>
          <xsd:restriction base="xsd:string">
            <xsd:maxLength value="256"/>
          </xsd:restriction>
        </xsd:simpleType>
      </xsd:element>
      <xsd:element name="authorCode">
        <xsd:simpleType>
          <xsd:restriction base="xsd:string">
            <xsd:maxLength value="64"/>
          </xsd:restriction>
        </xsd:simpleType>
      </xsd:element>
      <xsd:element name="information" type="tns:InformationType" minOccurs="0" maxOccurs="15"/>
    </xsd:sequence>
  </xsd:complexType>
  <xsd:complexType name="InformationType">
    <xsd:sequence>
      <xsd:element name="fieldName">
        <xsd:simpleType>
          <xsd:restriction base="xsd:string">
            <xsd:maxLength value="64"/>
          </xsd:restriction>
        </xsd:simpleType>
      </xsd:element>
      <xsd:element name="fieldValue" minOccurs="0">
        <xsd:simpleType>
          <xsd:restriction base="xsd:string">
            <xsd:maxLength value="256"/>
          </xsd:restriction>
        </xsd:simpleType>
      </xsd:element>
    </xsd:sequence>
  </xsd:complexType>
  <!--Base types for most common request/response format for consultation type operations. Can be used to define request and response types with extension type inheritance. Don't use if it doesn't fit the requirements.-->
  <xsd:complexType name="BaseRequestType" abstract="true">
    <xsd:annotation>
      <xsd:documentation>Type defining the base structure for all service requests</xsd:documentation>
    </xsd:annotation>
    <xsd:sequence>
      <xsd:element name="informationCustomer" type="tns:InformationCustomerType"/>
      <xsd:element name="informationCBSS" type="tns:InformationCBSSType" minOccurs="0"/>
      <xsd:element name="legalContext" type="tns:LegalContextType">
        <xsd:annotation>
          <xsd:documentation>legal context under which the request was made</xsd:documentation>
        </xsd:annotation>
      </xsd:element>
    </xsd:sequence>
  </xsd:complexType>
  <xsd:complexType name="BaseResponseType" abstract="true">
    <xsd:annotation>
      <xsd:documentation>Type defining the base structure for all service responses</xsd:documentation>
    </xsd:annotation>
    <xsd:sequence>
      <xsd:element name="informationCustomer" type="tns:InformationCustomerType"/>
      <xsd:element name="informationCBSS" type="tns:InformationCBSSType"/>
      <xsd:element name="legalContext" type="tns:LegalContextType"/>
    </xsd:sequence>
  </xsd:complexType>
  <!--Commonly used status type for consultation type operations. Define another if it doesn't fit requirements.-->
  <xsd:complexType name="StatusType">
    <xsd:sequence>
      <xsd:element name="value">
        <xsd:annotation>
          <xsd:documentation>global status of the result</xsd:documentation>
        </xsd:annotation>
        <xsd:simpleType>
          <xsd:restriction base="xsd:string">
            <xsd:enumeration value="DATA_FOUND"/>
            <xsd:enumeration value="NO_DATA_FOUND"/>
            <xsd:enumeration value="NO_RESULT"/>
          </xsd:restriction>
        </xsd:simpleType>
      </xsd:element>
      <xsd:element name="code">
        <xsd:annotation>
          <xsd:documentation>the code of the status</xsd:documentation>
        </xsd:annotation>
        <xsd:simpleType>
          <xsd:restriction base="xsd:string">
            <xsd:maxLength value="16"/>
          </xsd:restriction>
        </xsd:simpleType>
      </xsd:element>
      <xsd:element name="description" minOccurs="0">
        <xsd:annotation>
          <xsd:documentation>the description of the status</xsd:documentation>
        </xsd:annotation>
        <xsd:simpleType>
          <xsd:restriction base="xsd:string">
            <xsd:maxLength value="256"/>
          </xsd:restriction>
        </xsd:simpleType>
      </xsd:element>
      <xsd:element name="information" type="tns:InformationType" minOccurs="0" maxOccurs="15"/>
    </xsd:sequence>
  </xsd:complexType>
  <!--Commonly used status type for ok/nok type operations like notifications. Don't use if it doesn't fit requirements.-->
  <xsd:complexType name="StatusOkType">
    <xsd:sequence>
      <xsd:element name="value">
        <xsd:annotation>
          <xsd:documentation>global status of the result</xsd:documentation>
        </xsd:annotation>
        <xsd:simpleType>
          <xsd:restriction base="xsd:string">
            <xsd:enumeration value="OK"/>
            <xsd:enumeration value="NOK"/>
          </xsd:restriction>
        </xsd:simpleType>
      </xsd:element>
      <xsd:element name="code">
        <xsd:annotation>
          <xsd:documentation>the code of the status</xsd:documentation>
        </xsd:annotation>
        <xsd:simpleType>
          <xsd:restriction base="xsd:string">
            <xsd:maxLength value="16"/>
          </xsd:restriction>
        </xsd:simpleType>
      </xsd:element>
      <xsd:element name="description" minOccurs="0">
        <xsd:annotation>
          <xsd:documentation>the description of the status</xsd:documentation>
        </xsd:annotation>
        <xsd:simpleType>
          <xsd:restriction base="xsd:string">
            <xsd:maxLength value="256"/>
          </xsd:restriction>
        </xsd:simpleType>
      </xsd:element>
      <xsd:element name="information" type="tns:InformationType" minOccurs="0" maxOccurs="15"/>
    </xsd:sequence>
  </xsd:complexType>
  <xsd:simpleType name="EuroPositiveAmountType">
    <xsd:restriction base="xsd:decimal">
      <xsd:fractionDigits value="2"/>
      <xsd:maxExclusive value="1000000000000000"/>
    </xsd:restriction>
  </xsd:simpleType>
  <xsd:simpleType name="EuroAmountType">
    <xsd:restriction base="xsd:decimal">
      <xsd:fractionDigits value="2"/>
      <xsd:maxExclusive value="1000000000000000"/>
      <xsd:minExclusive value="-1000000000000000"/>
    </xsd:restriction>
  </xsd:simpleType>
  <xsd:simpleType name="EurocentPositiveAmountType">
    <xsd:restriction base="xsd:unsignedLong">
      <xsd:maxExclusive value="100000000000000000"/>
    </xsd:restriction>
  </xsd:simpleType>
  <xsd:simpleType name="EurocentAmountType">
    <xsd:restriction base="xsd:long">
      <xsd:minExclusive value="-100000000000000000"/>
      <xsd:maxExclusive value="100000000000000000"/>
    </xsd:restriction>
  </xsd:simpleType>
  <xsd:simpleType name="NssoRegistrationNumberType">
    <xsd:annotation>
      <xsd:documentation>Identification number of an enterprise at NSSO (= RSZ/ONSS). Numbers starting with 51 and length 10 are always temporary numbers.</xsd:documentation>
    </xsd:annotation>
    <xsd:restriction base="xsd:string">
      <xsd:pattern value="0\d{9}"/>
      <xsd:pattern value="51\d{8}"/>
    </xsd:restriction>
  </xsd:simpleType>
</xsd:schema>]]></con:content><con:type>http://www.w3.org/2001/XMLSchema</con:type></con:part><con:part><con:url>file:/home/ebarbieux/Dev/fidus/handiservice/HandiServiceGateway/src/main/resources/wsdl/handiService/2.0.0/handi/be/fgov/dgph/types/Handi/common/DGPHHandiCommonV1.xsd</con:url><con:content><![CDATA[<!--========================================================================
	 * Owner :					KSZ / CBSS
	 * Creation date :		09/01/2017
	 * Description :			HandiCommonDGPHTypesV1
	 * Revision History :-->
<xsd:schema targetNamespace="http://dgph.fgov.be/types/Handi/common/v1" elementFormDefault="unqualified" attributeFormDefault="unqualified" version="2017-01-09" xmlns:tns="http://dgph.fgov.be/types/Handi/common/v1" xmlns:xsd="http://www.w3.org/2001/XMLSchema">
  <xsd:complexType name="FileType">
    <xsd:sequence>
      <xsd:element name="addressHandicappedPerson" type="tns:PersonDataType" minOccurs="0"/>
      <xsd:element name="evolutionOfRequest" type="tns:EvolutionOfRequestType" minOccurs="0"/>
      <xsd:element name="handicapRecognitions" type="tns:HandicapRecognitionsType" minOccurs="0"/>
      <xsd:element name="rights" type="tns:RightsType" minOccurs="0"/>
      <xsd:element name="socialCards" type="tns:SocialCardsType" minOccurs="0"/>
    </xsd:sequence>
  </xsd:complexType>
  <!--Types for the address of the person-->
  <xsd:complexType name="PersonDataType">
    <xsd:sequence>
      <xsd:element name="lastName">
        <xsd:simpleType>
          <xsd:restriction base="xsd:string">
            <xsd:minLength value="1"/>
            <xsd:maxLength value="48"/>
          </xsd:restriction>
        </xsd:simpleType>
      </xsd:element>
      <xsd:element name="firstName" minOccurs="0">
        <xsd:simpleType>
          <xsd:restriction base="xsd:string">
            <xsd:minLength value="1"/>
            <xsd:maxLength value="24"/>
          </xsd:restriction>
        </xsd:simpleType>
      </xsd:element>
      <xsd:element name="address" type="tns:AddressType" minOccurs="0"/>
    </xsd:sequence>
  </xsd:complexType>
  <xsd:complexType name="AddressType">
    <xsd:sequence>
      <xsd:element name="building" minOccurs="0">
        <xsd:simpleType>
          <xsd:restriction base="xsd:string">
            <xsd:minLength value="1"/>
            <xsd:maxLength value="48"/>
          </xsd:restriction>
        </xsd:simpleType>
      </xsd:element>
      <xsd:element name="streetCode" minOccurs="0">
        <xsd:simpleType>
          <xsd:restriction base="xsd:string">
            <xsd:pattern value="[0-9]{10}"/>
          </xsd:restriction>
        </xsd:simpleType>
      </xsd:element>
      <xsd:element name="streetName" type="tns:DescriptionType" minOccurs="0" maxOccurs="3"/>
      <xsd:element name="houseNumber" minOccurs="0">
        <xsd:simpleType>
          <xsd:restriction base="xsd:string">
            <xsd:minLength value="1"/>
            <xsd:maxLength value="10"/>
          </xsd:restriction>
        </xsd:simpleType>
      </xsd:element>
      <xsd:element name="boxNumber" minOccurs="0">
        <xsd:simpleType>
          <xsd:restriction base="xsd:string">
            <xsd:minLength value="1"/>
            <xsd:maxLength value="10"/>
          </xsd:restriction>
        </xsd:simpleType>
      </xsd:element>
      <xsd:element name="postalCode" type="tns:PostalCodeType" minOccurs="0"/>
      <xsd:element name="cityCode" type="tns:CityCodeType" minOccurs="0">
        <xsd:annotation>
          <xsd:documentation>For Belgian locations this is the "NISCode", for foreign locations the cityCode</xsd:documentation>
        </xsd:annotation>
      </xsd:element>
      <xsd:element name="cityName" type="tns:DescriptionType" minOccurs="0" maxOccurs="3"/>
      <xsd:element name="countryCode">
        <xsd:simpleType>
          <xsd:restriction base="xsd:string">
            <xsd:minLength value="1"/>
            <xsd:maxLength value="3"/>
          </xsd:restriction>
        </xsd:simpleType>
      </xsd:element>
      <xsd:element name="countryName" type="tns:DescriptionType" minOccurs="0" maxOccurs="3"/>
      <xsd:element name="date" type="xsd:date" minOccurs="0"/>
    </xsd:sequence>
    <xsd:attribute name="class" use="required">
      <xsd:annotation>
        <xsd:documentation>Type of location: Belgian, Foreign or Diplomatic Post</xsd:documentation>
      </xsd:annotation>
      <xsd:simpleType>
        <xsd:restriction base="xsd:string">
          <xsd:enumeration value="belgianAddress"/>
          <xsd:enumeration value="foreignAddress"/>
          <xsd:enumeration value="diplomaticPost"/>
        </xsd:restriction>
      </xsd:simpleType>
    </xsd:attribute>
  </xsd:complexType>
  <xsd:complexType name="DescriptionType">
    <xsd:annotation>
      <xsd:documentation>Type specifying how a value that can exist in several languages will be modelled</xsd:documentation>
    </xsd:annotation>
    <xsd:simpleContent>
      <xsd:extension base="tns:BaseDescriptionType">
        <xsd:attribute name="language" type="tns:LanguageType"/>
      </xsd:extension>
    </xsd:simpleContent>
  </xsd:complexType>
  <xsd:simpleType name="BaseDescriptionType">
    <xsd:restriction base="xsd:string">
      <xsd:maxLength value="100"/>
    </xsd:restriction>
  </xsd:simpleType>
  <xsd:simpleType name="LanguageType">
    <xsd:annotation>
      <xsd:documentation>Type specifying the language of a given value</xsd:documentation>
    </xsd:annotation>
    <xsd:restriction base="xsd:string">
      <xsd:enumeration value="NL"/>
      <xsd:enumeration value="FR"/>
      <xsd:enumeration value="DE"/>
      <xsd:enumeration value="EN"/>
    </xsd:restriction>
  </xsd:simpleType>
  <xsd:simpleType name="CityCodeType">
    <xsd:restriction base="xsd:string">
      <xsd:minLength value="1"/>
      <xsd:maxLength value="5"/>
    </xsd:restriction>
  </xsd:simpleType>
  <xsd:simpleType name="PostalCodeType">
    <xsd:annotation>
      <xsd:documentation>Type defining a postal code</xsd:documentation>
    </xsd:annotation>
    <xsd:restriction base="xsd:string">
      <xsd:minLength value="1"/>
      <xsd:maxLength value="15"/>
    </xsd:restriction>
  </xsd:simpleType>
  <!--Types for the evolution of the request-->
  <xsd:complexType name="EvolutionOfRequestType">
    <xsd:sequence>
      <xsd:element name="legislation">
        <xsd:simpleType>
          <xsd:restriction base="xsd:int">
            <xsd:minInclusive value="0"/>
            <xsd:maxInclusive value="20"/>
          </xsd:restriction>
        </xsd:simpleType>
      </xsd:element>
      <xsd:element name="requestDate" type="xsd:date" minOccurs="0"/>
      <xsd:element name="administrativePendingRequest" type="xsd:boolean"/>
      <xsd:element name="handicapRecognitionPending" type="xsd:boolean"/>
      <xsd:element name="fileCompletionDate" type="xsd:date" minOccurs="0"/>
      <xsd:element name="appeal" type="xsd:boolean"/>
    </xsd:sequence>
  </xsd:complexType>
  <!--Types for the handicap recognition-->
  <xsd:complexType name="HandicapRecognitionsType">
    <xsd:sequence>
      <xsd:element name="handicapRecognition" type="tns:HandicapRecognitionType" maxOccurs="2"/>
    </xsd:sequence>
  </xsd:complexType>
  <xsd:complexType name="HandicapRecognitionType">
    <xsd:sequence>
      <xsd:element name="recognitionStatus" type="tns:RecognitionStatusType" minOccurs="0"/>
      <xsd:element name="handicapRecognitionDetails" type="tns:HandicapRecognitionDetailsType" minOccurs="0"/>
      <xsd:choice id="resultRecognitionChoice" minOccurs="0">
        <xsd:element name="resultRecognitionChild" type="tns:ResultRecognitionChildType"/>
        <xsd:element name="resultRecognitionAdult" type="tns:ResultRecognitionAdultType"/>
      </xsd:choice>
    </xsd:sequence>
  </xsd:complexType>
  <xsd:complexType name="RecognitionStatusType">
    <xsd:sequence>
      <xsd:element name="dateOfDecision" type="xsd:date"/>
      <xsd:element name="startDateRecognition" type="xsd:date"/>
      <xsd:element name="endDateRecognition" type="xsd:date" minOccurs="0"/>
    </xsd:sequence>
  </xsd:complexType>
  <xsd:complexType name="HandicapRecognitionDetailsType">
    <xsd:sequence>
      <xsd:element name="lowerLimbs50p" type="xsd:boolean"/>
      <xsd:element name="fullBlindness" type="xsd:boolean"/>
      <xsd:element name="upperLimbsAmputated" type="xsd:boolean"/>
      <xsd:element name="upperLimbsParalyzed" type="xsd:boolean"/>
    </xsd:sequence>
  </xsd:complexType>
  <xsd:complexType name="ResultRecognitionChildType">
    <xsd:sequence>
      <xsd:element name="inabilityFollowCourse" type="xsd:boolean" minOccurs="0"/>
      <xsd:element name="pillars" type="tns:PillarsType" minOccurs="0"/>
      <xsd:element name="childPathology" type="xsd:boolean" minOccurs="0"/>
    </xsd:sequence>
  </xsd:complexType>
  <xsd:complexType name="PillarsType">
    <xsd:sequence>
      <xsd:element name="pillar1" minOccurs="0">
        <xsd:simpleType>
          <xsd:restriction base="xsd:int">
            <xsd:minInclusive value="0"/>
            <xsd:maxInclusive value="6"/>
          </xsd:restriction>
        </xsd:simpleType>
      </xsd:element>
      <xsd:element name="pillar2" minOccurs="0">
        <xsd:simpleType>
          <xsd:restriction base="xsd:int">
            <xsd:minInclusive value="0"/>
            <xsd:maxInclusive value="12"/>
          </xsd:restriction>
        </xsd:simpleType>
      </xsd:element>
      <xsd:element name="pillar3" minOccurs="0">
        <xsd:simpleType>
          <xsd:restriction base="xsd:int">
            <xsd:minInclusive value="0"/>
            <xsd:maxInclusive value="18"/>
          </xsd:restriction>
        </xsd:simpleType>
      </xsd:element>
      <xsd:element name="pillarsTotal" minOccurs="0">
        <xsd:simpleType>
          <xsd:restriction base="xsd:int">
            <xsd:minInclusive value="0"/>
            <xsd:maxInclusive value="36"/>
          </xsd:restriction>
        </xsd:simpleType>
      </xsd:element>
    </xsd:sequence>
  </xsd:complexType>
  <xsd:complexType name="ResultRecognitionAdultType">
    <xsd:sequence>
      <xsd:element name="diminuationIndependence">
        <xsd:complexType>
          <xsd:sequence>
            <xsd:element name="mobility" type="tns:Int0_3Type" minOccurs="0"/>
            <xsd:element name="nourishment" type="tns:Int0_3Type" minOccurs="0"/>
            <xsd:element name="hygiene" type="tns:Int0_3Type" minOccurs="0"/>
            <xsd:element name="household" type="tns:Int0_3Type" minOccurs="0"/>
            <xsd:element name="supervision" type="tns:Int0_3Type" minOccurs="0"/>
            <xsd:element name="socialSkills" type="tns:Int0_3Type" minOccurs="0"/>
            <xsd:element name="totalPoints" minOccurs="0">
              <xsd:simpleType>
                <xsd:restriction base="xsd:int">
                  <xsd:minInclusive value="0"/>
                  <xsd:maxInclusive value="18"/>
                </xsd:restriction>
              </xsd:simpleType>
            </xsd:element>
          </xsd:sequence>
        </xsd:complexType>
      </xsd:element>
      <xsd:element name="diminuationEarnings" type="xsd:boolean" minOccurs="0"/>
      <xsd:element name="unsuitability" minOccurs="0">
        <xsd:complexType>
          <xsd:sequence>
            <xsd:element name="mentalUnsuitability" type="tns:Percentage" minOccurs="0"/>
            <xsd:element name="physicalUnsuitability" type="tns:Percentage" minOccurs="0"/>
          </xsd:sequence>
        </xsd:complexType>
      </xsd:element>
    </xsd:sequence>
  </xsd:complexType>
  <!--Types for the rights-->
  <xsd:complexType name="RightsType">
    <xsd:sequence>
      <xsd:element name="period" type="tns:OpenPeriodType"/>
      <xsd:element name="legislation">
        <xsd:simpleType>
          <xsd:restriction base="xsd:int">
            <xsd:minInclusive value="3"/>
            <xsd:maxInclusive value="9"/>
          </xsd:restriction>
        </xsd:simpleType>
      </xsd:element>
      <xsd:element name="totalMonthAmount" type="tns:MoneyAmountType"/>
      <xsd:element name="monthAmount" type="tns:MoneyAmountType"/>
      <xsd:element name="categoryIVT" type="tns:CategoryIVTType"/>
      <xsd:element name="categoryIT">
        <xsd:simpleType>
          <xsd:restriction base="xsd:int">
            <xsd:minInclusive value="0"/>
            <xsd:maxInclusive value="5"/>
          </xsd:restriction>
        </xsd:simpleType>
      </xsd:element>
      <xsd:element name="partnerIncome" type="xsd:boolean"/>
    </xsd:sequence>
  </xsd:complexType>
  <!--Type for the cards-->
  <xsd:complexType name="SocialCardsType">
    <xsd:sequence>
      <xsd:element name="socialCard" type="tns:SocialCardType" maxOccurs="2"/>
    </xsd:sequence>
  </xsd:complexType>
  <xsd:complexType name="SocialCardType">
    <xsd:sequence>
      <xsd:element name="deliveryDate" type="xsd:date"/>
      <xsd:element name="endDate" type="xsd:date" minOccurs="0"/>
      <xsd:element name="cardNumber">
        <xsd:simpleType>
          <xsd:restriction base="xsd:string">
            <xsd:pattern value="[0-9]{10}"/>
          </xsd:restriction>
        </xsd:simpleType>
      </xsd:element>
      <xsd:element name="cardCategory" type="tns:CardCategoryType"/>
    </xsd:sequence>
  </xsd:complexType>
  <!--Type for the payments-->
  <xsd:complexType name="PaymentsType">
    <xsd:sequence>
      <xsd:element name="payment" type="tns:PaymentType" maxOccurs="24"/>
    </xsd:sequence>
  </xsd:complexType>
  <xsd:complexType name="PaymentType">
    <xsd:sequence>
      <xsd:element name="yearMonth" type="xsd:gYearMonth"/>
      <xsd:element name="amount" type="tns:MoneyAmountType"/>
      <xsd:element name="cancelledPayment" type="xsd:boolean"/>
    </xsd:sequence>
  </xsd:complexType>
  <!--Simple Types-->
  <xsd:simpleType name="CardCategoryType">
    <xsd:restriction base="xsd:string">
      <xsd:enumeration value="PARKINGCARD"/>
      <xsd:enumeration value="REDUCTIONCARD"/>
    </xsd:restriction>
  </xsd:simpleType>
  <xsd:simpleType name="CategoryIVTType">
    <xsd:restriction base="xsd:string">
      <xsd:enumeration value="A"/>
      <xsd:enumeration value="B"/>
      <xsd:enumeration value="C"/>
      <xsd:enumeration value="-"/>
    </xsd:restriction>
  </xsd:simpleType>
  <xsd:simpleType name="Int0_3Type">
    <xsd:restriction base="xsd:int">
      <xsd:minInclusive value="0"/>
      <xsd:maxInclusive value="3"/>
    </xsd:restriction>
  </xsd:simpleType>
  <xsd:simpleType name="Percentage">
    <xsd:annotation>
      <xsd:documentation>A percentage number (from 0 to 100)</xsd:documentation>
    </xsd:annotation>
    <xsd:restriction base="xsd:decimal">
      <xsd:minInclusive value="0"/>
      <xsd:maxInclusive value="100"/>
    </xsd:restriction>
  </xsd:simpleType>
  <xsd:simpleType name="MoneyAmountType">
    <xsd:annotation>
      <xsd:documentation>An amount of money (max 999999999.99, with 2 decimals)</xsd:documentation>
    </xsd:annotation>
    <xsd:restriction base="xsd:decimal">
      <xsd:fractionDigits value="2"/>
      <xsd:totalDigits value="9"/>
    </xsd:restriction>
  </xsd:simpleType>
  <xsd:complexType name="OpenPeriodType">
    <xsd:annotation>
      <xsd:documentation>Period containining a begin date and an optional end date.</xsd:documentation>
    </xsd:annotation>
    <xsd:sequence>
      <xsd:element name="beginDate" type="xsd:date"/>
      <xsd:element name="endDate" type="xsd:date" minOccurs="0"/>
    </xsd:sequence>
  </xsd:complexType>
</xsd:schema>]]></con:content><con:type>http://www.w3.org/2001/XMLSchema</con:type></con:part><con:part><con:url>file:/home/ebarbieux/Dev/fidus/handiservice/HandiServiceGateway/src/main/resources/wsdl/handiService/2.0.0/handi/be/vlaamsesocialebescherming/types/Handi/common/VSBHandiCommonV1.xsd</con:url><con:content><![CDATA[<!--========================================================================
	 * Owner :					KSZ / CBSS
	 * Creation date :		09/01/2017
	 * Description :			VSBHandiCommonTypesV1
	 * Revision History :-->
<xsd:schema targetNamespace="http://www.vlaamsesocialebescherming.be/types/Handi/common/v1" elementFormDefault="unqualified" attributeFormDefault="unqualified" version="2017-01-09" xmlns:tns="http://www.vlaamsesocialebescherming.be/types/Handi/common/v1" xmlns:xsd="http://www.w3.org/2001/XMLSchema" xmlns:commonvzf="http://www.vlaamsesocialebescherming.be/types/Handi/common/v1">
  <xsd:complexType name="FileType">
    <xsd:sequence>
      <xsd:element name="evolutionOfRequest" type="tns:EvolutionOfRequestType" minOccurs="0"/>
      <xsd:element name="rights" type="tns:RightsType" minOccurs="0"/>
    </xsd:sequence>
  </xsd:complexType>
  <!--Types for the evolution of the request-->
  <xsd:complexType name="EvolutionOfRequestType">
    <xsd:sequence>
      <xsd:element name="legislation">
        <xsd:simpleType>
          <xsd:restriction base="xsd:int">
            <xsd:minInclusive value="0"/>
            <xsd:maxInclusive value="20"/>
          </xsd:restriction>
        </xsd:simpleType>
      </xsd:element>
      <xsd:element name="requestDate" type="xsd:date" minOccurs="0"/>
      <xsd:element name="administrativePendingRequest" type="xsd:boolean"/>
      <xsd:element name="fileCompletionDate" type="xsd:date" minOccurs="0"/>
      <xsd:element name="appeal" type="xsd:boolean"/>
    </xsd:sequence>
  </xsd:complexType>
  <!--Types for the rights-->
  <xsd:complexType name="RightsType">
    <xsd:sequence>
      <xsd:element name="period" type="tns:OpenPeriodType"/>
      <xsd:element name="legislation">
        <xsd:simpleType>
          <xsd:restriction base="xsd:int">
            <xsd:minInclusive value="3"/>
            <xsd:maxInclusive value="9"/>
          </xsd:restriction>
        </xsd:simpleType>
      </xsd:element>
      <xsd:element name="totalMonthAmount" type="tns:MoneyAmountType"/>
    </xsd:sequence>
  </xsd:complexType>
  <!--Type for the payments-->
  <xsd:complexType name="PaymentsType">
    <xsd:sequence>
      <xsd:element name="payment" type="tns:PaymentType" maxOccurs="24"/>
    </xsd:sequence>
  </xsd:complexType>
  <xsd:complexType name="PaymentType">
    <xsd:sequence>
      <xsd:element name="yearMonth" type="xsd:gYearMonth"/>
      <xsd:element name="amount" type="tns:MoneyAmountType"/>
      <xsd:element name="cancelledPayment" type="xsd:boolean"/>
    </xsd:sequence>
  </xsd:complexType>
  <xsd:simpleType name="MoneyAmountType">
    <xsd:annotation>
      <xsd:documentation>An amount of money (max 999999999.99, with 2 decimals)</xsd:documentation>
    </xsd:annotation>
    <xsd:restriction base="xsd:decimal">
      <xsd:fractionDigits value="2"/>
      <xsd:totalDigits value="9"/>
    </xsd:restriction>
  </xsd:simpleType>
  <xsd:complexType name="OpenPeriodType">
    <xsd:annotation>
      <xsd:documentation>Period containining a begin date and an optional end date.</xsd:documentation>
    </xsd:annotation>
    <xsd:sequence>
      <xsd:element name="beginDate" type="xsd:date"/>
      <xsd:element name="endDate" type="xsd:date" minOccurs="0"/>
    </xsd:sequence>
  </xsd:complexType>
</xsd:schema>]]></con:content><con:type>http://www.w3.org/2001/XMLSchema</con:type></con:part></con:definitionCache><con:endpoints>
      <con:endpoint>http://fidus.brussels/services/handiservice/v1</con:endpoint>
    <con:endpoint>http://fidus.brussels/services/handiservice/v2</con:endpoint></con:endpoints>
    <con:operation isOneWay="false" action="http://fidus.brussels/services/handiservice/consultFilesByDate" name="consultFilesByDate" bindingOperationName="consultFilesByDate" type="Request-Response" inputName="" receivesAttachments="false" sendsAttachments="false" anonymous="optional" id="7d9557bf-f666-43f9-8056-fdf3b2f96ea7">
      <con:settings/>
      <con:call name="1 - Local - Request" outgoingWss="Outflow DEV" incomingWss="Inflow DEV" id="955a1097-c542-4c09-a6f2-483fc6f3a196">
        <con:settings>
          <con:setting id="com.eviware.soapui.impl.wsdl.WsdlRequest@request-headers">&lt;xml-fragment/></con:setting>
        </con:settings>
        <con:encoding>UTF-8</con:encoding>
        <con:endpoint>https://localhost:8243/services/HandiService_v2.0</con:endpoint>
        <con:request><![CDATA[<soapenv:Envelope xmlns:soapenv="http://schemas.xmlsoap.org/soap/envelope/" xmlns:v2="http://fidus.brussels/service/handiservice/messages/v2" xmlns:v1="http://fidus.brussels/service/handiservice/messages/v1" xmlns:v11="http://fidus.brussels/type/common/messages/v1">
   <soapenv:Header/>
   <soapenv:Body>
      <v2:consultFilesByDateRequest>
         <v2:messageContext>
            <v11:messageId>${=import static java.util.UUID.randomUUID; uuid = randomUUID() as String}</v11:messageId>
         </v2:messageContext>
         <v2:legalContext>ServiceIntegrator</v2:legalContext>
         <v2:request>
            <v2:personNumber>12003001507</v2:personNumber>
            <v2:referenceDate>2015-01-01</v2:referenceDate>
         </v2:request>
      </v2:consultFilesByDateRequest>
   </soapenv:Body>
</soapenv:Envelope>]]></con:request>
        <con:credentials>
          <con:selectedAuthProfile>Basic</con:selectedAuthProfile>
          <con:addedBasicAuthenticationTypes>Basic</con:addedBasicAuthenticationTypes>
          <con:authType>Global HTTP Settings</con:authType>
        </con:credentials>
        <con:jmsConfig JMSDeliveryMode="PERSISTENT"/>
        <con:jmsPropertyConfig/>
        <con:wsaConfig mustUnderstand="NONE" version="200508" action="http://fidus.brussels/services/handiservice/getHandiService"/>
        <con:wsrmConfig version="1.2"/>
      </con:call>
      <con:call name="2 - Dev - Request" outgoingWss="Outflow DEV" incomingWss="Inflow DEV" id="bea36874-6439-4a5a-9838-89db8f3645db">
        <con:settings>
          <con:setting id="com.eviware.soapui.impl.wsdl.WsdlRequest@request-headers">&lt;xml-fragment/></con:setting>
        </con:settings>
        <con:encoding>UTF-8</con:encoding>
        <con:endpoint>https://192.168.36.61:8243/services/HandiService_v2.0</con:endpoint>
        <con:request><![CDATA[<soapenv:Envelope xmlns:soapenv="http://schemas.xmlsoap.org/soap/envelope/" xmlns:v2="http://fidus.brussels/service/handiservice/messages/v2" xmlns:v1="http://fidus.brussels/service/handiservice/messages/v1" xmlns:v11="http://fidus.brussels/type/common/messages/v1">
   <soapenv:Header/>
   <soapenv:Body>
      <v2:consultFilesByDateRequest>
         <v2:messageContext>
            <v11:messageId>${=import static java.util.UUID.randomUUID; uuid = randomUUID() as String}</v11:messageId>
         </v2:messageContext>
         <v2:legalContext>ServiceIntegrator</v2:legalContext>
         <v2:request>
            <v2:personNumber>12003001507</v2:personNumber>
            <v2:referenceDate>2015-01-01</v2:referenceDate>
         </v2:request>
      </v2:consultFilesByDateRequest>
   </soapenv:Body>
</soapenv:Envelope>]]></con:request>
        <con:credentials>
          <con:selectedAuthProfile>Basic</con:selectedAuthProfile>
          <con:addedBasicAuthenticationTypes>Basic</con:addedBasicAuthenticationTypes>
          <con:authType>Global HTTP Settings</con:authType>
        </con:credentials>
        <con:jmsConfig JMSDeliveryMode="PERSISTENT"/>
        <con:jmsPropertyConfig/>
        <con:wsaConfig mustUnderstand="NONE" version="200508" action="http://fidus.brussels/services/handiservice/getHandiService"/>
        <con:wsrmConfig version="1.2"/>
      </con:call>
      <con:call name="3 - Test - External - Request" outgoingWss="Outflow TEST" incomingWss="Inflow TEST" id="e1e794f5-01e4-47c0-9f2f-714892f44100">
        <con:settings>
          <con:setting id="com.eviware.soapui.impl.wsdl.WsdlRequest@request-headers">&lt;xml-fragment/></con:setting>
        </con:settings>
        <con:encoding>UTF-8</con:encoding>
        <con:endpoint>https://fidus-test.irisnetlab.be/services/HandiService_v2.0</con:endpoint>
        <con:request><![CDATA[<soapenv:Envelope xmlns:soapenv="http://schemas.xmlsoap.org/soap/envelope/" xmlns:v2="http://fidus.brussels/service/handiservice/messages/v2" xmlns:v1="http://fidus.brussels/service/handiservice/messages/v1" xmlns:v11="http://fidus.brussels/type/common/messages/v1">
   <soapenv:Header/>
   <soapenv:Body>
      <v2:consultFilesByDateRequest>
         <v2:messageContext>
            <v11:messageId>${=import static java.util.UUID.randomUUID; uuid = randomUUID() as String}</v11:messageId>
            <v11:timestamp>${=new java.text.SimpleDateFormat("yyyy-MM-dd'T'HH:mm:ss.SSS").format(new Date())}</v11:timestamp>
         </v2:messageContext>
         <v2:legalContext>ServiceIntegrator</v2:legalContext>
         <v2:request>
            <v2:personNumber>39091700873</v2:personNumber>
            <v2:referenceDate>2015-01-01</v2:referenceDate>
         </v2:request>
      </v2:consultFilesByDateRequest>
   </soapenv:Body>
</soapenv:Envelope>]]></con:request>
        <con:credentials>
          <con:selectedAuthProfile>Basic</con:selectedAuthProfile>
          <con:addedBasicAuthenticationTypes>Basic</con:addedBasicAuthenticationTypes>
          <con:authType>Global HTTP Settings</con:authType>
        </con:credentials>
        <con:jmsConfig JMSDeliveryMode="PERSISTENT"/>
        <con:jmsPropertyConfig/>
        <con:wsaConfig mustUnderstand="NONE" version="200508" action="http://fidus.brussels/services/handiservice/getHandiService"/>
        <con:wsrmConfig version="1.2"/>
      </con:call>
      <con:call name="3 - Test - LB - Request" outgoingWss="Outflow TEST" incomingWss="Inflow TEST" id="ef68c27a-1707-4d12-a4ed-30e02ba50e1a">
        <con:settings>
          <con:setting id="com.eviware.soapui.impl.wsdl.WsdlRequest@request-headers">&lt;xml-fragment/></con:setting>
        </con:settings>
        <con:encoding>UTF-8</con:encoding>
        <con:endpoint>https://esb-security-gw.sta.srv.cirb.lan:8443/services/HandiService_v2.0</con:endpoint>
        <con:request><![CDATA[<soapenv:Envelope xmlns:soapenv="http://schemas.xmlsoap.org/soap/envelope/" xmlns:v2="http://fidus.brussels/service/handiservice/messages/v2" xmlns:v1="http://fidus.brussels/service/handiservice/messages/v1" xmlns:v11="http://fidus.brussels/type/common/messages/v1">
   <soapenv:Header/>
   <soapenv:Body>
      <v2:consultFilesByDateRequest>
         <v2:messageContext>
            <v11:messageId>${=import static java.util.UUID.randomUUID; uuid = randomUUID() as String}</v11:messageId>
            <v11:timestamp>${=new java.text.SimpleDateFormat("yyyy-MM-dd'T'HH:mm:ss.SSS").format(new Date())}</v11:timestamp>
         </v2:messageContext>
         <v2:legalContext>ServiceIntegrator</v2:legalContext>
         <v2:request>
            <v2:personNumber>26091621808</v2:personNumber>
            <v2:referenceDate>2015-01-01</v2:referenceDate>
         </v2:request>
      </v2:consultFilesByDateRequest>
   </soapenv:Body>
</soapenv:Envelope>]]></con:request>
        <con:credentials>
          <con:selectedAuthProfile>Basic</con:selectedAuthProfile>
          <con:addedBasicAuthenticationTypes>Basic</con:addedBasicAuthenticationTypes>
          <con:authType>Global HTTP Settings</con:authType>
        </con:credentials>
        <con:jmsConfig JMSDeliveryMode="PERSISTENT"/>
        <con:jmsPropertyConfig/>
        <con:wsaConfig mustUnderstand="NONE" version="200508" action="http://fidus.brussels/services/handiservice/getHandiService"/>
        <con:wsrmConfig version="1.2"/>
      </con:call>
      <con:call name="3 - Test - Worker1 - Request" outgoingWss="Outflow TEST" incomingWss="Inflow TEST" id="f75bb84f-311a-44c0-8f7e-0ab0eefc5f92">
        <con:settings>
          <con:setting id="com.eviware.soapui.impl.wsdl.WsdlRequest@request-headers">&lt;xml-fragment/></con:setting>
        </con:settings>
        <con:encoding>UTF-8</con:encoding>
        <con:endpoint>https://192.168.22.53:8443/services/HandiService_v2.0</con:endpoint>
        <con:request><![CDATA[<soapenv:Envelope xmlns:soapenv="http://schemas.xmlsoap.org/soap/envelope/" xmlns:v2="http://fidus.brussels/service/handiservice/messages/v2" xmlns:v1="http://fidus.brussels/service/handiservice/messages/v1" xmlns:v11="http://fidus.brussels/type/common/messages/v1">
   <soapenv:Header/>
   <soapenv:Body>
      <v2:consultFilesByDateRequest>
         <v2:messageContext>
            <v11:messageId>${=import static java.util.UUID.randomUUID; uuid = randomUUID() as String}</v11:messageId>
            <v11:timestamp>${=new java.text.SimpleDateFormat("yyyy-MM-dd'T'HH:mm:ss.SSS").format(new Date())}</v11:timestamp>
         </v2:messageContext>
         <v2:legalContext>ServiceIntegrator</v2:legalContext>
         <v2:request>
            <v2:personNumber>26091621808</v2:personNumber>
            <v2:referenceDate>2015-01-01</v2:referenceDate>
         </v2:request>
      </v2:consultFilesByDateRequest>
   </soapenv:Body>
</soapenv:Envelope>]]></con:request>
        <con:credentials>
          <con:selectedAuthProfile>Basic</con:selectedAuthProfile>
          <con:addedBasicAuthenticationTypes>Basic</con:addedBasicAuthenticationTypes>
          <con:authType>Global HTTP Settings</con:authType>
        </con:credentials>
        <con:jmsConfig JMSDeliveryMode="PERSISTENT"/>
        <con:jmsPropertyConfig/>
        <con:wsaConfig mustUnderstand="NONE" version="200508" action="http://fidus.brussels/services/handiservice/getHandiService"/>
        <con:wsrmConfig version="1.2"/>
      </con:call>
      <con:call name="3 - Test - Worker2 - Request" outgoingWss="Outflow TEST" incomingWss="Inflow TEST" id="357b48f1-31ec-44e0-9d5e-55819804db8c">
        <con:settings>
          <con:setting id="com.eviware.soapui.impl.wsdl.WsdlRequest@request-headers">&lt;xml-fragment/></con:setting>
        </con:settings>
        <con:encoding>UTF-8</con:encoding>
        <con:endpoint>https://192.168.22.54:8443/services/HandiService_v2.0</con:endpoint>
        <con:request><![CDATA[<soapenv:Envelope xmlns:soapenv="http://schemas.xmlsoap.org/soap/envelope/" xmlns:v2="http://fidus.brussels/service/handiservice/messages/v2" xmlns:v1="http://fidus.brussels/service/handiservice/messages/v1" xmlns:v11="http://fidus.brussels/type/common/messages/v1">
   <soapenv:Header/>
   <soapenv:Body>
      <v2:consultFilesByDateRequest>
         <v2:messageContext>
            <v11:messageId>${=import static java.util.UUID.randomUUID; uuid = randomUUID() as String}</v11:messageId>
            <v11:timestamp>${=new java.text.SimpleDateFormat("yyyy-MM-dd'T'HH:mm:ss.SSS").format(new Date())}</v11:timestamp>
         </v2:messageContext>
         <v2:legalContext>ServiceIntegrator</v2:legalContext>
         <v2:request>
            <v2:personNumber>26091621808</v2:personNumber>
            <v2:referenceDate>2015-01-01</v2:referenceDate>
         </v2:request>
      </v2:consultFilesByDateRequest>
   </soapenv:Body>
</soapenv:Envelope>]]></con:request>
        <con:credentials>
          <con:selectedAuthProfile>Basic</con:selectedAuthProfile>
          <con:addedBasicAuthenticationTypes>Basic</con:addedBasicAuthenticationTypes>
          <con:authType>Global HTTP Settings</con:authType>
        </con:credentials>
        <con:jmsConfig JMSDeliveryMode="PERSISTENT"/>
        <con:jmsPropertyConfig/>
        <con:wsaConfig mustUnderstand="NONE" version="200508" action="http://fidus.brussels/services/handiservice/getHandiService"/>
        <con:wsrmConfig version="1.2"/>
      </con:call>
      <con:call name="4 - Staging - External - Request" outgoingWss="Outflow STAG" incomingWss="Inflow STAG" id="be702c79-e372-41c3-921c-109800bbc9a7">
        <con:settings>
          <con:setting id="com.eviware.soapui.impl.wsdl.WsdlRequest@request-headers">&lt;xml-fragment/></con:setting>
        </con:settings>
        <con:encoding>UTF-8</con:encoding>
        <con:endpoint>https://fidus.irisnetlab.be/services/HandiService_v2.0</con:endpoint>
        <con:request><![CDATA[<soapenv:Envelope xmlns:soapenv="http://schemas.xmlsoap.org/soap/envelope/" xmlns:v2="http://fidus.brussels/service/handiservice/messages/v2" xmlns:v1="http://fidus.brussels/service/handiservice/messages/v1" xmlns:v11="http://fidus.brussels/type/common/messages/v1">
   <soapenv:Header/>
   <soapenv:Body>
      <v2:consultFilesByDateRequest>
         <v2:messageContext>
            <v11:messageId>${=import static java.util.UUID.randomUUID; uuid = randomUUID() as String}</v11:messageId>
            <v11:timestamp>${=new java.text.SimpleDateFormat("yyyy-MM-dd'T'HH:mm:ss.SSS").format(new Date())}</v11:timestamp>
         </v2:messageContext>
         <v2:legalContext>ServiceIntegrator</v2:legalContext>
         <v2:request>
            <v2:personNumber>26091621808</v2:personNumber>
            <v2:referenceDate>2015-01-01</v2:referenceDate>
         </v2:request>
      </v2:consultFilesByDateRequest>
   </soapenv:Body>
</soapenv:Envelope>]]></con:request>
        <con:credentials>
          <con:selectedAuthProfile>Basic</con:selectedAuthProfile>
          <con:addedBasicAuthenticationTypes>Basic</con:addedBasicAuthenticationTypes>
          <con:authType>Global HTTP Settings</con:authType>
        </con:credentials>
        <con:jmsConfig JMSDeliveryMode="PERSISTENT"/>
        <con:jmsPropertyConfig/>
        <con:wsaConfig mustUnderstand="NONE" version="200508" action="http://fidus.brussels/services/handiservice/getHandiService"/>
        <con:wsrmConfig version="1.2"/>
      </con:call>
      <con:call name="4 - Staging - LB - Request" outgoingWss="Outflow STAG" incomingWss="Inflow STAG" id="5255d5dd-98a8-4336-8b31-fda2ce593e19">
        <con:settings>
          <con:setting id="com.eviware.soapui.impl.wsdl.WsdlRequest@request-headers">&lt;xml-fragment/></con:setting>
        </con:settings>
        <con:encoding>UTF-8</con:encoding>
        <con:endpoint>https://fidus-esb-sg.sta.srv.cirb.lan:8443/services/HandiService_v2.0</con:endpoint>
        <con:request><![CDATA[<soapenv:Envelope xmlns:soapenv="http://schemas.xmlsoap.org/soap/envelope/" xmlns:v2="http://fidus.brussels/service/handiservice/messages/v2" xmlns:v1="http://fidus.brussels/service/handiservice/messages/v1" xmlns:v11="http://fidus.brussels/type/common/messages/v1">
   <soapenv:Header/>
   <soapenv:Body>
      <v2:consultFilesByDateRequest>
         <v2:messageContext>
            <v11:messageId>${=import static java.util.UUID.randomUUID; uuid = randomUUID() as String}</v11:messageId>
            <v11:timestamp>${=new java.text.SimpleDateFormat("yyyy-MM-dd'T'HH:mm:ss.SSS").format(new Date())}</v11:timestamp>
         </v2:messageContext>
         <v2:legalContext>ServiceIntegrator</v2:legalContext>
         <v2:request>
            <v2:personNumber>26091621808</v2:personNumber>
            <v2:referenceDate>2015-01-01</v2:referenceDate>
         </v2:request>
      </v2:consultFilesByDateRequest>
   </soapenv:Body>
</soapenv:Envelope>]]></con:request>
        <con:credentials>
          <con:selectedAuthProfile>Basic</con:selectedAuthProfile>
          <con:addedBasicAuthenticationTypes>Basic</con:addedBasicAuthenticationTypes>
          <con:authType>Global HTTP Settings</con:authType>
        </con:credentials>
        <con:jmsConfig JMSDeliveryMode="PERSISTENT"/>
        <con:jmsPropertyConfig/>
        <con:wsaConfig mustUnderstand="NONE" version="200508" action="http://fidus.brussels/services/handiservice/getHandiService"/>
        <con:wsrmConfig version="1.2"/>
      </con:call>
      <con:call name="4 - Staging - Worker1 - Request" outgoingWss="Outflow STAG" incomingWss="Inflow STAG" id="32e0241c-bd5d-40a3-b42a-0e8e53bbd22a">
        <con:settings>
          <con:setting id="com.eviware.soapui.impl.wsdl.WsdlRequest@request-headers">&lt;xml-fragment/></con:setting>
        </con:settings>
        <con:encoding>UTF-8</con:encoding>
        <con:endpoint>https://192.168.24.16:8443/services/HandiService_v2.0</con:endpoint>
        <con:request><![CDATA[<soapenv:Envelope xmlns:soapenv="http://schemas.xmlsoap.org/soap/envelope/" xmlns:v2="http://fidus.brussels/service/handiservice/messages/v2" xmlns:v1="http://fidus.brussels/service/handiservice/messages/v1" xmlns:v11="http://fidus.brussels/type/common/messages/v1">
   <soapenv:Header/>
   <soapenv:Body>
      <v2:consultFilesByDateRequest>
         <v2:messageContext>
            <v11:messageId>${=import static java.util.UUID.randomUUID; uuid = randomUUID() as String}</v11:messageId>
            <v11:timestamp>${=new java.text.SimpleDateFormat("yyyy-MM-dd'T'HH:mm:ss.SSS").format(new Date())}</v11:timestamp>
         </v2:messageContext>
         <v2:legalContext>ServiceIntegrator</v2:legalContext>
         <v2:request>
            <v2:personNumber>26091621808</v2:personNumber>
            <v2:referenceDate>2015-01-01</v2:referenceDate>
         </v2:request>
      </v2:consultFilesByDateRequest>
   </soapenv:Body>
</soapenv:Envelope>]]></con:request>
        <con:credentials>
          <con:selectedAuthProfile>Basic</con:selectedAuthProfile>
          <con:addedBasicAuthenticationTypes>Basic</con:addedBasicAuthenticationTypes>
          <con:authType>Global HTTP Settings</con:authType>
        </con:credentials>
        <con:jmsConfig JMSDeliveryMode="PERSISTENT"/>
        <con:jmsPropertyConfig/>
        <con:wsaConfig mustUnderstand="NONE" version="200508" action="http://fidus.brussels/services/handiservice/getHandiService"/>
        <con:wsrmConfig version="1.2"/>
      </con:call>
      <con:call name="4 - Staging - Worker2 - Request" incomingWss="Inflow STAG" outgoingWss="Outflow STAG" id="adad0654-94ad-4df3-80ad-f83df1414637">
        <con:settings>
          <con:setting id="com.eviware.soapui.impl.wsdl.WsdlRequest@request-headers">&lt;xml-fragment/></con:setting>
        </con:settings>
        <con:encoding>UTF-8</con:encoding>
        <con:endpoint>https://192.168.24.17:8443/services/HandiService_v2.0</con:endpoint>
        <con:request><![CDATA[<soapenv:Envelope xmlns:soapenv="http://schemas.xmlsoap.org/soap/envelope/" xmlns:v2="http://fidus.brussels/service/handiservice/messages/v2" xmlns:v1="http://fidus.brussels/service/handiservice/messages/v1" xmlns:v11="http://fidus.brussels/type/common/messages/v1">
   <soapenv:Header/>
   <soapenv:Body>
      <v2:consultFilesByDateRequest>
         <v2:messageContext>
            <v11:messageId>${=import static java.util.UUID.randomUUID; uuid = randomUUID() as String}</v11:messageId>
            <v11:timestamp>${=new java.text.SimpleDateFormat("yyyy-MM-dd'T'HH:mm:ss.SSS").format(new Date())}</v11:timestamp>
         </v2:messageContext>
         <v2:legalContext>ServiceIntegrator</v2:legalContext>
         <v2:request>
            <v2:personNumber>26091621808</v2:personNumber>
            <v2:referenceDate>2015-01-01</v2:referenceDate>
         </v2:request>
      </v2:consultFilesByDateRequest>
   </soapenv:Body>
</soapenv:Envelope>]]></con:request>
        <con:credentials>
          <con:selectedAuthProfile>Basic</con:selectedAuthProfile>
          <con:addedBasicAuthenticationTypes>Basic</con:addedBasicAuthenticationTypes>
          <con:authType>Global HTTP Settings</con:authType>
        </con:credentials>
        <con:jmsConfig JMSDeliveryMode="PERSISTENT"/>
        <con:jmsPropertyConfig/>
        <con:wsaConfig mustUnderstand="NONE" version="200508" action="http://fidus.brussels/services/handiservice/getHandiService"/>
        <con:wsrmConfig version="1.2"/>
      </con:call>
      <con:call name="5 - Prod - External - Request" outgoingWss="Outflow PROD" incomingWss="Inflow PROD" id="1adea0fb-209c-46d2-9d9b-9a3e16336ab7">
        <con:settings>
          <con:setting id="com.eviware.soapui.impl.wsdl.WsdlRequest@request-headers">&lt;xml-fragment/></con:setting>
        </con:settings>
        <con:encoding>UTF-8</con:encoding>
        <con:endpoint>https://fidus.sec.brussels/services/HandiService_v2.0</con:endpoint>
        <con:request><![CDATA[<soapenv:Envelope xmlns:soapenv="http://schemas.xmlsoap.org/soap/envelope/" xmlns:v2="http://fidus.brussels/service/handiservice/messages/v2" xmlns:v1="http://fidus.brussels/service/handiservice/messages/v1" xmlns:v11="http://fidus.brussels/type/common/messages/v1">
   <soapenv:Header/>
   <soapenv:Body>
      <v2:consultFilesByDateRequest>
         <v2:messageContext>
            <v11:messageId>${=import static java.util.UUID.randomUUID; uuid = randomUUID() as String}</v11:messageId>
            <v11:timestamp>${=new java.text.SimpleDateFormat("yyyy-MM-dd'T'HH:mm:ss.SSS").format(new Date())}</v11:timestamp>
         </v2:messageContext>
         <v2:legalContext>ServiceIntegrator</v2:legalContext>
         <v2:request>
            <v2:personNumber>26091621808</v2:personNumber>
            <v2:referenceDate>2015-01-01</v2:referenceDate>
         </v2:request>
      </v2:consultFilesByDateRequest>
   </soapenv:Body>
</soapenv:Envelope>]]></con:request>
        <con:credentials>
          <con:selectedAuthProfile>Basic</con:selectedAuthProfile>
          <con:addedBasicAuthenticationTypes>Basic</con:addedBasicAuthenticationTypes>
          <con:authType>Global HTTP Settings</con:authType>
        </con:credentials>
        <con:jmsConfig JMSDeliveryMode="PERSISTENT"/>
        <con:jmsPropertyConfig/>
        <con:wsaConfig mustUnderstand="NONE" version="200508" action="http://fidus.brussels/services/handiservice/getHandiService"/>
        <con:wsrmConfig version="1.2"/>
      </con:call>
      <con:call name="5 - Prod - LB - Request" outgoingWss="Outflow PROD" incomingWss="Inflow PROD" id="7708af39-f102-4906-a778-273345574977">
        <con:settings>
          <con:setting id="com.eviware.soapui.impl.wsdl.WsdlRequest@request-headers">&lt;xml-fragment/></con:setting>
        </con:settings>
        <con:encoding>UTF-8</con:encoding>
        <con:endpoint>https://fidus-esb-sg.prd.srv.cirb.lan:8443/services/HandiService_v2.0</con:endpoint>
        <con:request><![CDATA[<soapenv:Envelope xmlns:soapenv="http://schemas.xmlsoap.org/soap/envelope/" xmlns:v2="http://fidus.brussels/service/handiservice/messages/v2" xmlns:v1="http://fidus.brussels/service/handiservice/messages/v1" xmlns:v11="http://fidus.brussels/type/common/messages/v1">
   <soapenv:Header/>
   <soapenv:Body>
      <v2:consultFilesByDateRequest>
         <v2:messageContext>
            <v11:messageId>${=import static java.util.UUID.randomUUID; uuid = randomUUID() as String}</v11:messageId>
            <v11:timestamp>${=new java.text.SimpleDateFormat("yyyy-MM-dd'T'HH:mm:ss.SSS").format(new Date())}</v11:timestamp>
         </v2:messageContext>
         <v2:legalContext>ServiceIntegrator</v2:legalContext>
         <v2:request>
            <v2:personNumber>26091621808</v2:personNumber>
            <v2:referenceDate>2015-01-01</v2:referenceDate>
         </v2:request>
      </v2:consultFilesByDateRequest>
   </soapenv:Body>
</soapenv:Envelope>]]></con:request>
        <con:credentials>
          <con:selectedAuthProfile>Basic</con:selectedAuthProfile>
          <con:addedBasicAuthenticationTypes>Basic</con:addedBasicAuthenticationTypes>
          <con:authType>Global HTTP Settings</con:authType>
        </con:credentials>
        <con:jmsConfig JMSDeliveryMode="PERSISTENT"/>
        <con:jmsPropertyConfig/>
        <con:wsaConfig mustUnderstand="NONE" version="200508" action="http://fidus.brussels/services/handiservice/getHandiService"/>
        <con:wsrmConfig version="1.2"/>
      </con:call>
      <con:call name="5 - Prod - Worker1 - Request" outgoingWss="Outflow PROD" incomingWss="Inflow PROD" id="1582881a-69f0-44e0-ad84-83967e1388b6">
        <con:settings>
          <con:setting id="com.eviware.soapui.impl.wsdl.WsdlRequest@request-headers">&lt;xml-fragment/></con:setting>
        </con:settings>
        <con:encoding>UTF-8</con:encoding>
        <con:endpoint>https://192.168.26.22:8443/services/HandiService_v2.0</con:endpoint>
        <con:request><![CDATA[<soapenv:Envelope xmlns:soapenv="http://schemas.xmlsoap.org/soap/envelope/" xmlns:v2="http://fidus.brussels/service/handiservice/messages/v2" xmlns:v1="http://fidus.brussels/service/handiservice/messages/v1" xmlns:v11="http://fidus.brussels/type/common/messages/v1">
   <soapenv:Header/>
   <soapenv:Body>
      <v2:consultFilesByDateRequest>
         <v2:messageContext>
            <v11:messageId>${=import static java.util.UUID.randomUUID; uuid = randomUUID() as String}</v11:messageId>
            <v11:timestamp>${=new java.text.SimpleDateFormat("yyyy-MM-dd'T'HH:mm:ss.SSS").format(new Date())}</v11:timestamp>
         </v2:messageContext>
         <v2:legalContext>ServiceIntegrator</v2:legalContext>
         <v2:request>
            <v2:personNumber>26091621808</v2:personNumber>
            <v2:referenceDate>2015-01-01</v2:referenceDate>
         </v2:request>
      </v2:consultFilesByDateRequest>
   </soapenv:Body>
</soapenv:Envelope>]]></con:request>
        <con:credentials>
          <con:selectedAuthProfile>Basic</con:selectedAuthProfile>
          <con:addedBasicAuthenticationTypes>Basic</con:addedBasicAuthenticationTypes>
          <con:authType>Global HTTP Settings</con:authType>
        </con:credentials>
        <con:jmsConfig JMSDeliveryMode="PERSISTENT"/>
        <con:jmsPropertyConfig/>
        <con:wsaConfig mustUnderstand="NONE" version="200508" action="http://fidus.brussels/services/handiservice/getHandiService"/>
        <con:wsrmConfig version="1.2"/>
      </con:call>
      <con:call name="5 - Prod - Worker2 - Request" outgoingWss="Outflow PROD" incomingWss="Inflow PROD" id="d70bbbc7-311f-4eab-8732-f0835d5ef9d0">
        <con:settings>
          <con:setting id="com.eviware.soapui.impl.wsdl.WsdlRequest@request-headers">&lt;xml-fragment/></con:setting>
        </con:settings>
        <con:encoding>UTF-8</con:encoding>
        <con:endpoint>https://192.168.26.19:8443/services/HandiService_v2.0</con:endpoint>
        <con:request><![CDATA[<soapenv:Envelope xmlns:soapenv="http://schemas.xmlsoap.org/soap/envelope/" xmlns:v2="http://fidus.brussels/service/handiservice/messages/v2" xmlns:v1="http://fidus.brussels/service/handiservice/messages/v1" xmlns:v11="http://fidus.brussels/type/common/messages/v1">
   <soapenv:Header/>
   <soapenv:Body>
      <v2:consultFilesByDateRequest>
         <v2:messageContext>
            <v11:messageId>${=import static java.util.UUID.randomUUID; uuid = randomUUID() as String}</v11:messageId>
            <v11:timestamp>${=new java.text.SimpleDateFormat("yyyy-MM-dd'T'HH:mm:ss.SSS").format(new Date())}</v11:timestamp>
         </v2:messageContext>
         <v2:legalContext>ServiceIntegrator</v2:legalContext>
         <v2:request>
            <v2:personNumber>26091621808</v2:personNumber>
            <v2:referenceDate>2015-01-01</v2:referenceDate>
         </v2:request>
      </v2:consultFilesByDateRequest>
   </soapenv:Body>
</soapenv:Envelope>]]></con:request>
        <con:credentials>
          <con:selectedAuthProfile>Basic</con:selectedAuthProfile>
          <con:addedBasicAuthenticationTypes>Basic</con:addedBasicAuthenticationTypes>
          <con:authType>Global HTTP Settings</con:authType>
        </con:credentials>
        <con:jmsConfig JMSDeliveryMode="PERSISTENT"/>
        <con:jmsPropertyConfig/>
        <con:wsaConfig mustUnderstand="NONE" version="200508" action="http://fidus.brussels/services/handiservice/getHandiService"/>
        <con:wsrmConfig version="1.2"/>
      </con:call>
    </con:operation>
  <con:operation id="30a73102-749d-47ce-a9e5-974e1683bbe2" isOneWay="false" action="http://fidus.brussels/services/handiservice/consultPayments" name="consultPayments" bindingOperationName="consultPayments" type="Request-Response" inputName="" receivesAttachments="false" sendsAttachments="false" anonymous="optional"><con:settings/><con:call id="f558300d-92f9-46d3-8190-c5f7a527f0e9" name="1 - Local - Request" outgoingWss="Outflow DEV" incomingWss="Inflow DEV"><con:settings><con:setting id="com.eviware.soapui.impl.wsdl.WsdlRequest@request-headers">&lt;xml-fragment/></con:setting></con:settings><con:encoding>UTF-8</con:encoding><con:endpoint>https://localhost:8243/services/HandiService_v2.0</con:endpoint><con:request><![CDATA[<soapenv:Envelope xmlns:soapenv="http://schemas.xmlsoap.org/soap/envelope/" xmlns:v2="http://fidus.brussels/service/handiservice/messages/v2" xmlns:v1="http://fidus.brussels/type/common/messages/v1">
   <soapenv:Header/>
   <soapenv:Body>
      <v2:consultPaymentsRequest>
         <v2:messageContext>
            <v1:messageId>${=import static java.util.UUID.randomUUID; uuid = randomUUID() as String}</v1:messageId>
         </v2:messageContext>
         <v2:legalContext>ServiceIntegrator</v2:legalContext>
         <v2:request>
            <v2:personNumber>12003001507</v2:personNumber>
            <v2:period>
               <v2:beginDate>2015-01-01</v2:beginDate>
               <v2:endDate>2015-10-01</v2:endDate>
            </v2:period>
         </v2:request>
      </v2:consultPaymentsRequest>
   </soapenv:Body>
</soapenv:Envelope>]]></con:request><con:credentials><con:selectedAuthProfile>Basic</con:selectedAuthProfile><con:addedBasicAuthenticationTypes>Basic</con:addedBasicAuthenticationTypes><con:authType>Global HTTP Settings</con:authType></con:credentials><con:jmsConfig JMSDeliveryMode="PERSISTENT"/><con:jmsPropertyConfig/><con:wsaConfig mustUnderstand="NONE" version="200508" action="http://fidus.brussels/services/handiservice/consultPayments"/><con:wsrmConfig version="1.2"/></con:call><con:call id="072c951c-0724-478b-9620-849165e816a8" name="2 - Dev - Request" outgoingWss="Outflow DEV" incomingWss="Inflow DEV"><con:settings><con:setting id="com.eviware.soapui.impl.wsdl.WsdlRequest@request-headers">&lt;xml-fragment/></con:setting></con:settings><con:encoding>UTF-8</con:encoding><con:endpoint>https://192.168.36.61:8243/services/HandiService_v2.0</con:endpoint><con:request><![CDATA[<soapenv:Envelope xmlns:soapenv="http://schemas.xmlsoap.org/soap/envelope/" xmlns:v2="http://fidus.brussels/service/handiservice/messages/v2" xmlns:v1="http://fidus.brussels/type/common/messages/v1">
   <soapenv:Header/>
   <soapenv:Body>
      <v2:consultPaymentsRequest>
         <v2:messageContext>
            <v1:messageId>${=import static java.util.UUID.randomUUID; uuid = randomUUID() as String}</v1:messageId>
         </v2:messageContext>
         <v2:legalContext>ServiceIntegrator</v2:legalContext>
         <v2:request>
            <v2:personNumber>12003001507</v2:personNumber>
            <v2:period>
               <v2:beginDate>2015-01-01</v2:beginDate>
               <v2:endDate>2015-10-01</v2:endDate>
            </v2:period>
         </v2:request>
      </v2:consultPaymentsRequest>
   </soapenv:Body>
</soapenv:Envelope>]]></con:request><con:credentials><con:selectedAuthProfile>Basic</con:selectedAuthProfile><con:addedBasicAuthenticationTypes>Basic</con:addedBasicAuthenticationTypes><con:authType>Global HTTP Settings</con:authType></con:credentials><con:jmsConfig JMSDeliveryMode="PERSISTENT"/><con:jmsPropertyConfig/><con:wsaConfig mustUnderstand="NONE" version="200508" action="http://fidus.brussels/services/handiservice/consultPayments"/><con:wsrmConfig version="1.2"/></con:call><con:call id="a8ee5573-fa8d-41b3-acaa-3ca25294e330" name="3 -Test - External - Request" outgoingWss="Outflow TEST" incomingWss="Inflow TEST"><con:settings><con:setting id="com.eviware.soapui.impl.wsdl.WsdlRequest@request-headers">&lt;xml-fragment/></con:setting></con:settings><con:encoding>UTF-8</con:encoding><con:endpoint>https://fidus-test.irisnetlab.be/services/HandiService_v2.0</con:endpoint><con:request><![CDATA[<soapenv:Envelope xmlns:soapenv="http://schemas.xmlsoap.org/soap/envelope/" xmlns:v2="http://fidus.brussels/service/handiservice/messages/v2" xmlns:v1="http://fidus.brussels/type/common/messages/v1">
   <soapenv:Header/>
   <soapenv:Body>
      <v2:consultPaymentsRequest>
         <v2:messageContext>
            <v1:messageId>${=import static java.util.UUID.randomUUID; uuid = randomUUID() as String}</v1:messageId>
         </v2:messageContext>
         <v2:legalContext>ServiceIntegrator</v2:legalContext>
         <v2:request>
            <v2:personNumber>39091700873</v2:personNumber>
            <v2:period>
               <v2:beginDate>2015-01-01</v2:beginDate>
               <v2:endDate>2015-10-01</v2:endDate>
            </v2:period>
         </v2:request>
      </v2:consultPaymentsRequest>
   </soapenv:Body>l
</soapenv:Envelope>]]></con:request><con:credentials><con:selectedAuthProfile>Basic</con:selectedAuthProfile><con:addedBasicAuthenticationTypes>Basic</con:addedBasicAuthenticationTypes><con:authType>Global HTTP Settings</con:authType></con:credentials><con:jmsConfig JMSDeliveryMode="PERSISTENT"/><con:jmsPropertyConfig/><con:wsaConfig mustUnderstand="NONE" version="200508" action="http://fidus.brussels/services/handiservice/consultPayments"/><con:wsrmConfig version="1.2"/></con:call><con:call id="61d59948-df4d-4e6c-b2e5-af37bd466201" name="3 -Test - LB - Request" outgoingWss="Outflow TEST" incomingWss="Inflow TEST"><con:settings><con:setting id="com.eviware.soapui.impl.wsdl.WsdlRequest@request-headers">&lt;xml-fragment/></con:setting></con:settings><con:encoding>UTF-8</con:encoding><con:endpoint>https://esb-security-gw.sta.srv.cirb.lan:8443/services/HandiService_v2.0</con:endpoint><con:request><![CDATA[<soapenv:Envelope xmlns:soapenv="http://schemas.xmlsoap.org/soap/envelope/" xmlns:v2="http://fidus.brussels/service/handiservice/messages/v2" xmlns:v1="http://fidus.brussels/type/common/messages/v1">
   <soapenv:Header/>
   <soapenv:Body>
      <v2:consultPaymentsRequest>
         <v2:messageContext>
            <v1:messageId>${=import static java.util.UUID.randomUUID; uuid = randomUUID() as String}</v1:messageId>
         </v2:messageContext>
         <v2:legalContext>ServiceIntegrator</v2:legalContext>
         <v2:request>
            <v2:personNumber>39091700873</v2:personNumber>
            <v2:period>
               <v2:beginDate>2015-01-01</v2:beginDate>
               <v2:endDate>2015-10-01</v2:endDate>
            </v2:period>
         </v2:request>
      </v2:consultPaymentsRequest>
   </soapenv:Body>
</soapenv:Envelope>]]></con:request><con:credentials><con:selectedAuthProfile>Basic</con:selectedAuthProfile><con:addedBasicAuthenticationTypes>Basic</con:addedBasicAuthenticationTypes><con:authType>Global HTTP Settings</con:authType></con:credentials><con:jmsConfig JMSDeliveryMode="PERSISTENT"/><con:jmsPropertyConfig/><con:wsaConfig mustUnderstand="NONE" version="200508" action="http://fidus.brussels/services/handiservice/consultPayments"/><con:wsrmConfig version="1.2"/></con:call><con:call id="9f246074-ba6c-4cbd-b48d-9b70074b6d7f" name="3 -Test - Worker1 - Request" outgoingWss="Outflow TEST" incomingWss="Inflow TEST"><con:settings><con:setting id="com.eviware.soapui.impl.wsdl.WsdlRequest@request-headers">&lt;xml-fragment/></con:setting></con:settings><con:encoding>UTF-8</con:encoding><con:endpoint>https://192.168.22.53:8443/services/HandiService_v2.0</con:endpoint><con:request><![CDATA[<soapenv:Envelope xmlns:soapenv="http://schemas.xmlsoap.org/soap/envelope/" xmlns:v2="http://fidus.brussels/service/handiservice/messages/v2" xmlns:v1="http://fidus.brussels/type/common/messages/v1">
   <soapenv:Header/>
   <soapenv:Body>
      <v2:consultPaymentsRequest>
         <v2:messageContext>
            <v1:messageId>${=import static java.util.UUID.randomUUID; uuid = randomUUID() as String}</v1:messageId>
         </v2:messageContext>
         <v2:legalContext>ServiceIntegrator</v2:legalContext>
         <v2:request>
            <v2:personNumber>39091700873</v2:personNumber>
            <v2:period>
               <v2:beginDate>2015-01-01</v2:beginDate>
               <v2:endDate>2015-10-01</v2:endDate>
            </v2:period>
         </v2:request>
      </v2:consultPaymentsRequest>
   </soapenv:Body>
</soapenv:Envelope>]]></con:request><con:credentials><con:selectedAuthProfile>Basic</con:selectedAuthProfile><con:addedBasicAuthenticationTypes>Basic</con:addedBasicAuthenticationTypes><con:authType>Global HTTP Settings</con:authType></con:credentials><con:jmsConfig JMSDeliveryMode="PERSISTENT"/><con:jmsPropertyConfig/><con:wsaConfig mustUnderstand="NONE" version="200508" action="http://fidus.brussels/services/handiservice/consultPayments"/><con:wsrmConfig version="1.2"/></con:call><con:call id="8865531a-49f0-40a4-abdc-c5dbfec57df4" name="3 -Test - Worker2 - Request" outgoingWss="Outflow TEST" incomingWss="Inflow TEST"><con:settings><con:setting id="com.eviware.soapui.impl.wsdl.WsdlRequest@request-headers">&lt;xml-fragment/></con:setting></con:settings><con:encoding>UTF-8</con:encoding><con:endpoint>https://192.168.22.54:8443/services/HandiService_v2.0</con:endpoint><con:request><![CDATA[<soapenv:Envelope xmlns:soapenv="http://schemas.xmlsoap.org/soap/envelope/" xmlns:v2="http://fidus.brussels/service/handiservice/messages/v2" xmlns:v1="http://fidus.brussels/type/common/messages/v1">
   <soapenv:Header/>
   <soapenv:Body>
      <v2:consultPaymentsRequest>
         <v2:messageContext>
            <v1:messageId>${=import static java.util.UUID.randomUUID; uuid = randomUUID() as String}</v1:messageId>
         </v2:messageContext>
         <v2:legalContext>ServiceIntegrator</v2:legalContext>
         <v2:request>
            <v2:personNumber>39091700873</v2:personNumber>
            <v2:period>
               <v2:beginDate>2015-01-01</v2:beginDate>
               <v2:endDate>2015-10-01</v2:endDate>
            </v2:period>
         </v2:request>
      </v2:consultPaymentsRequest>
   </soapenv:Body>
</soapenv:Envelope>]]></con:request><con:credentials><con:selectedAuthProfile>Basic</con:selectedAuthProfile><con:addedBasicAuthenticationTypes>Basic</con:addedBasicAuthenticationTypes><con:authType>Global HTTP Settings</con:authType></con:credentials><con:jmsConfig JMSDeliveryMode="PERSISTENT"/><con:jmsPropertyConfig/><con:wsaConfig mustUnderstand="NONE" version="200508" action="http://fidus.brussels/services/handiservice/consultPayments"/><con:wsrmConfig version="1.2"/></con:call></con:operation></con:interface>
  
  <con:testSuite id="820b6ca5-ef3b-4513-9d29-4ec0305118be" name="DEV"><con:settings/><con:runType>SEQUENTIAL</con:runType><con:testCase id="e0200dee-825f-49d7-94e8-28fda6cb0a65" failOnError="true" failTestCaseOnErrors="true" keepSession="false" maxResults="0" name="consultFilesByDate" searchProperties="true"><con:settings/><con:testStep type="request" id="1fe9acb3-3627-414d-b948-eebfa5360269" name="testcase2 - Dev - Request"><con:settings/><con:config xsi:type="con:RequestStep" xmlns:xsi="http://www.w3.org/2001/XMLSchema-instance"><con:interface>HandiServiceHTTPBinding</con:interface><con:operation>consultFilesByDate</con:operation><con:request name="testcase2 - Dev - Request" id="382ca3fb-4d3e-417c-9645-c43e09bc7f17" outgoingWss="Outflow DEV"><con:settings/><con:encoding>UTF-8</con:encoding><con:endpoint>https://192.168.36.61:8243/services/HandiService_v2.0</con:endpoint><con:request><![CDATA[<soapenv:Envelope xmlns:soapenv="http://schemas.xmlsoap.org/soap/envelope/" xmlns:v2="http://fidus.brussels/service/handiservice/messages/v2" xmlns:v1="http://fidus.brussels/service/handiservice/messages/v1" xmlns:v11="http://fidus.brussels/type/common/messages/v1">
   <soapenv:Header/>
   <soapenv:Body>
      <v2:consultFilesByDateRequest>
         <v2:messageContext>
            <v11:messageId>${=import static java.util.UUID.randomUUID; uuid = randomUUID() as String}</v11:messageId>
         </v2:messageContext>
         <v2:legalContext>ServiceIntegrator</v2:legalContext>
         <v2:request>
            <v2:personNumber>12003001507</v2:personNumber>
            <v2:referenceDate>2015-01-01</v2:referenceDate>
         </v2:request>
      </v2:consultFilesByDateRequest>
   </soapenv:Body>
</soapenv:Envelope>]]></con:request><con:assertion type="SOAP Fault Assertion" id="a3191384-cf8d-49c3-bf27-1bcb0832e257" name="Not SOAP Fault"/><con:assertion type="SOAP Response" id="16f5e0f5-81c8-40ac-ac55-02ad4cd6019c" name="SOAP Response"/><con:assertion type="Schema Compliance" id="7e65b870-4817-4b5c-8097-1d0dbd9fc538" name="Schema Compliance"><con:configuration/></con:assertion><con:wsaConfig action="http://fidus.brussels/services/handiservice/consultFilesByDate"/></con:request></con:config></con:testStep><con:properties/></con:testCase><con:testCase id="1161cdb8-4652-4365-ad54-20f752c69ec9" failOnError="true" failTestCaseOnErrors="true" keepSession="false" maxResults="0" name="consultPayments" searchProperties="true"><con:settings/><con:testStep type="request" id="fb6ffb5d-54e5-46af-ab06-7c0628534e3a" name="testcase2 - Dev - Request"><con:settings/><con:config xsi:type="con:RequestStep" xmlns:xsi="http://www.w3.org/2001/XMLSchema-instance"><con:interface>HandiServiceHTTPBinding</con:interface><con:operation>consultPayments</con:operation><con:request name="testcase2 - Dev - Request" id="3289c848-8a38-409f-a974-a47abbdef233" outgoingWss="Outflow DEV"><con:settings/><con:encoding>UTF-8</con:encoding><con:endpoint>https://192.168.36.61:8243/services/HandiService_v2.0</con:endpoint><con:request><![CDATA[<soapenv:Envelope xmlns:soapenv="http://schemas.xmlsoap.org/soap/envelope/" xmlns:v2="http://fidus.brussels/service/handiservice/messages/v2" xmlns:v1="http://fidus.brussels/type/common/messages/v1">
   <soapenv:Header/>
   <soapenv:Body>
      <v2:consultPaymentsRequest>
         <v2:messageContext>
            <v1:messageId>${=import static java.util.UUID.randomUUID; uuid = randomUUID() as String}</v1:messageId>
         </v2:messageContext>
         <v2:legalContext>ServiceIntegrator</v2:legalContext>
         <v2:request>
            <v2:personNumber>12003001507</v2:personNumber>
            <v2:period>
               <v2:beginDate>2015-01-01</v2:beginDate>
               <v2:endDate>2015-10-01</v2:endDate>
            </v2:period>
         </v2:request>
      </v2:consultPaymentsRequest>
   </soapenv:Body>
</soapenv:Envelope>]]></con:request><con:assertion type="SOAP Fault Assertion" id="1875a381-57d3-47f3-a2f0-dd7ca8ab236b" name="Not SOAP Fault"/><con:assertion type="SOAP Response" id="36218972-f104-46f3-8c9b-cd142fe9a3c3" name="SOAP Response"/><con:assertion type="Schema Compliance" id="2ab961ff-ab8a-4fd8-9844-422a8d7c6257" name="Schema Compliance"><con:configuration/></con:assertion><con:wsaConfig action="http://fidus.brussels/services/handiservice/consultPayments"/></con:request></con:config></con:testStep><con:properties/></con:testCase><con:properties/></con:testSuite><con:testSuite id="84a247ff-43dc-4368-ab5f-bdf2cd49497d" name="TEST"><con:settings/><con:runType>SEQUENTIAL</con:runType><con:testCase id="f2440e93-7235-4509-b669-36475c4a796a" failOnError="true" failTestCaseOnErrors="true" keepSession="false" maxResults="0" name="consultFilesByDate" searchProperties="true"><con:settings/><con:testStep type="request" id="8ea06f6d-ef98-48b0-a1a7-c5f64587cd37" name="testcase3 - Test - External - Request"><con:settings/><con:config xsi:type="con:RequestStep" xmlns:xsi="http://www.w3.org/2001/XMLSchema-instance"><con:interface>HandiServiceHTTPBinding</con:interface><con:operation>consultFilesByDate</con:operation><con:request name="testcase3 - Test - External - Request" id="a71dbb42-e1e9-486d-95a5-adc0236bea83" outgoingWss="Outflow TEST"><con:settings/><con:encoding>UTF-8</con:encoding><con:endpoint>https://fidus-test.irisnetlab.be/services/HandiService_v2.0</con:endpoint><con:request><![CDATA[<soapenv:Envelope xmlns:soapenv="http://schemas.xmlsoap.org/soap/envelope/" xmlns:v2="http://fidus.brussels/service/handiservice/messages/v2" xmlns:v1="http://fidus.brussels/service/handiservice/messages/v1" xmlns:v11="http://fidus.brussels/type/common/messages/v1">
   <soapenv:Header/>
   <soapenv:Body>
      <v2:consultFilesByDateRequest>
         <v2:messageContext>
            <v11:messageId>${=import static java.util.UUID.randomUUID; uuid = randomUUID() as String}</v11:messageId>
            <v11:timestamp>${=new java.text.SimpleDateFormat("yyyy-MM-dd'T'HH:mm:ss.SSS").format(new Date())}</v11:timestamp>
         </v2:messageContext>
         <v2:legalContext>ServiceIntegrator</v2:legalContext>
         <v2:request>
            <v2:personNumber>39091700873</v2:personNumber>
            <v2:referenceDate>2015-01-01</v2:referenceDate>
         </v2:request>
      </v2:consultFilesByDateRequest>
   </soapenv:Body>
</soapenv:Envelope>]]></con:request><con:assertion type="SOAP Fault Assertion" id="9e3be21c-59e0-42c8-9af2-bc26544c7eb8" name="Not SOAP Fault"/><con:assertion type="SOAP Response" id="d48645a5-8044-40be-8d73-582e1fbba4ba" name="SOAP Response"/><con:assertion type="Schema Compliance" id="971397b1-8c34-43d6-a6ef-936464ea835a" name="Schema Compliance"><con:configuration/></con:assertion><con:wsaConfig action="http://fidus.brussels/services/handiservice/consultFilesByDate"/></con:request></con:config></con:testStep><con:testStep type="request" id="d178f086-d560-4af3-9c40-0f70a143fdda" name="testcase3 - Test - LB - Request"><con:settings/><con:config xsi:type="con:RequestStep" xmlns:xsi="http://www.w3.org/2001/XMLSchema-instance"><con:interface>HandiServiceHTTPBinding</con:interface><con:operation>consultFilesByDate</con:operation><con:request name="testcase3 - Test - LB - Request" id="2210f2a8-4f89-48f2-84d8-f6f2b0374746" outgoingWss="Outflow TEST"><con:settings/><con:encoding>UTF-8</con:encoding><con:endpoint>https://esb-security-gw.sta.srv.cirb.lan:8443/services/HandiService_v2.0</con:endpoint><con:request><![CDATA[<soapenv:Envelope xmlns:soapenv="http://schemas.xmlsoap.org/soap/envelope/" xmlns:v2="http://fidus.brussels/service/handiservice/messages/v2" xmlns:v1="http://fidus.brussels/service/handiservice/messages/v1" xmlns:v11="http://fidus.brussels/type/common/messages/v1">
   <soapenv:Header/>
   <soapenv:Body>
      <v2:consultFilesByDateRequest>
         <v2:messageContext>
            <v11:messageId>${=import static java.util.UUID.randomUUID; uuid = randomUUID() as String}</v11:messageId>
            <v11:timestamp>${=new java.text.SimpleDateFormat("yyyy-MM-dd'T'HH:mm:ss.SSS").format(new Date())}</v11:timestamp>
         </v2:messageContext>
         <v2:legalContext>ServiceIntegrator</v2:legalContext>
         <v2:request>
            <v2:personNumber>26091621808</v2:personNumber>
            <v2:referenceDate>2015-01-01</v2:referenceDate>
         </v2:request>
      </v2:consultFilesByDateRequest>
   </soapenv:Body>
</soapenv:Envelope>]]></con:request><con:assertion type="SOAP Fault Assertion" id="1df2e55e-8910-4a41-b138-085cd5f302f9" name="Not SOAP Fault"/><con:assertion type="SOAP Response" id="c361da74-0d8e-44f4-a245-ae72949ecc4f" name="SOAP Response"/><con:assertion type="Schema Compliance" id="a6592b39-8793-4781-ba24-36e27d2eb210" name="Schema Compliance"><con:configuration/></con:assertion><con:wsaConfig action="http://fidus.brussels/services/handiservice/consultFilesByDate"/></con:request></con:config></con:testStep><con:testStep type="request" id="831aeae0-606d-48dd-9df7-376550087fe5" name="testcase3 - Test - Worker1 - Request"><con:settings/><con:config xsi:type="con:RequestStep" xmlns:xsi="http://www.w3.org/2001/XMLSchema-instance"><con:interface>HandiServiceHTTPBinding</con:interface><con:operation>consultFilesByDate</con:operation><con:request name="testcase3 - Test - Worker1 - Request" id="a88e0486-13b7-4655-9c3e-3ff58a56011d" outgoingWss="Outflow TEST"><con:settings/><con:encoding>UTF-8</con:encoding><con:endpoint>https://192.168.24.45:8443/services/HandiService_v2.0</con:endpoint><con:request><![CDATA[<soapenv:Envelope xmlns:soapenv="http://schemas.xmlsoap.org/soap/envelope/" xmlns:v2="http://fidus.brussels/service/handiservice/messages/v2" xmlns:v1="http://fidus.brussels/service/handiservice/messages/v1" xmlns:v11="http://fidus.brussels/type/common/messages/v1">
   <soapenv:Header/>
   <soapenv:Body>
      <v2:consultFilesByDateRequest>
         <v2:messageContext>
            <v11:messageId>${=import static java.util.UUID.randomUUID; uuid = randomUUID() as String}</v11:messageId>
            <v11:timestamp>${=new java.text.SimpleDateFormat("yyyy-MM-dd'T'HH:mm:ss.SSS").format(new Date())}</v11:timestamp>
         </v2:messageContext>
         <v2:legalContext>ServiceIntegrator</v2:legalContext>
         <v2:request>
            <v2:personNumber>26091621808</v2:personNumber>
            <v2:referenceDate>2015-01-01</v2:referenceDate>
         </v2:request>
      </v2:consultFilesByDateRequest>
   </soapenv:Body>
</soapenv:Envelope>]]></con:request><con:assertion type="SOAP Fault Assertion" id="0d5101ff-48f6-409a-a8de-2fd0d81a1fb1" name="Not SOAP Fault"/><con:assertion type="SOAP Response" id="89423980-a6fa-4d3b-8fa4-53c09d8b093b" name="SOAP Response"/><con:assertion type="Schema Compliance" id="95099091-c6b0-4066-9ead-54c081aa794e" name="Schema Compliance"><con:configuration/></con:assertion><con:wsaConfig action="http://fidus.brussels/services/handiservice/consultFilesByDate"/></con:request></con:config></con:testStep><con:testStep type="request" id="8f8ecac0-01e6-49f7-bfad-597aacc8a968" name="testcase3 - Test - Worker2 - Request"><con:settings/><con:config xsi:type="con:RequestStep" xmlns:xsi="http://www.w3.org/2001/XMLSchema-instance"><con:interface>HandiServiceHTTPBinding</con:interface><con:operation>consultFilesByDate</con:operation><con:request name="testcase3 - Test - Worker2 - Request" id="91303655-2bd0-45b0-8c41-9f3d4afbe878" outgoingWss="Outflow TEST"><con:settings/><con:encoding>UTF-8</con:encoding><con:endpoint>https://192.168.24.51:8443/services/HandiService_v2.0</con:endpoint><con:request><![CDATA[<soapenv:Envelope xmlns:soapenv="http://schemas.xmlsoap.org/soap/envelope/" xmlns:v2="http://fidus.brussels/service/handiservice/messages/v2" xmlns:v1="http://fidus.brussels/service/handiservice/messages/v1" xmlns:v11="http://fidus.brussels/type/common/messages/v1">
   <soapenv:Header/>
   <soapenv:Body>
      <v2:consultFilesByDateRequest>
         <v2:messageContext>
            <v11:messageId>${=import static java.util.UUID.randomUUID; uuid = randomUUID() as String}</v11:messageId>
            <v11:timestamp>${=new java.text.SimpleDateFormat("yyyy-MM-dd'T'HH:mm:ss.SSS").format(new Date())}</v11:timestamp>
         </v2:messageContext>
         <v2:legalContext>ServiceIntegrator</v2:legalContext>
         <v2:request>
            <v2:personNumber>26091621808</v2:personNumber>
            <v2:referenceDate>2015-01-01</v2:referenceDate>
         </v2:request>
      </v2:consultFilesByDateRequest>
   </soapenv:Body>
</soapenv:Envelope>]]></con:request><con:assertion type="SOAP Fault Assertion" id="df9d21af-a42c-4867-994b-0b7b5faeeabf" name="Not SOAP Fault"/><con:assertion type="SOAP Response" id="4c37dd7f-4fa4-45e4-a71e-7e201124c426" name="SOAP Response"/><con:assertion type="Schema Compliance" id="a8d61da5-3e28-49c5-bae1-ca25d41a4391" name="Schema Compliance"><con:configuration/></con:assertion><con:wsaConfig action="http://fidus.brussels/services/handiservice/consultFilesByDate"/></con:request></con:config></con:testStep><con:properties/></con:testCase><con:testCase id="0e6e411a-1d17-4351-8f79-ba8f6d773b6d" failOnError="true" failTestCaseOnErrors="true" keepSession="false" maxResults="0" name="consultPayments" searchProperties="true"><con:settings/><con:testStep type="request" id="fc975a27-8c9f-4587-bb77-0c6469300fa4" name="testcase3 -Test - External - Request"><con:settings/><con:config xsi:type="con:RequestStep" xmlns:xsi="http://www.w3.org/2001/XMLSchema-instance"><con:interface>HandiServiceHTTPBinding</con:interface><con:operation>consultPayments</con:operation><con:request name="testcase3 -Test - External - Request" id="8f758f99-efb5-4258-ac15-3325538afa2a" outgoingWss="Outflow TEST"><con:settings/><con:encoding>UTF-8</con:encoding><con:endpoint>https://fidus-test.irisnetlab.be/services/HandiService_v2.0</con:endpoint><con:request><![CDATA[<soapenv:Envelope xmlns:soapenv="http://schemas.xmlsoap.org/soap/envelope/" xmlns:v2="http://fidus.brussels/service/handiservice/messages/v2" xmlns:v1="http://fidus.brussels/type/common/messages/v1">
   <soapenv:Header/>
   <soapenv:Body>
      <v2:consultPaymentsRequest>
         <v2:messageContext>
            <v1:messageId>${=import static java.util.UUID.randomUUID; uuid = randomUUID() as String}</v1:messageId>
         </v2:messageContext>
         <v2:legalContext>ServiceIntegrator</v2:legalContext>
         <v2:request>
            <v2:personNumber>39091700873</v2:personNumber>
            <v2:period>
               <v2:beginDate>2015-01-01</v2:beginDate>
               <v2:endDate>2015-10-01</v2:endDate>
            </v2:period>
         </v2:request>
      </v2:consultPaymentsRequest>
   </soapenv:Body>l
</soapenv:Envelope>]]></con:request><con:assertion type="SOAP Fault Assertion" id="b2b94b6e-813b-499a-b626-219e3e911f30" name="Not SOAP Fault"/><con:assertion type="SOAP Response" id="6c0b8f11-61a3-4dcd-b2d6-f99aa7458285" name="SOAP Response"/><con:assertion type="Schema Compliance" id="ad89a524-2230-4fa4-8f34-c079f3d7e312" name="Schema Compliance"><con:configuration/></con:assertion><con:wsaConfig action="http://fidus.brussels/services/handiservice/consultPayments"/></con:request></con:config></con:testStep><con:testStep type="request" id="872ddee0-34d2-48e1-81af-22cd45da09ef" name="testcase3 -Test - LB - Request"><con:settings/><con:config xsi:type="con:RequestStep" xmlns:xsi="http://www.w3.org/2001/XMLSchema-instance"><con:interface>HandiServiceHTTPBinding</con:interface><con:operation>consultPayments</con:operation><con:request name="testcase3 -Test - LB - Request" id="9a3019a2-76b8-4141-aa18-2792a059c1f1" outgoingWss="Outflow TEST"><con:settings/><con:encoding>UTF-8</con:encoding><con:endpoint>https://esb-security-gw.sta.srv.cirb.lan:8443/services/HandiService_v2.0</con:endpoint><con:request><![CDATA[<soapenv:Envelope xmlns:soapenv="http://schemas.xmlsoap.org/soap/envelope/" xmlns:v2="http://fidus.brussels/service/handiservice/messages/v2" xmlns:v1="http://fidus.brussels/type/common/messages/v1">
   <soapenv:Header/>
   <soapenv:Body>
      <v2:consultPaymentsRequest>
         <v2:messageContext>
            <v1:messageId>${=import static java.util.UUID.randomUUID; uuid = randomUUID() as String}</v1:messageId>
         </v2:messageContext>
         <v2:legalContext>ServiceIntegrator</v2:legalContext>
         <v2:request>
            <v2:personNumber>39091700873</v2:personNumber>
            <v2:period>
               <v2:beginDate>2015-01-01</v2:beginDate>
               <v2:endDate>2015-10-01</v2:endDate>
            </v2:period>
         </v2:request>
      </v2:consultPaymentsRequest>
   </soapenv:Body>
</soapenv:Envelope>]]></con:request><con:assertion type="SOAP Fault Assertion" id="38934ef0-ccdf-49c8-a87d-77ab37c7dbf3" name="Not SOAP Fault"/><con:assertion type="SOAP Response" id="4228459f-0737-4d09-8386-6953a0a9db8c" name="SOAP Response"/><con:assertion type="Schema Compliance" id="925398e5-469f-4122-88da-fd79561a344a" name="Schema Compliance"><con:configuration/></con:assertion><con:wsaConfig action="http://fidus.brussels/services/handiservice/consultPayments"/></con:request></con:config></con:testStep><con:testStep type="request" id="148e0b22-7da9-442c-a33e-fd09fa5f7225" name="testcase3 -Test - Worker1 - Request"><con:settings/><con:config xsi:type="con:RequestStep" xmlns:xsi="http://www.w3.org/2001/XMLSchema-instance"><con:interface>HandiServiceHTTPBinding</con:interface><con:operation>consultPayments</con:operation><con:request name="testcase3 -Test - Worker1 - Request" id="a0172fcc-8b48-400f-9d7a-98971cb49c85" outgoingWss="Outflow TEST"><con:settings/><con:encoding>UTF-8</con:encoding><con:endpoint>https://192.168.24.45:8443/services/HandiService_v2.0</con:endpoint><con:request><![CDATA[<soapenv:Envelope xmlns:soapenv="http://schemas.xmlsoap.org/soap/envelope/" xmlns:v2="http://fidus.brussels/service/handiservice/messages/v2" xmlns:v1="http://fidus.brussels/type/common/messages/v1">
   <soapenv:Header/>
   <soapenv:Body>
      <v2:consultPaymentsRequest>
         <v2:messageContext>
            <v1:messageId>${=import static java.util.UUID.randomUUID; uuid = randomUUID() as String}</v1:messageId>
         </v2:messageContext>
         <v2:legalContext>ServiceIntegrator</v2:legalContext>
         <v2:request>
            <v2:personNumber>39091700873</v2:personNumber>
            <v2:period>
               <v2:beginDate>2015-01-01</v2:beginDate>
               <v2:endDate>2015-10-01</v2:endDate>
            </v2:period>
         </v2:request>
      </v2:consultPaymentsRequest>
   </soapenv:Body>
</soapenv:Envelope>]]></con:request><con:assertion type="SOAP Fault Assertion" id="fd168d09-a855-4876-b1b5-7f1f2ef31b56" name="Not SOAP Fault"/><con:assertion type="SOAP Response" id="cd44c652-e0f8-4294-a876-85814ecb1bf3" name="SOAP Response"/><con:assertion type="Schema Compliance" id="a957111c-3b3e-418d-a9fe-c393bd130268" name="Schema Compliance"><con:configuration/></con:assertion><con:wsaConfig action="http://fidus.brussels/services/handiservice/consultPayments"/></con:request></con:config></con:testStep><con:testStep type="request" id="8d834659-cae9-4c11-825d-1ef7f8d7ca72" name="testcase3 -Test - Worker2 - Request"><con:settings/><con:config xsi:type="con:RequestStep" xmlns:xsi="http://www.w3.org/2001/XMLSchema-instance"><con:interface>HandiServiceHTTPBinding</con:interface><con:operation>consultPayments</con:operation><con:request name="testcase3 -Test - Worker2 - Request" id="d8b6c27d-03ff-46da-9ec5-64e903e45d86" outgoingWss="Outflow TEST"><con:settings/><con:encoding>UTF-8</con:encoding><con:endpoint>https://192.168.24.51:8443/services/HandiService_v2.0</con:endpoint><con:request><![CDATA[<soapenv:Envelope xmlns:soapenv="http://schemas.xmlsoap.org/soap/envelope/" xmlns:v2="http://fidus.brussels/service/handiservice/messages/v2" xmlns:v1="http://fidus.brussels/type/common/messages/v1">
   <soapenv:Header/>
   <soapenv:Body>
      <v2:consultPaymentsRequest>
         <v2:messageContext>
            <v1:messageId>${=import static java.util.UUID.randomUUID; uuid = randomUUID() as String}</v1:messageId>
         </v2:messageContext>
         <v2:legalContext>ServiceIntegrator</v2:legalContext>
         <v2:request>
            <v2:personNumber>39091700873</v2:personNumber>
            <v2:period>
               <v2:beginDate>2015-01-01</v2:beginDate>
               <v2:endDate>2015-10-01</v2:endDate>
            </v2:period>
         </v2:request>
      </v2:consultPaymentsRequest>
   </soapenv:Body>
</soapenv:Envelope>]]></con:request><con:assertion type="SOAP Fault Assertion" id="9b47f6fe-96b4-49ce-b5e2-827c36c25a6b" name="Not SOAP Fault"/><con:assertion type="SOAP Response" id="e3f1e92c-cb95-4982-b1ed-073f9a696df1" name="SOAP Response"/><con:assertion type="Schema Compliance" id="3088cb21-3ffe-4385-b75e-54b7dc6b50c3" name="Schema Compliance"><con:configuration/></con:assertion><con:wsaConfig action="http://fidus.brussels/services/handiservice/consultPayments"/></con:request></con:config></con:testStep><con:properties/></con:testCase><con:properties/></con:testSuite><con:testSuite id="c9ceabf9-bd85-4d4e-aaf2-8d9c4af61812" name="STAG"><con:settings/><con:runType>SEQUENTIAL</con:runType><con:testCase id="86eb7668-f685-4c4c-b819-1c6d84fd52f6" failOnError="true" failTestCaseOnErrors="true" keepSession="false" maxResults="0" name="consultFilesByDate" searchProperties="true"><con:settings/><con:testStep type="request" id="641fbd04-444b-4ef1-9f22-92578ed60709" name="testcase4 - Staging - External - Request"><con:settings/><con:config xsi:type="con:RequestStep" xmlns:xsi="http://www.w3.org/2001/XMLSchema-instance"><con:interface>HandiServiceHTTPBinding</con:interface><con:operation>consultFilesByDate</con:operation><con:request name="testcase4 - Staging - External - Request" id="b58ad0fa-f5b5-42ff-9add-4edf274675c9" outgoingWss="Outflow STAG"><con:settings/><con:encoding>UTF-8</con:encoding><con:endpoint>https://fidus.irisnetlab.be/services/HandiService_v2.0</con:endpoint><con:request><![CDATA[<soapenv:Envelope xmlns:soapenv="http://schemas.xmlsoap.org/soap/envelope/" xmlns:v2="http://fidus.brussels/service/handiservice/messages/v2" xmlns:v1="http://fidus.brussels/service/handiservice/messages/v1" xmlns:v11="http://fidus.brussels/type/common/messages/v1">
   <soapenv:Header/>
   <soapenv:Body>
      <v2:consultFilesByDateRequest>
         <v2:messageContext>
            <v11:messageId>${=import static java.util.UUID.randomUUID; uuid = randomUUID() as String}</v11:messageId>
            <v11:timestamp>${=new java.text.SimpleDateFormat("yyyy-MM-dd'T'HH:mm:ss.SSS").format(new Date())}</v11:timestamp>
         </v2:messageContext>
         <v2:legalContext>ServiceIntegrator</v2:legalContext>
         <v2:request>
            <v2:personNumber>26091621808</v2:personNumber>
            <v2:referenceDate>2015-01-01</v2:referenceDate>
         </v2:request>
      </v2:consultFilesByDateRequest>
   </soapenv:Body>
</soapenv:Envelope>]]></con:request><con:assertion type="SOAP Fault Assertion" id="85f89217-081b-41a8-8c31-fc47153ee325" name="Not SOAP Fault"/><con:assertion type="SOAP Response" id="d7cd0215-a6c5-4c80-bc58-d67616626f53" name="SOAP Response"/><con:assertion type="Schema Compliance" id="a9338d0f-5c20-44a8-b36e-3fc39975213d" name="Schema Compliance"><con:configuration/></con:assertion><con:wsaConfig action="http://fidus.brussels/services/handiservice/consultFilesByDate"/></con:request></con:config></con:testStep><con:testStep type="request" id="734452ca-c23d-40b1-9570-393f163b6057" name="testcase4 - Staging - LB - Request"><con:settings/><con:config xsi:type="con:RequestStep" xmlns:xsi="http://www.w3.org/2001/XMLSchema-instance"><con:interface>HandiServiceHTTPBinding</con:interface><con:operation>consultFilesByDate</con:operation><con:request name="testcase4 - Staging - LB - Request" id="a023de80-5f6c-4a03-90af-21dc105ac4f3" outgoingWss="Outflow STAG"><con:settings/><con:encoding>UTF-8</con:encoding><con:endpoint>https://fidus-esb-sg.sta.srv.cirb.lan:8443/services/HandiService_v2.0</con:endpoint><con:request><![CDATA[<soapenv:Envelope xmlns:soapenv="http://schemas.xmlsoap.org/soap/envelope/" xmlns:v2="http://fidus.brussels/service/handiservice/messages/v2" xmlns:v1="http://fidus.brussels/service/handiservice/messages/v1" xmlns:v11="http://fidus.brussels/type/common/messages/v1">
   <soapenv:Header/>
   <soapenv:Body>
      <v2:consultFilesByDateRequest>
         <v2:messageContext>
            <v11:messageId>${=import static java.util.UUID.randomUUID; uuid = randomUUID() as String}</v11:messageId>
            <v11:timestamp>${=new java.text.SimpleDateFormat("yyyy-MM-dd'T'HH:mm:ss.SSS").format(new Date())}</v11:timestamp>
         </v2:messageContext>
         <v2:legalContext>ServiceIntegrator</v2:legalContext>
         <v2:request>
            <v2:personNumber>26091621808</v2:personNumber>
            <v2:referenceDate>2015-01-01</v2:referenceDate>
         </v2:request>
      </v2:consultFilesByDateRequest>
   </soapenv:Body>
</soapenv:Envelope>]]></con:request><con:assertion type="SOAP Fault Assertion" id="f0971a16-ba07-494f-8fa6-1fd7a793d704" name="Not SOAP Fault"/><con:assertion type="SOAP Response" id="a0d33426-e79a-4cbf-b7d7-ef07f3cfd44d" name="SOAP Response"/><con:assertion type="Schema Compliance" id="077bec36-eaf6-4366-85f9-283318d8c43b" name="Schema Compliance"><con:configuration/></con:assertion><con:wsaConfig action="http://fidus.brussels/services/handiservice/consultFilesByDate"/></con:request></con:config></con:testStep><con:testStep type="request" id="41736ddb-8846-4631-9cbe-5e2bd319d4bb" name="testcase4 - Staging - Worker1 - Request"><con:settings/><con:config xsi:type="con:RequestStep" xmlns:xsi="http://www.w3.org/2001/XMLSchema-instance"><con:interface>HandiServiceHTTPBinding</con:interface><con:operation>consultFilesByDate</con:operation><con:request name="testcase4 - Staging - Worker1 - Request" id="3dde5df1-9739-4044-9c56-d5c3e7d373d7" outgoingWss="Outflow STAG"><con:settings/><con:encoding>UTF-8</con:encoding><con:endpoint>https://192.168.24.57:8443/services/HandiService_v2.0</con:endpoint><con:request><![CDATA[<soapenv:Envelope xmlns:soapenv="http://schemas.xmlsoap.org/soap/envelope/" xmlns:v2="http://fidus.brussels/service/handiservice/messages/v2" xmlns:v1="http://fidus.brussels/service/handiservice/messages/v1" xmlns:v11="http://fidus.brussels/type/common/messages/v1">
   <soapenv:Header/>
   <soapenv:Body>
      <v2:consultFilesByDateRequest>
         <v2:messageContext>
            <v11:messageId>${=import static java.util.UUID.randomUUID; uuid = randomUUID() as String}</v11:messageId>
            <v11:timestamp>${=new java.text.SimpleDateFormat("yyyy-MM-dd'T'HH:mm:ss.SSS").format(new Date())}</v11:timestamp>
         </v2:messageContext>
         <v2:legalContext>ServiceIntegrator</v2:legalContext>
         <v2:request>
            <v2:personNumber>26091621808</v2:personNumber>
            <v2:referenceDate>2015-01-01</v2:referenceDate>
         </v2:request>
      </v2:consultFilesByDateRequest>
   </soapenv:Body>
</soapenv:Envelope>]]></con:request><con:assertion type="SOAP Fault Assertion" id="67b818eb-6fa7-4c85-ba4c-1f4594a11527" name="Not SOAP Fault"/><con:assertion type="SOAP Response" id="ce0e6729-a914-46cc-ae69-32bc1b187942" name="SOAP Response"/><con:assertion type="Schema Compliance" id="6edb2c10-cbc4-4aeb-9ebc-5e610e7e47dd" name="Schema Compliance"><con:configuration/></con:assertion><con:wsaConfig action="http://fidus.brussels/services/handiservice/consultFilesByDate"/></con:request></con:config></con:testStep><con:testStep type="request" id="0488f1dd-628c-476f-aaca-02284da7250d" name="testcase4 - Staging - Worker2 - Request"><con:settings/><con:config xsi:type="con:RequestStep" xmlns:xsi="http://www.w3.org/2001/XMLSchema-instance"><con:interface>HandiServiceHTTPBinding</con:interface><con:operation>consultFilesByDate</con:operation><con:request name="testcase4 - Staging - Worker2 - Request" id="6f89e6a9-7b20-4e18-984f-282c6ed2cdfe" outgoingWss="Outflow STAG"><con:settings/><con:encoding>UTF-8</con:encoding><con:endpoint>https://192.168.24.64:8443/services/HandiService_v2.0</con:endpoint><con:request><![CDATA[<soapenv:Envelope xmlns:soapenv="http://schemas.xmlsoap.org/soap/envelope/" xmlns:v2="http://fidus.brussels/service/handiservice/messages/v2" xmlns:v1="http://fidus.brussels/service/handiservice/messages/v1" xmlns:v11="http://fidus.brussels/type/common/messages/v1">
   <soapenv:Header/>
   <soapenv:Body>
      <v2:consultFilesByDateRequest>
         <v2:messageContext>
            <v11:messageId>${=import static java.util.UUID.randomUUID; uuid = randomUUID() as String}</v11:messageId>
            <v11:timestamp>${=new java.text.SimpleDateFormat("yyyy-MM-dd'T'HH:mm:ss.SSS").format(new Date())}</v11:timestamp>
         </v2:messageContext>
         <v2:legalContext>ServiceIntegrator</v2:legalContext>
         <v2:request>
            <v2:personNumber>26091621808</v2:personNumber>
            <v2:referenceDate>2015-01-01</v2:referenceDate>
         </v2:request>
      </v2:consultFilesByDateRequest>
   </soapenv:Body>
</soapenv:Envelope>]]></con:request><con:assertion type="SOAP Fault Assertion" id="e06b0a48-160f-4443-a7da-c8123ccd7775" name="Not SOAP Fault"/><con:assertion type="SOAP Response" id="679045f8-5cb1-429b-8315-bb13bae16ca9" name="SOAP Response"/><con:assertion type="Schema Compliance" id="b72e5ade-fd65-4d41-9504-7749808ee175" name="Schema Compliance"><con:configuration/></con:assertion><con:wsaConfig action="http://fidus.brussels/services/handiservice/consultFilesByDate"/></con:request></con:config></con:testStep><con:properties/></con:testCase><con:properties/></con:testSuite><con:testSuite id="b5f5c4c8-20ca-4de4-8341-4155811fc65d" name="PROD"><con:settings/><con:runType>SEQUENTIAL</con:runType><con:testCase id="f510e15f-f633-4a1e-894a-6160f7729a6e" failOnError="true" failTestCaseOnErrors="true" keepSession="false" maxResults="0" name="consultFilesByDate" searchProperties="true"><con:settings/><con:testStep type="request" id="111127c7-3956-48cb-b2e1-34958642c2de" name="testcase5 - Prod - External - Request"><con:settings/><con:config xsi:type="con:RequestStep" xmlns:xsi="http://www.w3.org/2001/XMLSchema-instance"><con:interface>HandiServiceHTTPBinding</con:interface><con:operation>consultFilesByDate</con:operation><con:request name="testcase5 - Prod - External - Request" id="3fa98027-15a1-4287-b5f3-9a6f15051bf3" outgoingWss="Outflow PROD"><con:settings/><con:encoding>UTF-8</con:encoding><con:endpoint>https://fidus.sec.brussels/services/HandiService_v2.0</con:endpoint><con:request><![CDATA[<soapenv:Envelope xmlns:soapenv="http://schemas.xmlsoap.org/soap/envelope/" xmlns:v2="http://fidus.brussels/service/handiservice/messages/v2" xmlns:v1="http://fidus.brussels/service/handiservice/messages/v1" xmlns:v11="http://fidus.brussels/type/common/messages/v1">
   <soapenv:Header/>
   <soapenv:Body>
      <v2:consultFilesByDateRequest>
         <v2:messageContext>
            <v11:messageId>${=import static java.util.UUID.randomUUID; uuid = randomUUID() as String}</v11:messageId>
            <v11:timestamp>${=new java.text.SimpleDateFormat("yyyy-MM-dd'T'HH:mm:ss.SSS").format(new Date())}</v11:timestamp>
         </v2:messageContext>
         <v2:legalContext>ServiceIntegrator</v2:legalContext>
         <v2:request>
            <v2:personNumber>26091621808</v2:personNumber>
            <v2:referenceDate>2015-01-01</v2:referenceDate>
         </v2:request>
      </v2:consultFilesByDateRequest>
   </soapenv:Body>
</soapenv:Envelope>]]></con:request><con:assertion type="SOAP Fault Assertion" id="5734552a-d5f3-4eb5-a7cb-d75b0e1b629e" name="Not SOAP Fault"/><con:assertion type="SOAP Response" id="fd6cf598-3af3-48fe-977e-bfa1586c7431" name="SOAP Response"/><con:assertion type="Schema Compliance" id="9c6370a2-f049-4325-9388-903b3ad3e61c" name="Schema Compliance"><con:configuration/></con:assertion><con:wsaConfig action="http://fidus.brussels/services/handiservice/consultFilesByDate"/></con:request></con:config></con:testStep><con:testStep type="request" id="b7c4414d-bd17-4d1b-a9c5-95bb0f52d5f8" name="testcase5 - Prod - LB - Request"><con:settings/><con:config xsi:type="con:RequestStep" xmlns:xsi="http://www.w3.org/2001/XMLSchema-instance"><con:interface>HandiServiceHTTPBinding</con:interface><con:operation>consultFilesByDate</con:operation><con:request name="testcase5 - Prod - LB - Request" id="e35a91f1-6d6c-4614-b49b-3170e109eb69" outgoingWss="Outflow PROD"><con:settings/><con:encoding>UTF-8</con:encoding><con:endpoint>https://fidus-esb-sg.prd.srv.cirb.lan:8443/services/HandiService_v2.0</con:endpoint><con:request><![CDATA[<soapenv:Envelope xmlns:soapenv="http://schemas.xmlsoap.org/soap/envelope/" xmlns:v2="http://fidus.brussels/service/handiservice/messages/v2" xmlns:v1="http://fidus.brussels/service/handiservice/messages/v1" xmlns:v11="http://fidus.brussels/type/common/messages/v1">
   <soapenv:Header/>
   <soapenv:Body>
      <v2:consultFilesByDateRequest>
         <v2:messageContext>
            <v11:messageId>${=import static java.util.UUID.randomUUID; uuid = randomUUID() as String}</v11:messageId>
            <v11:timestamp>${=new java.text.SimpleDateFormat("yyyy-MM-dd'T'HH:mm:ss.SSS").format(new Date())}</v11:timestamp>
         </v2:messageContext>
         <v2:legalContext>ServiceIntegrator</v2:legalContext>
         <v2:request>
            <v2:personNumber>26091621808</v2:personNumber>
            <v2:referenceDate>2015-01-01</v2:referenceDate>
         </v2:request>
      </v2:consultFilesByDateRequest>
   </soapenv:Body>
</soapenv:Envelope>]]></con:request><con:assertion type="SOAP Fault Assertion" id="934b00a6-8690-42a0-afb4-83afd03c639b" name="Not SOAP Fault"/><con:assertion type="SOAP Response" id="6b735786-3294-49e4-b59f-33b92c523431" name="SOAP Response"/><con:assertion type="Schema Compliance" id="e8cf82eb-35ad-4f71-bfbd-4026dc140b56" name="Schema Compliance"><con:configuration/></con:assertion><con:wsaConfig action="http://fidus.brussels/services/handiservice/consultFilesByDate"/></con:request></con:config></con:testStep><con:testStep type="request" id="94ffc24a-8b15-46c4-81cd-d94651a606a0" name="testcase5 - Prod - Worker1 - Request"><con:settings/><con:config xsi:type="con:RequestStep" xmlns:xsi="http://www.w3.org/2001/XMLSchema-instance"><con:interface>HandiServiceHTTPBinding</con:interface><con:operation>consultFilesByDate</con:operation><con:request name="testcase5 - Prod - Worker1 - Request" id="342bfff3-2926-4f70-9b84-523c2fc2386c" outgoingWss="Outflow PROD"><con:settings/><con:encoding>UTF-8</con:encoding><con:endpoint>https://192.168.26.22:8443/services/HandiService_v2.0</con:endpoint><con:request><![CDATA[<soapenv:Envelope xmlns:soapenv="http://schemas.xmlsoap.org/soap/envelope/" xmlns:v2="http://fidus.brussels/service/handiservice/messages/v2" xmlns:v1="http://fidus.brussels/service/handiservice/messages/v1" xmlns:v11="http://fidus.brussels/type/common/messages/v1">
   <soapenv:Header/>
   <soapenv:Body>
      <v2:consultFilesByDateRequest>
         <v2:messageContext>
            <v11:messageId>${=import static java.util.UUID.randomUUID; uuid = randomUUID() as String}</v11:messageId>
            <v11:timestamp>${=new java.text.SimpleDateFormat("yyyy-MM-dd'T'HH:mm:ss.SSS").format(new Date())}</v11:timestamp>
         </v2:messageContext>
         <v2:legalContext>ServiceIntegrator</v2:legalContext>
         <v2:request>
            <v2:personNumber>26091621808</v2:personNumber>
            <v2:referenceDate>2015-01-01</v2:referenceDate>
         </v2:request>
      </v2:consultFilesByDateRequest>
   </soapenv:Body>
</soapenv:Envelope>]]></con:request><con:assertion type="SOAP Fault Assertion" id="4e9b3850-c773-468a-86d0-b3f104c7e2c4" name="Not SOAP Fault"/><con:assertion type="SOAP Response" id="ef432105-f64b-4a16-928d-89f422ffea97" name="SOAP Response"/><con:assertion type="Schema Compliance" id="53d9af17-1d02-46c9-8cf3-21ae842cd496" name="Schema Compliance"><con:configuration/></con:assertion><con:wsaConfig action="http://fidus.brussels/services/handiservice/consultFilesByDate"/></con:request></con:config></con:testStep><con:testStep type="request" id="f8cdd6b5-ba95-463f-9bf8-fd6b362a60fb" name="testcase5 - Prod - Worker2 - Request"><con:settings/><con:config xsi:type="con:RequestStep" xmlns:xsi="http://www.w3.org/2001/XMLSchema-instance"><con:interface>HandiServiceHTTPBinding</con:interface><con:operation>consultFilesByDate</con:operation><con:request name="testcase5 - Prod - Worker2 - Request" id="2cc85038-19e9-493f-89b7-d60bcb3235e2" outgoingWss="Outflow PROD"><con:settings/><con:encoding>UTF-8</con:encoding><con:endpoint>https://192.168.26.19:8443/services/HandiService_v2.0</con:endpoint><con:request><![CDATA[<soapenv:Envelope xmlns:soapenv="http://schemas.xmlsoap.org/soap/envelope/" xmlns:v2="http://fidus.brussels/service/handiservice/messages/v2" xmlns:v1="http://fidus.brussels/service/handiservice/messages/v1" xmlns:v11="http://fidus.brussels/type/common/messages/v1">
   <soapenv:Header/>
   <soapenv:Body>
      <v2:consultFilesByDateRequest>
         <v2:messageContext>
            <v11:messageId>${=import static java.util.UUID.randomUUID; uuid = randomUUID() as String}</v11:messageId>
            <v11:timestamp>${=new java.text.SimpleDateFormat("yyyy-MM-dd'T'HH:mm:ss.SSS").format(new Date())}</v11:timestamp>
         </v2:messageContext>
         <v2:legalContext>ServiceIntegrator</v2:legalContext>
         <v2:request>
            <v2:personNumber>26091621808</v2:personNumber>
            <v2:referenceDate>2015-01-01</v2:referenceDate>
         </v2:request>
      </v2:consultFilesByDateRequest>
   </soapenv:Body>
</soapenv:Envelope>]]></con:request><con:assertion type="SOAP Fault Assertion" id="1105c372-63ee-4134-9527-21a2e1ce4bb3" name="Not SOAP Fault"/><con:assertion type="SOAP Response" id="4c2570c0-06bc-4c0c-8d4a-a34cc6f3f3db" name="SOAP Response"/><con:assertion type="Schema Compliance" id="27dcf91c-7b81-4d64-8f11-df2ac8947418" name="Schema Compliance"><con:configuration/></con:assertion><con:wsaConfig action="http://fidus.brussels/services/handiservice/consultFilesByDate"/></con:request></con:config></con:testStep><con:properties/></con:testCase><con:properties/></con:testSuite><con:properties/>
  <con:wssContainer>
    
    
    
    
    
    
    
    
    
    
    
    
    
    
    
    
  <con:crypto><con:source>data/wso2/keystores/user-rajarshi.jks</con:source><con:password>test@fidus01</con:password><con:type>KEYSTORE</con:type></con:crypto><con:outgoing><con:name>Outflow DEV</con:name></con:outgoing><con:outgoing><con:name>Outflow TEST</con:name><con:entry type="Signature" username="testuser-test.fidus.brussels" password="test@fidus01"><con:configuration><crypto>user-rajarshi.jks</crypto><keyIdentifierType>3</keyIdentifierType><signatureAlgorithm/><signatureCanonicalization/><useSingleCert>true</useSingleCert><digestAlgorithm/><customTokenValueType/><customTokenId/></con:configuration></con:entry><con:entry type="Timestamp"><con:configuration><timeToLive>300000</timeToLive><strictTimestamp>true</strictTimestamp></con:configuration></con:entry></con:outgoing><con:outgoing><con:name>Outflow STAG</con:name></con:outgoing><con:outgoing><con:name>Outflow PROD</con:name></con:outgoing></con:wssContainer>
  <con:oAuth2ProfileContainer/>
  <con:oAuth1ProfileContainer/><con:sensitiveInformation/>
</con:soapui-project>