<?xml version="1.0" encoding="UTF-8"?>
<con:soapui-project id="a27adfee-0c20-479f-8630-b9d1ab63f1e2" activeEnvironment="Default" name="Client-RegondesService-1.0-soapui-project" resourceRoot="" soapui-version="5.1.3" abortOnError="false" runType="SEQUENTIAL" xmlns:con="http://eviware.com/soapui/config"><con:settings/><con:interface xsi:type="con:WsdlInterface" id="b416e667-662e-4d8d-af78-50393fda8e09" wsaVersion="NONE" name="ExportFromRegondesServiceHTTPBinding" type="wsdl" bindingName="{http://fidus.brussels/service/exportfromregondesservice/v1}ExportFromRegondesServiceHTTPBinding" soapVersion="1_1" anonymous="optional" definition="file:/home/isr/git/parent/exportfromregondesservice/ExportFromRegondesServiceGateway/src/main/resources/wsdl/exportFromRegondesService/1.0.0/ExportFromRegondesService_v1.wsdl" xmlns:xsi="http://www.w3.org/2001/XMLSchema-instance"><con:settings/><con:definitionCache type="TEXT" rootPart="file:/home/isr/git/parent/exportfromregondesservice/ExportFromRegondesServiceGateway/src/main/resources/wsdl/exportFromRegondesService/1.0.0/ExportFromRegondesService_v1.wsdl"><con:part><con:url>file:/home/isr/git/parent/exportfromregondesservice/ExportFromRegondesServiceGateway/src/main/resources/wsdl/exportFromRegondesService/1.0.0/ExportFromRegondesService_v1.wsdl</con:url><con:content><![CDATA[<wsdl:definitions targetNamespace="http://fidus.brussels/service/exportfromregondesservice/v1" name="ExportFromRegondesService" xmlns:soap="http://schemas.xmlsoap.org/wsdl/soap/" xmlns:wsdl="http://schemas.xmlsoap.org/wsdl/" xmlns:xsd="http://www.w3.org/2001/XMLSchema" xmlns:mes="http://fidus.brussels/service/exportfromregondesservice/messages/v1" xmlns:tns="http://fidus.brussels/service/exportfromregondesservice/v1">
  <xsd:annotation>
    <xsd:documentation>ExportFromRegondesService WDSL v1.</xsd:documentation>
  </xsd:annotation>
  <wsdl:types>
    <xsd:schema targetNamespace="http://fidus.brussels/service/exportfromregondesservice/v1" elementFormDefault="qualified">
      <xsd:import namespace="http://fidus.brussels/service/exportfromregondesservice/messages/v1" schemaLocation="messages/exportFromRegondesServiceMessages_v1.xsd"/>
    </xsd:schema>
  </wsdl:types>
  <wsdl:message name="serviceChangeRequestMessage">
    <wsdl:part name="serviceChangeRequest" element="mes:serviceChangeRequest"/>
  </wsdl:message>
  <wsdl:message name="postponedDossierRequestMessage">
    <wsdl:part name="postponedDossierRequest" element="mes:postponedDossierRequest"/>
  </wsdl:message>
  <wsdl:message name="closedDossierRequestMessage">
    <wsdl:part name="closedDossierRequest" element="mes:closedDossierRequest"/>
  </wsdl:message>
  <wsdl:message name="reportOutputResponseMessage">
    <wsdl:part name="reportResponse" element="mes:reportResponse"/>
  </wsdl:message>
  <wsdl:portType name="ExportFromRegondesServicePortType">
    <wsdl:operation name="serviceChange">
      <wsdl:input message="tns:serviceChangeRequestMessage"/>
      <wsdl:output message="tns:reportOutputResponseMessage"/>
    </wsdl:operation>
    <wsdl:operation name="postponedDossier">
      <wsdl:input message="tns:postponedDossierRequestMessage"/>
      <wsdl:output message="tns:reportOutputResponseMessage"/>
    </wsdl:operation>
    <wsdl:operation name="closedDossier">
      <wsdl:input message="tns:closedDossierRequestMessage"/>
      <wsdl:output message="tns:reportOutputResponseMessage"/>
    </wsdl:operation>
  </wsdl:portType>
  <wsdl:binding name="ExportFromRegondesServiceHTTPBinding" type="tns:ExportFromRegondesServicePortType">
    <soap:binding style="document" transport="http://schemas.xmlsoap.org/soap/http"/>
    <wsdl:operation name="closedDossier">
      <soap:operation soapAction="http://fidus.brussels/services/exportfromregondesservice/closedDossier"/>
      <wsdl:input>
        <soap:body use="literal"/>
      </wsdl:input>
      <wsdl:output>
        <soap:body use="literal"/>
      </wsdl:output>
    </wsdl:operation>
    <wsdl:operation name="postponedDossier">
      <soap:operation soapAction="http://fidus.brussels/services/exportfromregondesservice/postponedDossier"/>
      <wsdl:input>
        <soap:body use="literal"/>
      </wsdl:input>
      <wsdl:output>
        <soap:body use="literal"/>
      </wsdl:output>
    </wsdl:operation>
    <wsdl:operation name="serviceChange">
      <soap:operation soapAction="http://fidus.brussels/services/exportfromregondesservice/serviceChange"/>
      <wsdl:input>
        <soap:body use="literal"/>
      </wsdl:input>
      <wsdl:output>
        <soap:body use="literal"/>
      </wsdl:output>
    </wsdl:operation>
  </wsdl:binding>
  <wsdl:service name="ExportFromRegondesService_v1">
    <wsdl:port name="ExportFromRegondesService_v1" binding="tns:ExportFromRegondesServiceHTTPBinding">
      <soap:address location="http://fidus.brussels/services/exportfromregondesservice/v1"/>
    </wsdl:port>
  </wsdl:service>
</wsdl:definitions>]]></con:content><con:type>http://schemas.xmlsoap.org/wsdl/</con:type></con:part><con:part><con:url>file:/home/isr/git/parent/exportfromregondesservice/ExportFromRegondesServiceGateway/src/main/resources/wsdl/exportFromRegondesService/1.0.0/messages/exportFromRegondesServiceMessages_v1.xsd</con:url><con:content><![CDATA[<xsd:schema targetNamespace="http://fidus.brussels/service/exportfromregondesservice/messages/v1" elementFormDefault="qualified" attributeFormDefault="unqualified" version="1.0" xmlns:xsd="http://www.w3.org/2001/XMLSchema" xmlns:cme="http://fidus.brussels/type/common/messages/v1" xmlns:exc="http://fidus.brussels/type/common/exceptions/v1" xmlns:tns="http://fidus.brussels/service/exportfromregondesservice/messages/v1" xmlns:com="http://www.minfin.fgov.be/regondes2/extern/taxservice/common" xmlns:cd="http://www.minfin.fgov.be/regondes2/extern/taxservice/exports/closedDossiers" xmlns:pd="http://www.minfin.fgov.be/regondes2/extern/taxservice/exports/postponedDossiers" xmlns:sc="http://www.minfin.fgov.be/regondes2/extern/taxservice/exports/serviceChanged">
  <xsd:import namespace="http://fidus.brussels/type/common/messages/v1" schemaLocation="baseMessageTypes_v1.xsd"/>
  <xsd:import namespace="http://fidus.brussels/type/common/exceptions/v1" schemaLocation="exceptionTypes_v1.xsd"/>
  <xsd:import namespace="http://www.minfin.fgov.be/regondes2/extern/taxservice/common" schemaLocation="../regondes/Regondes2Common.xsd"/>
  <xsd:import namespace="http://www.minfin.fgov.be/regondes2/extern/taxservice/exports/closedDossiers" schemaLocation="../regondes/Regondes2ExportClosedDossiers.xsd"/>
  <xsd:import namespace="http://www.minfin.fgov.be/regondes2/extern/taxservice/exports/postponedDossiers" schemaLocation="../regondes/Regondes2ExportPostponedDossiers.xsd"/>
  <xsd:import namespace="http://www.minfin.fgov.be/regondes2/extern/taxservice/exports/serviceChanged" schemaLocation="../regondes/Regondes2ExportServiceChanged.xsd"/>
  <xsd:complexType name="GetclosedDossierType">
    <xsd:sequence>
      <xsd:element ref="cd:closedDossier"/>
    </xsd:sequence>
  </xsd:complexType>
  <xsd:complexType name="GetpostponedDossierType">
    <xsd:sequence>
      <xsd:element ref="pd:postponedDossier"/>
    </xsd:sequence>
  </xsd:complexType>
  <xsd:complexType name="GetserviceChangeType">
    <xsd:sequence>
      <xsd:element ref="sc:serviceChange"/>
    </xsd:sequence>
  </xsd:complexType>
  <xsd:complexType name="GetclosedDossierRequestType">
    <xsd:sequence>
      <xsd:element name="messageContext" type="cme:RequestMessageContextType"/>
      <xsd:element name="legalContext" type="cme:LegalContextType"/>
      <xsd:element name="request" type="tns:GetclosedDossierType"/>
    </xsd:sequence>
  </xsd:complexType>
  <xsd:complexType name="GetpostponedDossierRequestType">
    <xsd:sequence>
      <xsd:element name="messageContext" type="cme:RequestMessageContextType"/>
      <xsd:element name="legalContext" type="cme:LegalContextType"/>
      <xsd:element name="request" type="tns:GetpostponedDossierType"/>
    </xsd:sequence>
  </xsd:complexType>
  <xsd:complexType name="GetserviceChangeRequestType">
    <xsd:sequence>
      <xsd:element name="messageContext" type="cme:RequestMessageContextType"/>
      <xsd:element name="legalContext" type="cme:LegalContextType"/>
      <xsd:element name="request" type="tns:GetserviceChangeType"/>
    </xsd:sequence>
  </xsd:complexType>
  <xsd:complexType name="GetReportOutputResponseType">
    <xsd:sequence>
      <xsd:element name="messageContext" type="cme:ResponseMessageContextType"/>
      <xsd:element name="responses" type="tns:ResponsesType" minOccurs="0"/>
      <xsd:element name="exceptions" type="exc:ExceptionsType" minOccurs="0">
        <xsd:annotation>
          <xsd:documentation>Technical errors that occur when processing the message context e.g. insufficient rights.</xsd:documentation>
        </xsd:annotation>
      </xsd:element>
    </xsd:sequence>
  </xsd:complexType>
  <xsd:complexType name="ResponsesType">
    <xsd:sequence>
      <xsd:element name="response" type="tns:ResponseType" minOccurs="1" maxOccurs="1"/>
    </xsd:sequence>
  </xsd:complexType>
  <xsd:complexType name="ResponseType">
    <xsd:sequence>
      <xsd:element ref="com:report" minOccurs="0" maxOccurs="unbounded"/>
      <xsd:element name="exceptions" type="exc:ExceptionsType" minOccurs="0">
        <xsd:annotation>
          <xsd:documentation>Business exceptions that occur when processing the request or response e.g. missing data for a single response element.
						Exceptions at this level may contain back-end specific codes and content.</xsd:documentation>
        </xsd:annotation>
      </xsd:element>
    </xsd:sequence>
  </xsd:complexType>
  <xsd:element name="serviceChangeRequest" type="tns:GetserviceChangeRequestType"/>
  <xsd:element name="postponedDossierRequest" type="tns:GetpostponedDossierRequestType"/>
  <xsd:element name="closedDossierRequest" type="tns:GetclosedDossierRequestType"/>
  <xsd:element name="reportResponse" type="tns:GetReportOutputResponseType"/>
</xsd:schema>]]></con:content><con:type>http://www.w3.org/2001/XMLSchema</con:type></con:part><con:part><con:url>file:/home/isr/git/parent/exportfromregondesservice/ExportFromRegondesServiceGateway/src/main/resources/wsdl/exportFromRegondesService/1.0.0/messages/baseMessageTypes_v1.xsd</con:url><con:content><![CDATA[<xsd:schema targetNamespace="http://fidus.brussels/type/common/messages/v1" elementFormDefault="qualified" attributeFormDefault="unqualified" version="1.0" xmlns:xsd="http://www.w3.org/2001/XMLSchema" xmlns:cmn="http://fidus.brussels/type/common/v1" xmlns:tns="http://fidus.brussels/type/common/messages/v1">
  <!--Unformatted message Id-->
  <xsd:simpleType name="MessageIdType">
    <xsd:restriction base="xsd:string">
      <xsd:minLength value="1"/>
      <xsd:maxLength value="64"/>
    </xsd:restriction>
  </xsd:simpleType>
  <!--National Number of the person. Format depending on the Register-->
  <xsd:simpleType name="PersonNumberType">
    <xsd:restriction base="xsd:string">
      <xsd:pattern value="[0-9][0-9](([0][0-9])|([1][0-2]))(([0-2][0-9])|([3][0-1]))(([0-9]{2}[1-9])|([0-9][1-9][0-9])|([1-9][0-9]{2}))(([0-8][0-9])|([9][0-7]))">
        <xsd:annotation>
          <xsd:documentation>National Register format</xsd:documentation>
        </xsd:annotation>
      </xsd:pattern>
      <xsd:pattern value="[0-9][0-9](([2][0-9])|([3][0-2]))(([0-2][0-9])|([3][0-1]))[0-9]{3}(([0-8][0-9])|([9][0-7]))">
        <xsd:annotation>
          <xsd:documentation>CBSS Register format: Bis Register</xsd:documentation>
        </xsd:annotation>
      </xsd:pattern>
      <xsd:pattern value="[0-9][0-9](([4][0-9])|([5][0-2]))(([0-2][0-9])|([3][0-1]))[0-9]{3}(([0-8][0-9])|([9][0-7]))">
        <xsd:annotation>
          <xsd:documentation>CBSS Register format: Ter Register</xsd:documentation>
        </xsd:annotation>
      </xsd:pattern>
    </xsd:restriction>
  </xsd:simpleType>
  <!--Request message context-->
  <xsd:complexType name="RequestMessageContextType">
    <xsd:annotation>
      <xsd:documentation>Message context block generated by the consumer.</xsd:documentation>
    </xsd:annotation>
    <xsd:sequence>
      <xsd:element name="messageId" type="tns:MessageIdType">
        <xsd:annotation>
          <xsd:documentation>Consumer must assign their own MessageId reference for the request.</xsd:documentation>
        </xsd:annotation>
      </xsd:element>
      <xsd:element name="timestamp" type="xsd:dateTime" minOccurs="0">
        <xsd:annotation>
          <xsd:documentation>Timestamp when client sent request.</xsd:documentation>
        </xsd:annotation>
      </xsd:element>
    </xsd:sequence>
  </xsd:complexType>
  <!--Response message context-->
  <xsd:complexType name="ResponseMessageContextType">
    <xsd:annotation>
      <xsd:documentation>MessageContext block generated by fidus.</xsd:documentation>
    </xsd:annotation>
    <xsd:sequence>
      <xsd:element name="messageId" type="tns:MessageIdType">
        <xsd:annotation>
          <xsd:documentation>A unique identifier generated by fidus.</xsd:documentation>
        </xsd:annotation>
      </xsd:element>
      <xsd:element name="transactionId" type="tns:MessageIdType">
        <xsd:annotation>
          <xsd:documentation>A unique ID returned to the client for tracing purposes.</xsd:documentation>
        </xsd:annotation>
      </xsd:element>
      <xsd:element name="relatesTo" type="tns:MessageIdType" minOccurs="0">
        <xsd:annotation>
          <xsd:documentation>Optional field. The unique id of a previous batch file in this exchange Only used for responses.</xsd:documentation>
        </xsd:annotation>
      </xsd:element>
      <xsd:element name="timestamp" type="xsd:dateTime" minOccurs="0">
        <xsd:annotation>
          <xsd:documentation>Time reply sent by fidus.</xsd:documentation>
        </xsd:annotation>
      </xsd:element>
    </xsd:sequence>
  </xsd:complexType>
  <!--Legal Context : the finality of the Privacy Commission-->
  <xsd:simpleType name="LegalContextType">
    <xsd:restriction base="xsd:string">
      <xsd:minLength value="1"/>
      <xsd:maxLength value="64"/>
    </xsd:restriction>
  </xsd:simpleType>
  <xsd:complexType name="UserContextType">
    <xsd:annotation>
      <xsd:documentation>The user context defines information regarding the actual user performing a request.</xsd:documentation>
    </xsd:annotation>
    <xsd:sequence>
      <xsd:element name="language" type="xsd:language" nillable="true">
        <xsd:annotation>
          <xsd:documentation>The preferred language of the actual user performing the request.
						This influences the language in which response elements are cast.</xsd:documentation>
        </xsd:annotation>
      </xsd:element>
    </xsd:sequence>
  </xsd:complexType>
</xsd:schema>]]></con:content><con:type>http://www.w3.org/2001/XMLSchema</con:type></con:part><con:part><con:url>file:/home/isr/git/parent/exportfromregondesservice/ExportFromRegondesServiceGateway/src/main/resources/wsdl/exportFromRegondesService/1.0.0/messages/exceptionTypes_v1.xsd</con:url><con:content><![CDATA[<xsd:schema targetNamespace="http://fidus.brussels/type/common/exceptions/v1" elementFormDefault="qualified" attributeFormDefault="unqualified" version="1.0" xmlns:xsd="http://www.w3.org/2001/XMLSchema" xmlns:tns="http://fidus.brussels/type/common/exceptions/v1">
  <!--Basic error typed-->
  <xsd:complexType name="ExceptionsType">
    <xsd:sequence>
      <xsd:element name="exception" type="tns:ExceptionType" maxOccurs="unbounded"/>
    </xsd:sequence>
  </xsd:complexType>
  <xsd:complexType name="ExceptionType">
    <xsd:sequence>
      <xsd:element name="type" type="tns:ExceptionClassType"/>
      <xsd:element name="code" type="tns:ExceptionCodeType"/>
      <xsd:element name="source" type="tns:ExceptionSourceType"/>
      <xsd:element name="description" type="tns:ExceptionDescriptionType"/>
    </xsd:sequence>
  </xsd:complexType>
  <xsd:simpleType name="ExceptionClassType">
    <xsd:restriction base="xsd:string">
      <xsd:enumeration value="ERROR"/>
      <xsd:enumeration value="WARNING"/>
      <xsd:enumeration value="INFO"/>
    </xsd:restriction>
  </xsd:simpleType>
  <xsd:simpleType name="ExceptionCodeType">
    <xsd:restriction base="xsd:string">
      <xsd:maxLength value="20"/>
    </xsd:restriction>
  </xsd:simpleType>
  <xsd:simpleType name="ExceptionSourceType">
    <xsd:restriction base="xsd:string">
      <xsd:maxLength value="20"/>
    </xsd:restriction>
  </xsd:simpleType>
  <xsd:simpleType name="ExceptionDescriptionType">
    <xsd:restriction base="xsd:string"/>
  </xsd:simpleType>
</xsd:schema>]]></con:content><con:type>http://www.w3.org/2001/XMLSchema</con:type></con:part><con:part><con:url>file:/home/isr/git/parent/exportfromregondesservice/ExportFromRegondesServiceGateway/src/main/resources/wsdl/exportFromRegondesService/1.0.0/regondes/Regondes2Common.xsd</con:url><con:content><![CDATA[<!--Regondes2Common.xsd version 1.0-->
<xs:schema targetNamespace="http://www.minfin.fgov.be/regondes2/extern/taxservice/common" elementFormDefault="qualified" attributeFormDefault="unqualified" xmlns="http://www.minfin.fgov.be/regondes2/extern/taxservice/common" xmlns:xs="http://www.w3.org/2001/XMLSchema">
  <!--lum-->
  <!--Definition of complex types-->
  <xs:element name="report">
    <xs:annotation>
      <xs:documentation>Report of the transaction</xs:documentation>
    </xs:annotation>
    <xs:complexType>
      <xs:sequence>
        <xs:element name="status">
          <xs:annotation>
            <xs:documentation>Status of the transaction: SUCCESS or ERROR.</xs:documentation>
          </xs:annotation>
          <xs:simpleType>
            <xs:restriction base="xs:string">
              <xs:enumeration value="SUCCESS"/>
              <xs:enumeration value="ERROR"/>
            </xs:restriction>
          </xs:simpleType>
        </xs:element>
        <xs:element name="error" minOccurs="0">
          <xs:annotation>
            <xs:documentation>Business error occured while processing the message.</xs:documentation>
          </xs:annotation>
          <xs:simpleType>
            <xs:restriction base="longstring">
              <xs:minLength value="1"/>
            </xs:restriction>
          </xs:simpleType>
        </xs:element>
        <xs:element name="errorId" minOccurs="0">
          <xs:annotation>
            <xs:documentation>The Id of error in the log files. With this id the helpdesk can find the logs of the error.</xs:documentation>
          </xs:annotation>
          <xs:simpleType>
            <xs:restriction base="longstring">
              <xs:minLength value="1"/>
            </xs:restriction>
          </xs:simpleType>
        </xs:element>
      </xs:sequence>
    </xs:complexType>
  </xs:element>
  <xs:complexType name="attachment">
    <xs:annotation>
      <xs:documentation>Attached files which contain information about the dossier.</xs:documentation>
    </xs:annotation>
    <xs:sequence>
      <xs:element name="fileName" type="longstring">
        <xs:annotation>
          <xs:documentation>The filename of the attachment</xs:documentation>
        </xs:annotation>
      </xs:element>
      <xs:element name="data" type="xs:base64Binary">
        <xs:annotation>
          <xs:documentation>The bytes base64binary encoded</xs:documentation>
        </xs:annotation>
      </xs:element>
    </xs:sequence>
  </xs:complexType>
  <xs:complexType name="abstractInitialService" abstract="true">
    <xs:sequence>
      <xs:element name="technicalReference" type="longstring" minOccurs="0">
        <xs:annotation>
          <xs:documentation>Unique technical reference given by the initial service. Will be present if the dossier was imported with a technical reference.</xs:documentation>
        </xs:annotation>
      </xs:element>
      <xs:element name="type">
        <xs:annotation>
          <xs:documentation>The type of the initial service which can be either "VLABEL" or "AAF".</xs:documentation>
        </xs:annotation>
        <xs:simpleType>
          <xs:restriction base="xs:string">
            <xs:enumeration value="VLABEL"/>
            <xs:enumeration value="AAF"/>
          </xs:restriction>
        </xs:simpleType>
      </xs:element>
    </xs:sequence>
  </xs:complexType>
  <xs:complexType name="basicInitialService">
    <xs:complexContent>
      <xs:extension base="abstractInitialService">
        <xs:sequence>
          <xs:element name="reference">
            <xs:annotation>
              <xs:documentation>Unique reference given by the initial service. Will be present if the dossier was imported.</xs:documentation>
            </xs:annotation>
            <xs:simpleType>
              <xs:restriction base="longstring">
                <xs:minLength value="1"/>
              </xs:restriction>
            </xs:simpleType>
          </xs:element>
        </xs:sequence>
      </xs:extension>
    </xs:complexContent>
  </xs:complexType>
  <xs:complexType name="completeInitialService">
    <xs:complexContent>
      <xs:extension base="basicInitialService">
        <xs:sequence>
          <xs:element name="complaintType">
            <xs:annotation>
              <xs:documentation>Type of complaint.</xs:documentation>
            </xs:annotation>
            <xs:simpleType>
              <xs:restriction base="xs:string">
                <xs:maxLength value="12"/>
                <xs:minLength value="1"/>
              </xs:restriction>
            </xs:simpleType>
          </xs:element>
          <xs:element name="registerSendDate" type="xs:date" minOccurs="0">
            <xs:annotation>
              <xs:documentation>Date on which the notice of assessment is expected to be delivered.</xs:documentation>
            </xs:annotation>
          </xs:element>
          <xs:element name="registerArticle" type="shortstring" minOccurs="0">
            <xs:annotation>
              <xs:documentation>Number of the article in the register of the tax service.</xs:documentation>
            </xs:annotation>
          </xs:element>
          <xs:element name="dateInitialService" type="xs:date">
            <xs:annotation>
              <xs:documentation>Date on which the dossier was created by the initial service.</xs:documentation>
            </xs:annotation>
          </xs:element>
          <xs:element name="nameContact" type="longstring" minOccurs="0">
            <xs:annotation>
              <xs:documentation>Name of the contact within the initial service.</xs:documentation>
            </xs:annotation>
          </xs:element>
          <xs:element name="phoneNumberContact" type="shortstring" minOccurs="0">
            <xs:annotation>
              <xs:documentation>Phone number of the contact within the initial service.</xs:documentation>
            </xs:annotation>
          </xs:element>
          <xs:element name="emailContact" type="emailAddress" minOccurs="0">
            <xs:annotation>
              <xs:documentation>E-mail address of the contact within the initial sevice.</xs:documentation>
            </xs:annotation>
          </xs:element>
          <xs:element name="remark">
            <xs:annotation>
              <xs:documentation>A remark from the initial service.</xs:documentation>
            </xs:annotation>
            <xs:simpleType>
              <xs:restriction base="text">
                <xs:minLength value="1"/>
              </xs:restriction>
            </xs:simpleType>
          </xs:element>
        </xs:sequence>
      </xs:extension>
    </xs:complexContent>
  </xs:complexType>
  <xs:complexType name="address">
    <xs:annotation>
      <xs:documentation>Address</xs:documentation>
    </xs:annotation>
    <xs:sequence>
      <xs:element name="street" type="longstring" minOccurs="0">
        <xs:annotation>
          <xs:documentation>Street</xs:documentation>
        </xs:annotation>
      </xs:element>
      <xs:element name="houseNumber" type="longstring" minOccurs="0">
        <xs:annotation>
          <xs:documentation>House number</xs:documentation>
        </xs:annotation>
      </xs:element>
      <xs:element name="box" type="shortstring" minOccurs="0">
        <xs:annotation>
          <xs:documentation>Box</xs:documentation>
        </xs:annotation>
      </xs:element>
      <xs:element name="zipCode" type="shortstring" minOccurs="0">
        <xs:annotation>
          <xs:documentation>ZIP code</xs:documentation>
        </xs:annotation>
      </xs:element>
      <xs:element name="place" type="longstring" minOccurs="0">
        <xs:annotation>
          <xs:documentation>Place</xs:documentation>
        </xs:annotation>
      </xs:element>
      <xs:element name="country" type="longstring" minOccurs="0">
        <xs:annotation>
          <xs:documentation>Country</xs:documentation>
        </xs:annotation>
      </xs:element>
    </xs:sequence>
  </xs:complexType>
  <xs:complexType name="cadastralIncome">
    <xs:sequence>
      <xs:element name="codeCadastralIncome" type="codeCadastralIncome">
        <xs:annotation>
          <xs:documentation>Cadastrall income code</xs:documentation>
        </xs:annotation>
      </xs:element>
      <xs:element name="definitiveCadastralIncome" type="xs:positiveInteger">
        <xs:annotation>
          <xs:documentation>Definitive cadastrall income</xs:documentation>
        </xs:annotation>
      </xs:element>
      <xs:element name="dateDefinitive" type="xs:date">
        <xs:annotation>
          <xs:documentation>Date definitive cadastrall income</xs:documentation>
        </xs:annotation>
      </xs:element>
      <xs:element name="reasonDefinitive" type="longstring">
        <xs:annotation>
          <xs:documentation>Reason definitieve cadastrall income</xs:documentation>
        </xs:annotation>
      </xs:element>
    </xs:sequence>
  </xs:complexType>
  <xs:simpleType name="shortstring">
    <xs:restriction base="xs:string">
      <xs:minLength value="1"/>
      <xs:maxLength value="60"/>
    </xs:restriction>
  </xs:simpleType>
  <xs:simpleType name="longstring">
    <xs:restriction base="xs:string">
      <xs:minLength value="1"/>
      <xs:maxLength value="150"/>
    </xs:restriction>
  </xs:simpleType>
  <xs:simpleType name="text">
    <xs:restriction base="xs:string">
      <xs:minLength value="1"/>
      <xs:maxLength value="4000"/>
    </xs:restriction>
  </xs:simpleType>
  <xs:simpleType name="codeCadastralIncome">
    <xs:restriction base="xs:string">
      <xs:minLength value="1"/>
      <xs:maxLength value="2"/>
    </xs:restriction>
  </xs:simpleType>
  <xs:simpleType name="personIdNumber">
    <xs:restriction base="xs:string">
      <xs:minLength value="1"/>
      <xs:maxLength value="15"/>
    </xs:restriction>
  </xs:simpleType>
  <xs:simpleType name="cbeNumber">
    <xs:restriction base="xs:string">
      <xs:minLength value="1"/>
      <xs:maxLength value="15"/>
    </xs:restriction>
  </xs:simpleType>
  <xs:simpleType name="emailAddress">
    <xs:restriction base="xs:token">
      <xs:minLength value="1"/>
      <xs:maxLength value="254"/>
      <xs:pattern value="[^@]+@[^\.]+\..+"/>
    </xs:restriction>
  </xs:simpleType>
  <xs:simpleType name="referenceFodFin">
    <xs:restriction base="xs:long"/>
  </xs:simpleType>
  <xs:simpleType name="articleNumberType">
    <xs:restriction base="xs:token">
      <xs:minLength value="1"/>
      <xs:maxLength value="8"/>
      <xs:pattern value="\d{0,5}(/\d{2})?"/>
    </xs:restriction>
  </xs:simpleType>
  <xs:simpleType name="fiscalYearType">
    <xs:restriction base="xs:string">
      <xs:maxLength value="4"/>
      <xs:minLength value="4"/>
    </xs:restriction>
  </xs:simpleType>
</xs:schema>]]></con:content><con:type>http://www.w3.org/2001/XMLSchema</con:type></con:part><con:part><con:url>file:/home/isr/git/parent/exportfromregondesservice/ExportFromRegondesServiceGateway/src/main/resources/wsdl/exportFromRegondesService/1.0.0/regondes/Regondes2ExportClosedDossiers.xsd</con:url><con:content><![CDATA[<!--Regondes2ExportClosedDossiers.xsd version 1.0-->
<xs:schema targetNamespace="http://www.minfin.fgov.be/regondes2/extern/taxservice/exports/closedDossiers" elementFormDefault="qualified" attributeFormDefault="unqualified" xmlns:xs="http://www.w3.org/2001/XMLSchema" xmlns="http://www.minfin.fgov.be/regondes2/extern/taxservice/exports/closedDossiers" xmlns:com="http://www.minfin.fgov.be/regondes2/extern/taxservice/common">
  <xs:import namespace="http://www.minfin.fgov.be/regondes2/extern/taxservice/common" schemaLocation="Regondes2Common.xsd"/>
  <xs:element name="closedDossier">
    <xs:complexType>
      <xs:sequence>
        <xs:element name="referenceFodFin" type="com:referenceFodFin">
          <xs:annotation>
            <xs:documentation>Reference given by Regondes2 to uniquely identify the dossier. Will be present if the dossier was imported.</xs:documentation>
          </xs:annotation>
        </xs:element>
        <xs:element name="fiscalYear" type="com:fiscalYearType">
          <xs:annotation>
            <xs:documentation>Fiscal year</xs:documentation>
          </xs:annotation>
        </xs:element>
        <xs:element name="initialService">
          <xs:complexType>
            <xs:complexContent>
              <xs:extension base="com:abstractInitialService">
                <xs:sequence>
                  <xs:element name="reference" minOccurs="0">
                    <xs:annotation>
                      <xs:documentation>Unique reference given by the initial service.</xs:documentation>
                    </xs:annotation>
                    <xs:simpleType>
                      <xs:restriction base="com:longstring">
                        <xs:minLength value="1"/>
                      </xs:restriction>
                    </xs:simpleType>
                  </xs:element>
                </xs:sequence>
              </xs:extension>
            </xs:complexContent>
          </xs:complexType>
        </xs:element>
        <xs:element name="patrimonyInformation">
          <xs:annotation>
            <xs:documentation>Patrimony information</xs:documentation>
          </xs:annotation>
          <xs:complexType>
            <xs:sequence>
              <xs:element name="typeDossier">
                <xs:annotation>
                  <xs:documentation>Dossier type</xs:documentation>
                </xs:annotation>
                <xs:simpleType>
                  <xs:restriction base="xs:string">
                    <xs:maxLength value="2"/>
                  </xs:restriction>
                </xs:simpleType>
              </xs:element>
              <xs:element name="patrimonyFrom" minOccurs="0" type="xs:date">
                <xs:annotation>
                  <xs:documentation>The date when the dossier information will be avialable in PATRIS or CADNET.</xs:documentation>
                </xs:annotation>
              </xs:element>
              <xs:element name="patrimonyRef" minOccurs="0">
                <xs:annotation>
                  <xs:documentation>PATRIS or CADNET reference</xs:documentation>
                </xs:annotation>
                <xs:simpleType>
                  <xs:restriction base="com:shortstring">
                    <xs:minLength value="1"/>
                  </xs:restriction>
                </xs:simpleType>
              </xs:element>
              <xs:element name="cadastralDivisionCode">
                <xs:annotation>
                  <xs:documentation>Cadastral division code</xs:documentation>
                </xs:annotation>
                <xs:simpleType>
                  <xs:restriction base="xs:string">
                    <xs:maxLength value="30"/>
                    <xs:minLength value="1"/>
                  </xs:restriction>
                </xs:simpleType>
              </xs:element>
              <xs:element name="articleNumber" type="com:articleNumberType" minOccurs="0">
                <xs:annotation>
                  <xs:documentation>Article number of dossier</xs:documentation>
                </xs:annotation>
              </xs:element>
            </xs:sequence>
          </xs:complexType>
        </xs:element>
        <xs:element name="report">
          <xs:annotation>
            <xs:documentation>Report information</xs:documentation>
          </xs:annotation>
          <xs:complexType>
            <xs:sequence>
              <xs:element name="type">
                <xs:annotation>
                  <xs:documentation>Report type: Solved or Proposal.</xs:documentation>
                </xs:annotation>
                <xs:simpleType>
                  <xs:restriction base="xs:string">
                    <xs:enumeration value="S"/>
                    <xs:enumeration value="P"/>
                  </xs:restriction>
                </xs:simpleType>
              </xs:element>
              <xs:element name="subtype" type="com:longstring" minOccurs="0"/>
              <xs:element name="kind">
                <xs:annotation>
                  <xs:documentation>Report kind: initial report, replacing information or supplementary information.</xs:documentation>
                </xs:annotation>
                <xs:simpleType>
                  <xs:restriction base="xs:string">
                    <xs:enumeration value="INITIAL"/>
                    <xs:enumeration value="REPLACING"/>
                    <xs:enumeration value="SUPPLEMENTARY_INFO"/>
                  </xs:restriction>
                </xs:simpleType>
              </xs:element>
              <xs:element name="cadastralIncome" type="com:cadastralIncome" minOccurs="0" maxOccurs="1">
                <xs:annotation>
                  <xs:documentation>Will only be present if the closed dossier concerns a Cadastral Income Objection.</xs:documentation>
                </xs:annotation>
              </xs:element>
              <xs:element name="date" type="xs:date">
                <xs:annotation>
                  <xs:documentation>Date when the report was created.</xs:documentation>
                </xs:annotation>
              </xs:element>
              <xs:element name="motivation" type="com:text">
                <xs:annotation>
                  <xs:documentation>Motivation text</xs:documentation>
                </xs:annotation>
              </xs:element>
              <xs:element name="newState" minOccurs="0" maxOccurs="99">
                <xs:annotation>
                  <xs:documentation>New state of the property</xs:documentation>
                </xs:annotation>
                <xs:complexType>
                  <xs:sequence>
                    <xs:element name="parcel" type="newStateParcel" minOccurs="1" maxOccurs="999"/>
                    <xs:element name="owner" type="owner" minOccurs="1" maxOccurs="999"/>
                  </xs:sequence>
                </xs:complexType>
              </xs:element>
            </xs:sequence>
          </xs:complexType>
        </xs:element>
        <xs:element name="linkedDossier" minOccurs="0" maxOccurs="99">
          <xs:annotation>
            <xs:documentation>Dossier number which is in someway linked to this dossier</xs:documentation>
          </xs:annotation>
          <xs:complexType>
            <xs:sequence>
              <xs:element name="referenceInitialService" type="com:longstring" minOccurs="0">
                <xs:annotation>
                  <xs:documentation>Reference of the initial service. Will be present if the linked dossier was imported.</xs:documentation>
                </xs:annotation>
              </xs:element>
              <xs:element name="technicalReferenceInitialService" type="com:longstring" minOccurs="0">
                <xs:annotation>
                  <xs:documentation>Technical reference of the initial service.  Will be present if the linked dossier was imported with a technical reference.</xs:documentation>
                </xs:annotation>
              </xs:element>
              <xs:element name="referenceFodFin" type="com:referenceFodFin">
                <xs:annotation>
                  <xs:documentation>Reference of Regondes2</xs:documentation>
                </xs:annotation>
              </xs:element>
            </xs:sequence>
          </xs:complexType>
        </xs:element>
        <xs:element name="attachment" minOccurs="0" maxOccurs="99" type="com:attachment">
          <xs:annotation>
            <xs:documentation>Attached files which contain information about the dossier.</xs:documentation>
          </xs:annotation>
        </xs:element>
      </xs:sequence>
    </xs:complexType>
  </xs:element>
  <xs:complexType name="newStateParcel">
    <xs:annotation>
      <xs:documentation>New state of the parcel</xs:documentation>
    </xs:annotation>
    <xs:complexContent>
      <xs:extension base="parcel">
        <xs:sequence>
          <xs:element name="cadastralInformation" minOccurs="0" maxOccurs="99">
            <xs:annotation>
              <xs:documentation>Cadastral Information.</xs:documentation>
            </xs:annotation>
            <xs:complexType>
              <xs:sequence>
                <xs:element name="codeCadastralIncome" type="com:codeCadastralIncome">
                  <xs:annotation>
                    <xs:documentation>Code of the cadastral income.</xs:documentation>
                  </xs:annotation>
                </xs:element>
                <xs:element name="cadastralIncome" type="xs:nonNegativeInteger">
                  <xs:annotation>
                    <xs:documentation>Cadastral income</xs:documentation>
                  </xs:annotation>
                </xs:element>
                <xs:element name="cadastralIncomePart" type="xs:nonNegativeInteger" minOccurs="0">
                  <xs:annotation>
                    <xs:documentation>Part of the cadastral income depending on unfruitful days. Only present if case of unfruitfulness. (dossier type LI)</xs:documentation>
                  </xs:annotation>
                </xs:element>
                <xs:element name="exemption" type="xs:nonNegativeInteger" minOccurs="0">
                  <xs:annotation>
                    <xs:documentation>Exemption. Only present if case of unfruitfulness. (dossier type LI)</xs:documentation>
                  </xs:annotation>
                </xs:element>
                <xs:element name="daysUnfruitful" type="xs:nonNegativeInteger" minOccurs="0">
                  <xs:annotation>
                    <xs:documentation>Days unfruitful. Only present if case of unfruitfulness. (dossier type LI)</xs:documentation>
                  </xs:annotation>
                </xs:element>
              </xs:sequence>
            </xs:complexType>
          </xs:element>
        </xs:sequence>
      </xs:extension>
    </xs:complexContent>
  </xs:complexType>
  <xs:complexType name="parcel">
    <xs:annotation>
      <xs:documentation>Parcel information</xs:documentation>
    </xs:annotation>
    <xs:sequence>
      <xs:element name="parcelNumber" type="parcelNumber" minOccurs="0"/>
      <xs:element name="situation" minOccurs="0">
        <xs:annotation>
          <xs:documentation>The location of the parcel.</xs:documentation>
        </xs:annotation>
        <xs:simpleType>
          <xs:restriction base="com:shortstring">
            <xs:minLength value="1"/>
          </xs:restriction>
        </xs:simpleType>
      </xs:element>
      <xs:element name="kind" type="com:shortstring" minOccurs="0">
        <xs:annotation>
          <xs:documentation>The kind of parcel.</xs:documentation>
        </xs:annotation>
      </xs:element>
      <xs:element name="details" type="com:shortstring" minOccurs="0">
        <xs:annotation>
          <xs:documentation>Extra information with details about the parcel.</xs:documentation>
        </xs:annotation>
      </xs:element>
      <xs:choice>
        <xs:sequence>
          <xs:element name="articleNumber" type="com:articleNumberType">
            <xs:annotation>
              <xs:documentation>Article number</xs:documentation>
            </xs:annotation>
          </xs:element>
          <xs:element name="sequenceNumber" type="com:shortstring">
            <xs:annotation>
              <xs:documentation>Sequence number</xs:documentation>
            </xs:annotation>
          </xs:element>
        </xs:sequence>
        <xs:element name="propertySituationNumber" type="com:shortstring">
          <xs:annotation>
            <xs:documentation>Property situation number</xs:documentation>
          </xs:annotation>
        </xs:element>
      </xs:choice>
    </xs:sequence>
  </xs:complexType>
  <xs:complexType name="parcelNumber">
    <xs:annotation>
      <xs:documentation>Parcel number</xs:documentation>
    </xs:annotation>
    <xs:sequence>
      <xs:element name="section" minOccurs="0">
        <xs:annotation>
          <xs:documentation>Section</xs:documentation>
        </xs:annotation>
        <xs:simpleType>
          <xs:restriction base="com:shortstring">
            <xs:minLength value="1"/>
          </xs:restriction>
        </xs:simpleType>
      </xs:element>
      <xs:element name="groundNumber" minOccurs="0">
        <xs:annotation>
          <xs:documentation>Ground number.</xs:documentation>
        </xs:annotation>
        <xs:simpleType>
          <xs:restriction base="com:shortstring">
            <xs:minLength value="1"/>
          </xs:restriction>
        </xs:simpleType>
      </xs:element>
      <xs:element name="bisNumber" minOccurs="0">
        <xs:annotation>
          <xs:documentation>Bis number</xs:documentation>
        </xs:annotation>
        <xs:simpleType>
          <xs:restriction base="com:shortstring">
            <xs:minLength value="1"/>
          </xs:restriction>
        </xs:simpleType>
      </xs:element>
      <xs:element name="exponent" minOccurs="0">
        <xs:annotation>
          <xs:documentation>Exponent</xs:documentation>
        </xs:annotation>
        <xs:simpleType>
          <xs:restriction base="com:shortstring">
            <xs:minLength value="1"/>
          </xs:restriction>
        </xs:simpleType>
      </xs:element>
      <xs:element name="power" minOccurs="0">
        <xs:annotation>
          <xs:documentation>Power</xs:documentation>
        </xs:annotation>
        <xs:simpleType>
          <xs:restriction base="com:shortstring">
            <xs:minLength value="1"/>
          </xs:restriction>
        </xs:simpleType>
      </xs:element>
      <xs:element name="part" minOccurs="0">
        <xs:annotation>
          <xs:documentation>Part</xs:documentation>
        </xs:annotation>
        <xs:simpleType>
          <xs:restriction base="com:shortstring">
            <xs:minLength value="1"/>
          </xs:restriction>
        </xs:simpleType>
      </xs:element>
    </xs:sequence>
  </xs:complexType>
  <xs:complexType name="owner">
    <xs:annotation>
      <xs:documentation>Owner of the parcel.</xs:documentation>
    </xs:annotation>
    <xs:sequence>
      <xs:choice>
        <xs:element name="person" type="person"></xs:element>
        <xs:element name="company" type="company"/>
      </xs:choice>
      <xs:element name="rights" type="com:shortstring" minOccurs="0">
        <xs:annotation>
          <xs:documentation>Rights of the owner.</xs:documentation>
        </xs:annotation>
      </xs:element>
      <xs:element name="ownerType" minOccurs="0">
        <xs:annotation>
          <xs:documentation>Type of owner. Can be: IN_COMMUNITY, NATURAL_PERSON, LEGAL_PERSON or OTHER</xs:documentation>
        </xs:annotation>
        <xs:simpleType>
          <xs:restriction base="xs:string">
            <xs:enumeration value="IN_COMMUNITY"/>
            <xs:enumeration value="NATURAL_PERSON"/>
            <xs:enumeration value="LEGAL_PERSON"/>
            <xs:enumeration value="OTHER"/>
          </xs:restriction>
        </xs:simpleType>
      </xs:element>
    </xs:sequence>
  </xs:complexType>
  <xs:complexType name="person">
    <xs:annotation>
      <xs:documentation>Person data.</xs:documentation>
    </xs:annotation>
    <xs:sequence>
      <xs:choice minOccurs="0">
        <xs:element name="socialSecurityNumber" type="com:personIdNumber">
          <xs:annotation>
            <xs:documentation>Social security number.</xs:documentation>
          </xs:annotation>
        </xs:element>
        <xs:element name="persIDF" type="com:personIdNumber">
          <xs:annotation>
            <xs:documentation>persIDF</xs:documentation>
          </xs:annotation>
        </xs:element>
        <xs:element name="bisNumber" type="com:personIdNumber">
          <xs:annotation>
            <xs:documentation>BIS-number</xs:documentation>
          </xs:annotation>
        </xs:element>
      </xs:choice>
      <xs:element name="firstname" type="com:longstring" minOccurs="0">
        <xs:annotation>
          <xs:documentation>First name</xs:documentation>
        </xs:annotation>
      </xs:element>
      <xs:element name="lastname" type="com:longstring" minOccurs="0">
        <xs:annotation>
          <xs:documentation>Last name</xs:documentation>
        </xs:annotation>
      </xs:element>
    </xs:sequence>
  </xs:complexType>
  <xs:complexType name="company">
    <xs:sequence>
      <xs:element name="cbeNumber" type="com:cbeNumber" minOccurs="0">
        <xs:annotation>
          <xs:documentation>CBE number</xs:documentation>
        </xs:annotation>
      </xs:element>
      <xs:element name="name" type="com:longstring" minOccurs="0">
        <xs:annotation>
          <xs:documentation>Company name</xs:documentation>
        </xs:annotation>
      </xs:element>
    </xs:sequence>
  </xs:complexType>
</xs:schema>]]></con:content><con:type>http://www.w3.org/2001/XMLSchema</con:type></con:part><con:part><con:url>file:/home/isr/git/parent/exportfromregondesservice/ExportFromRegondesServiceGateway/src/main/resources/wsdl/exportFromRegondesService/1.0.0/regondes/Regondes2ExportPostponedDossiers.xsd</con:url><con:content><![CDATA[<!--Regondes2ExportPostponedDossiers.xsd version 1.0-->
<xs:schema targetNamespace="http://www.minfin.fgov.be/regondes2/extern/taxservice/exports/postponedDossiers" elementFormDefault="qualified" attributeFormDefault="unqualified" xmlns="http://www.minfin.fgov.be/regondes2/extern/taxservice/exports/postponedDossiers" xmlns:xs="http://www.w3.org/2001/XMLSchema" xmlns:com="http://www.minfin.fgov.be/regondes2/extern/taxservice/common">
  <xs:import namespace="http://www.minfin.fgov.be/regondes2/extern/taxservice/common" schemaLocation="Regondes2Common.xsd"/>
  <xs:element name="postponedDossier">
    <xs:complexType>
      <xs:sequence>
        <xs:element name="referenceFodFin" type="com:longstring">
          <xs:annotation>
            <xs:documentation>Reference given by Regondes2 to uniquely identify the dossier.</xs:documentation>
          </xs:annotation>
        </xs:element>
        <xs:element name="initialService" type="com:basicInitialService"/>
        <xs:element name="postponement">
          <xs:complexType>
            <xs:sequence>
              <xs:element name="datePostponement" type="xs:date">
                <xs:annotation>
                  <xs:documentation>Date when the dossier was postponed</xs:documentation>
                </xs:annotation>
              </xs:element>
              <xs:element name="reasonPostponed" type="com:longstring">
                <xs:annotation>
                  <xs:documentation>Reason of postponement.</xs:documentation>
                </xs:annotation>
              </xs:element>
              <xs:element name="newTargetDate" type="xs:date">
                <xs:annotation>
                  <xs:documentation>New target date</xs:documentation>
                </xs:annotation>
              </xs:element>
            </xs:sequence>
          </xs:complexType>
        </xs:element>
      </xs:sequence>
    </xs:complexType>
  </xs:element>
</xs:schema>]]></con:content><con:type>http://www.w3.org/2001/XMLSchema</con:type></con:part><con:part><con:url>file:/home/isr/git/parent/exportfromregondesservice/ExportFromRegondesServiceGateway/src/main/resources/wsdl/exportFromRegondesService/1.0.0/regondes/Regondes2ExportServiceChanged.xsd</con:url><con:content><![CDATA[<!--Regondes2ExportServiceChanged.xsd version 1.0-->
<xs:schema targetNamespace="http://www.minfin.fgov.be/regondes2/extern/taxservice/exports/serviceChanged" elementFormDefault="qualified" attributeFormDefault="unqualified" xmlns="http://www.minfin.fgov.be/regondes2/extern/taxservice/exports/serviceChanged" xmlns:xs="http://www.w3.org/2001/XMLSchema" xmlns:com="http://www.minfin.fgov.be/regondes2/extern/taxservice/common">
  <xs:import namespace="http://www.minfin.fgov.be/regondes2/extern/taxservice/common" schemaLocation="Regondes2Common.xsd"/>
  <xs:element name="serviceChange">
    <xs:complexType>
      <xs:sequence>
        <xs:element name="referenceFodFin" type="com:longstring">
          <xs:annotation>
            <xs:documentation>Reference given by Regondes2 to uniquely identify the dossier.</xs:documentation>
          </xs:annotation>
        </xs:element>
        <xs:element name="initialService" type="com:basicInitialService"/>
        <xs:element name="transfer" minOccurs="1" maxOccurs="99">
          <xs:annotation>
            <xs:documentation>Information about the transfer of a dossier.</xs:documentation>
          </xs:annotation>
          <xs:complexType>
            <xs:sequence>
              <xs:element name="serviceName" type="com:shortstring">
                <xs:annotation>
                  <xs:documentation>Name of the service which handled the dossier.</xs:documentation>
                </xs:annotation>
              </xs:element>
              <xs:element name="dateIn" type="xs:date">
                <xs:annotation>
                  <xs:documentation>Date in</xs:documentation>
                </xs:annotation>
              </xs:element>
              <xs:element name="dateOut" type="xs:date" minOccurs="0">
                <xs:annotation>
                  <xs:documentation>Date out</xs:documentation>
                </xs:annotation>
              </xs:element>
              <xs:element name="official">
                <xs:annotation>
                  <xs:documentation>Official to which the dossier has been assigned to.</xs:documentation>
                </xs:annotation>
                <xs:complexType>
                  <xs:sequence>
                    <xs:element name="firstName" type="com:longstring">
                      <xs:annotation>
                        <xs:documentation>First name</xs:documentation>
                      </xs:annotation>
                    </xs:element>
                    <xs:element name="lastName" type="com:longstring">
                      <xs:annotation>
                        <xs:documentation>Last name</xs:documentation>
                      </xs:annotation>
                    </xs:element>
                    <xs:element name="phoneNumber" type="com:shortstring">
                      <xs:annotation>
                        <xs:documentation>Phone number</xs:documentation>
                      </xs:annotation>
                    </xs:element>
                    <xs:element name="email" type="com:emailAddress">
                      <xs:annotation>
                        <xs:documentation>E-mail address</xs:documentation>
                      </xs:annotation>
                    </xs:element>
                  </xs:sequence>
                </xs:complexType>
              </xs:element>
            </xs:sequence>
          </xs:complexType>
        </xs:element>
      </xs:sequence>
    </xs:complexType>
  </xs:element>
</xs:schema>]]></con:content><con:type>http://www.w3.org/2001/XMLSchema</con:type></con:part></con:definitionCache><con:endpoints><con:endpoint>http://fidus.brussels/services/exportfromregondesservice/v1</con:endpoint></con:endpoints><con:operation id="e3e61421-edc5-4fd6-b01b-7d127607ec27" isOneWay="false" action="http://fidus.brussels/services/exportfromregondesservice/closedDossier" name="closedDossier" bindingOperationName="closedDossier" type="Request-Response" inputName="" receivesAttachments="false" sendsAttachments="false" anonymous="optional"><con:settings/><con:call id="6ef336dc-c91c-457f-865d-ea76a66207b9" name="1 - Local - Request - Error" incomingWss="Inflow DEV" outgoingWss="Outflow DEV"><con:settings><con:setting id="com.eviware.soapui.impl.wsdl.WsdlRequest@request-headers">&lt;xml-fragment/></con:setting></con:settings><con:encoding>UTF-8</con:encoding><con:endpoint>https://localhost:8243/services/ExportFromRegondesService_v1.0</con:endpoint><con:request><![CDATA[<soapenv:Envelope xmlns:soapenv="http://schemas.xmlsoap.org/soap/envelope/" xmlns:v1="http://fidus.brussels/service/exportfromregondesservice/messages/v1" xmlns:v11="http://fidus.brussels/type/common/messages/v1" xmlns:clos="http://www.minfin.fgov.be/regondes2/extern/taxservice/exports/closedDossiers" xmlns:com="http://www.minfin.fgov.be/regondes2/extern/taxservice/common">
   <soapenv:Header/>
   <soapenv:Body>
      <v1:closedDossierRequest>
         <v1:messageContext>
            <v11:messageId>${=import static java.util.UUID.randomUUID; uuid = randomUUID() as String}</v11:messageId>
            <v11:timestamp>${=new java.text.SimpleDateFormat("yyyy-MM-dd'T'HH:mm:ss.SSS").format(new Date())}</v11:timestamp>
         </v1:messageContext>
         <v1:legalContext>ServiceIntegrator</v1:legalContext>
         <v1:request>
            <clos:closedDossier>
            	<!-- <clos:referenceFodFin>11223347</clos:referenceFodFin> --> <!-- Technical reference not found -->
               <!-- <clos:referenceFodFin>11223346</clos:referenceFodFin> --> <!-- Reference not found -->  
               <clos:referenceFodFin>11223346</clos:referenceFodFin> <!-- Requested dossier is already close -->
               <clos:fiscalYear>2017</clos:fiscalYear>
               <clos:initialService>
                  <com:technicalReference>technicalReference</com:technicalReference>
                  <com:type>AAF</com:type>
                  <clos:reference>reference</clos:reference>
               </clos:initialService>
               <clos:patrimonyInformation>
                  <clos:typeDossier>AA</clos:typeDossier>
                  <clos:patrimonyFrom>${=new java.text.SimpleDateFormat("yyyy-MM-dd").format(new Date())}</clos:patrimonyFrom>
                  <clos:patrimonyRef>1</clos:patrimonyRef>
                  <clos:cadastralDivisionCode>YYY</clos:cadastralDivisionCode>
                  <clos:articleNumber>51</clos:articleNumber>
               </clos:patrimonyInformation>
               <clos:report>
                  <clos:type>S</clos:type>
                  <clos:subtype>subtype</clos:subtype>
                  <clos:kind>INITIAL</clos:kind>
                  <clos:cadastralIncome>
                     <com:codeCadastralIncome>a</com:codeCadastralIncome>
                     <com:definitiveCadastralIncome>12</com:definitiveCadastralIncome>
                     <com:dateDefinitive>${=new java.text.SimpleDateFormat("yyyy-MM-dd").format(new Date())}</com:dateDefinitive>
                     <com:reasonDefinitive>my reason</com:reasonDefinitive>
                  </clos:cadastralIncome>
                  <clos:date>${=new java.text.SimpleDateFormat("yyyy-MM-dd").format(new Date())}</clos:date>
                  <clos:motivation>No motivation</clos:motivation>
                  <!--0 to 99 repetitions:-->
                  <clos:newState>
                     <!--1 to 999 repetitions:-->
                     <clos:parcel>
                        <clos:parcelNumber>
                           <clos:section>55254</clos:section>
                           <clos:groundNumber>9555</clos:groundNumber>
                           <clos:bisNumber>2525</clos:bisNumber>
                           <clos:exponent>1414</clos:exponent>
                           <clos:power>me</clos:power>
                           <clos:part>4</clos:part>
                        </clos:parcelNumber>
                        <clos:situation>invalid</clos:situation>
                        <clos:kind>no</clos:kind>
                        <clos:details>test</clos:details>
                        <!--You have a CHOICE of the next 2 items at this level-->
                        <clos:articleNumber>1141</clos:articleNumber>
                        <clos:sequenceNumber>3215</clos:sequenceNumber>
                        <!--0 to 99 repetitions:-->
                        <clos:cadastralInformation>
                           <clos:codeCadastralIncome>12</clos:codeCadastralIncome>
                           <clos:cadastralIncome>12</clos:cadastralIncome>
                           <clos:cadastralIncomePart>42</clos:cadastralIncomePart>
                           <clos:exemption>52</clos:exemption>
                           <clos:daysUnfruitful>5</clos:daysUnfruitful>
                        </clos:cadastralInformation>
                     </clos:parcel>
                     <!--1 to 999 repetitions:-->
                     <clos:owner>
                        <!--You have a CHOICE of the next 2 items at this level-->
                        <clos:person>
                           <!--You have a CHOICE of the next 3 items at this level-->
                           <clos:socialSecurityNumber>125</clos:socialSecurityNumber>
                           <clos:lastname>baptiste</clos:lastname>
                        </clos:person>
                        <clos:rights>Admin</clos:rights>
                        <clos:ownerType>LEGAL_PERSON</clos:ownerType>
                     </clos:owner>
                  </clos:newState>
               </clos:report>
               <!--0 to 99 repetitions:-->
               <clos:linkedDossier>
                  <clos:referenceInitialService>referenceInitialService</clos:referenceInitialService>
                  <clos:referenceFodFin>15</clos:referenceFodFin>
               </clos:linkedDossier>
               <!--0 to 99 repetitions:-->
               <clos:attachment>
                  <com:fileName>cirb</com:fileName>
                  <com:data>    1234   </com:data>
               </clos:attachment>
            </clos:closedDossier>
         </v1:request>
      </v1:closedDossierRequest>
   </soapenv:Body>
</soapenv:Envelope>]]></con:request><con:credentials><con:selectedAuthProfile>Basic</con:selectedAuthProfile><con:addedBasicAuthenticationTypes>Basic</con:addedBasicAuthenticationTypes><con:authType>Global HTTP Settings</con:authType></con:credentials><con:jmsConfig JMSDeliveryMode="PERSISTENT"/><con:jmsPropertyConfig/><con:wsaConfig mustUnderstand="NONE" version="200508" action="http://fidus.brussels/services/exportfromregondesservice/closedDossier"/><con:wsrmConfig version="1.2"/></con:call><con:call id="30fa1120-7de9-47cd-a7cc-28b189725e14" name="1 - Local - Request - Success" incomingWss="Inflow DEV" outgoingWss="Outflow DEV"><con:settings><con:setting id="com.eviware.soapui.impl.wsdl.WsdlRequest@request-headers">&lt;xml-fragment/></con:setting></con:settings><con:encoding>UTF-8</con:encoding><con:endpoint>https://localhost:8243/services/ExportFromRegondesService_v1.0</con:endpoint><con:request><![CDATA[<soapenv:Envelope xmlns:soapenv="http://schemas.xmlsoap.org/soap/envelope/" xmlns:v1="http://fidus.brussels/service/exportfromregondesservice/messages/v1" xmlns:v11="http://fidus.brussels/type/common/messages/v1" xmlns:clos="http://www.minfin.fgov.be/regondes2/extern/taxservice/exports/closedDossiers" xmlns:com="http://www.minfin.fgov.be/regondes2/extern/taxservice/common">
   <soapenv:Header/>
   <soapenv:Body>
      <v1:closedDossierRequest>
         <v1:messageContext>
            <v11:messageId>${=import static java.util.UUID.randomUUID; uuid = randomUUID() as String}</v11:messageId>
            <v11:timestamp>${=new java.text.SimpleDateFormat("yyyy-MM-dd'T'HH:mm:ss.SSS").format(new Date())}</v11:timestamp>
         </v1:messageContext>
         <v1:legalContext>ServiceIntegrator</v1:legalContext>
         <v1:request>
            <clos:closedDossier> 
               <clos:referenceFodFin>11223346</clos:referenceFodFin>
               <clos:fiscalYear>2017</clos:fiscalYear>
               <clos:initialService>
                  <com:technicalReference>technicalReference</com:technicalReference>
                  <com:type>VLABEL</com:type>
                  <clos:reference>reference</clos:reference>
               </clos:initialService>
               <clos:patrimonyInformation>
                  <clos:typeDossier>AA</clos:typeDossier>
                  <clos:patrimonyFrom>${=new java.text.SimpleDateFormat("yyyy-MM-dd").format(new Date())}</clos:patrimonyFrom>
                  <clos:patrimonyRef>1</clos:patrimonyRef>
                  <clos:cadastralDivisionCode>YYY</clos:cadastralDivisionCode>
                  <clos:articleNumber>51</clos:articleNumber>
               </clos:patrimonyInformation>
               <clos:report>
                  <clos:type>P</clos:type>
                  <clos:subtype>subtype</clos:subtype>
                  <clos:kind>INITIAL</clos:kind>
                  <clos:cadastralIncome>
                     <com:codeCadastralIncome>a</com:codeCadastralIncome>
                     <com:definitiveCadastralIncome>12</com:definitiveCadastralIncome>
                     <com:dateDefinitive>${=new java.text.SimpleDateFormat("yyyy-MM-dd").format(new Date())}</com:dateDefinitive>
                     <com:reasonDefinitive>my reason</com:reasonDefinitive>
                  </clos:cadastralIncome>
                  <clos:date>${=new java.text.SimpleDateFormat("yyyy-MM-dd").format(new Date())}</clos:date>
                  <clos:motivation>No motivation</clos:motivation>
                  <!--0 to 99 repetitions:-->
                  <clos:newState>
                     <!--1 to 999 repetitions:-->
                     <clos:parcel>
                        <clos:parcelNumber>
                           <clos:section>55254</clos:section>
                           <clos:groundNumber>9555</clos:groundNumber>
                           <clos:bisNumber>2525</clos:bisNumber>
                           <clos:exponent>1414</clos:exponent>
                           <clos:power>me</clos:power>
                           <clos:part>4</clos:part>
                        </clos:parcelNumber>
                        <clos:situation>invalid</clos:situation>
                        <clos:kind>no</clos:kind>
                        <clos:details>test</clos:details>
                        <!--You have a CHOICE of the next 2 items at this level-->
                        <clos:articleNumber>1141</clos:articleNumber>
                        <clos:sequenceNumber>3215</clos:sequenceNumber>
                        <!--0 to 99 repetitions:-->
                        <clos:cadastralInformation>
                           <clos:codeCadastralIncome>12</clos:codeCadastralIncome>
                           <clos:cadastralIncome>12</clos:cadastralIncome>
                           <clos:cadastralIncomePart>42</clos:cadastralIncomePart>
                           <clos:exemption>52</clos:exemption>
                           <clos:daysUnfruitful>5</clos:daysUnfruitful>
                        </clos:cadastralInformation>
                     </clos:parcel>
                     <!--1 to 999 repetitions:-->
                     <clos:owner>
                        <!--You have a CHOICE of the next 2 items at this level-->
                        <clos:person>
                           <!--You have a CHOICE of the next 3 items at this level-->
                           <clos:socialSecurityNumber>125</clos:socialSecurityNumber>
                           <clos:lastname>baptiste</clos:lastname>
                        </clos:person>
                        <clos:rights>Admin</clos:rights>
                        <clos:ownerType>LEGAL_PERSON</clos:ownerType>
                     </clos:owner>
                  </clos:newState>
               </clos:report>
               <!--0 to 99 repetitions:-->
               <clos:linkedDossier>
                  <clos:referenceInitialService>referenceInitialService</clos:referenceInitialService>
                  <clos:referenceFodFin>15</clos:referenceFodFin>
               </clos:linkedDossier>
               <!--0 to 99 repetitions:-->
               <clos:attachment>
                  <com:fileName>cirb</com:fileName>
                  <com:data>    1234   </com:data>
               </clos:attachment>
            </clos:closedDossier>
         </v1:request>
      </v1:closedDossierRequest>
   </soapenv:Body>
</soapenv:Envelope>]]></con:request><con:credentials><con:selectedAuthProfile>Basic</con:selectedAuthProfile><con:addedBasicAuthenticationTypes>Basic</con:addedBasicAuthenticationTypes><con:authType>Global HTTP Settings</con:authType></con:credentials><con:jmsConfig JMSDeliveryMode="PERSISTENT"/><con:jmsPropertyConfig/><con:wsaConfig mustUnderstand="NONE" version="200508" action="http://fidus.brussels/services/exportfromregondesservice/closedDossier"/><con:wsrmConfig version="1.2"/></con:call><con:call id="dc60e283-719d-4d9a-9a81-9a8732b9cc62" name="2 - Dev - Request - Success" outgoingWss="Outflow DEV" incomingWss="Inflow DEV"><con:settings><con:setting id="com.eviware.soapui.impl.wsdl.WsdlRequest@request-headers">&lt;xml-fragment/></con:setting></con:settings><con:encoding>UTF-8</con:encoding><con:endpoint>https://192.168.36.61:8243/services/ExportFromRegondesService_v1.0</con:endpoint><con:request><![CDATA[<soapenv:Envelope xmlns:soapenv="http://schemas.xmlsoap.org/soap/envelope/" xmlns:v1="http://fidus.brussels/service/exportfromregondesservice/messages/v1" xmlns:v11="http://fidus.brussels/type/common/messages/v1" xmlns:clos="http://www.minfin.fgov.be/regondes2/extern/taxservice/exports/closedDossiers" xmlns:com="http://www.minfin.fgov.be/regondes2/extern/taxservice/common">
   <soapenv:Header/>
   <soapenv:Body>
      <v1:closedDossierRequest>
         <v1:messageContext>
            <v11:messageId>${=import static java.util.UUID.randomUUID; uuid = randomUUID() as String}</v11:messageId>
            <v11:timestamp>${=new java.text.SimpleDateFormat("yyyy-MM-dd'T'HH:mm:ss.SSS").format(new Date())}</v11:timestamp>
         </v1:messageContext>
         <v1:legalContext>ServiceIntegrator</v1:legalContext>
         <v1:request>
            <clos:closedDossier> 
               <clos:referenceFodFin>11223344</clos:referenceFodFin>
               <clos:fiscalYear>2017</clos:fiscalYear>
               <clos:initialService>
                  <com:technicalReference>technicalReference</com:technicalReference>
                  <com:type>AAF</com:type>
                  <clos:reference>reference</clos:reference>
               </clos:initialService>
               <clos:patrimonyInformation>
                  <clos:typeDossier>AA</clos:typeDossier>
                  <clos:patrimonyFrom>${=new java.text.SimpleDateFormat("yyyy-MM-dd").format(new Date())}</clos:patrimonyFrom>
                  <clos:patrimonyRef>1</clos:patrimonyRef>
                  <clos:cadastralDivisionCode>YYY</clos:cadastralDivisionCode>
                  <clos:articleNumber>51</clos:articleNumber>
               </clos:patrimonyInformation>
               <clos:report>
                  <clos:type>S</clos:type>
                  <clos:subtype>subtype</clos:subtype>
                  <clos:kind>INITIAL</clos:kind>
                  <clos:cadastralIncome>
                     <com:codeCadastralIncome>a</com:codeCadastralIncome>
                     <com:definitiveCadastralIncome>12</com:definitiveCadastralIncome>
                     <com:dateDefinitive>${=new java.text.SimpleDateFormat("yyyy-MM-dd").format(new Date())}</com:dateDefinitive>
                     <com:reasonDefinitive>my reason</com:reasonDefinitive>
                  </clos:cadastralIncome>
                  <clos:date>${=new java.text.SimpleDateFormat("yyyy-MM-dd").format(new Date())}</clos:date>
                  <clos:motivation>No motivation</clos:motivation>
                  <!--0 to 99 repetitions:-->
                  <clos:newState>
                     <!--1 to 999 repetitions:-->
                     <clos:parcel>
                        <clos:parcelNumber>
                           <clos:section>55254</clos:section>
                           <clos:groundNumber>9555</clos:groundNumber>
                           <clos:bisNumber>2525</clos:bisNumber>
                           <clos:exponent>1414</clos:exponent>
                           <clos:power>me</clos:power>
                           <clos:part>4</clos:part>
                        </clos:parcelNumber>
                        <clos:situation>invalid</clos:situation>
                        <clos:kind>no</clos:kind>
                        <clos:details>test</clos:details>
                        <!--You have a CHOICE of the next 2 items at this level-->
                        <clos:articleNumber>1141</clos:articleNumber>
                        <clos:sequenceNumber>3215</clos:sequenceNumber>
                        <!--0 to 99 repetitions:-->
                        <clos:cadastralInformation>
                           <clos:codeCadastralIncome>12</clos:codeCadastralIncome>
                           <clos:cadastralIncome>12</clos:cadastralIncome>
                           <clos:cadastralIncomePart>42</clos:cadastralIncomePart>
                           <clos:exemption>52</clos:exemption>
                           <clos:daysUnfruitful>5</clos:daysUnfruitful>
                        </clos:cadastralInformation>
                     </clos:parcel>
                     <!--1 to 999 repetitions:-->
                     <clos:owner>
                        <!--You have a CHOICE of the next 2 items at this level-->
                        <clos:person>
                           <!--You have a CHOICE of the next 3 items at this level-->
                           <clos:socialSecurityNumber>125</clos:socialSecurityNumber>
                           <clos:lastname>baptiste</clos:lastname>
                        </clos:person>
                        <clos:rights>Admin</clos:rights>
                        <clos:ownerType>LEGAL_PERSON</clos:ownerType>
                     </clos:owner>
                  </clos:newState>
               </clos:report>
               <!--0 to 99 repetitions:-->
               <clos:linkedDossier>
                  <clos:referenceInitialService>referenceInitialService</clos:referenceInitialService>
                  <clos:referenceFodFin>15</clos:referenceFodFin>
               </clos:linkedDossier>
               <!--0 to 99 repetitions:-->
               <clos:attachment>
                  <com:fileName>cirb</com:fileName>
                  <com:data>    1234   </com:data>
               </clos:attachment>
            </clos:closedDossier>
         </v1:request>
      </v1:closedDossierRequest>
   </soapenv:Body>
</soapenv:Envelope>]]></con:request><con:credentials><con:selectedAuthProfile>Basic</con:selectedAuthProfile><con:addedBasicAuthenticationTypes>Basic</con:addedBasicAuthenticationTypes><con:authType>Global HTTP Settings</con:authType></con:credentials><con:jmsConfig JMSDeliveryMode="PERSISTENT"/><con:jmsPropertyConfig/><con:wsaConfig mustUnderstand="NONE" version="200508" action="http://fidus.brussels/services/exportfromregondesservice/closedDossier"/><con:wsrmConfig version="1.2"/></con:call><con:call id="91913852-6173-400c-a071-565eba830524" name="2 - Dev - Request - Error" outgoingWss="Outflow DEV" incomingWss="Inflow DEV"><con:settings><con:setting id="com.eviware.soapui.impl.wsdl.WsdlRequest@request-headers">&lt;xml-fragment/></con:setting></con:settings><con:encoding>UTF-8</con:encoding><con:endpoint>https://192.168.36.61:8243/services/ExportFromRegondesService_v1.0</con:endpoint><con:request><![CDATA[<soapenv:Envelope xmlns:soapenv="http://schemas.xmlsoap.org/soap/envelope/" xmlns:v1="http://fidus.brussels/service/exportfromregondesservice/messages/v1" xmlns:v11="http://fidus.brussels/type/common/messages/v1" xmlns:clos="http://www.minfin.fgov.be/regondes2/extern/taxservice/exports/closedDossiers" xmlns:com="http://www.minfin.fgov.be/regondes2/extern/taxservice/common">
   <soapenv:Header/>
   <soapenv:Body>
      <v1:closedDossierRequest>
         <v1:messageContext>
            <v11:messageId>${=import static java.util.UUID.randomUUID; uuid = randomUUID() as String}</v11:messageId>
            <v11:timestamp>${=new java.text.SimpleDateFormat("yyyy-MM-dd'T'HH:mm:ss.SSS").format(new Date())}</v11:timestamp>
         </v1:messageContext>
         <v1:legalContext>ServiceIntegrator</v1:legalContext>
         <v1:request>
            <clos:closedDossier>
            	<!-- <clos:referenceFodFin>11223347</clos:referenceFodFin> --> <!-- Technical reference not found -->
               <!-- <clos:referenceFodFin>11223346</clos:referenceFodFin> --> <!-- Reference not found -->  
               <clos:referenceFodFin>11223345</clos:referenceFodFin> <!-- Requested dossier is already close -->
               <clos:fiscalYear>2017</clos:fiscalYear>
               <clos:initialService>
                  <com:technicalReference>technicalReference</com:technicalReference>
                  <com:type>AAF</com:type>
                  <clos:reference>reference</clos:reference>
               </clos:initialService>
               <clos:patrimonyInformation>
                  <clos:typeDossier>AA</clos:typeDossier>
                  <clos:patrimonyFrom>${=new java.text.SimpleDateFormat("yyyy-MM-dd").format(new Date())}</clos:patrimonyFrom>
                  <clos:patrimonyRef>1</clos:patrimonyRef>
                  <clos:cadastralDivisionCode>YYY</clos:cadastralDivisionCode>
                  <clos:articleNumber>51</clos:articleNumber>
               </clos:patrimonyInformation>
               <clos:report>
                  <clos:type>S</clos:type>
                  <clos:subtype>subtype</clos:subtype>
                  <clos:kind>INITIAL</clos:kind>
                  <clos:cadastralIncome>
                     <com:codeCadastralIncome>a</com:codeCadastralIncome>
                     <com:definitiveCadastralIncome>12</com:definitiveCadastralIncome>
                     <com:dateDefinitive>${=new java.text.SimpleDateFormat("yyyy-MM-dd").format(new Date())}</com:dateDefinitive>
                     <com:reasonDefinitive>my reason</com:reasonDefinitive>
                  </clos:cadastralIncome>
                  <clos:date>${=new java.text.SimpleDateFormat("yyyy-MM-dd").format(new Date())}</clos:date>
                  <clos:motivation>No motivation</clos:motivation>
                  <!--0 to 99 repetitions:-->
                  <clos:newState>
                     <!--1 to 999 repetitions:-->
                     <clos:parcel>
                        <clos:parcelNumber>
                           <clos:section>55254</clos:section>
                           <clos:groundNumber>9555</clos:groundNumber>
                           <clos:bisNumber>2525</clos:bisNumber>
                           <clos:exponent>1414</clos:exponent>
                           <clos:power>me</clos:power>
                           <clos:part>4</clos:part>
                        </clos:parcelNumber>
                        <clos:situation>invalid</clos:situation>
                        <clos:kind>no</clos:kind>
                        <clos:details>test</clos:details>
                        <!--You have a CHOICE of the next 2 items at this level-->
                        <clos:articleNumber>1141</clos:articleNumber>
                        <clos:sequenceNumber>3215</clos:sequenceNumber>
                        <!--0 to 99 repetitions:-->
                        <clos:cadastralInformation>
                           <clos:codeCadastralIncome>12</clos:codeCadastralIncome>
                           <clos:cadastralIncome>12</clos:cadastralIncome>
                           <clos:cadastralIncomePart>42</clos:cadastralIncomePart>
                           <clos:exemption>52</clos:exemption>
                           <clos:daysUnfruitful>5</clos:daysUnfruitful>
                        </clos:cadastralInformation>
                     </clos:parcel>
                     <!--1 to 999 repetitions:-->
                     <clos:owner>
                        <!--You have a CHOICE of the next 2 items at this level-->
                        <clos:person>
                           <!--You have a CHOICE of the next 3 items at this level-->
                           <clos:socialSecurityNumber>125</clos:socialSecurityNumber>
                           <clos:lastname>baptiste</clos:lastname>
                        </clos:person>
                        <clos:rights>Admin</clos:rights>
                        <clos:ownerType>LEGAL_PERSON</clos:ownerType>
                     </clos:owner>
                  </clos:newState>
               </clos:report>
               <!--0 to 99 repetitions:-->
               <clos:linkedDossier>
                  <clos:referenceInitialService>referenceInitialService</clos:referenceInitialService>
                  <clos:referenceFodFin>15</clos:referenceFodFin>
               </clos:linkedDossier>
               <!--0 to 99 repetitions:-->
               <clos:attachment>
                  <com:fileName>cirb</com:fileName>
                  <com:data>    1234   </com:data>
               </clos:attachment>
            </clos:closedDossier>
         </v1:request>
      </v1:closedDossierRequest>
   </soapenv:Body>
</soapenv:Envelope>]]></con:request><con:credentials><con:selectedAuthProfile>Basic</con:selectedAuthProfile><con:addedBasicAuthenticationTypes>Basic</con:addedBasicAuthenticationTypes><con:authType>Global HTTP Settings</con:authType></con:credentials><con:jmsConfig JMSDeliveryMode="PERSISTENT"/><con:jmsPropertyConfig/><con:wsaConfig mustUnderstand="NONE" version="200508" action="http://fidus.brussels/services/exportfromregondesservice/closedDossier"/><con:wsrmConfig version="1.2"/></con:call><con:call id="7b8f34a3-98a9-4550-bb5f-4933b7af72c4" name="3 - Test - LB - Request" outgoingWss="Outflow TEST" incomingWss="Inflow TEST"><con:settings><con:setting id="com.eviware.soapui.impl.wsdl.WsdlRequest@request-headers">&lt;xml-fragment/></con:setting></con:settings><con:encoding>UTF-8</con:encoding><con:endpoint>https://esb-security-gw.sta.srv.cirb.lan:8443/services/ExportFromRegondesService_v1.0</con:endpoint><con:request><![CDATA[<soapenv:Envelope xmlns:soapenv="http://schemas.xmlsoap.org/soap/envelope/" xmlns:v1="http://fidus.brussels/service/exportfromregondesservice/messages/v1" xmlns:v11="http://fidus.brussels/type/common/messages/v1" xmlns:clos="http://www.minfin.fgov.be/regondes2/extern/taxservice/exports/closedDossiers" xmlns:com="http://www.minfin.fgov.be/regondes2/extern/taxservice/common">
   <soapenv:Header/>
   <soapenv:Body>
      <v1:closedDossierRequest>
         <v1:messageContext>
            <v11:messageId>${=import static java.util.UUID.randomUUID; uuid = randomUUID() as String}</v11:messageId>
            <v11:timestamp>${=new java.text.SimpleDateFormat("yyyy-MM-dd'T'HH:mm:ss.SSS").format(new Date())}</v11:timestamp>
         </v1:messageContext>
         <v1:legalContext>ServiceIntegrator</v1:legalContext>
         <v1:request>
            <clos:closedDossier> 
               <clos:referenceFodFin>11223344</clos:referenceFodFin>
               <clos:fiscalYear>2017</clos:fiscalYear>
               <clos:initialService>
                  <com:technicalReference>technicalReference</com:technicalReference>
                  <com:type>AAF</com:type>
                  <clos:reference>reference</clos:reference>
               </clos:initialService>
               <clos:patrimonyInformation>
                  <clos:typeDossier>AA</clos:typeDossier>
                  <clos:patrimonyFrom>${=new java.text.SimpleDateFormat("yyyy-MM-dd").format(new Date())}</clos:patrimonyFrom>
                  <clos:patrimonyRef>1</clos:patrimonyRef>
                  <clos:cadastralDivisionCode>YYY</clos:cadastralDivisionCode>
                  <clos:articleNumber>51</clos:articleNumber>
               </clos:patrimonyInformation>
               <clos:report>
                  <clos:type>S</clos:type>
                  <clos:subtype>subtype</clos:subtype>
                  <clos:kind>INITIAL</clos:kind>
                  <clos:cadastralIncome>
                     <com:codeCadastralIncome>a</com:codeCadastralIncome>
                     <com:definitiveCadastralIncome>12</com:definitiveCadastralIncome>
                     <com:dateDefinitive>${=new java.text.SimpleDateFormat("yyyy-MM-dd").format(new Date())}</com:dateDefinitive>
                     <com:reasonDefinitive>my reason</com:reasonDefinitive>
                  </clos:cadastralIncome>
                  <clos:date>${=new java.text.SimpleDateFormat("yyyy-MM-dd").format(new Date())}</clos:date>
                  <clos:motivation>No motivation</clos:motivation>
                  <!--0 to 99 repetitions:-->
                  <clos:newState>
                     <!--1 to 999 repetitions:-->
                     <clos:parcel>
                        <clos:parcelNumber>
                           <clos:section>55254</clos:section>
                           <clos:groundNumber>9555</clos:groundNumber>
                           <clos:bisNumber>2525</clos:bisNumber>
                           <clos:exponent>1414</clos:exponent>
                           <clos:power>me</clos:power>
                           <clos:part>4</clos:part>
                        </clos:parcelNumber>
                        <clos:situation>invalid</clos:situation>
                        <clos:kind>no</clos:kind>
                        <clos:details>test</clos:details>
                        <!--You have a CHOICE of the next 2 items at this level-->
                        <clos:articleNumber>1141</clos:articleNumber>
                        <clos:sequenceNumber>3215</clos:sequenceNumber>
                        <!--0 to 99 repetitions:-->
                        <clos:cadastralInformation>
                           <clos:codeCadastralIncome>12</clos:codeCadastralIncome>
                           <clos:cadastralIncome>12</clos:cadastralIncome>
                           <clos:cadastralIncomePart>42</clos:cadastralIncomePart>
                           <clos:exemption>52</clos:exemption>
                           <clos:daysUnfruitful>5</clos:daysUnfruitful>
                        </clos:cadastralInformation>
                     </clos:parcel>
                     <!--1 to 999 repetitions:-->
                     <clos:owner>
                        <!--You have a CHOICE of the next 2 items at this level-->
                        <clos:person>
                           <!--You have a CHOICE of the next 3 items at this level-->
                           <clos:socialSecurityNumber>125</clos:socialSecurityNumber>
                           <clos:lastname>baptiste</clos:lastname>
                        </clos:person>
                        <clos:rights>Admin</clos:rights>
                        <clos:ownerType>LEGAL_PERSON</clos:ownerType>
                     </clos:owner>
                  </clos:newState>
               </clos:report>
               <!--0 to 99 repetitions:-->
               <clos:linkedDossier>
                  <clos:referenceInitialService>referenceInitialService</clos:referenceInitialService>
                  <clos:referenceFodFin>15</clos:referenceFodFin>
               </clos:linkedDossier>
               <!--0 to 99 repetitions:-->
               <clos:attachment>
                  <com:fileName>cirb</com:fileName>
                  <com:data>    1234   </com:data>
               </clos:attachment>
            </clos:closedDossier>
         </v1:request>
      </v1:closedDossierRequest>
   </soapenv:Body>
</soapenv:Envelope>]]></con:request><con:credentials><con:selectedAuthProfile>Basic</con:selectedAuthProfile><con:addedBasicAuthenticationTypes>Basic</con:addedBasicAuthenticationTypes><con:authType>Global HTTP Settings</con:authType></con:credentials><con:jmsConfig JMSDeliveryMode="PERSISTENT"/><con:jmsPropertyConfig/><con:wsaConfig mustUnderstand="NONE" version="200508" action="http://fidus.brussels/services/exportfromregondesservice/closedDossier"/><con:wsrmConfig version="1.2"/></con:call><con:call id="cb38ec83-1105-41ae-9ce1-c8ca5a40b99c" name="3 - Test - Worker1 - Request" incomingWss="Inflow TEST" outgoingWss="Outflow TEST"><con:settings><con:setting id="com.eviware.soapui.impl.wsdl.WsdlRequest@request-headers">&lt;xml-fragment/></con:setting></con:settings><con:encoding>UTF-8</con:encoding><con:endpoint>https://192.168.22.53:8443/services/ExportFromRegondesService_v1.0</con:endpoint><con:request><![CDATA[<soapenv:Envelope xmlns:soapenv="http://schemas.xmlsoap.org/soap/envelope/" xmlns:v1="http://fidus.brussels/service/exportfromregondesservice/messages/v1" xmlns:v11="http://fidus.brussels/type/common/messages/v1" xmlns:clos="http://www.minfin.fgov.be/regondes2/extern/taxservice/exports/closedDossiers" xmlns:com="http://www.minfin.fgov.be/regondes2/extern/taxservice/common">
   <soapenv:Header/>
   <soapenv:Body>
      <v1:closedDossierRequest>
         <v1:messageContext>
            <v11:messageId>${=import static java.util.UUID.randomUUID; uuid = randomUUID() as String}</v11:messageId>
            <v11:timestamp>${=new java.text.SimpleDateFormat("yyyy-MM-dd'T'HH:mm:ss.SSS").format(new Date())}</v11:timestamp>
         </v1:messageContext>
         <v1:legalContext>ServiceIntegrator</v1:legalContext>
         <v1:request>
            <clos:closedDossier> 
               <clos:referenceFodFin>11223344</clos:referenceFodFin>
               <clos:fiscalYear>2017</clos:fiscalYear>
               <clos:initialService>
                  <com:technicalReference>technicalReference</com:technicalReference>
                  <com:type>AAF</com:type>
                  <clos:reference>reference</clos:reference>
               </clos:initialService>
               <clos:patrimonyInformation>
                  <clos:typeDossier>AA</clos:typeDossier>
                  <clos:patrimonyFrom>${=new java.text.SimpleDateFormat("yyyy-MM-dd").format(new Date())}</clos:patrimonyFrom>
                  <clos:patrimonyRef>1</clos:patrimonyRef>
                  <clos:cadastralDivisionCode>YYY</clos:cadastralDivisionCode>
                  <clos:articleNumber>51</clos:articleNumber>
               </clos:patrimonyInformation>
               <clos:report>
                  <clos:type>S</clos:type>
                  <clos:subtype>subtype</clos:subtype>
                  <clos:kind>INITIAL</clos:kind>
                  <clos:cadastralIncome>
                     <com:codeCadastralIncome>a</com:codeCadastralIncome>
                     <com:definitiveCadastralIncome>12</com:definitiveCadastralIncome>
                     <com:dateDefinitive>${=new java.text.SimpleDateFormat("yyyy-MM-dd").format(new Date())}</com:dateDefinitive>
                     <com:reasonDefinitive>my reason</com:reasonDefinitive>
                  </clos:cadastralIncome>
                  <clos:date>${=new java.text.SimpleDateFormat("yyyy-MM-dd").format(new Date())}</clos:date>
                  <clos:motivation>No motivation</clos:motivation>
                  <!--0 to 99 repetitions:-->
                  <clos:newState>
                     <!--1 to 999 repetitions:-->
                     <clos:parcel>
                        <clos:parcelNumber>
                           <clos:section>55254</clos:section>
                           <clos:groundNumber>9555</clos:groundNumber>
                           <clos:bisNumber>2525</clos:bisNumber>
                           <clos:exponent>1414</clos:exponent>
                           <clos:power>me</clos:power>
                           <clos:part>4</clos:part>
                        </clos:parcelNumber>
                        <clos:situation>invalid</clos:situation>
                        <clos:kind>no</clos:kind>
                        <clos:details>test</clos:details>
                        <!--You have a CHOICE of the next 2 items at this level-->
                        <clos:articleNumber>1141</clos:articleNumber>
                        <clos:sequenceNumber>3215</clos:sequenceNumber>
                        <!--0 to 99 repetitions:-->
                        <clos:cadastralInformation>
                           <clos:codeCadastralIncome>12</clos:codeCadastralIncome>
                           <clos:cadastralIncome>12</clos:cadastralIncome>
                           <clos:cadastralIncomePart>42</clos:cadastralIncomePart>
                           <clos:exemption>52</clos:exemption>
                           <clos:daysUnfruitful>5</clos:daysUnfruitful>
                        </clos:cadastralInformation>
                     </clos:parcel>
                     <!--1 to 999 repetitions:-->
                     <clos:owner>
                        <!--You have a CHOICE of the next 2 items at this level-->
                        <clos:person>
                           <!--You have a CHOICE of the next 3 items at this level-->
                           <clos:socialSecurityNumber>125</clos:socialSecurityNumber>
                           <clos:lastname>baptiste</clos:lastname>
                        </clos:person>
                        <clos:rights>Admin</clos:rights>
                        <clos:ownerType>LEGAL_PERSON</clos:ownerType>
                     </clos:owner>
                  </clos:newState>
               </clos:report>
               <!--0 to 99 repetitions:-->
               <clos:linkedDossier>
                  <clos:referenceInitialService>referenceInitialService</clos:referenceInitialService>
                  <clos:referenceFodFin>15</clos:referenceFodFin>
               </clos:linkedDossier>
               <!--0 to 99 repetitions:-->
               <clos:attachment>
                  <com:fileName>cirb</com:fileName>
                  <com:data>    1234   </com:data>
               </clos:attachment>
            </clos:closedDossier>
         </v1:request>
      </v1:closedDossierRequest>
   </soapenv:Body>
</soapenv:Envelope>]]></con:request><con:credentials><con:selectedAuthProfile>Basic</con:selectedAuthProfile><con:addedBasicAuthenticationTypes>Basic</con:addedBasicAuthenticationTypes><con:authType>Global HTTP Settings</con:authType></con:credentials><con:jmsConfig JMSDeliveryMode="PERSISTENT"/><con:jmsPropertyConfig/><con:wsaConfig mustUnderstand="NONE" version="200508" action="http://fidus.brussels/services/exportfromregondesservice/closedDossier"/><con:wsrmConfig version="1.2"/></con:call><con:call id="e72c2eb4-66c2-4fe1-a837-42484fa88654" name="3 - Test - Worker2 - Request" incomingWss="Inflow TEST" outgoingWss="Outflow TEST"><con:settings><con:setting id="com.eviware.soapui.impl.wsdl.WsdlRequest@request-headers">&lt;xml-fragment/></con:setting></con:settings><con:encoding>UTF-8</con:encoding><con:endpoint>https://192.168.22.54:8443/services/ExportFromRegondesService_v1.0</con:endpoint><con:request><![CDATA[<soapenv:Envelope xmlns:soapenv="http://schemas.xmlsoap.org/soap/envelope/" xmlns:v1="http://fidus.brussels/service/exportfromregondesservice/messages/v1" xmlns:v11="http://fidus.brussels/type/common/messages/v1" xmlns:clos="http://www.minfin.fgov.be/regondes2/extern/taxservice/exports/closedDossiers" xmlns:com="http://www.minfin.fgov.be/regondes2/extern/taxservice/common">
   <soapenv:Header/>
   <soapenv:Body>
      <v1:closedDossierRequest>
         <v1:messageContext>
            <v11:messageId>${=import static java.util.UUID.randomUUID; uuid = randomUUID() as String}</v11:messageId>
            <v11:timestamp>${=new java.text.SimpleDateFormat("yyyy-MM-dd'T'HH:mm:ss.SSS").format(new Date())}</v11:timestamp>
         </v1:messageContext>
         <v1:legalContext>ServiceIntegrator</v1:legalContext>
         <v1:request>
            <clos:closedDossier> 
               <clos:referenceFodFin>11223344</clos:referenceFodFin>
               <clos:fiscalYear>2017</clos:fiscalYear>
               <clos:initialService>
                  <com:technicalReference>technicalReference</com:technicalReference>
                  <com:type>AAF</com:type>
                  <clos:reference>reference</clos:reference>
               </clos:initialService>
               <clos:patrimonyInformation>
                  <clos:typeDossier>AA</clos:typeDossier>
                  <clos:patrimonyFrom>${=new java.text.SimpleDateFormat("yyyy-MM-dd").format(new Date())}</clos:patrimonyFrom>
                  <clos:patrimonyRef>1</clos:patrimonyRef>
                  <clos:cadastralDivisionCode>YYY</clos:cadastralDivisionCode>
                  <clos:articleNumber>51</clos:articleNumber>
               </clos:patrimonyInformation>
               <clos:report>
                  <clos:type>S</clos:type>
                  <clos:subtype>subtype</clos:subtype>
                  <clos:kind>INITIAL</clos:kind>
                  <clos:cadastralIncome>
                     <com:codeCadastralIncome>a</com:codeCadastralIncome>
                     <com:definitiveCadastralIncome>12</com:definitiveCadastralIncome>
                     <com:dateDefinitive>${=new java.text.SimpleDateFormat("yyyy-MM-dd").format(new Date())}</com:dateDefinitive>
                     <com:reasonDefinitive>my reason</com:reasonDefinitive>
                  </clos:cadastralIncome>
                  <clos:date>${=new java.text.SimpleDateFormat("yyyy-MM-dd").format(new Date())}</clos:date>
                  <clos:motivation>No motivation</clos:motivation>
                  <!--0 to 99 repetitions:-->
                  <clos:newState>
                     <!--1 to 999 repetitions:-->
                     <clos:parcel>
                        <clos:parcelNumber>
                           <clos:section>55254</clos:section>
                           <clos:groundNumber>9555</clos:groundNumber>
                           <clos:bisNumber>2525</clos:bisNumber>
                           <clos:exponent>1414</clos:exponent>
                           <clos:power>me</clos:power>
                           <clos:part>4</clos:part>
                        </clos:parcelNumber>
                        <clos:situation>invalid</clos:situation>
                        <clos:kind>no</clos:kind>
                        <clos:details>test</clos:details>
                        <!--You have a CHOICE of the next 2 items at this level-->
                        <clos:articleNumber>1141</clos:articleNumber>
                        <clos:sequenceNumber>3215</clos:sequenceNumber>
                        <!--0 to 99 repetitions:-->
                        <clos:cadastralInformation>
                           <clos:codeCadastralIncome>12</clos:codeCadastralIncome>
                           <clos:cadastralIncome>12</clos:cadastralIncome>
                           <clos:cadastralIncomePart>42</clos:cadastralIncomePart>
                           <clos:exemption>52</clos:exemption>
                           <clos:daysUnfruitful>5</clos:daysUnfruitful>
                        </clos:cadastralInformation>
                     </clos:parcel>
                     <!--1 to 999 repetitions:-->
                     <clos:owner>
                        <!--You have a CHOICE of the next 2 items at this level-->
                        <clos:person>
                           <!--You have a CHOICE of the next 3 items at this level-->
                           <clos:socialSecurityNumber>125</clos:socialSecurityNumber>
                           <clos:lastname>baptiste</clos:lastname>
                        </clos:person>
                        <clos:rights>Admin</clos:rights>
                        <clos:ownerType>LEGAL_PERSON</clos:ownerType>
                     </clos:owner>
                  </clos:newState>
               </clos:report>
               <!--0 to 99 repetitions:-->
               <clos:linkedDossier>
                  <clos:referenceInitialService>referenceInitialService</clos:referenceInitialService>
                  <clos:referenceFodFin>15</clos:referenceFodFin>
               </clos:linkedDossier>
               <!--0 to 99 repetitions:-->
               <clos:attachment>
                  <com:fileName>cirb</com:fileName>
                  <com:data>    1234   </com:data>
               </clos:attachment>
            </clos:closedDossier>
         </v1:request>
      </v1:closedDossierRequest>
   </soapenv:Body>
</soapenv:Envelope>]]></con:request><con:credentials><con:selectedAuthProfile>Basic</con:selectedAuthProfile><con:addedBasicAuthenticationTypes>Basic</con:addedBasicAuthenticationTypes><con:authType>Global HTTP Settings</con:authType></con:credentials><con:jmsConfig JMSDeliveryMode="PERSISTENT"/><con:jmsPropertyConfig/><con:wsaConfig mustUnderstand="NONE" version="200508" action="http://fidus.brussels/services/exportfromregondesservice/closedDossier"/><con:wsrmConfig version="1.2"/></con:call><con:call id="06e6449f-a086-4cc9-a0a7-6b55d29f0779" name="4 - Staging - LB - Request" incomingWss="Inflow STAGING" outgoingWss="Outflow STAGING"><con:settings><con:setting id="com.eviware.soapui.impl.wsdl.WsdlRequest@request-headers">&lt;xml-fragment/></con:setting></con:settings><con:encoding>UTF-8</con:encoding><con:endpoint>https://fidus-esb-sg.sta.srv.cirb.lan:8443/services/ExportFromRegondesService_v1.0</con:endpoint><con:request><![CDATA[<soapenv:Envelope xmlns:soapenv="http://schemas.xmlsoap.org/soap/envelope/" xmlns:v1="http://fidus.brussels/service/exportfromregondesservice/messages/v1" xmlns:v11="http://fidus.brussels/type/common/messages/v1" xmlns:clos="http://www.minfin.fgov.be/regondes2/extern/taxservice/exports/closedDossiers" xmlns:com="http://www.minfin.fgov.be/regondes2/extern/taxservice/common">
   <soapenv:Header/>
   <soapenv:Body>
      <v1:closedDossierRequest>
         <v1:messageContext>
            <v11:messageId>${=import static java.util.UUID.randomUUID; uuid = randomUUID() as String}</v11:messageId>
            <v11:timestamp>${=new java.text.SimpleDateFormat("yyyy-MM-dd'T'HH:mm:ss.SSS").format(new Date())}</v11:timestamp>
         </v1:messageContext>
         <v1:legalContext>ServiceIntegrator</v1:legalContext>
         <v1:request>
            <clos:closedDossier> 
               <clos:referenceFodFin>11223344</clos:referenceFodFin>
               <clos:fiscalYear>2017</clos:fiscalYear>
               <clos:initialService>
                  <com:technicalReference>technicalReference</com:technicalReference>
                  <com:type>AAF</com:type>
                  <clos:reference>reference</clos:reference>
               </clos:initialService>
               <clos:patrimonyInformation>
                  <clos:typeDossier>AA</clos:typeDossier>
                  <clos:patrimonyFrom>${=new java.text.SimpleDateFormat("yyyy-MM-dd").format(new Date())}</clos:patrimonyFrom>
                  <clos:patrimonyRef>1</clos:patrimonyRef>
                  <clos:cadastralDivisionCode>YYY</clos:cadastralDivisionCode>
                  <clos:articleNumber>51</clos:articleNumber>
               </clos:patrimonyInformation>
               <clos:report>
                  <clos:type>S</clos:type>
                  <clos:subtype>subtype</clos:subtype>
                  <clos:kind>INITIAL</clos:kind>
                  <clos:cadastralIncome>
                     <com:codeCadastralIncome>a</com:codeCadastralIncome>
                     <com:definitiveCadastralIncome>12</com:definitiveCadastralIncome>
                     <com:dateDefinitive>${=new java.text.SimpleDateFormat("yyyy-MM-dd").format(new Date())}</com:dateDefinitive>
                     <com:reasonDefinitive>my reason</com:reasonDefinitive>
                  </clos:cadastralIncome>
                  <clos:date>${=new java.text.SimpleDateFormat("yyyy-MM-dd").format(new Date())}</clos:date>
                  <clos:motivation>No motivation</clos:motivation>
                  <!--0 to 99 repetitions:-->
                  <clos:newState>
                     <!--1 to 999 repetitions:-->
                     <clos:parcel>
                        <clos:parcelNumber>
                           <clos:section>55254</clos:section>
                           <clos:groundNumber>9555</clos:groundNumber>
                           <clos:bisNumber>2525</clos:bisNumber>
                           <clos:exponent>1414</clos:exponent>
                           <clos:power>me</clos:power>
                           <clos:part>4</clos:part>
                        </clos:parcelNumber>
                        <clos:situation>invalid</clos:situation>
                        <clos:kind>no</clos:kind>
                        <clos:details>test</clos:details>
                        <!--You have a CHOICE of the next 2 items at this level-->
                        <clos:articleNumber>1141</clos:articleNumber>
                        <clos:sequenceNumber>3215</clos:sequenceNumber>
                        <!--0 to 99 repetitions:-->
                        <clos:cadastralInformation>
                           <clos:codeCadastralIncome>12</clos:codeCadastralIncome>
                           <clos:cadastralIncome>12</clos:cadastralIncome>
                           <clos:cadastralIncomePart>42</clos:cadastralIncomePart>
                           <clos:exemption>52</clos:exemption>
                           <clos:daysUnfruitful>5</clos:daysUnfruitful>
                        </clos:cadastralInformation>
                     </clos:parcel>
                     <!--1 to 999 repetitions:-->
                     <clos:owner>
                        <!--You have a CHOICE of the next 2 items at this level-->
                        <clos:person>
                           <!--You have a CHOICE of the next 3 items at this level-->
                           <clos:socialSecurityNumber>125</clos:socialSecurityNumber>
                           <clos:lastname>baptiste</clos:lastname>
                        </clos:person>
                        <clos:rights>Admin</clos:rights>
                        <clos:ownerType>LEGAL_PERSON</clos:ownerType>
                     </clos:owner>
                  </clos:newState>
               </clos:report>
               <!--0 to 99 repetitions:-->
               <clos:linkedDossier>
                  <clos:referenceInitialService>referenceInitialService</clos:referenceInitialService>
                  <clos:referenceFodFin>15</clos:referenceFodFin>
               </clos:linkedDossier>
               <!--0 to 99 repetitions:-->
               <clos:attachment>
                  <com:fileName>cirb</com:fileName>
                  <com:data>    1234   </com:data>
               </clos:attachment>
            </clos:closedDossier>
         </v1:request>
      </v1:closedDossierRequest>
   </soapenv:Body>
</soapenv:Envelope>]]></con:request><con:credentials><con:selectedAuthProfile>Basic</con:selectedAuthProfile><con:addedBasicAuthenticationTypes>Basic</con:addedBasicAuthenticationTypes><con:authType>Global HTTP Settings</con:authType></con:credentials><con:jmsConfig JMSDeliveryMode="PERSISTENT"/><con:jmsPropertyConfig/><con:wsaConfig mustUnderstand="NONE" version="200508" action="http://fidus.brussels/services/exportfromregondesservice/closedDossier"/><con:wsrmConfig version="1.2"/></con:call><con:call id="7905fe7a-59be-48de-ac4d-4014b10e01c5" name="4 - Staging - Worker1 - Request" incomingWss="Inflow STAGING" outgoingWss="Outflow STAGING"><con:settings><con:setting id="com.eviware.soapui.impl.wsdl.WsdlRequest@request-headers">&lt;xml-fragment/></con:setting></con:settings><con:encoding>UTF-8</con:encoding><con:endpoint>https://192.168.24.16:8443/services/ExportFromRegondesService_v1.0</con:endpoint><con:request><![CDATA[<soapenv:Envelope xmlns:soapenv="http://schemas.xmlsoap.org/soap/envelope/" xmlns:v1="http://fidus.brussels/service/exportfromregondesservice/messages/v1" xmlns:v11="http://fidus.brussels/type/common/messages/v1" xmlns:clos="http://www.minfin.fgov.be/regondes2/extern/taxservice/exports/closedDossiers" xmlns:com="http://www.minfin.fgov.be/regondes2/extern/taxservice/common">
   <soapenv:Header/>
   <soapenv:Body>
      <v1:closedDossierRequest>
         <v1:messageContext>
            <v11:messageId>${=import static java.util.UUID.randomUUID; uuid = randomUUID() as String}</v11:messageId>
            <v11:timestamp>${=new java.text.SimpleDateFormat("yyyy-MM-dd'T'HH:mm:ss.SSS").format(new Date())}</v11:timestamp>
         </v1:messageContext>
         <v1:legalContext>ServiceIntegrator</v1:legalContext>
         <v1:request>
            <clos:closedDossier> 
               <clos:referenceFodFin>11223344</clos:referenceFodFin>
               <clos:fiscalYear>2017</clos:fiscalYear>
               <clos:initialService>
                  <com:technicalReference>technicalReference</com:technicalReference>
                  <com:type>AAF</com:type>
                  <clos:reference>reference</clos:reference>
               </clos:initialService>
               <clos:patrimonyInformation>
                  <clos:typeDossier>AA</clos:typeDossier>
                  <clos:patrimonyFrom>${=new java.text.SimpleDateFormat("yyyy-MM-dd").format(new Date())}</clos:patrimonyFrom>
                  <clos:patrimonyRef>1</clos:patrimonyRef>
                  <clos:cadastralDivisionCode>YYY</clos:cadastralDivisionCode>
                  <clos:articleNumber>51</clos:articleNumber>
               </clos:patrimonyInformation>
               <clos:report>
                  <clos:type>S</clos:type>
                  <clos:subtype>subtype</clos:subtype>
                  <clos:kind>INITIAL</clos:kind>
                  <clos:cadastralIncome>
                     <com:codeCadastralIncome>a</com:codeCadastralIncome>
                     <com:definitiveCadastralIncome>12</com:definitiveCadastralIncome>
                     <com:dateDefinitive>${=new java.text.SimpleDateFormat("yyyy-MM-dd").format(new Date())}</com:dateDefinitive>
                     <com:reasonDefinitive>my reason</com:reasonDefinitive>
                  </clos:cadastralIncome>
                  <clos:date>${=new java.text.SimpleDateFormat("yyyy-MM-dd").format(new Date())}</clos:date>
                  <clos:motivation>No motivation</clos:motivation>
                  <!--0 to 99 repetitions:-->
                  <clos:newState>
                     <!--1 to 999 repetitions:-->
                     <clos:parcel>
                        <clos:parcelNumber>
                           <clos:section>55254</clos:section>
                           <clos:groundNumber>9555</clos:groundNumber>
                           <clos:bisNumber>2525</clos:bisNumber>
                           <clos:exponent>1414</clos:exponent>
                           <clos:power>me</clos:power>
                           <clos:part>4</clos:part>
                        </clos:parcelNumber>
                        <clos:situation>invalid</clos:situation>
                        <clos:kind>no</clos:kind>
                        <clos:details>test</clos:details>
                        <!--You have a CHOICE of the next 2 items at this level-->
                        <clos:articleNumber>1141</clos:articleNumber>
                        <clos:sequenceNumber>3215</clos:sequenceNumber>
                        <!--0 to 99 repetitions:-->
                        <clos:cadastralInformation>
                           <clos:codeCadastralIncome>12</clos:codeCadastralIncome>
                           <clos:cadastralIncome>12</clos:cadastralIncome>
                           <clos:cadastralIncomePart>42</clos:cadastralIncomePart>
                           <clos:exemption>52</clos:exemption>
                           <clos:daysUnfruitful>5</clos:daysUnfruitful>
                        </clos:cadastralInformation>
                     </clos:parcel>
                     <!--1 to 999 repetitions:-->
                     <clos:owner>
                        <!--You have a CHOICE of the next 2 items at this level-->
                        <clos:person>
                           <!--You have a CHOICE of the next 3 items at this level-->
                           <clos:socialSecurityNumber>125</clos:socialSecurityNumber>
                           <clos:lastname>baptiste</clos:lastname>
                        </clos:person>
                        <clos:rights>Admin</clos:rights>
                        <clos:ownerType>LEGAL_PERSON</clos:ownerType>
                     </clos:owner>
                  </clos:newState>
               </clos:report>
               <!--0 to 99 repetitions:-->
               <clos:linkedDossier>
                  <clos:referenceInitialService>referenceInitialService</clos:referenceInitialService>
                  <clos:referenceFodFin>15</clos:referenceFodFin>
               </clos:linkedDossier>
               <!--0 to 99 repetitions:-->
               <clos:attachment>
                  <com:fileName>cirb</com:fileName>
                  <com:data>    1234   </com:data>
               </clos:attachment>
            </clos:closedDossier>
         </v1:request>
      </v1:closedDossierRequest>
   </soapenv:Body>
</soapenv:Envelope>]]></con:request><con:credentials><con:selectedAuthProfile>Basic</con:selectedAuthProfile><con:addedBasicAuthenticationTypes>Basic</con:addedBasicAuthenticationTypes><con:authType>Global HTTP Settings</con:authType></con:credentials><con:jmsConfig JMSDeliveryMode="PERSISTENT"/><con:jmsPropertyConfig/><con:wsaConfig mustUnderstand="NONE" version="200508" action="http://fidus.brussels/services/exportfromregondesservice/closedDossier"/><con:wsrmConfig version="1.2"/></con:call><con:call id="9f44fdde-bd65-4e30-94d8-1e942d138e81" name="4 - Staging - Worker2 - Request" incomingWss="Inflow STAGING" outgoingWss="Outflow STAGING"><con:settings><con:setting id="com.eviware.soapui.impl.wsdl.WsdlRequest@request-headers">&lt;xml-fragment/></con:setting></con:settings><con:encoding>UTF-8</con:encoding><con:endpoint>https://192.168.24.17:8443/services/ExportFromRegondesService_v1.0</con:endpoint><con:request><![CDATA[<soapenv:Envelope xmlns:soapenv="http://schemas.xmlsoap.org/soap/envelope/" xmlns:v1="http://fidus.brussels/service/exportfromregondesservice/messages/v1" xmlns:v11="http://fidus.brussels/type/common/messages/v1" xmlns:clos="http://www.minfin.fgov.be/regondes2/extern/taxservice/exports/closedDossiers" xmlns:com="http://www.minfin.fgov.be/regondes2/extern/taxservice/common">
   <soapenv:Header/>
   <soapenv:Body>
      <v1:closedDossierRequest>
         <v1:messageContext>
            <v11:messageId>${=import static java.util.UUID.randomUUID; uuid = randomUUID() as String}</v11:messageId>
            <v11:timestamp>${=new java.text.SimpleDateFormat("yyyy-MM-dd'T'HH:mm:ss.SSS").format(new Date())}</v11:timestamp>
         </v1:messageContext>
         <v1:legalContext>ServiceIntegrator</v1:legalContext>
         <v1:request>
            <clos:closedDossier> 
               <clos:referenceFodFin>11223344</clos:referenceFodFin>
               <clos:fiscalYear>2017</clos:fiscalYear>
               <clos:initialService>
                  <com:technicalReference>technicalReference</com:technicalReference>
                  <com:type>AAF</com:type>
                  <clos:reference>reference</clos:reference>
               </clos:initialService>
               <clos:patrimonyInformation>
                  <clos:typeDossier>AA</clos:typeDossier>
                  <clos:patrimonyFrom>${=new java.text.SimpleDateFormat("yyyy-MM-dd").format(new Date())}</clos:patrimonyFrom>
                  <clos:patrimonyRef>1</clos:patrimonyRef>
                  <clos:cadastralDivisionCode>YYY</clos:cadastralDivisionCode>
                  <clos:articleNumber>51</clos:articleNumber>
               </clos:patrimonyInformation>
               <clos:report>
                  <clos:type>S</clos:type>
                  <clos:subtype>subtype</clos:subtype>
                  <clos:kind>INITIAL</clos:kind>
                  <clos:cadastralIncome>
                     <com:codeCadastralIncome>a</com:codeCadastralIncome>
                     <com:definitiveCadastralIncome>12</com:definitiveCadastralIncome>
                     <com:dateDefinitive>${=new java.text.SimpleDateFormat("yyyy-MM-dd").format(new Date())}</com:dateDefinitive>
                     <com:reasonDefinitive>my reason</com:reasonDefinitive>
                  </clos:cadastralIncome>
                  <clos:date>${=new java.text.SimpleDateFormat("yyyy-MM-dd").format(new Date())}</clos:date>
                  <clos:motivation>No motivation</clos:motivation>
                  <!--0 to 99 repetitions:-->
                  <clos:newState>
                     <!--1 to 999 repetitions:-->
                     <clos:parcel>
                        <clos:parcelNumber>
                           <clos:section>55254</clos:section>
                           <clos:groundNumber>9555</clos:groundNumber>
                           <clos:bisNumber>2525</clos:bisNumber>
                           <clos:exponent>1414</clos:exponent>
                           <clos:power>me</clos:power>
                           <clos:part>4</clos:part>
                        </clos:parcelNumber>
                        <clos:situation>invalid</clos:situation>
                        <clos:kind>no</clos:kind>
                        <clos:details>test</clos:details>
                        <!--You have a CHOICE of the next 2 items at this level-->
                        <clos:articleNumber>1141</clos:articleNumber>
                        <clos:sequenceNumber>3215</clos:sequenceNumber>
                        <!--0 to 99 repetitions:-->
                        <clos:cadastralInformation>
                           <clos:codeCadastralIncome>12</clos:codeCadastralIncome>
                           <clos:cadastralIncome>12</clos:cadastralIncome>
                           <clos:cadastralIncomePart>42</clos:cadastralIncomePart>
                           <clos:exemption>52</clos:exemption>
                           <clos:daysUnfruitful>5</clos:daysUnfruitful>
                        </clos:cadastralInformation>
                     </clos:parcel>
                     <!--1 to 999 repetitions:-->
                     <clos:owner>
                        <!--You have a CHOICE of the next 2 items at this level-->
                        <clos:person>
                           <!--You have a CHOICE of the next 3 items at this level-->
                           <clos:socialSecurityNumber>125</clos:socialSecurityNumber>
                           <clos:lastname>baptiste</clos:lastname>
                        </clos:person>
                        <clos:rights>Admin</clos:rights>
                        <clos:ownerType>LEGAL_PERSON</clos:ownerType>
                     </clos:owner>
                  </clos:newState>
               </clos:report>
               <!--0 to 99 repetitions:-->
               <clos:linkedDossier>
                  <clos:referenceInitialService>referenceInitialService</clos:referenceInitialService>
                  <clos:referenceFodFin>15</clos:referenceFodFin>
               </clos:linkedDossier>
               <!--0 to 99 repetitions:-->
               <clos:attachment>
                  <com:fileName>cirb</com:fileName>
                  <com:data>    1234   </com:data>
               </clos:attachment>
            </clos:closedDossier>
         </v1:request>
      </v1:closedDossierRequest>
   </soapenv:Body>
</soapenv:Envelope>]]></con:request><con:credentials><con:selectedAuthProfile>Basic</con:selectedAuthProfile><con:addedBasicAuthenticationTypes>Basic</con:addedBasicAuthenticationTypes><con:authType>Global HTTP Settings</con:authType></con:credentials><con:jmsConfig JMSDeliveryMode="PERSISTENT"/><con:jmsPropertyConfig/><con:wsaConfig mustUnderstand="NONE" version="200508" action="http://fidus.brussels/services/exportfromregondesservice/closedDossier"/><con:wsrmConfig version="1.2"/></con:call><con:call id="e9ffe897-3422-4fee-9af3-4e37ab3a541f" name="5 - Prod - LB - Request" incomingWss="Inflow PROD" outgoingWss="Outflow PROD"><con:settings><con:setting id="com.eviware.soapui.impl.wsdl.WsdlRequest@request-headers">&lt;xml-fragment/></con:setting></con:settings><con:encoding>UTF-8</con:encoding><con:endpoint>https://fidus-esb-sg.prd.srv.cirb.lan:8443/services/ExportFromRegondesService_v1.0</con:endpoint><con:request><![CDATA[<soapenv:Envelope xmlns:soapenv="http://schemas.xmlsoap.org/soap/envelope/" xmlns:v1="http://fidus.brussels/service/exportfromregondesservice/messages/v1" xmlns:v11="http://fidus.brussels/type/common/messages/v1" xmlns:clos="http://www.minfin.fgov.be/regondes2/extern/taxservice/exports/closedDossiers" xmlns:com="http://www.minfin.fgov.be/regondes2/extern/taxservice/common">
   <soapenv:Header/>
   <soapenv:Body>
      <v1:closedDossierRequest>
         <v1:messageContext>
            <v11:messageId>${=import static java.util.UUID.randomUUID; uuid = randomUUID() as String}</v11:messageId>
            <v11:timestamp>${=new java.text.SimpleDateFormat("yyyy-MM-dd'T'HH:mm:ss.SSS").format(new Date())}</v11:timestamp>
         </v1:messageContext>
         <v1:legalContext>ServiceIntegrator</v1:legalContext>
         <v1:request>
            <clos:closedDossier> 
               <clos:referenceFodFin>11223344</clos:referenceFodFin>
               <clos:fiscalYear>2017</clos:fiscalYear>
               <clos:initialService>
                  <com:technicalReference>technicalReference</com:technicalReference>
                  <com:type>AAF</com:type>
                  <clos:reference>reference</clos:reference>
               </clos:initialService>
               <clos:patrimonyInformation>
                  <clos:typeDossier>AA</clos:typeDossier>
                  <clos:patrimonyFrom>${=new java.text.SimpleDateFormat("yyyy-MM-dd").format(new Date())}</clos:patrimonyFrom>
                  <clos:patrimonyRef>1</clos:patrimonyRef>
                  <clos:cadastralDivisionCode>YYY</clos:cadastralDivisionCode>
                  <clos:articleNumber>51</clos:articleNumber>
               </clos:patrimonyInformation>
               <clos:report>
                  <clos:type>S</clos:type>
                  <clos:subtype>subtype</clos:subtype>
                  <clos:kind>INITIAL</clos:kind>
                  <clos:cadastralIncome>
                     <com:codeCadastralIncome>a</com:codeCadastralIncome>
                     <com:definitiveCadastralIncome>12</com:definitiveCadastralIncome>
                     <com:dateDefinitive>${=new java.text.SimpleDateFormat("yyyy-MM-dd").format(new Date())}</com:dateDefinitive>
                     <com:reasonDefinitive>my reason</com:reasonDefinitive>
                  </clos:cadastralIncome>
                  <clos:date>${=new java.text.SimpleDateFormat("yyyy-MM-dd").format(new Date())}</clos:date>
                  <clos:motivation>No motivation</clos:motivation>
                  <!--0 to 99 repetitions:-->
                  <clos:newState>
                     <!--1 to 999 repetitions:-->
                     <clos:parcel>
                        <clos:parcelNumber>
                           <clos:section>55254</clos:section>
                           <clos:groundNumber>9555</clos:groundNumber>
                           <clos:bisNumber>2525</clos:bisNumber>
                           <clos:exponent>1414</clos:exponent>
                           <clos:power>me</clos:power>
                           <clos:part>4</clos:part>
                        </clos:parcelNumber>
                        <clos:situation>invalid</clos:situation>
                        <clos:kind>no</clos:kind>
                        <clos:details>test</clos:details>
                        <!--You have a CHOICE of the next 2 items at this level-->
                        <clos:articleNumber>1141</clos:articleNumber>
                        <clos:sequenceNumber>3215</clos:sequenceNumber>
                        <!--0 to 99 repetitions:-->
                        <clos:cadastralInformation>
                           <clos:codeCadastralIncome>12</clos:codeCadastralIncome>
                           <clos:cadastralIncome>12</clos:cadastralIncome>
                           <clos:cadastralIncomePart>42</clos:cadastralIncomePart>
                           <clos:exemption>52</clos:exemption>
                           <clos:daysUnfruitful>5</clos:daysUnfruitful>
                        </clos:cadastralInformation>
                     </clos:parcel>
                     <!--1 to 999 repetitions:-->
                     <clos:owner>
                        <!--You have a CHOICE of the next 2 items at this level-->
                        <clos:person>
                           <!--You have a CHOICE of the next 3 items at this level-->
                           <clos:socialSecurityNumber>125</clos:socialSecurityNumber>
                           <clos:lastname>baptiste</clos:lastname>
                        </clos:person>
                        <clos:rights>Admin</clos:rights>
                        <clos:ownerType>LEGAL_PERSON</clos:ownerType>
                     </clos:owner>
                  </clos:newState>
               </clos:report>
               <!--0 to 99 repetitions:-->
               <clos:linkedDossier>
                  <clos:referenceInitialService>referenceInitialService</clos:referenceInitialService>
                  <clos:referenceFodFin>15</clos:referenceFodFin>
               </clos:linkedDossier>
               <!--0 to 99 repetitions:-->
               <clos:attachment>
                  <com:fileName>cirb</com:fileName>
                  <com:data>    1234   </com:data>
               </clos:attachment>
            </clos:closedDossier>
         </v1:request>
      </v1:closedDossierRequest>
   </soapenv:Body>
</soapenv:Envelope>]]></con:request><con:credentials><con:selectedAuthProfile>Basic</con:selectedAuthProfile><con:addedBasicAuthenticationTypes>Basic</con:addedBasicAuthenticationTypes><con:authType>Global HTTP Settings</con:authType></con:credentials><con:jmsConfig JMSDeliveryMode="PERSISTENT"/><con:jmsPropertyConfig/><con:wsaConfig mustUnderstand="NONE" version="200508" action="http://fidus.brussels/services/exportfromregondesservice/closedDossier"/><con:wsrmConfig version="1.2"/></con:call><con:call id="96fd3ae0-3be4-409e-94d3-bbfcd53cddbc" name="5 - Prod - Worker1 - Request" incomingWss="Inflow PROD" outgoingWss="Outflow PROD"><con:settings><con:setting id="com.eviware.soapui.impl.wsdl.WsdlRequest@request-headers">&lt;xml-fragment/></con:setting></con:settings><con:encoding>UTF-8</con:encoding><con:endpoint>https://192.168.26.22:8443/services/ExportFromRegondesService_v1.0</con:endpoint><con:request><![CDATA[<soapenv:Envelope xmlns:soapenv="http://schemas.xmlsoap.org/soap/envelope/" xmlns:v1="http://fidus.brussels/service/exportfromregondesservice/messages/v1" xmlns:v11="http://fidus.brussels/type/common/messages/v1" xmlns:clos="http://www.minfin.fgov.be/regondes2/extern/taxservice/exports/closedDossiers" xmlns:com="http://www.minfin.fgov.be/regondes2/extern/taxservice/common">
   <soapenv:Header/>
   <soapenv:Body>
      <v1:closedDossierRequest>
         <v1:messageContext>
            <v11:messageId>${=import static java.util.UUID.randomUUID; uuid = randomUUID() as String}</v11:messageId>
            <v11:timestamp>${=new java.text.SimpleDateFormat("yyyy-MM-dd'T'HH:mm:ss.SSS").format(new Date())}</v11:timestamp>
         </v1:messageContext>
         <v1:legalContext>ServiceIntegrator</v1:legalContext>
         <v1:request>
            <clos:closedDossier> 
               <clos:referenceFodFin>11223344</clos:referenceFodFin>
               <clos:fiscalYear>2017</clos:fiscalYear>
               <clos:initialService>
                  <com:technicalReference>technicalReference</com:technicalReference>
                  <com:type>AAF</com:type>
                  <clos:reference>reference</clos:reference>
               </clos:initialService>
               <clos:patrimonyInformation>
                  <clos:typeDossier>AA</clos:typeDossier>
                  <clos:patrimonyFrom>${=new java.text.SimpleDateFormat("yyyy-MM-dd").format(new Date())}</clos:patrimonyFrom>
                  <clos:patrimonyRef>1</clos:patrimonyRef>
                  <clos:cadastralDivisionCode>YYY</clos:cadastralDivisionCode>
                  <clos:articleNumber>51</clos:articleNumber>
               </clos:patrimonyInformation>
               <clos:report>
                  <clos:type>S</clos:type>
                  <clos:subtype>subtype</clos:subtype>
                  <clos:kind>INITIAL</clos:kind>
                  <clos:cadastralIncome>
                     <com:codeCadastralIncome>a</com:codeCadastralIncome>
                     <com:definitiveCadastralIncome>12</com:definitiveCadastralIncome>
                     <com:dateDefinitive>${=new java.text.SimpleDateFormat("yyyy-MM-dd").format(new Date())}</com:dateDefinitive>
                     <com:reasonDefinitive>my reason</com:reasonDefinitive>
                  </clos:cadastralIncome>
                  <clos:date>${=new java.text.SimpleDateFormat("yyyy-MM-dd").format(new Date())}</clos:date>
                  <clos:motivation>No motivation</clos:motivation>
                  <!--0 to 99 repetitions:-->
                  <clos:newState>
                     <!--1 to 999 repetitions:-->
                     <clos:parcel>
                        <clos:parcelNumber>
                           <clos:section>55254</clos:section>
                           <clos:groundNumber>9555</clos:groundNumber>
                           <clos:bisNumber>2525</clos:bisNumber>
                           <clos:exponent>1414</clos:exponent>
                           <clos:power>me</clos:power>
                           <clos:part>4</clos:part>
                        </clos:parcelNumber>
                        <clos:situation>invalid</clos:situation>
                        <clos:kind>no</clos:kind>
                        <clos:details>test</clos:details>
                        <!--You have a CHOICE of the next 2 items at this level-->
                        <clos:articleNumber>1141</clos:articleNumber>
                        <clos:sequenceNumber>3215</clos:sequenceNumber>
                        <!--0 to 99 repetitions:-->
                        <clos:cadastralInformation>
                           <clos:codeCadastralIncome>12</clos:codeCadastralIncome>
                           <clos:cadastralIncome>12</clos:cadastralIncome>
                           <clos:cadastralIncomePart>42</clos:cadastralIncomePart>
                           <clos:exemption>52</clos:exemption>
                           <clos:daysUnfruitful>5</clos:daysUnfruitful>
                        </clos:cadastralInformation>
                     </clos:parcel>
                     <!--1 to 999 repetitions:-->
                     <clos:owner>
                        <!--You have a CHOICE of the next 2 items at this level-->
                        <clos:person>
                           <!--You have a CHOICE of the next 3 items at this level-->
                           <clos:socialSecurityNumber>125</clos:socialSecurityNumber>
                           <clos:lastname>baptiste</clos:lastname>
                        </clos:person>
                        <clos:rights>Admin</clos:rights>
                        <clos:ownerType>LEGAL_PERSON</clos:ownerType>
                     </clos:owner>
                  </clos:newState>
               </clos:report>
               <!--0 to 99 repetitions:-->
               <clos:linkedDossier>
                  <clos:referenceInitialService>referenceInitialService</clos:referenceInitialService>
                  <clos:referenceFodFin>15</clos:referenceFodFin>
               </clos:linkedDossier>
               <!--0 to 99 repetitions:-->
               <clos:attachment>
                  <com:fileName>cirb</com:fileName>
                  <com:data>    1234   </com:data>
               </clos:attachment>
            </clos:closedDossier>
         </v1:request>
      </v1:closedDossierRequest>
   </soapenv:Body>
</soapenv:Envelope>]]></con:request><con:credentials><con:selectedAuthProfile>Basic</con:selectedAuthProfile><con:addedBasicAuthenticationTypes>Basic</con:addedBasicAuthenticationTypes><con:authType>Global HTTP Settings</con:authType></con:credentials><con:jmsConfig JMSDeliveryMode="PERSISTENT"/><con:jmsPropertyConfig/><con:wsaConfig mustUnderstand="NONE" version="200508" action="http://fidus.brussels/services/exportfromregondesservice/closedDossier"/><con:wsrmConfig version="1.2"/></con:call><con:call id="e5392768-eaec-465a-952a-8b615cada3b3" name="5 - Prod - External - Request" incomingWss="Inflow PROD" outgoingWss="Outflow PROD"><con:settings><con:setting id="com.eviware.soapui.impl.wsdl.WsdlRequest@request-headers">&lt;xml-fragment/></con:setting></con:settings><con:encoding>UTF-8</con:encoding><con:endpoint>https://fidus.sec.brussels/services/ExportFromRegondesservice_v1.0</con:endpoint><con:request><![CDATA[<soapenv:Envelope xmlns:soapenv="http://schemas.xmlsoap.org/soap/envelope/" xmlns:v1="http://fidus.brussels/service/exportfromregondesservice/messages/v1" xmlns:v11="http://fidus.brussels/type/common/messages/v1" xmlns:clos="http://www.minfin.fgov.be/regondes2/extern/taxservice/exports/closedDossiers" xmlns:com="http://www.minfin.fgov.be/regondes2/extern/taxservice/common">
   <soapenv:Header/>
   <soapenv:Body>
      <v1:closedDossierRequest>
         <v1:messageContext>
            <v11:messageId>${=import static java.util.UUID.randomUUID; uuid = randomUUID() as String}</v11:messageId>
            <v11:timestamp>${=new java.text.SimpleDateFormat("yyyy-MM-dd'T'HH:mm:ss.SSS").format(new Date())}</v11:timestamp>
         </v1:messageContext>
         <v1:legalContext>ServiceIntegrator</v1:legalContext>
         <v1:request>
            <clos:closedDossier> 
               <clos:referenceFodFin>11223344</clos:referenceFodFin>
               <clos:fiscalYear>2017</clos:fiscalYear>
               <clos:initialService>
                  <com:technicalReference>technicalReference</com:technicalReference>
                  <com:type>AAF</com:type>
                  <clos:reference>reference</clos:reference>
               </clos:initialService>
               <clos:patrimonyInformation>
                  <clos:typeDossier>AA</clos:typeDossier>
                  <clos:patrimonyFrom>${=new java.text.SimpleDateFormat("yyyy-MM-dd").format(new Date())}</clos:patrimonyFrom>
                  <clos:patrimonyRef>1</clos:patrimonyRef>
                  <clos:cadastralDivisionCode>YYY</clos:cadastralDivisionCode>
                  <clos:articleNumber>51</clos:articleNumber>
               </clos:patrimonyInformation>
               <clos:report>
                  <clos:type>S</clos:type>
                  <clos:subtype>subtype</clos:subtype>
                  <clos:kind>INITIAL</clos:kind>
                  <clos:cadastralIncome>
                     <com:codeCadastralIncome>a</com:codeCadastralIncome>
                     <com:definitiveCadastralIncome>12</com:definitiveCadastralIncome>
                     <com:dateDefinitive>${=new java.text.SimpleDateFormat("yyyy-MM-dd").format(new Date())}</com:dateDefinitive>
                     <com:reasonDefinitive>my reason</com:reasonDefinitive>
                  </clos:cadastralIncome>
                  <clos:date>${=new java.text.SimpleDateFormat("yyyy-MM-dd").format(new Date())}</clos:date>
                  <clos:motivation>No motivation</clos:motivation>
                  <!--0 to 99 repetitions:-->
                  <clos:newState>
                     <!--1 to 999 repetitions:-->
                     <clos:parcel>
                        <clos:parcelNumber>
                           <clos:section>55254</clos:section>
                           <clos:groundNumber>9555</clos:groundNumber>
                           <clos:bisNumber>2525</clos:bisNumber>
                           <clos:exponent>1414</clos:exponent>
                           <clos:power>me</clos:power>
                           <clos:part>4</clos:part>
                        </clos:parcelNumber>
                        <clos:situation>invalid</clos:situation>
                        <clos:kind>no</clos:kind>
                        <clos:details>test</clos:details>
                        <!--You have a CHOICE of the next 2 items at this level-->
                        <clos:articleNumber>1141</clos:articleNumber>
                        <clos:sequenceNumber>3215</clos:sequenceNumber>
                        <!--0 to 99 repetitions:-->
                        <clos:cadastralInformation>
                           <clos:codeCadastralIncome>12</clos:codeCadastralIncome>
                           <clos:cadastralIncome>12</clos:cadastralIncome>
                           <clos:cadastralIncomePart>42</clos:cadastralIncomePart>
                           <clos:exemption>52</clos:exemption>
                           <clos:daysUnfruitful>5</clos:daysUnfruitful>
                        </clos:cadastralInformation>
                     </clos:parcel>
                     <!--1 to 999 repetitions:-->
                     <clos:owner>
                        <!--You have a CHOICE of the next 2 items at this level-->
                        <clos:person>
                           <!--You have a CHOICE of the next 3 items at this level-->
                           <clos:socialSecurityNumber>125</clos:socialSecurityNumber>
                           <clos:lastname>baptiste</clos:lastname>
                        </clos:person>
                        <clos:rights>Admin</clos:rights>
                        <clos:ownerType>LEGAL_PERSON</clos:ownerType>
                     </clos:owner>
                  </clos:newState>
               </clos:report>
               <!--0 to 99 repetitions:-->
               <clos:linkedDossier>
                  <clos:referenceInitialService>referenceInitialService</clos:referenceInitialService>
                  <clos:referenceFodFin>15</clos:referenceFodFin>
               </clos:linkedDossier>
               <!--0 to 99 repetitions:-->
               <clos:attachment>
                  <com:fileName>cirb</com:fileName>
                  <com:data>    1234   </com:data>
               </clos:attachment>
            </clos:closedDossier>
         </v1:request>
      </v1:closedDossierRequest>
   </soapenv:Body>
</soapenv:Envelope>]]></con:request><con:credentials><con:selectedAuthProfile>Basic</con:selectedAuthProfile><con:addedBasicAuthenticationTypes>Basic</con:addedBasicAuthenticationTypes><con:authType>Global HTTP Settings</con:authType></con:credentials><con:jmsConfig JMSDeliveryMode="PERSISTENT"/><con:jmsPropertyConfig/><con:wsaConfig mustUnderstand="NONE" version="200508" action="http://fidus.brussels/services/exportfromregondesservice/closedDossier"/><con:wsrmConfig version="1.2"/></con:call><con:call id="189206c3-4bc3-4b83-8a2e-30faa464375b" name="5 - Prod - Worker2 - Request" incomingWss="Inflow PROD" outgoingWss="Outflow PROD"><con:settings><con:setting id="com.eviware.soapui.impl.wsdl.WsdlRequest@request-headers">&lt;xml-fragment/></con:setting></con:settings><con:encoding>UTF-8</con:encoding><con:endpoint>https://192.168.26.19:8443/services/ExportFromRegondesService_v1.0</con:endpoint><con:request><![CDATA[<soapenv:Envelope xmlns:soapenv="http://schemas.xmlsoap.org/soap/envelope/" xmlns:v1="http://fidus.brussels/service/exportfromregondesservice/messages/v1" xmlns:v11="http://fidus.brussels/type/common/messages/v1" xmlns:clos="http://www.minfin.fgov.be/regondes2/extern/taxservice/exports/closedDossiers" xmlns:com="http://www.minfin.fgov.be/regondes2/extern/taxservice/common">
   <soapenv:Header/>
   <soapenv:Body>
      <v1:closedDossierRequest>
         <v1:messageContext>
            <v11:messageId>${=import static java.util.UUID.randomUUID; uuid = randomUUID() as String}</v11:messageId>
            <v11:timestamp>${=new java.text.SimpleDateFormat("yyyy-MM-dd'T'HH:mm:ss.SSS").format(new Date())}</v11:timestamp>
         </v1:messageContext>
         <v1:legalContext>ServiceIntegrator</v1:legalContext>
         <v1:request>
            <clos:closedDossier> 
               <clos:referenceFodFin>11223344</clos:referenceFodFin>
               <clos:fiscalYear>2017</clos:fiscalYear>
               <clos:initialService>
                  <com:technicalReference>technicalReference</com:technicalReference>
                  <com:type>AAF</com:type>
                  <clos:reference>reference</clos:reference>
               </clos:initialService>
               <clos:patrimonyInformation>
                  <clos:typeDossier>AA</clos:typeDossier>
                  <clos:patrimonyFrom>${=new java.text.SimpleDateFormat("yyyy-MM-dd").format(new Date())}</clos:patrimonyFrom>
                  <clos:patrimonyRef>1</clos:patrimonyRef>
                  <clos:cadastralDivisionCode>YYY</clos:cadastralDivisionCode>
                  <clos:articleNumber>51</clos:articleNumber>
               </clos:patrimonyInformation>
               <clos:report>
                  <clos:type>S</clos:type>
                  <clos:subtype>subtype</clos:subtype>
                  <clos:kind>INITIAL</clos:kind>
                  <clos:cadastralIncome>
                     <com:codeCadastralIncome>a</com:codeCadastralIncome>
                     <com:definitiveCadastralIncome>12</com:definitiveCadastralIncome>
                     <com:dateDefinitive>${=new java.text.SimpleDateFormat("yyyy-MM-dd").format(new Date())}</com:dateDefinitive>
                     <com:reasonDefinitive>my reason</com:reasonDefinitive>
                  </clos:cadastralIncome>
                  <clos:date>${=new java.text.SimpleDateFormat("yyyy-MM-dd").format(new Date())}</clos:date>
                  <clos:motivation>No motivation</clos:motivation>
                  <!--0 to 99 repetitions:-->
                  <clos:newState>
                     <!--1 to 999 repetitions:-->
                     <clos:parcel>
                        <clos:parcelNumber>
                           <clos:section>55254</clos:section>
                           <clos:groundNumber>9555</clos:groundNumber>
                           <clos:bisNumber>2525</clos:bisNumber>
                           <clos:exponent>1414</clos:exponent>
                           <clos:power>me</clos:power>
                           <clos:part>4</clos:part>
                        </clos:parcelNumber>
                        <clos:situation>invalid</clos:situation>
                        <clos:kind>no</clos:kind>
                        <clos:details>test</clos:details>
                        <!--You have a CHOICE of the next 2 items at this level-->
                        <clos:articleNumber>1141</clos:articleNumber>
                        <clos:sequenceNumber>3215</clos:sequenceNumber>
                        <!--0 to 99 repetitions:-->
                        <clos:cadastralInformation>
                           <clos:codeCadastralIncome>12</clos:codeCadastralIncome>
                           <clos:cadastralIncome>12</clos:cadastralIncome>
                           <clos:cadastralIncomePart>42</clos:cadastralIncomePart>
                           <clos:exemption>52</clos:exemption>
                           <clos:daysUnfruitful>5</clos:daysUnfruitful>
                        </clos:cadastralInformation>
                     </clos:parcel>
                     <!--1 to 999 repetitions:-->
                     <clos:owner>
                        <!--You have a CHOICE of the next 2 items at this level-->
                        <clos:person>
                           <!--You have a CHOICE of the next 3 items at this level-->
                           <clos:socialSecurityNumber>125</clos:socialSecurityNumber>
                           <clos:lastname>baptiste</clos:lastname>
                        </clos:person>
                        <clos:rights>Admin</clos:rights>
                        <clos:ownerType>LEGAL_PERSON</clos:ownerType>
                     </clos:owner>
                  </clos:newState>
               </clos:report>
               <!--0 to 99 repetitions:-->
               <clos:linkedDossier>
                  <clos:referenceInitialService>referenceInitialService</clos:referenceInitialService>
                  <clos:referenceFodFin>15</clos:referenceFodFin>
               </clos:linkedDossier>
               <!--0 to 99 repetitions:-->
               <clos:attachment>
                  <com:fileName>cirb</com:fileName>
                  <com:data>    1234   </com:data>
               </clos:attachment>
            </clos:closedDossier>
         </v1:request>
      </v1:closedDossierRequest>
   </soapenv:Body>
</soapenv:Envelope>]]></con:request><con:credentials><con:selectedAuthProfile>Basic</con:selectedAuthProfile><con:addedBasicAuthenticationTypes>Basic</con:addedBasicAuthenticationTypes><con:authType>Global HTTP Settings</con:authType></con:credentials><con:jmsConfig JMSDeliveryMode="PERSISTENT"/><con:jmsPropertyConfig/><con:wsaConfig mustUnderstand="NONE" version="200508" action="http://fidus.brussels/services/exportfromregondesservice/closedDossier"/><con:wsrmConfig version="1.2"/></con:call><con:call id="63b77d23-1ecf-44fd-bdb7-9c0e4b6ddcdf" name="3 - Test - External - Request" incomingWss="Inflow TEST" outgoingWss="Outflow TEST"><con:settings><con:setting id="com.eviware.soapui.impl.wsdl.WsdlRequest@request-headers">&lt;xml-fragment/></con:setting></con:settings><con:encoding>UTF-8</con:encoding><con:endpoint>https://fidus-test.irisnetlab.be/services/ExportFromRegondesService_v1.0</con:endpoint><con:request><![CDATA[<soapenv:Envelope xmlns:soapenv="http://schemas.xmlsoap.org/soap/envelope/" xmlns:v1="http://fidus.brussels/service/exportfromregondesservice/messages/v1" xmlns:v11="http://fidus.brussels/type/common/messages/v1" xmlns:clos="http://www.minfin.fgov.be/regondes2/extern/taxservice/exports/closedDossiers" xmlns:com="http://www.minfin.fgov.be/regondes2/extern/taxservice/common">
   <soapenv:Header/>
   <soapenv:Body>
      <v1:closedDossierRequest>
         <v1:messageContext>
            <v11:messageId>${=import static java.util.UUID.randomUUID; uuid = randomUUID() as String}</v11:messageId>
            <v11:timestamp>${=new java.text.SimpleDateFormat("yyyy-MM-dd'T'HH:mm:ss.SSS").format(new Date())}</v11:timestamp>
         </v1:messageContext>
         <v1:legalContext>ServiceIntegrator</v1:legalContext>
         <v1:request>
            <clos:closedDossier> 
               <clos:referenceFodFin>11223344</clos:referenceFodFin>
               <clos:fiscalYear>2017</clos:fiscalYear>
               <clos:initialService>
                  <com:technicalReference>technicalReference</com:technicalReference>
                  <com:type>AAF</com:type>
                  <clos:reference>reference</clos:reference>
               </clos:initialService>
               <clos:patrimonyInformation>
                  <clos:typeDossier>AA</clos:typeDossier>
                  <clos:patrimonyFrom>${=new java.text.SimpleDateFormat("yyyy-MM-dd").format(new Date())}</clos:patrimonyFrom>
                  <clos:patrimonyRef>1</clos:patrimonyRef>
                  <clos:cadastralDivisionCode>YYY</clos:cadastralDivisionCode>
                  <clos:articleNumber>51</clos:articleNumber>
               </clos:patrimonyInformation>
               <clos:report>
                  <clos:type>S</clos:type>
                  <clos:subtype>subtype</clos:subtype>
                  <clos:kind>INITIAL</clos:kind>
                  <clos:cadastralIncome>
                     <com:codeCadastralIncome>a</com:codeCadastralIncome>
                     <com:definitiveCadastralIncome>12</com:definitiveCadastralIncome>
                     <com:dateDefinitive>${=new java.text.SimpleDateFormat("yyyy-MM-dd").format(new Date())}</com:dateDefinitive>
                     <com:reasonDefinitive>my reason</com:reasonDefinitive>
                  </clos:cadastralIncome>
                  <clos:date>${=new java.text.SimpleDateFormat("yyyy-MM-dd").format(new Date())}</clos:date>
                  <clos:motivation>No motivation</clos:motivation>
                  <!--0 to 99 repetitions:-->
                  <clos:newState>
                     <!--1 to 999 repetitions:-->
                     <clos:parcel>
                        <clos:parcelNumber>
                           <clos:section>55254</clos:section>
                           <clos:groundNumber>9555</clos:groundNumber>
                           <clos:bisNumber>2525</clos:bisNumber>
                           <clos:exponent>1414</clos:exponent>
                           <clos:power>me</clos:power>
                           <clos:part>4</clos:part>
                        </clos:parcelNumber>
                        <clos:situation>invalid</clos:situation>
                        <clos:kind>no</clos:kind>
                        <clos:details>test</clos:details>
                        <!--You have a CHOICE of the next 2 items at this level-->
                        <clos:articleNumber>1141</clos:articleNumber>
                        <clos:sequenceNumber>3215</clos:sequenceNumber>
                        <!--0 to 99 repetitions:-->
                        <clos:cadastralInformation>
                           <clos:codeCadastralIncome>12</clos:codeCadastralIncome>
                           <clos:cadastralIncome>12</clos:cadastralIncome>
                           <clos:cadastralIncomePart>42</clos:cadastralIncomePart>
                           <clos:exemption>52</clos:exemption>
                           <clos:daysUnfruitful>5</clos:daysUnfruitful>
                        </clos:cadastralInformation>
                     </clos:parcel>
                     <!--1 to 999 repetitions:-->
                     <clos:owner>
                        <!--You have a CHOICE of the next 2 items at this level-->
                        <clos:person>
                           <!--You have a CHOICE of the next 3 items at this level-->
                           <clos:socialSecurityNumber>125</clos:socialSecurityNumber>
                           <clos:lastname>baptiste</clos:lastname>
                        </clos:person>
                        <clos:rights>Admin</clos:rights>
                        <clos:ownerType>LEGAL_PERSON</clos:ownerType>
                     </clos:owner>
                  </clos:newState>
               </clos:report>
               <!--0 to 99 repetitions:-->
               <clos:linkedDossier>
                  <clos:referenceInitialService>referenceInitialService</clos:referenceInitialService>
                  <clos:referenceFodFin>15</clos:referenceFodFin>
               </clos:linkedDossier>
               <!--0 to 99 repetitions:-->
               <clos:attachment>
                  <com:fileName>cirb</com:fileName>
                  <com:data>    1234   </com:data>
               </clos:attachment>
            </clos:closedDossier>
         </v1:request>
      </v1:closedDossierRequest>
   </soapenv:Body>
</soapenv:Envelope>]]></con:request><con:credentials><con:selectedAuthProfile>Basic</con:selectedAuthProfile><con:addedBasicAuthenticationTypes>Basic</con:addedBasicAuthenticationTypes><con:authType>Global HTTP Settings</con:authType></con:credentials><con:jmsConfig JMSDeliveryMode="PERSISTENT"/><con:jmsPropertyConfig/><con:wsaConfig mustUnderstand="NONE" version="200508" action="http://fidus.brussels/services/exportfromregondesservice/closedDossier"/><con:wsrmConfig version="1.2"/></con:call><con:call id="4d84f272-7224-4c6e-b5c0-d682e0a0f653" name="4 - Staging - External - Request" incomingWss="Inflow STAGING" outgoingWss="Outflow STAGING"><con:settings><con:setting id="com.eviware.soapui.impl.wsdl.WsdlRequest@request-headers">&lt;xml-fragment/></con:setting></con:settings><con:encoding>UTF-8</con:encoding><con:endpoint>https://fidus.irisnetlab.be/services/ExportFromRegondesService_v1.0</con:endpoint><con:request><![CDATA[<soapenv:Envelope xmlns:soapenv="http://schemas.xmlsoap.org/soap/envelope/" xmlns:v1="http://fidus.brussels/service/exportfromregondesservice/messages/v1" xmlns:v11="http://fidus.brussels/type/common/messages/v1" xmlns:clos="http://www.minfin.fgov.be/regondes2/extern/taxservice/exports/closedDossiers" xmlns:com="http://www.minfin.fgov.be/regondes2/extern/taxservice/common">
   <soapenv:Header/>
   <soapenv:Body>
      <v1:closedDossierRequest>
         <v1:messageContext>
            <v11:messageId>${=import static java.util.UUID.randomUUID; uuid = randomUUID() as String}</v11:messageId>
            <v11:timestamp>${=new java.text.SimpleDateFormat("yyyy-MM-dd'T'HH:mm:ss.SSS").format(new Date())}</v11:timestamp>
         </v1:messageContext>
         <v1:legalContext>ServiceIntegrator</v1:legalContext>
         <v1:request>
            <clos:closedDossier> 
               <clos:referenceFodFin>11223344</clos:referenceFodFin>
               <clos:fiscalYear>2017</clos:fiscalYear>
               <clos:initialService>
                  <com:technicalReference>technicalReference</com:technicalReference>
                  <com:type>AAF</com:type>
                  <clos:reference>reference</clos:reference>
               </clos:initialService>
               <clos:patrimonyInformation>
                  <clos:typeDossier>AA</clos:typeDossier>
                  <clos:patrimonyFrom>${=new java.text.SimpleDateFormat("yyyy-MM-dd").format(new Date())}</clos:patrimonyFrom>
                  <clos:patrimonyRef>1</clos:patrimonyRef>
                  <clos:cadastralDivisionCode>YYY</clos:cadastralDivisionCode>
                  <clos:articleNumber>51</clos:articleNumber>
               </clos:patrimonyInformation>
               <clos:report>
                  <clos:type>S</clos:type>
                  <clos:subtype>subtype</clos:subtype>
                  <clos:kind>INITIAL</clos:kind>
                  <clos:cadastralIncome>
                     <com:codeCadastralIncome>a</com:codeCadastralIncome>
                     <com:definitiveCadastralIncome>12</com:definitiveCadastralIncome>
                     <com:dateDefinitive>${=new java.text.SimpleDateFormat("yyyy-MM-dd").format(new Date())}</com:dateDefinitive>
                     <com:reasonDefinitive>my reason</com:reasonDefinitive>
                  </clos:cadastralIncome>
                  <clos:date>${=new java.text.SimpleDateFormat("yyyy-MM-dd").format(new Date())}</clos:date>
                  <clos:motivation>No motivation</clos:motivation>
                  <!--0 to 99 repetitions:-->
                  <clos:newState>
                     <!--1 to 999 repetitions:-->
                     <clos:parcel>
                        <clos:parcelNumber>
                           <clos:section>55254</clos:section>
                           <clos:groundNumber>9555</clos:groundNumber>
                           <clos:bisNumber>2525</clos:bisNumber>
                           <clos:exponent>1414</clos:exponent>
                           <clos:power>me</clos:power>
                           <clos:part>4</clos:part>
                        </clos:parcelNumber>
                        <clos:situation>invalid</clos:situation>
                        <clos:kind>no</clos:kind>
                        <clos:details>test</clos:details>
                        <!--You have a CHOICE of the next 2 items at this level-->
                        <clos:articleNumber>1141</clos:articleNumber>
                        <clos:sequenceNumber>3215</clos:sequenceNumber>
                        <!--0 to 99 repetitions:-->
                        <clos:cadastralInformation>
                           <clos:codeCadastralIncome>12</clos:codeCadastralIncome>
                           <clos:cadastralIncome>12</clos:cadastralIncome>
                           <clos:cadastralIncomePart>42</clos:cadastralIncomePart>
                           <clos:exemption>52</clos:exemption>
                           <clos:daysUnfruitful>5</clos:daysUnfruitful>
                        </clos:cadastralInformation>
                     </clos:parcel>
                     <!--1 to 999 repetitions:-->
                     <clos:owner>
                        <!--You have a CHOICE of the next 2 items at this level-->
                        <clos:person>
                           <!--You have a CHOICE of the next 3 items at this level-->
                           <clos:socialSecurityNumber>125</clos:socialSecurityNumber>
                           <clos:lastname>baptiste</clos:lastname>
                        </clos:person>
                        <clos:rights>Admin</clos:rights>
                        <clos:ownerType>LEGAL_PERSON</clos:ownerType>
                     </clos:owner>
                  </clos:newState>
               </clos:report>
               <!--0 to 99 repetitions:-->
               <clos:linkedDossier>
                  <clos:referenceInitialService>referenceInitialService</clos:referenceInitialService>
                  <clos:referenceFodFin>15</clos:referenceFodFin>
               </clos:linkedDossier>
               <!--0 to 99 repetitions:-->
               <clos:attachment>
                  <com:fileName>cirb</com:fileName>
                  <com:data>    1234   </com:data>
               </clos:attachment>
            </clos:closedDossier>
         </v1:request>
      </v1:closedDossierRequest>
   </soapenv:Body>
</soapenv:Envelope>]]></con:request><con:credentials><con:selectedAuthProfile>Basic</con:selectedAuthProfile><con:addedBasicAuthenticationTypes>Basic</con:addedBasicAuthenticationTypes><con:authType>Global HTTP Settings</con:authType></con:credentials><con:jmsConfig JMSDeliveryMode="PERSISTENT"/><con:jmsPropertyConfig/><con:wsaConfig mustUnderstand="NONE" version="200508" action="http://fidus.brussels/services/exportfromregondesservice/closedDossier"/><con:wsrmConfig version="1.2"/></con:call></con:operation><con:operation id="f88eacdb-743a-4601-a3e9-3e5fcb87833e" isOneWay="false" action="http://fidus.brussels/services/exportfromregondesservice/postponedDossier" name="postponedDossier" bindingOperationName="postponedDossier" type="Request-Response" inputName="" receivesAttachments="false" sendsAttachments="false" anonymous="optional"><con:settings/><con:call id="7de93a2f-221f-4210-a452-57a86c8b7ea6" name="1 - Local - Request - Success" incomingWss="Inflow DEV" outgoingWss="Outflow DEV"><con:settings><con:setting id="com.eviware.soapui.impl.wsdl.WsdlRequest@request-headers">&lt;xml-fragment/></con:setting></con:settings><con:encoding>UTF-8</con:encoding><con:endpoint>https://localhost:8243/services/ExportFromRegondesService_v1.0</con:endpoint><con:request><![CDATA[<soapenv:Envelope xmlns:soapenv="http://schemas.xmlsoap.org/soap/envelope/" xmlns:v1="http://fidus.brussels/service/exportfromregondesservice/messages/v1" xmlns:v11="http://fidus.brussels/type/common/messages/v1" xmlns:pos="http://www.minfin.fgov.be/regondes2/extern/taxservice/exports/postponedDossiers" xmlns:com="http://www.minfin.fgov.be/regondes2/extern/taxservice/common">
   <soapenv:Header/>
   <soapenv:Body>
      <v1:postponedDossierRequest>
         <v1:messageContext>
            <v11:messageId>${=import static java.util.UUID.randomUUID; uuid = randomUUID() as String}</v11:messageId>
            <!--Optional:-->
            <v11:timestamp>${=new java.text.SimpleDateFormat("yyyy-MM-dd'T'HH:mm:ss.SSS").format(new Date())}</v11:timestamp>
         </v1:messageContext>
         <v1:legalContext>ServiceIntegrator</v1:legalContext>
         <v1:request>
            <pos:postponedDossier>
               <pos:referenceFodFin>11223344</pos:referenceFodFin>
               <pos:initialService>
                  <!--Optional:-->
                  <com:technicalReference>technicalReference</com:technicalReference>
                  <com:type>AAF</com:type>
                  <com:reference>reference</com:reference>
               </pos:initialService>
               <pos:postponement>
                  <pos:datePostponement>${=new java.text.SimpleDateFormat("yyyy-MM-dd").format(new Date())}</pos:datePostponement>
                  <pos:reasonPostponed>TEST</pos:reasonPostponed>
                  <pos:newTargetDate>${=new java.text.SimpleDateFormat("yyyy-MM-dd").format(new Date())}</pos:newTargetDate>
               </pos:postponement>
            </pos:postponedDossier>
         </v1:request>
      </v1:postponedDossierRequest>
   </soapenv:Body>
</soapenv:Envelope>]]></con:request><con:credentials><con:selectedAuthProfile>Basic</con:selectedAuthProfile><con:addedBasicAuthenticationTypes>Basic</con:addedBasicAuthenticationTypes><con:authType>Global HTTP Settings</con:authType></con:credentials><con:jmsConfig JMSDeliveryMode="PERSISTENT"/><con:jmsPropertyConfig/><con:wsaConfig mustUnderstand="NONE" version="200508" action="http://fidus.brussels/services/exportfromregondesservice/postponedDossier"/><con:wsrmConfig version="1.2"/></con:call><con:call id="fc1400a8-2d97-439c-a538-0fc1a467f154" name="1 - Local - Request - Error" incomingWss="Inflow DEV" outgoingWss="Outflow DEV"><con:settings><con:setting id="com.eviware.soapui.impl.wsdl.WsdlRequest@request-headers">&lt;xml-fragment/></con:setting></con:settings><con:encoding>UTF-8</con:encoding><con:endpoint>https://localhost:8243/services/ExportFromRegondesService_v1.0</con:endpoint><con:request><![CDATA[<soapenv:Envelope xmlns:soapenv="http://schemas.xmlsoap.org/soap/envelope/" xmlns:v1="http://fidus.brussels/service/exportfromregondesservice/messages/v1" xmlns:v11="http://fidus.brussels/type/common/messages/v1" xmlns:pos="http://www.minfin.fgov.be/regondes2/extern/taxservice/exports/postponedDossiers" xmlns:com="http://www.minfin.fgov.be/regondes2/extern/taxservice/common">
   <soapenv:Header/>
   <soapenv:Body>
      <v1:postponedDossierRequest>
         <v1:messageContext>
            <v11:messageId>${=import static java.util.UUID.randomUUID; uuid = randomUUID() as String}</v11:messageId>
            <!--Optional:-->
            <v11:timestamp>${=new java.text.SimpleDateFormat("yyyy-MM-dd'T'HH:mm:ss.SSS").format(new Date())}</v11:timestamp>
         </v1:messageContext>
         <v1:legalContext>ServiceIntegrator</v1:legalContext>
         <v1:request>
            <pos:postponedDossier>
               <!-- <pos:referenceFodFin>12003001507</pos:referenceFodFin> --> <!-- Technical reference not found -->
               <!-- <pos:referenceFodFin>12003001506</pos:referenceFodFin> --> <!-- Reference not found -->  
               <pos:referenceFodFin>11223345</pos:referenceFodFin> <!-- Requested dossier is already close -->
               <pos:initialService>
                  <!--Optional:-->
                  <com:technicalReference>technicalReference</com:technicalReference>
                  <com:type>AAF</com:type>
                  <com:reference>reference</com:reference>
               </pos:initialService>
               <pos:postponement>
                  <pos:datePostponement>${=new java.text.SimpleDateFormat("yyyy-MM-dd").format(new Date())}</pos:datePostponement>
                  <pos:reasonPostponed>TEST</pos:reasonPostponed>
                  <pos:newTargetDate>${=new java.text.SimpleDateFormat("yyyy-MM-dd").format(new Date())}</pos:newTargetDate>
               </pos:postponement>
            </pos:postponedDossier>
         </v1:request>
      </v1:postponedDossierRequest>
   </soapenv:Body>
</soapenv:Envelope>]]></con:request><con:credentials><con:selectedAuthProfile>Basic</con:selectedAuthProfile><con:addedBasicAuthenticationTypes>Basic</con:addedBasicAuthenticationTypes><con:authType>Global HTTP Settings</con:authType></con:credentials><con:jmsConfig JMSDeliveryMode="PERSISTENT"/><con:jmsPropertyConfig/><con:wsaConfig mustUnderstand="NONE" version="200508" action="http://fidus.brussels/services/exportfromregondesservice/postponedDossier"/><con:wsrmConfig version="1.2"/></con:call><con:call id="20714604-2017-4093-bf1f-4f53fd572191" name="2 - Dev - Request - Success" incomingWss="Inflow DEV" outgoingWss="Outflow DEV"><con:settings><con:setting id="com.eviware.soapui.impl.wsdl.WsdlRequest@request-headers">&lt;xml-fragment/></con:setting></con:settings><con:encoding>UTF-8</con:encoding><con:endpoint>https://192.168.36.61:8243/services/ExportFromRegondesService_v1.0</con:endpoint><con:request><![CDATA[<soapenv:Envelope xmlns:soapenv="http://schemas.xmlsoap.org/soap/envelope/" xmlns:v1="http://fidus.brussels/service/exportfromregondesservice/messages/v1" xmlns:v11="http://fidus.brussels/type/common/messages/v1" xmlns:pos="http://www.minfin.fgov.be/regondes2/extern/taxservice/exports/postponedDossiers" xmlns:com="http://www.minfin.fgov.be/regondes2/extern/taxservice/common">
   <soapenv:Header/>
   <soapenv:Body>
      <v1:postponedDossierRequest>
         <v1:messageContext>
            <v11:messageId>${=import static java.util.UUID.randomUUID; uuid = randomUUID() as String}</v11:messageId>
            <!--Optional:-->
            <v11:timestamp>${=new java.text.SimpleDateFormat("yyyy-MM-dd'T'HH:mm:ss.SSS").format(new Date())}</v11:timestamp>
         </v1:messageContext>
         <v1:legalContext>ServiceIntegrator</v1:legalContext>
         <v1:request>
            <pos:postponedDossier>
               <pos:referenceFodFin>11223344</pos:referenceFodFin>
               <pos:initialService>
                  <!--Optional:-->
                  <com:technicalReference>technicalReference</com:technicalReference>
                  <com:type>AAF</com:type>
                  <com:reference>reference</com:reference>
               </pos:initialService>
               <pos:postponement>
                  <pos:datePostponement>${=new java.text.SimpleDateFormat("yyyy-MM-dd").format(new Date())}</pos:datePostponement>
                  <pos:reasonPostponed>TEST</pos:reasonPostponed>
                  <pos:newTargetDate>${=new java.text.SimpleDateFormat("yyyy-MM-dd").format(new Date())}</pos:newTargetDate>
               </pos:postponement>
            </pos:postponedDossier>
         </v1:request>
      </v1:postponedDossierRequest>
   </soapenv:Body>
</soapenv:Envelope>]]></con:request><con:credentials><con:selectedAuthProfile>Basic</con:selectedAuthProfile><con:addedBasicAuthenticationTypes>Basic</con:addedBasicAuthenticationTypes><con:authType>Global HTTP Settings</con:authType></con:credentials><con:jmsConfig JMSDeliveryMode="PERSISTENT"/><con:jmsPropertyConfig/><con:wsaConfig mustUnderstand="NONE" version="200508" action="http://fidus.brussels/services/exportfromregondesservice/postponedDossier"/><con:wsrmConfig version="1.2"/></con:call><con:call id="10111671-fdf2-4375-8d14-e4a44842a128" name="2 - Dev - Request - Error" incomingWss="Inflow DEV" outgoingWss="Outflow DEV"><con:settings><con:setting id="com.eviware.soapui.impl.wsdl.WsdlRequest@request-headers">&lt;xml-fragment/></con:setting></con:settings><con:encoding>UTF-8</con:encoding><con:endpoint>https://192.168.36.61:8243/services/ExportFromRegondesService_v1.0</con:endpoint><con:request><![CDATA[<soapenv:Envelope xmlns:soapenv="http://schemas.xmlsoap.org/soap/envelope/" xmlns:v1="http://fidus.brussels/service/exportfromregondesservice/messages/v1" xmlns:v11="http://fidus.brussels/type/common/messages/v1" xmlns:pos="http://www.minfin.fgov.be/regondes2/extern/taxservice/exports/postponedDossiers" xmlns:com="http://www.minfin.fgov.be/regondes2/extern/taxservice/common">
   <soapenv:Header/>
   <soapenv:Body>
      <v1:postponedDossierRequest>
         <v1:messageContext>
            <v11:messageId>${=import static java.util.UUID.randomUUID; uuid = randomUUID() as String}</v11:messageId>
            <!--Optional:-->
            <v11:timestamp>${=new java.text.SimpleDateFormat("yyyy-MM-dd'T'HH:mm:ss.SSS").format(new Date())}</v11:timestamp>
         </v1:messageContext>
         <v1:legalContext>ServiceIntegrator</v1:legalContext>
         <v1:request>
            <pos:postponedDossier>
               <!-- <pos:referenceFodFin>12003001507</pos:referenceFodFin> --> <!-- Technical reference not found -->
               <!-- <pos:referenceFodFin>12003001506</pos:referenceFodFin> --> <!-- Reference not found -->  
               <pos:referenceFodFin>11223345</pos:referenceFodFin> <!-- Requested dossier is already close -->
               <pos:initialService>
                  <!--Optional:-->
                  <com:technicalReference>technicalReference</com:technicalReference>
                  <com:type>AAF</com:type>
                  <com:reference>reference</com:reference>
               </pos:initialService>
               <pos:postponement>
                  <pos:datePostponement>${=new java.text.SimpleDateFormat("yyyy-MM-dd").format(new Date())}</pos:datePostponement>
                  <pos:reasonPostponed>TEST</pos:reasonPostponed>
                  <pos:newTargetDate>${=new java.text.SimpleDateFormat("yyyy-MM-dd").format(new Date())}</pos:newTargetDate>
               </pos:postponement>
            </pos:postponedDossier>
         </v1:request>
      </v1:postponedDossierRequest>
   </soapenv:Body>
</soapenv:Envelope>]]></con:request><con:credentials><con:selectedAuthProfile>Basic</con:selectedAuthProfile><con:addedBasicAuthenticationTypes>Basic</con:addedBasicAuthenticationTypes><con:authType>Global HTTP Settings</con:authType></con:credentials><con:jmsConfig JMSDeliveryMode="PERSISTENT"/><con:jmsPropertyConfig/><con:wsaConfig mustUnderstand="NONE" version="200508" action="http://fidus.brussels/services/exportfromregondesservice/postponedDossier"/><con:wsrmConfig version="1.2"/></con:call><con:call id="51725dd1-b164-497a-9c6f-3f73ca8334a2" name="3 - Test - LB - Request" outgoingWss="Outflow TEST" incomingWss="Inflow TEST"><con:settings><con:setting id="com.eviware.soapui.impl.wsdl.WsdlRequest@request-headers">&lt;xml-fragment/></con:setting></con:settings><con:encoding>UTF-8</con:encoding><con:endpoint>https://esb-security-gw.sta.srv.cirb.lan:8443/services/ExportFromRegondesService_v1.0</con:endpoint><con:request><![CDATA[<soapenv:Envelope xmlns:soapenv="http://schemas.xmlsoap.org/soap/envelope/" xmlns:v1="http://fidus.brussels/service/exportfromregondesservice/messages/v1" xmlns:v11="http://fidus.brussels/type/common/messages/v1" xmlns:pos="http://www.minfin.fgov.be/regondes2/extern/taxservice/exports/postponedDossiers" xmlns:com="http://www.minfin.fgov.be/regondes2/extern/taxservice/common">
   <soapenv:Header/>
   <soapenv:Body>
      <v1:postponedDossierRequest>
         <v1:messageContext>
            <v11:messageId>${=import static java.util.UUID.randomUUID; uuid = randomUUID() as String}</v11:messageId>
            <!--Optional:-->
            <v11:timestamp>${=new java.text.SimpleDateFormat("yyyy-MM-dd'T'HH:mm:ss.SSS").format(new Date())}</v11:timestamp>
         </v1:messageContext>
         <v1:legalContext>ServiceIntegrator</v1:legalContext>
         <v1:request>
            <pos:postponedDossier>
               <pos:referenceFodFin>11223344</pos:referenceFodFin>
               <pos:initialService>
                  <!--Optional:-->
                  <com:technicalReference>technicalReference</com:technicalReference>
                  <com:type>AAF</com:type>
                  <com:reference>reference</com:reference>
               </pos:initialService>
               <pos:postponement>
                  <pos:datePostponement>${=new java.text.SimpleDateFormat("yyyy-MM-dd").format(new Date())}</pos:datePostponement>
                  <pos:reasonPostponed>TEST</pos:reasonPostponed>
                  <pos:newTargetDate>${=new java.text.SimpleDateFormat("yyyy-MM-dd").format(new Date())}</pos:newTargetDate>
               </pos:postponement>
            </pos:postponedDossier>
         </v1:request>
      </v1:postponedDossierRequest>
   </soapenv:Body>
</soapenv:Envelope>]]></con:request><con:credentials><con:selectedAuthProfile>Basic</con:selectedAuthProfile><con:addedBasicAuthenticationTypes>Basic</con:addedBasicAuthenticationTypes><con:authType>Global HTTP Settings</con:authType></con:credentials><con:jmsConfig JMSDeliveryMode="PERSISTENT"/><con:jmsPropertyConfig/><con:wsaConfig mustUnderstand="NONE" version="200508" action="http://fidus.brussels/services/exportfromregondesservice/postponedDossier"/><con:wsrmConfig version="1.2"/></con:call><con:call id="751525d9-2cb5-4292-8d95-79342a2d56f7" name="3 - Test - Worker1 - Request" incomingWss="Inflow TEST" outgoingWss="Outflow TEST"><con:settings><con:setting id="com.eviware.soapui.impl.wsdl.WsdlRequest@request-headers">&lt;xml-fragment/></con:setting></con:settings><con:encoding>UTF-8</con:encoding><con:endpoint>https://192.168.22.53:8443/services/ExportFromRegondesService_v1.0</con:endpoint><con:request><![CDATA[<soapenv:Envelope xmlns:soapenv="http://schemas.xmlsoap.org/soap/envelope/" xmlns:v1="http://fidus.brussels/service/exportfromregondesservice/messages/v1" xmlns:v11="http://fidus.brussels/type/common/messages/v1" xmlns:pos="http://www.minfin.fgov.be/regondes2/extern/taxservice/exports/postponedDossiers" xmlns:com="http://www.minfin.fgov.be/regondes2/extern/taxservice/common">
   <soapenv:Header/>
   <soapenv:Body>
      <v1:postponedDossierRequest>
         <v1:messageContext>
            <v11:messageId>${=import static java.util.UUID.randomUUID; uuid = randomUUID() as String}</v11:messageId>
            <!--Optional:-->
            <v11:timestamp>${=new java.text.SimpleDateFormat("yyyy-MM-dd'T'HH:mm:ss.SSS").format(new Date())}</v11:timestamp>
         </v1:messageContext>
         <v1:legalContext>ServiceIntegrator</v1:legalContext>
         <v1:request>
            <pos:postponedDossier>
               <pos:referenceFodFin>11223344</pos:referenceFodFin>
               <pos:initialService>
                  <!--Optional:-->
                  <com:technicalReference>technicalReference</com:technicalReference>
                  <com:type>AAF</com:type>
                  <com:reference>reference</com:reference>
               </pos:initialService>
               <pos:postponement>
                  <pos:datePostponement>${=new java.text.SimpleDateFormat("yyyy-MM-dd").format(new Date())}</pos:datePostponement>
                  <pos:reasonPostponed>TEST</pos:reasonPostponed>
                  <pos:newTargetDate>${=new java.text.SimpleDateFormat("yyyy-MM-dd").format(new Date())}</pos:newTargetDate>
               </pos:postponement>
            </pos:postponedDossier>
         </v1:request>
      </v1:postponedDossierRequest>
   </soapenv:Body>
</soapenv:Envelope>]]></con:request><con:credentials><con:selectedAuthProfile>Basic</con:selectedAuthProfile><con:addedBasicAuthenticationTypes>Basic</con:addedBasicAuthenticationTypes><con:authType>Global HTTP Settings</con:authType></con:credentials><con:jmsConfig JMSDeliveryMode="PERSISTENT"/><con:jmsPropertyConfig/><con:wsaConfig mustUnderstand="NONE" version="200508" action="http://fidus.brussels/services/exportfromregondesservice/postponedDossier"/><con:wsrmConfig version="1.2"/></con:call><con:call id="1a521fa1-436b-4dfb-8940-c9b4a86bf3ed" name="3 - Test - Worker2 - Request" incomingWss="Inflow TEST" outgoingWss="Outflow TEST"><con:settings><con:setting id="com.eviware.soapui.impl.wsdl.WsdlRequest@request-headers">&lt;xml-fragment/></con:setting></con:settings><con:encoding>UTF-8</con:encoding><con:endpoint>https://192.168.22.54:8443/services/ExportFromRegondesService_v1.0</con:endpoint><con:request><![CDATA[<soapenv:Envelope xmlns:soapenv="http://schemas.xmlsoap.org/soap/envelope/" xmlns:v1="http://fidus.brussels/service/exportfromregondesservice/messages/v1" xmlns:v11="http://fidus.brussels/type/common/messages/v1" xmlns:pos="http://www.minfin.fgov.be/regondes2/extern/taxservice/exports/postponedDossiers" xmlns:com="http://www.minfin.fgov.be/regondes2/extern/taxservice/common">
   <soapenv:Header/>
   <soapenv:Body>
      <v1:postponedDossierRequest>
         <v1:messageContext>
            <v11:messageId>${=import static java.util.UUID.randomUUID; uuid = randomUUID() as String}</v11:messageId>
            <!--Optional:-->
            <v11:timestamp>${=new java.text.SimpleDateFormat("yyyy-MM-dd'T'HH:mm:ss.SSS").format(new Date())}</v11:timestamp>
         </v1:messageContext>
         <v1:legalContext>ServiceIntegrator</v1:legalContext>
         <v1:request>
            <pos:postponedDossier>
               <pos:referenceFodFin>11223344</pos:referenceFodFin>
               <pos:initialService>
                  <!--Optional:-->
                  <com:technicalReference>technicalReference</com:technicalReference>
                  <com:type>AAF</com:type>
                  <com:reference>reference</com:reference>
               </pos:initialService>
               <pos:postponement>
                  <pos:datePostponement>${=new java.text.SimpleDateFormat("yyyy-MM-dd").format(new Date())}</pos:datePostponement>
                  <pos:reasonPostponed>TEST</pos:reasonPostponed>
                  <pos:newTargetDate>${=new java.text.SimpleDateFormat("yyyy-MM-dd").format(new Date())}</pos:newTargetDate>
               </pos:postponement>
            </pos:postponedDossier>
         </v1:request>
      </v1:postponedDossierRequest>
   </soapenv:Body>
</soapenv:Envelope>]]></con:request><con:credentials><con:selectedAuthProfile>Basic</con:selectedAuthProfile><con:addedBasicAuthenticationTypes>Basic</con:addedBasicAuthenticationTypes><con:authType>Global HTTP Settings</con:authType></con:credentials><con:jmsConfig JMSDeliveryMode="PERSISTENT"/><con:jmsPropertyConfig/><con:wsaConfig mustUnderstand="NONE" version="200508" action="http://fidus.brussels/services/exportfromregondesservice/postponedDossier"/><con:wsrmConfig version="1.2"/></con:call><con:call id="502e264b-bfb8-44f7-9476-8d50495a8e8c" name="4 - Staging - LB - Request" outgoingWss="Outflow STAGING" incomingWss="Inflow STAGING"><con:settings><con:setting id="com.eviware.soapui.impl.wsdl.WsdlRequest@request-headers">&lt;xml-fragment/></con:setting></con:settings><con:encoding>UTF-8</con:encoding><con:endpoint>https://fidus-esb-sg.sta.srv.cirb.lan:8443/services/ExportFromRegondesService_v1.0</con:endpoint><con:request><![CDATA[<soapenv:Envelope xmlns:soapenv="http://schemas.xmlsoap.org/soap/envelope/" xmlns:v1="http://fidus.brussels/service/exportfromregondesservice/messages/v1" xmlns:v11="http://fidus.brussels/type/common/messages/v1" xmlns:pos="http://www.minfin.fgov.be/regondes2/extern/taxservice/exports/postponedDossiers" xmlns:com="http://www.minfin.fgov.be/regondes2/extern/taxservice/common">
   <soapenv:Header/>
   <soapenv:Body>
      <v1:postponedDossierRequest>
         <v1:messageContext>
            <v11:messageId>${=import static java.util.UUID.randomUUID; uuid = randomUUID() as String}</v11:messageId>
            <!--Optional:-->
            <v11:timestamp>${=new java.text.SimpleDateFormat("yyyy-MM-dd'T'HH:mm:ss.SSS").format(new Date())}</v11:timestamp>
         </v1:messageContext>
         <v1:legalContext>ServiceIntegrator</v1:legalContext>
         <v1:request>
            <pos:postponedDossier>
               <pos:referenceFodFin>11223344</pos:referenceFodFin>
               <pos:initialService>
                  <!--Optional:-->
                  <com:technicalReference>technicalReference</com:technicalReference>
                  <com:type>AAF</com:type>
                  <com:reference>reference</com:reference>
               </pos:initialService>
               <pos:postponement>
                  <pos:datePostponement>${=new java.text.SimpleDateFormat("yyyy-MM-dd").format(new Date())}</pos:datePostponement>
                  <pos:reasonPostponed>TEST</pos:reasonPostponed>
                  <pos:newTargetDate>${=new java.text.SimpleDateFormat("yyyy-MM-dd").format(new Date())}</pos:newTargetDate>
               </pos:postponement>
            </pos:postponedDossier>
         </v1:request>
      </v1:postponedDossierRequest>
   </soapenv:Body>
</soapenv:Envelope>]]></con:request><con:credentials><con:selectedAuthProfile>Basic</con:selectedAuthProfile><con:addedBasicAuthenticationTypes>Basic</con:addedBasicAuthenticationTypes><con:authType>Global HTTP Settings</con:authType></con:credentials><con:jmsConfig JMSDeliveryMode="PERSISTENT"/><con:jmsPropertyConfig/><con:wsaConfig mustUnderstand="NONE" version="200508" action="http://fidus.brussels/services/exportfromregondesservice/postponedDossier"/><con:wsrmConfig version="1.2"/></con:call><con:call id="890b98a4-c009-4270-830e-09c218e69ca1" name="4 - Staging - Worker1 - Request" incomingWss="Inflow STAGING" outgoingWss="Outflow STAGING"><con:settings><con:setting id="com.eviware.soapui.impl.wsdl.WsdlRequest@request-headers">&lt;xml-fragment/></con:setting></con:settings><con:encoding>UTF-8</con:encoding><con:endpoint>https://192.168.24.16:8443/services/ExportFromRegondesService_v1.0</con:endpoint><con:request><![CDATA[<soapenv:Envelope xmlns:soapenv="http://schemas.xmlsoap.org/soap/envelope/" xmlns:v1="http://fidus.brussels/service/exportfromregondesservice/messages/v1" xmlns:v11="http://fidus.brussels/type/common/messages/v1" xmlns:pos="http://www.minfin.fgov.be/regondes2/extern/taxservice/exports/postponedDossiers" xmlns:com="http://www.minfin.fgov.be/regondes2/extern/taxservice/common">
   <soapenv:Header/>
   <soapenv:Body>
      <v1:postponedDossierRequest>
         <v1:messageContext>
            <v11:messageId>${=import static java.util.UUID.randomUUID; uuid = randomUUID() as String}</v11:messageId>
            <!--Optional:-->
            <v11:timestamp>${=new java.text.SimpleDateFormat("yyyy-MM-dd'T'HH:mm:ss.SSS").format(new Date())}</v11:timestamp>
         </v1:messageContext>
         <v1:legalContext>ServiceIntegrator</v1:legalContext>
         <v1:request>
            <pos:postponedDossier>
               <pos:referenceFodFin>11223344</pos:referenceFodFin>
               <pos:initialService>
                  <!--Optional:-->
                  <com:technicalReference>technicalReference</com:technicalReference>
                  <com:type>AAF</com:type>
                  <com:reference>reference</com:reference>
               </pos:initialService>
               <pos:postponement>
                  <pos:datePostponement>${=new java.text.SimpleDateFormat("yyyy-MM-dd").format(new Date())}</pos:datePostponement>
                  <pos:reasonPostponed>TEST</pos:reasonPostponed>
                  <pos:newTargetDate>${=new java.text.SimpleDateFormat("yyyy-MM-dd").format(new Date())}</pos:newTargetDate>
               </pos:postponement>
            </pos:postponedDossier>
         </v1:request>
      </v1:postponedDossierRequest>
   </soapenv:Body>
</soapenv:Envelope>]]></con:request><con:credentials><con:selectedAuthProfile>Basic</con:selectedAuthProfile><con:addedBasicAuthenticationTypes>Basic</con:addedBasicAuthenticationTypes><con:authType>Global HTTP Settings</con:authType></con:credentials><con:jmsConfig JMSDeliveryMode="PERSISTENT"/><con:jmsPropertyConfig/><con:wsaConfig mustUnderstand="NONE" version="200508" action="http://fidus.brussels/services/exportfromregondesservice/postponedDossier"/><con:wsrmConfig version="1.2"/></con:call><con:call id="a0f49606-3d56-4fc4-835c-3b79ec54681a" name="4 - Staging - worker2 - Request" incomingWss="Inflow STAGING" outgoingWss="Outflow STAGING"><con:settings><con:setting id="com.eviware.soapui.impl.wsdl.WsdlRequest@request-headers">&lt;xml-fragment/></con:setting></con:settings><con:encoding>UTF-8</con:encoding><con:endpoint>https://192.168.24.17:8443/services/ExportFromRegondesService_v1.0</con:endpoint><con:request><![CDATA[<soapenv:Envelope xmlns:soapenv="http://schemas.xmlsoap.org/soap/envelope/" xmlns:v1="http://fidus.brussels/service/exportfromregondesservice/messages/v1" xmlns:v11="http://fidus.brussels/type/common/messages/v1" xmlns:pos="http://www.minfin.fgov.be/regondes2/extern/taxservice/exports/postponedDossiers" xmlns:com="http://www.minfin.fgov.be/regondes2/extern/taxservice/common">
   <soapenv:Header/>
   <soapenv:Body>
      <v1:postponedDossierRequest>
         <v1:messageContext>
            <v11:messageId>${=import static java.util.UUID.randomUUID; uuid = randomUUID() as String}</v11:messageId>
            <!--Optional:-->
            <v11:timestamp>${=new java.text.SimpleDateFormat("yyyy-MM-dd'T'HH:mm:ss.SSS").format(new Date())}</v11:timestamp>
         </v1:messageContext>
         <v1:legalContext>ServiceIntegrator</v1:legalContext>
         <v1:request>
            <pos:postponedDossier>
               <pos:referenceFodFin>11223344</pos:referenceFodFin>
               <pos:initialService>
                  <!--Optional:-->
                  <com:technicalReference>technicalReference</com:technicalReference>
                  <com:type>AAF</com:type>
                  <com:reference>reference</com:reference>
               </pos:initialService>
               <pos:postponement>
                  <pos:datePostponement>${=new java.text.SimpleDateFormat("yyyy-MM-dd").format(new Date())}</pos:datePostponement>
                  <pos:reasonPostponed>TEST</pos:reasonPostponed>
                  <pos:newTargetDate>${=new java.text.SimpleDateFormat("yyyy-MM-dd").format(new Date())}</pos:newTargetDate>
               </pos:postponement>
            </pos:postponedDossier>
         </v1:request>
      </v1:postponedDossierRequest>
   </soapenv:Body>
</soapenv:Envelope>]]></con:request><con:credentials><con:selectedAuthProfile>Basic</con:selectedAuthProfile><con:addedBasicAuthenticationTypes>Basic</con:addedBasicAuthenticationTypes><con:authType>Global HTTP Settings</con:authType></con:credentials><con:jmsConfig JMSDeliveryMode="PERSISTENT"/><con:jmsPropertyConfig/><con:wsaConfig mustUnderstand="NONE" version="200508" action="http://fidus.brussels/services/exportfromregondesservice/postponedDossier"/><con:wsrmConfig version="1.2"/></con:call><con:call id="edbeaf0d-8e82-4594-b95e-33e1c5c92f61" name="5 - Prod - LB - Request" incomingWss="Inflow PROD" outgoingWss="Outflow PROD"><con:settings><con:setting id="com.eviware.soapui.impl.wsdl.WsdlRequest@request-headers">&lt;xml-fragment/></con:setting></con:settings><con:encoding>UTF-8</con:encoding><con:endpoint>https://fidus-esb-sg.prd.srv.cirb.lan:8443/services/ExportFromRegondesService_v1.0</con:endpoint><con:request><![CDATA[<soapenv:Envelope xmlns:soapenv="http://schemas.xmlsoap.org/soap/envelope/" xmlns:v1="http://fidus.brussels/service/exportfromregondesservice/messages/v1" xmlns:v11="http://fidus.brussels/type/common/messages/v1" xmlns:pos="http://www.minfin.fgov.be/regondes2/extern/taxservice/exports/postponedDossiers" xmlns:com="http://www.minfin.fgov.be/regondes2/extern/taxservice/common">
   <soapenv:Header/>
   <soapenv:Body>
      <v1:postponedDossierRequest>
         <v1:messageContext>
            <v11:messageId>${=import static java.util.UUID.randomUUID; uuid = randomUUID() as String}</v11:messageId>
            <!--Optional:-->
            <v11:timestamp>${=new java.text.SimpleDateFormat("yyyy-MM-dd'T'HH:mm:ss.SSS").format(new Date())}</v11:timestamp>
         </v1:messageContext>
         <v1:legalContext>ServiceIntegrator</v1:legalContext>
         <v1:request>
            <pos:postponedDossier>
               <pos:referenceFodFin>11223344</pos:referenceFodFin>
               <pos:initialService>
                  <!--Optional:-->
                  <com:technicalReference>technicalReference</com:technicalReference>
                  <com:type>AAF</com:type>
                  <com:reference>reference</com:reference>
               </pos:initialService>
               <pos:postponement>
                  <pos:datePostponement>${=new java.text.SimpleDateFormat("yyyy-MM-dd").format(new Date())}</pos:datePostponement>
                  <pos:reasonPostponed>TEST</pos:reasonPostponed>
                  <pos:newTargetDate>${=new java.text.SimpleDateFormat("yyyy-MM-dd").format(new Date())}</pos:newTargetDate>
               </pos:postponement>
            </pos:postponedDossier>
         </v1:request>
      </v1:postponedDossierRequest>
   </soapenv:Body>
</soapenv:Envelope>]]></con:request><con:credentials><con:selectedAuthProfile>Basic</con:selectedAuthProfile><con:addedBasicAuthenticationTypes>Basic</con:addedBasicAuthenticationTypes><con:authType>Global HTTP Settings</con:authType></con:credentials><con:jmsConfig JMSDeliveryMode="PERSISTENT"/><con:jmsPropertyConfig/><con:wsaConfig mustUnderstand="NONE" version="200508" action="http://fidus.brussels/services/exportfromregondesservice/postponedDossier"/><con:wsrmConfig version="1.2"/></con:call><con:call id="6a1425de-0ae6-4abb-9c33-822dee03f9df" name="5 - Prod - External - Request" incomingWss="Inflow PROD" outgoingWss="Outflow PROD"><con:settings><con:setting id="com.eviware.soapui.impl.wsdl.WsdlRequest@request-headers">&lt;xml-fragment/></con:setting></con:settings><con:encoding>UTF-8</con:encoding><con:endpoint>https://fidus.sec.brussels/services/ExportFromRegondesservice_v1.0</con:endpoint><con:request><![CDATA[<soapenv:Envelope xmlns:soapenv="http://schemas.xmlsoap.org/soap/envelope/" xmlns:v1="http://fidus.brussels/service/exportfromregondesservice/messages/v1" xmlns:v11="http://fidus.brussels/type/common/messages/v1" xmlns:pos="http://www.minfin.fgov.be/regondes2/extern/taxservice/exports/postponedDossiers" xmlns:com="http://www.minfin.fgov.be/regondes2/extern/taxservice/common">
   <soapenv:Header/>
   <soapenv:Body>
      <v1:postponedDossierRequest>
         <v1:messageContext>
            <v11:messageId>${=import static java.util.UUID.randomUUID; uuid = randomUUID() as String}</v11:messageId>
            <!--Optional:-->
            <v11:timestamp>${=new java.text.SimpleDateFormat("yyyy-MM-dd'T'HH:mm:ss.SSS").format(new Date())}</v11:timestamp>
         </v1:messageContext>
         <v1:legalContext>ServiceIntegrator</v1:legalContext>
         <v1:request>
            <pos:postponedDossier>
               <pos:referenceFodFin>11223344</pos:referenceFodFin>
               <pos:initialService>
                  <!--Optional:-->
                  <com:technicalReference>technicalReference</com:technicalReference>
                  <com:type>AAF</com:type>
                  <com:reference>reference</com:reference>
               </pos:initialService>
               <pos:postponement>
                  <pos:datePostponement>${=new java.text.SimpleDateFormat("yyyy-MM-dd").format(new Date())}</pos:datePostponement>
                  <pos:reasonPostponed>TEST</pos:reasonPostponed>
                  <pos:newTargetDate>${=new java.text.SimpleDateFormat("yyyy-MM-dd").format(new Date())}</pos:newTargetDate>
               </pos:postponement>
            </pos:postponedDossier>
         </v1:request>
      </v1:postponedDossierRequest>
   </soapenv:Body>
</soapenv:Envelope>]]></con:request><con:credentials><con:selectedAuthProfile>Basic</con:selectedAuthProfile><con:addedBasicAuthenticationTypes>Basic</con:addedBasicAuthenticationTypes><con:authType>Global HTTP Settings</con:authType></con:credentials><con:jmsConfig JMSDeliveryMode="PERSISTENT"/><con:jmsPropertyConfig/><con:wsaConfig mustUnderstand="NONE" version="200508" action="http://fidus.brussels/services/exportfromregondesservice/postponedDossier"/><con:wsrmConfig version="1.2"/></con:call><con:call id="2477006f-b1e3-4a96-9110-e4f938d54f24" name="5 - Prod - Worker1 - Request" incomingWss="Inflow PROD" outgoingWss="Outflow PROD"><con:settings><con:setting id="com.eviware.soapui.impl.wsdl.WsdlRequest@request-headers">&lt;xml-fragment/></con:setting></con:settings><con:encoding>UTF-8</con:encoding><con:endpoint>https://192.168.26.22:8443/services/ExportFromRegondesService_v1.0</con:endpoint><con:request><![CDATA[<soapenv:Envelope xmlns:soapenv="http://schemas.xmlsoap.org/soap/envelope/" xmlns:v1="http://fidus.brussels/service/exportfromregondesservice/messages/v1" xmlns:v11="http://fidus.brussels/type/common/messages/v1" xmlns:pos="http://www.minfin.fgov.be/regondes2/extern/taxservice/exports/postponedDossiers" xmlns:com="http://www.minfin.fgov.be/regondes2/extern/taxservice/common">
   <soapenv:Header/>
   <soapenv:Body>
      <v1:postponedDossierRequest>
         <v1:messageContext>
            <v11:messageId>${=import static java.util.UUID.randomUUID; uuid = randomUUID() as String}</v11:messageId>
            <!--Optional:-->
            <v11:timestamp>${=new java.text.SimpleDateFormat("yyyy-MM-dd'T'HH:mm:ss.SSS").format(new Date())}</v11:timestamp>
         </v1:messageContext>
         <v1:legalContext>ServiceIntegrator</v1:legalContext>
         <v1:request>
            <pos:postponedDossier>
               <pos:referenceFodFin>11223344</pos:referenceFodFin>
               <pos:initialService>
                  <!--Optional:-->
                  <com:technicalReference>technicalReference</com:technicalReference>
                  <com:type>AAF</com:type>
                  <com:reference>reference</com:reference>
               </pos:initialService>
               <pos:postponement>
                  <pos:datePostponement>${=new java.text.SimpleDateFormat("yyyy-MM-dd").format(new Date())}</pos:datePostponement>
                  <pos:reasonPostponed>TEST</pos:reasonPostponed>
                  <pos:newTargetDate>${=new java.text.SimpleDateFormat("yyyy-MM-dd").format(new Date())}</pos:newTargetDate>
               </pos:postponement>
            </pos:postponedDossier>
         </v1:request>
      </v1:postponedDossierRequest>
   </soapenv:Body>
</soapenv:Envelope>]]></con:request><con:credentials><con:selectedAuthProfile>Basic</con:selectedAuthProfile><con:addedBasicAuthenticationTypes>Basic</con:addedBasicAuthenticationTypes><con:authType>Global HTTP Settings</con:authType></con:credentials><con:jmsConfig JMSDeliveryMode="PERSISTENT"/><con:jmsPropertyConfig/><con:wsaConfig mustUnderstand="NONE" version="200508" action="http://fidus.brussels/services/exportfromregondesservice/postponedDossier"/><con:wsrmConfig version="1.2"/></con:call><con:call id="c284bed1-97d1-42ce-ba34-3b35098b90b4" name="5 - Prod - Worker2 - Request" incomingWss="Inflow PROD" outgoingWss="Outflow PROD"><con:settings><con:setting id="com.eviware.soapui.impl.wsdl.WsdlRequest@request-headers">&lt;xml-fragment/></con:setting></con:settings><con:encoding>UTF-8</con:encoding><con:endpoint>https://192.168.26.19:8443/services/ExportFromRegondesService_v1.0</con:endpoint><con:request><![CDATA[<soapenv:Envelope xmlns:soapenv="http://schemas.xmlsoap.org/soap/envelope/" xmlns:v1="http://fidus.brussels/service/exportfromregondesservice/messages/v1" xmlns:v11="http://fidus.brussels/type/common/messages/v1" xmlns:pos="http://www.minfin.fgov.be/regondes2/extern/taxservice/exports/postponedDossiers" xmlns:com="http://www.minfin.fgov.be/regondes2/extern/taxservice/common">
   <soapenv:Header/>
   <soapenv:Body>
      <v1:postponedDossierRequest>
         <v1:messageContext>
            <v11:messageId>${=import static java.util.UUID.randomUUID; uuid = randomUUID() as String}</v11:messageId>
            <!--Optional:-->
            <v11:timestamp>${=new java.text.SimpleDateFormat("yyyy-MM-dd'T'HH:mm:ss.SSS").format(new Date())}</v11:timestamp>
         </v1:messageContext>
         <v1:legalContext>ServiceIntegrator</v1:legalContext>
         <v1:request>
            <pos:postponedDossier>
               <pos:referenceFodFin>11223344</pos:referenceFodFin>
               <pos:initialService>
                  <!--Optional:-->
                  <com:technicalReference>technicalReference</com:technicalReference>
                  <com:type>AAF</com:type>
                  <com:reference>reference</com:reference>
               </pos:initialService>
               <pos:postponement>
                  <pos:datePostponement>${=new java.text.SimpleDateFormat("yyyy-MM-dd").format(new Date())}</pos:datePostponement>
                  <pos:reasonPostponed>TEST</pos:reasonPostponed>
                  <pos:newTargetDate>${=new java.text.SimpleDateFormat("yyyy-MM-dd").format(new Date())}</pos:newTargetDate>
               </pos:postponement>
            </pos:postponedDossier>
         </v1:request>
      </v1:postponedDossierRequest>
   </soapenv:Body>
</soapenv:Envelope>]]></con:request><con:credentials><con:selectedAuthProfile>Basic</con:selectedAuthProfile><con:addedBasicAuthenticationTypes>Basic</con:addedBasicAuthenticationTypes><con:authType>Global HTTP Settings</con:authType></con:credentials><con:jmsConfig JMSDeliveryMode="PERSISTENT"/><con:jmsPropertyConfig/><con:wsaConfig mustUnderstand="NONE" version="200508" action="http://fidus.brussels/services/exportfromregondesservice/postponedDossier"/><con:wsrmConfig version="1.2"/></con:call><con:call id="1602bd77-adb8-4214-990b-eed2c58bdf45" name="3 - Test - External - Request" incomingWss="Inflow TEST" outgoingWss="Outflow TEST"><con:settings><con:setting id="com.eviware.soapui.impl.wsdl.WsdlRequest@request-headers">&lt;xml-fragment/></con:setting></con:settings><con:encoding>UTF-8</con:encoding><con:endpoint>https://fidus-test.irisnetlab.be/services/ExportFromRegondesService_v1.0</con:endpoint><con:request><![CDATA[<soapenv:Envelope xmlns:soapenv="http://schemas.xmlsoap.org/soap/envelope/" xmlns:v1="http://fidus.brussels/service/exportfromregondesservice/messages/v1" xmlns:v11="http://fidus.brussels/type/common/messages/v1" xmlns:pos="http://www.minfin.fgov.be/regondes2/extern/taxservice/exports/postponedDossiers" xmlns:com="http://www.minfin.fgov.be/regondes2/extern/taxservice/common">
   <soapenv:Header/>
   <soapenv:Body>
      <v1:postponedDossierRequest>
         <v1:messageContext>
            <v11:messageId>${=import static java.util.UUID.randomUUID; uuid = randomUUID() as String}</v11:messageId>
            <!--Optional:-->
            <v11:timestamp>${=new java.text.SimpleDateFormat("yyyy-MM-dd'T'HH:mm:ss.SSS").format(new Date())}</v11:timestamp>
         </v1:messageContext>
         <v1:legalContext>ServiceIntegrator</v1:legalContext>
         <v1:request>
            <pos:postponedDossier>
               <pos:referenceFodFin>11223344</pos:referenceFodFin>
               <pos:initialService>
                  <!--Optional:-->
                  <com:technicalReference>technicalReference</com:technicalReference>
                  <com:type>AAF</com:type>
                  <com:reference>reference</com:reference>
               </pos:initialService>
               <pos:postponement>
                  <pos:datePostponement>${=new java.text.SimpleDateFormat("yyyy-MM-dd").format(new Date())}</pos:datePostponement>
                  <pos:reasonPostponed>TEST</pos:reasonPostponed>
                  <pos:newTargetDate>${=new java.text.SimpleDateFormat("yyyy-MM-dd").format(new Date())}</pos:newTargetDate>
               </pos:postponement>
            </pos:postponedDossier>
         </v1:request>
      </v1:postponedDossierRequest>
   </soapenv:Body>
</soapenv:Envelope>]]></con:request><con:credentials><con:selectedAuthProfile>Basic</con:selectedAuthProfile><con:addedBasicAuthenticationTypes>Basic</con:addedBasicAuthenticationTypes><con:authType>Global HTTP Settings</con:authType></con:credentials><con:jmsConfig JMSDeliveryMode="PERSISTENT"/><con:jmsPropertyConfig/><con:wsaConfig mustUnderstand="NONE" version="200508" action="http://fidus.brussels/services/exportfromregondesservice/postponedDossier"/><con:wsrmConfig version="1.2"/></con:call><con:call id="9d37237d-90a6-4374-9729-6063a30b2b26" name="4 - Staging - External - Request" incomingWss="Inflow STAGING" outgoingWss="Outflow STAGING"><con:settings><con:setting id="com.eviware.soapui.impl.wsdl.WsdlRequest@request-headers">&lt;xml-fragment/></con:setting></con:settings><con:encoding>UTF-8</con:encoding><con:endpoint>https://fidus.irisnetlab.be/services/ExportFromRegondesService_v1.0</con:endpoint><con:request><![CDATA[<soapenv:Envelope xmlns:soapenv="http://schemas.xmlsoap.org/soap/envelope/" xmlns:v1="http://fidus.brussels/service/exportfromregondesservice/messages/v1" xmlns:v11="http://fidus.brussels/type/common/messages/v1" xmlns:pos="http://www.minfin.fgov.be/regondes2/extern/taxservice/exports/postponedDossiers" xmlns:com="http://www.minfin.fgov.be/regondes2/extern/taxservice/common">
   <soapenv:Header/>
   <soapenv:Body>
      <v1:postponedDossierRequest>
         <v1:messageContext>
            <v11:messageId>${=import static java.util.UUID.randomUUID; uuid = randomUUID() as String}</v11:messageId>
            <!--Optional:-->
            <v11:timestamp>${=new java.text.SimpleDateFormat("yyyy-MM-dd'T'HH:mm:ss.SSS").format(new Date())}</v11:timestamp>
         </v1:messageContext>
         <v1:legalContext>ServiceIntegrator</v1:legalContext>
         <v1:request>
            <pos:postponedDossier>
               <pos:referenceFodFin>11223344</pos:referenceFodFin>
               <pos:initialService>
                  <!--Optional:-->
                  <com:technicalReference>technicalReference</com:technicalReference>
                  <com:type>AAF</com:type>
                  <com:reference>reference</com:reference>
               </pos:initialService>
               <pos:postponement>
                  <pos:datePostponement>${=new java.text.SimpleDateFormat("yyyy-MM-dd").format(new Date())}</pos:datePostponement>
                  <pos:reasonPostponed>TEST</pos:reasonPostponed>
                  <pos:newTargetDate>${=new java.text.SimpleDateFormat("yyyy-MM-dd").format(new Date())}</pos:newTargetDate>
               </pos:postponement>
            </pos:postponedDossier>
         </v1:request>
      </v1:postponedDossierRequest>
   </soapenv:Body>
</soapenv:Envelope>]]></con:request><con:credentials><con:selectedAuthProfile>Basic</con:selectedAuthProfile><con:addedBasicAuthenticationTypes>Basic</con:addedBasicAuthenticationTypes><con:authType>Global HTTP Settings</con:authType></con:credentials><con:jmsConfig JMSDeliveryMode="PERSISTENT"/><con:jmsPropertyConfig/><con:wsaConfig mustUnderstand="NONE" version="200508" action="http://fidus.brussels/services/exportfromregondesservice/postponedDossier"/><con:wsrmConfig version="1.2"/></con:call></con:operation><con:operation id="a0d06949-632b-40af-a8b1-e975ea93ae14" isOneWay="false" action="http://fidus.brussels/services/exportfromregondesservice/serviceChange" name="serviceChange" bindingOperationName="serviceChange" type="Request-Response" inputName="" receivesAttachments="false" sendsAttachments="false" anonymous="optional"><con:settings/><con:call id="d6401369-7f3b-4e21-a968-daf4795ffde8" name="1 - Local - Request - Success" incomingWss="Inflow DEV" outgoingWss="Outflow DEV"><con:settings><con:setting id="com.eviware.soapui.impl.wsdl.WsdlRequest@request-headers">&lt;xml-fragment/></con:setting></con:settings><con:encoding>UTF-8</con:encoding><con:endpoint>https://localhost:8243/services/ExportFromRegondesService_v1.0</con:endpoint><con:request><![CDATA[<soapenv:Envelope xmlns:soapenv="http://schemas.xmlsoap.org/soap/envelope/" xmlns:v1="http://fidus.brussels/service/exportfromregondesservice/messages/v1" xmlns:v11="http://fidus.brussels/type/common/messages/v1" xmlns:ser="http://www.minfin.fgov.be/regondes2/extern/taxservice/exports/serviceChanged" xmlns:com="http://www.minfin.fgov.be/regondes2/extern/taxservice/common">
   <soapenv:Header/>
   <soapenv:Body>
      <v1:serviceChangeRequest>
         <v1:messageContext>
            <v11:messageId>${=import static java.util.UUID.randomUUID; uuid = randomUUID() as String}</v11:messageId>
            <!--Optional:-->
            <v11:timestamp>${=new java.text.SimpleDateFormat("yyyy-MM-dd'T'HH:mm:ss.SSS").format(new Date())}</v11:timestamp>
         </v1:messageContext>
         <v1:legalContext>ServiceIntegrator</v1:legalContext>
         <v1:request>
            <ser:serviceChange>
               <ser:referenceFodFin>11223344</ser:referenceFodFin>
               <ser:initialService>
                  <!--Optional:-->
                  <com:technicalReference>1524</com:technicalReference>
                  <com:type>AAF</com:type>
                  <com:reference>reference</com:reference>
               </ser:initialService>
               <!--1 to 99 repetitions:-->
               <ser:transfer>
                  <ser:serviceName>CIRB</ser:serviceName>
                  <ser:dateIn>${=new java.text.SimpleDateFormat("yyyy-MM-dd").format(new Date())}</ser:dateIn>
                  <!--Optional:-->
                  <ser:dateOut>${=new java.text.SimpleDateFormat("yyyy-MM-dd").format(new Date())}</ser:dateOut>
                  <ser:official>
                     <ser:firstName>jean</ser:firstName>
                     <ser:lastName>baptist</ser:lastName>
                     <ser:phoneNumber>0452363621</ser:phoneNumber>
                     <ser:email>cisyapan@cirb.brussels</ser:email>
                  </ser:official>
               </ser:transfer>
            </ser:serviceChange>
         </v1:request>
      </v1:serviceChangeRequest>
   </soapenv:Body>
</soapenv:Envelope>]]></con:request><con:credentials><con:selectedAuthProfile>Basic</con:selectedAuthProfile><con:addedBasicAuthenticationTypes>Basic</con:addedBasicAuthenticationTypes><con:authType>Global HTTP Settings</con:authType></con:credentials><con:jmsConfig JMSDeliveryMode="PERSISTENT"/><con:jmsPropertyConfig/><con:wsaConfig mustUnderstand="NONE" version="200508" action="http://fidus.brussels/services/exportfromregondesservice/serviceChange"/><con:wsrmConfig version="1.2"/></con:call><con:call id="ed82f06f-0980-4e6b-886a-4d3ff7f15b95" name="1 - Local - Request - Error" incomingWss="Inflow DEV" outgoingWss="Outflow DEV"><con:settings><con:setting id="com.eviware.soapui.impl.wsdl.WsdlRequest@request-headers">&lt;xml-fragment/></con:setting></con:settings><con:encoding>UTF-8</con:encoding><con:endpoint>https://localhost:8243/services/ExportFromRegondesService_v1.0</con:endpoint><con:request><![CDATA[<soapenv:Envelope xmlns:soapenv="http://schemas.xmlsoap.org/soap/envelope/" xmlns:v1="http://fidus.brussels/service/exportfromregondesservice/messages/v1" xmlns:v11="http://fidus.brussels/type/common/messages/v1" xmlns:ser="http://www.minfin.fgov.be/regondes2/extern/taxservice/exports/serviceChanged" xmlns:com="http://www.minfin.fgov.be/regondes2/extern/taxservice/common">
   <soapenv:Header/>
   <soapenv:Body>
      <v1:serviceChangeRequest>
         <v1:messageContext>
            <v11:messageId>${=import static java.util.UUID.randomUUID; uuid = randomUUID() as String}</v11:messageId>
            <!--Optional:-->
            <v11:timestamp>${=new java.text.SimpleDateFormat("yyyy-MM-dd'T'HH:mm:ss.SSS").format(new Date())}</v11:timestamp>
         </v1:messageContext>
         <v1:legalContext>ServiceIntegrator</v1:legalContext>
         <v1:request>
            <ser:serviceChange>
               <!-- <ser:referenceFodFin>11223347</ser:referenceFodFin> --> <!-- Technical reference not found -->
               <!-- <ser:referenceFodFin>11223346</ser:referenceFodFin> --> <!-- Reference not found -->  
               <ser:referenceFodFin>11223345</ser:referenceFodFin> <!-- Requested dossier is already close -->
               <ser:initialService>
                  <!--Optional:-->
                  <com:technicalReference>1524</com:technicalReference>
                  <com:type>AAF</com:type>
                  <com:reference>reference</com:reference>
               </ser:initialService>
               <!--1 to 99 repetitions:-->
               <ser:transfer>
                  <ser:serviceName>CIRB</ser:serviceName>
                  <ser:dateIn>${=new java.text.SimpleDateFormat("yyyy-MM-dd").format(new Date())}</ser:dateIn>
                  <!--Optional:-->
                  <ser:dateOut>${=new java.text.SimpleDateFormat("yyyy-MM-dd").format(new Date())}</ser:dateOut>
                  <ser:official>
                     <ser:firstName>jean</ser:firstName>
                     <ser:lastName>baptist</ser:lastName>
                     <ser:phoneNumber>0452363621</ser:phoneNumber>
                     <ser:email>cisyapan@cirb.brussels</ser:email>
                  </ser:official>
               </ser:transfer>
            </ser:serviceChange>
         </v1:request>
      </v1:serviceChangeRequest>
   </soapenv:Body>
</soapenv:Envelope>]]></con:request><con:credentials><con:selectedAuthProfile>Basic</con:selectedAuthProfile><con:addedBasicAuthenticationTypes>Basic</con:addedBasicAuthenticationTypes><con:authType>Global HTTP Settings</con:authType></con:credentials><con:jmsConfig JMSDeliveryMode="PERSISTENT"/><con:jmsPropertyConfig/><con:wsaConfig mustUnderstand="NONE" version="200508" action="http://fidus.brussels/services/exportfromregondesservice/serviceChange"/><con:wsrmConfig version="1.2"/></con:call><con:call id="ffe6d0c8-b049-4f62-b109-7eac9aa40db0" name="2 - Dev - Request - Success" incomingWss="Inflow DEV" outgoingWss="Outflow DEV"><con:settings><con:setting id="com.eviware.soapui.impl.wsdl.WsdlRequest@request-headers">&lt;xml-fragment/></con:setting></con:settings><con:encoding>UTF-8</con:encoding><con:endpoint>https://192.168.36.61:8243/services/ExportFromRegondesService_v1.0</con:endpoint><con:request><![CDATA[<soapenv:Envelope xmlns:soapenv="http://schemas.xmlsoap.org/soap/envelope/" xmlns:v1="http://fidus.brussels/service/exportfromregondesservice/messages/v1" xmlns:v11="http://fidus.brussels/type/common/messages/v1" xmlns:ser="http://www.minfin.fgov.be/regondes2/extern/taxservice/exports/serviceChanged" xmlns:com="http://www.minfin.fgov.be/regondes2/extern/taxservice/common">
   <soapenv:Header/>
   <soapenv:Body>
      <v1:serviceChangeRequest>
         <v1:messageContext>
            <v11:messageId>${=import static java.util.UUID.randomUUID; uuid = randomUUID() as String}</v11:messageId>
            <!--Optional:-->
            <v11:timestamp>${=new java.text.SimpleDateFormat("yyyy-MM-dd'T'HH:mm:ss.SSS").format(new Date())}</v11:timestamp>
         </v1:messageContext>
         <v1:legalContext>ServiceIntegrator</v1:legalContext>
         <v1:request>
            <ser:serviceChange>
               <ser:referenceFodFin>11223344</ser:referenceFodFin>
               <ser:initialService>
                  <!--Optional:-->
                  <com:technicalReference>1524</com:technicalReference>
                  <com:type>AAF</com:type>
                  <com:reference>reference</com:reference>
               </ser:initialService>
               <!--1 to 99 repetitions:-->
               <ser:transfer>
                  <ser:serviceName>CIRB</ser:serviceName>
                  <ser:dateIn>${=new java.text.SimpleDateFormat("yyyy-MM-dd").format(new Date())}</ser:dateIn>
                  <!--Optional:-->
                  <ser:dateOut>${=new java.text.SimpleDateFormat("yyyy-MM-dd").format(new Date())}</ser:dateOut>
                  <ser:official>
                     <ser:firstName>jean</ser:firstName>
                     <ser:lastName>baptist</ser:lastName>
                     <ser:phoneNumber>0452363621</ser:phoneNumber>
                     <ser:email>cisyapan@cirb.brussels</ser:email>
                  </ser:official>
               </ser:transfer>
            </ser:serviceChange>
         </v1:request>
      </v1:serviceChangeRequest>
   </soapenv:Body>
</soapenv:Envelope>]]></con:request><con:credentials><con:selectedAuthProfile>Basic</con:selectedAuthProfile><con:addedBasicAuthenticationTypes>Basic</con:addedBasicAuthenticationTypes><con:authType>Global HTTP Settings</con:authType></con:credentials><con:jmsConfig JMSDeliveryMode="PERSISTENT"/><con:jmsPropertyConfig/><con:wsaConfig mustUnderstand="NONE" version="200508" action="http://fidus.brussels/services/exportfromregondesservice/serviceChange"/><con:wsrmConfig version="1.2"/></con:call><con:call id="85b6baf4-3552-4dae-80fc-236978c8fd4f" name="2 - Dev - Request - Error" incomingWss="Inflow DEV" outgoingWss="Outflow DEV"><con:settings><con:setting id="com.eviware.soapui.impl.wsdl.WsdlRequest@request-headers">&lt;xml-fragment/></con:setting></con:settings><con:encoding>UTF-8</con:encoding><con:endpoint>https://192.168.36.61:8243/services/ExportFromRegondesService_v1.0</con:endpoint><con:request><![CDATA[<soapenv:Envelope xmlns:soapenv="http://schemas.xmlsoap.org/soap/envelope/" xmlns:v1="http://fidus.brussels/service/exportfromregondesservice/messages/v1" xmlns:v11="http://fidus.brussels/type/common/messages/v1" xmlns:ser="http://www.minfin.fgov.be/regondes2/extern/taxservice/exports/serviceChanged" xmlns:com="http://www.minfin.fgov.be/regondes2/extern/taxservice/common">
   <soapenv:Header/>
   <soapenv:Body>
      <v1:serviceChangeRequest>
         <v1:messageContext>
            <v11:messageId>${=import static java.util.UUID.randomUUID; uuid = randomUUID() as String}</v11:messageId>
            <!--Optional:-->
            <v11:timestamp>${=new java.text.SimpleDateFormat("yyyy-MM-dd'T'HH:mm:ss.SSS").format(new Date())}</v11:timestamp>
         </v1:messageContext>
         <v1:legalContext>ServiceIntegrator</v1:legalContext>
         <v1:request>
            <ser:serviceChange>
               <!-- <ser:referenceFodFin>11223347</ser:referenceFodFin> --> <!-- Technical reference not found -->
               <!-- <ser:referenceFodFin>11223346</ser:referenceFodFin> --> <!-- Reference not found -->  
               <ser:referenceFodFin>11223345</ser:referenceFodFin> <!-- Requested dossier is already close -->
               <ser:initialService>
                  <!--Optional:-->
                  <com:technicalReference>1524</com:technicalReference>
                  <com:type>AAF</com:type>
                  <com:reference>reference</com:reference>
               </ser:initialService>
               <!--1 to 99 repetitions:-->
               <ser:transfer>
                  <ser:serviceName>CIRB</ser:serviceName>
                  <ser:dateIn>${=new java.text.SimpleDateFormat("yyyy-MM-dd").format(new Date())}</ser:dateIn>
                  <!--Optional:-->
                  <ser:dateOut>${=new java.text.SimpleDateFormat("yyyy-MM-dd").format(new Date())}</ser:dateOut>
                  <ser:official>
                     <ser:firstName>jean</ser:firstName>
                     <ser:lastName>baptist</ser:lastName>
                     <ser:phoneNumber>0452363621</ser:phoneNumber>
                     <ser:email>cisyapan@cirb.brussels</ser:email>
                  </ser:official>
               </ser:transfer>
            </ser:serviceChange>
         </v1:request>
      </v1:serviceChangeRequest>
   </soapenv:Body>
</soapenv:Envelope>]]></con:request><con:credentials><con:selectedAuthProfile>Basic</con:selectedAuthProfile><con:addedBasicAuthenticationTypes>Basic</con:addedBasicAuthenticationTypes><con:authType>Global HTTP Settings</con:authType></con:credentials><con:jmsConfig JMSDeliveryMode="PERSISTENT"/><con:jmsPropertyConfig/><con:wsaConfig mustUnderstand="NONE" version="200508" action="http://fidus.brussels/services/exportfromregondesservice/serviceChange"/><con:wsrmConfig version="1.2"/></con:call><con:call id="dfaffab6-b562-4f4d-b17c-3b9e11261054" name="3 - Test - LB - Request" incomingWss="Inflow TEST" outgoingWss="Outflow TEST"><con:settings><con:setting id="com.eviware.soapui.impl.wsdl.WsdlRequest@request-headers">&lt;xml-fragment/></con:setting></con:settings><con:encoding>UTF-8</con:encoding><con:endpoint>https://esb-security-gw.sta.srv.cirb.lan:8443/services/ExportFromRegondesService_v1.0</con:endpoint><con:request><![CDATA[<soapenv:Envelope xmlns:soapenv="http://schemas.xmlsoap.org/soap/envelope/" xmlns:v1="http://fidus.brussels/service/exportfromregondesservice/messages/v1" xmlns:v11="http://fidus.brussels/type/common/messages/v1" xmlns:ser="http://www.minfin.fgov.be/regondes2/extern/taxservice/exports/serviceChanged" xmlns:com="http://www.minfin.fgov.be/regondes2/extern/taxservice/common">
   <soapenv:Header/>
   <soapenv:Body>
      <v1:serviceChangeRequest>
         <v1:messageContext>
            <v11:messageId>${=import static java.util.UUID.randomUUID; uuid = randomUUID() as String}</v11:messageId>
            <!--Optional:-->
            <v11:timestamp>${=new java.text.SimpleDateFormat("yyyy-MM-dd'T'HH:mm:ss.SSS").format(new Date())}</v11:timestamp>
         </v1:messageContext>
         <v1:legalContext>ServiceIntegrator</v1:legalContext>
         <v1:request>
            <ser:serviceChange>
               <ser:referenceFodFin>11223344</ser:referenceFodFin>
               <ser:initialService>
                  <!--Optional:-->
                  <com:technicalReference>1524</com:technicalReference>
                  <com:type>AAF</com:type>
                  <com:reference>reference</com:reference>
               </ser:initialService>
               <!--1 to 99 repetitions:-->
               <ser:transfer>
                  <ser:serviceName>CIRB</ser:serviceName>
                  <ser:dateIn>${=new java.text.SimpleDateFormat("yyyy-MM-dd").format(new Date())}</ser:dateIn>
                  <!--Optional:-->
                  <ser:dateOut>${=new java.text.SimpleDateFormat("yyyy-MM-dd").format(new Date())}</ser:dateOut>
                  <ser:official>
                     <ser:firstName>jean</ser:firstName>
                     <ser:lastName>baptist</ser:lastName>
                     <ser:phoneNumber>0452363621</ser:phoneNumber>
                     <ser:email>cisyapan@cirb.brussels</ser:email>
                  </ser:official>
               </ser:transfer>
            </ser:serviceChange>
         </v1:request>
      </v1:serviceChangeRequest>
   </soapenv:Body>
</soapenv:Envelope>]]></con:request><con:credentials><con:selectedAuthProfile>Basic</con:selectedAuthProfile><con:addedBasicAuthenticationTypes>Basic</con:addedBasicAuthenticationTypes><con:authType>Global HTTP Settings</con:authType></con:credentials><con:jmsConfig JMSDeliveryMode="PERSISTENT"/><con:jmsPropertyConfig/><con:wsaConfig mustUnderstand="NONE" version="200508" action="http://fidus.brussels/services/exportfromregondesservice/serviceChange"/><con:wsrmConfig version="1.2"/></con:call><con:call id="0641bcff-867c-43b4-832d-44fceda9183a" name="3 - Test - Worker1 - Request" incomingWss="Inflow TEST" outgoingWss="Outflow TEST"><con:settings><con:setting id="com.eviware.soapui.impl.wsdl.WsdlRequest@request-headers">&lt;xml-fragment/></con:setting></con:settings><con:encoding>UTF-8</con:encoding><con:endpoint>https://192.168.22.53:8443/services/ExportFromRegondesService_v1.0</con:endpoint><con:request><![CDATA[<soapenv:Envelope xmlns:soapenv="http://schemas.xmlsoap.org/soap/envelope/" xmlns:v1="http://fidus.brussels/service/exportfromregondesservice/messages/v1" xmlns:v11="http://fidus.brussels/type/common/messages/v1" xmlns:ser="http://www.minfin.fgov.be/regondes2/extern/taxservice/exports/serviceChanged" xmlns:com="http://www.minfin.fgov.be/regondes2/extern/taxservice/common">
   <soapenv:Header/>
   <soapenv:Body>
      <v1:serviceChangeRequest>
         <v1:messageContext>
            <v11:messageId>${=import static java.util.UUID.randomUUID; uuid = randomUUID() as String}</v11:messageId>
            <!--Optional:-->
            <v11:timestamp>${=new java.text.SimpleDateFormat("yyyy-MM-dd'T'HH:mm:ss.SSS").format(new Date())}</v11:timestamp>
         </v1:messageContext>
         <v1:legalContext>ServiceIntegrator</v1:legalContext>
         <v1:request>
            <ser:serviceChange>
               <ser:referenceFodFin>11223344</ser:referenceFodFin>
               <ser:initialService>
                  <!--Optional:-->
                  <com:technicalReference>1524</com:technicalReference>
                  <com:type>AAF</com:type>
                  <com:reference>reference</com:reference>
               </ser:initialService>
               <!--1 to 99 repetitions:-->
               <ser:transfer>
                  <ser:serviceName>CIRB</ser:serviceName>
                  <ser:dateIn>${=new java.text.SimpleDateFormat("yyyy-MM-dd").format(new Date())}</ser:dateIn>
                  <!--Optional:-->
                  <ser:dateOut>${=new java.text.SimpleDateFormat("yyyy-MM-dd").format(new Date())}</ser:dateOut>
                  <ser:official>
                     <ser:firstName>jean</ser:firstName>
                     <ser:lastName>baptist</ser:lastName>
                     <ser:phoneNumber>0452363621</ser:phoneNumber>
                     <ser:email>cisyapan@cirb.brussels</ser:email>
                  </ser:official>
               </ser:transfer>
            </ser:serviceChange>
         </v1:request>
      </v1:serviceChangeRequest>
   </soapenv:Body>
</soapenv:Envelope>]]></con:request><con:credentials><con:selectedAuthProfile>Basic</con:selectedAuthProfile><con:addedBasicAuthenticationTypes>Basic</con:addedBasicAuthenticationTypes><con:authType>Global HTTP Settings</con:authType></con:credentials><con:jmsConfig JMSDeliveryMode="PERSISTENT"/><con:jmsPropertyConfig/><con:wsaConfig mustUnderstand="NONE" version="200508" action="http://fidus.brussels/services/exportfromregondesservice/serviceChange"/><con:wsrmConfig version="1.2"/></con:call><con:call id="58f3d893-69da-41e4-8114-4344d3db2aa5" name="3 - Test - Worker2 - Request" incomingWss="Inflow TEST" outgoingWss="Outflow TEST"><con:settings><con:setting id="com.eviware.soapui.impl.wsdl.WsdlRequest@request-headers">&lt;xml-fragment/></con:setting></con:settings><con:encoding>UTF-8</con:encoding><con:endpoint>https://192.168.22.54:8443/services/ExportFromRegondesService_v1.0</con:endpoint><con:request><![CDATA[<soapenv:Envelope xmlns:soapenv="http://schemas.xmlsoap.org/soap/envelope/" xmlns:v1="http://fidus.brussels/service/exportfromregondesservice/messages/v1" xmlns:v11="http://fidus.brussels/type/common/messages/v1" xmlns:ser="http://www.minfin.fgov.be/regondes2/extern/taxservice/exports/serviceChanged" xmlns:com="http://www.minfin.fgov.be/regondes2/extern/taxservice/common">
   <soapenv:Header/>
   <soapenv:Body>
      <v1:serviceChangeRequest>
         <v1:messageContext>
            <v11:messageId>${=import static java.util.UUID.randomUUID; uuid = randomUUID() as String}</v11:messageId>
            <!--Optional:-->
            <v11:timestamp>${=new java.text.SimpleDateFormat("yyyy-MM-dd'T'HH:mm:ss.SSS").format(new Date())}</v11:timestamp>
         </v1:messageContext>
         <v1:legalContext>ServiceIntegrator</v1:legalContext>
         <v1:request>
            <ser:serviceChange>
               <ser:referenceFodFin>11223344</ser:referenceFodFin>
               <ser:initialService>
                  <!--Optional:-->
                  <com:technicalReference>1524</com:technicalReference>
                  <com:type>AAF</com:type>
                  <com:reference>reference</com:reference>
               </ser:initialService>
               <!--1 to 99 repetitions:-->
               <ser:transfer>
                  <ser:serviceName>CIRB</ser:serviceName>
                  <ser:dateIn>${=new java.text.SimpleDateFormat("yyyy-MM-dd").format(new Date())}</ser:dateIn>
                  <!--Optional:-->
                  <ser:dateOut>${=new java.text.SimpleDateFormat("yyyy-MM-dd").format(new Date())}</ser:dateOut>
                  <ser:official>
                     <ser:firstName>jean</ser:firstName>
                     <ser:lastName>baptist</ser:lastName>
                     <ser:phoneNumber>0452363621</ser:phoneNumber>
                     <ser:email>cisyapan@cirb.brussels</ser:email>
                  </ser:official>
               </ser:transfer>
            </ser:serviceChange>
         </v1:request>
      </v1:serviceChangeRequest>
   </soapenv:Body>
</soapenv:Envelope>]]></con:request><con:credentials><con:selectedAuthProfile>Basic</con:selectedAuthProfile><con:addedBasicAuthenticationTypes>Basic</con:addedBasicAuthenticationTypes><con:authType>Global HTTP Settings</con:authType></con:credentials><con:jmsConfig JMSDeliveryMode="PERSISTENT"/><con:jmsPropertyConfig/><con:wsaConfig mustUnderstand="NONE" version="200508" action="http://fidus.brussels/services/exportfromregondesservice/serviceChange"/><con:wsrmConfig version="1.2"/></con:call><con:call id="8e7e26dc-d914-44c9-8f4f-f0e2e28d48b2" name="4 - Staging - LB - Request" incomingWss="Inflow STAGING" outgoingWss="Outflow STAGING"><con:settings><con:setting id="com.eviware.soapui.impl.wsdl.WsdlRequest@request-headers">&lt;xml-fragment/></con:setting></con:settings><con:encoding>UTF-8</con:encoding><con:endpoint>https://fidus-esb-sg.sta.srv.cirb.lan:8443/services/ExportFromRegondesService_v1.0</con:endpoint><con:request><![CDATA[<soapenv:Envelope xmlns:soapenv="http://schemas.xmlsoap.org/soap/envelope/" xmlns:v1="http://fidus.brussels/service/exportfromregondesservice/messages/v1" xmlns:v11="http://fidus.brussels/type/common/messages/v1" xmlns:ser="http://www.minfin.fgov.be/regondes2/extern/taxservice/exports/serviceChanged" xmlns:com="http://www.minfin.fgov.be/regondes2/extern/taxservice/common">
   <soapenv:Header/>
   <soapenv:Body>
      <v1:serviceChangeRequest>
         <v1:messageContext>
            <v11:messageId>${=import static java.util.UUID.randomUUID; uuid = randomUUID() as String}</v11:messageId>
            <!--Optional:-->
            <v11:timestamp>${=new java.text.SimpleDateFormat("yyyy-MM-dd'T'HH:mm:ss.SSS").format(new Date())}</v11:timestamp>
         </v1:messageContext>
         <v1:legalContext>ServiceIntegrator</v1:legalContext>
         <v1:request>
            <ser:serviceChange>
               <ser:referenceFodFin>11223344</ser:referenceFodFin>
               <ser:initialService>
                  <!--Optional:-->
                  <com:technicalReference>1524</com:technicalReference>
                  <com:type>AAF</com:type>
                  <com:reference>reference</com:reference>
               </ser:initialService>
               <!--1 to 99 repetitions:-->
               <ser:transfer>
                  <ser:serviceName>CIRB</ser:serviceName>
                  <ser:dateIn>${=new java.text.SimpleDateFormat("yyyy-MM-dd").format(new Date())}</ser:dateIn>
                  <!--Optional:-->
                  <ser:dateOut>${=new java.text.SimpleDateFormat("yyyy-MM-dd").format(new Date())}</ser:dateOut>
                  <ser:official>
                     <ser:firstName>jean</ser:firstName>
                     <ser:lastName>baptist</ser:lastName>
                     <ser:phoneNumber>0452363621</ser:phoneNumber>
                     <ser:email>cisyapan@cirb.brussels</ser:email>
                  </ser:official>
               </ser:transfer>
            </ser:serviceChange>
         </v1:request>
      </v1:serviceChangeRequest>
   </soapenv:Body>
</soapenv:Envelope>]]></con:request><con:credentials><con:selectedAuthProfile>Basic</con:selectedAuthProfile><con:addedBasicAuthenticationTypes>Basic</con:addedBasicAuthenticationTypes><con:authType>Global HTTP Settings</con:authType></con:credentials><con:jmsConfig JMSDeliveryMode="PERSISTENT"/><con:jmsPropertyConfig/><con:wsaConfig mustUnderstand="NONE" version="200508" action="http://fidus.brussels/services/exportfromregondesservice/serviceChange"/><con:wsrmConfig version="1.2"/></con:call><con:call id="60ff36ce-e2ab-4ff4-9b29-42f2f1a64e85" name="4 - Staging - Worker1 - Request" incomingWss="Inflow STAGING" outgoingWss="Outflow PROD"><con:settings><con:setting id="com.eviware.soapui.impl.wsdl.WsdlRequest@request-headers">&lt;xml-fragment/></con:setting></con:settings><con:encoding>UTF-8</con:encoding><con:endpoint>https://192.168.24.16:8443/services/ExportFromRegondesService_v1.0</con:endpoint><con:request><![CDATA[<soapenv:Envelope xmlns:soapenv="http://schemas.xmlsoap.org/soap/envelope/" xmlns:v1="http://fidus.brussels/service/exportfromregondesservice/messages/v1" xmlns:v11="http://fidus.brussels/type/common/messages/v1" xmlns:ser="http://www.minfin.fgov.be/regondes2/extern/taxservice/exports/serviceChanged" xmlns:com="http://www.minfin.fgov.be/regondes2/extern/taxservice/common">
   <soapenv:Header/>
   <soapenv:Body>
      <v1:serviceChangeRequest>
         <v1:messageContext>
            <v11:messageId>${=import static java.util.UUID.randomUUID; uuid = randomUUID() as String}</v11:messageId>
            <!--Optional:-->
            <v11:timestamp>${=new java.text.SimpleDateFormat("yyyy-MM-dd'T'HH:mm:ss.SSS").format(new Date())}</v11:timestamp>
         </v1:messageContext>
         <v1:legalContext>ServiceIntegrator</v1:legalContext>
         <v1:request>
            <ser:serviceChange>
               <ser:referenceFodFin>11223344</ser:referenceFodFin>
               <ser:initialService>
                  <!--Optional:-->
                  <com:technicalReference>1524</com:technicalReference>
                  <com:type>AAF</com:type>
                  <com:reference>reference</com:reference>
               </ser:initialService>
               <!--1 to 99 repetitions:-->
               <ser:transfer>
                  <ser:serviceName>CIRB</ser:serviceName>
                  <ser:dateIn>${=new java.text.SimpleDateFormat("yyyy-MM-dd").format(new Date())}</ser:dateIn>
                  <!--Optional:-->
                  <ser:dateOut>${=new java.text.SimpleDateFormat("yyyy-MM-dd").format(new Date())}</ser:dateOut>
                  <ser:official>
                     <ser:firstName>jean</ser:firstName>
                     <ser:lastName>baptist</ser:lastName>
                     <ser:phoneNumber>0452363621</ser:phoneNumber>
                     <ser:email>cisyapan@cirb.brussels</ser:email>
                  </ser:official>
               </ser:transfer>
            </ser:serviceChange>
         </v1:request>
      </v1:serviceChangeRequest>
   </soapenv:Body>
</soapenv:Envelope>]]></con:request><con:credentials><con:selectedAuthProfile>Basic</con:selectedAuthProfile><con:addedBasicAuthenticationTypes>Basic</con:addedBasicAuthenticationTypes><con:authType>Global HTTP Settings</con:authType></con:credentials><con:jmsConfig JMSDeliveryMode="PERSISTENT"/><con:jmsPropertyConfig/><con:wsaConfig mustUnderstand="NONE" version="200508" action="http://fidus.brussels/services/exportfromregondesservice/serviceChange"/><con:wsrmConfig version="1.2"/></con:call><con:call id="7b6a6f35-0a59-4dd7-9043-b8caa9c51cee" name="4 - Staging - Worker2 - Request" incomingWss="Inflow STAGING" outgoingWss="Outflow STAGING"><con:settings><con:setting id="com.eviware.soapui.impl.wsdl.WsdlRequest@request-headers">&lt;xml-fragment/></con:setting></con:settings><con:encoding>UTF-8</con:encoding><con:endpoint>https://192.168.24.17:8443/services/ExportFromRegondesService_v1.0</con:endpoint><con:request><![CDATA[<soapenv:Envelope xmlns:soapenv="http://schemas.xmlsoap.org/soap/envelope/" xmlns:v1="http://fidus.brussels/service/exportfromregondesservice/messages/v1" xmlns:v11="http://fidus.brussels/type/common/messages/v1" xmlns:ser="http://www.minfin.fgov.be/regondes2/extern/taxservice/exports/serviceChanged" xmlns:com="http://www.minfin.fgov.be/regondes2/extern/taxservice/common">
   <soapenv:Header/>
   <soapenv:Body>
      <v1:serviceChangeRequest>
         <v1:messageContext>
            <v11:messageId>${=import static java.util.UUID.randomUUID; uuid = randomUUID() as String}</v11:messageId>
            <!--Optional:-->
            <v11:timestamp>${=new java.text.SimpleDateFormat("yyyy-MM-dd'T'HH:mm:ss.SSS").format(new Date())}</v11:timestamp>
         </v1:messageContext>
         <v1:legalContext>ServiceIntegrator</v1:legalContext>
         <v1:request>
            <ser:serviceChange>
               <ser:referenceFodFin>11223344</ser:referenceFodFin>
               <ser:initialService>
                  <!--Optional:-->
                  <com:technicalReference>1524</com:technicalReference>
                  <com:type>AAF</com:type>
                  <com:reference>reference</com:reference>
               </ser:initialService>
               <!--1 to 99 repetitions:-->
               <ser:transfer>
                  <ser:serviceName>CIRB</ser:serviceName>
                  <ser:dateIn>${=new java.text.SimpleDateFormat("yyyy-MM-dd").format(new Date())}</ser:dateIn>
                  <!--Optional:-->
                  <ser:dateOut>${=new java.text.SimpleDateFormat("yyyy-MM-dd").format(new Date())}</ser:dateOut>
                  <ser:official>
                     <ser:firstName>jean</ser:firstName>
                     <ser:lastName>baptist</ser:lastName>
                     <ser:phoneNumber>0452363621</ser:phoneNumber>
                     <ser:email>cisyapan@cirb.brussels</ser:email>
                  </ser:official>
               </ser:transfer>
            </ser:serviceChange>
         </v1:request>
      </v1:serviceChangeRequest>
   </soapenv:Body>
</soapenv:Envelope>]]></con:request><con:credentials><con:selectedAuthProfile>Basic</con:selectedAuthProfile><con:addedBasicAuthenticationTypes>Basic</con:addedBasicAuthenticationTypes><con:authType>Global HTTP Settings</con:authType></con:credentials><con:jmsConfig JMSDeliveryMode="PERSISTENT"/><con:jmsPropertyConfig/><con:wsaConfig mustUnderstand="NONE" version="200508" action="http://fidus.brussels/services/exportfromregondesservice/serviceChange"/><con:wsrmConfig version="1.2"/></con:call><con:call id="df3ca399-03bc-4ca9-9bff-1d602240ef44" name="5 - Prod - LB - Request" incomingWss="Inflow PROD" outgoingWss="Outflow PROD"><con:settings><con:setting id="com.eviware.soapui.impl.wsdl.WsdlRequest@request-headers">&lt;xml-fragment/></con:setting></con:settings><con:encoding>UTF-8</con:encoding><con:endpoint>https://fidus-esb-sg.prd.srv.cirb.lan:8443/services/ExportFromRegondesService_v1.0</con:endpoint><con:request><![CDATA[<soapenv:Envelope xmlns:soapenv="http://schemas.xmlsoap.org/soap/envelope/" xmlns:v1="http://fidus.brussels/service/exportfromregondesservice/messages/v1" xmlns:v11="http://fidus.brussels/type/common/messages/v1" xmlns:ser="http://www.minfin.fgov.be/regondes2/extern/taxservice/exports/serviceChanged" xmlns:com="http://www.minfin.fgov.be/regondes2/extern/taxservice/common">
   <soapenv:Header/>
   <soapenv:Body>
      <v1:serviceChangeRequest>
         <v1:messageContext>
            <v11:messageId>${=import static java.util.UUID.randomUUID; uuid = randomUUID() as String}</v11:messageId>
            <!--Optional:-->
            <v11:timestamp>${=new java.text.SimpleDateFormat("yyyy-MM-dd'T'HH:mm:ss.SSS").format(new Date())}</v11:timestamp>
         </v1:messageContext>
         <v1:legalContext>ServiceIntegrator</v1:legalContext>
         <v1:request>
            <ser:serviceChange>
               <ser:referenceFodFin>11223344</ser:referenceFodFin>
               <ser:initialService>
                  <!--Optional:-->
                  <com:technicalReference>1524</com:technicalReference>
                  <com:type>AAF</com:type>
                  <com:reference>reference</com:reference>
               </ser:initialService>
               <!--1 to 99 repetitions:-->
               <ser:transfer>
                  <ser:serviceName>CIRB</ser:serviceName>
                  <ser:dateIn>${=new java.text.SimpleDateFormat("yyyy-MM-dd").format(new Date())}</ser:dateIn>
                  <!--Optional:-->
                  <ser:dateOut>${=new java.text.SimpleDateFormat("yyyy-MM-dd").format(new Date())}</ser:dateOut>
                  <ser:official>
                     <ser:firstName>jean</ser:firstName>
                     <ser:lastName>baptist</ser:lastName>
                     <ser:phoneNumber>0452363621</ser:phoneNumber>
                     <ser:email>cisyapan@cirb.brussels</ser:email>
                  </ser:official>
               </ser:transfer>
            </ser:serviceChange>
         </v1:request>
      </v1:serviceChangeRequest>
   </soapenv:Body>
</soapenv:Envelope>]]></con:request><con:credentials><con:selectedAuthProfile>Basic</con:selectedAuthProfile><con:addedBasicAuthenticationTypes>Basic</con:addedBasicAuthenticationTypes><con:authType>Global HTTP Settings</con:authType></con:credentials><con:jmsConfig JMSDeliveryMode="PERSISTENT"/><con:jmsPropertyConfig/><con:wsaConfig mustUnderstand="NONE" version="200508" action="http://fidus.brussels/services/exportfromregondesservice/serviceChange"/><con:wsrmConfig version="1.2"/></con:call><con:call id="bad66531-0aac-4768-84ba-08047ea530dd" name="5 - Prod - External - Request" incomingWss="Inflow PROD" outgoingWss="Outflow PROD"><con:settings><con:setting id="com.eviware.soapui.impl.wsdl.WsdlRequest@request-headers">&lt;xml-fragment/></con:setting></con:settings><con:encoding>UTF-8</con:encoding><con:endpoint>https://fidus.sec.brussels/services/ExportFromRegondesservice_v1.0</con:endpoint><con:request><![CDATA[<soapenv:Envelope xmlns:soapenv="http://schemas.xmlsoap.org/soap/envelope/" xmlns:v1="http://fidus.brussels/service/exportfromregondesservice/messages/v1" xmlns:v11="http://fidus.brussels/type/common/messages/v1" xmlns:ser="http://www.minfin.fgov.be/regondes2/extern/taxservice/exports/serviceChanged" xmlns:com="http://www.minfin.fgov.be/regondes2/extern/taxservice/common">
   <soapenv:Header/>
   <soapenv:Body>
      <v1:serviceChangeRequest>
         <v1:messageContext>
            <v11:messageId>${=import static java.util.UUID.randomUUID; uuid = randomUUID() as String}</v11:messageId>
            <!--Optional:-->
            <v11:timestamp>${=new java.text.SimpleDateFormat("yyyy-MM-dd'T'HH:mm:ss.SSS").format(new Date())}</v11:timestamp>
         </v1:messageContext>
         <v1:legalContext>ServiceIntegrator</v1:legalContext>
         <v1:request>
            <ser:serviceChange>
               <ser:referenceFodFin>11223344</ser:referenceFodFin>
               <ser:initialService>
                  <!--Optional:-->
                  <com:technicalReference>1524</com:technicalReference>
                  <com:type>AAF</com:type>
                  <com:reference>reference</com:reference>
               </ser:initialService>
               <!--1 to 99 repetitions:-->
               <ser:transfer>
                  <ser:serviceName>CIRB</ser:serviceName>
                  <ser:dateIn>${=new java.text.SimpleDateFormat("yyyy-MM-dd").format(new Date())}</ser:dateIn>
                  <!--Optional:-->
                  <ser:dateOut>${=new java.text.SimpleDateFormat("yyyy-MM-dd").format(new Date())}</ser:dateOut>
                  <ser:official>
                     <ser:firstName>jean</ser:firstName>
                     <ser:lastName>baptist</ser:lastName>
                     <ser:phoneNumber>0452363621</ser:phoneNumber>
                     <ser:email>cisyapan@cirb.brussels</ser:email>
                  </ser:official>
               </ser:transfer>
            </ser:serviceChange>
         </v1:request>
      </v1:serviceChangeRequest>
   </soapenv:Body>
</soapenv:Envelope>]]></con:request><con:credentials><con:selectedAuthProfile>Basic</con:selectedAuthProfile><con:addedBasicAuthenticationTypes>Basic</con:addedBasicAuthenticationTypes><con:authType>Global HTTP Settings</con:authType></con:credentials><con:jmsConfig JMSDeliveryMode="PERSISTENT"/><con:jmsPropertyConfig/><con:wsaConfig mustUnderstand="NONE" version="200508" action="http://fidus.brussels/services/exportfromregondesservice/serviceChange"/><con:wsrmConfig version="1.2"/></con:call><con:call id="108bd4cb-dc47-4dce-b4af-016cf971d1ab" name="5 - Prod - Worker1 - Request" incomingWss="Inflow PROD" outgoingWss="Outflow PROD"><con:settings><con:setting id="com.eviware.soapui.impl.wsdl.WsdlRequest@request-headers">&lt;xml-fragment/></con:setting></con:settings><con:encoding>UTF-8</con:encoding><con:endpoint>https://192.168.26.22:8443/services/ExportFromRegondesService_v1.0</con:endpoint><con:request><![CDATA[<soapenv:Envelope xmlns:soapenv="http://schemas.xmlsoap.org/soap/envelope/" xmlns:v1="http://fidus.brussels/service/exportfromregondesservice/messages/v1" xmlns:v11="http://fidus.brussels/type/common/messages/v1" xmlns:ser="http://www.minfin.fgov.be/regondes2/extern/taxservice/exports/serviceChanged" xmlns:com="http://www.minfin.fgov.be/regondes2/extern/taxservice/common">
   <soapenv:Header/>
   <soapenv:Body>
      <v1:serviceChangeRequest>
         <v1:messageContext>
            <v11:messageId>${=import static java.util.UUID.randomUUID; uuid = randomUUID() as String}</v11:messageId>
            <!--Optional:-->
            <v11:timestamp>${=new java.text.SimpleDateFormat("yyyy-MM-dd'T'HH:mm:ss.SSS").format(new Date())}</v11:timestamp>
         </v1:messageContext>
         <v1:legalContext>ServiceIntegrator</v1:legalContext>
         <v1:request>
            <ser:serviceChange>
               <ser:referenceFodFin>11223344</ser:referenceFodFin>
               <ser:initialService>
                  <!--Optional:-->
                  <com:technicalReference>1524</com:technicalReference>
                  <com:type>AAF</com:type>
                  <com:reference>reference</com:reference>
               </ser:initialService>
               <!--1 to 99 repetitions:-->
               <ser:transfer>
                  <ser:serviceName>CIRB</ser:serviceName>
                  <ser:dateIn>${=new java.text.SimpleDateFormat("yyyy-MM-dd").format(new Date())}</ser:dateIn>
                  <!--Optional:-->
                  <ser:dateOut>${=new java.text.SimpleDateFormat("yyyy-MM-dd").format(new Date())}</ser:dateOut>
                  <ser:official>
                     <ser:firstName>jean</ser:firstName>
                     <ser:lastName>baptist</ser:lastName>
                     <ser:phoneNumber>0452363621</ser:phoneNumber>
                     <ser:email>cisyapan@cirb.brussels</ser:email>
                  </ser:official>
               </ser:transfer>
            </ser:serviceChange>
         </v1:request>
      </v1:serviceChangeRequest>
   </soapenv:Body>
</soapenv:Envelope>]]></con:request><con:credentials><con:selectedAuthProfile>Basic</con:selectedAuthProfile><con:addedBasicAuthenticationTypes>Basic</con:addedBasicAuthenticationTypes><con:authType>Global HTTP Settings</con:authType></con:credentials><con:jmsConfig JMSDeliveryMode="PERSISTENT"/><con:jmsPropertyConfig/><con:wsaConfig mustUnderstand="NONE" version="200508" action="http://fidus.brussels/services/exportfromregondesservice/serviceChange"/><con:wsrmConfig version="1.2"/></con:call><con:call id="d3626e85-4d60-4652-b0e3-349cba436538" name="5 - Prod - Worker2 - Request" incomingWss="Inflow PROD" outgoingWss="Outflow PROD"><con:settings><con:setting id="com.eviware.soapui.impl.wsdl.WsdlRequest@request-headers">&lt;xml-fragment/></con:setting></con:settings><con:encoding>UTF-8</con:encoding><con:endpoint>https://192.168.26.19:8443/services/ExportFromRegondesService_v1.0</con:endpoint><con:request><![CDATA[<soapenv:Envelope xmlns:soapenv="http://schemas.xmlsoap.org/soap/envelope/" xmlns:v1="http://fidus.brussels/service/exportfromregondesservice/messages/v1" xmlns:v11="http://fidus.brussels/type/common/messages/v1" xmlns:ser="http://www.minfin.fgov.be/regondes2/extern/taxservice/exports/serviceChanged" xmlns:com="http://www.minfin.fgov.be/regondes2/extern/taxservice/common">
   <soapenv:Header/>
   <soapenv:Body>
      <v1:serviceChangeRequest>
         <v1:messageContext>
            <v11:messageId>${=import static java.util.UUID.randomUUID; uuid = randomUUID() as String}</v11:messageId>
            <!--Optional:-->
            <v11:timestamp>${=new java.text.SimpleDateFormat("yyyy-MM-dd'T'HH:mm:ss.SSS").format(new Date())}</v11:timestamp>
         </v1:messageContext>
         <v1:legalContext>ServiceIntegrator</v1:legalContext>
         <v1:request>
            <ser:serviceChange>
               <ser:referenceFodFin>11223344</ser:referenceFodFin>
               <ser:initialService>
                  <!--Optional:-->
                  <com:technicalReference>1524</com:technicalReference>
                  <com:type>AAF</com:type>
                  <com:reference>reference</com:reference>
               </ser:initialService>
               <!--1 to 99 repetitions:-->
               <ser:transfer>
                  <ser:serviceName>CIRB</ser:serviceName>
                  <ser:dateIn>${=new java.text.SimpleDateFormat("yyyy-MM-dd").format(new Date())}</ser:dateIn>
                  <!--Optional:-->
                  <ser:dateOut>${=new java.text.SimpleDateFormat("yyyy-MM-dd").format(new Date())}</ser:dateOut>
                  <ser:official>
                     <ser:firstName>jean</ser:firstName>
                     <ser:lastName>baptist</ser:lastName>
                     <ser:phoneNumber>0452363621</ser:phoneNumber>
                     <ser:email>cisyapan@cirb.brussels</ser:email>
                  </ser:official>
               </ser:transfer>
            </ser:serviceChange>
         </v1:request>
      </v1:serviceChangeRequest>
   </soapenv:Body>
</soapenv:Envelope>]]></con:request><con:credentials><con:selectedAuthProfile>Basic</con:selectedAuthProfile><con:addedBasicAuthenticationTypes>Basic</con:addedBasicAuthenticationTypes><con:authType>Global HTTP Settings</con:authType></con:credentials><con:jmsConfig JMSDeliveryMode="PERSISTENT"/><con:jmsPropertyConfig/><con:wsaConfig mustUnderstand="NONE" version="200508" action="http://fidus.brussels/services/exportfromregondesservice/serviceChange"/><con:wsrmConfig version="1.2"/></con:call><con:call id="2b095a25-4106-4aec-a132-1c7e69d8d5e6" name="3 - Test - External - Request" incomingWss="Inflow TEST" outgoingWss="Outflow TEST"><con:settings><con:setting id="com.eviware.soapui.impl.wsdl.WsdlRequest@request-headers">&lt;xml-fragment/></con:setting></con:settings><con:encoding>UTF-8</con:encoding><con:endpoint>https://fidus-test.irisnetlab.be/services/ExportFromRegondesService_v1.0</con:endpoint><con:request><![CDATA[<soapenv:Envelope xmlns:soapenv="http://schemas.xmlsoap.org/soap/envelope/" xmlns:v1="http://fidus.brussels/service/exportfromregondesservice/messages/v1" xmlns:v11="http://fidus.brussels/type/common/messages/v1" xmlns:ser="http://www.minfin.fgov.be/regondes2/extern/taxservice/exports/serviceChanged" xmlns:com="http://www.minfin.fgov.be/regondes2/extern/taxservice/common">
   <soapenv:Header/>
   <soapenv:Body>
      <v1:serviceChangeRequest>
         <v1:messageContext>
            <v11:messageId>${=import static java.util.UUID.randomUUID; uuid = randomUUID() as String}</v11:messageId>
            <!--Optional:-->
            <v11:timestamp>${=new java.text.SimpleDateFormat("yyyy-MM-dd'T'HH:mm:ss.SSS").format(new Date())}</v11:timestamp>
         </v1:messageContext>
         <v1:legalContext>ServiceIntegrator</v1:legalContext>
         <v1:request>
            <ser:serviceChange>
               <ser:referenceFodFin>11223344</ser:referenceFodFin>
               <ser:initialService>
                  <!--Optional:-->
                  <com:technicalReference>1524</com:technicalReference>
                  <com:type>AAF</com:type>
                  <com:reference>reference</com:reference>
               </ser:initialService>
               <!--1 to 99 repetitions:-->
               <ser:transfer>
                  <ser:serviceName>CIRB</ser:serviceName>
                  <ser:dateIn>${=new java.text.SimpleDateFormat("yyyy-MM-dd").format(new Date())}</ser:dateIn>
                  <!--Optional:-->
                  <ser:dateOut>${=new java.text.SimpleDateFormat("yyyy-MM-dd").format(new Date())}</ser:dateOut>
                  <ser:official>
                     <ser:firstName>jean</ser:firstName>
                     <ser:lastName>baptist</ser:lastName>
                     <ser:phoneNumber>0452363621</ser:phoneNumber>
                     <ser:email>cisyapan@cirb.brussels</ser:email>
                  </ser:official>
               </ser:transfer>
            </ser:serviceChange>
         </v1:request>
      </v1:serviceChangeRequest>
   </soapenv:Body>
</soapenv:Envelope>]]></con:request><con:credentials><con:selectedAuthProfile>Basic</con:selectedAuthProfile><con:addedBasicAuthenticationTypes>Basic</con:addedBasicAuthenticationTypes><con:authType>Global HTTP Settings</con:authType></con:credentials><con:jmsConfig JMSDeliveryMode="PERSISTENT"/><con:jmsPropertyConfig/><con:wsaConfig mustUnderstand="NONE" version="200508" action="http://fidus.brussels/services/exportfromregondesservice/serviceChange"/><con:wsrmConfig version="1.2"/></con:call><con:call id="200a76cc-28eb-4985-80c4-5162b0a2bd8e" name="4 - Staging - External - Request" incomingWss="Inflow STAGING" outgoingWss="Outflow STAGING"><con:settings><con:setting id="com.eviware.soapui.impl.wsdl.WsdlRequest@request-headers">&lt;xml-fragment/></con:setting></con:settings><con:encoding>UTF-8</con:encoding><con:endpoint>https://fidus.irisnetlab.be/services/ExportFromRegondesService_v1.0</con:endpoint><con:request><![CDATA[<soapenv:Envelope xmlns:soapenv="http://schemas.xmlsoap.org/soap/envelope/" xmlns:v1="http://fidus.brussels/service/exportfromregondesservice/messages/v1" xmlns:v11="http://fidus.brussels/type/common/messages/v1" xmlns:ser="http://www.minfin.fgov.be/regondes2/extern/taxservice/exports/serviceChanged" xmlns:com="http://www.minfin.fgov.be/regondes2/extern/taxservice/common">
   <soapenv:Header/>
   <soapenv:Body>
      <v1:serviceChangeRequest>
         <v1:messageContext>
            <v11:messageId>${=import static java.util.UUID.randomUUID; uuid = randomUUID() as String}</v11:messageId>
            <!--Optional:-->
            <v11:timestamp>${=new java.text.SimpleDateFormat("yyyy-MM-dd'T'HH:mm:ss.SSS").format(new Date())}</v11:timestamp>
         </v1:messageContext>
         <v1:legalContext>ServiceIntegrator</v1:legalContext>
         <v1:request>
            <ser:serviceChange>
               <ser:referenceFodFin>11223344</ser:referenceFodFin>
               <ser:initialService>
                  <!--Optional:-->
                  <com:technicalReference>1524</com:technicalReference>
                  <com:type>AAF</com:type>
                  <com:reference>reference</com:reference>
               </ser:initialService>
               <!--1 to 99 repetitions:-->
               <ser:transfer>
                  <ser:serviceName>CIRB</ser:serviceName>
                  <ser:dateIn>${=new java.text.SimpleDateFormat("yyyy-MM-dd").format(new Date())}</ser:dateIn>
                  <!--Optional:-->
                  <ser:dateOut>${=new java.text.SimpleDateFormat("yyyy-MM-dd").format(new Date())}</ser:dateOut>
                  <ser:official>
                     <ser:firstName>jean</ser:firstName>
                     <ser:lastName>baptist</ser:lastName>
                     <ser:phoneNumber>0452363621</ser:phoneNumber>
                     <ser:email>cisyapan@cirb.brussels</ser:email>
                  </ser:official>
               </ser:transfer>
            </ser:serviceChange>
         </v1:request>
      </v1:serviceChangeRequest>
   </soapenv:Body>
</soapenv:Envelope>]]></con:request><con:credentials><con:selectedAuthProfile>Basic</con:selectedAuthProfile><con:addedBasicAuthenticationTypes>Basic</con:addedBasicAuthenticationTypes><con:authType>Global HTTP Settings</con:authType></con:credentials><con:jmsConfig JMSDeliveryMode="PERSISTENT"/><con:jmsPropertyConfig/><con:wsaConfig mustUnderstand="NONE" version="200508" action="http://fidus.brussels/services/exportfromregondesservice/serviceChange"/><con:wsrmConfig version="1.2"/></con:call></con:operation></con:interface><con:interface xsi:type="con:WsdlInterface" id="7afbf0d9-0c47-4cf5-94c2-493a5698e812" wsaVersion="NONE" name="ImportToRegondesServiceHTTPBinding" type="wsdl" bindingName="{http://fidus.brussels/service/importtoregondesservice/v1}ImportToRegondesServiceHTTPBinding" soapVersion="1_1" anonymous="optional" definition="file:/home/isr/git/parent/importtoregondesservice/ImportToRegondesServiceGateway/src/main/resources/wsdl/importToRegondesService/1.0.0/ImportToRegondesService_v1.wsdl" xmlns:xsi="http://www.w3.org/2001/XMLSchema-instance"><con:settings/><con:definitionCache type="TEXT" rootPart="file:/home/isr/git/parent/importtoregondesservice/ImportToRegondesServiceGateway/src/main/resources/wsdl/importToRegondesService/1.0.0/ImportToRegondesService_v1.wsdl"><con:part><con:url>file:/home/isr/git/parent/importtoregondesservice/ImportToRegondesServiceGateway/src/main/resources/wsdl/importToRegondesService/1.0.0/ImportToRegondesService_v1.wsdl</con:url><con:content><![CDATA[<wsdl:definitions targetNamespace="http://fidus.brussels/service/importtoregondesservice/v1" name="ImportToRegondesService" xmlns:soap="http://schemas.xmlsoap.org/wsdl/soap/" xmlns:wsdl="http://schemas.xmlsoap.org/wsdl/" xmlns:xsd="http://www.w3.org/2001/XMLSchema" xmlns:mes="http://fidus.brussels/service/importtoregondesservice/messages/v1" xmlns:tns="http://fidus.brussels/service/importtoregondesservice/v1">
  <xsd:annotation>
    <xsd:documentation>ImportToRegondesService WDSL v1.</xsd:documentation>
  </xsd:annotation>
  <wsdl:types>
    <xsd:schema targetNamespace="http://fidus.brussels/service/importtoregondesservice/v1" elementFormDefault="qualified">
      <xsd:import namespace="http://fidus.brussels/service/importtoregondesservice/messages/v1" schemaLocation="messages/importToRegondesServiceMessages_v1.xsd"/>
    </xsd:schema>
  </wsdl:types>
  <wsdl:message name="exportDossierRequestMessage">
    <wsdl:part name="exportDossierRequest" element="mes:exportDossierRequest"/>
  </wsdl:message>
  <wsdl:message name="exportSupplementaryInformationRequestMessage">
    <wsdl:part name="exportsupplementaryInformationRequest" element="mes:exportSupplementaryInformationRequest"/>
  </wsdl:message>
  <wsdl:message name="reportOutputResponseMessage">
    <wsdl:part name="reportResponse" element="mes:reportResponse"/>
  </wsdl:message>
  <wsdl:portType name="ImportToRegondesServicePortType">
    <wsdl:operation name="exportDossier">
      <wsdl:input message="tns:exportDossierRequestMessage"/>
      <wsdl:output message="tns:reportOutputResponseMessage"/>
    </wsdl:operation>
    <wsdl:operation name="exportSupplementaryInformation">
      <wsdl:input message="tns:exportSupplementaryInformationRequestMessage"/>
      <wsdl:output message="tns:reportOutputResponseMessage"/>
    </wsdl:operation>
  </wsdl:portType>
  <wsdl:binding name="ImportToRegondesServiceHTTPBinding" type="tns:ImportToRegondesServicePortType">
    <soap:binding style="document" transport="http://schemas.xmlsoap.org/soap/http"/>
    <wsdl:operation name="exportDossier">
      <soap:operation soapAction="http://fidus.brussels/services/importtoregondesservice/importDossier"/>
      <wsdl:input>
        <soap:body use="literal"/>
      </wsdl:input>
      <wsdl:output>
        <soap:body use="literal"/>
      </wsdl:output>
    </wsdl:operation>
    <wsdl:operation name="exportSupplementaryInformation">
      <soap:operation soapAction="http://fidus.brussels/services/importtoregondesservice/importSupplementaryInformation"/>
      <wsdl:input>
        <soap:body use="literal"/>
      </wsdl:input>
      <wsdl:output>
        <soap:body use="literal"/>
      </wsdl:output>
    </wsdl:operation>
  </wsdl:binding>
  <wsdl:service name="ImportToRegondesService_v1">
    <wsdl:port name="ImportToRegondesService_v1" binding="tns:ImportToRegondesServiceHTTPBinding">
      <soap:address location="http://fidus.brussels/services/importtoregondesservice/v1"/>
    </wsdl:port>
  </wsdl:service>
</wsdl:definitions>]]></con:content><con:type>http://schemas.xmlsoap.org/wsdl/</con:type></con:part><con:part><con:url>file:/home/isr/git/parent/importtoregondesservice/ImportToRegondesServiceGateway/src/main/resources/wsdl/importToRegondesService/1.0.0/messages/importToRegondesServiceMessages_v1.xsd</con:url><con:content><![CDATA[<xsd:schema targetNamespace="http://fidus.brussels/service/importtoregondesservice/messages/v1" elementFormDefault="qualified" attributeFormDefault="unqualified" version="1.0" xmlns:xsd="http://www.w3.org/2001/XMLSchema" xmlns:cme="http://fidus.brussels/type/common/messages/v1" xmlns:exc="http://fidus.brussels/type/common/exceptions/v1" xmlns:dos="http://www.minfin.fgov.be/regondes2/extern/taxservice/imports/dossier" xmlns:sup="http://www.minfin.fgov.be/regondes2/extern/taxservice/imports/supplementaryInformation" xmlns:com="http://www.minfin.fgov.be/regondes2/extern/taxservice/common" xmlns:tns="http://fidus.brussels/service/importtoregondesservice/messages/v1">
  <xsd:import namespace="http://fidus.brussels/type/common/messages/v1" schemaLocation="baseMessageTypes_v1.xsd"/>
  <xsd:import namespace="http://fidus.brussels/type/common/exceptions/v1" schemaLocation="exceptionTypes_v1.xsd"/>
  <xsd:import namespace="http://www.minfin.fgov.be/regondes2/extern/taxservice/imports/dossier" schemaLocation="../regondes/Regondes2ImportDossier.xsd"/>
  <xsd:import namespace="http://www.minfin.fgov.be/regondes2/extern/taxservice/imports/supplementaryInformation" schemaLocation="../regondes/Regondes2ImportSupplementaryInformation.xsd"/>
  <xsd:import namespace="http://www.minfin.fgov.be/regondes2/extern/taxservice/common" schemaLocation="../regondes/Regondes2Common.xsd"/>
  <xsd:complexType name="ExportDossierType">
    <xsd:annotation>
      <xsd:documentation>The person whose information is requested.</xsd:documentation>
    </xsd:annotation>
    <xsd:sequence>
      <xsd:element ref="dos:dossier"/>
    </xsd:sequence>
  </xsd:complexType>
  <xsd:complexType name="ExportSupplementaryInformationType">
    <xsd:annotation>
      <xsd:documentation>The person whose information is requested.</xsd:documentation>
    </xsd:annotation>
    <xsd:sequence>
      <xsd:element ref="sup:supplementaryInformation"/>
    </xsd:sequence>
  </xsd:complexType>
  <!--Request getImportToRegondesService definition-->
  <xsd:complexType name="GetExportDossierRequestType">
    <xsd:sequence>
      <xsd:element name="messageContext" type="cme:RequestMessageContextType"/>
      <xsd:element name="legalContext" type="cme:LegalContextType"/>
      <xsd:element name="request" type="tns:ExportDossierType"/>
    </xsd:sequence>
  </xsd:complexType>
  <!--Request getImportToRegondesService definition-->
  <xsd:complexType name="GetExportSupplementaryInformationRequestType">
    <xsd:sequence>
      <xsd:element name="messageContext" type="cme:RequestMessageContextType"/>
      <xsd:element name="legalContext" type="cme:LegalContextType"/>
      <xsd:element name="request" type="tns:ExportSupplementaryInformationType"/>
    </xsd:sequence>
  </xsd:complexType>
  <!--Request getImportToRegondesService definition-->
  <xsd:complexType name="GetReportResponseType">
    <xsd:sequence>
      <xsd:element name="messageContext" type="cme:ResponseMessageContextType"/>
      <xsd:element name="responses" type="tns:ResponsesType" minOccurs="0"/>
      <xsd:element name="exceptions" type="exc:ExceptionsType" minOccurs="0">
        <xsd:annotation>
          <xsd:documentation>Technical errors that occur when processing the message context e.g. insufficient rights.</xsd:documentation>
        </xsd:annotation>
      </xsd:element>
    </xsd:sequence>
  </xsd:complexType>
  <xsd:complexType name="ResponsesType">
    <xsd:sequence>
      <xsd:element name="response" type="tns:ResponseType" minOccurs="1" maxOccurs="1"/>
    </xsd:sequence>
  </xsd:complexType>
  <xsd:complexType name="ResponseType">
    <xsd:sequence>
      <xsd:element ref="com:report" minOccurs="0" maxOccurs="1"/>
      <xsd:element name="exceptions" type="exc:ExceptionsType" minOccurs="0">
        <xsd:annotation>
          <xsd:documentation>Business exceptions that occur when processing the request or response e.g. missing data for a single response element.
						Exceptions at this level may contain back-end specific codes and content.</xsd:documentation>
        </xsd:annotation>
      </xsd:element>
    </xsd:sequence>
  </xsd:complexType>
  <!--Element of the request and the response-->
  <xsd:element name="exportDossierRequest" type="tns:GetExportDossierRequestType"/>
  <xsd:element name="exportSupplementaryInformationRequest" type="tns:GetExportSupplementaryInformationRequestType"/>
  <xsd:element name="reportResponse" type="tns:GetReportResponseType"/>
</xsd:schema>]]></con:content><con:type>http://www.w3.org/2001/XMLSchema</con:type></con:part><con:part><con:url>file:/home/isr/git/parent/importtoregondesservice/ImportToRegondesServiceGateway/src/main/resources/wsdl/importToRegondesService/1.0.0/messages/baseMessageTypes_v1.xsd</con:url><con:content><![CDATA[<xsd:schema targetNamespace="http://fidus.brussels/type/common/messages/v1" elementFormDefault="qualified" attributeFormDefault="unqualified" version="1.0" xmlns:xsd="http://www.w3.org/2001/XMLSchema" xmlns:cmn="http://fidus.brussels/type/common/v1" xmlns:tns="http://fidus.brussels/type/common/messages/v1">
  <!--Unformatted message Id-->
  <xsd:simpleType name="MessageIdType">
    <xsd:restriction base="xsd:string">
      <xsd:minLength value="1"/>
      <xsd:maxLength value="64"/>
    </xsd:restriction>
  </xsd:simpleType>
  <!--National Number of the person. Format depending on the Register-->
  <xsd:simpleType name="PersonNumberType">
    <xsd:restriction base="xsd:string">
      <xsd:pattern value="[0-9][0-9](([0][0-9])|([1][0-2]))(([0-2][0-9])|([3][0-1]))(([0-9]{2}[1-9])|([0-9][1-9][0-9])|([1-9][0-9]{2}))(([0-8][0-9])|([9][0-7]))">
        <xsd:annotation>
          <xsd:documentation>National Register format</xsd:documentation>
        </xsd:annotation>
      </xsd:pattern>
      <xsd:pattern value="[0-9][0-9](([2][0-9])|([3][0-2]))(([0-2][0-9])|([3][0-1]))[0-9]{3}(([0-8][0-9])|([9][0-7]))">
        <xsd:annotation>
          <xsd:documentation>CBSS Register format: Bis Register</xsd:documentation>
        </xsd:annotation>
      </xsd:pattern>
      <xsd:pattern value="[0-9][0-9](([4][0-9])|([5][0-2]))(([0-2][0-9])|([3][0-1]))[0-9]{3}(([0-8][0-9])|([9][0-7]))">
        <xsd:annotation>
          <xsd:documentation>CBSS Register format: Ter Register</xsd:documentation>
        </xsd:annotation>
      </xsd:pattern>
    </xsd:restriction>
  </xsd:simpleType>
  <!--Request message context-->
  <xsd:complexType name="RequestMessageContextType">
    <xsd:annotation>
      <xsd:documentation>Message context block generated by the consumer.</xsd:documentation>
    </xsd:annotation>
    <xsd:sequence>
      <xsd:element name="messageId" type="tns:MessageIdType">
        <xsd:annotation>
          <xsd:documentation>Consumer must assign their own MessageId reference for the request.</xsd:documentation>
        </xsd:annotation>
      </xsd:element>
      <xsd:element name="timestamp" type="xsd:dateTime" minOccurs="0">
        <xsd:annotation>
          <xsd:documentation>Timestamp when client sent request.</xsd:documentation>
        </xsd:annotation>
      </xsd:element>
    </xsd:sequence>
  </xsd:complexType>
  <!--Response message context-->
  <xsd:complexType name="ResponseMessageContextType">
    <xsd:annotation>
      <xsd:documentation>MessageContext block generated by fidus.</xsd:documentation>
    </xsd:annotation>
    <xsd:sequence>
      <xsd:element name="messageId" type="tns:MessageIdType">
        <xsd:annotation>
          <xsd:documentation>A unique identifier generated by fidus.</xsd:documentation>
        </xsd:annotation>
      </xsd:element>
      <xsd:element name="transactionId" type="tns:MessageIdType">
        <xsd:annotation>
          <xsd:documentation>A unique ID returned to the client for tracing purposes.</xsd:documentation>
        </xsd:annotation>
      </xsd:element>
      <xsd:element name="relatesTo" type="tns:MessageIdType" minOccurs="0">
        <xsd:annotation>
          <xsd:documentation>Optional field. The unique id of a previous batch file in this exchange Only used for responses.</xsd:documentation>
        </xsd:annotation>
      </xsd:element>
      <xsd:element name="timestamp" type="xsd:dateTime" minOccurs="0">
        <xsd:annotation>
          <xsd:documentation>Time reply sent by fidus.</xsd:documentation>
        </xsd:annotation>
      </xsd:element>
    </xsd:sequence>
  </xsd:complexType>
  <!--Legal Context : the finality of the Privacy Commission-->
  <xsd:simpleType name="LegalContextType">
    <xsd:restriction base="xsd:string">
      <xsd:minLength value="1"/>
      <xsd:maxLength value="64"/>
    </xsd:restriction>
  </xsd:simpleType>
  <xsd:complexType name="UserContextType">
    <xsd:annotation>
      <xsd:documentation>The user context defines information regarding the actual user performing a request.</xsd:documentation>
    </xsd:annotation>
    <xsd:sequence>
      <xsd:element name="language" type="xsd:language" nillable="true">
        <xsd:annotation>
          <xsd:documentation>The preferred language of the actual user performing the request.
						This influences the language in which response elements are cast.</xsd:documentation>
        </xsd:annotation>
      </xsd:element>
    </xsd:sequence>
  </xsd:complexType>
</xsd:schema>]]></con:content><con:type>http://www.w3.org/2001/XMLSchema</con:type></con:part><con:part><con:url>file:/home/isr/git/parent/importtoregondesservice/ImportToRegondesServiceGateway/src/main/resources/wsdl/importToRegondesService/1.0.0/messages/exceptionTypes_v1.xsd</con:url><con:content><![CDATA[<xsd:schema targetNamespace="http://fidus.brussels/type/common/exceptions/v1" elementFormDefault="qualified" attributeFormDefault="unqualified" version="1.0" xmlns:xsd="http://www.w3.org/2001/XMLSchema" xmlns:tns="http://fidus.brussels/type/common/exceptions/v1">
  <!--Basic error typed-->
  <xsd:complexType name="ExceptionsType">
    <xsd:sequence>
      <xsd:element name="exception" type="tns:ExceptionType" maxOccurs="unbounded"/>
    </xsd:sequence>
  </xsd:complexType>
  <xsd:complexType name="ExceptionType">
    <xsd:sequence>
      <xsd:element name="type" type="tns:ExceptionClassType"/>
      <xsd:element name="code" type="tns:ExceptionCodeType"/>
      <xsd:element name="source" type="tns:ExceptionSourceType"/>
      <xsd:element name="description" type="tns:ExceptionDescriptionType"/>
    </xsd:sequence>
  </xsd:complexType>
  <xsd:simpleType name="ExceptionClassType">
    <xsd:restriction base="xsd:string">
      <xsd:enumeration value="ERROR"/>
      <xsd:enumeration value="WARNING"/>
      <xsd:enumeration value="INFO"/>
    </xsd:restriction>
  </xsd:simpleType>
  <xsd:simpleType name="ExceptionCodeType">
    <xsd:restriction base="xsd:string">
      <xsd:maxLength value="20"/>
    </xsd:restriction>
  </xsd:simpleType>
  <xsd:simpleType name="ExceptionSourceType">
    <xsd:restriction base="xsd:string">
      <xsd:maxLength value="20"/>
    </xsd:restriction>
  </xsd:simpleType>
  <xsd:simpleType name="ExceptionDescriptionType">
    <xsd:restriction base="xsd:string"/>
  </xsd:simpleType>
</xsd:schema>]]></con:content><con:type>http://www.w3.org/2001/XMLSchema</con:type></con:part><con:part><con:url>file:/home/isr/git/parent/importtoregondesservice/ImportToRegondesServiceGateway/src/main/resources/wsdl/importToRegondesService/1.0.0/regondes/Regondes2ImportDossier.xsd</con:url><con:content><![CDATA[<!--Regondes2ImportDossier.xsd version 1.0-->
<xs:schema targetNamespace="http://www.minfin.fgov.be/regondes2/extern/taxservice/imports/dossier" elementFormDefault="qualified" attributeFormDefault="unqualified" xmlns="http://www.minfin.fgov.be/regondes2/extern/taxservice/imports/dossier" xmlns:xs="http://www.w3.org/2001/XMLSchema" xmlns:com="http://www.minfin.fgov.be/regondes2/extern/taxservice/common">
  <xs:import namespace="http://www.minfin.fgov.be/regondes2/extern/taxservice/common" schemaLocation="Regondes2Common.xsd"/>
  <xs:element name="dossier">
    <xs:complexType>
      <xs:sequence>
        <xs:element name="language">
          <xs:annotation>
            <xs:documentation>Language in which the dossier was drafted.</xs:documentation>
          </xs:annotation>
          <xs:simpleType>
            <xs:restriction base="xs:string">
              <xs:enumeration value="NL"/>
              <xs:enumeration value="FR"/>
              <xs:enumeration value="DE"/>
            </xs:restriction>
          </xs:simpleType>
        </xs:element>
        <xs:element name="fiscalYear" type="com:fiscalYearType">
          <xs:annotation>
            <xs:documentation>Fiscal year</xs:documentation>
          </xs:annotation>
        </xs:element>
        <xs:element name="initialService" type="com:completeInitialService"/>
        <xs:element name="patrimonyInformation">
          <xs:complexType>
            <xs:sequence>
              <xs:element name="cadastralDivisionCode">
                <xs:annotation>
                  <xs:documentation>Cadastral division code</xs:documentation>
                </xs:annotation>
                <xs:simpleType>
                  <xs:restriction base="xs:string">
                    <xs:maxLength value="30"/>
                    <xs:minLength value="1"/>
                  </xs:restriction>
                </xs:simpleType>
              </xs:element>
              <xs:choice>
                <xs:element name="articleNumber" type="com:articleNumberType">
                  <xs:annotation>
                    <xs:documentation>Article number</xs:documentation>
                  </xs:annotation>
                </xs:element>
                <xs:element name="parcel" type="parcel" minOccurs="1" maxOccurs="999"/>
              </xs:choice>
            </xs:sequence>
          </xs:complexType>
        </xs:element>
        <xs:element name="taxPayer" minOccurs="0">
          <xs:complexType>
            <xs:sequence>
              <xs:choice>
                <xs:element name="person" type="person"/>
                <xs:element name="company" type="company"/>
              </xs:choice>
            </xs:sequence>
          </xs:complexType>
        </xs:element>
        <xs:element name="submitter" minOccurs="0">
          <xs:annotation>
            <xs:documentation>Person or company who submitted the complaint.</xs:documentation>
          </xs:annotation>
          <xs:complexType>
            <xs:sequence>
              <xs:choice>
                <xs:element name="person" type="person"/>
                <xs:element name="company" type="company"/>
              </xs:choice>
              <xs:element name="phoneNumber" type="com:shortstring" minOccurs="0">
                <xs:annotation>
                  <xs:documentation>Phone number</xs:documentation>
                </xs:annotation>
              </xs:element>
              <xs:element name="email" type="com:emailAddress" minOccurs="0">
                <xs:annotation>
                  <xs:documentation>E-mail address</xs:documentation>
                </xs:annotation>
              </xs:element>
              <xs:element name="address" type="com:address" minOccurs="0">
                <xs:annotation>
                  <xs:documentation>Address</xs:documentation>
                </xs:annotation>
              </xs:element>
            </xs:sequence>
          </xs:complexType>
        </xs:element>
        <xs:element name="attachment" minOccurs="0" maxOccurs="99" type="com:attachment">
          <xs:annotation>
            <xs:documentation>Attached files which contain information about the dossier.</xs:documentation>
          </xs:annotation>
        </xs:element>
      </xs:sequence>
    </xs:complexType>
  </xs:element>
  <xs:complexType name="parcel">
    <xs:annotation>
      <xs:documentation>Parcel information</xs:documentation>
    </xs:annotation>
    <xs:sequence>
      <xs:element name="parcelNumber" type="parcelNumber"/>
      <xs:element name="situation">
        <xs:annotation>
          <xs:documentation>The location of the parcel.</xs:documentation>
        </xs:annotation>
        <xs:simpleType>
          <xs:restriction base="com:shortstring">
            <xs:minLength value="1"/>
          </xs:restriction>
        </xs:simpleType>
      </xs:element>
      <xs:element name="kind" type="com:shortstring" minOccurs="0">
        <xs:annotation>
          <xs:documentation>The kind of parcel.</xs:documentation>
        </xs:annotation>
      </xs:element>
      <xs:element name="details" type="com:shortstring" minOccurs="0">
        <xs:annotation>
          <xs:documentation>Extra information with details about the parcel.</xs:documentation>
        </xs:annotation>
      </xs:element>
      <xs:choice>
        <xs:sequence>
          <xs:element name="articleNumber" type="com:articleNumberType">
            <xs:annotation>
              <xs:documentation>Article number</xs:documentation>
            </xs:annotation>
          </xs:element>
          <xs:element name="sequenceNumber" type="com:shortstring">
            <xs:annotation>
              <xs:documentation>Sequence number</xs:documentation>
            </xs:annotation>
          </xs:element>
        </xs:sequence>
        <xs:element name="propertySituationNumber" type="com:shortstring">
          <xs:annotation>
            <xs:documentation>Property situation number</xs:documentation>
          </xs:annotation>
        </xs:element>
      </xs:choice>
    </xs:sequence>
  </xs:complexType>
  <xs:complexType name="parcelNumber">
    <xs:annotation>
      <xs:documentation>Parcel number</xs:documentation>
    </xs:annotation>
    <xs:sequence>
      <xs:element name="section">
        <xs:annotation>
          <xs:documentation>Section</xs:documentation>
        </xs:annotation>
        <xs:simpleType>
          <xs:restriction base="com:shortstring">
            <xs:minLength value="1"/>
          </xs:restriction>
        </xs:simpleType>
      </xs:element>
      <xs:element name="groundNumber">
        <xs:annotation>
          <xs:documentation>Ground number.</xs:documentation>
        </xs:annotation>
        <xs:simpleType>
          <xs:restriction base="com:shortstring">
            <xs:minLength value="1"/>
          </xs:restriction>
        </xs:simpleType>
      </xs:element>
      <xs:element name="bisNumber" minOccurs="0">
        <xs:annotation>
          <xs:documentation>Bis number</xs:documentation>
        </xs:annotation>
        <xs:simpleType>
          <xs:restriction base="com:shortstring">
            <xs:minLength value="1"/>
          </xs:restriction>
        </xs:simpleType>
      </xs:element>
      <xs:element name="exponent" minOccurs="0">
        <xs:annotation>
          <xs:documentation>Exponent</xs:documentation>
        </xs:annotation>
        <xs:simpleType>
          <xs:restriction base="com:shortstring">
            <xs:minLength value="1"/>
          </xs:restriction>
        </xs:simpleType>
      </xs:element>
      <xs:element name="power" minOccurs="0">
        <xs:annotation>
          <xs:documentation>Power</xs:documentation>
        </xs:annotation>
        <xs:simpleType>
          <xs:restriction base="com:shortstring">
            <xs:minLength value="1"/>
          </xs:restriction>
        </xs:simpleType>
      </xs:element>
      <xs:element name="part" minOccurs="0">
        <xs:annotation>
          <xs:documentation>Part</xs:documentation>
        </xs:annotation>
        <xs:simpleType>
          <xs:restriction base="com:shortstring">
            <xs:minLength value="1"/>
          </xs:restriction>
        </xs:simpleType>
      </xs:element>
    </xs:sequence>
  </xs:complexType>
  <xs:complexType name="person">
    <xs:annotation>
      <xs:documentation>Person data.</xs:documentation>
    </xs:annotation>
    <xs:sequence>
      <xs:choice>
        <xs:element name="socialSecurityNumber" type="com:personIdNumber">
          <xs:annotation>
            <xs:documentation>Social security number.</xs:documentation>
          </xs:annotation>
        </xs:element>
        <xs:element name="persIDF" type="com:personIdNumber">
          <xs:annotation>
            <xs:documentation>persIDF</xs:documentation>
          </xs:annotation>
        </xs:element>
        <xs:element name="bisNumber" type="com:personIdNumber">
          <xs:annotation>
            <xs:documentation>BIS-number</xs:documentation>
          </xs:annotation>
        </xs:element>
      </xs:choice>
      <xs:element name="firstname" type="com:longstring" minOccurs="0">
        <xs:annotation>
          <xs:documentation>First name</xs:documentation>
        </xs:annotation>
      </xs:element>
      <xs:element name="lastname" type="com:longstring" minOccurs="0">
        <xs:annotation>
          <xs:documentation>Last name</xs:documentation>
        </xs:annotation>
      </xs:element>
    </xs:sequence>
  </xs:complexType>
  <xs:complexType name="company">
    <xs:sequence>
      <xs:element name="cbeNumber" type="com:cbeNumber">
        <xs:annotation>
          <xs:documentation>CBE number</xs:documentation>
        </xs:annotation>
      </xs:element>
      <xs:element name="name" type="com:longstring" minOccurs="0">
        <xs:annotation>
          <xs:documentation>Company name</xs:documentation>
        </xs:annotation>
      </xs:element>
    </xs:sequence>
  </xs:complexType>
</xs:schema>]]></con:content><con:type>http://www.w3.org/2001/XMLSchema</con:type></con:part><con:part><con:url>file:/home/isr/git/parent/importtoregondesservice/ImportToRegondesServiceGateway/src/main/resources/wsdl/importToRegondesService/1.0.0/regondes/Regondes2Common.xsd</con:url><con:content><![CDATA[<!--Regondes2Common.xsd version 1.0-->
<xs:schema targetNamespace="http://www.minfin.fgov.be/regondes2/extern/taxservice/common" elementFormDefault="qualified" attributeFormDefault="unqualified" xmlns="http://www.minfin.fgov.be/regondes2/extern/taxservice/common" xmlns:xs="http://www.w3.org/2001/XMLSchema">
  <!--lum-->
  <!--Definition of complex types-->
  <xs:element name="report">
    <xs:annotation>
      <xs:documentation>Report of the transaction</xs:documentation>
    </xs:annotation>
    <xs:complexType>
      <xs:sequence>
        <xs:element name="status">
          <xs:annotation>
            <xs:documentation>Status of the transaction: SUCCESS or ERROR.</xs:documentation>
          </xs:annotation>
          <xs:simpleType>
            <xs:restriction base="xs:string">
              <xs:enumeration value="SUCCESS"/>
              <xs:enumeration value="ERROR"/>
            </xs:restriction>
          </xs:simpleType>
        </xs:element>
        <xs:element name="error" minOccurs="0">
          <xs:annotation>
            <xs:documentation>Business error occured while processing the message.</xs:documentation>
          </xs:annotation>
          <xs:simpleType>
            <xs:restriction base="longstring">
              <xs:minLength value="1"/>
            </xs:restriction>
          </xs:simpleType>
        </xs:element>
        <xs:element name="errorId" minOccurs="0">
          <xs:annotation>
            <xs:documentation>The Id of error in the log files. With this id the helpdesk can find the logs of the error.</xs:documentation>
          </xs:annotation>
          <xs:simpleType>
            <xs:restriction base="longstring">
              <xs:minLength value="1"/>
            </xs:restriction>
          </xs:simpleType>
        </xs:element>
      </xs:sequence>
    </xs:complexType>
  </xs:element>
  <xs:complexType name="attachment">
    <xs:annotation>
      <xs:documentation>Attached files which contain information about the dossier.</xs:documentation>
    </xs:annotation>
    <xs:sequence>
      <xs:element name="fileName" type="longstring">
        <xs:annotation>
          <xs:documentation>The filename of the attachment</xs:documentation>
        </xs:annotation>
      </xs:element>
      <xs:element name="data" type="xs:base64Binary">
        <xs:annotation>
          <xs:documentation>The bytes base64binary encoded</xs:documentation>
        </xs:annotation>
      </xs:element>
    </xs:sequence>
  </xs:complexType>
  <xs:complexType name="abstractInitialService" abstract="true">
    <xs:sequence>
      <xs:element name="technicalReference" type="longstring" minOccurs="0">
        <xs:annotation>
          <xs:documentation>Unique technical reference given by the initial service. Will be present if the dossier was imported with a technical reference.</xs:documentation>
        </xs:annotation>
      </xs:element>
      <xs:element name="type">
        <xs:annotation>
          <xs:documentation>The type of the initial service which can be either "VLABEL" or "AAF".</xs:documentation>
        </xs:annotation>
        <xs:simpleType>
          <xs:restriction base="xs:string">
            <xs:enumeration value="VLABEL"/>
            <xs:enumeration value="AAF"/>
          </xs:restriction>
        </xs:simpleType>
      </xs:element>
    </xs:sequence>
  </xs:complexType>
  <xs:complexType name="basicInitialService">
    <xs:complexContent>
      <xs:extension base="abstractInitialService">
        <xs:sequence>
          <xs:element name="reference">
            <xs:annotation>
              <xs:documentation>Unique reference given by the initial service. Will be present if the dossier was imported.</xs:documentation>
            </xs:annotation>
            <xs:simpleType>
              <xs:restriction base="longstring">
                <xs:minLength value="1"/>
              </xs:restriction>
            </xs:simpleType>
          </xs:element>
        </xs:sequence>
      </xs:extension>
    </xs:complexContent>
  </xs:complexType>
  <xs:complexType name="completeInitialService">
    <xs:complexContent>
      <xs:extension base="basicInitialService">
        <xs:sequence>
          <xs:element name="complaintType">
            <xs:annotation>
              <xs:documentation>Type of complaint.</xs:documentation>
            </xs:annotation>
            <xs:simpleType>
              <xs:restriction base="xs:string">
                <xs:maxLength value="12"/>
                <xs:minLength value="1"/>
              </xs:restriction>
            </xs:simpleType>
          </xs:element>
          <xs:element name="registerSendDate" type="xs:date" minOccurs="0">
            <xs:annotation>
              <xs:documentation>Date on which the notice of assessment is expected to be delivered.</xs:documentation>
            </xs:annotation>
          </xs:element>
          <xs:element name="registerArticle" type="shortstring" minOccurs="0">
            <xs:annotation>
              <xs:documentation>Number of the article in the register of the tax service.</xs:documentation>
            </xs:annotation>
          </xs:element>
          <xs:element name="dateInitialService" type="xs:date">
            <xs:annotation>
              <xs:documentation>Date on which the dossier was created by the initial service.</xs:documentation>
            </xs:annotation>
          </xs:element>
          <xs:element name="nameContact" type="longstring" minOccurs="0">
            <xs:annotation>
              <xs:documentation>Name of the contact within the initial service.</xs:documentation>
            </xs:annotation>
          </xs:element>
          <xs:element name="phoneNumberContact" type="shortstring" minOccurs="0">
            <xs:annotation>
              <xs:documentation>Phone number of the contact within the initial service.</xs:documentation>
            </xs:annotation>
          </xs:element>
          <xs:element name="emailContact" type="emailAddress" minOccurs="0">
            <xs:annotation>
              <xs:documentation>E-mail address of the contact within the initial sevice.</xs:documentation>
            </xs:annotation>
          </xs:element>
          <xs:element name="remark">
            <xs:annotation>
              <xs:documentation>A remark from the initial service.</xs:documentation>
            </xs:annotation>
            <xs:simpleType>
              <xs:restriction base="text">
                <xs:minLength value="1"/>
              </xs:restriction>
            </xs:simpleType>
          </xs:element>
        </xs:sequence>
      </xs:extension>
    </xs:complexContent>
  </xs:complexType>
  <xs:complexType name="address">
    <xs:annotation>
      <xs:documentation>Address</xs:documentation>
    </xs:annotation>
    <xs:sequence>
      <xs:element name="street" type="longstring" minOccurs="0">
        <xs:annotation>
          <xs:documentation>Street</xs:documentation>
        </xs:annotation>
      </xs:element>
      <xs:element name="houseNumber" type="longstring" minOccurs="0">
        <xs:annotation>
          <xs:documentation>House number</xs:documentation>
        </xs:annotation>
      </xs:element>
      <xs:element name="box" type="shortstring" minOccurs="0">
        <xs:annotation>
          <xs:documentation>Box</xs:documentation>
        </xs:annotation>
      </xs:element>
      <xs:element name="zipCode" type="shortstring" minOccurs="0">
        <xs:annotation>
          <xs:documentation>ZIP code</xs:documentation>
        </xs:annotation>
      </xs:element>
      <xs:element name="place" type="longstring" minOccurs="0">
        <xs:annotation>
          <xs:documentation>Place</xs:documentation>
        </xs:annotation>
      </xs:element>
      <xs:element name="country" type="longstring" minOccurs="0">
        <xs:annotation>
          <xs:documentation>Country</xs:documentation>
        </xs:annotation>
      </xs:element>
    </xs:sequence>
  </xs:complexType>
  <xs:complexType name="cadastralIncome">
    <xs:sequence>
      <xs:element name="codeCadastralIncome" type="codeCadastralIncome">
        <xs:annotation>
          <xs:documentation>Cadastrall income code</xs:documentation>
        </xs:annotation>
      </xs:element>
      <xs:element name="definitiveCadastralIncome" type="xs:positiveInteger">
        <xs:annotation>
          <xs:documentation>Definitive cadastrall income</xs:documentation>
        </xs:annotation>
      </xs:element>
      <xs:element name="dateDefinitive" type="xs:date">
        <xs:annotation>
          <xs:documentation>Date definitive cadastrall income</xs:documentation>
        </xs:annotation>
      </xs:element>
      <xs:element name="reasonDefinitive" type="longstring">
        <xs:annotation>
          <xs:documentation>Reason definitieve cadastrall income</xs:documentation>
        </xs:annotation>
      </xs:element>
    </xs:sequence>
  </xs:complexType>
  <xs:simpleType name="shortstring">
    <xs:restriction base="xs:string">
      <xs:minLength value="1"/>
      <xs:maxLength value="60"/>
    </xs:restriction>
  </xs:simpleType>
  <xs:simpleType name="longstring">
    <xs:restriction base="xs:string">
      <xs:minLength value="1"/>
      <xs:maxLength value="150"/>
    </xs:restriction>
  </xs:simpleType>
  <xs:simpleType name="text">
    <xs:restriction base="xs:string">
      <xs:minLength value="1"/>
      <xs:maxLength value="4000"/>
    </xs:restriction>
  </xs:simpleType>
  <xs:simpleType name="codeCadastralIncome">
    <xs:restriction base="xs:string">
      <xs:minLength value="1"/>
      <xs:maxLength value="2"/>
    </xs:restriction>
  </xs:simpleType>
  <xs:simpleType name="personIdNumber">
    <xs:restriction base="xs:string">
      <xs:minLength value="1"/>
      <xs:maxLength value="15"/>
    </xs:restriction>
  </xs:simpleType>
  <xs:simpleType name="cbeNumber">
    <xs:restriction base="xs:string">
      <xs:minLength value="1"/>
      <xs:maxLength value="15"/>
    </xs:restriction>
  </xs:simpleType>
  <xs:simpleType name="emailAddress">
    <xs:restriction base="xs:token">
      <xs:minLength value="1"/>
      <xs:maxLength value="254"/>
      <xs:pattern value="[^@]+@[^\.]+\..+"/>
    </xs:restriction>
  </xs:simpleType>
  <xs:simpleType name="referenceFodFin">
    <xs:restriction base="xs:long"/>
  </xs:simpleType>
  <xs:simpleType name="articleNumberType">
    <xs:restriction base="xs:token">
      <xs:minLength value="1"/>
      <xs:maxLength value="8"/>
      <xs:pattern value="\d{0,5}(/\d{2})?"/>
    </xs:restriction>
  </xs:simpleType>
  <xs:simpleType name="fiscalYearType">
    <xs:restriction base="xs:string">
      <xs:maxLength value="4"/>
      <xs:minLength value="4"/>
    </xs:restriction>
  </xs:simpleType>
</xs:schema>]]></con:content><con:type>http://www.w3.org/2001/XMLSchema</con:type></con:part><con:part><con:url>file:/home/isr/git/parent/importtoregondesservice/ImportToRegondesServiceGateway/src/main/resources/wsdl/importToRegondesService/1.0.0/regondes/Regondes2ImportSupplementaryInformation.xsd</con:url><con:content><![CDATA[<!--Regondes2ImportSupplementaryInformation.xsd version 1.0-->
<xs:schema targetNamespace="http://www.minfin.fgov.be/regondes2/extern/taxservice/imports/supplementaryInformation" elementFormDefault="qualified" attributeFormDefault="unqualified" xmlns="http://www.minfin.fgov.be/regondes2/extern/taxservice/imports/supplementaryInformation" xmlns:xs="http://www.w3.org/2001/XMLSchema" xmlns:com="http://www.minfin.fgov.be/regondes2/extern/taxservice/common">
  <xs:import namespace="http://www.minfin.fgov.be/regondes2/extern/taxservice/common" schemaLocation="Regondes2Common.xsd"/>
  <xs:element name="supplementaryInformation">
    <xs:complexType>
      <xs:sequence>
        <xs:element name="initialService" type="com:basicInitialService"/>
        <xs:element name="attachment" minOccurs="1" maxOccurs="99" type="com:attachment">
          <xs:annotation>
            <xs:documentation>Attached files which contain information about the dossier.</xs:documentation>
          </xs:annotation>
        </xs:element>
      </xs:sequence>
    </xs:complexType>
  </xs:element>
</xs:schema>]]></con:content><con:type>http://www.w3.org/2001/XMLSchema</con:type></con:part></con:definitionCache><con:endpoints><con:endpoint>http://fidus.brussels/services/importtoregondesservice/v1</con:endpoint></con:endpoints><con:operation id="4027c578-467d-44b6-a8ae-d0a84b368f08" isOneWay="false" action="http://fidus.brussels/services/importtoregondesservice/importDossier" name="exportDossier" bindingOperationName="exportDossier" type="Request-Response" inputName="" receivesAttachments="false" sendsAttachments="false" anonymous="optional"><con:settings/><con:call id="581ead05-b994-4992-b84b-31abab68e310" name="1 - Local - Request - Success" incomingWss="Inflow DEV" outgoingWss="Outflow DEV"><con:settings><con:setting id="com.eviware.soapui.impl.wsdl.WsdlRequest@request-headers">&lt;xml-fragment/></con:setting></con:settings><con:encoding>UTF-8</con:encoding><con:endpoint>https://localhost:8243/services/ImportToRegondesService_v1.0</con:endpoint><con:request><![CDATA[<soapenv:Envelope xmlns:soapenv="http://schemas.xmlsoap.org/soap/envelope/" xmlns:v1="http://fidus.brussels/service/importtoregondesservice/messages/v1" xmlns:v11="http://fidus.brussels/type/common/messages/v1" xmlns:dos="http://www.minfin.fgov.be/regondes2/extern/taxservice/imports/dossier" xmlns:com="http://www.minfin.fgov.be/regondes2/extern/taxservice/common" >
    <soapenv:Header/>
    <soapenv:Body>
        <v1:exportDossierRequest>
            <v1:messageContext>
                <v11:messageId>${=import static java.util.UUID.randomUUID; uuid = randomUUID() as String}</v11:messageId>
                <v11:timestamp>${=new java.text.SimpleDateFormat("yyyy-MM-dd'T'HH:mm:ss.SSS").format(new Date())}</v11:timestamp>
            </v1:messageContext>
            <v1:legalContext>ServiceIntegrator</v1:legalContext>
            <v1:request>
                <dos:dossier>
                    <dos:language>FR</dos:language>
                    <dos:fiscalYear>2015</dos:fiscalYear>
                    <dos:initialService>
                        <com:technicalReference>11223344</com:technicalReference>
                        <com:type>AAF</com:type>				
                        <!-- the "REFERENCE" is used by the SPF Finance to create a new legal dispute on the
						SPF data base. To have a "success" as a response, you have to 
						change this parameter every request. -->
                        <com:reference>CF55571</com:reference>
                        <com:complaintType>MS</com:complaintType>
                        <com:registerArticle>1</com:registerArticle>
                        <com:dateInitialService>2017-01-10+01:00</com:dateInitialService>
                        <com:nameContact>PME047 Testuser</com:nameContact>
                        <com:emailContact>testuser.pme047@guest.minfin.fed.be</com:emailContact>
                        <com:remark>none</com:remark>
                    </dos:initialService>
                    <dos:patrimonyInformation>
                        <dos:cadastralDivisionCode>21819</dos:cadastralDivisionCode>
                        <dos:articleNumber>14831</dos:articleNumber>
                    </dos:patrimonyInformation>
                    <dos:submitter>
                        <dos:person>
                            <dos:persIDF>000006141843</dos:persIDF>
                            <dos:firstname>PATRICK</dos:firstname>
                            <dos:lastname>DEWANDELEER</dos:lastname>
                        </dos:person>
                        <dos:address>
                            <com:street>Rue du Maraîcher, 5</com:street>
                            <com:zipCode>1082</com:zipCode>
                            <com:place>Berchem-Sainte-Agathe</com:place>
                        </dos:address>
                    </dos:submitter>
                </dos:dossier>
            </v1:request>
        </v1:exportDossierRequest>
    </soapenv:Body>
</soapenv:Envelope>]]></con:request><con:credentials><con:selectedAuthProfile>Basic</con:selectedAuthProfile><con:addedBasicAuthenticationTypes>Basic</con:addedBasicAuthenticationTypes><con:authType>Global HTTP Settings</con:authType></con:credentials><con:jmsConfig JMSDeliveryMode="PERSISTENT"/><con:jmsPropertyConfig/><con:wsaConfig mustUnderstand="NONE" version="200508" action="http://fidus.brussels/services/importtoregondesservice/importDossier"/><con:wsrmConfig version="1.2"/></con:call><con:call id="b01223d1-fd9e-4bd6-910d-f77be063fafe" name="1 - Local - Request - Error" outgoingWss="Outflow DEV" incomingWss="Inflow DEV"><con:settings><con:setting id="com.eviware.soapui.impl.wsdl.WsdlRequest@request-headers">&lt;xml-fragment/></con:setting></con:settings><con:encoding>UTF-8</con:encoding><con:endpoint>https://localhost:8243/services/ImportToRegondesService_v1.0</con:endpoint><con:request><![CDATA[<soapenv:Envelope xmlns:soapenv="http://schemas.xmlsoap.org/soap/envelope/" xmlns:v1="http://fidus.brussels/service/importtoregondesservice/messages/v1" xmlns:v11="http://fidus.brussels/type/common/messages/v1" xmlns:dos="http://www.minfin.fgov.be/regondes2/extern/taxservice/imports/dossier" xmlns:com="http://www.minfin.fgov.be/regondes2/extern/taxservice/common" >
    <soapenv:Header/>
    <soapenv:Body>
        <v1:exportDossierRequest>
            <v1:messageContext>
                <v11:messageId>${=import static java.util.UUID.randomUUID; uuid = randomUUID() as String}</v11:messageId>
                <v11:timestamp>${=new java.text.SimpleDateFormat("yyyy-MM-dd'T'HH:mm:ss.SSS").format(new Date())}</v11:timestamp>
            </v1:messageContext>
            <v1:legalContext>ServiceIntegrator</v1:legalContext>
            <v1:request>
                <dos:dossier>
                    <dos:language>FR</dos:language>
                    <dos:fiscalYear>2015</dos:fiscalYear>
                    <dos:initialService>
                        <com:technicalReference>11223344</com:technicalReference>
                        <com:type>AAF</com:type>				
                        <!-- the "REFERENCE" is used by the SPF Finance to create a new legal dispute on the
						SPF data base. To have a "success" as a response, you have to 
						change this parameter every request. -->
                        <com:reference>CF55571</com:reference>
                        <com:complaintType>MS</com:complaintType>
                        <com:registerArticle>1</com:registerArticle>
                        <com:dateInitialService>2017-01-10+01:00</com:dateInitialService>
                        <com:nameContact>PME047 Testuser</com:nameContact>
                        <com:emailContact>testuser.pme047@guest.minfin.fed.be</com:emailContact>
                        <com:remark>none</com:remark>
                    </dos:initialService>
                    <dos:patrimonyInformation>
                        <dos:cadastralDivisionCode>21819</dos:cadastralDivisionCode>
                        <dos:articleNumber>14831</dos:articleNumber>
                    </dos:patrimonyInformation>
                    <dos:submitter>
                        <dos:person>
                            <dos:persIDF>000006141843</dos:persIDF>
                            <dos:firstname>PATRICK</dos:firstname>
                            <dos:lastname>DEWANDELEER</dos:lastname>
                        </dos:person>
                        <dos:address>
                            <com:street>Rue du Maraîcher, 5</com:street>
                            <com:zipCode>1082</com:zipCode>
                            <com:place>Berchem-Sainte-Agathe</com:place>
                        </dos:address>
                    </dos:submitter>
                </dos:dossier>
            </v1:request>
        </v1:exportDossierRequest>
    </soapenv:Body>
</soapenv:Envelope>]]></con:request><con:credentials><con:selectedAuthProfile>Basic</con:selectedAuthProfile><con:addedBasicAuthenticationTypes>Basic</con:addedBasicAuthenticationTypes><con:authType>Global HTTP Settings</con:authType></con:credentials><con:jmsConfig JMSDeliveryMode="PERSISTENT"/><con:jmsPropertyConfig/><con:wsaConfig mustUnderstand="NONE" version="200508" action="http://fidus.brussels/services/importtoregondesservice/importDossier"/><con:wsrmConfig version="1.2"/></con:call><con:call id="b25abfc8-333e-41e3-85b9-b3d887caaf88" name="2 - DEV - Request - Error" incomingWss="Inflow DEV" outgoingWss="Outflow DEV"><con:settings><con:setting id="com.eviware.soapui.impl.wsdl.WsdlRequest@request-headers">&lt;xml-fragment/></con:setting></con:settings><con:encoding>UTF-8</con:encoding><con:endpoint>https://192.168.36.61:8243/services/ImportToRegondesService_v1.0</con:endpoint><con:request><![CDATA[<soapenv:Envelope xmlns:soapenv="http://schemas.xmlsoap.org/soap/envelope/" xmlns:v1="http://fidus.brussels/service/importtoregondesservice/messages/v1" xmlns:v11="http://fidus.brussels/type/common/messages/v1" xmlns:dos="http://www.minfin.fgov.be/regondes2/extern/taxservice/imports/dossier" xmlns:com="http://www.minfin.fgov.be/regondes2/extern/taxservice/common" >
    <soapenv:Header/>
    <soapenv:Body>
        <v1:exportDossierRequest>
            <v1:messageContext>
                <v11:messageId>${=import static java.util.UUID.randomUUID; uuid = randomUUID() as String}</v11:messageId>
                <v11:timestamp>${=new java.text.SimpleDateFormat("yyyy-MM-dd'T'HH:mm:ss.SSS").format(new Date())}</v11:timestamp>
            </v1:messageContext>
            <v1:legalContext>ServiceIntegrator</v1:legalContext>
            <v1:request>
                <dos:dossier>
                    <dos:language>FR</dos:language>
                    <dos:fiscalYear>2015</dos:fiscalYear>
                    <dos:initialService>
                        <com:technicalReference>11223344</com:technicalReference>
                        <com:type>AAF</com:type>				
                        <!-- the "REFERENCE" is used by the SPF Finance to create a new legal dispute on the
						SPF data base. To have a "success" as a response, you have to 
						change this parameter every request. -->
                        <com:reference>CF55571</com:reference>
                        <com:complaintType>MS</com:complaintType>
                        <com:registerArticle>1</com:registerArticle>
                        <com:dateInitialService>2017-01-10+01:00</com:dateInitialService>
                        <com:nameContact>PME047 Testuser</com:nameContact>
                        <com:emailContact>testuser.pme047@guest.minfin.fed.be</com:emailContact>
                        <com:remark>none</com:remark>
                    </dos:initialService>
                    <dos:patrimonyInformation>
                        <dos:cadastralDivisionCode>21819</dos:cadastralDivisionCode>
                        <dos:articleNumber>14831</dos:articleNumber>
                    </dos:patrimonyInformation>
                    <dos:submitter>
                        <dos:person>
                            <dos:persIDF>000006141843</dos:persIDF>
                            <dos:firstname>PATRICK</dos:firstname>
                            <dos:lastname>DEWANDELEER</dos:lastname>
                        </dos:person>
                        <dos:address>
                            <com:street>Rue du Maraîcher, 5</com:street>
                            <com:zipCode>1082</com:zipCode>
                            <com:place>Berchem-Sainte-Agathe</com:place>
                        </dos:address>
                    </dos:submitter>
                </dos:dossier>
            </v1:request>
        </v1:exportDossierRequest>
    </soapenv:Body>
</soapenv:Envelope>]]></con:request><con:credentials><con:selectedAuthProfile>Basic</con:selectedAuthProfile><con:addedBasicAuthenticationTypes>Basic</con:addedBasicAuthenticationTypes><con:authType>Global HTTP Settings</con:authType></con:credentials><con:jmsConfig JMSDeliveryMode="PERSISTENT"/><con:jmsPropertyConfig/><con:wsaConfig mustUnderstand="NONE" version="200508" action="http://fidus.brussels/services/importtoregondesservice/importDossier"/><con:wsrmConfig version="1.2"/></con:call><con:call id="e237ebcb-fe95-482c-91a7-b9f87970b432" name="2 - DEV - Request - Success" incomingWss="Inflow DEV" outgoingWss="Outflow DEV"><con:settings><con:setting id="com.eviware.soapui.impl.wsdl.WsdlRequest@request-headers">&lt;xml-fragment/></con:setting></con:settings><con:encoding>UTF-8</con:encoding><con:endpoint>https://192.168.36.61:8243/services/ImportToRegondesService_v1.0</con:endpoint><con:request><![CDATA[<soapenv:Envelope xmlns:soapenv="http://schemas.xmlsoap.org/soap/envelope/" xmlns:v1="http://fidus.brussels/service/importtoregondesservice/messages/v1" xmlns:v11="http://fidus.brussels/type/common/messages/v1" xmlns:dos="http://www.minfin.fgov.be/regondes2/extern/taxservice/imports/dossier" xmlns:com="http://www.minfin.fgov.be/regondes2/extern/taxservice/common" >
    <soapenv:Header/>
    <soapenv:Body>
        <v1:exportDossierRequest>
            <v1:messageContext>
                <v11:messageId>${=import static java.util.UUID.randomUUID; uuid = randomUUID() as String}</v11:messageId>
                <v11:timestamp>${=new java.text.SimpleDateFormat("yyyy-MM-dd'T'HH:mm:ss.SSS").format(new Date())}</v11:timestamp>
            </v1:messageContext>
            <v1:legalContext>ServiceIntegrator</v1:legalContext>
            <v1:request>
                <dos:dossier>
                    <dos:language>FR</dos:language>
                    <dos:fiscalYear>2015</dos:fiscalYear>
                    <dos:initialService>
                        <com:technicalReference>11223344</com:technicalReference>
                        <com:type>AAF</com:type>				
                        <!-- the "REFERENCE" is used by the SPF Finance to create a new legal dispute on the
						SPF data base. To have a "success" as a response, you have to 
						change this parameter every request. -->
                        <com:reference>CF55571</com:reference>
                        <com:complaintType>MS</com:complaintType>
                        <com:registerArticle>1</com:registerArticle>
                        <com:dateInitialService>2017-01-10+01:00</com:dateInitialService>
                        <com:nameContact>PME047 Testuser</com:nameContact>
                        <com:emailContact>testuser.pme047@guest.minfin.fed.be</com:emailContact>
                        <com:remark>none</com:remark>
                    </dos:initialService>
                    <dos:patrimonyInformation>
                        <dos:cadastralDivisionCode>21819</dos:cadastralDivisionCode>
                        <dos:articleNumber>14831</dos:articleNumber>
                    </dos:patrimonyInformation>
                    <dos:submitter>
                        <dos:person>
                            <dos:persIDF>000006141843</dos:persIDF>
                            <dos:firstname>PATRICK</dos:firstname>
                            <dos:lastname>DEWANDELEER</dos:lastname>
                        </dos:person>
                        <dos:address>
                            <com:street>Rue du Maraîcher, 5</com:street>
                            <com:zipCode>1082</com:zipCode>
                            <com:place>Berchem-Sainte-Agathe</com:place>
                        </dos:address>
                    </dos:submitter>
                </dos:dossier>
            </v1:request>
        </v1:exportDossierRequest>
    </soapenv:Body>
</soapenv:Envelope>]]></con:request><con:credentials><con:selectedAuthProfile>Basic</con:selectedAuthProfile><con:addedBasicAuthenticationTypes>Basic</con:addedBasicAuthenticationTypes><con:authType>Global HTTP Settings</con:authType></con:credentials><con:jmsConfig JMSDeliveryMode="PERSISTENT"/><con:jmsPropertyConfig/><con:wsaConfig mustUnderstand="NONE" version="200508" action="http://fidus.brussels/services/importtoregondesservice/importDossier"/><con:wsrmConfig version="1.2"/></con:call><con:call id="d202b1eb-368f-4661-a273-9f2bdefec566" name="3 - Test - LB - Request" outgoingWss="Outflow TEST" incomingWss="Inflow TEST"><con:settings><con:setting id="com.eviware.soapui.impl.wsdl.WsdlRequest@request-headers">&lt;xml-fragment/></con:setting></con:settings><con:encoding>UTF-8</con:encoding><con:endpoint>https://esb-security-gw.sta.srv.cirb.lan:8443/services/ImportToRegondesService_v1.0</con:endpoint><con:request><![CDATA[<soapenv:Envelope xmlns:soapenv="http://schemas.xmlsoap.org/soap/envelope/" xmlns:v1="http://fidus.brussels/service/importtoregondesservice/messages/v1" xmlns:v11="http://fidus.brussels/type/common/messages/v1" xmlns:dos="http://www.minfin.fgov.be/regondes2/extern/taxservice/imports/dossier" xmlns:com="http://www.minfin.fgov.be/regondes2/extern/taxservice/common" >
    <soapenv:Header/>
    <soapenv:Body>
        <v1:exportDossierRequest>
            <v1:messageContext>
                <v11:messageId>${=import static java.util.UUID.randomUUID; uuid = randomUUID() as String}</v11:messageId>
                <v11:timestamp>${=new java.text.SimpleDateFormat("yyyy-MM-dd'T'HH:mm:ss.SSS").format(new Date())}</v11:timestamp>
            </v1:messageContext>
            <v1:legalContext>ServiceIntegrator</v1:legalContext>
            <v1:request>
                <dos:dossier>
                    <dos:language>FR</dos:language>
                    <dos:fiscalYear>2015</dos:fiscalYear>
                    <dos:initialService>
                        <com:technicalReference>11223344</com:technicalReference>
                        <com:type>AAF</com:type>				
                        <!-- the "REFERENCE" is used by the SPF Finance to create a new legal dispute on the
						SPF data base. To have a "success" as a response, you have to 
						change this parameter every request. -->
                        <com:reference>CF55571</com:reference>
                        <com:complaintType>MS</com:complaintType>
                        <com:registerArticle>1</com:registerArticle>
                        <com:dateInitialService>2017-01-10+01:00</com:dateInitialService>
                        <com:nameContact>PME047 Testuser</com:nameContact>
                        <com:emailContact>testuser.pme047@guest.minfin.fed.be</com:emailContact>
                        <com:remark>none</com:remark>
                    </dos:initialService>
                    <dos:patrimonyInformation>
                        <dos:cadastralDivisionCode>21819</dos:cadastralDivisionCode>
                        <dos:articleNumber>14831</dos:articleNumber>
                    </dos:patrimonyInformation>
                    <dos:submitter>
                        <dos:person>
                            <dos:persIDF>000006141843</dos:persIDF>
                            <dos:firstname>PATRICK</dos:firstname>
                            <dos:lastname>DEWANDELEER</dos:lastname>
                        </dos:person>
                        <dos:address>
                            <com:street>Rue du Maraîcher, 5</com:street>
                            <com:zipCode>1082</com:zipCode>
                            <com:place>Berchem-Sainte-Agathe</com:place>
                        </dos:address>
                    </dos:submitter>
                </dos:dossier>
            </v1:request>
        </v1:exportDossierRequest>
    </soapenv:Body>
</soapenv:Envelope>]]></con:request><con:credentials><con:selectedAuthProfile>Basic</con:selectedAuthProfile><con:addedBasicAuthenticationTypes>Basic</con:addedBasicAuthenticationTypes><con:authType>Global HTTP Settings</con:authType></con:credentials><con:jmsConfig JMSDeliveryMode="PERSISTENT"/><con:jmsPropertyConfig/><con:wsaConfig mustUnderstand="NONE" version="200508" action="http://fidus.brussels/services/importtoregondesservice/importDossier"/><con:wsrmConfig version="1.2"/></con:call><con:call id="2bf32bdc-b6df-486b-ba68-4d636deea028" name="3 - Test - Worker1 - Request" incomingWss="Inflow TEST" outgoingWss="Outflow TEST"><con:settings><con:setting id="com.eviware.soapui.impl.wsdl.WsdlRequest@request-headers">&lt;xml-fragment/></con:setting></con:settings><con:encoding>UTF-8</con:encoding><con:endpoint>https://192.168.22.53:8443/services/ImportToRegondesService_v1.0</con:endpoint><con:request><![CDATA[<soapenv:Envelope xmlns:soapenv="http://schemas.xmlsoap.org/soap/envelope/" xmlns:v1="http://fidus.brussels/service/importtoregondesservice/messages/v1" xmlns:v11="http://fidus.brussels/type/common/messages/v1" xmlns:dos="http://www.minfin.fgov.be/regondes2/extern/taxservice/imports/dossier" xmlns:com="http://www.minfin.fgov.be/regondes2/extern/taxservice/common" >
    <soapenv:Header/>
    <soapenv:Body>
        <v1:exportDossierRequest>
            <v1:messageContext>
                <v11:messageId>${=import static java.util.UUID.randomUUID; uuid = randomUUID() as String}</v11:messageId>
                <v11:timestamp>${=new java.text.SimpleDateFormat("yyyy-MM-dd'T'HH:mm:ss.SSS").format(new Date())}</v11:timestamp>
            </v1:messageContext>
            <v1:legalContext>ServiceIntegrator</v1:legalContext>
            <v1:request>
                <dos:dossier>
                    <dos:language>FR</dos:language>
                    <dos:fiscalYear>2015</dos:fiscalYear>
                    <dos:initialService>
                        <com:technicalReference>11223354</com:technicalReference>
                        <com:type>AAF</com:type>				
                        <!-- the "REFERENCE" is used by the SPF Finance to create a new legal dispute on the
						SPF data base. To have a "success" as a response, you have to 
						change this parameter every request. -->
                        <com:reference>CF55571</com:reference>
                        <com:complaintType>MS</com:complaintType>
                        <com:registerArticle>1</com:registerArticle>
                        <com:dateInitialService>2017-01-10+01:00</com:dateInitialService>
                        <com:nameContact>PME047 Testuser</com:nameContact>
                        <com:emailContact>testuser.pme047@guest.minfin.fed.be</com:emailContact>
                        <com:remark>none</com:remark>
                    </dos:initialService>
                    <dos:patrimonyInformation>
                        <dos:cadastralDivisionCode>21819</dos:cadastralDivisionCode>
                        <dos:articleNumber>14831</dos:articleNumber>
                    </dos:patrimonyInformation>
                    <dos:submitter>
                        <dos:person>
                            <dos:persIDF>000006141843</dos:persIDF>
                            <dos:firstname>PATRICK</dos:firstname>
                            <dos:lastname>DEWANDELEER</dos:lastname>
                        </dos:person>
                        <dos:address>
                            <com:street>Rue du Maraîcher, 5</com:street>
                            <com:zipCode>1082</com:zipCode>
                            <com:place>Berchem-Sainte-Agathe</com:place>
                        </dos:address>
                    </dos:submitter>
                </dos:dossier>
            </v1:request>
        </v1:exportDossierRequest>
    </soapenv:Body>
</soapenv:Envelope>]]></con:request><con:credentials><con:selectedAuthProfile>Basic</con:selectedAuthProfile><con:addedBasicAuthenticationTypes>Basic</con:addedBasicAuthenticationTypes><con:authType>Global HTTP Settings</con:authType></con:credentials><con:jmsConfig JMSDeliveryMode="PERSISTENT"/><con:jmsPropertyConfig/><con:wsaConfig mustUnderstand="NONE" version="200508" action="http://fidus.brussels/services/importtoregondesservice/importDossier"/><con:wsrmConfig version="1.2"/></con:call><con:call id="3224a4aa-a0f2-4d40-b408-e9e69d81777b" name="3 - Test - Worker2 - Request" incomingWss="Inflow TEST" outgoingWss="Outflow TEST"><con:settings><con:setting id="com.eviware.soapui.impl.wsdl.WsdlRequest@request-headers">&lt;xml-fragment/></con:setting></con:settings><con:encoding>UTF-8</con:encoding><con:endpoint>https://192.168.22.54:8443/services/ImportToRegondesService_v1.0</con:endpoint><con:request><![CDATA[<soapenv:Envelope xmlns:soapenv="http://schemas.xmlsoap.org/soap/envelope/" xmlns:v1="http://fidus.brussels/service/importtoregondesservice/messages/v1" xmlns:v11="http://fidus.brussels/type/common/messages/v1" xmlns:dos="http://www.minfin.fgov.be/regondes2/extern/taxservice/imports/dossier" xmlns:com="http://www.minfin.fgov.be/regondes2/extern/taxservice/common" >
    <soapenv:Header/>
    <soapenv:Body>
        <v1:exportDossierRequest>
            <v1:messageContext>
                <v11:messageId>${=import static java.util.UUID.randomUUID; uuid = randomUUID() as String}</v11:messageId>
                <v11:timestamp>${=new java.text.SimpleDateFormat("yyyy-MM-dd'T'HH:mm:ss.SSS").format(new Date())}</v11:timestamp>
            </v1:messageContext>
            <v1:legalContext>ServiceIntegrator</v1:legalContext>
            <v1:request>
                <dos:dossier>
                    <dos:language>FR</dos:language>
                    <dos:fiscalYear>2015</dos:fiscalYear>
                    <dos:initialService>
                        <com:technicalReference>11223344</com:technicalReference>
                        <com:type>AAF</com:type>				
                        <!-- the "REFERENCE" is used by the SPF Finance to create a new legal dispute on the
						SPF data base. To have a "success" as a response, you have to 
						change this parameter every request. -->
                        <com:reference>CF55571</com:reference>
                        <com:complaintType>MS</com:complaintType>
                        <com:registerArticle>1</com:registerArticle>
                        <com:dateInitialService>2017-01-10+01:00</com:dateInitialService>
                        <com:nameContact>PME047 Testuser</com:nameContact>
                        <com:emailContact>testuser.pme047@guest.minfin.fed.be</com:emailContact>
                        <com:remark>none</com:remark>
                    </dos:initialService>
                    <dos:patrimonyInformation>
                        <dos:cadastralDivisionCode>21819</dos:cadastralDivisionCode>
                        <dos:articleNumber>14831</dos:articleNumber>
                    </dos:patrimonyInformation>
                    <dos:submitter>
                        <dos:person>
                            <dos:persIDF>000006141843</dos:persIDF>
                            <dos:firstname>PATRICK</dos:firstname>
                            <dos:lastname>DEWANDELEER</dos:lastname>
                        </dos:person>
                        <dos:address>
                            <com:street>Rue du Maraîcher, 5</com:street>
                            <com:zipCode>1082</com:zipCode>
                            <com:place>Berchem-Sainte-Agathe</com:place>
                        </dos:address>
                    </dos:submitter>
                </dos:dossier>
            </v1:request>
        </v1:exportDossierRequest>
    </soapenv:Body>
</soapenv:Envelope>]]></con:request><con:credentials><con:selectedAuthProfile>Basic</con:selectedAuthProfile><con:addedBasicAuthenticationTypes>Basic</con:addedBasicAuthenticationTypes><con:authType>Global HTTP Settings</con:authType></con:credentials><con:jmsConfig JMSDeliveryMode="PERSISTENT"/><con:jmsPropertyConfig/><con:wsaConfig mustUnderstand="NONE" version="200508" action="http://fidus.brussels/services/importtoregondesservice/importDossier"/><con:wsrmConfig version="1.2"/></con:call><con:call id="46dc44f0-d78e-4e63-be1c-b89b5af3b864" name="4 - Staging - Worker1 - Request" incomingWss="Inflow STAGING" outgoingWss="Outflow STAGING"><con:settings><con:setting id="com.eviware.soapui.impl.wsdl.WsdlRequest@request-headers">&lt;xml-fragment/></con:setting></con:settings><con:encoding>UTF-8</con:encoding><con:endpoint>https://192.168.24.16:8443/services/ImportToRegondesService_v1.0</con:endpoint><con:request><![CDATA[<soapenv:Envelope xmlns:soapenv="http://schemas.xmlsoap.org/soap/envelope/" xmlns:v1="http://fidus.brussels/service/importtoregondesservice/messages/v1" xmlns:v11="http://fidus.brussels/type/common/messages/v1" xmlns:dos="http://www.minfin.fgov.be/regondes2/extern/taxservice/imports/dossier" xmlns:com="http://www.minfin.fgov.be/regondes2/extern/taxservice/common" >
    <soapenv:Header/>
    <soapenv:Body>
        <v1:exportDossierRequest>
            <v1:messageContext>
                <v11:messageId>${=import static java.util.UUID.randomUUID; uuid = randomUUID() as String}</v11:messageId>
                <v11:timestamp>${=new java.text.SimpleDateFormat("yyyy-MM-dd'T'HH:mm:ss.SSS").format(new Date())}</v11:timestamp>
            </v1:messageContext>
            <v1:legalContext>ServiceIntegrator</v1:legalContext>
            <v1:request>
                <dos:dossier>
                    <dos:language>FR</dos:language>
                    <dos:fiscalYear>2015</dos:fiscalYear>
                    <dos:initialService>
                        <com:technicalReference>11223344</com:technicalReference>
                        <com:type>AAF</com:type>				
                        <!-- the "REFERENCE" is used by the SPF Finance to create a new legal dispute on the
						SPF data base. To have a "success" as a response, you have to 
						change this parameter every request. -->
                        <com:reference>CF55571</com:reference>
                        <com:complaintType>MS</com:complaintType>
                        <com:registerArticle>1</com:registerArticle>
                        <com:dateInitialService>2017-01-10+01:00</com:dateInitialService>
                        <com:nameContact>PME047 Testuser</com:nameContact>
                        <com:emailContact>testuser.pme047@guest.minfin.fed.be</com:emailContact>
                        <com:remark>none</com:remark>
                    </dos:initialService>
                    <dos:patrimonyInformation>
                        <dos:cadastralDivisionCode>21819</dos:cadastralDivisionCode>
                        <dos:articleNumber>14831</dos:articleNumber>
                    </dos:patrimonyInformation>
                    <dos:submitter>
                        <dos:person>
                            <dos:persIDF>000006141843</dos:persIDF>
                            <dos:firstname>PATRICK</dos:firstname>
                            <dos:lastname>DEWANDELEER</dos:lastname>
                        </dos:person>
                        <dos:address>
                            <com:street>Rue du Maraîcher, 5</com:street>
                            <com:zipCode>1082</com:zipCode>
                            <com:place>Berchem-Sainte-Agathe</com:place>
                        </dos:address>
                    </dos:submitter>
                </dos:dossier>
            </v1:request>
        </v1:exportDossierRequest>
    </soapenv:Body>
</soapenv:Envelope>]]></con:request><con:credentials><con:selectedAuthProfile>Basic</con:selectedAuthProfile><con:addedBasicAuthenticationTypes>Basic</con:addedBasicAuthenticationTypes><con:authType>Global HTTP Settings</con:authType></con:credentials><con:jmsConfig JMSDeliveryMode="PERSISTENT"/><con:jmsPropertyConfig/><con:wsaConfig mustUnderstand="NONE" version="200508" action="http://fidus.brussels/services/importtoregondesservice/importDossier"/><con:wsrmConfig version="1.2"/></con:call><con:call id="14fc4df2-3b5a-4eb0-975d-eef5bbf56336" name="4 - Staging - Worker2 - Request" incomingWss="Inflow STAGING" outgoingWss="Outflow STAGING"><con:settings><con:setting id="com.eviware.soapui.impl.wsdl.WsdlRequest@request-headers">&lt;xml-fragment/></con:setting></con:settings><con:encoding>UTF-8</con:encoding><con:endpoint>https://192.168.24.17:8443/services/ImportToRegondesService_v1.0</con:endpoint><con:request><![CDATA[<soapenv:Envelope xmlns:soapenv="http://schemas.xmlsoap.org/soap/envelope/" xmlns:v1="http://fidus.brussels/service/importtoregondesservice/messages/v1" xmlns:v11="http://fidus.brussels/type/common/messages/v1" xmlns:dos="http://www.minfin.fgov.be/regondes2/extern/taxservice/imports/dossier" xmlns:com="http://www.minfin.fgov.be/regondes2/extern/taxservice/common" >
    <soapenv:Header/>
    <soapenv:Body>
        <v1:exportDossierRequest>
            <v1:messageContext>
                <v11:messageId>${=import static java.util.UUID.randomUUID; uuid = randomUUID() as String}</v11:messageId>
                <v11:timestamp>${=new java.text.SimpleDateFormat("yyyy-MM-dd'T'HH:mm:ss.SSS").format(new Date())}</v11:timestamp>
            </v1:messageContext>
            <v1:legalContext>ServiceIntegrator</v1:legalContext>
            <v1:request>
                <dos:dossier>
                    <dos:language>FR</dos:language>
                    <dos:fiscalYear>2015</dos:fiscalYear>
                    <dos:initialService>
                        <com:technicalReference>11223344</com:technicalReference>
                        <com:type>AAF</com:type>				
                        <!-- the "REFERENCE" is used by the SPF Finance to create a new legal dispute on the
						SPF data base. To have a "success" as a response, you have to 
						change this parameter every request. -->
                        <com:reference>CF55571</com:reference>
                        <com:complaintType>MS</com:complaintType>
                        <com:registerArticle>1</com:registerArticle>
                        <com:dateInitialService>2017-01-10+01:00</com:dateInitialService>
                        <com:nameContact>PME047 Testuser</com:nameContact>
                        <com:emailContact>testuser.pme047@guest.minfin.fed.be</com:emailContact>
                        <com:remark>none</com:remark>
                    </dos:initialService>
                    <dos:patrimonyInformation>
                        <dos:cadastralDivisionCode>21819</dos:cadastralDivisionCode>
                        <dos:articleNumber>14831</dos:articleNumber>
                    </dos:patrimonyInformation>
                    <dos:submitter>
                        <dos:person>
                            <dos:persIDF>000006141843</dos:persIDF>
                            <dos:firstname>PATRICK</dos:firstname>
                            <dos:lastname>DEWANDELEER</dos:lastname>
                        </dos:person>
                        <dos:address>
                            <com:street>Rue du Maraîcher, 5</com:street>
                            <com:zipCode>1082</com:zipCode>
                            <com:place>Berchem-Sainte-Agathe</com:place>
                        </dos:address>
                    </dos:submitter>
                </dos:dossier>
            </v1:request>
        </v1:exportDossierRequest>
    </soapenv:Body>
</soapenv:Envelope>]]></con:request><con:credentials><con:selectedAuthProfile>Basic</con:selectedAuthProfile><con:addedBasicAuthenticationTypes>Basic</con:addedBasicAuthenticationTypes><con:authType>Global HTTP Settings</con:authType></con:credentials><con:jmsConfig JMSDeliveryMode="PERSISTENT"/><con:jmsPropertyConfig/><con:wsaConfig mustUnderstand="NONE" version="200508" action="http://fidus.brussels/services/importtoregondesservice/importDossier"/><con:wsrmConfig version="1.2"/></con:call><con:call id="b7fd3745-171a-4cc5-b0df-f20a37a071ef" name="4 - Staging - LB - Request" incomingWss="Inflow STAGING" outgoingWss="Outflow STAGING"><con:settings><con:setting id="com.eviware.soapui.impl.wsdl.WsdlRequest@request-headers">&lt;xml-fragment/></con:setting></con:settings><con:encoding>UTF-8</con:encoding><con:endpoint>https://fidus-esb-sg.sta.srv.cirb.lan:8443/services/ImportToRegondesService_v1.0</con:endpoint><con:request><![CDATA[<soapenv:Envelope xmlns:soapenv="http://schemas.xmlsoap.org/soap/envelope/" xmlns:v1="http://fidus.brussels/service/importtoregondesservice/messages/v1" xmlns:v11="http://fidus.brussels/type/common/messages/v1" xmlns:dos="http://www.minfin.fgov.be/regondes2/extern/taxservice/imports/dossier" xmlns:com="http://www.minfin.fgov.be/regondes2/extern/taxservice/common" >
    <soapenv:Header/>
    <soapenv:Body>
        <v1:exportDossierRequest>
            <v1:messageContext>
                <v11:messageId>${=import static java.util.UUID.randomUUID; uuid = randomUUID() as String}</v11:messageId>
                <v11:timestamp>${=new java.text.SimpleDateFormat("yyyy-MM-dd'T'HH:mm:ss.SSS").format(new Date())}</v11:timestamp>
            </v1:messageContext>
            <v1:legalContext>ServiceIntegrator</v1:legalContext>
            <v1:request>
                <dos:dossier>
                    <dos:language>FR</dos:language>
                    <dos:fiscalYear>2015</dos:fiscalYear>
                    <dos:initialService>
                        <com:technicalReference>11223344</com:technicalReference>
                        <com:type>AAF</com:type>				
                        <!-- the "REFERENCE" is used by the SPF Finance to create a new legal dispute on the
						SPF data base. To have a "success" as a response, you have to 
						change this parameter every request. -->
                        <com:reference>CF55571</com:reference>
                        <com:complaintType>MS</com:complaintType>
                        <com:registerArticle>1</com:registerArticle>
                        <com:dateInitialService>2017-01-10+01:00</com:dateInitialService>
                        <com:nameContact>PME047 Testuser</com:nameContact>
                        <com:emailContact>testuser.pme047@guest.minfin.fed.be</com:emailContact>
                        <com:remark>none</com:remark>
                    </dos:initialService>
                    <dos:patrimonyInformation>
                        <dos:cadastralDivisionCode>21819</dos:cadastralDivisionCode>
                        <dos:articleNumber>14831</dos:articleNumber>
                    </dos:patrimonyInformation>
                    <dos:submitter>
                        <dos:person>
                            <dos:persIDF>000006141843</dos:persIDF>
                            <dos:firstname>PATRICK</dos:firstname>
                            <dos:lastname>DEWANDELEER</dos:lastname>
                        </dos:person>
                        <dos:address>
                            <com:street>Rue du Maraîcher, 5</com:street>
                            <com:zipCode>1082</com:zipCode>
                            <com:place>Berchem-Sainte-Agathe</com:place>
                        </dos:address>
                    </dos:submitter>
                </dos:dossier>
            </v1:request>
        </v1:exportDossierRequest>
    </soapenv:Body>
</soapenv:Envelope>]]></con:request><con:credentials><con:selectedAuthProfile>Basic</con:selectedAuthProfile><con:addedBasicAuthenticationTypes>Basic</con:addedBasicAuthenticationTypes><con:authType>Global HTTP Settings</con:authType></con:credentials><con:jmsConfig JMSDeliveryMode="PERSISTENT"/><con:jmsPropertyConfig/><con:wsaConfig mustUnderstand="NONE" version="200508" action="http://fidus.brussels/services/importtoregondesservice/importDossier"/><con:wsrmConfig version="1.2"/></con:call><con:call id="ab30ec25-f87c-460c-b56d-0ae832a41f8d" name="5 - Prod - Worker1 - Request" incomingWss="Inflow PROD" outgoingWss="Outflow PROD"><con:settings><con:setting id="com.eviware.soapui.impl.wsdl.WsdlRequest@request-headers">&lt;xml-fragment/></con:setting></con:settings><con:encoding>UTF-8</con:encoding><con:endpoint>https://192.168.26.22:8443/services/ImportToRegondesService_v1.0</con:endpoint><con:request><![CDATA[<soapenv:Envelope xmlns:soapenv="http://schemas.xmlsoap.org/soap/envelope/" xmlns:v1="http://fidus.brussels/service/importtoregondesservice/messages/v1" xmlns:v11="http://fidus.brussels/type/common/messages/v1" xmlns:dos="http://www.minfin.fgov.be/regondes2/extern/taxservice/imports/dossier" xmlns:com="http://www.minfin.fgov.be/regondes2/extern/taxservice/common" >
    <soapenv:Header/>
    <soapenv:Body>
        <v1:exportDossierRequest>
            <v1:messageContext>
                <v11:messageId>${=import static java.util.UUID.randomUUID; uuid = randomUUID() as String}</v11:messageId>
                <v11:timestamp>${=new java.text.SimpleDateFormat("yyyy-MM-dd'T'HH:mm:ss.SSS").format(new Date())}</v11:timestamp>
            </v1:messageContext>
            <v1:legalContext>ServiceIntegrator</v1:legalContext>
            <v1:request>
                <dos:dossier>
                    <dos:language>FR</dos:language>
                    <dos:fiscalYear>2015</dos:fiscalYear>
                    <dos:initialService>
                        <com:technicalReference>11223344</com:technicalReference>
                        <com:type>AAF</com:type>				
                        <!-- the "REFERENCE" is used by the SPF Finance to create a new legal dispute on the
						SPF data base. To have a "success" as a response, you have to 
						change this parameter every request. -->
                        <com:reference>CF55571</com:reference>
                        <com:complaintType>MS</com:complaintType>
                        <com:registerArticle>1</com:registerArticle>
                        <com:dateInitialService>2017-01-10+01:00</com:dateInitialService>
                        <com:nameContact>PME047 Testuser</com:nameContact>
                        <com:emailContact>testuser.pme047@guest.minfin.fed.be</com:emailContact>
                        <com:remark>none</com:remark>
                    </dos:initialService>
                    <dos:patrimonyInformation>
                        <dos:cadastralDivisionCode>21819</dos:cadastralDivisionCode>
                        <dos:articleNumber>14831</dos:articleNumber>
                    </dos:patrimonyInformation>
                    <dos:submitter>
                        <dos:person>
                            <dos:persIDF>000006141843</dos:persIDF>
                            <dos:firstname>PATRICK</dos:firstname>
                            <dos:lastname>DEWANDELEER</dos:lastname>
                        </dos:person>
                        <dos:address>
                            <com:street>Rue du Maraîcher, 5</com:street>
                            <com:zipCode>1082</com:zipCode>
                            <com:place>Berchem-Sainte-Agathe</com:place>
                        </dos:address>
                    </dos:submitter>
                </dos:dossier>
            </v1:request>
        </v1:exportDossierRequest>
    </soapenv:Body>
</soapenv:Envelope>]]></con:request><con:credentials><con:selectedAuthProfile>Basic</con:selectedAuthProfile><con:addedBasicAuthenticationTypes>Basic</con:addedBasicAuthenticationTypes><con:authType>Global HTTP Settings</con:authType></con:credentials><con:jmsConfig JMSDeliveryMode="PERSISTENT"/><con:jmsPropertyConfig/><con:wsaConfig mustUnderstand="NONE" version="200508" action="http://fidus.brussels/services/importtoregondesservice/importDossier"/><con:wsrmConfig version="1.2"/></con:call><con:call id="a2de433a-1275-4e3c-b9fb-f9ba90477307" name="5 - Prod - Worker2 - Request" incomingWss="Inflow PROD" outgoingWss="Outflow PROD"><con:settings><con:setting id="com.eviware.soapui.impl.wsdl.WsdlRequest@request-headers">&lt;xml-fragment/></con:setting></con:settings><con:encoding>UTF-8</con:encoding><con:endpoint>https://192.168.26.19:8443/services/ImportToRegondesService_v1.0</con:endpoint><con:request><![CDATA[<soapenv:Envelope xmlns:soapenv="http://schemas.xmlsoap.org/soap/envelope/" xmlns:v1="http://fidus.brussels/service/importtoregondesservice/messages/v1" xmlns:v11="http://fidus.brussels/type/common/messages/v1" xmlns:dos="http://www.minfin.fgov.be/regondes2/extern/taxservice/imports/dossier" xmlns:com="http://www.minfin.fgov.be/regondes2/extern/taxservice/common" >
    <soapenv:Header/>
    <soapenv:Body>
        <v1:exportDossierRequest>
            <v1:messageContext>
                <v11:messageId>${=import static java.util.UUID.randomUUID; uuid = randomUUID() as String}</v11:messageId>
                <v11:timestamp>${=new java.text.SimpleDateFormat("yyyy-MM-dd'T'HH:mm:ss.SSS").format(new Date())}</v11:timestamp>
            </v1:messageContext>
            <v1:legalContext>ServiceIntegrator</v1:legalContext>
            <v1:request>
                <dos:dossier>
                    <dos:language>FR</dos:language>
                    <dos:fiscalYear>2015</dos:fiscalYear>
                    <dos:initialService>
                        <com:technicalReference>11223344</com:technicalReference>
                        <com:type>AAF</com:type>				
                        <!-- the "REFERENCE" is used by the SPF Finance to create a new legal dispute on the
						SPF data base. To have a "success" as a response, you have to 
						change this parameter every request. -->
                        <com:reference>CF55571</com:reference>
                        <com:complaintType>MS</com:complaintType>
                        <com:registerArticle>1</com:registerArticle>
                        <com:dateInitialService>2017-01-10+01:00</com:dateInitialService>
                        <com:nameContact>PME047 Testuser</com:nameContact>
                        <com:emailContact>testuser.pme047@guest.minfin.fed.be</com:emailContact>
                        <com:remark>none</com:remark>
                    </dos:initialService>
                    <dos:patrimonyInformation>
                        <dos:cadastralDivisionCode>21819</dos:cadastralDivisionCode>
                        <dos:articleNumber>14831</dos:articleNumber>
                    </dos:patrimonyInformation>
                    <dos:submitter>
                        <dos:person>
                            <dos:persIDF>000006141843</dos:persIDF>
                            <dos:firstname>PATRICK</dos:firstname>
                            <dos:lastname>DEWANDELEER</dos:lastname>
                        </dos:person>
                        <dos:address>
                            <com:street>Rue du Maraîcher, 5</com:street>
                            <com:zipCode>1082</com:zipCode>
                            <com:place>Berchem-Sainte-Agathe</com:place>
                        </dos:address>
                    </dos:submitter>
                </dos:dossier>
            </v1:request>
        </v1:exportDossierRequest>
    </soapenv:Body>
</soapenv:Envelope>]]></con:request><con:credentials><con:selectedAuthProfile>Basic</con:selectedAuthProfile><con:addedBasicAuthenticationTypes>Basic</con:addedBasicAuthenticationTypes><con:authType>Global HTTP Settings</con:authType></con:credentials><con:jmsConfig JMSDeliveryMode="PERSISTENT"/><con:jmsPropertyConfig/><con:wsaConfig mustUnderstand="NONE" version="200508" action="http://fidus.brussels/services/importtoregondesservice/importDossier"/><con:wsrmConfig version="1.2"/></con:call><con:call id="07513612-37a0-4faf-86fe-b295c08420d1" name="5 - Prod - LB - Request" incomingWss="Inflow PROD" outgoingWss="Outflow PROD"><con:settings><con:setting id="com.eviware.soapui.impl.wsdl.WsdlRequest@request-headers">&lt;xml-fragment/></con:setting></con:settings><con:encoding>UTF-8</con:encoding><con:endpoint>https://fidus-esb-sg.prd.srv.cirb.lan:8443/services/ImportToRegondesService_v1.0</con:endpoint><con:request><![CDATA[<soapenv:Envelope xmlns:soapenv="http://schemas.xmlsoap.org/soap/envelope/" xmlns:v1="http://fidus.brussels/service/importtoregondesservice/messages/v1" xmlns:v11="http://fidus.brussels/type/common/messages/v1" xmlns:dos="http://www.minfin.fgov.be/regondes2/extern/taxservice/imports/dossier" xmlns:com="http://www.minfin.fgov.be/regondes2/extern/taxservice/common" >
    <soapenv:Header/>
    <soapenv:Body>
        <v1:exportDossierRequest>
            <v1:messageContext>
                <v11:messageId>${=import static java.util.UUID.randomUUID; uuid = randomUUID() as String}</v11:messageId>
                <v11:timestamp>${=new java.text.SimpleDateFormat("yyyy-MM-dd'T'HH:mm:ss.SSS").format(new Date())}</v11:timestamp>
            </v1:messageContext>
            <v1:legalContext>ServiceIntegrator</v1:legalContext>
            <v1:request>
                <dos:dossier>
                    <dos:language>FR</dos:language>
                    <dos:fiscalYear>2015</dos:fiscalYear>
                    <dos:initialService>
                        <com:technicalReference>11223344</com:technicalReference>
                        <com:type>AAF</com:type>				
                        <!-- the "REFERENCE" is used by the SPF Finance to create a new legal dispute on the
						SPF data base. To have a "success" as a response, you have to 
						change this parameter every request. -->
                        <com:reference>CF55571</com:reference>
                        <com:complaintType>MS</com:complaintType>
                        <com:registerArticle>1</com:registerArticle>
                        <com:dateInitialService>2017-01-10+01:00</com:dateInitialService>
                        <com:nameContact>PME047 Testuser</com:nameContact>
                        <com:emailContact>testuser.pme047@guest.minfin.fed.be</com:emailContact>
                        <com:remark>none</com:remark>
                    </dos:initialService>
                    <dos:patrimonyInformation>
                        <dos:cadastralDivisionCode>21819</dos:cadastralDivisionCode>
                        <dos:articleNumber>14831</dos:articleNumber>
                    </dos:patrimonyInformation>
                    <dos:submitter>
                        <dos:person>
                            <dos:persIDF>000006141843</dos:persIDF>
                            <dos:firstname>PATRICK</dos:firstname>
                            <dos:lastname>DEWANDELEER</dos:lastname>
                        </dos:person>
                        <dos:address>
                            <com:street>Rue du Maraîcher, 5</com:street>
                            <com:zipCode>1082</com:zipCode>
                            <com:place>Berchem-Sainte-Agathe</com:place>
                        </dos:address>
                    </dos:submitter>
                </dos:dossier>
            </v1:request>
        </v1:exportDossierRequest>
    </soapenv:Body>
</soapenv:Envelope>]]></con:request><con:credentials><con:selectedAuthProfile>Basic</con:selectedAuthProfile><con:addedBasicAuthenticationTypes>Basic</con:addedBasicAuthenticationTypes><con:authType>Global HTTP Settings</con:authType></con:credentials><con:jmsConfig JMSDeliveryMode="PERSISTENT"/><con:jmsPropertyConfig/><con:wsaConfig mustUnderstand="NONE" version="200508" action="http://fidus.brussels/services/importtoregondesservice/importDossier"/><con:wsrmConfig version="1.2"/></con:call><con:call id="842facd6-a165-4cf5-8475-85b43b6c9a20" name="5 - Prod - External - Request" incomingWss="Inflow PROD" outgoingWss="Outflow PROD"><con:settings><con:setting id="com.eviware.soapui.impl.wsdl.WsdlRequest@request-headers">&lt;xml-fragment/></con:setting></con:settings><con:encoding>UTF-8</con:encoding><con:endpoint>https://fidus.sec.brussels/services/ImportToRegondesService_v1.0</con:endpoint><con:request><![CDATA[<soapenv:Envelope xmlns:soapenv="http://schemas.xmlsoap.org/soap/envelope/" xmlns:v1="http://fidus.brussels/service/importtoregondesservice/messages/v1" xmlns:v11="http://fidus.brussels/type/common/messages/v1" xmlns:dos="http://www.minfin.fgov.be/regondes2/extern/taxservice/imports/dossier" xmlns:com="http://www.minfin.fgov.be/regondes2/extern/taxservice/common" >
    <soapenv:Header/>
    <soapenv:Body>
        <v1:exportDossierRequest>
            <v1:messageContext>
                <v11:messageId>${=import static java.util.UUID.randomUUID; uuid = randomUUID() as String}</v11:messageId>
                <v11:timestamp>${=new java.text.SimpleDateFormat("yyyy-MM-dd'T'HH:mm:ss.SSS").format(new Date())}</v11:timestamp>
            </v1:messageContext>
            <v1:legalContext>ServiceIntegrator</v1:legalContext>
            <v1:request>
                <dos:dossier>
                    <dos:language>FR</dos:language>
                    <dos:fiscalYear>2015</dos:fiscalYear>
                    <dos:initialService>
                        <com:technicalReference>11223344</com:technicalReference>
                        <com:type>AAF</com:type>				
                        <!-- the "REFERENCE" is used by the SPF Finance to create a new legal dispute on the
						SPF data base. To have a "success" as a response, you have to 
						change this parameter every request. -->
                        <com:reference>CF55571</com:reference>
                        <com:complaintType>MS</com:complaintType>
                        <com:registerArticle>1</com:registerArticle>
                        <com:dateInitialService>2017-01-10+01:00</com:dateInitialService>
                        <com:nameContact>PME047 Testuser</com:nameContact>
                        <com:emailContact>testuser.pme047@guest.minfin.fed.be</com:emailContact>
                        <com:remark>none</com:remark>
                    </dos:initialService>
                    <dos:patrimonyInformation>
                        <dos:cadastralDivisionCode>21819</dos:cadastralDivisionCode>
                        <dos:articleNumber>14831</dos:articleNumber>
                    </dos:patrimonyInformation>
                    <dos:submitter>
                        <dos:person>
                            <dos:persIDF>000006141843</dos:persIDF>
                            <dos:firstname>PATRICK</dos:firstname>
                            <dos:lastname>DEWANDELEER</dos:lastname>
                        </dos:person>
                        <dos:address>
                            <com:street>Rue du Maraîcher, 5</com:street>
                            <com:zipCode>1082</com:zipCode>
                            <com:place>Berchem-Sainte-Agathe</com:place>
                        </dos:address>
                    </dos:submitter>
                </dos:dossier>
            </v1:request>
        </v1:exportDossierRequest>
    </soapenv:Body>
</soapenv:Envelope>]]></con:request><con:credentials><con:selectedAuthProfile>Basic</con:selectedAuthProfile><con:addedBasicAuthenticationTypes>Basic</con:addedBasicAuthenticationTypes><con:authType>Global HTTP Settings</con:authType></con:credentials><con:jmsConfig JMSDeliveryMode="PERSISTENT"/><con:jmsPropertyConfig/><con:wsaConfig mustUnderstand="NONE" version="200508" action="http://fidus.brussels/services/importtoregondesservice/importDossier"/><con:wsrmConfig version="1.2"/></con:call><con:call id="60b3abd0-6cbf-45dc-9eaf-2263bc27befa" name="3 - Test - External - Request" incomingWss="Inflow TEST" outgoingWss="Outflow TEST"><con:settings><con:setting id="com.eviware.soapui.impl.wsdl.WsdlRequest@request-headers">&lt;xml-fragment/></con:setting></con:settings><con:encoding>UTF-8</con:encoding><con:endpoint>https://fidus-test.irisnetlab.be/services/ImportToRegondesService_v1.0</con:endpoint><con:request><![CDATA[<soapenv:Envelope xmlns:soapenv="http://schemas.xmlsoap.org/soap/envelope/" xmlns:v1="http://fidus.brussels/service/importtoregondesservice/messages/v1" xmlns:v11="http://fidus.brussels/type/common/messages/v1" xmlns:dos="http://www.minfin.fgov.be/regondes2/extern/taxservice/imports/dossier" xmlns:com="http://www.minfin.fgov.be/regondes2/extern/taxservice/common" >
    <soapenv:Header/>
    <soapenv:Body>
        <v1:exportDossierRequest>
            <v1:messageContext>
                <v11:messageId>${=import static java.util.UUID.randomUUID; uuid = randomUUID() as String}</v11:messageId>
                <v11:timestamp>${=new java.text.SimpleDateFormat("yyyy-MM-dd'T'HH:mm:ss.SSS").format(new Date())}</v11:timestamp>
            </v1:messageContext>
            <v1:legalContext>ServiceIntegrator</v1:legalContext>
            <v1:request>
                <dos:dossier>
                    <dos:language>FR</dos:language>
                    <dos:fiscalYear>2015</dos:fiscalYear>
                    <dos:initialService>
                        <com:technicalReference>11223344</com:technicalReference>
                        <com:type>AAF</com:type>				
                        <!-- the "REFERENCE" is used by the SPF Finance to create a new legal dispute on the
						SPF data base. To have a "success" as a response, you have to 
						change this parameter every request. -->
                        <com:reference>CF15571</com:reference>
                        <com:complaintType>MS</com:complaintType>
                        <com:registerArticle>1</com:registerArticle>
                        <com:dateInitialService>2017-01-10+01:00</com:dateInitialService>
                        <com:nameContact>PME047 Testuser</com:nameContact>
                        <com:emailContact>testuser.pme047@guest.minfin.fed.be</com:emailContact>
                        <com:remark>none</com:remark>
                    </dos:initialService>
                    <dos:patrimonyInformation>
                        <dos:cadastralDivisionCode>21819</dos:cadastralDivisionCode>
                        <dos:articleNumber>14831</dos:articleNumber>
                    </dos:patrimonyInformation>
                    <dos:submitter>
                        <dos:person>
                            <dos:persIDF>000006141843</dos:persIDF>
                            <dos:firstname>PATRICK</dos:firstname>
                            <dos:lastname>DEWANDELEER</dos:lastname>
                        </dos:person>
                        <dos:address>
                            <com:street>Rue du Maraîcher, 5</com:street>
                            <com:zipCode>1082</com:zipCode>
                            <com:place>Berchem-Sainte-Agathe</com:place>
                        </dos:address>
                    </dos:submitter>
                </dos:dossier>
            </v1:request>
        </v1:exportDossierRequest>
    </soapenv:Body>
</soapenv:Envelope>]]></con:request><con:credentials><con:selectedAuthProfile>Basic</con:selectedAuthProfile><con:addedBasicAuthenticationTypes>Basic</con:addedBasicAuthenticationTypes><con:authType>Global HTTP Settings</con:authType></con:credentials><con:jmsConfig JMSDeliveryMode="PERSISTENT"/><con:jmsPropertyConfig/><con:wsaConfig mustUnderstand="NONE" version="200508" action="http://fidus.brussels/services/importtoregondesservice/importDossier"/><con:wsrmConfig version="1.2"/></con:call><con:call id="137551d5-a332-4ccd-b70d-fc738d0d731b" name="4 - Staging - External - Request" incomingWss="Inflow STAGING" outgoingWss="Outflow STAGING"><con:settings><con:setting id="com.eviware.soapui.impl.wsdl.WsdlRequest@request-headers">&lt;xml-fragment/></con:setting></con:settings><con:encoding>UTF-8</con:encoding><con:endpoint>https://fidus.irisnetlab.be/services/ImportToRegondesService_v1.0</con:endpoint><con:request><![CDATA[<soapenv:Envelope xmlns:soapenv="http://schemas.xmlsoap.org/soap/envelope/" xmlns:v1="http://fidus.brussels/service/importtoregondesservice/messages/v1" xmlns:v11="http://fidus.brussels/type/common/messages/v1" xmlns:dos="http://www.minfin.fgov.be/regondes2/extern/taxservice/imports/dossier" xmlns:com="http://www.minfin.fgov.be/regondes2/extern/taxservice/common" >
    <soapenv:Header/>
    <soapenv:Body>
        <v1:exportDossierRequest>
            <v1:messageContext>
                <v11:messageId>${=import static java.util.UUID.randomUUID; uuid = randomUUID() as String}</v11:messageId>
                <v11:timestamp>${=new java.text.SimpleDateFormat("yyyy-MM-dd'T'HH:mm:ss.SSS").format(new Date())}</v11:timestamp>
            </v1:messageContext>
            <v1:legalContext>ServiceIntegrator</v1:legalContext>
            <v1:request>
                <dos:dossier>
                    <dos:language>FR</dos:language>
                    <dos:fiscalYear>2015</dos:fiscalYear>
                    <dos:initialService>
                        <com:technicalReference>11223344</com:technicalReference>
                        <com:type>AAF</com:type>				
                        <!-- the "REFERENCE" is used by the SPF Finance to create a new legal dispute on the
						SPF data base. To have a "success" as a response, you have to 
						change this parameter every request. -->
                        <com:reference>CF55571</com:reference>
                        <com:complaintType>MS</com:complaintType>
                        <com:registerArticle>1</com:registerArticle>
                        <com:dateInitialService>2017-01-10+01:00</com:dateInitialService>
                        <com:nameContact>PME047 Testuser</com:nameContact>
                        <com:emailContact>testuser.pme047@guest.minfin.fed.be</com:emailContact>
                        <com:remark>none</com:remark>
                    </dos:initialService>
                    <dos:patrimonyInformation>
                        <dos:cadastralDivisionCode>21819</dos:cadastralDivisionCode>
                        <dos:articleNumber>14831</dos:articleNumber>
                    </dos:patrimonyInformation>
                    <dos:submitter>
                        <dos:person>
                            <dos:persIDF>000006141843</dos:persIDF>
                            <dos:firstname>PATRICK</dos:firstname>
                            <dos:lastname>DEWANDELEER</dos:lastname>
                        </dos:person>
                        <dos:address>
                            <com:street>Rue du Maraîcher, 5</com:street>
                            <com:zipCode>1082</com:zipCode>
                            <com:place>Berchem-Sainte-Agathe</com:place>
                        </dos:address>
                    </dos:submitter>
                </dos:dossier>
            </v1:request>
        </v1:exportDossierRequest>
    </soapenv:Body>
</soapenv:Envelope>]]></con:request><con:credentials><con:selectedAuthProfile>Basic</con:selectedAuthProfile><con:addedBasicAuthenticationTypes>Basic</con:addedBasicAuthenticationTypes><con:authType>Global HTTP Settings</con:authType></con:credentials><con:jmsConfig JMSDeliveryMode="PERSISTENT"/><con:jmsPropertyConfig/><con:wsaConfig mustUnderstand="NONE" version="200508" action="http://fidus.brussels/services/importtoregondesservice/importDossier"/><con:wsrmConfig version="1.2"/></con:call></con:operation><con:operation id="9d3fc9a9-b4e3-4466-b6ef-14bcd63bb97b" isOneWay="false" action="http://fidus.brussels/services/importtoregondesservice/importSupplementaryInformation" name="exportSupplementaryInformation" bindingOperationName="exportSupplementaryInformation" type="Request-Response" inputName="" receivesAttachments="false" sendsAttachments="false" anonymous="optional"><con:settings/><con:call id="44683908-9ffa-45b6-b0fa-663495920bbd" name="1 - Local - Request - Success" incomingWss="Inflow DEV" outgoingWss="Outflow DEV"><con:settings><con:setting id="com.eviware.soapui.impl.wsdl.WsdlRequest@request-headers">&lt;xml-fragment/></con:setting></con:settings><con:encoding>UTF-8</con:encoding><con:endpoint>https://localhost:8243/services/ImportToRegondesService_v1.0</con:endpoint><con:request><![CDATA[<soapenv:Envelope xmlns:soapenv="http://schemas.xmlsoap.org/soap/envelope/" xmlns:v1="http://fidus.brussels/service/importtoregondesservice/messages/v1" xmlns:v11="http://fidus.brussels/type/common/messages/v1" xmlns:sup="http://www.minfin.fgov.be/regondes2/extern/taxservice/imports/supplementaryInformation" xmlns:com="http://www.minfin.fgov.be/regondes2/extern/taxservice/common">
    <soapenv:Header/>
    <soapenv:Body>
        <v1:exportSupplementaryInformationRequest>
            <v1:messageContext>
                <v11:messageId>${=import static java.util.UUID.randomUUID; uuid = randomUUID() as String}</v11:messageId>
                <v11:timestamp>${=new java.text.SimpleDateFormat("yyyy-MM-dd'T'HH:mm:ss.SSS").format(new Date())}</v11:timestamp>
            </v1:messageContext>
            <v1:legalContext>ServiceIntegrator</v1:legalContext>
            <v1:request>
                <sup:supplementaryInformation>
                    <sup:initialService>
                        <com:technicalReference>11223344</com:technicalReference>
                        <com:type>AAF</com:type>
                        <com:reference>CF55571</com:reference>
                    </sup:initialService>
                    <sup:attachment>
                        <com:fileName>166119.pdf</com:fileName>
                        <com:data>    1234   </com:data>
                    </sup:attachment>
                </sup:supplementaryInformation>
            </v1:request>
        </v1:exportSupplementaryInformationRequest>
    </soapenv:Body>
</soapenv:Envelope>]]></con:request><con:credentials><con:selectedAuthProfile>Basic</con:selectedAuthProfile><con:addedBasicAuthenticationTypes>Basic</con:addedBasicAuthenticationTypes><con:authType>Global HTTP Settings</con:authType></con:credentials><con:jmsConfig JMSDeliveryMode="PERSISTENT"/><con:jmsPropertyConfig/><con:wsaConfig mustUnderstand="NONE" version="200508" action="http://fidus.brussels/services/importtoregondesservice/importSupplementaryInformation"/><con:wsrmConfig version="1.2"/></con:call><con:call id="d922982a-b1be-486f-882a-485c8556e3d5" name="1 - Local - Request - Error" incomingWss="Inflow DEV" outgoingWss="Outflow DEV"><con:settings><con:setting id="com.eviware.soapui.impl.wsdl.WsdlRequest@request-headers">&lt;xml-fragment/></con:setting></con:settings><con:encoding>UTF-8</con:encoding><con:endpoint>https://localhost:8243/services/ImportToRegondesService_v1.0</con:endpoint><con:request><![CDATA[<soapenv:Envelope xmlns:soapenv="http://schemas.xmlsoap.org/soap/envelope/" xmlns:v1="http://fidus.brussels/service/importtoregondesservice/messages/v1" xmlns:v11="http://fidus.brussels/type/common/messages/v1" xmlns:sup="http://www.minfin.fgov.be/regondes2/extern/taxservice/imports/supplementaryInformation" xmlns:com="http://www.minfin.fgov.be/regondes2/extern/taxservice/common">
    <soapenv:Header/>
    <soapenv:Body>
        <v1:exportSupplementaryInformationRequest>
            <v1:messageContext>
                <v11:messageId>${=import static java.util.UUID.randomUUID; uuid = randomUUID() as String}</v11:messageId>
                <v11:timestamp>${=new java.text.SimpleDateFormat("yyyy-MM-dd'T'HH:mm:ss.SSS").format(new Date())}</v11:timestamp>
            </v1:messageContext>
            <v1:legalContext>ServiceIntegrator</v1:legalContext>
            <v1:request>
                <sup:supplementaryInformation>
                    <sup:initialService>
                        <com:technicalReference>11223344</com:technicalReference>
                        <com:type>AAF</com:type>
                        <com:reference>CF55571</com:reference>
                    </sup:initialService>
                    <sup:attachment>
                        <com:fileName>166119.pdf</com:fileName>
                        <com:data>    1234   </com:data>
                    </sup:attachment>
                </sup:supplementaryInformation>
            </v1:request>
        </v1:exportSupplementaryInformationRequest>
    </soapenv:Body>
</soapenv:Envelope>]]></con:request><con:credentials><con:selectedAuthProfile>Basic</con:selectedAuthProfile><con:addedBasicAuthenticationTypes>Basic</con:addedBasicAuthenticationTypes><con:authType>Global HTTP Settings</con:authType></con:credentials><con:jmsConfig JMSDeliveryMode="PERSISTENT"/><con:jmsPropertyConfig/><con:wsaConfig mustUnderstand="NONE" version="200508" action="http://fidus.brussels/services/importtoregondesservice/importSupplementaryInformation"/><con:wsrmConfig version="1.2"/></con:call><con:call id="2eb7e617-e0d8-4924-a9d9-4b5ca99727a2" name="2 - DEV - Request - Success" incomingWss="Inflow DEV" outgoingWss="Outflow DEV"><con:settings><con:setting id="com.eviware.soapui.impl.wsdl.WsdlRequest@request-headers">&lt;xml-fragment/></con:setting></con:settings><con:encoding>UTF-8</con:encoding><con:endpoint>https://192.168.36.61:8243/services/ImportToRegondesService_v1.0</con:endpoint><con:request><![CDATA[<soapenv:Envelope xmlns:soapenv="http://schemas.xmlsoap.org/soap/envelope/" xmlns:v1="http://fidus.brussels/service/importtoregondesservice/messages/v1" xmlns:v11="http://fidus.brussels/type/common/messages/v1" xmlns:sup="http://www.minfin.fgov.be/regondes2/extern/taxservice/imports/supplementaryInformation" xmlns:com="http://www.minfin.fgov.be/regondes2/extern/taxservice/common">
    <soapenv:Header/>
    <soapenv:Body>
        <v1:exportSupplementaryInformationRequest>
            <v1:messageContext>
                <v11:messageId>${=import static java.util.UUID.randomUUID; uuid = randomUUID() as String}</v11:messageId>
                <v11:timestamp>${=new java.text.SimpleDateFormat("yyyy-MM-dd'T'HH:mm:ss.SSS").format(new Date())}</v11:timestamp>
            </v1:messageContext>
            <v1:legalContext>ServiceIntegrator</v1:legalContext>
            <v1:request>
                <sup:supplementaryInformation>
                    <sup:initialService>
                        <com:technicalReference>11223344</com:technicalReference>
                        <com:type>AAF</com:type>
                        <com:reference>CF55571</com:reference>
                    </sup:initialService>
                    <sup:attachment>
                        <com:fileName>166119.pdf</com:fileName>
                        <com:data>    1234   </com:data>
                    </sup:attachment>
                </sup:supplementaryInformation>
            </v1:request>
        </v1:exportSupplementaryInformationRequest>
    </soapenv:Body>
</soapenv:Envelope>]]></con:request><con:credentials><con:selectedAuthProfile>Basic</con:selectedAuthProfile><con:addedBasicAuthenticationTypes>Basic</con:addedBasicAuthenticationTypes><con:authType>Global HTTP Settings</con:authType></con:credentials><con:jmsConfig JMSDeliveryMode="PERSISTENT"/><con:jmsPropertyConfig/><con:wsaConfig mustUnderstand="NONE" version="200508" action="http://fidus.brussels/services/importtoregondesservice/importSupplementaryInformation"/><con:wsrmConfig version="1.2"/></con:call><con:call id="cdd789a1-f80e-4d98-912c-d4519b7be9bf" name="2 - DEV - Request - Error" incomingWss="Inflow DEV" outgoingWss="Outflow DEV"><con:settings><con:setting id="com.eviware.soapui.impl.wsdl.WsdlRequest@request-headers">&lt;xml-fragment/></con:setting></con:settings><con:encoding>UTF-8</con:encoding><con:endpoint>https://192.168.36.61:8243/services/ImportToRegondesService_v1.0</con:endpoint><con:request><![CDATA[<soapenv:Envelope xmlns:soapenv="http://schemas.xmlsoap.org/soap/envelope/" xmlns:v1="http://fidus.brussels/service/importtoregondesservice/messages/v1" xmlns:v11="http://fidus.brussels/type/common/messages/v1" xmlns:sup="http://www.minfin.fgov.be/regondes2/extern/taxservice/imports/supplementaryInformation" xmlns:com="http://www.minfin.fgov.be/regondes2/extern/taxservice/common">
    <soapenv:Header/>
    <soapenv:Body>
        <v1:exportSupplementaryInformationRequest>
            <v1:messageContext>
                <v11:messageId>${=import static java.util.UUID.randomUUID; uuid = randomUUID() as String}</v11:messageId>
                <v11:timestamp>${=new java.text.SimpleDateFormat("yyyy-MM-dd'T'HH:mm:ss.SSS").format(new Date())}</v11:timestamp>
            </v1:messageContext>
            <v1:legalContext>ServiceIntegrator</v1:legalContext>
            <v1:request>
                <sup:supplementaryInformation>
                    <sup:initialService>
                        <com:technicalReference>11223344</com:technicalReference>
                        <com:type>AAF</com:type>
                        <com:reference>CF55571</com:reference>
                    </sup:initialService>
                    <sup:attachment>
                        <com:fileName>166119.pdf</com:fileName>
                        <com:data>    1234   </com:data>
                    </sup:attachment>
                </sup:supplementaryInformation>
            </v1:request>
        </v1:exportSupplementaryInformationRequest>
    </soapenv:Body>
</soapenv:Envelope>]]></con:request><con:credentials><con:selectedAuthProfile>Basic</con:selectedAuthProfile><con:addedBasicAuthenticationTypes>Basic</con:addedBasicAuthenticationTypes><con:authType>Global HTTP Settings</con:authType></con:credentials><con:jmsConfig JMSDeliveryMode="PERSISTENT"/><con:jmsPropertyConfig/><con:wsaConfig mustUnderstand="NONE" version="200508" action="http://fidus.brussels/services/importtoregondesservice/importSupplementaryInformation"/><con:wsrmConfig version="1.2"/></con:call><con:call id="e43a8ea3-4a6b-4013-a109-907a7eddb9e0" name="5 - Prod - Worker1 - Request" incomingWss="Inflow PROD" outgoingWss="Outflow PROD"><con:settings><con:setting id="com.eviware.soapui.impl.wsdl.WsdlRequest@request-headers">&lt;xml-fragment/></con:setting></con:settings><con:encoding>UTF-8</con:encoding><con:endpoint>https://192.168.26.22:8443/services/ImportToRegondesService_v1.0</con:endpoint><con:request><![CDATA[<soapenv:Envelope xmlns:soapenv="http://schemas.xmlsoap.org/soap/envelope/" xmlns:v1="http://fidus.brussels/service/importtoregondesservice/messages/v1" xmlns:v11="http://fidus.brussels/type/common/messages/v1" xmlns:sup="http://www.minfin.fgov.be/regondes2/extern/taxservice/imports/supplementaryInformation" xmlns:com="http://www.minfin.fgov.be/regondes2/extern/taxservice/common">
    <soapenv:Header/>
    <soapenv:Body>
        <v1:exportSupplementaryInformationRequest>
            <v1:messageContext>
                <v11:messageId>${=import static java.util.UUID.randomUUID; uuid = randomUUID() as String}</v11:messageId>
                <v11:timestamp>${=new java.text.SimpleDateFormat("yyyy-MM-dd'T'HH:mm:ss.SSS").format(new Date())}</v11:timestamp>
            </v1:messageContext>
            <v1:legalContext>ServiceIntegrator</v1:legalContext>
            <v1:request>
                <sup:supplementaryInformation>
                    <sup:initialService>
                        <com:technicalReference>11223344</com:technicalReference>
                        <com:type>AAF</com:type>
                        <com:reference>CF55571</com:reference>
                    </sup:initialService>
                    <sup:attachment>
                        <com:fileName>166119.pdf</com:fileName>
                        <com:data>    1234   </com:data>
                    </sup:attachment>
                </sup:supplementaryInformation>
            </v1:request>
        </v1:exportSupplementaryInformationRequest>
    </soapenv:Body>
</soapenv:Envelope>]]></con:request><con:credentials><con:selectedAuthProfile>Basic</con:selectedAuthProfile><con:addedBasicAuthenticationTypes>Basic</con:addedBasicAuthenticationTypes><con:authType>Global HTTP Settings</con:authType></con:credentials><con:jmsConfig JMSDeliveryMode="PERSISTENT"/><con:jmsPropertyConfig/><con:wsaConfig mustUnderstand="NONE" version="200508" action="http://fidus.brussels/services/importtoregondesservice/importSupplementaryInformation"/><con:wsrmConfig version="1.2"/></con:call><con:call id="3e828680-f1af-4485-b989-320194c99aaf" name="5 - Prod - Worker2 - Request" incomingWss="Inflow PROD" outgoingWss="Outflow PROD"><con:settings><con:setting id="com.eviware.soapui.impl.wsdl.WsdlRequest@request-headers">&lt;xml-fragment/></con:setting></con:settings><con:encoding>UTF-8</con:encoding><con:endpoint>https://192.168.26.19:8443/services/ImportToRegondesService_v1.0</con:endpoint><con:request><![CDATA[<soapenv:Envelope xmlns:soapenv="http://schemas.xmlsoap.org/soap/envelope/" xmlns:v1="http://fidus.brussels/service/importtoregondesservice/messages/v1" xmlns:v11="http://fidus.brussels/type/common/messages/v1" xmlns:sup="http://www.minfin.fgov.be/regondes2/extern/taxservice/imports/supplementaryInformation" xmlns:com="http://www.minfin.fgov.be/regondes2/extern/taxservice/common">
    <soapenv:Header/>
    <soapenv:Body>
        <v1:exportSupplementaryInformationRequest>
            <v1:messageContext>
                <v11:messageId>${=import static java.util.UUID.randomUUID; uuid = randomUUID() as String}</v11:messageId>
                <v11:timestamp>${=new java.text.SimpleDateFormat("yyyy-MM-dd'T'HH:mm:ss.SSS").format(new Date())}</v11:timestamp>
            </v1:messageContext>
            <v1:legalContext>ServiceIntegrator</v1:legalContext>
            <v1:request>
                <sup:supplementaryInformation>
                    <sup:initialService>
                        <com:technicalReference>11223344</com:technicalReference>
                        <com:type>AAF</com:type>
                        <com:reference>CF55571</com:reference>
                    </sup:initialService>
                    <sup:attachment>
                        <com:fileName>166119.pdf</com:fileName>
                        <com:data>    1234   </com:data>
                    </sup:attachment>
                </sup:supplementaryInformation>
            </v1:request>
        </v1:exportSupplementaryInformationRequest>
    </soapenv:Body>
</soapenv:Envelope>]]></con:request><con:credentials><con:selectedAuthProfile>Basic</con:selectedAuthProfile><con:addedBasicAuthenticationTypes>Basic</con:addedBasicAuthenticationTypes><con:authType>Global HTTP Settings</con:authType></con:credentials><con:jmsConfig JMSDeliveryMode="PERSISTENT"/><con:jmsPropertyConfig/><con:wsaConfig mustUnderstand="NONE" version="200508" action="http://fidus.brussels/services/importtoregondesservice/importSupplementaryInformation"/><con:wsrmConfig version="1.2"/></con:call><con:call id="13569ada-f5a2-4954-ba38-a5c6b4091d06" name="5 - Prod - LB - Request" incomingWss="Inflow PROD" outgoingWss="Outflow PROD"><con:settings><con:setting id="com.eviware.soapui.impl.wsdl.WsdlRequest@request-headers">&lt;xml-fragment/></con:setting></con:settings><con:encoding>UTF-8</con:encoding><con:endpoint>https://fidus-esb-sg.prd.srv.cirb.lan:8443/services/ImportToRegondesService_v1.0</con:endpoint><con:request><![CDATA[<soapenv:Envelope xmlns:soapenv="http://schemas.xmlsoap.org/soap/envelope/" xmlns:v1="http://fidus.brussels/service/importtoregondesservice/messages/v1" xmlns:v11="http://fidus.brussels/type/common/messages/v1" xmlns:sup="http://www.minfin.fgov.be/regondes2/extern/taxservice/imports/supplementaryInformation" xmlns:com="http://www.minfin.fgov.be/regondes2/extern/taxservice/common">
    <soapenv:Header/>
    <soapenv:Body>
        <v1:exportSupplementaryInformationRequest>
            <v1:messageContext>
                <v11:messageId>${=import static java.util.UUID.randomUUID; uuid = randomUUID() as String}</v11:messageId>
                <v11:timestamp>${=new java.text.SimpleDateFormat("yyyy-MM-dd'T'HH:mm:ss.SSS").format(new Date())}</v11:timestamp>
            </v1:messageContext>
            <v1:legalContext>ServiceIntegrator</v1:legalContext>
            <v1:request>
                <sup:supplementaryInformation>
                    <sup:initialService>
                        <com:technicalReference>11223344</com:technicalReference>
                        <com:type>AAF</com:type>
                        <com:reference>CF55571</com:reference>
                    </sup:initialService>
                    <sup:attachment>
                        <com:fileName>166119.pdf</com:fileName>
                        <com:data>    1234   </com:data>
                    </sup:attachment>
                </sup:supplementaryInformation>
            </v1:request>
        </v1:exportSupplementaryInformationRequest>
    </soapenv:Body>
</soapenv:Envelope>]]></con:request><con:credentials><con:selectedAuthProfile>Basic</con:selectedAuthProfile><con:addedBasicAuthenticationTypes>Basic</con:addedBasicAuthenticationTypes><con:authType>Global HTTP Settings</con:authType></con:credentials><con:jmsConfig JMSDeliveryMode="PERSISTENT"/><con:jmsPropertyConfig/><con:wsaConfig mustUnderstand="NONE" version="200508" action="http://fidus.brussels/services/importtoregondesservice/importSupplementaryInformation"/><con:wsrmConfig version="1.2"/></con:call><con:call id="2fb243ff-9e6c-44cc-9280-3b3e188af942" name="5 - Prod - External - Request" incomingWss="Inflow PROD" outgoingWss="Outflow PROD"><con:settings><con:setting id="com.eviware.soapui.impl.wsdl.WsdlRequest@request-headers">&lt;xml-fragment/></con:setting></con:settings><con:encoding>UTF-8</con:encoding><con:endpoint>https://fidus.sec.brussels/services/ImportToRegondesService_v1.0</con:endpoint><con:request><![CDATA[<soapenv:Envelope xmlns:soapenv="http://schemas.xmlsoap.org/soap/envelope/" xmlns:v1="http://fidus.brussels/service/importtoregondesservice/messages/v1" xmlns:v11="http://fidus.brussels/type/common/messages/v1" xmlns:sup="http://www.minfin.fgov.be/regondes2/extern/taxservice/imports/supplementaryInformation" xmlns:com="http://www.minfin.fgov.be/regondes2/extern/taxservice/common">
    <soapenv:Header/>
    <soapenv:Body>
        <v1:exportSupplementaryInformationRequest>
            <v1:messageContext>
                <v11:messageId>${=import static java.util.UUID.randomUUID; uuid = randomUUID() as String}</v11:messageId>
                <v11:timestamp>${=new java.text.SimpleDateFormat("yyyy-MM-dd'T'HH:mm:ss.SSS").format(new Date())}</v11:timestamp>
            </v1:messageContext>
            <v1:legalContext>ServiceIntegrator</v1:legalContext>
            <v1:request>
                <sup:supplementaryInformation>
                    <sup:initialService>
                        <com:technicalReference>11223344</com:technicalReference>
                        <com:type>AAF</com:type>
                        <com:reference>CF55571</com:reference>
                    </sup:initialService>
                    <sup:attachment>
                        <com:fileName>166119.pdf</com:fileName>
                        <com:data>    1234   </com:data>
                    </sup:attachment>
                </sup:supplementaryInformation>
            </v1:request>
        </v1:exportSupplementaryInformationRequest>
    </soapenv:Body>
</soapenv:Envelope>]]></con:request><con:credentials><con:selectedAuthProfile>Basic</con:selectedAuthProfile><con:addedBasicAuthenticationTypes>Basic</con:addedBasicAuthenticationTypes><con:authType>Global HTTP Settings</con:authType></con:credentials><con:jmsConfig JMSDeliveryMode="PERSISTENT"/><con:jmsPropertyConfig/><con:wsaConfig mustUnderstand="NONE" version="200508" action="http://fidus.brussels/services/importtoregondesservice/importSupplementaryInformation"/><con:wsrmConfig version="1.2"/></con:call><con:call id="df06b9fb-281f-4657-a8f6-50a82c9136fa" name="4 - Staging - Worker2 - Request" incomingWss="Inflow STAGING" outgoingWss="Outflow STAGING"><con:settings><con:setting id="com.eviware.soapui.impl.wsdl.WsdlRequest@request-headers">&lt;xml-fragment/></con:setting></con:settings><con:encoding>UTF-8</con:encoding><con:endpoint>https://192.168.24.17:8443/services/ImportToRegondesService_v1.0</con:endpoint><con:request><![CDATA[<soapenv:Envelope xmlns:soapenv="http://schemas.xmlsoap.org/soap/envelope/" xmlns:v1="http://fidus.brussels/service/importtoregondesservice/messages/v1" xmlns:v11="http://fidus.brussels/type/common/messages/v1" xmlns:sup="http://www.minfin.fgov.be/regondes2/extern/taxservice/imports/supplementaryInformation" xmlns:com="http://www.minfin.fgov.be/regondes2/extern/taxservice/common">
    <soapenv:Header/>
    <soapenv:Body>
        <v1:exportSupplementaryInformationRequest>
            <v1:messageContext>
                <v11:messageId>${=import static java.util.UUID.randomUUID; uuid = randomUUID() as String}</v11:messageId>
                <v11:timestamp>${=new java.text.SimpleDateFormat("yyyy-MM-dd'T'HH:mm:ss.SSS").format(new Date())}</v11:timestamp>
            </v1:messageContext>
            <v1:legalContext>ServiceIntegrator</v1:legalContext>
            <v1:request>
                <sup:supplementaryInformation>
                    <sup:initialService>
                        <com:technicalReference>11223344</com:technicalReference>
                        <com:type>AAF</com:type>
                        <com:reference>CF55571</com:reference>
                    </sup:initialService>
                    <sup:attachment>
                        <com:fileName>166119.pdf</com:fileName>
                        <com:data>    1234   </com:data>
                    </sup:attachment>
                </sup:supplementaryInformation>
            </v1:request>
        </v1:exportSupplementaryInformationRequest>
    </soapenv:Body>
</soapenv:Envelope>]]></con:request><con:credentials><con:selectedAuthProfile>Basic</con:selectedAuthProfile><con:addedBasicAuthenticationTypes>Basic</con:addedBasicAuthenticationTypes><con:authType>Global HTTP Settings</con:authType></con:credentials><con:jmsConfig JMSDeliveryMode="PERSISTENT"/><con:jmsPropertyConfig/><con:wsaConfig mustUnderstand="NONE" version="200508" action="http://fidus.brussels/services/importtoregondesservice/importSupplementaryInformation"/><con:wsrmConfig version="1.2"/></con:call><con:call id="1f329917-c89b-4e7c-963a-28adc73c1b34" name="4 - Staging - Worker1 - Request" incomingWss="Inflow STAGING" outgoingWss="Outflow STAGING"><con:settings><con:setting id="com.eviware.soapui.impl.wsdl.WsdlRequest@request-headers">&lt;xml-fragment/></con:setting></con:settings><con:encoding>UTF-8</con:encoding><con:endpoint>https://192.168.24.16:8443/services/ImportToRegondesService_v1.0</con:endpoint><con:request><![CDATA[<soapenv:Envelope xmlns:soapenv="http://schemas.xmlsoap.org/soap/envelope/" xmlns:v1="http://fidus.brussels/service/importtoregondesservice/messages/v1" xmlns:v11="http://fidus.brussels/type/common/messages/v1" xmlns:sup="http://www.minfin.fgov.be/regondes2/extern/taxservice/imports/supplementaryInformation" xmlns:com="http://www.minfin.fgov.be/regondes2/extern/taxservice/common">
    <soapenv:Header/>
    <soapenv:Body>
        <v1:exportSupplementaryInformationRequest>
            <v1:messageContext>
                <v11:messageId>${=import static java.util.UUID.randomUUID; uuid = randomUUID() as String}</v11:messageId>
                <v11:timestamp>${=new java.text.SimpleDateFormat("yyyy-MM-dd'T'HH:mm:ss.SSS").format(new Date())}</v11:timestamp>
            </v1:messageContext>
            <v1:legalContext>ServiceIntegrator</v1:legalContext>
            <v1:request>
                <sup:supplementaryInformation>
                    <sup:initialService>
                        <com:technicalReference>11223344</com:technicalReference>
                        <com:type>AAF</com:type>
                        <com:reference>CF55571</com:reference>
                    </sup:initialService>
                    <sup:attachment>
                        <com:fileName>166119.pdf</com:fileName>
                        <com:data>    1234   </com:data>
                    </sup:attachment>
                </sup:supplementaryInformation>
            </v1:request>
        </v1:exportSupplementaryInformationRequest>
    </soapenv:Body>
</soapenv:Envelope>]]></con:request><con:credentials><con:selectedAuthProfile>Basic</con:selectedAuthProfile><con:addedBasicAuthenticationTypes>Basic</con:addedBasicAuthenticationTypes><con:authType>Global HTTP Settings</con:authType></con:credentials><con:jmsConfig JMSDeliveryMode="PERSISTENT"/><con:jmsPropertyConfig/><con:wsaConfig mustUnderstand="NONE" version="200508" action="http://fidus.brussels/services/importtoregondesservice/importSupplementaryInformation"/><con:wsrmConfig version="1.2"/></con:call><con:call id="2dc5dc3f-0d25-4b7f-9a0e-f4860bb0ba7a" name="4 - Staging - LB - Request" incomingWss="Inflow STAGING" outgoingWss="Outflow STAGING"><con:settings><con:setting id="com.eviware.soapui.impl.wsdl.WsdlRequest@request-headers">&lt;xml-fragment/></con:setting></con:settings><con:encoding>UTF-8</con:encoding><con:endpoint>https://fidus-esb-sg.sta.srv.cirb.lan:8443/services/ImportToRegondesService_v1.0</con:endpoint><con:request><![CDATA[<soapenv:Envelope xmlns:soapenv="http://schemas.xmlsoap.org/soap/envelope/" xmlns:v1="http://fidus.brussels/service/importtoregondesservice/messages/v1" xmlns:v11="http://fidus.brussels/type/common/messages/v1" xmlns:sup="http://www.minfin.fgov.be/regondes2/extern/taxservice/imports/supplementaryInformation" xmlns:com="http://www.minfin.fgov.be/regondes2/extern/taxservice/common">
    <soapenv:Header/>
    <soapenv:Body>
        <v1:exportSupplementaryInformationRequest>
            <v1:messageContext>
                <v11:messageId>${=import static java.util.UUID.randomUUID; uuid = randomUUID() as String}</v11:messageId>
                <v11:timestamp>${=new java.text.SimpleDateFormat("yyyy-MM-dd'T'HH:mm:ss.SSS").format(new Date())}</v11:timestamp>
            </v1:messageContext>
            <v1:legalContext>ServiceIntegrator</v1:legalContext>
            <v1:request>
                <sup:supplementaryInformation>
                    <sup:initialService>
                        <com:technicalReference>11223344</com:technicalReference>
                        <com:type>AAF</com:type>
                        <com:reference>CF55571</com:reference>
                    </sup:initialService>
                    <sup:attachment>
                        <com:fileName>166119.pdf</com:fileName>
                        <com:data>    1234   </com:data>
                    </sup:attachment>
                </sup:supplementaryInformation>
            </v1:request>
        </v1:exportSupplementaryInformationRequest>
    </soapenv:Body>
</soapenv:Envelope>]]></con:request><con:credentials><con:selectedAuthProfile>Basic</con:selectedAuthProfile><con:addedBasicAuthenticationTypes>Basic</con:addedBasicAuthenticationTypes><con:authType>Global HTTP Settings</con:authType></con:credentials><con:jmsConfig JMSDeliveryMode="PERSISTENT"/><con:jmsPropertyConfig/><con:wsaConfig mustUnderstand="NONE" version="200508" action="http://fidus.brussels/services/importtoregondesservice/importSupplementaryInformation"/><con:wsrmConfig version="1.2"/></con:call><con:call id="9e7ad4d4-8e07-4910-b733-914f547cf78c" name="3 - Test - Worker2 - Request" incomingWss="Inflow TEST" outgoingWss="Outflow TEST"><con:settings><con:setting id="com.eviware.soapui.impl.wsdl.WsdlRequest@request-headers">&lt;xml-fragment/></con:setting></con:settings><con:encoding>UTF-8</con:encoding><con:endpoint>https://192.168.22.54:8443/services/ImportToRegondesService_v1.0</con:endpoint><con:request><![CDATA[<soapenv:Envelope xmlns:soapenv="http://schemas.xmlsoap.org/soap/envelope/" xmlns:v1="http://fidus.brussels/service/importtoregondesservice/messages/v1" xmlns:v11="http://fidus.brussels/type/common/messages/v1" xmlns:sup="http://www.minfin.fgov.be/regondes2/extern/taxservice/imports/supplementaryInformation" xmlns:com="http://www.minfin.fgov.be/regondes2/extern/taxservice/common">
    <soapenv:Header/>
    <soapenv:Body>
        <v1:exportSupplementaryInformationRequest>
            <v1:messageContext>
                <v11:messageId>${=import static java.util.UUID.randomUUID; uuid = randomUUID() as String}</v11:messageId>
                <v11:timestamp>${=new java.text.SimpleDateFormat("yyyy-MM-dd'T'HH:mm:ss.SSS").format(new Date())}</v11:timestamp>
            </v1:messageContext>
            <v1:legalContext>ServiceIntegrator</v1:legalContext>
            <v1:request>
                <sup:supplementaryInformation>
                    <sup:initialService>
                        <com:technicalReference>11223344</com:technicalReference>
                        <com:type>AAF</com:type>
                        <com:reference>CF55571</com:reference>
                    </sup:initialService>
                    <sup:attachment>
                        <com:fileName>166119.pdf</com:fileName>
                        <com:data>    1234   </com:data>
                    </sup:attachment>
                </sup:supplementaryInformation>
            </v1:request>
        </v1:exportSupplementaryInformationRequest>
    </soapenv:Body>
</soapenv:Envelope>]]></con:request><con:credentials><con:selectedAuthProfile>Basic</con:selectedAuthProfile><con:addedBasicAuthenticationTypes>Basic</con:addedBasicAuthenticationTypes><con:authType>Global HTTP Settings</con:authType></con:credentials><con:jmsConfig JMSDeliveryMode="PERSISTENT"/><con:jmsPropertyConfig/><con:wsaConfig mustUnderstand="NONE" version="200508" action="http://fidus.brussels/services/importtoregondesservice/importSupplementaryInformation"/><con:wsrmConfig version="1.2"/></con:call><con:call id="1a871a8e-d168-4bd4-9c35-abb086a59a83" name="3 - Test - Worker1 - Request" incomingWss="Inflow TEST" outgoingWss="Outflow TEST"><con:settings><con:setting id="com.eviware.soapui.impl.wsdl.WsdlRequest@request-headers">&lt;xml-fragment/></con:setting></con:settings><con:encoding>UTF-8</con:encoding><con:endpoint>https://192.168.22.53:8443/services/ImportToRegondesService_v1.0</con:endpoint><con:request><![CDATA[<soapenv:Envelope xmlns:soapenv="http://schemas.xmlsoap.org/soap/envelope/" xmlns:v1="http://fidus.brussels/service/importtoregondesservice/messages/v1" xmlns:v11="http://fidus.brussels/type/common/messages/v1" xmlns:sup="http://www.minfin.fgov.be/regondes2/extern/taxservice/imports/supplementaryInformation" xmlns:com="http://www.minfin.fgov.be/regondes2/extern/taxservice/common">
    <soapenv:Header/>
    <soapenv:Body>
        <v1:exportSupplementaryInformationRequest>
            <v1:messageContext>
                <v11:messageId>${=import static java.util.UUID.randomUUID; uuid = randomUUID() as String}</v11:messageId>
                <v11:timestamp>${=new java.text.SimpleDateFormat("yyyy-MM-dd'T'HH:mm:ss.SSS").format(new Date())}</v11:timestamp>
            </v1:messageContext>
            <v1:legalContext>ServiceIntegrator</v1:legalContext>
            <v1:request>
                <sup:supplementaryInformation>
                    <sup:initialService>
                        <com:technicalReference>11223344</com:technicalReference>
                        <com:type>AAF</com:type>
                        <com:reference>CF55571</com:reference>
                    </sup:initialService>
                    <sup:attachment>
                        <com:fileName>166119.pdf</com:fileName>
                        <com:data>    1234   </com:data>
                    </sup:attachment>
                </sup:supplementaryInformation>
            </v1:request>
        </v1:exportSupplementaryInformationRequest>
    </soapenv:Body>
</soapenv:Envelope>]]></con:request><con:credentials><con:selectedAuthProfile>Basic</con:selectedAuthProfile><con:addedBasicAuthenticationTypes>Basic</con:addedBasicAuthenticationTypes><con:authType>Global HTTP Settings</con:authType></con:credentials><con:jmsConfig JMSDeliveryMode="PERSISTENT"/><con:jmsPropertyConfig/><con:wsaConfig mustUnderstand="NONE" version="200508" action="http://fidus.brussels/services/importtoregondesservice/importSupplementaryInformation"/><con:wsrmConfig version="1.2"/></con:call><con:call id="97f42bbe-1a75-4f5f-8ddd-bacd7b018972" name="3 - Test - LB - Request" incomingWss="Inflow TEST" outgoingWss="Outflow TEST"><con:settings><con:setting id="com.eviware.soapui.impl.wsdl.WsdlRequest@request-headers">&lt;xml-fragment/></con:setting></con:settings><con:encoding>UTF-8</con:encoding><con:endpoint>https://esb-security-gw.sta.srv.cirb.lan:8443/services/ImportToRegondesService_v1.0</con:endpoint><con:request><![CDATA[<soapenv:Envelope xmlns:soapenv="http://schemas.xmlsoap.org/soap/envelope/" xmlns:v1="http://fidus.brussels/service/importtoregondesservice/messages/v1" xmlns:v11="http://fidus.brussels/type/common/messages/v1" xmlns:sup="http://www.minfin.fgov.be/regondes2/extern/taxservice/imports/supplementaryInformation" xmlns:com="http://www.minfin.fgov.be/regondes2/extern/taxservice/common">
    <soapenv:Header/>
    <soapenv:Body>
        <v1:exportSupplementaryInformationRequest>
            <v1:messageContext>
                <v11:messageId>${=import static java.util.UUID.randomUUID; uuid = randomUUID() as String}</v11:messageId>
                <v11:timestamp>${=new java.text.SimpleDateFormat("yyyy-MM-dd'T'HH:mm:ss.SSS").format(new Date())}</v11:timestamp>
            </v1:messageContext>
            <v1:legalContext>ServiceIntegrator</v1:legalContext>
            <v1:request>
                <sup:supplementaryInformation>
                    <sup:initialService>
                        <com:technicalReference>11223344</com:technicalReference>
                        <com:type>AAF</com:type>
                        <com:reference>CF55571</com:reference>
                    </sup:initialService>
                    <sup:attachment>
                        <com:fileName>166119.pdf</com:fileName>
                        <com:data>    1234   </com:data>
                    </sup:attachment>
                </sup:supplementaryInformation>
            </v1:request>
        </v1:exportSupplementaryInformationRequest>
    </soapenv:Body>
</soapenv:Envelope>]]></con:request><con:credentials><con:selectedAuthProfile>Basic</con:selectedAuthProfile><con:addedBasicAuthenticationTypes>Basic</con:addedBasicAuthenticationTypes><con:authType>Global HTTP Settings</con:authType></con:credentials><con:jmsConfig JMSDeliveryMode="PERSISTENT"/><con:jmsPropertyConfig/><con:wsaConfig mustUnderstand="NONE" version="200508" action="http://fidus.brussels/services/importtoregondesservice/importSupplementaryInformation"/><con:wsrmConfig version="1.2"/></con:call><con:call id="2605070c-4719-40ec-bb20-283c90ced277" name="3 - Test - External - Request" incomingWss="Inflow TEST" outgoingWss="Outflow TEST"><con:settings><con:setting id="com.eviware.soapui.impl.wsdl.WsdlRequest@request-headers">&lt;xml-fragment/></con:setting></con:settings><con:encoding>UTF-8</con:encoding><con:endpoint>https://fidus-test.irisnetlab.be/services/ImportToRegondesService_v1.0</con:endpoint><con:request><![CDATA[<soapenv:Envelope xmlns:soapenv="http://schemas.xmlsoap.org/soap/envelope/" xmlns:v1="http://fidus.brussels/service/importtoregondesservice/messages/v1" xmlns:v11="http://fidus.brussels/type/common/messages/v1" xmlns:sup="http://www.minfin.fgov.be/regondes2/extern/taxservice/imports/supplementaryInformation" xmlns:com="http://www.minfin.fgov.be/regondes2/extern/taxservice/common">
    <soapenv:Header/>
    <soapenv:Body>
        <v1:exportSupplementaryInformationRequest>
            <v1:messageContext>
                <v11:messageId>${=import static java.util.UUID.randomUUID; uuid = randomUUID() as String}</v11:messageId>
                <v11:timestamp>${=new java.text.SimpleDateFormat("yyyy-MM-dd'T'HH:mm:ss.SSS").format(new Date())}</v11:timestamp>
            </v1:messageContext>
            <v1:legalContext>ServiceIntegrator</v1:legalContext>
            <v1:request>
                <sup:supplementaryInformation>
                    <sup:initialService>
                        <com:technicalReference>11223344</com:technicalReference>
                        <com:type>AAF</com:type>
                        <com:reference>CF53571</com:reference>
                    </sup:initialService>
                    <sup:attachment>
                        <com:fileName>166119.pdf</com:fileName>
                        <com:data>    1234   </com:data>
                    </sup:attachment>
                </sup:supplementaryInformation>
            </v1:request>
        </v1:exportSupplementaryInformationRequest>
    </soapenv:Body>
</soapenv:Envelope>]]></con:request><con:credentials><con:selectedAuthProfile>Basic</con:selectedAuthProfile><con:addedBasicAuthenticationTypes>Basic</con:addedBasicAuthenticationTypes><con:authType>Global HTTP Settings</con:authType></con:credentials><con:jmsConfig JMSDeliveryMode="PERSISTENT"/><con:jmsPropertyConfig/><con:wsaConfig mustUnderstand="NONE" version="200508" action="http://fidus.brussels/services/importtoregondesservice/importSupplementaryInformation"/><con:wsrmConfig version="1.2"/></con:call><con:call id="476e6354-24b4-42cf-a474-0929d1915c84" name="4 - Staging - External - Request" incomingWss="Inflow STAGING" outgoingWss="Outflow STAGING"><con:settings><con:setting id="com.eviware.soapui.impl.wsdl.WsdlRequest@request-headers">&lt;xml-fragment/></con:setting></con:settings><con:encoding>UTF-8</con:encoding><con:endpoint>https://fidus.irisnetlab.be/services/ImportToRegondesService_v1.0</con:endpoint><con:request><![CDATA[<soapenv:Envelope xmlns:soapenv="http://schemas.xmlsoap.org/soap/envelope/" xmlns:v1="http://fidus.brussels/service/importtoregondesservice/messages/v1" xmlns:v11="http://fidus.brussels/type/common/messages/v1" xmlns:sup="http://www.minfin.fgov.be/regondes2/extern/taxservice/imports/supplementaryInformation" xmlns:com="http://www.minfin.fgov.be/regondes2/extern/taxservice/common">
    <soapenv:Header/>
    <soapenv:Body>
        <v1:exportSupplementaryInformationRequest>
            <v1:messageContext>
                <v11:messageId>${=import static java.util.UUID.randomUUID; uuid = randomUUID() as String}</v11:messageId>
                <v11:timestamp>${=new java.text.SimpleDateFormat("yyyy-MM-dd'T'HH:mm:ss.SSS").format(new Date())}</v11:timestamp>
            </v1:messageContext>
            <v1:legalContext>ServiceIntegrator</v1:legalContext>
            <v1:request>
                <sup:supplementaryInformation>
                    <sup:initialService>
                        <com:technicalReference>11223344</com:technicalReference>
                        <com:type>AAF</com:type>
                        <com:reference>CF55571</com:reference>
                    </sup:initialService>
                    <sup:attachment>
                        <com:fileName>166119.pdf</com:fileName>
                        <com:data>    1234   </com:data>
                    </sup:attachment>
                </sup:supplementaryInformation>
            </v1:request>
        </v1:exportSupplementaryInformationRequest>
    </soapenv:Body>
</soapenv:Envelope>]]></con:request><con:credentials><con:selectedAuthProfile>Basic</con:selectedAuthProfile><con:addedBasicAuthenticationTypes>Basic</con:addedBasicAuthenticationTypes><con:authType>Global HTTP Settings</con:authType></con:credentials><con:jmsConfig JMSDeliveryMode="PERSISTENT"/><con:jmsPropertyConfig/><con:wsaConfig mustUnderstand="NONE" version="200508" action="http://fidus.brussels/services/importtoregondesservice/importSupplementaryInformation"/><con:wsrmConfig version="1.2"/></con:call></con:operation></con:interface><con:testSuite id="6d1e1411-7aa6-4849-b18c-daca37f233d3" name="DEV"><con:settings/><con:runType>SEQUENTIAL</con:runType><con:testCase id="cadd7413-4b1b-4d24-b8dc-3a6558eee15d" failOnError="true" failTestCaseOnErrors="true" keepSession="false" maxResults="0" name="closedDossier" searchProperties="true"><con:settings/><con:testStep type="request" id="18af2726-c76a-4c30-ad2e-4176c34b2137" name="testcase2 - Dev - Request - Success"><con:settings/><con:config xsi:type="con:RequestStep" xmlns:xsi="http://www.w3.org/2001/XMLSchema-instance"><con:interface>ExportFromRegondesServiceHTTPBinding</con:interface><con:operation>closedDossier</con:operation><con:request name="testcase2 - Dev - Request - Success" id="5e55d92a-0117-4926-b272-8606a36db364" outgoingWss="Outflow DEV"><con:settings/><con:encoding>UTF-8</con:encoding><con:endpoint>https://192.168.36.61:8243/services/ExportFromRegondesService_v1.0</con:endpoint><con:request><![CDATA[<soapenv:Envelope xmlns:soapenv="http://schemas.xmlsoap.org/soap/envelope/" xmlns:v1="http://fidus.brussels/service/exportfromregondesservice/messages/v1" xmlns:v11="http://fidus.brussels/type/common/messages/v1" xmlns:clos="http://www.minfin.fgov.be/regondes2/extern/taxservice/exports/closedDossiers" xmlns:com="http://www.minfin.fgov.be/regondes2/extern/taxservice/common">
   <soapenv:Header/>
   <soapenv:Body>
      <v1:closedDossierRequest>
         <v1:messageContext>
            <v11:messageId>${=import static java.util.UUID.randomUUID; uuid = randomUUID() as String}</v11:messageId>
            <v11:timestamp>${=new java.text.SimpleDateFormat("yyyy-MM-dd'T'HH:mm:ss.SSS").format(new Date())}</v11:timestamp>
         </v1:messageContext>
         <v1:legalContext>ServiceIntegrator</v1:legalContext>
         <v1:request>
            <clos:closedDossier> 
               <clos:referenceFodFin>11223344</clos:referenceFodFin>
               <clos:fiscalYear>2017</clos:fiscalYear>
               <clos:initialService>
                  <com:technicalReference>technicalReference</com:technicalReference>
                  <com:type>AAF</com:type>
                  <clos:reference>reference</clos:reference>
               </clos:initialService>
               <clos:patrimonyInformation>
                  <clos:typeDossier>AA</clos:typeDossier>
                  <clos:patrimonyFrom>${=new java.text.SimpleDateFormat("yyyy-MM-dd").format(new Date())}</clos:patrimonyFrom>
                  <clos:patrimonyRef>1</clos:patrimonyRef>
                  <clos:cadastralDivisionCode>YYY</clos:cadastralDivisionCode>
                  <clos:articleNumber>51</clos:articleNumber>
               </clos:patrimonyInformation>
               <clos:report>
                  <clos:type>S</clos:type>
                  <clos:subtype>subtype</clos:subtype>
                  <clos:kind>INITIAL</clos:kind>
                  <clos:cadastralIncome>
                     <com:codeCadastralIncome>a</com:codeCadastralIncome>
                     <com:definitiveCadastralIncome>12</com:definitiveCadastralIncome>
                     <com:dateDefinitive>${=new java.text.SimpleDateFormat("yyyy-MM-dd").format(new Date())}</com:dateDefinitive>
                     <com:reasonDefinitive>my reason</com:reasonDefinitive>
                  </clos:cadastralIncome>
                  <clos:date>${=new java.text.SimpleDateFormat("yyyy-MM-dd").format(new Date())}</clos:date>
                  <clos:motivation>No motivation</clos:motivation>
                  <!--0 to 99 repetitions:-->
                  <clos:newState>
                     <!--1 to 999 repetitions:-->
                     <clos:parcel>
                        <clos:parcelNumber>
                           <clos:section>55254</clos:section>
                           <clos:groundNumber>9555</clos:groundNumber>
                           <clos:bisNumber>2525</clos:bisNumber>
                           <clos:exponent>1414</clos:exponent>
                           <clos:power>me</clos:power>
                           <clos:part>4</clos:part>
                        </clos:parcelNumber>
                        <clos:situation>invalid</clos:situation>
                        <clos:kind>no</clos:kind>
                        <clos:details>test</clos:details>
                        <!--You have a CHOICE of the next 2 items at this level-->
                        <clos:articleNumber>1141</clos:articleNumber>
                        <clos:sequenceNumber>3215</clos:sequenceNumber>
                        <!--0 to 99 repetitions:-->
                        <clos:cadastralInformation>
                           <clos:codeCadastralIncome>12</clos:codeCadastralIncome>
                           <clos:cadastralIncome>12</clos:cadastralIncome>
                           <clos:cadastralIncomePart>42</clos:cadastralIncomePart>
                           <clos:exemption>52</clos:exemption>
                           <clos:daysUnfruitful>5</clos:daysUnfruitful>
                        </clos:cadastralInformation>
                     </clos:parcel>
                     <!--1 to 999 repetitions:-->
                     <clos:owner>
                        <!--You have a CHOICE of the next 2 items at this level-->
                        <clos:person>
                           <!--You have a CHOICE of the next 3 items at this level-->
                           <clos:socialSecurityNumber>125</clos:socialSecurityNumber>
                           <clos:lastname>baptiste</clos:lastname>
                        </clos:person>
                        <clos:rights>Admin</clos:rights>
                        <clos:ownerType>LEGAL_PERSON</clos:ownerType>
                     </clos:owner>
                  </clos:newState>
               </clos:report>
               <!--0 to 99 repetitions:-->
               <clos:linkedDossier>
                  <clos:referenceInitialService>referenceInitialService</clos:referenceInitialService>
                  <clos:referenceFodFin>15</clos:referenceFodFin>
               </clos:linkedDossier>
               <!--0 to 99 repetitions:-->
               <clos:attachment>
                  <com:fileName>cirb</com:fileName>
                  <com:data>    1234   </com:data>
               </clos:attachment>
            </clos:closedDossier>
         </v1:request>
      </v1:closedDossierRequest>
   </soapenv:Body>
</soapenv:Envelope>]]></con:request><con:assertion type="SOAP Fault Assertion" id="2b2ef0a3-3d8b-4a59-b1a7-3b0e17863405" name="Not SOAP Fault"/><con:assertion type="SOAP Response" id="c9275593-9898-4724-ae2c-e72785b113e2" name="SOAP Response"/><con:assertion type="Schema Compliance" id="602e1435-58b0-4ac0-953c-271c868dc657" name="Schema Compliance"><con:configuration/></con:assertion><con:wsaConfig action="http://fidus.brussels/services/exportfromregondesservice/closedDossier"/></con:request></con:config></con:testStep><con:testStep type="request" id="af750718-51fa-4ac5-a006-d6916e2a959b" name="testcase2 - Dev - Request - Error"><con:settings/><con:config xsi:type="con:RequestStep" xmlns:xsi="http://www.w3.org/2001/XMLSchema-instance"><con:interface>ExportFromRegondesServiceHTTPBinding</con:interface><con:operation>closedDossier</con:operation><con:request name="testcase2 - Dev - Request - Error" id="7c908c2b-673c-4b83-ae4e-010cd28341a4" outgoingWss="Outflow DEV"><con:settings/><con:encoding>UTF-8</con:encoding><con:endpoint>https://192.168.36.61:8243/services/ExportFromRegondesService_v1.0</con:endpoint><con:request><![CDATA[<soapenv:Envelope xmlns:soapenv="http://schemas.xmlsoap.org/soap/envelope/" xmlns:v1="http://fidus.brussels/service/exportfromregondesservice/messages/v1" xmlns:v11="http://fidus.brussels/type/common/messages/v1" xmlns:clos="http://www.minfin.fgov.be/regondes2/extern/taxservice/exports/closedDossiers" xmlns:com="http://www.minfin.fgov.be/regondes2/extern/taxservice/common">
   <soapenv:Header/>
   <soapenv:Body>
      <v1:closedDossierRequest>
         <v1:messageContext>
            <v11:messageId>${=import static java.util.UUID.randomUUID; uuid = randomUUID() as String}</v11:messageId>
            <v11:timestamp>${=new java.text.SimpleDateFormat("yyyy-MM-dd'T'HH:mm:ss.SSS").format(new Date())}</v11:timestamp>
         </v1:messageContext>
         <v1:legalContext>ServiceIntegrator</v1:legalContext>
         <v1:request>
            <clos:closedDossier>
            	<!-- <clos:referenceFodFin>11223347</clos:referenceFodFin> --> <!-- Technical reference not found -->
               <!-- <clos:referenceFodFin>11223346</clos:referenceFodFin> --> <!-- Reference not found -->  
               <clos:referenceFodFin>11223345</clos:referenceFodFin> <!-- Requested dossier is already close -->
               <clos:fiscalYear>2017</clos:fiscalYear>
               <clos:initialService>
                  <com:technicalReference>technicalReference</com:technicalReference>
                  <com:type>AAF</com:type>
                  <clos:reference>reference</clos:reference>
               </clos:initialService>
               <clos:patrimonyInformation>
                  <clos:typeDossier>AA</clos:typeDossier>
                  <clos:patrimonyFrom>${=new java.text.SimpleDateFormat("yyyy-MM-dd").format(new Date())}</clos:patrimonyFrom>
                  <clos:patrimonyRef>1</clos:patrimonyRef>
                  <clos:cadastralDivisionCode>YYY</clos:cadastralDivisionCode>
                  <clos:articleNumber>51</clos:articleNumber>
               </clos:patrimonyInformation>
               <clos:report>
                  <clos:type>S</clos:type>
                  <clos:subtype>subtype</clos:subtype>
                  <clos:kind>INITIAL</clos:kind>
                  <clos:cadastralIncome>
                     <com:codeCadastralIncome>a</com:codeCadastralIncome>
                     <com:definitiveCadastralIncome>12</com:definitiveCadastralIncome>
                     <com:dateDefinitive>${=new java.text.SimpleDateFormat("yyyy-MM-dd").format(new Date())}</com:dateDefinitive>
                     <com:reasonDefinitive>my reason</com:reasonDefinitive>
                  </clos:cadastralIncome>
                  <clos:date>${=new java.text.SimpleDateFormat("yyyy-MM-dd").format(new Date())}</clos:date>
                  <clos:motivation>No motivation</clos:motivation>
                  <!--0 to 99 repetitions:-->
                  <clos:newState>
                     <!--1 to 999 repetitions:-->
                     <clos:parcel>
                        <clos:parcelNumber>
                           <clos:section>55254</clos:section>
                           <clos:groundNumber>9555</clos:groundNumber>
                           <clos:bisNumber>2525</clos:bisNumber>
                           <clos:exponent>1414</clos:exponent>
                           <clos:power>me</clos:power>
                           <clos:part>4</clos:part>
                        </clos:parcelNumber>
                        <clos:situation>invalid</clos:situation>
                        <clos:kind>no</clos:kind>
                        <clos:details>test</clos:details>
                        <!--You have a CHOICE of the next 2 items at this level-->
                        <clos:articleNumber>1141</clos:articleNumber>
                        <clos:sequenceNumber>3215</clos:sequenceNumber>
                        <!--0 to 99 repetitions:-->
                        <clos:cadastralInformation>
                           <clos:codeCadastralIncome>12</clos:codeCadastralIncome>
                           <clos:cadastralIncome>12</clos:cadastralIncome>
                           <clos:cadastralIncomePart>42</clos:cadastralIncomePart>
                           <clos:exemption>52</clos:exemption>
                           <clos:daysUnfruitful>5</clos:daysUnfruitful>
                        </clos:cadastralInformation>
                     </clos:parcel>
                     <!--1 to 999 repetitions:-->
                     <clos:owner>
                        <!--You have a CHOICE of the next 2 items at this level-->
                        <clos:person>
                           <!--You have a CHOICE of the next 3 items at this level-->
                           <clos:socialSecurityNumber>125</clos:socialSecurityNumber>
                           <clos:lastname>baptiste</clos:lastname>
                        </clos:person>
                        <clos:rights>Admin</clos:rights>
                        <clos:ownerType>LEGAL_PERSON</clos:ownerType>
                     </clos:owner>
                  </clos:newState>
               </clos:report>
               <!--0 to 99 repetitions:-->
               <clos:linkedDossier>
                  <clos:referenceInitialService>referenceInitialService</clos:referenceInitialService>
                  <clos:referenceFodFin>15</clos:referenceFodFin>
               </clos:linkedDossier>
               <!--0 to 99 repetitions:-->
               <clos:attachment>
                  <com:fileName>cirb</com:fileName>
                  <com:data>    1234   </com:data>
               </clos:attachment>
            </clos:closedDossier>
         </v1:request>
      </v1:closedDossierRequest>
   </soapenv:Body>
</soapenv:Envelope>]]></con:request><con:assertion type="SOAP Fault Assertion" id="38cad3fd-2d44-4b3c-b574-4bb4418a0f9e" name="Not SOAP Fault"/><con:assertion type="SOAP Response" id="34733d93-3e00-4caa-ae25-04923b2df098" name="SOAP Response"/><con:assertion type="Schema Compliance" id="38ebef3d-9901-4b0e-b1ff-8d4efe18dee4" name="Schema Compliance"><con:configuration/></con:assertion><con:wsaConfig action="http://fidus.brussels/services/exportfromregondesservice/closedDossier"/></con:request></con:config></con:testStep><con:properties/></con:testCase><con:testCase id="c7cd5f2b-af00-4e2d-b939-ed48f68e0d2b" failOnError="true" failTestCaseOnErrors="true" keepSession="false" maxResults="0" name="postponedDossier" searchProperties="true"><con:settings/><con:testStep type="request" id="397ef698-de47-42b9-8fa8-454bd35f8b02" name="testcase2 - Dev - Request - Success"><con:settings/><con:config xsi:type="con:RequestStep" xmlns:xsi="http://www.w3.org/2001/XMLSchema-instance"><con:interface>ExportFromRegondesServiceHTTPBinding</con:interface><con:operation>postponedDossier</con:operation><con:request name="testcase2 - Dev - Request - Success" id="c42306f3-a92e-4edd-94b0-b65205f5f144" outgoingWss="Outflow DEV"><con:settings/><con:encoding>UTF-8</con:encoding><con:endpoint>https://192.168.36.61:8243/services/ExportFromRegondesService_v1.0</con:endpoint><con:request><![CDATA[<soapenv:Envelope xmlns:soapenv="http://schemas.xmlsoap.org/soap/envelope/" xmlns:v1="http://fidus.brussels/service/exportfromregondesservice/messages/v1" xmlns:v11="http://fidus.brussels/type/common/messages/v1" xmlns:pos="http://www.minfin.fgov.be/regondes2/extern/taxservice/exports/postponedDossiers" xmlns:com="http://www.minfin.fgov.be/regondes2/extern/taxservice/common">
   <soapenv:Header/>
   <soapenv:Body>
      <v1:postponedDossierRequest>
         <v1:messageContext>
            <v11:messageId>${=import static java.util.UUID.randomUUID; uuid = randomUUID() as String}</v11:messageId>
            <!--Optional:-->
            <v11:timestamp>${=new java.text.SimpleDateFormat("yyyy-MM-dd'T'HH:mm:ss.SSS").format(new Date())}</v11:timestamp>
         </v1:messageContext>
         <v1:legalContext>ServiceIntegrator</v1:legalContext>
         <v1:request>
            <pos:postponedDossier>
               <pos:referenceFodFin>11223344</pos:referenceFodFin>
               <pos:initialService>
                  <!--Optional:-->
                  <com:technicalReference>technicalReference</com:technicalReference>
                  <com:type>AAF</com:type>
                  <com:reference>reference</com:reference>
               </pos:initialService>
               <pos:postponement>
                  <pos:datePostponement>${=new java.text.SimpleDateFormat("yyyy-MM-dd").format(new Date())}</pos:datePostponement>
                  <pos:reasonPostponed>TEST</pos:reasonPostponed>
                  <pos:newTargetDate>${=new java.text.SimpleDateFormat("yyyy-MM-dd").format(new Date())}</pos:newTargetDate>
               </pos:postponement>
            </pos:postponedDossier>
         </v1:request>
      </v1:postponedDossierRequest>
   </soapenv:Body>
</soapenv:Envelope>]]></con:request><con:assertion type="SOAP Fault Assertion" id="97fdbdd7-f9b4-4d9f-bad7-ae9e23bbd7da" name="Not SOAP Fault"/><con:assertion type="SOAP Response" id="feff118b-a530-4cd0-ab70-54109ce3d74f" name="SOAP Response"/><con:assertion type="Schema Compliance" id="fb03f98c-dc9d-4aa8-a6f2-901328abe799" name="Schema Compliance"><con:configuration/></con:assertion><con:wsaConfig action="http://fidus.brussels/services/exportfromregondesservice/postponedDossier"/></con:request></con:config></con:testStep><con:testStep type="request" id="9e391b7e-c00e-4050-ab3a-5d3726a29fe8" name="testcase2 - Dev - Request - Error"><con:settings/><con:config xsi:type="con:RequestStep" xmlns:xsi="http://www.w3.org/2001/XMLSchema-instance"><con:interface>ExportFromRegondesServiceHTTPBinding</con:interface><con:operation>postponedDossier</con:operation><con:request name="testcase2 - Dev - Request - Error" id="ff70e2eb-ba3e-4331-8e56-cc0a72bae91b" outgoingWss="Outflow DEV"><con:settings/><con:encoding>UTF-8</con:encoding><con:endpoint>https://192.168.36.61:8243/services/ExportFromRegondesService_v1.0</con:endpoint><con:request><![CDATA[<soapenv:Envelope xmlns:soapenv="http://schemas.xmlsoap.org/soap/envelope/" xmlns:v1="http://fidus.brussels/service/exportfromregondesservice/messages/v1" xmlns:v11="http://fidus.brussels/type/common/messages/v1" xmlns:pos="http://www.minfin.fgov.be/regondes2/extern/taxservice/exports/postponedDossiers" xmlns:com="http://www.minfin.fgov.be/regondes2/extern/taxservice/common">
   <soapenv:Header/>
   <soapenv:Body>
      <v1:postponedDossierRequest>
         <v1:messageContext>
            <v11:messageId>${=import static java.util.UUID.randomUUID; uuid = randomUUID() as String}</v11:messageId>
            <!--Optional:-->
            <v11:timestamp>${=new java.text.SimpleDateFormat("yyyy-MM-dd'T'HH:mm:ss.SSS").format(new Date())}</v11:timestamp>
         </v1:messageContext>
         <v1:legalContext>ServiceIntegrator</v1:legalContext>
         <v1:request>
            <pos:postponedDossier>
               <!-- <pos:referenceFodFin>12003001507</pos:referenceFodFin> --> <!-- Technical reference not found -->
               <!-- <pos:referenceFodFin>12003001506</pos:referenceFodFin> --> <!-- Reference not found -->  
               <pos:referenceFodFin>11223345</pos:referenceFodFin> <!-- Requested dossier is already close -->
               <pos:initialService>
                  <!--Optional:-->
                  <com:technicalReference>technicalReference</com:technicalReference>
                  <com:type>AAF</com:type>
                  <com:reference>reference</com:reference>
               </pos:initialService>
               <pos:postponement>
                  <pos:datePostponement>${=new java.text.SimpleDateFormat("yyyy-MM-dd").format(new Date())}</pos:datePostponement>
                  <pos:reasonPostponed>TEST</pos:reasonPostponed>
                  <pos:newTargetDate>${=new java.text.SimpleDateFormat("yyyy-MM-dd").format(new Date())}</pos:newTargetDate>
               </pos:postponement>
            </pos:postponedDossier>
         </v1:request>
      </v1:postponedDossierRequest>
   </soapenv:Body>
</soapenv:Envelope>]]></con:request><con:assertion type="SOAP Fault Assertion" id="9ebf01c9-8e8c-4f43-8cc9-180ad32d1c98" name="Not SOAP Fault"/><con:assertion type="SOAP Response" id="6c727477-b6d1-46d5-8d80-ebf316beb542" name="SOAP Response"/><con:assertion type="Schema Compliance" id="62416164-e993-45e7-bdc5-1da5744d16ca" name="Schema Compliance"><con:configuration/></con:assertion><con:wsaConfig action="http://fidus.brussels/services/exportfromregondesservice/postponedDossier"/></con:request></con:config></con:testStep><con:properties/></con:testCase><con:testCase id="349c3e02-cfd8-4a91-ba27-167542b9a65d" failOnError="true" failTestCaseOnErrors="true" keepSession="false" maxResults="0" name="serviceChange" searchProperties="true"><con:settings/><con:testStep type="request" id="e560d1f0-52a4-492d-be98-af0d20698bfa" name="testcase2 - Dev - Request - Success"><con:settings/><con:config xsi:type="con:RequestStep" xmlns:xsi="http://www.w3.org/2001/XMLSchema-instance"><con:interface>ExportFromRegondesServiceHTTPBinding</con:interface><con:operation>serviceChange</con:operation><con:request name="testcase2 - Dev - Request - Success" id="0a8cf247-aaf0-429a-b548-71457acb02a1" outgoingWss="Outflow DEV"><con:settings/><con:encoding>UTF-8</con:encoding><con:endpoint>https://192.168.36.61:8243/services/ExportFromRegondesService_v1.0</con:endpoint><con:request><![CDATA[<soapenv:Envelope xmlns:soapenv="http://schemas.xmlsoap.org/soap/envelope/" xmlns:v1="http://fidus.brussels/service/exportfromregondesservice/messages/v1" xmlns:v11="http://fidus.brussels/type/common/messages/v1" xmlns:ser="http://www.minfin.fgov.be/regondes2/extern/taxservice/exports/serviceChanged" xmlns:com="http://www.minfin.fgov.be/regondes2/extern/taxservice/common">
   <soapenv:Header/>
   <soapenv:Body>
      <v1:serviceChangeRequest>
         <v1:messageContext>
            <v11:messageId>${=import static java.util.UUID.randomUUID; uuid = randomUUID() as String}</v11:messageId>
            <!--Optional:-->
            <v11:timestamp>${=new java.text.SimpleDateFormat("yyyy-MM-dd'T'HH:mm:ss.SSS").format(new Date())}</v11:timestamp>
         </v1:messageContext>
         <v1:legalContext>ServiceIntegrator</v1:legalContext>
         <v1:request>
            <ser:serviceChange>
               <ser:referenceFodFin>11223344</ser:referenceFodFin>
               <ser:initialService>
                  <!--Optional:-->
                  <com:technicalReference>1524</com:technicalReference>
                  <com:type>AAF</com:type>
                  <com:reference>reference</com:reference>
               </ser:initialService>
               <!--1 to 99 repetitions:-->
               <ser:transfer>
                  <ser:serviceName>CIRB</ser:serviceName>
                  <ser:dateIn>${=new java.text.SimpleDateFormat("yyyy-MM-dd").format(new Date())}</ser:dateIn>
                  <!--Optional:-->
                  <ser:dateOut>${=new java.text.SimpleDateFormat("yyyy-MM-dd").format(new Date())}</ser:dateOut>
                  <ser:official>
                     <ser:firstName>jean</ser:firstName>
                     <ser:lastName>baptist</ser:lastName>
                     <ser:phoneNumber>0452363621</ser:phoneNumber>
                     <ser:email>cisyapan@cirb.brussels</ser:email>
                  </ser:official>
               </ser:transfer>
            </ser:serviceChange>
         </v1:request>
      </v1:serviceChangeRequest>
   </soapenv:Body>
</soapenv:Envelope>]]></con:request><con:assertion type="SOAP Fault Assertion" id="eab98ece-34eb-4e85-a93b-5c246c16dbc6" name="Not SOAP Fault"/><con:assertion type="SOAP Response" id="6b441384-e1cf-4c48-a46a-843d8c9c6e3e" name="SOAP Response"/><con:assertion type="Schema Compliance" id="bbeb2099-4f23-4487-b646-0508096f141a" name="Schema Compliance"><con:configuration/></con:assertion><con:wsaConfig action="http://fidus.brussels/services/exportfromregondesservice/serviceChange"/></con:request></con:config></con:testStep><con:testStep type="request" id="5be27c47-9819-4b7e-bfba-255badfa26b9" name="testcase2 - Dev - Request - Error"><con:settings/><con:config xsi:type="con:RequestStep" xmlns:xsi="http://www.w3.org/2001/XMLSchema-instance"><con:interface>ExportFromRegondesServiceHTTPBinding</con:interface><con:operation>serviceChange</con:operation><con:request name="testcase2 - Dev - Request - Error" id="f73080be-87db-47ca-8d77-0ca8c976f5ba" outgoingWss="Outflow DEV"><con:settings/><con:encoding>UTF-8</con:encoding><con:endpoint>https://192.168.36.61:8243/services/ExportFromRegondesService_v1.0</con:endpoint><con:request><![CDATA[<soapenv:Envelope xmlns:soapenv="http://schemas.xmlsoap.org/soap/envelope/" xmlns:v1="http://fidus.brussels/service/exportfromregondesservice/messages/v1" xmlns:v11="http://fidus.brussels/type/common/messages/v1" xmlns:ser="http://www.minfin.fgov.be/regondes2/extern/taxservice/exports/serviceChanged" xmlns:com="http://www.minfin.fgov.be/regondes2/extern/taxservice/common">
   <soapenv:Header/>
   <soapenv:Body>
      <v1:serviceChangeRequest>
         <v1:messageContext>
            <v11:messageId>${=import static java.util.UUID.randomUUID; uuid = randomUUID() as String}</v11:messageId>
            <!--Optional:-->
            <v11:timestamp>${=new java.text.SimpleDateFormat("yyyy-MM-dd'T'HH:mm:ss.SSS").format(new Date())}</v11:timestamp>
         </v1:messageContext>
         <v1:legalContext>ServiceIntegrator</v1:legalContext>
         <v1:request>
            <ser:serviceChange>
               <!-- <ser:referenceFodFin>11223347</ser:referenceFodFin> --> <!-- Technical reference not found -->
               <!-- <ser:referenceFodFin>11223346</ser:referenceFodFin> --> <!-- Reference not found -->  
               <ser:referenceFodFin>11223345</ser:referenceFodFin> <!-- Requested dossier is already close -->
               <ser:initialService>
                  <!--Optional:-->
                  <com:technicalReference>1524</com:technicalReference>
                  <com:type>AAF</com:type>
                  <com:reference>reference</com:reference>
               </ser:initialService>
               <!--1 to 99 repetitions:-->
               <ser:transfer>
                  <ser:serviceName>CIRB</ser:serviceName>
                  <ser:dateIn>${=new java.text.SimpleDateFormat("yyyy-MM-dd").format(new Date())}</ser:dateIn>
                  <!--Optional:-->
                  <ser:dateOut>${=new java.text.SimpleDateFormat("yyyy-MM-dd").format(new Date())}</ser:dateOut>
                  <ser:official>
                     <ser:firstName>jean</ser:firstName>
                     <ser:lastName>baptist</ser:lastName>
                     <ser:phoneNumber>0452363621</ser:phoneNumber>
                     <ser:email>cisyapan@cirb.brussels</ser:email>
                  </ser:official>
               </ser:transfer>
            </ser:serviceChange>
         </v1:request>
      </v1:serviceChangeRequest>
   </soapenv:Body>
</soapenv:Envelope>]]></con:request><con:assertion type="SOAP Fault Assertion" id="56b55c17-8e2f-4947-a0d5-46c6755112ec" name="Not SOAP Fault"/><con:assertion type="SOAP Response" id="db88c058-409b-4b1d-adec-fd8d4ce7a15d" name="SOAP Response"/><con:assertion type="Schema Compliance" id="733a9afb-1398-41fd-beb2-a652540a6ff3" name="Schema Compliance"><con:configuration/></con:assertion><con:wsaConfig action="http://fidus.brussels/services/exportfromregondesservice/serviceChange"/></con:request></con:config></con:testStep><con:properties/></con:testCase><con:properties/></con:testSuite><con:testSuite id="94d06c7e-b650-4c6f-9d80-fc43e6674b96" name="TEST"><con:settings/><con:runType>SEQUENTIAL</con:runType><con:testCase id="44851d74-9497-4968-92bd-f5ab7996d0cc" failOnError="true" failTestCaseOnErrors="true" keepSession="false" maxResults="0" name="closedDossier" searchProperties="true"><con:settings/><con:testStep type="request" id="42f33d3c-9a92-49b0-8122-f5a4399521dc" name="testcase3 - Test - LB - Request"><con:settings/><con:config xsi:type="con:RequestStep" xmlns:xsi="http://www.w3.org/2001/XMLSchema-instance"><con:interface>ExportFromRegondesServiceHTTPBinding</con:interface><con:operation>closedDossier</con:operation><con:request name="testcase3 - Test - LB - Request" id="d743b2df-f35b-4391-b521-4833178207b8" outgoingWss="Outflow TEST"><con:settings/><con:encoding>UTF-8</con:encoding><con:endpoint>https://esb-security-gw.sta.srv.cirb.lan:8443/services/ExportFromRegondesService_v1.0</con:endpoint><con:request><![CDATA[<soapenv:Envelope xmlns:soapenv="http://schemas.xmlsoap.org/soap/envelope/" xmlns:v1="http://fidus.brussels/service/exportfromregondesservice/messages/v1" xmlns:v11="http://fidus.brussels/type/common/messages/v1" xmlns:clos="http://www.minfin.fgov.be/regondes2/extern/taxservice/exports/closedDossiers" xmlns:com="http://www.minfin.fgov.be/regondes2/extern/taxservice/common">
   <soapenv:Header/>
   <soapenv:Body>
      <v1:closedDossierRequest>
         <v1:messageContext>
            <v11:messageId>${=import static java.util.UUID.randomUUID; uuid = randomUUID() as String}</v11:messageId>
            <v11:timestamp>${=new java.text.SimpleDateFormat("yyyy-MM-dd'T'HH:mm:ss.SSS").format(new Date())}</v11:timestamp>
         </v1:messageContext>
         <v1:legalContext>ServiceIntegrator</v1:legalContext>
         <v1:request>
            <clos:closedDossier> 
               <clos:referenceFodFin>11223344</clos:referenceFodFin>
               <clos:fiscalYear>2017</clos:fiscalYear>
               <clos:initialService>
                  <com:technicalReference>technicalReference</com:technicalReference>
                  <com:type>AAF</com:type>
                  <clos:reference>reference</clos:reference>
               </clos:initialService>
               <clos:patrimonyInformation>
                  <clos:typeDossier>AA</clos:typeDossier>
                  <clos:patrimonyFrom>${=new java.text.SimpleDateFormat("yyyy-MM-dd").format(new Date())}</clos:patrimonyFrom>
                  <clos:patrimonyRef>1</clos:patrimonyRef>
                  <clos:cadastralDivisionCode>YYY</clos:cadastralDivisionCode>
                  <clos:articleNumber>51</clos:articleNumber>
               </clos:patrimonyInformation>
               <clos:report>
                  <clos:type>S</clos:type>
                  <clos:subtype>subtype</clos:subtype>
                  <clos:kind>INITIAL</clos:kind>
                  <clos:cadastralIncome>
                     <com:codeCadastralIncome>a</com:codeCadastralIncome>
                     <com:definitiveCadastralIncome>12</com:definitiveCadastralIncome>
                     <com:dateDefinitive>${=new java.text.SimpleDateFormat("yyyy-MM-dd").format(new Date())}</com:dateDefinitive>
                     <com:reasonDefinitive>my reason</com:reasonDefinitive>
                  </clos:cadastralIncome>
                  <clos:date>${=new java.text.SimpleDateFormat("yyyy-MM-dd").format(new Date())}</clos:date>
                  <clos:motivation>No motivation</clos:motivation>
                  <!--0 to 99 repetitions:-->
                  <clos:newState>
                     <!--1 to 999 repetitions:-->
                     <clos:parcel>
                        <clos:parcelNumber>
                           <clos:section>55254</clos:section>
                           <clos:groundNumber>9555</clos:groundNumber>
                           <clos:bisNumber>2525</clos:bisNumber>
                           <clos:exponent>1414</clos:exponent>
                           <clos:power>me</clos:power>
                           <clos:part>4</clos:part>
                        </clos:parcelNumber>
                        <clos:situation>invalid</clos:situation>
                        <clos:kind>no</clos:kind>
                        <clos:details>test</clos:details>
                        <!--You have a CHOICE of the next 2 items at this level-->
                        <clos:articleNumber>1141</clos:articleNumber>
                        <clos:sequenceNumber>3215</clos:sequenceNumber>
                        <!--0 to 99 repetitions:-->
                        <clos:cadastralInformation>
                           <clos:codeCadastralIncome>12</clos:codeCadastralIncome>
                           <clos:cadastralIncome>12</clos:cadastralIncome>
                           <clos:cadastralIncomePart>42</clos:cadastralIncomePart>
                           <clos:exemption>52</clos:exemption>
                           <clos:daysUnfruitful>5</clos:daysUnfruitful>
                        </clos:cadastralInformation>
                     </clos:parcel>
                     <!--1 to 999 repetitions:-->
                     <clos:owner>
                        <!--You have a CHOICE of the next 2 items at this level-->
                        <clos:person>
                           <!--You have a CHOICE of the next 3 items at this level-->
                           <clos:socialSecurityNumber>125</clos:socialSecurityNumber>
                           <clos:lastname>baptiste</clos:lastname>
                        </clos:person>
                        <clos:rights>Admin</clos:rights>
                        <clos:ownerType>LEGAL_PERSON</clos:ownerType>
                     </clos:owner>
                  </clos:newState>
               </clos:report>
               <!--0 to 99 repetitions:-->
               <clos:linkedDossier>
                  <clos:referenceInitialService>referenceInitialService</clos:referenceInitialService>
                  <clos:referenceFodFin>15</clos:referenceFodFin>
               </clos:linkedDossier>
               <!--0 to 99 repetitions:-->
               <clos:attachment>
                  <com:fileName>cirb</com:fileName>
                  <com:data>    1234   </com:data>
               </clos:attachment>
            </clos:closedDossier>
         </v1:request>
      </v1:closedDossierRequest>
   </soapenv:Body>
</soapenv:Envelope>]]></con:request><con:assertion type="SOAP Fault Assertion" id="b5695651-fa49-4e0f-90f1-0c0a39c55063" name="Not SOAP Fault"/><con:assertion type="SOAP Response" id="17d48aa2-ea3f-4372-a66b-86a726446726" name="SOAP Response"/><con:assertion type="Schema Compliance" id="45dbd1c7-4e95-470b-a6f9-28db06bd589f" name="Schema Compliance"><con:configuration/></con:assertion><con:wsaConfig action="http://fidus.brussels/services/exportfromregondesservice/closedDossier"/></con:request></con:config></con:testStep><con:testStep type="request" id="f8bf2d98-36f5-4fff-bb23-3a1b4d4c7c45" name="testcase3 - Test - Worker1 - Request"><con:settings/><con:config xsi:type="con:RequestStep" xmlns:xsi="http://www.w3.org/2001/XMLSchema-instance"><con:interface>ExportFromRegondesServiceHTTPBinding</con:interface><con:operation>closedDossier</con:operation><con:request name="testcase3 - Test - Worker1 - Request" id="28753bd8-7124-4733-a2e0-c1e933ada576" outgoingWss="Outflow TEST"><con:settings/><con:encoding>UTF-8</con:encoding><con:endpoint>https://192.168.24.45:8443/services/ExportFromRegondesService_v1.0</con:endpoint><con:request><![CDATA[<soapenv:Envelope xmlns:soapenv="http://schemas.xmlsoap.org/soap/envelope/" xmlns:v1="http://fidus.brussels/service/exportfromregondesservice/messages/v1" xmlns:v11="http://fidus.brussels/type/common/messages/v1" xmlns:clos="http://www.minfin.fgov.be/regondes2/extern/taxservice/exports/closedDossiers" xmlns:com="http://www.minfin.fgov.be/regondes2/extern/taxservice/common">
   <soapenv:Header/>
   <soapenv:Body>
      <v1:closedDossierRequest>
         <v1:messageContext>
            <v11:messageId>${=import static java.util.UUID.randomUUID; uuid = randomUUID() as String}</v11:messageId>
            <v11:timestamp>${=new java.text.SimpleDateFormat("yyyy-MM-dd'T'HH:mm:ss.SSS").format(new Date())}</v11:timestamp>
         </v1:messageContext>
         <v1:legalContext>ServiceIntegrator</v1:legalContext>
         <v1:request>
            <clos:closedDossier> 
               <clos:referenceFodFin>11223344</clos:referenceFodFin>
               <clos:fiscalYear>2017</clos:fiscalYear>
               <clos:initialService>
                  <com:technicalReference>technicalReference</com:technicalReference>
                  <com:type>AAF</com:type>
                  <clos:reference>reference</clos:reference>
               </clos:initialService>
               <clos:patrimonyInformation>
                  <clos:typeDossier>AA</clos:typeDossier>
                  <clos:patrimonyFrom>${=new java.text.SimpleDateFormat("yyyy-MM-dd").format(new Date())}</clos:patrimonyFrom>
                  <clos:patrimonyRef>1</clos:patrimonyRef>
                  <clos:cadastralDivisionCode>YYY</clos:cadastralDivisionCode>
                  <clos:articleNumber>51</clos:articleNumber>
               </clos:patrimonyInformation>
               <clos:report>
                  <clos:type>S</clos:type>
                  <clos:subtype>subtype</clos:subtype>
                  <clos:kind>INITIAL</clos:kind>
                  <clos:cadastralIncome>
                     <com:codeCadastralIncome>a</com:codeCadastralIncome>
                     <com:definitiveCadastralIncome>12</com:definitiveCadastralIncome>
                     <com:dateDefinitive>${=new java.text.SimpleDateFormat("yyyy-MM-dd").format(new Date())}</com:dateDefinitive>
                     <com:reasonDefinitive>my reason</com:reasonDefinitive>
                  </clos:cadastralIncome>
                  <clos:date>${=new java.text.SimpleDateFormat("yyyy-MM-dd").format(new Date())}</clos:date>
                  <clos:motivation>No motivation</clos:motivation>
                  <!--0 to 99 repetitions:-->
                  <clos:newState>
                     <!--1 to 999 repetitions:-->
                     <clos:parcel>
                        <clos:parcelNumber>
                           <clos:section>55254</clos:section>
                           <clos:groundNumber>9555</clos:groundNumber>
                           <clos:bisNumber>2525</clos:bisNumber>
                           <clos:exponent>1414</clos:exponent>
                           <clos:power>me</clos:power>
                           <clos:part>4</clos:part>
                        </clos:parcelNumber>
                        <clos:situation>invalid</clos:situation>
                        <clos:kind>no</clos:kind>
                        <clos:details>test</clos:details>
                        <!--You have a CHOICE of the next 2 items at this level-->
                        <clos:articleNumber>1141</clos:articleNumber>
                        <clos:sequenceNumber>3215</clos:sequenceNumber>
                        <!--0 to 99 repetitions:-->
                        <clos:cadastralInformation>
                           <clos:codeCadastralIncome>12</clos:codeCadastralIncome>
                           <clos:cadastralIncome>12</clos:cadastralIncome>
                           <clos:cadastralIncomePart>42</clos:cadastralIncomePart>
                           <clos:exemption>52</clos:exemption>
                           <clos:daysUnfruitful>5</clos:daysUnfruitful>
                        </clos:cadastralInformation>
                     </clos:parcel>
                     <!--1 to 999 repetitions:-->
                     <clos:owner>
                        <!--You have a CHOICE of the next 2 items at this level-->
                        <clos:person>
                           <!--You have a CHOICE of the next 3 items at this level-->
                           <clos:socialSecurityNumber>125</clos:socialSecurityNumber>
                           <clos:lastname>baptiste</clos:lastname>
                        </clos:person>
                        <clos:rights>Admin</clos:rights>
                        <clos:ownerType>LEGAL_PERSON</clos:ownerType>
                     </clos:owner>
                  </clos:newState>
               </clos:report>
               <!--0 to 99 repetitions:-->
               <clos:linkedDossier>
                  <clos:referenceInitialService>referenceInitialService</clos:referenceInitialService>
                  <clos:referenceFodFin>15</clos:referenceFodFin>
               </clos:linkedDossier>
               <!--0 to 99 repetitions:-->
               <clos:attachment>
                  <com:fileName>cirb</com:fileName>
                  <com:data>    1234   </com:data>
               </clos:attachment>
            </clos:closedDossier>
         </v1:request>
      </v1:closedDossierRequest>
   </soapenv:Body>
</soapenv:Envelope>]]></con:request><con:assertion type="SOAP Fault Assertion" id="cde1ec13-0674-4ee3-b695-8cf1683d4d00" name="Not SOAP Fault"/><con:assertion type="SOAP Response" id="5d547338-7023-40c0-b0bc-03e7c4a2d35a" name="SOAP Response"/><con:assertion type="Schema Compliance" id="7bc10205-02f3-4a56-942d-09d7384bda4e" name="Schema Compliance"><con:configuration/></con:assertion><con:wsaConfig action="http://fidus.brussels/services/exportfromregondesservice/closedDossier"/></con:request></con:config></con:testStep><con:testStep type="request" id="43eb76c7-602f-43f5-b1d3-d370563c98a0" name="testcase3 - Test - Worker2 - Request"><con:settings/><con:config xsi:type="con:RequestStep" xmlns:xsi="http://www.w3.org/2001/XMLSchema-instance"><con:interface>ExportFromRegondesServiceHTTPBinding</con:interface><con:operation>closedDossier</con:operation><con:request name="testcase3 - Test - Worker2 - Request" id="898f3b34-9aae-455b-83ca-ecc427083098" outgoingWss="Outflow TEST"><con:settings/><con:encoding>UTF-8</con:encoding><con:endpoint>https://192.168.24.51:8443/services/ExportFromRegondesService_v1.0</con:endpoint><con:request><![CDATA[<soapenv:Envelope xmlns:soapenv="http://schemas.xmlsoap.org/soap/envelope/" xmlns:v1="http://fidus.brussels/service/exportfromregondesservice/messages/v1" xmlns:v11="http://fidus.brussels/type/common/messages/v1" xmlns:clos="http://www.minfin.fgov.be/regondes2/extern/taxservice/exports/closedDossiers" xmlns:com="http://www.minfin.fgov.be/regondes2/extern/taxservice/common">
   <soapenv:Header/>
   <soapenv:Body>
      <v1:closedDossierRequest>
         <v1:messageContext>
            <v11:messageId>${=import static java.util.UUID.randomUUID; uuid = randomUUID() as String}</v11:messageId>
            <v11:timestamp>${=new java.text.SimpleDateFormat("yyyy-MM-dd'T'HH:mm:ss.SSS").format(new Date())}</v11:timestamp>
         </v1:messageContext>
         <v1:legalContext>ServiceIntegrator</v1:legalContext>
         <v1:request>
            <clos:closedDossier> 
               <clos:referenceFodFin>11223344</clos:referenceFodFin>
               <clos:fiscalYear>2017</clos:fiscalYear>
               <clos:initialService>
                  <com:technicalReference>technicalReference</com:technicalReference>
                  <com:type>AAF</com:type>
                  <clos:reference>reference</clos:reference>
               </clos:initialService>
               <clos:patrimonyInformation>
                  <clos:typeDossier>AA</clos:typeDossier>
                  <clos:patrimonyFrom>${=new java.text.SimpleDateFormat("yyyy-MM-dd").format(new Date())}</clos:patrimonyFrom>
                  <clos:patrimonyRef>1</clos:patrimonyRef>
                  <clos:cadastralDivisionCode>YYY</clos:cadastralDivisionCode>
                  <clos:articleNumber>51</clos:articleNumber>
               </clos:patrimonyInformation>
               <clos:report>
                  <clos:type>S</clos:type>
                  <clos:subtype>subtype</clos:subtype>
                  <clos:kind>INITIAL</clos:kind>
                  <clos:cadastralIncome>
                     <com:codeCadastralIncome>a</com:codeCadastralIncome>
                     <com:definitiveCadastralIncome>12</com:definitiveCadastralIncome>
                     <com:dateDefinitive>${=new java.text.SimpleDateFormat("yyyy-MM-dd").format(new Date())}</com:dateDefinitive>
                     <com:reasonDefinitive>my reason</com:reasonDefinitive>
                  </clos:cadastralIncome>
                  <clos:date>${=new java.text.SimpleDateFormat("yyyy-MM-dd").format(new Date())}</clos:date>
                  <clos:motivation>No motivation</clos:motivation>
                  <!--0 to 99 repetitions:-->
                  <clos:newState>
                     <!--1 to 999 repetitions:-->
                     <clos:parcel>
                        <clos:parcelNumber>
                           <clos:section>55254</clos:section>
                           <clos:groundNumber>9555</clos:groundNumber>
                           <clos:bisNumber>2525</clos:bisNumber>
                           <clos:exponent>1414</clos:exponent>
                           <clos:power>me</clos:power>
                           <clos:part>4</clos:part>
                        </clos:parcelNumber>
                        <clos:situation>invalid</clos:situation>
                        <clos:kind>no</clos:kind>
                        <clos:details>test</clos:details>
                        <!--You have a CHOICE of the next 2 items at this level-->
                        <clos:articleNumber>1141</clos:articleNumber>
                        <clos:sequenceNumber>3215</clos:sequenceNumber>
                        <!--0 to 99 repetitions:-->
                        <clos:cadastralInformation>
                           <clos:codeCadastralIncome>12</clos:codeCadastralIncome>
                           <clos:cadastralIncome>12</clos:cadastralIncome>
                           <clos:cadastralIncomePart>42</clos:cadastralIncomePart>
                           <clos:exemption>52</clos:exemption>
                           <clos:daysUnfruitful>5</clos:daysUnfruitful>
                        </clos:cadastralInformation>
                     </clos:parcel>
                     <!--1 to 999 repetitions:-->
                     <clos:owner>
                        <!--You have a CHOICE of the next 2 items at this level-->
                        <clos:person>
                           <!--You have a CHOICE of the next 3 items at this level-->
                           <clos:socialSecurityNumber>125</clos:socialSecurityNumber>
                           <clos:lastname>baptiste</clos:lastname>
                        </clos:person>
                        <clos:rights>Admin</clos:rights>
                        <clos:ownerType>LEGAL_PERSON</clos:ownerType>
                     </clos:owner>
                  </clos:newState>
               </clos:report>
               <!--0 to 99 repetitions:-->
               <clos:linkedDossier>
                  <clos:referenceInitialService>referenceInitialService</clos:referenceInitialService>
                  <clos:referenceFodFin>15</clos:referenceFodFin>
               </clos:linkedDossier>
               <!--0 to 99 repetitions:-->
               <clos:attachment>
                  <com:fileName>cirb</com:fileName>
                  <com:data>    1234   </com:data>
               </clos:attachment>
            </clos:closedDossier>
         </v1:request>
      </v1:closedDossierRequest>
   </soapenv:Body>
</soapenv:Envelope>]]></con:request><con:assertion type="SOAP Fault Assertion" id="fd1e2249-a751-4bd1-906c-7cbc95a21ee7" name="Not SOAP Fault"/><con:assertion type="SOAP Response" id="4986dcee-b5aa-4d3a-93c4-5f2a9c9754f7" name="SOAP Response"/><con:assertion type="Schema Compliance" id="c4f9a35b-102f-4000-b962-c3dfabe30894" name="Schema Compliance"><con:configuration/></con:assertion><con:wsaConfig action="http://fidus.brussels/services/exportfromregondesservice/closedDossier"/></con:request></con:config></con:testStep><con:testStep type="request" id="7202127c-2aa4-43ee-abd7-1f2730cd562d" name="testcase3 - Test - External - Request"><con:settings/><con:config xsi:type="con:RequestStep" xmlns:xsi="http://www.w3.org/2001/XMLSchema-instance"><con:interface>ExportFromRegondesServiceHTTPBinding</con:interface><con:operation>closedDossier</con:operation><con:request name="testcase3 - Test - External - Request" id="5cb74464-82ff-4647-bb4f-dbc203608972" outgoingWss="Outflow TEST"><con:settings/><con:encoding>UTF-8</con:encoding><con:endpoint>https://fidus-test.irisnetlab.be/services/ExportFromRegondesService_v1.0</con:endpoint><con:request><![CDATA[<soapenv:Envelope xmlns:soapenv="http://schemas.xmlsoap.org/soap/envelope/" xmlns:v1="http://fidus.brussels/service/exportfromregondesservice/messages/v1" xmlns:v11="http://fidus.brussels/type/common/messages/v1" xmlns:clos="http://www.minfin.fgov.be/regondes2/extern/taxservice/exports/closedDossiers" xmlns:com="http://www.minfin.fgov.be/regondes2/extern/taxservice/common">
   <soapenv:Header/>
   <soapenv:Body>
      <v1:closedDossierRequest>
         <v1:messageContext>
            <v11:messageId>${=import static java.util.UUID.randomUUID; uuid = randomUUID() as String}</v11:messageId>
            <v11:timestamp>${=new java.text.SimpleDateFormat("yyyy-MM-dd'T'HH:mm:ss.SSS").format(new Date())}</v11:timestamp>
         </v1:messageContext>
         <v1:legalContext>ServiceIntegrator</v1:legalContext>
         <v1:request>
            <clos:closedDossier> 
               <clos:referenceFodFin>11223344</clos:referenceFodFin>
               <clos:fiscalYear>2017</clos:fiscalYear>
               <clos:initialService>
                  <com:technicalReference>technicalReference</com:technicalReference>
                  <com:type>AAF</com:type>
                  <clos:reference>reference</clos:reference>
               </clos:initialService>
               <clos:patrimonyInformation>
                  <clos:typeDossier>AA</clos:typeDossier>
                  <clos:patrimonyFrom>${=new java.text.SimpleDateFormat("yyyy-MM-dd").format(new Date())}</clos:patrimonyFrom>
                  <clos:patrimonyRef>1</clos:patrimonyRef>
                  <clos:cadastralDivisionCode>YYY</clos:cadastralDivisionCode>
                  <clos:articleNumber>51</clos:articleNumber>
               </clos:patrimonyInformation>
               <clos:report>
                  <clos:type>S</clos:type>
                  <clos:subtype>subtype</clos:subtype>
                  <clos:kind>INITIAL</clos:kind>
                  <clos:cadastralIncome>
                     <com:codeCadastralIncome>a</com:codeCadastralIncome>
                     <com:definitiveCadastralIncome>12</com:definitiveCadastralIncome>
                     <com:dateDefinitive>${=new java.text.SimpleDateFormat("yyyy-MM-dd").format(new Date())}</com:dateDefinitive>
                     <com:reasonDefinitive>my reason</com:reasonDefinitive>
                  </clos:cadastralIncome>
                  <clos:date>${=new java.text.SimpleDateFormat("yyyy-MM-dd").format(new Date())}</clos:date>
                  <clos:motivation>No motivation</clos:motivation>
                  <!--0 to 99 repetitions:-->
                  <clos:newState>
                     <!--1 to 999 repetitions:-->
                     <clos:parcel>
                        <clos:parcelNumber>
                           <clos:section>55254</clos:section>
                           <clos:groundNumber>9555</clos:groundNumber>
                           <clos:bisNumber>2525</clos:bisNumber>
                           <clos:exponent>1414</clos:exponent>
                           <clos:power>me</clos:power>
                           <clos:part>4</clos:part>
                        </clos:parcelNumber>
                        <clos:situation>invalid</clos:situation>
                        <clos:kind>no</clos:kind>
                        <clos:details>test</clos:details>
                        <!--You have a CHOICE of the next 2 items at this level-->
                        <clos:articleNumber>1141</clos:articleNumber>
                        <clos:sequenceNumber>3215</clos:sequenceNumber>
                        <!--0 to 99 repetitions:-->
                        <clos:cadastralInformation>
                           <clos:codeCadastralIncome>12</clos:codeCadastralIncome>
                           <clos:cadastralIncome>12</clos:cadastralIncome>
                           <clos:cadastralIncomePart>42</clos:cadastralIncomePart>
                           <clos:exemption>52</clos:exemption>
                           <clos:daysUnfruitful>5</clos:daysUnfruitful>
                        </clos:cadastralInformation>
                     </clos:parcel>
                     <!--1 to 999 repetitions:-->
                     <clos:owner>
                        <!--You have a CHOICE of the next 2 items at this level-->
                        <clos:person>
                           <!--You have a CHOICE of the next 3 items at this level-->
                           <clos:socialSecurityNumber>125</clos:socialSecurityNumber>
                           <clos:lastname>baptiste</clos:lastname>
                        </clos:person>
                        <clos:rights>Admin</clos:rights>
                        <clos:ownerType>LEGAL_PERSON</clos:ownerType>
                     </clos:owner>
                  </clos:newState>
               </clos:report>
               <!--0 to 99 repetitions:-->
               <clos:linkedDossier>
                  <clos:referenceInitialService>referenceInitialService</clos:referenceInitialService>
                  <clos:referenceFodFin>15</clos:referenceFodFin>
               </clos:linkedDossier>
               <!--0 to 99 repetitions:-->
               <clos:attachment>
                  <com:fileName>cirb</com:fileName>
                  <com:data>    1234   </com:data>
               </clos:attachment>
            </clos:closedDossier>
         </v1:request>
      </v1:closedDossierRequest>
   </soapenv:Body>
</soapenv:Envelope>]]></con:request><con:assertion type="SOAP Fault Assertion" id="91690463-5460-484f-a07e-4536a147ca0f" name="Not SOAP Fault"/><con:assertion type="SOAP Response" id="8245d01b-6b2d-42ee-9248-62e3859f07fa" name="SOAP Response"/><con:assertion type="Schema Compliance" id="74dd5e21-263a-4f40-a3b5-ae3a860f4611" name="Schema Compliance"><con:configuration/></con:assertion><con:wsaConfig action="http://fidus.brussels/services/exportfromregondesservice/closedDossier"/></con:request></con:config></con:testStep><con:properties/></con:testCase><con:testCase id="1e676fd0-fdf6-48f7-9155-e8627a8a8fd3" failOnError="true" failTestCaseOnErrors="true" keepSession="false" maxResults="0" name="postponedDossier" searchProperties="true"><con:settings/><con:testStep type="request" id="d5f7ed0a-de69-4df6-8a68-5427dcc9591d" name="testcase3 - Test - LB - Request"><con:settings/><con:config xsi:type="con:RequestStep" xmlns:xsi="http://www.w3.org/2001/XMLSchema-instance"><con:interface>ExportFromRegondesServiceHTTPBinding</con:interface><con:operation>postponedDossier</con:operation><con:request name="testcase3 - Test - LB - Request" id="db299f78-2f6e-4950-bcf6-fe1493a1daa8" outgoingWss="Outflow TEST"><con:settings/><con:encoding>UTF-8</con:encoding><con:endpoint>https://esb-security-gw.sta.srv.cirb.lan:8443/services/ExportFromRegondesService_v1.0</con:endpoint><con:request><![CDATA[<soapenv:Envelope xmlns:soapenv="http://schemas.xmlsoap.org/soap/envelope/" xmlns:v1="http://fidus.brussels/service/exportfromregondesservice/messages/v1" xmlns:v11="http://fidus.brussels/type/common/messages/v1" xmlns:pos="http://www.minfin.fgov.be/regondes2/extern/taxservice/exports/postponedDossiers" xmlns:com="http://www.minfin.fgov.be/regondes2/extern/taxservice/common">
   <soapenv:Header/>
   <soapenv:Body>
      <v1:postponedDossierRequest>
         <v1:messageContext>
            <v11:messageId>${=import static java.util.UUID.randomUUID; uuid = randomUUID() as String}</v11:messageId>
            <!--Optional:-->
            <v11:timestamp>${=new java.text.SimpleDateFormat("yyyy-MM-dd'T'HH:mm:ss.SSS").format(new Date())}</v11:timestamp>
         </v1:messageContext>
         <v1:legalContext>ServiceIntegrator</v1:legalContext>
         <v1:request>
            <pos:postponedDossier>
               <pos:referenceFodFin>11223344</pos:referenceFodFin>
               <pos:initialService>
                  <!--Optional:-->
                  <com:technicalReference>technicalReference</com:technicalReference>
                  <com:type>AAF</com:type>
                  <com:reference>reference</com:reference>
               </pos:initialService>
               <pos:postponement>
                  <pos:datePostponement>${=new java.text.SimpleDateFormat("yyyy-MM-dd").format(new Date())}</pos:datePostponement>
                  <pos:reasonPostponed>TEST</pos:reasonPostponed>
                  <pos:newTargetDate>${=new java.text.SimpleDateFormat("yyyy-MM-dd").format(new Date())}</pos:newTargetDate>
               </pos:postponement>
            </pos:postponedDossier>
         </v1:request>
      </v1:postponedDossierRequest>
   </soapenv:Body>
</soapenv:Envelope>]]></con:request><con:assertion type="SOAP Fault Assertion" id="9a8bcef0-ac8e-43e2-8b5b-326ba386aab8" name="Not SOAP Fault"/><con:assertion type="SOAP Response" id="75307eb4-683d-48c5-b0b8-15429c859e35" name="SOAP Response"/><con:assertion type="Schema Compliance" id="9b34b12d-9562-4a6e-afc7-a53f89ac93aa" name="Schema Compliance"><con:configuration/></con:assertion><con:wsaConfig action="http://fidus.brussels/services/exportfromregondesservice/postponedDossier"/></con:request></con:config></con:testStep><con:testStep type="request" id="72965ecd-cd64-442a-8407-6b70152b09ac" name="testcase3 - Test - Worker1 - Request"><con:settings/><con:config xsi:type="con:RequestStep" xmlns:xsi="http://www.w3.org/2001/XMLSchema-instance"><con:interface>ExportFromRegondesServiceHTTPBinding</con:interface><con:operation>postponedDossier</con:operation><con:request name="testcase3 - Test - Worker1 - Request" id="171e75cb-fc51-4566-945b-2874bf5fd9f0" outgoingWss="Outflow TEST"><con:settings/><con:encoding>UTF-8</con:encoding><con:endpoint>https://192.168.24.45:8443/services/ExportFromRegondesService_v1.0</con:endpoint><con:request><![CDATA[<soapenv:Envelope xmlns:soapenv="http://schemas.xmlsoap.org/soap/envelope/" xmlns:v1="http://fidus.brussels/service/exportfromregondesservice/messages/v1" xmlns:v11="http://fidus.brussels/type/common/messages/v1" xmlns:pos="http://www.minfin.fgov.be/regondes2/extern/taxservice/exports/postponedDossiers" xmlns:com="http://www.minfin.fgov.be/regondes2/extern/taxservice/common">
   <soapenv:Header/>
   <soapenv:Body>
      <v1:postponedDossierRequest>
         <v1:messageContext>
            <v11:messageId>${=import static java.util.UUID.randomUUID; uuid = randomUUID() as String}</v11:messageId>
            <!--Optional:-->
            <v11:timestamp>${=new java.text.SimpleDateFormat("yyyy-MM-dd'T'HH:mm:ss.SSS").format(new Date())}</v11:timestamp>
         </v1:messageContext>
         <v1:legalContext>ServiceIntegrator</v1:legalContext>
         <v1:request>
            <pos:postponedDossier>
               <pos:referenceFodFin>11223344</pos:referenceFodFin>
               <pos:initialService>
                  <!--Optional:-->
                  <com:technicalReference>technicalReference</com:technicalReference>
                  <com:type>AAF</com:type>
                  <com:reference>reference</com:reference>
               </pos:initialService>
               <pos:postponement>
                  <pos:datePostponement>${=new java.text.SimpleDateFormat("yyyy-MM-dd").format(new Date())}</pos:datePostponement>
                  <pos:reasonPostponed>TEST</pos:reasonPostponed>
                  <pos:newTargetDate>${=new java.text.SimpleDateFormat("yyyy-MM-dd").format(new Date())}</pos:newTargetDate>
               </pos:postponement>
            </pos:postponedDossier>
         </v1:request>
      </v1:postponedDossierRequest>
   </soapenv:Body>
</soapenv:Envelope>]]></con:request><con:assertion type="SOAP Fault Assertion" id="2cfab7ff-b8b3-4770-887a-5ff66a2c12b3" name="Not SOAP Fault"/><con:assertion type="SOAP Response" id="d1e32a9b-ec62-4718-8370-0fba253dcca4" name="SOAP Response"/><con:assertion type="Schema Compliance" id="6221c765-4274-401e-878c-7f25f9a65d4c" name="Schema Compliance"><con:configuration/></con:assertion><con:wsaConfig action="http://fidus.brussels/services/exportfromregondesservice/postponedDossier"/></con:request></con:config></con:testStep><con:testStep type="request" id="4034ca6e-54f7-445d-ac1c-0fb86e5d3dd1" name="testcase3 - Test - Worker2 - Request"><con:settings/><con:config xsi:type="con:RequestStep" xmlns:xsi="http://www.w3.org/2001/XMLSchema-instance"><con:interface>ExportFromRegondesServiceHTTPBinding</con:interface><con:operation>postponedDossier</con:operation><con:request name="testcase3 - Test - Worker2 - Request" id="9d1f2dc5-ef7e-4a59-9d29-0f42e59da457" outgoingWss="Outflow TEST"><con:settings/><con:encoding>UTF-8</con:encoding><con:endpoint>https://192.168.24.51:8443/services/ExportFromRegondesService_v1.0</con:endpoint><con:request><![CDATA[<soapenv:Envelope xmlns:soapenv="http://schemas.xmlsoap.org/soap/envelope/" xmlns:v1="http://fidus.brussels/service/exportfromregondesservice/messages/v1" xmlns:v11="http://fidus.brussels/type/common/messages/v1" xmlns:pos="http://www.minfin.fgov.be/regondes2/extern/taxservice/exports/postponedDossiers" xmlns:com="http://www.minfin.fgov.be/regondes2/extern/taxservice/common">
   <soapenv:Header/>
   <soapenv:Body>
      <v1:postponedDossierRequest>
         <v1:messageContext>
            <v11:messageId>${=import static java.util.UUID.randomUUID; uuid = randomUUID() as String}</v11:messageId>
            <!--Optional:-->
            <v11:timestamp>${=new java.text.SimpleDateFormat("yyyy-MM-dd'T'HH:mm:ss.SSS").format(new Date())}</v11:timestamp>
         </v1:messageContext>
         <v1:legalContext>ServiceIntegrator</v1:legalContext>
         <v1:request>
            <pos:postponedDossier>
               <pos:referenceFodFin>11223344</pos:referenceFodFin>
               <pos:initialService>
                  <!--Optional:-->
                  <com:technicalReference>technicalReference</com:technicalReference>
                  <com:type>AAF</com:type>
                  <com:reference>reference</com:reference>
               </pos:initialService>
               <pos:postponement>
                  <pos:datePostponement>${=new java.text.SimpleDateFormat("yyyy-MM-dd").format(new Date())}</pos:datePostponement>
                  <pos:reasonPostponed>TEST</pos:reasonPostponed>
                  <pos:newTargetDate>${=new java.text.SimpleDateFormat("yyyy-MM-dd").format(new Date())}</pos:newTargetDate>
               </pos:postponement>
            </pos:postponedDossier>
         </v1:request>
      </v1:postponedDossierRequest>
   </soapenv:Body>
</soapenv:Envelope>]]></con:request><con:assertion type="SOAP Fault Assertion" id="b35ccee0-e7b9-4553-9296-a4a87042783c" name="Not SOAP Fault"/><con:assertion type="SOAP Response" id="0ffc3c37-65c8-456b-bec4-a5bba523458f" name="SOAP Response"/><con:assertion type="Schema Compliance" id="2595b4c4-5ab7-4bc2-91f5-f3ea3e2571cc" name="Schema Compliance"><con:configuration/></con:assertion><con:wsaConfig action="http://fidus.brussels/services/exportfromregondesservice/postponedDossier"/></con:request></con:config></con:testStep><con:testStep type="request" id="c1676eb6-5f80-4a09-b7f9-58ff9f53565f" name="testcase3 - Test - External - Request"><con:settings/><con:config xsi:type="con:RequestStep" xmlns:xsi="http://www.w3.org/2001/XMLSchema-instance"><con:interface>ExportFromRegondesServiceHTTPBinding</con:interface><con:operation>postponedDossier</con:operation><con:request name="testcase3 - Test - External - Request" id="ac368246-e112-4174-98f7-462b72a75625" outgoingWss="Outflow TEST"><con:settings/><con:encoding>UTF-8</con:encoding><con:endpoint>https://fidus-test.irisnetlab.be/services/ExportFromRegondesService_v1.0</con:endpoint><con:request><![CDATA[<soapenv:Envelope xmlns:soapenv="http://schemas.xmlsoap.org/soap/envelope/" xmlns:v1="http://fidus.brussels/service/exportfromregondesservice/messages/v1" xmlns:v11="http://fidus.brussels/type/common/messages/v1" xmlns:pos="http://www.minfin.fgov.be/regondes2/extern/taxservice/exports/postponedDossiers" xmlns:com="http://www.minfin.fgov.be/regondes2/extern/taxservice/common">
   <soapenv:Header/>
   <soapenv:Body>
      <v1:postponedDossierRequest>
         <v1:messageContext>
            <v11:messageId>${=import static java.util.UUID.randomUUID; uuid = randomUUID() as String}</v11:messageId>
            <!--Optional:-->
            <v11:timestamp>${=new java.text.SimpleDateFormat("yyyy-MM-dd'T'HH:mm:ss.SSS").format(new Date())}</v11:timestamp>
         </v1:messageContext>
         <v1:legalContext>ServiceIntegrator</v1:legalContext>
         <v1:request>
            <pos:postponedDossier>
               <pos:referenceFodFin>11223344</pos:referenceFodFin>
               <pos:initialService>
                  <!--Optional:-->
                  <com:technicalReference>technicalReference</com:technicalReference>
                  <com:type>AAF</com:type>
                  <com:reference>reference</com:reference>
               </pos:initialService>
               <pos:postponement>
                  <pos:datePostponement>${=new java.text.SimpleDateFormat("yyyy-MM-dd").format(new Date())}</pos:datePostponement>
                  <pos:reasonPostponed>TEST</pos:reasonPostponed>
                  <pos:newTargetDate>${=new java.text.SimpleDateFormat("yyyy-MM-dd").format(new Date())}</pos:newTargetDate>
               </pos:postponement>
            </pos:postponedDossier>
         </v1:request>
      </v1:postponedDossierRequest>
   </soapenv:Body>
</soapenv:Envelope>]]></con:request><con:assertion type="SOAP Fault Assertion" id="cbd6393e-b344-4eab-846e-158f5141d96d" name="Not SOAP Fault"/><con:assertion type="SOAP Response" id="fab5cb4a-9c92-4573-b6e4-d6b75038b0c8" name="SOAP Response"/><con:assertion type="Schema Compliance" id="d694eb02-6492-4fc4-832f-e90b4581fd1d" name="Schema Compliance"><con:configuration/></con:assertion><con:wsaConfig action="http://fidus.brussels/services/exportfromregondesservice/postponedDossier"/></con:request></con:config></con:testStep><con:properties/></con:testCase><con:testCase id="5e27e8e7-a228-4c2c-a59c-04145379bb5c" failOnError="true" failTestCaseOnErrors="true" keepSession="false" maxResults="0" name="serviceChange" searchProperties="true"><con:settings/><con:testStep type="request" id="a0b1af4d-25c7-4144-9784-634ac1fe0713" name="testcase3 - Test - LB - Request"><con:settings/><con:config xsi:type="con:RequestStep" xmlns:xsi="http://www.w3.org/2001/XMLSchema-instance"><con:interface>ExportFromRegondesServiceHTTPBinding</con:interface><con:operation>serviceChange</con:operation><con:request name="testcase3 - Test - LB - Request" id="a9d54a47-b547-4a7f-a373-0e767763969b" outgoingWss="Outflow TEST"><con:settings/><con:encoding>UTF-8</con:encoding><con:endpoint>https://esb-security-gw.sta.srv.cirb.lan:8443/services/ExportFromRegondesService_v1.0</con:endpoint><con:request><![CDATA[<soapenv:Envelope xmlns:soapenv="http://schemas.xmlsoap.org/soap/envelope/" xmlns:v1="http://fidus.brussels/service/exportfromregondesservice/messages/v1" xmlns:v11="http://fidus.brussels/type/common/messages/v1" xmlns:ser="http://www.minfin.fgov.be/regondes2/extern/taxservice/exports/serviceChanged" xmlns:com="http://www.minfin.fgov.be/regondes2/extern/taxservice/common">
   <soapenv:Header/>
   <soapenv:Body>
      <v1:serviceChangeRequest>
         <v1:messageContext>
            <v11:messageId>${=import static java.util.UUID.randomUUID; uuid = randomUUID() as String}</v11:messageId>
            <!--Optional:-->
            <v11:timestamp>${=new java.text.SimpleDateFormat("yyyy-MM-dd'T'HH:mm:ss.SSS").format(new Date())}</v11:timestamp>
         </v1:messageContext>
         <v1:legalContext>ServiceIntegrator</v1:legalContext>
         <v1:request>
            <ser:serviceChange>
               <ser:referenceFodFin>11223344</ser:referenceFodFin>
               <ser:initialService>
                  <!--Optional:-->
                  <com:technicalReference>1524</com:technicalReference>
                  <com:type>AAF</com:type>
                  <com:reference>reference</com:reference>
               </ser:initialService>
               <!--1 to 99 repetitions:-->
               <ser:transfer>
                  <ser:serviceName>CIRB</ser:serviceName>
                  <ser:dateIn>${=new java.text.SimpleDateFormat("yyyy-MM-dd").format(new Date())}</ser:dateIn>
                  <!--Optional:-->
                  <ser:dateOut>${=new java.text.SimpleDateFormat("yyyy-MM-dd").format(new Date())}</ser:dateOut>
                  <ser:official>
                     <ser:firstName>jean</ser:firstName>
                     <ser:lastName>baptist</ser:lastName>
                     <ser:phoneNumber>0452363621</ser:phoneNumber>
                     <ser:email>cisyapan@cirb.brussels</ser:email>
                  </ser:official>
               </ser:transfer>
            </ser:serviceChange>
         </v1:request>
      </v1:serviceChangeRequest>
   </soapenv:Body>
</soapenv:Envelope>]]></con:request><con:assertion type="SOAP Fault Assertion" id="a3a78229-6d0e-42f5-8042-8e0af01b0c0e" name="Not SOAP Fault"/><con:assertion type="SOAP Response" id="d97eb9b5-0023-40e0-8313-0cbaf3d4f74f" name="SOAP Response"/><con:assertion type="Schema Compliance" id="d99d5166-5b44-4c49-b96a-42a0f3909aaf" name="Schema Compliance"><con:configuration/></con:assertion><con:wsaConfig action="http://fidus.brussels/services/exportfromregondesservice/serviceChange"/></con:request></con:config></con:testStep><con:testStep type="request" id="a837ba7d-5717-407d-89ff-46a8a5c5692f" name="testcase3 - Test - Worker1 - Request"><con:settings/><con:config xsi:type="con:RequestStep" xmlns:xsi="http://www.w3.org/2001/XMLSchema-instance"><con:interface>ExportFromRegondesServiceHTTPBinding</con:interface><con:operation>serviceChange</con:operation><con:request name="testcase3 - Test - Worker1 - Request" id="7439e66e-5b50-4651-91fb-7b9a2fc0a671" outgoingWss="Outflow TEST"><con:settings/><con:encoding>UTF-8</con:encoding><con:endpoint>https://192.168.24.45:8443/services/ExportFromRegondesService_v1.0</con:endpoint><con:request><![CDATA[<soapenv:Envelope xmlns:soapenv="http://schemas.xmlsoap.org/soap/envelope/" xmlns:v1="http://fidus.brussels/service/exportfromregondesservice/messages/v1" xmlns:v11="http://fidus.brussels/type/common/messages/v1" xmlns:ser="http://www.minfin.fgov.be/regondes2/extern/taxservice/exports/serviceChanged" xmlns:com="http://www.minfin.fgov.be/regondes2/extern/taxservice/common">
   <soapenv:Header/>
   <soapenv:Body>
      <v1:serviceChangeRequest>
         <v1:messageContext>
            <v11:messageId>${=import static java.util.UUID.randomUUID; uuid = randomUUID() as String}</v11:messageId>
            <!--Optional:-->
            <v11:timestamp>${=new java.text.SimpleDateFormat("yyyy-MM-dd'T'HH:mm:ss.SSS").format(new Date())}</v11:timestamp>
         </v1:messageContext>
         <v1:legalContext>ServiceIntegrator</v1:legalContext>
         <v1:request>
            <ser:serviceChange>
               <ser:referenceFodFin>11223344</ser:referenceFodFin>
               <ser:initialService>
                  <!--Optional:-->
                  <com:technicalReference>1524</com:technicalReference>
                  <com:type>AAF</com:type>
                  <com:reference>reference</com:reference>
               </ser:initialService>
               <!--1 to 99 repetitions:-->
               <ser:transfer>
                  <ser:serviceName>CIRB</ser:serviceName>
                  <ser:dateIn>${=new java.text.SimpleDateFormat("yyyy-MM-dd").format(new Date())}</ser:dateIn>
                  <!--Optional:-->
                  <ser:dateOut>${=new java.text.SimpleDateFormat("yyyy-MM-dd").format(new Date())}</ser:dateOut>
                  <ser:official>
                     <ser:firstName>jean</ser:firstName>
                     <ser:lastName>baptist</ser:lastName>
                     <ser:phoneNumber>0452363621</ser:phoneNumber>
                     <ser:email>cisyapan@cirb.brussels</ser:email>
                  </ser:official>
               </ser:transfer>
            </ser:serviceChange>
         </v1:request>
      </v1:serviceChangeRequest>
   </soapenv:Body>
</soapenv:Envelope>]]></con:request><con:assertion type="SOAP Fault Assertion" id="24b54c31-781b-440c-99d2-1635040b169f" name="Not SOAP Fault"/><con:assertion type="SOAP Response" id="f95ab569-a203-4839-a78c-c0c13c807a2f" name="SOAP Response"/><con:assertion type="Schema Compliance" id="f0d203cf-3f57-45a9-a368-ba8ed4a8ec04" name="Schema Compliance"><con:configuration/></con:assertion><con:wsaConfig action="http://fidus.brussels/services/exportfromregondesservice/serviceChange"/></con:request></con:config></con:testStep><con:testStep type="request" id="311c9b7f-2a79-4a49-9810-20c30c875bd8" name="testcase3 - Test - Worker2 - Request"><con:settings/><con:config xsi:type="con:RequestStep" xmlns:xsi="http://www.w3.org/2001/XMLSchema-instance"><con:interface>ExportFromRegondesServiceHTTPBinding</con:interface><con:operation>serviceChange</con:operation><con:request name="testcase3 - Test - Worker2 - Request" id="1a5d55b9-859f-407f-8d56-7eee523e6943" outgoingWss="Outflow TEST"><con:settings/><con:encoding>UTF-8</con:encoding><con:endpoint>https://192.168.24.51:8443/services/ExportFromRegondesService_v1.0</con:endpoint><con:request><![CDATA[<soapenv:Envelope xmlns:soapenv="http://schemas.xmlsoap.org/soap/envelope/" xmlns:v1="http://fidus.brussels/service/exportfromregondesservice/messages/v1" xmlns:v11="http://fidus.brussels/type/common/messages/v1" xmlns:ser="http://www.minfin.fgov.be/regondes2/extern/taxservice/exports/serviceChanged" xmlns:com="http://www.minfin.fgov.be/regondes2/extern/taxservice/common">
   <soapenv:Header/>
   <soapenv:Body>
      <v1:serviceChangeRequest>
         <v1:messageContext>
            <v11:messageId>${=import static java.util.UUID.randomUUID; uuid = randomUUID() as String}</v11:messageId>
            <!--Optional:-->
            <v11:timestamp>${=new java.text.SimpleDateFormat("yyyy-MM-dd'T'HH:mm:ss.SSS").format(new Date())}</v11:timestamp>
         </v1:messageContext>
         <v1:legalContext>ServiceIntegrator</v1:legalContext>
         <v1:request>
            <ser:serviceChange>
               <ser:referenceFodFin>11223344</ser:referenceFodFin>
               <ser:initialService>
                  <!--Optional:-->
                  <com:technicalReference>1524</com:technicalReference>
                  <com:type>AAF</com:type>
                  <com:reference>reference</com:reference>
               </ser:initialService>
               <!--1 to 99 repetitions:-->
               <ser:transfer>
                  <ser:serviceName>CIRB</ser:serviceName>
                  <ser:dateIn>${=new java.text.SimpleDateFormat("yyyy-MM-dd").format(new Date())}</ser:dateIn>
                  <!--Optional:-->
                  <ser:dateOut>${=new java.text.SimpleDateFormat("yyyy-MM-dd").format(new Date())}</ser:dateOut>
                  <ser:official>
                     <ser:firstName>jean</ser:firstName>
                     <ser:lastName>baptist</ser:lastName>
                     <ser:phoneNumber>0452363621</ser:phoneNumber>
                     <ser:email>cisyapan@cirb.brussels</ser:email>
                  </ser:official>
               </ser:transfer>
            </ser:serviceChange>
         </v1:request>
      </v1:serviceChangeRequest>
   </soapenv:Body>
</soapenv:Envelope>]]></con:request><con:assertion type="SOAP Fault Assertion" id="330e556b-514d-4134-8212-5318120e14e5" name="Not SOAP Fault"/><con:assertion type="SOAP Response" id="fc82a2a0-d803-408d-aa07-a0bedc731787" name="SOAP Response"/><con:assertion type="Schema Compliance" id="207de462-c016-4521-aca2-25845712a680" name="Schema Compliance"><con:configuration/></con:assertion><con:wsaConfig action="http://fidus.brussels/services/exportfromregondesservice/serviceChange"/></con:request></con:config></con:testStep><con:testStep type="request" id="10885355-6701-4c3e-b952-7682b4cce71a" name="testcase3 - Test - External - Request"><con:settings/><con:config xsi:type="con:RequestStep" xmlns:xsi="http://www.w3.org/2001/XMLSchema-instance"><con:interface>ExportFromRegondesServiceHTTPBinding</con:interface><con:operation>serviceChange</con:operation><con:request name="testcase3 - Test - External - Request" id="4b0ee5a6-ef92-41a2-9f9e-d87ca67ea096" outgoingWss="Outflow TEST"><con:settings/><con:encoding>UTF-8</con:encoding><con:endpoint>https://fidus-test.irisnetlab.be/services/ExportFromRegondesService_v1.0</con:endpoint><con:request><![CDATA[<soapenv:Envelope xmlns:soapenv="http://schemas.xmlsoap.org/soap/envelope/" xmlns:v1="http://fidus.brussels/service/exportfromregondesservice/messages/v1" xmlns:v11="http://fidus.brussels/type/common/messages/v1" xmlns:ser="http://www.minfin.fgov.be/regondes2/extern/taxservice/exports/serviceChanged" xmlns:com="http://www.minfin.fgov.be/regondes2/extern/taxservice/common">
   <soapenv:Header/>
   <soapenv:Body>
      <v1:serviceChangeRequest>
         <v1:messageContext>
            <v11:messageId>${=import static java.util.UUID.randomUUID; uuid = randomUUID() as String}</v11:messageId>
            <!--Optional:-->
            <v11:timestamp>${=new java.text.SimpleDateFormat("yyyy-MM-dd'T'HH:mm:ss.SSS").format(new Date())}</v11:timestamp>
         </v1:messageContext>
         <v1:legalContext>ServiceIntegrator</v1:legalContext>
         <v1:request>
            <ser:serviceChange>
               <ser:referenceFodFin>11223344</ser:referenceFodFin>
               <ser:initialService>
                  <!--Optional:-->
                  <com:technicalReference>1524</com:technicalReference>
                  <com:type>AAF</com:type>
                  <com:reference>reference</com:reference>
               </ser:initialService>
               <!--1 to 99 repetitions:-->
               <ser:transfer>
                  <ser:serviceName>CIRB</ser:serviceName>
                  <ser:dateIn>${=new java.text.SimpleDateFormat("yyyy-MM-dd").format(new Date())}</ser:dateIn>
                  <!--Optional:-->
                  <ser:dateOut>${=new java.text.SimpleDateFormat("yyyy-MM-dd").format(new Date())}</ser:dateOut>
                  <ser:official>
                     <ser:firstName>jean</ser:firstName>
                     <ser:lastName>baptist</ser:lastName>
                     <ser:phoneNumber>0452363621</ser:phoneNumber>
                     <ser:email>cisyapan@cirb.brussels</ser:email>
                  </ser:official>
               </ser:transfer>
            </ser:serviceChange>
         </v1:request>
      </v1:serviceChangeRequest>
   </soapenv:Body>
</soapenv:Envelope>]]></con:request><con:assertion type="SOAP Fault Assertion" id="167643d1-1dbc-418d-8d3a-931653eb4d9f" name="Not SOAP Fault"/><con:assertion type="SOAP Response" id="886d6f8d-3b0c-4616-8ce4-1798233f6ed2" name="SOAP Response"/><con:assertion type="Schema Compliance" id="f145cae1-4b00-4ea6-ad00-a19d9b7f3c89" name="Schema Compliance"><con:configuration/></con:assertion><con:wsaConfig action="http://fidus.brussels/services/exportfromregondesservice/serviceChange"/></con:request></con:config></con:testStep><con:properties/></con:testCase><con:properties/></con:testSuite><con:testSuite id="a4c69107-1ffd-4426-888b-56601d117d1b" name="STAG"><con:settings/><con:runType>SEQUENTIAL</con:runType><con:testCase id="99a4e65a-6190-4871-b72e-0db1e9d324a7" failOnError="true" failTestCaseOnErrors="true" keepSession="false" maxResults="0" name="closedDossier" searchProperties="true"><con:settings/><con:testStep type="request" id="4cf4f0fa-e553-4081-bedd-2b58029f3295" name="testcase4 - Staging - LB - Request"><con:settings/><con:config xsi:type="con:RequestStep" xmlns:xsi="http://www.w3.org/2001/XMLSchema-instance"><con:interface>ExportFromRegondesServiceHTTPBinding</con:interface><con:operation>closedDossier</con:operation><con:request name="testcase4 - Staging - LB - Request" id="9a26bae1-978b-486a-86c0-7092c425ef41" outgoingWss="Outflow STAG"><con:settings/><con:encoding>UTF-8</con:encoding><con:endpoint>https://fidus-esb-sg.sta.srv.cirb.lan:8443/services/ExportFromRegondesService_v1.0</con:endpoint><con:request><![CDATA[<soapenv:Envelope xmlns:soapenv="http://schemas.xmlsoap.org/soap/envelope/" xmlns:v1="http://fidus.brussels/service/exportfromregondesservice/messages/v1" xmlns:v11="http://fidus.brussels/type/common/messages/v1" xmlns:clos="http://www.minfin.fgov.be/regondes2/extern/taxservice/exports/closedDossiers" xmlns:com="http://www.minfin.fgov.be/regondes2/extern/taxservice/common">
   <soapenv:Header/>
   <soapenv:Body>
      <v1:closedDossierRequest>
         <v1:messageContext>
            <v11:messageId>${=import static java.util.UUID.randomUUID; uuid = randomUUID() as String}</v11:messageId>
            <v11:timestamp>${=new java.text.SimpleDateFormat("yyyy-MM-dd'T'HH:mm:ss.SSS").format(new Date())}</v11:timestamp>
         </v1:messageContext>
         <v1:legalContext>ServiceIntegrator</v1:legalContext>
         <v1:request>
            <clos:closedDossier> 
               <clos:referenceFodFin>11223344</clos:referenceFodFin>
               <clos:fiscalYear>2017</clos:fiscalYear>
               <clos:initialService>
                  <com:technicalReference>technicalReference</com:technicalReference>
                  <com:type>AAF</com:type>
                  <clos:reference>reference</clos:reference>
               </clos:initialService>
               <clos:patrimonyInformation>
                  <clos:typeDossier>AA</clos:typeDossier>
                  <clos:patrimonyFrom>${=new java.text.SimpleDateFormat("yyyy-MM-dd").format(new Date())}</clos:patrimonyFrom>
                  <clos:patrimonyRef>1</clos:patrimonyRef>
                  <clos:cadastralDivisionCode>YYY</clos:cadastralDivisionCode>
                  <clos:articleNumber>51</clos:articleNumber>
               </clos:patrimonyInformation>
               <clos:report>
                  <clos:type>S</clos:type>
                  <clos:subtype>subtype</clos:subtype>
                  <clos:kind>INITIAL</clos:kind>
                  <clos:cadastralIncome>
                     <com:codeCadastralIncome>a</com:codeCadastralIncome>
                     <com:definitiveCadastralIncome>12</com:definitiveCadastralIncome>
                     <com:dateDefinitive>${=new java.text.SimpleDateFormat("yyyy-MM-dd").format(new Date())}</com:dateDefinitive>
                     <com:reasonDefinitive>my reason</com:reasonDefinitive>
                  </clos:cadastralIncome>
                  <clos:date>${=new java.text.SimpleDateFormat("yyyy-MM-dd").format(new Date())}</clos:date>
                  <clos:motivation>No motivation</clos:motivation>
                  <!--0 to 99 repetitions:-->
                  <clos:newState>
                     <!--1 to 999 repetitions:-->
                     <clos:parcel>
                        <clos:parcelNumber>
                           <clos:section>55254</clos:section>
                           <clos:groundNumber>9555</clos:groundNumber>
                           <clos:bisNumber>2525</clos:bisNumber>
                           <clos:exponent>1414</clos:exponent>
                           <clos:power>me</clos:power>
                           <clos:part>4</clos:part>
                        </clos:parcelNumber>
                        <clos:situation>invalid</clos:situation>
                        <clos:kind>no</clos:kind>
                        <clos:details>test</clos:details>
                        <!--You have a CHOICE of the next 2 items at this level-->
                        <clos:articleNumber>1141</clos:articleNumber>
                        <clos:sequenceNumber>3215</clos:sequenceNumber>
                        <!--0 to 99 repetitions:-->
                        <clos:cadastralInformation>
                           <clos:codeCadastralIncome>12</clos:codeCadastralIncome>
                           <clos:cadastralIncome>12</clos:cadastralIncome>
                           <clos:cadastralIncomePart>42</clos:cadastralIncomePart>
                           <clos:exemption>52</clos:exemption>
                           <clos:daysUnfruitful>5</clos:daysUnfruitful>
                        </clos:cadastralInformation>
                     </clos:parcel>
                     <!--1 to 999 repetitions:-->
                     <clos:owner>
                        <!--You have a CHOICE of the next 2 items at this level-->
                        <clos:person>
                           <!--You have a CHOICE of the next 3 items at this level-->
                           <clos:socialSecurityNumber>125</clos:socialSecurityNumber>
                           <clos:lastname>baptiste</clos:lastname>
                        </clos:person>
                        <clos:rights>Admin</clos:rights>
                        <clos:ownerType>LEGAL_PERSON</clos:ownerType>
                     </clos:owner>
                  </clos:newState>
               </clos:report>
               <!--0 to 99 repetitions:-->
               <clos:linkedDossier>
                  <clos:referenceInitialService>referenceInitialService</clos:referenceInitialService>
                  <clos:referenceFodFin>15</clos:referenceFodFin>
               </clos:linkedDossier>
               <!--0 to 99 repetitions:-->
               <clos:attachment>
                  <com:fileName>cirb</com:fileName>
                  <com:data>    1234   </com:data>
               </clos:attachment>
            </clos:closedDossier>
         </v1:request>
      </v1:closedDossierRequest>
   </soapenv:Body>
</soapenv:Envelope>]]></con:request><con:assertion type="SOAP Fault Assertion" id="b5cdc633-df96-428d-8f8f-646ee0e0ea73" name="Not SOAP Fault"/><con:assertion type="SOAP Response" id="8d526958-2480-4258-a78c-b8710af44bc3" name="SOAP Response"/><con:assertion type="Schema Compliance" id="543b52b3-e64e-4165-908a-e8ffd0e2366a" name="Schema Compliance"><con:configuration/></con:assertion><con:wsaConfig action="http://fidus.brussels/services/exportfromregondesservice/closedDossier"/></con:request></con:config></con:testStep><con:testStep type="request" id="64cbae54-07d3-4a07-978d-ab724642a913" name="testcase4 - Staging - Worker1 - Request"><con:settings/><con:config xsi:type="con:RequestStep" xmlns:xsi="http://www.w3.org/2001/XMLSchema-instance"><con:interface>ExportFromRegondesServiceHTTPBinding</con:interface><con:operation>closedDossier</con:operation><con:request name="testcase4 - Staging - Worker1 - Request" id="2902b4eb-852f-492f-bd89-5f720f99312a" outgoingWss="Outflow STAG"><con:settings/><con:encoding>UTF-8</con:encoding><con:endpoint>https://192.168.24.57:8443/services/ExportFromRegondesService_v1.0</con:endpoint><con:request><![CDATA[<soapenv:Envelope xmlns:soapenv="http://schemas.xmlsoap.org/soap/envelope/" xmlns:v1="http://fidus.brussels/service/exportfromregondesservice/messages/v1" xmlns:v11="http://fidus.brussels/type/common/messages/v1" xmlns:clos="http://www.minfin.fgov.be/regondes2/extern/taxservice/exports/closedDossiers" xmlns:com="http://www.minfin.fgov.be/regondes2/extern/taxservice/common">
   <soapenv:Header/>
   <soapenv:Body>
      <v1:closedDossierRequest>
         <v1:messageContext>
            <v11:messageId>${=import static java.util.UUID.randomUUID; uuid = randomUUID() as String}</v11:messageId>
            <v11:timestamp>${=new java.text.SimpleDateFormat("yyyy-MM-dd'T'HH:mm:ss.SSS").format(new Date())}</v11:timestamp>
         </v1:messageContext>
         <v1:legalContext>ServiceIntegrator</v1:legalContext>
         <v1:request>
            <clos:closedDossier> 
               <clos:referenceFodFin>11223344</clos:referenceFodFin>
               <clos:fiscalYear>2017</clos:fiscalYear>
               <clos:initialService>
                  <com:technicalReference>technicalReference</com:technicalReference>
                  <com:type>AAF</com:type>
                  <clos:reference>reference</clos:reference>
               </clos:initialService>
               <clos:patrimonyInformation>
                  <clos:typeDossier>AA</clos:typeDossier>
                  <clos:patrimonyFrom>${=new java.text.SimpleDateFormat("yyyy-MM-dd").format(new Date())}</clos:patrimonyFrom>
                  <clos:patrimonyRef>1</clos:patrimonyRef>
                  <clos:cadastralDivisionCode>YYY</clos:cadastralDivisionCode>
                  <clos:articleNumber>51</clos:articleNumber>
               </clos:patrimonyInformation>
               <clos:report>
                  <clos:type>S</clos:type>
                  <clos:subtype>subtype</clos:subtype>
                  <clos:kind>INITIAL</clos:kind>
                  <clos:cadastralIncome>
                     <com:codeCadastralIncome>a</com:codeCadastralIncome>
                     <com:definitiveCadastralIncome>12</com:definitiveCadastralIncome>
                     <com:dateDefinitive>${=new java.text.SimpleDateFormat("yyyy-MM-dd").format(new Date())}</com:dateDefinitive>
                     <com:reasonDefinitive>my reason</com:reasonDefinitive>
                  </clos:cadastralIncome>
                  <clos:date>${=new java.text.SimpleDateFormat("yyyy-MM-dd").format(new Date())}</clos:date>
                  <clos:motivation>No motivation</clos:motivation>
                  <!--0 to 99 repetitions:-->
                  <clos:newState>
                     <!--1 to 999 repetitions:-->
                     <clos:parcel>
                        <clos:parcelNumber>
                           <clos:section>55254</clos:section>
                           <clos:groundNumber>9555</clos:groundNumber>
                           <clos:bisNumber>2525</clos:bisNumber>
                           <clos:exponent>1414</clos:exponent>
                           <clos:power>me</clos:power>
                           <clos:part>4</clos:part>
                        </clos:parcelNumber>
                        <clos:situation>invalid</clos:situation>
                        <clos:kind>no</clos:kind>
                        <clos:details>test</clos:details>
                        <!--You have a CHOICE of the next 2 items at this level-->
                        <clos:articleNumber>1141</clos:articleNumber>
                        <clos:sequenceNumber>3215</clos:sequenceNumber>
                        <!--0 to 99 repetitions:-->
                        <clos:cadastralInformation>
                           <clos:codeCadastralIncome>12</clos:codeCadastralIncome>
                           <clos:cadastralIncome>12</clos:cadastralIncome>
                           <clos:cadastralIncomePart>42</clos:cadastralIncomePart>
                           <clos:exemption>52</clos:exemption>
                           <clos:daysUnfruitful>5</clos:daysUnfruitful>
                        </clos:cadastralInformation>
                     </clos:parcel>
                     <!--1 to 999 repetitions:-->
                     <clos:owner>
                        <!--You have a CHOICE of the next 2 items at this level-->
                        <clos:person>
                           <!--You have a CHOICE of the next 3 items at this level-->
                           <clos:socialSecurityNumber>125</clos:socialSecurityNumber>
                           <clos:lastname>baptiste</clos:lastname>
                        </clos:person>
                        <clos:rights>Admin</clos:rights>
                        <clos:ownerType>LEGAL_PERSON</clos:ownerType>
                     </clos:owner>
                  </clos:newState>
               </clos:report>
               <!--0 to 99 repetitions:-->
               <clos:linkedDossier>
                  <clos:referenceInitialService>referenceInitialService</clos:referenceInitialService>
                  <clos:referenceFodFin>15</clos:referenceFodFin>
               </clos:linkedDossier>
               <!--0 to 99 repetitions:-->
               <clos:attachment>
                  <com:fileName>cirb</com:fileName>
                  <com:data>    1234   </com:data>
               </clos:attachment>
            </clos:closedDossier>
         </v1:request>
      </v1:closedDossierRequest>
   </soapenv:Body>
</soapenv:Envelope>]]></con:request><con:assertion type="SOAP Fault Assertion" id="0188bea1-9b74-47f4-b45e-b165e1d60fa6" name="Not SOAP Fault"/><con:assertion type="SOAP Response" id="317a5dad-3640-4a7a-ace6-9a5627664469" name="SOAP Response"/><con:assertion type="Schema Compliance" id="7219758b-3941-44d4-a067-3c42f2b955be" name="Schema Compliance"><con:configuration/></con:assertion><con:wsaConfig action="http://fidus.brussels/services/exportfromregondesservice/closedDossier"/></con:request></con:config></con:testStep><con:testStep type="request" id="e5ff303b-8308-4f15-a48f-81e19a63d6c5" name="testcase4 - Staging - Worker2 - Request"><con:settings/><con:config xsi:type="con:RequestStep" xmlns:xsi="http://www.w3.org/2001/XMLSchema-instance"><con:interface>ExportFromRegondesServiceHTTPBinding</con:interface><con:operation>closedDossier</con:operation><con:request name="testcase4 - Staging - Worker2 - Request" id="b621b763-5cfd-4428-a523-c7cb465e03ff" outgoingWss="Outflow STAG"><con:settings/><con:encoding>UTF-8</con:encoding><con:endpoint>https://192.168.24.64:8443/services/ExportFromRegondesService_v1.0</con:endpoint><con:request><![CDATA[<soapenv:Envelope xmlns:soapenv="http://schemas.xmlsoap.org/soap/envelope/" xmlns:v1="http://fidus.brussels/service/exportfromregondesservice/messages/v1" xmlns:v11="http://fidus.brussels/type/common/messages/v1" xmlns:clos="http://www.minfin.fgov.be/regondes2/extern/taxservice/exports/closedDossiers" xmlns:com="http://www.minfin.fgov.be/regondes2/extern/taxservice/common">
   <soapenv:Header/>
   <soapenv:Body>
      <v1:closedDossierRequest>
         <v1:messageContext>
            <v11:messageId>${=import static java.util.UUID.randomUUID; uuid = randomUUID() as String}</v11:messageId>
            <v11:timestamp>${=new java.text.SimpleDateFormat("yyyy-MM-dd'T'HH:mm:ss.SSS").format(new Date())}</v11:timestamp>
         </v1:messageContext>
         <v1:legalContext>ServiceIntegrator</v1:legalContext>
         <v1:request>
            <clos:closedDossier> 
               <clos:referenceFodFin>11223344</clos:referenceFodFin>
               <clos:fiscalYear>2017</clos:fiscalYear>
               <clos:initialService>
                  <com:technicalReference>technicalReference</com:technicalReference>
                  <com:type>AAF</com:type>
                  <clos:reference>reference</clos:reference>
               </clos:initialService>
               <clos:patrimonyInformation>
                  <clos:typeDossier>AA</clos:typeDossier>
                  <clos:patrimonyFrom>${=new java.text.SimpleDateFormat("yyyy-MM-dd").format(new Date())}</clos:patrimonyFrom>
                  <clos:patrimonyRef>1</clos:patrimonyRef>
                  <clos:cadastralDivisionCode>YYY</clos:cadastralDivisionCode>
                  <clos:articleNumber>51</clos:articleNumber>
               </clos:patrimonyInformation>
               <clos:report>
                  <clos:type>S</clos:type>
                  <clos:subtype>subtype</clos:subtype>
                  <clos:kind>INITIAL</clos:kind>
                  <clos:cadastralIncome>
                     <com:codeCadastralIncome>a</com:codeCadastralIncome>
                     <com:definitiveCadastralIncome>12</com:definitiveCadastralIncome>
                     <com:dateDefinitive>${=new java.text.SimpleDateFormat("yyyy-MM-dd").format(new Date())}</com:dateDefinitive>
                     <com:reasonDefinitive>my reason</com:reasonDefinitive>
                  </clos:cadastralIncome>
                  <clos:date>${=new java.text.SimpleDateFormat("yyyy-MM-dd").format(new Date())}</clos:date>
                  <clos:motivation>No motivation</clos:motivation>
                  <!--0 to 99 repetitions:-->
                  <clos:newState>
                     <!--1 to 999 repetitions:-->
                     <clos:parcel>
                        <clos:parcelNumber>
                           <clos:section>55254</clos:section>
                           <clos:groundNumber>9555</clos:groundNumber>
                           <clos:bisNumber>2525</clos:bisNumber>
                           <clos:exponent>1414</clos:exponent>
                           <clos:power>me</clos:power>
                           <clos:part>4</clos:part>
                        </clos:parcelNumber>
                        <clos:situation>invalid</clos:situation>
                        <clos:kind>no</clos:kind>
                        <clos:details>test</clos:details>
                        <!--You have a CHOICE of the next 2 items at this level-->
                        <clos:articleNumber>1141</clos:articleNumber>
                        <clos:sequenceNumber>3215</clos:sequenceNumber>
                        <!--0 to 99 repetitions:-->
                        <clos:cadastralInformation>
                           <clos:codeCadastralIncome>12</clos:codeCadastralIncome>
                           <clos:cadastralIncome>12</clos:cadastralIncome>
                           <clos:cadastralIncomePart>42</clos:cadastralIncomePart>
                           <clos:exemption>52</clos:exemption>
                           <clos:daysUnfruitful>5</clos:daysUnfruitful>
                        </clos:cadastralInformation>
                     </clos:parcel>
                     <!--1 to 999 repetitions:-->
                     <clos:owner>
                        <!--You have a CHOICE of the next 2 items at this level-->
                        <clos:person>
                           <!--You have a CHOICE of the next 3 items at this level-->
                           <clos:socialSecurityNumber>125</clos:socialSecurityNumber>
                           <clos:lastname>baptiste</clos:lastname>
                        </clos:person>
                        <clos:rights>Admin</clos:rights>
                        <clos:ownerType>LEGAL_PERSON</clos:ownerType>
                     </clos:owner>
                  </clos:newState>
               </clos:report>
               <!--0 to 99 repetitions:-->
               <clos:linkedDossier>
                  <clos:referenceInitialService>referenceInitialService</clos:referenceInitialService>
                  <clos:referenceFodFin>15</clos:referenceFodFin>
               </clos:linkedDossier>
               <!--0 to 99 repetitions:-->
               <clos:attachment>
                  <com:fileName>cirb</com:fileName>
                  <com:data>    1234   </com:data>
               </clos:attachment>
            </clos:closedDossier>
         </v1:request>
      </v1:closedDossierRequest>
   </soapenv:Body>
</soapenv:Envelope>]]></con:request><con:assertion type="SOAP Fault Assertion" id="0d66d7c3-3ac8-45d6-85ef-19f11b6e7874" name="Not SOAP Fault"/><con:assertion type="SOAP Response" id="66b3dea6-5a11-478d-9c30-7c6f3ba38739" name="SOAP Response"/><con:assertion type="Schema Compliance" id="060d0259-9e46-4c64-9f11-04b20b142e80" name="Schema Compliance"><con:configuration/></con:assertion><con:wsaConfig action="http://fidus.brussels/services/exportfromregondesservice/closedDossier"/></con:request></con:config></con:testStep><con:testStep type="request" id="5202dfea-6b15-4a4d-a52a-542501cbf640" name="testcase4 - Staging - External - Request"><con:settings/><con:config xsi:type="con:RequestStep" xmlns:xsi="http://www.w3.org/2001/XMLSchema-instance"><con:interface>ExportFromRegondesServiceHTTPBinding</con:interface><con:operation>closedDossier</con:operation><con:request name="testcase4 - Staging - External - Request" id="629a4d30-eeff-4f18-9519-5f9f8fef73a9" outgoingWss="Outflow STAG"><con:settings/><con:encoding>UTF-8</con:encoding><con:endpoint>https://fidus.irisnetlab.be/services/ExportFromRegondesService_v1.0</con:endpoint><con:request><![CDATA[<soapenv:Envelope xmlns:soapenv="http://schemas.xmlsoap.org/soap/envelope/" xmlns:v1="http://fidus.brussels/service/exportfromregondesservice/messages/v1" xmlns:v11="http://fidus.brussels/type/common/messages/v1" xmlns:clos="http://www.minfin.fgov.be/regondes2/extern/taxservice/exports/closedDossiers" xmlns:com="http://www.minfin.fgov.be/regondes2/extern/taxservice/common">
   <soapenv:Header/>
   <soapenv:Body>
      <v1:closedDossierRequest>
         <v1:messageContext>
            <v11:messageId>${=import static java.util.UUID.randomUUID; uuid = randomUUID() as String}</v11:messageId>
            <v11:timestamp>${=new java.text.SimpleDateFormat("yyyy-MM-dd'T'HH:mm:ss.SSS").format(new Date())}</v11:timestamp>
         </v1:messageContext>
         <v1:legalContext>ServiceIntegrator</v1:legalContext>
         <v1:request>
            <clos:closedDossier> 
               <clos:referenceFodFin>11223344</clos:referenceFodFin>
               <clos:fiscalYear>2017</clos:fiscalYear>
               <clos:initialService>
                  <com:technicalReference>technicalReference</com:technicalReference>
                  <com:type>AAF</com:type>
                  <clos:reference>reference</clos:reference>
               </clos:initialService>
               <clos:patrimonyInformation>
                  <clos:typeDossier>AA</clos:typeDossier>
                  <clos:patrimonyFrom>${=new java.text.SimpleDateFormat("yyyy-MM-dd").format(new Date())}</clos:patrimonyFrom>
                  <clos:patrimonyRef>1</clos:patrimonyRef>
                  <clos:cadastralDivisionCode>YYY</clos:cadastralDivisionCode>
                  <clos:articleNumber>51</clos:articleNumber>
               </clos:patrimonyInformation>
               <clos:report>
                  <clos:type>S</clos:type>
                  <clos:subtype>subtype</clos:subtype>
                  <clos:kind>INITIAL</clos:kind>
                  <clos:cadastralIncome>
                     <com:codeCadastralIncome>a</com:codeCadastralIncome>
                     <com:definitiveCadastralIncome>12</com:definitiveCadastralIncome>
                     <com:dateDefinitive>${=new java.text.SimpleDateFormat("yyyy-MM-dd").format(new Date())}</com:dateDefinitive>
                     <com:reasonDefinitive>my reason</com:reasonDefinitive>
                  </clos:cadastralIncome>
                  <clos:date>${=new java.text.SimpleDateFormat("yyyy-MM-dd").format(new Date())}</clos:date>
                  <clos:motivation>No motivation</clos:motivation>
                  <!--0 to 99 repetitions:-->
                  <clos:newState>
                     <!--1 to 999 repetitions:-->
                     <clos:parcel>
                        <clos:parcelNumber>
                           <clos:section>55254</clos:section>
                           <clos:groundNumber>9555</clos:groundNumber>
                           <clos:bisNumber>2525</clos:bisNumber>
                           <clos:exponent>1414</clos:exponent>
                           <clos:power>me</clos:power>
                           <clos:part>4</clos:part>
                        </clos:parcelNumber>
                        <clos:situation>invalid</clos:situation>
                        <clos:kind>no</clos:kind>
                        <clos:details>test</clos:details>
                        <!--You have a CHOICE of the next 2 items at this level-->
                        <clos:articleNumber>1141</clos:articleNumber>
                        <clos:sequenceNumber>3215</clos:sequenceNumber>
                        <!--0 to 99 repetitions:-->
                        <clos:cadastralInformation>
                           <clos:codeCadastralIncome>12</clos:codeCadastralIncome>
                           <clos:cadastralIncome>12</clos:cadastralIncome>
                           <clos:cadastralIncomePart>42</clos:cadastralIncomePart>
                           <clos:exemption>52</clos:exemption>
                           <clos:daysUnfruitful>5</clos:daysUnfruitful>
                        </clos:cadastralInformation>
                     </clos:parcel>
                     <!--1 to 999 repetitions:-->
                     <clos:owner>
                        <!--You have a CHOICE of the next 2 items at this level-->
                        <clos:person>
                           <!--You have a CHOICE of the next 3 items at this level-->
                           <clos:socialSecurityNumber>125</clos:socialSecurityNumber>
                           <clos:lastname>baptiste</clos:lastname>
                        </clos:person>
                        <clos:rights>Admin</clos:rights>
                        <clos:ownerType>LEGAL_PERSON</clos:ownerType>
                     </clos:owner>
                  </clos:newState>
               </clos:report>
               <!--0 to 99 repetitions:-->
               <clos:linkedDossier>
                  <clos:referenceInitialService>referenceInitialService</clos:referenceInitialService>
                  <clos:referenceFodFin>15</clos:referenceFodFin>
               </clos:linkedDossier>
               <!--0 to 99 repetitions:-->
               <clos:attachment>
                  <com:fileName>cirb</com:fileName>
                  <com:data>    1234   </com:data>
               </clos:attachment>
            </clos:closedDossier>
         </v1:request>
      </v1:closedDossierRequest>
   </soapenv:Body>
</soapenv:Envelope>]]></con:request><con:assertion type="SOAP Fault Assertion" id="e0daff14-f39f-4b95-ae9b-4f0664b39693" name="Not SOAP Fault"/><con:assertion type="SOAP Response" id="eaeaae3a-0395-411a-83eb-7728b2d16f19" name="SOAP Response"/><con:assertion type="Schema Compliance" id="2de86391-d233-4664-a39e-dd348fd09d3f" name="Schema Compliance"><con:configuration/></con:assertion><con:wsaConfig action="http://fidus.brussels/services/exportfromregondesservice/closedDossier"/></con:request></con:config></con:testStep><con:properties/></con:testCase><con:testCase id="79b64807-f78e-49c4-8788-2db7c8222695" failOnError="true" failTestCaseOnErrors="true" keepSession="false" maxResults="0" name="postponedDossier" searchProperties="true"><con:settings/><con:testStep type="request" id="07cd45f0-b7c3-4fc8-88f9-0e3e4a9691f6" name="testcase4 - Staging - LB - Request"><con:settings/><con:config xsi:type="con:RequestStep" xmlns:xsi="http://www.w3.org/2001/XMLSchema-instance"><con:interface>ExportFromRegondesServiceHTTPBinding</con:interface><con:operation>postponedDossier</con:operation><con:request name="testcase4 - Staging - LB - Request" id="9145c9c1-2542-4769-8238-8484152832ca" outgoingWss="Outflow STAG"><con:settings/><con:encoding>UTF-8</con:encoding><con:endpoint>https://fidus-esb-sg.sta.srv.cirb.lan:8443/services/ExportFromRegondesService_v1.0</con:endpoint><con:request><![CDATA[<soapenv:Envelope xmlns:soapenv="http://schemas.xmlsoap.org/soap/envelope/" xmlns:v1="http://fidus.brussels/service/exportfromregondesservice/messages/v1" xmlns:v11="http://fidus.brussels/type/common/messages/v1" xmlns:pos="http://www.minfin.fgov.be/regondes2/extern/taxservice/exports/postponedDossiers" xmlns:com="http://www.minfin.fgov.be/regondes2/extern/taxservice/common">
   <soapenv:Header/>
   <soapenv:Body>
      <v1:postponedDossierRequest>
         <v1:messageContext>
            <v11:messageId>${=import static java.util.UUID.randomUUID; uuid = randomUUID() as String}</v11:messageId>
            <!--Optional:-->
            <v11:timestamp>${=new java.text.SimpleDateFormat("yyyy-MM-dd'T'HH:mm:ss.SSS").format(new Date())}</v11:timestamp>
         </v1:messageContext>
         <v1:legalContext>ServiceIntegrator</v1:legalContext>
         <v1:request>
            <pos:postponedDossier>
               <pos:referenceFodFin>11223344</pos:referenceFodFin>
               <pos:initialService>
                  <!--Optional:-->
                  <com:technicalReference>technicalReference</com:technicalReference>
                  <com:type>AAF</com:type>
                  <com:reference>reference</com:reference>
               </pos:initialService>
               <pos:postponement>
                  <pos:datePostponement>${=new java.text.SimpleDateFormat("yyyy-MM-dd").format(new Date())}</pos:datePostponement>
                  <pos:reasonPostponed>TEST</pos:reasonPostponed>
                  <pos:newTargetDate>${=new java.text.SimpleDateFormat("yyyy-MM-dd").format(new Date())}</pos:newTargetDate>
               </pos:postponement>
            </pos:postponedDossier>
         </v1:request>
      </v1:postponedDossierRequest>
   </soapenv:Body>
</soapenv:Envelope>]]></con:request><con:assertion type="SOAP Fault Assertion" id="67893081-421a-40ea-a26f-2fa69afc3b63" name="Not SOAP Fault"/><con:assertion type="SOAP Response" id="b19f4aeb-73c0-4a45-a21d-a3c9b382b7a0" name="SOAP Response"/><con:assertion type="Schema Compliance" id="8cc38955-acc3-4539-b7f1-68726678afbd" name="Schema Compliance"><con:configuration/></con:assertion><con:wsaConfig action="http://fidus.brussels/services/exportfromregondesservice/postponedDossier"/></con:request></con:config></con:testStep><con:testStep type="request" id="3363fd6e-f523-4c84-8598-97dee62eb598" name="testcase4 - Staging - Worker1 - Request"><con:settings/><con:config xsi:type="con:RequestStep" xmlns:xsi="http://www.w3.org/2001/XMLSchema-instance"><con:interface>ExportFromRegondesServiceHTTPBinding</con:interface><con:operation>postponedDossier</con:operation><con:request name="testcase4 - Staging - Worker1 - Request" id="13175241-34f7-4820-b6f1-c78134107ec4" outgoingWss="Outflow STAG"><con:settings/><con:encoding>UTF-8</con:encoding><con:endpoint>https://192.168.24.57:8443/services/ExportFromRegondesService_v1.0</con:endpoint><con:request><![CDATA[<soapenv:Envelope xmlns:soapenv="http://schemas.xmlsoap.org/soap/envelope/" xmlns:v1="http://fidus.brussels/service/exportfromregondesservice/messages/v1" xmlns:v11="http://fidus.brussels/type/common/messages/v1" xmlns:pos="http://www.minfin.fgov.be/regondes2/extern/taxservice/exports/postponedDossiers" xmlns:com="http://www.minfin.fgov.be/regondes2/extern/taxservice/common">
   <soapenv:Header/>
   <soapenv:Body>
      <v1:postponedDossierRequest>
         <v1:messageContext>
            <v11:messageId>${=import static java.util.UUID.randomUUID; uuid = randomUUID() as String}</v11:messageId>
            <!--Optional:-->
            <v11:timestamp>${=new java.text.SimpleDateFormat("yyyy-MM-dd'T'HH:mm:ss.SSS").format(new Date())}</v11:timestamp>
         </v1:messageContext>
         <v1:legalContext>ServiceIntegrator</v1:legalContext>
         <v1:request>
            <pos:postponedDossier>
               <pos:referenceFodFin>11223344</pos:referenceFodFin>
               <pos:initialService>
                  <!--Optional:-->
                  <com:technicalReference>technicalReference</com:technicalReference>
                  <com:type>AAF</com:type>
                  <com:reference>reference</com:reference>
               </pos:initialService>
               <pos:postponement>
                  <pos:datePostponement>${=new java.text.SimpleDateFormat("yyyy-MM-dd").format(new Date())}</pos:datePostponement>
                  <pos:reasonPostponed>TEST</pos:reasonPostponed>
                  <pos:newTargetDate>${=new java.text.SimpleDateFormat("yyyy-MM-dd").format(new Date())}</pos:newTargetDate>
               </pos:postponement>
            </pos:postponedDossier>
         </v1:request>
      </v1:postponedDossierRequest>
   </soapenv:Body>
</soapenv:Envelope>]]></con:request><con:assertion type="SOAP Fault Assertion" id="5cdb9372-4adc-4a60-9045-8c10f13ffed2" name="Not SOAP Fault"/><con:assertion type="SOAP Response" id="d469d1fd-3057-47a6-a16d-ae270a92b924" name="SOAP Response"/><con:assertion type="Schema Compliance" id="7372de35-45c2-4b91-8f21-3a79290ec6ba" name="Schema Compliance"><con:configuration/></con:assertion><con:wsaConfig action="http://fidus.brussels/services/exportfromregondesservice/postponedDossier"/></con:request></con:config></con:testStep><con:testStep type="request" id="76452c73-e345-4d67-ac7d-b3d3ef7e5154" name="testcase4 - Staging - worker2 - Request"><con:settings/><con:config xsi:type="con:RequestStep" xmlns:xsi="http://www.w3.org/2001/XMLSchema-instance"><con:interface>ExportFromRegondesServiceHTTPBinding</con:interface><con:operation>postponedDossier</con:operation><con:request name="testcase4 - Staging - worker2 - Request" id="9800e319-7720-4cb5-8e68-690e74f72784" outgoingWss="Outflow STAG"><con:settings/><con:encoding>UTF-8</con:encoding><con:endpoint>https://192.168.24.17:8443/services/ExportFromRegondesService_v1.0</con:endpoint><con:request><![CDATA[<soapenv:Envelope xmlns:soapenv="http://schemas.xmlsoap.org/soap/envelope/" xmlns:v1="http://fidus.brussels/service/exportfromregondesservice/messages/v1" xmlns:v11="http://fidus.brussels/type/common/messages/v1" xmlns:pos="http://www.minfin.fgov.be/regondes2/extern/taxservice/exports/postponedDossiers" xmlns:com="http://www.minfin.fgov.be/regondes2/extern/taxservice/common">
   <soapenv:Header/>
   <soapenv:Body>
      <v1:postponedDossierRequest>
         <v1:messageContext>
            <v11:messageId>${=import static java.util.UUID.randomUUID; uuid = randomUUID() as String}</v11:messageId>
            <!--Optional:-->
            <v11:timestamp>${=new java.text.SimpleDateFormat("yyyy-MM-dd'T'HH:mm:ss.SSS").format(new Date())}</v11:timestamp>
         </v1:messageContext>
         <v1:legalContext>ServiceIntegrator</v1:legalContext>
         <v1:request>
            <pos:postponedDossier>
               <pos:referenceFodFin>11223344</pos:referenceFodFin>
               <pos:initialService>
                  <!--Optional:-->
                  <com:technicalReference>technicalReference</com:technicalReference>
                  <com:type>AAF</com:type>
                  <com:reference>reference</com:reference>
               </pos:initialService>
               <pos:postponement>
                  <pos:datePostponement>${=new java.text.SimpleDateFormat("yyyy-MM-dd").format(new Date())}</pos:datePostponement>
                  <pos:reasonPostponed>TEST</pos:reasonPostponed>
                  <pos:newTargetDate>${=new java.text.SimpleDateFormat("yyyy-MM-dd").format(new Date())}</pos:newTargetDate>
               </pos:postponement>
            </pos:postponedDossier>
         </v1:request>
      </v1:postponedDossierRequest>
   </soapenv:Body>
</soapenv:Envelope>]]></con:request><con:assertion type="SOAP Fault Assertion" id="97193144-7fca-4b76-81d8-ebd264337738" name="Not SOAP Fault"/><con:assertion type="SOAP Response" id="e37ee789-e690-44ff-afe9-463e84b8ad6d" name="SOAP Response"/><con:assertion type="Schema Compliance" id="703e01ae-bee2-4b45-8c49-f7a5af8a1621" name="Schema Compliance"><con:configuration/></con:assertion><con:wsaConfig action="http://fidus.brussels/services/exportfromregondesservice/postponedDossier"/></con:request></con:config></con:testStep><con:testStep type="request" id="8f7cbe65-f8b1-4286-a156-fdcfd3bba69e" name="testcase4 - Staging - External - Request"><con:settings/><con:config xsi:type="con:RequestStep" xmlns:xsi="http://www.w3.org/2001/XMLSchema-instance"><con:interface>ExportFromRegondesServiceHTTPBinding</con:interface><con:operation>postponedDossier</con:operation><con:request name="testcase4 - Staging - External - Request" id="a863c90c-35cb-4493-ab74-e1a567c0d19d" outgoingWss="Outflow STAG"><con:settings/><con:encoding>UTF-8</con:encoding><con:endpoint>https://fidus.irisnetlab.be/services/ExportFromRegondesService_v1.0</con:endpoint><con:request><![CDATA[<soapenv:Envelope xmlns:soapenv="http://schemas.xmlsoap.org/soap/envelope/" xmlns:v1="http://fidus.brussels/service/exportfromregondesservice/messages/v1" xmlns:v11="http://fidus.brussels/type/common/messages/v1" xmlns:pos="http://www.minfin.fgov.be/regondes2/extern/taxservice/exports/postponedDossiers" xmlns:com="http://www.minfin.fgov.be/regondes2/extern/taxservice/common">
   <soapenv:Header/>
   <soapenv:Body>
      <v1:postponedDossierRequest>
         <v1:messageContext>
            <v11:messageId>${=import static java.util.UUID.randomUUID; uuid = randomUUID() as String}</v11:messageId>
            <!--Optional:-->
            <v11:timestamp>${=new java.text.SimpleDateFormat("yyyy-MM-dd'T'HH:mm:ss.SSS").format(new Date())}</v11:timestamp>
         </v1:messageContext>
         <v1:legalContext>ServiceIntegrator</v1:legalContext>
         <v1:request>
            <pos:postponedDossier>
               <pos:referenceFodFin>11223344</pos:referenceFodFin>
               <pos:initialService>
                  <!--Optional:-->
                  <com:technicalReference>technicalReference</com:technicalReference>
                  <com:type>AAF</com:type>
                  <com:reference>reference</com:reference>
               </pos:initialService>
               <pos:postponement>
                  <pos:datePostponement>${=new java.text.SimpleDateFormat("yyyy-MM-dd").format(new Date())}</pos:datePostponement>
                  <pos:reasonPostponed>TEST</pos:reasonPostponed>
                  <pos:newTargetDate>${=new java.text.SimpleDateFormat("yyyy-MM-dd").format(new Date())}</pos:newTargetDate>
               </pos:postponement>
            </pos:postponedDossier>
         </v1:request>
      </v1:postponedDossierRequest>
   </soapenv:Body>
</soapenv:Envelope>]]></con:request><con:assertion type="SOAP Fault Assertion" id="7187a60c-64cb-42a4-93b4-b5759912d8dd" name="Not SOAP Fault"/><con:assertion type="SOAP Response" id="157e0d98-9fea-4056-ac8f-81a59a31f164" name="SOAP Response"/><con:assertion type="Schema Compliance" id="5f50308e-0a54-4ea7-aea5-1ce466566668" name="Schema Compliance"><con:configuration/></con:assertion><con:wsaConfig action="http://fidus.brussels/services/exportfromregondesservice/postponedDossier"/></con:request></con:config></con:testStep><con:properties/></con:testCase><con:testCase id="36018e8c-c469-4e34-bc66-aa3f3aa587d9" failOnError="true" failTestCaseOnErrors="true" keepSession="false" maxResults="0" name="serviceChange" searchProperties="true"><con:settings/><con:testStep type="request" id="f12ecf30-5330-4f9d-9658-f1eed329d7cd" name="testcase4 - Staging - LB - Request"><con:settings/><con:config xsi:type="con:RequestStep" xmlns:xsi="http://www.w3.org/2001/XMLSchema-instance"><con:interface>ExportFromRegondesServiceHTTPBinding</con:interface><con:operation>serviceChange</con:operation><con:request name="testcase4 - Staging - LB - Request" id="261c6450-0d46-4adb-b3e4-e659dfe11bbd" outgoingWss="Outflow STAG"><con:settings/><con:encoding>UTF-8</con:encoding><con:endpoint>https://fidus-esb-sg.sta.srv.cirb.lan:8443/services/ExportFromRegondesService_v1.0</con:endpoint><con:request><![CDATA[<soapenv:Envelope xmlns:soapenv="http://schemas.xmlsoap.org/soap/envelope/" xmlns:v1="http://fidus.brussels/service/exportfromregondesservice/messages/v1" xmlns:v11="http://fidus.brussels/type/common/messages/v1" xmlns:ser="http://www.minfin.fgov.be/regondes2/extern/taxservice/exports/serviceChanged" xmlns:com="http://www.minfin.fgov.be/regondes2/extern/taxservice/common">
   <soapenv:Header/>
   <soapenv:Body>
      <v1:serviceChangeRequest>
         <v1:messageContext>
            <v11:messageId>${=import static java.util.UUID.randomUUID; uuid = randomUUID() as String}</v11:messageId>
            <!--Optional:-->
            <v11:timestamp>${=new java.text.SimpleDateFormat("yyyy-MM-dd'T'HH:mm:ss.SSS").format(new Date())}</v11:timestamp>
         </v1:messageContext>
         <v1:legalContext>ServiceIntegrator</v1:legalContext>
         <v1:request>
            <ser:serviceChange>
               <ser:referenceFodFin>11223344</ser:referenceFodFin>
               <ser:initialService>
                  <!--Optional:-->
                  <com:technicalReference>1524</com:technicalReference>
                  <com:type>AAF</com:type>
                  <com:reference>reference</com:reference>
               </ser:initialService>
               <!--1 to 99 repetitions:-->
               <ser:transfer>
                  <ser:serviceName>CIRB</ser:serviceName>
                  <ser:dateIn>${=new java.text.SimpleDateFormat("yyyy-MM-dd").format(new Date())}</ser:dateIn>
                  <!--Optional:-->
                  <ser:dateOut>${=new java.text.SimpleDateFormat("yyyy-MM-dd").format(new Date())}</ser:dateOut>
                  <ser:official>
                     <ser:firstName>jean</ser:firstName>
                     <ser:lastName>baptist</ser:lastName>
                     <ser:phoneNumber>0452363621</ser:phoneNumber>
                     <ser:email>cisyapan@cirb.brussels</ser:email>
                  </ser:official>
               </ser:transfer>
            </ser:serviceChange>
         </v1:request>
      </v1:serviceChangeRequest>
   </soapenv:Body>
</soapenv:Envelope>]]></con:request><con:assertion type="SOAP Fault Assertion" id="e564727d-ab00-4551-8511-bff5b47e4405" name="Not SOAP Fault"/><con:assertion type="SOAP Response" id="063f01ce-3e37-4eb8-a3f0-9b66aade7e8d" name="SOAP Response"/><con:assertion type="Schema Compliance" id="d37158d7-c617-493d-b8b8-b0bb40395c81" name="Schema Compliance"><con:configuration/></con:assertion><con:wsaConfig action="http://fidus.brussels/services/exportfromregondesservice/serviceChange"/></con:request></con:config></con:testStep><con:testStep type="request" id="b3e69f15-88f8-4c46-8774-930577947e61" name="testcase4 - Staging - Worker1 - Request"><con:settings/><con:config xsi:type="con:RequestStep" xmlns:xsi="http://www.w3.org/2001/XMLSchema-instance"><con:interface>ExportFromRegondesServiceHTTPBinding</con:interface><con:operation>serviceChange</con:operation><con:request name="testcase4 - Staging - Worker1 - Request" id="3f0e531a-aae4-408a-b1b3-2f5180f996de" outgoingWss="Outflow STAG"><con:settings/><con:encoding>UTF-8</con:encoding><con:endpoint>https://192.168.24.57:8443/services/ExportFromRegondesService_v1.0</con:endpoint><con:request><![CDATA[<soapenv:Envelope xmlns:soapenv="http://schemas.xmlsoap.org/soap/envelope/" xmlns:v1="http://fidus.brussels/service/exportfromregondesservice/messages/v1" xmlns:v11="http://fidus.brussels/type/common/messages/v1" xmlns:ser="http://www.minfin.fgov.be/regondes2/extern/taxservice/exports/serviceChanged" xmlns:com="http://www.minfin.fgov.be/regondes2/extern/taxservice/common">
   <soapenv:Header/>
   <soapenv:Body>
      <v1:serviceChangeRequest>
         <v1:messageContext>
            <v11:messageId>${=import static java.util.UUID.randomUUID; uuid = randomUUID() as String}</v11:messageId>
            <!--Optional:-->
            <v11:timestamp>${=new java.text.SimpleDateFormat("yyyy-MM-dd'T'HH:mm:ss.SSS").format(new Date())}</v11:timestamp>
         </v1:messageContext>
         <v1:legalContext>ServiceIntegrator</v1:legalContext>
         <v1:request>
            <ser:serviceChange>
               <ser:referenceFodFin>11223344</ser:referenceFodFin>
               <ser:initialService>
                  <!--Optional:-->
                  <com:technicalReference>1524</com:technicalReference>
                  <com:type>AAF</com:type>
                  <com:reference>reference</com:reference>
               </ser:initialService>
               <!--1 to 99 repetitions:-->
               <ser:transfer>
                  <ser:serviceName>CIRB</ser:serviceName>
                  <ser:dateIn>${=new java.text.SimpleDateFormat("yyyy-MM-dd").format(new Date())}</ser:dateIn>
                  <!--Optional:-->
                  <ser:dateOut>${=new java.text.SimpleDateFormat("yyyy-MM-dd").format(new Date())}</ser:dateOut>
                  <ser:official>
                     <ser:firstName>jean</ser:firstName>
                     <ser:lastName>baptist</ser:lastName>
                     <ser:phoneNumber>0452363621</ser:phoneNumber>
                     <ser:email>cisyapan@cirb.brussels</ser:email>
                  </ser:official>
               </ser:transfer>
            </ser:serviceChange>
         </v1:request>
      </v1:serviceChangeRequest>
   </soapenv:Body>
</soapenv:Envelope>]]></con:request><con:assertion type="SOAP Fault Assertion" id="05a01b11-eeed-4ae1-b21a-a50301051253" name="Not SOAP Fault"/><con:assertion type="SOAP Response" id="c6b7d65b-a3ef-4897-a2c1-1d1ddcd4fb3b" name="SOAP Response"/><con:assertion type="Schema Compliance" id="8b2cfa15-ea48-4d38-9a15-2d06c6a7986f" name="Schema Compliance"><con:configuration/></con:assertion><con:wsaConfig action="http://fidus.brussels/services/exportfromregondesservice/serviceChange"/></con:request></con:config></con:testStep><con:testStep type="request" id="c842a293-5b5a-4266-a804-6e37091ce5b9" name="testcase4 - Staging - Worker2 - Request"><con:settings/><con:config xsi:type="con:RequestStep" xmlns:xsi="http://www.w3.org/2001/XMLSchema-instance"><con:interface>ExportFromRegondesServiceHTTPBinding</con:interface><con:operation>serviceChange</con:operation><con:request name="testcase4 - Staging - Worker2 - Request" id="b78f96f1-4535-4129-81e9-d9af33e1427f" outgoingWss="Outflow STAG"><con:settings/><con:encoding>UTF-8</con:encoding><con:endpoint>https://192.168.24.64:8443/services/ExportFromRegondesService_v1.0</con:endpoint><con:request><![CDATA[<soapenv:Envelope xmlns:soapenv="http://schemas.xmlsoap.org/soap/envelope/" xmlns:v1="http://fidus.brussels/service/exportfromregondesservice/messages/v1" xmlns:v11="http://fidus.brussels/type/common/messages/v1" xmlns:ser="http://www.minfin.fgov.be/regondes2/extern/taxservice/exports/serviceChanged" xmlns:com="http://www.minfin.fgov.be/regondes2/extern/taxservice/common">
   <soapenv:Header/>
   <soapenv:Body>
      <v1:serviceChangeRequest>
         <v1:messageContext>
            <v11:messageId>${=import static java.util.UUID.randomUUID; uuid = randomUUID() as String}</v11:messageId>
            <!--Optional:-->
            <v11:timestamp>${=new java.text.SimpleDateFormat("yyyy-MM-dd'T'HH:mm:ss.SSS").format(new Date())}</v11:timestamp>
         </v1:messageContext>
         <v1:legalContext>ServiceIntegrator</v1:legalContext>
         <v1:request>
            <ser:serviceChange>
               <ser:referenceFodFin>11223344</ser:referenceFodFin>
               <ser:initialService>
                  <!--Optional:-->
                  <com:technicalReference>1524</com:technicalReference>
                  <com:type>AAF</com:type>
                  <com:reference>reference</com:reference>
               </ser:initialService>
               <!--1 to 99 repetitions:-->
               <ser:transfer>
                  <ser:serviceName>CIRB</ser:serviceName>
                  <ser:dateIn>${=new java.text.SimpleDateFormat("yyyy-MM-dd").format(new Date())}</ser:dateIn>
                  <!--Optional:-->
                  <ser:dateOut>${=new java.text.SimpleDateFormat("yyyy-MM-dd").format(new Date())}</ser:dateOut>
                  <ser:official>
                     <ser:firstName>jean</ser:firstName>
                     <ser:lastName>baptist</ser:lastName>
                     <ser:phoneNumber>0452363621</ser:phoneNumber>
                     <ser:email>cisyapan@cirb.brussels</ser:email>
                  </ser:official>
               </ser:transfer>
            </ser:serviceChange>
         </v1:request>
      </v1:serviceChangeRequest>
   </soapenv:Body>
</soapenv:Envelope>]]></con:request><con:assertion type="SOAP Fault Assertion" id="24c1199e-1e5c-46cb-bbe0-bb91abe64fb6" name="Not SOAP Fault"/><con:assertion type="SOAP Response" id="77a3e228-d15c-470b-9372-b1a84594222a" name="SOAP Response"/><con:assertion type="Schema Compliance" id="98c8f207-06fb-4d82-82c1-caab7800fe2c" name="Schema Compliance"><con:configuration/></con:assertion><con:wsaConfig action="http://fidus.brussels/services/exportfromregondesservice/serviceChange"/></con:request></con:config></con:testStep><con:testStep type="request" id="77373637-8f90-489a-a10a-3d60090907e8" name="testcase4 - Staging - External - Request"><con:settings/><con:config xsi:type="con:RequestStep" xmlns:xsi="http://www.w3.org/2001/XMLSchema-instance"><con:interface>ExportFromRegondesServiceHTTPBinding</con:interface><con:operation>serviceChange</con:operation><con:request name="testcase4 - Staging - External - Request" id="b1de7413-5161-47aa-8361-3835fbc0c23e" outgoingWss="Outflow STAG"><con:settings/><con:encoding>UTF-8</con:encoding><con:endpoint>https://fidus.irisnetlab.be/services/ExportFromRegondesService_v1.0</con:endpoint><con:request><![CDATA[<soapenv:Envelope xmlns:soapenv="http://schemas.xmlsoap.org/soap/envelope/" xmlns:v1="http://fidus.brussels/service/exportfromregondesservice/messages/v1" xmlns:v11="http://fidus.brussels/type/common/messages/v1" xmlns:ser="http://www.minfin.fgov.be/regondes2/extern/taxservice/exports/serviceChanged" xmlns:com="http://www.minfin.fgov.be/regondes2/extern/taxservice/common">
   <soapenv:Header/>
   <soapenv:Body>
      <v1:serviceChangeRequest>
         <v1:messageContext>
            <v11:messageId>${=import static java.util.UUID.randomUUID; uuid = randomUUID() as String}</v11:messageId>
            <!--Optional:-->
            <v11:timestamp>${=new java.text.SimpleDateFormat("yyyy-MM-dd'T'HH:mm:ss.SSS").format(new Date())}</v11:timestamp>
         </v1:messageContext>
         <v1:legalContext>ServiceIntegrator</v1:legalContext>
         <v1:request>
            <ser:serviceChange>
               <ser:referenceFodFin>11223344</ser:referenceFodFin>
               <ser:initialService>
                  <!--Optional:-->
                  <com:technicalReference>1524</com:technicalReference>
                  <com:type>AAF</com:type>
                  <com:reference>reference</com:reference>
               </ser:initialService>
               <!--1 to 99 repetitions:-->
               <ser:transfer>
                  <ser:serviceName>CIRB</ser:serviceName>
                  <ser:dateIn>${=new java.text.SimpleDateFormat("yyyy-MM-dd").format(new Date())}</ser:dateIn>
                  <!--Optional:-->
                  <ser:dateOut>${=new java.text.SimpleDateFormat("yyyy-MM-dd").format(new Date())}</ser:dateOut>
                  <ser:official>
                     <ser:firstName>jean</ser:firstName>
                     <ser:lastName>baptist</ser:lastName>
                     <ser:phoneNumber>0452363621</ser:phoneNumber>
                     <ser:email>cisyapan@cirb.brussels</ser:email>
                  </ser:official>
               </ser:transfer>
            </ser:serviceChange>
         </v1:request>
      </v1:serviceChangeRequest>
   </soapenv:Body>
</soapenv:Envelope>]]></con:request><con:assertion type="SOAP Fault Assertion" id="395d71fd-4154-4c55-8fd3-653486604878" name="Not SOAP Fault"/><con:assertion type="SOAP Response" id="0257aa5b-b2eb-4eab-9403-d47c26be7b43" name="SOAP Response"/><con:assertion type="Schema Compliance" id="c6495855-7856-4e28-8b79-339b3e2fc8f8" name="Schema Compliance"><con:configuration/></con:assertion><con:wsaConfig action="http://fidus.brussels/services/exportfromregondesservice/serviceChange"/></con:request></con:config></con:testStep><con:properties/></con:testCase><con:properties/></con:testSuite><con:testSuite id="005c5923-bb1e-43dc-9ffb-13dc87b0b581" name="PROD"><con:settings/><con:runType>SEQUENTIAL</con:runType><con:testCase id="2580163b-66f8-4edf-b4f7-d51d6f30030f" failOnError="true" failTestCaseOnErrors="true" keepSession="false" maxResults="0" name="closedDossier" searchProperties="true"><con:settings/><con:testStep type="request" id="6c4833cf-9a60-4325-8b3a-1c4c9bc98a3e" name="testcase5 - Prod - LB - Request"><con:settings/><con:config xsi:type="con:RequestStep" xmlns:xsi="http://www.w3.org/2001/XMLSchema-instance"><con:interface>ExportFromRegondesServiceHTTPBinding</con:interface><con:operation>closedDossier</con:operation><con:request name="testcase5 - Prod - LB - Request" id="35e86995-6bf8-436d-9fff-0ac31977b2fd" outgoingWss="Outflow PROD"><con:settings/><con:encoding>UTF-8</con:encoding><con:endpoint>https://fidus-esb-sg.prd.srv.cirb.lan:8443/services/ExportFromRegondesService_v1.0</con:endpoint><con:request><![CDATA[<soapenv:Envelope xmlns:soapenv="http://schemas.xmlsoap.org/soap/envelope/" xmlns:v1="http://fidus.brussels/service/exportfromregondesservice/messages/v1" xmlns:v11="http://fidus.brussels/type/common/messages/v1" xmlns:clos="http://www.minfin.fgov.be/regondes2/extern/taxservice/exports/closedDossiers" xmlns:com="http://www.minfin.fgov.be/regondes2/extern/taxservice/common">
   <soapenv:Header/>
   <soapenv:Body>
      <v1:closedDossierRequest>
         <v1:messageContext>
            <v11:messageId>${=import static java.util.UUID.randomUUID; uuid = randomUUID() as String}</v11:messageId>
            <v11:timestamp>${=new java.text.SimpleDateFormat("yyyy-MM-dd'T'HH:mm:ss.SSS").format(new Date())}</v11:timestamp>
         </v1:messageContext>
         <v1:legalContext>ServiceIntegrator</v1:legalContext>
         <v1:request>
            <clos:closedDossier> 
               <clos:referenceFodFin>11223344</clos:referenceFodFin>
               <clos:fiscalYear>2017</clos:fiscalYear>
               <clos:initialService>
                  <com:technicalReference>technicalReference</com:technicalReference>
                  <com:type>AAF</com:type>
                  <clos:reference>reference</clos:reference>
               </clos:initialService>
               <clos:patrimonyInformation>
                  <clos:typeDossier>AA</clos:typeDossier>
                  <clos:patrimonyFrom>${=new java.text.SimpleDateFormat("yyyy-MM-dd").format(new Date())}</clos:patrimonyFrom>
                  <clos:patrimonyRef>1</clos:patrimonyRef>
                  <clos:cadastralDivisionCode>YYY</clos:cadastralDivisionCode>
                  <clos:articleNumber>51</clos:articleNumber>
               </clos:patrimonyInformation>
               <clos:report>
                  <clos:type>S</clos:type>
                  <clos:subtype>subtype</clos:subtype>
                  <clos:kind>INITIAL</clos:kind>
                  <clos:cadastralIncome>
                     <com:codeCadastralIncome>a</com:codeCadastralIncome>
                     <com:definitiveCadastralIncome>12</com:definitiveCadastralIncome>
                     <com:dateDefinitive>${=new java.text.SimpleDateFormat("yyyy-MM-dd").format(new Date())}</com:dateDefinitive>
                     <com:reasonDefinitive>my reason</com:reasonDefinitive>
                  </clos:cadastralIncome>
                  <clos:date>${=new java.text.SimpleDateFormat("yyyy-MM-dd").format(new Date())}</clos:date>
                  <clos:motivation>No motivation</clos:motivation>
                  <!--0 to 99 repetitions:-->
                  <clos:newState>
                     <!--1 to 999 repetitions:-->
                     <clos:parcel>
                        <clos:parcelNumber>
                           <clos:section>55254</clos:section>
                           <clos:groundNumber>9555</clos:groundNumber>
                           <clos:bisNumber>2525</clos:bisNumber>
                           <clos:exponent>1414</clos:exponent>
                           <clos:power>me</clos:power>
                           <clos:part>4</clos:part>
                        </clos:parcelNumber>
                        <clos:situation>invalid</clos:situation>
                        <clos:kind>no</clos:kind>
                        <clos:details>test</clos:details>
                        <!--You have a CHOICE of the next 2 items at this level-->
                        <clos:articleNumber>1141</clos:articleNumber>
                        <clos:sequenceNumber>3215</clos:sequenceNumber>
                        <!--0 to 99 repetitions:-->
                        <clos:cadastralInformation>
                           <clos:codeCadastralIncome>12</clos:codeCadastralIncome>
                           <clos:cadastralIncome>12</clos:cadastralIncome>
                           <clos:cadastralIncomePart>42</clos:cadastralIncomePart>
                           <clos:exemption>52</clos:exemption>
                           <clos:daysUnfruitful>5</clos:daysUnfruitful>
                        </clos:cadastralInformation>
                     </clos:parcel>
                     <!--1 to 999 repetitions:-->
                     <clos:owner>
                        <!--You have a CHOICE of the next 2 items at this level-->
                        <clos:person>
                           <!--You have a CHOICE of the next 3 items at this level-->
                           <clos:socialSecurityNumber>125</clos:socialSecurityNumber>
                           <clos:lastname>baptiste</clos:lastname>
                        </clos:person>
                        <clos:rights>Admin</clos:rights>
                        <clos:ownerType>LEGAL_PERSON</clos:ownerType>
                     </clos:owner>
                  </clos:newState>
               </clos:report>
               <!--0 to 99 repetitions:-->
               <clos:linkedDossier>
                  <clos:referenceInitialService>referenceInitialService</clos:referenceInitialService>
                  <clos:referenceFodFin>15</clos:referenceFodFin>
               </clos:linkedDossier>
               <!--0 to 99 repetitions:-->
               <clos:attachment>
                  <com:fileName>cirb</com:fileName>
                  <com:data>    1234   </com:data>
               </clos:attachment>
            </clos:closedDossier>
         </v1:request>
      </v1:closedDossierRequest>
   </soapenv:Body>
</soapenv:Envelope>]]></con:request><con:assertion type="SOAP Fault Assertion" id="c7d1eb22-3eb0-476a-a505-25dd53788cb0" name="Not SOAP Fault"/><con:assertion type="SOAP Response" id="f9b12340-f341-4596-ae12-2b40acf1036d" name="SOAP Response"/><con:assertion type="Schema Compliance" id="0f995273-1dcd-45c9-ac69-f632cc69919d" name="Schema Compliance"><con:configuration/></con:assertion><con:wsaConfig action="http://fidus.brussels/services/exportfromregondesservice/closedDossier"/></con:request></con:config></con:testStep><con:testStep type="request" id="c4e473d8-166f-4ea8-ac83-f171fbfcde8f" name="testcase5 - Prod - Worker1 - Request"><con:settings/><con:config xsi:type="con:RequestStep" xmlns:xsi="http://www.w3.org/2001/XMLSchema-instance"><con:interface>ExportFromRegondesServiceHTTPBinding</con:interface><con:operation>closedDossier</con:operation><con:request name="testcase5 - Prod - Worker1 - Request" id="4c72d369-efce-4107-ba02-d0d84c005827" outgoingWss="Outflow PROD"><con:settings/><con:encoding>UTF-8</con:encoding><con:endpoint>https://192.168.26.22:8443/services/ExportFromRegondesService_v1.0</con:endpoint><con:request><![CDATA[<soapenv:Envelope xmlns:soapenv="http://schemas.xmlsoap.org/soap/envelope/" xmlns:v1="http://fidus.brussels/service/exportfromregondesservice/messages/v1" xmlns:v11="http://fidus.brussels/type/common/messages/v1" xmlns:clos="http://www.minfin.fgov.be/regondes2/extern/taxservice/exports/closedDossiers" xmlns:com="http://www.minfin.fgov.be/regondes2/extern/taxservice/common">
   <soapenv:Header/>
   <soapenv:Body>
      <v1:closedDossierRequest>
         <v1:messageContext>
            <v11:messageId>${=import static java.util.UUID.randomUUID; uuid = randomUUID() as String}</v11:messageId>
            <v11:timestamp>${=new java.text.SimpleDateFormat("yyyy-MM-dd'T'HH:mm:ss.SSS").format(new Date())}</v11:timestamp>
         </v1:messageContext>
         <v1:legalContext>ServiceIntegrator</v1:legalContext>
         <v1:request>
            <clos:closedDossier> 
               <clos:referenceFodFin>11223344</clos:referenceFodFin>
               <clos:fiscalYear>2017</clos:fiscalYear>
               <clos:initialService>
                  <com:technicalReference>technicalReference</com:technicalReference>
                  <com:type>AAF</com:type>
                  <clos:reference>reference</clos:reference>
               </clos:initialService>
               <clos:patrimonyInformation>
                  <clos:typeDossier>AA</clos:typeDossier>
                  <clos:patrimonyFrom>${=new java.text.SimpleDateFormat("yyyy-MM-dd").format(new Date())}</clos:patrimonyFrom>
                  <clos:patrimonyRef>1</clos:patrimonyRef>
                  <clos:cadastralDivisionCode>YYY</clos:cadastralDivisionCode>
                  <clos:articleNumber>51</clos:articleNumber>
               </clos:patrimonyInformation>
               <clos:report>
                  <clos:type>S</clos:type>
                  <clos:subtype>subtype</clos:subtype>
                  <clos:kind>INITIAL</clos:kind>
                  <clos:cadastralIncome>
                     <com:codeCadastralIncome>a</com:codeCadastralIncome>
                     <com:definitiveCadastralIncome>12</com:definitiveCadastralIncome>
                     <com:dateDefinitive>${=new java.text.SimpleDateFormat("yyyy-MM-dd").format(new Date())}</com:dateDefinitive>
                     <com:reasonDefinitive>my reason</com:reasonDefinitive>
                  </clos:cadastralIncome>
                  <clos:date>${=new java.text.SimpleDateFormat("yyyy-MM-dd").format(new Date())}</clos:date>
                  <clos:motivation>No motivation</clos:motivation>
                  <!--0 to 99 repetitions:-->
                  <clos:newState>
                     <!--1 to 999 repetitions:-->
                     <clos:parcel>
                        <clos:parcelNumber>
                           <clos:section>55254</clos:section>
                           <clos:groundNumber>9555</clos:groundNumber>
                           <clos:bisNumber>2525</clos:bisNumber>
                           <clos:exponent>1414</clos:exponent>
                           <clos:power>me</clos:power>
                           <clos:part>4</clos:part>
                        </clos:parcelNumber>
                        <clos:situation>invalid</clos:situation>
                        <clos:kind>no</clos:kind>
                        <clos:details>test</clos:details>
                        <!--You have a CHOICE of the next 2 items at this level-->
                        <clos:articleNumber>1141</clos:articleNumber>
                        <clos:sequenceNumber>3215</clos:sequenceNumber>
                        <!--0 to 99 repetitions:-->
                        <clos:cadastralInformation>
                           <clos:codeCadastralIncome>12</clos:codeCadastralIncome>
                           <clos:cadastralIncome>12</clos:cadastralIncome>
                           <clos:cadastralIncomePart>42</clos:cadastralIncomePart>
                           <clos:exemption>52</clos:exemption>
                           <clos:daysUnfruitful>5</clos:daysUnfruitful>
                        </clos:cadastralInformation>
                     </clos:parcel>
                     <!--1 to 999 repetitions:-->
                     <clos:owner>
                        <!--You have a CHOICE of the next 2 items at this level-->
                        <clos:person>
                           <!--You have a CHOICE of the next 3 items at this level-->
                           <clos:socialSecurityNumber>125</clos:socialSecurityNumber>
                           <clos:lastname>baptiste</clos:lastname>
                        </clos:person>
                        <clos:rights>Admin</clos:rights>
                        <clos:ownerType>LEGAL_PERSON</clos:ownerType>
                     </clos:owner>
                  </clos:newState>
               </clos:report>
               <!--0 to 99 repetitions:-->
               <clos:linkedDossier>
                  <clos:referenceInitialService>referenceInitialService</clos:referenceInitialService>
                  <clos:referenceFodFin>15</clos:referenceFodFin>
               </clos:linkedDossier>
               <!--0 to 99 repetitions:-->
               <clos:attachment>
                  <com:fileName>cirb</com:fileName>
                  <com:data>    1234   </com:data>
               </clos:attachment>
            </clos:closedDossier>
         </v1:request>
      </v1:closedDossierRequest>
   </soapenv:Body>
</soapenv:Envelope>]]></con:request><con:assertion type="SOAP Fault Assertion" id="a54041ff-fc6a-40e6-96aa-077b135afea2" name="Not SOAP Fault"/><con:assertion type="SOAP Response" id="976fbff4-5650-4fce-90e3-eb4f84c78803" name="SOAP Response"/><con:assertion type="Schema Compliance" id="3118bc7e-f350-4bab-990f-2782b6f44e3e" name="Schema Compliance"><con:configuration/></con:assertion><con:wsaConfig action="http://fidus.brussels/services/exportfromregondesservice/closedDossier"/></con:request></con:config></con:testStep><con:testStep type="request" id="9377e0dd-9a50-41a1-b514-cd7c709dd4f5" name="testcase5 - Prod - External - Request"><con:settings/><con:config xsi:type="con:RequestStep" xmlns:xsi="http://www.w3.org/2001/XMLSchema-instance"><con:interface>ExportFromRegondesServiceHTTPBinding</con:interface><con:operation>closedDossier</con:operation><con:request name="testcase5 - Prod - External - Request" id="6ba10483-da92-458e-9e12-08d16303b3d6" outgoingWss="Outflow PROD"><con:settings/><con:encoding>UTF-8</con:encoding><con:endpoint>https://fidus.sec.brussels/services/ExportFromRegondesservice_v1.0</con:endpoint><con:request><![CDATA[<soapenv:Envelope xmlns:soapenv="http://schemas.xmlsoap.org/soap/envelope/" xmlns:v1="http://fidus.brussels/service/exportfromregondesservice/messages/v1" xmlns:v11="http://fidus.brussels/type/common/messages/v1" xmlns:clos="http://www.minfin.fgov.be/regondes2/extern/taxservice/exports/closedDossiers" xmlns:com="http://www.minfin.fgov.be/regondes2/extern/taxservice/common">
   <soapenv:Header/>
   <soapenv:Body>
      <v1:closedDossierRequest>
         <v1:messageContext>
            <v11:messageId>${=import static java.util.UUID.randomUUID; uuid = randomUUID() as String}</v11:messageId>
            <v11:timestamp>${=new java.text.SimpleDateFormat("yyyy-MM-dd'T'HH:mm:ss.SSS").format(new Date())}</v11:timestamp>
         </v1:messageContext>
         <v1:legalContext>ServiceIntegrator</v1:legalContext>
         <v1:request>
            <clos:closedDossier> 
               <clos:referenceFodFin>11223344</clos:referenceFodFin>
               <clos:fiscalYear>2017</clos:fiscalYear>
               <clos:initialService>
                  <com:technicalReference>technicalReference</com:technicalReference>
                  <com:type>AAF</com:type>
                  <clos:reference>reference</clos:reference>
               </clos:initialService>
               <clos:patrimonyInformation>
                  <clos:typeDossier>AA</clos:typeDossier>
                  <clos:patrimonyFrom>${=new java.text.SimpleDateFormat("yyyy-MM-dd").format(new Date())}</clos:patrimonyFrom>
                  <clos:patrimonyRef>1</clos:patrimonyRef>
                  <clos:cadastralDivisionCode>YYY</clos:cadastralDivisionCode>
                  <clos:articleNumber>51</clos:articleNumber>
               </clos:patrimonyInformation>
               <clos:report>
                  <clos:type>S</clos:type>
                  <clos:subtype>subtype</clos:subtype>
                  <clos:kind>INITIAL</clos:kind>
                  <clos:cadastralIncome>
                     <com:codeCadastralIncome>a</com:codeCadastralIncome>
                     <com:definitiveCadastralIncome>12</com:definitiveCadastralIncome>
                     <com:dateDefinitive>${=new java.text.SimpleDateFormat("yyyy-MM-dd").format(new Date())}</com:dateDefinitive>
                     <com:reasonDefinitive>my reason</com:reasonDefinitive>
                  </clos:cadastralIncome>
                  <clos:date>${=new java.text.SimpleDateFormat("yyyy-MM-dd").format(new Date())}</clos:date>
                  <clos:motivation>No motivation</clos:motivation>
                  <!--0 to 99 repetitions:-->
                  <clos:newState>
                     <!--1 to 999 repetitions:-->
                     <clos:parcel>
                        <clos:parcelNumber>
                           <clos:section>55254</clos:section>
                           <clos:groundNumber>9555</clos:groundNumber>
                           <clos:bisNumber>2525</clos:bisNumber>
                           <clos:exponent>1414</clos:exponent>
                           <clos:power>me</clos:power>
                           <clos:part>4</clos:part>
                        </clos:parcelNumber>
                        <clos:situation>invalid</clos:situation>
                        <clos:kind>no</clos:kind>
                        <clos:details>test</clos:details>
                        <!--You have a CHOICE of the next 2 items at this level-->
                        <clos:articleNumber>1141</clos:articleNumber>
                        <clos:sequenceNumber>3215</clos:sequenceNumber>
                        <!--0 to 99 repetitions:-->
                        <clos:cadastralInformation>
                           <clos:codeCadastralIncome>12</clos:codeCadastralIncome>
                           <clos:cadastralIncome>12</clos:cadastralIncome>
                           <clos:cadastralIncomePart>42</clos:cadastralIncomePart>
                           <clos:exemption>52</clos:exemption>
                           <clos:daysUnfruitful>5</clos:daysUnfruitful>
                        </clos:cadastralInformation>
                     </clos:parcel>
                     <!--1 to 999 repetitions:-->
                     <clos:owner>
                        <!--You have a CHOICE of the next 2 items at this level-->
                        <clos:person>
                           <!--You have a CHOICE of the next 3 items at this level-->
                           <clos:socialSecurityNumber>125</clos:socialSecurityNumber>
                           <clos:lastname>baptiste</clos:lastname>
                        </clos:person>
                        <clos:rights>Admin</clos:rights>
                        <clos:ownerType>LEGAL_PERSON</clos:ownerType>
                     </clos:owner>
                  </clos:newState>
               </clos:report>
               <!--0 to 99 repetitions:-->
               <clos:linkedDossier>
                  <clos:referenceInitialService>referenceInitialService</clos:referenceInitialService>
                  <clos:referenceFodFin>15</clos:referenceFodFin>
               </clos:linkedDossier>
               <!--0 to 99 repetitions:-->
               <clos:attachment>
                  <com:fileName>cirb</com:fileName>
                  <com:data>    1234   </com:data>
               </clos:attachment>
            </clos:closedDossier>
         </v1:request>
      </v1:closedDossierRequest>
   </soapenv:Body>
</soapenv:Envelope>]]></con:request><con:assertion type="SOAP Fault Assertion" id="a6a8ae74-7f41-4dab-9f0e-cbae3f5c8c6e" name="Not SOAP Fault"/><con:assertion type="SOAP Response" id="59028706-8bbf-4a93-9823-a109f275016a" name="SOAP Response"/><con:assertion type="Schema Compliance" id="8cd9e0ba-43ca-4c6c-94ab-bfdbad2d0fcb" name="Schema Compliance"><con:configuration/></con:assertion><con:wsaConfig action="http://fidus.brussels/services/exportfromregondesservice/closedDossier"/></con:request></con:config></con:testStep><con:testStep type="request" id="f1949ca7-90f0-48d1-ad64-58e26a9ae938" name="testcase5 - Prod - Worker2 - Request"><con:settings/><con:config xsi:type="con:RequestStep" xmlns:xsi="http://www.w3.org/2001/XMLSchema-instance"><con:interface>ExportFromRegondesServiceHTTPBinding</con:interface><con:operation>closedDossier</con:operation><con:request name="testcase5 - Prod - Worker2 - Request" id="48e5ad85-4b01-4377-bd84-276a65af745e" outgoingWss="Outflow PROD"><con:settings/><con:encoding>UTF-8</con:encoding><con:endpoint>https://192.168.26.19:8443/services/ExportFromRegondesService_v1.0</con:endpoint><con:request><![CDATA[<soapenv:Envelope xmlns:soapenv="http://schemas.xmlsoap.org/soap/envelope/" xmlns:v1="http://fidus.brussels/service/exportfromregondesservice/messages/v1" xmlns:v11="http://fidus.brussels/type/common/messages/v1" xmlns:clos="http://www.minfin.fgov.be/regondes2/extern/taxservice/exports/closedDossiers" xmlns:com="http://www.minfin.fgov.be/regondes2/extern/taxservice/common">
   <soapenv:Header/>
   <soapenv:Body>
      <v1:closedDossierRequest>
         <v1:messageContext>
            <v11:messageId>${=import static java.util.UUID.randomUUID; uuid = randomUUID() as String}</v11:messageId>
            <v11:timestamp>${=new java.text.SimpleDateFormat("yyyy-MM-dd'T'HH:mm:ss.SSS").format(new Date())}</v11:timestamp>
         </v1:messageContext>
         <v1:legalContext>ServiceIntegrator</v1:legalContext>
         <v1:request>
            <clos:closedDossier> 
               <clos:referenceFodFin>11223344</clos:referenceFodFin>
               <clos:fiscalYear>2017</clos:fiscalYear>
               <clos:initialService>
                  <com:technicalReference>technicalReference</com:technicalReference>
                  <com:type>AAF</com:type>
                  <clos:reference>reference</clos:reference>
               </clos:initialService>
               <clos:patrimonyInformation>
                  <clos:typeDossier>AA</clos:typeDossier>
                  <clos:patrimonyFrom>${=new java.text.SimpleDateFormat("yyyy-MM-dd").format(new Date())}</clos:patrimonyFrom>
                  <clos:patrimonyRef>1</clos:patrimonyRef>
                  <clos:cadastralDivisionCode>YYY</clos:cadastralDivisionCode>
                  <clos:articleNumber>51</clos:articleNumber>
               </clos:patrimonyInformation>
               <clos:report>
                  <clos:type>S</clos:type>
                  <clos:subtype>subtype</clos:subtype>
                  <clos:kind>INITIAL</clos:kind>
                  <clos:cadastralIncome>
                     <com:codeCadastralIncome>a</com:codeCadastralIncome>
                     <com:definitiveCadastralIncome>12</com:definitiveCadastralIncome>
                     <com:dateDefinitive>${=new java.text.SimpleDateFormat("yyyy-MM-dd").format(new Date())}</com:dateDefinitive>
                     <com:reasonDefinitive>my reason</com:reasonDefinitive>
                  </clos:cadastralIncome>
                  <clos:date>${=new java.text.SimpleDateFormat("yyyy-MM-dd").format(new Date())}</clos:date>
                  <clos:motivation>No motivation</clos:motivation>
                  <!--0 to 99 repetitions:-->
                  <clos:newState>
                     <!--1 to 999 repetitions:-->
                     <clos:parcel>
                        <clos:parcelNumber>
                           <clos:section>55254</clos:section>
                           <clos:groundNumber>9555</clos:groundNumber>
                           <clos:bisNumber>2525</clos:bisNumber>
                           <clos:exponent>1414</clos:exponent>
                           <clos:power>me</clos:power>
                           <clos:part>4</clos:part>
                        </clos:parcelNumber>
                        <clos:situation>invalid</clos:situation>
                        <clos:kind>no</clos:kind>
                        <clos:details>test</clos:details>
                        <!--You have a CHOICE of the next 2 items at this level-->
                        <clos:articleNumber>1141</clos:articleNumber>
                        <clos:sequenceNumber>3215</clos:sequenceNumber>
                        <!--0 to 99 repetitions:-->
                        <clos:cadastralInformation>
                           <clos:codeCadastralIncome>12</clos:codeCadastralIncome>
                           <clos:cadastralIncome>12</clos:cadastralIncome>
                           <clos:cadastralIncomePart>42</clos:cadastralIncomePart>
                           <clos:exemption>52</clos:exemption>
                           <clos:daysUnfruitful>5</clos:daysUnfruitful>
                        </clos:cadastralInformation>
                     </clos:parcel>
                     <!--1 to 999 repetitions:-->
                     <clos:owner>
                        <!--You have a CHOICE of the next 2 items at this level-->
                        <clos:person>
                           <!--You have a CHOICE of the next 3 items at this level-->
                           <clos:socialSecurityNumber>125</clos:socialSecurityNumber>
                           <clos:lastname>baptiste</clos:lastname>
                        </clos:person>
                        <clos:rights>Admin</clos:rights>
                        <clos:ownerType>LEGAL_PERSON</clos:ownerType>
                     </clos:owner>
                  </clos:newState>
               </clos:report>
               <!--0 to 99 repetitions:-->
               <clos:linkedDossier>
                  <clos:referenceInitialService>referenceInitialService</clos:referenceInitialService>
                  <clos:referenceFodFin>15</clos:referenceFodFin>
               </clos:linkedDossier>
               <!--0 to 99 repetitions:-->
               <clos:attachment>
                  <com:fileName>cirb</com:fileName>
                  <com:data>    1234   </com:data>
               </clos:attachment>
            </clos:closedDossier>
         </v1:request>
      </v1:closedDossierRequest>
   </soapenv:Body>
</soapenv:Envelope>]]></con:request><con:assertion type="SOAP Fault Assertion" id="6be249ef-c757-4cfd-b3e9-743332f67883" name="Not SOAP Fault"/><con:assertion type="SOAP Response" id="2852eddf-cbf0-4137-9ac4-2544a8246e91" name="SOAP Response"/><con:assertion type="Schema Compliance" id="f8df130f-d29f-4ba6-9cd0-ada8071708af" name="Schema Compliance"><con:configuration/></con:assertion><con:wsaConfig action="http://fidus.brussels/services/exportfromregondesservice/closedDossier"/></con:request></con:config></con:testStep><con:properties/></con:testCase><con:testCase id="3bd33879-bf9e-4b00-b02a-c5620292c51d" failOnError="true" failTestCaseOnErrors="true" keepSession="false" maxResults="0" name="postponedDossier" searchProperties="true"><con:settings/><con:testStep type="request" id="6ab84c53-b371-4759-998e-6d293f377795" name="testcase5 - Prod - LB - Request"><con:settings/><con:config xsi:type="con:RequestStep" xmlns:xsi="http://www.w3.org/2001/XMLSchema-instance"><con:interface>ExportFromRegondesServiceHTTPBinding</con:interface><con:operation>postponedDossier</con:operation><con:request name="testcase5 - Prod - LB - Request" id="63a52e11-8434-4a5b-92e3-9891ebfb7857" outgoingWss="Outflow PROD"><con:settings/><con:encoding>UTF-8</con:encoding><con:endpoint>https://fidus-esb-sg.prd.srv.cirb.lan:8443/services/ExportFromRegondesService_v1.0</con:endpoint><con:request><![CDATA[<soapenv:Envelope xmlns:soapenv="http://schemas.xmlsoap.org/soap/envelope/" xmlns:v1="http://fidus.brussels/service/exportfromregondesservice/messages/v1" xmlns:v11="http://fidus.brussels/type/common/messages/v1" xmlns:pos="http://www.minfin.fgov.be/regondes2/extern/taxservice/exports/postponedDossiers" xmlns:com="http://www.minfin.fgov.be/regondes2/extern/taxservice/common">
   <soapenv:Header/>
   <soapenv:Body>
      <v1:postponedDossierRequest>
         <v1:messageContext>
            <v11:messageId>${=import static java.util.UUID.randomUUID; uuid = randomUUID() as String}</v11:messageId>
            <!--Optional:-->
            <v11:timestamp>${=new java.text.SimpleDateFormat("yyyy-MM-dd'T'HH:mm:ss.SSS").format(new Date())}</v11:timestamp>
         </v1:messageContext>
         <v1:legalContext>ServiceIntegrator</v1:legalContext>
         <v1:request>
            <pos:postponedDossier>
               <pos:referenceFodFin>11223344</pos:referenceFodFin>
               <pos:initialService>
                  <!--Optional:-->
                  <com:technicalReference>technicalReference</com:technicalReference>
                  <com:type>AAF</com:type>
                  <com:reference>reference</com:reference>
               </pos:initialService>
               <pos:postponement>
                  <pos:datePostponement>${=new java.text.SimpleDateFormat("yyyy-MM-dd").format(new Date())}</pos:datePostponement>
                  <pos:reasonPostponed>TEST</pos:reasonPostponed>
                  <pos:newTargetDate>${=new java.text.SimpleDateFormat("yyyy-MM-dd").format(new Date())}</pos:newTargetDate>
               </pos:postponement>
            </pos:postponedDossier>
         </v1:request>
      </v1:postponedDossierRequest>
   </soapenv:Body>
</soapenv:Envelope>]]></con:request><con:assertion type="SOAP Fault Assertion" id="07978efb-9f26-49e3-81e6-714f87cb81dc" name="Not SOAP Fault"/><con:assertion type="SOAP Response" id="0c17d631-3bfc-46cc-b580-fd29b0d23c03" name="SOAP Response"/><con:assertion type="Schema Compliance" id="6aab2751-0bd3-4168-890d-facf3c27ca85" name="Schema Compliance"><con:configuration/></con:assertion><con:wsaConfig action="http://fidus.brussels/services/exportfromregondesservice/postponedDossier"/></con:request></con:config></con:testStep><con:testStep type="request" id="89e2f93c-1300-4fbf-b796-fdbe55f5ad24" name="testcase5 - Prod - External - Request"><con:settings/><con:config xsi:type="con:RequestStep" xmlns:xsi="http://www.w3.org/2001/XMLSchema-instance"><con:interface>ExportFromRegondesServiceHTTPBinding</con:interface><con:operation>postponedDossier</con:operation><con:request name="testcase5 - Prod - External - Request" id="00b0fd09-ab2d-4a7a-9da1-435bab22d841" outgoingWss="Outflow PROD"><con:settings/><con:encoding>UTF-8</con:encoding><con:endpoint>https://fidus.sec.brussels/services/ExportFromRegondesservice_v1.0</con:endpoint><con:request><![CDATA[<soapenv:Envelope xmlns:soapenv="http://schemas.xmlsoap.org/soap/envelope/" xmlns:v1="http://fidus.brussels/service/exportfromregondesservice/messages/v1" xmlns:v11="http://fidus.brussels/type/common/messages/v1" xmlns:pos="http://www.minfin.fgov.be/regondes2/extern/taxservice/exports/postponedDossiers" xmlns:com="http://www.minfin.fgov.be/regondes2/extern/taxservice/common">
   <soapenv:Header/>
   <soapenv:Body>
      <v1:postponedDossierRequest>
         <v1:messageContext>
            <v11:messageId>${=import static java.util.UUID.randomUUID; uuid = randomUUID() as String}</v11:messageId>
            <!--Optional:-->
            <v11:timestamp>${=new java.text.SimpleDateFormat("yyyy-MM-dd'T'HH:mm:ss.SSS").format(new Date())}</v11:timestamp>
         </v1:messageContext>
         <v1:legalContext>ServiceIntegrator</v1:legalContext>
         <v1:request>
            <pos:postponedDossier>
               <pos:referenceFodFin>11223344</pos:referenceFodFin>
               <pos:initialService>
                  <!--Optional:-->
                  <com:technicalReference>technicalReference</com:technicalReference>
                  <com:type>AAF</com:type>
                  <com:reference>reference</com:reference>
               </pos:initialService>
               <pos:postponement>
                  <pos:datePostponement>${=new java.text.SimpleDateFormat("yyyy-MM-dd").format(new Date())}</pos:datePostponement>
                  <pos:reasonPostponed>TEST</pos:reasonPostponed>
                  <pos:newTargetDate>${=new java.text.SimpleDateFormat("yyyy-MM-dd").format(new Date())}</pos:newTargetDate>
               </pos:postponement>
            </pos:postponedDossier>
         </v1:request>
      </v1:postponedDossierRequest>
   </soapenv:Body>
</soapenv:Envelope>]]></con:request><con:assertion type="SOAP Fault Assertion" id="1f91ac4c-614c-4d32-9986-3dde04052f53" name="Not SOAP Fault"/><con:assertion type="SOAP Response" id="79307421-4395-430e-b886-1cce8d60f564" name="SOAP Response"/><con:assertion type="Schema Compliance" id="782e9a70-9b28-4ee7-aab2-5dba7f94680a" name="Schema Compliance"><con:configuration/></con:assertion><con:wsaConfig action="http://fidus.brussels/services/exportfromregondesservice/postponedDossier"/></con:request></con:config></con:testStep><con:testStep type="request" id="eb82a753-8ea4-4f0c-b0ed-4a749a61437a" name="testcase5 - Prod - Worker1 - Request"><con:settings/><con:config xsi:type="con:RequestStep" xmlns:xsi="http://www.w3.org/2001/XMLSchema-instance"><con:interface>ExportFromRegondesServiceHTTPBinding</con:interface><con:operation>postponedDossier</con:operation><con:request name="testcase5 - Prod - Worker1 - Request" id="4fbfb0b2-2a4d-4654-97aa-4d568369b29a" outgoingWss="Outflow PROD"><con:settings/><con:encoding>UTF-8</con:encoding><con:endpoint>https://192.168.26.22:8443/services/ExportFromRegondesService_v1.0</con:endpoint><con:request><![CDATA[<soapenv:Envelope xmlns:soapenv="http://schemas.xmlsoap.org/soap/envelope/" xmlns:v1="http://fidus.brussels/service/exportfromregondesservice/messages/v1" xmlns:v11="http://fidus.brussels/type/common/messages/v1" xmlns:pos="http://www.minfin.fgov.be/regondes2/extern/taxservice/exports/postponedDossiers" xmlns:com="http://www.minfin.fgov.be/regondes2/extern/taxservice/common">
   <soapenv:Header/>
   <soapenv:Body>
      <v1:postponedDossierRequest>
         <v1:messageContext>
            <v11:messageId>${=import static java.util.UUID.randomUUID; uuid = randomUUID() as String}</v11:messageId>
            <!--Optional:-->
            <v11:timestamp>${=new java.text.SimpleDateFormat("yyyy-MM-dd'T'HH:mm:ss.SSS").format(new Date())}</v11:timestamp>
         </v1:messageContext>
         <v1:legalContext>ServiceIntegrator</v1:legalContext>
         <v1:request>
            <pos:postponedDossier>
               <pos:referenceFodFin>11223344</pos:referenceFodFin>
               <pos:initialService>
                  <!--Optional:-->
                  <com:technicalReference>technicalReference</com:technicalReference>
                  <com:type>AAF</com:type>
                  <com:reference>reference</com:reference>
               </pos:initialService>
               <pos:postponement>
                  <pos:datePostponement>${=new java.text.SimpleDateFormat("yyyy-MM-dd").format(new Date())}</pos:datePostponement>
                  <pos:reasonPostponed>TEST</pos:reasonPostponed>
                  <pos:newTargetDate>${=new java.text.SimpleDateFormat("yyyy-MM-dd").format(new Date())}</pos:newTargetDate>
               </pos:postponement>
            </pos:postponedDossier>
         </v1:request>
      </v1:postponedDossierRequest>
   </soapenv:Body>
</soapenv:Envelope>]]></con:request><con:assertion type="SOAP Fault Assertion" id="5295ead7-998c-45dd-b167-0341d0aa6e17" name="Not SOAP Fault"/><con:assertion type="SOAP Response" id="9902086c-d47b-4196-b306-687919a66cc9" name="SOAP Response"/><con:assertion type="Schema Compliance" id="90969445-611e-40e5-9eb3-4c53f35feee4" name="Schema Compliance"><con:configuration/></con:assertion><con:wsaConfig action="http://fidus.brussels/services/exportfromregondesservice/postponedDossier"/></con:request></con:config></con:testStep><con:testStep type="request" id="efc7efc4-317e-496f-8c7d-70430e62ee59" name="testcase5 - Prod - Worker2 - Request"><con:settings/><con:config xsi:type="con:RequestStep" xmlns:xsi="http://www.w3.org/2001/XMLSchema-instance"><con:interface>ExportFromRegondesServiceHTTPBinding</con:interface><con:operation>postponedDossier</con:operation><con:request name="testcase5 - Prod - Worker2 - Request" id="c33e4c74-ed02-4f6f-92d5-c6a79a01038d" outgoingWss="Outflow PROD"><con:settings/><con:encoding>UTF-8</con:encoding><con:endpoint>https://192.168.26.19:8443/services/ExportFromRegondesService_v1.0</con:endpoint><con:request><![CDATA[<soapenv:Envelope xmlns:soapenv="http://schemas.xmlsoap.org/soap/envelope/" xmlns:v1="http://fidus.brussels/service/exportfromregondesservice/messages/v1" xmlns:v11="http://fidus.brussels/type/common/messages/v1" xmlns:pos="http://www.minfin.fgov.be/regondes2/extern/taxservice/exports/postponedDossiers" xmlns:com="http://www.minfin.fgov.be/regondes2/extern/taxservice/common">
   <soapenv:Header/>
   <soapenv:Body>
      <v1:postponedDossierRequest>
         <v1:messageContext>
            <v11:messageId>${=import static java.util.UUID.randomUUID; uuid = randomUUID() as String}</v11:messageId>
            <!--Optional:-->
            <v11:timestamp>${=new java.text.SimpleDateFormat("yyyy-MM-dd'T'HH:mm:ss.SSS").format(new Date())}</v11:timestamp>
         </v1:messageContext>
         <v1:legalContext>ServiceIntegrator</v1:legalContext>
         <v1:request>
            <pos:postponedDossier>
               <pos:referenceFodFin>11223344</pos:referenceFodFin>
               <pos:initialService>
                  <!--Optional:-->
                  <com:technicalReference>technicalReference</com:technicalReference>
                  <com:type>AAF</com:type>
                  <com:reference>reference</com:reference>
               </pos:initialService>
               <pos:postponement>
                  <pos:datePostponement>${=new java.text.SimpleDateFormat("yyyy-MM-dd").format(new Date())}</pos:datePostponement>
                  <pos:reasonPostponed>TEST</pos:reasonPostponed>
                  <pos:newTargetDate>${=new java.text.SimpleDateFormat("yyyy-MM-dd").format(new Date())}</pos:newTargetDate>
               </pos:postponement>
            </pos:postponedDossier>
         </v1:request>
      </v1:postponedDossierRequest>
   </soapenv:Body>
</soapenv:Envelope>]]></con:request><con:assertion type="SOAP Fault Assertion" id="ec58555c-e49f-456d-84b5-9380348ec7db" name="Not SOAP Fault"/><con:assertion type="SOAP Response" id="532bfdef-7399-4674-aae9-83b6bf171727" name="SOAP Response"/><con:assertion type="Schema Compliance" id="a637f5f6-d982-47c1-8008-1b250674a6b2" name="Schema Compliance"><con:configuration/></con:assertion><con:wsaConfig action="http://fidus.brussels/services/exportfromregondesservice/postponedDossier"/></con:request></con:config></con:testStep><con:properties/></con:testCase><con:testCase id="6148b225-cff5-4a97-8390-54fafd336d62" failOnError="true" failTestCaseOnErrors="true" keepSession="false" maxResults="0" name="serviceChange" searchProperties="true"><con:settings/><con:testStep type="request" id="2d1f5701-d723-4a2d-9c51-3dae2b4f1c74" name="testcase5 - Prod - LB - Request"><con:settings/><con:config xsi:type="con:RequestStep" xmlns:xsi="http://www.w3.org/2001/XMLSchema-instance"><con:interface>ExportFromRegondesServiceHTTPBinding</con:interface><con:operation>serviceChange</con:operation><con:request name="testcase5 - Prod - LB - Request" id="fba9d8b3-f296-48a9-a2e2-4c2f493c3a42" outgoingWss="Outflow PROD"><con:settings/><con:encoding>UTF-8</con:encoding><con:endpoint>https://fidus-esb-sg.prd.srv.cirb.lan:8443/services/ExportFromRegondesService_v1.0</con:endpoint><con:request><![CDATA[<soapenv:Envelope xmlns:soapenv="http://schemas.xmlsoap.org/soap/envelope/" xmlns:v1="http://fidus.brussels/service/exportfromregondesservice/messages/v1" xmlns:v11="http://fidus.brussels/type/common/messages/v1" xmlns:ser="http://www.minfin.fgov.be/regondes2/extern/taxservice/exports/serviceChanged" xmlns:com="http://www.minfin.fgov.be/regondes2/extern/taxservice/common">
   <soapenv:Header/>
   <soapenv:Body>
      <v1:serviceChangeRequest>
         <v1:messageContext>
            <v11:messageId>${=import static java.util.UUID.randomUUID; uuid = randomUUID() as String}</v11:messageId>
            <!--Optional:-->
            <v11:timestamp>${=new java.text.SimpleDateFormat("yyyy-MM-dd'T'HH:mm:ss.SSS").format(new Date())}</v11:timestamp>
         </v1:messageContext>
         <v1:legalContext>ServiceIntegrator</v1:legalContext>
         <v1:request>
            <ser:serviceChange>
               <ser:referenceFodFin>11223344</ser:referenceFodFin>
               <ser:initialService>
                  <!--Optional:-->
                  <com:technicalReference>1524</com:technicalReference>
                  <com:type>AAF</com:type>
                  <com:reference>reference</com:reference>
               </ser:initialService>
               <!--1 to 99 repetitions:-->
               <ser:transfer>
                  <ser:serviceName>CIRB</ser:serviceName>
                  <ser:dateIn>${=new java.text.SimpleDateFormat("yyyy-MM-dd").format(new Date())}</ser:dateIn>
                  <!--Optional:-->
                  <ser:dateOut>${=new java.text.SimpleDateFormat("yyyy-MM-dd").format(new Date())}</ser:dateOut>
                  <ser:official>
                     <ser:firstName>jean</ser:firstName>
                     <ser:lastName>baptist</ser:lastName>
                     <ser:phoneNumber>0452363621</ser:phoneNumber>
                     <ser:email>cisyapan@cirb.brussels</ser:email>
                  </ser:official>
               </ser:transfer>
            </ser:serviceChange>
         </v1:request>
      </v1:serviceChangeRequest>
   </soapenv:Body>
</soapenv:Envelope>]]></con:request><con:assertion type="SOAP Fault Assertion" id="3eb6f890-e818-4478-8604-6396409ac14b" name="Not SOAP Fault"/><con:assertion type="SOAP Response" id="5a7ce7b6-e053-4bcd-91b0-b8e36ad45b71" name="SOAP Response"/><con:assertion type="Schema Compliance" id="c22e0746-5210-4135-85eb-6d98cd5d4847" name="Schema Compliance"><con:configuration/></con:assertion><con:wsaConfig action="http://fidus.brussels/services/exportfromregondesservice/serviceChange"/></con:request></con:config></con:testStep><con:testStep type="request" id="96e9db7b-5526-4efe-89a6-254d17dc57ea" name="testcase5 - Prod - External - Request"><con:settings/><con:config xsi:type="con:RequestStep" xmlns:xsi="http://www.w3.org/2001/XMLSchema-instance"><con:interface>ExportFromRegondesServiceHTTPBinding</con:interface><con:operation>serviceChange</con:operation><con:request name="testcase5 - Prod - External - Request" id="65c611fc-7cb3-4b5f-b71a-79f575399649" outgoingWss="Outflow PROD"><con:settings/><con:encoding>UTF-8</con:encoding><con:endpoint>https://fidus.sec.brussels/services/ExportFromRegondesservice_v1.0</con:endpoint><con:request><![CDATA[<soapenv:Envelope xmlns:soapenv="http://schemas.xmlsoap.org/soap/envelope/" xmlns:v1="http://fidus.brussels/service/exportfromregondesservice/messages/v1" xmlns:v11="http://fidus.brussels/type/common/messages/v1" xmlns:ser="http://www.minfin.fgov.be/regondes2/extern/taxservice/exports/serviceChanged" xmlns:com="http://www.minfin.fgov.be/regondes2/extern/taxservice/common">
   <soapenv:Header/>
   <soapenv:Body>
      <v1:serviceChangeRequest>
         <v1:messageContext>
            <v11:messageId>${=import static java.util.UUID.randomUUID; uuid = randomUUID() as String}</v11:messageId>
            <!--Optional:-->
            <v11:timestamp>${=new java.text.SimpleDateFormat("yyyy-MM-dd'T'HH:mm:ss.SSS").format(new Date())}</v11:timestamp>
         </v1:messageContext>
         <v1:legalContext>ServiceIntegrator</v1:legalContext>
         <v1:request>
            <ser:serviceChange>
               <ser:referenceFodFin>11223344</ser:referenceFodFin>
               <ser:initialService>
                  <!--Optional:-->
                  <com:technicalReference>1524</com:technicalReference>
                  <com:type>AAF</com:type>
                  <com:reference>reference</com:reference>
               </ser:initialService>
               <!--1 to 99 repetitions:-->
               <ser:transfer>
                  <ser:serviceName>CIRB</ser:serviceName>
                  <ser:dateIn>${=new java.text.SimpleDateFormat("yyyy-MM-dd").format(new Date())}</ser:dateIn>
                  <!--Optional:-->
                  <ser:dateOut>${=new java.text.SimpleDateFormat("yyyy-MM-dd").format(new Date())}</ser:dateOut>
                  <ser:official>
                     <ser:firstName>jean</ser:firstName>
                     <ser:lastName>baptist</ser:lastName>
                     <ser:phoneNumber>0452363621</ser:phoneNumber>
                     <ser:email>cisyapan@cirb.brussels</ser:email>
                  </ser:official>
               </ser:transfer>
            </ser:serviceChange>
         </v1:request>
      </v1:serviceChangeRequest>
   </soapenv:Body>
</soapenv:Envelope>]]></con:request><con:assertion type="SOAP Fault Assertion" id="8ba84d6b-0477-4116-9614-71117b6cdcbb" name="Not SOAP Fault"/><con:assertion type="SOAP Response" id="7cc01b33-8929-4d17-a661-96043b7f953d" name="SOAP Response"/><con:assertion type="Schema Compliance" id="93b6070b-2bdf-48f3-b393-b2955723fac0" name="Schema Compliance"><con:configuration/></con:assertion><con:wsaConfig action="http://fidus.brussels/services/exportfromregondesservice/serviceChange"/></con:request></con:config></con:testStep><con:testStep type="request" id="c0adcf80-f824-48c6-a373-40e04c2b3f2c" name="testcase5 - Prod - Worker1 - Request"><con:settings/><con:config xsi:type="con:RequestStep" xmlns:xsi="http://www.w3.org/2001/XMLSchema-instance"><con:interface>ExportFromRegondesServiceHTTPBinding</con:interface><con:operation>serviceChange</con:operation><con:request name="testcase5 - Prod - Worker1 - Request" id="ee093eb8-fbd1-46b6-b6f9-975eeb284bfe" outgoingWss="Outflow PROD"><con:settings/><con:encoding>UTF-8</con:encoding><con:endpoint>https://192.168.26.22:8443/services/ExportFromRegondesService_v1.0</con:endpoint><con:request><![CDATA[<soapenv:Envelope xmlns:soapenv="http://schemas.xmlsoap.org/soap/envelope/" xmlns:v1="http://fidus.brussels/service/exportfromregondesservice/messages/v1" xmlns:v11="http://fidus.brussels/type/common/messages/v1" xmlns:ser="http://www.minfin.fgov.be/regondes2/extern/taxservice/exports/serviceChanged" xmlns:com="http://www.minfin.fgov.be/regondes2/extern/taxservice/common">
   <soapenv:Header/>
   <soapenv:Body>
      <v1:serviceChangeRequest>
         <v1:messageContext>
            <v11:messageId>${=import static java.util.UUID.randomUUID; uuid = randomUUID() as String}</v11:messageId>
            <!--Optional:-->
            <v11:timestamp>${=new java.text.SimpleDateFormat("yyyy-MM-dd'T'HH:mm:ss.SSS").format(new Date())}</v11:timestamp>
         </v1:messageContext>
         <v1:legalContext>ServiceIntegrator</v1:legalContext>
         <v1:request>
            <ser:serviceChange>
               <ser:referenceFodFin>11223344</ser:referenceFodFin>
               <ser:initialService>
                  <!--Optional:-->
                  <com:technicalReference>1524</com:technicalReference>
                  <com:type>AAF</com:type>
                  <com:reference>reference</com:reference>
               </ser:initialService>
               <!--1 to 99 repetitions:-->
               <ser:transfer>
                  <ser:serviceName>CIRB</ser:serviceName>
                  <ser:dateIn>${=new java.text.SimpleDateFormat("yyyy-MM-dd").format(new Date())}</ser:dateIn>
                  <!--Optional:-->
                  <ser:dateOut>${=new java.text.SimpleDateFormat("yyyy-MM-dd").format(new Date())}</ser:dateOut>
                  <ser:official>
                     <ser:firstName>jean</ser:firstName>
                     <ser:lastName>baptist</ser:lastName>
                     <ser:phoneNumber>0452363621</ser:phoneNumber>
                     <ser:email>cisyapan@cirb.brussels</ser:email>
                  </ser:official>
               </ser:transfer>
            </ser:serviceChange>
         </v1:request>
      </v1:serviceChangeRequest>
   </soapenv:Body>
</soapenv:Envelope>]]></con:request><con:assertion type="SOAP Fault Assertion" id="cf8c00d4-264c-4db4-b002-62d22dc6420d" name="Not SOAP Fault"/><con:assertion type="SOAP Response" id="71cc18d4-ef39-40bb-bf56-6e6c42af325b" name="SOAP Response"/><con:assertion type="Schema Compliance" id="84f1e00f-0a03-43ab-919d-ecbf91410cef" name="Schema Compliance"><con:configuration/></con:assertion><con:wsaConfig action="http://fidus.brussels/services/exportfromregondesservice/serviceChange"/></con:request></con:config></con:testStep><con:testStep type="request" id="ca2b020e-3c1c-4ba1-9311-90cdc4e8d434" name="testcase5 - Prod - Worker2 - Request"><con:settings/><con:config xsi:type="con:RequestStep" xmlns:xsi="http://www.w3.org/2001/XMLSchema-instance"><con:interface>ExportFromRegondesServiceHTTPBinding</con:interface><con:operation>serviceChange</con:operation><con:request name="testcase5 - Prod - Worker2 - Request" id="bd9651d3-8f89-4657-8815-d8428165f43a" outgoingWss="Outflow PROD"><con:settings/><con:encoding>UTF-8</con:encoding><con:endpoint>https://192.168.26.19:8443/services/ExportFromRegondesService_v1.0</con:endpoint><con:request><![CDATA[<soapenv:Envelope xmlns:soapenv="http://schemas.xmlsoap.org/soap/envelope/" xmlns:v1="http://fidus.brussels/service/exportfromregondesservice/messages/v1" xmlns:v11="http://fidus.brussels/type/common/messages/v1" xmlns:ser="http://www.minfin.fgov.be/regondes2/extern/taxservice/exports/serviceChanged" xmlns:com="http://www.minfin.fgov.be/regondes2/extern/taxservice/common">
   <soapenv:Header/>
   <soapenv:Body>
      <v1:serviceChangeRequest>
         <v1:messageContext>
            <v11:messageId>${=import static java.util.UUID.randomUUID; uuid = randomUUID() as String}</v11:messageId>
            <!--Optional:-->
            <v11:timestamp>${=new java.text.SimpleDateFormat("yyyy-MM-dd'T'HH:mm:ss.SSS").format(new Date())}</v11:timestamp>
         </v1:messageContext>
         <v1:legalContext>ServiceIntegrator</v1:legalContext>
         <v1:request>
            <ser:serviceChange>
               <ser:referenceFodFin>11223344</ser:referenceFodFin>
               <ser:initialService>
                  <!--Optional:-->
                  <com:technicalReference>1524</com:technicalReference>
                  <com:type>AAF</com:type>
                  <com:reference>reference</com:reference>
               </ser:initialService>
               <!--1 to 99 repetitions:-->
               <ser:transfer>
                  <ser:serviceName>CIRB</ser:serviceName>
                  <ser:dateIn>${=new java.text.SimpleDateFormat("yyyy-MM-dd").format(new Date())}</ser:dateIn>
                  <!--Optional:-->
                  <ser:dateOut>${=new java.text.SimpleDateFormat("yyyy-MM-dd").format(new Date())}</ser:dateOut>
                  <ser:official>
                     <ser:firstName>jean</ser:firstName>
                     <ser:lastName>baptist</ser:lastName>
                     <ser:phoneNumber>0452363621</ser:phoneNumber>
                     <ser:email>cisyapan@cirb.brussels</ser:email>
                  </ser:official>
               </ser:transfer>
            </ser:serviceChange>
         </v1:request>
      </v1:serviceChangeRequest>
   </soapenv:Body>
</soapenv:Envelope>]]></con:request><con:assertion type="SOAP Fault Assertion" id="f42fe0e6-2328-408a-8a67-8e9b35bd6180" name="Not SOAP Fault"/><con:assertion type="SOAP Response" id="3c5e8739-c50c-4724-8a11-c7ac14251c47" name="SOAP Response"/><con:assertion type="Schema Compliance" id="a0dc7fe1-34da-4981-976e-0044fefd1aee" name="Schema Compliance"><con:configuration/></con:assertion><con:wsaConfig action="http://fidus.brussels/services/exportfromregondesservice/serviceChange"/></con:request></con:config></con:testStep><con:properties/></con:testCase><con:properties/></con:testSuite><con:properties/><con:wssContainer><con:crypto><con:source>data/wso2/keystores/user-rajarshi.jks</con:source><con:password>test@fidus01</con:password><con:type>KEYSTORE</con:type></con:crypto><con:outgoing><con:name>Outflow DEV</con:name></con:outgoing><con:outgoing><con:name>Outflow TEST</con:name><con:entry type="Signature" username="testuser-test.fidus.brussels" password="test@fidus01"><con:configuration><crypto>user-rajarshi.jks</crypto><keyIdentifierType>3</keyIdentifierType><signatureAlgorithm/><signatureCanonicalization/><useSingleCert>true</useSingleCert><digestAlgorithm/><customTokenValueType/><customTokenId/></con:configuration></con:entry><con:entry type="Timestamp"><con:configuration><timeToLive>300000</timeToLive><strictTimestamp>true</strictTimestamp></con:configuration></con:entry></con:outgoing><con:outgoing><con:name>Outflow STAG</con:name></con:outgoing><con:outgoing><con:name>Outflow PROD</con:name></con:outgoing></con:wssContainer><con:oAuth2ProfileContainer/><con:sensitiveInformation/></con:soapui-project>