<?xml version="1.0" encoding="UTF-8"?>
<con:soapui-project id="96336b75-c03d-4d23-b08b-6587058de59f" activeEnvironment="Default" name="Client-CivilStatusDocumentService-1.0-soapui-project" resourceRoot="" soapui-version="5.1.3" abortOnError="false" runType="SEQUENTIAL" xmlns:con="http://eviware.com/soapui/config"><con:settings/><con:interface xsi:type="con:WsdlInterface" id="ec27a517-216c-40d0-b73d-b776909963fa" wsaVersion="NONE" name="CivilStatusDocumentService_v1.0Soap11Binding" type="wsdl" bindingName="{http://fidus.brussels/service/civilstatusdocumentservice/v1}CivilStatusDocumentService_v1.0Soap11Binding" soapVersion="1_1" anonymous="optional" definition="https://192.168.22.53:8443/services/CivilStatusDocumentService_v1.0?wsdl" xmlns:xsi="http://www.w3.org/2001/XMLSchema-instance"><con:settings/><con:definitionCache type="TEXT" rootPart="https://192.168.22.53:8443/services/CivilStatusDocumentService_v1.0?wsdl"><con:part><con:url>https://192.168.22.53:8443/services/CivilStatusDocumentService_v1.0?wsdl</con:url><con:content><![CDATA[<wsdl:definitions targetNamespace="http://fidus.brussels/service/civilstatusdocumentservice/v1" xmlns:wsdl="http://schemas.xmlsoap.org/wsdl/" xmlns:wsaw="http://www.w3.org/2006/05/addressing/wsdl" xmlns:mime="http://schemas.xmlsoap.org/wsdl/mime/" xmlns:tns="http://fidus.brussels/service/civilstatusdocumentservice/v1" xmlns:xsd="http://www.w3.org/2001/XMLSchema" xmlns:http="http://schemas.xmlsoap.org/wsdl/http/" xmlns:mes="http://fidus.brussels/service/civilstatusdocumentservice/messages/v1" xmlns:soap12="http://schemas.xmlsoap.org/wsdl/soap12/" xmlns:soap="http://schemas.xmlsoap.org/wsdl/soap/">
  <wsp:Policy wsu:Id="SigOnly" xmlns:wsp="http://schemas.xmlsoap.org/ws/2004/09/policy" xmlns:wsu="http://docs.oasis-open.org/wss/2004/01/oasis-200401-wss-wssecurity-utility-1.0.xsd">
    <wsp:ExactlyOne>
      <wsp:All>
        <sp:AsymmetricBinding xmlns:sp="http://schemas.xmlsoap.org/ws/2005/07/securitypolicy">
          <wsp:Policy>
            <sp:InitiatorToken>
              <wsp:Policy>
                <sp:X509Token sp:IncludeToken="http://schemas.xmlsoap.org/ws/2005/07/securitypolicy/IncludeToken/AlwaysToRecipient">
                  <wsp:Policy>
                    <sp:RequireThumbprintReference/>
                    <sp:WssX509V3Token10/>
                  </wsp:Policy>
                </sp:X509Token>
              </wsp:Policy>
            </sp:InitiatorToken>
            <sp:RecipientToken>
              <wsp:Policy>
                <sp:X509Token sp:IncludeToken="http://schemas.xmlsoap.org/ws/2005/07/securitypolicy/IncludeToken/Never">
                  <wsp:Policy>
                    <sp:RequireThumbprintReference/>
                    <sp:WssX509V3Token10/>
                  </wsp:Policy>
                </sp:X509Token>
              </wsp:Policy>
            </sp:RecipientToken>
            <sp:AlgorithmSuite>
              <wsp:Policy>
                <sp:Basic256/>
              </wsp:Policy>
            </sp:AlgorithmSuite>
            <sp:Layout>
              <wsp:Policy>
                <sp:Strict/>
              </wsp:Policy>
            </sp:Layout>
            <sp:IncludeTimestamp/>
            <sp:OnlySignEntireHeadersAndBody/>
          </wsp:Policy>
        </sp:AsymmetricBinding>
        <sp:Wss10 xmlns:sp="http://schemas.xmlsoap.org/ws/2005/07/securitypolicy">
          <sp:Policy>
            <sp:MustSupportRefKeyIdentifier/>
            <sp:MustSupportRefIssuerSerial/>
          </sp:Policy>
        </sp:Wss10>
        <sp:SignedParts xmlns:sp="http://schemas.xmlsoap.org/ws/2005/07/securitypolicy">
          <sp:Body/>
        </sp:SignedParts>
      </wsp:All>
    </wsp:ExactlyOne>
  </wsp:Policy>
  <wsdl:types>
    <xsd:schema attributeFormDefault="unqualified" elementFormDefault="qualified" targetNamespace="http://fidus.brussels/service/civilstatusdocumentservice/v1">
      <xsd:import namespace="http://fidus.brussels/service/civilstatusdocumentservice/messages/v1" schemaLocation="CivilStatusDocumentService_v1.0?xsd=civilStatusDocumentServiceMessages_v1.xsd"/>
    </xsd:schema>
  </wsdl:types>
  <wsdl:message name="getDocumentRequestMessage">
    <wsdl:part name="GetDocumentRequest" element="mes:getDocumentRequest"/>
  </wsdl:message>
  <wsdl:message name="getDocumentResponseMessage">
    <wsdl:part name="GetDocumentResponse" element="mes:getDocumentResponse"/>
  </wsdl:message>
  <wsdl:message name="getExtractAsPdfRequestMessage">
    <wsdl:part name="GetExtractAsPdfRequest" element="mes:getExtractAsPdfRequest"/>
  </wsdl:message>
  <wsdl:message name="getExtractAsPdfResponseMessage">
    <wsdl:part name="GetExtractAsPdfResponse" element="mes:getExtractAsPdfResponse"/>
  </wsdl:message>
  <wsdl:message name="searchDocumentRequestMessage">
    <wsdl:part name="SearchDocumentRequest" element="mes:searchDocumentRequest"/>
  </wsdl:message>
  <wsdl:message name="searchDocumentResponseMessage">
    <wsdl:part name="SearchDocumentResponse" element="mes:searchDocumentResponse"/>
  </wsdl:message>
  <wsdl:message name="getCopyConformAsPdfRequestMessage">
    <wsdl:part name="GetCopyConformAsPdfRequest" element="mes:getCopyConformAsPdfRequest"/>
  </wsdl:message>
  <wsdl:message name="getCopyConformAsPdfResponseMessage">
    <wsdl:part name="GetCopyConformAsPdfResponse" element="mes:getCopyConformAsPdfResponse"/>
  </wsdl:message>
  <wsdl:message name="getCopyConformRequestMessage">
    <wsdl:part name="GetCopyConformRequest" element="mes:getCopyConformRequest"/>
  </wsdl:message>
  <wsdl:message name="getCopyConformResponseMessage">
    <wsdl:part name="GetCopyConformResponse" element="mes:getCopyConformResponse"/>
  </wsdl:message>
  <wsdl:message name="getExtractRequestMessage">
    <wsdl:part name="GetExtractRequest" element="mes:getExtractRequest"/>
  </wsdl:message>
  <wsdl:message name="getExtractResponseMessage">
    <wsdl:part name="GetExtractResponse" element="mes:getExtractResponse"/>
  </wsdl:message>
  <wsdl:message name="saveOrUpdateDocumentRequestMessage">
    <wsdl:part name="SaveOrUpdateDocumentRequest" element="mes:saveOrUpdateDocumentRequest"/>
  </wsdl:message>
  <wsdl:message name="saveOrUpdateDocumentResponseMessage">
    <wsdl:part name="SaveOrUpdateDocumentResponse" element="mes:saveOrUpdateDocumentResponse"/>
  </wsdl:message>
  <wsdl:message name="validateDocumentRequestMessage">
    <wsdl:part name="ValidateDocumentRequest" element="mes:validateDocumentRequest"/>
  </wsdl:message>
  <wsdl:message name="validateDocumentResponseMessage">
    <wsdl:part name="ValidateDocumentResponse" element="mes:validateDocumentResponse"/>
  </wsdl:message>
  <wsdl:portType name="CivilStatusDocumentService_v1.0PortType" wsp:PolicyURIs="#SigOnly" xmlns:wsp="http://schemas.xmlsoap.org/ws/2004/09/policy">
    <wsdl:operation name="getDocument">
      <wsdl:input message="tns:getDocumentRequestMessage" wsaw:Action="http://fidus.brussels/services/civilstatusdocumentservice/getDocument"/>
      <wsdl:output message="tns:getDocumentResponseMessage" wsaw:Action="http://fidus.brussels/service/civilstatusdocumentservice/v1/CivilStatusDocumentServicePortType/getDocumentResponse"/>
    </wsdl:operation>
    <wsdl:operation name="getExtractAsPdf">
      <wsdl:input message="tns:getExtractAsPdfRequestMessage" wsaw:Action="http://fidus.brussels/services/civilstatusdocumentservice/getExtractAsPdf"/>
      <wsdl:output message="tns:getExtractAsPdfResponseMessage" wsaw:Action="http://fidus.brussels/service/civilstatusdocumentservice/v1/CivilStatusDocumentServicePortType/getExtractAsPdfResponse"/>
    </wsdl:operation>
    <wsdl:operation name="searchDocument">
      <wsdl:input message="tns:searchDocumentRequestMessage" wsaw:Action="http://fidus.brussels/services/civilstatusdocumentservice/searchDocument"/>
      <wsdl:output message="tns:searchDocumentResponseMessage" wsaw:Action="http://fidus.brussels/service/civilstatusdocumentservice/v1/CivilStatusDocumentServicePortType/searchDocumentResponse"/>
    </wsdl:operation>
    <wsdl:operation name="getCopyConformAsPdf">
      <wsdl:input message="tns:getCopyConformAsPdfRequestMessage" wsaw:Action="http://fidus.brussels/services/civilstatusdocumentservice/getCopyConformAsPdf"/>
      <wsdl:output message="tns:getCopyConformAsPdfResponseMessage" wsaw:Action="http://fidus.brussels/service/civilstatusdocumentservice/v1/CivilStatusDocumentServicePortType/getCopyConformAsPdfResponse"/>
    </wsdl:operation>
    <wsdl:operation name="getCopyConform">
      <wsdl:input message="tns:getCopyConformRequestMessage" wsaw:Action="http://fidus.brussels/services/civilstatusdocumentservice/getCopyConform"/>
      <wsdl:output message="tns:getCopyConformResponseMessage" wsaw:Action="http://fidus.brussels/service/civilstatusdocumentservice/v1/CivilStatusDocumentServicePortType/getCopyConformResponse"/>
    </wsdl:operation>
    <wsdl:operation name="getExtract">
      <wsdl:input message="tns:getExtractRequestMessage" wsaw:Action="http://fidus.brussels/services/civilstatusdocumentservice/getExtract"/>
      <wsdl:output message="tns:getExtractResponseMessage" wsaw:Action="http://fidus.brussels/service/civilstatusdocumentservice/v1/CivilStatusDocumentServicePortType/getExtractResponse"/>
    </wsdl:operation>
    <wsdl:operation name="saveOrUpdateDocument">
      <wsdl:input message="tns:saveOrUpdateDocumentRequestMessage" wsaw:Action="http://fidus.brussels/services/civilstatusdocumentservice/saveOrUpdateDocument"/>
      <wsdl:output message="tns:saveOrUpdateDocumentResponseMessage" wsaw:Action="http://fidus.brussels/service/civilstatusdocumentservice/v1/CivilStatusDocumentServicePortType/saveOrUpdateDocumentResponse"/>
    </wsdl:operation>
    <wsdl:operation name="validateDocument">
      <wsdl:input message="tns:validateDocumentRequestMessage" wsaw:Action="http://fidus.brussels/services/civilstatusdocumentservice/validateDocument"/>
      <wsdl:output message="tns:validateDocumentResponseMessage" wsaw:Action="http://fidus.brussels/service/civilstatusdocumentservice/v1/CivilStatusDocumentServicePortType/validateDocumentResponse"/>
    </wsdl:operation>
  </wsdl:portType>
  <wsdl:binding name="CivilStatusDocumentService_v1.0Soap11Binding" type="tns:CivilStatusDocumentService_v1.0PortType">
    <soap:binding transport="http://schemas.xmlsoap.org/soap/http" style="document"/>
    <wsdl:operation name="getDocument">
      <soap:operation soapAction="http://fidus.brussels/services/civilstatusdocumentservice/getDocument" style="document"/>
      <wsdl:input>
        <soap:body use="literal"/>
      </wsdl:input>
      <wsdl:output>
        <soap:body use="literal"/>
      </wsdl:output>
    </wsdl:operation>
    <wsdl:operation name="getExtractAsPdf">
      <soap:operation soapAction="http://fidus.brussels/services/civilstatusdocumentservice/getExtractAsPdf" style="document"/>
      <wsdl:input>
        <soap:body use="literal"/>
      </wsdl:input>
      <wsdl:output>
        <soap:body use="literal"/>
      </wsdl:output>
    </wsdl:operation>
    <wsdl:operation name="searchDocument">
      <soap:operation soapAction="http://fidus.brussels/services/civilstatusdocumentservice/searchDocument" style="document"/>
      <wsdl:input>
        <soap:body use="literal"/>
      </wsdl:input>
      <wsdl:output>
        <soap:body use="literal"/>
      </wsdl:output>
    </wsdl:operation>
    <wsdl:operation name="getCopyConformAsPdf">
      <soap:operation soapAction="http://fidus.brussels/services/civilstatusdocumentservice/getCopyConformAsPdf" style="document"/>
      <wsdl:input>
        <soap:body use="literal"/>
      </wsdl:input>
      <wsdl:output>
        <soap:body use="literal"/>
      </wsdl:output>
    </wsdl:operation>
    <wsdl:operation name="getCopyConform">
      <soap:operation soapAction="http://fidus.brussels/services/civilstatusdocumentservice/getCopyConform" style="document"/>
      <wsdl:input>
        <soap:body use="literal"/>
      </wsdl:input>
      <wsdl:output>
        <soap:body use="literal"/>
      </wsdl:output>
    </wsdl:operation>
    <wsdl:operation name="getExtract">
      <soap:operation soapAction="http://fidus.brussels/services/civilstatusdocumentservice/getExtract" style="document"/>
      <wsdl:input>
        <soap:body use="literal"/>
      </wsdl:input>
      <wsdl:output>
        <soap:body use="literal"/>
      </wsdl:output>
    </wsdl:operation>
    <wsdl:operation name="saveOrUpdateDocument">
      <soap:operation soapAction="http://fidus.brussels/services/civilstatusdocumentservice/saveOrUpdateDocument" style="document"/>
      <wsdl:input>
        <soap:body use="literal"/>
      </wsdl:input>
      <wsdl:output>
        <soap:body use="literal"/>
      </wsdl:output>
    </wsdl:operation>
    <wsdl:operation name="validateDocument">
      <soap:operation soapAction="http://fidus.brussels/services/civilstatusdocumentservice/validateDocument" style="document"/>
      <wsdl:input>
        <soap:body use="literal"/>
      </wsdl:input>
      <wsdl:output>
        <soap:body use="literal"/>
      </wsdl:output>
    </wsdl:operation>
  </wsdl:binding>
  <wsdl:service name="CivilStatusDocumentService_v1.0">
    <wsdl:port name="CivilStatusDocumentService_v1.0HttpsSoap11Endpoint" binding="tns:CivilStatusDocumentService_v1.0Soap11Binding">
      <soap:address location="https://fidus-test.irisnetlab.be/services/CivilStatusDocumentService_v1.0.CivilStatusDocumentService_v1.0HttpsSoap11Endpoint"/>
    </wsdl:port>
  </wsdl:service>
</wsdl:definitions>]]></con:content><con:type>http://schemas.xmlsoap.org/wsdl/</con:type></con:part><con:part><con:url>https://192.168.22.53:8443/services/CivilStatusDocumentService_v1.0?xsd=civilStatusDocumentServiceMessages_v1.xsd</con:url><con:content><![CDATA[<xsd:schema attributeFormDefault="unqualified" elementFormDefault="qualified" targetNamespace="http://fidus.brussels/service/civilstatusdocumentservice/messages/v1" version="1.0" xmlns:xsd="http://www.w3.org/2001/XMLSchema" xmlns:core="http://www.fgov.be/dabs/core" xmlns:exc="http://fidus.brussels/type/common/exceptions/v1" xmlns:tns="http://fidus.brussels/service/civilstatusdocumentservice/messages/v1" xmlns:cme="http://fidus.brussels/type/common/messages/v1" xmlns:xsi="http://www.w3.org/2001/XMLSchema-instance">
  <xsd:import namespace="http://www.fgov.be/dabs/core" schemaLocation="CivilStatusDocumentService_v1.0?xsd=documentMessage_1.0"/>
  <xsd:import namespace="http://fidus.brussels/type/common/messages/v1" schemaLocation="CivilStatusDocumentService_v1.0?xsd=baseMessageTypes_v1.xsd"/>
  <xsd:import namespace="http://fidus.brussels/type/common/exceptions/v1" schemaLocation="CivilStatusDocumentService_v1.0?xsd=exceptionTypes_v1.xsd"/>
  <xsd:complexType name="CopyConformRequestType">
    <xsd:annotation>
      <xsd:documentation>The document whose information is requested...</xsd:documentation>
    </xsd:annotation>
    <xsd:sequence>
      <xsd:element name="documentReference" type="xsd:string"/>
      <xsd:element name="language" type="tns:languageType"/>
      <xsd:element default="01050" minOccurs="0" name="municipalityCode" type="xsd:string"/>
    </xsd:sequence>
  </xsd:complexType>
  <xsd:complexType name="GetCopyConformRequestType">
    <xsd:sequence>
      <xsd:element name="messageContext" type="cme:RequestMessageContextType"/>
      <xsd:element name="legalContext" type="cme:LegalContextType"/>
      <xsd:element name="request" type="tns:CopyConformRequestType"/>
    </xsd:sequence>
  </xsd:complexType>
  <xsd:complexType name="GetCopyConformResponseType">
    <xsd:sequence>
      <xsd:element name="messageContext" type="cme:ResponseMessageContextType"/>
      <xsd:element minOccurs="0" name="responses" type="tns:copyConformResponsesType"/>
      <xsd:element minOccurs="0" name="exceptions" type="exc:ExceptionsType"/>
    </xsd:sequence>
  </xsd:complexType>
  <xsd:complexType name="copyConformResponsesType">
    <xsd:sequence>
      <xsd:element name="response" type="tns:copyConformResponseType"/>
    </xsd:sequence>
  </xsd:complexType>
  <xsd:complexType name="copyConformResponseType">
    <xsd:sequence>
      <xsd:element maxOccurs="1000" minOccurs="0" name="result" type="core:getCopyConformResponse"/>
      <xsd:element minOccurs="0" name="detail" type="exc:ExceptionsType"/>
    </xsd:sequence>
  </xsd:complexType>
  <xsd:complexType name="CopyConformAsPdfRequestType">
    <xsd:sequence>
      <xsd:element name="documentReference" type="xsd:string"/>
      <xsd:element name="language" type="tns:languageType"/>
      <xsd:element default="01050" minOccurs="0" name="municipalityCode" type="xsd:string"/>
    </xsd:sequence>
  </xsd:complexType>
  <xsd:complexType name="GetCopyConformAsPdfRequestType">
    <xsd:sequence>
      <xsd:element name="messageContext" type="cme:RequestMessageContextType"/>
      <xsd:element name="legalContext" type="cme:LegalContextType"/>
      <xsd:element name="request" type="tns:CopyConformAsPdfRequestType"/>
    </xsd:sequence>
  </xsd:complexType>
  <xsd:complexType name="GetCopyConformAsPdfResponseType">
    <xsd:sequence>
      <xsd:element name="messageContext" type="cme:ResponseMessageContextType"/>
      <xsd:element minOccurs="0" name="responses" type="tns:copyConformAsPdfResponsesType"/>
      <xsd:element minOccurs="0" name="exceptions" type="exc:ExceptionsType"/>
    </xsd:sequence>
  </xsd:complexType>
  <xsd:complexType name="copyConformAsPdfResponsesType">
    <xsd:sequence>
      <xsd:element name="response" type="tns:copyConformAsPdfResponseType"/>
    </xsd:sequence>
  </xsd:complexType>
  <xsd:complexType name="copyConformAsPdfResponseType">
    <xsd:sequence>
      <xsd:element maxOccurs="1000" minOccurs="0" name="result" type="core:getCopyConformAsPdfResponse"/>
      <xsd:element minOccurs="0" name="detail" type="exc:ExceptionsType"/>
    </xsd:sequence>
  </xsd:complexType>
  <xsd:complexType name="GetDocRequestType">
    <xsd:sequence>
      <xsd:element name="documentReference" type="xsd:string"/>
      <xsd:element name="language" type="tns:languageType"/>
      <xsd:element default="01050" minOccurs="0" name="municipalityCode" type="xsd:string"/>
    </xsd:sequence>
  </xsd:complexType>
  <xsd:complexType name="GetDocumentRequestType">
    <xsd:sequence>
      <xsd:element name="messageContext" type="cme:RequestMessageContextType"/>
      <xsd:element name="legalContext" type="cme:LegalContextType"/>
      <xsd:element name="request" type="tns:GetDocRequestType"/>
    </xsd:sequence>
  </xsd:complexType>
  <xsd:complexType name="GetDocumentResponseType">
    <xsd:sequence>
      <xsd:element name="messageContext" type="cme:ResponseMessageContextType"/>
      <xsd:element minOccurs="0" name="responses" type="tns:documentResponsesType"/>
      <xsd:element minOccurs="0" name="exceptions" type="exc:ExceptionsType"/>
    </xsd:sequence>
  </xsd:complexType>
  <xsd:complexType name="documentResponsesType">
    <xsd:sequence>
      <xsd:element name="response" type="tns:documentResponseType"/>
    </xsd:sequence>
  </xsd:complexType>
  <xsd:complexType name="documentResponseType">
    <xsd:sequence>
      <xsd:element maxOccurs="1000" minOccurs="0" name="result" type="core:getDocumentResponse"/>
      <xsd:element minOccurs="0" name="detail" type="exc:ExceptionsType"/>
    </xsd:sequence>
  </xsd:complexType>
  <xsd:complexType name="ExtractRequestType">
    <xsd:sequence>
      <xsd:element name="documentReference" type="xsd:string"/>
      <xsd:element name="language" type="tns:languageType"/>
      <xsd:element default="01050" minOccurs="0" name="municipalityCode" type="xsd:string"/>
    </xsd:sequence>
  </xsd:complexType>
  <xsd:complexType name="GetExtractRequestType">
    <xsd:sequence>
      <xsd:element name="messageContext" type="cme:RequestMessageContextType"/>
      <xsd:element name="legalContext" type="cme:LegalContextType"/>
      <xsd:element name="request" type="tns:ExtractRequestType"/>
    </xsd:sequence>
  </xsd:complexType>
  <xsd:complexType name="GetExtractResponseType">
    <xsd:sequence>
      <xsd:element name="messageContext" type="cme:ResponseMessageContextType"/>
      <xsd:element minOccurs="0" name="responses" type="tns:extractResponsesType"/>
      <xsd:element minOccurs="0" name="exceptions" type="exc:ExceptionsType"/>
    </xsd:sequence>
  </xsd:complexType>
  <xsd:complexType name="extractResponsesType">
    <xsd:sequence>
      <xsd:element name="response" type="tns:extractResponseType"/>
    </xsd:sequence>
  </xsd:complexType>
  <xsd:complexType name="extractResponseType">
    <xsd:sequence>
      <xsd:element maxOccurs="1000" minOccurs="0" name="result" type="core:getExtractResponse"/>
      <xsd:element minOccurs="0" name="detail" type="exc:ExceptionsType"/>
    </xsd:sequence>
  </xsd:complexType>
  <xsd:complexType name="ExtractAsPdfRequestType">
    <xsd:sequence>
      <xsd:element name="documentReference" type="xsd:string"/>
      <xsd:element name="language" type="tns:languageType"/>
      <xsd:element default="01050" minOccurs="0" name="municipalityCode" type="xsd:string"/>
    </xsd:sequence>
  </xsd:complexType>
  <xsd:complexType name="GetExtractAsPdfRequestType">
    <xsd:sequence>
      <xsd:element name="messageContext" type="cme:RequestMessageContextType"/>
      <xsd:element name="legalContext" type="cme:LegalContextType"/>
      <xsd:element name="request" type="tns:ExtractAsPdfRequestType"/>
    </xsd:sequence>
  </xsd:complexType>
  <xsd:complexType name="GetExtractAsPdfResponseType">
    <xsd:sequence>
      <xsd:element name="messageContext" type="cme:ResponseMessageContextType"/>
      <xsd:element minOccurs="0" name="responses" type="tns:extractAsPdfResponsesType"/>
      <xsd:element minOccurs="0" name="exceptions" type="exc:ExceptionsType"/>
    </xsd:sequence>
  </xsd:complexType>
  <xsd:complexType name="extractAsPdfResponsesType">
    <xsd:sequence>
      <xsd:element name="response" type="tns:extractAsPdfResponseType"/>
    </xsd:sequence>
  </xsd:complexType>
  <xsd:complexType name="extractAsPdfResponseType">
    <xsd:sequence>
      <xsd:element maxOccurs="1000" minOccurs="0" name="result" type="core:getExtractAsPdfResponse"/>
      <xsd:element minOccurs="0" name="detail" type="exc:ExceptionsType"/>
    </xsd:sequence>
  </xsd:complexType>
  <xsd:complexType name="SaveOrUpdateDocRequestType">
    <xsd:sequence>
      <xsd:element name="language" type="tns:languageType"/>
      <xsd:element default="01050" minOccurs="0" name="municipalityCode" type="xsd:string"/>
      <xsd:element name="saveOrUpdateDocument" type="core:saveOrUpdateDocument"/>
    </xsd:sequence>
  </xsd:complexType>
  <xsd:complexType name="SaveOrUpdateDocumentRequestType">
    <xsd:sequence>
      <xsd:element name="messageContext" type="cme:RequestMessageContextType"/>
      <xsd:element name="legalContext" type="cme:LegalContextType"/>
      <xsd:element name="request" type="tns:SaveOrUpdateDocRequestType"/>
    </xsd:sequence>
  </xsd:complexType>
  <xsd:complexType name="SaveOrUpdateDocumentResponseType">
    <xsd:sequence>
      <xsd:element name="messageContext" type="cme:ResponseMessageContextType"/>
      <xsd:element minOccurs="0" name="responses" type="tns:saveOrUpdateDocResponsesType"/>
      <xsd:element minOccurs="0" name="exceptions" type="exc:ExceptionsType"/>
    </xsd:sequence>
  </xsd:complexType>
  <xsd:complexType name="saveOrUpdateDocResponsesType">
    <xsd:sequence>
      <xsd:element name="response" type="tns:saveOrUpdateDocResponseType"/>
    </xsd:sequence>
  </xsd:complexType>
  <xsd:complexType name="saveOrUpdateDocResponseType">
    <xsd:sequence>
      <xsd:element maxOccurs="1000" minOccurs="0" name="result" type="core:saveOrUpdateDocumentResponse"/>
      <xsd:element minOccurs="0" name="detail" type="exc:ExceptionsType"/>
    </xsd:sequence>
  </xsd:complexType>
  <xsd:complexType name="SearchDocRequestType">
    <xsd:sequence>
      <xsd:element name="language" type="tns:languageType"/>
      <xsd:element default="01050" minOccurs="0" name="municipalityCode" type="xsd:string"/>
      <xsd:element name="searchDocument" type="core:searchDocument"/>
    </xsd:sequence>
  </xsd:complexType>
  <xsd:complexType name="SearchDocumentRequestType">
    <xsd:sequence>
      <xsd:element name="messageContext" type="cme:RequestMessageContextType"/>
      <xsd:element name="legalContext" type="cme:LegalContextType"/>
      <xsd:element name="request" type="tns:SearchDocRequestType"/>
    </xsd:sequence>
  </xsd:complexType>
  <xsd:complexType name="SearchDocumentResponseType">
    <xsd:sequence>
      <xsd:element name="messageContext" type="cme:ResponseMessageContextType"/>
      <xsd:element minOccurs="0" name="responses" type="tns:searchDocResponsesType"/>
      <xsd:element minOccurs="0" name="exceptions" type="exc:ExceptionsType"/>
    </xsd:sequence>
  </xsd:complexType>
  <xsd:complexType name="searchDocResponsesType">
    <xsd:sequence>
      <xsd:element name="response" type="tns:searchDocResponseType"/>
    </xsd:sequence>
  </xsd:complexType>
  <xsd:complexType name="searchDocResponseType">
    <xsd:sequence>
      <xsd:element maxOccurs="1000" minOccurs="0" name="result" type="core:searchDocumentResponse"/>
      <xsd:element minOccurs="0" name="detail" type="exc:ExceptionsType"/>
    </xsd:sequence>
  </xsd:complexType>
  <xsd:complexType name="ValidateDocRequestType">
    <xsd:sequence>
      <xsd:element name="language" type="tns:languageType"/>
      <xsd:element default="01050" minOccurs="0" name="municipalityCode" type="xsd:string"/>
      <xsd:element name="validateDocument" type="core:validateDocument"/>
    </xsd:sequence>
  </xsd:complexType>
  <xsd:complexType name="ValidateDocumentRequestType">
    <xsd:sequence>
      <xsd:element name="messageContext" type="cme:RequestMessageContextType"/>
      <xsd:element name="legalContext" type="cme:LegalContextType"/>
      <xsd:element name="request" type="tns:ValidateDocRequestType"/>
    </xsd:sequence>
  </xsd:complexType>
  <xsd:complexType name="ValidateDocumentResponseType">
    <xsd:sequence>
      <xsd:element name="messageContext" type="cme:ResponseMessageContextType"/>
      <xsd:element minOccurs="0" name="responses" type="tns:validateDocResponsesType"/>
      <xsd:element minOccurs="0" name="exceptions" type="exc:ExceptionsType"/>
    </xsd:sequence>
  </xsd:complexType>
  <xsd:complexType name="validateDocResponsesType">
    <xsd:sequence>
      <xsd:element name="response" type="tns:validateDocResponseType"/>
    </xsd:sequence>
  </xsd:complexType>
  <xsd:complexType name="validateDocResponseType">
    <xsd:sequence>
      <xsd:element maxOccurs="1000" minOccurs="0" name="result" type="core:validateDocumentResponse"/>
      <xsd:element minOccurs="0" name="detail" type="exc:ExceptionsType"/>
    </xsd:sequence>
  </xsd:complexType>
  <xsd:simpleType name="languageType">
    <xsd:restriction base="xsd:string">
      <xsd:enumeration value="fr"/>
      <xsd:enumeration value="nl"/>
    </xsd:restriction>
  </xsd:simpleType>
  <xsd:element name="getCopyConformRequest" type="tns:GetCopyConformRequestType"/>
  <xsd:element name="getCopyConformResponse" type="tns:GetCopyConformResponseType"/>
  <xsd:element name="getCopyConformAsPdfRequest" type="tns:GetCopyConformAsPdfRequestType"/>
  <xsd:element name="getCopyConformAsPdfResponse" type="tns:GetCopyConformAsPdfResponseType"/>
  <xsd:element name="getDocumentRequest" type="tns:GetDocumentRequestType"/>
  <xsd:element name="getDocumentResponse" type="tns:GetDocumentResponseType"/>
  <xsd:element name="getExtractRequest" type="tns:GetExtractRequestType"/>
  <xsd:element name="getExtractResponse" type="tns:GetExtractResponseType"/>
  <xsd:element name="getExtractAsPdfRequest" type="tns:GetExtractAsPdfRequestType"/>
  <xsd:element name="getExtractAsPdfResponse" type="tns:GetExtractAsPdfResponseType"/>
  <xsd:element name="saveOrUpdateDocumentRequest" type="tns:SaveOrUpdateDocumentRequestType"/>
  <xsd:element name="saveOrUpdateDocumentResponse" type="tns:SaveOrUpdateDocumentResponseType"/>
  <xsd:element name="searchDocumentRequest" type="tns:SearchDocumentRequestType"/>
  <xsd:element name="searchDocumentResponse" type="tns:SearchDocumentResponseType"/>
  <xsd:element name="validateDocumentRequest" type="tns:ValidateDocumentRequestType"/>
  <xsd:element name="validateDocumentResponse" type="tns:ValidateDocumentResponseType"/>
</xsd:schema>]]></con:content><con:type>http://www.w3.org/2001/XMLSchema</con:type></con:part><con:part><con:url>https://192.168.22.53:8443/services/CivilStatusDocumentService_v1.0?xsd=documentMessage_1.0</con:url><con:content><![CDATA[<xs:schema attributeFormDefault="unqualified" elementFormDefault="unqualified" targetNamespace="http://www.fgov.be/dabs/core" xmlns:xs="http://www.w3.org/2001/XMLSchema" xmlns:tns="http://www.fgov.be/dabs/core">
  <xs:element name="getCopyConform" type="tns:getCopyConform"/>
  <xs:element name="getCopyConformAsPdf" type="tns:getCopyConformAsPdf"/>
  <xs:element name="getCopyConformAsPdfResponse" type="tns:getCopyConformAsPdfResponse"/>
  <xs:element name="getCopyConformResponse" type="tns:getCopyConformResponse"/>
  <xs:element name="getDocument" type="tns:getDocument"/>
  <xs:element name="getDocumentResponse" type="tns:getDocumentResponse"/>
  <xs:element name="getExtract" type="tns:getExtract"/>
  <xs:element name="getExtractAsPdf" type="tns:getExtractAsPdf"/>
  <xs:element name="getExtractAsPdfResponse" type="tns:getExtractAsPdfResponse"/>
  <xs:element name="getExtractResponse" type="tns:getExtractResponse"/>
  <xs:element name="saveOrUpdateDocument" type="tns:saveOrUpdateDocument"/>
  <xs:element name="saveOrUpdateDocumentResponse" type="tns:saveOrUpdateDocumentResponse"/>
  <xs:element name="searchDocument" type="tns:searchDocument"/>
  <xs:element name="searchDocumentResponse" type="tns:searchDocumentResponse"/>
  <xs:element name="validateDocument" type="tns:validateDocument"/>
  <xs:element name="validateDocumentResponse" type="tns:validateDocumentResponse"/>
  <xs:complexType name="getDocument">
    <xs:sequence>
      <xs:element name="documentReference" type="xs:string"/>
    </xs:sequence>
  </xs:complexType>
  <xs:complexType name="getDocumentResponse">
    <xs:sequence>
      <xs:element minOccurs="0" name="document" type="tns:document"/>
    </xs:sequence>
  </xs:complexType>
  <xs:complexType abstract="true" name="document">
    <xs:sequence>
      <xs:element minOccurs="0" name="attachments">
        <xs:complexType>
          <xs:sequence>
            <xs:element maxOccurs="unbounded" minOccurs="0" name="attachment" type="tns:attachment"/>
          </xs:sequence>
        </xs:complexType>
      </xs:element>
      <xs:element name="certificateOriginType" type="tns:certificateOriginType"/>
      <xs:element minOccurs="0" name="factDate" type="tns:dabsDate"/>
      <xs:element minOccurs="0" name="establishingDate" type="xs:date"/>
      <xs:element name="redactionPlace" type="tns:municipality"/>
      <xs:element name="origin" type="tns:docOrigin"/>
      <xs:element minOccurs="0" name="persons">
        <xs:complexType>
          <xs:sequence>
            <xs:element maxOccurs="unbounded" minOccurs="0" name="person" type="tns:person"/>
          </xs:sequence>
        </xs:complexType>
      </xs:element>
      <xs:element minOccurs="0" name="oldDocumentReference" type="xs:string"/>
      <xs:element name="docState" type="tns:docState"/>
      <xs:element minOccurs="0" name="sideNotes">
        <xs:complexType>
          <xs:sequence>
            <xs:element maxOccurs="unbounded" minOccurs="0" name="sideNote" type="tns:sideNote"/>
          </xs:sequence>
        </xs:complexType>
      </xs:element>
      <xs:element minOccurs="0" name="act" type="xs:base64Binary"/>
      <xs:element maxOccurs="unbounded" minOccurs="0" name="impactedBy" nillable="true" type="tns:impactedDocument"/>
      <xs:element minOccurs="0" name="documentReference" type="xs:string"/>
    </xs:sequence>
  </xs:complexType>
  <xs:complexType name="attachment">
    <xs:sequence>
      <xs:element name="type" type="tns:attachmentType"/>
      <xs:element minOccurs="0" name="language" type="tns:language"/>
      <xs:element name="country" type="xs:string"/>
      <xs:element name="file" type="xs:base64Binary"/>
      <xs:element name="extension" type="tns:extensionType"/>
    </xs:sequence>
  </xs:complexType>
  <xs:complexType name="dabsDate">
    <xs:sequence>
      <xs:element minOccurs="0" name="day" nillable="true" type="xs:int"/>
      <xs:element minOccurs="0" name="month" nillable="true" type="xs:int"/>
      <xs:element name="year" type="xs:int"/>
    </xs:sequence>
  </xs:complexType>
  <xs:complexType name="municipality">
    <xs:sequence>
      <xs:element minOccurs="0" name="municipalityCode" type="xs:string"/>
      <xs:element minOccurs="0" name="municipalityFreeText" type="xs:string"/>
      <xs:element minOccurs="0" name="countryCode" type="xs:string"/>
      <xs:element minOccurs="0" name="countryFreeText" type="xs:string"/>
    </xs:sequence>
  </xs:complexType>
  <xs:complexType name="person">
    <xs:sequence>
      <xs:element name="origin" type="tns:personOrigin"/>
      <xs:element minOccurs="0" name="nobility" type="tns:nobility"/>
      <xs:element minOccurs="0" name="nobilityFree" type="xs:string"/>
      <xs:element minOccurs="0" name="birthPlace" type="tns:municipality"/>
      <xs:element minOccurs="0" name="birthDate" type="tns:dabsDate"/>
      <xs:element minOccurs="0" name="firstname" type="xs:string"/>
      <xs:element minOccurs="0" name="lastname" type="xs:string"/>
      <xs:element minOccurs="0" name="nationality" type="xs:string"/>
      <xs:element minOccurs="0" name="gender" type="tns:gender"/>
      <xs:element name="roles">
        <xs:complexType>
          <xs:sequence>
            <xs:element maxOccurs="unbounded" minOccurs="0" name="role" type="tns:roleType"/>
          </xs:sequence>
        </xs:complexType>
      </xs:element>
      <xs:element name="personNumber" nillable="true" type="xs:string"/>
    </xs:sequence>
  </xs:complexType>
  <xs:complexType name="sideNote">
    <xs:sequence>
      <xs:element minOccurs="0" name="sideNoteType" type="tns:sideNoteType"/>
      <xs:element name="decisionType" type="tns:decisionType"/>
      <xs:element name="decisionCategory" type="tns:decisionCategory"/>
      <xs:element minOccurs="0" name="decisionReference" type="xs:string"/>
      <xs:element minOccurs="0" name="decisionDate" type="tns:dabsDate"/>
      <xs:element minOccurs="0" name="decisionPlace" type="tns:municipality"/>
      <xs:element minOccurs="0" name="decisionAuthorityCode" type="xs:string"/>
      <xs:element minOccurs="0" name="decisionAuthorityFree" type="xs:string"/>
      <xs:element minOccurs="0" name="applicationDate" type="xs:date"/>
      <xs:element minOccurs="0" name="registrationDate" type="xs:date"/>
    </xs:sequence>
  </xs:complexType>
  <xs:complexType name="impactedDocument">
    <xs:sequence>
      <xs:element minOccurs="0" name="documentReference" type="xs:string"/>
      <xs:element minOccurs="0" name="factDate" type="tns:dabsDate"/>
      <xs:element minOccurs="0" name="type" type="tns:docType"/>
    </xs:sequence>
  </xs:complexType>
  <xs:complexType name="absenceCertificate">
    <xs:complexContent>
      <xs:extension base="tns:document">
        <xs:sequence/>
      </xs:extension>
    </xs:complexContent>
  </xs:complexType>
  <xs:complexType name="adoptionCertificate">
    <xs:complexContent>
      <xs:extension base="tns:document">
        <xs:sequence>
          <xs:element minOccurs="0" name="adoptionType" type="tns:adoptionType"/>
          <xs:element minOccurs="0" name="nameDeclaration" type="tns:nameDeclaration"/>
          <xs:element minOccurs="0" name="newFirstNames" type="xs:string"/>
          <xs:element minOccurs="0" name="fcaRecognitionDate" type="xs:date"/>
        </xs:sequence>
      </xs:extension>
    </xs:complexContent>
  </xs:complexType>
  <xs:complexType name="nameDeclaration">
    <xs:sequence>
      <xs:element name="name" type="xs:string"/>
      <xs:element minOccurs="0" name="name1" type="xs:string"/>
      <xs:element minOccurs="0" name="name2" type="xs:string"/>
    </xs:sequence>
  </xs:complexType>
  <xs:complexType name="annulmentCertificate">
    <xs:complexContent>
      <xs:extension base="tns:document">
        <xs:sequence>
          <xs:element minOccurs="0" name="annulationType" type="tns:decisionCategory"/>
          <xs:element minOccurs="0" name="annuledCertificateNumber" type="xs:string"/>
        </xs:sequence>
      </xs:extension>
    </xs:complexContent>
  </xs:complexType>
  <xs:complexType name="authorityDecisionCertificate">
    <xs:complexContent>
      <xs:extension base="tns:document">
        <xs:sequence>
          <xs:element minOccurs="0" name="authorityDecisionDetail" type="tns:authorityDecisionDetail"/>
        </xs:sequence>
      </xs:extension>
    </xs:complexContent>
  </xs:complexType>
  <xs:complexType name="authorityDecisionDetail">
    <xs:sequence>
      <xs:element name="decisionType" type="tns:decisionType"/>
      <xs:element name="decisionCategory" type="tns:decisionCategory"/>
      <xs:element minOccurs="0" name="decisionReference" type="xs:string"/>
      <xs:element minOccurs="0" name="decisionAuthorityCode" type="tns:jurisdictionPlace"/>
      <xs:element minOccurs="0" name="decisionAuthorityFree" type="xs:string"/>
      <xs:element minOccurs="0" name="decisionDate" type="xs:date"/>
      <xs:element minOccurs="0" name="applicationDate" type="xs:date"/>
      <xs:element minOccurs="0" name="modifiedCertificateReference" type="xs:string"/>
      <xs:element minOccurs="0" name="sideNoteType" type="tns:sideNoteType"/>
      <xs:element maxOccurs="unbounded" minOccurs="0" name="changedValues" type="tns:update_value"/>
      <xs:element maxOccurs="unbounded" minOccurs="0" name="person" type="tns:person"/>
    </xs:sequence>
  </xs:complexType>
  <xs:complexType name="update_value">
    <xs:sequence>
      <xs:element name="changedFieldCode" type="tns:code"/>
      <xs:element name="changedFieldOldValue" nillable="true" type="xs:string"/>
      <xs:element name="changedFieldNewValue" nillable="true" type="xs:string"/>
    </xs:sequence>
  </xs:complexType>
  <xs:complexType name="birthCertificate">
    <xs:complexContent>
      <xs:extension base="tns:document">
        <xs:sequence>
          <xs:element minOccurs="0" name="birthTime" type="xs:time"/>
          <xs:element minOccurs="0" name="nameDeclaration" type="tns:nameDeclaration"/>
          <xs:element name="nameDeclarationMadeByTheParents" type="xs:boolean"/>
          <xs:element name="gender" type="tns:gender"/>
          <xs:element minOccurs="0" name="childAddress" type="tns:address"/>
          <xs:element minOccurs="0" name="consentRole" type="tns:roleType"/>
          <xs:element minOccurs="0" name="consentDate" type="xs:date"/>
          <xs:element minOccurs="0" name="consentPlace" type="tns:municipality"/>
          <xs:element minOccurs="0" name="consentAuthority" type="tns:consentAuthorityType"/>
          <xs:element minOccurs="0" name="juridicalAuthority" type="tns:jurisdictionPlace"/>
          <xs:element minOccurs="0" name="juridicalReference" type="xs:string"/>
          <xs:element minOccurs="0" name="verdictDate" type="xs:date"/>
          <xs:element minOccurs="0" name="nationalityCode" type="xs:string"/>
          <xs:element minOccurs="0" name="prenatalRecognitionDocumentReference" type="xs:string"/>
        </xs:sequence>
      </xs:extension>
    </xs:complexContent>
  </xs:complexType>
  <xs:complexType name="address">
    <xs:sequence>
      <xs:element minOccurs="0" name="placeCode" type="xs:string"/>
      <xs:element minOccurs="0" name="postCode" type="xs:string"/>
      <xs:element minOccurs="0" name="streetCode" type="xs:string"/>
      <xs:element minOccurs="0" name="houseNumber" type="xs:int"/>
      <xs:element minOccurs="0" name="indexNumber" type="xs:string"/>
    </xs:sequence>
  </xs:complexType>
  <xs:complexType name="deathCertificate">
    <xs:complexContent>
      <xs:extension base="tns:document">
        <xs:sequence>
          <xs:element minOccurs="0" name="deceasePlace" type="tns:municipality"/>
          <xs:element minOccurs="0" name="deceaseTime" type="xs:time"/>
          <xs:element minOccurs="0" name="lifelessBody" type="xs:boolean"/>
        </xs:sequence>
      </xs:extension>
    </xs:complexContent>
  </xs:complexType>
  <xs:complexType name="divorceCertificate">
    <xs:complexContent>
      <xs:extension base="tns:document">
        <xs:sequence>
          <xs:element minOccurs="0" name="marriageCertificateNumber" type="xs:string"/>
        </xs:sequence>
      </xs:extension>
    </xs:complexContent>
  </xs:complexType>
  <xs:complexType name="firstNameChangeCertificate">
    <xs:complexContent>
      <xs:extension base="tns:document">
        <xs:sequence>
          <xs:element name="firstNames" type="xs:string"/>
        </xs:sequence>
      </xs:extension>
    </xs:complexContent>
  </xs:complexType>
  <xs:complexType name="declarationOfLifelessChildCertificate">
    <xs:complexContent>
      <xs:extension base="tns:document">
        <xs:sequence>
          <xs:element minOccurs="0" name="firstnames" type="xs:string"/>
          <xs:element minOccurs="0" name="gender" type="tns:gender"/>
          <xs:element minOccurs="0" name="birthTime" type="xs:time"/>
          <xs:element name="birthPlace" type="tns:municipality"/>
          <xs:element minOccurs="0" name="durationOfPregnancy" type="xs:int"/>
          <xs:element minOccurs="0" name="name" type="xs:string"/>
        </xs:sequence>
      </xs:extension>
    </xs:complexContent>
  </xs:complexType>
  <xs:complexType name="marriageCertificate">
    <xs:complexContent>
      <xs:extension base="tns:document">
        <xs:sequence>
          <xs:element minOccurs="0" name="namechangeSpouse1" type="xs:string"/>
          <xs:element minOccurs="0" name="namechangeSpouse2" type="xs:string"/>
        </xs:sequence>
      </xs:extension>
    </xs:complexContent>
  </xs:complexType>
  <xs:complexType name="nameChangeCertificate">
    <xs:complexContent>
      <xs:extension base="tns:document">
        <xs:sequence>
          <xs:element name="nameDeclaration" type="tns:nameDeclaration"/>
          <xs:element name="reasonForTheCertificate" type="tns:nameChangeReasonType"/>
          <xs:element minOccurs="0" name="requestingDate" type="xs:date"/>
        </xs:sequence>
      </xs:extension>
    </xs:complexContent>
  </xs:complexType>
  <xs:complexType name="nationalityCertificate">
    <xs:complexContent>
      <xs:extension base="tns:document">
        <xs:sequence>
          <xs:element minOccurs="0" name="reasonForTheCertificate" type="tns:nationalityReasonType"/>
          <xs:element minOccurs="0" name="otherNationalityCode" type="xs:string"/>
        </xs:sequence>
      </xs:extension>
    </xs:complexContent>
  </xs:complexType>
  <xs:complexType name="prenatalRecognitionCertificate">
    <xs:complexContent>
      <xs:extension base="tns:document">
        <xs:sequence>
          <xs:element minOccurs="0" name="motherConsentDate" type="xs:date"/>
          <xs:element minOccurs="0" name="motherConsentPlace" type="tns:municipality"/>
          <xs:element minOccurs="0" name="motherConsentAuthority" type="tns:consentAuthorityType"/>
          <xs:element minOccurs="0" name="juridicalReference" type="xs:string"/>
          <xs:element minOccurs="0" name="juridicalAuthority" type="tns:jurisdictionPlace"/>
          <xs:element minOccurs="0" name="verdictDate" type="xs:date"/>
          <xs:element minOccurs="0" name="applicationDate" type="xs:date"/>
        </xs:sequence>
      </xs:extension>
    </xs:complexContent>
  </xs:complexType>
  <xs:complexType name="recognitionCertificate">
    <xs:complexContent>
      <xs:extension base="tns:document">
        <xs:sequence>
          <xs:element minOccurs="0" name="nameDeclaration" type="tns:nameDeclaration"/>
          <xs:element name="nameDeclarationMadeByTheParents" type="xs:boolean"/>
          <xs:element minOccurs="0" name="filiationConsentDate" type="xs:date"/>
          <xs:element minOccurs="0" name="filiationConsentPlace" type="tns:municipality"/>
          <xs:element minOccurs="0" name="filiationConsentAuthority" type="tns:consentAuthorityType"/>
          <xs:element minOccurs="0" name="childConsentDate" type="xs:date"/>
          <xs:element minOccurs="0" name="childConsentPlace" type="tns:municipality"/>
          <xs:element minOccurs="0" name="childConsentAuthority" type="tns:consentAuthorityType"/>
          <xs:element minOccurs="0" name="legalRepresentativeConsentDate" type="xs:date"/>
          <xs:element minOccurs="0" name="legalRepresentativeConsentPlace" type="tns:municipality"/>
          <xs:element minOccurs="0" name="legalRepresentativeConsentAuthority" type="tns:consentAuthorityType"/>
          <xs:element minOccurs="0" name="courtConsentJurisdiction" type="tns:jurisdictionPlace"/>
          <xs:element minOccurs="0" name="courtConsentVerdictDate" type="xs:date"/>
          <xs:element minOccurs="0" name="courtConsentReference" type="xs:string"/>
          <xs:element minOccurs="0" name="applicationDate" type="xs:date"/>
          <xs:element minOccurs="0" name="newFirstName" type="xs:string"/>
        </xs:sequence>
      </xs:extension>
    </xs:complexContent>
  </xs:complexType>
  <xs:complexType name="sexChangeCertificate">
    <xs:complexContent>
      <xs:extension base="tns:document">
        <xs:sequence>
          <xs:element name="newGender" nillable="true" type="tns:gender"/>
        </xs:sequence>
      </xs:extension>
    </xs:complexContent>
  </xs:complexType>
  <xs:complexType name="modificationCertificate">
    <xs:complexContent>
      <xs:extension base="tns:document">
        <xs:sequence>
          <xs:element minOccurs="0" name="authorityDecisionDetail" type="tns:authorityDecisionDetail"/>
        </xs:sequence>
      </xs:extension>
    </xs:complexContent>
  </xs:complexType>
  <xs:complexType name="impactedRole">
    <xs:sequence>
      <xs:element minOccurs="0" name="actionType" type="tns:actionType"/>
      <xs:element minOccurs="0" name="impactDocRole" type="tns:roleType"/>
      <xs:element name="impactsDocType" type="xs:int"/>
      <xs:element minOccurs="0" name="role" type="tns:roleType"/>
    </xs:sequence>
  </xs:complexType>
  <xs:complexType name="roleRequirement">
    <xs:sequence/>
  </xs:complexType>
  <xs:complexType name="error">
    <xs:sequence>
      <xs:element minOccurs="0" name="errorCode" type="xs:int"/>
      <xs:element maxOccurs="unbounded" minOccurs="0" name="arguments" type="xs:string"/>
      <xs:element minOccurs="0" name="msg" type="xs:string"/>
    </xs:sequence>
  </xs:complexType>
  <xs:complexType name="getExtractAsPdf">
    <xs:sequence>
      <xs:element name="documentReference" type="xs:string"/>
      <xs:element name="language" type="xs:string"/>
      <xs:element minOccurs="0" name="actType" type="tns:actType"/>
    </xs:sequence>
  </xs:complexType>
  <xs:complexType name="getExtractAsPdfResponse">
    <xs:sequence>
      <xs:element minOccurs="0" name="extractAsPdf" type="tns:pdfExport"/>
    </xs:sequence>
  </xs:complexType>
  <xs:complexType name="pdfExport">
    <xs:sequence>
      <xs:element minOccurs="0" name="documentReference" type="xs:string"/>
      <xs:element minOccurs="0" name="pdf" type="xs:base64Binary"/>
    </xs:sequence>
  </xs:complexType>
  <xs:complexType name="searchDocument">
    <xs:sequence>
      <xs:element name="documentSearch" type="tns:documentSearch"/>
    </xs:sequence>
  </xs:complexType>
  <xs:complexType name="documentSearch">
    <xs:sequence>
      <xs:element minOccurs="0" name="type" type="tns:docType"/>
      <xs:element minOccurs="0" name="state" type="tns:docState"/>
      <xs:element minOccurs="0" name="factDate" type="tns:dabsDate"/>
      <xs:element minOccurs="0" name="personNumber" type="xs:string"/>
      <xs:element minOccurs="0" name="firstname" type="xs:string"/>
      <xs:element minOccurs="0" name="lastname" type="xs:string"/>
      <xs:element minOccurs="0" name="birthDate" type="tns:dabsDate"/>
      <xs:element minOccurs="0" name="placeOfOrigin" type="xs:string"/>
      <xs:element name="searchInRrn" type="xs:boolean"/>
    </xs:sequence>
  </xs:complexType>
  <xs:complexType name="searchDocumentResponse">
    <xs:sequence>
      <xs:element maxOccurs="unbounded" minOccurs="0" name="documents" type="tns:searchDocumentResult"/>
    </xs:sequence>
  </xs:complexType>
  <xs:complexType name="searchDocumentResult">
    <xs:sequence>
      <xs:element name="docReference" nillable="true" type="xs:long"/>
      <xs:element name="factDate" type="tns:dabsDate"/>
      <xs:element name="docType" type="tns:docType"/>
      <xs:element name="docState" type="tns:docState"/>
      <xs:element name="certificateOriginType" type="tns:certificateOriginType"/>
      <xs:element maxOccurs="unbounded" name="searchPeople" type="tns:searchPerson"/>
      <xs:element name="placeOfOrigin" type="xs:string"/>
    </xs:sequence>
  </xs:complexType>
  <xs:complexType name="searchPerson">
    <xs:sequence>
      <xs:element name="personNumber" nillable="true" type="xs:string"/>
      <xs:element minOccurs="0" name="nobilityCode" nillable="true" type="tns:nobility"/>
      <xs:element minOccurs="0" name="nobilityFree" nillable="true" type="xs:string"/>
      <xs:element minOccurs="0" name="firstName" nillable="true" type="xs:string"/>
      <xs:element minOccurs="0" name="name" nillable="true" type="xs:string"/>
      <xs:element name="personOrigin" type="tns:personOrigin"/>
      <xs:element name="roleType" type="tns:roleType"/>
      <xs:element name="birthDate" type="tns:dabsDate"/>
    </xs:sequence>
  </xs:complexType>
  <xs:complexType name="getCopyConformAsPdf">
    <xs:sequence>
      <xs:element name="documentReference" type="xs:string"/>
      <xs:element name="language" type="xs:string"/>
    </xs:sequence>
  </xs:complexType>
  <xs:complexType name="getCopyConformAsPdfResponse">
    <xs:sequence>
      <xs:element minOccurs="0" name="copyConformAsPdf" type="tns:pdfExport"/>
    </xs:sequence>
  </xs:complexType>
  <xs:complexType name="getCopyConform">
    <xs:sequence>
      <xs:element name="documentReference" type="xs:string"/>
      <xs:element name="language" type="xs:string"/>
    </xs:sequence>
  </xs:complexType>
  <xs:complexType name="getCopyConformResponse">
    <xs:sequence>
      <xs:element minOccurs="0" name="copyConform" type="tns:conformCopy"/>
    </xs:sequence>
  </xs:complexType>
  <xs:complexType name="conformCopy">
    <xs:sequence>
      <xs:element name="creationDate" type="xs:dateTime"/>
      <xs:element minOccurs="0" name="validityDate" type="xs:date"/>
      <xs:element minOccurs="0" name="exportDocument" type="tns:exportCertificate"/>
    </xs:sequence>
  </xs:complexType>
  <xs:complexType name="exportCertificate">
    <xs:sequence>
      <xs:element minOccurs="0" name="originalInfos" type="tns:document"/>
      <xs:element minOccurs="0" name="impactedByDocuments">
        <xs:complexType>
          <xs:sequence>
            <xs:element maxOccurs="unbounded" minOccurs="0" name="document" type="tns:document"/>
          </xs:sequence>
        </xs:complexType>
      </xs:element>
    </xs:sequence>
  </xs:complexType>
  <xs:complexType name="validateDocument">
    <xs:sequence>
      <xs:element name="document" type="tns:document"/>
    </xs:sequence>
  </xs:complexType>
  <xs:complexType name="validateDocumentResponse">
    <xs:sequence/>
  </xs:complexType>
  <xs:complexType name="getExtract">
    <xs:sequence>
      <xs:element name="documentReference" type="xs:string"/>
    </xs:sequence>
  </xs:complexType>
  <xs:complexType name="getExtractResponse">
    <xs:sequence>
      <xs:element minOccurs="0" name="extract" type="tns:extract"/>
    </xs:sequence>
  </xs:complexType>
  <xs:complexType name="extract">
    <xs:sequence>
      <xs:element name="creationDate" type="xs:dateTime"/>
      <xs:element name="validityDate" type="xs:date"/>
      <xs:element minOccurs="0" name="exportDocument" type="tns:exportCertificate"/>
    </xs:sequence>
  </xs:complexType>
  <xs:complexType name="saveOrUpdateDocument">
    <xs:sequence>
      <xs:element name="document" type="tns:document"/>
    </xs:sequence>
  </xs:complexType>
  <xs:complexType name="saveOrUpdateDocumentResponse">
    <xs:sequence>
      <xs:element minOccurs="0" name="document" type="tns:document"/>
    </xs:sequence>
  </xs:complexType>
  <xs:simpleType name="attachmentType">
    <xs:restriction base="xs:string">
      <xs:enumeration value="FOREIGN"/>
      <xs:enumeration value="OLD"/>
      <xs:enumeration value="OTHER"/>
    </xs:restriction>
  </xs:simpleType>
  <xs:simpleType name="language">
    <xs:restriction base="xs:string">
      <xs:enumeration value="aa"/>
      <xs:enumeration value="ab"/>
      <xs:enumeration value="ae"/>
      <xs:enumeration value="af"/>
      <xs:enumeration value="ak"/>
      <xs:enumeration value="am"/>
      <xs:enumeration value="an"/>
      <xs:enumeration value="ar"/>
      <xs:enumeration value="as"/>
      <xs:enumeration value="av"/>
      <xs:enumeration value="ay"/>
      <xs:enumeration value="az"/>
      <xs:enumeration value="ba"/>
      <xs:enumeration value="be"/>
      <xs:enumeration value="bg"/>
      <xs:enumeration value="bh"/>
      <xs:enumeration value="bm"/>
      <xs:enumeration value="bi"/>
      <xs:enumeration value="bn"/>
      <xs:enumeration value="bo"/>
      <xs:enumeration value="br"/>
      <xs:enumeration value="bs"/>
      <xs:enumeration value="ca"/>
      <xs:enumeration value="ce"/>
      <xs:enumeration value="ch"/>
      <xs:enumeration value="co"/>
      <xs:enumeration value="cr"/>
      <xs:enumeration value="cs"/>
      <xs:enumeration value="cu"/>
      <xs:enumeration value="cv"/>
      <xs:enumeration value="cy"/>
      <xs:enumeration value="da"/>
      <xs:enumeration value="de"/>
      <xs:enumeration value="dv"/>
      <xs:enumeration value="dz"/>
      <xs:enumeration value="ee"/>
      <xs:enumeration value="el"/>
      <xs:enumeration value="en"/>
      <xs:enumeration value="eo"/>
      <xs:enumeration value="es"/>
      <xs:enumeration value="et"/>
      <xs:enumeration value="eu"/>
      <xs:enumeration value="fa"/>
      <xs:enumeration value="ff"/>
      <xs:enumeration value="fi"/>
      <xs:enumeration value="fj"/>
      <xs:enumeration value="fo"/>
      <xs:enumeration value="fr"/>
      <xs:enumeration value="fy"/>
      <xs:enumeration value="ga"/>
      <xs:enumeration value="gd"/>
      <xs:enumeration value="gl"/>
      <xs:enumeration value="gn"/>
      <xs:enumeration value="gu"/>
      <xs:enumeration value="gv"/>
      <xs:enumeration value="ha"/>
      <xs:enumeration value="he"/>
      <xs:enumeration value="hi"/>
      <xs:enumeration value="ho"/>
      <xs:enumeration value="hr"/>
      <xs:enumeration value="ht"/>
      <xs:enumeration value="hu"/>
      <xs:enumeration value="hy"/>
      <xs:enumeration value="hz"/>
      <xs:enumeration value="ia"/>
      <xs:enumeration value="id"/>
      <xs:enumeration value="ie"/>
      <xs:enumeration value="ig"/>
      <xs:enumeration value="ii"/>
      <xs:enumeration value="ik"/>
      <xs:enumeration value="io"/>
      <xs:enumeration value="is"/>
      <xs:enumeration value="it"/>
      <xs:enumeration value="iu"/>
      <xs:enumeration value="ja"/>
      <xs:enumeration value="jv"/>
      <xs:enumeration value="ka"/>
      <xs:enumeration value="kg"/>
      <xs:enumeration value="ki"/>
      <xs:enumeration value="kj"/>
      <xs:enumeration value="kk"/>
      <xs:enumeration value="kl"/>
      <xs:enumeration value="km"/>
      <xs:enumeration value="kn"/>
      <xs:enumeration value="ko"/>
      <xs:enumeration value="kr"/>
      <xs:enumeration value="ks"/>
      <xs:enumeration value="ku"/>
      <xs:enumeration value="kv"/>
      <xs:enumeration value="kw"/>
      <xs:enumeration value="ky"/>
      <xs:enumeration value="la"/>
      <xs:enumeration value="lb"/>
      <xs:enumeration value="lg"/>
      <xs:enumeration value="li"/>
      <xs:enumeration value="ln"/>
      <xs:enumeration value="lo"/>
      <xs:enumeration value="lt"/>
      <xs:enumeration value="lu"/>
      <xs:enumeration value="lv"/>
      <xs:enumeration value="mg"/>
      <xs:enumeration value="mh"/>
      <xs:enumeration value="mi"/>
      <xs:enumeration value="mk"/>
      <xs:enumeration value="ml"/>
      <xs:enumeration value="mn"/>
      <xs:enumeration value="mr"/>
      <xs:enumeration value="ms"/>
      <xs:enumeration value="mt"/>
      <xs:enumeration value="my"/>
      <xs:enumeration value="na"/>
      <xs:enumeration value="nb"/>
      <xs:enumeration value="nd"/>
      <xs:enumeration value="ne"/>
      <xs:enumeration value="ng"/>
      <xs:enumeration value="nl"/>
      <xs:enumeration value="nn"/>
      <xs:enumeration value="no"/>
      <xs:enumeration value="nr"/>
      <xs:enumeration value="nv"/>
      <xs:enumeration value="ny"/>
      <xs:enumeration value="oc"/>
      <xs:enumeration value="oj"/>
      <xs:enumeration value="om"/>
      <xs:enumeration value="or"/>
      <xs:enumeration value="os"/>
      <xs:enumeration value="pa"/>
      <xs:enumeration value="pi"/>
      <xs:enumeration value="pl"/>
      <xs:enumeration value="ps"/>
      <xs:enumeration value="pt"/>
      <xs:enumeration value="qu"/>
      <xs:enumeration value="rm"/>
      <xs:enumeration value="rn"/>
      <xs:enumeration value="ro"/>
      <xs:enumeration value="ru"/>
      <xs:enumeration value="rw"/>
      <xs:enumeration value="sa"/>
      <xs:enumeration value="sc"/>
      <xs:enumeration value="sd"/>
      <xs:enumeration value="se"/>
      <xs:enumeration value="sg"/>
      <xs:enumeration value="si"/>
      <xs:enumeration value="sk"/>
      <xs:enumeration value="sl"/>
      <xs:enumeration value="sm"/>
      <xs:enumeration value="sn"/>
      <xs:enumeration value="so"/>
      <xs:enumeration value="sq"/>
      <xs:enumeration value="sr"/>
      <xs:enumeration value="ss"/>
      <xs:enumeration value="st"/>
      <xs:enumeration value="su"/>
      <xs:enumeration value="sv"/>
      <xs:enumeration value="sw"/>
      <xs:enumeration value="ta"/>
      <xs:enumeration value="te"/>
      <xs:enumeration value="tg"/>
      <xs:enumeration value="th"/>
      <xs:enumeration value="ti"/>
      <xs:enumeration value="tk"/>
      <xs:enumeration value="tl"/>
      <xs:enumeration value="tn"/>
      <xs:enumeration value="to"/>
      <xs:enumeration value="tr"/>
      <xs:enumeration value="ts"/>
      <xs:enumeration value="tt"/>
      <xs:enumeration value="tw"/>
      <xs:enumeration value="ty"/>
      <xs:enumeration value="ug"/>
      <xs:enumeration value="uk"/>
      <xs:enumeration value="ur"/>
      <xs:enumeration value="uz"/>
      <xs:enumeration value="ve"/>
      <xs:enumeration value="vi"/>
      <xs:enumeration value="vo"/>
      <xs:enumeration value="wa"/>
      <xs:enumeration value="wo"/>
      <xs:enumeration value="xh"/>
      <xs:enumeration value="yi"/>
      <xs:enumeration value="yo"/>
      <xs:enumeration value="za"/>
      <xs:enumeration value="zh"/>
      <xs:enumeration value="zu"/>
    </xs:restriction>
  </xs:simpleType>
  <xs:simpleType name="extensionType">
    <xs:restriction base="xs:string">
      <xs:enumeration value="PDF"/>
      <xs:enumeration value="JPEG"/>
      <xs:enumeration value="PNG"/>
    </xs:restriction>
  </xs:simpleType>
  <xs:simpleType name="certificateOriginType">
    <xs:restriction base="xs:string">
      <xs:enumeration value="NEW_BELGIAN_CERTIFICATE"/>
      <xs:enumeration value="FOREIGN_CERTIFICATE"/>
      <xs:enumeration value="MIGRATED_CERTIFICATE"/>
    </xs:restriction>
  </xs:simpleType>
  <xs:simpleType name="docOrigin">
    <xs:restriction base="xs:string">
      <xs:enumeration value="DABS"/>
      <xs:enumeration value="E_BIRTH"/>
      <xs:enumeration value="E_DEATH"/>
      <xs:enumeration value="MIGRATION"/>
    </xs:restriction>
  </xs:simpleType>
  <xs:simpleType name="personOrigin">
    <xs:restriction base="xs:string">
      <xs:enumeration value="RR"/>
      <xs:enumeration value="BIS"/>
      <xs:enumeration value="BIS_TMP"/>
      <xs:enumeration value="BIS_DRAFT"/>
      <xs:enumeration value="RRN_NR"/>
    </xs:restriction>
  </xs:simpleType>
  <xs:simpleType name="nobility">
    <xs:restriction base="xs:string">
      <xs:enumeration value="PRINCE"/>
      <xs:enumeration value="PRINCESS"/>
      <xs:enumeration value="DUKE"/>
      <xs:enumeration value="DUCHESS"/>
      <xs:enumeration value="MARQUIS"/>
      <xs:enumeration value="MARQUISE"/>
      <xs:enumeration value="COUNT"/>
      <xs:enumeration value="COUNTESS"/>
      <xs:enumeration value="VISCOUNT"/>
      <xs:enumeration value="VISCOUNTESS"/>
      <xs:enumeration value="BARON"/>
      <xs:enumeration value="BARONESS"/>
      <xs:enumeration value="KNIGHT"/>
      <xs:enumeration value="NOBLE_WOMAN"/>
      <xs:enumeration value="NOBLE_MAN"/>
      <xs:enumeration value="ARCHDUKE"/>
      <xs:enumeration value="ARCHDUCHESS"/>
      <xs:enumeration value="GRAND_DUKE"/>
      <xs:enumeration value="GRAND_DUCHESS"/>
      <xs:enumeration value="KING_OF_BELGIUM"/>
      <xs:enumeration value="QUEEN_OF_BELGIUM"/>
      <xs:enumeration value="PRINCE_OF_BELGIUM"/>
      <xs:enumeration value="PRINCESS_OF_BELGIUM"/>
      <xs:enumeration value="DUKE_OF_BRABANT"/>
      <xs:enumeration value="DUCHESS_OF_BRABANT"/>
    </xs:restriction>
  </xs:simpleType>
  <xs:simpleType name="gender">
    <xs:restriction base="xs:string">
      <xs:enumeration value="MALE"/>
      <xs:enumeration value="FEMALE"/>
      <xs:enumeration value="UNKNOWN"/>
    </xs:restriction>
  </xs:simpleType>
  <xs:simpleType name="roleType">
    <xs:restriction base="xs:string">
      <xs:enumeration value="ABS"/>
      <xs:enumeration value="ADOPTIVE_MOTHER"/>
      <xs:enumeration value="ADOPTIVE_FATHER"/>
      <xs:enumeration value="ADOPTIVE_COPARENT"/>
      <xs:enumeration value="CHILD"/>
      <xs:enumeration value="CONCERNED_PERSON"/>
      <xs:enumeration value="COPARENT"/>
      <xs:enumeration value="DECEASED"/>
      <xs:enumeration value="DECLARANT"/>
      <xs:enumeration value="DECLARANT_1"/>
      <xs:enumeration value="DECLARANT_2"/>
      <xs:enumeration value="FATHER"/>
      <xs:enumeration value="LEGAL_REPRESENTATIVE"/>
      <xs:enumeration value="MISSING"/>
      <xs:enumeration value="NOT_RECOGNISING_FATHER"/>
      <xs:enumeration value="NOT_RECOGNISING_COPARENT"/>
      <xs:enumeration value="MOTHER"/>
      <xs:enumeration value="SPOUSE_1"/>
      <xs:enumeration value="SPOUSE_2"/>
      <xs:enumeration value="RECOGNIZER_FATHER"/>
      <xs:enumeration value="RECOGNIZER_MOTHER"/>
      <xs:enumeration value="RECOGNIZER_COPARENT"/>
      <xs:enumeration value="WITNESS"/>
      <xs:enumeration value="ADDED_FATHER"/>
      <xs:enumeration value="ADDED_MOTHER"/>
      <xs:enumeration value="ADDED_COPARENT"/>
      <xs:enumeration value="REMOVED_FATHER"/>
      <xs:enumeration value="REMOVED_MOTHER"/>
      <xs:enumeration value="REMOVED_COPARENT"/>
      <xs:enumeration value="FATHER_THAT_HAS_MADE_A_PRENATAL_RECOGNITION"/>
      <xs:enumeration value="COPARENT_THAT_HAS_MADE_A_PRENATAL_RECOGNITION"/>
    </xs:restriction>
  </xs:simpleType>
  <xs:simpleType name="docState">
    <xs:restriction base="xs:string">
      <xs:enumeration value="DRAFT"/>
      <xs:enumeration value="READY_FOR_VALIDATION"/>
      <xs:enumeration value="DELETED"/>
      <xs:enumeration value="VALIDATE_FOR_SIGNATURE"/>
      <xs:enumeration value="READY_FOR_SIGNATURE"/>
      <xs:enumeration value="TO_CHECK"/>
      <xs:enumeration value="REFUSED"/>
      <xs:enumeration value="PARTIALLY_MIGRATED"/>
      <xs:enumeration value="PARTIALLY_MIGR_COPY"/>
      <xs:enumeration value="PARTIALLY_MIGR_EXTRACT"/>
      <xs:enumeration value="FINAL"/>
      <xs:enumeration value="ERASED"/>
    </xs:restriction>
  </xs:simpleType>
  <xs:simpleType name="sideNoteType">
    <xs:restriction base="xs:string">
      <xs:enumeration value="MIGRATION"/>
      <xs:enumeration value="CHANGE"/>
      <xs:enumeration value="BASIS_ACT"/>
    </xs:restriction>
  </xs:simpleType>
  <xs:simpleType name="decisionType">
    <xs:restriction base="xs:string">
      <xs:enumeration value="JUDGMENT"/>
      <xs:enumeration value="ARREST"/>
      <xs:enumeration value="FOREIGN_DECISION"/>
      <xs:enumeration value="FOREIGN_CERTIFICATE"/>
      <xs:enumeration value="KING_ARREST"/>
      <xs:enumeration value="OFFICER_CORRECTION"/>
      <xs:enumeration value="PV"/>
    </xs:restriction>
  </xs:simpleType>
  <xs:simpleType name="decisionCategory">
    <xs:restriction base="xs:string">
      <xs:enumeration value="DIVORCE"/>
      <xs:enumeration value="FOREIGN_DIVORCE_BELGIAN_MARRIAGE"/>
      <xs:enumeration value="MARRIAGE_ANNULATION"/>
      <xs:enumeration value="MIGRATED_TRANSCRIPTION"/>
      <xs:enumeration value="FOREIGN_MARRIAGE_RECOGNITION"/>
      <xs:enumeration value="RECOGNITION_ANNULATION"/>
      <xs:enumeration value="CERTIFICATE_CORRECTION"/>
      <xs:enumeration value="JUDICIAL_ABSENCE"/>
      <xs:enumeration value="JUDICIAL_DECEASE"/>
      <xs:enumeration value="BELGIAN_ADOPTION"/>
      <xs:enumeration value="FOREIGN_ADOPTION"/>
      <xs:enumeration value="ADOPTION_REVISION"/>
      <xs:enumeration value="ADOPTION_REVOCATION"/>
      <xs:enumeration value="BELGIAN_NATIONALITY_DEPRIVATION"/>
      <xs:enumeration value="NAME_CHANGE"/>
      <xs:enumeration value="FIRSTNAME_CHANGE"/>
      <xs:enumeration value="ESTABLISHING_PATERNITY"/>
      <xs:enumeration value="ESTABLISHING_MATERNITY"/>
      <xs:enumeration value="ESTABLISHING_COPARENT"/>
      <xs:enumeration value="CONTESTING_PATERNITY"/>
      <xs:enumeration value="CONTESTING_MATERNITY"/>
      <xs:enumeration value="CONTESTING_COPARENT"/>
      <xs:enumeration value="NEW_SEX_CHANGE"/>
      <xs:enumeration value="SEX_CHANGE_ANNULATION"/>
      <xs:enumeration value="CERTIFICATE_ANNULATION"/>
      <xs:enumeration value="CERTIFICATE_ANNULATION_ART463"/>
      <xs:enumeration value="CERTIFICATE_REPLACEMENT"/>
      <xs:enumeration value="PV_SYSTEM_UNAVAILABLE"/>
      <xs:enumeration value="PV_BIRTH_ON_BOARD"/>
      <xs:enumeration value="PV_DECEASE_ON_BOARD"/>
      <xs:enumeration value="PV_UNKNOWN_DECEASE"/>
      <xs:enumeration value="PV_NEWBORN_FOUND"/>
      <xs:enumeration value="BIRTH_CERTIFICATE"/>
      <xs:enumeration value="MARRIAGE_CERTIFICATE"/>
      <xs:enumeration value="DEATH_CERTIFICATE"/>
      <xs:enumeration value="RECOGNITION_CERTIFICATE"/>
      <xs:enumeration value="PRENATAL_RECOGNITION_CERTIFICATE"/>
      <xs:enumeration value="NAME_CHANGE_CERTIFICATE"/>
      <xs:enumeration value="FIRSTNAME_CHANGE_CERTIFICATE"/>
      <xs:enumeration value="SEX_CHANGE_CERTIFICATE"/>
      <xs:enumeration value="ABSENCE_CERTIFICATE"/>
      <xs:enumeration value="DIVORCE_CERTIFICATE"/>
      <xs:enumeration value="ADOPTION_CERTIFICATE"/>
      <xs:enumeration value="OTHER"/>
      <xs:enumeration value="SEPARATION"/>
    </xs:restriction>
  </xs:simpleType>
  <xs:simpleType name="docType">
    <xs:restriction base="xs:string">
      <xs:enumeration value="BIRTH_CERTIFICATE"/>
      <xs:enumeration value="MARRIAGE_CERTIFICATE"/>
      <xs:enumeration value="DEATH_CERTIFICATE"/>
      <xs:enumeration value="NATIONALITY_CERTIFICATE"/>
      <xs:enumeration value="RECOGNITION_CERTIFICATE"/>
      <xs:enumeration value="PRENATAL_RECOGNITION_CERTIFICATE"/>
      <xs:enumeration value="NAME_CHANGE_CERTIFICATE"/>
      <xs:enumeration value="FIRSTNAME_CHANGE_CERTIFICATE"/>
      <xs:enumeration value="DECLARATION_OF_LIFELESS_CHILD_CERTIFICATE"/>
      <xs:enumeration value="SEX_CHANGE_CERTIFICATE"/>
      <xs:enumeration value="ABSENCE_CERTIFICATE"/>
      <xs:enumeration value="DIVORCE_CERTIFICATE"/>
      <xs:enumeration value="ADOPTION_CERTIFICATE"/>
      <xs:enumeration value="AUTHORITY_DECISION"/>
      <xs:enumeration value="ANNULMENT_CERTIFICATE"/>
      <xs:enumeration value="UPDATE_DOCUMENT"/>
    </xs:restriction>
  </xs:simpleType>
  <xs:simpleType name="adoptionType">
    <xs:restriction base="xs:string">
      <xs:enumeration value="SIMPLE"/>
      <xs:enumeration value="FULL"/>
    </xs:restriction>
  </xs:simpleType>
  <xs:simpleType name="jurisdictionPlace">
    <xs:restriction base="xs:string">
      <xs:enumeration value="111002"/>
      <xs:enumeration value="112025"/>
      <xs:enumeration value="113040"/>
      <xs:enumeration value="171022"/>
      <xs:enumeration value="173083"/>
      <xs:enumeration value="121004"/>
      <xs:enumeration value="124062"/>
      <xs:enumeration value="125072"/>
      <xs:enumeration value="142006"/>
      <xs:enumeration value="144021"/>
      <xs:enumeration value="145035"/>
      <xs:enumeration value="131005"/>
      <xs:enumeration value="133011"/>
      <xs:enumeration value="134022"/>
      <xs:enumeration value="138025"/>
      <xs:enumeration value="163023"/>
      <xs:enumeration value="161031"/>
      <xs:enumeration value="162063"/>
      <xs:enumeration value="163079"/>
      <xs:enumeration value="181001"/>
      <xs:enumeration value="183034"/>
      <xs:enumeration value="184043"/>
      <xs:enumeration value="191034"/>
      <xs:enumeration value="192094"/>
      <xs:enumeration value="152011"/>
      <xs:enumeration value="153053"/>
      <xs:enumeration value="157081"/>
      <xs:enumeration value="211002"/>
      <xs:enumeration value="253053"/>
      <xs:enumeration value="221004"/>
      <xs:enumeration value="244021"/>
      <xs:enumeration value="262063"/>
      <xs:enumeration value="230101"/>
      <xs:enumeration value="230102"/>
      <xs:enumeration value="230103"/>
      <xs:enumeration value="230201"/>
      <xs:enumeration value="230202"/>
      <xs:enumeration value="330100"/>
      <xs:enumeration value="330200"/>
      <xs:enumeration value="330500"/>
      <xs:enumeration value="330600"/>
      <xs:enumeration value="430101"/>
      <xs:enumeration value="430102"/>
      <xs:enumeration value="430103"/>
      <xs:enumeration value="430201"/>
      <xs:enumeration value="430202"/>
      <xs:enumeration value="430203"/>
      <xs:enumeration value="430204"/>
      <xs:enumeration value="530100"/>
      <xs:enumeration value="530201"/>
      <xs:enumeration value="530202"/>
      <xs:enumeration value="530203"/>
      <xs:enumeration value="530301"/>
      <xs:enumeration value="530302"/>
      <xs:enumeration value="530303"/>
      <xs:enumeration value="530401"/>
      <xs:enumeration value="530402"/>
      <xs:enumeration value="630101"/>
      <xs:enumeration value="630102"/>
      <xs:enumeration value="630103"/>
      <xs:enumeration value="210100"/>
      <xs:enumeration value="610100"/>
      <xs:enumeration value="310100"/>
      <xs:enumeration value="410100"/>
      <xs:enumeration value="510100"/>
    </xs:restriction>
  </xs:simpleType>
  <xs:simpleType name="code">
    <xs:restriction base="xs:string">
      <xs:enumeration value="PERSON_NOBILITY"/>
      <xs:enumeration value="PERSON_NOBILITYFREE"/>
      <xs:enumeration value="PERSON_FIRSTNAMES"/>
      <xs:enumeration value="PERSON_LASTNAME"/>
      <xs:enumeration value="PERSON_BIRTHDATE"/>
      <xs:enumeration value="PERSON_BIRTHPLACE_MUNICIPALITYCODE"/>
      <xs:enumeration value="PERSON_BIRTHPLACE_MUNICIPALITYFREETEXT"/>
      <xs:enumeration value="PERSON_BIRTHPLACE_COUNTRYCODE"/>
      <xs:enumeration value="PERSON_BIRTHPLACE_COUNTRYFREETEXT"/>
      <xs:enumeration value="DOCUMENT_DOCUMENTREFERENCE"/>
      <xs:enumeration value="DOCUMENT_ESTABLISHINGDATE"/>
      <xs:enumeration value="DOCUMENT_REDACTIONPLACE_MUNICIPALITYCODE"/>
      <xs:enumeration value="DOCUMENT_REDACTIONPLACE_MUNICIPALITYFREETEXT"/>
      <xs:enumeration value="DOCUMENT_REDACTIONPLACE_COUNTRYCODE"/>
      <xs:enumeration value="DOCUMENT_REDACTIONPLACE_COUNTRYFREETEXT"/>
      <xs:enumeration value="ROLE_ROLE"/>
      <xs:enumeration value="BIRTHCERTIFICATE_FACTDATE"/>
      <xs:enumeration value="BIRTHCERTIFICATE_BIRTHTIME"/>
      <xs:enumeration value="BIRTHCERTIFICATE_GENDER"/>
      <xs:enumeration value="BIRTHCERTIFICATE_NAME_DECLARATIONMADEBYTHEPARENTS"/>
      <xs:enumeration value="BIRTHCERTIFICATE_NAMEDECLARATION_NAME"/>
      <xs:enumeration value="BIRTHCERTIFICATE_NAMEDECLARATION_NAME1"/>
      <xs:enumeration value="BIRTHCERTIFICATE_NAMEDECLARATION_NAME2"/>
      <xs:enumeration value="BIRTHCERTIFICATE_PRENATALRECOGNITIONDOCUMENTREFERENCE"/>
      <xs:enumeration value="BIRTHCERTIFICATE_CONSENTROLE"/>
      <xs:enumeration value="BIRTHCERTIFICATE_CONSENTDATE"/>
      <xs:enumeration value="BIRTHCERTIFICATE_CONSENTPLACE_MUNICIPALITYCODE"/>
      <xs:enumeration value="BIRTHCERTIFICATE_CONSENTPLACE_MUNICIPALITYFREETEXT"/>
      <xs:enumeration value="BIRTHCERTIFICATE_CONSENTPLACE_COUNTRYCODE"/>
      <xs:enumeration value="BIRTHCERTIFICATE_CONSENTPLACE_COUNTRYFREETEXT"/>
      <xs:enumeration value="BIRTHCERTIFICATE_CONSENTAUTHORITY"/>
      <xs:enumeration value="BIRTHCERTIFICATE_JURIDICALAUTHORITY"/>
      <xs:enumeration value="BIRTHCERTIFICATE_JURIDICALREFERENCE"/>
      <xs:enumeration value="BIRTHCERTIFICATE_VERDICTDATE"/>
      <xs:enumeration value="PRENATALRECOGNITIONCERTIFICATE_FACTDATE"/>
      <xs:enumeration value="PRENATALRECOGNITIONCERTIFICATE_MOTHERCONSENTDATE"/>
      <xs:enumeration value="PRENATALRECOGNITIONCERTIFICATE_MOTHERCONSENTPLACE_MUNICIPALITYCODE"/>
      <xs:enumeration value="PRENATALRECOGNITIONCERTIFICATE_MOTHERCONSENTPLACE_MUNICIPALITYFREETEXT"/>
      <xs:enumeration value="PRENATALRECOGNITIONCERTIFICATE_MOTHERCONSENTPLACE_COUNTRYCODE"/>
      <xs:enumeration value="PRENATALRECOGNITIONCERTIFICATE_MOTHERCONSENTPLACE_COUNTRYFREETEXT"/>
      <xs:enumeration value="PRENATALRECOGNITIONCERTIFICATE_MOTHERCONSENTAUTHORITY"/>
      <xs:enumeration value="PRENATALRECOGNITIONCERTIFICATE_JURIDICALAUTHORITY"/>
      <xs:enumeration value="PRENATALRECOGNITIONCERTIFICATE_JURIDICALREFERENCE"/>
      <xs:enumeration value="PRENATALRECOGNITIONCERTIFICATE_VERDICTDATE"/>
      <xs:enumeration value="RECOGNITIONCERTIFICATE_FACTDATE"/>
      <xs:enumeration value="RECOGNITIONCERTIFICATE_FILIATIONCONSENTDATE"/>
      <xs:enumeration value="RECOGNITIONCERTIFICATE_FILIATIONCONSENTPLACE_MUNICIPALITYCODE"/>
      <xs:enumeration value="RECOGNITIONCERTIFICATE_FILIATIONCONSENTPLACE_MUNICIPALITYFREETEXT"/>
      <xs:enumeration value="RECOGNITIONCERTIFICATE_FILIATIONCONSENTPLACE_COUNTRYCODE"/>
      <xs:enumeration value="RECOGNITIONCERTIFICATE_FILIATIONCONSENTPLACE_COUNTRYFREETEXT"/>
      <xs:enumeration value="RECOGNITIONCERTIFICATE_FILIATIONCONSENTAUTHORITY"/>
      <xs:enumeration value="RECOGNITIONCERTIFICATE_CHILDCONSENTDATE"/>
      <xs:enumeration value="RECOGNITIONCERTIFICATE_CHILDCONSENTPLACE_MUNICIPALITYCODE"/>
      <xs:enumeration value="RECOGNITIONCERTIFICATE_CHILDCONSENTPLACE_MUNICIPALITYFREETEXT"/>
      <xs:enumeration value="RECOGNITIONCERTIFICATE_CHILDCONSENTPLACE_COUNTRYCODE"/>
      <xs:enumeration value="RECOGNITIONCERTIFICATE_CHILDCONSENTPLACE_COUNTRYFREETEXT"/>
      <xs:enumeration value="RECOGNITIONCERTIFICATE_CHILDCONSENTAUTHORITY"/>
      <xs:enumeration value="RECOGNITIONCERTIFICATE_LEGALREPRESENTATIVECONSENTDATE"/>
      <xs:enumeration value="RECOGNITIONCERTIFICATE_LEGALREPRESENTATIVECONSENTPLACE_MUNICIPALITYCODE"/>
      <xs:enumeration value="RECOGNITIONCERTIFICATE_LEGALREPRESENTATIVECONSENTPLACE_MUNICIPALITYFREETEXT"/>
      <xs:enumeration value="RECOGNITIONCERTIFICATE_LEGALREPRESENTATIVECONSENTPLACE_COUNTRYCODE"/>
      <xs:enumeration value="RECOGNITIONCERTIFICATE_LEGALREPRESENTATIVECONSENTPLACE_COUNTRYFREETEXT"/>
      <xs:enumeration value="RECOGNITIONCERTIFICATE_LEGALREPRESENTATIVECONSENTAUTHORITY"/>
      <xs:enumeration value="RECOGNITIONCERTIFICATE_COURTCONSENTJURISDICTION"/>
      <xs:enumeration value="RECOGNITIONCERTIFICATE_COURTCONSENTVERDICTDATE"/>
      <xs:enumeration value="RECOGNITIONCERTIFICATE_COURTCONSENTREFERENCE"/>
      <xs:enumeration value="RECOGNITIONCERTIFICATE_NAMEDECLARATIONMADEBYTHEPARENTS"/>
      <xs:enumeration value="RECOGNITIONCERTIFICATE_NEWFIRSTNAME"/>
      <xs:enumeration value="RECOGNITIONCERTIFICATE_NAMEDECLARATION"/>
      <xs:enumeration value="RECOGNITIONCERTIFICATE_NAMEDECLARATION_NAME1"/>
      <xs:enumeration value="RECOGNITIONCERTIFICATE_NAMEDECLARATION_NAME2"/>
      <xs:enumeration value="MARRIAGECERTIFICATE_FACTDATE"/>
      <xs:enumeration value="MARRIAGECERTIFICATE_NAMECHANGESPOUSE1"/>
      <xs:enumeration value="MARRIAGECERTIFICATE_NAMECHANGESPOUSE2"/>
      <xs:enumeration value="DEATHCERTIFICATE_FACTDATE"/>
      <xs:enumeration value="DEATHCERTIFICATE_DECEASETIME"/>
      <xs:enumeration value="DEATHCERTIFICATE_DECEASEPLACE_MUNICIPALITYCODE"/>
      <xs:enumeration value="DEATHCERTIFICATE_DECEASEPLACE_MUNICIPALITYFREETEXT"/>
      <xs:enumeration value="DEATHCERTIFICATE_DECEASEPLACE_COUNTRYCODE"/>
      <xs:enumeration value="DEATHCERTIFICATE_DECEASEPLACE_COUNTRYFREETEXT"/>
      <xs:enumeration value="DEATHCERTIFICATE_DECEASEPLACE_LIFELESSBODY"/>
      <xs:enumeration value="DECLARATION_OF_LIFELESS_CHILD_CERTIFICATE_FACTDATE"/>
      <xs:enumeration value="DECLARATION_OF_LIFELESS_CHILD_CERTIFICATE_BIRTHTIME"/>
      <xs:enumeration value="DECLARATION_OF_LIFELESS_CHILD_CERTIFICATE_BIRTHPLACE_MUNICIPALITYCODE"/>
      <xs:enumeration value="DECLARATION_OF_LIFELESS_CHILD_CERTIFICATE_BIRTHPLACE_MUNICIPALITYFREETEXT"/>
      <xs:enumeration value="DECLARATION_OF_LIFELESS_CHILD_CERTIFICATE_BIRTHPLACE_COUNTRYCODE"/>
      <xs:enumeration value="DECLARATION_OF_LIFELESS_CHILD_CERTIFICATE_BIRTHPLACE_COUNTRYFREETEXT"/>
      <xs:enumeration value="DECLARATION_OF_LIFELESS_CHILD_CERTIFICATE_FIRSTNAMES"/>
      <xs:enumeration value="DECLARATION_OF_LIFELESS_CHILD_CERTIFICATE_GENDER"/>
      <xs:enumeration value="DECLARATION_OF_LIFELESS_CHILD_CERTIFICATE_DURATION_OF_PREGNANCY"/>
      <xs:enumeration value="DECLARATION_OF_LIFELESS_CHILD_CERTIFICATE_NAME"/>
      <xs:enumeration value="NAMECHANGE_CERTIFICATE_FACTDATE"/>
      <xs:enumeration value="NAMECHANGE_CERTIFICATE_NAMEDECLARATION"/>
      <xs:enumeration value="NAMECHANGE_CERTIFICATE_NAMEDECLARATION_NAME1"/>
      <xs:enumeration value="NAMECHANGE_CERTIFICATE_NAMEDECLARATION_NAME2"/>
      <xs:enumeration value="NAMECHANGE_CERTIFICATE_REASONFORTHECERTIFICATE"/>
      <xs:enumeration value="NAMECHANGE_CERTIFICATE_REQUESTINGDATE"/>
      <xs:enumeration value="FIRSTNAMECHANGE_CERTIFICATE_FACTDATE"/>
      <xs:enumeration value="FIRSTNAMECHANGE_CERTIFICATE_FIRSTNAMES"/>
      <xs:enumeration value="NATIONALITY_CERTIFICATE_FACTDATE"/>
      <xs:enumeration value="NATIONALITY_CERTIFICATE_REASON_FOR_THE_CERTIFICATE"/>
      <xs:enumeration value="NATIONALITY_CERTIFICATE_OTHER_NATIONALITY_CODE"/>
      <xs:enumeration value="TRANSSEXUALITY_CERTIFICATE_FACTDATE"/>
      <xs:enumeration value="TRANSSEXUALITY_NEWGENDER"/>
      <xs:enumeration value="ABSENCE_CERTIFICATE_FACTDATE"/>
      <xs:enumeration value="ADOPTION_CERTIFICATE_FACTDATE"/>
      <xs:enumeration value="ADOPTION_CERTIFICATE_ADOPTIONTYPE"/>
      <xs:enumeration value="ADOPTION_CERTIFICATE_NEWNAME_NAME"/>
      <xs:enumeration value="ADOPTION_CERTIFICATE_NEWNAME_NAME1"/>
      <xs:enumeration value="ADOPTION_CERTIFICATE_NEWNAME_NAME2"/>
      <xs:enumeration value="ADOPTION_CERTIFICATE_NEWFIRSTNAMES"/>
      <xs:enumeration value="ADOPTION_CERTIFICATE_FCARECOGNITIONDATE"/>
      <xs:enumeration value="DIVORCE_CERTIFICATE_FACTDATE"/>
      <xs:enumeration value="DIVORCE_CERTIFICATE_MARRIAGECERTIFICATENUMBER"/>
      <xs:enumeration value="ANNULMENT_CERTIFICATE_FACTDATE"/>
      <xs:enumeration value="ANNULMENT_ANNULEDCERTIFICATENUMBER"/>
      <xs:enumeration value="ANNULMENT_ANNULATIONTYPE"/>
      <xs:enumeration value="MODIFICATIONCERTIFICATE_FACTDATE"/>
      <xs:enumeration value="MODIFICATIONCERTIFICATE_MODIFIEDCERTIFICATEREFERENCE"/>
      <xs:enumeration value="MODIFICATIONCERTIFICATE_DECISIONAUTHORITYCODE"/>
      <xs:enumeration value="MODIFICATIONCERTIFICATE_DECISIONAUTHORITYFREE"/>
      <xs:enumeration value="MODIFICATIONCERTIFICATE_DECISIONDATE"/>
      <xs:enumeration value="MODIFICATIONCERTIFICATE_APPLICATIONDATE"/>
      <xs:enumeration value="MODIFICATIONCERTIFICATE_DECISIONTYPE"/>
      <xs:enumeration value="MODIFICATIONCERTIFICATE_DECISIONCATEGORY"/>
      <xs:enumeration value="MODIFICATIONCERTIFICATE_DECISIONREFERENCE"/>
      <xs:enumeration value="MODIFICATIONCERTIFICATE_CHANGEDVALUES_CHANGEDFIELDCODE"/>
      <xs:enumeration value="MODIFICATIONCERTIFICATE_CHANGEDVALUES_CHANGEDFIELDOLDVALUE"/>
      <xs:enumeration value="MODIFICATIONCERTIFICATE_CHANGEDVALUES_CHANGEDFIELDNEWVALUE"/>
    </xs:restriction>
  </xs:simpleType>
  <xs:simpleType name="consentAuthorityType">
    <xs:restriction base="xs:string">
      <xs:enumeration value="BELGIAN_REGISTRAR"/>
      <xs:enumeration value="FOREIGN_AUTHORITY"/>
      <xs:enumeration value="NOTARY"/>
    </xs:restriction>
  </xs:simpleType>
  <xs:simpleType name="nameChangeReasonType">
    <xs:restriction base="xs:string">
      <xs:enumeration value="APPLICATION_ARTICLE335P3"/>
      <xs:enumeration value="APPLICATION_ARTICLE335TERP2"/>
      <xs:enumeration value="APPLICATION_ARTICLE335QUATER"/>
      <xs:enumeration value="APPLICATION_ARTICLE12"/>
      <xs:enumeration value="NAME_CHANGE_DECISION"/>
    </xs:restriction>
  </xs:simpleType>
  <xs:simpleType name="nationalityReasonType">
    <xs:restriction base="xs:string">
      <xs:enumeration value="APPLICATION_ARTICLE8P1S2B"/>
      <xs:enumeration value="APPLICATION_ARTICLE9S2B"/>
      <xs:enumeration value="APPLICATION_ARTICLE12BISP1S1"/>
      <xs:enumeration value="APPLICATION_ARTICLE12BISP1S2"/>
      <xs:enumeration value="APPLICATION_ARTICLE12BISP1S3"/>
      <xs:enumeration value="APPLICATION_ARTICLE12BISP1S4"/>
      <xs:enumeration value="APPLICATION_ARTICLE12BISP1S5"/>
      <xs:enumeration value="APPLICATION_ARTICLE22P1S2"/>
      <xs:enumeration value="APPLICATION_ARTICLE22P1S5"/>
      <xs:enumeration value="APPLICATION_ARTICLE24"/>
      <xs:enumeration value="APPLICATION_ARTICLE11BIS"/>
      <xs:enumeration value="APPLICATION_ARTICLE17"/>
      <xs:enumeration value="BELGIAN_NATIONALITY_REVOCATION"/>
      <xs:enumeration value="APPLICATION_OLD_LAW"/>
    </xs:restriction>
  </xs:simpleType>
  <xs:simpleType name="actionType">
    <xs:restriction base="xs:string">
      <xs:enumeration value="ADD"/>
      <xs:enumeration value="REMOVE"/>
    </xs:restriction>
  </xs:simpleType>
  <xs:simpleType name="actType">
    <xs:restriction base="xs:string">
      <xs:enumeration value="BELGIAN"/>
      <xs:enumeration value="ART_16"/>
      <xs:enumeration value="ART_34"/>
    </xs:restriction>
  </xs:simpleType>
  <xs:element name="DABSException" type="tns:DABSException"/>
  <xs:complexType name="DABSException">
    <xs:sequence>
      <xs:element minOccurs="0" name="traceId" type="xs:string"/>
      <xs:element maxOccurs="unbounded" minOccurs="0" name="error" type="tns:error"/>
    </xs:sequence>
  </xs:complexType>
</xs:schema>]]></con:content><con:type>http://www.w3.org/2001/XMLSchema</con:type></con:part><con:part><con:url>https://192.168.22.53:8443/services/CivilStatusDocumentService_v1.0?xsd=baseMessageTypes_v1.xsd</con:url><con:content><![CDATA[<xsd:schema attributeFormDefault="unqualified" elementFormDefault="qualified" targetNamespace="http://fidus.brussels/type/common/messages/v1" version="1.0" xmlns:xsd="http://www.w3.org/2001/XMLSchema" xmlns:cmn="http://fidus.brussels/type/common/v1" xmlns:tns="http://fidus.brussels/type/common/messages/v1">
  <xsd:simpleType name="MessageIdType">
    <xsd:restriction base="xsd:string">
      <xsd:minLength value="1"/>
      <xsd:maxLength value="64"/>
    </xsd:restriction>
  </xsd:simpleType>
  <xsd:simpleType name="PersonNumberType">
    <xsd:restriction base="xsd:string">
      <xsd:pattern value="[0-9][0-9](([0][0-9])|([1][0-2]))(([0-2][0-9])|([3][0-1]))(([0-9]{2}[1-9])|([0-9][1-9][0-9])|([1-9][0-9]{2}))(([0-8][0-9])|([9][0-7]))">
        <xsd:annotation>
          <xsd:documentation>National Register format</xsd:documentation>
        </xsd:annotation>
      </xsd:pattern>
      <xsd:pattern value="[0-9][0-9](([2][0-9])|([3][0-2]))(([0-2][0-9])|([3][0-1]))[0-9]{3}(([0-8][0-9])|([9][0-7]))">
        <xsd:annotation>
          <xsd:documentation>CBSS Register format: Bis Register</xsd:documentation>
        </xsd:annotation>
      </xsd:pattern>
      <xsd:pattern value="[0-9][0-9](([4][0-9])|([5][0-2]))(([0-2][0-9])|([3][0-1]))[0-9]{3}(([0-8][0-9])|([9][0-7]))">
        <xsd:annotation>
          <xsd:documentation>CBSS Register format: Ter Register</xsd:documentation>
        </xsd:annotation>
      </xsd:pattern>
    </xsd:restriction>
  </xsd:simpleType>
  <xsd:complexType name="RequestMessageContextType">
    <xsd:annotation>
      <xsd:documentation>Message context block generated by the consumer.</xsd:documentation>
    </xsd:annotation>
    <xsd:sequence>
      <xsd:element name="messageId" type="tns:MessageIdType">
        <xsd:annotation>
          <xsd:documentation>Consumer must assign their own MessageId reference for the request.</xsd:documentation>
        </xsd:annotation>
      </xsd:element>
      <xsd:element minOccurs="0" name="timestamp" type="xsd:dateTime">
        <xsd:annotation>
          <xsd:documentation>Timestamp when client sent request.</xsd:documentation>
        </xsd:annotation>
      </xsd:element>
    </xsd:sequence>
  </xsd:complexType>
  <xsd:complexType name="ResponseMessageContextType">
    <xsd:annotation>
      <xsd:documentation>MessageContext block generated by fidus.</xsd:documentation>
    </xsd:annotation>
    <xsd:sequence>
      <xsd:element name="messageId" type="tns:MessageIdType">
        <xsd:annotation>
          <xsd:documentation>A unique identifier generated by fidus.</xsd:documentation>
        </xsd:annotation>
      </xsd:element>
      <xsd:element name="transactionId" type="tns:MessageIdType">
        <xsd:annotation>
          <xsd:documentation>A unique ID returned to the client for tracing purposes.</xsd:documentation>
        </xsd:annotation>
      </xsd:element>
      <xsd:element minOccurs="0" name="relatesTo" type="tns:MessageIdType">
        <xsd:annotation>
          <xsd:documentation>Optional field. The unique id of a previous batch file in this exchange Only used for responses.</xsd:documentation>
        </xsd:annotation>
      </xsd:element>
      <xsd:element minOccurs="0" name="timestamp" type="xsd:dateTime">
        <xsd:annotation>
          <xsd:documentation>Time reply sent by fidus.</xsd:documentation>
        </xsd:annotation>
      </xsd:element>
    </xsd:sequence>
  </xsd:complexType>
  <xsd:simpleType name="LegalContextType">
    <xsd:restriction base="xsd:string">
      <xsd:minLength value="1"/>
      <xsd:maxLength value="64"/>
    </xsd:restriction>
  </xsd:simpleType>
  <xsd:complexType name="UserContextType">
    <xsd:annotation>
      <xsd:documentation>The user context defines information regarding the actual user performing a request.</xsd:documentation>
    </xsd:annotation>
    <xsd:sequence>
      <xsd:element name="language" nillable="true" type="xsd:language">
        <xsd:annotation>
          <xsd:documentation>The preferred language of the actual user performing the request.
						This influences the language in which response elements are cast.</xsd:documentation>
        </xsd:annotation>
      </xsd:element>
    </xsd:sequence>
  </xsd:complexType>
</xsd:schema>]]></con:content><con:type>http://www.w3.org/2001/XMLSchema</con:type></con:part><con:part><con:url>https://192.168.22.53:8443/services/CivilStatusDocumentService_v1.0?xsd=exceptionTypes_v1.xsd</con:url><con:content><![CDATA[<xsd:schema attributeFormDefault="unqualified" elementFormDefault="qualified" targetNamespace="http://fidus.brussels/type/common/exceptions/v1" version="1.0" xmlns:xsd="http://www.w3.org/2001/XMLSchema" xmlns:tns="http://fidus.brussels/type/common/exceptions/v1">
  <xsd:complexType name="ExceptionsType">
    <xsd:sequence>
      <xsd:element maxOccurs="unbounded" name="exception" type="tns:ExceptionType"/>
    </xsd:sequence>
  </xsd:complexType>
  <xsd:complexType name="ExceptionType">
    <xsd:sequence>
      <xsd:element name="type" type="tns:ExceptionClassType"/>
      <xsd:element name="code" type="tns:ExceptionCodeType"/>
      <xsd:element name="source" type="tns:ExceptionSourceType"/>
      <xsd:element name="description" type="tns:ExceptionDescriptionType"/>
    </xsd:sequence>
  </xsd:complexType>
  <xsd:simpleType name="ExceptionClassType">
    <xsd:restriction base="xsd:string">
      <xsd:enumeration value="ERROR"/>
      <xsd:enumeration value="WARNING"/>
      <xsd:enumeration value="INFO"/>
    </xsd:restriction>
  </xsd:simpleType>
  <xsd:simpleType name="ExceptionCodeType">
    <xsd:restriction base="xsd:string">
      <xsd:maxLength value="20"/>
    </xsd:restriction>
  </xsd:simpleType>
  <xsd:simpleType name="ExceptionSourceType">
    <xsd:restriction base="xsd:string">
      <xsd:maxLength value="20"/>
    </xsd:restriction>
  </xsd:simpleType>
  <xsd:simpleType name="ExceptionDescriptionType">
    <xsd:restriction base="xsd:string"/>
  </xsd:simpleType>
</xsd:schema>]]></con:content><con:type>http://www.w3.org/2001/XMLSchema</con:type></con:part></con:definitionCache><con:endpoints><con:endpoint>https://192.168.22.53:8443/services/CivilStatusDocumentService_v1.0</con:endpoint><con:endpoint>https://192.168.22.54:8443/services/CivilStatusDocumentService_v1.0</con:endpoint><con:endpoint>https://192.168.24.16:8443/services/CivilStatusDocumentService_v1.0</con:endpoint><con:endpoint>https://192.168.24.17:8443/services/CivilStatusDocumentService_v1.0</con:endpoint><con:endpoint>https://192.168.36.61:8243/services/CivilStatusDocumentService_v1.0</con:endpoint><con:endpoint>https://esb-security-gw.sta.srv.cirb.lan:8443/services/CivilStatusDocumentService_v1.0</con:endpoint><con:endpoint>https://fidus-esb-sg.sta.srv.cirb.lan:8443/services/CivilStatusDocumentService_v1.0</con:endpoint><con:endpoint>https://fidus-test.irisnetlab.be/services/CivilStatusDocumentService_v1.0</con:endpoint><con:endpoint>https://fidus.irisnetlab.be/services/CivilStatusDocumentService_v1.0</con:endpoint><con:endpoint>https://localhost:8243/services/CivilStatusDocumentService_v1.0</con:endpoint></con:endpoints><con:operation id="d1545dbc-5449-4ffa-a56b-2f468a1e6bf6" isOneWay="false" action="http://fidus.brussels/services/civilstatusdocumentservice/getCopyConform" name="getCopyConform" bindingOperationName="getCopyConform" type="Request-Response" inputName="" receivesAttachments="false" sendsAttachments="false" anonymous="optional"><con:settings/><con:call id="6c82efa6-eeba-438a-a894-c0f014937abb" name="1 - Local - Request" outgoingWss="Outflow DEV" incomingWss="Inflow DEV"><con:settings><con:setting id="com.eviware.soapui.impl.wsdl.WsdlRequest@request-headers">&lt;xml-fragment/></con:setting></con:settings><con:encoding>UTF-8</con:encoding><con:endpoint>https://localhost:8243/services/CivilStatusDocumentService_v1.0</con:endpoint><con:request><![CDATA[<soapenv:Envelope xmlns:soapenv="http://schemas.xmlsoap.org/soap/envelope/" xmlns:v1="http://fidus.brussels/service/civilstatusdocumentservice/messages/v1" xmlns:v11="http://fidus.brussels/type/common/messages/v1">
   <soapenv:Header/>
   <soapenv:Body>
      <v1:getCopyConformRequest>
         <v1:messageContext>
           <v11:messageId>${=import static java.util.UUID.randomUUID; uuid = randomUUID() as String}</v11:messageId>
            <v11:timestamp>${=new java.text.SimpleDateFormat("yyyy-MM-dd'T'HH:mm:ss.SSS").format(new Date())}</v11:timestamp>
         </v1:messageContext>
         <v1:legalContext>ServiceIntegrator</v1:legalContext>
         <v1:request>
            <v1:documentReference>20180000299194</v1:documentReference>
		  <v1:language>fr</v1:language>
		   <!--Optional:-->
            <v1:municipalityCode>d1051</v1:municipalityCode>
         </v1:request>
      </v1:getCopyConformRequest>
   </soapenv:Body>
</soapenv:Envelope>]]></con:request><con:credentials><con:selectedAuthProfile>Basic</con:selectedAuthProfile><con:addedBasicAuthenticationTypes>Basic</con:addedBasicAuthenticationTypes><con:authType>Global HTTP Settings</con:authType></con:credentials><con:jmsConfig JMSDeliveryMode="PERSISTENT"/><con:jmsPropertyConfig/><con:wsaConfig mustUnderstand="NONE" version="200508" action="http://fidus.brussels/services/civilstatusdocumentservice/getCopyConform"/><con:wsrmConfig version="1.2"/></con:call><con:call id="2a66c244-6a84-4566-895c-915f94dfbeb0" name="2 - Dev - Request" outgoingWss="Outflow DEV" incomingWss="Inflow DEV"><con:settings><con:setting id="com.eviware.soapui.impl.wsdl.WsdlRequest@request-headers">&lt;xml-fragment/></con:setting></con:settings><con:encoding>UTF-8</con:encoding><con:endpoint>https://192.168.36.61:8243/services/CivilStatusDocumentService_v1.0</con:endpoint><con:request><![CDATA[<soapenv:Envelope xmlns:soapenv="http://schemas.xmlsoap.org/soap/envelope/" xmlns:v1="http://fidus.brussels/service/civilstatusdocumentservice/messages/v1" xmlns:v11="http://fidus.brussels/type/common/messages/v1">
   <soapenv:Header/>
   <soapenv:Body>
      <v1:getCopyConformRequest>
         <v1:messageContext>
           <v11:messageId>${=import static java.util.UUID.randomUUID; uuid = randomUUID() as String}</v11:messageId>
            <v11:timestamp>${=new java.text.SimpleDateFormat("yyyy-MM-dd'T'HH:mm:ss.SSS").format(new Date())}</v11:timestamp>
         </v1:messageContext>
         <v1:legalContext>ServiceIntegrator</v1:legalContext>
         <v1:request>
            <v1:documentReference>20180000299194</v1:documentReference>
		  <v1:language>fr</v1:language>
		   <!--Optional:-->
            <v1:municipalityCode>d1051</v1:municipalityCode>
         </v1:request>
      </v1:getCopyConformRequest>
   </soapenv:Body>
</soapenv:Envelope>]]></con:request><con:credentials><con:selectedAuthProfile>Basic</con:selectedAuthProfile><con:addedBasicAuthenticationTypes>Basic</con:addedBasicAuthenticationTypes><con:authType>Global HTTP Settings</con:authType></con:credentials><con:jmsConfig JMSDeliveryMode="PERSISTENT"/><con:jmsPropertyConfig/><con:wsaConfig mustUnderstand="NONE" version="200508" action="http://fidus.brussels/services/civilstatusdocumentservice/getCopyConform"/><con:wsrmConfig version="1.2"/></con:call><con:call id="a96f6dc6-5929-4c3b-90c2-1851c6c57023" name="3 -Test - External - Request" outgoingWss="Outflow Test" incomingWss="Inflow Test"><con:settings><con:setting id="com.eviware.soapui.impl.wsdl.WsdlRequest@request-headers">&lt;xml-fragment/></con:setting></con:settings><con:encoding>UTF-8</con:encoding><con:endpoint>https://fidus-test.irisnetlab.be/services/CivilStatusDocumentService_v1.0</con:endpoint><con:request><![CDATA[<soapenv:Envelope xmlns:soapenv="http://schemas.xmlsoap.org/soap/envelope/" xmlns:v1="http://fidus.brussels/service/civilstatusdocumentservice/messages/v1" xmlns:v11="http://fidus.brussels/type/common/messages/v1">
   <soapenv:Header/>
   <soapenv:Body>
      <v1:getCopyConformRequest>
         <v1:messageContext>
           <v11:messageId>${=import static java.util.UUID.randomUUID; uuid = randomUUID() as String}</v11:messageId>
            <v11:timestamp>${=new java.text.SimpleDateFormat("yyyy-MM-dd'T'HH:mm:ss.SSS").format(new Date())}</v11:timestamp>
         </v1:messageContext>
         <v1:legalContext>ServiceIntegrator</v1:legalContext>
         <v1:request>
            <v1:documentReference>20180000299194</v1:documentReference>
		  <v1:language>fr</v1:language>
         </v1:request>
      </v1:getCopyConformRequest>
   </soapenv:Body>
</soapenv:Envelope>]]></con:request><con:credentials><con:selectedAuthProfile>Basic</con:selectedAuthProfile><con:addedBasicAuthenticationTypes>Basic</con:addedBasicAuthenticationTypes><con:authType>Global HTTP Settings</con:authType></con:credentials><con:jmsConfig JMSDeliveryMode="PERSISTENT"/><con:jmsPropertyConfig/><con:wsaConfig mustUnderstand="NONE" version="200508" action="http://fidus.brussels/services/civilstatusdocumentservice/getCopyConform"/><con:wsrmConfig version="1.2"/></con:call><con:call id="da8d812f-79e0-49d9-b9e8-ff700a43f963" name="3 -Test - LB - Request" outgoingWss="Outflow Test" incomingWss="Inflow Test"><con:settings><con:setting id="com.eviware.soapui.impl.wsdl.WsdlRequest@request-headers">&lt;xml-fragment/></con:setting></con:settings><con:encoding>UTF-8</con:encoding><con:endpoint>https://esb-security-gw.sta.srv.cirb.lan:8443/services/CivilStatusDocumentService_v1.0</con:endpoint><con:request><![CDATA[<soapenv:Envelope xmlns:soapenv="http://schemas.xmlsoap.org/soap/envelope/" xmlns:v1="http://fidus.brussels/service/civilstatusdocumentservice/messages/v1" xmlns:v11="http://fidus.brussels/type/common/messages/v1">
   <soapenv:Header/>
   <soapenv:Body>
      <v1:getCopyConformRequest>
         <v1:messageContext>
            <v11:messageId>${=import static java.util.UUID.randomUUID; uuid = randomUUID() as String}</v11:messageId>
            <v11:timestamp>${=new java.text.SimpleDateFormat("yyyy-MM-dd'T'HH:mm:ss.SSS").format(new Date())}</v11:timestamp>
         </v1:messageContext>
         <v1:legalContext>ServiceIntegrator</v1:legalContext>
         <v1:request>
            <v1:documentReference>20180000299194</v1:documentReference>
            <v1:language>fr</v1:language>
         </v1:request>
      </v1:getCopyConformRequest>
   </soapenv:Body>
</soapenv:Envelope>]]></con:request><con:credentials><con:selectedAuthProfile>Basic</con:selectedAuthProfile><con:addedBasicAuthenticationTypes>Basic</con:addedBasicAuthenticationTypes><con:authType>Global HTTP Settings</con:authType></con:credentials><con:jmsConfig JMSDeliveryMode="PERSISTENT"/><con:jmsPropertyConfig/><con:wsaConfig mustUnderstand="NONE" version="200508" action="http://fidus.brussels/services/civilstatusdocumentservice/getCopyConform"/><con:wsrmConfig version="1.2"/></con:call><con:call id="e73739de-afb1-4cf2-a805-2c7cf15bf3ed" name="3 -Test - Worker1 - Request" outgoingWss="Outflow Test" incomingWss="Inflow Test"><con:settings><con:setting id="com.eviware.soapui.impl.wsdl.WsdlRequest@request-headers">&lt;xml-fragment/></con:setting></con:settings><con:encoding>UTF-8</con:encoding><con:endpoint>https://192.168.22.53:8443/services/CivilStatusDocumentService_v1.0</con:endpoint><con:request><![CDATA[<soapenv:Envelope xmlns:soapenv="http://schemas.xmlsoap.org/soap/envelope/" xmlns:v1="http://fidus.brussels/service/civilstatusdocumentservice/messages/v1" xmlns:v11="http://fidus.brussels/type/common/messages/v1">
   <soapenv:Header/>
   <soapenv:Body>
      <v1:getCopyConformRequest>
         <v1:messageContext>
           <v11:messageId>${=import static java.util.UUID.randomUUID; uuid = randomUUID() as String}</v11:messageId>
            <v11:timestamp>${=new java.text.SimpleDateFormat("yyyy-MM-dd'T'HH:mm:ss.SSS").format(new Date())}</v11:timestamp>
         </v1:messageContext>
         <v1:legalContext>ServiceIntegrator</v1:legalContext>
         <v1:request>
            <v1:documentReference>20180000299194</v1:documentReference>
		  <v1:language>fr</v1:language>
         </v1:request>
      </v1:getCopyConformRequest>
   </soapenv:Body>
</soapenv:Envelope>]]></con:request><con:credentials><con:selectedAuthProfile>Basic</con:selectedAuthProfile><con:addedBasicAuthenticationTypes>Basic</con:addedBasicAuthenticationTypes><con:authType>Global HTTP Settings</con:authType></con:credentials><con:jmsConfig JMSDeliveryMode="PERSISTENT"/><con:jmsPropertyConfig/><con:wsaConfig mustUnderstand="NONE" version="200508" action="http://fidus.brussels/services/civilstatusdocumentservice/getCopyConform"/><con:wsrmConfig version="1.2"/></con:call><con:call id="8918ba29-b5d4-48b8-8b59-c00b66334432" name="3 -Test - Worker2 - Request" outgoingWss="Outflow Test" incomingWss="Inflow Test"><con:settings><con:setting id="com.eviware.soapui.impl.wsdl.WsdlRequest@request-headers">&lt;xml-fragment/></con:setting></con:settings><con:encoding>UTF-8</con:encoding><con:endpoint>https://192.168.22.54:8443/services/CivilStatusDocumentService_v1.0</con:endpoint><con:request><![CDATA[<soapenv:Envelope xmlns:soapenv="http://schemas.xmlsoap.org/soap/envelope/" xmlns:v1="http://fidus.brussels/service/civilstatusdocumentservice/messages/v1" xmlns:v11="http://fidus.brussels/type/common/messages/v1">
   <soapenv:Header/>
   <soapenv:Body>
      <v1:getCopyConformRequest>
         <v1:messageContext>
           <v11:messageId>${=import static java.util.UUID.randomUUID; uuid = randomUUID() as String}</v11:messageId>
            <v11:timestamp>${=new java.text.SimpleDateFormat("yyyy-MM-dd'T'HH:mm:ss.SSS").format(new Date())}</v11:timestamp>
         </v1:messageContext>
         <v1:legalContext>ServiceIntegrator</v1:legalContext>
         <v1:request>
            <v1:documentReference>20180000299194</v1:documentReference>
		  <v1:language>fr</v1:language>
         </v1:request>
      </v1:getCopyConformRequest>
   </soapenv:Body>
</soapenv:Envelope>]]></con:request><con:credentials><con:selectedAuthProfile>Basic</con:selectedAuthProfile><con:addedBasicAuthenticationTypes>Basic</con:addedBasicAuthenticationTypes><con:authType>Global HTTP Settings</con:authType></con:credentials><con:jmsConfig JMSDeliveryMode="PERSISTENT"/><con:jmsPropertyConfig/><con:wsaConfig mustUnderstand="NONE" version="200508" action="http://fidus.brussels/services/civilstatusdocumentservice/getCopyConform"/><con:wsrmConfig version="1.2"/></con:call><con:call id="c4f493ae-c50e-450d-84b0-921fea859fec" name="4 -Staging - External - Request" outgoingWss="Outflow Staging" incomingWss="inflow staging"><con:settings><con:setting id="com.eviware.soapui.impl.wsdl.WsdlRequest@request-headers">&lt;xml-fragment/></con:setting></con:settings><con:encoding>UTF-8</con:encoding><con:endpoint>https://fidus.irisnetlab.be/services/CivilStatusDocumentService_v1.0</con:endpoint><con:request><![CDATA[<soapenv:Envelope xmlns:soapenv="http://schemas.xmlsoap.org/soap/envelope/" xmlns:v1="http://fidus.brussels/service/civilstatusdocumentservice/messages/v1" xmlns:v11="http://fidus.brussels/type/common/messages/v1">
   <soapenv:Header/>
   <soapenv:Body>
      <v1:getCopyConformRequest>
         <v1:messageContext>
           <v11:messageId>${=import static java.util.UUID.randomUUID; uuid = randomUUID() as String}</v11:messageId>
            <v11:timestamp>${=new java.text.SimpleDateFormat("yyyy-MM-dd'T'HH:mm:ss.SSS").format(new Date())}</v11:timestamp>
         </v1:messageContext>
         <v1:legalContext>ServiceIntegrator</v1:legalContext>
         <v1:request>
            <v1:documentReference>20180000299194</v1:documentReference>
		  <v1:language>fr</v1:language>
         </v1:request>
      </v1:getCopyConformRequest>
   </soapenv:Body>
</soapenv:Envelope>]]></con:request><con:credentials><con:selectedAuthProfile>Basic</con:selectedAuthProfile><con:addedBasicAuthenticationTypes>Basic</con:addedBasicAuthenticationTypes><con:authType>Global HTTP Settings</con:authType></con:credentials><con:jmsConfig JMSDeliveryMode="PERSISTENT"/><con:jmsPropertyConfig/><con:wsaConfig mustUnderstand="NONE" version="200508" action="http://fidus.brussels/services/civilstatusdocumentservice/getCopyConform"/><con:wsrmConfig version="1.2"/></con:call><con:call id="900907c1-1b67-4486-bee7-3193ee85f30c" name="4 -Staging - LB - Request" outgoingWss="Outflow Staging" incomingWss="inflow staging"><con:settings><con:setting id="com.eviware.soapui.impl.wsdl.WsdlRequest@request-headers">&lt;xml-fragment/></con:setting></con:settings><con:encoding>UTF-8</con:encoding><con:endpoint>https://fidus-esb-sg.sta.srv.cirb.lan:8443/services/CivilStatusDocumentService_v1.0</con:endpoint><con:request><![CDATA[<soapenv:Envelope xmlns:soapenv="http://schemas.xmlsoap.org/soap/envelope/" xmlns:v1="http://fidus.brussels/service/civilstatusdocumentservice/messages/v1" xmlns:v11="http://fidus.brussels/type/common/messages/v1">
   <soapenv:Header/>
   <soapenv:Body>
      <v1:getCopyConformRequest>
         <v1:messageContext>
           <v11:messageId>${=import static java.util.UUID.randomUUID; uuid = randomUUID() as String}</v11:messageId>
            <v11:timestamp>${=new java.text.SimpleDateFormat("yyyy-MM-dd'T'HH:mm:ss.SSS").format(new Date())}</v11:timestamp>
         </v1:messageContext>
         <v1:legalContext>ServiceIntegrator</v1:legalContext>
         <v1:request>
            <v1:documentReference>20180000299194</v1:documentReference>
		  <v1:language>fr</v1:language>
         </v1:request>
      </v1:getCopyConformRequest>
   </soapenv:Body>
</soapenv:Envelope>]]></con:request><con:credentials><con:selectedAuthProfile>Basic</con:selectedAuthProfile><con:addedBasicAuthenticationTypes>Basic</con:addedBasicAuthenticationTypes><con:authType>Global HTTP Settings</con:authType></con:credentials><con:jmsConfig JMSDeliveryMode="PERSISTENT"/><con:jmsPropertyConfig/><con:wsaConfig mustUnderstand="NONE" version="200508" action="http://fidus.brussels/services/civilstatusdocumentservice/getCopyConform"/><con:wsrmConfig version="1.2"/></con:call><con:call id="8cb45755-fa6b-4d23-a909-e82c2203cfdf" name="4 -Staging - worker1 - Request" outgoingWss="Outflow Staging" incomingWss="inflow staging"><con:settings><con:setting id="com.eviware.soapui.impl.wsdl.WsdlRequest@request-headers">&lt;xml-fragment/></con:setting></con:settings><con:encoding>UTF-8</con:encoding><con:endpoint>https://192.168.24.16:8443/services/CivilStatusDocumentService_v1.0</con:endpoint><con:request><![CDATA[<soapenv:Envelope xmlns:soapenv="http://schemas.xmlsoap.org/soap/envelope/" xmlns:v1="http://fidus.brussels/service/civilstatusdocumentservice/messages/v1" xmlns:v11="http://fidus.brussels/type/common/messages/v1">
   <soapenv:Header/>
   <soapenv:Body>
      <v1:getCopyConformRequest>
         <v1:messageContext>
           <v11:messageId>${=import static java.util.UUID.randomUUID; uuid = randomUUID() as String}</v11:messageId>
            <!--Optional:-->
            <v11:timestamp>${=new java.text.SimpleDateFormat("yyyy-MM-dd'T'HH:mm:ss.SSS").format(new Date())}</v11:timestamp>
         </v1:messageContext>
         <v1:legalContext>ServiceIntegrator</v1:legalContext>
         <v1:request>
            <v1:documentReference>20180000299194</v1:documentReference>
            <v1:language>fr</v1:language>
            <!--Optional:-->
            <v1:municipalityCode>01050</v1:municipalityCode>
         </v1:request>
      </v1:getCopyConformRequest>
   </soapenv:Body>
</soapenv:Envelope>]]></con:request><con:credentials><con:selectedAuthProfile>Basic</con:selectedAuthProfile><con:addedBasicAuthenticationTypes>Basic</con:addedBasicAuthenticationTypes><con:authType>Global HTTP Settings</con:authType></con:credentials><con:jmsConfig JMSDeliveryMode="PERSISTENT"/><con:jmsPropertyConfig/><con:wsaConfig mustUnderstand="NONE" version="200508" action="http://fidus.brussels/services/civilstatusdocumentservice/getCopyConform"/><con:wsrmConfig version="1.2"/></con:call><con:call id="940d75a4-5b52-4911-a6d9-ea4bcd561d33" name="4 -Staging - worker2 - Request" outgoingWss="Outflow Staging" incomingWss="inflow staging"><con:settings><con:setting id="com.eviware.soapui.impl.wsdl.WsdlRequest@request-headers">&lt;xml-fragment/></con:setting></con:settings><con:encoding>UTF-8</con:encoding><con:endpoint>https://192.168.24.17:8443/services/CivilStatusDocumentService_v1.0</con:endpoint><con:request><![CDATA[<soapenv:Envelope xmlns:soapenv="http://schemas.xmlsoap.org/soap/envelope/" xmlns:v1="http://fidus.brussels/service/civilstatusdocumentservice/messages/v1" xmlns:v11="http://fidus.brussels/type/common/messages/v1">
   <soapenv:Header/>
   <soapenv:Body>
      <v1:getCopyConformRequest>
         <v1:messageContext>
           <v11:messageId>${=import static java.util.UUID.randomUUID; uuid = randomUUID() as String}</v11:messageId>
            <!--Optional:-->
            <v11:timestamp>${=new java.text.SimpleDateFormat("yyyy-MM-dd'T'HH:mm:ss.SSS").format(new Date())}</v11:timestamp>
         </v1:messageContext>
         <v1:legalContext>ServiceIntegrator</v1:legalContext>
         <v1:request>
            <v1:documentReference>20180000299194</v1:documentReference>
            <v1:language>fr</v1:language>
            <!--Optional:-->
         </v1:request>
      </v1:getCopyConformRequest>
   </soapenv:Body>
</soapenv:Envelope>]]></con:request><con:credentials><con:selectedAuthProfile>Basic</con:selectedAuthProfile><con:addedBasicAuthenticationTypes>Basic</con:addedBasicAuthenticationTypes><con:authType>Global HTTP Settings</con:authType></con:credentials><con:jmsConfig JMSDeliveryMode="PERSISTENT"/><con:jmsPropertyConfig/><con:wsaConfig mustUnderstand="NONE" version="200508" action="http://fidus.brussels/services/civilstatusdocumentservice/getCopyConform"/><con:wsrmConfig version="1.2"/></con:call></con:operation><con:operation id="4799dec7-a879-49a5-8b79-16ca2a43c5c0" isOneWay="false" action="http://fidus.brussels/services/civilstatusdocumentservice/getCopyConformAsPdf" name="getCopyConformAsPdf" bindingOperationName="getCopyConformAsPdf" type="Request-Response" inputName="" receivesAttachments="false" sendsAttachments="false" anonymous="optional"><con:settings/><con:call id="b69b33bd-1bac-4ba4-bbd9-6edb3877db0f" name="1 - Local - Request" outgoingWss="Outflow DEV" incomingWss="Inflow DEV"><con:settings><con:setting id="com.eviware.soapui.impl.wsdl.WsdlRequest@request-headers">&lt;xml-fragment/></con:setting></con:settings><con:encoding>UTF-8</con:encoding><con:endpoint>https://192.168.22.53:8443/services/CivilStatusDocumentService_v1.0</con:endpoint><con:request><![CDATA[<soapenv:Envelope xmlns:soapenv="http://schemas.xmlsoap.org/soap/envelope/" xmlns:v1="http://fidus.brussels/service/civilstatusdocumentservice/messages/v1" xmlns:v11="http://fidus.brussels/type/common/messages/v1">
   <soapenv:Header/>
   <soapenv:Body>
      <v1:getCopyConformAsPdfRequest>
         <v1:messageContext>
           <v11:messageId>${=import static java.util.UUID.randomUUID; uuid = randomUUID() as String}</v11:messageId>
            <v11:timestamp>${=new java.text.SimpleDateFormat("yyyy-MM-dd'T'HH:mm:ss.SSS").format(new Date())}</v11:timestamp>
         </v1:messageContext>
         <v1:legalContext>ServiceIntegrator</v1:legalContext>
         <v1:request>
            <v1:documentReference>20180000299194</v1:documentReference>
         	  <v1:language>fr</v1:language>
         	  <v1:municipalityCode>01050</v1:municipalityCode>
         </v1:request>
      </v1:getCopyConformAsPdfRequest>
   </soapenv:Body>
</soapenv:Envelope>]]></con:request><con:credentials><con:selectedAuthProfile>Basic</con:selectedAuthProfile><con:addedBasicAuthenticationTypes>Basic</con:addedBasicAuthenticationTypes><con:authType>Global HTTP Settings</con:authType></con:credentials><con:jmsConfig JMSDeliveryMode="PERSISTENT"/><con:jmsPropertyConfig/><con:wsaConfig mustUnderstand="NONE" version="200508" action="http://fidus.brussels/services/civilstatusdocumentservice/getCopyConformAsPdf"/><con:wsrmConfig version="1.2"/></con:call><con:call id="e1c3a29f-debb-4cb4-89f3-6dcd8a8179d2" name="2 - Dev - Request" outgoingWss="Outflow DEV" incomingWss="Inflow DEV"><con:settings><con:setting id="com.eviware.soapui.impl.wsdl.WsdlRequest@request-headers">&lt;xml-fragment/></con:setting></con:settings><con:encoding>UTF-8</con:encoding><con:endpoint>https://192.168.22.53:8443/services/CivilStatusDocumentService_v1.0</con:endpoint><con:request><![CDATA[<soapenv:Envelope xmlns:soapenv="http://schemas.xmlsoap.org/soap/envelope/" xmlns:v1="http://fidus.brussels/service/civilstatusdocumentservice/messages/v1" xmlns:v11="http://fidus.brussels/type/common/messages/v1">
   <soapenv:Header/>
   <soapenv:Body>
      <v1:getCopyConformAsPdfRequest>
         <v1:messageContext>
           <v11:messageId>${=import static java.util.UUID.randomUUID; uuid = randomUUID() as String}</v11:messageId>
            <v11:timestamp>${=new java.text.SimpleDateFormat("yyyy-MM-dd'T'HH:mm:ss.SSS").format(new Date())}</v11:timestamp>
         </v1:messageContext>
         <v1:legalContext>ServiceIntegrator</v1:legalContext>
         <v1:request>
            <v1:documentReference>20180000299194</v1:documentReference>
         	  <v1:language>fr</v1:language>
         	  <v1:municipalityCode>d1051</v1:municipalityCode>
         </v1:request>
      </v1:getCopyConformAsPdfRequest>
   </soapenv:Body>
</soapenv:Envelope>]]></con:request><con:credentials><con:selectedAuthProfile>Basic</con:selectedAuthProfile><con:addedBasicAuthenticationTypes>Basic</con:addedBasicAuthenticationTypes><con:authType>Global HTTP Settings</con:authType></con:credentials><con:jmsConfig JMSDeliveryMode="PERSISTENT"/><con:jmsPropertyConfig/><con:wsaConfig mustUnderstand="NONE" version="200508" action="http://fidus.brussels/services/civilstatusdocumentservice/getCopyConformAsPdf"/><con:wsrmConfig version="1.2"/></con:call><con:call id="07f5b3a0-d3e6-44f8-a62e-9d7e6592b966" name="3 -Test - External - Request" outgoingWss="Outflow Test" incomingWss="Inflow Test"><con:settings><con:setting id="com.eviware.soapui.impl.wsdl.WsdlRequest@request-headers">&lt;xml-fragment/></con:setting></con:settings><con:encoding>UTF-8</con:encoding><con:endpoint>https://192.168.22.53:8443/services/CivilStatusDocumentService_v1.0</con:endpoint><con:request><![CDATA[<soapenv:Envelope xmlns:soapenv="http://schemas.xmlsoap.org/soap/envelope/" xmlns:v1="http://fidus.brussels/service/civilstatusdocumentservice/messages/v1" xmlns:v11="http://fidus.brussels/type/common/messages/v1">
   <soapenv:Header/>
   <soapenv:Body>
      <v1:getCopyConformAsPdfRequest>
         <v1:messageContext>
           <v11:messageId>${=import static java.util.UUID.randomUUID; uuid = randomUUID() as String}</v11:messageId>
            <!--Optional:-->
            <v11:timestamp>${=new java.text.SimpleDateFormat("yyyy-MM-dd'T'HH:mm:ss.SSS").format(new Date())}</v11:timestamp>
         </v1:messageContext>
         <v1:legalContext>ServiceIntegrator</v1:legalContext>
         <v1:request>
            <v1:documentReference>20180000299194</v1:documentReference>
            <v1:language>fr</v1:language>
            <!--Optional:-->
            <v1:municipalityCode>01050</v1:municipalityCode>
         </v1:request>
      </v1:getCopyConformAsPdfRequest>
   </soapenv:Body>
</soapenv:Envelope>]]></con:request><con:credentials><con:selectedAuthProfile>Basic</con:selectedAuthProfile><con:addedBasicAuthenticationTypes>Basic</con:addedBasicAuthenticationTypes><con:authType>Global HTTP Settings</con:authType></con:credentials><con:jmsConfig JMSDeliveryMode="PERSISTENT"/><con:jmsPropertyConfig/><con:wsaConfig mustUnderstand="NONE" version="200508" action="http://fidus.brussels/services/civilstatusdocumentservice/getCopyConformAsPdf"/><con:wsrmConfig version="1.2"/></con:call><con:call id="9aed37b4-2874-43b7-aa01-19a8662ddc1d" name="3 -Test - LB - Request" outgoingWss="Outflow Test" incomingWss="Inflow Test"><con:settings><con:setting id="com.eviware.soapui.impl.wsdl.WsdlRequest@request-headers">&lt;xml-fragment/></con:setting></con:settings><con:encoding>UTF-8</con:encoding><con:endpoint>https://esb-security-gw.sta.srv.cirb.lan:8443/services/CivilStatusDocumentService_v1.0</con:endpoint><con:request><![CDATA[<soapenv:Envelope xmlns:soapenv="http://schemas.xmlsoap.org/soap/envelope/" xmlns:v1="http://fidus.brussels/service/civilstatusdocumentservice/messages/v1" xmlns:v11="http://fidus.brussels/type/common/messages/v1">
   <soapenv:Header/>
   <soapenv:Body>
      <v1:getCopyConformAsPdfRequest>
         <v1:messageContext>
           <v11:messageId>${=import static java.util.UUID.randomUUID; uuid = randomUUID() as String}</v11:messageId>
            <v11:timestamp>${=new java.text.SimpleDateFormat("yyyy-MM-dd'T'HH:mm:ss.SSS").format(new Date())}</v11:timestamp>
         </v1:messageContext>
         <v1:legalContext>ServiceIntegrator</v1:legalContext>
         <v1:request>
            <v1:documentReference>20180000299194</v1:documentReference>
         	  <v1:language>fr</v1:language>
         </v1:request>
      </v1:getCopyConformAsPdfRequest>
   </soapenv:Body>
</soapenv:Envelope>]]></con:request><con:credentials><con:selectedAuthProfile>Basic</con:selectedAuthProfile><con:addedBasicAuthenticationTypes>Basic</con:addedBasicAuthenticationTypes><con:authType>Global HTTP Settings</con:authType></con:credentials><con:jmsConfig JMSDeliveryMode="PERSISTENT"/><con:jmsPropertyConfig/><con:wsaConfig mustUnderstand="NONE" version="200508" action="http://fidus.brussels/services/civilstatusdocumentservice/getCopyConformAsPdf"/><con:wsrmConfig version="1.2"/></con:call><con:call id="9e458883-5916-4d09-8bad-8da4d6b6c1ad" name="3 -Test - Worker1 - Request" outgoingWss="Outflow Test" incomingWss="Inflow Test"><con:settings><con:setting id="com.eviware.soapui.impl.wsdl.WsdlRequest@request-headers">&lt;xml-fragment/></con:setting></con:settings><con:encoding>UTF-8</con:encoding><con:endpoint>https://192.168.22.53:8443/services/CivilStatusDocumentService_v1.0</con:endpoint><con:request><![CDATA[<soapenv:Envelope xmlns:soapenv="http://schemas.xmlsoap.org/soap/envelope/" xmlns:v1="http://fidus.brussels/service/civilstatusdocumentservice/messages/v1" xmlns:v11="http://fidus.brussels/type/common/messages/v1">
   <soapenv:Header/>
   <soapenv:Body>
      <v1:getCopyConformAsPdfRequest>
         <v1:messageContext>
           <v11:messageId>${=import static java.util.UUID.randomUUID; uuid = randomUUID() as String}</v11:messageId>
            <v11:timestamp>${=new java.text.SimpleDateFormat("yyyy-MM-dd'T'HH:mm:ss.SSS").format(new Date())}</v11:timestamp>
         </v1:messageContext>
         <v1:legalContext>ServiceIntegrator</v1:legalContext>
         <v1:request>
            <v1:documentReference>20180000299194</v1:documentReference>
         	  <v1:language>fr</v1:language>
         </v1:request>
      </v1:getCopyConformAsPdfRequest>
   </soapenv:Body>
</soapenv:Envelope>]]></con:request><con:credentials><con:selectedAuthProfile>Basic</con:selectedAuthProfile><con:addedBasicAuthenticationTypes>Basic</con:addedBasicAuthenticationTypes><con:authType>Global HTTP Settings</con:authType></con:credentials><con:jmsConfig JMSDeliveryMode="PERSISTENT"/><con:jmsPropertyConfig/><con:wsaConfig mustUnderstand="NONE" version="200508" action="http://fidus.brussels/services/civilstatusdocumentservice/getCopyConformAsPdf"/><con:wsrmConfig version="1.2"/></con:call><con:call id="a83aee0c-4139-4a53-b5d2-ef651da9e9b3" name="3 -Test - Worker2 - Request" outgoingWss="Outflow Test" incomingWss="Inflow Test"><con:settings><con:setting id="com.eviware.soapui.impl.wsdl.WsdlRequest@request-headers">&lt;xml-fragment/></con:setting></con:settings><con:encoding>UTF-8</con:encoding><con:endpoint>https://192.168.22.54:8443/services/CivilStatusDocumentService_v1.0</con:endpoint><con:request><![CDATA[<soapenv:Envelope xmlns:soapenv="http://schemas.xmlsoap.org/soap/envelope/" xmlns:v1="http://fidus.brussels/service/civilstatusdocumentservice/messages/v1" xmlns:v11="http://fidus.brussels/type/common/messages/v1">
   <soapenv:Header/>
   <soapenv:Body>
      <v1:getCopyConformAsPdfRequest>
         <v1:messageContext>
           <v11:messageId>${=import static java.util.UUID.randomUUID; uuid = randomUUID() as String}</v11:messageId>
            <v11:timestamp>${=new java.text.SimpleDateFormat("yyyy-MM-dd'T'HH:mm:ss.SSS").format(new Date())}</v11:timestamp>
         </v1:messageContext>
         <v1:legalContext>ServiceIntegrator</v1:legalContext>
         <v1:request>
            <v1:documentReference>20180000299194</v1:documentReference>
         	  <v1:language>fr</v1:language>
         </v1:request>
      </v1:getCopyConformAsPdfRequest>
   </soapenv:Body>
</soapenv:Envelope>]]></con:request><con:credentials><con:selectedAuthProfile>Basic</con:selectedAuthProfile><con:addedBasicAuthenticationTypes>Basic</con:addedBasicAuthenticationTypes><con:authType>Global HTTP Settings</con:authType></con:credentials><con:jmsConfig JMSDeliveryMode="PERSISTENT"/><con:jmsPropertyConfig/><con:wsaConfig mustUnderstand="NONE" version="200508" action="http://fidus.brussels/services/civilstatusdocumentservice/getCopyConformAsPdf"/><con:wsrmConfig version="1.2"/></con:call><con:call id="626f30a3-42a9-4c8c-a1c1-7b945b9274dd" name="4 - Staging - Worker2 - Request"><con:settings><con:setting id="com.eviware.soapui.impl.wsdl.WsdlRequest@request-headers">&lt;xml-fragment/></con:setting></con:settings><con:encoding>UTF-8</con:encoding><con:endpoint>https://192.168.24.17:8443/services/CivilStatusDocumentService_v1.0</con:endpoint><con:request><![CDATA[<soapenv:Envelope xmlns:soapenv="http://schemas.xmlsoap.org/soap/envelope/" xmlns:v1="http://fidus.brussels/service/civilstatusdocumentservice/messages/v1" xmlns:v11="http://fidus.brussels/type/common/messages/v1">
   <soapenv:Header/>
   <soapenv:Body>
      <v1:getCopyConformAsPdfRequest>
         <v1:messageContext>
           <v11:messageId>${=import static java.util.UUID.randomUUID; uuid = randomUUID() as String}</v11:messageId>
            <v11:timestamp>${=new java.text.SimpleDateFormat("yyyy-MM-dd'T'HH:mm:ss.SSS").format(new Date())}</v11:timestamp>
         </v1:messageContext>
         <v1:legalContext>ServiceIntegrator</v1:legalContext>
         <v1:request>
            <v1:documentReference>20180000299194</v1:documentReference>
         	  <v1:language>fr</v1:language>
         </v1:request>
      </v1:getCopyConformAsPdfRequest>
   </soapenv:Body>
</soapenv:Envelope>]]></con:request><con:credentials><con:selectedAuthProfile>Basic</con:selectedAuthProfile><con:addedBasicAuthenticationTypes>Basic</con:addedBasicAuthenticationTypes><con:authType>Global HTTP Settings</con:authType></con:credentials><con:jmsConfig JMSDeliveryMode="PERSISTENT"/><con:jmsPropertyConfig/><con:wsaConfig mustUnderstand="NONE" version="200508" action="http://fidus.brussels/services/civilstatusdocumentservice/getCopyConformAsPdf"/><con:wsrmConfig version="1.2"/></con:call><con:call id="dbe97484-ba63-4c33-8d17-5295b08edf4f" name="4 - Staging - Worker1 - Request"><con:settings><con:setting id="com.eviware.soapui.impl.wsdl.WsdlRequest@request-headers">&lt;xml-fragment/></con:setting></con:settings><con:encoding>UTF-8</con:encoding><con:endpoint>https://192.168.24.16:8443/services/CivilStatusDocumentService_v1.0</con:endpoint><con:request><![CDATA[<soapenv:Envelope xmlns:soapenv="http://schemas.xmlsoap.org/soap/envelope/" xmlns:v1="http://fidus.brussels/service/civilstatusdocumentservice/messages/v1" xmlns:v11="http://fidus.brussels/type/common/messages/v1">
   <soapenv:Header/>
   <soapenv:Body>
      <v1:getCopyConformAsPdfRequest>
         <v1:messageContext>
           <v11:messageId>${=import static java.util.UUID.randomUUID; uuid = randomUUID() as String}</v11:messageId>
            <v11:timestamp>${=new java.text.SimpleDateFormat("yyyy-MM-dd'T'HH:mm:ss.SSS").format(new Date())}</v11:timestamp>
         </v1:messageContext>
         <v1:legalContext>ServiceIntegrator</v1:legalContext>
         <v1:request>
            <v1:documentReference>20180000299194</v1:documentReference>
         	  <v1:language>fr</v1:language>
         </v1:request>
      </v1:getCopyConformAsPdfRequest>
   </soapenv:Body>
</soapenv:Envelope>]]></con:request><con:credentials><con:selectedAuthProfile>Basic</con:selectedAuthProfile><con:addedBasicAuthenticationTypes>Basic</con:addedBasicAuthenticationTypes><con:authType>Global HTTP Settings</con:authType></con:credentials><con:jmsConfig JMSDeliveryMode="PERSISTENT"/><con:jmsPropertyConfig/><con:wsaConfig mustUnderstand="NONE" version="200508" action="http://fidus.brussels/services/civilstatusdocumentservice/getCopyConformAsPdf"/><con:wsrmConfig version="1.2"/></con:call><con:call id="422f2a1f-82f7-43c8-bab2-c51454b4a841" name="4 - Staging - External - Request"><con:settings><con:setting id="com.eviware.soapui.impl.wsdl.WsdlRequest@request-headers">&lt;xml-fragment/></con:setting></con:settings><con:encoding>UTF-8</con:encoding><con:endpoint>https://fidus.irisnetlab.be/services/CivilStatusDocumentService_v1.0</con:endpoint><con:request><![CDATA[<soapenv:Envelope xmlns:soapenv="http://schemas.xmlsoap.org/soap/envelope/" xmlns:v1="http://fidus.brussels/service/civilstatusdocumentservice/messages/v1" xmlns:v11="http://fidus.brussels/type/common/messages/v1">
   <soapenv:Header/>
   <soapenv:Body>
      <v1:getCopyConformAsPdfRequest>
         <v1:messageContext>
           <v11:messageId>${=import static java.util.UUID.randomUUID; uuid = randomUUID() as String}</v11:messageId>
            <v11:timestamp>${=new java.text.SimpleDateFormat("yyyy-MM-dd'T'HH:mm:ss.SSS").format(new Date())}</v11:timestamp>
         </v1:messageContext>
         <v1:legalContext>ServiceIntegrator</v1:legalContext>
         <v1:request>
            <v1:documentReference>20180000299194</v1:documentReference>
         	  <v1:language>fr</v1:language>
         </v1:request>
      </v1:getCopyConformAsPdfRequest>
   </soapenv:Body>
</soapenv:Envelope>]]></con:request><con:credentials><con:selectedAuthProfile>Basic</con:selectedAuthProfile><con:addedBasicAuthenticationTypes>Basic</con:addedBasicAuthenticationTypes><con:authType>Global HTTP Settings</con:authType></con:credentials><con:jmsConfig JMSDeliveryMode="PERSISTENT"/><con:jmsPropertyConfig/><con:wsaConfig mustUnderstand="NONE" version="200508" action="http://fidus.brussels/services/civilstatusdocumentservice/getCopyConformAsPdf"/><con:wsrmConfig version="1.2"/></con:call><con:call id="5e1020a2-e422-47a8-ab7c-997f294ec4fb" name="4 - Staging - LB - Request"><con:settings><con:setting id="com.eviware.soapui.impl.wsdl.WsdlRequest@request-headers">&lt;xml-fragment/></con:setting></con:settings><con:encoding>UTF-8</con:encoding><con:endpoint>https://fidus-esb-sg.sta.srv.cirb.lan:8443/services/CivilStatusDocumentService_v1.0</con:endpoint><con:request><![CDATA[<soapenv:Envelope xmlns:soapenv="http://schemas.xmlsoap.org/soap/envelope/" xmlns:v1="http://fidus.brussels/service/civilstatusdocumentservice/messages/v1" xmlns:v11="http://fidus.brussels/type/common/messages/v1">
   <soapenv:Header/>
   <soapenv:Body>
      <v1:getCopyConformAsPdfRequest>
         <v1:messageContext>
           <v11:messageId>${=import static java.util.UUID.randomUUID; uuid = randomUUID() as String}</v11:messageId>
            <v11:timestamp>${=new java.text.SimpleDateFormat("yyyy-MM-dd'T'HH:mm:ss.SSS").format(new Date())}</v11:timestamp>
         </v1:messageContext>
         <v1:legalContext>ServiceIntegrator</v1:legalContext>
         <v1:request>
            <v1:documentReference>20180000299194</v1:documentReference>
         	  <v1:language>fr</v1:language>
         </v1:request>
      </v1:getCopyConformAsPdfRequest>
   </soapenv:Body>
</soapenv:Envelope>]]></con:request><con:credentials><con:selectedAuthProfile>Basic</con:selectedAuthProfile><con:addedBasicAuthenticationTypes>Basic</con:addedBasicAuthenticationTypes><con:authType>Global HTTP Settings</con:authType></con:credentials><con:jmsConfig JMSDeliveryMode="PERSISTENT"/><con:jmsPropertyConfig/><con:wsaConfig mustUnderstand="NONE" version="200508" action="http://fidus.brussels/services/civilstatusdocumentservice/getCopyConformAsPdf"/><con:wsrmConfig version="1.2"/></con:call></con:operation><con:operation id="1b6e3d64-ab18-4805-9856-0d3f0501f5ad" isOneWay="false" action="http://fidus.brussels/services/civilstatusdocumentservice/getDocument" name="getDocument" bindingOperationName="getDocument" type="Request-Response" inputName="" receivesAttachments="false" sendsAttachments="false" anonymous="optional"><con:settings/><con:call id="4c92f8cb-ccea-4d28-b382-9a839c6eba83" name="1 - Local - Request" outgoingWss="Outflow DEV" incomingWss="Inflow DEV"><con:settings><con:setting id="com.eviware.soapui.impl.wsdl.WsdlRequest@request-headers">&lt;xml-fragment/></con:setting></con:settings><con:encoding>UTF-8</con:encoding><con:endpoint>https://192.168.22.53:8443/services/CivilStatusDocumentService_v1.0</con:endpoint><con:request><![CDATA[<soapenv:Envelope xmlns:soapenv="http://schemas.xmlsoap.org/soap/envelope/" xmlns:v1="http://fidus.brussels/service/civilstatusdocumentservice/messages/v1" xmlns:v11="http://fidus.brussels/type/common/messages/v1">
   <soapenv:Header/>
   <soapenv:Body>
      <v1:getDocumentRequest>
         <v1:messageContext>
           <v11:messageId>${=import static java.util.UUID.randomUUID; uuid = randomUUID() as String}</v11:messageId>
            <v11:timestamp>${=new java.text.SimpleDateFormat("yyyy-MM-dd'T'HH:mm:ss.SSS").format(new Date())}</v11:timestamp>
         </v1:messageContext>
         <v1:legalContext>ServiceIntegrator</v1:legalContext>
         <v1:request>
            <v1:documentReference>201800002991940</v1:documentReference>
            <v1:language>fr</v1:language>
            <v1:municipalityCode>d1051</v1:municipalityCode>
         </v1:request>
      </v1:getDocumentRequest>
   </soapenv:Body>
</soapenv:Envelope>]]></con:request><con:credentials><con:selectedAuthProfile>Basic</con:selectedAuthProfile><con:addedBasicAuthenticationTypes>Basic</con:addedBasicAuthenticationTypes><con:authType>Global HTTP Settings</con:authType></con:credentials><con:jmsConfig JMSDeliveryMode="PERSISTENT"/><con:jmsPropertyConfig/><con:wsaConfig mustUnderstand="NONE" version="200508" action="http://fidus.brussels/services/civilstatusdocumentservice/getDocument"/><con:wsrmConfig version="1.2"/></con:call><con:call id="16b23b45-c500-4a24-b94b-09c5dfe72264" name="2 - Dev - Request" outgoingWss="Outflow DEV" incomingWss="Inflow DEV"><con:settings><con:setting id="com.eviware.soapui.impl.wsdl.WsdlRequest@request-headers">&lt;xml-fragment/></con:setting></con:settings><con:encoding>UTF-8</con:encoding><con:endpoint>https://192.168.22.53:8443/services/CivilStatusDocumentService_v1.0</con:endpoint><con:request><![CDATA[<soapenv:Envelope xmlns:soapenv="http://schemas.xmlsoap.org/soap/envelope/" xmlns:v1="http://fidus.brussels/service/civilstatusdocumentservice/messages/v1" xmlns:v11="http://fidus.brussels/type/common/messages/v1">
   <soapenv:Header/>
   <soapenv:Body>
      <v1:getDocumentRequest>
         <v1:messageContext>
           <v11:messageId>${=import static java.util.UUID.randomUUID; uuid = randomUUID() as String}</v11:messageId>
            <v11:timestamp>${=new java.text.SimpleDateFormat("yyyy-MM-dd'T'HH:mm:ss.SSS").format(new Date())}</v11:timestamp>
         </v1:messageContext>
         <v1:legalContext>ServiceIntegrator</v1:legalContext>
         <v1:request>
            <v1:documentReference>201800002991940</v1:documentReference>
            <v1:language>fr</v1:language>
            <v1:municipalityCode>d1051</v1:municipalityCode>
         </v1:request>
      </v1:getDocumentRequest>
   </soapenv:Body>
</soapenv:Envelope>]]></con:request><con:credentials><con:selectedAuthProfile>Basic</con:selectedAuthProfile><con:addedBasicAuthenticationTypes>Basic</con:addedBasicAuthenticationTypes><con:authType>Global HTTP Settings</con:authType></con:credentials><con:jmsConfig JMSDeliveryMode="PERSISTENT"/><con:jmsPropertyConfig/><con:wsaConfig mustUnderstand="NONE" version="200508" action="http://fidus.brussels/services/civilstatusdocumentservice/getDocument"/><con:wsrmConfig version="1.2"/></con:call><con:call id="9cbf95bc-b4e7-492f-8e9f-2f99467eacdc" name="3 -Test - External - Request" outgoingWss="Outflow Test" incomingWss="Inflow Test"><con:settings><con:setting id="com.eviware.soapui.impl.wsdl.WsdlRequest@request-headers">&lt;xml-fragment/></con:setting></con:settings><con:encoding>UTF-8</con:encoding><con:endpoint>https://fidus-test.irisnetlab.be/services/CivilStatusDocumentService_v1.0</con:endpoint><con:request><![CDATA[<soapenv:Envelope xmlns:soapenv="http://schemas.xmlsoap.org/soap/envelope/" xmlns:v1="http://fidus.brussels/service/civilstatusdocumentservice/messages/v1" xmlns:v11="http://fidus.brussels/type/common/messages/v1">
   <soapenv:Header/>
   <soapenv:Body>
      <v1:getDocumentRequest>
         <v1:messageContext>
           <v11:messageId>${=import static java.util.UUID.randomUUID; uuid = randomUUID() as String}</v11:messageId>
            <v11:timestamp>${=new java.text.SimpleDateFormat("yyyy-MM-dd'T'HH:mm:ss.SSS").format(new Date())}</v11:timestamp>
         </v1:messageContext>
         <v1:legalContext>ServiceIntegrator</v1:legalContext>
         <v1:request>
            <v1:documentReference>20180000299194</v1:documentReference>
            <v1:language>fr</v1:language>
         </v1:request>
      </v1:getDocumentRequest>
   </soapenv:Body>
</soapenv:Envelope>]]></con:request><con:credentials><con:selectedAuthProfile>Basic</con:selectedAuthProfile><con:addedBasicAuthenticationTypes>Basic</con:addedBasicAuthenticationTypes><con:authType>Global HTTP Settings</con:authType></con:credentials><con:jmsConfig JMSDeliveryMode="PERSISTENT"/><con:jmsPropertyConfig/><con:wsaConfig mustUnderstand="NONE" version="200508" action="http://fidus.brussels/services/civilstatusdocumentservice/getDocument"/><con:wsrmConfig version="1.2"/></con:call><con:call id="a6f95487-d5fd-4729-8e53-820e21c95277" name="3 -Test - LB - Request" outgoingWss="Outflow Test" incomingWss="Inflow Test"><con:settings><con:setting id="com.eviware.soapui.impl.wsdl.WsdlRequest@request-headers">&lt;xml-fragment/></con:setting></con:settings><con:encoding>UTF-8</con:encoding><con:endpoint>https://esb-security-gw.sta.srv.cirb.lan:8443/services/CivilStatusDocumentService_v1.0</con:endpoint><con:request><![CDATA[<soapenv:Envelope xmlns:soapenv="http://schemas.xmlsoap.org/soap/envelope/" xmlns:v1="http://fidus.brussels/service/civilstatusdocumentservice/messages/v1" xmlns:v11="http://fidus.brussels/type/common/messages/v1">
   <soapenv:Header/>
   <soapenv:Body>
      <v1:getDocumentRequest>
         <v1:messageContext>
           <v11:messageId>${=import static java.util.UUID.randomUUID; uuid = randomUUID() as String}</v11:messageId>
            <v11:timestamp>${=new java.text.SimpleDateFormat("yyyy-MM-dd'T'HH:mm:ss.SSS").format(new Date())}</v11:timestamp>
         </v1:messageContext>
         <v1:legalContext>ServiceIntegrator</v1:legalContext>
         <v1:request>
            <v1:documentReference>20180000299194</v1:documentReference>
            <v1:language>fr</v1:language>
         </v1:request>
      </v1:getDocumentRequest>
   </soapenv:Body>
</soapenv:Envelope>]]></con:request><con:credentials><con:selectedAuthProfile>Basic</con:selectedAuthProfile><con:addedBasicAuthenticationTypes>Basic</con:addedBasicAuthenticationTypes><con:authType>Global HTTP Settings</con:authType></con:credentials><con:jmsConfig JMSDeliveryMode="PERSISTENT"/><con:jmsPropertyConfig/><con:wsaConfig mustUnderstand="NONE" version="200508" action="http://fidus.brussels/services/civilstatusdocumentservice/getDocument"/><con:wsrmConfig version="1.2"/></con:call><con:call id="528f8c9c-6f4e-455d-8507-101efadb2066" name="3 -Test - Worker1 - Request" outgoingWss="Outflow Test" incomingWss="Inflow Test"><con:settings><con:setting id="com.eviware.soapui.impl.wsdl.WsdlRequest@request-headers">&lt;xml-fragment/></con:setting></con:settings><con:encoding>UTF-8</con:encoding><con:endpoint>https://192.168.22.53:8443/services/CivilStatusDocumentService_v1.0</con:endpoint><con:request><![CDATA[<soapenv:Envelope xmlns:soapenv="http://schemas.xmlsoap.org/soap/envelope/" xmlns:v1="http://fidus.brussels/service/civilstatusdocumentservice/messages/v1" xmlns:v11="http://fidus.brussels/type/common/messages/v1">
   <soapenv:Header/>
   <soapenv:Body>
      <v1:getDocumentRequest>
         <v1:messageContext>
           <v11:messageId>${=import static java.util.UUID.randomUUID; uuid = randomUUID() as String}</v11:messageId>
            <v11:timestamp>${=new java.text.SimpleDateFormat("yyyy-MM-dd'T'HH:mm:ss.SSS").format(new Date())}</v11:timestamp>
         </v1:messageContext>
         <v1:legalContext>ServiceIntegrator</v1:legalContext>
         <v1:request>
            <v1:documentReference>20180000299194</v1:documentReference>
            <v1:language>fr</v1:language>
         </v1:request>
      </v1:getDocumentRequest>
   </soapenv:Body>
</soapenv:Envelope>]]></con:request><con:credentials><con:selectedAuthProfile>Basic</con:selectedAuthProfile><con:addedBasicAuthenticationTypes>Basic</con:addedBasicAuthenticationTypes><con:authType>Global HTTP Settings</con:authType></con:credentials><con:jmsConfig JMSDeliveryMode="PERSISTENT"/><con:jmsPropertyConfig/><con:wsaConfig mustUnderstand="NONE" version="200508" action="http://fidus.brussels/services/civilstatusdocumentservice/getDocument"/><con:wsrmConfig version="1.2"/></con:call><con:call id="f7c9d445-a4c7-45c3-b14d-ccc1eee9783a" name="3 -Test - Worker2 - Request" outgoingWss="Outflow Test" incomingWss="Inflow Test"><con:settings><con:setting id="com.eviware.soapui.impl.wsdl.WsdlRequest@request-headers">&lt;xml-fragment/></con:setting></con:settings><con:encoding>UTF-8</con:encoding><con:endpoint>https://192.168.22.54:8443/services/CivilStatusDocumentService_v1.0</con:endpoint><con:request><![CDATA[<soapenv:Envelope xmlns:soapenv="http://schemas.xmlsoap.org/soap/envelope/" xmlns:v1="http://fidus.brussels/service/civilstatusdocumentservice/messages/v1" xmlns:v11="http://fidus.brussels/type/common/messages/v1">
   <soapenv:Header/>
   <soapenv:Body>
      <v1:getDocumentRequest>
         <v1:messageContext>
           <v11:messageId>${=import static java.util.UUID.randomUUID; uuid = randomUUID() as String}</v11:messageId>
            <v11:timestamp>${=new java.text.SimpleDateFormat("yyyy-MM-dd'T'HH:mm:ss.SSS").format(new Date())}</v11:timestamp>
         </v1:messageContext>
         <v1:legalContext>ServiceIntegrator</v1:legalContext>
         <v1:request>
            <v1:documentReference>20180000299194</v1:documentReference>
            <v1:language>fr</v1:language>
         </v1:request>
      </v1:getDocumentRequest>
   </soapenv:Body>
</soapenv:Envelope>]]></con:request><con:credentials><con:selectedAuthProfile>Basic</con:selectedAuthProfile><con:addedBasicAuthenticationTypes>Basic</con:addedBasicAuthenticationTypes><con:authType>Global HTTP Settings</con:authType></con:credentials><con:jmsConfig JMSDeliveryMode="PERSISTENT"/><con:jmsPropertyConfig/><con:wsaConfig mustUnderstand="NONE" version="200508" action="http://fidus.brussels/services/civilstatusdocumentservice/getDocument"/><con:wsrmConfig version="1.2"/></con:call><con:call id="e5cba541-df19-4d3b-8027-46bd0a6c09be" name="4 - Staging - External - Request"><con:settings><con:setting id="com.eviware.soapui.impl.wsdl.WsdlRequest@request-headers">&lt;xml-fragment/></con:setting></con:settings><con:encoding>UTF-8</con:encoding><con:endpoint>https://fidus.irisnetlab.be/services/CivilStatusDocumentService_v1.0</con:endpoint><con:request><![CDATA[<soapenv:Envelope xmlns:soapenv="http://schemas.xmlsoap.org/soap/envelope/" xmlns:v1="http://fidus.brussels/service/civilstatusdocumentservice/messages/v1" xmlns:v11="http://fidus.brussels/type/common/messages/v1">
   <soapenv:Header/>
   <soapenv:Body>
      <v1:getDocumentRequest>
         <v1:messageContext>
           <v11:messageId>${=import static java.util.UUID.randomUUID; uuid = randomUUID() as String}</v11:messageId>
            <v11:timestamp>${=new java.text.SimpleDateFormat("yyyy-MM-dd'T'HH:mm:ss.SSS").format(new Date())}</v11:timestamp>
         </v1:messageContext>
         <v1:legalContext>ServiceIntegrator</v1:legalContext>
         <v1:request>
            <v1:documentReference>20180000299194</v1:documentReference>
            <v1:language>fr</v1:language>
         </v1:request>
      </v1:getDocumentRequest>
   </soapenv:Body>
</soapenv:Envelope>]]></con:request><con:credentials><con:selectedAuthProfile>Basic</con:selectedAuthProfile><con:addedBasicAuthenticationTypes>Basic</con:addedBasicAuthenticationTypes><con:authType>Global HTTP Settings</con:authType></con:credentials><con:jmsConfig JMSDeliveryMode="PERSISTENT"/><con:jmsPropertyConfig/><con:wsaConfig mustUnderstand="NONE" version="200508" action="http://fidus.brussels/services/civilstatusdocumentservice/getDocument"/><con:wsrmConfig version="1.2"/></con:call><con:call id="5428b79d-7d7a-4743-a0a8-633c72b1db29" name="4 - Staging - LB - Request"><con:settings><con:setting id="com.eviware.soapui.impl.wsdl.WsdlRequest@request-headers">&lt;xml-fragment/></con:setting></con:settings><con:encoding>UTF-8</con:encoding><con:endpoint>https://fidus-esb-sg.sta.srv.cirb.lan:8443/services/CivilStatusDocumentService_v1.0</con:endpoint><con:request><![CDATA[<soapenv:Envelope xmlns:soapenv="http://schemas.xmlsoap.org/soap/envelope/" xmlns:v1="http://fidus.brussels/service/civilstatusdocumentservice/messages/v1" xmlns:v11="http://fidus.brussels/type/common/messages/v1">
   <soapenv:Header/>
   <soapenv:Body>
      <v1:getDocumentRequest>
         <v1:messageContext>
           <v11:messageId>${=import static java.util.UUID.randomUUID; uuid = randomUUID() as String}</v11:messageId>
            <v11:timestamp>${=new java.text.SimpleDateFormat("yyyy-MM-dd'T'HH:mm:ss.SSS").format(new Date())}</v11:timestamp>
         </v1:messageContext>
         <v1:legalContext>ServiceIntegrator</v1:legalContext>
         <v1:request>
            <v1:documentReference>20180000299194</v1:documentReference>
            <v1:language>fr</v1:language>
         </v1:request>
      </v1:getDocumentRequest>
   </soapenv:Body>
</soapenv:Envelope>]]></con:request><con:credentials><con:selectedAuthProfile>Basic</con:selectedAuthProfile><con:addedBasicAuthenticationTypes>Basic</con:addedBasicAuthenticationTypes><con:authType>Global HTTP Settings</con:authType></con:credentials><con:jmsConfig JMSDeliveryMode="PERSISTENT"/><con:jmsPropertyConfig/><con:wsaConfig mustUnderstand="NONE" version="200508" action="http://fidus.brussels/services/civilstatusdocumentservice/getDocument"/><con:wsrmConfig version="1.2"/></con:call><con:call id="2173be8d-f25c-4301-b788-dee6ed5d3bcb" name="4 - Staging - Worker1 - Request"><con:settings><con:setting id="com.eviware.soapui.impl.wsdl.WsdlRequest@request-headers">&lt;xml-fragment/></con:setting></con:settings><con:encoding>UTF-8</con:encoding><con:endpoint>https://192.168.24.16:8443/services/CivilStatusDocumentService_v1.0</con:endpoint><con:request><![CDATA[<soapenv:Envelope xmlns:soapenv="http://schemas.xmlsoap.org/soap/envelope/" xmlns:v1="http://fidus.brussels/service/civilstatusdocumentservice/messages/v1" xmlns:v11="http://fidus.brussels/type/common/messages/v1">
   <soapenv:Header/>
   <soapenv:Body>
      <v1:getDocumentRequest>
         <v1:messageContext>
           <v11:messageId>${=import static java.util.UUID.randomUUID; uuid = randomUUID() as String}</v11:messageId>
            <v11:timestamp>${=new java.text.SimpleDateFormat("yyyy-MM-dd'T'HH:mm:ss.SSS").format(new Date())}</v11:timestamp>
         </v1:messageContext>
         <v1:legalContext>ServiceIntegrator</v1:legalContext>
         <v1:request>
            <v1:documentReference>20180000299194</v1:documentReference>
            <v1:language>fr</v1:language>
         </v1:request>
      </v1:getDocumentRequest>
   </soapenv:Body>
</soapenv:Envelope>]]></con:request><con:credentials><con:selectedAuthProfile>Basic</con:selectedAuthProfile><con:addedBasicAuthenticationTypes>Basic</con:addedBasicAuthenticationTypes><con:authType>Global HTTP Settings</con:authType></con:credentials><con:jmsConfig JMSDeliveryMode="PERSISTENT"/><con:jmsPropertyConfig/><con:wsaConfig mustUnderstand="NONE" version="200508" action="http://fidus.brussels/services/civilstatusdocumentservice/getDocument"/><con:wsrmConfig version="1.2"/></con:call><con:call id="baf1d495-2e92-4792-ba5d-436868e82298" name="4 - Staging - Worker2 - Request"><con:settings><con:setting id="com.eviware.soapui.impl.wsdl.WsdlRequest@request-headers">&lt;xml-fragment/></con:setting></con:settings><con:encoding>UTF-8</con:encoding><con:endpoint>https://192.168.24.17:8443/services/CivilStatusDocumentService_v1.0</con:endpoint><con:request><![CDATA[<soapenv:Envelope xmlns:soapenv="http://schemas.xmlsoap.org/soap/envelope/" xmlns:v1="http://fidus.brussels/service/civilstatusdocumentservice/messages/v1" xmlns:v11="http://fidus.brussels/type/common/messages/v1">
   <soapenv:Header/>
   <soapenv:Body>
      <v1:getDocumentRequest>
         <v1:messageContext>
           <v11:messageId>${=import static java.util.UUID.randomUUID; uuid = randomUUID() as String}</v11:messageId>
            <v11:timestamp>${=new java.text.SimpleDateFormat("yyyy-MM-dd'T'HH:mm:ss.SSS").format(new Date())}</v11:timestamp>
         </v1:messageContext>
         <v1:legalContext>ServiceIntegrator</v1:legalContext>
         <v1:request>
            <v1:documentReference>20180000299194</v1:documentReference>
            <v1:language>fr</v1:language>
         </v1:request>
      </v1:getDocumentRequest>
   </soapenv:Body>
</soapenv:Envelope>]]></con:request><con:credentials><con:selectedAuthProfile>Basic</con:selectedAuthProfile><con:addedBasicAuthenticationTypes>Basic</con:addedBasicAuthenticationTypes><con:authType>Global HTTP Settings</con:authType></con:credentials><con:jmsConfig JMSDeliveryMode="PERSISTENT"/><con:jmsPropertyConfig/><con:wsaConfig mustUnderstand="NONE" version="200508" action="http://fidus.brussels/services/civilstatusdocumentservice/getDocument"/><con:wsrmConfig version="1.2"/></con:call></con:operation><con:operation id="985721a3-af77-479a-a79f-c787eef2f6fc" isOneWay="false" action="http://fidus.brussels/services/civilstatusdocumentservice/getExtract" name="getExtract" bindingOperationName="getExtract" type="Request-Response" inputName="" receivesAttachments="false" sendsAttachments="false" anonymous="optional"><con:settings/><con:call id="a8e56a84-2952-44fe-93ed-d4dde39f71b2" name="1 - Local - Request" outgoingWss="Outflow DEV" incomingWss="Inflow DEV"><con:settings><con:setting id="com.eviware.soapui.impl.wsdl.WsdlRequest@request-headers">&lt;xml-fragment/></con:setting></con:settings><con:encoding>UTF-8</con:encoding><con:endpoint>https://192.168.22.53:8443/services/CivilStatusDocumentService_v1.0</con:endpoint><con:request><![CDATA[<soapenv:Envelope xmlns:soapenv="http://schemas.xmlsoap.org/soap/envelope/" xmlns:v1="http://fidus.brussels/service/civilstatusdocumentservice/messages/v1" xmlns:v11="http://fidus.brussels/type/common/messages/v1">
   <soapenv:Header/>
   <soapenv:Body>
      <v1:getExtractRequest>
         <v1:messageContext>
           <v11:messageId>${=import static java.util.UUID.randomUUID; uuid = randomUUID() as String}</v11:messageId>
            <v11:timestamp>${=new java.text.SimpleDateFormat("yyyy-MM-dd'T'HH:mm:ss.SSS").format(new Date())}</v11:timestamp>
         </v1:messageContext>
         <v1:legalContext>ServiceIntegrator</v1:legalContext>
         <v1:request>
            <v1:documentReference>20180000299194</v1:documentReference>
            <v1:language>fr</v1:language>
            <v1:municipalityCode>Z1051</v1:municipalityCode>
         </v1:request>
      </v1:getExtractRequest>
   </soapenv:Body>
</soapenv:Envelope>]]></con:request><con:credentials><con:selectedAuthProfile>Basic</con:selectedAuthProfile><con:addedBasicAuthenticationTypes>Basic</con:addedBasicAuthenticationTypes><con:authType>Global HTTP Settings</con:authType></con:credentials><con:jmsConfig JMSDeliveryMode="PERSISTENT"/><con:jmsPropertyConfig/><con:wsaConfig mustUnderstand="NONE" version="200508" action="http://fidus.brussels/services/civilstatusdocumentservice/getExtract"/><con:wsrmConfig version="1.2"/></con:call><con:call id="0ebd46b3-7b5f-44a9-a01f-18699ef486b5" name="2 - Dev - Request" outgoingWss="Outflow DEV" incomingWss="Inflow DEV"><con:settings><con:setting id="com.eviware.soapui.impl.wsdl.WsdlRequest@request-headers">&lt;xml-fragment/></con:setting></con:settings><con:encoding>UTF-8</con:encoding><con:endpoint>https://192.168.22.53:8443/services/CivilStatusDocumentService_v1.0</con:endpoint><con:request><![CDATA[<soapenv:Envelope xmlns:soapenv="http://schemas.xmlsoap.org/soap/envelope/" xmlns:v1="http://fidus.brussels/service/civilstatusdocumentservice/messages/v1" xmlns:v11="http://fidus.brussels/type/common/messages/v1">
   <soapenv:Header/>
   <soapenv:Body>
      <v1:getExtractRequest>
         <v1:messageContext>
           <v11:messageId>${=import static java.util.UUID.randomUUID; uuid = randomUUID() as String}</v11:messageId>
            <v11:timestamp>${=new java.text.SimpleDateFormat("yyyy-MM-dd'T'HH:mm:ss.SSS").format(new Date())}</v11:timestamp>
         </v1:messageContext>
         <v1:legalContext>ServiceIntegrator</v1:legalContext>
         <v1:request>
            <v1:documentReference>20180000299194</v1:documentReference>
            <v1:language>fr</v1:language>
            <v1:municipalityCode>Z1051</v1:municipalityCode>
         </v1:request>
      </v1:getExtractRequest>
   </soapenv:Body>
</soapenv:Envelope>]]></con:request><con:credentials><con:selectedAuthProfile>Basic</con:selectedAuthProfile><con:addedBasicAuthenticationTypes>Basic</con:addedBasicAuthenticationTypes><con:authType>Global HTTP Settings</con:authType></con:credentials><con:jmsConfig JMSDeliveryMode="PERSISTENT"/><con:jmsPropertyConfig/><con:wsaConfig mustUnderstand="NONE" version="200508" action="http://fidus.brussels/services/civilstatusdocumentservice/getExtract"/><con:wsrmConfig version="1.2"/></con:call><con:call id="7a8f580a-ffe1-42ce-a392-980772b2b6ab" name="3 -Test - External - Request" outgoingWss="Outflow Test" incomingWss="Inflow Test"><con:settings><con:setting id="com.eviware.soapui.impl.wsdl.WsdlRequest@request-headers">&lt;xml-fragment/></con:setting></con:settings><con:encoding>UTF-8</con:encoding><con:endpoint>https://192.168.22.53:8443/services/CivilStatusDocumentService_v1.0</con:endpoint><con:request><![CDATA[<soapenv:Envelope xmlns:soapenv="http://schemas.xmlsoap.org/soap/envelope/" xmlns:v1="http://fidus.brussels/service/civilstatusdocumentservice/messages/v1" xmlns:v11="http://fidus.brussels/type/common/messages/v1">
   <soapenv:Header/>
   <soapenv:Body>
      <v1:getExtractRequest>
         <v1:messageContext>
           <v11:messageId>${=import static java.util.UUID.randomUUID; uuid = randomUUID() as String}</v11:messageId>
            <v11:timestamp>${=new java.text.SimpleDateFormat("yyyy-MM-dd'T'HH:mm:ss.SSS").format(new Date())}</v11:timestamp>
         </v1:messageContext>
         <v1:legalContext>ServiceIntegrator</v1:legalContext>
         <v1:request>
            <v1:documentReference>201800002991940</v1:documentReference>
            <v1:language>fr</v1:language>
         </v1:request>
      </v1:getExtractRequest>
   </soapenv:Body>
</soapenv:Envelope>]]></con:request><con:credentials><con:selectedAuthProfile>Basic</con:selectedAuthProfile><con:addedBasicAuthenticationTypes>Basic</con:addedBasicAuthenticationTypes><con:authType>Global HTTP Settings</con:authType></con:credentials><con:jmsConfig JMSDeliveryMode="PERSISTENT"/><con:jmsPropertyConfig/><con:wsaConfig mustUnderstand="NONE" version="200508" action="http://fidus.brussels/services/civilstatusdocumentservice/getExtract"/><con:wsrmConfig version="1.2"/></con:call><con:call id="dba57efd-a29d-46b3-be20-370a01ea2ebd" name="3 -Test - LB - Request" outgoingWss="Outflow Test" incomingWss="Inflow Test"><con:settings><con:setting id="com.eviware.soapui.impl.wsdl.WsdlRequest@request-headers">&lt;xml-fragment/></con:setting></con:settings><con:encoding>UTF-8</con:encoding><con:endpoint>https://192.168.22.53:8443/services/CivilStatusDocumentService_v1.0</con:endpoint><con:request><![CDATA[<soapenv:Envelope xmlns:soapenv="http://schemas.xmlsoap.org/soap/envelope/" xmlns:v1="http://fidus.brussels/service/civilstatusdocumentservice/messages/v1" xmlns:v11="http://fidus.brussels/type/common/messages/v1">
   <soapenv:Header/>
   <soapenv:Body>
      <v1:getExtractRequest>
         <v1:messageContext>
           <v11:messageId>${=import static java.util.UUID.randomUUID; uuid = randomUUID() as String}</v11:messageId>
            <v11:timestamp>${=new java.text.SimpleDateFormat("yyyy-MM-dd'T'HH:mm:ss.SSS").format(new Date())}</v11:timestamp>
         </v1:messageContext>
         <v1:legalContext>ServiceIntegrator</v1:legalContext>
         <v1:request>
            <v1:documentReference>201800002991940</v1:documentReference>
            <v1:language>fr</v1:language>
         </v1:request>
      </v1:getExtractRequest>
   </soapenv:Body>
</soapenv:Envelope>]]></con:request><con:credentials><con:selectedAuthProfile>Basic</con:selectedAuthProfile><con:addedBasicAuthenticationTypes>Basic</con:addedBasicAuthenticationTypes><con:authType>Global HTTP Settings</con:authType></con:credentials><con:jmsConfig JMSDeliveryMode="PERSISTENT"/><con:jmsPropertyConfig/><con:wsaConfig mustUnderstand="NONE" version="200508" action="http://fidus.brussels/services/civilstatusdocumentservice/getExtract"/><con:wsrmConfig version="1.2"/></con:call><con:call id="7c0ce831-1dc6-40f1-a13b-47766b55216b" name="3 -Test - Worker1 - Request" outgoingWss="Outflow Test" incomingWss="Inflow Test"><con:settings><con:setting id="com.eviware.soapui.impl.wsdl.WsdlRequest@request-headers">&lt;xml-fragment/></con:setting></con:settings><con:encoding>UTF-8</con:encoding><con:endpoint>https://192.168.22.53:8443/services/CivilStatusDocumentService_v1.0</con:endpoint><con:request><![CDATA[<soapenv:Envelope xmlns:soapenv="http://schemas.xmlsoap.org/soap/envelope/" xmlns:v1="http://fidus.brussels/service/civilstatusdocumentservice/messages/v1" xmlns:v11="http://fidus.brussels/type/common/messages/v1">
   <soapenv:Header/>
   <soapenv:Body>
      <v1:getExtractRequest>
         <v1:messageContext>
           <v11:messageId>${=import static java.util.UUID.randomUUID; uuid = randomUUID() as String}</v11:messageId>
            <v11:timestamp>${=new java.text.SimpleDateFormat("yyyy-MM-dd'T'HH:mm:ss.SSS").format(new Date())}</v11:timestamp>
         </v1:messageContext>
         <v1:legalContext>ServiceIntegrator</v1:legalContext>
         <v1:request>
            <v1:documentReference>20180000299194</v1:documentReference>
            <v1:language>nl</v1:language>
         </v1:request>
      </v1:getExtractRequest>
   </soapenv:Body>
</soapenv:Envelope>]]></con:request><con:credentials><con:selectedAuthProfile>Basic</con:selectedAuthProfile><con:addedBasicAuthenticationTypes>Basic</con:addedBasicAuthenticationTypes><con:authType>Global HTTP Settings</con:authType></con:credentials><con:jmsConfig JMSDeliveryMode="PERSISTENT"/><con:jmsPropertyConfig/><con:wsaConfig mustUnderstand="NONE" version="200508" action="http://fidus.brussels/services/civilstatusdocumentservice/getExtract"/><con:wsrmConfig version="1.2"/></con:call><con:call id="c4f12d32-b17c-47cf-a496-531e7bd4571a" name="3 -Test - Worker2 - Request" outgoingWss="Outflow Test" incomingWss="Inflow Test"><con:settings><con:setting id="com.eviware.soapui.impl.wsdl.WsdlRequest@request-headers">&lt;xml-fragment/></con:setting></con:settings><con:encoding>UTF-8</con:encoding><con:endpoint>https://192.168.22.54:8443/services/CivilStatusDocumentService_v1.0</con:endpoint><con:request><![CDATA[<soapenv:Envelope xmlns:soapenv="http://schemas.xmlsoap.org/soap/envelope/" xmlns:v1="http://fidus.brussels/service/civilstatusdocumentservice/messages/v1" xmlns:v11="http://fidus.brussels/type/common/messages/v1">
   <soapenv:Header/>
   <soapenv:Body>
      <v1:getExtractRequest>
         <v1:messageContext>
           <v11:messageId>${=import static java.util.UUID.randomUUID; uuid = randomUUID() as String}</v11:messageId>
            <v11:timestamp>${=new java.text.SimpleDateFormat("yyyy-MM-dd'T'HH:mm:ss.SSS").format(new Date())}</v11:timestamp>
         </v1:messageContext>
         <v1:legalContext>ServiceIntegrator</v1:legalContext>
         <v1:request>
            <v1:documentReference>201800002991940</v1:documentReference>
            <v1:language>nl</v1:language>
         </v1:request>
      </v1:getExtractRequest>
   </soapenv:Body>
</soapenv:Envelope>]]></con:request><con:credentials><con:selectedAuthProfile>Basic</con:selectedAuthProfile><con:addedBasicAuthenticationTypes>Basic</con:addedBasicAuthenticationTypes><con:authType>Global HTTP Settings</con:authType></con:credentials><con:jmsConfig JMSDeliveryMode="PERSISTENT"/><con:jmsPropertyConfig/><con:wsaConfig mustUnderstand="NONE" version="200508" action="http://fidus.brussels/services/civilstatusdocumentservice/getExtract"/><con:wsrmConfig version="1.2"/></con:call><con:call id="cdb284a0-af38-48a1-96f4-888054770de6" name="4 - Staging - External - Request"><con:settings><con:setting id="com.eviware.soapui.impl.wsdl.WsdlRequest@request-headers">&lt;xml-fragment/></con:setting></con:settings><con:encoding>UTF-8</con:encoding><con:endpoint>https://fidus.irisnetlab.be/services/CivilStatusDocumentService_v1.0</con:endpoint><con:request><![CDATA[<soapenv:Envelope xmlns:soapenv="http://schemas.xmlsoap.org/soap/envelope/" xmlns:v1="http://fidus.brussels/service/civilstatusdocumentservice/messages/v1" xmlns:v11="http://fidus.brussels/type/common/messages/v1">
   <soapenv:Header/>
   <soapenv:Body>
      <v1:getExtractRequest>
         <v1:messageContext>
           <v11:messageId>${=import static java.util.UUID.randomUUID; uuid = randomUUID() as String}</v11:messageId>
            <v11:timestamp>${=new java.text.SimpleDateFormat("yyyy-MM-dd'T'HH:mm:ss.SSS").format(new Date())}</v11:timestamp>
         </v1:messageContext>
         <v1:legalContext>ServiceIntegrator</v1:legalContext>
         <v1:request>
            <v1:documentReference>201800002991940</v1:documentReference>
            <v1:language>nl</v1:language>
         </v1:request>
      </v1:getExtractRequest>
   </soapenv:Body>
</soapenv:Envelope>]]></con:request><con:credentials><con:selectedAuthProfile>Basic</con:selectedAuthProfile><con:addedBasicAuthenticationTypes>Basic</con:addedBasicAuthenticationTypes><con:authType>Global HTTP Settings</con:authType></con:credentials><con:jmsConfig JMSDeliveryMode="PERSISTENT"/><con:jmsPropertyConfig/><con:wsaConfig mustUnderstand="NONE" version="200508" action="http://fidus.brussels/services/civilstatusdocumentservice/getExtract"/><con:wsrmConfig version="1.2"/></con:call><con:call id="b1a84e7c-cf2f-4762-a9a2-0cf7dabd4802" name="4 - Staging - LB - Request"><con:settings><con:setting id="com.eviware.soapui.impl.wsdl.WsdlRequest@request-headers">&lt;xml-fragment/></con:setting></con:settings><con:encoding>UTF-8</con:encoding><con:endpoint>https://fidus-esb-sg.sta.srv.cirb.lan:8443/services/CivilStatusDocumentService_v1.0</con:endpoint><con:request><![CDATA[<soapenv:Envelope xmlns:soapenv="http://schemas.xmlsoap.org/soap/envelope/" xmlns:v1="http://fidus.brussels/service/civilstatusdocumentservice/messages/v1" xmlns:v11="http://fidus.brussels/type/common/messages/v1">
   <soapenv:Header/>
   <soapenv:Body>
      <v1:getExtractRequest>
         <v1:messageContext>
           <v11:messageId>${=import static java.util.UUID.randomUUID; uuid = randomUUID() as String}</v11:messageId>
            <v11:timestamp>${=new java.text.SimpleDateFormat("yyyy-MM-dd'T'HH:mm:ss.SSS").format(new Date())}</v11:timestamp>
         </v1:messageContext>
         <v1:legalContext>ServiceIntegrator</v1:legalContext>
         <v1:request>
            <v1:documentReference>201800002991940</v1:documentReference>
            <v1:language>nl</v1:language>
         </v1:request>
      </v1:getExtractRequest>
   </soapenv:Body>
</soapenv:Envelope>]]></con:request><con:credentials><con:selectedAuthProfile>Basic</con:selectedAuthProfile><con:addedBasicAuthenticationTypes>Basic</con:addedBasicAuthenticationTypes><con:authType>Global HTTP Settings</con:authType></con:credentials><con:jmsConfig JMSDeliveryMode="PERSISTENT"/><con:jmsPropertyConfig/><con:wsaConfig mustUnderstand="NONE" version="200508" action="http://fidus.brussels/services/civilstatusdocumentservice/getExtract"/><con:wsrmConfig version="1.2"/></con:call><con:call id="c8c37205-7938-4815-9c59-eef8896bcda9" name="4 - Staging - Worker1 - Request"><con:settings><con:setting id="com.eviware.soapui.impl.wsdl.WsdlRequest@request-headers">&lt;xml-fragment/></con:setting></con:settings><con:encoding>UTF-8</con:encoding><con:endpoint>https://192.168.24.16:8443/services/CivilStatusDocumentService_v1.0</con:endpoint><con:request><![CDATA[<soapenv:Envelope xmlns:soapenv="http://schemas.xmlsoap.org/soap/envelope/" xmlns:v1="http://fidus.brussels/service/civilstatusdocumentservice/messages/v1" xmlns:v11="http://fidus.brussels/type/common/messages/v1">
   <soapenv:Header/>
   <soapenv:Body>
      <v1:getExtractRequest>
         <v1:messageContext>
           <v11:messageId>${=import static java.util.UUID.randomUUID; uuid = randomUUID() as String}</v11:messageId>
            <v11:timestamp>${=new java.text.SimpleDateFormat("yyyy-MM-dd'T'HH:mm:ss.SSS").format(new Date())}</v11:timestamp>
         </v1:messageContext>
         <v1:legalContext>ServiceIntegrator</v1:legalContext>
         <v1:request>
            <v1:documentReference>201800002991940</v1:documentReference>
            <v1:language>nl</v1:language>
         </v1:request>
      </v1:getExtractRequest>
   </soapenv:Body>
</soapenv:Envelope>]]></con:request><con:credentials><con:selectedAuthProfile>Basic</con:selectedAuthProfile><con:addedBasicAuthenticationTypes>Basic</con:addedBasicAuthenticationTypes><con:authType>Global HTTP Settings</con:authType></con:credentials><con:jmsConfig JMSDeliveryMode="PERSISTENT"/><con:jmsPropertyConfig/><con:wsaConfig mustUnderstand="NONE" version="200508" action="http://fidus.brussels/services/civilstatusdocumentservice/getExtract"/><con:wsrmConfig version="1.2"/></con:call><con:call id="ff1b80a0-c66d-49e5-a426-50879bd88d29" name="4 - Staging - Worker2 - Request"><con:settings><con:setting id="com.eviware.soapui.impl.wsdl.WsdlRequest@request-headers">&lt;xml-fragment/></con:setting></con:settings><con:encoding>UTF-8</con:encoding><con:endpoint>https://192.168.24.17:8443/services/CivilStatusDocumentService_v1.0</con:endpoint><con:request><![CDATA[<soapenv:Envelope xmlns:soapenv="http://schemas.xmlsoap.org/soap/envelope/" xmlns:v1="http://fidus.brussels/service/civilstatusdocumentservice/messages/v1" xmlns:v11="http://fidus.brussels/type/common/messages/v1">
   <soapenv:Header/>
   <soapenv:Body>
      <v1:getExtractRequest>
         <v1:messageContext>
           <v11:messageId>${=import static java.util.UUID.randomUUID; uuid = randomUUID() as String}</v11:messageId>
            <v11:timestamp>${=new java.text.SimpleDateFormat("yyyy-MM-dd'T'HH:mm:ss.SSS").format(new Date())}</v11:timestamp>
         </v1:messageContext>
         <v1:legalContext>ServiceIntegrator</v1:legalContext>
         <v1:request>
            <v1:documentReference>201800002991940</v1:documentReference>
            <v1:language>nl</v1:language>
         </v1:request>
      </v1:getExtractRequest>
   </soapenv:Body>
</soapenv:Envelope>]]></con:request><con:credentials><con:selectedAuthProfile>Basic</con:selectedAuthProfile><con:addedBasicAuthenticationTypes>Basic</con:addedBasicAuthenticationTypes><con:authType>Global HTTP Settings</con:authType></con:credentials><con:jmsConfig JMSDeliveryMode="PERSISTENT"/><con:jmsPropertyConfig/><con:wsaConfig mustUnderstand="NONE" version="200508" action="http://fidus.brussels/services/civilstatusdocumentservice/getExtract"/><con:wsrmConfig version="1.2"/></con:call></con:operation><con:operation id="aa46896e-e6ac-418d-a191-e140ca3560de" isOneWay="false" action="http://fidus.brussels/services/civilstatusdocumentservice/getExtractAsPdf" name="getExtractAsPdf" bindingOperationName="getExtractAsPdf" type="Request-Response" inputName="" receivesAttachments="false" sendsAttachments="false" anonymous="optional"><con:settings/><con:call id="737b4dc1-8810-4e85-aa82-7faa74c91419" name="1 - Local - Request" outgoingWss="Outflow DEV" incomingWss="Inflow DEV"><con:settings><con:setting id="com.eviware.soapui.impl.wsdl.WsdlRequest@request-headers">&lt;xml-fragment/></con:setting></con:settings><con:encoding>UTF-8</con:encoding><con:endpoint>https://192.168.22.53:8443/services/CivilStatusDocumentService_v1.0</con:endpoint><con:request><![CDATA[<soapenv:Envelope xmlns:soapenv="http://schemas.xmlsoap.org/soap/envelope/" xmlns:v1="http://fidus.brussels/service/civilstatusdocumentservice/messages/v1" xmlns:v11="http://fidus.brussels/type/common/messages/v1">
   <soapenv:Header/>
   <soapenv:Body>
      <v1:getExtractAsPdfRequest>
         <v1:messageContext>
           <v11:messageId>${=import static java.util.UUID.randomUUID; uuid = randomUUID() as String}</v11:messageId>
            <v11:timestamp>${=new java.text.SimpleDateFormat("yyyy-MM-dd'T'HH:mm:ss.SSS").format(new Date())}</v11:timestamp>
         </v1:messageContext>
         <v1:legalContext>ServiceIntegrator</v1:legalContext>
         <v1:request>
            <v1:documentReference>20180000299194</v1:documentReference>
            <v1:language>fr</v1:language>
            <v1:municipalityCode>d1051</v1:municipalityCode>
         </v1:request>
      </v1:getExtractAsPdfRequest>
   </soapenv:Body>
</soapenv:Envelope>]]></con:request><con:credentials><con:selectedAuthProfile>Basic</con:selectedAuthProfile><con:addedBasicAuthenticationTypes>Basic</con:addedBasicAuthenticationTypes><con:authType>Global HTTP Settings</con:authType></con:credentials><con:jmsConfig JMSDeliveryMode="PERSISTENT"/><con:jmsPropertyConfig/><con:wsaConfig mustUnderstand="NONE" version="200508" action="http://fidus.brussels/services/civilstatusdocumentservice/getExtractAsPdf"/><con:wsrmConfig version="1.2"/></con:call><con:call id="803843fc-0763-41cc-9573-151c7956cf6a" name="2 - Dev - Request" outgoingWss="Outflow DEV" incomingWss="Inflow DEV"><con:settings><con:setting id="com.eviware.soapui.impl.wsdl.WsdlRequest@request-headers">&lt;xml-fragment/></con:setting></con:settings><con:encoding>UTF-8</con:encoding><con:endpoint>https://192.168.36.61:8243/services/CivilStatusDocumentService_v1.0</con:endpoint><con:request><![CDATA[<soapenv:Envelope xmlns:soapenv="http://schemas.xmlsoap.org/soap/envelope/" xmlns:v1="http://fidus.brussels/service/civilstatusdocumentservice/messages/v1" xmlns:v11="http://fidus.brussels/type/common/messages/v1">
   <soapenv:Header/>
   <soapenv:Body>
      <v1:getExtractAsPdfRequest>
         <v1:messageContext>
           <v11:messageId>${=import static java.util.UUID.randomUUID; uuid = randomUUID() as String}</v11:messageId>
            <v11:timestamp>${=new java.text.SimpleDateFormat("yyyy-MM-dd'T'HH:mm:ss.SSS").format(new Date())}</v11:timestamp>
         </v1:messageContext>
         <v1:legalContext>ServiceIntegrator</v1:legalContext>
         <v1:request>
            <v1:documentReference>20180000299194</v1:documentReference>
            <v1:language>fr</v1:language>
         </v1:request>
      </v1:getExtractAsPdfRequest>
   </soapenv:Body>
</soapenv:Envelope>]]></con:request><con:credentials><con:selectedAuthProfile>Basic</con:selectedAuthProfile><con:addedBasicAuthenticationTypes>Basic</con:addedBasicAuthenticationTypes><con:authType>Global HTTP Settings</con:authType></con:credentials><con:jmsConfig JMSDeliveryMode="PERSISTENT"/><con:jmsPropertyConfig/><con:wsaConfig mustUnderstand="NONE" version="200508" action="http://fidus.brussels/services/civilstatusdocumentservice/getExtractAsPdf"/><con:wsrmConfig version="1.2"/></con:call><con:call id="920d2348-2444-418d-bdac-fadadfe5aad7" name="3 -Test - External - Request" outgoingWss="Outflow Test" incomingWss="Inflow Test"><con:settings><con:setting id="com.eviware.soapui.impl.wsdl.WsdlRequest@request-headers">&lt;xml-fragment/></con:setting></con:settings><con:encoding>UTF-8</con:encoding><con:endpoint>https://fidus-test.irisnetlab.be/services/CivilStatusDocumentService_v1.0</con:endpoint><con:request><![CDATA[<soapenv:Envelope xmlns:soapenv="http://schemas.xmlsoap.org/soap/envelope/" xmlns:v1="http://fidus.brussels/service/civilstatusdocumentservice/messages/v1" xmlns:v11="http://fidus.brussels/type/common/messages/v1">
   <soapenv:Header/>
   <soapenv:Body>
      <v1:getExtractAsPdfRequest>
         <v1:messageContext>
           <v11:messageId>${=import static java.util.UUID.randomUUID; uuid = randomUUID() as String}</v11:messageId>
            <v11:timestamp>${=new java.text.SimpleDateFormat("yyyy-MM-dd'T'HH:mm:ss.SSS").format(new Date())}</v11:timestamp>
         </v1:messageContext>
         <v1:legalContext>ServiceIntegrator</v1:legalContext>
         <v1:request>
            <v1:documentReference>201800002991940</v1:documentReference>
            <v1:language>fr</v1:language>
         </v1:request>
      </v1:getExtractAsPdfRequest>
   </soapenv:Body>
</soapenv:Envelope>]]></con:request><con:credentials><con:selectedAuthProfile>Basic</con:selectedAuthProfile><con:addedBasicAuthenticationTypes>Basic</con:addedBasicAuthenticationTypes><con:authType>Global HTTP Settings</con:authType></con:credentials><con:jmsConfig JMSDeliveryMode="PERSISTENT"/><con:jmsPropertyConfig/><con:wsaConfig mustUnderstand="NONE" version="200508" action="http://fidus.brussels/services/civilstatusdocumentservice/getExtractAsPdf"/><con:wsrmConfig version="1.2"/></con:call><con:call id="e38d3e77-350b-4696-96d7-da6a8d18f719" name="3 -Test - LB - Request" outgoingWss="Outflow Test" incomingWss="Inflow Test"><con:settings><con:setting id="com.eviware.soapui.impl.wsdl.WsdlRequest@request-headers">&lt;xml-fragment/></con:setting></con:settings><con:encoding>UTF-8</con:encoding><con:endpoint>https://fidus-test.irisnetlab.be/services/CivilStatusDocumentService_v1.0</con:endpoint><con:request><![CDATA[<soapenv:Envelope xmlns:soapenv="http://schemas.xmlsoap.org/soap/envelope/" xmlns:v1="http://fidus.brussels/service/civilstatusdocumentservice/messages/v1" xmlns:v11="http://fidus.brussels/type/common/messages/v1">
   <soapenv:Header/>
   <soapenv:Body>
      <v1:getExtractAsPdfRequest>
         <v1:messageContext>
           <v11:messageId>${=import static java.util.UUID.randomUUID; uuid = randomUUID() as String}</v11:messageId>
            <v11:timestamp>${=new java.text.SimpleDateFormat("yyyy-MM-dd'T'HH:mm:ss.SSS").format(new Date())}</v11:timestamp>
         </v1:messageContext>
         <v1:legalContext>ServiceIntegrator</v1:legalContext>
         <v1:request>
            <v1:documentReference>201800002991940</v1:documentReference>
            <v1:language>fr</v1:language>
         </v1:request>
      </v1:getExtractAsPdfRequest>
   </soapenv:Body>
</soapenv:Envelope>]]></con:request><con:credentials><con:selectedAuthProfile>Basic</con:selectedAuthProfile><con:addedBasicAuthenticationTypes>Basic</con:addedBasicAuthenticationTypes><con:authType>Global HTTP Settings</con:authType></con:credentials><con:jmsConfig JMSDeliveryMode="PERSISTENT"/><con:jmsPropertyConfig/><con:wsaConfig mustUnderstand="NONE" version="200508" action="http://fidus.brussels/services/civilstatusdocumentservice/getExtractAsPdf"/><con:wsrmConfig version="1.2"/></con:call><con:call id="7abf84a9-a84c-4aad-a056-6a4bf31ed60b" name="3 -Test - Worker1 - Request" outgoingWss="Outflow Test" incomingWss="Inflow Test"><con:settings><con:setting id="com.eviware.soapui.impl.wsdl.WsdlRequest@request-headers">&lt;xml-fragment/></con:setting></con:settings><con:encoding>UTF-8</con:encoding><con:endpoint>https://192.168.22.53:8443/services/CivilStatusDocumentService_v1.0</con:endpoint><con:request><![CDATA[<soapenv:Envelope xmlns:soapenv="http://schemas.xmlsoap.org/soap/envelope/" xmlns:v1="http://fidus.brussels/service/civilstatusdocumentservice/messages/v1" xmlns:v11="http://fidus.brussels/type/common/messages/v1">
   <soapenv:Header/>
   <soapenv:Body>
      <v1:getExtractAsPdfRequest>
         <v1:messageContext>
           <v11:messageId>${=import static java.util.UUID.randomUUID; uuid = randomUUID() as String}</v11:messageId>
            <v11:timestamp>${=new java.text.SimpleDateFormat("yyyy-MM-dd'T'HH:mm:ss.SSS").format(new Date())}</v11:timestamp>
         </v1:messageContext>
         <v1:legalContext>ServiceIntegrator</v1:legalContext>
         <v1:request>
            <v1:documentReference>20180000299194</v1:documentReference>
            <v1:language>fr</v1:language>
         </v1:request>
      </v1:getExtractAsPdfRequest>
   </soapenv:Body>
</soapenv:Envelope>]]></con:request><con:credentials><con:selectedAuthProfile>Basic</con:selectedAuthProfile><con:addedBasicAuthenticationTypes>Basic</con:addedBasicAuthenticationTypes><con:authType>Global HTTP Settings</con:authType></con:credentials><con:jmsConfig JMSDeliveryMode="PERSISTENT"/><con:jmsPropertyConfig/><con:wsaConfig mustUnderstand="NONE" version="200508" action="http://fidus.brussels/services/civilstatusdocumentservice/getExtractAsPdf"/><con:wsrmConfig version="1.2"/></con:call><con:call id="f1ddb055-d993-40a8-97ce-bd1da8941747" name="3 -Test - Worker2 - Request" outgoingWss="Outflow Test" incomingWss="Inflow Test"><con:settings><con:setting id="com.eviware.soapui.impl.wsdl.WsdlRequest@request-headers">&lt;xml-fragment/></con:setting></con:settings><con:encoding>UTF-8</con:encoding><con:endpoint>https://192.168.22.54:8443/services/CivilStatusDocumentService_v1.0</con:endpoint><con:request><![CDATA[<soapenv:Envelope xmlns:soapenv="http://schemas.xmlsoap.org/soap/envelope/" xmlns:v1="http://fidus.brussels/service/civilstatusdocumentservice/messages/v1" xmlns:v11="http://fidus.brussels/type/common/messages/v1">
   <soapenv:Header/>
   <soapenv:Body>
      <v1:getExtractAsPdfRequest>
         <v1:messageContext>
           <v11:messageId>${=import static java.util.UUID.randomUUID; uuid = randomUUID() as String}</v11:messageId>
            <v11:timestamp>${=new java.text.SimpleDateFormat("yyyy-MM-dd'T'HH:mm:ss.SSS").format(new Date())}</v11:timestamp>
         </v1:messageContext>
         <v1:legalContext>ServiceIntegrator</v1:legalContext>
         <v1:request>
            <v1:documentReference>201800002991940</v1:documentReference>
            <v1:language>fr</v1:language>
         </v1:request>
      </v1:getExtractAsPdfRequest>
   </soapenv:Body>
</soapenv:Envelope>]]></con:request><con:credentials><con:selectedAuthProfile>Basic</con:selectedAuthProfile><con:addedBasicAuthenticationTypes>Basic</con:addedBasicAuthenticationTypes><con:authType>Global HTTP Settings</con:authType></con:credentials><con:jmsConfig JMSDeliveryMode="PERSISTENT"/><con:jmsPropertyConfig/><con:wsaConfig mustUnderstand="NONE" version="200508" action="http://fidus.brussels/services/civilstatusdocumentservice/getExtractAsPdf"/><con:wsrmConfig version="1.2"/></con:call><con:call id="328991d0-7da3-4e9e-aca2-3e26d8d08fe3" name="4 - Staging - External - Request"><con:settings><con:setting id="com.eviware.soapui.impl.wsdl.WsdlRequest@request-headers">&lt;xml-fragment/></con:setting></con:settings><con:encoding>UTF-8</con:encoding><con:endpoint>https://fidus.irisnetlab.be/services/CivilStatusDocumentService_v1.0</con:endpoint><con:request><![CDATA[<soapenv:Envelope xmlns:soapenv="http://schemas.xmlsoap.org/soap/envelope/" xmlns:v1="http://fidus.brussels/service/civilstatusdocumentservice/messages/v1" xmlns:v11="http://fidus.brussels/type/common/messages/v1">
   <soapenv:Header/>
   <soapenv:Body>
      <v1:getExtractAsPdfRequest>
         <v1:messageContext>
           <v11:messageId>${=import static java.util.UUID.randomUUID; uuid = randomUUID() as String}</v11:messageId>
            <v11:timestamp>${=new java.text.SimpleDateFormat("yyyy-MM-dd'T'HH:mm:ss.SSS").format(new Date())}</v11:timestamp>
         </v1:messageContext>
         <v1:legalContext>ServiceIntegrator</v1:legalContext>
         <v1:request>
            <v1:documentReference>201800002991940</v1:documentReference>
            <v1:language>fr</v1:language>
         </v1:request>
      </v1:getExtractAsPdfRequest>
   </soapenv:Body>
</soapenv:Envelope>]]></con:request><con:credentials><con:selectedAuthProfile>Basic</con:selectedAuthProfile><con:addedBasicAuthenticationTypes>Basic</con:addedBasicAuthenticationTypes><con:authType>Global HTTP Settings</con:authType></con:credentials><con:jmsConfig JMSDeliveryMode="PERSISTENT"/><con:jmsPropertyConfig/><con:wsaConfig mustUnderstand="NONE" version="200508" action="http://fidus.brussels/services/civilstatusdocumentservice/getExtractAsPdf"/><con:wsrmConfig version="1.2"/></con:call><con:call id="bf54c37d-5194-4cfb-a0c2-1b5db5ddf38d" name="4 - Staging - LB - Request"><con:settings><con:setting id="com.eviware.soapui.impl.wsdl.WsdlRequest@request-headers">&lt;xml-fragment/></con:setting></con:settings><con:encoding>UTF-8</con:encoding><con:endpoint>https://fidus-esb-sg.sta.srv.cirb.lan:8443/services/CivilStatusDocumentService_v1.0</con:endpoint><con:request><![CDATA[<soapenv:Envelope xmlns:soapenv="http://schemas.xmlsoap.org/soap/envelope/" xmlns:v1="http://fidus.brussels/service/civilstatusdocumentservice/messages/v1" xmlns:v11="http://fidus.brussels/type/common/messages/v1">
   <soapenv:Header/>
   <soapenv:Body>
      <v1:getExtractAsPdfRequest>
         <v1:messageContext>
           <v11:messageId>${=import static java.util.UUID.randomUUID; uuid = randomUUID() as String}</v11:messageId>
            <v11:timestamp>${=new java.text.SimpleDateFormat("yyyy-MM-dd'T'HH:mm:ss.SSS").format(new Date())}</v11:timestamp>
         </v1:messageContext>
         <v1:legalContext>ServiceIntegrator</v1:legalContext>
         <v1:request>
            <v1:documentReference>201800002991940</v1:documentReference>
            <v1:language>fr</v1:language>
         </v1:request>
      </v1:getExtractAsPdfRequest>
   </soapenv:Body>
</soapenv:Envelope>]]></con:request><con:credentials><con:selectedAuthProfile>Basic</con:selectedAuthProfile><con:addedBasicAuthenticationTypes>Basic</con:addedBasicAuthenticationTypes><con:authType>Global HTTP Settings</con:authType></con:credentials><con:jmsConfig JMSDeliveryMode="PERSISTENT"/><con:jmsPropertyConfig/><con:wsaConfig mustUnderstand="NONE" version="200508" action="http://fidus.brussels/services/civilstatusdocumentservice/getExtractAsPdf"/><con:wsrmConfig version="1.2"/></con:call><con:call id="4c5c35c9-62b7-4464-b736-70b971da9d5f" name="4 - Staging - Worker1 - Request"><con:settings><con:setting id="com.eviware.soapui.impl.wsdl.WsdlRequest@request-headers">&lt;xml-fragment/></con:setting></con:settings><con:encoding>UTF-8</con:encoding><con:endpoint>https://192.168.24.16:8443/services/CivilStatusDocumentService_v1.0</con:endpoint><con:request><![CDATA[<soapenv:Envelope xmlns:soapenv="http://schemas.xmlsoap.org/soap/envelope/" xmlns:v1="http://fidus.brussels/service/civilstatusdocumentservice/messages/v1" xmlns:v11="http://fidus.brussels/type/common/messages/v1">
   <soapenv:Header/>
   <soapenv:Body>
      <v1:getExtractAsPdfRequest>
         <v1:messageContext>
           <v11:messageId>${=import static java.util.UUID.randomUUID; uuid = randomUUID() as String}</v11:messageId>
            <v11:timestamp>${=new java.text.SimpleDateFormat("yyyy-MM-dd'T'HH:mm:ss.SSS").format(new Date())}</v11:timestamp>
         </v1:messageContext>
         <v1:legalContext>ServiceIntegrator</v1:legalContext>
         <v1:request>
            <v1:documentReference>201800002991940</v1:documentReference>
            <v1:language>fr</v1:language>
         </v1:request>
      </v1:getExtractAsPdfRequest>
   </soapenv:Body>
</soapenv:Envelope>]]></con:request><con:credentials><con:selectedAuthProfile>Basic</con:selectedAuthProfile><con:addedBasicAuthenticationTypes>Basic</con:addedBasicAuthenticationTypes><con:authType>Global HTTP Settings</con:authType></con:credentials><con:jmsConfig JMSDeliveryMode="PERSISTENT"/><con:jmsPropertyConfig/><con:wsaConfig mustUnderstand="NONE" version="200508" action="http://fidus.brussels/services/civilstatusdocumentservice/getExtractAsPdf"/><con:wsrmConfig version="1.2"/></con:call><con:call id="4c7c0035-da51-4081-abf5-90d066f28c32" name="4 - Staging - Worker2 - Request"><con:settings><con:setting id="com.eviware.soapui.impl.wsdl.WsdlRequest@request-headers">&lt;xml-fragment/></con:setting></con:settings><con:encoding>UTF-8</con:encoding><con:endpoint>https://192.168.24.17:8443/services/CivilStatusDocumentService_v1.0</con:endpoint><con:request><![CDATA[<soapenv:Envelope xmlns:soapenv="http://schemas.xmlsoap.org/soap/envelope/" xmlns:v1="http://fidus.brussels/service/civilstatusdocumentservice/messages/v1" xmlns:v11="http://fidus.brussels/type/common/messages/v1">
   <soapenv:Header/>
   <soapenv:Body>
      <v1:getExtractAsPdfRequest>
         <v1:messageContext>
           <v11:messageId>${=import static java.util.UUID.randomUUID; uuid = randomUUID() as String}</v11:messageId>
            <v11:timestamp>${=new java.text.SimpleDateFormat("yyyy-MM-dd'T'HH:mm:ss.SSS").format(new Date())}</v11:timestamp>
         </v1:messageContext>
         <v1:legalContext>ServiceIntegrator</v1:legalContext>
         <v1:request>
            <v1:documentReference>201800002991940</v1:documentReference>
            <v1:language>fr</v1:language>
         </v1:request>
      </v1:getExtractAsPdfRequest>
   </soapenv:Body>
</soapenv:Envelope>]]></con:request><con:credentials><con:selectedAuthProfile>Basic</con:selectedAuthProfile><con:addedBasicAuthenticationTypes>Basic</con:addedBasicAuthenticationTypes><con:authType>Global HTTP Settings</con:authType></con:credentials><con:jmsConfig JMSDeliveryMode="PERSISTENT"/><con:jmsPropertyConfig/><con:wsaConfig mustUnderstand="NONE" version="200508" action="http://fidus.brussels/services/civilstatusdocumentservice/getExtractAsPdf"/><con:wsrmConfig version="1.2"/></con:call></con:operation><con:operation id="90ea8327-a5ef-4cb3-a04a-400824cdbeb5" isOneWay="false" action="http://fidus.brussels/services/civilstatusdocumentservice/saveOrUpdateDocument" name="saveOrUpdateDocument" bindingOperationName="saveOrUpdateDocument" type="Request-Response" inputName="" receivesAttachments="false" sendsAttachments="false" anonymous="optional"><con:settings/><con:call id="5e7b6b99-3bc1-455b-89c9-9d14a7eea4e9" name="1 - Local - Request" outgoingWss="Outflow DEV" incomingWss="Inflow DEV"><con:settings><con:setting id="com.eviware.soapui.impl.wsdl.WsdlRequest@request-headers">&lt;xml-fragment/></con:setting></con:settings><con:encoding>UTF-8</con:encoding><con:endpoint>https://192.168.22.53:8443/services/CivilStatusDocumentService_v1.0</con:endpoint><con:request><![CDATA[<soapenv:Envelope xmlns:soapenv="http://schemas.xmlsoap.org/soap/envelope/" xmlns:v1="http://fidus.brussels/service/civilstatusdocumentservice/messages/v1" xmlns:v11="http://fidus.brussels/type/common/messages/v1" xmlns:core="http://www.fgov.be/dabs/core">
   <soapenv:Header/>
   <soapenv:Body>
      <v1:saveOrUpdateDocumentRequest>
         <v1:messageContext>
           <v11:messageId>${=import static java.util.UUID.randomUUID; uuid = randomUUID() as String}</v11:messageId>
            <v11:timestamp>${=new java.text.SimpleDateFormat("yyyy-MM-dd'T'HH:mm:ss.SSS").format(new Date())}</v11:timestamp>
         </v1:messageContext>
         <v1:legalContext>ServiceIntegrator</v1:legalContext>
         <v1:request>         
            <v1:language>fr</v1:language>
            <v1:municipalityCode>d1051</v1:municipalityCode>
            <v1:saveOrUpdateDocument>
          <document xmlns:xsi="http://www.w3.org/2001/XMLSchema-instance" xsi:type="core:marriageCertificate">
           <attachments/>
           <certificateOriginType>FOREIGN_CERTIFICATE</certificateOriginType>
           <factDate>
              <day>22</day>
              <month>12</month>
              <year>2011</year>
           </factDate>
           <establishingDate>2018-07-17</establishingDate>
           <redactionPlace>
              <municipalityCode>12007</municipalityCode>
              <countryCode>150</countryCode>
              <countryFreeText>test</countryFreeText>
           </redactionPlace>
           <origin>DABS</origin>
           <persons>
              <person>
                 <origin>RR</origin>
                 <nobilityFree/>
                 <birthPlace>
                    <municipalityCode>12010</municipalityCode>
                    <countryCode>150</countryCode>
                    <countryFreeText>test</countryFreeText>
                 </birthPlace>
                 <birthDate>
                    <day>11</day>
                    <month>1</month>
                    <year>1980</year>
                 </birthDate>
                 <firstname>Katrien</firstname>
                 <lastname>De Bondt</lastname>
                 <roles>
                    <role>SPOUSE_2</role>
                 </roles>
                 <personNumber>11234</personNumber>
              </person>
              <person>
                 <origin>RR</origin>
                 <nobilityFree/>
                 <birthPlace>
                    <municipalityFreeText>Budel</municipalityFreeText>
                    <countryCode>129</countryCode>
                    <countryFreeText>test</countryFreeText>
                 </birthPlace>
                 <birthDate>
                    <day>5</day>
                    <month>7</month>
                    <year>1979</year>
                 </birthDate>
                 <firstname>Bram Tonny Gerda</firstname>
                 <lastname>Van Huffel</lastname>
                 <roles>
                    <role>SPOUSE_1</role>
                 </roles>
                 <personNumber>1125000</personNumber>
              </person>
              <person>
                 <origin>RR</origin>
                 <birthPlace>
                    <municipalityCode>12007</municipalityCode>
                    <countryCode>150</countryCode>
                    <countryFreeText>test</countryFreeText>
                 </birthPlace>
                 <birthDate>
                    <day>1</day>
                    <month>4</month>
                    <year>1986</year>
                 </birthDate>
                 <firstname>Mounir</firstname>
                 <lastname>Ouchan</lastname>
                 <roles>
                    <role>ABS</role>
                 </roles>
                 <personNumber>86040128370</personNumber>
              </person>
           </persons>
           <oldDocumentReference>2018/33</oldDocumentReference>
           <docState>FINAL</docState>
        </document>
            </v1:saveOrUpdateDocument>
         </v1:request>
      </v1:saveOrUpdateDocumentRequest>
   </soapenv:Body>
</soapenv:Envelope>]]></con:request><con:credentials><con:selectedAuthProfile>Basic</con:selectedAuthProfile><con:addedBasicAuthenticationTypes>Basic</con:addedBasicAuthenticationTypes><con:authType>Global HTTP Settings</con:authType></con:credentials><con:jmsConfig JMSDeliveryMode="PERSISTENT"/><con:jmsPropertyConfig/><con:wsaConfig mustUnderstand="NONE" version="200508" action="http://fidus.brussels/services/civilstatusdocumentservice/saveOrUpdateDocument"/><con:wsrmConfig version="1.2"/></con:call><con:call id="41d5e90d-881b-4c15-8645-cbf86ab0919e" name="2 - Dev - Request" outgoingWss="Outflow DEV" incomingWss="Inflow DEV"><con:settings><con:setting id="com.eviware.soapui.impl.wsdl.WsdlRequest@request-headers">&lt;xml-fragment/></con:setting></con:settings><con:encoding>UTF-8</con:encoding><con:endpoint>https://192.168.36.61:8243/services/CivilStatusDocumentService_v1.0</con:endpoint><con:request><![CDATA[<soapenv:Envelope xmlns:soapenv="http://schemas.xmlsoap.org/soap/envelope/" xmlns:v1="http://fidus.brussels/service/civilstatusdocumentservice/messages/v1" xmlns:v11="http://fidus.brussels/type/common/messages/v1" xmlns:core="http://www.fgov.be/dabs/core">
   <soapenv:Header/>
   <soapenv:Body>
      <v1:saveOrUpdateDocumentRequest>
         <v1:messageContext>
           <v11:messageId>${=import static java.util.UUID.randomUUID; uuid = randomUUID() as String}</v11:messageId>
            <v11:timestamp>${=new java.text.SimpleDateFormat("yyyy-MM-dd'T'HH:mm:ss.SSS").format(new Date())}</v11:timestamp>
         </v1:messageContext>
         <v1:legalContext>ServiceIntegrator</v1:legalContext>
         <v1:request>
            <v1:language>fr</v1:language>
            <v1:saveOrUpdateDocument>
          <core:document xmlns:xsi="http://www.w3.org/2001/XMLSchema-instance" xsi:type="core:marriageCertificate">
           <core:attachments/>
           <core:certificateOriginType>FOREIGN_CERTIFICATE</core:certificateOriginType>
           <core:factDate>
              <core:day>22</core:day>
              <core:month>12</core:month>
              <core:year>2011</core:year>
           </core:factDate>
           <core:establishingDate>2018-07-17</core:establishingDate>
           <core:redactionPlace>
              <core:municipalityCode>12007</core:municipalityCode>
              <core:countryCode>150</core:countryCode>
              <core:countryFreeText>test</core:countryFreeText>
           </core:redactionPlace>
           <core:origin>DABS</core:origin>
           <core:persons>
              <core:person>
                 <core:origin>RR</core:origin>
                 <core:nobilityFree/>
                 <core:birthPlace>
                    <core:municipalityCode>12010</core:municipalityCode>
                    <core:countryCode>150</core:countryCode>
                    <core:countryFreeText>test</core:countryFreeText>
                 </core:birthPlace>
                 <core:birthDate>
                    <core:day>11</core:day>
                    <core:month>1</core:month>
                    <core:year>1980</core:year>
                 </core:birthDate>
                 <core:firstname>Katrien</core:firstname>
                 <core:lastname>De Bondt</core:lastname>
                 <core:roles>
                    <core:role>SPOUSE_2</core:role>
                 </core:roles>
                 <core:personNumber>11234</core:personNumber>
              </core:person>
              <core:person>
                 <core:origin>RR</core:origin>
                 <core:nobilityFree/>
                 <core:birthPlace>
                    <core:municipalityFreeText>Budel</core:municipalityFreeText>
                    <core:countryCode>129</core:countryCode>
                    <core:countryFreeText>test</core:countryFreeText>
                 </core:birthPlace>
                 <core:birthDate>
                    <core:day>5</core:day>
                    <core:month>7</core:month>
                    <core:year>1979</core:year>
                 </core:birthDate>
                 <core:firstname>Bram Tonny Gerda</core:firstname>
                 <core:lastname>Van Huffel</core:lastname>
                 <core:roles>
                    <core:role>SPOUSE_1</core:role>
                 </core:roles>
                 <core:personNumber>1125000</core:personNumber>
              </core:person>
              <core:person>
                 <core:origin>RR</core:origin>
                 <core:birthPlace>
                    <core:municipalityCode>12007</core:municipalityCode>
                    <core:countryCode>150</core:countryCode>
                    <core:countryFreeText>test</core:countryFreeText>
                 </core:birthPlace>
                 <core:birthDate>
                    <core:day>1</core:day>
                    <core:month>4</core:month>
                    <core:year>1986</core:year>
                 </core:birthDate>
                 <core:firstname>Mounir</core:firstname>
                 <core:lastname>Ouchan</core:lastname>
                 <core:roles>
                    <core:role>ABS</core:role>
                 </core:roles>
                 <core:personNumber>86040128370</core:personNumber>
              </core:person>
           </core:persons>
           <core:oldDocumentReference>2018/33</core:oldDocumentReference>
           <core:docState>FINAL</core:docState>
        </core:document>
            </v1:saveOrUpdateDocument>
         </v1:request>
      </v1:saveOrUpdateDocumentRequest>
   </soapenv:Body>
</soapenv:Envelope>]]></con:request><con:credentials><con:selectedAuthProfile>Basic</con:selectedAuthProfile><con:addedBasicAuthenticationTypes>Basic</con:addedBasicAuthenticationTypes><con:authType>Global HTTP Settings</con:authType></con:credentials><con:jmsConfig JMSDeliveryMode="PERSISTENT"/><con:jmsPropertyConfig/><con:wsaConfig mustUnderstand="NONE" version="200508" action="http://fidus.brussels/services/civilstatusdocumentservice/saveOrUpdateDocument"/><con:wsrmConfig version="1.2"/></con:call><con:call id="eac88628-b94e-4b74-8fef-f4dfc0a456b5" name="3 -Test - External - Request" outgoingWss="Outflow Test" incomingWss="Inflow Test"><con:settings><con:setting id="com.eviware.soapui.impl.wsdl.WsdlRequest@request-headers">&lt;xml-fragment/></con:setting></con:settings><con:encoding>UTF-8</con:encoding><con:endpoint>https://esb-security-gw.sta.srv.cirb.lan:8443/services/CivilStatusDocumentService_v1.0</con:endpoint><con:request><![CDATA[<soapenv:Envelope xmlns:soapenv="http://schemas.xmlsoap.org/soap/envelope/" xmlns:v1="http://fidus.brussels/service/civilstatusdocumentservice/messages/v1" xmlns:v11="http://fidus.brussels/type/common/messages/v1" xmlns:core="http://www.fgov.be/dabs/core">
   <soapenv:Header/>
   <soapenv:Body>
      <v1:saveOrUpdateDocumentRequest>
         <v1:messageContext>
           <v11:messageId>${=import static java.util.UUID.randomUUID; uuid = randomUUID() as String}</v11:messageId>
            <v11:timestamp>${=new java.text.SimpleDateFormat("yyyy-MM-dd'T'HH:mm:ss.SSS").format(new Date())}</v11:timestamp>
         </v1:messageContext>
         <v1:legalContext>ServiceIntegrator</v1:legalContext>
         <v1:request>
            <v1:language>fr</v1:language>
            <v1:saveOrUpdateDocument>
          <core:document xmlns:xsi="http://www.w3.org/2001/XMLSchema-instance" xsi:type="core:marriageCertificate">
           <core:attachments/>
           <core:certificateOriginType>FOREIGN_CERTIFICATE</core:certificateOriginType>
           <core:factDate>
              <core:day>22</core:day>
              <core:month>12</core:month>
              <core:year>2011</core:year>
           </core:factDate>
           <core:establishingDate>2018-07-17</core:establishingDate>
           <core:redactionPlace>
              <core:municipalityCode>12007</core:municipalityCode>
              <core:countryCode>150</core:countryCode>
              <core:countryFreeText>test</core:countryFreeText>
           </core:redactionPlace>
           <core:origin>DABS</core:origin>
           <core:persons>
              <core:person>
                 <core:origin>RR</core:origin>
                 <core:nobilityFree/>
                 <core:birthPlace>
                    <core:municipalityCode>12010</core:municipalityCode>
                    <core:countryCode>150</core:countryCode>
                    <core:countryFreeText>test</core:countryFreeText>
                 </core:birthPlace>
                 <core:birthDate>
                    <core:day>11</core:day>
                    <core:month>1</core:month>
                    <core:year>1980</core:year>
                 </core:birthDate>
                 <core:firstname>Katrien</core:firstname>
                 <core:lastname>De Bondt</core:lastname>
                 <core:roles>
                    <core:role>SPOUSE_2</core:role>
                 </core:roles>
                 <core:personNumber>11234</core:personNumber>
              </core:person>
              <core:person>
                 <core:origin>RR</core:origin>
                 <core:nobilityFree/>
                 <core:birthPlace>
                    <core:municipalityFreeText>Budel</core:municipalityFreeText>
                    <core:countryCode>129</core:countryCode>
                    <core:countryFreeText>test</core:countryFreeText>
                 </core:birthPlace>
                 <core:birthDate>
                    <core:day>5</core:day>
                    <core:month>7</core:month>
                    <core:year>1979</core:year>
                 </core:birthDate>
                 <core:firstname>Bram Tonny Gerda</core:firstname>
                 <core:lastname>Van Huffel</core:lastname>
                 <core:roles>
                    <core:role>SPOUSE_1</core:role>
                 </core:roles>
                 <core:personNumber>1125000</core:personNumber>
              </core:person>
              <core:person>
                 <core:origin>RR</core:origin>
                 <core:birthPlace>
                    <core:municipalityCode>12007</core:municipalityCode>
                    <core:countryCode>150</core:countryCode>
                    <core:countryFreeText>test</core:countryFreeText>
                 </core:birthPlace>
                 <core:birthDate>
                    <core:day>1</core:day>
                    <core:month>4</core:month>
                    <core:year>1986</core:year>
                 </core:birthDate>
                 <core:firstname>Mounir</core:firstname>
                 <core:lastname>Ouchan</core:lastname>
                 <core:roles>
                    <core:role>ABS</core:role>
                 </core:roles>
                 <core:personNumber>86040128370</core:personNumber>
              </core:person>
           </core:persons>
           <core:oldDocumentReference>2018/33</core:oldDocumentReference>
           <core:docState>FINAL</core:docState>
        </core:document>
            </v1:saveOrUpdateDocument>
         </v1:request>
      </v1:saveOrUpdateDocumentRequest>
   </soapenv:Body>
</soapenv:Envelope>]]></con:request><con:credentials><con:selectedAuthProfile>Basic</con:selectedAuthProfile><con:addedBasicAuthenticationTypes>Basic</con:addedBasicAuthenticationTypes><con:authType>Global HTTP Settings</con:authType></con:credentials><con:jmsConfig JMSDeliveryMode="PERSISTENT"/><con:jmsPropertyConfig/><con:wsaConfig mustUnderstand="NONE" version="200508" action="http://fidus.brussels/services/civilstatusdocumentservice/saveOrUpdateDocument"/><con:wsrmConfig version="1.2"/></con:call><con:call id="c70dcaac-cf0a-41d0-8b64-f89111c71cec" name="3 -Test - LB - Request" outgoingWss="Outflow Test" incomingWss="Inflow Test"><con:settings><con:setting id="com.eviware.soapui.impl.wsdl.WsdlRequest@request-headers">&lt;xml-fragment/></con:setting></con:settings><con:encoding>UTF-8</con:encoding><con:endpoint>https://fidus-test.irisnetlab.be/services/CivilStatusDocumentService_v1.0</con:endpoint><con:request><![CDATA[<soapenv:Envelope xmlns:soapenv="http://schemas.xmlsoap.org/soap/envelope/" xmlns:v1="http://fidus.brussels/service/civilstatusdocumentservice/messages/v1" xmlns:v11="http://fidus.brussels/type/common/messages/v1" xmlns:core="http://www.fgov.be/dabs/core">
   <soapenv:Header/>
   <soapenv:Body>
      <v1:saveOrUpdateDocumentRequest>
         <v1:messageContext>
           <v11:messageId>${=import static java.util.UUID.randomUUID; uuid = randomUUID() as String}</v11:messageId>
            <v11:timestamp>${=new java.text.SimpleDateFormat("yyyy-MM-dd'T'HH:mm:ss.SSS").format(new Date())}</v11:timestamp>
         </v1:messageContext>
         <v1:legalContext>ServiceIntegrator</v1:legalContext>
         <v1:request>
            <v1:language>fr</v1:language>
            <v1:saveOrUpdateDocument>
          <core:document xmlns:xsi="http://www.w3.org/2001/XMLSchema-instance" xsi:type="core:marriageCertificate">
           <core:attachments/>
           <core:certificateOriginType>FOREIGN_CERTIFICATE</core:certificateOriginType>
           <core:factDate>
              <core:day>22</core:day>
              <core:month>12</core:month>
              <core:year>2011</core:year>
           </core:factDate>
           <core:establishingDate>2018-07-17</core:establishingDate>
           <core:redactionPlace>
              <core:municipalityCode>12007</core:municipalityCode>
              <core:countryCode>150</core:countryCode>
              <core:countryFreeText>test</core:countryFreeText>
           </core:redactionPlace>
           <core:origin>DABS</core:origin>
           <core:persons>
              <core:person>
                 <core:origin>RR</core:origin>
                 <core:nobilityFree/>
                 <core:birthPlace>
                    <core:municipalityCode>12010</core:municipalityCode>
                    <core:countryCode>150</core:countryCode>
                    <core:countryFreeText>test</core:countryFreeText>
                 </core:birthPlace>
                 <core:birthDate>
                    <core:day>11</core:day>
                    <core:month>1</core:month>
                    <core:year>1980</core:year>
                 </core:birthDate>
                 <core:firstname>Katrien</core:firstname>
                 <core:lastname>De Bondt</core:lastname>
                 <core:roles>
                    <core:role>SPOUSE_2</core:role>
                 </core:roles>
                 <core:personNumber>11234</core:personNumber>
              </core:person>
              <core:person>
                 <core:origin>RR</core:origin>
                 <core:nobilityFree/>
                 <core:birthPlace>
                    <core:municipalityFreeText>Budel</core:municipalityFreeText>
                    <core:countryCode>129</core:countryCode>
                    <core:countryFreeText>test</core:countryFreeText>
                 </core:birthPlace>
                 <core:birthDate>
                    <core:day>5</core:day>
                    <core:month>7</core:month>
                    <core:year>1979</core:year>
                 </core:birthDate>
                 <core:firstname>Bram Tonny Gerda</core:firstname>
                 <core:lastname>Van Huffel</core:lastname>
                 <core:roles>
                    <core:role>SPOUSE_1</core:role>
                 </core:roles>
                 <core:personNumber>1125000</core:personNumber>
              </core:person>
              <core:person>
                 <core:origin>RR</core:origin>
                 <core:birthPlace>
                    <core:municipalityCode>12007</core:municipalityCode>
                    <core:countryCode>150</core:countryCode>
                    <core:countryFreeText>test</core:countryFreeText>
                 </core:birthPlace>
                 <core:birthDate>
                    <core:day>1</core:day>
                    <core:month>4</core:month>
                    <core:year>1986</core:year>
                 </core:birthDate>
                 <core:firstname>Mounir</core:firstname>
                 <core:lastname>Ouchan</core:lastname>
                 <core:roles>
                    <core:role>ABS</core:role>
                 </core:roles>
                 <core:personNumber>86040128370</core:personNumber>
              </core:person>
           </core:persons>
           <core:oldDocumentReference>2018/33</core:oldDocumentReference>
           <core:docState>FINAL</core:docState>
        </core:document>
            </v1:saveOrUpdateDocument>
         </v1:request>
      </v1:saveOrUpdateDocumentRequest>
   </soapenv:Body>
</soapenv:Envelope>]]></con:request><con:credentials><con:selectedAuthProfile>Basic</con:selectedAuthProfile><con:addedBasicAuthenticationTypes>Basic</con:addedBasicAuthenticationTypes><con:authType>Global HTTP Settings</con:authType></con:credentials><con:jmsConfig JMSDeliveryMode="PERSISTENT"/><con:jmsPropertyConfig/><con:wsaConfig mustUnderstand="NONE" version="200508" action="http://fidus.brussels/services/civilstatusdocumentservice/saveOrUpdateDocument"/><con:wsrmConfig version="1.2"/></con:call><con:call id="568b610f-610a-435c-83d4-602b881ef394" name="3 -Test - Worker1 - Request" outgoingWss="Outflow Test" incomingWss="Inflow Test"><con:settings><con:setting id="com.eviware.soapui.impl.wsdl.WsdlRequest@request-headers">&lt;xml-fragment/></con:setting></con:settings><con:encoding>UTF-8</con:encoding><con:endpoint>https://192.168.22.53:8443/services/CivilStatusDocumentService_v1.0</con:endpoint><con:request><![CDATA[<soapenv:Envelope xmlns:soapenv="http://schemas.xmlsoap.org/soap/envelope/" xmlns:v1="http://fidus.brussels/service/civilstatusdocumentservice/messages/v1" xmlns:v11="http://fidus.brussels/type/common/messages/v1" xmlns:core="http://www.fgov.be/dabs/core">
   <soapenv:Header/>
   <soapenv:Body>
      <v1:saveOrUpdateDocumentRequest>
         <v1:messageContext>
           <v11:messageId>${=import static java.util.UUID.randomUUID; uuid = randomUUID() as String}</v11:messageId>
            <v11:timestamp>${=new java.text.SimpleDateFormat("yyyy-MM-dd'T'HH:mm:ss.SSS").format(new Date())}</v11:timestamp>
         </v1:messageContext>
         <v1:legalContext>ServiceIntegrator</v1:legalContext>
         <v1:request>         
            <v1:language>fr</v1:language>
            <v1:municipalityCode>d1051</v1:municipalityCode>
            <v1:saveOrUpdateDocument>
          <document xmlns:xsi="http://www.w3.org/2001/XMLSchema-instance" xsi:type="core:marriageCertificate">
           <attachments/>
           <certificateOriginType>FOREIGN_CERTIFICATE</certificateOriginType>
           <factDate>
              <day>22</day>
              <month>12</month>
              <year>2011</year>
           </factDate>
           <establishingDate>2018-07-17</establishingDate>
           <redactionPlace>
              <municipalityCode>12007</municipalityCode>
              <countryCode>150</countryCode>
              <countryFreeText>test</countryFreeText>
           </redactionPlace>
           <origin>DABS</origin>
           <persons>
              <person>
                 <origin>RR</origin>
                 <nobilityFree/>
                 <birthPlace>
                    <municipalityCode>12010</municipalityCode>
                    <countryCode>150</countryCode>
                    <countryFreeText>test</countryFreeText>
                 </birthPlace>
                 <birthDate>
                    <day>11</day>
                    <month>1</month>
                    <year>1980</year>
                 </birthDate>
                 <firstname>Katrien</firstname>
                 <lastname>De Bondt</lastname>
                 <roles>
                    <role>SPOUSE_2</role>
                 </roles>
                 <personNumber>11234</personNumber>
              </person>
              <person>
                 <origin>RR</origin>
                 <nobilityFree/>
                 <birthPlace>
                    <municipalityFreeText>Budel</municipalityFreeText>
                    <countryCode>129</countryCode>
                    <countryFreeText>test</countryFreeText>
                 </birthPlace>
                 <birthDate>
                    <day>5</day>
                    <month>7</month>
                    <year>1979</year>
                 </birthDate>
                 <firstname>Bram Tonny Gerda</firstname>
                 <lastname>Van Huffel</lastname>
                 <roles>
                    <role>SPOUSE_1</role>
                 </roles>
                 <personNumber>1125000</personNumber>
              </person>
              <person>
                 <origin>RR</origin>
                 <birthPlace>
                    <municipalityCode>12007</municipalityCode>
                    <countryCode>150</countryCode>
                    <countryFreeText>test</countryFreeText>
                 </birthPlace>
                 <birthDate>
                    <day>1</day>
                    <month>4</month>
                    <year>1986</year>
                 </birthDate>
                 <firstname>Mounir</firstname>
                 <lastname>Ouchan</lastname>
                 <roles>
                    <role>ABS</role>
                 </roles>
                 <personNumber>86040128370</personNumber>
              </person>
           </persons>
           <oldDocumentReference>2018/33</oldDocumentReference>
           <docState>FINAL</docState>
        </document>
            </v1:saveOrUpdateDocument>
         </v1:request>
      </v1:saveOrUpdateDocumentRequest>
   </soapenv:Body>
</soapenv:Envelope>]]></con:request><con:credentials><con:selectedAuthProfile>Basic</con:selectedAuthProfile><con:addedBasicAuthenticationTypes>Basic</con:addedBasicAuthenticationTypes><con:authType>Global HTTP Settings</con:authType></con:credentials><con:jmsConfig JMSDeliveryMode="PERSISTENT"/><con:jmsPropertyConfig/><con:wsaConfig mustUnderstand="NONE" version="200508" action="http://fidus.brussels/services/civilstatusdocumentservice/saveOrUpdateDocument"/><con:wsrmConfig version="1.2"/></con:call><con:call id="e420b70a-f10d-45ec-802d-2b94b973f69c" name="3 -Test - Worker2 - Request" outgoingWss="Outflow Test" incomingWss="Inflow Test"><con:settings><con:setting id="com.eviware.soapui.impl.wsdl.WsdlRequest@request-headers">&lt;xml-fragment/></con:setting></con:settings><con:encoding>UTF-8</con:encoding><con:endpoint>https://192.168.22.54:8443/services/CivilStatusDocumentService_v1.0</con:endpoint><con:request><![CDATA[<soapenv:Envelope xmlns:soapenv="http://schemas.xmlsoap.org/soap/envelope/" xmlns:v1="http://fidus.brussels/service/civilstatusdocumentservice/messages/v1" xmlns:v11="http://fidus.brussels/type/common/messages/v1" xmlns:core="http://www.fgov.be/dabs/core">
   <soapenv:Header/>
   <soapenv:Body>
      <v1:saveOrUpdateDocumentRequest>
         <v1:messageContext>
           <v11:messageId>${=import static java.util.UUID.randomUUID; uuid = randomUUID() as String}</v11:messageId>
            <v11:timestamp>${=new java.text.SimpleDateFormat("yyyy-MM-dd'T'HH:mm:ss.SSS").format(new Date())}</v11:timestamp>
         </v1:messageContext>
         <v1:legalContext>ServiceIntegrator</v1:legalContext>
         <v1:request>         
            <v1:language>fr</v1:language>
            <v1:municipalityCode>d1051</v1:municipalityCode>
            <v1:saveOrUpdateDocument>
          <document xmlns:xsi="http://www.w3.org/2001/XMLSchema-instance" xsi:type="core:marriageCertificate">
           <attachments/>
           <certificateOriginType>FOREIGN_CERTIFICATE</certificateOriginType>
           <factDate>
              <day>22</day>
              <month>12</month>
              <year>2011</year>
           </factDate>
           <establishingDate>2018-07-17</establishingDate>
           <redactionPlace>
              <municipalityCode>12007</municipalityCode>
              <countryCode>150</countryCode>
              <countryFreeText>test</countryFreeText>
           </redactionPlace>
           <origin>DABS</origin>
           <persons>
              <person>
                 <origin>RR</origin>
                 <nobilityFree/>
                 <birthPlace>
                    <municipalityCode>12010</municipalityCode>
                    <countryCode>150</countryCode>
                    <countryFreeText>test</countryFreeText>
                 </birthPlace>
                 <birthDate>
                    <day>11</day>
                    <month>1</month>
                    <year>1980</year>
                 </birthDate>
                 <firstname>Katrien</firstname>
                 <lastname>De Bondt</lastname>
                 <roles>
                    <role>SPOUSE_2</role>
                 </roles>
                 <personNumber>11234</personNumber>
              </person>
              <person>
                 <origin>RR</origin>
                 <nobilityFree/>
                 <birthPlace>
                    <municipalityFreeText>Budel</municipalityFreeText>
                    <countryCode>129</countryCode>
                    <countryFreeText>test</countryFreeText>
                 </birthPlace>
                 <birthDate>
                    <day>5</day>
                    <month>7</month>
                    <year>1979</year>
                 </birthDate>
                 <firstname>Bram Tonny Gerda</firstname>
                 <lastname>Van Huffel</lastname>
                 <roles>
                    <role>SPOUSE_1</role>
                 </roles>
                 <personNumber>1125000</personNumber>
              </person>
              <person>
                 <origin>RR</origin>
                 <birthPlace>
                    <municipalityCode>12007</municipalityCode>
                    <countryCode>150</countryCode>
                    <countryFreeText>test</countryFreeText>
                 </birthPlace>
                 <birthDate>
                    <day>1</day>
                    <month>4</month>
                    <year>1986</year>
                 </birthDate>
                 <firstname>Mounir</firstname>
                 <lastname>Ouchan</lastname>
                 <roles>
                    <role>ABS</role>
                 </roles>
                 <personNumber>86040128370</personNumber>
              </person>
           </persons>
           <oldDocumentReference>2018/33</oldDocumentReference>
           <docState>FINAL</docState>
        </document>
            </v1:saveOrUpdateDocument>
         </v1:request>
      </v1:saveOrUpdateDocumentRequest>
   </soapenv:Body>
</soapenv:Envelope>]]></con:request><con:credentials><con:selectedAuthProfile>Basic</con:selectedAuthProfile><con:addedBasicAuthenticationTypes>Basic</con:addedBasicAuthenticationTypes><con:authType>Global HTTP Settings</con:authType></con:credentials><con:jmsConfig JMSDeliveryMode="PERSISTENT"/><con:jmsPropertyConfig/><con:wsaConfig mustUnderstand="NONE" version="200508" action="http://fidus.brussels/services/civilstatusdocumentservice/saveOrUpdateDocument"/><con:wsrmConfig version="1.2"/></con:call><con:call id="3278b14d-f8e4-44c9-a538-647ab0f321ab" name="4 - Staging - External - Request"><con:settings><con:setting id="com.eviware.soapui.impl.wsdl.WsdlRequest@request-headers">&lt;xml-fragment/></con:setting></con:settings><con:encoding>UTF-8</con:encoding><con:endpoint>https://fidus.irisnetlab.be/services/CivilStatusDocumentService_v1.0</con:endpoint><con:request><![CDATA[<soapenv:Envelope xmlns:soapenv="http://schemas.xmlsoap.org/soap/envelope/" xmlns:v1="http://fidus.brussels/service/civilstatusdocumentservice/messages/v1" xmlns:v11="http://fidus.brussels/type/common/messages/v1" xmlns:core="http://www.fgov.be/dabs/core">
   <soapenv:Header/>
   <soapenv:Body>
      <v1:saveOrUpdateDocumentRequest>
         <v1:messageContext>
           <v11:messageId>${=import static java.util.UUID.randomUUID; uuid = randomUUID() as String}</v11:messageId>
            <v11:timestamp>${=new java.text.SimpleDateFormat("yyyy-MM-dd'T'HH:mm:ss.SSS").format(new Date())}</v11:timestamp>
         </v1:messageContext>
         <v1:legalContext>ServiceIntegrator</v1:legalContext>
         <v1:request>         
            <v1:language>fr</v1:language>
            <v1:municipalityCode>d1051</v1:municipalityCode>
            <v1:saveOrUpdateDocument>
          <document xmlns:xsi="http://www.w3.org/2001/XMLSchema-instance" xsi:type="core:marriageCertificate">
           <attachments/>
           <certificateOriginType>FOREIGN_CERTIFICATE</certificateOriginType>
           <factDate>
              <day>22</day>
              <month>12</month>
              <year>2011</year>
           </factDate>
           <establishingDate>2018-07-17</establishingDate>
           <redactionPlace>
              <municipalityCode>12007</municipalityCode>
              <countryCode>150</countryCode>
              <countryFreeText>test</countryFreeText>
           </redactionPlace>
           <origin>DABS</origin>
           <persons>
              <person>
                 <origin>RR</origin>
                 <nobilityFree/>
                 <birthPlace>
                    <municipalityCode>12010</municipalityCode>
                    <countryCode>150</countryCode>
                    <countryFreeText>test</countryFreeText>
                 </birthPlace>
                 <birthDate>
                    <day>11</day>
                    <month>1</month>
                    <year>1980</year>
                 </birthDate>
                 <firstname>Katrien</firstname>
                 <lastname>De Bondt</lastname>
                 <roles>
                    <role>SPOUSE_2</role>
                 </roles>
                 <personNumber>11234</personNumber>
              </person>
              <person>
                 <origin>RR</origin>
                 <nobilityFree/>
                 <birthPlace>
                    <municipalityFreeText>Budel</municipalityFreeText>
                    <countryCode>129</countryCode>
                    <countryFreeText>test</countryFreeText>
                 </birthPlace>
                 <birthDate>
                    <day>5</day>
                    <month>7</month>
                    <year>1979</year>
                 </birthDate>
                 <firstname>Bram Tonny Gerda</firstname>
                 <lastname>Van Huffel</lastname>
                 <roles>
                    <role>SPOUSE_1</role>
                 </roles>
                 <personNumber>1125000</personNumber>
              </person>
              <person>
                 <origin>RR</origin>
                 <birthPlace>
                    <municipalityCode>12007</municipalityCode>
                    <countryCode>150</countryCode>
                    <countryFreeText>test</countryFreeText>
                 </birthPlace>
                 <birthDate>
                    <day>1</day>
                    <month>4</month>
                    <year>1986</year>
                 </birthDate>
                 <firstname>Mounir</firstname>
                 <lastname>Ouchan</lastname>
                 <roles>
                    <role>ABS</role>
                 </roles>
                 <personNumber>86040128370</personNumber>
              </person>
           </persons>
           <oldDocumentReference>2018/33</oldDocumentReference>
           <docState>FINAL</docState>
        </document>
            </v1:saveOrUpdateDocument>
         </v1:request>
      </v1:saveOrUpdateDocumentRequest>
   </soapenv:Body>
</soapenv:Envelope>]]></con:request><con:credentials><con:selectedAuthProfile>Basic</con:selectedAuthProfile><con:addedBasicAuthenticationTypes>Basic</con:addedBasicAuthenticationTypes><con:authType>Global HTTP Settings</con:authType></con:credentials><con:jmsConfig JMSDeliveryMode="PERSISTENT"/><con:jmsPropertyConfig/><con:wsaConfig mustUnderstand="NONE" version="200508" action="http://fidus.brussels/services/civilstatusdocumentservice/saveOrUpdateDocument"/><con:wsrmConfig version="1.2"/></con:call><con:call id="55a9ee53-6a25-464a-890f-a2e8c8e817b1" name="4 - Staging - LB - Request"><con:settings><con:setting id="com.eviware.soapui.impl.wsdl.WsdlRequest@request-headers">&lt;xml-fragment/></con:setting></con:settings><con:encoding>UTF-8</con:encoding><con:endpoint>https://fidus-esb-sg.sta.srv.cirb.lan:8443/services/CivilStatusDocumentService_v1.0</con:endpoint><con:request><![CDATA[<soapenv:Envelope xmlns:soapenv="http://schemas.xmlsoap.org/soap/envelope/" xmlns:v1="http://fidus.brussels/service/civilstatusdocumentservice/messages/v1" xmlns:v11="http://fidus.brussels/type/common/messages/v1" xmlns:core="http://www.fgov.be/dabs/core">
   <soapenv:Header/>
   <soapenv:Body>
      <v1:saveOrUpdateDocumentRequest>
         <v1:messageContext>
           <v11:messageId>${=import static java.util.UUID.randomUUID; uuid = randomUUID() as String}</v11:messageId>
            <v11:timestamp>${=new java.text.SimpleDateFormat("yyyy-MM-dd'T'HH:mm:ss.SSS").format(new Date())}</v11:timestamp>
         </v1:messageContext>
         <v1:legalContext>ServiceIntegrator</v1:legalContext>
         <v1:request>         
            <v1:language>fr</v1:language>
            <v1:municipalityCode>d1051</v1:municipalityCode>
            <v1:saveOrUpdateDocument>
          <document xmlns:xsi="http://www.w3.org/2001/XMLSchema-instance" xsi:type="core:marriageCertificate">
           <attachments/>
           <certificateOriginType>FOREIGN_CERTIFICATE</certificateOriginType>
           <factDate>
              <day>22</day>
              <month>12</month>
              <year>2011</year>
           </factDate>
           <establishingDate>2018-07-17</establishingDate>
           <redactionPlace>
              <municipalityCode>12007</municipalityCode>
              <countryCode>150</countryCode>
              <countryFreeText>test</countryFreeText>
           </redactionPlace>
           <origin>DABS</origin>
           <persons>
              <person>
                 <origin>RR</origin>
                 <nobilityFree/>
                 <birthPlace>
                    <municipalityCode>12010</municipalityCode>
                    <countryCode>150</countryCode>
                    <countryFreeText>test</countryFreeText>
                 </birthPlace>
                 <birthDate>
                    <day>11</day>
                    <month>1</month>
                    <year>1980</year>
                 </birthDate>
                 <firstname>Katrien</firstname>
                 <lastname>De Bondt</lastname>
                 <roles>
                    <role>SPOUSE_2</role>
                 </roles>
                 <personNumber>11234</personNumber>
              </person>
              <person>
                 <origin>RR</origin>
                 <nobilityFree/>
                 <birthPlace>
                    <municipalityFreeText>Budel</municipalityFreeText>
                    <countryCode>129</countryCode>
                    <countryFreeText>test</countryFreeText>
                 </birthPlace>
                 <birthDate>
                    <day>5</day>
                    <month>7</month>
                    <year>1979</year>
                 </birthDate>
                 <firstname>Bram Tonny Gerda</firstname>
                 <lastname>Van Huffel</lastname>
                 <roles>
                    <role>SPOUSE_1</role>
                 </roles>
                 <personNumber>1125000</personNumber>
              </person>
              <person>
                 <origin>RR</origin>
                 <birthPlace>
                    <municipalityCode>12007</municipalityCode>
                    <countryCode>150</countryCode>
                    <countryFreeText>test</countryFreeText>
                 </birthPlace>
                 <birthDate>
                    <day>1</day>
                    <month>4</month>
                    <year>1986</year>
                 </birthDate>
                 <firstname>Mounir</firstname>
                 <lastname>Ouchan</lastname>
                 <roles>
                    <role>ABS</role>
                 </roles>
                 <personNumber>86040128370</personNumber>
              </person>
           </persons>
           <oldDocumentReference>2018/33</oldDocumentReference>
           <docState>FINAL</docState>
        </document>
            </v1:saveOrUpdateDocument>
         </v1:request>
      </v1:saveOrUpdateDocumentRequest>
   </soapenv:Body>
</soapenv:Envelope>]]></con:request><con:credentials><con:selectedAuthProfile>Basic</con:selectedAuthProfile><con:addedBasicAuthenticationTypes>Basic</con:addedBasicAuthenticationTypes><con:authType>Global HTTP Settings</con:authType></con:credentials><con:jmsConfig JMSDeliveryMode="PERSISTENT"/><con:jmsPropertyConfig/><con:wsaConfig mustUnderstand="NONE" version="200508" action="http://fidus.brussels/services/civilstatusdocumentservice/saveOrUpdateDocument"/><con:wsrmConfig version="1.2"/></con:call><con:call id="9a768038-f6ad-420e-bf65-e848ab45ac45" name="4 - Staging - Worker1 - Request" outgoingWss="Outflow Staging" incomingWss="inflow staging"><con:settings><con:setting id="com.eviware.soapui.impl.wsdl.WsdlRequest@request-headers">&lt;xml-fragment/></con:setting></con:settings><con:encoding>UTF-8</con:encoding><con:endpoint>https://192.168.24.16:8443/services/CivilStatusDocumentService_v1.0</con:endpoint><con:request><![CDATA[<soapenv:Envelope xmlns:soapenv="http://schemas.xmlsoap.org/soap/envelope/" xmlns:v1="http://fidus.brussels/service/civilstatusdocumentservice/messages/v1" xmlns:v11="http://fidus.brussels/type/common/messages/v1" xmlns:core="http://www.fgov.be/dabs/core">
   <soapenv:Header/>
   <soapenv:Body>
      <v1:saveOrUpdateDocumentRequest>
         <v1:messageContext>
           <v11:messageId>${=import static java.util.UUID.randomUUID; uuid = randomUUID() as String}</v11:messageId>
            <v11:timestamp>${=new java.text.SimpleDateFormat("yyyy-MM-dd'T'HH:mm:ss.SSS").format(new Date())}</v11:timestamp>
         </v1:messageContext>
         <v1:legalContext>ServiceIntegrator</v1:legalContext>
         <v1:request>         
            <v1:language>fr</v1:language>
            <v1:municipalityCode>d1051</v1:municipalityCode>
            <v1:saveOrUpdateDocument>
          <document xmlns:xsi="http://www.w3.org/2001/XMLSchema-instance" xsi:type="core:marriageCertificate">
           <attachments/>
           <certificateOriginType>FOREIGN_CERTIFICATE</certificateOriginType>
           <factDate>
              <day>22</day>
              <month>12</month>
              <year>2011</year>
           </factDate>
           <establishingDate>2018-07-17</establishingDate>
           <redactionPlace>
              <municipalityCode>12007</municipalityCode>
              <countryCode>150</countryCode>
              <countryFreeText>test</countryFreeText>
           </redactionPlace>
           <origin>DABS</origin>
           <persons>
              <person>
                 <origin>RR</origin>
                 <nobilityFree/>
                 <birthPlace>
                    <municipalityCode>12010</municipalityCode>
                    <countryCode>150</countryCode>
                    <countryFreeText>test</countryFreeText>
                 </birthPlace>
                 <birthDate>
                    <day>11</day>
                    <month>1</month>
                    <year>1980</year>
                 </birthDate>
                 <firstname>Katrien</firstname>
                 <lastname>De Bondt</lastname>
                 <roles>
                    <role>SPOUSE_2</role>
                 </roles>
                 <personNumber>11234</personNumber>
              </person>
              <person>
                 <origin>RR</origin>
                 <nobilityFree/>
                 <birthPlace>
                    <municipalityFreeText>Budel</municipalityFreeText>
                    <countryCode>129</countryCode>
                    <countryFreeText>test</countryFreeText>
                 </birthPlace>
                 <birthDate>
                    <day>5</day>
                    <month>7</month>
                    <year>1979</year>
                 </birthDate>
                 <firstname>Bram Tonny Gerda</firstname>
                 <lastname>Van Huffel</lastname>
                 <roles>
                    <role>SPOUSE_1</role>
                 </roles>
                 <personNumber>1125000</personNumber>
              </person>
              <person>
                 <origin>RR</origin>
                 <birthPlace>
                    <municipalityCode>12007</municipalityCode>
                    <countryCode>150</countryCode>
                    <countryFreeText>test</countryFreeText>
                 </birthPlace>
                 <birthDate>
                    <day>1</day>
                    <month>4</month>
                    <year>1986</year>
                 </birthDate>
                 <firstname>Mounir</firstname>
                 <lastname>Ouchan</lastname>
                 <roles>
                    <role>ABS</role>
                 </roles>
                 <personNumber>86040128370</personNumber>
              </person>
           </persons>
           <oldDocumentReference>2018/33</oldDocumentReference>
           <docState>FINAL</docState>
        </document>
            </v1:saveOrUpdateDocument>
         </v1:request>
      </v1:saveOrUpdateDocumentRequest>
   </soapenv:Body>
</soapenv:Envelope>]]></con:request><con:credentials><con:selectedAuthProfile>Basic</con:selectedAuthProfile><con:addedBasicAuthenticationTypes>Basic</con:addedBasicAuthenticationTypes><con:authType>Global HTTP Settings</con:authType></con:credentials><con:jmsConfig JMSDeliveryMode="PERSISTENT"/><con:jmsPropertyConfig/><con:wsaConfig mustUnderstand="NONE" version="200508" action="http://fidus.brussels/services/civilstatusdocumentservice/saveOrUpdateDocument"/><con:wsrmConfig version="1.2"/></con:call><con:call id="47ddaad0-3b20-49bf-9c3f-271d3d4b3e56" name="4 - Staging - Worker2 - Request" outgoingWss="Outflow Staging" incomingWss="inflow staging"><con:settings><con:setting id="com.eviware.soapui.impl.wsdl.WsdlRequest@request-headers">&lt;xml-fragment/></con:setting></con:settings><con:encoding>UTF-8</con:encoding><con:endpoint>https://192.168.24.17:8443/services/CivilStatusDocumentService_v1.0</con:endpoint><con:request><![CDATA[<soapenv:Envelope xmlns:soapenv="http://schemas.xmlsoap.org/soap/envelope/" xmlns:v1="http://fidus.brussels/service/civilstatusdocumentservice/messages/v1" xmlns:v11="http://fidus.brussels/type/common/messages/v1" xmlns:core="http://www.fgov.be/dabs/core">
   <soapenv:Header/>
   <soapenv:Body>
      <v1:saveOrUpdateDocumentRequest>
         <v1:messageContext>
           <v11:messageId>${=import static java.util.UUID.randomUUID; uuid = randomUUID() as String}</v11:messageId>
            <v11:timestamp>${=new java.text.SimpleDateFormat("yyyy-MM-dd'T'HH:mm:ss.SSS").format(new Date())}</v11:timestamp>
         </v1:messageContext>
         <v1:legalContext>ServiceIntegrator</v1:legalContext>
         <v1:request>         
            <v1:language>fr</v1:language>
            <v1:municipalityCode>d1051</v1:municipalityCode>
            <v1:saveOrUpdateDocument>
          <document xmlns:xsi="http://www.w3.org/2001/XMLSchema-instance" xsi:type="core:marriageCertificate">
           <attachments/>
           <certificateOriginType>FOREIGN_CERTIFICATE</certificateOriginType>
           <factDate>
              <day>22</day>
              <month>12</month>
              <year>2011</year>
           </factDate>
           <establishingDate>2018-07-17</establishingDate>
           <redactionPlace>
              <municipalityCode>12007</municipalityCode>
              <countryCode>150</countryCode>
              <countryFreeText>test</countryFreeText>
           </redactionPlace>
           <origin>DABS</origin>
           <persons>
              <person>
                 <origin>RR</origin>
                 <nobilityFree/>
                 <birthPlace>
                    <municipalityCode>12010</municipalityCode>
                    <countryCode>150</countryCode>
                    <countryFreeText>test</countryFreeText>
                 </birthPlace>
                 <birthDate>
                    <day>11</day>
                    <month>1</month>
                    <year>1980</year>
                 </birthDate>
                 <firstname>Katrien</firstname>
                 <lastname>De Bondt</lastname>
                 <roles>
                    <role>SPOUSE_2</role>
                 </roles>
                 <personNumber>11234</personNumber>
              </person>
              <person>
                 <origin>RR</origin>
                 <nobilityFree/>
                 <birthPlace>
                    <municipalityFreeText>Budel</municipalityFreeText>
                    <countryCode>129</countryCode>
                    <countryFreeText>test</countryFreeText>
                 </birthPlace>
                 <birthDate>
                    <day>5</day>
                    <month>7</month>
                    <year>1979</year>
                 </birthDate>
                 <firstname>Bram Tonny Gerda</firstname>
                 <lastname>Van Huffel</lastname>
                 <roles>
                    <role>SPOUSE_1</role>
                 </roles>
                 <personNumber>1125000</personNumber>
              </person>
              <person>
                 <origin>RR</origin>
                 <birthPlace>
                    <municipalityCode>12007</municipalityCode>
                    <countryCode>150</countryCode>
                    <countryFreeText>test</countryFreeText>
                 </birthPlace>
                 <birthDate>
                    <day>1</day>
                    <month>4</month>
                    <year>1986</year>
                 </birthDate>
                 <firstname>Mounir</firstname>
                 <lastname>Ouchan</lastname>
                 <roles>
                    <role>ABS</role>
                 </roles>
                 <personNumber>86040128370</personNumber>
              </person>
           </persons>
           <oldDocumentReference>2018/33</oldDocumentReference>
           <docState>FINAL</docState>
        </document>
            </v1:saveOrUpdateDocument>
         </v1:request>
      </v1:saveOrUpdateDocumentRequest>
   </soapenv:Body>
</soapenv:Envelope>]]></con:request><con:credentials><con:selectedAuthProfile>Basic</con:selectedAuthProfile><con:addedBasicAuthenticationTypes>Basic</con:addedBasicAuthenticationTypes><con:authType>Global HTTP Settings</con:authType></con:credentials><con:jmsConfig JMSDeliveryMode="PERSISTENT"/><con:jmsPropertyConfig/><con:wsaConfig mustUnderstand="NONE" version="200508" action="http://fidus.brussels/services/civilstatusdocumentservice/saveOrUpdateDocument"/><con:wsrmConfig version="1.2"/></con:call></con:operation><con:operation id="99bb701f-0590-4d63-baed-ef24b3dbb6da" isOneWay="false" action="http://fidus.brussels/services/civilstatusdocumentservice/searchDocument" name="searchDocument" bindingOperationName="searchDocument" type="Request-Response" inputName="" receivesAttachments="false" sendsAttachments="false" anonymous="optional"><con:settings/><con:call id="7f620153-d30d-462b-b3ec-62dcf1ccaeb6" name="1 - Local - Request" outgoingWss="Outflow DEV" incomingWss="Inflow DEV"><con:settings><con:setting id="com.eviware.soapui.impl.wsdl.WsdlRequest@request-headers">&lt;xml-fragment/></con:setting></con:settings><con:encoding>UTF-8</con:encoding><con:endpoint>https://192.168.22.53:8443/services/CivilStatusDocumentService_v1.0</con:endpoint><con:request><![CDATA[<soapenv:Envelope xmlns:soapenv="http://schemas.xmlsoap.org/soap/envelope/" xmlns:v1="http://fidus.brussels/service/civilstatusdocumentservice/messages/v1" xmlns:v11="http://fidus.brussels/type/common/messages/v1" xmlns:core="http://www.fgov.be/dabs/core">
   <soapenv:Header/>
   <soapenv:Body>
      <v1:searchDocumentRequest>
         <v1:messageContext>
           <v11:messageId>${=import static java.util.UUID.randomUUID; uuid = randomUUID() as String}</v11:messageId>
            <v11:timestamp>${=new java.text.SimpleDateFormat("yyyy-MM-dd'T'HH:mm:ss.SSS").format(new Date())}</v11:timestamp>
         </v1:messageContext>
         <v1:legalContext>ServiceIntegrator</v1:legalContext>
         <v1:request>
            <v1:language>fr</v1:language>
            <v1:municipalityCode>d1051</v1:municipalityCode>
            <v1:searchDocument>
               <documentSearch>
                  <type>MARRIAGE_CERTIFICATE</type>
                  <state>FINAL</state>
                  <factDate>
                     <day>15</day>
                     <month>12</month>
                     <year>2011</year>
                  </factDate>
                  <personNumber>11234</personNumber>
                  <firstname>Katrien</firstname>
                  <lastname>De Bondt</lastname>
                  <birthDate>
                     <day>11</day>
                     <month>1</month>
                     <year>1980</year>
                  </birthDate>
                  <!--Optional:-->
                  <!--placeOfOrigin>?</placeOfOrigin-->
                  <searchInRrn>false</searchInRrn>
               </documentSearch>
            </v1:searchDocument>
         </v1:request>
      </v1:searchDocumentRequest>
   </soapenv:Body>
</soapenv:Envelope>]]></con:request><con:credentials><con:selectedAuthProfile>Basic</con:selectedAuthProfile><con:addedBasicAuthenticationTypes>Basic</con:addedBasicAuthenticationTypes><con:authType>Global HTTP Settings</con:authType></con:credentials><con:jmsConfig JMSDeliveryMode="PERSISTENT"/><con:jmsPropertyConfig/><con:wsaConfig mustUnderstand="NONE" version="200508" action="http://fidus.brussels/services/civilstatusdocumentservice/searchDocument"/><con:wsrmConfig version="1.2"/></con:call><con:call id="a1c2d795-7d11-4073-9a7f-a6d6c438b355" name="2 - Dev - Request" outgoingWss="Outflow DEV" incomingWss="Inflow DEV"><con:settings><con:setting id="com.eviware.soapui.impl.wsdl.WsdlRequest@request-headers">&lt;xml-fragment/></con:setting></con:settings><con:encoding>UTF-8</con:encoding><con:endpoint>https://192.168.36.61:8243/services/CivilStatusDocumentService_v1.0</con:endpoint><con:request><![CDATA[<soapenv:Envelope xmlns:soapenv="http://schemas.xmlsoap.org/soap/envelope/" xmlns:v1="http://fidus.brussels/service/civilstatusdocumentservice/messages/v1" xmlns:v11="http://fidus.brussels/type/common/messages/v1" xmlns:core="http://www.fgov.be/dabs/core">
   <soapenv:Header/>
   <soapenv:Body>
      <v1:searchDocumentRequest>
         <v1:messageContext>
           <v11:messageId>${=import static java.util.UUID.randomUUID; uuid = randomUUID() as String}</v11:messageId>
            <v11:timestamp>${=new java.text.SimpleDateFormat("yyyy-MM-dd'T'HH:mm:ss.SSS").format(new Date())}</v11:timestamp>
         </v1:messageContext>
         <v1:legalContext>ServiceIntegrator</v1:legalContext>
         <v1:request>
            <v1:language>fr</v1:language>
            <v1:municipalityCode>d1051</v1:municipalityCode>
            <v1:searchDocument>
               <documentSearch>
                  <type>MARRIAGE_CERTIFICATE</type>
                  <state>FINAL</state>
                  <factDate>
                     <day>15</day>
                     <month>12</month>
                     <year>2011</year>
                  </factDate>
                  <personNumber>11234</personNumber>
                  <firstname>Katrien</firstname>
                  <lastname>De Bondt</lastname>
                  <birthDate>
                     <day>11</day>
                     <month>1</month>
                     <year>1980</year>
                  </birthDate>
                  <!--Optional:-->
                  <!--placeOfOrigin>?</placeOfOrigin-->
                  <searchInRrn>false</searchInRrn>
               </documentSearch>
            </v1:searchDocument>
         </v1:request>
      </v1:searchDocumentRequest>
   </soapenv:Body>
</soapenv:Envelope>]]></con:request><con:credentials><con:selectedAuthProfile>Basic</con:selectedAuthProfile><con:addedBasicAuthenticationTypes>Basic</con:addedBasicAuthenticationTypes><con:authType>Global HTTP Settings</con:authType></con:credentials><con:jmsConfig JMSDeliveryMode="PERSISTENT"/><con:jmsPropertyConfig/><con:wsaConfig mustUnderstand="NONE" version="200508" action="http://fidus.brussels/services/civilstatusdocumentservice/searchDocument"/><con:wsrmConfig version="1.2"/></con:call><con:call id="0cea230c-a47a-45b1-968f-49ab049fe144" name="3 -Test - External - Request" outgoingWss="Outflow Test" incomingWss="Inflow Test"><con:settings><con:setting id="com.eviware.soapui.impl.wsdl.WsdlRequest@request-headers">&lt;xml-fragment/></con:setting></con:settings><con:encoding>UTF-8</con:encoding><con:endpoint>https://esb-security-gw.sta.srv.cirb.lan:8443/services/CivilStatusDocumentService_v1.0</con:endpoint><con:request><![CDATA[<soapenv:Envelope xmlns:soapenv="http://schemas.xmlsoap.org/soap/envelope/" xmlns:v1="http://fidus.brussels/service/civilstatusdocumentservice/messages/v1" xmlns:v11="http://fidus.brussels/type/common/messages/v1" xmlns:core="http://www.fgov.be/dabs/core">
   <soapenv:Header/>
   <soapenv:Body>
      <v1:searchDocumentRequest>
         <v1:messageContext>
           <v11:messageId>${=import static java.util.UUID.randomUUID; uuid = randomUUID() as String}</v11:messageId>
            <v11:timestamp>${=new java.text.SimpleDateFormat("yyyy-MM-dd'T'HH:mm:ss.SSS").format(new Date())}</v11:timestamp>
         </v1:messageContext>
         <v1:legalContext>ServiceIntegrator</v1:legalContext>
         <v1:request>
            <v1:language>fr</v1:language>
            <v1:searchDocument>
               <core:documentSearch>
                  <core:type>MARRIAGE_CERTIFICATE</core:type>
                  <core:state>FINAL</core:state>
                  <core:factDate>
                     <core:day>15</core:day>
                     <core:month>12</core:month>
                     <core:year>2011</core:year>
                  </core:factDate>
                  <core:personNumber>11234</core:personNumber>
                  <core:firstname>Katrien</core:firstname>
                  <core:lastname>De Bondt</core:lastname>
                  <core:birthDate>
                     <core:day>11</core:day>
                     <core:month>1</core:month>
                     <core:year>1980</core:year>
                  </core:birthDate>
                  <!--Optional:-->
                  <!--core:placeOfOrigin>?</core:placeOfOrigin-->
                  <core:searchInRrn>false</core:searchInRrn>
               </core:documentSearch>
            </v1:searchDocument>
         </v1:request>
      </v1:searchDocumentRequest>
   </soapenv:Body>
</soapenv:Envelope>]]></con:request><con:credentials><con:selectedAuthProfile>Basic</con:selectedAuthProfile><con:addedBasicAuthenticationTypes>Basic</con:addedBasicAuthenticationTypes><con:authType>Global HTTP Settings</con:authType></con:credentials><con:jmsConfig JMSDeliveryMode="PERSISTENT"/><con:jmsPropertyConfig/><con:wsaConfig mustUnderstand="NONE" version="200508" action="http://fidus.brussels/services/civilstatusdocumentservice/searchDocument"/><con:wsrmConfig version="1.2"/></con:call><con:call id="2e1fa32d-685a-4a7e-ad0a-81149e806a8a" name="3 -Test - LB - Request" outgoingWss="Outflow Test" incomingWss="Inflow Test"><con:settings><con:setting id="com.eviware.soapui.impl.wsdl.WsdlRequest@request-headers">&lt;xml-fragment/></con:setting></con:settings><con:encoding>UTF-8</con:encoding><con:endpoint>https://fidus-test.irisnetlab.be/services/CivilStatusDocumentService_v1.0</con:endpoint><con:request><![CDATA[<soapenv:Envelope xmlns:soapenv="http://schemas.xmlsoap.org/soap/envelope/" xmlns:v1="http://fidus.brussels/service/civilstatusdocumentservice/messages/v1" xmlns:v11="http://fidus.brussels/type/common/messages/v1" xmlns:core="http://www.fgov.be/dabs/core">
   <soapenv:Header/>
   <soapenv:Body>
      <v1:searchDocumentRequest>
         <v1:messageContext>
           <v11:messageId>${=import static java.util.UUID.randomUUID; uuid = randomUUID() as String}</v11:messageId>
            <v11:timestamp>${=new java.text.SimpleDateFormat("yyyy-MM-dd'T'HH:mm:ss.SSS").format(new Date())}</v11:timestamp>
         </v1:messageContext>
         <v1:legalContext>ServiceIntegrator</v1:legalContext>
         <v1:request>
            <v1:language>fr</v1:language>
            <v1:searchDocument>
               <core:documentSearch>
                  <core:type>MARRIAGE_CERTIFICATE</core:type>
                  <core:state>FINAL</core:state>
                  <core:factDate>
                     <core:day>15</core:day>
                     <core:month>12</core:month>
                     <core:year>2011</core:year>
                  </core:factDate>
                  <core:personNumber>11234</core:personNumber>
                  <core:firstname>Katrien</core:firstname>
                  <core:lastname>De Bondt</core:lastname>
                  <core:birthDate>
                     <core:day>11</core:day>
                     <core:month>1</core:month>
                     <core:year>1980</core:year>
                  </core:birthDate>
                  <!--Optional:-->
                  <!--core:placeOfOrigin>?</core:placeOfOrigin-->
                  <core:searchInRrn>false</core:searchInRrn>
               </core:documentSearch>
            </v1:searchDocument>
         </v1:request>
      </v1:searchDocumentRequest>
   </soapenv:Body>
</soapenv:Envelope>]]></con:request><con:credentials><con:selectedAuthProfile>Basic</con:selectedAuthProfile><con:addedBasicAuthenticationTypes>Basic</con:addedBasicAuthenticationTypes><con:authType>Global HTTP Settings</con:authType></con:credentials><con:jmsConfig JMSDeliveryMode="PERSISTENT"/><con:jmsPropertyConfig/><con:wsaConfig mustUnderstand="NONE" version="200508" action="http://fidus.brussels/services/civilstatusdocumentservice/searchDocument"/><con:wsrmConfig version="1.2"/></con:call><con:call id="23011db4-6b4e-4bd1-9ffd-4df1f4553744" name="3 -Test - Worker1 - Request" outgoingWss="Outflow Test" incomingWss="Inflow Test"><con:settings><con:setting id="com.eviware.soapui.impl.wsdl.WsdlRequest@request-headers">&lt;xml-fragment/></con:setting></con:settings><con:encoding>UTF-8</con:encoding><con:endpoint>https://192.168.22.53:8443/services/CivilStatusDocumentService_v1.0</con:endpoint><con:request><![CDATA[<soapenv:Envelope xmlns:soapenv="http://schemas.xmlsoap.org/soap/envelope/" xmlns:v1="http://fidus.brussels/service/civilstatusdocumentservice/messages/v1" xmlns:v11="http://fidus.brussels/type/common/messages/v1" xmlns:core="http://www.fgov.be/dabs/core">
   <soapenv:Header/>
   <soapenv:Body>
      <v1:searchDocumentRequest>
         <v1:messageContext>
           <v11:messageId>${=import static java.util.UUID.randomUUID; uuid = randomUUID() as String}</v11:messageId>
            <v11:timestamp>${=new java.text.SimpleDateFormat("yyyy-MM-dd'T'HH:mm:ss.SSS").format(new Date())}</v11:timestamp>
         </v1:messageContext>
         <v1:legalContext>ServiceIntegrator</v1:legalContext>
         <v1:request>
            <v1:language>fr</v1:language>
            <v1:municipalityCode>d1051</v1:municipalityCode>
            <v1:searchDocument>
               <documentSearch>
                  <type>MARRIAGE_CERTIFICATE</type>
                  <state>FINAL</state>
                  <factDate>
                     <day>15</day>
                     <month>12</month>
                     <year>2011</year>
                  </factDate>
                  <personNumber>11234</personNumber>
                  <firstname>Katrien</firstname>
                  <lastname>De Bondt</lastname>
                  <birthDate>
                     <day>11</day>
                     <month>1</month>
                     <year>1980</year>
                  </birthDate>
                  <!--Optional:-->
                  <searchInRrn>false</searchInRrn>
               </documentSearch>
            </v1:searchDocument>
         </v1:request>
      </v1:searchDocumentRequest>
   </soapenv:Body>
</soapenv:Envelope>]]></con:request><con:credentials><con:selectedAuthProfile>Basic</con:selectedAuthProfile><con:addedBasicAuthenticationTypes>Basic</con:addedBasicAuthenticationTypes><con:authType>Global HTTP Settings</con:authType></con:credentials><con:jmsConfig JMSDeliveryMode="PERSISTENT"/><con:jmsPropertyConfig/><con:wsaConfig mustUnderstand="NONE" version="200508" action="http://fidus.brussels/services/civilstatusdocumentservice/searchDocument"/><con:wsrmConfig version="1.2"/></con:call><con:call id="575fc8d9-47f9-4a86-8ab3-2a814b82258d" name="3 -Test - Worker2 - Request" outgoingWss="Outflow Test" incomingWss="Inflow Test"><con:settings><con:setting id="com.eviware.soapui.impl.wsdl.WsdlRequest@request-headers">&lt;xml-fragment/></con:setting></con:settings><con:encoding>UTF-8</con:encoding><con:endpoint>https://192.168.22.54:8443/services/CivilStatusDocumentService_v1.0</con:endpoint><con:request><![CDATA[<soapenv:Envelope xmlns:soapenv="http://schemas.xmlsoap.org/soap/envelope/" xmlns:v1="http://fidus.brussels/service/civilstatusdocumentservice/messages/v1" xmlns:v11="http://fidus.brussels/type/common/messages/v1" xmlns:core="http://www.fgov.be/dabs/core">
   <soapenv:Header/>
   <soapenv:Body>
      <v1:searchDocumentRequest>
         <v1:messageContext>
           <v11:messageId>${=import static java.util.UUID.randomUUID; uuid = randomUUID() as String}</v11:messageId>
            <v11:timestamp>${=new java.text.SimpleDateFormat("yyyy-MM-dd'T'HH:mm:ss.SSS").format(new Date())}</v11:timestamp>
         </v1:messageContext>
         <v1:legalContext>ServiceIntegrator</v1:legalContext>
         <v1:request>
            <v1:language>fr</v1:language>
            <v1:municipalityCode>d1051</v1:municipalityCode>
            <v1:searchDocument>
               <documentSearch>
                  <type>MARRIAGE_CERTIFICATE</type>
                  <state>FINAL</state>
                  <factDate>
                     <day>15</day>
                     <month>12</month>
                     <year>2011</year>
                  </factDate>
                  <personNumber>11234</personNumber>
                  <firstname>Katrien</firstname>
                  <lastname>De Bondt</lastname>
                  <birthDate>
                     <day>11</day>
                     <month>1</month>
                     <year>1980</year>
                  </birthDate>
                  <!--Optional:-->
                  <!--placeOfOrigin>?</placeOfOrigin-->
                  <searchInRrn>false</searchInRrn>
               </documentSearch>
            </v1:searchDocument>
         </v1:request>
      </v1:searchDocumentRequest>
   </soapenv:Body>
</soapenv:Envelope>]]></con:request><con:credentials><con:selectedAuthProfile>Basic</con:selectedAuthProfile><con:addedBasicAuthenticationTypes>Basic</con:addedBasicAuthenticationTypes><con:authType>Global HTTP Settings</con:authType></con:credentials><con:jmsConfig JMSDeliveryMode="PERSISTENT"/><con:jmsPropertyConfig/><con:wsaConfig mustUnderstand="NONE" version="200508" action="http://fidus.brussels/services/civilstatusdocumentservice/searchDocument"/><con:wsrmConfig version="1.2"/></con:call><con:call id="0f78c66b-f23b-4df9-8d5e-f7a63a4c3ab0" name="4 - Staging - External - Request"><con:settings><con:setting id="com.eviware.soapui.impl.wsdl.WsdlRequest@request-headers">&lt;xml-fragment/></con:setting></con:settings><con:encoding>UTF-8</con:encoding><con:endpoint>https://fidus.irisnetlab.be/services/CivilStatusDocumentService_v1.0</con:endpoint><con:request><![CDATA[<soapenv:Envelope xmlns:soapenv="http://schemas.xmlsoap.org/soap/envelope/" xmlns:v1="http://fidus.brussels/service/civilstatusdocumentservice/messages/v1" xmlns:v11="http://fidus.brussels/type/common/messages/v1" xmlns:core="http://www.fgov.be/dabs/core">
   <soapenv:Header/>
   <soapenv:Body>
      <v1:searchDocumentRequest>
         <v1:messageContext>
           <v11:messageId>${=import static java.util.UUID.randomUUID; uuid = randomUUID() as String}</v11:messageId>
            <v11:timestamp>${=new java.text.SimpleDateFormat("yyyy-MM-dd'T'HH:mm:ss.SSS").format(new Date())}</v11:timestamp>
         </v1:messageContext>
         <v1:legalContext>ServiceIntegrator</v1:legalContext>
         <v1:request>
            <v1:language>fr</v1:language>
            <v1:municipalityCode>d1051</v1:municipalityCode>
            <v1:searchDocument>
               <documentSearch>
                  <type>MARRIAGE_CERTIFICATE</type>
                  <state>FINAL</state>
                  <factDate>
                     <day>15</day>
                     <month>12</month>
                     <year>2011</year>
                  </factDate>
                  <personNumber>11234</personNumber>
                  <firstname>Katrien</firstname>
                  <lastname>De Bondt</lastname>
                  <birthDate>
                     <day>11</day>
                     <month>1</month>
                     <year>1980</year>
                  </birthDate>
                  <!--Optional:-->
                  <!--placeOfOrigin>?</placeOfOrigin-->
                  <searchInRrn>false</searchInRrn>
               </documentSearch>
            </v1:searchDocument>
         </v1:request>
      </v1:searchDocumentRequest>
   </soapenv:Body>
</soapenv:Envelope>]]></con:request><con:credentials><con:selectedAuthProfile>Basic</con:selectedAuthProfile><con:addedBasicAuthenticationTypes>Basic</con:addedBasicAuthenticationTypes><con:authType>Global HTTP Settings</con:authType></con:credentials><con:jmsConfig JMSDeliveryMode="PERSISTENT"/><con:jmsPropertyConfig/><con:wsaConfig mustUnderstand="NONE" version="200508" action="http://fidus.brussels/services/civilstatusdocumentservice/searchDocument"/><con:wsrmConfig version="1.2"/></con:call><con:call id="fc0c5814-8fdc-4cf1-b1b2-9989bd4b3f25" name="4 - Staging - LB - Request"><con:settings><con:setting id="com.eviware.soapui.impl.wsdl.WsdlRequest@request-headers">&lt;xml-fragment/></con:setting></con:settings><con:encoding>UTF-8</con:encoding><con:endpoint>https://fidus-esb-sg.sta.srv.cirb.lan:8443/services/CivilStatusDocumentService_v1.0</con:endpoint><con:request><![CDATA[<soapenv:Envelope xmlns:soapenv="http://schemas.xmlsoap.org/soap/envelope/" xmlns:v1="http://fidus.brussels/service/civilstatusdocumentservice/messages/v1" xmlns:v11="http://fidus.brussels/type/common/messages/v1" xmlns:core="http://www.fgov.be/dabs/core">
   <soapenv:Header/>
   <soapenv:Body>
      <v1:searchDocumentRequest>
         <v1:messageContext>
           <v11:messageId>${=import static java.util.UUID.randomUUID; uuid = randomUUID() as String}</v11:messageId>
            <v11:timestamp>${=new java.text.SimpleDateFormat("yyyy-MM-dd'T'HH:mm:ss.SSS").format(new Date())}</v11:timestamp>
         </v1:messageContext>
         <v1:legalContext>ServiceIntegrator</v1:legalContext>
         <v1:request>
            <v1:language>fr</v1:language>
            <v1:municipalityCode>d1051</v1:municipalityCode>
            <v1:searchDocument>
               <documentSearch>
                  <type>MARRIAGE_CERTIFICATE</type>
                  <state>FINAL</state>
                  <factDate>
                     <day>15</day>
                     <month>12</month>
                     <year>2011</year>
                  </factDate>
                  <personNumber>11234</personNumber>
                  <firstname>Katrien</firstname>
                  <lastname>De Bondt</lastname>
                  <birthDate>
                     <day>11</day>
                     <month>1</month>
                     <year>1980</year>
                  </birthDate>
                  <!--Optional:-->
                  <!--placeOfOrigin>?</placeOfOrigin-->
                  <searchInRrn>false</searchInRrn>
               </documentSearch>
            </v1:searchDocument>
         </v1:request>
      </v1:searchDocumentRequest>
   </soapenv:Body>
</soapenv:Envelope>]]></con:request><con:credentials><con:selectedAuthProfile>Basic</con:selectedAuthProfile><con:addedBasicAuthenticationTypes>Basic</con:addedBasicAuthenticationTypes><con:authType>Global HTTP Settings</con:authType></con:credentials><con:jmsConfig JMSDeliveryMode="PERSISTENT"/><con:jmsPropertyConfig/><con:wsaConfig mustUnderstand="NONE" version="200508" action="http://fidus.brussels/services/civilstatusdocumentservice/searchDocument"/><con:wsrmConfig version="1.2"/></con:call><con:call id="e1ace57e-b35e-4434-b3fe-f12bf2d5dca1" name="4 - Staging - Worker1 - Request" outgoingWss="Outflow Staging" incomingWss="inflow staging"><con:settings><con:setting id="com.eviware.soapui.impl.wsdl.WsdlRequest@request-headers">&lt;xml-fragment/></con:setting></con:settings><con:encoding>UTF-8</con:encoding><con:endpoint>https://192.168.24.16:8443/services/CivilStatusDocumentService_v1.0</con:endpoint><con:request><![CDATA[<soapenv:Envelope xmlns:soapenv="http://schemas.xmlsoap.org/soap/envelope/" xmlns:v1="http://fidus.brussels/service/civilstatusdocumentservice/messages/v1" xmlns:v11="http://fidus.brussels/type/common/messages/v1" xmlns:core="http://www.fgov.be/dabs/core">
   <soapenv:Header/>
   <soapenv:Body>
      <v1:searchDocumentRequest>
         <v1:messageContext>
           <v11:messageId>${=import static java.util.UUID.randomUUID; uuid = randomUUID() as String}</v11:messageId>
            <v11:timestamp>${=new java.text.SimpleDateFormat("yyyy-MM-dd'T'HH:mm:ss.SSS").format(new Date())}</v11:timestamp>
         </v1:messageContext>
         <v1:legalContext>ServiceIntegrator</v1:legalContext>
         <v1:request>
            <v1:language>fr</v1:language>
            <v1:municipalityCode>d1051</v1:municipalityCode>
            <v1:searchDocument>
               <documentSearch>
                  <type>MARRIAGE_CERTIFICATE</type>
                  <state>FINAL</state>
                  <factDate>
                     <day>15</day>
                     <month>12</month>
                     <year>2011</year>
                  </factDate>
                  <personNumber>11234</personNumber>
                  <firstname>Katrien</firstname>
                  <lastname>De Bondt</lastname>
                  <birthDate>
                     <day>11</day>
                     <month>1</month>
                     <year>1980</year>
                  </birthDate>
                  <!--Optional:-->
                  <!--placeOfOrigin>?</placeOfOrigin-->
                  <searchInRrn>false</searchInRrn>
               </documentSearch>
            </v1:searchDocument>
         </v1:request>
      </v1:searchDocumentRequest>
   </soapenv:Body>
</soapenv:Envelope>]]></con:request><con:credentials><con:selectedAuthProfile>Basic</con:selectedAuthProfile><con:addedBasicAuthenticationTypes>Basic</con:addedBasicAuthenticationTypes><con:authType>Global HTTP Settings</con:authType></con:credentials><con:jmsConfig JMSDeliveryMode="PERSISTENT"/><con:jmsPropertyConfig/><con:wsaConfig mustUnderstand="NONE" version="200508" action="http://fidus.brussels/services/civilstatusdocumentservice/searchDocument"/><con:wsrmConfig version="1.2"/></con:call><con:call id="201399de-5ce5-4270-a4be-1df89621b649" name="4 - Staging - Worker2 - Request" outgoingWss="Outflow Staging" incomingWss="inflow staging"><con:settings><con:setting id="com.eviware.soapui.impl.wsdl.WsdlRequest@request-headers">&lt;xml-fragment/></con:setting></con:settings><con:encoding>UTF-8</con:encoding><con:endpoint>https://192.168.24.17:8443/services/CivilStatusDocumentService_v1.0</con:endpoint><con:request><![CDATA[<soapenv:Envelope xmlns:soapenv="http://schemas.xmlsoap.org/soap/envelope/" xmlns:v1="http://fidus.brussels/service/civilstatusdocumentservice/messages/v1" xmlns:v11="http://fidus.brussels/type/common/messages/v1" xmlns:core="http://www.fgov.be/dabs/core">
   <soapenv:Header/>
   <soapenv:Body>
      <v1:searchDocumentRequest>
         <v1:messageContext>
           <v11:messageId>${=import static java.util.UUID.randomUUID; uuid = randomUUID() as String}</v11:messageId>
            <v11:timestamp>${=new java.text.SimpleDateFormat("yyyy-MM-dd'T'HH:mm:ss.SSS").format(new Date())}</v11:timestamp>
         </v1:messageContext>
         <v1:legalContext>ServiceIntegrator</v1:legalContext>
         <v1:request>
            <v1:language>fr</v1:language>
            <v1:municipalityCode>d1051</v1:municipalityCode>
            <v1:searchDocument>
               <documentSearch>
                  <type>MARRIAGE_CERTIFICATE</type>
                  <state>FINAL</state>
                  <factDate>
                     <day>15</day>
                     <month>12</month>
                     <year>2011</year>
                  </factDate>
                  <personNumber>11234</personNumber>
                  <firstname>Katrien</firstname>
                  <lastname>De Bondt</lastname>
                  <birthDate>
                     <day>11</day>
                     <month>1</month>
                     <year>1980</year>
                  </birthDate>
                  <!--Optional:-->
                  <!--placeOfOrigin>?</placeOfOrigin-->
                  <searchInRrn>false</searchInRrn>
               </documentSearch>
            </v1:searchDocument>
         </v1:request>
      </v1:searchDocumentRequest>
   </soapenv:Body>
</soapenv:Envelope>]]></con:request><con:credentials><con:selectedAuthProfile>Basic</con:selectedAuthProfile><con:addedBasicAuthenticationTypes>Basic</con:addedBasicAuthenticationTypes><con:authType>Global HTTP Settings</con:authType></con:credentials><con:jmsConfig JMSDeliveryMode="PERSISTENT"/><con:jmsPropertyConfig/><con:wsaConfig mustUnderstand="NONE" version="200508" action="http://fidus.brussels/services/civilstatusdocumentservice/searchDocument"/><con:wsrmConfig version="1.2"/></con:call></con:operation><con:operation id="7af5da1b-d9fa-4cf7-997a-6dffce3c8a60" isOneWay="false" action="http://fidus.brussels/services/civilstatusdocumentservice/validateDocument" name="validateDocument" bindingOperationName="validateDocument" type="Request-Response" inputName="" receivesAttachments="false" sendsAttachments="false" anonymous="optional"><con:settings/><con:call id="3f56500f-f72e-4333-8b0f-1ea6c0bfc477" name="1 - Local - Request" outgoingWss="Outflow DEV" incomingWss="Inflow DEV"><con:settings><con:setting id="com.eviware.soapui.impl.wsdl.WsdlRequest@request-headers">&lt;xml-fragment/></con:setting></con:settings><con:encoding>UTF-8</con:encoding><con:endpoint>https://192.168.22.53:8443/services/CivilStatusDocumentService_v1.0</con:endpoint><con:request><![CDATA[<soapenv:Envelope xmlns:soapenv="http://schemas.xmlsoap.org/soap/envelope/" xmlns:v1="http://fidus.brussels/service/civilstatusdocumentservice/messages/v1" xmlns:v11="http://fidus.brussels/type/common/messages/v1" xmlns:core="http://www.fgov.be/dabs/core">
   <soapenv:Header/>
   <soapenv:Body>
      <v1:validateDocumentRequest>
         <v1:messageContext>
            <v11:messageId>${=import static java.util.UUID.randomUUID; uuid = randomUUID() as String}</v11:messageId>
            <v11:timestamp>${=new java.text.SimpleDateFormat("yyyy-MM-dd'T'HH:mm:ss.SSS").format(new Date())}</v11:timestamp>
         </v1:messageContext>
         <v1:legalContext>ServiceIntegrator</v1:legalContext>
         <v1:request>
            <v1:language>fr</v1:language>
             <v1:municipalityCode>d1051</v1:municipalityCode>
            <v1:validateDocument>
               <document xsi:type="core:marriageCertificate" xmlns:xsi="http://www.w3.org/2001/XMLSchema-instance">
                  <attachments/>
                  <certificateOriginType>FOREIGN_CERTIFICATE</certificateOriginType>
                  <factDate>
                     <day>26</day>
                     <month>12</month>
                     <year>2011</year>
                  </factDate>
                  <establishingDate>2018-07-17</establishingDate>
                  <redactionPlace>
                     <municipalityCode>12007</municipalityCode>
                     <countryCode>150</countryCode>
                     <countryFreeText>test</countryFreeText>
                  </redactionPlace>
                  <origin>DABS</origin>
                  <persons>
                     <person>
                        <origin>RR</origin>
                        <nobilityFree/>
                        <birthPlace>
                           <municipalityCode>12010</municipalityCode>
                           <countryCode>150</countryCode>
                           <countryFreeText>test</countryFreeText>
                        </birthPlace>
                        <birthDate>
                           <day>11</day>
                           <month>1</month>
                           <year>1980</year>
                        </birthDate>
                        <firstname>Katrien</firstname>
                        <lastname>De Bondt</lastname>
                        <roles>
                           <role>SPOUSE_2</role>
                        </roles>
                        <personNumber>11234</personNumber>
                     </person>
                     <person>
                        <origin>RR</origin>
                        <nobilityFree/>
                        <birthPlace>
                           <municipalityFreeText>Budel</municipalityFreeText>
                           <countryCode>129</countryCode>
                           <countryFreeText>test</countryFreeText>
                        </birthPlace>
                        <birthDate>
                           <day>5</day>
                           <month>7</month>
                           <year>1979</year>
                        </birthDate>
                        <firstname>Bram Tonny Gerda</firstname>
                        <lastname>Van Huffel</lastname>
                        <roles>
                           <role>SPOUSE_1</role>
                        </roles>
                        <personNumber>1125000</personNumber>
                     </person>
                     <person>
                        <origin>RR</origin>
                        <birthPlace>
                           <municipalityCode>12007</municipalityCode>
                           <countryCode>150</countryCode>
                           <countryFreeText>test</countryFreeText>
                        </birthPlace>
                        <birthDate>
                           <day>1</day>
                           <month>4</month>
                           <year>1986</year>
                        </birthDate>
                        <firstname>Mounir</firstname>
                        <lastname>Ouchan</lastname>
                        <roles>
                           <role>ABS</role>
                        </roles>
                        <personNumber>86040128370</personNumber>
                     </person>
                  </persons>
                  <oldDocumentReference>2018/33</oldDocumentReference>
                  <docState>FINAL</docState>
               </document>
            </v1:validateDocument>
         </v1:request>
      </v1:validateDocumentRequest>
   </soapenv:Body>
</soapenv:Envelope>]]></con:request><con:credentials><con:selectedAuthProfile>Basic</con:selectedAuthProfile><con:addedBasicAuthenticationTypes>Basic</con:addedBasicAuthenticationTypes><con:authType>Global HTTP Settings</con:authType></con:credentials><con:jmsConfig JMSDeliveryMode="PERSISTENT"/><con:jmsPropertyConfig/><con:wsaConfig mustUnderstand="NONE" version="200508" action="http://fidus.brussels/services/civilstatusdocumentservice/validateDocument"/><con:wsrmConfig version="1.2"/></con:call><con:call id="f60d22f2-6bc2-4e45-ba10-229f047dbe58" name="2 - Dev - Request" outgoingWss="Outflow DEV" incomingWss="Inflow DEV"><con:settings><con:setting id="com.eviware.soapui.impl.wsdl.WsdlRequest@request-headers">&lt;xml-fragment/></con:setting></con:settings><con:encoding>UTF-8</con:encoding><con:endpoint>https://192.168.22.53:8443/services/CivilStatusDocumentService_v1.0</con:endpoint><con:request><![CDATA[<soapenv:Envelope xmlns:soapenv="http://schemas.xmlsoap.org/soap/envelope/" xmlns:v1="http://fidus.brussels/service/civilstatusdocumentservice/messages/v1" xmlns:v11="http://fidus.brussels/type/common/messages/v1" xmlns:core="http://www.fgov.be/dabs/core">
   <soapenv:Header/>
   <soapenv:Body>
      <v1:validateDocumentRequest>
         <v1:messageContext>
            <v11:messageId>${=import static java.util.UUID.randomUUID; uuid = randomUUID() as String}</v11:messageId>
            <v11:timestamp>${=new java.text.SimpleDateFormat("yyyy-MM-dd'T'HH:mm:ss.SSS").format(new Date())}</v11:timestamp>
         </v1:messageContext>
         <v1:legalContext>ServiceIntegrator</v1:legalContext>
         <v1:request>
            <v1:language>fr</v1:language>
             <v1:municipalityCode>d1051</v1:municipalityCode>
            <v1:validateDocument>
               <document xsi:type="core:marriageCertificate" xmlns:xsi="http://www.w3.org/2001/XMLSchema-instance">
                  <attachments/>
                  <certificateOriginType>FOREIGN_CERTIFICATE</certificateOriginType>
                  <factDate>
                     <day>26</day>
                     <month>12</month>
                     <year>2011</year>
                  </factDate>
                  <establishingDate>2018-07-17</establishingDate>
                  <redactionPlace>
                     <municipalityCode>12007</municipalityCode>
                     <countryCode>150</countryCode>
                     <countryFreeText>test</countryFreeText>
                  </redactionPlace>
                  <origin>DABS</origin>
                  <persons>
                     <person>
                        <origin>RR</origin>
                        <nobilityFree/>
                        <birthPlace>
                           <municipalityCode>12010</municipalityCode>
                           <countryCode>150</countryCode>
                           <countryFreeText>test</countryFreeText>
                        </birthPlace>
                        <birthDate>
                           <day>11</day>
                           <month>1</month>
                           <year>1980</year>
                        </birthDate>
                        <firstname>Katrien</firstname>
                        <lastname>De Bondt</lastname>
                        <roles>
                           <role>SPOUSE_2</role>
                        </roles>
                        <personNumber>11234</personNumber>
                     </person>
                     <person>
                        <origin>RR</origin>
                        <nobilityFree/>
                        <birthPlace>
                           <municipalityFreeText>Budel</municipalityFreeText>
                           <countryCode>129</countryCode>
                           <countryFreeText>test</countryFreeText>
                        </birthPlace>
                        <birthDate>
                           <day>5</day>
                           <month>7</month>
                           <year>1979</year>
                        </birthDate>
                        <firstname>Bram Tonny Gerda</firstname>
                        <lastname>Van Huffel</lastname>
                        <roles>
                           <role>SPOUSE_1</role>
                        </roles>
                        <personNumber>1125000</personNumber>
                     </person>
                     <person>
                        <origin>RR</origin>
                        <birthPlace>
                           <municipalityCode>12007</municipalityCode>
                           <countryCode>150</countryCode>
                           <countryFreeText>test</countryFreeText>
                        </birthPlace>
                        <birthDate>
                           <day>1</day>
                           <month>4</month>
                           <year>1986</year>
                        </birthDate>
                        <firstname>Mounir</firstname>
                        <lastname>Ouchan</lastname>
                        <roles>
                           <role>ABS</role>
                        </roles>
                        <personNumber>86040128370</personNumber>
                     </person>
                  </persons>
                  <oldDocumentReference>2018/33</oldDocumentReference>
                  <docState>FINAL</docState>
               </document>
            </v1:validateDocument>
         </v1:request>
      </v1:validateDocumentRequest>
   </soapenv:Body>
</soapenv:Envelope>]]></con:request><con:credentials><con:selectedAuthProfile>Basic</con:selectedAuthProfile><con:addedBasicAuthenticationTypes>Basic</con:addedBasicAuthenticationTypes><con:authType>Global HTTP Settings</con:authType></con:credentials><con:jmsConfig JMSDeliveryMode="PERSISTENT"/><con:jmsPropertyConfig/><con:wsaConfig mustUnderstand="NONE" version="200508" action="http://fidus.brussels/services/civilstatusdocumentservice/validateDocument"/><con:wsrmConfig version="1.2"/></con:call><con:call id="08b51b12-498a-404c-9625-d4b47db32ea1" name="3 -Test - External - Request" outgoingWss="Outflow Test" incomingWss="Inflow Test"><con:settings><con:setting id="com.eviware.soapui.impl.wsdl.WsdlRequest@request-headers">&lt;xml-fragment/></con:setting></con:settings><con:encoding>UTF-8</con:encoding><con:endpoint>https://192.168.22.53:8443/services/CivilStatusDocumentService_v1.0</con:endpoint><con:request><![CDATA[<soapenv:Envelope xmlns:soapenv="http://schemas.xmlsoap.org/soap/envelope/" xmlns:v1="http://fidus.brussels/service/civilstatusdocumentservice/messages/v1" xmlns:v11="http://fidus.brussels/type/common/messages/v1" xmlns:core="http://www.fgov.be/dabs/core">
   <soapenv:Header/>
   <soapenv:Body>
      <v1:validateDocumentRequest>
         <v1:messageContext>
            <v11:messageId>${=import static java.util.UUID.randomUUID; uuid = randomUUID() as String}</v11:messageId>
            <v11:timestamp>${=new java.text.SimpleDateFormat("yyyy-MM-dd'T'HH:mm:ss.SSS").format(new Date())}</v11:timestamp>
         </v1:messageContext>
         <v1:legalContext>ServiceIntegrator</v1:legalContext>
         <v1:request>
            <v1:language>fr</v1:language>
             <v1:municipalityCode>d1051</v1:municipalityCode>
            <v1:validateDocument>
               <document xsi:type="core:marriageCertificate" xmlns:xsi="http://www.w3.org/2001/XMLSchema-instance">
                  <attachments/>
                  <certificateOriginType>FOREIGN_CERTIFICATE</certificateOriginType>
                  <factDate>
                     <day>26</day>
                     <month>12</month>
                     <year>2011</year>
                  </factDate>
                  <establishingDate>2018-07-17</establishingDate>
                  <redactionPlace>
                     <municipalityCode>12007</municipalityCode>
                     <countryCode>150</countryCode>
                     <countryFreeText>test</countryFreeText>
                  </redactionPlace>
                  <origin>DABS</origin>
                  <persons>
                     <person>
                        <origin>RR</origin>
                        <nobilityFree/>
                        <birthPlace>
                           <municipalityCode>12010</municipalityCode>
                           <countryCode>150</countryCode>
                           <countryFreeText>test</countryFreeText>
                        </birthPlace>
                        <birthDate>
                           <day>11</day>
                           <month>1</month>
                           <year>1980</year>
                        </birthDate>
                        <firstname>Katrien</firstname>
                        <lastname>De Bondt</lastname>
                        <roles>
                           <role>SPOUSE_2</role>
                        </roles>
                        <personNumber>11234</personNumber>
                     </person>
                     <person>
                        <origin>RR</origin>
                        <nobilityFree/>
                        <birthPlace>
                           <municipalityFreeText>Budel</municipalityFreeText>
                           <countryCode>129</countryCode>
                           <countryFreeText>test</countryFreeText>
                        </birthPlace>
                        <birthDate>
                           <day>5</day>
                           <month>7</month>
                           <year>1979</year>
                        </birthDate>
                        <firstname>Bram Tonny Gerda</firstname>
                        <lastname>Van Huffel</lastname>
                        <roles>
                           <role>SPOUSE_1</role>
                        </roles>
                        <personNumber>1125000</personNumber>
                     </person>
                     <person>
                        <origin>RR</origin>
                        <birthPlace>
                           <municipalityCode>12007</municipalityCode>
                           <countryCode>150</countryCode>
                           <countryFreeText>test</countryFreeText>
                        </birthPlace>
                        <birthDate>
                           <day>1</day>
                           <month>4</month>
                           <year>1986</year>
                        </birthDate>
                        <firstname>Mounir</firstname>
                        <lastname>Ouchan</lastname>
                        <roles>
                           <role>ABS</role>
                        </roles>
                        <personNumber>86040128370</personNumber>
                     </person>
                  </persons>
                  <oldDocumentReference>2018/33</oldDocumentReference>
                  <docState>FINAL</docState>
               </document>
            </v1:validateDocument>
         </v1:request>
      </v1:validateDocumentRequest>
   </soapenv:Body>
</soapenv:Envelope>]]></con:request><con:credentials><con:selectedAuthProfile>Basic</con:selectedAuthProfile><con:addedBasicAuthenticationTypes>Basic</con:addedBasicAuthenticationTypes><con:authType>Global HTTP Settings</con:authType></con:credentials><con:jmsConfig JMSDeliveryMode="PERSISTENT"/><con:jmsPropertyConfig/><con:wsaConfig mustUnderstand="NONE" version="200508" action="http://fidus.brussels/services/civilstatusdocumentservice/validateDocument"/><con:wsrmConfig version="1.2"/></con:call><con:call id="031244c4-a337-4a49-a364-c14182f0d8b8" name="3 -Test - LB - Request" outgoingWss="Outflow Test" incomingWss="Inflow Test"><con:settings><con:setting id="com.eviware.soapui.impl.wsdl.WsdlRequest@request-headers">&lt;xml-fragment/></con:setting></con:settings><con:encoding>UTF-8</con:encoding><con:endpoint>https://192.168.22.53:8443/services/CivilStatusDocumentService_v1.0</con:endpoint><con:request><![CDATA[<soapenv:Envelope xmlns:soapenv="http://schemas.xmlsoap.org/soap/envelope/" xmlns:v1="http://fidus.brussels/service/civilstatusdocumentservice/messages/v1" xmlns:v11="http://fidus.brussels/type/common/messages/v1" xmlns:core="http://www.fgov.be/dabs/core">
   <soapenv:Header/>
   <soapenv:Body>
      <v1:validateDocumentRequest>
         <v1:messageContext>
            <v11:messageId>${=import static java.util.UUID.randomUUID; uuid = randomUUID() as String}</v11:messageId>
            <v11:timestamp>${=new java.text.SimpleDateFormat("yyyy-MM-dd'T'HH:mm:ss.SSS").format(new Date())}</v11:timestamp>
         </v1:messageContext>
         <v1:legalContext>ServiceIntegrator</v1:legalContext>
         <v1:request>
            <v1:language>fr</v1:language>
             <v1:municipalityCode>d1051</v1:municipalityCode>
            <v1:validateDocument>
               <document xsi:type="core:marriageCertificate" xmlns:xsi="http://www.w3.org/2001/XMLSchema-instance">
                  <attachments/>
                  <certificateOriginType>FOREIGN_CERTIFICATE</certificateOriginType>
                  <factDate>
                     <day>26</day>
                     <month>12</month>
                     <year>2011</year>
                  </factDate>
                  <establishingDate>2018-07-17</establishingDate>
                  <redactionPlace>
                     <municipalityCode>12007</municipalityCode>
                     <countryCode>150</countryCode>
                     <countryFreeText>test</countryFreeText>
                  </redactionPlace>
                  <origin>DABS</origin>
                  <persons>
                     <person>
                        <origin>RR</origin>
                        <nobilityFree/>
                        <birthPlace>
                           <municipalityCode>12010</municipalityCode>
                           <countryCode>150</countryCode>
                           <countryFreeText>test</countryFreeText>
                        </birthPlace>
                        <birthDate>
                           <day>11</day>
                           <month>1</month>
                           <year>1980</year>
                        </birthDate>
                        <firstname>Katrien</firstname>
                        <lastname>De Bondt</lastname>
                        <roles>
                           <role>SPOUSE_2</role>
                        </roles>
                        <personNumber>11234</personNumber>
                     </person>
                     <person>
                        <origin>RR</origin>
                        <nobilityFree/>
                        <birthPlace>
                           <municipalityFreeText>Budel</municipalityFreeText>
                           <countryCode>129</countryCode>
                           <countryFreeText>test</countryFreeText>
                        </birthPlace>
                        <birthDate>
                           <day>5</day>
                           <month>7</month>
                           <year>1979</year>
                        </birthDate>
                        <firstname>Bram Tonny Gerda</firstname>
                        <lastname>Van Huffel</lastname>
                        <roles>
                           <role>SPOUSE_1</role>
                        </roles>
                        <personNumber>1125000</personNumber>
                     </person>
                     <person>
                        <origin>RR</origin>
                        <birthPlace>
                           <municipalityCode>12007</municipalityCode>
                           <countryCode>150</countryCode>
                           <countryFreeText>test</countryFreeText>
                        </birthPlace>
                        <birthDate>
                           <day>1</day>
                           <month>4</month>
                           <year>1986</year>
                        </birthDate>
                        <firstname>Mounir</firstname>
                        <lastname>Ouchan</lastname>
                        <roles>
                           <role>ABS</role>
                        </roles>
                        <personNumber>86040128370</personNumber>
                     </person>
                  </persons>
                  <oldDocumentReference>2018/33</oldDocumentReference>
                  <docState>FINAL</docState>
               </document>
            </v1:validateDocument>
         </v1:request>
      </v1:validateDocumentRequest>
   </soapenv:Body>
</soapenv:Envelope>]]></con:request><con:credentials><con:selectedAuthProfile>Basic</con:selectedAuthProfile><con:addedBasicAuthenticationTypes>Basic</con:addedBasicAuthenticationTypes><con:authType>Global HTTP Settings</con:authType></con:credentials><con:jmsConfig JMSDeliveryMode="PERSISTENT"/><con:jmsPropertyConfig/><con:wsaConfig mustUnderstand="NONE" version="200508" action="http://fidus.brussels/services/civilstatusdocumentservice/validateDocument"/><con:wsrmConfig version="1.2"/></con:call><con:call id="80d843d9-3f96-455d-a0a6-d00b697b0ec6" name="3 -Test - Worker1 - Request" outgoingWss="Outflow Test" incomingWss="Inflow Test"><con:settings><con:setting id="com.eviware.soapui.impl.wsdl.WsdlRequest@request-headers">&lt;xml-fragment/></con:setting></con:settings><con:encoding>UTF-8</con:encoding><con:endpoint>https://192.168.22.53:8443/services/CivilStatusDocumentService_v1.0</con:endpoint><con:request><![CDATA[<soapenv:Envelope xmlns:soapenv="http://schemas.xmlsoap.org/soap/envelope/" xmlns:v1="http://fidus.brussels/service/civilstatusdocumentservice/messages/v1" xmlns:v11="http://fidus.brussels/type/common/messages/v1" xmlns:core="http://www.fgov.be/dabs/core">
   <soapenv:Header/>
   <soapenv:Body>
      <v1:validateDocumentRequest>
         <v1:messageContext>
            <v11:messageId>${=import static java.util.UUID.randomUUID; uuid = randomUUID() as String}</v11:messageId>
            <v11:timestamp>${=new java.text.SimpleDateFormat("yyyy-MM-dd'T'HH:mm:ss.SSS").format(new Date())}</v11:timestamp>
         </v1:messageContext>
         <v1:legalContext>ServiceIntegrator</v1:legalContext>
         <v1:request>
            <v1:language>fr</v1:language>
             <v1:municipalityCode>d1051</v1:municipalityCode>
            <v1:validateDocument>
               <document xsi:type="core:marriageCertificate" xmlns:xsi="http://www.w3.org/2001/XMLSchema-instance">
                  <attachments/>
                  <certificateOriginType>FOREIGN_CERTIFICATE</certificateOriginType>
                  <factDate>
                     <day>26</day>
                     <month>12</month>
                     <year>2011</year>
                  </factDate>
                  <establishingDate>2018-07-17</establishingDate>
                  <redactionPlace>
                     <municipalityCode>12007</municipalityCode>
                     <countryCode>150</countryCode>
                     <countryFreeText>test</countryFreeText>
                  </redactionPlace>
                  <origin>DABS</origin>
                  <persons>
                     <person>
                        <origin>RR</origin>
                        <nobilityFree/>
                        <birthPlace>
                           <municipalityCode>12010</municipalityCode>
                           <countryCode>150</countryCode>
                           <countryFreeText>test</countryFreeText>
                        </birthPlace>
                        <birthDate>
                           <day>11</day>
                           <month>1</month>
                           <year>1980</year>
                        </birthDate>
                        <firstname>Katrien</firstname>
                        <lastname>De Bondt</lastname>
                        <roles>
                           <role>SPOUSE_2</role>
                        </roles>
                        <personNumber>11234</personNumber>
                     </person>
                     <person>
                        <origin>RR</origin>
                        <nobilityFree/>
                        <birthPlace>
                           <municipalityFreeText>Budel</municipalityFreeText>
                           <countryCode>129</countryCode>
                           <countryFreeText>test</countryFreeText>
                        </birthPlace>
                        <birthDate>
                           <day>5</day>
                           <month>7</month>
                           <year>1979</year>
                        </birthDate>
                        <firstname>Bram Tonny Gerda</firstname>
                        <lastname>Van Huffel</lastname>
                        <roles>
                           <role>SPOUSE_1</role>
                        </roles>
                        <personNumber>1125000</personNumber>
                     </person>
                     <person>
                        <origin>RR</origin>
                        <birthPlace>
                           <municipalityCode>12007</municipalityCode>
                           <countryCode>150</countryCode>
                           <countryFreeText>test</countryFreeText>
                        </birthPlace>
                        <birthDate>
                           <day>1</day>
                           <month>4</month>
                           <year>1986</year>
                        </birthDate>
                        <firstname>Mounir</firstname>
                        <lastname>Ouchan</lastname>
                        <roles>
                           <role>ABS</role>
                        </roles>
                        <personNumber>86040128370</personNumber>
                     </person>
                  </persons>
                  <oldDocumentReference>2018/33</oldDocumentReference>
                  <docState>FINAL</docState>
               </document>
            </v1:validateDocument>
         </v1:request>
      </v1:validateDocumentRequest>
   </soapenv:Body>
</soapenv:Envelope>]]></con:request><con:credentials><con:selectedAuthProfile>Basic</con:selectedAuthProfile><con:addedBasicAuthenticationTypes>Basic</con:addedBasicAuthenticationTypes><con:authType>Global HTTP Settings</con:authType></con:credentials><con:jmsConfig JMSDeliveryMode="PERSISTENT"/><con:jmsPropertyConfig/><con:wsaConfig mustUnderstand="NONE" version="200508" action="http://fidus.brussels/services/civilstatusdocumentservice/validateDocument"/><con:wsrmConfig version="1.2"/></con:call><con:call id="4f73d36e-ff60-4a4c-b3bb-56cc24bb2eee" name="3 -Test - Worker2 - Request" outgoingWss="Outflow Test" incomingWss="Inflow Test"><con:settings><con:setting id="com.eviware.soapui.impl.wsdl.WsdlRequest@request-headers">&lt;xml-fragment/></con:setting></con:settings><con:encoding>UTF-8</con:encoding><con:endpoint>https://192.168.22.53:8443/services/CivilStatusDocumentService_v1.0</con:endpoint><con:request><![CDATA[<soapenv:Envelope xmlns:soapenv="http://schemas.xmlsoap.org/soap/envelope/" xmlns:v1="http://fidus.brussels/service/civilstatusdocumentservice/messages/v1" xmlns:v11="http://fidus.brussels/type/common/messages/v1" xmlns:core="http://www.fgov.be/dabs/core">
   <soapenv:Header/>
   <soapenv:Body>
      <v1:validateDocumentRequest>
         <v1:messageContext>
            <v11:messageId>${=import static java.util.UUID.randomUUID; uuid = randomUUID() as String}</v11:messageId>
            <v11:timestamp>${=new java.text.SimpleDateFormat("yyyy-MM-dd'T'HH:mm:ss.SSS").format(new Date())}</v11:timestamp>
         </v1:messageContext>
         <v1:legalContext>ServiceIntegrator</v1:legalContext>
         <v1:request>
            <v1:language>fr</v1:language>
             <v1:municipalityCode>d1051</v1:municipalityCode>
            <v1:validateDocument>
               <document xsi:type="core:marriageCertificate" xmlns:xsi="http://www.w3.org/2001/XMLSchema-instance">
                  <attachments/>
                  <certificateOriginType>FOREIGN_CERTIFICATE</certificateOriginType>
                  <factDate>
                     <day>26</day>
                     <month>12</month>
                     <year>2011</year>
                  </factDate>
                  <establishingDate>2018-07-17</establishingDate>
                  <redactionPlace>
                     <municipalityCode>12007</municipalityCode>
                     <countryCode>150</countryCode>
                     <countryFreeText>test</countryFreeText>
                  </redactionPlace>
                  <origin>DABS</origin>
                  <persons>
                     <person>
                        <origin>RR</origin>
                        <nobilityFree/>
                        <birthPlace>
                           <municipalityCode>12010</municipalityCode>
                           <countryCode>150</countryCode>
                           <countryFreeText>test</countryFreeText>
                        </birthPlace>
                        <birthDate>
                           <day>11</day>
                           <month>1</month>
                           <year>1980</year>
                        </birthDate>
                        <firstname>Katrien</firstname>
                        <lastname>De Bondt</lastname>
                        <roles>
                           <role>SPOUSE_2</role>
                        </roles>
                        <personNumber>11234</personNumber>
                     </person>
                     <person>
                        <origin>RR</origin>
                        <nobilityFree/>
                        <birthPlace>
                           <municipalityFreeText>Budel</municipalityFreeText>
                           <countryCode>129</countryCode>
                           <countryFreeText>test</countryFreeText>
                        </birthPlace>
                        <birthDate>
                           <day>5</day>
                           <month>7</month>
                           <year>1979</year>
                        </birthDate>
                        <firstname>Bram Tonny Gerda</firstname>
                        <lastname>Van Huffel</lastname>
                        <roles>
                           <role>SPOUSE_1</role>
                        </roles>
                        <personNumber>1125000</personNumber>
                     </person>
                     <person>
                        <origin>RR</origin>
                        <birthPlace>
                           <municipalityCode>12007</municipalityCode>
                           <countryCode>150</countryCode>
                           <countryFreeText>test</countryFreeText>
                        </birthPlace>
                        <birthDate>
                           <day>1</day>
                           <month>4</month>
                           <year>1986</year>
                        </birthDate>
                        <firstname>Mounir</firstname>
                        <lastname>Ouchan</lastname>
                        <roles>
                           <role>ABS</role>
                        </roles>
                        <personNumber>86040128370</personNumber>
                     </person>
                  </persons>
                  <oldDocumentReference>2018/33</oldDocumentReference>
                  <docState>FINAL</docState>
               </document>
            </v1:validateDocument>
         </v1:request>
      </v1:validateDocumentRequest>
   </soapenv:Body>
</soapenv:Envelope>]]></con:request><con:credentials><con:selectedAuthProfile>Basic</con:selectedAuthProfile><con:addedBasicAuthenticationTypes>Basic</con:addedBasicAuthenticationTypes><con:authType>Global HTTP Settings</con:authType></con:credentials><con:jmsConfig JMSDeliveryMode="PERSISTENT"/><con:jmsPropertyConfig/><con:wsaConfig mustUnderstand="NONE" version="200508" action="http://fidus.brussels/services/civilstatusdocumentservice/validateDocument"/><con:wsrmConfig version="1.2"/></con:call><con:call id="4a4da65a-eece-4027-873d-fe31a25fac24" name="4 - Staging - External - Request" outgoingWss="Outflow Staging" incomingWss="inflow staging"><con:settings><con:setting id="com.eviware.soapui.impl.wsdl.WsdlRequest@request-headers">&lt;xml-fragment/></con:setting></con:settings><con:encoding>UTF-8</con:encoding><con:endpoint>https://fidus.irisnetlab.be/services/CivilStatusDocumentService_v1.0</con:endpoint><con:request><![CDATA[<soapenv:Envelope xmlns:soapenv="http://schemas.xmlsoap.org/soap/envelope/" xmlns:v1="http://fidus.brussels/service/civilstatusdocumentservice/messages/v1" xmlns:v11="http://fidus.brussels/type/common/messages/v1" xmlns:core="http://www.fgov.be/dabs/core">
   <soapenv:Header/>
   <soapenv:Body>
      <v1:validateDocumentRequest>
         <v1:messageContext>
            <v11:messageId>${=import static java.util.UUID.randomUUID; uuid = randomUUID() as String}</v11:messageId>
            <v11:timestamp>${=new java.text.SimpleDateFormat("yyyy-MM-dd'T'HH:mm:ss.SSS").format(new Date())}</v11:timestamp>
         </v1:messageContext>
         <v1:legalContext>ServiceIntegrator</v1:legalContext>
         <v1:request>
            <v1:language>fr</v1:language>
             <v1:municipalityCode>d1051</v1:municipalityCode>
            <v1:validateDocument>
               <document xsi:type="core:marriageCertificate" xmlns:xsi="http://www.w3.org/2001/XMLSchema-instance">
                  <attachments/>
                  <certificateOriginType>FOREIGN_CERTIFICATE</certificateOriginType>
                  <factDate>
                     <day>26</day>
                     <month>12</month>
                     <year>2011</year>
                  </factDate>
                  <establishingDate>2018-07-17</establishingDate>
                  <redactionPlace>
                     <municipalityCode>12007</municipalityCode>
                     <countryCode>150</countryCode>
                     <countryFreeText>test</countryFreeText>
                  </redactionPlace>
                  <origin>DABS</origin>
                  <persons>
                     <person>
                        <origin>RR</origin>
                        <nobilityFree/>
                        <birthPlace>
                           <municipalityCode>12010</municipalityCode>
                           <countryCode>150</countryCode>
                           <countryFreeText>test</countryFreeText>
                        </birthPlace>
                        <birthDate>
                           <day>11</day>
                           <month>1</month>
                           <year>1980</year>
                        </birthDate>
                        <firstname>Katrien</firstname>
                        <lastname>De Bondt</lastname>
                        <roles>
                           <role>SPOUSE_2</role>
                        </roles>
                        <personNumber>11234</personNumber>
                     </person>
                     <person>
                        <origin>RR</origin>
                        <nobilityFree/>
                        <birthPlace>
                           <municipalityFreeText>Budel</municipalityFreeText>
                           <countryCode>129</countryCode>
                           <countryFreeText>test</countryFreeText>
                        </birthPlace>
                        <birthDate>
                           <day>5</day>
                           <month>7</month>
                           <year>1979</year>
                        </birthDate>
                        <firstname>Bram Tonny Gerda</firstname>
                        <lastname>Van Huffel</lastname>
                        <roles>
                           <role>SPOUSE_1</role>
                        </roles>
                        <personNumber>1125000</personNumber>
                     </person>
                     <person>
                        <origin>RR</origin>
                        <birthPlace>
                           <municipalityCode>12007</municipalityCode>
                           <countryCode>150</countryCode>
                           <countryFreeText>test</countryFreeText>
                        </birthPlace>
                        <birthDate>
                           <day>1</day>
                           <month>4</month>
                           <year>1986</year>
                        </birthDate>
                        <firstname>Mounir</firstname>
                        <lastname>Ouchan</lastname>
                        <roles>
                           <role>ABS</role>
                        </roles>
                        <personNumber>86040128370</personNumber>
                     </person>
                  </persons>
                  <oldDocumentReference>2018/33</oldDocumentReference>
                  <docState>FINAL</docState>
               </document>
            </v1:validateDocument>
         </v1:request>
      </v1:validateDocumentRequest>
   </soapenv:Body>
</soapenv:Envelope>]]></con:request><con:credentials><con:selectedAuthProfile>Basic</con:selectedAuthProfile><con:addedBasicAuthenticationTypes>Basic</con:addedBasicAuthenticationTypes><con:authType>Global HTTP Settings</con:authType></con:credentials><con:jmsConfig JMSDeliveryMode="PERSISTENT"/><con:jmsPropertyConfig/><con:wsaConfig mustUnderstand="NONE" version="200508" action="http://fidus.brussels/services/civilstatusdocumentservice/validateDocument"/><con:wsrmConfig version="1.2"/></con:call><con:call id="98974e36-5b31-449b-9eea-0a10762ec5be" name="4 - Staging - LB - Request"><con:settings><con:setting id="com.eviware.soapui.impl.wsdl.WsdlRequest@request-headers">&lt;xml-fragment/></con:setting></con:settings><con:encoding>UTF-8</con:encoding><con:endpoint>https://192.168.22.53:8443/services/CivilStatusDocumentService_v1.0</con:endpoint><con:request><![CDATA[<soapenv:Envelope xmlns:soapenv="http://schemas.xmlsoap.org/soap/envelope/" xmlns:v1="http://fidus.brussels/service/civilstatusdocumentservice/messages/v1" xmlns:v11="http://fidus.brussels/type/common/messages/v1" xmlns:core="http://www.fgov.be/dabs/core">
   <soapenv:Header/>
   <soapenv:Body>
      <v1:validateDocumentRequest>
         <v1:messageContext>
            <v11:messageId>${=import static java.util.UUID.randomUUID; uuid = randomUUID() as String}</v11:messageId>
            <v11:timestamp>${=new java.text.SimpleDateFormat("yyyy-MM-dd'T'HH:mm:ss.SSS").format(new Date())}</v11:timestamp>
         </v1:messageContext>
         <v1:legalContext>ServiceIntegrator</v1:legalContext>
         <v1:request>
            <v1:language>fr</v1:language>
             <v1:municipalityCode>d1051</v1:municipalityCode>
            <v1:validateDocument>
               <document xsi:type="core:marriageCertificate" xmlns:xsi="http://www.w3.org/2001/XMLSchema-instance">
                  <attachments/>
                  <certificateOriginType>FOREIGN_CERTIFICATE</certificateOriginType>
                  <factDate>
                     <day>26</day>
                     <month>12</month>
                     <year>2011</year>
                  </factDate>
                  <establishingDate>2018-07-17</establishingDate>
                  <redactionPlace>
                     <municipalityCode>12007</municipalityCode>
                     <countryCode>150</countryCode>
                     <countryFreeText>test</countryFreeText>
                  </redactionPlace>
                  <origin>DABS</origin>
                  <persons>
                     <person>
                        <origin>RR</origin>
                        <nobilityFree/>
                        <birthPlace>
                           <municipalityCode>12010</municipalityCode>
                           <countryCode>150</countryCode>
                           <countryFreeText>test</countryFreeText>
                        </birthPlace>
                        <birthDate>
                           <day>11</day>
                           <month>1</month>
                           <year>1980</year>
                        </birthDate>
                        <firstname>Katrien</firstname>
                        <lastname>De Bondt</lastname>
                        <roles>
                           <role>SPOUSE_2</role>
                        </roles>
                        <personNumber>11234</personNumber>
                     </person>
                     <person>
                        <origin>RR</origin>
                        <nobilityFree/>
                        <birthPlace>
                           <municipalityFreeText>Budel</municipalityFreeText>
                           <countryCode>129</countryCode>
                           <countryFreeText>test</countryFreeText>
                        </birthPlace>
                        <birthDate>
                           <day>5</day>
                           <month>7</month>
                           <year>1979</year>
                        </birthDate>
                        <firstname>Bram Tonny Gerda</firstname>
                        <lastname>Van Huffel</lastname>
                        <roles>
                           <role>SPOUSE_1</role>
                        </roles>
                        <personNumber>1125000</personNumber>
                     </person>
                     <person>
                        <origin>RR</origin>
                        <birthPlace>
                           <municipalityCode>12007</municipalityCode>
                           <countryCode>150</countryCode>
                           <countryFreeText>test</countryFreeText>
                        </birthPlace>
                        <birthDate>
                           <day>1</day>
                           <month>4</month>
                           <year>1986</year>
                        </birthDate>
                        <firstname>Mounir</firstname>
                        <lastname>Ouchan</lastname>
                        <roles>
                           <role>ABS</role>
                        </roles>
                        <personNumber>86040128370</personNumber>
                     </person>
                  </persons>
                  <oldDocumentReference>2018/33</oldDocumentReference>
                  <docState>FINAL</docState>
               </document>
            </v1:validateDocument>
         </v1:request>
      </v1:validateDocumentRequest>
   </soapenv:Body>
</soapenv:Envelope>]]></con:request><con:credentials><con:selectedAuthProfile>Basic</con:selectedAuthProfile><con:addedBasicAuthenticationTypes>Basic</con:addedBasicAuthenticationTypes><con:authType>Global HTTP Settings</con:authType></con:credentials><con:jmsConfig JMSDeliveryMode="PERSISTENT"/><con:jmsPropertyConfig/><con:wsaConfig mustUnderstand="NONE" version="200508" action="http://fidus.brussels/services/civilstatusdocumentservice/validateDocument"/><con:wsrmConfig version="1.2"/></con:call><con:call id="31c470c9-8bb3-46b5-9c97-dc5b5372538a" name="4 - Staging - Worker1 - Request"><con:settings><con:setting id="com.eviware.soapui.impl.wsdl.WsdlRequest@request-headers">&lt;xml-fragment/></con:setting></con:settings><con:encoding>UTF-8</con:encoding><con:endpoint>https://192.168.22.53:8443/services/CivilStatusDocumentService_v1.0</con:endpoint><con:request><![CDATA[<soapenv:Envelope xmlns:soapenv="http://schemas.xmlsoap.org/soap/envelope/" xmlns:v1="http://fidus.brussels/service/civilstatusdocumentservice/messages/v1" xmlns:v11="http://fidus.brussels/type/common/messages/v1" xmlns:core="http://www.fgov.be/dabs/core">
   <soapenv:Header/>
   <soapenv:Body>
      <v1:validateDocumentRequest>
         <v1:messageContext>
            <v11:messageId>${=import static java.util.UUID.randomUUID; uuid = randomUUID() as String}</v11:messageId>
            <v11:timestamp>${=new java.text.SimpleDateFormat("yyyy-MM-dd'T'HH:mm:ss.SSS").format(new Date())}</v11:timestamp>
         </v1:messageContext>
         <v1:legalContext>ServiceIntegrator</v1:legalContext>
         <v1:request>
            <v1:language>fr</v1:language>
             <v1:municipalityCode>d1051</v1:municipalityCode>
            <v1:validateDocument>
               <document xsi:type="core:marriageCertificate" xmlns:xsi="http://www.w3.org/2001/XMLSchema-instance">
                  <attachments/>
                  <certificateOriginType>FOREIGN_CERTIFICATE</certificateOriginType>
                  <factDate>
                     <day>26</day>
                     <month>12</month>
                     <year>2011</year>
                  </factDate>
                  <establishingDate>2018-07-17</establishingDate>
                  <redactionPlace>
                     <municipalityCode>12007</municipalityCode>
                     <countryCode>150</countryCode>
                     <countryFreeText>test</countryFreeText>
                  </redactionPlace>
                  <origin>DABS</origin>
                  <persons>
                     <person>
                        <origin>RR</origin>
                        <nobilityFree/>
                        <birthPlace>
                           <municipalityCode>12010</municipalityCode>
                           <countryCode>150</countryCode>
                           <countryFreeText>test</countryFreeText>
                        </birthPlace>
                        <birthDate>
                           <day>11</day>
                           <month>1</month>
                           <year>1980</year>
                        </birthDate>
                        <firstname>Katrien</firstname>
                        <lastname>De Bondt</lastname>
                        <roles>
                           <role>SPOUSE_2</role>
                        </roles>
                        <personNumber>11234</personNumber>
                     </person>
                     <person>
                        <origin>RR</origin>
                        <nobilityFree/>
                        <birthPlace>
                           <municipalityFreeText>Budel</municipalityFreeText>
                           <countryCode>129</countryCode>
                           <countryFreeText>test</countryFreeText>
                        </birthPlace>
                        <birthDate>
                           <day>5</day>
                           <month>7</month>
                           <year>1979</year>
                        </birthDate>
                        <firstname>Bram Tonny Gerda</firstname>
                        <lastname>Van Huffel</lastname>
                        <roles>
                           <role>SPOUSE_1</role>
                        </roles>
                        <personNumber>1125000</personNumber>
                     </person>
                     <person>
                        <origin>RR</origin>
                        <birthPlace>
                           <municipalityCode>12007</municipalityCode>
                           <countryCode>150</countryCode>
                           <countryFreeText>test</countryFreeText>
                        </birthPlace>
                        <birthDate>
                           <day>1</day>
                           <month>4</month>
                           <year>1986</year>
                        </birthDate>
                        <firstname>Mounir</firstname>
                        <lastname>Ouchan</lastname>
                        <roles>
                           <role>ABS</role>
                        </roles>
                        <personNumber>86040128370</personNumber>
                     </person>
                  </persons>
                  <oldDocumentReference>2018/33</oldDocumentReference>
                  <docState>FINAL</docState>
               </document>
            </v1:validateDocument>
         </v1:request>
      </v1:validateDocumentRequest>
   </soapenv:Body>
</soapenv:Envelope>]]></con:request><con:credentials><con:selectedAuthProfile>Basic</con:selectedAuthProfile><con:addedBasicAuthenticationTypes>Basic</con:addedBasicAuthenticationTypes><con:authType>Global HTTP Settings</con:authType></con:credentials><con:jmsConfig JMSDeliveryMode="PERSISTENT"/><con:jmsPropertyConfig/><con:wsaConfig mustUnderstand="NONE" version="200508" action="http://fidus.brussels/services/civilstatusdocumentservice/validateDocument"/><con:wsrmConfig version="1.2"/></con:call><con:call id="87466179-aa9a-44da-8f9c-4bd06ad0b325" name="4 - Staging - Worker2 - Request"><con:settings><con:setting id="com.eviware.soapui.impl.wsdl.WsdlRequest@request-headers">&lt;xml-fragment/></con:setting></con:settings><con:encoding>UTF-8</con:encoding><con:endpoint>https://192.168.22.53:8443/services/CivilStatusDocumentService_v1.0</con:endpoint><con:request><![CDATA[<soapenv:Envelope xmlns:soapenv="http://schemas.xmlsoap.org/soap/envelope/" xmlns:v1="http://fidus.brussels/service/civilstatusdocumentservice/messages/v1" xmlns:v11="http://fidus.brussels/type/common/messages/v1" xmlns:core="http://www.fgov.be/dabs/core">
   <soapenv:Header/>
   <soapenv:Body>
      <v1:validateDocumentRequest>
         <v1:messageContext>
            <v11:messageId>${=import static java.util.UUID.randomUUID; uuid = randomUUID() as String}</v11:messageId>
            <v11:timestamp>${=new java.text.SimpleDateFormat("yyyy-MM-dd'T'HH:mm:ss.SSS").format(new Date())}</v11:timestamp>
         </v1:messageContext>
         <v1:legalContext>ServiceIntegrator</v1:legalContext>
         <v1:request>
            <v1:language>fr</v1:language>
             <v1:municipalityCode>d1051</v1:municipalityCode>
            <v1:validateDocument>
               <document xsi:type="core:marriageCertificate" xmlns:xsi="http://www.w3.org/2001/XMLSchema-instance">
                  <attachments/>
                  <certificateOriginType>FOREIGN_CERTIFICATE</certificateOriginType>
                  <factDate>
                     <day>26</day>
                     <month>12</month>
                     <year>2011</year>
                  </factDate>
                  <establishingDate>2018-07-17</establishingDate>
                  <redactionPlace>
                     <municipalityCode>12007</municipalityCode>
                     <countryCode>150</countryCode>
                     <countryFreeText>test</countryFreeText>
                  </redactionPlace>
                  <origin>DABS</origin>
                  <persons>
                     <person>
                        <origin>RR</origin>
                        <nobilityFree/>
                        <birthPlace>
                           <municipalityCode>12010</municipalityCode>
                           <countryCode>150</countryCode>
                           <countryFreeText>test</countryFreeText>
                        </birthPlace>
                        <birthDate>
                           <day>11</day>
                           <month>1</month>
                           <year>1980</year>
                        </birthDate>
                        <firstname>Katrien</firstname>
                        <lastname>De Bondt</lastname>
                        <roles>
                           <role>SPOUSE_2</role>
                        </roles>
                        <personNumber>11234</personNumber>
                     </person>
                     <person>
                        <origin>RR</origin>
                        <nobilityFree/>
                        <birthPlace>
                           <municipalityFreeText>Budel</municipalityFreeText>
                           <countryCode>129</countryCode>
                           <countryFreeText>test</countryFreeText>
                        </birthPlace>
                        <birthDate>
                           <day>5</day>
                           <month>7</month>
                           <year>1979</year>
                        </birthDate>
                        <firstname>Bram Tonny Gerda</firstname>
                        <lastname>Van Huffel</lastname>
                        <roles>
                           <role>SPOUSE_1</role>
                        </roles>
                        <personNumber>1125000</personNumber>
                     </person>
                     <person>
                        <origin>RR</origin>
                        <birthPlace>
                           <municipalityCode>12007</municipalityCode>
                           <countryCode>150</countryCode>
                           <countryFreeText>test</countryFreeText>
                        </birthPlace>
                        <birthDate>
                           <day>1</day>
                           <month>4</month>
                           <year>1986</year>
                        </birthDate>
                        <firstname>Mounir</firstname>
                        <lastname>Ouchan</lastname>
                        <roles>
                           <role>ABS</role>
                        </roles>
                        <personNumber>86040128370</personNumber>
                     </person>
                  </persons>
                  <oldDocumentReference>2018/33</oldDocumentReference>
                  <docState>FINAL</docState>
               </document>
            </v1:validateDocument>
         </v1:request>
      </v1:validateDocumentRequest>
   </soapenv:Body>
</soapenv:Envelope>]]></con:request><con:credentials><con:selectedAuthProfile>Basic</con:selectedAuthProfile><con:addedBasicAuthenticationTypes>Basic</con:addedBasicAuthenticationTypes><con:authType>Global HTTP Settings</con:authType></con:credentials><con:jmsConfig JMSDeliveryMode="PERSISTENT"/><con:jmsPropertyConfig/><con:wsaConfig mustUnderstand="NONE" version="200508" action="http://fidus.brussels/services/civilstatusdocumentservice/validateDocument"/><con:wsrmConfig version="1.2"/></con:call></con:operation></con:interface><con:testSuite id="11c8e7ff-5265-4999-8ea8-78e45b2dc8b1" name="DEV"><con:settings/><con:runType>SEQUENTIAL</con:runType><con:testCase id="491eed39-93fc-4596-80f1-c8a925d6c928" failOnError="true" failTestCaseOnErrors="true" keepSession="false" maxResults="0" name="getCopyConform" searchProperties="true"><con:settings/><con:testStep type="request" id="1bbca3bd-0015-4665-92b4-84f7938fd5f0" name="testcase2 - Dev - Request"><con:settings/><con:config xsi:type="con:RequestStep" xmlns:xsi="http://www.w3.org/2001/XMLSchema-instance"><con:interface>CivilStatusDocumentService_v1.0Soap11Binding</con:interface><con:operation>getCopyConform</con:operation><con:request name="testcase2 - Dev - Request" id="a776a355-e409-4d29-a572-6af506f6dcbe" outgoingWss="Outflow DEV"><con:settings/><con:encoding>UTF-8</con:encoding><con:endpoint>https://192.168.36.61:8243/services/CivilStatusDocumentService_v1.0</con:endpoint><con:request><![CDATA[<soapenv:Envelope xmlns:soapenv="http://schemas.xmlsoap.org/soap/envelope/" xmlns:v1="http://fidus.brussels/service/civilstatusdocumentservice/messages/v1" xmlns:v11="http://fidus.brussels/type/common/messages/v1">
   <soapenv:Header/>
   <soapenv:Body>
      <v1:getCopyConformRequest>
         <v1:messageContext>
           <v11:messageId>${=import static java.util.UUID.randomUUID; uuid = randomUUID() as String}</v11:messageId>
            <v11:timestamp>${=new java.text.SimpleDateFormat("yyyy-MM-dd'T'HH:mm:ss.SSS").format(new Date())}</v11:timestamp>
         </v1:messageContext>
         <v1:legalContext>ServiceIntegrator</v1:legalContext>
         <v1:request>
            <v1:documentReference>20180000299194</v1:documentReference>
		  <v1:language>fr</v1:language>
		   <!--Optional:-->
            <v1:municipalityCode>d1051</v1:municipalityCode>
         </v1:request>
      </v1:getCopyConformRequest>
   </soapenv:Body>
</soapenv:Envelope>]]></con:request><con:assertion type="SOAP Fault Assertion" id="36924e2c-f08e-47af-af3a-4b5b0814ad03" name="Not SOAP Fault"/><con:assertion type="SOAP Response" id="25defeae-eab6-426a-adb0-12def444a305" name="SOAP Response"/><con:assertion type="Schema Compliance" id="60152ae6-1e30-449b-b915-bda65726c47e" name="Schema Compliance"><con:configuration/></con:assertion><con:wsaConfig action="http://fidus.brussels/services/civilstatusdocumentservice/getCopyConform"/></con:request></con:config></con:testStep><con:properties/></con:testCase><con:testCase id="c140b29d-0d54-4978-bbcc-5eb6a2a30f06" failOnError="true" failTestCaseOnErrors="true" keepSession="false" maxResults="0" name="getCopyConformAsPdf" searchProperties="true"><con:settings/><con:testStep type="request" id="39909209-8e54-41ec-b8ed-32a9450552b7" name="testcase2 - Dev - Request"><con:settings/><con:config xsi:type="con:RequestStep" xmlns:xsi="http://www.w3.org/2001/XMLSchema-instance"><con:interface>CivilStatusDocumentService_v1.0Soap11Binding</con:interface><con:operation>getCopyConformAsPdf</con:operation><con:request name="testcase2 - Dev - Request" id="5f0a7aac-c148-4fed-86d1-64a303ea02cb" outgoingWss="Outflow DEV"><con:settings/><con:encoding>UTF-8</con:encoding><con:endpoint>https://192.168.22.53:8443/services/CivilStatusDocumentService_v1.0</con:endpoint><con:request><![CDATA[<soapenv:Envelope xmlns:soapenv="http://schemas.xmlsoap.org/soap/envelope/" xmlns:v1="http://fidus.brussels/service/civilstatusdocumentservice/messages/v1" xmlns:v11="http://fidus.brussels/type/common/messages/v1">
   <soapenv:Header/>
   <soapenv:Body>
      <v1:getCopyConformAsPdfRequest>
         <v1:messageContext>
           <v11:messageId>${=import static java.util.UUID.randomUUID; uuid = randomUUID() as String}</v11:messageId>
            <v11:timestamp>${=new java.text.SimpleDateFormat("yyyy-MM-dd'T'HH:mm:ss.SSS").format(new Date())}</v11:timestamp>
         </v1:messageContext>
         <v1:legalContext>ServiceIntegrator</v1:legalContext>
         <v1:request>
            <v1:documentReference>20180000299194</v1:documentReference>
         	  <v1:language>fr</v1:language>
         	  <v1:municipalityCode>d1051</v1:municipalityCode>
         </v1:request>
      </v1:getCopyConformAsPdfRequest>
   </soapenv:Body>
</soapenv:Envelope>]]></con:request><con:assertion type="SOAP Fault Assertion" id="030f2630-dc2f-44ff-a4ea-9e3feabcd5af" name="Not SOAP Fault"/><con:assertion type="SOAP Response" id="cc93d8a5-d6df-41cd-bb08-d12406a01d66" name="SOAP Response"/><con:assertion type="Schema Compliance" id="a85f483d-b4a4-46b0-8bff-cc4fa56f5dde" name="Schema Compliance"><con:configuration/></con:assertion><con:wsaConfig action="http://fidus.brussels/services/civilstatusdocumentservice/getCopyConformAsPdf"/></con:request></con:config></con:testStep><con:properties/></con:testCase><con:testCase id="47306315-fcce-4a4b-b004-fd348a03ddad" failOnError="true" failTestCaseOnErrors="true" keepSession="false" maxResults="0" name="getDocument" searchProperties="true"><con:settings/><con:testStep type="request" id="19eae974-c603-4e80-8bc9-9b14d70bc11d" name="testcase2 - Dev - Request"><con:settings/><con:config xsi:type="con:RequestStep" xmlns:xsi="http://www.w3.org/2001/XMLSchema-instance"><con:interface>CivilStatusDocumentService_v1.0Soap11Binding</con:interface><con:operation>getDocument</con:operation><con:request name="testcase2 - Dev - Request" id="6c4418b9-8b7c-4b22-9b5d-9b7b7f1a673c" outgoingWss="Outflow DEV"><con:settings/><con:encoding>UTF-8</con:encoding><con:endpoint>https://192.168.22.53:8443/services/CivilStatusDocumentService_v1.0</con:endpoint><con:request><![CDATA[<soapenv:Envelope xmlns:soapenv="http://schemas.xmlsoap.org/soap/envelope/" xmlns:v1="http://fidus.brussels/service/civilstatusdocumentservice/messages/v1" xmlns:v11="http://fidus.brussels/type/common/messages/v1">
   <soapenv:Header/>
   <soapenv:Body>
      <v1:getDocumentRequest>
         <v1:messageContext>
           <v11:messageId>${=import static java.util.UUID.randomUUID; uuid = randomUUID() as String}</v11:messageId>
            <v11:timestamp>${=new java.text.SimpleDateFormat("yyyy-MM-dd'T'HH:mm:ss.SSS").format(new Date())}</v11:timestamp>
         </v1:messageContext>
         <v1:legalContext>ServiceIntegrator</v1:legalContext>
         <v1:request>
            <v1:documentReference>201800002991940</v1:documentReference>
            <v1:language>fr</v1:language>
            <v1:municipalityCode>d1051</v1:municipalityCode>
         </v1:request>
      </v1:getDocumentRequest>
   </soapenv:Body>
</soapenv:Envelope>]]></con:request><con:assertion type="SOAP Fault Assertion" id="496eb804-2e24-4cc5-b9a4-69d9f4104794" name="Not SOAP Fault"/><con:assertion type="SOAP Response" id="42b06d80-8466-4d6d-919f-c0bd05961b01" name="SOAP Response"/><con:assertion type="Schema Compliance" id="aa357c8b-c384-40cb-8f1e-8fb5d483f86c" name="Schema Compliance"><con:configuration/></con:assertion><con:wsaConfig action="http://fidus.brussels/services/civilstatusdocumentservice/getDocument"/></con:request></con:config></con:testStep><con:properties/></con:testCase><con:testCase id="75e27e7b-6a8d-4e92-bade-d9c008a03326" failOnError="true" failTestCaseOnErrors="true" keepSession="false" maxResults="0" name="getExtract" searchProperties="true"><con:settings/><con:testStep type="request" id="80a87d35-4b6d-4919-84f6-26f51551dff7" name="testcase2 - Dev - Request"><con:settings/><con:config xsi:type="con:RequestStep" xmlns:xsi="http://www.w3.org/2001/XMLSchema-instance"><con:interface>CivilStatusDocumentService_v1.0Soap11Binding</con:interface><con:operation>getExtract</con:operation><con:request name="testcase2 - Dev - Request" id="ac9b1294-5090-4d2b-8a4c-5c076e19bb43" outgoingWss="Outflow DEV"><con:settings/><con:encoding>UTF-8</con:encoding><con:endpoint>https://192.168.22.53:8443/services/CivilStatusDocumentService_v1.0</con:endpoint><con:request><![CDATA[<soapenv:Envelope xmlns:soapenv="http://schemas.xmlsoap.org/soap/envelope/" xmlns:v1="http://fidus.brussels/service/civilstatusdocumentservice/messages/v1" xmlns:v11="http://fidus.brussels/type/common/messages/v1">
   <soapenv:Header/>
   <soapenv:Body>
      <v1:getExtractRequest>
         <v1:messageContext>
           <v11:messageId>${=import static java.util.UUID.randomUUID; uuid = randomUUID() as String}</v11:messageId>
            <v11:timestamp>${=new java.text.SimpleDateFormat("yyyy-MM-dd'T'HH:mm:ss.SSS").format(new Date())}</v11:timestamp>
         </v1:messageContext>
         <v1:legalContext>ServiceIntegrator</v1:legalContext>
         <v1:request>
            <v1:documentReference>20180000299194</v1:documentReference>
            <v1:language>fr</v1:language>
            <v1:municipalityCode>Z1051</v1:municipalityCode>
         </v1:request>
      </v1:getExtractRequest>
   </soapenv:Body>
</soapenv:Envelope>]]></con:request><con:assertion type="SOAP Fault Assertion" id="e963cb7a-5fc4-4a90-be6d-594ef9e90ad0" name="Not SOAP Fault"/><con:assertion type="SOAP Response" id="c1950352-78f2-49b7-ae67-dc72eeecb353" name="SOAP Response"/><con:assertion type="Schema Compliance" id="d7847702-e58e-4deb-b9c4-99fb6cd6b784" name="Schema Compliance"><con:configuration/></con:assertion><con:wsaConfig action="http://fidus.brussels/services/civilstatusdocumentservice/getExtract"/></con:request></con:config></con:testStep><con:properties/></con:testCase><con:testCase id="abeb7bca-70ed-4afe-a0d9-b87d88a09233" failOnError="true" failTestCaseOnErrors="true" keepSession="false" maxResults="0" name="getExtractAsPdf" searchProperties="true"><con:settings/><con:testStep type="request" id="56a4a3b4-935d-49f6-a77e-e0bafdac29a0" name="testcase2 - Dev - Request"><con:settings/><con:config xsi:type="con:RequestStep" xmlns:xsi="http://www.w3.org/2001/XMLSchema-instance"><con:interface>CivilStatusDocumentService_v1.0Soap11Binding</con:interface><con:operation>getExtractAsPdf</con:operation><con:request name="testcase2 - Dev - Request" id="0f1079b3-159e-4308-aa01-33738624b84a" outgoingWss="Outflow DEV"><con:settings/><con:encoding>UTF-8</con:encoding><con:endpoint>https://192.168.36.61:8243/services/CivilStatusDocumentService_v1.0</con:endpoint><con:request><![CDATA[<soapenv:Envelope xmlns:soapenv="http://schemas.xmlsoap.org/soap/envelope/" xmlns:v1="http://fidus.brussels/service/civilstatusdocumentservice/messages/v1" xmlns:v11="http://fidus.brussels/type/common/messages/v1">
   <soapenv:Header/>
   <soapenv:Body>
      <v1:getExtractAsPdfRequest>
         <v1:messageContext>
           <v11:messageId>${=import static java.util.UUID.randomUUID; uuid = randomUUID() as String}</v11:messageId>
            <v11:timestamp>${=new java.text.SimpleDateFormat("yyyy-MM-dd'T'HH:mm:ss.SSS").format(new Date())}</v11:timestamp>
         </v1:messageContext>
         <v1:legalContext>ServiceIntegrator</v1:legalContext>
         <v1:request>
            <v1:documentReference>20180000299194</v1:documentReference>
            <v1:language>fr</v1:language>
         </v1:request>
      </v1:getExtractAsPdfRequest>
   </soapenv:Body>
</soapenv:Envelope>]]></con:request><con:assertion type="SOAP Fault Assertion" id="3ce99a8a-3288-4a19-b48a-49fee6df2ac2" name="Not SOAP Fault"/><con:assertion type="SOAP Response" id="1c7ba19d-20f2-4efa-8921-96aceedb9282" name="SOAP Response"/><con:assertion type="Schema Compliance" id="cacdff8a-928d-40ba-9765-d4ca409de0ab" name="Schema Compliance"><con:configuration/></con:assertion><con:wsaConfig action="http://fidus.brussels/services/civilstatusdocumentservice/getExtractAsPdf"/></con:request></con:config></con:testStep><con:properties/></con:testCase><con:testCase id="77c5e7ed-7a43-4bae-9fb9-71e85de8f0f2" failOnError="true" failTestCaseOnErrors="true" keepSession="false" maxResults="0" name="saveOrUpdateDocument" searchProperties="true"><con:settings/><con:testStep type="request" id="1ff57526-5634-41e6-862c-05fb8187bde1" name="testcase2 - Dev - Request"><con:settings/><con:config xsi:type="con:RequestStep" xmlns:xsi="http://www.w3.org/2001/XMLSchema-instance"><con:interface>CivilStatusDocumentService_v1.0Soap11Binding</con:interface><con:operation>saveOrUpdateDocument</con:operation><con:request name="testcase2 - Dev - Request" id="f64d08a4-2203-45cf-8933-4fc8da64634c" outgoingWss="Outflow DEV"><con:settings/><con:encoding>UTF-8</con:encoding><con:endpoint>https://192.168.36.61:8243/services/CivilStatusDocumentService_v1.0</con:endpoint><con:request><![CDATA[<soapenv:Envelope xmlns:soapenv="http://schemas.xmlsoap.org/soap/envelope/" xmlns:v1="http://fidus.brussels/service/civilstatusdocumentservice/messages/v1" xmlns:v11="http://fidus.brussels/type/common/messages/v1" xmlns:core="http://www.fgov.be/dabs/core">
   <soapenv:Header/>
   <soapenv:Body>
      <v1:saveOrUpdateDocumentRequest>
         <v1:messageContext>
           <v11:messageId>${=import static java.util.UUID.randomUUID; uuid = randomUUID() as String}</v11:messageId>
            <v11:timestamp>${=new java.text.SimpleDateFormat("yyyy-MM-dd'T'HH:mm:ss.SSS").format(new Date())}</v11:timestamp>
         </v1:messageContext>
         <v1:legalContext>ServiceIntegrator</v1:legalContext>
         <v1:request>
            <v1:language>fr</v1:language>
            <v1:saveOrUpdateDocument>
          <core:document xmlns:xsi="http://www.w3.org/2001/XMLSchema-instance" xsi:type="core:marriageCertificate">
           <core:attachments/>
           <core:certificateOriginType>FOREIGN_CERTIFICATE</core:certificateOriginType>
           <core:factDate>
              <core:day>22</core:day>
              <core:month>12</core:month>
              <core:year>2011</core:year>
           </core:factDate>
           <core:establishingDate>2018-07-17</core:establishingDate>
           <core:redactionPlace>
              <core:municipalityCode>12007</core:municipalityCode>
              <core:countryCode>150</core:countryCode>
              <core:countryFreeText>test</core:countryFreeText>
           </core:redactionPlace>
           <core:origin>DABS</core:origin>
           <core:persons>
              <core:person>
                 <core:origin>RR</core:origin>
                 <core:nobilityFree/>
                 <core:birthPlace>
                    <core:municipalityCode>12010</core:municipalityCode>
                    <core:countryCode>150</core:countryCode>
                    <core:countryFreeText>test</core:countryFreeText>
                 </core:birthPlace>
                 <core:birthDate>
                    <core:day>11</core:day>
                    <core:month>1</core:month>
                    <core:year>1980</core:year>
                 </core:birthDate>
                 <core:firstname>Katrien</core:firstname>
                 <core:lastname>De Bondt</core:lastname>
                 <core:roles>
                    <core:role>SPOUSE_2</core:role>
                 </core:roles>
                 <core:personNumber>11234</core:personNumber>
              </core:person>
              <core:person>
                 <core:origin>RR</core:origin>
                 <core:nobilityFree/>
                 <core:birthPlace>
                    <core:municipalityFreeText>Budel</core:municipalityFreeText>
                    <core:countryCode>129</core:countryCode>
                    <core:countryFreeText>test</core:countryFreeText>
                 </core:birthPlace>
                 <core:birthDate>
                    <core:day>5</core:day>
                    <core:month>7</core:month>
                    <core:year>1979</core:year>
                 </core:birthDate>
                 <core:firstname>Bram Tonny Gerda</core:firstname>
                 <core:lastname>Van Huffel</core:lastname>
                 <core:roles>
                    <core:role>SPOUSE_1</core:role>
                 </core:roles>
                 <core:personNumber>1125000</core:personNumber>
              </core:person>
              <core:person>
                 <core:origin>RR</core:origin>
                 <core:birthPlace>
                    <core:municipalityCode>12007</core:municipalityCode>
                    <core:countryCode>150</core:countryCode>
                    <core:countryFreeText>test</core:countryFreeText>
                 </core:birthPlace>
                 <core:birthDate>
                    <core:day>1</core:day>
                    <core:month>4</core:month>
                    <core:year>1986</core:year>
                 </core:birthDate>
                 <core:firstname>Mounir</core:firstname>
                 <core:lastname>Ouchan</core:lastname>
                 <core:roles>
                    <core:role>ABS</core:role>
                 </core:roles>
                 <core:personNumber>86040128370</core:personNumber>
              </core:person>
           </core:persons>
           <core:oldDocumentReference>2018/33</core:oldDocumentReference>
           <core:docState>FINAL</core:docState>
        </core:document>
            </v1:saveOrUpdateDocument>
         </v1:request>
      </v1:saveOrUpdateDocumentRequest>
   </soapenv:Body>
</soapenv:Envelope>]]></con:request><con:assertion type="SOAP Fault Assertion" id="eeff079a-6a94-49b1-9294-1d24d26e925f" name="Not SOAP Fault"/><con:assertion type="SOAP Response" id="5317fd9b-0c8f-4118-b0fa-763e0dd09a2d" name="SOAP Response"/><con:assertion type="Schema Compliance" id="6722d55d-79f2-4af3-b2db-68e35d2819bd" name="Schema Compliance"><con:configuration/></con:assertion><con:wsaConfig action="http://fidus.brussels/services/civilstatusdocumentservice/saveOrUpdateDocument"/></con:request></con:config></con:testStep><con:properties/></con:testCase><con:testCase id="13e44a44-1d51-48a6-86f0-aed094de3b70" failOnError="true" failTestCaseOnErrors="true" keepSession="false" maxResults="0" name="searchDocument" searchProperties="true"><con:settings/><con:testStep type="request" id="ce785a84-aaa0-4076-a7dc-4c57d6d441e6" name="testcase2 - Dev - Request"><con:settings/><con:config xsi:type="con:RequestStep" xmlns:xsi="http://www.w3.org/2001/XMLSchema-instance"><con:interface>CivilStatusDocumentService_v1.0Soap11Binding</con:interface><con:operation>searchDocument</con:operation><con:request name="testcase2 - Dev - Request" id="c2f6ae30-9a8b-4d08-8e51-90b26839c816" outgoingWss="Outflow DEV"><con:settings/><con:encoding>UTF-8</con:encoding><con:endpoint>https://192.168.36.61:8243/services/CivilStatusDocumentService_v1.0</con:endpoint><con:request><![CDATA[<soapenv:Envelope xmlns:soapenv="http://schemas.xmlsoap.org/soap/envelope/" xmlns:v1="http://fidus.brussels/service/civilstatusdocumentservice/messages/v1" xmlns:v11="http://fidus.brussels/type/common/messages/v1" xmlns:core="http://www.fgov.be/dabs/core">
   <soapenv:Header/>
   <soapenv:Body>
      <v1:searchDocumentRequest>
         <v1:messageContext>
           <v11:messageId>${=import static java.util.UUID.randomUUID; uuid = randomUUID() as String}</v11:messageId>
            <v11:timestamp>${=new java.text.SimpleDateFormat("yyyy-MM-dd'T'HH:mm:ss.SSS").format(new Date())}</v11:timestamp>
         </v1:messageContext>
         <v1:legalContext>ServiceIntegrator</v1:legalContext>
         <v1:request>
            <v1:language>fr</v1:language>
            <v1:municipalityCode>d1051</v1:municipalityCode>
            <v1:searchDocument>
               <documentSearch>
                  <type>MARRIAGE_CERTIFICATE</type>
                  <state>FINAL</state>
                  <factDate>
                     <day>15</day>
                     <month>12</month>
                     <year>2011</year>
                  </factDate>
                  <personNumber>11234</personNumber>
                  <firstname>Katrien</firstname>
                  <lastname>De Bondt</lastname>
                  <birthDate>
                     <day>11</day>
                     <month>1</month>
                     <year>1980</year>
                  </birthDate>
                  <!--Optional:-->
                  <!--placeOfOrigin>?</placeOfOrigin-->
                  <searchInRrn>false</searchInRrn>
               </documentSearch>
            </v1:searchDocument>
         </v1:request>
      </v1:searchDocumentRequest>
   </soapenv:Body>
</soapenv:Envelope>]]></con:request><con:assertion type="SOAP Fault Assertion" id="0b543fb5-c0cd-4d6b-ada3-8acb22bf18b5" name="Not SOAP Fault"/><con:assertion type="SOAP Response" id="42727677-be15-4452-952e-104d39de8ecb" name="SOAP Response"/><con:assertion type="Schema Compliance" id="ca55afa5-8763-4e94-81af-8525b7048f62" name="Schema Compliance"><con:configuration/></con:assertion><con:wsaConfig action="http://fidus.brussels/services/civilstatusdocumentservice/searchDocument"/></con:request></con:config></con:testStep><con:properties/></con:testCase><con:testCase id="273483a5-673e-4083-9771-0122e839a002" failOnError="true" failTestCaseOnErrors="true" keepSession="false" maxResults="0" name="validateDocument" searchProperties="true"><con:settings/><con:testStep type="request" id="93c566dc-6c72-45af-a03f-228e8b2f49d0" name="testcase2 - Dev - Request"><con:settings/><con:config xsi:type="con:RequestStep" xmlns:xsi="http://www.w3.org/2001/XMLSchema-instance"><con:interface>CivilStatusDocumentService_v1.0Soap11Binding</con:interface><con:operation>validateDocument</con:operation><con:request name="testcase2 - Dev - Request" id="6d3d7d00-b221-4b67-8969-e711c5003520" outgoingWss="Outflow DEV"><con:settings/><con:encoding>UTF-8</con:encoding><con:endpoint>https://192.168.22.53:8443/services/CivilStatusDocumentService_v1.0</con:endpoint><con:request><![CDATA[<soapenv:Envelope xmlns:soapenv="http://schemas.xmlsoap.org/soap/envelope/" xmlns:v1="http://fidus.brussels/service/civilstatusdocumentservice/messages/v1" xmlns:v11="http://fidus.brussels/type/common/messages/v1" xmlns:core="http://www.fgov.be/dabs/core">
   <soapenv:Header/>
   <soapenv:Body>
      <v1:validateDocumentRequest>
         <v1:messageContext>
            <v11:messageId>${=import static java.util.UUID.randomUUID; uuid = randomUUID() as String}</v11:messageId>
            <v11:timestamp>${=new java.text.SimpleDateFormat("yyyy-MM-dd'T'HH:mm:ss.SSS").format(new Date())}</v11:timestamp>
         </v1:messageContext>
         <v1:legalContext>ServiceIntegrator</v1:legalContext>
         <v1:request>
            <v1:language>fr</v1:language>
             <v1:municipalityCode>d1051</v1:municipalityCode>
            <v1:validateDocument>
               <document xsi:type="core:marriageCertificate" xmlns:xsi="http://www.w3.org/2001/XMLSchema-instance">
                  <attachments/>
                  <certificateOriginType>FOREIGN_CERTIFICATE</certificateOriginType>
                  <factDate>
                     <day>26</day>
                     <month>12</month>
                     <year>2011</year>
                  </factDate>
                  <establishingDate>2018-07-17</establishingDate>
                  <redactionPlace>
                     <municipalityCode>12007</municipalityCode>
                     <countryCode>150</countryCode>
                     <countryFreeText>test</countryFreeText>
                  </redactionPlace>
                  <origin>DABS</origin>
                  <persons>
                     <person>
                        <origin>RR</origin>
                        <nobilityFree/>
                        <birthPlace>
                           <municipalityCode>12010</municipalityCode>
                           <countryCode>150</countryCode>
                           <countryFreeText>test</countryFreeText>
                        </birthPlace>
                        <birthDate>
                           <day>11</day>
                           <month>1</month>
                           <year>1980</year>
                        </birthDate>
                        <firstname>Katrien</firstname>
                        <lastname>De Bondt</lastname>
                        <roles>
                           <role>SPOUSE_2</role>
                        </roles>
                        <personNumber>11234</personNumber>
                     </person>
                     <person>
                        <origin>RR</origin>
                        <nobilityFree/>
                        <birthPlace>
                           <municipalityFreeText>Budel</municipalityFreeText>
                           <countryCode>129</countryCode>
                           <countryFreeText>test</countryFreeText>
                        </birthPlace>
                        <birthDate>
                           <day>5</day>
                           <month>7</month>
                           <year>1979</year>
                        </birthDate>
                        <firstname>Bram Tonny Gerda</firstname>
                        <lastname>Van Huffel</lastname>
                        <roles>
                           <role>SPOUSE_1</role>
                        </roles>
                        <personNumber>1125000</personNumber>
                     </person>
                     <person>
                        <origin>RR</origin>
                        <birthPlace>
                           <municipalityCode>12007</municipalityCode>
                           <countryCode>150</countryCode>
                           <countryFreeText>test</countryFreeText>
                        </birthPlace>
                        <birthDate>
                           <day>1</day>
                           <month>4</month>
                           <year>1986</year>
                        </birthDate>
                        <firstname>Mounir</firstname>
                        <lastname>Ouchan</lastname>
                        <roles>
                           <role>ABS</role>
                        </roles>
                        <personNumber>86040128370</personNumber>
                     </person>
                  </persons>
                  <oldDocumentReference>2018/33</oldDocumentReference>
                  <docState>FINAL</docState>
               </document>
            </v1:validateDocument>
         </v1:request>
      </v1:validateDocumentRequest>
   </soapenv:Body>
</soapenv:Envelope>]]></con:request><con:assertion type="SOAP Fault Assertion" id="d9b7306a-55c4-4ade-a879-66a006e2fc2f" name="Not SOAP Fault"/><con:assertion type="SOAP Response" id="5c17fe7b-0330-4a8f-9c00-8bac3a8e5e15" name="SOAP Response"/><con:assertion type="Schema Compliance" id="9c84d0b3-bdca-4adb-87f3-be31848b0e08" name="Schema Compliance"><con:configuration/></con:assertion><con:wsaConfig action="http://fidus.brussels/services/civilstatusdocumentservice/validateDocument"/></con:request></con:config></con:testStep><con:properties/></con:testCase><con:properties/></con:testSuite><con:testSuite id="d19fdf40-8edb-4548-bbff-d8db9c5aa823" name="TEST"><con:settings/><con:runType>SEQUENTIAL</con:runType><con:testCase id="73654abe-865a-437d-b3c4-ac621f559d82" failOnError="true" failTestCaseOnErrors="true" keepSession="false" maxResults="0" name="getCopyConform" searchProperties="true"><con:settings/><con:testStep type="request" id="efdf267f-1c13-42ac-9b1e-9fd8f989559c" name="testcase3 -Test - External - Request"><con:settings/><con:config xsi:type="con:RequestStep" xmlns:xsi="http://www.w3.org/2001/XMLSchema-instance"><con:interface>CivilStatusDocumentService_v1.0Soap11Binding</con:interface><con:operation>getCopyConform</con:operation><con:request name="testcase3 -Test - External - Request" id="88ac5ddf-ebd8-41c4-a1d2-f9065e96cac9" outgoingWss="Outflow TEST"><con:settings/><con:encoding>UTF-8</con:encoding><con:endpoint>https://fidus-test.irisnetlab.be/services/CivilStatusDocumentService_v1.0</con:endpoint><con:request><![CDATA[<soapenv:Envelope xmlns:soapenv="http://schemas.xmlsoap.org/soap/envelope/" xmlns:v1="http://fidus.brussels/service/civilstatusdocumentservice/messages/v1" xmlns:v11="http://fidus.brussels/type/common/messages/v1">
   <soapenv:Header/>
   <soapenv:Body>
      <v1:getCopyConformRequest>
         <v1:messageContext>
           <v11:messageId>${=import static java.util.UUID.randomUUID; uuid = randomUUID() as String}</v11:messageId>
            <v11:timestamp>${=new java.text.SimpleDateFormat("yyyy-MM-dd'T'HH:mm:ss.SSS").format(new Date())}</v11:timestamp>
         </v1:messageContext>
         <v1:legalContext>ServiceIntegrator</v1:legalContext>
         <v1:request>
            <v1:documentReference>20180000299194</v1:documentReference>
		  <v1:language>fr</v1:language>
         </v1:request>
      </v1:getCopyConformRequest>
   </soapenv:Body>
</soapenv:Envelope>]]></con:request><con:assertion type="SOAP Fault Assertion" id="ac2726e9-86c4-4f6b-845a-83522052f125" name="Not SOAP Fault"/><con:assertion type="SOAP Response" id="c9bd4b98-1985-4182-bf6d-8023f06aba82" name="SOAP Response"/><con:assertion type="Schema Compliance" id="b05f15d2-3a57-4623-af9f-d87b1be20010" name="Schema Compliance"><con:configuration/></con:assertion><con:wsaConfig action="http://fidus.brussels/services/civilstatusdocumentservice/getCopyConform"/></con:request></con:config></con:testStep><con:testStep type="request" id="7268d862-da69-4a36-ad2b-c8b1c05d55a3" name="testcase3 -Test - LB - Request"><con:settings/><con:config xsi:type="con:RequestStep" xmlns:xsi="http://www.w3.org/2001/XMLSchema-instance"><con:interface>CivilStatusDocumentService_v1.0Soap11Binding</con:interface><con:operation>getCopyConform</con:operation><con:request name="testcase3 -Test - LB - Request" id="5f605dcb-ac54-40c5-87fb-1ccb43c57340" outgoingWss="Outflow TEST"><con:settings/><con:encoding>UTF-8</con:encoding><con:endpoint>https://esb-security-gw.sta.srv.cirb.lan:8443/services/CivilStatusDocumentService_v1.0</con:endpoint><con:request><![CDATA[<soapenv:Envelope xmlns:soapenv="http://schemas.xmlsoap.org/soap/envelope/" xmlns:v1="http://fidus.brussels/service/civilstatusdocumentservice/messages/v1" xmlns:v11="http://fidus.brussels/type/common/messages/v1">
   <soapenv:Header/>
   <soapenv:Body>
      <v1:getCopyConformRequest>
         <v1:messageContext>
            <v11:messageId>${=import static java.util.UUID.randomUUID; uuid = randomUUID() as String}</v11:messageId>
            <v11:timestamp>${=new java.text.SimpleDateFormat("yyyy-MM-dd'T'HH:mm:ss.SSS").format(new Date())}</v11:timestamp>
         </v1:messageContext>
         <v1:legalContext>ServiceIntegrator</v1:legalContext>
         <v1:request>
            <v1:documentReference>20180000299194</v1:documentReference>
            <v1:language>fr</v1:language>
         </v1:request>
      </v1:getCopyConformRequest>
   </soapenv:Body>
</soapenv:Envelope>]]></con:request><con:assertion type="SOAP Fault Assertion" id="d024be73-49b1-4ff8-b542-594e37dd04f5" name="Not SOAP Fault"/><con:assertion type="SOAP Response" id="bd6d5efa-2202-4cd4-93a5-ab86211336cd" name="SOAP Response"/><con:assertion type="Schema Compliance" id="8678f0f0-ae9e-4fd2-b965-931e7f52db58" name="Schema Compliance"><con:configuration/></con:assertion><con:wsaConfig action="http://fidus.brussels/services/civilstatusdocumentservice/getCopyConform"/></con:request></con:config></con:testStep><con:testStep type="request" id="398b3bc5-27b4-49e4-8670-ab67b5ae7794" name="testcase3 -Test - Worker1 - Request"><con:settings/><con:config xsi:type="con:RequestStep" xmlns:xsi="http://www.w3.org/2001/XMLSchema-instance"><con:interface>CivilStatusDocumentService_v1.0Soap11Binding</con:interface><con:operation>getCopyConform</con:operation><con:request name="testcase3 -Test - Worker1 - Request" id="2c02ebfe-2822-4c6c-90ba-f9d3024b4e98" outgoingWss="Outflow TEST"><con:settings/><con:encoding>UTF-8</con:encoding><con:endpoint>https://192.168.24.45:8443/services/CivilStatusDocumentService_v1.0</con:endpoint><con:request><![CDATA[<soapenv:Envelope xmlns:soapenv="http://schemas.xmlsoap.org/soap/envelope/" xmlns:v1="http://fidus.brussels/service/civilstatusdocumentservice/messages/v1" xmlns:v11="http://fidus.brussels/type/common/messages/v1">
   <soapenv:Header/>
   <soapenv:Body>
      <v1:getCopyConformRequest>
         <v1:messageContext>
           <v11:messageId>${=import static java.util.UUID.randomUUID; uuid = randomUUID() as String}</v11:messageId>
            <v11:timestamp>${=new java.text.SimpleDateFormat("yyyy-MM-dd'T'HH:mm:ss.SSS").format(new Date())}</v11:timestamp>
         </v1:messageContext>
         <v1:legalContext>ServiceIntegrator</v1:legalContext>
         <v1:request>
            <v1:documentReference>20180000299194</v1:documentReference>
		  <v1:language>fr</v1:language>
         </v1:request>
      </v1:getCopyConformRequest>
   </soapenv:Body>
</soapenv:Envelope>]]></con:request><con:assertion type="SOAP Fault Assertion" id="3636013b-56b6-4efc-ad60-46462127df99" name="Not SOAP Fault"/><con:assertion type="SOAP Response" id="454ee43a-e768-44fa-b695-e5e0d509d4bb" name="SOAP Response"/><con:assertion type="Schema Compliance" id="82f95390-e16a-4ec4-bfe7-e8ae739dbb9d" name="Schema Compliance"><con:configuration/></con:assertion><con:wsaConfig action="http://fidus.brussels/services/civilstatusdocumentservice/getCopyConform"/></con:request></con:config></con:testStep><con:testStep type="request" id="486830a7-d995-4231-9cdb-ce9f3611cd8e" name="testcase3 -Test - Worker2 - Request"><con:settings/><con:config xsi:type="con:RequestStep" xmlns:xsi="http://www.w3.org/2001/XMLSchema-instance"><con:interface>CivilStatusDocumentService_v1.0Soap11Binding</con:interface><con:operation>getCopyConform</con:operation><con:request name="testcase3 -Test - Worker2 - Request" id="c9e1c009-07d4-44c5-80b4-88cbba005bd9" outgoingWss="Outflow TEST"><con:settings/><con:encoding>UTF-8</con:encoding><con:endpoint>https://192.168.24.51:8443/services/CivilStatusDocumentService_v1.0</con:endpoint><con:request><![CDATA[<soapenv:Envelope xmlns:soapenv="http://schemas.xmlsoap.org/soap/envelope/" xmlns:v1="http://fidus.brussels/service/civilstatusdocumentservice/messages/v1" xmlns:v11="http://fidus.brussels/type/common/messages/v1">
   <soapenv:Header/>
   <soapenv:Body>
      <v1:getCopyConformRequest>
         <v1:messageContext>
           <v11:messageId>${=import static java.util.UUID.randomUUID; uuid = randomUUID() as String}</v11:messageId>
            <v11:timestamp>${=new java.text.SimpleDateFormat("yyyy-MM-dd'T'HH:mm:ss.SSS").format(new Date())}</v11:timestamp>
         </v1:messageContext>
         <v1:legalContext>ServiceIntegrator</v1:legalContext>
         <v1:request>
            <v1:documentReference>20180000299194</v1:documentReference>
		  <v1:language>fr</v1:language>
         </v1:request>
      </v1:getCopyConformRequest>
   </soapenv:Body>
</soapenv:Envelope>]]></con:request><con:assertion type="SOAP Fault Assertion" id="e32aef1e-3539-42e7-b37a-40589d05fb41" name="Not SOAP Fault"/><con:assertion type="SOAP Response" id="fca5d745-9390-4d3e-b64c-6b8e9995b4dd" name="SOAP Response"/><con:assertion type="Schema Compliance" id="924a3bf1-18b4-41db-b72a-124692ceb6c2" name="Schema Compliance"><con:configuration/></con:assertion><con:wsaConfig action="http://fidus.brussels/services/civilstatusdocumentservice/getCopyConform"/></con:request></con:config></con:testStep><con:properties/></con:testCase><con:testCase id="b85beed9-db62-4b31-a79f-16f00d335b3e" failOnError="true" failTestCaseOnErrors="true" keepSession="false" maxResults="0" name="getCopyConformAsPdf" searchProperties="true"><con:settings/><con:testStep type="request" id="981a3154-7c5c-4cb3-91a3-27f78a87ecb6" name="testcase3 -Test - External - Request"><con:settings/><con:config xsi:type="con:RequestStep" xmlns:xsi="http://www.w3.org/2001/XMLSchema-instance"><con:interface>CivilStatusDocumentService_v1.0Soap11Binding</con:interface><con:operation>getCopyConformAsPdf</con:operation><con:request name="testcase3 -Test - External - Request" id="7f859d3c-87e8-492a-9ae1-452c4437725d" outgoingWss="Outflow TEST"><con:settings/><con:encoding>UTF-8</con:encoding><con:endpoint>https://fidus-test.irisnetlab.be/services/CivilStatusDocumentService_v1.0</con:endpoint><con:request><![CDATA[<soapenv:Envelope xmlns:soapenv="http://schemas.xmlsoap.org/soap/envelope/" xmlns:v1="http://fidus.brussels/service/civilstatusdocumentservice/messages/v1" xmlns:v11="http://fidus.brussels/type/common/messages/v1">
   <soapenv:Header/>
   <soapenv:Body>
      <v1:getCopyConformAsPdfRequest>
         <v1:messageContext>
           <v11:messageId>${=import static java.util.UUID.randomUUID; uuid = randomUUID() as String}</v11:messageId>
            <!--Optional:-->
            <v11:timestamp>${=new java.text.SimpleDateFormat("yyyy-MM-dd'T'HH:mm:ss.SSS").format(new Date())}</v11:timestamp>
         </v1:messageContext>
         <v1:legalContext>ServiceIntegrator</v1:legalContext>
         <v1:request>
            <v1:documentReference>20180000299194</v1:documentReference>
            <v1:language>fr</v1:language>
            <!--Optional:-->
            <v1:municipalityCode>01050</v1:municipalityCode>
         </v1:request>
      </v1:getCopyConformAsPdfRequest>
   </soapenv:Body>
</soapenv:Envelope>]]></con:request><con:assertion type="SOAP Fault Assertion" id="c9ac36f4-dadd-4f2a-b0a2-02ce70415f83" name="Not SOAP Fault"/><con:assertion type="SOAP Response" id="20373a58-c6ad-4a2d-8860-3dd358bdc8df" name="SOAP Response"/><con:assertion type="Schema Compliance" id="95279b6d-0944-4580-ac16-4b79a1fc3673" name="Schema Compliance"><con:configuration/></con:assertion><con:wsaConfig action="http://fidus.brussels/services/civilstatusdocumentservice/getCopyConformAsPdf"/></con:request></con:config></con:testStep><con:testStep type="request" id="83dbd2ab-62e2-4683-aa26-edb5c3856058" name="testcase3 -Test - LB - Request"><con:settings/><con:config xsi:type="con:RequestStep" xmlns:xsi="http://www.w3.org/2001/XMLSchema-instance"><con:interface>CivilStatusDocumentService_v1.0Soap11Binding</con:interface><con:operation>getCopyConformAsPdf</con:operation><con:request name="testcase3 -Test - LB - Request" id="8b69d692-1c54-4cae-bc60-19b1ceabb447" outgoingWss="Outflow TEST"><con:settings/><con:encoding>UTF-8</con:encoding><con:endpoint>https://esb-security-gw.sta.srv.cirb.lan:8443/services/CivilStatusDocumentService_v1.0</con:endpoint><con:request><![CDATA[<soapenv:Envelope xmlns:soapenv="http://schemas.xmlsoap.org/soap/envelope/" xmlns:v1="http://fidus.brussels/service/civilstatusdocumentservice/messages/v1" xmlns:v11="http://fidus.brussels/type/common/messages/v1">
   <soapenv:Header/>
   <soapenv:Body>
      <v1:getCopyConformAsPdfRequest>
         <v1:messageContext>
           <v11:messageId>${=import static java.util.UUID.randomUUID; uuid = randomUUID() as String}</v11:messageId>
            <v11:timestamp>${=new java.text.SimpleDateFormat("yyyy-MM-dd'T'HH:mm:ss.SSS").format(new Date())}</v11:timestamp>
         </v1:messageContext>
         <v1:legalContext>ServiceIntegrator</v1:legalContext>
         <v1:request>
            <v1:documentReference>20180000299194</v1:documentReference>
         	  <v1:language>fr</v1:language>
         </v1:request>
      </v1:getCopyConformAsPdfRequest>
   </soapenv:Body>
</soapenv:Envelope>]]></con:request><con:assertion type="SOAP Fault Assertion" id="01ea88f5-3014-4abd-88b2-b78e58f3fc32" name="Not SOAP Fault"/><con:assertion type="SOAP Response" id="c0fff48c-3ca4-4d9e-ad3d-6f94f76a4e10" name="SOAP Response"/><con:assertion type="Schema Compliance" id="6740bd12-ec07-41d2-b0c8-0a1ac90d1c4f" name="Schema Compliance"><con:configuration/></con:assertion><con:wsaConfig action="http://fidus.brussels/services/civilstatusdocumentservice/getCopyConformAsPdf"/></con:request></con:config></con:testStep><con:testStep type="request" id="4bae7cf6-fba4-4274-8a0b-edb3373d7676" name="testcase3 -Test - Worker1 - Request"><con:settings/><con:config xsi:type="con:RequestStep" xmlns:xsi="http://www.w3.org/2001/XMLSchema-instance"><con:interface>CivilStatusDocumentService_v1.0Soap11Binding</con:interface><con:operation>getCopyConformAsPdf</con:operation><con:request name="testcase3 -Test - Worker1 - Request" id="54fb8be3-8741-4360-af45-8e160c3bf8b9" outgoingWss="Outflow TEST"><con:settings/><con:encoding>UTF-8</con:encoding><con:endpoint>https://192.168.24.45:8443/services/CivilStatusDocumentService_v1.0</con:endpoint><con:request><![CDATA[<soapenv:Envelope xmlns:soapenv="http://schemas.xmlsoap.org/soap/envelope/" xmlns:v1="http://fidus.brussels/service/civilstatusdocumentservice/messages/v1" xmlns:v11="http://fidus.brussels/type/common/messages/v1">
   <soapenv:Header/>
   <soapenv:Body>
      <v1:getCopyConformAsPdfRequest>
         <v1:messageContext>
           <v11:messageId>${=import static java.util.UUID.randomUUID; uuid = randomUUID() as String}</v11:messageId>
            <v11:timestamp>${=new java.text.SimpleDateFormat("yyyy-MM-dd'T'HH:mm:ss.SSS").format(new Date())}</v11:timestamp>
         </v1:messageContext>
         <v1:legalContext>ServiceIntegrator</v1:legalContext>
         <v1:request>
            <v1:documentReference>20180000299194</v1:documentReference>
         	  <v1:language>fr</v1:language>
         </v1:request>
      </v1:getCopyConformAsPdfRequest>
   </soapenv:Body>
</soapenv:Envelope>]]></con:request><con:assertion type="SOAP Fault Assertion" id="b126aab6-03a3-4190-85da-5275b93b4624" name="Not SOAP Fault"/><con:assertion type="SOAP Response" id="89b7813d-815f-4069-8029-55f8aa963d04" name="SOAP Response"/><con:assertion type="Schema Compliance" id="b6ba3f06-24e7-4496-870a-5103033a9a5a" name="Schema Compliance"><con:configuration/></con:assertion><con:wsaConfig action="http://fidus.brussels/services/civilstatusdocumentservice/getCopyConformAsPdf"/></con:request></con:config></con:testStep><con:testStep type="request" id="cac965c2-12b3-4e1d-bb98-72708827d9f2" name="testcase3 -Test - Worker2 - Request"><con:settings/><con:config xsi:type="con:RequestStep" xmlns:xsi="http://www.w3.org/2001/XMLSchema-instance"><con:interface>CivilStatusDocumentService_v1.0Soap11Binding</con:interface><con:operation>getCopyConformAsPdf</con:operation><con:request name="testcase3 -Test - Worker2 - Request" id="12ec4df2-fb4d-4dd3-afb1-f87791ee0b4e" outgoingWss="Outflow TEST"><con:settings/><con:encoding>UTF-8</con:encoding><con:endpoint>https://192.168.24.51:8443/services/CivilStatusDocumentService_v1.0</con:endpoint><con:request><![CDATA[<soapenv:Envelope xmlns:soapenv="http://schemas.xmlsoap.org/soap/envelope/" xmlns:v1="http://fidus.brussels/service/civilstatusdocumentservice/messages/v1" xmlns:v11="http://fidus.brussels/type/common/messages/v1">
   <soapenv:Header/>
   <soapenv:Body>
      <v1:getCopyConformAsPdfRequest>
         <v1:messageContext>
           <v11:messageId>${=import static java.util.UUID.randomUUID; uuid = randomUUID() as String}</v11:messageId>
            <v11:timestamp>${=new java.text.SimpleDateFormat("yyyy-MM-dd'T'HH:mm:ss.SSS").format(new Date())}</v11:timestamp>
         </v1:messageContext>
         <v1:legalContext>ServiceIntegrator</v1:legalContext>
         <v1:request>
            <v1:documentReference>20180000299194</v1:documentReference>
         	  <v1:language>fr</v1:language>
         </v1:request>
      </v1:getCopyConformAsPdfRequest>
   </soapenv:Body>
</soapenv:Envelope>]]></con:request><con:assertion type="SOAP Fault Assertion" id="68441c06-82af-4940-b9c9-94dfd05533df" name="Not SOAP Fault"/><con:assertion type="SOAP Response" id="c951c543-f087-4d39-bb7a-8a8ec23e700d" name="SOAP Response"/><con:assertion type="Schema Compliance" id="ddeb33be-faf7-456e-972a-b132ab8794f6" name="Schema Compliance"><con:configuration/></con:assertion><con:wsaConfig action="http://fidus.brussels/services/civilstatusdocumentservice/getCopyConformAsPdf"/></con:request></con:config></con:testStep><con:properties/></con:testCase><con:testCase id="c9f14046-1685-4720-b8b7-1916580db563" failOnError="true" failTestCaseOnErrors="true" keepSession="false" maxResults="0" name="getDocument" searchProperties="true"><con:settings/><con:testStep type="request" id="dd1af992-f545-480d-a5b8-3ac6f499136f" name="testcase3 -Test - External - Request"><con:settings/><con:config xsi:type="con:RequestStep" xmlns:xsi="http://www.w3.org/2001/XMLSchema-instance"><con:interface>CivilStatusDocumentService_v1.0Soap11Binding</con:interface><con:operation>getDocument</con:operation><con:request name="testcase3 -Test - External - Request" id="7c1fab03-20c2-4cca-968c-3a458d1133ec" outgoingWss="Outflow TEST"><con:settings/><con:encoding>UTF-8</con:encoding><con:endpoint>https://fidus-test.irisnetlab.be/services/CivilStatusDocumentService_v1.0</con:endpoint><con:request><![CDATA[<soapenv:Envelope xmlns:soapenv="http://schemas.xmlsoap.org/soap/envelope/" xmlns:v1="http://fidus.brussels/service/civilstatusdocumentservice/messages/v1" xmlns:v11="http://fidus.brussels/type/common/messages/v1">
   <soapenv:Header/>
   <soapenv:Body>
      <v1:getDocumentRequest>
         <v1:messageContext>
           <v11:messageId>${=import static java.util.UUID.randomUUID; uuid = randomUUID() as String}</v11:messageId>
            <v11:timestamp>${=new java.text.SimpleDateFormat("yyyy-MM-dd'T'HH:mm:ss.SSS").format(new Date())}</v11:timestamp>
         </v1:messageContext>
         <v1:legalContext>ServiceIntegrator</v1:legalContext>
         <v1:request>
            <v1:documentReference>20180000299194</v1:documentReference>
            <v1:language>fr</v1:language>
         </v1:request>
      </v1:getDocumentRequest>
   </soapenv:Body>
</soapenv:Envelope>]]></con:request><con:assertion type="SOAP Fault Assertion" id="87e2c016-635d-4978-9e02-b6b236ac7a44" name="Not SOAP Fault"/><con:assertion type="SOAP Response" id="6b475464-ce90-4d2a-b939-349634bc8309" name="SOAP Response"/><con:assertion type="Schema Compliance" id="65c88790-3b69-4bcd-8ee7-a902130180ba" name="Schema Compliance"><con:configuration/></con:assertion><con:wsaConfig action="http://fidus.brussels/services/civilstatusdocumentservice/getDocument"/></con:request></con:config></con:testStep><con:testStep type="request" id="fff7e466-82bd-4156-988e-4fce00a814dc" name="testcase3 -Test - LB - Request"><con:settings/><con:config xsi:type="con:RequestStep" xmlns:xsi="http://www.w3.org/2001/XMLSchema-instance"><con:interface>CivilStatusDocumentService_v1.0Soap11Binding</con:interface><con:operation>getDocument</con:operation><con:request name="testcase3 -Test - LB - Request" id="26463c9b-a712-46de-a295-804186df9583" outgoingWss="Outflow TEST"><con:settings/><con:encoding>UTF-8</con:encoding><con:endpoint>https://esb-security-gw.sta.srv.cirb.lan:8443/services/CivilStatusDocumentService_v1.0</con:endpoint><con:request><![CDATA[<soapenv:Envelope xmlns:soapenv="http://schemas.xmlsoap.org/soap/envelope/" xmlns:v1="http://fidus.brussels/service/civilstatusdocumentservice/messages/v1" xmlns:v11="http://fidus.brussels/type/common/messages/v1">
   <soapenv:Header/>
   <soapenv:Body>
      <v1:getDocumentRequest>
         <v1:messageContext>
           <v11:messageId>${=import static java.util.UUID.randomUUID; uuid = randomUUID() as String}</v11:messageId>
            <v11:timestamp>${=new java.text.SimpleDateFormat("yyyy-MM-dd'T'HH:mm:ss.SSS").format(new Date())}</v11:timestamp>
         </v1:messageContext>
         <v1:legalContext>ServiceIntegrator</v1:legalContext>
         <v1:request>
            <v1:documentReference>20180000299194</v1:documentReference>
            <v1:language>fr</v1:language>
         </v1:request>
      </v1:getDocumentRequest>
   </soapenv:Body>
</soapenv:Envelope>]]></con:request><con:assertion type="SOAP Fault Assertion" id="8f21d51e-2cdd-4749-91c1-14a73ca7645d" name="Not SOAP Fault"/><con:assertion type="SOAP Response" id="b19152e1-43ff-4981-bbb0-bbc3aab4a522" name="SOAP Response"/><con:assertion type="Schema Compliance" id="d93f305e-1213-4475-8e39-c5483a6b2b8f" name="Schema Compliance"><con:configuration/></con:assertion><con:wsaConfig action="http://fidus.brussels/services/civilstatusdocumentservice/getDocument"/></con:request></con:config></con:testStep><con:testStep type="request" id="f3e5eac9-93e7-48cf-8096-a7acfc4b3d8d" name="testcase3 -Test - Worker1 - Request"><con:settings/><con:config xsi:type="con:RequestStep" xmlns:xsi="http://www.w3.org/2001/XMLSchema-instance"><con:interface>CivilStatusDocumentService_v1.0Soap11Binding</con:interface><con:operation>getDocument</con:operation><con:request name="testcase3 -Test - Worker1 - Request" id="07d3ce3c-3f13-4342-be7f-b64020ba9aa1" outgoingWss="Outflow TEST"><con:settings/><con:encoding>UTF-8</con:encoding><con:endpoint>https://192.168.24.45:8443/services/CivilStatusDocumentService_v1.0</con:endpoint><con:request><![CDATA[<soapenv:Envelope xmlns:soapenv="http://schemas.xmlsoap.org/soap/envelope/" xmlns:v1="http://fidus.brussels/service/civilstatusdocumentservice/messages/v1" xmlns:v11="http://fidus.brussels/type/common/messages/v1">
   <soapenv:Header/>
   <soapenv:Body>
      <v1:getDocumentRequest>
         <v1:messageContext>
           <v11:messageId>${=import static java.util.UUID.randomUUID; uuid = randomUUID() as String}</v11:messageId>
            <v11:timestamp>${=new java.text.SimpleDateFormat("yyyy-MM-dd'T'HH:mm:ss.SSS").format(new Date())}</v11:timestamp>
         </v1:messageContext>
         <v1:legalContext>ServiceIntegrator</v1:legalContext>
         <v1:request>
            <v1:documentReference>20180000299194</v1:documentReference>
            <v1:language>fr</v1:language>
         </v1:request>
      </v1:getDocumentRequest>
   </soapenv:Body>
</soapenv:Envelope>]]></con:request><con:assertion type="SOAP Fault Assertion" id="8b60b56c-e4ca-434e-a6b8-1a2265419175" name="Not SOAP Fault"/><con:assertion type="SOAP Response" id="a2c4b09c-6250-44d8-8a9c-a5e4ccd41ff7" name="SOAP Response"/><con:assertion type="Schema Compliance" id="69383093-4926-4104-b5eb-2564d3c65c95" name="Schema Compliance"><con:configuration/></con:assertion><con:wsaConfig action="http://fidus.brussels/services/civilstatusdocumentservice/getDocument"/></con:request></con:config></con:testStep><con:testStep type="request" id="a0a4c463-5415-4073-b237-fc8bb005a3e5" name="testcase3 -Test - Worker2 - Request"><con:settings/><con:config xsi:type="con:RequestStep" xmlns:xsi="http://www.w3.org/2001/XMLSchema-instance"><con:interface>CivilStatusDocumentService_v1.0Soap11Binding</con:interface><con:operation>getDocument</con:operation><con:request name="testcase3 -Test - Worker2 - Request" id="b54ebf29-5d1e-4557-a86b-774d82e8d9e9" outgoingWss="Outflow TEST"><con:settings/><con:encoding>UTF-8</con:encoding><con:endpoint>https://192.168.24.51:8443/services/CivilStatusDocumentService_v1.0</con:endpoint><con:request><![CDATA[<soapenv:Envelope xmlns:soapenv="http://schemas.xmlsoap.org/soap/envelope/" xmlns:v1="http://fidus.brussels/service/civilstatusdocumentservice/messages/v1" xmlns:v11="http://fidus.brussels/type/common/messages/v1">
   <soapenv:Header/>
   <soapenv:Body>
      <v1:getDocumentRequest>
         <v1:messageContext>
           <v11:messageId>${=import static java.util.UUID.randomUUID; uuid = randomUUID() as String}</v11:messageId>
            <v11:timestamp>${=new java.text.SimpleDateFormat("yyyy-MM-dd'T'HH:mm:ss.SSS").format(new Date())}</v11:timestamp>
         </v1:messageContext>
         <v1:legalContext>ServiceIntegrator</v1:legalContext>
         <v1:request>
            <v1:documentReference>20180000299194</v1:documentReference>
            <v1:language>fr</v1:language>
         </v1:request>
      </v1:getDocumentRequest>
   </soapenv:Body>
</soapenv:Envelope>]]></con:request><con:assertion type="SOAP Fault Assertion" id="40ab79d6-4017-48f6-85cc-971397bd5fdc" name="Not SOAP Fault"/><con:assertion type="SOAP Response" id="279338de-bc18-4536-908c-dfce866a0254" name="SOAP Response"/><con:assertion type="Schema Compliance" id="6baf2aa0-ac60-4c1a-9014-fb7fe260dc55" name="Schema Compliance"><con:configuration/></con:assertion><con:wsaConfig action="http://fidus.brussels/services/civilstatusdocumentservice/getDocument"/></con:request></con:config></con:testStep><con:properties/></con:testCase><con:testCase id="fa5033cb-4bc5-49c5-a684-0840735d5ced" failOnError="true" failTestCaseOnErrors="true" keepSession="false" maxResults="0" name="getExtract" searchProperties="true"><con:settings/><con:testStep type="request" id="77fd543a-f09c-4816-9020-c4ff6a68cdff" name="testcase3 -Test - External - Request"><con:settings/><con:config xsi:type="con:RequestStep" xmlns:xsi="http://www.w3.org/2001/XMLSchema-instance"><con:interface>CivilStatusDocumentService_v1.0Soap11Binding</con:interface><con:operation>getExtract</con:operation><con:request name="testcase3 -Test - External - Request" id="ad7dab16-6a5b-4826-8c8f-ad00d35b7083" outgoingWss="Outflow TEST"><con:settings/><con:encoding>UTF-8</con:encoding><con:endpoint>https://fidus-test.irisnetlab.be/services/CivilStatusDocumentService_v1.0</con:endpoint><con:request><![CDATA[<soapenv:Envelope xmlns:soapenv="http://schemas.xmlsoap.org/soap/envelope/" xmlns:v1="http://fidus.brussels/service/civilstatusdocumentservice/messages/v1" xmlns:v11="http://fidus.brussels/type/common/messages/v1">
   <soapenv:Header/>
   <soapenv:Body>
      <v1:getExtractRequest>
         <v1:messageContext>
           <v11:messageId>${=import static java.util.UUID.randomUUID; uuid = randomUUID() as String}</v11:messageId>
            <v11:timestamp>${=new java.text.SimpleDateFormat("yyyy-MM-dd'T'HH:mm:ss.SSS").format(new Date())}</v11:timestamp>
         </v1:messageContext>
         <v1:legalContext>ServiceIntegrator</v1:legalContext>
         <v1:request>
            <v1:documentReference>201800002991940</v1:documentReference>
            <v1:language>fr</v1:language>
         </v1:request>
      </v1:getExtractRequest>
   </soapenv:Body>
</soapenv:Envelope>]]></con:request><con:assertion type="SOAP Fault Assertion" id="c87a49c7-9014-46c3-94e4-b1f29fd09290" name="Not SOAP Fault"/><con:assertion type="SOAP Response" id="e5479938-0895-429a-806b-eefec106a672" name="SOAP Response"/><con:assertion type="Schema Compliance" id="9b205d3e-f100-44f0-8b34-b4ed0a27eb55" name="Schema Compliance"><con:configuration/></con:assertion><con:wsaConfig action="http://fidus.brussels/services/civilstatusdocumentservice/getExtract"/></con:request></con:config></con:testStep><con:testStep type="request" id="09ec3f7b-49a0-4f07-b9ca-2fe6376c19a1" name="testcase3 -Test - LB - Request"><con:settings/><con:config xsi:type="con:RequestStep" xmlns:xsi="http://www.w3.org/2001/XMLSchema-instance"><con:interface>CivilStatusDocumentService_v1.0Soap11Binding</con:interface><con:operation>getExtract</con:operation><con:request name="testcase3 -Test - LB - Request" id="2cc72796-a18c-4f49-ad33-604cece0d6f2" outgoingWss="Outflow TEST"><con:settings/><con:encoding>UTF-8</con:encoding><con:endpoint>https://esb-security-gw.sta.srv.cirb.lan:8443/services/CivilStatusDocumentService_v1.0</con:endpoint><con:request><![CDATA[<soapenv:Envelope xmlns:soapenv="http://schemas.xmlsoap.org/soap/envelope/" xmlns:v1="http://fidus.brussels/service/civilstatusdocumentservice/messages/v1" xmlns:v11="http://fidus.brussels/type/common/messages/v1">
   <soapenv:Header/>
   <soapenv:Body>
      <v1:getExtractRequest>
         <v1:messageContext>
           <v11:messageId>${=import static java.util.UUID.randomUUID; uuid = randomUUID() as String}</v11:messageId>
            <v11:timestamp>${=new java.text.SimpleDateFormat("yyyy-MM-dd'T'HH:mm:ss.SSS").format(new Date())}</v11:timestamp>
         </v1:messageContext>
         <v1:legalContext>ServiceIntegrator</v1:legalContext>
         <v1:request>
            <v1:documentReference>201800002991940</v1:documentReference>
            <v1:language>fr</v1:language>
         </v1:request>
      </v1:getExtractRequest>
   </soapenv:Body>
</soapenv:Envelope>]]></con:request><con:assertion type="SOAP Fault Assertion" id="1e6fe8e0-42e6-45a2-8e34-148a503cc985" name="Not SOAP Fault"/><con:assertion type="SOAP Response" id="7c024899-5cf1-4ea3-98ed-9340dbadeb64" name="SOAP Response"/><con:assertion type="Schema Compliance" id="92dcb86b-585f-42d3-b884-808e3cd8072a" name="Schema Compliance"><con:configuration/></con:assertion><con:wsaConfig action="http://fidus.brussels/services/civilstatusdocumentservice/getExtract"/></con:request></con:config></con:testStep><con:testStep type="request" id="c336cdc9-3ad6-484e-8a1a-a948febebfec" name="testcase3 -Test - Worker1 - Request"><con:settings/><con:config xsi:type="con:RequestStep" xmlns:xsi="http://www.w3.org/2001/XMLSchema-instance"><con:interface>CivilStatusDocumentService_v1.0Soap11Binding</con:interface><con:operation>getExtract</con:operation><con:request name="testcase3 -Test - Worker1 - Request" id="5cbc7ef1-f626-45ca-8392-86b0060a71aa" outgoingWss="Outflow TEST"><con:settings/><con:encoding>UTF-8</con:encoding><con:endpoint>https://192.168.24.45:8443/services/CivilStatusDocumentService_v1.0</con:endpoint><con:request><![CDATA[<soapenv:Envelope xmlns:soapenv="http://schemas.xmlsoap.org/soap/envelope/" xmlns:v1="http://fidus.brussels/service/civilstatusdocumentservice/messages/v1" xmlns:v11="http://fidus.brussels/type/common/messages/v1">
   <soapenv:Header/>
   <soapenv:Body>
      <v1:getExtractRequest>
         <v1:messageContext>
           <v11:messageId>${=import static java.util.UUID.randomUUID; uuid = randomUUID() as String}</v11:messageId>
            <v11:timestamp>${=new java.text.SimpleDateFormat("yyyy-MM-dd'T'HH:mm:ss.SSS").format(new Date())}</v11:timestamp>
         </v1:messageContext>
         <v1:legalContext>ServiceIntegrator</v1:legalContext>
         <v1:request>
            <v1:documentReference>20180000299194</v1:documentReference>
            <v1:language>nl</v1:language>
         </v1:request>
      </v1:getExtractRequest>
   </soapenv:Body>
</soapenv:Envelope>]]></con:request><con:assertion type="SOAP Fault Assertion" id="3cfa6861-2379-42d2-bb0b-fafc8783ef19" name="Not SOAP Fault"/><con:assertion type="SOAP Response" id="c206b46a-411c-409a-81e7-ee9fb95699db" name="SOAP Response"/><con:assertion type="Schema Compliance" id="f09d67f9-9f5e-455e-905a-0c748aa031d6" name="Schema Compliance"><con:configuration/></con:assertion><con:wsaConfig action="http://fidus.brussels/services/civilstatusdocumentservice/getExtract"/></con:request></con:config></con:testStep><con:testStep type="request" id="b5cfaa09-e021-4ea5-9f1b-c10198bf5c82" name="testcase3 -Test - Worker2 - Request"><con:settings/><con:config xsi:type="con:RequestStep" xmlns:xsi="http://www.w3.org/2001/XMLSchema-instance"><con:interface>CivilStatusDocumentService_v1.0Soap11Binding</con:interface><con:operation>getExtract</con:operation><con:request name="testcase3 -Test - Worker2 - Request" id="5d5dfb57-8edb-49c1-978d-c26f71bfe302" outgoingWss="Outflow TEST"><con:settings/><con:encoding>UTF-8</con:encoding><con:endpoint>https://192.168.24.51:8443/services/CivilStatusDocumentService_v1.0</con:endpoint><con:request><![CDATA[<soapenv:Envelope xmlns:soapenv="http://schemas.xmlsoap.org/soap/envelope/" xmlns:v1="http://fidus.brussels/service/civilstatusdocumentservice/messages/v1" xmlns:v11="http://fidus.brussels/type/common/messages/v1">
   <soapenv:Header/>
   <soapenv:Body>
      <v1:getExtractRequest>
         <v1:messageContext>
           <v11:messageId>${=import static java.util.UUID.randomUUID; uuid = randomUUID() as String}</v11:messageId>
            <v11:timestamp>${=new java.text.SimpleDateFormat("yyyy-MM-dd'T'HH:mm:ss.SSS").format(new Date())}</v11:timestamp>
         </v1:messageContext>
         <v1:legalContext>ServiceIntegrator</v1:legalContext>
         <v1:request>
            <v1:documentReference>201800002991940</v1:documentReference>
            <v1:language>nl</v1:language>
         </v1:request>
      </v1:getExtractRequest>
   </soapenv:Body>
</soapenv:Envelope>]]></con:request><con:assertion type="SOAP Fault Assertion" id="5ac6a394-d02d-4940-8088-66ed1cf043c4" name="Not SOAP Fault"/><con:assertion type="SOAP Response" id="2ae81a47-f3b7-4287-a48e-2b9bf748e165" name="SOAP Response"/><con:assertion type="Schema Compliance" id="285427c6-2f81-4ae7-8055-0607ced0b72c" name="Schema Compliance"><con:configuration/></con:assertion><con:wsaConfig action="http://fidus.brussels/services/civilstatusdocumentservice/getExtract"/></con:request></con:config></con:testStep><con:properties/></con:testCase><con:testCase id="ddc45500-e486-4843-bdcd-7fc8dd46223d" failOnError="true" failTestCaseOnErrors="true" keepSession="false" maxResults="0" name="getExtractAsPdf" searchProperties="true"><con:settings/><con:testStep type="request" id="56bd3876-fd6c-49e6-af2a-8c2411a0619f" name="testcase3 -Test - External - Request"><con:settings/><con:config xsi:type="con:RequestStep" xmlns:xsi="http://www.w3.org/2001/XMLSchema-instance"><con:interface>CivilStatusDocumentService_v1.0Soap11Binding</con:interface><con:operation>getExtractAsPdf</con:operation><con:request name="testcase3 -Test - External - Request" id="3e3191c2-a232-4616-88e9-6cd9f2302acc" outgoingWss="Outflow TEST"><con:settings/><con:encoding>UTF-8</con:encoding><con:endpoint>https://fidus-test.irisnetlab.be/services/CivilStatusDocumentService_v1.0</con:endpoint><con:request><![CDATA[<soapenv:Envelope xmlns:soapenv="http://schemas.xmlsoap.org/soap/envelope/" xmlns:v1="http://fidus.brussels/service/civilstatusdocumentservice/messages/v1" xmlns:v11="http://fidus.brussels/type/common/messages/v1">
   <soapenv:Header/>
   <soapenv:Body>
      <v1:getExtractAsPdfRequest>
         <v1:messageContext>
           <v11:messageId>${=import static java.util.UUID.randomUUID; uuid = randomUUID() as String}</v11:messageId>
            <v11:timestamp>${=new java.text.SimpleDateFormat("yyyy-MM-dd'T'HH:mm:ss.SSS").format(new Date())}</v11:timestamp>
         </v1:messageContext>
         <v1:legalContext>ServiceIntegrator</v1:legalContext>
         <v1:request>
            <v1:documentReference>201800002991940</v1:documentReference>
            <v1:language>fr</v1:language>
         </v1:request>
      </v1:getExtractAsPdfRequest>
   </soapenv:Body>
</soapenv:Envelope>]]></con:request><con:assertion type="SOAP Fault Assertion" id="5fa86074-e650-476a-8b8c-d85545068306" name="Not SOAP Fault"/><con:assertion type="SOAP Response" id="99e41bf1-6dcb-4209-a563-4968c2d5de95" name="SOAP Response"/><con:assertion type="Schema Compliance" id="d098ce39-e56e-4c3e-8ae9-db4a5b57dac9" name="Schema Compliance"><con:configuration/></con:assertion><con:wsaConfig action="http://fidus.brussels/services/civilstatusdocumentservice/getExtractAsPdf"/></con:request></con:config></con:testStep><con:testStep type="request" id="01fdc0ce-d932-4ab6-a558-7103198cd130" name="testcase3 -Test - LB - Request"><con:settings/><con:config xsi:type="con:RequestStep" xmlns:xsi="http://www.w3.org/2001/XMLSchema-instance"><con:interface>CivilStatusDocumentService_v1.0Soap11Binding</con:interface><con:operation>getExtractAsPdf</con:operation><con:request name="testcase3 -Test - LB - Request" id="ef9cee47-9514-4815-b7a1-ddf743172817" outgoingWss="Outflow TEST"><con:settings/><con:encoding>UTF-8</con:encoding><con:endpoint>https://fidus-test.irisnetlab.be/services/CivilStatusDocumentService_v1.0</con:endpoint><con:request><![CDATA[<soapenv:Envelope xmlns:soapenv="http://schemas.xmlsoap.org/soap/envelope/" xmlns:v1="http://fidus.brussels/service/civilstatusdocumentservice/messages/v1" xmlns:v11="http://fidus.brussels/type/common/messages/v1">
   <soapenv:Header/>
   <soapenv:Body>
      <v1:getExtractAsPdfRequest>
         <v1:messageContext>
           <v11:messageId>${=import static java.util.UUID.randomUUID; uuid = randomUUID() as String}</v11:messageId>
            <v11:timestamp>${=new java.text.SimpleDateFormat("yyyy-MM-dd'T'HH:mm:ss.SSS").format(new Date())}</v11:timestamp>
         </v1:messageContext>
         <v1:legalContext>ServiceIntegrator</v1:legalContext>
         <v1:request>
            <v1:documentReference>201800002991940</v1:documentReference>
            <v1:language>fr</v1:language>
         </v1:request>
      </v1:getExtractAsPdfRequest>
   </soapenv:Body>
</soapenv:Envelope>]]></con:request><con:assertion type="SOAP Fault Assertion" id="3c11eff3-a557-424f-aceb-ffd41184c528" name="Not SOAP Fault"/><con:assertion type="SOAP Response" id="170b1622-23c3-4b8c-8e31-8fb248ef82d6" name="SOAP Response"/><con:assertion type="Schema Compliance" id="906ed7a0-690a-4f49-8e6b-35009fe94bfd" name="Schema Compliance"><con:configuration/></con:assertion><con:wsaConfig action="http://fidus.brussels/services/civilstatusdocumentservice/getExtractAsPdf"/></con:request></con:config></con:testStep><con:testStep type="request" id="9ab135c9-6b53-46cb-a330-97c3177403dd" name="testcase3 -Test - Worker1 - Request"><con:settings/><con:config xsi:type="con:RequestStep" xmlns:xsi="http://www.w3.org/2001/XMLSchema-instance"><con:interface>CivilStatusDocumentService_v1.0Soap11Binding</con:interface><con:operation>getExtractAsPdf</con:operation><con:request name="testcase3 -Test - Worker1 - Request" id="bc691cd8-4667-49d2-91d9-f74cc1c9bd10" outgoingWss="Outflow TEST"><con:settings/><con:encoding>UTF-8</con:encoding><con:endpoint>https://192.168.24.45:8443/services/CivilStatusDocumentService_v1.0</con:endpoint><con:request><![CDATA[<soapenv:Envelope xmlns:soapenv="http://schemas.xmlsoap.org/soap/envelope/" xmlns:v1="http://fidus.brussels/service/civilstatusdocumentservice/messages/v1" xmlns:v11="http://fidus.brussels/type/common/messages/v1">
   <soapenv:Header/>
   <soapenv:Body>
      <v1:getExtractAsPdfRequest>
         <v1:messageContext>
           <v11:messageId>${=import static java.util.UUID.randomUUID; uuid = randomUUID() as String}</v11:messageId>
            <v11:timestamp>${=new java.text.SimpleDateFormat("yyyy-MM-dd'T'HH:mm:ss.SSS").format(new Date())}</v11:timestamp>
         </v1:messageContext>
         <v1:legalContext>ServiceIntegrator</v1:legalContext>
         <v1:request>
            <v1:documentReference>20180000299194</v1:documentReference>
            <v1:language>fr</v1:language>
         </v1:request>
      </v1:getExtractAsPdfRequest>
   </soapenv:Body>
</soapenv:Envelope>]]></con:request><con:assertion type="SOAP Fault Assertion" id="8dfaedbe-11a1-43a4-9f00-f0a55ac8dba0" name="Not SOAP Fault"/><con:assertion type="SOAP Response" id="05da4341-a27f-49fd-91f6-9ff52c21f4da" name="SOAP Response"/><con:assertion type="Schema Compliance" id="e17ea0e3-6f79-4860-b6ad-0629b031744e" name="Schema Compliance"><con:configuration/></con:assertion><con:wsaConfig action="http://fidus.brussels/services/civilstatusdocumentservice/getExtractAsPdf"/></con:request></con:config></con:testStep><con:testStep type="request" id="adf76dab-8184-4a52-8fc1-35a175144938" name="testcase3 -Test - Worker2 - Request"><con:settings/><con:config xsi:type="con:RequestStep" xmlns:xsi="http://www.w3.org/2001/XMLSchema-instance"><con:interface>CivilStatusDocumentService_v1.0Soap11Binding</con:interface><con:operation>getExtractAsPdf</con:operation><con:request name="testcase3 -Test - Worker2 - Request" id="aef5528e-4468-42bf-b12b-95485abf6051" outgoingWss="Outflow TEST"><con:settings/><con:encoding>UTF-8</con:encoding><con:endpoint>https://192.168.24.51:8443/services/CivilStatusDocumentService_v1.0</con:endpoint><con:request><![CDATA[<soapenv:Envelope xmlns:soapenv="http://schemas.xmlsoap.org/soap/envelope/" xmlns:v1="http://fidus.brussels/service/civilstatusdocumentservice/messages/v1" xmlns:v11="http://fidus.brussels/type/common/messages/v1">
   <soapenv:Header/>
   <soapenv:Body>
      <v1:getExtractAsPdfRequest>
         <v1:messageContext>
           <v11:messageId>${=import static java.util.UUID.randomUUID; uuid = randomUUID() as String}</v11:messageId>
            <v11:timestamp>${=new java.text.SimpleDateFormat("yyyy-MM-dd'T'HH:mm:ss.SSS").format(new Date())}</v11:timestamp>
         </v1:messageContext>
         <v1:legalContext>ServiceIntegrator</v1:legalContext>
         <v1:request>
            <v1:documentReference>201800002991940</v1:documentReference>
            <v1:language>fr</v1:language>
         </v1:request>
      </v1:getExtractAsPdfRequest>
   </soapenv:Body>
</soapenv:Envelope>]]></con:request><con:assertion type="SOAP Fault Assertion" id="883d7f17-e432-470e-bbe0-d6af13dbd3b6" name="Not SOAP Fault"/><con:assertion type="SOAP Response" id="903d770e-34cb-4f6f-aa76-b187f7213dc5" name="SOAP Response"/><con:assertion type="Schema Compliance" id="218911ae-5763-4e5b-bff8-ae3e75897f61" name="Schema Compliance"><con:configuration/></con:assertion><con:wsaConfig action="http://fidus.brussels/services/civilstatusdocumentservice/getExtractAsPdf"/></con:request></con:config></con:testStep><con:properties/></con:testCase><con:testCase id="f936a517-b58e-47b7-95d2-4ec31504a3b9" failOnError="true" failTestCaseOnErrors="true" keepSession="false" maxResults="0" name="saveOrUpdateDocument" searchProperties="true"><con:settings/><con:testStep type="request" id="c5d539c2-f9f4-4186-9e73-01fda8592e37" name="testcase3 -Test - External - Request"><con:settings/><con:config xsi:type="con:RequestStep" xmlns:xsi="http://www.w3.org/2001/XMLSchema-instance"><con:interface>CivilStatusDocumentService_v1.0Soap11Binding</con:interface><con:operation>saveOrUpdateDocument</con:operation><con:request name="testcase3 -Test - External - Request" id="352611d1-9d0d-44d8-a123-dc7d3aadbb9a" outgoingWss="Outflow TEST"><con:settings/><con:encoding>UTF-8</con:encoding><con:endpoint>https://fidus-test.irisnetlab.be/services/CivilStatusDocumentService_v1.0</con:endpoint><con:request><![CDATA[<soapenv:Envelope xmlns:soapenv="http://schemas.xmlsoap.org/soap/envelope/" xmlns:v1="http://fidus.brussels/service/civilstatusdocumentservice/messages/v1" xmlns:v11="http://fidus.brussels/type/common/messages/v1" xmlns:core="http://www.fgov.be/dabs/core">
   <soapenv:Header/>
   <soapenv:Body>
      <v1:saveOrUpdateDocumentRequest>
         <v1:messageContext>
           <v11:messageId>${=import static java.util.UUID.randomUUID; uuid = randomUUID() as String}</v11:messageId>
            <v11:timestamp>${=new java.text.SimpleDateFormat("yyyy-MM-dd'T'HH:mm:ss.SSS").format(new Date())}</v11:timestamp>
         </v1:messageContext>
         <v1:legalContext>ServiceIntegrator</v1:legalContext>
         <v1:request>
            <v1:language>fr</v1:language>
            <v1:saveOrUpdateDocument>
          <core:document xmlns:xsi="http://www.w3.org/2001/XMLSchema-instance" xsi:type="core:marriageCertificate">
           <core:attachments/>
           <core:certificateOriginType>FOREIGN_CERTIFICATE</core:certificateOriginType>
           <core:factDate>
              <core:day>22</core:day>
              <core:month>12</core:month>
              <core:year>2011</core:year>
           </core:factDate>
           <core:establishingDate>2018-07-17</core:establishingDate>
           <core:redactionPlace>
              <core:municipalityCode>12007</core:municipalityCode>
              <core:countryCode>150</core:countryCode>
              <core:countryFreeText>test</core:countryFreeText>
           </core:redactionPlace>
           <core:origin>DABS</core:origin>
           <core:persons>
              <core:person>
                 <core:origin>RR</core:origin>
                 <core:nobilityFree/>
                 <core:birthPlace>
                    <core:municipalityCode>12010</core:municipalityCode>
                    <core:countryCode>150</core:countryCode>
                    <core:countryFreeText>test</core:countryFreeText>
                 </core:birthPlace>
                 <core:birthDate>
                    <core:day>11</core:day>
                    <core:month>1</core:month>
                    <core:year>1980</core:year>
                 </core:birthDate>
                 <core:firstname>Katrien</core:firstname>
                 <core:lastname>De Bondt</core:lastname>
                 <core:roles>
                    <core:role>SPOUSE_2</core:role>
                 </core:roles>
                 <core:personNumber>11234</core:personNumber>
              </core:person>
              <core:person>
                 <core:origin>RR</core:origin>
                 <core:nobilityFree/>
                 <core:birthPlace>
                    <core:municipalityFreeText>Budel</core:municipalityFreeText>
                    <core:countryCode>129</core:countryCode>
                    <core:countryFreeText>test</core:countryFreeText>
                 </core:birthPlace>
                 <core:birthDate>
                    <core:day>5</core:day>
                    <core:month>7</core:month>
                    <core:year>1979</core:year>
                 </core:birthDate>
                 <core:firstname>Bram Tonny Gerda</core:firstname>
                 <core:lastname>Van Huffel</core:lastname>
                 <core:roles>
                    <core:role>SPOUSE_1</core:role>
                 </core:roles>
                 <core:personNumber>1125000</core:personNumber>
              </core:person>
              <core:person>
                 <core:origin>RR</core:origin>
                 <core:birthPlace>
                    <core:municipalityCode>12007</core:municipalityCode>
                    <core:countryCode>150</core:countryCode>
                    <core:countryFreeText>test</core:countryFreeText>
                 </core:birthPlace>
                 <core:birthDate>
                    <core:day>1</core:day>
                    <core:month>4</core:month>
                    <core:year>1986</core:year>
                 </core:birthDate>
                 <core:firstname>Mounir</core:firstname>
                 <core:lastname>Ouchan</core:lastname>
                 <core:roles>
                    <core:role>ABS</core:role>
                 </core:roles>
                 <core:personNumber>86040128370</core:personNumber>
              </core:person>
           </core:persons>
           <core:oldDocumentReference>2018/33</core:oldDocumentReference>
           <core:docState>FINAL</core:docState>
        </core:document>
            </v1:saveOrUpdateDocument>
         </v1:request>
      </v1:saveOrUpdateDocumentRequest>
   </soapenv:Body>
</soapenv:Envelope>]]></con:request><con:assertion type="SOAP Fault Assertion" id="f4054756-051c-4c27-91d0-256442821db8" name="Not SOAP Fault"/><con:assertion type="SOAP Response" id="6ce8711c-96f1-43a1-8f67-d0fafa0a1991" name="SOAP Response"/><con:assertion type="Schema Compliance" id="4f3256a1-1d3e-4b04-9a03-e9d0a49ad970" name="Schema Compliance"><con:configuration/></con:assertion><con:wsaConfig action="http://fidus.brussels/services/civilstatusdocumentservice/saveOrUpdateDocument"/></con:request></con:config></con:testStep><con:testStep type="request" id="41308223-650c-48e3-a24d-070dcce2361b" name="testcase3 -Test - LB - Request"><con:settings/><con:config xsi:type="con:RequestStep" xmlns:xsi="http://www.w3.org/2001/XMLSchema-instance"><con:interface>CivilStatusDocumentService_v1.0Soap11Binding</con:interface><con:operation>saveOrUpdateDocument</con:operation><con:request name="testcase3 -Test - LB - Request" id="1c72c291-ddf9-458f-b5fa-48ca52871c2f" outgoingWss="Outflow TEST"><con:settings/><con:encoding>UTF-8</con:encoding><con:endpoint>https://fidus-test.irisnetlab.be/services/CivilStatusDocumentService_v1.0</con:endpoint><con:request><![CDATA[<soapenv:Envelope xmlns:soapenv="http://schemas.xmlsoap.org/soap/envelope/" xmlns:v1="http://fidus.brussels/service/civilstatusdocumentservice/messages/v1" xmlns:v11="http://fidus.brussels/type/common/messages/v1" xmlns:core="http://www.fgov.be/dabs/core">
   <soapenv:Header/>
   <soapenv:Body>
      <v1:saveOrUpdateDocumentRequest>
         <v1:messageContext>
           <v11:messageId>${=import static java.util.UUID.randomUUID; uuid = randomUUID() as String}</v11:messageId>
            <v11:timestamp>${=new java.text.SimpleDateFormat("yyyy-MM-dd'T'HH:mm:ss.SSS").format(new Date())}</v11:timestamp>
         </v1:messageContext>
         <v1:legalContext>ServiceIntegrator</v1:legalContext>
         <v1:request>
            <v1:language>fr</v1:language>
            <v1:saveOrUpdateDocument>
          <core:document xmlns:xsi="http://www.w3.org/2001/XMLSchema-instance" xsi:type="core:marriageCertificate">
           <core:attachments/>
           <core:certificateOriginType>FOREIGN_CERTIFICATE</core:certificateOriginType>
           <core:factDate>
              <core:day>22</core:day>
              <core:month>12</core:month>
              <core:year>2011</core:year>
           </core:factDate>
           <core:establishingDate>2018-07-17</core:establishingDate>
           <core:redactionPlace>
              <core:municipalityCode>12007</core:municipalityCode>
              <core:countryCode>150</core:countryCode>
              <core:countryFreeText>test</core:countryFreeText>
           </core:redactionPlace>
           <core:origin>DABS</core:origin>
           <core:persons>
              <core:person>
                 <core:origin>RR</core:origin>
                 <core:nobilityFree/>
                 <core:birthPlace>
                    <core:municipalityCode>12010</core:municipalityCode>
                    <core:countryCode>150</core:countryCode>
                    <core:countryFreeText>test</core:countryFreeText>
                 </core:birthPlace>
                 <core:birthDate>
                    <core:day>11</core:day>
                    <core:month>1</core:month>
                    <core:year>1980</core:year>
                 </core:birthDate>
                 <core:firstname>Katrien</core:firstname>
                 <core:lastname>De Bondt</core:lastname>
                 <core:roles>
                    <core:role>SPOUSE_2</core:role>
                 </core:roles>
                 <core:personNumber>11234</core:personNumber>
              </core:person>
              <core:person>
                 <core:origin>RR</core:origin>
                 <core:nobilityFree/>
                 <core:birthPlace>
                    <core:municipalityFreeText>Budel</core:municipalityFreeText>
                    <core:countryCode>129</core:countryCode>
                    <core:countryFreeText>test</core:countryFreeText>
                 </core:birthPlace>
                 <core:birthDate>
                    <core:day>5</core:day>
                    <core:month>7</core:month>
                    <core:year>1979</core:year>
                 </core:birthDate>
                 <core:firstname>Bram Tonny Gerda</core:firstname>
                 <core:lastname>Van Huffel</core:lastname>
                 <core:roles>
                    <core:role>SPOUSE_1</core:role>
                 </core:roles>
                 <core:personNumber>1125000</core:personNumber>
              </core:person>
              <core:person>
                 <core:origin>RR</core:origin>
                 <core:birthPlace>
                    <core:municipalityCode>12007</core:municipalityCode>
                    <core:countryCode>150</core:countryCode>
                    <core:countryFreeText>test</core:countryFreeText>
                 </core:birthPlace>
                 <core:birthDate>
                    <core:day>1</core:day>
                    <core:month>4</core:month>
                    <core:year>1986</core:year>
                 </core:birthDate>
                 <core:firstname>Mounir</core:firstname>
                 <core:lastname>Ouchan</core:lastname>
                 <core:roles>
                    <core:role>ABS</core:role>
                 </core:roles>
                 <core:personNumber>86040128370</core:personNumber>
              </core:person>
           </core:persons>
           <core:oldDocumentReference>2018/33</core:oldDocumentReference>
           <core:docState>FINAL</core:docState>
        </core:document>
            </v1:saveOrUpdateDocument>
         </v1:request>
      </v1:saveOrUpdateDocumentRequest>
   </soapenv:Body>
</soapenv:Envelope>]]></con:request><con:assertion type="SOAP Fault Assertion" id="b94f3dae-4c47-4584-9b43-5158b1df516b" name="Not SOAP Fault"/><con:assertion type="SOAP Response" id="1c77982d-d5bd-4ac3-b72d-d44deb0852c9" name="SOAP Response"/><con:assertion type="Schema Compliance" id="5553888b-15fc-43e3-ac0c-3682f5585357" name="Schema Compliance"><con:configuration/></con:assertion><con:wsaConfig action="http://fidus.brussels/services/civilstatusdocumentservice/saveOrUpdateDocument"/></con:request></con:config></con:testStep><con:testStep type="request" id="607300c8-c037-44f9-b7fb-709061afff7e" name="testcase3 -Test - Worker1 - Request"><con:settings/><con:config xsi:type="con:RequestStep" xmlns:xsi="http://www.w3.org/2001/XMLSchema-instance"><con:interface>CivilStatusDocumentService_v1.0Soap11Binding</con:interface><con:operation>saveOrUpdateDocument</con:operation><con:request name="testcase3 -Test - Worker1 - Request" id="2a4dc0e6-b68d-474a-af0e-145352df9013" outgoingWss="Outflow TEST"><con:settings/><con:encoding>UTF-8</con:encoding><con:endpoint>https://192.168.24.45:8443/services/CivilStatusDocumentService_v1.0</con:endpoint><con:request><![CDATA[<soapenv:Envelope xmlns:soapenv="http://schemas.xmlsoap.org/soap/envelope/" xmlns:v1="http://fidus.brussels/service/civilstatusdocumentservice/messages/v1" xmlns:v11="http://fidus.brussels/type/common/messages/v1" xmlns:core="http://www.fgov.be/dabs/core">
   <soapenv:Header/>
   <soapenv:Body>
      <v1:saveOrUpdateDocumentRequest>
         <v1:messageContext>
           <v11:messageId>${=import static java.util.UUID.randomUUID; uuid = randomUUID() as String}</v11:messageId>
            <v11:timestamp>${=new java.text.SimpleDateFormat("yyyy-MM-dd'T'HH:mm:ss.SSS").format(new Date())}</v11:timestamp>
         </v1:messageContext>
         <v1:legalContext>ServiceIntegrator</v1:legalContext>
         <v1:request>         
            <v1:language>fr</v1:language>
            <v1:municipalityCode>d1051</v1:municipalityCode>
            <v1:saveOrUpdateDocument>
          <document xmlns:xsi="http://www.w3.org/2001/XMLSchema-instance" xsi:type="core:marriageCertificate">
           <attachments/>
           <certificateOriginType>FOREIGN_CERTIFICATE</certificateOriginType>
           <factDate>
              <day>22</day>
              <month>12</month>
              <year>2011</year>
           </factDate>
           <establishingDate>2018-07-17</establishingDate>
           <redactionPlace>
              <municipalityCode>12007</municipalityCode>
              <countryCode>150</countryCode>
              <countryFreeText>test</countryFreeText>
           </redactionPlace>
           <origin>DABS</origin>
           <persons>
              <person>
                 <origin>RR</origin>
                 <nobilityFree/>
                 <birthPlace>
                    <municipalityCode>12010</municipalityCode>
                    <countryCode>150</countryCode>
                    <countryFreeText>test</countryFreeText>
                 </birthPlace>
                 <birthDate>
                    <day>11</day>
                    <month>1</month>
                    <year>1980</year>
                 </birthDate>
                 <firstname>Katrien</firstname>
                 <lastname>De Bondt</lastname>
                 <roles>
                    <role>SPOUSE_2</role>
                 </roles>
                 <personNumber>11234</personNumber>
              </person>
              <person>
                 <origin>RR</origin>
                 <nobilityFree/>
                 <birthPlace>
                    <municipalityFreeText>Budel</municipalityFreeText>
                    <countryCode>129</countryCode>
                    <countryFreeText>test</countryFreeText>
                 </birthPlace>
                 <birthDate>
                    <day>5</day>
                    <month>7</month>
                    <year>1979</year>
                 </birthDate>
                 <firstname>Bram Tonny Gerda</firstname>
                 <lastname>Van Huffel</lastname>
                 <roles>
                    <role>SPOUSE_1</role>
                 </roles>
                 <personNumber>1125000</personNumber>
              </person>
              <person>
                 <origin>RR</origin>
                 <birthPlace>
                    <municipalityCode>12007</municipalityCode>
                    <countryCode>150</countryCode>
                    <countryFreeText>test</countryFreeText>
                 </birthPlace>
                 <birthDate>
                    <day>1</day>
                    <month>4</month>
                    <year>1986</year>
                 </birthDate>
                 <firstname>Mounir</firstname>
                 <lastname>Ouchan</lastname>
                 <roles>
                    <role>ABS</role>
                 </roles>
                 <personNumber>86040128370</personNumber>
              </person>
           </persons>
           <oldDocumentReference>2018/33</oldDocumentReference>
           <docState>FINAL</docState>
        </document>
            </v1:saveOrUpdateDocument>
         </v1:request>
      </v1:saveOrUpdateDocumentRequest>
   </soapenv:Body>
</soapenv:Envelope>]]></con:request><con:assertion type="SOAP Fault Assertion" id="1ceda627-0c92-45b5-9601-e6837bb94f45" name="Not SOAP Fault"/><con:assertion type="SOAP Response" id="70c51526-941c-45f6-a7bf-65dd611f3005" name="SOAP Response"/><con:assertion type="Schema Compliance" id="3193fa15-b211-4ecb-9ff2-5e694263261d" name="Schema Compliance"><con:configuration/></con:assertion><con:wsaConfig action="http://fidus.brussels/services/civilstatusdocumentservice/saveOrUpdateDocument"/></con:request></con:config></con:testStep><con:testStep type="request" id="3e1b646a-621e-4583-ab94-9b74cb85ba6f" name="testcase3 -Test - Worker2 - Request"><con:settings/><con:config xsi:type="con:RequestStep" xmlns:xsi="http://www.w3.org/2001/XMLSchema-instance"><con:interface>CivilStatusDocumentService_v1.0Soap11Binding</con:interface><con:operation>saveOrUpdateDocument</con:operation><con:request name="testcase3 -Test - Worker2 - Request" id="e9be371c-443a-4bc1-983b-93f908d20ac7" outgoingWss="Outflow TEST"><con:settings/><con:encoding>UTF-8</con:encoding><con:endpoint>https://192.168.24.51:8443/services/CivilStatusDocumentService_v1.0</con:endpoint><con:request><![CDATA[<soapenv:Envelope xmlns:soapenv="http://schemas.xmlsoap.org/soap/envelope/" xmlns:v1="http://fidus.brussels/service/civilstatusdocumentservice/messages/v1" xmlns:v11="http://fidus.brussels/type/common/messages/v1" xmlns:core="http://www.fgov.be/dabs/core">
   <soapenv:Header/>
   <soapenv:Body>
      <v1:saveOrUpdateDocumentRequest>
         <v1:messageContext>
           <v11:messageId>${=import static java.util.UUID.randomUUID; uuid = randomUUID() as String}</v11:messageId>
            <v11:timestamp>${=new java.text.SimpleDateFormat("yyyy-MM-dd'T'HH:mm:ss.SSS").format(new Date())}</v11:timestamp>
         </v1:messageContext>
         <v1:legalContext>ServiceIntegrator</v1:legalContext>
         <v1:request>         
            <v1:language>fr</v1:language>
            <v1:municipalityCode>d1051</v1:municipalityCode>
            <v1:saveOrUpdateDocument>
          <document xmlns:xsi="http://www.w3.org/2001/XMLSchema-instance" xsi:type="core:marriageCertificate">
           <attachments/>
           <certificateOriginType>FOREIGN_CERTIFICATE</certificateOriginType>
           <factDate>
              <day>22</day>
              <month>12</month>
              <year>2011</year>
           </factDate>
           <establishingDate>2018-07-17</establishingDate>
           <redactionPlace>
              <municipalityCode>12007</municipalityCode>
              <countryCode>150</countryCode>
              <countryFreeText>test</countryFreeText>
           </redactionPlace>
           <origin>DABS</origin>
           <persons>
              <person>
                 <origin>RR</origin>
                 <nobilityFree/>
                 <birthPlace>
                    <municipalityCode>12010</municipalityCode>
                    <countryCode>150</countryCode>
                    <countryFreeText>test</countryFreeText>
                 </birthPlace>
                 <birthDate>
                    <day>11</day>
                    <month>1</month>
                    <year>1980</year>
                 </birthDate>
                 <firstname>Katrien</firstname>
                 <lastname>De Bondt</lastname>
                 <roles>
                    <role>SPOUSE_2</role>
                 </roles>
                 <personNumber>11234</personNumber>
              </person>
              <person>
                 <origin>RR</origin>
                 <nobilityFree/>
                 <birthPlace>
                    <municipalityFreeText>Budel</municipalityFreeText>
                    <countryCode>129</countryCode>
                    <countryFreeText>test</countryFreeText>
                 </birthPlace>
                 <birthDate>
                    <day>5</day>
                    <month>7</month>
                    <year>1979</year>
                 </birthDate>
                 <firstname>Bram Tonny Gerda</firstname>
                 <lastname>Van Huffel</lastname>
                 <roles>
                    <role>SPOUSE_1</role>
                 </roles>
                 <personNumber>1125000</personNumber>
              </person>
              <person>
                 <origin>RR</origin>
                 <birthPlace>
                    <municipalityCode>12007</municipalityCode>
                    <countryCode>150</countryCode>
                    <countryFreeText>test</countryFreeText>
                 </birthPlace>
                 <birthDate>
                    <day>1</day>
                    <month>4</month>
                    <year>1986</year>
                 </birthDate>
                 <firstname>Mounir</firstname>
                 <lastname>Ouchan</lastname>
                 <roles>
                    <role>ABS</role>
                 </roles>
                 <personNumber>86040128370</personNumber>
              </person>
           </persons>
           <oldDocumentReference>2018/33</oldDocumentReference>
           <docState>FINAL</docState>
        </document>
            </v1:saveOrUpdateDocument>
         </v1:request>
      </v1:saveOrUpdateDocumentRequest>
   </soapenv:Body>
</soapenv:Envelope>]]></con:request><con:assertion type="SOAP Fault Assertion" id="83af7f23-3d09-4363-a8e1-1178bffba4c7" name="Not SOAP Fault"/><con:assertion type="SOAP Response" id="cbba49cb-b409-4426-9338-8660a1ff78e6" name="SOAP Response"/><con:assertion type="Schema Compliance" id="78fdcd60-7779-4351-8612-492ed89cebf8" name="Schema Compliance"><con:configuration/></con:assertion><con:wsaConfig action="http://fidus.brussels/services/civilstatusdocumentservice/saveOrUpdateDocument"/></con:request></con:config></con:testStep><con:properties/></con:testCase><con:testCase id="f3551d25-ef99-43f4-8b0f-9e0728a894dd" failOnError="true" failTestCaseOnErrors="true" keepSession="false" maxResults="0" name="searchDocument" searchProperties="true"><con:settings/><con:testStep type="request" id="eca0ff98-5153-498a-b286-7f9b208daedd" name="testcase3 -Test - External - Request"><con:settings/><con:config xsi:type="con:RequestStep" xmlns:xsi="http://www.w3.org/2001/XMLSchema-instance"><con:interface>CivilStatusDocumentService_v1.0Soap11Binding</con:interface><con:operation>searchDocument</con:operation><con:request name="testcase3 -Test - External - Request" id="10e5534b-f278-42bf-a5f5-d023a54c3ac9" outgoingWss="Outflow TEST"><con:settings/><con:encoding>UTF-8</con:encoding><con:endpoint>https://fidus-test.irisnetlab.be/services/CivilStatusDocumentService_v1.0</con:endpoint><con:request><![CDATA[<soapenv:Envelope xmlns:soapenv="http://schemas.xmlsoap.org/soap/envelope/" xmlns:v1="http://fidus.brussels/service/civilstatusdocumentservice/messages/v1" xmlns:v11="http://fidus.brussels/type/common/messages/v1" xmlns:core="http://www.fgov.be/dabs/core">
   <soapenv:Header/>
   <soapenv:Body>
      <v1:searchDocumentRequest>
         <v1:messageContext>
           <v11:messageId>${=import static java.util.UUID.randomUUID; uuid = randomUUID() as String}</v11:messageId>
            <v11:timestamp>${=new java.text.SimpleDateFormat("yyyy-MM-dd'T'HH:mm:ss.SSS").format(new Date())}</v11:timestamp>
         </v1:messageContext>
         <v1:legalContext>ServiceIntegrator</v1:legalContext>
         <v1:request>
            <v1:language>fr</v1:language>
            <v1:searchDocument>
               <core:documentSearch>
                  <core:type>MARRIAGE_CERTIFICATE</core:type>
                  <core:state>FINAL</core:state>
                  <core:factDate>
                     <core:day>15</core:day>
                     <core:month>12</core:month>
                     <core:year>2011</core:year>
                  </core:factDate>
                  <core:personNumber>11234</core:personNumber>
                  <core:firstname>Katrien</core:firstname>
                  <core:lastname>De Bondt</core:lastname>
                  <core:birthDate>
                     <core:day>11</core:day>
                     <core:month>1</core:month>
                     <core:year>1980</core:year>
                  </core:birthDate>
                  <!--Optional:-->
                  <!--core:placeOfOrigin>?</core:placeOfOrigin-->
                  <core:searchInRrn>false</core:searchInRrn>
               </core:documentSearch>
            </v1:searchDocument>
         </v1:request>
      </v1:searchDocumentRequest>
   </soapenv:Body>
</soapenv:Envelope>]]></con:request><con:assertion type="SOAP Fault Assertion" id="ecbe1f14-6fe2-41ef-ab22-eddc2cd67a52" name="Not SOAP Fault"/><con:assertion type="SOAP Response" id="8d15ac33-97dd-43fd-a63e-de95b2fb42a4" name="SOAP Response"/><con:assertion type="Schema Compliance" id="7b876332-c0ce-4199-a332-8e49116f583b" name="Schema Compliance"><con:configuration/></con:assertion><con:wsaConfig action="http://fidus.brussels/services/civilstatusdocumentservice/searchDocument"/></con:request></con:config></con:testStep><con:testStep type="request" id="cf26e4e9-e5e9-49e3-b26e-547c6a487caf" name="testcase3 -Test - LB - Request"><con:settings/><con:config xsi:type="con:RequestStep" xmlns:xsi="http://www.w3.org/2001/XMLSchema-instance"><con:interface>CivilStatusDocumentService_v1.0Soap11Binding</con:interface><con:operation>searchDocument</con:operation><con:request name="testcase3 -Test - LB - Request" id="7bb02943-a424-4f5b-b812-71584a40c37d" outgoingWss="Outflow TEST"><con:settings/><con:encoding>UTF-8</con:encoding><con:endpoint>https://fidus-test.irisnetlab.be/services/CivilStatusDocumentService_v1.0</con:endpoint><con:request><![CDATA[<soapenv:Envelope xmlns:soapenv="http://schemas.xmlsoap.org/soap/envelope/" xmlns:v1="http://fidus.brussels/service/civilstatusdocumentservice/messages/v1" xmlns:v11="http://fidus.brussels/type/common/messages/v1" xmlns:core="http://www.fgov.be/dabs/core">
   <soapenv:Header/>
   <soapenv:Body>
      <v1:searchDocumentRequest>
         <v1:messageContext>
           <v11:messageId>${=import static java.util.UUID.randomUUID; uuid = randomUUID() as String}</v11:messageId>
            <v11:timestamp>${=new java.text.SimpleDateFormat("yyyy-MM-dd'T'HH:mm:ss.SSS").format(new Date())}</v11:timestamp>
         </v1:messageContext>
         <v1:legalContext>ServiceIntegrator</v1:legalContext>
         <v1:request>
            <v1:language>fr</v1:language>
            <v1:searchDocument>
               <core:documentSearch>
                  <core:type>MARRIAGE_CERTIFICATE</core:type>
                  <core:state>FINAL</core:state>
                  <core:factDate>
                     <core:day>15</core:day>
                     <core:month>12</core:month>
                     <core:year>2011</core:year>
                  </core:factDate>
                  <core:personNumber>11234</core:personNumber>
                  <core:firstname>Katrien</core:firstname>
                  <core:lastname>De Bondt</core:lastname>
                  <core:birthDate>
                     <core:day>11</core:day>
                     <core:month>1</core:month>
                     <core:year>1980</core:year>
                  </core:birthDate>
                  <!--Optional:-->
                  <!--core:placeOfOrigin>?</core:placeOfOrigin-->
                  <core:searchInRrn>false</core:searchInRrn>
               </core:documentSearch>
            </v1:searchDocument>
         </v1:request>
      </v1:searchDocumentRequest>
   </soapenv:Body>
</soapenv:Envelope>]]></con:request><con:assertion type="SOAP Fault Assertion" id="bc9dfa18-dedc-46c1-96c6-9dfdc26e15ff" name="Not SOAP Fault"/><con:assertion type="SOAP Response" id="a0488364-7a4e-4cc5-92be-eac3582c7069" name="SOAP Response"/><con:assertion type="Schema Compliance" id="3472514c-f335-4d64-99d1-fd7919d1d5fe" name="Schema Compliance"><con:configuration/></con:assertion><con:wsaConfig action="http://fidus.brussels/services/civilstatusdocumentservice/searchDocument"/></con:request></con:config></con:testStep><con:testStep type="request" id="8cb1d8a1-9701-4479-b022-45fcd316c05b" name="testcase3 -Test - Worker1 - Request"><con:settings/><con:config xsi:type="con:RequestStep" xmlns:xsi="http://www.w3.org/2001/XMLSchema-instance"><con:interface>CivilStatusDocumentService_v1.0Soap11Binding</con:interface><con:operation>searchDocument</con:operation><con:request name="testcase3 -Test - Worker1 - Request" id="80b30976-7f61-4401-905a-1e472acbdb10" outgoingWss="Outflow TEST"><con:settings/><con:encoding>UTF-8</con:encoding><con:endpoint>https://192.168.24.45:8443/services/CivilStatusDocumentService_v1.0</con:endpoint><con:request><![CDATA[<soapenv:Envelope xmlns:soapenv="http://schemas.xmlsoap.org/soap/envelope/" xmlns:v1="http://fidus.brussels/service/civilstatusdocumentservice/messages/v1" xmlns:v11="http://fidus.brussels/type/common/messages/v1" xmlns:core="http://www.fgov.be/dabs/core">
   <soapenv:Header/>
   <soapenv:Body>
      <v1:searchDocumentRequest>
         <v1:messageContext>
           <v11:messageId>${=import static java.util.UUID.randomUUID; uuid = randomUUID() as String}</v11:messageId>
            <v11:timestamp>${=new java.text.SimpleDateFormat("yyyy-MM-dd'T'HH:mm:ss.SSS").format(new Date())}</v11:timestamp>
         </v1:messageContext>
         <v1:legalContext>ServiceIntegrator</v1:legalContext>
         <v1:request>
            <v1:language>fr</v1:language>
            <v1:municipalityCode>d1051</v1:municipalityCode>
            <v1:searchDocument>
               <documentSearch>
                  <type>MARRIAGE_CERTIFICATE</type>
                  <state>FINAL</state>
                  <factDate>
                     <day>15</day>
                     <month>12</month>
                     <year>2011</year>
                  </factDate>
                  <personNumber>11234</personNumber>
                  <firstname>Katrien</firstname>
                  <lastname>De Bondt</lastname>
                  <birthDate>
                     <day>11</day>
                     <month>1</month>
                     <year>1980</year>
                  </birthDate>
                  <!--Optional:-->
                  <searchInRrn>false</searchInRrn>
               </documentSearch>
            </v1:searchDocument>
         </v1:request>
      </v1:searchDocumentRequest>
   </soapenv:Body>
</soapenv:Envelope>]]></con:request><con:assertion type="SOAP Fault Assertion" id="00912bbb-5b90-45be-9e98-2fd5978cf53f" name="Not SOAP Fault"/><con:assertion type="SOAP Response" id="980a52ac-d5fd-49af-8ab7-5bfec7197e6a" name="SOAP Response"/><con:assertion type="Schema Compliance" id="a62f8ff5-cdb0-4270-9cc1-856aa5e099d6" name="Schema Compliance"><con:configuration/></con:assertion><con:wsaConfig action="http://fidus.brussels/services/civilstatusdocumentservice/searchDocument"/></con:request></con:config></con:testStep><con:testStep type="request" id="cf7aee5e-dc5a-484e-a3d3-fbe3a423852f" name="testcase3 -Test - Worker2 - Request"><con:settings/><con:config xsi:type="con:RequestStep" xmlns:xsi="http://www.w3.org/2001/XMLSchema-instance"><con:interface>CivilStatusDocumentService_v1.0Soap11Binding</con:interface><con:operation>searchDocument</con:operation><con:request name="testcase3 -Test - Worker2 - Request" id="64c4d2ac-9936-431c-be5f-b6688ebbd023" outgoingWss="Outflow TEST"><con:settings/><con:encoding>UTF-8</con:encoding><con:endpoint>https://192.168.24.51:8443/services/CivilStatusDocumentService_v1.0</con:endpoint><con:request><![CDATA[<soapenv:Envelope xmlns:soapenv="http://schemas.xmlsoap.org/soap/envelope/" xmlns:v1="http://fidus.brussels/service/civilstatusdocumentservice/messages/v1" xmlns:v11="http://fidus.brussels/type/common/messages/v1" xmlns:core="http://www.fgov.be/dabs/core">
   <soapenv:Header/>
   <soapenv:Body>
      <v1:searchDocumentRequest>
         <v1:messageContext>
           <v11:messageId>${=import static java.util.UUID.randomUUID; uuid = randomUUID() as String}</v11:messageId>
            <v11:timestamp>${=new java.text.SimpleDateFormat("yyyy-MM-dd'T'HH:mm:ss.SSS").format(new Date())}</v11:timestamp>
         </v1:messageContext>
         <v1:legalContext>ServiceIntegrator</v1:legalContext>
         <v1:request>
            <v1:language>fr</v1:language>
            <v1:municipalityCode>d1051</v1:municipalityCode>
            <v1:searchDocument>
               <documentSearch>
                  <type>MARRIAGE_CERTIFICATE</type>
                  <state>FINAL</state>
                  <factDate>
                     <day>15</day>
                     <month>12</month>
                     <year>2011</year>
                  </factDate>
                  <personNumber>11234</personNumber>
                  <firstname>Katrien</firstname>
                  <lastname>De Bondt</lastname>
                  <birthDate>
                     <day>11</day>
                     <month>1</month>
                     <year>1980</year>
                  </birthDate>
                  <!--Optional:-->
                  <!--placeOfOrigin>?</placeOfOrigin-->
                  <searchInRrn>false</searchInRrn>
               </documentSearch>
            </v1:searchDocument>
         </v1:request>
      </v1:searchDocumentRequest>
   </soapenv:Body>
</soapenv:Envelope>]]></con:request><con:assertion type="SOAP Fault Assertion" id="8787f575-c34d-4224-a38f-35a7424cde43" name="Not SOAP Fault"/><con:assertion type="SOAP Response" id="3aac640e-feef-48eb-8f05-20315fbd7941" name="SOAP Response"/><con:assertion type="Schema Compliance" id="ea03295e-e1df-451c-a65b-c0cf2455eef8" name="Schema Compliance"><con:configuration/></con:assertion><con:wsaConfig action="http://fidus.brussels/services/civilstatusdocumentservice/searchDocument"/></con:request></con:config></con:testStep><con:properties/></con:testCase><con:testCase id="6a2b31d8-4a83-4ce4-843a-b0e8854de326" failOnError="true" failTestCaseOnErrors="true" keepSession="false" maxResults="0" name="validateDocument" searchProperties="true"><con:settings/><con:testStep type="request" id="addf3ea6-9ff6-4e4f-890e-47ba8ae1b268" name="testcase3 -Test - External - Request"><con:settings/><con:config xsi:type="con:RequestStep" xmlns:xsi="http://www.w3.org/2001/XMLSchema-instance"><con:interface>CivilStatusDocumentService_v1.0Soap11Binding</con:interface><con:operation>validateDocument</con:operation><con:request name="testcase3 -Test - External - Request" id="743fec79-a8aa-467a-8311-3e48bd1ce76a" outgoingWss="Outflow TEST"><con:settings/><con:encoding>UTF-8</con:encoding><con:endpoint>https://fidus-test.irisnetlab.be/services/CivilStatusDocumentService_v1.0</con:endpoint><con:request><![CDATA[<soapenv:Envelope xmlns:soapenv="http://schemas.xmlsoap.org/soap/envelope/" xmlns:v1="http://fidus.brussels/service/civilstatusdocumentservice/messages/v1" xmlns:v11="http://fidus.brussels/type/common/messages/v1" xmlns:core="http://www.fgov.be/dabs/core">
   <soapenv:Header/>
   <soapenv:Body>
      <v1:validateDocumentRequest>
         <v1:messageContext>
            <v11:messageId>${=import static java.util.UUID.randomUUID; uuid = randomUUID() as String}</v11:messageId>
            <v11:timestamp>${=new java.text.SimpleDateFormat("yyyy-MM-dd'T'HH:mm:ss.SSS").format(new Date())}</v11:timestamp>
         </v1:messageContext>
         <v1:legalContext>ServiceIntegrator</v1:legalContext>
         <v1:request>
            <v1:language>fr</v1:language>
             <v1:municipalityCode>d1051</v1:municipalityCode>
            <v1:validateDocument>
               <document xsi:type="core:marriageCertificate" xmlns:xsi="http://www.w3.org/2001/XMLSchema-instance">
                  <attachments/>
                  <certificateOriginType>FOREIGN_CERTIFICATE</certificateOriginType>
                  <factDate>
                     <day>26</day>
                     <month>12</month>
                     <year>2011</year>
                  </factDate>
                  <establishingDate>2018-07-17</establishingDate>
                  <redactionPlace>
                     <municipalityCode>12007</municipalityCode>
                     <countryCode>150</countryCode>
                     <countryFreeText>test</countryFreeText>
                  </redactionPlace>
                  <origin>DABS</origin>
                  <persons>
                     <person>
                        <origin>RR</origin>
                        <nobilityFree/>
                        <birthPlace>
                           <municipalityCode>12010</municipalityCode>
                           <countryCode>150</countryCode>
                           <countryFreeText>test</countryFreeText>
                        </birthPlace>
                        <birthDate>
                           <day>11</day>
                           <month>1</month>
                           <year>1980</year>
                        </birthDate>
                        <firstname>Katrien</firstname>
                        <lastname>De Bondt</lastname>
                        <roles>
                           <role>SPOUSE_2</role>
                        </roles>
                        <personNumber>11234</personNumber>
                     </person>
                     <person>
                        <origin>RR</origin>
                        <nobilityFree/>
                        <birthPlace>
                           <municipalityFreeText>Budel</municipalityFreeText>
                           <countryCode>129</countryCode>
                           <countryFreeText>test</countryFreeText>
                        </birthPlace>
                        <birthDate>
                           <day>5</day>
                           <month>7</month>
                           <year>1979</year>
                        </birthDate>
                        <firstname>Bram Tonny Gerda</firstname>
                        <lastname>Van Huffel</lastname>
                        <roles>
                           <role>SPOUSE_1</role>
                        </roles>
                        <personNumber>1125000</personNumber>
                     </person>
                     <person>
                        <origin>RR</origin>
                        <birthPlace>
                           <municipalityCode>12007</municipalityCode>
                           <countryCode>150</countryCode>
                           <countryFreeText>test</countryFreeText>
                        </birthPlace>
                        <birthDate>
                           <day>1</day>
                           <month>4</month>
                           <year>1986</year>
                        </birthDate>
                        <firstname>Mounir</firstname>
                        <lastname>Ouchan</lastname>
                        <roles>
                           <role>ABS</role>
                        </roles>
                        <personNumber>86040128370</personNumber>
                     </person>
                  </persons>
                  <oldDocumentReference>2018/33</oldDocumentReference>
                  <docState>FINAL</docState>
               </document>
            </v1:validateDocument>
         </v1:request>
      </v1:validateDocumentRequest>
   </soapenv:Body>
</soapenv:Envelope>]]></con:request><con:assertion type="SOAP Fault Assertion" id="73fbfcc8-f92c-4b70-857f-ed8a5fe4e5df" name="Not SOAP Fault"/><con:assertion type="SOAP Response" id="0f75c700-1715-43b4-a232-7e0cf1ddc8cb" name="SOAP Response"/><con:assertion type="Schema Compliance" id="183b7ab7-f735-44c0-88a4-61ea0d5ff6b9" name="Schema Compliance"><con:configuration/></con:assertion><con:wsaConfig action="http://fidus.brussels/services/civilstatusdocumentservice/validateDocument"/></con:request></con:config></con:testStep><con:testStep type="request" id="57fd513c-3831-436d-8a7b-8e897f1dd484" name="testcase3 -Test - LB - Request"><con:settings/><con:config xsi:type="con:RequestStep" xmlns:xsi="http://www.w3.org/2001/XMLSchema-instance"><con:interface>CivilStatusDocumentService_v1.0Soap11Binding</con:interface><con:operation>validateDocument</con:operation><con:request name="testcase3 -Test - LB - Request" id="6b57aeac-431b-4a7b-a5c2-7b92f15df199" outgoingWss="Outflow TEST"><con:settings/><con:encoding>UTF-8</con:encoding><con:endpoint>https://esb-security-gw.sta.srv.cirb.lan:8443/services/CivilStatusDocumentService_v1.0</con:endpoint><con:request><![CDATA[<soapenv:Envelope xmlns:soapenv="http://schemas.xmlsoap.org/soap/envelope/" xmlns:v1="http://fidus.brussels/service/civilstatusdocumentservice/messages/v1" xmlns:v11="http://fidus.brussels/type/common/messages/v1" xmlns:core="http://www.fgov.be/dabs/core">
   <soapenv:Header/>
   <soapenv:Body>
      <v1:validateDocumentRequest>
         <v1:messageContext>
            <v11:messageId>${=import static java.util.UUID.randomUUID; uuid = randomUUID() as String}</v11:messageId>
            <v11:timestamp>${=new java.text.SimpleDateFormat("yyyy-MM-dd'T'HH:mm:ss.SSS").format(new Date())}</v11:timestamp>
         </v1:messageContext>
         <v1:legalContext>ServiceIntegrator</v1:legalContext>
         <v1:request>
            <v1:language>fr</v1:language>
             <v1:municipalityCode>d1051</v1:municipalityCode>
            <v1:validateDocument>
               <document xsi:type="core:marriageCertificate" xmlns:xsi="http://www.w3.org/2001/XMLSchema-instance">
                  <attachments/>
                  <certificateOriginType>FOREIGN_CERTIFICATE</certificateOriginType>
                  <factDate>
                     <day>26</day>
                     <month>12</month>
                     <year>2011</year>
                  </factDate>
                  <establishingDate>2018-07-17</establishingDate>
                  <redactionPlace>
                     <municipalityCode>12007</municipalityCode>
                     <countryCode>150</countryCode>
                     <countryFreeText>test</countryFreeText>
                  </redactionPlace>
                  <origin>DABS</origin>
                  <persons>
                     <person>
                        <origin>RR</origin>
                        <nobilityFree/>
                        <birthPlace>
                           <municipalityCode>12010</municipalityCode>
                           <countryCode>150</countryCode>
                           <countryFreeText>test</countryFreeText>
                        </birthPlace>
                        <birthDate>
                           <day>11</day>
                           <month>1</month>
                           <year>1980</year>
                        </birthDate>
                        <firstname>Katrien</firstname>
                        <lastname>De Bondt</lastname>
                        <roles>
                           <role>SPOUSE_2</role>
                        </roles>
                        <personNumber>11234</personNumber>
                     </person>
                     <person>
                        <origin>RR</origin>
                        <nobilityFree/>
                        <birthPlace>
                           <municipalityFreeText>Budel</municipalityFreeText>
                           <countryCode>129</countryCode>
                           <countryFreeText>test</countryFreeText>
                        </birthPlace>
                        <birthDate>
                           <day>5</day>
                           <month>7</month>
                           <year>1979</year>
                        </birthDate>
                        <firstname>Bram Tonny Gerda</firstname>
                        <lastname>Van Huffel</lastname>
                        <roles>
                           <role>SPOUSE_1</role>
                        </roles>
                        <personNumber>1125000</personNumber>
                     </person>
                     <person>
                        <origin>RR</origin>
                        <birthPlace>
                           <municipalityCode>12007</municipalityCode>
                           <countryCode>150</countryCode>
                           <countryFreeText>test</countryFreeText>
                        </birthPlace>
                        <birthDate>
                           <day>1</day>
                           <month>4</month>
                           <year>1986</year>
                        </birthDate>
                        <firstname>Mounir</firstname>
                        <lastname>Ouchan</lastname>
                        <roles>
                           <role>ABS</role>
                        </roles>
                        <personNumber>86040128370</personNumber>
                     </person>
                  </persons>
                  <oldDocumentReference>2018/33</oldDocumentReference>
                  <docState>FINAL</docState>
               </document>
            </v1:validateDocument>
         </v1:request>
      </v1:validateDocumentRequest>
   </soapenv:Body>
</soapenv:Envelope>]]></con:request><con:assertion type="SOAP Fault Assertion" id="8b048ae3-e1f8-4028-bb25-e402a455e49e" name="Not SOAP Fault"/><con:assertion type="SOAP Response" id="d1fecd4a-dc9b-4071-8bdf-b1c1f38e364b" name="SOAP Response"/><con:assertion type="Schema Compliance" id="8bdb8337-8c1b-4c43-a698-f656a62f7e83" name="Schema Compliance"><con:configuration/></con:assertion><con:wsaConfig action="http://fidus.brussels/services/civilstatusdocumentservice/validateDocument"/></con:request></con:config></con:testStep><con:testStep type="request" id="df5f57b2-800c-4aaf-bc54-11f6d3425bee" name="testcase3 -Test - Worker1 - Request"><con:settings/><con:config xsi:type="con:RequestStep" xmlns:xsi="http://www.w3.org/2001/XMLSchema-instance"><con:interface>CivilStatusDocumentService_v1.0Soap11Binding</con:interface><con:operation>validateDocument</con:operation><con:request name="testcase3 -Test - Worker1 - Request" id="ec8c6eec-1536-4831-b4f3-7357a702023b" outgoingWss="Outflow TEST"><con:settings/><con:encoding>UTF-8</con:encoding><con:endpoint>https://192.168.24.45:8443/services/CivilStatusDocumentService_v1.0</con:endpoint><con:request><![CDATA[<soapenv:Envelope xmlns:soapenv="http://schemas.xmlsoap.org/soap/envelope/" xmlns:v1="http://fidus.brussels/service/civilstatusdocumentservice/messages/v1" xmlns:v11="http://fidus.brussels/type/common/messages/v1" xmlns:core="http://www.fgov.be/dabs/core">
   <soapenv:Header/>
   <soapenv:Body>
      <v1:validateDocumentRequest>
         <v1:messageContext>
            <v11:messageId>${=import static java.util.UUID.randomUUID; uuid = randomUUID() as String}</v11:messageId>
            <v11:timestamp>${=new java.text.SimpleDateFormat("yyyy-MM-dd'T'HH:mm:ss.SSS").format(new Date())}</v11:timestamp>
         </v1:messageContext>
         <v1:legalContext>ServiceIntegrator</v1:legalContext>
         <v1:request>
            <v1:language>fr</v1:language>
             <v1:municipalityCode>d1051</v1:municipalityCode>
            <v1:validateDocument>
               <document xsi:type="core:marriageCertificate" xmlns:xsi="http://www.w3.org/2001/XMLSchema-instance">
                  <attachments/>
                  <certificateOriginType>FOREIGN_CERTIFICATE</certificateOriginType>
                  <factDate>
                     <day>26</day>
                     <month>12</month>
                     <year>2011</year>
                  </factDate>
                  <establishingDate>2018-07-17</establishingDate>
                  <redactionPlace>
                     <municipalityCode>12007</municipalityCode>
                     <countryCode>150</countryCode>
                     <countryFreeText>test</countryFreeText>
                  </redactionPlace>
                  <origin>DABS</origin>
                  <persons>
                     <person>
                        <origin>RR</origin>
                        <nobilityFree/>
                        <birthPlace>
                           <municipalityCode>12010</municipalityCode>
                           <countryCode>150</countryCode>
                           <countryFreeText>test</countryFreeText>
                        </birthPlace>
                        <birthDate>
                           <day>11</day>
                           <month>1</month>
                           <year>1980</year>
                        </birthDate>
                        <firstname>Katrien</firstname>
                        <lastname>De Bondt</lastname>
                        <roles>
                           <role>SPOUSE_2</role>
                        </roles>
                        <personNumber>11234</personNumber>
                     </person>
                     <person>
                        <origin>RR</origin>
                        <nobilityFree/>
                        <birthPlace>
                           <municipalityFreeText>Budel</municipalityFreeText>
                           <countryCode>129</countryCode>
                           <countryFreeText>test</countryFreeText>
                        </birthPlace>
                        <birthDate>
                           <day>5</day>
                           <month>7</month>
                           <year>1979</year>
                        </birthDate>
                        <firstname>Bram Tonny Gerda</firstname>
                        <lastname>Van Huffel</lastname>
                        <roles>
                           <role>SPOUSE_1</role>
                        </roles>
                        <personNumber>1125000</personNumber>
                     </person>
                     <person>
                        <origin>RR</origin>
                        <birthPlace>
                           <municipalityCode>12007</municipalityCode>
                           <countryCode>150</countryCode>
                           <countryFreeText>test</countryFreeText>
                        </birthPlace>
                        <birthDate>
                           <day>1</day>
                           <month>4</month>
                           <year>1986</year>
                        </birthDate>
                        <firstname>Mounir</firstname>
                        <lastname>Ouchan</lastname>
                        <roles>
                           <role>ABS</role>
                        </roles>
                        <personNumber>86040128370</personNumber>
                     </person>
                  </persons>
                  <oldDocumentReference>2018/33</oldDocumentReference>
                  <docState>FINAL</docState>
               </document>
            </v1:validateDocument>
         </v1:request>
      </v1:validateDocumentRequest>
   </soapenv:Body>
</soapenv:Envelope>]]></con:request><con:assertion type="SOAP Fault Assertion" id="a1e0363e-3577-4006-af1e-9e05323460c5" name="Not SOAP Fault"/><con:assertion type="SOAP Response" id="93a7bbdf-efb3-4ce9-92bf-8c80506926e7" name="SOAP Response"/><con:assertion type="Schema Compliance" id="06a0c8c3-becc-4799-9637-2788e1a73343" name="Schema Compliance"><con:configuration/></con:assertion><con:wsaConfig action="http://fidus.brussels/services/civilstatusdocumentservice/validateDocument"/></con:request></con:config></con:testStep><con:testStep type="request" id="021701ed-df08-44f0-9bb0-2af71f424264" name="testcase3 -Test - Worker2 - Request"><con:settings/><con:config xsi:type="con:RequestStep" xmlns:xsi="http://www.w3.org/2001/XMLSchema-instance"><con:interface>CivilStatusDocumentService_v1.0Soap11Binding</con:interface><con:operation>validateDocument</con:operation><con:request name="testcase3 -Test - Worker2 - Request" id="3259f72b-a741-4d56-ba30-645eef4dfb89" outgoingWss="Outflow TEST"><con:settings/><con:encoding>UTF-8</con:encoding><con:endpoint>https://192.168.24.51:8443/services/CivilStatusDocumentService_v1.0</con:endpoint><con:request><![CDATA[<soapenv:Envelope xmlns:soapenv="http://schemas.xmlsoap.org/soap/envelope/" xmlns:v1="http://fidus.brussels/service/civilstatusdocumentservice/messages/v1" xmlns:v11="http://fidus.brussels/type/common/messages/v1" xmlns:core="http://www.fgov.be/dabs/core">
   <soapenv:Header/>
   <soapenv:Body>
      <v1:validateDocumentRequest>
         <v1:messageContext>
            <v11:messageId>${=import static java.util.UUID.randomUUID; uuid = randomUUID() as String}</v11:messageId>
            <v11:timestamp>${=new java.text.SimpleDateFormat("yyyy-MM-dd'T'HH:mm:ss.SSS").format(new Date())}</v11:timestamp>
         </v1:messageContext>
         <v1:legalContext>ServiceIntegrator</v1:legalContext>
         <v1:request>
            <v1:language>fr</v1:language>
             <v1:municipalityCode>d1051</v1:municipalityCode>
            <v1:validateDocument>
               <document xsi:type="core:marriageCertificate" xmlns:xsi="http://www.w3.org/2001/XMLSchema-instance">
                  <attachments/>
                  <certificateOriginType>FOREIGN_CERTIFICATE</certificateOriginType>
                  <factDate>
                     <day>26</day>
                     <month>12</month>
                     <year>2011</year>
                  </factDate>
                  <establishingDate>2018-07-17</establishingDate>
                  <redactionPlace>
                     <municipalityCode>12007</municipalityCode>
                     <countryCode>150</countryCode>
                     <countryFreeText>test</countryFreeText>
                  </redactionPlace>
                  <origin>DABS</origin>
                  <persons>
                     <person>
                        <origin>RR</origin>
                        <nobilityFree/>
                        <birthPlace>
                           <municipalityCode>12010</municipalityCode>
                           <countryCode>150</countryCode>
                           <countryFreeText>test</countryFreeText>
                        </birthPlace>
                        <birthDate>
                           <day>11</day>
                           <month>1</month>
                           <year>1980</year>
                        </birthDate>
                        <firstname>Katrien</firstname>
                        <lastname>De Bondt</lastname>
                        <roles>
                           <role>SPOUSE_2</role>
                        </roles>
                        <personNumber>11234</personNumber>
                     </person>
                     <person>
                        <origin>RR</origin>
                        <nobilityFree/>
                        <birthPlace>
                           <municipalityFreeText>Budel</municipalityFreeText>
                           <countryCode>129</countryCode>
                           <countryFreeText>test</countryFreeText>
                        </birthPlace>
                        <birthDate>
                           <day>5</day>
                           <month>7</month>
                           <year>1979</year>
                        </birthDate>
                        <firstname>Bram Tonny Gerda</firstname>
                        <lastname>Van Huffel</lastname>
                        <roles>
                           <role>SPOUSE_1</role>
                        </roles>
                        <personNumber>1125000</personNumber>
                     </person>
                     <person>
                        <origin>RR</origin>
                        <birthPlace>
                           <municipalityCode>12007</municipalityCode>
                           <countryCode>150</countryCode>
                           <countryFreeText>test</countryFreeText>
                        </birthPlace>
                        <birthDate>
                           <day>1</day>
                           <month>4</month>
                           <year>1986</year>
                        </birthDate>
                        <firstname>Mounir</firstname>
                        <lastname>Ouchan</lastname>
                        <roles>
                           <role>ABS</role>
                        </roles>
                        <personNumber>86040128370</personNumber>
                     </person>
                  </persons>
                  <oldDocumentReference>2018/33</oldDocumentReference>
                  <docState>FINAL</docState>
               </document>
            </v1:validateDocument>
         </v1:request>
      </v1:validateDocumentRequest>
   </soapenv:Body>
</soapenv:Envelope>]]></con:request><con:assertion type="SOAP Fault Assertion" id="66aff4c2-cee8-4df1-a214-b8cf29e2aca7" name="Not SOAP Fault"/><con:assertion type="SOAP Response" id="ede9ff2a-cd43-4741-8e7d-dff0273f31a0" name="SOAP Response"/><con:assertion type="Schema Compliance" id="3037f04d-7c15-42e6-8d9f-4830b337129f" name="Schema Compliance"><con:configuration/></con:assertion><con:wsaConfig action="http://fidus.brussels/services/civilstatusdocumentservice/validateDocument"/></con:request></con:config></con:testStep><con:properties/></con:testCase><con:properties/></con:testSuite><con:testSuite id="e5e3579c-ea80-41d0-97ee-38af55aead00" name="STAG"><con:settings/><con:runType>SEQUENTIAL</con:runType><con:testCase id="c00ac250-190b-43c4-bce0-dfba0d40568a" failOnError="true" failTestCaseOnErrors="true" keepSession="false" maxResults="0" name="getCopyConform" searchProperties="true"><con:settings/><con:testStep type="request" id="9171403f-017d-4715-bacd-b14e52bc3a5b" name="testcase4 -Staging - External - Request"><con:settings/><con:config xsi:type="con:RequestStep" xmlns:xsi="http://www.w3.org/2001/XMLSchema-instance"><con:interface>CivilStatusDocumentService_v1.0Soap11Binding</con:interface><con:operation>getCopyConform</con:operation><con:request name="testcase4 -Staging - External - Request" id="7087945e-85c7-4f37-9f75-755c013c677d" outgoingWss="Outflow STAG"><con:settings/><con:encoding>UTF-8</con:encoding><con:endpoint>https://fidus.irisnetlab.be/services/CivilStatusDocumentService_v1.0</con:endpoint><con:request><![CDATA[<soapenv:Envelope xmlns:soapenv="http://schemas.xmlsoap.org/soap/envelope/" xmlns:v1="http://fidus.brussels/service/civilstatusdocumentservice/messages/v1" xmlns:v11="http://fidus.brussels/type/common/messages/v1">
   <soapenv:Header/>
   <soapenv:Body>
      <v1:getCopyConformRequest>
         <v1:messageContext>
           <v11:messageId>${=import static java.util.UUID.randomUUID; uuid = randomUUID() as String}</v11:messageId>
            <v11:timestamp>${=new java.text.SimpleDateFormat("yyyy-MM-dd'T'HH:mm:ss.SSS").format(new Date())}</v11:timestamp>
         </v1:messageContext>
         <v1:legalContext>ServiceIntegrator</v1:legalContext>
         <v1:request>
            <v1:documentReference>20180000299194</v1:documentReference>
		  <v1:language>fr</v1:language>
         </v1:request>
      </v1:getCopyConformRequest>
   </soapenv:Body>
</soapenv:Envelope>]]></con:request><con:assertion type="SOAP Fault Assertion" id="cf79e70e-6406-427a-8b90-3025ed205482" name="Not SOAP Fault"/><con:assertion type="SOAP Response" id="5d43c2df-a9d4-467e-99db-7855460e7247" name="SOAP Response"/><con:assertion type="Schema Compliance" id="dc1b7d24-6ea9-4edf-ad71-5f72bc96b1a1" name="Schema Compliance"><con:configuration/></con:assertion><con:wsaConfig action="http://fidus.brussels/services/civilstatusdocumentservice/getCopyConform"/></con:request></con:config></con:testStep><con:testStep type="request" id="e788acaf-1289-4140-b0f3-098f9484e564" name="testcase4 -Staging - LB - Request"><con:settings/><con:config xsi:type="con:RequestStep" xmlns:xsi="http://www.w3.org/2001/XMLSchema-instance"><con:interface>CivilStatusDocumentService_v1.0Soap11Binding</con:interface><con:operation>getCopyConform</con:operation><con:request name="testcase4 -Staging - LB - Request" id="325c48fe-d32e-40a3-be19-06b64da569ae" outgoingWss="Outflow STAG"><con:settings/><con:encoding>UTF-8</con:encoding><con:endpoint>https://fidus-esb-sg.sta.srv.cirb.lan:8443/services/CivilStatusDocumentService_v1.0</con:endpoint><con:request><![CDATA[<soapenv:Envelope xmlns:soapenv="http://schemas.xmlsoap.org/soap/envelope/" xmlns:v1="http://fidus.brussels/service/civilstatusdocumentservice/messages/v1" xmlns:v11="http://fidus.brussels/type/common/messages/v1">
   <soapenv:Header/>
   <soapenv:Body>
      <v1:getCopyConformRequest>
         <v1:messageContext>
           <v11:messageId>${=import static java.util.UUID.randomUUID; uuid = randomUUID() as String}</v11:messageId>
            <v11:timestamp>${=new java.text.SimpleDateFormat("yyyy-MM-dd'T'HH:mm:ss.SSS").format(new Date())}</v11:timestamp>
         </v1:messageContext>
         <v1:legalContext>ServiceIntegrator</v1:legalContext>
         <v1:request>
            <v1:documentReference>20180000299194</v1:documentReference>
		  <v1:language>fr</v1:language>
         </v1:request>
      </v1:getCopyConformRequest>
   </soapenv:Body>
</soapenv:Envelope>]]></con:request><con:assertion type="SOAP Fault Assertion" id="0b702a02-e5d0-41e8-a18f-32880e5395b7" name="Not SOAP Fault"/><con:assertion type="SOAP Response" id="f962690b-a0c9-49da-9766-447867ef20c6" name="SOAP Response"/><con:assertion type="Schema Compliance" id="6c5547bf-d1b2-4177-9d3d-60e2ce6d6e72" name="Schema Compliance"><con:configuration/></con:assertion><con:wsaConfig action="http://fidus.brussels/services/civilstatusdocumentservice/getCopyConform"/></con:request></con:config></con:testStep><con:testStep type="request" id="923019a9-984a-4da8-b2a1-eb326dd1126a" name="testcase4 -Staging - worker1 - Request"><con:settings/><con:config xsi:type="con:RequestStep" xmlns:xsi="http://www.w3.org/2001/XMLSchema-instance"><con:interface>CivilStatusDocumentService_v1.0Soap11Binding</con:interface><con:operation>getCopyConform</con:operation><con:request name="testcase4 -Staging - worker1 - Request" id="9a446e9f-1318-4b6a-be40-6f8c2a2717b7" outgoingWss="Outflow STAG"><con:settings/><con:encoding>UTF-8</con:encoding><con:endpoint>https://192.168.24.16:8443/services/CivilStatusDocumentService_v1.0</con:endpoint><con:request><![CDATA[<soapenv:Envelope xmlns:soapenv="http://schemas.xmlsoap.org/soap/envelope/" xmlns:v1="http://fidus.brussels/service/civilstatusdocumentservice/messages/v1" xmlns:v11="http://fidus.brussels/type/common/messages/v1">
   <soapenv:Header/>
   <soapenv:Body>
      <v1:getCopyConformRequest>
         <v1:messageContext>
           <v11:messageId>${=import static java.util.UUID.randomUUID; uuid = randomUUID() as String}</v11:messageId>
            <!--Optional:-->
            <v11:timestamp>${=new java.text.SimpleDateFormat("yyyy-MM-dd'T'HH:mm:ss.SSS").format(new Date())}</v11:timestamp>
         </v1:messageContext>
         <v1:legalContext>ServiceIntegrator</v1:legalContext>
         <v1:request>
            <v1:documentReference>20180000299194</v1:documentReference>
            <v1:language>fr</v1:language>
            <!--Optional:-->
            <v1:municipalityCode>01050</v1:municipalityCode>
         </v1:request>
      </v1:getCopyConformRequest>
   </soapenv:Body>
</soapenv:Envelope>]]></con:request><con:assertion type="SOAP Fault Assertion" id="f0b89eb8-8386-4dbe-8844-36e9974be482" name="Not SOAP Fault"/><con:assertion type="SOAP Response" id="8093c0c2-a25b-4203-bca2-63274e96953d" name="SOAP Response"/><con:assertion type="Schema Compliance" id="6b8e0f9d-aa98-4054-b44e-73609726e754" name="Schema Compliance"><con:configuration/></con:assertion><con:wsaConfig action="http://fidus.brussels/services/civilstatusdocumentservice/getCopyConform"/></con:request></con:config></con:testStep><con:testStep type="request" id="8139fe93-7780-4c84-928b-4fda3dea8354" name="testcase4 -Staging - worker2 - Request"><con:settings/><con:config xsi:type="con:RequestStep" xmlns:xsi="http://www.w3.org/2001/XMLSchema-instance"><con:interface>CivilStatusDocumentService_v1.0Soap11Binding</con:interface><con:operation>getCopyConform</con:operation><con:request name="testcase4 -Staging - worker2 - Request" id="3579e0ab-5b88-418d-9857-cd5ca568fcca" outgoingWss="Outflow STAG"><con:settings/><con:encoding>UTF-8</con:encoding><con:endpoint>https://192.168.24.17:8443/services/CivilStatusDocumentService_v1.0</con:endpoint><con:request><![CDATA[<soapenv:Envelope xmlns:soapenv="http://schemas.xmlsoap.org/soap/envelope/" xmlns:v1="http://fidus.brussels/service/civilstatusdocumentservice/messages/v1" xmlns:v11="http://fidus.brussels/type/common/messages/v1">
   <soapenv:Header/>
   <soapenv:Body>
      <v1:getCopyConformRequest>
         <v1:messageContext>
           <v11:messageId>${=import static java.util.UUID.randomUUID; uuid = randomUUID() as String}</v11:messageId>
            <!--Optional:-->
            <v11:timestamp>${=new java.text.SimpleDateFormat("yyyy-MM-dd'T'HH:mm:ss.SSS").format(new Date())}</v11:timestamp>
         </v1:messageContext>
         <v1:legalContext>ServiceIntegrator</v1:legalContext>
         <v1:request>
            <v1:documentReference>20180000299194</v1:documentReference>
            <v1:language>fr</v1:language>
            <!--Optional:-->
         </v1:request>
      </v1:getCopyConformRequest>
   </soapenv:Body>
</soapenv:Envelope>]]></con:request><con:assertion type="SOAP Fault Assertion" id="8b74f451-eb30-4121-a11c-9762d032a939" name="Not SOAP Fault"/><con:assertion type="SOAP Response" id="7468f897-5c7a-41f5-a026-b4a24e53fe3e" name="SOAP Response"/><con:assertion type="Schema Compliance" id="4461b223-d459-4943-8f2c-fdafab4b50d6" name="Schema Compliance"><con:configuration/></con:assertion><con:wsaConfig action="http://fidus.brussels/services/civilstatusdocumentservice/getCopyConform"/></con:request></con:config></con:testStep><con:properties/></con:testCase><con:testCase id="c20bf324-b70c-45b8-8d09-8dd92ddcdad0" failOnError="true" failTestCaseOnErrors="true" keepSession="false" maxResults="0" name="getCopyConformAsPdf" searchProperties="true"><con:settings/><con:testStep type="request" id="ed04d8ec-bcff-4635-aacb-29aab2b9ad67" name="testcase4 - Staging - Worker2 - Request"><con:settings/><con:config xsi:type="con:RequestStep" xmlns:xsi="http://www.w3.org/2001/XMLSchema-instance"><con:interface>CivilStatusDocumentService_v1.0Soap11Binding</con:interface><con:operation>getCopyConformAsPdf</con:operation><con:request name="testcase4 - Staging - Worker2 - Request" id="76157812-1b06-4ae9-8ce5-e45e07fcf32c" outgoingWss="Outflow STAG"><con:settings/><con:encoding>UTF-8</con:encoding><con:endpoint>https://192.168.24.64:8443/services/CivilStatusDocumentService_v1.0</con:endpoint><con:request><![CDATA[<soapenv:Envelope xmlns:soapenv="http://schemas.xmlsoap.org/soap/envelope/" xmlns:v1="http://fidus.brussels/service/civilstatusdocumentservice/messages/v1" xmlns:v11="http://fidus.brussels/type/common/messages/v1">
   <soapenv:Header/>
   <soapenv:Body>
      <v1:getCopyConformAsPdfRequest>
         <v1:messageContext>
           <v11:messageId>${=import static java.util.UUID.randomUUID; uuid = randomUUID() as String}</v11:messageId>
            <v11:timestamp>${=new java.text.SimpleDateFormat("yyyy-MM-dd'T'HH:mm:ss.SSS").format(new Date())}</v11:timestamp>
         </v1:messageContext>
         <v1:legalContext>ServiceIntegrator</v1:legalContext>
         <v1:request>
            <v1:documentReference>20180000299194</v1:documentReference>
         	  <v1:language>fr</v1:language>
         </v1:request>
      </v1:getCopyConformAsPdfRequest>
   </soapenv:Body>
</soapenv:Envelope>]]></con:request><con:assertion type="SOAP Fault Assertion" id="87ac2701-77b7-4287-9346-d108f3f045e0" name="Not SOAP Fault"/><con:assertion type="SOAP Response" id="e803603f-2753-407c-a59c-0483e37452db" name="SOAP Response"/><con:assertion type="Schema Compliance" id="fc55a87b-5c85-4535-97c1-700176ca0297" name="Schema Compliance"><con:configuration/></con:assertion><con:wsaConfig action="http://fidus.brussels/services/civilstatusdocumentservice/getCopyConformAsPdf"/></con:request></con:config></con:testStep><con:testStep type="request" id="5b85b363-d5e1-4f8c-83fe-22262298e3df" name="testcase4 - Staging - Worker1 - Request"><con:settings/><con:config xsi:type="con:RequestStep" xmlns:xsi="http://www.w3.org/2001/XMLSchema-instance"><con:interface>CivilStatusDocumentService_v1.0Soap11Binding</con:interface><con:operation>getCopyConformAsPdf</con:operation><con:request name="testcase4 - Staging - Worker1 - Request" id="f0f1e0d8-6e46-4c7b-9852-d676fcf0f289" outgoingWss="Outflow STAG"><con:settings/><con:encoding>UTF-8</con:encoding><con:endpoint>https://192.168.24.57:8443/services/CivilStatusDocumentService_v1.0</con:endpoint><con:request><![CDATA[<soapenv:Envelope xmlns:soapenv="http://schemas.xmlsoap.org/soap/envelope/" xmlns:v1="http://fidus.brussels/service/civilstatusdocumentservice/messages/v1" xmlns:v11="http://fidus.brussels/type/common/messages/v1">
   <soapenv:Header/>
   <soapenv:Body>
      <v1:getCopyConformAsPdfRequest>
         <v1:messageContext>
           <v11:messageId>${=import static java.util.UUID.randomUUID; uuid = randomUUID() as String}</v11:messageId>
            <v11:timestamp>${=new java.text.SimpleDateFormat("yyyy-MM-dd'T'HH:mm:ss.SSS").format(new Date())}</v11:timestamp>
         </v1:messageContext>
         <v1:legalContext>ServiceIntegrator</v1:legalContext>
         <v1:request>
            <v1:documentReference>20180000299194</v1:documentReference>
         	  <v1:language>fr</v1:language>
         </v1:request>
      </v1:getCopyConformAsPdfRequest>
   </soapenv:Body>
</soapenv:Envelope>]]></con:request><con:assertion type="SOAP Fault Assertion" id="b3946c44-2ef1-4b52-be16-dcc3447bb3cd" name="Not SOAP Fault"/><con:assertion type="SOAP Response" id="7c6e4294-6a9b-47a5-94cf-50ec46fd1d6a" name="SOAP Response"/><con:assertion type="Schema Compliance" id="206a7322-bbeb-4be6-98a2-c7db656f7d49" name="Schema Compliance"><con:configuration/></con:assertion><con:wsaConfig action="http://fidus.brussels/services/civilstatusdocumentservice/getCopyConformAsPdf"/></con:request></con:config></con:testStep><con:testStep type="request" id="d85ce0ac-883e-4b1c-b5be-40c0b3799c83" name="testcase4 - Staging - External - Request"><con:settings/><con:config xsi:type="con:RequestStep" xmlns:xsi="http://www.w3.org/2001/XMLSchema-instance"><con:interface>CivilStatusDocumentService_v1.0Soap11Binding</con:interface><con:operation>getCopyConformAsPdf</con:operation><con:request name="testcase4 - Staging - External - Request" id="2ef50af5-a37d-45a0-9711-d4ea7d232958" outgoingWss="Outflow STAG"><con:settings/><con:encoding>UTF-8</con:encoding><con:endpoint>https://fidus.irisnetlab.be/services/CivilStatusDocumentService_v1.0</con:endpoint><con:request><![CDATA[<soapenv:Envelope xmlns:soapenv="http://schemas.xmlsoap.org/soap/envelope/" xmlns:v1="http://fidus.brussels/service/civilstatusdocumentservice/messages/v1" xmlns:v11="http://fidus.brussels/type/common/messages/v1">
   <soapenv:Header/>
   <soapenv:Body>
      <v1:getCopyConformAsPdfRequest>
         <v1:messageContext>
           <v11:messageId>${=import static java.util.UUID.randomUUID; uuid = randomUUID() as String}</v11:messageId>
            <v11:timestamp>${=new java.text.SimpleDateFormat("yyyy-MM-dd'T'HH:mm:ss.SSS").format(new Date())}</v11:timestamp>
         </v1:messageContext>
         <v1:legalContext>ServiceIntegrator</v1:legalContext>
         <v1:request>
            <v1:documentReference>20180000299194</v1:documentReference>
         	  <v1:language>fr</v1:language>
         </v1:request>
      </v1:getCopyConformAsPdfRequest>
   </soapenv:Body>
</soapenv:Envelope>]]></con:request><con:assertion type="SOAP Fault Assertion" id="4c5d87c1-6c2c-4307-91ba-02f9bf70fc7c" name="Not SOAP Fault"/><con:assertion type="SOAP Response" id="ce80374a-2502-4f3d-a8d6-51dc48e58e91" name="SOAP Response"/><con:assertion type="Schema Compliance" id="79e86149-2680-412f-8773-1fb17a9a47bd" name="Schema Compliance"><con:configuration/></con:assertion><con:wsaConfig action="http://fidus.brussels/services/civilstatusdocumentservice/getCopyConformAsPdf"/></con:request></con:config></con:testStep><con:testStep type="request" id="294cf4ab-189b-4a70-a49e-51392a5df601" name="testcase4 - Staging - LB - Request"><con:settings/><con:config xsi:type="con:RequestStep" xmlns:xsi="http://www.w3.org/2001/XMLSchema-instance"><con:interface>CivilStatusDocumentService_v1.0Soap11Binding</con:interface><con:operation>getCopyConformAsPdf</con:operation><con:request name="testcase4 - Staging - LB - Request" id="d5b86a1c-1b6f-4605-ae58-79c7ee816eac" outgoingWss="Outflow STAG"><con:settings/><con:encoding>UTF-8</con:encoding><con:endpoint>https://fidus-esb-sg.sta.srv.cirb.lan:8443/services/CivilStatusDocumentService_v1.0</con:endpoint><con:request><![CDATA[<soapenv:Envelope xmlns:soapenv="http://schemas.xmlsoap.org/soap/envelope/" xmlns:v1="http://fidus.brussels/service/civilstatusdocumentservice/messages/v1" xmlns:v11="http://fidus.brussels/type/common/messages/v1">
   <soapenv:Header/>
   <soapenv:Body>
      <v1:getCopyConformAsPdfRequest>
         <v1:messageContext>
           <v11:messageId>${=import static java.util.UUID.randomUUID; uuid = randomUUID() as String}</v11:messageId>
            <v11:timestamp>${=new java.text.SimpleDateFormat("yyyy-MM-dd'T'HH:mm:ss.SSS").format(new Date())}</v11:timestamp>
         </v1:messageContext>
         <v1:legalContext>ServiceIntegrator</v1:legalContext>
         <v1:request>
            <v1:documentReference>20180000299194</v1:documentReference>
         	  <v1:language>fr</v1:language>
         </v1:request>
      </v1:getCopyConformAsPdfRequest>
   </soapenv:Body>
</soapenv:Envelope>]]></con:request><con:assertion type="SOAP Fault Assertion" id="cef4761f-e635-4e87-8648-1b40d925c6f4" name="Not SOAP Fault"/><con:assertion type="SOAP Response" id="08d0e1c7-aa82-41ac-b50c-4fa917a40d0f" name="SOAP Response"/><con:assertion type="Schema Compliance" id="93b6180b-4a05-44ca-990a-a86acaab7be9" name="Schema Compliance"><con:configuration/></con:assertion><con:wsaConfig action="http://fidus.brussels/services/civilstatusdocumentservice/getCopyConformAsPdf"/></con:request></con:config></con:testStep><con:properties/></con:testCase><con:testCase id="853bb700-438c-43ee-b78e-6ac858b046bc" failOnError="true" failTestCaseOnErrors="true" keepSession="false" maxResults="0" name="getDocument" searchProperties="true"><con:settings/><con:testStep type="request" id="f7d2f7ab-a843-4c40-821f-7ea9b37c24b6" name="testcase4 - Staging - External - Request"><con:settings/><con:config xsi:type="con:RequestStep" xmlns:xsi="http://www.w3.org/2001/XMLSchema-instance"><con:interface>CivilStatusDocumentService_v1.0Soap11Binding</con:interface><con:operation>getDocument</con:operation><con:request name="testcase4 - Staging - External - Request" id="60936627-07c7-4c45-9216-f1d91df92a59" outgoingWss="Outflow STAG"><con:settings/><con:encoding>UTF-8</con:encoding><con:endpoint>https://fidus.irisnetlab.be/services/CivilStatusDocumentService_v1.0</con:endpoint><con:request><![CDATA[<soapenv:Envelope xmlns:soapenv="http://schemas.xmlsoap.org/soap/envelope/" xmlns:v1="http://fidus.brussels/service/civilstatusdocumentservice/messages/v1" xmlns:v11="http://fidus.brussels/type/common/messages/v1">
   <soapenv:Header/>
   <soapenv:Body>
      <v1:getDocumentRequest>
         <v1:messageContext>
           <v11:messageId>${=import static java.util.UUID.randomUUID; uuid = randomUUID() as String}</v11:messageId>
            <v11:timestamp>${=new java.text.SimpleDateFormat("yyyy-MM-dd'T'HH:mm:ss.SSS").format(new Date())}</v11:timestamp>
         </v1:messageContext>
         <v1:legalContext>ServiceIntegrator</v1:legalContext>
         <v1:request>
            <v1:documentReference>20180000299194</v1:documentReference>
            <v1:language>fr</v1:language>
         </v1:request>
      </v1:getDocumentRequest>
   </soapenv:Body>
</soapenv:Envelope>]]></con:request><con:assertion type="SOAP Fault Assertion" id="56bc3c2b-7df2-4979-ba60-e0f428655b97" name="Not SOAP Fault"/><con:assertion type="SOAP Response" id="b51ae9d1-e1ba-428f-9985-4a72e6d5661e" name="SOAP Response"/><con:assertion type="Schema Compliance" id="01f2778f-4740-414c-84b7-ab9d29664472" name="Schema Compliance"><con:configuration/></con:assertion><con:wsaConfig action="http://fidus.brussels/services/civilstatusdocumentservice/getDocument"/></con:request></con:config></con:testStep><con:testStep type="request" id="b1e43c68-1073-40e6-8ddd-25223a52afbc" name="testcase4 - Staging - LB - Request"><con:settings/><con:config xsi:type="con:RequestStep" xmlns:xsi="http://www.w3.org/2001/XMLSchema-instance"><con:interface>CivilStatusDocumentService_v1.0Soap11Binding</con:interface><con:operation>getDocument</con:operation><con:request name="testcase4 - Staging - LB - Request" id="efa22400-d92b-49ff-a9f9-d31acaac724f" outgoingWss="Outflow STAG"><con:settings/><con:encoding>UTF-8</con:encoding><con:endpoint>https://fidus-esb-sg.sta.srv.cirb.lan:8443/services/CivilStatusDocumentService_v1.0</con:endpoint><con:request><![CDATA[<soapenv:Envelope xmlns:soapenv="http://schemas.xmlsoap.org/soap/envelope/" xmlns:v1="http://fidus.brussels/service/civilstatusdocumentservice/messages/v1" xmlns:v11="http://fidus.brussels/type/common/messages/v1">
   <soapenv:Header/>
   <soapenv:Body>
      <v1:getDocumentRequest>
         <v1:messageContext>
           <v11:messageId>${=import static java.util.UUID.randomUUID; uuid = randomUUID() as String}</v11:messageId>
            <v11:timestamp>${=new java.text.SimpleDateFormat("yyyy-MM-dd'T'HH:mm:ss.SSS").format(new Date())}</v11:timestamp>
         </v1:messageContext>
         <v1:legalContext>ServiceIntegrator</v1:legalContext>
         <v1:request>
            <v1:documentReference>20180000299194</v1:documentReference>
            <v1:language>fr</v1:language>
         </v1:request>
      </v1:getDocumentRequest>
   </soapenv:Body>
</soapenv:Envelope>]]></con:request><con:assertion type="SOAP Fault Assertion" id="97d30a2a-5b79-4dae-b12d-dd5f79f9058b" name="Not SOAP Fault"/><con:assertion type="SOAP Response" id="7428b2a9-dc85-4310-a589-a7b4f069ce67" name="SOAP Response"/><con:assertion type="Schema Compliance" id="62db880c-361b-4aa2-b96a-706887ed81b1" name="Schema Compliance"><con:configuration/></con:assertion><con:wsaConfig action="http://fidus.brussels/services/civilstatusdocumentservice/getDocument"/></con:request></con:config></con:testStep><con:testStep type="request" id="621e8c28-8375-4aaa-97da-c5298ca2ed40" name="testcase4 - Staging - Worker1 - Request"><con:settings/><con:config xsi:type="con:RequestStep" xmlns:xsi="http://www.w3.org/2001/XMLSchema-instance"><con:interface>CivilStatusDocumentService_v1.0Soap11Binding</con:interface><con:operation>getDocument</con:operation><con:request name="testcase4 - Staging - Worker1 - Request" id="1070f849-507f-4797-8c35-7f1f828acb2c" outgoingWss="Outflow STAG"><con:settings/><con:encoding>UTF-8</con:encoding><con:endpoint>https://192.168.24.57:8443/services/CivilStatusDocumentService_v1.0</con:endpoint><con:request><![CDATA[<soapenv:Envelope xmlns:soapenv="http://schemas.xmlsoap.org/soap/envelope/" xmlns:v1="http://fidus.brussels/service/civilstatusdocumentservice/messages/v1" xmlns:v11="http://fidus.brussels/type/common/messages/v1">
   <soapenv:Header/>
   <soapenv:Body>
      <v1:getDocumentRequest>
         <v1:messageContext>
           <v11:messageId>${=import static java.util.UUID.randomUUID; uuid = randomUUID() as String}</v11:messageId>
            <v11:timestamp>${=new java.text.SimpleDateFormat("yyyy-MM-dd'T'HH:mm:ss.SSS").format(new Date())}</v11:timestamp>
         </v1:messageContext>
         <v1:legalContext>ServiceIntegrator</v1:legalContext>
         <v1:request>
            <v1:documentReference>20180000299194</v1:documentReference>
            <v1:language>fr</v1:language>
         </v1:request>
      </v1:getDocumentRequest>
   </soapenv:Body>
</soapenv:Envelope>]]></con:request><con:assertion type="SOAP Fault Assertion" id="3b6fb554-c398-48d7-8fd0-436b31a0edd0" name="Not SOAP Fault"/><con:assertion type="SOAP Response" id="fedd37c9-ec6b-4d08-b510-af5a3e6eb3f4" name="SOAP Response"/><con:assertion type="Schema Compliance" id="6897be66-985b-437a-8bc7-312c03db753a" name="Schema Compliance"><con:configuration/></con:assertion><con:wsaConfig action="http://fidus.brussels/services/civilstatusdocumentservice/getDocument"/></con:request></con:config></con:testStep><con:testStep type="request" id="5b36fa06-4f58-4296-b7b4-e3873327e49f" name="testcase4 - Staging - Worker2 - Request"><con:settings/><con:config xsi:type="con:RequestStep" xmlns:xsi="http://www.w3.org/2001/XMLSchema-instance"><con:interface>CivilStatusDocumentService_v1.0Soap11Binding</con:interface><con:operation>getDocument</con:operation><con:request name="testcase4 - Staging - Worker2 - Request" id="d9730afd-51cd-4fd9-8fa3-a689740da6b5" outgoingWss="Outflow STAG"><con:settings/><con:encoding>UTF-8</con:encoding><con:endpoint>https://192.168.24.64:8443/services/CivilStatusDocumentService_v1.0</con:endpoint><con:request><![CDATA[<soapenv:Envelope xmlns:soapenv="http://schemas.xmlsoap.org/soap/envelope/" xmlns:v1="http://fidus.brussels/service/civilstatusdocumentservice/messages/v1" xmlns:v11="http://fidus.brussels/type/common/messages/v1">
   <soapenv:Header/>
   <soapenv:Body>
      <v1:getDocumentRequest>
         <v1:messageContext>
           <v11:messageId>${=import static java.util.UUID.randomUUID; uuid = randomUUID() as String}</v11:messageId>
            <v11:timestamp>${=new java.text.SimpleDateFormat("yyyy-MM-dd'T'HH:mm:ss.SSS").format(new Date())}</v11:timestamp>
         </v1:messageContext>
         <v1:legalContext>ServiceIntegrator</v1:legalContext>
         <v1:request>
            <v1:documentReference>20180000299194</v1:documentReference>
            <v1:language>fr</v1:language>
         </v1:request>
      </v1:getDocumentRequest>
   </soapenv:Body>
</soapenv:Envelope>]]></con:request><con:assertion type="SOAP Fault Assertion" id="524b1cd8-7034-4d42-885e-0e93067a71bb" name="Not SOAP Fault"/><con:assertion type="SOAP Response" id="52b77899-6617-4b64-8f97-e1b59c0ef5b8" name="SOAP Response"/><con:assertion type="Schema Compliance" id="8bb2b79e-8bc2-4f6c-a8db-97c06f1067ab" name="Schema Compliance"><con:configuration/></con:assertion><con:wsaConfig action="http://fidus.brussels/services/civilstatusdocumentservice/getDocument"/></con:request></con:config></con:testStep><con:properties/></con:testCase><con:testCase id="fe9d1a97-aae3-4af0-8264-13f9f3cd484c" failOnError="true" failTestCaseOnErrors="true" keepSession="false" maxResults="0" name="getExtract" searchProperties="true"><con:settings/><con:testStep type="request" id="bf91b870-a66b-4c27-9554-713b3de74dab" name="testcase4 - Staging - External - Request"><con:settings/><con:config xsi:type="con:RequestStep" xmlns:xsi="http://www.w3.org/2001/XMLSchema-instance"><con:interface>CivilStatusDocumentService_v1.0Soap11Binding</con:interface><con:operation>getExtract</con:operation><con:request name="testcase4 - Staging - External - Request" id="1eaf1faf-e137-4888-9755-17d4c09c5ed1" outgoingWss="Outflow STAG"><con:settings/><con:encoding>UTF-8</con:encoding><con:endpoint>https://fidus.irisnetlab.be/services/CivilStatusDocumentService_v1.0</con:endpoint><con:request><![CDATA[<soapenv:Envelope xmlns:soapenv="http://schemas.xmlsoap.org/soap/envelope/" xmlns:v1="http://fidus.brussels/service/civilstatusdocumentservice/messages/v1" xmlns:v11="http://fidus.brussels/type/common/messages/v1">
   <soapenv:Header/>
   <soapenv:Body>
      <v1:getExtractRequest>
         <v1:messageContext>
           <v11:messageId>${=import static java.util.UUID.randomUUID; uuid = randomUUID() as String}</v11:messageId>
            <v11:timestamp>${=new java.text.SimpleDateFormat("yyyy-MM-dd'T'HH:mm:ss.SSS").format(new Date())}</v11:timestamp>
         </v1:messageContext>
         <v1:legalContext>ServiceIntegrator</v1:legalContext>
         <v1:request>
            <v1:documentReference>201800002991940</v1:documentReference>
            <v1:language>nl</v1:language>
         </v1:request>
      </v1:getExtractRequest>
   </soapenv:Body>
</soapenv:Envelope>]]></con:request><con:assertion type="SOAP Fault Assertion" id="d4c50fa5-b0a0-4189-a4ef-5e68bd576d18" name="Not SOAP Fault"/><con:assertion type="SOAP Response" id="9c06a609-1b10-4a9d-9374-9c070fc29a52" name="SOAP Response"/><con:assertion type="Schema Compliance" id="145d869e-46e0-4508-bec4-66837d0bd48b" name="Schema Compliance"><con:configuration/></con:assertion><con:wsaConfig action="http://fidus.brussels/services/civilstatusdocumentservice/getExtract"/></con:request></con:config></con:testStep><con:testStep type="request" id="e9cf4931-2de4-40b5-a6ec-abc2ca6548f8" name="testcase4 - Staging - LB - Request"><con:settings/><con:config xsi:type="con:RequestStep" xmlns:xsi="http://www.w3.org/2001/XMLSchema-instance"><con:interface>CivilStatusDocumentService_v1.0Soap11Binding</con:interface><con:operation>getExtract</con:operation><con:request name="testcase4 - Staging - LB - Request" id="f6823d5d-b46a-49c3-bb56-f8bccc4556fa" outgoingWss="Outflow STAG"><con:settings/><con:encoding>UTF-8</con:encoding><con:endpoint>https://fidus-esb-sg.sta.srv.cirb.lan:8443/services/CivilStatusDocumentService_v1.0</con:endpoint><con:request><![CDATA[<soapenv:Envelope xmlns:soapenv="http://schemas.xmlsoap.org/soap/envelope/" xmlns:v1="http://fidus.brussels/service/civilstatusdocumentservice/messages/v1" xmlns:v11="http://fidus.brussels/type/common/messages/v1">
   <soapenv:Header/>
   <soapenv:Body>
      <v1:getExtractRequest>
         <v1:messageContext>
           <v11:messageId>${=import static java.util.UUID.randomUUID; uuid = randomUUID() as String}</v11:messageId>
            <v11:timestamp>${=new java.text.SimpleDateFormat("yyyy-MM-dd'T'HH:mm:ss.SSS").format(new Date())}</v11:timestamp>
         </v1:messageContext>
         <v1:legalContext>ServiceIntegrator</v1:legalContext>
         <v1:request>
            <v1:documentReference>201800002991940</v1:documentReference>
            <v1:language>nl</v1:language>
         </v1:request>
      </v1:getExtractRequest>
   </soapenv:Body>
</soapenv:Envelope>]]></con:request><con:assertion type="SOAP Fault Assertion" id="f4cf407b-ba70-41be-aabb-6a0d58d90dc4" name="Not SOAP Fault"/><con:assertion type="SOAP Response" id="e5693f61-79f1-48b4-bbc4-55c0cd0c0d26" name="SOAP Response"/><con:assertion type="Schema Compliance" id="25451481-93a9-4809-bba9-76ae38e1bc6d" name="Schema Compliance"><con:configuration/></con:assertion><con:wsaConfig action="http://fidus.brussels/services/civilstatusdocumentservice/getExtract"/></con:request></con:config></con:testStep><con:testStep type="request" id="385d6e43-1ba0-4df7-82a9-653e77c5768b" name="testcase4 - Staging - Worker1 - Request"><con:settings/><con:config xsi:type="con:RequestStep" xmlns:xsi="http://www.w3.org/2001/XMLSchema-instance"><con:interface>CivilStatusDocumentService_v1.0Soap11Binding</con:interface><con:operation>getExtract</con:operation><con:request name="testcase4 - Staging - Worker1 - Request" id="c1edac9d-e466-48e2-a886-6b06b71263e0" outgoingWss="Outflow STAG"><con:settings/><con:encoding>UTF-8</con:encoding><con:endpoint>https://192.168.24.57:8443/services/CivilStatusDocumentService_v1.0</con:endpoint><con:request><![CDATA[<soapenv:Envelope xmlns:soapenv="http://schemas.xmlsoap.org/soap/envelope/" xmlns:v1="http://fidus.brussels/service/civilstatusdocumentservice/messages/v1" xmlns:v11="http://fidus.brussels/type/common/messages/v1">
   <soapenv:Header/>
   <soapenv:Body>
      <v1:getExtractRequest>
         <v1:messageContext>
           <v11:messageId>${=import static java.util.UUID.randomUUID; uuid = randomUUID() as String}</v11:messageId>
            <v11:timestamp>${=new java.text.SimpleDateFormat("yyyy-MM-dd'T'HH:mm:ss.SSS").format(new Date())}</v11:timestamp>
         </v1:messageContext>
         <v1:legalContext>ServiceIntegrator</v1:legalContext>
         <v1:request>
            <v1:documentReference>201800002991940</v1:documentReference>
            <v1:language>nl</v1:language>
         </v1:request>
      </v1:getExtractRequest>
   </soapenv:Body>
</soapenv:Envelope>]]></con:request><con:assertion type="SOAP Fault Assertion" id="a46ef1ed-b741-4ff0-8cbe-d14774b2e07d" name="Not SOAP Fault"/><con:assertion type="SOAP Response" id="20250ae2-04a5-418e-bbee-9de2794c0dc6" name="SOAP Response"/><con:assertion type="Schema Compliance" id="3441180e-14f1-49a8-9def-23d330ff4228" name="Schema Compliance"><con:configuration/></con:assertion><con:wsaConfig action="http://fidus.brussels/services/civilstatusdocumentservice/getExtract"/></con:request></con:config></con:testStep><con:testStep type="request" id="72ce9d9f-3ce6-4acf-be85-68ac48f5a49a" name="testcase4 - Staging - Worker2 - Request"><con:settings/><con:config xsi:type="con:RequestStep" xmlns:xsi="http://www.w3.org/2001/XMLSchema-instance"><con:interface>CivilStatusDocumentService_v1.0Soap11Binding</con:interface><con:operation>getExtract</con:operation><con:request name="testcase4 - Staging - Worker2 - Request" id="5a9750a3-dc4a-4f4e-ac7a-48d388688237" outgoingWss="Outflow STAG"><con:settings/><con:encoding>UTF-8</con:encoding><con:endpoint>https://192.168.24.64:8443/services/CivilStatusDocumentService_v1.0</con:endpoint><con:request><![CDATA[<soapenv:Envelope xmlns:soapenv="http://schemas.xmlsoap.org/soap/envelope/" xmlns:v1="http://fidus.brussels/service/civilstatusdocumentservice/messages/v1" xmlns:v11="http://fidus.brussels/type/common/messages/v1">
   <soapenv:Header/>
   <soapenv:Body>
      <v1:getExtractRequest>
         <v1:messageContext>
           <v11:messageId>${=import static java.util.UUID.randomUUID; uuid = randomUUID() as String}</v11:messageId>
            <v11:timestamp>${=new java.text.SimpleDateFormat("yyyy-MM-dd'T'HH:mm:ss.SSS").format(new Date())}</v11:timestamp>
         </v1:messageContext>
         <v1:legalContext>ServiceIntegrator</v1:legalContext>
         <v1:request>
            <v1:documentReference>201800002991940</v1:documentReference>
            <v1:language>nl</v1:language>
         </v1:request>
      </v1:getExtractRequest>
   </soapenv:Body>
</soapenv:Envelope>]]></con:request><con:assertion type="SOAP Fault Assertion" id="d5bfcd43-fd53-49f6-8298-d658960d07f3" name="Not SOAP Fault"/><con:assertion type="SOAP Response" id="a3b5d005-ad2d-49b1-ab19-d3cde98c5885" name="SOAP Response"/><con:assertion type="Schema Compliance" id="ae972c38-9eaa-4830-b1fe-60da9f08ddce" name="Schema Compliance"><con:configuration/></con:assertion><con:wsaConfig action="http://fidus.brussels/services/civilstatusdocumentservice/getExtract"/></con:request></con:config></con:testStep><con:properties/></con:testCase><con:testCase id="f33875c4-27ba-424b-9ef6-8015bf8a2142" failOnError="true" failTestCaseOnErrors="true" keepSession="false" maxResults="0" name="getExtractAsPdf" searchProperties="true"><con:settings/><con:testStep type="request" id="c892fd33-8ec2-49a6-9da2-a762ed190cf3" name="testcase4 - Staging - External - Request"><con:settings/><con:config xsi:type="con:RequestStep" xmlns:xsi="http://www.w3.org/2001/XMLSchema-instance"><con:interface>CivilStatusDocumentService_v1.0Soap11Binding</con:interface><con:operation>getExtractAsPdf</con:operation><con:request name="testcase4 - Staging - External - Request" id="d2562782-cb92-44a5-a283-361d4611de70" outgoingWss="Outflow STAG"><con:settings/><con:encoding>UTF-8</con:encoding><con:endpoint>https://fidus.irisnetlab.be/services/CivilStatusDocumentService_v1.0</con:endpoint><con:request><![CDATA[<soapenv:Envelope xmlns:soapenv="http://schemas.xmlsoap.org/soap/envelope/" xmlns:v1="http://fidus.brussels/service/civilstatusdocumentservice/messages/v1" xmlns:v11="http://fidus.brussels/type/common/messages/v1">
   <soapenv:Header/>
   <soapenv:Body>
      <v1:getExtractAsPdfRequest>
         <v1:messageContext>
           <v11:messageId>${=import static java.util.UUID.randomUUID; uuid = randomUUID() as String}</v11:messageId>
            <v11:timestamp>${=new java.text.SimpleDateFormat("yyyy-MM-dd'T'HH:mm:ss.SSS").format(new Date())}</v11:timestamp>
         </v1:messageContext>
         <v1:legalContext>ServiceIntegrator</v1:legalContext>
         <v1:request>
            <v1:documentReference>201800002991940</v1:documentReference>
            <v1:language>fr</v1:language>
         </v1:request>
      </v1:getExtractAsPdfRequest>
   </soapenv:Body>
</soapenv:Envelope>]]></con:request><con:assertion type="SOAP Fault Assertion" id="84a080a0-bb34-4876-856e-f49eb6dddb28" name="Not SOAP Fault"/><con:assertion type="SOAP Response" id="254aaeac-727a-4570-88b7-5c6367804228" name="SOAP Response"/><con:assertion type="Schema Compliance" id="f0ab2772-c729-472b-a2f5-fcfcdd790f34" name="Schema Compliance"><con:configuration/></con:assertion><con:wsaConfig action="http://fidus.brussels/services/civilstatusdocumentservice/getExtractAsPdf"/></con:request></con:config></con:testStep><con:testStep type="request" id="4c2ab488-1b9a-4230-a9a1-53af52b41812" name="testcase4 - Staging - LB - Request"><con:settings/><con:config xsi:type="con:RequestStep" xmlns:xsi="http://www.w3.org/2001/XMLSchema-instance"><con:interface>CivilStatusDocumentService_v1.0Soap11Binding</con:interface><con:operation>getExtractAsPdf</con:operation><con:request name="testcase4 - Staging - LB - Request" id="9fe0df32-4b26-43c9-885d-d5305e5b1260" outgoingWss="Outflow STAG"><con:settings/><con:encoding>UTF-8</con:encoding><con:endpoint>https://fidus-esb-sg.sta.srv.cirb.lan:8443/services/CivilStatusDocumentService_v1.0</con:endpoint><con:request><![CDATA[<soapenv:Envelope xmlns:soapenv="http://schemas.xmlsoap.org/soap/envelope/" xmlns:v1="http://fidus.brussels/service/civilstatusdocumentservice/messages/v1" xmlns:v11="http://fidus.brussels/type/common/messages/v1">
   <soapenv:Header/>
   <soapenv:Body>
      <v1:getExtractAsPdfRequest>
         <v1:messageContext>
           <v11:messageId>${=import static java.util.UUID.randomUUID; uuid = randomUUID() as String}</v11:messageId>
            <v11:timestamp>${=new java.text.SimpleDateFormat("yyyy-MM-dd'T'HH:mm:ss.SSS").format(new Date())}</v11:timestamp>
         </v1:messageContext>
         <v1:legalContext>ServiceIntegrator</v1:legalContext>
         <v1:request>
            <v1:documentReference>201800002991940</v1:documentReference>
            <v1:language>fr</v1:language>
         </v1:request>
      </v1:getExtractAsPdfRequest>
   </soapenv:Body>
</soapenv:Envelope>]]></con:request><con:assertion type="SOAP Fault Assertion" id="be43d58a-d854-4423-a16e-a35e809314f3" name="Not SOAP Fault"/><con:assertion type="SOAP Response" id="a73dd4fb-25b1-4228-b379-bce06ff6422b" name="SOAP Response"/><con:assertion type="Schema Compliance" id="3dab8468-a2da-442f-9449-8721114405bd" name="Schema Compliance"><con:configuration/></con:assertion><con:wsaConfig action="http://fidus.brussels/services/civilstatusdocumentservice/getExtractAsPdf"/></con:request></con:config></con:testStep><con:testStep type="request" id="b3614335-139b-4b2b-b816-3682c2b4601c" name="testcase4 - Staging - Worker1 - Request"><con:settings/><con:config xsi:type="con:RequestStep" xmlns:xsi="http://www.w3.org/2001/XMLSchema-instance"><con:interface>CivilStatusDocumentService_v1.0Soap11Binding</con:interface><con:operation>getExtractAsPdf</con:operation><con:request name="testcase4 - Staging - Worker1 - Request" id="455cd0a4-b6c4-48ed-984e-4b4faed424bc" outgoingWss="Outflow STAG"><con:settings/><con:encoding>UTF-8</con:encoding><con:endpoint>https://192.168.24.57:8443/services/CivilStatusDocumentService_v1.0</con:endpoint><con:request><![CDATA[<soapenv:Envelope xmlns:soapenv="http://schemas.xmlsoap.org/soap/envelope/" xmlns:v1="http://fidus.brussels/service/civilstatusdocumentservice/messages/v1" xmlns:v11="http://fidus.brussels/type/common/messages/v1">
   <soapenv:Header/>
   <soapenv:Body>
      <v1:getExtractAsPdfRequest>
         <v1:messageContext>
           <v11:messageId>${=import static java.util.UUID.randomUUID; uuid = randomUUID() as String}</v11:messageId>
            <v11:timestamp>${=new java.text.SimpleDateFormat("yyyy-MM-dd'T'HH:mm:ss.SSS").format(new Date())}</v11:timestamp>
         </v1:messageContext>
         <v1:legalContext>ServiceIntegrator</v1:legalContext>
         <v1:request>
            <v1:documentReference>201800002991940</v1:documentReference>
            <v1:language>fr</v1:language>
         </v1:request>
      </v1:getExtractAsPdfRequest>
   </soapenv:Body>
</soapenv:Envelope>]]></con:request><con:assertion type="SOAP Fault Assertion" id="546a68e3-4b4f-440b-87a6-2f7b7b7212bf" name="Not SOAP Fault"/><con:assertion type="SOAP Response" id="8e2a5c3a-6287-47ab-9b19-5972d1f17b6f" name="SOAP Response"/><con:assertion type="Schema Compliance" id="524cf93a-6abe-4388-b369-5f4ea5868e27" name="Schema Compliance"><con:configuration/></con:assertion><con:wsaConfig action="http://fidus.brussels/services/civilstatusdocumentservice/getExtractAsPdf"/></con:request></con:config></con:testStep><con:testStep type="request" id="fabc9af4-77fc-4230-ad55-2d0deaafb560" name="testcase4 - Staging - Worker2 - Request"><con:settings/><con:config xsi:type="con:RequestStep" xmlns:xsi="http://www.w3.org/2001/XMLSchema-instance"><con:interface>CivilStatusDocumentService_v1.0Soap11Binding</con:interface><con:operation>getExtractAsPdf</con:operation><con:request name="testcase4 - Staging - Worker2 - Request" id="c579a8e3-f379-4e1b-810f-a596f9960aa6" outgoingWss="Outflow STAG"><con:settings/><con:encoding>UTF-8</con:encoding><con:endpoint>https://192.168.24.64:8443/services/CivilStatusDocumentService_v1.0</con:endpoint><con:request><![CDATA[<soapenv:Envelope xmlns:soapenv="http://schemas.xmlsoap.org/soap/envelope/" xmlns:v1="http://fidus.brussels/service/civilstatusdocumentservice/messages/v1" xmlns:v11="http://fidus.brussels/type/common/messages/v1">
   <soapenv:Header/>
   <soapenv:Body>
      <v1:getExtractAsPdfRequest>
         <v1:messageContext>
           <v11:messageId>${=import static java.util.UUID.randomUUID; uuid = randomUUID() as String}</v11:messageId>
            <v11:timestamp>${=new java.text.SimpleDateFormat("yyyy-MM-dd'T'HH:mm:ss.SSS").format(new Date())}</v11:timestamp>
         </v1:messageContext>
         <v1:legalContext>ServiceIntegrator</v1:legalContext>
         <v1:request>
            <v1:documentReference>201800002991940</v1:documentReference>
            <v1:language>fr</v1:language>
         </v1:request>
      </v1:getExtractAsPdfRequest>
   </soapenv:Body>
</soapenv:Envelope>]]></con:request><con:assertion type="SOAP Fault Assertion" id="c1d8ae38-46ac-43db-9a70-66a7e40edf50" name="Not SOAP Fault"/><con:assertion type="SOAP Response" id="4f98b090-786d-4c69-9a3f-a2a840177c5c" name="SOAP Response"/><con:assertion type="Schema Compliance" id="8f44e0dc-a7b1-4d01-89c5-5048e2080126" name="Schema Compliance"><con:configuration/></con:assertion><con:wsaConfig action="http://fidus.brussels/services/civilstatusdocumentservice/getExtractAsPdf"/></con:request></con:config></con:testStep><con:properties/></con:testCase><con:testCase id="1e9ffae4-c983-45d0-be24-19453facf4f8" failOnError="true" failTestCaseOnErrors="true" keepSession="false" maxResults="0" name="saveOrUpdateDocument" searchProperties="true"><con:settings/><con:testStep type="request" id="9f5ba43f-f886-413b-8fae-6bb9def2342d" name="testcase4 - Staging - External - Request"><con:settings/><con:config xsi:type="con:RequestStep" xmlns:xsi="http://www.w3.org/2001/XMLSchema-instance"><con:interface>CivilStatusDocumentService_v1.0Soap11Binding</con:interface><con:operation>saveOrUpdateDocument</con:operation><con:request name="testcase4 - Staging - External - Request" id="8ed5cb40-9bca-4d77-94db-5a1d6f94c4a6" outgoingWss="Outflow STAG"><con:settings/><con:encoding>UTF-8</con:encoding><con:endpoint>https://fidus.irisnetlab.be/services/CivilStatusDocumentService_v1.0</con:endpoint><con:request><![CDATA[<soapenv:Envelope xmlns:soapenv="http://schemas.xmlsoap.org/soap/envelope/" xmlns:v1="http://fidus.brussels/service/civilstatusdocumentservice/messages/v1" xmlns:v11="http://fidus.brussels/type/common/messages/v1" xmlns:core="http://www.fgov.be/dabs/core">
   <soapenv:Header/>
   <soapenv:Body>
      <v1:saveOrUpdateDocumentRequest>
         <v1:messageContext>
           <v11:messageId>${=import static java.util.UUID.randomUUID; uuid = randomUUID() as String}</v11:messageId>
            <v11:timestamp>${=new java.text.SimpleDateFormat("yyyy-MM-dd'T'HH:mm:ss.SSS").format(new Date())}</v11:timestamp>
         </v1:messageContext>
         <v1:legalContext>ServiceIntegrator</v1:legalContext>
         <v1:request>         
            <v1:language>fr</v1:language>
            <v1:municipalityCode>d1051</v1:municipalityCode>
            <v1:saveOrUpdateDocument>
          <document xmlns:xsi="http://www.w3.org/2001/XMLSchema-instance" xsi:type="core:marriageCertificate">
           <attachments/>
           <certificateOriginType>FOREIGN_CERTIFICATE</certificateOriginType>
           <factDate>
              <day>22</day>
              <month>12</month>
              <year>2011</year>
           </factDate>
           <establishingDate>2018-07-17</establishingDate>
           <redactionPlace>
              <municipalityCode>12007</municipalityCode>
              <countryCode>150</countryCode>
              <countryFreeText>test</countryFreeText>
           </redactionPlace>
           <origin>DABS</origin>
           <persons>
              <person>
                 <origin>RR</origin>
                 <nobilityFree/>
                 <birthPlace>
                    <municipalityCode>12010</municipalityCode>
                    <countryCode>150</countryCode>
                    <countryFreeText>test</countryFreeText>
                 </birthPlace>
                 <birthDate>
                    <day>11</day>
                    <month>1</month>
                    <year>1980</year>
                 </birthDate>
                 <firstname>Katrien</firstname>
                 <lastname>De Bondt</lastname>
                 <roles>
                    <role>SPOUSE_2</role>
                 </roles>
                 <personNumber>11234</personNumber>
              </person>
              <person>
                 <origin>RR</origin>
                 <nobilityFree/>
                 <birthPlace>
                    <municipalityFreeText>Budel</municipalityFreeText>
                    <countryCode>129</countryCode>
                    <countryFreeText>test</countryFreeText>
                 </birthPlace>
                 <birthDate>
                    <day>5</day>
                    <month>7</month>
                    <year>1979</year>
                 </birthDate>
                 <firstname>Bram Tonny Gerda</firstname>
                 <lastname>Van Huffel</lastname>
                 <roles>
                    <role>SPOUSE_1</role>
                 </roles>
                 <personNumber>1125000</personNumber>
              </person>
              <person>
                 <origin>RR</origin>
                 <birthPlace>
                    <municipalityCode>12007</municipalityCode>
                    <countryCode>150</countryCode>
                    <countryFreeText>test</countryFreeText>
                 </birthPlace>
                 <birthDate>
                    <day>1</day>
                    <month>4</month>
                    <year>1986</year>
                 </birthDate>
                 <firstname>Mounir</firstname>
                 <lastname>Ouchan</lastname>
                 <roles>
                    <role>ABS</role>
                 </roles>
                 <personNumber>86040128370</personNumber>
              </person>
           </persons>
           <oldDocumentReference>2018/33</oldDocumentReference>
           <docState>FINAL</docState>
        </document>
            </v1:saveOrUpdateDocument>
         </v1:request>
      </v1:saveOrUpdateDocumentRequest>
   </soapenv:Body>
</soapenv:Envelope>]]></con:request><con:assertion type="SOAP Fault Assertion" id="f377adec-6257-4c25-bc0d-91b9b0ff2641" name="Not SOAP Fault"/><con:assertion type="SOAP Response" id="c5f6fee1-aed7-45fe-92c5-5f8fa04bc97e" name="SOAP Response"/><con:assertion type="Schema Compliance" id="46338f3c-4f9a-4d0e-a09d-3327adad249e" name="Schema Compliance"><con:configuration/></con:assertion><con:wsaConfig action="http://fidus.brussels/services/civilstatusdocumentservice/saveOrUpdateDocument"/></con:request></con:config></con:testStep><con:testStep type="request" id="950c40a0-d638-4c57-a8c4-8918955924e1" name="testcase4 - Staging - LB - Request"><con:settings/><con:config xsi:type="con:RequestStep" xmlns:xsi="http://www.w3.org/2001/XMLSchema-instance"><con:interface>CivilStatusDocumentService_v1.0Soap11Binding</con:interface><con:operation>saveOrUpdateDocument</con:operation><con:request name="testcase4 - Staging - LB - Request" id="882d45fa-bfe1-4372-b31d-ee9f40c42f9a" outgoingWss="Outflow STAG"><con:settings/><con:encoding>UTF-8</con:encoding><con:endpoint>https://fidus-esb-sg.sta.srv.cirb.lan:8443/services/CivilStatusDocumentService_v1.0</con:endpoint><con:request><![CDATA[<soapenv:Envelope xmlns:soapenv="http://schemas.xmlsoap.org/soap/envelope/" xmlns:v1="http://fidus.brussels/service/civilstatusdocumentservice/messages/v1" xmlns:v11="http://fidus.brussels/type/common/messages/v1" xmlns:core="http://www.fgov.be/dabs/core">
   <soapenv:Header/>
   <soapenv:Body>
      <v1:saveOrUpdateDocumentRequest>
         <v1:messageContext>
           <v11:messageId>${=import static java.util.UUID.randomUUID; uuid = randomUUID() as String}</v11:messageId>
            <v11:timestamp>${=new java.text.SimpleDateFormat("yyyy-MM-dd'T'HH:mm:ss.SSS").format(new Date())}</v11:timestamp>
         </v1:messageContext>
         <v1:legalContext>ServiceIntegrator</v1:legalContext>
         <v1:request>         
            <v1:language>fr</v1:language>
            <v1:municipalityCode>d1051</v1:municipalityCode>
            <v1:saveOrUpdateDocument>
          <document xmlns:xsi="http://www.w3.org/2001/XMLSchema-instance" xsi:type="core:marriageCertificate">
           <attachments/>
           <certificateOriginType>FOREIGN_CERTIFICATE</certificateOriginType>
           <factDate>
              <day>22</day>
              <month>12</month>
              <year>2011</year>
           </factDate>
           <establishingDate>2018-07-17</establishingDate>
           <redactionPlace>
              <municipalityCode>12007</municipalityCode>
              <countryCode>150</countryCode>
              <countryFreeText>test</countryFreeText>
           </redactionPlace>
           <origin>DABS</origin>
           <persons>
              <person>
                 <origin>RR</origin>
                 <nobilityFree/>
                 <birthPlace>
                    <municipalityCode>12010</municipalityCode>
                    <countryCode>150</countryCode>
                    <countryFreeText>test</countryFreeText>
                 </birthPlace>
                 <birthDate>
                    <day>11</day>
                    <month>1</month>
                    <year>1980</year>
                 </birthDate>
                 <firstname>Katrien</firstname>
                 <lastname>De Bondt</lastname>
                 <roles>
                    <role>SPOUSE_2</role>
                 </roles>
                 <personNumber>11234</personNumber>
              </person>
              <person>
                 <origin>RR</origin>
                 <nobilityFree/>
                 <birthPlace>
                    <municipalityFreeText>Budel</municipalityFreeText>
                    <countryCode>129</countryCode>
                    <countryFreeText>test</countryFreeText>
                 </birthPlace>
                 <birthDate>
                    <day>5</day>
                    <month>7</month>
                    <year>1979</year>
                 </birthDate>
                 <firstname>Bram Tonny Gerda</firstname>
                 <lastname>Van Huffel</lastname>
                 <roles>
                    <role>SPOUSE_1</role>
                 </roles>
                 <personNumber>1125000</personNumber>
              </person>
              <person>
                 <origin>RR</origin>
                 <birthPlace>
                    <municipalityCode>12007</municipalityCode>
                    <countryCode>150</countryCode>
                    <countryFreeText>test</countryFreeText>
                 </birthPlace>
                 <birthDate>
                    <day>1</day>
                    <month>4</month>
                    <year>1986</year>
                 </birthDate>
                 <firstname>Mounir</firstname>
                 <lastname>Ouchan</lastname>
                 <roles>
                    <role>ABS</role>
                 </roles>
                 <personNumber>86040128370</personNumber>
              </person>
           </persons>
           <oldDocumentReference>2018/33</oldDocumentReference>
           <docState>FINAL</docState>
        </document>
            </v1:saveOrUpdateDocument>
         </v1:request>
      </v1:saveOrUpdateDocumentRequest>
   </soapenv:Body>
</soapenv:Envelope>]]></con:request><con:assertion type="SOAP Fault Assertion" id="ea46d12e-68ca-4813-85bb-a4e0f8ef87e3" name="Not SOAP Fault"/><con:assertion type="SOAP Response" id="1e7e02b0-1762-4a04-b9c3-ac167fce52fd" name="SOAP Response"/><con:assertion type="Schema Compliance" id="ca0354ef-56e5-4a16-a670-ea07ba42091f" name="Schema Compliance"><con:configuration/></con:assertion><con:wsaConfig action="http://fidus.brussels/services/civilstatusdocumentservice/saveOrUpdateDocument"/></con:request></con:config></con:testStep><con:testStep type="request" id="cffbd6c3-b844-4c7a-9c74-8a9a0f1bb9f9" name="testcase4 - Staging - Worker1 - Request"><con:settings/><con:config xsi:type="con:RequestStep" xmlns:xsi="http://www.w3.org/2001/XMLSchema-instance"><con:interface>CivilStatusDocumentService_v1.0Soap11Binding</con:interface><con:operation>saveOrUpdateDocument</con:operation><con:request name="testcase4 - Staging - Worker1 - Request" id="636811a7-fc78-4159-afb7-3de8744fdf05" outgoingWss="Outflow STAG"><con:settings/><con:encoding>UTF-8</con:encoding><con:endpoint>https://192.168.24.57:8443/services/CivilStatusDocumentService_v1.0</con:endpoint><con:request><![CDATA[<soapenv:Envelope xmlns:soapenv="http://schemas.xmlsoap.org/soap/envelope/" xmlns:v1="http://fidus.brussels/service/civilstatusdocumentservice/messages/v1" xmlns:v11="http://fidus.brussels/type/common/messages/v1" xmlns:core="http://www.fgov.be/dabs/core">
   <soapenv:Header/>
   <soapenv:Body>
      <v1:saveOrUpdateDocumentRequest>
         <v1:messageContext>
           <v11:messageId>${=import static java.util.UUID.randomUUID; uuid = randomUUID() as String}</v11:messageId>
            <v11:timestamp>${=new java.text.SimpleDateFormat("yyyy-MM-dd'T'HH:mm:ss.SSS").format(new Date())}</v11:timestamp>
         </v1:messageContext>
         <v1:legalContext>ServiceIntegrator</v1:legalContext>
         <v1:request>         
            <v1:language>fr</v1:language>
            <v1:municipalityCode>d1051</v1:municipalityCode>
            <v1:saveOrUpdateDocument>
          <document xmlns:xsi="http://www.w3.org/2001/XMLSchema-instance" xsi:type="core:marriageCertificate">
           <attachments/>
           <certificateOriginType>FOREIGN_CERTIFICATE</certificateOriginType>
           <factDate>
              <day>22</day>
              <month>12</month>
              <year>2011</year>
           </factDate>
           <establishingDate>2018-07-17</establishingDate>
           <redactionPlace>
              <municipalityCode>12007</municipalityCode>
              <countryCode>150</countryCode>
              <countryFreeText>test</countryFreeText>
           </redactionPlace>
           <origin>DABS</origin>
           <persons>
              <person>
                 <origin>RR</origin>
                 <nobilityFree/>
                 <birthPlace>
                    <municipalityCode>12010</municipalityCode>
                    <countryCode>150</countryCode>
                    <countryFreeText>test</countryFreeText>
                 </birthPlace>
                 <birthDate>
                    <day>11</day>
                    <month>1</month>
                    <year>1980</year>
                 </birthDate>
                 <firstname>Katrien</firstname>
                 <lastname>De Bondt</lastname>
                 <roles>
                    <role>SPOUSE_2</role>
                 </roles>
                 <personNumber>11234</personNumber>
              </person>
              <person>
                 <origin>RR</origin>
                 <nobilityFree/>
                 <birthPlace>
                    <municipalityFreeText>Budel</municipalityFreeText>
                    <countryCode>129</countryCode>
                    <countryFreeText>test</countryFreeText>
                 </birthPlace>
                 <birthDate>
                    <day>5</day>
                    <month>7</month>
                    <year>1979</year>
                 </birthDate>
                 <firstname>Bram Tonny Gerda</firstname>
                 <lastname>Van Huffel</lastname>
                 <roles>
                    <role>SPOUSE_1</role>
                 </roles>
                 <personNumber>1125000</personNumber>
              </person>
              <person>
                 <origin>RR</origin>
                 <birthPlace>
                    <municipalityCode>12007</municipalityCode>
                    <countryCode>150</countryCode>
                    <countryFreeText>test</countryFreeText>
                 </birthPlace>
                 <birthDate>
                    <day>1</day>
                    <month>4</month>
                    <year>1986</year>
                 </birthDate>
                 <firstname>Mounir</firstname>
                 <lastname>Ouchan</lastname>
                 <roles>
                    <role>ABS</role>
                 </roles>
                 <personNumber>86040128370</personNumber>
              </person>
           </persons>
           <oldDocumentReference>2018/33</oldDocumentReference>
           <docState>FINAL</docState>
        </document>
            </v1:saveOrUpdateDocument>
         </v1:request>
      </v1:saveOrUpdateDocumentRequest>
   </soapenv:Body>
</soapenv:Envelope>]]></con:request><con:assertion type="SOAP Fault Assertion" id="cc8533e7-714b-436d-8e67-f18503595491" name="Not SOAP Fault"/><con:assertion type="SOAP Response" id="0f133fe8-4721-47f5-be24-a8dba1b3c29f" name="SOAP Response"/><con:assertion type="Schema Compliance" id="b19f0e30-8e7a-425b-822c-33d19881d447" name="Schema Compliance"><con:configuration/></con:assertion><con:wsaConfig action="http://fidus.brussels/services/civilstatusdocumentservice/saveOrUpdateDocument"/></con:request></con:config></con:testStep><con:testStep type="request" id="2e7db514-779e-4d72-bb56-daf0cf041155" name="testcase4 - Staging - Worker2 - Request"><con:settings/><con:config xsi:type="con:RequestStep" xmlns:xsi="http://www.w3.org/2001/XMLSchema-instance"><con:interface>CivilStatusDocumentService_v1.0Soap11Binding</con:interface><con:operation>saveOrUpdateDocument</con:operation><con:request name="testcase4 - Staging - Worker2 - Request" id="1742f269-9cfe-47ae-9126-578531846dee" outgoingWss="Outflow STAG"><con:settings/><con:encoding>UTF-8</con:encoding><con:endpoint>https://192.168.24.64:8443/services/CivilStatusDocumentService_v1.0</con:endpoint><con:request><![CDATA[<soapenv:Envelope xmlns:soapenv="http://schemas.xmlsoap.org/soap/envelope/" xmlns:v1="http://fidus.brussels/service/civilstatusdocumentservice/messages/v1" xmlns:v11="http://fidus.brussels/type/common/messages/v1" xmlns:core="http://www.fgov.be/dabs/core">
   <soapenv:Header/>
   <soapenv:Body>
      <v1:saveOrUpdateDocumentRequest>
         <v1:messageContext>
           <v11:messageId>${=import static java.util.UUID.randomUUID; uuid = randomUUID() as String}</v11:messageId>
            <v11:timestamp>${=new java.text.SimpleDateFormat("yyyy-MM-dd'T'HH:mm:ss.SSS").format(new Date())}</v11:timestamp>
         </v1:messageContext>
         <v1:legalContext>ServiceIntegrator</v1:legalContext>
         <v1:request>         
            <v1:language>fr</v1:language>
            <v1:municipalityCode>d1051</v1:municipalityCode>
            <v1:saveOrUpdateDocument>
          <document xmlns:xsi="http://www.w3.org/2001/XMLSchema-instance" xsi:type="core:marriageCertificate">
           <attachments/>
           <certificateOriginType>FOREIGN_CERTIFICATE</certificateOriginType>
           <factDate>
              <day>22</day>
              <month>12</month>
              <year>2011</year>
           </factDate>
           <establishingDate>2018-07-17</establishingDate>
           <redactionPlace>
              <municipalityCode>12007</municipalityCode>
              <countryCode>150</countryCode>
              <countryFreeText>test</countryFreeText>
           </redactionPlace>
           <origin>DABS</origin>
           <persons>
              <person>
                 <origin>RR</origin>
                 <nobilityFree/>
                 <birthPlace>
                    <municipalityCode>12010</municipalityCode>
                    <countryCode>150</countryCode>
                    <countryFreeText>test</countryFreeText>
                 </birthPlace>
                 <birthDate>
                    <day>11</day>
                    <month>1</month>
                    <year>1980</year>
                 </birthDate>
                 <firstname>Katrien</firstname>
                 <lastname>De Bondt</lastname>
                 <roles>
                    <role>SPOUSE_2</role>
                 </roles>
                 <personNumber>11234</personNumber>
              </person>
              <person>
                 <origin>RR</origin>
                 <nobilityFree/>
                 <birthPlace>
                    <municipalityFreeText>Budel</municipalityFreeText>
                    <countryCode>129</countryCode>
                    <countryFreeText>test</countryFreeText>
                 </birthPlace>
                 <birthDate>
                    <day>5</day>
                    <month>7</month>
                    <year>1979</year>
                 </birthDate>
                 <firstname>Bram Tonny Gerda</firstname>
                 <lastname>Van Huffel</lastname>
                 <roles>
                    <role>SPOUSE_1</role>
                 </roles>
                 <personNumber>1125000</personNumber>
              </person>
              <person>
                 <origin>RR</origin>
                 <birthPlace>
                    <municipalityCode>12007</municipalityCode>
                    <countryCode>150</countryCode>
                    <countryFreeText>test</countryFreeText>
                 </birthPlace>
                 <birthDate>
                    <day>1</day>
                    <month>4</month>
                    <year>1986</year>
                 </birthDate>
                 <firstname>Mounir</firstname>
                 <lastname>Ouchan</lastname>
                 <roles>
                    <role>ABS</role>
                 </roles>
                 <personNumber>86040128370</personNumber>
              </person>
           </persons>
           <oldDocumentReference>2018/33</oldDocumentReference>
           <docState>FINAL</docState>
        </document>
            </v1:saveOrUpdateDocument>
         </v1:request>
      </v1:saveOrUpdateDocumentRequest>
   </soapenv:Body>
</soapenv:Envelope>]]></con:request><con:assertion type="SOAP Fault Assertion" id="4b48d362-31cf-46d7-978e-a197f2bb9b96" name="Not SOAP Fault"/><con:assertion type="SOAP Response" id="d1e89c8e-4913-4210-aa60-f5d28fa64731" name="SOAP Response"/><con:assertion type="Schema Compliance" id="463e324a-66b0-4ec8-a074-f61c76e39d81" name="Schema Compliance"><con:configuration/></con:assertion><con:wsaConfig action="http://fidus.brussels/services/civilstatusdocumentservice/saveOrUpdateDocument"/></con:request></con:config></con:testStep><con:properties/></con:testCase><con:testCase id="1a6b9e5c-75b9-47bb-b381-7dbfb4c1a915" failOnError="true" failTestCaseOnErrors="true" keepSession="false" maxResults="0" name="searchDocument" searchProperties="true"><con:settings/><con:testStep type="request" id="d14b96a6-2ad6-4e6c-8783-63465880aa8f" name="testcase4 - Staging - External - Request"><con:settings/><con:config xsi:type="con:RequestStep" xmlns:xsi="http://www.w3.org/2001/XMLSchema-instance"><con:interface>CivilStatusDocumentService_v1.0Soap11Binding</con:interface><con:operation>searchDocument</con:operation><con:request name="testcase4 - Staging - External - Request" id="7f3b44ec-222c-40e9-8ea9-830998050c30" outgoingWss="Outflow STAG"><con:settings/><con:encoding>UTF-8</con:encoding><con:endpoint>https://fidus.irisnetlab.be/services/CivilStatusDocumentService_v1.0</con:endpoint><con:request><![CDATA[<soapenv:Envelope xmlns:soapenv="http://schemas.xmlsoap.org/soap/envelope/" xmlns:v1="http://fidus.brussels/service/civilstatusdocumentservice/messages/v1" xmlns:v11="http://fidus.brussels/type/common/messages/v1" xmlns:core="http://www.fgov.be/dabs/core">
   <soapenv:Header/>
   <soapenv:Body>
      <v1:searchDocumentRequest>
         <v1:messageContext>
           <v11:messageId>${=import static java.util.UUID.randomUUID; uuid = randomUUID() as String}</v11:messageId>
            <v11:timestamp>${=new java.text.SimpleDateFormat("yyyy-MM-dd'T'HH:mm:ss.SSS").format(new Date())}</v11:timestamp>
         </v1:messageContext>
         <v1:legalContext>ServiceIntegrator</v1:legalContext>
         <v1:request>
            <v1:language>fr</v1:language>
            <v1:municipalityCode>d1051</v1:municipalityCode>
            <v1:searchDocument>
               <documentSearch>
                  <type>MARRIAGE_CERTIFICATE</type>
                  <state>FINAL</state>
                  <factDate>
                     <day>15</day>
                     <month>12</month>
                     <year>2011</year>
                  </factDate>
                  <personNumber>11234</personNumber>
                  <firstname>Katrien</firstname>
                  <lastname>De Bondt</lastname>
                  <birthDate>
                     <day>11</day>
                     <month>1</month>
                     <year>1980</year>
                  </birthDate>
                  <!--Optional:-->
                  <!--placeOfOrigin>?</placeOfOrigin-->
                  <searchInRrn>false</searchInRrn>
               </documentSearch>
            </v1:searchDocument>
         </v1:request>
      </v1:searchDocumentRequest>
   </soapenv:Body>
</soapenv:Envelope>]]></con:request><con:assertion type="SOAP Fault Assertion" id="66604299-f41f-487e-934f-0a6e22450148" name="Not SOAP Fault"/><con:assertion type="SOAP Response" id="2abf50b3-1665-42b0-a6e9-3d2cbd1ea574" name="SOAP Response"/><con:assertion type="Schema Compliance" id="c4350635-0f25-4400-97a9-e7c75f7ea554" name="Schema Compliance"><con:configuration/></con:assertion><con:wsaConfig action="http://fidus.brussels/services/civilstatusdocumentservice/searchDocument"/></con:request></con:config></con:testStep><con:testStep type="request" id="6a06d103-d39e-401e-9450-3d69b8f37d6d" name="testcase4 - Staging - LB - Request"><con:settings/><con:config xsi:type="con:RequestStep" xmlns:xsi="http://www.w3.org/2001/XMLSchema-instance"><con:interface>CivilStatusDocumentService_v1.0Soap11Binding</con:interface><con:operation>searchDocument</con:operation><con:request name="testcase4 - Staging - LB - Request" id="47e093c1-a392-4039-b0d0-48b605a311d7" outgoingWss="Outflow STAG"><con:settings/><con:encoding>UTF-8</con:encoding><con:endpoint>https://fidus-esb-sg.sta.srv.cirb.lan:8443/services/CivilStatusDocumentService_v1.0</con:endpoint><con:request><![CDATA[<soapenv:Envelope xmlns:soapenv="http://schemas.xmlsoap.org/soap/envelope/" xmlns:v1="http://fidus.brussels/service/civilstatusdocumentservice/messages/v1" xmlns:v11="http://fidus.brussels/type/common/messages/v1" xmlns:core="http://www.fgov.be/dabs/core">
   <soapenv:Header/>
   <soapenv:Body>
      <v1:searchDocumentRequest>
         <v1:messageContext>
           <v11:messageId>${=import static java.util.UUID.randomUUID; uuid = randomUUID() as String}</v11:messageId>
            <v11:timestamp>${=new java.text.SimpleDateFormat("yyyy-MM-dd'T'HH:mm:ss.SSS").format(new Date())}</v11:timestamp>
         </v1:messageContext>
         <v1:legalContext>ServiceIntegrator</v1:legalContext>
         <v1:request>
            <v1:language>fr</v1:language>
            <v1:municipalityCode>d1051</v1:municipalityCode>
            <v1:searchDocument>
               <documentSearch>
                  <type>MARRIAGE_CERTIFICATE</type>
                  <state>FINAL</state>
                  <factDate>
                     <day>15</day>
                     <month>12</month>
                     <year>2011</year>
                  </factDate>
                  <personNumber>11234</personNumber>
                  <firstname>Katrien</firstname>
                  <lastname>De Bondt</lastname>
                  <birthDate>
                     <day>11</day>
                     <month>1</month>
                     <year>1980</year>
                  </birthDate>
                  <!--Optional:-->
                  <!--placeOfOrigin>?</placeOfOrigin-->
                  <searchInRrn>false</searchInRrn>
               </documentSearch>
            </v1:searchDocument>
         </v1:request>
      </v1:searchDocumentRequest>
   </soapenv:Body>
</soapenv:Envelope>]]></con:request><con:assertion type="SOAP Fault Assertion" id="e8b2e59f-1a49-4a63-b3c2-063cf6218bc7" name="Not SOAP Fault"/><con:assertion type="SOAP Response" id="7a0ebc9c-c4db-4f12-949d-40d8ad9d6836" name="SOAP Response"/><con:assertion type="Schema Compliance" id="93f52a21-f682-4b97-b845-5173f57ca3b1" name="Schema Compliance"><con:configuration/></con:assertion><con:wsaConfig action="http://fidus.brussels/services/civilstatusdocumentservice/searchDocument"/></con:request></con:config></con:testStep><con:testStep type="request" id="0b0d89a6-9b34-4c25-a163-f923c93d224b" name="testcase4 - Staging - Worker1 - Request"><con:settings/><con:config xsi:type="con:RequestStep" xmlns:xsi="http://www.w3.org/2001/XMLSchema-instance"><con:interface>CivilStatusDocumentService_v1.0Soap11Binding</con:interface><con:operation>searchDocument</con:operation><con:request name="testcase4 - Staging - Worker1 - Request" id="1da3207e-4733-401c-89b2-ed6bd19eb5eb" outgoingWss="Outflow STAG"><con:settings/><con:encoding>UTF-8</con:encoding><con:endpoint>https://192.168.24.57:8443/services/CivilStatusDocumentService_v1.0</con:endpoint><con:request><![CDATA[<soapenv:Envelope xmlns:soapenv="http://schemas.xmlsoap.org/soap/envelope/" xmlns:v1="http://fidus.brussels/service/civilstatusdocumentservice/messages/v1" xmlns:v11="http://fidus.brussels/type/common/messages/v1" xmlns:core="http://www.fgov.be/dabs/core">
   <soapenv:Header/>
   <soapenv:Body>
      <v1:searchDocumentRequest>
         <v1:messageContext>
           <v11:messageId>${=import static java.util.UUID.randomUUID; uuid = randomUUID() as String}</v11:messageId>
            <v11:timestamp>${=new java.text.SimpleDateFormat("yyyy-MM-dd'T'HH:mm:ss.SSS").format(new Date())}</v11:timestamp>
         </v1:messageContext>
         <v1:legalContext>ServiceIntegrator</v1:legalContext>
         <v1:request>
            <v1:language>fr</v1:language>
            <v1:municipalityCode>d1051</v1:municipalityCode>
            <v1:searchDocument>
               <documentSearch>
                  <type>MARRIAGE_CERTIFICATE</type>
                  <state>FINAL</state>
                  <factDate>
                     <day>15</day>
                     <month>12</month>
                     <year>2011</year>
                  </factDate>
                  <personNumber>11234</personNumber>
                  <firstname>Katrien</firstname>
                  <lastname>De Bondt</lastname>
                  <birthDate>
                     <day>11</day>
                     <month>1</month>
                     <year>1980</year>
                  </birthDate>
                  <!--Optional:-->
                  <!--placeOfOrigin>?</placeOfOrigin-->
                  <searchInRrn>false</searchInRrn>
               </documentSearch>
            </v1:searchDocument>
         </v1:request>
      </v1:searchDocumentRequest>
   </soapenv:Body>
</soapenv:Envelope>]]></con:request><con:assertion type="SOAP Fault Assertion" id="eaadd93d-7954-4cf0-ad83-ff49348b1dda" name="Not SOAP Fault"/><con:assertion type="SOAP Response" id="ee2d2652-7004-46f2-b1a3-b59f4d3cbe23" name="SOAP Response"/><con:assertion type="Schema Compliance" id="088074f5-8a99-49ab-a40d-da4d384efbac" name="Schema Compliance"><con:configuration/></con:assertion><con:wsaConfig action="http://fidus.brussels/services/civilstatusdocumentservice/searchDocument"/></con:request></con:config></con:testStep><con:testStep type="request" id="d70a8f00-d121-4848-a680-bc9de7a59a38" name="testcase4 - Staging - Worker2 - Request"><con:settings/><con:config xsi:type="con:RequestStep" xmlns:xsi="http://www.w3.org/2001/XMLSchema-instance"><con:interface>CivilStatusDocumentService_v1.0Soap11Binding</con:interface><con:operation>searchDocument</con:operation><con:request name="testcase4 - Staging - Worker2 - Request" id="cc0afbe5-6b13-44a5-96a6-0e48cf4b82cd" outgoingWss="Outflow STAG"><con:settings/><con:encoding>UTF-8</con:encoding><con:endpoint>https://192.168.24.64:8443/services/CivilStatusDocumentService_v1.0</con:endpoint><con:request><![CDATA[<soapenv:Envelope xmlns:soapenv="http://schemas.xmlsoap.org/soap/envelope/" xmlns:v1="http://fidus.brussels/service/civilstatusdocumentservice/messages/v1" xmlns:v11="http://fidus.brussels/type/common/messages/v1" xmlns:core="http://www.fgov.be/dabs/core">
   <soapenv:Header/>
   <soapenv:Body>
      <v1:searchDocumentRequest>
         <v1:messageContext>
           <v11:messageId>${=import static java.util.UUID.randomUUID; uuid = randomUUID() as String}</v11:messageId>
            <v11:timestamp>${=new java.text.SimpleDateFormat("yyyy-MM-dd'T'HH:mm:ss.SSS").format(new Date())}</v11:timestamp>
         </v1:messageContext>
         <v1:legalContext>ServiceIntegrator</v1:legalContext>
         <v1:request>
            <v1:language>fr</v1:language>
            <v1:municipalityCode>d1051</v1:municipalityCode>
            <v1:searchDocument>
               <documentSearch>
                  <type>MARRIAGE_CERTIFICATE</type>
                  <state>FINAL</state>
                  <factDate>
                     <day>15</day>
                     <month>12</month>
                     <year>2011</year>
                  </factDate>
                  <personNumber>11234</personNumber>
                  <firstname>Katrien</firstname>
                  <lastname>De Bondt</lastname>
                  <birthDate>
                     <day>11</day>
                     <month>1</month>
                     <year>1980</year>
                  </birthDate>
                  <!--Optional:-->
                  <!--placeOfOrigin>?</placeOfOrigin-->
                  <searchInRrn>false</searchInRrn>
               </documentSearch>
            </v1:searchDocument>
         </v1:request>
      </v1:searchDocumentRequest>
   </soapenv:Body>
</soapenv:Envelope>]]></con:request><con:assertion type="SOAP Fault Assertion" id="d4e62c33-3463-488c-9085-8a96d8ddaa06" name="Not SOAP Fault"/><con:assertion type="SOAP Response" id="9ea63602-1cd2-4b06-b05a-fc3e563c9491" name="SOAP Response"/><con:assertion type="Schema Compliance" id="f6e70447-d1e5-4cab-8af6-5e46d9c86c19" name="Schema Compliance"><con:configuration/></con:assertion><con:wsaConfig action="http://fidus.brussels/services/civilstatusdocumentservice/searchDocument"/></con:request></con:config></con:testStep><con:properties/></con:testCase><con:testCase id="48648455-cef5-4103-852d-c44f47e0cd84" failOnError="true" failTestCaseOnErrors="true" keepSession="false" maxResults="0" name="validateDocument" searchProperties="true"><con:settings/><con:testStep type="request" id="2a699920-5817-47d7-ae4f-e20da9e1b5c2" name="testcase4 - Staging - External - Request"><con:settings/><con:config xsi:type="con:RequestStep" xmlns:xsi="http://www.w3.org/2001/XMLSchema-instance"><con:interface>CivilStatusDocumentService_v1.0Soap11Binding</con:interface><con:operation>validateDocument</con:operation><con:request name="testcase4 - Staging - External - Request" id="6ca27648-0d3b-475e-9f71-da51594a90b7" outgoingWss="Outflow STAG"><con:settings/><con:encoding>UTF-8</con:encoding><con:endpoint>https://fidus.irisnetlab.be/services/CivilStatusDocumentService_v1.0</con:endpoint><con:request><![CDATA[<soapenv:Envelope xmlns:soapenv="http://schemas.xmlsoap.org/soap/envelope/" xmlns:v1="http://fidus.brussels/service/civilstatusdocumentservice/messages/v1" xmlns:v11="http://fidus.brussels/type/common/messages/v1" xmlns:core="http://www.fgov.be/dabs/core">
   <soapenv:Header/>
   <soapenv:Body>
      <v1:validateDocumentRequest>
         <v1:messageContext>
            <v11:messageId>${=import static java.util.UUID.randomUUID; uuid = randomUUID() as String}</v11:messageId>
            <v11:timestamp>${=new java.text.SimpleDateFormat("yyyy-MM-dd'T'HH:mm:ss.SSS").format(new Date())}</v11:timestamp>
         </v1:messageContext>
         <v1:legalContext>ServiceIntegrator</v1:legalContext>
         <v1:request>
            <v1:language>fr</v1:language>
             <v1:municipalityCode>d1051</v1:municipalityCode>
            <v1:validateDocument>
               <document xsi:type="core:marriageCertificate" xmlns:xsi="http://www.w3.org/2001/XMLSchema-instance">
                  <attachments/>
                  <certificateOriginType>FOREIGN_CERTIFICATE</certificateOriginType>
                  <factDate>
                     <day>26</day>
                     <month>12</month>
                     <year>2011</year>
                  </factDate>
                  <establishingDate>2018-07-17</establishingDate>
                  <redactionPlace>
                     <municipalityCode>12007</municipalityCode>
                     <countryCode>150</countryCode>
                     <countryFreeText>test</countryFreeText>
                  </redactionPlace>
                  <origin>DABS</origin>
                  <persons>
                     <person>
                        <origin>RR</origin>
                        <nobilityFree/>
                        <birthPlace>
                           <municipalityCode>12010</municipalityCode>
                           <countryCode>150</countryCode>
                           <countryFreeText>test</countryFreeText>
                        </birthPlace>
                        <birthDate>
                           <day>11</day>
                           <month>1</month>
                           <year>1980</year>
                        </birthDate>
                        <firstname>Katrien</firstname>
                        <lastname>De Bondt</lastname>
                        <roles>
                           <role>SPOUSE_2</role>
                        </roles>
                        <personNumber>11234</personNumber>
                     </person>
                     <person>
                        <origin>RR</origin>
                        <nobilityFree/>
                        <birthPlace>
                           <municipalityFreeText>Budel</municipalityFreeText>
                           <countryCode>129</countryCode>
                           <countryFreeText>test</countryFreeText>
                        </birthPlace>
                        <birthDate>
                           <day>5</day>
                           <month>7</month>
                           <year>1979</year>
                        </birthDate>
                        <firstname>Bram Tonny Gerda</firstname>
                        <lastname>Van Huffel</lastname>
                        <roles>
                           <role>SPOUSE_1</role>
                        </roles>
                        <personNumber>1125000</personNumber>
                     </person>
                     <person>
                        <origin>RR</origin>
                        <birthPlace>
                           <municipalityCode>12007</municipalityCode>
                           <countryCode>150</countryCode>
                           <countryFreeText>test</countryFreeText>
                        </birthPlace>
                        <birthDate>
                           <day>1</day>
                           <month>4</month>
                           <year>1986</year>
                        </birthDate>
                        <firstname>Mounir</firstname>
                        <lastname>Ouchan</lastname>
                        <roles>
                           <role>ABS</role>
                        </roles>
                        <personNumber>86040128370</personNumber>
                     </person>
                  </persons>
                  <oldDocumentReference>2018/33</oldDocumentReference>
                  <docState>FINAL</docState>
               </document>
            </v1:validateDocument>
         </v1:request>
      </v1:validateDocumentRequest>
   </soapenv:Body>
</soapenv:Envelope>]]></con:request><con:assertion type="SOAP Fault Assertion" id="856c7dec-a0ca-4127-bbfb-dbef4fdaf34d" name="Not SOAP Fault"/><con:assertion type="SOAP Response" id="fb2da86f-e7f6-481b-97da-483ef78076fd" name="SOAP Response"/><con:assertion type="Schema Compliance" id="7a156d67-76f4-4530-ae00-aa965d4133cc" name="Schema Compliance"><con:configuration/></con:assertion><con:wsaConfig action="http://fidus.brussels/services/civilstatusdocumentservice/validateDocument"/></con:request></con:config></con:testStep><con:testStep type="request" id="6aaa8273-70d2-4757-93c1-e2b160314f2b" name="testcase4 - Staging - LB - Request"><con:settings/><con:config xsi:type="con:RequestStep" xmlns:xsi="http://www.w3.org/2001/XMLSchema-instance"><con:interface>CivilStatusDocumentService_v1.0Soap11Binding</con:interface><con:operation>validateDocument</con:operation><con:request name="testcase4 - Staging - LB - Request" id="e12ab4b3-04ee-4586-943b-be4b77e468f5" outgoingWss="Outflow STAG"><con:settings/><con:encoding>UTF-8</con:encoding><con:endpoint>https://192.168.22.53:8443/services/CivilStatusDocumentService_v1.0</con:endpoint><con:request><![CDATA[<soapenv:Envelope xmlns:soapenv="http://schemas.xmlsoap.org/soap/envelope/" xmlns:v1="http://fidus.brussels/service/civilstatusdocumentservice/messages/v1" xmlns:v11="http://fidus.brussels/type/common/messages/v1" xmlns:core="http://www.fgov.be/dabs/core">
   <soapenv:Header/>
   <soapenv:Body>
      <v1:validateDocumentRequest>
         <v1:messageContext>
            <v11:messageId>${=import static java.util.UUID.randomUUID; uuid = randomUUID() as String}</v11:messageId>
            <v11:timestamp>${=new java.text.SimpleDateFormat("yyyy-MM-dd'T'HH:mm:ss.SSS").format(new Date())}</v11:timestamp>
         </v1:messageContext>
         <v1:legalContext>ServiceIntegrator</v1:legalContext>
         <v1:request>
            <v1:language>fr</v1:language>
             <v1:municipalityCode>d1051</v1:municipalityCode>
            <v1:validateDocument>
               <document xsi:type="core:marriageCertificate" xmlns:xsi="http://www.w3.org/2001/XMLSchema-instance">
                  <attachments/>
                  <certificateOriginType>FOREIGN_CERTIFICATE</certificateOriginType>
                  <factDate>
                     <day>26</day>
                     <month>12</month>
                     <year>2011</year>
                  </factDate>
                  <establishingDate>2018-07-17</establishingDate>
                  <redactionPlace>
                     <municipalityCode>12007</municipalityCode>
                     <countryCode>150</countryCode>
                     <countryFreeText>test</countryFreeText>
                  </redactionPlace>
                  <origin>DABS</origin>
                  <persons>
                     <person>
                        <origin>RR</origin>
                        <nobilityFree/>
                        <birthPlace>
                           <municipalityCode>12010</municipalityCode>
                           <countryCode>150</countryCode>
                           <countryFreeText>test</countryFreeText>
                        </birthPlace>
                        <birthDate>
                           <day>11</day>
                           <month>1</month>
                           <year>1980</year>
                        </birthDate>
                        <firstname>Katrien</firstname>
                        <lastname>De Bondt</lastname>
                        <roles>
                           <role>SPOUSE_2</role>
                        </roles>
                        <personNumber>11234</personNumber>
                     </person>
                     <person>
                        <origin>RR</origin>
                        <nobilityFree/>
                        <birthPlace>
                           <municipalityFreeText>Budel</municipalityFreeText>
                           <countryCode>129</countryCode>
                           <countryFreeText>test</countryFreeText>
                        </birthPlace>
                        <birthDate>
                           <day>5</day>
                           <month>7</month>
                           <year>1979</year>
                        </birthDate>
                        <firstname>Bram Tonny Gerda</firstname>
                        <lastname>Van Huffel</lastname>
                        <roles>
                           <role>SPOUSE_1</role>
                        </roles>
                        <personNumber>1125000</personNumber>
                     </person>
                     <person>
                        <origin>RR</origin>
                        <birthPlace>
                           <municipalityCode>12007</municipalityCode>
                           <countryCode>150</countryCode>
                           <countryFreeText>test</countryFreeText>
                        </birthPlace>
                        <birthDate>
                           <day>1</day>
                           <month>4</month>
                           <year>1986</year>
                        </birthDate>
                        <firstname>Mounir</firstname>
                        <lastname>Ouchan</lastname>
                        <roles>
                           <role>ABS</role>
                        </roles>
                        <personNumber>86040128370</personNumber>
                     </person>
                  </persons>
                  <oldDocumentReference>2018/33</oldDocumentReference>
                  <docState>FINAL</docState>
               </document>
            </v1:validateDocument>
         </v1:request>
      </v1:validateDocumentRequest>
   </soapenv:Body>
</soapenv:Envelope>]]></con:request><con:assertion type="SOAP Fault Assertion" id="19df28a4-0319-4cbc-9ac4-6f20b52e8669" name="Not SOAP Fault"/><con:assertion type="SOAP Response" id="4e8bf2f0-7b96-4b2b-a0a5-cc0b1f37b7c0" name="SOAP Response"/><con:assertion type="Schema Compliance" id="157993c2-5ca3-467f-993d-933a4dc55ad7" name="Schema Compliance"><con:configuration/></con:assertion><con:wsaConfig action="http://fidus.brussels/services/civilstatusdocumentservice/validateDocument"/></con:request></con:config></con:testStep><con:testStep type="request" id="15f24481-9a5b-4074-ae06-ec2f472ef916" name="testcase4 - Staging - Worker1 - Request"><con:settings/><con:config xsi:type="con:RequestStep" xmlns:xsi="http://www.w3.org/2001/XMLSchema-instance"><con:interface>CivilStatusDocumentService_v1.0Soap11Binding</con:interface><con:operation>validateDocument</con:operation><con:request name="testcase4 - Staging - Worker1 - Request" id="882e3d1a-ef5a-4853-90a9-434ca3042d9b" outgoingWss="Outflow STAG"><con:settings/><con:encoding>UTF-8</con:encoding><con:endpoint>https://192.168.24.57:8443/services/CivilStatusDocumentService_v1.0</con:endpoint><con:request><![CDATA[<soapenv:Envelope xmlns:soapenv="http://schemas.xmlsoap.org/soap/envelope/" xmlns:v1="http://fidus.brussels/service/civilstatusdocumentservice/messages/v1" xmlns:v11="http://fidus.brussels/type/common/messages/v1" xmlns:core="http://www.fgov.be/dabs/core">
   <soapenv:Header/>
   <soapenv:Body>
      <v1:validateDocumentRequest>
         <v1:messageContext>
            <v11:messageId>${=import static java.util.UUID.randomUUID; uuid = randomUUID() as String}</v11:messageId>
            <v11:timestamp>${=new java.text.SimpleDateFormat("yyyy-MM-dd'T'HH:mm:ss.SSS").format(new Date())}</v11:timestamp>
         </v1:messageContext>
         <v1:legalContext>ServiceIntegrator</v1:legalContext>
         <v1:request>
            <v1:language>fr</v1:language>
             <v1:municipalityCode>d1051</v1:municipalityCode>
            <v1:validateDocument>
               <document xsi:type="core:marriageCertificate" xmlns:xsi="http://www.w3.org/2001/XMLSchema-instance">
                  <attachments/>
                  <certificateOriginType>FOREIGN_CERTIFICATE</certificateOriginType>
                  <factDate>
                     <day>26</day>
                     <month>12</month>
                     <year>2011</year>
                  </factDate>
                  <establishingDate>2018-07-17</establishingDate>
                  <redactionPlace>
                     <municipalityCode>12007</municipalityCode>
                     <countryCode>150</countryCode>
                     <countryFreeText>test</countryFreeText>
                  </redactionPlace>
                  <origin>DABS</origin>
                  <persons>
                     <person>
                        <origin>RR</origin>
                        <nobilityFree/>
                        <birthPlace>
                           <municipalityCode>12010</municipalityCode>
                           <countryCode>150</countryCode>
                           <countryFreeText>test</countryFreeText>
                        </birthPlace>
                        <birthDate>
                           <day>11</day>
                           <month>1</month>
                           <year>1980</year>
                        </birthDate>
                        <firstname>Katrien</firstname>
                        <lastname>De Bondt</lastname>
                        <roles>
                           <role>SPOUSE_2</role>
                        </roles>
                        <personNumber>11234</personNumber>
                     </person>
                     <person>
                        <origin>RR</origin>
                        <nobilityFree/>
                        <birthPlace>
                           <municipalityFreeText>Budel</municipalityFreeText>
                           <countryCode>129</countryCode>
                           <countryFreeText>test</countryFreeText>
                        </birthPlace>
                        <birthDate>
                           <day>5</day>
                           <month>7</month>
                           <year>1979</year>
                        </birthDate>
                        <firstname>Bram Tonny Gerda</firstname>
                        <lastname>Van Huffel</lastname>
                        <roles>
                           <role>SPOUSE_1</role>
                        </roles>
                        <personNumber>1125000</personNumber>
                     </person>
                     <person>
                        <origin>RR</origin>
                        <birthPlace>
                           <municipalityCode>12007</municipalityCode>
                           <countryCode>150</countryCode>
                           <countryFreeText>test</countryFreeText>
                        </birthPlace>
                        <birthDate>
                           <day>1</day>
                           <month>4</month>
                           <year>1986</year>
                        </birthDate>
                        <firstname>Mounir</firstname>
                        <lastname>Ouchan</lastname>
                        <roles>
                           <role>ABS</role>
                        </roles>
                        <personNumber>86040128370</personNumber>
                     </person>
                  </persons>
                  <oldDocumentReference>2018/33</oldDocumentReference>
                  <docState>FINAL</docState>
               </document>
            </v1:validateDocument>
         </v1:request>
      </v1:validateDocumentRequest>
   </soapenv:Body>
</soapenv:Envelope>]]></con:request><con:assertion type="SOAP Fault Assertion" id="f329c573-08fa-426e-9cf2-d7e7cde16533" name="Not SOAP Fault"/><con:assertion type="SOAP Response" id="b001f570-431a-41d4-979b-6ca5e8f602d3" name="SOAP Response"/><con:assertion type="Schema Compliance" id="4cf34078-c228-4b9b-ad78-490095e5f7d3" name="Schema Compliance"><con:configuration/></con:assertion><con:wsaConfig action="http://fidus.brussels/services/civilstatusdocumentservice/validateDocument"/></con:request></con:config></con:testStep><con:testStep type="request" id="30b76beb-a87b-4d2d-afd6-63b7aa047859" name="testcase4 - Staging - Worker2 - Request"><con:settings/><con:config xsi:type="con:RequestStep" xmlns:xsi="http://www.w3.org/2001/XMLSchema-instance"><con:interface>CivilStatusDocumentService_v1.0Soap11Binding</con:interface><con:operation>validateDocument</con:operation><con:request name="testcase4 - Staging - Worker2 - Request" id="b7f9cba4-7126-4f41-95cd-994bf4c03366" outgoingWss="Outflow STAG"><con:settings/><con:encoding>UTF-8</con:encoding><con:endpoint>https://192.168.24.64:8443/services/CivilStatusDocumentService_v1.0</con:endpoint><con:request><![CDATA[<soapenv:Envelope xmlns:soapenv="http://schemas.xmlsoap.org/soap/envelope/" xmlns:v1="http://fidus.brussels/service/civilstatusdocumentservice/messages/v1" xmlns:v11="http://fidus.brussels/type/common/messages/v1" xmlns:core="http://www.fgov.be/dabs/core">
   <soapenv:Header/>
   <soapenv:Body>
      <v1:validateDocumentRequest>
         <v1:messageContext>
            <v11:messageId>${=import static java.util.UUID.randomUUID; uuid = randomUUID() as String}</v11:messageId>
            <v11:timestamp>${=new java.text.SimpleDateFormat("yyyy-MM-dd'T'HH:mm:ss.SSS").format(new Date())}</v11:timestamp>
         </v1:messageContext>
         <v1:legalContext>ServiceIntegrator</v1:legalContext>
         <v1:request>
            <v1:language>fr</v1:language>
             <v1:municipalityCode>d1051</v1:municipalityCode>
            <v1:validateDocument>
               <document xsi:type="core:marriageCertificate" xmlns:xsi="http://www.w3.org/2001/XMLSchema-instance">
                  <attachments/>
                  <certificateOriginType>FOREIGN_CERTIFICATE</certificateOriginType>
                  <factDate>
                     <day>26</day>
                     <month>12</month>
                     <year>2011</year>
                  </factDate>
                  <establishingDate>2018-07-17</establishingDate>
                  <redactionPlace>
                     <municipalityCode>12007</municipalityCode>
                     <countryCode>150</countryCode>
                     <countryFreeText>test</countryFreeText>
                  </redactionPlace>
                  <origin>DABS</origin>
                  <persons>
                     <person>
                        <origin>RR</origin>
                        <nobilityFree/>
                        <birthPlace>
                           <municipalityCode>12010</municipalityCode>
                           <countryCode>150</countryCode>
                           <countryFreeText>test</countryFreeText>
                        </birthPlace>
                        <birthDate>
                           <day>11</day>
                           <month>1</month>
                           <year>1980</year>
                        </birthDate>
                        <firstname>Katrien</firstname>
                        <lastname>De Bondt</lastname>
                        <roles>
                           <role>SPOUSE_2</role>
                        </roles>
                        <personNumber>11234</personNumber>
                     </person>
                     <person>
                        <origin>RR</origin>
                        <nobilityFree/>
                        <birthPlace>
                           <municipalityFreeText>Budel</municipalityFreeText>
                           <countryCode>129</countryCode>
                           <countryFreeText>test</countryFreeText>
                        </birthPlace>
                        <birthDate>
                           <day>5</day>
                           <month>7</month>
                           <year>1979</year>
                        </birthDate>
                        <firstname>Bram Tonny Gerda</firstname>
                        <lastname>Van Huffel</lastname>
                        <roles>
                           <role>SPOUSE_1</role>
                        </roles>
                        <personNumber>1125000</personNumber>
                     </person>
                     <person>
                        <origin>RR</origin>
                        <birthPlace>
                           <municipalityCode>12007</municipalityCode>
                           <countryCode>150</countryCode>
                           <countryFreeText>test</countryFreeText>
                        </birthPlace>
                        <birthDate>
                           <day>1</day>
                           <month>4</month>
                           <year>1986</year>
                        </birthDate>
                        <firstname>Mounir</firstname>
                        <lastname>Ouchan</lastname>
                        <roles>
                           <role>ABS</role>
                        </roles>
                        <personNumber>86040128370</personNumber>
                     </person>
                  </persons>
                  <oldDocumentReference>2018/33</oldDocumentReference>
                  <docState>FINAL</docState>
               </document>
            </v1:validateDocument>
         </v1:request>
      </v1:validateDocumentRequest>
   </soapenv:Body>
</soapenv:Envelope>]]></con:request><con:assertion type="SOAP Fault Assertion" id="e01f4f9f-b6d4-4d42-9bb8-db0428799e8b" name="Not SOAP Fault"/><con:assertion type="SOAP Response" id="5faf819c-e72d-412a-8df8-8b81d821c3eb" name="SOAP Response"/><con:assertion type="Schema Compliance" id="3141a5b4-c3a8-4872-bb81-a6fb889cc413" name="Schema Compliance"><con:configuration/></con:assertion><con:wsaConfig action="http://fidus.brussels/services/civilstatusdocumentservice/validateDocument"/></con:request></con:config></con:testStep><con:properties/></con:testCase><con:properties/></con:testSuite><con:properties/><con:wssContainer><con:crypto><con:source>data/wso2/keystores/user-rajarshi.jks</con:source><con:password>test@fidus01</con:password><con:type>KEYSTORE</con:type></con:crypto><con:outgoing><con:name>Outflow DEV</con:name></con:outgoing><con:outgoing><con:name>Outflow TEST</con:name><con:entry type="Signature" username="testuser-test.fidus.brussels" password="test@fidus01"><con:configuration><crypto>user-rajarshi.jks</crypto><keyIdentifierType>3</keyIdentifierType><signatureAlgorithm/><signatureCanonicalization/><useSingleCert>true</useSingleCert><digestAlgorithm/><customTokenValueType/><customTokenId/></con:configuration></con:entry><con:entry type="Timestamp"><con:configuration><timeToLive>300000</timeToLive><strictTimestamp>true</strictTimestamp></con:configuration></con:entry></con:outgoing><con:outgoing><con:name>Outflow STAG</con:name></con:outgoing></con:wssContainer><con:oAuth2ProfileContainer/><con:oAuth1ProfileContainer/><con:sensitiveInformation/></con:soapui-project>