<?xml version="1.0" encoding="UTF-8"?>
<con:soapui-project id="11b404ed-5013-42b2-92a9-013432525abe" activeEnvironment="Default" name="Client-LowEmissionZoneService-1.1-soapui-project" resourceRoot="" soapui-version="5.1.3" abortOnError="false" runType="SEQUENTIAL" xmlns:con="http://eviware.com/soapui/config"><con:settings/><con:interface xsi:type="con:WsdlInterface" id="548e423b-90e0-4e19-b45f-01f908a20276" wsaVersion="NONE" name="LowEmissionZoneServiceHTTPBinding" type="wsdl" bindingName="{http://fidus.brussels/service/lowemissionzoneservice/v1.1}LowEmissionZoneServiceHTTPBinding" soapVersion="1_1" anonymous="optional" definition="file:/home/isr/git/parent/lowemissionzoneservice_1.1/LowEmissionZoneServiceGateway/src/main/resources/wsdl/lowEmissionZoneService/1.1.0/LowEmissionZoneService_v1.1.wsdl" xmlns:xsi="http://www.w3.org/2001/XMLSchema-instance"><con:settings/><con:definitionCache type="TEXT" rootPart="file:/home/isr/git/parent/lowemissionzoneservice_1.1/LowEmissionZoneServiceGateway/src/main/resources/wsdl/lowEmissionZoneService/1.1.0/LowEmissionZoneService_v1.1.wsdl"><con:part><con:url>file:/home/isr/git/parent/lowemissionzoneservice_1.1/LowEmissionZoneServiceGateway/src/main/resources/wsdl/lowEmissionZoneService/1.1.0/LowEmissionZoneService_v1.1.wsdl</con:url><con:content><![CDATA[<wsdl:definitions targetNamespace="http://fidus.brussels/service/lowemissionzoneservice/v1.1" name="LowEmissionZoneService" xmlns:soap="http://schemas.xmlsoap.org/wsdl/soap/" xmlns:wsdl="http://schemas.xmlsoap.org/wsdl/" xmlns:xsd="http://www.w3.org/2001/XMLSchema" xmlns:mes="http://fidus.brussels/service/lowemissionzoneservice/messages/v1.1" xmlns:tns="http://fidus.brussels/service/lowemissionzoneservice/v1.1">
  <xsd:annotation>
    <xsd:documentation>LowEmissionZoneService WDSL v1.1</xsd:documentation>
  </xsd:annotation>
  <wsdl:types>
    <xsd:schema targetNamespace="http://fidus.brussels/service/lowemissionzoneservice/v1.1" elementFormDefault="qualified">
      <xsd:import namespace="http://fidus.brussels/service/lowemissionzoneservice/messages/v1.1" schemaLocation="messages/lowEmissionZoneServiceMessages_v1.1.xsd"/>
    </xsd:schema>
  </wsdl:types>
  <wsdl:message name="sendFormRequestMessage">
    <wsdl:part name="SendFormRequest" element="mes:sendFormRequest"/>
  </wsdl:message>
  <wsdl:message name="sendFormResponseMessage">
    <wsdl:part name="SendFormResponse" element="mes:sendFormResponse"/>
  </wsdl:message>
  <wsdl:portType name="LowEmissionZoneServicePortType">
    <wsdl:operation name="sendForm">
      <wsdl:input message="tns:sendFormRequestMessage"/>
      <wsdl:output message="tns:sendFormResponseMessage"/>
    </wsdl:operation>
  </wsdl:portType>
  <wsdl:binding name="LowEmissionZoneServiceHTTPBinding" type="tns:LowEmissionZoneServicePortType">
    <soap:binding style="document" transport="http://schemas.xmlsoap.org/soap/http"/>
    <wsdl:operation name="sendForm">
      <soap:operation soapAction="http://fidus.brussels/services/lowemissionzoneservice/sendForm"/>
      <wsdl:input>
        <soap:body use="literal"/>
      </wsdl:input>
      <wsdl:output>
        <soap:body use="literal"/>
      </wsdl:output>
    </wsdl:operation>
  </wsdl:binding>
  <wsdl:service name="LowEmissionZoneService_v1.1">
    <wsdl:port name="LowEmissionZoneService_v1.1" binding="tns:LowEmissionZoneServiceHTTPBinding">
      <soap:address location="http://fidus.brussels/services/lowemissionzoneservice/v1.1"/>
    </wsdl:port>
  </wsdl:service>
</wsdl:definitions>]]></con:content><con:type>http://schemas.xmlsoap.org/wsdl/</con:type></con:part><con:part><con:url>file:/home/isr/git/parent/lowemissionzoneservice_1.1/LowEmissionZoneServiceGateway/src/main/resources/wsdl/lowEmissionZoneService/1.1.0/messages/lowEmissionZoneServiceMessages_v1.1.xsd</con:url><con:content><![CDATA[<xsd:schema targetNamespace="http://fidus.brussels/service/lowemissionzoneservice/messages/v1.1" elementFormDefault="qualified" attributeFormDefault="unqualified" version="1.0" xmlns:xsd="http://www.w3.org/2001/XMLSchema" xmlns:cme="http://fidus.brussels/type/common/messages/v1" xmlns:exc="http://fidus.brussels/type/common/exceptions/v1" xmlns:tns="http://fidus.brussels/service/lowemissionzoneservice/messages/v1.1">
  <xsd:import namespace="http://fidus.brussels/type/common/messages/v1" schemaLocation="baseMessageTypes_v1.xsd"/>
  <xsd:import namespace="http://fidus.brussels/type/common/exceptions/v1" schemaLocation="exceptionTypes_v1.xsd"/>
  <xsd:complexType name="LowEmissionZoneServiceRequestType">
    <xsd:annotation>
      <xsd:documentation>List of the identifiers which are requested</xsd:documentation>
    </xsd:annotation>
    <xsd:sequence>
      <xsd:element name="ids" type="tns:ListOfIds">
        <xsd:annotation>
          <xsd:documentation>List of ids</xsd:documentation>
        </xsd:annotation>
      </xsd:element>
    </xsd:sequence>
  </xsd:complexType>
  <xsd:complexType name="SendFormRequestTypeType">
    <xsd:annotation>
      <xsd:documentation></xsd:documentation>
    </xsd:annotation>
    <xsd:sequence>
      <xsd:element name="applicationName" type="xsd:string"/>
      <xsd:element name="formName" type="xsd:string"/>
      <xsd:element name="formKey" type="xsd:string"/>
    </xsd:sequence>
  </xsd:complexType>
  <xsd:complexType name="ListOfIds">
    <xsd:sequence>
      <xsd:element name="id" type="tns:id" minOccurs="1" maxOccurs="unbounded" nillable="false"/>
    </xsd:sequence>
  </xsd:complexType>
  <xsd:simpleType name="id">
    <xsd:restriction base="xsd:string">
      <xsd:pattern value="[a-zA-Z0-9]{24,}"/>
    </xsd:restriction>
  </xsd:simpleType>
  <!--Request getLowEmissionZoneService definition-->
  <xsd:complexType name="GetPhotoRequestType">
    <xsd:sequence>
      <xsd:element name="messageContext" type="cme:RequestMessageContextType"/>
      <xsd:element name="legalContext" type="cme:LegalContextType"/>
      <xsd:element name="request" type="tns:LowEmissionZoneServiceRequestType"/>
    </xsd:sequence>
  </xsd:complexType>
  <xsd:complexType name="SendFormRequestType">
    <xsd:sequence>
      <xsd:element name="messageContext" type="cme:RequestMessageContextType"/>
      <xsd:element name="legalContext" type="cme:LegalContextType"/>
      <xsd:element name="request" type="tns:SendFormRequestTypeType"/>
    </xsd:sequence>
  </xsd:complexType>
  <!--Request getLowEmissionZoneService definition-->
  <xsd:complexType name="GetPhotoResponseType">
    <xsd:sequence>
      <xsd:element name="messageContext" type="cme:ResponseMessageContextType"/>
      <xsd:element name="responses" type="tns:ResponsesType" minOccurs="0"/>
      <xsd:element name="exceptions" type="exc:ExceptionsType" minOccurs="0">
        <xsd:annotation>
          <xsd:documentation>Technical errors that occur when processing the
						message context e.g. insufficient rights.</xsd:documentation>
        </xsd:annotation>
      </xsd:element>
    </xsd:sequence>
  </xsd:complexType>
  <xsd:complexType name="SendFormResponseType">
    <xsd:sequence>
      <xsd:element name="messageContext" type="cme:ResponseMessageContextType"/>
      <xsd:element name="responses" type="tns:ResponsesTypeType" minOccurs="0"/>
      <xsd:element name="exceptions" type="exc:ExceptionsType" minOccurs="0">
        <xsd:annotation>
          <xsd:documentation>Technical errors that occur when processing the
        					message context e.g. insufficient rights.</xsd:documentation>
        </xsd:annotation>
      </xsd:element>
    </xsd:sequence>
  </xsd:complexType>
  <xsd:complexType name="ResponsesType">
    <xsd:sequence>
      <xsd:element name="response" type="tns:ResponseType" minOccurs="1" maxOccurs="1"/>
    </xsd:sequence>
  </xsd:complexType>
  <xsd:complexType name="ResponsesTypeType">
    <xsd:sequence>
      <xsd:element name="response" type="tns:SendFormResponseTypeType" minOccurs="1" maxOccurs="1"/>
    </xsd:sequence>
  </xsd:complexType>
  <xsd:complexType name="ResponseType">
    <xsd:sequence>
      <xsd:element name="photos" type="tns:photos" minOccurs="0"/>
    </xsd:sequence>
  </xsd:complexType>
  <xsd:complexType name="SendFormResponseTypeType">
    <xsd:sequence>
      <xsd:element name="status" type="xsd:string" minOccurs="0"/>
    </xsd:sequence>
  </xsd:complexType>
  <xsd:complexType name="photos">
    <xsd:sequence>
      <xsd:element name="photo" type="tns:photo" minOccurs="1" maxOccurs="unbounded"/>
    </xsd:sequence>
  </xsd:complexType>
  <xsd:complexType name="photo">
    <xsd:sequence>
      <xsd:element name="binary" type="tns:AttachmentType" minOccurs="0" maxOccurs="unbounded"/>
      <xsd:element name="exceptions" type="exc:ExceptionsType" minOccurs="0">
        <xsd:annotation>
          <xsd:documentation>Business exceptions that occur when processing
                        the request or response e.g. missing data for a single response
                        element.
                        Exceptions at this level may contain back-end specific
                        codes and content.</xsd:documentation>
        </xsd:annotation>
      </xsd:element>
    </xsd:sequence>
  </xsd:complexType>
  <xsd:simpleType name="AttachmentType">
    <xsd:restriction base="xsd:base64Binary"/>
  </xsd:simpleType>
  <!--Element of the request and the response-->
  <xsd:element name="getPhotoRequest" type="tns:GetPhotoRequestType"/>
  <xsd:element name="getPhotoResponse" type="tns:GetPhotoResponseType"/>
  <xsd:element name="sendFormRequest" type="tns:SendFormRequestType"/>
  <xsd:element name="sendFormResponse" type="tns:SendFormResponseType"/>
</xsd:schema>]]></con:content><con:type>http://www.w3.org/2001/XMLSchema</con:type></con:part><con:part><con:url>file:/home/isr/git/parent/lowemissionzoneservice_1.1/LowEmissionZoneServiceGateway/src/main/resources/wsdl/lowEmissionZoneService/1.1.0/messages/baseMessageTypes_v1.xsd</con:url><con:content><![CDATA[<xsd:schema targetNamespace="http://fidus.brussels/type/common/messages/v1" elementFormDefault="qualified" attributeFormDefault="unqualified" version="1.0" xmlns:xsd="http://www.w3.org/2001/XMLSchema" xmlns:cmn="http://fidus.brussels/type/common/v1" xmlns:tns="http://fidus.brussels/type/common/messages/v1">
  <!--Unformatted message Id-->
  <xsd:simpleType name="MessageIdType">
    <xsd:restriction base="xsd:string">
      <xsd:minLength value="1"/>
      <xsd:maxLength value="64"/>
    </xsd:restriction>
  </xsd:simpleType>
  <!--National Number of the person. Format depending on the Register-->
  <xsd:simpleType name="PersonNumberType">
    <xsd:restriction base="xsd:string">
      <xsd:pattern value="[0-9][0-9](([0][0-9])|([1][0-2]))(([0-2][0-9])|([3][0-1]))(([0-9]{2}[1-9])|([0-9][1-9][0-9])|([1-9][0-9]{2}))(([0-8][0-9])|([9][0-7]))">
        <xsd:annotation>
          <xsd:documentation>National Register format</xsd:documentation>
        </xsd:annotation>
      </xsd:pattern>
      <xsd:pattern value="[0-9][0-9](([2][0-9])|([3][0-2]))(([0-2][0-9])|([3][0-1]))[0-9]{3}(([0-8][0-9])|([9][0-7]))">
        <xsd:annotation>
          <xsd:documentation>CBSS Register format: Bis Register</xsd:documentation>
        </xsd:annotation>
      </xsd:pattern>
      <xsd:pattern value="[0-9][0-9](([4][0-9])|([5][0-2]))(([0-2][0-9])|([3][0-1]))[0-9]{3}(([0-8][0-9])|([9][0-7]))">
        <xsd:annotation>
          <xsd:documentation>CBSS Register format: Ter Register</xsd:documentation>
        </xsd:annotation>
      </xsd:pattern>
    </xsd:restriction>
  </xsd:simpleType>
  <!--Request message context-->
  <xsd:complexType name="RequestMessageContextType">
    <xsd:annotation>
      <xsd:documentation>Message context block generated by the consumer.</xsd:documentation>
    </xsd:annotation>
    <xsd:sequence>
      <xsd:element name="messageId" type="tns:MessageIdType">
        <xsd:annotation>
          <xsd:documentation>Consumer must assign their own MessageId reference for the request.</xsd:documentation>
        </xsd:annotation>
      </xsd:element>
      <xsd:element name="timestamp" type="xsd:dateTime" minOccurs="0">
        <xsd:annotation>
          <xsd:documentation>Timestamp when client sent request.</xsd:documentation>
        </xsd:annotation>
      </xsd:element>
    </xsd:sequence>
  </xsd:complexType>
  <!--Response message context-->
  <xsd:complexType name="ResponseMessageContextType">
    <xsd:annotation>
      <xsd:documentation>MessageContext block generated by fidus.</xsd:documentation>
    </xsd:annotation>
    <xsd:sequence>
      <xsd:element name="messageId" type="tns:MessageIdType">
        <xsd:annotation>
          <xsd:documentation>A unique identifier generated by fidus.</xsd:documentation>
        </xsd:annotation>
      </xsd:element>
      <xsd:element name="transactionId" type="tns:MessageIdType">
        <xsd:annotation>
          <xsd:documentation>A unique ID returned to the client for tracing purposes.</xsd:documentation>
        </xsd:annotation>
      </xsd:element>
      <xsd:element name="relatesTo" type="tns:MessageIdType" minOccurs="0">
        <xsd:annotation>
          <xsd:documentation>Optional field. The unique id of a previous batch file in this exchange Only used for responses.</xsd:documentation>
        </xsd:annotation>
      </xsd:element>
      <xsd:element name="timestamp" type="xsd:dateTime" minOccurs="0">
        <xsd:annotation>
          <xsd:documentation>Time reply sent by fidus.</xsd:documentation>
        </xsd:annotation>
      </xsd:element>
    </xsd:sequence>
  </xsd:complexType>
  <!--Legal Context : the finality of the Privacy Commission-->
  <xsd:simpleType name="LegalContextType">
    <xsd:restriction base="xsd:string">
      <xsd:minLength value="1"/>
      <xsd:maxLength value="64"/>
    </xsd:restriction>
  </xsd:simpleType>
  <xsd:complexType name="UserContextType">
    <xsd:annotation>
      <xsd:documentation>The user context defines information regarding the actual user performing a request.</xsd:documentation>
    </xsd:annotation>
    <xsd:sequence>
      <xsd:element name="language" type="xsd:language" nillable="true">
        <xsd:annotation>
          <xsd:documentation>The preferred language of the actual user performing the request.
						This influences the language in which response elements are cast.</xsd:documentation>
        </xsd:annotation>
      </xsd:element>
    </xsd:sequence>
  </xsd:complexType>
</xsd:schema>]]></con:content><con:type>http://www.w3.org/2001/XMLSchema</con:type></con:part><con:part><con:url>file:/home/isr/git/parent/lowemissionzoneservice_1.1/LowEmissionZoneServiceGateway/src/main/resources/wsdl/lowEmissionZoneService/1.1.0/messages/exceptionTypes_v1.xsd</con:url><con:content><![CDATA[<xsd:schema targetNamespace="http://fidus.brussels/type/common/exceptions/v1" elementFormDefault="qualified" attributeFormDefault="unqualified" version="1.0" xmlns:xsd="http://www.w3.org/2001/XMLSchema" xmlns:tns="http://fidus.brussels/type/common/exceptions/v1">
  <!--Basic error typed-->
  <xsd:complexType name="ExceptionsType">
    <xsd:sequence>
      <xsd:element name="exception" type="tns:ExceptionType" maxOccurs="unbounded"/>
    </xsd:sequence>
  </xsd:complexType>
  <xsd:complexType name="ExceptionType">
    <xsd:sequence>
      <xsd:element name="type" type="tns:ExceptionClassType"/>
      <xsd:element name="code" type="tns:ExceptionCodeType"/>
      <xsd:element name="source" type="tns:ExceptionSourceType"/>
      <xsd:element name="description" type="tns:ExceptionDescriptionType"/>
    </xsd:sequence>
  </xsd:complexType>
  <xsd:simpleType name="ExceptionClassType">
    <xsd:restriction base="xsd:string">
      <xsd:enumeration value="ERROR"/>
      <xsd:enumeration value="WARNING"/>
      <xsd:enumeration value="INFO"/>
    </xsd:restriction>
  </xsd:simpleType>
  <xsd:simpleType name="ExceptionCodeType">
    <xsd:restriction base="xsd:string">
      <xsd:maxLength value="20"/>
    </xsd:restriction>
  </xsd:simpleType>
  <xsd:simpleType name="ExceptionSourceType">
    <xsd:restriction base="xsd:string">
      <xsd:maxLength value="20"/>
    </xsd:restriction>
  </xsd:simpleType>
  <xsd:simpleType name="ExceptionDescriptionType">
    <xsd:restriction base="xsd:string"/>
  </xsd:simpleType>
</xsd:schema>]]></con:content><con:type>http://www.w3.org/2001/XMLSchema</con:type></con:part></con:definitionCache><con:endpoints><con:endpoint>http://fidus.brussels/services/lowemissionzoneservice/v1</con:endpoint><con:endpoint>http://fidus.brussels/services/lowemissionzoneservice/v1.1</con:endpoint><con:endpoint>http://fidus.brussels/services/messageformeservice/v1</con:endpoint></con:endpoints><con:operation id="b84e678b-521a-48b0-aa48-7a0d6ace9af4" isOneWay="false" action="http://fidus.brussels/services/lowemissionzoneservice/sendForm" name="sendForm" bindingOperationName="sendForm" type="Request-Response" inputName="" receivesAttachments="false" sendsAttachments="false" anonymous="optional"><con:settings/><con:call id="d935dc99-1c1d-45c1-a828-36558ea00fba" name="1 - Local - Request - OK" outgoingWss="Outflow DEV" incomingWss="Inflow DEV"><con:settings><con:setting id="com.eviware.soapui.impl.wsdl.WsdlRequest@request-headers">&lt;xml-fragment/></con:setting></con:settings><con:encoding>UTF-8</con:encoding><con:endpoint>https://localhost:8243/services/LowEmissionZoneService_v1.1</con:endpoint><con:request><![CDATA[<soapenv:Envelope xmlns:soapenv="http://schemas.xmlsoap.org/soap/envelope/" xmlns:v1="http://fidus.brussels/service/lowemissionzoneservice/messages/v1.1" xmlns:v11="http://fidus.brussels/type/common/messages/v1">
   <soapenv:Header/>
   <soapenv:Body>
      <v1:sendFormRequest>
         <v1:messageContext>
            <v11:messageId>${=import static java.util.UUID.randomUUID; uuid = randomUUID() as String}</v11:messageId>
            <v11:timestamp>${=new java.text.SimpleDateFormat("yyyy-MM-dd'T'HH:mm:ss.SSS").format(new Date())}</v11:timestamp>
         </v1:messageContext>
         <v1:legalContext>ServiceIntegrator</v1:legalContext>
         <v1:request>
            <v1:applicationName>IrisBox</v1:applicationName>
            <v1:formName>registrationForm</v1:formName>
            <v1:formKey>12345678910</v1:formKey>
         </v1:request>
      </v1:sendFormRequest>
   </soapenv:Body>
</soapenv:Envelope>]]></con:request><con:credentials><con:selectedAuthProfile>Basic</con:selectedAuthProfile><con:addedBasicAuthenticationTypes>Basic</con:addedBasicAuthenticationTypes><con:authType>Global HTTP Settings</con:authType></con:credentials><con:jmsConfig JMSDeliveryMode="PERSISTENT"/><con:jmsPropertyConfig/><con:wsaConfig mustUnderstand="NONE" version="200508" action="http://fidus.brussels/services/lowemissionzoneservice/sendForm"/><con:wsrmConfig version="1.2"/></con:call><con:call id="d8868273-9aa6-40b8-9660-19018181a056" name="3 - Test - External - Request - OK" outgoingWss="Outflow TEST" incomingWss="Inflow TEST"><con:settings><con:setting id="com.eviware.soapui.impl.wsdl.WsdlRequest@request-headers">&lt;xml-fragment/></con:setting></con:settings><con:encoding>UTF-8</con:encoding><con:endpoint>https://fidus-test.irisnetlab.be/services/LowEmissionZoneService_v1.1</con:endpoint><con:request><![CDATA[<soapenv:Envelope xmlns:soapenv="http://schemas.xmlsoap.org/soap/envelope/" xmlns:v1="http://fidus.brussels/service/lowemissionzoneservice/messages/v1.1" xmlns:v11="http://fidus.brussels/type/common/messages/v1">
   <soapenv:Header/>
   <soapenv:Body>
      <v1:sendFormRequest>
         <v1:messageContext>
            <v11:messageId>${=import static java.util.UUID.randomUUID; uuid = randomUUID() as String}</v11:messageId>
            <v11:timestamp>${=new java.text.SimpleDateFormat("yyyy-MM-dd'T'HH:mm:ss.SSS").format(new Date())}</v11:timestamp>
         </v1:messageContext>
         <v1:legalContext>ServiceIntegrator</v1:legalContext>
         <v1:request>
            <v1:applicationName>IrisBox</v1:applicationName>
            <v1:formName>registrationForm</v1:formName>
            <v1:formKey>12345678910</v1:formKey>
         </v1:request>
      </v1:sendFormRequest>
   </soapenv:Body>
</soapenv:Envelope>]]></con:request><con:credentials><con:selectedAuthProfile>Basic</con:selectedAuthProfile><con:addedBasicAuthenticationTypes>Basic</con:addedBasicAuthenticationTypes><con:authType>Global HTTP Settings</con:authType></con:credentials><con:jmsConfig JMSDeliveryMode="PERSISTENT"/><con:jmsPropertyConfig/><con:wsaConfig mustUnderstand="NONE" version="200508" action="http://fidus.brussels/services/lowemissionzoneservice/sendForm"/><con:wsrmConfig version="1.2"/></con:call><con:call id="a0f21dff-d2d0-47ae-a231-d4aaabe5f148" name="2 - Dev - Request - OK" outgoingWss="Outflow DEV" incomingWss="Inflow DEV"><con:settings><con:setting id="com.eviware.soapui.impl.wsdl.WsdlRequest@request-headers">&lt;xml-fragment/></con:setting></con:settings><con:encoding>UTF-8</con:encoding><con:endpoint>https://192.168.36.61:8243/services/LowEmissionZoneService_v1.1</con:endpoint><con:request><![CDATA[<soapenv:Envelope xmlns:soapenv="http://schemas.xmlsoap.org/soap/envelope/" xmlns:v1="http://fidus.brussels/service/lowemissionzoneservice/messages/v1.1" xmlns:v11="http://fidus.brussels/type/common/messages/v1">
   <soapenv:Header/>
   <soapenv:Body>
      <v1:sendFormRequest>
         <v1:messageContext>
            <v11:messageId>${=import static java.util.UUID.randomUUID; uuid = randomUUID() as String}</v11:messageId>
            <v11:timestamp>${=new java.text.SimpleDateFormat("yyyy-MM-dd'T'HH:mm:ss.SSS").format(new Date())}</v11:timestamp>
         </v1:messageContext>
         <v1:legalContext>ServiceIntegrator</v1:legalContext>
         <v1:request>
            <v1:applicationName>IrisBox</v1:applicationName>
            <v1:formName>registrationForm</v1:formName>
            <v1:formKey>12345678910</v1:formKey>
         </v1:request>
      </v1:sendFormRequest>
   </soapenv:Body>
</soapenv:Envelope>]]></con:request><con:credentials><con:selectedAuthProfile>Basic</con:selectedAuthProfile><con:addedBasicAuthenticationTypes>Basic</con:addedBasicAuthenticationTypes><con:authType>Global HTTP Settings</con:authType></con:credentials><con:jmsConfig JMSDeliveryMode="PERSISTENT"/><con:jmsPropertyConfig/><con:wsaConfig mustUnderstand="NONE" version="200508" action="http://fidus.brussels/services/lowemissionzoneservice/sendForm"/><con:wsrmConfig version="1.2"/></con:call><con:call id="86ac5407-2ec6-4f3b-91f4-ee4dee2e63f0" name="3 - Test - LB - Request - OK" outgoingWss="Outflow TEST" incomingWss="Inflow TEST"><con:settings><con:setting id="com.eviware.soapui.impl.wsdl.WsdlRequest@request-headers">&lt;xml-fragment/></con:setting></con:settings><con:encoding>UTF-8</con:encoding><con:endpoint>https://esb-security-gw.sta.srv.cirb.lan:8443/services/LowEmissionZoneService_v1.1</con:endpoint><con:request><![CDATA[<soapenv:Envelope xmlns:soapenv="http://schemas.xmlsoap.org/soap/envelope/" xmlns:v1="http://fidus.brussels/service/lowemissionzoneservice/messages/v1.1" xmlns:v11="http://fidus.brussels/type/common/messages/v1">
   <soapenv:Header/>
   <soapenv:Body>
      <v1:sendFormRequest>
         <v1:messageContext>
            <v11:messageId>${=import static java.util.UUID.randomUUID; uuid = randomUUID() as String}</v11:messageId>
            <v11:timestamp>${=new java.text.SimpleDateFormat("yyyy-MM-dd'T'HH:mm:ss.SSS").format(new Date())}</v11:timestamp>
         </v1:messageContext>
         <v1:legalContext>ServiceIntegrator</v1:legalContext>
         <v1:request>
            <v1:applicationName>IrisBox</v1:applicationName>
            <v1:formName>registrationForm</v1:formName>
            <v1:formKey>12345678910</v1:formKey>
         </v1:request>
      </v1:sendFormRequest>
   </soapenv:Body>
</soapenv:Envelope>]]></con:request><con:credentials><con:selectedAuthProfile>Basic</con:selectedAuthProfile><con:addedBasicAuthenticationTypes>Basic</con:addedBasicAuthenticationTypes><con:authType>Global HTTP Settings</con:authType></con:credentials><con:jmsConfig JMSDeliveryMode="PERSISTENT"/><con:jmsPropertyConfig/><con:wsaConfig mustUnderstand="NONE" version="200508" action="http://fidus.brussels/services/lowemissionzoneservice/sendForm"/><con:wsrmConfig version="1.2"/></con:call><con:call id="4d7d7897-ebd5-4ae8-8d68-0a8d8730d97b" name="3 - Test - Worker1 - Request - OK" outgoingWss="Outflow TEST" incomingWss="Inflow TEST"><con:settings><con:setting id="com.eviware.soapui.impl.wsdl.WsdlRequest@request-headers">&lt;xml-fragment/></con:setting></con:settings><con:encoding>UTF-8</con:encoding><con:endpoint>https://192.168.22.53:8443/services/LowEmissionZoneService_v1.1</con:endpoint><con:request><![CDATA[<soapenv:Envelope xmlns:soapenv="http://schemas.xmlsoap.org/soap/envelope/" xmlns:v1="http://fidus.brussels/service/lowemissionzoneservice/messages/v1.1" xmlns:v11="http://fidus.brussels/type/common/messages/v1">
   <soapenv:Header/>
   <soapenv:Body>
      <v1:sendFormRequest>
         <v1:messageContext>
            <v11:messageId>${=import static java.util.UUID.randomUUID; uuid = randomUUID() as String}</v11:messageId>
            <v11:timestamp>${=new java.text.SimpleDateFormat("yyyy-MM-dd'T'HH:mm:ss.SSS").format(new Date())}</v11:timestamp>
         </v1:messageContext>
         <v1:legalContext>ServiceIntegrator</v1:legalContext>
         <v1:request>
            <v1:applicationName>IrisBox</v1:applicationName>
            <v1:formName>registrationForm</v1:formName>
            <v1:formKey>12345678910</v1:formKey>
         </v1:request>
      </v1:sendFormRequest>
   </soapenv:Body>
</soapenv:Envelope>]]></con:request><con:credentials><con:selectedAuthProfile>Basic</con:selectedAuthProfile><con:addedBasicAuthenticationTypes>Basic</con:addedBasicAuthenticationTypes><con:authType>Global HTTP Settings</con:authType></con:credentials><con:jmsConfig JMSDeliveryMode="PERSISTENT"/><con:jmsPropertyConfig/><con:wsaConfig mustUnderstand="NONE" version="200508" action="http://fidus.brussels/services/lowemissionzoneservice/sendForm"/><con:wsrmConfig version="1.2"/></con:call><con:call id="d1148d94-8738-4629-9427-8e3fe11003ca" name="3 - Test - Worker2 - Request - OK" outgoingWss="Outflow TEST" incomingWss="Inflow TEST"><con:settings><con:setting id="com.eviware.soapui.impl.wsdl.WsdlRequest@request-headers">&lt;xml-fragment/></con:setting></con:settings><con:encoding>UTF-8</con:encoding><con:endpoint>https://192.168.22.54:8443/services/LowEmissionZoneService_v1.1</con:endpoint><con:request><![CDATA[<soapenv:Envelope xmlns:soapenv="http://schemas.xmlsoap.org/soap/envelope/" xmlns:v1="http://fidus.brussels/service/lowemissionzoneservice/messages/v1.1" xmlns:v11="http://fidus.brussels/type/common/messages/v1">
   <soapenv:Header/>
   <soapenv:Body>
      <v1:sendFormRequest>
         <v1:messageContext>
            <v11:messageId>${=import static java.util.UUID.randomUUID; uuid = randomUUID() as String}</v11:messageId>
            <v11:timestamp>${=new java.text.SimpleDateFormat("yyyy-MM-dd'T'HH:mm:ss.SSS").format(new Date())}</v11:timestamp>
         </v1:messageContext>
         <v1:legalContext>ServiceIntegrator</v1:legalContext>
         <v1:request>
            <v1:applicationName>IrisBox</v1:applicationName>
            <v1:formName>registrationForm</v1:formName>
            <v1:formKey>12345678910</v1:formKey>
         </v1:request>
      </v1:sendFormRequest>
   </soapenv:Body>
</soapenv:Envelope>]]></con:request><con:credentials><con:selectedAuthProfile>Basic</con:selectedAuthProfile><con:addedBasicAuthenticationTypes>Basic</con:addedBasicAuthenticationTypes><con:authType>Global HTTP Settings</con:authType></con:credentials><con:jmsConfig JMSDeliveryMode="PERSISTENT"/><con:jmsPropertyConfig/><con:wsaConfig mustUnderstand="NONE" version="200508" action="http://fidus.brussels/services/lowemissionzoneservice/sendForm"/><con:wsrmConfig version="1.2"/></con:call><con:call id="0c5ab764-8227-4e1a-ab90-3fb6c0d4de7d" name="4 - Staging - Worker2 - Request - OK" outgoingWss="Outflow STAGING" incomingWss="Inflow STAGING"><con:settings><con:setting id="com.eviware.soapui.impl.wsdl.WsdlRequest@request-headers">&lt;xml-fragment/></con:setting></con:settings><con:encoding>UTF-8</con:encoding><con:endpoint>https://192.168.24.17:8443/services/LowEmissionZoneService_v1.1</con:endpoint><con:request><![CDATA[<soapenv:Envelope xmlns:soapenv="http://schemas.xmlsoap.org/soap/envelope/" xmlns:v1="http://fidus.brussels/service/lowemissionzoneservice/messages/v1.1" xmlns:v11="http://fidus.brussels/type/common/messages/v1">
   <soapenv:Header/>
   <soapenv:Body>
      <v1:sendFormRequest>
         <v1:messageContext>
            <v11:messageId>${=import static java.util.UUID.randomUUID; uuid = randomUUID() as String}</v11:messageId>
            <v11:timestamp>${=new java.text.SimpleDateFormat("yyyy-MM-dd'T'HH:mm:ss.SSS").format(new Date())}</v11:timestamp>
         </v1:messageContext>
         <v1:legalContext>ServiceIntegrator</v1:legalContext>
         <v1:request>
            <v1:applicationName>IrisBox</v1:applicationName>
            <v1:formName>registrationForm</v1:formName>
            <v1:formKey>12345678910</v1:formKey>
         </v1:request>
      </v1:sendFormRequest>
   </soapenv:Body>
</soapenv:Envelope>]]></con:request><con:credentials><con:selectedAuthProfile>Basic</con:selectedAuthProfile><con:addedBasicAuthenticationTypes>Basic</con:addedBasicAuthenticationTypes><con:authType>Global HTTP Settings</con:authType></con:credentials><con:jmsConfig JMSDeliveryMode="PERSISTENT"/><con:jmsPropertyConfig/><con:wsaConfig mustUnderstand="NONE" version="200508" action="http://fidus.brussels/services/lowemissionzoneservice/sendForm"/><con:wsrmConfig version="1.2"/></con:call><con:call id="186690ff-b16e-46da-a3bd-f3d21f0ba092" name="4 - Staging - Worker1 - Request - OK" outgoingWss="Outflow STAGING" incomingWss="Inflow STAGING"><con:settings><con:setting id="com.eviware.soapui.impl.wsdl.WsdlRequest@request-headers">&lt;xml-fragment/></con:setting></con:settings><con:encoding>UTF-8</con:encoding><con:endpoint>https://192.168.24.16:8443/services/LowEmissionZoneService_v1.1</con:endpoint><con:request><![CDATA[<soapenv:Envelope xmlns:soapenv="http://schemas.xmlsoap.org/soap/envelope/" xmlns:v1="http://fidus.brussels/service/lowemissionzoneservice/messages/v1.1" xmlns:v11="http://fidus.brussels/type/common/messages/v1">
   <soapenv:Header/>
   <soapenv:Body>
      <v1:sendFormRequest>
         <v1:messageContext>
            <v11:messageId>${=import static java.util.UUID.randomUUID; uuid = randomUUID() as String}</v11:messageId>
            <v11:timestamp>${=new java.text.SimpleDateFormat("yyyy-MM-dd'T'HH:mm:ss.SSS").format(new Date())}</v11:timestamp>
         </v1:messageContext>
         <v1:legalContext>ServiceIntegrator</v1:legalContext>
         <v1:request>
            <v1:applicationName>IrisBox</v1:applicationName>
            <v1:formName>registrationForm</v1:formName>
            <v1:formKey>12345678910</v1:formKey>
         </v1:request>
      </v1:sendFormRequest>
   </soapenv:Body>
</soapenv:Envelope>]]></con:request><con:credentials><con:selectedAuthProfile>Basic</con:selectedAuthProfile><con:addedBasicAuthenticationTypes>Basic</con:addedBasicAuthenticationTypes><con:authType>Global HTTP Settings</con:authType></con:credentials><con:jmsConfig JMSDeliveryMode="PERSISTENT"/><con:jmsPropertyConfig/><con:wsaConfig mustUnderstand="NONE" version="200508" action="http://fidus.brussels/services/lowemissionzoneservice/sendForm"/><con:wsrmConfig version="1.2"/></con:call><con:call id="def64cf0-c6c0-40fe-b1b2-02037054abc9" name="4 - Staging - External - Request - OK" outgoingWss="Outflow STAGING" incomingWss="Inflow STAGING"><con:settings><con:setting id="com.eviware.soapui.impl.wsdl.WsdlRequest@request-headers">&lt;xml-fragment/></con:setting></con:settings><con:encoding>UTF-8</con:encoding><con:endpoint>https://fidus.irisnetlab.be/services/LowEmissionZoneService_v1.1</con:endpoint><con:request><![CDATA[<soapenv:Envelope xmlns:soapenv="http://schemas.xmlsoap.org/soap/envelope/" xmlns:v1="http://fidus.brussels/service/lowemissionzoneservice/messages/v1.1" xmlns:v11="http://fidus.brussels/type/common/messages/v1">
   <soapenv:Header/>
   <soapenv:Body>
      <v1:sendFormRequest>
         <v1:messageContext>
            <v11:messageId>${=import static java.util.UUID.randomUUID; uuid = randomUUID() as String}</v11:messageId>
            <v11:timestamp>${=new java.text.SimpleDateFormat("yyyy-MM-dd'T'HH:mm:ss.SSS").format(new Date())}</v11:timestamp>
         </v1:messageContext>
         <v1:legalContext>ServiceIntegrator</v1:legalContext>
         <v1:request>
            <v1:applicationName>IrisBox</v1:applicationName>
            <v1:formName>registrationForm</v1:formName>
            <v1:formKey>12345678910</v1:formKey>
         </v1:request>
      </v1:sendFormRequest>
   </soapenv:Body>
</soapenv:Envelope>]]></con:request><con:credentials><con:selectedAuthProfile>Basic</con:selectedAuthProfile><con:addedBasicAuthenticationTypes>Basic</con:addedBasicAuthenticationTypes><con:authType>Global HTTP Settings</con:authType></con:credentials><con:jmsConfig JMSDeliveryMode="PERSISTENT"/><con:jmsPropertyConfig/><con:wsaConfig mustUnderstand="NONE" version="200508" action="http://fidus.brussels/services/lowemissionzoneservice/sendForm"/><con:wsrmConfig version="1.2"/></con:call><con:call id="04497023-df5c-4ca1-acb7-b1acf7a38870" name="2 - DevNew - Request - OK" outgoingWss="Outflow DEV" incomingWss="Inflow DEV"><con:settings><con:setting id="com.eviware.soapui.impl.wsdl.WsdlRequest@request-headers">&lt;xml-fragment/></con:setting></con:settings><con:encoding>UTF-8</con:encoding><con:endpoint>https://192.168.36.205:8243/services/LowEmissionZoneService_v1.1</con:endpoint><con:request><![CDATA[<soapenv:Envelope xmlns:soapenv="http://schemas.xmlsoap.org/soap/envelope/" xmlns:v1="http://fidus.brussels/service/lowemissionzoneservice/messages/v1.1" xmlns:v11="http://fidus.brussels/type/common/messages/v1">
   <soapenv:Header/>
   <soapenv:Body>
      <v1:sendFormRequest>
         <v1:messageContext>
            <v11:messageId>${=import static java.util.UUID.randomUUID; uuid = randomUUID() as String}</v11:messageId>
            <v11:timestamp>${=new java.text.SimpleDateFormat("yyyy-MM-dd'T'HH:mm:ss.SSS").format(new Date())}</v11:timestamp>
         </v1:messageContext>
         <v1:legalContext>ServiceIntegrator</v1:legalContext>
         <v1:request>
            <v1:applicationName>IrisBox</v1:applicationName>
            <v1:formName>registrationForm</v1:formName>
            <v1:formKey>12345678910</v1:formKey>
         </v1:request>
      </v1:sendFormRequest>
   </soapenv:Body>
</soapenv:Envelope>]]></con:request><con:credentials><con:selectedAuthProfile>Basic</con:selectedAuthProfile><con:addedBasicAuthenticationTypes>Basic</con:addedBasicAuthenticationTypes><con:authType>Global HTTP Settings</con:authType></con:credentials><con:jmsConfig JMSDeliveryMode="PERSISTENT"/><con:jmsPropertyConfig/><con:wsaConfig mustUnderstand="NONE" version="200508" action="http://fidus.brussels/services/lowemissionzoneservice/sendForm"/><con:wsrmConfig version="1.2"/></con:call><con:call id="66e39eb5-b38c-4c7e-83dc-98c63e0c0053" name="3 - Test - Worker1New - Request - OK" outgoingWss="Outflow TEST" incomingWss="Inflow TEST"><con:settings><con:setting id="com.eviware.soapui.impl.wsdl.WsdlRequest@request-headers">&lt;xml-fragment/></con:setting></con:settings><con:encoding>UTF-8</con:encoding><con:endpoint>https://192.168.22.73:8443/services/LowEmissionZoneService_v1.1</con:endpoint><con:request><![CDATA[<soapenv:Envelope xmlns:soapenv="http://schemas.xmlsoap.org/soap/envelope/" xmlns:v1="http://fidus.brussels/service/lowemissionzoneservice/messages/v1.1" xmlns:v11="http://fidus.brussels/type/common/messages/v1">
   <soapenv:Header/>
   <soapenv:Body>
      <v1:sendFormRequest>
         <v1:messageContext>
            <v11:messageId>${=import static java.util.UUID.randomUUID; uuid = randomUUID() as String}</v11:messageId>
            <v11:timestamp>${=new java.text.SimpleDateFormat("yyyy-MM-dd'T'HH:mm:ss.SSS").format(new Date())}</v11:timestamp>
         </v1:messageContext>
         <v1:legalContext>ServiceIntegrator</v1:legalContext>
         <v1:request>
            <v1:applicationName>IrisBox</v1:applicationName>
            <v1:formName>registrationForm</v1:formName>
            <v1:formKey>12345678910</v1:formKey>
         </v1:request>
      </v1:sendFormRequest>
   </soapenv:Body>
</soapenv:Envelope>]]></con:request><con:credentials><con:selectedAuthProfile>Basic</con:selectedAuthProfile><con:addedBasicAuthenticationTypes>Basic</con:addedBasicAuthenticationTypes><con:authType>Global HTTP Settings</con:authType></con:credentials><con:jmsConfig JMSDeliveryMode="PERSISTENT"/><con:jmsPropertyConfig/><con:wsaConfig mustUnderstand="NONE" version="200508" action="http://fidus.brussels/services/lowemissionzoneservice/sendForm"/><con:wsrmConfig version="1.2"/></con:call><con:call id="df29614d-847c-4a58-9def-7c5f0c6ba5d8" name="3 - Test - Worker2New - Request - OK" outgoingWss="Outflow TEST" incomingWss="Inflow TEST"><con:settings><con:setting id="com.eviware.soapui.impl.wsdl.WsdlRequest@request-headers">&lt;xml-fragment/></con:setting></con:settings><con:encoding>UTF-8</con:encoding><con:endpoint>https://192.168.22.93:8443/services/LowEmissionZoneService_v1.1</con:endpoint><con:request><![CDATA[<soapenv:Envelope xmlns:soapenv="http://schemas.xmlsoap.org/soap/envelope/" xmlns:v1="http://fidus.brussels/service/lowemissionzoneservice/messages/v1.1" xmlns:v11="http://fidus.brussels/type/common/messages/v1">
   <soapenv:Header/>
   <soapenv:Body>
      <v1:sendFormRequest>
         <v1:messageContext>
            <v11:messageId>${=import static java.util.UUID.randomUUID; uuid = randomUUID() as String}</v11:messageId>
            <v11:timestamp>${=new java.text.SimpleDateFormat("yyyy-MM-dd'T'HH:mm:ss.SSS").format(new Date())}</v11:timestamp>
         </v1:messageContext>
         <v1:legalContext>ServiceIntegrator</v1:legalContext>
         <v1:request>
            <v1:applicationName>IrisBox</v1:applicationName>
            <v1:formName>registrationForm</v1:formName>
            <v1:formKey>12345678910</v1:formKey>
         </v1:request>
      </v1:sendFormRequest>
   </soapenv:Body>
</soapenv:Envelope>]]></con:request><con:credentials><con:selectedAuthProfile>Basic</con:selectedAuthProfile><con:addedBasicAuthenticationTypes>Basic</con:addedBasicAuthenticationTypes><con:authType>Global HTTP Settings</con:authType></con:credentials><con:jmsConfig JMSDeliveryMode="PERSISTENT"/><con:jmsPropertyConfig/><con:wsaConfig mustUnderstand="NONE" version="200508" action="http://fidus.brussels/services/lowemissionzoneservice/sendForm"/><con:wsrmConfig version="1.2"/></con:call><con:call id="35aa5ca5-374c-4b1e-88f2-f177f962ae1d" name="4 - Staging - Worker1New - Request - OK" outgoingWss="Outflow STAGING" incomingWss="Inflow STAGING"><con:settings><con:setting id="com.eviware.soapui.impl.wsdl.WsdlRequest@request-headers">&lt;xml-fragment/></con:setting></con:settings><con:encoding>UTF-8</con:encoding><con:endpoint>https://192.168.23.191:8443/services/LowEmissionZoneService_v1.1</con:endpoint><con:request><![CDATA[<soapenv:Envelope xmlns:soapenv="http://schemas.xmlsoap.org/soap/envelope/" xmlns:v1="http://fidus.brussels/service/lowemissionzoneservice/messages/v1.1" xmlns:v11="http://fidus.brussels/type/common/messages/v1">
   <soapenv:Header/>
   <soapenv:Body>
      <v1:sendFormRequest>
         <v1:messageContext>
            <v11:messageId>${=import static java.util.UUID.randomUUID; uuid = randomUUID() as String}</v11:messageId>
            <v11:timestamp>${=new java.text.SimpleDateFormat("yyyy-MM-dd'T'HH:mm:ss.SSS").format(new Date())}</v11:timestamp>
         </v1:messageContext>
         <v1:legalContext>ServiceIntegrator</v1:legalContext>
         <v1:request>
            <v1:applicationName>IrisBox</v1:applicationName>
            <v1:formName>registrationForm</v1:formName>
            <v1:formKey>12345678910</v1:formKey>
         </v1:request>
      </v1:sendFormRequest>
   </soapenv:Body>
</soapenv:Envelope>]]></con:request><con:credentials><con:selectedAuthProfile>Basic</con:selectedAuthProfile><con:addedBasicAuthenticationTypes>Basic</con:addedBasicAuthenticationTypes><con:authType>Global HTTP Settings</con:authType></con:credentials><con:jmsConfig JMSDeliveryMode="PERSISTENT"/><con:jmsPropertyConfig/><con:wsaConfig mustUnderstand="NONE" version="200508" action="http://fidus.brussels/services/lowemissionzoneservice/sendForm"/><con:wsrmConfig version="1.2"/></con:call><con:call id="9c30b1a6-63a0-475e-b32c-aff0cce722ef" name="4 - Staging - Worker2New - Request - OK" outgoingWss="Outflow STAGING" incomingWss="Inflow STAGING"><con:settings><con:setting id="com.eviware.soapui.impl.wsdl.WsdlRequest@request-headers">&lt;xml-fragment/></con:setting></con:settings><con:encoding>UTF-8</con:encoding><con:endpoint>https://192.168.23.198:8443/services/LowEmissionZoneService_v1.1</con:endpoint><con:request><![CDATA[<soapenv:Envelope xmlns:soapenv="http://schemas.xmlsoap.org/soap/envelope/" xmlns:v1="http://fidus.brussels/service/lowemissionzoneservice/messages/v1.1" xmlns:v11="http://fidus.brussels/type/common/messages/v1">
   <soapenv:Header/>
   <soapenv:Body>
      <v1:sendFormRequest>
         <v1:messageContext>
            <v11:messageId>${=import static java.util.UUID.randomUUID; uuid = randomUUID() as String}</v11:messageId>
            <v11:timestamp>${=new java.text.SimpleDateFormat("yyyy-MM-dd'T'HH:mm:ss.SSS").format(new Date())}</v11:timestamp>
         </v1:messageContext>
         <v1:legalContext>ServiceIntegrator</v1:legalContext>
         <v1:request>
            <v1:applicationName>IrisBox</v1:applicationName>
            <v1:formName>registrationForm</v1:formName>
            <v1:formKey>12345678910</v1:formKey>
         </v1:request>
      </v1:sendFormRequest>
   </soapenv:Body>
</soapenv:Envelope>]]></con:request><con:credentials><con:selectedAuthProfile>Basic</con:selectedAuthProfile><con:addedBasicAuthenticationTypes>Basic</con:addedBasicAuthenticationTypes><con:authType>Global HTTP Settings</con:authType></con:credentials><con:jmsConfig JMSDeliveryMode="PERSISTENT"/><con:jmsPropertyConfig/><con:wsaConfig mustUnderstand="NONE" version="200508" action="http://fidus.brussels/services/lowemissionzoneservice/sendForm"/><con:wsrmConfig version="1.2"/></con:call><con:call id="b2e73ecf-dd16-4869-b785-9c17b950b39e" name="4 - Staging - LB - Request - OK" outgoingWss="Outflow STAGING" incomingWss="Inflow STAGING"><con:settings><con:setting id="com.eviware.soapui.impl.wsdl.WsdlRequest@request-headers">&lt;xml-fragment/></con:setting></con:settings><con:encoding>UTF-8</con:encoding><con:endpoint>https://fidus-esb-sg.sta.srv.cirb.lan:8443/services/LowEmissionZoneService_v1.1</con:endpoint><con:request><![CDATA[<soapenv:Envelope xmlns:soapenv="http://schemas.xmlsoap.org/soap/envelope/" xmlns:v1="http://fidus.brussels/service/lowemissionzoneservice/messages/v1.1" xmlns:v11="http://fidus.brussels/type/common/messages/v1">
   <soapenv:Header/>
   <soapenv:Body>
      <v1:sendFormRequest>
         <v1:messageContext>
            <v11:messageId>${=import static java.util.UUID.randomUUID; uuid = randomUUID() as String}</v11:messageId>
            <v11:timestamp>${=new java.text.SimpleDateFormat("yyyy-MM-dd'T'HH:mm:ss.SSS").format(new Date())}</v11:timestamp>
         </v1:messageContext>
         <v1:legalContext>ServiceIntegrator</v1:legalContext>
         <v1:request>
            <v1:applicationName>IrisBox</v1:applicationName>
            <v1:formName>registrationForm</v1:formName>
            <v1:formKey>12345678910</v1:formKey>
         </v1:request>
      </v1:sendFormRequest>
   </soapenv:Body>
</soapenv:Envelope>]]></con:request><con:credentials><con:selectedAuthProfile>Basic</con:selectedAuthProfile><con:addedBasicAuthenticationTypes>Basic</con:addedBasicAuthenticationTypes><con:authType>Global HTTP Settings</con:authType></con:credentials><con:jmsConfig JMSDeliveryMode="PERSISTENT"/><con:jmsPropertyConfig/><con:wsaConfig mustUnderstand="NONE" version="200508" action="http://fidus.brussels/services/lowemissionzoneservice/sendForm"/><con:wsrmConfig version="1.2"/></con:call></con:operation></con:interface><con:testSuite id="838b3bbe-b3a0-47a4-bacc-72270f7a72b8" name="TEST"><con:settings/><con:runType>SEQUENTIAL</con:runType><con:testCase id="e2277a4d-5b4a-40b2-9d2b-c15dc24f5b52" failOnError="true" failTestCaseOnErrors="true" keepSession="false" maxResults="0" name="sendForm" searchProperties="true"><con:settings/><con:testStep type="request" id="0332c4a1-2f45-4123-9328-0c47faae96d9" name="testcase3 - Test - External - Request - OK"><con:settings/><con:config xsi:type="con:RequestStep" xmlns:xsi="http://www.w3.org/2001/XMLSchema-instance"><con:interface>LowEmissionZoneServiceHTTPBinding</con:interface><con:operation>sendForm</con:operation><con:request name="testcase3 - Test - External - Request - OK" id="ab6c4067-e787-4310-9b92-9fda22e45b32" outgoingWss="Outflow TEST"><con:settings/><con:encoding>UTF-8</con:encoding><con:endpoint>https://fidus-test.irisnetlab.be/services/LowEmissionZoneService_v1.1</con:endpoint><con:request><![CDATA[<soapenv:Envelope xmlns:soapenv="http://schemas.xmlsoap.org/soap/envelope/" xmlns:v1="http://fidus.brussels/service/lowemissionzoneservice/messages/v1.1" xmlns:v11="http://fidus.brussels/type/common/messages/v1">
   <soapenv:Header/>
   <soapenv:Body>
      <v1:sendFormRequest>
         <v1:messageContext>
            <v11:messageId>${=import static java.util.UUID.randomUUID; uuid = randomUUID() as String}</v11:messageId>
            <v11:timestamp>${=new java.text.SimpleDateFormat("yyyy-MM-dd'T'HH:mm:ss.SSS").format(new Date())}</v11:timestamp>
         </v1:messageContext>
         <v1:legalContext>ServiceIntegrator</v1:legalContext>
         <v1:request>
            <v1:applicationName>IrisBox</v1:applicationName>
            <v1:formName>registrationForm</v1:formName>
            <v1:formKey>12345678910</v1:formKey>
         </v1:request>
      </v1:sendFormRequest>
   </soapenv:Body>
</soapenv:Envelope>]]></con:request><con:assertion type="SOAP Fault Assertion" id="473ef674-5504-4703-9a21-955f634aad36" name="Not SOAP Fault"/><con:assertion type="SOAP Response" id="beab7f03-84e4-481c-82f3-225c99204414" name="SOAP Response"/><con:assertion type="Schema Compliance" id="5f051676-89dc-47c0-ab90-de159d869b94" name="Schema Compliance"><con:configuration/></con:assertion><con:wsaConfig action="http://fidus.brussels/services/lowemissionzoneservice/sendForm"/></con:request></con:config></con:testStep><con:testStep type="request" id="a7445427-ec65-4c20-9669-1741c3cb72fa" name="testcase3 - Test - LB - Request - OK"><con:settings/><con:config xsi:type="con:RequestStep" xmlns:xsi="http://www.w3.org/2001/XMLSchema-instance"><con:interface>LowEmissionZoneServiceHTTPBinding</con:interface><con:operation>sendForm</con:operation><con:request name="testcase3 - Test - LB - Request - OK" id="e321dc0b-bd37-4f98-a973-6c664e92d1a7" outgoingWss="Outflow TEST"><con:settings/><con:encoding>UTF-8</con:encoding><con:endpoint>https://esb-security-gw.sta.srv.cirb.lan:8443/services/LowEmissionZoneService_v1.1</con:endpoint><con:request><![CDATA[<soapenv:Envelope xmlns:soapenv="http://schemas.xmlsoap.org/soap/envelope/" xmlns:v1="http://fidus.brussels/service/lowemissionzoneservice/messages/v1.1" xmlns:v11="http://fidus.brussels/type/common/messages/v1">
   <soapenv:Header/>
   <soapenv:Body>
      <v1:sendFormRequest>
         <v1:messageContext>
            <v11:messageId>${=import static java.util.UUID.randomUUID; uuid = randomUUID() as String}</v11:messageId>
            <v11:timestamp>${=new java.text.SimpleDateFormat("yyyy-MM-dd'T'HH:mm:ss.SSS").format(new Date())}</v11:timestamp>
         </v1:messageContext>
         <v1:legalContext>ServiceIntegrator</v1:legalContext>
         <v1:request>
            <v1:applicationName>IrisBox</v1:applicationName>
            <v1:formName>registrationForm</v1:formName>
            <v1:formKey>12345678910</v1:formKey>
         </v1:request>
      </v1:sendFormRequest>
   </soapenv:Body>
</soapenv:Envelope>]]></con:request><con:assertion type="SOAP Fault Assertion" id="12ea7089-abb7-4deb-8c95-281c500c2e3e" name="Not SOAP Fault"/><con:assertion type="SOAP Response" id="9d926b1c-a9bf-4e34-9167-02dfbf3b5c94" name="SOAP Response"/><con:assertion type="Schema Compliance" id="0c4e5faa-68eb-443c-9dfc-c6085cd93bc2" name="Schema Compliance"><con:configuration/></con:assertion><con:wsaConfig action="http://fidus.brussels/services/lowemissionzoneservice/sendForm"/></con:request></con:config></con:testStep><con:testStep type="request" id="a17297cb-a0ab-4144-a3e1-5c9a2edcdd81" name="testcase3 - Test - Worker1 - Request - OK"><con:settings/><con:config xsi:type="con:RequestStep" xmlns:xsi="http://www.w3.org/2001/XMLSchema-instance"><con:interface>LowEmissionZoneServiceHTTPBinding</con:interface><con:operation>sendForm</con:operation><con:request name="testcase3 - Test - Worker1 - Request - OK" id="92cc078c-8da4-4808-bc93-b52f0879e269" outgoingWss="Outflow TEST"><con:settings/><con:encoding>UTF-8</con:encoding><con:endpoint>https://192.168.24.45:8443/services/LowEmissionZoneService_v1.1</con:endpoint><con:request><![CDATA[<soapenv:Envelope xmlns:soapenv="http://schemas.xmlsoap.org/soap/envelope/" xmlns:v1="http://fidus.brussels/service/lowemissionzoneservice/messages/v1.1" xmlns:v11="http://fidus.brussels/type/common/messages/v1">
   <soapenv:Header/>
   <soapenv:Body>
      <v1:sendFormRequest>
         <v1:messageContext>
            <v11:messageId>${=import static java.util.UUID.randomUUID; uuid = randomUUID() as String}</v11:messageId>
            <v11:timestamp>${=new java.text.SimpleDateFormat("yyyy-MM-dd'T'HH:mm:ss.SSS").format(new Date())}</v11:timestamp>
         </v1:messageContext>
         <v1:legalContext>ServiceIntegrator</v1:legalContext>
         <v1:request>
            <v1:applicationName>IrisBox</v1:applicationName>
            <v1:formName>registrationForm</v1:formName>
            <v1:formKey>12345678910</v1:formKey>
         </v1:request>
      </v1:sendFormRequest>
   </soapenv:Body>
</soapenv:Envelope>]]></con:request><con:assertion type="SOAP Fault Assertion" id="715826cb-23f0-4367-bc78-53cc3cc7e6b2" name="Not SOAP Fault"/><con:assertion type="SOAP Response" id="47d6ae3b-6c0d-4d67-b46b-5bfcaee2bddb" name="SOAP Response"/><con:assertion type="Schema Compliance" id="5135741e-1094-425e-bf5c-e454e053cfa0" name="Schema Compliance"><con:configuration/></con:assertion><con:wsaConfig action="http://fidus.brussels/services/lowemissionzoneservice/sendForm"/></con:request></con:config></con:testStep><con:testStep type="request" id="bb442e83-cf5b-4c44-a29d-ef3dbc8ace6f" name="testcase3 - Test - Worker2 - Request - OK"><con:settings/><con:config xsi:type="con:RequestStep" xmlns:xsi="http://www.w3.org/2001/XMLSchema-instance"><con:interface>LowEmissionZoneServiceHTTPBinding</con:interface><con:operation>sendForm</con:operation><con:request name="testcase3 - Test - Worker2 - Request - OK" id="b11df8d0-3721-495e-a243-04f4f1d5a8e3" outgoingWss="Outflow TEST"><con:settings/><con:encoding>UTF-8</con:encoding><con:endpoint>https://192.168.24.51:8443/services/LowEmissionZoneService_v1.1</con:endpoint><con:request><![CDATA[<soapenv:Envelope xmlns:soapenv="http://schemas.xmlsoap.org/soap/envelope/" xmlns:v1="http://fidus.brussels/service/lowemissionzoneservice/messages/v1.1" xmlns:v11="http://fidus.brussels/type/common/messages/v1">
   <soapenv:Header/>
   <soapenv:Body>
      <v1:sendFormRequest>
         <v1:messageContext>
            <v11:messageId>${=import static java.util.UUID.randomUUID; uuid = randomUUID() as String}</v11:messageId>
            <v11:timestamp>${=new java.text.SimpleDateFormat("yyyy-MM-dd'T'HH:mm:ss.SSS").format(new Date())}</v11:timestamp>
         </v1:messageContext>
         <v1:legalContext>ServiceIntegrator</v1:legalContext>
         <v1:request>
            <v1:applicationName>IrisBox</v1:applicationName>
            <v1:formName>registrationForm</v1:formName>
            <v1:formKey>12345678910</v1:formKey>
         </v1:request>
      </v1:sendFormRequest>
   </soapenv:Body>
</soapenv:Envelope>]]></con:request><con:assertion type="SOAP Fault Assertion" id="d9eb95d2-d617-4cce-b0ec-c4a942ffb4ab" name="Not SOAP Fault"/><con:assertion type="SOAP Response" id="66d4c084-9f58-4819-b7a7-aeec95ffd23c" name="SOAP Response"/><con:assertion type="Schema Compliance" id="695d4061-758f-4a22-a82b-ae9230150049" name="Schema Compliance"><con:configuration/></con:assertion><con:wsaConfig action="http://fidus.brussels/services/lowemissionzoneservice/sendForm"/></con:request></con:config></con:testStep><con:testStep type="request" id="7c719c59-23bd-4964-9168-f6fb3b5d16e7" name="testcase3 - Test - Worker1New - Request - OK"><con:settings/><con:config xsi:type="con:RequestStep" xmlns:xsi="http://www.w3.org/2001/XMLSchema-instance"><con:interface>LowEmissionZoneServiceHTTPBinding</con:interface><con:operation>sendForm</con:operation><con:request name="testcase3 - Test - Worker1New - Request - OK" id="0b12d1b4-9ee5-4875-9c16-3e7f33517b21" outgoingWss="Outflow TEST"><con:settings/><con:encoding>UTF-8</con:encoding><con:endpoint>https://192.168.24.45:8443/services/LowEmissionZoneService_v1.1</con:endpoint><con:request><![CDATA[<soapenv:Envelope xmlns:soapenv="http://schemas.xmlsoap.org/soap/envelope/" xmlns:v1="http://fidus.brussels/service/lowemissionzoneservice/messages/v1.1" xmlns:v11="http://fidus.brussels/type/common/messages/v1">
   <soapenv:Header/>
   <soapenv:Body>
      <v1:sendFormRequest>
         <v1:messageContext>
            <v11:messageId>${=import static java.util.UUID.randomUUID; uuid = randomUUID() as String}</v11:messageId>
            <v11:timestamp>${=new java.text.SimpleDateFormat("yyyy-MM-dd'T'HH:mm:ss.SSS").format(new Date())}</v11:timestamp>
         </v1:messageContext>
         <v1:legalContext>ServiceIntegrator</v1:legalContext>
         <v1:request>
            <v1:applicationName>IrisBox</v1:applicationName>
            <v1:formName>registrationForm</v1:formName>
            <v1:formKey>12345678910</v1:formKey>
         </v1:request>
      </v1:sendFormRequest>
   </soapenv:Body>
</soapenv:Envelope>]]></con:request><con:assertion type="SOAP Fault Assertion" id="8dca9059-7f60-4bae-8646-cafb3ece3cf8" name="Not SOAP Fault"/><con:assertion type="SOAP Response" id="af6df89a-1002-4c52-a520-a225d664f7d4" name="SOAP Response"/><con:assertion type="Schema Compliance" id="c2befbc0-980f-40e6-9641-1d7a432cfb8f" name="Schema Compliance"><con:configuration/></con:assertion><con:wsaConfig action="http://fidus.brussels/services/lowemissionzoneservice/sendForm"/></con:request></con:config></con:testStep><con:testStep type="request" id="56e6496e-2887-435e-89e8-d1da47ee3b24" name="testcase3 - Test - Worker2New - Request - OK"><con:settings/><con:config xsi:type="con:RequestStep" xmlns:xsi="http://www.w3.org/2001/XMLSchema-instance"><con:interface>LowEmissionZoneServiceHTTPBinding</con:interface><con:operation>sendForm</con:operation><con:request name="testcase3 - Test - Worker2New - Request - OK" id="9292ee5b-15c2-450a-9a40-0d4b8d25a933" outgoingWss="Outflow TEST"><con:settings/><con:encoding>UTF-8</con:encoding><con:endpoint>https://192.168.24.51:8443/services/LowEmissionZoneService_v1.1</con:endpoint><con:request><![CDATA[<soapenv:Envelope xmlns:soapenv="http://schemas.xmlsoap.org/soap/envelope/" xmlns:v1="http://fidus.brussels/service/lowemissionzoneservice/messages/v1.1" xmlns:v11="http://fidus.brussels/type/common/messages/v1">
   <soapenv:Header/>
   <soapenv:Body>
      <v1:sendFormRequest>
         <v1:messageContext>
            <v11:messageId>${=import static java.util.UUID.randomUUID; uuid = randomUUID() as String}</v11:messageId>
            <v11:timestamp>${=new java.text.SimpleDateFormat("yyyy-MM-dd'T'HH:mm:ss.SSS").format(new Date())}</v11:timestamp>
         </v1:messageContext>
         <v1:legalContext>ServiceIntegrator</v1:legalContext>
         <v1:request>
            <v1:applicationName>IrisBox</v1:applicationName>
            <v1:formName>registrationForm</v1:formName>
            <v1:formKey>12345678910</v1:formKey>
         </v1:request>
      </v1:sendFormRequest>
   </soapenv:Body>
</soapenv:Envelope>]]></con:request><con:assertion type="SOAP Fault Assertion" id="77b0c4fb-3d66-4e4d-bd19-d17c914b00d5" name="Not SOAP Fault"/><con:assertion type="SOAP Response" id="7739c024-6a78-498b-a00f-8f0c6c0b19a5" name="SOAP Response"/><con:assertion type="Schema Compliance" id="8124826b-8cc3-4a8a-a4d7-7f79bc528edd" name="Schema Compliance"><con:configuration/></con:assertion><con:wsaConfig action="http://fidus.brussels/services/lowemissionzoneservice/sendForm"/></con:request></con:config></con:testStep><con:properties/></con:testCase><con:properties/></con:testSuite><con:testSuite id="686506c6-9cf0-4401-8bee-5c129e2d61ab" name="DEV"><con:settings/><con:runType>SEQUENTIAL</con:runType><con:testCase id="42af4f4d-e54a-4b8f-97ca-a70b2a016c1e" failOnError="true" failTestCaseOnErrors="true" keepSession="false" maxResults="0" name="sendForm" searchProperties="true"><con:settings/><con:testStep type="request" id="2dbd03f2-1f1c-4360-9627-3080d0acc5d6" name="testcase2 - Dev - Request - OK"><con:settings/><con:config xsi:type="con:RequestStep" xmlns:xsi="http://www.w3.org/2001/XMLSchema-instance"><con:interface>LowEmissionZoneServiceHTTPBinding</con:interface><con:operation>sendForm</con:operation><con:request name="testcase2 - Dev - Request - OK" id="747daf8f-e265-44cd-9b26-ae2e1cd76450" outgoingWss="Outflow DEV"><con:settings/><con:encoding>UTF-8</con:encoding><con:endpoint>https://192.168.36.61:8243/services/LowEmissionZoneService_v1.1</con:endpoint><con:request><![CDATA[<soapenv:Envelope xmlns:soapenv="http://schemas.xmlsoap.org/soap/envelope/" xmlns:v1="http://fidus.brussels/service/lowemissionzoneservice/messages/v1.1" xmlns:v11="http://fidus.brussels/type/common/messages/v1">
   <soapenv:Header/>
   <soapenv:Body>
      <v1:sendFormRequest>
         <v1:messageContext>
            <v11:messageId>${=import static java.util.UUID.randomUUID; uuid = randomUUID() as String}</v11:messageId>
            <v11:timestamp>${=new java.text.SimpleDateFormat("yyyy-MM-dd'T'HH:mm:ss.SSS").format(new Date())}</v11:timestamp>
         </v1:messageContext>
         <v1:legalContext>ServiceIntegrator</v1:legalContext>
         <v1:request>
            <v1:applicationName>IrisBox</v1:applicationName>
            <v1:formName>registrationForm</v1:formName>
            <v1:formKey>12345678910</v1:formKey>
         </v1:request>
      </v1:sendFormRequest>
   </soapenv:Body>
</soapenv:Envelope>]]></con:request><con:assertion type="SOAP Fault Assertion" id="1afd5cd0-ff63-4423-bb5b-cc0cc2daf932" name="Not SOAP Fault"/><con:assertion type="SOAP Response" id="d5a9b20a-0f70-4ea6-8069-b41ae43a3616" name="SOAP Response"/><con:assertion type="Schema Compliance" id="8ad548c4-c7c5-4f02-8f57-d4505a11d5c4" name="Schema Compliance"><con:configuration/></con:assertion><con:wsaConfig action="http://fidus.brussels/services/lowemissionzoneservice/sendForm"/></con:request></con:config></con:testStep><con:testStep type="request" id="39e2ae27-977e-4db2-847d-331f64f3b273" name="testcase2 - DevNew - Request - OK"><con:settings/><con:config xsi:type="con:RequestStep" xmlns:xsi="http://www.w3.org/2001/XMLSchema-instance"><con:interface>LowEmissionZoneServiceHTTPBinding</con:interface><con:operation>sendForm</con:operation><con:request name="testcase2 - DevNew - Request - OK" id="4dda2b46-dfe3-4292-a5cb-cc9795505b51" outgoingWss="Outflow DEV"><con:settings/><con:encoding>UTF-8</con:encoding><con:endpoint>https://192.168.36.205:8243/services/LowEmissionZoneService_v1.1</con:endpoint><con:request><![CDATA[<soapenv:Envelope xmlns:soapenv="http://schemas.xmlsoap.org/soap/envelope/" xmlns:v1="http://fidus.brussels/service/lowemissionzoneservice/messages/v1.1" xmlns:v11="http://fidus.brussels/type/common/messages/v1">
   <soapenv:Header/>
   <soapenv:Body>
      <v1:sendFormRequest>
         <v1:messageContext>
            <v11:messageId>${=import static java.util.UUID.randomUUID; uuid = randomUUID() as String}</v11:messageId>
            <v11:timestamp>${=new java.text.SimpleDateFormat("yyyy-MM-dd'T'HH:mm:ss.SSS").format(new Date())}</v11:timestamp>
         </v1:messageContext>
         <v1:legalContext>ServiceIntegrator</v1:legalContext>
         <v1:request>
            <v1:applicationName>IrisBox</v1:applicationName>
            <v1:formName>registrationForm</v1:formName>
            <v1:formKey>12345678910</v1:formKey>
         </v1:request>
      </v1:sendFormRequest>
   </soapenv:Body>
</soapenv:Envelope>]]></con:request><con:assertion type="SOAP Fault Assertion" id="e8a6971c-233e-4b35-8cb0-133b11165bb7" name="Not SOAP Fault"/><con:assertion type="SOAP Response" id="74c48252-056f-4ac7-babd-ab40cb7aa237" name="SOAP Response"/><con:assertion type="Schema Compliance" id="aeaa25a8-1889-4b99-86fc-3f0b54555760" name="Schema Compliance"><con:configuration/></con:assertion><con:wsaConfig action="http://fidus.brussels/services/lowemissionzoneservice/sendForm"/></con:request></con:config></con:testStep><con:properties/></con:testCase><con:properties/></con:testSuite><con:testSuite id="3bf5b976-3021-4aad-974a-da74dec46d39" name="STAG"><con:settings/><con:runType>SEQUENTIAL</con:runType><con:testCase id="0255f109-92a4-45bf-a71f-1d5d0f679e11" failOnError="true" failTestCaseOnErrors="true" keepSession="false" maxResults="0" name="sendForm" searchProperties="true"><con:settings/><con:testStep type="request" id="e6dce08b-4f9e-4c08-a1e0-20779827c5ea" name="testcase4 - Staging - Worker2 - Request - OK"><con:settings/><con:config xsi:type="con:RequestStep" xmlns:xsi="http://www.w3.org/2001/XMLSchema-instance"><con:interface>LowEmissionZoneServiceHTTPBinding</con:interface><con:operation>sendForm</con:operation><con:request name="testcase4 - Staging - Worker2 - Request - OK" id="865a5668-edb2-4f7e-a29c-af39076cef96" outgoingWss="Outflow STAG"><con:settings/><con:encoding>UTF-8</con:encoding><con:endpoint>https://192.168.24.64:8443/services/LowEmissionZoneService_v1.1</con:endpoint><con:request><![CDATA[<soapenv:Envelope xmlns:soapenv="http://schemas.xmlsoap.org/soap/envelope/" xmlns:v1="http://fidus.brussels/service/lowemissionzoneservice/messages/v1.1" xmlns:v11="http://fidus.brussels/type/common/messages/v1">
   <soapenv:Header/>
   <soapenv:Body>
      <v1:sendFormRequest>
         <v1:messageContext>
            <v11:messageId>${=import static java.util.UUID.randomUUID; uuid = randomUUID() as String}</v11:messageId>
            <v11:timestamp>${=new java.text.SimpleDateFormat("yyyy-MM-dd'T'HH:mm:ss.SSS").format(new Date())}</v11:timestamp>
         </v1:messageContext>
         <v1:legalContext>ServiceIntegrator</v1:legalContext>
         <v1:request>
            <v1:applicationName>IrisBox</v1:applicationName>
            <v1:formName>registrationForm</v1:formName>
            <v1:formKey>12345678910</v1:formKey>
         </v1:request>
      </v1:sendFormRequest>
   </soapenv:Body>
</soapenv:Envelope>]]></con:request><con:assertion type="SOAP Fault Assertion" id="4653e1c2-1776-4c0c-ace4-5bb2df24b173" name="Not SOAP Fault"/><con:assertion type="SOAP Response" id="b757ddbf-e272-4874-82d7-a78f437d937a" name="SOAP Response"/><con:assertion type="Schema Compliance" id="d9b1c93c-2ec4-4128-a834-b7b39c8b37fa" name="Schema Compliance"><con:configuration/></con:assertion><con:wsaConfig action="http://fidus.brussels/services/lowemissionzoneservice/sendForm"/></con:request></con:config></con:testStep><con:testStep type="request" id="0f9056f0-7297-41d2-be2a-7c8537e31211" name="testcase4 - Staging - Worker1 - Request - OK"><con:settings/><con:config xsi:type="con:RequestStep" xmlns:xsi="http://www.w3.org/2001/XMLSchema-instance"><con:interface>LowEmissionZoneServiceHTTPBinding</con:interface><con:operation>sendForm</con:operation><con:request name="testcase4 - Staging - Worker1 - Request - OK" id="683722ef-64d0-475b-acda-ed88f988d81c" outgoingWss="Outflow STAG"><con:settings/><con:encoding>UTF-8</con:encoding><con:endpoint>https://192.168.24.57:8443/services/LowEmissionZoneService_v1.1</con:endpoint><con:request><![CDATA[<soapenv:Envelope xmlns:soapenv="http://schemas.xmlsoap.org/soap/envelope/" xmlns:v1="http://fidus.brussels/service/lowemissionzoneservice/messages/v1.1" xmlns:v11="http://fidus.brussels/type/common/messages/v1">
   <soapenv:Header/>
   <soapenv:Body>
      <v1:sendFormRequest>
         <v1:messageContext>
            <v11:messageId>${=import static java.util.UUID.randomUUID; uuid = randomUUID() as String}</v11:messageId>
            <v11:timestamp>${=new java.text.SimpleDateFormat("yyyy-MM-dd'T'HH:mm:ss.SSS").format(new Date())}</v11:timestamp>
         </v1:messageContext>
         <v1:legalContext>ServiceIntegrator</v1:legalContext>
         <v1:request>
            <v1:applicationName>IrisBox</v1:applicationName>
            <v1:formName>registrationForm</v1:formName>
            <v1:formKey>12345678910</v1:formKey>
         </v1:request>
      </v1:sendFormRequest>
   </soapenv:Body>
</soapenv:Envelope>]]></con:request><con:assertion type="SOAP Fault Assertion" id="81920b29-17f3-4a00-898d-0a6069233526" name="Not SOAP Fault"/><con:assertion type="SOAP Response" id="d4495f5c-b3f9-43ad-8c46-265451abfbdc" name="SOAP Response"/><con:assertion type="Schema Compliance" id="577a24e5-b7c6-4678-a06e-f9855cd7fe29" name="Schema Compliance"><con:configuration/></con:assertion><con:wsaConfig action="http://fidus.brussels/services/lowemissionzoneservice/sendForm"/></con:request></con:config></con:testStep><con:testStep type="request" id="198dd09c-c99e-4922-a42f-85bd458306fa" name="testcase4 - Staging - External - Request - OK"><con:settings/><con:config xsi:type="con:RequestStep" xmlns:xsi="http://www.w3.org/2001/XMLSchema-instance"><con:interface>LowEmissionZoneServiceHTTPBinding</con:interface><con:operation>sendForm</con:operation><con:request name="testcase4 - Staging - External - Request - OK" id="660d9933-05f9-4e1c-9346-64e4b9227803" outgoingWss="Outflow STAG"><con:settings/><con:encoding>UTF-8</con:encoding><con:endpoint>https://fidus.irisnetlab.be/services/LowEmissionZoneService_v1.1</con:endpoint><con:request><![CDATA[<soapenv:Envelope xmlns:soapenv="http://schemas.xmlsoap.org/soap/envelope/" xmlns:v1="http://fidus.brussels/service/lowemissionzoneservice/messages/v1.1" xmlns:v11="http://fidus.brussels/type/common/messages/v1">
   <soapenv:Header/>
   <soapenv:Body>
      <v1:sendFormRequest>
         <v1:messageContext>
            <v11:messageId>${=import static java.util.UUID.randomUUID; uuid = randomUUID() as String}</v11:messageId>
            <v11:timestamp>${=new java.text.SimpleDateFormat("yyyy-MM-dd'T'HH:mm:ss.SSS").format(new Date())}</v11:timestamp>
         </v1:messageContext>
         <v1:legalContext>ServiceIntegrator</v1:legalContext>
         <v1:request>
            <v1:applicationName>IrisBox</v1:applicationName>
            <v1:formName>registrationForm</v1:formName>
            <v1:formKey>12345678910</v1:formKey>
         </v1:request>
      </v1:sendFormRequest>
   </soapenv:Body>
</soapenv:Envelope>]]></con:request><con:assertion type="SOAP Fault Assertion" id="2d93a9dc-6622-485e-b9f4-395b2a35db23" name="Not SOAP Fault"/><con:assertion type="SOAP Response" id="05da14f3-8dab-4cfa-a422-eade3c3bed62" name="SOAP Response"/><con:assertion type="Schema Compliance" id="db2597e9-68cc-404a-bb7a-39f31869eb7f" name="Schema Compliance"><con:configuration/></con:assertion><con:wsaConfig action="http://fidus.brussels/services/lowemissionzoneservice/sendForm"/></con:request></con:config></con:testStep><con:testStep type="request" id="5809e4bb-f54d-413e-9686-8bba210cfaab" name="testcase4 - Staging - Worker1New - Request - OK"><con:settings/><con:config xsi:type="con:RequestStep" xmlns:xsi="http://www.w3.org/2001/XMLSchema-instance"><con:interface>LowEmissionZoneServiceHTTPBinding</con:interface><con:operation>sendForm</con:operation><con:request name="testcase4 - Staging - Worker1New - Request - OK" id="9579409e-0676-49f1-9ba6-03bce546badc" outgoingWss="Outflow STAG"><con:settings/><con:encoding>UTF-8</con:encoding><con:endpoint>https://192.168.24.57:8443/services/LowEmissionZoneService_v1.1</con:endpoint><con:request><![CDATA[<soapenv:Envelope xmlns:soapenv="http://schemas.xmlsoap.org/soap/envelope/" xmlns:v1="http://fidus.brussels/service/lowemissionzoneservice/messages/v1.1" xmlns:v11="http://fidus.brussels/type/common/messages/v1">
   <soapenv:Header/>
   <soapenv:Body>
      <v1:sendFormRequest>
         <v1:messageContext>
            <v11:messageId>${=import static java.util.UUID.randomUUID; uuid = randomUUID() as String}</v11:messageId>
            <v11:timestamp>${=new java.text.SimpleDateFormat("yyyy-MM-dd'T'HH:mm:ss.SSS").format(new Date())}</v11:timestamp>
         </v1:messageContext>
         <v1:legalContext>ServiceIntegrator</v1:legalContext>
         <v1:request>
            <v1:applicationName>IrisBox</v1:applicationName>
            <v1:formName>registrationForm</v1:formName>
            <v1:formKey>12345678910</v1:formKey>
         </v1:request>
      </v1:sendFormRequest>
   </soapenv:Body>
</soapenv:Envelope>]]></con:request><con:assertion type="SOAP Fault Assertion" id="1abf29da-97b2-4509-b847-a5133274d9c9" name="Not SOAP Fault"/><con:assertion type="SOAP Response" id="67486e85-e47b-4b8d-8431-ff01ab611542" name="SOAP Response"/><con:assertion type="Schema Compliance" id="399fa5d6-c55b-4539-85e6-212b8d820016" name="Schema Compliance"><con:configuration/></con:assertion><con:wsaConfig action="http://fidus.brussels/services/lowemissionzoneservice/sendForm"/></con:request></con:config></con:testStep><con:testStep type="request" id="2b0eefb5-0788-4859-9252-7456ce6c468b" name="testcase4 - Staging - Worker2New - Request - OK"><con:settings/><con:config xsi:type="con:RequestStep" xmlns:xsi="http://www.w3.org/2001/XMLSchema-instance"><con:interface>LowEmissionZoneServiceHTTPBinding</con:interface><con:operation>sendForm</con:operation><con:request name="testcase4 - Staging - Worker2New - Request - OK" id="9ccc3e8b-a89b-41f5-ba79-351dc44c8679" outgoingWss="Outflow STAG"><con:settings/><con:encoding>UTF-8</con:encoding><con:endpoint>https://192.168.24.64:8443/services/LowEmissionZoneService_v1.1</con:endpoint><con:request><![CDATA[<soapenv:Envelope xmlns:soapenv="http://schemas.xmlsoap.org/soap/envelope/" xmlns:v1="http://fidus.brussels/service/lowemissionzoneservice/messages/v1.1" xmlns:v11="http://fidus.brussels/type/common/messages/v1">
   <soapenv:Header/>
   <soapenv:Body>
      <v1:sendFormRequest>
         <v1:messageContext>
            <v11:messageId>${=import static java.util.UUID.randomUUID; uuid = randomUUID() as String}</v11:messageId>
            <v11:timestamp>${=new java.text.SimpleDateFormat("yyyy-MM-dd'T'HH:mm:ss.SSS").format(new Date())}</v11:timestamp>
         </v1:messageContext>
         <v1:legalContext>ServiceIntegrator</v1:legalContext>
         <v1:request>
            <v1:applicationName>IrisBox</v1:applicationName>
            <v1:formName>registrationForm</v1:formName>
            <v1:formKey>12345678910</v1:formKey>
         </v1:request>
      </v1:sendFormRequest>
   </soapenv:Body>
</soapenv:Envelope>]]></con:request><con:assertion type="SOAP Fault Assertion" id="65e1bc80-26de-48f4-901e-5032667dc818" name="Not SOAP Fault"/><con:assertion type="SOAP Response" id="c513d971-ea0b-4f56-b2f3-8b6c32ee779d" name="SOAP Response"/><con:assertion type="Schema Compliance" id="0cc72e64-00f2-46d3-b20c-da6d8c53b8a7" name="Schema Compliance"><con:configuration/></con:assertion><con:wsaConfig action="http://fidus.brussels/services/lowemissionzoneservice/sendForm"/></con:request></con:config></con:testStep><con:testStep type="request" id="96170019-a770-4c98-9f24-abc0d53b10f4" name="testcase4 - Staging - LB - Request - OK"><con:settings/><con:config xsi:type="con:RequestStep" xmlns:xsi="http://www.w3.org/2001/XMLSchema-instance"><con:interface>LowEmissionZoneServiceHTTPBinding</con:interface><con:operation>sendForm</con:operation><con:request name="testcase4 - Staging - LB - Request - OK" id="957a5b19-062d-47c1-8a3d-46eb2ab5a9d7" outgoingWss="Outflow STAG"><con:settings/><con:encoding>UTF-8</con:encoding><con:endpoint>https://fidus-esb-sg.sta.srv.cirb.lan:8443/services/LowEmissionZoneService_v1.1</con:endpoint><con:request><![CDATA[<soapenv:Envelope xmlns:soapenv="http://schemas.xmlsoap.org/soap/envelope/" xmlns:v1="http://fidus.brussels/service/lowemissionzoneservice/messages/v1.1" xmlns:v11="http://fidus.brussels/type/common/messages/v1">
   <soapenv:Header/>
   <soapenv:Body>
      <v1:sendFormRequest>
         <v1:messageContext>
            <v11:messageId>${=import static java.util.UUID.randomUUID; uuid = randomUUID() as String}</v11:messageId>
            <v11:timestamp>${=new java.text.SimpleDateFormat("yyyy-MM-dd'T'HH:mm:ss.SSS").format(new Date())}</v11:timestamp>
         </v1:messageContext>
         <v1:legalContext>ServiceIntegrator</v1:legalContext>
         <v1:request>
            <v1:applicationName>IrisBox</v1:applicationName>
            <v1:formName>registrationForm</v1:formName>
            <v1:formKey>12345678910</v1:formKey>
         </v1:request>
      </v1:sendFormRequest>
   </soapenv:Body>
</soapenv:Envelope>]]></con:request><con:assertion type="SOAP Fault Assertion" id="36698bd7-74fc-4520-b0b8-72029eaa20b0" name="Not SOAP Fault"/><con:assertion type="SOAP Response" id="609571c3-7690-48dd-8ab4-2bdfc303b25f" name="SOAP Response"/><con:assertion type="Schema Compliance" id="b52487ce-7fae-4a79-914d-15972c576bac" name="Schema Compliance"><con:configuration/></con:assertion><con:wsaConfig action="http://fidus.brussels/services/lowemissionzoneservice/sendForm"/></con:request></con:config></con:testStep><con:properties/></con:testCase><con:properties/></con:testSuite><con:properties/><con:wssContainer><con:crypto><con:source>data/wso2/keystores/user-rajarshi.jks</con:source><con:password>test@fidus01</con:password><con:type>KEYSTORE</con:type></con:crypto><con:outgoing><con:name>Outflow TEST</con:name><con:entry type="Signature" username="testuser-test.fidus.brussels" password="test@fidus01"><con:configuration><crypto>user-rajarshi.jks</crypto><keyIdentifierType>3</keyIdentifierType><signatureAlgorithm/><signatureCanonicalization/><useSingleCert>true</useSingleCert><digestAlgorithm/><customTokenValueType/><customTokenId/></con:configuration></con:entry><con:entry type="Timestamp"><con:configuration><timeToLive>300000</timeToLive><strictTimestamp>true</strictTimestamp></con:configuration></con:entry></con:outgoing><con:outgoing><con:name>Outflow DEV</con:name></con:outgoing><con:outgoing><con:name>Outflow STAG</con:name></con:outgoing></con:wssContainer><con:oAuth2ProfileContainer/><con:oAuth1ProfileContainer/><con:sensitiveInformation/></con:soapui-project>