<?xml version="1.0" encoding="UTF-8"?>
<con:soapui-project activeEnvironment="Default" name="Client-EnterpriseSocialDebtService-soapui-project" resourceRoot="" soapui-version="5.1.3" abortOnError="false" runType="SEQUENTIAL" id="258b2078-7fde-4e84-b415-90e79b93b3a0" xmlns:con="http://eviware.com/soapui/config">
  <con:settings/>
  <con:interface xsi:type="con:WsdlInterface" wsaVersion="NONE" name="EnterpriseSocialDebtServiceHTTPBinding" type="wsdl" bindingName="{http://fidus.brussels/service/enterprisesocialdebtservice/v1}EnterpriseSocialDebtServiceHTTPBinding" soapVersion="1_1" anonymous="optional" definition="/home/adussart/projects/git/fidus/parent/enterprisesocialdebtservice_1.0/EnterpriseSocialDebtServiceGateway/src/main/resources/wsdl/enterpriseSocialDebtService/1.0.0/EnterpriseSocialDebtService_v1.wsdl" id="752d788d-c721-4a26-ac29-1242e27aacf6" xmlns:xsi="http://www.w3.org/2001/XMLSchema-instance">
    <con:settings/>
    
    <con:definitionCache type="TEXT" rootPart="file:/home/adussart/projects/git/fidus/parent/enterprisesocialdebtservice_1.0/EnterpriseSocialDebtServiceGateway/src/main/resources/wsdl/enterpriseSocialDebtService/1.0.0/EnterpriseSocialDebtService_v1.wsdl"><con:part><con:url>file:/home/adussart/projects/git/fidus/parent/enterprisesocialdebtservice_1.0/EnterpriseSocialDebtServiceGateway/src/main/resources/wsdl/enterpriseSocialDebtService/1.0.0/EnterpriseSocialDebtService_v1.wsdl</con:url><con:content><![CDATA[<wsdl:definitions targetNamespace="http://fidus.brussels/service/enterprisesocialdebtservice/v1" name="EnterpriseSocialDebtService" xmlns:soap="http://schemas.xmlsoap.org/wsdl/soap/" xmlns:wsdl="http://schemas.xmlsoap.org/wsdl/" xmlns:xsd="http://www.w3.org/2001/XMLSchema" xmlns:mes="http://fidus.brussels/service/enterprisesocialdebtservice/messages/v1" xmlns:tns="http://fidus.brussels/service/enterprisesocialdebtservice/v1">
  <xsd:annotation>
    <xsd:documentation>Enterprise Social Debt service WDSL v1.</xsd:documentation>
  </xsd:annotation>
  <wsdl:types>
    <xsd:schema targetNamespace="http://fidus.brussels/service/enterprisesocialdebtservice/v1" elementFormDefault="qualified">
      <xsd:import namespace="http://fidus.brussels/service/enterprisesocialdebtservice/messages/v1" schemaLocation="messages/enterpriseSocialDebtServiceMessages_v1.xsd"/>
    </xsd:schema>
  </wsdl:types>
  <wsdl:message name="consultSocialDebtRequestMessage">
    <wsdl:part name="ConsultSocialDebtRequest" element="mes:consultSocialDebtRequest"/>
  </wsdl:message>
  <wsdl:message name="consultSocialDebtResponseMessage">
    <wsdl:part name="ConsultSocialDebtResponse" element="mes:consultSocialDebtResponse"/>
  </wsdl:message>
  <wsdl:portType name="EnterpriseSocialDebtServicePortType">
    <wsdl:operation name="consultSocialDebt">
      <wsdl:input message="tns:consultSocialDebtRequestMessage"/>
      <wsdl:output message="tns:consultSocialDebtResponseMessage"/>
    </wsdl:operation>
  </wsdl:portType>
  <wsdl:binding name="EnterpriseSocialDebtServiceHTTPBinding" type="tns:EnterpriseSocialDebtServicePortType">
    <soap:binding style="document" transport="http://schemas.xmlsoap.org/soap/http"/>
    <wsdl:operation name="consultSocialDebt">
      <soap:operation soapAction="http://fidus.brussels/services/enterprisesocialdebtservice/consultSocialDebt"/>
      <wsdl:input>
        <soap:body use="literal"/>
      </wsdl:input>
      <wsdl:output>
        <soap:body use="literal"/>
      </wsdl:output>
    </wsdl:operation>
  </wsdl:binding>
  <wsdl:service name="EnterpriseSocialService_v1">
    <wsdl:port name="EnterpriseSocialDebtService_v1" binding="tns:EnterpriseSocialDebtServiceHTTPBinding">
      <soap:address location="http://fidus.brussels/services/enterprisesocialdebtservice/v1"/>
    </wsdl:port>
  </wsdl:service>
</wsdl:definitions>]]></con:content><con:type>http://schemas.xmlsoap.org/wsdl/</con:type></con:part><con:part><con:url>file:/home/adussart/projects/git/fidus/parent/enterprisesocialdebtservice_1.0/EnterpriseSocialDebtServiceGateway/src/main/resources/wsdl/enterpriseSocialDebtService/1.0.0/messages/enterpriseSocialDebtServiceMessages_v1.xsd</con:url><con:content><![CDATA[<xsd:schema targetNamespace="http://fidus.brussels/service/enterprisesocialdebtservice/messages/v1" elementFormDefault="qualified" attributeFormDefault="unqualified" version="1.0" xmlns:xsd="http://www.w3.org/2001/XMLSchema" xmlns:cme="http://fidus.brussels/type/common/messages/v1" xmlns:exc="http://fidus.brussels/type/common/exceptions/v1" xmlns:tns="http://fidus.brussels/service/enterprisesocialdebtservice/messages/v1" xmlns:comesd="http://kszbcss.fgov.be/types/EnterpriseSocialDebt/common/v1" xmlns:common="http://kszbcss.fgov.be/types/common/v3">
  <xsd:import namespace="http://fidus.brussels/type/common/messages/v1" schemaLocation="baseMessageTypes_v1.xsd"/>
  <xsd:import namespace="http://fidus.brussels/type/common/exceptions/v1" schemaLocation="exceptionTypes_v1.xsd"/>
  <xsd:import namespace="http://kszbcss.fgov.be/types/EnterpriseSocialDebt/common/v1" schemaLocation="../socialdebts/EnterpriseSocialDebtCommonV1.xsd"/>
  <xsd:import namespace="http://kszbcss.fgov.be/types/common/v3" schemaLocation="../socialdebts/be/fgov/kszbcss/types/common/CommonV3.xsd"/>
  <xsd:complexType name="EnterpriseSocialDebtServiceRequestType">
    <xsd:annotation>
      <xsd:documentation>The enterprise which information is requested.</xsd:documentation>
    </xsd:annotation>
    <xsd:sequence>
      <xsd:element name="searchCriteria" type="comesd:SearchCriteriaType" form="unqualified"/>
    </xsd:sequence>
  </xsd:complexType>
  <!--Request getEnterpriseSocialDebtService definition-->
  <xsd:complexType name="ConsultSocialDebtRequestType">
    <xsd:sequence>
      <xsd:element name="messageContext" type="cme:RequestMessageContextType"/>
      <xsd:element name="legalContext" type="cme:LegalContextType"/>
      <xsd:element name="request" type="tns:EnterpriseSocialDebtServiceRequestType"/>
    </xsd:sequence>
  </xsd:complexType>
  <!--Request getEnterpriseSocialDebtService definition-->
  <xsd:complexType name="ConsultSocialDebtResponseType">
    <xsd:sequence>
      <xsd:element name="messageContext" type="cme:ResponseMessageContextType"/>
      <xsd:element name="responses" type="tns:ResponsesType" minOccurs="0"/>
      <xsd:element name="exceptions" type="exc:ExceptionsType" minOccurs="0">
        <xsd:annotation>
          <xsd:documentation>Technical errors that occur when processing the message context e.g. insufficient rights.</xsd:documentation>
        </xsd:annotation>
      </xsd:element>
    </xsd:sequence>
  </xsd:complexType>
  <xsd:complexType name="ResponsesType">
    <xsd:sequence>
      <xsd:element name="response" type="tns:ResponseType" minOccurs="1" maxOccurs="1"/>
    </xsd:sequence>
  </xsd:complexType>
  <xsd:complexType name="ResponseType">
    <xsd:sequence>
      <xsd:element name="socialDebt" type="tns:ConsultEnterpriseSocialDebtResponseType" minOccurs="0" maxOccurs="unbounded"/>
      <xsd:element name="exceptions" type="exc:ExceptionsType" minOccurs="0">
        <xsd:annotation>
          <xsd:documentation>Business exceptions that occur when processing the request or response e.g. missing data for a single response element.
			Exceptions at this level may contain back-end specific codes and content.</xsd:documentation>
        </xsd:annotation>
      </xsd:element>
    </xsd:sequence>
  </xsd:complexType>
  <xsd:complexType name="ConsultEnterpriseSocialDebtResponseType">
    <xsd:choice minOccurs="0">
      <xsd:element name="balanceAcknowledgement" type="xsd:boolean"/>
      <xsd:element name="financialSituation" type="comesd:EnterpriseSocialDebtResponseType"/>
    </xsd:choice>
  </xsd:complexType>
  <!--Element of the request and the response-->
  <xsd:element name="consultSocialDebtRequest" type="tns:ConsultSocialDebtRequestType"/>
  <xsd:element name="consultSocialDebtResponse" type="tns:ConsultSocialDebtResponseType"/>
</xsd:schema>]]></con:content><con:type>http://www.w3.org/2001/XMLSchema</con:type></con:part><con:part><con:url>file:/home/adussart/projects/git/fidus/parent/enterprisesocialdebtservice_1.0/EnterpriseSocialDebtServiceGateway/src/main/resources/wsdl/enterpriseSocialDebtService/1.0.0/messages/baseMessageTypes_v1.xsd</con:url><con:content><![CDATA[<xsd:schema targetNamespace="http://fidus.brussels/type/common/messages/v1" elementFormDefault="qualified" attributeFormDefault="unqualified" version="1.0" xmlns:xsd="http://www.w3.org/2001/XMLSchema" xmlns:cmn="http://fidus.brussels/type/common/v1" xmlns:tns="http://fidus.brussels/type/common/messages/v1">
  <!--Unformatted message Id-->
  <xsd:simpleType name="MessageIdType">
    <xsd:restriction base="xsd:string">
      <xsd:minLength value="1"/>
      <xsd:maxLength value="64"/>
    </xsd:restriction>
  </xsd:simpleType>
  <!--National Number of the person. Format depending on the Register-->
  <xsd:simpleType name="PersonNumberType">
    <xsd:restriction base="xsd:string">
      <xsd:pattern value="[0-9][0-9](([0][0-9])|([1][0-2]))(([0-2][0-9])|([3][0-1]))(([0-9]{2}[1-9])|([0-9][1-9][0-9])|([1-9][0-9]{2}))(([0-8][0-9])|([9][0-7]))">
        <xsd:annotation>
          <xsd:documentation>National Register format</xsd:documentation>
        </xsd:annotation>
      </xsd:pattern>
      <xsd:pattern value="[0-9][0-9](([2][0-9])|([3][0-2]))(([0-2][0-9])|([3][0-1]))[0-9]{3}(([0-8][0-9])|([9][0-7]))">
        <xsd:annotation>
          <xsd:documentation>CBSS Register format: Bis Register</xsd:documentation>
        </xsd:annotation>
      </xsd:pattern>
      <xsd:pattern value="[0-9][0-9](([4][0-9])|([5][0-2]))(([0-2][0-9])|([3][0-1]))[0-9]{3}(([0-8][0-9])|([9][0-7]))">
        <xsd:annotation>
          <xsd:documentation>CBSS Register format: Ter Register</xsd:documentation>
        </xsd:annotation>
      </xsd:pattern>
    </xsd:restriction>
  </xsd:simpleType>
  <!--Request message context-->
  <xsd:complexType name="RequestMessageContextType">
    <xsd:annotation>
      <xsd:documentation>Message context block generated by the consumer.</xsd:documentation>
    </xsd:annotation>
    <xsd:sequence>
      <xsd:element name="messageId" type="tns:MessageIdType">
        <xsd:annotation>
          <xsd:documentation>Consumer must assign their own MessageId reference for the request.</xsd:documentation>
        </xsd:annotation>
      </xsd:element>
      <xsd:element name="timestamp" type="xsd:dateTime" minOccurs="0">
        <xsd:annotation>
          <xsd:documentation>Timestamp when client sent request.</xsd:documentation>
        </xsd:annotation>
      </xsd:element>
    </xsd:sequence>
  </xsd:complexType>
  <!--Response message context-->
  <xsd:complexType name="ResponseMessageContextType">
    <xsd:annotation>
      <xsd:documentation>MessageContext block generated by fidus.</xsd:documentation>
    </xsd:annotation>
    <xsd:sequence>
      <xsd:element name="messageId" type="tns:MessageIdType">
        <xsd:annotation>
          <xsd:documentation>A unique identifier generated by fidus.</xsd:documentation>
        </xsd:annotation>
      </xsd:element>
      <xsd:element name="transactionId" type="tns:MessageIdType">
        <xsd:annotation>
          <xsd:documentation>A unique ID returned to the client for tracing purposes.</xsd:documentation>
        </xsd:annotation>
      </xsd:element>
      <xsd:element name="relatesTo" type="tns:MessageIdType" minOccurs="0">
        <xsd:annotation>
          <xsd:documentation>Optional field. The unique id of a previous batch file in this exchange Only used for responses.</xsd:documentation>
        </xsd:annotation>
      </xsd:element>
      <xsd:element name="timestamp" type="xsd:dateTime" minOccurs="0">
        <xsd:annotation>
          <xsd:documentation>Time reply sent by fidus.</xsd:documentation>
        </xsd:annotation>
      </xsd:element>
    </xsd:sequence>
  </xsd:complexType>
  <!--Legal Context : the finality of the Privacy Commission-->
  <xsd:simpleType name="LegalContextType">
    <xsd:restriction base="xsd:string">
      <xsd:minLength value="1"/>
      <xsd:maxLength value="64"/>
    </xsd:restriction>
  </xsd:simpleType>
  <xsd:complexType name="UserContextType">
    <xsd:annotation>
      <xsd:documentation>The user context defines information regarding the actual user performing a request.</xsd:documentation>
    </xsd:annotation>
    <xsd:sequence>
      <xsd:element name="language" type="xsd:language" nillable="true">
        <xsd:annotation>
          <xsd:documentation>The preferred language of the actual user performing the request.
						This influences the language in which response elements are cast.</xsd:documentation>
        </xsd:annotation>
      </xsd:element>
    </xsd:sequence>
  </xsd:complexType>
</xsd:schema>]]></con:content><con:type>http://www.w3.org/2001/XMLSchema</con:type></con:part><con:part><con:url>file:/home/adussart/projects/git/fidus/parent/enterprisesocialdebtservice_1.0/EnterpriseSocialDebtServiceGateway/src/main/resources/wsdl/enterpriseSocialDebtService/1.0.0/messages/exceptionTypes_v1.xsd</con:url><con:content><![CDATA[<xsd:schema targetNamespace="http://fidus.brussels/type/common/exceptions/v1" elementFormDefault="qualified" attributeFormDefault="unqualified" version="1.0" xmlns:xsd="http://www.w3.org/2001/XMLSchema" xmlns:tns="http://fidus.brussels/type/common/exceptions/v1">
  <!--Basic error typed-->
  <xsd:complexType name="ExceptionsType">
    <xsd:sequence>
      <xsd:element name="exception" type="tns:ExceptionType" maxOccurs="unbounded"/>
    </xsd:sequence>
  </xsd:complexType>
  <xsd:complexType name="ExceptionType">
    <xsd:sequence>
      <xsd:element name="type" type="tns:ExceptionClassType"/>
      <xsd:element name="code" type="tns:ExceptionCodeType"/>
      <xsd:element name="source" type="tns:ExceptionSourceType"/>
      <xsd:element name="description" type="tns:ExceptionDescriptionType"/>
    </xsd:sequence>
  </xsd:complexType>
  <xsd:simpleType name="ExceptionClassType">
    <xsd:restriction base="xsd:string">
      <xsd:enumeration value="ERROR"/>
      <xsd:enumeration value="WARNING"/>
      <xsd:enumeration value="INFO"/>
    </xsd:restriction>
  </xsd:simpleType>
  <xsd:simpleType name="ExceptionCodeType">
    <xsd:restriction base="xsd:string">
      <xsd:maxLength value="20"/>
    </xsd:restriction>
  </xsd:simpleType>
  <xsd:simpleType name="ExceptionSourceType">
    <xsd:restriction base="xsd:string">
      <xsd:maxLength value="20"/>
    </xsd:restriction>
  </xsd:simpleType>
  <xsd:simpleType name="ExceptionDescriptionType">
    <xsd:restriction base="xsd:string"/>
  </xsd:simpleType>
</xsd:schema>]]></con:content><con:type>http://www.w3.org/2001/XMLSchema</con:type></con:part><con:part><con:url>file:/home/adussart/projects/git/fidus/parent/enterprisesocialdebtservice_1.0/EnterpriseSocialDebtServiceGateway/src/main/resources/wsdl/enterpriseSocialDebtService/1.0.0/socialdebts/EnterpriseSocialDebtCommonV1.xsd</con:url><con:content><![CDATA[<xsd:schema targetNamespace="http://kszbcss.fgov.be/types/EnterpriseSocialDebt/common/v1" elementFormDefault="unqualified" attributeFormDefault="unqualified" version="2015-10-27" xmlns:xsd="http://www.w3.org/2001/XMLSchema" xmlns="http://kszbcss.fgov.be/types/EnterpriseSocialDebt/common/v1" xmlns:tns="http://kszbcss.fgov.be/types/EnterpriseSocialDebt/common/v1" xmlns:common="http://kszbcss.fgov.be/types/common/v3">
  <xsd:import namespace="http://kszbcss.fgov.be/types/common/v3" schemaLocation="be/fgov/kszbcss/types/common/CommonV3.xsd"/>
  <!---->
  <!--Legal Context-->
  <xsd:simpleType name="EnterpriseSocialDebtLegalContextType">
    <xsd:restriction base="xsd:string">
      <xsd:enumeration value="DGO6:DPT"/>
      <xsd:enumeration value="DGO6:INTEGRATION_COMPANIES"/>
      <xsd:enumeration value="DGO6:JOB_PLACEMENT_AND_TEMPORARY_EMPLOYMENT_AGENCIES"/>
      <xsd:enumeration value="DGO6:EMPLOYMENT_PROMOTION_AID"/>
      <xsd:enumeration value="DGO6:TRAINING_CHEQUES"/>
      <xsd:enumeration value="DGO6:ECONOMIC_INSPECTION"/>
      <xsd:enumeration value="DGO6:PME"/>
      <xsd:enumeration value="DGO6:INVESTMENT_PROGRAM"/>
      <xsd:enumeration value="DGO6:SOCIAL_INSPECTION"/>
      <xsd:enumeration value="FOREM:EMPLOYMENT_PROMOTION_AID"/>
      <xsd:enumeration value="FOREM:PTP"/>
      <xsd:enumeration value="FOREM:MERCHANT_ACTIVITY_SECTOR_EMPLOYMENT_ASSISTANCE"/>
      <xsd:enumeration value="FOREM:TRAINING_CHEQUES"/>
      <xsd:enumeration value="FOREM:CREDIT_ADJUSTMENT"/>
      <xsd:enumeration value="NSSO:SOCIAL_DEBT"/>
      <!--DGO6-->
      <!--FOREM-->
      <!--NEW-->
    </xsd:restriction>
  </xsd:simpleType>
  <!--Search Criteria-->
  <xsd:complexType name="SearchCriteriaType">
    <xsd:sequence>
      <xsd:element name="cbeNumber" type="common:CbeNumberType">
        <xsd:annotation>
          <xsd:documentation>Organisation of which social debt information is requested</xsd:documentation>
        </xsd:annotation>
      </xsd:element>
      <xsd:element name="requestingOrganisationNumber" type="common:CbeNumberType">
        <xsd:annotation>
          <xsd:documentation>CBE number of the organisation performing the request for social debt information</xsd:documentation>
        </xsd:annotation>
      </xsd:element>
      <xsd:element name="requestingBusinessUnitNumber" type="common:BusinessUnitNumberType" minOccurs="0">
        <xsd:annotation>
          <xsd:documentation>Business unit number designating to where the information should be sent in the event of a delayed paper response</xsd:documentation>
        </xsd:annotation>
      </xsd:element>
    </xsd:sequence>
  </xsd:complexType>
  <!--Inner EnterpriseSocialDebt Request Types-->
  <xsd:complexType name="ReferenceRequestDetailType">
    <xsd:sequence>
      <xsd:element name="referenceType" type="tns:ReferenceTechnicalOrBusinessType"/>
      <xsd:element name="referenceOrigin" type="tns:ReferenceOriginConsumerType"/>
      <xsd:element name="referenceNbr" type="tns:ReferenceNbrType"/>
    </xsd:sequence>
  </xsd:complexType>
  <xsd:simpleType name="ReferenceTechnicalOrBusinessType">
    <xsd:restriction base="xsd:integer">
      <xsd:totalDigits value="1"/>
      <xsd:enumeration value="1"/>
      <xsd:enumeration value="2"/>
    </xsd:restriction>
  </xsd:simpleType>
  <xsd:simpleType name="ReferenceOriginConsumerType">
    <xsd:restriction base="xsd:integer">
      <xsd:enumeration value="1"/>
    </xsd:restriction>
  </xsd:simpleType>
  <!---->
  <!--Inner EnterpriseSocialDebt Response Types-->
  <xsd:complexType name="EnterpriseSocialDebtResponseType">
    <xsd:sequence>
      <xsd:element name="financialSituationInformation" type="tns:FinancialSituationInformationType"/>
      <xsd:element name="financialSituationDetail" type="tns:FinancialSituationDetailType" minOccurs="0"/>
      <xsd:element name="coordinatesContactPerson" type="tns:CoordinatesContactPersonType" minOccurs="0" maxOccurs="2"/>
      <xsd:element name="employerInformation" type="tns:EmployerInformationType" minOccurs="0"/>
    </xsd:sequence>
  </xsd:complexType>
  <xsd:complexType name="ExecutionResultType">
    <xsd:sequence>
      <xsd:element name="resultCode" type="tns:ResultCodeType"/>
      <xsd:element name="errorId" type="tns:ErrorIdType" minOccurs="0"/>
    </xsd:sequence>
  </xsd:complexType>
  <xsd:simpleType name="ResultCodeType">
    <xsd:restriction base="xsd:integer">
      <xsd:minInclusive value="0"/>
      <xsd:maxInclusive value="2"/>
      <xsd:totalDigits value="1"/>
    </xsd:restriction>
  </xsd:simpleType>
  <xsd:simpleType name="ErrorIdType">
    <xsd:restriction base="xsd:string">
      <xsd:maxLength value="9"/>
    </xsd:restriction>
  </xsd:simpleType>
  <xsd:complexType name="FinancialSituationDetailType">
    <xsd:sequence>
      <xsd:element name="cdsDocumentId" type="tns:CDSDocumentIdType"/>
      <xsd:element name="closingDate" type="xsd:date"/>
      <xsd:element name="closingQuarter" type="tns:QuarterType"/>
      <xsd:element name="isPaymentPlanFollowed" type="xsd:boolean" minOccurs="0"/>
      <xsd:element name="balanceAmounts" type="tns:BalanceAmountsType" minOccurs="0"/>
      <xsd:element name="dispute" type="tns:DisputeType" minOccurs="0"/>
      <xsd:element name="missingDeclarationQuarters" type="tns:MissingDeclarationQuartersType" minOccurs="0"/>
    </xsd:sequence>
  </xsd:complexType>
  <xsd:simpleType name="CDSDocumentIdType">
    <xsd:annotation>
      <xsd:documentation>[1,2,3][A,B,C,D][00, ..., 99]</xsd:documentation>
    </xsd:annotation>
    <xsd:restriction base="xsd:string">
      <xsd:maxLength value="4"/>
    </xsd:restriction>
  </xsd:simpleType>
  <xsd:simpleType name="QuarterType">
    <xsd:restriction base="xsd:integer">
      <xsd:totalDigits value="5"/>
      <xsd:pattern value="\d{4}(1|2|3|4)"/>
    </xsd:restriction>
  </xsd:simpleType>
  <xsd:simpleType name="IsPaymentPlanFollowedType">
    <xsd:restriction base="xsd:integer">
      <xsd:minInclusive value="0"/>
      <xsd:maxInclusive value="1"/>
      <xsd:totalDigits value="1"/>
    </xsd:restriction>
  </xsd:simpleType>
  <xsd:complexType name="BalanceAmountsType">
    <xsd:sequence>
      <xsd:element name="contributionTotalAmount" type="common:EurocentAmountType" minOccurs="0"/>
      <xsd:element name="totalIncreases" type="common:EurocentAmountType" minOccurs="0"/>
      <xsd:element name="totalInterests" type="common:EurocentAmountType" minOccurs="0"/>
      <xsd:element name="totalLegalCost" type="common:EurocentAmountType" minOccurs="0"/>
    </xsd:sequence>
  </xsd:complexType>
  <xsd:simpleType name="IsPayementPlanFollowed">
    <xsd:restriction base="xsd:integer">
      <xsd:minInclusive value="0"/>
      <xsd:maxInclusive value="1"/>
      <xsd:totalDigits value="1"/>
    </xsd:restriction>
  </xsd:simpleType>
  <xsd:complexType name="DisputeType">
    <xsd:sequence>
      <xsd:element name="disputeType" type="tns:DisputeTypeType"/>
      <xsd:element name="amount" type="tns:AmountType"/>
    </xsd:sequence>
  </xsd:complexType>
  <xsd:simpleType name="DisputeTypeType">
    <xsd:restriction base="xsd:integer">
      <xsd:minInclusive value="1"/>
      <xsd:maxInclusive value="4"/>
      <xsd:totalDigits value="2"/>
    </xsd:restriction>
  </xsd:simpleType>
  <xsd:simpleType name="AmountType">
    <xsd:restriction base="xsd:integer">
      <xsd:minInclusive value="0"/>
      <xsd:maxInclusive value="999999999999999"/>
      <xsd:totalDigits value="15"/>
    </xsd:restriction>
  </xsd:simpleType>
  <xsd:complexType name="MissingDeclarationQuartersType">
    <xsd:sequence>
      <xsd:element name="quarter" type="tns:QuarterType" maxOccurs="unbounded"/>
    </xsd:sequence>
  </xsd:complexType>
  <xsd:complexType name="FinancialSituationInformationType">
    <xsd:sequence>
      <xsd:element name="referenceNbr" type="tns:ReferenceNbrType"/>
      <xsd:element name="nossRegistrationNbr" type="tns:NOSSRegistrationNbrType" minOccurs="0"/>
      <xsd:element name="cbeNumber" type="common:CbeNumberType" minOccurs="0"/>
      <xsd:element name="dateSubmission" type="xsd:date"/>
    </xsd:sequence>
  </xsd:complexType>
  <xsd:simpleType name="ReferenceNbrType">
    <xsd:restriction base="xsd:string">
      <xsd:minLength value="1"/>
      <xsd:maxLength value="64"/>
    </xsd:restriction>
  </xsd:simpleType>
  <xsd:simpleType name="NOSSRegistrationNbrType">
    <xsd:restriction base="xsd:integer">
      <xsd:minInclusive value="0"/>
      <xsd:maxInclusive value="199999934"/>
      <xsd:totalDigits value="9"/>
    </xsd:restriction>
  </xsd:simpleType>
  <xsd:complexType name="CoordinatesContactPersonType">
    <xsd:sequence>
      <xsd:element name="name" type="tns:NameType"/>
      <xsd:element name="firstName" type="tns:FirstNameType" minOccurs="0"/>
      <xsd:element name="communication" type="tns:CommunicationType"/>
      <xsd:element name="sectorInformation" type="tns:SectorInformationType" minOccurs="0"/>
    </xsd:sequence>
  </xsd:complexType>
  <xsd:simpleType name="NameType">
    <xsd:restriction base="xsd:string">
      <xsd:maxLength value="48"/>
    </xsd:restriction>
  </xsd:simpleType>
  <xsd:simpleType name="FirstNameType">
    <xsd:restriction base="xsd:string">
      <xsd:maxLength value="24"/>
    </xsd:restriction>
  </xsd:simpleType>
  <xsd:complexType name="CommunicationType">
    <xsd:sequence>
      <xsd:element name="phoneNbr" type="tns:PhoneNbrType"/>
      <xsd:element name="gsmNbr" type="tns:PhoneNbrType" minOccurs="0"/>
      <xsd:element name="faxNbr" type="tns:PhoneNbrType" minOccurs="0"/>
      <xsd:element name="emailAddress" type="tns:EmailAddressType"/>
    </xsd:sequence>
  </xsd:complexType>
  <xsd:simpleType name="PhoneNbrType">
    <xsd:restriction base="xsd:string">
      <xsd:maxLength value="20"/>
    </xsd:restriction>
  </xsd:simpleType>
  <xsd:simpleType name="EmailAddressType">
    <xsd:restriction base="xsd:string">
      <xsd:maxLength value="60"/>
    </xsd:restriction>
  </xsd:simpleType>
  <xsd:complexType name="SectorInformationType">
    <xsd:sequence>
      <xsd:element name="officeNumber" type="tns:OfficeNumberType"/>
    </xsd:sequence>
  </xsd:complexType>
  <xsd:simpleType name="OfficeNumberType">
    <xsd:restriction base="xsd:string">
      <xsd:maxLength value="3"/>
    </xsd:restriction>
  </xsd:simpleType>
  <xsd:complexType name="EmployerInformationType">
    <xsd:sequence>
      <xsd:element name="cbeNumber" type="common:CbeNumberType"/>
      <xsd:element name="nossRegistrationNbr" type="tns:NOSSRegistrationNbrType" minOccurs="0"/>
      <xsd:element name="employerDenomination" type="tns:EmployerDenominationType" minOccurs="0"/>
      <xsd:element name="legalDistrict" type="tns:LegalDistrictType" minOccurs="0"/>
      <xsd:element name="legalForm" type="tns:LegalFormType" minOccurs="0"/>
      <xsd:element name="importanceCode" type="tns:ImportanceCodeType" minOccurs="0"/>
      <xsd:element name="activityCode" type="tns:ActivityCodeType" minOccurs="0" maxOccurs="unbounded"/>
      <xsd:element name="coordinatesRepresentative" type="tns:CoordinatesRepresentativeType" minOccurs="0"/>
      <xsd:element name="employerActivityPeriod" type="tns:EmployerActivityPeriodType" minOccurs="0"/>
      <xsd:element name="address" type="tns:AddressType" minOccurs="0"/>
      <xsd:element name="employerClassInformation" type="tns:EmployerClassInformationType" minOccurs="0" maxOccurs="unbounded"/>
    </xsd:sequence>
  </xsd:complexType>
  <xsd:simpleType name="EmployerDenominationType">
    <xsd:restriction base="xsd:string">
      <xsd:maxLength value="96"/>
    </xsd:restriction>
  </xsd:simpleType>
  <xsd:simpleType name="LegalDistrictType">
    <xsd:restriction base="xsd:integer">
      <xsd:totalDigits value="3"/>
    </xsd:restriction>
  </xsd:simpleType>
  <xsd:simpleType name="LegalFormType">
    <xsd:restriction base="xsd:string">
      <xsd:maxLength value="20"/>
    </xsd:restriction>
  </xsd:simpleType>
  <xsd:simpleType name="ImportanceCodeType">
    <xsd:restriction base="xsd:integer">
      <xsd:minInclusive value="1"/>
      <xsd:maxInclusive value="9"/>
      <xsd:totalDigits value="1"/>
    </xsd:restriction>
  </xsd:simpleType>
  <xsd:simpleType name="ActivityCodeType">
    <xsd:restriction base="xsd:integer">
      <xsd:minInclusive value="0"/>
      <xsd:maxInclusive value="99999"/>
      <xsd:totalDigits value="5"/>
    </xsd:restriction>
  </xsd:simpleType>
  <xsd:complexType name="CoordinatesRepresentativeType">
    <xsd:sequence>
      <xsd:element name="denomination" type="tns:DenominationType"/>
    </xsd:sequence>
  </xsd:complexType>
  <xsd:simpleType name="DenominationType">
    <xsd:restriction base="xsd:string">
      <xsd:maxLength value="96"/>
    </xsd:restriction>
  </xsd:simpleType>
  <xsd:complexType name="EmployerActivityPeriodType">
    <xsd:sequence>
      <xsd:element name="startingDate" type="xsd:date" minOccurs="0"/>
      <xsd:element name="startingQuarter" type="tns:QuarterType" minOccurs="0"/>
      <xsd:element name="dueDate" type="xsd:date" minOccurs="0"/>
      <xsd:element name="endingDate" type="xsd:date" minOccurs="0"/>
      <xsd:element name="endingQuarter" type="tns:QuarterType" minOccurs="0"/>
    </xsd:sequence>
  </xsd:complexType>
  <xsd:complexType name="AddressType">
    <xsd:sequence>
      <xsd:element name="street" type="tns:StreetType" minOccurs="0"/>
      <xsd:element name="houseNbr" type="tns:HouseNbrType" minOccurs="0"/>
      <xsd:element name="postBox" type="tns:PostBoxType" minOccurs="0"/>
      <xsd:element name="zipCode" type="tns:ZipCodeType" minOccurs="0"/>
      <xsd:element name="city" type="tns:CityType"/>
      <xsd:element name="country" type="tns:CountryType" minOccurs="0"/>
    </xsd:sequence>
  </xsd:complexType>
  <xsd:simpleType name="StreetType">
    <xsd:restriction base="xsd:string">
      <xsd:maxLength value="42"/>
    </xsd:restriction>
  </xsd:simpleType>
  <xsd:simpleType name="HouseNbrType">
    <xsd:restriction base="xsd:string">
      <xsd:maxLength value="10"/>
    </xsd:restriction>
  </xsd:simpleType>
  <xsd:simpleType name="PostBoxType">
    <xsd:restriction base="xsd:string">
      <xsd:maxLength value="4"/>
    </xsd:restriction>
  </xsd:simpleType>
  <xsd:simpleType name="ZipCodeType">
    <xsd:restriction base="xsd:string">
      <xsd:maxLength value="9"/>
    </xsd:restriction>
  </xsd:simpleType>
  <xsd:simpleType name="CityType">
    <xsd:restriction base="xsd:string">
      <xsd:maxLength value="40"/>
    </xsd:restriction>
  </xsd:simpleType>
  <xsd:simpleType name="CountryType">
    <xsd:restriction base="xsd:integer">
      <xsd:minInclusive value="0"/>
      <xsd:maxInclusive value="99999"/>
      <xsd:totalDigits value="5"/>
    </xsd:restriction>
  </xsd:simpleType>
  <xsd:complexType name="EmployerClassInformationType">
    <xsd:sequence>
      <xsd:element name="employerClass" type="tns:EmployerClassType"/>
      <xsd:element name="startingDate" type="xsd:date"/>
      <xsd:element name="endingDate" type="xsd:date" minOccurs="0"/>
    </xsd:sequence>
  </xsd:complexType>
  <xsd:simpleType name="EmployerClassType">
    <xsd:restriction base="xsd:integer">
      <xsd:minInclusive value="000"/>
      <xsd:maxInclusive value="999"/>
      <xsd:totalDigits value="3"/>
      <xsd:pattern value="\d{3}"/>
    </xsd:restriction>
  </xsd:simpleType>
  <xsd:complexType name="StatusType">
    <xsd:sequence>
      <xsd:element name="value">
        <xsd:annotation>
          <xsd:documentation>global status of the result</xsd:documentation>
        </xsd:annotation>
        <xsd:simpleType>
          <xsd:restriction base="xsd:string">
            <xsd:enumeration value="DATA_FOUND"/>
            <xsd:enumeration value="NO_DATA_FOUND"/>
            <xsd:enumeration value="NO_RESULT"/>
            <xsd:enumeration value="RESPONSE_IN_BATCH"/>
          </xsd:restriction>
        </xsd:simpleType>
      </xsd:element>
      <xsd:element name="code">
        <xsd:annotation>
          <xsd:documentation>the code of the status</xsd:documentation>
        </xsd:annotation>
        <xsd:simpleType>
          <xsd:restriction base="xsd:string">
            <xsd:maxLength value="16"/>
          </xsd:restriction>
        </xsd:simpleType>
      </xsd:element>
      <xsd:element name="description" minOccurs="0">
        <xsd:annotation>
          <xsd:documentation>the description of the status</xsd:documentation>
        </xsd:annotation>
        <xsd:simpleType>
          <xsd:restriction base="xsd:string">
            <xsd:maxLength value="256"/>
          </xsd:restriction>
        </xsd:simpleType>
      </xsd:element>
      <xsd:element name="information" type="common:InformationType" minOccurs="0" maxOccurs="15"/>
    </xsd:sequence>
  </xsd:complexType>
</xsd:schema>]]></con:content><con:type>http://www.w3.org/2001/XMLSchema</con:type></con:part><con:part><con:url>file:/home/adussart/projects/git/fidus/parent/enterprisesocialdebtservice_1.0/EnterpriseSocialDebtServiceGateway/src/main/resources/wsdl/enterpriseSocialDebtService/1.0.0/socialdebts/be/fgov/kszbcss/types/common/CommonV3.xsd</con:url><con:content><![CDATA[<xsd:schema targetNamespace="http://kszbcss.fgov.be/types/common/v3" elementFormDefault="unqualified" attributeFormDefault="unqualified" version="3.1" xmlns:xsd="http://www.w3.org/2001/XMLSchema" xmlns:tns="http://kszbcss.fgov.be/types/common/v3">
  <!--Request / response meta data-->
  <xsd:simpleType name="SeverityType">
    <xsd:restriction base="xsd:string">
      <xsd:enumeration value="INFORMATION"/>
      <xsd:enumeration value="WARNING"/>
      <xsd:enumeration value="FATAL"/>
    </xsd:restriction>
  </xsd:simpleType>
  <xsd:simpleType name="UUIDType">
    <xsd:restriction base="xsd:string">
      <xsd:pattern value="[\da-fA-F]{8}-[\da-fA-F]{4}-[\da-fA-F]{4}-[\da-fA-F]{4}-[\da-fA-F]{12}"/>
    </xsd:restriction>
  </xsd:simpleType>
  <xsd:simpleType name="TicketType">
    <xsd:restriction base="xsd:string">
      <xsd:maxLength value="36"/>
    </xsd:restriction>
  </xsd:simpleType>
  <xsd:simpleType name="CbeNumberType">
    <xsd:annotation>
      <xsd:documentation>CBE number identifying an enterprise or business unit</xsd:documentation>
    </xsd:annotation>
    <xsd:restriction base="xsd:string">
      <xsd:pattern value="\d{10}"/>
    </xsd:restriction>
  </xsd:simpleType>
  <xsd:simpleType name="EnterpriseNumberType">
    <xsd:annotation>
      <xsd:documentation>CBE enterprise number (starting with 0 or 1)</xsd:documentation>
    </xsd:annotation>
    <xsd:restriction base="xsd:string">
      <xsd:pattern value="[0-1]\d{9}"/>
    </xsd:restriction>
  </xsd:simpleType>
  <xsd:simpleType name="BusinessUnitNumberType">
    <xsd:annotation>
      <xsd:documentation>CBE business unit number (starting with 2-8)</xsd:documentation>
    </xsd:annotation>
    <xsd:restriction base="xsd:string">
      <xsd:pattern value="[2-8]\d{9}"/>
    </xsd:restriction>
  </xsd:simpleType>
  <xsd:simpleType name="SsinType">
    <xsd:restriction base="xsd:string">
      <xsd:pattern value="[0-9][0-9](([0][0-9])|([1][0-2]))(([0-2][0-9])|([3][0-1]))(([0-9]{2}[1-9])|([0-9][1-9][0-9])|([1-9][0-9]{2}))(([0-8][0-9])|([9][0-7]))">
        <xsd:annotation>
          <xsd:documentation xml:lang="FR">Registre National</xsd:documentation>
          <xsd:documentation xml:lang="NL">Rijksregister</xsd:documentation>
        </xsd:annotation>
      </xsd:pattern>
      <xsd:pattern value="[0-9][0-9](([2][0-9])|([3][0-2]))(([0-2][0-9])|([3][0-1]))[0-9]{3}(([0-8][0-9])|([9][0-7]))">
        <xsd:annotation>
          <xsd:documentation xml:lang="FR">Registre Bis : numero Bis</xsd:documentation>
          <xsd:documentation xml:lang="NL">Bis register : Bisnummer</xsd:documentation>
        </xsd:annotation>
      </xsd:pattern>
      <xsd:pattern value="[0-9][0-9](([4][0-9])|([5][0-2]))(([0-2][0-9])|([3][0-1]))[0-9]{3}(([0-8][0-9])|([9][0-7]))">
        <xsd:annotation>
          <xsd:documentation xml:lang="FR">Registre Bis : numero TER</xsd:documentation>
          <xsd:documentation xml:lang="NL">Bisregister : Ternummer</xsd:documentation>
        </xsd:annotation>
      </xsd:pattern>
    </xsd:restriction>
  </xsd:simpleType>
  <xsd:simpleType name="LegalContextType">
    <xsd:restriction base="xsd:string">
      <xsd:maxLength value="64"/>
    </xsd:restriction>
  </xsd:simpleType>
  <xsd:simpleType name="IntegrationContextType">
    <xsd:annotation>
      <xsd:documentation>deprecated type. Use InscriptionContextType instead in new XSDs</xsd:documentation>
    </xsd:annotation>
    <xsd:restriction base="xsd:string">
      <xsd:maxLength value="64"/>
    </xsd:restriction>
  </xsd:simpleType>
  <xsd:simpleType name="InscriptionContextType">
    <xsd:annotation>
      <xsd:documentation>The way in which an organization knows a person (textual equivalent of former numerical quality code)</xsd:documentation>
    </xsd:annotation>
    <xsd:restriction base="xsd:string">
      <xsd:maxLength value="64"/>
    </xsd:restriction>
  </xsd:simpleType>
  <xsd:simpleType name="SequenceNumberType">
    <xsd:restriction base="xsd:long">
      <xsd:minInclusive value="1"/>
      <xsd:totalDigits value="15"/>
    </xsd:restriction>
  </xsd:simpleType>
  <xsd:complexType name="InformationCBSSType">
    <xsd:annotation>
      <xsd:documentation>Information block from CBSS.</xsd:documentation>
    </xsd:annotation>
    <xsd:sequence>
      <xsd:element name="ticketCBSS" type="tns:UUIDType"/>
      <xsd:element name="timestampReceive" type="xsd:dateTime">
        <xsd:annotation>
          <xsd:documentation>Time request was received by CBSS.</xsd:documentation>
        </xsd:annotation>
      </xsd:element>
      <xsd:element name="timestampReply" type="xsd:dateTime">
        <xsd:annotation>
          <xsd:documentation>Time reply was sent by CBSS.</xsd:documentation>
        </xsd:annotation>
      </xsd:element>
    </xsd:sequence>
  </xsd:complexType>
  <xsd:complexType name="InformationCustomerType">
    <xsd:annotation>
      <xsd:documentation>Information block that can be used by the customer for diagnostic use.</xsd:documentation>
    </xsd:annotation>
    <xsd:sequence>
      <xsd:element name="ticket" type="tns:TicketType" minOccurs="0">
        <xsd:annotation>
          <xsd:documentation>Client can assign their own ticket reference for the request. Not mandatory.</xsd:documentation>
        </xsd:annotation>
      </xsd:element>
      <xsd:element name="timestampSent" type="xsd:dateTime" minOccurs="0">
        <xsd:annotation>
          <xsd:documentation>Timestamp when client sent request.</xsd:documentation>
        </xsd:annotation>
      </xsd:element>
      <xsd:element name="customerIdentification" type="tns:OrganizationIdentificationType"/>
    </xsd:sequence>
  </xsd:complexType>
  <xsd:complexType name="InformationSupplierType">
    <xsd:annotation>
      <xsd:documentation>Information block for supplier of a service</xsd:documentation>
    </xsd:annotation>
    <xsd:sequence>
      <xsd:element name="ticket" type="tns:TicketType" minOccurs="0">
        <xsd:annotation>
          <xsd:documentation>UUID generated by Customer or Supplier</xsd:documentation>
        </xsd:annotation>
      </xsd:element>
      <xsd:element name="timestampReceive" type="xsd:dateTime" minOccurs="0">
        <xsd:annotation>
          <xsd:documentation>Time of request</xsd:documentation>
        </xsd:annotation>
      </xsd:element>
      <xsd:element name="timestampReply" type="xsd:dateTime" minOccurs="0">
        <xsd:annotation>
          <xsd:documentation>Time of request</xsd:documentation>
        </xsd:annotation>
      </xsd:element>
      <xsd:element name="supplierIdentification" type="tns:OrganizationIdentificationType"/>
    </xsd:sequence>
  </xsd:complexType>
  <xsd:complexType name="InformationNotificationCBSSType">
    <xsd:annotation>
      <xsd:documentation>Deprecated type. Use SenderReceiverType in new batch XSDs. Information block for CBSS info when CBSS notifies partner</xsd:documentation>
    </xsd:annotation>
    <xsd:sequence>
      <xsd:element name="ticketCBSS" type="tns:UUIDType">
        <xsd:annotation>
          <xsd:documentation>UUID generated by Customer or Supplier</xsd:documentation>
        </xsd:annotation>
      </xsd:element>
      <xsd:element name="timestampSent" type="xsd:dateTime">
        <xsd:annotation>
          <xsd:documentation>Time of request</xsd:documentation>
        </xsd:annotation>
      </xsd:element>
    </xsd:sequence>
  </xsd:complexType>
  <xsd:complexType name="InformationNotifiedType">
    <xsd:annotation>
      <xsd:documentation>Deprecated type. Use SenderReceiverType in new batch XSDs. Information block for partner info when CBSS notifies partner</xsd:documentation>
    </xsd:annotation>
    <xsd:sequence>
      <xsd:element name="ticket" type="tns:TicketType" minOccurs="0"/>
      <xsd:element name="timestampReply" type="xsd:dateTime" minOccurs="0"/>
      <xsd:element name="notifiedIdentification" type="tns:OrganizationIdentificationType"/>
    </xsd:sequence>
  </xsd:complexType>
  <xsd:complexType name="InformationCBSSBatchType">
    <xsd:annotation>
      <xsd:documentation>Deprecated type. Use SenderReceiverType in new batch XSDs</xsd:documentation>
    </xsd:annotation>
    <xsd:sequence>
      <xsd:element name="fileId" type="xsd:unsignedLong"/>
      <xsd:element name="fileCreationTimestamp" type="xsd:dateTime"/>
    </xsd:sequence>
  </xsd:complexType>
  <xsd:complexType name="SenderReceiverType">
    <xsd:annotation>
      <xsd:documentation>Information block containing info about the sender or receiver of a message.</xsd:documentation>
    </xsd:annotation>
    <xsd:sequence>
      <xsd:element name="ticket" type="tns:TicketType" minOccurs="0">
        <xsd:annotation>
          <xsd:documentation>The partner can assign a ticket reference to the message. Not mandatory.</xsd:documentation>
        </xsd:annotation>
      </xsd:element>
      <xsd:element name="timestampSent" type="xsd:dateTime" minOccurs="0">
        <xsd:annotation>
          <xsd:documentation>Timestamp when message was sent. In the receiver block of response messages the timestampSent is the timestamp when the request was created by the organization that receives the response.</xsd:documentation>
        </xsd:annotation>
      </xsd:element>
      <xsd:element name="organizationIdentification" type="tns:OrganizationIdentificationType"/>
    </xsd:sequence>
  </xsd:complexType>
  <xsd:complexType name="OrganizationIdentificationType">
    <xsd:choice>
      <xsd:element name="cbeNumber" type="tns:CbeNumberType"/>
      <xsd:sequence>
        <xsd:element name="sector">
          <xsd:simpleType>
            <xsd:restriction base="xsd:unsignedShort">
              <xsd:maxInclusive value="999"/>
            </xsd:restriction>
          </xsd:simpleType>
        </xsd:element>
        <xsd:element name="institution">
          <xsd:simpleType>
            <xsd:restriction base="xsd:unsignedShort">
              <xsd:maxInclusive value="999"/>
            </xsd:restriction>
          </xsd:simpleType>
        </xsd:element>
      </xsd:sequence>
    </xsd:choice>
  </xsd:complexType>
  <xsd:complexType name="OpenPeriodType">
    <xsd:annotation>
      <xsd:documentation>Period containining a begin date and an optional end date.</xsd:documentation>
    </xsd:annotation>
    <xsd:sequence>
      <xsd:element name="beginDate" type="xsd:date"/>
      <xsd:element name="endDate" type="xsd:date" minOccurs="0"/>
    </xsd:sequence>
  </xsd:complexType>
  <xsd:complexType name="PeriodType">
    <xsd:annotation>
      <xsd:documentation>Period containining a begin date and an end date.</xsd:documentation>
    </xsd:annotation>
    <xsd:sequence>
      <xsd:element name="beginDate" type="xsd:date"/>
      <xsd:element name="endDate" type="xsd:date"/>
    </xsd:sequence>
  </xsd:complexType>
  <xsd:simpleType name="IncompleteDateType">
    <xsd:annotation>
      <xsd:documentation>A possibly incomplete date. Format yyyy-mm-dd, yyyy-mm-00 or yyyy-00-00</xsd:documentation>
    </xsd:annotation>
    <xsd:restriction base="xsd:string">
      <xsd:length value="10"/>
      <xsd:whiteSpace value="collapse"/>
      <xsd:pattern value="[0-2][0-9]{3}\-[0-1][0-9]\-[0-3][0-9]"/>
    </xsd:restriction>
  </xsd:simpleType>
  <xsd:simpleType name="DescriptionType">
    <xsd:restriction base="xsd:string">
      <xsd:maxLength value="100"/>
    </xsd:restriction>
  </xsd:simpleType>
  <xsd:simpleType name="LanguageType">
    <xsd:annotation>
      <xsd:documentation>Type specifying the language of a given value</xsd:documentation>
    </xsd:annotation>
    <xsd:restriction base="xsd:string">
      <xsd:enumeration value="NL"/>
      <xsd:enumeration value="FR"/>
      <xsd:enumeration value="DE"/>
    </xsd:restriction>
  </xsd:simpleType>
  <!--Errors and warnings structures-->
  <xsd:group name="BusinessAnomaliesContentFragment">
    <xsd:annotation>
      <xsd:documentation>Structure reporting business errors to the consumer</xsd:documentation>
    </xsd:annotation>
    <xsd:sequence>
      <xsd:element name="businessAnomalies" type="tns:BusinessAnomaliesType" minOccurs="0"/>
    </xsd:sequence>
  </xsd:group>
  <xsd:complexType name="BusinessAnomaliesType">
    <xsd:annotation>
      <xsd:documentation>Type defining the structure of the part of the response containing business Faults</xsd:documentation>
    </xsd:annotation>
    <xsd:sequence>
      <xsd:element name="businessAnomaly" type="tns:BusinessAnomalyType" maxOccurs="25"/>
    </xsd:sequence>
  </xsd:complexType>
  <xsd:complexType name="BusinessAnomalyType">
    <xsd:annotation>
      <xsd:documentation>Type defining the structure of one business Faults</xsd:documentation>
    </xsd:annotation>
    <xsd:sequence>
      <xsd:element name="code" type="xsd:string">
        <xsd:annotation>
          <xsd:documentation>Unique code referring to a description of this Fault</xsd:documentation>
        </xsd:annotation>
      </xsd:element>
      <xsd:element name="severity" type="tns:SeverityType"/>
      <xsd:element name="description">
        <xsd:annotation>
          <xsd:documentation>Some description of this Fault</xsd:documentation>
        </xsd:annotation>
        <xsd:simpleType>
          <xsd:restriction base="xsd:string">
            <xsd:maxLength value="256"/>
          </xsd:restriction>
        </xsd:simpleType>
      </xsd:element>
      <xsd:element name="information" type="tns:InformationType" minOccurs="0" maxOccurs="15"/>
    </xsd:sequence>
  </xsd:complexType>
  <xsd:complexType name="CBSSFaultType">
    <xsd:sequence>
      <xsd:element name="informationCustomer" type="tns:InformationCustomerType" minOccurs="0"/>
      <xsd:element name="informationCBSS" type="tns:InformationCBSSType"/>
      <xsd:element name="detail" type="tns:MessageType" maxOccurs="30"/>
    </xsd:sequence>
  </xsd:complexType>
  <xsd:complexType name="MessageType">
    <xsd:sequence>
      <xsd:element name="severity" type="tns:SeverityType"/>
      <xsd:element name="reasonCode">
        <xsd:simpleType>
          <xsd:restriction base="xsd:string">
            <xsd:maxLength value="16"/>
          </xsd:restriction>
        </xsd:simpleType>
      </xsd:element>
      <xsd:element name="diagnostic">
        <xsd:simpleType>
          <xsd:restriction base="xsd:string">
            <xsd:maxLength value="256"/>
          </xsd:restriction>
        </xsd:simpleType>
      </xsd:element>
      <xsd:element name="authorCode">
        <xsd:simpleType>
          <xsd:restriction base="xsd:string">
            <xsd:maxLength value="64"/>
          </xsd:restriction>
        </xsd:simpleType>
      </xsd:element>
      <xsd:element name="information" type="tns:InformationType" minOccurs="0" maxOccurs="15"/>
    </xsd:sequence>
  </xsd:complexType>
  <xsd:complexType name="InformationType">
    <xsd:sequence>
      <xsd:element name="fieldName">
        <xsd:simpleType>
          <xsd:restriction base="xsd:string">
            <xsd:maxLength value="64"/>
          </xsd:restriction>
        </xsd:simpleType>
      </xsd:element>
      <xsd:element name="fieldValue" minOccurs="0">
        <xsd:simpleType>
          <xsd:restriction base="xsd:string">
            <xsd:maxLength value="256"/>
          </xsd:restriction>
        </xsd:simpleType>
      </xsd:element>
    </xsd:sequence>
  </xsd:complexType>
  <!--Base types for most common request/response format for consultation type operations. Can be used to define request and response types with extension type inheritance. Don't use if it doesn't fit the requirements.-->
  <xsd:complexType name="BaseRequestType" abstract="true">
    <xsd:annotation>
      <xsd:documentation>Type defining the base structure for all service requests</xsd:documentation>
    </xsd:annotation>
    <xsd:sequence>
      <xsd:element name="informationCustomer" type="tns:InformationCustomerType"/>
      <xsd:element name="informationCBSS" type="tns:InformationCBSSType" minOccurs="0"/>
      <xsd:element name="legalContext" type="tns:LegalContextType">
        <xsd:annotation>
          <xsd:documentation>legal context under which the request was made</xsd:documentation>
        </xsd:annotation>
      </xsd:element>
    </xsd:sequence>
  </xsd:complexType>
  <xsd:complexType name="BaseResponseType" abstract="true">
    <xsd:annotation>
      <xsd:documentation>Type defining the base structure for all service responses</xsd:documentation>
    </xsd:annotation>
    <xsd:sequence>
      <xsd:element name="informationCustomer" type="tns:InformationCustomerType"/>
      <xsd:element name="informationCBSS" type="tns:InformationCBSSType"/>
      <xsd:element name="legalContext" type="tns:LegalContextType"/>
    </xsd:sequence>
  </xsd:complexType>
  <!--Commonly used status type for consultation type operations. Define another if it doesn't fit requirements.-->
  <xsd:complexType name="StatusType">
    <xsd:sequence>
      <xsd:element name="value">
        <xsd:annotation>
          <xsd:documentation>global status of the result</xsd:documentation>
        </xsd:annotation>
        <xsd:simpleType>
          <xsd:restriction base="xsd:string">
            <xsd:enumeration value="DATA_FOUND"/>
            <xsd:enumeration value="NO_DATA_FOUND"/>
            <xsd:enumeration value="NO_RESULT"/>
          </xsd:restriction>
        </xsd:simpleType>
      </xsd:element>
      <xsd:element name="code">
        <xsd:annotation>
          <xsd:documentation>the code of the status</xsd:documentation>
        </xsd:annotation>
        <xsd:simpleType>
          <xsd:restriction base="xsd:string">
            <xsd:maxLength value="16"/>
          </xsd:restriction>
        </xsd:simpleType>
      </xsd:element>
      <xsd:element name="description" minOccurs="0">
        <xsd:annotation>
          <xsd:documentation>the description of the status</xsd:documentation>
        </xsd:annotation>
        <xsd:simpleType>
          <xsd:restriction base="xsd:string">
            <xsd:maxLength value="256"/>
          </xsd:restriction>
        </xsd:simpleType>
      </xsd:element>
      <xsd:element name="information" type="tns:InformationType" minOccurs="0" maxOccurs="15"/>
    </xsd:sequence>
  </xsd:complexType>
  <xsd:simpleType name="EuroPositiveAmountType">
    <xsd:restriction base="xsd:decimal">
      <xsd:fractionDigits value="2"/>
      <xsd:maxExclusive value="1000000000000000"/>
    </xsd:restriction>
  </xsd:simpleType>
  <xsd:simpleType name="EuroAmountType">
    <xsd:restriction base="xsd:decimal">
      <xsd:fractionDigits value="2"/>
      <xsd:maxExclusive value="1000000000000000"/>
      <xsd:minExclusive value="-1000000000000000"/>
    </xsd:restriction>
  </xsd:simpleType>
  <xsd:simpleType name="EurocentPositiveAmountType">
    <xsd:restriction base="xsd:unsignedLong">
      <xsd:maxExclusive value="100000000000000000"/>
    </xsd:restriction>
  </xsd:simpleType>
  <xsd:simpleType name="EurocentAmountType">
    <xsd:restriction base="xsd:long">
      <xsd:minExclusive value="-100000000000000000"/>
      <xsd:maxExclusive value="100000000000000000"/>
    </xsd:restriction>
  </xsd:simpleType>
</xsd:schema>]]></con:content><con:type>http://www.w3.org/2001/XMLSchema</con:type></con:part></con:definitionCache><con:endpoints>
      
    <con:endpoint>https://192.168.22.53:8443/services/EnterpriseSocialDebtService_v1.0</con:endpoint><con:endpoint>https://192.168.22.54:8443/services/EnterpriseSocialDebtService_v1.0</con:endpoint><con:endpoint>https://192.168.24.16:8443/services/EnterpriseSocialDebtService_v1.0</con:endpoint><con:endpoint>https://192.168.24.17:8443/services/EnterpriseSocialDebtService_v1.0</con:endpoint><con:endpoint>https://192.168.26.19:8443/services/EnterpriseSocialDebtService_v1.0</con:endpoint><con:endpoint>https://192.168.26.22:8443/services/EnterpriseSocialDebtService_v1.0</con:endpoint><con:endpoint>https://192.168.36.61:8243/services/EnterpriseSocialDebtService_v1.0</con:endpoint><con:endpoint>https://esb-security-gw.sta.srv.cirb.lan:8443/services/EnterpriseSocialDebtService_v1.0</con:endpoint><con:endpoint>https://fidus-esb-sg.prd.srv.cirb.lan:8443/services/EnterpriseSocialDebtService_v1.0</con:endpoint><con:endpoint>https://fidus-esb-sg.sta.srv.cirb.lan:8443/services/EnterpriseSocialDebtService_v1.0</con:endpoint><con:endpoint>https://fidus-test.irisnetlab.be/services/EnterpriseSocialDebtService_v1.0</con:endpoint><con:endpoint>https://fidus.irisnetlab.be/services/EnterpriseSocialDebtService_v1.0</con:endpoint><con:endpoint>https://fidus.sec.brussels/services/EnterpriseSocialDebtService_v1.0</con:endpoint><con:endpoint>https://localhost:8243/services/EnterpriseSocialDebtService_v1.0</con:endpoint></con:endpoints>
    <con:operation isOneWay="false" action="http://fidus.brussels/services/enterprisesocialdebtservice/consultSocialDebt" name="consultSocialDebt" bindingOperationName="consultSocialDebt" type="Request-Response" inputName="" receivesAttachments="false" sendsAttachments="false" anonymous="optional" id="05d88c81-f948-48d7-89a1-c13fb8741c3a">
      <con:settings/>
      <con:call name="1 - Local - Request 1" outgoingWss="Outflow DEV" incomingWss="Inflow DEV" useWsAddressing="false" id="19be0677-5b82-484d-9afb-d10784fac509">
        <con:settings>
          <con:setting id="com.eviware.soapui.impl.wsdl.WsdlRequest@request-headers">&lt;xml-fragment/></con:setting>
        </con:settings>
        <con:encoding>UTF-8</con:encoding>
        <con:endpoint>https://localhost:8243/services/EnterpriseSocialDebtService_v1.0</con:endpoint>
        <con:request><![CDATA[<soapenv:Envelope xmlns:soapenv="http://schemas.xmlsoap.org/soap/envelope/" xmlns:v1="http://fidus.brussels/service/enterprisesocialdebtservice/messages/v1" xmlns:v11="http://fidus.brussels/type/common/messages/v1">
   <soapenv:Header/>
   <soapenv:Body>
      <v1:consultSocialDebtRequest>
         <v1:messageContext>
            <v11:messageId>${=import static java.util.UUID.randomUUID; uuid = randomUUID() as String}</v11:messageId>
            <v11:timestamp>${=new java.text.SimpleDateFormat("yyyy-MM-dd'T'HH:mm:ss.SSS").format(new Date())}</v11:timestamp>
         </v1:messageContext>
         <v1:legalContext>ServiceIntegrator</v1:legalContext>
         <v1:request>
            <searchCriteria>
               <cbeNumber>0837834530</cbeNumber>
               <requestingOrganisationNumber>0316381039</requestingOrganisationNumber>
               <!--Optional:-->
               <requestingBusinessUnitNumber>2143349018</requestingBusinessUnitNumber>
            </searchCriteria>
         </v1:request>
      </v1:consultSocialDebtRequest>
   </soapenv:Body>
</soapenv:Envelope>]]></con:request>
        <con:credentials>
          <con:selectedAuthProfile>Basic</con:selectedAuthProfile><con:addedBasicAuthenticationTypes>Basic</con:addedBasicAuthenticationTypes><con:authType>Global HTTP Settings</con:authType>
        </con:credentials>
        <con:jmsConfig JMSDeliveryMode="PERSISTENT"/>
        <con:jmsPropertyConfig/>
        <con:wsaConfig mustUnderstand="NONE" version="200508" action="http://fidus.brussels/services/household/getHouseHold"/>
        <con:wsrmConfig version="1.2"/>
      </con:call>
      
      <con:call name="3 - Test - External - Request" outgoingWss="Outflow TEST" incomingWss="Inflow TEST" id="ed3d1eb5-d306-432b-91a6-c817a03b0767">
        <con:settings>
          <con:setting id="com.eviware.soapui.impl.wsdl.WsdlRequest@request-headers">&lt;xml-fragment/></con:setting>
        </con:settings>
        <con:encoding>UTF-8</con:encoding>
        <con:endpoint>https://fidus-test.irisnetlab.be/services/EnterpriseSocialDebtService_v1.0</con:endpoint>
        <con:request><![CDATA[<soapenv:Envelope xmlns:soapenv="http://schemas.xmlsoap.org/soap/envelope/" xmlns:v1="http://fidus.brussels/service/household/messages/v1" xmlns:v11="http://fidus.brussels/type/common/messages/v1">
   <soapenv:Header/>
   <soapenv:Body>
      <v12:consultSocialDebtRequest xmlns:v12="http://fidus.brussels/service/enterprisesocialdebtservice/messages/v1">
         <v12:messageContext>
            <v11:messageId>${=import static java.util.UUID.randomUUID; uuid = randomUUID() as String}</v11:messageId>
            <v11:timestamp>${=new java.text.SimpleDateFormat("yyyy-MM-dd'T'HH:mm:ss.SSS").format(new Date())}</v11:timestamp>
         </v12:messageContext>
         <v12:legalContext>ServiceVoucher</v12:legalContext>
         <v12:request>
            <searchCriteria>
               <cbeNumber>0480260856</cbeNumber>
               <requestingOrganisationNumber>0316381039</requestingOrganisationNumber>
            </searchCriteria>
         </v12:request>
      </v12:consultSocialDebtRequest>
   </soapenv:Body>
</soapenv:Envelope>]]></con:request>
        <con:credentials>
          <con:selectedAuthProfile>Basic</con:selectedAuthProfile><con:addedBasicAuthenticationTypes>Basic</con:addedBasicAuthenticationTypes><con:authType>Global HTTP Settings</con:authType>
        </con:credentials>
        <con:jmsConfig JMSDeliveryMode="PERSISTENT"/>
        <con:jmsPropertyConfig/>
        <con:wsaConfig mustUnderstand="NONE" version="200508" action="http://fidus.brussels/services/household/getHouseHold"/>
        <con:wsrmConfig version="1.2"/>
      </con:call>
      <con:call name="3 - Test - LB - Request" outgoingWss="Outflow TEST" incomingWss="Inflow TEST" id="ff0700d8-5416-4544-91af-743c4a1b3c90">
        <con:settings>
          <con:setting id="com.eviware.soapui.impl.wsdl.WsdlRequest@request-headers">&lt;xml-fragment/></con:setting>
        </con:settings>
        <con:encoding>UTF-8</con:encoding>
        <con:endpoint>https://esb-security-gw.sta.srv.cirb.lan:8443/services/EnterpriseSocialDebtService_v1.0</con:endpoint>
        <con:request><![CDATA[<soapenv:Envelope xmlns:soapenv="http://schemas.xmlsoap.org/soap/envelope/" xmlns:v1="http://fidus.brussels/service/household/messages/v1" xmlns:v11="http://fidus.brussels/type/common/messages/v1">
   <soapenv:Header/>
   <soapenv:Body>
      <v12:consultSocialDebtRequest xmlns:v12="http://fidus.brussels/service/enterprisesocialdebtservice/messages/v1">
         <v12:messageContext>
            <v11:messageId>${=import static java.util.UUID.randomUUID; uuid = randomUUID() as String}</v11:messageId>
            <v11:timestamp>${=new java.text.SimpleDateFormat("yyyy-MM-dd'T'HH:mm:ss.SSS").format(new Date())}</v11:timestamp>
         </v12:messageContext>
         <v12:legalContext>ServiceVoucher</v12:legalContext>
         <v12:request>
            <searchCriteria>
               <cbeNumber>0480260856</cbeNumber>
               <requestingOrganisationNumber>0316381039</requestingOrganisationNumber>
            </searchCriteria>
         </v12:request>
      </v12:consultSocialDebtRequest>
   </soapenv:Body>
</soapenv:Envelope>]]></con:request>
        <con:credentials>
          <con:selectedAuthProfile>Basic</con:selectedAuthProfile><con:addedBasicAuthenticationTypes>Basic</con:addedBasicAuthenticationTypes><con:authType>Global HTTP Settings</con:authType>
        </con:credentials>
        <con:jmsConfig JMSDeliveryMode="PERSISTENT"/>
        <con:jmsPropertyConfig/>
        <con:wsaConfig mustUnderstand="NONE" version="200508" action="http://fidus.brussels/services/household/getHouseHold"/>
        <con:wsrmConfig version="1.2"/>
      </con:call>
      <con:call name="3 - Test - Worker1 - Request" outgoingWss="Outflow TEST" incomingWss="Inflow TEST" id="4faeecdb-d5a2-410c-aa25-1e741b4c0536">
        <con:settings>
          <con:setting id="com.eviware.soapui.impl.wsdl.WsdlRequest@request-headers">&lt;xml-fragment/></con:setting>
        </con:settings>
        <con:encoding>UTF-8</con:encoding>
        <con:endpoint>https://192.168.22.53:8443/services/EnterpriseSocialDebtService_v1.0</con:endpoint>
        <con:request><![CDATA[<soapenv:Envelope xmlns:soapenv="http://schemas.xmlsoap.org/soap/envelope/" xmlns:v1="http://fidus.brussels/service/household/messages/v1" xmlns:v11="http://fidus.brussels/type/common/messages/v1">
   <soapenv:Header/>
   <soapenv:Body>
      <v12:consultSocialDebtRequest xmlns:v12="http://fidus.brussels/service/enterprisesocialdebtservice/messages/v1">
         <v12:messageContext>
            <v11:messageId>${=import static java.util.UUID.randomUUID; uuid = randomUUID() as String}</v11:messageId>
            <v11:timestamp>${=new java.text.SimpleDateFormat("yyyy-MM-dd'T'HH:mm:ss.SSS").format(new Date())}</v11:timestamp>
         </v12:messageContext>
         <v12:legalContext>ServiceVoucher</v12:legalContext>
         <v12:request>
            <searchCriteria>
               <cbeNumber>0480260856</cbeNumber>
               <requestingOrganisationNumber>0316381039</requestingOrganisationNumber>
            </searchCriteria>
         </v12:request>
      </v12:consultSocialDebtRequest>
   </soapenv:Body>
</soapenv:Envelope>]]></con:request>
        <con:credentials>
          <con:selectedAuthProfile>Basic</con:selectedAuthProfile><con:addedBasicAuthenticationTypes>Basic</con:addedBasicAuthenticationTypes><con:authType>Global HTTP Settings</con:authType>
        </con:credentials>
        <con:jmsConfig JMSDeliveryMode="PERSISTENT"/>
        <con:jmsPropertyConfig/>
        <con:wsaConfig mustUnderstand="NONE" version="200508" action="http://fidus.brussels/services/household/getHouseHold"/>
        <con:wsrmConfig version="1.2"/>
      </con:call>
      <con:call name="3 - Test - Worker2 - Request" outgoingWss="Outflow TEST" incomingWss="Inflow TEST" id="81b807f8-b7f5-43e5-a219-b28ab15faac9">
        <con:settings>
          <con:setting id="com.eviware.soapui.impl.wsdl.WsdlRequest@request-headers">&lt;xml-fragment/></con:setting>
        </con:settings>
        <con:encoding>UTF-8</con:encoding>
        <con:endpoint>https://192.168.22.54:8443/services/EnterpriseSocialDebtService_v1.0</con:endpoint>
        <con:request><![CDATA[<soapenv:Envelope xmlns:soapenv="http://schemas.xmlsoap.org/soap/envelope/" xmlns:v1="http://fidus.brussels/service/household/messages/v1" xmlns:v11="http://fidus.brussels/type/common/messages/v1">
   <soapenv:Header/>
   <soapenv:Body>
      <v12:consultSocialDebtRequest xmlns:v12="http://fidus.brussels/service/enterprisesocialdebtservice/messages/v1">
         <v12:messageContext>
            <v11:messageId>${=import static java.util.UUID.randomUUID; uuid = randomUUID() as String}</v11:messageId>
            <v11:timestamp>${=new java.text.SimpleDateFormat("yyyy-MM-dd'T'HH:mm:ss.SSS").format(new Date())}</v11:timestamp>
         </v12:messageContext>
         <v12:legalContext>ServiceVoucher</v12:legalContext>
         <v12:request>
            <searchCriteria>
               <cbeNumber>0480260856</cbeNumber>
               <requestingOrganisationNumber>0316381039</requestingOrganisationNumber>
            </searchCriteria>
         </v12:request>
      </v12:consultSocialDebtRequest>
   </soapenv:Body>
</soapenv:Envelope>]]></con:request>
        <con:credentials>
          <con:selectedAuthProfile>Basic</con:selectedAuthProfile><con:addedBasicAuthenticationTypes>Basic</con:addedBasicAuthenticationTypes><con:authType>Global HTTP Settings</con:authType>
        </con:credentials>
        <con:jmsConfig JMSDeliveryMode="PERSISTENT"/>
        <con:jmsPropertyConfig/>
        <con:wsaConfig mustUnderstand="NONE" version="200508" action="http://fidus.brussels/services/household/getHouseHold"/>
        <con:wsrmConfig version="1.2"/>
      </con:call>
      
      
      
      
      
      
      
      
    <con:call id="fa644eee-51c9-4c1d-88f7-cc6b86735c05" name="1 - Local - Request 2" outgoingWss="Outflow DEV" incomingWss="Inflow DEV"><con:settings><con:setting id="com.eviware.soapui.impl.wsdl.WsdlRequest@request-headers">&lt;xml-fragment/></con:setting></con:settings><con:encoding>UTF-8</con:encoding><con:endpoint>https://localhost:8243/services/EnterpriseSocialDebtService_v1.0</con:endpoint><con:request><![CDATA[<soapenv:Envelope xmlns:soapenv="http://schemas.xmlsoap.org/soap/envelope/" xmlns:v1="http://fidus.brussels/service/enterprisesocialdebtservice/messages/v1" xmlns:v11="http://fidus.brussels/type/common/messages/v1">
   <soapenv:Header/>
   <soapenv:Body>
      <v1:consultSocialDebtRequest>
         <v1:messageContext>
            <v11:messageId>${=import static java.util.UUID.randomUUID; uuid = randomUUID() as String}</v11:messageId>
            <v11:timestamp>${=new java.text.SimpleDateFormat("yyyy-MM-dd'T'HH:mm:ss.SSS").format(new Date())}</v11:timestamp>
         </v1:messageContext>
         <v1:legalContext>ServiceIntegrator</v1:legalContext>
         <v1:request>
            <searchCriteria>
               <cbeNumber>0480260856</cbeNumber>
               <requestingOrganisationNumber>0316381039</requestingOrganisationNumber>
               <!--Optional:-->
               <requestingBusinessUnitNumber>2143349018</requestingBusinessUnitNumber>
            </searchCriteria>
         </v1:request>
      </v1:consultSocialDebtRequest>
   </soapenv:Body>
</soapenv:Envelope>]]></con:request><con:credentials><con:selectedAuthProfile>Basic</con:selectedAuthProfile><con:addedBasicAuthenticationTypes>Basic</con:addedBasicAuthenticationTypes><con:authType>Global HTTP Settings</con:authType></con:credentials><con:jmsConfig JMSDeliveryMode="PERSISTENT"/><con:jmsPropertyConfig/><con:wsaConfig mustUnderstand="NONE" version="200508" action="http://fidus.brussels/services/enterprisesocialdebtservice/consultSocialDebt"/><con:wsrmConfig version="1.2"/></con:call><con:call id="99f23333-907c-4d18-84cc-c5b9f3312a8d" name="4 - Staging - External - Request" outgoingWss="Outflow STAG"><con:settings><con:setting id="com.eviware.soapui.impl.wsdl.WsdlRequest@request-headers">&lt;xml-fragment/></con:setting></con:settings><con:encoding>UTF-8</con:encoding><con:endpoint>https://fidus.irisnetlab.be/services/EnterpriseSocialDebtService_v1.0</con:endpoint><con:request><![CDATA[<soapenv:Envelope xmlns:soapenv="http://schemas.xmlsoap.org/soap/envelope/" xmlns:v1="http://fidus.brussels/service/enterprisesocialdebtservice/messages/v1" xmlns:v11="http://fidus.brussels/type/common/messages/v1">
   <soapenv:Header/>
   <soapenv:Body>
      <v1:consultSocialDebtRequest>
         <v1:messageContext>
            <v11:messageId>${=import static java.util.UUID.randomUUID; uuid = randomUUID() as String}</v11:messageId>
            <v11:timestamp>${=new java.text.SimpleDateFormat("yyyy-MM-dd'T'HH:mm:ss.SSS").format(new Date())}</v11:timestamp>
         </v1:messageContext>
         <v1:legalContext>ServiceVoucher</v1:legalContext>
         <v1:request>
            <searchCriteria>
               <cbeNumber>0837834530</cbeNumber>
               <requestingOrganisationNumber>0316381039</requestingOrganisationNumber>
               <!--Optional:-->
               <requestingBusinessUnitNumber>2143349018</requestingBusinessUnitNumber>
            </searchCriteria>
         </v1:request>
      </v1:consultSocialDebtRequest>
   </soapenv:Body>
</soapenv:Envelope>]]></con:request><con:credentials><con:selectedAuthProfile>Basic</con:selectedAuthProfile><con:addedBasicAuthenticationTypes>Basic</con:addedBasicAuthenticationTypes><con:authType>Global HTTP Settings</con:authType></con:credentials><con:jmsConfig JMSDeliveryMode="PERSISTENT"/><con:jmsPropertyConfig/><con:wsaConfig mustUnderstand="NONE" version="200508" action="http://fidus.brussels/services/enterprisesocialdebtservice/consultSocialDebt"/><con:wsrmConfig version="1.2"/></con:call><con:call id="ca4ee618-b33d-487e-b581-762ce8f9775f" name="2 - Dev - Request 1"><con:settings><con:setting id="com.eviware.soapui.impl.wsdl.WsdlRequest@request-headers">&lt;xml-fragment/></con:setting></con:settings><con:encoding>UTF-8</con:encoding><con:endpoint>https://192.168.36.61:8243/services/EnterpriseSocialDebtService_v1.0</con:endpoint><con:request><![CDATA[<soapenv:Envelope xmlns:soapenv="http://schemas.xmlsoap.org/soap/envelope/" xmlns:v1="http://fidus.brussels/service/enterprisesocialdebtservice/messages/v1" xmlns:v11="http://fidus.brussels/type/common/messages/v1">
   <soapenv:Header/>
   <soapenv:Body>
      <v1:consultSocialDebtRequest>
         <v1:messageContext>
            <v11:messageId>${=import static java.util.UUID.randomUUID; uuid = randomUUID() as String}</v11:messageId>
            <v11:timestamp>${=new java.text.SimpleDateFormat("yyyy-MM-dd'T'HH:mm:ss.SSS").format(new Date())}</v11:timestamp>
         </v1:messageContext>
         <v1:legalContext>ServiceIntegrator</v1:legalContext>
         <v1:request>
            <searchCriteria>
               <cbeNumber>0837834530</cbeNumber>
               <requestingOrganisationNumber>0316381039</requestingOrganisationNumber>
               <!--Optional:-->
               <requestingBusinessUnitNumber>2143349018</requestingBusinessUnitNumber>
            </searchCriteria>
         </v1:request>
      </v1:consultSocialDebtRequest>
   </soapenv:Body>
</soapenv:Envelope>]]></con:request><con:credentials>
          <con:selectedAuthProfile>Basic</con:selectedAuthProfile><con:addedBasicAuthenticationTypes>Basic</con:addedBasicAuthenticationTypes><con:authType>Global HTTP Settings</con:authType>
        </con:credentials><con:jmsConfig JMSDeliveryMode="PERSISTENT"/><con:jmsPropertyConfig/><con:wsaConfig mustUnderstand="NONE" version="200508" action="http://fidus.brussels/services/enterprisesocialdebtservice/consultSocialDebt"/><con:wsrmConfig version="1.2"/></con:call><con:call id="d148eddb-eebd-4bc2-9432-05c9dfb781ec" name="2 - Dev - Request 2"><con:settings><con:setting id="com.eviware.soapui.impl.wsdl.WsdlRequest@request-headers">&lt;xml-fragment/></con:setting></con:settings><con:encoding>UTF-8</con:encoding><con:endpoint>https://192.168.36.61:8243/services/EnterpriseSocialDebtService_v1.0</con:endpoint><con:request><![CDATA[<soapenv:Envelope xmlns:soapenv="http://schemas.xmlsoap.org/soap/envelope/" xmlns:v1="http://fidus.brussels/service/enterprisesocialdebtservice/messages/v1" xmlns:v11="http://fidus.brussels/type/common/messages/v1">
   <soapenv:Header/>
   <soapenv:Body>
      <v1:consultSocialDebtRequest>
         <v1:messageContext>
            <v11:messageId>${=import static java.util.UUID.randomUUID; uuid = randomUUID() as String}</v11:messageId>
            <v11:timestamp>${=new java.text.SimpleDateFormat("yyyy-MM-dd'T'HH:mm:ss.SSS").format(new Date())}</v11:timestamp>
         </v1:messageContext>
         <v1:legalContext>ServiceIntegrator</v1:legalContext>
         <v1:request>
            <searchCriteria>
               <cbeNumber>0480260856</cbeNumber>
               <requestingOrganisationNumber>0316381039</requestingOrganisationNumber>
               <!--Optional:-->
               <requestingBusinessUnitNumber>2143349018</requestingBusinessUnitNumber>
            </searchCriteria>
         </v1:request>
      </v1:consultSocialDebtRequest>
   </soapenv:Body>
</soapenv:Envelope>]]></con:request><con:credentials>
          <con:selectedAuthProfile>Basic</con:selectedAuthProfile><con:addedBasicAuthenticationTypes>Basic</con:addedBasicAuthenticationTypes><con:authType>Global HTTP Settings</con:authType>
        </con:credentials><con:jmsConfig JMSDeliveryMode="PERSISTENT"/><con:jmsPropertyConfig/><con:wsaConfig mustUnderstand="NONE" version="200508" action="http://fidus.brussels/services/enterprisesocialdebtservice/consultSocialDebt"/><con:wsrmConfig version="1.2"/></con:call><con:call id="f9918c3a-c603-48e8-b8a8-f499bc4b4690" name="4 - Staging - LB - Request" outgoingWss="Outflow STAG"><con:settings><con:setting id="com.eviware.soapui.impl.wsdl.WsdlRequest@request-headers">&lt;xml-fragment/></con:setting></con:settings><con:encoding>UTF-8</con:encoding><con:endpoint>https://fidus-esb-sg.sta.srv.cirb.lan:8443/services/EnterpriseSocialDebtService_v1.0</con:endpoint><con:request><![CDATA[<soapenv:Envelope xmlns:soapenv="http://schemas.xmlsoap.org/soap/envelope/" xmlns:v1="http://fidus.brussels/service/household/messages/v1" xmlns:v11="http://fidus.brussels/type/common/messages/v1">
   <soapenv:Header/>
   <soapenv:Body>
      <v12:consultSocialDebtRequest xmlns:v12="http://fidus.brussels/service/enterprisesocialdebtservice/messages/v1">
         <v12:messageContext>
            <v11:messageId>${=import static java.util.UUID.randomUUID; uuid = randomUUID() as String}</v11:messageId>
            <v11:timestamp>${=new java.text.SimpleDateFormat("yyyy-MM-dd'T'HH:mm:ss.SSS").format(new Date())}</v11:timestamp>
         </v12:messageContext>
         <v12:legalContext>ServiceVoucher</v12:legalContext>
         <v12:request>
            <searchCriteria>
               <cbeNumber>0837834530</cbeNumber>
               <requestingOrganisationNumber>0316381039</requestingOrganisationNumber>
               <!--Optional:-->
               <requestingBusinessUnitNumber>2143349018</requestingBusinessUnitNumber>
            </searchCriteria>
         </v12:request>
      </v12:consultSocialDebtRequest>
   </soapenv:Body>
</soapenv:Envelope>]]></con:request><con:credentials>
          <con:selectedAuthProfile>Basic</con:selectedAuthProfile><con:addedBasicAuthenticationTypes>Basic</con:addedBasicAuthenticationTypes><con:authType>Global HTTP Settings</con:authType>
        </con:credentials><con:jmsConfig JMSDeliveryMode="PERSISTENT"/><con:jmsPropertyConfig/><con:wsaConfig mustUnderstand="NONE" version="200508" action="http://fidus.brussels/services/enterprisesocialdebtservice/consultSocialDebt"/><con:wsrmConfig version="1.2"/></con:call><con:call id="86bb1438-ab47-43f5-8915-db23aacaa92e" name="4 - Staging - Worker1 - Request" outgoingWss="Outflow STAG"><con:settings><con:setting id="com.eviware.soapui.impl.wsdl.WsdlRequest@request-headers">&lt;xml-fragment/></con:setting></con:settings><con:encoding>UTF-8</con:encoding><con:endpoint>https://192.168.24.16:8443/services/EnterpriseSocialDebtService_v1.0</con:endpoint><con:request><![CDATA[<soapenv:Envelope xmlns:soapenv="http://schemas.xmlsoap.org/soap/envelope/" xmlns:v1="http://fidus.brussels/service/enterprisesocialdebtservice/messages/v1" xmlns:v11="http://fidus.brussels/type/common/messages/v1">
   <soapenv:Header/>
   <soapenv:Body>
      <v1:consultSocialDebtRequest>
         <v1:messageContext>
            <v11:messageId>${=import static java.util.UUID.randomUUID; uuid = randomUUID() as String}</v11:messageId>
            <v11:timestamp>${=new java.text.SimpleDateFormat("yyyy-MM-dd'T'HH:mm:ss.SSS").format(new Date())}</v11:timestamp>
         </v1:messageContext>
         <v1:legalContext>ServiceVoucher</v1:legalContext>
         <v1:request>
            <searchCriteria>
               <cbeNumber>0837834530</cbeNumber>
               <requestingOrganisationNumber>0316381039</requestingOrganisationNumber>
               <!--Optional:-->
               <requestingBusinessUnitNumber>2143349018</requestingBusinessUnitNumber>
            </searchCriteria>
         </v1:request>
      </v1:consultSocialDebtRequest>
   </soapenv:Body>
</soapenv:Envelope>]]></con:request><con:credentials>
          <con:selectedAuthProfile>Basic</con:selectedAuthProfile><con:addedBasicAuthenticationTypes>Basic</con:addedBasicAuthenticationTypes><con:authType>Global HTTP Settings</con:authType>
        </con:credentials><con:jmsConfig JMSDeliveryMode="PERSISTENT"/><con:jmsPropertyConfig/><con:wsaConfig mustUnderstand="NONE" version="200508" action="http://fidus.brussels/services/enterprisesocialdebtservice/consultSocialDebt"/><con:wsrmConfig version="1.2"/></con:call><con:call id="b05495fb-2676-4592-9e67-e778845b2129" name="4 - Staging - Worker2 - Request" outgoingWss="Outflow STAG"><con:settings><con:setting id="com.eviware.soapui.impl.wsdl.WsdlRequest@request-headers">&lt;xml-fragment/></con:setting></con:settings><con:encoding>UTF-8</con:encoding><con:endpoint>https://192.168.24.17:8443/services/EnterpriseSocialDebtService_v1.0</con:endpoint><con:request><![CDATA[<soapenv:Envelope xmlns:soapenv="http://schemas.xmlsoap.org/soap/envelope/" xmlns:v1="http://fidus.brussels/service/enterprisesocialdebtservice/messages/v1" xmlns:v11="http://fidus.brussels/type/common/messages/v1">
   <soapenv:Header/>
   <soapenv:Body>
      <v1:consultSocialDebtRequest>
         <v1:messageContext>
            <v11:messageId>${=import static java.util.UUID.randomUUID; uuid = randomUUID() as String}</v11:messageId>
            <v11:timestamp>${=new java.text.SimpleDateFormat("yyyy-MM-dd'T'HH:mm:ss.SSS").format(new Date())}</v11:timestamp>
         </v1:messageContext>
         <v1:legalContext>ServiceVoucher</v1:legalContext>
         <v1:request>
            <searchCriteria>
               <cbeNumber>0480260856</cbeNumber>
               <requestingOrganisationNumber>0316381039</requestingOrganisationNumber>
               <!--Optional:-->
               <requestingBusinessUnitNumber>2143349018</requestingBusinessUnitNumber>
            </searchCriteria>
         </v1:request>
      </v1:consultSocialDebtRequest>
   </soapenv:Body>
</soapenv:Envelope>]]></con:request><con:credentials><con:selectedAuthProfile>Basic</con:selectedAuthProfile><con:addedBasicAuthenticationTypes>Basic</con:addedBasicAuthenticationTypes><con:authType>Global HTTP Settings</con:authType></con:credentials><con:jmsConfig JMSDeliveryMode="PERSISTENT"/><con:jmsPropertyConfig/><con:wsaConfig mustUnderstand="NONE" version="200508" action="http://fidus.brussels/services/enterprisesocialdebtservice/consultSocialDebt"/><con:wsrmConfig version="1.2"/></con:call><con:call id="76a9d77e-05a8-4374-b17c-50bdede757bb" name="5 - Prod - External - Request" outgoingWss="Outflow PROD"><con:settings><con:setting id="com.eviware.soapui.impl.wsdl.WsdlRequest@request-headers">&lt;xml-fragment/></con:setting></con:settings><con:encoding>UTF-8</con:encoding><con:endpoint>https://fidus.sec.brussels/services/EnterpriseSocialDebtService_v1.0</con:endpoint><con:request><![CDATA[<soapenv:Envelope xmlns:soapenv="http://schemas.xmlsoap.org/soap/envelope/" xmlns:v1="http://fidus.brussels/service/enterprisesocialdebtservice/messages/v1" xmlns:v11="http://fidus.brussels/type/common/messages/v1">
   <soapenv:Header/>
   <soapenv:Body>
      <v1:consultSocialDebtRequest>
         <v1:messageContext>
            <v11:messageId>${=import static java.util.UUID.randomUUID; uuid = randomUUID() as String}</v11:messageId>
            <v11:timestamp>${=new java.text.SimpleDateFormat("yyyy-MM-dd'T'HH:mm:ss.SSS").format(new Date())}</v11:timestamp>
         </v1:messageContext>
         <v1:legalContext>ServiceVoucher</v1:legalContext>
         <v1:request>
            <searchCriteria>
               <cbeNumber>0837834530</cbeNumber>
               <requestingOrganisationNumber>0316381039</requestingOrganisationNumber>
               <!--Optional:-->
               <requestingBusinessUnitNumber>2143349018</requestingBusinessUnitNumber>
            </searchCriteria>
         </v1:request>
      </v1:consultSocialDebtRequest>
   </soapenv:Body>
</soapenv:Envelope>]]></con:request><con:credentials><con:selectedAuthProfile>Basic</con:selectedAuthProfile><con:addedBasicAuthenticationTypes>Basic</con:addedBasicAuthenticationTypes><con:authType>Global HTTP Settings</con:authType></con:credentials><con:jmsConfig JMSDeliveryMode="PERSISTENT"/><con:jmsPropertyConfig/><con:wsaConfig mustUnderstand="NONE" version="200508" action="http://fidus.brussels/services/enterprisesocialdebtservice/consultSocialDebt"/><con:wsrmConfig version="1.2"/></con:call><con:call id="4acad097-4382-4517-898c-75b802fa016e" name="5 - Prod - LB - Request" outgoingWss="Outflow PROD"><con:settings><con:setting id="com.eviware.soapui.impl.wsdl.WsdlRequest@request-headers">&lt;xml-fragment/></con:setting></con:settings><con:encoding>UTF-8</con:encoding><con:endpoint>https://fidus-esb-sg.prd.srv.cirb.lan:8443/services/EnterpriseSocialDebtService_v1.0</con:endpoint><con:request><![CDATA[<soapenv:Envelope xmlns:soapenv="http://schemas.xmlsoap.org/soap/envelope/" xmlns:v1="http://fidus.brussels/service/household/messages/v1" xmlns:v11="http://fidus.brussels/type/common/messages/v1">
   <soapenv:Header/>
   <soapenv:Body>
      <v12:consultSocialDebtRequest xmlns:v12="http://fidus.brussels/service/enterprisesocialdebtservice/messages/v1">
         <v12:messageContext>
            <v11:messageId>${=import static java.util.UUID.randomUUID; uuid = randomUUID() as String}</v11:messageId>
            <v11:timestamp>${=new java.text.SimpleDateFormat("yyyy-MM-dd'T'HH:mm:ss.SSS").format(new Date())}</v11:timestamp>
         </v12:messageContext>
         <v12:legalContext>ServiceVoucher</v12:legalContext>
         <v12:request>
            <searchCriteria>
               <cbeNumber>0837834530</cbeNumber>
               <requestingOrganisationNumber>0316381039</requestingOrganisationNumber>
               <!--Optional:-->
               <requestingBusinessUnitNumber>2143349018</requestingBusinessUnitNumber>
            </searchCriteria>
         </v12:request>
      </v12:consultSocialDebtRequest>
   </soapenv:Body>
</soapenv:Envelope>]]></con:request><con:credentials>
          <con:selectedAuthProfile>Basic</con:selectedAuthProfile><con:addedBasicAuthenticationTypes>Basic</con:addedBasicAuthenticationTypes><con:authType>Global HTTP Settings</con:authType>
        </con:credentials><con:jmsConfig JMSDeliveryMode="PERSISTENT"/><con:jmsPropertyConfig/><con:wsaConfig mustUnderstand="NONE" version="200508" action="http://fidus.brussels/services/enterprisesocialdebtservice/consultSocialDebt"/><con:wsrmConfig version="1.2"/></con:call><con:call id="6a504d9a-e7a7-407a-b20c-51fc4a9952e8" name="5 - Prod - Worker1 - Request" outgoingWss="Outflow PROD"><con:settings><con:setting id="com.eviware.soapui.impl.wsdl.WsdlRequest@request-headers">&lt;xml-fragment/></con:setting></con:settings><con:encoding>UTF-8</con:encoding><con:endpoint>https://192.168.26.19:8443/services/EnterpriseSocialDebtService_v1.0</con:endpoint><con:request><![CDATA[<soapenv:Envelope xmlns:soapenv="http://schemas.xmlsoap.org/soap/envelope/" xmlns:v1="http://fidus.brussels/service/enterprisesocialdebtservice/messages/v1" xmlns:v11="http://fidus.brussels/type/common/messages/v1">
   <soapenv:Header/>
   <soapenv:Body>
      <v1:consultSocialDebtRequest>
         <v1:messageContext>
            <v11:messageId>${=import static java.util.UUID.randomUUID; uuid = randomUUID() as String}</v11:messageId>
            <v11:timestamp>${=new java.text.SimpleDateFormat("yyyy-MM-dd'T'HH:mm:ss.SSS").format(new Date())}</v11:timestamp>
         </v1:messageContext>
         <v1:legalContext>ServiceVoucher</v1:legalContext>
         <v1:request>
            <searchCriteria>
               <cbeNumber>0837834530</cbeNumber>
               <requestingOrganisationNumber>0316381039</requestingOrganisationNumber>
               <!--Optional:-->
               <requestingBusinessUnitNumber>2143349018</requestingBusinessUnitNumber>
            </searchCriteria>
         </v1:request>
      </v1:consultSocialDebtRequest>
   </soapenv:Body>
</soapenv:Envelope>]]></con:request><con:credentials>
          <con:selectedAuthProfile>Basic</con:selectedAuthProfile><con:addedBasicAuthenticationTypes>Basic</con:addedBasicAuthenticationTypes><con:authType>Global HTTP Settings</con:authType>
        </con:credentials><con:jmsConfig JMSDeliveryMode="PERSISTENT"/><con:jmsPropertyConfig/><con:wsaConfig mustUnderstand="NONE" version="200508" action="http://fidus.brussels/services/enterprisesocialdebtservice/consultSocialDebt"/><con:wsrmConfig version="1.2"/></con:call><con:call id="af77773a-5a6d-4a23-9cf7-54dcdbe1711c" name="5 - Prod - Worker2 - Request" outgoingWss="Outflow PROD"><con:settings><con:setting id="com.eviware.soapui.impl.wsdl.WsdlRequest@request-headers">&lt;xml-fragment/></con:setting></con:settings><con:encoding>UTF-8</con:encoding><con:endpoint>https://192.168.26.22:8443/services/EnterpriseSocialDebtService_v1.0</con:endpoint><con:request><![CDATA[<soapenv:Envelope xmlns:soapenv="http://schemas.xmlsoap.org/soap/envelope/" xmlns:v1="http://fidus.brussels/service/enterprisesocialdebtservice/messages/v1" xmlns:v11="http://fidus.brussels/type/common/messages/v1">
   <soapenv:Header/>
   <soapenv:Body>
      <v1:consultSocialDebtRequest>
         <v1:messageContext>
            <v11:messageId>${=import static java.util.UUID.randomUUID; uuid = randomUUID() as String}</v11:messageId>
            <v11:timestamp>${=new java.text.SimpleDateFormat("yyyy-MM-dd'T'HH:mm:ss.SSS").format(new Date())}</v11:timestamp>
         </v1:messageContext>
         <v1:legalContext>ServiceVoucher</v1:legalContext>
         <v1:request>
            <searchCriteria>
               <cbeNumber>0480260856</cbeNumber>
               <requestingOrganisationNumber>0316381039</requestingOrganisationNumber>
               <!--Optional:-->
               <requestingBusinessUnitNumber>2143349018</requestingBusinessUnitNumber>
            </searchCriteria>
         </v1:request>
      </v1:consultSocialDebtRequest>
   </soapenv:Body>
</soapenv:Envelope>]]></con:request><con:credentials><con:selectedAuthProfile>Basic</con:selectedAuthProfile><con:addedBasicAuthenticationTypes>Basic</con:addedBasicAuthenticationTypes><con:authType>Global HTTP Settings</con:authType></con:credentials><con:jmsConfig JMSDeliveryMode="PERSISTENT"/><con:jmsPropertyConfig/><con:wsaConfig mustUnderstand="NONE" version="200508" action="http://fidus.brussels/services/enterprisesocialdebtservice/consultSocialDebt"/><con:wsrmConfig version="1.2"/></con:call></con:operation>
  </con:interface>
  <con:testSuite id="abb3fb16-16b4-46d2-9e4f-7bbffe1d94cf" name="TEST"><con:settings/><con:runType>SEQUENTIAL</con:runType><con:testCase id="2f820ea3-2464-4d63-8e9d-27ed1490f5e2" failOnError="true" failTestCaseOnErrors="true" keepSession="false" maxResults="0" name="consultSocialDebt" searchProperties="true"><con:settings/><con:testStep type="request" id="b40fc0a8-4b03-4f0b-a833-4c29c0992c68" name="testcase3 - Test - External - Request"><con:settings/><con:config xsi:type="con:RequestStep" xmlns:xsi="http://www.w3.org/2001/XMLSchema-instance"><con:interface>EnterpriseSocialDebtServiceHTTPBinding</con:interface><con:operation>consultSocialDebt</con:operation><con:request name="testcase3 - Test - External - Request" id="2cc61bfe-d96c-46f4-a5aa-388194088164" outgoingWss="Outflow TEST"><con:settings/><con:encoding>UTF-8</con:encoding><con:endpoint>https://fidus-test.irisnetlab.be/services/EnterpriseSocialDebtService_v1.0</con:endpoint><con:request><![CDATA[<soapenv:Envelope xmlns:soapenv="http://schemas.xmlsoap.org/soap/envelope/" xmlns:v1="http://fidus.brussels/service/household/messages/v1" xmlns:v11="http://fidus.brussels/type/common/messages/v1">
   <soapenv:Header/>
   <soapenv:Body>
      <v12:consultSocialDebtRequest xmlns:v12="http://fidus.brussels/service/enterprisesocialdebtservice/messages/v1">
         <v12:messageContext>
            <v11:messageId>${=import static java.util.UUID.randomUUID; uuid = randomUUID() as String}</v11:messageId>
            <v11:timestamp>${=new java.text.SimpleDateFormat("yyyy-MM-dd'T'HH:mm:ss.SSS").format(new Date())}</v11:timestamp>
         </v12:messageContext>
         <v12:legalContext>ServiceVoucher</v12:legalContext>
         <v12:request>
            <searchCriteria>
               <cbeNumber>0480260856</cbeNumber>
               <requestingOrganisationNumber>0316381039</requestingOrganisationNumber>
            </searchCriteria>
         </v12:request>
      </v12:consultSocialDebtRequest>
   </soapenv:Body>
</soapenv:Envelope>]]></con:request><con:assertion type="SOAP Fault Assertion" id="6748f353-4949-4c33-bbbb-415d85fbacf0" name="Not SOAP Fault"/><con:assertion type="SOAP Response" id="bb22a052-049e-4085-8c6b-55060198f263" name="SOAP Response"/><con:assertion type="Schema Compliance" id="43aa4d2a-9a08-4a3c-8cdb-19956d67215a" name="Schema Compliance"><con:configuration/></con:assertion><con:wsaConfig action="http://fidus.brussels/services/enterprisesocialdebtservice/consultSocialDebt"/></con:request></con:config></con:testStep><con:testStep type="request" id="6263cbf6-5804-4791-bfa9-f0c0af75d8ab" name="testcase3 - Test - LB - Request"><con:settings/><con:config xsi:type="con:RequestStep" xmlns:xsi="http://www.w3.org/2001/XMLSchema-instance"><con:interface>EnterpriseSocialDebtServiceHTTPBinding</con:interface><con:operation>consultSocialDebt</con:operation><con:request name="testcase3 - Test - LB - Request" id="d6931b55-690f-4fd6-849b-33dd1374eeba" outgoingWss="Outflow TEST"><con:settings/><con:encoding>UTF-8</con:encoding><con:endpoint>https://esb-security-gw.sta.srv.cirb.lan:8443/services/EnterpriseSocialDebtService_v1.0</con:endpoint><con:request><![CDATA[<soapenv:Envelope xmlns:soapenv="http://schemas.xmlsoap.org/soap/envelope/" xmlns:v1="http://fidus.brussels/service/household/messages/v1" xmlns:v11="http://fidus.brussels/type/common/messages/v1">
   <soapenv:Header/>
   <soapenv:Body>
      <v12:consultSocialDebtRequest xmlns:v12="http://fidus.brussels/service/enterprisesocialdebtservice/messages/v1">
         <v12:messageContext>
            <v11:messageId>${=import static java.util.UUID.randomUUID; uuid = randomUUID() as String}</v11:messageId>
            <v11:timestamp>${=new java.text.SimpleDateFormat("yyyy-MM-dd'T'HH:mm:ss.SSS").format(new Date())}</v11:timestamp>
         </v12:messageContext>
         <v12:legalContext>ServiceVoucher</v12:legalContext>
         <v12:request>
            <searchCriteria>
               <cbeNumber>0480260856</cbeNumber>
               <requestingOrganisationNumber>0316381039</requestingOrganisationNumber>
            </searchCriteria>
         </v12:request>
      </v12:consultSocialDebtRequest>
   </soapenv:Body>
</soapenv:Envelope>]]></con:request><con:assertion type="SOAP Fault Assertion" id="5aa62db1-6613-418b-acdf-c45881179e90" name="Not SOAP Fault"/><con:assertion type="SOAP Response" id="2e05bc2a-07c2-42ea-9765-5a4ea0b36c9b" name="SOAP Response"/><con:assertion type="Schema Compliance" id="24b24e41-51f8-4ac9-83b6-65a57a1e6a14" name="Schema Compliance"><con:configuration/></con:assertion><con:wsaConfig action="http://fidus.brussels/services/enterprisesocialdebtservice/consultSocialDebt"/></con:request></con:config></con:testStep><con:testStep type="request" id="e61d4d04-7f30-4e4b-aeb0-c76d3624c46e" name="testcase3 - Test - Worker1 - Request"><con:settings/><con:config xsi:type="con:RequestStep" xmlns:xsi="http://www.w3.org/2001/XMLSchema-instance"><con:interface>EnterpriseSocialDebtServiceHTTPBinding</con:interface><con:operation>consultSocialDebt</con:operation><con:request name="testcase3 - Test - Worker1 - Request" id="d40a1d40-128c-4d7c-b455-a22c8a189617" outgoingWss="Outflow TEST"><con:settings/><con:encoding>UTF-8</con:encoding><con:endpoint>https://192.168.24.45:8443/services/EnterpriseSocialDebtService_v1.0</con:endpoint><con:request><![CDATA[<soapenv:Envelope xmlns:soapenv="http://schemas.xmlsoap.org/soap/envelope/" xmlns:v1="http://fidus.brussels/service/household/messages/v1" xmlns:v11="http://fidus.brussels/type/common/messages/v1">
   <soapenv:Header/>
   <soapenv:Body>
      <v12:consultSocialDebtRequest xmlns:v12="http://fidus.brussels/service/enterprisesocialdebtservice/messages/v1">
         <v12:messageContext>
            <v11:messageId>${=import static java.util.UUID.randomUUID; uuid = randomUUID() as String}</v11:messageId>
            <v11:timestamp>${=new java.text.SimpleDateFormat("yyyy-MM-dd'T'HH:mm:ss.SSS").format(new Date())}</v11:timestamp>
         </v12:messageContext>
         <v12:legalContext>ServiceVoucher</v12:legalContext>
         <v12:request>
            <searchCriteria>
               <cbeNumber>0480260856</cbeNumber>
               <requestingOrganisationNumber>0316381039</requestingOrganisationNumber>
            </searchCriteria>
         </v12:request>
      </v12:consultSocialDebtRequest>
   </soapenv:Body>
</soapenv:Envelope>]]></con:request><con:assertion type="SOAP Fault Assertion" id="5fa41127-73a7-42db-b709-83257da5b268" name="Not SOAP Fault"/><con:assertion type="SOAP Response" id="5b8842d8-c383-4366-a986-47ac450d07a1" name="SOAP Response"/><con:assertion type="Schema Compliance" id="6cd4d91d-2fa7-48b8-8d75-cfc49f5e47a2" name="Schema Compliance"><con:configuration/></con:assertion><con:wsaConfig action="http://fidus.brussels/services/enterprisesocialdebtservice/consultSocialDebt"/></con:request></con:config></con:testStep><con:testStep type="request" id="d781541a-dd15-41ee-96b0-3588086276e0" name="testcase3 - Test - Worker2 - Request"><con:settings/><con:config xsi:type="con:RequestStep" xmlns:xsi="http://www.w3.org/2001/XMLSchema-instance"><con:interface>EnterpriseSocialDebtServiceHTTPBinding</con:interface><con:operation>consultSocialDebt</con:operation><con:request name="testcase3 - Test - Worker2 - Request" id="03798ace-190e-4499-a325-d6671cdfec8a" outgoingWss="Outflow TEST"><con:settings/><con:encoding>UTF-8</con:encoding><con:endpoint>https://192.168.24.51:8443/services/EnterpriseSocialDebtService_v1.0</con:endpoint><con:request><![CDATA[<soapenv:Envelope xmlns:soapenv="http://schemas.xmlsoap.org/soap/envelope/" xmlns:v1="http://fidus.brussels/service/household/messages/v1" xmlns:v11="http://fidus.brussels/type/common/messages/v1">
   <soapenv:Header/>
   <soapenv:Body>
      <v12:consultSocialDebtRequest xmlns:v12="http://fidus.brussels/service/enterprisesocialdebtservice/messages/v1">
         <v12:messageContext>
            <v11:messageId>${=import static java.util.UUID.randomUUID; uuid = randomUUID() as String}</v11:messageId>
            <v11:timestamp>${=new java.text.SimpleDateFormat("yyyy-MM-dd'T'HH:mm:ss.SSS").format(new Date())}</v11:timestamp>
         </v12:messageContext>
         <v12:legalContext>ServiceVoucher</v12:legalContext>
         <v12:request>
            <searchCriteria>
               <cbeNumber>0480260856</cbeNumber>
               <requestingOrganisationNumber>0316381039</requestingOrganisationNumber>
            </searchCriteria>
         </v12:request>
      </v12:consultSocialDebtRequest>
   </soapenv:Body>
</soapenv:Envelope>]]></con:request><con:assertion type="SOAP Fault Assertion" id="b90e7452-31ef-410b-9811-c56b78dec4c0" name="Not SOAP Fault"/><con:assertion type="SOAP Response" id="bb0ae0b2-bc36-4d1f-b4d0-e12b53ed3a36" name="SOAP Response"/><con:assertion type="Schema Compliance" id="cffd4569-2bf9-44fd-95f3-bee4c4bf15e1" name="Schema Compliance"><con:configuration/></con:assertion><con:wsaConfig action="http://fidus.brussels/services/enterprisesocialdebtservice/consultSocialDebt"/></con:request></con:config></con:testStep><con:properties/></con:testCase><con:properties/></con:testSuite><con:testSuite id="5c747efb-ef2a-495a-8c2e-7def626d2536" name="STAG"><con:settings/><con:runType>SEQUENTIAL</con:runType><con:testCase id="298f8c74-dfd9-4cfa-8db1-c17c482ef640" failOnError="true" failTestCaseOnErrors="true" keepSession="false" maxResults="0" name="consultSocialDebt" searchProperties="true"><con:settings/><con:testStep type="request" id="2d520b67-3e66-4d7e-8c34-5fa3cb345296" name="testcase4 - Staging - External - Request"><con:settings/><con:config xsi:type="con:RequestStep" xmlns:xsi="http://www.w3.org/2001/XMLSchema-instance"><con:interface>EnterpriseSocialDebtServiceHTTPBinding</con:interface><con:operation>consultSocialDebt</con:operation><con:request name="testcase4 - Staging - External - Request" id="984b12da-39b2-47fc-b375-37dfa02293d8" outgoingWss="Outflow STAG"><con:settings/><con:encoding>UTF-8</con:encoding><con:endpoint>https://fidus.irisnetlab.be/services/EnterpriseSocialDebtService_v1.0</con:endpoint><con:request><![CDATA[<soapenv:Envelope xmlns:soapenv="http://schemas.xmlsoap.org/soap/envelope/" xmlns:v1="http://fidus.brussels/service/enterprisesocialdebtservice/messages/v1" xmlns:v11="http://fidus.brussels/type/common/messages/v1">
   <soapenv:Header/>
   <soapenv:Body>
      <v1:consultSocialDebtRequest>
         <v1:messageContext>
            <v11:messageId>${=import static java.util.UUID.randomUUID; uuid = randomUUID() as String}</v11:messageId>
            <v11:timestamp>${=new java.text.SimpleDateFormat("yyyy-MM-dd'T'HH:mm:ss.SSS").format(new Date())}</v11:timestamp>
         </v1:messageContext>
         <v1:legalContext>ServiceVoucher</v1:legalContext>
         <v1:request>
            <searchCriteria>
               <cbeNumber>0837834530</cbeNumber>
               <requestingOrganisationNumber>0316381039</requestingOrganisationNumber>
               <!--Optional:-->
               <requestingBusinessUnitNumber>2143349018</requestingBusinessUnitNumber>
            </searchCriteria>
         </v1:request>
      </v1:consultSocialDebtRequest>
   </soapenv:Body>
</soapenv:Envelope>]]></con:request><con:assertion type="SOAP Fault Assertion" id="513d7bba-9f39-426e-bc0d-a70ee7c53bd7" name="Not SOAP Fault"/><con:assertion type="SOAP Response" id="e7a4f995-6231-4b24-8d3a-97579aa55cd3" name="SOAP Response"/><con:assertion type="Schema Compliance" id="0028009a-fea7-4083-8f9a-5a2ca5224f31" name="Schema Compliance"><con:configuration/></con:assertion><con:wsaConfig action="http://fidus.brussels/services/enterprisesocialdebtservice/consultSocialDebt"/></con:request></con:config></con:testStep><con:testStep type="request" id="d878f138-0ade-42d4-8c03-b548fc799d11" name="testcase4 - Staging - LB - Request"><con:settings/><con:config xsi:type="con:RequestStep" xmlns:xsi="http://www.w3.org/2001/XMLSchema-instance"><con:interface>EnterpriseSocialDebtServiceHTTPBinding</con:interface><con:operation>consultSocialDebt</con:operation><con:request name="testcase4 - Staging - LB - Request" id="6d516a0c-06f9-4828-a304-4654b7ebfffc" outgoingWss="Outflow STAG"><con:settings/><con:encoding>UTF-8</con:encoding><con:endpoint>https://fidus-esb-sg.sta.srv.cirb.lan:8443/services/EnterpriseSocialDebtService_v1.0</con:endpoint><con:request><![CDATA[<soapenv:Envelope xmlns:soapenv="http://schemas.xmlsoap.org/soap/envelope/" xmlns:v1="http://fidus.brussels/service/household/messages/v1" xmlns:v11="http://fidus.brussels/type/common/messages/v1">
   <soapenv:Header/>
   <soapenv:Body>
      <v12:consultSocialDebtRequest xmlns:v12="http://fidus.brussels/service/enterprisesocialdebtservice/messages/v1">
         <v12:messageContext>
            <v11:messageId>${=import static java.util.UUID.randomUUID; uuid = randomUUID() as String}</v11:messageId>
            <v11:timestamp>${=new java.text.SimpleDateFormat("yyyy-MM-dd'T'HH:mm:ss.SSS").format(new Date())}</v11:timestamp>
         </v12:messageContext>
         <v12:legalContext>ServiceVoucher</v12:legalContext>
         <v12:request>
            <searchCriteria>
               <cbeNumber>0837834530</cbeNumber>
               <requestingOrganisationNumber>0316381039</requestingOrganisationNumber>
               <!--Optional:-->
               <requestingBusinessUnitNumber>2143349018</requestingBusinessUnitNumber>
            </searchCriteria>
         </v12:request>
      </v12:consultSocialDebtRequest>
   </soapenv:Body>
</soapenv:Envelope>]]></con:request><con:assertion type="SOAP Fault Assertion" id="1a62bb70-48b7-4038-bd50-a17645391c94" name="Not SOAP Fault"/><con:assertion type="SOAP Response" id="24328d03-5cea-4454-91ef-536add951d58" name="SOAP Response"/><con:assertion type="Schema Compliance" id="881edcc5-6da7-4460-984c-2281b6f1ea2e" name="Schema Compliance"><con:configuration/></con:assertion><con:wsaConfig action="http://fidus.brussels/services/enterprisesocialdebtservice/consultSocialDebt"/></con:request></con:config></con:testStep><con:testStep type="request" id="6018314e-a1e1-4fde-8cb5-1dcf59fa7fe1" name="testcase4 - Staging - Worker1 - Request"><con:settings/><con:config xsi:type="con:RequestStep" xmlns:xsi="http://www.w3.org/2001/XMLSchema-instance"><con:interface>EnterpriseSocialDebtServiceHTTPBinding</con:interface><con:operation>consultSocialDebt</con:operation><con:request name="testcase4 - Staging - Worker1 - Request" id="940d164b-79c1-436e-9855-a3b0d6d29072" outgoingWss="Outflow STAG"><con:settings/><con:encoding>UTF-8</con:encoding><con:endpoint>https://192.168.24.57:8443/services/EnterpriseSocialDebtService_v1.0</con:endpoint><con:request><![CDATA[<soapenv:Envelope xmlns:soapenv="http://schemas.xmlsoap.org/soap/envelope/" xmlns:v1="http://fidus.brussels/service/enterprisesocialdebtservice/messages/v1" xmlns:v11="http://fidus.brussels/type/common/messages/v1">
   <soapenv:Header/>
   <soapenv:Body>
      <v1:consultSocialDebtRequest>
         <v1:messageContext>
            <v11:messageId>${=import static java.util.UUID.randomUUID; uuid = randomUUID() as String}</v11:messageId>
            <v11:timestamp>${=new java.text.SimpleDateFormat("yyyy-MM-dd'T'HH:mm:ss.SSS").format(new Date())}</v11:timestamp>
         </v1:messageContext>
         <v1:legalContext>ServiceVoucher</v1:legalContext>
         <v1:request>
            <searchCriteria>
               <cbeNumber>0837834530</cbeNumber>
               <requestingOrganisationNumber>0316381039</requestingOrganisationNumber>
               <!--Optional:-->
               <requestingBusinessUnitNumber>2143349018</requestingBusinessUnitNumber>
            </searchCriteria>
         </v1:request>
      </v1:consultSocialDebtRequest>
   </soapenv:Body>
</soapenv:Envelope>]]></con:request><con:assertion type="SOAP Fault Assertion" id="fa841f08-4231-4d0d-b2ea-aec8e3728340" name="Not SOAP Fault"/><con:assertion type="SOAP Response" id="dbedc7e9-5c09-4298-8ca6-4db498bcf633" name="SOAP Response"/><con:assertion type="Schema Compliance" id="bb78edb8-d7a6-42c6-80a3-6504dd2a6152" name="Schema Compliance"><con:configuration/></con:assertion><con:wsaConfig action="http://fidus.brussels/services/enterprisesocialdebtservice/consultSocialDebt"/></con:request></con:config></con:testStep><con:testStep type="request" id="05d2c873-bdc9-4d00-b90e-ab7d4ec2335b" name="testcase4 - Staging - Worker2 - Request"><con:settings/><con:config xsi:type="con:RequestStep" xmlns:xsi="http://www.w3.org/2001/XMLSchema-instance"><con:interface>EnterpriseSocialDebtServiceHTTPBinding</con:interface><con:operation>consultSocialDebt</con:operation><con:request name="testcase4 - Staging - Worker2 - Request" id="3b1dd31c-2600-46d4-a1a3-3ec30610fe10" outgoingWss="Outflow STAG"><con:settings/><con:encoding>UTF-8</con:encoding><con:endpoint>https://192.168.24.64:8443/services/EnterpriseSocialDebtService_v1.0</con:endpoint><con:request><![CDATA[<soapenv:Envelope xmlns:soapenv="http://schemas.xmlsoap.org/soap/envelope/" xmlns:v1="http://fidus.brussels/service/enterprisesocialdebtservice/messages/v1" xmlns:v11="http://fidus.brussels/type/common/messages/v1">
   <soapenv:Header/>
   <soapenv:Body>
      <v1:consultSocialDebtRequest>
         <v1:messageContext>
            <v11:messageId>${=import static java.util.UUID.randomUUID; uuid = randomUUID() as String}</v11:messageId>
            <v11:timestamp>${=new java.text.SimpleDateFormat("yyyy-MM-dd'T'HH:mm:ss.SSS").format(new Date())}</v11:timestamp>
         </v1:messageContext>
         <v1:legalContext>ServiceVoucher</v1:legalContext>
         <v1:request>
            <searchCriteria>
               <cbeNumber>0480260856</cbeNumber>
               <requestingOrganisationNumber>0316381039</requestingOrganisationNumber>
               <!--Optional:-->
               <requestingBusinessUnitNumber>2143349018</requestingBusinessUnitNumber>
            </searchCriteria>
         </v1:request>
      </v1:consultSocialDebtRequest>
   </soapenv:Body>
</soapenv:Envelope>]]></con:request><con:assertion type="SOAP Fault Assertion" id="4d4579ce-ab26-4b34-a28a-55b2c465016e" name="Not SOAP Fault"/><con:assertion type="SOAP Response" id="5b6be665-3d1d-49ac-93e3-d4b10c29d9eb" name="SOAP Response"/><con:assertion type="Schema Compliance" id="8e4f7507-234d-41fe-a41c-73e973f5bc04" name="Schema Compliance"><con:configuration/></con:assertion><con:wsaConfig action="http://fidus.brussels/services/enterprisesocialdebtservice/consultSocialDebt"/></con:request></con:config></con:testStep><con:properties/></con:testCase><con:properties/></con:testSuite><con:testSuite id="963cbdaf-0c5d-4303-a41b-6a7d517b7baa" name="DEV"><con:settings/><con:runType>SEQUENTIAL</con:runType><con:testCase id="83f762ea-146a-4b5a-aa2b-a5bc127efedc" failOnError="true" failTestCaseOnErrors="true" keepSession="false" maxResults="0" name="consultSocialDebt" searchProperties="true"><con:settings/><con:testStep type="request" id="c23b6900-93fa-4f84-bc1a-e5eaadc7b7c2" name="testcase2 - Dev - Request 1"><con:settings/><con:config xsi:type="con:RequestStep" xmlns:xsi="http://www.w3.org/2001/XMLSchema-instance"><con:interface>EnterpriseSocialDebtServiceHTTPBinding</con:interface><con:operation>consultSocialDebt</con:operation><con:request name="testcase2 - Dev - Request 1" id="6d317f59-d67b-4b31-a26a-1ab7b2713c03" outgoingWss="Outflow DEV"><con:settings/><con:encoding>UTF-8</con:encoding><con:endpoint>https://192.168.36.61:8243/services/EnterpriseSocialDebtService_v1.0</con:endpoint><con:request><![CDATA[<soapenv:Envelope xmlns:soapenv="http://schemas.xmlsoap.org/soap/envelope/" xmlns:v1="http://fidus.brussels/service/enterprisesocialdebtservice/messages/v1" xmlns:v11="http://fidus.brussels/type/common/messages/v1">
   <soapenv:Header/>
   <soapenv:Body>
      <v1:consultSocialDebtRequest>
         <v1:messageContext>
            <v11:messageId>${=import static java.util.UUID.randomUUID; uuid = randomUUID() as String}</v11:messageId>
            <v11:timestamp>${=new java.text.SimpleDateFormat("yyyy-MM-dd'T'HH:mm:ss.SSS").format(new Date())}</v11:timestamp>
         </v1:messageContext>
         <v1:legalContext>ServiceIntegrator</v1:legalContext>
         <v1:request>
            <searchCriteria>
               <cbeNumber>0837834530</cbeNumber>
               <requestingOrganisationNumber>0316381039</requestingOrganisationNumber>
               <!--Optional:-->
               <requestingBusinessUnitNumber>2143349018</requestingBusinessUnitNumber>
            </searchCriteria>
         </v1:request>
      </v1:consultSocialDebtRequest>
   </soapenv:Body>
</soapenv:Envelope>]]></con:request><con:assertion type="SOAP Fault Assertion" id="5b926371-200e-44c2-88f7-6523f791e0cb" name="Not SOAP Fault"/><con:assertion type="SOAP Response" id="8fe9f1dc-f113-4c51-9414-a0a27bb1ebd4" name="SOAP Response"/><con:assertion type="Schema Compliance" id="eaf8948b-e673-4c00-af11-b847b28868dc" name="Schema Compliance"><con:configuration/></con:assertion><con:wsaConfig action="http://fidus.brussels/services/enterprisesocialdebtservice/consultSocialDebt"/></con:request></con:config></con:testStep><con:testStep type="request" id="c14d13b3-5540-4fbe-805e-e6bca03e8278" name="testcase2 - Dev - Request 2"><con:settings/><con:config xsi:type="con:RequestStep" xmlns:xsi="http://www.w3.org/2001/XMLSchema-instance"><con:interface>EnterpriseSocialDebtServiceHTTPBinding</con:interface><con:operation>consultSocialDebt</con:operation><con:request name="testcase2 - Dev - Request 2" id="df652882-1d35-4778-9f63-213fa0d2b3b7" outgoingWss="Outflow DEV"><con:settings/><con:encoding>UTF-8</con:encoding><con:endpoint>https://192.168.36.61:8243/services/EnterpriseSocialDebtService_v1.0</con:endpoint><con:request><![CDATA[<soapenv:Envelope xmlns:soapenv="http://schemas.xmlsoap.org/soap/envelope/" xmlns:v1="http://fidus.brussels/service/enterprisesocialdebtservice/messages/v1" xmlns:v11="http://fidus.brussels/type/common/messages/v1">
   <soapenv:Header/>
   <soapenv:Body>
      <v1:consultSocialDebtRequest>
         <v1:messageContext>
            <v11:messageId>${=import static java.util.UUID.randomUUID; uuid = randomUUID() as String}</v11:messageId>
            <v11:timestamp>${=new java.text.SimpleDateFormat("yyyy-MM-dd'T'HH:mm:ss.SSS").format(new Date())}</v11:timestamp>
         </v1:messageContext>
         <v1:legalContext>ServiceIntegrator</v1:legalContext>
         <v1:request>
            <searchCriteria>
               <cbeNumber>0480260856</cbeNumber>
               <requestingOrganisationNumber>0316381039</requestingOrganisationNumber>
               <!--Optional:-->
               <requestingBusinessUnitNumber>2143349018</requestingBusinessUnitNumber>
            </searchCriteria>
         </v1:request>
      </v1:consultSocialDebtRequest>
   </soapenv:Body>
</soapenv:Envelope>]]></con:request><con:assertion type="SOAP Fault Assertion" id="4bfecb45-a34f-4093-855e-df953d8e7e7c" name="Not SOAP Fault"/><con:assertion type="SOAP Response" id="15c3fd73-2831-446d-96f5-bc645ba79f3c" name="SOAP Response"/><con:assertion type="Schema Compliance" id="0ae95abf-8e40-4031-b958-941158660411" name="Schema Compliance"><con:configuration/></con:assertion><con:wsaConfig action="http://fidus.brussels/services/enterprisesocialdebtservice/consultSocialDebt"/></con:request></con:config></con:testStep><con:properties/></con:testCase><con:properties/></con:testSuite><con:testSuite id="2f8486a5-7d13-461d-9349-3a36d36cd52d" name="PROD"><con:settings/><con:runType>SEQUENTIAL</con:runType><con:testCase id="d1410e81-c3aa-440b-b14a-a7f442a35c92" failOnError="true" failTestCaseOnErrors="true" keepSession="false" maxResults="0" name="consultSocialDebt" searchProperties="true"><con:settings/><con:testStep type="request" id="69c33f90-96e2-42d8-8e09-1aebafcb2956" name="testcase5 - Prod - External - Request"><con:settings/><con:config xsi:type="con:RequestStep" xmlns:xsi="http://www.w3.org/2001/XMLSchema-instance"><con:interface>EnterpriseSocialDebtServiceHTTPBinding</con:interface><con:operation>consultSocialDebt</con:operation><con:request name="testcase5 - Prod - External - Request" id="f32a5f76-0c3d-4325-93ca-4deaa0da2df6" outgoingWss="Outflow PROD"><con:settings/><con:encoding>UTF-8</con:encoding><con:endpoint>https://fidus.sec.brussels/services/EnterpriseSocialDebtService_v1.0</con:endpoint><con:request><![CDATA[<soapenv:Envelope xmlns:soapenv="http://schemas.xmlsoap.org/soap/envelope/" xmlns:v1="http://fidus.brussels/service/enterprisesocialdebtservice/messages/v1" xmlns:v11="http://fidus.brussels/type/common/messages/v1">
   <soapenv:Header/>
   <soapenv:Body>
      <v1:consultSocialDebtRequest>
         <v1:messageContext>
            <v11:messageId>${=import static java.util.UUID.randomUUID; uuid = randomUUID() as String}</v11:messageId>
            <v11:timestamp>${=new java.text.SimpleDateFormat("yyyy-MM-dd'T'HH:mm:ss.SSS").format(new Date())}</v11:timestamp>
         </v1:messageContext>
         <v1:legalContext>ServiceVoucher</v1:legalContext>
         <v1:request>
            <searchCriteria>
               <cbeNumber>0837834530</cbeNumber>
               <requestingOrganisationNumber>0316381039</requestingOrganisationNumber>
               <!--Optional:-->
               <requestingBusinessUnitNumber>2143349018</requestingBusinessUnitNumber>
            </searchCriteria>
         </v1:request>
      </v1:consultSocialDebtRequest>
   </soapenv:Body>
</soapenv:Envelope>]]></con:request><con:assertion type="SOAP Fault Assertion" id="0edb4cd7-5428-4295-9809-1d825be4c84a" name="Not SOAP Fault"/><con:assertion type="SOAP Response" id="d61d48ab-7e8a-4129-b501-68799043d0cb" name="SOAP Response"/><con:assertion type="Schema Compliance" id="2909e997-9360-4b6f-add4-b58147484a6e" name="Schema Compliance"><con:configuration/></con:assertion><con:wsaConfig action="http://fidus.brussels/services/enterprisesocialdebtservice/consultSocialDebt"/></con:request></con:config></con:testStep><con:testStep type="request" id="4d704a41-a08b-4585-9552-90a194d4e904" name="testcase5 - Prod - LB - Request"><con:settings/><con:config xsi:type="con:RequestStep" xmlns:xsi="http://www.w3.org/2001/XMLSchema-instance"><con:interface>EnterpriseSocialDebtServiceHTTPBinding</con:interface><con:operation>consultSocialDebt</con:operation><con:request name="testcase5 - Prod - LB - Request" id="59849e70-5c33-45f5-a17e-8262a6019740" outgoingWss="Outflow PROD"><con:settings/><con:encoding>UTF-8</con:encoding><con:endpoint>https://fidus-esb-sg.prd.srv.cirb.lan:8443/services/EnterpriseSocialDebtService_v1.0</con:endpoint><con:request><![CDATA[<soapenv:Envelope xmlns:soapenv="http://schemas.xmlsoap.org/soap/envelope/" xmlns:v1="http://fidus.brussels/service/household/messages/v1" xmlns:v11="http://fidus.brussels/type/common/messages/v1">
   <soapenv:Header/>
   <soapenv:Body>
      <v12:consultSocialDebtRequest xmlns:v12="http://fidus.brussels/service/enterprisesocialdebtservice/messages/v1">
         <v12:messageContext>
            <v11:messageId>${=import static java.util.UUID.randomUUID; uuid = randomUUID() as String}</v11:messageId>
            <v11:timestamp>${=new java.text.SimpleDateFormat("yyyy-MM-dd'T'HH:mm:ss.SSS").format(new Date())}</v11:timestamp>
         </v12:messageContext>
         <v12:legalContext>ServiceVoucher</v12:legalContext>
         <v12:request>
            <searchCriteria>
               <cbeNumber>0837834530</cbeNumber>
               <requestingOrganisationNumber>0316381039</requestingOrganisationNumber>
               <!--Optional:-->
               <requestingBusinessUnitNumber>2143349018</requestingBusinessUnitNumber>
            </searchCriteria>
         </v12:request>
      </v12:consultSocialDebtRequest>
   </soapenv:Body>
</soapenv:Envelope>]]></con:request><con:assertion type="SOAP Fault Assertion" id="29f45c20-f385-490a-afc6-8d000566fac0" name="Not SOAP Fault"/><con:assertion type="SOAP Response" id="ab734788-5b22-450b-846e-e03f2b7401fc" name="SOAP Response"/><con:assertion type="Schema Compliance" id="9a82c204-6ef5-4568-b9cc-e992df0ab943" name="Schema Compliance"><con:configuration/></con:assertion><con:wsaConfig action="http://fidus.brussels/services/enterprisesocialdebtservice/consultSocialDebt"/></con:request></con:config></con:testStep><con:testStep type="request" id="b8a9c7b5-ffe6-4e19-98cd-a7587137a687" name="testcase5 - Prod - Worker1 - Request"><con:settings/><con:config xsi:type="con:RequestStep" xmlns:xsi="http://www.w3.org/2001/XMLSchema-instance"><con:interface>EnterpriseSocialDebtServiceHTTPBinding</con:interface><con:operation>consultSocialDebt</con:operation><con:request name="testcase5 - Prod - Worker1 - Request" id="f3f4f89b-83f0-48a5-b201-bc3ae48698e1" outgoingWss="Outflow PROD"><con:settings/><con:encoding>UTF-8</con:encoding><con:endpoint>https://192.168.26.19:8443/services/EnterpriseSocialDebtService_v1.0</con:endpoint><con:request><![CDATA[<soapenv:Envelope xmlns:soapenv="http://schemas.xmlsoap.org/soap/envelope/" xmlns:v1="http://fidus.brussels/service/enterprisesocialdebtservice/messages/v1" xmlns:v11="http://fidus.brussels/type/common/messages/v1">
   <soapenv:Header/>
   <soapenv:Body>
      <v1:consultSocialDebtRequest>
         <v1:messageContext>
            <v11:messageId>${=import static java.util.UUID.randomUUID; uuid = randomUUID() as String}</v11:messageId>
            <v11:timestamp>${=new java.text.SimpleDateFormat("yyyy-MM-dd'T'HH:mm:ss.SSS").format(new Date())}</v11:timestamp>
         </v1:messageContext>
         <v1:legalContext>ServiceVoucher</v1:legalContext>
         <v1:request>
            <searchCriteria>
               <cbeNumber>0837834530</cbeNumber>
               <requestingOrganisationNumber>0316381039</requestingOrganisationNumber>
               <!--Optional:-->
               <requestingBusinessUnitNumber>2143349018</requestingBusinessUnitNumber>
            </searchCriteria>
         </v1:request>
      </v1:consultSocialDebtRequest>
   </soapenv:Body>
</soapenv:Envelope>]]></con:request><con:assertion type="SOAP Fault Assertion" id="d54edba6-37e4-42e1-9a16-96bdfd51d053" name="Not SOAP Fault"/><con:assertion type="SOAP Response" id="5cd554e0-2b0a-45b5-a13b-cf185162f93c" name="SOAP Response"/><con:assertion type="Schema Compliance" id="eee1b5a3-80e6-4c72-a40a-2d53deed72ca" name="Schema Compliance"><con:configuration/></con:assertion><con:wsaConfig action="http://fidus.brussels/services/enterprisesocialdebtservice/consultSocialDebt"/></con:request></con:config></con:testStep><con:testStep type="request" id="56a5033e-54fa-4d35-869c-1d7e331c08cc" name="testcase5 - Prod - Worker2 - Request"><con:settings/><con:config xsi:type="con:RequestStep" xmlns:xsi="http://www.w3.org/2001/XMLSchema-instance"><con:interface>EnterpriseSocialDebtServiceHTTPBinding</con:interface><con:operation>consultSocialDebt</con:operation><con:request name="testcase5 - Prod - Worker2 - Request" id="3f487e3e-a861-4235-a035-34f189df6a0c" outgoingWss="Outflow PROD"><con:settings/><con:encoding>UTF-8</con:encoding><con:endpoint>https://192.168.26.22:8443/services/EnterpriseSocialDebtService_v1.0</con:endpoint><con:request><![CDATA[<soapenv:Envelope xmlns:soapenv="http://schemas.xmlsoap.org/soap/envelope/" xmlns:v1="http://fidus.brussels/service/enterprisesocialdebtservice/messages/v1" xmlns:v11="http://fidus.brussels/type/common/messages/v1">
   <soapenv:Header/>
   <soapenv:Body>
      <v1:consultSocialDebtRequest>
         <v1:messageContext>
            <v11:messageId>${=import static java.util.UUID.randomUUID; uuid = randomUUID() as String}</v11:messageId>
            <v11:timestamp>${=new java.text.SimpleDateFormat("yyyy-MM-dd'T'HH:mm:ss.SSS").format(new Date())}</v11:timestamp>
         </v1:messageContext>
         <v1:legalContext>ServiceVoucher</v1:legalContext>
         <v1:request>
            <searchCriteria>
               <cbeNumber>0480260856</cbeNumber>
               <requestingOrganisationNumber>0316381039</requestingOrganisationNumber>
               <!--Optional:-->
               <requestingBusinessUnitNumber>2143349018</requestingBusinessUnitNumber>
            </searchCriteria>
         </v1:request>
      </v1:consultSocialDebtRequest>
   </soapenv:Body>
</soapenv:Envelope>]]></con:request><con:assertion type="SOAP Fault Assertion" id="d62019f2-706b-4c8a-b189-373be93d3b64" name="Not SOAP Fault"/><con:assertion type="SOAP Response" id="04186462-385d-4db1-a6a4-9f8d58ae82f5" name="SOAP Response"/><con:assertion type="Schema Compliance" id="bf335e46-81c4-45eb-a485-d426347842d8" name="Schema Compliance"><con:configuration/></con:assertion><con:wsaConfig action="http://fidus.brussels/services/enterprisesocialdebtservice/consultSocialDebt"/></con:request></con:config></con:testStep><con:properties/></con:testCase><con:properties/></con:testSuite><con:properties/>
  <con:wssContainer>
    
    
    
    
    
    
    
    
    
    
    
    
    
    
    
    
  <con:crypto><con:source>data/wso2/keystores/user-rajarshi.jks</con:source><con:password>test@fidus01</con:password><con:type>KEYSTORE</con:type></con:crypto><con:outgoing><con:name>Outflow TEST</con:name><con:entry type="Signature" username="testuser-test.fidus.brussels" password="test@fidus01"><con:configuration><crypto>user-rajarshi.jks</crypto><keyIdentifierType>3</keyIdentifierType><signatureAlgorithm/><signatureCanonicalization/><useSingleCert>true</useSingleCert><digestAlgorithm/><customTokenValueType/><customTokenId/></con:configuration></con:entry><con:entry type="Timestamp"><con:configuration><timeToLive>300000</timeToLive><strictTimestamp>true</strictTimestamp></con:configuration></con:entry></con:outgoing><con:outgoing><con:name>Outflow STAG</con:name></con:outgoing><con:outgoing><con:name>Outflow DEV</con:name></con:outgoing><con:outgoing><con:name>Outflow PROD</con:name></con:outgoing></con:wssContainer>
  <con:oAuth2ProfileContainer/>
  <con:oAuth1ProfileContainer/><con:sensitiveInformation/>
</con:soapui-project>