<?xml version="1.0" encoding="UTF-8"?>
<con:soapui-project id="a27adfee-0c20-479f-8630-b9d1ab63f1e2" activeEnvironment="Default" name="Client-RegondesService-soapui-project" resourceRoot="" soapui-version="5.1.3" abortOnError="false" runType="SEQUENTIAL" xmlns:con="http://eviware.com/soapui/config"><con:settings/><con:interface xsi:type="con:WsdlInterface" id="b416e667-662e-4d8d-af78-50393fda8e09" wsaVersion="NONE" name="ExportFromRegondesServiceHTTPBinding" type="wsdl" bindingName="{http://fidus.brussels/service/exportfromregondesservice/v1}ExportFromRegondesServiceHTTPBinding" soapVersion="1_1" anonymous="optional" definition="file:/home/isr/git/parent/exportfromregondesservice/ExportFromRegondesServiceGateway/src/main/resources/wsdl/exportFromRegondesService/1.0.0/ExportFromRegondesService_v1.wsdl" xmlns:xsi="http://www.w3.org/2001/XMLSchema-instance"><con:settings/><con:definitionCache type="TEXT" rootPart="file:/home/isr/git/parent/exportfromregondesservice/ExportFromRegondesServiceGateway/src/main/resources/wsdl/exportFromRegondesService/1.0.0/ExportFromRegondesService_v1.wsdl"><con:part><con:url>file:/home/isr/git/parent/exportfromregondesservice/ExportFromRegondesServiceGateway/src/main/resources/wsdl/exportFromRegondesService/1.0.0/ExportFromRegondesService_v1.wsdl</con:url><con:content><![CDATA[<wsdl:definitions targetNamespace="http://fidus.brussels/service/exportfromregondesservice/v1" name="ExportFromRegondesService" xmlns:soap="http://schemas.xmlsoap.org/wsdl/soap/" xmlns:wsdl="http://schemas.xmlsoap.org/wsdl/" xmlns:xsd="http://www.w3.org/2001/XMLSchema" xmlns:mes="http://fidus.brussels/service/exportfromregondesservice/messages/v1" xmlns:tns="http://fidus.brussels/service/exportfromregondesservice/v1">
  <xsd:annotation>
    <xsd:documentation>ExportFromRegondesService WDSL v1.</xsd:documentation>
  </xsd:annotation>
  <wsdl:types>
    <xsd:schema targetNamespace="http://fidus.brussels/service/exportfromregondesservice/v1" elementFormDefault="qualified">
      <xsd:import namespace="http://fidus.brussels/service/exportfromregondesservice/messages/v1" schemaLocation="messages/exportFromRegondesServiceMessages_v1.xsd"/>
    </xsd:schema>
  </wsdl:types>
  <wsdl:message name="serviceChangeRequestMessage">
    <wsdl:part name="serviceChangeRequest" element="mes:serviceChangeRequest"/>
  </wsdl:message>
  <wsdl:message name="postponedDossierRequestMessage">
    <wsdl:part name="postponedDossierRequest" element="mes:postponedDossierRequest"/>
  </wsdl:message>
  <wsdl:message name="closedDossierRequestMessage">
    <wsdl:part name="closedDossierRequest" element="mes:closedDossierRequest"/>
  </wsdl:message>
  <wsdl:message name="reportOutputResponseMessage">
    <wsdl:part name="reportResponse" element="mes:reportResponse"/>
  </wsdl:message>
  <wsdl:portType name="ExportFromRegondesServicePortType">
    <wsdl:operation name="serviceChange">
      <wsdl:input message="tns:serviceChangeRequestMessage"/>
      <wsdl:output message="tns:reportOutputResponseMessage"/>
    </wsdl:operation>
    <wsdl:operation name="postponedDossier">
      <wsdl:input message="tns:postponedDossierRequestMessage"/>
      <wsdl:output message="tns:reportOutputResponseMessage"/>
    </wsdl:operation>
    <wsdl:operation name="closedDossier">
      <wsdl:input message="tns:closedDossierRequestMessage"/>
      <wsdl:output message="tns:reportOutputResponseMessage"/>
    </wsdl:operation>
  </wsdl:portType>
  <wsdl:binding name="ExportFromRegondesServiceHTTPBinding" type="tns:ExportFromRegondesServicePortType">
    <soap:binding style="document" transport="http://schemas.xmlsoap.org/soap/http"/>
    <wsdl:operation name="closedDossier">
      <soap:operation soapAction="http://fidus.brussels/services/exportfromregondesservice/closedDossier"/>
      <wsdl:input>
        <soap:body use="literal"/>
      </wsdl:input>
      <wsdl:output>
        <soap:body use="literal"/>
      </wsdl:output>
    </wsdl:operation>
    <wsdl:operation name="postponedDossier">
      <soap:operation soapAction="http://fidus.brussels/services/exportfromregondesservice/postponedDossier"/>
      <wsdl:input>
        <soap:body use="literal"/>
      </wsdl:input>
      <wsdl:output>
        <soap:body use="literal"/>
      </wsdl:output>
    </wsdl:operation>
    <wsdl:operation name="serviceChange">
      <soap:operation soapAction="http://fidus.brussels/services/exportfromregondesservice/serviceChange"/>
      <wsdl:input>
        <soap:body use="literal"/>
      </wsdl:input>
      <wsdl:output>
        <soap:body use="literal"/>
      </wsdl:output>
    </wsdl:operation>
  </wsdl:binding>
  <wsdl:service name="ExportFromRegondesService_v1">
    <wsdl:port name="ExportFromRegondesService_v1" binding="tns:ExportFromRegondesServiceHTTPBinding">
      <soap:address location="http://fidus.brussels/services/exportfromregondesservice/v1"/>
    </wsdl:port>
  </wsdl:service>
</wsdl:definitions>]]></con:content><con:type>http://schemas.xmlsoap.org/wsdl/</con:type></con:part><con:part><con:url>file:/home/isr/git/parent/exportfromregondesservice/ExportFromRegondesServiceGateway/src/main/resources/wsdl/exportFromRegondesService/1.0.0/messages/exportFromRegondesServiceMessages_v1.xsd</con:url><con:content><![CDATA[<xsd:schema targetNamespace="http://fidus.brussels/service/exportfromregondesservice/messages/v1" elementFormDefault="qualified" attributeFormDefault="unqualified" version="1.0" xmlns:xsd="http://www.w3.org/2001/XMLSchema" xmlns:cme="http://fidus.brussels/type/common/messages/v1" xmlns:exc="http://fidus.brussels/type/common/exceptions/v1" xmlns:tns="http://fidus.brussels/service/exportfromregondesservice/messages/v1" xmlns:com="http://www.minfin.fgov.be/regondes2/extern/taxservice/common" xmlns:cd="http://www.minfin.fgov.be/regondes2/extern/taxservice/exports/closedDossiers" xmlns:pd="http://www.minfin.fgov.be/regondes2/extern/taxservice/exports/postponedDossiers" xmlns:sc="http://www.minfin.fgov.be/regondes2/extern/taxservice/exports/serviceChanged">
  <xsd:import namespace="http://fidus.brussels/type/common/messages/v1" schemaLocation="baseMessageTypes_v1.xsd"/>
  <xsd:import namespace="http://fidus.brussels/type/common/exceptions/v1" schemaLocation="exceptionTypes_v1.xsd"/>
  <xsd:import namespace="http://www.minfin.fgov.be/regondes2/extern/taxservice/common" schemaLocation="../regondes/Regondes2Common.xsd"/>
  <xsd:import namespace="http://www.minfin.fgov.be/regondes2/extern/taxservice/exports/closedDossiers" schemaLocation="../regondes/Regondes2ExportClosedDossiers.xsd"/>
  <xsd:import namespace="http://www.minfin.fgov.be/regondes2/extern/taxservice/exports/postponedDossiers" schemaLocation="../regondes/Regondes2ExportPostponedDossiers.xsd"/>
  <xsd:import namespace="http://www.minfin.fgov.be/regondes2/extern/taxservice/exports/serviceChanged" schemaLocation="../regondes/Regondes2ExportServiceChanged.xsd"/>
  <xsd:complexType name="GetclosedDossierType">
    <xsd:sequence>
      <xsd:element ref="cd:closedDossier"/>
    </xsd:sequence>
  </xsd:complexType>
  <xsd:complexType name="GetpostponedDossierType">
    <xsd:sequence>
      <xsd:element ref="pd:postponedDossier"/>
    </xsd:sequence>
  </xsd:complexType>
  <xsd:complexType name="GetserviceChangeType">
    <xsd:sequence>
      <xsd:element ref="sc:serviceChange"/>
    </xsd:sequence>
  </xsd:complexType>
  <xsd:complexType name="GetclosedDossierRequestType">
    <xsd:sequence>
      <xsd:element name="messageContext" type="cme:RequestMessageContextType"/>
      <xsd:element name="legalContext" type="cme:LegalContextType"/>
      <xsd:element name="request" type="tns:GetclosedDossierType"/>
    </xsd:sequence>
  </xsd:complexType>
  <xsd:complexType name="GetpostponedDossierRequestType">
    <xsd:sequence>
      <xsd:element name="messageContext" type="cme:RequestMessageContextType"/>
      <xsd:element name="legalContext" type="cme:LegalContextType"/>
      <xsd:element name="request" type="tns:GetpostponedDossierType"/>
    </xsd:sequence>
  </xsd:complexType>
  <xsd:complexType name="GetserviceChangeRequestType">
    <xsd:sequence>
      <xsd:element name="messageContext" type="cme:RequestMessageContextType"/>
      <xsd:element name="legalContext" type="cme:LegalContextType"/>
      <xsd:element name="request" type="tns:GetserviceChangeType"/>
    </xsd:sequence>
  </xsd:complexType>
  <xsd:complexType name="GetReportOutputResponseType">
    <xsd:sequence>
      <xsd:element name="messageContext" type="cme:ResponseMessageContextType"/>
      <xsd:element name="responses" type="tns:ResponsesType" minOccurs="0"/>
      <xsd:element name="exceptions" type="exc:ExceptionsType" minOccurs="0">
        <xsd:annotation>
          <xsd:documentation>Technical errors that occur when processing the message context e.g. insufficient rights.</xsd:documentation>
        </xsd:annotation>
      </xsd:element>
    </xsd:sequence>
  </xsd:complexType>
  <xsd:complexType name="ResponsesType">
    <xsd:sequence>
      <xsd:element name="response" type="tns:ResponseType" minOccurs="1" maxOccurs="1"/>
    </xsd:sequence>
  </xsd:complexType>
  <xsd:complexType name="ResponseType">
    <xsd:sequence>
      <xsd:element ref="com:report" minOccurs="0" maxOccurs="unbounded"/>
      <xsd:element name="exceptions" type="exc:ExceptionsType" minOccurs="0">
        <xsd:annotation>
          <xsd:documentation>Business exceptions that occur when processing the request or response e.g. missing data for a single response element.
						Exceptions at this level may contain back-end specific codes and content.</xsd:documentation>
        </xsd:annotation>
      </xsd:element>
    </xsd:sequence>
  </xsd:complexType>
  <xsd:element name="serviceChangeRequest" type="tns:GetserviceChangeRequestType"/>
  <xsd:element name="postponedDossierRequest" type="tns:GetpostponedDossierRequestType"/>
  <xsd:element name="closedDossierRequest" type="tns:GetclosedDossierRequestType"/>
  <xsd:element name="reportResponse" type="tns:GetReportOutputResponseType"/>
</xsd:schema>]]></con:content><con:type>http://www.w3.org/2001/XMLSchema</con:type></con:part><con:part><con:url>file:/home/isr/git/parent/exportfromregondesservice/ExportFromRegondesServiceGateway/src/main/resources/wsdl/exportFromRegondesService/1.0.0/messages/baseMessageTypes_v1.xsd</con:url><con:content><![CDATA[<xsd:schema targetNamespace="http://fidus.brussels/type/common/messages/v1" elementFormDefault="qualified" attributeFormDefault="unqualified" version="1.0" xmlns:xsd="http://www.w3.org/2001/XMLSchema" xmlns:cmn="http://fidus.brussels/type/common/v1" xmlns:tns="http://fidus.brussels/type/common/messages/v1">
  <!--Unformatted message Id-->
  <xsd:simpleType name="MessageIdType">
    <xsd:restriction base="xsd:string">
      <xsd:minLength value="1"/>
      <xsd:maxLength value="64"/>
    </xsd:restriction>
  </xsd:simpleType>
  <!--National Number of the person. Format depending on the Register-->
  <xsd:simpleType name="PersonNumberType">
    <xsd:restriction base="xsd:string">
      <xsd:pattern value="[0-9][0-9](([0][0-9])|([1][0-2]))(([0-2][0-9])|([3][0-1]))(([0-9]{2}[1-9])|([0-9][1-9][0-9])|([1-9][0-9]{2}))(([0-8][0-9])|([9][0-7]))">
        <xsd:annotation>
          <xsd:documentation>National Register format</xsd:documentation>
        </xsd:annotation>
      </xsd:pattern>
      <xsd:pattern value="[0-9][0-9](([2][0-9])|([3][0-2]))(([0-2][0-9])|([3][0-1]))[0-9]{3}(([0-8][0-9])|([9][0-7]))">
        <xsd:annotation>
          <xsd:documentation>CBSS Register format: Bis Register</xsd:documentation>
        </xsd:annotation>
      </xsd:pattern>
      <xsd:pattern value="[0-9][0-9](([4][0-9])|([5][0-2]))(([0-2][0-9])|([3][0-1]))[0-9]{3}(([0-8][0-9])|([9][0-7]))">
        <xsd:annotation>
          <xsd:documentation>CBSS Register format: Ter Register</xsd:documentation>
        </xsd:annotation>
      </xsd:pattern>
    </xsd:restriction>
  </xsd:simpleType>
  <!--Request message context-->
  <xsd:complexType name="RequestMessageContextType">
    <xsd:annotation>
      <xsd:documentation>Message context block generated by the consumer.</xsd:documentation>
    </xsd:annotation>
    <xsd:sequence>
      <xsd:element name="messageId" type="tns:MessageIdType">
        <xsd:annotation>
          <xsd:documentation>Consumer must assign their own MessageId reference for the request.</xsd:documentation>
        </xsd:annotation>
      </xsd:element>
      <xsd:element name="timestamp" type="xsd:dateTime" minOccurs="0">
        <xsd:annotation>
          <xsd:documentation>Timestamp when client sent request.</xsd:documentation>
        </xsd:annotation>
      </xsd:element>
    </xsd:sequence>
  </xsd:complexType>
  <!--Response message context-->
  <xsd:complexType name="ResponseMessageContextType">
    <xsd:annotation>
      <xsd:documentation>MessageContext block generated by fidus.</xsd:documentation>
    </xsd:annotation>
    <xsd:sequence>
      <xsd:element name="messageId" type="tns:MessageIdType">
        <xsd:annotation>
          <xsd:documentation>A unique identifier generated by fidus.</xsd:documentation>
        </xsd:annotation>
      </xsd:element>
      <xsd:element name="transactionId" type="tns:MessageIdType">
        <xsd:annotation>
          <xsd:documentation>A unique ID returned to the client for tracing purposes.</xsd:documentation>
        </xsd:annotation>
      </xsd:element>
      <xsd:element name="relatesTo" type="tns:MessageIdType" minOccurs="0">
        <xsd:annotation>
          <xsd:documentation>Optional field. The unique id of a previous batch file in this exchange Only used for responses.</xsd:documentation>
        </xsd:annotation>
      </xsd:element>
      <xsd:element name="timestamp" type="xsd:dateTime" minOccurs="0">
        <xsd:annotation>
          <xsd:documentation>Time reply sent by fidus.</xsd:documentation>
        </xsd:annotation>
      </xsd:element>
    </xsd:sequence>
  </xsd:complexType>
  <!--Legal Context : the finality of the Privacy Commission-->
  <xsd:simpleType name="LegalContextType">
    <xsd:restriction base="xsd:string">
      <xsd:minLength value="1"/>
      <xsd:maxLength value="64"/>
    </xsd:restriction>
  </xsd:simpleType>
  <xsd:complexType name="UserContextType">
    <xsd:annotation>
      <xsd:documentation>The user context defines information regarding the actual user performing a request.</xsd:documentation>
    </xsd:annotation>
    <xsd:sequence>
      <xsd:element name="language" type="xsd:language" nillable="true">
        <xsd:annotation>
          <xsd:documentation>The preferred language of the actual user performing the request.
						This influences the language in which response elements are cast.</xsd:documentation>
        </xsd:annotation>
      </xsd:element>
    </xsd:sequence>
  </xsd:complexType>
</xsd:schema>]]></con:content><con:type>http://www.w3.org/2001/XMLSchema</con:type></con:part><con:part><con:url>file:/home/isr/git/parent/exportfromregondesservice/ExportFromRegondesServiceGateway/src/main/resources/wsdl/exportFromRegondesService/1.0.0/messages/exceptionTypes_v1.xsd</con:url><con:content><![CDATA[<xsd:schema targetNamespace="http://fidus.brussels/type/common/exceptions/v1" elementFormDefault="qualified" attributeFormDefault="unqualified" version="1.0" xmlns:xsd="http://www.w3.org/2001/XMLSchema" xmlns:tns="http://fidus.brussels/type/common/exceptions/v1">
  <!--Basic error typed-->
  <xsd:complexType name="ExceptionsType">
    <xsd:sequence>
      <xsd:element name="exception" type="tns:ExceptionType" maxOccurs="unbounded"/>
    </xsd:sequence>
  </xsd:complexType>
  <xsd:complexType name="ExceptionType">
    <xsd:sequence>
      <xsd:element name="type" type="tns:ExceptionClassType"/>
      <xsd:element name="code" type="tns:ExceptionCodeType"/>
      <xsd:element name="source" type="tns:ExceptionSourceType"/>
      <xsd:element name="description" type="tns:ExceptionDescriptionType"/>
    </xsd:sequence>
  </xsd:complexType>
  <xsd:simpleType name="ExceptionClassType">
    <xsd:restriction base="xsd:string">
      <xsd:enumeration value="ERROR"/>
      <xsd:enumeration value="WARNING"/>
      <xsd:enumeration value="INFO"/>
    </xsd:restriction>
  </xsd:simpleType>
  <xsd:simpleType name="ExceptionCodeType">
    <xsd:restriction base="xsd:string">
      <xsd:maxLength value="20"/>
    </xsd:restriction>
  </xsd:simpleType>
  <xsd:simpleType name="ExceptionSourceType">
    <xsd:restriction base="xsd:string">
      <xsd:maxLength value="20"/>
    </xsd:restriction>
  </xsd:simpleType>
  <xsd:simpleType name="ExceptionDescriptionType">
    <xsd:restriction base="xsd:string"/>
  </xsd:simpleType>
</xsd:schema>]]></con:content><con:type>http://www.w3.org/2001/XMLSchema</con:type></con:part><con:part><con:url>file:/home/isr/git/parent/exportfromregondesservice/ExportFromRegondesServiceGateway/src/main/resources/wsdl/exportFromRegondesService/1.0.0/regondes/Regondes2Common.xsd</con:url><con:content><![CDATA[<!--Regondes2Common.xsd version 1.0-->
<xs:schema targetNamespace="http://www.minfin.fgov.be/regondes2/extern/taxservice/common" elementFormDefault="qualified" attributeFormDefault="unqualified" xmlns="http://www.minfin.fgov.be/regondes2/extern/taxservice/common" xmlns:xs="http://www.w3.org/2001/XMLSchema">
  <!--lum-->
  <!--Definition of complex types-->
  <xs:element name="report">
    <xs:annotation>
      <xs:documentation>Report of the transaction</xs:documentation>
    </xs:annotation>
    <xs:complexType>
      <xs:sequence>
        <xs:element name="status">
          <xs:annotation>
            <xs:documentation>Status of the transaction: SUCCESS or ERROR.</xs:documentation>
          </xs:annotation>
          <xs:simpleType>
            <xs:restriction base="xs:string">
              <xs:enumeration value="SUCCESS"/>
              <xs:enumeration value="ERROR"/>
            </xs:restriction>
          </xs:simpleType>
        </xs:element>
        <xs:element name="error" minOccurs="0">
          <xs:annotation>
            <xs:documentation>Business error occured while processing the message.</xs:documentation>
          </xs:annotation>
          <xs:simpleType>
            <xs:restriction base="longstring">
              <xs:minLength value="1"/>
            </xs:restriction>
          </xs:simpleType>
        </xs:element>
        <xs:element name="errorId" minOccurs="0">
          <xs:annotation>
            <xs:documentation>The Id of error in the log files. With this id the helpdesk can find the logs of the error.</xs:documentation>
          </xs:annotation>
          <xs:simpleType>
            <xs:restriction base="longstring">
              <xs:minLength value="1"/>
            </xs:restriction>
          </xs:simpleType>
        </xs:element>
      </xs:sequence>
    </xs:complexType>
  </xs:element>
  <xs:complexType name="attachment">
    <xs:annotation>
      <xs:documentation>Attached files which contain information about the dossier.</xs:documentation>
    </xs:annotation>
    <xs:sequence>
      <xs:element name="fileName" type="longstring">
        <xs:annotation>
          <xs:documentation>The filename of the attachment</xs:documentation>
        </xs:annotation>
      </xs:element>
      <xs:element name="data" type="xs:base64Binary">
        <xs:annotation>
          <xs:documentation>The bytes base64binary encoded</xs:documentation>
        </xs:annotation>
      </xs:element>
    </xs:sequence>
  </xs:complexType>
  <xs:complexType name="abstractInitialService" abstract="true">
    <xs:sequence>
      <xs:element name="technicalReference" type="longstring" minOccurs="0">
        <xs:annotation>
          <xs:documentation>Unique technical reference given by the initial service. Will be present if the dossier was imported with a technical reference.</xs:documentation>
        </xs:annotation>
      </xs:element>
      <xs:element name="type">
        <xs:annotation>
          <xs:documentation>The type of the initial service which can be either "VLABEL" or "AAF".</xs:documentation>
        </xs:annotation>
        <xs:simpleType>
          <xs:restriction base="xs:string">
            <xs:enumeration value="VLABEL"/>
            <xs:enumeration value="AAF"/>
          </xs:restriction>
        </xs:simpleType>
      </xs:element>
    </xs:sequence>
  </xs:complexType>
  <xs:complexType name="basicInitialService">
    <xs:complexContent>
      <xs:extension base="abstractInitialService">
        <xs:sequence>
          <xs:element name="reference">
            <xs:annotation>
              <xs:documentation>Unique reference given by the initial service. Will be present if the dossier was imported.</xs:documentation>
            </xs:annotation>
            <xs:simpleType>
              <xs:restriction base="longstring">
                <xs:minLength value="1"/>
              </xs:restriction>
            </xs:simpleType>
          </xs:element>
        </xs:sequence>
      </xs:extension>
    </xs:complexContent>
  </xs:complexType>
  <xs:complexType name="completeInitialService">
    <xs:complexContent>
      <xs:extension base="basicInitialService">
        <xs:sequence>
          <xs:element name="complaintType">
            <xs:annotation>
              <xs:documentation>Type of complaint.</xs:documentation>
            </xs:annotation>
            <xs:simpleType>
              <xs:restriction base="xs:string">
                <xs:maxLength value="12"/>
                <xs:minLength value="1"/>
              </xs:restriction>
            </xs:simpleType>
          </xs:element>
          <xs:element name="registerSendDate" type="xs:date" minOccurs="0">
            <xs:annotation>
              <xs:documentation>Date on which the notice of assessment is expected to be delivered.</xs:documentation>
            </xs:annotation>
          </xs:element>
          <xs:element name="registerArticle" type="shortstring" minOccurs="0">
            <xs:annotation>
              <xs:documentation>Number of the article in the register of the tax service.</xs:documentation>
            </xs:annotation>
          </xs:element>
          <xs:element name="dateInitialService" type="xs:date">
            <xs:annotation>
              <xs:documentation>Date on which the dossier was created by the initial service.</xs:documentation>
            </xs:annotation>
          </xs:element>
          <xs:element name="nameContact" type="longstring" minOccurs="0">
            <xs:annotation>
              <xs:documentation>Name of the contact within the initial service.</xs:documentation>
            </xs:annotation>
          </xs:element>
          <xs:element name="phoneNumberContact" type="shortstring" minOccurs="0">
            <xs:annotation>
              <xs:documentation>Phone number of the contact within the initial service.</xs:documentation>
            </xs:annotation>
          </xs:element>
          <xs:element name="emailContact" type="emailAddress" minOccurs="0">
            <xs:annotation>
              <xs:documentation>E-mail address of the contact within the initial sevice.</xs:documentation>
            </xs:annotation>
          </xs:element>
          <xs:element name="remark">
            <xs:annotation>
              <xs:documentation>A remark from the initial service.</xs:documentation>
            </xs:annotation>
            <xs:simpleType>
              <xs:restriction base="text">
                <xs:minLength value="1"/>
              </xs:restriction>
            </xs:simpleType>
          </xs:element>
        </xs:sequence>
      </xs:extension>
    </xs:complexContent>
  </xs:complexType>
  <xs:complexType name="address">
    <xs:annotation>
      <xs:documentation>Address</xs:documentation>
    </xs:annotation>
    <xs:sequence>
      <xs:element name="street" type="longstring" minOccurs="0">
        <xs:annotation>
          <xs:documentation>Street</xs:documentation>
        </xs:annotation>
      </xs:element>
      <xs:element name="houseNumber" type="longstring" minOccurs="0">
        <xs:annotation>
          <xs:documentation>House number</xs:documentation>
        </xs:annotation>
      </xs:element>
      <xs:element name="box" type="shortstring" minOccurs="0">
        <xs:annotation>
          <xs:documentation>Box</xs:documentation>
        </xs:annotation>
      </xs:element>
      <xs:element name="zipCode" type="shortstring" minOccurs="0">
        <xs:annotation>
          <xs:documentation>ZIP code</xs:documentation>
        </xs:annotation>
      </xs:element>
      <xs:element name="place" type="longstring" minOccurs="0">
        <xs:annotation>
          <xs:documentation>Place</xs:documentation>
        </xs:annotation>
      </xs:element>
      <xs:element name="country" type="longstring" minOccurs="0">
        <xs:annotation>
          <xs:documentation>Country</xs:documentation>
        </xs:annotation>
      </xs:element>
    </xs:sequence>
  </xs:complexType>
  <xs:complexType name="cadastralIncome">
    <xs:sequence>
      <xs:element name="codeCadastralIncome" type="codeCadastralIncome">
        <xs:annotation>
          <xs:documentation>Cadastrall income code</xs:documentation>
        </xs:annotation>
      </xs:element>
      <xs:element name="definitiveCadastralIncome" type="xs:positiveInteger">
        <xs:annotation>
          <xs:documentation>Definitive cadastrall income</xs:documentation>
        </xs:annotation>
      </xs:element>
      <xs:element name="dateDefinitive" type="xs:date">
        <xs:annotation>
          <xs:documentation>Date definitive cadastrall income</xs:documentation>
        </xs:annotation>
      </xs:element>
      <xs:element name="reasonDefinitive" type="longstring">
        <xs:annotation>
          <xs:documentation>Reason definitieve cadastrall income</xs:documentation>
        </xs:annotation>
      </xs:element>
    </xs:sequence>
  </xs:complexType>
  <xs:simpleType name="shortstring">
    <xs:restriction base="xs:string">
      <xs:minLength value="1"/>
      <xs:maxLength value="60"/>
    </xs:restriction>
  </xs:simpleType>
  <xs:simpleType name="longstring">
    <xs:restriction base="xs:string">
      <xs:minLength value="1"/>
      <xs:maxLength value="150"/>
    </xs:restriction>
  </xs:simpleType>
  <xs:simpleType name="text">
    <xs:restriction base="xs:string">
      <xs:minLength value="1"/>
      <xs:maxLength value="4000"/>
    </xs:restriction>
  </xs:simpleType>
  <xs:simpleType name="codeCadastralIncome">
    <xs:restriction base="xs:string">
      <xs:minLength value="1"/>
      <xs:maxLength value="2"/>
    </xs:restriction>
  </xs:simpleType>
  <xs:simpleType name="personIdNumber">
    <xs:restriction base="xs:string">
      <xs:minLength value="1"/>
      <xs:maxLength value="15"/>
    </xs:restriction>
  </xs:simpleType>
  <xs:simpleType name="cbeNumber">
    <xs:restriction base="xs:string">
      <xs:minLength value="1"/>
      <xs:maxLength value="15"/>
    </xs:restriction>
  </xs:simpleType>
  <xs:simpleType name="emailAddress">
    <xs:restriction base="xs:token">
      <xs:minLength value="1"/>
      <xs:maxLength value="254"/>
      <xs:pattern value="[^@]+@[^\.]+\..+"/>
    </xs:restriction>
  </xs:simpleType>
  <xs:simpleType name="referenceFodFin">
    <xs:restriction base="xs:long"/>
  </xs:simpleType>
  <xs:simpleType name="articleNumberType">
    <xs:restriction base="xs:token">
      <xs:minLength value="1"/>
      <xs:maxLength value="8"/>
      <xs:pattern value="\d{0,5}(/\d{2})?"/>
    </xs:restriction>
  </xs:simpleType>
  <xs:simpleType name="fiscalYearType">
    <xs:restriction base="xs:string">
      <xs:maxLength value="4"/>
      <xs:minLength value="4"/>
    </xs:restriction>
  </xs:simpleType>
</xs:schema>]]></con:content><con:type>http://www.w3.org/2001/XMLSchema</con:type></con:part><con:part><con:url>file:/home/isr/git/parent/exportfromregondesservice/ExportFromRegondesServiceGateway/src/main/resources/wsdl/exportFromRegondesService/1.0.0/regondes/Regondes2ExportClosedDossiers.xsd</con:url><con:content><![CDATA[<!--Regondes2ExportClosedDossiers.xsd version 1.0-->
<xs:schema targetNamespace="http://www.minfin.fgov.be/regondes2/extern/taxservice/exports/closedDossiers" elementFormDefault="qualified" attributeFormDefault="unqualified" xmlns:xs="http://www.w3.org/2001/XMLSchema" xmlns="http://www.minfin.fgov.be/regondes2/extern/taxservice/exports/closedDossiers" xmlns:com="http://www.minfin.fgov.be/regondes2/extern/taxservice/common">
  <xs:import namespace="http://www.minfin.fgov.be/regondes2/extern/taxservice/common" schemaLocation="Regondes2Common.xsd"/>
  <xs:element name="closedDossier">
    <xs:complexType>
      <xs:sequence>
        <xs:element name="referenceFodFin" type="com:referenceFodFin">
          <xs:annotation>
            <xs:documentation>Reference given by Regondes2 to uniquely identify the dossier. Will be present if the dossier was imported.</xs:documentation>
          </xs:annotation>
        </xs:element>
        <xs:element name="fiscalYear" type="com:fiscalYearType">
          <xs:annotation>
            <xs:documentation>Fiscal year</xs:documentation>
          </xs:annotation>
        </xs:element>
        <xs:element name="initialService">
          <xs:complexType>
            <xs:complexContent>
              <xs:extension base="com:abstractInitialService">
                <xs:sequence>
                  <xs:element name="reference" minOccurs="0">
                    <xs:annotation>
                      <xs:documentation>Unique reference given by the initial service.</xs:documentation>
                    </xs:annotation>
                    <xs:simpleType>
                      <xs:restriction base="com:longstring">
                        <xs:minLength value="1"/>
                      </xs:restriction>
                    </xs:simpleType>
                  </xs:element>
                </xs:sequence>
              </xs:extension>
            </xs:complexContent>
          </xs:complexType>
        </xs:element>
        <xs:element name="patrimonyInformation">
          <xs:annotation>
            <xs:documentation>Patrimony information</xs:documentation>
          </xs:annotation>
          <xs:complexType>
            <xs:sequence>
              <xs:element name="typeDossier">
                <xs:annotation>
                  <xs:documentation>Dossier type</xs:documentation>
                </xs:annotation>
                <xs:simpleType>
                  <xs:restriction base="xs:string">
                    <xs:maxLength value="2"/>
                  </xs:restriction>
                </xs:simpleType>
              </xs:element>
              <xs:element name="patrimonyFrom" minOccurs="0" type="xs:date">
                <xs:annotation>
                  <xs:documentation>The date when the dossier information will be avialable in PATRIS or CADNET.</xs:documentation>
                </xs:annotation>
              </xs:element>
              <xs:element name="patrimonyRef" minOccurs="0">
                <xs:annotation>
                  <xs:documentation>PATRIS or CADNET reference</xs:documentation>
                </xs:annotation>
                <xs:simpleType>
                  <xs:restriction base="com:shortstring">
                    <xs:minLength value="1"/>
                  </xs:restriction>
                </xs:simpleType>
              </xs:element>
              <xs:element name="cadastralDivisionCode">
                <xs:annotation>
                  <xs:documentation>Cadastral division code</xs:documentation>
                </xs:annotation>
                <xs:simpleType>
                  <xs:restriction base="xs:string">
                    <xs:maxLength value="30"/>
                    <xs:minLength value="1"/>
                  </xs:restriction>
                </xs:simpleType>
              </xs:element>
              <xs:element name="articleNumber" type="com:articleNumberType" minOccurs="0">
                <xs:annotation>
                  <xs:documentation>Article number of dossier</xs:documentation>
                </xs:annotation>
              </xs:element>
            </xs:sequence>
          </xs:complexType>
        </xs:element>
        <xs:element name="report">
          <xs:annotation>
            <xs:documentation>Report information</xs:documentation>
          </xs:annotation>
          <xs:complexType>
            <xs:sequence>
              <xs:element name="type">
                <xs:annotation>
                  <xs:documentation>Report type: Solved or Proposal.</xs:documentation>
                </xs:annotation>
                <xs:simpleType>
                  <xs:restriction base="xs:string">
                    <xs:enumeration value="S"/>
                    <xs:enumeration value="P"/>
                  </xs:restriction>
                </xs:simpleType>
              </xs:element>
              <xs:element name="subtype" type="com:longstring" minOccurs="0"/>
              <xs:element name="kind">
                <xs:annotation>
                  <xs:documentation>Report kind: initial report, replacing information or supplementary information.</xs:documentation>
                </xs:annotation>
                <xs:simpleType>
                  <xs:restriction base="xs:string">
                    <xs:enumeration value="INITIAL"/>
                    <xs:enumeration value="REPLACING"/>
                    <xs:enumeration value="SUPPLEMENTARY_INFO"/>
                  </xs:restriction>
                </xs:simpleType>
              </xs:element>
              <xs:element name="cadastralIncome" type="com:cadastralIncome" minOccurs="0" maxOccurs="1">
                <xs:annotation>
                  <xs:documentation>Will only be present if the closed dossier concerns a Cadastral Income Objection.</xs:documentation>
                </xs:annotation>
              </xs:element>
              <xs:element name="date" type="xs:date">
                <xs:annotation>
                  <xs:documentation>Date when the report was created.</xs:documentation>
                </xs:annotation>
              </xs:element>
              <xs:element name="motivation" type="com:text">
                <xs:annotation>
                  <xs:documentation>Motivation text</xs:documentation>
                </xs:annotation>
              </xs:element>
              <xs:element name="newState" minOccurs="0" maxOccurs="99">
                <xs:annotation>
                  <xs:documentation>New state of the property</xs:documentation>
                </xs:annotation>
                <xs:complexType>
                  <xs:sequence>
                    <xs:element name="parcel" type="newStateParcel" minOccurs="1" maxOccurs="999"/>
                    <xs:element name="owner" type="owner" minOccurs="1" maxOccurs="999"/>
                  </xs:sequence>
                </xs:complexType>
              </xs:element>
            </xs:sequence>
          </xs:complexType>
        </xs:element>
        <xs:element name="linkedDossier" minOccurs="0" maxOccurs="99">
          <xs:annotation>
            <xs:documentation>Dossier number which is in someway linked to this dossier</xs:documentation>
          </xs:annotation>
          <xs:complexType>
            <xs:sequence>
              <xs:element name="referenceInitialService" type="com:longstring" minOccurs="0">
                <xs:annotation>
                  <xs:documentation>Reference of the initial service. Will be present if the linked dossier was imported.</xs:documentation>
                </xs:annotation>
              </xs:element>
              <xs:element name="technicalReferenceInitialService" type="com:longstring" minOccurs="0">
                <xs:annotation>
                  <xs:documentation>Technical reference of the initial service.  Will be present if the linked dossier was imported with a technical reference.</xs:documentation>
                </xs:annotation>
              </xs:element>
              <xs:element name="referenceFodFin" type="com:referenceFodFin">
                <xs:annotation>
                  <xs:documentation>Reference of Regondes2</xs:documentation>
                </xs:annotation>
              </xs:element>
            </xs:sequence>
          </xs:complexType>
        </xs:element>
        <xs:element name="attachment" minOccurs="0" maxOccurs="99" type="com:attachment">
          <xs:annotation>
            <xs:documentation>Attached files which contain information about the dossier.</xs:documentation>
          </xs:annotation>
        </xs:element>
      </xs:sequence>
    </xs:complexType>
  </xs:element>
  <xs:complexType name="newStateParcel">
    <xs:annotation>
      <xs:documentation>New state of the parcel</xs:documentation>
    </xs:annotation>
    <xs:complexContent>
      <xs:extension base="parcel">
        <xs:sequence>
          <xs:element name="cadastralInformation" minOccurs="0" maxOccurs="99">
            <xs:annotation>
              <xs:documentation>Cadastral Information.</xs:documentation>
            </xs:annotation>
            <xs:complexType>
              <xs:sequence>
                <xs:element name="codeCadastralIncome" type="com:codeCadastralIncome">
                  <xs:annotation>
                    <xs:documentation>Code of the cadastral income.</xs:documentation>
                  </xs:annotation>
                </xs:element>
                <xs:element name="cadastralIncome" type="xs:nonNegativeInteger">
                  <xs:annotation>
                    <xs:documentation>Cadastral income</xs:documentation>
                  </xs:annotation>
                </xs:element>
                <xs:element name="cadastralIncomePart" type="xs:nonNegativeInteger" minOccurs="0">
                  <xs:annotation>
                    <xs:documentation>Part of the cadastral income depending on unfruitful days. Only present if case of unfruitfulness. (dossier type LI)</xs:documentation>
                  </xs:annotation>
                </xs:element>
                <xs:element name="exemption" type="xs:nonNegativeInteger" minOccurs="0">
                  <xs:annotation>
                    <xs:documentation>Exemption. Only present if case of unfruitfulness. (dossier type LI)</xs:documentation>
                  </xs:annotation>
                </xs:element>
                <xs:element name="daysUnfruitful" type="xs:nonNegativeInteger" minOccurs="0">
                  <xs:annotation>
                    <xs:documentation>Days unfruitful. Only present if case of unfruitfulness. (dossier type LI)</xs:documentation>
                  </xs:annotation>
                </xs:element>
              </xs:sequence>
            </xs:complexType>
          </xs:element>
        </xs:sequence>
      </xs:extension>
    </xs:complexContent>
  </xs:complexType>
  <xs:complexType name="parcel">
    <xs:annotation>
      <xs:documentation>Parcel information</xs:documentation>
    </xs:annotation>
    <xs:sequence>
      <xs:element name="parcelNumber" type="parcelNumber" minOccurs="0"/>
      <xs:element name="situation" minOccurs="0">
        <xs:annotation>
          <xs:documentation>The location of the parcel.</xs:documentation>
        </xs:annotation>
        <xs:simpleType>
          <xs:restriction base="com:shortstring">
            <xs:minLength value="1"/>
          </xs:restriction>
        </xs:simpleType>
      </xs:element>
      <xs:element name="kind" type="com:shortstring" minOccurs="0">
        <xs:annotation>
          <xs:documentation>The kind of parcel.</xs:documentation>
        </xs:annotation>
      </xs:element>
      <xs:element name="details" type="com:shortstring" minOccurs="0">
        <xs:annotation>
          <xs:documentation>Extra information with details about the parcel.</xs:documentation>
        </xs:annotation>
      </xs:element>
      <xs:choice>
        <xs:sequence>
          <xs:element name="articleNumber" type="com:articleNumberType">
            <xs:annotation>
              <xs:documentation>Article number</xs:documentation>
            </xs:annotation>
          </xs:element>
          <xs:element name="sequenceNumber" type="com:shortstring">
            <xs:annotation>
              <xs:documentation>Sequence number</xs:documentation>
            </xs:annotation>
          </xs:element>
        </xs:sequence>
        <xs:element name="propertySituationNumber" type="com:shortstring">
          <xs:annotation>
            <xs:documentation>Property situation number</xs:documentation>
          </xs:annotation>
        </xs:element>
      </xs:choice>
    </xs:sequence>
  </xs:complexType>
  <xs:complexType name="parcelNumber">
    <xs:annotation>
      <xs:documentation>Parcel number</xs:documentation>
    </xs:annotation>
    <xs:sequence>
      <xs:element name="section" minOccurs="0">
        <xs:annotation>
          <xs:documentation>Section</xs:documentation>
        </xs:annotation>
        <xs:simpleType>
          <xs:restriction base="com:shortstring">
            <xs:minLength value="1"/>
          </xs:restriction>
        </xs:simpleType>
      </xs:element>
      <xs:element name="groundNumber" minOccurs="0">
        <xs:annotation>
          <xs:documentation>Ground number.</xs:documentation>
        </xs:annotation>
        <xs:simpleType>
          <xs:restriction base="com:shortstring">
            <xs:minLength value="1"/>
          </xs:restriction>
        </xs:simpleType>
      </xs:element>
      <xs:element name="bisNumber" minOccurs="0">
        <xs:annotation>
          <xs:documentation>Bis number</xs:documentation>
        </xs:annotation>
        <xs:simpleType>
          <xs:restriction base="com:shortstring">
            <xs:minLength value="1"/>
          </xs:restriction>
        </xs:simpleType>
      </xs:element>
      <xs:element name="exponent" minOccurs="0">
        <xs:annotation>
          <xs:documentation>Exponent</xs:documentation>
        </xs:annotation>
        <xs:simpleType>
          <xs:restriction base="com:shortstring">
            <xs:minLength value="1"/>
          </xs:restriction>
        </xs:simpleType>
      </xs:element>
      <xs:element name="power" minOccurs="0">
        <xs:annotation>
          <xs:documentation>Power</xs:documentation>
        </xs:annotation>
        <xs:simpleType>
          <xs:restriction base="com:shortstring">
            <xs:minLength value="1"/>
          </xs:restriction>
        </xs:simpleType>
      </xs:element>
      <xs:element name="part" minOccurs="0">
        <xs:annotation>
          <xs:documentation>Part</xs:documentation>
        </xs:annotation>
        <xs:simpleType>
          <xs:restriction base="com:shortstring">
            <xs:minLength value="1"/>
          </xs:restriction>
        </xs:simpleType>
      </xs:element>
    </xs:sequence>
  </xs:complexType>
  <xs:complexType name="owner">
    <xs:annotation>
      <xs:documentation>Owner of the parcel.</xs:documentation>
    </xs:annotation>
    <xs:sequence>
      <xs:choice>
        <xs:element name="person" type="person"></xs:element>
        <xs:element name="company" type="company"/>
      </xs:choice>
      <xs:element name="rights" type="com:shortstring" minOccurs="0">
        <xs:annotation>
          <xs:documentation>Rights of the owner.</xs:documentation>
        </xs:annotation>
      </xs:element>
      <xs:element name="ownerType" minOccurs="0">
        <xs:annotation>
          <xs:documentation>Type of owner. Can be: IN_COMMUNITY, NATURAL_PERSON, LEGAL_PERSON or OTHER</xs:documentation>
        </xs:annotation>
        <xs:simpleType>
          <xs:restriction base="xs:string">
            <xs:enumeration value="IN_COMMUNITY"/>
            <xs:enumeration value="NATURAL_PERSON"/>
            <xs:enumeration value="LEGAL_PERSON"/>
            <xs:enumeration value="OTHER"/>
          </xs:restriction>
        </xs:simpleType>
      </xs:element>
    </xs:sequence>
  </xs:complexType>
  <xs:complexType name="person">
    <xs:annotation>
      <xs:documentation>Person data.</xs:documentation>
    </xs:annotation>
    <xs:sequence>
      <xs:choice minOccurs="0">
        <xs:element name="socialSecurityNumber" type="com:personIdNumber">
          <xs:annotation>
            <xs:documentation>Social security number.</xs:documentation>
          </xs:annotation>
        </xs:element>
        <xs:element name="persIDF" type="com:personIdNumber">
          <xs:annotation>
            <xs:documentation>persIDF</xs:documentation>
          </xs:annotation>
        </xs:element>
        <xs:element name="bisNumber" type="com:personIdNumber">
          <xs:annotation>
            <xs:documentation>BIS-number</xs:documentation>
          </xs:annotation>
        </xs:element>
      </xs:choice>
      <xs:element name="firstname" type="com:longstring" minOccurs="0">
        <xs:annotation>
          <xs:documentation>First name</xs:documentation>
        </xs:annotation>
      </xs:element>
      <xs:element name="lastname" type="com:longstring" minOccurs="0">
        <xs:annotation>
          <xs:documentation>Last name</xs:documentation>
        </xs:annotation>
      </xs:element>
    </xs:sequence>
  </xs:complexType>
  <xs:complexType name="company">
    <xs:sequence>
      <xs:element name="cbeNumber" type="com:cbeNumber" minOccurs="0">
        <xs:annotation>
          <xs:documentation>CBE number</xs:documentation>
        </xs:annotation>
      </xs:element>
      <xs:element name="name" type="com:longstring" minOccurs="0">
        <xs:annotation>
          <xs:documentation>Company name</xs:documentation>
        </xs:annotation>
      </xs:element>
    </xs:sequence>
  </xs:complexType>
</xs:schema>]]></con:content><con:type>http://www.w3.org/2001/XMLSchema</con:type></con:part><con:part><con:url>file:/home/isr/git/parent/exportfromregondesservice/ExportFromRegondesServiceGateway/src/main/resources/wsdl/exportFromRegondesService/1.0.0/regondes/Regondes2ExportPostponedDossiers.xsd</con:url><con:content><![CDATA[<!--Regondes2ExportPostponedDossiers.xsd version 1.0-->
<xs:schema targetNamespace="http://www.minfin.fgov.be/regondes2/extern/taxservice/exports/postponedDossiers" elementFormDefault="qualified" attributeFormDefault="unqualified" xmlns="http://www.minfin.fgov.be/regondes2/extern/taxservice/exports/postponedDossiers" xmlns:xs="http://www.w3.org/2001/XMLSchema" xmlns:com="http://www.minfin.fgov.be/regondes2/extern/taxservice/common">
  <xs:import namespace="http://www.minfin.fgov.be/regondes2/extern/taxservice/common" schemaLocation="Regondes2Common.xsd"/>
  <xs:element name="postponedDossier">
    <xs:complexType>
      <xs:sequence>
        <xs:element name="referenceFodFin" type="com:longstring">
          <xs:annotation>
            <xs:documentation>Reference given by Regondes2 to uniquely identify the dossier.</xs:documentation>
          </xs:annotation>
        </xs:element>
        <xs:element name="initialService" type="com:basicInitialService"/>
        <xs:element name="postponement">
          <xs:complexType>
            <xs:sequence>
              <xs:element name="datePostponement" type="xs:date">
                <xs:annotation>
                  <xs:documentation>Date when the dossier was postponed</xs:documentation>
                </xs:annotation>
              </xs:element>
              <xs:element name="reasonPostponed" type="com:longstring">
                <xs:annotation>
                  <xs:documentation>Reason of postponement.</xs:documentation>
                </xs:annotation>
              </xs:element>
              <xs:element name="newTargetDate" type="xs:date">
                <xs:annotation>
                  <xs:documentation>New target date</xs:documentation>
                </xs:annotation>
              </xs:element>
            </xs:sequence>
          </xs:complexType>
        </xs:element>
      </xs:sequence>
    </xs:complexType>
  </xs:element>
</xs:schema>]]></con:content><con:type>http://www.w3.org/2001/XMLSchema</con:type></con:part><con:part><con:url>file:/home/isr/git/parent/exportfromregondesservice/ExportFromRegondesServiceGateway/src/main/resources/wsdl/exportFromRegondesService/1.0.0/regondes/Regondes2ExportServiceChanged.xsd</con:url><con:content><![CDATA[<!--Regondes2ExportServiceChanged.xsd version 1.0-->
<xs:schema targetNamespace="http://www.minfin.fgov.be/regondes2/extern/taxservice/exports/serviceChanged" elementFormDefault="qualified" attributeFormDefault="unqualified" xmlns="http://www.minfin.fgov.be/regondes2/extern/taxservice/exports/serviceChanged" xmlns:xs="http://www.w3.org/2001/XMLSchema" xmlns:com="http://www.minfin.fgov.be/regondes2/extern/taxservice/common">
  <xs:import namespace="http://www.minfin.fgov.be/regondes2/extern/taxservice/common" schemaLocation="Regondes2Common.xsd"/>
  <xs:element name="serviceChange">
    <xs:complexType>
      <xs:sequence>
        <xs:element name="referenceFodFin" type="com:longstring">
          <xs:annotation>
            <xs:documentation>Reference given by Regondes2 to uniquely identify the dossier.</xs:documentation>
          </xs:annotation>
        </xs:element>
        <xs:element name="initialService" type="com:basicInitialService"/>
        <xs:element name="transfer" minOccurs="1" maxOccurs="99">
          <xs:annotation>
            <xs:documentation>Information about the transfer of a dossier.</xs:documentation>
          </xs:annotation>
          <xs:complexType>
            <xs:sequence>
              <xs:element name="serviceName" type="com:shortstring">
                <xs:annotation>
                  <xs:documentation>Name of the service which handled the dossier.</xs:documentation>
                </xs:annotation>
              </xs:element>
              <xs:element name="dateIn" type="xs:date">
                <xs:annotation>
                  <xs:documentation>Date in</xs:documentation>
                </xs:annotation>
              </xs:element>
              <xs:element name="dateOut" type="xs:date" minOccurs="0">
                <xs:annotation>
                  <xs:documentation>Date out</xs:documentation>
                </xs:annotation>
              </xs:element>
              <xs:element name="official">
                <xs:annotation>
                  <xs:documentation>Official to which the dossier has been assigned to.</xs:documentation>
                </xs:annotation>
                <xs:complexType>
                  <xs:sequence>
                    <xs:element name="firstName" type="com:longstring">
                      <xs:annotation>
                        <xs:documentation>First name</xs:documentation>
                      </xs:annotation>
                    </xs:element>
                    <xs:element name="lastName" type="com:longstring">
                      <xs:annotation>
                        <xs:documentation>Last name</xs:documentation>
                      </xs:annotation>
                    </xs:element>
                    <xs:element name="phoneNumber" type="com:shortstring">
                      <xs:annotation>
                        <xs:documentation>Phone number</xs:documentation>
                      </xs:annotation>
                    </xs:element>
                    <xs:element name="email" type="com:emailAddress">
                      <xs:annotation>
                        <xs:documentation>E-mail address</xs:documentation>
                      </xs:annotation>
                    </xs:element>
                  </xs:sequence>
                </xs:complexType>
              </xs:element>
            </xs:sequence>
          </xs:complexType>
        </xs:element>
      </xs:sequence>
    </xs:complexType>
  </xs:element>
</xs:schema>]]></con:content><con:type>http://www.w3.org/2001/XMLSchema</con:type></con:part></con:definitionCache><con:endpoints><con:endpoint>http://fidus.brussels/services/exportfromregondesservice/v1</con:endpoint></con:endpoints><con:operation id="e3e61421-edc5-4fd6-b01b-7d127607ec27" isOneWay="false" action="http://fidus.brussels/services/exportfromregondesservice/closedDossier" name="closedDossier" bindingOperationName="closedDossier" type="Request-Response" inputName="" receivesAttachments="false" sendsAttachments="false" anonymous="optional"><con:settings/><con:call id="6ef336dc-c91c-457f-865d-ea76a66207b9" name="1 - Local - Request - Error" incomingWss="Inflow DEV" outgoingWss="Outflow DEV"><con:settings><con:setting id="com.eviware.soapui.impl.wsdl.WsdlRequest@request-headers">&lt;xml-fragment/></con:setting></con:settings><con:encoding>UTF-8</con:encoding><con:endpoint>https://localhost:8243/services/ExportFromRegondesService_v1.0</con:endpoint><con:request><![CDATA[<soapenv:Envelope xmlns:soapenv="http://schemas.xmlsoap.org/soap/envelope/" xmlns:v1="http://fidus.brussels/service/exportfromregondesservice/messages/v1" xmlns:v11="http://fidus.brussels/type/common/messages/v1" xmlns:clos="http://www.minfin.fgov.be/regondes2/extern/taxservice/exports/closedDossiers" xmlns:com="http://www.minfin.fgov.be/regondes2/extern/taxservice/common">
   <soapenv:Header/>
   <soapenv:Body>
      <v1:closedDossierRequest>
         <v1:messageContext>
            <v11:messageId>${=import static java.util.UUID.randomUUID; uuid = randomUUID() as String}</v11:messageId>
            <v11:timestamp>${=new java.text.SimpleDateFormat("yyyy-MM-dd'T'HH:mm:ss.SSS").format(new Date())}</v11:timestamp>
         </v1:messageContext>
         <v1:legalContext>ServiceIntegrator</v1:legalContext>
         <v1:request>
            <clos:closedDossier>
            	<!-- <clos:referenceFodFin>11223347</clos:referenceFodFin> --> <!-- Technical reference not found -->
               <!-- <clos:referenceFodFin>11223346</clos:referenceFodFin> --> <!-- Reference not found -->  
               <clos:referenceFodFin>11223346</clos:referenceFodFin> <!-- Requested dossier is already close -->
               <clos:fiscalYear>2017</clos:fiscalYear>
               <clos:initialService>
                  <com:technicalReference>technicalReference</com:technicalReference>
                  <com:type>AAF</com:type>
                  <clos:reference>reference</clos:reference>
               </clos:initialService>
               <clos:patrimonyInformation>
                  <clos:typeDossier>AA</clos:typeDossier>
                  <clos:patrimonyFrom>${=new java.text.SimpleDateFormat("yyyy-MM-dd").format(new Date())}</clos:patrimonyFrom>
                  <clos:patrimonyRef>1</clos:patrimonyRef>
                  <clos:cadastralDivisionCode>YYY</clos:cadastralDivisionCode>
                  <clos:articleNumber>51</clos:articleNumber>
               </clos:patrimonyInformation>
               <clos:report>
                  <clos:type>S</clos:type>
                  <clos:subtype>subtype</clos:subtype>
                  <clos:kind>INITIAL</clos:kind>
                  <clos:cadastralIncome>
                     <com:codeCadastralIncome>a</com:codeCadastralIncome>
                     <com:definitiveCadastralIncome>12</com:definitiveCadastralIncome>
                     <com:dateDefinitive>${=new java.text.SimpleDateFormat("yyyy-MM-dd").format(new Date())}</com:dateDefinitive>
                     <com:reasonDefinitive>my reason</com:reasonDefinitive>
                  </clos:cadastralIncome>
                  <clos:date>${=new java.text.SimpleDateFormat("yyyy-MM-dd").format(new Date())}</clos:date>
                  <clos:motivation>No motivation</clos:motivation>
                  <!--0 to 99 repetitions:-->
                  <clos:newState>
                     <!--1 to 999 repetitions:-->
                     <clos:parcel>
                        <clos:parcelNumber>
                           <clos:section>55254</clos:section>
                           <clos:groundNumber>9555</clos:groundNumber>
                           <clos:bisNumber>2525</clos:bisNumber>
                           <clos:exponent>1414</clos:exponent>
                           <clos:power>me</clos:power>
                           <clos:part>4</clos:part>
                        </clos:parcelNumber>
                        <clos:situation>invalid</clos:situation>
                        <clos:kind>no</clos:kind>
                        <clos:details>test</clos:details>
                        <!--You have a CHOICE of the next 2 items at this level-->
                        <clos:articleNumber>1141</clos:articleNumber>
                        <clos:sequenceNumber>3215</clos:sequenceNumber>
                        <!--0 to 99 repetitions:-->
                        <clos:cadastralInformation>
                           <clos:codeCadastralIncome>12</clos:codeCadastralIncome>
                           <clos:cadastralIncome>12</clos:cadastralIncome>
                           <clos:cadastralIncomePart>42</clos:cadastralIncomePart>
                           <clos:exemption>52</clos:exemption>
                           <clos:daysUnfruitful>5</clos:daysUnfruitful>
                        </clos:cadastralInformation>
                     </clos:parcel>
                     <!--1 to 999 repetitions:-->
                     <clos:owner>
                        <!--You have a CHOICE of the next 2 items at this level-->
                        <clos:person>
                           <!--You have a CHOICE of the next 3 items at this level-->
                           <clos:socialSecurityNumber>125</clos:socialSecurityNumber>
                           <clos:lastname>baptiste</clos:lastname>
                        </clos:person>
                        <clos:rights>Admin</clos:rights>
                        <clos:ownerType>LEGAL_PERSON</clos:ownerType>
                     </clos:owner>
                  </clos:newState>
               </clos:report>
               <!--0 to 99 repetitions:-->
               <clos:linkedDossier>
                  <clos:referenceInitialService>referenceInitialService</clos:referenceInitialService>
                  <clos:referenceFodFin>15</clos:referenceFodFin>
               </clos:linkedDossier>
               <!--0 to 99 repetitions:-->
               <clos:attachment>
                  <com:fileName>cirb</com:fileName>
                  <com:data>    1234   </com:data>
               </clos:attachment>
            </clos:closedDossier>
         </v1:request>
      </v1:closedDossierRequest>
   </soapenv:Body>
</soapenv:Envelope>]]></con:request><con:credentials><con:selectedAuthProfile>Basic</con:selectedAuthProfile><con:addedBasicAuthenticationTypes>Basic</con:addedBasicAuthenticationTypes><con:authType>Global HTTP Settings</con:authType></con:credentials><con:jmsConfig JMSDeliveryMode="PERSISTENT"/><con:jmsPropertyConfig/><con:wsaConfig mustUnderstand="NONE" version="200508" action="http://fidus.brussels/services/exportfromregondesservice/closedDossier"/><con:wsrmConfig version="1.2"/></con:call><con:call id="30fa1120-7de9-47cd-a7cc-28b189725e14" name="1 - Local - Request - Success" incomingWss="Inflow DEV" outgoingWss="Outflow DEV"><con:settings><con:setting id="com.eviware.soapui.impl.wsdl.WsdlRequest@request-headers">&lt;xml-fragment/></con:setting></con:settings><con:encoding>UTF-8</con:encoding><con:endpoint>https://localhost:8243/services/ExportFromRegondesService_v1.0</con:endpoint><con:request><![CDATA[<soapenv:Envelope xmlns:soapenv="http://schemas.xmlsoap.org/soap/envelope/" xmlns:v1="http://fidus.brussels/service/exportfromregondesservice/messages/v1" xmlns:v11="http://fidus.brussels/type/common/messages/v1" xmlns:clos="http://www.minfin.fgov.be/regondes2/extern/taxservice/exports/closedDossiers" xmlns:com="http://www.minfin.fgov.be/regondes2/extern/taxservice/common">
   <soapenv:Header/>
   <soapenv:Body>
      <v1:closedDossierRequest>
         <v1:messageContext>
            <v11:messageId>${=import static java.util.UUID.randomUUID; uuid = randomUUID() as String}</v11:messageId>
            <v11:timestamp>${=new java.text.SimpleDateFormat("yyyy-MM-dd'T'HH:mm:ss.SSS").format(new Date())}</v11:timestamp>
         </v1:messageContext>
         <v1:legalContext>ServiceIntegrator</v1:legalContext>
         <v1:request>
            <clos:closedDossier> 
               <clos:referenceFodFin>11223346</clos:referenceFodFin>
               <clos:fiscalYear>2017</clos:fiscalYear>
               <clos:initialService>
                  <com:technicalReference>technicalReference</com:technicalReference>
                  <com:type>VLABEL</com:type>
                  <clos:reference>reference</clos:reference>
               </clos:initialService>
               <clos:patrimonyInformation>
                  <clos:typeDossier>AA</clos:typeDossier>
                  <clos:patrimonyFrom>${=new java.text.SimpleDateFormat("yyyy-MM-dd").format(new Date())}</clos:patrimonyFrom>
                  <clos:patrimonyRef>1</clos:patrimonyRef>
                  <clos:cadastralDivisionCode>YYY</clos:cadastralDivisionCode>
                  <clos:articleNumber>51</clos:articleNumber>
               </clos:patrimonyInformation>
               <clos:report>
                  <clos:type>P</clos:type>
                  <clos:subtype>subtype</clos:subtype>
                  <clos:kind>INITIAL</clos:kind>
                  <clos:cadastralIncome>
                     <com:codeCadastralIncome>a</com:codeCadastralIncome>
                     <com:definitiveCadastralIncome>12</com:definitiveCadastralIncome>
                     <com:dateDefinitive>${=new java.text.SimpleDateFormat("yyyy-MM-dd").format(new Date())}</com:dateDefinitive>
                     <com:reasonDefinitive>my reason</com:reasonDefinitive>
                  </clos:cadastralIncome>
                  <clos:date>${=new java.text.SimpleDateFormat("yyyy-MM-dd").format(new Date())}</clos:date>
                  <clos:motivation>No motivation</clos:motivation>
                  <!--0 to 99 repetitions:-->
                  <clos:newState>
                     <!--1 to 999 repetitions:-->
                     <clos:parcel>
                        <clos:parcelNumber>
                           <clos:section>55254</clos:section>
                           <clos:groundNumber>9555</clos:groundNumber>
                           <clos:bisNumber>2525</clos:bisNumber>
                           <clos:exponent>1414</clos:exponent>
                           <clos:power>me</clos:power>
                           <clos:part>4</clos:part>
                        </clos:parcelNumber>
                        <clos:situation>invalid</clos:situation>
                        <clos:kind>no</clos:kind>
                        <clos:details>test</clos:details>
                        <!--You have a CHOICE of the next 2 items at this level-->
                        <clos:articleNumber>1141</clos:articleNumber>
                        <clos:sequenceNumber>3215</clos:sequenceNumber>
                        <!--0 to 99 repetitions:-->
                        <clos:cadastralInformation>
                           <clos:codeCadastralIncome>12</clos:codeCadastralIncome>
                           <clos:cadastralIncome>12</clos:cadastralIncome>
                           <clos:cadastralIncomePart>42</clos:cadastralIncomePart>
                           <clos:exemption>52</clos:exemption>
                           <clos:daysUnfruitful>5</clos:daysUnfruitful>
                        </clos:cadastralInformation>
                     </clos:parcel>
                     <!--1 to 999 repetitions:-->
                     <clos:owner>
                        <!--You have a CHOICE of the next 2 items at this level-->
                        <clos:person>
                           <!--You have a CHOICE of the next 3 items at this level-->
                           <clos:socialSecurityNumber>125</clos:socialSecurityNumber>
                           <clos:lastname>baptiste</clos:lastname>
                        </clos:person>
                        <clos:rights>Admin</clos:rights>
                        <clos:ownerType>LEGAL_PERSON</clos:ownerType>
                     </clos:owner>
                  </clos:newState>
               </clos:report>
               <!--0 to 99 repetitions:-->
               <clos:linkedDossier>
                  <clos:referenceInitialService>referenceInitialService</clos:referenceInitialService>
                  <clos:referenceFodFin>15</clos:referenceFodFin>
               </clos:linkedDossier>
               <!--0 to 99 repetitions:-->
               <clos:attachment>
                  <com:fileName>cirb</com:fileName>
                  <com:data>    1234   </com:data>
               </clos:attachment>
            </clos:closedDossier>
         </v1:request>
      </v1:closedDossierRequest>
   </soapenv:Body>
</soapenv:Envelope>]]></con:request><con:credentials><con:selectedAuthProfile>Basic</con:selectedAuthProfile><con:addedBasicAuthenticationTypes>Basic</con:addedBasicAuthenticationTypes><con:authType>Global HTTP Settings</con:authType></con:credentials><con:jmsConfig JMSDeliveryMode="PERSISTENT"/><con:jmsPropertyConfig/><con:wsaConfig mustUnderstand="NONE" version="200508" action="http://fidus.brussels/services/exportfromregondesservice/closedDossier"/><con:wsrmConfig version="1.2"/></con:call><con:call id="dc60e283-719d-4d9a-9a81-9a8732b9cc62" name="2 - Dev - Request - Success" outgoingWss="Outflow DEV" incomingWss="Inflow DEV"><con:settings><con:setting id="com.eviware.soapui.impl.wsdl.WsdlRequest@request-headers">&lt;xml-fragment/></con:setting></con:settings><con:encoding>UTF-8</con:encoding><con:endpoint>https://192.168.36.61:8243/services/ExportFromRegondesService_v1.0</con:endpoint><con:request><![CDATA[<soapenv:Envelope xmlns:soapenv="http://schemas.xmlsoap.org/soap/envelope/" xmlns:v1="http://fidus.brussels/service/exportfromregondesservice/messages/v1" xmlns:v11="http://fidus.brussels/type/common/messages/v1" xmlns:clos="http://www.minfin.fgov.be/regondes2/extern/taxservice/exports/closedDossiers" xmlns:com="http://www.minfin.fgov.be/regondes2/extern/taxservice/common">
   <soapenv:Header/>
   <soapenv:Body>
      <v1:closedDossierRequest>
         <v1:messageContext>
            <v11:messageId>${=import static java.util.UUID.randomUUID; uuid = randomUUID() as String}</v11:messageId>
            <v11:timestamp>${=new java.text.SimpleDateFormat("yyyy-MM-dd'T'HH:mm:ss.SSS").format(new Date())}</v11:timestamp>
         </v1:messageContext>
         <v1:legalContext>ServiceIntegrator</v1:legalContext>
         <v1:request>
            <clos:closedDossier> 
               <clos:referenceFodFin>11223344</clos:referenceFodFin>
               <clos:fiscalYear>2017</clos:fiscalYear>
               <clos:initialService>
                  <com:technicalReference>technicalReference</com:technicalReference>
                  <com:type>AAF</com:type>
                  <clos:reference>reference</clos:reference>
               </clos:initialService>
               <clos:patrimonyInformation>
                  <clos:typeDossier>AA</clos:typeDossier>
                  <clos:patrimonyFrom>${=new java.text.SimpleDateFormat("yyyy-MM-dd").format(new Date())}</clos:patrimonyFrom>
                  <clos:patrimonyRef>1</clos:patrimonyRef>
                  <clos:cadastralDivisionCode>YYY</clos:cadastralDivisionCode>
                  <clos:articleNumber>51</clos:articleNumber>
               </clos:patrimonyInformation>
               <clos:report>
                  <clos:type>S</clos:type>
                  <clos:subtype>subtype</clos:subtype>
                  <clos:kind>INITIAL</clos:kind>
                  <clos:cadastralIncome>
                     <com:codeCadastralIncome>a</com:codeCadastralIncome>
                     <com:definitiveCadastralIncome>12</com:definitiveCadastralIncome>
                     <com:dateDefinitive>${=new java.text.SimpleDateFormat("yyyy-MM-dd").format(new Date())}</com:dateDefinitive>
                     <com:reasonDefinitive>my reason</com:reasonDefinitive>
                  </clos:cadastralIncome>
                  <clos:date>${=new java.text.SimpleDateFormat("yyyy-MM-dd").format(new Date())}</clos:date>
                  <clos:motivation>No motivation</clos:motivation>
                  <!--0 to 99 repetitions:-->
                  <clos:newState>
                     <!--1 to 999 repetitions:-->
                     <clos:parcel>
                        <clos:parcelNumber>
                           <clos:section>55254</clos:section>
                           <clos:groundNumber>9555</clos:groundNumber>
                           <clos:bisNumber>2525</clos:bisNumber>
                           <clos:exponent>1414</clos:exponent>
                           <clos:power>me</clos:power>
                           <clos:part>4</clos:part>
                        </clos:parcelNumber>
                        <clos:situation>invalid</clos:situation>
                        <clos:kind>no</clos:kind>
                        <clos:details>test</clos:details>
                        <!--You have a CHOICE of the next 2 items at this level-->
                        <clos:articleNumber>1141</clos:articleNumber>
                        <clos:sequenceNumber>3215</clos:sequenceNumber>
                        <!--0 to 99 repetitions:-->
                        <clos:cadastralInformation>
                           <clos:codeCadastralIncome>12</clos:codeCadastralIncome>
                           <clos:cadastralIncome>12</clos:cadastralIncome>
                           <clos:cadastralIncomePart>42</clos:cadastralIncomePart>
                           <clos:exemption>52</clos:exemption>
                           <clos:daysUnfruitful>5</clos:daysUnfruitful>
                        </clos:cadastralInformation>
                     </clos:parcel>
                     <!--1 to 999 repetitions:-->
                     <clos:owner>
                        <!--You have a CHOICE of the next 2 items at this level-->
                        <clos:person>
                           <!--You have a CHOICE of the next 3 items at this level-->
                           <clos:socialSecurityNumber>125</clos:socialSecurityNumber>
                           <clos:lastname>baptiste</clos:lastname>
                        </clos:person>
                        <clos:rights>Admin</clos:rights>
                        <clos:ownerType>LEGAL_PERSON</clos:ownerType>
                     </clos:owner>
                  </clos:newState>
               </clos:report>
               <!--0 to 99 repetitions:-->
               <clos:linkedDossier>
                  <clos:referenceInitialService>referenceInitialService</clos:referenceInitialService>
                  <clos:referenceFodFin>15</clos:referenceFodFin>
               </clos:linkedDossier>
               <!--0 to 99 repetitions:-->
               <clos:attachment>
                  <com:fileName>cirb</com:fileName>
                  <com:data>    1234   </com:data>
               </clos:attachment>
            </clos:closedDossier>
         </v1:request>
      </v1:closedDossierRequest>
   </soapenv:Body>
</soapenv:Envelope>]]></con:request><con:credentials><con:selectedAuthProfile>Basic</con:selectedAuthProfile><con:addedBasicAuthenticationTypes>Basic</con:addedBasicAuthenticationTypes><con:authType>Global HTTP Settings</con:authType></con:credentials><con:jmsConfig JMSDeliveryMode="PERSISTENT"/><con:jmsPropertyConfig/><con:wsaConfig mustUnderstand="NONE" version="200508" action="http://fidus.brussels/services/exportfromregondesservice/closedDossier"/><con:wsrmConfig version="1.2"/></con:call><con:call id="91913852-6173-400c-a071-565eba830524" name="2 - Dev - Request - Error" outgoingWss="Outflow DEV" incomingWss="Inflow DEV"><con:settings><con:setting id="com.eviware.soapui.impl.wsdl.WsdlRequest@request-headers">&lt;xml-fragment/></con:setting></con:settings><con:encoding>UTF-8</con:encoding><con:endpoint>https://192.168.36.61:8243/services/ExportFromRegondesService_v1.0</con:endpoint><con:request><![CDATA[<soapenv:Envelope xmlns:soapenv="http://schemas.xmlsoap.org/soap/envelope/" xmlns:v1="http://fidus.brussels/service/exportfromregondesservice/messages/v1" xmlns:v11="http://fidus.brussels/type/common/messages/v1" xmlns:clos="http://www.minfin.fgov.be/regondes2/extern/taxservice/exports/closedDossiers" xmlns:com="http://www.minfin.fgov.be/regondes2/extern/taxservice/common">
   <soapenv:Header/>
   <soapenv:Body>
      <v1:closedDossierRequest>
         <v1:messageContext>
            <v11:messageId>${=import static java.util.UUID.randomUUID; uuid = randomUUID() as String}</v11:messageId>
            <v11:timestamp>${=new java.text.SimpleDateFormat("yyyy-MM-dd'T'HH:mm:ss.SSS").format(new Date())}</v11:timestamp>
         </v1:messageContext>
         <v1:legalContext>ServiceIntegrator</v1:legalContext>
         <v1:request>
            <clos:closedDossier>
            	<!-- <clos:referenceFodFin>11223347</clos:referenceFodFin> --> <!-- Technical reference not found -->
               <!-- <clos:referenceFodFin>11223346</clos:referenceFodFin> --> <!-- Reference not found -->  
               <clos:referenceFodFin>11223345</clos:referenceFodFin> <!-- Requested dossier is already close -->
               <clos:fiscalYear>2017</clos:fiscalYear>
               <clos:initialService>
                  <com:technicalReference>technicalReference</com:technicalReference>
                  <com:type>AAF</com:type>
                  <clos:reference>reference</clos:reference>
               </clos:initialService>
               <clos:patrimonyInformation>
                  <clos:typeDossier>AA</clos:typeDossier>
                  <clos:patrimonyFrom>${=new java.text.SimpleDateFormat("yyyy-MM-dd").format(new Date())}</clos:patrimonyFrom>
                  <clos:patrimonyRef>1</clos:patrimonyRef>
                  <clos:cadastralDivisionCode>YYY</clos:cadastralDivisionCode>
                  <clos:articleNumber>51</clos:articleNumber>
               </clos:patrimonyInformation>
               <clos:report>
                  <clos:type>S</clos:type>
                  <clos:subtype>subtype</clos:subtype>
                  <clos:kind>INITIAL</clos:kind>
                  <clos:cadastralIncome>
                     <com:codeCadastralIncome>a</com:codeCadastralIncome>
                     <com:definitiveCadastralIncome>12</com:definitiveCadastralIncome>
                     <com:dateDefinitive>${=new java.text.SimpleDateFormat("yyyy-MM-dd").format(new Date())}</com:dateDefinitive>
                     <com:reasonDefinitive>my reason</com:reasonDefinitive>
                  </clos:cadastralIncome>
                  <clos:date>${=new java.text.SimpleDateFormat("yyyy-MM-dd").format(new Date())}</clos:date>
                  <clos:motivation>No motivation</clos:motivation>
                  <!--0 to 99 repetitions:-->
                  <clos:newState>
                     <!--1 to 999 repetitions:-->
                     <clos:parcel>
                        <clos:parcelNumber>
                           <clos:section>55254</clos:section>
                           <clos:groundNumber>9555</clos:groundNumber>
                           <clos:bisNumber>2525</clos:bisNumber>
                           <clos:exponent>1414</clos:exponent>
                           <clos:power>me</clos:power>
                           <clos:part>4</clos:part>
                        </clos:parcelNumber>
                        <clos:situation>invalid</clos:situation>
                        <clos:kind>no</clos:kind>
                        <clos:details>test</clos:details>
                        <!--You have a CHOICE of the next 2 items at this level-->
                        <clos:articleNumber>1141</clos:articleNumber>
                        <clos:sequenceNumber>3215</clos:sequenceNumber>
                        <!--0 to 99 repetitions:-->
                        <clos:cadastralInformation>
                           <clos:codeCadastralIncome>12</clos:codeCadastralIncome>
                           <clos:cadastralIncome>12</clos:cadastralIncome>
                           <clos:cadastralIncomePart>42</clos:cadastralIncomePart>
                           <clos:exemption>52</clos:exemption>
                           <clos:daysUnfruitful>5</clos:daysUnfruitful>
                        </clos:cadastralInformation>
                     </clos:parcel>
                     <!--1 to 999 repetitions:-->
                     <clos:owner>
                        <!--You have a CHOICE of the next 2 items at this level-->
                        <clos:person>
                           <!--You have a CHOICE of the next 3 items at this level-->
                           <clos:socialSecurityNumber>125</clos:socialSecurityNumber>
                           <clos:lastname>baptiste</clos:lastname>
                        </clos:person>
                        <clos:rights>Admin</clos:rights>
                        <clos:ownerType>LEGAL_PERSON</clos:ownerType>
                     </clos:owner>
                  </clos:newState>
               </clos:report>
               <!--0 to 99 repetitions:-->
               <clos:linkedDossier>
                  <clos:referenceInitialService>referenceInitialService</clos:referenceInitialService>
                  <clos:referenceFodFin>15</clos:referenceFodFin>
               </clos:linkedDossier>
               <!--0 to 99 repetitions:-->
               <clos:attachment>
                  <com:fileName>cirb</com:fileName>
                  <com:data>    1234   </com:data>
               </clos:attachment>
            </clos:closedDossier>
         </v1:request>
      </v1:closedDossierRequest>
   </soapenv:Body>
</soapenv:Envelope>]]></con:request><con:credentials><con:selectedAuthProfile>Basic</con:selectedAuthProfile><con:addedBasicAuthenticationTypes>Basic</con:addedBasicAuthenticationTypes><con:authType>Global HTTP Settings</con:authType></con:credentials><con:jmsConfig JMSDeliveryMode="PERSISTENT"/><con:jmsPropertyConfig/><con:wsaConfig mustUnderstand="NONE" version="200508" action="http://fidus.brussels/services/exportfromregondesservice/closedDossier"/><con:wsrmConfig version="1.2"/></con:call><con:call id="7b8f34a3-98a9-4550-bb5f-4933b7af72c4" name="3 - Test - LB - Request" outgoingWss="Outflow TEST" incomingWss="Inflow TEST"><con:settings><con:setting id="com.eviware.soapui.impl.wsdl.WsdlRequest@request-headers">&lt;xml-fragment/></con:setting></con:settings><con:encoding>UTF-8</con:encoding><con:endpoint>https://esb-security-gw.sta.srv.cirb.lan:8443/services/ExportFromRegondesService_v1.0</con:endpoint><con:request><![CDATA[<soapenv:Envelope xmlns:soapenv="http://schemas.xmlsoap.org/soap/envelope/" xmlns:v1="http://fidus.brussels/service/exportfromregondesservice/messages/v1" xmlns:v11="http://fidus.brussels/type/common/messages/v1" xmlns:clos="http://www.minfin.fgov.be/regondes2/extern/taxservice/exports/closedDossiers" xmlns:com="http://www.minfin.fgov.be/regondes2/extern/taxservice/common">
   <soapenv:Header/>
   <soapenv:Body>
      <v1:closedDossierRequest>
         <v1:messageContext>
            <v11:messageId>${=import static java.util.UUID.randomUUID; uuid = randomUUID() as String}</v11:messageId>
            <v11:timestamp>${=new java.text.SimpleDateFormat("yyyy-MM-dd'T'HH:mm:ss.SSS").format(new Date())}</v11:timestamp>
         </v1:messageContext>
         <v1:legalContext>ServiceIntegrator</v1:legalContext>
         <v1:request>
            <clos:closedDossier> 
               <clos:referenceFodFin>11223344</clos:referenceFodFin>
               <clos:fiscalYear>2017</clos:fiscalYear>
               <clos:initialService>
                  <com:technicalReference>technicalReference</com:technicalReference>
                  <com:type>AAF</com:type>
                  <clos:reference>reference</clos:reference>
               </clos:initialService>
               <clos:patrimonyInformation>
                  <clos:typeDossier>AA</clos:typeDossier>
                  <clos:patrimonyFrom>${=new java.text.SimpleDateFormat("yyyy-MM-dd").format(new Date())}</clos:patrimonyFrom>
                  <clos:patrimonyRef>1</clos:patrimonyRef>
                  <clos:cadastralDivisionCode>YYY</clos:cadastralDivisionCode>
                  <clos:articleNumber>51</clos:articleNumber>
               </clos:patrimonyInformation>
               <clos:report>
                  <clos:type>S</clos:type>
                  <clos:subtype>subtype</clos:subtype>
                  <clos:kind>INITIAL</clos:kind>
                  <clos:cadastralIncome>
                     <com:codeCadastralIncome>a</com:codeCadastralIncome>
                     <com:definitiveCadastralIncome>12</com:definitiveCadastralIncome>
                     <com:dateDefinitive>${=new java.text.SimpleDateFormat("yyyy-MM-dd").format(new Date())}</com:dateDefinitive>
                     <com:reasonDefinitive>my reason</com:reasonDefinitive>
                  </clos:cadastralIncome>
                  <clos:date>${=new java.text.SimpleDateFormat("yyyy-MM-dd").format(new Date())}</clos:date>
                  <clos:motivation>No motivation</clos:motivation>
                  <!--0 to 99 repetitions:-->
                  <clos:newState>
                     <!--1 to 999 repetitions:-->
                     <clos:parcel>
                        <clos:parcelNumber>
                           <clos:section>55254</clos:section>
                           <clos:groundNumber>9555</clos:groundNumber>
                           <clos:bisNumber>2525</clos:bisNumber>
                           <clos:exponent>1414</clos:exponent>
                           <clos:power>me</clos:power>
                           <clos:part>4</clos:part>
                        </clos:parcelNumber>
                        <clos:situation>invalid</clos:situation>
                        <clos:kind>no</clos:kind>
                        <clos:details>test</clos:details>
                        <!--You have a CHOICE of the next 2 items at this level-->
                        <clos:articleNumber>1141</clos:articleNumber>
                        <clos:sequenceNumber>3215</clos:sequenceNumber>
                        <!--0 to 99 repetitions:-->
                        <clos:cadastralInformation>
                           <clos:codeCadastralIncome>12</clos:codeCadastralIncome>
                           <clos:cadastralIncome>12</clos:cadastralIncome>
                           <clos:cadastralIncomePart>42</clos:cadastralIncomePart>
                           <clos:exemption>52</clos:exemption>
                           <clos:daysUnfruitful>5</clos:daysUnfruitful>
                        </clos:cadastralInformation>
                     </clos:parcel>
                     <!--1 to 999 repetitions:-->
                     <clos:owner>
                        <!--You have a CHOICE of the next 2 items at this level-->
                        <clos:person>
                           <!--You have a CHOICE of the next 3 items at this level-->
                           <clos:socialSecurityNumber>125</clos:socialSecurityNumber>
                           <clos:lastname>baptiste</clos:lastname>
                        </clos:person>
                        <clos:rights>Admin</clos:rights>
                        <clos:ownerType>LEGAL_PERSON</clos:ownerType>
                     </clos:owner>
                  </clos:newState>
               </clos:report>
               <!--0 to 99 repetitions:-->
               <clos:linkedDossier>
                  <clos:referenceInitialService>referenceInitialService</clos:referenceInitialService>
                  <clos:referenceFodFin>15</clos:referenceFodFin>
               </clos:linkedDossier>
               <!--0 to 99 repetitions:-->
               <clos:attachment>
                  <com:fileName>cirb</com:fileName>
                  <com:data>    1234   </com:data>
               </clos:attachment>
            </clos:closedDossier>
         </v1:request>
      </v1:closedDossierRequest>
   </soapenv:Body>
</soapenv:Envelope>]]></con:request><con:credentials><con:selectedAuthProfile>Basic</con:selectedAuthProfile><con:addedBasicAuthenticationTypes>Basic</con:addedBasicAuthenticationTypes><con:authType>Global HTTP Settings</con:authType></con:credentials><con:jmsConfig JMSDeliveryMode="PERSISTENT"/><con:jmsPropertyConfig/><con:wsaConfig mustUnderstand="NONE" version="200508" action="http://fidus.brussels/services/exportfromregondesservice/closedDossier"/><con:wsrmConfig version="1.2"/></con:call><con:call id="cb38ec83-1105-41ae-9ce1-c8ca5a40b99c" name="3 - Test - Worker1 - Request" incomingWss="Inflow TEST" outgoingWss="Outflow TEST"><con:settings><con:setting id="com.eviware.soapui.impl.wsdl.WsdlRequest@request-headers">&lt;xml-fragment/></con:setting></con:settings><con:encoding>UTF-8</con:encoding><con:endpoint>https://192.168.22.53:8443/services/ExportFromRegondesService_v1.0</con:endpoint><con:request><![CDATA[<soapenv:Envelope xmlns:soapenv="http://schemas.xmlsoap.org/soap/envelope/" xmlns:v1="http://fidus.brussels/service/exportfromregondesservice/messages/v1" xmlns:v11="http://fidus.brussels/type/common/messages/v1" xmlns:clos="http://www.minfin.fgov.be/regondes2/extern/taxservice/exports/closedDossiers" xmlns:com="http://www.minfin.fgov.be/regondes2/extern/taxservice/common">
   <soapenv:Header/>
   <soapenv:Body>
      <v1:closedDossierRequest>
         <v1:messageContext>
            <v11:messageId>${=import static java.util.UUID.randomUUID; uuid = randomUUID() as String}</v11:messageId>
            <v11:timestamp>${=new java.text.SimpleDateFormat("yyyy-MM-dd'T'HH:mm:ss.SSS").format(new Date())}</v11:timestamp>
         </v1:messageContext>
         <v1:legalContext>ServiceIntegrator</v1:legalContext>
         <v1:request>
            <clos:closedDossier> 
               <clos:referenceFodFin>11223344</clos:referenceFodFin>
               <clos:fiscalYear>2017</clos:fiscalYear>
               <clos:initialService>
                  <com:technicalReference>technicalReference</com:technicalReference>
                  <com:type>AAF</com:type>
                  <clos:reference>reference</clos:reference>
               </clos:initialService>
               <clos:patrimonyInformation>
                  <clos:typeDossier>AA</clos:typeDossier>
                  <clos:patrimonyFrom>${=new java.text.SimpleDateFormat("yyyy-MM-dd").format(new Date())}</clos:patrimonyFrom>
                  <clos:patrimonyRef>1</clos:patrimonyRef>
                  <clos:cadastralDivisionCode>YYY</clos:cadastralDivisionCode>
                  <clos:articleNumber>51</clos:articleNumber>
               </clos:patrimonyInformation>
               <clos:report>
                  <clos:type>S</clos:type>
                  <clos:subtype>subtype</clos:subtype>
                  <clos:kind>INITIAL</clos:kind>
                  <clos:cadastralIncome>
                     <com:codeCadastralIncome>a</com:codeCadastralIncome>
                     <com:definitiveCadastralIncome>12</com:definitiveCadastralIncome>
                     <com:dateDefinitive>${=new java.text.SimpleDateFormat("yyyy-MM-dd").format(new Date())}</com:dateDefinitive>
                     <com:reasonDefinitive>my reason</com:reasonDefinitive>
                  </clos:cadastralIncome>
                  <clos:date>${=new java.text.SimpleDateFormat("yyyy-MM-dd").format(new Date())}</clos:date>
                  <clos:motivation>No motivation</clos:motivation>
                  <!--0 to 99 repetitions:-->
                  <clos:newState>
                     <!--1 to 999 repetitions:-->
                     <clos:parcel>
                        <clos:parcelNumber>
                           <clos:section>55254</clos:section>
                           <clos:groundNumber>9555</clos:groundNumber>
                           <clos:bisNumber>2525</clos:bisNumber>
                           <clos:exponent>1414</clos:exponent>
                           <clos:power>me</clos:power>
                           <clos:part>4</clos:part>
                        </clos:parcelNumber>
                        <clos:situation>invalid</clos:situation>
                        <clos:kind>no</clos:kind>
                        <clos:details>test</clos:details>
                        <!--You have a CHOICE of the next 2 items at this level-->
                        <clos:articleNumber>1141</clos:articleNumber>
                        <clos:sequenceNumber>3215</clos:sequenceNumber>
                        <!--0 to 99 repetitions:-->
                        <clos:cadastralInformation>
                           <clos:codeCadastralIncome>12</clos:codeCadastralIncome>
                           <clos:cadastralIncome>12</clos:cadastralIncome>
                           <clos:cadastralIncomePart>42</clos:cadastralIncomePart>
                           <clos:exemption>52</clos:exemption>
                           <clos:daysUnfruitful>5</clos:daysUnfruitful>
                        </clos:cadastralInformation>
                     </clos:parcel>
                     <!--1 to 999 repetitions:-->
                     <clos:owner>
                        <!--You have a CHOICE of the next 2 items at this level-->
                        <clos:person>
                           <!--You have a CHOICE of the next 3 items at this level-->
                           <clos:socialSecurityNumber>125</clos:socialSecurityNumber>
                           <clos:lastname>baptiste</clos:lastname>
                        </clos:person>
                        <clos:rights>Admin</clos:rights>
                        <clos:ownerType>LEGAL_PERSON</clos:ownerType>
                     </clos:owner>
                  </clos:newState>
               </clos:report>
               <!--0 to 99 repetitions:-->
               <clos:linkedDossier>
                  <clos:referenceInitialService>referenceInitialService</clos:referenceInitialService>
                  <clos:referenceFodFin>15</clos:referenceFodFin>
               </clos:linkedDossier>
               <!--0 to 99 repetitions:-->
               <clos:attachment>
                  <com:fileName>cirb</com:fileName>
                  <com:data>    1234   </com:data>
               </clos:attachment>
            </clos:closedDossier>
         </v1:request>
      </v1:closedDossierRequest>
   </soapenv:Body>
</soapenv:Envelope>]]></con:request><con:credentials><con:selectedAuthProfile>Basic</con:selectedAuthProfile><con:addedBasicAuthenticationTypes>Basic</con:addedBasicAuthenticationTypes><con:authType>Global HTTP Settings</con:authType></con:credentials><con:jmsConfig JMSDeliveryMode="PERSISTENT"/><con:jmsPropertyConfig/><con:wsaConfig mustUnderstand="NONE" version="200508" action="http://fidus.brussels/services/exportfromregondesservice/closedDossier"/><con:wsrmConfig version="1.2"/></con:call><con:call id="e72c2eb4-66c2-4fe1-a837-42484fa88654" name="3 - Test - Worker2 - Request" incomingWss="Inflow TEST" outgoingWss="Outflow TEST"><con:settings><con:setting id="com.eviware.soapui.impl.wsdl.WsdlRequest@request-headers">&lt;xml-fragment/></con:setting></con:settings><con:encoding>UTF-8</con:encoding><con:endpoint>https://192.168.22.54:8443/services/ExportFromRegondesService_v1.0</con:endpoint><con:request><![CDATA[<soapenv:Envelope xmlns:soapenv="http://schemas.xmlsoap.org/soap/envelope/" xmlns:v1="http://fidus.brussels/service/exportfromregondesservice/messages/v1" xmlns:v11="http://fidus.brussels/type/common/messages/v1" xmlns:clos="http://www.minfin.fgov.be/regondes2/extern/taxservice/exports/closedDossiers" xmlns:com="http://www.minfin.fgov.be/regondes2/extern/taxservice/common">
   <soapenv:Header/>
   <soapenv:Body>
      <v1:closedDossierRequest>
         <v1:messageContext>
            <v11:messageId>${=import static java.util.UUID.randomUUID; uuid = randomUUID() as String}</v11:messageId>
            <v11:timestamp>${=new java.text.SimpleDateFormat("yyyy-MM-dd'T'HH:mm:ss.SSS").format(new Date())}</v11:timestamp>
         </v1:messageContext>
         <v1:legalContext>ServiceIntegrator</v1:legalContext>
         <v1:request>
            <clos:closedDossier> 
               <clos:referenceFodFin>11223344</clos:referenceFodFin>
               <clos:fiscalYear>2017</clos:fiscalYear>
               <clos:initialService>
                  <com:technicalReference>technicalReference</com:technicalReference>
                  <com:type>AAF</com:type>
                  <clos:reference>reference</clos:reference>
               </clos:initialService>
               <clos:patrimonyInformation>
                  <clos:typeDossier>AA</clos:typeDossier>
                  <clos:patrimonyFrom>${=new java.text.SimpleDateFormat("yyyy-MM-dd").format(new Date())}</clos:patrimonyFrom>
                  <clos:patrimonyRef>1</clos:patrimonyRef>
                  <clos:cadastralDivisionCode>YYY</clos:cadastralDivisionCode>
                  <clos:articleNumber>51</clos:articleNumber>
               </clos:patrimonyInformation>
               <clos:report>
                  <clos:type>S</clos:type>
                  <clos:subtype>subtype</clos:subtype>
                  <clos:kind>INITIAL</clos:kind>
                  <clos:cadastralIncome>
                     <com:codeCadastralIncome>a</com:codeCadastralIncome>
                     <com:definitiveCadastralIncome>12</com:definitiveCadastralIncome>
                     <com:dateDefinitive>${=new java.text.SimpleDateFormat("yyyy-MM-dd").format(new Date())}</com:dateDefinitive>
                     <com:reasonDefinitive>my reason</com:reasonDefinitive>
                  </clos:cadastralIncome>
                  <clos:date>${=new java.text.SimpleDateFormat("yyyy-MM-dd").format(new Date())}</clos:date>
                  <clos:motivation>No motivation</clos:motivation>
                  <!--0 to 99 repetitions:-->
                  <clos:newState>
                     <!--1 to 999 repetitions:-->
                     <clos:parcel>
                        <clos:parcelNumber>
                           <clos:section>55254</clos:section>
                           <clos:groundNumber>9555</clos:groundNumber>
                           <clos:bisNumber>2525</clos:bisNumber>
                           <clos:exponent>1414</clos:exponent>
                           <clos:power>me</clos:power>
                           <clos:part>4</clos:part>
                        </clos:parcelNumber>
                        <clos:situation>invalid</clos:situation>
                        <clos:kind>no</clos:kind>
                        <clos:details>test</clos:details>
                        <!--You have a CHOICE of the next 2 items at this level-->
                        <clos:articleNumber>1141</clos:articleNumber>
                        <clos:sequenceNumber>3215</clos:sequenceNumber>
                        <!--0 to 99 repetitions:-->
                        <clos:cadastralInformation>
                           <clos:codeCadastralIncome>12</clos:codeCadastralIncome>
                           <clos:cadastralIncome>12</clos:cadastralIncome>
                           <clos:cadastralIncomePart>42</clos:cadastralIncomePart>
                           <clos:exemption>52</clos:exemption>
                           <clos:daysUnfruitful>5</clos:daysUnfruitful>
                        </clos:cadastralInformation>
                     </clos:parcel>
                     <!--1 to 999 repetitions:-->
                     <clos:owner>
                        <!--You have a CHOICE of the next 2 items at this level-->
                        <clos:person>
                           <!--You have a CHOICE of the next 3 items at this level-->
                           <clos:socialSecurityNumber>125</clos:socialSecurityNumber>
                           <clos:lastname>baptiste</clos:lastname>
                        </clos:person>
                        <clos:rights>Admin</clos:rights>
                        <clos:ownerType>LEGAL_PERSON</clos:ownerType>
                     </clos:owner>
                  </clos:newState>
               </clos:report>
               <!--0 to 99 repetitions:-->
               <clos:linkedDossier>
                  <clos:referenceInitialService>referenceInitialService</clos:referenceInitialService>
                  <clos:referenceFodFin>15</clos:referenceFodFin>
               </clos:linkedDossier>
               <!--0 to 99 repetitions:-->
               <clos:attachment>
                  <com:fileName>cirb</com:fileName>
                  <com:data>    1234   </com:data>
               </clos:attachment>
            </clos:closedDossier>
         </v1:request>
      </v1:closedDossierRequest>
   </soapenv:Body>
</soapenv:Envelope>]]></con:request><con:credentials><con:selectedAuthProfile>Basic</con:selectedAuthProfile><con:addedBasicAuthenticationTypes>Basic</con:addedBasicAuthenticationTypes><con:authType>Global HTTP Settings</con:authType></con:credentials><con:jmsConfig JMSDeliveryMode="PERSISTENT"/><con:jmsPropertyConfig/><con:wsaConfig mustUnderstand="NONE" version="200508" action="http://fidus.brussels/services/exportfromregondesservice/closedDossier"/><con:wsrmConfig version="1.2"/></con:call><con:call id="06e6449f-a086-4cc9-a0a7-6b55d29f0779" name="4 - Staging - LB - Request" incomingWss="Inflow STAGING" outgoingWss="Outflow STAGING"><con:settings><con:setting id="com.eviware.soapui.impl.wsdl.WsdlRequest@request-headers">&lt;xml-fragment/></con:setting></con:settings><con:encoding>UTF-8</con:encoding><con:endpoint>https://fidus-esb-sg.sta.srv.cirb.lan:8443/services/ExportFromRegondesService_v1.0</con:endpoint><con:request><![CDATA[<soapenv:Envelope xmlns:soapenv="http://schemas.xmlsoap.org/soap/envelope/" xmlns:v1="http://fidus.brussels/service/exportfromregondesservice/messages/v1" xmlns:v11="http://fidus.brussels/type/common/messages/v1" xmlns:clos="http://www.minfin.fgov.be/regondes2/extern/taxservice/exports/closedDossiers" xmlns:com="http://www.minfin.fgov.be/regondes2/extern/taxservice/common">
   <soapenv:Header/>
   <soapenv:Body>
      <v1:closedDossierRequest>
         <v1:messageContext>
            <v11:messageId>${=import static java.util.UUID.randomUUID; uuid = randomUUID() as String}</v11:messageId>
            <v11:timestamp>${=new java.text.SimpleDateFormat("yyyy-MM-dd'T'HH:mm:ss.SSS").format(new Date())}</v11:timestamp>
         </v1:messageContext>
         <v1:legalContext>ServiceIntegrator</v1:legalContext>
         <v1:request>
            <clos:closedDossier> 
               <clos:referenceFodFin>11223344</clos:referenceFodFin>
               <clos:fiscalYear>2017</clos:fiscalYear>
               <clos:initialService>
                  <com:technicalReference>technicalReference</com:technicalReference>
                  <com:type>AAF</com:type>
                  <clos:reference>reference</clos:reference>
               </clos:initialService>
               <clos:patrimonyInformation>
                  <clos:typeDossier>AA</clos:typeDossier>
                  <clos:patrimonyFrom>${=new java.text.SimpleDateFormat("yyyy-MM-dd").format(new Date())}</clos:patrimonyFrom>
                  <clos:patrimonyRef>1</clos:patrimonyRef>
                  <clos:cadastralDivisionCode>YYY</clos:cadastralDivisionCode>
                  <clos:articleNumber>51</clos:articleNumber>
               </clos:patrimonyInformation>
               <clos:report>
                  <clos:type>S</clos:type>
                  <clos:subtype>subtype</clos:subtype>
                  <clos:kind>INITIAL</clos:kind>
                  <clos:cadastralIncome>
                     <com:codeCadastralIncome>a</com:codeCadastralIncome>
                     <com:definitiveCadastralIncome>12</com:definitiveCadastralIncome>
                     <com:dateDefinitive>${=new java.text.SimpleDateFormat("yyyy-MM-dd").format(new Date())}</com:dateDefinitive>
                     <com:reasonDefinitive>my reason</com:reasonDefinitive>
                  </clos:cadastralIncome>
                  <clos:date>${=new java.text.SimpleDateFormat("yyyy-MM-dd").format(new Date())}</clos:date>
                  <clos:motivation>No motivation</clos:motivation>
                  <!--0 to 99 repetitions:-->
                  <clos:newState>
                     <!--1 to 999 repetitions:-->
                     <clos:parcel>
                        <clos:parcelNumber>
                           <clos:section>55254</clos:section>
                           <clos:groundNumber>9555</clos:groundNumber>
                           <clos:bisNumber>2525</clos:bisNumber>
                           <clos:exponent>1414</clos:exponent>
                           <clos:power>me</clos:power>
                           <clos:part>4</clos:part>
                        </clos:parcelNumber>
                        <clos:situation>invalid</clos:situation>
                        <clos:kind>no</clos:kind>
                        <clos:details>test</clos:details>
                        <!--You have a CHOICE of the next 2 items at this level-->
                        <clos:articleNumber>1141</clos:articleNumber>
                        <clos:sequenceNumber>3215</clos:sequenceNumber>
                        <!--0 to 99 repetitions:-->
                        <clos:cadastralInformation>
                           <clos:codeCadastralIncome>12</clos:codeCadastralIncome>
                           <clos:cadastralIncome>12</clos:cadastralIncome>
                           <clos:cadastralIncomePart>42</clos:cadastralIncomePart>
                           <clos:exemption>52</clos:exemption>
                           <clos:daysUnfruitful>5</clos:daysUnfruitful>
                        </clos:cadastralInformation>
                     </clos:parcel>
                     <!--1 to 999 repetitions:-->
                     <clos:owner>
                        <!--You have a CHOICE of the next 2 items at this level-->
                        <clos:person>
                           <!--You have a CHOICE of the next 3 items at this level-->
                           <clos:socialSecurityNumber>125</clos:socialSecurityNumber>
                           <clos:lastname>baptiste</clos:lastname>
                        </clos:person>
                        <clos:rights>Admin</clos:rights>
                        <clos:ownerType>LEGAL_PERSON</clos:ownerType>
                     </clos:owner>
                  </clos:newState>
               </clos:report>
               <!--0 to 99 repetitions:-->
               <clos:linkedDossier>
                  <clos:referenceInitialService>referenceInitialService</clos:referenceInitialService>
                  <clos:referenceFodFin>15</clos:referenceFodFin>
               </clos:linkedDossier>
               <!--0 to 99 repetitions:-->
               <clos:attachment>
                  <com:fileName>cirb</com:fileName>
                  <com:data>    1234   </com:data>
               </clos:attachment>
            </clos:closedDossier>
         </v1:request>
      </v1:closedDossierRequest>
   </soapenv:Body>
</soapenv:Envelope>]]></con:request><con:credentials><con:selectedAuthProfile>Basic</con:selectedAuthProfile><con:addedBasicAuthenticationTypes>Basic</con:addedBasicAuthenticationTypes><con:authType>Global HTTP Settings</con:authType></con:credentials><con:jmsConfig JMSDeliveryMode="PERSISTENT"/><con:jmsPropertyConfig/><con:wsaConfig mustUnderstand="NONE" version="200508" action="http://fidus.brussels/services/exportfromregondesservice/closedDossier"/><con:wsrmConfig version="1.2"/></con:call><con:call id="7905fe7a-59be-48de-ac4d-4014b10e01c5" name="4 - Staging - Worker1 - Request" incomingWss="Inflow STAGING" outgoingWss="Outflow STAGING"><con:settings><con:setting id="com.eviware.soapui.impl.wsdl.WsdlRequest@request-headers">&lt;xml-fragment/></con:setting></con:settings><con:encoding>UTF-8</con:encoding><con:endpoint>https://192.168.24.16:8443/services/ExportFromRegondesService_v1.0</con:endpoint><con:request><![CDATA[<soapenv:Envelope xmlns:soapenv="http://schemas.xmlsoap.org/soap/envelope/" xmlns:v1="http://fidus.brussels/service/exportfromregondesservice/messages/v1" xmlns:v11="http://fidus.brussels/type/common/messages/v1" xmlns:clos="http://www.minfin.fgov.be/regondes2/extern/taxservice/exports/closedDossiers" xmlns:com="http://www.minfin.fgov.be/regondes2/extern/taxservice/common">
   <soapenv:Header/>
   <soapenv:Body>
      <v1:closedDossierRequest>
         <v1:messageContext>
            <v11:messageId>${=import static java.util.UUID.randomUUID; uuid = randomUUID() as String}</v11:messageId>
            <v11:timestamp>${=new java.text.SimpleDateFormat("yyyy-MM-dd'T'HH:mm:ss.SSS").format(new Date())}</v11:timestamp>
         </v1:messageContext>
         <v1:legalContext>ServiceIntegrator</v1:legalContext>
         <v1:request>
            <clos:closedDossier> 
               <clos:referenceFodFin>11223344</clos:referenceFodFin>
               <clos:fiscalYear>2017</clos:fiscalYear>
               <clos:initialService>
                  <com:technicalReference>technicalReference</com:technicalReference>
                  <com:type>AAF</com:type>
                  <clos:reference>reference</clos:reference>
               </clos:initialService>
               <clos:patrimonyInformation>
                  <clos:typeDossier>AA</clos:typeDossier>
                  <clos:patrimonyFrom>${=new java.text.SimpleDateFormat("yyyy-MM-dd").format(new Date())}</clos:patrimonyFrom>
                  <clos:patrimonyRef>1</clos:patrimonyRef>
                  <clos:cadastralDivisionCode>YYY</clos:cadastralDivisionCode>
                  <clos:articleNumber>51</clos:articleNumber>
               </clos:patrimonyInformation>
               <clos:report>
                  <clos:type>S</clos:type>
                  <clos:subtype>subtype</clos:subtype>
                  <clos:kind>INITIAL</clos:kind>
                  <clos:cadastralIncome>
                     <com:codeCadastralIncome>a</com:codeCadastralIncome>
                     <com:definitiveCadastralIncome>12</com:definitiveCadastralIncome>
                     <com:dateDefinitive>${=new java.text.SimpleDateFormat("yyyy-MM-dd").format(new Date())}</com:dateDefinitive>
                     <com:reasonDefinitive>my reason</com:reasonDefinitive>
                  </clos:cadastralIncome>
                  <clos:date>${=new java.text.SimpleDateFormat("yyyy-MM-dd").format(new Date())}</clos:date>
                  <clos:motivation>No motivation</clos:motivation>
                  <!--0 to 99 repetitions:-->
                  <clos:newState>
                     <!--1 to 999 repetitions:-->
                     <clos:parcel>
                        <clos:parcelNumber>
                           <clos:section>55254</clos:section>
                           <clos:groundNumber>9555</clos:groundNumber>
                           <clos:bisNumber>2525</clos:bisNumber>
                           <clos:exponent>1414</clos:exponent>
                           <clos:power>me</clos:power>
                           <clos:part>4</clos:part>
                        </clos:parcelNumber>
                        <clos:situation>invalid</clos:situation>
                        <clos:kind>no</clos:kind>
                        <clos:details>test</clos:details>
                        <!--You have a CHOICE of the next 2 items at this level-->
                        <clos:articleNumber>1141</clos:articleNumber>
                        <clos:sequenceNumber>3215</clos:sequenceNumber>
                        <!--0 to 99 repetitions:-->
                        <clos:cadastralInformation>
                           <clos:codeCadastralIncome>12</clos:codeCadastralIncome>
                           <clos:cadastralIncome>12</clos:cadastralIncome>
                           <clos:cadastralIncomePart>42</clos:cadastralIncomePart>
                           <clos:exemption>52</clos:exemption>
                           <clos:daysUnfruitful>5</clos:daysUnfruitful>
                        </clos:cadastralInformation>
                     </clos:parcel>
                     <!--1 to 999 repetitions:-->
                     <clos:owner>
                        <!--You have a CHOICE of the next 2 items at this level-->
                        <clos:person>
                           <!--You have a CHOICE of the next 3 items at this level-->
                           <clos:socialSecurityNumber>125</clos:socialSecurityNumber>
                           <clos:lastname>baptiste</clos:lastname>
                        </clos:person>
                        <clos:rights>Admin</clos:rights>
                        <clos:ownerType>LEGAL_PERSON</clos:ownerType>
                     </clos:owner>
                  </clos:newState>
               </clos:report>
               <!--0 to 99 repetitions:-->
               <clos:linkedDossier>
                  <clos:referenceInitialService>referenceInitialService</clos:referenceInitialService>
                  <clos:referenceFodFin>15</clos:referenceFodFin>
               </clos:linkedDossier>
               <!--0 to 99 repetitions:-->
               <clos:attachment>
                  <com:fileName>cirb</com:fileName>
                  <com:data>    1234   </com:data>
               </clos:attachment>
            </clos:closedDossier>
         </v1:request>
      </v1:closedDossierRequest>
   </soapenv:Body>
</soapenv:Envelope>]]></con:request><con:credentials><con:selectedAuthProfile>Basic</con:selectedAuthProfile><con:addedBasicAuthenticationTypes>Basic</con:addedBasicAuthenticationTypes><con:authType>Global HTTP Settings</con:authType></con:credentials><con:jmsConfig JMSDeliveryMode="PERSISTENT"/><con:jmsPropertyConfig/><con:wsaConfig mustUnderstand="NONE" version="200508" action="http://fidus.brussels/services/exportfromregondesservice/closedDossier"/><con:wsrmConfig version="1.2"/></con:call><con:call id="9f44fdde-bd65-4e30-94d8-1e942d138e81" name="4 - Staging - Worker2 - Request" incomingWss="Inflow STAGING" outgoingWss="Outflow STAGING"><con:settings><con:setting id="com.eviware.soapui.impl.wsdl.WsdlRequest@request-headers">&lt;xml-fragment/></con:setting></con:settings><con:encoding>UTF-8</con:encoding><con:endpoint>https://192.168.24.17:8443/services/ExportFromRegondesService_v1.0</con:endpoint><con:request><![CDATA[<soapenv:Envelope xmlns:soapenv="http://schemas.xmlsoap.org/soap/envelope/" xmlns:v1="http://fidus.brussels/service/exportfromregondesservice/messages/v1" xmlns:v11="http://fidus.brussels/type/common/messages/v1" xmlns:clos="http://www.minfin.fgov.be/regondes2/extern/taxservice/exports/closedDossiers" xmlns:com="http://www.minfin.fgov.be/regondes2/extern/taxservice/common">
   <soapenv:Header/>
   <soapenv:Body>
      <v1:closedDossierRequest>
         <v1:messageContext>
            <v11:messageId>${=import static java.util.UUID.randomUUID; uuid = randomUUID() as String}</v11:messageId>
            <v11:timestamp>${=new java.text.SimpleDateFormat("yyyy-MM-dd'T'HH:mm:ss.SSS").format(new Date())}</v11:timestamp>
         </v1:messageContext>
         <v1:legalContext>ServiceIntegrator</v1:legalContext>
         <v1:request>
            <clos:closedDossier> 
               <clos:referenceFodFin>11223344</clos:referenceFodFin>
               <clos:fiscalYear>2017</clos:fiscalYear>
               <clos:initialService>
                  <com:technicalReference>technicalReference</com:technicalReference>
                  <com:type>AAF</com:type>
                  <clos:reference>reference</clos:reference>
               </clos:initialService>
               <clos:patrimonyInformation>
                  <clos:typeDossier>AA</clos:typeDossier>
                  <clos:patrimonyFrom>${=new java.text.SimpleDateFormat("yyyy-MM-dd").format(new Date())}</clos:patrimonyFrom>
                  <clos:patrimonyRef>1</clos:patrimonyRef>
                  <clos:cadastralDivisionCode>YYY</clos:cadastralDivisionCode>
                  <clos:articleNumber>51</clos:articleNumber>
               </clos:patrimonyInformation>
               <clos:report>
                  <clos:type>S</clos:type>
                  <clos:subtype>subtype</clos:subtype>
                  <clos:kind>INITIAL</clos:kind>
                  <clos:cadastralIncome>
                     <com:codeCadastralIncome>a</com:codeCadastralIncome>
                     <com:definitiveCadastralIncome>12</com:definitiveCadastralIncome>
                     <com:dateDefinitive>${=new java.text.SimpleDateFormat("yyyy-MM-dd").format(new Date())}</com:dateDefinitive>
                     <com:reasonDefinitive>my reason</com:reasonDefinitive>
                  </clos:cadastralIncome>
                  <clos:date>${=new java.text.SimpleDateFormat("yyyy-MM-dd").format(new Date())}</clos:date>
                  <clos:motivation>No motivation</clos:motivation>
                  <!--0 to 99 repetitions:-->
                  <clos:newState>
                     <!--1 to 999 repetitions:-->
                     <clos:parcel>
                        <clos:parcelNumber>
                           <clos:section>55254</clos:section>
                           <clos:groundNumber>9555</clos:groundNumber>
                           <clos:bisNumber>2525</clos:bisNumber>
                           <clos:exponent>1414</clos:exponent>
                           <clos:power>me</clos:power>
                           <clos:part>4</clos:part>
                        </clos:parcelNumber>
                        <clos:situation>invalid</clos:situation>
                        <clos:kind>no</clos:kind>
                        <clos:details>test</clos:details>
                        <!--You have a CHOICE of the next 2 items at this level-->
                        <clos:articleNumber>1141</clos:articleNumber>
                        <clos:sequenceNumber>3215</clos:sequenceNumber>
                        <!--0 to 99 repetitions:-->
                        <clos:cadastralInformation>
                           <clos:codeCadastralIncome>12</clos:codeCadastralIncome>
                           <clos:cadastralIncome>12</clos:cadastralIncome>
                           <clos:cadastralIncomePart>42</clos:cadastralIncomePart>
                           <clos:exemption>52</clos:exemption>
                           <clos:daysUnfruitful>5</clos:daysUnfruitful>
                        </clos:cadastralInformation>
                     </clos:parcel>
                     <!--1 to 999 repetitions:-->
                     <clos:owner>
                        <!--You have a CHOICE of the next 2 items at this level-->
                        <clos:person>
                           <!--You have a CHOICE of the next 3 items at this level-->
                           <clos:socialSecurityNumber>125</clos:socialSecurityNumber>
                           <clos:lastname>baptiste</clos:lastname>
                        </clos:person>
                        <clos:rights>Admin</clos:rights>
                        <clos:ownerType>LEGAL_PERSON</clos:ownerType>
                     </clos:owner>
                  </clos:newState>
               </clos:report>
               <!--0 to 99 repetitions:-->
               <clos:linkedDossier>
                  <clos:referenceInitialService>referenceInitialService</clos:referenceInitialService>
                  <clos:referenceFodFin>15</clos:referenceFodFin>
               </clos:linkedDossier>
               <!--0 to 99 repetitions:-->
               <clos:attachment>
                  <com:fileName>cirb</com:fileName>
                  <com:data>    1234   </com:data>
               </clos:attachment>
            </clos:closedDossier>
         </v1:request>
      </v1:closedDossierRequest>
   </soapenv:Body>
</soapenv:Envelope>]]></con:request><con:credentials><con:selectedAuthProfile>Basic</con:selectedAuthProfile><con:addedBasicAuthenticationTypes>Basic</con:addedBasicAuthenticationTypes><con:authType>Global HTTP Settings</con:authType></con:credentials><con:jmsConfig JMSDeliveryMode="PERSISTENT"/><con:jmsPropertyConfig/><con:wsaConfig mustUnderstand="NONE" version="200508" action="http://fidus.brussels/services/exportfromregondesservice/closedDossier"/><con:wsrmConfig version="1.2"/></con:call><con:call id="e9ffe897-3422-4fee-9af3-4e37ab3a541f" name="5 - Prod - LB - Request" incomingWss="Inflow PROD" outgoingWss="Outflow PROD"><con:settings><con:setting id="com.eviware.soapui.impl.wsdl.WsdlRequest@request-headers">&lt;xml-fragment/></con:setting></con:settings><con:encoding>UTF-8</con:encoding><con:endpoint>https://fidus-esb-sg.prd.srv.cirb.lan:8443/services/ExportFromRegondesService_v1.0</con:endpoint><con:request><![CDATA[<soapenv:Envelope xmlns:soapenv="http://schemas.xmlsoap.org/soap/envelope/" xmlns:v1="http://fidus.brussels/service/exportfromregondesservice/messages/v1" xmlns:v11="http://fidus.brussels/type/common/messages/v1" xmlns:clos="http://www.minfin.fgov.be/regondes2/extern/taxservice/exports/closedDossiers" xmlns:com="http://www.minfin.fgov.be/regondes2/extern/taxservice/common">
   <soapenv:Header/>
   <soapenv:Body>
      <v1:closedDossierRequest>
         <v1:messageContext>
            <v11:messageId>${=import static java.util.UUID.randomUUID; uuid = randomUUID() as String}</v11:messageId>
            <v11:timestamp>${=new java.text.SimpleDateFormat("yyyy-MM-dd'T'HH:mm:ss.SSS").format(new Date())}</v11:timestamp>
         </v1:messageContext>
         <v1:legalContext>ServiceIntegrator</v1:legalContext>
         <v1:request>
            <clos:closedDossier> 
               <clos:referenceFodFin>11223344</clos:referenceFodFin>
               <clos:fiscalYear>2017</clos:fiscalYear>
               <clos:initialService>
                  <com:technicalReference>technicalReference</com:technicalReference>
                  <com:type>AAF</com:type>
                  <clos:reference>reference</clos:reference>
               </clos:initialService>
               <clos:patrimonyInformation>
                  <clos:typeDossier>AA</clos:typeDossier>
                  <clos:patrimonyFrom>${=new java.text.SimpleDateFormat("yyyy-MM-dd").format(new Date())}</clos:patrimonyFrom>
                  <clos:patrimonyRef>1</clos:patrimonyRef>
                  <clos:cadastralDivisionCode>YYY</clos:cadastralDivisionCode>
                  <clos:articleNumber>51</clos:articleNumber>
               </clos:patrimonyInformation>
               <clos:report>
                  <clos:type>S</clos:type>
                  <clos:subtype>subtype</clos:subtype>
                  <clos:kind>INITIAL</clos:kind>
                  <clos:cadastralIncome>
                     <com:codeCadastralIncome>a</com:codeCadastralIncome>
                     <com:definitiveCadastralIncome>12</com:definitiveCadastralIncome>
                     <com:dateDefinitive>${=new java.text.SimpleDateFormat("yyyy-MM-dd").format(new Date())}</com:dateDefinitive>
                     <com:reasonDefinitive>my reason</com:reasonDefinitive>
                  </clos:cadastralIncome>
                  <clos:date>${=new java.text.SimpleDateFormat("yyyy-MM-dd").format(new Date())}</clos:date>
                  <clos:motivation>No motivation</clos:motivation>
                  <!--0 to 99 repetitions:-->
                  <clos:newState>
                     <!--1 to 999 repetitions:-->
                     <clos:parcel>
                        <clos:parcelNumber>
                           <clos:section>55254</clos:section>
                           <clos:groundNumber>9555</clos:groundNumber>
                           <clos:bisNumber>2525</clos:bisNumber>
                           <clos:exponent>1414</clos:exponent>
                           <clos:power>me</clos:power>
                           <clos:part>4</clos:part>
                        </clos:parcelNumber>
                        <clos:situation>invalid</clos:situation>
                        <clos:kind>no</clos:kind>
                        <clos:details>test</clos:details>
                        <!--You have a CHOICE of the next 2 items at this level-->
                        <clos:articleNumber>1141</clos:articleNumber>
                        <clos:sequenceNumber>3215</clos:sequenceNumber>
                        <!--0 to 99 repetitions:-->
                        <clos:cadastralInformation>
                           <clos:codeCadastralIncome>12</clos:codeCadastralIncome>
                           <clos:cadastralIncome>12</clos:cadastralIncome>
                           <clos:cadastralIncomePart>42</clos:cadastralIncomePart>
                           <clos:exemption>52</clos:exemption>
                           <clos:daysUnfruitful>5</clos:daysUnfruitful>
                        </clos:cadastralInformation>
                     </clos:parcel>
                     <!--1 to 999 repetitions:-->
                     <clos:owner>
                        <!--You have a CHOICE of the next 2 items at this level-->
                        <clos:person>
                           <!--You have a CHOICE of the next 3 items at this level-->
                           <clos:socialSecurityNumber>125</clos:socialSecurityNumber>
                           <clos:lastname>baptiste</clos:lastname>
                        </clos:person>
                        <clos:rights>Admin</clos:rights>
                        <clos:ownerType>LEGAL_PERSON</clos:ownerType>
                     </clos:owner>
                  </clos:newState>
               </clos:report>
               <!--0 to 99 repetitions:-->
               <clos:linkedDossier>
                  <clos:referenceInitialService>referenceInitialService</clos:referenceInitialService>
                  <clos:referenceFodFin>15</clos:referenceFodFin>
               </clos:linkedDossier>
               <!--0 to 99 repetitions:-->
               <clos:attachment>
                  <com:fileName>cirb</com:fileName>
                  <com:data>    1234   </com:data>
               </clos:attachment>
            </clos:closedDossier>
         </v1:request>
      </v1:closedDossierRequest>
   </soapenv:Body>
</soapenv:Envelope>]]></con:request><con:credentials><con:selectedAuthProfile>Basic</con:selectedAuthProfile><con:addedBasicAuthenticationTypes>Basic</con:addedBasicAuthenticationTypes><con:authType>Global HTTP Settings</con:authType></con:credentials><con:jmsConfig JMSDeliveryMode="PERSISTENT"/><con:jmsPropertyConfig/><con:wsaConfig mustUnderstand="NONE" version="200508" action="http://fidus.brussels/services/exportfromregondesservice/closedDossier"/><con:wsrmConfig version="1.2"/></con:call><con:call id="96fd3ae0-3be4-409e-94d3-bbfcd53cddbc" name="5 - Prod - Worker1 - Request" incomingWss="Inflow PROD" outgoingWss="Outflow PROD"><con:settings><con:setting id="com.eviware.soapui.impl.wsdl.WsdlRequest@request-headers">&lt;xml-fragment/></con:setting></con:settings><con:encoding>UTF-8</con:encoding><con:endpoint>https://192.168.26.22:8443/services/ExportFromRegondesService_v1.0</con:endpoint><con:request><![CDATA[<soapenv:Envelope xmlns:soapenv="http://schemas.xmlsoap.org/soap/envelope/" xmlns:v1="http://fidus.brussels/service/exportfromregondesservice/messages/v1" xmlns:v11="http://fidus.brussels/type/common/messages/v1" xmlns:clos="http://www.minfin.fgov.be/regondes2/extern/taxservice/exports/closedDossiers" xmlns:com="http://www.minfin.fgov.be/regondes2/extern/taxservice/common">
   <soapenv:Header/>
   <soapenv:Body>
      <v1:closedDossierRequest>
         <v1:messageContext>
            <v11:messageId>${=import static java.util.UUID.randomUUID; uuid = randomUUID() as String}</v11:messageId>
            <v11:timestamp>${=new java.text.SimpleDateFormat("yyyy-MM-dd'T'HH:mm:ss.SSS").format(new Date())}</v11:timestamp>
         </v1:messageContext>
         <v1:legalContext>ServiceIntegrator</v1:legalContext>
         <v1:request>
            <clos:closedDossier> 
               <clos:referenceFodFin>11223344</clos:referenceFodFin>
               <clos:fiscalYear>2017</clos:fiscalYear>
               <clos:initialService>
                  <com:technicalReference>technicalReference</com:technicalReference>
                  <com:type>AAF</com:type>
                  <clos:reference>reference</clos:reference>
               </clos:initialService>
               <clos:patrimonyInformation>
                  <clos:typeDossier>AA</clos:typeDossier>
                  <clos:patrimonyFrom>${=new java.text.SimpleDateFormat("yyyy-MM-dd").format(new Date())}</clos:patrimonyFrom>
                  <clos:patrimonyRef>1</clos:patrimonyRef>
                  <clos:cadastralDivisionCode>YYY</clos:cadastralDivisionCode>
                  <clos:articleNumber>51</clos:articleNumber>
               </clos:patrimonyInformation>
               <clos:report>
                  <clos:type>S</clos:type>
                  <clos:subtype>subtype</clos:subtype>
                  <clos:kind>INITIAL</clos:kind>
                  <clos:cadastralIncome>
                     <com:codeCadastralIncome>a</com:codeCadastralIncome>
                     <com:definitiveCadastralIncome>12</com:definitiveCadastralIncome>
                     <com:dateDefinitive>${=new java.text.SimpleDateFormat("yyyy-MM-dd").format(new Date())}</com:dateDefinitive>
                     <com:reasonDefinitive>my reason</com:reasonDefinitive>
                  </clos:cadastralIncome>
                  <clos:date>${=new java.text.SimpleDateFormat("yyyy-MM-dd").format(new Date())}</clos:date>
                  <clos:motivation>No motivation</clos:motivation>
                  <!--0 to 99 repetitions:-->
                  <clos:newState>
                     <!--1 to 999 repetitions:-->
                     <clos:parcel>
                        <clos:parcelNumber>
                           <clos:section>55254</clos:section>
                           <clos:groundNumber>9555</clos:groundNumber>
                           <clos:bisNumber>2525</clos:bisNumber>
                           <clos:exponent>1414</clos:exponent>
                           <clos:power>me</clos:power>
                           <clos:part>4</clos:part>
                        </clos:parcelNumber>
                        <clos:situation>invalid</clos:situation>
                        <clos:kind>no</clos:kind>
                        <clos:details>test</clos:details>
                        <!--You have a CHOICE of the next 2 items at this level-->
                        <clos:articleNumber>1141</clos:articleNumber>
                        <clos:sequenceNumber>3215</clos:sequenceNumber>
                        <!--0 to 99 repetitions:-->
                        <clos:cadastralInformation>
                           <clos:codeCadastralIncome>12</clos:codeCadastralIncome>
                           <clos:cadastralIncome>12</clos:cadastralIncome>
                           <clos:cadastralIncomePart>42</clos:cadastralIncomePart>
                           <clos:exemption>52</clos:exemption>
                           <clos:daysUnfruitful>5</clos:daysUnfruitful>
                        </clos:cadastralInformation>
                     </clos:parcel>
                     <!--1 to 999 repetitions:-->
                     <clos:owner>
                        <!--You have a CHOICE of the next 2 items at this level-->
                        <clos:person>
                           <!--You have a CHOICE of the next 3 items at this level-->
                           <clos:socialSecurityNumber>125</clos:socialSecurityNumber>
                           <clos:lastname>baptiste</clos:lastname>
                        </clos:person>
                        <clos:rights>Admin</clos:rights>
                        <clos:ownerType>LEGAL_PERSON</clos:ownerType>
                     </clos:owner>
                  </clos:newState>
               </clos:report>
               <!--0 to 99 repetitions:-->
               <clos:linkedDossier>
                  <clos:referenceInitialService>referenceInitialService</clos:referenceInitialService>
                  <clos:referenceFodFin>15</clos:referenceFodFin>
               </clos:linkedDossier>
               <!--0 to 99 repetitions:-->
               <clos:attachment>
                  <com:fileName>cirb</com:fileName>
                  <com:data>    1234   </com:data>
               </clos:attachment>
            </clos:closedDossier>
         </v1:request>
      </v1:closedDossierRequest>
   </soapenv:Body>
</soapenv:Envelope>]]></con:request><con:credentials><con:selectedAuthProfile>Basic</con:selectedAuthProfile><con:addedBasicAuthenticationTypes>Basic</con:addedBasicAuthenticationTypes><con:authType>Global HTTP Settings</con:authType></con:credentials><con:jmsConfig JMSDeliveryMode="PERSISTENT"/><con:jmsPropertyConfig/><con:wsaConfig mustUnderstand="NONE" version="200508" action="http://fidus.brussels/services/exportfromregondesservice/closedDossier"/><con:wsrmConfig version="1.2"/></con:call><con:call id="e5392768-eaec-465a-952a-8b615cada3b3" name="5 - Prod - External - Request" incomingWss="Inflow PROD" outgoingWss="Outflow PROD"><con:settings><con:setting id="com.eviware.soapui.impl.wsdl.WsdlRequest@request-headers">&lt;xml-fragment/></con:setting></con:settings><con:encoding>UTF-8</con:encoding><con:endpoint>https://fidus.sec.brussels/services/ExportFromRegondesservice_v1.0</con:endpoint><con:request><![CDATA[<soapenv:Envelope xmlns:soapenv="http://schemas.xmlsoap.org/soap/envelope/" xmlns:v1="http://fidus.brussels/service/exportfromregondesservice/messages/v1" xmlns:v11="http://fidus.brussels/type/common/messages/v1" xmlns:clos="http://www.minfin.fgov.be/regondes2/extern/taxservice/exports/closedDossiers" xmlns:com="http://www.minfin.fgov.be/regondes2/extern/taxservice/common">
   <soapenv:Header/>
   <soapenv:Body>
      <v1:closedDossierRequest>
         <v1:messageContext>
            <v11:messageId>${=import static java.util.UUID.randomUUID; uuid = randomUUID() as String}</v11:messageId>
            <v11:timestamp>${=new java.text.SimpleDateFormat("yyyy-MM-dd'T'HH:mm:ss.SSS").format(new Date())}</v11:timestamp>
         </v1:messageContext>
         <v1:legalContext>ServiceIntegrator</v1:legalContext>
         <v1:request>
            <clos:closedDossier> 
               <clos:referenceFodFin>11223344</clos:referenceFodFin>
               <clos:fiscalYear>2017</clos:fiscalYear>
               <clos:initialService>
                  <com:technicalReference>technicalReference</com:technicalReference>
                  <com:type>AAF</com:type>
                  <clos:reference>reference</clos:reference>
               </clos:initialService>
               <clos:patrimonyInformation>
                  <clos:typeDossier>AA</clos:typeDossier>
                  <clos:patrimonyFrom>${=new java.text.SimpleDateFormat("yyyy-MM-dd").format(new Date())}</clos:patrimonyFrom>
                  <clos:patrimonyRef>1</clos:patrimonyRef>
                  <clos:cadastralDivisionCode>YYY</clos:cadastralDivisionCode>
                  <clos:articleNumber>51</clos:articleNumber>
               </clos:patrimonyInformation>
               <clos:report>
                  <clos:type>S</clos:type>
                  <clos:subtype>subtype</clos:subtype>
                  <clos:kind>INITIAL</clos:kind>
                  <clos:cadastralIncome>
                     <com:codeCadastralIncome>a</com:codeCadastralIncome>
                     <com:definitiveCadastralIncome>12</com:definitiveCadastralIncome>
                     <com:dateDefinitive>${=new java.text.SimpleDateFormat("yyyy-MM-dd").format(new Date())}</com:dateDefinitive>
                     <com:reasonDefinitive>my reason</com:reasonDefinitive>
                  </clos:cadastralIncome>
                  <clos:date>${=new java.text.SimpleDateFormat("yyyy-MM-dd").format(new Date())}</clos:date>
                  <clos:motivation>No motivation</clos:motivation>
                  <!--0 to 99 repetitions:-->
                  <clos:newState>
                     <!--1 to 999 repetitions:-->
                     <clos:parcel>
                        <clos:parcelNumber>
                           <clos:section>55254</clos:section>
                           <clos:groundNumber>9555</clos:groundNumber>
                           <clos:bisNumber>2525</clos:bisNumber>
                           <clos:exponent>1414</clos:exponent>
                           <clos:power>me</clos:power>
                           <clos:part>4</clos:part>
                        </clos:parcelNumber>
                        <clos:situation>invalid</clos:situation>
                        <clos:kind>no</clos:kind>
                        <clos:details>test</clos:details>
                        <!--You have a CHOICE of the next 2 items at this level-->
                        <clos:articleNumber>1141</clos:articleNumber>
                        <clos:sequenceNumber>3215</clos:sequenceNumber>
                        <!--0 to 99 repetitions:-->
                        <clos:cadastralInformation>
                           <clos:codeCadastralIncome>12</clos:codeCadastralIncome>
                           <clos:cadastralIncome>12</clos:cadastralIncome>
                           <clos:cadastralIncomePart>42</clos:cadastralIncomePart>
                           <clos:exemption>52</clos:exemption>
                           <clos:daysUnfruitful>5</clos:daysUnfruitful>
                        </clos:cadastralInformation>
                     </clos:parcel>
                     <!--1 to 999 repetitions:-->
                     <clos:owner>
                        <!--You have a CHOICE of the next 2 items at this level-->
                        <clos:person>
                           <!--You have a CHOICE of the next 3 items at this level-->
                           <clos:socialSecurityNumber>125</clos:socialSecurityNumber>
                           <clos:lastname>baptiste</clos:lastname>
                        </clos:person>
                        <clos:rights>Admin</clos:rights>
                        <clos:ownerType>LEGAL_PERSON</clos:ownerType>
                     </clos:owner>
                  </clos:newState>
               </clos:report>
               <!--0 to 99 repetitions:-->
               <clos:linkedDossier>
                  <clos:referenceInitialService>referenceInitialService</clos:referenceInitialService>
                  <clos:referenceFodFin>15</clos:referenceFodFin>
               </clos:linkedDossier>
               <!--0 to 99 repetitions:-->
               <clos:attachment>
                  <com:fileName>cirb</com:fileName>
                  <com:data>    1234   </com:data>
               </clos:attachment>
            </clos:closedDossier>
         </v1:request>
      </v1:closedDossierRequest>
   </soapenv:Body>
</soapenv:Envelope>]]></con:request><con:credentials><con:selectedAuthProfile>Basic</con:selectedAuthProfile><con:addedBasicAuthenticationTypes>Basic</con:addedBasicAuthenticationTypes><con:authType>Global HTTP Settings</con:authType></con:credentials><con:jmsConfig JMSDeliveryMode="PERSISTENT"/><con:jmsPropertyConfig/><con:wsaConfig mustUnderstand="NONE" version="200508" action="http://fidus.brussels/services/exportfromregondesservice/closedDossier"/><con:wsrmConfig version="1.2"/></con:call><con:call id="189206c3-4bc3-4b83-8a2e-30faa464375b" name="5 - Prod - Worker2 - Request" incomingWss="Inflow PROD" outgoingWss="Outflow PROD"><con:settings><con:setting id="com.eviware.soapui.impl.wsdl.WsdlRequest@request-headers">&lt;xml-fragment/></con:setting></con:settings><con:encoding>UTF-8</con:encoding><con:endpoint>https://192.168.26.19:8443/services/ExportFromRegondesService_v1.0</con:endpoint><con:request><![CDATA[<soapenv:Envelope xmlns:soapenv="http://schemas.xmlsoap.org/soap/envelope/" xmlns:v1="http://fidus.brussels/service/exportfromregondesservice/messages/v1" xmlns:v11="http://fidus.brussels/type/common/messages/v1" xmlns:clos="http://www.minfin.fgov.be/regondes2/extern/taxservice/exports/closedDossiers" xmlns:com="http://www.minfin.fgov.be/regondes2/extern/taxservice/common">
   <soapenv:Header/>
   <soapenv:Body>
      <v1:closedDossierRequest>
         <v1:messageContext>
            <v11:messageId>${=import static java.util.UUID.randomUUID; uuid = randomUUID() as String}</v11:messageId>
            <v11:timestamp>${=new java.text.SimpleDateFormat("yyyy-MM-dd'T'HH:mm:ss.SSS").format(new Date())}</v11:timestamp>
         </v1:messageContext>
         <v1:legalContext>ServiceIntegrator</v1:legalContext>
         <v1:request>
            <clos:closedDossier> 
               <clos:referenceFodFin>11223344</clos:referenceFodFin>
               <clos:fiscalYear>2017</clos:fiscalYear>
               <clos:initialService>
                  <com:technicalReference>technicalReference</com:technicalReference>
                  <com:type>AAF</com:type>
                  <clos:reference>reference</clos:reference>
               </clos:initialService>
               <clos:patrimonyInformation>
                  <clos:typeDossier>AA</clos:typeDossier>
                  <clos:patrimonyFrom>${=new java.text.SimpleDateFormat("yyyy-MM-dd").format(new Date())}</clos:patrimonyFrom>
                  <clos:patrimonyRef>1</clos:patrimonyRef>
                  <clos:cadastralDivisionCode>YYY</clos:cadastralDivisionCode>
                  <clos:articleNumber>51</clos:articleNumber>
               </clos:patrimonyInformation>
               <clos:report>
                  <clos:type>S</clos:type>
                  <clos:subtype>subtype</clos:subtype>
                  <clos:kind>INITIAL</clos:kind>
                  <clos:cadastralIncome>
                     <com:codeCadastralIncome>a</com:codeCadastralIncome>
                     <com:definitiveCadastralIncome>12</com:definitiveCadastralIncome>
                     <com:dateDefinitive>${=new java.text.SimpleDateFormat("yyyy-MM-dd").format(new Date())}</com:dateDefinitive>
                     <com:reasonDefinitive>my reason</com:reasonDefinitive>
                  </clos:cadastralIncome>
                  <clos:date>${=new java.text.SimpleDateFormat("yyyy-MM-dd").format(new Date())}</clos:date>
                  <clos:motivation>No motivation</clos:motivation>
                  <!--0 to 99 repetitions:-->
                  <clos:newState>
                     <!--1 to 999 repetitions:-->
                     <clos:parcel>
                        <clos:parcelNumber>
                           <clos:section>55254</clos:section>
                           <clos:groundNumber>9555</clos:groundNumber>
                           <clos:bisNumber>2525</clos:bisNumber>
                           <clos:exponent>1414</clos:exponent>
                           <clos:power>me</clos:power>
                           <clos:part>4</clos:part>
                        </clos:parcelNumber>
                        <clos:situation>invalid</clos:situation>
                        <clos:kind>no</clos:kind>
                        <clos:details>test</clos:details>
                        <!--You have a CHOICE of the next 2 items at this level-->
                        <clos:articleNumber>1141</clos:articleNumber>
                        <clos:sequenceNumber>3215</clos:sequenceNumber>
                        <!--0 to 99 repetitions:-->
                        <clos:cadastralInformation>
                           <clos:codeCadastralIncome>12</clos:codeCadastralIncome>
                           <clos:cadastralIncome>12</clos:cadastralIncome>
                           <clos:cadastralIncomePart>42</clos:cadastralIncomePart>
                           <clos:exemption>52</clos:exemption>
                           <clos:daysUnfruitful>5</clos:daysUnfruitful>
                        </clos:cadastralInformation>
                     </clos:parcel>
                     <!--1 to 999 repetitions:-->
                     <clos:owner>
                        <!--You have a CHOICE of the next 2 items at this level-->
                        <clos:person>
                           <!--You have a CHOICE of the next 3 items at this level-->
                           <clos:socialSecurityNumber>125</clos:socialSecurityNumber>
                           <clos:lastname>baptiste</clos:lastname>
                        </clos:person>
                        <clos:rights>Admin</clos:rights>
                        <clos:ownerType>LEGAL_PERSON</clos:ownerType>
                     </clos:owner>
                  </clos:newState>
               </clos:report>
               <!--0 to 99 repetitions:-->
               <clos:linkedDossier>
                  <clos:referenceInitialService>referenceInitialService</clos:referenceInitialService>
                  <clos:referenceFodFin>15</clos:referenceFodFin>
               </clos:linkedDossier>
               <!--0 to 99 repetitions:-->
               <clos:attachment>
                  <com:fileName>cirb</com:fileName>
                  <com:data>    1234   </com:data>
               </clos:attachment>
            </clos:closedDossier>
         </v1:request>
      </v1:closedDossierRequest>
   </soapenv:Body>
</soapenv:Envelope>]]></con:request><con:credentials><con:selectedAuthProfile>Basic</con:selectedAuthProfile><con:addedBasicAuthenticationTypes>Basic</con:addedBasicAuthenticationTypes><con:authType>Global HTTP Settings</con:authType></con:credentials><con:jmsConfig JMSDeliveryMode="PERSISTENT"/><con:jmsPropertyConfig/><con:wsaConfig mustUnderstand="NONE" version="200508" action="http://fidus.brussels/services/exportfromregondesservice/closedDossier"/><con:wsrmConfig version="1.2"/></con:call><con:call id="63b77d23-1ecf-44fd-bdb7-9c0e4b6ddcdf" name="3 - Test - External - Request" incomingWss="Inflow TEST" outgoingWss="Outflow TEST"><con:settings><con:setting id="com.eviware.soapui.impl.wsdl.WsdlRequest@request-headers">&lt;xml-fragment/></con:setting></con:settings><con:encoding>UTF-8</con:encoding><con:endpoint>https://fidus-test.irisnetlab.be/services/ExportFromRegondesService_v1.0</con:endpoint><con:request><![CDATA[<soapenv:Envelope xmlns:soapenv="http://schemas.xmlsoap.org/soap/envelope/" xmlns:v1="http://fidus.brussels/service/exportfromregondesservice/messages/v1" xmlns:v11="http://fidus.brussels/type/common/messages/v1" xmlns:clos="http://www.minfin.fgov.be/regondes2/extern/taxservice/exports/closedDossiers" xmlns:com="http://www.minfin.fgov.be/regondes2/extern/taxservice/common">
   <soapenv:Header/>
   <soapenv:Body>
      <v1:closedDossierRequest>
         <v1:messageContext>
            <v11:messageId>${=import static java.util.UUID.randomUUID; uuid = randomUUID() as String}</v11:messageId>
            <v11:timestamp>${=new java.text.SimpleDateFormat("yyyy-MM-dd'T'HH:mm:ss.SSS").format(new Date())}</v11:timestamp>
         </v1:messageContext>
         <v1:legalContext>ServiceIntegrator</v1:legalContext>
         <v1:request>
            <clos:closedDossier> 
               <clos:referenceFodFin>11223344</clos:referenceFodFin>
               <clos:fiscalYear>2017</clos:fiscalYear>
               <clos:initialService>
                  <com:technicalReference>technicalReference</com:technicalReference>
                  <com:type>AAF</com:type>
                  <clos:reference>reference</clos:reference>
               </clos:initialService>
               <clos:patrimonyInformation>
                  <clos:typeDossier>AA</clos:typeDossier>
                  <clos:patrimonyFrom>${=new java.text.SimpleDateFormat("yyyy-MM-dd").format(new Date())}</clos:patrimonyFrom>
                  <clos:patrimonyRef>1</clos:patrimonyRef>
                  <clos:cadastralDivisionCode>YYY</clos:cadastralDivisionCode>
                  <clos:articleNumber>51</clos:articleNumber>
               </clos:patrimonyInformation>
               <clos:report>
                  <clos:type>S</clos:type>
                  <clos:subtype>subtype</clos:subtype>
                  <clos:kind>INITIAL</clos:kind>
                  <clos:cadastralIncome>
                     <com:codeCadastralIncome>a</com:codeCadastralIncome>
                     <com:definitiveCadastralIncome>12</com:definitiveCadastralIncome>
                     <com:dateDefinitive>${=new java.text.SimpleDateFormat("yyyy-MM-dd").format(new Date())}</com:dateDefinitive>
                     <com:reasonDefinitive>my reason</com:reasonDefinitive>
                  </clos:cadastralIncome>
                  <clos:date>${=new java.text.SimpleDateFormat("yyyy-MM-dd").format(new Date())}</clos:date>
                  <clos:motivation>No motivation</clos:motivation>
                  <!--0 to 99 repetitions:-->
                  <clos:newState>
                     <!--1 to 999 repetitions:-->
                     <clos:parcel>
                        <clos:parcelNumber>
                           <clos:section>55254</clos:section>
                           <clos:groundNumber>9555</clos:groundNumber>
                           <clos:bisNumber>2525</clos:bisNumber>
                           <clos:exponent>1414</clos:exponent>
                           <clos:power>me</clos:power>
                           <clos:part>4</clos:part>
                        </clos:parcelNumber>
                        <clos:situation>invalid</clos:situation>
                        <clos:kind>no</clos:kind>
                        <clos:details>test</clos:details>
                        <!--You have a CHOICE of the next 2 items at this level-->
                        <clos:articleNumber>1141</clos:articleNumber>
                        <clos:sequenceNumber>3215</clos:sequenceNumber>
                        <!--0 to 99 repetitions:-->
                        <clos:cadastralInformation>
                           <clos:codeCadastralIncome>12</clos:codeCadastralIncome>
                           <clos:cadastralIncome>12</clos:cadastralIncome>
                           <clos:cadastralIncomePart>42</clos:cadastralIncomePart>
                           <clos:exemption>52</clos:exemption>
                           <clos:daysUnfruitful>5</clos:daysUnfruitful>
                        </clos:cadastralInformation>
                     </clos:parcel>
                     <!--1 to 999 repetitions:-->
                     <clos:owner>
                        <!--You have a CHOICE of the next 2 items at this level-->
                        <clos:person>
                           <!--You have a CHOICE of the next 3 items at this level-->
                           <clos:socialSecurityNumber>125</clos:socialSecurityNumber>
                           <clos:lastname>baptiste</clos:lastname>
                        </clos:person>
                        <clos:rights>Admin</clos:rights>
                        <clos:ownerType>LEGAL_PERSON</clos:ownerType>
                     </clos:owner>
                  </clos:newState>
               </clos:report>
               <!--0 to 99 repetitions:-->
               <clos:linkedDossier>
                  <clos:referenceInitialService>referenceInitialService</clos:referenceInitialService>
                  <clos:referenceFodFin>15</clos:referenceFodFin>
               </clos:linkedDossier>
               <!--0 to 99 repetitions:-->
               <clos:attachment>
                  <com:fileName>cirb</com:fileName>
                  <com:data>    1234   </com:data>
               </clos:attachment>
            </clos:closedDossier>
         </v1:request>
      </v1:closedDossierRequest>
   </soapenv:Body>
</soapenv:Envelope>]]></con:request><con:credentials><con:selectedAuthProfile>Basic</con:selectedAuthProfile><con:addedBasicAuthenticationTypes>Basic</con:addedBasicAuthenticationTypes><con:authType>Global HTTP Settings</con:authType></con:credentials><con:jmsConfig JMSDeliveryMode="PERSISTENT"/><con:jmsPropertyConfig/><con:wsaConfig mustUnderstand="NONE" version="200508" action="http://fidus.brussels/services/exportfromregondesservice/closedDossier"/><con:wsrmConfig version="1.2"/></con:call><con:call id="4d84f272-7224-4c6e-b5c0-d682e0a0f653" name="4 - Staging - External - Request" incomingWss="Inflow STAGING" outgoingWss="Outflow STAGING"><con:settings><con:setting id="com.eviware.soapui.impl.wsdl.WsdlRequest@request-headers">&lt;xml-fragment/></con:setting></con:settings><con:encoding>UTF-8</con:encoding><con:endpoint>https://fidus.irisnetlab.be/services/ExportFromRegondesService_v1.0</con:endpoint><con:request><![CDATA[<soapenv:Envelope xmlns:soapenv="http://schemas.xmlsoap.org/soap/envelope/" xmlns:v1="http://fidus.brussels/service/exportfromregondesservice/messages/v1" xmlns:v11="http://fidus.brussels/type/common/messages/v1" xmlns:clos="http://www.minfin.fgov.be/regondes2/extern/taxservice/exports/closedDossiers" xmlns:com="http://www.minfin.fgov.be/regondes2/extern/taxservice/common">
   <soapenv:Header/>
   <soapenv:Body>
      <v1:closedDossierRequest>
         <v1:messageContext>
            <v11:messageId>${=import static java.util.UUID.randomUUID; uuid = randomUUID() as String}</v11:messageId>
            <v11:timestamp>${=new java.text.SimpleDateFormat("yyyy-MM-dd'T'HH:mm:ss.SSS").format(new Date())}</v11:timestamp>
         </v1:messageContext>
         <v1:legalContext>ServiceIntegrator</v1:legalContext>
         <v1:request>
            <clos:closedDossier> 
               <clos:referenceFodFin>11223344</clos:referenceFodFin>
               <clos:fiscalYear>2017</clos:fiscalYear>
               <clos:initialService>
                  <com:technicalReference>technicalReference</com:technicalReference>
                  <com:type>AAF</com:type>
                  <clos:reference>reference</clos:reference>
               </clos:initialService>
               <clos:patrimonyInformation>
                  <clos:typeDossier>AA</clos:typeDossier>
                  <clos:patrimonyFrom>${=new java.text.SimpleDateFormat("yyyy-MM-dd").format(new Date())}</clos:patrimonyFrom>
                  <clos:patrimonyRef>1</clos:patrimonyRef>
                  <clos:cadastralDivisionCode>YYY</clos:cadastralDivisionCode>
                  <clos:articleNumber>51</clos:articleNumber>
               </clos:patrimonyInformation>
               <clos:report>
                  <clos:type>S</clos:type>
                  <clos:subtype>subtype</clos:subtype>
                  <clos:kind>INITIAL</clos:kind>
                  <clos:cadastralIncome>
                     <com:codeCadastralIncome>a</com:codeCadastralIncome>
                     <com:definitiveCadastralIncome>12</com:definitiveCadastralIncome>
                     <com:dateDefinitive>${=new java.text.SimpleDateFormat("yyyy-MM-dd").format(new Date())}</com:dateDefinitive>
                     <com:reasonDefinitive>my reason</com:reasonDefinitive>
                  </clos:cadastralIncome>
                  <clos:date>${=new java.text.SimpleDateFormat("yyyy-MM-dd").format(new Date())}</clos:date>
                  <clos:motivation>No motivation</clos:motivation>
                  <!--0 to 99 repetitions:-->
                  <clos:newState>
                     <!--1 to 999 repetitions:-->
                     <clos:parcel>
                        <clos:parcelNumber>
                           <clos:section>55254</clos:section>
                           <clos:groundNumber>9555</clos:groundNumber>
                           <clos:bisNumber>2525</clos:bisNumber>
                           <clos:exponent>1414</clos:exponent>
                           <clos:power>me</clos:power>
                           <clos:part>4</clos:part>
                        </clos:parcelNumber>
                        <clos:situation>invalid</clos:situation>
                        <clos:kind>no</clos:kind>
                        <clos:details>test</clos:details>
                        <!--You have a CHOICE of the next 2 items at this level-->
                        <clos:articleNumber>1141</clos:articleNumber>
                        <clos:sequenceNumber>3215</clos:sequenceNumber>
                        <!--0 to 99 repetitions:-->
                        <clos:cadastralInformation>
                           <clos:codeCadastralIncome>12</clos:codeCadastralIncome>
                           <clos:cadastralIncome>12</clos:cadastralIncome>
                           <clos:cadastralIncomePart>42</clos:cadastralIncomePart>
                           <clos:exemption>52</clos:exemption>
                           <clos:daysUnfruitful>5</clos:daysUnfruitful>
                        </clos:cadastralInformation>
                     </clos:parcel>
                     <!--1 to 999 repetitions:-->
                     <clos:owner>
                        <!--You have a CHOICE of the next 2 items at this level-->
                        <clos:person>
                           <!--You have a CHOICE of the next 3 items at this level-->
                           <clos:socialSecurityNumber>125</clos:socialSecurityNumber>
                           <clos:lastname>baptiste</clos:lastname>
                        </clos:person>
                        <clos:rights>Admin</clos:rights>
                        <clos:ownerType>LEGAL_PERSON</clos:ownerType>
                     </clos:owner>
                  </clos:newState>
               </clos:report>
               <!--0 to 99 repetitions:-->
               <clos:linkedDossier>
                  <clos:referenceInitialService>referenceInitialService</clos:referenceInitialService>
                  <clos:referenceFodFin>15</clos:referenceFodFin>
               </clos:linkedDossier>
               <!--0 to 99 repetitions:-->
               <clos:attachment>
                  <com:fileName>cirb</com:fileName>
                  <com:data>    1234   </com:data>
               </clos:attachment>
            </clos:closedDossier>
         </v1:request>
      </v1:closedDossierRequest>
   </soapenv:Body>
</soapenv:Envelope>]]></con:request><con:credentials><con:selectedAuthProfile>Basic</con:selectedAuthProfile><con:addedBasicAuthenticationTypes>Basic</con:addedBasicAuthenticationTypes><con:authType>Global HTTP Settings</con:authType></con:credentials><con:jmsConfig JMSDeliveryMode="PERSISTENT"/><con:jmsPropertyConfig/><con:wsaConfig mustUnderstand="NONE" version="200508" action="http://fidus.brussels/services/exportfromregondesservice/closedDossier"/><con:wsrmConfig version="1.2"/></con:call></con:operation><con:operation id="f88eacdb-743a-4601-a3e9-3e5fcb87833e" isOneWay="false" action="http://fidus.brussels/services/exportfromregondesservice/postponedDossier" name="postponedDossier" bindingOperationName="postponedDossier" type="Request-Response" inputName="" receivesAttachments="false" sendsAttachments="false" anonymous="optional"><con:settings/><con:call id="7de93a2f-221f-4210-a452-57a86c8b7ea6" name="1 - Local - Request - Success" incomingWss="Inflow DEV" outgoingWss="Outflow DEV"><con:settings><con:setting id="com.eviware.soapui.impl.wsdl.WsdlRequest@request-headers">&lt;xml-fragment/></con:setting></con:settings><con:encoding>UTF-8</con:encoding><con:endpoint>https://localhost:8243/services/ExportFromRegondesService_v1.0</con:endpoint><con:request><![CDATA[<soapenv:Envelope xmlns:soapenv="http://schemas.xmlsoap.org/soap/envelope/" xmlns:v1="http://fidus.brussels/service/exportfromregondesservice/messages/v1" xmlns:v11="http://fidus.brussels/type/common/messages/v1" xmlns:pos="http://www.minfin.fgov.be/regondes2/extern/taxservice/exports/postponedDossiers" xmlns:com="http://www.minfin.fgov.be/regondes2/extern/taxservice/common">
   <soapenv:Header/>
   <soapenv:Body>
      <v1:postponedDossierRequest>
         <v1:messageContext>
            <v11:messageId>${=import static java.util.UUID.randomUUID; uuid = randomUUID() as String}</v11:messageId>
            <!--Optional:-->
            <v11:timestamp>${=new java.text.SimpleDateFormat("yyyy-MM-dd'T'HH:mm:ss.SSS").format(new Date())}</v11:timestamp>
         </v1:messageContext>
         <v1:legalContext>ServiceIntegrator</v1:legalContext>
         <v1:request>
            <pos:postponedDossier>
               <pos:referenceFodFin>11223344</pos:referenceFodFin>
               <pos:initialService>
                  <!--Optional:-->
                  <com:technicalReference>technicalReference</com:technicalReference>
                  <com:type>AAF</com:type>
                  <com:reference>reference</com:reference>
               </pos:initialService>
               <pos:postponement>
                  <pos:datePostponement>${=new java.text.SimpleDateFormat("yyyy-MM-dd").format(new Date())}</pos:datePostponement>
                  <pos:reasonPostponed>TEST</pos:reasonPostponed>
                  <pos:newTargetDate>${=new java.text.SimpleDateFormat("yyyy-MM-dd").format(new Date())}</pos:newTargetDate>
               </pos:postponement>
            </pos:postponedDossier>
         </v1:request>
      </v1:postponedDossierRequest>
   </soapenv:Body>
</soapenv:Envelope>]]></con:request><con:credentials><con:selectedAuthProfile>Basic</con:selectedAuthProfile><con:addedBasicAuthenticationTypes>Basic</con:addedBasicAuthenticationTypes><con:authType>Global HTTP Settings</con:authType></con:credentials><con:jmsConfig JMSDeliveryMode="PERSISTENT"/><con:jmsPropertyConfig/><con:wsaConfig mustUnderstand="NONE" version="200508" action="http://fidus.brussels/services/exportfromregondesservice/postponedDossier"/><con:wsrmConfig version="1.2"/></con:call><con:call id="fc1400a8-2d97-439c-a538-0fc1a467f154" name="1 - Local - Request - Error" incomingWss="Inflow DEV" outgoingWss="Outflow DEV"><con:settings><con:setting id="com.eviware.soapui.impl.wsdl.WsdlRequest@request-headers">&lt;xml-fragment/></con:setting></con:settings><con:encoding>UTF-8</con:encoding><con:endpoint>https://localhost:8243/services/ExportFromRegondesService_v1.0</con:endpoint><con:request><![CDATA[<soapenv:Envelope xmlns:soapenv="http://schemas.xmlsoap.org/soap/envelope/" xmlns:v1="http://fidus.brussels/service/exportfromregondesservice/messages/v1" xmlns:v11="http://fidus.brussels/type/common/messages/v1" xmlns:pos="http://www.minfin.fgov.be/regondes2/extern/taxservice/exports/postponedDossiers" xmlns:com="http://www.minfin.fgov.be/regondes2/extern/taxservice/common">
   <soapenv:Header/>
   <soapenv:Body>
      <v1:postponedDossierRequest>
         <v1:messageContext>
            <v11:messageId>${=import static java.util.UUID.randomUUID; uuid = randomUUID() as String}</v11:messageId>
            <!--Optional:-->
            <v11:timestamp>${=new java.text.SimpleDateFormat("yyyy-MM-dd'T'HH:mm:ss.SSS").format(new Date())}</v11:timestamp>
         </v1:messageContext>
         <v1:legalContext>ServiceIntegrator</v1:legalContext>
         <v1:request>
            <pos:postponedDossier>
               <!-- <pos:referenceFodFin>12003001507</pos:referenceFodFin> --> <!-- Technical reference not found -->
               <!-- <pos:referenceFodFin>12003001506</pos:referenceFodFin> --> <!-- Reference not found -->  
               <pos:referenceFodFin>11223345</pos:referenceFodFin> <!-- Requested dossier is already close -->
               <pos:initialService>
                  <!--Optional:-->
                  <com:technicalReference>technicalReference</com:technicalReference>
                  <com:type>AAF</com:type>
                  <com:reference>reference</com:reference>
               </pos:initialService>
               <pos:postponement>
                  <pos:datePostponement>${=new java.text.SimpleDateFormat("yyyy-MM-dd").format(new Date())}</pos:datePostponement>
                  <pos:reasonPostponed>TEST</pos:reasonPostponed>
                  <pos:newTargetDate>${=new java.text.SimpleDateFormat("yyyy-MM-dd").format(new Date())}</pos:newTargetDate>
               </pos:postponement>
            </pos:postponedDossier>
         </v1:request>
      </v1:postponedDossierRequest>
   </soapenv:Body>
</soapenv:Envelope>]]></con:request><con:credentials><con:selectedAuthProfile>Basic</con:selectedAuthProfile><con:addedBasicAuthenticationTypes>Basic</con:addedBasicAuthenticationTypes><con:authType>Global HTTP Settings</con:authType></con:credentials><con:jmsConfig JMSDeliveryMode="PERSISTENT"/><con:jmsPropertyConfig/><con:wsaConfig mustUnderstand="NONE" version="200508" action="http://fidus.brussels/services/exportfromregondesservice/postponedDossier"/><con:wsrmConfig version="1.2"/></con:call><con:call id="20714604-2017-4093-bf1f-4f53fd572191" name="2 - Dev - Request - Success" incomingWss="Inflow DEV" outgoingWss="Outflow DEV"><con:settings><con:setting id="com.eviware.soapui.impl.wsdl.WsdlRequest@request-headers">&lt;xml-fragment/></con:setting></con:settings><con:encoding>UTF-8</con:encoding><con:endpoint>https://192.168.36.61:8243/services/ExportFromRegondesService_v1.0</con:endpoint><con:request><![CDATA[<soapenv:Envelope xmlns:soapenv="http://schemas.xmlsoap.org/soap/envelope/" xmlns:v1="http://fidus.brussels/service/exportfromregondesservice/messages/v1" xmlns:v11="http://fidus.brussels/type/common/messages/v1" xmlns:pos="http://www.minfin.fgov.be/regondes2/extern/taxservice/exports/postponedDossiers" xmlns:com="http://www.minfin.fgov.be/regondes2/extern/taxservice/common">
   <soapenv:Header/>
   <soapenv:Body>
      <v1:postponedDossierRequest>
         <v1:messageContext>
            <v11:messageId>${=import static java.util.UUID.randomUUID; uuid = randomUUID() as String}</v11:messageId>
            <!--Optional:-->
            <v11:timestamp>${=new java.text.SimpleDateFormat("yyyy-MM-dd'T'HH:mm:ss.SSS").format(new Date())}</v11:timestamp>
         </v1:messageContext>
         <v1:legalContext>ServiceIntegrator</v1:legalContext>
         <v1:request>
            <pos:postponedDossier>
               <pos:referenceFodFin>11223344</pos:referenceFodFin>
               <pos:initialService>
                  <!--Optional:-->
                  <com:technicalReference>technicalReference</com:technicalReference>
                  <com:type>AAF</com:type>
                  <com:reference>reference</com:reference>
               </pos:initialService>
               <pos:postponement>
                  <pos:datePostponement>${=new java.text.SimpleDateFormat("yyyy-MM-dd").format(new Date())}</pos:datePostponement>
                  <pos:reasonPostponed>TEST</pos:reasonPostponed>
                  <pos:newTargetDate>${=new java.text.SimpleDateFormat("yyyy-MM-dd").format(new Date())}</pos:newTargetDate>
               </pos:postponement>
            </pos:postponedDossier>
         </v1:request>
      </v1:postponedDossierRequest>
   </soapenv:Body>
</soapenv:Envelope>]]></con:request><con:credentials><con:selectedAuthProfile>Basic</con:selectedAuthProfile><con:addedBasicAuthenticationTypes>Basic</con:addedBasicAuthenticationTypes><con:authType>Global HTTP Settings</con:authType></con:credentials><con:jmsConfig JMSDeliveryMode="PERSISTENT"/><con:jmsPropertyConfig/><con:wsaConfig mustUnderstand="NONE" version="200508" action="http://fidus.brussels/services/exportfromregondesservice/postponedDossier"/><con:wsrmConfig version="1.2"/></con:call><con:call id="10111671-fdf2-4375-8d14-e4a44842a128" name="2 - Dev - Request - Error" incomingWss="Inflow DEV" outgoingWss="Outflow DEV"><con:settings><con:setting id="com.eviware.soapui.impl.wsdl.WsdlRequest@request-headers">&lt;xml-fragment/></con:setting></con:settings><con:encoding>UTF-8</con:encoding><con:endpoint>https://192.168.36.61:8243/services/ExportFromRegondesService_v1.0</con:endpoint><con:request><![CDATA[<soapenv:Envelope xmlns:soapenv="http://schemas.xmlsoap.org/soap/envelope/" xmlns:v1="http://fidus.brussels/service/exportfromregondesservice/messages/v1" xmlns:v11="http://fidus.brussels/type/common/messages/v1" xmlns:pos="http://www.minfin.fgov.be/regondes2/extern/taxservice/exports/postponedDossiers" xmlns:com="http://www.minfin.fgov.be/regondes2/extern/taxservice/common">
   <soapenv:Header/>
   <soapenv:Body>
      <v1:postponedDossierRequest>
         <v1:messageContext>
            <v11:messageId>${=import static java.util.UUID.randomUUID; uuid = randomUUID() as String}</v11:messageId>
            <!--Optional:-->
            <v11:timestamp>${=new java.text.SimpleDateFormat("yyyy-MM-dd'T'HH:mm:ss.SSS").format(new Date())}</v11:timestamp>
         </v1:messageContext>
         <v1:legalContext>ServiceIntegrator</v1:legalContext>
         <v1:request>
            <pos:postponedDossier>
               <!-- <pos:referenceFodFin>12003001507</pos:referenceFodFin> --> <!-- Technical reference not found -->
               <!-- <pos:referenceFodFin>12003001506</pos:referenceFodFin> --> <!-- Reference not found -->  
               <pos:referenceFodFin>11223345</pos:referenceFodFin> <!-- Requested dossier is already close -->
               <pos:initialService>
                  <!--Optional:-->
                  <com:technicalReference>technicalReference</com:technicalReference>
                  <com:type>AAF</com:type>
                  <com:reference>reference</com:reference>
               </pos:initialService>
               <pos:postponement>
                  <pos:datePostponement>${=new java.text.SimpleDateFormat("yyyy-MM-dd").format(new Date())}</pos:datePostponement>
                  <pos:reasonPostponed>TEST</pos:reasonPostponed>
                  <pos:newTargetDate>${=new java.text.SimpleDateFormat("yyyy-MM-dd").format(new Date())}</pos:newTargetDate>
               </pos:postponement>
            </pos:postponedDossier>
         </v1:request>
      </v1:postponedDossierRequest>
   </soapenv:Body>
</soapenv:Envelope>]]></con:request><con:credentials><con:selectedAuthProfile>Basic</con:selectedAuthProfile><con:addedBasicAuthenticationTypes>Basic</con:addedBasicAuthenticationTypes><con:authType>Global HTTP Settings</con:authType></con:credentials><con:jmsConfig JMSDeliveryMode="PERSISTENT"/><con:jmsPropertyConfig/><con:wsaConfig mustUnderstand="NONE" version="200508" action="http://fidus.brussels/services/exportfromregondesservice/postponedDossier"/><con:wsrmConfig version="1.2"/></con:call><con:call id="51725dd1-b164-497a-9c6f-3f73ca8334a2" name="3 - Test - LB - Request" outgoingWss="Outflow TEST" incomingWss="Inflow TEST"><con:settings><con:setting id="com.eviware.soapui.impl.wsdl.WsdlRequest@request-headers">&lt;xml-fragment/></con:setting></con:settings><con:encoding>UTF-8</con:encoding><con:endpoint>https://esb-security-gw.sta.srv.cirb.lan:8443/services/ExportFromRegondesService_v1.0</con:endpoint><con:request><![CDATA[<soapenv:Envelope xmlns:soapenv="http://schemas.xmlsoap.org/soap/envelope/" xmlns:v1="http://fidus.brussels/service/exportfromregondesservice/messages/v1" xmlns:v11="http://fidus.brussels/type/common/messages/v1" xmlns:pos="http://www.minfin.fgov.be/regondes2/extern/taxservice/exports/postponedDossiers" xmlns:com="http://www.minfin.fgov.be/regondes2/extern/taxservice/common">
   <soapenv:Header/>
   <soapenv:Body>
      <v1:postponedDossierRequest>
         <v1:messageContext>
            <v11:messageId>${=import static java.util.UUID.randomUUID; uuid = randomUUID() as String}</v11:messageId>
            <!--Optional:-->
            <v11:timestamp>${=new java.text.SimpleDateFormat("yyyy-MM-dd'T'HH:mm:ss.SSS").format(new Date())}</v11:timestamp>
         </v1:messageContext>
         <v1:legalContext>ServiceIntegrator</v1:legalContext>
         <v1:request>
            <pos:postponedDossier>
               <pos:referenceFodFin>11223344</pos:referenceFodFin>
               <pos:initialService>
                  <!--Optional:-->
                  <com:technicalReference>technicalReference</com:technicalReference>
                  <com:type>AAF</com:type>
                  <com:reference>reference</com:reference>
               </pos:initialService>
               <pos:postponement>
                  <pos:datePostponement>${=new java.text.SimpleDateFormat("yyyy-MM-dd").format(new Date())}</pos:datePostponement>
                  <pos:reasonPostponed>TEST</pos:reasonPostponed>
                  <pos:newTargetDate>${=new java.text.SimpleDateFormat("yyyy-MM-dd").format(new Date())}</pos:newTargetDate>
               </pos:postponement>
            </pos:postponedDossier>
         </v1:request>
      </v1:postponedDossierRequest>
   </soapenv:Body>
</soapenv:Envelope>]]></con:request><con:credentials><con:selectedAuthProfile>Basic</con:selectedAuthProfile><con:addedBasicAuthenticationTypes>Basic</con:addedBasicAuthenticationTypes><con:authType>Global HTTP Settings</con:authType></con:credentials><con:jmsConfig JMSDeliveryMode="PERSISTENT"/><con:jmsPropertyConfig/><con:wsaConfig mustUnderstand="NONE" version="200508" action="http://fidus.brussels/services/exportfromregondesservice/postponedDossier"/><con:wsrmConfig version="1.2"/></con:call><con:call id="751525d9-2cb5-4292-8d95-79342a2d56f7" name="3 - Test - Worker1 - Request" incomingWss="Inflow TEST" outgoingWss="Outflow TEST"><con:settings><con:setting id="com.eviware.soapui.impl.wsdl.WsdlRequest@request-headers">&lt;xml-fragment/></con:setting></con:settings><con:encoding>UTF-8</con:encoding><con:endpoint>https://192.168.22.53:8443/services/ExportFromRegondesService_v1.0</con:endpoint><con:request><![CDATA[<soapenv:Envelope xmlns:soapenv="http://schemas.xmlsoap.org/soap/envelope/" xmlns:v1="http://fidus.brussels/service/exportfromregondesservice/messages/v1" xmlns:v11="http://fidus.brussels/type/common/messages/v1" xmlns:pos="http://www.minfin.fgov.be/regondes2/extern/taxservice/exports/postponedDossiers" xmlns:com="http://www.minfin.fgov.be/regondes2/extern/taxservice/common">
   <soapenv:Header/>
   <soapenv:Body>
      <v1:postponedDossierRequest>
         <v1:messageContext>
            <v11:messageId>${=import static java.util.UUID.randomUUID; uuid = randomUUID() as String}</v11:messageId>
            <!--Optional:-->
            <v11:timestamp>${=new java.text.SimpleDateFormat("yyyy-MM-dd'T'HH:mm:ss.SSS").format(new Date())}</v11:timestamp>
         </v1:messageContext>
         <v1:legalContext>ServiceIntegrator</v1:legalContext>
         <v1:request>
            <pos:postponedDossier>
               <pos:referenceFodFin>11223344</pos:referenceFodFin>
               <pos:initialService>
                  <!--Optional:-->
                  <com:technicalReference>technicalReference</com:technicalReference>
                  <com:type>AAF</com:type>
                  <com:reference>reference</com:reference>
               </pos:initialService>
               <pos:postponement>
                  <pos:datePostponement>${=new java.text.SimpleDateFormat("yyyy-MM-dd").format(new Date())}</pos:datePostponement>
                  <pos:reasonPostponed>TEST</pos:reasonPostponed>
                  <pos:newTargetDate>${=new java.text.SimpleDateFormat("yyyy-MM-dd").format(new Date())}</pos:newTargetDate>
               </pos:postponement>
            </pos:postponedDossier>
         </v1:request>
      </v1:postponedDossierRequest>
   </soapenv:Body>
</soapenv:Envelope>]]></con:request><con:credentials><con:selectedAuthProfile>Basic</con:selectedAuthProfile><con:addedBasicAuthenticationTypes>Basic</con:addedBasicAuthenticationTypes><con:authType>Global HTTP Settings</con:authType></con:credentials><con:jmsConfig JMSDeliveryMode="PERSISTENT"/><con:jmsPropertyConfig/><con:wsaConfig mustUnderstand="NONE" version="200508" action="http://fidus.brussels/services/exportfromregondesservice/postponedDossier"/><con:wsrmConfig version="1.2"/></con:call><con:call id="1a521fa1-436b-4dfb-8940-c9b4a86bf3ed" name="3 - Test - Worker2 - Request" incomingWss="Inflow TEST" outgoingWss="Outflow TEST"><con:settings><con:setting id="com.eviware.soapui.impl.wsdl.WsdlRequest@request-headers">&lt;xml-fragment/></con:setting></con:settings><con:encoding>UTF-8</con:encoding><con:endpoint>https://192.168.22.54:8443/services/ExportFromRegondesService_v1.0</con:endpoint><con:request><![CDATA[<soapenv:Envelope xmlns:soapenv="http://schemas.xmlsoap.org/soap/envelope/" xmlns:v1="http://fidus.brussels/service/exportfromregondesservice/messages/v1" xmlns:v11="http://fidus.brussels/type/common/messages/v1" xmlns:pos="http://www.minfin.fgov.be/regondes2/extern/taxservice/exports/postponedDossiers" xmlns:com="http://www.minfin.fgov.be/regondes2/extern/taxservice/common">
   <soapenv:Header/>
   <soapenv:Body>
      <v1:postponedDossierRequest>
         <v1:messageContext>
            <v11:messageId>${=import static java.util.UUID.randomUUID; uuid = randomUUID() as String}</v11:messageId>
            <!--Optional:-->
            <v11:timestamp>${=new java.text.SimpleDateFormat("yyyy-MM-dd'T'HH:mm:ss.SSS").format(new Date())}</v11:timestamp>
         </v1:messageContext>
         <v1:legalContext>ServiceIntegrator</v1:legalContext>
         <v1:request>
            <pos:postponedDossier>
               <pos:referenceFodFin>11223344</pos:referenceFodFin>
               <pos:initialService>
                  <!--Optional:-->
                  <com:technicalReference>technicalReference</com:technicalReference>
                  <com:type>AAF</com:type>
                  <com:reference>reference</com:reference>
               </pos:initialService>
               <pos:postponement>
                  <pos:datePostponement>${=new java.text.SimpleDateFormat("yyyy-MM-dd").format(new Date())}</pos:datePostponement>
                  <pos:reasonPostponed>TEST</pos:reasonPostponed>
                  <pos:newTargetDate>${=new java.text.SimpleDateFormat("yyyy-MM-dd").format(new Date())}</pos:newTargetDate>
               </pos:postponement>
            </pos:postponedDossier>
         </v1:request>
      </v1:postponedDossierRequest>
   </soapenv:Body>
</soapenv:Envelope>]]></con:request><con:credentials><con:selectedAuthProfile>Basic</con:selectedAuthProfile><con:addedBasicAuthenticationTypes>Basic</con:addedBasicAuthenticationTypes><con:authType>Global HTTP Settings</con:authType></con:credentials><con:jmsConfig JMSDeliveryMode="PERSISTENT"/><con:jmsPropertyConfig/><con:wsaConfig mustUnderstand="NONE" version="200508" action="http://fidus.brussels/services/exportfromregondesservice/postponedDossier"/><con:wsrmConfig version="1.2"/></con:call><con:call id="502e264b-bfb8-44f7-9476-8d50495a8e8c" name="4 - Staging - LB - Request" outgoingWss="Outflow STAGING" incomingWss="Inflow STAGING"><con:settings><con:setting id="com.eviware.soapui.impl.wsdl.WsdlRequest@request-headers">&lt;xml-fragment/></con:setting></con:settings><con:encoding>UTF-8</con:encoding><con:endpoint>https://fidus-esb-sg.sta.srv.cirb.lan:8443/services/ExportFromRegondesService_v1.0</con:endpoint><con:request><![CDATA[<soapenv:Envelope xmlns:soapenv="http://schemas.xmlsoap.org/soap/envelope/" xmlns:v1="http://fidus.brussels/service/exportfromregondesservice/messages/v1" xmlns:v11="http://fidus.brussels/type/common/messages/v1" xmlns:pos="http://www.minfin.fgov.be/regondes2/extern/taxservice/exports/postponedDossiers" xmlns:com="http://www.minfin.fgov.be/regondes2/extern/taxservice/common">
   <soapenv:Header/>
   <soapenv:Body>
      <v1:postponedDossierRequest>
         <v1:messageContext>
            <v11:messageId>${=import static java.util.UUID.randomUUID; uuid = randomUUID() as String}</v11:messageId>
            <!--Optional:-->
            <v11:timestamp>${=new java.text.SimpleDateFormat("yyyy-MM-dd'T'HH:mm:ss.SSS").format(new Date())}</v11:timestamp>
         </v1:messageContext>
         <v1:legalContext>ServiceIntegrator</v1:legalContext>
         <v1:request>
            <pos:postponedDossier>
               <pos:referenceFodFin>11223344</pos:referenceFodFin>
               <pos:initialService>
                  <!--Optional:-->
                  <com:technicalReference>technicalReference</com:technicalReference>
                  <com:type>AAF</com:type>
                  <com:reference>reference</com:reference>
               </pos:initialService>
               <pos:postponement>
                  <pos:datePostponement>${=new java.text.SimpleDateFormat("yyyy-MM-dd").format(new Date())}</pos:datePostponement>
                  <pos:reasonPostponed>TEST</pos:reasonPostponed>
                  <pos:newTargetDate>${=new java.text.SimpleDateFormat("yyyy-MM-dd").format(new Date())}</pos:newTargetDate>
               </pos:postponement>
            </pos:postponedDossier>
         </v1:request>
      </v1:postponedDossierRequest>
   </soapenv:Body>
</soapenv:Envelope>]]></con:request><con:credentials><con:selectedAuthProfile>Basic</con:selectedAuthProfile><con:addedBasicAuthenticationTypes>Basic</con:addedBasicAuthenticationTypes><con:authType>Global HTTP Settings</con:authType></con:credentials><con:jmsConfig JMSDeliveryMode="PERSISTENT"/><con:jmsPropertyConfig/><con:wsaConfig mustUnderstand="NONE" version="200508" action="http://fidus.brussels/services/exportfromregondesservice/postponedDossier"/><con:wsrmConfig version="1.2"/></con:call><con:call id="890b98a4-c009-4270-830e-09c218e69ca1" name="4 - Staging - Worker1 - Request" incomingWss="Inflow STAGING" outgoingWss="Outflow STAGING"><con:settings><con:setting id="com.eviware.soapui.impl.wsdl.WsdlRequest@request-headers">&lt;xml-fragment/></con:setting></con:settings><con:encoding>UTF-8</con:encoding><con:endpoint>https://192.168.24.16:8443/services/ExportFromRegondesService_v1.0</con:endpoint><con:request><![CDATA[<soapenv:Envelope xmlns:soapenv="http://schemas.xmlsoap.org/soap/envelope/" xmlns:v1="http://fidus.brussels/service/exportfromregondesservice/messages/v1" xmlns:v11="http://fidus.brussels/type/common/messages/v1" xmlns:pos="http://www.minfin.fgov.be/regondes2/extern/taxservice/exports/postponedDossiers" xmlns:com="http://www.minfin.fgov.be/regondes2/extern/taxservice/common">
   <soapenv:Header/>
   <soapenv:Body>
      <v1:postponedDossierRequest>
         <v1:messageContext>
            <v11:messageId>${=import static java.util.UUID.randomUUID; uuid = randomUUID() as String}</v11:messageId>
            <!--Optional:-->
            <v11:timestamp>${=new java.text.SimpleDateFormat("yyyy-MM-dd'T'HH:mm:ss.SSS").format(new Date())}</v11:timestamp>
         </v1:messageContext>
         <v1:legalContext>ServiceIntegrator</v1:legalContext>
         <v1:request>
            <pos:postponedDossier>
               <pos:referenceFodFin>11223344</pos:referenceFodFin>
               <pos:initialService>
                  <!--Optional:-->
                  <com:technicalReference>technicalReference</com:technicalReference>
                  <com:type>AAF</com:type>
                  <com:reference>reference</com:reference>
               </pos:initialService>
               <pos:postponement>
                  <pos:datePostponement>${=new java.text.SimpleDateFormat("yyyy-MM-dd").format(new Date())}</pos:datePostponement>
                  <pos:reasonPostponed>TEST</pos:reasonPostponed>
                  <pos:newTargetDate>${=new java.text.SimpleDateFormat("yyyy-MM-dd").format(new Date())}</pos:newTargetDate>
               </pos:postponement>
            </pos:postponedDossier>
         </v1:request>
      </v1:postponedDossierRequest>
   </soapenv:Body>
</soapenv:Envelope>]]></con:request><con:credentials><con:selectedAuthProfile>Basic</con:selectedAuthProfile><con:addedBasicAuthenticationTypes>Basic</con:addedBasicAuthenticationTypes><con:authType>Global HTTP Settings</con:authType></con:credentials><con:jmsConfig JMSDeliveryMode="PERSISTENT"/><con:jmsPropertyConfig/><con:wsaConfig mustUnderstand="NONE" version="200508" action="http://fidus.brussels/services/exportfromregondesservice/postponedDossier"/><con:wsrmConfig version="1.2"/></con:call><con:call id="a0f49606-3d56-4fc4-835c-3b79ec54681a" name="4 - Staging - worker2 - Request" incomingWss="Inflow STAGING" outgoingWss="Outflow STAGING"><con:settings><con:setting id="com.eviware.soapui.impl.wsdl.WsdlRequest@request-headers">&lt;xml-fragment/></con:setting></con:settings><con:encoding>UTF-8</con:encoding><con:endpoint>https://192.168.24.17:8443/services/ExportFromRegondesService_v1.0</con:endpoint><con:request><![CDATA[<soapenv:Envelope xmlns:soapenv="http://schemas.xmlsoap.org/soap/envelope/" xmlns:v1="http://fidus.brussels/service/exportfromregondesservice/messages/v1" xmlns:v11="http://fidus.brussels/type/common/messages/v1" xmlns:pos="http://www.minfin.fgov.be/regondes2/extern/taxservice/exports/postponedDossiers" xmlns:com="http://www.minfin.fgov.be/regondes2/extern/taxservice/common">
   <soapenv:Header/>
   <soapenv:Body>
      <v1:postponedDossierRequest>
         <v1:messageContext>
            <v11:messageId>${=import static java.util.UUID.randomUUID; uuid = randomUUID() as String}</v11:messageId>
            <!--Optional:-->
            <v11:timestamp>${=new java.text.SimpleDateFormat("yyyy-MM-dd'T'HH:mm:ss.SSS").format(new Date())}</v11:timestamp>
         </v1:messageContext>
         <v1:legalContext>ServiceIntegrator</v1:legalContext>
         <v1:request>
            <pos:postponedDossier>
               <pos:referenceFodFin>11223344</pos:referenceFodFin>
               <pos:initialService>
                  <!--Optional:-->
                  <com:technicalReference>technicalReference</com:technicalReference>
                  <com:type>AAF</com:type>
                  <com:reference>reference</com:reference>
               </pos:initialService>
               <pos:postponement>
                  <pos:datePostponement>${=new java.text.SimpleDateFormat("yyyy-MM-dd").format(new Date())}</pos:datePostponement>
                  <pos:reasonPostponed>TEST</pos:reasonPostponed>
                  <pos:newTargetDate>${=new java.text.SimpleDateFormat("yyyy-MM-dd").format(new Date())}</pos:newTargetDate>
               </pos:postponement>
            </pos:postponedDossier>
         </v1:request>
      </v1:postponedDossierRequest>
   </soapenv:Body>
</soapenv:Envelope>]]></con:request><con:credentials><con:selectedAuthProfile>Basic</con:selectedAuthProfile><con:addedBasicAuthenticationTypes>Basic</con:addedBasicAuthenticationTypes><con:authType>Global HTTP Settings</con:authType></con:credentials><con:jmsConfig JMSDeliveryMode="PERSISTENT"/><con:jmsPropertyConfig/><con:wsaConfig mustUnderstand="NONE" version="200508" action="http://fidus.brussels/services/exportfromregondesservice/postponedDossier"/><con:wsrmConfig version="1.2"/></con:call><con:call id="edbeaf0d-8e82-4594-b95e-33e1c5c92f61" name="5 - Prod - LB - Request" incomingWss="Inflow PROD" outgoingWss="Outflow PROD"><con:settings><con:setting id="com.eviware.soapui.impl.wsdl.WsdlRequest@request-headers">&lt;xml-fragment/></con:setting></con:settings><con:encoding>UTF-8</con:encoding><con:endpoint>https://fidus-esb-sg.prd.srv.cirb.lan:8443/services/ExportFromRegondesService_v1.0</con:endpoint><con:request><![CDATA[<soapenv:Envelope xmlns:soapenv="http://schemas.xmlsoap.org/soap/envelope/" xmlns:v1="http://fidus.brussels/service/exportfromregondesservice/messages/v1" xmlns:v11="http://fidus.brussels/type/common/messages/v1" xmlns:pos="http://www.minfin.fgov.be/regondes2/extern/taxservice/exports/postponedDossiers" xmlns:com="http://www.minfin.fgov.be/regondes2/extern/taxservice/common">
   <soapenv:Header/>
   <soapenv:Body>
      <v1:postponedDossierRequest>
         <v1:messageContext>
            <v11:messageId>${=import static java.util.UUID.randomUUID; uuid = randomUUID() as String}</v11:messageId>
            <!--Optional:-->
            <v11:timestamp>${=new java.text.SimpleDateFormat("yyyy-MM-dd'T'HH:mm:ss.SSS").format(new Date())}</v11:timestamp>
         </v1:messageContext>
         <v1:legalContext>ServiceIntegrator</v1:legalContext>
         <v1:request>
            <pos:postponedDossier>
               <pos:referenceFodFin>11223344</pos:referenceFodFin>
               <pos:initialService>
                  <!--Optional:-->
                  <com:technicalReference>technicalReference</com:technicalReference>
                  <com:type>AAF</com:type>
                  <com:reference>reference</com:reference>
               </pos:initialService>
               <pos:postponement>
                  <pos:datePostponement>${=new java.text.SimpleDateFormat("yyyy-MM-dd").format(new Date())}</pos:datePostponement>
                  <pos:reasonPostponed>TEST</pos:reasonPostponed>
                  <pos:newTargetDate>${=new java.text.SimpleDateFormat("yyyy-MM-dd").format(new Date())}</pos:newTargetDate>
               </pos:postponement>
            </pos:postponedDossier>
         </v1:request>
      </v1:postponedDossierRequest>
   </soapenv:Body>
</soapenv:Envelope>]]></con:request><con:credentials><con:selectedAuthProfile>Basic</con:selectedAuthProfile><con:addedBasicAuthenticationTypes>Basic</con:addedBasicAuthenticationTypes><con:authType>Global HTTP Settings</con:authType></con:credentials><con:jmsConfig JMSDeliveryMode="PERSISTENT"/><con:jmsPropertyConfig/><con:wsaConfig mustUnderstand="NONE" version="200508" action="http://fidus.brussels/services/exportfromregondesservice/postponedDossier"/><con:wsrmConfig version="1.2"/></con:call><con:call id="6a1425de-0ae6-4abb-9c33-822dee03f9df" name="5 - Prod - External - Request" incomingWss="Inflow PROD" outgoingWss="Outflow PROD"><con:settings><con:setting id="com.eviware.soapui.impl.wsdl.WsdlRequest@request-headers">&lt;xml-fragment/></con:setting></con:settings><con:encoding>UTF-8</con:encoding><con:endpoint>https://fidus.sec.brussels/services/ExportFromRegondesservice_v1.0</con:endpoint><con:request><![CDATA[<soapenv:Envelope xmlns:soapenv="http://schemas.xmlsoap.org/soap/envelope/" xmlns:v1="http://fidus.brussels/service/exportfromregondesservice/messages/v1" xmlns:v11="http://fidus.brussels/type/common/messages/v1" xmlns:pos="http://www.minfin.fgov.be/regondes2/extern/taxservice/exports/postponedDossiers" xmlns:com="http://www.minfin.fgov.be/regondes2/extern/taxservice/common">
   <soapenv:Header/>
   <soapenv:Body>
      <v1:postponedDossierRequest>
         <v1:messageContext>
            <v11:messageId>${=import static java.util.UUID.randomUUID; uuid = randomUUID() as String}</v11:messageId>
            <!--Optional:-->
            <v11:timestamp>${=new java.text.SimpleDateFormat("yyyy-MM-dd'T'HH:mm:ss.SSS").format(new Date())}</v11:timestamp>
         </v1:messageContext>
         <v1:legalContext>ServiceIntegrator</v1:legalContext>
         <v1:request>
            <pos:postponedDossier>
               <pos:referenceFodFin>11223344</pos:referenceFodFin>
               <pos:initialService>
                  <!--Optional:-->
                  <com:technicalReference>technicalReference</com:technicalReference>
                  <com:type>AAF</com:type>
                  <com:reference>reference</com:reference>
               </pos:initialService>
               <pos:postponement>
                  <pos:datePostponement>${=new java.text.SimpleDateFormat("yyyy-MM-dd").format(new Date())}</pos:datePostponement>
                  <pos:reasonPostponed>TEST</pos:reasonPostponed>
                  <pos:newTargetDate>${=new java.text.SimpleDateFormat("yyyy-MM-dd").format(new Date())}</pos:newTargetDate>
               </pos:postponement>
            </pos:postponedDossier>
         </v1:request>
      </v1:postponedDossierRequest>
   </soapenv:Body>
</soapenv:Envelope>]]></con:request><con:credentials><con:selectedAuthProfile>Basic</con:selectedAuthProfile><con:addedBasicAuthenticationTypes>Basic</con:addedBasicAuthenticationTypes><con:authType>Global HTTP Settings</con:authType></con:credentials><con:jmsConfig JMSDeliveryMode="PERSISTENT"/><con:jmsPropertyConfig/><con:wsaConfig mustUnderstand="NONE" version="200508" action="http://fidus.brussels/services/exportfromregondesservice/postponedDossier"/><con:wsrmConfig version="1.2"/></con:call><con:call id="2477006f-b1e3-4a96-9110-e4f938d54f24" name="5 - Prod - Worker1 - Request" incomingWss="Inflow PROD" outgoingWss="Outflow PROD"><con:settings><con:setting id="com.eviware.soapui.impl.wsdl.WsdlRequest@request-headers">&lt;xml-fragment/></con:setting></con:settings><con:encoding>UTF-8</con:encoding><con:endpoint>https://192.168.26.22:8443/services/ExportFromRegondesService_v1.0</con:endpoint><con:request><![CDATA[<soapenv:Envelope xmlns:soapenv="http://schemas.xmlsoap.org/soap/envelope/" xmlns:v1="http://fidus.brussels/service/exportfromregondesservice/messages/v1" xmlns:v11="http://fidus.brussels/type/common/messages/v1" xmlns:pos="http://www.minfin.fgov.be/regondes2/extern/taxservice/exports/postponedDossiers" xmlns:com="http://www.minfin.fgov.be/regondes2/extern/taxservice/common">
   <soapenv:Header/>
   <soapenv:Body>
      <v1:postponedDossierRequest>
         <v1:messageContext>
            <v11:messageId>${=import static java.util.UUID.randomUUID; uuid = randomUUID() as String}</v11:messageId>
            <!--Optional:-->
            <v11:timestamp>${=new java.text.SimpleDateFormat("yyyy-MM-dd'T'HH:mm:ss.SSS").format(new Date())}</v11:timestamp>
         </v1:messageContext>
         <v1:legalContext>ServiceIntegrator</v1:legalContext>
         <v1:request>
            <pos:postponedDossier>
               <pos:referenceFodFin>11223344</pos:referenceFodFin>
               <pos:initialService>
                  <!--Optional:-->
                  <com:technicalReference>technicalReference</com:technicalReference>
                  <com:type>AAF</com:type>
                  <com:reference>reference</com:reference>
               </pos:initialService>
               <pos:postponement>
                  <pos:datePostponement>${=new java.text.SimpleDateFormat("yyyy-MM-dd").format(new Date())}</pos:datePostponement>
                  <pos:reasonPostponed>TEST</pos:reasonPostponed>
                  <pos:newTargetDate>${=new java.text.SimpleDateFormat("yyyy-MM-dd").format(new Date())}</pos:newTargetDate>
               </pos:postponement>
            </pos:postponedDossier>
         </v1:request>
      </v1:postponedDossierRequest>
   </soapenv:Body>
</soapenv:Envelope>]]></con:request><con:credentials><con:selectedAuthProfile>Basic</con:selectedAuthProfile><con:addedBasicAuthenticationTypes>Basic</con:addedBasicAuthenticationTypes><con:authType>Global HTTP Settings</con:authType></con:credentials><con:jmsConfig JMSDeliveryMode="PERSISTENT"/><con:jmsPropertyConfig/><con:wsaConfig mustUnderstand="NONE" version="200508" action="http://fidus.brussels/services/exportfromregondesservice/postponedDossier"/><con:wsrmConfig version="1.2"/></con:call><con:call id="c284bed1-97d1-42ce-ba34-3b35098b90b4" name="5 - Prod - Worker2 - Request" incomingWss="Inflow PROD" outgoingWss="Outflow PROD"><con:settings><con:setting id="com.eviware.soapui.impl.wsdl.WsdlRequest@request-headers">&lt;xml-fragment/></con:setting></con:settings><con:encoding>UTF-8</con:encoding><con:endpoint>https://192.168.26.19:8443/services/ExportFromRegondesService_v1.0</con:endpoint><con:request><![CDATA[<soapenv:Envelope xmlns:soapenv="http://schemas.xmlsoap.org/soap/envelope/" xmlns:v1="http://fidus.brussels/service/exportfromregondesservice/messages/v1" xmlns:v11="http://fidus.brussels/type/common/messages/v1" xmlns:pos="http://www.minfin.fgov.be/regondes2/extern/taxservice/exports/postponedDossiers" xmlns:com="http://www.minfin.fgov.be/regondes2/extern/taxservice/common">
   <soapenv:Header/>
   <soapenv:Body>
      <v1:postponedDossierRequest>
         <v1:messageContext>
            <v11:messageId>${=import static java.util.UUID.randomUUID; uuid = randomUUID() as String}</v11:messageId>
            <!--Optional:-->
            <v11:timestamp>${=new java.text.SimpleDateFormat("yyyy-MM-dd'T'HH:mm:ss.SSS").format(new Date())}</v11:timestamp>
         </v1:messageContext>
         <v1:legalContext>ServiceIntegrator</v1:legalContext>
         <v1:request>
            <pos:postponedDossier>
               <pos:referenceFodFin>11223344</pos:referenceFodFin>
               <pos:initialService>
                  <!--Optional:-->
                  <com:technicalReference>technicalReference</com:technicalReference>
                  <com:type>AAF</com:type>
                  <com:reference>reference</com:reference>
               </pos:initialService>
               <pos:postponement>
                  <pos:datePostponement>${=new java.text.SimpleDateFormat("yyyy-MM-dd").format(new Date())}</pos:datePostponement>
                  <pos:reasonPostponed>TEST</pos:reasonPostponed>
                  <pos:newTargetDate>${=new java.text.SimpleDateFormat("yyyy-MM-dd").format(new Date())}</pos:newTargetDate>
               </pos:postponement>
            </pos:postponedDossier>
         </v1:request>
      </v1:postponedDossierRequest>
   </soapenv:Body>
</soapenv:Envelope>]]></con:request><con:credentials><con:selectedAuthProfile>Basic</con:selectedAuthProfile><con:addedBasicAuthenticationTypes>Basic</con:addedBasicAuthenticationTypes><con:authType>Global HTTP Settings</con:authType></con:credentials><con:jmsConfig JMSDeliveryMode="PERSISTENT"/><con:jmsPropertyConfig/><con:wsaConfig mustUnderstand="NONE" version="200508" action="http://fidus.brussels/services/exportfromregondesservice/postponedDossier"/><con:wsrmConfig version="1.2"/></con:call><con:call id="1602bd77-adb8-4214-990b-eed2c58bdf45" name="3 - Test - External - Request" incomingWss="Inflow TEST" outgoingWss="Outflow TEST"><con:settings><con:setting id="com.eviware.soapui.impl.wsdl.WsdlRequest@request-headers">&lt;xml-fragment/></con:setting></con:settings><con:encoding>UTF-8</con:encoding><con:endpoint>https://fidus-test.irisnetlab.be/services/ExportFromRegondesService_v1.0</con:endpoint><con:request><![CDATA[<soapenv:Envelope xmlns:soapenv="http://schemas.xmlsoap.org/soap/envelope/" xmlns:v1="http://fidus.brussels/service/exportfromregondesservice/messages/v1" xmlns:v11="http://fidus.brussels/type/common/messages/v1" xmlns:pos="http://www.minfin.fgov.be/regondes2/extern/taxservice/exports/postponedDossiers" xmlns:com="http://www.minfin.fgov.be/regondes2/extern/taxservice/common">
   <soapenv:Header/>
   <soapenv:Body>
      <v1:postponedDossierRequest>
         <v1:messageContext>
            <v11:messageId>${=import static java.util.UUID.randomUUID; uuid = randomUUID() as String}</v11:messageId>
            <!--Optional:-->
            <v11:timestamp>${=new java.text.SimpleDateFormat("yyyy-MM-dd'T'HH:mm:ss.SSS").format(new Date())}</v11:timestamp>
         </v1:messageContext>
         <v1:legalContext>ServiceIntegrator</v1:legalContext>
         <v1:request>
            <pos:postponedDossier>
               <pos:referenceFodFin>11223344</pos:referenceFodFin>
               <pos:initialService>
                  <!--Optional:-->
                  <com:technicalReference>technicalReference</com:technicalReference>
                  <com:type>AAF</com:type>
                  <com:reference>reference</com:reference>
               </pos:initialService>
               <pos:postponement>
                  <pos:datePostponement>${=new java.text.SimpleDateFormat("yyyy-MM-dd").format(new Date())}</pos:datePostponement>
                  <pos:reasonPostponed>TEST</pos:reasonPostponed>
                  <pos:newTargetDate>${=new java.text.SimpleDateFormat("yyyy-MM-dd").format(new Date())}</pos:newTargetDate>
               </pos:postponement>
            </pos:postponedDossier>
         </v1:request>
      </v1:postponedDossierRequest>
   </soapenv:Body>
</soapenv:Envelope>]]></con:request><con:credentials><con:selectedAuthProfile>Basic</con:selectedAuthProfile><con:addedBasicAuthenticationTypes>Basic</con:addedBasicAuthenticationTypes><con:authType>Global HTTP Settings</con:authType></con:credentials><con:jmsConfig JMSDeliveryMode="PERSISTENT"/><con:jmsPropertyConfig/><con:wsaConfig mustUnderstand="NONE" version="200508" action="http://fidus.brussels/services/exportfromregondesservice/postponedDossier"/><con:wsrmConfig version="1.2"/></con:call><con:call id="9d37237d-90a6-4374-9729-6063a30b2b26" name="4 - Staging - External - Request" incomingWss="Inflow STAGING" outgoingWss="Outflow STAGING"><con:settings><con:setting id="com.eviware.soapui.impl.wsdl.WsdlRequest@request-headers">&lt;xml-fragment/></con:setting></con:settings><con:encoding>UTF-8</con:encoding><con:endpoint>https://fidus.irisnetlab.be/services/ExportFromRegondesService_v1.0</con:endpoint><con:request><![CDATA[<soapenv:Envelope xmlns:soapenv="http://schemas.xmlsoap.org/soap/envelope/" xmlns:v1="http://fidus.brussels/service/exportfromregondesservice/messages/v1" xmlns:v11="http://fidus.brussels/type/common/messages/v1" xmlns:pos="http://www.minfin.fgov.be/regondes2/extern/taxservice/exports/postponedDossiers" xmlns:com="http://www.minfin.fgov.be/regondes2/extern/taxservice/common">
   <soapenv:Header/>
   <soapenv:Body>
      <v1:postponedDossierRequest>
         <v1:messageContext>
            <v11:messageId>${=import static java.util.UUID.randomUUID; uuid = randomUUID() as String}</v11:messageId>
            <!--Optional:-->
            <v11:timestamp>${=new java.text.SimpleDateFormat("yyyy-MM-dd'T'HH:mm:ss.SSS").format(new Date())}</v11:timestamp>
         </v1:messageContext>
         <v1:legalContext>ServiceIntegrator</v1:legalContext>
         <v1:request>
            <pos:postponedDossier>
               <pos:referenceFodFin>11223344</pos:referenceFodFin>
               <pos:initialService>
                  <!--Optional:-->
                  <com:technicalReference>technicalReference</com:technicalReference>
                  <com:type>AAF</com:type>
                  <com:reference>reference</com:reference>
               </pos:initialService>
               <pos:postponement>
                  <pos:datePostponement>${=new java.text.SimpleDateFormat("yyyy-MM-dd").format(new Date())}</pos:datePostponement>
                  <pos:reasonPostponed>TEST</pos:reasonPostponed>
                  <pos:newTargetDate>${=new java.text.SimpleDateFormat("yyyy-MM-dd").format(new Date())}</pos:newTargetDate>
               </pos:postponement>
            </pos:postponedDossier>
         </v1:request>
      </v1:postponedDossierRequest>
   </soapenv:Body>
</soapenv:Envelope>]]></con:request><con:credentials><con:selectedAuthProfile>Basic</con:selectedAuthProfile><con:addedBasicAuthenticationTypes>Basic</con:addedBasicAuthenticationTypes><con:authType>Global HTTP Settings</con:authType></con:credentials><con:jmsConfig JMSDeliveryMode="PERSISTENT"/><con:jmsPropertyConfig/><con:wsaConfig mustUnderstand="NONE" version="200508" action="http://fidus.brussels/services/exportfromregondesservice/postponedDossier"/><con:wsrmConfig version="1.2"/></con:call></con:operation><con:operation id="a0d06949-632b-40af-a8b1-e975ea93ae14" isOneWay="false" action="http://fidus.brussels/services/exportfromregondesservice/serviceChange" name="serviceChange" bindingOperationName="serviceChange" type="Request-Response" inputName="" receivesAttachments="false" sendsAttachments="false" anonymous="optional"><con:settings/><con:call id="d6401369-7f3b-4e21-a968-daf4795ffde8" name="1 - Local - Request - Success" incomingWss="Inflow DEV" outgoingWss="Outflow DEV"><con:settings><con:setting id="com.eviware.soapui.impl.wsdl.WsdlRequest@request-headers">&lt;xml-fragment/></con:setting></con:settings><con:encoding>UTF-8</con:encoding><con:endpoint>https://localhost:8243/services/ExportFromRegondesService_v1.0</con:endpoint><con:request><![CDATA[<soapenv:Envelope xmlns:soapenv="http://schemas.xmlsoap.org/soap/envelope/" xmlns:v1="http://fidus.brussels/service/exportfromregondesservice/messages/v1" xmlns:v11="http://fidus.brussels/type/common/messages/v1" xmlns:ser="http://www.minfin.fgov.be/regondes2/extern/taxservice/exports/serviceChanged" xmlns:com="http://www.minfin.fgov.be/regondes2/extern/taxservice/common">
   <soapenv:Header/>
   <soapenv:Body>
      <v1:serviceChangeRequest>
         <v1:messageContext>
            <v11:messageId>${=import static java.util.UUID.randomUUID; uuid = randomUUID() as String}</v11:messageId>
            <!--Optional:-->
            <v11:timestamp>${=new java.text.SimpleDateFormat("yyyy-MM-dd'T'HH:mm:ss.SSS").format(new Date())}</v11:timestamp>
         </v1:messageContext>
         <v1:legalContext>ServiceIntegrator</v1:legalContext>
         <v1:request>
            <ser:serviceChange>
               <ser:referenceFodFin>11223344</ser:referenceFodFin>
               <ser:initialService>
                  <!--Optional:-->
                  <com:technicalReference>1524</com:technicalReference>
                  <com:type>AAF</com:type>
                  <com:reference>reference</com:reference>
               </ser:initialService>
               <!--1 to 99 repetitions:-->
               <ser:transfer>
                  <ser:serviceName>CIRB</ser:serviceName>
                  <ser:dateIn>${=new java.text.SimpleDateFormat("yyyy-MM-dd").format(new Date())}</ser:dateIn>
                  <!--Optional:-->
                  <ser:dateOut>${=new java.text.SimpleDateFormat("yyyy-MM-dd").format(new Date())}</ser:dateOut>
                  <ser:official>
                     <ser:firstName>jean</ser:firstName>
                     <ser:lastName>baptist</ser:lastName>
                     <ser:phoneNumber>0452363621</ser:phoneNumber>
                     <ser:email>cisyapan@cirb.brussels</ser:email>
                  </ser:official>
               </ser:transfer>
            </ser:serviceChange>
         </v1:request>
      </v1:serviceChangeRequest>
   </soapenv:Body>
</soapenv:Envelope>]]></con:request><con:credentials><con:selectedAuthProfile>Basic</con:selectedAuthProfile><con:addedBasicAuthenticationTypes>Basic</con:addedBasicAuthenticationTypes><con:authType>Global HTTP Settings</con:authType></con:credentials><con:jmsConfig JMSDeliveryMode="PERSISTENT"/><con:jmsPropertyConfig/><con:wsaConfig mustUnderstand="NONE" version="200508" action="http://fidus.brussels/services/exportfromregondesservice/serviceChange"/><con:wsrmConfig version="1.2"/></con:call><con:call id="ed82f06f-0980-4e6b-886a-4d3ff7f15b95" name="1 - Local - Request - Error" incomingWss="Inflow DEV" outgoingWss="Outflow DEV"><con:settings><con:setting id="com.eviware.soapui.impl.wsdl.WsdlRequest@request-headers">&lt;xml-fragment/></con:setting></con:settings><con:encoding>UTF-8</con:encoding><con:endpoint>https://localhost:8243/services/ExportFromRegondesService_v1.0</con:endpoint><con:request><![CDATA[<soapenv:Envelope xmlns:soapenv="http://schemas.xmlsoap.org/soap/envelope/" xmlns:v1="http://fidus.brussels/service/exportfromregondesservice/messages/v1" xmlns:v11="http://fidus.brussels/type/common/messages/v1" xmlns:ser="http://www.minfin.fgov.be/regondes2/extern/taxservice/exports/serviceChanged" xmlns:com="http://www.minfin.fgov.be/regondes2/extern/taxservice/common">
   <soapenv:Header/>
   <soapenv:Body>
      <v1:serviceChangeRequest>
         <v1:messageContext>
            <v11:messageId>${=import static java.util.UUID.randomUUID; uuid = randomUUID() as String}</v11:messageId>
            <!--Optional:-->
            <v11:timestamp>${=new java.text.SimpleDateFormat("yyyy-MM-dd'T'HH:mm:ss.SSS").format(new Date())}</v11:timestamp>
         </v1:messageContext>
         <v1:legalContext>ServiceIntegrator</v1:legalContext>
         <v1:request>
            <ser:serviceChange>
               <!-- <ser:referenceFodFin>11223347</ser:referenceFodFin> --> <!-- Technical reference not found -->
               <!-- <ser:referenceFodFin>11223346</ser:referenceFodFin> --> <!-- Reference not found -->  
               <ser:referenceFodFin>11223345</ser:referenceFodFin> <!-- Requested dossier is already close -->
               <ser:initialService>
                  <!--Optional:-->
                  <com:technicalReference>1524</com:technicalReference>
                  <com:type>AAF</com:type>
                  <com:reference>reference</com:reference>
               </ser:initialService>
               <!--1 to 99 repetitions:-->
               <ser:transfer>
                  <ser:serviceName>CIRB</ser:serviceName>
                  <ser:dateIn>${=new java.text.SimpleDateFormat("yyyy-MM-dd").format(new Date())}</ser:dateIn>
                  <!--Optional:-->
                  <ser:dateOut>${=new java.text.SimpleDateFormat("yyyy-MM-dd").format(new Date())}</ser:dateOut>
                  <ser:official>
                     <ser:firstName>jean</ser:firstName>
                     <ser:lastName>baptist</ser:lastName>
                     <ser:phoneNumber>0452363621</ser:phoneNumber>
                     <ser:email>cisyapan@cirb.brussels</ser:email>
                  </ser:official>
               </ser:transfer>
            </ser:serviceChange>
         </v1:request>
      </v1:serviceChangeRequest>
   </soapenv:Body>
</soapenv:Envelope>]]></con:request><con:credentials><con:selectedAuthProfile>Basic</con:selectedAuthProfile><con:addedBasicAuthenticationTypes>Basic</con:addedBasicAuthenticationTypes><con:authType>Global HTTP Settings</con:authType></con:credentials><con:jmsConfig JMSDeliveryMode="PERSISTENT"/><con:jmsPropertyConfig/><con:wsaConfig mustUnderstand="NONE" version="200508" action="http://fidus.brussels/services/exportfromregondesservice/serviceChange"/><con:wsrmConfig version="1.2"/></con:call><con:call id="ffe6d0c8-b049-4f62-b109-7eac9aa40db0" name="2 - Dev - Request - Success" incomingWss="Inflow DEV" outgoingWss="Outflow DEV"><con:settings><con:setting id="com.eviware.soapui.impl.wsdl.WsdlRequest@request-headers">&lt;xml-fragment/></con:setting></con:settings><con:encoding>UTF-8</con:encoding><con:endpoint>https://192.168.36.61:8243/services/ExportFromRegondesService_v1.0</con:endpoint><con:request><![CDATA[<soapenv:Envelope xmlns:soapenv="http://schemas.xmlsoap.org/soap/envelope/" xmlns:v1="http://fidus.brussels/service/exportfromregondesservice/messages/v1" xmlns:v11="http://fidus.brussels/type/common/messages/v1" xmlns:ser="http://www.minfin.fgov.be/regondes2/extern/taxservice/exports/serviceChanged" xmlns:com="http://www.minfin.fgov.be/regondes2/extern/taxservice/common">
   <soapenv:Header/>
   <soapenv:Body>
      <v1:serviceChangeRequest>
         <v1:messageContext>
            <v11:messageId>${=import static java.util.UUID.randomUUID; uuid = randomUUID() as String}</v11:messageId>
            <!--Optional:-->
            <v11:timestamp>${=new java.text.SimpleDateFormat("yyyy-MM-dd'T'HH:mm:ss.SSS").format(new Date())}</v11:timestamp>
         </v1:messageContext>
         <v1:legalContext>ServiceIntegrator</v1:legalContext>
         <v1:request>
            <ser:serviceChange>
               <ser:referenceFodFin>11223344</ser:referenceFodFin>
               <ser:initialService>
                  <!--Optional:-->
                  <com:technicalReference>1524</com:technicalReference>
                  <com:type>AAF</com:type>
                  <com:reference>reference</com:reference>
               </ser:initialService>
               <!--1 to 99 repetitions:-->
               <ser:transfer>
                  <ser:serviceName>CIRB</ser:serviceName>
                  <ser:dateIn>${=new java.text.SimpleDateFormat("yyyy-MM-dd").format(new Date())}</ser:dateIn>
                  <!--Optional:-->
                  <ser:dateOut>${=new java.text.SimpleDateFormat("yyyy-MM-dd").format(new Date())}</ser:dateOut>
                  <ser:official>
                     <ser:firstName>jean</ser:firstName>
                     <ser:lastName>baptist</ser:lastName>
                     <ser:phoneNumber>0452363621</ser:phoneNumber>
                     <ser:email>cisyapan@cirb.brussels</ser:email>
                  </ser:official>
               </ser:transfer>
            </ser:serviceChange>
         </v1:request>
      </v1:serviceChangeRequest>
   </soapenv:Body>
</soapenv:Envelope>]]></con:request><con:credentials><con:selectedAuthProfile>Basic</con:selectedAuthProfile><con:addedBasicAuthenticationTypes>Basic</con:addedBasicAuthenticationTypes><con:authType>Global HTTP Settings</con:authType></con:credentials><con:jmsConfig JMSDeliveryMode="PERSISTENT"/><con:jmsPropertyConfig/><con:wsaConfig mustUnderstand="NONE" version="200508" action="http://fidus.brussels/services/exportfromregondesservice/serviceChange"/><con:wsrmConfig version="1.2"/></con:call><con:call id="85b6baf4-3552-4dae-80fc-236978c8fd4f" name="2 - Dev - Request - Error" incomingWss="Inflow DEV" outgoingWss="Outflow DEV"><con:settings><con:setting id="com.eviware.soapui.impl.wsdl.WsdlRequest@request-headers">&lt;xml-fragment/></con:setting></con:settings><con:encoding>UTF-8</con:encoding><con:endpoint>https://192.168.36.61:8243/services/ExportFromRegondesService_v1.0</con:endpoint><con:request><![CDATA[<soapenv:Envelope xmlns:soapenv="http://schemas.xmlsoap.org/soap/envelope/" xmlns:v1="http://fidus.brussels/service/exportfromregondesservice/messages/v1" xmlns:v11="http://fidus.brussels/type/common/messages/v1" xmlns:ser="http://www.minfin.fgov.be/regondes2/extern/taxservice/exports/serviceChanged" xmlns:com="http://www.minfin.fgov.be/regondes2/extern/taxservice/common">
   <soapenv:Header/>
   <soapenv:Body>
      <v1:serviceChangeRequest>
         <v1:messageContext>
            <v11:messageId>${=import static java.util.UUID.randomUUID; uuid = randomUUID() as String}</v11:messageId>
            <!--Optional:-->
            <v11:timestamp>${=new java.text.SimpleDateFormat("yyyy-MM-dd'T'HH:mm:ss.SSS").format(new Date())}</v11:timestamp>
         </v1:messageContext>
         <v1:legalContext>ServiceIntegrator</v1:legalContext>
         <v1:request>
            <ser:serviceChange>
               <!-- <ser:referenceFodFin>11223347</ser:referenceFodFin> --> <!-- Technical reference not found -->
               <!-- <ser:referenceFodFin>11223346</ser:referenceFodFin> --> <!-- Reference not found -->  
               <ser:referenceFodFin>11223345</ser:referenceFodFin> <!-- Requested dossier is already close -->
               <ser:initialService>
                  <!--Optional:-->
                  <com:technicalReference>1524</com:technicalReference>
                  <com:type>AAF</com:type>
                  <com:reference>reference</com:reference>
               </ser:initialService>
               <!--1 to 99 repetitions:-->
               <ser:transfer>
                  <ser:serviceName>CIRB</ser:serviceName>
                  <ser:dateIn>${=new java.text.SimpleDateFormat("yyyy-MM-dd").format(new Date())}</ser:dateIn>
                  <!--Optional:-->
                  <ser:dateOut>${=new java.text.SimpleDateFormat("yyyy-MM-dd").format(new Date())}</ser:dateOut>
                  <ser:official>
                     <ser:firstName>jean</ser:firstName>
                     <ser:lastName>baptist</ser:lastName>
                     <ser:phoneNumber>0452363621</ser:phoneNumber>
                     <ser:email>cisyapan@cirb.brussels</ser:email>
                  </ser:official>
               </ser:transfer>
            </ser:serviceChange>
         </v1:request>
      </v1:serviceChangeRequest>
   </soapenv:Body>
</soapenv:Envelope>]]></con:request><con:credentials><con:selectedAuthProfile>Basic</con:selectedAuthProfile><con:addedBasicAuthenticationTypes>Basic</con:addedBasicAuthenticationTypes><con:authType>Global HTTP Settings</con:authType></con:credentials><con:jmsConfig JMSDeliveryMode="PERSISTENT"/><con:jmsPropertyConfig/><con:wsaConfig mustUnderstand="NONE" version="200508" action="http://fidus.brussels/services/exportfromregondesservice/serviceChange"/><con:wsrmConfig version="1.2"/></con:call><con:call id="dfaffab6-b562-4f4d-b17c-3b9e11261054" name="3 - Test - LB - Request" incomingWss="Inflow TEST" outgoingWss="Outflow TEST"><con:settings><con:setting id="com.eviware.soapui.impl.wsdl.WsdlRequest@request-headers">&lt;xml-fragment/></con:setting></con:settings><con:encoding>UTF-8</con:encoding><con:endpoint>https://esb-security-gw.sta.srv.cirb.lan:8443/services/ExportFromRegondesService_v1.0</con:endpoint><con:request><![CDATA[<soapenv:Envelope xmlns:soapenv="http://schemas.xmlsoap.org/soap/envelope/" xmlns:v1="http://fidus.brussels/service/exportfromregondesservice/messages/v1" xmlns:v11="http://fidus.brussels/type/common/messages/v1" xmlns:ser="http://www.minfin.fgov.be/regondes2/extern/taxservice/exports/serviceChanged" xmlns:com="http://www.minfin.fgov.be/regondes2/extern/taxservice/common">
   <soapenv:Header/>
   <soapenv:Body>
      <v1:serviceChangeRequest>
         <v1:messageContext>
            <v11:messageId>${=import static java.util.UUID.randomUUID; uuid = randomUUID() as String}</v11:messageId>
            <!--Optional:-->
            <v11:timestamp>${=new java.text.SimpleDateFormat("yyyy-MM-dd'T'HH:mm:ss.SSS").format(new Date())}</v11:timestamp>
         </v1:messageContext>
         <v1:legalContext>ServiceIntegrator</v1:legalContext>
         <v1:request>
            <ser:serviceChange>
               <ser:referenceFodFin>11223344</ser:referenceFodFin>
               <ser:initialService>
                  <!--Optional:-->
                  <com:technicalReference>1524</com:technicalReference>
                  <com:type>AAF</com:type>
                  <com:reference>reference</com:reference>
               </ser:initialService>
               <!--1 to 99 repetitions:-->
               <ser:transfer>
                  <ser:serviceName>CIRB</ser:serviceName>
                  <ser:dateIn>${=new java.text.SimpleDateFormat("yyyy-MM-dd").format(new Date())}</ser:dateIn>
                  <!--Optional:-->
                  <ser:dateOut>${=new java.text.SimpleDateFormat("yyyy-MM-dd").format(new Date())}</ser:dateOut>
                  <ser:official>
                     <ser:firstName>jean</ser:firstName>
                     <ser:lastName>baptist</ser:lastName>
                     <ser:phoneNumber>0452363621</ser:phoneNumber>
                     <ser:email>cisyapan@cirb.brussels</ser:email>
                  </ser:official>
               </ser:transfer>
            </ser:serviceChange>
         </v1:request>
      </v1:serviceChangeRequest>
   </soapenv:Body>
</soapenv:Envelope>]]></con:request><con:credentials><con:selectedAuthProfile>Basic</con:selectedAuthProfile><con:addedBasicAuthenticationTypes>Basic</con:addedBasicAuthenticationTypes><con:authType>Global HTTP Settings</con:authType></con:credentials><con:jmsConfig JMSDeliveryMode="PERSISTENT"/><con:jmsPropertyConfig/><con:wsaConfig mustUnderstand="NONE" version="200508" action="http://fidus.brussels/services/exportfromregondesservice/serviceChange"/><con:wsrmConfig version="1.2"/></con:call><con:call id="0641bcff-867c-43b4-832d-44fceda9183a" name="3 - Test - Worker1 - Request" incomingWss="Inflow TEST" outgoingWss="Outflow TEST"><con:settings><con:setting id="com.eviware.soapui.impl.wsdl.WsdlRequest@request-headers">&lt;xml-fragment/></con:setting></con:settings><con:encoding>UTF-8</con:encoding><con:endpoint>https://192.168.22.53:8443/services/ExportFromRegondesService_v1.0</con:endpoint><con:request><![CDATA[<soapenv:Envelope xmlns:soapenv="http://schemas.xmlsoap.org/soap/envelope/" xmlns:v1="http://fidus.brussels/service/exportfromregondesservice/messages/v1" xmlns:v11="http://fidus.brussels/type/common/messages/v1" xmlns:ser="http://www.minfin.fgov.be/regondes2/extern/taxservice/exports/serviceChanged" xmlns:com="http://www.minfin.fgov.be/regondes2/extern/taxservice/common">
   <soapenv:Header/>
   <soapenv:Body>
      <v1:serviceChangeRequest>
         <v1:messageContext>
            <v11:messageId>${=import static java.util.UUID.randomUUID; uuid = randomUUID() as String}</v11:messageId>
            <!--Optional:-->
            <v11:timestamp>${=new java.text.SimpleDateFormat("yyyy-MM-dd'T'HH:mm:ss.SSS").format(new Date())}</v11:timestamp>
         </v1:messageContext>
         <v1:legalContext>ServiceIntegrator</v1:legalContext>
         <v1:request>
            <ser:serviceChange>
               <ser:referenceFodFin>11223344</ser:referenceFodFin>
               <ser:initialService>
                  <!--Optional:-->
                  <com:technicalReference>1524</com:technicalReference>
                  <com:type>AAF</com:type>
                  <com:reference>reference</com:reference>
               </ser:initialService>
               <!--1 to 99 repetitions:-->
               <ser:transfer>
                  <ser:serviceName>CIRB</ser:serviceName>
                  <ser:dateIn>${=new java.text.SimpleDateFormat("yyyy-MM-dd").format(new Date())}</ser:dateIn>
                  <!--Optional:-->
                  <ser:dateOut>${=new java.text.SimpleDateFormat("yyyy-MM-dd").format(new Date())}</ser:dateOut>
                  <ser:official>
                     <ser:firstName>jean</ser:firstName>
                     <ser:lastName>baptist</ser:lastName>
                     <ser:phoneNumber>0452363621</ser:phoneNumber>
                     <ser:email>cisyapan@cirb.brussels</ser:email>
                  </ser:official>
               </ser:transfer>
            </ser:serviceChange>
         </v1:request>
      </v1:serviceChangeRequest>
   </soapenv:Body>
</soapenv:Envelope>]]></con:request><con:credentials><con:selectedAuthProfile>Basic</con:selectedAuthProfile><con:addedBasicAuthenticationTypes>Basic</con:addedBasicAuthenticationTypes><con:authType>Global HTTP Settings</con:authType></con:credentials><con:jmsConfig JMSDeliveryMode="PERSISTENT"/><con:jmsPropertyConfig/><con:wsaConfig mustUnderstand="NONE" version="200508" action="http://fidus.brussels/services/exportfromregondesservice/serviceChange"/><con:wsrmConfig version="1.2"/></con:call><con:call id="58f3d893-69da-41e4-8114-4344d3db2aa5" name="3 - Test - Worker2 - Request" incomingWss="Inflow TEST" outgoingWss="Outflow TEST"><con:settings><con:setting id="com.eviware.soapui.impl.wsdl.WsdlRequest@request-headers">&lt;xml-fragment/></con:setting></con:settings><con:encoding>UTF-8</con:encoding><con:endpoint>https://192.168.22.54:8443/services/ExportFromRegondesService_v1.0</con:endpoint><con:request><![CDATA[<soapenv:Envelope xmlns:soapenv="http://schemas.xmlsoap.org/soap/envelope/" xmlns:v1="http://fidus.brussels/service/exportfromregondesservice/messages/v1" xmlns:v11="http://fidus.brussels/type/common/messages/v1" xmlns:ser="http://www.minfin.fgov.be/regondes2/extern/taxservice/exports/serviceChanged" xmlns:com="http://www.minfin.fgov.be/regondes2/extern/taxservice/common">
   <soapenv:Header/>
   <soapenv:Body>
      <v1:serviceChangeRequest>
         <v1:messageContext>
            <v11:messageId>${=import static java.util.UUID.randomUUID; uuid = randomUUID() as String}</v11:messageId>
            <!--Optional:-->
            <v11:timestamp>${=new java.text.SimpleDateFormat("yyyy-MM-dd'T'HH:mm:ss.SSS").format(new Date())}</v11:timestamp>
         </v1:messageContext>
         <v1:legalContext>ServiceIntegrator</v1:legalContext>
         <v1:request>
            <ser:serviceChange>
               <ser:referenceFodFin>11223344</ser:referenceFodFin>
               <ser:initialService>
                  <!--Optional:-->
                  <com:technicalReference>1524</com:technicalReference>
                  <com:type>AAF</com:type>
                  <com:reference>reference</com:reference>
               </ser:initialService>
               <!--1 to 99 repetitions:-->
               <ser:transfer>
                  <ser:serviceName>CIRB</ser:serviceName>
                  <ser:dateIn>${=new java.text.SimpleDateFormat("yyyy-MM-dd").format(new Date())}</ser:dateIn>
                  <!--Optional:-->
                  <ser:dateOut>${=new java.text.SimpleDateFormat("yyyy-MM-dd").format(new Date())}</ser:dateOut>
                  <ser:official>
                     <ser:firstName>jean</ser:firstName>
                     <ser:lastName>baptist</ser:lastName>
                     <ser:phoneNumber>0452363621</ser:phoneNumber>
                     <ser:email>cisyapan@cirb.brussels</ser:email>
                  </ser:official>
               </ser:transfer>
            </ser:serviceChange>
         </v1:request>
      </v1:serviceChangeRequest>
   </soapenv:Body>
</soapenv:Envelope>]]></con:request><con:credentials><con:selectedAuthProfile>Basic</con:selectedAuthProfile><con:addedBasicAuthenticationTypes>Basic</con:addedBasicAuthenticationTypes><con:authType>Global HTTP Settings</con:authType></con:credentials><con:jmsConfig JMSDeliveryMode="PERSISTENT"/><con:jmsPropertyConfig/><con:wsaConfig mustUnderstand="NONE" version="200508" action="http://fidus.brussels/services/exportfromregondesservice/serviceChange"/><con:wsrmConfig version="1.2"/></con:call><con:call id="8e7e26dc-d914-44c9-8f4f-f0e2e28d48b2" name="4 - Staging - LB - Request" incomingWss="Inflow STAGING" outgoingWss="Outflow STAGING"><con:settings><con:setting id="com.eviware.soapui.impl.wsdl.WsdlRequest@request-headers">&lt;xml-fragment/></con:setting></con:settings><con:encoding>UTF-8</con:encoding><con:endpoint>https://fidus-esb-sg.sta.srv.cirb.lan:8443/services/ExportFromRegondesService_v1.0</con:endpoint><con:request><![CDATA[<soapenv:Envelope xmlns:soapenv="http://schemas.xmlsoap.org/soap/envelope/" xmlns:v1="http://fidus.brussels/service/exportfromregondesservice/messages/v1" xmlns:v11="http://fidus.brussels/type/common/messages/v1" xmlns:ser="http://www.minfin.fgov.be/regondes2/extern/taxservice/exports/serviceChanged" xmlns:com="http://www.minfin.fgov.be/regondes2/extern/taxservice/common">
   <soapenv:Header/>
   <soapenv:Body>
      <v1:serviceChangeRequest>
         <v1:messageContext>
            <v11:messageId>${=import static java.util.UUID.randomUUID; uuid = randomUUID() as String}</v11:messageId>
            <!--Optional:-->
            <v11:timestamp>${=new java.text.SimpleDateFormat("yyyy-MM-dd'T'HH:mm:ss.SSS").format(new Date())}</v11:timestamp>
         </v1:messageContext>
         <v1:legalContext>ServiceIntegrator</v1:legalContext>
         <v1:request>
            <ser:serviceChange>
               <ser:referenceFodFin>11223344</ser:referenceFodFin>
               <ser:initialService>
                  <!--Optional:-->
                  <com:technicalReference>1524</com:technicalReference>
                  <com:type>AAF</com:type>
                  <com:reference>reference</com:reference>
               </ser:initialService>
               <!--1 to 99 repetitions:-->
               <ser:transfer>
                  <ser:serviceName>CIRB</ser:serviceName>
                  <ser:dateIn>${=new java.text.SimpleDateFormat("yyyy-MM-dd").format(new Date())}</ser:dateIn>
                  <!--Optional:-->
                  <ser:dateOut>${=new java.text.SimpleDateFormat("yyyy-MM-dd").format(new Date())}</ser:dateOut>
                  <ser:official>
                     <ser:firstName>jean</ser:firstName>
                     <ser:lastName>baptist</ser:lastName>
                     <ser:phoneNumber>0452363621</ser:phoneNumber>
                     <ser:email>cisyapan@cirb.brussels</ser:email>
                  </ser:official>
               </ser:transfer>
            </ser:serviceChange>
         </v1:request>
      </v1:serviceChangeRequest>
   </soapenv:Body>
</soapenv:Envelope>]]></con:request><con:credentials><con:selectedAuthProfile>Basic</con:selectedAuthProfile><con:addedBasicAuthenticationTypes>Basic</con:addedBasicAuthenticationTypes><con:authType>Global HTTP Settings</con:authType></con:credentials><con:jmsConfig JMSDeliveryMode="PERSISTENT"/><con:jmsPropertyConfig/><con:wsaConfig mustUnderstand="NONE" version="200508" action="http://fidus.brussels/services/exportfromregondesservice/serviceChange"/><con:wsrmConfig version="1.2"/></con:call><con:call id="60ff36ce-e2ab-4ff4-9b29-42f2f1a64e85" name="4 - Staging - Worker1 - Request" incomingWss="Inflow STAGING" outgoingWss="Outflow PROD"><con:settings><con:setting id="com.eviware.soapui.impl.wsdl.WsdlRequest@request-headers">&lt;xml-fragment/></con:setting></con:settings><con:encoding>UTF-8</con:encoding><con:endpoint>https://192.168.24.16:8443/services/ExportFromRegondesService_v1.0</con:endpoint><con:request><![CDATA[<soapenv:Envelope xmlns:soapenv="http://schemas.xmlsoap.org/soap/envelope/" xmlns:v1="http://fidus.brussels/service/exportfromregondesservice/messages/v1" xmlns:v11="http://fidus.brussels/type/common/messages/v1" xmlns:ser="http://www.minfin.fgov.be/regondes2/extern/taxservice/exports/serviceChanged" xmlns:com="http://www.minfin.fgov.be/regondes2/extern/taxservice/common">
   <soapenv:Header/>
   <soapenv:Body>
      <v1:serviceChangeRequest>
         <v1:messageContext>
            <v11:messageId>${=import static java.util.UUID.randomUUID; uuid = randomUUID() as String}</v11:messageId>
            <!--Optional:-->
            <v11:timestamp>${=new java.text.SimpleDateFormat("yyyy-MM-dd'T'HH:mm:ss.SSS").format(new Date())}</v11:timestamp>
         </v1:messageContext>
         <v1:legalContext>ServiceIntegrator</v1:legalContext>
         <v1:request>
            <ser:serviceChange>
               <ser:referenceFodFin>11223344</ser:referenceFodFin>
               <ser:initialService>
                  <!--Optional:-->
                  <com:technicalReference>1524</com:technicalReference>
                  <com:type>AAF</com:type>
                  <com:reference>reference</com:reference>
               </ser:initialService>
               <!--1 to 99 repetitions:-->
               <ser:transfer>
                  <ser:serviceName>CIRB</ser:serviceName>
                  <ser:dateIn>${=new java.text.SimpleDateFormat("yyyy-MM-dd").format(new Date())}</ser:dateIn>
                  <!--Optional:-->
                  <ser:dateOut>${=new java.text.SimpleDateFormat("yyyy-MM-dd").format(new Date())}</ser:dateOut>
                  <ser:official>
                     <ser:firstName>jean</ser:firstName>
                     <ser:lastName>baptist</ser:lastName>
                     <ser:phoneNumber>0452363621</ser:phoneNumber>
                     <ser:email>cisyapan@cirb.brussels</ser:email>
                  </ser:official>
               </ser:transfer>
            </ser:serviceChange>
         </v1:request>
      </v1:serviceChangeRequest>
   </soapenv:Body>
</soapenv:Envelope>]]></con:request><con:credentials><con:selectedAuthProfile>Basic</con:selectedAuthProfile><con:addedBasicAuthenticationTypes>Basic</con:addedBasicAuthenticationTypes><con:authType>Global HTTP Settings</con:authType></con:credentials><con:jmsConfig JMSDeliveryMode="PERSISTENT"/><con:jmsPropertyConfig/><con:wsaConfig mustUnderstand="NONE" version="200508" action="http://fidus.brussels/services/exportfromregondesservice/serviceChange"/><con:wsrmConfig version="1.2"/></con:call><con:call id="7b6a6f35-0a59-4dd7-9043-b8caa9c51cee" name="4 - Staging - Worker2 - Request" incomingWss="Inflow STAGING" outgoingWss="Outflow STAGING"><con:settings><con:setting id="com.eviware.soapui.impl.wsdl.WsdlRequest@request-headers">&lt;xml-fragment/></con:setting></con:settings><con:encoding>UTF-8</con:encoding><con:endpoint>https://192.168.24.17:8443/services/ExportFromRegondesService_v1.0</con:endpoint><con:request><![CDATA[<soapenv:Envelope xmlns:soapenv="http://schemas.xmlsoap.org/soap/envelope/" xmlns:v1="http://fidus.brussels/service/exportfromregondesservice/messages/v1" xmlns:v11="http://fidus.brussels/type/common/messages/v1" xmlns:ser="http://www.minfin.fgov.be/regondes2/extern/taxservice/exports/serviceChanged" xmlns:com="http://www.minfin.fgov.be/regondes2/extern/taxservice/common">
   <soapenv:Header/>
   <soapenv:Body>
      <v1:serviceChangeRequest>
         <v1:messageContext>
            <v11:messageId>${=import static java.util.UUID.randomUUID; uuid = randomUUID() as String}</v11:messageId>
            <!--Optional:-->
            <v11:timestamp>${=new java.text.SimpleDateFormat("yyyy-MM-dd'T'HH:mm:ss.SSS").format(new Date())}</v11:timestamp>
         </v1:messageContext>
         <v1:legalContext>ServiceIntegrator</v1:legalContext>
         <v1:request>
            <ser:serviceChange>
               <ser:referenceFodFin>11223344</ser:referenceFodFin>
               <ser:initialService>
                  <!--Optional:-->
                  <com:technicalReference>1524</com:technicalReference>
                  <com:type>AAF</com:type>
                  <com:reference>reference</com:reference>
               </ser:initialService>
               <!--1 to 99 repetitions:-->
               <ser:transfer>
                  <ser:serviceName>CIRB</ser:serviceName>
                  <ser:dateIn>${=new java.text.SimpleDateFormat("yyyy-MM-dd").format(new Date())}</ser:dateIn>
                  <!--Optional:-->
                  <ser:dateOut>${=new java.text.SimpleDateFormat("yyyy-MM-dd").format(new Date())}</ser:dateOut>
                  <ser:official>
                     <ser:firstName>jean</ser:firstName>
                     <ser:lastName>baptist</ser:lastName>
                     <ser:phoneNumber>0452363621</ser:phoneNumber>
                     <ser:email>cisyapan@cirb.brussels</ser:email>
                  </ser:official>
               </ser:transfer>
            </ser:serviceChange>
         </v1:request>
      </v1:serviceChangeRequest>
   </soapenv:Body>
</soapenv:Envelope>]]></con:request><con:credentials><con:selectedAuthProfile>Basic</con:selectedAuthProfile><con:addedBasicAuthenticationTypes>Basic</con:addedBasicAuthenticationTypes><con:authType>Global HTTP Settings</con:authType></con:credentials><con:jmsConfig JMSDeliveryMode="PERSISTENT"/><con:jmsPropertyConfig/><con:wsaConfig mustUnderstand="NONE" version="200508" action="http://fidus.brussels/services/exportfromregondesservice/serviceChange"/><con:wsrmConfig version="1.2"/></con:call><con:call id="df3ca399-03bc-4ca9-9bff-1d602240ef44" name="5 - Prod - LB - Request" incomingWss="Inflow PROD" outgoingWss="Outflow PROD"><con:settings><con:setting id="com.eviware.soapui.impl.wsdl.WsdlRequest@request-headers">&lt;xml-fragment/></con:setting></con:settings><con:encoding>UTF-8</con:encoding><con:endpoint>https://fidus-esb-sg.prd.srv.cirb.lan:8443/services/ExportFromRegondesService_v1.0</con:endpoint><con:request><![CDATA[<soapenv:Envelope xmlns:soapenv="http://schemas.xmlsoap.org/soap/envelope/" xmlns:v1="http://fidus.brussels/service/exportfromregondesservice/messages/v1" xmlns:v11="http://fidus.brussels/type/common/messages/v1" xmlns:ser="http://www.minfin.fgov.be/regondes2/extern/taxservice/exports/serviceChanged" xmlns:com="http://www.minfin.fgov.be/regondes2/extern/taxservice/common">
   <soapenv:Header/>
   <soapenv:Body>
      <v1:serviceChangeRequest>
         <v1:messageContext>
            <v11:messageId>${=import static java.util.UUID.randomUUID; uuid = randomUUID() as String}</v11:messageId>
            <!--Optional:-->
            <v11:timestamp>${=new java.text.SimpleDateFormat("yyyy-MM-dd'T'HH:mm:ss.SSS").format(new Date())}</v11:timestamp>
         </v1:messageContext>
         <v1:legalContext>ServiceIntegrator</v1:legalContext>
         <v1:request>
            <ser:serviceChange>
               <ser:referenceFodFin>11223344</ser:referenceFodFin>
               <ser:initialService>
                  <!--Optional:-->
                  <com:technicalReference>1524</com:technicalReference>
                  <com:type>AAF</com:type>
                  <com:reference>reference</com:reference>
               </ser:initialService>
               <!--1 to 99 repetitions:-->
               <ser:transfer>
                  <ser:serviceName>CIRB</ser:serviceName>
                  <ser:dateIn>${=new java.text.SimpleDateFormat("yyyy-MM-dd").format(new Date())}</ser:dateIn>
                  <!--Optional:-->
                  <ser:dateOut>${=new java.text.SimpleDateFormat("yyyy-MM-dd").format(new Date())}</ser:dateOut>
                  <ser:official>
                     <ser:firstName>jean</ser:firstName>
                     <ser:lastName>baptist</ser:lastName>
                     <ser:phoneNumber>0452363621</ser:phoneNumber>
                     <ser:email>cisyapan@cirb.brussels</ser:email>
                  </ser:official>
               </ser:transfer>
            </ser:serviceChange>
         </v1:request>
      </v1:serviceChangeRequest>
   </soapenv:Body>
</soapenv:Envelope>]]></con:request><con:credentials><con:selectedAuthProfile>Basic</con:selectedAuthProfile><con:addedBasicAuthenticationTypes>Basic</con:addedBasicAuthenticationTypes><con:authType>Global HTTP Settings</con:authType></con:credentials><con:jmsConfig JMSDeliveryMode="PERSISTENT"/><con:jmsPropertyConfig/><con:wsaConfig mustUnderstand="NONE" version="200508" action="http://fidus.brussels/services/exportfromregondesservice/serviceChange"/><con:wsrmConfig version="1.2"/></con:call><con:call id="bad66531-0aac-4768-84ba-08047ea530dd" name="5 - Prod - External - Request" incomingWss="Inflow PROD" outgoingWss="Outflow PROD"><con:settings><con:setting id="com.eviware.soapui.impl.wsdl.WsdlRequest@request-headers">&lt;xml-fragment/></con:setting></con:settings><con:encoding>UTF-8</con:encoding><con:endpoint>https://fidus.sec.brussels/services/ExportFromRegondesservice_v1.0</con:endpoint><con:request><![CDATA[<soapenv:Envelope xmlns:soapenv="http://schemas.xmlsoap.org/soap/envelope/" xmlns:v1="http://fidus.brussels/service/exportfromregondesservice/messages/v1" xmlns:v11="http://fidus.brussels/type/common/messages/v1" xmlns:ser="http://www.minfin.fgov.be/regondes2/extern/taxservice/exports/serviceChanged" xmlns:com="http://www.minfin.fgov.be/regondes2/extern/taxservice/common">
   <soapenv:Header/>
   <soapenv:Body>
      <v1:serviceChangeRequest>
         <v1:messageContext>
            <v11:messageId>${=import static java.util.UUID.randomUUID; uuid = randomUUID() as String}</v11:messageId>
            <!--Optional:-->
            <v11:timestamp>${=new java.text.SimpleDateFormat("yyyy-MM-dd'T'HH:mm:ss.SSS").format(new Date())}</v11:timestamp>
         </v1:messageContext>
         <v1:legalContext>ServiceIntegrator</v1:legalContext>
         <v1:request>
            <ser:serviceChange>
               <ser:referenceFodFin>11223344</ser:referenceFodFin>
               <ser:initialService>
                  <!--Optional:-->
                  <com:technicalReference>1524</com:technicalReference>
                  <com:type>AAF</com:type>
                  <com:reference>reference</com:reference>
               </ser:initialService>
               <!--1 to 99 repetitions:-->
               <ser:transfer>
                  <ser:serviceName>CIRB</ser:serviceName>
                  <ser:dateIn>${=new java.text.SimpleDateFormat("yyyy-MM-dd").format(new Date())}</ser:dateIn>
                  <!--Optional:-->
                  <ser:dateOut>${=new java.text.SimpleDateFormat("yyyy-MM-dd").format(new Date())}</ser:dateOut>
                  <ser:official>
                     <ser:firstName>jean</ser:firstName>
                     <ser:lastName>baptist</ser:lastName>
                     <ser:phoneNumber>0452363621</ser:phoneNumber>
                     <ser:email>cisyapan@cirb.brussels</ser:email>
                  </ser:official>
               </ser:transfer>
            </ser:serviceChange>
         </v1:request>
      </v1:serviceChangeRequest>
   </soapenv:Body>
</soapenv:Envelope>]]></con:request><con:credentials><con:selectedAuthProfile>Basic</con:selectedAuthProfile><con:addedBasicAuthenticationTypes>Basic</con:addedBasicAuthenticationTypes><con:authType>Global HTTP Settings</con:authType></con:credentials><con:jmsConfig JMSDeliveryMode="PERSISTENT"/><con:jmsPropertyConfig/><con:wsaConfig mustUnderstand="NONE" version="200508" action="http://fidus.brussels/services/exportfromregondesservice/serviceChange"/><con:wsrmConfig version="1.2"/></con:call><con:call id="108bd4cb-dc47-4dce-b4af-016cf971d1ab" name="5 - Prod - Worker1 - Request" incomingWss="Inflow PROD" outgoingWss="Outflow PROD"><con:settings><con:setting id="com.eviware.soapui.impl.wsdl.WsdlRequest@request-headers">&lt;xml-fragment/></con:setting></con:settings><con:encoding>UTF-8</con:encoding><con:endpoint>https://192.168.26.22:8443/services/ExportFromRegondesService_v1.0</con:endpoint><con:request><![CDATA[<soapenv:Envelope xmlns:soapenv="http://schemas.xmlsoap.org/soap/envelope/" xmlns:v1="http://fidus.brussels/service/exportfromregondesservice/messages/v1" xmlns:v11="http://fidus.brussels/type/common/messages/v1" xmlns:ser="http://www.minfin.fgov.be/regondes2/extern/taxservice/exports/serviceChanged" xmlns:com="http://www.minfin.fgov.be/regondes2/extern/taxservice/common">
   <soapenv:Header/>
   <soapenv:Body>
      <v1:serviceChangeRequest>
         <v1:messageContext>
            <v11:messageId>${=import static java.util.UUID.randomUUID; uuid = randomUUID() as String}</v11:messageId>
            <!--Optional:-->
            <v11:timestamp>${=new java.text.SimpleDateFormat("yyyy-MM-dd'T'HH:mm:ss.SSS").format(new Date())}</v11:timestamp>
         </v1:messageContext>
         <v1:legalContext>ServiceIntegrator</v1:legalContext>
         <v1:request>
            <ser:serviceChange>
               <ser:referenceFodFin>11223344</ser:referenceFodFin>
               <ser:initialService>
                  <!--Optional:-->
                  <com:technicalReference>1524</com:technicalReference>
                  <com:type>AAF</com:type>
                  <com:reference>reference</com:reference>
               </ser:initialService>
               <!--1 to 99 repetitions:-->
               <ser:transfer>
                  <ser:serviceName>CIRB</ser:serviceName>
                  <ser:dateIn>${=new java.text.SimpleDateFormat("yyyy-MM-dd").format(new Date())}</ser:dateIn>
                  <!--Optional:-->
                  <ser:dateOut>${=new java.text.SimpleDateFormat("yyyy-MM-dd").format(new Date())}</ser:dateOut>
                  <ser:official>
                     <ser:firstName>jean</ser:firstName>
                     <ser:lastName>baptist</ser:lastName>
                     <ser:phoneNumber>0452363621</ser:phoneNumber>
                     <ser:email>cisyapan@cirb.brussels</ser:email>
                  </ser:official>
               </ser:transfer>
            </ser:serviceChange>
         </v1:request>
      </v1:serviceChangeRequest>
   </soapenv:Body>
</soapenv:Envelope>]]></con:request><con:credentials><con:selectedAuthProfile>Basic</con:selectedAuthProfile><con:addedBasicAuthenticationTypes>Basic</con:addedBasicAuthenticationTypes><con:authType>Global HTTP Settings</con:authType></con:credentials><con:jmsConfig JMSDeliveryMode="PERSISTENT"/><con:jmsPropertyConfig/><con:wsaConfig mustUnderstand="NONE" version="200508" action="http://fidus.brussels/services/exportfromregondesservice/serviceChange"/><con:wsrmConfig version="1.2"/></con:call><con:call id="d3626e85-4d60-4652-b0e3-349cba436538" name="5 - Prod - Worker2 - Request" incomingWss="Inflow PROD" outgoingWss="Outflow PROD"><con:settings><con:setting id="com.eviware.soapui.impl.wsdl.WsdlRequest@request-headers">&lt;xml-fragment/></con:setting></con:settings><con:encoding>UTF-8</con:encoding><con:endpoint>https://192.168.26.19:8443/services/ExportFromRegondesService_v1.0</con:endpoint><con:request><![CDATA[<soapenv:Envelope xmlns:soapenv="http://schemas.xmlsoap.org/soap/envelope/" xmlns:v1="http://fidus.brussels/service/exportfromregondesservice/messages/v1" xmlns:v11="http://fidus.brussels/type/common/messages/v1" xmlns:ser="http://www.minfin.fgov.be/regondes2/extern/taxservice/exports/serviceChanged" xmlns:com="http://www.minfin.fgov.be/regondes2/extern/taxservice/common">
   <soapenv:Header/>
   <soapenv:Body>
      <v1:serviceChangeRequest>
         <v1:messageContext>
            <v11:messageId>${=import static java.util.UUID.randomUUID; uuid = randomUUID() as String}</v11:messageId>
            <!--Optional:-->
            <v11:timestamp>${=new java.text.SimpleDateFormat("yyyy-MM-dd'T'HH:mm:ss.SSS").format(new Date())}</v11:timestamp>
         </v1:messageContext>
         <v1:legalContext>ServiceIntegrator</v1:legalContext>
         <v1:request>
            <ser:serviceChange>
               <ser:referenceFodFin>11223344</ser:referenceFodFin>
               <ser:initialService>
                  <!--Optional:-->
                  <com:technicalReference>1524</com:technicalReference>
                  <com:type>AAF</com:type>
                  <com:reference>reference</com:reference>
               </ser:initialService>
               <!--1 to 99 repetitions:-->
               <ser:transfer>
                  <ser:serviceName>CIRB</ser:serviceName>
                  <ser:dateIn>${=new java.text.SimpleDateFormat("yyyy-MM-dd").format(new Date())}</ser:dateIn>
                  <!--Optional:-->
                  <ser:dateOut>${=new java.text.SimpleDateFormat("yyyy-MM-dd").format(new Date())}</ser:dateOut>
                  <ser:official>
                     <ser:firstName>jean</ser:firstName>
                     <ser:lastName>baptist</ser:lastName>
                     <ser:phoneNumber>0452363621</ser:phoneNumber>
                     <ser:email>cisyapan@cirb.brussels</ser:email>
                  </ser:official>
               </ser:transfer>
            </ser:serviceChange>
         </v1:request>
      </v1:serviceChangeRequest>
   </soapenv:Body>
</soapenv:Envelope>]]></con:request><con:credentials><con:selectedAuthProfile>Basic</con:selectedAuthProfile><con:addedBasicAuthenticationTypes>Basic</con:addedBasicAuthenticationTypes><con:authType>Global HTTP Settings</con:authType></con:credentials><con:jmsConfig JMSDeliveryMode="PERSISTENT"/><con:jmsPropertyConfig/><con:wsaConfig mustUnderstand="NONE" version="200508" action="http://fidus.brussels/services/exportfromregondesservice/serviceChange"/><con:wsrmConfig version="1.2"/></con:call><con:call id="2b095a25-4106-4aec-a132-1c7e69d8d5e6" name="3 - Test - External - Request" incomingWss="Inflow TEST" outgoingWss="Outflow TEST"><con:settings><con:setting id="com.eviware.soapui.impl.wsdl.WsdlRequest@request-headers">&lt;xml-fragment/></con:setting></con:settings><con:encoding>UTF-8</con:encoding><con:endpoint>https://fidus-test.irisnetlab.be/services/ExportFromRegondesService_v1.0</con:endpoint><con:request><![CDATA[<soapenv:Envelope xmlns:soapenv="http://schemas.xmlsoap.org/soap/envelope/" xmlns:v1="http://fidus.brussels/service/exportfromregondesservice/messages/v1" xmlns:v11="http://fidus.brussels/type/common/messages/v1" xmlns:ser="http://www.minfin.fgov.be/regondes2/extern/taxservice/exports/serviceChanged" xmlns:com="http://www.minfin.fgov.be/regondes2/extern/taxservice/common">
   <soapenv:Header/>
   <soapenv:Body>
      <v1:serviceChangeRequest>
         <v1:messageContext>
            <v11:messageId>${=import static java.util.UUID.randomUUID; uuid = randomUUID() as String}</v11:messageId>
            <!--Optional:-->
            <v11:timestamp>${=new java.text.SimpleDateFormat("yyyy-MM-dd'T'HH:mm:ss.SSS").format(new Date())}</v11:timestamp>
         </v1:messageContext>
         <v1:legalContext>ServiceIntegrator</v1:legalContext>
         <v1:request>
            <ser:serviceChange>
               <ser:referenceFodFin>11223344</ser:referenceFodFin>
               <ser:initialService>
                  <!--Optional:-->
                  <com:technicalReference>1524</com:technicalReference>
                  <com:type>AAF</com:type>
                  <com:reference>reference</com:reference>
               </ser:initialService>
               <!--1 to 99 repetitions:-->
               <ser:transfer>
                  <ser:serviceName>CIRB</ser:serviceName>
                  <ser:dateIn>${=new java.text.SimpleDateFormat("yyyy-MM-dd").format(new Date())}</ser:dateIn>
                  <!--Optional:-->
                  <ser:dateOut>${=new java.text.SimpleDateFormat("yyyy-MM-dd").format(new Date())}</ser:dateOut>
                  <ser:official>
                     <ser:firstName>jean</ser:firstName>
                     <ser:lastName>baptist</ser:lastName>
                     <ser:phoneNumber>0452363621</ser:phoneNumber>
                     <ser:email>cisyapan@cirb.brussels</ser:email>
                  </ser:official>
               </ser:transfer>
            </ser:serviceChange>
         </v1:request>
      </v1:serviceChangeRequest>
   </soapenv:Body>
</soapenv:Envelope>]]></con:request><con:credentials><con:selectedAuthProfile>Basic</con:selectedAuthProfile><con:addedBasicAuthenticationTypes>Basic</con:addedBasicAuthenticationTypes><con:authType>Global HTTP Settings</con:authType></con:credentials><con:jmsConfig JMSDeliveryMode="PERSISTENT"/><con:jmsPropertyConfig/><con:wsaConfig mustUnderstand="NONE" version="200508" action="http://fidus.brussels/services/exportfromregondesservice/serviceChange"/><con:wsrmConfig version="1.2"/></con:call><con:call id="200a76cc-28eb-4985-80c4-5162b0a2bd8e" name="4 - Staging - External - Request" incomingWss="Inflow STAGING" outgoingWss="Outflow STAGING"><con:settings><con:setting id="com.eviware.soapui.impl.wsdl.WsdlRequest@request-headers">&lt;xml-fragment/></con:setting></con:settings><con:encoding>UTF-8</con:encoding><con:endpoint>https://fidus.irisnetlab.be/services/ExportFromRegondesService_v1.0</con:endpoint><con:request><![CDATA[<soapenv:Envelope xmlns:soapenv="http://schemas.xmlsoap.org/soap/envelope/" xmlns:v1="http://fidus.brussels/service/exportfromregondesservice/messages/v1" xmlns:v11="http://fidus.brussels/type/common/messages/v1" xmlns:ser="http://www.minfin.fgov.be/regondes2/extern/taxservice/exports/serviceChanged" xmlns:com="http://www.minfin.fgov.be/regondes2/extern/taxservice/common">
   <soapenv:Header/>
   <soapenv:Body>
      <v1:serviceChangeRequest>
         <v1:messageContext>
            <v11:messageId>${=import static java.util.UUID.randomUUID; uuid = randomUUID() as String}</v11:messageId>
            <!--Optional:-->
            <v11:timestamp>${=new java.text.SimpleDateFormat("yyyy-MM-dd'T'HH:mm:ss.SSS").format(new Date())}</v11:timestamp>
         </v1:messageContext>
         <v1:legalContext>ServiceIntegrator</v1:legalContext>
         <v1:request>
            <ser:serviceChange>
               <ser:referenceFodFin>11223344</ser:referenceFodFin>
               <ser:initialService>
                  <!--Optional:-->
                  <com:technicalReference>1524</com:technicalReference>
                  <com:type>AAF</com:type>
                  <com:reference>reference</com:reference>
               </ser:initialService>
               <!--1 to 99 repetitions:-->
               <ser:transfer>
                  <ser:serviceName>CIRB</ser:serviceName>
                  <ser:dateIn>${=new java.text.SimpleDateFormat("yyyy-MM-dd").format(new Date())}</ser:dateIn>
                  <!--Optional:-->
                  <ser:dateOut>${=new java.text.SimpleDateFormat("yyyy-MM-dd").format(new Date())}</ser:dateOut>
                  <ser:official>
                     <ser:firstName>jean</ser:firstName>
                     <ser:lastName>baptist</ser:lastName>
                     <ser:phoneNumber>0452363621</ser:phoneNumber>
                     <ser:email>cisyapan@cirb.brussels</ser:email>
                  </ser:official>
               </ser:transfer>
            </ser:serviceChange>
         </v1:request>
      </v1:serviceChangeRequest>
   </soapenv:Body>
</soapenv:Envelope>]]></con:request><con:credentials><con:selectedAuthProfile>Basic</con:selectedAuthProfile><con:addedBasicAuthenticationTypes>Basic</con:addedBasicAuthenticationTypes><con:authType>Global HTTP Settings</con:authType></con:credentials><con:jmsConfig JMSDeliveryMode="PERSISTENT"/><con:jmsPropertyConfig/><con:wsaConfig mustUnderstand="NONE" version="200508" action="http://fidus.brussels/services/exportfromregondesservice/serviceChange"/><con:wsrmConfig version="1.2"/></con:call></con:operation></con:interface><con:interface xsi:type="con:WsdlInterface" id="7afbf0d9-0c47-4cf5-94c2-493a5698e812" wsaVersion="NONE" name="ImportToRegondesServiceHTTPBinding" type="wsdl" bindingName="{http://fidus.brussels/service/importtoregondesservice/v1}ImportToRegondesServiceHTTPBinding" soapVersion="1_1" anonymous="optional" definition="file:/home/isr/git/parent/importtoregondesservice/ImportToRegondesServiceGateway/src/main/resources/wsdl/importToRegondesService/1.0.0/ImportToRegondesService_v1.wsdl" xmlns:xsi="http://www.w3.org/2001/XMLSchema-instance"><con:settings/><con:definitionCache type="TEXT" rootPart="file:/home/isr/git/parent/importtoregondesservice/ImportToRegondesServiceGateway/src/main/resources/wsdl/importToRegondesService/1.0.0/ImportToRegondesService_v1.wsdl"><con:part><con:url>file:/home/isr/git/parent/importtoregondesservice/ImportToRegondesServiceGateway/src/main/resources/wsdl/importToRegondesService/1.0.0/ImportToRegondesService_v1.wsdl</con:url><con:content><![CDATA[<wsdl:definitions targetNamespace="http://fidus.brussels/service/importtoregondesservice/v1" name="ImportToRegondesService" xmlns:soap="http://schemas.xmlsoap.org/wsdl/soap/" xmlns:wsdl="http://schemas.xmlsoap.org/wsdl/" xmlns:xsd="http://www.w3.org/2001/XMLSchema" xmlns:mes="http://fidus.brussels/service/importtoregondesservice/messages/v1" xmlns:tns="http://fidus.brussels/service/importtoregondesservice/v1">
  <xsd:annotation>
    <xsd:documentation>ImportToRegondesService WDSL v1.</xsd:documentation>
  </xsd:annotation>
  <wsdl:types>
    <xsd:schema targetNamespace="http://fidus.brussels/service/importtoregondesservice/v1" elementFormDefault="qualified">
      <xsd:import namespace="http://fidus.brussels/service/importtoregondesservice/messages/v1" schemaLocation="messages/importToRegondesServiceMessages_v1.xsd"/>
    </xsd:schema>
  </wsdl:types>
  <wsdl:message name="exportDossierRequestMessage">
    <wsdl:part name="exportDossierRequest" element="mes:exportDossierRequest"/>
  </wsdl:message>
  <wsdl:message name="exportSupplementaryInformationRequestMessage">
    <wsdl:part name="exportsupplementaryInformationRequest" element="mes:exportSupplementaryInformationRequest"/>
  </wsdl:message>
  <wsdl:message name="reportOutputResponseMessage">
    <wsdl:part name="reportResponse" element="mes:reportResponse"/>
  </wsdl:message>
  <wsdl:portType name="ImportToRegondesServicePortType">
    <wsdl:operation name="exportDossier">
      <wsdl:input message="tns:exportDossierRequestMessage"/>
      <wsdl:output message="tns:reportOutputResponseMessage"/>
    </wsdl:operation>
    <wsdl:operation name="exportSupplementaryInformation">
      <wsdl:input message="tns:exportSupplementaryInformationRequestMessage"/>
      <wsdl:output message="tns:reportOutputResponseMessage"/>
    </wsdl:operation>
  </wsdl:portType>
  <wsdl:binding name="ImportToRegondesServiceHTTPBinding" type="tns:ImportToRegondesServicePortType">
    <soap:binding style="document" transport="http://schemas.xmlsoap.org/soap/http"/>
    <wsdl:operation name="exportDossier">
      <soap:operation soapAction="http://fidus.brussels/services/importtoregondesservice/importDossier"/>
      <wsdl:input>
        <soap:body use="literal"/>
      </wsdl:input>
      <wsdl:output>
        <soap:body use="literal"/>
      </wsdl:output>
    </wsdl:operation>
    <wsdl:operation name="exportSupplementaryInformation">
      <soap:operation soapAction="http://fidus.brussels/services/importtoregondesservice/importSupplementaryInformation"/>
      <wsdl:input>
        <soap:body use="literal"/>
      </wsdl:input>
      <wsdl:output>
        <soap:body use="literal"/>
      </wsdl:output>
    </wsdl:operation>
  </wsdl:binding>
  <wsdl:service name="ImportToRegondesService_v1">
    <wsdl:port name="ImportToRegondesService_v1" binding="tns:ImportToRegondesServiceHTTPBinding">
      <soap:address location="http://fidus.brussels/services/importtoregondesservice/v1"/>
    </wsdl:port>
  </wsdl:service>
</wsdl:definitions>]]></con:content><con:type>http://schemas.xmlsoap.org/wsdl/</con:type></con:part><con:part><con:url>file:/home/isr/git/parent/importtoregondesservice/ImportToRegondesServiceGateway/src/main/resources/wsdl/importToRegondesService/1.0.0/messages/importToRegondesServiceMessages_v1.xsd</con:url><con:content><![CDATA[<xsd:schema targetNamespace="http://fidus.brussels/service/importtoregondesservice/messages/v1" elementFormDefault="qualified" attributeFormDefault="unqualified" version="1.0" xmlns:xsd="http://www.w3.org/2001/XMLSchema" xmlns:cme="http://fidus.brussels/type/common/messages/v1" xmlns:exc="http://fidus.brussels/type/common/exceptions/v1" xmlns:dos="http://www.minfin.fgov.be/regondes2/extern/taxservice/imports/dossier" xmlns:sup="http://www.minfin.fgov.be/regondes2/extern/taxservice/imports/supplementaryInformation" xmlns:com="http://www.minfin.fgov.be/regondes2/extern/taxservice/common" xmlns:tns="http://fidus.brussels/service/importtoregondesservice/messages/v1">
  <xsd:import namespace="http://fidus.brussels/type/common/messages/v1" schemaLocation="baseMessageTypes_v1.xsd"/>
  <xsd:import namespace="http://fidus.brussels/type/common/exceptions/v1" schemaLocation="exceptionTypes_v1.xsd"/>
  <xsd:import namespace="http://www.minfin.fgov.be/regondes2/extern/taxservice/imports/dossier" schemaLocation="../regondes/Regondes2ImportDossier.xsd"/>
  <xsd:import namespace="http://www.minfin.fgov.be/regondes2/extern/taxservice/imports/supplementaryInformation" schemaLocation="../regondes/Regondes2ImportSupplementaryInformation.xsd"/>
  <xsd:import namespace="http://www.minfin.fgov.be/regondes2/extern/taxservice/common" schemaLocation="../regondes/Regondes2Common.xsd"/>
  <xsd:complexType name="ExportDossierType">
    <xsd:annotation>
      <xsd:documentation>The person whose information is requested.</xsd:documentation>
    </xsd:annotation>
    <xsd:sequence>
      <xsd:element ref="dos:dossier"/>
    </xsd:sequence>
  </xsd:complexType>
  <xsd:complexType name="ExportSupplementaryInformationType">
    <xsd:annotation>
      <xsd:documentation>The person whose information is requested.</xsd:documentation>
    </xsd:annotation>
    <xsd:sequence>
      <xsd:element ref="sup:supplementaryInformation"/>
    </xsd:sequence>
  </xsd:complexType>
  <!--Request getImportToRegondesService definition-->
  <xsd:complexType name="GetExportDossierRequestType">
    <xsd:sequence>
      <xsd:element name="messageContext" type="cme:RequestMessageContextType"/>
      <xsd:element name="legalContext" type="cme:LegalContextType"/>
      <xsd:element name="request" type="tns:ExportDossierType"/>
    </xsd:sequence>
  </xsd:complexType>
  <!--Request getImportToRegondesService definition-->
  <xsd:complexType name="GetExportSupplementaryInformationRequestType">
    <xsd:sequence>
      <xsd:element name="messageContext" type="cme:RequestMessageContextType"/>
      <xsd:element name="legalContext" type="cme:LegalContextType"/>
      <xsd:element name="request" type="tns:ExportSupplementaryInformationType"/>
    </xsd:sequence>
  </xsd:complexType>
  <!--Request getImportToRegondesService definition-->
  <xsd:complexType name="GetReportResponseType">
    <xsd:sequence>
      <xsd:element name="messageContext" type="cme:ResponseMessageContextType"/>
      <xsd:element name="responses" type="tns:ResponsesType" minOccurs="0"/>
      <xsd:element name="exceptions" type="exc:ExceptionsType" minOccurs="0">
        <xsd:annotation>
          <xsd:documentation>Technical errors that occur when processing the message context e.g. insufficient rights.</xsd:documentation>
        </xsd:annotation>
      </xsd:element>
    </xsd:sequence>
  </xsd:complexType>
  <xsd:complexType name="ResponsesType">
    <xsd:sequence>
      <xsd:element name="response" type="tns:ResponseType" minOccurs="1" maxOccurs="1"/>
    </xsd:sequence>
  </xsd:complexType>
  <xsd:complexType name="ResponseType">
    <xsd:sequence>
      <xsd:element ref="com:report" minOccurs="0" maxOccurs="1"/>
      <xsd:element name="exceptions" type="exc:ExceptionsType" minOccurs="0">
        <xsd:annotation>
          <xsd:documentation>Business exceptions that occur when processing the request or response e.g. missing data for a single response element.
						Exceptions at this level may contain back-end specific codes and content.</xsd:documentation>
        </xsd:annotation>
      </xsd:element>
    </xsd:sequence>
  </xsd:complexType>
  <!--Element of the request and the response-->
  <xsd:element name="exportDossierRequest" type="tns:GetExportDossierRequestType"/>
  <xsd:element name="exportSupplementaryInformationRequest" type="tns:GetExportSupplementaryInformationRequestType"/>
  <xsd:element name="reportResponse" type="tns:GetReportResponseType"/>
</xsd:schema>]]></con:content><con:type>http://www.w3.org/2001/XMLSchema</con:type></con:part><con:part><con:url>file:/home/isr/git/parent/importtoregondesservice/ImportToRegondesServiceGateway/src/main/resources/wsdl/importToRegondesService/1.0.0/messages/baseMessageTypes_v1.xsd</con:url><con:content><![CDATA[<xsd:schema targetNamespace="http://fidus.brussels/type/common/messages/v1" elementFormDefault="qualified" attributeFormDefault="unqualified" version="1.0" xmlns:xsd="http://www.w3.org/2001/XMLSchema" xmlns:cmn="http://fidus.brussels/type/common/v1" xmlns:tns="http://fidus.brussels/type/common/messages/v1">
  <!--Unformatted message Id-->
  <xsd:simpleType name="MessageIdType">
    <xsd:restriction base="xsd:string">
      <xsd:minLength value="1"/>
      <xsd:maxLength value="64"/>
    </xsd:restriction>
  </xsd:simpleType>
  <!--National Number of the person. Format depending on the Register-->
  <xsd:simpleType name="PersonNumberType">
    <xsd:restriction base="xsd:string">
      <xsd:pattern value="[0-9][0-9](([0][0-9])|([1][0-2]))(([0-2][0-9])|([3][0-1]))(([0-9]{2}[1-9])|([0-9][1-9][0-9])|([1-9][0-9]{2}))(([0-8][0-9])|([9][0-7]))">
        <xsd:annotation>
          <xsd:documentation>National Register format</xsd:documentation>
        </xsd:annotation>
      </xsd:pattern>
      <xsd:pattern value="[0-9][0-9](([2][0-9])|([3][0-2]))(([0-2][0-9])|([3][0-1]))[0-9]{3}(([0-8][0-9])|([9][0-7]))">
        <xsd:annotation>
          <xsd:documentation>CBSS Register format: Bis Register</xsd:documentation>
        </xsd:annotation>
      </xsd:pattern>
      <xsd:pattern value="[0-9][0-9](([4][0-9])|([5][0-2]))(([0-2][0-9])|([3][0-1]))[0-9]{3}(([0-8][0-9])|([9][0-7]))">
        <xsd:annotation>
          <xsd:documentation>CBSS Register format: Ter Register</xsd:documentation>
        </xsd:annotation>
      </xsd:pattern>
    </xsd:restriction>
  </xsd:simpleType>
  <!--Request message context-->
  <xsd:complexType name="RequestMessageContextType">
    <xsd:annotation>
      <xsd:documentation>Message context block generated by the consumer.</xsd:documentation>
    </xsd:annotation>
    <xsd:sequence>
      <xsd:element name="messageId" type="tns:MessageIdType">
        <xsd:annotation>
          <xsd:documentation>Consumer must assign their own MessageId reference for the request.</xsd:documentation>
        </xsd:annotation>
      </xsd:element>
      <xsd:element name="timestamp" type="xsd:dateTime" minOccurs="0">
        <xsd:annotation>
          <xsd:documentation>Timestamp when client sent request.</xsd:documentation>
        </xsd:annotation>
      </xsd:element>
    </xsd:sequence>
  </xsd:complexType>
  <!--Response message context-->
  <xsd:complexType name="ResponseMessageContextType">
    <xsd:annotation>
      <xsd:documentation>MessageContext block generated by fidus.</xsd:documentation>
    </xsd:annotation>
    <xsd:sequence>
      <xsd:element name="messageId" type="tns:MessageIdType">
        <xsd:annotation>
          <xsd:documentation>A unique identifier generated by fidus.</xsd:documentation>
        </xsd:annotation>
      </xsd:element>
      <xsd:element name="transactionId" type="tns:MessageIdType">
        <xsd:annotation>
          <xsd:documentation>A unique ID returned to the client for tracing purposes.</xsd:documentation>
        </xsd:annotation>
      </xsd:element>
      <xsd:element name="relatesTo" type="tns:MessageIdType" minOccurs="0">
        <xsd:annotation>
          <xsd:documentation>Optional field. The unique id of a previous batch file in this exchange Only used for responses.</xsd:documentation>
        </xsd:annotation>
      </xsd:element>
      <xsd:element name="timestamp" type="xsd:dateTime" minOccurs="0">
        <xsd:annotation>
          <xsd:documentation>Time reply sent by fidus.</xsd:documentation>
        </xsd:annotation>
      </xsd:element>
    </xsd:sequence>
  </xsd:complexType>
  <!--Legal Context : the finality of the Privacy Commission-->
  <xsd:simpleType name="LegalContextType">
    <xsd:restriction base="xsd:string">
      <xsd:minLength value="1"/>
      <xsd:maxLength value="64"/>
    </xsd:restriction>
  </xsd:simpleType>
  <xsd:complexType name="UserContextType">
    <xsd:annotation>
      <xsd:documentation>The user context defines information regarding the actual user performing a request.</xsd:documentation>
    </xsd:annotation>
    <xsd:sequence>
      <xsd:element name="language" type="xsd:language" nillable="true">
        <xsd:annotation>
          <xsd:documentation>The preferred language of the actual user performing the request.
						This influences the language in which response elements are cast.</xsd:documentation>
        </xsd:annotation>
      </xsd:element>
    </xsd:sequence>
  </xsd:complexType>
</xsd:schema>]]></con:content><con:type>http://www.w3.org/2001/XMLSchema</con:type></con:part><con:part><con:url>file:/home/isr/git/parent/importtoregondesservice/ImportToRegondesServiceGateway/src/main/resources/wsdl/importToRegondesService/1.0.0/messages/exceptionTypes_v1.xsd</con:url><con:content><![CDATA[<xsd:schema targetNamespace="http://fidus.brussels/type/common/exceptions/v1" elementFormDefault="qualified" attributeFormDefault="unqualified" version="1.0" xmlns:xsd="http://www.w3.org/2001/XMLSchema" xmlns:tns="http://fidus.brussels/type/common/exceptions/v1">
  <!--Basic error typed-->
  <xsd:complexType name="ExceptionsType">
    <xsd:sequence>
      <xsd:element name="exception" type="tns:ExceptionType" maxOccurs="unbounded"/>
    </xsd:sequence>
  </xsd:complexType>
  <xsd:complexType name="ExceptionType">
    <xsd:sequence>
      <xsd:element name="type" type="tns:ExceptionClassType"/>
      <xsd:element name="code" type="tns:ExceptionCodeType"/>
      <xsd:element name="source" type="tns:ExceptionSourceType"/>
      <xsd:element name="description" type="tns:ExceptionDescriptionType"/>
    </xsd:sequence>
  </xsd:complexType>
  <xsd:simpleType name="ExceptionClassType">
    <xsd:restriction base="xsd:string">
      <xsd:enumeration value="ERROR"/>
      <xsd:enumeration value="WARNING"/>
      <xsd:enumeration value="INFO"/>
    </xsd:restriction>
  </xsd:simpleType>
  <xsd:simpleType name="ExceptionCodeType">
    <xsd:restriction base="xsd:string">
      <xsd:maxLength value="20"/>
    </xsd:restriction>
  </xsd:simpleType>
  <xsd:simpleType name="ExceptionSourceType">
    <xsd:restriction base="xsd:string">
      <xsd:maxLength value="20"/>
    </xsd:restriction>
  </xsd:simpleType>
  <xsd:simpleType name="ExceptionDescriptionType">
    <xsd:restriction base="xsd:string"/>
  </xsd:simpleType>
</xsd:schema>]]></con:content><con:type>http://www.w3.org/2001/XMLSchema</con:type></con:part><con:part><con:url>file:/home/isr/git/parent/importtoregondesservice/ImportToRegondesServiceGateway/src/main/resources/wsdl/importToRegondesService/1.0.0/regondes/Regondes2ImportDossier.xsd</con:url><con:content><![CDATA[<!--Regondes2ImportDossier.xsd version 1.0-->
<xs:schema targetNamespace="http://www.minfin.fgov.be/regondes2/extern/taxservice/imports/dossier" elementFormDefault="qualified" attributeFormDefault="unqualified" xmlns="http://www.minfin.fgov.be/regondes2/extern/taxservice/imports/dossier" xmlns:xs="http://www.w3.org/2001/XMLSchema" xmlns:com="http://www.minfin.fgov.be/regondes2/extern/taxservice/common">
  <xs:import namespace="http://www.minfin.fgov.be/regondes2/extern/taxservice/common" schemaLocation="Regondes2Common.xsd"/>
  <xs:element name="dossier">
    <xs:complexType>
      <xs:sequence>
        <xs:element name="language">
          <xs:annotation>
            <xs:documentation>Language in which the dossier was drafted.</xs:documentation>
          </xs:annotation>
          <xs:simpleType>
            <xs:restriction base="xs:string">
              <xs:enumeration value="NL"/>
              <xs:enumeration value="FR"/>
              <xs:enumeration value="DE"/>
            </xs:restriction>
          </xs:simpleType>
        </xs:element>
        <xs:element name="fiscalYear" type="com:fiscalYearType">
          <xs:annotation>
            <xs:documentation>Fiscal year</xs:documentation>
          </xs:annotation>
        </xs:element>
        <xs:element name="initialService" type="com:completeInitialService"/>
        <xs:element name="patrimonyInformation">
          <xs:complexType>
            <xs:sequence>
              <xs:element name="cadastralDivisionCode">
                <xs:annotation>
                  <xs:documentation>Cadastral division code</xs:documentation>
                </xs:annotation>
                <xs:simpleType>
                  <xs:restriction base="xs:string">
                    <xs:maxLength value="30"/>
                    <xs:minLength value="1"/>
                  </xs:restriction>
                </xs:simpleType>
              </xs:element>
              <xs:choice>
                <xs:element name="articleNumber" type="com:articleNumberType">
                  <xs:annotation>
                    <xs:documentation>Article number</xs:documentation>
                  </xs:annotation>
                </xs:element>
                <xs:element name="parcel" type="parcel" minOccurs="1" maxOccurs="999"/>
              </xs:choice>
            </xs:sequence>
          </xs:complexType>
        </xs:element>
        <xs:element name="taxPayer" minOccurs="0">
          <xs:complexType>
            <xs:sequence>
              <xs:choice>
                <xs:element name="person" type="person"/>
                <xs:element name="company" type="company"/>
              </xs:choice>
            </xs:sequence>
          </xs:complexType>
        </xs:element>
        <xs:element name="submitter" minOccurs="0">
          <xs:annotation>
            <xs:documentation>Person or company who submitted the complaint.</xs:documentation>
          </xs:annotation>
          <xs:complexType>
            <xs:sequence>
              <xs:choice>
                <xs:element name="person" type="person"/>
                <xs:element name="company" type="company"/>
              </xs:choice>
              <xs:element name="phoneNumber" type="com:shortstring" minOccurs="0">
                <xs:annotation>
                  <xs:documentation>Phone number</xs:documentation>
                </xs:annotation>
              </xs:element>
              <xs:element name="email" type="com:emailAddress" minOccurs="0">
                <xs:annotation>
                  <xs:documentation>E-mail address</xs:documentation>
                </xs:annotation>
              </xs:element>
              <xs:element name="address" type="com:address" minOccurs="0">
                <xs:annotation>
                  <xs:documentation>Address</xs:documentation>
                </xs:annotation>
              </xs:element>
            </xs:sequence>
          </xs:complexType>
        </xs:element>
        <xs:element name="attachment" minOccurs="0" maxOccurs="99" type="com:attachment">
          <xs:annotation>
            <xs:documentation>Attached files which contain information about the dossier.</xs:documentation>
          </xs:annotation>
        </xs:element>
      </xs:sequence>
    </xs:complexType>
  </xs:element>
  <xs:complexType name="parcel">
    <xs:annotation>
      <xs:documentation>Parcel information</xs:documentation>
    </xs:annotation>
    <xs:sequence>
      <xs:element name="parcelNumber" type="parcelNumber"/>
      <xs:element name="situation">
        <xs:annotation>
          <xs:documentation>The location of the parcel.</xs:documentation>
        </xs:annotation>
        <xs:simpleType>
          <xs:restriction base="com:shortstring">
            <xs:minLength value="1"/>
          </xs:restriction>
        </xs:simpleType>
      </xs:element>
      <xs:element name="kind" type="com:shortstring" minOccurs="0">
        <xs:annotation>
          <xs:documentation>The kind of parcel.</xs:documentation>
        </xs:annotation>
      </xs:element>
      <xs:element name="details" type="com:shortstring" minOccurs="0">
        <xs:annotation>
          <xs:documentation>Extra information with details about the parcel.</xs:documentation>
        </xs:annotation>
      </xs:element>
      <xs:choice>
        <xs:sequence>
          <xs:element name="articleNumber" type="com:articleNumberType">
            <xs:annotation>
              <xs:documentation>Article number</xs:documentation>
            </xs:annotation>
          </xs:element>
          <xs:element name="sequenceNumber" type="com:shortstring">
            <xs:annotation>
              <xs:documentation>Sequence number</xs:documentation>
            </xs:annotation>
          </xs:element>
        </xs:sequence>
        <xs:element name="propertySituationNumber" type="com:shortstring">
          <xs:annotation>
            <xs:documentation>Property situation number</xs:documentation>
          </xs:annotation>
        </xs:element>
      </xs:choice>
    </xs:sequence>
  </xs:complexType>
  <xs:complexType name="parcelNumber">
    <xs:annotation>
      <xs:documentation>Parcel number</xs:documentation>
    </xs:annotation>
    <xs:sequence>
      <xs:element name="section">
        <xs:annotation>
          <xs:documentation>Section</xs:documentation>
        </xs:annotation>
        <xs:simpleType>
          <xs:restriction base="com:shortstring">
            <xs:minLength value="1"/>
          </xs:restriction>
        </xs:simpleType>
      </xs:element>
      <xs:element name="groundNumber">
        <xs:annotation>
          <xs:documentation>Ground number.</xs:documentation>
        </xs:annotation>
        <xs:simpleType>
          <xs:restriction base="com:shortstring">
            <xs:minLength value="1"/>
          </xs:restriction>
        </xs:simpleType>
      </xs:element>
      <xs:element name="bisNumber" minOccurs="0">
        <xs:annotation>
          <xs:documentation>Bis number</xs:documentation>
        </xs:annotation>
        <xs:simpleType>
          <xs:restriction base="com:shortstring">
            <xs:minLength value="1"/>
          </xs:restriction>
        </xs:simpleType>
      </xs:element>
      <xs:element name="exponent" minOccurs="0">
        <xs:annotation>
          <xs:documentation>Exponent</xs:documentation>
        </xs:annotation>
        <xs:simpleType>
          <xs:restriction base="com:shortstring">
            <xs:minLength value="1"/>
          </xs:restriction>
        </xs:simpleType>
      </xs:element>
      <xs:element name="power" minOccurs="0">
        <xs:annotation>
          <xs:documentation>Power</xs:documentation>
        </xs:annotation>
        <xs:simpleType>
          <xs:restriction base="com:shortstring">
            <xs:minLength value="1"/>
          </xs:restriction>
        </xs:simpleType>
      </xs:element>
      <xs:element name="part" minOccurs="0">
        <xs:annotation>
          <xs:documentation>Part</xs:documentation>
        </xs:annotation>
        <xs:simpleType>
          <xs:restriction base="com:shortstring">
            <xs:minLength value="1"/>
          </xs:restriction>
        </xs:simpleType>
      </xs:element>
    </xs:sequence>
  </xs:complexType>
  <xs:complexType name="person">
    <xs:annotation>
      <xs:documentation>Person data.</xs:documentation>
    </xs:annotation>
    <xs:sequence>
      <xs:choice>
        <xs:element name="socialSecurityNumber" type="com:personIdNumber">
          <xs:annotation>
            <xs:documentation>Social security number.</xs:documentation>
          </xs:annotation>
        </xs:element>
        <xs:element name="persIDF" type="com:personIdNumber">
          <xs:annotation>
            <xs:documentation>persIDF</xs:documentation>
          </xs:annotation>
        </xs:element>
        <xs:element name="bisNumber" type="com:personIdNumber">
          <xs:annotation>
            <xs:documentation>BIS-number</xs:documentation>
          </xs:annotation>
        </xs:element>
      </xs:choice>
      <xs:element name="firstname" type="com:longstring" minOccurs="0">
        <xs:annotation>
          <xs:documentation>First name</xs:documentation>
        </xs:annotation>
      </xs:element>
      <xs:element name="lastname" type="com:longstring" minOccurs="0">
        <xs:annotation>
          <xs:documentation>Last name</xs:documentation>
        </xs:annotation>
      </xs:element>
    </xs:sequence>
  </xs:complexType>
  <xs:complexType name="company">
    <xs:sequence>
      <xs:element name="cbeNumber" type="com:cbeNumber">
        <xs:annotation>
          <xs:documentation>CBE number</xs:documentation>
        </xs:annotation>
      </xs:element>
      <xs:element name="name" type="com:longstring" minOccurs="0">
        <xs:annotation>
          <xs:documentation>Company name</xs:documentation>
        </xs:annotation>
      </xs:element>
    </xs:sequence>
  </xs:complexType>
</xs:schema>]]></con:content><con:type>http://www.w3.org/2001/XMLSchema</con:type></con:part><con:part><con:url>file:/home/isr/git/parent/importtoregondesservice/ImportToRegondesServiceGateway/src/main/resources/wsdl/importToRegondesService/1.0.0/regondes/Regondes2Common.xsd</con:url><con:content><![CDATA[<!--Regondes2Common.xsd version 1.0-->
<xs:schema targetNamespace="http://www.minfin.fgov.be/regondes2/extern/taxservice/common" elementFormDefault="qualified" attributeFormDefault="unqualified" xmlns="http://www.minfin.fgov.be/regondes2/extern/taxservice/common" xmlns:xs="http://www.w3.org/2001/XMLSchema">
  <!--lum-->
  <!--Definition of complex types-->
  <xs:element name="report">
    <xs:annotation>
      <xs:documentation>Report of the transaction</xs:documentation>
    </xs:annotation>
    <xs:complexType>
      <xs:sequence>
        <xs:element name="status">
          <xs:annotation>
            <xs:documentation>Status of the transaction: SUCCESS or ERROR.</xs:documentation>
          </xs:annotation>
          <xs:simpleType>
            <xs:restriction base="xs:string">
              <xs:enumeration value="SUCCESS"/>
              <xs:enumeration value="ERROR"/>
            </xs:restriction>
          </xs:simpleType>
        </xs:element>
        <xs:element name="error" minOccurs="0">
          <xs:annotation>
            <xs:documentation>Business error occured while processing the message.</xs:documentation>
          </xs:annotation>
          <xs:simpleType>
            <xs:restriction base="longstring">
              <xs:minLength value="1"/>
            </xs:restriction>
          </xs:simpleType>
        </xs:element>
        <xs:element name="errorId" minOccurs="0">
          <xs:annotation>
            <xs:documentation>The Id of error in the log files. With this id the helpdesk can find the logs of the error.</xs:documentation>
          </xs:annotation>
          <xs:simpleType>
            <xs:restriction base="longstring">
              <xs:minLength value="1"/>
            </xs:restriction>
          </xs:simpleType>
        </xs:element>
      </xs:sequence>
    </xs:complexType>
  </xs:element>
  <xs:complexType name="attachment">
    <xs:annotation>
      <xs:documentation>Attached files which contain information about the dossier.</xs:documentation>
    </xs:annotation>
    <xs:sequence>
      <xs:element name="fileName" type="longstring">
        <xs:annotation>
          <xs:documentation>The filename of the attachment</xs:documentation>
        </xs:annotation>
      </xs:element>
      <xs:element name="data" type="xs:base64Binary">
        <xs:annotation>
          <xs:documentation>The bytes base64binary encoded</xs:documentation>
        </xs:annotation>
      </xs:element>
    </xs:sequence>
  </xs:complexType>
  <xs:complexType name="abstractInitialService" abstract="true">
    <xs:sequence>
      <xs:element name="technicalReference" type="longstring" minOccurs="0">
        <xs:annotation>
          <xs:documentation>Unique technical reference given by the initial service. Will be present if the dossier was imported with a technical reference.</xs:documentation>
        </xs:annotation>
      </xs:element>
      <xs:element name="type">
        <xs:annotation>
          <xs:documentation>The type of the initial service which can be either "VLABEL" or "AAF".</xs:documentation>
        </xs:annotation>
        <xs:simpleType>
          <xs:restriction base="xs:string">
            <xs:enumeration value="VLABEL"/>
            <xs:enumeration value="AAF"/>
          </xs:restriction>
        </xs:simpleType>
      </xs:element>
    </xs:sequence>
  </xs:complexType>
  <xs:complexType name="basicInitialService">
    <xs:complexContent>
      <xs:extension base="abstractInitialService">
        <xs:sequence>
          <xs:element name="reference">
            <xs:annotation>
              <xs:documentation>Unique reference given by the initial service. Will be present if the dossier was imported.</xs:documentation>
            </xs:annotation>
            <xs:simpleType>
              <xs:restriction base="longstring">
                <xs:minLength value="1"/>
              </xs:restriction>
            </xs:simpleType>
          </xs:element>
        </xs:sequence>
      </xs:extension>
    </xs:complexContent>
  </xs:complexType>
  <xs:complexType name="completeInitialService">
    <xs:complexContent>
      <xs:extension base="basicInitialService">
        <xs:sequence>
          <xs:element name="complaintType">
            <xs:annotation>
              <xs:documentation>Type of complaint.</xs:documentation>
            </xs:annotation>
            <xs:simpleType>
              <xs:restriction base="xs:string">
                <xs:maxLength value="12"/>
                <xs:minLength value="1"/>
              </xs:restriction>
            </xs:simpleType>
          </xs:element>
          <xs:element name="registerSendDate" type="xs:date" minOccurs="0">
            <xs:annotation>
              <xs:documentation>Date on which the notice of assessment is expected to be delivered.</xs:documentation>
            </xs:annotation>
          </xs:element>
          <xs:element name="registerArticle" type="shortstring" minOccurs="0">
            <xs:annotation>
              <xs:documentation>Number of the article in the register of the tax service.</xs:documentation>
            </xs:annotation>
          </xs:element>
          <xs:element name="dateInitialService" type="xs:date">
            <xs:annotation>
              <xs:documentation>Date on which the dossier was created by the initial service.</xs:documentation>
            </xs:annotation>
          </xs:element>
          <xs:element name="nameContact" type="longstring" minOccurs="0">
            <xs:annotation>
              <xs:documentation>Name of the contact within the initial service.</xs:documentation>
            </xs:annotation>
          </xs:element>
          <xs:element name="phoneNumberContact" type="shortstring" minOccurs="0">
            <xs:annotation>
              <xs:documentation>Phone number of the contact within the initial service.</xs:documentation>
            </xs:annotation>
          </xs:element>
          <xs:element name="emailContact" type="emailAddress" minOccurs="0">
            <xs:annotation>
              <xs:documentation>E-mail address of the contact within the initial sevice.</xs:documentation>
            </xs:annotation>
          </xs:element>
          <xs:element name="remark">
            <xs:annotation>
              <xs:documentation>A remark from the initial service.</xs:documentation>
            </xs:annotation>
            <xs:simpleType>
              <xs:restriction base="text">
                <xs:minLength value="1"/>
              </xs:restriction>
            </xs:simpleType>
          </xs:element>
        </xs:sequence>
      </xs:extension>
    </xs:complexContent>
  </xs:complexType>
  <xs:complexType name="address">
    <xs:annotation>
      <xs:documentation>Address</xs:documentation>
    </xs:annotation>
    <xs:sequence>
      <xs:element name="street" type="longstring" minOccurs="0">
        <xs:annotation>
          <xs:documentation>Street</xs:documentation>
        </xs:annotation>
      </xs:element>
      <xs:element name="houseNumber" type="longstring" minOccurs="0">
        <xs:annotation>
          <xs:documentation>House number</xs:documentation>
        </xs:annotation>
      </xs:element>
      <xs:element name="box" type="shortstring" minOccurs="0">
        <xs:annotation>
          <xs:documentation>Box</xs:documentation>
        </xs:annotation>
      </xs:element>
      <xs:element name="zipCode" type="shortstring" minOccurs="0">
        <xs:annotation>
          <xs:documentation>ZIP code</xs:documentation>
        </xs:annotation>
      </xs:element>
      <xs:element name="place" type="longstring" minOccurs="0">
        <xs:annotation>
          <xs:documentation>Place</xs:documentation>
        </xs:annotation>
      </xs:element>
      <xs:element name="country" type="longstring" minOccurs="0">
        <xs:annotation>
          <xs:documentation>Country</xs:documentation>
        </xs:annotation>
      </xs:element>
    </xs:sequence>
  </xs:complexType>
  <xs:complexType name="cadastralIncome">
    <xs:sequence>
      <xs:element name="codeCadastralIncome" type="codeCadastralIncome">
        <xs:annotation>
          <xs:documentation>Cadastrall income code</xs:documentation>
        </xs:annotation>
      </xs:element>
      <xs:element name="definitiveCadastralIncome" type="xs:positiveInteger">
        <xs:annotation>
          <xs:documentation>Definitive cadastrall income</xs:documentation>
        </xs:annotation>
      </xs:element>
      <xs:element name="dateDefinitive" type="xs:date">
        <xs:annotation>
          <xs:documentation>Date definitive cadastrall income</xs:documentation>
        </xs:annotation>
      </xs:element>
      <xs:element name="reasonDefinitive" type="longstring">
        <xs:annotation>
          <xs:documentation>Reason definitieve cadastrall income</xs:documentation>
        </xs:annotation>
      </xs:element>
    </xs:sequence>
  </xs:complexType>
  <xs:simpleType name="shortstring">
    <xs:restriction base="xs:string">
      <xs:minLength value="1"/>
      <xs:maxLength value="60"/>
    </xs:restriction>
  </xs:simpleType>
  <xs:simpleType name="longstring">
    <xs:restriction base="xs:string">
      <xs:minLength value="1"/>
      <xs:maxLength value="150"/>
    </xs:restriction>
  </xs:simpleType>
  <xs:simpleType name="text">
    <xs:restriction base="xs:string">
      <xs:minLength value="1"/>
      <xs:maxLength value="4000"/>
    </xs:restriction>
  </xs:simpleType>
  <xs:simpleType name="codeCadastralIncome">
    <xs:restriction base="xs:string">
      <xs:minLength value="1"/>
      <xs:maxLength value="2"/>
    </xs:restriction>
  </xs:simpleType>
  <xs:simpleType name="personIdNumber">
    <xs:restriction base="xs:string">
      <xs:minLength value="1"/>
      <xs:maxLength value="15"/>
    </xs:restriction>
  </xs:simpleType>
  <xs:simpleType name="cbeNumber">
    <xs:restriction base="xs:string">
      <xs:minLength value="1"/>
      <xs:maxLength value="15"/>
    </xs:restriction>
  </xs:simpleType>
  <xs:simpleType name="emailAddress">
    <xs:restriction base="xs:token">
      <xs:minLength value="1"/>
      <xs:maxLength value="254"/>
      <xs:pattern value="[^@]+@[^\.]+\..+"/>
    </xs:restriction>
  </xs:simpleType>
  <xs:simpleType name="referenceFodFin">
    <xs:restriction base="xs:long"/>
  </xs:simpleType>
  <xs:simpleType name="articleNumberType">
    <xs:restriction base="xs:token">
      <xs:minLength value="1"/>
      <xs:maxLength value="8"/>
      <xs:pattern value="\d{0,5}(/\d{2})?"/>
    </xs:restriction>
  </xs:simpleType>
  <xs:simpleType name="fiscalYearType">
    <xs:restriction base="xs:string">
      <xs:maxLength value="4"/>
      <xs:minLength value="4"/>
    </xs:restriction>
  </xs:simpleType>
</xs:schema>]]></con:content><con:type>http://www.w3.org/2001/XMLSchema</con:type></con:part><con:part><con:url>file:/home/isr/git/parent/importtoregondesservice/ImportToRegondesServiceGateway/src/main/resources/wsdl/importToRegondesService/1.0.0/regondes/Regondes2ImportSupplementaryInformation.xsd</con:url><con:content><![CDATA[<!--Regondes2ImportSupplementaryInformation.xsd version 1.0-->
<xs:schema targetNamespace="http://www.minfin.fgov.be/regondes2/extern/taxservice/imports/supplementaryInformation" elementFormDefault="qualified" attributeFormDefault="unqualified" xmlns="http://www.minfin.fgov.be/regondes2/extern/taxservice/imports/supplementaryInformation" xmlns:xs="http://www.w3.org/2001/XMLSchema" xmlns:com="http://www.minfin.fgov.be/regondes2/extern/taxservice/common">
  <xs:import namespace="http://www.minfin.fgov.be/regondes2/extern/taxservice/common" schemaLocation="Regondes2Common.xsd"/>
  <xs:element name="supplementaryInformation">
    <xs:complexType>
      <xs:sequence>
        <xs:element name="initialService" type="com:basicInitialService"/>
        <xs:element name="attachment" minOccurs="1" maxOccurs="99" type="com:attachment">
          <xs:annotation>
            <xs:documentation>Attached files which contain information about the dossier.</xs:documentation>
          </xs:annotation>
        </xs:element>
      </xs:sequence>
    </xs:complexType>
  </xs:element>
</xs:schema>]]></con:content><con:type>http://www.w3.org/2001/XMLSchema</con:type></con:part></con:definitionCache><con:endpoints><con:endpoint>http://fidus.brussels/services/importtoregondesservice/v1</con:endpoint></con:endpoints><con:operation id="4027c578-467d-44b6-a8ae-d0a84b368f08" isOneWay="false" action="http://fidus.brussels/services/importtoregondesservice/importDossier" name="exportDossier" bindingOperationName="exportDossier" type="Request-Response" inputName="" receivesAttachments="false" sendsAttachments="false" anonymous="optional"><con:settings/><con:call id="581ead05-b994-4992-b84b-31abab68e310" name="1 - Local - Request - Success" incomingWss="Inflow DEV" outgoingWss="Outflow DEV"><con:settings><con:setting id="com.eviware.soapui.impl.wsdl.WsdlRequest@request-headers">&lt;xml-fragment/></con:setting></con:settings><con:encoding>UTF-8</con:encoding><con:endpoint>https://localhost:8243/services/ImportToRegondesService_v1.0</con:endpoint><con:request><![CDATA[<soapenv:Envelope xmlns:soapenv="http://schemas.xmlsoap.org/soap/envelope/" xmlns:v1="http://fidus.brussels/service/importtoregondesservice/messages/v1" xmlns:v11="http://fidus.brussels/type/common/messages/v1" xmlns:dos="http://www.minfin.fgov.be/regondes2/extern/taxservice/imports/dossier" xmlns:com="http://www.minfin.fgov.be/regondes2/extern/taxservice/common" >
    <soapenv:Header/>
    <soapenv:Body>
        <v1:exportDossierRequest>
            <v1:messageContext>
                <v11:messageId>${=import static java.util.UUID.randomUUID; uuid = randomUUID() as String}</v11:messageId>
                <v11:timestamp>${=new java.text.SimpleDateFormat("yyyy-MM-dd'T'HH:mm:ss.SSS").format(new Date())}</v11:timestamp>
            </v1:messageContext>
            <v1:legalContext>ServiceIntegrator</v1:legalContext>
            <v1:request>
                <dos:dossier>
                    <dos:language>FR</dos:language>
                    <dos:fiscalYear>2015</dos:fiscalYear>
                    <dos:initialService>
                        <com:technicalReference>11223344</com:technicalReference>
                        <com:type>AAF</com:type>				
                        <!-- the "REFERENCE" is used by the SPF Finance to create a new legal dispute on the
						SPF data base. To have a "success" as a response, you have to 
						change this parameter every request. -->
                        <com:reference>CF55571</com:reference>
                        <com:complaintType>MS</com:complaintType>
                        <com:registerArticle>1</com:registerArticle>
                        <com:dateInitialService>2017-01-10+01:00</com:dateInitialService>
                        <com:nameContact>PME047 Testuser</com:nameContact>
                        <com:emailContact>testuser.pme047@guest.minfin.fed.be</com:emailContact>
                        <com:remark>none</com:remark>
                    </dos:initialService>
                    <dos:patrimonyInformation>
                        <dos:cadastralDivisionCode>21819</dos:cadastralDivisionCode>
                        <dos:articleNumber>14831</dos:articleNumber>
                    </dos:patrimonyInformation>
                    <dos:submitter>
                        <dos:person>
                            <dos:persIDF>000006141843</dos:persIDF>
                            <dos:firstname>PATRICK</dos:firstname>
                            <dos:lastname>DEWANDELEER</dos:lastname>
                        </dos:person>
                        <dos:address>
                            <com:street>Rue du Maraîcher, 5</com:street>
                            <com:zipCode>1082</com:zipCode>
                            <com:place>Berchem-Sainte-Agathe</com:place>
                        </dos:address>
                    </dos:submitter>
                </dos:dossier>
            </v1:request>
        </v1:exportDossierRequest>
    </soapenv:Body>
</soapenv:Envelope>]]></con:request><con:credentials><con:selectedAuthProfile>Basic</con:selectedAuthProfile><con:addedBasicAuthenticationTypes>Basic</con:addedBasicAuthenticationTypes><con:authType>Global HTTP Settings</con:authType></con:credentials><con:jmsConfig JMSDeliveryMode="PERSISTENT"/><con:jmsPropertyConfig/><con:wsaConfig mustUnderstand="NONE" version="200508" action="http://fidus.brussels/services/importtoregondesservice/importDossier"/><con:wsrmConfig version="1.2"/></con:call><con:call id="b01223d1-fd9e-4bd6-910d-f77be063fafe" name="1 - Local - Request - Error" outgoingWss="Outflow DEV" incomingWss="Inflow DEV"><con:settings><con:setting id="com.eviware.soapui.impl.wsdl.WsdlRequest@request-headers">&lt;xml-fragment/></con:setting></con:settings><con:encoding>UTF-8</con:encoding><con:endpoint>https://localhost:8243/services/ImportToRegondesService_v1.0</con:endpoint><con:request><![CDATA[<soapenv:Envelope xmlns:soapenv="http://schemas.xmlsoap.org/soap/envelope/" xmlns:v1="http://fidus.brussels/service/importtoregondesservice/messages/v1" xmlns:v11="http://fidus.brussels/type/common/messages/v1" xmlns:dos="http://www.minfin.fgov.be/regondes2/extern/taxservice/imports/dossier" xmlns:com="http://www.minfin.fgov.be/regondes2/extern/taxservice/common" >
    <soapenv:Header/>
    <soapenv:Body>
        <v1:exportDossierRequest>
            <v1:messageContext>
                <v11:messageId>${=import static java.util.UUID.randomUUID; uuid = randomUUID() as String}</v11:messageId>
                <v11:timestamp>${=new java.text.SimpleDateFormat("yyyy-MM-dd'T'HH:mm:ss.SSS").format(new Date())}</v11:timestamp>
            </v1:messageContext>
            <v1:legalContext>ServiceIntegrator</v1:legalContext>
            <v1:request>
                <dos:dossier>
                    <dos:language>FR</dos:language>
                    <dos:fiscalYear>2015</dos:fiscalYear>
                    <dos:initialService>
                        <com:technicalReference>11223344</com:technicalReference>
                        <com:type>AAF</com:type>				
                        <!-- the "REFERENCE" is used by the SPF Finance to create a new legal dispute on the
						SPF data base. To have a "success" as a response, you have to 
						change this parameter every request. -->
                        <com:reference>CF55571</com:reference>
                        <com:complaintType>MS</com:complaintType>
                        <com:registerArticle>1</com:registerArticle>
                        <com:dateInitialService>2017-01-10+01:00</com:dateInitialService>
                        <com:nameContact>PME047 Testuser</com:nameContact>
                        <com:emailContact>testuser.pme047@guest.minfin.fed.be</com:emailContact>
                        <com:remark>none</com:remark>
                    </dos:initialService>
                    <dos:patrimonyInformation>
                        <dos:cadastralDivisionCode>21819</dos:cadastralDivisionCode>
                        <dos:articleNumber>14831</dos:articleNumber>
                    </dos:patrimonyInformation>
                    <dos:submitter>
                        <dos:person>
                            <dos:persIDF>000006141843</dos:persIDF>
                            <dos:firstname>PATRICK</dos:firstname>
                            <dos:lastname>DEWANDELEER</dos:lastname>
                        </dos:person>
                        <dos:address>
                            <com:street>Rue du Maraîcher, 5</com:street>
                            <com:zipCode>1082</com:zipCode>
                            <com:place>Berchem-Sainte-Agathe</com:place>
                        </dos:address>
                    </dos:submitter>
                </dos:dossier>
            </v1:request>
        </v1:exportDossierRequest>
    </soapenv:Body>
</soapenv:Envelope>]]></con:request><con:credentials><con:selectedAuthProfile>Basic</con:selectedAuthProfile><con:addedBasicAuthenticationTypes>Basic</con:addedBasicAuthenticationTypes><con:authType>Global HTTP Settings</con:authType></con:credentials><con:jmsConfig JMSDeliveryMode="PERSISTENT"/><con:jmsPropertyConfig/><con:wsaConfig mustUnderstand="NONE" version="200508" action="http://fidus.brussels/services/importtoregondesservice/importDossier"/><con:wsrmConfig version="1.2"/></con:call><con:call id="b25abfc8-333e-41e3-85b9-b3d887caaf88" name="2 - DEV - Request - Error" incomingWss="Inflow DEV" outgoingWss="Outflow DEV"><con:settings><con:setting id="com.eviware.soapui.impl.wsdl.WsdlRequest@request-headers">&lt;xml-fragment/></con:setting></con:settings><con:encoding>UTF-8</con:encoding><con:endpoint>https://192.168.36.61:8243/services/ImportToRegondesService_v1.0</con:endpoint><con:request><![CDATA[<soapenv:Envelope xmlns:soapenv="http://schemas.xmlsoap.org/soap/envelope/" xmlns:v1="http://fidus.brussels/service/importtoregondesservice/messages/v1" xmlns:v11="http://fidus.brussels/type/common/messages/v1" xmlns:dos="http://www.minfin.fgov.be/regondes2/extern/taxservice/imports/dossier" xmlns:com="http://www.minfin.fgov.be/regondes2/extern/taxservice/common" >
    <soapenv:Header/>
    <soapenv:Body>
        <v1:exportDossierRequest>
            <v1:messageContext>
                <v11:messageId>${=import static java.util.UUID.randomUUID; uuid = randomUUID() as String}</v11:messageId>
                <v11:timestamp>${=new java.text.SimpleDateFormat("yyyy-MM-dd'T'HH:mm:ss.SSS").format(new Date())}</v11:timestamp>
            </v1:messageContext>
            <v1:legalContext>ServiceIntegrator</v1:legalContext>
            <v1:request>
                <dos:dossier>
                    <dos:language>FR</dos:language>
                    <dos:fiscalYear>2015</dos:fiscalYear>
                    <dos:initialService>
                        <com:technicalReference>11223344</com:technicalReference>
                        <com:type>AAF</com:type>				
                        <!-- the "REFERENCE" is used by the SPF Finance to create a new legal dispute on the
						SPF data base. To have a "success" as a response, you have to 
						change this parameter every request. -->
                        <com:reference>CF55571</com:reference>
                        <com:complaintType>MS</com:complaintType>
                        <com:registerArticle>1</com:registerArticle>
                        <com:dateInitialService>2017-01-10+01:00</com:dateInitialService>
                        <com:nameContact>PME047 Testuser</com:nameContact>
                        <com:emailContact>testuser.pme047@guest.minfin.fed.be</com:emailContact>
                        <com:remark>none</com:remark>
                    </dos:initialService>
                    <dos:patrimonyInformation>
                        <dos:cadastralDivisionCode>21819</dos:cadastralDivisionCode>
                        <dos:articleNumber>14831</dos:articleNumber>
                    </dos:patrimonyInformation>
                    <dos:submitter>
                        <dos:person>
                            <dos:persIDF>000006141843</dos:persIDF>
                            <dos:firstname>PATRICK</dos:firstname>
                            <dos:lastname>DEWANDELEER</dos:lastname>
                        </dos:person>
                        <dos:address>
                            <com:street>Rue du Maraîcher, 5</com:street>
                            <com:zipCode>1082</com:zipCode>
                            <com:place>Berchem-Sainte-Agathe</com:place>
                        </dos:address>
                    </dos:submitter>
                </dos:dossier>
            </v1:request>
        </v1:exportDossierRequest>
    </soapenv:Body>
</soapenv:Envelope>]]></con:request><con:credentials><con:selectedAuthProfile>Basic</con:selectedAuthProfile><con:addedBasicAuthenticationTypes>Basic</con:addedBasicAuthenticationTypes><con:authType>Global HTTP Settings</con:authType></con:credentials><con:jmsConfig JMSDeliveryMode="PERSISTENT"/><con:jmsPropertyConfig/><con:wsaConfig mustUnderstand="NONE" version="200508" action="http://fidus.brussels/services/importtoregondesservice/importDossier"/><con:wsrmConfig version="1.2"/></con:call><con:call id="e237ebcb-fe95-482c-91a7-b9f87970b432" name="2 - DEV - Request - Success" incomingWss="Inflow DEV" outgoingWss="Outflow DEV"><con:settings><con:setting id="com.eviware.soapui.impl.wsdl.WsdlRequest@request-headers">&lt;xml-fragment/></con:setting></con:settings><con:encoding>UTF-8</con:encoding><con:endpoint>https://192.168.36.61:8243/services/ImportToRegondesService_v1.0</con:endpoint><con:request><![CDATA[<soapenv:Envelope xmlns:soapenv="http://schemas.xmlsoap.org/soap/envelope/" xmlns:v1="http://fidus.brussels/service/importtoregondesservice/messages/v1" xmlns:v11="http://fidus.brussels/type/common/messages/v1" xmlns:dos="http://www.minfin.fgov.be/regondes2/extern/taxservice/imports/dossier" xmlns:com="http://www.minfin.fgov.be/regondes2/extern/taxservice/common" >
    <soapenv:Header/>
    <soapenv:Body>
        <v1:exportDossierRequest>
            <v1:messageContext>
                <v11:messageId>${=import static java.util.UUID.randomUUID; uuid = randomUUID() as String}</v11:messageId>
                <v11:timestamp>${=new java.text.SimpleDateFormat("yyyy-MM-dd'T'HH:mm:ss.SSS").format(new Date())}</v11:timestamp>
            </v1:messageContext>
            <v1:legalContext>ServiceIntegrator</v1:legalContext>
            <v1:request>
                <dos:dossier>
                    <dos:language>FR</dos:language>
                    <dos:fiscalYear>2015</dos:fiscalYear>
                    <dos:initialService>
                        <com:technicalReference>11223344</com:technicalReference>
                        <com:type>AAF</com:type>				
                        <!-- the "REFERENCE" is used by the SPF Finance to create a new legal dispute on the
						SPF data base. To have a "success" as a response, you have to 
						change this parameter every request. -->
                        <com:reference>CF55571</com:reference>
                        <com:complaintType>MS</com:complaintType>
                        <com:registerArticle>1</com:registerArticle>
                        <com:dateInitialService>2017-01-10+01:00</com:dateInitialService>
                        <com:nameContact>PME047 Testuser</com:nameContact>
                        <com:emailContact>testuser.pme047@guest.minfin.fed.be</com:emailContact>
                        <com:remark>none</com:remark>
                    </dos:initialService>
                    <dos:patrimonyInformation>
                        <dos:cadastralDivisionCode>21819</dos:cadastralDivisionCode>
                        <dos:articleNumber>14831</dos:articleNumber>
                    </dos:patrimonyInformation>
                    <dos:submitter>
                        <dos:person>
                            <dos:persIDF>000006141843</dos:persIDF>
                            <dos:firstname>PATRICK</dos:firstname>
                            <dos:lastname>DEWANDELEER</dos:lastname>
                        </dos:person>
                        <dos:address>
                            <com:street>Rue du Maraîcher, 5</com:street>
                            <com:zipCode>1082</com:zipCode>
                            <com:place>Berchem-Sainte-Agathe</com:place>
                        </dos:address>
                    </dos:submitter>
                </dos:dossier>
            </v1:request>
        </v1:exportDossierRequest>
    </soapenv:Body>
</soapenv:Envelope>]]></con:request><con:credentials><con:selectedAuthProfile>Basic</con:selectedAuthProfile><con:addedBasicAuthenticationTypes>Basic</con:addedBasicAuthenticationTypes><con:authType>Global HTTP Settings</con:authType></con:credentials><con:jmsConfig JMSDeliveryMode="PERSISTENT"/><con:jmsPropertyConfig/><con:wsaConfig mustUnderstand="NONE" version="200508" action="http://fidus.brussels/services/importtoregondesservice/importDossier"/><con:wsrmConfig version="1.2"/></con:call><con:call id="d202b1eb-368f-4661-a273-9f2bdefec566" name="3 - Test - LB - Request" outgoingWss="Outflow TEST" incomingWss="Inflow TEST"><con:settings><con:setting id="com.eviware.soapui.impl.wsdl.WsdlRequest@request-headers">&lt;xml-fragment/></con:setting></con:settings><con:encoding>UTF-8</con:encoding><con:endpoint>https://esb-security-gw.sta.srv.cirb.lan:8443/services/ImportToRegondesService_v1.0</con:endpoint><con:request><![CDATA[<soapenv:Envelope xmlns:soapenv="http://schemas.xmlsoap.org/soap/envelope/" xmlns:v1="http://fidus.brussels/service/importtoregondesservice/messages/v1" xmlns:v11="http://fidus.brussels/type/common/messages/v1" xmlns:dos="http://www.minfin.fgov.be/regondes2/extern/taxservice/imports/dossier" xmlns:com="http://www.minfin.fgov.be/regondes2/extern/taxservice/common" >
    <soapenv:Header/>
    <soapenv:Body>
        <v1:exportDossierRequest>
            <v1:messageContext>
                <v11:messageId>${=import static java.util.UUID.randomUUID; uuid = randomUUID() as String}</v11:messageId>
                <v11:timestamp>${=new java.text.SimpleDateFormat("yyyy-MM-dd'T'HH:mm:ss.SSS").format(new Date())}</v11:timestamp>
            </v1:messageContext>
            <v1:legalContext>ServiceIntegrator</v1:legalContext>
            <v1:request>
                <dos:dossier>
                    <dos:language>FR</dos:language>
                    <dos:fiscalYear>2015</dos:fiscalYear>
                    <dos:initialService>
                        <com:technicalReference>11223344</com:technicalReference>
                        <com:type>AAF</com:type>				
                        <!-- the "REFERENCE" is used by the SPF Finance to create a new legal dispute on the
						SPF data base. To have a "success" as a response, you have to 
						change this parameter every request. -->
                        <com:reference>CF55571</com:reference>
                        <com:complaintType>MS</com:complaintType>
                        <com:registerArticle>1</com:registerArticle>
                        <com:dateInitialService>2017-01-10+01:00</com:dateInitialService>
                        <com:nameContact>PME047 Testuser</com:nameContact>
                        <com:emailContact>testuser.pme047@guest.minfin.fed.be</com:emailContact>
                        <com:remark>none</com:remark>
                    </dos:initialService>
                    <dos:patrimonyInformation>
                        <dos:cadastralDivisionCode>21819</dos:cadastralDivisionCode>
                        <dos:articleNumber>14831</dos:articleNumber>
                    </dos:patrimonyInformation>
                    <dos:submitter>
                        <dos:person>
                            <dos:persIDF>000006141843</dos:persIDF>
                            <dos:firstname>PATRICK</dos:firstname>
                            <dos:lastname>DEWANDELEER</dos:lastname>
                        </dos:person>
                        <dos:address>
                            <com:street>Rue du Maraîcher, 5</com:street>
                            <com:zipCode>1082</com:zipCode>
                            <com:place>Berchem-Sainte-Agathe</com:place>
                        </dos:address>
                    </dos:submitter>
                </dos:dossier>
            </v1:request>
        </v1:exportDossierRequest>
    </soapenv:Body>
</soapenv:Envelope>]]></con:request><con:credentials><con:selectedAuthProfile>Basic</con:selectedAuthProfile><con:addedBasicAuthenticationTypes>Basic</con:addedBasicAuthenticationTypes><con:authType>Global HTTP Settings</con:authType></con:credentials><con:jmsConfig JMSDeliveryMode="PERSISTENT"/><con:jmsPropertyConfig/><con:wsaConfig mustUnderstand="NONE" version="200508" action="http://fidus.brussels/services/importtoregondesservice/importDossier"/><con:wsrmConfig version="1.2"/></con:call><con:call id="2bf32bdc-b6df-486b-ba68-4d636deea028" name="3 - Test - Worker1 - Request" incomingWss="Inflow TEST" outgoingWss="Outflow TEST"><con:settings><con:setting id="com.eviware.soapui.impl.wsdl.WsdlRequest@request-headers">&lt;xml-fragment/></con:setting></con:settings><con:encoding>UTF-8</con:encoding><con:endpoint>https://192.168.22.53:8443/services/ImportToRegondesService_v1.0</con:endpoint><con:request><![CDATA[<soapenv:Envelope xmlns:soapenv="http://schemas.xmlsoap.org/soap/envelope/" xmlns:v1="http://fidus.brussels/service/importtoregondesservice/messages/v1" xmlns:v11="http://fidus.brussels/type/common/messages/v1" xmlns:dos="http://www.minfin.fgov.be/regondes2/extern/taxservice/imports/dossier" xmlns:com="http://www.minfin.fgov.be/regondes2/extern/taxservice/common" >
    <soapenv:Header/>
    <soapenv:Body>
        <v1:exportDossierRequest>
            <v1:messageContext>
                <v11:messageId>${=import static java.util.UUID.randomUUID; uuid = randomUUID() as String}</v11:messageId>
                <v11:timestamp>${=new java.text.SimpleDateFormat("yyyy-MM-dd'T'HH:mm:ss.SSS").format(new Date())}</v11:timestamp>
            </v1:messageContext>
            <v1:legalContext>ServiceIntegrator</v1:legalContext>
            <v1:request>
                <dos:dossier>
                    <dos:language>FR</dos:language>
                    <dos:fiscalYear>2015</dos:fiscalYear>
                    <dos:initialService>
                        <com:technicalReference>11223354</com:technicalReference>
                        <com:type>AAF</com:type>				
                        <!-- the "REFERENCE" is used by the SPF Finance to create a new legal dispute on the
						SPF data base. To have a "success" as a response, you have to 
						change this parameter every request. -->
                        <com:reference>CF55571</com:reference>
                        <com:complaintType>MS</com:complaintType>
                        <com:registerArticle>1</com:registerArticle>
                        <com:dateInitialService>2017-01-10+01:00</com:dateInitialService>
                        <com:nameContact>PME047 Testuser</com:nameContact>
                        <com:emailContact>testuser.pme047@guest.minfin.fed.be</com:emailContact>
                        <com:remark>none</com:remark>
                    </dos:initialService>
                    <dos:patrimonyInformation>
                        <dos:cadastralDivisionCode>21819</dos:cadastralDivisionCode>
                        <dos:articleNumber>14831</dos:articleNumber>
                    </dos:patrimonyInformation>
                    <dos:submitter>
                        <dos:person>
                            <dos:persIDF>000006141843</dos:persIDF>
                            <dos:firstname>PATRICK</dos:firstname>
                            <dos:lastname>DEWANDELEER</dos:lastname>
                        </dos:person>
                        <dos:address>
                            <com:street>Rue du Maraîcher, 5</com:street>
                            <com:zipCode>1082</com:zipCode>
                            <com:place>Berchem-Sainte-Agathe</com:place>
                        </dos:address>
                    </dos:submitter>
                </dos:dossier>
            </v1:request>
        </v1:exportDossierRequest>
    </soapenv:Body>
</soapenv:Envelope>]]></con:request><con:credentials><con:selectedAuthProfile>Basic</con:selectedAuthProfile><con:addedBasicAuthenticationTypes>Basic</con:addedBasicAuthenticationTypes><con:authType>Global HTTP Settings</con:authType></con:credentials><con:jmsConfig JMSDeliveryMode="PERSISTENT"/><con:jmsPropertyConfig/><con:wsaConfig mustUnderstand="NONE" version="200508" action="http://fidus.brussels/services/importtoregondesservice/importDossier"/><con:wsrmConfig version="1.2"/></con:call><con:call id="3224a4aa-a0f2-4d40-b408-e9e69d81777b" name="3 - Test - Worker2 - Request" incomingWss="Inflow TEST" outgoingWss="Outflow TEST"><con:settings><con:setting id="com.eviware.soapui.impl.wsdl.WsdlRequest@request-headers">&lt;xml-fragment/></con:setting></con:settings><con:encoding>UTF-8</con:encoding><con:endpoint>https://192.168.22.54:8443/services/ImportToRegondesService_v1.0</con:endpoint><con:request><![CDATA[<soapenv:Envelope xmlns:soapenv="http://schemas.xmlsoap.org/soap/envelope/" xmlns:v1="http://fidus.brussels/service/importtoregondesservice/messages/v1" xmlns:v11="http://fidus.brussels/type/common/messages/v1" xmlns:dos="http://www.minfin.fgov.be/regondes2/extern/taxservice/imports/dossier" xmlns:com="http://www.minfin.fgov.be/regondes2/extern/taxservice/common" >
    <soapenv:Header/>
    <soapenv:Body>
        <v1:exportDossierRequest>
            <v1:messageContext>
                <v11:messageId>${=import static java.util.UUID.randomUUID; uuid = randomUUID() as String}</v11:messageId>
                <v11:timestamp>${=new java.text.SimpleDateFormat("yyyy-MM-dd'T'HH:mm:ss.SSS").format(new Date())}</v11:timestamp>
            </v1:messageContext>
            <v1:legalContext>ServiceIntegrator</v1:legalContext>
            <v1:request>
                <dos:dossier>
                    <dos:language>FR</dos:language>
                    <dos:fiscalYear>2015</dos:fiscalYear>
                    <dos:initialService>
                        <com:technicalReference>11223344</com:technicalReference>
                        <com:type>AAF</com:type>				
                        <!-- the "REFERENCE" is used by the SPF Finance to create a new legal dispute on the
						SPF data base. To have a "success" as a response, you have to 
						change this parameter every request. -->
                        <com:reference>CF55571</com:reference>
                        <com:complaintType>MS</com:complaintType>
                        <com:registerArticle>1</com:registerArticle>
                        <com:dateInitialService>2017-01-10+01:00</com:dateInitialService>
                        <com:nameContact>PME047 Testuser</com:nameContact>
                        <com:emailContact>testuser.pme047@guest.minfin.fed.be</com:emailContact>
                        <com:remark>none</com:remark>
                    </dos:initialService>
                    <dos:patrimonyInformation>
                        <dos:cadastralDivisionCode>21819</dos:cadastralDivisionCode>
                        <dos:articleNumber>14831</dos:articleNumber>
                    </dos:patrimonyInformation>
                    <dos:submitter>
                        <dos:person>
                            <dos:persIDF>000006141843</dos:persIDF>
                            <dos:firstname>PATRICK</dos:firstname>
                            <dos:lastname>DEWANDELEER</dos:lastname>
                        </dos:person>
                        <dos:address>
                            <com:street>Rue du Maraîcher, 5</com:street>
                            <com:zipCode>1082</com:zipCode>
                            <com:place>Berchem-Sainte-Agathe</com:place>
                        </dos:address>
                    </dos:submitter>
                </dos:dossier>
            </v1:request>
        </v1:exportDossierRequest>
    </soapenv:Body>
</soapenv:Envelope>]]></con:request><con:credentials><con:selectedAuthProfile>Basic</con:selectedAuthProfile><con:addedBasicAuthenticationTypes>Basic</con:addedBasicAuthenticationTypes><con:authType>Global HTTP Settings</con:authType></con:credentials><con:jmsConfig JMSDeliveryMode="PERSISTENT"/><con:jmsPropertyConfig/><con:wsaConfig mustUnderstand="NONE" version="200508" action="http://fidus.brussels/services/importtoregondesservice/importDossier"/><con:wsrmConfig version="1.2"/></con:call><con:call id="46dc44f0-d78e-4e63-be1c-b89b5af3b864" name="4 - Staging - Worker1 - Request" incomingWss="Inflow STAGING" outgoingWss="Outflow STAGING"><con:settings><con:setting id="com.eviware.soapui.impl.wsdl.WsdlRequest@request-headers">&lt;xml-fragment/></con:setting></con:settings><con:encoding>UTF-8</con:encoding><con:endpoint>https://192.168.24.16:8443/services/ImportToRegondesService_v1.0</con:endpoint><con:request><![CDATA[<soapenv:Envelope xmlns:soapenv="http://schemas.xmlsoap.org/soap/envelope/" xmlns:v1="http://fidus.brussels/service/importtoregondesservice/messages/v1" xmlns:v11="http://fidus.brussels/type/common/messages/v1" xmlns:dos="http://www.minfin.fgov.be/regondes2/extern/taxservice/imports/dossier" xmlns:com="http://www.minfin.fgov.be/regondes2/extern/taxservice/common" >
    <soapenv:Header/>
    <soapenv:Body>
        <v1:exportDossierRequest>
            <v1:messageContext>
                <v11:messageId>${=import static java.util.UUID.randomUUID; uuid = randomUUID() as String}</v11:messageId>
                <v11:timestamp>${=new java.text.SimpleDateFormat("yyyy-MM-dd'T'HH:mm:ss.SSS").format(new Date())}</v11:timestamp>
            </v1:messageContext>
            <v1:legalContext>ServiceIntegrator</v1:legalContext>
            <v1:request>
                <dos:dossier>
                    <dos:language>FR</dos:language>
                    <dos:fiscalYear>2015</dos:fiscalYear>
                    <dos:initialService>
                        <com:technicalReference>11223344</com:technicalReference>
                        <com:type>AAF</com:type>				
                        <!-- the "REFERENCE" is used by the SPF Finance to create a new legal dispute on the
						SPF data base. To have a "success" as a response, you have to 
						change this parameter every request. -->
                        <com:reference>CF55571</com:reference>
                        <com:complaintType>MS</com:complaintType>
                        <com:registerArticle>1</com:registerArticle>
                        <com:dateInitialService>2017-01-10+01:00</com:dateInitialService>
                        <com:nameContact>PME047 Testuser</com:nameContact>
                        <com:emailContact>testuser.pme047@guest.minfin.fed.be</com:emailContact>
                        <com:remark>none</com:remark>
                    </dos:initialService>
                    <dos:patrimonyInformation>
                        <dos:cadastralDivisionCode>21819</dos:cadastralDivisionCode>
                        <dos:articleNumber>14831</dos:articleNumber>
                    </dos:patrimonyInformation>
                    <dos:submitter>
                        <dos:person>
                            <dos:persIDF>000006141843</dos:persIDF>
                            <dos:firstname>PATRICK</dos:firstname>
                            <dos:lastname>DEWANDELEER</dos:lastname>
                        </dos:person>
                        <dos:address>
                            <com:street>Rue du Maraîcher, 5</com:street>
                            <com:zipCode>1082</com:zipCode>
                            <com:place>Berchem-Sainte-Agathe</com:place>
                        </dos:address>
                    </dos:submitter>
                </dos:dossier>
            </v1:request>
        </v1:exportDossierRequest>
    </soapenv:Body>
</soapenv:Envelope>]]></con:request><con:credentials><con:selectedAuthProfile>Basic</con:selectedAuthProfile><con:addedBasicAuthenticationTypes>Basic</con:addedBasicAuthenticationTypes><con:authType>Global HTTP Settings</con:authType></con:credentials><con:jmsConfig JMSDeliveryMode="PERSISTENT"/><con:jmsPropertyConfig/><con:wsaConfig mustUnderstand="NONE" version="200508" action="http://fidus.brussels/services/importtoregondesservice/importDossier"/><con:wsrmConfig version="1.2"/></con:call><con:call id="14fc4df2-3b5a-4eb0-975d-eef5bbf56336" name="4 - Staging - Worker2 - Request" incomingWss="Inflow STAGING" outgoingWss="Outflow STAGING"><con:settings><con:setting id="com.eviware.soapui.impl.wsdl.WsdlRequest@request-headers">&lt;xml-fragment/></con:setting></con:settings><con:encoding>UTF-8</con:encoding><con:endpoint>https://192.168.24.17:8443/services/ImportToRegondesService_v1.0</con:endpoint><con:request><![CDATA[<soapenv:Envelope xmlns:soapenv="http://schemas.xmlsoap.org/soap/envelope/" xmlns:v1="http://fidus.brussels/service/importtoregondesservice/messages/v1" xmlns:v11="http://fidus.brussels/type/common/messages/v1" xmlns:dos="http://www.minfin.fgov.be/regondes2/extern/taxservice/imports/dossier" xmlns:com="http://www.minfin.fgov.be/regondes2/extern/taxservice/common" >
    <soapenv:Header/>
    <soapenv:Body>
        <v1:exportDossierRequest>
            <v1:messageContext>
                <v11:messageId>${=import static java.util.UUID.randomUUID; uuid = randomUUID() as String}</v11:messageId>
                <v11:timestamp>${=new java.text.SimpleDateFormat("yyyy-MM-dd'T'HH:mm:ss.SSS").format(new Date())}</v11:timestamp>
            </v1:messageContext>
            <v1:legalContext>ServiceIntegrator</v1:legalContext>
            <v1:request>
                <dos:dossier>
                    <dos:language>FR</dos:language>
                    <dos:fiscalYear>2015</dos:fiscalYear>
                    <dos:initialService>
                        <com:technicalReference>11223344</com:technicalReference>
                        <com:type>AAF</com:type>				
                        <!-- the "REFERENCE" is used by the SPF Finance to create a new legal dispute on the
						SPF data base. To have a "success" as a response, you have to 
						change this parameter every request. -->
                        <com:reference>CF55571</com:reference>
                        <com:complaintType>MS</com:complaintType>
                        <com:registerArticle>1</com:registerArticle>
                        <com:dateInitialService>2017-01-10+01:00</com:dateInitialService>
                        <com:nameContact>PME047 Testuser</com:nameContact>
                        <com:emailContact>testuser.pme047@guest.minfin.fed.be</com:emailContact>
                        <com:remark>none</com:remark>
                    </dos:initialService>
                    <dos:patrimonyInformation>
                        <dos:cadastralDivisionCode>21819</dos:cadastralDivisionCode>
                        <dos:articleNumber>14831</dos:articleNumber>
                    </dos:patrimonyInformation>
                    <dos:submitter>
                        <dos:person>
                            <dos:persIDF>000006141843</dos:persIDF>
                            <dos:firstname>PATRICK</dos:firstname>
                            <dos:lastname>DEWANDELEER</dos:lastname>
                        </dos:person>
                        <dos:address>
                            <com:street>Rue du Maraîcher, 5</com:street>
                            <com:zipCode>1082</com:zipCode>
                            <com:place>Berchem-Sainte-Agathe</com:place>
                        </dos:address>
                    </dos:submitter>
                </dos:dossier>
            </v1:request>
        </v1:exportDossierRequest>
    </soapenv:Body>
</soapenv:Envelope>]]></con:request><con:credentials><con:selectedAuthProfile>Basic</con:selectedAuthProfile><con:addedBasicAuthenticationTypes>Basic</con:addedBasicAuthenticationTypes><con:authType>Global HTTP Settings</con:authType></con:credentials><con:jmsConfig JMSDeliveryMode="PERSISTENT"/><con:jmsPropertyConfig/><con:wsaConfig mustUnderstand="NONE" version="200508" action="http://fidus.brussels/services/importtoregondesservice/importDossier"/><con:wsrmConfig version="1.2"/></con:call><con:call id="b7fd3745-171a-4cc5-b0df-f20a37a071ef" name="4 - Staging - LB - Request" incomingWss="Inflow STAGING" outgoingWss="Outflow STAGING"><con:settings><con:setting id="com.eviware.soapui.impl.wsdl.WsdlRequest@request-headers">&lt;xml-fragment/></con:setting></con:settings><con:encoding>UTF-8</con:encoding><con:endpoint>https://fidus-esb-sg.sta.srv.cirb.lan:8443/services/ImportToRegondesService_v1.0</con:endpoint><con:request><![CDATA[<soapenv:Envelope xmlns:soapenv="http://schemas.xmlsoap.org/soap/envelope/" xmlns:v1="http://fidus.brussels/service/importtoregondesservice/messages/v1" xmlns:v11="http://fidus.brussels/type/common/messages/v1" xmlns:dos="http://www.minfin.fgov.be/regondes2/extern/taxservice/imports/dossier" xmlns:com="http://www.minfin.fgov.be/regondes2/extern/taxservice/common" >
    <soapenv:Header/>
    <soapenv:Body>
        <v1:exportDossierRequest>
            <v1:messageContext>
                <v11:messageId>${=import static java.util.UUID.randomUUID; uuid = randomUUID() as String}</v11:messageId>
                <v11:timestamp>${=new java.text.SimpleDateFormat("yyyy-MM-dd'T'HH:mm:ss.SSS").format(new Date())}</v11:timestamp>
            </v1:messageContext>
            <v1:legalContext>ServiceIntegrator</v1:legalContext>
            <v1:request>
                <dos:dossier>
                    <dos:language>FR</dos:language>
                    <dos:fiscalYear>2015</dos:fiscalYear>
                    <dos:initialService>
                        <com:technicalReference>11223344</com:technicalReference>
                        <com:type>AAF</com:type>				
                        <!-- the "REFERENCE" is used by the SPF Finance to create a new legal dispute on the
						SPF data base. To have a "success" as a response, you have to 
						change this parameter every request. -->
                        <com:reference>CF55571</com:reference>
                        <com:complaintType>MS</com:complaintType>
                        <com:registerArticle>1</com:registerArticle>
                        <com:dateInitialService>2017-01-10+01:00</com:dateInitialService>
                        <com:nameContact>PME047 Testuser</com:nameContact>
                        <com:emailContact>testuser.pme047@guest.minfin.fed.be</com:emailContact>
                        <com:remark>none</com:remark>
                    </dos:initialService>
                    <dos:patrimonyInformation>
                        <dos:cadastralDivisionCode>21819</dos:cadastralDivisionCode>
                        <dos:articleNumber>14831</dos:articleNumber>
                    </dos:patrimonyInformation>
                    <dos:submitter>
                        <dos:person>
                            <dos:persIDF>000006141843</dos:persIDF>
                            <dos:firstname>PATRICK</dos:firstname>
                            <dos:lastname>DEWANDELEER</dos:lastname>
                        </dos:person>
                        <dos:address>
                            <com:street>Rue du Maraîcher, 5</com:street>
                            <com:zipCode>1082</com:zipCode>
                            <com:place>Berchem-Sainte-Agathe</com:place>
                        </dos:address>
                    </dos:submitter>
                </dos:dossier>
            </v1:request>
        </v1:exportDossierRequest>
    </soapenv:Body>
</soapenv:Envelope>]]></con:request><con:credentials><con:selectedAuthProfile>Basic</con:selectedAuthProfile><con:addedBasicAuthenticationTypes>Basic</con:addedBasicAuthenticationTypes><con:authType>Global HTTP Settings</con:authType></con:credentials><con:jmsConfig JMSDeliveryMode="PERSISTENT"/><con:jmsPropertyConfig/><con:wsaConfig mustUnderstand="NONE" version="200508" action="http://fidus.brussels/services/importtoregondesservice/importDossier"/><con:wsrmConfig version="1.2"/></con:call><con:call id="ab30ec25-f87c-460c-b56d-0ae832a41f8d" name="5 - Prod - Worker1 - Request" incomingWss="Inflow PROD" outgoingWss="Outflow PROD"><con:settings><con:setting id="com.eviware.soapui.impl.wsdl.WsdlRequest@request-headers">&lt;xml-fragment/></con:setting></con:settings><con:encoding>UTF-8</con:encoding><con:endpoint>https://192.168.26.22:8443/services/ImportToRegondesService_v1.0</con:endpoint><con:request><![CDATA[<soapenv:Envelope xmlns:soapenv="http://schemas.xmlsoap.org/soap/envelope/" xmlns:v1="http://fidus.brussels/service/importtoregondesservice/messages/v1" xmlns:v11="http://fidus.brussels/type/common/messages/v1" xmlns:dos="http://www.minfin.fgov.be/regondes2/extern/taxservice/imports/dossier" xmlns:com="http://www.minfin.fgov.be/regondes2/extern/taxservice/common" >
    <soapenv:Header/>
    <soapenv:Body>
        <v1:exportDossierRequest>
            <v1:messageContext>
                <v11:messageId>${=import static java.util.UUID.randomUUID; uuid = randomUUID() as String}</v11:messageId>
                <v11:timestamp>${=new java.text.SimpleDateFormat("yyyy-MM-dd'T'HH:mm:ss.SSS").format(new Date())}</v11:timestamp>
            </v1:messageContext>
            <v1:legalContext>ServiceIntegrator</v1:legalContext>
            <v1:request>
                <dos:dossier>
                    <dos:language>FR</dos:language>
                    <dos:fiscalYear>2015</dos:fiscalYear>
                    <dos:initialService>
                        <com:technicalReference>11223344</com:technicalReference>
                        <com:type>AAF</com:type>				
                        <!-- the "REFERENCE" is used by the SPF Finance to create a new legal dispute on the
						SPF data base. To have a "success" as a response, you have to 
						change this parameter every request. -->
                        <com:reference>CF55571</com:reference>
                        <com:complaintType>MS</com:complaintType>
                        <com:registerArticle>1</com:registerArticle>
                        <com:dateInitialService>2017-01-10+01:00</com:dateInitialService>
                        <com:nameContact>PME047 Testuser</com:nameContact>
                        <com:emailContact>testuser.pme047@guest.minfin.fed.be</com:emailContact>
                        <com:remark>none</com:remark>
                    </dos:initialService>
                    <dos:patrimonyInformation>
                        <dos:cadastralDivisionCode>21819</dos:cadastralDivisionCode>
                        <dos:articleNumber>14831</dos:articleNumber>
                    </dos:patrimonyInformation>
                    <dos:submitter>
                        <dos:person>
                            <dos:persIDF>000006141843</dos:persIDF>
                            <dos:firstname>PATRICK</dos:firstname>
                            <dos:lastname>DEWANDELEER</dos:lastname>
                        </dos:person>
                        <dos:address>
                            <com:street>Rue du Maraîcher, 5</com:street>
                            <com:zipCode>1082</com:zipCode>
                            <com:place>Berchem-Sainte-Agathe</com:place>
                        </dos:address>
                    </dos:submitter>
                </dos:dossier>
            </v1:request>
        </v1:exportDossierRequest>
    </soapenv:Body>
</soapenv:Envelope>]]></con:request><con:credentials><con:selectedAuthProfile>Basic</con:selectedAuthProfile><con:addedBasicAuthenticationTypes>Basic</con:addedBasicAuthenticationTypes><con:authType>Global HTTP Settings</con:authType></con:credentials><con:jmsConfig JMSDeliveryMode="PERSISTENT"/><con:jmsPropertyConfig/><con:wsaConfig mustUnderstand="NONE" version="200508" action="http://fidus.brussels/services/importtoregondesservice/importDossier"/><con:wsrmConfig version="1.2"/></con:call><con:call id="a2de433a-1275-4e3c-b9fb-f9ba90477307" name="5 - Prod - Worker2 - Request" incomingWss="Inflow PROD" outgoingWss="Outflow PROD"><con:settings><con:setting id="com.eviware.soapui.impl.wsdl.WsdlRequest@request-headers">&lt;xml-fragment/></con:setting></con:settings><con:encoding>UTF-8</con:encoding><con:endpoint>https://192.168.26.19:8443/services/ImportToRegondesService_v1.0</con:endpoint><con:request><![CDATA[<soapenv:Envelope xmlns:soapenv="http://schemas.xmlsoap.org/soap/envelope/" xmlns:v1="http://fidus.brussels/service/importtoregondesservice/messages/v1" xmlns:v11="http://fidus.brussels/type/common/messages/v1" xmlns:dos="http://www.minfin.fgov.be/regondes2/extern/taxservice/imports/dossier" xmlns:com="http://www.minfin.fgov.be/regondes2/extern/taxservice/common" >
    <soapenv:Header/>
    <soapenv:Body>
        <v1:exportDossierRequest>
            <v1:messageContext>
                <v11:messageId>${=import static java.util.UUID.randomUUID; uuid = randomUUID() as String}</v11:messageId>
                <v11:timestamp>${=new java.text.SimpleDateFormat("yyyy-MM-dd'T'HH:mm:ss.SSS").format(new Date())}</v11:timestamp>
            </v1:messageContext>
            <v1:legalContext>ServiceIntegrator</v1:legalContext>
            <v1:request>
                <dos:dossier>
                    <dos:language>FR</dos:language>
                    <dos:fiscalYear>2015</dos:fiscalYear>
                    <dos:initialService>
                        <com:technicalReference>11223344</com:technicalReference>
                        <com:type>AAF</com:type>				
                        <!-- the "REFERENCE" is used by the SPF Finance to create a new legal dispute on the
						SPF data base. To have a "success" as a response, you have to 
						change this parameter every request. -->
                        <com:reference>CF55571</com:reference>
                        <com:complaintType>MS</com:complaintType>
                        <com:registerArticle>1</com:registerArticle>
                        <com:dateInitialService>2017-01-10+01:00</com:dateInitialService>
                        <com:nameContact>PME047 Testuser</com:nameContact>
                        <com:emailContact>testuser.pme047@guest.minfin.fed.be</com:emailContact>
                        <com:remark>none</com:remark>
                    </dos:initialService>
                    <dos:patrimonyInformation>
                        <dos:cadastralDivisionCode>21819</dos:cadastralDivisionCode>
                        <dos:articleNumber>14831</dos:articleNumber>
                    </dos:patrimonyInformation>
                    <dos:submitter>
                        <dos:person>
                            <dos:persIDF>000006141843</dos:persIDF>
                            <dos:firstname>PATRICK</dos:firstname>
                            <dos:lastname>DEWANDELEER</dos:lastname>
                        </dos:person>
                        <dos:address>
                            <com:street>Rue du Maraîcher, 5</com:street>
                            <com:zipCode>1082</com:zipCode>
                            <com:place>Berchem-Sainte-Agathe</com:place>
                        </dos:address>
                    </dos:submitter>
                </dos:dossier>
            </v1:request>
        </v1:exportDossierRequest>
    </soapenv:Body>
</soapenv:Envelope>]]></con:request><con:credentials><con:selectedAuthProfile>Basic</con:selectedAuthProfile><con:addedBasicAuthenticationTypes>Basic</con:addedBasicAuthenticationTypes><con:authType>Global HTTP Settings</con:authType></con:credentials><con:jmsConfig JMSDeliveryMode="PERSISTENT"/><con:jmsPropertyConfig/><con:wsaConfig mustUnderstand="NONE" version="200508" action="http://fidus.brussels/services/importtoregondesservice/importDossier"/><con:wsrmConfig version="1.2"/></con:call><con:call id="07513612-37a0-4faf-86fe-b295c08420d1" name="5 - Prod - LB - Request" incomingWss="Inflow PROD" outgoingWss="Outflow PROD"><con:settings><con:setting id="com.eviware.soapui.impl.wsdl.WsdlRequest@request-headers">&lt;xml-fragment/></con:setting></con:settings><con:encoding>UTF-8</con:encoding><con:endpoint>https://fidus-esb-sg.prd.srv.cirb.lan:8443/services/ImportToRegondesService_v1.0</con:endpoint><con:request><![CDATA[<soapenv:Envelope xmlns:soapenv="http://schemas.xmlsoap.org/soap/envelope/" xmlns:v1="http://fidus.brussels/service/importtoregondesservice/messages/v1" xmlns:v11="http://fidus.brussels/type/common/messages/v1" xmlns:dos="http://www.minfin.fgov.be/regondes2/extern/taxservice/imports/dossier" xmlns:com="http://www.minfin.fgov.be/regondes2/extern/taxservice/common" >
    <soapenv:Header/>
    <soapenv:Body>
        <v1:exportDossierRequest>
            <v1:messageContext>
                <v11:messageId>${=import static java.util.UUID.randomUUID; uuid = randomUUID() as String}</v11:messageId>
                <v11:timestamp>${=new java.text.SimpleDateFormat("yyyy-MM-dd'T'HH:mm:ss.SSS").format(new Date())}</v11:timestamp>
            </v1:messageContext>
            <v1:legalContext>ServiceIntegrator</v1:legalContext>
            <v1:request>
                <dos:dossier>
                    <dos:language>FR</dos:language>
                    <dos:fiscalYear>2015</dos:fiscalYear>
                    <dos:initialService>
                        <com:technicalReference>11223344</com:technicalReference>
                        <com:type>AAF</com:type>				
                        <!-- the "REFERENCE" is used by the SPF Finance to create a new legal dispute on the
						SPF data base. To have a "success" as a response, you have to 
						change this parameter every request. -->
                        <com:reference>CF55571</com:reference>
                        <com:complaintType>MS</com:complaintType>
                        <com:registerArticle>1</com:registerArticle>
                        <com:dateInitialService>2017-01-10+01:00</com:dateInitialService>
                        <com:nameContact>PME047 Testuser</com:nameContact>
                        <com:emailContact>testuser.pme047@guest.minfin.fed.be</com:emailContact>
                        <com:remark>none</com:remark>
                    </dos:initialService>
                    <dos:patrimonyInformation>
                        <dos:cadastralDivisionCode>21819</dos:cadastralDivisionCode>
                        <dos:articleNumber>14831</dos:articleNumber>
                    </dos:patrimonyInformation>
                    <dos:submitter>
                        <dos:person>
                            <dos:persIDF>000006141843</dos:persIDF>
                            <dos:firstname>PATRICK</dos:firstname>
                            <dos:lastname>DEWANDELEER</dos:lastname>
                        </dos:person>
                        <dos:address>
                            <com:street>Rue du Maraîcher, 5</com:street>
                            <com:zipCode>1082</com:zipCode>
                            <com:place>Berchem-Sainte-Agathe</com:place>
                        </dos:address>
                    </dos:submitter>
                </dos:dossier>
            </v1:request>
        </v1:exportDossierRequest>
    </soapenv:Body>
</soapenv:Envelope>]]></con:request><con:credentials><con:selectedAuthProfile>Basic</con:selectedAuthProfile><con:addedBasicAuthenticationTypes>Basic</con:addedBasicAuthenticationTypes><con:authType>Global HTTP Settings</con:authType></con:credentials><con:jmsConfig JMSDeliveryMode="PERSISTENT"/><con:jmsPropertyConfig/><con:wsaConfig mustUnderstand="NONE" version="200508" action="http://fidus.brussels/services/importtoregondesservice/importDossier"/><con:wsrmConfig version="1.2"/></con:call><con:call id="842facd6-a165-4cf5-8475-85b43b6c9a20" name="5 - Prod - External - Request" incomingWss="Inflow PROD" outgoingWss="Outflow PROD"><con:settings><con:setting id="com.eviware.soapui.impl.wsdl.WsdlRequest@request-headers">&lt;xml-fragment/></con:setting></con:settings><con:encoding>UTF-8</con:encoding><con:endpoint>https://fidus.sec.brussels/services/ImportToRegondesService_v1.0</con:endpoint><con:request><![CDATA[<soapenv:Envelope xmlns:soapenv="http://schemas.xmlsoap.org/soap/envelope/" xmlns:v1="http://fidus.brussels/service/importtoregondesservice/messages/v1" xmlns:v11="http://fidus.brussels/type/common/messages/v1" xmlns:dos="http://www.minfin.fgov.be/regondes2/extern/taxservice/imports/dossier" xmlns:com="http://www.minfin.fgov.be/regondes2/extern/taxservice/common" >
    <soapenv:Header/>
    <soapenv:Body>
        <v1:exportDossierRequest>
            <v1:messageContext>
                <v11:messageId>${=import static java.util.UUID.randomUUID; uuid = randomUUID() as String}</v11:messageId>
                <v11:timestamp>${=new java.text.SimpleDateFormat("yyyy-MM-dd'T'HH:mm:ss.SSS").format(new Date())}</v11:timestamp>
            </v1:messageContext>
            <v1:legalContext>ServiceIntegrator</v1:legalContext>
            <v1:request>
                <dos:dossier>
                    <dos:language>FR</dos:language>
                    <dos:fiscalYear>2015</dos:fiscalYear>
                    <dos:initialService>
                        <com:technicalReference>11223344</com:technicalReference>
                        <com:type>AAF</com:type>				
                        <!-- the "REFERENCE" is used by the SPF Finance to create a new legal dispute on the
						SPF data base. To have a "success" as a response, you have to 
						change this parameter every request. -->
                        <com:reference>CF55571</com:reference>
                        <com:complaintType>MS</com:complaintType>
                        <com:registerArticle>1</com:registerArticle>
                        <com:dateInitialService>2017-01-10+01:00</com:dateInitialService>
                        <com:nameContact>PME047 Testuser</com:nameContact>
                        <com:emailContact>testuser.pme047@guest.minfin.fed.be</com:emailContact>
                        <com:remark>none</com:remark>
                    </dos:initialService>
                    <dos:patrimonyInformation>
                        <dos:cadastralDivisionCode>21819</dos:cadastralDivisionCode>
                        <dos:articleNumber>14831</dos:articleNumber>
                    </dos:patrimonyInformation>
                    <dos:submitter>
                        <dos:person>
                            <dos:persIDF>000006141843</dos:persIDF>
                            <dos:firstname>PATRICK</dos:firstname>
                            <dos:lastname>DEWANDELEER</dos:lastname>
                        </dos:person>
                        <dos:address>
                            <com:street>Rue du Maraîcher, 5</com:street>
                            <com:zipCode>1082</com:zipCode>
                            <com:place>Berchem-Sainte-Agathe</com:place>
                        </dos:address>
                    </dos:submitter>
                </dos:dossier>
            </v1:request>
        </v1:exportDossierRequest>
    </soapenv:Body>
</soapenv:Envelope>]]></con:request><con:credentials><con:selectedAuthProfile>Basic</con:selectedAuthProfile><con:addedBasicAuthenticationTypes>Basic</con:addedBasicAuthenticationTypes><con:authType>Global HTTP Settings</con:authType></con:credentials><con:jmsConfig JMSDeliveryMode="PERSISTENT"/><con:jmsPropertyConfig/><con:wsaConfig mustUnderstand="NONE" version="200508" action="http://fidus.brussels/services/importtoregondesservice/importDossier"/><con:wsrmConfig version="1.2"/></con:call><con:call id="60b3abd0-6cbf-45dc-9eaf-2263bc27befa" name="3 - Test - External - Request" incomingWss="Inflow TEST" outgoingWss="Outflow TEST"><con:settings><con:setting id="com.eviware.soapui.impl.wsdl.WsdlRequest@request-headers">&lt;xml-fragment/></con:setting></con:settings><con:encoding>UTF-8</con:encoding><con:endpoint>https://fidus-test.irisnetlab.be/services/ImportToRegondesService_v1.0</con:endpoint><con:request><![CDATA[<soapenv:Envelope xmlns:soapenv="http://schemas.xmlsoap.org/soap/envelope/" xmlns:v1="http://fidus.brussels/service/importtoregondesservice/messages/v1" xmlns:v11="http://fidus.brussels/type/common/messages/v1" xmlns:dos="http://www.minfin.fgov.be/regondes2/extern/taxservice/imports/dossier" xmlns:com="http://www.minfin.fgov.be/regondes2/extern/taxservice/common" >
    <soapenv:Header/>
    <soapenv:Body>
        <v1:exportDossierRequest>
            <v1:messageContext>
                <v11:messageId>${=import static java.util.UUID.randomUUID; uuid = randomUUID() as String}</v11:messageId>
                <v11:timestamp>${=new java.text.SimpleDateFormat("yyyy-MM-dd'T'HH:mm:ss.SSS").format(new Date())}</v11:timestamp>
            </v1:messageContext>
            <v1:legalContext>ServiceIntegrator</v1:legalContext>
            <v1:request>
                <dos:dossier>
                    <dos:language>FR</dos:language>
                    <dos:fiscalYear>2015</dos:fiscalYear>
                    <dos:initialService>
                        <com:technicalReference>11223344</com:technicalReference>
                        <com:type>AAF</com:type>				
                        <!-- the "REFERENCE" is used by the SPF Finance to create a new legal dispute on the
						SPF data base. To have a "success" as a response, you have to 
						change this parameter every request. -->
                        <com:reference>CF15571</com:reference>
                        <com:complaintType>MS</com:complaintType>
                        <com:registerArticle>1</com:registerArticle>
                        <com:dateInitialService>2017-01-10+01:00</com:dateInitialService>
                        <com:nameContact>PME047 Testuser</com:nameContact>
                        <com:emailContact>testuser.pme047@guest.minfin.fed.be</com:emailContact>
                        <com:remark>none</com:remark>
                    </dos:initialService>
                    <dos:patrimonyInformation>
                        <dos:cadastralDivisionCode>21819</dos:cadastralDivisionCode>
                        <dos:articleNumber>14831</dos:articleNumber>
                    </dos:patrimonyInformation>
                    <dos:submitter>
                        <dos:person>
                            <dos:persIDF>000006141843</dos:persIDF>
                            <dos:firstname>PATRICK</dos:firstname>
                            <dos:lastname>DEWANDELEER</dos:lastname>
                        </dos:person>
                        <dos:address>
                            <com:street>Rue du Maraîcher, 5</com:street>
                            <com:zipCode>1082</com:zipCode>
                            <com:place>Berchem-Sainte-Agathe</com:place>
                        </dos:address>
                    </dos:submitter>
                </dos:dossier>
            </v1:request>
        </v1:exportDossierRequest>
    </soapenv:Body>
</soapenv:Envelope>]]></con:request><con:credentials><con:selectedAuthProfile>Basic</con:selectedAuthProfile><con:addedBasicAuthenticationTypes>Basic</con:addedBasicAuthenticationTypes><con:authType>Global HTTP Settings</con:authType></con:credentials><con:jmsConfig JMSDeliveryMode="PERSISTENT"/><con:jmsPropertyConfig/><con:wsaConfig mustUnderstand="NONE" version="200508" action="http://fidus.brussels/services/importtoregondesservice/importDossier"/><con:wsrmConfig version="1.2"/></con:call><con:call id="137551d5-a332-4ccd-b70d-fc738d0d731b" name="4 - Staging - External - Request" incomingWss="Inflow STAGING" outgoingWss="Outflow STAGING"><con:settings><con:setting id="com.eviware.soapui.impl.wsdl.WsdlRequest@request-headers">&lt;xml-fragment/></con:setting></con:settings><con:encoding>UTF-8</con:encoding><con:endpoint>https://fidus.irisnetlab.be/services/ImportToRegondesService_v1.0</con:endpoint><con:request><![CDATA[<soapenv:Envelope xmlns:soapenv="http://schemas.xmlsoap.org/soap/envelope/" xmlns:v1="http://fidus.brussels/service/importtoregondesservice/messages/v1" xmlns:v11="http://fidus.brussels/type/common/messages/v1" xmlns:dos="http://www.minfin.fgov.be/regondes2/extern/taxservice/imports/dossier" xmlns:com="http://www.minfin.fgov.be/regondes2/extern/taxservice/common" >
    <soapenv:Header/>
    <soapenv:Body>
        <v1:exportDossierRequest>
            <v1:messageContext>
                <v11:messageId>${=import static java.util.UUID.randomUUID; uuid = randomUUID() as String}</v11:messageId>
                <v11:timestamp>${=new java.text.SimpleDateFormat("yyyy-MM-dd'T'HH:mm:ss.SSS").format(new Date())}</v11:timestamp>
            </v1:messageContext>
            <v1:legalContext>ServiceIntegrator</v1:legalContext>
            <v1:request>
                <dos:dossier>
                    <dos:language>FR</dos:language>
                    <dos:fiscalYear>2015</dos:fiscalYear>
                    <dos:initialService>
                        <com:technicalReference>11223344</com:technicalReference>
                        <com:type>AAF</com:type>				
                        <!-- the "REFERENCE" is used by the SPF Finance to create a new legal dispute on the
						SPF data base. To have a "success" as a response, you have to 
						change this parameter every request. -->
                        <com:reference>CF55571</com:reference>
                        <com:complaintType>MS</com:complaintType>
                        <com:registerArticle>1</com:registerArticle>
                        <com:dateInitialService>2017-01-10+01:00</com:dateInitialService>
                        <com:nameContact>PME047 Testuser</com:nameContact>
                        <com:emailContact>testuser.pme047@guest.minfin.fed.be</com:emailContact>
                        <com:remark>none</com:remark>
                    </dos:initialService>
                    <dos:patrimonyInformation>
                        <dos:cadastralDivisionCode>21819</dos:cadastralDivisionCode>
                        <dos:articleNumber>14831</dos:articleNumber>
                    </dos:patrimonyInformation>
                    <dos:submitter>
                        <dos:person>
                            <dos:persIDF>000006141843</dos:persIDF>
                            <dos:firstname>PATRICK</dos:firstname>
                            <dos:lastname>DEWANDELEER</dos:lastname>
                        </dos:person>
                        <dos:address>
                            <com:street>Rue du Maraîcher, 5</com:street>
                            <com:zipCode>1082</com:zipCode>
                            <com:place>Berchem-Sainte-Agathe</com:place>
                        </dos:address>
                    </dos:submitter>
                </dos:dossier>
            </v1:request>
        </v1:exportDossierRequest>
    </soapenv:Body>
</soapenv:Envelope>]]></con:request><con:credentials><con:selectedAuthProfile>Basic</con:selectedAuthProfile><con:addedBasicAuthenticationTypes>Basic</con:addedBasicAuthenticationTypes><con:authType>Global HTTP Settings</con:authType></con:credentials><con:jmsConfig JMSDeliveryMode="PERSISTENT"/><con:jmsPropertyConfig/><con:wsaConfig mustUnderstand="NONE" version="200508" action="http://fidus.brussels/services/importtoregondesservice/importDossier"/><con:wsrmConfig version="1.2"/></con:call></con:operation><con:operation id="9d3fc9a9-b4e3-4466-b6ef-14bcd63bb97b" isOneWay="false" action="http://fidus.brussels/services/importtoregondesservice/importSupplementaryInformation" name="exportSupplementaryInformation" bindingOperationName="exportSupplementaryInformation" type="Request-Response" inputName="" receivesAttachments="false" sendsAttachments="false" anonymous="optional"><con:settings/><con:call id="44683908-9ffa-45b6-b0fa-663495920bbd" name="1 - Local - Request - Success" incomingWss="Inflow DEV" outgoingWss="Outflow DEV"><con:settings><con:setting id="com.eviware.soapui.impl.wsdl.WsdlRequest@request-headers">&lt;xml-fragment/></con:setting></con:settings><con:encoding>UTF-8</con:encoding><con:endpoint>https://localhost:8243/services/ImportToRegondesService_v1.0</con:endpoint><con:request><![CDATA[<soapenv:Envelope xmlns:soapenv="http://schemas.xmlsoap.org/soap/envelope/" xmlns:v1="http://fidus.brussels/service/importtoregondesservice/messages/v1" xmlns:v11="http://fidus.brussels/type/common/messages/v1" xmlns:sup="http://www.minfin.fgov.be/regondes2/extern/taxservice/imports/supplementaryInformation" xmlns:com="http://www.minfin.fgov.be/regondes2/extern/taxservice/common">
    <soapenv:Header/>
    <soapenv:Body>
        <v1:exportSupplementaryInformationRequest>
            <v1:messageContext>
                <v11:messageId>${=import static java.util.UUID.randomUUID; uuid = randomUUID() as String}</v11:messageId>
                <v11:timestamp>${=new java.text.SimpleDateFormat("yyyy-MM-dd'T'HH:mm:ss.SSS").format(new Date())}</v11:timestamp>
            </v1:messageContext>
            <v1:legalContext>ServiceIntegrator</v1:legalContext>
            <v1:request>
                <sup:supplementaryInformation>
                    <sup:initialService>
                        <com:technicalReference>11223344</com:technicalReference>
                        <com:type>AAF</com:type>
                        <com:reference>CF55571</com:reference>
                    </sup:initialService>
                    <sup:attachment>
                        <com:fileName>166119.pdf</com:fileName>
                        <com:data>    1234   </com:data>
                    </sup:attachment>
                </sup:supplementaryInformation>
            </v1:request>
        </v1:exportSupplementaryInformationRequest>
    </soapenv:Body>
</soapenv:Envelope>]]></con:request><con:credentials><con:selectedAuthProfile>Basic</con:selectedAuthProfile><con:addedBasicAuthenticationTypes>Basic</con:addedBasicAuthenticationTypes><con:authType>Global HTTP Settings</con:authType></con:credentials><con:jmsConfig JMSDeliveryMode="PERSISTENT"/><con:jmsPropertyConfig/><con:wsaConfig mustUnderstand="NONE" version="200508" action="http://fidus.brussels/services/importtoregondesservice/importSupplementaryInformation"/><con:wsrmConfig version="1.2"/></con:call><con:call id="d922982a-b1be-486f-882a-485c8556e3d5" name="1 - Local - Request - Error" incomingWss="Inflow DEV" outgoingWss="Outflow DEV"><con:settings><con:setting id="com.eviware.soapui.impl.wsdl.WsdlRequest@request-headers">&lt;xml-fragment/></con:setting></con:settings><con:encoding>UTF-8</con:encoding><con:endpoint>https://localhost:8243/services/ImportToRegondesService_v1.0</con:endpoint><con:request><![CDATA[<soapenv:Envelope xmlns:soapenv="http://schemas.xmlsoap.org/soap/envelope/" xmlns:v1="http://fidus.brussels/service/importtoregondesservice/messages/v1" xmlns:v11="http://fidus.brussels/type/common/messages/v1" xmlns:sup="http://www.minfin.fgov.be/regondes2/extern/taxservice/imports/supplementaryInformation" xmlns:com="http://www.minfin.fgov.be/regondes2/extern/taxservice/common">
    <soapenv:Header/>
    <soapenv:Body>
        <v1:exportSupplementaryInformationRequest>
            <v1:messageContext>
                <v11:messageId>${=import static java.util.UUID.randomUUID; uuid = randomUUID() as String}</v11:messageId>
                <v11:timestamp>${=new java.text.SimpleDateFormat("yyyy-MM-dd'T'HH:mm:ss.SSS").format(new Date())}</v11:timestamp>
            </v1:messageContext>
            <v1:legalContext>ServiceIntegrator</v1:legalContext>
            <v1:request>
                <sup:supplementaryInformation>
                    <sup:initialService>
                        <com:technicalReference>11223344</com:technicalReference>
                        <com:type>AAF</com:type>
                        <com:reference>CF55571</com:reference>
                    </sup:initialService>
                    <sup:attachment>
                        <com:fileName>166119.pdf</com:fileName>
                        <com:data>    1234   </com:data>
                    </sup:attachment>
                </sup:supplementaryInformation>
            </v1:request>
        </v1:exportSupplementaryInformationRequest>
    </soapenv:Body>
</soapenv:Envelope>]]></con:request><con:credentials><con:selectedAuthProfile>Basic</con:selectedAuthProfile><con:addedBasicAuthenticationTypes>Basic</con:addedBasicAuthenticationTypes><con:authType>Global HTTP Settings</con:authType></con:credentials><con:jmsConfig JMSDeliveryMode="PERSISTENT"/><con:jmsPropertyConfig/><con:wsaConfig mustUnderstand="NONE" version="200508" action="http://fidus.brussels/services/importtoregondesservice/importSupplementaryInformation"/><con:wsrmConfig version="1.2"/></con:call><con:call id="2eb7e617-e0d8-4924-a9d9-4b5ca99727a2" name="2 - DEV - Request - Success" incomingWss="Inflow DEV" outgoingWss="Outflow DEV"><con:settings><con:setting id="com.eviware.soapui.impl.wsdl.WsdlRequest@request-headers">&lt;xml-fragment/></con:setting></con:settings><con:encoding>UTF-8</con:encoding><con:endpoint>https://192.168.36.61:8243/services/ImportToRegondesService_v1.0</con:endpoint><con:request><![CDATA[<soapenv:Envelope xmlns:soapenv="http://schemas.xmlsoap.org/soap/envelope/" xmlns:v1="http://fidus.brussels/service/importtoregondesservice/messages/v1" xmlns:v11="http://fidus.brussels/type/common/messages/v1" xmlns:sup="http://www.minfin.fgov.be/regondes2/extern/taxservice/imports/supplementaryInformation" xmlns:com="http://www.minfin.fgov.be/regondes2/extern/taxservice/common">
    <soapenv:Header/>
    <soapenv:Body>
        <v1:exportSupplementaryInformationRequest>
            <v1:messageContext>
                <v11:messageId>${=import static java.util.UUID.randomUUID; uuid = randomUUID() as String}</v11:messageId>
                <v11:timestamp>${=new java.text.SimpleDateFormat("yyyy-MM-dd'T'HH:mm:ss.SSS").format(new Date())}</v11:timestamp>
            </v1:messageContext>
            <v1:legalContext>ServiceIntegrator</v1:legalContext>
            <v1:request>
                <sup:supplementaryInformation>
                    <sup:initialService>
                        <com:technicalReference>11223344</com:technicalReference>
                        <com:type>AAF</com:type>
                        <com:reference>CF55571</com:reference>
                    </sup:initialService>
                    <sup:attachment>
                        <com:fileName>166119.pdf</com:fileName>
                        <com:data>    1234   </com:data>
                    </sup:attachment>
                </sup:supplementaryInformation>
            </v1:request>
        </v1:exportSupplementaryInformationRequest>
    </soapenv:Body>
</soapenv:Envelope>]]></con:request><con:credentials><con:selectedAuthProfile>Basic</con:selectedAuthProfile><con:addedBasicAuthenticationTypes>Basic</con:addedBasicAuthenticationTypes><con:authType>Global HTTP Settings</con:authType></con:credentials><con:jmsConfig JMSDeliveryMode="PERSISTENT"/><con:jmsPropertyConfig/><con:wsaConfig mustUnderstand="NONE" version="200508" action="http://fidus.brussels/services/importtoregondesservice/importSupplementaryInformation"/><con:wsrmConfig version="1.2"/></con:call><con:call id="cdd789a1-f80e-4d98-912c-d4519b7be9bf" name="2 - DEV - Request - Error" incomingWss="Inflow DEV" outgoingWss="Outflow DEV"><con:settings><con:setting id="com.eviware.soapui.impl.wsdl.WsdlRequest@request-headers">&lt;xml-fragment/></con:setting></con:settings><con:encoding>UTF-8</con:encoding><con:endpoint>https://192.168.36.61:8243/services/ImportToRegondesService_v1.0</con:endpoint><con:request><![CDATA[<soapenv:Envelope xmlns:soapenv="http://schemas.xmlsoap.org/soap/envelope/" xmlns:v1="http://fidus.brussels/service/importtoregondesservice/messages/v1" xmlns:v11="http://fidus.brussels/type/common/messages/v1" xmlns:sup="http://www.minfin.fgov.be/regondes2/extern/taxservice/imports/supplementaryInformation" xmlns:com="http://www.minfin.fgov.be/regondes2/extern/taxservice/common">
    <soapenv:Header/>
    <soapenv:Body>
        <v1:exportSupplementaryInformationRequest>
            <v1:messageContext>
                <v11:messageId>${=import static java.util.UUID.randomUUID; uuid = randomUUID() as String}</v11:messageId>
                <v11:timestamp>${=new java.text.SimpleDateFormat("yyyy-MM-dd'T'HH:mm:ss.SSS").format(new Date())}</v11:timestamp>
            </v1:messageContext>
            <v1:legalContext>ServiceIntegrator</v1:legalContext>
            <v1:request>
                <sup:supplementaryInformation>
                    <sup:initialService>
                        <com:technicalReference>11223344</com:technicalReference>
                        <com:type>AAF</com:type>
                        <com:reference>CF55571</com:reference>
                    </sup:initialService>
                    <sup:attachment>
                        <com:fileName>166119.pdf</com:fileName>
                        <com:data>    1234   </com:data>
                    </sup:attachment>
                </sup:supplementaryInformation>
            </v1:request>
        </v1:exportSupplementaryInformationRequest>
    </soapenv:Body>
</soapenv:Envelope>]]></con:request><con:credentials><con:selectedAuthProfile>Basic</con:selectedAuthProfile><con:addedBasicAuthenticationTypes>Basic</con:addedBasicAuthenticationTypes><con:authType>Global HTTP Settings</con:authType></con:credentials><con:jmsConfig JMSDeliveryMode="PERSISTENT"/><con:jmsPropertyConfig/><con:wsaConfig mustUnderstand="NONE" version="200508" action="http://fidus.brussels/services/importtoregondesservice/importSupplementaryInformation"/><con:wsrmConfig version="1.2"/></con:call><con:call id="e43a8ea3-4a6b-4013-a109-907a7eddb9e0" name="5 - Prod - Worker1 - Request" incomingWss="Inflow PROD" outgoingWss="Outflow PROD"><con:settings><con:setting id="com.eviware.soapui.impl.wsdl.WsdlRequest@request-headers">&lt;xml-fragment/></con:setting></con:settings><con:encoding>UTF-8</con:encoding><con:endpoint>https://192.168.26.22:8443/services/ImportToRegondesService_v1.0</con:endpoint><con:request><![CDATA[<soapenv:Envelope xmlns:soapenv="http://schemas.xmlsoap.org/soap/envelope/" xmlns:v1="http://fidus.brussels/service/importtoregondesservice/messages/v1" xmlns:v11="http://fidus.brussels/type/common/messages/v1" xmlns:sup="http://www.minfin.fgov.be/regondes2/extern/taxservice/imports/supplementaryInformation" xmlns:com="http://www.minfin.fgov.be/regondes2/extern/taxservice/common">
    <soapenv:Header/>
    <soapenv:Body>
        <v1:exportSupplementaryInformationRequest>
            <v1:messageContext>
                <v11:messageId>${=import static java.util.UUID.randomUUID; uuid = randomUUID() as String}</v11:messageId>
                <v11:timestamp>${=new java.text.SimpleDateFormat("yyyy-MM-dd'T'HH:mm:ss.SSS").format(new Date())}</v11:timestamp>
            </v1:messageContext>
            <v1:legalContext>ServiceIntegrator</v1:legalContext>
            <v1:request>
                <sup:supplementaryInformation>
                    <sup:initialService>
                        <com:technicalReference>11223344</com:technicalReference>
                        <com:type>AAF</com:type>
                        <com:reference>CF55571</com:reference>
                    </sup:initialService>
                    <sup:attachment>
                        <com:fileName>166119.pdf</com:fileName>
                        <com:data>    1234   </com:data>
                    </sup:attachment>
                </sup:supplementaryInformation>
            </v1:request>
        </v1:exportSupplementaryInformationRequest>
    </soapenv:Body>
</soapenv:Envelope>]]></con:request><con:credentials><con:selectedAuthProfile>Basic</con:selectedAuthProfile><con:addedBasicAuthenticationTypes>Basic</con:addedBasicAuthenticationTypes><con:authType>Global HTTP Settings</con:authType></con:credentials><con:jmsConfig JMSDeliveryMode="PERSISTENT"/><con:jmsPropertyConfig/><con:wsaConfig mustUnderstand="NONE" version="200508" action="http://fidus.brussels/services/importtoregondesservice/importSupplementaryInformation"/><con:wsrmConfig version="1.2"/></con:call><con:call id="3e828680-f1af-4485-b989-320194c99aaf" name="5 - Prod - Worker2 - Request" incomingWss="Inflow PROD" outgoingWss="Outflow PROD"><con:settings><con:setting id="com.eviware.soapui.impl.wsdl.WsdlRequest@request-headers">&lt;xml-fragment/></con:setting></con:settings><con:encoding>UTF-8</con:encoding><con:endpoint>https://192.168.26.19:8443/services/ImportToRegondesService_v1.0</con:endpoint><con:request><![CDATA[<soapenv:Envelope xmlns:soapenv="http://schemas.xmlsoap.org/soap/envelope/" xmlns:v1="http://fidus.brussels/service/importtoregondesservice/messages/v1" xmlns:v11="http://fidus.brussels/type/common/messages/v1" xmlns:sup="http://www.minfin.fgov.be/regondes2/extern/taxservice/imports/supplementaryInformation" xmlns:com="http://www.minfin.fgov.be/regondes2/extern/taxservice/common">
    <soapenv:Header/>
    <soapenv:Body>
        <v1:exportSupplementaryInformationRequest>
            <v1:messageContext>
                <v11:messageId>${=import static java.util.UUID.randomUUID; uuid = randomUUID() as String}</v11:messageId>
                <v11:timestamp>${=new java.text.SimpleDateFormat("yyyy-MM-dd'T'HH:mm:ss.SSS").format(new Date())}</v11:timestamp>
            </v1:messageContext>
            <v1:legalContext>ServiceIntegrator</v1:legalContext>
            <v1:request>
                <sup:supplementaryInformation>
                    <sup:initialService>
                        <com:technicalReference>11223344</com:technicalReference>
                        <com:type>AAF</com:type>
                        <com:reference>CF55571</com:reference>
                    </sup:initialService>
                    <sup:attachment>
                        <com:fileName>166119.pdf</com:fileName>
                        <com:data>    1234   </com:data>
                    </sup:attachment>
                </sup:supplementaryInformation>
            </v1:request>
        </v1:exportSupplementaryInformationRequest>
    </soapenv:Body>
</soapenv:Envelope>]]></con:request><con:credentials><con:selectedAuthProfile>Basic</con:selectedAuthProfile><con:addedBasicAuthenticationTypes>Basic</con:addedBasicAuthenticationTypes><con:authType>Global HTTP Settings</con:authType></con:credentials><con:jmsConfig JMSDeliveryMode="PERSISTENT"/><con:jmsPropertyConfig/><con:wsaConfig mustUnderstand="NONE" version="200508" action="http://fidus.brussels/services/importtoregondesservice/importSupplementaryInformation"/><con:wsrmConfig version="1.2"/></con:call><con:call id="13569ada-f5a2-4954-ba38-a5c6b4091d06" name="5 - Prod - LB - Request" incomingWss="Inflow PROD" outgoingWss="Outflow PROD"><con:settings><con:setting id="com.eviware.soapui.impl.wsdl.WsdlRequest@request-headers">&lt;xml-fragment/></con:setting></con:settings><con:encoding>UTF-8</con:encoding><con:endpoint>https://fidus-esb-sg.prd.srv.cirb.lan:8443/services/ImportToRegondesService_v1.0</con:endpoint><con:request><![CDATA[<soapenv:Envelope xmlns:soapenv="http://schemas.xmlsoap.org/soap/envelope/" xmlns:v1="http://fidus.brussels/service/importtoregondesservice/messages/v1" xmlns:v11="http://fidus.brussels/type/common/messages/v1" xmlns:sup="http://www.minfin.fgov.be/regondes2/extern/taxservice/imports/supplementaryInformation" xmlns:com="http://www.minfin.fgov.be/regondes2/extern/taxservice/common">
    <soapenv:Header/>
    <soapenv:Body>
        <v1:exportSupplementaryInformationRequest>
            <v1:messageContext>
                <v11:messageId>${=import static java.util.UUID.randomUUID; uuid = randomUUID() as String}</v11:messageId>
                <v11:timestamp>${=new java.text.SimpleDateFormat("yyyy-MM-dd'T'HH:mm:ss.SSS").format(new Date())}</v11:timestamp>
            </v1:messageContext>
            <v1:legalContext>ServiceIntegrator</v1:legalContext>
            <v1:request>
                <sup:supplementaryInformation>
                    <sup:initialService>
                        <com:technicalReference>11223344</com:technicalReference>
                        <com:type>AAF</com:type>
                        <com:reference>CF55571</com:reference>
                    </sup:initialService>
                    <sup:attachment>
                        <com:fileName>166119.pdf</com:fileName>
                        <com:data>    1234   </com:data>
                    </sup:attachment>
                </sup:supplementaryInformation>
            </v1:request>
        </v1:exportSupplementaryInformationRequest>
    </soapenv:Body>
</soapenv:Envelope>]]></con:request><con:credentials><con:selectedAuthProfile>Basic</con:selectedAuthProfile><con:addedBasicAuthenticationTypes>Basic</con:addedBasicAuthenticationTypes><con:authType>Global HTTP Settings</con:authType></con:credentials><con:jmsConfig JMSDeliveryMode="PERSISTENT"/><con:jmsPropertyConfig/><con:wsaConfig mustUnderstand="NONE" version="200508" action="http://fidus.brussels/services/importtoregondesservice/importSupplementaryInformation"/><con:wsrmConfig version="1.2"/></con:call><con:call id="2fb243ff-9e6c-44cc-9280-3b3e188af942" name="5 - Prod - External - Request" incomingWss="Inflow PROD" outgoingWss="Outflow PROD"><con:settings><con:setting id="com.eviware.soapui.impl.wsdl.WsdlRequest@request-headers">&lt;xml-fragment/></con:setting></con:settings><con:encoding>UTF-8</con:encoding><con:endpoint>https://fidus.sec.brussels/services/ImportToRegondesService_v1.0</con:endpoint><con:request><![CDATA[<soapenv:Envelope xmlns:soapenv="http://schemas.xmlsoap.org/soap/envelope/" xmlns:v1="http://fidus.brussels/service/importtoregondesservice/messages/v1" xmlns:v11="http://fidus.brussels/type/common/messages/v1" xmlns:sup="http://www.minfin.fgov.be/regondes2/extern/taxservice/imports/supplementaryInformation" xmlns:com="http://www.minfin.fgov.be/regondes2/extern/taxservice/common">
    <soapenv:Header/>
    <soapenv:Body>
        <v1:exportSupplementaryInformationRequest>
            <v1:messageContext>
                <v11:messageId>${=import static java.util.UUID.randomUUID; uuid = randomUUID() as String}</v11:messageId>
                <v11:timestamp>${=new java.text.SimpleDateFormat("yyyy-MM-dd'T'HH:mm:ss.SSS").format(new Date())}</v11:timestamp>
            </v1:messageContext>
            <v1:legalContext>ServiceIntegrator</v1:legalContext>
            <v1:request>
                <sup:supplementaryInformation>
                    <sup:initialService>
                        <com:technicalReference>11223344</com:technicalReference>
                        <com:type>AAF</com:type>
                        <com:reference>CF55571</com:reference>
                    </sup:initialService>
                    <sup:attachment>
                        <com:fileName>166119.pdf</com:fileName>
                        <com:data>    1234   </com:data>
                    </sup:attachment>
                </sup:supplementaryInformation>
            </v1:request>
        </v1:exportSupplementaryInformationRequest>
    </soapenv:Body>
</soapenv:Envelope>]]></con:request><con:credentials><con:selectedAuthProfile>Basic</con:selectedAuthProfile><con:addedBasicAuthenticationTypes>Basic</con:addedBasicAuthenticationTypes><con:authType>Global HTTP Settings</con:authType></con:credentials><con:jmsConfig JMSDeliveryMode="PERSISTENT"/><con:jmsPropertyConfig/><con:wsaConfig mustUnderstand="NONE" version="200508" action="http://fidus.brussels/services/importtoregondesservice/importSupplementaryInformation"/><con:wsrmConfig version="1.2"/></con:call><con:call id="df06b9fb-281f-4657-a8f6-50a82c9136fa" name="4 - Staging - Worker2 - Request" incomingWss="Inflow STAGING" outgoingWss="Outflow STAGING"><con:settings><con:setting id="com.eviware.soapui.impl.wsdl.WsdlRequest@request-headers">&lt;xml-fragment/></con:setting></con:settings><con:encoding>UTF-8</con:encoding><con:endpoint>https://192.168.24.17:8443/services/ImportToRegondesService_v1.0</con:endpoint><con:request><![CDATA[<soapenv:Envelope xmlns:soapenv="http://schemas.xmlsoap.org/soap/envelope/" xmlns:v1="http://fidus.brussels/service/importtoregondesservice/messages/v1" xmlns:v11="http://fidus.brussels/type/common/messages/v1" xmlns:sup="http://www.minfin.fgov.be/regondes2/extern/taxservice/imports/supplementaryInformation" xmlns:com="http://www.minfin.fgov.be/regondes2/extern/taxservice/common">
    <soapenv:Header/>
    <soapenv:Body>
        <v1:exportSupplementaryInformationRequest>
            <v1:messageContext>
                <v11:messageId>${=import static java.util.UUID.randomUUID; uuid = randomUUID() as String}</v11:messageId>
                <v11:timestamp>${=new java.text.SimpleDateFormat("yyyy-MM-dd'T'HH:mm:ss.SSS").format(new Date())}</v11:timestamp>
            </v1:messageContext>
            <v1:legalContext>ServiceIntegrator</v1:legalContext>
            <v1:request>
                <sup:supplementaryInformation>
                    <sup:initialService>
                        <com:technicalReference>11223344</com:technicalReference>
                        <com:type>AAF</com:type>
                        <com:reference>CF55571</com:reference>
                    </sup:initialService>
                    <sup:attachment>
                        <com:fileName>166119.pdf</com:fileName>
                        <com:data>    1234   </com:data>
                    </sup:attachment>
                </sup:supplementaryInformation>
            </v1:request>
        </v1:exportSupplementaryInformationRequest>
    </soapenv:Body>
</soapenv:Envelope>]]></con:request><con:credentials><con:selectedAuthProfile>Basic</con:selectedAuthProfile><con:addedBasicAuthenticationTypes>Basic</con:addedBasicAuthenticationTypes><con:authType>Global HTTP Settings</con:authType></con:credentials><con:jmsConfig JMSDeliveryMode="PERSISTENT"/><con:jmsPropertyConfig/><con:wsaConfig mustUnderstand="NONE" version="200508" action="http://fidus.brussels/services/importtoregondesservice/importSupplementaryInformation"/><con:wsrmConfig version="1.2"/></con:call><con:call id="1f329917-c89b-4e7c-963a-28adc73c1b34" name="4 - Staging - Worker1 - Request" incomingWss="Inflow STAGING" outgoingWss="Outflow STAGING"><con:settings><con:setting id="com.eviware.soapui.impl.wsdl.WsdlRequest@request-headers">&lt;xml-fragment/></con:setting></con:settings><con:encoding>UTF-8</con:encoding><con:endpoint>https://192.168.24.16:8443/services/ImportToRegondesService_v1.0</con:endpoint><con:request><![CDATA[<soapenv:Envelope xmlns:soapenv="http://schemas.xmlsoap.org/soap/envelope/" xmlns:v1="http://fidus.brussels/service/importtoregondesservice/messages/v1" xmlns:v11="http://fidus.brussels/type/common/messages/v1" xmlns:sup="http://www.minfin.fgov.be/regondes2/extern/taxservice/imports/supplementaryInformation" xmlns:com="http://www.minfin.fgov.be/regondes2/extern/taxservice/common">
    <soapenv:Header/>
    <soapenv:Body>
        <v1:exportSupplementaryInformationRequest>
            <v1:messageContext>
                <v11:messageId>${=import static java.util.UUID.randomUUID; uuid = randomUUID() as String}</v11:messageId>
                <v11:timestamp>${=new java.text.SimpleDateFormat("yyyy-MM-dd'T'HH:mm:ss.SSS").format(new Date())}</v11:timestamp>
            </v1:messageContext>
            <v1:legalContext>ServiceIntegrator</v1:legalContext>
            <v1:request>
                <sup:supplementaryInformation>
                    <sup:initialService>
                        <com:technicalReference>11223344</com:technicalReference>
                        <com:type>AAF</com:type>
                        <com:reference>CF55571</com:reference>
                    </sup:initialService>
                    <sup:attachment>
                        <com:fileName>166119.pdf</com:fileName>
                        <com:data>    1234   </com:data>
                    </sup:attachment>
                </sup:supplementaryInformation>
            </v1:request>
        </v1:exportSupplementaryInformationRequest>
    </soapenv:Body>
</soapenv:Envelope>]]></con:request><con:credentials><con:selectedAuthProfile>Basic</con:selectedAuthProfile><con:addedBasicAuthenticationTypes>Basic</con:addedBasicAuthenticationTypes><con:authType>Global HTTP Settings</con:authType></con:credentials><con:jmsConfig JMSDeliveryMode="PERSISTENT"/><con:jmsPropertyConfig/><con:wsaConfig mustUnderstand="NONE" version="200508" action="http://fidus.brussels/services/importtoregondesservice/importSupplementaryInformation"/><con:wsrmConfig version="1.2"/></con:call><con:call id="2dc5dc3f-0d25-4b7f-9a0e-f4860bb0ba7a" name="4 - Staging - LB - Request" incomingWss="Inflow STAGING" outgoingWss="Outflow STAGING"><con:settings><con:setting id="com.eviware.soapui.impl.wsdl.WsdlRequest@request-headers">&lt;xml-fragment/></con:setting></con:settings><con:encoding>UTF-8</con:encoding><con:endpoint>https://fidus-esb-sg.sta.srv.cirb.lan:8443/services/ImportToRegondesService_v1.0</con:endpoint><con:request><![CDATA[<soapenv:Envelope xmlns:soapenv="http://schemas.xmlsoap.org/soap/envelope/" xmlns:v1="http://fidus.brussels/service/importtoregondesservice/messages/v1" xmlns:v11="http://fidus.brussels/type/common/messages/v1" xmlns:sup="http://www.minfin.fgov.be/regondes2/extern/taxservice/imports/supplementaryInformation" xmlns:com="http://www.minfin.fgov.be/regondes2/extern/taxservice/common">
    <soapenv:Header/>
    <soapenv:Body>
        <v1:exportSupplementaryInformationRequest>
            <v1:messageContext>
                <v11:messageId>${=import static java.util.UUID.randomUUID; uuid = randomUUID() as String}</v11:messageId>
                <v11:timestamp>${=new java.text.SimpleDateFormat("yyyy-MM-dd'T'HH:mm:ss.SSS").format(new Date())}</v11:timestamp>
            </v1:messageContext>
            <v1:legalContext>ServiceIntegrator</v1:legalContext>
            <v1:request>
                <sup:supplementaryInformation>
                    <sup:initialService>
                        <com:technicalReference>11223344</com:technicalReference>
                        <com:type>AAF</com:type>
                        <com:reference>CF55571</com:reference>
                    </sup:initialService>
                    <sup:attachment>
                        <com:fileName>166119.pdf</com:fileName>
                        <com:data>    1234   </com:data>
                    </sup:attachment>
                </sup:supplementaryInformation>
            </v1:request>
        </v1:exportSupplementaryInformationRequest>
    </soapenv:Body>
</soapenv:Envelope>]]></con:request><con:credentials><con:selectedAuthProfile>Basic</con:selectedAuthProfile><con:addedBasicAuthenticationTypes>Basic</con:addedBasicAuthenticationTypes><con:authType>Global HTTP Settings</con:authType></con:credentials><con:jmsConfig JMSDeliveryMode="PERSISTENT"/><con:jmsPropertyConfig/><con:wsaConfig mustUnderstand="NONE" version="200508" action="http://fidus.brussels/services/importtoregondesservice/importSupplementaryInformation"/><con:wsrmConfig version="1.2"/></con:call><con:call id="9e7ad4d4-8e07-4910-b733-914f547cf78c" name="3 - Test - Worker2 - Request" incomingWss="Inflow TEST" outgoingWss="Outflow TEST"><con:settings><con:setting id="com.eviware.soapui.impl.wsdl.WsdlRequest@request-headers">&lt;xml-fragment/></con:setting></con:settings><con:encoding>UTF-8</con:encoding><con:endpoint>https://192.168.22.54:8443/services/ImportToRegondesService_v1.0</con:endpoint><con:request><![CDATA[<soapenv:Envelope xmlns:soapenv="http://schemas.xmlsoap.org/soap/envelope/" xmlns:v1="http://fidus.brussels/service/importtoregondesservice/messages/v1" xmlns:v11="http://fidus.brussels/type/common/messages/v1" xmlns:sup="http://www.minfin.fgov.be/regondes2/extern/taxservice/imports/supplementaryInformation" xmlns:com="http://www.minfin.fgov.be/regondes2/extern/taxservice/common">
    <soapenv:Header/>
    <soapenv:Body>
        <v1:exportSupplementaryInformationRequest>
            <v1:messageContext>
                <v11:messageId>${=import static java.util.UUID.randomUUID; uuid = randomUUID() as String}</v11:messageId>
                <v11:timestamp>${=new java.text.SimpleDateFormat("yyyy-MM-dd'T'HH:mm:ss.SSS").format(new Date())}</v11:timestamp>
            </v1:messageContext>
            <v1:legalContext>ServiceIntegrator</v1:legalContext>
            <v1:request>
                <sup:supplementaryInformation>
                    <sup:initialService>
                        <com:technicalReference>11223344</com:technicalReference>
                        <com:type>AAF</com:type>
                        <com:reference>CF55571</com:reference>
                    </sup:initialService>
                    <sup:attachment>
                        <com:fileName>166119.pdf</com:fileName>
                        <com:data>    1234   </com:data>
                    </sup:attachment>
                </sup:supplementaryInformation>
            </v1:request>
        </v1:exportSupplementaryInformationRequest>
    </soapenv:Body>
</soapenv:Envelope>]]></con:request><con:credentials><con:selectedAuthProfile>Basic</con:selectedAuthProfile><con:addedBasicAuthenticationTypes>Basic</con:addedBasicAuthenticationTypes><con:authType>Global HTTP Settings</con:authType></con:credentials><con:jmsConfig JMSDeliveryMode="PERSISTENT"/><con:jmsPropertyConfig/><con:wsaConfig mustUnderstand="NONE" version="200508" action="http://fidus.brussels/services/importtoregondesservice/importSupplementaryInformation"/><con:wsrmConfig version="1.2"/></con:call><con:call id="1a871a8e-d168-4bd4-9c35-abb086a59a83" name="3 - Test - Worker1 - Request" incomingWss="Inflow TEST" outgoingWss="Outflow TEST"><con:settings><con:setting id="com.eviware.soapui.impl.wsdl.WsdlRequest@request-headers">&lt;xml-fragment/></con:setting></con:settings><con:encoding>UTF-8</con:encoding><con:endpoint>https://192.168.22.53:8443/services/ImportToRegondesService_v1.0</con:endpoint><con:request><![CDATA[<soapenv:Envelope xmlns:soapenv="http://schemas.xmlsoap.org/soap/envelope/" xmlns:v1="http://fidus.brussels/service/importtoregondesservice/messages/v1" xmlns:v11="http://fidus.brussels/type/common/messages/v1" xmlns:sup="http://www.minfin.fgov.be/regondes2/extern/taxservice/imports/supplementaryInformation" xmlns:com="http://www.minfin.fgov.be/regondes2/extern/taxservice/common">
    <soapenv:Header/>
    <soapenv:Body>
        <v1:exportSupplementaryInformationRequest>
            <v1:messageContext>
                <v11:messageId>${=import static java.util.UUID.randomUUID; uuid = randomUUID() as String}</v11:messageId>
                <v11:timestamp>${=new java.text.SimpleDateFormat("yyyy-MM-dd'T'HH:mm:ss.SSS").format(new Date())}</v11:timestamp>
            </v1:messageContext>
            <v1:legalContext>ServiceIntegrator</v1:legalContext>
            <v1:request>
                <sup:supplementaryInformation>
                    <sup:initialService>
                        <com:technicalReference>11223344</com:technicalReference>
                        <com:type>AAF</com:type>
                        <com:reference>CF55571</com:reference>
                    </sup:initialService>
                    <sup:attachment>
                        <com:fileName>166119.pdf</com:fileName>
                        <com:data>    1234   </com:data>
                    </sup:attachment>
                </sup:supplementaryInformation>
            </v1:request>
        </v1:exportSupplementaryInformationRequest>
    </soapenv:Body>
</soapenv:Envelope>]]></con:request><con:credentials><con:selectedAuthProfile>Basic</con:selectedAuthProfile><con:addedBasicAuthenticationTypes>Basic</con:addedBasicAuthenticationTypes><con:authType>Global HTTP Settings</con:authType></con:credentials><con:jmsConfig JMSDeliveryMode="PERSISTENT"/><con:jmsPropertyConfig/><con:wsaConfig mustUnderstand="NONE" version="200508" action="http://fidus.brussels/services/importtoregondesservice/importSupplementaryInformation"/><con:wsrmConfig version="1.2"/></con:call><con:call id="97f42bbe-1a75-4f5f-8ddd-bacd7b018972" name="3 - Test - LB - Request" incomingWss="Inflow TEST" outgoingWss="Outflow TEST"><con:settings><con:setting id="com.eviware.soapui.impl.wsdl.WsdlRequest@request-headers">&lt;xml-fragment/></con:setting></con:settings><con:encoding>UTF-8</con:encoding><con:endpoint>https://esb-security-gw.sta.srv.cirb.lan:8443/services/ImportToRegondesService_v1.0</con:endpoint><con:request><![CDATA[<soapenv:Envelope xmlns:soapenv="http://schemas.xmlsoap.org/soap/envelope/" xmlns:v1="http://fidus.brussels/service/importtoregondesservice/messages/v1" xmlns:v11="http://fidus.brussels/type/common/messages/v1" xmlns:sup="http://www.minfin.fgov.be/regondes2/extern/taxservice/imports/supplementaryInformation" xmlns:com="http://www.minfin.fgov.be/regondes2/extern/taxservice/common">
    <soapenv:Header/>
    <soapenv:Body>
        <v1:exportSupplementaryInformationRequest>
            <v1:messageContext>
                <v11:messageId>${=import static java.util.UUID.randomUUID; uuid = randomUUID() as String}</v11:messageId>
                <v11:timestamp>${=new java.text.SimpleDateFormat("yyyy-MM-dd'T'HH:mm:ss.SSS").format(new Date())}</v11:timestamp>
            </v1:messageContext>
            <v1:legalContext>ServiceIntegrator</v1:legalContext>
            <v1:request>
                <sup:supplementaryInformation>
                    <sup:initialService>
                        <com:technicalReference>11223344</com:technicalReference>
                        <com:type>AAF</com:type>
                        <com:reference>CF55571</com:reference>
                    </sup:initialService>
                    <sup:attachment>
                        <com:fileName>166119.pdf</com:fileName>
                        <com:data>    1234   </com:data>
                    </sup:attachment>
                </sup:supplementaryInformation>
            </v1:request>
        </v1:exportSupplementaryInformationRequest>
    </soapenv:Body>
</soapenv:Envelope>]]></con:request><con:credentials><con:selectedAuthProfile>Basic</con:selectedAuthProfile><con:addedBasicAuthenticationTypes>Basic</con:addedBasicAuthenticationTypes><con:authType>Global HTTP Settings</con:authType></con:credentials><con:jmsConfig JMSDeliveryMode="PERSISTENT"/><con:jmsPropertyConfig/><con:wsaConfig mustUnderstand="NONE" version="200508" action="http://fidus.brussels/services/importtoregondesservice/importSupplementaryInformation"/><con:wsrmConfig version="1.2"/></con:call><con:call id="2605070c-4719-40ec-bb20-283c90ced277" name="3 - Test - External - Request" incomingWss="Inflow TEST" outgoingWss="Outflow TEST"><con:settings><con:setting id="com.eviware.soapui.impl.wsdl.WsdlRequest@request-headers">&lt;xml-fragment/></con:setting></con:settings><con:encoding>UTF-8</con:encoding><con:endpoint>https://fidus-test.irisnetlab.be/services/ImportToRegondesService_v1.0</con:endpoint><con:request><![CDATA[<soapenv:Envelope xmlns:soapenv="http://schemas.xmlsoap.org/soap/envelope/" xmlns:v1="http://fidus.brussels/service/importtoregondesservice/messages/v1" xmlns:v11="http://fidus.brussels/type/common/messages/v1" xmlns:sup="http://www.minfin.fgov.be/regondes2/extern/taxservice/imports/supplementaryInformation" xmlns:com="http://www.minfin.fgov.be/regondes2/extern/taxservice/common">
    <soapenv:Header/>
    <soapenv:Body>
        <v1:exportSupplementaryInformationRequest>
            <v1:messageContext>
                <v11:messageId>${=import static java.util.UUID.randomUUID; uuid = randomUUID() as String}</v11:messageId>
                <v11:timestamp>${=new java.text.SimpleDateFormat("yyyy-MM-dd'T'HH:mm:ss.SSS").format(new Date())}</v11:timestamp>
            </v1:messageContext>
            <v1:legalContext>ServiceIntegrator</v1:legalContext>
            <v1:request>
                <sup:supplementaryInformation>
                    <sup:initialService>
                        <com:technicalReference>11223344</com:technicalReference>
                        <com:type>AAF</com:type>
                        <com:reference>CF53571</com:reference>
                    </sup:initialService>
                    <sup:attachment>
                        <com:fileName>166119.pdf</com:fileName>
                        <com:data>    1234   </com:data>
                    </sup:attachment>
                </sup:supplementaryInformation>
            </v1:request>
        </v1:exportSupplementaryInformationRequest>
    </soapenv:Body>
</soapenv:Envelope>]]></con:request><con:credentials><con:selectedAuthProfile>Basic</con:selectedAuthProfile><con:addedBasicAuthenticationTypes>Basic</con:addedBasicAuthenticationTypes><con:authType>Global HTTP Settings</con:authType></con:credentials><con:jmsConfig JMSDeliveryMode="PERSISTENT"/><con:jmsPropertyConfig/><con:wsaConfig mustUnderstand="NONE" version="200508" action="http://fidus.brussels/services/importtoregondesservice/importSupplementaryInformation"/><con:wsrmConfig version="1.2"/></con:call><con:call id="476e6354-24b4-42cf-a474-0929d1915c84" name="4 - Staging - External - Request" incomingWss="Inflow STAGING" outgoingWss="Outflow STAGING"><con:settings><con:setting id="com.eviware.soapui.impl.wsdl.WsdlRequest@request-headers">&lt;xml-fragment/></con:setting></con:settings><con:encoding>UTF-8</con:encoding><con:endpoint>https://fidus.irisnetlab.be/services/ImportToRegondesService_v1.0</con:endpoint><con:request><![CDATA[<soapenv:Envelope xmlns:soapenv="http://schemas.xmlsoap.org/soap/envelope/" xmlns:v1="http://fidus.brussels/service/importtoregondesservice/messages/v1" xmlns:v11="http://fidus.brussels/type/common/messages/v1" xmlns:sup="http://www.minfin.fgov.be/regondes2/extern/taxservice/imports/supplementaryInformation" xmlns:com="http://www.minfin.fgov.be/regondes2/extern/taxservice/common">
    <soapenv:Header/>
    <soapenv:Body>
        <v1:exportSupplementaryInformationRequest>
            <v1:messageContext>
                <v11:messageId>${=import static java.util.UUID.randomUUID; uuid = randomUUID() as String}</v11:messageId>
                <v11:timestamp>${=new java.text.SimpleDateFormat("yyyy-MM-dd'T'HH:mm:ss.SSS").format(new Date())}</v11:timestamp>
            </v1:messageContext>
            <v1:legalContext>ServiceIntegrator</v1:legalContext>
            <v1:request>
                <sup:supplementaryInformation>
                    <sup:initialService>
                        <com:technicalReference>11223344</com:technicalReference>
                        <com:type>AAF</com:type>
                        <com:reference>CF55571</com:reference>
                    </sup:initialService>
                    <sup:attachment>
                        <com:fileName>166119.pdf</com:fileName>
                        <com:data>    1234   </com:data>
                    </sup:attachment>
                </sup:supplementaryInformation>
            </v1:request>
        </v1:exportSupplementaryInformationRequest>
    </soapenv:Body>
</soapenv:Envelope>]]></con:request><con:credentials><con:selectedAuthProfile>Basic</con:selectedAuthProfile><con:addedBasicAuthenticationTypes>Basic</con:addedBasicAuthenticationTypes><con:authType>Global HTTP Settings</con:authType></con:credentials><con:jmsConfig JMSDeliveryMode="PERSISTENT"/><con:jmsPropertyConfig/><con:wsaConfig mustUnderstand="NONE" version="200508" action="http://fidus.brussels/services/importtoregondesservice/importSupplementaryInformation"/><con:wsrmConfig version="1.2"/></con:call></con:operation></con:interface><con:testSuite id="2e483dc0-2814-49ee-a1e3-a9c915708ef0" name="DEV"><con:settings/><con:runType>SEQUENTIAL</con:runType><con:testCase id="26cac2b0-8cd0-47c2-a689-93a3075302d6" failOnError="true" failTestCaseOnErrors="true" keepSession="false" maxResults="0" name="closedDossier" searchProperties="true"><con:settings/><con:testStep type="request" id="006568cd-0adc-4df6-aba0-7a1620713d84" name="testcase2 - Dev - Request - Success"><con:settings/><con:config xsi:type="con:RequestStep" xmlns:xsi="http://www.w3.org/2001/XMLSchema-instance"><con:interface>ExportFromRegondesServiceHTTPBinding</con:interface><con:operation>closedDossier</con:operation><con:request name="testcase2 - Dev - Request - Success" id="0fe8c27b-70d6-45b9-87a7-781c28a49231" outgoingWss="Outflow DEV"><con:settings/><con:encoding>UTF-8</con:encoding><con:endpoint>https://192.168.36.61:8243/services/ExportFromRegondesService_v1.0</con:endpoint><con:request><![CDATA[<soapenv:Envelope xmlns:soapenv="http://schemas.xmlsoap.org/soap/envelope/" xmlns:v1="http://fidus.brussels/service/exportfromregondesservice/messages/v1" xmlns:v11="http://fidus.brussels/type/common/messages/v1" xmlns:clos="http://www.minfin.fgov.be/regondes2/extern/taxservice/exports/closedDossiers" xmlns:com="http://www.minfin.fgov.be/regondes2/extern/taxservice/common">
   <soapenv:Header/>
   <soapenv:Body>
      <v1:closedDossierRequest>
         <v1:messageContext>
            <v11:messageId>${=import static java.util.UUID.randomUUID; uuid = randomUUID() as String}</v11:messageId>
            <v11:timestamp>${=new java.text.SimpleDateFormat("yyyy-MM-dd'T'HH:mm:ss.SSS").format(new Date())}</v11:timestamp>
         </v1:messageContext>
         <v1:legalContext>ServiceIntegrator</v1:legalContext>
         <v1:request>
            <clos:closedDossier> 
               <clos:referenceFodFin>11223344</clos:referenceFodFin>
               <clos:fiscalYear>2017</clos:fiscalYear>
               <clos:initialService>
                  <com:technicalReference>technicalReference</com:technicalReference>
                  <com:type>AAF</com:type>
                  <clos:reference>reference</clos:reference>
               </clos:initialService>
               <clos:patrimonyInformation>
                  <clos:typeDossier>AA</clos:typeDossier>
                  <clos:patrimonyFrom>${=new java.text.SimpleDateFormat("yyyy-MM-dd").format(new Date())}</clos:patrimonyFrom>
                  <clos:patrimonyRef>1</clos:patrimonyRef>
                  <clos:cadastralDivisionCode>YYY</clos:cadastralDivisionCode>
                  <clos:articleNumber>51</clos:articleNumber>
               </clos:patrimonyInformation>
               <clos:report>
                  <clos:type>S</clos:type>
                  <clos:subtype>subtype</clos:subtype>
                  <clos:kind>INITIAL</clos:kind>
                  <clos:cadastralIncome>
                     <com:codeCadastralIncome>a</com:codeCadastralIncome>
                     <com:definitiveCadastralIncome>12</com:definitiveCadastralIncome>
                     <com:dateDefinitive>${=new java.text.SimpleDateFormat("yyyy-MM-dd").format(new Date())}</com:dateDefinitive>
                     <com:reasonDefinitive>my reason</com:reasonDefinitive>
                  </clos:cadastralIncome>
                  <clos:date>${=new java.text.SimpleDateFormat("yyyy-MM-dd").format(new Date())}</clos:date>
                  <clos:motivation>No motivation</clos:motivation>
                  <!--0 to 99 repetitions:-->
                  <clos:newState>
                     <!--1 to 999 repetitions:-->
                     <clos:parcel>
                        <clos:parcelNumber>
                           <clos:section>55254</clos:section>
                           <clos:groundNumber>9555</clos:groundNumber>
                           <clos:bisNumber>2525</clos:bisNumber>
                           <clos:exponent>1414</clos:exponent>
                           <clos:power>me</clos:power>
                           <clos:part>4</clos:part>
                        </clos:parcelNumber>
                        <clos:situation>invalid</clos:situation>
                        <clos:kind>no</clos:kind>
                        <clos:details>test</clos:details>
                        <!--You have a CHOICE of the next 2 items at this level-->
                        <clos:articleNumber>1141</clos:articleNumber>
                        <clos:sequenceNumber>3215</clos:sequenceNumber>
                        <!--0 to 99 repetitions:-->
                        <clos:cadastralInformation>
                           <clos:codeCadastralIncome>12</clos:codeCadastralIncome>
                           <clos:cadastralIncome>12</clos:cadastralIncome>
                           <clos:cadastralIncomePart>42</clos:cadastralIncomePart>
                           <clos:exemption>52</clos:exemption>
                           <clos:daysUnfruitful>5</clos:daysUnfruitful>
                        </clos:cadastralInformation>
                     </clos:parcel>
                     <!--1 to 999 repetitions:-->
                     <clos:owner>
                        <!--You have a CHOICE of the next 2 items at this level-->
                        <clos:person>
                           <!--You have a CHOICE of the next 3 items at this level-->
                           <clos:socialSecurityNumber>125</clos:socialSecurityNumber>
                           <clos:lastname>baptiste</clos:lastname>
                        </clos:person>
                        <clos:rights>Admin</clos:rights>
                        <clos:ownerType>LEGAL_PERSON</clos:ownerType>
                     </clos:owner>
                  </clos:newState>
               </clos:report>
               <!--0 to 99 repetitions:-->
               <clos:linkedDossier>
                  <clos:referenceInitialService>referenceInitialService</clos:referenceInitialService>
                  <clos:referenceFodFin>15</clos:referenceFodFin>
               </clos:linkedDossier>
               <!--0 to 99 repetitions:-->
               <clos:attachment>
                  <com:fileName>cirb</com:fileName>
                  <com:data>    1234   </com:data>
               </clos:attachment>
            </clos:closedDossier>
         </v1:request>
      </v1:closedDossierRequest>
   </soapenv:Body>
</soapenv:Envelope>]]></con:request><con:assertion type="SOAP Fault Assertion" id="ea89fbe5-96d1-4cbb-838d-cf368ac08d45" name="Not SOAP Fault"/><con:assertion type="SOAP Response" id="02ae1745-2096-401e-9a14-3c52bb971051" name="SOAP Response"/><con:assertion type="Schema Compliance" id="09ec0b6f-6fcd-4da8-81bb-19696ec86977" name="Schema Compliance"><con:configuration/></con:assertion><con:wsaConfig action="http://fidus.brussels/services/exportfromregondesservice/closedDossier"/></con:request></con:config></con:testStep><con:testStep type="request" id="6cdfd432-eec6-4782-8af9-0ede617a5d73" name="testcase2 - Dev - Request - Error"><con:settings/><con:config xsi:type="con:RequestStep" xmlns:xsi="http://www.w3.org/2001/XMLSchema-instance"><con:interface>ExportFromRegondesServiceHTTPBinding</con:interface><con:operation>closedDossier</con:operation><con:request name="testcase2 - Dev - Request - Error" id="0d8b8a81-c221-4cb8-b22a-1b34713b704d" outgoingWss="Outflow DEV"><con:settings/><con:encoding>UTF-8</con:encoding><con:endpoint>https://192.168.36.61:8243/services/ExportFromRegondesService_v1.0</con:endpoint><con:request><![CDATA[<soapenv:Envelope xmlns:soapenv="http://schemas.xmlsoap.org/soap/envelope/" xmlns:v1="http://fidus.brussels/service/exportfromregondesservice/messages/v1" xmlns:v11="http://fidus.brussels/type/common/messages/v1" xmlns:clos="http://www.minfin.fgov.be/regondes2/extern/taxservice/exports/closedDossiers" xmlns:com="http://www.minfin.fgov.be/regondes2/extern/taxservice/common">
   <soapenv:Header/>
   <soapenv:Body>
      <v1:closedDossierRequest>
         <v1:messageContext>
            <v11:messageId>${=import static java.util.UUID.randomUUID; uuid = randomUUID() as String}</v11:messageId>
            <v11:timestamp>${=new java.text.SimpleDateFormat("yyyy-MM-dd'T'HH:mm:ss.SSS").format(new Date())}</v11:timestamp>
         </v1:messageContext>
         <v1:legalContext>ServiceIntegrator</v1:legalContext>
         <v1:request>
            <clos:closedDossier>
            	<!-- <clos:referenceFodFin>11223347</clos:referenceFodFin> --> <!-- Technical reference not found -->
               <!-- <clos:referenceFodFin>11223346</clos:referenceFodFin> --> <!-- Reference not found -->  
               <clos:referenceFodFin>11223345</clos:referenceFodFin> <!-- Requested dossier is already close -->
               <clos:fiscalYear>2017</clos:fiscalYear>
               <clos:initialService>
                  <com:technicalReference>technicalReference</com:technicalReference>
                  <com:type>AAF</com:type>
                  <clos:reference>reference</clos:reference>
               </clos:initialService>
               <clos:patrimonyInformation>
                  <clos:typeDossier>AA</clos:typeDossier>
                  <clos:patrimonyFrom>${=new java.text.SimpleDateFormat("yyyy-MM-dd").format(new Date())}</clos:patrimonyFrom>
                  <clos:patrimonyRef>1</clos:patrimonyRef>
                  <clos:cadastralDivisionCode>YYY</clos:cadastralDivisionCode>
                  <clos:articleNumber>51</clos:articleNumber>
               </clos:patrimonyInformation>
               <clos:report>
                  <clos:type>S</clos:type>
                  <clos:subtype>subtype</clos:subtype>
                  <clos:kind>INITIAL</clos:kind>
                  <clos:cadastralIncome>
                     <com:codeCadastralIncome>a</com:codeCadastralIncome>
                     <com:definitiveCadastralIncome>12</com:definitiveCadastralIncome>
                     <com:dateDefinitive>${=new java.text.SimpleDateFormat("yyyy-MM-dd").format(new Date())}</com:dateDefinitive>
                     <com:reasonDefinitive>my reason</com:reasonDefinitive>
                  </clos:cadastralIncome>
                  <clos:date>${=new java.text.SimpleDateFormat("yyyy-MM-dd").format(new Date())}</clos:date>
                  <clos:motivation>No motivation</clos:motivation>
                  <!--0 to 99 repetitions:-->
                  <clos:newState>
                     <!--1 to 999 repetitions:-->
                     <clos:parcel>
                        <clos:parcelNumber>
                           <clos:section>55254</clos:section>
                           <clos:groundNumber>9555</clos:groundNumber>
                           <clos:bisNumber>2525</clos:bisNumber>
                           <clos:exponent>1414</clos:exponent>
                           <clos:power>me</clos:power>
                           <clos:part>4</clos:part>
                        </clos:parcelNumber>
                        <clos:situation>invalid</clos:situation>
                        <clos:kind>no</clos:kind>
                        <clos:details>test</clos:details>
                        <!--You have a CHOICE of the next 2 items at this level-->
                        <clos:articleNumber>1141</clos:articleNumber>
                        <clos:sequenceNumber>3215</clos:sequenceNumber>
                        <!--0 to 99 repetitions:-->
                        <clos:cadastralInformation>
                           <clos:codeCadastralIncome>12</clos:codeCadastralIncome>
                           <clos:cadastralIncome>12</clos:cadastralIncome>
                           <clos:cadastralIncomePart>42</clos:cadastralIncomePart>
                           <clos:exemption>52</clos:exemption>
                           <clos:daysUnfruitful>5</clos:daysUnfruitful>
                        </clos:cadastralInformation>
                     </clos:parcel>
                     <!--1 to 999 repetitions:-->
                     <clos:owner>
                        <!--You have a CHOICE of the next 2 items at this level-->
                        <clos:person>
                           <!--You have a CHOICE of the next 3 items at this level-->
                           <clos:socialSecurityNumber>125</clos:socialSecurityNumber>
                           <clos:lastname>baptiste</clos:lastname>
                        </clos:person>
                        <clos:rights>Admin</clos:rights>
                        <clos:ownerType>LEGAL_PERSON</clos:ownerType>
                     </clos:owner>
                  </clos:newState>
               </clos:report>
               <!--0 to 99 repetitions:-->
               <clos:linkedDossier>
                  <clos:referenceInitialService>referenceInitialService</clos:referenceInitialService>
                  <clos:referenceFodFin>15</clos:referenceFodFin>
               </clos:linkedDossier>
               <!--0 to 99 repetitions:-->
               <clos:attachment>
                  <com:fileName>cirb</com:fileName>
                  <com:data>    1234   </com:data>
               </clos:attachment>
            </clos:closedDossier>
         </v1:request>
      </v1:closedDossierRequest>
   </soapenv:Body>
</soapenv:Envelope>]]></con:request><con:assertion type="SOAP Fault Assertion" id="d83149c1-ff90-43a8-bf07-8fb4e76a25a0" name="Not SOAP Fault"/><con:assertion type="SOAP Response" id="819e98ee-60ae-460c-b70f-f9b59ed91457" name="SOAP Response"/><con:assertion type="Schema Compliance" id="f8ed0bba-6e74-4fa1-a7be-e5c19440984b" name="Schema Compliance"><con:configuration/></con:assertion><con:wsaConfig action="http://fidus.brussels/services/exportfromregondesservice/closedDossier"/></con:request></con:config></con:testStep><con:properties/></con:testCase><con:testCase id="5bfcc5c5-d096-4068-89e6-802d2df75b8e" failOnError="true" failTestCaseOnErrors="true" keepSession="false" maxResults="0" name="postponedDossier" searchProperties="true"><con:settings/><con:testStep type="request" id="705e969e-cd6b-42ac-9833-bcbdda7aa931" name="testcase2 - Dev - Request - Success"><con:settings/><con:config xsi:type="con:RequestStep" xmlns:xsi="http://www.w3.org/2001/XMLSchema-instance"><con:interface>ExportFromRegondesServiceHTTPBinding</con:interface><con:operation>postponedDossier</con:operation><con:request name="testcase2 - Dev - Request - Success" id="d038130c-9e07-4a81-aa07-d5aca84b130b" outgoingWss="Outflow DEV"><con:settings/><con:encoding>UTF-8</con:encoding><con:endpoint>https://192.168.36.61:8243/services/ExportFromRegondesService_v1.0</con:endpoint><con:request><![CDATA[<soapenv:Envelope xmlns:soapenv="http://schemas.xmlsoap.org/soap/envelope/" xmlns:v1="http://fidus.brussels/service/exportfromregondesservice/messages/v1" xmlns:v11="http://fidus.brussels/type/common/messages/v1" xmlns:pos="http://www.minfin.fgov.be/regondes2/extern/taxservice/exports/postponedDossiers" xmlns:com="http://www.minfin.fgov.be/regondes2/extern/taxservice/common">
   <soapenv:Header/>
   <soapenv:Body>
      <v1:postponedDossierRequest>
         <v1:messageContext>
            <v11:messageId>${=import static java.util.UUID.randomUUID; uuid = randomUUID() as String}</v11:messageId>
            <!--Optional:-->
            <v11:timestamp>${=new java.text.SimpleDateFormat("yyyy-MM-dd'T'HH:mm:ss.SSS").format(new Date())}</v11:timestamp>
         </v1:messageContext>
         <v1:legalContext>ServiceIntegrator</v1:legalContext>
         <v1:request>
            <pos:postponedDossier>
               <pos:referenceFodFin>11223344</pos:referenceFodFin>
               <pos:initialService>
                  <!--Optional:-->
                  <com:technicalReference>technicalReference</com:technicalReference>
                  <com:type>AAF</com:type>
                  <com:reference>reference</com:reference>
               </pos:initialService>
               <pos:postponement>
                  <pos:datePostponement>${=new java.text.SimpleDateFormat("yyyy-MM-dd").format(new Date())}</pos:datePostponement>
                  <pos:reasonPostponed>TEST</pos:reasonPostponed>
                  <pos:newTargetDate>${=new java.text.SimpleDateFormat("yyyy-MM-dd").format(new Date())}</pos:newTargetDate>
               </pos:postponement>
            </pos:postponedDossier>
         </v1:request>
      </v1:postponedDossierRequest>
   </soapenv:Body>
</soapenv:Envelope>]]></con:request><con:assertion type="SOAP Fault Assertion" id="6c3641fc-d2af-4477-8d49-6527d0efa94f" name="Not SOAP Fault"/><con:assertion type="SOAP Response" id="20a4bad7-82d5-41be-b348-ec7a32a55e0e" name="SOAP Response"/><con:assertion type="Schema Compliance" id="ed5b39a1-6c11-4ea0-af53-de8c3ff676cc" name="Schema Compliance"><con:configuration/></con:assertion><con:wsaConfig action="http://fidus.brussels/services/exportfromregondesservice/postponedDossier"/></con:request></con:config></con:testStep><con:testStep type="request" id="c6be5592-119f-442d-ac88-27b24fcfebc4" name="testcase2 - Dev - Request - Error"><con:settings/><con:config xsi:type="con:RequestStep" xmlns:xsi="http://www.w3.org/2001/XMLSchema-instance"><con:interface>ExportFromRegondesServiceHTTPBinding</con:interface><con:operation>postponedDossier</con:operation><con:request name="testcase2 - Dev - Request - Error" id="2f74c544-b417-4b51-aa3c-196619212b59" outgoingWss="Outflow DEV"><con:settings/><con:encoding>UTF-8</con:encoding><con:endpoint>https://192.168.36.61:8243/services/ExportFromRegondesService_v1.0</con:endpoint><con:request><![CDATA[<soapenv:Envelope xmlns:soapenv="http://schemas.xmlsoap.org/soap/envelope/" xmlns:v1="http://fidus.brussels/service/exportfromregondesservice/messages/v1" xmlns:v11="http://fidus.brussels/type/common/messages/v1" xmlns:pos="http://www.minfin.fgov.be/regondes2/extern/taxservice/exports/postponedDossiers" xmlns:com="http://www.minfin.fgov.be/regondes2/extern/taxservice/common">
   <soapenv:Header/>
   <soapenv:Body>
      <v1:postponedDossierRequest>
         <v1:messageContext>
            <v11:messageId>${=import static java.util.UUID.randomUUID; uuid = randomUUID() as String}</v11:messageId>
            <!--Optional:-->
            <v11:timestamp>${=new java.text.SimpleDateFormat("yyyy-MM-dd'T'HH:mm:ss.SSS").format(new Date())}</v11:timestamp>
         </v1:messageContext>
         <v1:legalContext>ServiceIntegrator</v1:legalContext>
         <v1:request>
            <pos:postponedDossier>
               <!-- <pos:referenceFodFin>12003001507</pos:referenceFodFin> --> <!-- Technical reference not found -->
               <!-- <pos:referenceFodFin>12003001506</pos:referenceFodFin> --> <!-- Reference not found -->  
               <pos:referenceFodFin>11223345</pos:referenceFodFin> <!-- Requested dossier is already close -->
               <pos:initialService>
                  <!--Optional:-->
                  <com:technicalReference>technicalReference</com:technicalReference>
                  <com:type>AAF</com:type>
                  <com:reference>reference</com:reference>
               </pos:initialService>
               <pos:postponement>
                  <pos:datePostponement>${=new java.text.SimpleDateFormat("yyyy-MM-dd").format(new Date())}</pos:datePostponement>
                  <pos:reasonPostponed>TEST</pos:reasonPostponed>
                  <pos:newTargetDate>${=new java.text.SimpleDateFormat("yyyy-MM-dd").format(new Date())}</pos:newTargetDate>
               </pos:postponement>
            </pos:postponedDossier>
         </v1:request>
      </v1:postponedDossierRequest>
   </soapenv:Body>
</soapenv:Envelope>]]></con:request><con:assertion type="SOAP Fault Assertion" id="da271617-9a40-4306-8a4d-ef361078fd7b" name="Not SOAP Fault"/><con:assertion type="SOAP Response" id="ddd4a332-5482-4c6c-9d8d-5913f76ef5cf" name="SOAP Response"/><con:assertion type="Schema Compliance" id="e66747e2-9f53-4847-b5bd-b83eb51caf47" name="Schema Compliance"><con:configuration/></con:assertion><con:wsaConfig action="http://fidus.brussels/services/exportfromregondesservice/postponedDossier"/></con:request></con:config></con:testStep><con:properties/></con:testCase><con:testCase id="fdc80a56-75a0-4ef2-b198-d7e977bee789" failOnError="true" failTestCaseOnErrors="true" keepSession="false" maxResults="0" name="serviceChange" searchProperties="true"><con:settings/><con:testStep type="request" id="ef2fde52-0c32-4874-8408-3d2bfa3ab448" name="testcase2 - Dev - Request - Success"><con:settings/><con:config xsi:type="con:RequestStep" xmlns:xsi="http://www.w3.org/2001/XMLSchema-instance"><con:interface>ExportFromRegondesServiceHTTPBinding</con:interface><con:operation>serviceChange</con:operation><con:request name="testcase2 - Dev - Request - Success" id="ffe1c2d1-ce2c-4f06-a7e2-1a86c9e0c990" outgoingWss="Outflow DEV"><con:settings/><con:encoding>UTF-8</con:encoding><con:endpoint>https://192.168.36.61:8243/services/ExportFromRegondesService_v1.0</con:endpoint><con:request><![CDATA[<soapenv:Envelope xmlns:soapenv="http://schemas.xmlsoap.org/soap/envelope/" xmlns:v1="http://fidus.brussels/service/exportfromregondesservice/messages/v1" xmlns:v11="http://fidus.brussels/type/common/messages/v1" xmlns:ser="http://www.minfin.fgov.be/regondes2/extern/taxservice/exports/serviceChanged" xmlns:com="http://www.minfin.fgov.be/regondes2/extern/taxservice/common">
   <soapenv:Header/>
   <soapenv:Body>
      <v1:serviceChangeRequest>
         <v1:messageContext>
            <v11:messageId>${=import static java.util.UUID.randomUUID; uuid = randomUUID() as String}</v11:messageId>
            <!--Optional:-->
            <v11:timestamp>${=new java.text.SimpleDateFormat("yyyy-MM-dd'T'HH:mm:ss.SSS").format(new Date())}</v11:timestamp>
         </v1:messageContext>
         <v1:legalContext>ServiceIntegrator</v1:legalContext>
         <v1:request>
            <ser:serviceChange>
               <ser:referenceFodFin>11223344</ser:referenceFodFin>
               <ser:initialService>
                  <!--Optional:-->
                  <com:technicalReference>1524</com:technicalReference>
                  <com:type>AAF</com:type>
                  <com:reference>reference</com:reference>
               </ser:initialService>
               <!--1 to 99 repetitions:-->
               <ser:transfer>
                  <ser:serviceName>CIRB</ser:serviceName>
                  <ser:dateIn>${=new java.text.SimpleDateFormat("yyyy-MM-dd").format(new Date())}</ser:dateIn>
                  <!--Optional:-->
                  <ser:dateOut>${=new java.text.SimpleDateFormat("yyyy-MM-dd").format(new Date())}</ser:dateOut>
                  <ser:official>
                     <ser:firstName>jean</ser:firstName>
                     <ser:lastName>baptist</ser:lastName>
                     <ser:phoneNumber>0452363621</ser:phoneNumber>
                     <ser:email>cisyapan@cirb.brussels</ser:email>
                  </ser:official>
               </ser:transfer>
            </ser:serviceChange>
         </v1:request>
      </v1:serviceChangeRequest>
   </soapenv:Body>
</soapenv:Envelope>]]></con:request><con:assertion type="SOAP Fault Assertion" id="75dc9d95-0286-4929-9288-4c8f33a8e95b" name="Not SOAP Fault"/><con:assertion type="SOAP Response" id="2a259e17-80aa-414b-a7b4-ad0592737a06" name="SOAP Response"/><con:assertion type="Schema Compliance" id="91eab3e9-e4a7-4d8e-ad1f-405e0e2669f0" name="Schema Compliance"><con:configuration/></con:assertion><con:wsaConfig action="http://fidus.brussels/services/exportfromregondesservice/serviceChange"/></con:request></con:config></con:testStep><con:testStep type="request" id="47b571ba-2b0e-48e0-9f5a-702d1ec7b27d" name="testcase2 - Dev - Request - Error"><con:settings/><con:config xsi:type="con:RequestStep" xmlns:xsi="http://www.w3.org/2001/XMLSchema-instance"><con:interface>ExportFromRegondesServiceHTTPBinding</con:interface><con:operation>serviceChange</con:operation><con:request name="testcase2 - Dev - Request - Error" id="928586fa-3c9d-4335-9f3c-e21f195e53aa" outgoingWss="Outflow DEV"><con:settings/><con:encoding>UTF-8</con:encoding><con:endpoint>https://192.168.36.61:8243/services/ExportFromRegondesService_v1.0</con:endpoint><con:request><![CDATA[<soapenv:Envelope xmlns:soapenv="http://schemas.xmlsoap.org/soap/envelope/" xmlns:v1="http://fidus.brussels/service/exportfromregondesservice/messages/v1" xmlns:v11="http://fidus.brussels/type/common/messages/v1" xmlns:ser="http://www.minfin.fgov.be/regondes2/extern/taxservice/exports/serviceChanged" xmlns:com="http://www.minfin.fgov.be/regondes2/extern/taxservice/common">
   <soapenv:Header/>
   <soapenv:Body>
      <v1:serviceChangeRequest>
         <v1:messageContext>
            <v11:messageId>${=import static java.util.UUID.randomUUID; uuid = randomUUID() as String}</v11:messageId>
            <!--Optional:-->
            <v11:timestamp>${=new java.text.SimpleDateFormat("yyyy-MM-dd'T'HH:mm:ss.SSS").format(new Date())}</v11:timestamp>
         </v1:messageContext>
         <v1:legalContext>ServiceIntegrator</v1:legalContext>
         <v1:request>
            <ser:serviceChange>
               <!-- <ser:referenceFodFin>11223347</ser:referenceFodFin> --> <!-- Technical reference not found -->
               <!-- <ser:referenceFodFin>11223346</ser:referenceFodFin> --> <!-- Reference not found -->  
               <ser:referenceFodFin>11223345</ser:referenceFodFin> <!-- Requested dossier is already close -->
               <ser:initialService>
                  <!--Optional:-->
                  <com:technicalReference>1524</com:technicalReference>
                  <com:type>AAF</com:type>
                  <com:reference>reference</com:reference>
               </ser:initialService>
               <!--1 to 99 repetitions:-->
               <ser:transfer>
                  <ser:serviceName>CIRB</ser:serviceName>
                  <ser:dateIn>${=new java.text.SimpleDateFormat("yyyy-MM-dd").format(new Date())}</ser:dateIn>
                  <!--Optional:-->
                  <ser:dateOut>${=new java.text.SimpleDateFormat("yyyy-MM-dd").format(new Date())}</ser:dateOut>
                  <ser:official>
                     <ser:firstName>jean</ser:firstName>
                     <ser:lastName>baptist</ser:lastName>
                     <ser:phoneNumber>0452363621</ser:phoneNumber>
                     <ser:email>cisyapan@cirb.brussels</ser:email>
                  </ser:official>
               </ser:transfer>
            </ser:serviceChange>
         </v1:request>
      </v1:serviceChangeRequest>
   </soapenv:Body>
</soapenv:Envelope>]]></con:request><con:assertion type="SOAP Fault Assertion" id="684218f1-0f4f-4de7-a39e-b5898054eec4" name="Not SOAP Fault"/><con:assertion type="SOAP Response" id="ba039426-e78d-499b-9f01-45e38ac23e72" name="SOAP Response"/><con:assertion type="Schema Compliance" id="f1f1e781-ee5d-4e8a-979a-d9e4d6f850d6" name="Schema Compliance"><con:configuration/></con:assertion><con:wsaConfig action="http://fidus.brussels/services/exportfromregondesservice/serviceChange"/></con:request></con:config></con:testStep><con:properties/></con:testCase><con:properties/></con:testSuite><con:testSuite id="e78b1525-c756-49b8-a071-dd3b4433af6b" name="TEST"><con:settings/><con:runType>SEQUENTIAL</con:runType><con:testCase id="158f9a99-d998-4688-89b6-778ed97ccaba" failOnError="true" failTestCaseOnErrors="true" keepSession="false" maxResults="0" name="closedDossier" searchProperties="true"><con:settings/><con:testStep type="request" id="6d68af5a-28ee-4f73-aa62-273029200b32" name="testcase3 - Test - LB - Request"><con:settings/><con:config xsi:type="con:RequestStep" xmlns:xsi="http://www.w3.org/2001/XMLSchema-instance"><con:interface>ExportFromRegondesServiceHTTPBinding</con:interface><con:operation>closedDossier</con:operation><con:request name="testcase3 - Test - LB - Request" id="c7ba85fe-afc5-41a1-b368-563aa8148d53" outgoingWss="Outflow TEST"><con:settings/><con:encoding>UTF-8</con:encoding><con:endpoint>https://esb-security-gw.sta.srv.cirb.lan:8443/services/ExportFromRegondesService_v1.0</con:endpoint><con:request><![CDATA[<soapenv:Envelope xmlns:soapenv="http://schemas.xmlsoap.org/soap/envelope/" xmlns:v1="http://fidus.brussels/service/exportfromregondesservice/messages/v1" xmlns:v11="http://fidus.brussels/type/common/messages/v1" xmlns:clos="http://www.minfin.fgov.be/regondes2/extern/taxservice/exports/closedDossiers" xmlns:com="http://www.minfin.fgov.be/regondes2/extern/taxservice/common">
   <soapenv:Header/>
   <soapenv:Body>
      <v1:closedDossierRequest>
         <v1:messageContext>
            <v11:messageId>${=import static java.util.UUID.randomUUID; uuid = randomUUID() as String}</v11:messageId>
            <v11:timestamp>${=new java.text.SimpleDateFormat("yyyy-MM-dd'T'HH:mm:ss.SSS").format(new Date())}</v11:timestamp>
         </v1:messageContext>
         <v1:legalContext>ServiceIntegrator</v1:legalContext>
         <v1:request>
            <clos:closedDossier> 
               <clos:referenceFodFin>11223344</clos:referenceFodFin>
               <clos:fiscalYear>2017</clos:fiscalYear>
               <clos:initialService>
                  <com:technicalReference>technicalReference</com:technicalReference>
                  <com:type>AAF</com:type>
                  <clos:reference>reference</clos:reference>
               </clos:initialService>
               <clos:patrimonyInformation>
                  <clos:typeDossier>AA</clos:typeDossier>
                  <clos:patrimonyFrom>${=new java.text.SimpleDateFormat("yyyy-MM-dd").format(new Date())}</clos:patrimonyFrom>
                  <clos:patrimonyRef>1</clos:patrimonyRef>
                  <clos:cadastralDivisionCode>YYY</clos:cadastralDivisionCode>
                  <clos:articleNumber>51</clos:articleNumber>
               </clos:patrimonyInformation>
               <clos:report>
                  <clos:type>S</clos:type>
                  <clos:subtype>subtype</clos:subtype>
                  <clos:kind>INITIAL</clos:kind>
                  <clos:cadastralIncome>
                     <com:codeCadastralIncome>a</com:codeCadastralIncome>
                     <com:definitiveCadastralIncome>12</com:definitiveCadastralIncome>
                     <com:dateDefinitive>${=new java.text.SimpleDateFormat("yyyy-MM-dd").format(new Date())}</com:dateDefinitive>
                     <com:reasonDefinitive>my reason</com:reasonDefinitive>
                  </clos:cadastralIncome>
                  <clos:date>${=new java.text.SimpleDateFormat("yyyy-MM-dd").format(new Date())}</clos:date>
                  <clos:motivation>No motivation</clos:motivation>
                  <!--0 to 99 repetitions:-->
                  <clos:newState>
                     <!--1 to 999 repetitions:-->
                     <clos:parcel>
                        <clos:parcelNumber>
                           <clos:section>55254</clos:section>
                           <clos:groundNumber>9555</clos:groundNumber>
                           <clos:bisNumber>2525</clos:bisNumber>
                           <clos:exponent>1414</clos:exponent>
                           <clos:power>me</clos:power>
                           <clos:part>4</clos:part>
                        </clos:parcelNumber>
                        <clos:situation>invalid</clos:situation>
                        <clos:kind>no</clos:kind>
                        <clos:details>test</clos:details>
                        <!--You have a CHOICE of the next 2 items at this level-->
                        <clos:articleNumber>1141</clos:articleNumber>
                        <clos:sequenceNumber>3215</clos:sequenceNumber>
                        <!--0 to 99 repetitions:-->
                        <clos:cadastralInformation>
                           <clos:codeCadastralIncome>12</clos:codeCadastralIncome>
                           <clos:cadastralIncome>12</clos:cadastralIncome>
                           <clos:cadastralIncomePart>42</clos:cadastralIncomePart>
                           <clos:exemption>52</clos:exemption>
                           <clos:daysUnfruitful>5</clos:daysUnfruitful>
                        </clos:cadastralInformation>
                     </clos:parcel>
                     <!--1 to 999 repetitions:-->
                     <clos:owner>
                        <!--You have a CHOICE of the next 2 items at this level-->
                        <clos:person>
                           <!--You have a CHOICE of the next 3 items at this level-->
                           <clos:socialSecurityNumber>125</clos:socialSecurityNumber>
                           <clos:lastname>baptiste</clos:lastname>
                        </clos:person>
                        <clos:rights>Admin</clos:rights>
                        <clos:ownerType>LEGAL_PERSON</clos:ownerType>
                     </clos:owner>
                  </clos:newState>
               </clos:report>
               <!--0 to 99 repetitions:-->
               <clos:linkedDossier>
                  <clos:referenceInitialService>referenceInitialService</clos:referenceInitialService>
                  <clos:referenceFodFin>15</clos:referenceFodFin>
               </clos:linkedDossier>
               <!--0 to 99 repetitions:-->
               <clos:attachment>
                  <com:fileName>cirb</com:fileName>
                  <com:data>    1234   </com:data>
               </clos:attachment>
            </clos:closedDossier>
         </v1:request>
      </v1:closedDossierRequest>
   </soapenv:Body>
</soapenv:Envelope>]]></con:request><con:assertion type="SOAP Fault Assertion" id="903eea49-a329-4a75-8dfc-f9ddc126c649" name="Not SOAP Fault"/><con:assertion type="SOAP Response" id="751024fd-e27e-430d-a40f-0c9721262542" name="SOAP Response"/><con:assertion type="Schema Compliance" id="eaa220d8-6602-445d-9899-5e6c90b36806" name="Schema Compliance"><con:configuration/></con:assertion><con:wsaConfig action="http://fidus.brussels/services/exportfromregondesservice/closedDossier"/></con:request></con:config></con:testStep><con:testStep type="request" id="5a22334a-49e7-48d9-a15e-55cfaa7298b4" name="testcase3 - Test - Worker1 - Request"><con:settings/><con:config xsi:type="con:RequestStep" xmlns:xsi="http://www.w3.org/2001/XMLSchema-instance"><con:interface>ExportFromRegondesServiceHTTPBinding</con:interface><con:operation>closedDossier</con:operation><con:request name="testcase3 - Test - Worker1 - Request" id="568021f9-03c5-4f47-aea5-58df31a3a9d2" outgoingWss="Outflow TEST"><con:settings/><con:encoding>UTF-8</con:encoding><con:endpoint>https://192.168.24.45:8443/services/ExportFromRegondesService_v1.0</con:endpoint><con:request><![CDATA[<soapenv:Envelope xmlns:soapenv="http://schemas.xmlsoap.org/soap/envelope/" xmlns:v1="http://fidus.brussels/service/exportfromregondesservice/messages/v1" xmlns:v11="http://fidus.brussels/type/common/messages/v1" xmlns:clos="http://www.minfin.fgov.be/regondes2/extern/taxservice/exports/closedDossiers" xmlns:com="http://www.minfin.fgov.be/regondes2/extern/taxservice/common">
   <soapenv:Header/>
   <soapenv:Body>
      <v1:closedDossierRequest>
         <v1:messageContext>
            <v11:messageId>${=import static java.util.UUID.randomUUID; uuid = randomUUID() as String}</v11:messageId>
            <v11:timestamp>${=new java.text.SimpleDateFormat("yyyy-MM-dd'T'HH:mm:ss.SSS").format(new Date())}</v11:timestamp>
         </v1:messageContext>
         <v1:legalContext>ServiceIntegrator</v1:legalContext>
         <v1:request>
            <clos:closedDossier> 
               <clos:referenceFodFin>11223344</clos:referenceFodFin>
               <clos:fiscalYear>2017</clos:fiscalYear>
               <clos:initialService>
                  <com:technicalReference>technicalReference</com:technicalReference>
                  <com:type>AAF</com:type>
                  <clos:reference>reference</clos:reference>
               </clos:initialService>
               <clos:patrimonyInformation>
                  <clos:typeDossier>AA</clos:typeDossier>
                  <clos:patrimonyFrom>${=new java.text.SimpleDateFormat("yyyy-MM-dd").format(new Date())}</clos:patrimonyFrom>
                  <clos:patrimonyRef>1</clos:patrimonyRef>
                  <clos:cadastralDivisionCode>YYY</clos:cadastralDivisionCode>
                  <clos:articleNumber>51</clos:articleNumber>
               </clos:patrimonyInformation>
               <clos:report>
                  <clos:type>S</clos:type>
                  <clos:subtype>subtype</clos:subtype>
                  <clos:kind>INITIAL</clos:kind>
                  <clos:cadastralIncome>
                     <com:codeCadastralIncome>a</com:codeCadastralIncome>
                     <com:definitiveCadastralIncome>12</com:definitiveCadastralIncome>
                     <com:dateDefinitive>${=new java.text.SimpleDateFormat("yyyy-MM-dd").format(new Date())}</com:dateDefinitive>
                     <com:reasonDefinitive>my reason</com:reasonDefinitive>
                  </clos:cadastralIncome>
                  <clos:date>${=new java.text.SimpleDateFormat("yyyy-MM-dd").format(new Date())}</clos:date>
                  <clos:motivation>No motivation</clos:motivation>
                  <!--0 to 99 repetitions:-->
                  <clos:newState>
                     <!--1 to 999 repetitions:-->
                     <clos:parcel>
                        <clos:parcelNumber>
                           <clos:section>55254</clos:section>
                           <clos:groundNumber>9555</clos:groundNumber>
                           <clos:bisNumber>2525</clos:bisNumber>
                           <clos:exponent>1414</clos:exponent>
                           <clos:power>me</clos:power>
                           <clos:part>4</clos:part>
                        </clos:parcelNumber>
                        <clos:situation>invalid</clos:situation>
                        <clos:kind>no</clos:kind>
                        <clos:details>test</clos:details>
                        <!--You have a CHOICE of the next 2 items at this level-->
                        <clos:articleNumber>1141</clos:articleNumber>
                        <clos:sequenceNumber>3215</clos:sequenceNumber>
                        <!--0 to 99 repetitions:-->
                        <clos:cadastralInformation>
                           <clos:codeCadastralIncome>12</clos:codeCadastralIncome>
                           <clos:cadastralIncome>12</clos:cadastralIncome>
                           <clos:cadastralIncomePart>42</clos:cadastralIncomePart>
                           <clos:exemption>52</clos:exemption>
                           <clos:daysUnfruitful>5</clos:daysUnfruitful>
                        </clos:cadastralInformation>
                     </clos:parcel>
                     <!--1 to 999 repetitions:-->
                     <clos:owner>
                        <!--You have a CHOICE of the next 2 items at this level-->
                        <clos:person>
                           <!--You have a CHOICE of the next 3 items at this level-->
                           <clos:socialSecurityNumber>125</clos:socialSecurityNumber>
                           <clos:lastname>baptiste</clos:lastname>
                        </clos:person>
                        <clos:rights>Admin</clos:rights>
                        <clos:ownerType>LEGAL_PERSON</clos:ownerType>
                     </clos:owner>
                  </clos:newState>
               </clos:report>
               <!--0 to 99 repetitions:-->
               <clos:linkedDossier>
                  <clos:referenceInitialService>referenceInitialService</clos:referenceInitialService>
                  <clos:referenceFodFin>15</clos:referenceFodFin>
               </clos:linkedDossier>
               <!--0 to 99 repetitions:-->
               <clos:attachment>
                  <com:fileName>cirb</com:fileName>
                  <com:data>    1234   </com:data>
               </clos:attachment>
            </clos:closedDossier>
         </v1:request>
      </v1:closedDossierRequest>
   </soapenv:Body>
</soapenv:Envelope>]]></con:request><con:assertion type="SOAP Fault Assertion" id="f9239309-2209-4d15-b558-5cccd39e05a1" name="Not SOAP Fault"/><con:assertion type="SOAP Response" id="19242735-9dee-44d7-a744-e30caefbf878" name="SOAP Response"/><con:assertion type="Schema Compliance" id="c8c976d1-7c99-4a87-8f94-dc6a98e88707" name="Schema Compliance"><con:configuration/></con:assertion><con:wsaConfig action="http://fidus.brussels/services/exportfromregondesservice/closedDossier"/></con:request></con:config></con:testStep><con:testStep type="request" id="aaace0b8-fac0-4840-8139-5a284d4ddd22" name="testcase3 - Test - Worker2 - Request"><con:settings/><con:config xsi:type="con:RequestStep" xmlns:xsi="http://www.w3.org/2001/XMLSchema-instance"><con:interface>ExportFromRegondesServiceHTTPBinding</con:interface><con:operation>closedDossier</con:operation><con:request name="testcase3 - Test - Worker2 - Request" id="289502c3-bad7-4b89-9bfc-1c1b9b3e460b" outgoingWss="Outflow TEST"><con:settings/><con:encoding>UTF-8</con:encoding><con:endpoint>https://192.168.24.51:8443/services/ExportFromRegondesService_v1.0</con:endpoint><con:request><![CDATA[<soapenv:Envelope xmlns:soapenv="http://schemas.xmlsoap.org/soap/envelope/" xmlns:v1="http://fidus.brussels/service/exportfromregondesservice/messages/v1" xmlns:v11="http://fidus.brussels/type/common/messages/v1" xmlns:clos="http://www.minfin.fgov.be/regondes2/extern/taxservice/exports/closedDossiers" xmlns:com="http://www.minfin.fgov.be/regondes2/extern/taxservice/common">
   <soapenv:Header/>
   <soapenv:Body>
      <v1:closedDossierRequest>
         <v1:messageContext>
            <v11:messageId>${=import static java.util.UUID.randomUUID; uuid = randomUUID() as String}</v11:messageId>
            <v11:timestamp>${=new java.text.SimpleDateFormat("yyyy-MM-dd'T'HH:mm:ss.SSS").format(new Date())}</v11:timestamp>
         </v1:messageContext>
         <v1:legalContext>ServiceIntegrator</v1:legalContext>
         <v1:request>
            <clos:closedDossier> 
               <clos:referenceFodFin>11223344</clos:referenceFodFin>
               <clos:fiscalYear>2017</clos:fiscalYear>
               <clos:initialService>
                  <com:technicalReference>technicalReference</com:technicalReference>
                  <com:type>AAF</com:type>
                  <clos:reference>reference</clos:reference>
               </clos:initialService>
               <clos:patrimonyInformation>
                  <clos:typeDossier>AA</clos:typeDossier>
                  <clos:patrimonyFrom>${=new java.text.SimpleDateFormat("yyyy-MM-dd").format(new Date())}</clos:patrimonyFrom>
                  <clos:patrimonyRef>1</clos:patrimonyRef>
                  <clos:cadastralDivisionCode>YYY</clos:cadastralDivisionCode>
                  <clos:articleNumber>51</clos:articleNumber>
               </clos:patrimonyInformation>
               <clos:report>
                  <clos:type>S</clos:type>
                  <clos:subtype>subtype</clos:subtype>
                  <clos:kind>INITIAL</clos:kind>
                  <clos:cadastralIncome>
                     <com:codeCadastralIncome>a</com:codeCadastralIncome>
                     <com:definitiveCadastralIncome>12</com:definitiveCadastralIncome>
                     <com:dateDefinitive>${=new java.text.SimpleDateFormat("yyyy-MM-dd").format(new Date())}</com:dateDefinitive>
                     <com:reasonDefinitive>my reason</com:reasonDefinitive>
                  </clos:cadastralIncome>
                  <clos:date>${=new java.text.SimpleDateFormat("yyyy-MM-dd").format(new Date())}</clos:date>
                  <clos:motivation>No motivation</clos:motivation>
                  <!--0 to 99 repetitions:-->
                  <clos:newState>
                     <!--1 to 999 repetitions:-->
                     <clos:parcel>
                        <clos:parcelNumber>
                           <clos:section>55254</clos:section>
                           <clos:groundNumber>9555</clos:groundNumber>
                           <clos:bisNumber>2525</clos:bisNumber>
                           <clos:exponent>1414</clos:exponent>
                           <clos:power>me</clos:power>
                           <clos:part>4</clos:part>
                        </clos:parcelNumber>
                        <clos:situation>invalid</clos:situation>
                        <clos:kind>no</clos:kind>
                        <clos:details>test</clos:details>
                        <!--You have a CHOICE of the next 2 items at this level-->
                        <clos:articleNumber>1141</clos:articleNumber>
                        <clos:sequenceNumber>3215</clos:sequenceNumber>
                        <!--0 to 99 repetitions:-->
                        <clos:cadastralInformation>
                           <clos:codeCadastralIncome>12</clos:codeCadastralIncome>
                           <clos:cadastralIncome>12</clos:cadastralIncome>
                           <clos:cadastralIncomePart>42</clos:cadastralIncomePart>
                           <clos:exemption>52</clos:exemption>
                           <clos:daysUnfruitful>5</clos:daysUnfruitful>
                        </clos:cadastralInformation>
                     </clos:parcel>
                     <!--1 to 999 repetitions:-->
                     <clos:owner>
                        <!--You have a CHOICE of the next 2 items at this level-->
                        <clos:person>
                           <!--You have a CHOICE of the next 3 items at this level-->
                           <clos:socialSecurityNumber>125</clos:socialSecurityNumber>
                           <clos:lastname>baptiste</clos:lastname>
                        </clos:person>
                        <clos:rights>Admin</clos:rights>
                        <clos:ownerType>LEGAL_PERSON</clos:ownerType>
                     </clos:owner>
                  </clos:newState>
               </clos:report>
               <!--0 to 99 repetitions:-->
               <clos:linkedDossier>
                  <clos:referenceInitialService>referenceInitialService</clos:referenceInitialService>
                  <clos:referenceFodFin>15</clos:referenceFodFin>
               </clos:linkedDossier>
               <!--0 to 99 repetitions:-->
               <clos:attachment>
                  <com:fileName>cirb</com:fileName>
                  <com:data>    1234   </com:data>
               </clos:attachment>
            </clos:closedDossier>
         </v1:request>
      </v1:closedDossierRequest>
   </soapenv:Body>
</soapenv:Envelope>]]></con:request><con:assertion type="SOAP Fault Assertion" id="263a593b-81ed-4157-9515-2dee73cf5df2" name="Not SOAP Fault"/><con:assertion type="SOAP Response" id="4dbffeff-96ff-4c70-b82b-02499c57a3bf" name="SOAP Response"/><con:assertion type="Schema Compliance" id="9409d090-b447-4e33-ac4b-107acf7f9733" name="Schema Compliance"><con:configuration/></con:assertion><con:wsaConfig action="http://fidus.brussels/services/exportfromregondesservice/closedDossier"/></con:request></con:config></con:testStep><con:testStep type="request" id="175f2018-49a3-4caf-9d2b-552db9819ec9" name="testcase3 - Test - External - Request"><con:settings/><con:config xsi:type="con:RequestStep" xmlns:xsi="http://www.w3.org/2001/XMLSchema-instance"><con:interface>ExportFromRegondesServiceHTTPBinding</con:interface><con:operation>closedDossier</con:operation><con:request name="testcase3 - Test - External - Request" id="2d6eeee8-35dd-4470-8003-876b60f81c09" outgoingWss="Outflow TEST"><con:settings/><con:encoding>UTF-8</con:encoding><con:endpoint>https://fidus-test.irisnetlab.be/services/ExportFromRegondesService_v1.0</con:endpoint><con:request><![CDATA[<soapenv:Envelope xmlns:soapenv="http://schemas.xmlsoap.org/soap/envelope/" xmlns:v1="http://fidus.brussels/service/exportfromregondesservice/messages/v1" xmlns:v11="http://fidus.brussels/type/common/messages/v1" xmlns:clos="http://www.minfin.fgov.be/regondes2/extern/taxservice/exports/closedDossiers" xmlns:com="http://www.minfin.fgov.be/regondes2/extern/taxservice/common">
   <soapenv:Header/>
   <soapenv:Body>
      <v1:closedDossierRequest>
         <v1:messageContext>
            <v11:messageId>${=import static java.util.UUID.randomUUID; uuid = randomUUID() as String}</v11:messageId>
            <v11:timestamp>${=new java.text.SimpleDateFormat("yyyy-MM-dd'T'HH:mm:ss.SSS").format(new Date())}</v11:timestamp>
         </v1:messageContext>
         <v1:legalContext>ServiceIntegrator</v1:legalContext>
         <v1:request>
            <clos:closedDossier> 
               <clos:referenceFodFin>11223344</clos:referenceFodFin>
               <clos:fiscalYear>2017</clos:fiscalYear>
               <clos:initialService>
                  <com:technicalReference>technicalReference</com:technicalReference>
                  <com:type>AAF</com:type>
                  <clos:reference>reference</clos:reference>
               </clos:initialService>
               <clos:patrimonyInformation>
                  <clos:typeDossier>AA</clos:typeDossier>
                  <clos:patrimonyFrom>${=new java.text.SimpleDateFormat("yyyy-MM-dd").format(new Date())}</clos:patrimonyFrom>
                  <clos:patrimonyRef>1</clos:patrimonyRef>
                  <clos:cadastralDivisionCode>YYY</clos:cadastralDivisionCode>
                  <clos:articleNumber>51</clos:articleNumber>
               </clos:patrimonyInformation>
               <clos:report>
                  <clos:type>S</clos:type>
                  <clos:subtype>subtype</clos:subtype>
                  <clos:kind>INITIAL</clos:kind>
                  <clos:cadastralIncome>
                     <com:codeCadastralIncome>a</com:codeCadastralIncome>
                     <com:definitiveCadastralIncome>12</com:definitiveCadastralIncome>
                     <com:dateDefinitive>${=new java.text.SimpleDateFormat("yyyy-MM-dd").format(new Date())}</com:dateDefinitive>
                     <com:reasonDefinitive>my reason</com:reasonDefinitive>
                  </clos:cadastralIncome>
                  <clos:date>${=new java.text.SimpleDateFormat("yyyy-MM-dd").format(new Date())}</clos:date>
                  <clos:motivation>No motivation</clos:motivation>
                  <!--0 to 99 repetitions:-->
                  <clos:newState>
                     <!--1 to 999 repetitions:-->
                     <clos:parcel>
                        <clos:parcelNumber>
                           <clos:section>55254</clos:section>
                           <clos:groundNumber>9555</clos:groundNumber>
                           <clos:bisNumber>2525</clos:bisNumber>
                           <clos:exponent>1414</clos:exponent>
                           <clos:power>me</clos:power>
                           <clos:part>4</clos:part>
                        </clos:parcelNumber>
                        <clos:situation>invalid</clos:situation>
                        <clos:kind>no</clos:kind>
                        <clos:details>test</clos:details>
                        <!--You have a CHOICE of the next 2 items at this level-->
                        <clos:articleNumber>1141</clos:articleNumber>
                        <clos:sequenceNumber>3215</clos:sequenceNumber>
                        <!--0 to 99 repetitions:-->
                        <clos:cadastralInformation>
                           <clos:codeCadastralIncome>12</clos:codeCadastralIncome>
                           <clos:cadastralIncome>12</clos:cadastralIncome>
                           <clos:cadastralIncomePart>42</clos:cadastralIncomePart>
                           <clos:exemption>52</clos:exemption>
                           <clos:daysUnfruitful>5</clos:daysUnfruitful>
                        </clos:cadastralInformation>
                     </clos:parcel>
                     <!--1 to 999 repetitions:-->
                     <clos:owner>
                        <!--You have a CHOICE of the next 2 items at this level-->
                        <clos:person>
                           <!--You have a CHOICE of the next 3 items at this level-->
                           <clos:socialSecurityNumber>125</clos:socialSecurityNumber>
                           <clos:lastname>baptiste</clos:lastname>
                        </clos:person>
                        <clos:rights>Admin</clos:rights>
                        <clos:ownerType>LEGAL_PERSON</clos:ownerType>
                     </clos:owner>
                  </clos:newState>
               </clos:report>
               <!--0 to 99 repetitions:-->
               <clos:linkedDossier>
                  <clos:referenceInitialService>referenceInitialService</clos:referenceInitialService>
                  <clos:referenceFodFin>15</clos:referenceFodFin>
               </clos:linkedDossier>
               <!--0 to 99 repetitions:-->
               <clos:attachment>
                  <com:fileName>cirb</com:fileName>
                  <com:data>    1234   </com:data>
               </clos:attachment>
            </clos:closedDossier>
         </v1:request>
      </v1:closedDossierRequest>
   </soapenv:Body>
</soapenv:Envelope>]]></con:request><con:assertion type="SOAP Fault Assertion" id="2b96d439-aea2-4f63-8420-205cd90e7bf6" name="Not SOAP Fault"/><con:assertion type="SOAP Response" id="db52aa00-4014-4a9c-bdeb-55360c04bdee" name="SOAP Response"/><con:assertion type="Schema Compliance" id="6730d2c3-1d62-41cb-8ab5-ebee212b025d" name="Schema Compliance"><con:configuration/></con:assertion><con:wsaConfig action="http://fidus.brussels/services/exportfromregondesservice/closedDossier"/></con:request></con:config></con:testStep><con:properties/></con:testCase><con:testCase id="f5e2c4da-71f3-44b9-b107-8309a1a93e7b" failOnError="true" failTestCaseOnErrors="true" keepSession="false" maxResults="0" name="postponedDossier" searchProperties="true"><con:settings/><con:testStep type="request" id="95465f99-7724-465a-b7e1-e268a980d27e" name="testcase3 - Test - LB - Request"><con:settings/><con:config xsi:type="con:RequestStep" xmlns:xsi="http://www.w3.org/2001/XMLSchema-instance"><con:interface>ExportFromRegondesServiceHTTPBinding</con:interface><con:operation>postponedDossier</con:operation><con:request name="testcase3 - Test - LB - Request" id="6ff850c1-a5d1-4f8a-b17e-412ccd9d0c2e" outgoingWss="Outflow TEST"><con:settings/><con:encoding>UTF-8</con:encoding><con:endpoint>https://esb-security-gw.sta.srv.cirb.lan:8443/services/ExportFromRegondesService_v1.0</con:endpoint><con:request><![CDATA[<soapenv:Envelope xmlns:soapenv="http://schemas.xmlsoap.org/soap/envelope/" xmlns:v1="http://fidus.brussels/service/exportfromregondesservice/messages/v1" xmlns:v11="http://fidus.brussels/type/common/messages/v1" xmlns:pos="http://www.minfin.fgov.be/regondes2/extern/taxservice/exports/postponedDossiers" xmlns:com="http://www.minfin.fgov.be/regondes2/extern/taxservice/common">
   <soapenv:Header/>
   <soapenv:Body>
      <v1:postponedDossierRequest>
         <v1:messageContext>
            <v11:messageId>${=import static java.util.UUID.randomUUID; uuid = randomUUID() as String}</v11:messageId>
            <!--Optional:-->
            <v11:timestamp>${=new java.text.SimpleDateFormat("yyyy-MM-dd'T'HH:mm:ss.SSS").format(new Date())}</v11:timestamp>
         </v1:messageContext>
         <v1:legalContext>ServiceIntegrator</v1:legalContext>
         <v1:request>
            <pos:postponedDossier>
               <pos:referenceFodFin>11223344</pos:referenceFodFin>
               <pos:initialService>
                  <!--Optional:-->
                  <com:technicalReference>technicalReference</com:technicalReference>
                  <com:type>AAF</com:type>
                  <com:reference>reference</com:reference>
               </pos:initialService>
               <pos:postponement>
                  <pos:datePostponement>${=new java.text.SimpleDateFormat("yyyy-MM-dd").format(new Date())}</pos:datePostponement>
                  <pos:reasonPostponed>TEST</pos:reasonPostponed>
                  <pos:newTargetDate>${=new java.text.SimpleDateFormat("yyyy-MM-dd").format(new Date())}</pos:newTargetDate>
               </pos:postponement>
            </pos:postponedDossier>
         </v1:request>
      </v1:postponedDossierRequest>
   </soapenv:Body>
</soapenv:Envelope>]]></con:request><con:assertion type="SOAP Fault Assertion" id="1dd100e4-0eb1-4a06-aa22-baa961731a34" name="Not SOAP Fault"/><con:assertion type="SOAP Response" id="7a060204-da2b-4082-b5ad-84d1d5e1b4bd" name="SOAP Response"/><con:assertion type="Schema Compliance" id="5e4e120d-090b-4750-9ae5-a75f5c02d73d" name="Schema Compliance"><con:configuration/></con:assertion><con:wsaConfig action="http://fidus.brussels/services/exportfromregondesservice/postponedDossier"/></con:request></con:config></con:testStep><con:testStep type="request" id="d1393f0f-f991-4145-a214-bc2475120c73" name="testcase3 - Test - Worker1 - Request"><con:settings/><con:config xsi:type="con:RequestStep" xmlns:xsi="http://www.w3.org/2001/XMLSchema-instance"><con:interface>ExportFromRegondesServiceHTTPBinding</con:interface><con:operation>postponedDossier</con:operation><con:request name="testcase3 - Test - Worker1 - Request" id="a454062e-d77e-422b-9ca4-9027c712a4fa" outgoingWss="Outflow TEST"><con:settings/><con:encoding>UTF-8</con:encoding><con:endpoint>https://192.168.24.45:8443/services/ExportFromRegondesService_v1.0</con:endpoint><con:request><![CDATA[<soapenv:Envelope xmlns:soapenv="http://schemas.xmlsoap.org/soap/envelope/" xmlns:v1="http://fidus.brussels/service/exportfromregondesservice/messages/v1" xmlns:v11="http://fidus.brussels/type/common/messages/v1" xmlns:pos="http://www.minfin.fgov.be/regondes2/extern/taxservice/exports/postponedDossiers" xmlns:com="http://www.minfin.fgov.be/regondes2/extern/taxservice/common">
   <soapenv:Header/>
   <soapenv:Body>
      <v1:postponedDossierRequest>
         <v1:messageContext>
            <v11:messageId>${=import static java.util.UUID.randomUUID; uuid = randomUUID() as String}</v11:messageId>
            <!--Optional:-->
            <v11:timestamp>${=new java.text.SimpleDateFormat("yyyy-MM-dd'T'HH:mm:ss.SSS").format(new Date())}</v11:timestamp>
         </v1:messageContext>
         <v1:legalContext>ServiceIntegrator</v1:legalContext>
         <v1:request>
            <pos:postponedDossier>
               <pos:referenceFodFin>11223344</pos:referenceFodFin>
               <pos:initialService>
                  <!--Optional:-->
                  <com:technicalReference>technicalReference</com:technicalReference>
                  <com:type>AAF</com:type>
                  <com:reference>reference</com:reference>
               </pos:initialService>
               <pos:postponement>
                  <pos:datePostponement>${=new java.text.SimpleDateFormat("yyyy-MM-dd").format(new Date())}</pos:datePostponement>
                  <pos:reasonPostponed>TEST</pos:reasonPostponed>
                  <pos:newTargetDate>${=new java.text.SimpleDateFormat("yyyy-MM-dd").format(new Date())}</pos:newTargetDate>
               </pos:postponement>
            </pos:postponedDossier>
         </v1:request>
      </v1:postponedDossierRequest>
   </soapenv:Body>
</soapenv:Envelope>]]></con:request><con:assertion type="SOAP Fault Assertion" id="1c2c89a2-e2fe-48bd-a278-b217721fad87" name="Not SOAP Fault"/><con:assertion type="SOAP Response" id="038c5089-36ce-4689-a84c-6a0c7b9214dc" name="SOAP Response"/><con:assertion type="Schema Compliance" id="6e0dd1be-d0c6-491d-ae84-7044d65ab50a" name="Schema Compliance"><con:configuration/></con:assertion><con:wsaConfig action="http://fidus.brussels/services/exportfromregondesservice/postponedDossier"/></con:request></con:config></con:testStep><con:testStep type="request" id="37f1373c-364f-4f8f-b8b3-d00664308b0e" name="testcase3 - Test - Worker2 - Request"><con:settings/><con:config xsi:type="con:RequestStep" xmlns:xsi="http://www.w3.org/2001/XMLSchema-instance"><con:interface>ExportFromRegondesServiceHTTPBinding</con:interface><con:operation>postponedDossier</con:operation><con:request name="testcase3 - Test - Worker2 - Request" id="df3c27e4-da47-4ed4-aaee-d7eb9748e44c" outgoingWss="Outflow TEST"><con:settings/><con:encoding>UTF-8</con:encoding><con:endpoint>https://192.168.24.51:8443/services/ExportFromRegondesService_v1.0</con:endpoint><con:request><![CDATA[<soapenv:Envelope xmlns:soapenv="http://schemas.xmlsoap.org/soap/envelope/" xmlns:v1="http://fidus.brussels/service/exportfromregondesservice/messages/v1" xmlns:v11="http://fidus.brussels/type/common/messages/v1" xmlns:pos="http://www.minfin.fgov.be/regondes2/extern/taxservice/exports/postponedDossiers" xmlns:com="http://www.minfin.fgov.be/regondes2/extern/taxservice/common">
   <soapenv:Header/>
   <soapenv:Body>
      <v1:postponedDossierRequest>
         <v1:messageContext>
            <v11:messageId>${=import static java.util.UUID.randomUUID; uuid = randomUUID() as String}</v11:messageId>
            <!--Optional:-->
            <v11:timestamp>${=new java.text.SimpleDateFormat("yyyy-MM-dd'T'HH:mm:ss.SSS").format(new Date())}</v11:timestamp>
         </v1:messageContext>
         <v1:legalContext>ServiceIntegrator</v1:legalContext>
         <v1:request>
            <pos:postponedDossier>
               <pos:referenceFodFin>11223344</pos:referenceFodFin>
               <pos:initialService>
                  <!--Optional:-->
                  <com:technicalReference>technicalReference</com:technicalReference>
                  <com:type>AAF</com:type>
                  <com:reference>reference</com:reference>
               </pos:initialService>
               <pos:postponement>
                  <pos:datePostponement>${=new java.text.SimpleDateFormat("yyyy-MM-dd").format(new Date())}</pos:datePostponement>
                  <pos:reasonPostponed>TEST</pos:reasonPostponed>
                  <pos:newTargetDate>${=new java.text.SimpleDateFormat("yyyy-MM-dd").format(new Date())}</pos:newTargetDate>
               </pos:postponement>
            </pos:postponedDossier>
         </v1:request>
      </v1:postponedDossierRequest>
   </soapenv:Body>
</soapenv:Envelope>]]></con:request><con:assertion type="SOAP Fault Assertion" id="8bd872c1-4da1-4454-abaa-7aa248b1f498" name="Not SOAP Fault"/><con:assertion type="SOAP Response" id="43b3bc09-6245-41f8-9302-b3c0f947f4b7" name="SOAP Response"/><con:assertion type="Schema Compliance" id="556ec6e4-dbb2-4f54-badd-069bab4dc28a" name="Schema Compliance"><con:configuration/></con:assertion><con:wsaConfig action="http://fidus.brussels/services/exportfromregondesservice/postponedDossier"/></con:request></con:config></con:testStep><con:testStep type="request" id="3019e5e7-914c-4f10-98ee-b71900b7718c" name="testcase3 - Test - External - Request"><con:settings/><con:config xsi:type="con:RequestStep" xmlns:xsi="http://www.w3.org/2001/XMLSchema-instance"><con:interface>ExportFromRegondesServiceHTTPBinding</con:interface><con:operation>postponedDossier</con:operation><con:request name="testcase3 - Test - External - Request" id="d37f932b-7f4e-47cf-9220-5c9519c9b2fb" outgoingWss="Outflow TEST"><con:settings/><con:encoding>UTF-8</con:encoding><con:endpoint>https://fidus-test.irisnetlab.be/services/ExportFromRegondesService_v1.0</con:endpoint><con:request><![CDATA[<soapenv:Envelope xmlns:soapenv="http://schemas.xmlsoap.org/soap/envelope/" xmlns:v1="http://fidus.brussels/service/exportfromregondesservice/messages/v1" xmlns:v11="http://fidus.brussels/type/common/messages/v1" xmlns:pos="http://www.minfin.fgov.be/regondes2/extern/taxservice/exports/postponedDossiers" xmlns:com="http://www.minfin.fgov.be/regondes2/extern/taxservice/common">
   <soapenv:Header/>
   <soapenv:Body>
      <v1:postponedDossierRequest>
         <v1:messageContext>
            <v11:messageId>${=import static java.util.UUID.randomUUID; uuid = randomUUID() as String}</v11:messageId>
            <!--Optional:-->
            <v11:timestamp>${=new java.text.SimpleDateFormat("yyyy-MM-dd'T'HH:mm:ss.SSS").format(new Date())}</v11:timestamp>
         </v1:messageContext>
         <v1:legalContext>ServiceIntegrator</v1:legalContext>
         <v1:request>
            <pos:postponedDossier>
               <pos:referenceFodFin>11223344</pos:referenceFodFin>
               <pos:initialService>
                  <!--Optional:-->
                  <com:technicalReference>technicalReference</com:technicalReference>
                  <com:type>AAF</com:type>
                  <com:reference>reference</com:reference>
               </pos:initialService>
               <pos:postponement>
                  <pos:datePostponement>${=new java.text.SimpleDateFormat("yyyy-MM-dd").format(new Date())}</pos:datePostponement>
                  <pos:reasonPostponed>TEST</pos:reasonPostponed>
                  <pos:newTargetDate>${=new java.text.SimpleDateFormat("yyyy-MM-dd").format(new Date())}</pos:newTargetDate>
               </pos:postponement>
            </pos:postponedDossier>
         </v1:request>
      </v1:postponedDossierRequest>
   </soapenv:Body>
</soapenv:Envelope>]]></con:request><con:assertion type="SOAP Fault Assertion" id="036d2c9c-a8be-4bb8-81cf-edfe80c0f9a7" name="Not SOAP Fault"/><con:assertion type="SOAP Response" id="cb193f94-b784-4d5b-8a85-cb8a819c9c91" name="SOAP Response"/><con:assertion type="Schema Compliance" id="d3edcfec-46a8-4ccd-a667-516320bcc834" name="Schema Compliance"><con:configuration/></con:assertion><con:wsaConfig action="http://fidus.brussels/services/exportfromregondesservice/postponedDossier"/></con:request></con:config></con:testStep><con:properties/></con:testCase><con:testCase id="9459976f-2b5c-41a0-b261-a06b6238d083" failOnError="true" failTestCaseOnErrors="true" keepSession="false" maxResults="0" name="serviceChange" searchProperties="true"><con:settings/><con:testStep type="request" id="5beee392-4628-411d-844a-7f07849f9989" name="testcase3 - Test - LB - Request"><con:settings/><con:config xsi:type="con:RequestStep" xmlns:xsi="http://www.w3.org/2001/XMLSchema-instance"><con:interface>ExportFromRegondesServiceHTTPBinding</con:interface><con:operation>serviceChange</con:operation><con:request name="testcase3 - Test - LB - Request" id="9aea269e-88d7-41b5-b90e-6c5bfa11b882" outgoingWss="Outflow TEST"><con:settings/><con:encoding>UTF-8</con:encoding><con:endpoint>https://esb-security-gw.sta.srv.cirb.lan:8443/services/ExportFromRegondesService_v1.0</con:endpoint><con:request><![CDATA[<soapenv:Envelope xmlns:soapenv="http://schemas.xmlsoap.org/soap/envelope/" xmlns:v1="http://fidus.brussels/service/exportfromregondesservice/messages/v1" xmlns:v11="http://fidus.brussels/type/common/messages/v1" xmlns:ser="http://www.minfin.fgov.be/regondes2/extern/taxservice/exports/serviceChanged" xmlns:com="http://www.minfin.fgov.be/regondes2/extern/taxservice/common">
   <soapenv:Header/>
   <soapenv:Body>
      <v1:serviceChangeRequest>
         <v1:messageContext>
            <v11:messageId>${=import static java.util.UUID.randomUUID; uuid = randomUUID() as String}</v11:messageId>
            <!--Optional:-->
            <v11:timestamp>${=new java.text.SimpleDateFormat("yyyy-MM-dd'T'HH:mm:ss.SSS").format(new Date())}</v11:timestamp>
         </v1:messageContext>
         <v1:legalContext>ServiceIntegrator</v1:legalContext>
         <v1:request>
            <ser:serviceChange>
               <ser:referenceFodFin>11223344</ser:referenceFodFin>
               <ser:initialService>
                  <!--Optional:-->
                  <com:technicalReference>1524</com:technicalReference>
                  <com:type>AAF</com:type>
                  <com:reference>reference</com:reference>
               </ser:initialService>
               <!--1 to 99 repetitions:-->
               <ser:transfer>
                  <ser:serviceName>CIRB</ser:serviceName>
                  <ser:dateIn>${=new java.text.SimpleDateFormat("yyyy-MM-dd").format(new Date())}</ser:dateIn>
                  <!--Optional:-->
                  <ser:dateOut>${=new java.text.SimpleDateFormat("yyyy-MM-dd").format(new Date())}</ser:dateOut>
                  <ser:official>
                     <ser:firstName>jean</ser:firstName>
                     <ser:lastName>baptist</ser:lastName>
                     <ser:phoneNumber>0452363621</ser:phoneNumber>
                     <ser:email>cisyapan@cirb.brussels</ser:email>
                  </ser:official>
               </ser:transfer>
            </ser:serviceChange>
         </v1:request>
      </v1:serviceChangeRequest>
   </soapenv:Body>
</soapenv:Envelope>]]></con:request><con:assertion type="SOAP Fault Assertion" id="8b9027f4-221e-4a68-8c8b-6b8aab8fe00f" name="Not SOAP Fault"/><con:assertion type="SOAP Response" id="03fb4e88-df3d-452e-a340-e0c24d1b4a60" name="SOAP Response"/><con:assertion type="Schema Compliance" id="e721f497-ff08-4d80-9aa3-7340d9561aa0" name="Schema Compliance"><con:configuration/></con:assertion><con:wsaConfig action="http://fidus.brussels/services/exportfromregondesservice/serviceChange"/></con:request></con:config></con:testStep><con:testStep type="request" id="b5752ef5-3450-43ee-8053-916c27b40f22" name="testcase3 - Test - Worker1 - Request"><con:settings/><con:config xsi:type="con:RequestStep" xmlns:xsi="http://www.w3.org/2001/XMLSchema-instance"><con:interface>ExportFromRegondesServiceHTTPBinding</con:interface><con:operation>serviceChange</con:operation><con:request name="testcase3 - Test - Worker1 - Request" id="f26fb60f-5b38-43fd-8bcf-ab6cd7320b7b" outgoingWss="Outflow TEST"><con:settings/><con:encoding>UTF-8</con:encoding><con:endpoint>https://192.168.24.45:8443/services/ExportFromRegondesService_v1.0</con:endpoint><con:request><![CDATA[<soapenv:Envelope xmlns:soapenv="http://schemas.xmlsoap.org/soap/envelope/" xmlns:v1="http://fidus.brussels/service/exportfromregondesservice/messages/v1" xmlns:v11="http://fidus.brussels/type/common/messages/v1" xmlns:ser="http://www.minfin.fgov.be/regondes2/extern/taxservice/exports/serviceChanged" xmlns:com="http://www.minfin.fgov.be/regondes2/extern/taxservice/common">
   <soapenv:Header/>
   <soapenv:Body>
      <v1:serviceChangeRequest>
         <v1:messageContext>
            <v11:messageId>${=import static java.util.UUID.randomUUID; uuid = randomUUID() as String}</v11:messageId>
            <!--Optional:-->
            <v11:timestamp>${=new java.text.SimpleDateFormat("yyyy-MM-dd'T'HH:mm:ss.SSS").format(new Date())}</v11:timestamp>
         </v1:messageContext>
         <v1:legalContext>ServiceIntegrator</v1:legalContext>
         <v1:request>
            <ser:serviceChange>
               <ser:referenceFodFin>11223344</ser:referenceFodFin>
               <ser:initialService>
                  <!--Optional:-->
                  <com:technicalReference>1524</com:technicalReference>
                  <com:type>AAF</com:type>
                  <com:reference>reference</com:reference>
               </ser:initialService>
               <!--1 to 99 repetitions:-->
               <ser:transfer>
                  <ser:serviceName>CIRB</ser:serviceName>
                  <ser:dateIn>${=new java.text.SimpleDateFormat("yyyy-MM-dd").format(new Date())}</ser:dateIn>
                  <!--Optional:-->
                  <ser:dateOut>${=new java.text.SimpleDateFormat("yyyy-MM-dd").format(new Date())}</ser:dateOut>
                  <ser:official>
                     <ser:firstName>jean</ser:firstName>
                     <ser:lastName>baptist</ser:lastName>
                     <ser:phoneNumber>0452363621</ser:phoneNumber>
                     <ser:email>cisyapan@cirb.brussels</ser:email>
                  </ser:official>
               </ser:transfer>
            </ser:serviceChange>
         </v1:request>
      </v1:serviceChangeRequest>
   </soapenv:Body>
</soapenv:Envelope>]]></con:request><con:assertion type="SOAP Fault Assertion" id="cfb9a6a4-681c-4b3f-854b-b83cac598153" name="Not SOAP Fault"/><con:assertion type="SOAP Response" id="ea50069e-cc07-48bc-a5f5-4fd395b367fb" name="SOAP Response"/><con:assertion type="Schema Compliance" id="9e0d9ccb-a9ca-4c34-b3f7-58ed17f95be8" name="Schema Compliance"><con:configuration/></con:assertion><con:wsaConfig action="http://fidus.brussels/services/exportfromregondesservice/serviceChange"/></con:request></con:config></con:testStep><con:testStep type="request" id="bf64788a-1225-4860-a564-a7c7641efa86" name="testcase3 - Test - Worker2 - Request"><con:settings/><con:config xsi:type="con:RequestStep" xmlns:xsi="http://www.w3.org/2001/XMLSchema-instance"><con:interface>ExportFromRegondesServiceHTTPBinding</con:interface><con:operation>serviceChange</con:operation><con:request name="testcase3 - Test - Worker2 - Request" id="dd17abd9-5932-4bfe-86d5-0b8ae554b05c" outgoingWss="Outflow TEST"><con:settings/><con:encoding>UTF-8</con:encoding><con:endpoint>https://192.168.24.51:8443/services/ExportFromRegondesService_v1.0</con:endpoint><con:request><![CDATA[<soapenv:Envelope xmlns:soapenv="http://schemas.xmlsoap.org/soap/envelope/" xmlns:v1="http://fidus.brussels/service/exportfromregondesservice/messages/v1" xmlns:v11="http://fidus.brussels/type/common/messages/v1" xmlns:ser="http://www.minfin.fgov.be/regondes2/extern/taxservice/exports/serviceChanged" xmlns:com="http://www.minfin.fgov.be/regondes2/extern/taxservice/common">
   <soapenv:Header/>
   <soapenv:Body>
      <v1:serviceChangeRequest>
         <v1:messageContext>
            <v11:messageId>${=import static java.util.UUID.randomUUID; uuid = randomUUID() as String}</v11:messageId>
            <!--Optional:-->
            <v11:timestamp>${=new java.text.SimpleDateFormat("yyyy-MM-dd'T'HH:mm:ss.SSS").format(new Date())}</v11:timestamp>
         </v1:messageContext>
         <v1:legalContext>ServiceIntegrator</v1:legalContext>
         <v1:request>
            <ser:serviceChange>
               <ser:referenceFodFin>11223344</ser:referenceFodFin>
               <ser:initialService>
                  <!--Optional:-->
                  <com:technicalReference>1524</com:technicalReference>
                  <com:type>AAF</com:type>
                  <com:reference>reference</com:reference>
               </ser:initialService>
               <!--1 to 99 repetitions:-->
               <ser:transfer>
                  <ser:serviceName>CIRB</ser:serviceName>
                  <ser:dateIn>${=new java.text.SimpleDateFormat("yyyy-MM-dd").format(new Date())}</ser:dateIn>
                  <!--Optional:-->
                  <ser:dateOut>${=new java.text.SimpleDateFormat("yyyy-MM-dd").format(new Date())}</ser:dateOut>
                  <ser:official>
                     <ser:firstName>jean</ser:firstName>
                     <ser:lastName>baptist</ser:lastName>
                     <ser:phoneNumber>0452363621</ser:phoneNumber>
                     <ser:email>cisyapan@cirb.brussels</ser:email>
                  </ser:official>
               </ser:transfer>
            </ser:serviceChange>
         </v1:request>
      </v1:serviceChangeRequest>
   </soapenv:Body>
</soapenv:Envelope>]]></con:request><con:assertion type="SOAP Fault Assertion" id="6e4a4029-b9dd-44ca-89f8-3e706020f9ab" name="Not SOAP Fault"/><con:assertion type="SOAP Response" id="ba8ea8b4-2ea7-4675-be6e-70ed2454e4b6" name="SOAP Response"/><con:assertion type="Schema Compliance" id="a56b7e37-5cff-4f4f-82f9-33d8ac243e1a" name="Schema Compliance"><con:configuration/></con:assertion><con:wsaConfig action="http://fidus.brussels/services/exportfromregondesservice/serviceChange"/></con:request></con:config></con:testStep><con:testStep type="request" id="80eadded-8076-48ea-a9ff-c067fd07dc37" name="testcase3 - Test - External - Request"><con:settings/><con:config xsi:type="con:RequestStep" xmlns:xsi="http://www.w3.org/2001/XMLSchema-instance"><con:interface>ExportFromRegondesServiceHTTPBinding</con:interface><con:operation>serviceChange</con:operation><con:request name="testcase3 - Test - External - Request" id="98b7ac3f-dffb-4c77-94f9-b0100ec936f3" outgoingWss="Outflow TEST"><con:settings/><con:encoding>UTF-8</con:encoding><con:endpoint>https://fidus-test.irisnetlab.be/services/ExportFromRegondesService_v1.0</con:endpoint><con:request><![CDATA[<soapenv:Envelope xmlns:soapenv="http://schemas.xmlsoap.org/soap/envelope/" xmlns:v1="http://fidus.brussels/service/exportfromregondesservice/messages/v1" xmlns:v11="http://fidus.brussels/type/common/messages/v1" xmlns:ser="http://www.minfin.fgov.be/regondes2/extern/taxservice/exports/serviceChanged" xmlns:com="http://www.minfin.fgov.be/regondes2/extern/taxservice/common">
   <soapenv:Header/>
   <soapenv:Body>
      <v1:serviceChangeRequest>
         <v1:messageContext>
            <v11:messageId>${=import static java.util.UUID.randomUUID; uuid = randomUUID() as String}</v11:messageId>
            <!--Optional:-->
            <v11:timestamp>${=new java.text.SimpleDateFormat("yyyy-MM-dd'T'HH:mm:ss.SSS").format(new Date())}</v11:timestamp>
         </v1:messageContext>
         <v1:legalContext>ServiceIntegrator</v1:legalContext>
         <v1:request>
            <ser:serviceChange>
               <ser:referenceFodFin>11223344</ser:referenceFodFin>
               <ser:initialService>
                  <!--Optional:-->
                  <com:technicalReference>1524</com:technicalReference>
                  <com:type>AAF</com:type>
                  <com:reference>reference</com:reference>
               </ser:initialService>
               <!--1 to 99 repetitions:-->
               <ser:transfer>
                  <ser:serviceName>CIRB</ser:serviceName>
                  <ser:dateIn>${=new java.text.SimpleDateFormat("yyyy-MM-dd").format(new Date())}</ser:dateIn>
                  <!--Optional:-->
                  <ser:dateOut>${=new java.text.SimpleDateFormat("yyyy-MM-dd").format(new Date())}</ser:dateOut>
                  <ser:official>
                     <ser:firstName>jean</ser:firstName>
                     <ser:lastName>baptist</ser:lastName>
                     <ser:phoneNumber>0452363621</ser:phoneNumber>
                     <ser:email>cisyapan@cirb.brussels</ser:email>
                  </ser:official>
               </ser:transfer>
            </ser:serviceChange>
         </v1:request>
      </v1:serviceChangeRequest>
   </soapenv:Body>
</soapenv:Envelope>]]></con:request><con:assertion type="SOAP Fault Assertion" id="954cf6e4-e70d-403a-b7d4-aaac966c54fb" name="Not SOAP Fault"/><con:assertion type="SOAP Response" id="e2ff29f1-758d-490b-8ad1-f64201b8cf2f" name="SOAP Response"/><con:assertion type="Schema Compliance" id="a96576f3-98b9-4b4e-93a5-35ee74dc19b9" name="Schema Compliance"><con:configuration/></con:assertion><con:wsaConfig action="http://fidus.brussels/services/exportfromregondesservice/serviceChange"/></con:request></con:config></con:testStep><con:properties/></con:testCase><con:properties/></con:testSuite><con:testSuite id="b792f4bb-43d4-4403-89a4-da0d5b0c7913" name="STAG"><con:settings/><con:runType>SEQUENTIAL</con:runType><con:testCase id="c19b9c5f-e0de-42f8-9bf2-98f0f688ba44" failOnError="true" failTestCaseOnErrors="true" keepSession="false" maxResults="0" name="closedDossier" searchProperties="true"><con:settings/><con:testStep type="request" id="eb4da5cd-23a1-45ec-9f55-1b6f6c803909" name="testcase4 - Staging - LB - Request"><con:settings/><con:config xsi:type="con:RequestStep" xmlns:xsi="http://www.w3.org/2001/XMLSchema-instance"><con:interface>ExportFromRegondesServiceHTTPBinding</con:interface><con:operation>closedDossier</con:operation><con:request name="testcase4 - Staging - LB - Request" id="5d6ac331-3d97-4484-a7d1-d574de18cd98" outgoingWss="Outflow STAG"><con:settings/><con:encoding>UTF-8</con:encoding><con:endpoint>https://fidus-esb-sg.sta.srv.cirb.lan:8443/services/ExportFromRegondesService_v1.0</con:endpoint><con:request><![CDATA[<soapenv:Envelope xmlns:soapenv="http://schemas.xmlsoap.org/soap/envelope/" xmlns:v1="http://fidus.brussels/service/exportfromregondesservice/messages/v1" xmlns:v11="http://fidus.brussels/type/common/messages/v1" xmlns:clos="http://www.minfin.fgov.be/regondes2/extern/taxservice/exports/closedDossiers" xmlns:com="http://www.minfin.fgov.be/regondes2/extern/taxservice/common">
   <soapenv:Header/>
   <soapenv:Body>
      <v1:closedDossierRequest>
         <v1:messageContext>
            <v11:messageId>${=import static java.util.UUID.randomUUID; uuid = randomUUID() as String}</v11:messageId>
            <v11:timestamp>${=new java.text.SimpleDateFormat("yyyy-MM-dd'T'HH:mm:ss.SSS").format(new Date())}</v11:timestamp>
         </v1:messageContext>
         <v1:legalContext>ServiceIntegrator</v1:legalContext>
         <v1:request>
            <clos:closedDossier> 
               <clos:referenceFodFin>11223344</clos:referenceFodFin>
               <clos:fiscalYear>2017</clos:fiscalYear>
               <clos:initialService>
                  <com:technicalReference>technicalReference</com:technicalReference>
                  <com:type>AAF</com:type>
                  <clos:reference>reference</clos:reference>
               </clos:initialService>
               <clos:patrimonyInformation>
                  <clos:typeDossier>AA</clos:typeDossier>
                  <clos:patrimonyFrom>${=new java.text.SimpleDateFormat("yyyy-MM-dd").format(new Date())}</clos:patrimonyFrom>
                  <clos:patrimonyRef>1</clos:patrimonyRef>
                  <clos:cadastralDivisionCode>YYY</clos:cadastralDivisionCode>
                  <clos:articleNumber>51</clos:articleNumber>
               </clos:patrimonyInformation>
               <clos:report>
                  <clos:type>S</clos:type>
                  <clos:subtype>subtype</clos:subtype>
                  <clos:kind>INITIAL</clos:kind>
                  <clos:cadastralIncome>
                     <com:codeCadastralIncome>a</com:codeCadastralIncome>
                     <com:definitiveCadastralIncome>12</com:definitiveCadastralIncome>
                     <com:dateDefinitive>${=new java.text.SimpleDateFormat("yyyy-MM-dd").format(new Date())}</com:dateDefinitive>
                     <com:reasonDefinitive>my reason</com:reasonDefinitive>
                  </clos:cadastralIncome>
                  <clos:date>${=new java.text.SimpleDateFormat("yyyy-MM-dd").format(new Date())}</clos:date>
                  <clos:motivation>No motivation</clos:motivation>
                  <!--0 to 99 repetitions:-->
                  <clos:newState>
                     <!--1 to 999 repetitions:-->
                     <clos:parcel>
                        <clos:parcelNumber>
                           <clos:section>55254</clos:section>
                           <clos:groundNumber>9555</clos:groundNumber>
                           <clos:bisNumber>2525</clos:bisNumber>
                           <clos:exponent>1414</clos:exponent>
                           <clos:power>me</clos:power>
                           <clos:part>4</clos:part>
                        </clos:parcelNumber>
                        <clos:situation>invalid</clos:situation>
                        <clos:kind>no</clos:kind>
                        <clos:details>test</clos:details>
                        <!--You have a CHOICE of the next 2 items at this level-->
                        <clos:articleNumber>1141</clos:articleNumber>
                        <clos:sequenceNumber>3215</clos:sequenceNumber>
                        <!--0 to 99 repetitions:-->
                        <clos:cadastralInformation>
                           <clos:codeCadastralIncome>12</clos:codeCadastralIncome>
                           <clos:cadastralIncome>12</clos:cadastralIncome>
                           <clos:cadastralIncomePart>42</clos:cadastralIncomePart>
                           <clos:exemption>52</clos:exemption>
                           <clos:daysUnfruitful>5</clos:daysUnfruitful>
                        </clos:cadastralInformation>
                     </clos:parcel>
                     <!--1 to 999 repetitions:-->
                     <clos:owner>
                        <!--You have a CHOICE of the next 2 items at this level-->
                        <clos:person>
                           <!--You have a CHOICE of the next 3 items at this level-->
                           <clos:socialSecurityNumber>125</clos:socialSecurityNumber>
                           <clos:lastname>baptiste</clos:lastname>
                        </clos:person>
                        <clos:rights>Admin</clos:rights>
                        <clos:ownerType>LEGAL_PERSON</clos:ownerType>
                     </clos:owner>
                  </clos:newState>
               </clos:report>
               <!--0 to 99 repetitions:-->
               <clos:linkedDossier>
                  <clos:referenceInitialService>referenceInitialService</clos:referenceInitialService>
                  <clos:referenceFodFin>15</clos:referenceFodFin>
               </clos:linkedDossier>
               <!--0 to 99 repetitions:-->
               <clos:attachment>
                  <com:fileName>cirb</com:fileName>
                  <com:data>    1234   </com:data>
               </clos:attachment>
            </clos:closedDossier>
         </v1:request>
      </v1:closedDossierRequest>
   </soapenv:Body>
</soapenv:Envelope>]]></con:request><con:assertion type="SOAP Fault Assertion" id="3cb3ce9f-4b21-4ba6-8c64-becff90a8ad3" name="Not SOAP Fault"/><con:assertion type="SOAP Response" id="2e98b500-dda5-49fb-9eaf-9263d4c30c4c" name="SOAP Response"/><con:assertion type="Schema Compliance" id="32dc9ad3-bfa0-4f49-8d89-bab674fcbe1a" name="Schema Compliance"><con:configuration/></con:assertion><con:wsaConfig action="http://fidus.brussels/services/exportfromregondesservice/closedDossier"/></con:request></con:config></con:testStep><con:testStep type="request" id="4dcf1a84-8b87-4688-91d3-ff647376e2fa" name="testcase4 - Staging - Worker1 - Request"><con:settings/><con:config xsi:type="con:RequestStep" xmlns:xsi="http://www.w3.org/2001/XMLSchema-instance"><con:interface>ExportFromRegondesServiceHTTPBinding</con:interface><con:operation>closedDossier</con:operation><con:request name="testcase4 - Staging - Worker1 - Request" id="f296d95b-2919-4b13-a98f-c820f8979742" outgoingWss="Outflow STAG"><con:settings/><con:encoding>UTF-8</con:encoding><con:endpoint>https://192.168.24.57:8443/services/ExportFromRegondesService_v1.0</con:endpoint><con:request><![CDATA[<soapenv:Envelope xmlns:soapenv="http://schemas.xmlsoap.org/soap/envelope/" xmlns:v1="http://fidus.brussels/service/exportfromregondesservice/messages/v1" xmlns:v11="http://fidus.brussels/type/common/messages/v1" xmlns:clos="http://www.minfin.fgov.be/regondes2/extern/taxservice/exports/closedDossiers" xmlns:com="http://www.minfin.fgov.be/regondes2/extern/taxservice/common">
   <soapenv:Header/>
   <soapenv:Body>
      <v1:closedDossierRequest>
         <v1:messageContext>
            <v11:messageId>${=import static java.util.UUID.randomUUID; uuid = randomUUID() as String}</v11:messageId>
            <v11:timestamp>${=new java.text.SimpleDateFormat("yyyy-MM-dd'T'HH:mm:ss.SSS").format(new Date())}</v11:timestamp>
         </v1:messageContext>
         <v1:legalContext>ServiceIntegrator</v1:legalContext>
         <v1:request>
            <clos:closedDossier> 
               <clos:referenceFodFin>11223344</clos:referenceFodFin>
               <clos:fiscalYear>2017</clos:fiscalYear>
               <clos:initialService>
                  <com:technicalReference>technicalReference</com:technicalReference>
                  <com:type>AAF</com:type>
                  <clos:reference>reference</clos:reference>
               </clos:initialService>
               <clos:patrimonyInformation>
                  <clos:typeDossier>AA</clos:typeDossier>
                  <clos:patrimonyFrom>${=new java.text.SimpleDateFormat("yyyy-MM-dd").format(new Date())}</clos:patrimonyFrom>
                  <clos:patrimonyRef>1</clos:patrimonyRef>
                  <clos:cadastralDivisionCode>YYY</clos:cadastralDivisionCode>
                  <clos:articleNumber>51</clos:articleNumber>
               </clos:patrimonyInformation>
               <clos:report>
                  <clos:type>S</clos:type>
                  <clos:subtype>subtype</clos:subtype>
                  <clos:kind>INITIAL</clos:kind>
                  <clos:cadastralIncome>
                     <com:codeCadastralIncome>a</com:codeCadastralIncome>
                     <com:definitiveCadastralIncome>12</com:definitiveCadastralIncome>
                     <com:dateDefinitive>${=new java.text.SimpleDateFormat("yyyy-MM-dd").format(new Date())}</com:dateDefinitive>
                     <com:reasonDefinitive>my reason</com:reasonDefinitive>
                  </clos:cadastralIncome>
                  <clos:date>${=new java.text.SimpleDateFormat("yyyy-MM-dd").format(new Date())}</clos:date>
                  <clos:motivation>No motivation</clos:motivation>
                  <!--0 to 99 repetitions:-->
                  <clos:newState>
                     <!--1 to 999 repetitions:-->
                     <clos:parcel>
                        <clos:parcelNumber>
                           <clos:section>55254</clos:section>
                           <clos:groundNumber>9555</clos:groundNumber>
                           <clos:bisNumber>2525</clos:bisNumber>
                           <clos:exponent>1414</clos:exponent>
                           <clos:power>me</clos:power>
                           <clos:part>4</clos:part>
                        </clos:parcelNumber>
                        <clos:situation>invalid</clos:situation>
                        <clos:kind>no</clos:kind>
                        <clos:details>test</clos:details>
                        <!--You have a CHOICE of the next 2 items at this level-->
                        <clos:articleNumber>1141</clos:articleNumber>
                        <clos:sequenceNumber>3215</clos:sequenceNumber>
                        <!--0 to 99 repetitions:-->
                        <clos:cadastralInformation>
                           <clos:codeCadastralIncome>12</clos:codeCadastralIncome>
                           <clos:cadastralIncome>12</clos:cadastralIncome>
                           <clos:cadastralIncomePart>42</clos:cadastralIncomePart>
                           <clos:exemption>52</clos:exemption>
                           <clos:daysUnfruitful>5</clos:daysUnfruitful>
                        </clos:cadastralInformation>
                     </clos:parcel>
                     <!--1 to 999 repetitions:-->
                     <clos:owner>
                        <!--You have a CHOICE of the next 2 items at this level-->
                        <clos:person>
                           <!--You have a CHOICE of the next 3 items at this level-->
                           <clos:socialSecurityNumber>125</clos:socialSecurityNumber>
                           <clos:lastname>baptiste</clos:lastname>
                        </clos:person>
                        <clos:rights>Admin</clos:rights>
                        <clos:ownerType>LEGAL_PERSON</clos:ownerType>
                     </clos:owner>
                  </clos:newState>
               </clos:report>
               <!--0 to 99 repetitions:-->
               <clos:linkedDossier>
                  <clos:referenceInitialService>referenceInitialService</clos:referenceInitialService>
                  <clos:referenceFodFin>15</clos:referenceFodFin>
               </clos:linkedDossier>
               <!--0 to 99 repetitions:-->
               <clos:attachment>
                  <com:fileName>cirb</com:fileName>
                  <com:data>    1234   </com:data>
               </clos:attachment>
            </clos:closedDossier>
         </v1:request>
      </v1:closedDossierRequest>
   </soapenv:Body>
</soapenv:Envelope>]]></con:request><con:assertion type="SOAP Fault Assertion" id="600cd276-afae-4b43-8e29-8e57b4ebc39e" name="Not SOAP Fault"/><con:assertion type="SOAP Response" id="0d331f58-2c1d-44a9-b7af-e6bc139bba2e" name="SOAP Response"/><con:assertion type="Schema Compliance" id="d5b9b961-6718-4939-8279-29eec18683b2" name="Schema Compliance"><con:configuration/></con:assertion><con:wsaConfig action="http://fidus.brussels/services/exportfromregondesservice/closedDossier"/></con:request></con:config></con:testStep><con:testStep type="request" id="c4039c9a-5333-4324-a00e-4fcf94661be5" name="testcase4 - Staging - Worker2 - Request"><con:settings/><con:config xsi:type="con:RequestStep" xmlns:xsi="http://www.w3.org/2001/XMLSchema-instance"><con:interface>ExportFromRegondesServiceHTTPBinding</con:interface><con:operation>closedDossier</con:operation><con:request name="testcase4 - Staging - Worker2 - Request" id="7914fafc-e75b-4cbb-84fc-e5c7d87c1965" outgoingWss="Outflow STAG"><con:settings/><con:encoding>UTF-8</con:encoding><con:endpoint>https://192.168.24.64:8443/services/ExportFromRegondesService_v1.0</con:endpoint><con:request><![CDATA[<soapenv:Envelope xmlns:soapenv="http://schemas.xmlsoap.org/soap/envelope/" xmlns:v1="http://fidus.brussels/service/exportfromregondesservice/messages/v1" xmlns:v11="http://fidus.brussels/type/common/messages/v1" xmlns:clos="http://www.minfin.fgov.be/regondes2/extern/taxservice/exports/closedDossiers" xmlns:com="http://www.minfin.fgov.be/regondes2/extern/taxservice/common">
   <soapenv:Header/>
   <soapenv:Body>
      <v1:closedDossierRequest>
         <v1:messageContext>
            <v11:messageId>${=import static java.util.UUID.randomUUID; uuid = randomUUID() as String}</v11:messageId>
            <v11:timestamp>${=new java.text.SimpleDateFormat("yyyy-MM-dd'T'HH:mm:ss.SSS").format(new Date())}</v11:timestamp>
         </v1:messageContext>
         <v1:legalContext>ServiceIntegrator</v1:legalContext>
         <v1:request>
            <clos:closedDossier> 
               <clos:referenceFodFin>11223344</clos:referenceFodFin>
               <clos:fiscalYear>2017</clos:fiscalYear>
               <clos:initialService>
                  <com:technicalReference>technicalReference</com:technicalReference>
                  <com:type>AAF</com:type>
                  <clos:reference>reference</clos:reference>
               </clos:initialService>
               <clos:patrimonyInformation>
                  <clos:typeDossier>AA</clos:typeDossier>
                  <clos:patrimonyFrom>${=new java.text.SimpleDateFormat("yyyy-MM-dd").format(new Date())}</clos:patrimonyFrom>
                  <clos:patrimonyRef>1</clos:patrimonyRef>
                  <clos:cadastralDivisionCode>YYY</clos:cadastralDivisionCode>
                  <clos:articleNumber>51</clos:articleNumber>
               </clos:patrimonyInformation>
               <clos:report>
                  <clos:type>S</clos:type>
                  <clos:subtype>subtype</clos:subtype>
                  <clos:kind>INITIAL</clos:kind>
                  <clos:cadastralIncome>
                     <com:codeCadastralIncome>a</com:codeCadastralIncome>
                     <com:definitiveCadastralIncome>12</com:definitiveCadastralIncome>
                     <com:dateDefinitive>${=new java.text.SimpleDateFormat("yyyy-MM-dd").format(new Date())}</com:dateDefinitive>
                     <com:reasonDefinitive>my reason</com:reasonDefinitive>
                  </clos:cadastralIncome>
                  <clos:date>${=new java.text.SimpleDateFormat("yyyy-MM-dd").format(new Date())}</clos:date>
                  <clos:motivation>No motivation</clos:motivation>
                  <!--0 to 99 repetitions:-->
                  <clos:newState>
                     <!--1 to 999 repetitions:-->
                     <clos:parcel>
                        <clos:parcelNumber>
                           <clos:section>55254</clos:section>
                           <clos:groundNumber>9555</clos:groundNumber>
                           <clos:bisNumber>2525</clos:bisNumber>
                           <clos:exponent>1414</clos:exponent>
                           <clos:power>me</clos:power>
                           <clos:part>4</clos:part>
                        </clos:parcelNumber>
                        <clos:situation>invalid</clos:situation>
                        <clos:kind>no</clos:kind>
                        <clos:details>test</clos:details>
                        <!--You have a CHOICE of the next 2 items at this level-->
                        <clos:articleNumber>1141</clos:articleNumber>
                        <clos:sequenceNumber>3215</clos:sequenceNumber>
                        <!--0 to 99 repetitions:-->
                        <clos:cadastralInformation>
                           <clos:codeCadastralIncome>12</clos:codeCadastralIncome>
                           <clos:cadastralIncome>12</clos:cadastralIncome>
                           <clos:cadastralIncomePart>42</clos:cadastralIncomePart>
                           <clos:exemption>52</clos:exemption>
                           <clos:daysUnfruitful>5</clos:daysUnfruitful>
                        </clos:cadastralInformation>
                     </clos:parcel>
                     <!--1 to 999 repetitions:-->
                     <clos:owner>
                        <!--You have a CHOICE of the next 2 items at this level-->
                        <clos:person>
                           <!--You have a CHOICE of the next 3 items at this level-->
                           <clos:socialSecurityNumber>125</clos:socialSecurityNumber>
                           <clos:lastname>baptiste</clos:lastname>
                        </clos:person>
                        <clos:rights>Admin</clos:rights>
                        <clos:ownerType>LEGAL_PERSON</clos:ownerType>
                     </clos:owner>
                  </clos:newState>
               </clos:report>
               <!--0 to 99 repetitions:-->
               <clos:linkedDossier>
                  <clos:referenceInitialService>referenceInitialService</clos:referenceInitialService>
                  <clos:referenceFodFin>15</clos:referenceFodFin>
               </clos:linkedDossier>
               <!--0 to 99 repetitions:-->
               <clos:attachment>
                  <com:fileName>cirb</com:fileName>
                  <com:data>    1234   </com:data>
               </clos:attachment>
            </clos:closedDossier>
         </v1:request>
      </v1:closedDossierRequest>
   </soapenv:Body>
</soapenv:Envelope>]]></con:request><con:assertion type="SOAP Fault Assertion" id="9e9bb7b6-7152-4435-b969-b352c14cbe2e" name="Not SOAP Fault"/><con:assertion type="SOAP Response" id="3c66b722-e0f1-4a9d-b17f-58887bcf540f" name="SOAP Response"/><con:assertion type="Schema Compliance" id="0baf80f4-9fa0-4cdd-ab31-88d315fb7e80" name="Schema Compliance"><con:configuration/></con:assertion><con:wsaConfig action="http://fidus.brussels/services/exportfromregondesservice/closedDossier"/></con:request></con:config></con:testStep><con:testStep type="request" id="bbe05b28-9616-4894-981a-46b93820a6c8" name="testcase4 - Staging - External - Request"><con:settings/><con:config xsi:type="con:RequestStep" xmlns:xsi="http://www.w3.org/2001/XMLSchema-instance"><con:interface>ExportFromRegondesServiceHTTPBinding</con:interface><con:operation>closedDossier</con:operation><con:request name="testcase4 - Staging - External - Request" id="174ca336-c99d-4405-b77b-543dce6540e9" outgoingWss="Outflow STAG"><con:settings/><con:encoding>UTF-8</con:encoding><con:endpoint>https://fidus.irisnetlab.be/services/ExportFromRegondesService_v1.0</con:endpoint><con:request><![CDATA[<soapenv:Envelope xmlns:soapenv="http://schemas.xmlsoap.org/soap/envelope/" xmlns:v1="http://fidus.brussels/service/exportfromregondesservice/messages/v1" xmlns:v11="http://fidus.brussels/type/common/messages/v1" xmlns:clos="http://www.minfin.fgov.be/regondes2/extern/taxservice/exports/closedDossiers" xmlns:com="http://www.minfin.fgov.be/regondes2/extern/taxservice/common">
   <soapenv:Header/>
   <soapenv:Body>
      <v1:closedDossierRequest>
         <v1:messageContext>
            <v11:messageId>${=import static java.util.UUID.randomUUID; uuid = randomUUID() as String}</v11:messageId>
            <v11:timestamp>${=new java.text.SimpleDateFormat("yyyy-MM-dd'T'HH:mm:ss.SSS").format(new Date())}</v11:timestamp>
         </v1:messageContext>
         <v1:legalContext>ServiceIntegrator</v1:legalContext>
         <v1:request>
            <clos:closedDossier> 
               <clos:referenceFodFin>11223344</clos:referenceFodFin>
               <clos:fiscalYear>2017</clos:fiscalYear>
               <clos:initialService>
                  <com:technicalReference>technicalReference</com:technicalReference>
                  <com:type>AAF</com:type>
                  <clos:reference>reference</clos:reference>
               </clos:initialService>
               <clos:patrimonyInformation>
                  <clos:typeDossier>AA</clos:typeDossier>
                  <clos:patrimonyFrom>${=new java.text.SimpleDateFormat("yyyy-MM-dd").format(new Date())}</clos:patrimonyFrom>
                  <clos:patrimonyRef>1</clos:patrimonyRef>
                  <clos:cadastralDivisionCode>YYY</clos:cadastralDivisionCode>
                  <clos:articleNumber>51</clos:articleNumber>
               </clos:patrimonyInformation>
               <clos:report>
                  <clos:type>S</clos:type>
                  <clos:subtype>subtype</clos:subtype>
                  <clos:kind>INITIAL</clos:kind>
                  <clos:cadastralIncome>
                     <com:codeCadastralIncome>a</com:codeCadastralIncome>
                     <com:definitiveCadastralIncome>12</com:definitiveCadastralIncome>
                     <com:dateDefinitive>${=new java.text.SimpleDateFormat("yyyy-MM-dd").format(new Date())}</com:dateDefinitive>
                     <com:reasonDefinitive>my reason</com:reasonDefinitive>
                  </clos:cadastralIncome>
                  <clos:date>${=new java.text.SimpleDateFormat("yyyy-MM-dd").format(new Date())}</clos:date>
                  <clos:motivation>No motivation</clos:motivation>
                  <!--0 to 99 repetitions:-->
                  <clos:newState>
                     <!--1 to 999 repetitions:-->
                     <clos:parcel>
                        <clos:parcelNumber>
                           <clos:section>55254</clos:section>
                           <clos:groundNumber>9555</clos:groundNumber>
                           <clos:bisNumber>2525</clos:bisNumber>
                           <clos:exponent>1414</clos:exponent>
                           <clos:power>me</clos:power>
                           <clos:part>4</clos:part>
                        </clos:parcelNumber>
                        <clos:situation>invalid</clos:situation>
                        <clos:kind>no</clos:kind>
                        <clos:details>test</clos:details>
                        <!--You have a CHOICE of the next 2 items at this level-->
                        <clos:articleNumber>1141</clos:articleNumber>
                        <clos:sequenceNumber>3215</clos:sequenceNumber>
                        <!--0 to 99 repetitions:-->
                        <clos:cadastralInformation>
                           <clos:codeCadastralIncome>12</clos:codeCadastralIncome>
                           <clos:cadastralIncome>12</clos:cadastralIncome>
                           <clos:cadastralIncomePart>42</clos:cadastralIncomePart>
                           <clos:exemption>52</clos:exemption>
                           <clos:daysUnfruitful>5</clos:daysUnfruitful>
                        </clos:cadastralInformation>
                     </clos:parcel>
                     <!--1 to 999 repetitions:-->
                     <clos:owner>
                        <!--You have a CHOICE of the next 2 items at this level-->
                        <clos:person>
                           <!--You have a CHOICE of the next 3 items at this level-->
                           <clos:socialSecurityNumber>125</clos:socialSecurityNumber>
                           <clos:lastname>baptiste</clos:lastname>
                        </clos:person>
                        <clos:rights>Admin</clos:rights>
                        <clos:ownerType>LEGAL_PERSON</clos:ownerType>
                     </clos:owner>
                  </clos:newState>
               </clos:report>
               <!--0 to 99 repetitions:-->
               <clos:linkedDossier>
                  <clos:referenceInitialService>referenceInitialService</clos:referenceInitialService>
                  <clos:referenceFodFin>15</clos:referenceFodFin>
               </clos:linkedDossier>
               <!--0 to 99 repetitions:-->
               <clos:attachment>
                  <com:fileName>cirb</com:fileName>
                  <com:data>    1234   </com:data>
               </clos:attachment>
            </clos:closedDossier>
         </v1:request>
      </v1:closedDossierRequest>
   </soapenv:Body>
</soapenv:Envelope>]]></con:request><con:assertion type="SOAP Fault Assertion" id="8786d3cf-5115-4749-af29-85031357e6e9" name="Not SOAP Fault"/><con:assertion type="SOAP Response" id="c451a855-75bd-47bc-837d-5db60fa94513" name="SOAP Response"/><con:assertion type="Schema Compliance" id="06da0430-6578-4ae5-a6ca-175e3d7f7a78" name="Schema Compliance"><con:configuration/></con:assertion><con:wsaConfig action="http://fidus.brussels/services/exportfromregondesservice/closedDossier"/></con:request></con:config></con:testStep><con:properties/></con:testCase><con:testCase id="b077a72f-1261-4fc7-9b9a-ea547ee7ef65" failOnError="true" failTestCaseOnErrors="true" keepSession="false" maxResults="0" name="postponedDossier" searchProperties="true"><con:settings/><con:testStep type="request" id="1951862b-9fb9-468f-9f38-739b06852afd" name="testcase4 - Staging - LB - Request"><con:settings/><con:config xsi:type="con:RequestStep" xmlns:xsi="http://www.w3.org/2001/XMLSchema-instance"><con:interface>ExportFromRegondesServiceHTTPBinding</con:interface><con:operation>postponedDossier</con:operation><con:request name="testcase4 - Staging - LB - Request" id="e6bc2d8b-aa38-4ff1-bdc1-37b1173fc335" outgoingWss="Outflow STAG"><con:settings/><con:encoding>UTF-8</con:encoding><con:endpoint>https://fidus-esb-sg.sta.srv.cirb.lan:8443/services/ExportFromRegondesService_v1.0</con:endpoint><con:request><![CDATA[<soapenv:Envelope xmlns:soapenv="http://schemas.xmlsoap.org/soap/envelope/" xmlns:v1="http://fidus.brussels/service/exportfromregondesservice/messages/v1" xmlns:v11="http://fidus.brussels/type/common/messages/v1" xmlns:pos="http://www.minfin.fgov.be/regondes2/extern/taxservice/exports/postponedDossiers" xmlns:com="http://www.minfin.fgov.be/regondes2/extern/taxservice/common">
   <soapenv:Header/>
   <soapenv:Body>
      <v1:postponedDossierRequest>
         <v1:messageContext>
            <v11:messageId>${=import static java.util.UUID.randomUUID; uuid = randomUUID() as String}</v11:messageId>
            <!--Optional:-->
            <v11:timestamp>${=new java.text.SimpleDateFormat("yyyy-MM-dd'T'HH:mm:ss.SSS").format(new Date())}</v11:timestamp>
         </v1:messageContext>
         <v1:legalContext>ServiceIntegrator</v1:legalContext>
         <v1:request>
            <pos:postponedDossier>
               <pos:referenceFodFin>11223344</pos:referenceFodFin>
               <pos:initialService>
                  <!--Optional:-->
                  <com:technicalReference>technicalReference</com:technicalReference>
                  <com:type>AAF</com:type>
                  <com:reference>reference</com:reference>
               </pos:initialService>
               <pos:postponement>
                  <pos:datePostponement>${=new java.text.SimpleDateFormat("yyyy-MM-dd").format(new Date())}</pos:datePostponement>
                  <pos:reasonPostponed>TEST</pos:reasonPostponed>
                  <pos:newTargetDate>${=new java.text.SimpleDateFormat("yyyy-MM-dd").format(new Date())}</pos:newTargetDate>
               </pos:postponement>
            </pos:postponedDossier>
         </v1:request>
      </v1:postponedDossierRequest>
   </soapenv:Body>
</soapenv:Envelope>]]></con:request><con:assertion type="SOAP Fault Assertion" id="2a4a4df8-bf72-496f-88d0-e20699ab0b63" name="Not SOAP Fault"/><con:assertion type="SOAP Response" id="a6059a2a-38a3-42b3-b9e9-3af62725b379" name="SOAP Response"/><con:assertion type="Schema Compliance" id="26673652-a69e-4143-8c53-5e0dda69d715" name="Schema Compliance"><con:configuration/></con:assertion><con:wsaConfig action="http://fidus.brussels/services/exportfromregondesservice/postponedDossier"/></con:request></con:config></con:testStep><con:testStep type="request" id="f1cc72f3-9578-4510-8756-404557874469" name="testcase4 - Staging - Worker1 - Request"><con:settings/><con:config xsi:type="con:RequestStep" xmlns:xsi="http://www.w3.org/2001/XMLSchema-instance"><con:interface>ExportFromRegondesServiceHTTPBinding</con:interface><con:operation>postponedDossier</con:operation><con:request name="testcase4 - Staging - Worker1 - Request" id="108a9d89-fbd9-4801-a0e6-c51dff99bae1" outgoingWss="Outflow STAG"><con:settings/><con:encoding>UTF-8</con:encoding><con:endpoint>https://192.168.24.57:8443/services/ExportFromRegondesService_v1.0</con:endpoint><con:request><![CDATA[<soapenv:Envelope xmlns:soapenv="http://schemas.xmlsoap.org/soap/envelope/" xmlns:v1="http://fidus.brussels/service/exportfromregondesservice/messages/v1" xmlns:v11="http://fidus.brussels/type/common/messages/v1" xmlns:pos="http://www.minfin.fgov.be/regondes2/extern/taxservice/exports/postponedDossiers" xmlns:com="http://www.minfin.fgov.be/regondes2/extern/taxservice/common">
   <soapenv:Header/>
   <soapenv:Body>
      <v1:postponedDossierRequest>
         <v1:messageContext>
            <v11:messageId>${=import static java.util.UUID.randomUUID; uuid = randomUUID() as String}</v11:messageId>
            <!--Optional:-->
            <v11:timestamp>${=new java.text.SimpleDateFormat("yyyy-MM-dd'T'HH:mm:ss.SSS").format(new Date())}</v11:timestamp>
         </v1:messageContext>
         <v1:legalContext>ServiceIntegrator</v1:legalContext>
         <v1:request>
            <pos:postponedDossier>
               <pos:referenceFodFin>11223344</pos:referenceFodFin>
               <pos:initialService>
                  <!--Optional:-->
                  <com:technicalReference>technicalReference</com:technicalReference>
                  <com:type>AAF</com:type>
                  <com:reference>reference</com:reference>
               </pos:initialService>
               <pos:postponement>
                  <pos:datePostponement>${=new java.text.SimpleDateFormat("yyyy-MM-dd").format(new Date())}</pos:datePostponement>
                  <pos:reasonPostponed>TEST</pos:reasonPostponed>
                  <pos:newTargetDate>${=new java.text.SimpleDateFormat("yyyy-MM-dd").format(new Date())}</pos:newTargetDate>
               </pos:postponement>
            </pos:postponedDossier>
         </v1:request>
      </v1:postponedDossierRequest>
   </soapenv:Body>
</soapenv:Envelope>]]></con:request><con:assertion type="SOAP Fault Assertion" id="adcab636-0fde-4916-87c8-90e82bbba087" name="Not SOAP Fault"/><con:assertion type="SOAP Response" id="22ef4a5f-473f-4ef3-8a39-ca759573b46e" name="SOAP Response"/><con:assertion type="Schema Compliance" id="7f66c311-68fc-4a0b-8bc4-b87fd709e92d" name="Schema Compliance"><con:configuration/></con:assertion><con:wsaConfig action="http://fidus.brussels/services/exportfromregondesservice/postponedDossier"/></con:request></con:config></con:testStep><con:testStep type="request" id="b3d05ae9-9720-4df5-888b-15c01b4ded5e" name="testcase4 - Staging - worker2 - Request"><con:settings/><con:config xsi:type="con:RequestStep" xmlns:xsi="http://www.w3.org/2001/XMLSchema-instance"><con:interface>ExportFromRegondesServiceHTTPBinding</con:interface><con:operation>postponedDossier</con:operation><con:request name="testcase4 - Staging - worker2 - Request" id="62f00692-23a0-449a-82e9-633cf0ab55a3" outgoingWss="Outflow STAG"><con:settings/><con:encoding>UTF-8</con:encoding><con:endpoint>https://192.168.24.17:8443/services/ExportFromRegondesService_v1.0</con:endpoint><con:request><![CDATA[<soapenv:Envelope xmlns:soapenv="http://schemas.xmlsoap.org/soap/envelope/" xmlns:v1="http://fidus.brussels/service/exportfromregondesservice/messages/v1" xmlns:v11="http://fidus.brussels/type/common/messages/v1" xmlns:pos="http://www.minfin.fgov.be/regondes2/extern/taxservice/exports/postponedDossiers" xmlns:com="http://www.minfin.fgov.be/regondes2/extern/taxservice/common">
   <soapenv:Header/>
   <soapenv:Body>
      <v1:postponedDossierRequest>
         <v1:messageContext>
            <v11:messageId>${=import static java.util.UUID.randomUUID; uuid = randomUUID() as String}</v11:messageId>
            <!--Optional:-->
            <v11:timestamp>${=new java.text.SimpleDateFormat("yyyy-MM-dd'T'HH:mm:ss.SSS").format(new Date())}</v11:timestamp>
         </v1:messageContext>
         <v1:legalContext>ServiceIntegrator</v1:legalContext>
         <v1:request>
            <pos:postponedDossier>
               <pos:referenceFodFin>11223344</pos:referenceFodFin>
               <pos:initialService>
                  <!--Optional:-->
                  <com:technicalReference>technicalReference</com:technicalReference>
                  <com:type>AAF</com:type>
                  <com:reference>reference</com:reference>
               </pos:initialService>
               <pos:postponement>
                  <pos:datePostponement>${=new java.text.SimpleDateFormat("yyyy-MM-dd").format(new Date())}</pos:datePostponement>
                  <pos:reasonPostponed>TEST</pos:reasonPostponed>
                  <pos:newTargetDate>${=new java.text.SimpleDateFormat("yyyy-MM-dd").format(new Date())}</pos:newTargetDate>
               </pos:postponement>
            </pos:postponedDossier>
         </v1:request>
      </v1:postponedDossierRequest>
   </soapenv:Body>
</soapenv:Envelope>]]></con:request><con:assertion type="SOAP Fault Assertion" id="155405e7-08d9-487a-88af-756953d9742f" name="Not SOAP Fault"/><con:assertion type="SOAP Response" id="745bd272-cb2d-46bd-8f5c-32d5c37f49a2" name="SOAP Response"/><con:assertion type="Schema Compliance" id="fd292c73-6ced-44ff-83cf-10d9bad09850" name="Schema Compliance"><con:configuration/></con:assertion><con:wsaConfig action="http://fidus.brussels/services/exportfromregondesservice/postponedDossier"/></con:request></con:config></con:testStep><con:testStep type="request" id="9f20610d-9d82-41c4-9cfc-eeb02acb6fac" name="testcase4 - Staging - External - Request"><con:settings/><con:config xsi:type="con:RequestStep" xmlns:xsi="http://www.w3.org/2001/XMLSchema-instance"><con:interface>ExportFromRegondesServiceHTTPBinding</con:interface><con:operation>postponedDossier</con:operation><con:request name="testcase4 - Staging - External - Request" id="9c363d89-41b0-48f7-9451-e6d9c5a8490c" outgoingWss="Outflow STAG"><con:settings/><con:encoding>UTF-8</con:encoding><con:endpoint>https://fidus.irisnetlab.be/services/ExportFromRegondesService_v1.0</con:endpoint><con:request><![CDATA[<soapenv:Envelope xmlns:soapenv="http://schemas.xmlsoap.org/soap/envelope/" xmlns:v1="http://fidus.brussels/service/exportfromregondesservice/messages/v1" xmlns:v11="http://fidus.brussels/type/common/messages/v1" xmlns:pos="http://www.minfin.fgov.be/regondes2/extern/taxservice/exports/postponedDossiers" xmlns:com="http://www.minfin.fgov.be/regondes2/extern/taxservice/common">
   <soapenv:Header/>
   <soapenv:Body>
      <v1:postponedDossierRequest>
         <v1:messageContext>
            <v11:messageId>${=import static java.util.UUID.randomUUID; uuid = randomUUID() as String}</v11:messageId>
            <!--Optional:-->
            <v11:timestamp>${=new java.text.SimpleDateFormat("yyyy-MM-dd'T'HH:mm:ss.SSS").format(new Date())}</v11:timestamp>
         </v1:messageContext>
         <v1:legalContext>ServiceIntegrator</v1:legalContext>
         <v1:request>
            <pos:postponedDossier>
               <pos:referenceFodFin>11223344</pos:referenceFodFin>
               <pos:initialService>
                  <!--Optional:-->
                  <com:technicalReference>technicalReference</com:technicalReference>
                  <com:type>AAF</com:type>
                  <com:reference>reference</com:reference>
               </pos:initialService>
               <pos:postponement>
                  <pos:datePostponement>${=new java.text.SimpleDateFormat("yyyy-MM-dd").format(new Date())}</pos:datePostponement>
                  <pos:reasonPostponed>TEST</pos:reasonPostponed>
                  <pos:newTargetDate>${=new java.text.SimpleDateFormat("yyyy-MM-dd").format(new Date())}</pos:newTargetDate>
               </pos:postponement>
            </pos:postponedDossier>
         </v1:request>
      </v1:postponedDossierRequest>
   </soapenv:Body>
</soapenv:Envelope>]]></con:request><con:assertion type="SOAP Fault Assertion" id="13b9dc21-2024-42a5-a363-26587f21b6ad" name="Not SOAP Fault"/><con:assertion type="SOAP Response" id="a4551799-776d-48f3-a7b6-c07147893364" name="SOAP Response"/><con:assertion type="Schema Compliance" id="fc1a375c-e062-4f7c-ab06-21a2767793c2" name="Schema Compliance"><con:configuration/></con:assertion><con:wsaConfig action="http://fidus.brussels/services/exportfromregondesservice/postponedDossier"/></con:request></con:config></con:testStep><con:properties/></con:testCase><con:testCase id="4565dc2c-74ab-4a23-8982-f29fa03b8a16" failOnError="true" failTestCaseOnErrors="true" keepSession="false" maxResults="0" name="serviceChange" searchProperties="true"><con:settings/><con:testStep type="request" id="a28d34c3-715a-48ab-89b4-6631a295a2cc" name="testcase4 - Staging - LB - Request"><con:settings/><con:config xsi:type="con:RequestStep" xmlns:xsi="http://www.w3.org/2001/XMLSchema-instance"><con:interface>ExportFromRegondesServiceHTTPBinding</con:interface><con:operation>serviceChange</con:operation><con:request name="testcase4 - Staging - LB - Request" id="ddc721b0-1e71-48a2-ba48-d99188fd0346" outgoingWss="Outflow STAG"><con:settings/><con:encoding>UTF-8</con:encoding><con:endpoint>https://fidus-esb-sg.sta.srv.cirb.lan:8443/services/ExportFromRegondesService_v1.0</con:endpoint><con:request><![CDATA[<soapenv:Envelope xmlns:soapenv="http://schemas.xmlsoap.org/soap/envelope/" xmlns:v1="http://fidus.brussels/service/exportfromregondesservice/messages/v1" xmlns:v11="http://fidus.brussels/type/common/messages/v1" xmlns:ser="http://www.minfin.fgov.be/regondes2/extern/taxservice/exports/serviceChanged" xmlns:com="http://www.minfin.fgov.be/regondes2/extern/taxservice/common">
   <soapenv:Header/>
   <soapenv:Body>
      <v1:serviceChangeRequest>
         <v1:messageContext>
            <v11:messageId>${=import static java.util.UUID.randomUUID; uuid = randomUUID() as String}</v11:messageId>
            <!--Optional:-->
            <v11:timestamp>${=new java.text.SimpleDateFormat("yyyy-MM-dd'T'HH:mm:ss.SSS").format(new Date())}</v11:timestamp>
         </v1:messageContext>
         <v1:legalContext>ServiceIntegrator</v1:legalContext>
         <v1:request>
            <ser:serviceChange>
               <ser:referenceFodFin>11223344</ser:referenceFodFin>
               <ser:initialService>
                  <!--Optional:-->
                  <com:technicalReference>1524</com:technicalReference>
                  <com:type>AAF</com:type>
                  <com:reference>reference</com:reference>
               </ser:initialService>
               <!--1 to 99 repetitions:-->
               <ser:transfer>
                  <ser:serviceName>CIRB</ser:serviceName>
                  <ser:dateIn>${=new java.text.SimpleDateFormat("yyyy-MM-dd").format(new Date())}</ser:dateIn>
                  <!--Optional:-->
                  <ser:dateOut>${=new java.text.SimpleDateFormat("yyyy-MM-dd").format(new Date())}</ser:dateOut>
                  <ser:official>
                     <ser:firstName>jean</ser:firstName>
                     <ser:lastName>baptist</ser:lastName>
                     <ser:phoneNumber>0452363621</ser:phoneNumber>
                     <ser:email>cisyapan@cirb.brussels</ser:email>
                  </ser:official>
               </ser:transfer>
            </ser:serviceChange>
         </v1:request>
      </v1:serviceChangeRequest>
   </soapenv:Body>
</soapenv:Envelope>]]></con:request><con:assertion type="SOAP Fault Assertion" id="7eed1def-6556-4d2c-9f0e-e91ba4e988a6" name="Not SOAP Fault"/><con:assertion type="SOAP Response" id="bfc1fe71-b6ee-4d4d-838b-6bd2eb0e4ddc" name="SOAP Response"/><con:assertion type="Schema Compliance" id="19e1dce2-b6f4-4282-878e-20355242a307" name="Schema Compliance"><con:configuration/></con:assertion><con:wsaConfig action="http://fidus.brussels/services/exportfromregondesservice/serviceChange"/></con:request></con:config></con:testStep><con:testStep type="request" id="3dc9c866-fc22-4593-b8a1-546fd0d79fc6" name="testcase4 - Staging - Worker1 - Request"><con:settings/><con:config xsi:type="con:RequestStep" xmlns:xsi="http://www.w3.org/2001/XMLSchema-instance"><con:interface>ExportFromRegondesServiceHTTPBinding</con:interface><con:operation>serviceChange</con:operation><con:request name="testcase4 - Staging - Worker1 - Request" id="fd81c755-463d-4cc9-8cc4-334dafbbe6e6" outgoingWss="Outflow STAG"><con:settings/><con:encoding>UTF-8</con:encoding><con:endpoint>https://192.168.24.57:8443/services/ExportFromRegondesService_v1.0</con:endpoint><con:request><![CDATA[<soapenv:Envelope xmlns:soapenv="http://schemas.xmlsoap.org/soap/envelope/" xmlns:v1="http://fidus.brussels/service/exportfromregondesservice/messages/v1" xmlns:v11="http://fidus.brussels/type/common/messages/v1" xmlns:ser="http://www.minfin.fgov.be/regondes2/extern/taxservice/exports/serviceChanged" xmlns:com="http://www.minfin.fgov.be/regondes2/extern/taxservice/common">
   <soapenv:Header/>
   <soapenv:Body>
      <v1:serviceChangeRequest>
         <v1:messageContext>
            <v11:messageId>${=import static java.util.UUID.randomUUID; uuid = randomUUID() as String}</v11:messageId>
            <!--Optional:-->
            <v11:timestamp>${=new java.text.SimpleDateFormat("yyyy-MM-dd'T'HH:mm:ss.SSS").format(new Date())}</v11:timestamp>
         </v1:messageContext>
         <v1:legalContext>ServiceIntegrator</v1:legalContext>
         <v1:request>
            <ser:serviceChange>
               <ser:referenceFodFin>11223344</ser:referenceFodFin>
               <ser:initialService>
                  <!--Optional:-->
                  <com:technicalReference>1524</com:technicalReference>
                  <com:type>AAF</com:type>
                  <com:reference>reference</com:reference>
               </ser:initialService>
               <!--1 to 99 repetitions:-->
               <ser:transfer>
                  <ser:serviceName>CIRB</ser:serviceName>
                  <ser:dateIn>${=new java.text.SimpleDateFormat("yyyy-MM-dd").format(new Date())}</ser:dateIn>
                  <!--Optional:-->
                  <ser:dateOut>${=new java.text.SimpleDateFormat("yyyy-MM-dd").format(new Date())}</ser:dateOut>
                  <ser:official>
                     <ser:firstName>jean</ser:firstName>
                     <ser:lastName>baptist</ser:lastName>
                     <ser:phoneNumber>0452363621</ser:phoneNumber>
                     <ser:email>cisyapan@cirb.brussels</ser:email>
                  </ser:official>
               </ser:transfer>
            </ser:serviceChange>
         </v1:request>
      </v1:serviceChangeRequest>
   </soapenv:Body>
</soapenv:Envelope>]]></con:request><con:assertion type="SOAP Fault Assertion" id="881ce9dd-d956-4b88-9323-b34bb66c2d7f" name="Not SOAP Fault"/><con:assertion type="SOAP Response" id="b7c939c7-7f16-4f0d-830d-2dba2976a5f5" name="SOAP Response"/><con:assertion type="Schema Compliance" id="dd4c6bd9-2b79-4a89-9983-f1c3d799b2a3" name="Schema Compliance"><con:configuration/></con:assertion><con:wsaConfig action="http://fidus.brussels/services/exportfromregondesservice/serviceChange"/></con:request></con:config></con:testStep><con:testStep type="request" id="efca35c1-430c-4d32-bf0a-af012bd81d1a" name="testcase4 - Staging - Worker2 - Request"><con:settings/><con:config xsi:type="con:RequestStep" xmlns:xsi="http://www.w3.org/2001/XMLSchema-instance"><con:interface>ExportFromRegondesServiceHTTPBinding</con:interface><con:operation>serviceChange</con:operation><con:request name="testcase4 - Staging - Worker2 - Request" id="283b71a4-ab32-4c97-a5e1-6969cb2f18ff" outgoingWss="Outflow STAG"><con:settings/><con:encoding>UTF-8</con:encoding><con:endpoint>https://192.168.24.64:8443/services/ExportFromRegondesService_v1.0</con:endpoint><con:request><![CDATA[<soapenv:Envelope xmlns:soapenv="http://schemas.xmlsoap.org/soap/envelope/" xmlns:v1="http://fidus.brussels/service/exportfromregondesservice/messages/v1" xmlns:v11="http://fidus.brussels/type/common/messages/v1" xmlns:ser="http://www.minfin.fgov.be/regondes2/extern/taxservice/exports/serviceChanged" xmlns:com="http://www.minfin.fgov.be/regondes2/extern/taxservice/common">
   <soapenv:Header/>
   <soapenv:Body>
      <v1:serviceChangeRequest>
         <v1:messageContext>
            <v11:messageId>${=import static java.util.UUID.randomUUID; uuid = randomUUID() as String}</v11:messageId>
            <!--Optional:-->
            <v11:timestamp>${=new java.text.SimpleDateFormat("yyyy-MM-dd'T'HH:mm:ss.SSS").format(new Date())}</v11:timestamp>
         </v1:messageContext>
         <v1:legalContext>ServiceIntegrator</v1:legalContext>
         <v1:request>
            <ser:serviceChange>
               <ser:referenceFodFin>11223344</ser:referenceFodFin>
               <ser:initialService>
                  <!--Optional:-->
                  <com:technicalReference>1524</com:technicalReference>
                  <com:type>AAF</com:type>
                  <com:reference>reference</com:reference>
               </ser:initialService>
               <!--1 to 99 repetitions:-->
               <ser:transfer>
                  <ser:serviceName>CIRB</ser:serviceName>
                  <ser:dateIn>${=new java.text.SimpleDateFormat("yyyy-MM-dd").format(new Date())}</ser:dateIn>
                  <!--Optional:-->
                  <ser:dateOut>${=new java.text.SimpleDateFormat("yyyy-MM-dd").format(new Date())}</ser:dateOut>
                  <ser:official>
                     <ser:firstName>jean</ser:firstName>
                     <ser:lastName>baptist</ser:lastName>
                     <ser:phoneNumber>0452363621</ser:phoneNumber>
                     <ser:email>cisyapan@cirb.brussels</ser:email>
                  </ser:official>
               </ser:transfer>
            </ser:serviceChange>
         </v1:request>
      </v1:serviceChangeRequest>
   </soapenv:Body>
</soapenv:Envelope>]]></con:request><con:assertion type="SOAP Fault Assertion" id="a6be97f7-92d1-42e3-9d92-089199e43b18" name="Not SOAP Fault"/><con:assertion type="SOAP Response" id="089e16bd-d134-4038-99b3-9646b7fe4197" name="SOAP Response"/><con:assertion type="Schema Compliance" id="6ea9bfbf-3939-4f36-ae7a-ed9c357145f7" name="Schema Compliance"><con:configuration/></con:assertion><con:wsaConfig action="http://fidus.brussels/services/exportfromregondesservice/serviceChange"/></con:request></con:config></con:testStep><con:testStep type="request" id="ec734543-694e-4c77-90ef-053d43ed8592" name="testcase4 - Staging - External - Request"><con:settings/><con:config xsi:type="con:RequestStep" xmlns:xsi="http://www.w3.org/2001/XMLSchema-instance"><con:interface>ExportFromRegondesServiceHTTPBinding</con:interface><con:operation>serviceChange</con:operation><con:request name="testcase4 - Staging - External - Request" id="fcb8ffdd-5591-4b66-ba30-46d3d1008737" outgoingWss="Outflow STAG"><con:settings/><con:encoding>UTF-8</con:encoding><con:endpoint>https://fidus.irisnetlab.be/services/ExportFromRegondesService_v1.0</con:endpoint><con:request><![CDATA[<soapenv:Envelope xmlns:soapenv="http://schemas.xmlsoap.org/soap/envelope/" xmlns:v1="http://fidus.brussels/service/exportfromregondesservice/messages/v1" xmlns:v11="http://fidus.brussels/type/common/messages/v1" xmlns:ser="http://www.minfin.fgov.be/regondes2/extern/taxservice/exports/serviceChanged" xmlns:com="http://www.minfin.fgov.be/regondes2/extern/taxservice/common">
   <soapenv:Header/>
   <soapenv:Body>
      <v1:serviceChangeRequest>
         <v1:messageContext>
            <v11:messageId>${=import static java.util.UUID.randomUUID; uuid = randomUUID() as String}</v11:messageId>
            <!--Optional:-->
            <v11:timestamp>${=new java.text.SimpleDateFormat("yyyy-MM-dd'T'HH:mm:ss.SSS").format(new Date())}</v11:timestamp>
         </v1:messageContext>
         <v1:legalContext>ServiceIntegrator</v1:legalContext>
         <v1:request>
            <ser:serviceChange>
               <ser:referenceFodFin>11223344</ser:referenceFodFin>
               <ser:initialService>
                  <!--Optional:-->
                  <com:technicalReference>1524</com:technicalReference>
                  <com:type>AAF</com:type>
                  <com:reference>reference</com:reference>
               </ser:initialService>
               <!--1 to 99 repetitions:-->
               <ser:transfer>
                  <ser:serviceName>CIRB</ser:serviceName>
                  <ser:dateIn>${=new java.text.SimpleDateFormat("yyyy-MM-dd").format(new Date())}</ser:dateIn>
                  <!--Optional:-->
                  <ser:dateOut>${=new java.text.SimpleDateFormat("yyyy-MM-dd").format(new Date())}</ser:dateOut>
                  <ser:official>
                     <ser:firstName>jean</ser:firstName>
                     <ser:lastName>baptist</ser:lastName>
                     <ser:phoneNumber>0452363621</ser:phoneNumber>
                     <ser:email>cisyapan@cirb.brussels</ser:email>
                  </ser:official>
               </ser:transfer>
            </ser:serviceChange>
         </v1:request>
      </v1:serviceChangeRequest>
   </soapenv:Body>
</soapenv:Envelope>]]></con:request><con:assertion type="SOAP Fault Assertion" id="8545b657-708a-412e-9dda-77867453d787" name="Not SOAP Fault"/><con:assertion type="SOAP Response" id="8adc38ad-3f94-4ff1-a8f8-fe2fbd1fa6fb" name="SOAP Response"/><con:assertion type="Schema Compliance" id="3963e5a8-d3b6-4f4e-9a26-8a43d738297d" name="Schema Compliance"><con:configuration/></con:assertion><con:wsaConfig action="http://fidus.brussels/services/exportfromregondesservice/serviceChange"/></con:request></con:config></con:testStep><con:properties/></con:testCase><con:properties/></con:testSuite><con:testSuite id="bcd49bfa-b165-4bc6-a403-ddbd4b32e690" name="PROD"><con:settings/><con:runType>SEQUENTIAL</con:runType><con:testCase id="50c3148e-3e0d-4b32-a144-addaf6c57b92" failOnError="true" failTestCaseOnErrors="true" keepSession="false" maxResults="0" name="closedDossier" searchProperties="true"><con:settings/><con:testStep type="request" id="0905c652-9a5f-4092-addf-2ca534075427" name="testcase5 - Prod - LB - Request"><con:settings/><con:config xsi:type="con:RequestStep" xmlns:xsi="http://www.w3.org/2001/XMLSchema-instance"><con:interface>ExportFromRegondesServiceHTTPBinding</con:interface><con:operation>closedDossier</con:operation><con:request name="testcase5 - Prod - LB - Request" id="ffe9b125-5f96-4006-95d3-2faae8e57389" outgoingWss="Outflow PROD"><con:settings/><con:encoding>UTF-8</con:encoding><con:endpoint>https://fidus-esb-sg.prd.srv.cirb.lan:8443/services/ExportFromRegondesService_v1.0</con:endpoint><con:request><![CDATA[<soapenv:Envelope xmlns:soapenv="http://schemas.xmlsoap.org/soap/envelope/" xmlns:v1="http://fidus.brussels/service/exportfromregondesservice/messages/v1" xmlns:v11="http://fidus.brussels/type/common/messages/v1" xmlns:clos="http://www.minfin.fgov.be/regondes2/extern/taxservice/exports/closedDossiers" xmlns:com="http://www.minfin.fgov.be/regondes2/extern/taxservice/common">
   <soapenv:Header/>
   <soapenv:Body>
      <v1:closedDossierRequest>
         <v1:messageContext>
            <v11:messageId>${=import static java.util.UUID.randomUUID; uuid = randomUUID() as String}</v11:messageId>
            <v11:timestamp>${=new java.text.SimpleDateFormat("yyyy-MM-dd'T'HH:mm:ss.SSS").format(new Date())}</v11:timestamp>
         </v1:messageContext>
         <v1:legalContext>ServiceIntegrator</v1:legalContext>
         <v1:request>
            <clos:closedDossier> 
               <clos:referenceFodFin>11223344</clos:referenceFodFin>
               <clos:fiscalYear>2017</clos:fiscalYear>
               <clos:initialService>
                  <com:technicalReference>technicalReference</com:technicalReference>
                  <com:type>AAF</com:type>
                  <clos:reference>reference</clos:reference>
               </clos:initialService>
               <clos:patrimonyInformation>
                  <clos:typeDossier>AA</clos:typeDossier>
                  <clos:patrimonyFrom>${=new java.text.SimpleDateFormat("yyyy-MM-dd").format(new Date())}</clos:patrimonyFrom>
                  <clos:patrimonyRef>1</clos:patrimonyRef>
                  <clos:cadastralDivisionCode>YYY</clos:cadastralDivisionCode>
                  <clos:articleNumber>51</clos:articleNumber>
               </clos:patrimonyInformation>
               <clos:report>
                  <clos:type>S</clos:type>
                  <clos:subtype>subtype</clos:subtype>
                  <clos:kind>INITIAL</clos:kind>
                  <clos:cadastralIncome>
                     <com:codeCadastralIncome>a</com:codeCadastralIncome>
                     <com:definitiveCadastralIncome>12</com:definitiveCadastralIncome>
                     <com:dateDefinitive>${=new java.text.SimpleDateFormat("yyyy-MM-dd").format(new Date())}</com:dateDefinitive>
                     <com:reasonDefinitive>my reason</com:reasonDefinitive>
                  </clos:cadastralIncome>
                  <clos:date>${=new java.text.SimpleDateFormat("yyyy-MM-dd").format(new Date())}</clos:date>
                  <clos:motivation>No motivation</clos:motivation>
                  <!--0 to 99 repetitions:-->
                  <clos:newState>
                     <!--1 to 999 repetitions:-->
                     <clos:parcel>
                        <clos:parcelNumber>
                           <clos:section>55254</clos:section>
                           <clos:groundNumber>9555</clos:groundNumber>
                           <clos:bisNumber>2525</clos:bisNumber>
                           <clos:exponent>1414</clos:exponent>
                           <clos:power>me</clos:power>
                           <clos:part>4</clos:part>
                        </clos:parcelNumber>
                        <clos:situation>invalid</clos:situation>
                        <clos:kind>no</clos:kind>
                        <clos:details>test</clos:details>
                        <!--You have a CHOICE of the next 2 items at this level-->
                        <clos:articleNumber>1141</clos:articleNumber>
                        <clos:sequenceNumber>3215</clos:sequenceNumber>
                        <!--0 to 99 repetitions:-->
                        <clos:cadastralInformation>
                           <clos:codeCadastralIncome>12</clos:codeCadastralIncome>
                           <clos:cadastralIncome>12</clos:cadastralIncome>
                           <clos:cadastralIncomePart>42</clos:cadastralIncomePart>
                           <clos:exemption>52</clos:exemption>
                           <clos:daysUnfruitful>5</clos:daysUnfruitful>
                        </clos:cadastralInformation>
                     </clos:parcel>
                     <!--1 to 999 repetitions:-->
                     <clos:owner>
                        <!--You have a CHOICE of the next 2 items at this level-->
                        <clos:person>
                           <!--You have a CHOICE of the next 3 items at this level-->
                           <clos:socialSecurityNumber>125</clos:socialSecurityNumber>
                           <clos:lastname>baptiste</clos:lastname>
                        </clos:person>
                        <clos:rights>Admin</clos:rights>
                        <clos:ownerType>LEGAL_PERSON</clos:ownerType>
                     </clos:owner>
                  </clos:newState>
               </clos:report>
               <!--0 to 99 repetitions:-->
               <clos:linkedDossier>
                  <clos:referenceInitialService>referenceInitialService</clos:referenceInitialService>
                  <clos:referenceFodFin>15</clos:referenceFodFin>
               </clos:linkedDossier>
               <!--0 to 99 repetitions:-->
               <clos:attachment>
                  <com:fileName>cirb</com:fileName>
                  <com:data>    1234   </com:data>
               </clos:attachment>
            </clos:closedDossier>
         </v1:request>
      </v1:closedDossierRequest>
   </soapenv:Body>
</soapenv:Envelope>]]></con:request><con:assertion type="SOAP Fault Assertion" id="e54a3834-0785-4bad-8ecd-2abc8155182c" name="Not SOAP Fault"/><con:assertion type="SOAP Response" id="1eb0fd9d-648d-4f6a-987b-7bc555ed6e07" name="SOAP Response"/><con:assertion type="Schema Compliance" id="464b89b4-3e71-4ac6-a82f-70c4d30d2361" name="Schema Compliance"><con:configuration/></con:assertion><con:wsaConfig action="http://fidus.brussels/services/exportfromregondesservice/closedDossier"/></con:request></con:config></con:testStep><con:testStep type="request" id="86492512-5c01-46c9-b9ca-e036621dd336" name="testcase5 - Prod - Worker1 - Request"><con:settings/><con:config xsi:type="con:RequestStep" xmlns:xsi="http://www.w3.org/2001/XMLSchema-instance"><con:interface>ExportFromRegondesServiceHTTPBinding</con:interface><con:operation>closedDossier</con:operation><con:request name="testcase5 - Prod - Worker1 - Request" id="2c21e754-2547-4c21-bc97-1e7227c97cea" outgoingWss="Outflow PROD"><con:settings/><con:encoding>UTF-8</con:encoding><con:endpoint>https://192.168.26.22:8443/services/ExportFromRegondesService_v1.0</con:endpoint><con:request><![CDATA[<soapenv:Envelope xmlns:soapenv="http://schemas.xmlsoap.org/soap/envelope/" xmlns:v1="http://fidus.brussels/service/exportfromregondesservice/messages/v1" xmlns:v11="http://fidus.brussels/type/common/messages/v1" xmlns:clos="http://www.minfin.fgov.be/regondes2/extern/taxservice/exports/closedDossiers" xmlns:com="http://www.minfin.fgov.be/regondes2/extern/taxservice/common">
   <soapenv:Header/>
   <soapenv:Body>
      <v1:closedDossierRequest>
         <v1:messageContext>
            <v11:messageId>${=import static java.util.UUID.randomUUID; uuid = randomUUID() as String}</v11:messageId>
            <v11:timestamp>${=new java.text.SimpleDateFormat("yyyy-MM-dd'T'HH:mm:ss.SSS").format(new Date())}</v11:timestamp>
         </v1:messageContext>
         <v1:legalContext>ServiceIntegrator</v1:legalContext>
         <v1:request>
            <clos:closedDossier> 
               <clos:referenceFodFin>11223344</clos:referenceFodFin>
               <clos:fiscalYear>2017</clos:fiscalYear>
               <clos:initialService>
                  <com:technicalReference>technicalReference</com:technicalReference>
                  <com:type>AAF</com:type>
                  <clos:reference>reference</clos:reference>
               </clos:initialService>
               <clos:patrimonyInformation>
                  <clos:typeDossier>AA</clos:typeDossier>
                  <clos:patrimonyFrom>${=new java.text.SimpleDateFormat("yyyy-MM-dd").format(new Date())}</clos:patrimonyFrom>
                  <clos:patrimonyRef>1</clos:patrimonyRef>
                  <clos:cadastralDivisionCode>YYY</clos:cadastralDivisionCode>
                  <clos:articleNumber>51</clos:articleNumber>
               </clos:patrimonyInformation>
               <clos:report>
                  <clos:type>S</clos:type>
                  <clos:subtype>subtype</clos:subtype>
                  <clos:kind>INITIAL</clos:kind>
                  <clos:cadastralIncome>
                     <com:codeCadastralIncome>a</com:codeCadastralIncome>
                     <com:definitiveCadastralIncome>12</com:definitiveCadastralIncome>
                     <com:dateDefinitive>${=new java.text.SimpleDateFormat("yyyy-MM-dd").format(new Date())}</com:dateDefinitive>
                     <com:reasonDefinitive>my reason</com:reasonDefinitive>
                  </clos:cadastralIncome>
                  <clos:date>${=new java.text.SimpleDateFormat("yyyy-MM-dd").format(new Date())}</clos:date>
                  <clos:motivation>No motivation</clos:motivation>
                  <!--0 to 99 repetitions:-->
                  <clos:newState>
                     <!--1 to 999 repetitions:-->
                     <clos:parcel>
                        <clos:parcelNumber>
                           <clos:section>55254</clos:section>
                           <clos:groundNumber>9555</clos:groundNumber>
                           <clos:bisNumber>2525</clos:bisNumber>
                           <clos:exponent>1414</clos:exponent>
                           <clos:power>me</clos:power>
                           <clos:part>4</clos:part>
                        </clos:parcelNumber>
                        <clos:situation>invalid</clos:situation>
                        <clos:kind>no</clos:kind>
                        <clos:details>test</clos:details>
                        <!--You have a CHOICE of the next 2 items at this level-->
                        <clos:articleNumber>1141</clos:articleNumber>
                        <clos:sequenceNumber>3215</clos:sequenceNumber>
                        <!--0 to 99 repetitions:-->
                        <clos:cadastralInformation>
                           <clos:codeCadastralIncome>12</clos:codeCadastralIncome>
                           <clos:cadastralIncome>12</clos:cadastralIncome>
                           <clos:cadastralIncomePart>42</clos:cadastralIncomePart>
                           <clos:exemption>52</clos:exemption>
                           <clos:daysUnfruitful>5</clos:daysUnfruitful>
                        </clos:cadastralInformation>
                     </clos:parcel>
                     <!--1 to 999 repetitions:-->
                     <clos:owner>
                        <!--You have a CHOICE of the next 2 items at this level-->
                        <clos:person>
                           <!--You have a CHOICE of the next 3 items at this level-->
                           <clos:socialSecurityNumber>125</clos:socialSecurityNumber>
                           <clos:lastname>baptiste</clos:lastname>
                        </clos:person>
                        <clos:rights>Admin</clos:rights>
                        <clos:ownerType>LEGAL_PERSON</clos:ownerType>
                     </clos:owner>
                  </clos:newState>
               </clos:report>
               <!--0 to 99 repetitions:-->
               <clos:linkedDossier>
                  <clos:referenceInitialService>referenceInitialService</clos:referenceInitialService>
                  <clos:referenceFodFin>15</clos:referenceFodFin>
               </clos:linkedDossier>
               <!--0 to 99 repetitions:-->
               <clos:attachment>
                  <com:fileName>cirb</com:fileName>
                  <com:data>    1234   </com:data>
               </clos:attachment>
            </clos:closedDossier>
         </v1:request>
      </v1:closedDossierRequest>
   </soapenv:Body>
</soapenv:Envelope>]]></con:request><con:assertion type="SOAP Fault Assertion" id="dcb37179-c378-4023-99d4-9cb9adbca7db" name="Not SOAP Fault"/><con:assertion type="SOAP Response" id="2f3ee5fa-47a1-44f0-9ac4-de8617022c7a" name="SOAP Response"/><con:assertion type="Schema Compliance" id="6c6e0961-4786-40b2-a1b0-7c8ee0ae061d" name="Schema Compliance"><con:configuration/></con:assertion><con:wsaConfig action="http://fidus.brussels/services/exportfromregondesservice/closedDossier"/></con:request></con:config></con:testStep><con:testStep type="request" id="7985c0a7-e99e-4271-b044-c377eeb592d1" name="testcase5 - Prod - External - Request"><con:settings/><con:config xsi:type="con:RequestStep" xmlns:xsi="http://www.w3.org/2001/XMLSchema-instance"><con:interface>ExportFromRegondesServiceHTTPBinding</con:interface><con:operation>closedDossier</con:operation><con:request name="testcase5 - Prod - External - Request" id="ba6a3b04-2757-4670-9387-a284f5300707" outgoingWss="Outflow PROD"><con:settings/><con:encoding>UTF-8</con:encoding><con:endpoint>https://fidus.sec.brussels/services/ExportFromRegondesservice_v1.0</con:endpoint><con:request><![CDATA[<soapenv:Envelope xmlns:soapenv="http://schemas.xmlsoap.org/soap/envelope/" xmlns:v1="http://fidus.brussels/service/exportfromregondesservice/messages/v1" xmlns:v11="http://fidus.brussels/type/common/messages/v1" xmlns:clos="http://www.minfin.fgov.be/regondes2/extern/taxservice/exports/closedDossiers" xmlns:com="http://www.minfin.fgov.be/regondes2/extern/taxservice/common">
   <soapenv:Header/>
   <soapenv:Body>
      <v1:closedDossierRequest>
         <v1:messageContext>
            <v11:messageId>${=import static java.util.UUID.randomUUID; uuid = randomUUID() as String}</v11:messageId>
            <v11:timestamp>${=new java.text.SimpleDateFormat("yyyy-MM-dd'T'HH:mm:ss.SSS").format(new Date())}</v11:timestamp>
         </v1:messageContext>
         <v1:legalContext>ServiceIntegrator</v1:legalContext>
         <v1:request>
            <clos:closedDossier> 
               <clos:referenceFodFin>11223344</clos:referenceFodFin>
               <clos:fiscalYear>2017</clos:fiscalYear>
               <clos:initialService>
                  <com:technicalReference>technicalReference</com:technicalReference>
                  <com:type>AAF</com:type>
                  <clos:reference>reference</clos:reference>
               </clos:initialService>
               <clos:patrimonyInformation>
                  <clos:typeDossier>AA</clos:typeDossier>
                  <clos:patrimonyFrom>${=new java.text.SimpleDateFormat("yyyy-MM-dd").format(new Date())}</clos:patrimonyFrom>
                  <clos:patrimonyRef>1</clos:patrimonyRef>
                  <clos:cadastralDivisionCode>YYY</clos:cadastralDivisionCode>
                  <clos:articleNumber>51</clos:articleNumber>
               </clos:patrimonyInformation>
               <clos:report>
                  <clos:type>S</clos:type>
                  <clos:subtype>subtype</clos:subtype>
                  <clos:kind>INITIAL</clos:kind>
                  <clos:cadastralIncome>
                     <com:codeCadastralIncome>a</com:codeCadastralIncome>
                     <com:definitiveCadastralIncome>12</com:definitiveCadastralIncome>
                     <com:dateDefinitive>${=new java.text.SimpleDateFormat("yyyy-MM-dd").format(new Date())}</com:dateDefinitive>
                     <com:reasonDefinitive>my reason</com:reasonDefinitive>
                  </clos:cadastralIncome>
                  <clos:date>${=new java.text.SimpleDateFormat("yyyy-MM-dd").format(new Date())}</clos:date>
                  <clos:motivation>No motivation</clos:motivation>
                  <!--0 to 99 repetitions:-->
                  <clos:newState>
                     <!--1 to 999 repetitions:-->
                     <clos:parcel>
                        <clos:parcelNumber>
                           <clos:section>55254</clos:section>
                           <clos:groundNumber>9555</clos:groundNumber>
                           <clos:bisNumber>2525</clos:bisNumber>
                           <clos:exponent>1414</clos:exponent>
                           <clos:power>me</clos:power>
                           <clos:part>4</clos:part>
                        </clos:parcelNumber>
                        <clos:situation>invalid</clos:situation>
                        <clos:kind>no</clos:kind>
                        <clos:details>test</clos:details>
                        <!--You have a CHOICE of the next 2 items at this level-->
                        <clos:articleNumber>1141</clos:articleNumber>
                        <clos:sequenceNumber>3215</clos:sequenceNumber>
                        <!--0 to 99 repetitions:-->
                        <clos:cadastralInformation>
                           <clos:codeCadastralIncome>12</clos:codeCadastralIncome>
                           <clos:cadastralIncome>12</clos:cadastralIncome>
                           <clos:cadastralIncomePart>42</clos:cadastralIncomePart>
                           <clos:exemption>52</clos:exemption>
                           <clos:daysUnfruitful>5</clos:daysUnfruitful>
                        </clos:cadastralInformation>
                     </clos:parcel>
                     <!--1 to 999 repetitions:-->
                     <clos:owner>
                        <!--You have a CHOICE of the next 2 items at this level-->
                        <clos:person>
                           <!--You have a CHOICE of the next 3 items at this level-->
                           <clos:socialSecurityNumber>125</clos:socialSecurityNumber>
                           <clos:lastname>baptiste</clos:lastname>
                        </clos:person>
                        <clos:rights>Admin</clos:rights>
                        <clos:ownerType>LEGAL_PERSON</clos:ownerType>
                     </clos:owner>
                  </clos:newState>
               </clos:report>
               <!--0 to 99 repetitions:-->
               <clos:linkedDossier>
                  <clos:referenceInitialService>referenceInitialService</clos:referenceInitialService>
                  <clos:referenceFodFin>15</clos:referenceFodFin>
               </clos:linkedDossier>
               <!--0 to 99 repetitions:-->
               <clos:attachment>
                  <com:fileName>cirb</com:fileName>
                  <com:data>    1234   </com:data>
               </clos:attachment>
            </clos:closedDossier>
         </v1:request>
      </v1:closedDossierRequest>
   </soapenv:Body>
</soapenv:Envelope>]]></con:request><con:assertion type="SOAP Fault Assertion" id="d5d98581-77dc-4e39-8e6a-21e8a5396daf" name="Not SOAP Fault"/><con:assertion type="SOAP Response" id="b6d19c87-fc47-49d5-8613-563ccbf183da" name="SOAP Response"/><con:assertion type="Schema Compliance" id="91d41900-0433-48be-ac52-157b56cecd93" name="Schema Compliance"><con:configuration/></con:assertion><con:wsaConfig action="http://fidus.brussels/services/exportfromregondesservice/closedDossier"/></con:request></con:config></con:testStep><con:testStep type="request" id="c160e849-afaf-446d-adc9-38da84a5dabd" name="testcase5 - Prod - Worker2 - Request"><con:settings/><con:config xsi:type="con:RequestStep" xmlns:xsi="http://www.w3.org/2001/XMLSchema-instance"><con:interface>ExportFromRegondesServiceHTTPBinding</con:interface><con:operation>closedDossier</con:operation><con:request name="testcase5 - Prod - Worker2 - Request" id="5c68bfb0-73bb-4e1d-8505-7cba3f25b4bd" outgoingWss="Outflow PROD"><con:settings/><con:encoding>UTF-8</con:encoding><con:endpoint>https://192.168.26.19:8443/services/ExportFromRegondesService_v1.0</con:endpoint><con:request><![CDATA[<soapenv:Envelope xmlns:soapenv="http://schemas.xmlsoap.org/soap/envelope/" xmlns:v1="http://fidus.brussels/service/exportfromregondesservice/messages/v1" xmlns:v11="http://fidus.brussels/type/common/messages/v1" xmlns:clos="http://www.minfin.fgov.be/regondes2/extern/taxservice/exports/closedDossiers" xmlns:com="http://www.minfin.fgov.be/regondes2/extern/taxservice/common">
   <soapenv:Header/>
   <soapenv:Body>
      <v1:closedDossierRequest>
         <v1:messageContext>
            <v11:messageId>${=import static java.util.UUID.randomUUID; uuid = randomUUID() as String}</v11:messageId>
            <v11:timestamp>${=new java.text.SimpleDateFormat("yyyy-MM-dd'T'HH:mm:ss.SSS").format(new Date())}</v11:timestamp>
         </v1:messageContext>
         <v1:legalContext>ServiceIntegrator</v1:legalContext>
         <v1:request>
            <clos:closedDossier> 
               <clos:referenceFodFin>11223344</clos:referenceFodFin>
               <clos:fiscalYear>2017</clos:fiscalYear>
               <clos:initialService>
                  <com:technicalReference>technicalReference</com:technicalReference>
                  <com:type>AAF</com:type>
                  <clos:reference>reference</clos:reference>
               </clos:initialService>
               <clos:patrimonyInformation>
                  <clos:typeDossier>AA</clos:typeDossier>
                  <clos:patrimonyFrom>${=new java.text.SimpleDateFormat("yyyy-MM-dd").format(new Date())}</clos:patrimonyFrom>
                  <clos:patrimonyRef>1</clos:patrimonyRef>
                  <clos:cadastralDivisionCode>YYY</clos:cadastralDivisionCode>
                  <clos:articleNumber>51</clos:articleNumber>
               </clos:patrimonyInformation>
               <clos:report>
                  <clos:type>S</clos:type>
                  <clos:subtype>subtype</clos:subtype>
                  <clos:kind>INITIAL</clos:kind>
                  <clos:cadastralIncome>
                     <com:codeCadastralIncome>a</com:codeCadastralIncome>
                     <com:definitiveCadastralIncome>12</com:definitiveCadastralIncome>
                     <com:dateDefinitive>${=new java.text.SimpleDateFormat("yyyy-MM-dd").format(new Date())}</com:dateDefinitive>
                     <com:reasonDefinitive>my reason</com:reasonDefinitive>
                  </clos:cadastralIncome>
                  <clos:date>${=new java.text.SimpleDateFormat("yyyy-MM-dd").format(new Date())}</clos:date>
                  <clos:motivation>No motivation</clos:motivation>
                  <!--0 to 99 repetitions:-->
                  <clos:newState>
                     <!--1 to 999 repetitions:-->
                     <clos:parcel>
                        <clos:parcelNumber>
                           <clos:section>55254</clos:section>
                           <clos:groundNumber>9555</clos:groundNumber>
                           <clos:bisNumber>2525</clos:bisNumber>
                           <clos:exponent>1414</clos:exponent>
                           <clos:power>me</clos:power>
                           <clos:part>4</clos:part>
                        </clos:parcelNumber>
                        <clos:situation>invalid</clos:situation>
                        <clos:kind>no</clos:kind>
                        <clos:details>test</clos:details>
                        <!--You have a CHOICE of the next 2 items at this level-->
                        <clos:articleNumber>1141</clos:articleNumber>
                        <clos:sequenceNumber>3215</clos:sequenceNumber>
                        <!--0 to 99 repetitions:-->
                        <clos:cadastralInformation>
                           <clos:codeCadastralIncome>12</clos:codeCadastralIncome>
                           <clos:cadastralIncome>12</clos:cadastralIncome>
                           <clos:cadastralIncomePart>42</clos:cadastralIncomePart>
                           <clos:exemption>52</clos:exemption>
                           <clos:daysUnfruitful>5</clos:daysUnfruitful>
                        </clos:cadastralInformation>
                     </clos:parcel>
                     <!--1 to 999 repetitions:-->
                     <clos:owner>
                        <!--You have a CHOICE of the next 2 items at this level-->
                        <clos:person>
                           <!--You have a CHOICE of the next 3 items at this level-->
                           <clos:socialSecurityNumber>125</clos:socialSecurityNumber>
                           <clos:lastname>baptiste</clos:lastname>
                        </clos:person>
                        <clos:rights>Admin</clos:rights>
                        <clos:ownerType>LEGAL_PERSON</clos:ownerType>
                     </clos:owner>
                  </clos:newState>
               </clos:report>
               <!--0 to 99 repetitions:-->
               <clos:linkedDossier>
                  <clos:referenceInitialService>referenceInitialService</clos:referenceInitialService>
                  <clos:referenceFodFin>15</clos:referenceFodFin>
               </clos:linkedDossier>
               <!--0 to 99 repetitions:-->
               <clos:attachment>
                  <com:fileName>cirb</com:fileName>
                  <com:data>    1234   </com:data>
               </clos:attachment>
            </clos:closedDossier>
         </v1:request>
      </v1:closedDossierRequest>
   </soapenv:Body>
</soapenv:Envelope>]]></con:request><con:assertion type="SOAP Fault Assertion" id="45a73318-b2e3-4caf-bd5d-0644c0bc60d4" name="Not SOAP Fault"/><con:assertion type="SOAP Response" id="9ae15cb3-28e9-43fa-b585-3cc248bc89a1" name="SOAP Response"/><con:assertion type="Schema Compliance" id="5437bdd9-6569-4e9b-982b-b4ae8e83adb4" name="Schema Compliance"><con:configuration/></con:assertion><con:wsaConfig action="http://fidus.brussels/services/exportfromregondesservice/closedDossier"/></con:request></con:config></con:testStep><con:properties/></con:testCase><con:testCase id="a6ed05c0-85bf-4993-b378-91043352fe5b" failOnError="true" failTestCaseOnErrors="true" keepSession="false" maxResults="0" name="postponedDossier" searchProperties="true"><con:settings/><con:testStep type="request" id="d26453cc-cd5d-4368-bc7c-cd3f758812f8" name="testcase5 - Prod - LB - Request"><con:settings/><con:config xsi:type="con:RequestStep" xmlns:xsi="http://www.w3.org/2001/XMLSchema-instance"><con:interface>ExportFromRegondesServiceHTTPBinding</con:interface><con:operation>postponedDossier</con:operation><con:request name="testcase5 - Prod - LB - Request" id="26304630-9636-4679-827d-fce3142046ae" outgoingWss="Outflow PROD"><con:settings/><con:encoding>UTF-8</con:encoding><con:endpoint>https://fidus-esb-sg.prd.srv.cirb.lan:8443/services/ExportFromRegondesService_v1.0</con:endpoint><con:request><![CDATA[<soapenv:Envelope xmlns:soapenv="http://schemas.xmlsoap.org/soap/envelope/" xmlns:v1="http://fidus.brussels/service/exportfromregondesservice/messages/v1" xmlns:v11="http://fidus.brussels/type/common/messages/v1" xmlns:pos="http://www.minfin.fgov.be/regondes2/extern/taxservice/exports/postponedDossiers" xmlns:com="http://www.minfin.fgov.be/regondes2/extern/taxservice/common">
   <soapenv:Header/>
   <soapenv:Body>
      <v1:postponedDossierRequest>
         <v1:messageContext>
            <v11:messageId>${=import static java.util.UUID.randomUUID; uuid = randomUUID() as String}</v11:messageId>
            <!--Optional:-->
            <v11:timestamp>${=new java.text.SimpleDateFormat("yyyy-MM-dd'T'HH:mm:ss.SSS").format(new Date())}</v11:timestamp>
         </v1:messageContext>
         <v1:legalContext>ServiceIntegrator</v1:legalContext>
         <v1:request>
            <pos:postponedDossier>
               <pos:referenceFodFin>11223344</pos:referenceFodFin>
               <pos:initialService>
                  <!--Optional:-->
                  <com:technicalReference>technicalReference</com:technicalReference>
                  <com:type>AAF</com:type>
                  <com:reference>reference</com:reference>
               </pos:initialService>
               <pos:postponement>
                  <pos:datePostponement>${=new java.text.SimpleDateFormat("yyyy-MM-dd").format(new Date())}</pos:datePostponement>
                  <pos:reasonPostponed>TEST</pos:reasonPostponed>
                  <pos:newTargetDate>${=new java.text.SimpleDateFormat("yyyy-MM-dd").format(new Date())}</pos:newTargetDate>
               </pos:postponement>
            </pos:postponedDossier>
         </v1:request>
      </v1:postponedDossierRequest>
   </soapenv:Body>
</soapenv:Envelope>]]></con:request><con:assertion type="SOAP Fault Assertion" id="fd5e4d33-3eb2-46cb-b36a-f49d47fd8a06" name="Not SOAP Fault"/><con:assertion type="SOAP Response" id="78ee74c8-b90a-4e62-9c2b-6e8c7565e5d9" name="SOAP Response"/><con:assertion type="Schema Compliance" id="8a07b084-1979-478b-8594-932fe031fb61" name="Schema Compliance"><con:configuration/></con:assertion><con:wsaConfig action="http://fidus.brussels/services/exportfromregondesservice/postponedDossier"/></con:request></con:config></con:testStep><con:testStep type="request" id="08dab6ad-479a-465b-ac5e-bfa80337a21a" name="testcase5 - Prod - External - Request"><con:settings/><con:config xsi:type="con:RequestStep" xmlns:xsi="http://www.w3.org/2001/XMLSchema-instance"><con:interface>ExportFromRegondesServiceHTTPBinding</con:interface><con:operation>postponedDossier</con:operation><con:request name="testcase5 - Prod - External - Request" id="ff8e8768-2169-4b87-a4dd-62ac6e2ed679" outgoingWss="Outflow PROD"><con:settings/><con:encoding>UTF-8</con:encoding><con:endpoint>https://fidus.sec.brussels/services/ExportFromRegondesservice_v1.0</con:endpoint><con:request><![CDATA[<soapenv:Envelope xmlns:soapenv="http://schemas.xmlsoap.org/soap/envelope/" xmlns:v1="http://fidus.brussels/service/exportfromregondesservice/messages/v1" xmlns:v11="http://fidus.brussels/type/common/messages/v1" xmlns:pos="http://www.minfin.fgov.be/regondes2/extern/taxservice/exports/postponedDossiers" xmlns:com="http://www.minfin.fgov.be/regondes2/extern/taxservice/common">
   <soapenv:Header/>
   <soapenv:Body>
      <v1:postponedDossierRequest>
         <v1:messageContext>
            <v11:messageId>${=import static java.util.UUID.randomUUID; uuid = randomUUID() as String}</v11:messageId>
            <!--Optional:-->
            <v11:timestamp>${=new java.text.SimpleDateFormat("yyyy-MM-dd'T'HH:mm:ss.SSS").format(new Date())}</v11:timestamp>
         </v1:messageContext>
         <v1:legalContext>ServiceIntegrator</v1:legalContext>
         <v1:request>
            <pos:postponedDossier>
               <pos:referenceFodFin>11223344</pos:referenceFodFin>
               <pos:initialService>
                  <!--Optional:-->
                  <com:technicalReference>technicalReference</com:technicalReference>
                  <com:type>AAF</com:type>
                  <com:reference>reference</com:reference>
               </pos:initialService>
               <pos:postponement>
                  <pos:datePostponement>${=new java.text.SimpleDateFormat("yyyy-MM-dd").format(new Date())}</pos:datePostponement>
                  <pos:reasonPostponed>TEST</pos:reasonPostponed>
                  <pos:newTargetDate>${=new java.text.SimpleDateFormat("yyyy-MM-dd").format(new Date())}</pos:newTargetDate>
               </pos:postponement>
            </pos:postponedDossier>
         </v1:request>
      </v1:postponedDossierRequest>
   </soapenv:Body>
</soapenv:Envelope>]]></con:request><con:assertion type="SOAP Fault Assertion" id="3bfbd3b5-6d90-42fa-ae3e-dc66734c1803" name="Not SOAP Fault"/><con:assertion type="SOAP Response" id="7f42814d-4a73-4878-b37e-cfe774a24a22" name="SOAP Response"/><con:assertion type="Schema Compliance" id="07d5e849-2714-41ca-9a02-f963ed15f72c" name="Schema Compliance"><con:configuration/></con:assertion><con:wsaConfig action="http://fidus.brussels/services/exportfromregondesservice/postponedDossier"/></con:request></con:config></con:testStep><con:testStep type="request" id="05041019-cf03-4923-bf51-fd8dc7a29f79" name="testcase5 - Prod - Worker1 - Request"><con:settings/><con:config xsi:type="con:RequestStep" xmlns:xsi="http://www.w3.org/2001/XMLSchema-instance"><con:interface>ExportFromRegondesServiceHTTPBinding</con:interface><con:operation>postponedDossier</con:operation><con:request name="testcase5 - Prod - Worker1 - Request" id="633b7fa9-10fc-4a3e-963a-73afd97cc874" outgoingWss="Outflow PROD"><con:settings/><con:encoding>UTF-8</con:encoding><con:endpoint>https://192.168.26.22:8443/services/ExportFromRegondesService_v1.0</con:endpoint><con:request><![CDATA[<soapenv:Envelope xmlns:soapenv="http://schemas.xmlsoap.org/soap/envelope/" xmlns:v1="http://fidus.brussels/service/exportfromregondesservice/messages/v1" xmlns:v11="http://fidus.brussels/type/common/messages/v1" xmlns:pos="http://www.minfin.fgov.be/regondes2/extern/taxservice/exports/postponedDossiers" xmlns:com="http://www.minfin.fgov.be/regondes2/extern/taxservice/common">
   <soapenv:Header/>
   <soapenv:Body>
      <v1:postponedDossierRequest>
         <v1:messageContext>
            <v11:messageId>${=import static java.util.UUID.randomUUID; uuid = randomUUID() as String}</v11:messageId>
            <!--Optional:-->
            <v11:timestamp>${=new java.text.SimpleDateFormat("yyyy-MM-dd'T'HH:mm:ss.SSS").format(new Date())}</v11:timestamp>
         </v1:messageContext>
         <v1:legalContext>ServiceIntegrator</v1:legalContext>
         <v1:request>
            <pos:postponedDossier>
               <pos:referenceFodFin>11223344</pos:referenceFodFin>
               <pos:initialService>
                  <!--Optional:-->
                  <com:technicalReference>technicalReference</com:technicalReference>
                  <com:type>AAF</com:type>
                  <com:reference>reference</com:reference>
               </pos:initialService>
               <pos:postponement>
                  <pos:datePostponement>${=new java.text.SimpleDateFormat("yyyy-MM-dd").format(new Date())}</pos:datePostponement>
                  <pos:reasonPostponed>TEST</pos:reasonPostponed>
                  <pos:newTargetDate>${=new java.text.SimpleDateFormat("yyyy-MM-dd").format(new Date())}</pos:newTargetDate>
               </pos:postponement>
            </pos:postponedDossier>
         </v1:request>
      </v1:postponedDossierRequest>
   </soapenv:Body>
</soapenv:Envelope>]]></con:request><con:assertion type="SOAP Fault Assertion" id="f6a15798-3cba-4e3d-b5cf-e5270d703bfe" name="Not SOAP Fault"/><con:assertion type="SOAP Response" id="8c020e4e-19b9-42f8-ad8a-5e2a0918a47f" name="SOAP Response"/><con:assertion type="Schema Compliance" id="03013084-162f-4690-8bca-3fb3c172d380" name="Schema Compliance"><con:configuration/></con:assertion><con:wsaConfig action="http://fidus.brussels/services/exportfromregondesservice/postponedDossier"/></con:request></con:config></con:testStep><con:testStep type="request" id="0c43333d-81db-41e5-8413-3599a06216b4" name="testcase5 - Prod - Worker2 - Request"><con:settings/><con:config xsi:type="con:RequestStep" xmlns:xsi="http://www.w3.org/2001/XMLSchema-instance"><con:interface>ExportFromRegondesServiceHTTPBinding</con:interface><con:operation>postponedDossier</con:operation><con:request name="testcase5 - Prod - Worker2 - Request" id="a9b963a7-1429-4e9c-b41f-604377157953" outgoingWss="Outflow PROD"><con:settings/><con:encoding>UTF-8</con:encoding><con:endpoint>https://192.168.26.19:8443/services/ExportFromRegondesService_v1.0</con:endpoint><con:request><![CDATA[<soapenv:Envelope xmlns:soapenv="http://schemas.xmlsoap.org/soap/envelope/" xmlns:v1="http://fidus.brussels/service/exportfromregondesservice/messages/v1" xmlns:v11="http://fidus.brussels/type/common/messages/v1" xmlns:pos="http://www.minfin.fgov.be/regondes2/extern/taxservice/exports/postponedDossiers" xmlns:com="http://www.minfin.fgov.be/regondes2/extern/taxservice/common">
   <soapenv:Header/>
   <soapenv:Body>
      <v1:postponedDossierRequest>
         <v1:messageContext>
            <v11:messageId>${=import static java.util.UUID.randomUUID; uuid = randomUUID() as String}</v11:messageId>
            <!--Optional:-->
            <v11:timestamp>${=new java.text.SimpleDateFormat("yyyy-MM-dd'T'HH:mm:ss.SSS").format(new Date())}</v11:timestamp>
         </v1:messageContext>
         <v1:legalContext>ServiceIntegrator</v1:legalContext>
         <v1:request>
            <pos:postponedDossier>
               <pos:referenceFodFin>11223344</pos:referenceFodFin>
               <pos:initialService>
                  <!--Optional:-->
                  <com:technicalReference>technicalReference</com:technicalReference>
                  <com:type>AAF</com:type>
                  <com:reference>reference</com:reference>
               </pos:initialService>
               <pos:postponement>
                  <pos:datePostponement>${=new java.text.SimpleDateFormat("yyyy-MM-dd").format(new Date())}</pos:datePostponement>
                  <pos:reasonPostponed>TEST</pos:reasonPostponed>
                  <pos:newTargetDate>${=new java.text.SimpleDateFormat("yyyy-MM-dd").format(new Date())}</pos:newTargetDate>
               </pos:postponement>
            </pos:postponedDossier>
         </v1:request>
      </v1:postponedDossierRequest>
   </soapenv:Body>
</soapenv:Envelope>]]></con:request><con:assertion type="SOAP Fault Assertion" id="8c9a7503-9e46-45fc-8d88-ab4c3cdb86cd" name="Not SOAP Fault"/><con:assertion type="SOAP Response" id="3bed0b1e-fcd7-4ad8-899e-c69767da6063" name="SOAP Response"/><con:assertion type="Schema Compliance" id="2d90f144-1133-4109-bf58-14e006d3af05" name="Schema Compliance"><con:configuration/></con:assertion><con:wsaConfig action="http://fidus.brussels/services/exportfromregondesservice/postponedDossier"/></con:request></con:config></con:testStep><con:properties/></con:testCase><con:testCase id="4f6bc78e-cb85-467e-a8a0-7c1852c23093" failOnError="true" failTestCaseOnErrors="true" keepSession="false" maxResults="0" name="serviceChange" searchProperties="true"><con:settings/><con:testStep type="request" id="0180a43e-e41d-4ea5-b657-b80ed5a47551" name="testcase5 - Prod - LB - Request"><con:settings/><con:config xsi:type="con:RequestStep" xmlns:xsi="http://www.w3.org/2001/XMLSchema-instance"><con:interface>ExportFromRegondesServiceHTTPBinding</con:interface><con:operation>serviceChange</con:operation><con:request name="testcase5 - Prod - LB - Request" id="6fa918ad-9c1a-4513-903a-caea4afe36d7" outgoingWss="Outflow PROD"><con:settings/><con:encoding>UTF-8</con:encoding><con:endpoint>https://fidus-esb-sg.prd.srv.cirb.lan:8443/services/ExportFromRegondesService_v1.0</con:endpoint><con:request><![CDATA[<soapenv:Envelope xmlns:soapenv="http://schemas.xmlsoap.org/soap/envelope/" xmlns:v1="http://fidus.brussels/service/exportfromregondesservice/messages/v1" xmlns:v11="http://fidus.brussels/type/common/messages/v1" xmlns:ser="http://www.minfin.fgov.be/regondes2/extern/taxservice/exports/serviceChanged" xmlns:com="http://www.minfin.fgov.be/regondes2/extern/taxservice/common">
   <soapenv:Header/>
   <soapenv:Body>
      <v1:serviceChangeRequest>
         <v1:messageContext>
            <v11:messageId>${=import static java.util.UUID.randomUUID; uuid = randomUUID() as String}</v11:messageId>
            <!--Optional:-->
            <v11:timestamp>${=new java.text.SimpleDateFormat("yyyy-MM-dd'T'HH:mm:ss.SSS").format(new Date())}</v11:timestamp>
         </v1:messageContext>
         <v1:legalContext>ServiceIntegrator</v1:legalContext>
         <v1:request>
            <ser:serviceChange>
               <ser:referenceFodFin>11223344</ser:referenceFodFin>
               <ser:initialService>
                  <!--Optional:-->
                  <com:technicalReference>1524</com:technicalReference>
                  <com:type>AAF</com:type>
                  <com:reference>reference</com:reference>
               </ser:initialService>
               <!--1 to 99 repetitions:-->
               <ser:transfer>
                  <ser:serviceName>CIRB</ser:serviceName>
                  <ser:dateIn>${=new java.text.SimpleDateFormat("yyyy-MM-dd").format(new Date())}</ser:dateIn>
                  <!--Optional:-->
                  <ser:dateOut>${=new java.text.SimpleDateFormat("yyyy-MM-dd").format(new Date())}</ser:dateOut>
                  <ser:official>
                     <ser:firstName>jean</ser:firstName>
                     <ser:lastName>baptist</ser:lastName>
                     <ser:phoneNumber>0452363621</ser:phoneNumber>
                     <ser:email>cisyapan@cirb.brussels</ser:email>
                  </ser:official>
               </ser:transfer>
            </ser:serviceChange>
         </v1:request>
      </v1:serviceChangeRequest>
   </soapenv:Body>
</soapenv:Envelope>]]></con:request><con:assertion type="SOAP Fault Assertion" id="9ed228ce-a221-49cf-804c-1901ee0277aa" name="Not SOAP Fault"/><con:assertion type="SOAP Response" id="20b6099f-3fe5-44ad-a788-390685e11894" name="SOAP Response"/><con:assertion type="Schema Compliance" id="f230e94d-4486-4797-b30f-f6c9de5ab642" name="Schema Compliance"><con:configuration/></con:assertion><con:wsaConfig action="http://fidus.brussels/services/exportfromregondesservice/serviceChange"/></con:request></con:config></con:testStep><con:testStep type="request" id="1d2289bd-4507-4479-bd59-738dc8dc26ac" name="testcase5 - Prod - External - Request"><con:settings/><con:config xsi:type="con:RequestStep" xmlns:xsi="http://www.w3.org/2001/XMLSchema-instance"><con:interface>ExportFromRegondesServiceHTTPBinding</con:interface><con:operation>serviceChange</con:operation><con:request name="testcase5 - Prod - External - Request" id="06088ef5-6fb8-4631-b5e8-2963b2c3d527" outgoingWss="Outflow PROD"><con:settings/><con:encoding>UTF-8</con:encoding><con:endpoint>https://fidus.sec.brussels/services/ExportFromRegondesservice_v1.0</con:endpoint><con:request><![CDATA[<soapenv:Envelope xmlns:soapenv="http://schemas.xmlsoap.org/soap/envelope/" xmlns:v1="http://fidus.brussels/service/exportfromregondesservice/messages/v1" xmlns:v11="http://fidus.brussels/type/common/messages/v1" xmlns:ser="http://www.minfin.fgov.be/regondes2/extern/taxservice/exports/serviceChanged" xmlns:com="http://www.minfin.fgov.be/regondes2/extern/taxservice/common">
   <soapenv:Header/>
   <soapenv:Body>
      <v1:serviceChangeRequest>
         <v1:messageContext>
            <v11:messageId>${=import static java.util.UUID.randomUUID; uuid = randomUUID() as String}</v11:messageId>
            <!--Optional:-->
            <v11:timestamp>${=new java.text.SimpleDateFormat("yyyy-MM-dd'T'HH:mm:ss.SSS").format(new Date())}</v11:timestamp>
         </v1:messageContext>
         <v1:legalContext>ServiceIntegrator</v1:legalContext>
         <v1:request>
            <ser:serviceChange>
               <ser:referenceFodFin>11223344</ser:referenceFodFin>
               <ser:initialService>
                  <!--Optional:-->
                  <com:technicalReference>1524</com:technicalReference>
                  <com:type>AAF</com:type>
                  <com:reference>reference</com:reference>
               </ser:initialService>
               <!--1 to 99 repetitions:-->
               <ser:transfer>
                  <ser:serviceName>CIRB</ser:serviceName>
                  <ser:dateIn>${=new java.text.SimpleDateFormat("yyyy-MM-dd").format(new Date())}</ser:dateIn>
                  <!--Optional:-->
                  <ser:dateOut>${=new java.text.SimpleDateFormat("yyyy-MM-dd").format(new Date())}</ser:dateOut>
                  <ser:official>
                     <ser:firstName>jean</ser:firstName>
                     <ser:lastName>baptist</ser:lastName>
                     <ser:phoneNumber>0452363621</ser:phoneNumber>
                     <ser:email>cisyapan@cirb.brussels</ser:email>
                  </ser:official>
               </ser:transfer>
            </ser:serviceChange>
         </v1:request>
      </v1:serviceChangeRequest>
   </soapenv:Body>
</soapenv:Envelope>]]></con:request><con:assertion type="SOAP Fault Assertion" id="ba79f24f-b117-42e3-844b-ecb7118f959f" name="Not SOAP Fault"/><con:assertion type="SOAP Response" id="62f5aea8-b7e2-4589-ab95-f845e264f922" name="SOAP Response"/><con:assertion type="Schema Compliance" id="def1fe25-283b-4729-be1d-1f7211769181" name="Schema Compliance"><con:configuration/></con:assertion><con:wsaConfig action="http://fidus.brussels/services/exportfromregondesservice/serviceChange"/></con:request></con:config></con:testStep><con:testStep type="request" id="cf8689de-423c-427f-8539-63929f25a1df" name="testcase5 - Prod - Worker1 - Request"><con:settings/><con:config xsi:type="con:RequestStep" xmlns:xsi="http://www.w3.org/2001/XMLSchema-instance"><con:interface>ExportFromRegondesServiceHTTPBinding</con:interface><con:operation>serviceChange</con:operation><con:request name="testcase5 - Prod - Worker1 - Request" id="148b5d3b-771b-470a-bf12-ab2e01217cdc" outgoingWss="Outflow PROD"><con:settings/><con:encoding>UTF-8</con:encoding><con:endpoint>https://192.168.26.22:8443/services/ExportFromRegondesService_v1.0</con:endpoint><con:request><![CDATA[<soapenv:Envelope xmlns:soapenv="http://schemas.xmlsoap.org/soap/envelope/" xmlns:v1="http://fidus.brussels/service/exportfromregondesservice/messages/v1" xmlns:v11="http://fidus.brussels/type/common/messages/v1" xmlns:ser="http://www.minfin.fgov.be/regondes2/extern/taxservice/exports/serviceChanged" xmlns:com="http://www.minfin.fgov.be/regondes2/extern/taxservice/common">
   <soapenv:Header/>
   <soapenv:Body>
      <v1:serviceChangeRequest>
         <v1:messageContext>
            <v11:messageId>${=import static java.util.UUID.randomUUID; uuid = randomUUID() as String}</v11:messageId>
            <!--Optional:-->
            <v11:timestamp>${=new java.text.SimpleDateFormat("yyyy-MM-dd'T'HH:mm:ss.SSS").format(new Date())}</v11:timestamp>
         </v1:messageContext>
         <v1:legalContext>ServiceIntegrator</v1:legalContext>
         <v1:request>
            <ser:serviceChange>
               <ser:referenceFodFin>11223344</ser:referenceFodFin>
               <ser:initialService>
                  <!--Optional:-->
                  <com:technicalReference>1524</com:technicalReference>
                  <com:type>AAF</com:type>
                  <com:reference>reference</com:reference>
               </ser:initialService>
               <!--1 to 99 repetitions:-->
               <ser:transfer>
                  <ser:serviceName>CIRB</ser:serviceName>
                  <ser:dateIn>${=new java.text.SimpleDateFormat("yyyy-MM-dd").format(new Date())}</ser:dateIn>
                  <!--Optional:-->
                  <ser:dateOut>${=new java.text.SimpleDateFormat("yyyy-MM-dd").format(new Date())}</ser:dateOut>
                  <ser:official>
                     <ser:firstName>jean</ser:firstName>
                     <ser:lastName>baptist</ser:lastName>
                     <ser:phoneNumber>0452363621</ser:phoneNumber>
                     <ser:email>cisyapan@cirb.brussels</ser:email>
                  </ser:official>
               </ser:transfer>
            </ser:serviceChange>
         </v1:request>
      </v1:serviceChangeRequest>
   </soapenv:Body>
</soapenv:Envelope>]]></con:request><con:assertion type="SOAP Fault Assertion" id="19a67f92-5827-4e75-90fa-9960f4da2532" name="Not SOAP Fault"/><con:assertion type="SOAP Response" id="18eaf318-2513-4202-ae5d-2b15d4738395" name="SOAP Response"/><con:assertion type="Schema Compliance" id="d21b02a0-8896-457f-b6c7-cab0366a4ff4" name="Schema Compliance"><con:configuration/></con:assertion><con:wsaConfig action="http://fidus.brussels/services/exportfromregondesservice/serviceChange"/></con:request></con:config></con:testStep><con:testStep type="request" id="37cc80a0-4241-405d-97e3-fc98a629a130" name="testcase5 - Prod - Worker2 - Request"><con:settings/><con:config xsi:type="con:RequestStep" xmlns:xsi="http://www.w3.org/2001/XMLSchema-instance"><con:interface>ExportFromRegondesServiceHTTPBinding</con:interface><con:operation>serviceChange</con:operation><con:request name="testcase5 - Prod - Worker2 - Request" id="5e8ca4da-fe54-4c1e-aa67-d29ef71eb53c" outgoingWss="Outflow PROD"><con:settings/><con:encoding>UTF-8</con:encoding><con:endpoint>https://192.168.26.19:8443/services/ExportFromRegondesService_v1.0</con:endpoint><con:request><![CDATA[<soapenv:Envelope xmlns:soapenv="http://schemas.xmlsoap.org/soap/envelope/" xmlns:v1="http://fidus.brussels/service/exportfromregondesservice/messages/v1" xmlns:v11="http://fidus.brussels/type/common/messages/v1" xmlns:ser="http://www.minfin.fgov.be/regondes2/extern/taxservice/exports/serviceChanged" xmlns:com="http://www.minfin.fgov.be/regondes2/extern/taxservice/common">
   <soapenv:Header/>
   <soapenv:Body>
      <v1:serviceChangeRequest>
         <v1:messageContext>
            <v11:messageId>${=import static java.util.UUID.randomUUID; uuid = randomUUID() as String}</v11:messageId>
            <!--Optional:-->
            <v11:timestamp>${=new java.text.SimpleDateFormat("yyyy-MM-dd'T'HH:mm:ss.SSS").format(new Date())}</v11:timestamp>
         </v1:messageContext>
         <v1:legalContext>ServiceIntegrator</v1:legalContext>
         <v1:request>
            <ser:serviceChange>
               <ser:referenceFodFin>11223344</ser:referenceFodFin>
               <ser:initialService>
                  <!--Optional:-->
                  <com:technicalReference>1524</com:technicalReference>
                  <com:type>AAF</com:type>
                  <com:reference>reference</com:reference>
               </ser:initialService>
               <!--1 to 99 repetitions:-->
               <ser:transfer>
                  <ser:serviceName>CIRB</ser:serviceName>
                  <ser:dateIn>${=new java.text.SimpleDateFormat("yyyy-MM-dd").format(new Date())}</ser:dateIn>
                  <!--Optional:-->
                  <ser:dateOut>${=new java.text.SimpleDateFormat("yyyy-MM-dd").format(new Date())}</ser:dateOut>
                  <ser:official>
                     <ser:firstName>jean</ser:firstName>
                     <ser:lastName>baptist</ser:lastName>
                     <ser:phoneNumber>0452363621</ser:phoneNumber>
                     <ser:email>cisyapan@cirb.brussels</ser:email>
                  </ser:official>
               </ser:transfer>
            </ser:serviceChange>
         </v1:request>
      </v1:serviceChangeRequest>
   </soapenv:Body>
</soapenv:Envelope>]]></con:request><con:assertion type="SOAP Fault Assertion" id="555c941c-9892-4d09-a4ec-04374b19bb4e" name="Not SOAP Fault"/><con:assertion type="SOAP Response" id="373e6979-20c7-4e6f-a332-f4a039f586aa" name="SOAP Response"/><con:assertion type="Schema Compliance" id="52ed7277-8308-4c8c-8ca7-55fb927b5749" name="Schema Compliance"><con:configuration/></con:assertion><con:wsaConfig action="http://fidus.brussels/services/exportfromregondesservice/serviceChange"/></con:request></con:config></con:testStep><con:properties/></con:testCase><con:properties/></con:testSuite><con:properties/><con:wssContainer><con:crypto><con:source>data/wso2/keystores/user-rajarshi.jks</con:source><con:password>test@fidus01</con:password><con:type>KEYSTORE</con:type></con:crypto><con:outgoing><con:name>Outflow DEV</con:name></con:outgoing><con:outgoing><con:name>Outflow TEST</con:name><con:entry type="Signature" username="testuser-test.fidus.brussels" password="test@fidus01"><con:configuration><crypto>user-rajarshi.jks</crypto><keyIdentifierType>3</keyIdentifierType><signatureAlgorithm/><signatureCanonicalization/><useSingleCert>true</useSingleCert><digestAlgorithm/><customTokenValueType/><customTokenId/></con:configuration></con:entry><con:entry type="Timestamp"><con:configuration><timeToLive>300000</timeToLive><strictTimestamp>true</strictTimestamp></con:configuration></con:entry></con:outgoing><con:outgoing><con:name>Outflow STAG</con:name></con:outgoing><con:outgoing><con:name>Outflow PROD</con:name></con:outgoing></con:wssContainer><con:oAuth2ProfileContainer/><con:sensitiveInformation/></con:soapui-project>