<?xml version="1.0" encoding="UTF-8"?>
<con:soapui-project id="ba7b44a6-2b18-459d-bfbe-a9ebc7b3db5f" activeEnvironment="Default" name="Client-CivilStatusNotificationService-v1-soapui-project" resourceRoot="" soapui-version="5.1.3" abortOnError="false" runType="SEQUENTIAL" xmlns:con="http://eviware.com/soapui/config"><con:settings/><con:interface xsi:type="con:WsdlInterface" id="bbb5d869-0fce-4f51-8679-b822fd28ec51" wsaVersion="NONE" name="CivilStatusNotificationService_v1.0Soap11Binding" type="wsdl" bindingName="{http://fidus.brussels/service/civilstatusnotificationservice/v1}CivilStatusNotificationService_v1.0Soap11Binding" soapVersion="1_1" anonymous="optional" definition="https://localhost:9443/services/CivilStatusNotificationService_v1.0?wsdl" xmlns:xsi="http://www.w3.org/2001/XMLSchema-instance"><con:settings/><con:definitionCache type="TEXT" rootPart="https://localhost:9443/services/CivilStatusNotificationService_v1.0?wsdl"><con:part><con:url>https://localhost:9443/services/CivilStatusNotificationService_v1.0?wsdl</con:url><con:content><![CDATA[<wsdl:definitions targetNamespace="http://fidus.brussels/service/civilstatusnotificationservice/v1" xmlns:wsdl="http://schemas.xmlsoap.org/wsdl/" xmlns:wsaw="http://www.w3.org/2006/05/addressing/wsdl" xmlns:mime="http://schemas.xmlsoap.org/wsdl/mime/" xmlns:tns="http://fidus.brussels/service/civilstatusnotificationservice/v1" xmlns:xsd="http://www.w3.org/2001/XMLSchema" xmlns:http="http://schemas.xmlsoap.org/wsdl/http/" xmlns:mes="http://fidus.brussels/service/civilstatusnotificationservice/messages/v1" xmlns:soap12="http://schemas.xmlsoap.org/wsdl/soap12/" xmlns:soap="http://schemas.xmlsoap.org/wsdl/soap/">
  <wsp:Policy wsu:Id="SigOnly" xmlns:wsp="http://schemas.xmlsoap.org/ws/2004/09/policy" xmlns:wsu="http://docs.oasis-open.org/wss/2004/01/oasis-200401-wss-wssecurity-utility-1.0.xsd">
    <wsp:ExactlyOne>
      <wsp:All>
        <sp:AsymmetricBinding xmlns:sp="http://schemas.xmlsoap.org/ws/2005/07/securitypolicy">
          <wsp:Policy>
            <sp:InitiatorToken>
              <wsp:Policy>
                <sp:X509Token sp:IncludeToken="http://schemas.xmlsoap.org/ws/2005/07/securitypolicy/IncludeToken/AlwaysToRecipient">
                  <wsp:Policy>
                    <sp:RequireThumbprintReference/>
                    <sp:WssX509V3Token10/>
                  </wsp:Policy>
                </sp:X509Token>
              </wsp:Policy>
            </sp:InitiatorToken>
            <sp:RecipientToken>
              <wsp:Policy>
                <sp:X509Token sp:IncludeToken="http://schemas.xmlsoap.org/ws/2005/07/securitypolicy/IncludeToken/Never">
                  <wsp:Policy>
                    <sp:RequireThumbprintReference/>
                    <sp:WssX509V3Token10/>
                  </wsp:Policy>
                </sp:X509Token>
              </wsp:Policy>
            </sp:RecipientToken>
            <sp:AlgorithmSuite>
              <wsp:Policy>
                <sp:Basic256/>
              </wsp:Policy>
            </sp:AlgorithmSuite>
            <sp:Layout>
              <wsp:Policy>
                <sp:Strict/>
              </wsp:Policy>
            </sp:Layout>
            <sp:IncludeTimestamp/>
            <sp:OnlySignEntireHeadersAndBody/>
          </wsp:Policy>
        </sp:AsymmetricBinding>
        <sp:Wss10 xmlns:sp="http://schemas.xmlsoap.org/ws/2005/07/securitypolicy">
          <sp:Policy>
            <sp:MustSupportRefKeyIdentifier/>
            <sp:MustSupportRefIssuerSerial/>
          </sp:Policy>
        </sp:Wss10>
        <sp:SignedParts xmlns:sp="http://schemas.xmlsoap.org/ws/2005/07/securitypolicy">
          <sp:Body/>
        </sp:SignedParts>
      </wsp:All>
    </wsp:ExactlyOne>
  </wsp:Policy>
  <wsdl:types>
    <xsd:schema attributeFormDefault="unqualified" elementFormDefault="qualified" targetNamespace="http://fidus.brussels/service/civilstatusnotificationservice/v1">
      <xsd:import namespace="http://fidus.brussels/service/civilstatusnotificationservice/messages/v1" schemaLocation="CivilStatusNotificationService_v1.0?xsd=civilStatusNotificationServiceMessages_v1.xsd"/>
    </xsd:schema>
    <xsd:schema attributeFormDefault="unqualified" elementFormDefault="unqualified">
      <xsd:import namespace="http://fidus.brussels/service/civilstatusnotificationservice/messages/v1" schemaLocation="CivilStatusNotificationService_v1.0?xsd=civilStatusNotificationServiceMessages_v1.xsd"/>
    </xsd:schema>
  </wsdl:types>
  <wsdl:message name="createNotificationMessageRequest">
    <wsdl:part name="CreateNotificationRequest" element="mes:createNotificationRequest"/>
  </wsdl:message>
  <wsdl:message name="createNotificationMessageResponse">
    <wsdl:part name="CreateNotificationResponse" element="mes:createNotificationResponse"/>
  </wsdl:message>
  <wsdl:message name="getNotificationsMessageRequest">
    <wsdl:part name="GetNotificationsRequest" element="mes:getNotificationsRequest"/>
  </wsdl:message>
  <wsdl:message name="getNotificationsMessageResponse">
    <wsdl:part name="GetNotificationsResponse" element="mes:getNotificationsResponse"/>
  </wsdl:message>
  <wsdl:message name="modifyMessageStatusMessageRequest">
    <wsdl:part name="ModifyMessageStatusRequest" element="mes:modifyMessageStatusRequest"/>
  </wsdl:message>
  <wsdl:message name="modifyMessageStatusMessageResponse">
    <wsdl:part name="ModifyMessageStatusResponse" element="mes:modifyMessageStatusResponse"/>
  </wsdl:message>
  <wsdl:message name="getMyMessagesStatusMessageRequest">
    <wsdl:part name="GetMyMessagesStatusRequest" element="mes:getMyMessagesStatusRequest"/>
  </wsdl:message>
  <wsdl:message name="getMyMessagesStatusMessageResponse">
    <wsdl:part name="GetMyMessagesStatusResponse" element="mes:getMyMessagesStatusResponse"/>
  </wsdl:message>
  <wsdl:portType name="CivilStatusNotificationService_v1.0PortType" wsp:PolicyURIs="#SigOnly" xmlns:wsp="http://schemas.xmlsoap.org/ws/2004/09/policy">
    <wsdl:operation name="createNotification">
      <wsdl:input message="tns:createNotificationMessageRequest" wsaw:Action="http://fidus.brussels/service/civilstatusnotificationservice/createNotification"/>
      <wsdl:output message="tns:createNotificationMessageResponse" wsaw:Action="http://fidus.brussels/service/civilstatusnotificationservice/v1/CivilStatusNotificationEndpoint/createNotificationResponse"/>
    </wsdl:operation>
    <wsdl:operation name="getNotifications">
      <wsdl:input message="tns:getNotificationsMessageRequest" wsaw:Action="http://fidus.brussels/service/civilstatusnotificationservice/getNotifications"/>
      <wsdl:output message="tns:getNotificationsMessageResponse" wsaw:Action="http://fidus.brussels/service/civilstatusnotificationservice/v1/CivilStatusNotificationEndpoint/getNotificationsResponse"/>
    </wsdl:operation>
    <wsdl:operation name="modifyMessageStatus">
      <wsdl:input message="tns:modifyMessageStatusMessageRequest" wsaw:Action="http://fidus.brussels/service/civilstatusnotificationservice/modifyMessageStatus"/>
      <wsdl:output message="tns:modifyMessageStatusMessageResponse" wsaw:Action="http://fidus.brussels/service/civilstatusnotificationservice/v1/CivilStatusNotificationEndpoint/modifyMessageStatusResponse"/>
    </wsdl:operation>
    <wsdl:operation name="getMyMessagesStatus">
      <wsdl:input message="tns:getMyMessagesStatusMessageRequest" wsaw:Action="http://fidus.brussels/service/civilstatusnotificationservice/getMyMessagesStatus"/>
      <wsdl:output message="tns:getMyMessagesStatusMessageResponse" wsaw:Action="http://fidus.brussels/service/civilstatusnotificationservice/v1/CivilStatusNotificationEndpoint/getMyMessagesStatusResponse"/>
    </wsdl:operation>
  </wsdl:portType>
  <wsdl:binding name="CivilStatusNotificationService_v1.0Soap11Binding" type="tns:CivilStatusNotificationService_v1.0PortType">
    <soap:binding transport="http://schemas.xmlsoap.org/soap/http" style="document"/>
    <wsdl:operation name="createNotification">
      <soap:operation soapAction="http://fidus.brussels/service/civilstatusnotificationservice/createNotification" style="document"/>
      <wsdl:input>
        <soap:body use="literal"/>
      </wsdl:input>
      <wsdl:output>
        <soap:body use="literal"/>
      </wsdl:output>
    </wsdl:operation>
    <wsdl:operation name="getNotifications">
      <soap:operation soapAction="http://fidus.brussels/service/civilstatusnotificationservice/getNotifications" style="document"/>
      <wsdl:input>
        <soap:body use="literal"/>
      </wsdl:input>
      <wsdl:output>
        <soap:body use="literal"/>
      </wsdl:output>
    </wsdl:operation>
    <wsdl:operation name="modifyMessageStatus">
      <soap:operation soapAction="http://fidus.brussels/service/civilstatusnotificationservice/modifyMessageStatus" style="document"/>
      <wsdl:input>
        <soap:body use="literal"/>
      </wsdl:input>
      <wsdl:output>
        <soap:body use="literal"/>
      </wsdl:output>
    </wsdl:operation>
    <wsdl:operation name="getMyMessagesStatus">
      <soap:operation soapAction="http://fidus.brussels/service/civilstatusnotificationservice/getMyMessagesStatus" style="document"/>
      <wsdl:input>
        <soap:body use="literal"/>
      </wsdl:input>
      <wsdl:output>
        <soap:body use="literal"/>
      </wsdl:output>
    </wsdl:operation>
  </wsdl:binding>
  <wsdl:service name="CivilStatusNotificationService_v1.0">
    <wsdl:port name="CivilStatusNotificationService_v1.0HttpsSoap11Endpoint" binding="tns:CivilStatusNotificationService_v1.0Soap11Binding">
      <soap:address location="/services/CivilStatusNotificationService_v1.0.CivilStatusNotificationService_v1.0HttpsSoap11Endpoint"/>
    </wsdl:port>
  </wsdl:service>
</wsdl:definitions>]]></con:content><con:type>http://schemas.xmlsoap.org/wsdl/</con:type></con:part><con:part><con:url>https://localhost:9443/services/CivilStatusNotificationService_v1.0?xsd=civilStatusNotificationServiceMessages_v1.xsd</con:url><con:content><![CDATA[<xsd:schema attributeFormDefault="unqualified" elementFormDefault="qualified" targetNamespace="http://fidus.brussels/service/civilstatusnotificationservice/messages/v1" version="1.0" xmlns:xsd="http://www.w3.org/2001/XMLSchema" xmlns:core="http://www.fgov.be/dabs/core" xmlns:exc="http://fidus.brussels/type/common/exceptions/v1" xmlns:tns="http://fidus.brussels/service/civilstatusnotificationservice/messages/v1" xmlns:cme="http://fidus.brussels/type/common/messages/v1">
  <xsd:import namespace="http://fidus.brussels/type/common/messages/v1" schemaLocation="CivilStatusNotificationService_v1.0?xsd=baseMessageTypes_v1.xsd"/>
  <xsd:import namespace="http://fidus.brussels/type/common/exceptions/v1" schemaLocation="CivilStatusNotificationService_v1.0?xsd=exceptionTypes_v1.xsd"/>
  <xsd:import namespace="http://www.fgov.be/dabs/core" schemaLocation="CivilStatusNotificationService_v1.0?xsd=notificationserviceMessages.xsd"/>
  <xsd:complexType name="getNotificationsRequestType">
    <xsd:sequence>
      <xsd:element name="messageContext" type="cme:RequestMessageContextType"/>
      <xsd:element name="legalContext" type="cme:LegalContextType"/>
      <xsd:element name="language" type="tns:languageType"/>
      <xsd:element name="request" type="core:getNotifications"/>
    </xsd:sequence>
  </xsd:complexType>
  <xsd:complexType name="getNotificationsResponseType">
    <xsd:sequence>
      <xsd:element name="messageContext" type="cme:ResponseMessageContextType"/>
      <xsd:element minOccurs="0" name="responses" type="tns:getNotificationsLocalResponsesType"/>
      <xsd:element minOccurs="0" name="exceptions" type="exc:ExceptionsType">
        <xsd:annotation>
          <xsd:documentation>Technical errors that occur when processing the message context e.g. insufficient rights.</xsd:documentation>
        </xsd:annotation>
      </xsd:element>
    </xsd:sequence>
  </xsd:complexType>
  <xsd:complexType name="getNotificationsLocalResponsesType">
    <xsd:sequence>
      <xsd:element name="response" type="core:getNotificationsResponse"/>
      <xsd:element minOccurs="0" name="exceptions" type="exc:ExceptionsType">
        <xsd:annotation>
          <xsd:documentation>Business exceptions that occur when processing the request or response e.g. missing data for a single response element.
						Exceptions at this level may contain back-end specific codes and content.</xsd:documentation>
        </xsd:annotation>
      </xsd:element>
    </xsd:sequence>
  </xsd:complexType>
  <xsd:simpleType name="languageType">
    <xsd:restriction base="xsd:string">
      <xsd:enumeration value="fr"/>
      <xsd:enumeration value="nl"/>
      <xsd:enumeration value="en"/>
    </xsd:restriction>
  </xsd:simpleType>
  <xsd:complexType name="createNotificationRequestType">
    <xsd:sequence>
      <xsd:element name="messageContext" type="cme:RequestMessageContextType"/>
      <xsd:element name="legalContext" type="cme:LegalContextType"/>
      <xsd:element name="language" type="tns:languageType"/>
      <xsd:element name="request" type="core:createNotification"/>
    </xsd:sequence>
  </xsd:complexType>
  <xsd:complexType name="createNotificationResponseType">
    <xsd:sequence>
      <xsd:element name="messageContext" type="cme:ResponseMessageContextType"/>
      <xsd:element minOccurs="0" name="responses" type="tns:createNotificationsLocalResponsesType"/>
      <xsd:element minOccurs="0" name="exceptions" type="exc:ExceptionsType">
        <xsd:annotation>
          <xsd:documentation>Technical errors that occur when processing the message context e.g. insufficient rights.</xsd:documentation>
        </xsd:annotation>
      </xsd:element>
    </xsd:sequence>
  </xsd:complexType>
  <xsd:complexType name="createNotificationsLocalResponsesType">
    <xsd:sequence>
      <xsd:element name="response" type="core:createNotificationResponse"/>
      <xsd:element minOccurs="0" name="exceptions" type="exc:ExceptionsType">
        <xsd:annotation>
          <xsd:documentation>Business exceptions that occur when processing the request or response e.g. missing data for a single response element.
						Exceptions at this level may contain back-end specific codes and content.</xsd:documentation>
        </xsd:annotation>
      </xsd:element>
    </xsd:sequence>
  </xsd:complexType>
  <xsd:complexType name="getMyMessagesStatusRequestType">
    <xsd:sequence>
      <xsd:element name="messageContext" type="cme:RequestMessageContextType"/>
      <xsd:element name="legalContext" type="cme:LegalContextType"/>
      <xsd:element name="language" type="tns:languageType"/>
      <xsd:element name="request" type="core:getMyMessagesStatus"/>
    </xsd:sequence>
  </xsd:complexType>
  <xsd:complexType name="getMyMessagesStatusResponseType">
    <xsd:sequence>
      <xsd:element name="messageContext" type="cme:ResponseMessageContextType"/>
      <xsd:element minOccurs="0" name="responses" type="tns:getMyMessagesStatusLocalResponsesType"/>
      <xsd:element minOccurs="0" name="exceptions" type="exc:ExceptionsType">
        <xsd:annotation>
          <xsd:documentation>Technical errors that occur when processing the message context e.g. insufficient rights.</xsd:documentation>
        </xsd:annotation>
      </xsd:element>
    </xsd:sequence>
  </xsd:complexType>
  <xsd:complexType name="getMyMessagesStatusLocalResponsesType">
    <xsd:sequence>
      <xsd:element name="response" type="core:getMyMessagesStatusResponse"/>
      <xsd:element minOccurs="0" name="exceptions" type="exc:ExceptionsType">
        <xsd:annotation>
          <xsd:documentation>Business exceptions that occur when processing the request or response e.g. missing data for a single response element.
						Exceptions at this level may contain back-end specific codes and content.</xsd:documentation>
        </xsd:annotation>
      </xsd:element>
    </xsd:sequence>
  </xsd:complexType>
  <xsd:complexType name="modifyMessageStatusRequestType">
    <xsd:sequence>
      <xsd:element name="messageContext" type="cme:RequestMessageContextType"/>
      <xsd:element name="legalContext" type="cme:LegalContextType"/>
      <xsd:element name="language" type="tns:languageType"/>
      <xsd:element name="request" type="core:modifyMessageStatus"/>
    </xsd:sequence>
  </xsd:complexType>
  <xsd:complexType name="modifyMessageStatusResponseType">
    <xsd:sequence>
      <xsd:element name="messageContext" type="cme:ResponseMessageContextType"/>
      <xsd:element minOccurs="0" name="responses" type="tns:modifyMessageStatusLocalResponsesType"/>
      <xsd:element minOccurs="0" name="exceptions" type="exc:ExceptionsType">
        <xsd:annotation>
          <xsd:documentation>Technical errors that occur when processing the message context e.g. insufficient rights.</xsd:documentation>
        </xsd:annotation>
      </xsd:element>
    </xsd:sequence>
  </xsd:complexType>
  <xsd:complexType name="modifyMessageStatusLocalResponsesType">
    <xsd:sequence>
      <xsd:element name="response" type="core:modifyMessageStatusResponse"/>
      <xsd:element minOccurs="0" name="exceptions" type="exc:ExceptionsType">
        <xsd:annotation>
          <xsd:documentation>Business exceptions that occur when processing the request or response e.g. missing data for a single response element.
						Exceptions at this level may contain back-end specific codes and content.</xsd:documentation>
        </xsd:annotation>
      </xsd:element>
    </xsd:sequence>
  </xsd:complexType>
  <xsd:element name="getNotificationsRequest" type="tns:getNotificationsRequestType"/>
  <xsd:element name="getNotificationsResponse" type="tns:getNotificationsResponseType"/>
  <xsd:element name="createNotificationRequest" type="tns:createNotificationRequestType"/>
  <xsd:element name="createNotificationResponse" type="tns:createNotificationResponseType"/>
  <xsd:element name="getMyMessagesStatusRequest" type="tns:getMyMessagesStatusRequestType"/>
  <xsd:element name="getMyMessagesStatusResponse" type="tns:getMyMessagesStatusResponseType"/>
  <xsd:element name="modifyMessageStatusRequest" type="tns:modifyMessageStatusRequestType"/>
  <xsd:element name="modifyMessageStatusResponse" type="tns:modifyMessageStatusResponseType"/>
</xsd:schema>]]></con:content><con:type>http://www.w3.org/2001/XMLSchema</con:type></con:part><con:part><con:url>https://localhost:9443/services/CivilStatusNotificationService_v1.0?xsd=baseMessageTypes_v1.xsd</con:url><con:content><![CDATA[<xsd:schema attributeFormDefault="unqualified" elementFormDefault="qualified" targetNamespace="http://fidus.brussels/type/common/messages/v1" version="1.0" xmlns:xsd="http://www.w3.org/2001/XMLSchema" xmlns:cmn="http://fidus.brussels/type/common/v1" xmlns:tns="http://fidus.brussels/type/common/messages/v1">
  <xsd:simpleType name="MessageIdType">
    <xsd:restriction base="xsd:string">
      <xsd:minLength value="1"/>
      <xsd:maxLength value="64"/>
    </xsd:restriction>
  </xsd:simpleType>
  <xsd:simpleType name="PersonNumberType">
    <xsd:restriction base="xsd:string">
      <xsd:pattern value="[0-9][0-9](([0][0-9])|([1][0-2]))(([0-2][0-9])|([3][0-1]))(([0-9]{2}[1-9])|([0-9][1-9][0-9])|([1-9][0-9]{2}))(([0-8][0-9])|([9][0-7]))">
        <xsd:annotation>
          <xsd:documentation>National Register format</xsd:documentation>
        </xsd:annotation>
      </xsd:pattern>
      <xsd:pattern value="[0-9][0-9](([2][0-9])|([3][0-2]))(([0-2][0-9])|([3][0-1]))[0-9]{3}(([0-8][0-9])|([9][0-7]))">
        <xsd:annotation>
          <xsd:documentation>CBSS Register format: Bis Register</xsd:documentation>
        </xsd:annotation>
      </xsd:pattern>
      <xsd:pattern value="[0-9][0-9](([4][0-9])|([5][0-2]))(([0-2][0-9])|([3][0-1]))[0-9]{3}(([0-8][0-9])|([9][0-7]))">
        <xsd:annotation>
          <xsd:documentation>CBSS Register format: Ter Register</xsd:documentation>
        </xsd:annotation>
      </xsd:pattern>
    </xsd:restriction>
  </xsd:simpleType>
  <xsd:complexType name="RequestMessageContextType">
    <xsd:annotation>
      <xsd:documentation>Message context block generated by the consumer.</xsd:documentation>
    </xsd:annotation>
    <xsd:sequence>
      <xsd:element name="messageId" type="tns:MessageIdType">
        <xsd:annotation>
          <xsd:documentation>Consumer must assign their own MessageId reference for the request.</xsd:documentation>
        </xsd:annotation>
      </xsd:element>
      <xsd:element minOccurs="0" name="timestamp" type="xsd:dateTime">
        <xsd:annotation>
          <xsd:documentation>Timestamp when client sent request.</xsd:documentation>
        </xsd:annotation>
      </xsd:element>
    </xsd:sequence>
  </xsd:complexType>
  <xsd:complexType name="ResponseMessageContextType">
    <xsd:annotation>
      <xsd:documentation>MessageContext block generated by fidus.</xsd:documentation>
    </xsd:annotation>
    <xsd:sequence>
      <xsd:element name="messageId" type="tns:MessageIdType">
        <xsd:annotation>
          <xsd:documentation>A unique identifier generated by fidus.</xsd:documentation>
        </xsd:annotation>
      </xsd:element>
      <xsd:element name="transactionId" type="tns:MessageIdType">
        <xsd:annotation>
          <xsd:documentation>A unique ID returned to the client for tracing purposes.</xsd:documentation>
        </xsd:annotation>
      </xsd:element>
      <xsd:element minOccurs="0" name="relatesTo" type="tns:MessageIdType">
        <xsd:annotation>
          <xsd:documentation>Optional field. The unique id of a previous batch file in this exchange Only used for responses.</xsd:documentation>
        </xsd:annotation>
      </xsd:element>
      <xsd:element minOccurs="0" name="timestamp" type="xsd:dateTime">
        <xsd:annotation>
          <xsd:documentation>Time reply sent by fidus.</xsd:documentation>
        </xsd:annotation>
      </xsd:element>
    </xsd:sequence>
  </xsd:complexType>
  <xsd:simpleType name="LegalContextType">
    <xsd:restriction base="xsd:string">
      <xsd:minLength value="1"/>
      <xsd:maxLength value="64"/>
    </xsd:restriction>
  </xsd:simpleType>
  <xsd:complexType name="UserContextType">
    <xsd:annotation>
      <xsd:documentation>The user context defines information regarding the actual user performing a request.</xsd:documentation>
    </xsd:annotation>
    <xsd:sequence>
      <xsd:element name="language" nillable="true" type="xsd:language">
        <xsd:annotation>
          <xsd:documentation>The preferred language of the actual user performing the request.
						This influences the language in which response elements are cast.</xsd:documentation>
        </xsd:annotation>
      </xsd:element>
    </xsd:sequence>
  </xsd:complexType>
</xsd:schema>]]></con:content><con:type>http://www.w3.org/2001/XMLSchema</con:type></con:part><con:part><con:url>https://localhost:9443/services/CivilStatusNotificationService_v1.0?xsd=exceptionTypes_v1.xsd</con:url><con:content><![CDATA[<xsd:schema attributeFormDefault="unqualified" elementFormDefault="qualified" targetNamespace="http://fidus.brussels/type/common/exceptions/v1" version="1.0" xmlns:xsd="http://www.w3.org/2001/XMLSchema" xmlns:tns="http://fidus.brussels/type/common/exceptions/v1">
  <xsd:complexType name="ExceptionsType">
    <xsd:sequence>
      <xsd:element maxOccurs="unbounded" name="exception" type="tns:ExceptionType"/>
    </xsd:sequence>
  </xsd:complexType>
  <xsd:complexType name="ExceptionType">
    <xsd:sequence>
      <xsd:element name="type" type="tns:ExceptionClassType"/>
      <xsd:element name="code" type="tns:ExceptionCodeType"/>
      <xsd:element name="source" type="tns:ExceptionSourceType"/>
      <xsd:element name="description" type="tns:ExceptionDescriptionType"/>
    </xsd:sequence>
  </xsd:complexType>
  <xsd:simpleType name="ExceptionClassType">
    <xsd:restriction base="xsd:string">
      <xsd:enumeration value="ERROR"/>
      <xsd:enumeration value="WARNING"/>
      <xsd:enumeration value="INFO"/>
    </xsd:restriction>
  </xsd:simpleType>
  <xsd:simpleType name="ExceptionCodeType">
    <xsd:restriction base="xsd:string">
      <xsd:maxLength value="20"/>
    </xsd:restriction>
  </xsd:simpleType>
  <xsd:simpleType name="ExceptionSourceType">
    <xsd:restriction base="xsd:string">
      <xsd:maxLength value="20"/>
    </xsd:restriction>
  </xsd:simpleType>
  <xsd:simpleType name="ExceptionDescriptionType">
    <xsd:restriction base="xsd:string"/>
  </xsd:simpleType>
</xsd:schema>]]></con:content><con:type>http://www.w3.org/2001/XMLSchema</con:type></con:part><con:part><con:url>https://localhost:9443/services/CivilStatusNotificationService_v1.0?xsd=notificationserviceMessages.xsd</con:url><con:content><![CDATA[<xs:schema attributeFormDefault="unqualified" elementFormDefault="unqualified" targetNamespace="http://www.fgov.be/dabs/core" xmlns:xs="http://www.w3.org/2001/XMLSchema" xmlns:core="http://www.fgov.be/dabs/core">
  <xs:element name="createNotification" type="core:createNotification"/>
  <xs:element name="createNotificationResponse" type="core:createNotificationResponse"/>
  <xs:element name="getMyMessagesStatus" type="core:getMyMessagesStatus"/>
  <xs:element name="getMyMessagesStatusResponse" type="core:getMyMessagesStatusResponse"/>
  <xs:element name="getNotifications" type="core:getNotifications"/>
  <xs:element name="getNotificationsResponse" type="core:getNotificationsResponse"/>
  <xs:element name="modifyMessageStatus" type="core:modifyMessageStatus"/>
  <xs:element name="modifyMessageStatusResponse" type="core:modifyMessageStatusResponse"/>
  <xs:complexType name="getMyMessagesStatus">
    <xs:sequence>
      <xs:element minOccurs="0" name="from" type="xs:string"/>
      <xs:element minOccurs="0" name="to" type="xs:string"/>
      <xs:element minOccurs="0" name="withClosed" type="xs:boolean"/>
      <xs:element minOccurs="0" name="messageId" type="xs:long"/>
      <xs:element minOccurs="0" name="notificationId" type="xs:long"/>
    </xs:sequence>
  </xs:complexType>
  <xs:complexType name="getMyMessagesStatusResponse">
    <xs:sequence>
      <xs:element name="notifications">
        <xs:complexType>
          <xs:sequence>
            <xs:element maxOccurs="unbounded" minOccurs="0" name="notification" type="core:notification"/>
          </xs:sequence>
        </xs:complexType>
      </xs:element>
    </xs:sequence>
  </xs:complexType>
  <xs:complexType name="notification">
    <xs:sequence>
      <xs:element minOccurs="0" name="id" nillable="true" type="xs:long"/>
      <xs:element minOccurs="0" name="creationDate" nillable="true" type="xs:dateTime"/>
      <xs:element name="destination" type="xs:string"/>
      <xs:element minOccurs="0" name="generatedby" nillable="true" type="xs:string"/>
      <xs:element minOccurs="0" name="retrievalDate" nillable="true" type="xs:dateTime"/>
      <xs:element name="message" type="core:message"/>
    </xs:sequence>
  </xs:complexType>
  <xs:complexType abstract="true" name="message">
    <xs:sequence>
      <xs:element minOccurs="0" name="id" type="xs:long"/>
      <xs:element minOccurs="0" name="status" nillable="true" type="core:messageStatus"/>
      <xs:element minOccurs="0" name="statusDate" nillable="true" type="xs:dateTime"/>
      <xs:element minOccurs="0" name="externalId1" type="xs:string"/>
      <xs:element minOccurs="0" name="externalId2" type="xs:string"/>
      <xs:element minOccurs="0" name="externalId3" type="xs:string"/>
      <xs:element minOccurs="0" name="docReference" nillable="true" type="xs:string"/>
    </xs:sequence>
  </xs:complexType>
  <xs:complexType name="requestMigrationMessage">
    <xs:complexContent>
      <xs:extension base="core:message">
        <xs:sequence>
          <xs:element name="docType" type="core:docType"/>
          <xs:element name="factDate" type="core:dabsDate"/>
          <xs:element name="documentState" type="core:docState"/>
          <xs:element maxOccurs="unbounded" name="person" type="core:personInPrincipalRole"/>
        </xs:sequence>
      </xs:extension>
    </xs:complexContent>
  </xs:complexType>
  <xs:complexType name="dabsDate">
    <xs:sequence>
      <xs:element minOccurs="0" name="day" nillable="true" type="xs:int"/>
      <xs:element minOccurs="0" name="month" nillable="true" type="xs:int"/>
      <xs:element name="year" type="xs:int"/>
    </xs:sequence>
  </xs:complexType>
  <xs:complexType name="personInPrincipalRole">
    <xs:sequence>
      <xs:element name="nationalNumber" nillable="true" type="xs:string"/>
      <xs:element minOccurs="0" name="firstName" nillable="true" type="xs:string"/>
      <xs:element name="lastName" type="xs:string"/>
      <xs:element name="birthDate" type="core:dabsDate"/>
    </xs:sequence>
  </xs:complexType>
  <xs:complexType name="textMessage">
    <xs:complexContent>
      <xs:extension base="core:message">
        <xs:sequence>
          <xs:element name="messageTextType" type="core:messageTextType"/>
          <xs:element name="messageTextTitle" type="xs:string"/>
          <xs:element name="messageTextContent" type="xs:string"/>
        </xs:sequence>
      </xs:extension>
    </xs:complexContent>
  </xs:complexType>
  <xs:complexType name="authorityDecisionMessage">
    <xs:complexContent>
      <xs:extension base="core:message">
        <xs:sequence>
          <xs:element name="authorityDecisionDetail" type="core:authorityDecisionDetail"/>
          <xs:element name="file" type="xs:base64Binary"/>
        </xs:sequence>
      </xs:extension>
    </xs:complexContent>
  </xs:complexType>
  <xs:complexType name="authorityDecisionDetail">
    <xs:sequence>
      <xs:element name="decisionType" type="core:decisionType"/>
      <xs:element name="decisionCategory" type="core:decisionCategory"/>
      <xs:element minOccurs="0" name="decisionReference" type="xs:string"/>
      <xs:element minOccurs="0" name="decisionAuthorityCode" type="core:jurisdictionPlace"/>
      <xs:element minOccurs="0" name="decisionAuthorityFree" type="xs:string"/>
      <xs:element minOccurs="0" name="decisionDate" type="xs:date"/>
      <xs:element minOccurs="0" name="applicationDate" type="xs:date"/>
      <xs:element minOccurs="0" name="modifiedCertificateReference" type="xs:string"/>
      <xs:element minOccurs="0" name="sideNoteType" type="core:sideNoteType"/>
      <xs:element maxOccurs="unbounded" minOccurs="0" name="changedValues" type="core:update_value"/>
      <xs:element maxOccurs="unbounded" minOccurs="0" name="person" type="core:person"/>
    </xs:sequence>
  </xs:complexType>
  <xs:complexType name="update_value">
    <xs:sequence>
      <xs:element name="changedFieldCode" type="core:code"/>
      <xs:element name="changedFieldOldValue" nillable="true" type="xs:string"/>
      <xs:element name="changedFieldNewValue" nillable="true" type="xs:string"/>
    </xs:sequence>
  </xs:complexType>
  <xs:complexType name="person">
    <xs:sequence>
      <xs:element name="origin" type="core:personOrigin"/>
      <xs:element minOccurs="0" name="nobility" type="core:nobility"/>
      <xs:element minOccurs="0" name="nobilityFree" type="xs:string"/>
      <xs:element minOccurs="0" name="birthPlace" type="core:municipality"/>
      <xs:element minOccurs="0" name="birthDate" type="core:dabsDate"/>
      <xs:element minOccurs="0" name="firstname" type="xs:string"/>
      <xs:element minOccurs="0" name="lastname" type="xs:string"/>
      <xs:element minOccurs="0" name="nationality" type="xs:string"/>
      <xs:element minOccurs="0" name="gender" type="core:gender"/>
      <xs:element name="roles">
        <xs:complexType>
          <xs:sequence>
            <xs:element maxOccurs="unbounded" minOccurs="0" name="role" type="core:roleType"/>
          </xs:sequence>
        </xs:complexType>
      </xs:element>
      <xs:element name="personNumber" nillable="true" type="xs:string"/>
    </xs:sequence>
  </xs:complexType>
  <xs:complexType name="municipality">
    <xs:sequence>
      <xs:element minOccurs="0" name="municipalityCode" type="xs:string"/>
      <xs:element minOccurs="0" name="municipalityFreeText" type="xs:string"/>
      <xs:element minOccurs="0" name="countryCode" type="xs:string"/>
      <xs:element minOccurs="0" name="countryFreeText" type="xs:string"/>
    </xs:sequence>
  </xs:complexType>
  <xs:complexType name="roleRequirement">
    <xs:sequence/>
  </xs:complexType>
  <xs:complexType name="impactedRole">
    <xs:sequence>
      <xs:element minOccurs="0" name="actionType" type="core:actionType"/>
      <xs:element minOccurs="0" name="impactDocRole" type="core:roleType"/>
      <xs:element name="impactsDocType" type="xs:int"/>
      <xs:element minOccurs="0" name="role" type="core:roleType"/>
    </xs:sequence>
  </xs:complexType>
  <xs:complexType name="error">
    <xs:sequence>
      <xs:element minOccurs="0" name="errorCode" type="xs:int"/>
      <xs:element maxOccurs="unbounded" minOccurs="0" name="arguments" type="xs:string"/>
      <xs:element minOccurs="0" name="msg" type="xs:string"/>
    </xs:sequence>
  </xs:complexType>
  <xs:complexType name="getNotifications">
    <xs:sequence>
      <xs:element minOccurs="0" name="from" type="xs:string"/>
      <xs:element minOccurs="0" name="to" type="xs:string"/>
      <xs:element minOccurs="0" name="messageId" type="xs:long"/>
      <xs:element minOccurs="0" name="notificationId" type="xs:long"/>
      <xs:element minOccurs="0" name="niscode" type="xs:string"/>
    </xs:sequence>
  </xs:complexType>
  <xs:complexType name="getNotificationsResponse">
    <xs:sequence>
      <xs:element name="notifications">
        <xs:complexType>
          <xs:sequence>
            <xs:element maxOccurs="unbounded" minOccurs="0" name="notification" type="core:notification"/>
          </xs:sequence>
        </xs:complexType>
      </xs:element>
    </xs:sequence>
  </xs:complexType>
  <xs:complexType name="createNotification">
    <xs:sequence>
      <xs:element name="notification" type="core:notification"/>
    </xs:sequence>
  </xs:complexType>
  <xs:complexType name="createNotificationResponse">
    <xs:sequence>
      <xs:element minOccurs="0" name="notification" type="core:notification"/>
    </xs:sequence>
  </xs:complexType>
  <xs:complexType name="modifyMessageStatus">
    <xs:sequence>
      <xs:element minOccurs="0" name="notificationId" nillable="true" type="xs:long"/>
      <xs:element minOccurs="0" name="status" nillable="true" type="core:messageStatus"/>
    </xs:sequence>
  </xs:complexType>
  <xs:complexType name="modifyMessageStatusResponse">
    <xs:sequence>
      <xs:element minOccurs="0" name="notification" type="core:notification"/>
    </xs:sequence>
  </xs:complexType>
  <xs:simpleType name="messageStatus">
    <xs:restriction base="xs:string">
      <xs:enumeration value="CREATED"/>
      <xs:enumeration value="MIGRATED"/>
      <xs:enumeration value="RECEIVED"/>
      <xs:enumeration value="CLOSED"/>
      <xs:enumeration value="NOT_FOR_ME"/>
      <xs:enumeration value="ALREADY_DONE"/>
    </xs:restriction>
  </xs:simpleType>
  <xs:simpleType name="docType">
    <xs:restriction base="xs:string">
      <xs:enumeration value="BIRTH_CERTIFICATE"/>
      <xs:enumeration value="MARRIAGE_CERTIFICATE"/>
      <xs:enumeration value="DEATH_CERTIFICATE"/>
      <xs:enumeration value="NATIONALITY_CERTIFICATE"/>
      <xs:enumeration value="RECOGNITION_CERTIFICATE"/>
      <xs:enumeration value="PRENATAL_RECOGNITION_CERTIFICATE"/>
      <xs:enumeration value="NAME_CHANGE_CERTIFICATE"/>
      <xs:enumeration value="FIRSTNAME_CHANGE_CERTIFICATE"/>
      <xs:enumeration value="DECLARATION_OF_LIFELESS_CHILD_CERTIFICATE"/>
      <xs:enumeration value="SEX_CHANGE_CERTIFICATE"/>
      <xs:enumeration value="ABSENCE_CERTIFICATE"/>
      <xs:enumeration value="DIVORCE_CERTIFICATE"/>
      <xs:enumeration value="ADOPTION_CERTIFICATE"/>
      <xs:enumeration value="AUTHORITY_DECISION"/>
      <xs:enumeration value="ANNULMENT_CERTIFICATE"/>
      <xs:enumeration value="UPDATE_DOCUMENT"/>
    </xs:restriction>
  </xs:simpleType>
  <xs:simpleType name="docState">
    <xs:restriction base="xs:string">
      <xs:enumeration value="DRAFT"/>
      <xs:enumeration value="READY_FOR_VALIDATION"/>
      <xs:enumeration value="DELETED"/>
      <xs:enumeration value="VALIDATE_FOR_SIGNATURE"/>
      <xs:enumeration value="READY_FOR_SIGNATURE"/>
      <xs:enumeration value="TO_CHECK"/>
      <xs:enumeration value="REFUSED"/>
      <xs:enumeration value="PARTIALLY_MIGRATED"/>
      <xs:enumeration value="PARTIALLY_MIGR_COPY"/>
      <xs:enumeration value="PARTIALLY_MIGR_EXTRACT"/>
      <xs:enumeration value="FINAL"/>
      <xs:enumeration value="ERASED"/>
    </xs:restriction>
  </xs:simpleType>
  <xs:simpleType name="messageTextType">
    <xs:restriction base="xs:string">
      <xs:enumeration value="TEXT_COMMUNICATION"/>
      <xs:enumeration value="DOC_REFERENCE"/>
      <xs:enumeration value="MIGRATION_ACT"/>
    </xs:restriction>
  </xs:simpleType>
  <xs:simpleType name="decisionType">
    <xs:restriction base="xs:string">
      <xs:enumeration value="JUDGMENT"/>
      <xs:enumeration value="ARREST"/>
      <xs:enumeration value="FOREIGN_DECISION"/>
      <xs:enumeration value="FOREIGN_CERTIFICATE"/>
      <xs:enumeration value="KING_ARREST"/>
      <xs:enumeration value="OFFICER_CORRECTION"/>
      <xs:enumeration value="PV"/>
    </xs:restriction>
  </xs:simpleType>
  <xs:simpleType name="decisionCategory">
    <xs:restriction base="xs:string">
      <xs:enumeration value="DIVORCE"/>
      <xs:enumeration value="FOREIGN_DIVORCE_BELGIAN_MARRIAGE"/>
      <xs:enumeration value="MARRIAGE_ANNULATION"/>
      <xs:enumeration value="MIGRATED_TRANSCRIPTION"/>
      <xs:enumeration value="FOREIGN_MARRIAGE_RECOGNITION"/>
      <xs:enumeration value="RECOGNITION_ANNULATION"/>
      <xs:enumeration value="CERTIFICATE_CORRECTION"/>
      <xs:enumeration value="JUDICIAL_ABSENCE"/>
      <xs:enumeration value="JUDICIAL_DECEASE"/>
      <xs:enumeration value="BELGIAN_ADOPTION"/>
      <xs:enumeration value="FOREIGN_ADOPTION"/>
      <xs:enumeration value="ADOPTION_REVISION"/>
      <xs:enumeration value="ADOPTION_REVOCATION"/>
      <xs:enumeration value="BELGIAN_NATIONALITY_DEPRIVATION"/>
      <xs:enumeration value="NAME_CHANGE"/>
      <xs:enumeration value="FIRSTNAME_CHANGE"/>
      <xs:enumeration value="ESTABLISHING_PATERNITY"/>
      <xs:enumeration value="ESTABLISHING_MATERNITY"/>
      <xs:enumeration value="ESTABLISHING_COPARENT"/>
      <xs:enumeration value="CONTESTING_PATERNITY"/>
      <xs:enumeration value="CONTESTING_MATERNITY"/>
      <xs:enumeration value="CONTESTING_COPARENT"/>
      <xs:enumeration value="NEW_SEX_CHANGE"/>
      <xs:enumeration value="SEX_CHANGE_ANNULATION"/>
      <xs:enumeration value="CERTIFICATE_ANNULATION"/>
      <xs:enumeration value="CERTIFICATE_ANNULATION_ART463"/>
      <xs:enumeration value="CERTIFICATE_REPLACEMENT"/>
      <xs:enumeration value="PV_SYSTEM_UNAVAILABLE"/>
      <xs:enumeration value="PV_BIRTH_ON_BOARD"/>
      <xs:enumeration value="PV_DECEASE_ON_BOARD"/>
      <xs:enumeration value="PV_UNKNOWN_DECEASE"/>
      <xs:enumeration value="PV_NEWBORN_FOUND"/>
      <xs:enumeration value="BIRTH_CERTIFICATE"/>
      <xs:enumeration value="MARRIAGE_CERTIFICATE"/>
      <xs:enumeration value="DEATH_CERTIFICATE"/>
      <xs:enumeration value="RECOGNITION_CERTIFICATE"/>
      <xs:enumeration value="PRENATAL_RECOGNITION_CERTIFICATE"/>
      <xs:enumeration value="NAME_CHANGE_CERTIFICATE"/>
      <xs:enumeration value="FIRSTNAME_CHANGE_CERTIFICATE"/>
      <xs:enumeration value="SEX_CHANGE_CERTIFICATE"/>
      <xs:enumeration value="ABSENCE_CERTIFICATE"/>
      <xs:enumeration value="DIVORCE_CERTIFICATE"/>
      <xs:enumeration value="ADOPTION_CERTIFICATE"/>
      <xs:enumeration value="OTHER"/>
      <xs:enumeration value="SEPARATION"/>
    </xs:restriction>
  </xs:simpleType>
  <xs:simpleType name="jurisdictionPlace">
    <xs:restriction base="xs:string">
      <xs:enumeration value="111002"/>
      <xs:enumeration value="112025"/>
      <xs:enumeration value="113040"/>
      <xs:enumeration value="171022"/>
      <xs:enumeration value="173083"/>
      <xs:enumeration value="121004"/>
      <xs:enumeration value="124062"/>
      <xs:enumeration value="125072"/>
      <xs:enumeration value="142006"/>
      <xs:enumeration value="144021"/>
      <xs:enumeration value="145035"/>
      <xs:enumeration value="131005"/>
      <xs:enumeration value="133011"/>
      <xs:enumeration value="134022"/>
      <xs:enumeration value="138025"/>
      <xs:enumeration value="163023"/>
      <xs:enumeration value="161031"/>
      <xs:enumeration value="162063"/>
      <xs:enumeration value="163079"/>
      <xs:enumeration value="181001"/>
      <xs:enumeration value="183034"/>
      <xs:enumeration value="184043"/>
      <xs:enumeration value="191034"/>
      <xs:enumeration value="192094"/>
      <xs:enumeration value="152011"/>
      <xs:enumeration value="153053"/>
      <xs:enumeration value="157081"/>
      <xs:enumeration value="211002"/>
      <xs:enumeration value="253053"/>
      <xs:enumeration value="221004"/>
      <xs:enumeration value="244021"/>
      <xs:enumeration value="262063"/>
      <xs:enumeration value="230101"/>
      <xs:enumeration value="230102"/>
      <xs:enumeration value="230103"/>
      <xs:enumeration value="230201"/>
      <xs:enumeration value="230202"/>
      <xs:enumeration value="330100"/>
      <xs:enumeration value="330200"/>
      <xs:enumeration value="330500"/>
      <xs:enumeration value="330600"/>
      <xs:enumeration value="430101"/>
      <xs:enumeration value="430102"/>
      <xs:enumeration value="430103"/>
      <xs:enumeration value="430201"/>
      <xs:enumeration value="430202"/>
      <xs:enumeration value="430203"/>
      <xs:enumeration value="430204"/>
      <xs:enumeration value="530100"/>
      <xs:enumeration value="530201"/>
      <xs:enumeration value="530202"/>
      <xs:enumeration value="530203"/>
      <xs:enumeration value="530301"/>
      <xs:enumeration value="530302"/>
      <xs:enumeration value="530303"/>
      <xs:enumeration value="530401"/>
      <xs:enumeration value="530402"/>
      <xs:enumeration value="630101"/>
      <xs:enumeration value="630102"/>
      <xs:enumeration value="630103"/>
      <xs:enumeration value="210100"/>
      <xs:enumeration value="610100"/>
      <xs:enumeration value="310100"/>
      <xs:enumeration value="410100"/>
      <xs:enumeration value="510100"/>
    </xs:restriction>
  </xs:simpleType>
  <xs:simpleType name="sideNoteType">
    <xs:restriction base="xs:string">
      <xs:enumeration value="MIGRATION"/>
      <xs:enumeration value="CHANGE"/>
      <xs:enumeration value="BASIS_ACT"/>
    </xs:restriction>
  </xs:simpleType>
  <xs:simpleType name="code">
    <xs:restriction base="xs:string">
      <xs:enumeration value="PERSON_NOBILITY"/>
      <xs:enumeration value="PERSON_NOBILITYFREE"/>
      <xs:enumeration value="PERSON_FIRSTNAMES"/>
      <xs:enumeration value="PERSON_LASTNAME"/>
      <xs:enumeration value="PERSON_BIRTHDATE"/>
      <xs:enumeration value="PERSON_BIRTHPLACE_MUNICIPALITYCODE"/>
      <xs:enumeration value="PERSON_BIRTHPLACE_MUNICIPALITYFREETEXT"/>
      <xs:enumeration value="PERSON_BIRTHPLACE_COUNTRYCODE"/>
      <xs:enumeration value="PERSON_BIRTHPLACE_COUNTRYFREETEXT"/>
      <xs:enumeration value="DOCUMENT_DOCUMENTREFERENCE"/>
      <xs:enumeration value="DOCUMENT_ESTABLISHINGDATE"/>
      <xs:enumeration value="DOCUMENT_REDACTIONPLACE_MUNICIPALITYCODE"/>
      <xs:enumeration value="DOCUMENT_REDACTIONPLACE_MUNICIPALITYFREETEXT"/>
      <xs:enumeration value="DOCUMENT_REDACTIONPLACE_COUNTRYCODE"/>
      <xs:enumeration value="DOCUMENT_REDACTIONPLACE_COUNTRYFREETEXT"/>
      <xs:enumeration value="ROLE_ROLE"/>
      <xs:enumeration value="BIRTHCERTIFICATE_FACTDATE"/>
      <xs:enumeration value="BIRTHCERTIFICATE_BIRTHTIME"/>
      <xs:enumeration value="BIRTHCERTIFICATE_GENDER"/>
      <xs:enumeration value="BIRTHCERTIFICATE_NAME_DECLARATIONMADEBYTHEPARENTS"/>
      <xs:enumeration value="BIRTHCERTIFICATE_NAMEDECLARATION_NAME"/>
      <xs:enumeration value="BIRTHCERTIFICATE_NAMEDECLARATION_NAME1"/>
      <xs:enumeration value="BIRTHCERTIFICATE_NAMEDECLARATION_NAME2"/>
      <xs:enumeration value="BIRTHCERTIFICATE_PRENATALRECOGNITIONDOCUMENTREFERENCE"/>
      <xs:enumeration value="BIRTHCERTIFICATE_CONSENTROLE"/>
      <xs:enumeration value="BIRTHCERTIFICATE_CONSENTDATE"/>
      <xs:enumeration value="BIRTHCERTIFICATE_CONSENTPLACE_MUNICIPALITYCODE"/>
      <xs:enumeration value="BIRTHCERTIFICATE_CONSENTPLACE_MUNICIPALITYFREETEXT"/>
      <xs:enumeration value="BIRTHCERTIFICATE_CONSENTPLACE_COUNTRYCODE"/>
      <xs:enumeration value="BIRTHCERTIFICATE_CONSENTPLACE_COUNTRYFREETEXT"/>
      <xs:enumeration value="BIRTHCERTIFICATE_CONSENTAUTHORITY"/>
      <xs:enumeration value="BIRTHCERTIFICATE_JURIDICALAUTHORITY"/>
      <xs:enumeration value="BIRTHCERTIFICATE_JURIDICALREFERENCE"/>
      <xs:enumeration value="BIRTHCERTIFICATE_VERDICTDATE"/>
      <xs:enumeration value="PRENATALRECOGNITIONCERTIFICATE_FACTDATE"/>
      <xs:enumeration value="PRENATALRECOGNITIONCERTIFICATE_MOTHERCONSENTDATE"/>
      <xs:enumeration value="PRENATALRECOGNITIONCERTIFICATE_MOTHERCONSENTPLACE_MUNICIPALITYCODE"/>
      <xs:enumeration value="PRENATALRECOGNITIONCERTIFICATE_MOTHERCONSENTPLACE_MUNICIPALITYFREETEXT"/>
      <xs:enumeration value="PRENATALRECOGNITIONCERTIFICATE_MOTHERCONSENTPLACE_COUNTRYCODE"/>
      <xs:enumeration value="PRENATALRECOGNITIONCERTIFICATE_MOTHERCONSENTPLACE_COUNTRYFREETEXT"/>
      <xs:enumeration value="PRENATALRECOGNITIONCERTIFICATE_MOTHERCONSENTAUTHORITY"/>
      <xs:enumeration value="PRENATALRECOGNITIONCERTIFICATE_JURIDICALAUTHORITY"/>
      <xs:enumeration value="PRENATALRECOGNITIONCERTIFICATE_JURIDICALREFERENCE"/>
      <xs:enumeration value="PRENATALRECOGNITIONCERTIFICATE_VERDICTDATE"/>
      <xs:enumeration value="RECOGNITIONCERTIFICATE_FACTDATE"/>
      <xs:enumeration value="RECOGNITIONCERTIFICATE_FILIATIONCONSENTDATE"/>
      <xs:enumeration value="RECOGNITIONCERTIFICATE_FILIATIONCONSENTPLACE_MUNICIPALITYCODE"/>
      <xs:enumeration value="RECOGNITIONCERTIFICATE_FILIATIONCONSENTPLACE_MUNICIPALITYFREETEXT"/>
      <xs:enumeration value="RECOGNITIONCERTIFICATE_FILIATIONCONSENTPLACE_COUNTRYCODE"/>
      <xs:enumeration value="RECOGNITIONCERTIFICATE_FILIATIONCONSENTPLACE_COUNTRYFREETEXT"/>
      <xs:enumeration value="RECOGNITIONCERTIFICATE_FILIATIONCONSENTAUTHORITY"/>
      <xs:enumeration value="RECOGNITIONCERTIFICATE_CHILDCONSENTDATE"/>
      <xs:enumeration value="RECOGNITIONCERTIFICATE_CHILDCONSENTPLACE_MUNICIPALITYCODE"/>
      <xs:enumeration value="RECOGNITIONCERTIFICATE_CHILDCONSENTPLACE_MUNICIPALITYFREETEXT"/>
      <xs:enumeration value="RECOGNITIONCERTIFICATE_CHILDCONSENTPLACE_COUNTRYCODE"/>
      <xs:enumeration value="RECOGNITIONCERTIFICATE_CHILDCONSENTPLACE_COUNTRYFREETEXT"/>
      <xs:enumeration value="RECOGNITIONCERTIFICATE_CHILDCONSENTAUTHORITY"/>
      <xs:enumeration value="RECOGNITIONCERTIFICATE_LEGALREPRESENTATIVECONSENTDATE"/>
      <xs:enumeration value="RECOGNITIONCERTIFICATE_LEGALREPRESENTATIVECONSENTPLACE_MUNICIPALITYCODE"/>
      <xs:enumeration value="RECOGNITIONCERTIFICATE_LEGALREPRESENTATIVECONSENTPLACE_MUNICIPALITYFREETEXT"/>
      <xs:enumeration value="RECOGNITIONCERTIFICATE_LEGALREPRESENTATIVECONSENTPLACE_COUNTRYCODE"/>
      <xs:enumeration value="RECOGNITIONCERTIFICATE_LEGALREPRESENTATIVECONSENTPLACE_COUNTRYFREETEXT"/>
      <xs:enumeration value="RECOGNITIONCERTIFICATE_LEGALREPRESENTATIVECONSENTAUTHORITY"/>
      <xs:enumeration value="RECOGNITIONCERTIFICATE_COURTCONSENTJURISDICTION"/>
      <xs:enumeration value="RECOGNITIONCERTIFICATE_COURTCONSENTVERDICTDATE"/>
      <xs:enumeration value="RECOGNITIONCERTIFICATE_COURTCONSENTREFERENCE"/>
      <xs:enumeration value="RECOGNITIONCERTIFICATE_NAMEDECLARATIONMADEBYTHEPARENTS"/>
      <xs:enumeration value="RECOGNITIONCERTIFICATE_NEWFIRSTNAME"/>
      <xs:enumeration value="RECOGNITIONCERTIFICATE_NAMEDECLARATION"/>
      <xs:enumeration value="RECOGNITIONCERTIFICATE_NAMEDECLARATION_NAME1"/>
      <xs:enumeration value="RECOGNITIONCERTIFICATE_NAMEDECLARATION_NAME2"/>
      <xs:enumeration value="MARRIAGECERTIFICATE_FACTDATE"/>
      <xs:enumeration value="MARRIAGECERTIFICATE_NAMECHANGESPOUSE1"/>
      <xs:enumeration value="MARRIAGECERTIFICATE_NAMECHANGESPOUSE2"/>
      <xs:enumeration value="DEATHCERTIFICATE_FACTDATE"/>
      <xs:enumeration value="DEATHCERTIFICATE_DECEASETIME"/>
      <xs:enumeration value="DEATHCERTIFICATE_DECEASEPLACE_MUNICIPALITYCODE"/>
      <xs:enumeration value="DEATHCERTIFICATE_DECEASEPLACE_MUNICIPALITYFREETEXT"/>
      <xs:enumeration value="DEATHCERTIFICATE_DECEASEPLACE_COUNTRYCODE"/>
      <xs:enumeration value="DEATHCERTIFICATE_DECEASEPLACE_COUNTRYFREETEXT"/>
      <xs:enumeration value="DEATHCERTIFICATE_DECEASEPLACE_LIFELESSBODY"/>
      <xs:enumeration value="DECLARATION_OF_LIFELESS_CHILD_CERTIFICATE_FACTDATE"/>
      <xs:enumeration value="DECLARATION_OF_LIFELESS_CHILD_CERTIFICATE_BIRTHTIME"/>
      <xs:enumeration value="DECLARATION_OF_LIFELESS_CHILD_CERTIFICATE_BIRTHPLACE_MUNICIPALITYCODE"/>
      <xs:enumeration value="DECLARATION_OF_LIFELESS_CHILD_CERTIFICATE_BIRTHPLACE_MUNICIPALITYFREETEXT"/>
      <xs:enumeration value="DECLARATION_OF_LIFELESS_CHILD_CERTIFICATE_BIRTHPLACE_COUNTRYCODE"/>
      <xs:enumeration value="DECLARATION_OF_LIFELESS_CHILD_CERTIFICATE_BIRTHPLACE_COUNTRYFREETEXT"/>
      <xs:enumeration value="DECLARATION_OF_LIFELESS_CHILD_CERTIFICATE_FIRSTNAMES"/>
      <xs:enumeration value="DECLARATION_OF_LIFELESS_CHILD_CERTIFICATE_GENDER"/>
      <xs:enumeration value="DECLARATION_OF_LIFELESS_CHILD_CERTIFICATE_DURATION_OF_PREGNANCY"/>
      <xs:enumeration value="DECLARATION_OF_LIFELESS_CHILD_CERTIFICATE_NAME"/>
      <xs:enumeration value="NAMECHANGE_CERTIFICATE_FACTDATE"/>
      <xs:enumeration value="NAMECHANGE_CERTIFICATE_NAMEDECLARATION"/>
      <xs:enumeration value="NAMECHANGE_CERTIFICATE_NAMEDECLARATION_NAME1"/>
      <xs:enumeration value="NAMECHANGE_CERTIFICATE_NAMEDECLARATION_NAME2"/>
      <xs:enumeration value="NAMECHANGE_CERTIFICATE_REASONFORTHECERTIFICATE"/>
      <xs:enumeration value="NAMECHANGE_CERTIFICATE_REQUESTINGDATE"/>
      <xs:enumeration value="FIRSTNAMECHANGE_CERTIFICATE_FACTDATE"/>
      <xs:enumeration value="FIRSTNAMECHANGE_CERTIFICATE_FIRSTNAMES"/>
      <xs:enumeration value="NATIONALITY_CERTIFICATE_FACTDATE"/>
      <xs:enumeration value="NATIONALITY_CERTIFICATE_REASON_FOR_THE_CERTIFICATE"/>
      <xs:enumeration value="NATIONALITY_CERTIFICATE_OTHER_NATIONALITY_CODE"/>
      <xs:enumeration value="TRANSSEXUALITY_CERTIFICATE_FACTDATE"/>
      <xs:enumeration value="TRANSSEXUALITY_NEWGENDER"/>
      <xs:enumeration value="ABSENCE_CERTIFICATE_FACTDATE"/>
      <xs:enumeration value="ADOPTION_CERTIFICATE_FACTDATE"/>
      <xs:enumeration value="ADOPTION_CERTIFICATE_ADOPTIONTYPE"/>
      <xs:enumeration value="ADOPTION_CERTIFICATE_NEWNAME_NAME"/>
      <xs:enumeration value="ADOPTION_CERTIFICATE_NEWNAME_NAME1"/>
      <xs:enumeration value="ADOPTION_CERTIFICATE_NEWNAME_NAME2"/>
      <xs:enumeration value="ADOPTION_CERTIFICATE_NEWFIRSTNAMES"/>
      <xs:enumeration value="ADOPTION_CERTIFICATE_FCARECOGNITIONDATE"/>
      <xs:enumeration value="DIVORCE_CERTIFICATE_FACTDATE"/>
      <xs:enumeration value="DIVORCE_CERTIFICATE_MARRIAGECERTIFICATENUMBER"/>
      <xs:enumeration value="ANNULMENT_CERTIFICATE_FACTDATE"/>
      <xs:enumeration value="ANNULMENT_ANNULEDCERTIFICATENUMBER"/>
      <xs:enumeration value="ANNULMENT_ANNULATIONTYPE"/>
      <xs:enumeration value="MODIFICATIONCERTIFICATE_FACTDATE"/>
      <xs:enumeration value="MODIFICATIONCERTIFICATE_MODIFIEDCERTIFICATEREFERENCE"/>
      <xs:enumeration value="MODIFICATIONCERTIFICATE_DECISIONAUTHORITYCODE"/>
      <xs:enumeration value="MODIFICATIONCERTIFICATE_DECISIONAUTHORITYFREE"/>
      <xs:enumeration value="MODIFICATIONCERTIFICATE_DECISIONDATE"/>
      <xs:enumeration value="MODIFICATIONCERTIFICATE_APPLICATIONDATE"/>
      <xs:enumeration value="MODIFICATIONCERTIFICATE_DECISIONTYPE"/>
      <xs:enumeration value="MODIFICATIONCERTIFICATE_DECISIONCATEGORY"/>
      <xs:enumeration value="MODIFICATIONCERTIFICATE_DECISIONREFERENCE"/>
      <xs:enumeration value="MODIFICATIONCERTIFICATE_CHANGEDVALUES_CHANGEDFIELDCODE"/>
      <xs:enumeration value="MODIFICATIONCERTIFICATE_CHANGEDVALUES_CHANGEDFIELDOLDVALUE"/>
      <xs:enumeration value="MODIFICATIONCERTIFICATE_CHANGEDVALUES_CHANGEDFIELDNEWVALUE"/>
    </xs:restriction>
  </xs:simpleType>
  <xs:simpleType name="personOrigin">
    <xs:restriction base="xs:string">
      <xs:enumeration value="RR"/>
      <xs:enumeration value="BIS"/>
      <xs:enumeration value="BIS_TMP"/>
      <xs:enumeration value="BIS_DRAFT"/>
      <xs:enumeration value="RRN_NR"/>
    </xs:restriction>
  </xs:simpleType>
  <xs:simpleType name="nobility">
    <xs:restriction base="xs:string">
      <xs:enumeration value="PRINCE"/>
      <xs:enumeration value="PRINCESS"/>
      <xs:enumeration value="DUKE"/>
      <xs:enumeration value="DUCHESS"/>
      <xs:enumeration value="MARQUIS"/>
      <xs:enumeration value="MARQUISE"/>
      <xs:enumeration value="COUNT"/>
      <xs:enumeration value="COUNTESS"/>
      <xs:enumeration value="VISCOUNT"/>
      <xs:enumeration value="VISCOUNTESS"/>
      <xs:enumeration value="BARON"/>
      <xs:enumeration value="BARONESS"/>
      <xs:enumeration value="KNIGHT"/>
      <xs:enumeration value="NOBLE_WOMAN"/>
      <xs:enumeration value="NOBLE_MAN"/>
      <xs:enumeration value="ARCHDUKE"/>
      <xs:enumeration value="ARCHDUCHESS"/>
      <xs:enumeration value="GRAND_DUKE"/>
      <xs:enumeration value="GRAND_DUCHESS"/>
      <xs:enumeration value="KING_OF_BELGIUM"/>
      <xs:enumeration value="QUEEN_OF_BELGIUM"/>
      <xs:enumeration value="PRINCE_OF_BELGIUM"/>
      <xs:enumeration value="PRINCESS_OF_BELGIUM"/>
      <xs:enumeration value="DUKE_OF_BRABANT"/>
      <xs:enumeration value="DUCHESS_OF_BRABANT"/>
    </xs:restriction>
  </xs:simpleType>
  <xs:simpleType name="gender">
    <xs:restriction base="xs:string">
      <xs:enumeration value="MALE"/>
      <xs:enumeration value="FEMALE"/>
      <xs:enumeration value="UNKNOWN"/>
    </xs:restriction>
  </xs:simpleType>
  <xs:simpleType name="roleType">
    <xs:restriction base="xs:string">
      <xs:enumeration value="ABS"/>
      <xs:enumeration value="ADOPTIVE_MOTHER"/>
      <xs:enumeration value="ADOPTIVE_FATHER"/>
      <xs:enumeration value="ADOPTIVE_COPARENT"/>
      <xs:enumeration value="CHILD"/>
      <xs:enumeration value="CONCERNED_PERSON"/>
      <xs:enumeration value="COPARENT"/>
      <xs:enumeration value="DECEASED"/>
      <xs:enumeration value="DECLARANT"/>
      <xs:enumeration value="DECLARANT_1"/>
      <xs:enumeration value="DECLARANT_2"/>
      <xs:enumeration value="FATHER"/>
      <xs:enumeration value="LEGAL_REPRESENTATIVE"/>
      <xs:enumeration value="MISSING"/>
      <xs:enumeration value="NOT_RECOGNISING_FATHER"/>
      <xs:enumeration value="NOT_RECOGNISING_COPARENT"/>
      <xs:enumeration value="MOTHER"/>
      <xs:enumeration value="SPOUSE_1"/>
      <xs:enumeration value="SPOUSE_2"/>
      <xs:enumeration value="RECOGNIZER_FATHER"/>
      <xs:enumeration value="RECOGNIZER_MOTHER"/>
      <xs:enumeration value="RECOGNIZER_COPARENT"/>
      <xs:enumeration value="WITNESS"/>
      <xs:enumeration value="ADDED_FATHER"/>
      <xs:enumeration value="ADDED_MOTHER"/>
      <xs:enumeration value="ADDED_COPARENT"/>
      <xs:enumeration value="REMOVED_FATHER"/>
      <xs:enumeration value="REMOVED_MOTHER"/>
      <xs:enumeration value="REMOVED_COPARENT"/>
      <xs:enumeration value="FATHER_THAT_HAS_MADE_A_PRENATAL_RECOGNITION"/>
      <xs:enumeration value="COPARENT_THAT_HAS_MADE_A_PRENATAL_RECOGNITION"/>
    </xs:restriction>
  </xs:simpleType>
  <xs:simpleType name="actionType">
    <xs:restriction base="xs:string">
      <xs:enumeration value="ADD"/>
      <xs:enumeration value="REMOVE"/>
    </xs:restriction>
  </xs:simpleType>
  <xs:element name="DABSException" type="core:DABSException"/>
  <xs:complexType name="DABSException">
    <xs:sequence>
      <xs:element minOccurs="0" name="traceId" type="xs:string"/>
      <xs:element maxOccurs="unbounded" minOccurs="0" name="error" type="core:error"/>
    </xs:sequence>
  </xs:complexType>
</xs:schema>]]></con:content><con:type>http://www.w3.org/2001/XMLSchema</con:type></con:part></con:definitionCache><con:endpoints><con:endpoint>https://192.168.24.45:8443/services/CivilStatusNotificationService_v1.0</con:endpoint><con:endpoint>https://192.168.24.51:8443/services/CivilStatusNotificationService_v1.0</con:endpoint><con:endpoint>https://192.168.24.57:8443/services/CivilStatusNotificationService_v1.0</con:endpoint><con:endpoint>https://192.168.24.64:8443/services/CivilStatusNotificationService_v1.0</con:endpoint><con:endpoint>https://192.168.36.159:8243/services/CivilStatusNotificationService_v1.0</con:endpoint><con:endpoint>https://192.168.36.205:8443/services/CivilStatusNotificationService_v1.0</con:endpoint><con:endpoint>https://esb-security-gw.sta.srv.cirb.lan:8443/services/CivilStatusNotificationService_v1.0</con:endpoint><con:endpoint>https://fidus-esb-sg.sta.srv.cirb.lan:8443/services/CivilStatusNotificationService_v1.0</con:endpoint><con:endpoint>https://fidus-test.irisnetlab.be/services/CivilStatusNotificationService_v1.0</con:endpoint><con:endpoint>https://fidus.irisnetlab.be/services/CivilStatusNotificationService_v1.0</con:endpoint><con:endpoint>https://localhost:8243/services/CivilStatusNotificationService_v1.0</con:endpoint></con:endpoints><con:operation id="1324062f-7aaa-4e59-8a54-2db8b5bfbdc9" isOneWay="false" action="http://fidus.brussels/service/civilstatusnotificationservice/createNotification" name="createNotification" bindingOperationName="createNotification" type="Request-Response" inputName="" receivesAttachments="false" sendsAttachments="false" anonymous="optional"><con:settings/><con:call id="87b2b8dc-a264-4cab-9ec9-f1e5bda3d5db" name="1- Local  - Request" outgoingWss="outFlowDEV" incomingWss="inflowDEV"><con:settings><con:setting id="com.eviware.soapui.impl.wsdl.WsdlRequest@request-headers">&lt;xml-fragment/></con:setting></con:settings><con:encoding>UTF-8</con:encoding><con:endpoint>https://localhost:8243/services/CivilStatusNotificationService_v1.0</con:endpoint><con:request><![CDATA[<soapenv:Envelope xmlns:soapenv="http://schemas.xmlsoap.org/soap/envelope/" xmlns:core="http://www.fgov.be/dabs/core" xmlns:v1="http://fidus.brussels/service/civilstatusnotificationservice/messages/v1" xmlns:v11="http://fidus.brussels/type/common/messages/v1">
   <soapenv:Header/>
   <soapenv:Body>
      <v1:createNotificationRequest>
         <v1:messageContext>
            <v11:messageId>${=import static java.util.UUID.randomUUID; uuid = randomUUID() as String}</v11:messageId>
            <v11:timestamp>${=new java.text.SimpleDateFormat("yyyy-MM-dd'T'HH:mm:ss.SSS").format(new Date())}</v11:timestamp>
         </v1:messageContext>
         <v1:legalContext>ServiceIntegrator</v1:legalContext>
         <v1:language>fr</v1:language>
         <v1:request>
            <notification>
               <!--Optional:-->
               <id>2662</id>
            <!--Optional:-->
            <creationDate>${=new java.text.SimpleDateFormat("yyyy-MM-dd'T'HH:mm:ss.SSS").format(new Date())}</creationDate>
            <destination>01050</destination>
            <!--Optional:-->
            <generatedby>23025</generatedby>
               <!--Optional:-->
               <message xsi:type="core:textMessage" xmlns:xsi="http://www.w3.org/2001/XMLSchema-instance">
               <!--Optional:
                  <id>1111111</id>-->
               <!--Optional:-->
               <status>CREATED</status>
               <!--Optional:-->
               <statusDate>${=new java.text.SimpleDateFormat("yyyy-MM-dd'T'HH:mm:ss.SSS").format(new Date())}</statusDate>
               <!--Optional:
                  <docReference>123</docReference>-->
               <messageTextType>TEXT_COMMUNICATION</messageTextType>
               <messageTextTitle>bla bla</messageTextTitle>
               <messageTextContent>M bla bla bla</messageTextContent>
               </message>
            </notification>
         </v1:request>
      </v1:createNotificationRequest>
   </soapenv:Body>
</soapenv:Envelope>]]></con:request><con:credentials><con:selectedAuthProfile>Basic</con:selectedAuthProfile><con:addedBasicAuthenticationTypes>Basic</con:addedBasicAuthenticationTypes><con:authType>Global HTTP Settings</con:authType></con:credentials><con:jmsConfig JMSDeliveryMode="PERSISTENT"/><con:jmsPropertyConfig/><con:wsaConfig mustUnderstand="NONE" version="200508" action="http://fidus.brussels/service/civilstatusnotificationservice/createNotification"/><con:wsrmConfig version="1.2"/></con:call><con:call id="accff07f-cbc7-4360-8ea5-5b33128f2072" name="2- DEV  - Request" outgoingWss="outFlowDEV" incomingWss="inflowDEV"><con:settings><con:setting id="com.eviware.soapui.impl.wsdl.WsdlRequest@request-headers">&lt;xml-fragment/></con:setting></con:settings><con:encoding>UTF-8</con:encoding><con:endpoint>https://192.168.36.205:8443/services/CivilStatusNotificationService_v1.0</con:endpoint><con:request><![CDATA[<soapenv:Envelope xmlns:soapenv="http://schemas.xmlsoap.org/soap/envelope/" xmlns:core="http://www.fgov.be/dabs/core" xmlns:v1="http://fidus.brussels/service/civilstatusnotificationservice/messages/v1" xmlns:v11="http://fidus.brussels/type/common/messages/v1">
   <soapenv:Header/>
   <soapenv:Body>
      <v1:createNotificationRequest>
         <v1:messageContext>
            <v11:messageId>${=import static java.util.UUID.randomUUID; uuid = randomUUID() as String}</v11:messageId>
            <v11:timestamp>${=new java.text.SimpleDateFormat("yyyy-MM-dd'T'HH:mm:ss.SSS").format(new Date())}</v11:timestamp>
         </v1:messageContext>
         <v1:legalContext>ServiceIntegrator</v1:legalContext>
         <v1:language>fr</v1:language>
         <v1:request>
            <notification>
               <!--Optional:-->
               <id>2662</id>
            <!--Optional:-->
            <creationDate>${=new java.text.SimpleDateFormat("yyyy-MM-dd'T'HH:mm:ss.SSS").format(new Date())}</creationDate>
            <destination>01050</destination>
            <!--Optional:-->
            <generatedby>23025</generatedby>
               <!--Optional:-->
               <message xsi:type="core:textMessage" xmlns:xsi="http://www.w3.org/2001/XMLSchema-instance">
               <!--Optional:
                  <id>1111111</id>-->
               <!--Optional:-->
               <status>CREATED</status>
               <!--Optional:-->
               <statusDate>${=new java.text.SimpleDateFormat("yyyy-MM-dd'T'HH:mm:ss.SSS").format(new Date())}</statusDate>
               <!--Optional:
                  <docReference>123</docReference>-->
               <messageTextType>TEXT_COMMUNICATION</messageTextType>
               <messageTextTitle>bla bla</messageTextTitle>
               <messageTextContent>M bla bla bla</messageTextContent>
               </message>
            </notification>
         </v1:request>
      </v1:createNotificationRequest>
   </soapenv:Body>
</soapenv:Envelope>]]></con:request><con:credentials><con:selectedAuthProfile>Basic</con:selectedAuthProfile><con:addedBasicAuthenticationTypes>Basic</con:addedBasicAuthenticationTypes><con:authType>Global HTTP Settings</con:authType></con:credentials><con:jmsConfig JMSDeliveryMode="PERSISTENT"/><con:jmsPropertyConfig/><con:wsaConfig mustUnderstand="NONE" version="200508" action="http://fidus.brussels/service/civilstatusnotificationservice/createNotification"/><con:wsrmConfig version="1.2"/></con:call><con:call id="d511cf6c-9ad0-4c75-b036-94c762503771" name="3- TEST - External - Request"><con:settings><con:setting id="com.eviware.soapui.impl.wsdl.WsdlRequest@request-headers">&lt;xml-fragment/></con:setting></con:settings><con:encoding>UTF-8</con:encoding><con:endpoint>https://fidus-test.irisnetlab.be/services/CivilStatusNotificationService_v1.0</con:endpoint><con:request><![CDATA[<soapenv:Envelope xmlns:soapenv="http://schemas.xmlsoap.org/soap/envelope/" xmlns:core="http://www.fgov.be/dabs/core" xmlns:v1="http://fidus.brussels/service/civilstatusnotificationservice/messages/v1" xmlns:v11="http://fidus.brussels/type/common/messages/v1">
   <soapenv:Header/>
   <soapenv:Body>
      <v1:createNotificationRequest>
         <v1:messageContext>
            <v11:messageId>${=import static java.util.UUID.randomUUID; uuid = randomUUID() as String}</v11:messageId>
            <v11:timestamp>${=new java.text.SimpleDateFormat("yyyy-MM-dd'T'HH:mm:ss.SSS").format(new Date())}</v11:timestamp>
         </v1:messageContext>
         <v1:legalContext>None</v1:legalContext>
         <v1:language>fr</v1:language>
         <v1:request>
            <notification>
               <!--Optional:-->
               <id>2662</id>
            <!--Optional:-->
            <creationDate>${=new java.text.SimpleDateFormat("yyyy-MM-dd'T'HH:mm:ss.SSS").format(new Date())}</creationDate>
            <destination>01050</destination>
            <!--Optional:-->
            <generatedby>23025</generatedby>
               <!--Optional:-->
               <message xsi:type="core:textMessage" xmlns:xsi="http://www.w3.org/2001/XMLSchema-instance">
               <!--Optional:
                  <id>1111111</id>-->
               <!--Optional:-->
               <status>CREATED</status>
               <!--Optional:-->
               <statusDate>${=new java.text.SimpleDateFormat("yyyy-MM-dd'T'HH:mm:ss.SSS").format(new Date())}</statusDate>
               <!--Optional:
                  <docReference>123</docReference>-->
               <messageTextType>TEXT_COMMUNICATION</messageTextType>
               <messageTextTitle>bla bla</messageTextTitle>
               <messageTextContent>M bla bla bla</messageTextContent>
               </message>
            </notification>
         </v1:request>
      </v1:createNotificationRequest>
   </soapenv:Body>
</soapenv:Envelope>]]></con:request><con:credentials><con:selectedAuthProfile>Basic</con:selectedAuthProfile><con:addedBasicAuthenticationTypes>Basic</con:addedBasicAuthenticationTypes><con:authType>Global HTTP Settings</con:authType></con:credentials><con:jmsConfig JMSDeliveryMode="PERSISTENT"/><con:jmsPropertyConfig/><con:wsaConfig mustUnderstand="NONE" version="200508" action="http://fidus.brussels/service/civilstatusnotificationservice/createNotification"/><con:wsrmConfig version="1.2"/></con:call><con:call id="bee98d54-dcdc-4a7a-8910-436256c404c1" name="3- TEST - LB - Request" incomingWss="inflowTEST" outgoingWss="outflowTEST"><con:settings><con:setting id="com.eviware.soapui.impl.wsdl.WsdlRequest@request-headers">&lt;xml-fragment/></con:setting></con:settings><con:encoding>UTF-8</con:encoding><con:endpoint>https://esb-security-gw.sta.srv.cirb.lan:8443/services/CivilStatusNotificationService_v1.0</con:endpoint><con:request><![CDATA[<soapenv:Envelope xmlns:soapenv="http://schemas.xmlsoap.org/soap/envelope/" xmlns:core="http://www.fgov.be/dabs/core" xmlns:v1="http://fidus.brussels/service/civilstatusnotificationservice/messages/v1" xmlns:v11="http://fidus.brussels/type/common/messages/v1">
   <soapenv:Header/>
   <soapenv:Body>
      <v1:createNotificationRequest>
         <v1:messageContext>
            <v11:messageId>${=import static java.util.UUID.randomUUID; uuid = randomUUID() as String}</v11:messageId>
            <v11:timestamp>${=new java.text.SimpleDateFormat("yyyy-MM-dd'T'HH:mm:ss.SSS").format(new Date())}</v11:timestamp>
         </v1:messageContext>
         <v1:legalContext>None</v1:legalContext>
         <v1:language>fr</v1:language>
         <v1:request>
            <notification>
               <!--Optional:-->
               <id>2662</id>
            <!--Optional:-->
            <creationDate>${=new java.text.SimpleDateFormat("yyyy-MM-dd'T'HH:mm:ss.SSS").format(new Date())}</creationDate>
            <destination>01050</destination>
            <!--Optional:-->
            <generatedby>23025</generatedby>
               <!--Optional:-->
               <message xsi:type="core:textMessage" xmlns:xsi="http://www.w3.org/2001/XMLSchema-instance">
               <!--Optional:
                  <id>1111111</id>-->
               <!--Optional:-->
               <status>CREATED</status>
               <!--Optional:-->
               <statusDate>${=new java.text.SimpleDateFormat("yyyy-MM-dd'T'HH:mm:ss.SSS").format(new Date())}</statusDate>
               <!--Optional:
                  <docReference>123</docReference>-->
               <messageTextType>TEXT_COMMUNICATION</messageTextType>
               <messageTextTitle>bla bla</messageTextTitle>
               <messageTextContent>M bla bla bla</messageTextContent>
               </message>
            </notification>
         </v1:request>
      </v1:createNotificationRequest>
   </soapenv:Body>
</soapenv:Envelope>]]></con:request><con:credentials><con:selectedAuthProfile>Basic</con:selectedAuthProfile><con:addedBasicAuthenticationTypes>Basic</con:addedBasicAuthenticationTypes><con:authType>Global HTTP Settings</con:authType></con:credentials><con:jmsConfig JMSDeliveryMode="PERSISTENT"/><con:jmsPropertyConfig/><con:wsaConfig mustUnderstand="NONE" version="200508" action="http://fidus.brussels/service/civilstatusnotificationservice/createNotification"/><con:wsrmConfig version="1.2"/></con:call><con:call id="363b048b-c0d1-4c62-a6ae-a2e5e6fe99a1" name="3- TEST - Worker 1  - Request" outgoingWss="outflowTEST" incomingWss="inflowTEST"><con:settings><con:setting id="com.eviware.soapui.impl.wsdl.WsdlRequest@request-headers">&lt;xml-fragment/></con:setting></con:settings><con:encoding>UTF-8</con:encoding><con:endpoint>https://192.168.24.45:8443/services/CivilStatusNotificationService_v1.0</con:endpoint><con:request><![CDATA[<soapenv:Envelope xmlns:soapenv="http://schemas.xmlsoap.org/soap/envelope/" xmlns:core="http://www.fgov.be/dabs/core" xmlns:v1="http://fidus.brussels/service/civilstatusnotificationservice/messages/v1" xmlns:v11="http://fidus.brussels/type/common/messages/v1">
   <soapenv:Header/>
   <soapenv:Body>
      <v1:createNotificationRequest>
         <v1:messageContext>
            <v11:messageId>${=import static java.util.UUID.randomUUID; uuid = randomUUID() as String}</v11:messageId>
            <v11:timestamp>${=new java.text.SimpleDateFormat("yyyy-MM-dd'T'HH:mm:ss.SSS").format(new Date())}</v11:timestamp>
         </v1:messageContext>
         <v1:legalContext>ServiceIntegrator</v1:legalContext>
         <v1:language>fr</v1:language>
         <v1:request>
            <notification>
               <!--Optional:-->
            <!--Optional:-->
            <creationDate>${=new java.text.SimpleDateFormat("yyyy-MM-dd'T'HH:mm:ss.SSS").format(new Date())}</creationDate>
            <destination>01050</destination>
            <!--Optional:-->
            <generatedby>23025</generatedby>
               <!--Optional:-->
               <message xsi:type="core:textMessage" xmlns:xsi="http://www.w3.org/2001/XMLSchema-instance">
               <!--Optional:
                  <id>1111111</id>-->
               <!--Optional:-->
               <status>CREATED</status>
               <!--Optional:-->
               <statusDate>${=new java.text.SimpleDateFormat("yyyy-MM-dd'T'HH:mm:ss.SSS").format(new Date())}</statusDate>
               <!--Optional:
                  <docReference>123</docReference>-->
               <messageTextType>TEXT_COMMUNICATION</messageTextType>
               <messageTextTitle>bla bla</messageTextTitle>
               <messageTextContent>M bla bla bla</messageTextContent>
               </message>
            </notification>
         </v1:request>
      </v1:createNotificationRequest>
   </soapenv:Body>
</soapenv:Envelope>]]></con:request><con:credentials><con:selectedAuthProfile>Basic</con:selectedAuthProfile><con:addedBasicAuthenticationTypes>Basic</con:addedBasicAuthenticationTypes><con:authType>Global HTTP Settings</con:authType></con:credentials><con:jmsConfig JMSDeliveryMode="PERSISTENT"/><con:jmsPropertyConfig/><con:wsaConfig mustUnderstand="NONE" version="200508" action="http://fidus.brussels/service/civilstatusnotificationservice/createNotification"/><con:wsrmConfig version="1.2"/></con:call><con:call id="74e1439d-1ec0-4b71-888c-49d911006ca9" name="3- TEST - Worker 2  - Request" outgoingWss="outflowTEST" incomingWss="inflowTEST"><con:settings><con:setting id="com.eviware.soapui.impl.wsdl.WsdlRequest@request-headers">&lt;xml-fragment/></con:setting></con:settings><con:encoding>UTF-8</con:encoding><con:endpoint>https://192.168.24.51:8443/services/CivilStatusNotificationService_v1.0</con:endpoint><con:request><![CDATA[<soapenv:Envelope xmlns:soapenv="http://schemas.xmlsoap.org/soap/envelope/" xmlns:core="http://www.fgov.be/dabs/core" xmlns:v1="http://fidus.brussels/service/civilstatusnotificationservice/messages/v1" xmlns:v11="http://fidus.brussels/type/common/messages/v1">
   <soapenv:Header/>
   <soapenv:Body>
      <v1:createNotificationRequest>
         <v1:messageContext>
            <v11:messageId>${=import static java.util.UUID.randomUUID; uuid = randomUUID() as String}</v11:messageId>
            <v11:timestamp>${=new java.text.SimpleDateFormat("yyyy-MM-dd'T'HH:mm:ss.SSS").format(new Date())}</v11:timestamp>
         </v1:messageContext>
         <v1:legalContext>None</v1:legalContext>
         <v1:language>fr</v1:language>
         <v1:request>
            <notification>
               <!--Optional:-->
               <id>2662</id>
            <!--Optional:-->
            <creationDate>${=new java.text.SimpleDateFormat("yyyy-MM-dd'T'HH:mm:ss.SSS").format(new Date())}</creationDate>
            <destination>01050</destination>
            <!--Optional:-->
            <generatedby>23025</generatedby>
               <!--Optional:-->
               <message xsi:type="core:textMessage" xmlns:xsi="http://www.w3.org/2001/XMLSchema-instance">
               <!--Optional:
                  <id>1111111</id>-->
               <!--Optional:-->
               <status>CREATED</status>
               <!--Optional:-->
               <statusDate>${=new java.text.SimpleDateFormat("yyyy-MM-dd'T'HH:mm:ss.SSS").format(new Date())}</statusDate>
               <!--Optional:
                  <docReference>123</docReference>-->
               <messageTextType>TEXT_COMMUNICATION</messageTextType>
               <messageTextTitle>bla bla</messageTextTitle>
               <messageTextContent>M bla bla bla</messageTextContent>
               </message>
            </notification>
         </v1:request>
      </v1:createNotificationRequest>
   </soapenv:Body>
</soapenv:Envelope>]]></con:request><con:credentials><con:selectedAuthProfile>Basic</con:selectedAuthProfile><con:addedBasicAuthenticationTypes>Basic</con:addedBasicAuthenticationTypes><con:authType>Global HTTP Settings</con:authType></con:credentials><con:jmsConfig JMSDeliveryMode="PERSISTENT"/><con:jmsPropertyConfig/><con:wsaConfig mustUnderstand="NONE" version="200508" action="http://fidus.brussels/service/civilstatusnotificationservice/createNotification"/><con:wsrmConfig version="1.2"/></con:call><con:call id="060d8d7c-57f2-4cd7-bce9-a1fe2f5ac736" name="4- STAGING - External  - Request"><con:settings><con:setting id="com.eviware.soapui.impl.wsdl.WsdlRequest@request-headers">&lt;xml-fragment/></con:setting></con:settings><con:encoding>UTF-8</con:encoding><con:endpoint>https://fidus.irisnetlab.be/services/CivilStatusNotificationService_v1.0</con:endpoint><con:request><![CDATA[<soapenv:Envelope xmlns:soapenv="http://schemas.xmlsoap.org/soap/envelope/" xmlns:core="http://www.fgov.be/dabs/core" xmlns:v1="http://fidus.brussels/service/civilstatusnotificationservice/messages/v1" xmlns:v11="http://fidus.brussels/type/common/messages/v1">
   <soapenv:Header/>
   <soapenv:Body>
      <v1:createNotificationRequest>
         <v1:messageContext>
            <v11:messageId>${=import static java.util.UUID.randomUUID; uuid = randomUUID() as String}</v11:messageId>
            <v11:timestamp>${=new java.text.SimpleDateFormat("yyyy-MM-dd'T'HH:mm:ss.SSS").format(new Date())}</v11:timestamp>
         </v1:messageContext>
         <v1:legalContext>None</v1:legalContext>
         <v1:language>fr</v1:language>
         <v1:request>
            <notification>
               <!--Optional:-->
               <id>2662</id>
            <!--Optional:-->
            <creationDate>${=new java.text.SimpleDateFormat("yyyy-MM-dd'T'HH:mm:ss.SSS").format(new Date())}</creationDate>
            <destination>01050</destination>
            <!--Optional:-->
            <generatedby>23025</generatedby>
               <!--Optional:-->
               <message xsi:type="core:textMessage" xmlns:xsi="http://www.w3.org/2001/XMLSchema-instance">
               <!--Optional:
                  <id>1111111</id>-->
               <!--Optional:-->
               <status>CREATED</status>
               <!--Optional:-->
               <statusDate>${=new java.text.SimpleDateFormat("yyyy-MM-dd'T'HH:mm:ss.SSS").format(new Date())}</statusDate>
               <!--Optional:
                  <docReference>123</docReference>-->
               <messageTextType>TEXT_COMMUNICATION</messageTextType>
               <messageTextTitle>bla bla</messageTextTitle>
               <messageTextContent>M bla bla bla</messageTextContent>
               </message>
            </notification>
         </v1:request>
      </v1:createNotificationRequest>
   </soapenv:Body>
</soapenv:Envelope>]]></con:request><con:credentials><con:selectedAuthProfile>Basic</con:selectedAuthProfile><con:addedBasicAuthenticationTypes>Basic</con:addedBasicAuthenticationTypes><con:authType>Global HTTP Settings</con:authType></con:credentials><con:jmsConfig JMSDeliveryMode="PERSISTENT"/><con:jmsPropertyConfig/><con:wsaConfig mustUnderstand="NONE" version="200508" action="http://fidus.brussels/service/civilstatusnotificationservice/createNotification"/><con:wsrmConfig version="1.2"/></con:call><con:call id="0275379a-26bc-46c3-9189-7dc3bd2382b3" name="4- STAGING - LB - Request"><con:settings><con:setting id="com.eviware.soapui.impl.wsdl.WsdlRequest@request-headers">&lt;xml-fragment/></con:setting></con:settings><con:encoding>UTF-8</con:encoding><con:endpoint>https://fidus-esb-sg.sta.srv.cirb.lan:8443/services/CivilStatusNotificationService_v1.0</con:endpoint><con:request><![CDATA[<soapenv:Envelope xmlns:soapenv="http://schemas.xmlsoap.org/soap/envelope/" xmlns:core="http://www.fgov.be/dabs/core" xmlns:v1="http://fidus.brussels/service/civilstatusnotificationservice/messages/v1" xmlns:v11="http://fidus.brussels/type/common/messages/v1">
   <soapenv:Header/>
   <soapenv:Body>
      <v1:createNotificationRequest>
         <v1:messageContext>
            <v11:messageId>${=import static java.util.UUID.randomUUID; uuid = randomUUID() as String}</v11:messageId>
            <v11:timestamp>${=new java.text.SimpleDateFormat("yyyy-MM-dd'T'HH:mm:ss.SSS").format(new Date())}</v11:timestamp>
         </v1:messageContext>
         <v1:legalContext>None</v1:legalContext>
         <v1:language>fr</v1:language>
         <v1:request>
            <notification>
               <!--Optional:-->
               <id>2662</id>
            <!--Optional:-->
            <creationDate>${=new java.text.SimpleDateFormat("yyyy-MM-dd'T'HH:mm:ss.SSS").format(new Date())}</creationDate>
            <destination>01050</destination>
            <!--Optional:-->
            <generatedby>23025</generatedby>
               <!--Optional:-->
               <message xsi:type="core:textMessage" xmlns:xsi="http://www.w3.org/2001/XMLSchema-instance">
               <!--Optional:
                  <id>1111111</id>-->
               <!--Optional:-->
               <status>CREATED</status>
               <!--Optional:-->
               <statusDate>${=new java.text.SimpleDateFormat("yyyy-MM-dd'T'HH:mm:ss.SSS").format(new Date())}</statusDate>
               <!--Optional:
                  <docReference>123</docReference>-->
               <messageTextType>TEXT_COMMUNICATION</messageTextType>
               <messageTextTitle>bla bla</messageTextTitle>
               <messageTextContent>M bla bla bla</messageTextContent>
               </message>
            </notification>
         </v1:request>
      </v1:createNotificationRequest>
   </soapenv:Body>
</soapenv:Envelope>]]></con:request><con:credentials><con:selectedAuthProfile>Basic</con:selectedAuthProfile><con:addedBasicAuthenticationTypes>Basic</con:addedBasicAuthenticationTypes><con:authType>Global HTTP Settings</con:authType></con:credentials><con:jmsConfig JMSDeliveryMode="PERSISTENT"/><con:jmsPropertyConfig/><con:wsaConfig mustUnderstand="NONE" version="200508" action="http://fidus.brussels/service/civilstatusnotificationservice/createNotification"/><con:wsrmConfig version="1.2"/></con:call><con:call id="f9eb9b49-4a0a-4229-835b-f2e5a43bfd7b" name="4- STAGING - Worker 1 - Request" outgoingWss="outflowSTAGING" incomingWss="inflowSTAGING"><con:settings><con:setting id="com.eviware.soapui.impl.wsdl.WsdlRequest@request-headers">&lt;xml-fragment/></con:setting></con:settings><con:encoding>UTF-8</con:encoding><con:endpoint>https://192.168.24.57:8443/services/CivilStatusNotificationService_v1.0</con:endpoint><con:request><![CDATA[<soapenv:Envelope xmlns:soapenv="http://schemas.xmlsoap.org/soap/envelope/" xmlns:core="http://www.fgov.be/dabs/core" xmlns:v1="http://fidus.brussels/service/civilstatusnotificationservice/messages/v1" xmlns:v11="http://fidus.brussels/type/common/messages/v1">
   <soapenv:Header/>
   <soapenv:Body>
      <v1:createNotificationRequest>
         <v1:messageContext>
            <v11:messageId>${=import static java.util.UUID.randomUUID; uuid = randomUUID() as String}</v11:messageId>
            <v11:timestamp>${=new java.text.SimpleDateFormat("yyyy-MM-dd'T'HH:mm:ss.SSS").format(new Date())}</v11:timestamp>
         </v1:messageContext>
         <v1:legalContext>None</v1:legalContext>
         <v1:language>fr</v1:language>
         <v1:request>
            <notification>
               <!--Optional:-->
               <id>2662</id>
            <!--Optional:-->
            <creationDate>${=new java.text.SimpleDateFormat("yyyy-MM-dd'T'HH:mm:ss.SSS").format(new Date())}</creationDate>
            <destination>01050</destination>
            <!--Optional:-->
            <generatedby>23025</generatedby>
               <!--Optional:-->
               <message xsi:type="core:textMessage" xmlns:xsi="http://www.w3.org/2001/XMLSchema-instance">
               <!--Optional:
                  <id>1111111</id>-->
               <!--Optional:-->
               <status>CREATED</status>
               <!--Optional:-->
               <statusDate>${=new java.text.SimpleDateFormat("yyyy-MM-dd'T'HH:mm:ss.SSS").format(new Date())}</statusDate>
               <!--Optional:
                  <docReference>123</docReference>-->
               <messageTextType>TEXT_COMMUNICATION</messageTextType>
               <messageTextTitle>bla bla</messageTextTitle>
               <messageTextContent>M bla bla bla</messageTextContent>
               </message>
            </notification>
         </v1:request>
      </v1:createNotificationRequest>
   </soapenv:Body>
</soapenv:Envelope>]]></con:request><con:credentials><con:selectedAuthProfile>Basic</con:selectedAuthProfile><con:addedBasicAuthenticationTypes>Basic</con:addedBasicAuthenticationTypes><con:authType>Global HTTP Settings</con:authType></con:credentials><con:jmsConfig JMSDeliveryMode="PERSISTENT"/><con:jmsPropertyConfig/><con:wsaConfig mustUnderstand="NONE" version="200508" action="http://fidus.brussels/service/civilstatusnotificationservice/createNotification"/><con:wsrmConfig version="1.2"/></con:call><con:call id="39376df9-ddca-46ac-902a-7d1e35065821" name="4- STAGING - Worker 2 - Request"><con:settings><con:setting id="com.eviware.soapui.impl.wsdl.WsdlRequest@request-headers">&lt;xml-fragment/></con:setting></con:settings><con:encoding>UTF-8</con:encoding><con:endpoint>https://192.168.24.64:8443/services/CivilStatusNotificationService_v1.0</con:endpoint><con:request><![CDATA[<soapenv:Envelope xmlns:soapenv="http://schemas.xmlsoap.org/soap/envelope/" xmlns:core="http://www.fgov.be/dabs/core" xmlns:v1="http://fidus.brussels/service/civilstatusnotificationservice/messages/v1" xmlns:v11="http://fidus.brussels/type/common/messages/v1">
   <soapenv:Header/>
   <soapenv:Body>
      <v1:createNotificationRequest>
         <v1:messageContext>
            <v11:messageId>${=import static java.util.UUID.randomUUID; uuid = randomUUID() as String}</v11:messageId>
            <v11:timestamp>${=new java.text.SimpleDateFormat("yyyy-MM-dd'T'HH:mm:ss.SSS").format(new Date())}</v11:timestamp>
         </v1:messageContext>
         <v1:legalContext>None</v1:legalContext>
         <v1:language>fr</v1:language>
         <v1:request>
            <notification>
               <!--Optional:-->
               <id>2662</id>
            <!--Optional:-->
            <creationDate>${=new java.text.SimpleDateFormat("yyyy-MM-dd'T'HH:mm:ss.SSS").format(new Date())}</creationDate>
            <destination>01050</destination>
            <!--Optional:-->
            <generatedby>23025</generatedby>
               <!--Optional:-->
               <message xsi:type="core:textMessage" xmlns:xsi="http://www.w3.org/2001/XMLSchema-instance">
               <!--Optional:
                  <id>1111111</id>-->
               <!--Optional:-->
               <status>CREATED</status>
               <!--Optional:-->
               <statusDate>${=new java.text.SimpleDateFormat("yyyy-MM-dd'T'HH:mm:ss.SSS").format(new Date())}</statusDate>
               <!--Optional:
                  <docReference>123</docReference>-->
               <messageTextType>TEXT_COMMUNICATION</messageTextType>
               <messageTextTitle>bla bla</messageTextTitle>
               <messageTextContent>M bla bla bla</messageTextContent>
               </message>
            </notification>
         </v1:request>
      </v1:createNotificationRequest>
   </soapenv:Body>
</soapenv:Envelope>]]></con:request><con:credentials><con:selectedAuthProfile>Basic</con:selectedAuthProfile><con:addedBasicAuthenticationTypes>Basic</con:addedBasicAuthenticationTypes><con:authType>Global HTTP Settings</con:authType></con:credentials><con:jmsConfig JMSDeliveryMode="PERSISTENT"/><con:jmsPropertyConfig/><con:wsaConfig mustUnderstand="NONE" version="200508" action="http://fidus.brussels/service/civilstatusnotificationservice/createNotification"/><con:wsrmConfig version="1.2"/></con:call></con:operation><con:operation id="8f52e98f-6213-40b4-93da-6878a5c0fafe" isOneWay="false" action="http://fidus.brussels/service/civilstatusnotificationservice/getMyMessagesStatus" name="getMyMessagesStatus" bindingOperationName="getMyMessagesStatus" type="Request-Response" inputName="" receivesAttachments="false" sendsAttachments="false" anonymous="optional"><con:settings/><con:call id="8cb58681-8447-4b26-a9b6-12265313f14f" name="1- Local  - Request" outgoingWss="outFlowDEV" incomingWss="inflowDEV"><con:settings><con:setting id="com.eviware.soapui.impl.wsdl.WsdlRequest@request-headers">&lt;xml-fragment/></con:setting></con:settings><con:encoding>UTF-8</con:encoding><con:endpoint>https://localhost:8243/services/CivilStatusNotificationService_v1.0</con:endpoint><con:request><![CDATA[<soapenv:Envelope xmlns:soapenv="http://schemas.xmlsoap.org/soap/envelope/" xmlns:v1="http://fidus.brussels/service/civilstatusnotificationservice/messages/v1" xmlns:v11="http://fidus.brussels/type/common/messages/v1">
   <soapenv:Header/>
   <soapenv:Body>
      <v1:getMyMessagesStatusRequest>
         <v1:messageContext>
            <v11:messageId>${=import static java.util.UUID.randomUUID; uuid = randomUUID() as String}</v11:messageId>
            <v11:timestamp>${=new java.text.SimpleDateFormat("yyyy-MM-dd'T'HH:mm:ss.SSS").format(new Date())}</v11:timestamp>
         </v1:messageContext>
         <v1:legalContext>None</v1:legalContext>
         <v1:language>fr</v1:language>
         <v1:request>
            <!--Optional:-->
            <from>2016-06-18T17:20:14.449</from>
            <!--Optional:-->
            <to>2019-06-18T17:20:14.449</to>
            <!--Optional:-->
            <withClosed>true</withClosed>
            <!--Optional:-->
            <messageId>1273</messageId>
            <notificationId>2667</notificationId>
         </v1:request>
      </v1:getMyMessagesStatusRequest>
   </soapenv:Body>
</soapenv:Envelope>]]></con:request><con:credentials><con:selectedAuthProfile>Basic</con:selectedAuthProfile><con:addedBasicAuthenticationTypes>Basic</con:addedBasicAuthenticationTypes><con:authType>Global HTTP Settings</con:authType></con:credentials><con:jmsConfig JMSDeliveryMode="PERSISTENT"/><con:jmsPropertyConfig/><con:wsaConfig mustUnderstand="NONE" version="200508" action="http://fidus.brussels/service/civilstatusnotificationservice/getMyMessagesStatus"/><con:wsrmConfig version="1.2"/></con:call><con:call id="45f7e7ad-ac04-4fe9-9280-95405531f80a" name="2- DEV  - Request"><con:settings><con:setting id="com.eviware.soapui.impl.wsdl.WsdlRequest@request-headers">&lt;xml-fragment/></con:setting></con:settings><con:encoding>UTF-8</con:encoding><con:endpoint>https://192.168.36.205:8443/services/CivilStatusNotificationService_v1.0</con:endpoint><con:request><![CDATA[<soapenv:Envelope xmlns:soapenv="http://schemas.xmlsoap.org/soap/envelope/" xmlns:v1="http://fidus.brussels/service/civilstatusnotificationservice/messages/v1" xmlns:v11="http://fidus.brussels/type/common/messages/v1">
   <soapenv:Header/>
   <soapenv:Body>
      <v1:getMyMessagesStatusRequest>
         <v1:messageContext>
            <v11:messageId>${=import static java.util.UUID.randomUUID; uuid = randomUUID() as String}</v11:messageId>
            <v11:timestamp>${=new java.text.SimpleDateFormat("yyyy-MM-dd'T'HH:mm:ss.SSS").format(new Date())}</v11:timestamp>
         </v1:messageContext>
         <v1:legalContext>None</v1:legalContext>
         <v1:language>fr</v1:language>
         <v1:request>
            <!--Optional:-->
            <from>2016-06-18T17:20:14.449</from>
            <!--Optional:-->
            <to>2019-06-18T17:20:14.449</to>
            <!--Optional:-->
            <withClosed>true</withClosed>
            <!--Optional:-->
            <messageId>1273</messageId>
            <notificationId>2667</notificationId>
         </v1:request>
      </v1:getMyMessagesStatusRequest>
   </soapenv:Body>
</soapenv:Envelope>]]></con:request><con:credentials><con:selectedAuthProfile>Basic</con:selectedAuthProfile><con:addedBasicAuthenticationTypes>Basic</con:addedBasicAuthenticationTypes><con:authType>Global HTTP Settings</con:authType></con:credentials><con:jmsConfig JMSDeliveryMode="PERSISTENT"/><con:jmsPropertyConfig/><con:wsaConfig mustUnderstand="NONE" version="200508" action="http://fidus.brussels/service/civilstatusnotificationservice/getMyMessagesStatus"/><con:wsrmConfig version="1.2"/></con:call><con:call id="53365f7b-4053-4b48-808a-633f6845a9c0" name="3- TEST - External  - Request"><con:settings><con:setting id="com.eviware.soapui.impl.wsdl.WsdlRequest@request-headers">&lt;xml-fragment/></con:setting></con:settings><con:encoding>UTF-8</con:encoding><con:endpoint>https://fidus-test.irisnetlab.be/services/CivilStatusNotificationService_v1.0</con:endpoint><con:request><![CDATA[<soapenv:Envelope xmlns:soapenv="http://schemas.xmlsoap.org/soap/envelope/" xmlns:v1="http://fidus.brussels/service/civilstatusnotificationservice/messages/v1" xmlns:v11="http://fidus.brussels/type/common/messages/v1">
   <soapenv:Header/>
   <soapenv:Body>
      <v1:getMyMessagesStatusRequest>
         <v1:messageContext>
            <v11:messageId>${=import static java.util.UUID.randomUUID; uuid = randomUUID() as String}</v11:messageId>
            <v11:timestamp>${=new java.text.SimpleDateFormat("yyyy-MM-dd'T'HH:mm:ss.SSS").format(new Date())}</v11:timestamp>
         </v1:messageContext>
         <v1:legalContext>None</v1:legalContext>
         <v1:language>fr</v1:language>
         <v1:request>
            <!--Optional:-->
            <from>2016-06-18T17:20:14.449</from>
            <!--Optional:-->
            <to>2019-06-18T17:20:14.449</to>
            <!--Optional:-->
            <withClosed>true</withClosed>
            <!--Optional:-->
            <messageId>1273</messageId>
            <notificationId>2667</notificationId>
         </v1:request>
      </v1:getMyMessagesStatusRequest>
   </soapenv:Body>
</soapenv:Envelope>]]></con:request><con:credentials><con:selectedAuthProfile>Basic</con:selectedAuthProfile><con:addedBasicAuthenticationTypes>Basic</con:addedBasicAuthenticationTypes><con:authType>Global HTTP Settings</con:authType></con:credentials><con:jmsConfig JMSDeliveryMode="PERSISTENT"/><con:jmsPropertyConfig/><con:wsaConfig mustUnderstand="NONE" version="200508" action="http://fidus.brussels/service/civilstatusnotificationservice/getMyMessagesStatus"/><con:wsrmConfig version="1.2"/></con:call><con:call id="8641fba0-16d0-49c7-bad0-a72231f59629" name="3- TEST - LB  - Request"><con:settings><con:setting id="com.eviware.soapui.impl.wsdl.WsdlRequest@request-headers">&lt;xml-fragment/></con:setting></con:settings><con:encoding>UTF-8</con:encoding><con:endpoint>https://esb-security-gw.sta.srv.cirb.lan:8443/services/CivilStatusNotificationService_v1.0</con:endpoint><con:request><![CDATA[<soapenv:Envelope xmlns:soapenv="http://schemas.xmlsoap.org/soap/envelope/" xmlns:v1="http://fidus.brussels/service/civilstatusnotificationservice/messages/v1" xmlns:v11="http://fidus.brussels/type/common/messages/v1">
   <soapenv:Header/>
   <soapenv:Body>
      <v1:getMyMessagesStatusRequest>
         <v1:messageContext>
            <v11:messageId>${=import static java.util.UUID.randomUUID; uuid = randomUUID() as String}</v11:messageId>
            <v11:timestamp>${=new java.text.SimpleDateFormat("yyyy-MM-dd'T'HH:mm:ss.SSS").format(new Date())}</v11:timestamp>
         </v1:messageContext>
         <v1:legalContext>None</v1:legalContext>
         <v1:language>fr</v1:language>
         <v1:request>
            <!--Optional:-->
            <from>2016-06-18T17:20:14.449</from>
            <!--Optional:-->
            <to>2019-06-18T17:20:14.449</to>
            <!--Optional:-->
            <withClosed>true</withClosed>
            <!--Optional:-->
            <messageId>1273</messageId>
            <notificationId>2667</notificationId>
         </v1:request>
      </v1:getMyMessagesStatusRequest>
   </soapenv:Body>
</soapenv:Envelope>]]></con:request><con:credentials><con:selectedAuthProfile>Basic</con:selectedAuthProfile><con:addedBasicAuthenticationTypes>Basic</con:addedBasicAuthenticationTypes><con:authType>Global HTTP Settings</con:authType></con:credentials><con:jmsConfig JMSDeliveryMode="PERSISTENT"/><con:jmsPropertyConfig/><con:wsaConfig mustUnderstand="NONE" version="200508" action="http://fidus.brussels/service/civilstatusnotificationservice/getMyMessagesStatus"/><con:wsrmConfig version="1.2"/></con:call><con:call id="8f111d15-d8a9-463a-9b69-b86634ba5cc9" name="3- TEST - Worker 1 - Request" outgoingWss="outflowTEST" incomingWss="inflowTEST"><con:settings><con:setting id="com.eviware.soapui.impl.wsdl.WsdlRequest@request-headers">&lt;xml-fragment/></con:setting></con:settings><con:encoding>UTF-8</con:encoding><con:endpoint>https://192.168.24.45:8443/services/CivilStatusNotificationService_v1.0</con:endpoint><con:request><![CDATA[<soapenv:Envelope xmlns:soapenv="http://schemas.xmlsoap.org/soap/envelope/" xmlns:v1="http://fidus.brussels/service/civilstatusnotificationservice/messages/v1" xmlns:v11="http://fidus.brussels/type/common/messages/v1">
   <soapenv:Header/>
   <soapenv:Body>
      <v1:getMyMessagesStatusRequest>
         <v1:messageContext>
            <v11:messageId>${=import static java.util.UUID.randomUUID; uuid = randomUUID() as String}</v11:messageId>
            <v11:timestamp>${=new java.text.SimpleDateFormat("yyyy-MM-dd'T'HH:mm:ss.SSS").format(new Date())}</v11:timestamp>
         </v1:messageContext>
         <v1:legalContext>ServiceIntegrator</v1:legalContext>
         <v1:language>fr</v1:language>
         <v1:request>
            <from>2016-06-18T17:20:14.449</from>
            <to>2019-06-18T17:20:14.449</to>
         </v1:request>
      </v1:getMyMessagesStatusRequest>
   </soapenv:Body>
</soapenv:Envelope>]]></con:request><con:credentials><con:selectedAuthProfile>Basic</con:selectedAuthProfile><con:addedBasicAuthenticationTypes>Basic</con:addedBasicAuthenticationTypes><con:authType>Global HTTP Settings</con:authType></con:credentials><con:jmsConfig JMSDeliveryMode="PERSISTENT"/><con:jmsPropertyConfig/><con:wsaConfig mustUnderstand="NONE" version="200508" action="http://fidus.brussels/service/civilstatusnotificationservice/getMyMessagesStatus"/><con:wsrmConfig version="1.2"/></con:call><con:call id="bef675f1-e0c3-4fb9-b7f4-d91510a2c920" name="3- TEST - Worker 2 - Request"><con:settings><con:setting id="com.eviware.soapui.impl.wsdl.WsdlRequest@request-headers">&lt;xml-fragment/></con:setting></con:settings><con:encoding>UTF-8</con:encoding><con:endpoint>https://192.168.24.51:8443/services/CivilStatusNotificationService_v1.0</con:endpoint><con:request><![CDATA[<soapenv:Envelope xmlns:soapenv="http://schemas.xmlsoap.org/soap/envelope/" xmlns:v1="http://fidus.brussels/service/civilstatusnotificationservice/messages/v1" xmlns:v11="http://fidus.brussels/type/common/messages/v1">
   <soapenv:Header/>
   <soapenv:Body>
      <v1:getMyMessagesStatusRequest>
         <v1:messageContext>
            <v11:messageId>${=import static java.util.UUID.randomUUID; uuid = randomUUID() as String}</v11:messageId>
            <v11:timestamp>${=new java.text.SimpleDateFormat("yyyy-MM-dd'T'HH:mm:ss.SSS").format(new Date())}</v11:timestamp>
         </v1:messageContext>
         <v1:legalContext>None</v1:legalContext>
         <v1:language>fr</v1:language>
         <v1:request>
            <!--Optional:-->
            <from>2016-06-18T17:20:14.449</from>
            <!--Optional:-->
            <to>2019-06-18T17:20:14.449</to>
            <!--Optional:-->
            <withClosed>true</withClosed>
            <!--Optional:-->
            <messageId>1273</messageId>
            <notificationId>2667</notificationId>
         </v1:request>
      </v1:getMyMessagesStatusRequest>
   </soapenv:Body>
</soapenv:Envelope>]]></con:request><con:credentials><con:selectedAuthProfile>Basic</con:selectedAuthProfile><con:addedBasicAuthenticationTypes>Basic</con:addedBasicAuthenticationTypes><con:authType>Global HTTP Settings</con:authType></con:credentials><con:jmsConfig JMSDeliveryMode="PERSISTENT"/><con:jmsPropertyConfig/><con:wsaConfig mustUnderstand="NONE" version="200508" action="http://fidus.brussels/service/civilstatusnotificationservice/getMyMessagesStatus"/><con:wsrmConfig version="1.2"/></con:call><con:call id="4d3f88c2-288c-4cd2-9d15-e000066d2732" name="4- STAGING - External  - Request"><con:settings><con:setting id="com.eviware.soapui.impl.wsdl.WsdlRequest@request-headers">&lt;xml-fragment/></con:setting></con:settings><con:encoding>UTF-8</con:encoding><con:endpoint>https://fidus.irisnetlab.be/services/CivilStatusNotificationService_v1.0</con:endpoint><con:request><![CDATA[<soapenv:Envelope xmlns:soapenv="http://schemas.xmlsoap.org/soap/envelope/" xmlns:v1="http://fidus.brussels/service/civilstatusnotificationservice/messages/v1" xmlns:v11="http://fidus.brussels/type/common/messages/v1">
   <soapenv:Header/>
   <soapenv:Body>
      <v1:getMyMessagesStatusRequest>
         <v1:messageContext>
            <v11:messageId>${=import static java.util.UUID.randomUUID; uuid = randomUUID() as String}</v11:messageId>
            <v11:timestamp>${=new java.text.SimpleDateFormat("yyyy-MM-dd'T'HH:mm:ss.SSS").format(new Date())}</v11:timestamp>
         </v1:messageContext>
         <v1:legalContext>None</v1:legalContext>
         <v1:language>fr</v1:language>
         <v1:request>
            <!--Optional:-->
            <from>2016-06-18T17:20:14.449</from>
            <!--Optional:-->
            <to>2019-06-18T17:20:14.449</to>
            <!--Optional:-->
            <withClosed>true</withClosed>
            <!--Optional:-->
            <messageId>1273</messageId>
            <notificationId>2667</notificationId>
         </v1:request>
      </v1:getMyMessagesStatusRequest>
   </soapenv:Body>
</soapenv:Envelope>]]></con:request><con:credentials><con:selectedAuthProfile>Basic</con:selectedAuthProfile><con:addedBasicAuthenticationTypes>Basic</con:addedBasicAuthenticationTypes><con:authType>Global HTTP Settings</con:authType></con:credentials><con:jmsConfig JMSDeliveryMode="PERSISTENT"/><con:jmsPropertyConfig/><con:wsaConfig mustUnderstand="NONE" version="200508" action="http://fidus.brussels/service/civilstatusnotificationservice/getMyMessagesStatus"/><con:wsrmConfig version="1.2"/></con:call><con:call id="c5661229-8eb9-4b51-89dc-348e57f3042f" name="4- STAGING - LB  - Request"><con:settings><con:setting id="com.eviware.soapui.impl.wsdl.WsdlRequest@request-headers">&lt;xml-fragment/></con:setting></con:settings><con:encoding>UTF-8</con:encoding><con:endpoint>https://fidus-esb-sg.sta.srv.cirb.lan:8443/services/CivilStatusNotificationService_v1.0</con:endpoint><con:request><![CDATA[<soapenv:Envelope xmlns:soapenv="http://schemas.xmlsoap.org/soap/envelope/" xmlns:v1="http://fidus.brussels/service/civilstatusnotificationservice/messages/v1" xmlns:v11="http://fidus.brussels/type/common/messages/v1">
   <soapenv:Header/>
   <soapenv:Body>
      <v1:getMyMessagesStatusRequest>
         <v1:messageContext>
            <v11:messageId>${=import static java.util.UUID.randomUUID; uuid = randomUUID() as String}</v11:messageId>
            <v11:timestamp>${=new java.text.SimpleDateFormat("yyyy-MM-dd'T'HH:mm:ss.SSS").format(new Date())}</v11:timestamp>
         </v1:messageContext>
         <v1:legalContext>None</v1:legalContext>
         <v1:language>fr</v1:language>
         <v1:request>
            <!--Optional:-->
            <from>2016-06-18T17:20:14.449</from>
            <!--Optional:-->
            <to>2019-06-18T17:20:14.449</to>
            <!--Optional:-->
            <withClosed>true</withClosed>
            <!--Optional:-->
            <messageId>1273</messageId>
            <notificationId>2667</notificationId>
         </v1:request>
      </v1:getMyMessagesStatusRequest>
   </soapenv:Body>
</soapenv:Envelope>]]></con:request><con:credentials><con:selectedAuthProfile>Basic</con:selectedAuthProfile><con:addedBasicAuthenticationTypes>Basic</con:addedBasicAuthenticationTypes><con:authType>Global HTTP Settings</con:authType></con:credentials><con:jmsConfig JMSDeliveryMode="PERSISTENT"/><con:jmsPropertyConfig/><con:wsaConfig mustUnderstand="NONE" version="200508" action="http://fidus.brussels/service/civilstatusnotificationservice/getMyMessagesStatus"/><con:wsrmConfig version="1.2"/></con:call><con:call id="53cb4648-35c1-4d8c-970a-30a1d41edcb6" name="4- STAGING - Worker 1  - Request"><con:settings><con:setting id="com.eviware.soapui.impl.wsdl.WsdlRequest@request-headers">&lt;xml-fragment/></con:setting></con:settings><con:encoding>UTF-8</con:encoding><con:endpoint>https://192.168.24.57:8443/services/CivilStatusNotificationService_v1.0</con:endpoint><con:request><![CDATA[<soapenv:Envelope xmlns:soapenv="http://schemas.xmlsoap.org/soap/envelope/" xmlns:v1="http://fidus.brussels/service/civilstatusnotificationservice/messages/v1" xmlns:v11="http://fidus.brussels/type/common/messages/v1">
   <soapenv:Header/>
   <soapenv:Body>
      <v1:getMyMessagesStatusRequest>
         <v1:messageContext>
            <v11:messageId>${=import static java.util.UUID.randomUUID; uuid = randomUUID() as String}</v11:messageId>
            <v11:timestamp>${=new java.text.SimpleDateFormat("yyyy-MM-dd'T'HH:mm:ss.SSS").format(new Date())}</v11:timestamp>
         </v1:messageContext>
         <v1:legalContext>None</v1:legalContext>
         <v1:language>fr</v1:language>
         <v1:request>
            <!--Optional:-->
            <from>2016-06-18T17:20:14.449</from>
            <!--Optional:-->
            <to>2019-06-18T17:20:14.449</to>
            <!--Optional:-->
            <withClosed>true</withClosed>
            <!--Optional:-->
            <messageId>1273</messageId>
            <notificationId>2667</notificationId>
         </v1:request>
      </v1:getMyMessagesStatusRequest>
   </soapenv:Body>
</soapenv:Envelope>]]></con:request><con:credentials><con:selectedAuthProfile>Basic</con:selectedAuthProfile><con:addedBasicAuthenticationTypes>Basic</con:addedBasicAuthenticationTypes><con:authType>Global HTTP Settings</con:authType></con:credentials><con:jmsConfig JMSDeliveryMode="PERSISTENT"/><con:jmsPropertyConfig/><con:wsaConfig mustUnderstand="NONE" version="200508" action="http://fidus.brussels/service/civilstatusnotificationservice/getMyMessagesStatus"/><con:wsrmConfig version="1.2"/></con:call><con:call id="d450b0d7-0eb3-4877-bc13-a2fb4e646255" name="4- STAGING - Worker 2  - Request"><con:settings><con:setting id="com.eviware.soapui.impl.wsdl.WsdlRequest@request-headers">&lt;xml-fragment/></con:setting></con:settings><con:encoding>UTF-8</con:encoding><con:endpoint>https://192.168.24.64:8443/services/CivilStatusNotificationService_v1.0</con:endpoint><con:request><![CDATA[<soapenv:Envelope xmlns:soapenv="http://schemas.xmlsoap.org/soap/envelope/" xmlns:v1="http://fidus.brussels/service/civilstatusnotificationservice/messages/v1" xmlns:v11="http://fidus.brussels/type/common/messages/v1">
   <soapenv:Header/>
   <soapenv:Body>
      <v1:getMyMessagesStatusRequest>
         <v1:messageContext>
            <v11:messageId>${=import static java.util.UUID.randomUUID; uuid = randomUUID() as String}</v11:messageId>
            <v11:timestamp>${=new java.text.SimpleDateFormat("yyyy-MM-dd'T'HH:mm:ss.SSS").format(new Date())}</v11:timestamp>
         </v1:messageContext>
         <v1:legalContext>None</v1:legalContext>
         <v1:language>fr</v1:language>
         <v1:request>
            <!--Optional:-->
            <from>2016-06-18T17:20:14.449</from>
            <!--Optional:-->
            <to>2019-06-18T17:20:14.449</to>
            <!--Optional:-->
            <withClosed>true</withClosed>
            <!--Optional:-->
            <messageId>1273</messageId>
            <notificationId>2667</notificationId>
         </v1:request>
      </v1:getMyMessagesStatusRequest>
   </soapenv:Body>
</soapenv:Envelope>]]></con:request><con:credentials><con:selectedAuthProfile>Basic</con:selectedAuthProfile><con:addedBasicAuthenticationTypes>Basic</con:addedBasicAuthenticationTypes><con:authType>Global HTTP Settings</con:authType></con:credentials><con:jmsConfig JMSDeliveryMode="PERSISTENT"/><con:jmsPropertyConfig/><con:wsaConfig mustUnderstand="NONE" version="200508" action="http://fidus.brussels/service/civilstatusnotificationservice/getMyMessagesStatus"/><con:wsrmConfig version="1.2"/></con:call></con:operation><con:operation id="5f5f46a4-756e-4216-9e36-2f84fb0965c2" isOneWay="false" action="http://fidus.brussels/service/civilstatusnotificationservice/getNotifications" name="getNotifications" bindingOperationName="getNotifications" type="Request-Response" inputName="" receivesAttachments="false" sendsAttachments="false" anonymous="optional"><con:settings/><con:call id="6cd859e2-14f7-4e3b-9e03-8c037ea507cf" name="1- Local  - Request" outgoingWss="outFlowDEV" incomingWss="inflowDEV"><con:settings><con:setting id="com.eviware.soapui.impl.wsdl.WsdlRequest@request-headers">&lt;xml-fragment/></con:setting></con:settings><con:encoding>UTF-8</con:encoding><con:endpoint>https://localhost:8243/services/CivilStatusNotificationService_v1.0</con:endpoint><con:request><![CDATA[<soapenv:Envelope xmlns:soapenv="http://schemas.xmlsoap.org/soap/envelope/" xmlns:v1="http://fidus.brussels/service/civilstatusnotificationservice/messages/v1" xmlns:v11="http://fidus.brussels/type/common/messages/v1">
   <soapenv:Header/>
   <soapenv:Body>
      <v1:getNotificationsRequest>
         <v1:messageContext>
            <v11:messageId>${=import static java.util.UUID.randomUUID; uuid = randomUUID() as String}</v11:messageId>
            <!--Optional:-->
            <v11:timestamp>${=new java.text.SimpleDateFormat("yyyy-MM-dd'T'HH:mm:ss.SSS").format(new Date())}</v11:timestamp>
         </v1:messageContext>
         <v1:legalContext>None</v1:legalContext>
         <v1:language>fr</v1:language>
         <v1:request>
             <!--Optional:-->
            <from>2016-06-18T17:20:14.449</from>
            <!--Optional:-->
            <to>2019-06-18T17:20:14.449</to>
            <!--Optional:-->
            <messageId>1273</messageId>
            <!--Optional:-->
            <notificationId>2667</notificationId>
            <!--Optional:-->
            <niscode>10500</niscode>
         </v1:request>
      </v1:getNotificationsRequest>
   </soapenv:Body>
</soapenv:Envelope>]]></con:request><con:credentials><con:selectedAuthProfile>Basic</con:selectedAuthProfile><con:addedBasicAuthenticationTypes>Basic</con:addedBasicAuthenticationTypes><con:authType>Global HTTP Settings</con:authType></con:credentials><con:jmsConfig JMSDeliveryMode="PERSISTENT"/><con:jmsPropertyConfig/><con:wsaConfig mustUnderstand="NONE" version="200508" action="http://fidus.brussels/service/civilstatusnotificationservice/getNotifications"/><con:wsrmConfig version="1.2"/></con:call><con:call id="8f4f45bb-2736-477d-a17e-e0eade275054" name="2- DEV - Request2" outgoingWss="outFlowDEV" incomingWss="inflowDEV"><con:settings><con:setting id="com.eviware.soapui.impl.wsdl.WsdlRequest@request-headers">&lt;xml-fragment/></con:setting></con:settings><con:encoding>UTF-8</con:encoding><con:endpoint>https://192.168.24.45:8443/services/CivilStatusNotificationService_v1.0</con:endpoint><con:request><![CDATA[<soapenv:Envelope xmlns:soapenv="http://schemas.xmlsoap.org/soap/envelope/" xmlns:v1="http://fidus.brussels/service/civilstatusnotificationservice/messages/v1" xmlns:v11="http://fidus.brussels/type/common/messages/v1">
   <soapenv:Header/>
   <soapenv:Body>
      <v1:getNotificationsRequest>
         <v1:messageContext>
            <v11:messageId>${=import static java.util.UUID.randomUUID; uuid = randomUUID() as String}</v11:messageId>
            <!--Optional:-->
            <v11:timestamp>${=new java.text.SimpleDateFormat("yyyy-MM-dd'T'HH:mm:ss.SSS").format(new Date())}</v11:timestamp>
         </v1:messageContext>
         <v1:legalContext>None</v1:legalContext>
         <v1:language>fr</v1:language>
         <v1:request>
             <!--Optional:-->
            <from>2016-06-18T17:20:14.449</from>
            <!--Optional:-->
            <to>2019-06-18T17:20:14.449</to>
            <!--Optional:-->
            <messageId>1273</messageId>
            <!--Optional:-->
            <notificationId>2667</notificationId>
            <!--Optional:-->
            <niscode>10500</niscode>
         </v1:request>
      </v1:getNotificationsRequest>
   </soapenv:Body>
</soapenv:Envelope>]]></con:request><con:credentials><con:selectedAuthProfile>Basic</con:selectedAuthProfile><con:addedBasicAuthenticationTypes>Basic</con:addedBasicAuthenticationTypes><con:authType>Global HTTP Settings</con:authType></con:credentials><con:jmsConfig JMSDeliveryMode="PERSISTENT"/><con:jmsPropertyConfig/><con:wsaConfig mustUnderstand="NONE" version="200508" action="http://fidus.brussels/service/civilstatusnotificationservice/getNotifications"/><con:wsrmConfig version="1.2"/></con:call><con:call id="fa731cc9-a69f-4e08-a442-0cad85aacda3" name="3 - TEST - External  - Request"><con:settings><con:setting id="com.eviware.soapui.impl.wsdl.WsdlRequest@request-headers">&lt;xml-fragment/></con:setting></con:settings><con:encoding>UTF-8</con:encoding><con:endpoint>https://fidus-test.irisnetlab.be/services/CivilStatusNotificationService_v1.0</con:endpoint><con:request><![CDATA[<soapenv:Envelope xmlns:soapenv="http://schemas.xmlsoap.org/soap/envelope/" xmlns:v1="http://fidus.brussels/service/civilstatusnotificationservice/messages/v1" xmlns:v11="http://fidus.brussels/type/common/messages/v1">
   <soapenv:Header/>
   <soapenv:Body>
      <v1:getNotificationsRequest>
         <v1:messageContext>
            <v11:messageId>${=import static java.util.UUID.randomUUID; uuid = randomUUID() as String}</v11:messageId>
            <!--Optional:-->
            <v11:timestamp>${=new java.text.SimpleDateFormat("yyyy-MM-dd'T'HH:mm:ss.SSS").format(new Date())}</v11:timestamp>
         </v1:messageContext>
         <v1:legalContext>None</v1:legalContext>
         <v1:language>fr</v1:language>
         <v1:request>
             <!--Optional:-->
            <from>2016-06-18T17:20:14.449</from>
            <!--Optional:-->
            <to>2019-06-18T17:20:14.449</to>
            <!--Optional:-->
            <messageId>1273</messageId>
            <!--Optional:-->
            <notificationId>2667</notificationId>
            <!--Optional:-->
            <niscode>10500</niscode>
         </v1:request>
      </v1:getNotificationsRequest>
   </soapenv:Body>
</soapenv:Envelope>]]></con:request><con:credentials><con:selectedAuthProfile>Basic</con:selectedAuthProfile><con:addedBasicAuthenticationTypes>Basic</con:addedBasicAuthenticationTypes><con:authType>Global HTTP Settings</con:authType></con:credentials><con:jmsConfig JMSDeliveryMode="PERSISTENT"/><con:jmsPropertyConfig/><con:wsaConfig mustUnderstand="NONE" version="200508" action="http://fidus.brussels/service/civilstatusnotificationservice/getNotifications"/><con:wsrmConfig version="1.2"/></con:call><con:call id="4ca8f902-79f9-4903-81cc-8e20b4caac72" name="3- TEST - LB  - Request"><con:settings><con:setting id="com.eviware.soapui.impl.wsdl.WsdlRequest@request-headers">&lt;xml-fragment/></con:setting></con:settings><con:encoding>UTF-8</con:encoding><con:endpoint>https://esb-security-gw.sta.srv.cirb.lan:8443/services/CivilStatusNotificationService_v1.0</con:endpoint><con:request><![CDATA[<soapenv:Envelope xmlns:soapenv="http://schemas.xmlsoap.org/soap/envelope/" xmlns:v1="http://fidus.brussels/service/civilstatusnotificationservice/messages/v1" xmlns:v11="http://fidus.brussels/type/common/messages/v1">
   <soapenv:Header/>
   <soapenv:Body>
      <v1:getNotificationsRequest>
         <v1:messageContext>
            <v11:messageId>${=import static java.util.UUID.randomUUID; uuid = randomUUID() as String}</v11:messageId>
            <!--Optional:-->
            <v11:timestamp>${=new java.text.SimpleDateFormat("yyyy-MM-dd'T'HH:mm:ss.SSS").format(new Date())}</v11:timestamp>
         </v1:messageContext>
         <v1:legalContext>None</v1:legalContext>
         <v1:language>fr</v1:language>
         <v1:request>
             <!--Optional:-->
            <from>2016-06-18T17:20:14.449</from>
            <!--Optional:-->
            <to>2019-06-18T17:20:14.449</to>
            <!--Optional:-->
            <messageId>1273</messageId>
            <!--Optional:-->
            <notificationId>2667</notificationId>
            <!--Optional:-->
            <niscode>10500</niscode>
         </v1:request>
      </v1:getNotificationsRequest>
   </soapenv:Body>
</soapenv:Envelope>]]></con:request><con:credentials><con:selectedAuthProfile>Basic</con:selectedAuthProfile><con:addedBasicAuthenticationTypes>Basic</con:addedBasicAuthenticationTypes><con:authType>Global HTTP Settings</con:authType></con:credentials><con:jmsConfig JMSDeliveryMode="PERSISTENT"/><con:jmsPropertyConfig/><con:wsaConfig mustUnderstand="NONE" version="200508" action="http://fidus.brussels/service/civilstatusnotificationservice/getNotifications"/><con:wsrmConfig version="1.2"/></con:call><con:call id="0dfdc68a-a3b4-4aa1-b52f-26f35aa545dd" name="3- TEST - Worker 1  - Request"><con:settings><con:setting id="com.eviware.soapui.impl.wsdl.WsdlRequest@request-headers">&lt;xml-fragment/></con:setting></con:settings><con:encoding>UTF-8</con:encoding><con:endpoint>https://192.168.24.45:8443/services/CivilStatusNotificationService_v1.0</con:endpoint><con:request><![CDATA[<soapenv:Envelope xmlns:soapenv="http://schemas.xmlsoap.org/soap/envelope/" xmlns:v1="http://fidus.brussels/service/civilstatusnotificationservice/messages/v1" xmlns:v11="http://fidus.brussels/type/common/messages/v1">
   <soapenv:Header/>
   <soapenv:Body>
      <v1:getNotificationsRequest>
         <v1:messageContext>
            <v11:messageId>${=import static java.util.UUID.randomUUID; uuid = randomUUID() as String}</v11:messageId>
            <!--Optional:-->
            <v11:timestamp>${=new java.text.SimpleDateFormat("yyyy-MM-dd'T'HH:mm:ss.SSS").format(new Date())}</v11:timestamp>
         </v1:messageContext>
         <v1:legalContext>None</v1:legalContext>
         <v1:language>fr</v1:language>
         <v1:request>
             <!--Optional:-->
            <from>2016-06-18T17:20:14.449</from>
            <!--Optional:-->
            <to>2019-06-18T17:20:14.449</to>
            <!--Optional:-->
            <messageId>1273</messageId>
            <!--Optional:-->
            <notificationId>2667</notificationId>
            <!--Optional:-->
            <niscode>10500</niscode>
         </v1:request>
      </v1:getNotificationsRequest>
   </soapenv:Body>
</soapenv:Envelope>]]></con:request><con:credentials><con:selectedAuthProfile>Basic</con:selectedAuthProfile><con:addedBasicAuthenticationTypes>Basic</con:addedBasicAuthenticationTypes><con:authType>Global HTTP Settings</con:authType></con:credentials><con:jmsConfig JMSDeliveryMode="PERSISTENT"/><con:jmsPropertyConfig/><con:wsaConfig mustUnderstand="NONE" version="200508" action="http://fidus.brussels/service/civilstatusnotificationservice/getNotifications"/><con:wsrmConfig version="1.2"/></con:call><con:call id="c1e6ba34-7b99-48cd-bcd4-a8606fe2f3c2" name="3- TEST - Worker 2  - Request"><con:settings><con:setting id="com.eviware.soapui.impl.wsdl.WsdlRequest@request-headers">&lt;xml-fragment/></con:setting></con:settings><con:encoding>UTF-8</con:encoding><con:endpoint>https://192.168.24.51:8443/services/CivilStatusNotificationService_v1.0</con:endpoint><con:request><![CDATA[<soapenv:Envelope xmlns:soapenv="http://schemas.xmlsoap.org/soap/envelope/" xmlns:v1="http://fidus.brussels/service/civilstatusnotificationservice/messages/v1" xmlns:v11="http://fidus.brussels/type/common/messages/v1">
   <soapenv:Header/>
   <soapenv:Body>
      <v1:getNotificationsRequest>
         <v1:messageContext>
            <v11:messageId>${=import static java.util.UUID.randomUUID; uuid = randomUUID() as String}</v11:messageId>
            <!--Optional:-->
            <v11:timestamp>${=new java.text.SimpleDateFormat("yyyy-MM-dd'T'HH:mm:ss.SSS").format(new Date())}</v11:timestamp>
         </v1:messageContext>
         <v1:legalContext>None</v1:legalContext>
         <v1:language>fr</v1:language>
         <v1:request>
             <!--Optional:-->
            <from>2016-06-18T17:20:14.449</from>
            <!--Optional:-->
            <to>2019-06-18T17:20:14.449</to>
            <!--Optional:-->
            <messageId>1273</messageId>
            <!--Optional:-->
            <notificationId>2667</notificationId>
            <!--Optional:-->
            <niscode>10500</niscode>
         </v1:request>
      </v1:getNotificationsRequest>
   </soapenv:Body>
</soapenv:Envelope>]]></con:request><con:credentials><con:selectedAuthProfile>Basic</con:selectedAuthProfile><con:addedBasicAuthenticationTypes>Basic</con:addedBasicAuthenticationTypes><con:authType>Global HTTP Settings</con:authType></con:credentials><con:jmsConfig JMSDeliveryMode="PERSISTENT"/><con:jmsPropertyConfig/><con:wsaConfig mustUnderstand="NONE" version="200508" action="http://fidus.brussels/service/civilstatusnotificationservice/getNotifications"/><con:wsrmConfig version="1.2"/></con:call><con:call id="efdf3921-440d-4468-ac27-e2b44c7a7513" name="4- STAGING - External  - Request"><con:settings><con:setting id="com.eviware.soapui.impl.wsdl.WsdlRequest@request-headers">&lt;xml-fragment/></con:setting></con:settings><con:encoding>UTF-8</con:encoding><con:endpoint>https://fidus-esb-sg.sta.srv.cirb.lan:8443/services/CivilStatusNotificationService_v1.0</con:endpoint><con:request><![CDATA[<soapenv:Envelope xmlns:soapenv="http://schemas.xmlsoap.org/soap/envelope/" xmlns:v1="http://fidus.brussels/service/civilstatusnotificationservice/messages/v1" xmlns:v11="http://fidus.brussels/type/common/messages/v1">
   <soapenv:Header/>
   <soapenv:Body>
      <v1:getNotificationsRequest>
         <v1:messageContext>
            <v11:messageId>${=import static java.util.UUID.randomUUID; uuid = randomUUID() as String}</v11:messageId>
            <!--Optional:-->
            <v11:timestamp>${=new java.text.SimpleDateFormat("yyyy-MM-dd'T'HH:mm:ss.SSS").format(new Date())}</v11:timestamp>
         </v1:messageContext>
         <v1:legalContext>None</v1:legalContext>
         <v1:language>fr</v1:language>
         <v1:request>
             <!--Optional:-->
            <from>2016-06-18T17:20:14.449</from>
            <!--Optional:-->
            <to>2019-06-18T17:20:14.449</to>
            <!--Optional:-->
            <messageId>1273</messageId>
            <!--Optional:-->
            <notificationId>2667</notificationId>
            <!--Optional:-->
            <niscode>10500</niscode>
         </v1:request>
      </v1:getNotificationsRequest>
   </soapenv:Body>
</soapenv:Envelope>]]></con:request><con:credentials><con:selectedAuthProfile>Basic</con:selectedAuthProfile><con:addedBasicAuthenticationTypes>Basic</con:addedBasicAuthenticationTypes><con:authType>Global HTTP Settings</con:authType></con:credentials><con:jmsConfig JMSDeliveryMode="PERSISTENT"/><con:jmsPropertyConfig/><con:wsaConfig mustUnderstand="NONE" version="200508" action="http://fidus.brussels/service/civilstatusnotificationservice/getNotifications"/><con:wsrmConfig version="1.2"/></con:call><con:call id="e5d7ca9e-231d-4a55-b108-9ea14b9eede4" name="4- STAGING - LB  - Request"><con:settings><con:setting id="com.eviware.soapui.impl.wsdl.WsdlRequest@request-headers">&lt;xml-fragment/></con:setting></con:settings><con:encoding>UTF-8</con:encoding><con:endpoint>https://fidus-esb-sg.sta.srv.cirb.lan:8443/services/CivilStatusNotificationService_v1.0</con:endpoint><con:request><![CDATA[<soapenv:Envelope xmlns:soapenv="http://schemas.xmlsoap.org/soap/envelope/" xmlns:v1="http://fidus.brussels/service/civilstatusnotificationservice/messages/v1" xmlns:v11="http://fidus.brussels/type/common/messages/v1">
   <soapenv:Header/>
   <soapenv:Body>
      <v1:getNotificationsRequest>
         <v1:messageContext>
            <v11:messageId>${=import static java.util.UUID.randomUUID; uuid = randomUUID() as String}</v11:messageId>
            <!--Optional:-->
            <v11:timestamp>${=new java.text.SimpleDateFormat("yyyy-MM-dd'T'HH:mm:ss.SSS").format(new Date())}</v11:timestamp>
         </v1:messageContext>
         <v1:legalContext>None</v1:legalContext>
         <v1:language>fr</v1:language>
         <v1:request>
             <!--Optional:-->
            <from>2016-06-18T17:20:14.449</from>
            <!--Optional:-->
            <to>2019-06-18T17:20:14.449</to>
            <!--Optional:-->
            <messageId>1273</messageId>
            <!--Optional:-->
            <notificationId>2667</notificationId>
            <!--Optional:-->
            <niscode>10500</niscode>
         </v1:request>
      </v1:getNotificationsRequest>
   </soapenv:Body>
</soapenv:Envelope>]]></con:request><con:credentials><con:selectedAuthProfile>Basic</con:selectedAuthProfile><con:addedBasicAuthenticationTypes>Basic</con:addedBasicAuthenticationTypes><con:authType>Global HTTP Settings</con:authType></con:credentials><con:jmsConfig JMSDeliveryMode="PERSISTENT"/><con:jmsPropertyConfig/><con:wsaConfig mustUnderstand="NONE" version="200508" action="http://fidus.brussels/service/civilstatusnotificationservice/getNotifications"/><con:wsrmConfig version="1.2"/></con:call><con:call id="d9a4a287-e8cc-49bd-8b8b-a9c20e5c0cb8" name="4- STAGING - Worker 1  - Request"><con:settings><con:setting id="com.eviware.soapui.impl.wsdl.WsdlRequest@request-headers">&lt;xml-fragment/></con:setting></con:settings><con:encoding>UTF-8</con:encoding><con:endpoint>https://192.168.24.57:8443/services/CivilStatusNotificationService_v1.0</con:endpoint><con:request><![CDATA[<soapenv:Envelope xmlns:soapenv="http://schemas.xmlsoap.org/soap/envelope/" xmlns:v1="http://fidus.brussels/service/civilstatusnotificationservice/messages/v1" xmlns:v11="http://fidus.brussels/type/common/messages/v1">
   <soapenv:Header/>
   <soapenv:Body>
      <v1:getNotificationsRequest>
         <v1:messageContext>
            <v11:messageId>${=import static java.util.UUID.randomUUID; uuid = randomUUID() as String}</v11:messageId>
            <!--Optional:-->
            <v11:timestamp>${=new java.text.SimpleDateFormat("yyyy-MM-dd'T'HH:mm:ss.SSS").format(new Date())}</v11:timestamp>
         </v1:messageContext>
         <v1:legalContext>None</v1:legalContext>
         <v1:language>fr</v1:language>
         <v1:request>
             <!--Optional:-->
            <from>2016-06-18T17:20:14.449</from>
            <!--Optional:-->
            <to>2019-06-18T17:20:14.449</to>
            <!--Optional:-->
            <messageId>1273</messageId>
            <!--Optional:-->
            <notificationId>2667</notificationId>
            <!--Optional:-->
            <niscode>10500</niscode>
         </v1:request>
      </v1:getNotificationsRequest>
   </soapenv:Body>
</soapenv:Envelope>]]></con:request><con:credentials><con:selectedAuthProfile>Basic</con:selectedAuthProfile><con:addedBasicAuthenticationTypes>Basic</con:addedBasicAuthenticationTypes><con:authType>Global HTTP Settings</con:authType></con:credentials><con:jmsConfig JMSDeliveryMode="PERSISTENT"/><con:jmsPropertyConfig/><con:wsaConfig mustUnderstand="NONE" version="200508" action="http://fidus.brussels/service/civilstatusnotificationservice/getNotifications"/><con:wsrmConfig version="1.2"/></con:call><con:call id="339be1f9-4b5d-4d41-a124-179c957beced" name="4- STAGING - Worker 2  - Request"><con:settings><con:setting id="com.eviware.soapui.impl.wsdl.WsdlRequest@request-headers">&lt;xml-fragment/></con:setting></con:settings><con:encoding>UTF-8</con:encoding><con:endpoint>https://192.168.24.64:8443/services/CivilStatusNotificationService_v1.0</con:endpoint><con:request><![CDATA[<soapenv:Envelope xmlns:soapenv="http://schemas.xmlsoap.org/soap/envelope/" xmlns:v1="http://fidus.brussels/service/civilstatusnotificationservice/messages/v1" xmlns:v11="http://fidus.brussels/type/common/messages/v1">
   <soapenv:Header/>
   <soapenv:Body>
      <v1:getNotificationsRequest>
         <v1:messageContext>
            <v11:messageId>${=import static java.util.UUID.randomUUID; uuid = randomUUID() as String}</v11:messageId>
            <!--Optional:-->
            <v11:timestamp>${=new java.text.SimpleDateFormat("yyyy-MM-dd'T'HH:mm:ss.SSS").format(new Date())}</v11:timestamp>
         </v1:messageContext>
         <v1:legalContext>None</v1:legalContext>
         <v1:language>fr</v1:language>
         <v1:request>
             <!--Optional:-->
            <from>2016-06-18T17:20:14.449</from>
            <!--Optional:-->
            <to>2019-06-18T17:20:14.449</to>
            <!--Optional:-->
            <messageId>1273</messageId>
            <!--Optional:-->
            <notificationId>2667</notificationId>
            <!--Optional:-->
            <niscode>10500</niscode>
         </v1:request>
      </v1:getNotificationsRequest>
   </soapenv:Body>
</soapenv:Envelope>]]></con:request><con:credentials><con:selectedAuthProfile>Basic</con:selectedAuthProfile><con:addedBasicAuthenticationTypes>Basic</con:addedBasicAuthenticationTypes><con:authType>Global HTTP Settings</con:authType></con:credentials><con:jmsConfig JMSDeliveryMode="PERSISTENT"/><con:jmsPropertyConfig/><con:wsaConfig mustUnderstand="NONE" version="200508" action="http://fidus.brussels/service/civilstatusnotificationservice/getNotifications"/><con:wsrmConfig version="1.2"/></con:call></con:operation><con:operation id="2c06c10e-0a8d-412b-a44c-af5f91c547cf" isOneWay="false" action="http://fidus.brussels/service/civilstatusnotificationservice/modifyMessageStatus" name="modifyMessageStatus" bindingOperationName="modifyMessageStatus" type="Request-Response" inputName="" receivesAttachments="false" sendsAttachments="false" anonymous="optional"><con:settings/><con:call id="0b7ad953-3adc-488a-bd25-39cde5a53709" name="1- Local  - Request" outgoingWss="outFlowDEV" incomingWss="inflowDEV"><con:settings><con:setting id="com.eviware.soapui.impl.wsdl.WsdlRequest@request-headers">&lt;xml-fragment/></con:setting></con:settings><con:encoding>UTF-8</con:encoding><con:endpoint>https://localhost:8243/services/CivilStatusNotificationService_v1.0</con:endpoint><con:request><![CDATA[<soapenv:Envelope xmlns:soapenv="http://schemas.xmlsoap.org/soap/envelope/" xmlns:v1="http://fidus.brussels/service/civilstatusnotificationservice/messages/v1" xmlns:v11="http://fidus.brussels/type/common/messages/v1">
   <soapenv:Header/>
   <soapenv:Body>
      <v1:modifyMessageStatusRequest>
            <v1:messageContext>
            <v11:messageId>${=import static java.util.UUID.randomUUID; uuid = randomUUID() as String}</v11:messageId>
            <v11:timestamp>${=new java.text.SimpleDateFormat("yyyy-MM-dd'T'HH:mm:ss.SSS").format(new Date())}</v11:timestamp>
         </v1:messageContext>
          <v1:legalContext>None</v1:legalContext>
          <v1:language>fr</v1:language>
         <v1:request>
            <!--Optional:-->
            <notificationId>123</notificationId>
            <!--Optional:-->
            <status>CREATED</status>
         </v1:request>
      </v1:modifyMessageStatusRequest>
   </soapenv:Body>
</soapenv:Envelope>]]></con:request><con:credentials><con:selectedAuthProfile>Basic</con:selectedAuthProfile><con:addedBasicAuthenticationTypes>Basic</con:addedBasicAuthenticationTypes><con:authType>Global HTTP Settings</con:authType></con:credentials><con:jmsConfig JMSDeliveryMode="PERSISTENT"/><con:jmsPropertyConfig/><con:wsaConfig mustUnderstand="NONE" version="200508" action="http://fidus.brussels/service/civilstatusnotificationservice/modifyMessageStatus"/><con:wsrmConfig version="1.2"/></con:call><con:call id="b0b5a625-83d5-48d1-8f34-e512f9ea7c5e" name="2- DEV  - Request"><con:settings><con:setting id="com.eviware.soapui.impl.wsdl.WsdlRequest@request-headers">&lt;xml-fragment/></con:setting></con:settings><con:encoding>UTF-8</con:encoding><con:endpoint>https://192.168.36.205:8443/services/CivilStatusNotificationService_v1.0</con:endpoint><con:request><![CDATA[<soapenv:Envelope xmlns:soapenv="http://schemas.xmlsoap.org/soap/envelope/" xmlns:v1="http://fidus.brussels/service/civilstatusnotificationservice/messages/v1" xmlns:v11="http://fidus.brussels/type/common/messages/v1">
   <soapenv:Header/>
   <soapenv:Body>
      <v1:modifyMessageStatusRequest>
            <v1:messageContext>
            <v11:messageId>${=import static java.util.UUID.randomUUID; uuid = randomUUID() as String}</v11:messageId>
            <v11:timestamp>${=new java.text.SimpleDateFormat("yyyy-MM-dd'T'HH:mm:ss.SSS").format(new Date())}</v11:timestamp>
         </v1:messageContext>
          <v1:legalContext>None</v1:legalContext>
          <v1:language>fr</v1:language>
         <v1:request>
            <!--Optional:-->
            <notificationId>123</notificationId>
            <!--Optional:-->
            <status>CREATED</status>
         </v1:request>
      </v1:modifyMessageStatusRequest>
   </soapenv:Body>
</soapenv:Envelope>]]></con:request><con:credentials><con:selectedAuthProfile>Basic</con:selectedAuthProfile><con:addedBasicAuthenticationTypes>Basic</con:addedBasicAuthenticationTypes><con:authType>Global HTTP Settings</con:authType></con:credentials><con:jmsConfig JMSDeliveryMode="PERSISTENT"/><con:jmsPropertyConfig/><con:wsaConfig mustUnderstand="NONE" version="200508" action="http://fidus.brussels/service/civilstatusnotificationservice/modifyMessageStatus"/><con:wsrmConfig version="1.2"/></con:call><con:call id="f567ba2f-8531-4eb2-8b1c-7f6b13020e68" name="3- TEST - External  - Request"><con:settings><con:setting id="com.eviware.soapui.impl.wsdl.WsdlRequest@request-headers">&lt;xml-fragment/></con:setting></con:settings><con:encoding>UTF-8</con:encoding><con:endpoint>https://esb-security-gw.sta.srv.cirb.lan:8443/services/CivilStatusNotificationService_v1.0</con:endpoint><con:request><![CDATA[<soapenv:Envelope xmlns:soapenv="http://schemas.xmlsoap.org/soap/envelope/" xmlns:v1="http://fidus.brussels/service/civilstatusnotificationservice/messages/v1" xmlns:v11="http://fidus.brussels/type/common/messages/v1">
   <soapenv:Header/>
   <soapenv:Body>
      <v1:modifyMessageStatusRequest>
            <v1:messageContext>
            <v11:messageId>${=import static java.util.UUID.randomUUID; uuid = randomUUID() as String}</v11:messageId>
            <v11:timestamp>${=new java.text.SimpleDateFormat("yyyy-MM-dd'T'HH:mm:ss.SSS").format(new Date())}</v11:timestamp>
         </v1:messageContext>
          <v1:legalContext>None</v1:legalContext>
          <v1:language>fr</v1:language>
         <v1:request>
            <!--Optional:-->
            <notificationId>123</notificationId>
            <!--Optional:-->
            <status>CREATED</status>
         </v1:request>
      </v1:modifyMessageStatusRequest>
   </soapenv:Body>
</soapenv:Envelope>]]></con:request><con:credentials><con:selectedAuthProfile>Basic</con:selectedAuthProfile><con:addedBasicAuthenticationTypes>Basic</con:addedBasicAuthenticationTypes><con:authType>Global HTTP Settings</con:authType></con:credentials><con:jmsConfig JMSDeliveryMode="PERSISTENT"/><con:jmsPropertyConfig/><con:wsaConfig mustUnderstand="NONE" version="200508" action="http://fidus.brussels/service/civilstatusnotificationservice/modifyMessageStatus"/><con:wsrmConfig version="1.2"/></con:call><con:call id="9da98128-7852-4cfd-8eeb-9d3e7f965afc" name="3- TEST - LB  - Request"><con:settings><con:setting id="com.eviware.soapui.impl.wsdl.WsdlRequest@request-headers">&lt;xml-fragment/></con:setting></con:settings><con:encoding>UTF-8</con:encoding><con:endpoint>https://esb-security-gw.sta.srv.cirb.lan:8443/services/CivilStatusNotificationService_v1.0</con:endpoint><con:request><![CDATA[<soapenv:Envelope xmlns:soapenv="http://schemas.xmlsoap.org/soap/envelope/" xmlns:v1="http://fidus.brussels/service/civilstatusnotificationservice/messages/v1" xmlns:v11="http://fidus.brussels/type/common/messages/v1">
   <soapenv:Header/>
   <soapenv:Body>
      <v1:modifyMessageStatusRequest>
            <v1:messageContext>
            <v11:messageId>${=import static java.util.UUID.randomUUID; uuid = randomUUID() as String}</v11:messageId>
            <v11:timestamp>${=new java.text.SimpleDateFormat("yyyy-MM-dd'T'HH:mm:ss.SSS").format(new Date())}</v11:timestamp>
         </v1:messageContext>
          <v1:legalContext>None</v1:legalContext>
          <v1:language>fr</v1:language>
         <v1:request>
            <!--Optional:-->
            <notificationId>123</notificationId>
            <!--Optional:-->
            <status>CREATED</status>
         </v1:request>
      </v1:modifyMessageStatusRequest>
   </soapenv:Body>
</soapenv:Envelope>]]></con:request><con:credentials><con:selectedAuthProfile>Basic</con:selectedAuthProfile><con:addedBasicAuthenticationTypes>Basic</con:addedBasicAuthenticationTypes><con:authType>Global HTTP Settings</con:authType></con:credentials><con:jmsConfig JMSDeliveryMode="PERSISTENT"/><con:jmsPropertyConfig/><con:wsaConfig mustUnderstand="NONE" version="200508" action="http://fidus.brussels/service/civilstatusnotificationservice/modifyMessageStatus"/><con:wsrmConfig version="1.2"/></con:call><con:call id="d8898cf1-00c0-48dc-96f5-979489afa613" name="3- TEST - Worker 1  - Request"><con:settings><con:setting id="com.eviware.soapui.impl.wsdl.WsdlRequest@request-headers">&lt;xml-fragment/></con:setting></con:settings><con:encoding>UTF-8</con:encoding><con:endpoint>https://192.168.24.45:8443/services/CivilStatusNotificationService_v1.0</con:endpoint><con:request><![CDATA[<soapenv:Envelope xmlns:soapenv="http://schemas.xmlsoap.org/soap/envelope/" xmlns:v1="http://fidus.brussels/service/civilstatusnotificationservice/messages/v1" xmlns:v11="http://fidus.brussels/type/common/messages/v1">
   <soapenv:Header/>
   <soapenv:Body>
      <v1:modifyMessageStatusRequest>
            <v1:messageContext>
            <v11:messageId>${=import static java.util.UUID.randomUUID; uuid = randomUUID() as String}</v11:messageId>
            <v11:timestamp>${=new java.text.SimpleDateFormat("yyyy-MM-dd'T'HH:mm:ss.SSS").format(new Date())}</v11:timestamp>
         </v1:messageContext>
          <v1:legalContext>None</v1:legalContext>
          <v1:language>fr</v1:language>
         <v1:request>
            <!--Optional:-->
            <notificationId>123</notificationId>
            <!--Optional:-->
            <status>CREATED</status>
         </v1:request>
      </v1:modifyMessageStatusRequest>
   </soapenv:Body>
</soapenv:Envelope>]]></con:request><con:credentials><con:selectedAuthProfile>Basic</con:selectedAuthProfile><con:addedBasicAuthenticationTypes>Basic</con:addedBasicAuthenticationTypes><con:authType>Global HTTP Settings</con:authType></con:credentials><con:jmsConfig JMSDeliveryMode="PERSISTENT"/><con:jmsPropertyConfig/><con:wsaConfig mustUnderstand="NONE" version="200508" action="http://fidus.brussels/service/civilstatusnotificationservice/modifyMessageStatus"/><con:wsrmConfig version="1.2"/></con:call><con:call id="4cc0afc2-32d2-4a5d-a0e1-340c36f9f5f8" name="3- TEST - Worker 2  - Request"><con:settings><con:setting id="com.eviware.soapui.impl.wsdl.WsdlRequest@request-headers">&lt;xml-fragment/></con:setting></con:settings><con:encoding>UTF-8</con:encoding><con:endpoint>https://192.168.24.51:8443/services/CivilStatusNotificationService_v1.0</con:endpoint><con:request><![CDATA[<soapenv:Envelope xmlns:soapenv="http://schemas.xmlsoap.org/soap/envelope/" xmlns:v1="http://fidus.brussels/service/civilstatusnotificationservice/messages/v1" xmlns:v11="http://fidus.brussels/type/common/messages/v1">
   <soapenv:Header/>
   <soapenv:Body>
      <v1:modifyMessageStatusRequest>
            <v1:messageContext>
            <v11:messageId>${=import static java.util.UUID.randomUUID; uuid = randomUUID() as String}</v11:messageId>
            <v11:timestamp>${=new java.text.SimpleDateFormat("yyyy-MM-dd'T'HH:mm:ss.SSS").format(new Date())}</v11:timestamp>
         </v1:messageContext>
          <v1:legalContext>None</v1:legalContext>
          <v1:language>fr</v1:language>
         <v1:request>
            <!--Optional:-->
            <notificationId>123</notificationId>
            <!--Optional:-->
            <status>CREATED</status>
         </v1:request>
      </v1:modifyMessageStatusRequest>
   </soapenv:Body>
</soapenv:Envelope>]]></con:request><con:credentials><con:selectedAuthProfile>Basic</con:selectedAuthProfile><con:addedBasicAuthenticationTypes>Basic</con:addedBasicAuthenticationTypes><con:authType>Global HTTP Settings</con:authType></con:credentials><con:jmsConfig JMSDeliveryMode="PERSISTENT"/><con:jmsPropertyConfig/><con:wsaConfig mustUnderstand="NONE" version="200508" action="http://fidus.brussels/service/civilstatusnotificationservice/modifyMessageStatus"/><con:wsrmConfig version="1.2"/></con:call><con:call id="13a51c02-e778-417e-9aa3-28088f14f84c" name="4- STAGING - External  - Request"><con:settings><con:setting id="com.eviware.soapui.impl.wsdl.WsdlRequest@request-headers">&lt;xml-fragment/></con:setting></con:settings><con:encoding>UTF-8</con:encoding><con:endpoint>https://fidus.irisnetlab.be/services/CivilStatusNotificationService_v1.0</con:endpoint><con:request><![CDATA[<soapenv:Envelope xmlns:soapenv="http://schemas.xmlsoap.org/soap/envelope/" xmlns:v1="http://fidus.brussels/service/civilstatusnotificationservice/messages/v1" xmlns:v11="http://fidus.brussels/type/common/messages/v1">
   <soapenv:Header/>
   <soapenv:Body>
      <v1:modifyMessageStatusRequest>
            <v1:messageContext>
            <v11:messageId>${=import static java.util.UUID.randomUUID; uuid = randomUUID() as String}</v11:messageId>
            <v11:timestamp>${=new java.text.SimpleDateFormat("yyyy-MM-dd'T'HH:mm:ss.SSS").format(new Date())}</v11:timestamp>
         </v1:messageContext>
          <v1:legalContext>None</v1:legalContext>
          <v1:language>fr</v1:language>
         <v1:request>
            <!--Optional:-->
            <notificationId>123</notificationId>
            <!--Optional:-->
            <status>CREATED</status>
         </v1:request>
      </v1:modifyMessageStatusRequest>
   </soapenv:Body>
</soapenv:Envelope>]]></con:request><con:credentials><con:selectedAuthProfile>Basic</con:selectedAuthProfile><con:addedBasicAuthenticationTypes>Basic</con:addedBasicAuthenticationTypes><con:authType>Global HTTP Settings</con:authType></con:credentials><con:jmsConfig JMSDeliveryMode="PERSISTENT"/><con:jmsPropertyConfig/><con:wsaConfig mustUnderstand="NONE" version="200508" action="http://fidus.brussels/service/civilstatusnotificationservice/modifyMessageStatus"/><con:wsrmConfig version="1.2"/></con:call><con:call id="3c89e458-9f81-498e-9d69-3e35149c348b" name="4- STAGING - LB  - Request"><con:settings><con:setting id="com.eviware.soapui.impl.wsdl.WsdlRequest@request-headers">&lt;xml-fragment/></con:setting></con:settings><con:encoding>UTF-8</con:encoding><con:endpoint>https://fidus-esb-sg.sta.srv.cirb.lan:8443/services/CivilStatusNotificationService_v1.0</con:endpoint><con:request><![CDATA[<soapenv:Envelope xmlns:soapenv="http://schemas.xmlsoap.org/soap/envelope/" xmlns:v1="http://fidus.brussels/service/civilstatusnotificationservice/messages/v1" xmlns:v11="http://fidus.brussels/type/common/messages/v1">
   <soapenv:Header/>
   <soapenv:Body>
      <v1:modifyMessageStatusRequest>
            <v1:messageContext>
            <v11:messageId>${=import static java.util.UUID.randomUUID; uuid = randomUUID() as String}</v11:messageId>
            <v11:timestamp>${=new java.text.SimpleDateFormat("yyyy-MM-dd'T'HH:mm:ss.SSS").format(new Date())}</v11:timestamp>
         </v1:messageContext>
          <v1:legalContext>None</v1:legalContext>
          <v1:language>fr</v1:language>
         <v1:request>
            <!--Optional:-->
            <notificationId>123</notificationId>
            <!--Optional:-->
            <status>CREATED</status>
         </v1:request>
      </v1:modifyMessageStatusRequest>
   </soapenv:Body>
</soapenv:Envelope>]]></con:request><con:credentials><con:selectedAuthProfile>Basic</con:selectedAuthProfile><con:addedBasicAuthenticationTypes>Basic</con:addedBasicAuthenticationTypes><con:authType>Global HTTP Settings</con:authType></con:credentials><con:jmsConfig JMSDeliveryMode="PERSISTENT"/><con:jmsPropertyConfig/><con:wsaConfig mustUnderstand="NONE" version="200508" action="http://fidus.brussels/service/civilstatusnotificationservice/modifyMessageStatus"/><con:wsrmConfig version="1.2"/></con:call><con:call id="8532b9d9-746d-4dfe-864f-448e4c2a533a" name="4- STAGING - Worker 1  - Request"><con:settings><con:setting id="com.eviware.soapui.impl.wsdl.WsdlRequest@request-headers">&lt;xml-fragment/></con:setting></con:settings><con:encoding>UTF-8</con:encoding><con:endpoint>https://192.168.24.51:8443/services/CivilStatusNotificationService_v1.0</con:endpoint><con:request><![CDATA[<soapenv:Envelope xmlns:soapenv="http://schemas.xmlsoap.org/soap/envelope/" xmlns:v1="http://fidus.brussels/service/civilstatusnotificationservice/messages/v1" xmlns:v11="http://fidus.brussels/type/common/messages/v1">
   <soapenv:Header/>
   <soapenv:Body>
      <v1:modifyMessageStatusRequest>
            <v1:messageContext>
            <v11:messageId>${=import static java.util.UUID.randomUUID; uuid = randomUUID() as String}</v11:messageId>
            <v11:timestamp>${=new java.text.SimpleDateFormat("yyyy-MM-dd'T'HH:mm:ss.SSS").format(new Date())}</v11:timestamp>
         </v1:messageContext>
          <v1:legalContext>None</v1:legalContext>
          <v1:language>fr</v1:language>
         <v1:request>
            <!--Optional:-->
            <notificationId>123</notificationId>
            <!--Optional:-->
            <status>CREATED</status>
         </v1:request>
      </v1:modifyMessageStatusRequest>
   </soapenv:Body>
</soapenv:Envelope>]]></con:request><con:credentials><con:selectedAuthProfile>Basic</con:selectedAuthProfile><con:addedBasicAuthenticationTypes>Basic</con:addedBasicAuthenticationTypes><con:authType>Global HTTP Settings</con:authType></con:credentials><con:jmsConfig JMSDeliveryMode="PERSISTENT"/><con:jmsPropertyConfig/><con:wsaConfig mustUnderstand="NONE" version="200508" action="http://fidus.brussels/service/civilstatusnotificationservice/modifyMessageStatus"/><con:wsrmConfig version="1.2"/></con:call><con:call id="3064a1f7-5334-465f-a9cb-805fa7d6f5d3" name="4- STAGING - Worker 2  - Request"><con:settings><con:setting id="com.eviware.soapui.impl.wsdl.WsdlRequest@request-headers">&lt;xml-fragment/></con:setting></con:settings><con:encoding>UTF-8</con:encoding><con:endpoint>https://192.168.24.64:8443/services/CivilStatusNotificationService_v1.0</con:endpoint><con:request><![CDATA[<soapenv:Envelope xmlns:soapenv="http://schemas.xmlsoap.org/soap/envelope/" xmlns:v1="http://fidus.brussels/service/civilstatusnotificationservice/messages/v1" xmlns:v11="http://fidus.brussels/type/common/messages/v1">
   <soapenv:Header/>
   <soapenv:Body>
      <v1:modifyMessageStatusRequest>
            <v1:messageContext>
            <v11:messageId>${=import static java.util.UUID.randomUUID; uuid = randomUUID() as String}</v11:messageId>
            <v11:timestamp>${=new java.text.SimpleDateFormat("yyyy-MM-dd'T'HH:mm:ss.SSS").format(new Date())}</v11:timestamp>
         </v1:messageContext>
          <v1:legalContext>None</v1:legalContext>
          <v1:language>fr</v1:language>
         <v1:request>
            <!--Optional:-->
            <notificationId>123</notificationId>
            <!--Optional:-->
            <status>CREATED</status>
         </v1:request>
      </v1:modifyMessageStatusRequest>
   </soapenv:Body>
</soapenv:Envelope>]]></con:request><con:credentials><con:selectedAuthProfile>Basic</con:selectedAuthProfile><con:addedBasicAuthenticationTypes>Basic</con:addedBasicAuthenticationTypes><con:authType>Global HTTP Settings</con:authType></con:credentials><con:jmsConfig JMSDeliveryMode="PERSISTENT"/><con:jmsPropertyConfig/><con:wsaConfig mustUnderstand="NONE" version="200508" action="http://fidus.brussels/service/civilstatusnotificationservice/modifyMessageStatus"/><con:wsrmConfig version="1.2"/></con:call></con:operation></con:interface><con:testSuite id="875f0744-de5e-4198-ab33-2b37fcdedebc" name="DEV"><con:settings/><con:runType>SEQUENTIAL</con:runType><con:testCase id="f1f1e181-61fd-4aff-92d4-0bbb6bdcba4b" failOnError="true" failTestCaseOnErrors="true" keepSession="false" maxResults="0" name="createNotification" searchProperties="true"><con:settings/><con:testStep type="request" id="8e29457f-1d5b-440a-8d8d-86b04988eb1f" name="testcase2- DEV  - Request"><con:settings/><con:config xsi:type="con:RequestStep" xmlns:xsi="http://www.w3.org/2001/XMLSchema-instance"><con:interface>CivilStatusNotificationService_v1.0Soap11Binding</con:interface><con:operation>createNotification</con:operation><con:request name="testcase2- DEV  - Request" id="8144e460-7bf7-4a1b-b534-8f63b6077092" outgoingWss="Outflow DEV"><con:settings/><con:encoding>UTF-8</con:encoding><con:endpoint>https://192.168.36.205:8443/services/CivilStatusNotificationService_v1.0</con:endpoint><con:request><![CDATA[<soapenv:Envelope xmlns:soapenv="http://schemas.xmlsoap.org/soap/envelope/" xmlns:core="http://www.fgov.be/dabs/core" xmlns:v1="http://fidus.brussels/service/civilstatusnotificationservice/messages/v1" xmlns:v11="http://fidus.brussels/type/common/messages/v1">
   <soapenv:Header/>
   <soapenv:Body>
      <v1:createNotificationRequest>
         <v1:messageContext>
            <v11:messageId>${=import static java.util.UUID.randomUUID; uuid = randomUUID() as String}</v11:messageId>
            <v11:timestamp>${=new java.text.SimpleDateFormat("yyyy-MM-dd'T'HH:mm:ss.SSS").format(new Date())}</v11:timestamp>
         </v1:messageContext>
         <v1:legalContext>ServiceIntegrator</v1:legalContext>
         <v1:language>fr</v1:language>
         <v1:request>
            <notification>
               <!--Optional:-->
               <id>2662</id>
            <!--Optional:-->
            <creationDate>${=new java.text.SimpleDateFormat("yyyy-MM-dd'T'HH:mm:ss.SSS").format(new Date())}</creationDate>
            <destination>01050</destination>
            <!--Optional:-->
            <generatedby>23025</generatedby>
               <!--Optional:-->
               <message xsi:type="core:textMessage" xmlns:xsi="http://www.w3.org/2001/XMLSchema-instance">
               <!--Optional:
                  <id>1111111</id>-->
               <!--Optional:-->
               <status>CREATED</status>
               <!--Optional:-->
               <statusDate>${=new java.text.SimpleDateFormat("yyyy-MM-dd'T'HH:mm:ss.SSS").format(new Date())}</statusDate>
               <!--Optional:
                  <docReference>123</docReference>-->
               <messageTextType>TEXT_COMMUNICATION</messageTextType>
               <messageTextTitle>bla bla</messageTextTitle>
               <messageTextContent>M bla bla bla</messageTextContent>
               </message>
            </notification>
         </v1:request>
      </v1:createNotificationRequest>
   </soapenv:Body>
</soapenv:Envelope>]]></con:request><con:assertion type="SOAP Fault Assertion" id="fcb5a970-2263-4a82-b0cc-c5ae78e62e30" name="Not SOAP Fault"/><con:assertion type="SOAP Response" id="34103c43-b8e1-4600-8cfa-73abaf6d64cb" name="SOAP Response"/><con:assertion type="Schema Compliance" id="eefab762-198d-4941-af9c-800ea4bf6de7" name="Schema Compliance"><con:configuration/></con:assertion><con:wsaConfig action="http://fidus.brussels/service/civilstatusnotificationservice/createNotification"/></con:request></con:config></con:testStep><con:properties/></con:testCase><con:testCase id="0d8ebb89-47b7-4e4e-b2de-2a6af3aa30a8" failOnError="true" failTestCaseOnErrors="true" keepSession="false" maxResults="0" name="getMyMessagesStatus" searchProperties="true"><con:settings/><con:testStep type="request" id="f92abbeb-7b9e-4d8c-b90c-44ec2f161596" name="testcase2- DEV  - Request"><con:settings/><con:config xsi:type="con:RequestStep" xmlns:xsi="http://www.w3.org/2001/XMLSchema-instance"><con:interface>CivilStatusNotificationService_v1.0Soap11Binding</con:interface><con:operation>getMyMessagesStatus</con:operation><con:request name="testcase2- DEV  - Request" id="1f08dce5-cbca-4dce-89d3-3d71d837d3b6" outgoingWss="Outflow DEV"><con:settings/><con:encoding>UTF-8</con:encoding><con:endpoint>https://192.168.36.205:8443/services/CivilStatusNotificationService_v1.0</con:endpoint><con:request><![CDATA[<soapenv:Envelope xmlns:soapenv="http://schemas.xmlsoap.org/soap/envelope/" xmlns:v1="http://fidus.brussels/service/civilstatusnotificationservice/messages/v1" xmlns:v11="http://fidus.brussels/type/common/messages/v1">
   <soapenv:Header/>
   <soapenv:Body>
      <v1:getMyMessagesStatusRequest>
         <v1:messageContext>
            <v11:messageId>${=import static java.util.UUID.randomUUID; uuid = randomUUID() as String}</v11:messageId>
            <v11:timestamp>${=new java.text.SimpleDateFormat("yyyy-MM-dd'T'HH:mm:ss.SSS").format(new Date())}</v11:timestamp>
         </v1:messageContext>
         <v1:legalContext>None</v1:legalContext>
         <v1:language>fr</v1:language>
         <v1:request>
            <!--Optional:-->
            <from>2016-06-18T17:20:14.449</from>
            <!--Optional:-->
            <to>2019-06-18T17:20:14.449</to>
            <!--Optional:-->
            <withClosed>true</withClosed>
            <!--Optional:-->
            <messageId>1273</messageId>
            <notificationId>2667</notificationId>
         </v1:request>
      </v1:getMyMessagesStatusRequest>
   </soapenv:Body>
</soapenv:Envelope>]]></con:request><con:assertion type="SOAP Fault Assertion" id="31400229-91fa-468d-97d9-f52c65f33b82" name="Not SOAP Fault"/><con:assertion type="SOAP Response" id="1b372a4e-1c94-444a-8b92-4129e4f948db" name="SOAP Response"/><con:assertion type="Schema Compliance" id="31f1eefb-3f36-4d23-85bd-07ce06dd9820" name="Schema Compliance"><con:configuration/></con:assertion><con:wsaConfig action="http://fidus.brussels/service/civilstatusnotificationservice/getMyMessagesStatus"/></con:request></con:config></con:testStep><con:properties/></con:testCase><con:testCase id="44a379e3-2c43-4159-a680-f9f6117a08c6" failOnError="true" failTestCaseOnErrors="true" keepSession="false" maxResults="0" name="getNotifications" searchProperties="true"><con:settings/><con:testStep type="request" id="e3a06f02-6d26-4e45-a94f-e624c089c926" name="testcase2- DEV - Request2"><con:settings/><con:config xsi:type="con:RequestStep" xmlns:xsi="http://www.w3.org/2001/XMLSchema-instance"><con:interface>CivilStatusNotificationService_v1.0Soap11Binding</con:interface><con:operation>getNotifications</con:operation><con:request name="testcase2- DEV - Request2" id="c56e50e4-761f-415d-b1ab-f9c2dcfa1d6d" outgoingWss="Outflow DEV"><con:settings/><con:encoding>UTF-8</con:encoding><con:endpoint>https://192.168.24.45:8443/services/CivilStatusNotificationService_v1.0</con:endpoint><con:request><![CDATA[<soapenv:Envelope xmlns:soapenv="http://schemas.xmlsoap.org/soap/envelope/" xmlns:v1="http://fidus.brussels/service/civilstatusnotificationservice/messages/v1" xmlns:v11="http://fidus.brussels/type/common/messages/v1">
   <soapenv:Header/>
   <soapenv:Body>
      <v1:getNotificationsRequest>
         <v1:messageContext>
            <v11:messageId>${=import static java.util.UUID.randomUUID; uuid = randomUUID() as String}</v11:messageId>
            <!--Optional:-->
            <v11:timestamp>${=new java.text.SimpleDateFormat("yyyy-MM-dd'T'HH:mm:ss.SSS").format(new Date())}</v11:timestamp>
         </v1:messageContext>
         <v1:legalContext>None</v1:legalContext>
         <v1:language>fr</v1:language>
         <v1:request>
             <!--Optional:-->
            <from>2016-06-18T17:20:14.449</from>
            <!--Optional:-->
            <to>2019-06-18T17:20:14.449</to>
            <!--Optional:-->
            <messageId>1273</messageId>
            <!--Optional:-->
            <notificationId>2667</notificationId>
            <!--Optional:-->
            <niscode>10500</niscode>
         </v1:request>
      </v1:getNotificationsRequest>
   </soapenv:Body>
</soapenv:Envelope>]]></con:request><con:assertion type="SOAP Fault Assertion" id="99280703-1245-4768-bf76-49e90d97231d" name="Not SOAP Fault"/><con:assertion type="SOAP Response" id="db7b9415-d5a2-499d-a50a-5a2ebdda2572" name="SOAP Response"/><con:assertion type="Schema Compliance" id="2645e8e9-be86-4caa-b45b-ba99a2b4ad79" name="Schema Compliance"><con:configuration/></con:assertion><con:wsaConfig action="http://fidus.brussels/service/civilstatusnotificationservice/getNotifications"/></con:request></con:config></con:testStep><con:properties/></con:testCase><con:testCase id="fe3b1dc1-210e-4b88-9412-95d6d854053c" failOnError="true" failTestCaseOnErrors="true" keepSession="false" maxResults="0" name="modifyMessageStatus" searchProperties="true"><con:settings/><con:testStep type="request" id="f87955c7-098f-4af8-8826-463b29cbcb09" name="testcase2- DEV  - Request"><con:settings/><con:config xsi:type="con:RequestStep" xmlns:xsi="http://www.w3.org/2001/XMLSchema-instance"><con:interface>CivilStatusNotificationService_v1.0Soap11Binding</con:interface><con:operation>modifyMessageStatus</con:operation><con:request name="testcase2- DEV  - Request" id="d80abbeb-384e-494b-8cf8-6b314ceb0c12" outgoingWss="Outflow DEV"><con:settings/><con:encoding>UTF-8</con:encoding><con:endpoint>https://192.168.36.205:8443/services/CivilStatusNotificationService_v1.0</con:endpoint><con:request><![CDATA[<soapenv:Envelope xmlns:soapenv="http://schemas.xmlsoap.org/soap/envelope/" xmlns:v1="http://fidus.brussels/service/civilstatusnotificationservice/messages/v1" xmlns:v11="http://fidus.brussels/type/common/messages/v1">
   <soapenv:Header/>
   <soapenv:Body>
      <v1:modifyMessageStatusRequest>
            <v1:messageContext>
            <v11:messageId>${=import static java.util.UUID.randomUUID; uuid = randomUUID() as String}</v11:messageId>
            <v11:timestamp>${=new java.text.SimpleDateFormat("yyyy-MM-dd'T'HH:mm:ss.SSS").format(new Date())}</v11:timestamp>
         </v1:messageContext>
          <v1:legalContext>None</v1:legalContext>
          <v1:language>fr</v1:language>
         <v1:request>
            <!--Optional:-->
            <notificationId>123</notificationId>
            <!--Optional:-->
            <status>CREATED</status>
         </v1:request>
      </v1:modifyMessageStatusRequest>
   </soapenv:Body>
</soapenv:Envelope>]]></con:request><con:assertion type="SOAP Fault Assertion" id="f2cf7c15-e7a0-4040-a08a-7d45013e7471" name="Not SOAP Fault"/><con:assertion type="SOAP Response" id="c9ec1207-1b63-4fbb-bca7-189136844632" name="SOAP Response"/><con:assertion type="Schema Compliance" id="c72b96aa-c564-4736-af42-710314ba99d2" name="Schema Compliance"><con:configuration/></con:assertion><con:wsaConfig action="http://fidus.brussels/service/civilstatusnotificationservice/modifyMessageStatus"/></con:request></con:config></con:testStep><con:properties/></con:testCase><con:properties/></con:testSuite><con:testSuite id="ac996801-d231-4132-bae8-b52f34a6d3cc" name="TEST"><con:settings/><con:runType>SEQUENTIAL</con:runType><con:testCase id="a6d2c855-db24-48eb-a482-478ef9aa3a23" failOnError="true" failTestCaseOnErrors="true" keepSession="false" maxResults="0" name="createNotification" searchProperties="true"><con:settings/><con:testStep type="request" id="2578236b-9091-4020-877a-0bece7b85563" name="testcase3- TEST - External - Request"><con:settings/><con:config xsi:type="con:RequestStep" xmlns:xsi="http://www.w3.org/2001/XMLSchema-instance"><con:interface>CivilStatusNotificationService_v1.0Soap11Binding</con:interface><con:operation>createNotification</con:operation><con:request name="testcase3- TEST - External - Request" id="fa2dfe4f-0a1b-4c27-a6fb-e026795caa00" outgoingWss="Outflow TEST"><con:settings/><con:encoding>UTF-8</con:encoding><con:endpoint>https://fidus-test.irisnetlab.be/services/CivilStatusNotificationService_v1.0</con:endpoint><con:request><![CDATA[<soapenv:Envelope xmlns:soapenv="http://schemas.xmlsoap.org/soap/envelope/" xmlns:core="http://www.fgov.be/dabs/core" xmlns:v1="http://fidus.brussels/service/civilstatusnotificationservice/messages/v1" xmlns:v11="http://fidus.brussels/type/common/messages/v1">
   <soapenv:Header/>
   <soapenv:Body>
      <v1:createNotificationRequest>
         <v1:messageContext>
            <v11:messageId>${=import static java.util.UUID.randomUUID; uuid = randomUUID() as String}</v11:messageId>
            <v11:timestamp>${=new java.text.SimpleDateFormat("yyyy-MM-dd'T'HH:mm:ss.SSS").format(new Date())}</v11:timestamp>
         </v1:messageContext>
         <v1:legalContext>None</v1:legalContext>
         <v1:language>fr</v1:language>
         <v1:request>
            <notification>
               <!--Optional:-->
               <id>2662</id>
            <!--Optional:-->
            <creationDate>${=new java.text.SimpleDateFormat("yyyy-MM-dd'T'HH:mm:ss.SSS").format(new Date())}</creationDate>
            <destination>01050</destination>
            <!--Optional:-->
            <generatedby>23025</generatedby>
               <!--Optional:-->
               <message xsi:type="core:textMessage" xmlns:xsi="http://www.w3.org/2001/XMLSchema-instance">
               <!--Optional:
                  <id>1111111</id>-->
               <!--Optional:-->
               <status>CREATED</status>
               <!--Optional:-->
               <statusDate>${=new java.text.SimpleDateFormat("yyyy-MM-dd'T'HH:mm:ss.SSS").format(new Date())}</statusDate>
               <!--Optional:
                  <docReference>123</docReference>-->
               <messageTextType>TEXT_COMMUNICATION</messageTextType>
               <messageTextTitle>bla bla</messageTextTitle>
               <messageTextContent>M bla bla bla</messageTextContent>
               </message>
            </notification>
         </v1:request>
      </v1:createNotificationRequest>
   </soapenv:Body>
</soapenv:Envelope>]]></con:request><con:assertion type="SOAP Fault Assertion" id="21f417c6-49d2-49d1-96fc-a92738de5db1" name="Not SOAP Fault"/><con:assertion type="SOAP Response" id="61c4eea2-e6ec-4cc3-afd4-3e30b60f4e5e" name="SOAP Response"/><con:assertion type="Schema Compliance" id="d30286d8-06bf-474a-aae3-1534ba40d322" name="Schema Compliance"><con:configuration/></con:assertion><con:wsaConfig action="http://fidus.brussels/service/civilstatusnotificationservice/createNotification"/></con:request></con:config></con:testStep><con:testStep type="request" id="451b6a02-f49d-4630-85c7-5112b202688f" name="testcase3- TEST - LB - Request"><con:settings/><con:config xsi:type="con:RequestStep" xmlns:xsi="http://www.w3.org/2001/XMLSchema-instance"><con:interface>CivilStatusNotificationService_v1.0Soap11Binding</con:interface><con:operation>createNotification</con:operation><con:request name="testcase3- TEST - LB - Request" id="87241e26-1352-49e8-aaf3-4e85d494b4b5" outgoingWss="Outflow TEST"><con:settings/><con:encoding>UTF-8</con:encoding><con:endpoint>https://esb-security-gw.sta.srv.cirb.lan:8443/services/CivilStatusNotificationService_v1.0</con:endpoint><con:request><![CDATA[<soapenv:Envelope xmlns:soapenv="http://schemas.xmlsoap.org/soap/envelope/" xmlns:core="http://www.fgov.be/dabs/core" xmlns:v1="http://fidus.brussels/service/civilstatusnotificationservice/messages/v1" xmlns:v11="http://fidus.brussels/type/common/messages/v1">
   <soapenv:Header/>
   <soapenv:Body>
      <v1:createNotificationRequest>
         <v1:messageContext>
            <v11:messageId>${=import static java.util.UUID.randomUUID; uuid = randomUUID() as String}</v11:messageId>
            <v11:timestamp>${=new java.text.SimpleDateFormat("yyyy-MM-dd'T'HH:mm:ss.SSS").format(new Date())}</v11:timestamp>
         </v1:messageContext>
         <v1:legalContext>None</v1:legalContext>
         <v1:language>fr</v1:language>
         <v1:request>
            <notification>
               <!--Optional:-->
               <id>2662</id>
            <!--Optional:-->
            <creationDate>${=new java.text.SimpleDateFormat("yyyy-MM-dd'T'HH:mm:ss.SSS").format(new Date())}</creationDate>
            <destination>01050</destination>
            <!--Optional:-->
            <generatedby>23025</generatedby>
               <!--Optional:-->
               <message xsi:type="core:textMessage" xmlns:xsi="http://www.w3.org/2001/XMLSchema-instance">
               <!--Optional:
                  <id>1111111</id>-->
               <!--Optional:-->
               <status>CREATED</status>
               <!--Optional:-->
               <statusDate>${=new java.text.SimpleDateFormat("yyyy-MM-dd'T'HH:mm:ss.SSS").format(new Date())}</statusDate>
               <!--Optional:
                  <docReference>123</docReference>-->
               <messageTextType>TEXT_COMMUNICATION</messageTextType>
               <messageTextTitle>bla bla</messageTextTitle>
               <messageTextContent>M bla bla bla</messageTextContent>
               </message>
            </notification>
         </v1:request>
      </v1:createNotificationRequest>
   </soapenv:Body>
</soapenv:Envelope>]]></con:request><con:assertion type="SOAP Fault Assertion" id="b8c53637-b0b6-4739-9497-ee84d0593a0d" name="Not SOAP Fault"/><con:assertion type="SOAP Response" id="f65394c1-882b-45d0-b228-094116d4118a" name="SOAP Response"/><con:assertion type="Schema Compliance" id="7648a607-2980-49db-96ec-acfe36ca4016" name="Schema Compliance"><con:configuration/></con:assertion><con:wsaConfig action="http://fidus.brussels/service/civilstatusnotificationservice/createNotification"/></con:request></con:config></con:testStep><con:testStep type="request" id="ae7e9511-176d-4414-88fc-9c359ecfb367" name="testcase3- TEST - Worker 1  - Request"><con:settings/><con:config xsi:type="con:RequestStep" xmlns:xsi="http://www.w3.org/2001/XMLSchema-instance"><con:interface>CivilStatusNotificationService_v1.0Soap11Binding</con:interface><con:operation>createNotification</con:operation><con:request name="testcase3- TEST - Worker 1  - Request" id="521ba846-4b01-4302-bf2c-13339dfbe15a" outgoingWss="Outflow TEST"><con:settings/><con:encoding>UTF-8</con:encoding><con:endpoint>https://192.168.24.45:8443/services/CivilStatusNotificationService_v1.0</con:endpoint><con:request><![CDATA[<soapenv:Envelope xmlns:soapenv="http://schemas.xmlsoap.org/soap/envelope/" xmlns:core="http://www.fgov.be/dabs/core" xmlns:v1="http://fidus.brussels/service/civilstatusnotificationservice/messages/v1" xmlns:v11="http://fidus.brussels/type/common/messages/v1">
   <soapenv:Header/>
   <soapenv:Body>
      <v1:createNotificationRequest>
         <v1:messageContext>
            <v11:messageId>${=import static java.util.UUID.randomUUID; uuid = randomUUID() as String}</v11:messageId>
            <v11:timestamp>${=new java.text.SimpleDateFormat("yyyy-MM-dd'T'HH:mm:ss.SSS").format(new Date())}</v11:timestamp>
         </v1:messageContext>
         <v1:legalContext>ServiceIntegrator</v1:legalContext>
         <v1:language>fr</v1:language>
         <v1:request>
            <notification>
               <!--Optional:-->
            <!--Optional:-->
            <creationDate>${=new java.text.SimpleDateFormat("yyyy-MM-dd'T'HH:mm:ss.SSS").format(new Date())}</creationDate>
            <destination>01050</destination>
            <!--Optional:-->
            <generatedby>23025</generatedby>
               <!--Optional:-->
               <message xsi:type="core:textMessage" xmlns:xsi="http://www.w3.org/2001/XMLSchema-instance">
               <!--Optional:
                  <id>1111111</id>-->
               <!--Optional:-->
               <status>CREATED</status>
               <!--Optional:-->
               <statusDate>${=new java.text.SimpleDateFormat("yyyy-MM-dd'T'HH:mm:ss.SSS").format(new Date())}</statusDate>
               <!--Optional:
                  <docReference>123</docReference>-->
               <messageTextType>TEXT_COMMUNICATION</messageTextType>
               <messageTextTitle>bla bla</messageTextTitle>
               <messageTextContent>M bla bla bla</messageTextContent>
               </message>
            </notification>
         </v1:request>
      </v1:createNotificationRequest>
   </soapenv:Body>
</soapenv:Envelope>]]></con:request><con:assertion type="SOAP Fault Assertion" id="e19a1338-96a6-4e3f-b74f-a8df15742247" name="Not SOAP Fault"/><con:assertion type="SOAP Response" id="1eb919cb-39f6-46ac-bb6d-334b0a69469c" name="SOAP Response"/><con:assertion type="Schema Compliance" id="125b98bd-556d-4306-9917-0c9636b20dfe" name="Schema Compliance"><con:configuration/></con:assertion><con:wsaConfig action="http://fidus.brussels/service/civilstatusnotificationservice/createNotification"/></con:request></con:config></con:testStep><con:testStep type="request" id="13d318c3-e90e-4b76-80a6-12403b939af6" name="testcase3- TEST - Worker 2  - Request"><con:settings/><con:config xsi:type="con:RequestStep" xmlns:xsi="http://www.w3.org/2001/XMLSchema-instance"><con:interface>CivilStatusNotificationService_v1.0Soap11Binding</con:interface><con:operation>createNotification</con:operation><con:request name="testcase3- TEST - Worker 2  - Request" id="02d38558-7fd0-490e-bba6-fbac651e456d" outgoingWss="Outflow TEST"><con:settings/><con:encoding>UTF-8</con:encoding><con:endpoint>https://192.168.24.51:8443/services/CivilStatusNotificationService_v1.0</con:endpoint><con:request><![CDATA[<soapenv:Envelope xmlns:soapenv="http://schemas.xmlsoap.org/soap/envelope/" xmlns:core="http://www.fgov.be/dabs/core" xmlns:v1="http://fidus.brussels/service/civilstatusnotificationservice/messages/v1" xmlns:v11="http://fidus.brussels/type/common/messages/v1">
   <soapenv:Header/>
   <soapenv:Body>
      <v1:createNotificationRequest>
         <v1:messageContext>
            <v11:messageId>${=import static java.util.UUID.randomUUID; uuid = randomUUID() as String}</v11:messageId>
            <v11:timestamp>${=new java.text.SimpleDateFormat("yyyy-MM-dd'T'HH:mm:ss.SSS").format(new Date())}</v11:timestamp>
         </v1:messageContext>
         <v1:legalContext>None</v1:legalContext>
         <v1:language>fr</v1:language>
         <v1:request>
            <notification>
               <!--Optional:-->
               <id>2662</id>
            <!--Optional:-->
            <creationDate>${=new java.text.SimpleDateFormat("yyyy-MM-dd'T'HH:mm:ss.SSS").format(new Date())}</creationDate>
            <destination>01050</destination>
            <!--Optional:-->
            <generatedby>23025</generatedby>
               <!--Optional:-->
               <message xsi:type="core:textMessage" xmlns:xsi="http://www.w3.org/2001/XMLSchema-instance">
               <!--Optional:
                  <id>1111111</id>-->
               <!--Optional:-->
               <status>CREATED</status>
               <!--Optional:-->
               <statusDate>${=new java.text.SimpleDateFormat("yyyy-MM-dd'T'HH:mm:ss.SSS").format(new Date())}</statusDate>
               <!--Optional:
                  <docReference>123</docReference>-->
               <messageTextType>TEXT_COMMUNICATION</messageTextType>
               <messageTextTitle>bla bla</messageTextTitle>
               <messageTextContent>M bla bla bla</messageTextContent>
               </message>
            </notification>
         </v1:request>
      </v1:createNotificationRequest>
   </soapenv:Body>
</soapenv:Envelope>]]></con:request><con:assertion type="SOAP Fault Assertion" id="3eb3fe89-29da-468b-983a-7267652815a9" name="Not SOAP Fault"/><con:assertion type="SOAP Response" id="8024168a-9aa1-4bfc-aa22-d5174e1be776" name="SOAP Response"/><con:assertion type="Schema Compliance" id="fa536c34-b500-4ee0-b5df-d32933885cae" name="Schema Compliance"><con:configuration/></con:assertion><con:wsaConfig action="http://fidus.brussels/service/civilstatusnotificationservice/createNotification"/></con:request></con:config></con:testStep><con:properties/></con:testCase><con:testCase id="54c44013-07f6-417c-8647-68cff0788c7f" failOnError="true" failTestCaseOnErrors="true" keepSession="false" maxResults="0" name="getMyMessagesStatus" searchProperties="true"><con:settings/><con:testStep type="request" id="2752a802-8bae-4957-9bdb-810724c5cb5b" name="testcase3- TEST - External  - Request"><con:settings/><con:config xsi:type="con:RequestStep" xmlns:xsi="http://www.w3.org/2001/XMLSchema-instance"><con:interface>CivilStatusNotificationService_v1.0Soap11Binding</con:interface><con:operation>getMyMessagesStatus</con:operation><con:request name="testcase3- TEST - External  - Request" id="6f2e41a6-c3fe-4826-aa17-868a1d5c6bde" outgoingWss="Outflow TEST"><con:settings/><con:encoding>UTF-8</con:encoding><con:endpoint>https://fidus-test.irisnetlab.be/services/CivilStatusNotificationService_v1.0</con:endpoint><con:request><![CDATA[<soapenv:Envelope xmlns:soapenv="http://schemas.xmlsoap.org/soap/envelope/" xmlns:v1="http://fidus.brussels/service/civilstatusnotificationservice/messages/v1" xmlns:v11="http://fidus.brussels/type/common/messages/v1">
   <soapenv:Header/>
   <soapenv:Body>
      <v1:getMyMessagesStatusRequest>
         <v1:messageContext>
            <v11:messageId>${=import static java.util.UUID.randomUUID; uuid = randomUUID() as String}</v11:messageId>
            <v11:timestamp>${=new java.text.SimpleDateFormat("yyyy-MM-dd'T'HH:mm:ss.SSS").format(new Date())}</v11:timestamp>
         </v1:messageContext>
         <v1:legalContext>None</v1:legalContext>
         <v1:language>fr</v1:language>
         <v1:request>
            <!--Optional:-->
            <from>2016-06-18T17:20:14.449</from>
            <!--Optional:-->
            <to>2019-06-18T17:20:14.449</to>
            <!--Optional:-->
            <withClosed>true</withClosed>
            <!--Optional:-->
            <messageId>1273</messageId>
            <notificationId>2667</notificationId>
         </v1:request>
      </v1:getMyMessagesStatusRequest>
   </soapenv:Body>
</soapenv:Envelope>]]></con:request><con:assertion type="SOAP Fault Assertion" id="bff574b4-0359-489e-a67b-887b4f6fdd16" name="Not SOAP Fault"/><con:assertion type="SOAP Response" id="47301f9b-76ab-4068-8e17-dc83ab6b3338" name="SOAP Response"/><con:assertion type="Schema Compliance" id="cd7caddb-a98e-447c-a6c7-dd2f095bed56" name="Schema Compliance"><con:configuration/></con:assertion><con:wsaConfig action="http://fidus.brussels/service/civilstatusnotificationservice/getMyMessagesStatus"/></con:request></con:config></con:testStep><con:testStep type="request" id="c0ac142c-51c8-45d2-9ca2-1aa07d85b934" name="testcase3- TEST - LB  - Request"><con:settings/><con:config xsi:type="con:RequestStep" xmlns:xsi="http://www.w3.org/2001/XMLSchema-instance"><con:interface>CivilStatusNotificationService_v1.0Soap11Binding</con:interface><con:operation>getMyMessagesStatus</con:operation><con:request name="testcase3- TEST - LB  - Request" id="190fc4a8-368d-4d18-8c11-6b285a80b849" outgoingWss="Outflow TEST"><con:settings/><con:encoding>UTF-8</con:encoding><con:endpoint>https://esb-security-gw.sta.srv.cirb.lan:8443/services/CivilStatusNotificationService_v1.0</con:endpoint><con:request><![CDATA[<soapenv:Envelope xmlns:soapenv="http://schemas.xmlsoap.org/soap/envelope/" xmlns:v1="http://fidus.brussels/service/civilstatusnotificationservice/messages/v1" xmlns:v11="http://fidus.brussels/type/common/messages/v1">
   <soapenv:Header/>
   <soapenv:Body>
      <v1:getMyMessagesStatusRequest>
         <v1:messageContext>
            <v11:messageId>${=import static java.util.UUID.randomUUID; uuid = randomUUID() as String}</v11:messageId>
            <v11:timestamp>${=new java.text.SimpleDateFormat("yyyy-MM-dd'T'HH:mm:ss.SSS").format(new Date())}</v11:timestamp>
         </v1:messageContext>
         <v1:legalContext>None</v1:legalContext>
         <v1:language>fr</v1:language>
         <v1:request>
            <!--Optional:-->
            <from>2016-06-18T17:20:14.449</from>
            <!--Optional:-->
            <to>2019-06-18T17:20:14.449</to>
            <!--Optional:-->
            <withClosed>true</withClosed>
            <!--Optional:-->
            <messageId>1273</messageId>
            <notificationId>2667</notificationId>
         </v1:request>
      </v1:getMyMessagesStatusRequest>
   </soapenv:Body>
</soapenv:Envelope>]]></con:request><con:assertion type="SOAP Fault Assertion" id="304651c4-5b35-49a4-8bb2-43be22c73690" name="Not SOAP Fault"/><con:assertion type="SOAP Response" id="ff599e2d-db9b-4498-9104-b67f93e18076" name="SOAP Response"/><con:assertion type="Schema Compliance" id="efc4dac6-2862-49ff-8b0d-802ce26eff1a" name="Schema Compliance"><con:configuration/></con:assertion><con:wsaConfig action="http://fidus.brussels/service/civilstatusnotificationservice/getMyMessagesStatus"/></con:request></con:config></con:testStep><con:testStep type="request" id="48845014-9537-4f0c-a320-11a48b62aff2" name="testcase3- TEST - Worker 1 - Request"><con:settings/><con:config xsi:type="con:RequestStep" xmlns:xsi="http://www.w3.org/2001/XMLSchema-instance"><con:interface>CivilStatusNotificationService_v1.0Soap11Binding</con:interface><con:operation>getMyMessagesStatus</con:operation><con:request name="testcase3- TEST - Worker 1 - Request" id="f1c2223b-a48e-4a42-b17e-01afafc8e995" outgoingWss="Outflow TEST"><con:settings/><con:encoding>UTF-8</con:encoding><con:endpoint>https://192.168.24.45:8443/services/CivilStatusNotificationService_v1.0</con:endpoint><con:request><![CDATA[<soapenv:Envelope xmlns:soapenv="http://schemas.xmlsoap.org/soap/envelope/" xmlns:v1="http://fidus.brussels/service/civilstatusnotificationservice/messages/v1" xmlns:v11="http://fidus.brussels/type/common/messages/v1">
   <soapenv:Header/>
   <soapenv:Body>
      <v1:getMyMessagesStatusRequest>
         <v1:messageContext>
            <v11:messageId>${=import static java.util.UUID.randomUUID; uuid = randomUUID() as String}</v11:messageId>
            <v11:timestamp>${=new java.text.SimpleDateFormat("yyyy-MM-dd'T'HH:mm:ss.SSS").format(new Date())}</v11:timestamp>
         </v1:messageContext>
         <v1:legalContext>ServiceIntegrator</v1:legalContext>
         <v1:language>fr</v1:language>
         <v1:request>
            <from>2016-06-18T17:20:14.449</from>
            <to>2019-06-18T17:20:14.449</to>
         </v1:request>
      </v1:getMyMessagesStatusRequest>
   </soapenv:Body>
</soapenv:Envelope>]]></con:request><con:assertion type="SOAP Fault Assertion" id="c1692d66-5d62-4531-a7b9-3287a4d2a3f5" name="Not SOAP Fault"/><con:assertion type="SOAP Response" id="97cc579e-c58d-456a-85a6-9af212df3e9b" name="SOAP Response"/><con:assertion type="Schema Compliance" id="be15e748-9ddf-43dd-969c-285a78640949" name="Schema Compliance"><con:configuration/></con:assertion><con:wsaConfig action="http://fidus.brussels/service/civilstatusnotificationservice/getMyMessagesStatus"/></con:request></con:config></con:testStep><con:testStep type="request" id="fa8ae2b6-4405-4388-b527-f2e7e974be1b" name="testcase3- TEST - Worker 2 - Request"><con:settings/><con:config xsi:type="con:RequestStep" xmlns:xsi="http://www.w3.org/2001/XMLSchema-instance"><con:interface>CivilStatusNotificationService_v1.0Soap11Binding</con:interface><con:operation>getMyMessagesStatus</con:operation><con:request name="testcase3- TEST - Worker 2 - Request" id="c7fb56c3-2563-4296-9b21-4aebf540a091" outgoingWss="Outflow TEST"><con:settings/><con:encoding>UTF-8</con:encoding><con:endpoint>https://192.168.24.51:8443/services/CivilStatusNotificationService_v1.0</con:endpoint><con:request><![CDATA[<soapenv:Envelope xmlns:soapenv="http://schemas.xmlsoap.org/soap/envelope/" xmlns:v1="http://fidus.brussels/service/civilstatusnotificationservice/messages/v1" xmlns:v11="http://fidus.brussels/type/common/messages/v1">
   <soapenv:Header/>
   <soapenv:Body>
      <v1:getMyMessagesStatusRequest>
         <v1:messageContext>
            <v11:messageId>${=import static java.util.UUID.randomUUID; uuid = randomUUID() as String}</v11:messageId>
            <v11:timestamp>${=new java.text.SimpleDateFormat("yyyy-MM-dd'T'HH:mm:ss.SSS").format(new Date())}</v11:timestamp>
         </v1:messageContext>
         <v1:legalContext>None</v1:legalContext>
         <v1:language>fr</v1:language>
         <v1:request>
            <!--Optional:-->
            <from>2016-06-18T17:20:14.449</from>
            <!--Optional:-->
            <to>2019-06-18T17:20:14.449</to>
            <!--Optional:-->
            <withClosed>true</withClosed>
            <!--Optional:-->
            <messageId>1273</messageId>
            <notificationId>2667</notificationId>
         </v1:request>
      </v1:getMyMessagesStatusRequest>
   </soapenv:Body>
</soapenv:Envelope>]]></con:request><con:assertion type="SOAP Fault Assertion" id="070e9add-f5fe-4d18-baad-949154d66637" name="Not SOAP Fault"/><con:assertion type="SOAP Response" id="762ce1cb-4e89-4b7d-9145-9fa73dcfdc7f" name="SOAP Response"/><con:assertion type="Schema Compliance" id="cb5510dc-de2b-44cc-8752-7fa569970eb8" name="Schema Compliance"><con:configuration/></con:assertion><con:wsaConfig action="http://fidus.brussels/service/civilstatusnotificationservice/getMyMessagesStatus"/></con:request></con:config></con:testStep><con:properties/></con:testCase><con:testCase id="cbd9fbb4-e48e-449f-b4d4-501d64701830" failOnError="true" failTestCaseOnErrors="true" keepSession="false" maxResults="0" name="getNotifications" searchProperties="true"><con:settings/><con:testStep type="request" id="5322e575-dfdf-4960-aed2-186ca4d4c295" name="testcase3 - TEST - External  - Request"><con:settings/><con:config xsi:type="con:RequestStep" xmlns:xsi="http://www.w3.org/2001/XMLSchema-instance"><con:interface>CivilStatusNotificationService_v1.0Soap11Binding</con:interface><con:operation>getNotifications</con:operation><con:request name="testcase3 - TEST - External  - Request" id="41354c39-e205-4102-b932-bd08153a0c3a" outgoingWss="Outflow TEST"><con:settings/><con:encoding>UTF-8</con:encoding><con:endpoint>https://fidus-test.irisnetlab.be/services/CivilStatusNotificationService_v1.0</con:endpoint><con:request><![CDATA[<soapenv:Envelope xmlns:soapenv="http://schemas.xmlsoap.org/soap/envelope/" xmlns:v1="http://fidus.brussels/service/civilstatusnotificationservice/messages/v1" xmlns:v11="http://fidus.brussels/type/common/messages/v1">
   <soapenv:Header/>
   <soapenv:Body>
      <v1:getNotificationsRequest>
         <v1:messageContext>
            <v11:messageId>${=import static java.util.UUID.randomUUID; uuid = randomUUID() as String}</v11:messageId>
            <!--Optional:-->
            <v11:timestamp>${=new java.text.SimpleDateFormat("yyyy-MM-dd'T'HH:mm:ss.SSS").format(new Date())}</v11:timestamp>
         </v1:messageContext>
         <v1:legalContext>None</v1:legalContext>
         <v1:language>fr</v1:language>
         <v1:request>
             <!--Optional:-->
            <from>2016-06-18T17:20:14.449</from>
            <!--Optional:-->
            <to>2019-06-18T17:20:14.449</to>
            <!--Optional:-->
            <messageId>1273</messageId>
            <!--Optional:-->
            <notificationId>2667</notificationId>
            <!--Optional:-->
            <niscode>10500</niscode>
         </v1:request>
      </v1:getNotificationsRequest>
   </soapenv:Body>
</soapenv:Envelope>]]></con:request><con:assertion type="SOAP Fault Assertion" id="e31636b1-034f-47dc-96a7-2e0f536ba464" name="Not SOAP Fault"/><con:assertion type="SOAP Response" id="759a07dd-69fe-4601-90b0-442b8967ae96" name="SOAP Response"/><con:assertion type="Schema Compliance" id="2f31fbb6-b13b-49e2-bd3b-7485b80531c4" name="Schema Compliance"><con:configuration/></con:assertion><con:wsaConfig action="http://fidus.brussels/service/civilstatusnotificationservice/getNotifications"/></con:request></con:config></con:testStep><con:testStep type="request" id="07727718-e9da-4916-aea2-8d03baafcfc8" name="testcase3- TEST - LB  - Request"><con:settings/><con:config xsi:type="con:RequestStep" xmlns:xsi="http://www.w3.org/2001/XMLSchema-instance"><con:interface>CivilStatusNotificationService_v1.0Soap11Binding</con:interface><con:operation>getNotifications</con:operation><con:request name="testcase3- TEST - LB  - Request" id="6b9e0dce-f40f-4c3a-93a1-fcb3cdea75e2" outgoingWss="Outflow TEST"><con:settings/><con:encoding>UTF-8</con:encoding><con:endpoint>https://esb-security-gw.sta.srv.cirb.lan:8443/services/CivilStatusNotificationService_v1.0</con:endpoint><con:request><![CDATA[<soapenv:Envelope xmlns:soapenv="http://schemas.xmlsoap.org/soap/envelope/" xmlns:v1="http://fidus.brussels/service/civilstatusnotificationservice/messages/v1" xmlns:v11="http://fidus.brussels/type/common/messages/v1">
   <soapenv:Header/>
   <soapenv:Body>
      <v1:getNotificationsRequest>
         <v1:messageContext>
            <v11:messageId>${=import static java.util.UUID.randomUUID; uuid = randomUUID() as String}</v11:messageId>
            <!--Optional:-->
            <v11:timestamp>${=new java.text.SimpleDateFormat("yyyy-MM-dd'T'HH:mm:ss.SSS").format(new Date())}</v11:timestamp>
         </v1:messageContext>
         <v1:legalContext>None</v1:legalContext>
         <v1:language>fr</v1:language>
         <v1:request>
             <!--Optional:-->
            <from>2016-06-18T17:20:14.449</from>
            <!--Optional:-->
            <to>2019-06-18T17:20:14.449</to>
            <!--Optional:-->
            <messageId>1273</messageId>
            <!--Optional:-->
            <notificationId>2667</notificationId>
            <!--Optional:-->
            <niscode>10500</niscode>
         </v1:request>
      </v1:getNotificationsRequest>
   </soapenv:Body>
</soapenv:Envelope>]]></con:request><con:assertion type="SOAP Fault Assertion" id="721fd971-2835-4a79-b820-895dded3c02c" name="Not SOAP Fault"/><con:assertion type="SOAP Response" id="0d7cad5c-e05a-45b6-ae42-9723b2d8de24" name="SOAP Response"/><con:assertion type="Schema Compliance" id="0d428d9d-fe55-4bba-a4b7-e9d079d8d761" name="Schema Compliance"><con:configuration/></con:assertion><con:wsaConfig action="http://fidus.brussels/service/civilstatusnotificationservice/getNotifications"/></con:request></con:config></con:testStep><con:testStep type="request" id="e088afea-7bd0-488b-a247-7f13762237f2" name="testcase3- TEST - Worker 1  - Request"><con:settings/><con:config xsi:type="con:RequestStep" xmlns:xsi="http://www.w3.org/2001/XMLSchema-instance"><con:interface>CivilStatusNotificationService_v1.0Soap11Binding</con:interface><con:operation>getNotifications</con:operation><con:request name="testcase3- TEST - Worker 1  - Request" id="06862295-d5f2-4395-8ed1-7cd7589c744a" outgoingWss="Outflow TEST"><con:settings/><con:encoding>UTF-8</con:encoding><con:endpoint>https://192.168.24.45:8443/services/CivilStatusNotificationService_v1.0</con:endpoint><con:request><![CDATA[<soapenv:Envelope xmlns:soapenv="http://schemas.xmlsoap.org/soap/envelope/" xmlns:v1="http://fidus.brussels/service/civilstatusnotificationservice/messages/v1" xmlns:v11="http://fidus.brussels/type/common/messages/v1">
   <soapenv:Header/>
   <soapenv:Body>
      <v1:getNotificationsRequest>
         <v1:messageContext>
            <v11:messageId>${=import static java.util.UUID.randomUUID; uuid = randomUUID() as String}</v11:messageId>
            <!--Optional:-->
            <v11:timestamp>${=new java.text.SimpleDateFormat("yyyy-MM-dd'T'HH:mm:ss.SSS").format(new Date())}</v11:timestamp>
         </v1:messageContext>
         <v1:legalContext>None</v1:legalContext>
         <v1:language>fr</v1:language>
         <v1:request>
             <!--Optional:-->
            <from>2016-06-18T17:20:14.449</from>
            <!--Optional:-->
            <to>2019-06-18T17:20:14.449</to>
            <!--Optional:-->
            <messageId>1273</messageId>
            <!--Optional:-->
            <notificationId>2667</notificationId>
            <!--Optional:-->
            <niscode>10500</niscode>
         </v1:request>
      </v1:getNotificationsRequest>
   </soapenv:Body>
</soapenv:Envelope>]]></con:request><con:assertion type="SOAP Fault Assertion" id="b97c1d68-ee9b-46f4-aecd-48e094fc8eec" name="Not SOAP Fault"/><con:assertion type="SOAP Response" id="a4162a63-2235-4ae1-9b3b-13f0c0cdaa14" name="SOAP Response"/><con:assertion type="Schema Compliance" id="03aba9db-7211-48ea-97ca-cb39e3e16997" name="Schema Compliance"><con:configuration/></con:assertion><con:wsaConfig action="http://fidus.brussels/service/civilstatusnotificationservice/getNotifications"/></con:request></con:config></con:testStep><con:testStep type="request" id="24113ec8-4591-4f6e-ad8d-9007e15c877c" name="testcase3- TEST - Worker 2  - Request"><con:settings/><con:config xsi:type="con:RequestStep" xmlns:xsi="http://www.w3.org/2001/XMLSchema-instance"><con:interface>CivilStatusNotificationService_v1.0Soap11Binding</con:interface><con:operation>getNotifications</con:operation><con:request name="testcase3- TEST - Worker 2  - Request" id="e75d4d88-d971-4326-83a0-121ab543bd0f" outgoingWss="Outflow TEST"><con:settings/><con:encoding>UTF-8</con:encoding><con:endpoint>https://192.168.24.51:8443/services/CivilStatusNotificationService_v1.0</con:endpoint><con:request><![CDATA[<soapenv:Envelope xmlns:soapenv="http://schemas.xmlsoap.org/soap/envelope/" xmlns:v1="http://fidus.brussels/service/civilstatusnotificationservice/messages/v1" xmlns:v11="http://fidus.brussels/type/common/messages/v1">
   <soapenv:Header/>
   <soapenv:Body>
      <v1:getNotificationsRequest>
         <v1:messageContext>
            <v11:messageId>${=import static java.util.UUID.randomUUID; uuid = randomUUID() as String}</v11:messageId>
            <!--Optional:-->
            <v11:timestamp>${=new java.text.SimpleDateFormat("yyyy-MM-dd'T'HH:mm:ss.SSS").format(new Date())}</v11:timestamp>
         </v1:messageContext>
         <v1:legalContext>None</v1:legalContext>
         <v1:language>fr</v1:language>
         <v1:request>
             <!--Optional:-->
            <from>2016-06-18T17:20:14.449</from>
            <!--Optional:-->
            <to>2019-06-18T17:20:14.449</to>
            <!--Optional:-->
            <messageId>1273</messageId>
            <!--Optional:-->
            <notificationId>2667</notificationId>
            <!--Optional:-->
            <niscode>10500</niscode>
         </v1:request>
      </v1:getNotificationsRequest>
   </soapenv:Body>
</soapenv:Envelope>]]></con:request><con:assertion type="SOAP Fault Assertion" id="aaa85c14-7fd6-426f-91dc-a33dd96252f7" name="Not SOAP Fault"/><con:assertion type="SOAP Response" id="8b03600e-4a1b-4f4f-b33c-da21d6552fd3" name="SOAP Response"/><con:assertion type="Schema Compliance" id="4cfd1c08-f932-476a-a0e2-038135404000" name="Schema Compliance"><con:configuration/></con:assertion><con:wsaConfig action="http://fidus.brussels/service/civilstatusnotificationservice/getNotifications"/></con:request></con:config></con:testStep><con:properties/></con:testCase><con:testCase id="fa07c657-0772-4994-95b5-fb66ba9591fd" failOnError="true" failTestCaseOnErrors="true" keepSession="false" maxResults="0" name="modifyMessageStatus" searchProperties="true"><con:settings/><con:testStep type="request" id="2bb45f33-5bbc-4990-99b4-e2ddb3ce4b90" name="testcase3- TEST - External  - Request"><con:settings/><con:config xsi:type="con:RequestStep" xmlns:xsi="http://www.w3.org/2001/XMLSchema-instance"><con:interface>CivilStatusNotificationService_v1.0Soap11Binding</con:interface><con:operation>modifyMessageStatus</con:operation><con:request name="testcase3- TEST - External  - Request" id="25f07d77-fa14-42c0-bce0-1f37fb71f2d8" outgoingWss="Outflow TEST"><con:settings/><con:encoding>UTF-8</con:encoding><con:endpoint>https://fidus-test.irisnetlab.be/services/CivilStatusNotificationService_v1.0</con:endpoint><con:request><![CDATA[<soapenv:Envelope xmlns:soapenv="http://schemas.xmlsoap.org/soap/envelope/" xmlns:v1="http://fidus.brussels/service/civilstatusnotificationservice/messages/v1" xmlns:v11="http://fidus.brussels/type/common/messages/v1">
   <soapenv:Header/>
   <soapenv:Body>
      <v1:modifyMessageStatusRequest>
            <v1:messageContext>
            <v11:messageId>${=import static java.util.UUID.randomUUID; uuid = randomUUID() as String}</v11:messageId>
            <v11:timestamp>${=new java.text.SimpleDateFormat("yyyy-MM-dd'T'HH:mm:ss.SSS").format(new Date())}</v11:timestamp>
         </v1:messageContext>
          <v1:legalContext>None</v1:legalContext>
          <v1:language>fr</v1:language>
         <v1:request>
            <!--Optional:-->
            <notificationId>123</notificationId>
            <!--Optional:-->
            <status>CREATED</status>
         </v1:request>
      </v1:modifyMessageStatusRequest>
   </soapenv:Body>
</soapenv:Envelope>]]></con:request><con:assertion type="SOAP Fault Assertion" id="29a74805-2d9f-446f-be27-a28dc92853a7" name="Not SOAP Fault"/><con:assertion type="SOAP Response" id="be463683-08ee-47e9-8084-ce7c615aff8d" name="SOAP Response"/><con:assertion type="Schema Compliance" id="a8c45452-fe73-48eb-95d5-1e2abc7ceec1" name="Schema Compliance"><con:configuration/></con:assertion><con:wsaConfig action="http://fidus.brussels/service/civilstatusnotificationservice/modifyMessageStatus"/></con:request></con:config></con:testStep><con:testStep type="request" id="d58955ff-ed01-4e0e-b446-02d026a059f0" name="testcase3- TEST - LB  - Request"><con:settings/><con:config xsi:type="con:RequestStep" xmlns:xsi="http://www.w3.org/2001/XMLSchema-instance"><con:interface>CivilStatusNotificationService_v1.0Soap11Binding</con:interface><con:operation>modifyMessageStatus</con:operation><con:request name="testcase3- TEST - LB  - Request" id="12939b66-cf1f-4a86-ac01-35d5bf7f2bbe" outgoingWss="Outflow TEST"><con:settings/><con:encoding>UTF-8</con:encoding><con:endpoint>https://esb-security-gw.sta.srv.cirb.lan:8443/services/CivilStatusNotificationService_v1.0</con:endpoint><con:request><![CDATA[<soapenv:Envelope xmlns:soapenv="http://schemas.xmlsoap.org/soap/envelope/" xmlns:v1="http://fidus.brussels/service/civilstatusnotificationservice/messages/v1" xmlns:v11="http://fidus.brussels/type/common/messages/v1">
   <soapenv:Header/>
   <soapenv:Body>
      <v1:modifyMessageStatusRequest>
            <v1:messageContext>
            <v11:messageId>${=import static java.util.UUID.randomUUID; uuid = randomUUID() as String}</v11:messageId>
            <v11:timestamp>${=new java.text.SimpleDateFormat("yyyy-MM-dd'T'HH:mm:ss.SSS").format(new Date())}</v11:timestamp>
         </v1:messageContext>
          <v1:legalContext>None</v1:legalContext>
          <v1:language>fr</v1:language>
         <v1:request>
            <!--Optional:-->
            <notificationId>123</notificationId>
            <!--Optional:-->
            <status>CREATED</status>
         </v1:request>
      </v1:modifyMessageStatusRequest>
   </soapenv:Body>
</soapenv:Envelope>]]></con:request><con:assertion type="SOAP Fault Assertion" id="5924859e-83c5-41ad-addd-3f1bfd34dbab" name="Not SOAP Fault"/><con:assertion type="SOAP Response" id="5c043a03-84ae-4784-a196-2933ebe993cc" name="SOAP Response"/><con:assertion type="Schema Compliance" id="7c687fe1-6baf-478f-aacb-4c47c7457597" name="Schema Compliance"><con:configuration/></con:assertion><con:wsaConfig action="http://fidus.brussels/service/civilstatusnotificationservice/modifyMessageStatus"/></con:request></con:config></con:testStep><con:testStep type="request" id="88922bca-2417-4e5e-b686-ed9845ade76d" name="testcase3- TEST - Worker 1  - Request"><con:settings/><con:config xsi:type="con:RequestStep" xmlns:xsi="http://www.w3.org/2001/XMLSchema-instance"><con:interface>CivilStatusNotificationService_v1.0Soap11Binding</con:interface><con:operation>modifyMessageStatus</con:operation><con:request name="testcase3- TEST - Worker 1  - Request" id="08370ad3-8746-4764-868b-f7147bb4ee97" outgoingWss="Outflow TEST"><con:settings/><con:encoding>UTF-8</con:encoding><con:endpoint>https://192.168.24.45:8443/services/CivilStatusNotificationService_v1.0</con:endpoint><con:request><![CDATA[<soapenv:Envelope xmlns:soapenv="http://schemas.xmlsoap.org/soap/envelope/" xmlns:v1="http://fidus.brussels/service/civilstatusnotificationservice/messages/v1" xmlns:v11="http://fidus.brussels/type/common/messages/v1">
   <soapenv:Header/>
   <soapenv:Body>
      <v1:modifyMessageStatusRequest>
            <v1:messageContext>
            <v11:messageId>${=import static java.util.UUID.randomUUID; uuid = randomUUID() as String}</v11:messageId>
            <v11:timestamp>${=new java.text.SimpleDateFormat("yyyy-MM-dd'T'HH:mm:ss.SSS").format(new Date())}</v11:timestamp>
         </v1:messageContext>
          <v1:legalContext>None</v1:legalContext>
          <v1:language>fr</v1:language>
         <v1:request>
            <!--Optional:-->
            <notificationId>123</notificationId>
            <!--Optional:-->
            <status>CREATED</status>
         </v1:request>
      </v1:modifyMessageStatusRequest>
   </soapenv:Body>
</soapenv:Envelope>]]></con:request><con:assertion type="SOAP Fault Assertion" id="904d06d3-a16f-4192-ae1d-b3c12cc3e322" name="Not SOAP Fault"/><con:assertion type="SOAP Response" id="301805fa-68a8-46e3-babe-bb10c94abb75" name="SOAP Response"/><con:assertion type="Schema Compliance" id="ed9dc603-d11e-4b9f-a772-91244575a65c" name="Schema Compliance"><con:configuration/></con:assertion><con:wsaConfig action="http://fidus.brussels/service/civilstatusnotificationservice/modifyMessageStatus"/></con:request></con:config></con:testStep><con:testStep type="request" id="ab754087-70cd-4163-8fdc-96514a98e60e" name="testcase3- TEST - Worker 2  - Request"><con:settings/><con:config xsi:type="con:RequestStep" xmlns:xsi="http://www.w3.org/2001/XMLSchema-instance"><con:interface>CivilStatusNotificationService_v1.0Soap11Binding</con:interface><con:operation>modifyMessageStatus</con:operation><con:request name="testcase3- TEST - Worker 2  - Request" id="3c209d8e-1d46-4d80-bb24-a01ada1cbff1" outgoingWss="Outflow TEST"><con:settings/><con:encoding>UTF-8</con:encoding><con:endpoint>https://192.168.24.51:8443/services/CivilStatusNotificationService_v1.0</con:endpoint><con:request><![CDATA[<soapenv:Envelope xmlns:soapenv="http://schemas.xmlsoap.org/soap/envelope/" xmlns:v1="http://fidus.brussels/service/civilstatusnotificationservice/messages/v1" xmlns:v11="http://fidus.brussels/type/common/messages/v1">
   <soapenv:Header/>
   <soapenv:Body>
      <v1:modifyMessageStatusRequest>
            <v1:messageContext>
            <v11:messageId>${=import static java.util.UUID.randomUUID; uuid = randomUUID() as String}</v11:messageId>
            <v11:timestamp>${=new java.text.SimpleDateFormat("yyyy-MM-dd'T'HH:mm:ss.SSS").format(new Date())}</v11:timestamp>
         </v1:messageContext>
          <v1:legalContext>None</v1:legalContext>
          <v1:language>fr</v1:language>
         <v1:request>
            <!--Optional:-->
            <notificationId>123</notificationId>
            <!--Optional:-->
            <status>CREATED</status>
         </v1:request>
      </v1:modifyMessageStatusRequest>
   </soapenv:Body>
</soapenv:Envelope>]]></con:request><con:assertion type="SOAP Fault Assertion" id="ac7acb7d-ce32-4a75-8976-34c879562e00" name="Not SOAP Fault"/><con:assertion type="SOAP Response" id="2e8bab4d-c386-4d23-b2a8-57b741b1787b" name="SOAP Response"/><con:assertion type="Schema Compliance" id="fb091911-7244-40ea-bba3-93cf7a0043ce" name="Schema Compliance"><con:configuration/></con:assertion><con:wsaConfig action="http://fidus.brussels/service/civilstatusnotificationservice/modifyMessageStatus"/></con:request></con:config></con:testStep><con:properties/></con:testCase><con:properties/></con:testSuite><con:testSuite id="32f8d78d-68a6-4576-9fff-68612a824393" name="STAG"><con:settings/><con:runType>SEQUENTIAL</con:runType><con:testCase id="e2baabe7-9209-4efe-a5e2-59db7d157dd6" failOnError="true" failTestCaseOnErrors="true" keepSession="false" maxResults="0" name="createNotification" searchProperties="true"><con:settings/><con:testStep type="request" id="8f8c2a74-7de2-4376-8bd2-c604b839dfa4" name="testcase4- STAGING - External  - Request"><con:settings/><con:config xsi:type="con:RequestStep" xmlns:xsi="http://www.w3.org/2001/XMLSchema-instance"><con:interface>CivilStatusNotificationService_v1.0Soap11Binding</con:interface><con:operation>createNotification</con:operation><con:request name="testcase4- STAGING - External  - Request" id="73ae3529-b203-40b7-a228-758607b00f4e" outgoingWss="Outflow STAG"><con:settings/><con:encoding>UTF-8</con:encoding><con:endpoint>https://fidus.irisnetlab.be/services/CivilStatusNotificationService_v1.0</con:endpoint><con:request><![CDATA[<soapenv:Envelope xmlns:soapenv="http://schemas.xmlsoap.org/soap/envelope/" xmlns:core="http://www.fgov.be/dabs/core" xmlns:v1="http://fidus.brussels/service/civilstatusnotificationservice/messages/v1" xmlns:v11="http://fidus.brussels/type/common/messages/v1">
   <soapenv:Header/>
   <soapenv:Body>
      <v1:createNotificationRequest>
         <v1:messageContext>
            <v11:messageId>${=import static java.util.UUID.randomUUID; uuid = randomUUID() as String}</v11:messageId>
            <v11:timestamp>${=new java.text.SimpleDateFormat("yyyy-MM-dd'T'HH:mm:ss.SSS").format(new Date())}</v11:timestamp>
         </v1:messageContext>
         <v1:legalContext>None</v1:legalContext>
         <v1:language>fr</v1:language>
         <v1:request>
            <notification>
               <!--Optional:-->
               <id>2662</id>
            <!--Optional:-->
            <creationDate>${=new java.text.SimpleDateFormat("yyyy-MM-dd'T'HH:mm:ss.SSS").format(new Date())}</creationDate>
            <destination>01050</destination>
            <!--Optional:-->
            <generatedby>23025</generatedby>
               <!--Optional:-->
               <message xsi:type="core:textMessage" xmlns:xsi="http://www.w3.org/2001/XMLSchema-instance">
               <!--Optional:
                  <id>1111111</id>-->
               <!--Optional:-->
               <status>CREATED</status>
               <!--Optional:-->
               <statusDate>${=new java.text.SimpleDateFormat("yyyy-MM-dd'T'HH:mm:ss.SSS").format(new Date())}</statusDate>
               <!--Optional:
                  <docReference>123</docReference>-->
               <messageTextType>TEXT_COMMUNICATION</messageTextType>
               <messageTextTitle>bla bla</messageTextTitle>
               <messageTextContent>M bla bla bla</messageTextContent>
               </message>
            </notification>
         </v1:request>
      </v1:createNotificationRequest>
   </soapenv:Body>
</soapenv:Envelope>]]></con:request><con:assertion type="SOAP Fault Assertion" id="43523acd-4e06-437a-ae5a-a5122530a55c" name="Not SOAP Fault"/><con:assertion type="SOAP Response" id="3e5d29f9-e647-4cca-bd49-d46dd49ad55b" name="SOAP Response"/><con:assertion type="Schema Compliance" id="a3c74b00-bddc-4188-bb33-c5f1012331a6" name="Schema Compliance"><con:configuration/></con:assertion><con:wsaConfig action="http://fidus.brussels/service/civilstatusnotificationservice/createNotification"/></con:request></con:config></con:testStep><con:testStep type="request" id="fa57bf99-cf69-4dff-8ad1-b7c88a3818de" name="testcase4- STAGING - LB - Request"><con:settings/><con:config xsi:type="con:RequestStep" xmlns:xsi="http://www.w3.org/2001/XMLSchema-instance"><con:interface>CivilStatusNotificationService_v1.0Soap11Binding</con:interface><con:operation>createNotification</con:operation><con:request name="testcase4- STAGING - LB - Request" id="415e2360-3655-4c76-bae8-f7a22858e017" outgoingWss="Outflow STAG"><con:settings/><con:encoding>UTF-8</con:encoding><con:endpoint>https://fidus-esb-sg.sta.srv.cirb.lan:8443/services/CivilStatusNotificationService_v1.0</con:endpoint><con:request><![CDATA[<soapenv:Envelope xmlns:soapenv="http://schemas.xmlsoap.org/soap/envelope/" xmlns:core="http://www.fgov.be/dabs/core" xmlns:v1="http://fidus.brussels/service/civilstatusnotificationservice/messages/v1" xmlns:v11="http://fidus.brussels/type/common/messages/v1">
   <soapenv:Header/>
   <soapenv:Body>
      <v1:createNotificationRequest>
         <v1:messageContext>
            <v11:messageId>${=import static java.util.UUID.randomUUID; uuid = randomUUID() as String}</v11:messageId>
            <v11:timestamp>${=new java.text.SimpleDateFormat("yyyy-MM-dd'T'HH:mm:ss.SSS").format(new Date())}</v11:timestamp>
         </v1:messageContext>
         <v1:legalContext>None</v1:legalContext>
         <v1:language>fr</v1:language>
         <v1:request>
            <notification>
               <!--Optional:-->
               <id>2662</id>
            <!--Optional:-->
            <creationDate>${=new java.text.SimpleDateFormat("yyyy-MM-dd'T'HH:mm:ss.SSS").format(new Date())}</creationDate>
            <destination>01050</destination>
            <!--Optional:-->
            <generatedby>23025</generatedby>
               <!--Optional:-->
               <message xsi:type="core:textMessage" xmlns:xsi="http://www.w3.org/2001/XMLSchema-instance">
               <!--Optional:
                  <id>1111111</id>-->
               <!--Optional:-->
               <status>CREATED</status>
               <!--Optional:-->
               <statusDate>${=new java.text.SimpleDateFormat("yyyy-MM-dd'T'HH:mm:ss.SSS").format(new Date())}</statusDate>
               <!--Optional:
                  <docReference>123</docReference>-->
               <messageTextType>TEXT_COMMUNICATION</messageTextType>
               <messageTextTitle>bla bla</messageTextTitle>
               <messageTextContent>M bla bla bla</messageTextContent>
               </message>
            </notification>
         </v1:request>
      </v1:createNotificationRequest>
   </soapenv:Body>
</soapenv:Envelope>]]></con:request><con:assertion type="SOAP Fault Assertion" id="df110d5b-2dc2-45e6-9b5c-bbe84ca21676" name="Not SOAP Fault"/><con:assertion type="SOAP Response" id="1f77d6a7-5d84-4183-95a2-b6f0d2b19d44" name="SOAP Response"/><con:assertion type="Schema Compliance" id="c44731c4-ea7c-4eb2-ae60-2282d3f88847" name="Schema Compliance"><con:configuration/></con:assertion><con:wsaConfig action="http://fidus.brussels/service/civilstatusnotificationservice/createNotification"/></con:request></con:config></con:testStep><con:testStep type="request" id="7062ed30-4003-4e3c-97ad-cb4d399b1309" name="testcase4- STAGING - Worker 1 - Request"><con:settings/><con:config xsi:type="con:RequestStep" xmlns:xsi="http://www.w3.org/2001/XMLSchema-instance"><con:interface>CivilStatusNotificationService_v1.0Soap11Binding</con:interface><con:operation>createNotification</con:operation><con:request name="testcase4- STAGING - Worker 1 - Request" id="05e66c92-3419-4df2-94f9-5bdcd3a1221f" outgoingWss="Outflow STAG"><con:settings/><con:encoding>UTF-8</con:encoding><con:endpoint>https://192.168.24.57:8443/services/CivilStatusNotificationService_v1.0</con:endpoint><con:request><![CDATA[<soapenv:Envelope xmlns:soapenv="http://schemas.xmlsoap.org/soap/envelope/" xmlns:core="http://www.fgov.be/dabs/core" xmlns:v1="http://fidus.brussels/service/civilstatusnotificationservice/messages/v1" xmlns:v11="http://fidus.brussels/type/common/messages/v1">
   <soapenv:Header/>
   <soapenv:Body>
      <v1:createNotificationRequest>
         <v1:messageContext>
            <v11:messageId>${=import static java.util.UUID.randomUUID; uuid = randomUUID() as String}</v11:messageId>
            <v11:timestamp>${=new java.text.SimpleDateFormat("yyyy-MM-dd'T'HH:mm:ss.SSS").format(new Date())}</v11:timestamp>
         </v1:messageContext>
         <v1:legalContext>None</v1:legalContext>
         <v1:language>fr</v1:language>
         <v1:request>
            <notification>
               <!--Optional:-->
               <id>2662</id>
            <!--Optional:-->
            <creationDate>${=new java.text.SimpleDateFormat("yyyy-MM-dd'T'HH:mm:ss.SSS").format(new Date())}</creationDate>
            <destination>01050</destination>
            <!--Optional:-->
            <generatedby>23025</generatedby>
               <!--Optional:-->
               <message xsi:type="core:textMessage" xmlns:xsi="http://www.w3.org/2001/XMLSchema-instance">
               <!--Optional:
                  <id>1111111</id>-->
               <!--Optional:-->
               <status>CREATED</status>
               <!--Optional:-->
               <statusDate>${=new java.text.SimpleDateFormat("yyyy-MM-dd'T'HH:mm:ss.SSS").format(new Date())}</statusDate>
               <!--Optional:
                  <docReference>123</docReference>-->
               <messageTextType>TEXT_COMMUNICATION</messageTextType>
               <messageTextTitle>bla bla</messageTextTitle>
               <messageTextContent>M bla bla bla</messageTextContent>
               </message>
            </notification>
         </v1:request>
      </v1:createNotificationRequest>
   </soapenv:Body>
</soapenv:Envelope>]]></con:request><con:assertion type="SOAP Fault Assertion" id="094b2e62-c9a4-4794-abed-74fe7a4ee777" name="Not SOAP Fault"/><con:assertion type="SOAP Response" id="8335c4f4-0160-4178-b688-601994573c07" name="SOAP Response"/><con:assertion type="Schema Compliance" id="cdd172c3-71a9-40d4-b75c-e88d02067a74" name="Schema Compliance"><con:configuration/></con:assertion><con:wsaConfig action="http://fidus.brussels/service/civilstatusnotificationservice/createNotification"/></con:request></con:config></con:testStep><con:testStep type="request" id="bbe34f84-8b57-4fb6-afaf-b04befcbc132" name="testcase4- STAGING - Worker 2 - Request"><con:settings/><con:config xsi:type="con:RequestStep" xmlns:xsi="http://www.w3.org/2001/XMLSchema-instance"><con:interface>CivilStatusNotificationService_v1.0Soap11Binding</con:interface><con:operation>createNotification</con:operation><con:request name="testcase4- STAGING - Worker 2 - Request" id="116fc22f-d359-46a7-bbc7-a3037d8996f9" outgoingWss="Outflow STAG"><con:settings/><con:encoding>UTF-8</con:encoding><con:endpoint>https://192.168.24.64:8443/services/CivilStatusNotificationService_v1.0</con:endpoint><con:request><![CDATA[<soapenv:Envelope xmlns:soapenv="http://schemas.xmlsoap.org/soap/envelope/" xmlns:core="http://www.fgov.be/dabs/core" xmlns:v1="http://fidus.brussels/service/civilstatusnotificationservice/messages/v1" xmlns:v11="http://fidus.brussels/type/common/messages/v1">
   <soapenv:Header/>
   <soapenv:Body>
      <v1:createNotificationRequest>
         <v1:messageContext>
            <v11:messageId>${=import static java.util.UUID.randomUUID; uuid = randomUUID() as String}</v11:messageId>
            <v11:timestamp>${=new java.text.SimpleDateFormat("yyyy-MM-dd'T'HH:mm:ss.SSS").format(new Date())}</v11:timestamp>
         </v1:messageContext>
         <v1:legalContext>None</v1:legalContext>
         <v1:language>fr</v1:language>
         <v1:request>
            <notification>
               <!--Optional:-->
               <id>2662</id>
            <!--Optional:-->
            <creationDate>${=new java.text.SimpleDateFormat("yyyy-MM-dd'T'HH:mm:ss.SSS").format(new Date())}</creationDate>
            <destination>01050</destination>
            <!--Optional:-->
            <generatedby>23025</generatedby>
               <!--Optional:-->
               <message xsi:type="core:textMessage" xmlns:xsi="http://www.w3.org/2001/XMLSchema-instance">
               <!--Optional:
                  <id>1111111</id>-->
               <!--Optional:-->
               <status>CREATED</status>
               <!--Optional:-->
               <statusDate>${=new java.text.SimpleDateFormat("yyyy-MM-dd'T'HH:mm:ss.SSS").format(new Date())}</statusDate>
               <!--Optional:
                  <docReference>123</docReference>-->
               <messageTextType>TEXT_COMMUNICATION</messageTextType>
               <messageTextTitle>bla bla</messageTextTitle>
               <messageTextContent>M bla bla bla</messageTextContent>
               </message>
            </notification>
         </v1:request>
      </v1:createNotificationRequest>
   </soapenv:Body>
</soapenv:Envelope>]]></con:request><con:assertion type="SOAP Fault Assertion" id="389d22ed-96c3-42fc-8d06-fa571a141de8" name="Not SOAP Fault"/><con:assertion type="SOAP Response" id="fd32fe72-ebbf-469a-87b1-463345059be1" name="SOAP Response"/><con:assertion type="Schema Compliance" id="6718ecd3-fd66-4026-b415-bd3a10ca57b7" name="Schema Compliance"><con:configuration/></con:assertion><con:wsaConfig action="http://fidus.brussels/service/civilstatusnotificationservice/createNotification"/></con:request></con:config></con:testStep><con:properties/></con:testCase><con:testCase id="96bf9ad1-e616-4cb5-9f59-1267aaee469f" failOnError="true" failTestCaseOnErrors="true" keepSession="false" maxResults="0" name="getMyMessagesStatus" searchProperties="true"><con:settings/><con:testStep type="request" id="7769f6a9-36ec-41ce-8cb5-8ece0c4437b4" name="testcase4- STAGING - External  - Request"><con:settings/><con:config xsi:type="con:RequestStep" xmlns:xsi="http://www.w3.org/2001/XMLSchema-instance"><con:interface>CivilStatusNotificationService_v1.0Soap11Binding</con:interface><con:operation>getMyMessagesStatus</con:operation><con:request name="testcase4- STAGING - External  - Request" id="edff4872-9348-482a-8aea-d1359a31b619" outgoingWss="Outflow STAG"><con:settings/><con:encoding>UTF-8</con:encoding><con:endpoint>https://fidus.irisnetlab.be/services/CivilStatusNotificationService_v1.0</con:endpoint><con:request><![CDATA[<soapenv:Envelope xmlns:soapenv="http://schemas.xmlsoap.org/soap/envelope/" xmlns:v1="http://fidus.brussels/service/civilstatusnotificationservice/messages/v1" xmlns:v11="http://fidus.brussels/type/common/messages/v1">
   <soapenv:Header/>
   <soapenv:Body>
      <v1:getMyMessagesStatusRequest>
         <v1:messageContext>
            <v11:messageId>${=import static java.util.UUID.randomUUID; uuid = randomUUID() as String}</v11:messageId>
            <v11:timestamp>${=new java.text.SimpleDateFormat("yyyy-MM-dd'T'HH:mm:ss.SSS").format(new Date())}</v11:timestamp>
         </v1:messageContext>
         <v1:legalContext>None</v1:legalContext>
         <v1:language>fr</v1:language>
         <v1:request>
            <!--Optional:-->
            <from>2016-06-18T17:20:14.449</from>
            <!--Optional:-->
            <to>2019-06-18T17:20:14.449</to>
            <!--Optional:-->
            <withClosed>true</withClosed>
            <!--Optional:-->
            <messageId>1273</messageId>
            <notificationId>2667</notificationId>
         </v1:request>
      </v1:getMyMessagesStatusRequest>
   </soapenv:Body>
</soapenv:Envelope>]]></con:request><con:assertion type="SOAP Fault Assertion" id="9ffb8b2c-e4bc-41b5-a5c3-1cfa2eb3fe97" name="Not SOAP Fault"/><con:assertion type="SOAP Response" id="0b6586f0-fc16-4c2f-be65-268ce0b2c977" name="SOAP Response"/><con:assertion type="Schema Compliance" id="76e044b6-e8bb-42bc-8705-9046af87edfc" name="Schema Compliance"><con:configuration/></con:assertion><con:wsaConfig action="http://fidus.brussels/service/civilstatusnotificationservice/getMyMessagesStatus"/></con:request></con:config></con:testStep><con:testStep type="request" id="fa48273e-1a04-4a44-b886-e0479ee4f646" name="testcase4- STAGING - LB  - Request"><con:settings/><con:config xsi:type="con:RequestStep" xmlns:xsi="http://www.w3.org/2001/XMLSchema-instance"><con:interface>CivilStatusNotificationService_v1.0Soap11Binding</con:interface><con:operation>getMyMessagesStatus</con:operation><con:request name="testcase4- STAGING - LB  - Request" id="12ceb462-24d1-418c-8a44-7b17dad90426" outgoingWss="Outflow STAG"><con:settings/><con:encoding>UTF-8</con:encoding><con:endpoint>https://fidus-esb-sg.sta.srv.cirb.lan:8443/services/CivilStatusNotificationService_v1.0</con:endpoint><con:request><![CDATA[<soapenv:Envelope xmlns:soapenv="http://schemas.xmlsoap.org/soap/envelope/" xmlns:v1="http://fidus.brussels/service/civilstatusnotificationservice/messages/v1" xmlns:v11="http://fidus.brussels/type/common/messages/v1">
   <soapenv:Header/>
   <soapenv:Body>
      <v1:getMyMessagesStatusRequest>
         <v1:messageContext>
            <v11:messageId>${=import static java.util.UUID.randomUUID; uuid = randomUUID() as String}</v11:messageId>
            <v11:timestamp>${=new java.text.SimpleDateFormat("yyyy-MM-dd'T'HH:mm:ss.SSS").format(new Date())}</v11:timestamp>
         </v1:messageContext>
         <v1:legalContext>None</v1:legalContext>
         <v1:language>fr</v1:language>
         <v1:request>
            <!--Optional:-->
            <from>2016-06-18T17:20:14.449</from>
            <!--Optional:-->
            <to>2019-06-18T17:20:14.449</to>
            <!--Optional:-->
            <withClosed>true</withClosed>
            <!--Optional:-->
            <messageId>1273</messageId>
            <notificationId>2667</notificationId>
         </v1:request>
      </v1:getMyMessagesStatusRequest>
   </soapenv:Body>
</soapenv:Envelope>]]></con:request><con:assertion type="SOAP Fault Assertion" id="036fc52a-7e92-4ab2-9e87-d30c40c9fa26" name="Not SOAP Fault"/><con:assertion type="SOAP Response" id="b734a0d6-8f43-4333-a5be-83a5586eddb4" name="SOAP Response"/><con:assertion type="Schema Compliance" id="ec4dbd05-55e8-424c-a1e8-d3fd7fcf86b2" name="Schema Compliance"><con:configuration/></con:assertion><con:wsaConfig action="http://fidus.brussels/service/civilstatusnotificationservice/getMyMessagesStatus"/></con:request></con:config></con:testStep><con:testStep type="request" id="77bd4592-bb17-4b71-bb1b-c2c375e80385" name="testcase4- STAGING - Worker 1  - Request"><con:settings/><con:config xsi:type="con:RequestStep" xmlns:xsi="http://www.w3.org/2001/XMLSchema-instance"><con:interface>CivilStatusNotificationService_v1.0Soap11Binding</con:interface><con:operation>getMyMessagesStatus</con:operation><con:request name="testcase4- STAGING - Worker 1  - Request" id="f5a60220-96ae-43f2-891d-da045d9603fa" outgoingWss="Outflow STAG"><con:settings/><con:encoding>UTF-8</con:encoding><con:endpoint>https://192.168.24.57:8443/services/CivilStatusNotificationService_v1.0</con:endpoint><con:request><![CDATA[<soapenv:Envelope xmlns:soapenv="http://schemas.xmlsoap.org/soap/envelope/" xmlns:v1="http://fidus.brussels/service/civilstatusnotificationservice/messages/v1" xmlns:v11="http://fidus.brussels/type/common/messages/v1">
   <soapenv:Header/>
   <soapenv:Body>
      <v1:getMyMessagesStatusRequest>
         <v1:messageContext>
            <v11:messageId>${=import static java.util.UUID.randomUUID; uuid = randomUUID() as String}</v11:messageId>
            <v11:timestamp>${=new java.text.SimpleDateFormat("yyyy-MM-dd'T'HH:mm:ss.SSS").format(new Date())}</v11:timestamp>
         </v1:messageContext>
         <v1:legalContext>None</v1:legalContext>
         <v1:language>fr</v1:language>
         <v1:request>
            <!--Optional:-->
            <from>2016-06-18T17:20:14.449</from>
            <!--Optional:-->
            <to>2019-06-18T17:20:14.449</to>
            <!--Optional:-->
            <withClosed>true</withClosed>
            <!--Optional:-->
            <messageId>1273</messageId>
            <notificationId>2667</notificationId>
         </v1:request>
      </v1:getMyMessagesStatusRequest>
   </soapenv:Body>
</soapenv:Envelope>]]></con:request><con:assertion type="SOAP Fault Assertion" id="5b4743c3-c3d5-477e-b0f6-fe9bdaac04de" name="Not SOAP Fault"/><con:assertion type="SOAP Response" id="699c5a8f-d4d0-4533-8c7e-fd1cd40b5fe8" name="SOAP Response"/><con:assertion type="Schema Compliance" id="d78d43e7-c1f7-453b-830b-faf3bd001e2a" name="Schema Compliance"><con:configuration/></con:assertion><con:wsaConfig action="http://fidus.brussels/service/civilstatusnotificationservice/getMyMessagesStatus"/></con:request></con:config></con:testStep><con:testStep type="request" id="4711409a-ff0a-4024-b3f8-534bfa81ae9b" name="testcase4- STAGING - Worker 2  - Request"><con:settings/><con:config xsi:type="con:RequestStep" xmlns:xsi="http://www.w3.org/2001/XMLSchema-instance"><con:interface>CivilStatusNotificationService_v1.0Soap11Binding</con:interface><con:operation>getMyMessagesStatus</con:operation><con:request name="testcase4- STAGING - Worker 2  - Request" id="a0e95bdf-3f41-4be5-8fb8-8a663c45b5de" outgoingWss="Outflow STAG"><con:settings/><con:encoding>UTF-8</con:encoding><con:endpoint>https://192.168.24.64:8443/services/CivilStatusNotificationService_v1.0</con:endpoint><con:request><![CDATA[<soapenv:Envelope xmlns:soapenv="http://schemas.xmlsoap.org/soap/envelope/" xmlns:v1="http://fidus.brussels/service/civilstatusnotificationservice/messages/v1" xmlns:v11="http://fidus.brussels/type/common/messages/v1">
   <soapenv:Header/>
   <soapenv:Body>
      <v1:getMyMessagesStatusRequest>
         <v1:messageContext>
            <v11:messageId>${=import static java.util.UUID.randomUUID; uuid = randomUUID() as String}</v11:messageId>
            <v11:timestamp>${=new java.text.SimpleDateFormat("yyyy-MM-dd'T'HH:mm:ss.SSS").format(new Date())}</v11:timestamp>
         </v1:messageContext>
         <v1:legalContext>None</v1:legalContext>
         <v1:language>fr</v1:language>
         <v1:request>
            <!--Optional:-->
            <from>2016-06-18T17:20:14.449</from>
            <!--Optional:-->
            <to>2019-06-18T17:20:14.449</to>
            <!--Optional:-->
            <withClosed>true</withClosed>
            <!--Optional:-->
            <messageId>1273</messageId>
            <notificationId>2667</notificationId>
         </v1:request>
      </v1:getMyMessagesStatusRequest>
   </soapenv:Body>
</soapenv:Envelope>]]></con:request><con:assertion type="SOAP Fault Assertion" id="2c0917fd-a189-4817-9874-7f00f7f1989b" name="Not SOAP Fault"/><con:assertion type="SOAP Response" id="e9d82860-0fd9-48f7-a260-dbedbeb3a663" name="SOAP Response"/><con:assertion type="Schema Compliance" id="99db3a73-0770-4860-a481-56abae504c79" name="Schema Compliance"><con:configuration/></con:assertion><con:wsaConfig action="http://fidus.brussels/service/civilstatusnotificationservice/getMyMessagesStatus"/></con:request></con:config></con:testStep><con:properties/></con:testCase><con:testCase id="d0022929-f60b-4503-a76f-e641635bf225" failOnError="true" failTestCaseOnErrors="true" keepSession="false" maxResults="0" name="getNotifications" searchProperties="true"><con:settings/><con:testStep type="request" id="8bf6b83e-34fb-4043-b129-ef2f3a9b6079" name="testcase4- STAGING - External  - Request"><con:settings/><con:config xsi:type="con:RequestStep" xmlns:xsi="http://www.w3.org/2001/XMLSchema-instance"><con:interface>CivilStatusNotificationService_v1.0Soap11Binding</con:interface><con:operation>getNotifications</con:operation><con:request name="testcase4- STAGING - External  - Request" id="dd3a3b6d-9f13-4e16-883f-044e6c7a4f18" outgoingWss="Outflow STAG"><con:settings/><con:encoding>UTF-8</con:encoding><con:endpoint>https://fidus-esb-sg.sta.srv.cirb.lan:8443/services/CivilStatusNotificationService_v1.0</con:endpoint><con:request><![CDATA[<soapenv:Envelope xmlns:soapenv="http://schemas.xmlsoap.org/soap/envelope/" xmlns:v1="http://fidus.brussels/service/civilstatusnotificationservice/messages/v1" xmlns:v11="http://fidus.brussels/type/common/messages/v1">
   <soapenv:Header/>
   <soapenv:Body>
      <v1:getNotificationsRequest>
         <v1:messageContext>
            <v11:messageId>${=import static java.util.UUID.randomUUID; uuid = randomUUID() as String}</v11:messageId>
            <!--Optional:-->
            <v11:timestamp>${=new java.text.SimpleDateFormat("yyyy-MM-dd'T'HH:mm:ss.SSS").format(new Date())}</v11:timestamp>
         </v1:messageContext>
         <v1:legalContext>None</v1:legalContext>
         <v1:language>fr</v1:language>
         <v1:request>
             <!--Optional:-->
            <from>2016-06-18T17:20:14.449</from>
            <!--Optional:-->
            <to>2019-06-18T17:20:14.449</to>
            <!--Optional:-->
            <messageId>1273</messageId>
            <!--Optional:-->
            <notificationId>2667</notificationId>
            <!--Optional:-->
            <niscode>10500</niscode>
         </v1:request>
      </v1:getNotificationsRequest>
   </soapenv:Body>
</soapenv:Envelope>]]></con:request><con:assertion type="SOAP Fault Assertion" id="1718e58c-2f2b-4029-bbf0-7ec20bb98d01" name="Not SOAP Fault"/><con:assertion type="SOAP Response" id="6e7faf6f-8152-4331-80bd-dddc473fc19e" name="SOAP Response"/><con:assertion type="Schema Compliance" id="1eb56e8f-f988-4f0b-9117-2f09678be79c" name="Schema Compliance"><con:configuration/></con:assertion><con:wsaConfig action="http://fidus.brussels/service/civilstatusnotificationservice/getNotifications"/></con:request></con:config></con:testStep><con:testStep type="request" id="5f653081-c9db-4cae-8ecc-6d8d476636ea" name="testcase4- STAGING - LB  - Request"><con:settings/><con:config xsi:type="con:RequestStep" xmlns:xsi="http://www.w3.org/2001/XMLSchema-instance"><con:interface>CivilStatusNotificationService_v1.0Soap11Binding</con:interface><con:operation>getNotifications</con:operation><con:request name="testcase4- STAGING - LB  - Request" id="34a9308b-7514-4b1d-baa3-96400c18dd02" outgoingWss="Outflow STAG"><con:settings/><con:encoding>UTF-8</con:encoding><con:endpoint>https://fidus-esb-sg.sta.srv.cirb.lan:8443/services/CivilStatusNotificationService_v1.0</con:endpoint><con:request><![CDATA[<soapenv:Envelope xmlns:soapenv="http://schemas.xmlsoap.org/soap/envelope/" xmlns:v1="http://fidus.brussels/service/civilstatusnotificationservice/messages/v1" xmlns:v11="http://fidus.brussels/type/common/messages/v1">
   <soapenv:Header/>
   <soapenv:Body>
      <v1:getNotificationsRequest>
         <v1:messageContext>
            <v11:messageId>${=import static java.util.UUID.randomUUID; uuid = randomUUID() as String}</v11:messageId>
            <!--Optional:-->
            <v11:timestamp>${=new java.text.SimpleDateFormat("yyyy-MM-dd'T'HH:mm:ss.SSS").format(new Date())}</v11:timestamp>
         </v1:messageContext>
         <v1:legalContext>None</v1:legalContext>
         <v1:language>fr</v1:language>
         <v1:request>
             <!--Optional:-->
            <from>2016-06-18T17:20:14.449</from>
            <!--Optional:-->
            <to>2019-06-18T17:20:14.449</to>
            <!--Optional:-->
            <messageId>1273</messageId>
            <!--Optional:-->
            <notificationId>2667</notificationId>
            <!--Optional:-->
            <niscode>10500</niscode>
         </v1:request>
      </v1:getNotificationsRequest>
   </soapenv:Body>
</soapenv:Envelope>]]></con:request><con:assertion type="SOAP Fault Assertion" id="6d352181-2e81-4bb9-968f-1f6d550fbb78" name="Not SOAP Fault"/><con:assertion type="SOAP Response" id="18455015-6a87-49d3-8c63-374aef51448a" name="SOAP Response"/><con:assertion type="Schema Compliance" id="bb191104-873a-49a5-8c05-81ce05a1317c" name="Schema Compliance"><con:configuration/></con:assertion><con:wsaConfig action="http://fidus.brussels/service/civilstatusnotificationservice/getNotifications"/></con:request></con:config></con:testStep><con:testStep type="request" id="e89103c5-d19a-47fb-846d-daaa92d5ccf2" name="testcase4- STAGING - Worker 1  - Request"><con:settings/><con:config xsi:type="con:RequestStep" xmlns:xsi="http://www.w3.org/2001/XMLSchema-instance"><con:interface>CivilStatusNotificationService_v1.0Soap11Binding</con:interface><con:operation>getNotifications</con:operation><con:request name="testcase4- STAGING - Worker 1  - Request" id="13461ddb-e88a-40d3-9de4-152a9bb46471" outgoingWss="Outflow STAG"><con:settings/><con:encoding>UTF-8</con:encoding><con:endpoint>https://192.168.24.57:8443/services/CivilStatusNotificationService_v1.0</con:endpoint><con:request><![CDATA[<soapenv:Envelope xmlns:soapenv="http://schemas.xmlsoap.org/soap/envelope/" xmlns:v1="http://fidus.brussels/service/civilstatusnotificationservice/messages/v1" xmlns:v11="http://fidus.brussels/type/common/messages/v1">
   <soapenv:Header/>
   <soapenv:Body>
      <v1:getNotificationsRequest>
         <v1:messageContext>
            <v11:messageId>${=import static java.util.UUID.randomUUID; uuid = randomUUID() as String}</v11:messageId>
            <!--Optional:-->
            <v11:timestamp>${=new java.text.SimpleDateFormat("yyyy-MM-dd'T'HH:mm:ss.SSS").format(new Date())}</v11:timestamp>
         </v1:messageContext>
         <v1:legalContext>None</v1:legalContext>
         <v1:language>fr</v1:language>
         <v1:request>
             <!--Optional:-->
            <from>2016-06-18T17:20:14.449</from>
            <!--Optional:-->
            <to>2019-06-18T17:20:14.449</to>
            <!--Optional:-->
            <messageId>1273</messageId>
            <!--Optional:-->
            <notificationId>2667</notificationId>
            <!--Optional:-->
            <niscode>10500</niscode>
         </v1:request>
      </v1:getNotificationsRequest>
   </soapenv:Body>
</soapenv:Envelope>]]></con:request><con:assertion type="SOAP Fault Assertion" id="16e25204-5ab8-4346-b392-27d8106f3c7c" name="Not SOAP Fault"/><con:assertion type="SOAP Response" id="d05aaebd-d8ae-4a04-9d74-e0f2194f211a" name="SOAP Response"/><con:assertion type="Schema Compliance" id="f836547b-87b4-4dee-bd84-717383eccf2b" name="Schema Compliance"><con:configuration/></con:assertion><con:wsaConfig action="http://fidus.brussels/service/civilstatusnotificationservice/getNotifications"/></con:request></con:config></con:testStep><con:testStep type="request" id="dc688623-6200-4f93-be1c-39ec8f050296" name="testcase4- STAGING - Worker 2  - Request"><con:settings/><con:config xsi:type="con:RequestStep" xmlns:xsi="http://www.w3.org/2001/XMLSchema-instance"><con:interface>CivilStatusNotificationService_v1.0Soap11Binding</con:interface><con:operation>getNotifications</con:operation><con:request name="testcase4- STAGING - Worker 2  - Request" id="92e2d384-cc22-42e5-95c2-aa46740b2662" outgoingWss="Outflow STAG"><con:settings/><con:encoding>UTF-8</con:encoding><con:endpoint>https://192.168.24.64:8443/services/CivilStatusNotificationService_v1.0</con:endpoint><con:request><![CDATA[<soapenv:Envelope xmlns:soapenv="http://schemas.xmlsoap.org/soap/envelope/" xmlns:v1="http://fidus.brussels/service/civilstatusnotificationservice/messages/v1" xmlns:v11="http://fidus.brussels/type/common/messages/v1">
   <soapenv:Header/>
   <soapenv:Body>
      <v1:getNotificationsRequest>
         <v1:messageContext>
            <v11:messageId>${=import static java.util.UUID.randomUUID; uuid = randomUUID() as String}</v11:messageId>
            <!--Optional:-->
            <v11:timestamp>${=new java.text.SimpleDateFormat("yyyy-MM-dd'T'HH:mm:ss.SSS").format(new Date())}</v11:timestamp>
         </v1:messageContext>
         <v1:legalContext>None</v1:legalContext>
         <v1:language>fr</v1:language>
         <v1:request>
             <!--Optional:-->
            <from>2016-06-18T17:20:14.449</from>
            <!--Optional:-->
            <to>2019-06-18T17:20:14.449</to>
            <!--Optional:-->
            <messageId>1273</messageId>
            <!--Optional:-->
            <notificationId>2667</notificationId>
            <!--Optional:-->
            <niscode>10500</niscode>
         </v1:request>
      </v1:getNotificationsRequest>
   </soapenv:Body>
</soapenv:Envelope>]]></con:request><con:assertion type="SOAP Fault Assertion" id="89f5786f-af54-4673-9b6f-786473d5b8b8" name="Not SOAP Fault"/><con:assertion type="SOAP Response" id="43e418da-a296-4134-9132-fd0117afb724" name="SOAP Response"/><con:assertion type="Schema Compliance" id="3b103eeb-dc0b-4e49-8b34-0281bbc0a577" name="Schema Compliance"><con:configuration/></con:assertion><con:wsaConfig action="http://fidus.brussels/service/civilstatusnotificationservice/getNotifications"/></con:request></con:config></con:testStep><con:properties/></con:testCase><con:testCase id="2245aab3-0c41-4be7-8af9-bcb07b704332" failOnError="true" failTestCaseOnErrors="true" keepSession="false" maxResults="0" name="modifyMessageStatus" searchProperties="true"><con:settings/><con:testStep type="request" id="59d89b83-bc2b-4364-9e56-c76091be3bb8" name="testcase4- STAGING - External  - Request"><con:settings/><con:config xsi:type="con:RequestStep" xmlns:xsi="http://www.w3.org/2001/XMLSchema-instance"><con:interface>CivilStatusNotificationService_v1.0Soap11Binding</con:interface><con:operation>modifyMessageStatus</con:operation><con:request name="testcase4- STAGING - External  - Request" id="399c65a1-605e-486b-821d-497b38b81f06" outgoingWss="Outflow STAG"><con:settings/><con:encoding>UTF-8</con:encoding><con:endpoint>https://fidus.irisnetlab.be/services/CivilStatusNotificationService_v1.0</con:endpoint><con:request><![CDATA[<soapenv:Envelope xmlns:soapenv="http://schemas.xmlsoap.org/soap/envelope/" xmlns:v1="http://fidus.brussels/service/civilstatusnotificationservice/messages/v1" xmlns:v11="http://fidus.brussels/type/common/messages/v1">
   <soapenv:Header/>
   <soapenv:Body>
      <v1:modifyMessageStatusRequest>
            <v1:messageContext>
            <v11:messageId>${=import static java.util.UUID.randomUUID; uuid = randomUUID() as String}</v11:messageId>
            <v11:timestamp>${=new java.text.SimpleDateFormat("yyyy-MM-dd'T'HH:mm:ss.SSS").format(new Date())}</v11:timestamp>
         </v1:messageContext>
          <v1:legalContext>None</v1:legalContext>
          <v1:language>fr</v1:language>
         <v1:request>
            <!--Optional:-->
            <notificationId>123</notificationId>
            <!--Optional:-->
            <status>CREATED</status>
         </v1:request>
      </v1:modifyMessageStatusRequest>
   </soapenv:Body>
</soapenv:Envelope>]]></con:request><con:assertion type="SOAP Fault Assertion" id="fa2040cf-5adc-4d90-a658-377ad2514150" name="Not SOAP Fault"/><con:assertion type="SOAP Response" id="f5fdbf95-cb41-4d89-b708-7705f838b704" name="SOAP Response"/><con:assertion type="Schema Compliance" id="91487812-7ea7-4dfb-b873-254299e419da" name="Schema Compliance"><con:configuration/></con:assertion><con:wsaConfig action="http://fidus.brussels/service/civilstatusnotificationservice/modifyMessageStatus"/></con:request></con:config></con:testStep><con:testStep type="request" id="bd6c0470-38ed-4921-a119-7f48de29674b" name="testcase4- STAGING - LB  - Request"><con:settings/><con:config xsi:type="con:RequestStep" xmlns:xsi="http://www.w3.org/2001/XMLSchema-instance"><con:interface>CivilStatusNotificationService_v1.0Soap11Binding</con:interface><con:operation>modifyMessageStatus</con:operation><con:request name="testcase4- STAGING - LB  - Request" id="290bd4ed-4dfe-4b8e-8c7c-87536b29a2e3" outgoingWss="Outflow STAG"><con:settings/><con:encoding>UTF-8</con:encoding><con:endpoint>https://fidus-esb-sg.sta.srv.cirb.lan:8443/services/CivilStatusNotificationService_v1.0</con:endpoint><con:request><![CDATA[<soapenv:Envelope xmlns:soapenv="http://schemas.xmlsoap.org/soap/envelope/" xmlns:v1="http://fidus.brussels/service/civilstatusnotificationservice/messages/v1" xmlns:v11="http://fidus.brussels/type/common/messages/v1">
   <soapenv:Header/>
   <soapenv:Body>
      <v1:modifyMessageStatusRequest>
            <v1:messageContext>
            <v11:messageId>${=import static java.util.UUID.randomUUID; uuid = randomUUID() as String}</v11:messageId>
            <v11:timestamp>${=new java.text.SimpleDateFormat("yyyy-MM-dd'T'HH:mm:ss.SSS").format(new Date())}</v11:timestamp>
         </v1:messageContext>
          <v1:legalContext>None</v1:legalContext>
          <v1:language>fr</v1:language>
         <v1:request>
            <!--Optional:-->
            <notificationId>123</notificationId>
            <!--Optional:-->
            <status>CREATED</status>
         </v1:request>
      </v1:modifyMessageStatusRequest>
   </soapenv:Body>
</soapenv:Envelope>]]></con:request><con:assertion type="SOAP Fault Assertion" id="818d7db7-40fe-4350-8717-f6b29a7f9f01" name="Not SOAP Fault"/><con:assertion type="SOAP Response" id="8b3830ca-fdb1-43b8-9907-5bacef775d1e" name="SOAP Response"/><con:assertion type="Schema Compliance" id="ee89c0a4-14dc-4f6b-afa4-e1c43d5dc4ac" name="Schema Compliance"><con:configuration/></con:assertion><con:wsaConfig action="http://fidus.brussels/service/civilstatusnotificationservice/modifyMessageStatus"/></con:request></con:config></con:testStep><con:testStep type="request" id="e148bf0b-2164-42f8-bfd4-0b979759424a" name="testcase4- STAGING - Worker 1  - Request"><con:settings/><con:config xsi:type="con:RequestStep" xmlns:xsi="http://www.w3.org/2001/XMLSchema-instance"><con:interface>CivilStatusNotificationService_v1.0Soap11Binding</con:interface><con:operation>modifyMessageStatus</con:operation><con:request name="testcase4- STAGING - Worker 1  - Request" id="fc0425e6-e695-403c-a5f5-821eafa95f1e" outgoingWss="Outflow STAG"><con:settings/><con:encoding>UTF-8</con:encoding><con:endpoint>https://192.168.24.51:8443/services/CivilStatusNotificationService_v1.0</con:endpoint><con:request><![CDATA[<soapenv:Envelope xmlns:soapenv="http://schemas.xmlsoap.org/soap/envelope/" xmlns:v1="http://fidus.brussels/service/civilstatusnotificationservice/messages/v1" xmlns:v11="http://fidus.brussels/type/common/messages/v1">
   <soapenv:Header/>
   <soapenv:Body>
      <v1:modifyMessageStatusRequest>
            <v1:messageContext>
            <v11:messageId>${=import static java.util.UUID.randomUUID; uuid = randomUUID() as String}</v11:messageId>
            <v11:timestamp>${=new java.text.SimpleDateFormat("yyyy-MM-dd'T'HH:mm:ss.SSS").format(new Date())}</v11:timestamp>
         </v1:messageContext>
          <v1:legalContext>None</v1:legalContext>
          <v1:language>fr</v1:language>
         <v1:request>
            <!--Optional:-->
            <notificationId>123</notificationId>
            <!--Optional:-->
            <status>CREATED</status>
         </v1:request>
      </v1:modifyMessageStatusRequest>
   </soapenv:Body>
</soapenv:Envelope>]]></con:request><con:assertion type="SOAP Fault Assertion" id="0e82f9c7-f892-40ab-b889-cf8405ed0d34" name="Not SOAP Fault"/><con:assertion type="SOAP Response" id="9e6b7e8c-bfc5-418c-9a76-fe2b36e38752" name="SOAP Response"/><con:assertion type="Schema Compliance" id="23aa0285-6d83-4d5d-8520-4271d003623e" name="Schema Compliance"><con:configuration/></con:assertion><con:wsaConfig action="http://fidus.brussels/service/civilstatusnotificationservice/modifyMessageStatus"/></con:request></con:config></con:testStep><con:testStep type="request" id="3b7b1315-2aa6-4cfb-8604-5aa9f4eb4a00" name="testcase4- STAGING - Worker 2  - Request"><con:settings/><con:config xsi:type="con:RequestStep" xmlns:xsi="http://www.w3.org/2001/XMLSchema-instance"><con:interface>CivilStatusNotificationService_v1.0Soap11Binding</con:interface><con:operation>modifyMessageStatus</con:operation><con:request name="testcase4- STAGING - Worker 2  - Request" id="0e8093af-7081-420f-939e-a6eba1df73bc" outgoingWss="Outflow STAG"><con:settings/><con:encoding>UTF-8</con:encoding><con:endpoint>https://192.168.24.64:8443/services/CivilStatusNotificationService_v1.0</con:endpoint><con:request><![CDATA[<soapenv:Envelope xmlns:soapenv="http://schemas.xmlsoap.org/soap/envelope/" xmlns:v1="http://fidus.brussels/service/civilstatusnotificationservice/messages/v1" xmlns:v11="http://fidus.brussels/type/common/messages/v1">
   <soapenv:Header/>
   <soapenv:Body>
      <v1:modifyMessageStatusRequest>
            <v1:messageContext>
            <v11:messageId>${=import static java.util.UUID.randomUUID; uuid = randomUUID() as String}</v11:messageId>
            <v11:timestamp>${=new java.text.SimpleDateFormat("yyyy-MM-dd'T'HH:mm:ss.SSS").format(new Date())}</v11:timestamp>
         </v1:messageContext>
          <v1:legalContext>None</v1:legalContext>
          <v1:language>fr</v1:language>
         <v1:request>
            <!--Optional:-->
            <notificationId>123</notificationId>
            <!--Optional:-->
            <status>CREATED</status>
         </v1:request>
      </v1:modifyMessageStatusRequest>
   </soapenv:Body>
</soapenv:Envelope>]]></con:request><con:assertion type="SOAP Fault Assertion" id="26d76b15-6fa7-4420-85f4-860049d18f81" name="Not SOAP Fault"/><con:assertion type="SOAP Response" id="aab8ee08-4665-4eeb-8113-096b99309c69" name="SOAP Response"/><con:assertion type="Schema Compliance" id="33b3e810-00a2-4512-89f6-0a6dee72f2b0" name="Schema Compliance"><con:configuration/></con:assertion><con:wsaConfig action="http://fidus.brussels/service/civilstatusnotificationservice/modifyMessageStatus"/></con:request></con:config></con:testStep><con:properties/></con:testCase><con:properties/></con:testSuite><con:properties/><con:wssContainer><con:crypto><con:source>data/wso2/keystores/user-rajarshi.jks</con:source><con:password>test@fidus01</con:password><con:type>KEYSTORE</con:type></con:crypto><con:outgoing><con:name>Outflow DEV</con:name></con:outgoing><con:outgoing><con:name>Outflow TEST</con:name><con:entry type="Signature" username="testuser-test.fidus.brussels" password="test@fidus01"><con:configuration><crypto>user-rajarshi.jks</crypto><keyIdentifierType>3</keyIdentifierType><signatureAlgorithm/><signatureCanonicalization/><useSingleCert>true</useSingleCert><digestAlgorithm/><customTokenValueType/><customTokenId/></con:configuration></con:entry><con:entry type="Timestamp"><con:configuration><timeToLive>300000</timeToLive><strictTimestamp>true</strictTimestamp></con:configuration></con:entry></con:outgoing><con:outgoing><con:name>Outflow STAG</con:name></con:outgoing></con:wssContainer><con:oAuth2ProfileContainer/><con:oAuth1ProfileContainer/><con:sensitiveInformation/></con:soapui-project>