<?xml version="1.0" encoding="UTF-8"?>
<con:soapui-project id="57978340-0dac-48cb-adc4-df9a8fcc0e2f" activeEnvironment="Default" name="Client-EuropeanDisabilityCardService-1.0-soapui-project" resourceRoot="" soapui-version="5.1.3" abortOnError="false" runType="SEQUENTIAL" xmlns:con="http://eviware.com/soapui/config"><con:settings/><con:interface xsi:type="con:WsdlInterface" id="d99e6105-6c75-414e-a6e2-0f24b1a6a6af" wsaVersion="NONE" name="EuropeanDisabilityCardServiceHTTPBinding" type="wsdl" bindingName="{http://fidus.brussels/service/europeandisabilitycardservice/v1}EuropeanDisabilityCardServiceHTTPBinding" soapVersion="1_1" anonymous="optional" definition="file:/home/isr/parent/europeandisabilitycardservice/EuropeanDisabilityCardServiceGateway/src/main/resources/wsdl/europeanDisabilityCardService/1.0.0/EuropeanDisabilityCardService_v1.wsdl" xmlns:xsi="http://www.w3.org/2001/XMLSchema-instance"><con:settings/><con:definitionCache type="TEXT" rootPart="file:/home/isr/parent/europeandisabilitycardservice/EuropeanDisabilityCardServiceGateway/src/main/resources/wsdl/europeanDisabilityCardService/1.0.0/EuropeanDisabilityCardService_v1.wsdl"><con:part><con:url>file:/home/isr/parent/europeandisabilitycardservice/EuropeanDisabilityCardServiceGateway/src/main/resources/wsdl/europeanDisabilityCardService/1.0.0/EuropeanDisabilityCardService_v1.wsdl</con:url><con:content><![CDATA[<wsdl:definitions targetNamespace="http://fidus.brussels/service/europeandisabilitycardservice/v1" name="EuropeanDisabilityCardService" xmlns:soap="http://schemas.xmlsoap.org/wsdl/soap/" xmlns:wsdl="http://schemas.xmlsoap.org/wsdl/" xmlns:xsd="http://www.w3.org/2001/XMLSchema" xmlns:mes="http://fidus.brussels/service/europeandisabilitycardservice/messages/v1" xmlns:tns="http://fidus.brussels/service/europeandisabilitycardservice/v1">
  <xsd:annotation>
    <xsd:documentation>EuropeanDisabilityCardService WDSL v1.</xsd:documentation>
  </xsd:annotation>
  <wsdl:types>
    <xsd:schema targetNamespace="http://fidus.brussels/service/europeandisabilitycardservice/v1" elementFormDefault="qualified">
      <xsd:import namespace="http://fidus.brussels/service/europeandisabilitycardservice/messages/v1" schemaLocation="messages/europeanDisabilityCardServiceMessages_v1.xsd"/>
    </xsd:schema>
  </wsdl:types>
  <wsdl:message name="consultActiveCardsRequestMessage">
    <wsdl:part name="ConsultActiveCardsRequest" element="mes:consultActiveCardsRequest"/>
  </wsdl:message>
  <wsdl:message name="consultActiveCardsResponseMessage">
    <wsdl:part name="ConsultActiveCardsResponse" element="mes:consultActiveCardsResponse"/>
  </wsdl:message>
  <wsdl:message name="consultAllCardsRequestMessage">
    <wsdl:part name="ConsultAllCardsRequest" element="mes:consultAllCardsRequest"/>
  </wsdl:message>
  <wsdl:message name="consultAllCardsResponseMessage">
    <wsdl:part name="ConsultAllCardsResponse" element="mes:consultAllCardsResponse"/>
  </wsdl:message>
  <wsdl:message name="createCardRequestMessage">
    <wsdl:part name="CreateCardRequest" element="mes:createCardRequest"/>
  </wsdl:message>
  <wsdl:message name="createCardResponseMessage">
    <wsdl:part name="CreateCardResponse" element="mes:createCardResponse"/>
  </wsdl:message>
  <wsdl:message name="stopOrCancelCardRequestMessage">
    <wsdl:part name="StopOrCancelCardRequest" element="mes:stopOrCancelCardRequest"/>
  </wsdl:message>
  <wsdl:message name="stopOrCancelCardResponseMessage">
    <wsdl:part name="StopOrCancelCardResponse" element="mes:stopOrCancelCardResponse"/>
  </wsdl:message>
  <wsdl:portType name="EuropeanDisabilityCardServicePortType">
    <wsdl:operation name="consultActiveCards">
      <wsdl:input message="tns:consultActiveCardsRequestMessage"/>
      <wsdl:output message="tns:consultActiveCardsResponseMessage"/>
    </wsdl:operation>
    <wsdl:operation name="consultAllCards">
      <wsdl:input message="tns:consultAllCardsRequestMessage"/>
      <wsdl:output message="tns:consultAllCardsResponseMessage"/>
    </wsdl:operation>
    <wsdl:operation name="createCard">
      <wsdl:input message="tns:createCardRequestMessage"/>
      <wsdl:output message="tns:createCardResponseMessage"/>
    </wsdl:operation>
    <wsdl:operation name="stopOrCancelCard">
      <wsdl:input message="tns:stopOrCancelCardRequestMessage"/>
      <wsdl:output message="tns:stopOrCancelCardResponseMessage"/>
    </wsdl:operation>
  </wsdl:portType>
  <wsdl:binding name="EuropeanDisabilityCardServiceHTTPBinding" type="tns:EuropeanDisabilityCardServicePortType">
    <soap:binding style="document" transport="http://schemas.xmlsoap.org/soap/http"/>
    <wsdl:operation name="consultActiveCards">
      <soap:operation soapAction="http://fidus.brussels/services/europeandisabilitycardservice/consultActiveCards"/>
      <wsdl:input>
        <soap:body use="literal"/>
      </wsdl:input>
      <wsdl:output>
        <soap:body use="literal"/>
      </wsdl:output>
    </wsdl:operation>
    <wsdl:operation name="consultAllCards">
      <soap:operation soapAction="http://fidus.brussels/services/europeandisabilitycardservice/consultAllCards"/>
      <wsdl:input>
        <soap:body use="literal"/>
      </wsdl:input>
      <wsdl:output>
        <soap:body use="literal"/>
      </wsdl:output>
    </wsdl:operation>
    <wsdl:operation name="createCard">
      <soap:operation soapAction="http://fidus.brussels/services/europeandisabilitycardservice/createCard"/>
      <wsdl:input>
        <soap:body use="literal"/>
      </wsdl:input>
      <wsdl:output>
        <soap:body use="literal"/>
      </wsdl:output>
    </wsdl:operation>
    <wsdl:operation name="stopOrCancelCard">
      <soap:operation soapAction="http://fidus.brussels/services/europeandisabilitycardservice/stopOrCancelCard"/>
      <wsdl:input>
        <soap:body use="literal"/>
      </wsdl:input>
      <wsdl:output>
        <soap:body use="literal"/>
      </wsdl:output>
    </wsdl:operation>
  </wsdl:binding>
  <wsdl:service name="EuropeanDisabilityCardService_v1">
    <wsdl:port name="EuropeanDisabilityCardService_v1" binding="tns:EuropeanDisabilityCardServiceHTTPBinding">
      <soap:address location="http://fidus.brussels/services/europeandisabilitycardservice/v1"/>
    </wsdl:port>
  </wsdl:service>
</wsdl:definitions>]]></con:content><con:type>http://schemas.xmlsoap.org/wsdl/</con:type></con:part><con:part><con:url>file:/home/isr/parent/europeandisabilitycardservice/EuropeanDisabilityCardServiceGateway/src/main/resources/wsdl/europeanDisabilityCardService/1.0.0/messages/europeanDisabilityCardServiceMessages_v1.xsd</con:url><con:content><![CDATA[<xsd:schema targetNamespace="http://fidus.brussels/service/europeandisabilitycardservice/messages/v1" elementFormDefault="qualified" attributeFormDefault="unqualified" version="1.0" xmlns:xsd="http://www.w3.org/2001/XMLSchema" xmlns:cme="http://fidus.brussels/type/common/messages/v1" xmlns:exc="http://fidus.brussels/type/common/exceptions/v1" xmlns:card="http://kszbcss.fgov.be/types/EuropeanDisabilityCard/v1" xmlns:edccommon="http://kszbcss.fgov.be/types/EuropeanDisabilityCard/common/v1" xmlns:common="http://kszbcss.fgov.be/types/common/v3" xmlns:tns="http://fidus.brussels/service/europeandisabilitycardservice/messages/v1">
  <xsd:import namespace="http://fidus.brussels/type/common/messages/v1" schemaLocation="baseMessageTypes_v1.xsd"/>
  <xsd:import namespace="http://fidus.brussels/type/common/exceptions/v1" schemaLocation="exceptionTypes_v1.xsd"/>
  <xsd:import namespace="http://kszbcss.fgov.be/types/common/v3" schemaLocation="../common/CommonV3.xsd"/>
  <xsd:import namespace="http://kszbcss.fgov.be/types/EuropeanDisabilityCard/v1" schemaLocation="../EuropeanDisabilityCard/EuropeanDisabilityCardV1.xsd"/>
  <xsd:import namespace="http://kszbcss.fgov.be/types/EuropeanDisabilityCard/common/v1" schemaLocation="../EuropeanDisabilityCard/common/EuropeanDisabilityCardCommonV1.xsd"/>
  <!--Request ConsultActiveCards definition-->
  <xsd:complexType name="ConsultActiveCardsRequestType">
    <xsd:sequence>
      <xsd:element name="messageContext" type="cme:RequestMessageContextType"/>
      <xsd:element name="legalContext" type="cme:LegalContextType"/>
      <xsd:element name="request" type="tns:ActiveCardsRequestType"/>
    </xsd:sequence>
  </xsd:complexType>
  <xsd:complexType name="ActiveCardsRequestType">
    <xsd:sequence>
      <xsd:element name="ssin" type="common:SsinType"/>
      <xsd:element name="referenceDate" type="xsd:date" minOccurs="0">
        <xsd:annotation>
          <xsd:documentation>When absent, the system date is considered to be the date of reference.</xsd:documentation>
        </xsd:annotation>
      </xsd:element>
    </xsd:sequence>
  </xsd:complexType>
  <xsd:complexType name="ConsultActiveCardsResponseType">
    <xsd:sequence>
      <xsd:element name="messageContext" type="cme:ResponseMessageContextType"/>
      <xsd:element name="responses" type="tns:ActiveCardsResponsesType" minOccurs="0"/>
      <xsd:element name="exceptions" type="exc:ExceptionsType" minOccurs="0">
        <xsd:annotation>
          <xsd:documentation>Technical errors that occur when processing the message context e.g. insufficient rights.</xsd:documentation>
        </xsd:annotation>
      </xsd:element>
    </xsd:sequence>
  </xsd:complexType>
  <xsd:complexType name="ActiveCardsResponsesType">
    <xsd:sequence>
      <xsd:element name="response" type="tns:ActiveCardsResponseType" minOccurs="1" maxOccurs="1"/>
    </xsd:sequence>
  </xsd:complexType>
  <xsd:complexType name="ActiveCardsResponseType">
    <xsd:sequence>
      <xsd:element name="activeCards" type="card:ActiveCardsType" minOccurs="0"/>
    </xsd:sequence>
  </xsd:complexType>
  <!--Request consultAllCards definition-->
  <xsd:complexType name="ConsultAllCardsRequestType">
    <xsd:sequence>
      <xsd:element name="messageContext" type="cme:RequestMessageContextType"/>
      <xsd:element name="legalContext" type="cme:LegalContextType"/>
      <xsd:element name="request" type="tns:AllCardsRequestType"/>
    </xsd:sequence>
  </xsd:complexType>
  <xsd:complexType name="AllCardsRequestType">
    <xsd:sequence>
      <xsd:element name="ssin" type="common:SsinType"/>
    </xsd:sequence>
  </xsd:complexType>
  <xsd:complexType name="ConsultAllCardsResponseType">
    <xsd:sequence>
      <xsd:element name="messageContext" type="cme:ResponseMessageContextType"/>
      <xsd:element name="responses" type="tns:AllCardsResponsesType" minOccurs="0"/>
      <xsd:element name="exceptions" type="exc:ExceptionsType" minOccurs="0">
        <xsd:annotation>
          <xsd:documentation>Technical errors that occur when processing the message context e.g. insufficient rights.</xsd:documentation>
        </xsd:annotation>
      </xsd:element>
    </xsd:sequence>
  </xsd:complexType>
  <xsd:complexType name="AllCardsResponsesType">
    <xsd:sequence>
      <xsd:element name="response" type="tns:AllCardsResponseType" minOccurs="1" maxOccurs="1"/>
    </xsd:sequence>
  </xsd:complexType>
  <xsd:complexType name="AllCardsResponseType">
    <xsd:sequence>
      <xsd:element name="allCards" type="card:AllCardsType" minOccurs="0"/>
    </xsd:sequence>
  </xsd:complexType>
  <!--Request createCard definition-->
  <xsd:complexType name="CreateCardRequestType">
    <xsd:sequence>
      <xsd:element name="messageContext" type="cme:RequestMessageContextType"/>
      <xsd:element name="legalContext" type="cme:LegalContextType"/>
      <xsd:element name="request" type="tns:NewCardRequestType"/>
    </xsd:sequence>
  </xsd:complexType>
  <xsd:complexType name="NewCardRequestType">
    <xsd:sequence>
      <xsd:element name="ssin" type="common:SsinType"/>
      <xsd:element name="emittingPartner" type="common:EnterpriseNumberType"/>
      <xsd:element name="language" type="common:LanguageType"/>
      <xsd:element name="forceCreation" type="xsd:boolean"/>
    </xsd:sequence>
  </xsd:complexType>
  <xsd:complexType name="CreateCardResponseType">
    <xsd:sequence>
      <xsd:element name="messageContext" type="cme:ResponseMessageContextType"/>
      <xsd:element name="responses" type="tns:NewCardResponseType" minOccurs="0"/>
      <xsd:element name="exceptions" type="exc:ExceptionsType" minOccurs="0">
        <xsd:annotation>
          <xsd:documentation>Technical errors that occur when processing the message context e.g. insufficient rights.</xsd:documentation>
        </xsd:annotation>
      </xsd:element>
    </xsd:sequence>
  </xsd:complexType>
  <xsd:complexType name="NewCardResponseType">
    <xsd:sequence>
      <xsd:element name="newCard" type="card:NewCardType" minOccurs="0"/>
      <xsd:element name="otherActiveCards" type="card:ActiveCardsType" minOccurs="0"/>
    </xsd:sequence>
  </xsd:complexType>
  <!--Request stopOrCancelCard definition-->
  <xsd:complexType name="StopOrCancelCardRequestType">
    <xsd:sequence>
      <xsd:element name="messageContext" type="cme:RequestMessageContextType"/>
      <xsd:element name="legalContext" type="cme:LegalContextType"/>
      <xsd:element name="request" type="tns:StopCancelCardRequestType"/>
    </xsd:sequence>
  </xsd:complexType>
  <xsd:complexType name="StopCancelCardRequestType">
    <xsd:sequence>
      <xsd:element name="cardNumber" type="edccommon:CardNumberType"/>
      <xsd:element name="emittingPartner" type="common:EnterpriseNumberType"/>
    </xsd:sequence>
  </xsd:complexType>
  <xsd:complexType name="StopOrCancelCardResponseType">
    <xsd:sequence>
      <xsd:element name="messageContext" type="cme:ResponseMessageContextType"/>
      <xsd:element name="responses" type="tns:StopCancelCardResponseType" minOccurs="0"/>
      <xsd:element name="exceptions" type="exc:ExceptionsType" minOccurs="0">
        <xsd:annotation>
          <xsd:documentation>Technical errors that occur when processing the message context e.g. insufficient rights.</xsd:documentation>
        </xsd:annotation>
      </xsd:element>
    </xsd:sequence>
  </xsd:complexType>
  <xsd:complexType name="StopCancelCardResponseType">
    <xsd:sequence>
      <xsd:element name="result" type="card:StopOrCancelCardResultType" minOccurs="0"/>
    </xsd:sequence>
  </xsd:complexType>
  <!--Element of the request and the response-->
  <xsd:element name="consultActiveCardsRequest" type="tns:ConsultActiveCardsRequestType"/>
  <xsd:element name="consultActiveCardsResponse" type="tns:ConsultActiveCardsResponseType"/>
  <xsd:element name="consultAllCardsRequest" type="tns:ConsultAllCardsRequestType"/>
  <xsd:element name="consultAllCardsResponse" type="tns:ConsultAllCardsResponseType"/>
  <xsd:element name="createCardRequest" type="tns:CreateCardRequestType"/>
  <xsd:element name="createCardResponse" type="tns:CreateCardResponseType"/>
  <xsd:element name="stopOrCancelCardRequest" type="tns:StopOrCancelCardRequestType"/>
  <xsd:element name="stopOrCancelCardResponse" type="tns:StopOrCancelCardResponseType"/>
</xsd:schema>]]></con:content><con:type>http://www.w3.org/2001/XMLSchema</con:type></con:part><con:part><con:url>file:/home/isr/parent/europeandisabilitycardservice/EuropeanDisabilityCardServiceGateway/src/main/resources/wsdl/europeanDisabilityCardService/1.0.0/messages/baseMessageTypes_v1.xsd</con:url><con:content><![CDATA[<xsd:schema targetNamespace="http://fidus.brussels/type/common/messages/v1" elementFormDefault="qualified" attributeFormDefault="unqualified" version="1.0" xmlns:xsd="http://www.w3.org/2001/XMLSchema" xmlns:cmn="http://fidus.brussels/type/common/v1" xmlns:tns="http://fidus.brussels/type/common/messages/v1">
  <!--Unformatted message Id-->
  <xsd:simpleType name="MessageIdType">
    <xsd:restriction base="xsd:string">
      <xsd:minLength value="1"/>
      <xsd:maxLength value="64"/>
    </xsd:restriction>
  </xsd:simpleType>
  <!--National Number of the person. Format depending on the Register-->
  <xsd:simpleType name="PersonNumberType">
    <xsd:restriction base="xsd:string">
      <xsd:pattern value="[0-9][0-9](([0][0-9])|([1][0-2]))(([0-2][0-9])|([3][0-1]))(([0-9]{2}[1-9])|([0-9][1-9][0-9])|([1-9][0-9]{2}))(([0-8][0-9])|([9][0-7]))">
        <xsd:annotation>
          <xsd:documentation>National Register format</xsd:documentation>
        </xsd:annotation>
      </xsd:pattern>
      <xsd:pattern value="[0-9][0-9](([2][0-9])|([3][0-2]))(([0-2][0-9])|([3][0-1]))[0-9]{3}(([0-8][0-9])|([9][0-7]))">
        <xsd:annotation>
          <xsd:documentation>CBSS Register format: Bis Register</xsd:documentation>
        </xsd:annotation>
      </xsd:pattern>
      <xsd:pattern value="[0-9][0-9](([4][0-9])|([5][0-2]))(([0-2][0-9])|([3][0-1]))[0-9]{3}(([0-8][0-9])|([9][0-7]))">
        <xsd:annotation>
          <xsd:documentation>CBSS Register format: Ter Register</xsd:documentation>
        </xsd:annotation>
      </xsd:pattern>
    </xsd:restriction>
  </xsd:simpleType>
  <!--Request message context-->
  <xsd:complexType name="RequestMessageContextType">
    <xsd:annotation>
      <xsd:documentation>Message context block generated by the consumer.</xsd:documentation>
    </xsd:annotation>
    <xsd:sequence>
      <xsd:element name="messageId" type="tns:MessageIdType">
        <xsd:annotation>
          <xsd:documentation>Consumer must assign their own MessageId reference for the request.</xsd:documentation>
        </xsd:annotation>
      </xsd:element>
      <xsd:element name="timestamp" type="xsd:dateTime" minOccurs="0">
        <xsd:annotation>
          <xsd:documentation>Timestamp when client sent request.</xsd:documentation>
        </xsd:annotation>
      </xsd:element>
    </xsd:sequence>
  </xsd:complexType>
  <!--Response message context-->
  <xsd:complexType name="ResponseMessageContextType">
    <xsd:annotation>
      <xsd:documentation>MessageContext block generated by fidus.</xsd:documentation>
    </xsd:annotation>
    <xsd:sequence>
      <xsd:element name="messageId" type="tns:MessageIdType">
        <xsd:annotation>
          <xsd:documentation>A unique identifier generated by fidus.</xsd:documentation>
        </xsd:annotation>
      </xsd:element>
      <xsd:element name="transactionId" type="tns:MessageIdType">
        <xsd:annotation>
          <xsd:documentation>A unique ID returned to the client for tracing purposes.</xsd:documentation>
        </xsd:annotation>
      </xsd:element>
      <xsd:element name="timestamp" type="xsd:dateTime" minOccurs="0">
        <xsd:annotation>
          <xsd:documentation>Time reply sent by fidus.</xsd:documentation>
        </xsd:annotation>
      </xsd:element>
    </xsd:sequence>
  </xsd:complexType>
  <!--Legal Context : the finality of the Privacy Commission-->
  <xsd:simpleType name="LegalContextType">
    <xsd:restriction base="xsd:string">
      <xsd:minLength value="1"/>
      <xsd:maxLength value="64"/>
    </xsd:restriction>
  </xsd:simpleType>
  <xsd:complexType name="UserContextType">
    <xsd:annotation>
      <xsd:documentation>The user context defines information regarding the actual user performing a request.</xsd:documentation>
    </xsd:annotation>
    <xsd:sequence>
      <xsd:element name="language" type="xsd:language" nillable="true">
        <xsd:annotation>
          <xsd:documentation>The preferred language of the actual user performing the request.
						This influences the language in which response elements are cast.</xsd:documentation>
        </xsd:annotation>
      </xsd:element>
    </xsd:sequence>
  </xsd:complexType>
</xsd:schema>]]></con:content><con:type>http://www.w3.org/2001/XMLSchema</con:type></con:part><con:part><con:url>file:/home/isr/parent/europeandisabilitycardservice/EuropeanDisabilityCardServiceGateway/src/main/resources/wsdl/europeanDisabilityCardService/1.0.0/messages/exceptionTypes_v1.xsd</con:url><con:content><![CDATA[<xsd:schema targetNamespace="http://fidus.brussels/type/common/exceptions/v1" elementFormDefault="qualified" attributeFormDefault="unqualified" version="1.0" xmlns:xsd="http://www.w3.org/2001/XMLSchema" xmlns:tns="http://fidus.brussels/type/common/exceptions/v1">
  <!--Basic error typed-->
  <xsd:complexType name="ExceptionsType">
    <xsd:sequence>
      <xsd:element name="exception" type="tns:ExceptionType" maxOccurs="unbounded"/>
    </xsd:sequence>
  </xsd:complexType>
  <xsd:complexType name="ExceptionType">
    <xsd:sequence>
      <xsd:element name="type" type="tns:ExceptionClassType"/>
      <xsd:element name="code" type="tns:ExceptionCodeType"/>
      <xsd:element name="source" type="tns:ExceptionSourceType"/>
      <xsd:element name="description" type="tns:ExceptionDescriptionType"/>
    </xsd:sequence>
  </xsd:complexType>
  <xsd:simpleType name="ExceptionClassType">
    <xsd:restriction base="xsd:string">
      <xsd:enumeration value="ERROR"/>
      <xsd:enumeration value="WARNING"/>
      <xsd:enumeration value="INFO"/>
    </xsd:restriction>
  </xsd:simpleType>
  <xsd:simpleType name="ExceptionCodeType">
    <xsd:restriction base="xsd:string">
      <xsd:maxLength value="20"/>
    </xsd:restriction>
  </xsd:simpleType>
  <xsd:simpleType name="ExceptionSourceType">
    <xsd:restriction base="xsd:string">
      <xsd:maxLength value="20"/>
    </xsd:restriction>
  </xsd:simpleType>
  <xsd:simpleType name="ExceptionDescriptionType">
    <xsd:restriction base="xsd:string"/>
  </xsd:simpleType>
</xsd:schema>]]></con:content><con:type>http://www.w3.org/2001/XMLSchema</con:type></con:part><con:part><con:url>file:/home/isr/parent/europeandisabilitycardservice/EuropeanDisabilityCardServiceGateway/src/main/resources/wsdl/europeanDisabilityCardService/1.0.0/common/CommonV3.xsd</con:url><con:content><![CDATA[<!--====================================================================================================================================
	* File Name				: CommonV3.xsd
	* Author					: Johan Kumps - Peter Van den Bosch
	* Owner					: Crossroad Bank for Social Security (CBSS)
	* Domain					: CBSS Registries Public Services
	* Creation Date			: 31-05-2010
	* Description				: This XML schema document contains a set of Common XML  type definition and content model fragments for use in CBSS webservices and batch file schema definitions within the CBSS domain. 
	* Revision History		: 09-03-2011  	String2Type added
	*														LegalContext added
	*														DescriptionType refactored + lenght constraint 50 changed to 100
	*														InformationCustomerType.ticket length constraint 32 changed to 36
	*														LegalContext + IntegrationContext concepts added
	*														RuntimeFaultType refactored to CBSSFaultType
	*														Parameters added to BaseRequestType
	*                                18-10-2011 		removed String100Type 
   *                                         				Added InformationNotificationCBSS/InformationNotified
   *                                         				Increased the max number of occurences of Information in CBSSFaultType from 5 to 15
	*									25-10-2011	Refactored unbounded business errors to 25
	*														Refactored SSINType to SsinType
   *                          09-11-2011 Changed namespace to v3
   *                                         thorough validation leading to modifications: see CBSS common XSD types.doc
   *                           18-01-2011          informationNotified: identification renamed to notifiedIdentification (consistency)
   *                                                          CbeNumberType: changed from 9 or 10 digits, to mandatory 10 digits
  *                                                          added types for euro amounts, enterprise numbers and business unit numbers
 *                                                          Removed status and business anomalies from BaseResponseType, as the request fields should be copied in the same order in the response
*                                20-03-2012        Renamed BaseDescriptionType to DescriptionType, removed old DescriptionType
*                                                        Removed DescriptionStyleParametersType
*                                                        Removed RegisterCharacterSetType
*                                 29-05-2012           Really remove RegisterCharacterSetType
*								  14-11-2013		Added InformationCBSSBatchType
*								  04-09-2014		Added SenderReceiverType
*								  07-01-2015		Added SequenceNumberType
*								  03-07-2015		Added NssoRegistrationNumberType
*                                 11-09-2015      Modified NssoRegistrationNumberType to allow both 9 long as temporary 10 long numbers starting with 51.
*                                 16-09-2015      Modified NssoRegistrationNumberType to 10 long numbers starting with 51 or with 0.
*                                 08-02-2016      Added StatusOkType
*                                 27-09-2016      Added YearQuarterType format yyyyQx, QuarterPeriodType and OpenQuarterPeriodType
====================================================================================================================================-->
<xsd:schema targetNamespace="http://kszbcss.fgov.be/types/common/v3" elementFormDefault="unqualified" attributeFormDefault="unqualified" version="3.3.1" xmlns:xsd="http://www.w3.org/2001/XMLSchema" xmlns:tns="http://kszbcss.fgov.be/types/common/v3">
  <!--Request / response meta data-->
  <xsd:simpleType name="SeverityType">
    <xsd:restriction base="xsd:string">
      <xsd:enumeration value="INFORMATION"/>
      <xsd:enumeration value="WARNING"/>
      <xsd:enumeration value="FATAL"/>
    </xsd:restriction>
  </xsd:simpleType>
  <xsd:simpleType name="UUIDType">
    <xsd:restriction base="xsd:string">
      <xsd:pattern value="[\da-fA-F]{8}-[\da-fA-F]{4}-[\da-fA-F]{4}-[\da-fA-F]{4}-[\da-fA-F]{12}"/>
    </xsd:restriction>
  </xsd:simpleType>
  <xsd:simpleType name="TicketType">
    <xsd:restriction base="xsd:string">
      <xsd:maxLength value="36"/>
    </xsd:restriction>
  </xsd:simpleType>
  <xsd:simpleType name="CbeNumberType">
    <xsd:annotation>
      <xsd:documentation>CBE number identifying an enterprise or business unit</xsd:documentation>
    </xsd:annotation>
    <xsd:restriction base="xsd:string">
      <xsd:pattern value="\d{10}"/>
    </xsd:restriction>
  </xsd:simpleType>
  <xsd:simpleType name="EnterpriseNumberType">
    <xsd:annotation>
      <xsd:documentation>CBE enterprise number (starting with 0 or 1)</xsd:documentation>
    </xsd:annotation>
    <xsd:restriction base="xsd:string">
      <xsd:pattern value="[0-1]\d{9}"/>
    </xsd:restriction>
  </xsd:simpleType>
  <xsd:simpleType name="BusinessUnitNumberType">
    <xsd:annotation>
      <xsd:documentation>CBE business unit number (starting with 2-8)</xsd:documentation>
    </xsd:annotation>
    <xsd:restriction base="xsd:string">
      <xsd:pattern value="[2-8]\d{9}"/>
    </xsd:restriction>
  </xsd:simpleType>
  <xsd:simpleType name="SsinType">
    <xsd:restriction base="xsd:string">
      <xsd:pattern value="[0-9][0-9](([0][0-9])|([1][0-2]))(([0-2][0-9])|([3][0-1]))(([0-9]{2}[1-9])|([0-9][1-9][0-9])|([1-9][0-9]{2}))(([0-8][0-9])|([9][0-7]))">
        <xsd:annotation>
          <xsd:documentation xml:lang="FR">Registre National</xsd:documentation>
          <xsd:documentation xml:lang="NL">Rijksregister</xsd:documentation>
        </xsd:annotation>
      </xsd:pattern>
      <xsd:pattern value="[0-9][0-9](([2][0-9])|([3][0-2]))(([0-2][0-9])|([3][0-1]))[0-9]{3}(([0-8][0-9])|([9][0-7]))">
        <xsd:annotation>
          <xsd:documentation xml:lang="FR">Registre Bis : numero Bis</xsd:documentation>
          <xsd:documentation xml:lang="NL">Bis register : Bisnummer</xsd:documentation>
        </xsd:annotation>
      </xsd:pattern>
      <xsd:pattern value="[0-9][0-9](([4][0-9])|([5][0-2]))(([0-2][0-9])|([3][0-1]))[0-9]{3}(([0-8][0-9])|([9][0-7]))">
        <xsd:annotation>
          <xsd:documentation xml:lang="FR">Registre Bis : numero TER</xsd:documentation>
          <xsd:documentation xml:lang="NL">Bisregister : Ternummer</xsd:documentation>
        </xsd:annotation>
      </xsd:pattern>
    </xsd:restriction>
  </xsd:simpleType>
  <xsd:simpleType name="LegalContextType">
    <xsd:restriction base="xsd:string">
      <xsd:maxLength value="64"/>
    </xsd:restriction>
  </xsd:simpleType>
  <xsd:simpleType name="IntegrationContextType">
    <xsd:annotation>
      <xsd:documentation>deprecated type. Use InscriptionContextType instead in new XSDs</xsd:documentation>
    </xsd:annotation>
    <xsd:restriction base="xsd:string">
      <xsd:maxLength value="64"/>
    </xsd:restriction>
  </xsd:simpleType>
  <xsd:simpleType name="InscriptionContextType">
    <xsd:annotation>
      <xsd:documentation>The way in which an organization knows a person (textual equivalent of former numerical quality code)</xsd:documentation>
    </xsd:annotation>
    <xsd:restriction base="xsd:string">
      <xsd:maxLength value="64"/>
    </xsd:restriction>
  </xsd:simpleType>
  <xsd:simpleType name="SequenceNumberType">
    <xsd:restriction base="xsd:long">
      <xsd:minInclusive value="1"/>
      <xsd:totalDigits value="15"/>
    </xsd:restriction>
  </xsd:simpleType>
  <xsd:complexType name="InformationCBSSType">
    <xsd:annotation>
      <xsd:documentation>Information block from CBSS.</xsd:documentation>
    </xsd:annotation>
    <xsd:sequence>
      <xsd:element name="ticketCBSS" type="tns:UUIDType"/>
      <xsd:element name="timestampReceive" type="xsd:dateTime">
        <xsd:annotation>
          <xsd:documentation>Time request was received by CBSS.</xsd:documentation>
        </xsd:annotation>
      </xsd:element>
      <xsd:element name="timestampReply" type="xsd:dateTime">
        <xsd:annotation>
          <xsd:documentation>Time reply was sent by CBSS.</xsd:documentation>
        </xsd:annotation>
      </xsd:element>
    </xsd:sequence>
  </xsd:complexType>
  <xsd:complexType name="InformationCustomerType">
    <xsd:annotation>
      <xsd:documentation>Information block that can be used by the customer for diagnostic use.</xsd:documentation>
    </xsd:annotation>
    <xsd:sequence>
      <xsd:element name="ticket" type="tns:TicketType" minOccurs="0">
        <xsd:annotation>
          <xsd:documentation>Client can assign their own ticket reference for the request. Not mandatory. For non-UUID tickets only the first 32 chars are stored at CBSS.</xsd:documentation>
        </xsd:annotation>
      </xsd:element>
      <xsd:element name="timestampSent" type="xsd:dateTime" minOccurs="0">
        <xsd:annotation>
          <xsd:documentation>Timestamp when client sent request.</xsd:documentation>
        </xsd:annotation>
      </xsd:element>
      <xsd:element name="customerIdentification" type="tns:OrganizationIdentificationType"/>
    </xsd:sequence>
  </xsd:complexType>
  <xsd:complexType name="InformationSupplierType">
    <xsd:annotation>
      <xsd:documentation>Information block for supplier of a service</xsd:documentation>
    </xsd:annotation>
    <xsd:sequence>
      <xsd:element name="ticket" type="tns:TicketType" minOccurs="0">
        <xsd:annotation>
          <xsd:documentation>UUID generated by Customer or Supplier</xsd:documentation>
        </xsd:annotation>
      </xsd:element>
      <xsd:element name="timestampReceive" type="xsd:dateTime" minOccurs="0">
        <xsd:annotation>
          <xsd:documentation>Time of request</xsd:documentation>
        </xsd:annotation>
      </xsd:element>
      <xsd:element name="timestampReply" type="xsd:dateTime" minOccurs="0">
        <xsd:annotation>
          <xsd:documentation>Time of request</xsd:documentation>
        </xsd:annotation>
      </xsd:element>
      <xsd:element name="supplierIdentification" type="tns:OrganizationIdentificationType"/>
    </xsd:sequence>
  </xsd:complexType>
  <xsd:complexType name="InformationNotificationCBSSType">
    <xsd:annotation>
      <xsd:documentation>Deprecated type. Use SenderReceiverType in new batch XSDs. Information block for CBSS info when CBSS notifies partner</xsd:documentation>
    </xsd:annotation>
    <xsd:sequence>
      <xsd:element name="ticketCBSS" type="tns:UUIDType">
        <xsd:annotation>
          <xsd:documentation>UUID generated by Customer or Supplier</xsd:documentation>
        </xsd:annotation>
      </xsd:element>
      <xsd:element name="timestampSent" type="xsd:dateTime">
        <xsd:annotation>
          <xsd:documentation>Time of request</xsd:documentation>
        </xsd:annotation>
      </xsd:element>
    </xsd:sequence>
  </xsd:complexType>
  <xsd:complexType name="InformationNotifiedType">
    <xsd:annotation>
      <xsd:documentation>Deprecated type. Use SenderReceiverType in new batch XSDs. Information block for partner info when CBSS notifies partner</xsd:documentation>
    </xsd:annotation>
    <xsd:sequence>
      <xsd:element name="ticket" type="tns:TicketType" minOccurs="0"/>
      <xsd:element name="timestampReply" type="xsd:dateTime" minOccurs="0"/>
      <xsd:element name="notifiedIdentification" type="tns:OrganizationIdentificationType"/>
    </xsd:sequence>
  </xsd:complexType>
  <xsd:complexType name="InformationCBSSBatchType">
    <xsd:annotation>
      <xsd:documentation>Deprecated type. Use SenderReceiverType in new batch XSDs</xsd:documentation>
    </xsd:annotation>
    <xsd:sequence>
      <xsd:element name="fileId" type="xsd:unsignedLong"/>
      <xsd:element name="fileCreationTimestamp" type="xsd:dateTime"/>
    </xsd:sequence>
  </xsd:complexType>
  <xsd:complexType name="SenderReceiverType">
    <xsd:annotation>
      <xsd:documentation>Information block containing info about the sender or receiver of a message.</xsd:documentation>
    </xsd:annotation>
    <xsd:sequence>
      <xsd:element name="ticket" type="tns:TicketType" minOccurs="0">
        <xsd:annotation>
          <xsd:documentation>The partner can assign a ticket reference to the message. Not mandatory.</xsd:documentation>
        </xsd:annotation>
      </xsd:element>
      <xsd:element name="timestampSent" type="xsd:dateTime" minOccurs="0">
        <xsd:annotation>
          <xsd:documentation>Timestamp when message was sent. In the receiver block of response messages the timestampSent is the timestamp when the request was created by the organization that receives the response.</xsd:documentation>
        </xsd:annotation>
      </xsd:element>
      <xsd:element name="organizationIdentification" type="tns:OrganizationIdentificationType"/>
    </xsd:sequence>
  </xsd:complexType>
  <xsd:complexType name="OrganizationIdentificationType">
    <xsd:choice>
      <xsd:element name="cbeNumber" type="tns:CbeNumberType"/>
      <xsd:sequence>
        <xsd:element name="sector">
          <xsd:simpleType>
            <xsd:restriction base="xsd:unsignedShort">
              <xsd:maxInclusive value="999"/>
            </xsd:restriction>
          </xsd:simpleType>
        </xsd:element>
        <xsd:element name="institution">
          <xsd:simpleType>
            <xsd:restriction base="xsd:unsignedShort">
              <xsd:maxInclusive value="999"/>
            </xsd:restriction>
          </xsd:simpleType>
        </xsd:element>
      </xsd:sequence>
    </xsd:choice>
  </xsd:complexType>
  <xsd:complexType name="OpenPeriodType">
    <xsd:annotation>
      <xsd:documentation>Period containing a begin date and an optional end date.</xsd:documentation>
    </xsd:annotation>
    <xsd:sequence>
      <xsd:element name="beginDate" type="xsd:date"/>
      <xsd:element name="endDate" type="xsd:date" minOccurs="0"/>
    </xsd:sequence>
  </xsd:complexType>
  <xsd:complexType name="PeriodType">
    <xsd:annotation>
      <xsd:documentation>Period containing a begin date and an end date.</xsd:documentation>
    </xsd:annotation>
    <xsd:sequence>
      <xsd:element name="beginDate" type="xsd:date"/>
      <xsd:element name="endDate" type="xsd:date"/>
    </xsd:sequence>
  </xsd:complexType>
  <xsd:complexType name="OpenQuarterPeriodType">
    <xsd:annotation>
      <xsd:documentation>Quarter period containing a quarter begin date and an optional quarter end date.</xsd:documentation>
    </xsd:annotation>
    <xsd:sequence>
      <xsd:element name="beginQuarter" type="tns:YearQuarterType"/>
      <xsd:element name="endQuarter" type="tns:YearQuarterType" minOccurs="0"/>
    </xsd:sequence>
  </xsd:complexType>
  <xsd:complexType name="QuarterPeriodType">
    <xsd:annotation>
      <xsd:documentation>Quarter period containing a quarter begin date and a quarter end date.</xsd:documentation>
    </xsd:annotation>
    <xsd:sequence>
      <xsd:element name="beginQuarter" type="tns:YearQuarterType"/>
      <xsd:element name="endQuarter" type="tns:YearQuarterType"/>
    </xsd:sequence>
  </xsd:complexType>
  <xsd:simpleType name="YearQuarterType">
    <xsd:restriction base="xsd:string">
      <xsd:length value="6"/>
      <xsd:whiteSpace value="collapse"/>
      <xsd:pattern value="[1-2]\d{3}Q(1|2|3|4)"/>
    </xsd:restriction>
  </xsd:simpleType>
  <xsd:simpleType name="IncompleteDateType">
    <xsd:annotation>
      <xsd:documentation>A possibly incomplete date. Format yyyy-mm-dd, yyyy-mm-00 or yyyy-00-00</xsd:documentation>
    </xsd:annotation>
    <xsd:restriction base="xsd:string">
      <xsd:length value="10"/>
      <xsd:whiteSpace value="collapse"/>
      <xsd:pattern value="[0-2][0-9]{3}\-[0-1][0-9]\-[0-3][0-9]"/>
    </xsd:restriction>
  </xsd:simpleType>
  <xsd:simpleType name="DescriptionType">
    <xsd:restriction base="xsd:string">
      <xsd:maxLength value="100"/>
    </xsd:restriction>
  </xsd:simpleType>
  <xsd:simpleType name="LanguageType">
    <xsd:annotation>
      <xsd:documentation>Type specifying the language of a given value</xsd:documentation>
    </xsd:annotation>
    <xsd:restriction base="xsd:string">
      <xsd:enumeration value="NL"/>
      <xsd:enumeration value="FR"/>
      <xsd:enumeration value="DE"/>
    </xsd:restriction>
  </xsd:simpleType>
  <!--Errors and warnings structures-->
  <xsd:group name="BusinessAnomaliesContentFragment">
    <xsd:annotation>
      <xsd:documentation>Structure reporting business errors to the consumer</xsd:documentation>
    </xsd:annotation>
    <xsd:sequence>
      <xsd:element name="businessAnomalies" type="tns:BusinessAnomaliesType" minOccurs="0"/>
    </xsd:sequence>
  </xsd:group>
  <xsd:complexType name="BusinessAnomaliesType">
    <xsd:annotation>
      <xsd:documentation>Type defining the structure of the part of the response containing business Faults</xsd:documentation>
    </xsd:annotation>
    <xsd:sequence>
      <xsd:element name="businessAnomaly" type="tns:BusinessAnomalyType" maxOccurs="25"/>
    </xsd:sequence>
  </xsd:complexType>
  <xsd:complexType name="BusinessAnomalyType">
    <xsd:annotation>
      <xsd:documentation>Type defining the structure of one business Faults</xsd:documentation>
    </xsd:annotation>
    <xsd:sequence>
      <xsd:element name="code" type="xsd:string">
        <xsd:annotation>
          <xsd:documentation>Unique code referring to a description of this Fault</xsd:documentation>
        </xsd:annotation>
      </xsd:element>
      <xsd:element name="severity" type="tns:SeverityType"/>
      <xsd:element name="description">
        <xsd:annotation>
          <xsd:documentation>Some description of this Fault</xsd:documentation>
        </xsd:annotation>
        <xsd:simpleType>
          <xsd:restriction base="xsd:string">
            <xsd:maxLength value="256"/>
          </xsd:restriction>
        </xsd:simpleType>
      </xsd:element>
      <xsd:element name="information" type="tns:InformationType" minOccurs="0" maxOccurs="15"/>
    </xsd:sequence>
  </xsd:complexType>
  <xsd:complexType name="CBSSFaultType">
    <xsd:sequence>
      <xsd:element name="informationCustomer" type="tns:InformationCustomerType" minOccurs="0"/>
      <xsd:element name="informationCBSS" type="tns:InformationCBSSType"/>
      <xsd:element name="detail" type="tns:MessageType" maxOccurs="30"/>
    </xsd:sequence>
  </xsd:complexType>
  <xsd:complexType name="MessageType">
    <xsd:sequence>
      <xsd:element name="severity" type="tns:SeverityType"/>
      <xsd:element name="reasonCode">
        <xsd:simpleType>
          <xsd:restriction base="xsd:string">
            <xsd:maxLength value="16"/>
          </xsd:restriction>
        </xsd:simpleType>
      </xsd:element>
      <xsd:element name="diagnostic">
        <xsd:simpleType>
          <xsd:restriction base="xsd:string">
            <xsd:maxLength value="256"/>
          </xsd:restriction>
        </xsd:simpleType>
      </xsd:element>
      <xsd:element name="authorCode">
        <xsd:simpleType>
          <xsd:restriction base="xsd:string">
            <xsd:maxLength value="64"/>
          </xsd:restriction>
        </xsd:simpleType>
      </xsd:element>
      <xsd:element name="information" type="tns:InformationType" minOccurs="0" maxOccurs="15"/>
    </xsd:sequence>
  </xsd:complexType>
  <xsd:complexType name="InformationType">
    <xsd:sequence>
      <xsd:element name="fieldName">
        <xsd:simpleType>
          <xsd:restriction base="xsd:string">
            <xsd:maxLength value="64"/>
          </xsd:restriction>
        </xsd:simpleType>
      </xsd:element>
      <xsd:element name="fieldValue" minOccurs="0">
        <xsd:simpleType>
          <xsd:restriction base="xsd:string">
            <xsd:maxLength value="256"/>
          </xsd:restriction>
        </xsd:simpleType>
      </xsd:element>
    </xsd:sequence>
  </xsd:complexType>
  <!--Base types for most common request/response format for consultation type operations. Can be used to define request and response types with extension type inheritance. Don't use if it doesn't fit the requirements.-->
  <xsd:complexType name="BaseRequestType" abstract="true">
    <xsd:annotation>
      <xsd:documentation>Type defining the base structure for all service requests</xsd:documentation>
    </xsd:annotation>
    <xsd:sequence>
      <xsd:element name="informationCustomer" type="tns:InformationCustomerType"/>
      <xsd:element name="informationCBSS" type="tns:InformationCBSSType" minOccurs="0"/>
      <xsd:element name="legalContext" type="tns:LegalContextType">
        <xsd:annotation>
          <xsd:documentation>legal context under which the request was made</xsd:documentation>
        </xsd:annotation>
      </xsd:element>
    </xsd:sequence>
  </xsd:complexType>
  <xsd:complexType name="BaseResponseType" abstract="true">
    <xsd:annotation>
      <xsd:documentation>Type defining the base structure for all service responses</xsd:documentation>
    </xsd:annotation>
    <xsd:sequence>
      <xsd:element name="informationCustomer" type="tns:InformationCustomerType"/>
      <xsd:element name="informationCBSS" type="tns:InformationCBSSType"/>
      <xsd:element name="legalContext" type="tns:LegalContextType"/>
    </xsd:sequence>
  </xsd:complexType>
  <!--Commonly used status type for consultation type operations. Define another if it doesn't fit requirements.-->
  <xsd:complexType name="StatusType">
    <xsd:sequence>
      <xsd:element name="value">
        <xsd:annotation>
          <xsd:documentation>global status of the result</xsd:documentation>
        </xsd:annotation>
        <xsd:simpleType>
          <xsd:restriction base="xsd:string">
            <xsd:enumeration value="DATA_FOUND"/>
            <xsd:enumeration value="NO_DATA_FOUND"/>
            <xsd:enumeration value="NO_RESULT"/>
          </xsd:restriction>
        </xsd:simpleType>
      </xsd:element>
      <xsd:element name="code">
        <xsd:annotation>
          <xsd:documentation>the code of the status</xsd:documentation>
        </xsd:annotation>
        <xsd:simpleType>
          <xsd:restriction base="xsd:string">
            <xsd:maxLength value="16"/>
          </xsd:restriction>
        </xsd:simpleType>
      </xsd:element>
      <xsd:element name="description" minOccurs="0">
        <xsd:annotation>
          <xsd:documentation>the description of the status</xsd:documentation>
        </xsd:annotation>
        <xsd:simpleType>
          <xsd:restriction base="xsd:string">
            <xsd:maxLength value="256"/>
          </xsd:restriction>
        </xsd:simpleType>
      </xsd:element>
      <xsd:element name="information" type="tns:InformationType" minOccurs="0" maxOccurs="15"/>
    </xsd:sequence>
  </xsd:complexType>
  <!--Commonly used status type for ok/nok type operations like notifications. Don't use if it doesn't fit requirements.-->
  <xsd:complexType name="StatusOkType">
    <xsd:sequence>
      <xsd:element name="value">
        <xsd:annotation>
          <xsd:documentation>global status of the result</xsd:documentation>
        </xsd:annotation>
        <xsd:simpleType>
          <xsd:restriction base="xsd:string">
            <xsd:enumeration value="OK"/>
            <xsd:enumeration value="NOK"/>
          </xsd:restriction>
        </xsd:simpleType>
      </xsd:element>
      <xsd:element name="code">
        <xsd:annotation>
          <xsd:documentation>the code of the status</xsd:documentation>
        </xsd:annotation>
        <xsd:simpleType>
          <xsd:restriction base="xsd:string">
            <xsd:maxLength value="16"/>
          </xsd:restriction>
        </xsd:simpleType>
      </xsd:element>
      <xsd:element name="description" minOccurs="0">
        <xsd:annotation>
          <xsd:documentation>the description of the status</xsd:documentation>
        </xsd:annotation>
        <xsd:simpleType>
          <xsd:restriction base="xsd:string">
            <xsd:maxLength value="256"/>
          </xsd:restriction>
        </xsd:simpleType>
      </xsd:element>
      <xsd:element name="information" type="tns:InformationType" minOccurs="0" maxOccurs="15"/>
    </xsd:sequence>
  </xsd:complexType>
  <xsd:simpleType name="EuroPositiveAmountType">
    <xsd:restriction base="xsd:decimal">
      <xsd:fractionDigits value="2"/>
      <xsd:maxExclusive value="1000000000000000"/>
    </xsd:restriction>
  </xsd:simpleType>
  <xsd:simpleType name="EuroAmountType">
    <xsd:restriction base="xsd:decimal">
      <xsd:fractionDigits value="2"/>
      <xsd:maxExclusive value="1000000000000000"/>
      <xsd:minExclusive value="-1000000000000000"/>
    </xsd:restriction>
  </xsd:simpleType>
  <xsd:simpleType name="EurocentPositiveAmountType">
    <xsd:restriction base="xsd:unsignedLong">
      <xsd:maxExclusive value="100000000000000000"/>
    </xsd:restriction>
  </xsd:simpleType>
  <xsd:simpleType name="EurocentAmountType">
    <xsd:restriction base="xsd:long">
      <xsd:minExclusive value="-100000000000000000"/>
      <xsd:maxExclusive value="100000000000000000"/>
    </xsd:restriction>
  </xsd:simpleType>
  <xsd:simpleType name="NssoRegistrationNumberType">
    <xsd:annotation>
      <xsd:documentation>Identification number of an enterprise at NSSO (= RSZ/ONSS). Numbers starting with 51 and length 10 are always temporary numbers.</xsd:documentation>
    </xsd:annotation>
    <xsd:restriction base="xsd:string">
      <xsd:pattern value="0\d{9}"/>
      <xsd:pattern value="51\d{8}"/>
    </xsd:restriction>
  </xsd:simpleType>
</xsd:schema>]]></con:content><con:type>http://www.w3.org/2001/XMLSchema</con:type></con:part><con:part><con:url>file:/home/isr/parent/europeandisabilitycardservice/EuropeanDisabilityCardServiceGateway/src/main/resources/wsdl/europeanDisabilityCardService/1.0.0/EuropeanDisabilityCard/EuropeanDisabilityCardV1.xsd</con:url><con:content><![CDATA[<!--edited with XMLSpy v2008 rel. 2 sp2 (http://www.altova.com) by USER (KSZ-BCSS)-->
<!--========================================================================
       	 * Owner :               KSZ / CBSS
         * Creation date :       2017-04-04
         * Description :         Type definitions for the EuropeanDisabilityCard web service.
         * Revision History : 	 2017-04-04: Initial version
========================================================================-->
<xsd:schema targetNamespace="http://kszbcss.fgov.be/types/EuropeanDisabilityCard/v1" elementFormDefault="unqualified" attributeFormDefault="unqualified" version="2017-04-04" xmlns="http://kszbcss.fgov.be/types/EuropeanDisabilityCard/v1" xmlns:xsd="http://www.w3.org/2001/XMLSchema" xmlns:common="http://kszbcss.fgov.be/types/common/v3" xmlns:edccommon="http://kszbcss.fgov.be/types/EuropeanDisabilityCard/common/v1">
  <xsd:import namespace="http://kszbcss.fgov.be/types/common/v3" schemaLocation="../common/CommonV3.xsd"/>
  <xsd:import namespace="http://kszbcss.fgov.be/types/EuropeanDisabilityCard/common/v1" schemaLocation="common/EuropeanDisabilityCardCommonV1.xsd"/>
  <xsd:element name="consultActiveCardsRequest" type="ConsultActiveCardsRequestType"/>
  <xsd:element name="consultActiveCardsResponse" type="ConsultActiveCardsResponseType"/>
  <xsd:element name="consultActiveCardsFault" type="common:CBSSFaultType"/>
  <xsd:complexType name="ConsultActiveCardsRequestType">
    <xsd:complexContent>
      <xsd:extension base="common:BaseRequestType">
        <xsd:sequence>
          <xsd:element name="criteria" type="ConsultActiveCardsCriteriaType"/>
        </xsd:sequence>
      </xsd:extension>
    </xsd:complexContent>
  </xsd:complexType>
  <xsd:complexType name="ConsultActiveCardsResponseType">
    <xsd:complexContent>
      <xsd:extension base="common:BaseResponseType">
        <xsd:sequence>
          <xsd:element name="criteria" type="ConsultActiveCardsCriteriaType"/>
          <xsd:element name="status" type="common:StatusType"/>
          <xsd:element name="ssin" type="SsinWithCanceledAndReplacedByStatusType" minOccurs="0"/>
          <xsd:element name="activeCards" type="ActiveCardsType" minOccurs="0">
            <xsd:annotation>
              <xsd:documentation>Type specifying all active cards as known in the EDC database for the given criteria. A card is active when in not in lifeCycle CANCELED, RETURNED or FAILED, and for which the period of validity comprises the referencedate of the request. The period of validity is [validityBeginDate, min(validityEndDate, prematureValidityEndDate)]</xsd:documentation>
            </xsd:annotation>
          </xsd:element>
        </xsd:sequence>
      </xsd:extension>
    </xsd:complexContent>
  </xsd:complexType>
  <xsd:element name="consultAllCardsRequest" type="ConsultAllCardsRequestType"/>
  <xsd:element name="consultAllCardsResponse" type="ConsultAllCardsResponseType"/>
  <xsd:element name="consultAllCardsFault" type="common:CBSSFaultType"/>
  <xsd:complexType name="ConsultAllCardsRequestType">
    <xsd:complexContent>
      <xsd:extension base="common:BaseRequestType">
        <xsd:sequence>
          <xsd:element name="criteria" type="ConsultAllCardsCriteriaType"/>
        </xsd:sequence>
      </xsd:extension>
    </xsd:complexContent>
  </xsd:complexType>
  <xsd:complexType name="ConsultAllCardsResponseType">
    <xsd:complexContent>
      <xsd:extension base="common:BaseResponseType">
        <xsd:sequence>
          <xsd:element name="criteria" type="ConsultAllCardsCriteriaType"/>
          <xsd:element name="status" type="common:StatusType"/>
          <xsd:element name="ssin" type="SsinWithCanceledAndReplacedByStatusType" minOccurs="0"/>
          <xsd:element name="allCards" type="AllCardsType" minOccurs="0">
            <xsd:annotation>
              <xsd:documentation>Type specifying all existing or non existing cards as known in the EDC database with a beginDate larger than 3 years ago.</xsd:documentation>
            </xsd:annotation>
          </xsd:element>
        </xsd:sequence>
      </xsd:extension>
    </xsd:complexContent>
  </xsd:complexType>
  <xsd:element name="createCardRequest" type="CreateCardRequestType"/>
  <xsd:element name="createCardResponse" type="CreateCardResponseType"/>
  <xsd:element name="createCardFault" type="common:CBSSFaultType"/>
  <xsd:complexType name="CreateCardRequestType">
    <xsd:complexContent>
      <xsd:extension base="common:BaseRequestType">
        <xsd:sequence>
          <xsd:element name="criteria" type="CreateCardCriteriaType"/>
        </xsd:sequence>
      </xsd:extension>
    </xsd:complexContent>
  </xsd:complexType>
  <xsd:complexType name="CreateCardResponseType">
    <xsd:complexContent>
      <xsd:extension base="common:BaseResponseType">
        <xsd:sequence>
          <xsd:element name="criteria" type="CreateCardCriteriaType"/>
          <xsd:element name="status" type="common:StatusType"/>
          <xsd:element name="ssin" type="SsinWithCanceledAndReplacedByStatusType"/>
          <xsd:element name="newCard" type="NewCardType" minOccurs="0">
            <xsd:annotation>
              <xsd:documentation>The new card created for the given criteria. If not present, no new card has been created.</xsd:documentation>
            </xsd:annotation>
          </xsd:element>
          <xsd:element name="otherActiveCards" type="ActiveCardsType" minOccurs="0">
            <xsd:annotation>
              <xsd:documentation>Type specifying all the other active cards (apart from the newly created one) as known in the EDC database for the given criteria. A card is active when in not in lifeCycle CANCELED, RETURNED or FAILED, and for which the period of validity comprises the date of request. The period of validity is [validityBeginDate, min(validityEndDate, prematureValidityEndDate)]</xsd:documentation>
            </xsd:annotation>
          </xsd:element>
        </xsd:sequence>
      </xsd:extension>
    </xsd:complexContent>
  </xsd:complexType>
  <xsd:element name="stopOrCancelCardRequest" type="StopOrCancelCardRequestType"/>
  <xsd:element name="stopOrCancelCardResponse" type="StopOrCancelCardResponseType"/>
  <xsd:element name="stopOrCancelCardFault" type="common:CBSSFaultType"/>
  <xsd:complexType name="StopOrCancelCardRequestType">
    <xsd:complexContent>
      <xsd:extension base="common:BaseRequestType">
        <xsd:sequence>
          <xsd:element name="criteria" type="StopOrCancelCardCriteriaType"/>
        </xsd:sequence>
      </xsd:extension>
    </xsd:complexContent>
  </xsd:complexType>
  <xsd:complexType name="StopOrCancelCardResponseType">
    <xsd:complexContent>
      <xsd:extension base="common:BaseResponseType">
        <xsd:sequence>
          <xsd:element name="criteria" type="StopOrCancelCardCriteriaType"/>
          <xsd:element name="status" type="common:StatusType"/>
          <xsd:element name="result" type="StopOrCancelCardResultType" minOccurs="0"/>
        </xsd:sequence>
      </xsd:extension>
    </xsd:complexContent>
  </xsd:complexType>
  <xsd:complexType name="ConsultActiveCardsCriteriaType">
    <xsd:sequence>
      <xsd:element name="ssin" type="common:SsinType"/>
      <xsd:element name="referenceDate" type="xsd:date" minOccurs="0">
        <xsd:annotation>
          <xsd:documentation>When absent, the system date is considered to be the date of reference.</xsd:documentation>
        </xsd:annotation>
      </xsd:element>
    </xsd:sequence>
  </xsd:complexType>
  <xsd:complexType name="ConsultAllCardsCriteriaType">
    <xsd:sequence>
      <xsd:element name="ssin" type="common:SsinType"/>
    </xsd:sequence>
  </xsd:complexType>
  <xsd:complexType name="CreateCardCriteriaType">
    <xsd:sequence>
      <xsd:element name="ssin" type="common:SsinType"/>
      <xsd:element name="emittingPartner" type="common:EnterpriseNumberType"/>
      <xsd:element name="language" type="common:LanguageType"/>
      <xsd:element name="forceCreation" type="xsd:boolean"/>
    </xsd:sequence>
  </xsd:complexType>
  <xsd:complexType name="StopOrCancelCardCriteriaType">
    <xsd:sequence>
      <xsd:element name="cardNumber" type="edccommon:CardNumberType"/>
      <xsd:element name="emittingPartner" type="common:EnterpriseNumberType"/>
    </xsd:sequence>
  </xsd:complexType>
  <xsd:complexType name="StopOrCancelCardResultType">
    <xsd:choice>
      <xsd:element name="prematureValidityEndDate" type="xsd:date"/>
      <xsd:element name="cardCanceled" type="xsd:boolean" default="true"/>
    </xsd:choice>
  </xsd:complexType>
  <xsd:complexType name="SsinWithCanceledAndReplacedByStatusType">
    <xsd:simpleContent>
      <xsd:extension base="common:SsinType">
        <xsd:attribute name="canceled" type="xsd:boolean"/>
        <xsd:attribute name="replacedBy" type="common:SsinType"/>
      </xsd:extension>
    </xsd:simpleContent>
  </xsd:complexType>
  <xsd:complexType name="ActiveCardsType">
    <xsd:sequence>
      <xsd:element name="card" type="edccommon:CardType" maxOccurs="10"/>
    </xsd:sequence>
  </xsd:complexType>
  <xsd:complexType name="AllCardsType">
    <xsd:sequence>
      <xsd:element name="card" type="edccommon:CardType" maxOccurs="unbounded"/>
    </xsd:sequence>
  </xsd:complexType>
  <xsd:complexType name="NewCardType">
    <xsd:annotation>
      <xsd:documentation>Type specifying the data of a new card as requested and inserted in the EDC database</xsd:documentation>
    </xsd:annotation>
    <xsd:sequence>
      <xsd:element name="card" type="edccommon:CardType">
        <xsd:annotation>
          <xsd:documentation>The data of the card as present in the EDC database</xsd:documentation>
        </xsd:annotation>
      </xsd:element>
      <xsd:element name="legalData" type="LegalDataType">
        <xsd:annotation>
          <xsd:documentation>The legal data used for printing and sending the card.</xsd:documentation>
        </xsd:annotation>
      </xsd:element>
    </xsd:sequence>
  </xsd:complexType>
  <xsd:complexType name="LegalDataType">
    <xsd:annotation>
      <xsd:documentation>Type specifying the legal data used to determine the acceptability of the new card, and used to send to the printing firm for personalising the new card.</xsd:documentation>
    </xsd:annotation>
    <xsd:sequence>
      <xsd:element name="lastName" type="edccommon:NameType"/>
      <xsd:element name="firstName" type="edccommon:NameType" minOccurs="0"/>
      <xsd:element name="genderCode" type="edccommon:GenderCodeType"/>
      <xsd:element name="birthDate" type="common:IncompleteDateType"/>
      <xsd:element name="address" type="edccommon:AddressType"/>
      <xsd:element name="photoPresent" type="xsd:boolean"/>
    </xsd:sequence>
  </xsd:complexType>
</xsd:schema>]]></con:content><con:type>http://www.w3.org/2001/XMLSchema</con:type></con:part><con:part><con:url>file:/home/isr/parent/europeandisabilitycardservice/EuropeanDisabilityCardServiceGateway/src/main/resources/wsdl/europeanDisabilityCardService/1.0.0/EuropeanDisabilityCard/common/EuropeanDisabilityCardCommonV1.xsd</con:url><con:content><![CDATA[<!--edited with XMLSpy v2008 rel. 2 sp2 (http://www.altova.com) by USER (KSZ-BCSS)-->
<!--========================================================================
       	 * Owner :               KSZ / CBSS
         * Creation date :       2017-06-14
         * Description :         Common Type definitions for the EuropeanDisabilityCard 
         * Revision History : 	 2017-06-14: Initial version
========================================================================-->
<xsd:schema targetNamespace="http://kszbcss.fgov.be/types/EuropeanDisabilityCard/common/v1" elementFormDefault="unqualified" attributeFormDefault="unqualified" version="2017-06-14" xmlns="http://kszbcss.fgov.be/types/EuropeanDisabilityCard/common/v1" xmlns:xsd="http://www.w3.org/2001/XMLSchema" xmlns:common="http://kszbcss.fgov.be/types/common/v3">
  <xsd:import namespace="http://kszbcss.fgov.be/types/common/v3" schemaLocation="../../common/CommonV3.xsd"/>
  <xsd:complexType name="CardType">
    <xsd:annotation>
      <xsd:documentation>Type specifying the data of a card as known in the EDC database</xsd:documentation>
    </xsd:annotation>
    <xsd:sequence>
      <xsd:element name="cardNumber" type="CardNumberType"/>
      <xsd:element name="lifePhase" type="LifePhaseType"/>
      <xsd:element name="failureOrReturnReason" type="xsd:string" minOccurs="0"/>
      <xsd:element name="validityBeginDate" type="xsd:date"/>
      <xsd:element name="validityEndDate" type="xsd:date"/>
      <xsd:element name="prematureValidityEndDate" type="xsd:date" minOccurs="0"/>
      <xsd:element name="emittingPartner" type="common:EnterpriseNumberType"/>
      <xsd:element name="latestUpdateTimestamp" type="xsd:dateTime"/>
    </xsd:sequence>
  </xsd:complexType>
  <xsd:simpleType name="CardNumberType">
    <xsd:annotation>
      <xsd:documentation>Type specifying the number of a card</xsd:documentation>
    </xsd:annotation>
    <xsd:restriction base="xsd:integer">
      <xsd:minInclusive value="10000000000"/>
      <xsd:maxInclusive value="99999999999"/>
    </xsd:restriction>
  </xsd:simpleType>
  <xsd:simpleType name="LifePhaseType">
    <xsd:annotation>
      <xsd:documentation>Type specifying the lifecycle of a card</xsd:documentation>
    </xsd:annotation>
    <xsd:restriction base="xsd:string">
      <xsd:enumeration value="REQUESTED"/>
      <xsd:enumeration value="PROCESSING"/>
      <xsd:enumeration value="SENT"/>
      <xsd:enumeration value="RETURNED"/>
      <xsd:enumeration value="FAILED"/>
      <xsd:enumeration value="CANCELED"/>
    </xsd:restriction>
  </xsd:simpleType>
  <xsd:simpleType name="GenderCodeType">
    <xsd:restriction base="xsd:string">
      <xsd:enumeration value="M"/>
      <xsd:enumeration value="F"/>
    </xsd:restriction>
  </xsd:simpleType>
  <xsd:simpleType name="NameType">
    <xsd:restriction base="xsd:string">
      <xsd:minLength value="1"/>
      <xsd:maxLength value="48"/>
    </xsd:restriction>
  </xsd:simpleType>
  <xsd:complexType name="AddressType">
    <xsd:choice>
      <xsd:element name="belgianAddress" type="BelgianAddressType"/>
      <xsd:element name="diplomaticPostAddress" type="DiplomaticPostAddressType"/>
    </xsd:choice>
  </xsd:complexType>
  <xsd:complexType name="DiplomaticPostAddressType">
    <xsd:sequence>
      <xsd:element name="countryName" type="common:DescriptionType"/>
      <xsd:element name="plainAddress" type="PlainAddressType"/>
    </xsd:sequence>
  </xsd:complexType>
  <xsd:complexType name="BelgianAddressType">
    <xsd:sequence>
      <xsd:element name="postalCode" type="PostalCodeType"/>
      <xsd:element name="cityName" type="common:DescriptionType"/>
      <xsd:element name="streetName" type="common:DescriptionType"/>
      <xsd:element name="houseNumber" type="HouseNumberType" minOccurs="0"/>
      <xsd:element name="boxNumber" type="BoxNumberType" minOccurs="0"/>
    </xsd:sequence>
  </xsd:complexType>
  <xsd:simpleType name="PlainAddressType">
    <xsd:restriction base="xsd:string">
      <xsd:minLength value="1"/>
      <xsd:maxLength value="300"/>
    </xsd:restriction>
  </xsd:simpleType>
  <xsd:simpleType name="PostalCodeType">
    <xsd:restriction base="xsd:string">
      <xsd:minLength value="1"/>
      <xsd:maxLength value="15"/>
    </xsd:restriction>
  </xsd:simpleType>
  <xsd:simpleType name="HouseNumberType">
    <xsd:restriction base="xsd:string">
      <xsd:minLength value="1"/>
      <xsd:maxLength value="12"/>
    </xsd:restriction>
  </xsd:simpleType>
  <xsd:simpleType name="BoxNumberType">
    <xsd:restriction base="xsd:string">
      <xsd:minLength value="1"/>
      <xsd:maxLength value="10"/>
    </xsd:restriction>
  </xsd:simpleType>
</xsd:schema>]]></con:content><con:type>http://www.w3.org/2001/XMLSchema</con:type></con:part></con:definitionCache><con:endpoints><con:endpoint>http://fidus.brussels/services/europeandisabilitycardservice/v1</con:endpoint><con:endpoint>http://localhost.localdomain:8088/mockEuropeanDisabilityCardServiceHTTPBinding</con:endpoint><con:endpoint>https://192.168.22.53:8443/services/EuropeanDisabilityCardService_v1.0</con:endpoint><con:endpoint>https://192.168.22.54:8443/services/EuropeanDisabilityCardService_v1.0</con:endpoint><con:endpoint>https://192.168.24.17:8443/services/EuropeanDisabilityCardService_v1.0</con:endpoint><con:endpoint>https://192.168.26.22:8443/services/EuropeanDisabilityCardService_v1.0</con:endpoint><con:endpoint>https://192.168.36.61:8243/services/EuropeanDisabilityCardService_v1.0</con:endpoint><con:endpoint>https://192.168.36.61:8243/services/europeandisabilitycardservice/v1</con:endpoint><con:endpoint>https://esb-security-gw.sta.srv.cirb.lan:8443/services/EuropeanDisabilityCardService_v1.0</con:endpoint><con:endpoint>https://fidus-esb-sg.prd.srv.cirb.lan:8443/services/EuropeanDisabilityCardService_v1.0</con:endpoint><con:endpoint>https://fidus.sec.brussels/services/EuropeanDisabilityCardService_v1.0</con:endpoint><con:endpoint>https://localhost:8243/services/EuropeanDisabilityCardService_v1.0</con:endpoint></con:endpoints><con:operation id="ef319c4b-9a7e-4ea2-9892-fe3f1d6ca9ea" isOneWay="false" action="http://fidus.brussels/services/europeandisabilitycardservice/consultActiveCards" name="consultActiveCards" bindingOperationName="consultActiveCards" type="Request-Response" inputName="" receivesAttachments="false" sendsAttachments="false" anonymous="optional"><con:settings/><con:call id="acba097f-0cd4-482f-9c8c-3f4c0b67e991" name="01- Local -Request" outgoingWss="Outflow DEV" incomingWss="Inflow DEV"><con:settings><con:setting id="com.eviware.soapui.impl.wsdl.WsdlRequest@request-headers">&lt;xml-fragment/></con:setting></con:settings><con:encoding>UTF-8</con:encoding><con:endpoint>https://localhost:8243/services/EuropeanDisabilityCardService_v1.0</con:endpoint><con:request><![CDATA[<soapenv:Envelope xmlns:soapenv="http://schemas.xmlsoap.org/soap/envelope/" xmlns:v1="http://fidus.brussels/service/europeandisabilitycardservice/messages/v1" xmlns:v11="http://fidus.brussels/type/common/messages/v1">
   <soapenv:Header/>
   <soapenv:Body>
      <v1:consultActiveCardsRequest>         
         <v1:messageContext>
            <v11:messageId>${=import static java.util.UUID.randomUUID; uuid = randomUUID() as String}</v11:messageId>
            <!--Optional:-->
            <v11:timestamp>${=new java.text.SimpleDateFormat("yyyy-MM-dd'T'HH:mm:ss.SSS").format(new Date())}</v11:timestamp>
         </v1:messageContext>
         <v1:legalContext>ServiceIntegrator</v1:legalContext>
         <v1:request>
            <v1:ssin>84072002129</v1:ssin>
            <!--Optional:-->
           
         </v1:request>
      </v1:consultActiveCardsRequest>
   </soapenv:Body>
</soapenv:Envelope>]]></con:request><con:credentials><con:selectedAuthProfile>Basic</con:selectedAuthProfile><con:addedBasicAuthenticationTypes>Basic</con:addedBasicAuthenticationTypes><con:authType>Global HTTP Settings</con:authType></con:credentials><con:jmsConfig JMSDeliveryMode="PERSISTENT"/><con:jmsPropertyConfig/><con:wsaConfig mustUnderstand="NONE" version="200508" action="http://fidus.brussels/services/europeandisabilitycardservice/consultActiveCards"/><con:wsrmConfig version="1.2"/></con:call><con:call id="4caf1354-7006-4515-8da7-e69afdc2bd17" name="02- DEV - Request" outgoingWss="Outflow DEV" incomingWss="Inflow DEV"><con:settings><con:setting id="com.eviware.soapui.impl.wsdl.WsdlRequest@request-headers">&lt;xml-fragment/></con:setting></con:settings><con:encoding>UTF-8</con:encoding><con:endpoint>https://192.168.36.61:8243/services/EuropeanDisabilityCardService_v1.0</con:endpoint><con:request><![CDATA[<soapenv:Envelope xmlns:soapenv="http://schemas.xmlsoap.org/soap/envelope/" xmlns:v1="http://fidus.brussels/service/europeandisabilitycardservice/messages/v1" xmlns:v11="http://fidus.brussels/type/common/messages/v1">
   <soapenv:Header/>
   <soapenv:Body>
      <v1:consultActiveCardsRequest>         
         <v1:messageContext>
            <v11:messageId>${=import static java.util.UUID.randomUUID; uuid = randomUUID() as String}</v11:messageId>
            <!--Optional:-->
            <v11:timestamp>${=new java.text.SimpleDateFormat("yyyy-MM-dd'T'HH:mm:ss.SSS").format(new Date())}</v11:timestamp>
         </v1:messageContext>
         <v1:legalContext>ServiceIntegrator</v1:legalContext>
         <v1:request>
            <v1:ssin>84072002128</v1:ssin>
            <!--Optional:-->
            <v1:referenceDate>2017-05-01</v1:referenceDate>
         </v1:request>
      </v1:consultActiveCardsRequest>
   </soapenv:Body>
</soapenv:Envelope>]]></con:request><con:credentials><con:selectedAuthProfile>Basic</con:selectedAuthProfile><con:addedBasicAuthenticationTypes>Basic</con:addedBasicAuthenticationTypes><con:authType>Global HTTP Settings</con:authType></con:credentials><con:jmsConfig JMSDeliveryMode="PERSISTENT"/><con:jmsPropertyConfig/><con:wsaConfig mustUnderstand="NONE" version="200508" action="http://fidus.brussels/services/europeandisabilitycardservice/consultActiveCards"/><con:wsrmConfig version="1.2"/></con:call><con:call id="5df00541-c929-4c0e-9258-66229238e1c5" name="03- Test - External - Request" outgoingWss="Outflow TEST" incomingWss="Inflow TEST"><con:settings><con:setting id="com.eviware.soapui.impl.wsdl.WsdlRequest@request-headers">&lt;xml-fragment/></con:setting></con:settings><con:encoding>UTF-8</con:encoding><con:endpoint>https://192.168.24.17:8443/services/EuropeanDisabilityCardService_v1.0</con:endpoint><con:request><![CDATA[<soapenv:Envelope xmlns:soapenv="http://schemas.xmlsoap.org/soap/envelope/" xmlns:v1="http://fidus.brussels/service/europeandisabilitycardservice/messages/v1" xmlns:v11="http://fidus.brussels/type/common/messages/v1">
   <soapenv:Header/>
   <soapenv:Body>
      <v1:consultActiveCardsRequest>         
         <v1:messageContext>
            <v11:messageId>${=import static java.util.UUID.randomUUID; uuid = randomUUID() as String}</v11:messageId>
            <!--Optional:-->
            <v11:timestamp>${=new java.text.SimpleDateFormat("yyyy-MM-dd'T'HH:mm:ss.SSS").format(new Date())}</v11:timestamp>
         </v1:messageContext>
         <v1:legalContext>ServiceIntegrator</v1:legalContext>
         <v1:request>
            <v1:ssin>84072002128</v1:ssin>
            <!--Optional:-->
            <v1:referenceDate>2017-05-01</v1:referenceDate>
         </v1:request>
      </v1:consultActiveCardsRequest>
   </soapenv:Body>
</soapenv:Envelope>]]></con:request><con:credentials><con:selectedAuthProfile>Basic</con:selectedAuthProfile><con:addedBasicAuthenticationTypes>Basic</con:addedBasicAuthenticationTypes><con:authType>Global HTTP Settings</con:authType></con:credentials><con:jmsConfig JMSDeliveryMode="PERSISTENT"/><con:jmsPropertyConfig/><con:wsaConfig mustUnderstand="NONE" version="200508" action="http://fidus.brussels/services/europeandisabilitycardservice/consultActiveCards"/><con:wsrmConfig version="1.2"/></con:call><con:call id="0f2074f7-9ea3-4d05-ae61-f811c9a70edc" name="03- Test - LB - Request" outgoingWss="Outflow TEST" incomingWss="Inflow TEST"><con:settings><con:setting id="com.eviware.soapui.impl.wsdl.WsdlRequest@request-headers">&lt;xml-fragment/></con:setting></con:settings><con:encoding>UTF-8</con:encoding><con:endpoint>https://esb-security-gw.sta.srv.cirb.lan:8443/services/EuropeanDisabilityCardService_v1.0</con:endpoint><con:request><![CDATA[<soapenv:Envelope xmlns:soapenv="http://schemas.xmlsoap.org/soap/envelope/" xmlns:v1="http://fidus.brussels/service/europeandisabilitycardservice/messages/v1" xmlns:v11="http://fidus.brussels/type/common/messages/v1">
   <soapenv:Header/>
   <soapenv:Body>
      <v1:consultActiveCardsRequest>         
         <v1:messageContext>
            <v11:messageId>${=import static java.util.UUID.randomUUID; uuid = randomUUID() as String}</v11:messageId>
            <!--Optional:-->
            <v11:timestamp>${=new java.text.SimpleDateFormat("yyyy-MM-dd'T'HH:mm:ss.SSS").format(new Date())}</v11:timestamp>
         </v1:messageContext>
         <v1:legalContext>ServiceIntegrator</v1:legalContext>
         <v1:request>
            <v1:ssin>84072002128</v1:ssin>
            <!--Optional:-->
            <v1:referenceDate>2017-05-01</v1:referenceDate>
         </v1:request>
      </v1:consultActiveCardsRequest>
   </soapenv:Body>
</soapenv:Envelope>]]></con:request><con:credentials><con:selectedAuthProfile>Basic</con:selectedAuthProfile><con:addedBasicAuthenticationTypes>Basic</con:addedBasicAuthenticationTypes><con:authType>Global HTTP Settings</con:authType></con:credentials><con:jmsConfig JMSDeliveryMode="PERSISTENT"/><con:jmsPropertyConfig/><con:wsaConfig mustUnderstand="NONE" version="200508" action="http://fidus.brussels/services/europeandisabilitycardservice/consultActiveCards"/><con:wsrmConfig version="1.2"/></con:call><con:call id="4f1017b7-0939-438e-a085-366fc054d3c2" name="03- Test - Worker1 - Request" outgoingWss="Outflow TEST" incomingWss="Inflow TEST"><con:settings><con:setting id="com.eviware.soapui.impl.wsdl.WsdlRequest@request-headers">&lt;xml-fragment/></con:setting></con:settings><con:encoding>UTF-8</con:encoding><con:endpoint>https://192.168.22.53:8443/services/EuropeanDisabilityCardService_v1.0</con:endpoint><con:request><![CDATA[<soapenv:Envelope xmlns:soapenv="http://schemas.xmlsoap.org/soap/envelope/" xmlns:v1="http://fidus.brussels/service/europeandisabilitycardservice/messages/v1" xmlns:v11="http://fidus.brussels/type/common/messages/v1">
   <soapenv:Header/>
   <soapenv:Body>
      <v1:consultActiveCardsRequest>         
         <v1:messageContext>
            <v11:messageId>${=import static java.util.UUID.randomUUID; uuid = randomUUID() as String}</v11:messageId>
            <!--Optional:-->
            <v11:timestamp>${=new java.text.SimpleDateFormat("yyyy-MM-dd'T'HH:mm:ss.SSS").format(new Date())}</v11:timestamp>
         </v1:messageContext>
         <v1:legalContext>ServiceIntegrator</v1:legalContext>
         <v1:request>
            <v1:ssin>13081340449</v1:ssin>
            <!--<v1:referenceDate>2017-08-09</v1:referenceDate>-->
         </v1:request>
      </v1:consultActiveCardsRequest>
   </soapenv:Body>
</soapenv:Envelope>]]></con:request><con:credentials><con:selectedAuthProfile>Basic</con:selectedAuthProfile><con:addedBasicAuthenticationTypes>Basic</con:addedBasicAuthenticationTypes><con:authType>Global HTTP Settings</con:authType></con:credentials><con:jmsConfig JMSDeliveryMode="PERSISTENT"/><con:jmsPropertyConfig/><con:wsaConfig mustUnderstand="NONE" version="200508" action="http://fidus.brussels/services/europeandisabilitycardservice/consultActiveCards"/><con:wsrmConfig version="1.2"/></con:call><con:call id="3dbbb9a9-1195-460c-8a02-0e22734563a0" name="03- Test - Worker2 - Request" outgoingWss="Outflow DEV" incomingWss="Inflow DEV"><con:settings><con:setting id="com.eviware.soapui.impl.wsdl.WsdlRequest@request-headers">&lt;xml-fragment/></con:setting></con:settings><con:encoding>UTF-8</con:encoding><con:endpoint>https://192.168.22.54:8443/services/EuropeanDisabilityCardService_v1.0</con:endpoint><con:request><![CDATA[<soapenv:Envelope xmlns:soapenv="http://schemas.xmlsoap.org/soap/envelope/" xmlns:v1="http://fidus.brussels/service/europeandisabilitycardservice/messages/v1" xmlns:v11="http://fidus.brussels/type/common/messages/v1">
   <soapenv:Header/>
   <soapenv:Body>
      <v1:consultActiveCardsRequest>         
         <v1:messageContext>
            <v11:messageId>${=import static java.util.UUID.randomUUID; uuid = randomUUID() as String}</v11:messageId>
            <!--Optional:-->
            <v11:timestamp>${=new java.text.SimpleDateFormat("yyyy-MM-dd'T'HH:mm:ss.SSS").format(new Date())}</v11:timestamp>
         </v1:messageContext>
         <v1:legalContext>ServiceIntegrator</v1:legalContext>
         <v1:request>
            <v1:ssin>84072002128</v1:ssin>
            <!--Optional:-->
            <v1:referenceDate>2017-05-01</v1:referenceDate>
         </v1:request>
      </v1:consultActiveCardsRequest>
   </soapenv:Body>
</soapenv:Envelope>]]></con:request><con:credentials><con:selectedAuthProfile>Basic</con:selectedAuthProfile><con:addedBasicAuthenticationTypes>Basic</con:addedBasicAuthenticationTypes><con:authType>Global HTTP Settings</con:authType></con:credentials><con:jmsConfig JMSDeliveryMode="PERSISTENT"/><con:jmsPropertyConfig/><con:wsaConfig mustUnderstand="NONE" version="200508" action="http://fidus.brussels/services/europeandisabilitycardservice/consultActiveCards"/><con:wsrmConfig version="1.2"/></con:call><con:call id="823f639a-8542-4d8b-be85-97f91f161681" name="03- Test - External - ActiveCard@RefDate - Request" outgoingWss="Outflow TEST" incomingWss="Inflow TEST"><con:settings><con:setting id="com.eviware.soapui.impl.wsdl.WsdlRequest@request-headers">&lt;xml-fragment/></con:setting></con:settings><con:encoding>UTF-8</con:encoding><con:endpoint>https://192.168.24.17:8443/services/EuropeanDisabilityCardService_v1.0</con:endpoint><con:request><![CDATA[<soapenv:Envelope xmlns:soapenv="http://schemas.xmlsoap.org/soap/envelope/" xmlns:v1="http://fidus.brussels/service/europeandisabilitycardservice/messages/v1" xmlns:v11="http://fidus.brussels/type/common/messages/v1">
   <soapenv:Header/>
   <soapenv:Body>
      <v1:consultActiveCardsRequest>         
         <v1:messageContext>
            <v11:messageId>${=import static java.util.UUID.randomUUID; uuid = randomUUID() as String}</v11:messageId>
            <!--Optional:-->
            <v11:timestamp>${=new java.text.SimpleDateFormat("yyyy-MM-dd'T'HH:mm:ss.SSS").format(new Date())}</v11:timestamp>
         </v1:messageContext>
         <v1:legalContext>ServiceIntegrator</v1:legalContext>
         <v1:request>
            <v1:ssin>81040964736</v1:ssin>
            <!--Optional:-->
            <v1:referenceDate>2017-08-09</v1:referenceDate>
         </v1:request>
      </v1:consultActiveCardsRequest>
   </soapenv:Body>
</soapenv:Envelope>]]></con:request><con:credentials><con:selectedAuthProfile>Basic</con:selectedAuthProfile><con:addedBasicAuthenticationTypes>Basic</con:addedBasicAuthenticationTypes><con:authType>Global HTTP Settings</con:authType></con:credentials><con:jmsConfig JMSDeliveryMode="PERSISTENT"/><con:jmsPropertyConfig/><con:wsaConfig mustUnderstand="NONE" version="200508" action="http://fidus.brussels/services/europeandisabilitycardservice/consultActiveCards"/><con:wsrmConfig version="1.2"/></con:call><con:call id="9aefa770-4978-44a5-b85c-b8d62f255487" name="03- Test - External - Card_NotActive@RefDate - Request" outgoingWss="Outflow TEST" incomingWss="Inflow TEST"><con:settings><con:setting id="com.eviware.soapui.impl.wsdl.WsdlRequest@request-headers">&lt;xml-fragment/></con:setting></con:settings><con:encoding>UTF-8</con:encoding><con:endpoint>https://192.168.24.17:8443/services/EuropeanDisabilityCardService_v1.0</con:endpoint><con:request><![CDATA[<soapenv:Envelope xmlns:soapenv="http://schemas.xmlsoap.org/soap/envelope/" xmlns:v1="http://fidus.brussels/service/europeandisabilitycardservice/messages/v1" xmlns:v11="http://fidus.brussels/type/common/messages/v1">
   <soapenv:Header/>
   <soapenv:Body>
      <v1:consultActiveCardsRequest>         
         <v1:messageContext>
            <v11:messageId>${=import static java.util.UUID.randomUUID; uuid = randomUUID() as String}</v11:messageId>
            <!--Optional:-->
            <v11:timestamp>${=new java.text.SimpleDateFormat("yyyy-MM-dd'T'HH:mm:ss.SSS").format(new Date())}</v11:timestamp>
         </v1:messageContext>
         <v1:legalContext>ServiceIntegrator</v1:legalContext>
         <v1:request>
            <v1:ssin>81040964736</v1:ssin>
            <!--Optional:-->
            <v1:referenceDate>2017-08-01</v1:referenceDate>
         </v1:request>
      </v1:consultActiveCardsRequest>
   </soapenv:Body>
</soapenv:Envelope>]]></con:request><con:credentials><con:selectedAuthProfile>Basic</con:selectedAuthProfile><con:addedBasicAuthenticationTypes>Basic</con:addedBasicAuthenticationTypes><con:authType>Global HTTP Settings</con:authType></con:credentials><con:jmsConfig JMSDeliveryMode="PERSISTENT"/><con:jmsPropertyConfig/><con:wsaConfig mustUnderstand="NONE" version="200508" action="http://fidus.brussels/services/europeandisabilitycardservice/consultActiveCards"/><con:wsrmConfig version="1.2"/></con:call><con:call id="90cda7a4-0cb7-4414-b587-37d8cdbb263c" name="03- Test - External - CancelledSSIN_ActiveCard@RefDate - Request" outgoingWss="Outflow TEST" incomingWss="Inflow TEST"><con:settings><con:setting id="com.eviware.soapui.impl.wsdl.WsdlRequest@request-headers">&lt;xml-fragment/></con:setting></con:settings><con:encoding>UTF-8</con:encoding><con:endpoint>https://192.168.24.17:8443/services/EuropeanDisabilityCardService_v1.0</con:endpoint><con:request><![CDATA[<soapenv:Envelope xmlns:soapenv="http://schemas.xmlsoap.org/soap/envelope/" xmlns:v1="http://fidus.brussels/service/europeandisabilitycardservice/messages/v1" xmlns:v11="http://fidus.brussels/type/common/messages/v1">
   <soapenv:Header/>
   <soapenv:Body>
      <v1:consultActiveCardsRequest>         
         <v1:messageContext>
            <v11:messageId>${=import static java.util.UUID.randomUUID; uuid = randomUUID() as String}</v11:messageId>
            <!--Optional:-->
            <v11:timestamp>${=new java.text.SimpleDateFormat("yyyy-MM-dd'T'HH:mm:ss.SSS").format(new Date())}</v11:timestamp>
         </v1:messageContext>
         <v1:legalContext>ServiceIntegrator</v1:legalContext>
         <v1:request>
            <v1:ssin>89120121658</v1:ssin>
            <!--Optional:-->
            <v1:referenceDate>2017-08-09</v1:referenceDate>
         </v1:request>
      </v1:consultActiveCardsRequest>
   </soapenv:Body>
</soapenv:Envelope>]]></con:request><con:credentials><con:selectedAuthProfile>Basic</con:selectedAuthProfile><con:addedBasicAuthenticationTypes>Basic</con:addedBasicAuthenticationTypes><con:authType>Global HTTP Settings</con:authType></con:credentials><con:jmsConfig JMSDeliveryMode="PERSISTENT"/><con:jmsPropertyConfig/><con:wsaConfig mustUnderstand="NONE" version="200508" action="http://fidus.brussels/services/europeandisabilitycardservice/consultActiveCards"/><con:wsrmConfig version="1.2"/></con:call><con:call id="f0493f49-321a-4cb8-bc8a-da4fbb667dc7" name="03- Test - External - CancelledSSIN_Card_NotActive - Request" outgoingWss="Outflow TEST" incomingWss="Inflow TEST"><con:settings><con:setting id="com.eviware.soapui.impl.wsdl.WsdlRequest@request-headers">&lt;xml-fragment/></con:setting></con:settings><con:encoding>UTF-8</con:encoding><con:endpoint>https://192.168.24.17:8443/services/EuropeanDisabilityCardService_v1.0</con:endpoint><con:request><![CDATA[<soapenv:Envelope xmlns:soapenv="http://schemas.xmlsoap.org/soap/envelope/" xmlns:v1="http://fidus.brussels/service/europeandisabilitycardservice/messages/v1" xmlns:v11="http://fidus.brussels/type/common/messages/v1">
   <soapenv:Header/>
   <soapenv:Body>
      <v1:consultActiveCardsRequest>         
         <v1:messageContext>
            <v11:messageId>${=import static java.util.UUID.randomUUID; uuid = randomUUID() as String}</v11:messageId>
            <!--Optional:-->
            <v11:timestamp>${=new java.text.SimpleDateFormat("yyyy-MM-dd'T'HH:mm:ss.SSS").format(new Date())}</v11:timestamp>
         </v1:messageContext>
         <v1:legalContext>ServiceIntegrator</v1:legalContext>
         <v1:request>
            <v1:ssin>49010193967</v1:ssin>
            <!--Optional:-->
            <v1:referenceDate>2017-08-01</v1:referenceDate>
         </v1:request>
      </v1:consultActiveCardsRequest>
   </soapenv:Body>
</soapenv:Envelope>]]></con:request><con:credentials><con:selectedAuthProfile>Basic</con:selectedAuthProfile><con:addedBasicAuthenticationTypes>Basic</con:addedBasicAuthenticationTypes><con:authType>Global HTTP Settings</con:authType></con:credentials><con:jmsConfig JMSDeliveryMode="PERSISTENT"/><con:jmsPropertyConfig/><con:wsaConfig mustUnderstand="NONE" version="200508" action="http://fidus.brussels/services/europeandisabilitycardservice/consultActiveCards"/><con:wsrmConfig version="1.2"/></con:call><con:call id="b9e1b3c8-b87f-43a6-a65c-75673234db98" name="03- Test - External - SSIN_DeceasedPerson_Card_Active - Request" outgoingWss="Outflow TEST" incomingWss="Inflow TEST"><con:settings><con:setting id="com.eviware.soapui.impl.wsdl.WsdlRequest@request-headers">&lt;xml-fragment/></con:setting></con:settings><con:encoding>UTF-8</con:encoding><con:endpoint>https://192.168.24.17:8443/services/EuropeanDisabilityCardService_v1.0</con:endpoint><con:request><![CDATA[<soapenv:Envelope xmlns:soapenv="http://schemas.xmlsoap.org/soap/envelope/" xmlns:v1="http://fidus.brussels/service/europeandisabilitycardservice/messages/v1" xmlns:v11="http://fidus.brussels/type/common/messages/v1">
   <soapenv:Header/>
   <soapenv:Body>
      <v1:consultActiveCardsRequest>         
         <v1:messageContext>
            <v11:messageId>${=import static java.util.UUID.randomUUID; uuid = randomUUID() as String}</v11:messageId>
            <!--Optional:-->
            <v11:timestamp>${=new java.text.SimpleDateFormat("yyyy-MM-dd'T'HH:mm:ss.SSS").format(new Date())}</v11:timestamp>
         </v1:messageContext>
         <v1:legalContext>ServiceIntegrator</v1:legalContext>
         <v1:request>
            <v1:ssin>21033027563</v1:ssin>
            <!--Optional:-->
            <v1:referenceDate>2017-08-09</v1:referenceDate>
         </v1:request>
      </v1:consultActiveCardsRequest>
   </soapenv:Body>
</soapenv:Envelope>]]></con:request><con:credentials><con:selectedAuthProfile>Basic</con:selectedAuthProfile><con:addedBasicAuthenticationTypes>Basic</con:addedBasicAuthenticationTypes><con:authType>Global HTTP Settings</con:authType></con:credentials><con:jmsConfig JMSDeliveryMode="PERSISTENT"/><con:jmsPropertyConfig/><con:wsaConfig mustUnderstand="NONE" version="200508" action="http://fidus.brussels/services/europeandisabilitycardservice/consultActiveCards"/><con:wsrmConfig version="1.2"/></con:call><con:call id="a1f5c879-3a17-42f5-bd49-01f845596af3" name="03- Test - External - SSIN_DeceasedPerson_NoCard_Active - Request" outgoingWss="Outflow TEST" incomingWss="Inflow TEST"><con:settings><con:setting id="com.eviware.soapui.impl.wsdl.WsdlRequest@request-headers">&lt;xml-fragment/></con:setting></con:settings><con:encoding>UTF-8</con:encoding><con:endpoint>https://192.168.24.17:8443/services/EuropeanDisabilityCardService_v1.0</con:endpoint><con:request><![CDATA[<soapenv:Envelope xmlns:soapenv="http://schemas.xmlsoap.org/soap/envelope/" xmlns:v1="http://fidus.brussels/service/europeandisabilitycardservice/messages/v1" xmlns:v11="http://fidus.brussels/type/common/messages/v1">
   <soapenv:Header/>
   <soapenv:Body>
      <v1:consultActiveCardsRequest>         
         <v1:messageContext>
            <v11:messageId>${=import static java.util.UUID.randomUUID; uuid = randomUUID() as String}</v11:messageId>
            <!--Optional:-->
            <v11:timestamp>${=new java.text.SimpleDateFormat("yyyy-MM-dd'T'HH:mm:ss.SSS").format(new Date())}</v11:timestamp>
         </v1:messageContext>
         <v1:legalContext>ServiceIntegrator</v1:legalContext>
         <v1:request>
            <v1:ssin>18100808031</v1:ssin>
            <!--Optional:-->
            <v1:referenceDate>2017-08-09</v1:referenceDate>
         </v1:request>
      </v1:consultActiveCardsRequest>
   </soapenv:Body>
</soapenv:Envelope>]]></con:request><con:credentials><con:selectedAuthProfile>Basic</con:selectedAuthProfile><con:addedBasicAuthenticationTypes>Basic</con:addedBasicAuthenticationTypes><con:authType>Global HTTP Settings</con:authType></con:credentials><con:jmsConfig JMSDeliveryMode="PERSISTENT"/><con:jmsPropertyConfig/><con:wsaConfig mustUnderstand="NONE" version="200508" action="http://fidus.brussels/services/europeandisabilitycardservice/consultActiveCards"/><con:wsrmConfig version="1.2"/></con:call><con:call id="b02ed8fb-60ab-406e-b04f-dcb29854b8ca" name="03- Test - External - Card_Active@SysDate - Request" outgoingWss="Outflow TEST" incomingWss="Inflow TEST"><con:settings><con:setting id="com.eviware.soapui.impl.wsdl.WsdlRequest@request-headers">&lt;xml-fragment/></con:setting></con:settings><con:encoding>UTF-8</con:encoding><con:endpoint>https://192.168.24.17:8443/services/EuropeanDisabilityCardService_v1.0</con:endpoint><con:request><![CDATA[<soapenv:Envelope xmlns:soapenv="http://schemas.xmlsoap.org/soap/envelope/" xmlns:v1="http://fidus.brussels/service/europeandisabilitycardservice/messages/v1" xmlns:v11="http://fidus.brussels/type/common/messages/v1">
   <soapenv:Header/>
   <soapenv:Body>
      <v1:consultActiveCardsRequest>         
         <v1:messageContext>
            <v11:messageId>${=import static java.util.UUID.randomUUID; uuid = randomUUID() as String}</v11:messageId>
            <!--Optional:-->
            <v11:timestamp>${=new java.text.SimpleDateFormat("yyyy-MM-dd'T'HH:mm:ss.SSS").format(new Date())}</v11:timestamp>
         </v1:messageContext>
         <v1:legalContext>ServiceIntegrator</v1:legalContext>
         <v1:request>
            <v1:ssin>64061324572</v1:ssin>                     
         </v1:request>
      </v1:consultActiveCardsRequest>
   </soapenv:Body>
</soapenv:Envelope>]]></con:request><con:credentials><con:selectedAuthProfile>Basic</con:selectedAuthProfile><con:addedBasicAuthenticationTypes>Basic</con:addedBasicAuthenticationTypes><con:authType>Global HTTP Settings</con:authType></con:credentials><con:jmsConfig JMSDeliveryMode="PERSISTENT"/><con:jmsPropertyConfig/><con:wsaConfig mustUnderstand="NONE" version="200508" action="http://fidus.brussels/services/europeandisabilitycardservice/consultActiveCards"/><con:wsrmConfig version="1.2"/></con:call><con:call id="508b25c0-a234-493d-9273-9a0b45451a5f" name="03- Test - External - Card_Active_OtherPartner - Request" outgoingWss="Outflow TEST" incomingWss="Inflow TEST"><con:settings><con:setting id="com.eviware.soapui.impl.wsdl.WsdlRequest@request-headers">&lt;xml-fragment/></con:setting></con:settings><con:encoding>UTF-8</con:encoding><con:endpoint>https://192.168.24.17:8443/services/EuropeanDisabilityCardService_v1.0</con:endpoint><con:request><![CDATA[<soapenv:Envelope xmlns:soapenv="http://schemas.xmlsoap.org/soap/envelope/" xmlns:v1="http://fidus.brussels/service/europeandisabilitycardservice/messages/v1" xmlns:v11="http://fidus.brussels/type/common/messages/v1">
   <soapenv:Header/>
   <soapenv:Body>
      <v1:consultActiveCardsRequest>         
         <v1:messageContext>
            <v11:messageId>${=import static java.util.UUID.randomUUID; uuid = randomUUID() as String}</v11:messageId>
            <!--Optional:-->
            <v11:timestamp>${=new java.text.SimpleDateFormat("yyyy-MM-dd'T'HH:mm:ss.SSS").format(new Date())}</v11:timestamp>
         </v1:messageContext>
         <v1:legalContext>ServiceIntegrator</v1:legalContext>
         <v1:request>
            <v1:ssin>81091318921</v1:ssin>
         </v1:request>
      </v1:consultActiveCardsRequest>
   </soapenv:Body>
</soapenv:Envelope>]]></con:request><con:credentials><con:selectedAuthProfile>Basic</con:selectedAuthProfile><con:addedBasicAuthenticationTypes>Basic</con:addedBasicAuthenticationTypes><con:authType>Global HTTP Settings</con:authType></con:credentials><con:jmsConfig JMSDeliveryMode="PERSISTENT"/><con:jmsPropertyConfig/><con:wsaConfig mustUnderstand="NONE" version="200508" action="http://fidus.brussels/services/europeandisabilitycardservice/consultActiveCards"/><con:wsrmConfig version="1.2"/></con:call><con:call id="f114f902-b795-4e31-8bd6-71b991e06b2e" name="03- Test - External - Invalid_ReferenceDate - Request" outgoingWss="Outflow TEST" incomingWss="Inflow TEST"><con:settings><con:setting id="com.eviware.soapui.impl.wsdl.WsdlRequest@request-headers">&lt;xml-fragment/></con:setting></con:settings><con:encoding>UTF-8</con:encoding><con:endpoint>https://192.168.24.17:8443/services/EuropeanDisabilityCardService_v1.0</con:endpoint><con:request><![CDATA[<soapenv:Envelope xmlns:soapenv="http://schemas.xmlsoap.org/soap/envelope/" xmlns:v1="http://fidus.brussels/service/europeandisabilitycardservice/messages/v1" xmlns:v11="http://fidus.brussels/type/common/messages/v1">
   <soapenv:Header/>
   <soapenv:Body>
      <v1:consultActiveCardsRequest>         
         <v1:messageContext>
            <v11:messageId>${=import static java.util.UUID.randomUUID; uuid = randomUUID() as String}</v11:messageId>
            <!--Optional:-->
            <v11:timestamp>${=new java.text.SimpleDateFormat("yyyy-MM-dd'T'HH:mm:ss.SSS").format(new Date())}</v11:timestamp>
         </v1:messageContext>
         <v1:legalContext>ServiceIntegrator</v1:legalContext>
         <v1:request>
            <v1:ssin>81091318921</v1:ssin>
            <v1:referenceDate>2016-01-01</v1:referenceDate>
         </v1:request>
      </v1:consultActiveCardsRequest>
   </soapenv:Body>
</soapenv:Envelope>]]></con:request><con:credentials><con:selectedAuthProfile>Basic</con:selectedAuthProfile><con:addedBasicAuthenticationTypes>Basic</con:addedBasicAuthenticationTypes><con:authType>Global HTTP Settings</con:authType></con:credentials><con:jmsConfig JMSDeliveryMode="PERSISTENT"/><con:jmsPropertyConfig/><con:wsaConfig mustUnderstand="NONE" version="200508" action="http://fidus.brussels/services/europeandisabilitycardservice/consultActiveCards"/><con:wsrmConfig version="1.2"/></con:call><con:call id="55f358a0-5e8c-407c-aacd-775ebf737bfe" name="03- Test - External - Invalid_ReferenceDate2 - Request" outgoingWss="Outflow TEST" incomingWss="Inflow TEST"><con:settings><con:setting id="com.eviware.soapui.impl.wsdl.WsdlRequest@request-headers">&lt;xml-fragment/></con:setting></con:settings><con:encoding>UTF-8</con:encoding><con:endpoint>https://192.168.24.17:8443/services/EuropeanDisabilityCardService_v1.0</con:endpoint><con:request><![CDATA[<soapenv:Envelope xmlns:soapenv="http://schemas.xmlsoap.org/soap/envelope/" xmlns:v1="http://fidus.brussels/service/europeandisabilitycardservice/messages/v1" xmlns:v11="http://fidus.brussels/type/common/messages/v1">
   <soapenv:Header/>
   <soapenv:Body>
      <v1:consultActiveCardsRequest>         
         <v1:messageContext>
            <v11:messageId>${=import static java.util.UUID.randomUUID; uuid = randomUUID() as String}</v11:messageId>
            <!--Optional:-->
            <v11:timestamp>${=new java.text.SimpleDateFormat("yyyy-MM-dd'T'HH:mm:ss.SSS").format(new Date())}</v11:timestamp>
         </v1:messageContext>
         <v1:legalContext>ServiceIntegrator</v1:legalContext>
         <v1:request>
            <v1:ssin>81091318921</v1:ssin>
            <v1:referenceDate>2020-01-01</v1:referenceDate>
         </v1:request>
      </v1:consultActiveCardsRequest>
   </soapenv:Body>
</soapenv:Envelope>]]></con:request><con:credentials><con:selectedAuthProfile>Basic</con:selectedAuthProfile><con:addedBasicAuthenticationTypes>Basic</con:addedBasicAuthenticationTypes><con:authType>Global HTTP Settings</con:authType></con:credentials><con:jmsConfig JMSDeliveryMode="PERSISTENT"/><con:jmsPropertyConfig/><con:wsaConfig mustUnderstand="NONE" version="200508" action="http://fidus.brussels/services/europeandisabilitycardservice/consultActiveCards"/><con:wsrmConfig version="1.2"/></con:call><con:call id="e1f070f1-eaf8-41e8-9360-3130a33b5129" name="04- Staging - External - Request" outgoingWss="Outflow STAGING" incomingWss="Inflow STAGING"><con:settings><con:setting id="com.eviware.soapui.impl.wsdl.WsdlRequest@request-headers">&lt;xml-fragment/></con:setting></con:settings><con:encoding>UTF-8</con:encoding><con:endpoint>https://fidus.sec.brussels/services/EuropeanDisabilityCardService_v1.0</con:endpoint><con:request><![CDATA[<soapenv:Envelope xmlns:soapenv="http://schemas.xmlsoap.org/soap/envelope/" xmlns:v1="http://fidus.brussels/service/europeandisabilitycardservice/messages/v1" xmlns:v11="http://fidus.brussels/type/common/messages/v1">
   <soapenv:Header/>
   <soapenv:Body>
      <v1:consultActiveCardsRequest>         
         <v1:messageContext>
            <v11:messageId>${=import static java.util.UUID.randomUUID; uuid = randomUUID() as String}</v11:messageId>
            <!--Optional:-->
            <v11:timestamp>${=new java.text.SimpleDateFormat("yyyy-MM-dd'T'HH:mm:ss.SSS").format(new Date())}</v11:timestamp>
         </v1:messageContext>
         <v1:legalContext>ServiceIntegrator</v1:legalContext>
         <v1:request>
            <v1:ssin>10022104563</v1:ssin>
            <!--Optional:-->
            <v1:referenceDate>2017-09-01</v1:referenceDate>
         </v1:request>
      </v1:consultActiveCardsRequest>
   </soapenv:Body>
</soapenv:Envelope>]]></con:request><con:credentials><con:selectedAuthProfile>Basic</con:selectedAuthProfile><con:addedBasicAuthenticationTypes>Basic</con:addedBasicAuthenticationTypes><con:authType>Global HTTP Settings</con:authType></con:credentials><con:jmsConfig JMSDeliveryMode="PERSISTENT"/><con:jmsPropertyConfig/><con:wsaConfig mustUnderstand="NONE" version="200508" action="http://fidus.brussels/services/europeandisabilitycardservice/consultActiveCards"/><con:wsrmConfig version="1.2"/></con:call><con:call id="f3c37312-2b61-48eb-93b2-50c7d4ac2a45" name="04- Staging - LB - Request" outgoingWss="Outflow STAGING" incomingWss="Inflow STAGING"><con:settings><con:setting id="com.eviware.soapui.impl.wsdl.WsdlRequest@request-headers">&lt;xml-fragment/></con:setting></con:settings><con:encoding>UTF-8</con:encoding><con:endpoint>https://fidus-esb-sg.prd.srv.cirb.lan:8443/services/EuropeanDisabilityCardService_v1.0</con:endpoint><con:request><![CDATA[<soapenv:Envelope xmlns:soapenv="http://schemas.xmlsoap.org/soap/envelope/" xmlns:v1="http://fidus.brussels/service/europeandisabilitycardservice/messages/v1" xmlns:v11="http://fidus.brussels/type/common/messages/v1">
   <soapenv:Header/>
   <soapenv:Body>
      <v1:consultActiveCardsRequest>         
         <v1:messageContext>
            <v11:messageId>${=import static java.util.UUID.randomUUID; uuid = randomUUID() as String}</v11:messageId>
            <!--Optional:-->
            <v11:timestamp>${=new java.text.SimpleDateFormat("yyyy-MM-dd'T'HH:mm:ss.SSS").format(new Date())}</v11:timestamp>
         </v1:messageContext>
         <v1:legalContext>ServiceIntegrator</v1:legalContext>
         <v1:request>
            <v1:ssin>10022104563</v1:ssin>
            <!--Optional:-->
            <v1:referenceDate>2017-09-01</v1:referenceDate>
         </v1:request>
      </v1:consultActiveCardsRequest>
   </soapenv:Body>
</soapenv:Envelope>]]></con:request><con:credentials><con:selectedAuthProfile>Basic</con:selectedAuthProfile><con:addedBasicAuthenticationTypes>Basic</con:addedBasicAuthenticationTypes><con:authType>Global HTTP Settings</con:authType></con:credentials><con:jmsConfig JMSDeliveryMode="PERSISTENT"/><con:jmsPropertyConfig/><con:wsaConfig mustUnderstand="NONE" version="200508" action="http://fidus.brussels/services/europeandisabilitycardservice/consultActiveCards"/><con:wsrmConfig version="1.2"/></con:call><con:call id="c007a15c-7f63-4a1e-bc10-5e53502bb3d1" name="04- Staging - Worker1 - Request" outgoingWss="Outflow STAGING" incomingWss="Inflow STAGING"><con:settings><con:setting id="com.eviware.soapui.impl.wsdl.WsdlRequest@request-headers">&lt;xml-fragment/></con:setting></con:settings><con:encoding>UTF-8</con:encoding><con:endpoint>https://192.168.26.22:8443/services/EuropeanDisabilityCardService_v1.0</con:endpoint><con:request><![CDATA[<soapenv:Envelope xmlns:soapenv="http://schemas.xmlsoap.org/soap/envelope/" xmlns:v1="http://fidus.brussels/service/europeandisabilitycardservice/messages/v1" xmlns:v11="http://fidus.brussels/type/common/messages/v1">
   <soapenv:Header/>
   <soapenv:Body>
      <v1:consultActiveCardsRequest>         
         <v1:messageContext>
            <v11:messageId>${=import static java.util.UUID.randomUUID; uuid = randomUUID() as String}</v11:messageId>
            <!--Optional:-->
            <v11:timestamp>${=new java.text.SimpleDateFormat("yyyy-MM-dd'T'HH:mm:ss.SSS").format(new Date())}</v11:timestamp>
         </v1:messageContext>
         <v1:legalContext>ServiceIntegrator</v1:legalContext>
         <v1:request>
            <v1:ssin>10022104563</v1:ssin>
            <!--Optional:-->
            <v1:referenceDate>2017-09-01</v1:referenceDate>
         </v1:request>
      </v1:consultActiveCardsRequest>
   </soapenv:Body>
</soapenv:Envelope>]]></con:request><con:credentials><con:selectedAuthProfile>Basic</con:selectedAuthProfile><con:addedBasicAuthenticationTypes>Basic</con:addedBasicAuthenticationTypes><con:authType>Global HTTP Settings</con:authType></con:credentials><con:jmsConfig JMSDeliveryMode="PERSISTENT"/><con:jmsPropertyConfig/><con:wsaConfig mustUnderstand="NONE" version="200508" action="http://fidus.brussels/services/europeandisabilitycardservice/consultActiveCards"/><con:wsrmConfig version="1.2"/></con:call><con:call id="2fb4cdef-d76a-4ad6-8463-aff9206eb05e" name="04- Staging - Worker2 - Request" outgoingWss="Outflow STAGING" incomingWss="Inflow STAGING"><con:settings><con:setting id="com.eviware.soapui.impl.wsdl.WsdlRequest@request-headers">&lt;xml-fragment/></con:setting></con:settings><con:encoding>UTF-8</con:encoding><con:endpoint>https://192.168.24.17:8443/services/EuropeanDisabilityCardService_v1.0</con:endpoint><con:request><![CDATA[<soapenv:Envelope xmlns:soapenv="http://schemas.xmlsoap.org/soap/envelope/" xmlns:v1="http://fidus.brussels/service/europeandisabilitycardservice/messages/v1" xmlns:v11="http://fidus.brussels/type/common/messages/v1">
   <soapenv:Header/>
   <soapenv:Body>
      <v1:consultActiveCardsRequest>         
         <v1:messageContext>
            <v11:messageId>${=import static java.util.UUID.randomUUID; uuid = randomUUID() as String}</v11:messageId>
            <!--Optional:-->
            <v11:timestamp>${=new java.text.SimpleDateFormat("yyyy-MM-dd'T'HH:mm:ss.SSS").format(new Date())}</v11:timestamp>
         </v1:messageContext>
         <v1:legalContext>ServiceIntegrator</v1:legalContext>
         <v1:request>
            <v1:ssin>10022104563</v1:ssin>
            <!--Optional:-->
            <v1:referenceDate>2017-09-01</v1:referenceDate>
         </v1:request>
      </v1:consultActiveCardsRequest>
   </soapenv:Body>
</soapenv:Envelope>]]></con:request><con:credentials><con:selectedAuthProfile>Basic</con:selectedAuthProfile><con:addedBasicAuthenticationTypes>Basic</con:addedBasicAuthenticationTypes><con:authType>Global HTTP Settings</con:authType></con:credentials><con:jmsConfig JMSDeliveryMode="PERSISTENT"/><con:jmsPropertyConfig/><con:wsaConfig mustUnderstand="NONE" version="200508" action="http://fidus.brussels/services/europeandisabilitycardservice/consultActiveCards"/><con:wsrmConfig version="1.2"/></con:call><con:call id="01fea03e-ab33-421c-99a9-f1f5f5ebc4e5" name="05- Prod - External - Request" outgoingWss="Outflow PROD" incomingWss="Inflow PROD"><con:settings><con:setting id="com.eviware.soapui.impl.wsdl.WsdlRequest@request-headers">&lt;xml-fragment/></con:setting></con:settings><con:encoding>UTF-8</con:encoding><con:endpoint>https://fidus.sec.brussels/services/EuropeanDisabilityCardService_v1.0</con:endpoint><con:request><![CDATA[<soapenv:Envelope xmlns:soapenv="http://schemas.xmlsoap.org/soap/envelope/" xmlns:v1="http://fidus.brussels/service/europeandisabilitycardservice/messages/v1" xmlns:v11="http://fidus.brussels/type/common/messages/v1">
   <soapenv:Header/>
   <soapenv:Body>
      <v1:consultActiveCardsRequest>         
         <v1:messageContext>
            <v11:messageId>${=import static java.util.UUID.randomUUID; uuid = randomUUID() as String}</v11:messageId>
            <!--Optional:-->
            <v11:timestamp>${=new java.text.SimpleDateFormat("yyyy-MM-dd'T'HH:mm:ss.SSS").format(new Date())}</v11:timestamp>
         </v1:messageContext>
         <v1:legalContext>ServiceIntegrator</v1:legalContext>
         <v1:request>
            <v1:ssin>10022104563</v1:ssin>
            <!--Optional:-->
            <v1:referenceDate>2017-09-01</v1:referenceDate>
         </v1:request>
      </v1:consultActiveCardsRequest>
   </soapenv:Body>
</soapenv:Envelope>]]></con:request><con:credentials><con:selectedAuthProfile>Basic</con:selectedAuthProfile><con:addedBasicAuthenticationTypes>Basic</con:addedBasicAuthenticationTypes><con:authType>Global HTTP Settings</con:authType></con:credentials><con:jmsConfig JMSDeliveryMode="PERSISTENT"/><con:jmsPropertyConfig/><con:wsaConfig mustUnderstand="NONE" version="200508" action="http://fidus.brussels/services/europeandisabilitycardservice/consultActiveCards"/><con:wsrmConfig version="1.2"/></con:call><con:call id="693b67f6-ee6d-4861-a49d-4148dff74df3" name="05- Prod - LB - Request" outgoingWss="Outflow PROD" incomingWss="Inflow PROD"><con:settings><con:setting id="com.eviware.soapui.impl.wsdl.WsdlRequest@request-headers">&lt;xml-fragment/></con:setting></con:settings><con:encoding>UTF-8</con:encoding><con:endpoint>https://fidus-esb-sg.prd.srv.cirb.lan:8443/services/EuropeanDisabilityCardService_v1.0</con:endpoint><con:request><![CDATA[<soapenv:Envelope xmlns:soapenv="http://schemas.xmlsoap.org/soap/envelope/" xmlns:v1="http://fidus.brussels/service/europeandisabilitycardservice/messages/v1" xmlns:v11="http://fidus.brussels/type/common/messages/v1">
   <soapenv:Header/>
   <soapenv:Body>
      <v1:consultActiveCardsRequest>         
         <v1:messageContext>
            <v11:messageId>${=import static java.util.UUID.randomUUID; uuid = randomUUID() as String}</v11:messageId>
            <!--Optional:-->
            <v11:timestamp>${=new java.text.SimpleDateFormat("yyyy-MM-dd'T'HH:mm:ss.SSS").format(new Date())}</v11:timestamp>
         </v1:messageContext>
         <v1:legalContext>ServiceIntegrator</v1:legalContext>
         <v1:request>
            <v1:ssin>10022104563</v1:ssin>
            <!--Optional:-->
            <v1:referenceDate>2017-09-01</v1:referenceDate>
         </v1:request>
      </v1:consultActiveCardsRequest>
   </soapenv:Body>
</soapenv:Envelope>]]></con:request><con:credentials><con:selectedAuthProfile>Basic</con:selectedAuthProfile><con:addedBasicAuthenticationTypes>Basic</con:addedBasicAuthenticationTypes><con:authType>Global HTTP Settings</con:authType></con:credentials><con:jmsConfig JMSDeliveryMode="PERSISTENT"/><con:jmsPropertyConfig/><con:wsaConfig mustUnderstand="NONE" version="200508" action="http://fidus.brussels/services/europeandisabilitycardservice/consultActiveCards"/><con:wsrmConfig version="1.2"/></con:call><con:call id="6f907474-3fe0-436a-a9e5-ee399e161ffb" name="05- Prod - Worker1 - Request" outgoingWss="Outflow PROD" incomingWss="Inflow PROD"><con:settings><con:setting id="com.eviware.soapui.impl.wsdl.WsdlRequest@request-headers">&lt;xml-fragment/></con:setting></con:settings><con:encoding>UTF-8</con:encoding><con:endpoint>https://192.168.26.22:8443/services/EuropeanDisabilityCardService_v1.0</con:endpoint><con:request><![CDATA[<soapenv:Envelope xmlns:soapenv="http://schemas.xmlsoap.org/soap/envelope/" xmlns:v1="http://fidus.brussels/service/europeandisabilitycardservice/messages/v1" xmlns:v11="http://fidus.brussels/type/common/messages/v1">
   <soapenv:Header/>
   <soapenv:Body>
      <v1:consultActiveCardsRequest>         
         <v1:messageContext>
            <v11:messageId>${=import static java.util.UUID.randomUUID; uuid = randomUUID() as String}</v11:messageId>
            <!--Optional:-->
            <v11:timestamp>${=new java.text.SimpleDateFormat("yyyy-MM-dd'T'HH:mm:ss.SSS").format(new Date())}</v11:timestamp>
         </v1:messageContext>
         <v1:legalContext>ServiceIntegrator</v1:legalContext>
         <v1:request>
            <v1:ssin>10022104563</v1:ssin>
            <!--Optional:-->
            <v1:referenceDate>2017-09-01</v1:referenceDate>
         </v1:request>
      </v1:consultActiveCardsRequest>
   </soapenv:Body>
</soapenv:Envelope>]]></con:request><con:credentials><con:selectedAuthProfile>Basic</con:selectedAuthProfile><con:addedBasicAuthenticationTypes>Basic</con:addedBasicAuthenticationTypes><con:authType>Global HTTP Settings</con:authType></con:credentials><con:jmsConfig JMSDeliveryMode="PERSISTENT"/><con:jmsPropertyConfig/><con:wsaConfig mustUnderstand="NONE" version="200508" action="http://fidus.brussels/services/europeandisabilitycardservice/consultActiveCards"/><con:wsrmConfig version="1.2"/></con:call><con:call id="5552ac5e-6004-4bfe-96b8-d56c0688312f" name="05- Prod - Worker2 - Request" outgoingWss="Outflow PROD" incomingWss="Inflow PROD"><con:settings><con:setting id="com.eviware.soapui.impl.wsdl.WsdlRequest@request-headers">&lt;xml-fragment/></con:setting></con:settings><con:encoding>UTF-8</con:encoding><con:endpoint>https://192.168.26.19:8443/services/EuropeanDisabilityCardService_v1.0</con:endpoint><con:request><![CDATA[<soapenv:Envelope xmlns:soapenv="http://schemas.xmlsoap.org/soap/envelope/" xmlns:v1="http://fidus.brussels/service/europeandisabilitycardservice/messages/v1" xmlns:v11="http://fidus.brussels/type/common/messages/v1">
   <soapenv:Header/>
   <soapenv:Body>
      <v1:consultActiveCardsRequest>         
         <v1:messageContext>
            <v11:messageId>${=import static java.util.UUID.randomUUID; uuid = randomUUID() as String}</v11:messageId>
            <!--Optional:-->
            <v11:timestamp>${=new java.text.SimpleDateFormat("yyyy-MM-dd'T'HH:mm:ss.SSS").format(new Date())}</v11:timestamp>
         </v1:messageContext>
         <v1:legalContext>ServiceIntegrator</v1:legalContext>
         <v1:request>
            <v1:ssin>10022104563</v1:ssin>
            <!--Optional:-->
            <v1:referenceDate>2017-09-01</v1:referenceDate>
         </v1:request>
      </v1:consultActiveCardsRequest>
   </soapenv:Body>
</soapenv:Envelope>]]></con:request><con:credentials><con:selectedAuthProfile>Basic</con:selectedAuthProfile><con:addedBasicAuthenticationTypes>Basic</con:addedBasicAuthenticationTypes><con:authType>Global HTTP Settings</con:authType></con:credentials><con:jmsConfig JMSDeliveryMode="PERSISTENT"/><con:jmsPropertyConfig/><con:wsaConfig mustUnderstand="NONE" version="200508" action="http://fidus.brussels/services/europeandisabilitycardservice/consultActiveCards"/><con:wsrmConfig version="1.2"/></con:call></con:operation><con:operation id="b0c3821e-10e1-401c-8cde-04146642446e" isOneWay="false" action="http://fidus.brussels/services/europeandisabilitycardservice/consultAllCards" name="consultAllCards" bindingOperationName="consultAllCards" type="Request-Response" inputName="" receivesAttachments="false" sendsAttachments="false" anonymous="optional"><con:settings/><con:call id="237fb8a9-b079-41cc-973d-697bfa0664d4" name="02 - DEV - Request" outgoingWss="Outflow DEV" incomingWss="Inflow DEV"><con:settings><con:setting id="com.eviware.soapui.impl.wsdl.WsdlRequest@request-headers">&lt;xml-fragment/></con:setting></con:settings><con:encoding>UTF-8</con:encoding><con:endpoint>https://192.168.36.61:8243/services/EuropeanDisabilityCardService_v1.0</con:endpoint><con:request><![CDATA[<soapenv:Envelope xmlns:soapenv="http://schemas.xmlsoap.org/soap/envelope/" xmlns:v1="http://fidus.brussels/service/europeandisabilitycardservice/messages/v1" xmlns:v11="http://fidus.brussels/type/common/messages/v1">
   <soapenv:Header/>
   <soapenv:Body>
      <v1:consultAllCardsRequest>
         <v1:messageContext>
            <v11:messageId>${=import static java.util.UUID.randomUUID; uuid = randomUUID() as String}</v11:messageId>
            <!--Optional:-->
            <v11:timestamp>${=new java.text.SimpleDateFormat("yyyy-MM-dd'T'HH:mm:ss.SSS").format(new Date())}</v11:timestamp>
         </v1:messageContext>
         <v1:legalContext>ServiceIntegrator</v1:legalContext>
         <v1:request>
            <v1:ssin>84072002128</v1:ssin>
         </v1:request>
      </v1:consultAllCardsRequest>
   </soapenv:Body>
</soapenv:Envelope>]]></con:request><con:credentials><con:selectedAuthProfile>Basic</con:selectedAuthProfile><con:addedBasicAuthenticationTypes>Basic</con:addedBasicAuthenticationTypes><con:authType>Global HTTP Settings</con:authType></con:credentials><con:jmsConfig JMSDeliveryMode="PERSISTENT"/><con:jmsPropertyConfig/><con:wsaConfig mustUnderstand="NONE" version="200508" action="http://fidus.brussels/services/europeandisabilitycardservice/consultAllCards"/><con:wsrmConfig version="1.2"/></con:call><con:call id="71c30cd8-d62d-48cc-92e0-74c1ac387721" name="01 - Local - Request" outgoingWss="Outflow DEV" incomingWss="Inflow DEV"><con:settings><con:setting id="com.eviware.soapui.impl.wsdl.WsdlRequest@request-headers">&lt;xml-fragment/></con:setting></con:settings><con:encoding>UTF-8</con:encoding><con:endpoint>https://localhost:8243/services/EuropeanDisabilityCardService_v1.0</con:endpoint><con:request><![CDATA[<soapenv:Envelope xmlns:soapenv="http://schemas.xmlsoap.org/soap/envelope/" xmlns:v1="http://fidus.brussels/service/europeandisabilitycardservice/messages/v1" xmlns:v11="http://fidus.brussels/type/common/messages/v1">
   <soapenv:Header/>
   <soapenv:Body>
      <v1:consultAllCardsRequest>
         <v1:messageContext>
            <v11:messageId>${=import static java.util.UUID.randomUUID; uuid = randomUUID() as String}</v11:messageId>
            <!--Optional:-->
            <v11:timestamp>${=new java.text.SimpleDateFormat("yyyy-MM-dd'T'HH:mm:ss.SSS").format(new Date())}</v11:timestamp>
         </v1:messageContext>
         <v1:legalContext>ServiceIntegrator</v1:legalContext>
         <v1:request>
            <v1:ssin>84072002128</v1:ssin>
         </v1:request>
      </v1:consultAllCardsRequest>
   </soapenv:Body>
</soapenv:Envelope>]]></con:request><con:credentials><con:selectedAuthProfile>Basic</con:selectedAuthProfile><con:addedBasicAuthenticationTypes>Basic</con:addedBasicAuthenticationTypes><con:authType>Global HTTP Settings</con:authType></con:credentials><con:jmsConfig JMSDeliveryMode="PERSISTENT"/><con:jmsPropertyConfig/><con:wsaConfig mustUnderstand="NONE" version="200508" action="http://fidus.brussels/services/europeandisabilitycardservice/consultAllCards"/><con:wsrmConfig version="1.2"/></con:call><con:call id="aca4334e-fe4f-45fc-8777-830f499cc452" name="03 - Test - External - Valid_SSIN- Request" outgoingWss="Outflow TEST" incomingWss="Inflow TEST"><con:settings><con:setting id="com.eviware.soapui.impl.wsdl.WsdlRequest@request-headers">&lt;xml-fragment/></con:setting></con:settings><con:encoding>UTF-8</con:encoding><con:endpoint>https://192.168.24.17:8443/services/EuropeanDisabilityCardService_v1.0</con:endpoint><con:request><![CDATA[<soapenv:Envelope xmlns:soapenv="http://schemas.xmlsoap.org/soap/envelope/" xmlns:v1="http://fidus.brussels/service/europeandisabilitycardservice/messages/v1" xmlns:v11="http://fidus.brussels/type/common/messages/v1">
   <soapenv:Header/>
   <soapenv:Body>
      <v1:consultAllCardsRequest>
         <v1:messageContext>
            <v11:messageId>${=import static java.util.UUID.randomUUID; uuid = randomUUID() as String}</v11:messageId>
            <!--Optional:-->
            <v11:timestamp>${=new java.text.SimpleDateFormat("yyyy-MM-dd'T'HH:mm:ss.SSS").format(new Date())}</v11:timestamp>
         </v1:messageContext>
         <v1:legalContext>ServiceIntegrator</v1:legalContext>
         <v1:request>
            <v1:ssin>13020111772</v1:ssin>
         </v1:request>
      </v1:consultAllCardsRequest>
   </soapenv:Body>
</soapenv:Envelope>]]></con:request><con:credentials><con:selectedAuthProfile>Basic</con:selectedAuthProfile><con:addedBasicAuthenticationTypes>Basic</con:addedBasicAuthenticationTypes><con:authType>Global HTTP Settings</con:authType></con:credentials><con:jmsConfig JMSDeliveryMode="PERSISTENT"/><con:jmsPropertyConfig/><con:wsaConfig mustUnderstand="NONE" version="200508" action="http://fidus.brussels/services/europeandisabilitycardservice/consultAllCards"/><con:wsrmConfig version="1.2"/></con:call><con:call id="1afff605-4331-4f59-a8fc-1d5222055d44" name="03 - Test - LB - Request" outgoingWss="Outflow TEST" incomingWss="Inflow TEST"><con:settings><con:setting id="com.eviware.soapui.impl.wsdl.WsdlRequest@request-headers">&lt;xml-fragment/></con:setting></con:settings><con:encoding>UTF-8</con:encoding><con:endpoint>https://esb-security-gw.sta.srv.cirb.lan:8443/services/EuropeanDisabilityCardService_v1.0</con:endpoint><con:request><![CDATA[<soapenv:Envelope xmlns:soapenv="http://schemas.xmlsoap.org/soap/envelope/" xmlns:v1="http://fidus.brussels/service/europeandisabilitycardservice/messages/v1" xmlns:v11="http://fidus.brussels/type/common/messages/v1">
   <soapenv:Header/>
   <soapenv:Body>
      <v1:consultAllCardsRequest>
         <v1:messageContext>
            <v11:messageId>${=import static java.util.UUID.randomUUID; uuid = randomUUID() as String}</v11:messageId>
            <!--Optional:-->
            <v11:timestamp>${=new java.text.SimpleDateFormat("yyyy-MM-dd'T'HH:mm:ss.SSS").format(new Date())}</v11:timestamp>
         </v1:messageContext>
         <v1:legalContext>ServiceIntegrator</v1:legalContext>
         <v1:request>
            <v1:ssin>13020111772</v1:ssin>
         </v1:request>
      </v1:consultAllCardsRequest>
   </soapenv:Body>
</soapenv:Envelope>]]></con:request><con:credentials><con:selectedAuthProfile>Basic</con:selectedAuthProfile><con:addedBasicAuthenticationTypes>Basic</con:addedBasicAuthenticationTypes><con:authType>Global HTTP Settings</con:authType></con:credentials><con:jmsConfig JMSDeliveryMode="PERSISTENT"/><con:jmsPropertyConfig/><con:wsaConfig mustUnderstand="NONE" version="200508" action="http://fidus.brussels/services/europeandisabilitycardservice/consultAllCards"/><con:wsrmConfig version="1.2"/></con:call><con:call id="ebe9453f-2fa2-464a-b859-7e44073e2d18" name="03 - Test - Worker1 - Request" outgoingWss="Outflow TEST" incomingWss="Inflow TEST"><con:settings><con:setting id="com.eviware.soapui.impl.wsdl.WsdlRequest@request-headers">&lt;xml-fragment/></con:setting></con:settings><con:encoding>UTF-8</con:encoding><con:endpoint>https://192.168.22.53:8443/services/EuropeanDisabilityCardService_v1.0</con:endpoint><con:request><![CDATA[<soapenv:Envelope xmlns:soapenv="http://schemas.xmlsoap.org/soap/envelope/" xmlns:v1="http://fidus.brussels/service/europeandisabilitycardservice/messages/v1" xmlns:v11="http://fidus.brussels/type/common/messages/v1">
   <soapenv:Header/>
   <soapenv:Body>
      <v1:consultAllCardsRequest>
         <v1:messageContext>
            <v11:messageId>${=import static java.util.UUID.randomUUID; uuid = randomUUID() as String}</v11:messageId>
            <!--Optional:-->
            <v11:timestamp>${=new java.text.SimpleDateFormat("yyyy-MM-dd'T'HH:mm:ss.SSS").format(new Date())}</v11:timestamp>
         </v1:messageContext>
         <v1:legalContext>ServiceIntegrator</v1:legalContext>
         <v1:request>            
            <v1:ssin>89120121658</v1:ssin>
         </v1:request>
      </v1:consultAllCardsRequest>
   </soapenv:Body>
</soapenv:Envelope>]]></con:request><con:credentials><con:selectedAuthProfile>Basic</con:selectedAuthProfile><con:addedBasicAuthenticationTypes>Basic</con:addedBasicAuthenticationTypes><con:authType>Global HTTP Settings</con:authType></con:credentials><con:jmsConfig JMSDeliveryMode="PERSISTENT"/><con:jmsPropertyConfig/><con:wsaConfig mustUnderstand="NONE" version="200508" action="http://fidus.brussels/services/europeandisabilitycardservice/consultAllCards"/><con:wsrmConfig version="1.2"/></con:call><con:call id="6a5a6932-dba3-45ab-b09a-33d4765cd6e3" name="03 - Test - Worker2 - Request" outgoingWss="Outflow TEST" incomingWss="Inflow TEST"><con:settings><con:setting id="com.eviware.soapui.impl.wsdl.WsdlRequest@request-headers">&lt;xml-fragment/></con:setting></con:settings><con:encoding>UTF-8</con:encoding><con:endpoint>https://192.168.22.53:8443/services/EuropeanDisabilityCardService_v1.0</con:endpoint><con:request><![CDATA[<soapenv:Envelope xmlns:soapenv="http://schemas.xmlsoap.org/soap/envelope/" xmlns:v1="http://fidus.brussels/service/europeandisabilitycardservice/messages/v1" xmlns:v11="http://fidus.brussels/type/common/messages/v1">
   <soapenv:Header/>
   <soapenv:Body>
      <v1:consultAllCardsRequest>
         <v1:messageContext>
            <v11:messageId>${=import static java.util.UUID.randomUUID; uuid = randomUUID() as String}</v11:messageId>
            <!--Optional:-->
            <v11:timestamp>${=new java.text.SimpleDateFormat("yyyy-MM-dd'T'HH:mm:ss.SSS").format(new Date())}</v11:timestamp>
         </v1:messageContext>
         <v1:legalContext>ServiceIntegrator</v1:legalContext>
         <v1:request>
            <v1:ssin>13020111772</v1:ssin>
         </v1:request>
      </v1:consultAllCardsRequest>
   </soapenv:Body>
</soapenv:Envelope>]]></con:request><con:credentials><con:selectedAuthProfile>Basic</con:selectedAuthProfile><con:addedBasicAuthenticationTypes>Basic</con:addedBasicAuthenticationTypes><con:authType>Global HTTP Settings</con:authType></con:credentials><con:jmsConfig JMSDeliveryMode="PERSISTENT"/><con:jmsPropertyConfig/><con:wsaConfig mustUnderstand="NONE" version="200508" action="http://fidus.brussels/services/europeandisabilitycardservice/consultAllCards"/><con:wsrmConfig version="1.2"/></con:call><con:call id="353be6d9-fd8f-4f0e-ac41-dea0a8adc368" name="03 - Test - External - InValid_SSIN- Request" outgoingWss="Outflow TEST" incomingWss="Inflow TEST"><con:settings><con:setting id="com.eviware.soapui.impl.wsdl.WsdlRequest@request-headers">&lt;xml-fragment/></con:setting></con:settings><con:encoding>UTF-8</con:encoding><con:endpoint>https://192.168.24.17:8443/services/EuropeanDisabilityCardService_v1.0</con:endpoint><con:request><![CDATA[<soapenv:Envelope xmlns:soapenv="http://schemas.xmlsoap.org/soap/envelope/" xmlns:v1="http://fidus.brussels/service/europeandisabilitycardservice/messages/v1" xmlns:v11="http://fidus.brussels/type/common/messages/v1">
   <soapenv:Header/>
   <soapenv:Body>
      <v1:consultAllCardsRequest>
         <v1:messageContext>
            <v11:messageId>${=import static java.util.UUID.randomUUID; uuid = randomUUID() as String}</v11:messageId>
            <!--Optional:-->
            <v11:timestamp>${=new java.text.SimpleDateFormat("yyyy-MM-dd'T'HH:mm:ss.SSS").format(new Date())}</v11:timestamp>
         </v1:messageContext>
         <v1:legalContext>ServiceIntegrator</v1:legalContext>
         <v1:request>
            <v1:ssin>23020111772</v1:ssin>
         </v1:request>
      </v1:consultAllCardsRequest>
   </soapenv:Body>
</soapenv:Envelope>]]></con:request><con:credentials><con:selectedAuthProfile>Basic</con:selectedAuthProfile><con:addedBasicAuthenticationTypes>Basic</con:addedBasicAuthenticationTypes><con:authType>Global HTTP Settings</con:authType></con:credentials><con:jmsConfig JMSDeliveryMode="PERSISTENT"/><con:jmsPropertyConfig/><con:wsaConfig mustUnderstand="NONE" version="200508" action="http://fidus.brussels/services/europeandisabilitycardservice/consultAllCards"/><con:wsrmConfig version="1.2"/></con:call><con:call id="232a362f-e4ae-4b15-8468-cc416bc11f52" name="03 - Test - External - Valid_SSIN_NoExist- Request" outgoingWss="Outflow TEST" incomingWss="Inflow TEST"><con:settings><con:setting id="com.eviware.soapui.impl.wsdl.WsdlRequest@request-headers">&lt;xml-fragment/></con:setting></con:settings><con:encoding>UTF-8</con:encoding><con:endpoint>https://192.168.24.17:8443/services/EuropeanDisabilityCardService_v1.0</con:endpoint><con:request><![CDATA[<soapenv:Envelope xmlns:soapenv="http://schemas.xmlsoap.org/soap/envelope/" xmlns:v1="http://fidus.brussels/service/europeandisabilitycardservice/messages/v1" xmlns:v11="http://fidus.brussels/type/common/messages/v1">
   <soapenv:Header/>
   <soapenv:Body>
      <v1:consultAllCardsRequest>
         <v1:messageContext>
            <v11:messageId>${=import static java.util.UUID.randomUUID; uuid = randomUUID() as String}</v11:messageId>
            <!--Optional:-->
            <v11:timestamp>${=new java.text.SimpleDateFormat("yyyy-MM-dd'T'HH:mm:ss.SSS").format(new Date())}</v11:timestamp>
         </v1:messageContext>
         <v1:legalContext>ServiceIntegrator</v1:legalContext>
         <v1:request>
            <v1:ssin>84072088834</v1:ssin>
         </v1:request>
      </v1:consultAllCardsRequest>
   </soapenv:Body>
</soapenv:Envelope>]]></con:request><con:credentials><con:selectedAuthProfile>Basic</con:selectedAuthProfile><con:addedBasicAuthenticationTypes>Basic</con:addedBasicAuthenticationTypes><con:authType>Global HTTP Settings</con:authType></con:credentials><con:jmsConfig JMSDeliveryMode="PERSISTENT"/><con:jmsPropertyConfig/><con:wsaConfig mustUnderstand="NONE" version="200508" action="http://fidus.brussels/services/europeandisabilitycardservice/consultAllCards"/><con:wsrmConfig version="1.2"/></con:call><con:call id="ad64133e-6b4f-40da-b430-f046d5dc150e" name="03 - Test - External - Old_SSIN- Request" outgoingWss="Outflow TEST" incomingWss="Inflow TEST"><con:settings><con:setting id="com.eviware.soapui.impl.wsdl.WsdlRequest@request-headers">&lt;xml-fragment/></con:setting></con:settings><con:encoding>UTF-8</con:encoding><con:endpoint>https://192.168.24.17:8443/services/EuropeanDisabilityCardService_v1.0</con:endpoint><con:request><![CDATA[<soapenv:Envelope xmlns:soapenv="http://schemas.xmlsoap.org/soap/envelope/" xmlns:v1="http://fidus.brussels/service/europeandisabilitycardservice/messages/v1" xmlns:v11="http://fidus.brussels/type/common/messages/v1">
   <soapenv:Header/>
   <soapenv:Body>
      <v1:consultAllCardsRequest>
         <v1:messageContext>
            <v11:messageId>${=import static java.util.UUID.randomUUID; uuid = randomUUID() as String}</v11:messageId>
            <!--Optional:-->
            <v11:timestamp>${=new java.text.SimpleDateFormat("yyyy-MM-dd'T'HH:mm:ss.SSS").format(new Date())}</v11:timestamp>
         </v1:messageContext>
         <v1:legalContext>ServiceIntegrator</v1:legalContext>
         <v1:request>
            <v1:ssin>91071662579</v1:ssin>
         </v1:request>
      </v1:consultAllCardsRequest>
   </soapenv:Body>
</soapenv:Envelope>]]></con:request><con:credentials><con:selectedAuthProfile>Basic</con:selectedAuthProfile><con:addedBasicAuthenticationTypes>Basic</con:addedBasicAuthenticationTypes><con:authType>Global HTTP Settings</con:authType></con:credentials><con:jmsConfig JMSDeliveryMode="PERSISTENT"/><con:jmsPropertyConfig/><con:wsaConfig mustUnderstand="NONE" version="200508" action="http://fidus.brussels/services/europeandisabilitycardservice/consultAllCards"/><con:wsrmConfig version="1.2"/></con:call><con:call id="15bf1fe2-7544-4257-95f2-6e218a9c8187" name="03 - Test - External - ActiveCard- Request" outgoingWss="Outflow TEST" incomingWss="Inflow TEST"><con:settings><con:setting id="com.eviware.soapui.impl.wsdl.WsdlRequest@request-headers">&lt;xml-fragment/></con:setting></con:settings><con:encoding>UTF-8</con:encoding><con:endpoint>https://192.168.24.17:8443/services/EuropeanDisabilityCardService_v1.0</con:endpoint><con:request><![CDATA[<soapenv:Envelope xmlns:soapenv="http://schemas.xmlsoap.org/soap/envelope/" xmlns:v1="http://fidus.brussels/service/europeandisabilitycardservice/messages/v1" xmlns:v11="http://fidus.brussels/type/common/messages/v1">
   <soapenv:Header/>
   <soapenv:Body>
      <v1:consultAllCardsRequest>
         <v1:messageContext>
            <v11:messageId>${=import static java.util.UUID.randomUUID; uuid = randomUUID() as String}</v11:messageId>
            <!--Optional:-->
            <v11:timestamp>${=new java.text.SimpleDateFormat("yyyy-MM-dd'T'HH:mm:ss.SSS").format(new Date())}</v11:timestamp>
         </v1:messageContext>
         <v1:legalContext>ServiceIntegrator</v1:legalContext>
         <v1:request>
            <v1:ssin>10022104563</v1:ssin>
         </v1:request>
      </v1:consultAllCardsRequest>
   </soapenv:Body>
</soapenv:Envelope>]]></con:request><con:credentials><con:selectedAuthProfile>Basic</con:selectedAuthProfile><con:addedBasicAuthenticationTypes>Basic</con:addedBasicAuthenticationTypes><con:authType>Global HTTP Settings</con:authType></con:credentials><con:jmsConfig JMSDeliveryMode="PERSISTENT"/><con:jmsPropertyConfig/><con:wsaConfig mustUnderstand="NONE" version="200508" action="http://fidus.brussels/services/europeandisabilitycardservice/consultAllCards"/><con:wsrmConfig version="1.2"/></con:call><con:call id="907c6d22-f0f0-47eb-a939-76bfe7fc5d26" name="03 - Test - External - CancelledSSIN_NoActiveCard- Request" outgoingWss="Outflow TEST" incomingWss="Inflow TEST"><con:settings><con:setting id="com.eviware.soapui.impl.wsdl.WsdlRequest@request-headers">&lt;xml-fragment/></con:setting></con:settings><con:encoding>UTF-8</con:encoding><con:endpoint>https://192.168.24.17:8443/services/EuropeanDisabilityCardService_v1.0</con:endpoint><con:request><![CDATA[<soapenv:Envelope xmlns:soapenv="http://schemas.xmlsoap.org/soap/envelope/" xmlns:v1="http://fidus.brussels/service/europeandisabilitycardservice/messages/v1" xmlns:v11="http://fidus.brussels/type/common/messages/v1">
   <soapenv:Header/>
   <soapenv:Body>
      <v1:consultAllCardsRequest>
         <v1:messageContext>
            <v11:messageId>${=import static java.util.UUID.randomUUID; uuid = randomUUID() as String}</v11:messageId>
            <!--Optional:-->
            <v11:timestamp>${=new java.text.SimpleDateFormat("yyyy-MM-dd'T'HH:mm:ss.SSS").format(new Date())}</v11:timestamp>
         </v1:messageContext>
         <v1:legalContext>ServiceIntegrator</v1:legalContext>
         <v1:request>
            <v1:ssin>49010193967</v1:ssin>
         </v1:request>
      </v1:consultAllCardsRequest>
   </soapenv:Body>
</soapenv:Envelope>]]></con:request><con:credentials><con:selectedAuthProfile>Basic</con:selectedAuthProfile><con:addedBasicAuthenticationTypes>Basic</con:addedBasicAuthenticationTypes><con:authType>Global HTTP Settings</con:authType></con:credentials><con:jmsConfig JMSDeliveryMode="PERSISTENT"/><con:jmsPropertyConfig/><con:wsaConfig mustUnderstand="NONE" version="200508" action="http://fidus.brussels/services/europeandisabilitycardservice/consultAllCards"/><con:wsrmConfig version="1.2"/></con:call><con:call id="bdaab6f7-17f9-4931-b6e1-4bf065b80f97" name="03 - Test - External - CancelledSSIN_ActiveCard- Request" outgoingWss="Outflow TEST" incomingWss="Inflow TEST"><con:settings><con:setting id="com.eviware.soapui.impl.wsdl.WsdlRequest@request-headers">&lt;xml-fragment/></con:setting></con:settings><con:encoding>UTF-8</con:encoding><con:endpoint>https://192.168.24.17:8443/services/EuropeanDisabilityCardService_v1.0</con:endpoint><con:request><![CDATA[<soapenv:Envelope xmlns:soapenv="http://schemas.xmlsoap.org/soap/envelope/" xmlns:v1="http://fidus.brussels/service/europeandisabilitycardservice/messages/v1" xmlns:v11="http://fidus.brussels/type/common/messages/v1">
   <soapenv:Header/>
   <soapenv:Body>
      <v1:consultAllCardsRequest>
         <v1:messageContext>
            <v11:messageId>${=import static java.util.UUID.randomUUID; uuid = randomUUID() as String}</v11:messageId>
            <!--Optional:-->
            <v11:timestamp>${=new java.text.SimpleDateFormat("yyyy-MM-dd'T'HH:mm:ss.SSS").format(new Date())}</v11:timestamp>
         </v1:messageContext>
         <v1:legalContext>ServiceIntegrator</v1:legalContext>
         <v1:request>
            <v1:ssin>89120121658</v1:ssin>
         </v1:request>
      </v1:consultAllCardsRequest>
   </soapenv:Body>
</soapenv:Envelope>]]></con:request><con:credentials><con:selectedAuthProfile>Basic</con:selectedAuthProfile><con:addedBasicAuthenticationTypes>Basic</con:addedBasicAuthenticationTypes><con:authType>Global HTTP Settings</con:authType></con:credentials><con:jmsConfig JMSDeliveryMode="PERSISTENT"/><con:jmsPropertyConfig/><con:wsaConfig mustUnderstand="NONE" version="200508" action="http://fidus.brussels/services/europeandisabilitycardservice/consultAllCards"/><con:wsrmConfig version="1.2"/></con:call><con:call id="5fc7a4db-1e4b-45c5-b274-e17cd73b9276" name="03 - Test - External - SSIN_DeceasedPerson_ActiveCard- Request" outgoingWss="Outflow TEST" incomingWss="Inflow TEST"><con:settings><con:setting id="com.eviware.soapui.impl.wsdl.WsdlRequest@request-headers">&lt;xml-fragment/></con:setting></con:settings><con:encoding>UTF-8</con:encoding><con:endpoint>https://192.168.24.17:8443/services/EuropeanDisabilityCardService_v1.0</con:endpoint><con:request><![CDATA[<soapenv:Envelope xmlns:soapenv="http://schemas.xmlsoap.org/soap/envelope/" xmlns:v1="http://fidus.brussels/service/europeandisabilitycardservice/messages/v1" xmlns:v11="http://fidus.brussels/type/common/messages/v1">
   <soapenv:Header/>
   <soapenv:Body>
      <v1:consultAllCardsRequest>
         <v1:messageContext>
            <v11:messageId>${=import static java.util.UUID.randomUUID; uuid = randomUUID() as String}</v11:messageId>
            <!--Optional:-->
            <v11:timestamp>${=new java.text.SimpleDateFormat("yyyy-MM-dd'T'HH:mm:ss.SSS").format(new Date())}</v11:timestamp>
         </v1:messageContext>
         <v1:legalContext>ServiceIntegrator</v1:legalContext>
         <v1:request>
            <v1:ssin>21033027563</v1:ssin>
         </v1:request>
      </v1:consultAllCardsRequest>
   </soapenv:Body>
</soapenv:Envelope>]]></con:request><con:credentials><con:selectedAuthProfile>Basic</con:selectedAuthProfile><con:addedBasicAuthenticationTypes>Basic</con:addedBasicAuthenticationTypes><con:authType>Global HTTP Settings</con:authType></con:credentials><con:jmsConfig JMSDeliveryMode="PERSISTENT"/><con:jmsPropertyConfig/><con:wsaConfig mustUnderstand="NONE" version="200508" action="http://fidus.brussels/services/europeandisabilitycardservice/consultAllCards"/><con:wsrmConfig version="1.2"/></con:call><con:call id="64dbd345-d443-4403-be31-c5a307df0cac" name="03 - Test - External - SSIN_DeceasedPerson_NoActiveCard- Request" outgoingWss="Outflow TEST" incomingWss="Inflow TEST"><con:settings><con:setting id="com.eviware.soapui.impl.wsdl.WsdlRequest@request-headers">&lt;xml-fragment/></con:setting></con:settings><con:encoding>UTF-8</con:encoding><con:endpoint>https://192.168.24.17:8443/services/EuropeanDisabilityCardService_v1.0</con:endpoint><con:request><![CDATA[<soapenv:Envelope xmlns:soapenv="http://schemas.xmlsoap.org/soap/envelope/" xmlns:v1="http://fidus.brussels/service/europeandisabilitycardservice/messages/v1" xmlns:v11="http://fidus.brussels/type/common/messages/v1">
   <soapenv:Header/>
   <soapenv:Body>
      <v1:consultAllCardsRequest>
         <v1:messageContext>
            <v11:messageId>${=import static java.util.UUID.randomUUID; uuid = randomUUID() as String}</v11:messageId>
            <!--Optional:-->
            <v11:timestamp>${=new java.text.SimpleDateFormat("yyyy-MM-dd'T'HH:mm:ss.SSS").format(new Date())}</v11:timestamp>
         </v1:messageContext>
         <v1:legalContext>ServiceIntegrator</v1:legalContext>
         <v1:request>
            <v1:ssin>18100808031</v1:ssin>
         </v1:request>
      </v1:consultAllCardsRequest>
   </soapenv:Body>
</soapenv:Envelope>]]></con:request><con:credentials><con:selectedAuthProfile>Basic</con:selectedAuthProfile><con:addedBasicAuthenticationTypes>Basic</con:addedBasicAuthenticationTypes><con:authType>Global HTTP Settings</con:authType></con:credentials><con:jmsConfig JMSDeliveryMode="PERSISTENT"/><con:jmsPropertyConfig/><con:wsaConfig mustUnderstand="NONE" version="200508" action="http://fidus.brussels/services/europeandisabilitycardservice/consultAllCards"/><con:wsrmConfig version="1.2"/></con:call><con:call id="88861ea5-31d9-4b5f-a502-8588f63c3463" name="03 - Test - External - ReturnedCard- Request" outgoingWss="Outflow TEST" incomingWss="Inflow TEST"><con:settings><con:setting id="com.eviware.soapui.impl.wsdl.WsdlRequest@request-headers">&lt;xml-fragment/></con:setting></con:settings><con:encoding>UTF-8</con:encoding><con:endpoint>https://192.168.24.17:8443/services/EuropeanDisabilityCardService_v1.0</con:endpoint><con:request><![CDATA[<soapenv:Envelope xmlns:soapenv="http://schemas.xmlsoap.org/soap/envelope/" xmlns:v1="http://fidus.brussels/service/europeandisabilitycardservice/messages/v1" xmlns:v11="http://fidus.brussels/type/common/messages/v1">
   <soapenv:Header/>
   <soapenv:Body>
      <v1:consultAllCardsRequest>
         <v1:messageContext>
            <v11:messageId>${=import static java.util.UUID.randomUUID; uuid = randomUUID() as String}</v11:messageId>
            <!--Optional:-->
            <v11:timestamp>${=new java.text.SimpleDateFormat("yyyy-MM-dd'T'HH:mm:ss.SSS").format(new Date())}</v11:timestamp>
         </v1:messageContext>
         <v1:legalContext>ServiceIntegrator</v1:legalContext>
         <v1:request>
            <v1:ssin>77020601578</v1:ssin>
         </v1:request>
      </v1:consultAllCardsRequest>
   </soapenv:Body>
</soapenv:Envelope>]]></con:request><con:credentials><con:selectedAuthProfile>Basic</con:selectedAuthProfile><con:addedBasicAuthenticationTypes>Basic</con:addedBasicAuthenticationTypes><con:authType>Global HTTP Settings</con:authType></con:credentials><con:jmsConfig JMSDeliveryMode="PERSISTENT"/><con:jmsPropertyConfig/><con:wsaConfig mustUnderstand="NONE" version="200508" action="http://fidus.brussels/services/europeandisabilitycardservice/consultAllCards"/><con:wsrmConfig version="1.2"/></con:call><con:call id="ca43bc68-62c3-4c0b-aa9b-6b7819c695b9" name="03 - Test - External - FailedCard- Request" outgoingWss="Outflow TEST" incomingWss="Inflow TEST"><con:settings><con:setting id="com.eviware.soapui.impl.wsdl.WsdlRequest@request-headers">&lt;xml-fragment/></con:setting></con:settings><con:encoding>UTF-8</con:encoding><con:endpoint>https://192.168.24.17:8443/services/EuropeanDisabilityCardService_v1.0</con:endpoint><con:request><![CDATA[<soapenv:Envelope xmlns:soapenv="http://schemas.xmlsoap.org/soap/envelope/" xmlns:v1="http://fidus.brussels/service/europeandisabilitycardservice/messages/v1" xmlns:v11="http://fidus.brussels/type/common/messages/v1">
   <soapenv:Header/>
   <soapenv:Body>
      <v1:consultAllCardsRequest>
         <v1:messageContext>
            <v11:messageId>${=import static java.util.UUID.randomUUID; uuid = randomUUID() as String}</v11:messageId>
            <!--Optional:-->
            <v11:timestamp>${=new java.text.SimpleDateFormat("yyyy-MM-dd'T'HH:mm:ss.SSS").format(new Date())}</v11:timestamp>
         </v1:messageContext>
         <v1:legalContext>ServiceIntegrator</v1:legalContext>
         <v1:request>
            <v1:ssin>77020601578</v1:ssin>
         </v1:request>
      </v1:consultAllCardsRequest>
   </soapenv:Body>
</soapenv:Envelope>]]></con:request><con:credentials><con:selectedAuthProfile>Basic</con:selectedAuthProfile><con:addedBasicAuthenticationTypes>Basic</con:addedBasicAuthenticationTypes><con:authType>Global HTTP Settings</con:authType></con:credentials><con:jmsConfig JMSDeliveryMode="PERSISTENT"/><con:jmsPropertyConfig/><con:wsaConfig mustUnderstand="NONE" version="200508" action="http://fidus.brussels/services/europeandisabilitycardservice/consultAllCards"/><con:wsrmConfig version="1.2"/></con:call><con:call id="e779f21c-e2fe-41c4-90af-cf8ec1e2941a" name="03 - Test - External - VariousCards- Request" outgoingWss="Outflow TEST" incomingWss="Inflow TEST"><con:settings><con:setting id="com.eviware.soapui.impl.wsdl.WsdlRequest@request-headers">&lt;xml-fragment/></con:setting></con:settings><con:encoding>UTF-8</con:encoding><con:endpoint>https://192.168.24.17:8443/services/EuropeanDisabilityCardService_v1.0</con:endpoint><con:request><![CDATA[<soapenv:Envelope xmlns:soapenv="http://schemas.xmlsoap.org/soap/envelope/" xmlns:v1="http://fidus.brussels/service/europeandisabilitycardservice/messages/v1" xmlns:v11="http://fidus.brussels/type/common/messages/v1">
   <soapenv:Header/>
   <soapenv:Body>
      <v1:consultAllCardsRequest>
         <v1:messageContext>
            <v11:messageId>${=import static java.util.UUID.randomUUID; uuid = randomUUID() as String}</v11:messageId>
            <!--Optional:-->
            <v11:timestamp>${=new java.text.SimpleDateFormat("yyyy-MM-dd'T'HH:mm:ss.SSS").format(new Date())}</v11:timestamp>
         </v1:messageContext>
         <v1:legalContext>ServiceIntegrator</v1:legalContext>
         <v1:request>
            <v1:ssin>13020111772</v1:ssin>
         </v1:request>
      </v1:consultAllCardsRequest>
   </soapenv:Body>
</soapenv:Envelope>]]></con:request><con:credentials><con:selectedAuthProfile>Basic</con:selectedAuthProfile><con:addedBasicAuthenticationTypes>Basic</con:addedBasicAuthenticationTypes><con:authType>Global HTTP Settings</con:authType></con:credentials><con:jmsConfig JMSDeliveryMode="PERSISTENT"/><con:jmsPropertyConfig/><con:wsaConfig mustUnderstand="NONE" version="200508" action="http://fidus.brussels/services/europeandisabilitycardservice/consultAllCards"/><con:wsrmConfig version="1.2"/></con:call><con:call id="37537190-a2a7-4b2e-984a-3fd20cb979a9" name="04 - Staging - External - Request" outgoingWss="Outflow STAGING" incomingWss="Inflow STAGING"><con:settings><con:setting id="com.eviware.soapui.impl.wsdl.WsdlRequest@request-headers">&lt;xml-fragment/></con:setting></con:settings><con:encoding>UTF-8</con:encoding><con:endpoint>https://fidus.sec.brussels/services/EuropeanDisabilityCardService_v1.0</con:endpoint><con:request><![CDATA[<soapenv:Envelope xmlns:soapenv="http://schemas.xmlsoap.org/soap/envelope/" xmlns:v1="http://fidus.brussels/service/europeandisabilitycardservice/messages/v1" xmlns:v11="http://fidus.brussels/type/common/messages/v1">
   <soapenv:Header/>
   <soapenv:Body>
      <v1:consultAllCardsRequest>
         <v1:messageContext>
            <v11:messageId>${=import static java.util.UUID.randomUUID; uuid = randomUUID() as String}</v11:messageId>
            <!--Optional:-->
            <v11:timestamp>${=new java.text.SimpleDateFormat("yyyy-MM-dd'T'HH:mm:ss.SSS").format(new Date())}</v11:timestamp>
         </v1:messageContext>
         <v1:legalContext>ServiceIntegrator</v1:legalContext>
         <v1:request>
            <v1:ssin>10022104563</v1:ssin>
         </v1:request>
      </v1:consultAllCardsRequest>
   </soapenv:Body>
</soapenv:Envelope>]]></con:request><con:credentials><con:selectedAuthProfile>Basic</con:selectedAuthProfile><con:addedBasicAuthenticationTypes>Basic</con:addedBasicAuthenticationTypes><con:authType>Global HTTP Settings</con:authType></con:credentials><con:jmsConfig JMSDeliveryMode="PERSISTENT"/><con:jmsPropertyConfig/><con:wsaConfig mustUnderstand="NONE" version="200508" action="http://fidus.brussels/services/europeandisabilitycardservice/consultAllCards"/><con:wsrmConfig version="1.2"/></con:call><con:call id="d812693c-fb86-4adf-86cb-e1071b39e456" name="04 - Staging - LB - Request" outgoingWss="Outflow STAGING" incomingWss="Inflow STAGING"><con:settings><con:setting id="com.eviware.soapui.impl.wsdl.WsdlRequest@request-headers">&lt;xml-fragment/></con:setting></con:settings><con:encoding>UTF-8</con:encoding><con:endpoint>https://fidus-esb-sg.prd.srv.cirb.lan:8443/services/EuropeanDisabilityCardService_v1.0</con:endpoint><con:request><![CDATA[<soapenv:Envelope xmlns:soapenv="http://schemas.xmlsoap.org/soap/envelope/" xmlns:v1="http://fidus.brussels/service/europeandisabilitycardservice/messages/v1" xmlns:v11="http://fidus.brussels/type/common/messages/v1">
   <soapenv:Header/>
   <soapenv:Body>
      <v1:consultAllCardsRequest>
         <v1:messageContext>
            <v11:messageId>${=import static java.util.UUID.randomUUID; uuid = randomUUID() as String}</v11:messageId>
            <!--Optional:-->
            <v11:timestamp>${=new java.text.SimpleDateFormat("yyyy-MM-dd'T'HH:mm:ss.SSS").format(new Date())}</v11:timestamp>
         </v1:messageContext>
         <v1:legalContext>ServiceIntegrator</v1:legalContext>
         <v1:request>
            <v1:ssin>10022104563</v1:ssin>
         </v1:request>
      </v1:consultAllCardsRequest>
   </soapenv:Body>
</soapenv:Envelope>]]></con:request><con:credentials><con:selectedAuthProfile>Basic</con:selectedAuthProfile><con:addedBasicAuthenticationTypes>Basic</con:addedBasicAuthenticationTypes><con:authType>Global HTTP Settings</con:authType></con:credentials><con:jmsConfig JMSDeliveryMode="PERSISTENT"/><con:jmsPropertyConfig/><con:wsaConfig mustUnderstand="NONE" version="200508" action="http://fidus.brussels/services/europeandisabilitycardservice/consultAllCards"/><con:wsrmConfig version="1.2"/></con:call><con:call id="fb1ae64e-a846-4890-bd1e-4108631d41eb" name="04 - Staging - Worker1 - Request" outgoingWss="Outflow STAGING" incomingWss="Inflow STAGING"><con:settings><con:setting id="com.eviware.soapui.impl.wsdl.WsdlRequest@request-headers">&lt;xml-fragment/></con:setting></con:settings><con:encoding>UTF-8</con:encoding><con:endpoint>https://192.168.26.22:8443/services/EuropeanDisabilityCardService_v1.0</con:endpoint><con:request><![CDATA[<soapenv:Envelope xmlns:soapenv="http://schemas.xmlsoap.org/soap/envelope/" xmlns:v1="http://fidus.brussels/service/europeandisabilitycardservice/messages/v1" xmlns:v11="http://fidus.brussels/type/common/messages/v1">
   <soapenv:Header/>
   <soapenv:Body>
      <v1:consultAllCardsRequest>
         <v1:messageContext>
            <v11:messageId>${=import static java.util.UUID.randomUUID; uuid = randomUUID() as String}</v11:messageId>
            <!--Optional:-->
            <v11:timestamp>${=new java.text.SimpleDateFormat("yyyy-MM-dd'T'HH:mm:ss.SSS").format(new Date())}</v11:timestamp>
         </v1:messageContext>
         <v1:legalContext>ServiceIntegrator</v1:legalContext>
         <v1:request>
            <v1:ssin>10022104563</v1:ssin>
         </v1:request>
      </v1:consultAllCardsRequest>
   </soapenv:Body>
</soapenv:Envelope>]]></con:request><con:credentials><con:selectedAuthProfile>Basic</con:selectedAuthProfile><con:addedBasicAuthenticationTypes>Basic</con:addedBasicAuthenticationTypes><con:authType>Global HTTP Settings</con:authType></con:credentials><con:jmsConfig JMSDeliveryMode="PERSISTENT"/><con:jmsPropertyConfig/><con:wsaConfig mustUnderstand="NONE" version="200508" action="http://fidus.brussels/services/europeandisabilitycardservice/consultAllCards"/><con:wsrmConfig version="1.2"/></con:call><con:call id="35875cc7-b43d-4af7-ad05-8467a3a64f9d" name="04 - Staging - Worker2 - Request" outgoingWss="Outflow STAGING" incomingWss="Inflow STAGING"><con:settings><con:setting id="com.eviware.soapui.impl.wsdl.WsdlRequest@request-headers">&lt;xml-fragment/></con:setting></con:settings><con:encoding>UTF-8</con:encoding><con:endpoint>https://192.168.24.17:8443/services/EuropeanDisabilityCardService_v1.0</con:endpoint><con:request><![CDATA[<soapenv:Envelope xmlns:soapenv="http://schemas.xmlsoap.org/soap/envelope/" xmlns:v1="http://fidus.brussels/service/europeandisabilitycardservice/messages/v1" xmlns:v11="http://fidus.brussels/type/common/messages/v1">
   <soapenv:Header/>
   <soapenv:Body>
      <v1:consultAllCardsRequest>
         <v1:messageContext>
            <v11:messageId>${=import static java.util.UUID.randomUUID; uuid = randomUUID() as String}</v11:messageId>
            <!--Optional:-->
            <v11:timestamp>${=new java.text.SimpleDateFormat("yyyy-MM-dd'T'HH:mm:ss.SSS").format(new Date())}</v11:timestamp>
         </v1:messageContext>
         <v1:legalContext>ServiceIntegrator</v1:legalContext>
         <v1:request>
            <v1:ssin>10022104563</v1:ssin>
         </v1:request>
      </v1:consultAllCardsRequest>
   </soapenv:Body>
</soapenv:Envelope>]]></con:request><con:credentials><con:selectedAuthProfile>Basic</con:selectedAuthProfile><con:addedBasicAuthenticationTypes>Basic</con:addedBasicAuthenticationTypes><con:authType>Global HTTP Settings</con:authType></con:credentials><con:jmsConfig JMSDeliveryMode="PERSISTENT"/><con:jmsPropertyConfig/><con:wsaConfig mustUnderstand="NONE" version="200508" action="http://fidus.brussels/services/europeandisabilitycardservice/consultAllCards"/><con:wsrmConfig version="1.2"/></con:call><con:call id="ed5395dc-c31f-44bb-8b43-972473c78161" name="05 - Prod - Worker1 - Request" outgoingWss="Outflow PROD" incomingWss="Inflow PROD"><con:settings><con:setting id="com.eviware.soapui.impl.wsdl.WsdlRequest@request-headers">&lt;xml-fragment/></con:setting></con:settings><con:encoding>UTF-8</con:encoding><con:endpoint>https://192.168.26.22:8443/services/EuropeanDisabilityCardService_v1.0</con:endpoint><con:request><![CDATA[<soapenv:Envelope xmlns:soapenv="http://schemas.xmlsoap.org/soap/envelope/" xmlns:v1="http://fidus.brussels/service/europeandisabilitycardservice/messages/v1" xmlns:v11="http://fidus.brussels/type/common/messages/v1">
   <soapenv:Header/>
   <soapenv:Body>
      <v1:consultAllCardsRequest>
         <v1:messageContext>
            <v11:messageId>${=import static java.util.UUID.randomUUID; uuid = randomUUID() as String}</v11:messageId>
            <!--Optional:-->
            <v11:timestamp>${=new java.text.SimpleDateFormat("yyyy-MM-dd'T'HH:mm:ss.SSS").format(new Date())}</v11:timestamp>
         </v1:messageContext>
         <v1:legalContext>ServiceIntegrator</v1:legalContext>
         <v1:request>
            <v1:ssin>10022104563</v1:ssin>
         </v1:request>
      </v1:consultAllCardsRequest>
   </soapenv:Body>
</soapenv:Envelope>]]></con:request><con:credentials><con:selectedAuthProfile>Basic</con:selectedAuthProfile><con:addedBasicAuthenticationTypes>Basic</con:addedBasicAuthenticationTypes><con:authType>Global HTTP Settings</con:authType></con:credentials><con:jmsConfig JMSDeliveryMode="PERSISTENT"/><con:jmsPropertyConfig/><con:wsaConfig mustUnderstand="NONE" version="200508" action="http://fidus.brussels/services/europeandisabilitycardservice/consultAllCards"/><con:wsrmConfig version="1.2"/></con:call><con:call id="c06257ce-5ad8-43be-b3f0-79a66c311705" name="05 - Prod - Worker2 - Request" outgoingWss="Outflow PROD" incomingWss="Inflow PROD"><con:settings><con:setting id="com.eviware.soapui.impl.wsdl.WsdlRequest@request-headers">&lt;xml-fragment/></con:setting></con:settings><con:encoding>UTF-8</con:encoding><con:endpoint>https://192.168.26.19:8443/services/EuropeanDisabilityCardService_v1.0</con:endpoint><con:request><![CDATA[<soapenv:Envelope xmlns:soapenv="http://schemas.xmlsoap.org/soap/envelope/" xmlns:v1="http://fidus.brussels/service/europeandisabilitycardservice/messages/v1" xmlns:v11="http://fidus.brussels/type/common/messages/v1">
   <soapenv:Header/>
   <soapenv:Body>
      <v1:consultAllCardsRequest>
         <v1:messageContext>
            <v11:messageId>${=import static java.util.UUID.randomUUID; uuid = randomUUID() as String}</v11:messageId>
            <!--Optional:-->
            <v11:timestamp>${=new java.text.SimpleDateFormat("yyyy-MM-dd'T'HH:mm:ss.SSS").format(new Date())}</v11:timestamp>
         </v1:messageContext>
         <v1:legalContext>ServiceIntegrator</v1:legalContext>
         <v1:request>
            <v1:ssin>10022104563</v1:ssin>
         </v1:request>
      </v1:consultAllCardsRequest>
   </soapenv:Body>
</soapenv:Envelope>]]></con:request><con:credentials><con:selectedAuthProfile>Basic</con:selectedAuthProfile><con:addedBasicAuthenticationTypes>Basic</con:addedBasicAuthenticationTypes><con:authType>Global HTTP Settings</con:authType></con:credentials><con:jmsConfig JMSDeliveryMode="PERSISTENT"/><con:jmsPropertyConfig/><con:wsaConfig mustUnderstand="NONE" version="200508" action="http://fidus.brussels/services/europeandisabilitycardservice/consultAllCards"/><con:wsrmConfig version="1.2"/></con:call><con:call id="02f7c9a8-6fea-49ff-933c-b6643d6dad11" name="05 - Prod - External - Request" outgoingWss="Outflow PROD" incomingWss="Inflow PROD"><con:settings><con:setting id="com.eviware.soapui.impl.wsdl.WsdlRequest@request-headers">&lt;xml-fragment/></con:setting></con:settings><con:encoding>UTF-8</con:encoding><con:endpoint>https://fidus.sec.brussels/services/EuropeanDisabilityCardService_v1.0</con:endpoint><con:request><![CDATA[<soapenv:Envelope xmlns:soapenv="http://schemas.xmlsoap.org/soap/envelope/" xmlns:v1="http://fidus.brussels/service/europeandisabilitycardservice/messages/v1" xmlns:v11="http://fidus.brussels/type/common/messages/v1">
   <soapenv:Header/>
   <soapenv:Body>
      <v1:consultAllCardsRequest>
         <v1:messageContext>
            <v11:messageId>${=import static java.util.UUID.randomUUID; uuid = randomUUID() as String}</v11:messageId>
            <!--Optional:-->
            <v11:timestamp>${=new java.text.SimpleDateFormat("yyyy-MM-dd'T'HH:mm:ss.SSS").format(new Date())}</v11:timestamp>
         </v1:messageContext>
         <v1:legalContext>ServiceIntegrator</v1:legalContext>
         <v1:request>
            <v1:ssin>10022104563</v1:ssin>
         </v1:request>
      </v1:consultAllCardsRequest>
   </soapenv:Body>
</soapenv:Envelope>]]></con:request><con:credentials><con:selectedAuthProfile>Basic</con:selectedAuthProfile><con:addedBasicAuthenticationTypes>Basic</con:addedBasicAuthenticationTypes><con:authType>Global HTTP Settings</con:authType></con:credentials><con:jmsConfig JMSDeliveryMode="PERSISTENT"/><con:jmsPropertyConfig/><con:wsaConfig mustUnderstand="NONE" version="200508" action="http://fidus.brussels/services/europeandisabilitycardservice/consultAllCards"/><con:wsrmConfig version="1.2"/></con:call><con:call id="bd81ed3c-3c44-4ef2-8edc-1403cea6fa78" name="05 - Prod - LB - Request" outgoingWss="Outflow PROD" incomingWss="Inflow PROD"><con:settings><con:setting id="com.eviware.soapui.impl.wsdl.WsdlRequest@request-headers">&lt;xml-fragment/></con:setting></con:settings><con:encoding>UTF-8</con:encoding><con:endpoint>https://fidus-esb-sg.prd.srv.cirb.lan:8443/services/EuropeanDisabilityCardService_v1.0</con:endpoint><con:request><![CDATA[<soapenv:Envelope xmlns:soapenv="http://schemas.xmlsoap.org/soap/envelope/" xmlns:v1="http://fidus.brussels/service/europeandisabilitycardservice/messages/v1" xmlns:v11="http://fidus.brussels/type/common/messages/v1">
   <soapenv:Header/>
   <soapenv:Body>
      <v1:consultAllCardsRequest>
         <v1:messageContext>
            <v11:messageId>${=import static java.util.UUID.randomUUID; uuid = randomUUID() as String}</v11:messageId>
            <!--Optional:-->
            <v11:timestamp>${=new java.text.SimpleDateFormat("yyyy-MM-dd'T'HH:mm:ss.SSS").format(new Date())}</v11:timestamp>
         </v1:messageContext>
         <v1:legalContext>ServiceIntegrator</v1:legalContext>
         <v1:request>
            <v1:ssin>10022104563</v1:ssin>
         </v1:request>
      </v1:consultAllCardsRequest>
   </soapenv:Body>
</soapenv:Envelope>]]></con:request><con:credentials><con:selectedAuthProfile>Basic</con:selectedAuthProfile><con:addedBasicAuthenticationTypes>Basic</con:addedBasicAuthenticationTypes><con:authType>Global HTTP Settings</con:authType></con:credentials><con:jmsConfig JMSDeliveryMode="PERSISTENT"/><con:jmsPropertyConfig/><con:wsaConfig mustUnderstand="NONE" version="200508" action="http://fidus.brussels/services/europeandisabilitycardservice/consultAllCards"/><con:wsrmConfig version="1.2"/></con:call></con:operation><con:operation id="92e0646c-175a-42be-8a29-7ef26b391349" isOneWay="false" action="http://fidus.brussels/services/europeandisabilitycardservice/createCard" name="createCard" bindingOperationName="createCard" type="Request-Response" inputName="" receivesAttachments="false" sendsAttachments="false" anonymous="optional"><con:settings/><con:call id="858098d6-6ba4-4e52-8072-d2fe9394705c" name="01 - Local - Request" outgoingWss="Outflow DEV"><con:settings><con:setting id="com.eviware.soapui.impl.wsdl.WsdlRequest@request-headers">&lt;xml-fragment/></con:setting></con:settings><con:encoding>UTF-8</con:encoding><con:endpoint>https://localhost:8243/services/EuropeanDisabilityCardService_v1.0</con:endpoint><con:request><![CDATA[<soapenv:Envelope xmlns:soapenv="http://schemas.xmlsoap.org/soap/envelope/" xmlns:v1="http://fidus.brussels/service/europeandisabilitycardservice/messages/v1" xmlns:v11="http://fidus.brussels/type/common/messages/v1">
   <soapenv:Header/>
   <soapenv:Body>
      <v1:createCardRequest>
         <v1:messageContext>
            <v11:messageId>${=import static java.util.UUID.randomUUID; uuid = randomUUID() as String}</v11:messageId>
            <!--Optional:-->
            <v11:timestamp>${=new java.text.SimpleDateFormat("yyyy-MM-dd'T'HH:mm:ss.SSS").format(new Date())}</v11:timestamp>
         </v1:messageContext>
         <v1:legalContext>ServiceIntegrator</v1:legalContext>
         <v1:request>
            <v1:ssin>84072002128</v1:ssin>
            <v1:emittingPartner>0646877855</v1:emittingPartner>
            <v1:language>NL</v1:language>
            <v1:forceCreation>false</v1:forceCreation>
         </v1:request>
      </v1:createCardRequest>
   </soapenv:Body>
</soapenv:Envelope>]]></con:request><con:credentials><con:selectedAuthProfile>Basic</con:selectedAuthProfile><con:addedBasicAuthenticationTypes>Basic</con:addedBasicAuthenticationTypes><con:authType>Global HTTP Settings</con:authType></con:credentials><con:jmsConfig JMSDeliveryMode="PERSISTENT"/><con:jmsPropertyConfig/><con:wsaConfig mustUnderstand="NONE" version="200508" action="http://fidus.brussels/services/europeandisabilitycardservice/createCard"/><con:wsrmConfig version="1.2"/></con:call><con:call id="a60102b9-4140-42c1-b1e5-7f90d1d80a3f" name="02 - DEV - Request" outgoingWss="Outflow DEV" incomingWss="Inflow DEV"><con:settings><con:setting id="com.eviware.soapui.impl.wsdl.WsdlRequest@request-headers">&lt;xml-fragment/></con:setting></con:settings><con:encoding>UTF-8</con:encoding><con:endpoint>https://192.168.36.61:8243/services/EuropeanDisabilityCardService_v1.0</con:endpoint><con:request><![CDATA[<soapenv:Envelope xmlns:soapenv="http://schemas.xmlsoap.org/soap/envelope/" xmlns:v1="http://fidus.brussels/service/europeandisabilitycardservice/messages/v1" xmlns:v11="http://fidus.brussels/type/common/messages/v1">
   <soapenv:Header/>
   <soapenv:Body>
      <v1:createCardRequest>
         <v1:messageContext>
            <v11:messageId>${=import static java.util.UUID.randomUUID; uuid = randomUUID() as String}</v11:messageId>
            <!--Optional:-->
            <v11:timestamp>${=new java.text.SimpleDateFormat("yyyy-MM-dd'T'HH:mm:ss.SSS").format(new Date())}</v11:timestamp>
         </v1:messageContext>
         <v1:legalContext>ServiceIntegrator</v1:legalContext>
         <v1:request>
            <v1:ssin>84072002128</v1:ssin>
            <v1:emittingPartner>0646877855</v1:emittingPartner>
            <v1:language>NL</v1:language>
            <v1:forceCreation>true</v1:forceCreation>
         </v1:request>
      </v1:createCardRequest>
   </soapenv:Body>
</soapenv:Envelope>]]></con:request><con:credentials><con:selectedAuthProfile>Basic</con:selectedAuthProfile><con:addedBasicAuthenticationTypes>Basic</con:addedBasicAuthenticationTypes><con:authType>Global HTTP Settings</con:authType></con:credentials><con:jmsConfig JMSDeliveryMode="PERSISTENT"/><con:jmsPropertyConfig/><con:wsaConfig mustUnderstand="NONE" version="200508" action="http://fidus.brussels/services/europeandisabilitycardservice/createCard"/><con:wsrmConfig version="1.2"/></con:call><con:call id="c2571f5e-a5bc-4fa5-984a-4e179044d739" name="03 - Test - External - Radiated_SSIN - Request" outgoingWss="Outflow TEST" incomingWss="Inflow TEST"><con:settings><con:setting id="com.eviware.soapui.impl.wsdl.WsdlRequest@request-headers">&lt;xml-fragment/></con:setting></con:settings><con:encoding>UTF-8</con:encoding><con:endpoint>https://192.168.24.17:8443/services/EuropeanDisabilityCardService_v1.0</con:endpoint><con:request><![CDATA[<soapenv:Envelope xmlns:soapenv="http://schemas.xmlsoap.org/soap/envelope/" xmlns:v1="http://fidus.brussels/service/europeandisabilitycardservice/messages/v1" xmlns:v11="http://fidus.brussels/type/common/messages/v1">
   <soapenv:Header/>
   <soapenv:Body>
      <v1:createCardRequest>
         <v1:messageContext>
            <v11:messageId>${=import static java.util.UUID.randomUUID; uuid = randomUUID() as String}</v11:messageId>
            <!--Optional:-->
            <v11:timestamp>${=new java.text.SimpleDateFormat("yyyy-MM-dd'T'HH:mm:ss.SSS").format(new Date())}</v11:timestamp>
         </v1:messageContext>
         <v1:legalContext>ServiceIntegrator</v1:legalContext>
         <v1:request>
            <v1:ssin>89040662426</v1:ssin>
            <v1:emittingPartner>0457419435</v1:emittingPartner>
            <v1:language>NL</v1:language>
            <v1:forceCreation>true</v1:forceCreation>
         </v1:request>
      </v1:createCardRequest>
   </soapenv:Body>
</soapenv:Envelope>]]></con:request><con:credentials><con:selectedAuthProfile>Basic</con:selectedAuthProfile><con:addedBasicAuthenticationTypes>Basic</con:addedBasicAuthenticationTypes><con:authType>Global HTTP Settings</con:authType></con:credentials><con:jmsConfig JMSDeliveryMode="PERSISTENT"/><con:jmsPropertyConfig/><con:wsaConfig mustUnderstand="NONE" version="200508" action="http://fidus.brussels/services/europeandisabilitycardservice/createCard"/><con:wsrmConfig version="1.2"/></con:call><con:call id="fcbcdd1b-3581-4e03-8962-490997fdc4e3" name="03 - Test - LB - Request" outgoingWss="Outflow TEST" incomingWss="Inflow TEST"><con:settings><con:setting id="com.eviware.soapui.impl.wsdl.WsdlRequest@request-headers">&lt;xml-fragment/></con:setting></con:settings><con:encoding>UTF-8</con:encoding><con:endpoint>https://esb-security-gw.sta.srv.cirb.lan:8443/services/EuropeanDisabilityCardService_v1.0</con:endpoint><con:request><![CDATA[<soapenv:Envelope xmlns:soapenv="http://schemas.xmlsoap.org/soap/envelope/" xmlns:v1="http://fidus.brussels/service/europeandisabilitycardservice/messages/v1" xmlns:v11="http://fidus.brussels/type/common/messages/v1">
   <soapenv:Header/>
   <soapenv:Body>
      <v1:createCardRequest>
         <v1:messageContext>
            <v11:messageId>${=import static java.util.UUID.randomUUID; uuid = randomUUID() as String}</v11:messageId>
            <!--Optional:-->
            <v11:timestamp>${=new java.text.SimpleDateFormat("yyyy-MM-dd'T'HH:mm:ss.SSS").format(new Date())}</v11:timestamp>
         </v1:messageContext>
         <v1:legalContext>ServiceIntegrator</v1:legalContext>
         <v1:request>
            <v1:ssin>84072002128</v1:ssin>
            <v1:emittingPartner>0646877855</v1:emittingPartner>
            <v1:language>NL</v1:language>
            <v1:forceCreation>true</v1:forceCreation>
         </v1:request>
      </v1:createCardRequest>
   </soapenv:Body>
</soapenv:Envelope>]]></con:request><con:credentials><con:selectedAuthProfile>Basic</con:selectedAuthProfile><con:addedBasicAuthenticationTypes>Basic</con:addedBasicAuthenticationTypes><con:authType>Global HTTP Settings</con:authType></con:credentials><con:jmsConfig JMSDeliveryMode="PERSISTENT"/><con:jmsPropertyConfig/><con:wsaConfig mustUnderstand="NONE" version="200508" action="http://fidus.brussels/services/europeandisabilitycardservice/createCard"/><con:wsrmConfig version="1.2"/></con:call><con:call id="a9ff923e-b552-440b-a265-e3f77e9538bb" name="03 - Test - Worker1 - Request" outgoingWss="Outflow TEST" incomingWss="Inflow TEST"><con:settings><con:setting id="com.eviware.soapui.impl.wsdl.WsdlRequest@request-headers">&lt;xml-fragment/></con:setting></con:settings><con:encoding>UTF-8</con:encoding><con:endpoint>https://192.168.22.53:8443/services/EuropeanDisabilityCardService_v1.0</con:endpoint><con:request><![CDATA[<soapenv:Envelope xmlns:soapenv="http://schemas.xmlsoap.org/soap/envelope/" xmlns:v1="http://fidus.brussels/service/europeandisabilitycardservice/messages/v1" xmlns:v11="http://fidus.brussels/type/common/messages/v1">
   <soapenv:Header/>
   <soapenv:Body>
      <v1:createCardRequest>
         <v1:messageContext>
            <v11:messageId>${=import static java.util.UUID.randomUUID; uuid = randomUUID() as String}</v11:messageId>
            <!--Optional:-->
            <v11:timestamp>${=new java.text.SimpleDateFormat("yyyy-MM-dd'T'HH:mm:ss.SSS").format(new Date())}</v11:timestamp>
         </v1:messageContext>
         <v1:legalContext>ServiceIntegrator</v1:legalContext>
         <v1:request>
            <v1:ssin>84072002128</v1:ssin>
            <v1:emittingPartner>0457419435</v1:emittingPartner>
            <v1:language>NL</v1:language>
            <v1:forceCreation>true</v1:forceCreation>
         </v1:request>
      </v1:createCardRequest>
   </soapenv:Body>
</soapenv:Envelope>]]></con:request><con:credentials><con:selectedAuthProfile>Basic</con:selectedAuthProfile><con:addedBasicAuthenticationTypes>Basic</con:addedBasicAuthenticationTypes><con:authType>Global HTTP Settings</con:authType></con:credentials><con:jmsConfig JMSDeliveryMode="PERSISTENT"/><con:jmsPropertyConfig/><con:wsaConfig mustUnderstand="NONE" version="200508" action="http://fidus.brussels/services/europeandisabilitycardservice/createCard"/><con:wsrmConfig version="1.2"/></con:call><con:call id="3d755474-1389-4523-a8b5-c94843ea8324" name="03 - Test - Worker2 - Request" outgoingWss="Outflow TEST" incomingWss="Inflow TEST"><con:settings><con:setting id="com.eviware.soapui.impl.wsdl.WsdlRequest@request-headers">&lt;xml-fragment/></con:setting></con:settings><con:encoding>UTF-8</con:encoding><con:endpoint>https://192.168.22.54:8443/services/EuropeanDisabilityCardService_v1.0</con:endpoint><con:request><![CDATA[<soapenv:Envelope xmlns:soapenv="http://schemas.xmlsoap.org/soap/envelope/" xmlns:v1="http://fidus.brussels/service/europeandisabilitycardservice/messages/v1" xmlns:v11="http://fidus.brussels/type/common/messages/v1">
   <soapenv:Header/>
   <soapenv:Body>
      <v1:createCardRequest>
         <v1:messageContext>
            <v11:messageId>${=import static java.util.UUID.randomUUID; uuid = randomUUID() as String}</v11:messageId>
            <!--Optional:-->
            <v11:timestamp>${=new java.text.SimpleDateFormat("yyyy-MM-dd'T'HH:mm:ss.SSS").format(new Date())}</v11:timestamp>
         </v1:messageContext>
         <v1:legalContext>ServiceIntegrator</v1:legalContext>
         <v1:request>
            <v1:ssin>84072002128</v1:ssin>
            <v1:emittingPartner>0646877855</v1:emittingPartner>
            <v1:language>NL</v1:language>
            <v1:forceCreation>true</v1:forceCreation>
         </v1:request>
      </v1:createCardRequest>
   </soapenv:Body>
</soapenv:Envelope>]]></con:request><con:credentials><con:selectedAuthProfile>Basic</con:selectedAuthProfile><con:addedBasicAuthenticationTypes>Basic</con:addedBasicAuthenticationTypes><con:authType>Global HTTP Settings</con:authType></con:credentials><con:jmsConfig JMSDeliveryMode="PERSISTENT"/><con:jmsPropertyConfig/><con:wsaConfig mustUnderstand="NONE" version="200508" action="http://fidus.brussels/services/europeandisabilitycardservice/createCard"/><con:wsrmConfig version="1.2"/></con:call><con:call id="5a460e18-67bc-46ef-b744-0a73eba870e6" name="03 - Test - External - Cancelled_SSIN - Request" outgoingWss="Outflow TEST" incomingWss="Inflow TEST"><con:settings><con:setting id="com.eviware.soapui.impl.wsdl.WsdlRequest@request-headers">&lt;xml-fragment/></con:setting></con:settings><con:encoding>UTF-8</con:encoding><con:endpoint>https://192.168.24.17:8443/services/EuropeanDisabilityCardService_v1.0</con:endpoint><con:request><![CDATA[<soapenv:Envelope xmlns:soapenv="http://schemas.xmlsoap.org/soap/envelope/" xmlns:v1="http://fidus.brussels/service/europeandisabilitycardservice/messages/v1" xmlns:v11="http://fidus.brussels/type/common/messages/v1">
   <soapenv:Header/>
   <soapenv:Body>
      <v1:createCardRequest>
         <v1:messageContext>
            <v11:messageId>${=import static java.util.UUID.randomUUID; uuid = randomUUID() as String}</v11:messageId>
            <!--Optional:-->
            <v11:timestamp>${=new java.text.SimpleDateFormat("yyyy-MM-dd'T'HH:mm:ss.SSS").format(new Date())}</v11:timestamp>
         </v1:messageContext>
         <v1:legalContext>ServiceIntegrator</v1:legalContext>
         <v1:request>
            <v1:ssin>49010193967</v1:ssin>
            <v1:emittingPartner>0457419435</v1:emittingPartner>
            <v1:language>NL</v1:language>
            <v1:forceCreation>false</v1:forceCreation>
         </v1:request>
      </v1:createCardRequest>
   </soapenv:Body>
</soapenv:Envelope>]]></con:request><con:credentials><con:selectedAuthProfile>Basic</con:selectedAuthProfile><con:addedBasicAuthenticationTypes>Basic</con:addedBasicAuthenticationTypes><con:authType>Global HTTP Settings</con:authType></con:credentials><con:jmsConfig JMSDeliveryMode="PERSISTENT"/><con:jmsPropertyConfig/><con:wsaConfig mustUnderstand="NONE" version="200508" action="http://fidus.brussels/services/europeandisabilitycardservice/createCard"/><con:wsrmConfig version="1.2"/></con:call><con:call id="c228a3a0-67ea-4c23-a7a9-41faeeaeeacb" name="03 - Test - External - SSIN_DeceasedPerson - Request" outgoingWss="Outflow TEST" incomingWss="Inflow TEST"><con:settings><con:setting id="com.eviware.soapui.impl.wsdl.WsdlRequest@request-headers">&lt;xml-fragment/></con:setting></con:settings><con:encoding>UTF-8</con:encoding><con:endpoint>https://192.168.24.17:8443/services/EuropeanDisabilityCardService_v1.0</con:endpoint><con:request><![CDATA[<soapenv:Envelope xmlns:soapenv="http://schemas.xmlsoap.org/soap/envelope/" xmlns:v1="http://fidus.brussels/service/europeandisabilitycardservice/messages/v1" xmlns:v11="http://fidus.brussels/type/common/messages/v1">
   <soapenv:Header/>
   <soapenv:Body>
      <v1:createCardRequest>
         <v1:messageContext>
            <v11:messageId>${=import static java.util.UUID.randomUUID; uuid = randomUUID() as String}</v11:messageId>
            <!--Optional:-->
            <v11:timestamp>${=new java.text.SimpleDateFormat("yyyy-MM-dd'T'HH:mm:ss.SSS").format(new Date())}</v11:timestamp>
         </v1:messageContext>
         <v1:legalContext>ServiceIntegrator</v1:legalContext>
         <v1:request>
            <v1:ssin>18100808031</v1:ssin>
            <v1:emittingPartner>0457419435</v1:emittingPartner>
            <v1:language>NL</v1:language>
            <v1:forceCreation>false</v1:forceCreation>
         </v1:request>
      </v1:createCardRequest>
   </soapenv:Body>
</soapenv:Envelope>]]></con:request><con:credentials><con:selectedAuthProfile>Basic</con:selectedAuthProfile><con:addedBasicAuthenticationTypes>Basic</con:addedBasicAuthenticationTypes><con:authType>Global HTTP Settings</con:authType></con:credentials><con:jmsConfig JMSDeliveryMode="PERSISTENT"/><con:jmsPropertyConfig/><con:wsaConfig mustUnderstand="NONE" version="200508" action="http://fidus.brussels/services/europeandisabilitycardservice/createCard"/><con:wsrmConfig version="1.2"/></con:call><con:call id="9eba0f97-7e81-4693-8821-78cf3485f659" name="03 - Test - External - CBE_NotValid_EmittingPartner - Request" outgoingWss="Outflow TEST" incomingWss="Inflow TEST"><con:settings><con:setting id="com.eviware.soapui.impl.wsdl.WsdlRequest@request-headers">&lt;xml-fragment/></con:setting></con:settings><con:encoding>UTF-8</con:encoding><con:endpoint>https://192.168.24.17:8443/services/EuropeanDisabilityCardService_v1.0</con:endpoint><con:request><![CDATA[<soapenv:Envelope xmlns:soapenv="http://schemas.xmlsoap.org/soap/envelope/" xmlns:v1="http://fidus.brussels/service/europeandisabilitycardservice/messages/v1" xmlns:v11="http://fidus.brussels/type/common/messages/v1">
   <soapenv:Header/>
   <soapenv:Body>
      <v1:createCardRequest>
         <v1:messageContext>
            <v11:messageId>${=import static java.util.UUID.randomUUID; uuid = randomUUID() as String}</v11:messageId>
            <!--Optional:-->
            <v11:timestamp>${=new java.text.SimpleDateFormat("yyyy-MM-dd'T'HH:mm:ss.SSS").format(new Date())}</v11:timestamp>
         </v1:messageContext>
         <v1:legalContext>ServiceIntegrator</v1:legalContext>
         <v1:request>
            <v1:ssin>50081133058</v1:ssin>
            <v1:emittingPartner>0887164275</v1:emittingPartner>
            <v1:language>NL</v1:language>
            <v1:forceCreation>false</v1:forceCreation>
         </v1:request>
      </v1:createCardRequest>
   </soapenv:Body>
</soapenv:Envelope>]]></con:request><con:credentials><con:selectedAuthProfile>Basic</con:selectedAuthProfile><con:addedBasicAuthenticationTypes>Basic</con:addedBasicAuthenticationTypes><con:authType>Global HTTP Settings</con:authType></con:credentials><con:jmsConfig JMSDeliveryMode="PERSISTENT"/><con:jmsPropertyConfig/><con:wsaConfig mustUnderstand="NONE" version="200508" action="http://fidus.brussels/services/europeandisabilitycardservice/createCard"/><con:wsrmConfig version="1.2"/></con:call><con:call id="6d237178-295d-4ab5-9687-37e15608dafa" name="03 - Test - External - ActiveCard_Other_EmittingPartner - Request" outgoingWss="Outflow TEST" incomingWss="Inflow TEST"><con:settings><con:setting id="com.eviware.soapui.impl.wsdl.WsdlRequest@request-headers">&lt;xml-fragment/></con:setting></con:settings><con:encoding>UTF-8</con:encoding><con:endpoint>https://192.168.24.17:8443/services/EuropeanDisabilityCardService_v1.0</con:endpoint><con:request><![CDATA[<soapenv:Envelope xmlns:soapenv="http://schemas.xmlsoap.org/soap/envelope/" xmlns:v1="http://fidus.brussels/service/europeandisabilitycardservice/messages/v1" xmlns:v11="http://fidus.brussels/type/common/messages/v1">
   <soapenv:Header/>
   <soapenv:Body>
      <v1:createCardRequest>
         <v1:messageContext>
            <v11:messageId>${=import static java.util.UUID.randomUUID; uuid = randomUUID() as String}</v11:messageId>
            <!--Optional:-->
            <v11:timestamp>${=new java.text.SimpleDateFormat("yyyy-MM-dd'T'HH:mm:ss.SSS").format(new Date())}</v11:timestamp>
         </v1:messageContext>
         <v1:legalContext>ServiceIntegrator</v1:legalContext>
         <v1:request>
            <v1:ssin>50081133058</v1:ssin>
            <v1:emittingPartner>0457419435</v1:emittingPartner>
            <v1:language>NL</v1:language>
            <v1:forceCreation>false</v1:forceCreation>
         </v1:request>
      </v1:createCardRequest>
   </soapenv:Body>
</soapenv:Envelope>]]></con:request><con:credentials><con:selectedAuthProfile>Basic</con:selectedAuthProfile><con:addedBasicAuthenticationTypes>Basic</con:addedBasicAuthenticationTypes><con:authType>Global HTTP Settings</con:authType></con:credentials><con:jmsConfig JMSDeliveryMode="PERSISTENT"/><con:jmsPropertyConfig/><con:wsaConfig mustUnderstand="NONE" version="200508" action="http://fidus.brussels/services/europeandisabilitycardservice/createCard"/><con:wsrmConfig version="1.2"/></con:call><con:call id="f64d5a6f-b444-43e0-b63d-36e2dd0ccd33" name="03 - Test - External - CreateCard - Request" outgoingWss="Outflow TEST" incomingWss="Inflow TEST"><con:settings><con:setting id="com.eviware.soapui.impl.wsdl.WsdlRequest@request-headers">&lt;xml-fragment/></con:setting></con:settings><con:encoding>UTF-8</con:encoding><con:endpoint>https://192.168.24.17:8443/services/EuropeanDisabilityCardService_v1.0</con:endpoint><con:request><![CDATA[<soapenv:Envelope xmlns:soapenv="http://schemas.xmlsoap.org/soap/envelope/" xmlns:v1="http://fidus.brussels/service/europeandisabilitycardservice/messages/v1" xmlns:v11="http://fidus.brussels/type/common/messages/v1">
   <soapenv:Header/>
   <soapenv:Body>
      <v1:createCardRequest>
         <v1:messageContext>
            <v11:messageId>${=import static java.util.UUID.randomUUID; uuid = randomUUID() as String}</v11:messageId>
            <!--Optional:-->
            <v11:timestamp>${=new java.text.SimpleDateFormat("yyyy-MM-dd'T'HH:mm:ss.SSS").format(new Date())}</v11:timestamp>
         </v1:messageContext>
         <v1:legalContext>ServiceIntegrator</v1:legalContext>
         <v1:request>
            <v1:ssin>91040526866</v1:ssin>
            <v1:emittingPartner>0457419435</v1:emittingPartner>
            <v1:language>NL</v1:language>
            <v1:forceCreation>true</v1:forceCreation>
         </v1:request>
      </v1:createCardRequest>
   </soapenv:Body>
</soapenv:Envelope>]]></con:request><con:credentials><con:selectedAuthProfile>Basic</con:selectedAuthProfile><con:addedBasicAuthenticationTypes>Basic</con:addedBasicAuthenticationTypes><con:authType>Global HTTP Settings</con:authType></con:credentials><con:jmsConfig JMSDeliveryMode="PERSISTENT"/><con:jmsPropertyConfig/><con:wsaConfig mustUnderstand="NONE" version="200508" action="http://fidus.brussels/services/europeandisabilitycardservice/createCard"/><con:wsrmConfig version="1.2"/></con:call><con:call id="6ef4bdb7-8f72-446a-9595-565ee38a3227" name="03 - Test - External - CreateNewCard_CardActive - Request" outgoingWss="Outflow TEST" incomingWss="Inflow TEST"><con:settings><con:setting id="com.eviware.soapui.impl.wsdl.WsdlRequest@request-headers">&lt;xml-fragment/></con:setting></con:settings><con:encoding>UTF-8</con:encoding><con:endpoint>https://192.168.24.17:8443/services/EuropeanDisabilityCardService_v1.0</con:endpoint><con:request><![CDATA[<soapenv:Envelope xmlns:soapenv="http://schemas.xmlsoap.org/soap/envelope/" xmlns:v1="http://fidus.brussels/service/europeandisabilitycardservice/messages/v1" xmlns:v11="http://fidus.brussels/type/common/messages/v1">
   <soapenv:Header/>
   <soapenv:Body>
      <v1:createCardRequest>
         <v1:messageContext>
            <v11:messageId>${=import static java.util.UUID.randomUUID; uuid = randomUUID() as String}</v11:messageId>
            <!--Optional:-->
            <v11:timestamp>${=new java.text.SimpleDateFormat("yyyy-MM-dd'T'HH:mm:ss.SSS").format(new Date())}</v11:timestamp>
         </v1:messageContext>
         <v1:legalContext>ServiceIntegrator</v1:legalContext>
         <v1:request>
            <v1:ssin>84010118405</v1:ssin>
            <v1:emittingPartner>0457419435</v1:emittingPartner>
            <v1:language>NL</v1:language>
            <v1:forceCreation>false</v1:forceCreation>
         </v1:request>
      </v1:createCardRequest>
   </soapenv:Body>
</soapenv:Envelope>]]></con:request><con:credentials><con:selectedAuthProfile>Basic</con:selectedAuthProfile><con:addedBasicAuthenticationTypes>Basic</con:addedBasicAuthenticationTypes><con:authType>Global HTTP Settings</con:authType></con:credentials><con:jmsConfig JMSDeliveryMode="PERSISTENT"/><con:jmsPropertyConfig/><con:wsaConfig mustUnderstand="NONE" version="200508" action="http://fidus.brussels/services/europeandisabilitycardservice/createCard"/><con:wsrmConfig version="1.2"/></con:call><con:call id="fe9b588f-1123-4911-8004-0e40ba5e78c1" name="03 - Test - External - ForceCreateNewCard - Request" outgoingWss="Outflow TEST" incomingWss="Inflow TEST"><con:settings><con:setting id="com.eviware.soapui.impl.wsdl.WsdlRequest@request-headers">&lt;xml-fragment/></con:setting></con:settings><con:encoding>UTF-8</con:encoding><con:endpoint>https://192.168.24.17:8443/services/EuropeanDisabilityCardService_v1.0</con:endpoint><con:request><![CDATA[<soapenv:Envelope xmlns:soapenv="http://schemas.xmlsoap.org/soap/envelope/" xmlns:v1="http://fidus.brussels/service/europeandisabilitycardservice/messages/v1" xmlns:v11="http://fidus.brussels/type/common/messages/v1">
   <soapenv:Header/>
   <soapenv:Body>
      <v1:createCardRequest>
         <v1:messageContext>
            <v11:messageId>${=import static java.util.UUID.randomUUID; uuid = randomUUID() as String}</v11:messageId>
            <!--Optional:-->
            <v11:timestamp>${=new java.text.SimpleDateFormat("yyyy-MM-dd'T'HH:mm:ss.SSS").format(new Date())}</v11:timestamp>
         </v1:messageContext>
         <v1:legalContext>ServiceIntegrator</v1:legalContext>
         <v1:request>
            <v1:ssin>50081133058</v1:ssin>
            <v1:emittingPartner>0457419435</v1:emittingPartner>
            <v1:language>NL</v1:language>
            <v1:forceCreation>true</v1:forceCreation>
         </v1:request>
      </v1:createCardRequest>
   </soapenv:Body>
</soapenv:Envelope>]]></con:request><con:credentials><con:selectedAuthProfile>Basic</con:selectedAuthProfile><con:addedBasicAuthenticationTypes>Basic</con:addedBasicAuthenticationTypes><con:authType>Global HTTP Settings</con:authType></con:credentials><con:jmsConfig JMSDeliveryMode="PERSISTENT"/><con:jmsPropertyConfig/><con:wsaConfig mustUnderstand="NONE" version="200508" action="http://fidus.brussels/services/europeandisabilitycardservice/createCard"/><con:wsrmConfig version="1.2"/></con:call><con:call id="e77998c9-bd48-4492-8e90-548fd19a46bb" name="03 - Test - External - 30.ForceCreateNewCard - Request" outgoingWss="Outflow TEST" incomingWss="Inflow TEST"><con:settings><con:setting id="com.eviware.soapui.impl.wsdl.WsdlRequest@request-headers">&lt;xml-fragment/></con:setting></con:settings><con:encoding>UTF-8</con:encoding><con:endpoint>https://192.168.24.17:8443/services/EuropeanDisabilityCardService_v1.0</con:endpoint><con:request><![CDATA[<soapenv:Envelope xmlns:soapenv="http://schemas.xmlsoap.org/soap/envelope/" xmlns:v1="http://fidus.brussels/service/europeandisabilitycardservice/messages/v1" xmlns:v11="http://fidus.brussels/type/common/messages/v1">
   <soapenv:Header/>
   <soapenv:Body>
      <v1:createCardRequest>
         <v1:messageContext>
            <v11:messageId>${=import static java.util.UUID.randomUUID; uuid = randomUUID() as String}</v11:messageId>
            <!--Optional:-->
            <v11:timestamp>${=new java.text.SimpleDateFormat("yyyy-MM-dd'T'HH:mm:ss.SSS").format(new Date())}</v11:timestamp>
         </v1:messageContext>
         <v1:legalContext>ServiceIntegrator</v1:legalContext>
         <v1:request>
            <v1:ssin>67052624133</v1:ssin>
            <v1:emittingPartner>0457419435</v1:emittingPartner>
            <v1:language>NL</v1:language>
            <v1:forceCreation>true</v1:forceCreation>
         </v1:request>
      </v1:createCardRequest>
   </soapenv:Body>
</soapenv:Envelope>]]></con:request><con:credentials><con:selectedAuthProfile>Basic</con:selectedAuthProfile><con:addedBasicAuthenticationTypes>Basic</con:addedBasicAuthenticationTypes><con:authType>Global HTTP Settings</con:authType></con:credentials><con:jmsConfig JMSDeliveryMode="PERSISTENT"/><con:jmsPropertyConfig/><con:wsaConfig mustUnderstand="NONE" version="200508" action="http://fidus.brussels/services/europeandisabilitycardservice/createCard"/><con:wsrmConfig version="1.2"/></con:call><con:call id="fe7bfacc-e00b-497c-8e90-e5e72a744638" name="03 - Test - External - 31.CreateCard_CancelledCard - Request" outgoingWss="Outflow TEST" incomingWss="Inflow TEST"><con:settings><con:setting id="com.eviware.soapui.impl.wsdl.WsdlRequest@request-headers">&lt;xml-fragment/></con:setting></con:settings><con:encoding>UTF-8</con:encoding><con:endpoint>https://192.168.24.17:8443/services/EuropeanDisabilityCardService_v1.0</con:endpoint><con:request><![CDATA[<soapenv:Envelope xmlns:soapenv="http://schemas.xmlsoap.org/soap/envelope/" xmlns:v1="http://fidus.brussels/service/europeandisabilitycardservice/messages/v1" xmlns:v11="http://fidus.brussels/type/common/messages/v1">
   <soapenv:Header/>
   <soapenv:Body>
      <v1:createCardRequest>
         <v1:messageContext>
            <v11:messageId>${=import static java.util.UUID.randomUUID; uuid = randomUUID() as String}</v11:messageId>
            <!--Optional:-->
            <v11:timestamp>${=new java.text.SimpleDateFormat("yyyy-MM-dd'T'HH:mm:ss.SSS").format(new Date())}</v11:timestamp>
         </v1:messageContext>
         <v1:legalContext>ServiceIntegrator</v1:legalContext>
         <v1:request>
            <v1:ssin>64061324572</v1:ssin>
            <v1:emittingPartner>0457419435</v1:emittingPartner>
            <v1:language>NL</v1:language>
            <v1:forceCreation>false</v1:forceCreation>
         </v1:request>
      </v1:createCardRequest>
   </soapenv:Body>
</soapenv:Envelope>]]></con:request><con:credentials><con:selectedAuthProfile>Basic</con:selectedAuthProfile><con:addedBasicAuthenticationTypes>Basic</con:addedBasicAuthenticationTypes><con:authType>Global HTTP Settings</con:authType></con:credentials><con:jmsConfig JMSDeliveryMode="PERSISTENT"/><con:jmsPropertyConfig/><con:wsaConfig mustUnderstand="NONE" version="200508" action="http://fidus.brussels/services/europeandisabilitycardservice/createCard"/><con:wsrmConfig version="1.2"/></con:call><con:call id="5f3d0e79-621d-45c5-ac71-5dfde32a0e13" name="03 - Test - External - 32.ForcedCreateCard_ActiveCard - Request" outgoingWss="Outflow TEST" incomingWss="Inflow TEST"><con:settings><con:setting id="com.eviware.soapui.impl.wsdl.WsdlRequest@request-headers">&lt;xml-fragment/></con:setting></con:settings><con:encoding>UTF-8</con:encoding><con:endpoint>https://192.168.24.17:8443/services/EuropeanDisabilityCardService_v1.0</con:endpoint><con:request><![CDATA[<soapenv:Envelope xmlns:soapenv="http://schemas.xmlsoap.org/soap/envelope/" xmlns:v1="http://fidus.brussels/service/europeandisabilitycardservice/messages/v1" xmlns:v11="http://fidus.brussels/type/common/messages/v1">
   <soapenv:Header/>
   <soapenv:Body>
      <v1:createCardRequest>
         <v1:messageContext>
            <v11:messageId>${=import static java.util.UUID.randomUUID; uuid = randomUUID() as String}</v11:messageId>
            <!--Optional:-->
            <v11:timestamp>${=new java.text.SimpleDateFormat("yyyy-MM-dd'T'HH:mm:ss.SSS").format(new Date())}</v11:timestamp>
         </v1:messageContext>
         <v1:legalContext>ServiceIntegrator</v1:legalContext>
         <v1:request>
            <v1:ssin>64061324572</v1:ssin>
            <v1:emittingPartner>0457419435</v1:emittingPartner>
            <v1:language>NL</v1:language>
            <v1:forceCreation>true</v1:forceCreation>
         </v1:request>
      </v1:createCardRequest>
   </soapenv:Body>
</soapenv:Envelope>]]></con:request><con:credentials><con:selectedAuthProfile>Basic</con:selectedAuthProfile><con:addedBasicAuthenticationTypes>Basic</con:addedBasicAuthenticationTypes><con:authType>Global HTTP Settings</con:authType></con:credentials><con:jmsConfig JMSDeliveryMode="PERSISTENT"/><con:jmsPropertyConfig/><con:wsaConfig mustUnderstand="NONE" version="200508" action="http://fidus.brussels/services/europeandisabilitycardservice/createCard"/><con:wsrmConfig version="1.2"/></con:call><con:call id="f5bbcbf2-0cce-4f32-8650-0a9e6eb0f7b4" name="04 - Staging - External - Request" outgoingWss="Outflow STAGING" incomingWss="Inflow STAGING"><con:settings><con:setting id="com.eviware.soapui.impl.wsdl.WsdlRequest@request-headers">&lt;xml-fragment/></con:setting></con:settings><con:encoding>UTF-8</con:encoding><con:endpoint>https://fidus.sec.brussels/services/EuropeanDisabilityCardService_v1.0</con:endpoint><con:request><![CDATA[<soapenv:Envelope xmlns:soapenv="http://schemas.xmlsoap.org/soap/envelope/" xmlns:v1="http://fidus.brussels/service/europeandisabilitycardservice/messages/v1" xmlns:v11="http://fidus.brussels/type/common/messages/v1">
   <soapenv:Header/>
   <soapenv:Body>
      <v1:createCardRequest>
         <v1:messageContext>
            <v11:messageId>${=import static java.util.UUID.randomUUID; uuid = randomUUID() as String}</v11:messageId>
            <!--Optional:-->
            <v11:timestamp>${=new java.text.SimpleDateFormat("yyyy-MM-dd'T'HH:mm:ss.SSS").format(new Date())}</v11:timestamp>
         </v1:messageContext>
         <v1:legalContext>ServiceIntegrator</v1:legalContext>
         <v1:request>
            <v1:ssin>67052624133</v1:ssin>
            <v1:emittingPartner>0457419435</v1:emittingPartner>
            <v1:language>NL</v1:language>
            <v1:forceCreation>true</v1:forceCreation>
         </v1:request>
      </v1:createCardRequest>
   </soapenv:Body>
</soapenv:Envelope>]]></con:request><con:credentials><con:selectedAuthProfile>Basic</con:selectedAuthProfile><con:addedBasicAuthenticationTypes>Basic</con:addedBasicAuthenticationTypes><con:authType>Global HTTP Settings</con:authType></con:credentials><con:jmsConfig JMSDeliveryMode="PERSISTENT"/><con:jmsPropertyConfig/><con:wsaConfig mustUnderstand="NONE" version="200508" action="http://fidus.brussels/services/europeandisabilitycardservice/createCard"/><con:wsrmConfig version="1.2"/></con:call><con:call id="eb2e523a-1f19-4247-9972-c64cf9d8c031" name="04 - Staging - LB - Request" outgoingWss="Outflow STAGING" incomingWss="Inflow STAGING"><con:settings><con:setting id="com.eviware.soapui.impl.wsdl.WsdlRequest@request-headers">&lt;xml-fragment/></con:setting></con:settings><con:encoding>UTF-8</con:encoding><con:endpoint>https://fidus-esb-sg.prd.srv.cirb.lan:8443/services/EuropeanDisabilityCardService_v1.0</con:endpoint><con:request><![CDATA[<soapenv:Envelope xmlns:soapenv="http://schemas.xmlsoap.org/soap/envelope/" xmlns:v1="http://fidus.brussels/service/europeandisabilitycardservice/messages/v1" xmlns:v11="http://fidus.brussels/type/common/messages/v1">
   <soapenv:Header/>
   <soapenv:Body>
      <v1:createCardRequest>
         <v1:messageContext>
            <v11:messageId>${=import static java.util.UUID.randomUUID; uuid = randomUUID() as String}</v11:messageId>
            <!--Optional:-->
            <v11:timestamp>${=new java.text.SimpleDateFormat("yyyy-MM-dd'T'HH:mm:ss.SSS").format(new Date())}</v11:timestamp>
         </v1:messageContext>
         <v1:legalContext>ServiceIntegrator</v1:legalContext>
         <v1:request>
            <v1:ssin>91040526866</v1:ssin>
            <v1:emittingPartner>0457419435</v1:emittingPartner>
            <v1:language>NL</v1:language>
            <v1:forceCreation>true</v1:forceCreation>
         </v1:request>
      </v1:createCardRequest>
   </soapenv:Body>
</soapenv:Envelope>]]></con:request><con:credentials><con:selectedAuthProfile>Basic</con:selectedAuthProfile><con:addedBasicAuthenticationTypes>Basic</con:addedBasicAuthenticationTypes><con:authType>Global HTTP Settings</con:authType></con:credentials><con:jmsConfig JMSDeliveryMode="PERSISTENT"/><con:jmsPropertyConfig/><con:wsaConfig mustUnderstand="NONE" version="200508" action="http://fidus.brussels/services/europeandisabilitycardservice/createCard"/><con:wsrmConfig version="1.2"/></con:call><con:call id="6b98ae3d-4d80-496f-9911-736b4360d371" name="04 - Staging - Worker1 - Request" outgoingWss="Outflow STAGING" incomingWss="Inflow STAGING"><con:settings><con:setting id="com.eviware.soapui.impl.wsdl.WsdlRequest@request-headers">&lt;xml-fragment/></con:setting></con:settings><con:encoding>UTF-8</con:encoding><con:endpoint>https://192.168.26.22:8443/services/EuropeanDisabilityCardService_v1.0</con:endpoint><con:request><![CDATA[<soapenv:Envelope xmlns:soapenv="http://schemas.xmlsoap.org/soap/envelope/" xmlns:v1="http://fidus.brussels/service/europeandisabilitycardservice/messages/v1" xmlns:v11="http://fidus.brussels/type/common/messages/v1">
   <soapenv:Header/>
   <soapenv:Body>
      <v1:createCardRequest>
         <v1:messageContext>
            <v11:messageId>${=import static java.util.UUID.randomUUID; uuid = randomUUID() as String}</v11:messageId>
            <!--Optional:-->
            <v11:timestamp>${=new java.text.SimpleDateFormat("yyyy-MM-dd'T'HH:mm:ss.SSS").format(new Date())}</v11:timestamp>
         </v1:messageContext>
         <v1:legalContext>ServiceIntegrator</v1:legalContext>
         <v1:request>
            <v1:ssin>84010118405</v1:ssin>
            <v1:emittingPartner>0457419435</v1:emittingPartner>
            <v1:language>NL</v1:language>
            <v1:forceCreation>true</v1:forceCreation>
         </v1:request>
      </v1:createCardRequest>
   </soapenv:Body>
</soapenv:Envelope>]]></con:request><con:credentials><con:selectedAuthProfile>Basic</con:selectedAuthProfile><con:addedBasicAuthenticationTypes>Basic</con:addedBasicAuthenticationTypes><con:authType>Global HTTP Settings</con:authType></con:credentials><con:jmsConfig JMSDeliveryMode="PERSISTENT"/><con:jmsPropertyConfig/><con:wsaConfig mustUnderstand="NONE" version="200508" action="http://fidus.brussels/services/europeandisabilitycardservice/createCard"/><con:wsrmConfig version="1.2"/></con:call><con:call id="a865192d-74bb-4b6c-92e2-4c11fd6db23b" name="04 - Staging - Worker2 - Request" outgoingWss="Outflow STAGING" incomingWss="Inflow STAGING"><con:settings><con:setting id="com.eviware.soapui.impl.wsdl.WsdlRequest@request-headers">&lt;xml-fragment/></con:setting></con:settings><con:encoding>UTF-8</con:encoding><con:endpoint>https://192.168.24.17:8443/services/EuropeanDisabilityCardService_v1.0</con:endpoint><con:request><![CDATA[<soapenv:Envelope xmlns:soapenv="http://schemas.xmlsoap.org/soap/envelope/" xmlns:v1="http://fidus.brussels/service/europeandisabilitycardservice/messages/v1" xmlns:v11="http://fidus.brussels/type/common/messages/v1">
   <soapenv:Header/>
   <soapenv:Body>
      <v1:createCardRequest>
         <v1:messageContext>
            <v11:messageId>${=import static java.util.UUID.randomUUID; uuid = randomUUID() as String}</v11:messageId>
            <!--Optional:-->
            <v11:timestamp>${=new java.text.SimpleDateFormat("yyyy-MM-dd'T'HH:mm:ss.SSS").format(new Date())}</v11:timestamp>
         </v1:messageContext>
         <v1:legalContext>ServiceIntegrator</v1:legalContext>
         <v1:request>
            <v1:ssin>50081133058</v1:ssin>
            <v1:emittingPartner>0457419435</v1:emittingPartner>
            <v1:language>NL</v1:language>
            <v1:forceCreation>true</v1:forceCreation>
         </v1:request>
      </v1:createCardRequest>
   </soapenv:Body>
</soapenv:Envelope>]]></con:request><con:credentials><con:selectedAuthProfile>Basic</con:selectedAuthProfile><con:addedBasicAuthenticationTypes>Basic</con:addedBasicAuthenticationTypes><con:authType>Global HTTP Settings</con:authType></con:credentials><con:jmsConfig JMSDeliveryMode="PERSISTENT"/><con:jmsPropertyConfig/><con:wsaConfig mustUnderstand="NONE" version="200508" action="http://fidus.brussels/services/europeandisabilitycardservice/createCard"/><con:wsrmConfig version="1.2"/></con:call></con:operation><con:operation id="2155c4dd-83f4-48d8-ba73-5b04b1d21219" isOneWay="false" action="http://fidus.brussels/services/europeandisabilitycardservice/stopOrCancelCard" name="stopOrCancelCard" bindingOperationName="stopOrCancelCard" type="Request-Response" inputName="" receivesAttachments="false" sendsAttachments="false" anonymous="optional"><con:settings/><con:call id="3d816efe-5310-4bbd-bb4c-707dfadaff2b" name="01 - Local - Request" outgoingWss="Outflow DEV" incomingWss="Inflow DEV"><con:settings><con:setting id="com.eviware.soapui.impl.wsdl.WsdlRequest@request-headers">&lt;xml-fragment/></con:setting></con:settings><con:encoding>UTF-8</con:encoding><con:endpoint>https://localhost:8243/services/EuropeanDisabilityCardService_v1.0</con:endpoint><con:request><![CDATA[<soapenv:Envelope xmlns:soapenv="http://schemas.xmlsoap.org/soap/envelope/" xmlns:v1="http://fidus.brussels/service/europeandisabilitycardservice/messages/v1" xmlns:v11="http://fidus.brussels/type/common/messages/v1">
   <soapenv:Header/>
   <soapenv:Body>
      <v1:stopOrCancelCardRequest>
         <v1:messageContext>
            <v11:messageId>${=import static java.util.UUID.randomUUID; uuid = randomUUID() as String}</v11:messageId>
            <!--Optional:-->
            <v11:timestamp>${=new java.text.SimpleDateFormat("yyyy-MM-dd'T'HH:mm:ss.SSS").format(new Date())}</v11:timestamp>
         </v1:messageContext>
         <v1:legalContext>ServiceIntegrator</v1:legalContext>
         <v1:request>            
            <v1:cardNumber>10000000115</v1:cardNumber>
            <v1:emittingPartner>0646877855</v1:emittingPartner>
         </v1:request>
      </v1:stopOrCancelCardRequest>
   </soapenv:Body>
</soapenv:Envelope>]]></con:request><con:credentials><con:selectedAuthProfile>Basic</con:selectedAuthProfile><con:addedBasicAuthenticationTypes>Basic</con:addedBasicAuthenticationTypes><con:authType>Global HTTP Settings</con:authType></con:credentials><con:jmsConfig JMSDeliveryMode="PERSISTENT"/><con:jmsPropertyConfig/><con:wsaConfig mustUnderstand="NONE" version="200508" action="http://fidus.brussels/services/europeandisabilitycardservice/stopOrCancelCard"/><con:wsrmConfig version="1.2"/></con:call><con:call id="4da60873-fcdd-44fe-9121-301c21e5f74e" name="02 - DEV - Request" outgoingWss="Outflow DEV" incomingWss="Inflow DEV"><con:settings><con:setting id="com.eviware.soapui.impl.wsdl.WsdlRequest@request-headers">&lt;xml-fragment/></con:setting></con:settings><con:encoding>UTF-8</con:encoding><con:endpoint>https://192.168.36.61:8243/services/EuropeanDisabilityCardService_v1.0</con:endpoint><con:request><![CDATA[<soapenv:Envelope xmlns:soapenv="http://schemas.xmlsoap.org/soap/envelope/" xmlns:v1="http://fidus.brussels/service/europeandisabilitycardservice/messages/v1" xmlns:v11="http://fidus.brussels/type/common/messages/v1">
   <soapenv:Header/>
   <soapenv:Body>
      <v1:stopOrCancelCardRequest>
         <v1:messageContext>
            <v11:messageId>${=import static java.util.UUID.randomUUID; uuid = randomUUID() as String}</v11:messageId>
            <!--Optional:-->
            <v11:timestamp>${=new java.text.SimpleDateFormat("yyyy-MM-dd'T'HH:mm:ss.SSS").format(new Date())}</v11:timestamp>
         </v1:messageContext>
         <v1:legalContext>ServiceIntegrator</v1:legalContext>
         <v1:request>            
            <v1:cardNumber>10000000115</v1:cardNumber>
            <v1:emittingPartner>0646877855</v1:emittingPartner>
         </v1:request>
      </v1:stopOrCancelCardRequest>
   </soapenv:Body>
</soapenv:Envelope>]]></con:request><con:credentials><con:selectedAuthProfile>Basic</con:selectedAuthProfile><con:addedBasicAuthenticationTypes>Basic</con:addedBasicAuthenticationTypes><con:authType>Global HTTP Settings</con:authType></con:credentials><con:jmsConfig JMSDeliveryMode="PERSISTENT"/><con:jmsPropertyConfig/><con:wsaConfig mustUnderstand="NONE" version="200508" action="http://fidus.brussels/services/europeandisabilitycardservice/stopOrCancelCard"/><con:wsrmConfig version="1.2"/></con:call><con:call id="56b57445-8c2f-4e78-82dc-4a74e8f0df3c" name="03 - Test - External - 35.CBE_NoValidEmittingPartner - Request" outgoingWss="Outflow TEST" incomingWss="Inflow TEST"><con:settings><con:setting id="com.eviware.soapui.impl.wsdl.WsdlRequest@request-headers">&lt;xml-fragment/></con:setting></con:settings><con:encoding>UTF-8</con:encoding><con:endpoint>https://192.168.24.17:8443/services/EuropeanDisabilityCardService_v1.0</con:endpoint><con:request><![CDATA[<soapenv:Envelope xmlns:soapenv="http://schemas.xmlsoap.org/soap/envelope/" xmlns:v1="http://fidus.brussels/service/europeandisabilitycardservice/messages/v1" xmlns:v11="http://fidus.brussels/type/common/messages/v1">
   <soapenv:Header/>
   <soapenv:Body>
      <v1:stopOrCancelCardRequest>
         <v1:messageContext>
            <v11:messageId>${=import static java.util.UUID.randomUUID; uuid = randomUUID() as String}</v11:messageId>
            <!--Optional:-->
            <v11:timestamp>${=new java.text.SimpleDateFormat("yyyy-MM-dd'T'HH:mm:ss.SSS").format(new Date())}</v11:timestamp>
         </v1:messageContext>
         <v1:legalContext>ServiceIntegrator</v1:legalContext>
         <v1:request>            
            <v1:cardNumber>10000000115</v1:cardNumber>
            <v1:emittingPartner>0646877855</v1:emittingPartner>
         </v1:request>
      </v1:stopOrCancelCardRequest>
   </soapenv:Body>
</soapenv:Envelope>]]></con:request><con:credentials><con:selectedAuthProfile>Basic</con:selectedAuthProfile><con:addedBasicAuthenticationTypes>Basic</con:addedBasicAuthenticationTypes><con:authType>Global HTTP Settings</con:authType></con:credentials><con:jmsConfig JMSDeliveryMode="PERSISTENT"/><con:jmsPropertyConfig/><con:wsaConfig mustUnderstand="NONE" version="200508" action="http://fidus.brussels/services/europeandisabilitycardservice/stopOrCancelCard"/><con:wsrmConfig version="1.2"/></con:call><con:call id="c3ae21bf-e446-4212-8a45-33dfe0c496ba" name="03 - Test - LB - Request" outgoingWss="Outflow TEST" incomingWss="Inflow TEST"><con:settings><con:setting id="com.eviware.soapui.impl.wsdl.WsdlRequest@request-headers">&lt;xml-fragment/></con:setting></con:settings><con:encoding>UTF-8</con:encoding><con:endpoint>https://esb-security-gw.sta.srv.cirb.lan:8443/services/EuropeanDisabilityCardService_v1.0</con:endpoint><con:request><![CDATA[<soapenv:Envelope xmlns:soapenv="http://schemas.xmlsoap.org/soap/envelope/" xmlns:v1="http://fidus.brussels/service/europeandisabilitycardservice/messages/v1" xmlns:v11="http://fidus.brussels/type/common/messages/v1">
   <soapenv:Header/>
   <soapenv:Body>
      <v1:stopOrCancelCardRequest>
         <v1:messageContext>
            <v11:messageId>${=import static java.util.UUID.randomUUID; uuid = randomUUID() as String}</v11:messageId>
            <!--Optional:-->
            <v11:timestamp>${=new java.text.SimpleDateFormat("yyyy-MM-dd'T'HH:mm:ss.SSS").format(new Date())}</v11:timestamp>
         </v1:messageContext>
         <v1:legalContext>ServiceIntegrator</v1:legalContext>
         <v1:request>            
            <v1:cardNumber>10000000115</v1:cardNumber>
            <v1:emittingPartner>0646877855</v1:emittingPartner>
         </v1:request>
      </v1:stopOrCancelCardRequest>
   </soapenv:Body>
</soapenv:Envelope>]]></con:request><con:credentials><con:selectedAuthProfile>Basic</con:selectedAuthProfile><con:addedBasicAuthenticationTypes>Basic</con:addedBasicAuthenticationTypes><con:authType>Global HTTP Settings</con:authType></con:credentials><con:jmsConfig JMSDeliveryMode="PERSISTENT"/><con:jmsPropertyConfig/><con:wsaConfig mustUnderstand="NONE" version="200508" action="http://fidus.brussels/services/europeandisabilitycardservice/stopOrCancelCard"/><con:wsrmConfig version="1.2"/></con:call><con:call id="45278b4e-e9a0-445b-804f-4b0d91b6b7a0" name="03 - Test - Worker1 - Request" outgoingWss="Outflow TEST" incomingWss="Inflow TEST"><con:settings><con:setting id="com.eviware.soapui.impl.wsdl.WsdlRequest@request-headers">&lt;xml-fragment/></con:setting></con:settings><con:encoding>UTF-8</con:encoding><con:endpoint>https://192.168.22.53:8443/services/EuropeanDisabilityCardService_v1.0</con:endpoint><con:request><![CDATA[<soapenv:Envelope xmlns:soapenv="http://schemas.xmlsoap.org/soap/envelope/" xmlns:v1="http://fidus.brussels/service/europeandisabilitycardservice/messages/v1" xmlns:v11="http://fidus.brussels/type/common/messages/v1">
   <soapenv:Header/>
   <soapenv:Body>
      <v1:stopOrCancelCardRequest>
         <v1:messageContext>
            <v11:messageId>${=import static java.util.UUID.randomUUID; uuid = randomUUID() as String}</v11:messageId>
            <!--Optional:-->
            <v11:timestamp>${=new java.text.SimpleDateFormat("yyyy-MM-dd'T'HH:mm:ss.SSS").format(new Date())}</v11:timestamp>
         </v1:messageContext>
         <v1:legalContext>ServiceIntegrator</v1:legalContext>
         <v1:request>            
            <v1:cardNumber>10000000115</v1:cardNumber>
            <v1:emittingPartner>0646877855</v1:emittingPartner>
         </v1:request>
      </v1:stopOrCancelCardRequest>
   </soapenv:Body>
</soapenv:Envelope>]]></con:request><con:credentials><con:selectedAuthProfile>Basic</con:selectedAuthProfile><con:addedBasicAuthenticationTypes>Basic</con:addedBasicAuthenticationTypes><con:authType>Global HTTP Settings</con:authType></con:credentials><con:jmsConfig JMSDeliveryMode="PERSISTENT"/><con:jmsPropertyConfig/><con:wsaConfig mustUnderstand="NONE" version="200508" action="http://fidus.brussels/services/europeandisabilitycardservice/stopOrCancelCard"/><con:wsrmConfig version="1.2"/></con:call><con:call id="70ea471d-af7b-4b50-92ea-a914841eeb35" name="03 - Test - Worker2 - Request" outgoingWss="Outflow TEST" incomingWss="Inflow DEV"><con:settings><con:setting id="com.eviware.soapui.impl.wsdl.WsdlRequest@request-headers">&lt;xml-fragment/></con:setting></con:settings><con:encoding>UTF-8</con:encoding><con:endpoint>https://192.168.22.54:8443/services/EuropeanDisabilityCardService_v1.0</con:endpoint><con:request><![CDATA[<soapenv:Envelope xmlns:soapenv="http://schemas.xmlsoap.org/soap/envelope/" xmlns:v1="http://fidus.brussels/service/europeandisabilitycardservice/messages/v1" xmlns:v11="http://fidus.brussels/type/common/messages/v1">
   <soapenv:Header/>
   <soapenv:Body>
      <v1:stopOrCancelCardRequest>
         <v1:messageContext>
            <v11:messageId>${=import static java.util.UUID.randomUUID; uuid = randomUUID() as String}</v11:messageId>
            <!--Optional:-->
            <v11:timestamp>${=new java.text.SimpleDateFormat("yyyy-MM-dd'T'HH:mm:ss.SSS").format(new Date())}</v11:timestamp>
         </v1:messageContext>
         <v1:legalContext>ServiceIntegrator</v1:legalContext>
         <v1:request>            
            <v1:cardNumber>10000000115</v1:cardNumber>
            <v1:emittingPartner>0646877855</v1:emittingPartner>
         </v1:request>
      </v1:stopOrCancelCardRequest>
   </soapenv:Body>
</soapenv:Envelope>]]></con:request><con:credentials><con:selectedAuthProfile>Basic</con:selectedAuthProfile><con:addedBasicAuthenticationTypes>Basic</con:addedBasicAuthenticationTypes><con:authType>Global HTTP Settings</con:authType></con:credentials><con:jmsConfig JMSDeliveryMode="PERSISTENT"/><con:jmsPropertyConfig/><con:wsaConfig mustUnderstand="NONE" version="200508" action="http://fidus.brussels/services/europeandisabilitycardservice/stopOrCancelCard"/><con:wsrmConfig version="1.2"/></con:call><con:call id="bfb53259-3617-4e68-aa0b-0b74856776ed" name="Request 1"><con:settings/><con:encoding>UTF-8</con:encoding><con:endpoint>http://fidus.brussels/services/europeandisabilitycardservice/v1</con:endpoint><con:request><![CDATA[<soapenv:Envelope xmlns:soapenv="http://schemas.xmlsoap.org/soap/envelope/" xmlns:v1="http://fidus.brussels/service/europeandisabilitycardservice/messages/v1" xmlns:v11="http://fidus.brussels/type/common/messages/v1">
   <soapenv:Header/>
   <soapenv:Body>
      <v1:stopOrCancelCardRequest>
         <v1:messageContext>
            <v11:messageId>?</v11:messageId>
            <!--Optional:-->
            <v11:timestamp>?</v11:timestamp>
         </v1:messageContext>
         <v1:legalContext>?</v1:legalContext>
         <v1:request>
            <v1:cardNumber>?</v1:cardNumber>
            <v1:emittingPartner>?</v1:emittingPartner>
         </v1:request>
      </v1:stopOrCancelCardRequest>
   </soapenv:Body>
</soapenv:Envelope>]]></con:request><con:wsaConfig mustUnderstand="NONE" version="200508" action="http://fidus.brussels/services/europeandisabilitycardservice/stopOrCancelCard"/></con:call><con:call id="1e3b5981-ded2-49ee-bd4b-27705dfc15f2" name="03 - Test - External - 36.Cardnr_notExist - Request" outgoingWss="Outflow TEST" incomingWss="Inflow TEST"><con:settings><con:setting id="com.eviware.soapui.impl.wsdl.WsdlRequest@request-headers">&lt;xml-fragment/></con:setting></con:settings><con:encoding>UTF-8</con:encoding><con:endpoint>https://192.168.24.17:8443/services/EuropeanDisabilityCardService_v1.0</con:endpoint><con:request><![CDATA[<soapenv:Envelope xmlns:soapenv="http://schemas.xmlsoap.org/soap/envelope/" xmlns:v1="http://fidus.brussels/service/europeandisabilitycardservice/messages/v1" xmlns:v11="http://fidus.brussels/type/common/messages/v1">
   <soapenv:Header/>
   <soapenv:Body>
      <v1:stopOrCancelCardRequest>
         <v1:messageContext>
            <v11:messageId>${=import static java.util.UUID.randomUUID; uuid = randomUUID() as String}</v11:messageId>
            <!--Optional:-->
            <v11:timestamp>${=new java.text.SimpleDateFormat("yyyy-MM-dd'T'HH:mm:ss.SSS").format(new Date())}</v11:timestamp>
         </v1:messageContext>
         <v1:legalContext>ServiceIntegrator</v1:legalContext>
         <v1:request>            
            <v1:cardNumber>10000008726</v1:cardNumber>
            <v1:emittingPartner>0457419435</v1:emittingPartner>
         </v1:request>
      </v1:stopOrCancelCardRequest>
   </soapenv:Body>
</soapenv:Envelope>]]></con:request><con:credentials><con:selectedAuthProfile>Basic</con:selectedAuthProfile><con:addedBasicAuthenticationTypes>Basic</con:addedBasicAuthenticationTypes><con:authType>Global HTTP Settings</con:authType></con:credentials><con:jmsConfig JMSDeliveryMode="PERSISTENT"/><con:jmsPropertyConfig/><con:wsaConfig mustUnderstand="NONE" version="200508" action="http://fidus.brussels/services/europeandisabilitycardservice/stopOrCancelCard"/><con:wsrmConfig version="1.2"/></con:call><con:call id="de82a032-cacc-42d3-8cbe-b3a5e0217f55" name="03 - Test - External - CancelledCard - Request" outgoingWss="Outflow TEST" incomingWss="Inflow TEST"><con:settings><con:setting id="com.eviware.soapui.impl.wsdl.WsdlRequest@request-headers">&lt;xml-fragment/></con:setting></con:settings><con:encoding>UTF-8</con:encoding><con:endpoint>https://192.168.24.17:8443/services/EuropeanDisabilityCardService_v1.0</con:endpoint><con:request><![CDATA[<soapenv:Envelope xmlns:soapenv="http://schemas.xmlsoap.org/soap/envelope/" xmlns:v1="http://fidus.brussels/service/europeandisabilitycardservice/messages/v1" xmlns:v11="http://fidus.brussels/type/common/messages/v1">
   <soapenv:Header/>
   <soapenv:Body>
      <v1:stopOrCancelCardRequest>
         <v1:messageContext>
            <v11:messageId>${=import static java.util.UUID.randomUUID; uuid = randomUUID() as String}</v11:messageId>
            <!--Optional:-->
            <v11:timestamp>${=new java.text.SimpleDateFormat("yyyy-MM-dd'T'HH:mm:ss.SSS").format(new Date())}</v11:timestamp>
         </v1:messageContext>
         <v1:legalContext>ServiceIntegrator</v1:legalContext>
         <v1:request>            
            <v1:cardNumber>10000018426</v1:cardNumber>
            <v1:emittingPartner>0457419435</v1:emittingPartner>
         </v1:request>
      </v1:stopOrCancelCardRequest>
   </soapenv:Body>
</soapenv:Envelope>]]></con:request><con:credentials><con:selectedAuthProfile>Basic</con:selectedAuthProfile><con:addedBasicAuthenticationTypes>Basic</con:addedBasicAuthenticationTypes><con:authType>Global HTTP Settings</con:authType></con:credentials><con:jmsConfig JMSDeliveryMode="PERSISTENT"/><con:jmsPropertyConfig/><con:wsaConfig mustUnderstand="NONE" version="200508" action="http://fidus.brussels/services/europeandisabilitycardservice/stopOrCancelCard"/><con:wsrmConfig version="1.2"/></con:call><con:call id="7d113f2e-f82a-4b40-abd7-506d451d268a" name="03 - Test - External - Cancel_ActiveCard - Request" outgoingWss="Outflow TEST" incomingWss="Inflow TEST"><con:settings><con:setting id="com.eviware.soapui.impl.wsdl.WsdlRequest@request-headers">&lt;xml-fragment/></con:setting></con:settings><con:encoding>UTF-8</con:encoding><con:endpoint>https://192.168.24.17:8443/services/EuropeanDisabilityCardService_v1.0</con:endpoint><con:request><![CDATA[<soapenv:Envelope xmlns:soapenv="http://schemas.xmlsoap.org/soap/envelope/" xmlns:v1="http://fidus.brussels/service/europeandisabilitycardservice/messages/v1" xmlns:v11="http://fidus.brussels/type/common/messages/v1">
   <soapenv:Header/>
   <soapenv:Body>
      <v1:stopOrCancelCardRequest>
         <v1:messageContext>
            <v11:messageId>${=import static java.util.UUID.randomUUID; uuid = randomUUID() as String}</v11:messageId>
            <!--Optional:-->
            <v11:timestamp>${=new java.text.SimpleDateFormat("yyyy-MM-dd'T'HH:mm:ss.SSS").format(new Date())}</v11:timestamp>
         </v1:messageContext>
         <v1:legalContext>ServiceIntegrator</v1:legalContext>
         <v1:request>            
            <v1:cardNumber>10000018921</v1:cardNumber>
            <v1:emittingPartner>0457419435</v1:emittingPartner>
         </v1:request>
      </v1:stopOrCancelCardRequest>
   </soapenv:Body>
</soapenv:Envelope>]]></con:request><con:credentials><con:selectedAuthProfile>Basic</con:selectedAuthProfile><con:addedBasicAuthenticationTypes>Basic</con:addedBasicAuthenticationTypes><con:authType>Global HTTP Settings</con:authType></con:credentials><con:jmsConfig JMSDeliveryMode="PERSISTENT"/><con:jmsPropertyConfig/><con:wsaConfig mustUnderstand="NONE" version="200508" action="http://fidus.brussels/services/europeandisabilitycardservice/stopOrCancelCard"/><con:wsrmConfig version="1.2"/></con:call><con:call id="d4b6801c-7426-4ae5-b29f-8dec6d7219c0" name="03 - Test - External - 37.Cancel_CancelledCard - Request" outgoingWss="Outflow TEST" incomingWss="Inflow TEST"><con:settings><con:setting id="com.eviware.soapui.impl.wsdl.WsdlRequest@request-headers">&lt;xml-fragment/></con:setting></con:settings><con:encoding>UTF-8</con:encoding><con:endpoint>https://192.168.24.17:8443/services/EuropeanDisabilityCardService_v1.0</con:endpoint><con:request><![CDATA[<soapenv:Envelope xmlns:soapenv="http://schemas.xmlsoap.org/soap/envelope/" xmlns:v1="http://fidus.brussels/service/europeandisabilitycardservice/messages/v1" xmlns:v11="http://fidus.brussels/type/common/messages/v1">
   <soapenv:Header/>
   <soapenv:Body>
      <v1:stopOrCancelCardRequest>
         <v1:messageContext>
            <v11:messageId>${=import static java.util.UUID.randomUUID; uuid = randomUUID() as String}</v11:messageId>
            <!--Optional:-->
            <v11:timestamp>${=new java.text.SimpleDateFormat("yyyy-MM-dd'T'HH:mm:ss.SSS").format(new Date())}</v11:timestamp>
         </v1:messageContext>
         <v1:legalContext>ServiceIntegrator</v1:legalContext>
         <v1:request>            
            <v1:cardNumber>10000007142</v1:cardNumber>
            <v1:emittingPartner>0457419435</v1:emittingPartner>
         </v1:request>
      </v1:stopOrCancelCardRequest>
   </soapenv:Body>
</soapenv:Envelope>]]></con:request><con:credentials><con:selectedAuthProfile>Basic</con:selectedAuthProfile><con:addedBasicAuthenticationTypes>Basic</con:addedBasicAuthenticationTypes><con:authType>Global HTTP Settings</con:authType></con:credentials><con:jmsConfig JMSDeliveryMode="PERSISTENT"/><con:jmsPropertyConfig/><con:wsaConfig mustUnderstand="NONE" version="200508" action="http://fidus.brussels/services/europeandisabilitycardservice/stopOrCancelCard"/><con:wsrmConfig version="1.2"/></con:call><con:call id="f83c917a-2c13-4897-a2cf-de1eb8d6654f" name="03 - Test - External - 38.Cancel_ActiveCard - Request" outgoingWss="Outflow TEST" incomingWss="Inflow TEST"><con:settings><con:setting id="com.eviware.soapui.impl.wsdl.WsdlRequest@request-headers">&lt;xml-fragment/></con:setting></con:settings><con:encoding>UTF-8</con:encoding><con:endpoint>https://192.168.24.17:8443/services/EuropeanDisabilityCardService_v1.0</con:endpoint><con:request><![CDATA[<soapenv:Envelope xmlns:soapenv="http://schemas.xmlsoap.org/soap/envelope/" xmlns:v1="http://fidus.brussels/service/europeandisabilitycardservice/messages/v1" xmlns:v11="http://fidus.brussels/type/common/messages/v1">
   <soapenv:Header/>
   <soapenv:Body>
      <v1:stopOrCancelCardRequest>
         <v1:messageContext>
            <v11:messageId>${=import static java.util.UUID.randomUUID; uuid = randomUUID() as String}</v11:messageId>
            <!--Optional:-->
            <v11:timestamp>${=new java.text.SimpleDateFormat("yyyy-MM-dd'T'HH:mm:ss.SSS").format(new Date())}</v11:timestamp>
         </v1:messageContext>
         <v1:legalContext>ServiceIntegrator</v1:legalContext>
         <v1:request>            
            <v1:cardNumber>10000033965</v1:cardNumber>
            <v1:emittingPartner>0457419435</v1:emittingPartner>
         </v1:request>
      </v1:stopOrCancelCardRequest>
   </soapenv:Body>
</soapenv:Envelope>]]></con:request><con:credentials><con:selectedAuthProfile>Basic</con:selectedAuthProfile><con:addedBasicAuthenticationTypes>Basic</con:addedBasicAuthenticationTypes><con:authType>Global HTTP Settings</con:authType></con:credentials><con:jmsConfig JMSDeliveryMode="PERSISTENT"/><con:jmsPropertyConfig/><con:wsaConfig mustUnderstand="NONE" version="200508" action="http://fidus.brussels/services/europeandisabilitycardservice/stopOrCancelCard"/><con:wsrmConfig version="1.2"/></con:call><con:call id="bfc53a24-bf0c-4d65-b9fb-e7230174a8ae" name="03 - Test - External - 39.CloseCard_inProcessing - Request" outgoingWss="Outflow TEST" incomingWss="Inflow TEST"><con:settings><con:setting id="com.eviware.soapui.impl.wsdl.WsdlRequest@request-headers">&lt;xml-fragment/></con:setting></con:settings><con:encoding>UTF-8</con:encoding><con:endpoint>https://192.168.24.17:8443/services/EuropeanDisabilityCardService_v1.0</con:endpoint><con:request><![CDATA[<soapenv:Envelope xmlns:soapenv="http://schemas.xmlsoap.org/soap/envelope/" xmlns:v1="http://fidus.brussels/service/europeandisabilitycardservice/messages/v1" xmlns:v11="http://fidus.brussels/type/common/messages/v1">
   <soapenv:Header/>
   <soapenv:Body>
      <v1:stopOrCancelCardRequest>
         <v1:messageContext>
            <v11:messageId>${=import static java.util.UUID.randomUUID; uuid = randomUUID() as String}</v11:messageId>
            <!--Optional:-->
            <v11:timestamp>${=new java.text.SimpleDateFormat("yyyy-MM-dd'T'HH:mm:ss.SSS").format(new Date())}</v11:timestamp>
         </v1:messageContext>
         <v1:legalContext>ServiceIntegrator</v1:legalContext>
         <v1:request>            
            <v1:cardNumber>84081632545</v1:cardNumber>
            <v1:emittingPartner>0457419435</v1:emittingPartner>
         </v1:request>
      </v1:stopOrCancelCardRequest>
   </soapenv:Body>
</soapenv:Envelope>]]></con:request><con:credentials><con:selectedAuthProfile>Basic</con:selectedAuthProfile><con:addedBasicAuthenticationTypes>Basic</con:addedBasicAuthenticationTypes><con:authType>Global HTTP Settings</con:authType></con:credentials><con:jmsConfig JMSDeliveryMode="PERSISTENT"/><con:jmsPropertyConfig/><con:wsaConfig mustUnderstand="NONE" version="200508" action="http://fidus.brussels/services/europeandisabilitycardservice/stopOrCancelCard"/><con:wsrmConfig version="1.2"/></con:call><con:call id="1eaf074b-0a0b-47c8-be6c-bd9fd7829abf" name="03 - Test - External - 40.CloseCard_in_SENT - Request" outgoingWss="Outflow TEST" incomingWss="Inflow TEST"><con:settings><con:setting id="com.eviware.soapui.impl.wsdl.WsdlRequest@request-headers">&lt;xml-fragment/></con:setting></con:settings><con:encoding>UTF-8</con:encoding><con:endpoint>https://192.168.24.17:8443/services/EuropeanDisabilityCardService_v1.0</con:endpoint><con:request><![CDATA[<soapenv:Envelope xmlns:soapenv="http://schemas.xmlsoap.org/soap/envelope/" xmlns:v1="http://fidus.brussels/service/europeandisabilitycardservice/messages/v1" xmlns:v11="http://fidus.brussels/type/common/messages/v1">
   <soapenv:Header/>
   <soapenv:Body>
      <v1:stopOrCancelCardRequest>
         <v1:messageContext>
            <v11:messageId>${=import static java.util.UUID.randomUUID; uuid = randomUUID() as String}</v11:messageId>
            <!--Optional:-->
            <v11:timestamp>${=new java.text.SimpleDateFormat("yyyy-MM-dd'T'HH:mm:ss.SSS").format(new Date())}</v11:timestamp>
         </v1:messageContext>
         <v1:legalContext>ServiceIntegrator</v1:legalContext>
         <v1:request>            
            <v1:cardNumber>10000012981</v1:cardNumber>
            <v1:emittingPartner>0457419435</v1:emittingPartner>
         </v1:request>
      </v1:stopOrCancelCardRequest>
   </soapenv:Body>
</soapenv:Envelope>]]></con:request><con:credentials><con:selectedAuthProfile>Basic</con:selectedAuthProfile><con:addedBasicAuthenticationTypes>Basic</con:addedBasicAuthenticationTypes><con:authType>Global HTTP Settings</con:authType></con:credentials><con:jmsConfig JMSDeliveryMode="PERSISTENT"/><con:jmsPropertyConfig/><con:wsaConfig mustUnderstand="NONE" version="200508" action="http://fidus.brussels/services/europeandisabilitycardservice/stopOrCancelCard"/><con:wsrmConfig version="1.2"/></con:call><con:call id="ec3df565-421d-460c-aa4e-8506b737d3e3" name="03 - Test - External - 41.CloseCard_OtherEmittingPartner - Request" outgoingWss="Outflow TEST" incomingWss="Inflow TEST"><con:settings><con:setting id="com.eviware.soapui.impl.wsdl.WsdlRequest@request-headers">&lt;xml-fragment/></con:setting></con:settings><con:encoding>UTF-8</con:encoding><con:endpoint>https://192.168.24.17:8443/services/EuropeanDisabilityCardService_v1.0</con:endpoint><con:request><![CDATA[<soapenv:Envelope xmlns:soapenv="http://schemas.xmlsoap.org/soap/envelope/" xmlns:v1="http://fidus.brussels/service/europeandisabilitycardservice/messages/v1" xmlns:v11="http://fidus.brussels/type/common/messages/v1">
   <soapenv:Header/>
   <soapenv:Body>
      <v1:stopOrCancelCardRequest>
         <v1:messageContext>
            <v11:messageId>${=import static java.util.UUID.randomUUID; uuid = randomUUID() as String}</v11:messageId>
            <!--Optional:-->
            <v11:timestamp>${=new java.text.SimpleDateFormat("yyyy-MM-dd'T'HH:mm:ss.SSS").format(new Date())}</v11:timestamp>
         </v1:messageContext>
         <v1:legalContext>ServiceIntegrator</v1:legalContext>
         <v1:request>            
            <v1:cardNumber>10000012090</v1:cardNumber>
            <v1:emittingPartner>0457419435</v1:emittingPartner>
         </v1:request>
      </v1:stopOrCancelCardRequest>
   </soapenv:Body>
</soapenv:Envelope>]]></con:request><con:credentials><con:selectedAuthProfile>Basic</con:selectedAuthProfile><con:addedBasicAuthenticationTypes>Basic</con:addedBasicAuthenticationTypes><con:authType>Global HTTP Settings</con:authType></con:credentials><con:jmsConfig JMSDeliveryMode="PERSISTENT"/><con:jmsPropertyConfig/><con:wsaConfig mustUnderstand="NONE" version="200508" action="http://fidus.brussels/services/europeandisabilitycardservice/stopOrCancelCard"/><con:wsrmConfig version="1.2"/></con:call><con:call id="ebd500fa-bb64-40b4-91b8-2ee9e7210d5b" name="03 - Test - External - 42.CloseCard_Invalid_CardNumber - Request" outgoingWss="Outflow TEST" incomingWss="Inflow TEST"><con:settings><con:setting id="com.eviware.soapui.impl.wsdl.WsdlRequest@request-headers">&lt;xml-fragment/></con:setting></con:settings><con:encoding>UTF-8</con:encoding><con:endpoint>https://192.168.24.17:8443/services/EuropeanDisabilityCardService_v1.0</con:endpoint><con:request><![CDATA[<soapenv:Envelope xmlns:soapenv="http://schemas.xmlsoap.org/soap/envelope/" xmlns:v1="http://fidus.brussels/service/europeandisabilitycardservice/messages/v1" xmlns:v11="http://fidus.brussels/type/common/messages/v1">
   <soapenv:Header/>
   <soapenv:Body>
      <v1:stopOrCancelCardRequest>
         <v1:messageContext>
            <v11:messageId>${=import static java.util.UUID.randomUUID; uuid = randomUUID() as String}</v11:messageId>
            <!--Optional:-->
            <v11:timestamp>${=new java.text.SimpleDateFormat("yyyy-MM-dd'T'HH:mm:ss.SSS").format(new Date())}</v11:timestamp>
         </v1:messageContext>
         <v1:legalContext>ServiceIntegrator</v1:legalContext>
         <v1:request>            
            <v1:cardNumber>13081340449</v1:cardNumber>
            <v1:emittingPartner>0457419435</v1:emittingPartner>
         </v1:request>
      </v1:stopOrCancelCardRequest>
   </soapenv:Body>
</soapenv:Envelope>]]></con:request><con:credentials><con:selectedAuthProfile>Basic</con:selectedAuthProfile><con:addedBasicAuthenticationTypes>Basic</con:addedBasicAuthenticationTypes><con:authType>Global HTTP Settings</con:authType></con:credentials><con:jmsConfig JMSDeliveryMode="PERSISTENT"/><con:jmsPropertyConfig/><con:wsaConfig mustUnderstand="NONE" version="200508" action="http://fidus.brussels/services/europeandisabilitycardservice/stopOrCancelCard"/><con:wsrmConfig version="1.2"/></con:call><con:call id="51d8af9b-6240-4eab-8cdb-75491af2e753" name="04 - Staging - External - Request" outgoingWss="Outflow STAGING" incomingWss="Inflow STAGING"><con:settings><con:setting id="com.eviware.soapui.impl.wsdl.WsdlRequest@request-headers">&lt;xml-fragment/></con:setting></con:settings><con:encoding>UTF-8</con:encoding><con:endpoint>https://fidus.sec.brussels/services/EuropeanDisabilityCardService_v1.0</con:endpoint><con:request><![CDATA[<soapenv:Envelope xmlns:soapenv="http://schemas.xmlsoap.org/soap/envelope/" xmlns:v1="http://fidus.brussels/service/europeandisabilitycardservice/messages/v1" xmlns:v11="http://fidus.brussels/type/common/messages/v1">
   <soapenv:Header/>
   <soapenv:Body>
      <v1:stopOrCancelCardRequest>
         <v1:messageContext>
            <v11:messageId>${=import static java.util.UUID.randomUUID; uuid = randomUUID() as String}</v11:messageId>
            <!--Optional:-->
            <v11:timestamp>${=new java.text.SimpleDateFormat("yyyy-MM-dd'T'HH:mm:ss.SSS").format(new Date())}</v11:timestamp>
         </v1:messageContext>
         <v1:legalContext>ServiceIntegrator</v1:legalContext>
         <v1:request>            
            <v1:cardNumber>20000009732</v1:cardNumber>
            <v1:emittingPartner>0457419435</v1:emittingPartner>
         </v1:request>
      </v1:stopOrCancelCardRequest>
   </soapenv:Body>
</soapenv:Envelope>]]></con:request><con:credentials><con:selectedAuthProfile>Basic</con:selectedAuthProfile><con:addedBasicAuthenticationTypes>Basic</con:addedBasicAuthenticationTypes><con:authType>Global HTTP Settings</con:authType></con:credentials><con:jmsConfig JMSDeliveryMode="PERSISTENT"/><con:jmsPropertyConfig/><con:wsaConfig mustUnderstand="NONE" version="200508" action="http://fidus.brussels/services/europeandisabilitycardservice/stopOrCancelCard"/><con:wsrmConfig version="1.2"/></con:call><con:call id="15dca2e8-ac19-4035-8d0b-6d15efecee5e" name="04 - Staging - LB - Request" outgoingWss="Outflow STAGING" incomingWss="Inflow STAGING"><con:settings><con:setting id="com.eviware.soapui.impl.wsdl.WsdlRequest@request-headers">&lt;xml-fragment/></con:setting></con:settings><con:encoding>UTF-8</con:encoding><con:endpoint>https://fidus-esb-sg.prd.srv.cirb.lan:8443/services/EuropeanDisabilityCardService_v1.0</con:endpoint><con:request><![CDATA[<soapenv:Envelope xmlns:soapenv="http://schemas.xmlsoap.org/soap/envelope/" xmlns:v1="http://fidus.brussels/service/europeandisabilitycardservice/messages/v1" xmlns:v11="http://fidus.brussels/type/common/messages/v1">
   <soapenv:Header/>
   <soapenv:Body>
      <v1:stopOrCancelCardRequest>
         <v1:messageContext>
            <v11:messageId>${=import static java.util.UUID.randomUUID; uuid = randomUUID() as String}</v11:messageId>
            <!--Optional:-->
            <v11:timestamp>${=new java.text.SimpleDateFormat("yyyy-MM-dd'T'HH:mm:ss.SSS").format(new Date())}</v11:timestamp>
         </v1:messageContext>
         <v1:legalContext>ServiceIntegrator</v1:legalContext>
         <v1:request>            
            <v1:cardNumber>20000009534</v1:cardNumber>
            <v1:emittingPartner>0457419435</v1:emittingPartner>
         </v1:request>
      </v1:stopOrCancelCardRequest>
   </soapenv:Body>
</soapenv:Envelope>]]></con:request><con:credentials><con:selectedAuthProfile>Basic</con:selectedAuthProfile><con:addedBasicAuthenticationTypes>Basic</con:addedBasicAuthenticationTypes><con:authType>Global HTTP Settings</con:authType></con:credentials><con:jmsConfig JMSDeliveryMode="PERSISTENT"/><con:jmsPropertyConfig/><con:wsaConfig mustUnderstand="NONE" version="200508" action="http://fidus.brussels/services/europeandisabilitycardservice/stopOrCancelCard"/><con:wsrmConfig version="1.2"/></con:call><con:call id="fab4aecf-9076-4306-aab7-f6c426422704" name="04 - Staging - Worker1 - Request" outgoingWss="Outflow STAGING" incomingWss="Inflow STAGING"><con:settings><con:setting id="com.eviware.soapui.impl.wsdl.WsdlRequest@request-headers">&lt;xml-fragment/></con:setting></con:settings><con:encoding>UTF-8</con:encoding><con:endpoint>https://192.168.26.22:8443/services/EuropeanDisabilityCardService_v1.0</con:endpoint><con:request><![CDATA[<soapenv:Envelope xmlns:soapenv="http://schemas.xmlsoap.org/soap/envelope/" xmlns:v1="http://fidus.brussels/service/europeandisabilitycardservice/messages/v1" xmlns:v11="http://fidus.brussels/type/common/messages/v1">
   <soapenv:Header/>
   <soapenv:Body>
      <v1:stopOrCancelCardRequest>
         <v1:messageContext>
            <v11:messageId>${=import static java.util.UUID.randomUUID; uuid = randomUUID() as String}</v11:messageId>
            <!--Optional:-->
            <v11:timestamp>${=new java.text.SimpleDateFormat("yyyy-MM-dd'T'HH:mm:ss.SSS").format(new Date())}</v11:timestamp>
         </v1:messageContext>
         <v1:legalContext>ServiceIntegrator</v1:legalContext>
         <v1:request>            
            <v1:cardNumber>20000009633</v1:cardNumber>
            <v1:emittingPartner>0457419435</v1:emittingPartner>
         </v1:request>
      </v1:stopOrCancelCardRequest>
   </soapenv:Body>
</soapenv:Envelope>]]></con:request><con:credentials><con:selectedAuthProfile>Basic</con:selectedAuthProfile><con:addedBasicAuthenticationTypes>Basic</con:addedBasicAuthenticationTypes><con:authType>Global HTTP Settings</con:authType></con:credentials><con:jmsConfig JMSDeliveryMode="PERSISTENT"/><con:jmsPropertyConfig/><con:wsaConfig mustUnderstand="NONE" version="200508" action="http://fidus.brussels/services/europeandisabilitycardservice/stopOrCancelCard"/><con:wsrmConfig version="1.2"/></con:call><con:call id="2692289a-3248-422d-8d3d-3ae4070f14ce" name="04 - Staging - Worker2 - Request" outgoingWss="Outflow STAGING" incomingWss="Inflow STAGING"><con:settings><con:setting id="com.eviware.soapui.impl.wsdl.WsdlRequest@request-headers">&lt;xml-fragment/></con:setting></con:settings><con:encoding>UTF-8</con:encoding><con:endpoint>https://192.168.24.17:8443/services/EuropeanDisabilityCardService_v1.0</con:endpoint><con:request><![CDATA[<soapenv:Envelope xmlns:soapenv="http://schemas.xmlsoap.org/soap/envelope/" xmlns:v1="http://fidus.brussels/service/europeandisabilitycardservice/messages/v1" xmlns:v11="http://fidus.brussels/type/common/messages/v1">
   <soapenv:Header/>
   <soapenv:Body>
      <v1:stopOrCancelCardRequest>
         <v1:messageContext>
            <v11:messageId>${=import static java.util.UUID.randomUUID; uuid = randomUUID() as String}</v11:messageId>
            <!--Optional:-->
            <v11:timestamp>${=new java.text.SimpleDateFormat("yyyy-MM-dd'T'HH:mm:ss.SSS").format(new Date())}</v11:timestamp>
         </v1:messageContext>
         <v1:legalContext>ServiceIntegrator</v1:legalContext>
         <v1:request>            
            <v1:cardNumber>20000009435</v1:cardNumber>
            <v1:emittingPartner>0457419435</v1:emittingPartner>
         </v1:request>
      </v1:stopOrCancelCardRequest>
   </soapenv:Body>
</soapenv:Envelope>]]></con:request><con:credentials><con:selectedAuthProfile>Basic</con:selectedAuthProfile><con:addedBasicAuthenticationTypes>Basic</con:addedBasicAuthenticationTypes><con:authType>Global HTTP Settings</con:authType></con:credentials><con:jmsConfig JMSDeliveryMode="PERSISTENT"/><con:jmsPropertyConfig/><con:wsaConfig mustUnderstand="NONE" version="200508" action="http://fidus.brussels/services/europeandisabilitycardservice/stopOrCancelCard"/><con:wsrmConfig version="1.2"/></con:call></con:operation></con:interface><con:testSuite id="3c3cf7bd-c79b-4aef-84e8-0dfbe5bceced" name="DEV"><con:settings/><con:runType>SEQUENTIAL</con:runType><con:testCase id="8725730b-ec04-4523-8983-32be8284afdc" failOnError="true" failTestCaseOnErrors="true" keepSession="false" maxResults="0" name="consultActiveCards" searchProperties="true"><con:settings/><con:testStep type="request" id="61adf651-0bcf-433c-86a7-d92c2f820aec" name="testcase02- DEV - Request"><con:settings/><con:config xsi:type="con:RequestStep" xmlns:xsi="http://www.w3.org/2001/XMLSchema-instance"><con:interface>EuropeanDisabilityCardServiceHTTPBinding</con:interface><con:operation>consultActiveCards</con:operation><con:request name="testcase02- DEV - Request" id="54d1c667-ef4f-41c9-8a46-f72b03bcbcce" outgoingWss="Outflow DEV"><con:settings/><con:encoding>UTF-8</con:encoding><con:endpoint>https://192.168.36.61:8243/services/EuropeanDisabilityCardService_v1.0</con:endpoint><con:request><![CDATA[<soapenv:Envelope xmlns:soapenv="http://schemas.xmlsoap.org/soap/envelope/" xmlns:v1="http://fidus.brussels/service/europeandisabilitycardservice/messages/v1" xmlns:v11="http://fidus.brussels/type/common/messages/v1">
   <soapenv:Header/>
   <soapenv:Body>
      <v1:consultActiveCardsRequest>         
         <v1:messageContext>
            <v11:messageId>${=import static java.util.UUID.randomUUID; uuid = randomUUID() as String}</v11:messageId>
            <!--Optional:-->
            <v11:timestamp>${=new java.text.SimpleDateFormat("yyyy-MM-dd'T'HH:mm:ss.SSS").format(new Date())}</v11:timestamp>
         </v1:messageContext>
         <v1:legalContext>ServiceIntegrator</v1:legalContext>
         <v1:request>
            <v1:ssin>84072002128</v1:ssin>
            <!--Optional:-->
            <v1:referenceDate>2017-05-01</v1:referenceDate>
         </v1:request>
      </v1:consultActiveCardsRequest>
   </soapenv:Body>
</soapenv:Envelope>]]></con:request><con:assertion type="SOAP Fault Assertion" id="81c1e266-86f1-4ef8-a594-5dfccd06dbb1" name="Not SOAP Fault"/><con:assertion type="SOAP Response" id="9849981a-c9be-4425-b0be-1046885dc871" name="SOAP Response"/><con:assertion type="Schema Compliance" id="c1c2e547-3cd3-400d-8c47-58f5532a44f2" name="Schema Compliance"><con:configuration/></con:assertion><con:wsaConfig action="http://fidus.brussels/services/europeandisabilitycardservice/consultActiveCards"/></con:request></con:config></con:testStep><con:properties/></con:testCase><con:testCase id="b77c74ad-1a6a-4db2-a180-1ca321330ae1" failOnError="true" failTestCaseOnErrors="true" keepSession="false" maxResults="0" name="consultAllCards" searchProperties="true"><con:settings/><con:testStep type="request" id="be15b65d-924b-43b0-a1f6-f298deb359a5" name="testcase02 - DEV - Request"><con:settings/><con:config xsi:type="con:RequestStep" xmlns:xsi="http://www.w3.org/2001/XMLSchema-instance"><con:interface>EuropeanDisabilityCardServiceHTTPBinding</con:interface><con:operation>consultAllCards</con:operation><con:request name="testcase02 - DEV - Request" id="65ec58fc-28e0-46fc-8851-42fc31e0105c" outgoingWss="Outflow DEV"><con:settings/><con:encoding>UTF-8</con:encoding><con:endpoint>https://192.168.36.61:8243/services/EuropeanDisabilityCardService_v1.0</con:endpoint><con:request><![CDATA[<soapenv:Envelope xmlns:soapenv="http://schemas.xmlsoap.org/soap/envelope/" xmlns:v1="http://fidus.brussels/service/europeandisabilitycardservice/messages/v1" xmlns:v11="http://fidus.brussels/type/common/messages/v1">
   <soapenv:Header/>
   <soapenv:Body>
      <v1:consultAllCardsRequest>
         <v1:messageContext>
            <v11:messageId>${=import static java.util.UUID.randomUUID; uuid = randomUUID() as String}</v11:messageId>
            <!--Optional:-->
            <v11:timestamp>${=new java.text.SimpleDateFormat("yyyy-MM-dd'T'HH:mm:ss.SSS").format(new Date())}</v11:timestamp>
         </v1:messageContext>
         <v1:legalContext>ServiceIntegrator</v1:legalContext>
         <v1:request>
            <v1:ssin>84072002128</v1:ssin>
         </v1:request>
      </v1:consultAllCardsRequest>
   </soapenv:Body>
</soapenv:Envelope>]]></con:request><con:assertion type="SOAP Fault Assertion" id="83ff48f2-b5ed-420f-87b7-f3184393bbaf" name="Not SOAP Fault"/><con:assertion type="SOAP Response" id="085ce676-b291-4b02-bd13-054b7e453e6f" name="SOAP Response"/><con:assertion type="Schema Compliance" id="0dd3f660-937b-482b-93e9-e06f01be5d83" name="Schema Compliance"><con:configuration/></con:assertion><con:wsaConfig action="http://fidus.brussels/services/europeandisabilitycardservice/consultAllCards"/></con:request></con:config></con:testStep><con:properties/></con:testCase><con:testCase id="47effd08-8157-463b-9f6a-49cb213b6ebe" failOnError="true" failTestCaseOnErrors="true" keepSession="false" maxResults="0" name="createCard" searchProperties="true"><con:settings/><con:testStep type="request" id="3a5f1b16-41d6-40dd-895f-e41abb13904e" name="testcase02 - DEV - Request"><con:settings/><con:config xsi:type="con:RequestStep" xmlns:xsi="http://www.w3.org/2001/XMLSchema-instance"><con:interface>EuropeanDisabilityCardServiceHTTPBinding</con:interface><con:operation>createCard</con:operation><con:request name="testcase02 - DEV - Request" id="f85fd77d-8d10-4e97-8ccc-2585e17e648a" outgoingWss="Outflow DEV"><con:settings/><con:encoding>UTF-8</con:encoding><con:endpoint>https://192.168.36.61:8243/services/EuropeanDisabilityCardService_v1.0</con:endpoint><con:request><![CDATA[<soapenv:Envelope xmlns:soapenv="http://schemas.xmlsoap.org/soap/envelope/" xmlns:v1="http://fidus.brussels/service/europeandisabilitycardservice/messages/v1" xmlns:v11="http://fidus.brussels/type/common/messages/v1">
   <soapenv:Header/>
   <soapenv:Body>
      <v1:createCardRequest>
         <v1:messageContext>
            <v11:messageId>${=import static java.util.UUID.randomUUID; uuid = randomUUID() as String}</v11:messageId>
            <!--Optional:-->
            <v11:timestamp>${=new java.text.SimpleDateFormat("yyyy-MM-dd'T'HH:mm:ss.SSS").format(new Date())}</v11:timestamp>
         </v1:messageContext>
         <v1:legalContext>ServiceIntegrator</v1:legalContext>
         <v1:request>
            <v1:ssin>84072002128</v1:ssin>
            <v1:emittingPartner>0646877855</v1:emittingPartner>
            <v1:language>NL</v1:language>
            <v1:forceCreation>true</v1:forceCreation>
         </v1:request>
      </v1:createCardRequest>
   </soapenv:Body>
</soapenv:Envelope>]]></con:request><con:assertion type="SOAP Fault Assertion" id="54c055ef-7c22-4fb1-914c-3068eba1f997" name="Not SOAP Fault"/><con:assertion type="SOAP Response" id="2e407d1a-fe44-4c32-82a0-0eb442d73478" name="SOAP Response"/><con:assertion type="Schema Compliance" id="f91bdbd4-f5a7-4787-8bd2-0adcdf5ff586" name="Schema Compliance"><con:configuration/></con:assertion><con:wsaConfig action="http://fidus.brussels/services/europeandisabilitycardservice/createCard"/></con:request></con:config></con:testStep><con:properties/></con:testCase><con:testCase id="1054bb7a-485d-425c-95ee-3150ebaa967c" failOnError="true" failTestCaseOnErrors="true" keepSession="false" maxResults="0" name="stopOrCancelCard" searchProperties="true"><con:settings/><con:testStep type="request" id="257f76fa-8c8c-4ad2-85db-5e72d39e1517" name="testcase02 - DEV - Request"><con:settings/><con:config xsi:type="con:RequestStep" xmlns:xsi="http://www.w3.org/2001/XMLSchema-instance"><con:interface>EuropeanDisabilityCardServiceHTTPBinding</con:interface><con:operation>stopOrCancelCard</con:operation><con:request name="testcase02 - DEV - Request" id="4526e693-1123-4d00-8370-6b423162421e" outgoingWss="Outflow DEV"><con:settings/><con:encoding>UTF-8</con:encoding><con:endpoint>https://192.168.36.61:8243/services/EuropeanDisabilityCardService_v1.0</con:endpoint><con:request><![CDATA[<soapenv:Envelope xmlns:soapenv="http://schemas.xmlsoap.org/soap/envelope/" xmlns:v1="http://fidus.brussels/service/europeandisabilitycardservice/messages/v1" xmlns:v11="http://fidus.brussels/type/common/messages/v1">
   <soapenv:Header/>
   <soapenv:Body>
      <v1:stopOrCancelCardRequest>
         <v1:messageContext>
            <v11:messageId>${=import static java.util.UUID.randomUUID; uuid = randomUUID() as String}</v11:messageId>
            <!--Optional:-->
            <v11:timestamp>${=new java.text.SimpleDateFormat("yyyy-MM-dd'T'HH:mm:ss.SSS").format(new Date())}</v11:timestamp>
         </v1:messageContext>
         <v1:legalContext>ServiceIntegrator</v1:legalContext>
         <v1:request>            
            <v1:cardNumber>10000000115</v1:cardNumber>
            <v1:emittingPartner>0646877855</v1:emittingPartner>
         </v1:request>
      </v1:stopOrCancelCardRequest>
   </soapenv:Body>
</soapenv:Envelope>]]></con:request><con:assertion type="SOAP Fault Assertion" id="a409c587-e256-4617-b1a6-85471edb6da8" name="Not SOAP Fault"/><con:assertion type="SOAP Response" id="67a3bf3d-7916-45da-9f0f-e648342d4f0c" name="SOAP Response"/><con:assertion type="Schema Compliance" id="63e14df8-f23b-4c1f-8ff4-ba5fa44703c1" name="Schema Compliance"><con:configuration/></con:assertion><con:wsaConfig action="http://fidus.brussels/services/europeandisabilitycardservice/stopOrCancelCard"/></con:request></con:config></con:testStep><con:properties/></con:testCase><con:properties/></con:testSuite><con:testSuite id="e545b24b-1f51-46bf-b869-9e7c6d836bee" name="TEST"><con:settings/><con:runType>SEQUENTIAL</con:runType><con:testCase id="a7d14b6f-db63-4f64-987d-ab6dc6fe300a" failOnError="true" failTestCaseOnErrors="true" keepSession="false" maxResults="0" name="consultActiveCards" searchProperties="true"><con:settings/><con:testStep type="request" id="95d19611-1836-4201-9bc8-5524a7dada86" name="testcase03- Test - External - Request"><con:settings/><con:config xsi:type="con:RequestStep" xmlns:xsi="http://www.w3.org/2001/XMLSchema-instance"><con:interface>EuropeanDisabilityCardServiceHTTPBinding</con:interface><con:operation>consultActiveCards</con:operation><con:request name="testcase03- Test - External - Request" id="3dcd97a6-a0b8-47a6-b3d6-a4153f17f782" outgoingWss="Outflow TEST"><con:settings/><con:encoding>UTF-8</con:encoding><con:endpoint>https://fidus-test.irisnetlab.be/services/EuropeanDisabilityCardService_v1.0</con:endpoint><con:request><![CDATA[<soapenv:Envelope xmlns:soapenv="http://schemas.xmlsoap.org/soap/envelope/" xmlns:v1="http://fidus.brussels/service/europeandisabilitycardservice/messages/v1" xmlns:v11="http://fidus.brussels/type/common/messages/v1">
   <soapenv:Header/>
   <soapenv:Body>
      <v1:consultActiveCardsRequest>         
         <v1:messageContext>
            <v11:messageId>${=import static java.util.UUID.randomUUID; uuid = randomUUID() as String}</v11:messageId>
            <!--Optional:-->
            <v11:timestamp>${=new java.text.SimpleDateFormat("yyyy-MM-dd'T'HH:mm:ss.SSS").format(new Date())}</v11:timestamp>
         </v1:messageContext>
         <v1:legalContext>ServiceIntegrator</v1:legalContext>
         <v1:request>
            <v1:ssin>84072002128</v1:ssin>
            <!--Optional:-->
            <v1:referenceDate>2017-05-01</v1:referenceDate>
         </v1:request>
      </v1:consultActiveCardsRequest>
   </soapenv:Body>
</soapenv:Envelope>]]></con:request><con:assertion type="SOAP Fault Assertion" id="fdb24186-e66f-4f31-9480-b4f49ba50299" name="Not SOAP Fault"/><con:assertion type="SOAP Response" id="11ec4055-e87c-4bac-9ceb-1474cb083027" name="SOAP Response"/><con:assertion type="Schema Compliance" id="cda0212e-2880-41b7-b755-aa7ed9d905bf" name="Schema Compliance"><con:configuration/></con:assertion><con:wsaConfig action="http://fidus.brussels/services/europeandisabilitycardservice/consultActiveCards"/></con:request></con:config></con:testStep><con:testStep type="request" id="49705955-3f1a-4ee7-874a-0313bbc57b60" name="testcase03- Test - LB - Request"><con:settings/><con:config xsi:type="con:RequestStep" xmlns:xsi="http://www.w3.org/2001/XMLSchema-instance"><con:interface>EuropeanDisabilityCardServiceHTTPBinding</con:interface><con:operation>consultActiveCards</con:operation><con:request name="testcase03- Test - LB - Request" id="d8c02383-0163-4952-aea4-a33eaf629d16" outgoingWss="Outflow TEST"><con:settings/><con:encoding>UTF-8</con:encoding><con:endpoint>https://esb-security-gw.sta.srv.cirb.lan:8443/services/EuropeanDisabilityCardService_v1.0</con:endpoint><con:request><![CDATA[<soapenv:Envelope xmlns:soapenv="http://schemas.xmlsoap.org/soap/envelope/" xmlns:v1="http://fidus.brussels/service/europeandisabilitycardservice/messages/v1" xmlns:v11="http://fidus.brussels/type/common/messages/v1">
   <soapenv:Header/>
   <soapenv:Body>
      <v1:consultActiveCardsRequest>         
         <v1:messageContext>
            <v11:messageId>${=import static java.util.UUID.randomUUID; uuid = randomUUID() as String}</v11:messageId>
            <!--Optional:-->
            <v11:timestamp>${=new java.text.SimpleDateFormat("yyyy-MM-dd'T'HH:mm:ss.SSS").format(new Date())}</v11:timestamp>
         </v1:messageContext>
         <v1:legalContext>ServiceIntegrator</v1:legalContext>
         <v1:request>
            <v1:ssin>84072002128</v1:ssin>
            <!--Optional:-->
            <v1:referenceDate>2017-05-01</v1:referenceDate>
         </v1:request>
      </v1:consultActiveCardsRequest>
   </soapenv:Body>
</soapenv:Envelope>]]></con:request><con:assertion type="SOAP Fault Assertion" id="1bb55104-56e2-4ad7-807a-738fa0d535ac" name="Not SOAP Fault"/><con:assertion type="SOAP Response" id="d66f73a0-383a-4f9b-b48e-281615916463" name="SOAP Response"/><con:assertion type="Schema Compliance" id="dbb1e476-5a33-4631-9801-444167a9bdde" name="Schema Compliance"><con:configuration/></con:assertion><con:wsaConfig action="http://fidus.brussels/services/europeandisabilitycardservice/consultActiveCards"/></con:request></con:config></con:testStep><con:testStep type="request" id="a7faff28-51d7-41e6-9231-0695f53f6038" name="testcase03- Test - Worker1 - Request"><con:settings/><con:config xsi:type="con:RequestStep" xmlns:xsi="http://www.w3.org/2001/XMLSchema-instance"><con:interface>EuropeanDisabilityCardServiceHTTPBinding</con:interface><con:operation>consultActiveCards</con:operation><con:request name="testcase03- Test - Worker1 - Request" id="d1419fbc-cbf2-4feb-843a-e0221f1e09e6" outgoingWss="Outflow TEST"><con:settings/><con:encoding>UTF-8</con:encoding><con:endpoint>https://192.168.24.45:8443/services/EuropeanDisabilityCardService_v1.0</con:endpoint><con:request><![CDATA[<soapenv:Envelope xmlns:soapenv="http://schemas.xmlsoap.org/soap/envelope/" xmlns:v1="http://fidus.brussels/service/europeandisabilitycardservice/messages/v1" xmlns:v11="http://fidus.brussels/type/common/messages/v1">
   <soapenv:Header/>
   <soapenv:Body>
      <v1:consultActiveCardsRequest>         
         <v1:messageContext>
            <v11:messageId>${=import static java.util.UUID.randomUUID; uuid = randomUUID() as String}</v11:messageId>
            <!--Optional:-->
            <v11:timestamp>${=new java.text.SimpleDateFormat("yyyy-MM-dd'T'HH:mm:ss.SSS").format(new Date())}</v11:timestamp>
         </v1:messageContext>
         <v1:legalContext>ServiceIntegrator</v1:legalContext>
         <v1:request>
            <v1:ssin>13081340449</v1:ssin>
            <!--<v1:referenceDate>2017-08-09</v1:referenceDate>-->
         </v1:request>
      </v1:consultActiveCardsRequest>
   </soapenv:Body>
</soapenv:Envelope>]]></con:request><con:assertion type="SOAP Fault Assertion" id="70d7fbe7-312d-4105-8f60-a90a6bb68f0b" name="Not SOAP Fault"/><con:assertion type="SOAP Response" id="05bf65d9-7c27-4c99-a6ba-485e2da28f19" name="SOAP Response"/><con:assertion type="Schema Compliance" id="80e055ae-e154-4b5a-8932-99db691f8361" name="Schema Compliance"><con:configuration/></con:assertion><con:wsaConfig action="http://fidus.brussels/services/europeandisabilitycardservice/consultActiveCards"/></con:request></con:config></con:testStep><con:testStep type="request" id="9c46a934-23fd-437d-b7f7-669ae5d28b02" name="testcase03- Test - Worker2 - Request"><con:settings/><con:config xsi:type="con:RequestStep" xmlns:xsi="http://www.w3.org/2001/XMLSchema-instance"><con:interface>EuropeanDisabilityCardServiceHTTPBinding</con:interface><con:operation>consultActiveCards</con:operation><con:request name="testcase03- Test - Worker2 - Request" id="b5c1d373-c6fe-40b0-a2f6-5e94deaba4cf" outgoingWss="Outflow TEST"><con:settings/><con:encoding>UTF-8</con:encoding><con:endpoint>https://192.168.24.51:8443/services/EuropeanDisabilityCardService_v1.0</con:endpoint><con:request><![CDATA[<soapenv:Envelope xmlns:soapenv="http://schemas.xmlsoap.org/soap/envelope/" xmlns:v1="http://fidus.brussels/service/europeandisabilitycardservice/messages/v1" xmlns:v11="http://fidus.brussels/type/common/messages/v1">
   <soapenv:Header/>
   <soapenv:Body>
      <v1:consultActiveCardsRequest>         
         <v1:messageContext>
            <v11:messageId>${=import static java.util.UUID.randomUUID; uuid = randomUUID() as String}</v11:messageId>
            <!--Optional:-->
            <v11:timestamp>${=new java.text.SimpleDateFormat("yyyy-MM-dd'T'HH:mm:ss.SSS").format(new Date())}</v11:timestamp>
         </v1:messageContext>
         <v1:legalContext>ServiceIntegrator</v1:legalContext>
         <v1:request>
            <v1:ssin>84072002128</v1:ssin>
            <!--Optional:-->
            <v1:referenceDate>2017-05-01</v1:referenceDate>
         </v1:request>
      </v1:consultActiveCardsRequest>
   </soapenv:Body>
</soapenv:Envelope>]]></con:request><con:assertion type="SOAP Fault Assertion" id="85334f6b-5b3a-46ed-9429-3ef3074faeb6" name="Not SOAP Fault"/><con:assertion type="SOAP Response" id="f37e824c-0f26-4517-a157-707cbd662ba9" name="SOAP Response"/><con:assertion type="Schema Compliance" id="78c95f4c-df42-4f10-822c-cef65cfc81c4" name="Schema Compliance"><con:configuration/></con:assertion><con:wsaConfig action="http://fidus.brussels/services/europeandisabilitycardservice/consultActiveCards"/></con:request></con:config></con:testStep><con:testStep type="request" id="0380f3c8-4e60-494d-806f-915a04a38181" name="testcase03- Test - External - ActiveCard@RefDate - Request"><con:settings/><con:config xsi:type="con:RequestStep" xmlns:xsi="http://www.w3.org/2001/XMLSchema-instance"><con:interface>EuropeanDisabilityCardServiceHTTPBinding</con:interface><con:operation>consultActiveCards</con:operation><con:request name="testcase03- Test - External - ActiveCard@RefDate - Request" id="e98b3c0d-e38d-4351-8e1c-cb372a81ac84" outgoingWss="Outflow TEST"><con:settings/><con:encoding>UTF-8</con:encoding><con:endpoint>https://fidus-test.irisnetlab.be/services/EuropeanDisabilityCardService_v1.0</con:endpoint><con:request><![CDATA[<soapenv:Envelope xmlns:soapenv="http://schemas.xmlsoap.org/soap/envelope/" xmlns:v1="http://fidus.brussels/service/europeandisabilitycardservice/messages/v1" xmlns:v11="http://fidus.brussels/type/common/messages/v1">
   <soapenv:Header/>
   <soapenv:Body>
      <v1:consultActiveCardsRequest>         
         <v1:messageContext>
            <v11:messageId>${=import static java.util.UUID.randomUUID; uuid = randomUUID() as String}</v11:messageId>
            <!--Optional:-->
            <v11:timestamp>${=new java.text.SimpleDateFormat("yyyy-MM-dd'T'HH:mm:ss.SSS").format(new Date())}</v11:timestamp>
         </v1:messageContext>
         <v1:legalContext>ServiceIntegrator</v1:legalContext>
         <v1:request>
            <v1:ssin>81040964736</v1:ssin>
            <!--Optional:-->
            <v1:referenceDate>2017-08-09</v1:referenceDate>
         </v1:request>
      </v1:consultActiveCardsRequest>
   </soapenv:Body>
</soapenv:Envelope>]]></con:request><con:assertion type="SOAP Fault Assertion" id="b2059300-9923-4c84-bed0-9fb851cea169" name="Not SOAP Fault"/><con:assertion type="SOAP Response" id="088adef3-23b5-487c-bba8-9e6f194b6b7f" name="SOAP Response"/><con:assertion type="Schema Compliance" id="4140255f-3feb-4fff-a1aa-dc0e9ed2389d" name="Schema Compliance"><con:configuration/></con:assertion><con:wsaConfig action="http://fidus.brussels/services/europeandisabilitycardservice/consultActiveCards"/></con:request></con:config></con:testStep><con:testStep type="request" id="c3917eda-cc7e-40c3-9f17-886a43dfedae" name="testcase03- Test - External - Card_NotActive@RefDate - Request"><con:settings/><con:config xsi:type="con:RequestStep" xmlns:xsi="http://www.w3.org/2001/XMLSchema-instance"><con:interface>EuropeanDisabilityCardServiceHTTPBinding</con:interface><con:operation>consultActiveCards</con:operation><con:request name="testcase03- Test - External - Card_NotActive@RefDate - Request" id="dcecf9ea-4591-4070-a301-50af79ef19bf" outgoingWss="Outflow TEST"><con:settings/><con:encoding>UTF-8</con:encoding><con:endpoint>https://fidus-test.irisnetlab.be/services/EuropeanDisabilityCardService_v1.0</con:endpoint><con:request><![CDATA[<soapenv:Envelope xmlns:soapenv="http://schemas.xmlsoap.org/soap/envelope/" xmlns:v1="http://fidus.brussels/service/europeandisabilitycardservice/messages/v1" xmlns:v11="http://fidus.brussels/type/common/messages/v1">
   <soapenv:Header/>
   <soapenv:Body>
      <v1:consultActiveCardsRequest>         
         <v1:messageContext>
            <v11:messageId>${=import static java.util.UUID.randomUUID; uuid = randomUUID() as String}</v11:messageId>
            <!--Optional:-->
            <v11:timestamp>${=new java.text.SimpleDateFormat("yyyy-MM-dd'T'HH:mm:ss.SSS").format(new Date())}</v11:timestamp>
         </v1:messageContext>
         <v1:legalContext>ServiceIntegrator</v1:legalContext>
         <v1:request>
            <v1:ssin>81040964736</v1:ssin>
            <!--Optional:-->
            <v1:referenceDate>2017-08-01</v1:referenceDate>
         </v1:request>
      </v1:consultActiveCardsRequest>
   </soapenv:Body>
</soapenv:Envelope>]]></con:request><con:assertion type="SOAP Fault Assertion" id="ab50cca7-0af0-4584-b7ac-473d124c4963" name="Not SOAP Fault"/><con:assertion type="SOAP Response" id="5b64eb90-6e57-492e-9df7-e3aefb39ac52" name="SOAP Response"/><con:assertion type="Schema Compliance" id="4e584250-a95f-49d9-844a-6d4a2850f9cf" name="Schema Compliance"><con:configuration/></con:assertion><con:wsaConfig action="http://fidus.brussels/services/europeandisabilitycardservice/consultActiveCards"/></con:request></con:config></con:testStep><con:testStep type="request" id="7c915781-1e9e-4429-a643-5f5f925d20d7" name="testcase03- Test - External - CancelledSSIN_ActiveCard@RefDate - Request"><con:settings/><con:config xsi:type="con:RequestStep" xmlns:xsi="http://www.w3.org/2001/XMLSchema-instance"><con:interface>EuropeanDisabilityCardServiceHTTPBinding</con:interface><con:operation>consultActiveCards</con:operation><con:request name="testcase03- Test - External - CancelledSSIN_ActiveCard@RefDate - Request" id="50c0fdb0-0da1-440e-a0ee-30f6708624e9" outgoingWss="Outflow TEST"><con:settings/><con:encoding>UTF-8</con:encoding><con:endpoint>https://fidus-test.irisnetlab.be/services/EuropeanDisabilityCardService_v1.0</con:endpoint><con:request><![CDATA[<soapenv:Envelope xmlns:soapenv="http://schemas.xmlsoap.org/soap/envelope/" xmlns:v1="http://fidus.brussels/service/europeandisabilitycardservice/messages/v1" xmlns:v11="http://fidus.brussels/type/common/messages/v1">
   <soapenv:Header/>
   <soapenv:Body>
      <v1:consultActiveCardsRequest>         
         <v1:messageContext>
            <v11:messageId>${=import static java.util.UUID.randomUUID; uuid = randomUUID() as String}</v11:messageId>
            <!--Optional:-->
            <v11:timestamp>${=new java.text.SimpleDateFormat("yyyy-MM-dd'T'HH:mm:ss.SSS").format(new Date())}</v11:timestamp>
         </v1:messageContext>
         <v1:legalContext>ServiceIntegrator</v1:legalContext>
         <v1:request>
            <v1:ssin>89120121658</v1:ssin>
            <!--Optional:-->
            <v1:referenceDate>2017-08-09</v1:referenceDate>
         </v1:request>
      </v1:consultActiveCardsRequest>
   </soapenv:Body>
</soapenv:Envelope>]]></con:request><con:assertion type="SOAP Fault Assertion" id="3292c5e4-023f-429e-b95f-04567aa36f66" name="Not SOAP Fault"/><con:assertion type="SOAP Response" id="49a7e824-d0ad-4680-98e6-48ba8be18710" name="SOAP Response"/><con:assertion type="Schema Compliance" id="de32fd60-1071-44d8-a515-de2172a6ba0c" name="Schema Compliance"><con:configuration/></con:assertion><con:wsaConfig action="http://fidus.brussels/services/europeandisabilitycardservice/consultActiveCards"/></con:request></con:config></con:testStep><con:testStep type="request" id="31bb965c-b0ac-4157-97d6-47974798f5cd" name="testcase03- Test - External - CancelledSSIN_Card_NotActive - Request"><con:settings/><con:config xsi:type="con:RequestStep" xmlns:xsi="http://www.w3.org/2001/XMLSchema-instance"><con:interface>EuropeanDisabilityCardServiceHTTPBinding</con:interface><con:operation>consultActiveCards</con:operation><con:request name="testcase03- Test - External - CancelledSSIN_Card_NotActive - Request" id="ec318c3e-407c-4fcb-95c6-3cd89a674b9b" outgoingWss="Outflow TEST"><con:settings/><con:encoding>UTF-8</con:encoding><con:endpoint>https://fidus-test.irisnetlab.be/services/EuropeanDisabilityCardService_v1.0</con:endpoint><con:request><![CDATA[<soapenv:Envelope xmlns:soapenv="http://schemas.xmlsoap.org/soap/envelope/" xmlns:v1="http://fidus.brussels/service/europeandisabilitycardservice/messages/v1" xmlns:v11="http://fidus.brussels/type/common/messages/v1">
   <soapenv:Header/>
   <soapenv:Body>
      <v1:consultActiveCardsRequest>         
         <v1:messageContext>
            <v11:messageId>${=import static java.util.UUID.randomUUID; uuid = randomUUID() as String}</v11:messageId>
            <!--Optional:-->
            <v11:timestamp>${=new java.text.SimpleDateFormat("yyyy-MM-dd'T'HH:mm:ss.SSS").format(new Date())}</v11:timestamp>
         </v1:messageContext>
         <v1:legalContext>ServiceIntegrator</v1:legalContext>
         <v1:request>
            <v1:ssin>49010193967</v1:ssin>
            <!--Optional:-->
            <v1:referenceDate>2017-08-01</v1:referenceDate>
         </v1:request>
      </v1:consultActiveCardsRequest>
   </soapenv:Body>
</soapenv:Envelope>]]></con:request><con:assertion type="SOAP Fault Assertion" id="1c597fb6-697e-49b4-82a3-4a33995d6ac4" name="Not SOAP Fault"/><con:assertion type="SOAP Response" id="f21cd2e0-e03a-4cd0-9157-1f333ec0b468" name="SOAP Response"/><con:assertion type="Schema Compliance" id="31014007-c0b7-4e3a-9d79-122055c57eda" name="Schema Compliance"><con:configuration/></con:assertion><con:wsaConfig action="http://fidus.brussels/services/europeandisabilitycardservice/consultActiveCards"/></con:request></con:config></con:testStep><con:testStep type="request" id="d29e4d3f-133a-453b-8c8c-7ab86a48fbb5" name="testcase03- Test - External - SSIN_DeceasedPerson_Card_Active - Request"><con:settings/><con:config xsi:type="con:RequestStep" xmlns:xsi="http://www.w3.org/2001/XMLSchema-instance"><con:interface>EuropeanDisabilityCardServiceHTTPBinding</con:interface><con:operation>consultActiveCards</con:operation><con:request name="testcase03- Test - External - SSIN_DeceasedPerson_Card_Active - Request" id="179cc278-379e-42a9-8dac-8f937bef0f2f" outgoingWss="Outflow TEST"><con:settings/><con:encoding>UTF-8</con:encoding><con:endpoint>https://fidus-test.irisnetlab.be/services/EuropeanDisabilityCardService_v1.0</con:endpoint><con:request><![CDATA[<soapenv:Envelope xmlns:soapenv="http://schemas.xmlsoap.org/soap/envelope/" xmlns:v1="http://fidus.brussels/service/europeandisabilitycardservice/messages/v1" xmlns:v11="http://fidus.brussels/type/common/messages/v1">
   <soapenv:Header/>
   <soapenv:Body>
      <v1:consultActiveCardsRequest>         
         <v1:messageContext>
            <v11:messageId>${=import static java.util.UUID.randomUUID; uuid = randomUUID() as String}</v11:messageId>
            <!--Optional:-->
            <v11:timestamp>${=new java.text.SimpleDateFormat("yyyy-MM-dd'T'HH:mm:ss.SSS").format(new Date())}</v11:timestamp>
         </v1:messageContext>
         <v1:legalContext>ServiceIntegrator</v1:legalContext>
         <v1:request>
            <v1:ssin>21033027563</v1:ssin>
            <!--Optional:-->
            <v1:referenceDate>2017-08-09</v1:referenceDate>
         </v1:request>
      </v1:consultActiveCardsRequest>
   </soapenv:Body>
</soapenv:Envelope>]]></con:request><con:assertion type="SOAP Fault Assertion" id="1fca14a3-1653-49d0-b1a2-daf2668f1ae5" name="Not SOAP Fault"/><con:assertion type="SOAP Response" id="74860986-828f-4e19-861d-9985afb9b07d" name="SOAP Response"/><con:assertion type="Schema Compliance" id="bac44a41-60a7-4db2-93c0-60c4208355ae" name="Schema Compliance"><con:configuration/></con:assertion><con:wsaConfig action="http://fidus.brussels/services/europeandisabilitycardservice/consultActiveCards"/></con:request></con:config></con:testStep><con:testStep type="request" id="45a760c6-aa02-46e7-ad3c-d022058f81ba" name="testcase03- Test - External - SSIN_DeceasedPerson_NoCard_Active - Request"><con:settings/><con:config xsi:type="con:RequestStep" xmlns:xsi="http://www.w3.org/2001/XMLSchema-instance"><con:interface>EuropeanDisabilityCardServiceHTTPBinding</con:interface><con:operation>consultActiveCards</con:operation><con:request name="testcase03- Test - External - SSIN_DeceasedPerson_NoCard_Active - Request" id="8ee3b5a4-0443-4a7e-aef2-f7c4a4a85d4f" outgoingWss="Outflow TEST"><con:settings/><con:encoding>UTF-8</con:encoding><con:endpoint>https://fidus-test.irisnetlab.be/services/EuropeanDisabilityCardService_v1.0</con:endpoint><con:request><![CDATA[<soapenv:Envelope xmlns:soapenv="http://schemas.xmlsoap.org/soap/envelope/" xmlns:v1="http://fidus.brussels/service/europeandisabilitycardservice/messages/v1" xmlns:v11="http://fidus.brussels/type/common/messages/v1">
   <soapenv:Header/>
   <soapenv:Body>
      <v1:consultActiveCardsRequest>         
         <v1:messageContext>
            <v11:messageId>${=import static java.util.UUID.randomUUID; uuid = randomUUID() as String}</v11:messageId>
            <!--Optional:-->
            <v11:timestamp>${=new java.text.SimpleDateFormat("yyyy-MM-dd'T'HH:mm:ss.SSS").format(new Date())}</v11:timestamp>
         </v1:messageContext>
         <v1:legalContext>ServiceIntegrator</v1:legalContext>
         <v1:request>
            <v1:ssin>18100808031</v1:ssin>
            <!--Optional:-->
            <v1:referenceDate>2017-08-09</v1:referenceDate>
         </v1:request>
      </v1:consultActiveCardsRequest>
   </soapenv:Body>
</soapenv:Envelope>]]></con:request><con:assertion type="SOAP Fault Assertion" id="41ddfb56-8bed-48cc-a88e-e1682b47f04e" name="Not SOAP Fault"/><con:assertion type="SOAP Response" id="b582df12-dc77-4d30-a9e0-988a49d1f74a" name="SOAP Response"/><con:assertion type="Schema Compliance" id="a77cb26a-a281-4dad-914f-b54233ba773e" name="Schema Compliance"><con:configuration/></con:assertion><con:wsaConfig action="http://fidus.brussels/services/europeandisabilitycardservice/consultActiveCards"/></con:request></con:config></con:testStep><con:testStep type="request" id="9708db1e-fa28-4b0a-b7fe-3de836cb01c3" name="testcase03- Test - External - Card_Active@SysDate - Request"><con:settings/><con:config xsi:type="con:RequestStep" xmlns:xsi="http://www.w3.org/2001/XMLSchema-instance"><con:interface>EuropeanDisabilityCardServiceHTTPBinding</con:interface><con:operation>consultActiveCards</con:operation><con:request name="testcase03- Test - External - Card_Active@SysDate - Request" id="6b2c202e-244e-4eea-8550-c076f1a38e3d" outgoingWss="Outflow TEST"><con:settings/><con:encoding>UTF-8</con:encoding><con:endpoint>https://fidus-test.irisnetlab.be/services/EuropeanDisabilityCardService_v1.0</con:endpoint><con:request><![CDATA[<soapenv:Envelope xmlns:soapenv="http://schemas.xmlsoap.org/soap/envelope/" xmlns:v1="http://fidus.brussels/service/europeandisabilitycardservice/messages/v1" xmlns:v11="http://fidus.brussels/type/common/messages/v1">
   <soapenv:Header/>
   <soapenv:Body>
      <v1:consultActiveCardsRequest>         
         <v1:messageContext>
            <v11:messageId>${=import static java.util.UUID.randomUUID; uuid = randomUUID() as String}</v11:messageId>
            <!--Optional:-->
            <v11:timestamp>${=new java.text.SimpleDateFormat("yyyy-MM-dd'T'HH:mm:ss.SSS").format(new Date())}</v11:timestamp>
         </v1:messageContext>
         <v1:legalContext>ServiceIntegrator</v1:legalContext>
         <v1:request>
            <v1:ssin>64061324572</v1:ssin>                     
         </v1:request>
      </v1:consultActiveCardsRequest>
   </soapenv:Body>
</soapenv:Envelope>]]></con:request><con:assertion type="SOAP Fault Assertion" id="b0a89ab6-f798-4606-a51b-91eb08fad8cf" name="Not SOAP Fault"/><con:assertion type="SOAP Response" id="a610ffe1-e55a-44cc-90cd-0db6a6a5a295" name="SOAP Response"/><con:assertion type="Schema Compliance" id="8f9dda92-bb45-4306-a360-1de7b5ca198d" name="Schema Compliance"><con:configuration/></con:assertion><con:wsaConfig action="http://fidus.brussels/services/europeandisabilitycardservice/consultActiveCards"/></con:request></con:config></con:testStep><con:testStep type="request" id="81cc7b93-a17d-4a24-a0dc-2025d22041fe" name="testcase03- Test - External - Card_Active_OtherPartner - Request"><con:settings/><con:config xsi:type="con:RequestStep" xmlns:xsi="http://www.w3.org/2001/XMLSchema-instance"><con:interface>EuropeanDisabilityCardServiceHTTPBinding</con:interface><con:operation>consultActiveCards</con:operation><con:request name="testcase03- Test - External - Card_Active_OtherPartner - Request" id="d287985b-8085-4eed-a157-6180f87fa544" outgoingWss="Outflow TEST"><con:settings/><con:encoding>UTF-8</con:encoding><con:endpoint>https://fidus-test.irisnetlab.be/services/EuropeanDisabilityCardService_v1.0</con:endpoint><con:request><![CDATA[<soapenv:Envelope xmlns:soapenv="http://schemas.xmlsoap.org/soap/envelope/" xmlns:v1="http://fidus.brussels/service/europeandisabilitycardservice/messages/v1" xmlns:v11="http://fidus.brussels/type/common/messages/v1">
   <soapenv:Header/>
   <soapenv:Body>
      <v1:consultActiveCardsRequest>         
         <v1:messageContext>
            <v11:messageId>${=import static java.util.UUID.randomUUID; uuid = randomUUID() as String}</v11:messageId>
            <!--Optional:-->
            <v11:timestamp>${=new java.text.SimpleDateFormat("yyyy-MM-dd'T'HH:mm:ss.SSS").format(new Date())}</v11:timestamp>
         </v1:messageContext>
         <v1:legalContext>ServiceIntegrator</v1:legalContext>
         <v1:request>
            <v1:ssin>81091318921</v1:ssin>
         </v1:request>
      </v1:consultActiveCardsRequest>
   </soapenv:Body>
</soapenv:Envelope>]]></con:request><con:assertion type="SOAP Fault Assertion" id="7bf8302d-15c7-48b0-8896-179384493644" name="Not SOAP Fault"/><con:assertion type="SOAP Response" id="97861a52-d740-4d26-882a-c5704f443194" name="SOAP Response"/><con:assertion type="Schema Compliance" id="2a470bdf-eaf7-47e5-b785-82ee0ff55c3a" name="Schema Compliance"><con:configuration/></con:assertion><con:wsaConfig action="http://fidus.brussels/services/europeandisabilitycardservice/consultActiveCards"/></con:request></con:config></con:testStep><con:testStep type="request" id="091103f0-3a5c-4f64-b8fd-ce8b63075cb4" name="testcase03- Test - External - Invalid_ReferenceDate - Request"><con:settings/><con:config xsi:type="con:RequestStep" xmlns:xsi="http://www.w3.org/2001/XMLSchema-instance"><con:interface>EuropeanDisabilityCardServiceHTTPBinding</con:interface><con:operation>consultActiveCards</con:operation><con:request name="testcase03- Test - External - Invalid_ReferenceDate - Request" id="de55d98a-2f37-442b-9106-0c501eec1065" outgoingWss="Outflow TEST"><con:settings/><con:encoding>UTF-8</con:encoding><con:endpoint>https://fidus-test.irisnetlab.be/services/EuropeanDisabilityCardService_v1.0</con:endpoint><con:request><![CDATA[<soapenv:Envelope xmlns:soapenv="http://schemas.xmlsoap.org/soap/envelope/" xmlns:v1="http://fidus.brussels/service/europeandisabilitycardservice/messages/v1" xmlns:v11="http://fidus.brussels/type/common/messages/v1">
   <soapenv:Header/>
   <soapenv:Body>
      <v1:consultActiveCardsRequest>         
         <v1:messageContext>
            <v11:messageId>${=import static java.util.UUID.randomUUID; uuid = randomUUID() as String}</v11:messageId>
            <!--Optional:-->
            <v11:timestamp>${=new java.text.SimpleDateFormat("yyyy-MM-dd'T'HH:mm:ss.SSS").format(new Date())}</v11:timestamp>
         </v1:messageContext>
         <v1:legalContext>ServiceIntegrator</v1:legalContext>
         <v1:request>
            <v1:ssin>81091318921</v1:ssin>
            <v1:referenceDate>2016-01-01</v1:referenceDate>
         </v1:request>
      </v1:consultActiveCardsRequest>
   </soapenv:Body>
</soapenv:Envelope>]]></con:request><con:assertion type="SOAP Fault Assertion" id="2efc6fe7-80ae-4c2c-b6a7-5f86a898abcb" name="Not SOAP Fault"/><con:assertion type="SOAP Response" id="db70aa0e-44e0-41b4-b8fb-c35b36ba8225" name="SOAP Response"/><con:assertion type="Schema Compliance" id="a5edf2f6-0012-4b0a-bf61-7b0daa644be8" name="Schema Compliance"><con:configuration/></con:assertion><con:wsaConfig action="http://fidus.brussels/services/europeandisabilitycardservice/consultActiveCards"/></con:request></con:config></con:testStep><con:testStep type="request" id="d5869b1c-98eb-47e3-9de9-6d7807bfd2f2" name="testcase03- Test - External - Invalid_ReferenceDate2 - Request"><con:settings/><con:config xsi:type="con:RequestStep" xmlns:xsi="http://www.w3.org/2001/XMLSchema-instance"><con:interface>EuropeanDisabilityCardServiceHTTPBinding</con:interface><con:operation>consultActiveCards</con:operation><con:request name="testcase03- Test - External - Invalid_ReferenceDate2 - Request" id="af650b79-1ee1-4bc2-9878-81749059fe7e" outgoingWss="Outflow TEST"><con:settings/><con:encoding>UTF-8</con:encoding><con:endpoint>https://fidus-test.irisnetlab.be/services/EuropeanDisabilityCardService_v1.0</con:endpoint><con:request><![CDATA[<soapenv:Envelope xmlns:soapenv="http://schemas.xmlsoap.org/soap/envelope/" xmlns:v1="http://fidus.brussels/service/europeandisabilitycardservice/messages/v1" xmlns:v11="http://fidus.brussels/type/common/messages/v1">
   <soapenv:Header/>
   <soapenv:Body>
      <v1:consultActiveCardsRequest>         
         <v1:messageContext>
            <v11:messageId>${=import static java.util.UUID.randomUUID; uuid = randomUUID() as String}</v11:messageId>
            <!--Optional:-->
            <v11:timestamp>${=new java.text.SimpleDateFormat("yyyy-MM-dd'T'HH:mm:ss.SSS").format(new Date())}</v11:timestamp>
         </v1:messageContext>
         <v1:legalContext>ServiceIntegrator</v1:legalContext>
         <v1:request>
            <v1:ssin>81091318921</v1:ssin>
            <v1:referenceDate>2020-01-01</v1:referenceDate>
         </v1:request>
      </v1:consultActiveCardsRequest>
   </soapenv:Body>
</soapenv:Envelope>]]></con:request><con:assertion type="SOAP Fault Assertion" id="06bcc26e-52b1-449e-8b57-e4d6b4ed04ff" name="Not SOAP Fault"/><con:assertion type="SOAP Response" id="09332c0b-8744-45e6-8ab8-8762f665e7b9" name="SOAP Response"/><con:assertion type="Schema Compliance" id="e9af77d4-890a-432b-832e-968b3c1f8f5d" name="Schema Compliance"><con:configuration/></con:assertion><con:wsaConfig action="http://fidus.brussels/services/europeandisabilitycardservice/consultActiveCards"/></con:request></con:config></con:testStep><con:properties/></con:testCase><con:testCase id="9b26a3fc-4c8c-4c09-8566-57bfc0ea8ddf" failOnError="true" failTestCaseOnErrors="true" keepSession="false" maxResults="0" name="consultAllCards" searchProperties="true"><con:settings/><con:testStep type="request" id="ddf2d795-52d2-4a64-8ce7-e05f25f75e1d" name="testcase03 - Test - External - Valid_SSIN- Request"><con:settings/><con:config xsi:type="con:RequestStep" xmlns:xsi="http://www.w3.org/2001/XMLSchema-instance"><con:interface>EuropeanDisabilityCardServiceHTTPBinding</con:interface><con:operation>consultAllCards</con:operation><con:request name="testcase03 - Test - External - Valid_SSIN- Request" id="7cd81c9a-1d66-4c71-9a92-424ec423391c" outgoingWss="Outflow TEST"><con:settings/><con:encoding>UTF-8</con:encoding><con:endpoint>https://fidus-test.irisnetlab.be/services/EuropeanDisabilityCardService_v1.0</con:endpoint><con:request><![CDATA[<soapenv:Envelope xmlns:soapenv="http://schemas.xmlsoap.org/soap/envelope/" xmlns:v1="http://fidus.brussels/service/europeandisabilitycardservice/messages/v1" xmlns:v11="http://fidus.brussels/type/common/messages/v1">
   <soapenv:Header/>
   <soapenv:Body>
      <v1:consultAllCardsRequest>
         <v1:messageContext>
            <v11:messageId>${=import static java.util.UUID.randomUUID; uuid = randomUUID() as String}</v11:messageId>
            <!--Optional:-->
            <v11:timestamp>${=new java.text.SimpleDateFormat("yyyy-MM-dd'T'HH:mm:ss.SSS").format(new Date())}</v11:timestamp>
         </v1:messageContext>
         <v1:legalContext>ServiceIntegrator</v1:legalContext>
         <v1:request>
            <v1:ssin>13020111772</v1:ssin>
         </v1:request>
      </v1:consultAllCardsRequest>
   </soapenv:Body>
</soapenv:Envelope>]]></con:request><con:assertion type="SOAP Fault Assertion" id="e7e7c6aa-3bf9-40f7-be42-c04def4047ee" name="Not SOAP Fault"/><con:assertion type="SOAP Response" id="90a59abe-5468-417e-aa85-ecf78c54407b" name="SOAP Response"/><con:assertion type="Schema Compliance" id="8c25ae63-6db2-479f-8c21-bb9b7c990dd8" name="Schema Compliance"><con:configuration/></con:assertion><con:wsaConfig action="http://fidus.brussels/services/europeandisabilitycardservice/consultAllCards"/></con:request></con:config></con:testStep><con:testStep type="request" id="7ebd1057-d1bf-4870-a047-94717d5c09b2" name="testcase03 - Test - LB - Request"><con:settings/><con:config xsi:type="con:RequestStep" xmlns:xsi="http://www.w3.org/2001/XMLSchema-instance"><con:interface>EuropeanDisabilityCardServiceHTTPBinding</con:interface><con:operation>consultAllCards</con:operation><con:request name="testcase03 - Test - LB - Request" id="b9569044-1f0e-4f14-b2a6-e1e635922214" outgoingWss="Outflow TEST"><con:settings/><con:encoding>UTF-8</con:encoding><con:endpoint>https://esb-security-gw.sta.srv.cirb.lan:8443/services/EuropeanDisabilityCardService_v1.0</con:endpoint><con:request><![CDATA[<soapenv:Envelope xmlns:soapenv="http://schemas.xmlsoap.org/soap/envelope/" xmlns:v1="http://fidus.brussels/service/europeandisabilitycardservice/messages/v1" xmlns:v11="http://fidus.brussels/type/common/messages/v1">
   <soapenv:Header/>
   <soapenv:Body>
      <v1:consultAllCardsRequest>
         <v1:messageContext>
            <v11:messageId>${=import static java.util.UUID.randomUUID; uuid = randomUUID() as String}</v11:messageId>
            <!--Optional:-->
            <v11:timestamp>${=new java.text.SimpleDateFormat("yyyy-MM-dd'T'HH:mm:ss.SSS").format(new Date())}</v11:timestamp>
         </v1:messageContext>
         <v1:legalContext>ServiceIntegrator</v1:legalContext>
         <v1:request>
            <v1:ssin>13020111772</v1:ssin>
         </v1:request>
      </v1:consultAllCardsRequest>
   </soapenv:Body>
</soapenv:Envelope>]]></con:request><con:assertion type="SOAP Fault Assertion" id="eb9f9a79-b83a-46d0-a747-e825aea85840" name="Not SOAP Fault"/><con:assertion type="SOAP Response" id="e24d4a61-904f-4135-815f-080c4f4778b6" name="SOAP Response"/><con:assertion type="Schema Compliance" id="f23c2fc2-a697-4041-b522-77c37e2a9e7b" name="Schema Compliance"><con:configuration/></con:assertion><con:wsaConfig action="http://fidus.brussels/services/europeandisabilitycardservice/consultAllCards"/></con:request></con:config></con:testStep><con:testStep type="request" id="314f0505-5e7a-40a2-9a91-f56fba81d895" name="testcase03 - Test - Worker1 - Request"><con:settings/><con:config xsi:type="con:RequestStep" xmlns:xsi="http://www.w3.org/2001/XMLSchema-instance"><con:interface>EuropeanDisabilityCardServiceHTTPBinding</con:interface><con:operation>consultAllCards</con:operation><con:request name="testcase03 - Test - Worker1 - Request" id="cc82d75b-f750-4cb5-92b4-5859ab8b6d12" outgoingWss="Outflow TEST"><con:settings/><con:encoding>UTF-8</con:encoding><con:endpoint>https://192.168.24.45:8443/services/EuropeanDisabilityCardService_v1.0</con:endpoint><con:request><![CDATA[<soapenv:Envelope xmlns:soapenv="http://schemas.xmlsoap.org/soap/envelope/" xmlns:v1="http://fidus.brussels/service/europeandisabilitycardservice/messages/v1" xmlns:v11="http://fidus.brussels/type/common/messages/v1">
   <soapenv:Header/>
   <soapenv:Body>
      <v1:consultAllCardsRequest>
         <v1:messageContext>
            <v11:messageId>${=import static java.util.UUID.randomUUID; uuid = randomUUID() as String}</v11:messageId>
            <!--Optional:-->
            <v11:timestamp>${=new java.text.SimpleDateFormat("yyyy-MM-dd'T'HH:mm:ss.SSS").format(new Date())}</v11:timestamp>
         </v1:messageContext>
         <v1:legalContext>ServiceIntegrator</v1:legalContext>
         <v1:request>            
            <v1:ssin>89120121658</v1:ssin>
         </v1:request>
      </v1:consultAllCardsRequest>
   </soapenv:Body>
</soapenv:Envelope>]]></con:request><con:assertion type="SOAP Fault Assertion" id="60a15599-4570-407c-92aa-d1b63e5168a0" name="Not SOAP Fault"/><con:assertion type="SOAP Response" id="cc83321c-ffc4-4300-b070-e6147a0742cc" name="SOAP Response"/><con:assertion type="Schema Compliance" id="8170239f-3805-453a-8eec-3798761b5f8f" name="Schema Compliance"><con:configuration/></con:assertion><con:wsaConfig action="http://fidus.brussels/services/europeandisabilitycardservice/consultAllCards"/></con:request></con:config></con:testStep><con:testStep type="request" id="a5a9142d-043f-4a09-8bda-fca62d87bca0" name="testcase03 - Test - Worker2 - Request"><con:settings/><con:config xsi:type="con:RequestStep" xmlns:xsi="http://www.w3.org/2001/XMLSchema-instance"><con:interface>EuropeanDisabilityCardServiceHTTPBinding</con:interface><con:operation>consultAllCards</con:operation><con:request name="testcase03 - Test - Worker2 - Request" id="f5b81c52-deb9-4bb6-bd5b-59117c6e145a" outgoingWss="Outflow TEST"><con:settings/><con:encoding>UTF-8</con:encoding><con:endpoint>https://192.168.24.51:8443/services/EuropeanDisabilityCardService_v1.0</con:endpoint><con:request><![CDATA[<soapenv:Envelope xmlns:soapenv="http://schemas.xmlsoap.org/soap/envelope/" xmlns:v1="http://fidus.brussels/service/europeandisabilitycardservice/messages/v1" xmlns:v11="http://fidus.brussels/type/common/messages/v1">
   <soapenv:Header/>
   <soapenv:Body>
      <v1:consultAllCardsRequest>
         <v1:messageContext>
            <v11:messageId>${=import static java.util.UUID.randomUUID; uuid = randomUUID() as String}</v11:messageId>
            <!--Optional:-->
            <v11:timestamp>${=new java.text.SimpleDateFormat("yyyy-MM-dd'T'HH:mm:ss.SSS").format(new Date())}</v11:timestamp>
         </v1:messageContext>
         <v1:legalContext>ServiceIntegrator</v1:legalContext>
         <v1:request>
            <v1:ssin>13020111772</v1:ssin>
         </v1:request>
      </v1:consultAllCardsRequest>
   </soapenv:Body>
</soapenv:Envelope>]]></con:request><con:assertion type="SOAP Fault Assertion" id="48d5ba22-dd63-4662-b43a-5febf6dd0d47" name="Not SOAP Fault"/><con:assertion type="SOAP Response" id="2292cfb4-6170-428d-afcf-f0c8b47ef021" name="SOAP Response"/><con:assertion type="Schema Compliance" id="4ea7b00d-ee15-47f6-ac41-60948af7f99c" name="Schema Compliance"><con:configuration/></con:assertion><con:wsaConfig action="http://fidus.brussels/services/europeandisabilitycardservice/consultAllCards"/></con:request></con:config></con:testStep><con:testStep type="request" id="2df21f68-1647-498c-a891-53f4c65cbb7a" name="testcase03 - Test - External - InValid_SSIN- Request"><con:settings/><con:config xsi:type="con:RequestStep" xmlns:xsi="http://www.w3.org/2001/XMLSchema-instance"><con:interface>EuropeanDisabilityCardServiceHTTPBinding</con:interface><con:operation>consultAllCards</con:operation><con:request name="testcase03 - Test - External - InValid_SSIN- Request" id="e4dfe134-7058-40b3-aadd-66f22325b63b" outgoingWss="Outflow TEST"><con:settings/><con:encoding>UTF-8</con:encoding><con:endpoint>https://fidus-test.irisnetlab.be/services/EuropeanDisabilityCardService_v1.0</con:endpoint><con:request><![CDATA[<soapenv:Envelope xmlns:soapenv="http://schemas.xmlsoap.org/soap/envelope/" xmlns:v1="http://fidus.brussels/service/europeandisabilitycardservice/messages/v1" xmlns:v11="http://fidus.brussels/type/common/messages/v1">
   <soapenv:Header/>
   <soapenv:Body>
      <v1:consultAllCardsRequest>
         <v1:messageContext>
            <v11:messageId>${=import static java.util.UUID.randomUUID; uuid = randomUUID() as String}</v11:messageId>
            <!--Optional:-->
            <v11:timestamp>${=new java.text.SimpleDateFormat("yyyy-MM-dd'T'HH:mm:ss.SSS").format(new Date())}</v11:timestamp>
         </v1:messageContext>
         <v1:legalContext>ServiceIntegrator</v1:legalContext>
         <v1:request>
            <v1:ssin>23020111772</v1:ssin>
         </v1:request>
      </v1:consultAllCardsRequest>
   </soapenv:Body>
</soapenv:Envelope>]]></con:request><con:assertion type="SOAP Fault Assertion" id="af64446f-079e-42ed-a89b-25cba06c0c41" name="Not SOAP Fault"/><con:assertion type="SOAP Response" id="5678d983-2e13-4242-9b31-8a9774dd5eeb" name="SOAP Response"/><con:assertion type="Schema Compliance" id="7a25e763-20c0-4818-ab44-4ac4ece73959" name="Schema Compliance"><con:configuration/></con:assertion><con:wsaConfig action="http://fidus.brussels/services/europeandisabilitycardservice/consultAllCards"/></con:request></con:config></con:testStep><con:testStep type="request" id="06d220eb-e74a-4745-9b47-2173d7490191" name="testcase03 - Test - External - Valid_SSIN_NoExist- Request"><con:settings/><con:config xsi:type="con:RequestStep" xmlns:xsi="http://www.w3.org/2001/XMLSchema-instance"><con:interface>EuropeanDisabilityCardServiceHTTPBinding</con:interface><con:operation>consultAllCards</con:operation><con:request name="testcase03 - Test - External - Valid_SSIN_NoExist- Request" id="ededcd86-f8c1-4909-9914-4d87871155d6" outgoingWss="Outflow TEST"><con:settings/><con:encoding>UTF-8</con:encoding><con:endpoint>https://fidus-test.irisnetlab.be/services/EuropeanDisabilityCardService_v1.0</con:endpoint><con:request><![CDATA[<soapenv:Envelope xmlns:soapenv="http://schemas.xmlsoap.org/soap/envelope/" xmlns:v1="http://fidus.brussels/service/europeandisabilitycardservice/messages/v1" xmlns:v11="http://fidus.brussels/type/common/messages/v1">
   <soapenv:Header/>
   <soapenv:Body>
      <v1:consultAllCardsRequest>
         <v1:messageContext>
            <v11:messageId>${=import static java.util.UUID.randomUUID; uuid = randomUUID() as String}</v11:messageId>
            <!--Optional:-->
            <v11:timestamp>${=new java.text.SimpleDateFormat("yyyy-MM-dd'T'HH:mm:ss.SSS").format(new Date())}</v11:timestamp>
         </v1:messageContext>
         <v1:legalContext>ServiceIntegrator</v1:legalContext>
         <v1:request>
            <v1:ssin>84072088834</v1:ssin>
         </v1:request>
      </v1:consultAllCardsRequest>
   </soapenv:Body>
</soapenv:Envelope>]]></con:request><con:assertion type="SOAP Fault Assertion" id="2b84da58-c94b-4c2a-938d-f8f170a21283" name="Not SOAP Fault"/><con:assertion type="SOAP Response" id="85ec38d5-ca48-4167-b726-c808d2a18f5b" name="SOAP Response"/><con:assertion type="Schema Compliance" id="90a624b1-7710-4ee8-9e55-b72edf67551a" name="Schema Compliance"><con:configuration/></con:assertion><con:wsaConfig action="http://fidus.brussels/services/europeandisabilitycardservice/consultAllCards"/></con:request></con:config></con:testStep><con:testStep type="request" id="fc5a79fe-c1b0-4728-bd70-3bffc9a8795c" name="testcase03 - Test - External - Old_SSIN- Request"><con:settings/><con:config xsi:type="con:RequestStep" xmlns:xsi="http://www.w3.org/2001/XMLSchema-instance"><con:interface>EuropeanDisabilityCardServiceHTTPBinding</con:interface><con:operation>consultAllCards</con:operation><con:request name="testcase03 - Test - External - Old_SSIN- Request" id="8aa3a3cd-dd82-4881-8fd0-01ba0526975f" outgoingWss="Outflow TEST"><con:settings/><con:encoding>UTF-8</con:encoding><con:endpoint>https://fidus-test.irisnetlab.be/services/EuropeanDisabilityCardService_v1.0</con:endpoint><con:request><![CDATA[<soapenv:Envelope xmlns:soapenv="http://schemas.xmlsoap.org/soap/envelope/" xmlns:v1="http://fidus.brussels/service/europeandisabilitycardservice/messages/v1" xmlns:v11="http://fidus.brussels/type/common/messages/v1">
   <soapenv:Header/>
   <soapenv:Body>
      <v1:consultAllCardsRequest>
         <v1:messageContext>
            <v11:messageId>${=import static java.util.UUID.randomUUID; uuid = randomUUID() as String}</v11:messageId>
            <!--Optional:-->
            <v11:timestamp>${=new java.text.SimpleDateFormat("yyyy-MM-dd'T'HH:mm:ss.SSS").format(new Date())}</v11:timestamp>
         </v1:messageContext>
         <v1:legalContext>ServiceIntegrator</v1:legalContext>
         <v1:request>
            <v1:ssin>91071662579</v1:ssin>
         </v1:request>
      </v1:consultAllCardsRequest>
   </soapenv:Body>
</soapenv:Envelope>]]></con:request><con:assertion type="SOAP Fault Assertion" id="cd4b8acc-38b3-4506-9f74-1822f215978b" name="Not SOAP Fault"/><con:assertion type="SOAP Response" id="dbb1000f-5c92-473e-9584-0e9038dcadb7" name="SOAP Response"/><con:assertion type="Schema Compliance" id="94fd6486-0da9-4618-929b-f76d0a335021" name="Schema Compliance"><con:configuration/></con:assertion><con:wsaConfig action="http://fidus.brussels/services/europeandisabilitycardservice/consultAllCards"/></con:request></con:config></con:testStep><con:testStep type="request" id="43deb871-a41b-4e91-aa49-458fe5a2df35" name="testcase03 - Test - External - ActiveCard- Request"><con:settings/><con:config xsi:type="con:RequestStep" xmlns:xsi="http://www.w3.org/2001/XMLSchema-instance"><con:interface>EuropeanDisabilityCardServiceHTTPBinding</con:interface><con:operation>consultAllCards</con:operation><con:request name="testcase03 - Test - External - ActiveCard- Request" id="533a2723-4eee-40a0-ad66-d3a19eb35ff9" outgoingWss="Outflow TEST"><con:settings/><con:encoding>UTF-8</con:encoding><con:endpoint>https://fidus-test.irisnetlab.be/services/EuropeanDisabilityCardService_v1.0</con:endpoint><con:request><![CDATA[<soapenv:Envelope xmlns:soapenv="http://schemas.xmlsoap.org/soap/envelope/" xmlns:v1="http://fidus.brussels/service/europeandisabilitycardservice/messages/v1" xmlns:v11="http://fidus.brussels/type/common/messages/v1">
   <soapenv:Header/>
   <soapenv:Body>
      <v1:consultAllCardsRequest>
         <v1:messageContext>
            <v11:messageId>${=import static java.util.UUID.randomUUID; uuid = randomUUID() as String}</v11:messageId>
            <!--Optional:-->
            <v11:timestamp>${=new java.text.SimpleDateFormat("yyyy-MM-dd'T'HH:mm:ss.SSS").format(new Date())}</v11:timestamp>
         </v1:messageContext>
         <v1:legalContext>ServiceIntegrator</v1:legalContext>
         <v1:request>
            <v1:ssin>10022104563</v1:ssin>
         </v1:request>
      </v1:consultAllCardsRequest>
   </soapenv:Body>
</soapenv:Envelope>]]></con:request><con:assertion type="SOAP Fault Assertion" id="4ecb2fd9-d749-43a8-bee0-c3d58bdda90a" name="Not SOAP Fault"/><con:assertion type="SOAP Response" id="bd508beb-a370-40c0-8944-5bb6a1ab51ed" name="SOAP Response"/><con:assertion type="Schema Compliance" id="4a79f185-bbb6-43a9-9e59-9d97ad8fa398" name="Schema Compliance"><con:configuration/></con:assertion><con:wsaConfig action="http://fidus.brussels/services/europeandisabilitycardservice/consultAllCards"/></con:request></con:config></con:testStep><con:testStep type="request" id="1186ffde-8130-428b-b283-6699cb24890d" name="testcase03 - Test - External - CancelledSSIN_NoActiveCard- Request"><con:settings/><con:config xsi:type="con:RequestStep" xmlns:xsi="http://www.w3.org/2001/XMLSchema-instance"><con:interface>EuropeanDisabilityCardServiceHTTPBinding</con:interface><con:operation>consultAllCards</con:operation><con:request name="testcase03 - Test - External - CancelledSSIN_NoActiveCard- Request" id="a183a256-ceea-480d-b20f-308608850762" outgoingWss="Outflow TEST"><con:settings/><con:encoding>UTF-8</con:encoding><con:endpoint>https://fidus-test.irisnetlab.be/services/EuropeanDisabilityCardService_v1.0</con:endpoint><con:request><![CDATA[<soapenv:Envelope xmlns:soapenv="http://schemas.xmlsoap.org/soap/envelope/" xmlns:v1="http://fidus.brussels/service/europeandisabilitycardservice/messages/v1" xmlns:v11="http://fidus.brussels/type/common/messages/v1">
   <soapenv:Header/>
   <soapenv:Body>
      <v1:consultAllCardsRequest>
         <v1:messageContext>
            <v11:messageId>${=import static java.util.UUID.randomUUID; uuid = randomUUID() as String}</v11:messageId>
            <!--Optional:-->
            <v11:timestamp>${=new java.text.SimpleDateFormat("yyyy-MM-dd'T'HH:mm:ss.SSS").format(new Date())}</v11:timestamp>
         </v1:messageContext>
         <v1:legalContext>ServiceIntegrator</v1:legalContext>
         <v1:request>
            <v1:ssin>49010193967</v1:ssin>
         </v1:request>
      </v1:consultAllCardsRequest>
   </soapenv:Body>
</soapenv:Envelope>]]></con:request><con:assertion type="SOAP Fault Assertion" id="41d45b69-6ae2-4761-adfb-b037706d9764" name="Not SOAP Fault"/><con:assertion type="SOAP Response" id="a3a5a8a9-129b-42f6-be27-908802a7f7fd" name="SOAP Response"/><con:assertion type="Schema Compliance" id="7915cfec-0871-4890-8142-511871d57949" name="Schema Compliance"><con:configuration/></con:assertion><con:wsaConfig action="http://fidus.brussels/services/europeandisabilitycardservice/consultAllCards"/></con:request></con:config></con:testStep><con:testStep type="request" id="77b0ab4f-970b-482f-880c-c1f57f504a38" name="testcase03 - Test - External - CancelledSSIN_ActiveCard- Request"><con:settings/><con:config xsi:type="con:RequestStep" xmlns:xsi="http://www.w3.org/2001/XMLSchema-instance"><con:interface>EuropeanDisabilityCardServiceHTTPBinding</con:interface><con:operation>consultAllCards</con:operation><con:request name="testcase03 - Test - External - CancelledSSIN_ActiveCard- Request" id="a1265032-951f-4527-a803-50558cbc255d" outgoingWss="Outflow TEST"><con:settings/><con:encoding>UTF-8</con:encoding><con:endpoint>https://fidus-test.irisnetlab.be/services/EuropeanDisabilityCardService_v1.0</con:endpoint><con:request><![CDATA[<soapenv:Envelope xmlns:soapenv="http://schemas.xmlsoap.org/soap/envelope/" xmlns:v1="http://fidus.brussels/service/europeandisabilitycardservice/messages/v1" xmlns:v11="http://fidus.brussels/type/common/messages/v1">
   <soapenv:Header/>
   <soapenv:Body>
      <v1:consultAllCardsRequest>
         <v1:messageContext>
            <v11:messageId>${=import static java.util.UUID.randomUUID; uuid = randomUUID() as String}</v11:messageId>
            <!--Optional:-->
            <v11:timestamp>${=new java.text.SimpleDateFormat("yyyy-MM-dd'T'HH:mm:ss.SSS").format(new Date())}</v11:timestamp>
         </v1:messageContext>
         <v1:legalContext>ServiceIntegrator</v1:legalContext>
         <v1:request>
            <v1:ssin>89120121658</v1:ssin>
         </v1:request>
      </v1:consultAllCardsRequest>
   </soapenv:Body>
</soapenv:Envelope>]]></con:request><con:assertion type="SOAP Fault Assertion" id="a5bfedd1-7640-4412-af59-9c37a4060f6d" name="Not SOAP Fault"/><con:assertion type="SOAP Response" id="74a63088-7b16-4632-af52-9fefaeadae89" name="SOAP Response"/><con:assertion type="Schema Compliance" id="a30db06d-6ea2-4b67-bc7b-b8f74bff9a9f" name="Schema Compliance"><con:configuration/></con:assertion><con:wsaConfig action="http://fidus.brussels/services/europeandisabilitycardservice/consultAllCards"/></con:request></con:config></con:testStep><con:testStep type="request" id="6c339829-642b-4101-9dfb-385bd71d1dda" name="testcase03 - Test - External - SSIN_DeceasedPerson_ActiveCard- Request"><con:settings/><con:config xsi:type="con:RequestStep" xmlns:xsi="http://www.w3.org/2001/XMLSchema-instance"><con:interface>EuropeanDisabilityCardServiceHTTPBinding</con:interface><con:operation>consultAllCards</con:operation><con:request name="testcase03 - Test - External - SSIN_DeceasedPerson_ActiveCard- Request" id="de472438-5ca4-4306-8948-ba2753d55e73" outgoingWss="Outflow TEST"><con:settings/><con:encoding>UTF-8</con:encoding><con:endpoint>https://fidus-test.irisnetlab.be/services/EuropeanDisabilityCardService_v1.0</con:endpoint><con:request><![CDATA[<soapenv:Envelope xmlns:soapenv="http://schemas.xmlsoap.org/soap/envelope/" xmlns:v1="http://fidus.brussels/service/europeandisabilitycardservice/messages/v1" xmlns:v11="http://fidus.brussels/type/common/messages/v1">
   <soapenv:Header/>
   <soapenv:Body>
      <v1:consultAllCardsRequest>
         <v1:messageContext>
            <v11:messageId>${=import static java.util.UUID.randomUUID; uuid = randomUUID() as String}</v11:messageId>
            <!--Optional:-->
            <v11:timestamp>${=new java.text.SimpleDateFormat("yyyy-MM-dd'T'HH:mm:ss.SSS").format(new Date())}</v11:timestamp>
         </v1:messageContext>
         <v1:legalContext>ServiceIntegrator</v1:legalContext>
         <v1:request>
            <v1:ssin>21033027563</v1:ssin>
         </v1:request>
      </v1:consultAllCardsRequest>
   </soapenv:Body>
</soapenv:Envelope>]]></con:request><con:assertion type="SOAP Fault Assertion" id="5caf96e6-52a8-415e-b5a4-9bae79d4eb01" name="Not SOAP Fault"/><con:assertion type="SOAP Response" id="859e86b6-6dc3-4367-b05e-c891f3821e52" name="SOAP Response"/><con:assertion type="Schema Compliance" id="4fd7aec3-61f5-4441-9f88-220e9316fa5c" name="Schema Compliance"><con:configuration/></con:assertion><con:wsaConfig action="http://fidus.brussels/services/europeandisabilitycardservice/consultAllCards"/></con:request></con:config></con:testStep><con:testStep type="request" id="7373dc4d-e7c4-44b5-bf99-de8f1dff45f8" name="testcase03 - Test - External - SSIN_DeceasedPerson_NoActiveCard- Request"><con:settings/><con:config xsi:type="con:RequestStep" xmlns:xsi="http://www.w3.org/2001/XMLSchema-instance"><con:interface>EuropeanDisabilityCardServiceHTTPBinding</con:interface><con:operation>consultAllCards</con:operation><con:request name="testcase03 - Test - External - SSIN_DeceasedPerson_NoActiveCard- Request" id="6e51c786-52ca-4dad-ba79-820dca70b7ea" outgoingWss="Outflow TEST"><con:settings/><con:encoding>UTF-8</con:encoding><con:endpoint>https://fidus-test.irisnetlab.be/services/EuropeanDisabilityCardService_v1.0</con:endpoint><con:request><![CDATA[<soapenv:Envelope xmlns:soapenv="http://schemas.xmlsoap.org/soap/envelope/" xmlns:v1="http://fidus.brussels/service/europeandisabilitycardservice/messages/v1" xmlns:v11="http://fidus.brussels/type/common/messages/v1">
   <soapenv:Header/>
   <soapenv:Body>
      <v1:consultAllCardsRequest>
         <v1:messageContext>
            <v11:messageId>${=import static java.util.UUID.randomUUID; uuid = randomUUID() as String}</v11:messageId>
            <!--Optional:-->
            <v11:timestamp>${=new java.text.SimpleDateFormat("yyyy-MM-dd'T'HH:mm:ss.SSS").format(new Date())}</v11:timestamp>
         </v1:messageContext>
         <v1:legalContext>ServiceIntegrator</v1:legalContext>
         <v1:request>
            <v1:ssin>18100808031</v1:ssin>
         </v1:request>
      </v1:consultAllCardsRequest>
   </soapenv:Body>
</soapenv:Envelope>]]></con:request><con:assertion type="SOAP Fault Assertion" id="42119dad-0631-41c8-b8e6-d2123f2a4917" name="Not SOAP Fault"/><con:assertion type="SOAP Response" id="109c7258-712f-47ba-b3aa-3e67fa4e548c" name="SOAP Response"/><con:assertion type="Schema Compliance" id="a569c968-6e4f-4376-b142-c369babd93b4" name="Schema Compliance"><con:configuration/></con:assertion><con:wsaConfig action="http://fidus.brussels/services/europeandisabilitycardservice/consultAllCards"/></con:request></con:config></con:testStep><con:testStep type="request" id="dbef429e-9b1f-49cd-8407-de1c0a344400" name="testcase03 - Test - External - ReturnedCard- Request"><con:settings/><con:config xsi:type="con:RequestStep" xmlns:xsi="http://www.w3.org/2001/XMLSchema-instance"><con:interface>EuropeanDisabilityCardServiceHTTPBinding</con:interface><con:operation>consultAllCards</con:operation><con:request name="testcase03 - Test - External - ReturnedCard- Request" id="53183399-dc7a-4c36-962b-8947651175d4" outgoingWss="Outflow TEST"><con:settings/><con:encoding>UTF-8</con:encoding><con:endpoint>https://fidus-test.irisnetlab.be/services/EuropeanDisabilityCardService_v1.0</con:endpoint><con:request><![CDATA[<soapenv:Envelope xmlns:soapenv="http://schemas.xmlsoap.org/soap/envelope/" xmlns:v1="http://fidus.brussels/service/europeandisabilitycardservice/messages/v1" xmlns:v11="http://fidus.brussels/type/common/messages/v1">
   <soapenv:Header/>
   <soapenv:Body>
      <v1:consultAllCardsRequest>
         <v1:messageContext>
            <v11:messageId>${=import static java.util.UUID.randomUUID; uuid = randomUUID() as String}</v11:messageId>
            <!--Optional:-->
            <v11:timestamp>${=new java.text.SimpleDateFormat("yyyy-MM-dd'T'HH:mm:ss.SSS").format(new Date())}</v11:timestamp>
         </v1:messageContext>
         <v1:legalContext>ServiceIntegrator</v1:legalContext>
         <v1:request>
            <v1:ssin>77020601578</v1:ssin>
         </v1:request>
      </v1:consultAllCardsRequest>
   </soapenv:Body>
</soapenv:Envelope>]]></con:request><con:assertion type="SOAP Fault Assertion" id="0748fdc7-acb7-4b03-84ca-77ac836d2fde" name="Not SOAP Fault"/><con:assertion type="SOAP Response" id="46d653c8-47b1-4246-b89b-83b21332690a" name="SOAP Response"/><con:assertion type="Schema Compliance" id="fdae8fb5-d60b-4e67-931e-13a458343084" name="Schema Compliance"><con:configuration/></con:assertion><con:wsaConfig action="http://fidus.brussels/services/europeandisabilitycardservice/consultAllCards"/></con:request></con:config></con:testStep><con:testStep type="request" id="7f428571-c45e-4327-9d30-21112347af60" name="testcase03 - Test - External - FailedCard- Request"><con:settings/><con:config xsi:type="con:RequestStep" xmlns:xsi="http://www.w3.org/2001/XMLSchema-instance"><con:interface>EuropeanDisabilityCardServiceHTTPBinding</con:interface><con:operation>consultAllCards</con:operation><con:request name="testcase03 - Test - External - FailedCard- Request" id="ded2b278-c333-433a-828b-962dcfca10a9" outgoingWss="Outflow TEST"><con:settings/><con:encoding>UTF-8</con:encoding><con:endpoint>https://fidus-test.irisnetlab.be/services/EuropeanDisabilityCardService_v1.0</con:endpoint><con:request><![CDATA[<soapenv:Envelope xmlns:soapenv="http://schemas.xmlsoap.org/soap/envelope/" xmlns:v1="http://fidus.brussels/service/europeandisabilitycardservice/messages/v1" xmlns:v11="http://fidus.brussels/type/common/messages/v1">
   <soapenv:Header/>
   <soapenv:Body>
      <v1:consultAllCardsRequest>
         <v1:messageContext>
            <v11:messageId>${=import static java.util.UUID.randomUUID; uuid = randomUUID() as String}</v11:messageId>
            <!--Optional:-->
            <v11:timestamp>${=new java.text.SimpleDateFormat("yyyy-MM-dd'T'HH:mm:ss.SSS").format(new Date())}</v11:timestamp>
         </v1:messageContext>
         <v1:legalContext>ServiceIntegrator</v1:legalContext>
         <v1:request>
            <v1:ssin>77020601578</v1:ssin>
         </v1:request>
      </v1:consultAllCardsRequest>
   </soapenv:Body>
</soapenv:Envelope>]]></con:request><con:assertion type="SOAP Fault Assertion" id="d51fe600-365a-4a87-9d07-a162b21170c3" name="Not SOAP Fault"/><con:assertion type="SOAP Response" id="df3090d5-6c6c-450e-b520-710157cbbacc" name="SOAP Response"/><con:assertion type="Schema Compliance" id="914ddbda-7574-4e4c-a966-f92747d1bc19" name="Schema Compliance"><con:configuration/></con:assertion><con:wsaConfig action="http://fidus.brussels/services/europeandisabilitycardservice/consultAllCards"/></con:request></con:config></con:testStep><con:testStep type="request" id="ecf6c451-4e23-4edb-ad6f-d3cd631d9ed3" name="testcase03 - Test - External - VariousCards- Request"><con:settings/><con:config xsi:type="con:RequestStep" xmlns:xsi="http://www.w3.org/2001/XMLSchema-instance"><con:interface>EuropeanDisabilityCardServiceHTTPBinding</con:interface><con:operation>consultAllCards</con:operation><con:request name="testcase03 - Test - External - VariousCards- Request" id="2653fda7-f6b9-4d31-a697-17bccb2d4999" outgoingWss="Outflow TEST"><con:settings/><con:encoding>UTF-8</con:encoding><con:endpoint>https://fidus-test.irisnetlab.be/services/EuropeanDisabilityCardService_v1.0</con:endpoint><con:request><![CDATA[<soapenv:Envelope xmlns:soapenv="http://schemas.xmlsoap.org/soap/envelope/" xmlns:v1="http://fidus.brussels/service/europeandisabilitycardservice/messages/v1" xmlns:v11="http://fidus.brussels/type/common/messages/v1">
   <soapenv:Header/>
   <soapenv:Body>
      <v1:consultAllCardsRequest>
         <v1:messageContext>
            <v11:messageId>${=import static java.util.UUID.randomUUID; uuid = randomUUID() as String}</v11:messageId>
            <!--Optional:-->
            <v11:timestamp>${=new java.text.SimpleDateFormat("yyyy-MM-dd'T'HH:mm:ss.SSS").format(new Date())}</v11:timestamp>
         </v1:messageContext>
         <v1:legalContext>ServiceIntegrator</v1:legalContext>
         <v1:request>
            <v1:ssin>13020111772</v1:ssin>
         </v1:request>
      </v1:consultAllCardsRequest>
   </soapenv:Body>
</soapenv:Envelope>]]></con:request><con:assertion type="SOAP Fault Assertion" id="056e3752-2ea2-4f9c-b96a-5df23bb5a330" name="Not SOAP Fault"/><con:assertion type="SOAP Response" id="d86e52d1-8756-4e4d-bbdd-b60a90a63540" name="SOAP Response"/><con:assertion type="Schema Compliance" id="0398ddc4-30ab-4838-b08c-223919cf9679" name="Schema Compliance"><con:configuration/></con:assertion><con:wsaConfig action="http://fidus.brussels/services/europeandisabilitycardservice/consultAllCards"/></con:request></con:config></con:testStep><con:properties/></con:testCase><con:testCase id="dbbd18b7-a4d9-4e0a-b071-df1154c64a6d" failOnError="true" failTestCaseOnErrors="true" keepSession="false" maxResults="0" name="createCard" searchProperties="true"><con:settings/><con:testStep type="request" id="b24bb035-7821-453b-b747-624dbd5727a4" name="testcase03 - Test - External - Radiated_SSIN - Request"><con:settings/><con:config xsi:type="con:RequestStep" xmlns:xsi="http://www.w3.org/2001/XMLSchema-instance"><con:interface>EuropeanDisabilityCardServiceHTTPBinding</con:interface><con:operation>createCard</con:operation><con:request name="testcase03 - Test - External - Radiated_SSIN - Request" id="916adec6-c8b1-42da-98bb-40949d5bc9ed" outgoingWss="Outflow TEST"><con:settings/><con:encoding>UTF-8</con:encoding><con:endpoint>https://fidus-test.irisnetlab.be/services/EuropeanDisabilityCardService_v1.0</con:endpoint><con:request><![CDATA[<soapenv:Envelope xmlns:soapenv="http://schemas.xmlsoap.org/soap/envelope/" xmlns:v1="http://fidus.brussels/service/europeandisabilitycardservice/messages/v1" xmlns:v11="http://fidus.brussels/type/common/messages/v1">
   <soapenv:Header/>
   <soapenv:Body>
      <v1:createCardRequest>
         <v1:messageContext>
            <v11:messageId>${=import static java.util.UUID.randomUUID; uuid = randomUUID() as String}</v11:messageId>
            <!--Optional:-->
            <v11:timestamp>${=new java.text.SimpleDateFormat("yyyy-MM-dd'T'HH:mm:ss.SSS").format(new Date())}</v11:timestamp>
         </v1:messageContext>
         <v1:legalContext>ServiceIntegrator</v1:legalContext>
         <v1:request>
            <v1:ssin>89040662426</v1:ssin>
            <v1:emittingPartner>0457419435</v1:emittingPartner>
            <v1:language>NL</v1:language>
            <v1:forceCreation>true</v1:forceCreation>
         </v1:request>
      </v1:createCardRequest>
   </soapenv:Body>
</soapenv:Envelope>]]></con:request><con:assertion type="SOAP Fault Assertion" id="faba9bb1-dc41-4998-802d-60796e2a6792" name="Not SOAP Fault"/><con:assertion type="SOAP Response" id="3d063cf4-823f-4f23-a869-ea8744cea4b7" name="SOAP Response"/><con:assertion type="Schema Compliance" id="d002b63d-3be3-4dc7-981f-ffb03d368c92" name="Schema Compliance"><con:configuration/></con:assertion><con:wsaConfig action="http://fidus.brussels/services/europeandisabilitycardservice/createCard"/></con:request></con:config></con:testStep><con:testStep type="request" id="8a8f8398-504b-41a3-a575-a4cdfd9d17d4" name="testcase03 - Test - LB - Request"><con:settings/><con:config xsi:type="con:RequestStep" xmlns:xsi="http://www.w3.org/2001/XMLSchema-instance"><con:interface>EuropeanDisabilityCardServiceHTTPBinding</con:interface><con:operation>createCard</con:operation><con:request name="testcase03 - Test - LB - Request" id="171013fd-5df8-4972-b2d3-623d36b8aed1" outgoingWss="Outflow TEST"><con:settings/><con:encoding>UTF-8</con:encoding><con:endpoint>https://esb-security-gw.sta.srv.cirb.lan:8443/services/EuropeanDisabilityCardService_v1.0</con:endpoint><con:request><![CDATA[<soapenv:Envelope xmlns:soapenv="http://schemas.xmlsoap.org/soap/envelope/" xmlns:v1="http://fidus.brussels/service/europeandisabilitycardservice/messages/v1" xmlns:v11="http://fidus.brussels/type/common/messages/v1">
   <soapenv:Header/>
   <soapenv:Body>
      <v1:createCardRequest>
         <v1:messageContext>
            <v11:messageId>${=import static java.util.UUID.randomUUID; uuid = randomUUID() as String}</v11:messageId>
            <!--Optional:-->
            <v11:timestamp>${=new java.text.SimpleDateFormat("yyyy-MM-dd'T'HH:mm:ss.SSS").format(new Date())}</v11:timestamp>
         </v1:messageContext>
         <v1:legalContext>ServiceIntegrator</v1:legalContext>
         <v1:request>
            <v1:ssin>84072002128</v1:ssin>
            <v1:emittingPartner>0646877855</v1:emittingPartner>
            <v1:language>NL</v1:language>
            <v1:forceCreation>true</v1:forceCreation>
         </v1:request>
      </v1:createCardRequest>
   </soapenv:Body>
</soapenv:Envelope>]]></con:request><con:assertion type="SOAP Fault Assertion" id="ce473899-81de-4063-bba9-ef4b2b150ed4" name="Not SOAP Fault"/><con:assertion type="SOAP Response" id="4ee0984c-df99-4f55-94ed-d33c3f27b4fa" name="SOAP Response"/><con:assertion type="Schema Compliance" id="e35b3422-0a51-46f9-a26a-c6ad10912f5d" name="Schema Compliance"><con:configuration/></con:assertion><con:wsaConfig action="http://fidus.brussels/services/europeandisabilitycardservice/createCard"/></con:request></con:config></con:testStep><con:testStep type="request" id="db644ff4-407f-4d02-89c5-6bda7ed8a364" name="testcase03 - Test - Worker1 - Request"><con:settings/><con:config xsi:type="con:RequestStep" xmlns:xsi="http://www.w3.org/2001/XMLSchema-instance"><con:interface>EuropeanDisabilityCardServiceHTTPBinding</con:interface><con:operation>createCard</con:operation><con:request name="testcase03 - Test - Worker1 - Request" id="b405cf7b-8028-494f-a774-57a893ef4531" outgoingWss="Outflow TEST"><con:settings/><con:encoding>UTF-8</con:encoding><con:endpoint>https://192.168.24.45:8443/services/EuropeanDisabilityCardService_v1.0</con:endpoint><con:request><![CDATA[<soapenv:Envelope xmlns:soapenv="http://schemas.xmlsoap.org/soap/envelope/" xmlns:v1="http://fidus.brussels/service/europeandisabilitycardservice/messages/v1" xmlns:v11="http://fidus.brussels/type/common/messages/v1">
   <soapenv:Header/>
   <soapenv:Body>
      <v1:createCardRequest>
         <v1:messageContext>
            <v11:messageId>${=import static java.util.UUID.randomUUID; uuid = randomUUID() as String}</v11:messageId>
            <!--Optional:-->
            <v11:timestamp>${=new java.text.SimpleDateFormat("yyyy-MM-dd'T'HH:mm:ss.SSS").format(new Date())}</v11:timestamp>
         </v1:messageContext>
         <v1:legalContext>ServiceIntegrator</v1:legalContext>
         <v1:request>
            <v1:ssin>84072002128</v1:ssin>
            <v1:emittingPartner>0457419435</v1:emittingPartner>
            <v1:language>NL</v1:language>
            <v1:forceCreation>true</v1:forceCreation>
         </v1:request>
      </v1:createCardRequest>
   </soapenv:Body>
</soapenv:Envelope>]]></con:request><con:assertion type="SOAP Fault Assertion" id="8128eb94-d2c8-48e8-b314-5d28f2ac61d5" name="Not SOAP Fault"/><con:assertion type="SOAP Response" id="1a281609-6b77-408c-a8eb-f2c9bd774d2e" name="SOAP Response"/><con:assertion type="Schema Compliance" id="f594b3ed-229a-4d04-8360-1023870152e4" name="Schema Compliance"><con:configuration/></con:assertion><con:wsaConfig action="http://fidus.brussels/services/europeandisabilitycardservice/createCard"/></con:request></con:config></con:testStep><con:testStep type="request" id="297e7c78-84de-4d09-9393-384064384977" name="testcase03 - Test - Worker2 - Request"><con:settings/><con:config xsi:type="con:RequestStep" xmlns:xsi="http://www.w3.org/2001/XMLSchema-instance"><con:interface>EuropeanDisabilityCardServiceHTTPBinding</con:interface><con:operation>createCard</con:operation><con:request name="testcase03 - Test - Worker2 - Request" id="4623cc7d-bcd4-4b72-a1e0-799e07cb0b99" outgoingWss="Outflow TEST"><con:settings/><con:encoding>UTF-8</con:encoding><con:endpoint>https://192.168.24.51:8443/services/EuropeanDisabilityCardService_v1.0</con:endpoint><con:request><![CDATA[<soapenv:Envelope xmlns:soapenv="http://schemas.xmlsoap.org/soap/envelope/" xmlns:v1="http://fidus.brussels/service/europeandisabilitycardservice/messages/v1" xmlns:v11="http://fidus.brussels/type/common/messages/v1">
   <soapenv:Header/>
   <soapenv:Body>
      <v1:createCardRequest>
         <v1:messageContext>
            <v11:messageId>${=import static java.util.UUID.randomUUID; uuid = randomUUID() as String}</v11:messageId>
            <!--Optional:-->
            <v11:timestamp>${=new java.text.SimpleDateFormat("yyyy-MM-dd'T'HH:mm:ss.SSS").format(new Date())}</v11:timestamp>
         </v1:messageContext>
         <v1:legalContext>ServiceIntegrator</v1:legalContext>
         <v1:request>
            <v1:ssin>84072002128</v1:ssin>
            <v1:emittingPartner>0646877855</v1:emittingPartner>
            <v1:language>NL</v1:language>
            <v1:forceCreation>true</v1:forceCreation>
         </v1:request>
      </v1:createCardRequest>
   </soapenv:Body>
</soapenv:Envelope>]]></con:request><con:assertion type="SOAP Fault Assertion" id="4cf3e362-33aa-484d-acea-71cd167905a3" name="Not SOAP Fault"/><con:assertion type="SOAP Response" id="34a94664-cb56-4f02-be4b-66c23ca7b741" name="SOAP Response"/><con:assertion type="Schema Compliance" id="dc64bdce-cc52-41ba-a7b9-ab742081602c" name="Schema Compliance"><con:configuration/></con:assertion><con:wsaConfig action="http://fidus.brussels/services/europeandisabilitycardservice/createCard"/></con:request></con:config></con:testStep><con:testStep type="request" id="5e8bdab2-d85d-422e-b362-64a73862959b" name="testcase03 - Test - External - Cancelled_SSIN - Request"><con:settings/><con:config xsi:type="con:RequestStep" xmlns:xsi="http://www.w3.org/2001/XMLSchema-instance"><con:interface>EuropeanDisabilityCardServiceHTTPBinding</con:interface><con:operation>createCard</con:operation><con:request name="testcase03 - Test - External - Cancelled_SSIN - Request" id="910a2d38-2fc8-49d6-a914-b4ceaa2225a3" outgoingWss="Outflow TEST"><con:settings/><con:encoding>UTF-8</con:encoding><con:endpoint>https://fidus-test.irisnetlab.be/services/EuropeanDisabilityCardService_v1.0</con:endpoint><con:request><![CDATA[<soapenv:Envelope xmlns:soapenv="http://schemas.xmlsoap.org/soap/envelope/" xmlns:v1="http://fidus.brussels/service/europeandisabilitycardservice/messages/v1" xmlns:v11="http://fidus.brussels/type/common/messages/v1">
   <soapenv:Header/>
   <soapenv:Body>
      <v1:createCardRequest>
         <v1:messageContext>
            <v11:messageId>${=import static java.util.UUID.randomUUID; uuid = randomUUID() as String}</v11:messageId>
            <!--Optional:-->
            <v11:timestamp>${=new java.text.SimpleDateFormat("yyyy-MM-dd'T'HH:mm:ss.SSS").format(new Date())}</v11:timestamp>
         </v1:messageContext>
         <v1:legalContext>ServiceIntegrator</v1:legalContext>
         <v1:request>
            <v1:ssin>49010193967</v1:ssin>
            <v1:emittingPartner>0457419435</v1:emittingPartner>
            <v1:language>NL</v1:language>
            <v1:forceCreation>false</v1:forceCreation>
         </v1:request>
      </v1:createCardRequest>
   </soapenv:Body>
</soapenv:Envelope>]]></con:request><con:assertion type="SOAP Fault Assertion" id="acd75d09-e9d3-4109-a14f-cd8b28e5d035" name="Not SOAP Fault"/><con:assertion type="SOAP Response" id="d1e2c68c-65d2-41f3-a7e7-59c45000ceb3" name="SOAP Response"/><con:assertion type="Schema Compliance" id="ccfbac11-b906-4628-a525-11ae2d27bc75" name="Schema Compliance"><con:configuration/></con:assertion><con:wsaConfig action="http://fidus.brussels/services/europeandisabilitycardservice/createCard"/></con:request></con:config></con:testStep><con:testStep type="request" id="bf97cc38-a1b1-4407-9232-10fd3e5464d6" name="testcase03 - Test - External - SSIN_DeceasedPerson - Request"><con:settings/><con:config xsi:type="con:RequestStep" xmlns:xsi="http://www.w3.org/2001/XMLSchema-instance"><con:interface>EuropeanDisabilityCardServiceHTTPBinding</con:interface><con:operation>createCard</con:operation><con:request name="testcase03 - Test - External - SSIN_DeceasedPerson - Request" id="d37114b7-9799-4af4-924f-47a0b0810815" outgoingWss="Outflow TEST"><con:settings/><con:encoding>UTF-8</con:encoding><con:endpoint>https://fidus-test.irisnetlab.be/services/EuropeanDisabilityCardService_v1.0</con:endpoint><con:request><![CDATA[<soapenv:Envelope xmlns:soapenv="http://schemas.xmlsoap.org/soap/envelope/" xmlns:v1="http://fidus.brussels/service/europeandisabilitycardservice/messages/v1" xmlns:v11="http://fidus.brussels/type/common/messages/v1">
   <soapenv:Header/>
   <soapenv:Body>
      <v1:createCardRequest>
         <v1:messageContext>
            <v11:messageId>${=import static java.util.UUID.randomUUID; uuid = randomUUID() as String}</v11:messageId>
            <!--Optional:-->
            <v11:timestamp>${=new java.text.SimpleDateFormat("yyyy-MM-dd'T'HH:mm:ss.SSS").format(new Date())}</v11:timestamp>
         </v1:messageContext>
         <v1:legalContext>ServiceIntegrator</v1:legalContext>
         <v1:request>
            <v1:ssin>18100808031</v1:ssin>
            <v1:emittingPartner>0457419435</v1:emittingPartner>
            <v1:language>NL</v1:language>
            <v1:forceCreation>false</v1:forceCreation>
         </v1:request>
      </v1:createCardRequest>
   </soapenv:Body>
</soapenv:Envelope>]]></con:request><con:assertion type="SOAP Fault Assertion" id="22257523-75f2-4140-8bb1-1ee74c769636" name="Not SOAP Fault"/><con:assertion type="SOAP Response" id="a1cce396-8167-4124-8ce8-f9d2bd3e6129" name="SOAP Response"/><con:assertion type="Schema Compliance" id="ac2f24b7-6cff-4ba7-9335-b8160e2c2713" name="Schema Compliance"><con:configuration/></con:assertion><con:wsaConfig action="http://fidus.brussels/services/europeandisabilitycardservice/createCard"/></con:request></con:config></con:testStep><con:testStep type="request" id="9cc20d48-0187-4afb-987d-d7a1e8093679" name="testcase03 - Test - External - CBE_NotValid_EmittingPartner - Request"><con:settings/><con:config xsi:type="con:RequestStep" xmlns:xsi="http://www.w3.org/2001/XMLSchema-instance"><con:interface>EuropeanDisabilityCardServiceHTTPBinding</con:interface><con:operation>createCard</con:operation><con:request name="testcase03 - Test - External - CBE_NotValid_EmittingPartner - Request" id="f4700197-64fa-4dc3-b93a-0668b263bf38" outgoingWss="Outflow TEST"><con:settings/><con:encoding>UTF-8</con:encoding><con:endpoint>https://fidus-test.irisnetlab.be/services/EuropeanDisabilityCardService_v1.0</con:endpoint><con:request><![CDATA[<soapenv:Envelope xmlns:soapenv="http://schemas.xmlsoap.org/soap/envelope/" xmlns:v1="http://fidus.brussels/service/europeandisabilitycardservice/messages/v1" xmlns:v11="http://fidus.brussels/type/common/messages/v1">
   <soapenv:Header/>
   <soapenv:Body>
      <v1:createCardRequest>
         <v1:messageContext>
            <v11:messageId>${=import static java.util.UUID.randomUUID; uuid = randomUUID() as String}</v11:messageId>
            <!--Optional:-->
            <v11:timestamp>${=new java.text.SimpleDateFormat("yyyy-MM-dd'T'HH:mm:ss.SSS").format(new Date())}</v11:timestamp>
         </v1:messageContext>
         <v1:legalContext>ServiceIntegrator</v1:legalContext>
         <v1:request>
            <v1:ssin>50081133058</v1:ssin>
            <v1:emittingPartner>0887164275</v1:emittingPartner>
            <v1:language>NL</v1:language>
            <v1:forceCreation>false</v1:forceCreation>
         </v1:request>
      </v1:createCardRequest>
   </soapenv:Body>
</soapenv:Envelope>]]></con:request><con:assertion type="SOAP Fault Assertion" id="e8051a51-dbdb-4d02-9dd1-16d847fd7bbe" name="Not SOAP Fault"/><con:assertion type="SOAP Response" id="3e2cab66-e43b-47e2-9d16-77632dcb9f2b" name="SOAP Response"/><con:assertion type="Schema Compliance" id="427e64fa-4327-401e-a7c9-2f4d70155354" name="Schema Compliance"><con:configuration/></con:assertion><con:wsaConfig action="http://fidus.brussels/services/europeandisabilitycardservice/createCard"/></con:request></con:config></con:testStep><con:testStep type="request" id="875d5775-33e3-4d38-853d-a87afa50fae7" name="testcase03 - Test - External - ActiveCard_Other_EmittingPartner - Request"><con:settings/><con:config xsi:type="con:RequestStep" xmlns:xsi="http://www.w3.org/2001/XMLSchema-instance"><con:interface>EuropeanDisabilityCardServiceHTTPBinding</con:interface><con:operation>createCard</con:operation><con:request name="testcase03 - Test - External - ActiveCard_Other_EmittingPartner - Request" id="9e6d27cd-48cf-4ecc-81f0-c6d234838fe1" outgoingWss="Outflow TEST"><con:settings/><con:encoding>UTF-8</con:encoding><con:endpoint>https://fidus-test.irisnetlab.be/services/EuropeanDisabilityCardService_v1.0</con:endpoint><con:request><![CDATA[<soapenv:Envelope xmlns:soapenv="http://schemas.xmlsoap.org/soap/envelope/" xmlns:v1="http://fidus.brussels/service/europeandisabilitycardservice/messages/v1" xmlns:v11="http://fidus.brussels/type/common/messages/v1">
   <soapenv:Header/>
   <soapenv:Body>
      <v1:createCardRequest>
         <v1:messageContext>
            <v11:messageId>${=import static java.util.UUID.randomUUID; uuid = randomUUID() as String}</v11:messageId>
            <!--Optional:-->
            <v11:timestamp>${=new java.text.SimpleDateFormat("yyyy-MM-dd'T'HH:mm:ss.SSS").format(new Date())}</v11:timestamp>
         </v1:messageContext>
         <v1:legalContext>ServiceIntegrator</v1:legalContext>
         <v1:request>
            <v1:ssin>50081133058</v1:ssin>
            <v1:emittingPartner>0457419435</v1:emittingPartner>
            <v1:language>NL</v1:language>
            <v1:forceCreation>false</v1:forceCreation>
         </v1:request>
      </v1:createCardRequest>
   </soapenv:Body>
</soapenv:Envelope>]]></con:request><con:assertion type="SOAP Fault Assertion" id="5818c5e7-fc83-4a40-91bd-6d05b8700e99" name="Not SOAP Fault"/><con:assertion type="SOAP Response" id="47dea74e-813b-4cab-8eb3-fe9579e9e4cc" name="SOAP Response"/><con:assertion type="Schema Compliance" id="a55693a6-beef-4efd-8f7f-e1a7cd8739a7" name="Schema Compliance"><con:configuration/></con:assertion><con:wsaConfig action="http://fidus.brussels/services/europeandisabilitycardservice/createCard"/></con:request></con:config></con:testStep><con:testStep type="request" id="bc707177-1372-4b77-b843-f1178cc28838" name="testcase03 - Test - External - CreateCard - Request"><con:settings/><con:config xsi:type="con:RequestStep" xmlns:xsi="http://www.w3.org/2001/XMLSchema-instance"><con:interface>EuropeanDisabilityCardServiceHTTPBinding</con:interface><con:operation>createCard</con:operation><con:request name="testcase03 - Test - External - CreateCard - Request" id="f66ef6bd-ad4b-4ac1-bc44-e64f710ea113" outgoingWss="Outflow TEST"><con:settings/><con:encoding>UTF-8</con:encoding><con:endpoint>https://fidus-test.irisnetlab.be/services/EuropeanDisabilityCardService_v1.0</con:endpoint><con:request><![CDATA[<soapenv:Envelope xmlns:soapenv="http://schemas.xmlsoap.org/soap/envelope/" xmlns:v1="http://fidus.brussels/service/europeandisabilitycardservice/messages/v1" xmlns:v11="http://fidus.brussels/type/common/messages/v1">
   <soapenv:Header/>
   <soapenv:Body>
      <v1:createCardRequest>
         <v1:messageContext>
            <v11:messageId>${=import static java.util.UUID.randomUUID; uuid = randomUUID() as String}</v11:messageId>
            <!--Optional:-->
            <v11:timestamp>${=new java.text.SimpleDateFormat("yyyy-MM-dd'T'HH:mm:ss.SSS").format(new Date())}</v11:timestamp>
         </v1:messageContext>
         <v1:legalContext>ServiceIntegrator</v1:legalContext>
         <v1:request>
            <v1:ssin>91040526866</v1:ssin>
            <v1:emittingPartner>0457419435</v1:emittingPartner>
            <v1:language>NL</v1:language>
            <v1:forceCreation>true</v1:forceCreation>
         </v1:request>
      </v1:createCardRequest>
   </soapenv:Body>
</soapenv:Envelope>]]></con:request><con:assertion type="SOAP Fault Assertion" id="7c863bb8-4b8b-4e80-af27-92ba261d8806" name="Not SOAP Fault"/><con:assertion type="SOAP Response" id="7d433079-edeb-42ba-868b-222f27abc519" name="SOAP Response"/><con:assertion type="Schema Compliance" id="80bd752e-2a83-4829-b50f-33feb8bd39f7" name="Schema Compliance"><con:configuration/></con:assertion><con:wsaConfig action="http://fidus.brussels/services/europeandisabilitycardservice/createCard"/></con:request></con:config></con:testStep><con:testStep type="request" id="40ce0e75-7acf-4e88-9190-18e11ae64801" name="testcase03 - Test - External - CreateNewCard_CardActive - Request"><con:settings/><con:config xsi:type="con:RequestStep" xmlns:xsi="http://www.w3.org/2001/XMLSchema-instance"><con:interface>EuropeanDisabilityCardServiceHTTPBinding</con:interface><con:operation>createCard</con:operation><con:request name="testcase03 - Test - External - CreateNewCard_CardActive - Request" id="cb71985b-fc9a-438a-a952-5e23c94dde3f" outgoingWss="Outflow TEST"><con:settings/><con:encoding>UTF-8</con:encoding><con:endpoint>https://fidus-test.irisnetlab.be/services/EuropeanDisabilityCardService_v1.0</con:endpoint><con:request><![CDATA[<soapenv:Envelope xmlns:soapenv="http://schemas.xmlsoap.org/soap/envelope/" xmlns:v1="http://fidus.brussels/service/europeandisabilitycardservice/messages/v1" xmlns:v11="http://fidus.brussels/type/common/messages/v1">
   <soapenv:Header/>
   <soapenv:Body>
      <v1:createCardRequest>
         <v1:messageContext>
            <v11:messageId>${=import static java.util.UUID.randomUUID; uuid = randomUUID() as String}</v11:messageId>
            <!--Optional:-->
            <v11:timestamp>${=new java.text.SimpleDateFormat("yyyy-MM-dd'T'HH:mm:ss.SSS").format(new Date())}</v11:timestamp>
         </v1:messageContext>
         <v1:legalContext>ServiceIntegrator</v1:legalContext>
         <v1:request>
            <v1:ssin>84010118405</v1:ssin>
            <v1:emittingPartner>0457419435</v1:emittingPartner>
            <v1:language>NL</v1:language>
            <v1:forceCreation>false</v1:forceCreation>
         </v1:request>
      </v1:createCardRequest>
   </soapenv:Body>
</soapenv:Envelope>]]></con:request><con:assertion type="SOAP Fault Assertion" id="fb6f7478-10f2-490d-9a4c-b205f01f0399" name="Not SOAP Fault"/><con:assertion type="SOAP Response" id="43e4714d-861c-4a23-8d53-0293259f8dd4" name="SOAP Response"/><con:assertion type="Schema Compliance" id="13977b58-ea55-497d-9aab-7f65d5b194fb" name="Schema Compliance"><con:configuration/></con:assertion><con:wsaConfig action="http://fidus.brussels/services/europeandisabilitycardservice/createCard"/></con:request></con:config></con:testStep><con:testStep type="request" id="bb422259-1591-499e-9d30-f29dc04ba177" name="testcase03 - Test - External - ForceCreateNewCard - Request"><con:settings/><con:config xsi:type="con:RequestStep" xmlns:xsi="http://www.w3.org/2001/XMLSchema-instance"><con:interface>EuropeanDisabilityCardServiceHTTPBinding</con:interface><con:operation>createCard</con:operation><con:request name="testcase03 - Test - External - ForceCreateNewCard - Request" id="7f693b3c-c0bf-4fe2-9249-26a8bc88d7eb" outgoingWss="Outflow TEST"><con:settings/><con:encoding>UTF-8</con:encoding><con:endpoint>https://fidus-test.irisnetlab.be/services/EuropeanDisabilityCardService_v1.0</con:endpoint><con:request><![CDATA[<soapenv:Envelope xmlns:soapenv="http://schemas.xmlsoap.org/soap/envelope/" xmlns:v1="http://fidus.brussels/service/europeandisabilitycardservice/messages/v1" xmlns:v11="http://fidus.brussels/type/common/messages/v1">
   <soapenv:Header/>
   <soapenv:Body>
      <v1:createCardRequest>
         <v1:messageContext>
            <v11:messageId>${=import static java.util.UUID.randomUUID; uuid = randomUUID() as String}</v11:messageId>
            <!--Optional:-->
            <v11:timestamp>${=new java.text.SimpleDateFormat("yyyy-MM-dd'T'HH:mm:ss.SSS").format(new Date())}</v11:timestamp>
         </v1:messageContext>
         <v1:legalContext>ServiceIntegrator</v1:legalContext>
         <v1:request>
            <v1:ssin>50081133058</v1:ssin>
            <v1:emittingPartner>0457419435</v1:emittingPartner>
            <v1:language>NL</v1:language>
            <v1:forceCreation>true</v1:forceCreation>
         </v1:request>
      </v1:createCardRequest>
   </soapenv:Body>
</soapenv:Envelope>]]></con:request><con:assertion type="SOAP Fault Assertion" id="375ddbe1-4020-4eef-9527-c5dc94948f04" name="Not SOAP Fault"/><con:assertion type="SOAP Response" id="22d63d8b-adad-479e-8943-726150516d96" name="SOAP Response"/><con:assertion type="Schema Compliance" id="cb174c73-e3e1-46b3-8ec5-7d79b4a6aa5c" name="Schema Compliance"><con:configuration/></con:assertion><con:wsaConfig action="http://fidus.brussels/services/europeandisabilitycardservice/createCard"/></con:request></con:config></con:testStep><con:testStep type="request" id="81f8283c-43dd-4420-b9f9-06cf4011b1b4" name="testcase03 - Test - External - 30.ForceCreateNewCard - Request"><con:settings/><con:config xsi:type="con:RequestStep" xmlns:xsi="http://www.w3.org/2001/XMLSchema-instance"><con:interface>EuropeanDisabilityCardServiceHTTPBinding</con:interface><con:operation>createCard</con:operation><con:request name="testcase03 - Test - External - 30.ForceCreateNewCard - Request" id="23bdf823-00eb-4325-8b1b-5cf322e507f4" outgoingWss="Outflow TEST"><con:settings/><con:encoding>UTF-8</con:encoding><con:endpoint>https://fidus-test.irisnetlab.be/services/EuropeanDisabilityCardService_v1.0</con:endpoint><con:request><![CDATA[<soapenv:Envelope xmlns:soapenv="http://schemas.xmlsoap.org/soap/envelope/" xmlns:v1="http://fidus.brussels/service/europeandisabilitycardservice/messages/v1" xmlns:v11="http://fidus.brussels/type/common/messages/v1">
   <soapenv:Header/>
   <soapenv:Body>
      <v1:createCardRequest>
         <v1:messageContext>
            <v11:messageId>${=import static java.util.UUID.randomUUID; uuid = randomUUID() as String}</v11:messageId>
            <!--Optional:-->
            <v11:timestamp>${=new java.text.SimpleDateFormat("yyyy-MM-dd'T'HH:mm:ss.SSS").format(new Date())}</v11:timestamp>
         </v1:messageContext>
         <v1:legalContext>ServiceIntegrator</v1:legalContext>
         <v1:request>
            <v1:ssin>67052624133</v1:ssin>
            <v1:emittingPartner>0457419435</v1:emittingPartner>
            <v1:language>NL</v1:language>
            <v1:forceCreation>true</v1:forceCreation>
         </v1:request>
      </v1:createCardRequest>
   </soapenv:Body>
</soapenv:Envelope>]]></con:request><con:assertion type="SOAP Fault Assertion" id="2ea18ef3-9e7c-4a58-a515-db7ea3728884" name="Not SOAP Fault"/><con:assertion type="SOAP Response" id="6c75b6c3-60ad-4341-96d8-66a6442c9338" name="SOAP Response"/><con:assertion type="Schema Compliance" id="eebc49bd-8cc6-451f-a16b-71970d161274" name="Schema Compliance"><con:configuration/></con:assertion><con:wsaConfig action="http://fidus.brussels/services/europeandisabilitycardservice/createCard"/></con:request></con:config></con:testStep><con:testStep type="request" id="6c39d03d-d985-4b54-a184-9b1f9fbea46a" name="testcase03 - Test - External - 31.CreateCard_CancelledCard - Request"><con:settings/><con:config xsi:type="con:RequestStep" xmlns:xsi="http://www.w3.org/2001/XMLSchema-instance"><con:interface>EuropeanDisabilityCardServiceHTTPBinding</con:interface><con:operation>createCard</con:operation><con:request name="testcase03 - Test - External - 31.CreateCard_CancelledCard - Request" id="ebe2bb10-5819-4539-8c01-a64c932cf71b" outgoingWss="Outflow TEST"><con:settings/><con:encoding>UTF-8</con:encoding><con:endpoint>https://fidus-test.irisnetlab.be/services/EuropeanDisabilityCardService_v1.0</con:endpoint><con:request><![CDATA[<soapenv:Envelope xmlns:soapenv="http://schemas.xmlsoap.org/soap/envelope/" xmlns:v1="http://fidus.brussels/service/europeandisabilitycardservice/messages/v1" xmlns:v11="http://fidus.brussels/type/common/messages/v1">
   <soapenv:Header/>
   <soapenv:Body>
      <v1:createCardRequest>
         <v1:messageContext>
            <v11:messageId>${=import static java.util.UUID.randomUUID; uuid = randomUUID() as String}</v11:messageId>
            <!--Optional:-->
            <v11:timestamp>${=new java.text.SimpleDateFormat("yyyy-MM-dd'T'HH:mm:ss.SSS").format(new Date())}</v11:timestamp>
         </v1:messageContext>
         <v1:legalContext>ServiceIntegrator</v1:legalContext>
         <v1:request>
            <v1:ssin>64061324572</v1:ssin>
            <v1:emittingPartner>0457419435</v1:emittingPartner>
            <v1:language>NL</v1:language>
            <v1:forceCreation>false</v1:forceCreation>
         </v1:request>
      </v1:createCardRequest>
   </soapenv:Body>
</soapenv:Envelope>]]></con:request><con:assertion type="SOAP Fault Assertion" id="6852c60a-2f12-4260-a6f2-9f5f042db454" name="Not SOAP Fault"/><con:assertion type="SOAP Response" id="ee80fd81-7b23-43ed-bb91-3692187ddb1c" name="SOAP Response"/><con:assertion type="Schema Compliance" id="d327cadd-9d51-4738-8b28-588d5c9c2467" name="Schema Compliance"><con:configuration/></con:assertion><con:wsaConfig action="http://fidus.brussels/services/europeandisabilitycardservice/createCard"/></con:request></con:config></con:testStep><con:testStep type="request" id="aef8b2e3-870e-429e-9ae0-24531d6bfff9" name="testcase03 - Test - External - 32.ForcedCreateCard_ActiveCard - Request"><con:settings/><con:config xsi:type="con:RequestStep" xmlns:xsi="http://www.w3.org/2001/XMLSchema-instance"><con:interface>EuropeanDisabilityCardServiceHTTPBinding</con:interface><con:operation>createCard</con:operation><con:request name="testcase03 - Test - External - 32.ForcedCreateCard_ActiveCard - Request" id="3e02d0ce-4c35-48ec-8f32-87cfe4fdb480" outgoingWss="Outflow TEST"><con:settings/><con:encoding>UTF-8</con:encoding><con:endpoint>https://fidus-test.irisnetlab.be/services/EuropeanDisabilityCardService_v1.0</con:endpoint><con:request><![CDATA[<soapenv:Envelope xmlns:soapenv="http://schemas.xmlsoap.org/soap/envelope/" xmlns:v1="http://fidus.brussels/service/europeandisabilitycardservice/messages/v1" xmlns:v11="http://fidus.brussels/type/common/messages/v1">
   <soapenv:Header/>
   <soapenv:Body>
      <v1:createCardRequest>
         <v1:messageContext>
            <v11:messageId>${=import static java.util.UUID.randomUUID; uuid = randomUUID() as String}</v11:messageId>
            <!--Optional:-->
            <v11:timestamp>${=new java.text.SimpleDateFormat("yyyy-MM-dd'T'HH:mm:ss.SSS").format(new Date())}</v11:timestamp>
         </v1:messageContext>
         <v1:legalContext>ServiceIntegrator</v1:legalContext>
         <v1:request>
            <v1:ssin>64061324572</v1:ssin>
            <v1:emittingPartner>0457419435</v1:emittingPartner>
            <v1:language>NL</v1:language>
            <v1:forceCreation>true</v1:forceCreation>
         </v1:request>
      </v1:createCardRequest>
   </soapenv:Body>
</soapenv:Envelope>]]></con:request><con:assertion type="SOAP Fault Assertion" id="843734e5-3913-4c56-8099-f3353b8471a0" name="Not SOAP Fault"/><con:assertion type="SOAP Response" id="e1e40b63-0e90-409f-8e96-44753c365530" name="SOAP Response"/><con:assertion type="Schema Compliance" id="919054f1-4993-42d5-a481-a27d1b7622c9" name="Schema Compliance"><con:configuration/></con:assertion><con:wsaConfig action="http://fidus.brussels/services/europeandisabilitycardservice/createCard"/></con:request></con:config></con:testStep><con:properties/></con:testCase><con:testCase id="d05269f8-a21b-40ea-80f0-1ad94f0dc20b" failOnError="true" failTestCaseOnErrors="true" keepSession="false" maxResults="0" name="stopOrCancelCard" searchProperties="true"><con:settings/><con:testStep type="request" id="afb7b222-a81e-4386-a368-b9007b729268" name="testcase03 - Test - External - 35.CBE_NoValidEmittingPartner - Request"><con:settings/><con:config xsi:type="con:RequestStep" xmlns:xsi="http://www.w3.org/2001/XMLSchema-instance"><con:interface>EuropeanDisabilityCardServiceHTTPBinding</con:interface><con:operation>stopOrCancelCard</con:operation><con:request name="testcase03 - Test - External - 35.CBE_NoValidEmittingPartner - Request" id="2c5f18e1-e76b-441b-80c3-ef6a7680a3af" outgoingWss="Outflow TEST"><con:settings/><con:encoding>UTF-8</con:encoding><con:endpoint>https://fidus-test.irisnetlab.be/services/EuropeanDisabilityCardService_v1.0</con:endpoint><con:request><![CDATA[<soapenv:Envelope xmlns:soapenv="http://schemas.xmlsoap.org/soap/envelope/" xmlns:v1="http://fidus.brussels/service/europeandisabilitycardservice/messages/v1" xmlns:v11="http://fidus.brussels/type/common/messages/v1">
   <soapenv:Header/>
   <soapenv:Body>
      <v1:stopOrCancelCardRequest>
         <v1:messageContext>
            <v11:messageId>${=import static java.util.UUID.randomUUID; uuid = randomUUID() as String}</v11:messageId>
            <!--Optional:-->
            <v11:timestamp>${=new java.text.SimpleDateFormat("yyyy-MM-dd'T'HH:mm:ss.SSS").format(new Date())}</v11:timestamp>
         </v1:messageContext>
         <v1:legalContext>ServiceIntegrator</v1:legalContext>
         <v1:request>            
            <v1:cardNumber>10000000115</v1:cardNumber>
            <v1:emittingPartner>0646877855</v1:emittingPartner>
         </v1:request>
      </v1:stopOrCancelCardRequest>
   </soapenv:Body>
</soapenv:Envelope>]]></con:request><con:assertion type="SOAP Fault Assertion" id="6f3acf08-0e78-4ec5-a5bc-20f0183d26e3" name="Not SOAP Fault"/><con:assertion type="SOAP Response" id="f2f693e2-887a-4eab-a750-e8164934f759" name="SOAP Response"/><con:assertion type="Schema Compliance" id="ba1a4e66-bd7f-4bb7-98c3-7aeaedb4b06d" name="Schema Compliance"><con:configuration/></con:assertion><con:wsaConfig action="http://fidus.brussels/services/europeandisabilitycardservice/stopOrCancelCard"/></con:request></con:config></con:testStep><con:testStep type="request" id="1211b5b4-889f-4ee4-9728-974b4e979b94" name="testcase03 - Test - LB - Request"><con:settings/><con:config xsi:type="con:RequestStep" xmlns:xsi="http://www.w3.org/2001/XMLSchema-instance"><con:interface>EuropeanDisabilityCardServiceHTTPBinding</con:interface><con:operation>stopOrCancelCard</con:operation><con:request name="testcase03 - Test - LB - Request" id="6e35a011-39f8-4d6d-8fef-a3113c244b73" outgoingWss="Outflow TEST"><con:settings/><con:encoding>UTF-8</con:encoding><con:endpoint>https://esb-security-gw.sta.srv.cirb.lan:8443/services/EuropeanDisabilityCardService_v1.0</con:endpoint><con:request><![CDATA[<soapenv:Envelope xmlns:soapenv="http://schemas.xmlsoap.org/soap/envelope/" xmlns:v1="http://fidus.brussels/service/europeandisabilitycardservice/messages/v1" xmlns:v11="http://fidus.brussels/type/common/messages/v1">
   <soapenv:Header/>
   <soapenv:Body>
      <v1:stopOrCancelCardRequest>
         <v1:messageContext>
            <v11:messageId>${=import static java.util.UUID.randomUUID; uuid = randomUUID() as String}</v11:messageId>
            <!--Optional:-->
            <v11:timestamp>${=new java.text.SimpleDateFormat("yyyy-MM-dd'T'HH:mm:ss.SSS").format(new Date())}</v11:timestamp>
         </v1:messageContext>
         <v1:legalContext>ServiceIntegrator</v1:legalContext>
         <v1:request>            
            <v1:cardNumber>10000000115</v1:cardNumber>
            <v1:emittingPartner>0646877855</v1:emittingPartner>
         </v1:request>
      </v1:stopOrCancelCardRequest>
   </soapenv:Body>
</soapenv:Envelope>]]></con:request><con:assertion type="SOAP Fault Assertion" id="e1d2fda2-a780-49c6-b176-972df321f2f6" name="Not SOAP Fault"/><con:assertion type="SOAP Response" id="f28ef2c9-fe09-4568-8ad3-aa56e4f9ed1e" name="SOAP Response"/><con:assertion type="Schema Compliance" id="9ffdc6a2-918c-401c-84ba-3162179b9c53" name="Schema Compliance"><con:configuration/></con:assertion><con:wsaConfig action="http://fidus.brussels/services/europeandisabilitycardservice/stopOrCancelCard"/></con:request></con:config></con:testStep><con:testStep type="request" id="07d2ccfe-0396-4800-9462-9474d7953203" name="testcase03 - Test - Worker1 - Request"><con:settings/><con:config xsi:type="con:RequestStep" xmlns:xsi="http://www.w3.org/2001/XMLSchema-instance"><con:interface>EuropeanDisabilityCardServiceHTTPBinding</con:interface><con:operation>stopOrCancelCard</con:operation><con:request name="testcase03 - Test - Worker1 - Request" id="ab03d8c0-0966-4fa9-9027-d781f2e91d51" outgoingWss="Outflow TEST"><con:settings/><con:encoding>UTF-8</con:encoding><con:endpoint>https://192.168.24.45:8443/services/EuropeanDisabilityCardService_v1.0</con:endpoint><con:request><![CDATA[<soapenv:Envelope xmlns:soapenv="http://schemas.xmlsoap.org/soap/envelope/" xmlns:v1="http://fidus.brussels/service/europeandisabilitycardservice/messages/v1" xmlns:v11="http://fidus.brussels/type/common/messages/v1">
   <soapenv:Header/>
   <soapenv:Body>
      <v1:stopOrCancelCardRequest>
         <v1:messageContext>
            <v11:messageId>${=import static java.util.UUID.randomUUID; uuid = randomUUID() as String}</v11:messageId>
            <!--Optional:-->
            <v11:timestamp>${=new java.text.SimpleDateFormat("yyyy-MM-dd'T'HH:mm:ss.SSS").format(new Date())}</v11:timestamp>
         </v1:messageContext>
         <v1:legalContext>ServiceIntegrator</v1:legalContext>
         <v1:request>            
            <v1:cardNumber>10000000115</v1:cardNumber>
            <v1:emittingPartner>0646877855</v1:emittingPartner>
         </v1:request>
      </v1:stopOrCancelCardRequest>
   </soapenv:Body>
</soapenv:Envelope>]]></con:request><con:assertion type="SOAP Fault Assertion" id="6ae628fc-cd0b-4109-b533-4441453325c6" name="Not SOAP Fault"/><con:assertion type="SOAP Response" id="f16370df-4bf0-4c59-9cef-fb4437f762b7" name="SOAP Response"/><con:assertion type="Schema Compliance" id="6a437d80-45e2-49b7-9f4d-1c65e7c8c94b" name="Schema Compliance"><con:configuration/></con:assertion><con:wsaConfig action="http://fidus.brussels/services/europeandisabilitycardservice/stopOrCancelCard"/></con:request></con:config></con:testStep><con:testStep type="request" id="9db1bb8d-b9e9-45db-ab10-00a19cc59d9b" name="testcase03 - Test - Worker2 - Request"><con:settings/><con:config xsi:type="con:RequestStep" xmlns:xsi="http://www.w3.org/2001/XMLSchema-instance"><con:interface>EuropeanDisabilityCardServiceHTTPBinding</con:interface><con:operation>stopOrCancelCard</con:operation><con:request name="testcase03 - Test - Worker2 - Request" id="85915d7a-070b-4606-afe4-0f9a5f1ac6f3" outgoingWss="Outflow TEST"><con:settings/><con:encoding>UTF-8</con:encoding><con:endpoint>https://192.168.24.51:8443/services/EuropeanDisabilityCardService_v1.0</con:endpoint><con:request><![CDATA[<soapenv:Envelope xmlns:soapenv="http://schemas.xmlsoap.org/soap/envelope/" xmlns:v1="http://fidus.brussels/service/europeandisabilitycardservice/messages/v1" xmlns:v11="http://fidus.brussels/type/common/messages/v1">
   <soapenv:Header/>
   <soapenv:Body>
      <v1:stopOrCancelCardRequest>
         <v1:messageContext>
            <v11:messageId>${=import static java.util.UUID.randomUUID; uuid = randomUUID() as String}</v11:messageId>
            <!--Optional:-->
            <v11:timestamp>${=new java.text.SimpleDateFormat("yyyy-MM-dd'T'HH:mm:ss.SSS").format(new Date())}</v11:timestamp>
         </v1:messageContext>
         <v1:legalContext>ServiceIntegrator</v1:legalContext>
         <v1:request>            
            <v1:cardNumber>10000000115</v1:cardNumber>
            <v1:emittingPartner>0646877855</v1:emittingPartner>
         </v1:request>
      </v1:stopOrCancelCardRequest>
   </soapenv:Body>
</soapenv:Envelope>]]></con:request><con:assertion type="SOAP Fault Assertion" id="f08df8e4-bd0d-44fc-8a2b-2cfde46f418d" name="Not SOAP Fault"/><con:assertion type="SOAP Response" id="57f4845a-9b82-4f68-a95f-b4e5ef057086" name="SOAP Response"/><con:assertion type="Schema Compliance" id="e2c65ab1-34bf-4542-aacf-6854fc2fbb22" name="Schema Compliance"><con:configuration/></con:assertion><con:wsaConfig action="http://fidus.brussels/services/europeandisabilitycardservice/stopOrCancelCard"/></con:request></con:config></con:testStep><con:testStep type="request" id="11da411c-54d1-42ee-bba4-5a683502f5c5" name="testcase03 - Test - External - 36.Cardnr_notExist - Request"><con:settings/><con:config xsi:type="con:RequestStep" xmlns:xsi="http://www.w3.org/2001/XMLSchema-instance"><con:interface>EuropeanDisabilityCardServiceHTTPBinding</con:interface><con:operation>stopOrCancelCard</con:operation><con:request name="testcase03 - Test - External - 36.Cardnr_notExist - Request" id="af5d309f-9df4-4ecb-8235-165be994c758" outgoingWss="Outflow TEST"><con:settings/><con:encoding>UTF-8</con:encoding><con:endpoint>https://fidus-test.irisnetlab.be/services/EuropeanDisabilityCardService_v1.0</con:endpoint><con:request><![CDATA[<soapenv:Envelope xmlns:soapenv="http://schemas.xmlsoap.org/soap/envelope/" xmlns:v1="http://fidus.brussels/service/europeandisabilitycardservice/messages/v1" xmlns:v11="http://fidus.brussels/type/common/messages/v1">
   <soapenv:Header/>
   <soapenv:Body>
      <v1:stopOrCancelCardRequest>
         <v1:messageContext>
            <v11:messageId>${=import static java.util.UUID.randomUUID; uuid = randomUUID() as String}</v11:messageId>
            <!--Optional:-->
            <v11:timestamp>${=new java.text.SimpleDateFormat("yyyy-MM-dd'T'HH:mm:ss.SSS").format(new Date())}</v11:timestamp>
         </v1:messageContext>
         <v1:legalContext>ServiceIntegrator</v1:legalContext>
         <v1:request>            
            <v1:cardNumber>10000008726</v1:cardNumber>
            <v1:emittingPartner>0457419435</v1:emittingPartner>
         </v1:request>
      </v1:stopOrCancelCardRequest>
   </soapenv:Body>
</soapenv:Envelope>]]></con:request><con:assertion type="SOAP Fault Assertion" id="18bf299c-b1f0-40db-aae5-0fb2e8e3518b" name="Not SOAP Fault"/><con:assertion type="SOAP Response" id="ac448130-44f0-404e-801f-e088b1bfd86d" name="SOAP Response"/><con:assertion type="Schema Compliance" id="6e44732d-e769-4425-a9d6-8eeed2e63ed1" name="Schema Compliance"><con:configuration/></con:assertion><con:wsaConfig action="http://fidus.brussels/services/europeandisabilitycardservice/stopOrCancelCard"/></con:request></con:config></con:testStep><con:testStep type="request" id="e33e09f2-be10-4f9a-a634-7d76b21d68bd" name="testcase03 - Test - External - CancelledCard - Request"><con:settings/><con:config xsi:type="con:RequestStep" xmlns:xsi="http://www.w3.org/2001/XMLSchema-instance"><con:interface>EuropeanDisabilityCardServiceHTTPBinding</con:interface><con:operation>stopOrCancelCard</con:operation><con:request name="testcase03 - Test - External - CancelledCard - Request" id="759d242c-2658-4a90-a4e7-daddf003dd9a" outgoingWss="Outflow TEST"><con:settings/><con:encoding>UTF-8</con:encoding><con:endpoint>https://fidus-test.irisnetlab.be/services/EuropeanDisabilityCardService_v1.0</con:endpoint><con:request><![CDATA[<soapenv:Envelope xmlns:soapenv="http://schemas.xmlsoap.org/soap/envelope/" xmlns:v1="http://fidus.brussels/service/europeandisabilitycardservice/messages/v1" xmlns:v11="http://fidus.brussels/type/common/messages/v1">
   <soapenv:Header/>
   <soapenv:Body>
      <v1:stopOrCancelCardRequest>
         <v1:messageContext>
            <v11:messageId>${=import static java.util.UUID.randomUUID; uuid = randomUUID() as String}</v11:messageId>
            <!--Optional:-->
            <v11:timestamp>${=new java.text.SimpleDateFormat("yyyy-MM-dd'T'HH:mm:ss.SSS").format(new Date())}</v11:timestamp>
         </v1:messageContext>
         <v1:legalContext>ServiceIntegrator</v1:legalContext>
         <v1:request>            
            <v1:cardNumber>10000018426</v1:cardNumber>
            <v1:emittingPartner>0457419435</v1:emittingPartner>
         </v1:request>
      </v1:stopOrCancelCardRequest>
   </soapenv:Body>
</soapenv:Envelope>]]></con:request><con:assertion type="SOAP Fault Assertion" id="fc69774a-9e0a-49d9-ac5a-3e7c9926a727" name="Not SOAP Fault"/><con:assertion type="SOAP Response" id="94c29308-63da-4411-9fbc-cc8136a876b9" name="SOAP Response"/><con:assertion type="Schema Compliance" id="c921e5dc-6ac2-41a2-85c0-79b3b7967efa" name="Schema Compliance"><con:configuration/></con:assertion><con:wsaConfig action="http://fidus.brussels/services/europeandisabilitycardservice/stopOrCancelCard"/></con:request></con:config></con:testStep><con:testStep type="request" id="bf151161-5042-44e2-a94a-34035b05aa9f" name="testcase03 - Test - External - Cancel_ActiveCard - Request"><con:settings/><con:config xsi:type="con:RequestStep" xmlns:xsi="http://www.w3.org/2001/XMLSchema-instance"><con:interface>EuropeanDisabilityCardServiceHTTPBinding</con:interface><con:operation>stopOrCancelCard</con:operation><con:request name="testcase03 - Test - External - Cancel_ActiveCard - Request" id="4c074d72-22fe-4502-8526-ba30acaaaf10" outgoingWss="Outflow TEST"><con:settings/><con:encoding>UTF-8</con:encoding><con:endpoint>https://fidus-test.irisnetlab.be/services/EuropeanDisabilityCardService_v1.0</con:endpoint><con:request><![CDATA[<soapenv:Envelope xmlns:soapenv="http://schemas.xmlsoap.org/soap/envelope/" xmlns:v1="http://fidus.brussels/service/europeandisabilitycardservice/messages/v1" xmlns:v11="http://fidus.brussels/type/common/messages/v1">
   <soapenv:Header/>
   <soapenv:Body>
      <v1:stopOrCancelCardRequest>
         <v1:messageContext>
            <v11:messageId>${=import static java.util.UUID.randomUUID; uuid = randomUUID() as String}</v11:messageId>
            <!--Optional:-->
            <v11:timestamp>${=new java.text.SimpleDateFormat("yyyy-MM-dd'T'HH:mm:ss.SSS").format(new Date())}</v11:timestamp>
         </v1:messageContext>
         <v1:legalContext>ServiceIntegrator</v1:legalContext>
         <v1:request>            
            <v1:cardNumber>10000018921</v1:cardNumber>
            <v1:emittingPartner>0457419435</v1:emittingPartner>
         </v1:request>
      </v1:stopOrCancelCardRequest>
   </soapenv:Body>
</soapenv:Envelope>]]></con:request><con:assertion type="SOAP Fault Assertion" id="4476cdb7-ce26-4d9d-a4bd-869b951cfce4" name="Not SOAP Fault"/><con:assertion type="SOAP Response" id="1732a1b3-fa7d-40c5-8b18-119992985642" name="SOAP Response"/><con:assertion type="Schema Compliance" id="28dbd31f-9093-419b-bc92-42636b9336c9" name="Schema Compliance"><con:configuration/></con:assertion><con:wsaConfig action="http://fidus.brussels/services/europeandisabilitycardservice/stopOrCancelCard"/></con:request></con:config></con:testStep><con:testStep type="request" id="9bbbd332-56ca-45f9-8798-62a976ea1231" name="testcase03 - Test - External - 37.Cancel_CancelledCard - Request"><con:settings/><con:config xsi:type="con:RequestStep" xmlns:xsi="http://www.w3.org/2001/XMLSchema-instance"><con:interface>EuropeanDisabilityCardServiceHTTPBinding</con:interface><con:operation>stopOrCancelCard</con:operation><con:request name="testcase03 - Test - External - 37.Cancel_CancelledCard - Request" id="72e26565-c3b6-40b6-9f13-6779823d150a" outgoingWss="Outflow TEST"><con:settings/><con:encoding>UTF-8</con:encoding><con:endpoint>https://fidus-test.irisnetlab.be/services/EuropeanDisabilityCardService_v1.0</con:endpoint><con:request><![CDATA[<soapenv:Envelope xmlns:soapenv="http://schemas.xmlsoap.org/soap/envelope/" xmlns:v1="http://fidus.brussels/service/europeandisabilitycardservice/messages/v1" xmlns:v11="http://fidus.brussels/type/common/messages/v1">
   <soapenv:Header/>
   <soapenv:Body>
      <v1:stopOrCancelCardRequest>
         <v1:messageContext>
            <v11:messageId>${=import static java.util.UUID.randomUUID; uuid = randomUUID() as String}</v11:messageId>
            <!--Optional:-->
            <v11:timestamp>${=new java.text.SimpleDateFormat("yyyy-MM-dd'T'HH:mm:ss.SSS").format(new Date())}</v11:timestamp>
         </v1:messageContext>
         <v1:legalContext>ServiceIntegrator</v1:legalContext>
         <v1:request>            
            <v1:cardNumber>10000007142</v1:cardNumber>
            <v1:emittingPartner>0457419435</v1:emittingPartner>
         </v1:request>
      </v1:stopOrCancelCardRequest>
   </soapenv:Body>
</soapenv:Envelope>]]></con:request><con:assertion type="SOAP Fault Assertion" id="70f22c1b-0994-4e11-abf7-8e559923c253" name="Not SOAP Fault"/><con:assertion type="SOAP Response" id="5274c1c6-05fc-4dc1-8c3d-3e1897d475a2" name="SOAP Response"/><con:assertion type="Schema Compliance" id="6febd348-dee9-42e0-9c0f-2f76531bb98a" name="Schema Compliance"><con:configuration/></con:assertion><con:wsaConfig action="http://fidus.brussels/services/europeandisabilitycardservice/stopOrCancelCard"/></con:request></con:config></con:testStep><con:testStep type="request" id="3e546704-d622-49e2-9d80-9834071cbf59" name="testcase03 - Test - External - 38.Cancel_ActiveCard - Request"><con:settings/><con:config xsi:type="con:RequestStep" xmlns:xsi="http://www.w3.org/2001/XMLSchema-instance"><con:interface>EuropeanDisabilityCardServiceHTTPBinding</con:interface><con:operation>stopOrCancelCard</con:operation><con:request name="testcase03 - Test - External - 38.Cancel_ActiveCard - Request" id="06445fc8-7e74-4e94-965e-a35bd3401412" outgoingWss="Outflow TEST"><con:settings/><con:encoding>UTF-8</con:encoding><con:endpoint>https://fidus-test.irisnetlab.be/services/EuropeanDisabilityCardService_v1.0</con:endpoint><con:request><![CDATA[<soapenv:Envelope xmlns:soapenv="http://schemas.xmlsoap.org/soap/envelope/" xmlns:v1="http://fidus.brussels/service/europeandisabilitycardservice/messages/v1" xmlns:v11="http://fidus.brussels/type/common/messages/v1">
   <soapenv:Header/>
   <soapenv:Body>
      <v1:stopOrCancelCardRequest>
         <v1:messageContext>
            <v11:messageId>${=import static java.util.UUID.randomUUID; uuid = randomUUID() as String}</v11:messageId>
            <!--Optional:-->
            <v11:timestamp>${=new java.text.SimpleDateFormat("yyyy-MM-dd'T'HH:mm:ss.SSS").format(new Date())}</v11:timestamp>
         </v1:messageContext>
         <v1:legalContext>ServiceIntegrator</v1:legalContext>
         <v1:request>            
            <v1:cardNumber>10000033965</v1:cardNumber>
            <v1:emittingPartner>0457419435</v1:emittingPartner>
         </v1:request>
      </v1:stopOrCancelCardRequest>
   </soapenv:Body>
</soapenv:Envelope>]]></con:request><con:assertion type="SOAP Fault Assertion" id="6d781ef0-b856-4a3b-b73a-75895dcfbc98" name="Not SOAP Fault"/><con:assertion type="SOAP Response" id="1b0d13b2-9c82-40e8-999f-8e0f40cb7d80" name="SOAP Response"/><con:assertion type="Schema Compliance" id="980570e3-027a-494e-bdd3-dc4c956027b0" name="Schema Compliance"><con:configuration/></con:assertion><con:wsaConfig action="http://fidus.brussels/services/europeandisabilitycardservice/stopOrCancelCard"/></con:request></con:config></con:testStep><con:testStep type="request" id="2e082fb4-676f-4b9a-8dbf-530425a87f07" name="testcase03 - Test - External - 39.CloseCard_inProcessing - Request"><con:settings/><con:config xsi:type="con:RequestStep" xmlns:xsi="http://www.w3.org/2001/XMLSchema-instance"><con:interface>EuropeanDisabilityCardServiceHTTPBinding</con:interface><con:operation>stopOrCancelCard</con:operation><con:request name="testcase03 - Test - External - 39.CloseCard_inProcessing - Request" id="af55dfed-398c-40e6-be15-32cb709cde10" outgoingWss="Outflow TEST"><con:settings/><con:encoding>UTF-8</con:encoding><con:endpoint>https://fidus-test.irisnetlab.be/services/EuropeanDisabilityCardService_v1.0</con:endpoint><con:request><![CDATA[<soapenv:Envelope xmlns:soapenv="http://schemas.xmlsoap.org/soap/envelope/" xmlns:v1="http://fidus.brussels/service/europeandisabilitycardservice/messages/v1" xmlns:v11="http://fidus.brussels/type/common/messages/v1">
   <soapenv:Header/>
   <soapenv:Body>
      <v1:stopOrCancelCardRequest>
         <v1:messageContext>
            <v11:messageId>${=import static java.util.UUID.randomUUID; uuid = randomUUID() as String}</v11:messageId>
            <!--Optional:-->
            <v11:timestamp>${=new java.text.SimpleDateFormat("yyyy-MM-dd'T'HH:mm:ss.SSS").format(new Date())}</v11:timestamp>
         </v1:messageContext>
         <v1:legalContext>ServiceIntegrator</v1:legalContext>
         <v1:request>            
            <v1:cardNumber>84081632545</v1:cardNumber>
            <v1:emittingPartner>0457419435</v1:emittingPartner>
         </v1:request>
      </v1:stopOrCancelCardRequest>
   </soapenv:Body>
</soapenv:Envelope>]]></con:request><con:assertion type="SOAP Fault Assertion" id="21d6f3dd-cd19-41d1-8d4a-47f4b28b41de" name="Not SOAP Fault"/><con:assertion type="SOAP Response" id="3fdc262b-395b-46a0-9612-7157d028f674" name="SOAP Response"/><con:assertion type="Schema Compliance" id="be0c9758-28ce-44a3-9609-6e8f1d47984e" name="Schema Compliance"><con:configuration/></con:assertion><con:wsaConfig action="http://fidus.brussels/services/europeandisabilitycardservice/stopOrCancelCard"/></con:request></con:config></con:testStep><con:testStep type="request" id="7360857f-88eb-4842-8cdb-06fbe765cfce" name="testcase03 - Test - External - 40.CloseCard_in_SENT - Request"><con:settings/><con:config xsi:type="con:RequestStep" xmlns:xsi="http://www.w3.org/2001/XMLSchema-instance"><con:interface>EuropeanDisabilityCardServiceHTTPBinding</con:interface><con:operation>stopOrCancelCard</con:operation><con:request name="testcase03 - Test - External - 40.CloseCard_in_SENT - Request" id="bf4fcc26-ab8c-4a59-a7fb-a735cf38b740" outgoingWss="Outflow TEST"><con:settings/><con:encoding>UTF-8</con:encoding><con:endpoint>https://fidus-test.irisnetlab.be/services/EuropeanDisabilityCardService_v1.0</con:endpoint><con:request><![CDATA[<soapenv:Envelope xmlns:soapenv="http://schemas.xmlsoap.org/soap/envelope/" xmlns:v1="http://fidus.brussels/service/europeandisabilitycardservice/messages/v1" xmlns:v11="http://fidus.brussels/type/common/messages/v1">
   <soapenv:Header/>
   <soapenv:Body>
      <v1:stopOrCancelCardRequest>
         <v1:messageContext>
            <v11:messageId>${=import static java.util.UUID.randomUUID; uuid = randomUUID() as String}</v11:messageId>
            <!--Optional:-->
            <v11:timestamp>${=new java.text.SimpleDateFormat("yyyy-MM-dd'T'HH:mm:ss.SSS").format(new Date())}</v11:timestamp>
         </v1:messageContext>
         <v1:legalContext>ServiceIntegrator</v1:legalContext>
         <v1:request>            
            <v1:cardNumber>10000012981</v1:cardNumber>
            <v1:emittingPartner>0457419435</v1:emittingPartner>
         </v1:request>
      </v1:stopOrCancelCardRequest>
   </soapenv:Body>
</soapenv:Envelope>]]></con:request><con:assertion type="SOAP Fault Assertion" id="82b891f8-b4f6-44e9-93f3-df613699ebd9" name="Not SOAP Fault"/><con:assertion type="SOAP Response" id="0261490c-4eb8-478a-9c52-b709eab93106" name="SOAP Response"/><con:assertion type="Schema Compliance" id="7e13c06e-91e1-4b6b-bbe1-b96480bf4df0" name="Schema Compliance"><con:configuration/></con:assertion><con:wsaConfig action="http://fidus.brussels/services/europeandisabilitycardservice/stopOrCancelCard"/></con:request></con:config></con:testStep><con:testStep type="request" id="def6f76a-20fb-46c6-b3f2-877a8af08aab" name="testcase03 - Test - External - 41.CloseCard_OtherEmittingPartner - Request"><con:settings/><con:config xsi:type="con:RequestStep" xmlns:xsi="http://www.w3.org/2001/XMLSchema-instance"><con:interface>EuropeanDisabilityCardServiceHTTPBinding</con:interface><con:operation>stopOrCancelCard</con:operation><con:request name="testcase03 - Test - External - 41.CloseCard_OtherEmittingPartner - Request" id="eee5de6d-26bd-4a3f-bd1c-74deda9746aa" outgoingWss="Outflow TEST"><con:settings/><con:encoding>UTF-8</con:encoding><con:endpoint>https://fidus-test.irisnetlab.be/services/EuropeanDisabilityCardService_v1.0</con:endpoint><con:request><![CDATA[<soapenv:Envelope xmlns:soapenv="http://schemas.xmlsoap.org/soap/envelope/" xmlns:v1="http://fidus.brussels/service/europeandisabilitycardservice/messages/v1" xmlns:v11="http://fidus.brussels/type/common/messages/v1">
   <soapenv:Header/>
   <soapenv:Body>
      <v1:stopOrCancelCardRequest>
         <v1:messageContext>
            <v11:messageId>${=import static java.util.UUID.randomUUID; uuid = randomUUID() as String}</v11:messageId>
            <!--Optional:-->
            <v11:timestamp>${=new java.text.SimpleDateFormat("yyyy-MM-dd'T'HH:mm:ss.SSS").format(new Date())}</v11:timestamp>
         </v1:messageContext>
         <v1:legalContext>ServiceIntegrator</v1:legalContext>
         <v1:request>            
            <v1:cardNumber>10000012090</v1:cardNumber>
            <v1:emittingPartner>0457419435</v1:emittingPartner>
         </v1:request>
      </v1:stopOrCancelCardRequest>
   </soapenv:Body>
</soapenv:Envelope>]]></con:request><con:assertion type="SOAP Fault Assertion" id="99b1c959-8c23-4a38-9ffb-229d026b895e" name="Not SOAP Fault"/><con:assertion type="SOAP Response" id="3faa4ea4-39b1-453e-a076-120dcb2e7a83" name="SOAP Response"/><con:assertion type="Schema Compliance" id="88956430-b4a3-495a-932b-339073bf224f" name="Schema Compliance"><con:configuration/></con:assertion><con:wsaConfig action="http://fidus.brussels/services/europeandisabilitycardservice/stopOrCancelCard"/></con:request></con:config></con:testStep><con:testStep type="request" id="05012a1a-cd38-4d01-91d3-576513608f7b" name="testcase03 - Test - External - 42.CloseCard_Invalid_CardNumber - Request"><con:settings/><con:config xsi:type="con:RequestStep" xmlns:xsi="http://www.w3.org/2001/XMLSchema-instance"><con:interface>EuropeanDisabilityCardServiceHTTPBinding</con:interface><con:operation>stopOrCancelCard</con:operation><con:request name="testcase03 - Test - External - 42.CloseCard_Invalid_CardNumber - Request" id="809738bf-0024-4476-a556-a7fe61d01009" outgoingWss="Outflow TEST"><con:settings/><con:encoding>UTF-8</con:encoding><con:endpoint>https://fidus-test.irisnetlab.be/services/EuropeanDisabilityCardService_v1.0</con:endpoint><con:request><![CDATA[<soapenv:Envelope xmlns:soapenv="http://schemas.xmlsoap.org/soap/envelope/" xmlns:v1="http://fidus.brussels/service/europeandisabilitycardservice/messages/v1" xmlns:v11="http://fidus.brussels/type/common/messages/v1">
   <soapenv:Header/>
   <soapenv:Body>
      <v1:stopOrCancelCardRequest>
         <v1:messageContext>
            <v11:messageId>${=import static java.util.UUID.randomUUID; uuid = randomUUID() as String}</v11:messageId>
            <!--Optional:-->
            <v11:timestamp>${=new java.text.SimpleDateFormat("yyyy-MM-dd'T'HH:mm:ss.SSS").format(new Date())}</v11:timestamp>
         </v1:messageContext>
         <v1:legalContext>ServiceIntegrator</v1:legalContext>
         <v1:request>            
            <v1:cardNumber>13081340449</v1:cardNumber>
            <v1:emittingPartner>0457419435</v1:emittingPartner>
         </v1:request>
      </v1:stopOrCancelCardRequest>
   </soapenv:Body>
</soapenv:Envelope>]]></con:request><con:assertion type="SOAP Fault Assertion" id="836f4eaf-9c34-40bc-baed-f79457bd7f49" name="Not SOAP Fault"/><con:assertion type="SOAP Response" id="e194bc5c-0dd7-4fe7-b362-3243b78032af" name="SOAP Response"/><con:assertion type="Schema Compliance" id="c3d35c4b-6f98-4be7-8fa5-152663c60009" name="Schema Compliance"><con:configuration/></con:assertion><con:wsaConfig action="http://fidus.brussels/services/europeandisabilitycardservice/stopOrCancelCard"/></con:request></con:config></con:testStep><con:properties/></con:testCase><con:properties/></con:testSuite><con:testSuite id="3126dadf-bef1-4912-9958-bd0cd25750f8" name="STAG"><con:settings/><con:runType>SEQUENTIAL</con:runType><con:testCase id="3d6cdab8-b532-4261-8766-a91866af44c2" failOnError="true" failTestCaseOnErrors="true" keepSession="false" maxResults="0" name="consultActiveCards" searchProperties="true"><con:settings/><con:testStep type="request" id="0004918c-fc1b-4e9e-b7f0-53bfb0cd6824" name="testcase04- Staging - External - Request"><con:settings/><con:config xsi:type="con:RequestStep" xmlns:xsi="http://www.w3.org/2001/XMLSchema-instance"><con:interface>EuropeanDisabilityCardServiceHTTPBinding</con:interface><con:operation>consultActiveCards</con:operation><con:request name="testcase04- Staging - External - Request" id="a6c9867d-f983-4b45-902d-581fda076211" outgoingWss="Outflow STAG"><con:settings/><con:encoding>UTF-8</con:encoding><con:endpoint>https://fidus.sec.brussels/services/EuropeanDisabilityCardService_v1.0</con:endpoint><con:request><![CDATA[<soapenv:Envelope xmlns:soapenv="http://schemas.xmlsoap.org/soap/envelope/" xmlns:v1="http://fidus.brussels/service/europeandisabilitycardservice/messages/v1" xmlns:v11="http://fidus.brussels/type/common/messages/v1">
   <soapenv:Header/>
   <soapenv:Body>
      <v1:consultActiveCardsRequest>         
         <v1:messageContext>
            <v11:messageId>${=import static java.util.UUID.randomUUID; uuid = randomUUID() as String}</v11:messageId>
            <!--Optional:-->
            <v11:timestamp>${=new java.text.SimpleDateFormat("yyyy-MM-dd'T'HH:mm:ss.SSS").format(new Date())}</v11:timestamp>
         </v1:messageContext>
         <v1:legalContext>ServiceIntegrator</v1:legalContext>
         <v1:request>
            <v1:ssin>10022104563</v1:ssin>
            <!--Optional:-->
            <v1:referenceDate>2017-09-01</v1:referenceDate>
         </v1:request>
      </v1:consultActiveCardsRequest>
   </soapenv:Body>
</soapenv:Envelope>]]></con:request><con:assertion type="SOAP Fault Assertion" id="c70cf560-62f5-45ad-80ff-0f5d4650b85c" name="Not SOAP Fault"/><con:assertion type="SOAP Response" id="ab62e955-50f1-4630-b8d0-b68b8c5c8299" name="SOAP Response"/><con:assertion type="Schema Compliance" id="cb1582e4-38c0-4d4e-a902-3f01ccca64d7" name="Schema Compliance"><con:configuration/></con:assertion><con:wsaConfig action="http://fidus.brussels/services/europeandisabilitycardservice/consultActiveCards"/></con:request></con:config></con:testStep><con:testStep type="request" id="2006c1a7-4f10-45f2-8c8c-1f36883c5adf" name="testcase04- Staging - LB - Request"><con:settings/><con:config xsi:type="con:RequestStep" xmlns:xsi="http://www.w3.org/2001/XMLSchema-instance"><con:interface>EuropeanDisabilityCardServiceHTTPBinding</con:interface><con:operation>consultActiveCards</con:operation><con:request name="testcase04- Staging - LB - Request" id="cb9da5ff-1eaf-4df5-a4df-42bf9da3626a" outgoingWss="Outflow STAG"><con:settings/><con:encoding>UTF-8</con:encoding><con:endpoint>https://fidus-esb-sg.prd.srv.cirb.lan:8443/services/EuropeanDisabilityCardService_v1.0</con:endpoint><con:request><![CDATA[<soapenv:Envelope xmlns:soapenv="http://schemas.xmlsoap.org/soap/envelope/" xmlns:v1="http://fidus.brussels/service/europeandisabilitycardservice/messages/v1" xmlns:v11="http://fidus.brussels/type/common/messages/v1">
   <soapenv:Header/>
   <soapenv:Body>
      <v1:consultActiveCardsRequest>         
         <v1:messageContext>
            <v11:messageId>${=import static java.util.UUID.randomUUID; uuid = randomUUID() as String}</v11:messageId>
            <!--Optional:-->
            <v11:timestamp>${=new java.text.SimpleDateFormat("yyyy-MM-dd'T'HH:mm:ss.SSS").format(new Date())}</v11:timestamp>
         </v1:messageContext>
         <v1:legalContext>ServiceIntegrator</v1:legalContext>
         <v1:request>
            <v1:ssin>10022104563</v1:ssin>
            <!--Optional:-->
            <v1:referenceDate>2017-09-01</v1:referenceDate>
         </v1:request>
      </v1:consultActiveCardsRequest>
   </soapenv:Body>
</soapenv:Envelope>]]></con:request><con:assertion type="SOAP Fault Assertion" id="18bc692e-4b26-4d25-9f1a-4079339731ed" name="Not SOAP Fault"/><con:assertion type="SOAP Response" id="5b68aeaf-2968-4fb1-8440-8891c957b9da" name="SOAP Response"/><con:assertion type="Schema Compliance" id="4fca1a0b-e844-403b-91e6-12bd95d9ab39" name="Schema Compliance"><con:configuration/></con:assertion><con:wsaConfig action="http://fidus.brussels/services/europeandisabilitycardservice/consultActiveCards"/></con:request></con:config></con:testStep><con:testStep type="request" id="98bd8fe4-4f10-4242-bcb5-d4b053c2f425" name="testcase04- Staging - Worker1 - Request"><con:settings/><con:config xsi:type="con:RequestStep" xmlns:xsi="http://www.w3.org/2001/XMLSchema-instance"><con:interface>EuropeanDisabilityCardServiceHTTPBinding</con:interface><con:operation>consultActiveCards</con:operation><con:request name="testcase04- Staging - Worker1 - Request" id="19776b65-e8a5-435e-a369-4a658faf6893" outgoingWss="Outflow STAG"><con:settings/><con:encoding>UTF-8</con:encoding><con:endpoint>https://192.168.24.57:8443/services/EuropeanDisabilityCardService_v1.0</con:endpoint><con:request><![CDATA[<soapenv:Envelope xmlns:soapenv="http://schemas.xmlsoap.org/soap/envelope/" xmlns:v1="http://fidus.brussels/service/europeandisabilitycardservice/messages/v1" xmlns:v11="http://fidus.brussels/type/common/messages/v1">
   <soapenv:Header/>
   <soapenv:Body>
      <v1:consultActiveCardsRequest>         
         <v1:messageContext>
            <v11:messageId>${=import static java.util.UUID.randomUUID; uuid = randomUUID() as String}</v11:messageId>
            <!--Optional:-->
            <v11:timestamp>${=new java.text.SimpleDateFormat("yyyy-MM-dd'T'HH:mm:ss.SSS").format(new Date())}</v11:timestamp>
         </v1:messageContext>
         <v1:legalContext>ServiceIntegrator</v1:legalContext>
         <v1:request>
            <v1:ssin>10022104563</v1:ssin>
            <!--Optional:-->
            <v1:referenceDate>2017-09-01</v1:referenceDate>
         </v1:request>
      </v1:consultActiveCardsRequest>
   </soapenv:Body>
</soapenv:Envelope>]]></con:request><con:assertion type="SOAP Fault Assertion" id="62ac238f-dedf-4251-86d4-37f502f4f864" name="Not SOAP Fault"/><con:assertion type="SOAP Response" id="c9fa3835-1ffd-4646-8ef8-9af5c034a933" name="SOAP Response"/><con:assertion type="Schema Compliance" id="8276703c-c2fa-46f5-a068-f2a24aae2717" name="Schema Compliance"><con:configuration/></con:assertion><con:wsaConfig action="http://fidus.brussels/services/europeandisabilitycardservice/consultActiveCards"/></con:request></con:config></con:testStep><con:testStep type="request" id="b033af76-cca7-4d26-aaf0-162856fd5640" name="testcase04- Staging - Worker2 - Request"><con:settings/><con:config xsi:type="con:RequestStep" xmlns:xsi="http://www.w3.org/2001/XMLSchema-instance"><con:interface>EuropeanDisabilityCardServiceHTTPBinding</con:interface><con:operation>consultActiveCards</con:operation><con:request name="testcase04- Staging - Worker2 - Request" id="3bfb207b-aee5-4a20-b84f-b67c020d47ff" outgoingWss="Outflow STAG"><con:settings/><con:encoding>UTF-8</con:encoding><con:endpoint>https://192.168.24.64:8443/services/EuropeanDisabilityCardService_v1.0</con:endpoint><con:request><![CDATA[<soapenv:Envelope xmlns:soapenv="http://schemas.xmlsoap.org/soap/envelope/" xmlns:v1="http://fidus.brussels/service/europeandisabilitycardservice/messages/v1" xmlns:v11="http://fidus.brussels/type/common/messages/v1">
   <soapenv:Header/>
   <soapenv:Body>
      <v1:consultActiveCardsRequest>         
         <v1:messageContext>
            <v11:messageId>${=import static java.util.UUID.randomUUID; uuid = randomUUID() as String}</v11:messageId>
            <!--Optional:-->
            <v11:timestamp>${=new java.text.SimpleDateFormat("yyyy-MM-dd'T'HH:mm:ss.SSS").format(new Date())}</v11:timestamp>
         </v1:messageContext>
         <v1:legalContext>ServiceIntegrator</v1:legalContext>
         <v1:request>
            <v1:ssin>10022104563</v1:ssin>
            <!--Optional:-->
            <v1:referenceDate>2017-09-01</v1:referenceDate>
         </v1:request>
      </v1:consultActiveCardsRequest>
   </soapenv:Body>
</soapenv:Envelope>]]></con:request><con:assertion type="SOAP Fault Assertion" id="c09d3070-c2f4-45ad-852d-df6be60da239" name="Not SOAP Fault"/><con:assertion type="SOAP Response" id="dc355fc6-326e-4977-b227-01f45f616955" name="SOAP Response"/><con:assertion type="Schema Compliance" id="3ebb895a-f752-4b63-9510-67a49ebdae0f" name="Schema Compliance"><con:configuration/></con:assertion><con:wsaConfig action="http://fidus.brussels/services/europeandisabilitycardservice/consultActiveCards"/></con:request></con:config></con:testStep><con:properties/></con:testCase><con:testCase id="db593e1d-e96d-4ac8-a6bc-14283334c644" failOnError="true" failTestCaseOnErrors="true" keepSession="false" maxResults="0" name="consultAllCards" searchProperties="true"><con:settings/><con:testStep type="request" id="f34aadac-6c8c-4a0e-8cf4-0db134c4fd30" name="testcase04 - Staging - External - Request"><con:settings/><con:config xsi:type="con:RequestStep" xmlns:xsi="http://www.w3.org/2001/XMLSchema-instance"><con:interface>EuropeanDisabilityCardServiceHTTPBinding</con:interface><con:operation>consultAllCards</con:operation><con:request name="testcase04 - Staging - External - Request" id="30983ff4-487d-494d-bc39-b5a0d0b1d046" outgoingWss="Outflow STAG"><con:settings/><con:encoding>UTF-8</con:encoding><con:endpoint>https://fidus.sec.brussels/services/EuropeanDisabilityCardService_v1.0</con:endpoint><con:request><![CDATA[<soapenv:Envelope xmlns:soapenv="http://schemas.xmlsoap.org/soap/envelope/" xmlns:v1="http://fidus.brussels/service/europeandisabilitycardservice/messages/v1" xmlns:v11="http://fidus.brussels/type/common/messages/v1">
   <soapenv:Header/>
   <soapenv:Body>
      <v1:consultAllCardsRequest>
         <v1:messageContext>
            <v11:messageId>${=import static java.util.UUID.randomUUID; uuid = randomUUID() as String}</v11:messageId>
            <!--Optional:-->
            <v11:timestamp>${=new java.text.SimpleDateFormat("yyyy-MM-dd'T'HH:mm:ss.SSS").format(new Date())}</v11:timestamp>
         </v1:messageContext>
         <v1:legalContext>ServiceIntegrator</v1:legalContext>
         <v1:request>
            <v1:ssin>10022104563</v1:ssin>
         </v1:request>
      </v1:consultAllCardsRequest>
   </soapenv:Body>
</soapenv:Envelope>]]></con:request><con:assertion type="SOAP Fault Assertion" id="b2a1fced-d664-42e2-a32a-04b3b5a7f532" name="Not SOAP Fault"/><con:assertion type="SOAP Response" id="2dfe8943-33db-41e0-afe1-8a20bc897ea8" name="SOAP Response"/><con:assertion type="Schema Compliance" id="6af41013-3256-4dc1-bc4d-ec3196cb493f" name="Schema Compliance"><con:configuration/></con:assertion><con:wsaConfig action="http://fidus.brussels/services/europeandisabilitycardservice/consultAllCards"/></con:request></con:config></con:testStep><con:testStep type="request" id="ad637206-de57-4a18-bf5f-868d1e08c0f6" name="testcase04 - Staging - LB - Request"><con:settings/><con:config xsi:type="con:RequestStep" xmlns:xsi="http://www.w3.org/2001/XMLSchema-instance"><con:interface>EuropeanDisabilityCardServiceHTTPBinding</con:interface><con:operation>consultAllCards</con:operation><con:request name="testcase04 - Staging - LB - Request" id="9c59bc71-cdd7-4740-9446-1f82f9d49feb" outgoingWss="Outflow STAG"><con:settings/><con:encoding>UTF-8</con:encoding><con:endpoint>https://fidus-esb-sg.prd.srv.cirb.lan:8443/services/EuropeanDisabilityCardService_v1.0</con:endpoint><con:request><![CDATA[<soapenv:Envelope xmlns:soapenv="http://schemas.xmlsoap.org/soap/envelope/" xmlns:v1="http://fidus.brussels/service/europeandisabilitycardservice/messages/v1" xmlns:v11="http://fidus.brussels/type/common/messages/v1">
   <soapenv:Header/>
   <soapenv:Body>
      <v1:consultAllCardsRequest>
         <v1:messageContext>
            <v11:messageId>${=import static java.util.UUID.randomUUID; uuid = randomUUID() as String}</v11:messageId>
            <!--Optional:-->
            <v11:timestamp>${=new java.text.SimpleDateFormat("yyyy-MM-dd'T'HH:mm:ss.SSS").format(new Date())}</v11:timestamp>
         </v1:messageContext>
         <v1:legalContext>ServiceIntegrator</v1:legalContext>
         <v1:request>
            <v1:ssin>10022104563</v1:ssin>
         </v1:request>
      </v1:consultAllCardsRequest>
   </soapenv:Body>
</soapenv:Envelope>]]></con:request><con:assertion type="SOAP Fault Assertion" id="e725fb4f-3436-4b8d-840c-40442bd0a3b3" name="Not SOAP Fault"/><con:assertion type="SOAP Response" id="fc271716-ca13-4afb-8eb7-1ff73e8bcb08" name="SOAP Response"/><con:assertion type="Schema Compliance" id="4172a275-8da0-4e79-ab0c-cfd893c7cfda" name="Schema Compliance"><con:configuration/></con:assertion><con:wsaConfig action="http://fidus.brussels/services/europeandisabilitycardservice/consultAllCards"/></con:request></con:config></con:testStep><con:testStep type="request" id="e24f5870-4037-488d-b870-5d8bfa961346" name="testcase04 - Staging - Worker1 - Request"><con:settings/><con:config xsi:type="con:RequestStep" xmlns:xsi="http://www.w3.org/2001/XMLSchema-instance"><con:interface>EuropeanDisabilityCardServiceHTTPBinding</con:interface><con:operation>consultAllCards</con:operation><con:request name="testcase04 - Staging - Worker1 - Request" id="2034c2e3-7730-4d25-9d5d-e8d86b0e7999" outgoingWss="Outflow STAG"><con:settings/><con:encoding>UTF-8</con:encoding><con:endpoint>https://192.168.24.57:8443/services/EuropeanDisabilityCardService_v1.0</con:endpoint><con:request><![CDATA[<soapenv:Envelope xmlns:soapenv="http://schemas.xmlsoap.org/soap/envelope/" xmlns:v1="http://fidus.brussels/service/europeandisabilitycardservice/messages/v1" xmlns:v11="http://fidus.brussels/type/common/messages/v1">
   <soapenv:Header/>
   <soapenv:Body>
      <v1:consultAllCardsRequest>
         <v1:messageContext>
            <v11:messageId>${=import static java.util.UUID.randomUUID; uuid = randomUUID() as String}</v11:messageId>
            <!--Optional:-->
            <v11:timestamp>${=new java.text.SimpleDateFormat("yyyy-MM-dd'T'HH:mm:ss.SSS").format(new Date())}</v11:timestamp>
         </v1:messageContext>
         <v1:legalContext>ServiceIntegrator</v1:legalContext>
         <v1:request>
            <v1:ssin>10022104563</v1:ssin>
         </v1:request>
      </v1:consultAllCardsRequest>
   </soapenv:Body>
</soapenv:Envelope>]]></con:request><con:assertion type="SOAP Fault Assertion" id="c8b9355e-b0e4-4e69-9d65-c17ad03687ae" name="Not SOAP Fault"/><con:assertion type="SOAP Response" id="71965bbd-7abb-46d9-8519-fbb445e5578c" name="SOAP Response"/><con:assertion type="Schema Compliance" id="76d63c3e-cf9f-4d2d-8d45-d968d5a1997c" name="Schema Compliance"><con:configuration/></con:assertion><con:wsaConfig action="http://fidus.brussels/services/europeandisabilitycardservice/consultAllCards"/></con:request></con:config></con:testStep><con:testStep type="request" id="538cb4a5-697f-4619-8136-dcb47f0e451e" name="testcase04 - Staging - Worker2 - Request"><con:settings/><con:config xsi:type="con:RequestStep" xmlns:xsi="http://www.w3.org/2001/XMLSchema-instance"><con:interface>EuropeanDisabilityCardServiceHTTPBinding</con:interface><con:operation>consultAllCards</con:operation><con:request name="testcase04 - Staging - Worker2 - Request" id="e34430e9-9540-454c-b9db-4e4b2267414b" outgoingWss="Outflow STAG"><con:settings/><con:encoding>UTF-8</con:encoding><con:endpoint>https://192.168.24.64:8443/services/EuropeanDisabilityCardService_v1.0</con:endpoint><con:request><![CDATA[<soapenv:Envelope xmlns:soapenv="http://schemas.xmlsoap.org/soap/envelope/" xmlns:v1="http://fidus.brussels/service/europeandisabilitycardservice/messages/v1" xmlns:v11="http://fidus.brussels/type/common/messages/v1">
   <soapenv:Header/>
   <soapenv:Body>
      <v1:consultAllCardsRequest>
         <v1:messageContext>
            <v11:messageId>${=import static java.util.UUID.randomUUID; uuid = randomUUID() as String}</v11:messageId>
            <!--Optional:-->
            <v11:timestamp>${=new java.text.SimpleDateFormat("yyyy-MM-dd'T'HH:mm:ss.SSS").format(new Date())}</v11:timestamp>
         </v1:messageContext>
         <v1:legalContext>ServiceIntegrator</v1:legalContext>
         <v1:request>
            <v1:ssin>10022104563</v1:ssin>
         </v1:request>
      </v1:consultAllCardsRequest>
   </soapenv:Body>
</soapenv:Envelope>]]></con:request><con:assertion type="SOAP Fault Assertion" id="fbf71f39-27e7-4d70-9a2f-ed70bc071037" name="Not SOAP Fault"/><con:assertion type="SOAP Response" id="d9811e2e-3d2d-4a56-8427-965e26e9abfd" name="SOAP Response"/><con:assertion type="Schema Compliance" id="da9c76d9-213e-4521-bbff-f38df60b3d96" name="Schema Compliance"><con:configuration/></con:assertion><con:wsaConfig action="http://fidus.brussels/services/europeandisabilitycardservice/consultAllCards"/></con:request></con:config></con:testStep><con:properties/></con:testCase><con:testCase id="516899de-4028-489c-8f21-739cb99d1a4e" failOnError="true" failTestCaseOnErrors="true" keepSession="false" maxResults="0" name="createCard" searchProperties="true"><con:settings/><con:testStep type="request" id="d262ca2d-d247-4db9-86fe-8ae0a42c33bb" name="testcase04 - Staging - External - Request"><con:settings/><con:config xsi:type="con:RequestStep" xmlns:xsi="http://www.w3.org/2001/XMLSchema-instance"><con:interface>EuropeanDisabilityCardServiceHTTPBinding</con:interface><con:operation>createCard</con:operation><con:request name="testcase04 - Staging - External - Request" id="2b824f6c-f83d-4803-bb24-fba55616f8dc" outgoingWss="Outflow STAG"><con:settings/><con:encoding>UTF-8</con:encoding><con:endpoint>https://fidus.sec.brussels/services/EuropeanDisabilityCardService_v1.0</con:endpoint><con:request><![CDATA[<soapenv:Envelope xmlns:soapenv="http://schemas.xmlsoap.org/soap/envelope/" xmlns:v1="http://fidus.brussels/service/europeandisabilitycardservice/messages/v1" xmlns:v11="http://fidus.brussels/type/common/messages/v1">
   <soapenv:Header/>
   <soapenv:Body>
      <v1:createCardRequest>
         <v1:messageContext>
            <v11:messageId>${=import static java.util.UUID.randomUUID; uuid = randomUUID() as String}</v11:messageId>
            <!--Optional:-->
            <v11:timestamp>${=new java.text.SimpleDateFormat("yyyy-MM-dd'T'HH:mm:ss.SSS").format(new Date())}</v11:timestamp>
         </v1:messageContext>
         <v1:legalContext>ServiceIntegrator</v1:legalContext>
         <v1:request>
            <v1:ssin>67052624133</v1:ssin>
            <v1:emittingPartner>0457419435</v1:emittingPartner>
            <v1:language>NL</v1:language>
            <v1:forceCreation>true</v1:forceCreation>
         </v1:request>
      </v1:createCardRequest>
   </soapenv:Body>
</soapenv:Envelope>]]></con:request><con:assertion type="SOAP Fault Assertion" id="a4840ce5-b490-45ce-9d6f-e6ea050b2d62" name="Not SOAP Fault"/><con:assertion type="SOAP Response" id="bdc8b7f9-77a3-4807-b409-3df024f478a4" name="SOAP Response"/><con:assertion type="Schema Compliance" id="e005942d-9de6-43cc-bdf7-418ac5a8c371" name="Schema Compliance"><con:configuration/></con:assertion><con:wsaConfig action="http://fidus.brussels/services/europeandisabilitycardservice/createCard"/></con:request></con:config></con:testStep><con:testStep type="request" id="6328cbaf-41ef-4fa5-8660-5bb6ec5874aa" name="testcase04 - Staging - LB - Request"><con:settings/><con:config xsi:type="con:RequestStep" xmlns:xsi="http://www.w3.org/2001/XMLSchema-instance"><con:interface>EuropeanDisabilityCardServiceHTTPBinding</con:interface><con:operation>createCard</con:operation><con:request name="testcase04 - Staging - LB - Request" id="212aceb7-e6cf-4046-a120-3e0b902ffb33" outgoingWss="Outflow STAG"><con:settings/><con:encoding>UTF-8</con:encoding><con:endpoint>https://fidus-esb-sg.prd.srv.cirb.lan:8443/services/EuropeanDisabilityCardService_v1.0</con:endpoint><con:request><![CDATA[<soapenv:Envelope xmlns:soapenv="http://schemas.xmlsoap.org/soap/envelope/" xmlns:v1="http://fidus.brussels/service/europeandisabilitycardservice/messages/v1" xmlns:v11="http://fidus.brussels/type/common/messages/v1">
   <soapenv:Header/>
   <soapenv:Body>
      <v1:createCardRequest>
         <v1:messageContext>
            <v11:messageId>${=import static java.util.UUID.randomUUID; uuid = randomUUID() as String}</v11:messageId>
            <!--Optional:-->
            <v11:timestamp>${=new java.text.SimpleDateFormat("yyyy-MM-dd'T'HH:mm:ss.SSS").format(new Date())}</v11:timestamp>
         </v1:messageContext>
         <v1:legalContext>ServiceIntegrator</v1:legalContext>
         <v1:request>
            <v1:ssin>91040526866</v1:ssin>
            <v1:emittingPartner>0457419435</v1:emittingPartner>
            <v1:language>NL</v1:language>
            <v1:forceCreation>true</v1:forceCreation>
         </v1:request>
      </v1:createCardRequest>
   </soapenv:Body>
</soapenv:Envelope>]]></con:request><con:assertion type="SOAP Fault Assertion" id="d61df478-1ac6-4269-89de-a1f8205e87cb" name="Not SOAP Fault"/><con:assertion type="SOAP Response" id="f0971e7f-084f-4ba9-ac5f-cdf9bc7de6d2" name="SOAP Response"/><con:assertion type="Schema Compliance" id="f185a7cd-1bb3-4a4a-afc1-e94f15f59322" name="Schema Compliance"><con:configuration/></con:assertion><con:wsaConfig action="http://fidus.brussels/services/europeandisabilitycardservice/createCard"/></con:request></con:config></con:testStep><con:testStep type="request" id="e1513bfb-2055-42d5-856b-2b57aab2b224" name="testcase04 - Staging - Worker1 - Request"><con:settings/><con:config xsi:type="con:RequestStep" xmlns:xsi="http://www.w3.org/2001/XMLSchema-instance"><con:interface>EuropeanDisabilityCardServiceHTTPBinding</con:interface><con:operation>createCard</con:operation><con:request name="testcase04 - Staging - Worker1 - Request" id="349f45bf-0ee7-41f5-a803-c73723f6645c" outgoingWss="Outflow STAG"><con:settings/><con:encoding>UTF-8</con:encoding><con:endpoint>https://192.168.24.57:8443/services/EuropeanDisabilityCardService_v1.0</con:endpoint><con:request><![CDATA[<soapenv:Envelope xmlns:soapenv="http://schemas.xmlsoap.org/soap/envelope/" xmlns:v1="http://fidus.brussels/service/europeandisabilitycardservice/messages/v1" xmlns:v11="http://fidus.brussels/type/common/messages/v1">
   <soapenv:Header/>
   <soapenv:Body>
      <v1:createCardRequest>
         <v1:messageContext>
            <v11:messageId>${=import static java.util.UUID.randomUUID; uuid = randomUUID() as String}</v11:messageId>
            <!--Optional:-->
            <v11:timestamp>${=new java.text.SimpleDateFormat("yyyy-MM-dd'T'HH:mm:ss.SSS").format(new Date())}</v11:timestamp>
         </v1:messageContext>
         <v1:legalContext>ServiceIntegrator</v1:legalContext>
         <v1:request>
            <v1:ssin>84010118405</v1:ssin>
            <v1:emittingPartner>0457419435</v1:emittingPartner>
            <v1:language>NL</v1:language>
            <v1:forceCreation>true</v1:forceCreation>
         </v1:request>
      </v1:createCardRequest>
   </soapenv:Body>
</soapenv:Envelope>]]></con:request><con:assertion type="SOAP Fault Assertion" id="51f6fa56-8274-4134-ba3a-25cc0f01b652" name="Not SOAP Fault"/><con:assertion type="SOAP Response" id="935d494b-aa76-47e5-9687-0cfdb2de6d43" name="SOAP Response"/><con:assertion type="Schema Compliance" id="59e7e8ad-5887-49a4-af04-aa9012d095df" name="Schema Compliance"><con:configuration/></con:assertion><con:wsaConfig action="http://fidus.brussels/services/europeandisabilitycardservice/createCard"/></con:request></con:config></con:testStep><con:testStep type="request" id="fc89636d-3809-41e4-b378-2240d58f60d2" name="testcase04 - Staging - Worker2 - Request"><con:settings/><con:config xsi:type="con:RequestStep" xmlns:xsi="http://www.w3.org/2001/XMLSchema-instance"><con:interface>EuropeanDisabilityCardServiceHTTPBinding</con:interface><con:operation>createCard</con:operation><con:request name="testcase04 - Staging - Worker2 - Request" id="d23369ea-92db-44a1-a35a-610eff3545e0" outgoingWss="Outflow STAG"><con:settings/><con:encoding>UTF-8</con:encoding><con:endpoint>https://192.168.24.64:8443/services/EuropeanDisabilityCardService_v1.0</con:endpoint><con:request><![CDATA[<soapenv:Envelope xmlns:soapenv="http://schemas.xmlsoap.org/soap/envelope/" xmlns:v1="http://fidus.brussels/service/europeandisabilitycardservice/messages/v1" xmlns:v11="http://fidus.brussels/type/common/messages/v1">
   <soapenv:Header/>
   <soapenv:Body>
      <v1:createCardRequest>
         <v1:messageContext>
            <v11:messageId>${=import static java.util.UUID.randomUUID; uuid = randomUUID() as String}</v11:messageId>
            <!--Optional:-->
            <v11:timestamp>${=new java.text.SimpleDateFormat("yyyy-MM-dd'T'HH:mm:ss.SSS").format(new Date())}</v11:timestamp>
         </v1:messageContext>
         <v1:legalContext>ServiceIntegrator</v1:legalContext>
         <v1:request>
            <v1:ssin>50081133058</v1:ssin>
            <v1:emittingPartner>0457419435</v1:emittingPartner>
            <v1:language>NL</v1:language>
            <v1:forceCreation>true</v1:forceCreation>
         </v1:request>
      </v1:createCardRequest>
   </soapenv:Body>
</soapenv:Envelope>]]></con:request><con:assertion type="SOAP Fault Assertion" id="2fa2c0e3-f00f-4fe0-a66e-9b89e70e0222" name="Not SOAP Fault"/><con:assertion type="SOAP Response" id="cec3e302-3c6e-4e1a-9fa1-835aa0235e0a" name="SOAP Response"/><con:assertion type="Schema Compliance" id="92104616-e57c-41e8-80f2-8f92d4697bfd" name="Schema Compliance"><con:configuration/></con:assertion><con:wsaConfig action="http://fidus.brussels/services/europeandisabilitycardservice/createCard"/></con:request></con:config></con:testStep><con:properties/></con:testCase><con:testCase id="26b32a93-6361-4ce8-8367-a8c0a00e1b09" failOnError="true" failTestCaseOnErrors="true" keepSession="false" maxResults="0" name="stopOrCancelCard" searchProperties="true"><con:settings/><con:testStep type="request" id="dab6ccd9-94b2-49fa-8369-48afd334b473" name="testcase04 - Staging - External - Request"><con:settings/><con:config xsi:type="con:RequestStep" xmlns:xsi="http://www.w3.org/2001/XMLSchema-instance"><con:interface>EuropeanDisabilityCardServiceHTTPBinding</con:interface><con:operation>stopOrCancelCard</con:operation><con:request name="testcase04 - Staging - External - Request" id="7f99d813-3ece-44df-bed9-dcf63e2081f4" outgoingWss="Outflow STAG"><con:settings/><con:encoding>UTF-8</con:encoding><con:endpoint>https://fidus.sec.brussels/services/EuropeanDisabilityCardService_v1.0</con:endpoint><con:request><![CDATA[<soapenv:Envelope xmlns:soapenv="http://schemas.xmlsoap.org/soap/envelope/" xmlns:v1="http://fidus.brussels/service/europeandisabilitycardservice/messages/v1" xmlns:v11="http://fidus.brussels/type/common/messages/v1">
   <soapenv:Header/>
   <soapenv:Body>
      <v1:stopOrCancelCardRequest>
         <v1:messageContext>
            <v11:messageId>${=import static java.util.UUID.randomUUID; uuid = randomUUID() as String}</v11:messageId>
            <!--Optional:-->
            <v11:timestamp>${=new java.text.SimpleDateFormat("yyyy-MM-dd'T'HH:mm:ss.SSS").format(new Date())}</v11:timestamp>
         </v1:messageContext>
         <v1:legalContext>ServiceIntegrator</v1:legalContext>
         <v1:request>            
            <v1:cardNumber>20000009732</v1:cardNumber>
            <v1:emittingPartner>0457419435</v1:emittingPartner>
         </v1:request>
      </v1:stopOrCancelCardRequest>
   </soapenv:Body>
</soapenv:Envelope>]]></con:request><con:assertion type="SOAP Fault Assertion" id="52718d7b-4d92-4dfe-9ed6-4109b97994a2" name="Not SOAP Fault"/><con:assertion type="SOAP Response" id="186036d7-b5cb-4954-8c30-37d3811c580b" name="SOAP Response"/><con:assertion type="Schema Compliance" id="c12989c4-b9f1-45d7-9632-1c6ae6057ce9" name="Schema Compliance"><con:configuration/></con:assertion><con:wsaConfig action="http://fidus.brussels/services/europeandisabilitycardservice/stopOrCancelCard"/></con:request></con:config></con:testStep><con:testStep type="request" id="dd7f072c-a94b-4164-b82d-7713c489bae2" name="testcase04 - Staging - LB - Request"><con:settings/><con:config xsi:type="con:RequestStep" xmlns:xsi="http://www.w3.org/2001/XMLSchema-instance"><con:interface>EuropeanDisabilityCardServiceHTTPBinding</con:interface><con:operation>stopOrCancelCard</con:operation><con:request name="testcase04 - Staging - LB - Request" id="2b8b531c-3fef-4d4d-be68-df17488b32bc" outgoingWss="Outflow STAG"><con:settings/><con:encoding>UTF-8</con:encoding><con:endpoint>https://fidus-esb-sg.prd.srv.cirb.lan:8443/services/EuropeanDisabilityCardService_v1.0</con:endpoint><con:request><![CDATA[<soapenv:Envelope xmlns:soapenv="http://schemas.xmlsoap.org/soap/envelope/" xmlns:v1="http://fidus.brussels/service/europeandisabilitycardservice/messages/v1" xmlns:v11="http://fidus.brussels/type/common/messages/v1">
   <soapenv:Header/>
   <soapenv:Body>
      <v1:stopOrCancelCardRequest>
         <v1:messageContext>
            <v11:messageId>${=import static java.util.UUID.randomUUID; uuid = randomUUID() as String}</v11:messageId>
            <!--Optional:-->
            <v11:timestamp>${=new java.text.SimpleDateFormat("yyyy-MM-dd'T'HH:mm:ss.SSS").format(new Date())}</v11:timestamp>
         </v1:messageContext>
         <v1:legalContext>ServiceIntegrator</v1:legalContext>
         <v1:request>            
            <v1:cardNumber>20000009534</v1:cardNumber>
            <v1:emittingPartner>0457419435</v1:emittingPartner>
         </v1:request>
      </v1:stopOrCancelCardRequest>
   </soapenv:Body>
</soapenv:Envelope>]]></con:request><con:assertion type="SOAP Fault Assertion" id="bc4699b6-7a01-4f07-9e24-88ffe6960d2c" name="Not SOAP Fault"/><con:assertion type="SOAP Response" id="2b2c58df-5d88-479c-849c-570af44a1262" name="SOAP Response"/><con:assertion type="Schema Compliance" id="07a6b8b8-8d57-414c-b546-d2482032f15d" name="Schema Compliance"><con:configuration/></con:assertion><con:wsaConfig action="http://fidus.brussels/services/europeandisabilitycardservice/stopOrCancelCard"/></con:request></con:config></con:testStep><con:testStep type="request" id="8de1667c-c089-4c87-b4bc-4f7bfb6efd75" name="testcase04 - Staging - Worker1 - Request"><con:settings/><con:config xsi:type="con:RequestStep" xmlns:xsi="http://www.w3.org/2001/XMLSchema-instance"><con:interface>EuropeanDisabilityCardServiceHTTPBinding</con:interface><con:operation>stopOrCancelCard</con:operation><con:request name="testcase04 - Staging - Worker1 - Request" id="eae75845-0094-4c64-851a-5a98b87faff2" outgoingWss="Outflow STAG"><con:settings/><con:encoding>UTF-8</con:encoding><con:endpoint>https://192.168.24.57:8443/services/EuropeanDisabilityCardService_v1.0</con:endpoint><con:request><![CDATA[<soapenv:Envelope xmlns:soapenv="http://schemas.xmlsoap.org/soap/envelope/" xmlns:v1="http://fidus.brussels/service/europeandisabilitycardservice/messages/v1" xmlns:v11="http://fidus.brussels/type/common/messages/v1">
   <soapenv:Header/>
   <soapenv:Body>
      <v1:stopOrCancelCardRequest>
         <v1:messageContext>
            <v11:messageId>${=import static java.util.UUID.randomUUID; uuid = randomUUID() as String}</v11:messageId>
            <!--Optional:-->
            <v11:timestamp>${=new java.text.SimpleDateFormat("yyyy-MM-dd'T'HH:mm:ss.SSS").format(new Date())}</v11:timestamp>
         </v1:messageContext>
         <v1:legalContext>ServiceIntegrator</v1:legalContext>
         <v1:request>            
            <v1:cardNumber>20000009633</v1:cardNumber>
            <v1:emittingPartner>0457419435</v1:emittingPartner>
         </v1:request>
      </v1:stopOrCancelCardRequest>
   </soapenv:Body>
</soapenv:Envelope>]]></con:request><con:assertion type="SOAP Fault Assertion" id="04ec58ff-406b-4021-9d74-cdfc4db40eb8" name="Not SOAP Fault"/><con:assertion type="SOAP Response" id="a1c1ce1e-011c-475a-8a2c-6b2be10b9850" name="SOAP Response"/><con:assertion type="Schema Compliance" id="d0ed4467-3646-40d8-b652-4556fe347e0b" name="Schema Compliance"><con:configuration/></con:assertion><con:wsaConfig action="http://fidus.brussels/services/europeandisabilitycardservice/stopOrCancelCard"/></con:request></con:config></con:testStep><con:testStep type="request" id="61979f13-1bd3-47ac-8295-17547a37527a" name="testcase04 - Staging - Worker2 - Request"><con:settings/><con:config xsi:type="con:RequestStep" xmlns:xsi="http://www.w3.org/2001/XMLSchema-instance"><con:interface>EuropeanDisabilityCardServiceHTTPBinding</con:interface><con:operation>stopOrCancelCard</con:operation><con:request name="testcase04 - Staging - Worker2 - Request" id="db163ae0-6d53-4755-9c5c-19a7c86bb411" outgoingWss="Outflow STAG"><con:settings/><con:encoding>UTF-8</con:encoding><con:endpoint>https://192.168.24.64:8443/services/EuropeanDisabilityCardService_v1.0</con:endpoint><con:request><![CDATA[<soapenv:Envelope xmlns:soapenv="http://schemas.xmlsoap.org/soap/envelope/" xmlns:v1="http://fidus.brussels/service/europeandisabilitycardservice/messages/v1" xmlns:v11="http://fidus.brussels/type/common/messages/v1">
   <soapenv:Header/>
   <soapenv:Body>
      <v1:stopOrCancelCardRequest>
         <v1:messageContext>
            <v11:messageId>${=import static java.util.UUID.randomUUID; uuid = randomUUID() as String}</v11:messageId>
            <!--Optional:-->
            <v11:timestamp>${=new java.text.SimpleDateFormat("yyyy-MM-dd'T'HH:mm:ss.SSS").format(new Date())}</v11:timestamp>
         </v1:messageContext>
         <v1:legalContext>ServiceIntegrator</v1:legalContext>
         <v1:request>            
            <v1:cardNumber>20000009435</v1:cardNumber>
            <v1:emittingPartner>0457419435</v1:emittingPartner>
         </v1:request>
      </v1:stopOrCancelCardRequest>
   </soapenv:Body>
</soapenv:Envelope>]]></con:request><con:assertion type="SOAP Fault Assertion" id="e172869f-59e7-434d-8beb-e77879c0205d" name="Not SOAP Fault"/><con:assertion type="SOAP Response" id="60a9fed0-63b3-48dc-a9d9-0fc902c4cd66" name="SOAP Response"/><con:assertion type="Schema Compliance" id="4df5666a-3e2a-46a6-8527-586524ec6455" name="Schema Compliance"><con:configuration/></con:assertion><con:wsaConfig action="http://fidus.brussels/services/europeandisabilitycardservice/stopOrCancelCard"/></con:request></con:config></con:testStep><con:properties/></con:testCase><con:properties/></con:testSuite><con:testSuite id="452f72dd-3d90-4244-9771-0f1460244ff0" name="PROD"><con:settings/><con:runType>SEQUENTIAL</con:runType><con:testCase id="7c439f54-eebd-4fb5-9e3c-dc6c1eb2bf78" failOnError="true" failTestCaseOnErrors="true" keepSession="false" maxResults="0" name="consultActiveCards" searchProperties="true"><con:settings/><con:testStep type="request" id="0c68bb80-83cc-4af2-92fa-f0fe0aa71b7c" name="testcase05- Prod - External - Request"><con:settings/><con:config xsi:type="con:RequestStep" xmlns:xsi="http://www.w3.org/2001/XMLSchema-instance"><con:interface>EuropeanDisabilityCardServiceHTTPBinding</con:interface><con:operation>consultActiveCards</con:operation><con:request name="testcase05- Prod - External - Request" id="4a22af7e-bd3a-4a5e-94b0-b94f14fe2697" outgoingWss="Outflow PROD"><con:settings/><con:encoding>UTF-8</con:encoding><con:endpoint>https://fidus.sec.brussels/services/EuropeanDisabilityCardService_v1.0</con:endpoint><con:request><![CDATA[<soapenv:Envelope xmlns:soapenv="http://schemas.xmlsoap.org/soap/envelope/" xmlns:v1="http://fidus.brussels/service/europeandisabilitycardservice/messages/v1" xmlns:v11="http://fidus.brussels/type/common/messages/v1">
   <soapenv:Header/>
   <soapenv:Body>
      <v1:consultActiveCardsRequest>         
         <v1:messageContext>
            <v11:messageId>${=import static java.util.UUID.randomUUID; uuid = randomUUID() as String}</v11:messageId>
            <!--Optional:-->
            <v11:timestamp>${=new java.text.SimpleDateFormat("yyyy-MM-dd'T'HH:mm:ss.SSS").format(new Date())}</v11:timestamp>
         </v1:messageContext>
         <v1:legalContext>ServiceIntegrator</v1:legalContext>
         <v1:request>
            <v1:ssin>10022104563</v1:ssin>
            <!--Optional:-->
            <v1:referenceDate>2017-09-01</v1:referenceDate>
         </v1:request>
      </v1:consultActiveCardsRequest>
   </soapenv:Body>
</soapenv:Envelope>]]></con:request><con:assertion type="SOAP Fault Assertion" id="c1bb86a0-e04d-4986-af1c-5f3a7488555f" name="Not SOAP Fault"/><con:assertion type="SOAP Response" id="8a488ed3-0ae4-4225-a8f0-4748d6546588" name="SOAP Response"/><con:assertion type="Schema Compliance" id="7df2aaac-bdc2-48f5-9b5c-8e57c712aae2" name="Schema Compliance"><con:configuration/></con:assertion><con:wsaConfig action="http://fidus.brussels/services/europeandisabilitycardservice/consultActiveCards"/></con:request></con:config></con:testStep><con:testStep type="request" id="e59a1364-f29b-40e8-977c-baf03fbe66c1" name="testcase05- Prod - LB - Request"><con:settings/><con:config xsi:type="con:RequestStep" xmlns:xsi="http://www.w3.org/2001/XMLSchema-instance"><con:interface>EuropeanDisabilityCardServiceHTTPBinding</con:interface><con:operation>consultActiveCards</con:operation><con:request name="testcase05- Prod - LB - Request" id="04c2303e-d5b6-4822-a866-7be2ba6d4773" outgoingWss="Outflow PROD"><con:settings/><con:encoding>UTF-8</con:encoding><con:endpoint>https://fidus-esb-sg.prd.srv.cirb.lan:8443/services/EuropeanDisabilityCardService_v1.0</con:endpoint><con:request><![CDATA[<soapenv:Envelope xmlns:soapenv="http://schemas.xmlsoap.org/soap/envelope/" xmlns:v1="http://fidus.brussels/service/europeandisabilitycardservice/messages/v1" xmlns:v11="http://fidus.brussels/type/common/messages/v1">
   <soapenv:Header/>
   <soapenv:Body>
      <v1:consultActiveCardsRequest>         
         <v1:messageContext>
            <v11:messageId>${=import static java.util.UUID.randomUUID; uuid = randomUUID() as String}</v11:messageId>
            <!--Optional:-->
            <v11:timestamp>${=new java.text.SimpleDateFormat("yyyy-MM-dd'T'HH:mm:ss.SSS").format(new Date())}</v11:timestamp>
         </v1:messageContext>
         <v1:legalContext>ServiceIntegrator</v1:legalContext>
         <v1:request>
            <v1:ssin>10022104563</v1:ssin>
            <!--Optional:-->
            <v1:referenceDate>2017-09-01</v1:referenceDate>
         </v1:request>
      </v1:consultActiveCardsRequest>
   </soapenv:Body>
</soapenv:Envelope>]]></con:request><con:assertion type="SOAP Fault Assertion" id="d79cf868-6e47-401e-a83e-0fcb080c811b" name="Not SOAP Fault"/><con:assertion type="SOAP Response" id="884d6ceb-2486-4336-92a3-8008ce2657de" name="SOAP Response"/><con:assertion type="Schema Compliance" id="c5cd802b-e508-4fb5-819f-168040041b93" name="Schema Compliance"><con:configuration/></con:assertion><con:wsaConfig action="http://fidus.brussels/services/europeandisabilitycardservice/consultActiveCards"/></con:request></con:config></con:testStep><con:testStep type="request" id="e54c9c2c-2b49-43fc-aba0-33bcd641ad16" name="testcase05- Prod - Worker1 - Request"><con:settings/><con:config xsi:type="con:RequestStep" xmlns:xsi="http://www.w3.org/2001/XMLSchema-instance"><con:interface>EuropeanDisabilityCardServiceHTTPBinding</con:interface><con:operation>consultActiveCards</con:operation><con:request name="testcase05- Prod - Worker1 - Request" id="f234b028-a402-428a-b1a6-e8e2c63d817c" outgoingWss="Outflow PROD"><con:settings/><con:encoding>UTF-8</con:encoding><con:endpoint>https://192.168.26.22:8443/services/EuropeanDisabilityCardService_v1.0</con:endpoint><con:request><![CDATA[<soapenv:Envelope xmlns:soapenv="http://schemas.xmlsoap.org/soap/envelope/" xmlns:v1="http://fidus.brussels/service/europeandisabilitycardservice/messages/v1" xmlns:v11="http://fidus.brussels/type/common/messages/v1">
   <soapenv:Header/>
   <soapenv:Body>
      <v1:consultActiveCardsRequest>         
         <v1:messageContext>
            <v11:messageId>${=import static java.util.UUID.randomUUID; uuid = randomUUID() as String}</v11:messageId>
            <!--Optional:-->
            <v11:timestamp>${=new java.text.SimpleDateFormat("yyyy-MM-dd'T'HH:mm:ss.SSS").format(new Date())}</v11:timestamp>
         </v1:messageContext>
         <v1:legalContext>ServiceIntegrator</v1:legalContext>
         <v1:request>
            <v1:ssin>10022104563</v1:ssin>
            <!--Optional:-->
            <v1:referenceDate>2017-09-01</v1:referenceDate>
         </v1:request>
      </v1:consultActiveCardsRequest>
   </soapenv:Body>
</soapenv:Envelope>]]></con:request><con:assertion type="SOAP Fault Assertion" id="85929688-4c5e-44a9-9a56-72932fe40ddd" name="Not SOAP Fault"/><con:assertion type="SOAP Response" id="574efe50-9f52-48eb-923a-f14ded52e72d" name="SOAP Response"/><con:assertion type="Schema Compliance" id="fa410772-1d70-4256-b40f-c508dece3ed5" name="Schema Compliance"><con:configuration/></con:assertion><con:wsaConfig action="http://fidus.brussels/services/europeandisabilitycardservice/consultActiveCards"/></con:request></con:config></con:testStep><con:testStep type="request" id="06bece01-0943-451c-9033-f29d33441aea" name="testcase05- Prod - Worker2 - Request"><con:settings/><con:config xsi:type="con:RequestStep" xmlns:xsi="http://www.w3.org/2001/XMLSchema-instance"><con:interface>EuropeanDisabilityCardServiceHTTPBinding</con:interface><con:operation>consultActiveCards</con:operation><con:request name="testcase05- Prod - Worker2 - Request" id="d009653e-d43a-4f6f-8674-d7d1600826b6" outgoingWss="Outflow PROD"><con:settings/><con:encoding>UTF-8</con:encoding><con:endpoint>https://192.168.26.19:8443/services/EuropeanDisabilityCardService_v1.0</con:endpoint><con:request><![CDATA[<soapenv:Envelope xmlns:soapenv="http://schemas.xmlsoap.org/soap/envelope/" xmlns:v1="http://fidus.brussels/service/europeandisabilitycardservice/messages/v1" xmlns:v11="http://fidus.brussels/type/common/messages/v1">
   <soapenv:Header/>
   <soapenv:Body>
      <v1:consultActiveCardsRequest>         
         <v1:messageContext>
            <v11:messageId>${=import static java.util.UUID.randomUUID; uuid = randomUUID() as String}</v11:messageId>
            <!--Optional:-->
            <v11:timestamp>${=new java.text.SimpleDateFormat("yyyy-MM-dd'T'HH:mm:ss.SSS").format(new Date())}</v11:timestamp>
         </v1:messageContext>
         <v1:legalContext>ServiceIntegrator</v1:legalContext>
         <v1:request>
            <v1:ssin>10022104563</v1:ssin>
            <!--Optional:-->
            <v1:referenceDate>2017-09-01</v1:referenceDate>
         </v1:request>
      </v1:consultActiveCardsRequest>
   </soapenv:Body>
</soapenv:Envelope>]]></con:request><con:assertion type="SOAP Fault Assertion" id="bb2520cf-174f-4db2-a185-261f988fa606" name="Not SOAP Fault"/><con:assertion type="SOAP Response" id="1e34cfde-2f08-418e-8bae-5c008ec2f0dd" name="SOAP Response"/><con:assertion type="Schema Compliance" id="95e8c267-16b7-4823-a3cb-9211ce4dd9d7" name="Schema Compliance"><con:configuration/></con:assertion><con:wsaConfig action="http://fidus.brussels/services/europeandisabilitycardservice/consultActiveCards"/></con:request></con:config></con:testStep><con:properties/></con:testCase><con:testCase id="5047ff9a-8fa3-4a2b-9da5-02977041f718" failOnError="true" failTestCaseOnErrors="true" keepSession="false" maxResults="0" name="consultAllCards" searchProperties="true"><con:settings/><con:testStep type="request" id="7c7ea5e0-6864-433b-b9a7-4ab01936b861" name="testcase05 - Prod - Worker1 - Request"><con:settings/><con:config xsi:type="con:RequestStep" xmlns:xsi="http://www.w3.org/2001/XMLSchema-instance"><con:interface>EuropeanDisabilityCardServiceHTTPBinding</con:interface><con:operation>consultAllCards</con:operation><con:request name="testcase05 - Prod - Worker1 - Request" id="ff1c251f-21e2-4d39-b276-71de494f204c" outgoingWss="Outflow PROD"><con:settings/><con:encoding>UTF-8</con:encoding><con:endpoint>https://192.168.26.22:8443/services/EuropeanDisabilityCardService_v1.0</con:endpoint><con:request><![CDATA[<soapenv:Envelope xmlns:soapenv="http://schemas.xmlsoap.org/soap/envelope/" xmlns:v1="http://fidus.brussels/service/europeandisabilitycardservice/messages/v1" xmlns:v11="http://fidus.brussels/type/common/messages/v1">
   <soapenv:Header/>
   <soapenv:Body>
      <v1:consultAllCardsRequest>
         <v1:messageContext>
            <v11:messageId>${=import static java.util.UUID.randomUUID; uuid = randomUUID() as String}</v11:messageId>
            <!--Optional:-->
            <v11:timestamp>${=new java.text.SimpleDateFormat("yyyy-MM-dd'T'HH:mm:ss.SSS").format(new Date())}</v11:timestamp>
         </v1:messageContext>
         <v1:legalContext>ServiceIntegrator</v1:legalContext>
         <v1:request>
            <v1:ssin>10022104563</v1:ssin>
         </v1:request>
      </v1:consultAllCardsRequest>
   </soapenv:Body>
</soapenv:Envelope>]]></con:request><con:assertion type="SOAP Fault Assertion" id="f3631138-28b4-4e0e-b898-90ceb1d87eb7" name="Not SOAP Fault"/><con:assertion type="SOAP Response" id="f0bb8653-7e62-4f29-b50b-7720a5d07fe4" name="SOAP Response"/><con:assertion type="Schema Compliance" id="7a6d5505-552a-4d0a-9103-e5c5158442b5" name="Schema Compliance"><con:configuration/></con:assertion><con:wsaConfig action="http://fidus.brussels/services/europeandisabilitycardservice/consultAllCards"/></con:request></con:config></con:testStep><con:testStep type="request" id="1df544b7-fa2b-4568-8d26-8675fdd0568d" name="testcase05 - Prod - Worker2 - Request"><con:settings/><con:config xsi:type="con:RequestStep" xmlns:xsi="http://www.w3.org/2001/XMLSchema-instance"><con:interface>EuropeanDisabilityCardServiceHTTPBinding</con:interface><con:operation>consultAllCards</con:operation><con:request name="testcase05 - Prod - Worker2 - Request" id="5b7268d0-16da-412a-bf42-c90b3aae01ec" outgoingWss="Outflow PROD"><con:settings/><con:encoding>UTF-8</con:encoding><con:endpoint>https://192.168.26.19:8443/services/EuropeanDisabilityCardService_v1.0</con:endpoint><con:request><![CDATA[<soapenv:Envelope xmlns:soapenv="http://schemas.xmlsoap.org/soap/envelope/" xmlns:v1="http://fidus.brussels/service/europeandisabilitycardservice/messages/v1" xmlns:v11="http://fidus.brussels/type/common/messages/v1">
   <soapenv:Header/>
   <soapenv:Body>
      <v1:consultAllCardsRequest>
         <v1:messageContext>
            <v11:messageId>${=import static java.util.UUID.randomUUID; uuid = randomUUID() as String}</v11:messageId>
            <!--Optional:-->
            <v11:timestamp>${=new java.text.SimpleDateFormat("yyyy-MM-dd'T'HH:mm:ss.SSS").format(new Date())}</v11:timestamp>
         </v1:messageContext>
         <v1:legalContext>ServiceIntegrator</v1:legalContext>
         <v1:request>
            <v1:ssin>10022104563</v1:ssin>
         </v1:request>
      </v1:consultAllCardsRequest>
   </soapenv:Body>
</soapenv:Envelope>]]></con:request><con:assertion type="SOAP Fault Assertion" id="b63b2e4d-bbb1-437b-b3d5-fd755d368fd2" name="Not SOAP Fault"/><con:assertion type="SOAP Response" id="5f2aedb9-b086-4bca-81e9-7b9638130d3c" name="SOAP Response"/><con:assertion type="Schema Compliance" id="8c21e6f3-85ed-4585-a6fb-f146c5063451" name="Schema Compliance"><con:configuration/></con:assertion><con:wsaConfig action="http://fidus.brussels/services/europeandisabilitycardservice/consultAllCards"/></con:request></con:config></con:testStep><con:testStep type="request" id="5e5c27e1-6fe5-4793-8784-23bdb193c4ed" name="testcase05 - Prod - External - Request"><con:settings/><con:config xsi:type="con:RequestStep" xmlns:xsi="http://www.w3.org/2001/XMLSchema-instance"><con:interface>EuropeanDisabilityCardServiceHTTPBinding</con:interface><con:operation>consultAllCards</con:operation><con:request name="testcase05 - Prod - External - Request" id="a53cbd24-072c-4f22-8af6-044aa88bf942" outgoingWss="Outflow PROD"><con:settings/><con:encoding>UTF-8</con:encoding><con:endpoint>https://fidus.sec.brussels/services/EuropeanDisabilityCardService_v1.0</con:endpoint><con:request><![CDATA[<soapenv:Envelope xmlns:soapenv="http://schemas.xmlsoap.org/soap/envelope/" xmlns:v1="http://fidus.brussels/service/europeandisabilitycardservice/messages/v1" xmlns:v11="http://fidus.brussels/type/common/messages/v1">
   <soapenv:Header/>
   <soapenv:Body>
      <v1:consultAllCardsRequest>
         <v1:messageContext>
            <v11:messageId>${=import static java.util.UUID.randomUUID; uuid = randomUUID() as String}</v11:messageId>
            <!--Optional:-->
            <v11:timestamp>${=new java.text.SimpleDateFormat("yyyy-MM-dd'T'HH:mm:ss.SSS").format(new Date())}</v11:timestamp>
         </v1:messageContext>
         <v1:legalContext>ServiceIntegrator</v1:legalContext>
         <v1:request>
            <v1:ssin>10022104563</v1:ssin>
         </v1:request>
      </v1:consultAllCardsRequest>
   </soapenv:Body>
</soapenv:Envelope>]]></con:request><con:assertion type="SOAP Fault Assertion" id="8a30fcca-3b0b-4ae7-8a3f-a448183d59a4" name="Not SOAP Fault"/><con:assertion type="SOAP Response" id="013f3ea5-0166-445d-b8a6-6771e6e929eb" name="SOAP Response"/><con:assertion type="Schema Compliance" id="736cedb5-ce25-4938-9c56-23ab718644fe" name="Schema Compliance"><con:configuration/></con:assertion><con:wsaConfig action="http://fidus.brussels/services/europeandisabilitycardservice/consultAllCards"/></con:request></con:config></con:testStep><con:testStep type="request" id="72c791b7-a362-4a27-81e0-2ae141488c78" name="testcase05 - Prod - LB - Request"><con:settings/><con:config xsi:type="con:RequestStep" xmlns:xsi="http://www.w3.org/2001/XMLSchema-instance"><con:interface>EuropeanDisabilityCardServiceHTTPBinding</con:interface><con:operation>consultAllCards</con:operation><con:request name="testcase05 - Prod - LB - Request" id="b533fa7c-08b5-4bbf-988d-9e56f182a76b" outgoingWss="Outflow PROD"><con:settings/><con:encoding>UTF-8</con:encoding><con:endpoint>https://fidus-esb-sg.prd.srv.cirb.lan:8443/services/EuropeanDisabilityCardService_v1.0</con:endpoint><con:request><![CDATA[<soapenv:Envelope xmlns:soapenv="http://schemas.xmlsoap.org/soap/envelope/" xmlns:v1="http://fidus.brussels/service/europeandisabilitycardservice/messages/v1" xmlns:v11="http://fidus.brussels/type/common/messages/v1">
   <soapenv:Header/>
   <soapenv:Body>
      <v1:consultAllCardsRequest>
         <v1:messageContext>
            <v11:messageId>${=import static java.util.UUID.randomUUID; uuid = randomUUID() as String}</v11:messageId>
            <!--Optional:-->
            <v11:timestamp>${=new java.text.SimpleDateFormat("yyyy-MM-dd'T'HH:mm:ss.SSS").format(new Date())}</v11:timestamp>
         </v1:messageContext>
         <v1:legalContext>ServiceIntegrator</v1:legalContext>
         <v1:request>
            <v1:ssin>10022104563</v1:ssin>
         </v1:request>
      </v1:consultAllCardsRequest>
   </soapenv:Body>
</soapenv:Envelope>]]></con:request><con:assertion type="SOAP Fault Assertion" id="06bd4024-3445-4a89-b1fb-f002eed62b51" name="Not SOAP Fault"/><con:assertion type="SOAP Response" id="62c36071-db93-4a41-8710-4c39274eef49" name="SOAP Response"/><con:assertion type="Schema Compliance" id="75a05efd-d311-402e-9de8-d42c5fd748e7" name="Schema Compliance"><con:configuration/></con:assertion><con:wsaConfig action="http://fidus.brussels/services/europeandisabilitycardservice/consultAllCards"/></con:request></con:config></con:testStep><con:properties/></con:testCase><con:properties/></con:testSuite><con:mockService id="02ec3aaa-1282-4229-8091-7e3b8baca221" port="8088" path="/mockEuropeanDisabilityCardServiceHTTPBinding" host="localhost.localdomain" name="MockService 1"><con:settings><con:setting id="com.eviware.soapui.impl.wsdl.mock.WsdlMockService@require-soap-action">false</con:setting></con:settings><con:properties/><con:mockOperation name="consultActiveCards" id="9de3ffeb-0ef9-4f53-939c-7f8664365534" interface="EuropeanDisabilityCardServiceHTTPBinding" operation="consultActiveCards"><con:settings/><con:defaultResponse>Response 1</con:defaultResponse><con:dispatchStyle>SEQUENCE</con:dispatchStyle><con:response name="Response 1" id="73cfac59-2d73-4590-99ee-71a3f6efdee5" httpResponseStatus="200" encoding="UTF-8"><con:settings/><con:responseContent><![CDATA[<soapenv:Envelope xmlns:soapenv="http://schemas.xmlsoap.org/soap/envelope/" xmlns:v1="http://fidus.brussels/service/europeandisabilitycardservice/messages/v1" xmlns:v11="http://fidus.brussels/type/common/messages/v1" xmlns:v12="http://fidus.brussels/type/common/exceptions/v1">
   <soapenv:Header/>
   <soapenv:Body>
      <v1:consultActiveCardsResponse>
         <v1:messageContext>
            <v11:messageId>?</v11:messageId>
            <v11:transactionId>?</v11:transactionId>
            <!--Optional:-->
            <v11:timestamp>?</v11:timestamp>
         </v1:messageContext>
         <!--Optional:-->
         <v1:responses>
            <informationCustomer>
               <!--Optional:-->
               <ticket>?</ticket>
               <!--Optional:-->
               <timestampSent>?</timestampSent>
               <customerIdentification>
                  <!--You have a CHOICE of the next 2 items at this level-->
                  <cbeNumber>?</cbeNumber>
                  <sector>?</sector>
                  <institution>?</institution>
               </customerIdentification>
            </informationCustomer>
            <informationCBSS>
               <ticketCBSS>?</ticketCBSS>
               <timestampReceive>?</timestampReceive>
               <timestampReply>?</timestampReply>
            </informationCBSS>
            <legalContext>?</legalContext>
            <criteria>
               <ssin>?</ssin>
               <!--Optional:-->
               <referenceDate>?</referenceDate>
            </criteria>
            <status>
               <value>?</value>
               <code>?</code>
               <!--Optional:-->
               <description>?</description>
               <!--0 to 15 repetitions:-->
               <information>
                  <fieldName>?</fieldName>
                  <!--Optional:-->
                  <fieldValue>?</fieldValue>
               </information>
            </status>
            <!--Optional:-->
            <ssin canceled="?" replacedBy="?">?</ssin>
            <!--Optional:-->
            <activeCards>
               <!--1 to 10 repetitions:-->
               <card>
                  <cardNumber>?</cardNumber>
                  <lifePhase>?</lifePhase>
                  <!--Optional:-->
                  <failureOrReturnReason>?</failureOrReturnReason>
                  <validityBeginDate>?</validityBeginDate>
                  <validityEndDate>?</validityEndDate>
                  <!--Optional:-->
                  <prematureValidityEndDate>?</prematureValidityEndDate>
                  <emittingPartner>?</emittingPartner>
                  <latestUpdateTimestamp>?</latestUpdateTimestamp>
               </card>
            </activeCards>
         </v1:responses>
         <!--Optional:-->
         <v1:exceptions>
            <!--1 or more repetitions:-->
            <v12:exception>
               <v12:type>?</v12:type>
               <v12:code>?</v12:code>
               <v12:source>?</v12:source>
               <v12:description>?</v12:description>
            </v12:exception>
         </v1:exceptions>
      </v1:consultActiveCardsResponse>
   </soapenv:Body>
</soapenv:Envelope>]]></con:responseContent><con:wsaConfig mustUnderstand="NONE" version="200508" action="http://fidus.brussels/services/europeandisabilitycardservice/consultActiveCards"/></con:response><con:dispatchConfig/></con:mockOperation><con:mockOperation name="consultAllCards" id="6f537f29-83dc-449b-9ade-ad8412322538" interface="EuropeanDisabilityCardServiceHTTPBinding" operation="consultAllCards"><con:settings/><con:defaultResponse>Response 1</con:defaultResponse><con:dispatchStyle>SEQUENCE</con:dispatchStyle><con:response name="Response 1" id="d94533b9-0447-479f-98c7-738f216bd41f" httpResponseStatus="200" encoding="UTF-8"><con:settings/><con:responseContent><![CDATA[<soapenv:Envelope xmlns:soapenv="http://schemas.xmlsoap.org/soap/envelope/" xmlns:v1="http://fidus.brussels/service/europeandisabilitycardservice/messages/v1" xmlns:v11="http://fidus.brussels/type/common/messages/v1" xmlns:v12="http://fidus.brussels/type/common/exceptions/v1">
   <soapenv:Header/>
   <soapenv:Body>
      <v1:consultAllCardsResponse>
         <v1:messageContext>
            <v11:messageId>?</v11:messageId>
            <v11:transactionId>?</v11:transactionId>
            <!--Optional:-->
            <v11:timestamp>?</v11:timestamp>
         </v1:messageContext>
         <!--Optional:-->
         <v1:responses>
            <informationCustomer>
               <!--Optional:-->
               <ticket>?</ticket>
               <!--Optional:-->
               <timestampSent>?</timestampSent>
               <customerIdentification>
                  <!--You have a CHOICE of the next 2 items at this level-->
                  <cbeNumber>?</cbeNumber>
                  <sector>?</sector>
                  <institution>?</institution>
               </customerIdentification>
            </informationCustomer>
            <informationCBSS>
               <ticketCBSS>?</ticketCBSS>
               <timestampReceive>?</timestampReceive>
               <timestampReply>?</timestampReply>
            </informationCBSS>
            <legalContext>?</legalContext>
            <criteria>
               <ssin>?</ssin>
            </criteria>
            <status>
               <value>?</value>
               <code>?</code>
               <!--Optional:-->
               <description>?</description>
               <!--0 to 15 repetitions:-->
               <information>
                  <fieldName>?</fieldName>
                  <!--Optional:-->
                  <fieldValue>?</fieldValue>
               </information>
            </status>
            <!--Optional:-->
            <ssin canceled="?" replacedBy="?">?</ssin>
            <!--Optional:-->
            <allCards>
               <!--1 or more repetitions:-->
               <card>
                  <cardNumber>?</cardNumber>
                  <lifePhase>?</lifePhase>
                  <!--Optional:-->
                  <failureOrReturnReason>?</failureOrReturnReason>
                  <validityBeginDate>?</validityBeginDate>
                  <validityEndDate>?</validityEndDate>
                  <!--Optional:-->
                  <prematureValidityEndDate>?</prematureValidityEndDate>
                  <emittingPartner>?</emittingPartner>
                  <latestUpdateTimestamp>?</latestUpdateTimestamp>
               </card>
            </allCards>
         </v1:responses>
         <!--Optional:-->
         <v1:exceptions>
            <!--1 or more repetitions:-->
            <v12:exception>
               <v12:type>?</v12:type>
               <v12:code>?</v12:code>
               <v12:source>?</v12:source>
               <v12:description>?</v12:description>
            </v12:exception>
         </v1:exceptions>
      </v1:consultAllCardsResponse>
   </soapenv:Body>
</soapenv:Envelope>]]></con:responseContent><con:wsaConfig mustUnderstand="NONE" version="200508" action="http://fidus.brussels/services/europeandisabilitycardservice/consultAllCards"/></con:response><con:dispatchConfig/></con:mockOperation><con:mockOperation name="createCard" id="37492b36-132c-4cb3-87f8-c64bc9a995e1" interface="EuropeanDisabilityCardServiceHTTPBinding" operation="createCard"><con:settings/><con:defaultResponse>Response 1</con:defaultResponse><con:dispatchStyle>SEQUENCE</con:dispatchStyle><con:response name="Response 1" id="60f56773-f9e5-467d-be78-8da4389b583f" httpResponseStatus="200" encoding="UTF-8"><con:settings/><con:responseContent><![CDATA[<soapenv:Envelope xmlns:soapenv="http://schemas.xmlsoap.org/soap/envelope/" xmlns:v1="http://fidus.brussels/service/europeandisabilitycardservice/messages/v1" xmlns:v11="http://fidus.brussels/type/common/messages/v1" xmlns:v12="http://fidus.brussels/type/common/exceptions/v1">
   <soapenv:Header/>
   <soapenv:Body>
      <v1:createCardResponse>
         <v1:messageContext>
            <v11:messageId>?</v11:messageId>
            <v11:transactionId>?</v11:transactionId>
            <!--Optional:-->
            <v11:timestamp>?</v11:timestamp>
         </v1:messageContext>
         <!--Optional:-->
         <v1:responses>
            <informationCustomer>
               <!--Optional:-->
               <ticket>?</ticket>
               <!--Optional:-->
               <timestampSent>?</timestampSent>
               <customerIdentification>
                  <!--You have a CHOICE of the next 2 items at this level-->
                  <cbeNumber>?</cbeNumber>
                  <sector>?</sector>
                  <institution>?</institution>
               </customerIdentification>
            </informationCustomer>
            <informationCBSS>
               <ticketCBSS>?</ticketCBSS>
               <timestampReceive>?</timestampReceive>
               <timestampReply>?</timestampReply>
            </informationCBSS>
            <legalContext>?</legalContext>
            <criteria>
               <ssin>?</ssin>
               <emittingPartner>?</emittingPartner>
               <language>?</language>
               <forceCreation>?</forceCreation>
            </criteria>
            <status>
               <value>?</value>
               <code>?</code>
               <!--Optional:-->
               <description>?</description>
               <!--0 to 15 repetitions:-->
               <information>
                  <fieldName>?</fieldName>
                  <!--Optional:-->
                  <fieldValue>?</fieldValue>
               </information>
            </status>
            <ssin canceled="?" replacedBy="?">?</ssin>
            <!--Optional:-->
            <newCard>
               <card>
                  <cardNumber>?</cardNumber>
                  <lifePhase>?</lifePhase>
                  <!--Optional:-->
                  <failureOrReturnReason>?</failureOrReturnReason>
                  <validityBeginDate>?</validityBeginDate>
                  <validityEndDate>?</validityEndDate>
                  <!--Optional:-->
                  <prematureValidityEndDate>?</prematureValidityEndDate>
                  <emittingPartner>?</emittingPartner>
                  <latestUpdateTimestamp>?</latestUpdateTimestamp>
               </card>
               <legalData>
                  <lastName>?</lastName>
                  <!--Optional:-->
                  <firstName>?</firstName>
                  <genderCode>?</genderCode>
                  <birthDate>?</birthDate>
                  <address>
                     <!--You have a CHOICE of the next 2 items at this level-->
                     <belgianAddress>
                        <postalCode>?</postalCode>
                        <cityName>?</cityName>
                        <streetName>?</streetName>
                        <!--Optional:-->
                        <houseNumber>?</houseNumber>
                        <!--Optional:-->
                        <boxNumber>?</boxNumber>
                     </belgianAddress>
                     <diplomaticPostAddress>
                        <countryName>?</countryName>
                        <plainAddress>?</plainAddress>
                     </diplomaticPostAddress>
                  </address>
                  <photoPresent>?</photoPresent>
               </legalData>
            </newCard>
            <!--Optional:-->
            <otherActiveCards>
               <!--1 to 10 repetitions:-->
               <card>
                  <cardNumber>?</cardNumber>
                  <lifePhase>?</lifePhase>
                  <!--Optional:-->
                  <failureOrReturnReason>?</failureOrReturnReason>
                  <validityBeginDate>?</validityBeginDate>
                  <validityEndDate>?</validityEndDate>
                  <!--Optional:-->
                  <prematureValidityEndDate>?</prematureValidityEndDate>
                  <emittingPartner>?</emittingPartner>
                  <latestUpdateTimestamp>?</latestUpdateTimestamp>
               </card>
            </otherActiveCards>
         </v1:responses>
         <!--Optional:-->
         <v1:exceptions>
            <!--1 or more repetitions:-->
            <v12:exception>
               <v12:type>?</v12:type>
               <v12:code>?</v12:code>
               <v12:source>?</v12:source>
               <v12:description>?</v12:description>
            </v12:exception>
         </v1:exceptions>
      </v1:createCardResponse>
   </soapenv:Body>
</soapenv:Envelope>]]></con:responseContent><con:wsaConfig mustUnderstand="NONE" version="200508" action="http://fidus.brussels/services/europeandisabilitycardservice/createCard"/></con:response><con:dispatchConfig/></con:mockOperation><con:mockOperation name="stopOrCancelCard" id="9a242153-1c78-4b08-95af-c49cedd5db47" interface="EuropeanDisabilityCardServiceHTTPBinding" operation="stopOrCancelCard"><con:settings/><con:defaultResponse>Response 1</con:defaultResponse><con:dispatchStyle>SEQUENCE</con:dispatchStyle><con:response name="Response 1" id="f90f7dc3-1ff6-4c78-968e-439afb632b34" httpResponseStatus="200" encoding="UTF-8"><con:settings/><con:responseContent><![CDATA[<soapenv:Envelope xmlns:soapenv="http://schemas.xmlsoap.org/soap/envelope/" xmlns:v1="http://fidus.brussels/service/europeandisabilitycardservice/messages/v1" xmlns:v11="http://fidus.brussels/type/common/messages/v1" xmlns:v12="http://fidus.brussels/type/common/exceptions/v1">
   <soapenv:Header/>
   <soapenv:Body>
      <v1:stopOrCancelCardResponse>
         <v1:messageContext>
            <v11:messageId>?</v11:messageId>
            <v11:transactionId>?</v11:transactionId>
            <!--Optional:-->
            <v11:timestamp>?</v11:timestamp>
         </v1:messageContext>
         <!--Optional:-->
         <v1:responses>
            <informationCustomer>
               <!--Optional:-->
               <ticket>?</ticket>
               <!--Optional:-->
               <timestampSent>?</timestampSent>
               <customerIdentification>
                  <!--You have a CHOICE of the next 2 items at this level-->
                  <cbeNumber>?</cbeNumber>
                  <sector>?</sector>
                  <institution>?</institution>
               </customerIdentification>
            </informationCustomer>
            <informationCBSS>
               <ticketCBSS>?</ticketCBSS>
               <timestampReceive>?</timestampReceive>
               <timestampReply>?</timestampReply>
            </informationCBSS>
            <legalContext>?</legalContext>
            <criteria>
               <cardNumber>?</cardNumber>
               <emittingPartner>?</emittingPartner>
            </criteria>
            <status>
               <value>?</value>
               <code>?</code>
               <!--Optional:-->
               <description>?</description>
               <!--0 to 15 repetitions:-->
               <information>
                  <fieldName>?</fieldName>
                  <!--Optional:-->
                  <fieldValue>?</fieldValue>
               </information>
            </status>
            <!--Optional:-->
            <result>
               <!--You have a CHOICE of the next 2 items at this level-->
               <prematureValidityEndDate>?</prematureValidityEndDate>
               <cardCanceled>true</cardCanceled>
            </result>
         </v1:responses>
         <!--Optional:-->
         <v1:exceptions>
            <!--1 or more repetitions:-->
            <v12:exception>
               <v12:type>?</v12:type>
               <v12:code>?</v12:code>
               <v12:source>?</v12:source>
               <v12:description>?</v12:description>
            </v12:exception>
         </v1:exceptions>
      </v1:stopOrCancelCardResponse>
   </soapenv:Body>
</soapenv:Envelope>]]></con:responseContent><con:wsaConfig mustUnderstand="NONE" version="200508" action="http://fidus.brussels/services/europeandisabilitycardservice/stopOrCancelCard"/></con:response><con:dispatchConfig/></con:mockOperation></con:mockService><con:properties/><con:wssContainer><con:crypto><con:source>/data/wso2/keystores/user-rajarshi.jks</con:source><con:password>test@fidus01</con:password><con:type>KEYSTORE</con:type></con:crypto><con:outgoing><con:name>Outflow DEV</con:name></con:outgoing><con:outgoing><con:name>Outflow TEST</con:name><con:entry type="Signature" username="testuser-test.fidus.brussels" password="test@fidus01"><con:configuration><crypto>user-rajarshi.jks</crypto><keyIdentifierType>3</keyIdentifierType><signatureAlgorithm/><signatureCanonicalization/><useSingleCert>true</useSingleCert><digestAlgorithm/><customTokenValueType/><customTokenId/></con:configuration></con:entry><con:entry type="Timestamp"><con:configuration><timeToLive>300000</timeToLive><strictTimestamp>true</strictTimestamp></con:configuration></con:entry></con:outgoing><con:outgoing><con:name>Outflow STAG</con:name></con:outgoing><con:outgoing><con:name>Outflow PROD</con:name></con:outgoing></con:wssContainer><con:oAuth2ProfileContainer/><con:oAuth1ProfileContainer/><con:sensitiveInformation/></con:soapui-project>