<?xml version="1.0" encoding="UTF-8"?>
<con:soapui-project id="aa345206-dccd-43ec-9975-e4991f70bfd0" activeEnvironment="Default" name="Client-InscriptionService-1.0-soapui-project" resourceRoot="" soapui-version="5.1.3" abortOnError="false" runType="SEQUENTIAL" xmlns:con="http://eviware.com/soapui/config"><con:settings/><con:interface xsi:type="con:WsdlInterface" id="37b90aac-b7fb-45d9-8d54-e314876dc297" wsaVersion="NONE" name="InscriptionServiceHTTPBinding" type="wsdl" bindingName="{http://fidus.brussels/service/inscriptionservice/v1}InscriptionServiceHTTPBinding" soapVersion="1_1" anonymous="optional" definition="/home/isr/git/parent/inscriptionservice_v1/InscriptionServiceGateway/src/main/resources/wsdl/inscriptionService/1.0.0/InscriptionService_v1.wsdl" xmlns:xsi="http://www.w3.org/2001/XMLSchema-instance"><con:settings/><con:definitionCache type="TEXT" rootPart="file:/home/isr/git/parent/inscriptionservice_v1/InscriptionServiceGateway/src/main/resources/wsdl/inscriptionService/1.0.0/InscriptionService_v1.wsdl"><con:part><con:url>file:/home/isr/git/parent/inscriptionservice_v1/InscriptionServiceGateway/src/main/resources/wsdl/inscriptionService/1.0.0/InscriptionService_v1.wsdl</con:url><con:content><![CDATA[<wsdl:definitions targetNamespace="http://fidus.brussels/service/inscriptionservice/v1" name="InscriptionService" xmlns:soap="http://schemas.xmlsoap.org/wsdl/soap/" xmlns:wsdl="http://schemas.xmlsoap.org/wsdl/" xmlns:xsd="http://www.w3.org/2001/XMLSchema" xmlns:mes="http://fidus.brussels/service/inscriptionservice/messages/v1" xmlns:tns="http://fidus.brussels/service/inscriptionservice/v1">
  <xsd:annotation>
    <xsd:documentation>InscriptionService WDSL v1.</xsd:documentation>
  </xsd:annotation>
  <wsdl:types>
    <xsd:schema targetNamespace="http://fidus.brussels/service/inscriptionservice/v1" elementFormDefault="qualified">
      <xsd:import namespace="http://fidus.brussels/service/inscriptionservice/messages/v1" schemaLocation="messages/inscriptionServiceMessages_v1.xsd"/>
    </xsd:schema>
  </wsdl:types>
  <wsdl:message name="addInscriptionRequestMessage">
    <wsdl:part name="AddInscriptionRequest" element="mes:addInscriptionRequest"/>
  </wsdl:message>
  <wsdl:message name="addInscriptionResponseMessage">
    <wsdl:part name="AddInscriptionResponse" element="mes:addInscriptionResponse"/>
  </wsdl:message>
  <wsdl:message name="removeInscriptionRequestMessage">
    <wsdl:part name="RemoveInscriptionRequest" element="mes:removeInscriptionRequest"/>
  </wsdl:message>
  <wsdl:message name="removeInscriptionResponseMessage">
    <wsdl:part name="RemoveInscriptionResponse" element="mes:removeInscriptionResponse"/>
  </wsdl:message>
  <wsdl:message name="consultInscriptionsRequestMessage">
    <wsdl:part name="ConsultInscriptionsRequest" element="mes:consultInscriptionsRequest"/>
  </wsdl:message>
  <wsdl:message name="consultInscriptionsResponseMessage">
    <wsdl:part name="ConsultInscriptionsResponse" element="mes:consultInscriptionsResponse"/>
  </wsdl:message>
  <wsdl:portType name="InscriptionServicePortType">
    <wsdl:operation name="addInscription">
      <wsdl:input message="tns:addInscriptionRequestMessage"/>
      <wsdl:output message="tns:addInscriptionResponseMessage"/>
    </wsdl:operation>
    <wsdl:operation name="removeInscription">
      <wsdl:input message="tns:removeInscriptionRequestMessage"/>
      <wsdl:output message="tns:removeInscriptionResponseMessage"/>
    </wsdl:operation>
    <wsdl:operation name="consultInscriptions">
      <wsdl:input message="tns:consultInscriptionsRequestMessage"/>
      <wsdl:output message="tns:consultInscriptionsResponseMessage"/>
    </wsdl:operation>
  </wsdl:portType>
  <wsdl:binding name="InscriptionServiceHTTPBinding" type="tns:InscriptionServicePortType">
    <soap:binding style="document" transport="http://schemas.xmlsoap.org/soap/http"/>
    <wsdl:operation name="addInscription">
      <soap:operation soapAction="http://fidus.brussels/services/inscriptionservice/addInscription"/>
      <wsdl:input>
        <soap:body use="literal"/>
      </wsdl:input>
      <wsdl:output>
        <soap:body use="literal"/>
      </wsdl:output>
    </wsdl:operation>
    <wsdl:operation name="removeInscription">
      <soap:operation soapAction="http://fidus.brussels/services/inscriptionservice/removeInscription"/>
      <wsdl:input>
        <soap:body use="literal"/>
      </wsdl:input>
      <wsdl:output>
        <soap:body use="literal"/>
      </wsdl:output>
    </wsdl:operation>
    <wsdl:operation name="consultInscriptions">
      <soap:operation soapAction="http://fidus.brussels/services/inscriptionservice/consultInscriptions"/>
      <wsdl:input>
        <soap:body use="literal"/>
      </wsdl:input>
      <wsdl:output>
        <soap:body use="literal"/>
      </wsdl:output>
    </wsdl:operation>
  </wsdl:binding>
  <wsdl:service name="InscriptionService_v1">
    <wsdl:port name="InscriptionService_v1" binding="tns:InscriptionServiceHTTPBinding">
      <soap:address location="http://fidus.brussels/services/inscriptionservice/v1"/>
    </wsdl:port>
  </wsdl:service>
</wsdl:definitions>]]></con:content><con:type>http://schemas.xmlsoap.org/wsdl/</con:type></con:part><con:part><con:url>file:/home/isr/git/parent/inscriptionservice_v1/InscriptionServiceGateway/src/main/resources/wsdl/inscriptionService/1.0.0/messages/inscriptionServiceMessages_v1.xsd</con:url><con:content><![CDATA[<xsd:schema targetNamespace="http://fidus.brussels/service/inscriptionservice/messages/v1" elementFormDefault="qualified" attributeFormDefault="unqualified" version="1.0" xmlns:xsd="http://www.w3.org/2001/XMLSchema" xmlns:cme="http://fidus.brussels/type/common/messages/v1" xmlns:exc="http://fidus.brussels/type/common/exceptions/v1" xmlns:tns="http://fidus.brussels/service/inscriptionservice/messages/v1" xmlns:bcss="http://kszbcss.fgov.be/types/Inscription/v1">
  <xsd:import namespace="http://fidus.brussels/type/common/messages/v1" schemaLocation="baseMessageTypes_v1.xsd"/>
  <xsd:import namespace="http://fidus.brussels/type/common/exceptions/v1" schemaLocation="exceptionTypes_v1.xsd"/>
  <xsd:import namespace="http://kszbcss.fgov.be/types/Inscription/v1" schemaLocation="types/Inscription/InscriptionV1.xsd"/>
  <!--Request addInscription definition-->
  <xsd:complexType name="AddInscriptionRequestType">
    <xsd:sequence>
      <xsd:element name="messageContext" type="cme:RequestMessageContextType"/>
      <xsd:element name="legalContext" type="cme:LegalContextType"/>
      <xsd:element name="request" type="bcss:AddInscriptionRequestType"/>
    </xsd:sequence>
  </xsd:complexType>
  <!--Request removeInscription definition-->
  <xsd:complexType name="RemoveInscriptionRequestType">
    <xsd:sequence>
      <xsd:element name="messageContext" type="cme:RequestMessageContextType"/>
      <xsd:element name="legalContext" type="cme:LegalContextType"/>
      <xsd:element name="request" type="bcss:RemoveInscriptionRequestType"/>
    </xsd:sequence>
  </xsd:complexType>
  <!--Request consultInscriptions definition-->
  <xsd:complexType name="ConsultInscriptionsRequestType">
    <xsd:sequence>
      <xsd:element name="messageContext" type="cme:RequestMessageContextType"/>
      <xsd:element name="legalContext" type="cme:LegalContextType"/>
      <xsd:element name="request" type="bcss:ConsultInscriptionsRequestType"/>
    </xsd:sequence>
  </xsd:complexType>
  <!--Response addInscription definition-->
  <xsd:complexType name="AddInscriptionResponsesType">
    <xsd:sequence>
      <xsd:element name="messageContext" type="cme:ResponseMessageContextType"/>
      <xsd:element name="responses" type="tns:AddInscriptionResponseType" minOccurs="0"/>
      <xsd:element name="exceptions" type="exc:ExceptionsType" minOccurs="0">
        <xsd:annotation>
          <xsd:documentation>Technical errors that occur when processing the message context e.g. insufficient rights.</xsd:documentation>
        </xsd:annotation>
      </xsd:element>
    </xsd:sequence>
  </xsd:complexType>
  <xsd:complexType name="AddInscriptionResponseType">
    <xsd:sequence>
      <xsd:element name="response" type="bcss:AddInscriptionResponseType" minOccurs="0" maxOccurs="unbounded"/>
      <xsd:element name="exceptions" type="exc:ExceptionsType" minOccurs="0">
        <xsd:annotation>
          <xsd:documentation>Business exceptions that occur when processing the request or response e.g. missing data for a single response element.
						Exceptions at this level may contain back-end specific codes and content.</xsd:documentation>
        </xsd:annotation>
      </xsd:element>
    </xsd:sequence>
  </xsd:complexType>
  <!--Response removeInscription definition-->
  <xsd:complexType name="RemoveInscriptionResponsesType">
    <xsd:sequence>
      <xsd:element name="messageContext" type="cme:ResponseMessageContextType"/>
      <xsd:element name="responses" type="tns:RemoveInscriptionResponseType" minOccurs="0"/>
      <xsd:element name="exceptions" type="exc:ExceptionsType" minOccurs="0">
        <xsd:annotation>
          <xsd:documentation>Technical errors that occur when processing the message context e.g. insufficient rights.</xsd:documentation>
        </xsd:annotation>
      </xsd:element>
    </xsd:sequence>
  </xsd:complexType>
  <xsd:complexType name="RemoveInscriptionResponseType">
    <xsd:sequence>
      <xsd:element name="response" type="bcss:RemoveInscriptionResponseType" minOccurs="0" maxOccurs="unbounded"/>
      <xsd:element name="exceptions" type="exc:ExceptionsType" minOccurs="0">
        <xsd:annotation>
          <xsd:documentation>Business exceptions that occur when processing the request or response e.g. missing data for a single response element.
						Exceptions at this level may contain back-end specific codes and content.</xsd:documentation>
        </xsd:annotation>
      </xsd:element>
    </xsd:sequence>
  </xsd:complexType>
  <!--Response consultInscriptions definition-->
  <xsd:complexType name="ConsultInscriptionsResponsesType">
    <xsd:sequence>
      <xsd:element name="messageContext" type="cme:ResponseMessageContextType"/>
      <xsd:element name="responses" type="tns:ConsultInscriptionsResponseType" minOccurs="0"/>
      <xsd:element name="exceptions" type="exc:ExceptionsType" minOccurs="0">
        <xsd:annotation>
          <xsd:documentation>Technical errors that occur when processing the message context e.g. insufficient rights.</xsd:documentation>
        </xsd:annotation>
      </xsd:element>
    </xsd:sequence>
  </xsd:complexType>
  <xsd:complexType name="ConsultInscriptionsResponseType">
    <xsd:sequence>
      <xsd:element name="response" type="bcss:ConsultInscriptionsResponseType" minOccurs="0" maxOccurs="unbounded"/>
      <xsd:element name="exceptions" type="exc:ExceptionsType" minOccurs="0">
        <xsd:annotation>
          <xsd:documentation>Business exceptions that occur when processing the request or response e.g. missing data for a single response element.
						Exceptions at this level may contain back-end specific codes and content.</xsd:documentation>
        </xsd:annotation>
      </xsd:element>
    </xsd:sequence>
  </xsd:complexType>
  <!--Element of the request and the response-->
  <xsd:element name="addInscriptionRequest" type="tns:AddInscriptionRequestType"/>
  <xsd:element name="addInscriptionResponse" type="tns:AddInscriptionResponsesType"/>
  <xsd:element name="removeInscriptionRequest" type="tns:RemoveInscriptionRequestType"/>
  <xsd:element name="removeInscriptionResponse" type="tns:RemoveInscriptionResponsesType"/>
  <xsd:element name="consultInscriptionsRequest" type="tns:ConsultInscriptionsRequestType"/>
  <xsd:element name="consultInscriptionsResponse" type="tns:ConsultInscriptionsResponsesType"/>
</xsd:schema>]]></con:content><con:type>http://www.w3.org/2001/XMLSchema</con:type></con:part><con:part><con:url>file:/home/isr/git/parent/inscriptionservice_v1/InscriptionServiceGateway/src/main/resources/wsdl/inscriptionService/1.0.0/messages/baseMessageTypes_v1.xsd</con:url><con:content><![CDATA[<xsd:schema targetNamespace="http://fidus.brussels/type/common/messages/v1" elementFormDefault="qualified" attributeFormDefault="unqualified" version="1.0" xmlns:xsd="http://www.w3.org/2001/XMLSchema" xmlns:cmn="http://fidus.brussels/type/common/v1" xmlns:tns="http://fidus.brussels/type/common/messages/v1">
  <!--Unformatted message Id-->
  <xsd:simpleType name="MessageIdType">
    <xsd:restriction base="xsd:string">
      <xsd:minLength value="1"/>
      <xsd:maxLength value="64"/>
    </xsd:restriction>
  </xsd:simpleType>
  <!--National Number of the person. Format depending on the Register-->
  <xsd:simpleType name="PersonNumberType">
    <xsd:restriction base="xsd:string">
      <xsd:pattern value="[0-9][0-9](([0][0-9])|([1][0-2]))(([0-2][0-9])|([3][0-1]))(([0-9]{2}[1-9])|([0-9][1-9][0-9])|([1-9][0-9]{2}))(([0-8][0-9])|([9][0-7]))">
        <xsd:annotation>
          <xsd:documentation>National Register format</xsd:documentation>
        </xsd:annotation>
      </xsd:pattern>
      <xsd:pattern value="[0-9][0-9](([2][0-9])|([3][0-2]))(([0-2][0-9])|([3][0-1]))[0-9]{3}(([0-8][0-9])|([9][0-7]))">
        <xsd:annotation>
          <xsd:documentation>CBSS Register format: Bis Register</xsd:documentation>
        </xsd:annotation>
      </xsd:pattern>
      <xsd:pattern value="[0-9][0-9](([4][0-9])|([5][0-2]))(([0-2][0-9])|([3][0-1]))[0-9]{3}(([0-8][0-9])|([9][0-7]))">
        <xsd:annotation>
          <xsd:documentation>CBSS Register format: Ter Register</xsd:documentation>
        </xsd:annotation>
      </xsd:pattern>
    </xsd:restriction>
  </xsd:simpleType>
  <!--Request message context-->
  <xsd:complexType name="RequestMessageContextType">
    <xsd:annotation>
      <xsd:documentation>Message context block generated by the consumer.</xsd:documentation>
    </xsd:annotation>
    <xsd:sequence>
      <xsd:element name="messageId" type="tns:MessageIdType">
        <xsd:annotation>
          <xsd:documentation>Consumer must assign their own MessageId reference for the request.</xsd:documentation>
        </xsd:annotation>
      </xsd:element>
      <xsd:element name="timestamp" type="xsd:dateTime" minOccurs="0">
        <xsd:annotation>
          <xsd:documentation>Timestamp when client sent request.</xsd:documentation>
        </xsd:annotation>
      </xsd:element>
    </xsd:sequence>
  </xsd:complexType>
  <!--Response message context-->
  <xsd:complexType name="ResponseMessageContextType">
    <xsd:annotation>
      <xsd:documentation>MessageContext block generated by fidus.</xsd:documentation>
    </xsd:annotation>
    <xsd:sequence>
      <xsd:element name="messageId" type="tns:MessageIdType">
        <xsd:annotation>
          <xsd:documentation>A unique identifier generated by fidus.</xsd:documentation>
        </xsd:annotation>
      </xsd:element>
      <xsd:element name="transactionId" type="tns:MessageIdType">
        <xsd:annotation>
          <xsd:documentation>A unique ID returned to the client for tracing purposes.</xsd:documentation>
        </xsd:annotation>
      </xsd:element>
      <xsd:element name="relatesTo" type="tns:MessageIdType" minOccurs="0">
        <xsd:annotation>
          <xsd:documentation>Optional field. The unique id of a previous batch file in this exchange Only used for responses.</xsd:documentation>
        </xsd:annotation>
      </xsd:element>
      <xsd:element name="timestamp" type="xsd:dateTime" minOccurs="0">
        <xsd:annotation>
          <xsd:documentation>Time reply sent by fidus.</xsd:documentation>
        </xsd:annotation>
      </xsd:element>
    </xsd:sequence>
  </xsd:complexType>
  <!--Legal Context : the finality of the Privacy Commission-->
  <xsd:simpleType name="LegalContextType">
    <xsd:restriction base="xsd:string">
      <xsd:minLength value="1"/>
      <xsd:maxLength value="64"/>
    </xsd:restriction>
  </xsd:simpleType>
  <xsd:complexType name="UserContextType">
    <xsd:annotation>
      <xsd:documentation>The user context defines information regarding the actual user performing a request.</xsd:documentation>
    </xsd:annotation>
    <xsd:sequence>
      <xsd:element name="language" type="xsd:language" nillable="true">
        <xsd:annotation>
          <xsd:documentation>The preferred language of the actual user performing the request.
						This influences the language in which response elements are cast.</xsd:documentation>
        </xsd:annotation>
      </xsd:element>
    </xsd:sequence>
  </xsd:complexType>
</xsd:schema>]]></con:content><con:type>http://www.w3.org/2001/XMLSchema</con:type></con:part><con:part><con:url>file:/home/isr/git/parent/inscriptionservice_v1/InscriptionServiceGateway/src/main/resources/wsdl/inscriptionService/1.0.0/messages/exceptionTypes_v1.xsd</con:url><con:content><![CDATA[<xsd:schema targetNamespace="http://fidus.brussels/type/common/exceptions/v1" elementFormDefault="qualified" attributeFormDefault="unqualified" version="1.0" xmlns:xsd="http://www.w3.org/2001/XMLSchema" xmlns:tns="http://fidus.brussels/type/common/exceptions/v1">
  <!--Basic error typed-->
  <xsd:complexType name="ExceptionsType">
    <xsd:sequence>
      <xsd:element name="exception" type="tns:ExceptionType" maxOccurs="unbounded"/>
    </xsd:sequence>
  </xsd:complexType>
  <xsd:complexType name="ExceptionType">
    <xsd:sequence>
      <xsd:element name="type" type="tns:ExceptionClassType"/>
      <xsd:element name="code" type="tns:ExceptionCodeType"/>
      <xsd:element name="source" type="tns:ExceptionSourceType"/>
      <xsd:element name="description" type="tns:ExceptionDescriptionType"/>
    </xsd:sequence>
  </xsd:complexType>
  <xsd:simpleType name="ExceptionClassType">
    <xsd:restriction base="xsd:string">
      <xsd:enumeration value="ERROR"/>
      <xsd:enumeration value="WARNING"/>
      <xsd:enumeration value="INFO"/>
    </xsd:restriction>
  </xsd:simpleType>
  <xsd:simpleType name="ExceptionCodeType">
    <xsd:restriction base="xsd:string">
      <xsd:maxLength value="20"/>
    </xsd:restriction>
  </xsd:simpleType>
  <xsd:simpleType name="ExceptionSourceType">
    <xsd:restriction base="xsd:string">
      <xsd:maxLength value="20"/>
    </xsd:restriction>
  </xsd:simpleType>
  <xsd:simpleType name="ExceptionDescriptionType">
    <xsd:restriction base="xsd:string"/>
  </xsd:simpleType>
</xsd:schema>]]></con:content><con:type>http://www.w3.org/2001/XMLSchema</con:type></con:part><con:part><con:url>file:/home/isr/git/parent/inscriptionservice_v1/InscriptionServiceGateway/src/main/resources/wsdl/inscriptionService/1.0.0/messages/types/Inscription/InscriptionV1.xsd</con:url><con:content><![CDATA[<!--edited with XMLSpy v2008 rel. 2 sp2 (http://www.altova.com) by USER (KSZ-BCSS)-->
<!--====================================================================================================================================
	* File Name				: InscriptionServiceV1.xsd
	* Author				: Raf Walravens
	* Owner					: Crossroad Bank for Social Security (CBSS)
	* Domain				: CBSS Registries Public Services
	* Creation Date			: 29-09-2014
	* Last revision date	: 29-09-2014
	* Description			: This XML schema document contains a set of XML types used in request/response messages of the Inscription Service. 
	* Status				: 
	* Current Version		: 1.0
	* Revision History		: 29-09-2014		First version
	*								  10-12-2014		Add organization to InscriptionType; ssin and type of register
	* ====================================================================================================================================-->
<xsd:schema targetNamespace="http://kszbcss.fgov.be/types/Inscription/v1" elementFormDefault="unqualified" attributeFormDefault="unqualified" version="20141210" xmlns:common="http://kszbcss.fgov.be/types/common/v3" xmlns:tns="http://kszbcss.fgov.be/types/Inscription/v1" xmlns:xsd="http://www.w3.org/2001/XMLSchema">
  <xsd:import namespace="http://kszbcss.fgov.be/types/common/v3" schemaLocation="../common/CommonV3.xsd"/>
  <!--========================= CONSULT ===========================-->
  <xsd:complexType name="ConsultInscriptionsRequestType">
    <xsd:sequence>
      <xsd:element name="criteria" type="tns:ConsultInscriptionsCriteriaType"/>
    </xsd:sequence>
  </xsd:complexType>
  <xsd:complexType name="ConsultInscriptionsResponseType">
    <xsd:complexContent>
      <xsd:extension base="common:BaseResponseType">
        <xsd:sequence>
          <xsd:element name="criteria" type="tns:ConsultInscriptionsCriteriaType"/>
          <xsd:element name="status" type="common:StatusType"/>
          <xsd:element name="ssin" type="tns:SsinWithRegisterType" minOccurs="0"/>
          <xsd:element name="inscriptions" type="tns:InscriptionsType" minOccurs="0"/>
        </xsd:sequence>
      </xsd:extension>
    </xsd:complexContent>
  </xsd:complexType>
  <xsd:complexType name="ConsultInscriptionsCriteriaType">
    <xsd:sequence>
      <xsd:element name="ssin" type="common:SsinType"/>
      <xsd:element name="inscriptionContext" type="common:InscriptionContextType" minOccurs="0"/>
      <xsd:element name="period" type="common:OpenPeriodType" minOccurs="0"/>
    </xsd:sequence>
  </xsd:complexType>
  <!--========================= ADD PERIOD ===========================-->
  <xsd:complexType name="AddInscriptionRequestType">
    <xsd:sequence>
      <xsd:element name="criteria" type="tns:AddInscriptionCriteriaType"/>
    </xsd:sequence>
  </xsd:complexType>
  <xsd:complexType name="AddInscriptionResponseType">
    <xsd:complexContent>
      <xsd:extension base="common:BaseResponseType">
        <xsd:sequence>
          <xsd:element name="criteria" type="tns:AddInscriptionCriteriaType"/>
          <xsd:element name="status" type="common:StatusType"/>
          <xsd:element name="ssin" type="tns:SsinWithRegisterType" minOccurs="0"/>
          <xsd:element name="inscriptions" type="tns:InscriptionsType" minOccurs="0"/>
        </xsd:sequence>
      </xsd:extension>
    </xsd:complexContent>
  </xsd:complexType>
  <xsd:complexType name="AddInscriptionCriteriaType">
    <xsd:sequence>
      <xsd:element name="ssin" type="common:SsinType"/>
      <xsd:element name="inscriptionContext" type="common:InscriptionContextType"/>
      <xsd:element name="period" type="common:OpenPeriodType" minOccurs="0"/>
      <xsd:element name="legalData" type="tns:LegalDataRequestType" minOccurs="0"/>
    </xsd:sequence>
  </xsd:complexType>
  <!--========================= REMOVE PERIOD ===========================-->
  <xsd:complexType name="RemoveInscriptionRequestType">
    <xsd:sequence>
      <xsd:element name="criteria" type="tns:RemoveInscriptionCriteriaType"/>
    </xsd:sequence>
  </xsd:complexType>
  <xsd:complexType name="RemoveInscriptionResponseType">
    <xsd:complexContent>
      <xsd:extension base="common:BaseResponseType">
        <xsd:sequence>
          <xsd:element name="criteria" type="tns:RemoveInscriptionCriteriaType"/>
          <xsd:element name="status" type="common:StatusType"/>
          <xsd:element name="ssin" type="tns:SsinWithRegisterType" minOccurs="0"/>
          <xsd:element name="inscriptions" type="tns:InscriptionsType" minOccurs="0"/>
        </xsd:sequence>
      </xsd:extension>
    </xsd:complexContent>
  </xsd:complexType>
  <xsd:complexType name="RemoveInscriptionCriteriaType">
    <xsd:sequence>
      <xsd:element name="ssin" type="common:SsinType"/>
      <xsd:element name="inscriptionContext" type="common:InscriptionContextType"/>
      <xsd:element name="period" type="common:OpenPeriodType" minOccurs="0"/>
    </xsd:sequence>
  </xsd:complexType>
  <!--========================= COMMON TYPES ===========================-->
  <xsd:complexType name="InscriptionsType">
    <xsd:sequence>
      <xsd:element name="inscription" type="tns:InscriptionType" maxOccurs="100"/>
    </xsd:sequence>
  </xsd:complexType>
  <xsd:complexType name="InscriptionType">
    <xsd:sequence>
      <xsd:element name="organization" type="common:OrganizationIdentificationType"/>
      <xsd:element name="qualityCode">
        <xsd:simpleType>
          <xsd:restriction base="xsd:unsignedShort">
            <xsd:maxInclusive value="999"/>
          </xsd:restriction>
        </xsd:simpleType>
      </xsd:element>
      <xsd:element name="inscriptionContext" type="common:InscriptionContextType"/>
      <xsd:element name="period" type="common:OpenPeriodType" minOccurs="0">
        <xsd:annotation>
          <xsd:documentation>When the inscription is preliminary or definitive, the period is absent</xsd:documentation>
        </xsd:annotation>
      </xsd:element>
    </xsd:sequence>
    <xsd:attribute name="timestamp" type="xsd:dateTime" use="required"/>
  </xsd:complexType>
  <xsd:complexType name="LegalDataRequestType">
    <xsd:sequence>
      <xsd:element name="name" type="tns:NameType" minOccurs="0"/>
      <xsd:element name="birthDate" type="common:IncompleteDateType" minOccurs="0"/>
      <xsd:element name="gender" type="tns:GenderCodeType" minOccurs="0"/>
    </xsd:sequence>
  </xsd:complexType>
  <xsd:complexType name="NameType">
    <xsd:sequence>
      <xsd:element name="lastName">
        <xsd:simpleType>
          <xsd:restriction base="xsd:string">
            <xsd:minLength value="1"/>
            <xsd:maxLength value="48"/>
          </xsd:restriction>
        </xsd:simpleType>
      </xsd:element>
      <xsd:element name="givenName" minOccurs="0">
        <xsd:simpleType>
          <xsd:restriction base="xsd:string">
            <xsd:minLength value="1"/>
            <xsd:maxLength value="48"/>
          </xsd:restriction>
        </xsd:simpleType>
      </xsd:element>
    </xsd:sequence>
  </xsd:complexType>
  <xsd:simpleType name="GenderCodeType">
    <xsd:restriction base="xsd:string">
      <xsd:enumeration value="M"/>
      <xsd:enumeration value="F"/>
    </xsd:restriction>
  </xsd:simpleType>
  <xsd:complexType name="SsinWithRegisterType">
    <xsd:simpleContent>
      <xsd:extension base="common:SsinType">
        <xsd:attribute name="register" type="tns:RegisterType" use="required"/>
        <xsd:attribute name="replacing" type="xsd:boolean" use="required"/>
      </xsd:extension>
    </xsd:simpleContent>
  </xsd:complexType>
  <xsd:simpleType name="RegisterType">
    <xsd:restriction base="xsd:string">
      <xsd:enumeration value="NR"/>
      <xsd:enumeration value="RAD"/>
      <xsd:enumeration value="BIS"/>
    </xsd:restriction>
  </xsd:simpleType>
</xsd:schema>]]></con:content><con:type>http://www.w3.org/2001/XMLSchema</con:type></con:part><con:part><con:url>file:/home/isr/git/parent/inscriptionservice_v1/InscriptionServiceGateway/src/main/resources/wsdl/inscriptionService/1.0.0/messages/types/common/CommonV3.xsd</con:url><con:content><![CDATA[<!--edited with XMLSpy v2008 rel. 2 sp2 (http://www.altova.com) by USER (KSZ-BCSS)-->
<!--====================================================================================================================================
	* File Name				: CommonV3.xsd
	* Author					: Johan Kumps - Peter Van den Bosch
	* Owner					: Crossroad Bank for Social Security (CBSS)
	* Domain					: CBSS Registries Public Services
	* Creation Date			: 31-05-2010
	* Last revision date	: 25-03-2011
	* Description				: This XML schema document contains a set of Common XML  type definition and content model fragments for use in CBSS webservices and batch file schema definitions within the CBSS domain. 
	* Status					: 
	* Current Version		: 3.0
	* Revision History		: 09-03-2011  	String2Type added
	*														LegalContext added
	*														DescriptionType refactored + lenght constraint 50 changed to 100
	*														InformationCustomerType.ticket length constraint 32 changed to 36
	*														LegalContext + IntegrationContext concepts added
	*														RuntimeFaultType refactored to CBSSFaultType
	*														Parameters added to BaseRequestType
	*                                18-10-2011 		removed String100Type 
   *                                         				Added InformationNotificationCBSS/InformationNotified
   *                                         				Increased the max number of occurences of Information in CBSSFaultType from 5 to 15
	*									25-10-2011	Refactored unbounded business errors to 25
	*														Refactored SSINType to SsinType
   *                          09-11-2011 Changed namespace to v3
   *                                         thorough validation leading to modifications: see CBSS common XSD types.doc
   *                           18-01-2011          informationNotified: identification renamed to notifiedIdentification (consistency)
   *                                                          CbeNumberType: changed from 9 or 10 digits, to mandatory 10 digits
  *                                                          added types for euro amounts, enterprise numbers and business unit numbers
 *                                                          Removed status and business anomalies from BaseResponseType, as the request fields should be copied in the same order in the response
*                                20-03-2012        Renamed BaseDescriptionType to DescriptionType, removed old DescriptionType
*                                                        Removed DescriptionStyleParametersType
*                                                        Removed RegisterCharacterSetType
*                                 29-05-2012           Really remove RegisterCharacterSetType
*								  14-11-2013		Added InformationCBSSBatchType
*								  04-09-2014		Added SenderReceiverType
====================================================================================================================================-->
<xsd:schema targetNamespace="http://kszbcss.fgov.be/types/common/v3" elementFormDefault="unqualified" attributeFormDefault="unqualified" version="3.1" xmlns:xsd="http://www.w3.org/2001/XMLSchema" xmlns:tns="http://kszbcss.fgov.be/types/common/v3">
  <!--Request / response meta data-->
  <xsd:simpleType name="SeverityType">
    <xsd:restriction base="xsd:string">
      <xsd:enumeration value="INFORMATION"/>
      <xsd:enumeration value="WARNING"/>
      <xsd:enumeration value="FATAL"/>
    </xsd:restriction>
  </xsd:simpleType>
  <xsd:simpleType name="UUIDType">
    <xsd:restriction base="xsd:string">
      <xsd:pattern value="[\da-fA-F]{8}-[\da-fA-F]{4}-[\da-fA-F]{4}-[\da-fA-F]{4}-[\da-fA-F]{12}"/>
    </xsd:restriction>
  </xsd:simpleType>
  <xsd:simpleType name="TicketType">
    <xsd:restriction base="xsd:string">
      <xsd:maxLength value="36"/>
    </xsd:restriction>
  </xsd:simpleType>
  <xsd:simpleType name="CbeNumberType">
    <xsd:annotation>
      <xsd:documentation>CBE number identifying an enterprise or business unit</xsd:documentation>
    </xsd:annotation>
    <xsd:restriction base="xsd:string">
      <xsd:pattern value="\d{10}"/>
    </xsd:restriction>
  </xsd:simpleType>
  <xsd:simpleType name="EnterpriseNumberType">
    <xsd:annotation>
      <xsd:documentation>CBE enterprise number (starting with 0 or 1)</xsd:documentation>
    </xsd:annotation>
    <xsd:restriction base="xsd:string">
      <xsd:pattern value="[0-1]\d{9}"/>
    </xsd:restriction>
  </xsd:simpleType>
  <xsd:simpleType name="BusinessUnitNumberType">
    <xsd:annotation>
      <xsd:documentation>CBE business unit number (starting with 2-8)</xsd:documentation>
    </xsd:annotation>
    <xsd:restriction base="xsd:string">
      <xsd:pattern value="[2-8]\d{9}"/>
    </xsd:restriction>
  </xsd:simpleType>
  <xsd:simpleType name="SsinType">
    <xsd:restriction base="xsd:string">
      <xsd:pattern value="[0-9][0-9](([0][0-9])|([1][0-2]))(([0-2][0-9])|([3][0-1]))(([0-9]{2}[1-9])|([0-9][1-9][0-9])|([1-9][0-9]{2}))(([0-8][0-9])|([9][0-7]))">
        <xsd:annotation>
          <xsd:documentation xml:lang="FR">Registre National</xsd:documentation>
          <xsd:documentation xml:lang="NL">Rijksregister</xsd:documentation>
        </xsd:annotation>
      </xsd:pattern>
      <xsd:pattern value="[0-9][0-9](([2][0-9])|([3][0-2]))(([0-2][0-9])|([3][0-1]))[0-9]{3}(([0-8][0-9])|([9][0-7]))">
        <xsd:annotation>
          <xsd:documentation xml:lang="FR">Registre Bis : numero Bis</xsd:documentation>
          <xsd:documentation xml:lang="NL">Bis register : Bisnummer</xsd:documentation>
        </xsd:annotation>
      </xsd:pattern>
      <xsd:pattern value="[0-9][0-9](([4][0-9])|([5][0-2]))(([0-2][0-9])|([3][0-1]))[0-9]{3}(([0-8][0-9])|([9][0-7]))">
        <xsd:annotation>
          <xsd:documentation xml:lang="FR">Registre Bis : numero TER</xsd:documentation>
          <xsd:documentation xml:lang="NL">Bisregister : Ternummer</xsd:documentation>
        </xsd:annotation>
      </xsd:pattern>
    </xsd:restriction>
  </xsd:simpleType>
  <xsd:simpleType name="LegalContextType">
    <xsd:restriction base="xsd:string">
      <xsd:maxLength value="64"/>
    </xsd:restriction>
  </xsd:simpleType>
  <xsd:simpleType name="IntegrationContextType">
    <xsd:annotation>
      <xsd:documentation>deprecated type. Use InscriptionContextType instead in new XSDs</xsd:documentation>
    </xsd:annotation>
    <xsd:restriction base="xsd:string">
      <xsd:maxLength value="64"/>
    </xsd:restriction>
  </xsd:simpleType>
  <xsd:simpleType name="InscriptionContextType">
    <xsd:annotation>
      <xsd:documentation>The way in which an organization knows a person (textual equivalent of former numerical quality code)</xsd:documentation>
    </xsd:annotation>
    <xsd:restriction base="xsd:string">
      <xsd:maxLength value="64"/>
    </xsd:restriction>
  </xsd:simpleType>
  <xsd:complexType name="InformationCBSSType">
    <xsd:annotation>
      <xsd:documentation>Information block from CBSS.</xsd:documentation>
    </xsd:annotation>
    <xsd:sequence>
      <xsd:element name="ticketCBSS" type="tns:UUIDType"/>
      <xsd:element name="timestampReceive" type="xsd:dateTime">
        <xsd:annotation>
          <xsd:documentation>Time request was received by CBSS.</xsd:documentation>
        </xsd:annotation>
      </xsd:element>
      <xsd:element name="timestampReply" type="xsd:dateTime">
        <xsd:annotation>
          <xsd:documentation>Time reply was sent by CBSS.</xsd:documentation>
        </xsd:annotation>
      </xsd:element>
    </xsd:sequence>
  </xsd:complexType>
  <xsd:complexType name="InformationCustomerType">
    <xsd:annotation>
      <xsd:documentation>Information block that can be used by the customer for diagnostic use.</xsd:documentation>
    </xsd:annotation>
    <xsd:sequence>
      <xsd:element name="ticket" type="tns:TicketType" minOccurs="0">
        <xsd:annotation>
          <xsd:documentation>Client can assign their own ticket reference for the request. Not mandatory.</xsd:documentation>
        </xsd:annotation>
      </xsd:element>
      <xsd:element name="timestampSent" type="xsd:dateTime" minOccurs="0">
        <xsd:annotation>
          <xsd:documentation>Timestamp when client sent request.</xsd:documentation>
        </xsd:annotation>
      </xsd:element>
      <xsd:element name="customerIdentification" type="tns:OrganizationIdentificationType"/>
    </xsd:sequence>
  </xsd:complexType>
  <xsd:complexType name="InformationSupplierType">
    <xsd:annotation>
      <xsd:documentation>Information block for supplier of a service</xsd:documentation>
    </xsd:annotation>
    <xsd:sequence>
      <xsd:element name="ticket" type="tns:TicketType" minOccurs="0">
        <xsd:annotation>
          <xsd:documentation>UUID generated by Customer or Supplier</xsd:documentation>
        </xsd:annotation>
      </xsd:element>
      <xsd:element name="timestampReceive" type="xsd:dateTime" minOccurs="0">
        <xsd:annotation>
          <xsd:documentation>Time of request</xsd:documentation>
        </xsd:annotation>
      </xsd:element>
      <xsd:element name="timestampReply" type="xsd:dateTime" minOccurs="0">
        <xsd:annotation>
          <xsd:documentation>Time of request</xsd:documentation>
        </xsd:annotation>
      </xsd:element>
      <xsd:element name="supplierIdentification" type="tns:OrganizationIdentificationType"/>
    </xsd:sequence>
  </xsd:complexType>
  <xsd:complexType name="InformationNotificationCBSSType">
    <xsd:annotation>
      <xsd:documentation>Deprecated type. Use SenderReceiverType in new batch XSDs. Information block for CBSS info when CBSS notifies partner</xsd:documentation>
    </xsd:annotation>
    <xsd:sequence>
      <xsd:element name="ticketCBSS" type="tns:UUIDType">
        <xsd:annotation>
          <xsd:documentation>UUID generated by Customer or Supplier</xsd:documentation>
        </xsd:annotation>
      </xsd:element>
      <xsd:element name="timestampSent" type="xsd:dateTime">
        <xsd:annotation>
          <xsd:documentation>Time of request</xsd:documentation>
        </xsd:annotation>
      </xsd:element>
    </xsd:sequence>
  </xsd:complexType>
  <xsd:complexType name="InformationNotifiedType">
    <xsd:annotation>
      <xsd:documentation>Deprecated type. Use SenderReceiverType in new batch XSDs. Information block for partner info when CBSS notifies partner</xsd:documentation>
    </xsd:annotation>
    <xsd:sequence>
      <xsd:element name="ticket" type="tns:TicketType" minOccurs="0"/>
      <xsd:element name="timestampReply" type="xsd:dateTime" minOccurs="0"/>
      <xsd:element name="notifiedIdentification" type="tns:OrganizationIdentificationType"/>
    </xsd:sequence>
  </xsd:complexType>
  <xsd:complexType name="InformationCBSSBatchType">
    <xsd:annotation>
      <xsd:documentation>Deprecated type. Use SenderReceiverType in new batch XSDs</xsd:documentation>
    </xsd:annotation>
    <xsd:sequence>
      <xsd:element name="fileId" type="xsd:unsignedLong"/>
      <xsd:element name="fileCreationTimestamp" type="xsd:dateTime"/>
    </xsd:sequence>
  </xsd:complexType>
  <xsd:complexType name="SenderReceiverType">
    <xsd:annotation>
      <xsd:documentation>Information block containing info about the sender or receiver of a message.</xsd:documentation>
    </xsd:annotation>
    <xsd:sequence>
      <xsd:element name="ticket" type="tns:TicketType" minOccurs="0">
        <xsd:annotation>
          <xsd:documentation>The partner can assign a ticket reference to the message. Not mandatory.</xsd:documentation>
        </xsd:annotation>
      </xsd:element>
      <xsd:element name="timestampSent" type="xsd:dateTime" minOccurs="0">
        <xsd:annotation>
          <xsd:documentation>Timestamp when message was sent. In the receiver block of response messages the timestampSent is the timestamp when the request was created by the organization that receives the response.</xsd:documentation>
        </xsd:annotation>
      </xsd:element>
      <xsd:element name="organizationIdentification" type="tns:OrganizationIdentificationType"/>
    </xsd:sequence>
  </xsd:complexType>
  <xsd:complexType name="OrganizationIdentificationType">
    <xsd:choice>
      <xsd:element name="cbeNumber" type="tns:CbeNumberType"/>
      <xsd:sequence>
        <xsd:element name="sector">
          <xsd:simpleType>
            <xsd:restriction base="xsd:unsignedShort">
              <xsd:maxInclusive value="999"/>
            </xsd:restriction>
          </xsd:simpleType>
        </xsd:element>
        <xsd:element name="institution">
          <xsd:simpleType>
            <xsd:restriction base="xsd:unsignedShort">
              <xsd:maxInclusive value="999"/>
            </xsd:restriction>
          </xsd:simpleType>
        </xsd:element>
      </xsd:sequence>
    </xsd:choice>
  </xsd:complexType>
  <xsd:complexType name="OpenPeriodType">
    <xsd:annotation>
      <xsd:documentation>Period containining a begin date and an optional end date.</xsd:documentation>
    </xsd:annotation>
    <xsd:sequence>
      <xsd:element name="beginDate" type="xsd:date"/>
      <xsd:element name="endDate" type="xsd:date" minOccurs="0"/>
    </xsd:sequence>
  </xsd:complexType>
  <xsd:complexType name="PeriodType">
    <xsd:annotation>
      <xsd:documentation>Period containining a begin date and an end date.</xsd:documentation>
    </xsd:annotation>
    <xsd:sequence>
      <xsd:element name="beginDate" type="xsd:date"/>
      <xsd:element name="endDate" type="xsd:date"/>
    </xsd:sequence>
  </xsd:complexType>
  <xsd:simpleType name="IncompleteDateType">
    <xsd:annotation>
      <xsd:documentation>A possibly incomplete date. Format yyyy-mm-dd, yyyy-mm-00 or yyyy-00-00</xsd:documentation>
    </xsd:annotation>
    <xsd:restriction base="xsd:string">
      <xsd:length value="10"/>
      <xsd:whiteSpace value="collapse"/>
      <xsd:pattern value="[0-2][0-9]{3}\-[0-1][0-9]\-[0-3][0-9]"/>
    </xsd:restriction>
  </xsd:simpleType>
  <xsd:simpleType name="DescriptionType">
    <xsd:restriction base="xsd:string">
      <xsd:maxLength value="100"/>
    </xsd:restriction>
  </xsd:simpleType>
  <xsd:simpleType name="LanguageType">
    <xsd:annotation>
      <xsd:documentation>Type specifying the language of a given value</xsd:documentation>
    </xsd:annotation>
    <xsd:restriction base="xsd:string">
      <xsd:enumeration value="NL"/>
      <xsd:enumeration value="FR"/>
      <xsd:enumeration value="DE"/>
    </xsd:restriction>
  </xsd:simpleType>
  <!--Errors and warnings structures-->
  <xsd:group name="BusinessAnomaliesContentFragment">
    <xsd:annotation>
      <xsd:documentation>Structure reporting business errors to the consumer</xsd:documentation>
    </xsd:annotation>
    <xsd:sequence>
      <xsd:element name="businessAnomalies" type="tns:BusinessAnomaliesType" minOccurs="0"/>
    </xsd:sequence>
  </xsd:group>
  <xsd:complexType name="BusinessAnomaliesType">
    <xsd:annotation>
      <xsd:documentation>Type defining the structure of the part of the response containing business Faults</xsd:documentation>
    </xsd:annotation>
    <xsd:sequence>
      <xsd:element name="businessAnomaly" type="tns:BusinessAnomalyType" maxOccurs="25"/>
    </xsd:sequence>
  </xsd:complexType>
  <xsd:complexType name="BusinessAnomalyType">
    <xsd:annotation>
      <xsd:documentation>Type defining the structure of one business Faults</xsd:documentation>
    </xsd:annotation>
    <xsd:sequence>
      <xsd:element name="code" type="xsd:string">
        <xsd:annotation>
          <xsd:documentation>Unique code referring to a description of this Fault</xsd:documentation>
        </xsd:annotation>
      </xsd:element>
      <xsd:element name="severity" type="tns:SeverityType"/>
      <xsd:element name="description">
        <xsd:annotation>
          <xsd:documentation>Some description of this Fault</xsd:documentation>
        </xsd:annotation>
        <xsd:simpleType>
          <xsd:restriction base="xsd:string">
            <xsd:maxLength value="256"/>
          </xsd:restriction>
        </xsd:simpleType>
      </xsd:element>
      <xsd:element name="information" type="tns:InformationType" minOccurs="0" maxOccurs="15"/>
    </xsd:sequence>
  </xsd:complexType>
  <xsd:complexType name="CBSSFaultType">
    <xsd:sequence>
      <xsd:element name="informationCustomer" type="tns:InformationCustomerType" minOccurs="0"/>
      <xsd:element name="informationCBSS" type="tns:InformationCBSSType"/>
      <xsd:element name="detail" type="tns:MessageType" maxOccurs="30"/>
    </xsd:sequence>
  </xsd:complexType>
  <xsd:complexType name="MessageType">
    <xsd:sequence>
      <xsd:element name="severity" type="tns:SeverityType"/>
      <xsd:element name="reasonCode">
        <xsd:simpleType>
          <xsd:restriction base="xsd:string">
            <xsd:maxLength value="16"/>
          </xsd:restriction>
        </xsd:simpleType>
      </xsd:element>
      <xsd:element name="diagnostic">
        <xsd:simpleType>
          <xsd:restriction base="xsd:string">
            <xsd:maxLength value="256"/>
          </xsd:restriction>
        </xsd:simpleType>
      </xsd:element>
      <xsd:element name="authorCode">
        <xsd:simpleType>
          <xsd:restriction base="xsd:string">
            <xsd:maxLength value="64"/>
          </xsd:restriction>
        </xsd:simpleType>
      </xsd:element>
      <xsd:element name="information" type="tns:InformationType" minOccurs="0" maxOccurs="15"/>
    </xsd:sequence>
  </xsd:complexType>
  <xsd:complexType name="InformationType">
    <xsd:sequence>
      <xsd:element name="fieldName">
        <xsd:simpleType>
          <xsd:restriction base="xsd:string">
            <xsd:maxLength value="64"/>
          </xsd:restriction>
        </xsd:simpleType>
      </xsd:element>
      <xsd:element name="fieldValue" minOccurs="0">
        <xsd:simpleType>
          <xsd:restriction base="xsd:string">
            <xsd:maxLength value="256"/>
          </xsd:restriction>
        </xsd:simpleType>
      </xsd:element>
    </xsd:sequence>
  </xsd:complexType>
  <!--Base types for most common request/response format for consultation type operations. Can be used to define request and response types with extension type inheritance. Don't use if it doesn't fit the requirements.-->
  <xsd:complexType name="BaseRequestType" abstract="true">
    <xsd:annotation>
      <xsd:documentation>Type defining the base structure for all service requests</xsd:documentation>
    </xsd:annotation>
    <xsd:sequence>
      <xsd:element name="informationCustomer" type="tns:InformationCustomerType"/>
      <xsd:element name="informationCBSS" type="tns:InformationCBSSType" minOccurs="0"/>
      <xsd:element name="legalContext" type="tns:LegalContextType">
        <xsd:annotation>
          <xsd:documentation>legal context under which the request was made</xsd:documentation>
        </xsd:annotation>
      </xsd:element>
    </xsd:sequence>
  </xsd:complexType>
  <xsd:complexType name="BaseResponseType" abstract="true">
    <xsd:annotation>
      <xsd:documentation>Type defining the base structure for all service responses</xsd:documentation>
    </xsd:annotation>
    <xsd:sequence>
      <xsd:element name="informationCustomer" type="tns:InformationCustomerType"/>
      <xsd:element name="informationCBSS" type="tns:InformationCBSSType"/>
      <xsd:element name="legalContext" type="tns:LegalContextType"/>
    </xsd:sequence>
  </xsd:complexType>
  <!--Commonly used status type for consultation type operations. Define another if it doesn't fit requirements.-->
  <xsd:complexType name="StatusType">
    <xsd:sequence>
      <xsd:element name="value">
        <xsd:annotation>
          <xsd:documentation>global status of the result</xsd:documentation>
        </xsd:annotation>
        <xsd:simpleType>
          <xsd:restriction base="xsd:string">
            <xsd:enumeration value="DATA_FOUND"/>
            <xsd:enumeration value="NO_DATA_FOUND"/>
            <xsd:enumeration value="NO_RESULT"/>
          </xsd:restriction>
        </xsd:simpleType>
      </xsd:element>
      <xsd:element name="code">
        <xsd:annotation>
          <xsd:documentation>the code of the status</xsd:documentation>
        </xsd:annotation>
        <xsd:simpleType>
          <xsd:restriction base="xsd:string">
            <xsd:maxLength value="16"/>
          </xsd:restriction>
        </xsd:simpleType>
      </xsd:element>
      <xsd:element name="description" minOccurs="0">
        <xsd:annotation>
          <xsd:documentation>the description of the status</xsd:documentation>
        </xsd:annotation>
        <xsd:simpleType>
          <xsd:restriction base="xsd:string">
            <xsd:maxLength value="256"/>
          </xsd:restriction>
        </xsd:simpleType>
      </xsd:element>
      <xsd:element name="information" type="tns:InformationType" minOccurs="0" maxOccurs="15"/>
    </xsd:sequence>
  </xsd:complexType>
  <xsd:simpleType name="EuroPositiveAmountType">
    <xsd:restriction base="xsd:decimal">
      <xsd:fractionDigits value="2"/>
      <xsd:maxExclusive value="1000000000000000"/>
    </xsd:restriction>
  </xsd:simpleType>
  <xsd:simpleType name="EuroAmountType">
    <xsd:restriction base="xsd:decimal">
      <xsd:fractionDigits value="2"/>
      <xsd:maxExclusive value="1000000000000000"/>
      <xsd:minExclusive value="-1000000000000000"/>
    </xsd:restriction>
  </xsd:simpleType>
  <xsd:simpleType name="EurocentPositiveAmountType">
    <xsd:restriction base="xsd:unsignedLong">
      <xsd:maxExclusive value="100000000000000000"/>
    </xsd:restriction>
  </xsd:simpleType>
  <xsd:simpleType name="EurocentAmountType">
    <xsd:restriction base="xsd:long">
      <xsd:minExclusive value="-100000000000000000"/>
      <xsd:maxExclusive value="100000000000000000"/>
    </xsd:restriction>
  </xsd:simpleType>
</xsd:schema>]]></con:content><con:type>http://www.w3.org/2001/XMLSchema</con:type></con:part></con:definitionCache><con:endpoints><con:endpoint>https://192.168.24.45:8443/services/InscriptionService_v1.0</con:endpoint><con:endpoint>https://192.168.24.51:8443/services/InscriptionService_v1.0</con:endpoint><con:endpoint>https://192.168.24.57:8443/services/InscriptionService_v1.0</con:endpoint><con:endpoint>https://192.168.24.64:8443/services/InscriptionService_v1.0</con:endpoint><con:endpoint>https://192.168.36.205:8243/services/InscriptionService_v1.0</con:endpoint><con:endpoint>https://esb-security-gw.sta.srv.cirb.lan:8443/services/InscriptionService_v1.0</con:endpoint><con:endpoint>https://fidus-esb-sg.sta.srv.cirb.lan:8443/InscriptionService_v1.0</con:endpoint><con:endpoint>https://fidus-test.irisnetlab.be/services/InscriptionService_v1.0</con:endpoint><con:endpoint>https://fidus.irisnetlab.be/services/InscriptionService_v1.0</con:endpoint></con:endpoints><con:operation id="7f13c12e-1518-46a4-b43a-9568946c8006" isOneWay="false" action="http://fidus.brussels/services/inscriptionservice/addInscription" name="addInscription" bindingOperationName="addInscription" type="Request-Response" inputName="" receivesAttachments="false" sendsAttachments="false" anonymous="optional"><con:settings/><con:call id="65a59cee-57e2-4470-8ec9-1a8fbb5f1725" name="1 - Local - Request" outgoingWss="Outflow DEV" incomingWss="Inflow DEV" sslKeystore="fidus-testuser-dev.jks"><con:settings><con:setting id="com.eviware.soapui.impl.wsdl.WsdlRequest@request-headers">&lt;xml-fragment/></con:setting></con:settings><con:encoding>UTF-8</con:encoding><con:endpoint>https://localhost:8243/services/InscriptionService_v1.0</con:endpoint><con:request><![CDATA[<soapenv:Envelope xmlns:soapenv="http://schemas.xmlsoap.org/soap/envelope/" xmlns:v1="http://fidus.brussels/service/inscriptionservice/messages/v1" xmlns:v11="http://fidus.brussels/type/common/messages/v1">
   <soapenv:Header/>
   <soapenv:Body>
      <v1:addInscriptionRequest>
         <v1:messageContext>
            <v11:messageId>${=import static java.util.UUID.randomUUID; uuid = randomUUID() as String}</v11:messageId>
            <v11:timestamp>${=new java.text.SimpleDateFormat("yyyy-MM-dd'T'HH:mm:ss.SSS").format(new Date())}</v11:timestamp>
         </v1:messageContext>
         <v1:legalContext>ServiceIntegrator</v1:legalContext>
         <v1:request>
            <criteria>
               <ssin>91120406960</ssin>
               <inscriptionContext>fidus:administrative_file</inscriptionContext>
               <period>
                  <beginDate>${=new java.text.SimpleDateFormat("yyyy-MM-dd").format(new Date())}</beginDate>
                  <endDate>${=new java.text.SimpleDateFormat("yyyy-MM-dd").format(new Date() + 1)}</endDate>
               </period>
            </criteria>
         </v1:request>
      </v1:addInscriptionRequest>
   </soapenv:Body>
</soapenv:Envelope>]]></con:request><con:credentials><con:selectedAuthProfile>Basic</con:selectedAuthProfile><con:addedBasicAuthenticationTypes>Basic</con:addedBasicAuthenticationTypes><con:authType>Global HTTP Settings</con:authType></con:credentials><con:jmsConfig JMSDeliveryMode="PERSISTENT"/><con:jmsPropertyConfig/><con:wsaConfig mustUnderstand="NONE" version="200508" action="http://fidus.brussels/services/cbssinscriptionservice/addInscription"/><con:wsrmConfig version="1.2"/></con:call><con:call id="b377db8a-6e25-4999-8e5b-cb792e644d16" name="2 - DEV - Request" outgoingWss="Outflow DEV" incomingWss="Inflow DEV"><con:settings><con:setting id="com.eviware.soapui.impl.wsdl.WsdlRequest@request-headers">&lt;xml-fragment/></con:setting></con:settings><con:encoding>UTF-8</con:encoding><con:endpoint>https://192.168.36.205:8243/services/InscriptionService_v1.0</con:endpoint><con:request><![CDATA[<soapenv:Envelope xmlns:soapenv="http://schemas.xmlsoap.org/soap/envelope/" xmlns:v1="http://fidus.brussels/service/inscriptionservice/messages/v1" xmlns:v11="http://fidus.brussels/type/common/messages/v1">
   <soapenv:Header/>
   <soapenv:Body>
      <v1:addInscriptionRequest>
         <v1:messageContext>
            <v11:messageId>${=import static java.util.UUID.randomUUID; uuid = randomUUID() as String}</v11:messageId>
            <v11:timestamp>${=new java.text.SimpleDateFormat("yyyy-MM-dd'T'HH:mm:ss.SSS").format(new Date())}</v11:timestamp>
         </v1:messageContext>
         <v1:legalContext>ServiceIntegrator</v1:legalContext>
         <v1:request>
            <criteria>
               <ssin>91120406960</ssin>
               <inscriptionContext>fidus:administrative_file</inscriptionContext>
               <period>
                  <beginDate>${=new java.text.SimpleDateFormat("yyyy-MM-dd").format(new Date())}</beginDate>
                  <endDate>${=new java.text.SimpleDateFormat("yyyy-MM-dd").format(new Date() + 1)}</endDate>
               </period>
            </criteria>
         </v1:request>
      </v1:addInscriptionRequest>
   </soapenv:Body>
</soapenv:Envelope>]]></con:request><con:credentials><con:selectedAuthProfile>Basic</con:selectedAuthProfile><con:addedBasicAuthenticationTypes>Basic</con:addedBasicAuthenticationTypes><con:authType>Global HTTP Settings</con:authType></con:credentials><con:jmsConfig JMSDeliveryMode="PERSISTENT"/><con:jmsPropertyConfig/><con:wsaConfig mustUnderstand="NONE" version="200508" action="http://fidus.brussels/services/inscriptionservice/addInscription"/><con:wsrmConfig version="1.2"/></con:call><con:call id="ed9c8540-822e-4c09-8d61-016add0ccead" name="3 - TEST - External - Request"><con:settings><con:setting id="com.eviware.soapui.impl.wsdl.WsdlRequest@request-headers">&lt;xml-fragment/></con:setting></con:settings><con:encoding>UTF-8</con:encoding><con:endpoint>https://192.168.36.205:8243/services/InscriptionService_v1.0</con:endpoint><con:request><![CDATA[<soapenv:Envelope xmlns:soapenv="http://schemas.xmlsoap.org/soap/envelope/" xmlns:v1="http://fidus.brussels/service/inscriptionservice/messages/v1" xmlns:v11="http://fidus.brussels/type/common/messages/v1">
   <soapenv:Header/>
   <soapenv:Body>
      <v1:addInscriptionRequest>
         <v1:messageContext>
            <v11:messageId>${=import static java.util.UUID.randomUUID; uuid = randomUUID() as String}</v11:messageId>
            <v11:timestamp>${=new java.text.SimpleDateFormat("yyyy-MM-dd'T'HH:mm:ss.SSS").format(new Date())}</v11:timestamp>
         </v1:messageContext>
         <v1:legalContext>ServiceIntegrator</v1:legalContext>
         <v1:request>
            <criteria>
               <ssin>91120406960</ssin>
               <inscriptionContext>fidus:administrative_file</inscriptionContext>
               <period>
                  <beginDate>${=new java.text.SimpleDateFormat("yyyy-MM-dd").format(new Date())}</beginDate>
                  <endDate>${=new java.text.SimpleDateFormat("yyyy-MM-dd").format(new Date() + 1)}</endDate>
               </period>
            </criteria>
         </v1:request>
      </v1:addInscriptionRequest>
   </soapenv:Body>
</soapenv:Envelope>]]></con:request><con:credentials><con:selectedAuthProfile>Basic</con:selectedAuthProfile><con:addedBasicAuthenticationTypes>Basic</con:addedBasicAuthenticationTypes><con:authType>Global HTTP Settings</con:authType></con:credentials><con:jmsConfig JMSDeliveryMode="PERSISTENT"/><con:jmsPropertyConfig/><con:wsaConfig mustUnderstand="NONE" version="200508" action="http://fidus.brussels/services/inscriptionservice/addInscription"/><con:wsrmConfig version="1.2"/></con:call><con:call id="daf15dc6-f5ca-4584-bde8-f9ecb334b024" name="3- TEST - LB - Request"><con:settings><con:setting id="com.eviware.soapui.impl.wsdl.WsdlRequest@request-headers">&lt;xml-fragment/></con:setting></con:settings><con:encoding>UTF-8</con:encoding><con:endpoint>https://fidus-test.irisnetlab.be/services/InscriptionService_v1.0</con:endpoint><con:request><![CDATA[<soapenv:Envelope xmlns:soapenv="http://schemas.xmlsoap.org/soap/envelope/" xmlns:v1="http://fidus.brussels/service/inscriptionservice/messages/v1" xmlns:v11="http://fidus.brussels/type/common/messages/v1">
   <soapenv:Header/>
   <soapenv:Body>
      <v1:addInscriptionRequest>
         <v1:messageContext>
            <v11:messageId>${=import static java.util.UUID.randomUUID; uuid = randomUUID() as String}</v11:messageId>
            <v11:timestamp>${=new java.text.SimpleDateFormat("yyyy-MM-dd'T'HH:mm:ss.SSS").format(new Date())}</v11:timestamp>
         </v1:messageContext>
         <v1:legalContext>ServiceIntegrator</v1:legalContext>
         <v1:request>
            <criteria>
               <ssin>91120406960</ssin>
               <inscriptionContext>fidus:administrative_file</inscriptionContext>
               <period>
                  <beginDate>${=new java.text.SimpleDateFormat("yyyy-MM-dd").format(new Date())}</beginDate>
                  <endDate>${=new java.text.SimpleDateFormat("yyyy-MM-dd").format(new Date() + 1)}</endDate>
               </period>
            </criteria>
         </v1:request>
      </v1:addInscriptionRequest>
   </soapenv:Body>
</soapenv:Envelope>]]></con:request><con:credentials><con:selectedAuthProfile>Basic</con:selectedAuthProfile><con:addedBasicAuthenticationTypes>Basic</con:addedBasicAuthenticationTypes><con:authType>Global HTTP Settings</con:authType></con:credentials><con:jmsConfig JMSDeliveryMode="PERSISTENT"/><con:jmsPropertyConfig/><con:wsaConfig mustUnderstand="NONE" version="200508" action="http://fidus.brussels/services/inscriptionservice/addInscription"/><con:wsrmConfig version="1.2"/></con:call><con:call id="afbe8a05-15c0-4d72-b5c9-4b5f4b8872c3" name="3- TEST - worker 1 - Request" outgoingWss="Outflow TEST" incomingWss="Inflow TEST"><con:settings><con:setting id="com.eviware.soapui.impl.wsdl.WsdlRequest@request-headers">&lt;xml-fragment/></con:setting></con:settings><con:encoding>UTF-8</con:encoding><con:endpoint>https://192.168.24.45:8443/services/InscriptionService_v1.0</con:endpoint><con:request><![CDATA[<soapenv:Envelope xmlns:soapenv="http://schemas.xmlsoap.org/soap/envelope/" xmlns:v1="http://fidus.brussels/service/inscriptionservice/messages/v1" xmlns:v11="http://fidus.brussels/type/common/messages/v1">
   <soapenv:Header/>
   <soapenv:Body>
      <v1:addInscriptionRequest>
         <v1:messageContext>
            <v11:messageId>${=import static java.util.UUID.randomUUID; uuid = randomUUID() as String}</v11:messageId>
            <v11:timestamp>${=new java.text.SimpleDateFormat("yyyy-MM-dd'T'HH:mm:ss.SSS").format(new Date())}</v11:timestamp>
         </v1:messageContext>
         <v1:legalContext>ServiceIntegrator</v1:legalContext>
         <v1:request>
            <criteria>
               <ssin>91120406960</ssin>
               <inscriptionContext>fidus:administrative_file</inscriptionContext>
               <period>
                  <beginDate>${=new java.text.SimpleDateFormat("yyyy-MM-dd").format(new Date())}</beginDate>
                  <endDate>${=new java.text.SimpleDateFormat("yyyy-MM-dd").format(new Date() + 1)}</endDate>
               </period>
            </criteria>
         </v1:request>
      </v1:addInscriptionRequest>
   </soapenv:Body>
</soapenv:Envelope>]]></con:request><con:credentials><con:selectedAuthProfile>Basic</con:selectedAuthProfile><con:addedBasicAuthenticationTypes>Basic</con:addedBasicAuthenticationTypes><con:authType>Global HTTP Settings</con:authType></con:credentials><con:jmsConfig JMSDeliveryMode="PERSISTENT"/><con:jmsPropertyConfig/><con:wsaConfig mustUnderstand="NONE" version="200508" action="http://fidus.brussels/services/inscriptionservice/addInscription"/><con:wsrmConfig version="1.2"/></con:call><con:call id="ef7a01a8-aafd-495a-a8da-735d06057e56" name="3- TEST - worker 2 - Request" outgoingWss="Outflow TEST" incomingWss="Inflow TEST"><con:settings><con:setting id="com.eviware.soapui.impl.wsdl.WsdlRequest@request-headers">&lt;xml-fragment/></con:setting></con:settings><con:encoding>UTF-8</con:encoding><con:endpoint>https://192.168.24.51:8443/services/InscriptionService_v1.0</con:endpoint><con:request><![CDATA[<soapenv:Envelope xmlns:soapenv="http://schemas.xmlsoap.org/soap/envelope/" xmlns:v1="http://fidus.brussels/service/inscriptionservice/messages/v1" xmlns:v11="http://fidus.brussels/type/common/messages/v1">
   <soapenv:Header/>
   <soapenv:Body>
      <v1:addInscriptionRequest>
         <v1:messageContext>
            <v11:messageId>${=import static java.util.UUID.randomUUID; uuid = randomUUID() as String}</v11:messageId>
            <v11:timestamp>${=new java.text.SimpleDateFormat("yyyy-MM-dd'T'HH:mm:ss.SSS").format(new Date())}</v11:timestamp>
         </v1:messageContext>
         <v1:legalContext>ServiceIntegrator</v1:legalContext>
         <v1:request>
            <criteria>
               <ssin>91120406960</ssin>
               <inscriptionContext>fidus:administrative_file</inscriptionContext>
               <period>
                  <beginDate>${=new java.text.SimpleDateFormat("yyyy-MM-dd").format(new Date())}</beginDate>
                  <endDate>${=new java.text.SimpleDateFormat("yyyy-MM-dd").format(new Date() + 1)}</endDate>
               </period>
            </criteria>
         </v1:request>
      </v1:addInscriptionRequest>
   </soapenv:Body>
</soapenv:Envelope>]]></con:request><con:credentials><con:selectedAuthProfile>Basic</con:selectedAuthProfile><con:addedBasicAuthenticationTypes>Basic</con:addedBasicAuthenticationTypes><con:authType>Global HTTP Settings</con:authType></con:credentials><con:jmsConfig JMSDeliveryMode="PERSISTENT"/><con:jmsPropertyConfig/><con:wsaConfig mustUnderstand="NONE" version="200508" action="http://fidus.brussels/services/inscriptionservice/addInscription"/><con:wsrmConfig version="1.2"/></con:call><con:call id="c9a8ea63-ec39-40c8-8217-3e317b0c517e" name="4 - STAGING - External - Request" outgoingWss="Outflow STAGING" incomingWss="Inflow STAGING"><con:settings><con:setting id="com.eviware.soapui.impl.wsdl.WsdlRequest@request-headers">&lt;xml-fragment/></con:setting></con:settings><con:encoding>UTF-8</con:encoding><con:endpoint>https://fidus.irisnetlab.be/services/InscriptionService_v1.0</con:endpoint><con:request><![CDATA[<soapenv:Envelope xmlns:soapenv="http://schemas.xmlsoap.org/soap/envelope/" xmlns:v1="http://fidus.brussels/service/inscriptionservice/messages/v1" xmlns:v11="http://fidus.brussels/type/common/messages/v1">
   <soapenv:Header/>
   <soapenv:Body>
      <v1:addInscriptionRequest>
         <v1:messageContext>
            <v11:messageId>${=import static java.util.UUID.randomUUID; uuid = randomUUID() as String}</v11:messageId>
            <v11:timestamp>${=new java.text.SimpleDateFormat("yyyy-MM-dd'T'HH:mm:ss.SSS").format(new Date())}</v11:timestamp>
         </v1:messageContext>
         <v1:legalContext>ServiceIntegrator</v1:legalContext>
         <v1:request>
            <criteria>
               <ssin>91120406960</ssin>
               <inscriptionContext>fidus:administrative_file</inscriptionContext>
               <period>
                  <beginDate>${=new java.text.SimpleDateFormat("yyyy-MM-dd").format(new Date())}</beginDate>
                  <endDate>${=new java.text.SimpleDateFormat("yyyy-MM-dd").format(new Date() + 1)}</endDate>
               </period>
            </criteria>
         </v1:request>
      </v1:addInscriptionRequest>
   </soapenv:Body>
</soapenv:Envelope>]]></con:request><con:credentials><con:selectedAuthProfile>Basic</con:selectedAuthProfile><con:addedBasicAuthenticationTypes>Basic</con:addedBasicAuthenticationTypes><con:authType>Global HTTP Settings</con:authType></con:credentials><con:jmsConfig JMSDeliveryMode="PERSISTENT"/><con:jmsPropertyConfig/><con:wsaConfig mustUnderstand="NONE" version="200508" action="http://fidus.brussels/services/inscriptionservice/addInscription"/><con:wsrmConfig version="1.2"/></con:call><con:call id="406b36a6-c7cb-4d1a-b6c7-cdf406eadd28" name="4 - STAGING - LB - Request" outgoingWss="Outflow STAGING" incomingWss="Inflow STAGING"><con:settings><con:setting id="com.eviware.soapui.impl.wsdl.WsdlRequest@request-headers">&lt;xml-fragment/></con:setting></con:settings><con:encoding>UTF-8</con:encoding><con:endpoint>https://fidus-esb-sg.sta.srv.cirb.lan:8443/services/InscriptionService_v1.0</con:endpoint><con:request><![CDATA[<soapenv:Envelope xmlns:soapenv="http://schemas.xmlsoap.org/soap/envelope/" xmlns:v1="http://fidus.brussels/service/inscriptionservice/messages/v1" xmlns:v11="http://fidus.brussels/type/common/messages/v1">
   <soapenv:Header/>
   <soapenv:Body>
      <v1:addInscriptionRequest>
         <v1:messageContext>
            <v11:messageId>${=import static java.util.UUID.randomUUID; uuid = randomUUID() as String}</v11:messageId>
            <v11:timestamp>${=new java.text.SimpleDateFormat("yyyy-MM-dd'T'HH:mm:ss.SSS").format(new Date())}</v11:timestamp>
         </v1:messageContext>
         <v1:legalContext>ServiceIntegrator</v1:legalContext>
         <v1:request>
            <criteria>
               <ssin>91120406960</ssin>
               <inscriptionContext>fidus:administrative_file</inscriptionContext>
               <period>
                  <beginDate>${=new java.text.SimpleDateFormat("yyyy-MM-dd").format(new Date())}</beginDate>
                  <endDate>${=new java.text.SimpleDateFormat("yyyy-MM-dd").format(new Date() + 1)}</endDate>
               </period>
            </criteria>
         </v1:request>
      </v1:addInscriptionRequest>
   </soapenv:Body>
</soapenv:Envelope>]]></con:request><con:credentials><con:selectedAuthProfile>Basic</con:selectedAuthProfile><con:addedBasicAuthenticationTypes>Basic</con:addedBasicAuthenticationTypes><con:authType>Global HTTP Settings</con:authType></con:credentials><con:jmsConfig JMSDeliveryMode="PERSISTENT"/><con:jmsPropertyConfig/><con:wsaConfig mustUnderstand="NONE" version="200508" action="http://fidus.brussels/services/inscriptionservice/addInscription"/><con:wsrmConfig version="1.2"/></con:call><con:call id="02d9e835-7447-4697-a79c-5215041eb4ac" name="4 - STAGING - worker 1 - Request" outgoingWss="Outflow STAGING" incomingWss="Inflow STAGING"><con:settings><con:setting id="com.eviware.soapui.impl.wsdl.WsdlRequest@request-headers">&lt;xml-fragment/></con:setting></con:settings><con:encoding>UTF-8</con:encoding><con:endpoint>https://192.168.24.64:8443/services/InscriptionService_v1.0</con:endpoint><con:request><![CDATA[<soapenv:Envelope xmlns:soapenv="http://schemas.xmlsoap.org/soap/envelope/" xmlns:v1="http://fidus.brussels/service/inscriptionservice/messages/v1" xmlns:v11="http://fidus.brussels/type/common/messages/v1">
   <soapenv:Header/>
   <soapenv:Body>
      <v1:addInscriptionRequest>
         <v1:messageContext>
            <v11:messageId>${=import static java.util.UUID.randomUUID; uuid = randomUUID() as String}</v11:messageId>
            <v11:timestamp>${=new java.text.SimpleDateFormat("yyyy-MM-dd'T'HH:mm:ss.SSS").format(new Date())}</v11:timestamp>
         </v1:messageContext>
         <v1:legalContext>ServiceIntegrator</v1:legalContext>
         <v1:request>
            <criteria>
               <ssin>91120406960</ssin>
               <inscriptionContext>fidus:administrative_file</inscriptionContext>
               <period>
                  <beginDate>${=new java.text.SimpleDateFormat("yyyy-MM-dd").format(new Date())}</beginDate>
                  <endDate>${=new java.text.SimpleDateFormat("yyyy-MM-dd").format(new Date() + 1)}</endDate>
               </period>
            </criteria>
         </v1:request>
      </v1:addInscriptionRequest>
   </soapenv:Body>
</soapenv:Envelope>]]></con:request><con:credentials><con:selectedAuthProfile>Basic</con:selectedAuthProfile><con:addedBasicAuthenticationTypes>Basic</con:addedBasicAuthenticationTypes><con:authType>Global HTTP Settings</con:authType></con:credentials><con:jmsConfig JMSDeliveryMode="PERSISTENT"/><con:jmsPropertyConfig/><con:wsaConfig mustUnderstand="NONE" version="200508" action="http://fidus.brussels/services/inscriptionservice/addInscription"/><con:wsrmConfig version="1.2"/></con:call><con:call id="ae06f266-dadd-4928-a459-730ec9496610" name="4 - STAGING - worker 2 - Request" outgoingWss="Outflow STAGING" incomingWss="Inflow STAGING"><con:settings><con:setting id="com.eviware.soapui.impl.wsdl.WsdlRequest@request-headers">&lt;xml-fragment/></con:setting></con:settings><con:encoding>UTF-8</con:encoding><con:endpoint>https://192.168.24.57:8443/services/InscriptionService_v1.0</con:endpoint><con:request><![CDATA[<soapenv:Envelope xmlns:soapenv="http://schemas.xmlsoap.org/soap/envelope/" xmlns:v1="http://fidus.brussels/service/inscriptionservice/messages/v1" xmlns:v11="http://fidus.brussels/type/common/messages/v1">
   <soapenv:Header/>
   <soapenv:Body>
      <v1:addInscriptionRequest>
         <v1:messageContext>
            <v11:messageId>${=import static java.util.UUID.randomUUID; uuid = randomUUID() as String}</v11:messageId>
            <v11:timestamp>${=new java.text.SimpleDateFormat("yyyy-MM-dd'T'HH:mm:ss.SSS").format(new Date())}</v11:timestamp>
         </v1:messageContext>
         <v1:legalContext>ServiceIntegrator</v1:legalContext>
         <v1:request>
            <criteria>
               <ssin>91120406960</ssin>
               <inscriptionContext>fidus:administrative_file</inscriptionContext>
               <period>
                  <beginDate>${=new java.text.SimpleDateFormat("yyyy-MM-dd").format(new Date())}</beginDate>
                  <endDate>${=new java.text.SimpleDateFormat("yyyy-MM-dd").format(new Date() + 1)}</endDate>
               </period>
            </criteria>
         </v1:request>
      </v1:addInscriptionRequest>
   </soapenv:Body>
</soapenv:Envelope>]]></con:request><con:credentials><con:selectedAuthProfile>Basic</con:selectedAuthProfile><con:addedBasicAuthenticationTypes>Basic</con:addedBasicAuthenticationTypes><con:authType>Global HTTP Settings</con:authType></con:credentials><con:jmsConfig JMSDeliveryMode="PERSISTENT"/><con:jmsPropertyConfig/><con:wsaConfig mustUnderstand="NONE" version="200508" action="http://fidus.brussels/services/inscriptionservice/addInscription"/><con:wsrmConfig version="1.2"/></con:call></con:operation><con:operation id="822c7297-ae0d-4a4d-bde8-f6ba85eea5cb" isOneWay="false" action="http://fidus.brussels/services/inscriptionservice/consultInscriptions" name="consultInscriptions" bindingOperationName="consultInscriptions" type="Request-Response" inputName="" receivesAttachments="false" sendsAttachments="false" anonymous="optional"><con:settings/><con:call id="5a9f04e4-43bb-4d8a-b930-accc2110f2a5" name="1 - Local - Request" sslKeystore="fidus-testuser-dev.jks" outgoingWss="Outflow DEV" incomingWss="Inflow DEV"><con:settings><con:setting id="com.eviware.soapui.impl.wsdl.WsdlRequest@request-headers">&lt;xml-fragment/></con:setting></con:settings><con:encoding>UTF-8</con:encoding><con:endpoint>https://localhost:8243/services/InscriptionService_v1.0</con:endpoint><con:request><![CDATA[<soapenv:Envelope xmlns:soapenv="http://schemas.xmlsoap.org/soap/envelope/" xmlns:v1="http://fidus.brussels/service/inscriptionservice/messages/v1" xmlns:v11="http://fidus.brussels/type/common/messages/v1">
   <soapenv:Header/>
   <soapenv:Body>
      <v1:consultInscriptionsRequest>
         <v1:messageContext>
            <v11:messageId>${=import static java.util.UUID.randomUUID; uuid = randomUUID() as String}</v11:messageId>
            <v11:timestamp>${=new java.text.SimpleDateFormat("yyyy-MM-dd'T'HH:mm:ss.SSS").format(new Date())}</v11:timestamp>
         </v1:messageContext>
         <v1:legalContext>ServiceIntegrator</v1:legalContext>
         <v1:request>
            <criteria>
               <ssin>86081744930</ssin>
               <inscriptionContext>fidus:administrative_file</inscriptionContext>
            </criteria>
         </v1:request>
      </v1:consultInscriptionsRequest>
   </soapenv:Body>
</soapenv:Envelope>]]></con:request><con:credentials><con:selectedAuthProfile>Basic</con:selectedAuthProfile><con:addedBasicAuthenticationTypes>Basic</con:addedBasicAuthenticationTypes><con:authType>Global HTTP Settings</con:authType></con:credentials><con:jmsConfig JMSDeliveryMode="PERSISTENT"/><con:jmsPropertyConfig/><con:wsaConfig mustUnderstand="NONE" version="200508" action="http://fidus.brussels/services/cbssinscriptionservice/consultInscriptions"/><con:wsrmConfig version="1.2"/></con:call><con:call id="d2684af9-0c4e-40a0-9499-40e30dc5f721" name="2- DEV - Request"><con:settings><con:setting id="com.eviware.soapui.impl.wsdl.WsdlRequest@request-headers">&lt;xml-fragment/></con:setting></con:settings><con:encoding>UTF-8</con:encoding><con:endpoint>https://192.168.36.205:8243/services/InscriptionService_v1.0</con:endpoint><con:request><![CDATA[<soapenv:Envelope xmlns:soapenv="http://schemas.xmlsoap.org/soap/envelope/" xmlns:v1="http://fidus.brussels/service/inscriptionservice/messages/v1" xmlns:v11="http://fidus.brussels/type/common/messages/v1">
   <soapenv:Header/>
   <soapenv:Body>
      <v1:consultInscriptionsRequest>
         <v1:messageContext>
            <v11:messageId>${=import static java.util.UUID.randomUUID; uuid = randomUUID() as String}</v11:messageId>
            <v11:timestamp>${=new java.text.SimpleDateFormat("yyyy-MM-dd'T'HH:mm:ss.SSS").format(new Date())}</v11:timestamp>
         </v1:messageContext>
         <v1:legalContext>ServiceIntegrator</v1:legalContext>
         <v1:request>
            <criteria>
               <ssin>86081744930</ssin>
               <inscriptionContext>fidus:administrative_file</inscriptionContext>
            </criteria>
         </v1:request>
      </v1:consultInscriptionsRequest>
   </soapenv:Body>
</soapenv:Envelope>]]></con:request><con:credentials><con:selectedAuthProfile>Basic</con:selectedAuthProfile><con:addedBasicAuthenticationTypes>Basic</con:addedBasicAuthenticationTypes><con:authType>Global HTTP Settings</con:authType></con:credentials><con:jmsConfig JMSDeliveryMode="PERSISTENT"/><con:jmsPropertyConfig/><con:wsaConfig mustUnderstand="NONE" version="200508" action="http://fidus.brussels/services/inscriptionservice/consultInscriptions"/><con:wsrmConfig version="1.2"/></con:call><con:call id="95595208-b7f3-45d5-8f04-efb89ea9f4e2" name="3- TEST  - External - Request" outgoingWss="Outflow TEST" incomingWss="Inflow TEST"><con:settings><con:setting id="com.eviware.soapui.impl.wsdl.WsdlRequest@request-headers">&lt;xml-fragment/></con:setting></con:settings><con:encoding>UTF-8</con:encoding><con:endpoint>https://fidus-test.irisnetlab.be/services/InscriptionService_v1.0</con:endpoint><con:request><![CDATA[<soapenv:Envelope xmlns:soapenv="http://schemas.xmlsoap.org/soap/envelope/" xmlns:v1="http://fidus.brussels/service/inscriptionservice/messages/v1" xmlns:v11="http://fidus.brussels/type/common/messages/v1">
   <soapenv:Header/>
   <soapenv:Body>
      <v1:consultInscriptionsRequest>
         <v1:messageContext>
            <v11:messageId>${=import static java.util.UUID.randomUUID; uuid = randomUUID() as String}</v11:messageId>
            <v11:timestamp>${=new java.text.SimpleDateFormat("yyyy-MM-dd'T'HH:mm:ss.SSS").format(new Date())}</v11:timestamp>
         </v1:messageContext>
         <v1:legalContext>ServiceIntegrator</v1:legalContext>
         <v1:request>
            <criteria>
               <ssin>86081744930</ssin>
               <inscriptionContext>fidus:administrative_file</inscriptionContext>
            </criteria>
         </v1:request>
      </v1:consultInscriptionsRequest>
   </soapenv:Body>
</soapenv:Envelope>]]></con:request><con:credentials><con:selectedAuthProfile>Basic</con:selectedAuthProfile><con:addedBasicAuthenticationTypes>Basic</con:addedBasicAuthenticationTypes><con:authType>Global HTTP Settings</con:authType></con:credentials><con:jmsConfig JMSDeliveryMode="PERSISTENT"/><con:jmsPropertyConfig/><con:wsaConfig mustUnderstand="NONE" version="200508" action="http://fidus.brussels/services/inscriptionservice/consultInscriptions"/><con:wsrmConfig version="1.2"/></con:call><con:call id="940ad9c6-0eb1-4fb9-8f08-8c24f48ff6c8" name="3- TEST - LB - Request" outgoingWss="Outflow TEST" incomingWss="Inflow TEST"><con:settings><con:setting id="com.eviware.soapui.impl.wsdl.WsdlRequest@request-headers">&lt;xml-fragment/></con:setting></con:settings><con:encoding>UTF-8</con:encoding><con:endpoint>https://esb-security-gw.sta.srv.cirb.lan:8443/services/InscriptionService_v1.0</con:endpoint><con:request><![CDATA[<soapenv:Envelope xmlns:soapenv="http://schemas.xmlsoap.org/soap/envelope/" xmlns:v1="http://fidus.brussels/service/inscriptionservice/messages/v1" xmlns:v11="http://fidus.brussels/type/common/messages/v1">
   <soapenv:Header/>
   <soapenv:Body>
      <v1:consultInscriptionsRequest>
         <v1:messageContext>
            <v11:messageId>${=import static java.util.UUID.randomUUID; uuid = randomUUID() as String}</v11:messageId>
            <v11:timestamp>${=new java.text.SimpleDateFormat("yyyy-MM-dd'T'HH:mm:ss.SSS").format(new Date())}</v11:timestamp>
         </v1:messageContext>
         <v1:legalContext>ServiceIntegrator</v1:legalContext>
         <v1:request>
            <criteria>
               <ssin>86081744930</ssin>
               <inscriptionContext>fidus:administrative_file</inscriptionContext>
            </criteria>
         </v1:request>
      </v1:consultInscriptionsRequest>
   </soapenv:Body>
</soapenv:Envelope>]]></con:request><con:credentials><con:selectedAuthProfile>Basic</con:selectedAuthProfile><con:addedBasicAuthenticationTypes>Basic</con:addedBasicAuthenticationTypes><con:authType>Global HTTP Settings</con:authType></con:credentials><con:jmsConfig JMSDeliveryMode="PERSISTENT"/><con:jmsPropertyConfig/><con:wsaConfig mustUnderstand="NONE" version="200508" action="http://fidus.brussels/services/inscriptionservice/consultInscriptions"/><con:wsrmConfig version="1.2"/></con:call><con:call id="f17198e6-4c6f-4e73-9edc-a239ae1ca4f0" name="3- TEST - WORKER 1 - Request"><con:settings><con:setting id="com.eviware.soapui.impl.wsdl.WsdlRequest@request-headers">&lt;xml-fragment/></con:setting></con:settings><con:encoding>UTF-8</con:encoding><con:endpoint>https://192.168.24.45:8443/services/InscriptionService_v1.0</con:endpoint><con:request><![CDATA[<soapenv:Envelope xmlns:soapenv="http://schemas.xmlsoap.org/soap/envelope/" xmlns:v1="http://fidus.brussels/service/inscriptionservice/messages/v1" xmlns:v11="http://fidus.brussels/type/common/messages/v1">
   <soapenv:Header/>
   <soapenv:Body>
      <v1:consultInscriptionsRequest>
         <v1:messageContext>
            <v11:messageId>${=import static java.util.UUID.randomUUID; uuid = randomUUID() as String}</v11:messageId>
            <v11:timestamp>${=new java.text.SimpleDateFormat("yyyy-MM-dd'T'HH:mm:ss.SSS").format(new Date())}</v11:timestamp>
         </v1:messageContext>
         <v1:legalContext>ServiceIntegrator</v1:legalContext>
         <v1:request>
            <criteria>
               <ssin>86081744930</ssin>
               <inscriptionContext>fidus:administrative_file</inscriptionContext>
            </criteria>
         </v1:request>
      </v1:consultInscriptionsRequest>
   </soapenv:Body>
</soapenv:Envelope>]]></con:request><con:credentials><con:selectedAuthProfile>Basic</con:selectedAuthProfile><con:addedBasicAuthenticationTypes>Basic</con:addedBasicAuthenticationTypes><con:authType>Global HTTP Settings</con:authType></con:credentials><con:jmsConfig JMSDeliveryMode="PERSISTENT"/><con:jmsPropertyConfig/><con:wsaConfig mustUnderstand="NONE" version="200508" action="http://fidus.brussels/services/inscriptionservice/consultInscriptions"/><con:wsrmConfig version="1.2"/></con:call><con:call id="f2cecca5-07d1-4267-a452-e7164aa3644d" name="3- TEST - WORKER 2 - Request" outgoingWss="Outflow TEST" incomingWss="Inflow TEST"><con:settings><con:setting id="com.eviware.soapui.impl.wsdl.WsdlRequest@request-headers">&lt;xml-fragment/></con:setting></con:settings><con:encoding>UTF-8</con:encoding><con:endpoint>https://192.168.24.51:8443/services/InscriptionService_v1.0</con:endpoint><con:request><![CDATA[<soapenv:Envelope xmlns:soapenv="http://schemas.xmlsoap.org/soap/envelope/" xmlns:v1="http://fidus.brussels/service/inscriptionservice/messages/v1" xmlns:v11="http://fidus.brussels/type/common/messages/v1">
   <soapenv:Header/>
   <soapenv:Body>
      <v1:consultInscriptionsRequest>
         <v1:messageContext>
            <v11:messageId>${=import static java.util.UUID.randomUUID; uuid = randomUUID() as String}</v11:messageId>
            <v11:timestamp>${=new java.text.SimpleDateFormat("yyyy-MM-dd'T'HH:mm:ss.SSS").format(new Date())}</v11:timestamp>
         </v1:messageContext>
         <v1:legalContext>ServiceIntegrator</v1:legalContext>
         <v1:request>
            <criteria>
               <ssin>86081744930</ssin>
               <inscriptionContext>fidus:administrative_file</inscriptionContext>
            </criteria>
         </v1:request>
      </v1:consultInscriptionsRequest>
   </soapenv:Body>
</soapenv:Envelope>]]></con:request><con:credentials><con:selectedAuthProfile>Basic</con:selectedAuthProfile><con:addedBasicAuthenticationTypes>Basic</con:addedBasicAuthenticationTypes><con:authType>Global HTTP Settings</con:authType></con:credentials><con:jmsConfig JMSDeliveryMode="PERSISTENT"/><con:jmsPropertyConfig/><con:wsaConfig mustUnderstand="NONE" version="200508" action="http://fidus.brussels/services/inscriptionservice/consultInscriptions"/><con:wsrmConfig version="1.2"/></con:call><con:call id="c65e9951-d133-43ee-971b-56ad2b799d18" name="4 - STAGING - EXTERNAL - Request" outgoingWss="Outflow STAGING" incomingWss="Inflow STAGING"><con:settings><con:setting id="com.eviware.soapui.impl.wsdl.WsdlRequest@request-headers">&lt;xml-fragment/></con:setting></con:settings><con:encoding>UTF-8</con:encoding><con:endpoint>https://fidus.irisnetlab.be/services/InscriptionService_v1.0</con:endpoint><con:request><![CDATA[<soapenv:Envelope xmlns:soapenv="http://schemas.xmlsoap.org/soap/envelope/" xmlns:v1="http://fidus.brussels/service/inscriptionservice/messages/v1" xmlns:v11="http://fidus.brussels/type/common/messages/v1">
   <soapenv:Header/>
   <soapenv:Body>
      <v1:consultInscriptionsRequest>
         <v1:messageContext>
            <v11:messageId>${=import static java.util.UUID.randomUUID; uuid = randomUUID() as String}</v11:messageId>
            <v11:timestamp>${=new java.text.SimpleDateFormat("yyyy-MM-dd'T'HH:mm:ss.SSS").format(new Date())}</v11:timestamp>
         </v1:messageContext>
         <v1:legalContext>ServiceIntegrator</v1:legalContext>
         <v1:request>
            <criteria>
               <ssin>86081744930</ssin>
               <inscriptionContext>fidus:administrative_file</inscriptionContext>
            </criteria>
         </v1:request>
      </v1:consultInscriptionsRequest>
   </soapenv:Body>
</soapenv:Envelope>]]></con:request><con:credentials><con:selectedAuthProfile>Basic</con:selectedAuthProfile><con:addedBasicAuthenticationTypes>Basic</con:addedBasicAuthenticationTypes><con:authType>Global HTTP Settings</con:authType></con:credentials><con:jmsConfig JMSDeliveryMode="PERSISTENT"/><con:jmsPropertyConfig/><con:wsaConfig mustUnderstand="NONE" version="200508" action="http://fidus.brussels/services/inscriptionservice/consultInscriptions"/><con:wsrmConfig version="1.2"/></con:call><con:call id="bda7f077-ebb1-46b8-9f2b-9e6c4ace4a4f" name="4 - STAGING - LB - Request" outgoingWss="Outflow STAGING" incomingWss="Inflow STAGING"><con:settings><con:setting id="com.eviware.soapui.impl.wsdl.WsdlRequest@request-headers">&lt;xml-fragment/></con:setting></con:settings><con:encoding>UTF-8</con:encoding><con:endpoint>https://fidus-esb-sg.sta.srv.cirb.lan:8443/InscriptionService_v1.0</con:endpoint><con:request><![CDATA[<soapenv:Envelope xmlns:soapenv="http://schemas.xmlsoap.org/soap/envelope/" xmlns:v1="http://fidus.brussels/service/inscriptionservice/messages/v1" xmlns:v11="http://fidus.brussels/type/common/messages/v1">
   <soapenv:Header/>
   <soapenv:Body>
      <v1:consultInscriptionsRequest>
         <v1:messageContext>
            <v11:messageId>${=import static java.util.UUID.randomUUID; uuid = randomUUID() as String}</v11:messageId>
            <v11:timestamp>${=new java.text.SimpleDateFormat("yyyy-MM-dd'T'HH:mm:ss.SSS").format(new Date())}</v11:timestamp>
         </v1:messageContext>
         <v1:legalContext>ServiceIntegrator</v1:legalContext>
         <v1:request>
            <criteria>
               <ssin>86081744930</ssin>
               <inscriptionContext>fidus:administrative_file</inscriptionContext>
            </criteria>
         </v1:request>
      </v1:consultInscriptionsRequest>
   </soapenv:Body>
</soapenv:Envelope>]]></con:request><con:credentials><con:selectedAuthProfile>Basic</con:selectedAuthProfile><con:addedBasicAuthenticationTypes>Basic</con:addedBasicAuthenticationTypes><con:authType>Global HTTP Settings</con:authType></con:credentials><con:jmsConfig JMSDeliveryMode="PERSISTENT"/><con:jmsPropertyConfig/><con:wsaConfig mustUnderstand="NONE" version="200508" action="http://fidus.brussels/services/inscriptionservice/consultInscriptions"/><con:wsrmConfig version="1.2"/></con:call><con:call id="aa4fa06b-28cc-40e1-97f9-90abf4ed16ed" name="4 - STAGING - WORKER 1 - Request" outgoingWss="Outflow STAGING" incomingWss="Inflow STAGING"><con:settings><con:setting id="com.eviware.soapui.impl.wsdl.WsdlRequest@request-headers">&lt;xml-fragment/></con:setting></con:settings><con:encoding>UTF-8</con:encoding><con:endpoint>https://192.168.24.57:8443/services/InscriptionService_v1.0</con:endpoint><con:request><![CDATA[<soapenv:Envelope xmlns:soapenv="http://schemas.xmlsoap.org/soap/envelope/" xmlns:v1="http://fidus.brussels/service/inscriptionservice/messages/v1" xmlns:v11="http://fidus.brussels/type/common/messages/v1">
   <soapenv:Header/>
   <soapenv:Body>
      <v1:consultInscriptionsRequest>
         <v1:messageContext>
            <v11:messageId>${=import static java.util.UUID.randomUUID; uuid = randomUUID() as String}</v11:messageId>
            <v11:timestamp>${=new java.text.SimpleDateFormat("yyyy-MM-dd'T'HH:mm:ss.SSS").format(new Date())}</v11:timestamp>
         </v1:messageContext>
         <v1:legalContext>ServiceIntegrator</v1:legalContext>
         <v1:request>
            <criteria>
               <ssin>86081744930</ssin>
               <inscriptionContext>fidus:administrative_file</inscriptionContext>
            </criteria>
         </v1:request>
      </v1:consultInscriptionsRequest>
   </soapenv:Body>
</soapenv:Envelope>]]></con:request><con:credentials><con:selectedAuthProfile>Basic</con:selectedAuthProfile><con:addedBasicAuthenticationTypes>Basic</con:addedBasicAuthenticationTypes><con:authType>Global HTTP Settings</con:authType></con:credentials><con:jmsConfig JMSDeliveryMode="PERSISTENT"/><con:jmsPropertyConfig/><con:wsaConfig mustUnderstand="NONE" version="200508" action="http://fidus.brussels/services/inscriptionservice/consultInscriptions"/><con:wsrmConfig version="1.2"/></con:call><con:call id="0e2c5fda-3689-4e8b-a3de-9f5073e3ef8d" name="4 - STAGING - WORKER 2 - Request" outgoingWss="Outflow STAGING" incomingWss="Inflow STAGING"><con:settings><con:setting id="com.eviware.soapui.impl.wsdl.WsdlRequest@request-headers">&lt;xml-fragment/></con:setting></con:settings><con:encoding>UTF-8</con:encoding><con:endpoint>https://192.168.24.64:8443/services/InscriptionService_v1.0</con:endpoint><con:request><![CDATA[<soapenv:Envelope xmlns:soapenv="http://schemas.xmlsoap.org/soap/envelope/" xmlns:v1="http://fidus.brussels/service/inscriptionservice/messages/v1" xmlns:v11="http://fidus.brussels/type/common/messages/v1">
   <soapenv:Header/>
   <soapenv:Body>
      <v1:consultInscriptionsRequest>
         <v1:messageContext>
            <v11:messageId>${=import static java.util.UUID.randomUUID; uuid = randomUUID() as String}</v11:messageId>
            <v11:timestamp>${=new java.text.SimpleDateFormat("yyyy-MM-dd'T'HH:mm:ss.SSS").format(new Date())}</v11:timestamp>
         </v1:messageContext>
         <v1:legalContext>ServiceIntegrator</v1:legalContext>
         <v1:request>
            <criteria>
               <ssin>86081744930</ssin>
               <inscriptionContext>fidus:administrative_file</inscriptionContext>
            </criteria>
         </v1:request>
      </v1:consultInscriptionsRequest>
   </soapenv:Body>
</soapenv:Envelope>]]></con:request><con:credentials><con:selectedAuthProfile>Basic</con:selectedAuthProfile><con:addedBasicAuthenticationTypes>Basic</con:addedBasicAuthenticationTypes><con:authType>Global HTTP Settings</con:authType></con:credentials><con:jmsConfig JMSDeliveryMode="PERSISTENT"/><con:jmsPropertyConfig/><con:wsaConfig mustUnderstand="NONE" version="200508" action="http://fidus.brussels/services/inscriptionservice/consultInscriptions"/><con:wsrmConfig version="1.2"/></con:call></con:operation><con:operation id="dfe5b069-0563-42e6-bb5a-becccb04f4de" isOneWay="false" action="http://fidus.brussels/services/inscriptionservice/removeInscription" name="removeInscription" bindingOperationName="removeInscription" type="Request-Response" inputName="" receivesAttachments="false" sendsAttachments="false" anonymous="optional"><con:settings/><con:call id="881a3ead-122d-4284-915f-531b31a26dd9" name="1 - Local - Request" sslKeystore="fidus-testuser-dev.jks" outgoingWss="Outflow DEV" incomingWss="Inflow DEV"><con:settings><con:setting id="com.eviware.soapui.impl.wsdl.WsdlRequest@request-headers">&lt;xml-fragment/></con:setting></con:settings><con:encoding>UTF-8</con:encoding><con:endpoint>https://localhost:8243/services/InscriptionService_v1.0</con:endpoint><con:request><![CDATA[<soapenv:Envelope xmlns:soapenv="http://schemas.xmlsoap.org/soap/envelope/" xmlns:v1="http://fidus.brussels/service/inscriptionservice/messages/v1" xmlns:v11="http://fidus.brussels/type/common/messages/v1">
   <soapenv:Header/>
   <soapenv:Body>
      <v1:removeInscriptionRequest>
         <v1:messageContext>
            <v11:messageId>${=import static java.util.UUID.randomUUID; uuid = randomUUID() as String}</v11:messageId>
            <v11:timestamp>${=new java.text.SimpleDateFormat("yyyy-MM-dd'T'HH:mm:ss.SSS").format(new Date())}</v11:timestamp>
         </v1:messageContext>
         <v1:legalContext>ServiceIntegrator</v1:legalContext>
         <v1:request>
            <criteria>
               <ssin>86081744930</ssin>
               <inscriptionContext>fidus:administrative_file</inscriptionContext>
            </criteria>
         </v1:request>
      </v1:removeInscriptionRequest>
   </soapenv:Body>
</soapenv:Envelope>]]></con:request><con:credentials><con:selectedAuthProfile>Basic</con:selectedAuthProfile><con:addedBasicAuthenticationTypes>Basic</con:addedBasicAuthenticationTypes><con:authType>Global HTTP Settings</con:authType></con:credentials><con:jmsConfig JMSDeliveryMode="PERSISTENT"/><con:jmsPropertyConfig/><con:wsaConfig mustUnderstand="NONE" version="200508" action="http://fidus.brussels/services/cbssinscriptionservice/removeInscription"/><con:wsrmConfig version="1.2"/></con:call><con:call id="95f48550-a51f-486c-b84a-b20dbbb697a0" name="2 - DEV - Request"><con:settings><con:setting id="com.eviware.soapui.impl.wsdl.WsdlRequest@request-headers">&lt;xml-fragment/></con:setting></con:settings><con:encoding>UTF-8</con:encoding><con:endpoint>https://192.168.36.205:8243/services/InscriptionService_v1.0</con:endpoint><con:request><![CDATA[<soapenv:Envelope xmlns:soapenv="http://schemas.xmlsoap.org/soap/envelope/" xmlns:v1="http://fidus.brussels/service/inscriptionservice/messages/v1" xmlns:v11="http://fidus.brussels/type/common/messages/v1">
   <soapenv:Header/>
   <soapenv:Body>
      <v1:removeInscriptionRequest>
         <v1:messageContext>
            <v11:messageId>${=import static java.util.UUID.randomUUID; uuid = randomUUID() as String}</v11:messageId>
            <v11:timestamp>${=new java.text.SimpleDateFormat("yyyy-MM-dd'T'HH:mm:ss.SSS").format(new Date())}</v11:timestamp>
         </v1:messageContext>
         <v1:legalContext>ServiceIntegrator</v1:legalContext>
         <v1:request>
            <criteria>
               <ssin>86081744930</ssin>
               <inscriptionContext>fidus:administrative_file</inscriptionContext>
            </criteria>
         </v1:request>
      </v1:removeInscriptionRequest>
   </soapenv:Body>
</soapenv:Envelope>]]></con:request><con:credentials><con:selectedAuthProfile>Basic</con:selectedAuthProfile><con:addedBasicAuthenticationTypes>Basic</con:addedBasicAuthenticationTypes><con:authType>Global HTTP Settings</con:authType></con:credentials><con:jmsConfig JMSDeliveryMode="PERSISTENT"/><con:jmsPropertyConfig/><con:wsaConfig mustUnderstand="NONE" version="200508" action="http://fidus.brussels/services/inscriptionservice/removeInscription"/><con:wsrmConfig version="1.2"/></con:call><con:call id="508d83db-1eb6-45e7-bd40-b32b4f268c79" name="3 - TEST - EXTERNAL - Request" outgoingWss="Outflow TEST" incomingWss="Inflow TEST"><con:settings><con:setting id="com.eviware.soapui.impl.wsdl.WsdlRequest@request-headers">&lt;xml-fragment/></con:setting></con:settings><con:encoding>UTF-8</con:encoding><con:endpoint>https://fidus-test.irisnetlab.be/services/InscriptionService_v1.0</con:endpoint><con:request><![CDATA[<soapenv:Envelope xmlns:soapenv="http://schemas.xmlsoap.org/soap/envelope/" xmlns:v1="http://fidus.brussels/service/inscriptionservice/messages/v1" xmlns:v11="http://fidus.brussels/type/common/messages/v1">
   <soapenv:Header/>
   <soapenv:Body>
      <v1:removeInscriptionRequest>
         <v1:messageContext>
            <v11:messageId>${=import static java.util.UUID.randomUUID; uuid = randomUUID() as String}</v11:messageId>
            <v11:timestamp>${=new java.text.SimpleDateFormat("yyyy-MM-dd'T'HH:mm:ss.SSS").format(new Date())}</v11:timestamp>
         </v1:messageContext>
         <v1:legalContext>ServiceIntegrator</v1:legalContext>
         <v1:request>
            <criteria>
               <ssin>86081744930</ssin>
               <inscriptionContext>fidus:administrative_file</inscriptionContext>
            </criteria>
         </v1:request>
      </v1:removeInscriptionRequest>
   </soapenv:Body>
</soapenv:Envelope>]]></con:request><con:credentials><con:selectedAuthProfile>Basic</con:selectedAuthProfile><con:addedBasicAuthenticationTypes>Basic</con:addedBasicAuthenticationTypes><con:authType>Global HTTP Settings</con:authType></con:credentials><con:jmsConfig JMSDeliveryMode="PERSISTENT"/><con:jmsPropertyConfig/><con:wsaConfig mustUnderstand="NONE" version="200508" action="http://fidus.brussels/services/inscriptionservice/removeInscription"/><con:wsrmConfig version="1.2"/></con:call><con:call id="e0e828e4-1586-445d-bf68-78484033623a" name="3 - TEST - LB - Request" incomingWss="Inflow TEST" outgoingWss="Outflow TEST"><con:settings><con:setting id="com.eviware.soapui.impl.wsdl.WsdlRequest@request-headers">&lt;xml-fragment/></con:setting></con:settings><con:encoding>UTF-8</con:encoding><con:endpoint>https://esb-security-gw.sta.srv.cirb.lan:8443/services/InscriptionService_v1.0</con:endpoint><con:request><![CDATA[<soapenv:Envelope xmlns:soapenv="http://schemas.xmlsoap.org/soap/envelope/" xmlns:v1="http://fidus.brussels/service/inscriptionservice/messages/v1" xmlns:v11="http://fidus.brussels/type/common/messages/v1">
   <soapenv:Header/>
   <soapenv:Body>
      <v1:removeInscriptionRequest>
         <v1:messageContext>
            <v11:messageId>${=import static java.util.UUID.randomUUID; uuid = randomUUID() as String}</v11:messageId>
            <v11:timestamp>${=new java.text.SimpleDateFormat("yyyy-MM-dd'T'HH:mm:ss.SSS").format(new Date())}</v11:timestamp>
         </v1:messageContext>
         <v1:legalContext>ServiceIntegrator</v1:legalContext>
         <v1:request>
            <criteria>
               <ssin>86081744930</ssin>
               <inscriptionContext>fidus:administrative_file</inscriptionContext>
            </criteria>
         </v1:request>
      </v1:removeInscriptionRequest>
   </soapenv:Body>
</soapenv:Envelope>]]></con:request><con:credentials><con:selectedAuthProfile>Basic</con:selectedAuthProfile><con:addedBasicAuthenticationTypes>Basic</con:addedBasicAuthenticationTypes><con:authType>Global HTTP Settings</con:authType></con:credentials><con:jmsConfig JMSDeliveryMode="PERSISTENT"/><con:jmsPropertyConfig/><con:wsaConfig mustUnderstand="NONE" version="200508" action="http://fidus.brussels/services/inscriptionservice/removeInscription"/><con:wsrmConfig version="1.2"/></con:call><con:call id="73b06573-8709-47f8-bb1e-1cc02b9c2a23" name="3 - TEST - WORKER 1- Request" outgoingWss="Outflow TEST" incomingWss="Inflow TEST"><con:settings><con:setting id="com.eviware.soapui.impl.wsdl.WsdlRequest@request-headers">&lt;xml-fragment/></con:setting></con:settings><con:encoding>UTF-8</con:encoding><con:endpoint>https://192.168.24.45:8443/services/InscriptionService_v1.0</con:endpoint><con:request><![CDATA[<soapenv:Envelope xmlns:soapenv="http://schemas.xmlsoap.org/soap/envelope/" xmlns:v1="http://fidus.brussels/service/inscriptionservice/messages/v1" xmlns:v11="http://fidus.brussels/type/common/messages/v1">
   <soapenv:Header/>
   <soapenv:Body>
      <v1:removeInscriptionRequest>
         <v1:messageContext>
            <v11:messageId>${=import static java.util.UUID.randomUUID; uuid = randomUUID() as String}</v11:messageId>
            <v11:timestamp>${=new java.text.SimpleDateFormat("yyyy-MM-dd'T'HH:mm:ss.SSS").format(new Date())}</v11:timestamp>
         </v1:messageContext>
         <v1:legalContext>ServiceIntegrator</v1:legalContext>
         <v1:request>
            <criteria>
               <ssin>86081744930</ssin>
               <inscriptionContext>fidus:administrative_file</inscriptionContext>
            </criteria>
         </v1:request>
      </v1:removeInscriptionRequest>
   </soapenv:Body>
</soapenv:Envelope>]]></con:request><con:credentials><con:selectedAuthProfile>Basic</con:selectedAuthProfile><con:addedBasicAuthenticationTypes>Basic</con:addedBasicAuthenticationTypes><con:authType>Global HTTP Settings</con:authType></con:credentials><con:jmsConfig JMSDeliveryMode="PERSISTENT"/><con:jmsPropertyConfig/><con:wsaConfig mustUnderstand="NONE" version="200508" action="http://fidus.brussels/services/inscriptionservice/removeInscription"/><con:wsrmConfig version="1.2"/></con:call><con:call id="0160f360-82a1-44b3-abc4-18509dac3ce1" name="3 - TEST - WORKER 2- Request" outgoingWss="Outflow TEST" incomingWss="Inflow TEST"><con:settings><con:setting id="com.eviware.soapui.impl.wsdl.WsdlRequest@request-headers">&lt;xml-fragment/></con:setting></con:settings><con:encoding>UTF-8</con:encoding><con:endpoint>https://192.168.24.51:8443/services/InscriptionService_v1.0</con:endpoint><con:request><![CDATA[<soapenv:Envelope xmlns:soapenv="http://schemas.xmlsoap.org/soap/envelope/" xmlns:v1="http://fidus.brussels/service/inscriptionservice/messages/v1" xmlns:v11="http://fidus.brussels/type/common/messages/v1">
   <soapenv:Header/>
   <soapenv:Body>
      <v1:removeInscriptionRequest>
         <v1:messageContext>
            <v11:messageId>${=import static java.util.UUID.randomUUID; uuid = randomUUID() as String}</v11:messageId>
            <v11:timestamp>${=new java.text.SimpleDateFormat("yyyy-MM-dd'T'HH:mm:ss.SSS").format(new Date())}</v11:timestamp>
         </v1:messageContext>
         <v1:legalContext>ServiceIntegrator</v1:legalContext>
         <v1:request>
            <criteria>
               <ssin>86081744930</ssin>
               <inscriptionContext>fidus:administrative_file</inscriptionContext>
            </criteria>
         </v1:request>
      </v1:removeInscriptionRequest>
   </soapenv:Body>
</soapenv:Envelope>]]></con:request><con:credentials><con:selectedAuthProfile>Basic</con:selectedAuthProfile><con:addedBasicAuthenticationTypes>Basic</con:addedBasicAuthenticationTypes><con:authType>Global HTTP Settings</con:authType></con:credentials><con:jmsConfig JMSDeliveryMode="PERSISTENT"/><con:jmsPropertyConfig/><con:wsaConfig mustUnderstand="NONE" version="200508" action="http://fidus.brussels/services/inscriptionservice/removeInscription"/><con:wsrmConfig version="1.2"/></con:call><con:call id="ab1b07db-47f8-4741-a096-eeea333273e7" name="4 - STAGING - EXTERNAL - Request" outgoingWss="Outflow STAGING" incomingWss="Inflow STAGING"><con:settings><con:setting id="com.eviware.soapui.impl.wsdl.WsdlRequest@request-headers">&lt;xml-fragment/></con:setting></con:settings><con:encoding>UTF-8</con:encoding><con:endpoint>https://fidus.irisnetlab.be/services/InscriptionService_v1.0</con:endpoint><con:request><![CDATA[<soapenv:Envelope xmlns:soapenv="http://schemas.xmlsoap.org/soap/envelope/" xmlns:v1="http://fidus.brussels/service/inscriptionservice/messages/v1" xmlns:v11="http://fidus.brussels/type/common/messages/v1">
   <soapenv:Header/>
   <soapenv:Body>
      <v1:removeInscriptionRequest>
         <v1:messageContext>
            <v11:messageId>${=import static java.util.UUID.randomUUID; uuid = randomUUID() as String}</v11:messageId>
            <v11:timestamp>${=new java.text.SimpleDateFormat("yyyy-MM-dd'T'HH:mm:ss.SSS").format(new Date())}</v11:timestamp>
         </v1:messageContext>
         <v1:legalContext>ServiceIntegrator</v1:legalContext>
         <v1:request>
            <criteria>
               <ssin>86081744930</ssin>
               <inscriptionContext>fidus:administrative_file</inscriptionContext>
            </criteria>
         </v1:request>
      </v1:removeInscriptionRequest>
   </soapenv:Body>
</soapenv:Envelope>]]></con:request><con:credentials><con:selectedAuthProfile>Basic</con:selectedAuthProfile><con:addedBasicAuthenticationTypes>Basic</con:addedBasicAuthenticationTypes><con:authType>Global HTTP Settings</con:authType></con:credentials><con:jmsConfig JMSDeliveryMode="PERSISTENT"/><con:jmsPropertyConfig/><con:wsaConfig mustUnderstand="NONE" version="200508" action="http://fidus.brussels/services/inscriptionservice/removeInscription"/><con:wsrmConfig version="1.2"/></con:call><con:call id="cd31d759-0b53-43a9-9b5c-c642dacaa59d" name="4 - STAGING - LB - Request" outgoingWss="Outflow STAGING" incomingWss="Inflow STAGING"><con:settings><con:setting id="com.eviware.soapui.impl.wsdl.WsdlRequest@request-headers">&lt;xml-fragment/></con:setting></con:settings><con:encoding>UTF-8</con:encoding><con:endpoint>https://fidus-esb-sg.sta.srv.cirb.lan:8443/InscriptionService_v1.0</con:endpoint><con:request><![CDATA[<soapenv:Envelope xmlns:soapenv="http://schemas.xmlsoap.org/soap/envelope/" xmlns:v1="http://fidus.brussels/service/inscriptionservice/messages/v1" xmlns:v11="http://fidus.brussels/type/common/messages/v1">
   <soapenv:Header/>
   <soapenv:Body>
      <v1:removeInscriptionRequest>
         <v1:messageContext>
            <v11:messageId>${=import static java.util.UUID.randomUUID; uuid = randomUUID() as String}</v11:messageId>
            <v11:timestamp>${=new java.text.SimpleDateFormat("yyyy-MM-dd'T'HH:mm:ss.SSS").format(new Date())}</v11:timestamp>
         </v1:messageContext>
         <v1:legalContext>ServiceIntegrator</v1:legalContext>
         <v1:request>
            <criteria>
               <ssin>86081744930</ssin>
               <inscriptionContext>fidus:administrative_file</inscriptionContext>
            </criteria>
         </v1:request>
      </v1:removeInscriptionRequest>
   </soapenv:Body>
</soapenv:Envelope>]]></con:request><con:credentials><con:selectedAuthProfile>Basic</con:selectedAuthProfile><con:addedBasicAuthenticationTypes>Basic</con:addedBasicAuthenticationTypes><con:authType>Global HTTP Settings</con:authType></con:credentials><con:jmsConfig JMSDeliveryMode="PERSISTENT"/><con:jmsPropertyConfig/><con:wsaConfig mustUnderstand="NONE" version="200508" action="http://fidus.brussels/services/inscriptionservice/removeInscription"/><con:wsrmConfig version="1.2"/></con:call><con:call id="1d5b902f-8d3f-4c18-958f-51ac6ea7712a" name="4 - STAGING - WORKER 1 - Request" outgoingWss="Outflow STAGING" incomingWss="Inflow STAGING"><con:settings><con:setting id="com.eviware.soapui.impl.wsdl.WsdlRequest@request-headers">&lt;xml-fragment/></con:setting></con:settings><con:encoding>UTF-8</con:encoding><con:endpoint>https://192.168.24.57:8443/services/InscriptionService_v1.0</con:endpoint><con:request><![CDATA[<soapenv:Envelope xmlns:soapenv="http://schemas.xmlsoap.org/soap/envelope/" xmlns:v1="http://fidus.brussels/service/inscriptionservice/messages/v1" xmlns:v11="http://fidus.brussels/type/common/messages/v1">
   <soapenv:Header/>
   <soapenv:Body>
      <v1:removeInscriptionRequest>
         <v1:messageContext>
            <v11:messageId>${=import static java.util.UUID.randomUUID; uuid = randomUUID() as String}</v11:messageId>
            <v11:timestamp>${=new java.text.SimpleDateFormat("yyyy-MM-dd'T'HH:mm:ss.SSS").format(new Date())}</v11:timestamp>
         </v1:messageContext>
         <v1:legalContext>ServiceIntegrator</v1:legalContext>
         <v1:request>
            <criteria>
               <ssin>86081744930</ssin>
               <inscriptionContext>fidus:administrative_file</inscriptionContext>
            </criteria>
         </v1:request>
      </v1:removeInscriptionRequest>
   </soapenv:Body>
</soapenv:Envelope>]]></con:request><con:credentials><con:selectedAuthProfile>Basic</con:selectedAuthProfile><con:addedBasicAuthenticationTypes>Basic</con:addedBasicAuthenticationTypes><con:authType>Global HTTP Settings</con:authType></con:credentials><con:jmsConfig JMSDeliveryMode="PERSISTENT"/><con:jmsPropertyConfig/><con:wsaConfig mustUnderstand="NONE" version="200508" action="http://fidus.brussels/services/inscriptionservice/removeInscription"/><con:wsrmConfig version="1.2"/></con:call><con:call id="83ead813-ddc2-4e74-9a02-040ab9f05cd4" name="4 - STAGING - WORKER 2 - Request" incomingWss="Inflow STAGING" outgoingWss="Outflow STAGING"><con:settings><con:setting id="com.eviware.soapui.impl.wsdl.WsdlRequest@request-headers">&lt;xml-fragment/></con:setting></con:settings><con:encoding>UTF-8</con:encoding><con:endpoint>https://192.168.24.64:8443/services/InscriptionService_v1.0</con:endpoint><con:request><![CDATA[<soapenv:Envelope xmlns:soapenv="http://schemas.xmlsoap.org/soap/envelope/" xmlns:v1="http://fidus.brussels/service/inscriptionservice/messages/v1" xmlns:v11="http://fidus.brussels/type/common/messages/v1">
   <soapenv:Header/>
   <soapenv:Body>
      <v1:removeInscriptionRequest>
         <v1:messageContext>
            <v11:messageId>${=import static java.util.UUID.randomUUID; uuid = randomUUID() as String}</v11:messageId>
            <v11:timestamp>${=new java.text.SimpleDateFormat("yyyy-MM-dd'T'HH:mm:ss.SSS").format(new Date())}</v11:timestamp>
         </v1:messageContext>
         <v1:legalContext>ServiceIntegrator</v1:legalContext>
         <v1:request>
            <criteria>
               <ssin>86081744930</ssin>
               <inscriptionContext>fidus:administrative_file</inscriptionContext>
            </criteria>
         </v1:request>
      </v1:removeInscriptionRequest>
   </soapenv:Body>
</soapenv:Envelope>]]></con:request><con:credentials><con:selectedAuthProfile>Basic</con:selectedAuthProfile><con:addedBasicAuthenticationTypes>Basic</con:addedBasicAuthenticationTypes><con:authType>Global HTTP Settings</con:authType></con:credentials><con:jmsConfig JMSDeliveryMode="PERSISTENT"/><con:jmsPropertyConfig/><con:wsaConfig mustUnderstand="NONE" version="200508" action="http://fidus.brussels/services/inscriptionservice/removeInscription"/><con:wsrmConfig version="1.2"/></con:call></con:operation></con:interface><con:testSuite id="2ad6c9ba-1f96-4a19-b7f3-d37db471e297" name="DEV"><con:settings/><con:runType>SEQUENTIAL</con:runType><con:testCase id="cee1e18e-f7a5-464a-a3cc-5af99ca27c0c" failOnError="true" failTestCaseOnErrors="true" keepSession="false" maxResults="0" name="addInscription" searchProperties="true"><con:settings/><con:testStep type="request" id="43b8f24f-14a2-4ede-8ae0-6254d7f590f1" name="testcase2 - DEV - Request"><con:settings/><con:config xsi:type="con:RequestStep" xmlns:xsi="http://www.w3.org/2001/XMLSchema-instance"><con:interface>InscriptionServiceHTTPBinding</con:interface><con:operation>addInscription</con:operation><con:request name="testcase2 - DEV - Request" id="fc528513-0e16-4201-ac66-21945b1eaf5e" outgoingWss="Outflow DEV"><con:settings/><con:encoding>UTF-8</con:encoding><con:endpoint>https://192.168.36.205:8243/services/InscriptionService_v1.0</con:endpoint><con:request><![CDATA[<soapenv:Envelope xmlns:soapenv="http://schemas.xmlsoap.org/soap/envelope/" xmlns:v1="http://fidus.brussels/service/inscriptionservice/messages/v1" xmlns:v11="http://fidus.brussels/type/common/messages/v1">
   <soapenv:Header/>
   <soapenv:Body>
      <v1:addInscriptionRequest>
         <v1:messageContext>
            <v11:messageId>${=import static java.util.UUID.randomUUID; uuid = randomUUID() as String}</v11:messageId>
            <v11:timestamp>${=new java.text.SimpleDateFormat("yyyy-MM-dd'T'HH:mm:ss.SSS").format(new Date())}</v11:timestamp>
         </v1:messageContext>
         <v1:legalContext>ServiceIntegrator</v1:legalContext>
         <v1:request>
            <criteria>
               <ssin>91120406960</ssin>
               <inscriptionContext>fidus:administrative_file</inscriptionContext>
               <period>
                  <beginDate>${=new java.text.SimpleDateFormat("yyyy-MM-dd").format(new Date())}</beginDate>
                  <endDate>${=new java.text.SimpleDateFormat("yyyy-MM-dd").format(new Date() + 1)}</endDate>
               </period>
            </criteria>
         </v1:request>
      </v1:addInscriptionRequest>
   </soapenv:Body>
</soapenv:Envelope>]]></con:request><con:assertion type="SOAP Fault Assertion" id="4ccd5283-2a1e-4735-838b-ab67e37db717" name="Not SOAP Fault"/><con:assertion type="SOAP Response" id="3b2794dc-efef-4cbf-a346-0e3a2696217e" name="SOAP Response"/><con:assertion type="Schema Compliance" id="e5fba002-bfa2-472b-b879-a2a286574c4b" name="Schema Compliance"><con:configuration/></con:assertion><con:wsaConfig action="http://fidus.brussels/services/inscriptionservice/addInscription"/></con:request></con:config></con:testStep><con:properties/></con:testCase><con:testCase id="e3dca304-7830-4b54-813e-7c07e7f1fb25" failOnError="true" failTestCaseOnErrors="true" keepSession="false" maxResults="0" name="consultInscriptions" searchProperties="true"><con:settings/><con:testStep type="request" id="21b6df49-1d56-406c-9593-c3e86ba1a240" name="testcase2- DEV - Request"><con:settings/><con:config xsi:type="con:RequestStep" xmlns:xsi="http://www.w3.org/2001/XMLSchema-instance"><con:interface>InscriptionServiceHTTPBinding</con:interface><con:operation>consultInscriptions</con:operation><con:request name="testcase2- DEV - Request" id="5fd9e1bd-afe9-43cb-b4f6-e3f20b0c3c8a" outgoingWss="Outflow DEV"><con:settings/><con:encoding>UTF-8</con:encoding><con:endpoint>https://192.168.36.205:8243/services/InscriptionService_v1.0</con:endpoint><con:request><![CDATA[<soapenv:Envelope xmlns:soapenv="http://schemas.xmlsoap.org/soap/envelope/" xmlns:v1="http://fidus.brussels/service/inscriptionservice/messages/v1" xmlns:v11="http://fidus.brussels/type/common/messages/v1">
   <soapenv:Header/>
   <soapenv:Body>
      <v1:consultInscriptionsRequest>
         <v1:messageContext>
            <v11:messageId>${=import static java.util.UUID.randomUUID; uuid = randomUUID() as String}</v11:messageId>
            <v11:timestamp>${=new java.text.SimpleDateFormat("yyyy-MM-dd'T'HH:mm:ss.SSS").format(new Date())}</v11:timestamp>
         </v1:messageContext>
         <v1:legalContext>ServiceIntegrator</v1:legalContext>
         <v1:request>
            <criteria>
               <ssin>86081744930</ssin>
               <inscriptionContext>fidus:administrative_file</inscriptionContext>
            </criteria>
         </v1:request>
      </v1:consultInscriptionsRequest>
   </soapenv:Body>
</soapenv:Envelope>]]></con:request><con:assertion type="SOAP Fault Assertion" id="4b5be0b8-a991-4532-94cc-006dc0986676" name="Not SOAP Fault"/><con:assertion type="SOAP Response" id="013d6a53-1315-48b4-968b-a95192a96336" name="SOAP Response"/><con:assertion type="Schema Compliance" id="cae41af9-5554-41e9-9659-07edb06af073" name="Schema Compliance"><con:configuration/></con:assertion><con:wsaConfig action="http://fidus.brussels/services/inscriptionservice/consultInscriptions"/></con:request></con:config></con:testStep><con:properties/></con:testCase><con:testCase id="381c052b-5bee-4bfd-9075-cdf5c839647e" failOnError="true" failTestCaseOnErrors="true" keepSession="false" maxResults="0" name="removeInscription" searchProperties="true"><con:settings/><con:testStep type="request" id="0a0e03ae-d25e-4922-8211-23f5efc3f9d6" name="testcase2 - DEV - Request"><con:settings/><con:config xsi:type="con:RequestStep" xmlns:xsi="http://www.w3.org/2001/XMLSchema-instance"><con:interface>InscriptionServiceHTTPBinding</con:interface><con:operation>removeInscription</con:operation><con:request name="testcase2 - DEV - Request" id="cf96371d-d17a-48b8-a908-a498ecbeca39" outgoingWss="Outflow DEV"><con:settings/><con:encoding>UTF-8</con:encoding><con:endpoint>https://192.168.36.205:8243/services/InscriptionService_v1.0</con:endpoint><con:request><![CDATA[<soapenv:Envelope xmlns:soapenv="http://schemas.xmlsoap.org/soap/envelope/" xmlns:v1="http://fidus.brussels/service/inscriptionservice/messages/v1" xmlns:v11="http://fidus.brussels/type/common/messages/v1">
   <soapenv:Header/>
   <soapenv:Body>
      <v1:removeInscriptionRequest>
         <v1:messageContext>
            <v11:messageId>${=import static java.util.UUID.randomUUID; uuid = randomUUID() as String}</v11:messageId>
            <v11:timestamp>${=new java.text.SimpleDateFormat("yyyy-MM-dd'T'HH:mm:ss.SSS").format(new Date())}</v11:timestamp>
         </v1:messageContext>
         <v1:legalContext>ServiceIntegrator</v1:legalContext>
         <v1:request>
            <criteria>
               <ssin>86081744930</ssin>
               <inscriptionContext>fidus:administrative_file</inscriptionContext>
            </criteria>
         </v1:request>
      </v1:removeInscriptionRequest>
   </soapenv:Body>
</soapenv:Envelope>]]></con:request><con:assertion type="SOAP Fault Assertion" id="c763153c-16ce-4458-8abd-c72ee588c62c" name="Not SOAP Fault"/><con:assertion type="SOAP Response" id="49546a67-3ce2-4f53-98d7-89ddbad4ed98" name="SOAP Response"/><con:assertion type="Schema Compliance" id="d4b785ce-a580-4bd0-ab25-0f6bfa13bcf1" name="Schema Compliance"><con:configuration/></con:assertion><con:wsaConfig action="http://fidus.brussels/services/inscriptionservice/removeInscription"/></con:request></con:config></con:testStep><con:properties/></con:testCase><con:properties/></con:testSuite><con:testSuite id="119e9963-234e-4f4d-a612-2959310a04fc" name="TEST"><con:settings/><con:runType>SEQUENTIAL</con:runType><con:testCase id="074f13df-de9a-4c1e-81b7-bfb5b07a74d4" failOnError="true" failTestCaseOnErrors="true" keepSession="false" maxResults="0" name="addInscription" searchProperties="true"><con:settings/><con:testStep type="request" id="5dad5a78-fb45-4211-81c4-78bc63348177" name="testcase3 - TEST - External - Request"><con:settings/><con:config xsi:type="con:RequestStep" xmlns:xsi="http://www.w3.org/2001/XMLSchema-instance"><con:interface>InscriptionServiceHTTPBinding</con:interface><con:operation>addInscription</con:operation><con:request name="testcase3 - TEST - External - Request" id="624eb5f0-9751-4102-92f4-c3aaa16ac713" outgoingWss="Outflow TEST"><con:settings/><con:encoding>UTF-8</con:encoding><con:endpoint>https://fidus-test.irisnetlab.be/services/InscriptionService_v1.0</con:endpoint><con:request><![CDATA[<soapenv:Envelope xmlns:soapenv="http://schemas.xmlsoap.org/soap/envelope/" xmlns:v1="http://fidus.brussels/service/inscriptionservice/messages/v1" xmlns:v11="http://fidus.brussels/type/common/messages/v1">
   <soapenv:Header/>
   <soapenv:Body>
      <v1:addInscriptionRequest>
         <v1:messageContext>
            <v11:messageId>${=import static java.util.UUID.randomUUID; uuid = randomUUID() as String}</v11:messageId>
            <v11:timestamp>${=new java.text.SimpleDateFormat("yyyy-MM-dd'T'HH:mm:ss.SSS").format(new Date())}</v11:timestamp>
         </v1:messageContext>
         <v1:legalContext>ServiceIntegrator</v1:legalContext>
         <v1:request>
            <criteria>
               <ssin>91120406960</ssin>
               <inscriptionContext>fidus:administrative_file</inscriptionContext>
               <period>
                  <beginDate>${=new java.text.SimpleDateFormat("yyyy-MM-dd").format(new Date())}</beginDate>
                  <endDate>${=new java.text.SimpleDateFormat("yyyy-MM-dd").format(new Date() + 1)}</endDate>
               </period>
            </criteria>
         </v1:request>
      </v1:addInscriptionRequest>
   </soapenv:Body>
</soapenv:Envelope>]]></con:request><con:assertion type="SOAP Fault Assertion" id="27bdc9fd-eada-496f-ba7b-3c243152237c" name="Not SOAP Fault"/><con:assertion type="SOAP Response" id="95434b64-cf19-4f4e-a777-3b9ba433cab9" name="SOAP Response"/><con:assertion type="Schema Compliance" id="e7bfe0ab-3ec7-4236-9c3c-16cc348ee419" name="Schema Compliance"><con:configuration/></con:assertion><con:wsaConfig action="http://fidus.brussels/services/inscriptionservice/addInscription"/></con:request></con:config></con:testStep><con:testStep type="request" id="9f09caf3-d01f-4dbe-a789-51dc50733df5" name="testcase3- TEST - LB - Request"><con:settings/><con:config xsi:type="con:RequestStep" xmlns:xsi="http://www.w3.org/2001/XMLSchema-instance"><con:interface>InscriptionServiceHTTPBinding</con:interface><con:operation>addInscription</con:operation><con:request name="testcase3- TEST - LB - Request" id="40fa68b2-1f64-44e8-b7d2-a6093c8ae8ba" outgoingWss="Outflow TEST"><con:settings/><con:encoding>UTF-8</con:encoding><con:endpoint>https://fidus-test.irisnetlab.be/services/InscriptionService_v1.0</con:endpoint><con:request><![CDATA[<soapenv:Envelope xmlns:soapenv="http://schemas.xmlsoap.org/soap/envelope/" xmlns:v1="http://fidus.brussels/service/inscriptionservice/messages/v1" xmlns:v11="http://fidus.brussels/type/common/messages/v1">
   <soapenv:Header/>
   <soapenv:Body>
      <v1:addInscriptionRequest>
         <v1:messageContext>
            <v11:messageId>${=import static java.util.UUID.randomUUID; uuid = randomUUID() as String}</v11:messageId>
            <v11:timestamp>${=new java.text.SimpleDateFormat("yyyy-MM-dd'T'HH:mm:ss.SSS").format(new Date())}</v11:timestamp>
         </v1:messageContext>
         <v1:legalContext>ServiceIntegrator</v1:legalContext>
         <v1:request>
            <criteria>
               <ssin>91120406960</ssin>
               <inscriptionContext>fidus:administrative_file</inscriptionContext>
               <period>
                  <beginDate>${=new java.text.SimpleDateFormat("yyyy-MM-dd").format(new Date())}</beginDate>
                  <endDate>${=new java.text.SimpleDateFormat("yyyy-MM-dd").format(new Date() + 1)}</endDate>
               </period>
            </criteria>
         </v1:request>
      </v1:addInscriptionRequest>
   </soapenv:Body>
</soapenv:Envelope>]]></con:request><con:assertion type="SOAP Fault Assertion" id="42d3a432-3504-4691-91cf-9be7920d47a1" name="Not SOAP Fault"/><con:assertion type="SOAP Response" id="3d473678-3a65-4b30-8698-c027e59119cc" name="SOAP Response"/><con:assertion type="Schema Compliance" id="634b3b7e-92f7-4d6b-9a00-18a8b03df68d" name="Schema Compliance"><con:configuration/></con:assertion><con:wsaConfig action="http://fidus.brussels/services/inscriptionservice/addInscription"/></con:request></con:config></con:testStep><con:testStep type="request" id="9d5f5ef0-234f-4522-a6cb-37e889b9f9ac" name="testcase3- TEST - worker 1 - Request"><con:settings/><con:config xsi:type="con:RequestStep" xmlns:xsi="http://www.w3.org/2001/XMLSchema-instance"><con:interface>InscriptionServiceHTTPBinding</con:interface><con:operation>addInscription</con:operation><con:request name="testcase3- TEST - worker 1 - Request" id="92a5521b-8ab5-45d7-888c-99c33f3f5c23" outgoingWss="Outflow TEST"><con:settings/><con:encoding>UTF-8</con:encoding><con:endpoint>https://192.168.24.45:8443/services/InscriptionService_v1.0</con:endpoint><con:request><![CDATA[<soapenv:Envelope xmlns:soapenv="http://schemas.xmlsoap.org/soap/envelope/" xmlns:v1="http://fidus.brussels/service/inscriptionservice/messages/v1" xmlns:v11="http://fidus.brussels/type/common/messages/v1">
   <soapenv:Header/>
   <soapenv:Body>
      <v1:addInscriptionRequest>
         <v1:messageContext>
            <v11:messageId>${=import static java.util.UUID.randomUUID; uuid = randomUUID() as String}</v11:messageId>
            <v11:timestamp>${=new java.text.SimpleDateFormat("yyyy-MM-dd'T'HH:mm:ss.SSS").format(new Date())}</v11:timestamp>
         </v1:messageContext>
         <v1:legalContext>ServiceIntegrator</v1:legalContext>
         <v1:request>
            <criteria>
               <ssin>91120406960</ssin>
               <inscriptionContext>fidus:administrative_file</inscriptionContext>
               <period>
                  <beginDate>${=new java.text.SimpleDateFormat("yyyy-MM-dd").format(new Date())}</beginDate>
                  <endDate>${=new java.text.SimpleDateFormat("yyyy-MM-dd").format(new Date() + 1)}</endDate>
               </period>
            </criteria>
         </v1:request>
      </v1:addInscriptionRequest>
   </soapenv:Body>
</soapenv:Envelope>]]></con:request><con:assertion type="SOAP Fault Assertion" id="1330a229-7233-4535-8543-514be12dcea2" name="Not SOAP Fault"/><con:assertion type="SOAP Response" id="0988eb1f-4b7d-4ff0-a0ec-8a15c1a5a54b" name="SOAP Response"/><con:assertion type="Schema Compliance" id="d6793d0a-e683-4755-821b-8281ac082895" name="Schema Compliance"><con:configuration/></con:assertion><con:wsaConfig action="http://fidus.brussels/services/inscriptionservice/addInscription"/></con:request></con:config></con:testStep><con:testStep type="request" id="2a1439a5-8b9f-4741-b521-167d15f6f43d" name="testcase3- TEST - worker 2 - Request"><con:settings/><con:config xsi:type="con:RequestStep" xmlns:xsi="http://www.w3.org/2001/XMLSchema-instance"><con:interface>InscriptionServiceHTTPBinding</con:interface><con:operation>addInscription</con:operation><con:request name="testcase3- TEST - worker 2 - Request" id="3f23a1d8-7908-4b21-8335-dac1dfb60cab" outgoingWss="Outflow TEST"><con:settings/><con:encoding>UTF-8</con:encoding><con:endpoint>https://192.168.24.51:8443/services/InscriptionService_v1.0</con:endpoint><con:request><![CDATA[<soapenv:Envelope xmlns:soapenv="http://schemas.xmlsoap.org/soap/envelope/" xmlns:v1="http://fidus.brussels/service/inscriptionservice/messages/v1" xmlns:v11="http://fidus.brussels/type/common/messages/v1">
   <soapenv:Header/>
   <soapenv:Body>
      <v1:addInscriptionRequest>
         <v1:messageContext>
            <v11:messageId>${=import static java.util.UUID.randomUUID; uuid = randomUUID() as String}</v11:messageId>
            <v11:timestamp>${=new java.text.SimpleDateFormat("yyyy-MM-dd'T'HH:mm:ss.SSS").format(new Date())}</v11:timestamp>
         </v1:messageContext>
         <v1:legalContext>ServiceIntegrator</v1:legalContext>
         <v1:request>
            <criteria>
               <ssin>91120406960</ssin>
               <inscriptionContext>fidus:administrative_file</inscriptionContext>
               <period>
                  <beginDate>${=new java.text.SimpleDateFormat("yyyy-MM-dd").format(new Date())}</beginDate>
                  <endDate>${=new java.text.SimpleDateFormat("yyyy-MM-dd").format(new Date() + 1)}</endDate>
               </period>
            </criteria>
         </v1:request>
      </v1:addInscriptionRequest>
   </soapenv:Body>
</soapenv:Envelope>]]></con:request><con:assertion type="SOAP Fault Assertion" id="6aef6aed-a8c5-40ce-9145-ec7414334e8b" name="Not SOAP Fault"/><con:assertion type="SOAP Response" id="2d2df95c-afd0-4aea-943b-d8bd839cb7e1" name="SOAP Response"/><con:assertion type="Schema Compliance" id="45f12012-9d7a-4e52-9fc4-b6fd717f0f0b" name="Schema Compliance"><con:configuration/></con:assertion><con:wsaConfig action="http://fidus.brussels/services/inscriptionservice/addInscription"/></con:request></con:config></con:testStep><con:properties/></con:testCase><con:testCase id="5f9cd9c3-c92d-41f8-877e-5216ebd3033c" failOnError="true" failTestCaseOnErrors="true" keepSession="false" maxResults="0" name="consultInscriptions" searchProperties="true"><con:settings/><con:testStep type="request" id="98ff9ecc-48f9-4856-83f3-b1b0ee076238" name="testcase3- TEST  - External - Request"><con:settings/><con:config xsi:type="con:RequestStep" xmlns:xsi="http://www.w3.org/2001/XMLSchema-instance"><con:interface>InscriptionServiceHTTPBinding</con:interface><con:operation>consultInscriptions</con:operation><con:request name="testcase3- TEST  - External - Request" id="bc440cb8-cf80-4a89-b735-38ba51f03e9e" outgoingWss="Outflow TEST"><con:settings/><con:encoding>UTF-8</con:encoding><con:endpoint>https://fidus-test.irisnetlab.be/services/InscriptionService_v1.0</con:endpoint><con:request><![CDATA[<soapenv:Envelope xmlns:soapenv="http://schemas.xmlsoap.org/soap/envelope/" xmlns:v1="http://fidus.brussels/service/inscriptionservice/messages/v1" xmlns:v11="http://fidus.brussels/type/common/messages/v1">
   <soapenv:Header/>
   <soapenv:Body>
      <v1:consultInscriptionsRequest>
         <v1:messageContext>
            <v11:messageId>${=import static java.util.UUID.randomUUID; uuid = randomUUID() as String}</v11:messageId>
            <v11:timestamp>${=new java.text.SimpleDateFormat("yyyy-MM-dd'T'HH:mm:ss.SSS").format(new Date())}</v11:timestamp>
         </v1:messageContext>
         <v1:legalContext>ServiceIntegrator</v1:legalContext>
         <v1:request>
            <criteria>
               <ssin>86081744930</ssin>
               <inscriptionContext>fidus:administrative_file</inscriptionContext>
            </criteria>
         </v1:request>
      </v1:consultInscriptionsRequest>
   </soapenv:Body>
</soapenv:Envelope>]]></con:request><con:assertion type="SOAP Fault Assertion" id="3d7cdff8-14ba-4e1c-a35c-a0d0323b8dcb" name="Not SOAP Fault"/><con:assertion type="SOAP Response" id="2c1573e0-e9cd-4d0f-9847-3e39ee2f9679" name="SOAP Response"/><con:assertion type="Schema Compliance" id="17ce6e31-6a68-4459-81bb-2852b93645fa" name="Schema Compliance"><con:configuration/></con:assertion><con:wsaConfig action="http://fidus.brussels/services/inscriptionservice/consultInscriptions"/></con:request></con:config></con:testStep><con:testStep type="request" id="1b332432-5e93-40a2-b213-ae77a472651d" name="testcase3- TEST - LB - Request"><con:settings/><con:config xsi:type="con:RequestStep" xmlns:xsi="http://www.w3.org/2001/XMLSchema-instance"><con:interface>InscriptionServiceHTTPBinding</con:interface><con:operation>consultInscriptions</con:operation><con:request name="testcase3- TEST - LB - Request" id="1839afee-0fc0-4841-8c31-ab358e795618" outgoingWss="Outflow TEST"><con:settings/><con:encoding>UTF-8</con:encoding><con:endpoint>https://esb-security-gw.sta.srv.cirb.lan:8443/services/InscriptionService_v1.0</con:endpoint><con:request><![CDATA[<soapenv:Envelope xmlns:soapenv="http://schemas.xmlsoap.org/soap/envelope/" xmlns:v1="http://fidus.brussels/service/inscriptionservice/messages/v1" xmlns:v11="http://fidus.brussels/type/common/messages/v1">
   <soapenv:Header/>
   <soapenv:Body>
      <v1:consultInscriptionsRequest>
         <v1:messageContext>
            <v11:messageId>${=import static java.util.UUID.randomUUID; uuid = randomUUID() as String}</v11:messageId>
            <v11:timestamp>${=new java.text.SimpleDateFormat("yyyy-MM-dd'T'HH:mm:ss.SSS").format(new Date())}</v11:timestamp>
         </v1:messageContext>
         <v1:legalContext>ServiceIntegrator</v1:legalContext>
         <v1:request>
            <criteria>
               <ssin>86081744930</ssin>
               <inscriptionContext>fidus:administrative_file</inscriptionContext>
            </criteria>
         </v1:request>
      </v1:consultInscriptionsRequest>
   </soapenv:Body>
</soapenv:Envelope>]]></con:request><con:assertion type="SOAP Fault Assertion" id="9cf2f351-af53-4eb9-b519-dd2dc24280e3" name="Not SOAP Fault"/><con:assertion type="SOAP Response" id="69690d5f-46f8-43f2-9cea-41e8160f0c1c" name="SOAP Response"/><con:assertion type="Schema Compliance" id="df3b5109-3158-4ad6-acba-946edc51f42b" name="Schema Compliance"><con:configuration/></con:assertion><con:wsaConfig action="http://fidus.brussels/services/inscriptionservice/consultInscriptions"/></con:request></con:config></con:testStep><con:testStep type="request" id="d1909b0d-b34e-40a6-8c87-bca518c33266" name="testcase3- TEST - WORKER 1 - Request"><con:settings/><con:config xsi:type="con:RequestStep" xmlns:xsi="http://www.w3.org/2001/XMLSchema-instance"><con:interface>InscriptionServiceHTTPBinding</con:interface><con:operation>consultInscriptions</con:operation><con:request name="testcase3- TEST - WORKER 1 - Request" id="1a4f9ff9-cf73-4248-8af6-cc05c1db3e36" outgoingWss="Outflow TEST"><con:settings/><con:encoding>UTF-8</con:encoding><con:endpoint>https://192.168.24.45:8443/services/InscriptionService_v1.0</con:endpoint><con:request><![CDATA[<soapenv:Envelope xmlns:soapenv="http://schemas.xmlsoap.org/soap/envelope/" xmlns:v1="http://fidus.brussels/service/inscriptionservice/messages/v1" xmlns:v11="http://fidus.brussels/type/common/messages/v1">
   <soapenv:Header/>
   <soapenv:Body>
      <v1:consultInscriptionsRequest>
         <v1:messageContext>
            <v11:messageId>${=import static java.util.UUID.randomUUID; uuid = randomUUID() as String}</v11:messageId>
            <v11:timestamp>${=new java.text.SimpleDateFormat("yyyy-MM-dd'T'HH:mm:ss.SSS").format(new Date())}</v11:timestamp>
         </v1:messageContext>
         <v1:legalContext>ServiceIntegrator</v1:legalContext>
         <v1:request>
            <criteria>
               <ssin>86081744930</ssin>
               <inscriptionContext>fidus:administrative_file</inscriptionContext>
            </criteria>
         </v1:request>
      </v1:consultInscriptionsRequest>
   </soapenv:Body>
</soapenv:Envelope>]]></con:request><con:assertion type="SOAP Fault Assertion" id="2a8dd605-0cd8-4539-ae26-b25e33ff0aab" name="Not SOAP Fault"/><con:assertion type="SOAP Response" id="ce6c2cbc-0802-4e9e-bbe6-2a9911436f98" name="SOAP Response"/><con:assertion type="Schema Compliance" id="e47810b0-9e0a-44e4-8ad1-71a9bf75f367" name="Schema Compliance"><con:configuration/></con:assertion><con:wsaConfig action="http://fidus.brussels/services/inscriptionservice/consultInscriptions"/></con:request></con:config></con:testStep><con:testStep type="request" id="312759fe-4476-498c-87a8-bfe315b604e7" name="testcase3- TEST - WORKER 2 - Request"><con:settings/><con:config xsi:type="con:RequestStep" xmlns:xsi="http://www.w3.org/2001/XMLSchema-instance"><con:interface>InscriptionServiceHTTPBinding</con:interface><con:operation>consultInscriptions</con:operation><con:request name="testcase3- TEST - WORKER 2 - Request" id="2c28e76b-32b9-4108-b48c-203d689746a5" outgoingWss="Outflow TEST"><con:settings/><con:encoding>UTF-8</con:encoding><con:endpoint>https://192.168.24.51:8443/services/InscriptionService_v1.0</con:endpoint><con:request><![CDATA[<soapenv:Envelope xmlns:soapenv="http://schemas.xmlsoap.org/soap/envelope/" xmlns:v1="http://fidus.brussels/service/inscriptionservice/messages/v1" xmlns:v11="http://fidus.brussels/type/common/messages/v1">
   <soapenv:Header/>
   <soapenv:Body>
      <v1:consultInscriptionsRequest>
         <v1:messageContext>
            <v11:messageId>${=import static java.util.UUID.randomUUID; uuid = randomUUID() as String}</v11:messageId>
            <v11:timestamp>${=new java.text.SimpleDateFormat("yyyy-MM-dd'T'HH:mm:ss.SSS").format(new Date())}</v11:timestamp>
         </v1:messageContext>
         <v1:legalContext>ServiceIntegrator</v1:legalContext>
         <v1:request>
            <criteria>
               <ssin>86081744930</ssin>
               <inscriptionContext>fidus:administrative_file</inscriptionContext>
            </criteria>
         </v1:request>
      </v1:consultInscriptionsRequest>
   </soapenv:Body>
</soapenv:Envelope>]]></con:request><con:assertion type="SOAP Fault Assertion" id="4a8aa41a-dd3b-4d34-9052-9c5284cdd32f" name="Not SOAP Fault"/><con:assertion type="SOAP Response" id="df50b5eb-6bf6-4a7f-aaa6-ea17c2f96d05" name="SOAP Response"/><con:assertion type="Schema Compliance" id="2f88702a-1478-47e4-8474-33aacb3831ef" name="Schema Compliance"><con:configuration/></con:assertion><con:wsaConfig action="http://fidus.brussels/services/inscriptionservice/consultInscriptions"/></con:request></con:config></con:testStep><con:properties/></con:testCase><con:testCase id="ec555387-8734-473d-ba45-b21e139668f3" failOnError="true" failTestCaseOnErrors="true" keepSession="false" maxResults="0" name="removeInscription" searchProperties="true"><con:settings/><con:testStep type="request" id="7f5a8507-c863-4569-ab59-2eda3ad2ab22" name="testcase3 - TEST - EXTERNAL - Request"><con:settings/><con:config xsi:type="con:RequestStep" xmlns:xsi="http://www.w3.org/2001/XMLSchema-instance"><con:interface>InscriptionServiceHTTPBinding</con:interface><con:operation>removeInscription</con:operation><con:request name="testcase3 - TEST - EXTERNAL - Request" id="d460b11d-baea-4589-90a0-33165a87c87e" outgoingWss="Outflow TEST"><con:settings/><con:encoding>UTF-8</con:encoding><con:endpoint>https://fidus-test.irisnetlab.be/services/InscriptionService_v1.0</con:endpoint><con:request><![CDATA[<soapenv:Envelope xmlns:soapenv="http://schemas.xmlsoap.org/soap/envelope/" xmlns:v1="http://fidus.brussels/service/inscriptionservice/messages/v1" xmlns:v11="http://fidus.brussels/type/common/messages/v1">
   <soapenv:Header/>
   <soapenv:Body>
      <v1:removeInscriptionRequest>
         <v1:messageContext>
            <v11:messageId>${=import static java.util.UUID.randomUUID; uuid = randomUUID() as String}</v11:messageId>
            <v11:timestamp>${=new java.text.SimpleDateFormat("yyyy-MM-dd'T'HH:mm:ss.SSS").format(new Date())}</v11:timestamp>
         </v1:messageContext>
         <v1:legalContext>ServiceIntegrator</v1:legalContext>
         <v1:request>
            <criteria>
               <ssin>86081744930</ssin>
               <inscriptionContext>fidus:administrative_file</inscriptionContext>
            </criteria>
         </v1:request>
      </v1:removeInscriptionRequest>
   </soapenv:Body>
</soapenv:Envelope>]]></con:request><con:assertion type="SOAP Fault Assertion" id="e1d2db73-a50c-4b6e-affe-e0315983887d" name="Not SOAP Fault"/><con:assertion type="SOAP Response" id="350834e0-5b2e-46b3-99b2-74f5e51c0b2d" name="SOAP Response"/><con:assertion type="Schema Compliance" id="1d13fa77-fa06-4fe9-8cf5-5c6a62d1822e" name="Schema Compliance"><con:configuration/></con:assertion><con:wsaConfig action="http://fidus.brussels/services/inscriptionservice/removeInscription"/></con:request></con:config></con:testStep><con:testStep type="request" id="ef59309a-e99c-416d-8869-500a68a0d4dc" name="testcase3 - TEST - LB - Request"><con:settings/><con:config xsi:type="con:RequestStep" xmlns:xsi="http://www.w3.org/2001/XMLSchema-instance"><con:interface>InscriptionServiceHTTPBinding</con:interface><con:operation>removeInscription</con:operation><con:request name="testcase3 - TEST - LB - Request" id="f43d883f-c99a-46a2-9375-2ba1e82b339b" outgoingWss="Outflow TEST"><con:settings/><con:encoding>UTF-8</con:encoding><con:endpoint>https://esb-security-gw.sta.srv.cirb.lan:8443/services/InscriptionService_v1.0</con:endpoint><con:request><![CDATA[<soapenv:Envelope xmlns:soapenv="http://schemas.xmlsoap.org/soap/envelope/" xmlns:v1="http://fidus.brussels/service/inscriptionservice/messages/v1" xmlns:v11="http://fidus.brussels/type/common/messages/v1">
   <soapenv:Header/>
   <soapenv:Body>
      <v1:removeInscriptionRequest>
         <v1:messageContext>
            <v11:messageId>${=import static java.util.UUID.randomUUID; uuid = randomUUID() as String}</v11:messageId>
            <v11:timestamp>${=new java.text.SimpleDateFormat("yyyy-MM-dd'T'HH:mm:ss.SSS").format(new Date())}</v11:timestamp>
         </v1:messageContext>
         <v1:legalContext>ServiceIntegrator</v1:legalContext>
         <v1:request>
            <criteria>
               <ssin>86081744930</ssin>
               <inscriptionContext>fidus:administrative_file</inscriptionContext>
            </criteria>
         </v1:request>
      </v1:removeInscriptionRequest>
   </soapenv:Body>
</soapenv:Envelope>]]></con:request><con:assertion type="SOAP Fault Assertion" id="1f0bb22d-2cc0-44e3-9864-f13d8d626766" name="Not SOAP Fault"/><con:assertion type="SOAP Response" id="4bd1fefd-980c-44d5-876a-2e4b9fa32061" name="SOAP Response"/><con:assertion type="Schema Compliance" id="5eece533-1602-4081-9b2c-4d6f4f0a0017" name="Schema Compliance"><con:configuration/></con:assertion><con:wsaConfig action="http://fidus.brussels/services/inscriptionservice/removeInscription"/></con:request></con:config></con:testStep><con:testStep type="request" id="b5dce874-d8a3-47c7-a152-93d91d3273bc" name="testcase3 - TEST - WORKER 1- Request"><con:settings/><con:config xsi:type="con:RequestStep" xmlns:xsi="http://www.w3.org/2001/XMLSchema-instance"><con:interface>InscriptionServiceHTTPBinding</con:interface><con:operation>removeInscription</con:operation><con:request name="testcase3 - TEST - WORKER 1- Request" id="add11946-0b17-4e21-b962-a63aa610848a" outgoingWss="Outflow TEST"><con:settings/><con:encoding>UTF-8</con:encoding><con:endpoint>https://192.168.24.45:8443/services/InscriptionService_v1.0</con:endpoint><con:request><![CDATA[<soapenv:Envelope xmlns:soapenv="http://schemas.xmlsoap.org/soap/envelope/" xmlns:v1="http://fidus.brussels/service/inscriptionservice/messages/v1" xmlns:v11="http://fidus.brussels/type/common/messages/v1">
   <soapenv:Header/>
   <soapenv:Body>
      <v1:removeInscriptionRequest>
         <v1:messageContext>
            <v11:messageId>${=import static java.util.UUID.randomUUID; uuid = randomUUID() as String}</v11:messageId>
            <v11:timestamp>${=new java.text.SimpleDateFormat("yyyy-MM-dd'T'HH:mm:ss.SSS").format(new Date())}</v11:timestamp>
         </v1:messageContext>
         <v1:legalContext>ServiceIntegrator</v1:legalContext>
         <v1:request>
            <criteria>
               <ssin>86081744930</ssin>
               <inscriptionContext>fidus:administrative_file</inscriptionContext>
            </criteria>
         </v1:request>
      </v1:removeInscriptionRequest>
   </soapenv:Body>
</soapenv:Envelope>]]></con:request><con:assertion type="SOAP Fault Assertion" id="ae1bae96-634f-48c9-9a13-7ea569cf13cf" name="Not SOAP Fault"/><con:assertion type="SOAP Response" id="bd73364a-006d-4a3a-bfb9-3a333c0309e4" name="SOAP Response"/><con:assertion type="Schema Compliance" id="aeb047ad-0466-4536-8fc5-3159fd0ba303" name="Schema Compliance"><con:configuration/></con:assertion><con:wsaConfig action="http://fidus.brussels/services/inscriptionservice/removeInscription"/></con:request></con:config></con:testStep><con:testStep type="request" id="a2e4e2f2-f46f-4fd9-9ba5-1d79c50e1dd3" name="testcase3 - TEST - WORKER 2- Request"><con:settings/><con:config xsi:type="con:RequestStep" xmlns:xsi="http://www.w3.org/2001/XMLSchema-instance"><con:interface>InscriptionServiceHTTPBinding</con:interface><con:operation>removeInscription</con:operation><con:request name="testcase3 - TEST - WORKER 2- Request" id="9a28e1c4-76b3-443b-8f97-8204010137d3" outgoingWss="Outflow TEST"><con:settings/><con:encoding>UTF-8</con:encoding><con:endpoint>https://192.168.24.51:8443/services/InscriptionService_v1.0</con:endpoint><con:request><![CDATA[<soapenv:Envelope xmlns:soapenv="http://schemas.xmlsoap.org/soap/envelope/" xmlns:v1="http://fidus.brussels/service/inscriptionservice/messages/v1" xmlns:v11="http://fidus.brussels/type/common/messages/v1">
   <soapenv:Header/>
   <soapenv:Body>
      <v1:removeInscriptionRequest>
         <v1:messageContext>
            <v11:messageId>${=import static java.util.UUID.randomUUID; uuid = randomUUID() as String}</v11:messageId>
            <v11:timestamp>${=new java.text.SimpleDateFormat("yyyy-MM-dd'T'HH:mm:ss.SSS").format(new Date())}</v11:timestamp>
         </v1:messageContext>
         <v1:legalContext>ServiceIntegrator</v1:legalContext>
         <v1:request>
            <criteria>
               <ssin>86081744930</ssin>
               <inscriptionContext>fidus:administrative_file</inscriptionContext>
            </criteria>
         </v1:request>
      </v1:removeInscriptionRequest>
   </soapenv:Body>
</soapenv:Envelope>]]></con:request><con:assertion type="SOAP Fault Assertion" id="29deb1d1-c7c7-465f-ab19-cc3aff084dc5" name="Not SOAP Fault"/><con:assertion type="SOAP Response" id="5c837d1a-e388-4307-b235-e5f68284f99e" name="SOAP Response"/><con:assertion type="Schema Compliance" id="0b956bc6-b087-47a6-aadd-09402877f36e" name="Schema Compliance"><con:configuration/></con:assertion><con:wsaConfig action="http://fidus.brussels/services/inscriptionservice/removeInscription"/></con:request></con:config></con:testStep><con:properties/></con:testCase><con:properties/></con:testSuite><con:testSuite id="5d9a31ae-e228-4842-a243-beddc16e7c34" name="STAG"><con:settings/><con:runType>SEQUENTIAL</con:runType><con:testCase id="686560b9-337b-4e10-b7de-4a008ce94295" failOnError="true" failTestCaseOnErrors="true" keepSession="false" maxResults="0" name="addInscription" searchProperties="true"><con:settings/><con:testStep type="request" id="6c06cb08-3a42-4450-972e-8e44008f2d55" name="testcase4 - STAGING - External - Request"><con:settings/><con:config xsi:type="con:RequestStep" xmlns:xsi="http://www.w3.org/2001/XMLSchema-instance"><con:interface>InscriptionServiceHTTPBinding</con:interface><con:operation>addInscription</con:operation><con:request name="testcase4 - STAGING - External - Request" id="b3aeb8d4-763b-4fc2-9549-a9a26cfe2ac9" outgoingWss="Outflow STAG"><con:settings/><con:encoding>UTF-8</con:encoding><con:endpoint>https://fidus.irisnetlab.be/services/InscriptionService_v1.0</con:endpoint><con:request><![CDATA[<soapenv:Envelope xmlns:soapenv="http://schemas.xmlsoap.org/soap/envelope/" xmlns:v1="http://fidus.brussels/service/inscriptionservice/messages/v1" xmlns:v11="http://fidus.brussels/type/common/messages/v1">
   <soapenv:Header/>
   <soapenv:Body>
      <v1:addInscriptionRequest>
         <v1:messageContext>
            <v11:messageId>${=import static java.util.UUID.randomUUID; uuid = randomUUID() as String}</v11:messageId>
            <v11:timestamp>${=new java.text.SimpleDateFormat("yyyy-MM-dd'T'HH:mm:ss.SSS").format(new Date())}</v11:timestamp>
         </v1:messageContext>
         <v1:legalContext>ServiceIntegrator</v1:legalContext>
         <v1:request>
            <criteria>
               <ssin>91120406960</ssin>
               <inscriptionContext>fidus:administrative_file</inscriptionContext>
               <period>
                  <beginDate>${=new java.text.SimpleDateFormat("yyyy-MM-dd").format(new Date())}</beginDate>
                  <endDate>${=new java.text.SimpleDateFormat("yyyy-MM-dd").format(new Date() + 1)}</endDate>
               </period>
            </criteria>
         </v1:request>
      </v1:addInscriptionRequest>
   </soapenv:Body>
</soapenv:Envelope>]]></con:request><con:assertion type="SOAP Fault Assertion" id="fa72f00d-0652-48a2-ba96-4460e95b96df" name="Not SOAP Fault"/><con:assertion type="SOAP Response" id="8a3956b8-7598-4e21-ba7e-615be4a986eb" name="SOAP Response"/><con:assertion type="Schema Compliance" id="d7b9c26e-31c6-4ed0-885e-a133256eccff" name="Schema Compliance"><con:configuration/></con:assertion><con:wsaConfig action="http://fidus.brussels/services/inscriptionservice/addInscription"/></con:request></con:config></con:testStep><con:testStep type="request" id="4f718173-278d-4ce7-a863-f49a9d6cb549" name="testcase4 - STAGING - LB - Request"><con:settings/><con:config xsi:type="con:RequestStep" xmlns:xsi="http://www.w3.org/2001/XMLSchema-instance"><con:interface>InscriptionServiceHTTPBinding</con:interface><con:operation>addInscription</con:operation><con:request name="testcase4 - STAGING - LB - Request" id="f12ba8bd-a221-4e0a-b192-208f5fc6908b" outgoingWss="Outflow STAG"><con:settings/><con:encoding>UTF-8</con:encoding><con:endpoint>https://fidus-esb-sg.sta.srv.cirb.lan:8443/services/InscriptionService_v1.0</con:endpoint><con:request><![CDATA[<soapenv:Envelope xmlns:soapenv="http://schemas.xmlsoap.org/soap/envelope/" xmlns:v1="http://fidus.brussels/service/inscriptionservice/messages/v1" xmlns:v11="http://fidus.brussels/type/common/messages/v1">
   <soapenv:Header/>
   <soapenv:Body>
      <v1:addInscriptionRequest>
         <v1:messageContext>
            <v11:messageId>${=import static java.util.UUID.randomUUID; uuid = randomUUID() as String}</v11:messageId>
            <v11:timestamp>${=new java.text.SimpleDateFormat("yyyy-MM-dd'T'HH:mm:ss.SSS").format(new Date())}</v11:timestamp>
         </v1:messageContext>
         <v1:legalContext>ServiceIntegrator</v1:legalContext>
         <v1:request>
            <criteria>
               <ssin>91120406960</ssin>
               <inscriptionContext>fidus:administrative_file</inscriptionContext>
               <period>
                  <beginDate>${=new java.text.SimpleDateFormat("yyyy-MM-dd").format(new Date())}</beginDate>
                  <endDate>${=new java.text.SimpleDateFormat("yyyy-MM-dd").format(new Date() + 1)}</endDate>
               </period>
            </criteria>
         </v1:request>
      </v1:addInscriptionRequest>
   </soapenv:Body>
</soapenv:Envelope>]]></con:request><con:assertion type="SOAP Fault Assertion" id="22ebdf03-8231-437f-a9ee-663d81de2ce8" name="Not SOAP Fault"/><con:assertion type="SOAP Response" id="5cdfd644-749c-48ff-99ae-238fa7009435" name="SOAP Response"/><con:assertion type="Schema Compliance" id="122c7ebb-c993-4b18-ac07-e7063a4708d5" name="Schema Compliance"><con:configuration/></con:assertion><con:wsaConfig action="http://fidus.brussels/services/inscriptionservice/addInscription"/></con:request></con:config></con:testStep><con:testStep type="request" id="06e19d4e-13d7-4203-9480-2f9cab16ec84" name="testcase4 - STAGING - worker 1 - Request"><con:settings/><con:config xsi:type="con:RequestStep" xmlns:xsi="http://www.w3.org/2001/XMLSchema-instance"><con:interface>InscriptionServiceHTTPBinding</con:interface><con:operation>addInscription</con:operation><con:request name="testcase4 - STAGING - worker 1 - Request" id="bbed4f2e-b7d8-41d0-9db9-7359622779ef" outgoingWss="Outflow STAG"><con:settings/><con:encoding>UTF-8</con:encoding><con:endpoint>https://192.168.24.64:8443/services/InscriptionService_v1.0</con:endpoint><con:request><![CDATA[<soapenv:Envelope xmlns:soapenv="http://schemas.xmlsoap.org/soap/envelope/" xmlns:v1="http://fidus.brussels/service/inscriptionservice/messages/v1" xmlns:v11="http://fidus.brussels/type/common/messages/v1">
   <soapenv:Header/>
   <soapenv:Body>
      <v1:addInscriptionRequest>
         <v1:messageContext>
            <v11:messageId>${=import static java.util.UUID.randomUUID; uuid = randomUUID() as String}</v11:messageId>
            <v11:timestamp>${=new java.text.SimpleDateFormat("yyyy-MM-dd'T'HH:mm:ss.SSS").format(new Date())}</v11:timestamp>
         </v1:messageContext>
         <v1:legalContext>ServiceIntegrator</v1:legalContext>
         <v1:request>
            <criteria>
               <ssin>91120406960</ssin>
               <inscriptionContext>fidus:administrative_file</inscriptionContext>
               <period>
                  <beginDate>${=new java.text.SimpleDateFormat("yyyy-MM-dd").format(new Date())}</beginDate>
                  <endDate>${=new java.text.SimpleDateFormat("yyyy-MM-dd").format(new Date() + 1)}</endDate>
               </period>
            </criteria>
         </v1:request>
      </v1:addInscriptionRequest>
   </soapenv:Body>
</soapenv:Envelope>]]></con:request><con:assertion type="SOAP Fault Assertion" id="5a673d2c-fe6d-4d11-a9c3-52a34f2baccf" name="Not SOAP Fault"/><con:assertion type="SOAP Response" id="98422dd9-8bb2-46b3-b177-53ea20a238b8" name="SOAP Response"/><con:assertion type="Schema Compliance" id="64ea8f65-60b1-4241-ae6f-7efec3bbfc68" name="Schema Compliance"><con:configuration/></con:assertion><con:wsaConfig action="http://fidus.brussels/services/inscriptionservice/addInscription"/></con:request></con:config></con:testStep><con:testStep type="request" id="12ac40dd-eb8d-43b8-8ff9-b5f6339fc87d" name="testcase4 - STAGING - worker 2 - Request"><con:settings/><con:config xsi:type="con:RequestStep" xmlns:xsi="http://www.w3.org/2001/XMLSchema-instance"><con:interface>InscriptionServiceHTTPBinding</con:interface><con:operation>addInscription</con:operation><con:request name="testcase4 - STAGING - worker 2 - Request" id="abfffee1-20ea-4054-ace1-8e9763c76d11" outgoingWss="Outflow STAG"><con:settings/><con:encoding>UTF-8</con:encoding><con:endpoint>https://192.168.24.57:8443/services/InscriptionService_v1.0</con:endpoint><con:request><![CDATA[<soapenv:Envelope xmlns:soapenv="http://schemas.xmlsoap.org/soap/envelope/" xmlns:v1="http://fidus.brussels/service/inscriptionservice/messages/v1" xmlns:v11="http://fidus.brussels/type/common/messages/v1">
   <soapenv:Header/>
   <soapenv:Body>
      <v1:addInscriptionRequest>
         <v1:messageContext>
            <v11:messageId>${=import static java.util.UUID.randomUUID; uuid = randomUUID() as String}</v11:messageId>
            <v11:timestamp>${=new java.text.SimpleDateFormat("yyyy-MM-dd'T'HH:mm:ss.SSS").format(new Date())}</v11:timestamp>
         </v1:messageContext>
         <v1:legalContext>ServiceIntegrator</v1:legalContext>
         <v1:request>
            <criteria>
               <ssin>91120406960</ssin>
               <inscriptionContext>fidus:administrative_file</inscriptionContext>
               <period>
                  <beginDate>${=new java.text.SimpleDateFormat("yyyy-MM-dd").format(new Date())}</beginDate>
                  <endDate>${=new java.text.SimpleDateFormat("yyyy-MM-dd").format(new Date() + 1)}</endDate>
               </period>
            </criteria>
         </v1:request>
      </v1:addInscriptionRequest>
   </soapenv:Body>
</soapenv:Envelope>]]></con:request><con:assertion type="SOAP Fault Assertion" id="7ae467fd-96c9-4089-995a-6992fb34df3d" name="Not SOAP Fault"/><con:assertion type="SOAP Response" id="f6d3b335-c015-49d9-ac4b-9ba30dff86ff" name="SOAP Response"/><con:assertion type="Schema Compliance" id="8dc85af6-2320-4aa0-b014-9fa5f7147322" name="Schema Compliance"><con:configuration/></con:assertion><con:wsaConfig action="http://fidus.brussels/services/inscriptionservice/addInscription"/></con:request></con:config></con:testStep><con:properties/></con:testCase><con:testCase id="baf345c3-b5f5-4ed8-a94b-7899e76a3a4f" failOnError="true" failTestCaseOnErrors="true" keepSession="false" maxResults="0" name="consultInscriptions" searchProperties="true"><con:settings/><con:testStep type="request" id="967b59f9-49c9-4c9f-a86c-18d823440fba" name="testcase4 - STAGING - EXTERNAL - Request"><con:settings/><con:config xsi:type="con:RequestStep" xmlns:xsi="http://www.w3.org/2001/XMLSchema-instance"><con:interface>InscriptionServiceHTTPBinding</con:interface><con:operation>consultInscriptions</con:operation><con:request name="testcase4 - STAGING - EXTERNAL - Request" id="1a4df19a-a99c-46e6-9b16-ecc3c02f7bac" outgoingWss="Outflow STAG"><con:settings/><con:encoding>UTF-8</con:encoding><con:endpoint>https://fidus.irisnetlab.be/services/InscriptionService_v1.0</con:endpoint><con:request><![CDATA[<soapenv:Envelope xmlns:soapenv="http://schemas.xmlsoap.org/soap/envelope/" xmlns:v1="http://fidus.brussels/service/inscriptionservice/messages/v1" xmlns:v11="http://fidus.brussels/type/common/messages/v1">
   <soapenv:Header/>
   <soapenv:Body>
      <v1:consultInscriptionsRequest>
         <v1:messageContext>
            <v11:messageId>${=import static java.util.UUID.randomUUID; uuid = randomUUID() as String}</v11:messageId>
            <v11:timestamp>${=new java.text.SimpleDateFormat("yyyy-MM-dd'T'HH:mm:ss.SSS").format(new Date())}</v11:timestamp>
         </v1:messageContext>
         <v1:legalContext>ServiceIntegrator</v1:legalContext>
         <v1:request>
            <criteria>
               <ssin>86081744930</ssin>
               <inscriptionContext>fidus:administrative_file</inscriptionContext>
            </criteria>
         </v1:request>
      </v1:consultInscriptionsRequest>
   </soapenv:Body>
</soapenv:Envelope>]]></con:request><con:assertion type="SOAP Fault Assertion" id="cf5520fb-eeda-49e8-9417-0963350521dc" name="Not SOAP Fault"/><con:assertion type="SOAP Response" id="9779f1a0-bd4c-4511-ac86-655e37a60307" name="SOAP Response"/><con:assertion type="Schema Compliance" id="c87295c9-8f73-41f3-a516-7aafbe3b9823" name="Schema Compliance"><con:configuration/></con:assertion><con:wsaConfig action="http://fidus.brussels/services/inscriptionservice/consultInscriptions"/></con:request></con:config></con:testStep><con:testStep type="request" id="a29eb3bd-5f81-496a-88c9-6183a1f687a0" name="testcase4 - STAGING - LB - Request"><con:settings/><con:config xsi:type="con:RequestStep" xmlns:xsi="http://www.w3.org/2001/XMLSchema-instance"><con:interface>InscriptionServiceHTTPBinding</con:interface><con:operation>consultInscriptions</con:operation><con:request name="testcase4 - STAGING - LB - Request" id="d1517342-7b64-45a6-a25e-c01c014d0fb6" outgoingWss="Outflow STAG"><con:settings/><con:encoding>UTF-8</con:encoding><con:endpoint>https://fidus-esb-sg.sta.srv.cirb.lan:8443/InscriptionService_v1.0</con:endpoint><con:request><![CDATA[<soapenv:Envelope xmlns:soapenv="http://schemas.xmlsoap.org/soap/envelope/" xmlns:v1="http://fidus.brussels/service/inscriptionservice/messages/v1" xmlns:v11="http://fidus.brussels/type/common/messages/v1">
   <soapenv:Header/>
   <soapenv:Body>
      <v1:consultInscriptionsRequest>
         <v1:messageContext>
            <v11:messageId>${=import static java.util.UUID.randomUUID; uuid = randomUUID() as String}</v11:messageId>
            <v11:timestamp>${=new java.text.SimpleDateFormat("yyyy-MM-dd'T'HH:mm:ss.SSS").format(new Date())}</v11:timestamp>
         </v1:messageContext>
         <v1:legalContext>ServiceIntegrator</v1:legalContext>
         <v1:request>
            <criteria>
               <ssin>86081744930</ssin>
               <inscriptionContext>fidus:administrative_file</inscriptionContext>
            </criteria>
         </v1:request>
      </v1:consultInscriptionsRequest>
   </soapenv:Body>
</soapenv:Envelope>]]></con:request><con:assertion type="SOAP Fault Assertion" id="328be1d2-dd4b-4e7e-838e-48b1c6931737" name="Not SOAP Fault"/><con:assertion type="SOAP Response" id="65c117a4-7e1e-4115-a79a-5f41769e7add" name="SOAP Response"/><con:assertion type="Schema Compliance" id="451806f0-1262-4bca-ac63-eb5ea767a33a" name="Schema Compliance"><con:configuration/></con:assertion><con:wsaConfig action="http://fidus.brussels/services/inscriptionservice/consultInscriptions"/></con:request></con:config></con:testStep><con:testStep type="request" id="cc38e2c7-0873-4023-957b-6fda23f4d24b" name="testcase4 - STAGING - WORKER 1 - Request"><con:settings/><con:config xsi:type="con:RequestStep" xmlns:xsi="http://www.w3.org/2001/XMLSchema-instance"><con:interface>InscriptionServiceHTTPBinding</con:interface><con:operation>consultInscriptions</con:operation><con:request name="testcase4 - STAGING - WORKER 1 - Request" id="0bf7be18-8792-4356-8e88-83d96d2c10aa" outgoingWss="Outflow STAG"><con:settings/><con:encoding>UTF-8</con:encoding><con:endpoint>https://192.168.24.57:8443/services/InscriptionService_v1.0</con:endpoint><con:request><![CDATA[<soapenv:Envelope xmlns:soapenv="http://schemas.xmlsoap.org/soap/envelope/" xmlns:v1="http://fidus.brussels/service/inscriptionservice/messages/v1" xmlns:v11="http://fidus.brussels/type/common/messages/v1">
   <soapenv:Header/>
   <soapenv:Body>
      <v1:consultInscriptionsRequest>
         <v1:messageContext>
            <v11:messageId>${=import static java.util.UUID.randomUUID; uuid = randomUUID() as String}</v11:messageId>
            <v11:timestamp>${=new java.text.SimpleDateFormat("yyyy-MM-dd'T'HH:mm:ss.SSS").format(new Date())}</v11:timestamp>
         </v1:messageContext>
         <v1:legalContext>ServiceIntegrator</v1:legalContext>
         <v1:request>
            <criteria>
               <ssin>86081744930</ssin>
               <inscriptionContext>fidus:administrative_file</inscriptionContext>
            </criteria>
         </v1:request>
      </v1:consultInscriptionsRequest>
   </soapenv:Body>
</soapenv:Envelope>]]></con:request><con:assertion type="SOAP Fault Assertion" id="04a7d599-eff2-490a-81b3-b52ab7764f87" name="Not SOAP Fault"/><con:assertion type="SOAP Response" id="723a0cd0-9276-4b30-b53f-3fd562201ac7" name="SOAP Response"/><con:assertion type="Schema Compliance" id="fb670b4c-14a2-4d08-beca-9d2c0cb10d1c" name="Schema Compliance"><con:configuration/></con:assertion><con:wsaConfig action="http://fidus.brussels/services/inscriptionservice/consultInscriptions"/></con:request></con:config></con:testStep><con:testStep type="request" id="d8ef8fbf-4ec5-4936-9ef3-a80eb600f2e8" name="testcase4 - STAGING - WORKER 2 - Request"><con:settings/><con:config xsi:type="con:RequestStep" xmlns:xsi="http://www.w3.org/2001/XMLSchema-instance"><con:interface>InscriptionServiceHTTPBinding</con:interface><con:operation>consultInscriptions</con:operation><con:request name="testcase4 - STAGING - WORKER 2 - Request" id="fe82a263-3d07-4ceb-8688-0bdf25b89ce6" outgoingWss="Outflow STAG"><con:settings/><con:encoding>UTF-8</con:encoding><con:endpoint>https://192.168.24.64:8443/services/InscriptionService_v1.0</con:endpoint><con:request><![CDATA[<soapenv:Envelope xmlns:soapenv="http://schemas.xmlsoap.org/soap/envelope/" xmlns:v1="http://fidus.brussels/service/inscriptionservice/messages/v1" xmlns:v11="http://fidus.brussels/type/common/messages/v1">
   <soapenv:Header/>
   <soapenv:Body>
      <v1:consultInscriptionsRequest>
         <v1:messageContext>
            <v11:messageId>${=import static java.util.UUID.randomUUID; uuid = randomUUID() as String}</v11:messageId>
            <v11:timestamp>${=new java.text.SimpleDateFormat("yyyy-MM-dd'T'HH:mm:ss.SSS").format(new Date())}</v11:timestamp>
         </v1:messageContext>
         <v1:legalContext>ServiceIntegrator</v1:legalContext>
         <v1:request>
            <criteria>
               <ssin>86081744930</ssin>
               <inscriptionContext>fidus:administrative_file</inscriptionContext>
            </criteria>
         </v1:request>
      </v1:consultInscriptionsRequest>
   </soapenv:Body>
</soapenv:Envelope>]]></con:request><con:assertion type="SOAP Fault Assertion" id="75e6a746-0f95-455d-a6c6-b19a8195c9f7" name="Not SOAP Fault"/><con:assertion type="SOAP Response" id="3f839181-a5d7-43e4-a92d-858a0f753fc9" name="SOAP Response"/><con:assertion type="Schema Compliance" id="4770f52c-210c-4bd3-9029-700f3a8dcac4" name="Schema Compliance"><con:configuration/></con:assertion><con:wsaConfig action="http://fidus.brussels/services/inscriptionservice/consultInscriptions"/></con:request></con:config></con:testStep><con:properties/></con:testCase><con:testCase id="5d2dec87-ee5e-4401-a3fa-d68f5a8804e4" failOnError="true" failTestCaseOnErrors="true" keepSession="false" maxResults="0" name="removeInscription" searchProperties="true"><con:settings/><con:testStep type="request" id="19cac6d8-655f-4a2c-bc71-686f8bd0d292" name="testcase4 - STAGING - EXTERNAL - Request"><con:settings/><con:config xsi:type="con:RequestStep" xmlns:xsi="http://www.w3.org/2001/XMLSchema-instance"><con:interface>InscriptionServiceHTTPBinding</con:interface><con:operation>removeInscription</con:operation><con:request name="testcase4 - STAGING - EXTERNAL - Request" id="0326fc65-5a70-451f-b310-5ac7b9a1b1a6" outgoingWss="Outflow STAG"><con:settings/><con:encoding>UTF-8</con:encoding><con:endpoint>https://fidus.irisnetlab.be/services/InscriptionService_v1.0</con:endpoint><con:request><![CDATA[<soapenv:Envelope xmlns:soapenv="http://schemas.xmlsoap.org/soap/envelope/" xmlns:v1="http://fidus.brussels/service/inscriptionservice/messages/v1" xmlns:v11="http://fidus.brussels/type/common/messages/v1">
   <soapenv:Header/>
   <soapenv:Body>
      <v1:removeInscriptionRequest>
         <v1:messageContext>
            <v11:messageId>${=import static java.util.UUID.randomUUID; uuid = randomUUID() as String}</v11:messageId>
            <v11:timestamp>${=new java.text.SimpleDateFormat("yyyy-MM-dd'T'HH:mm:ss.SSS").format(new Date())}</v11:timestamp>
         </v1:messageContext>
         <v1:legalContext>ServiceIntegrator</v1:legalContext>
         <v1:request>
            <criteria>
               <ssin>86081744930</ssin>
               <inscriptionContext>fidus:administrative_file</inscriptionContext>
            </criteria>
         </v1:request>
      </v1:removeInscriptionRequest>
   </soapenv:Body>
</soapenv:Envelope>]]></con:request><con:assertion type="SOAP Fault Assertion" id="9abf0778-01ce-4895-90c9-d700bac03ab7" name="Not SOAP Fault"/><con:assertion type="SOAP Response" id="d80a6aa6-c2fc-47cf-9f30-177e8621640d" name="SOAP Response"/><con:assertion type="Schema Compliance" id="96bd2221-75ab-49cc-9808-b66d27ef170a" name="Schema Compliance"><con:configuration/></con:assertion><con:wsaConfig action="http://fidus.brussels/services/inscriptionservice/removeInscription"/></con:request></con:config></con:testStep><con:testStep type="request" id="8ca40795-b5a3-4be7-9077-bc41ef1dcbe6" name="testcase4 - STAGING - LB - Request"><con:settings/><con:config xsi:type="con:RequestStep" xmlns:xsi="http://www.w3.org/2001/XMLSchema-instance"><con:interface>InscriptionServiceHTTPBinding</con:interface><con:operation>removeInscription</con:operation><con:request name="testcase4 - STAGING - LB - Request" id="8a7e4861-6f56-49ea-a205-52916da36ccc" outgoingWss="Outflow STAG"><con:settings/><con:encoding>UTF-8</con:encoding><con:endpoint>https://fidus-esb-sg.sta.srv.cirb.lan:8443/InscriptionService_v1.0</con:endpoint><con:request><![CDATA[<soapenv:Envelope xmlns:soapenv="http://schemas.xmlsoap.org/soap/envelope/" xmlns:v1="http://fidus.brussels/service/inscriptionservice/messages/v1" xmlns:v11="http://fidus.brussels/type/common/messages/v1">
   <soapenv:Header/>
   <soapenv:Body>
      <v1:removeInscriptionRequest>
         <v1:messageContext>
            <v11:messageId>${=import static java.util.UUID.randomUUID; uuid = randomUUID() as String}</v11:messageId>
            <v11:timestamp>${=new java.text.SimpleDateFormat("yyyy-MM-dd'T'HH:mm:ss.SSS").format(new Date())}</v11:timestamp>
         </v1:messageContext>
         <v1:legalContext>ServiceIntegrator</v1:legalContext>
         <v1:request>
            <criteria>
               <ssin>86081744930</ssin>
               <inscriptionContext>fidus:administrative_file</inscriptionContext>
            </criteria>
         </v1:request>
      </v1:removeInscriptionRequest>
   </soapenv:Body>
</soapenv:Envelope>]]></con:request><con:assertion type="SOAP Fault Assertion" id="216905a2-80c0-4832-9b0f-b440d2c61658" name="Not SOAP Fault"/><con:assertion type="SOAP Response" id="08c1e1ca-39ad-4c33-a753-5a830314efae" name="SOAP Response"/><con:assertion type="Schema Compliance" id="ad79f4ad-dfc7-4951-be51-0670f61e49d8" name="Schema Compliance"><con:configuration/></con:assertion><con:wsaConfig action="http://fidus.brussels/services/inscriptionservice/removeInscription"/></con:request></con:config></con:testStep><con:testStep type="request" id="fcf4772c-ab1f-4d24-ba3a-35a57f0c46d2" name="testcase4 - STAGING - WORKER 1 - Request"><con:settings/><con:config xsi:type="con:RequestStep" xmlns:xsi="http://www.w3.org/2001/XMLSchema-instance"><con:interface>InscriptionServiceHTTPBinding</con:interface><con:operation>removeInscription</con:operation><con:request name="testcase4 - STAGING - WORKER 1 - Request" id="572fc29b-b046-4d5f-b17f-96ce077a754d" outgoingWss="Outflow STAG"><con:settings/><con:encoding>UTF-8</con:encoding><con:endpoint>https://192.168.24.57:8443/services/InscriptionService_v1.0</con:endpoint><con:request><![CDATA[<soapenv:Envelope xmlns:soapenv="http://schemas.xmlsoap.org/soap/envelope/" xmlns:v1="http://fidus.brussels/service/inscriptionservice/messages/v1" xmlns:v11="http://fidus.brussels/type/common/messages/v1">
   <soapenv:Header/>
   <soapenv:Body>
      <v1:removeInscriptionRequest>
         <v1:messageContext>
            <v11:messageId>${=import static java.util.UUID.randomUUID; uuid = randomUUID() as String}</v11:messageId>
            <v11:timestamp>${=new java.text.SimpleDateFormat("yyyy-MM-dd'T'HH:mm:ss.SSS").format(new Date())}</v11:timestamp>
         </v1:messageContext>
         <v1:legalContext>ServiceIntegrator</v1:legalContext>
         <v1:request>
            <criteria>
               <ssin>86081744930</ssin>
               <inscriptionContext>fidus:administrative_file</inscriptionContext>
            </criteria>
         </v1:request>
      </v1:removeInscriptionRequest>
   </soapenv:Body>
</soapenv:Envelope>]]></con:request><con:assertion type="SOAP Fault Assertion" id="f4f8da36-601d-41bc-9152-853bf7cbf7ca" name="Not SOAP Fault"/><con:assertion type="SOAP Response" id="cddfeccd-f40d-4f5b-bee1-7d41c96e2d43" name="SOAP Response"/><con:assertion type="Schema Compliance" id="22948c92-b87e-43bc-89c1-2651f0d5ef19" name="Schema Compliance"><con:configuration/></con:assertion><con:wsaConfig action="http://fidus.brussels/services/inscriptionservice/removeInscription"/></con:request></con:config></con:testStep><con:testStep type="request" id="136453c4-3bd0-4e95-93f8-0694e4f2c31f" name="testcase4 - STAGING - WORKER 2 - Request"><con:settings/><con:config xsi:type="con:RequestStep" xmlns:xsi="http://www.w3.org/2001/XMLSchema-instance"><con:interface>InscriptionServiceHTTPBinding</con:interface><con:operation>removeInscription</con:operation><con:request name="testcase4 - STAGING - WORKER 2 - Request" id="1fe82b46-33dd-47b5-b93b-566fd2180f80" outgoingWss="Outflow STAG"><con:settings/><con:encoding>UTF-8</con:encoding><con:endpoint>https://192.168.24.64:8443/services/InscriptionService_v1.0</con:endpoint><con:request><![CDATA[<soapenv:Envelope xmlns:soapenv="http://schemas.xmlsoap.org/soap/envelope/" xmlns:v1="http://fidus.brussels/service/inscriptionservice/messages/v1" xmlns:v11="http://fidus.brussels/type/common/messages/v1">
   <soapenv:Header/>
   <soapenv:Body>
      <v1:removeInscriptionRequest>
         <v1:messageContext>
            <v11:messageId>${=import static java.util.UUID.randomUUID; uuid = randomUUID() as String}</v11:messageId>
            <v11:timestamp>${=new java.text.SimpleDateFormat("yyyy-MM-dd'T'HH:mm:ss.SSS").format(new Date())}</v11:timestamp>
         </v1:messageContext>
         <v1:legalContext>ServiceIntegrator</v1:legalContext>
         <v1:request>
            <criteria>
               <ssin>86081744930</ssin>
               <inscriptionContext>fidus:administrative_file</inscriptionContext>
            </criteria>
         </v1:request>
      </v1:removeInscriptionRequest>
   </soapenv:Body>
</soapenv:Envelope>]]></con:request><con:assertion type="SOAP Fault Assertion" id="f3a11fd0-1682-4353-8bd5-8be0af9a06ae" name="Not SOAP Fault"/><con:assertion type="SOAP Response" id="276a84b8-177b-4651-bbf4-bf6ff2449a71" name="SOAP Response"/><con:assertion type="Schema Compliance" id="27fce29a-361e-42f9-ae48-33670b87507e" name="Schema Compliance"><con:configuration/></con:assertion><con:wsaConfig action="http://fidus.brussels/services/inscriptionservice/removeInscription"/></con:request></con:config></con:testStep><con:properties/></con:testCase><con:properties/></con:testSuite><con:endpointStrategy xsi:type="con:DefaultEndpointStrategy" xmlns:xsi="http://www.w3.org/2001/XMLSchema-instance"><con:endpoint mode="OVERRIDE">http://fidus.brussels/services/referencedir/v1</con:endpoint></con:endpointStrategy><con:properties/><con:wssContainer><con:crypto><con:source>data/wso2/keystores/user-rajarshi.jks</con:source><con:password>test@fidus01</con:password><con:type>KEYSTORE</con:type></con:crypto><con:outgoing><con:name>Outflow DEV</con:name></con:outgoing><con:outgoing><con:name>Outflow TEST</con:name><con:entry type="Signature" username="testuser-test.fidus.brussels" password="test@fidus01"><con:configuration><crypto>user-rajarshi.jks</crypto><keyIdentifierType>3</keyIdentifierType><signatureAlgorithm/><signatureCanonicalization/><useSingleCert>true</useSingleCert><digestAlgorithm/><customTokenValueType/><customTokenId/></con:configuration></con:entry><con:entry type="Timestamp"><con:configuration><timeToLive>300000</timeToLive><strictTimestamp>true</strictTimestamp></con:configuration></con:entry></con:outgoing><con:outgoing><con:name>Outflow STAG</con:name></con:outgoing></con:wssContainer><con:oAuth2ProfileContainer/><con:oAuth1ProfileContainer/><con:sensitiveInformation/></con:soapui-project>