<?xml version="1.0" encoding="UTF-8"?>
<con:soapui-project id="9166b53f-a96c-4ae3-9197-19d6eecc2215" activeEnvironment="Default" name="Client-CountryService-1.0-soapui-project" resourceRoot="" soapui-version="5.1.3" abortOnError="false" runType="SEQUENTIAL" xmlns:con="http://eviware.com/soapui/config"><con:settings/><con:interface xsi:type="con:WsdlInterface" id="ceeb42e6-bfcb-4a41-a078-3a105ca689c7" wsaVersion="NONE" name="CountryServiceHTTPBinding" type="wsdl" bindingName="{http://fidus.brussels/service/countryservice/v1}CountryServiceHTTPBinding" soapVersion="1_1" anonymous="optional" definition="/home/isr/git/parent/countryservice_1.0/CountryServiceGateway/src/main/resources/wsdl/countryService/1.0.0/CountryService_v1.wsdl" xmlns:xsi="http://www.w3.org/2001/XMLSchema-instance"><con:settings/><con:definitionCache type="TEXT" rootPart="file:/home/isr/git/parent/countryservice_1.0/CountryServiceGateway/src/main/resources/wsdl/countryService/1.0.0/CountryService_v1.wsdl"><con:part><con:url>file:/home/isr/git/parent/countryservice_1.0/CountryServiceGateway/src/main/resources/wsdl/countryService/1.0.0/CountryService_v1.wsdl</con:url><con:content><![CDATA[<wsdl:definitions targetNamespace="http://fidus.brussels/service/countryservice/v1" name="CountryService" xmlns:soap="http://schemas.xmlsoap.org/wsdl/soap/" xmlns:wsdl="http://schemas.xmlsoap.org/wsdl/" xmlns:xsd="http://www.w3.org/2001/XMLSchema" xmlns:mes="http://fidus.brussels/service/countryservice/messages/v1" xmlns:tns="http://fidus.brussels/service/countryservice/v1">
  <xsd:annotation>
    <xsd:documentation>CountryService WDSL v1.</xsd:documentation>
  </xsd:annotation>
  <wsdl:types>
    <xsd:schema targetNamespace="http://fidus.brussels/service/countryservice/v1" elementFormDefault="qualified">
      <xsd:import namespace="http://fidus.brussels/service/countryservice/messages/v1" schemaLocation="messages/countryServiceMessages_v1.xsd"/>
    </xsd:schema>
  </wsdl:types>
  <wsdl:message name="getAllIsoCodesRequestMessage">
    <wsdl:part name="GetAllIsoCodesRequest" element="mes:getAllIsoCodesRequest"/>
  </wsdl:message>
  <wsdl:message name="getAllIsoCodesResponseMessage">
    <wsdl:part name="GetAllIsoCodesResponse" element="mes:getAllIsoCodesResponse"/>
  </wsdl:message>
  <wsdl:message name="getAllNisCodesRequestMessage">
    <wsdl:part name="GetAllNisCodesRequest" element="mes:getAllNisCodesRequest"/>
  </wsdl:message>
  <wsdl:message name="getAllNisCodesResponseMessage">
    <wsdl:part name="GetAllNisCodesResponse" element="mes:getAllNisCodesResponse"/>
  </wsdl:message>
  <wsdl:message name="getAddressCountriesRequestMessage">
    <wsdl:part name="GetAddressCountriesRequest" element="mes:getAddressCountriesRequest"/>
  </wsdl:message>
  <wsdl:message name="getAddressCountriesResponseMessage">
    <wsdl:part name="GetAddressCountriesResponse" element="mes:getAddressCountriesResponse"/>
  </wsdl:message>
  <wsdl:message name="getAddressCountryRequestMessage">
    <wsdl:part name="GetAddressCountryRequest" element="mes:getAddressCountryRequest"/>
  </wsdl:message>
  <wsdl:message name="getAddressCountryResponseMessage">
    <wsdl:part name="GetAddressCountryResponse" element="mes:getAddressCountryResponse"/>
  </wsdl:message>
  <wsdl:message name="getAddressCountryHistoryRequestMessage">
    <wsdl:part name="GetAddressCountryHistoryRequest" element="mes:getAddressCountryHistoryRequest"/>
  </wsdl:message>
  <wsdl:message name="getAddressCountryHistoryResponseMessage">
    <wsdl:part name="GetAddressCountryHistoryResponse" element="mes:getAddressCountryHistoryResponse"/>
  </wsdl:message>
  <wsdl:message name="getNationalitiesRequestMessage">
    <wsdl:part name="GetNationalitiesRequest" element="mes:getNationalitiesRequest"/>
  </wsdl:message>
  <wsdl:message name="getNationalitiesResponseMessage">
    <wsdl:part name="GetNationalitiesResponse" element="mes:getNationalitiesResponse"/>
  </wsdl:message>
  <wsdl:message name="getNationalityRequestMessage">
    <wsdl:part name="GetNationalityRequest" element="mes:getNationalityRequest"/>
  </wsdl:message>
  <wsdl:message name="getNationalityResponseMessage">
    <wsdl:part name="GetNationalityResponse" element="mes:getNationalityResponse"/>
  </wsdl:message>
  <wsdl:message name="getNationalityHistoryRequestMessage">
    <wsdl:part name="GetNationalityHistoryRequest" element="mes:getNationalityHistoryRequest"/>
  </wsdl:message>
  <wsdl:message name="getNationalityHistoryResponseMessage">
    <wsdl:part name="GetNationalityHistoryResponse" element="mes:getNationalityHistoryResponse"/>
  </wsdl:message>
  <wsdl:message name="getPlaceCountriesRequestMessage">
    <wsdl:part name="GetPlaceCountriesRequest" element="mes:getPlaceCountriesRequest"/>
  </wsdl:message>
  <wsdl:message name="getPlaceCountriesResponseMessage">
    <wsdl:part name="GetPlaceCountriesResponse" element="mes:getPlaceCountriesResponse"/>
  </wsdl:message>
  <wsdl:message name="getPlaceCountryRequestMessage">
    <wsdl:part name="GetPlaceCountryRequest" element="mes:getPlaceCountryRequest"/>
  </wsdl:message>
  <wsdl:message name="getPlaceCountryResponseMessage">
    <wsdl:part name="GetPlaceCountryResponse" element="mes:getPlaceCountryResponse"/>
  </wsdl:message>
  <wsdl:message name="getPlaceCountryHistoryRequestMessage">
    <wsdl:part name="GetPlaceCountryHistoryRequest" element="mes:getPlaceCountryHistoryRequest"/>
  </wsdl:message>
  <wsdl:message name="getPlaceCountryHistoryResponseMessage">
    <wsdl:part name="GetPlaceCountryHistoryResponse" element="mes:getPlaceCountryHistoryResponse"/>
  </wsdl:message>
  <wsdl:portType name="CountryServicePortType">
    <wsdl:operation name="getAllIsoCodes">
      <wsdl:input message="tns:getAllIsoCodesRequestMessage"/>
      <wsdl:output message="tns:getAllIsoCodesResponseMessage"/>
    </wsdl:operation>
    <wsdl:operation name="getAllNisCodes">
      <wsdl:input message="tns:getAllNisCodesRequestMessage"/>
      <wsdl:output message="tns:getAllNisCodesResponseMessage"/>
    </wsdl:operation>
    <wsdl:operation name="getAddressCountries">
      <wsdl:input message="tns:getAddressCountriesRequestMessage"/>
      <wsdl:output message="tns:getAddressCountriesResponseMessage"/>
    </wsdl:operation>
    <wsdl:operation name="getAddressCountry">
      <wsdl:input message="tns:getAddressCountryRequestMessage"/>
      <wsdl:output message="tns:getAddressCountryResponseMessage"/>
    </wsdl:operation>
    <wsdl:operation name="getAddressCountryHistory">
      <wsdl:input message="tns:getAddressCountryHistoryRequestMessage"/>
      <wsdl:output message="tns:getAddressCountryHistoryResponseMessage"/>
    </wsdl:operation>
    <wsdl:operation name="getNationalities">
      <wsdl:input message="tns:getNationalitiesRequestMessage"/>
      <wsdl:output message="tns:getNationalitiesResponseMessage"/>
    </wsdl:operation>
    <wsdl:operation name="getNationality">
      <wsdl:input message="tns:getNationalityRequestMessage"/>
      <wsdl:output message="tns:getNationalityResponseMessage"/>
    </wsdl:operation>
    <wsdl:operation name="getNationalityHistory">
      <wsdl:input message="tns:getNationalityHistoryRequestMessage"/>
      <wsdl:output message="tns:getNationalityHistoryResponseMessage"/>
    </wsdl:operation>
    <wsdl:operation name="getPlaceCountries">
      <wsdl:input message="tns:getPlaceCountriesRequestMessage"/>
      <wsdl:output message="tns:getPlaceCountriesResponseMessage"/>
    </wsdl:operation>
    <wsdl:operation name="getPlaceCountry">
      <wsdl:input message="tns:getPlaceCountryRequestMessage"/>
      <wsdl:output message="tns:getPlaceCountryResponseMessage"/>
    </wsdl:operation>
    <wsdl:operation name="getPlaceCountryHistory">
      <wsdl:input message="tns:getPlaceCountryHistoryRequestMessage"/>
      <wsdl:output message="tns:getPlaceCountryHistoryResponseMessage"/>
    </wsdl:operation>
  </wsdl:portType>
  <wsdl:binding name="CountryServiceHTTPBinding" type="tns:CountryServicePortType">
    <soap:binding style="document" transport="http://schemas.xmlsoap.org/soap/http"/>
    <wsdl:operation name="getAllIsoCodes">
      <soap:operation soapAction="http://fidus.brussels/services/countryservice/getAllIsoCodes"/>
      <wsdl:input>
        <soap:body use="literal"/>
      </wsdl:input>
      <wsdl:output>
        <soap:body use="literal"/>
      </wsdl:output>
    </wsdl:operation>
    <wsdl:operation name="getAllNisCodes">
      <soap:operation soapAction="http://fidus.brussels/services/countryservice/getAllNisCodes"/>
      <wsdl:input>
        <soap:body use="literal"/>
      </wsdl:input>
      <wsdl:output>
        <soap:body use="literal"/>
      </wsdl:output>
    </wsdl:operation>
    <wsdl:operation name="getAddressCountries">
      <soap:operation soapAction="http://fidus.brussels/services/countryservice/getAddressCountries"/>
      <wsdl:input>
        <soap:body use="literal"/>
      </wsdl:input>
      <wsdl:output>
        <soap:body use="literal"/>
      </wsdl:output>
    </wsdl:operation>
    <wsdl:operation name="getAddressCountry">
      <soap:operation soapAction="http://fidus.brussels/services/countryservice/getAddressCountry"/>
      <wsdl:input>
        <soap:body use="literal"/>
      </wsdl:input>
      <wsdl:output>
        <soap:body use="literal"/>
      </wsdl:output>
    </wsdl:operation>
    <wsdl:operation name="getAddressCountryHistory">
      <soap:operation soapAction="http://fidus.brussels/services/countryservice/getAddressCountryHistory"/>
      <wsdl:input>
        <soap:body use="literal"/>
      </wsdl:input>
      <wsdl:output>
        <soap:body use="literal"/>
      </wsdl:output>
    </wsdl:operation>
    <wsdl:operation name="getNationalities">
      <soap:operation soapAction="http://fidus.brussels/services/countryservice/getNationalities"/>
      <wsdl:input>
        <soap:body use="literal"/>
      </wsdl:input>
      <wsdl:output>
        <soap:body use="literal"/>
      </wsdl:output>
    </wsdl:operation>
    <wsdl:operation name="getNationality">
      <soap:operation soapAction="http://fidus.brussels/services/countryservice/getNationality"/>
      <wsdl:input>
        <soap:body use="literal"/>
      </wsdl:input>
      <wsdl:output>
        <soap:body use="literal"/>
      </wsdl:output>
    </wsdl:operation>
    <wsdl:operation name="getNationalityHistory">
      <soap:operation soapAction="http://fidus.brussels/services/countryservice/getNationalityHistory"/>
      <wsdl:input>
        <soap:body use="literal"/>
      </wsdl:input>
      <wsdl:output>
        <soap:body use="literal"/>
      </wsdl:output>
    </wsdl:operation>
    <wsdl:operation name="getPlaceCountries">
      <soap:operation soapAction="http://fidus.brussels/services/countryservice/getPlaceCountries"/>
      <wsdl:input>
        <soap:body use="literal"/>
      </wsdl:input>
      <wsdl:output>
        <soap:body use="literal"/>
      </wsdl:output>
    </wsdl:operation>
    <wsdl:operation name="getPlaceCountry">
      <soap:operation soapAction="http://fidus.brussels/services/countryservice/getPlaceCountry"/>
      <wsdl:input>
        <soap:body use="literal"/>
      </wsdl:input>
      <wsdl:output>
        <soap:body use="literal"/>
      </wsdl:output>
    </wsdl:operation>
    <wsdl:operation name="getPlaceCountryHistory">
      <soap:operation soapAction="http://fidus.brussels/services/countryservice/getPlaceCountryHistory"/>
      <wsdl:input>
        <soap:body use="literal"/>
      </wsdl:input>
      <wsdl:output>
        <soap:body use="literal"/>
      </wsdl:output>
    </wsdl:operation>
  </wsdl:binding>
  <wsdl:service name="CountryService_v1">
    <wsdl:port name="CountryService_v1" binding="tns:CountryServiceHTTPBinding">
      <soap:address location="http://fidus.brussels/services/countryservice/v1"/>
    </wsdl:port>
  </wsdl:service>
</wsdl:definitions>]]></con:content><con:type>http://schemas.xmlsoap.org/wsdl/</con:type></con:part><con:part><con:url>file:/home/isr/git/parent/countryservice_1.0/CountryServiceGateway/src/main/resources/wsdl/countryService/1.0.0/messages/countryServiceMessages_v1.xsd</con:url><con:content><![CDATA[<xsd:schema targetNamespace="http://fidus.brussels/service/countryservice/messages/v1" elementFormDefault="qualified" attributeFormDefault="unqualified" version="1.0" xmlns:xsd="http://www.w3.org/2001/XMLSchema" xmlns:cme="http://fidus.brussels/type/common/messages/v1" xmlns:exc="http://fidus.brussels/type/common/exceptions/v1" xmlns:tns="http://fidus.brussels/service/countryservice/messages/v1" xmlns:cou="http://fsb.belgium.be/mappingServices/data/country/v1_00" xmlns:csmes="http://fsb.belgium.be/mappingServices/countryService/messages/v1_00">
  <xsd:import namespace="http://fidus.brussels/type/common/messages/v1" schemaLocation="baseMessageTypes_v1.xsd"/>
  <xsd:import namespace="http://fidus.brussels/type/common/exceptions/v1" schemaLocation="exceptionTypes_v1.xsd"/>
  <xsd:import namespace="http://fsb.belgium.be/mappingServices/data/country/v1_00" schemaLocation="../country/external.xsd"/>
  <xsd:import namespace="http://fsb.belgium.be/mappingServices/countryService/messages/v1_00" schemaLocation="../country/countryServiceMessages.xsd"/>
  <xsd:complexType name="ReferenceDataRequestType">
    <xsd:annotation>
      <xsd:documentation/>
    </xsd:annotation>
    <xsd:sequence>
      <xsd:element name="referenceDate" type="xsd:date" minOccurs="0"/>
    </xsd:sequence>
  </xsd:complexType>
  <xsd:complexType name="NationalityRequestType">
    <xsd:annotation>
      <xsd:documentation/>
    </xsd:annotation>
    <xsd:complexContent>
      <xsd:extension base="csmes:NationalityRequestType"/>
    </xsd:complexContent>
  </xsd:complexType>
  <xsd:complexType name="NationalityHistoryRequestType">
    <xsd:annotation>
      <xsd:documentation/>
    </xsd:annotation>
    <xsd:complexContent>
      <xsd:extension base="csmes:NationalityHistoryRequestType"/>
    </xsd:complexContent>
  </xsd:complexType>
  <xsd:complexType name="AddressCountryRequestType">
    <xsd:annotation>
      <xsd:documentation/>
    </xsd:annotation>
    <xsd:complexContent>
      <xsd:extension base="csmes:NationalityRequestType"/>
    </xsd:complexContent>
  </xsd:complexType>
  <xsd:complexType name="AddressCountryHistoryRequestType">
    <xsd:annotation>
      <xsd:documentation/>
    </xsd:annotation>
    <xsd:complexContent>
      <xsd:extension base="csmes:AddressCountryHistoryRequestType"/>
    </xsd:complexContent>
  </xsd:complexType>
  <xsd:complexType name="PlaceCountryRequestType">
    <xsd:annotation>
      <xsd:documentation/>
    </xsd:annotation>
    <xsd:complexContent>
      <xsd:extension base="csmes:PlaceCountryRequestType"/>
    </xsd:complexContent>
  </xsd:complexType>
  <xsd:complexType name="PlaceCountryHistoryRequestType">
    <xsd:annotation>
      <xsd:documentation/>
    </xsd:annotation>
    <xsd:complexContent>
      <xsd:extension base="csmes:PlaceCountryHistoryRequestType"/>
    </xsd:complexContent>
  </xsd:complexType>
  <!--Request getCountryService definition-->
  <xsd:complexType name="GetAllIsoCodesRequestType">
    <xsd:sequence>
      <xsd:element name="messageContext" type="cme:RequestMessageContextType"/>
      <xsd:element name="legalContext" type="cme:LegalContextType"/>
      <xsd:element name="request" type="tns:ReferenceDataRequestType"/>
    </xsd:sequence>
  </xsd:complexType>
  <xsd:complexType name="GetAllNisCodesRequestType">
    <xsd:sequence>
      <xsd:element name="messageContext" type="cme:RequestMessageContextType"/>
      <xsd:element name="legalContext" type="cme:LegalContextType"/>
      <xsd:element name="request" type="tns:ReferenceDataRequestType"/>
    </xsd:sequence>
  </xsd:complexType>
  <xsd:complexType name="GetNationalityRequestType">
    <xsd:sequence>
      <xsd:element name="messageContext" type="cme:RequestMessageContextType"/>
      <xsd:element name="legalContext" type="cme:LegalContextType"/>
      <xsd:element name="request" type="tns:NationalityRequestType"/>
    </xsd:sequence>
  </xsd:complexType>
  <xsd:complexType name="GetNationalitiesRequestType">
    <xsd:sequence>
      <xsd:element name="messageContext" type="cme:RequestMessageContextType"/>
      <xsd:element name="legalContext" type="cme:LegalContextType"/>
      <xsd:element name="request" type="tns:ReferenceDataRequestType"/>
    </xsd:sequence>
  </xsd:complexType>
  <xsd:complexType name="GetNationalityHistoryRequestType">
    <xsd:sequence>
      <xsd:element name="messageContext" type="cme:RequestMessageContextType"/>
      <xsd:element name="legalContext" type="cme:LegalContextType"/>
      <xsd:element name="request" type="tns:NationalityHistoryRequestType"/>
    </xsd:sequence>
  </xsd:complexType>
  <xsd:complexType name="GetAddressCountryRequestType">
    <xsd:sequence>
      <xsd:element name="messageContext" type="cme:RequestMessageContextType"/>
      <xsd:element name="legalContext" type="cme:LegalContextType"/>
      <xsd:element name="request" type="tns:NationalityRequestType"/>
    </xsd:sequence>
  </xsd:complexType>
  <xsd:complexType name="GetAddressCountriesRequestType">
    <xsd:sequence>
      <xsd:element name="messageContext" type="cme:RequestMessageContextType"/>
      <xsd:element name="legalContext" type="cme:LegalContextType"/>
      <xsd:element name="request" type="tns:ReferenceDataRequestType"/>
    </xsd:sequence>
  </xsd:complexType>
  <xsd:complexType name="GetAddressCountryHistoryRequestType">
    <xsd:sequence>
      <xsd:element name="messageContext" type="cme:RequestMessageContextType"/>
      <xsd:element name="legalContext" type="cme:LegalContextType"/>
      <xsd:element name="request" type="tns:AddressCountryHistoryRequestType"/>
    </xsd:sequence>
  </xsd:complexType>
  <xsd:complexType name="GetPlaceCountryRequestType">
    <xsd:sequence>
      <xsd:element name="messageContext" type="cme:RequestMessageContextType"/>
      <xsd:element name="legalContext" type="cme:LegalContextType"/>
      <xsd:element name="request" type="tns:PlaceCountryRequestType"/>
    </xsd:sequence>
  </xsd:complexType>
  <xsd:complexType name="GetPlaceCountriesRequestType">
    <xsd:sequence>
      <xsd:element name="messageContext" type="cme:RequestMessageContextType"/>
      <xsd:element name="legalContext" type="cme:LegalContextType"/>
      <xsd:element name="request" type="tns:ReferenceDataRequestType"/>
    </xsd:sequence>
  </xsd:complexType>
  <xsd:complexType name="GetPlaceCountryHistoryRequestType">
    <xsd:sequence>
      <xsd:element name="messageContext" type="cme:RequestMessageContextType"/>
      <xsd:element name="legalContext" type="cme:LegalContextType"/>
      <xsd:element name="request" type="tns:PlaceCountryHistoryRequestType"/>
    </xsd:sequence>
  </xsd:complexType>
  <!--Response getCountryService definition-->
  <xsd:complexType name="GetAllIsoCodesResponseType">
    <xsd:sequence>
      <xsd:element name="messageContext" type="cme:ResponseMessageContextType"/>
      <xsd:element name="responses" type="tns:IsoResponsesType" minOccurs="0"/>
      <xsd:element name="exceptions" type="exc:ExceptionsType" minOccurs="0">
        <xsd:annotation>
          <xsd:documentation>Technical errors that occur when processing the message context e.g. insufficient rights.</xsd:documentation>
        </xsd:annotation>
      </xsd:element>
    </xsd:sequence>
  </xsd:complexType>
  <xsd:complexType name="GetAllNisCodesResponseType">
    <xsd:sequence>
      <xsd:element name="messageContext" type="cme:ResponseMessageContextType"/>
      <xsd:element name="responses" type="tns:NisResponsesType" minOccurs="0"/>
      <xsd:element name="exceptions" type="exc:ExceptionsType" minOccurs="0">
        <xsd:annotation>
          <xsd:documentation>Technical errors that occur when processing the message context e.g. insufficient rights.</xsd:documentation>
        </xsd:annotation>
      </xsd:element>
    </xsd:sequence>
  </xsd:complexType>
  <xsd:complexType name="GetNationalityResponseType">
    <xsd:sequence>
      <xsd:element name="messageContext" type="cme:ResponseMessageContextType"/>
      <xsd:element name="responses" type="tns:NationalityResponsesType" minOccurs="0"/>
      <xsd:element name="exceptions" type="exc:ExceptionsType" minOccurs="0">
        <xsd:annotation>
          <xsd:documentation>Technical errors that occur when processing the message context e.g. insufficient rights.</xsd:documentation>
        </xsd:annotation>
      </xsd:element>
    </xsd:sequence>
  </xsd:complexType>
  <xsd:complexType name="GetNationalityHistoryResponseType">
    <xsd:sequence>
      <xsd:element name="messageContext" type="cme:ResponseMessageContextType"/>
      <xsd:element name="responses" type="tns:NationalityResponsesType" minOccurs="0"/>
      <xsd:element name="exceptions" type="exc:ExceptionsType" minOccurs="0">
        <xsd:annotation>
          <xsd:documentation>Technical errors that occur when processing the message context e.g. insufficient rights.</xsd:documentation>
        </xsd:annotation>
      </xsd:element>
    </xsd:sequence>
  </xsd:complexType>
  <xsd:complexType name="GetNationalitiesResponseType">
    <xsd:sequence>
      <xsd:element name="messageContext" type="cme:ResponseMessageContextType"/>
      <xsd:element name="responses" type="tns:NationalitiesResponsesType" minOccurs="0"/>
      <xsd:element name="exceptions" type="exc:ExceptionsType" minOccurs="0">
        <xsd:annotation>
          <xsd:documentation>Technical errors that occur when processing the message context e.g. insufficient rights.</xsd:documentation>
        </xsd:annotation>
      </xsd:element>
    </xsd:sequence>
  </xsd:complexType>
  <xsd:complexType name="GetAddressCountriesResponseType">
    <xsd:sequence>
      <xsd:element name="messageContext" type="cme:ResponseMessageContextType"/>
      <xsd:element name="responses" type="tns:AddressCountriesResponsesType" minOccurs="0"/>
      <xsd:element name="exceptions" type="exc:ExceptionsType" minOccurs="0">
        <xsd:annotation>
          <xsd:documentation>Technical errors that occur when processing the message context e.g. insufficient rights.</xsd:documentation>
        </xsd:annotation>
      </xsd:element>
    </xsd:sequence>
  </xsd:complexType>
  <xsd:complexType name="GetAddressCountryResponseType">
    <xsd:sequence>
      <xsd:element name="messageContext" type="cme:ResponseMessageContextType"/>
      <xsd:element name="responses" type="tns:AddressCountryResponsesType" minOccurs="0"/>
      <xsd:element name="exceptions" type="exc:ExceptionsType" minOccurs="0">
        <xsd:annotation>
          <xsd:documentation>Technical errors that occur when processing the message context e.g. insufficient rights.</xsd:documentation>
        </xsd:annotation>
      </xsd:element>
    </xsd:sequence>
  </xsd:complexType>
  <xsd:complexType name="GetAddressCountryHistoryResponseType">
    <xsd:sequence>
      <xsd:element name="messageContext" type="cme:ResponseMessageContextType"/>
      <xsd:element name="responses" type="tns:AddressCountryResponsesType" minOccurs="0"/>
      <xsd:element name="exceptions" type="exc:ExceptionsType" minOccurs="0">
        <xsd:annotation>
          <xsd:documentation>Technical errors that occur when processing the message context e.g. insufficient rights.</xsd:documentation>
        </xsd:annotation>
      </xsd:element>
    </xsd:sequence>
  </xsd:complexType>
  <xsd:complexType name="AddressCountryResponseType">
    <xsd:sequence>
      <xsd:element name="addressCountry" type="csmes:AddressCountryType" minOccurs="0" maxOccurs="unbounded"/>
      <xsd:element name="exceptions" type="exc:ExceptionsType" minOccurs="0">
        <xsd:annotation>
          <xsd:documentation>Technical errors that occur when processing the message context e.g. insufficient rights.</xsd:documentation>
        </xsd:annotation>
      </xsd:element>
    </xsd:sequence>
  </xsd:complexType>
  <xsd:complexType name="AddressCountriesType">
    <xsd:sequence>
      <xsd:element name="response" type="csmes:AddressCountriesType" minOccurs="1" maxOccurs="1"/>
    </xsd:sequence>
  </xsd:complexType>
  <xsd:complexType name="GetPlaceCountryResponseType">
    <xsd:sequence>
      <xsd:element name="messageContext" type="cme:ResponseMessageContextType"/>
      <xsd:element name="responses" type="tns:PlaceCountryResponsesType" minOccurs="0"/>
      <xsd:element name="exceptions" type="exc:ExceptionsType" minOccurs="0">
        <xsd:annotation>
          <xsd:documentation>Technical errors that occur when processing the message context e.g. insufficient rights.</xsd:documentation>
        </xsd:annotation>
      </xsd:element>
    </xsd:sequence>
  </xsd:complexType>
  <xsd:complexType name="GetPlaceCountryHistoryResponseType">
    <xsd:sequence>
      <xsd:element name="messageContext" type="cme:ResponseMessageContextType"/>
      <xsd:element name="responses" type="tns:PlaceCountryResponsesType" minOccurs="0"/>
      <xsd:element name="exceptions" type="exc:ExceptionsType" minOccurs="0">
        <xsd:annotation>
          <xsd:documentation>Technical errors that occur when processing the message context e.g. insufficient rights.</xsd:documentation>
        </xsd:annotation>
      </xsd:element>
    </xsd:sequence>
  </xsd:complexType>
  <xsd:complexType name="GetPlaceCountriesResponseType">
    <xsd:sequence>
      <xsd:element name="messageContext" type="cme:ResponseMessageContextType"/>
      <xsd:element name="responses" type="tns:PlaceCountriesResponsesType" minOccurs="0"/>
      <xsd:element name="exceptions" type="exc:ExceptionsType" minOccurs="0">
        <xsd:annotation>
          <xsd:documentation>Technical errors that occur when processing the message context e.g. insufficient rights.</xsd:documentation>
        </xsd:annotation>
      </xsd:element>
    </xsd:sequence>
  </xsd:complexType>
  <xsd:complexType name="IsoResponsesType">
    <xsd:sequence>
      <xsd:element name="response" type="tns:IsoResponseType" minOccurs="1" maxOccurs="1"/>
    </xsd:sequence>
  </xsd:complexType>
  <xsd:complexType name="IsoResponseType">
    <xsd:sequence>
      <xsd:element name="iso" type="cou:IsoType" maxOccurs="unbounded" minOccurs="0"/>
      <xsd:element name="exceptions" type="exc:ExceptionsType" minOccurs="0">
        <xsd:annotation>
          <xsd:documentation>Business exceptions that occur when processing the request or response e.g. missing data for a single response element.
						Exceptions at this level may contain back-end specific codes and content.</xsd:documentation>
        </xsd:annotation>
      </xsd:element>
    </xsd:sequence>
  </xsd:complexType>
  <xsd:complexType name="NisResponsesType">
    <xsd:sequence>
      <xsd:element name="response" type="tns:NisResponseType" minOccurs="1" maxOccurs="1"/>
    </xsd:sequence>
  </xsd:complexType>
  <xsd:complexType name="NisResponseType">
    <xsd:sequence>
      <xsd:element name="nis" type="cou:NisType" maxOccurs="unbounded" minOccurs="0"/>
      <xsd:element name="exceptions" type="exc:ExceptionsType" minOccurs="0">
        <xsd:annotation>
          <xsd:documentation>Business exceptions that occur when processing the request or response e.g. missing data for a single response element.
						Exceptions at this level may contain back-end specific codes and content.</xsd:documentation>
        </xsd:annotation>
      </xsd:element>
    </xsd:sequence>
  </xsd:complexType>
  <xsd:complexType name="AddressCountriesResponsesType">
    <xsd:sequence>
      <xsd:element name="response" type="tns:AddressCountriesResponseType" minOccurs="1" maxOccurs="1"/>
    </xsd:sequence>
  </xsd:complexType>
  <xsd:complexType name="AddressCountriesResponseType">
    <xsd:sequence>
      <xsd:element name="addressCountry" type="csmes:AddressCountryType" minOccurs="0" maxOccurs="unbounded"/>
      <xsd:element name="exceptions" type="exc:ExceptionsType" minOccurs="0">
        <xsd:annotation>
          <xsd:documentation>Business exceptions that occur when processing the request or response e.g. missing data for a single response element.
						Exceptions at this level may contain back-end specific codes and content.</xsd:documentation>
        </xsd:annotation>
      </xsd:element>
    </xsd:sequence>
  </xsd:complexType>
  <xsd:complexType name="AddressCountryResponsesType">
    <xsd:sequence>
      <xsd:element name="response" type="tns:AddressCountryResponseType" minOccurs="1" maxOccurs="1"/>
    </xsd:sequence>
  </xsd:complexType>
  <xsd:complexType name="NationalityResponsesType">
    <xsd:sequence>
      <xsd:element name="response" type="tns:NationalityResponseType" minOccurs="1" maxOccurs="1"/>
    </xsd:sequence>
  </xsd:complexType>
  <xsd:complexType name="NationalitiesResponsesType">
    <xsd:sequence>
      <xsd:element name="response" type="tns:NationalityResponseType" minOccurs="1" maxOccurs="1"/>
    </xsd:sequence>
  </xsd:complexType>
  <xsd:complexType name="NationalityResponseType">
    <xsd:sequence>
      <xsd:element name="nationality" type="csmes:NationalityType" minOccurs="0" maxOccurs="unbounded"/>
      <xsd:element name="exceptions" type="exc:ExceptionsType" minOccurs="0">
        <xsd:annotation>
          <xsd:documentation>Business exceptions that occur when processing the request or response e.g. missing data for a single response element.
						Exceptions at this level may contain back-end specific codes and content.</xsd:documentation>
        </xsd:annotation>
      </xsd:element>
    </xsd:sequence>
  </xsd:complexType>
  <xsd:complexType name="PlaceCountriesResponsesType">
    <xsd:sequence>
      <xsd:element name="response" type="tns:PlaceCountriesResponseType" minOccurs="1" maxOccurs="1"/>
    </xsd:sequence>
  </xsd:complexType>
  <xsd:complexType name="PlaceCountriesResponseType">
    <xsd:sequence>
      <xsd:element name="placeCountry" type="csmes:PlaceCountryType" minOccurs="0" maxOccurs="unbounded"/>
      <xsd:element name="exceptions" type="exc:ExceptionsType" minOccurs="0">
        <xsd:annotation>
          <xsd:documentation>Business exceptions that occur when processing the request or response e.g. missing data for a single response element.
						Exceptions at this level may contain back-end specific codes and content.</xsd:documentation>
        </xsd:annotation>
      </xsd:element>
    </xsd:sequence>
  </xsd:complexType>
  <xsd:complexType name="PlaceCountryResponsesType">
    <xsd:sequence>
      <xsd:element name="response" type="tns:PlaceCountryResponseType" minOccurs="1" maxOccurs="1"/>
    </xsd:sequence>
  </xsd:complexType>
  <xsd:complexType name="PlaceCountryResponseType">
    <xsd:sequence>
      <xsd:element name="placeCountry" type="csmes:PlaceCountryType" minOccurs="0" maxOccurs="unbounded"/>
      <xsd:element name="exceptions" type="exc:ExceptionsType" minOccurs="0">
        <xsd:annotation>
          <xsd:documentation>Business exceptions that occur when processing the request or response e.g. missing data for a single response element.
						Exceptions at this level may contain back-end specific codes and content.</xsd:documentation>
        </xsd:annotation>
      </xsd:element>
    </xsd:sequence>
  </xsd:complexType>
  <!--Element of the request and the response-->
  <xsd:element name="getAllIsoCodesRequest" type="tns:GetAllIsoCodesRequestType"/>
  <xsd:element name="getAllIsoCodesResponse" type="tns:GetAllIsoCodesResponseType"/>
  <xsd:element name="getAllNisCodesRequest" type="tns:GetAllNisCodesRequestType"/>
  <xsd:element name="getAllNisCodesResponse" type="tns:GetAllNisCodesResponseType"/>
  <xsd:element name="getNationalityRequest" type="tns:GetNationalityRequestType"/>
  <xsd:element name="getNationalityResponse" type="tns:GetNationalityResponseType"/>
  <xsd:element name="getNationalitiesRequest" type="tns:GetNationalitiesRequestType"/>
  <xsd:element name="getNationalitiesResponse" type="tns:GetNationalitiesResponseType"/>
  <xsd:element name="getNationalityHistoryRequest" type="tns:GetNationalityHistoryRequestType"/>
  <xsd:element name="getNationalityHistoryResponse" type="tns:GetNationalityHistoryResponseType"/>
  <xsd:element name="getAddressCountryRequest" type="tns:GetAddressCountryRequestType"/>
  <xsd:element name="getAddressCountryResponse" type="tns:GetAddressCountryResponseType"/>
  <xsd:element name="getAddressCountriesRequest" type="tns:GetAddressCountriesRequestType"/>
  <xsd:element name="getAddressCountriesResponse" type="tns:GetAddressCountriesResponseType"/>
  <xsd:element name="getAddressCountryHistoryRequest" type="tns:GetAddressCountryHistoryRequestType"/>
  <xsd:element name="getAddressCountryHistoryResponse" type="tns:GetAddressCountryHistoryResponseType"/>
  <xsd:element name="getPlaceCountryRequest" type="tns:GetPlaceCountryRequestType"/>
  <xsd:element name="getPlaceCountryResponse" type="tns:GetPlaceCountryResponseType"/>
  <xsd:element name="getPlaceCountriesRequest" type="tns:GetPlaceCountriesRequestType"/>
  <xsd:element name="getPlaceCountriesResponse" type="tns:GetPlaceCountriesResponseType"/>
  <xsd:element name="getPlaceCountryHistoryRequest" type="tns:GetPlaceCountryHistoryRequestType"/>
  <xsd:element name="getPlaceCountryHistoryResponse" type="tns:GetPlaceCountryResponseType"/>
</xsd:schema>]]></con:content><con:type>http://www.w3.org/2001/XMLSchema</con:type></con:part><con:part><con:url>file:/home/isr/git/parent/countryservice_1.0/CountryServiceGateway/src/main/resources/wsdl/countryService/1.0.0/messages/baseMessageTypes_v1.xsd</con:url><con:content><![CDATA[<xsd:schema targetNamespace="http://fidus.brussels/type/common/messages/v1" elementFormDefault="qualified" attributeFormDefault="unqualified" version="1.0" xmlns:xsd="http://www.w3.org/2001/XMLSchema" xmlns:cmn="http://fidus.brussels/type/common/v1" xmlns:tns="http://fidus.brussels/type/common/messages/v1">
  <!--Unformatted message Id-->
  <xsd:simpleType name="MessageIdType">
    <xsd:restriction base="xsd:string">
      <xsd:minLength value="1"/>
      <xsd:maxLength value="64"/>
    </xsd:restriction>
  </xsd:simpleType>
  <!--National Number of the person. Format depending on the Register-->
  <xsd:simpleType name="PersonNumberType">
    <xsd:restriction base="xsd:string">
      <xsd:pattern value="[0-9][0-9](([0][0-9])|([1][0-2]))(([0-2][0-9])|([3][0-1]))(([0-9]{2}[1-9])|([0-9][1-9][0-9])|([1-9][0-9]{2}))(([0-8][0-9])|([9][0-7]))">
        <xsd:annotation>
          <xsd:documentation>National Register format</xsd:documentation>
        </xsd:annotation>
      </xsd:pattern>
      <xsd:pattern value="[0-9][0-9](([2][0-9])|([3][0-2]))(([0-2][0-9])|([3][0-1]))[0-9]{3}(([0-8][0-9])|([9][0-7]))">
        <xsd:annotation>
          <xsd:documentation>CBSS Register format: Bis Register</xsd:documentation>
        </xsd:annotation>
      </xsd:pattern>
      <xsd:pattern value="[0-9][0-9](([4][0-9])|([5][0-2]))(([0-2][0-9])|([3][0-1]))[0-9]{3}(([0-8][0-9])|([9][0-7]))">
        <xsd:annotation>
          <xsd:documentation>CBSS Register format: Ter Register</xsd:documentation>
        </xsd:annotation>
      </xsd:pattern>
    </xsd:restriction>
  </xsd:simpleType>
  <!--Request message context-->
  <xsd:complexType name="RequestMessageContextType">
    <xsd:annotation>
      <xsd:documentation>Message context block generated by the consumer.</xsd:documentation>
    </xsd:annotation>
    <xsd:sequence>
      <xsd:element name="messageId" type="tns:MessageIdType">
        <xsd:annotation>
          <xsd:documentation>Consumer must assign their own MessageId reference for the request.</xsd:documentation>
        </xsd:annotation>
      </xsd:element>
      <xsd:element name="timestamp" type="xsd:dateTime" minOccurs="0">
        <xsd:annotation>
          <xsd:documentation>Timestamp when client sent request.</xsd:documentation>
        </xsd:annotation>
      </xsd:element>
    </xsd:sequence>
  </xsd:complexType>
  <!--Response message context-->
  <xsd:complexType name="ResponseMessageContextType">
    <xsd:annotation>
      <xsd:documentation>MessageContext block generated by fidus.</xsd:documentation>
    </xsd:annotation>
    <xsd:sequence>
      <xsd:element name="messageId" type="tns:MessageIdType">
        <xsd:annotation>
          <xsd:documentation>A unique identifier generated by fidus.</xsd:documentation>
        </xsd:annotation>
      </xsd:element>
      <xsd:element name="transactionId" type="tns:MessageIdType">
        <xsd:annotation>
          <xsd:documentation>A unique ID returned to the client for tracing purposes.</xsd:documentation>
        </xsd:annotation>
      </xsd:element>
      <xsd:element name="timestamp" type="xsd:dateTime" minOccurs="0">
        <xsd:annotation>
          <xsd:documentation>Time reply sent by fidus.</xsd:documentation>
        </xsd:annotation>
      </xsd:element>
    </xsd:sequence>
  </xsd:complexType>
  <!--Legal Context : the finality of the Privacy Commission-->
  <xsd:simpleType name="LegalContextType">
    <xsd:restriction base="xsd:string">
      <xsd:minLength value="1"/>
      <xsd:maxLength value="64"/>
    </xsd:restriction>
  </xsd:simpleType>
  <xsd:complexType name="UserContextType">
    <xsd:annotation>
      <xsd:documentation>The user context defines information regarding the actual user performing a request.</xsd:documentation>
    </xsd:annotation>
    <xsd:sequence>
      <xsd:element name="language" type="xsd:language" nillable="true">
        <xsd:annotation>
          <xsd:documentation>The preferred language of the actual user performing the request.
						This influences the language in which response elements are cast.</xsd:documentation>
        </xsd:annotation>
      </xsd:element>
    </xsd:sequence>
  </xsd:complexType>
</xsd:schema>]]></con:content><con:type>http://www.w3.org/2001/XMLSchema</con:type></con:part><con:part><con:url>file:/home/isr/git/parent/countryservice_1.0/CountryServiceGateway/src/main/resources/wsdl/countryService/1.0.0/messages/exceptionTypes_v1.xsd</con:url><con:content><![CDATA[<xsd:schema targetNamespace="http://fidus.brussels/type/common/exceptions/v1" elementFormDefault="qualified" attributeFormDefault="unqualified" version="1.0" xmlns:xsd="http://www.w3.org/2001/XMLSchema" xmlns:tns="http://fidus.brussels/type/common/exceptions/v1">
  <!--Basic error typed-->
  <xsd:complexType name="ExceptionsType">
    <xsd:sequence>
      <xsd:element name="exception" type="tns:ExceptionType" maxOccurs="unbounded"/>
    </xsd:sequence>
  </xsd:complexType>
  <xsd:complexType name="ExceptionType">
    <xsd:sequence>
      <xsd:element name="type" type="tns:ExceptionClassType"/>
      <xsd:element name="code" type="tns:ExceptionCodeType"/>
      <xsd:element name="source" type="tns:ExceptionSourceType"/>
      <xsd:element name="description" type="tns:ExceptionDescriptionType"/>
    </xsd:sequence>
  </xsd:complexType>
  <xsd:simpleType name="ExceptionClassType">
    <xsd:restriction base="xsd:string">
      <xsd:enumeration value="ERROR"/>
      <xsd:enumeration value="WARNING"/>
      <xsd:enumeration value="INFO"/>
    </xsd:restriction>
  </xsd:simpleType>
  <xsd:simpleType name="ExceptionCodeType">
    <xsd:restriction base="xsd:string">
      <xsd:maxLength value="20"/>
    </xsd:restriction>
  </xsd:simpleType>
  <xsd:simpleType name="ExceptionSourceType">
    <xsd:restriction base="xsd:string">
      <xsd:maxLength value="20"/>
    </xsd:restriction>
  </xsd:simpleType>
  <xsd:simpleType name="ExceptionDescriptionType">
    <xsd:restriction base="xsd:string"/>
  </xsd:simpleType>
</xsd:schema>]]></con:content><con:type>http://www.w3.org/2001/XMLSchema</con:type></con:part><con:part><con:url>file:/home/isr/git/parent/countryservice_1.0/CountryServiceGateway/src/main/resources/wsdl/countryService/1.0.0/country/external.xsd</con:url><con:content><![CDATA[<xs:schema targetNamespace="http://fsb.belgium.be/mappingServices/data/country/v1_00" elementFormDefault="qualified" attributeFormDefault="unqualified" xmlns:xs="http://www.w3.org/2001/XMLSchema" xmlns:cou="http://fsb.belgium.be/mappingServices/data/country/v1_00" xmlns:sim="http://fsb.belgium.be/mappingServices/data/simple/v1_00">
  <xs:annotation>
    <xs:documentation xml:lang="en">Schema version: 1.0
            Date: 2012-02-20
            Author: Ignaz Wanders

			Definition of country-related elements, as relevant to external users of the service.</xs:documentation>
  </xs:annotation>
  <xs:include schemaLocation="country.xsd"/>
</xs:schema>]]></con:content><con:type>http://www.w3.org/2001/XMLSchema</con:type></con:part><con:part><con:url>file:/home/isr/git/parent/countryservice_1.0/CountryServiceGateway/src/main/resources/wsdl/countryService/1.0.0/country/country.xsd</con:url><con:content><![CDATA[<xs:schema targetNamespace="http://fsb.belgium.be/mappingServices/data/country/v1_00" elementFormDefault="qualified" attributeFormDefault="unqualified" xmlns:xs="http://www.w3.org/2001/XMLSchema" xmlns:cou="http://fsb.belgium.be/mappingServices/data/country/v1_00" xmlns:sim="http://fsb.belgium.be/mappingServices/data/simple/v1_00">
  <xs:annotation>
    <xs:documentation xml:lang="en">Schema version: 1.0
            Date: 2011-02-07
            Author: Ignaz Wanders

			Definition of geographical regions. Regions are termed countries for the sake
			of understanding, but it must be kept in mind that a region does not necessarily
			correspond to the political boundaries that define the everyday use of the term country.
			
			Note that the ISO-3166 codes are also based on "geographical regions of special interest," 
			and not on political boundaries.</xs:documentation>
  </xs:annotation>
  <xs:import namespace="http://fsb.belgium.be/mappingServices/data/simple/v1_00" schemaLocation="simpleTypes.xsd"/>
  <xs:complexType name="IsoType">
    <xs:annotation>
      <xs:documentation xml:lang="en">The ISO type of a country consists of one or more names, as well as codes in different formats.
                
                Currently, the ISO country names are published in English and French only.</xs:documentation>
    </xs:annotation>
    <xs:sequence>
      <xs:element name="name" type="sim:NameType" maxOccurs="unbounded"/>
      <xs:element name="iso-alpha2" type="cou:ISO_3166-1_Alpha2Type" maxOccurs="unbounded"/>
      <xs:element name="iso-alpha3" type="cou:ISO_3166-1_Alpha3Type" maxOccurs="unbounded"/>
      <xs:element name="iso-numeric3" type="cou:ISO_3166-1_Numeric3Type" maxOccurs="unbounded"/>
    </xs:sequence>
  </xs:complexType>
  <xs:complexType name="NisType">
    <xs:annotation>
      <xs:documentation xml:lang="en">The NIS type of a country consists of one or more names, as well as a code in three digits.</xs:documentation>
    </xs:annotation>
    <xs:sequence>
      <xs:element name="name" type="sim:NameType" maxOccurs="unbounded"/>
      <xs:element name="nis-numeric3" type="cou:NIS_Numeric3Type" maxOccurs="unbounded"/>
    </xs:sequence>
  </xs:complexType>
  <xs:complexType name="ISO_3166-1_Alpha2Type">
    <xs:annotation>
      <xs:documentation xml:lang="en">ISO country codes in the ISO 3166-1 two-letter format.
                For a complete list, see
                http://www.iso.org/iso/en/prods-services/iso3166ma/02iso-3166-code-lists/index.html

                Validation rules:
                - two to four upper case letters

                Regular expression: [A-Z]{2}

                Examples: BE, NL, FR, DE, GB, ES, ...
                (Note that UK is not a valid country code!)</xs:documentation>
    </xs:annotation>
    <xs:simpleContent>
      <xs:restriction base="sim:CodeValueType">
        <xs:pattern value="[A-Z]{2}"/>
      </xs:restriction>
    </xs:simpleContent>
  </xs:complexType>
  <xs:complexType name="ISO_3166-1_Alpha3Type">
    <xs:annotation>
      <xs:documentation xml:lang="en">ISO country codes in the ISO 3166-1 three-letter format.
                For a complete list, see
                http://www.iso.org/iso/en/prods-services/iso3166ma/02iso-3166-code-lists/index.html

                Validation rules:
                - two to four upper case letters

                Regular expression: [A-Z]{3}

                Examples: BEL, NLD, FRA, DEU, ...</xs:documentation>
    </xs:annotation>
    <xs:simpleContent>
      <xs:restriction base="sim:CodeValueType">
        <xs:pattern value="[A-Z]{3}"/>
      </xs:restriction>
    </xs:simpleContent>
  </xs:complexType>
  <xs:complexType name="ISO_3166-1_Numeric3Type">
    <xs:annotation>
      <xs:documentation xml:lang="en">ISO country codes in the ISO 3166-1 three-digit format.
                For a complete list, see
                http://www.iso.org/iso/en/prods-services/iso3166ma/02iso-3166-code-lists/index.html
                The ISO standards permit certain two-letter codes to be customized by users.

                Historic country codes use the ISO-3166-3 four-letter format.
                For a list, see http://www.iso.org/iso/country_codes/background_on_iso_3166/iso_3166-3.htm

                Validation rules:
                - two to four upper case letters

                Regular expression: [0-9]{3}

                Examples: 056, 528, ...</xs:documentation>
    </xs:annotation>
    <xs:simpleContent>
      <xs:restriction base="sim:CodeValueType">
        <xs:pattern value="[0-9]{3}"/>
      </xs:restriction>
    </xs:simpleContent>
  </xs:complexType>
  <xs:complexType name="NIS_Numeric3Type">
    <xs:annotation>
      <xs:documentation xml:lang="en">NIS country codes in the three-digit format.
                
                Validation rules:
                - three digits

                Regular expression: [0-9]{3}

                Examples: 150, ...</xs:documentation>
    </xs:annotation>
    <xs:simpleContent>
      <xs:restriction base="sim:CodeValueType">
        <xs:pattern value="[0-9]{3}"/>
      </xs:restriction>
    </xs:simpleContent>
  </xs:complexType>
  <xs:complexType name="TerritoryType">
    <xs:annotation>
      <xs:documentation xml:lang="en">A territory is a geographic region of "special interest."
                It is chosen such that if a region has a code, either ISO or NIS, 
                it is considered a separate territory.
                
                A territory has language-dependent names, an optional ISO code and 
                an optional NIS code.
                
                A territory may exist of subterritories. (For example, there exist
                ISO codes, other than 3166-1, which are used for regions within regions.)
                
                An identified territory has an optional start date and an optional end date.
                These are relevant when regions split or merge. If a date is not given, it
                is undefined but considered in the past for a start date, and in the future
                for an end date.</xs:documentation>
    </xs:annotation>
    <xs:sequence>
      <xs:element name="name" type="sim:NameType" maxOccurs="unbounded"/>
      <xs:element name="iso" type="cou:IsoType" minOccurs="0"/>
      <xs:element name="nis" type="cou:NisType" minOccurs="0"/>
      <xs:element name="subTerritory" type="cou:TerritoryType" minOccurs="0" maxOccurs="unbounded"/>
    </xs:sequence>
    <xs:attribute name="startDate" type="xs:date" use="optional"/>
    <xs:attribute name="endDate" type="xs:date" use="optional"/>
  </xs:complexType>
</xs:schema>]]></con:content><con:type>http://www.w3.org/2001/XMLSchema</con:type></con:part><con:part><con:url>file:/home/isr/git/parent/countryservice_1.0/CountryServiceGateway/src/main/resources/wsdl/countryService/1.0.0/country/simpleTypes.xsd</con:url><con:content><![CDATA[<xs:schema targetNamespace="http://fsb.belgium.be/mappingServices/data/simple/v1_00" elementFormDefault="qualified" attributeFormDefault="unqualified" version="1.00" xmlns:xs="http://www.w3.org/2001/XMLSchema" xmlns:sim="http://fsb.belgium.be/mappingServices/data/simple/v1_00">
  <xs:annotation>
    <xs:documentation>Definitions of simple types with restrictions/extensions and
			complex types with simple content with attribute values.</xs:documentation>
  </xs:annotation>
  <xs:simpleType name="EmptyStringType">
    <xs:annotation>
      <xs:documentation>A string, which is empty.</xs:documentation>
    </xs:annotation>
    <xs:restriction base="xs:string">
      <xs:length value="0"/>
    </xs:restriction>
  </xs:simpleType>
  <xs:simpleType name="NonEmptyStringType">
    <xs:annotation>
      <xs:documentation>A string, which is at least one character long, and cannot
				start with whitespace.</xs:documentation>
    </xs:annotation>
    <xs:restriction base="xs:string">
      <xs:pattern value="[^\s].*"/>
    </xs:restriction>
  </xs:simpleType>
  <xs:complexType name="StringWithValidityPeriodType">
    <xs:annotation>
      <xs:documentation>A non-empty string, with optional attributes defining a validity period.</xs:documentation>
    </xs:annotation>
    <xs:simpleContent>
      <xs:extension base="sim:NonEmptyStringType">
        <xs:attribute name="startDate" type="xs:date" use="optional">
          <xs:annotation>
            <xs:documentation>Must be a valid date. 
		        			If omitted, the startDate is considered to be undefined, but in the past.</xs:documentation>
          </xs:annotation>
        </xs:attribute>
        <xs:attribute name="endDate" type="xs:date" use="optional">
          <xs:annotation>
            <xs:documentation>Must be a valid date. 
		        			If omitted, the endDate is considered to be undefined, but in the future.</xs:documentation>
          </xs:annotation>
        </xs:attribute>
      </xs:extension>
    </xs:simpleContent>
  </xs:complexType>
  <xs:complexType name="CodeValueType">
    <xs:annotation>
      <xs:documentation>A code value generally has a validity period, plus a status.</xs:documentation>
    </xs:annotation>
    <xs:simpleContent>
      <xs:extension base="sim:StringWithValidityPeriodType">
        <xs:attribute name="status" type="xs:string" use="optional">
          <xs:annotation>
            <xs:documentation>The possible status values depend on the type of the code.
		        			They are not enumerated here.</xs:documentation>
          </xs:annotation>
        </xs:attribute>
      </xs:extension>
    </xs:simpleContent>
  </xs:complexType>
  <xs:complexType name="NameType">
    <xs:annotation>
      <xs:documentation>A name, with an attribute defining the language in which it is cast.</xs:documentation>
    </xs:annotation>
    <xs:simpleContent>
      <xs:extension base="sim:NonEmptyStringType">
        <xs:attribute name="language" type="xs:language" use="optional">
          <xs:annotation>
            <xs:documentation>Defines the language in which the name is given</xs:documentation>
          </xs:annotation>
        </xs:attribute>
        <xs:attribute name="shortName" type="xs:string" use="optional">
          <xs:annotation>
            <xs:documentation>In some cases, an abbreviated or more commonly used name is of interest, as well as the full name</xs:documentation>
          </xs:annotation>
        </xs:attribute>
      </xs:extension>
    </xs:simpleContent>
  </xs:complexType>
</xs:schema>]]></con:content><con:type>http://www.w3.org/2001/XMLSchema</con:type></con:part><con:part><con:url>file:/home/isr/git/parent/countryservice_1.0/CountryServiceGateway/src/main/resources/wsdl/countryService/1.0.0/country/countryServiceMessages.xsd</con:url><con:content><![CDATA[<xs:schema targetNamespace="http://fsb.belgium.be/mappingServices/countryService/messages/v1_00" elementFormDefault="qualified" attributeFormDefault="unqualified" version="2.00" xmlns:xs="http://www.w3.org/2001/XMLSchema" xmlns:mes="http://fsb.belgium.be/mappingServices/countryService/messages/v1_00" xmlns:soapenv="http://schemas.xmlsoap.org/soap/envelope/" xmlns:sim="http://fsb.belgium.be/mappingServices/data/simple/v1_00" xmlns:cou="http://fsb.belgium.be/mappingServices/data/country/v1_00">
  <xs:import namespace="http://fsb.belgium.be/mappingServices/data/simple/v1_00" schemaLocation="simpleTypes.xsd"/>
  <xs:import namespace="http://fsb.belgium.be/mappingServices/data/country/v1_00" schemaLocation="external.xsd"/>
  <xs:annotation>
    <xs:documentation>Definition of the request and response messages used by the country service.</xs:documentation>
  </xs:annotation>
  <xs:element name="getAllIsoCodesRequest" type="mes:ReferenceDateType"/>
  <xs:element name="getAllIsoCodesResponse" type="mes:IsoCodesType"/>
  <xs:element name="getAllNisCodesRequest" type="mes:ReferenceDateType"/>
  <xs:element name="getAllNisCodesResponse" type="mes:NisCodesType"/>
  <xs:complexType name="ReferenceDateType">
    <xs:annotation>
      <xs:documentation></xs:documentation>
    </xs:annotation>
    <xs:sequence>
      <xs:element name="referenceDate" type="xs:date" minOccurs="0"/>
    </xs:sequence>
  </xs:complexType>
  <xs:complexType name="IsoCodesType">
    <xs:annotation>
      <xs:documentation></xs:documentation>
    </xs:annotation>
    <xs:sequence>
      <xs:element name="iso" type="cou:IsoType" maxOccurs="unbounded"/>
    </xs:sequence>
  </xs:complexType>
  <xs:complexType name="NisCodesType">
    <xs:annotation>
      <xs:documentation></xs:documentation>
    </xs:annotation>
    <xs:sequence>
      <xs:element name="nis" type="cou:NisType" maxOccurs="unbounded"/>
    </xs:sequence>
  </xs:complexType>
  <xs:complexType name="BusinessEntityType">
    <xs:annotation>
      <xs:documentation xml:lang="en">...</xs:documentation>
    </xs:annotation>
    <xs:sequence></xs:sequence>
    <xs:attribute name="startDate" type="xs:date" use="optional"/>
    <xs:attribute name="endDate" type="xs:date" use="optional"/>
    <xs:attribute name="version" type="xs:string" use="optional"/>
    <xs:attribute name="modificationDate" type="xs:date" use="optional"/>
  </xs:complexType>
  <xs:element name="getNationalityRequest" type="mes:NationalityRequestType"/>
  <xs:element name="getNationalityResponse" type="mes:NationalitiesType"/>
  <xs:element name="getNationalitiesRequest" type="mes:ReferenceDateType"/>
  <xs:element name="getNationalitiesResponse" type="mes:NationalitiesType"/>
  <xs:element name="getNationalityHistoryRequest" type="mes:NationalityHistoryRequestType"/>
  <xs:element name="getNationalityHistoryResponse" type="mes:NationalitiesType"/>
  <xs:complexType name="NationalityRequestType">
    <xs:annotation>
      <xs:documentation></xs:documentation>
    </xs:annotation>
    <xs:sequence>
      <xs:choice>
        <xs:element name="iso-alpha2" type="cou:ISO_3166-1_Alpha2Type"/>
        <xs:element name="iso-alpha3" type="cou:ISO_3166-1_Alpha3Type"/>
        <xs:element name="iso-num3" type="cou:ISO_3166-1_Numeric3Type"/>
        <xs:element name="nis-num3" type="cou:NIS_Numeric3Type"/>
      </xs:choice>
    </xs:sequence>
  </xs:complexType>
  <xs:complexType name="NationalitiesType">
    <xs:annotation>
      <xs:documentation></xs:documentation>
    </xs:annotation>
    <xs:sequence>
      <xs:element name="nationality" type="mes:NationalityType" minOccurs="0" maxOccurs="unbounded"/>
    </xs:sequence>
  </xs:complexType>
  <xs:complexType name="NationalityType">
    <xs:annotation>
      <xs:documentation></xs:documentation>
    </xs:annotation>
    <xs:complexContent>
      <xs:extension base="mes:BusinessEntityType">
        <xs:sequence>
          <xs:element name="name" type="sim:NameType" maxOccurs="unbounded"/>
          <xs:element name="mainTerritory" type="cou:TerritoryType"/>
          <xs:element name="subTerritory" type="cou:TerritoryType" minOccurs="0" maxOccurs="unbounded"/>
        </xs:sequence>
      </xs:extension>
    </xs:complexContent>
  </xs:complexType>
  <xs:complexType name="NationalityHistoryRequestType">
    <xs:annotation>
      <xs:documentation></xs:documentation>
    </xs:annotation>
    <xs:sequence>
      <xs:choice>
        <xs:element name="iso-alpha3" type="cou:ISO_3166-1_Alpha3Type"/>
      </xs:choice>
      <xs:element name="referenceDate" type="xs:date" minOccurs="0"/>
    </xs:sequence>
  </xs:complexType>
  <xs:element name="getAddressCountryRequest" type="mes:AddressCountryRequestType"/>
  <xs:element name="getAddressCountryResponse" type="mes:AddressCountriesType"/>
  <xs:element name="getAddressCountriesRequest" type="mes:ReferenceDateType"/>
  <xs:element name="getAddressCountriesResponse" type="mes:AddressCountriesType"/>
  <xs:element name="getAddressCountryHistoryRequest" type="mes:AddressCountryHistoryRequestType"/>
  <xs:element name="getAddressCountryHistoryResponse" type="mes:AddressCountriesType"/>
  <xs:complexType name="AddressCountryRequestType">
    <xs:annotation>
      <xs:documentation></xs:documentation>
    </xs:annotation>
    <xs:sequence>
      <xs:choice>
        <xs:element name="iso-alpha2" type="cou:ISO_3166-1_Alpha2Type"/>
        <xs:element name="iso-alpha3" type="cou:ISO_3166-1_Alpha3Type"/>
        <xs:element name="iso-num3" type="cou:ISO_3166-1_Numeric3Type"/>
        <xs:element name="nis-num3" type="cou:NIS_Numeric3Type"/>
      </xs:choice>
    </xs:sequence>
  </xs:complexType>
  <xs:complexType name="AddressCountriesType">
    <xs:annotation>
      <xs:documentation></xs:documentation>
    </xs:annotation>
    <xs:sequence>
      <xs:element name="addressCountry" type="mes:AddressCountryType" minOccurs="0" maxOccurs="unbounded"/>
    </xs:sequence>
  </xs:complexType>
  <xs:complexType name="AddressCountryType">
    <xs:annotation>
      <xs:documentation></xs:documentation>
    </xs:annotation>
    <xs:complexContent>
      <xs:extension base="mes:BusinessEntityType">
        <xs:sequence>
          <xs:element name="name" type="sim:NameType" maxOccurs="unbounded"/>
          <xs:element name="mainTerritory" type="cou:TerritoryType"/>
          <xs:element name="subTerritory" type="cou:TerritoryType" minOccurs="0" maxOccurs="unbounded"/>
        </xs:sequence>
      </xs:extension>
    </xs:complexContent>
  </xs:complexType>
  <xs:complexType name="AddressCountryHistoryRequestType">
    <xs:annotation>
      <xs:documentation></xs:documentation>
    </xs:annotation>
    <xs:sequence>
      <xs:element name="iso-alpha2" type="cou:ISO_3166-1_Alpha2Type"/>
      <xs:element name="referenceDate" type="xs:date" minOccurs="0"/>
    </xs:sequence>
  </xs:complexType>
  <xs:element name="getPlaceCountryRequest" type="mes:PlaceCountryRequestType"/>
  <xs:element name="getPlaceCountryResponse" type="mes:PlaceCountriesType"/>
  <xs:element name="getPlaceCountriesRequest" type="mes:ReferenceDateType"/>
  <xs:element name="getPlaceCountriesResponse" type="mes:PlaceCountriesType"/>
  <xs:element name="getPlaceCountryHistoryRequest" type="mes:PlaceCountryHistoryRequestType"/>
  <xs:element name="getPlaceCountryHistoryResponse" type="mes:PlaceCountriesType"/>
  <xs:complexType name="PlaceCountryRequestType">
    <xs:annotation>
      <xs:documentation></xs:documentation>
    </xs:annotation>
    <xs:sequence>
      <xs:choice>
        <xs:element name="iso-alpha2" type="cou:ISO_3166-1_Alpha2Type"/>
        <xs:element name="iso-alpha3" type="cou:ISO_3166-1_Alpha3Type"/>
        <xs:element name="iso-num3" type="cou:ISO_3166-1_Numeric3Type"/>
        <xs:element name="nis-num3" type="cou:NIS_Numeric3Type"/>
      </xs:choice>
    </xs:sequence>
  </xs:complexType>
  <xs:complexType name="PlaceCountriesType">
    <xs:annotation>
      <xs:documentation></xs:documentation>
    </xs:annotation>
    <xs:sequence>
      <xs:element name="placeCountry" type="mes:PlaceCountryType" minOccurs="0" maxOccurs="unbounded"/>
    </xs:sequence>
  </xs:complexType>
  <xs:complexType name="PlaceCountryType">
    <xs:annotation>
      <xs:documentation></xs:documentation>
    </xs:annotation>
    <xs:complexContent>
      <xs:extension base="mes:BusinessEntityType">
        <xs:sequence>
          <xs:element name="name" type="sim:NameType" maxOccurs="unbounded"/>
          <xs:element name="mainTerritory" type="cou:TerritoryType"/>
          <xs:element name="subTerritory" type="cou:TerritoryType" minOccurs="0" maxOccurs="unbounded"/>
        </xs:sequence>
      </xs:extension>
    </xs:complexContent>
  </xs:complexType>
  <xs:complexType name="PlaceCountryHistoryRequestType">
    <xs:annotation>
      <xs:documentation></xs:documentation>
    </xs:annotation>
    <xs:sequence>
      <xs:element name="iso-alpha2" type="cou:ISO_3166-1_Alpha2Type"/>
      <xs:element name="referenceDate" type="xs:date" minOccurs="0"/>
    </xs:sequence>
  </xs:complexType>
</xs:schema>]]></con:content><con:type>http://www.w3.org/2001/XMLSchema</con:type></con:part></con:definitionCache><con:endpoints><con:endpoint>http://fidus.brussels/services/countryservice/v1</con:endpoint><con:endpoint>http://localhost.localdomain:8088/mockCountryServiceHTTPBinding</con:endpoint><con:endpoint>https://192.168.24.16:8443/services/CountryService_v1.0</con:endpoint><con:endpoint>https://192.168.24.17:8443/services/CountryService_v1.0</con:endpoint><con:endpoint>https://192.168.36.61:8243/services/CountryService_v1.0</con:endpoint><con:endpoint>https://fidus-esb-sg.sta.srv.cirb.lan:8443/services/CountryService_v1.0</con:endpoint><con:endpoint>https://fidus.irisnetlab.be/services/CountryService_v1.0</con:endpoint><con:endpoint>https://fidus.sec.brussels/services/CountryService_v1.0</con:endpoint><con:endpoint>https://localhost:8243/services/CountryService_v1.9</con:endpoint></con:endpoints><con:operation id="c7de3639-11f9-4eaa-95eb-b06853bd53a6" isOneWay="false" action="http://fidus.brussels/services/countryservice/getAddressCountries" name="getAddressCountries" bindingOperationName="getAddressCountries" type="Request-Response" inputName="" receivesAttachments="false" sendsAttachments="false" anonymous="optional"><con:settings/><con:call id="ade548af-db49-4392-a1c7-f98910a004d1" name="01 - Local - Request" outgoingWss="Outflow DEV" incomingWss="Inflow DEV"><con:settings><con:setting id="com.eviware.soapui.impl.wsdl.WsdlRequest@request-headers">&lt;xml-fragment/></con:setting></con:settings><con:encoding>UTF-8</con:encoding><con:endpoint>https://localhost:8243/services/CountryService_v1.0</con:endpoint><con:request><![CDATA[<soapenv:Envelope xmlns:soapenv="http://schemas.xmlsoap.org/soap/envelope/" xmlns:v1="http://fidus.brussels/service/countryservice/messages/v1" xmlns:v11="http://fidus.brussels/type/common/messages/v1">
   <soapenv:Header/>
   <soapenv:Body>
      <v1:getAddressCountriesRequest>
         <v1:messageContext>
            <v11:messageId>${=import static java.util.UUID.randomUUID; uuid = randomUUID() as String}</v11:messageId>
            <!--Optional:-->
            <v11:timestamp>${=new java.text.SimpleDateFormat("yyyy-MM-dd'T'HH:mm:ss.SSS").format(new Date())}</v11:timestamp>
         </v1:messageContext>
         <v1:legalContext>ServiceIntegrator</v1:legalContext>
         <v1:request>
            <!--Optional:-->
            <v1:referenceDate>2016-10-10</v1:referenceDate>
         </v1:request>
      </v1:getAddressCountriesRequest>
   </soapenv:Body>
</soapenv:Envelope>]]></con:request><con:credentials><con:selectedAuthProfile>Basic</con:selectedAuthProfile><con:addedBasicAuthenticationTypes>Basic</con:addedBasicAuthenticationTypes><con:authType>Global HTTP Settings</con:authType></con:credentials><con:jmsConfig JMSDeliveryMode="PERSISTENT"/><con:jmsPropertyConfig/><con:wsaConfig mustUnderstand="NONE" version="200508" action="http://fidus.brussels/services/countryservice/getAddressCountries"/><con:wsrmConfig version="1.2"/></con:call><con:call id="1fdb6037-7cce-4574-b2c3-08b1c013db81" name="01 - Local - Request-Invalid_date" outgoingWss="Outflow DEV" incomingWss="Inflow DEV"><con:settings><con:setting id="com.eviware.soapui.impl.wsdl.WsdlRequest@request-headers">&lt;xml-fragment/></con:setting></con:settings><con:encoding>UTF-8</con:encoding><con:endpoint>https://localhost:8243/services/CountryService_v1.0</con:endpoint><con:request><![CDATA[<soapenv:Envelope xmlns:soapenv="http://schemas.xmlsoap.org/soap/envelope/" xmlns:v1="http://fidus.brussels/service/countryservice/messages/v1" xmlns:v11="http://fidus.brussels/type/common/messages/v1">
   <soapenv:Header/>
   <soapenv:Body>
      <v1:getAddressCountriesRequest>
         <v1:messageContext>
            <v11:messageId>${=import static java.util.UUID.randomUUID; uuid = randomUUID() as String}</v11:messageId>
            <!--Optional:-->
            <v11:timestamp>${=new java.text.SimpleDateFormat("yyyy-MM-dd'T'HH:mm:ss.SSS").format(new Date())}</v11:timestamp>
         </v1:messageContext>
         <v1:legalContext>ServiceIntegrator</v1:legalContext>
         <v1:request>
            <!--Optional:-->
            <v1:referenceDate>2016-12-35</v1:referenceDate>
         </v1:request>
      </v1:getAddressCountriesRequest>
   </soapenv:Body>
</soapenv:Envelope>]]></con:request><con:credentials><con:selectedAuthProfile>Basic</con:selectedAuthProfile><con:addedBasicAuthenticationTypes>Basic</con:addedBasicAuthenticationTypes><con:authType>Global HTTP Settings</con:authType></con:credentials><con:jmsConfig JMSDeliveryMode="PERSISTENT"/><con:jmsPropertyConfig/><con:wsaConfig mustUnderstand="NONE" version="200508" action="http://fidus.brussels/services/countryservice/getAddressCountries"/><con:wsrmConfig version="1.2"/></con:call><con:call id="3169e68b-d25c-4d59-befe-1a6cdc95aef2" name="03 - Test Worker1 - Request" outgoingWss="Outflow TEST" incomingWss="Inflow TEST"><con:settings><con:setting id="com.eviware.soapui.impl.wsdl.WsdlRequest@request-headers">&lt;xml-fragment/></con:setting></con:settings><con:encoding>UTF-8</con:encoding><con:endpoint>https://192.168.24.16:8443/services/CountryService_v1.0</con:endpoint><con:request><![CDATA[<soapenv:Envelope xmlns:soapenv="http://schemas.xmlsoap.org/soap/envelope/" xmlns:v1="http://fidus.brussels/service/countryservice/messages/v1" xmlns:v11="http://fidus.brussels/type/common/messages/v1">
   <soapenv:Header/>
   <soapenv:Body>
      <v1:getAddressCountriesRequest>
         <v1:messageContext>
            <v11:messageId>${=import static java.util.UUID.randomUUID; uuid = randomUUID() as String}</v11:messageId>
            <!--Optional:-->
            <v11:timestamp>${=new java.text.SimpleDateFormat("yyyy-MM-dd'T'HH:mm:ss.SSS").format(new Date())}</v11:timestamp>
         </v1:messageContext>
         <v1:legalContext>ServiceIntegrator</v1:legalContext>
         <v1:request>
            <!--Optional:-->
            <v1:referenceDate>2016-10-10</v1:referenceDate>
         </v1:request>
      </v1:getAddressCountriesRequest>
   </soapenv:Body>
</soapenv:Envelope>]]></con:request><con:credentials><con:selectedAuthProfile>Basic</con:selectedAuthProfile><con:addedBasicAuthenticationTypes>Basic</con:addedBasicAuthenticationTypes><con:authType>Global HTTP Settings</con:authType></con:credentials><con:jmsConfig JMSDeliveryMode="PERSISTENT"/><con:jmsPropertyConfig/><con:wsaConfig mustUnderstand="NONE" version="200508" action="http://fidus.brussels/services/countryservice/getAddressCountries"/><con:wsrmConfig version="1.2"/></con:call><con:call id="9a9ff1e5-11c3-4dcd-8863-bc5b67c60ee8" name="02 - Dev - Request" outgoingWss="Outflow DEV" incomingWss="Inflow DEV"><con:settings><con:setting id="com.eviware.soapui.impl.wsdl.WsdlRequest@request-headers">&lt;xml-fragment/></con:setting></con:settings><con:encoding>UTF-8</con:encoding><con:endpoint>https://192.168.36.61:8243/services/CountryService_v1.0</con:endpoint><con:request><![CDATA[<soapenv:Envelope xmlns:soapenv="http://schemas.xmlsoap.org/soap/envelope/" xmlns:v1="http://fidus.brussels/service/countryservice/messages/v1" xmlns:v11="http://fidus.brussels/type/common/messages/v1">
   <soapenv:Header/>
   <soapenv:Body>
      <v1:getAddressCountriesRequest>
         <v1:messageContext>
            <v11:messageId>${=import static java.util.UUID.randomUUID; uuid = randomUUID() as String}</v11:messageId>
            <!--Optional:-->
            <v11:timestamp>${=new java.text.SimpleDateFormat("yyyy-MM-dd'T'HH:mm:ss.SSS").format(new Date())}</v11:timestamp>
         </v1:messageContext>
         <v1:legalContext>ServiceIntegrator</v1:legalContext>
         <v1:request>
            <!--Optional:-->
            <v1:referenceDate>2016-10-10</v1:referenceDate>
         </v1:request>
      </v1:getAddressCountriesRequest>
   </soapenv:Body>
</soapenv:Envelope>]]></con:request><con:credentials><con:selectedAuthProfile>Basic</con:selectedAuthProfile><con:addedBasicAuthenticationTypes>Basic</con:addedBasicAuthenticationTypes><con:authType>Global HTTP Settings</con:authType></con:credentials><con:jmsConfig JMSDeliveryMode="PERSISTENT"/><con:jmsPropertyConfig/><con:wsaConfig mustUnderstand="NONE" version="200508" action="http://fidus.brussels/services/countryservice/getAddressCountries"/><con:wsrmConfig version="1.2"/></con:call><con:call id="e6ec12a5-ba29-46e8-827a-67d49db5dcbc" name="03 - Test Worker2 - Request" outgoingWss="Outflow TEST" incomingWss="Inflow TEST"><con:settings><con:setting id="com.eviware.soapui.impl.wsdl.WsdlRequest@request-headers">&lt;xml-fragment/></con:setting></con:settings><con:encoding>UTF-8</con:encoding><con:endpoint>https://192.168.24.17:8443/services/CountryService_v1.0</con:endpoint><con:request><![CDATA[<soapenv:Envelope xmlns:soapenv="http://schemas.xmlsoap.org/soap/envelope/" xmlns:v1="http://fidus.brussels/service/countryservice/messages/v1" xmlns:v11="http://fidus.brussels/type/common/messages/v1">
   <soapenv:Header/>
   <soapenv:Body>
      <v1:getAddressCountriesRequest>
         <v1:messageContext>
            <v11:messageId>${=import static java.util.UUID.randomUUID; uuid = randomUUID() as String}</v11:messageId>
            <!--Optional:-->
            <v11:timestamp>${=new java.text.SimpleDateFormat("yyyy-MM-dd'T'HH:mm:ss.SSS").format(new Date())}</v11:timestamp>
         </v1:messageContext>
         <v1:legalContext>ServiceIntegrator</v1:legalContext>
         <v1:request>
            <!--Optional:-->
            <v1:referenceDate>2016-10-10</v1:referenceDate>
         </v1:request>
      </v1:getAddressCountriesRequest>
   </soapenv:Body>
</soapenv:Envelope>]]></con:request><con:credentials><con:selectedAuthProfile>Basic</con:selectedAuthProfile><con:addedBasicAuthenticationTypes>Basic</con:addedBasicAuthenticationTypes><con:authType>Global HTTP Settings</con:authType></con:credentials><con:jmsConfig JMSDeliveryMode="PERSISTENT"/><con:jmsPropertyConfig/><con:wsaConfig mustUnderstand="NONE" version="200508" action="http://fidus.brussels/services/countryservice/getAddressCountries"/><con:wsrmConfig version="1.2"/></con:call><con:call id="56087fb3-5d9f-4eaf-b81c-e50293dd98af" name="03 - Test External - Request" outgoingWss="Outflow TEST" incomingWss="Inflow TEST"><con:settings><con:setting id="com.eviware.soapui.impl.wsdl.WsdlRequest@request-headers">&lt;xml-fragment/></con:setting></con:settings><con:encoding>UTF-8</con:encoding><con:endpoint>https://fidus-test.irisnetlab.be/services/CountryService_v1.0</con:endpoint><con:request><![CDATA[<soapenv:Envelope xmlns:soapenv="http://schemas.xmlsoap.org/soap/envelope/" xmlns:v1="http://fidus.brussels/service/countryservice/messages/v1" xmlns:v11="http://fidus.brussels/type/common/messages/v1">
   <soapenv:Header/>
   <soapenv:Body>
      <v1:getAddressCountriesRequest>
         <v1:messageContext>
            <v11:messageId>${=import static java.util.UUID.randomUUID; uuid = randomUUID() as String}</v11:messageId>
            <!--Optional:-->
            <v11:timestamp>${=new java.text.SimpleDateFormat("yyyy-MM-dd'T'HH:mm:ss.SSS").format(new Date())}</v11:timestamp>
         </v1:messageContext>
         <v1:legalContext>ServiceIntegrator</v1:legalContext>
         <v1:request>
            <!--Optional:-->
            <v1:referenceDate>2016-10-10</v1:referenceDate>
         </v1:request>
      </v1:getAddressCountriesRequest>
   </soapenv:Body>
</soapenv:Envelope>]]></con:request><con:credentials><con:selectedAuthProfile>Basic</con:selectedAuthProfile><con:addedBasicAuthenticationTypes>Basic</con:addedBasicAuthenticationTypes><con:authType>Global HTTP Settings</con:authType></con:credentials><con:jmsConfig JMSDeliveryMode="PERSISTENT"/><con:jmsPropertyConfig/><con:wsaConfig mustUnderstand="NONE" version="200508" action="http://fidus.brussels/services/countryservice/getAddressCountries"/><con:wsrmConfig version="1.2"/></con:call><con:call id="0f6ca71d-c92e-438d-b201-dfca7f5afb82" name="03 - Test LB - Request" outgoingWss="Outflow TEST" incomingWss="Inflow TEST"><con:settings><con:setting id="com.eviware.soapui.impl.wsdl.WsdlRequest@request-headers">&lt;xml-fragment/></con:setting></con:settings><con:encoding>UTF-8</con:encoding><con:endpoint>https://fidus-esb-sg.sta.srv.cirb.lan:8443/services/CountryService_v1.0</con:endpoint><con:request><![CDATA[<soapenv:Envelope xmlns:soapenv="http://schemas.xmlsoap.org/soap/envelope/" xmlns:v1="http://fidus.brussels/service/countryservice/messages/v1" xmlns:v11="http://fidus.brussels/type/common/messages/v1">
   <soapenv:Header/>
   <soapenv:Body>
      <v1:getAddressCountriesRequest>
         <v1:messageContext>
            <v11:messageId>${=import static java.util.UUID.randomUUID; uuid = randomUUID() as String}</v11:messageId>
            <!--Optional:-->
            <v11:timestamp>${=new java.text.SimpleDateFormat("yyyy-MM-dd'T'HH:mm:ss.SSS").format(new Date())}</v11:timestamp>
         </v1:messageContext>
         <v1:legalContext>ServiceIntegrator</v1:legalContext>
         <v1:request>
            <!--Optional:-->
            <v1:referenceDate>2016-10-10</v1:referenceDate>
         </v1:request>
      </v1:getAddressCountriesRequest>
   </soapenv:Body>
</soapenv:Envelope>]]></con:request><con:credentials><con:selectedAuthProfile>Basic</con:selectedAuthProfile><con:addedBasicAuthenticationTypes>Basic</con:addedBasicAuthenticationTypes><con:authType>Global HTTP Settings</con:authType></con:credentials><con:jmsConfig JMSDeliveryMode="PERSISTENT"/><con:jmsPropertyConfig/><con:wsaConfig mustUnderstand="NONE" version="200508" action="http://fidus.brussels/services/countryservice/getAddressCountries"/><con:wsrmConfig version="1.2"/></con:call><con:call id="adfe9d4c-f3e0-4e8f-93db-e2d0b0e8db73" name="04 - Staging External - Request" outgoingWss="Outflow STAGING" incomingWss="Inflow STAGING"><con:settings><con:setting id="com.eviware.soapui.impl.wsdl.WsdlRequest@request-headers">&lt;xml-fragment/></con:setting></con:settings><con:encoding>UTF-8</con:encoding><con:endpoint>https://fidus.irisnetlab.be/services/CountryService_v1.0</con:endpoint><con:request><![CDATA[<soapenv:Envelope xmlns:soapenv="http://schemas.xmlsoap.org/soap/envelope/" xmlns:v1="http://fidus.brussels/service/countryservice/messages/v1" xmlns:v11="http://fidus.brussels/type/common/messages/v1">
   <soapenv:Header/>
   <soapenv:Body>
      <v1:getAddressCountriesRequest>
         <v1:messageContext>
            <v11:messageId>${=import static java.util.UUID.randomUUID; uuid = randomUUID() as String}</v11:messageId>
            <!--Optional:-->
            <v11:timestamp>${=new java.text.SimpleDateFormat("yyyy-MM-dd'T'HH:mm:ss.SSS").format(new Date())}</v11:timestamp>
         </v1:messageContext>
         <v1:legalContext>ServiceIntegrator</v1:legalContext>
         <v1:request>
            <!--Optional:-->
            <v1:referenceDate>2016-10-10</v1:referenceDate>
         </v1:request>
      </v1:getAddressCountriesRequest>
   </soapenv:Body>
</soapenv:Envelope>]]></con:request><con:credentials><con:selectedAuthProfile>Basic</con:selectedAuthProfile><con:addedBasicAuthenticationTypes>Basic</con:addedBasicAuthenticationTypes><con:authType>Global HTTP Settings</con:authType></con:credentials><con:jmsConfig JMSDeliveryMode="PERSISTENT"/><con:jmsPropertyConfig/><con:wsaConfig mustUnderstand="NONE" version="200508" action="http://fidus.brussels/services/countryservice/getAddressCountries"/><con:wsrmConfig version="1.2"/></con:call><con:call id="6e78ba1a-81ae-4c7f-8ef8-cb34b5051242" name="04 - Staging LB - Request" outgoingWss="Outflow STAGING" incomingWss="Inflow STAGING"><con:settings><con:setting id="com.eviware.soapui.impl.wsdl.WsdlRequest@request-headers">&lt;xml-fragment/></con:setting></con:settings><con:encoding>UTF-8</con:encoding><con:endpoint>https://fidus-esb-sg.sta.srv.cirb.lan:8443/services/CountryService_v1.0</con:endpoint><con:request><![CDATA[<soapenv:Envelope xmlns:soapenv="http://schemas.xmlsoap.org/soap/envelope/" xmlns:v1="http://fidus.brussels/service/countryservice/messages/v1" xmlns:v11="http://fidus.brussels/type/common/messages/v1">
   <soapenv:Header/>
   <soapenv:Body>
      <v1:getAddressCountriesRequest>
         <v1:messageContext>
            <v11:messageId>${=import static java.util.UUID.randomUUID; uuid = randomUUID() as String}</v11:messageId>
            <!--Optional:-->
            <v11:timestamp>${=new java.text.SimpleDateFormat("yyyy-MM-dd'T'HH:mm:ss.SSS").format(new Date())}</v11:timestamp>
         </v1:messageContext>
         <v1:legalContext>ServiceIntegrator</v1:legalContext>
         <v1:request>
            <!--Optional:-->
            <v1:referenceDate>2016-10-10</v1:referenceDate>
         </v1:request>
      </v1:getAddressCountriesRequest>
   </soapenv:Body>
</soapenv:Envelope>]]></con:request><con:credentials><con:selectedAuthProfile>Basic</con:selectedAuthProfile><con:addedBasicAuthenticationTypes>Basic</con:addedBasicAuthenticationTypes><con:authType>Global HTTP Settings</con:authType></con:credentials><con:jmsConfig JMSDeliveryMode="PERSISTENT"/><con:jmsPropertyConfig/><con:wsaConfig mustUnderstand="NONE" version="200508" action="http://fidus.brussels/services/countryservice/getAddressCountries"/><con:wsrmConfig version="1.2"/></con:call><con:call id="fea5614a-e511-4b22-be3d-2531b8b4718e" name="04 - Staging Worker1 - Request" outgoingWss="Outflow STAGING" incomingWss="Inflow STAGING"><con:settings><con:setting id="com.eviware.soapui.impl.wsdl.WsdlRequest@request-headers">&lt;xml-fragment/></con:setting></con:settings><con:encoding>UTF-8</con:encoding><con:endpoint>https://192.168.24.16:8443/services/CountryService_v1.0</con:endpoint><con:request><![CDATA[<soapenv:Envelope xmlns:soapenv="http://schemas.xmlsoap.org/soap/envelope/" xmlns:v1="http://fidus.brussels/service/countryservice/messages/v1" xmlns:v11="http://fidus.brussels/type/common/messages/v1">
   <soapenv:Header/>
   <soapenv:Body>
      <v1:getAddressCountriesRequest>
         <v1:messageContext>
            <v11:messageId>${=import static java.util.UUID.randomUUID; uuid = randomUUID() as String}</v11:messageId>
            <!--Optional:-->
            <v11:timestamp>${=new java.text.SimpleDateFormat("yyyy-MM-dd'T'HH:mm:ss.SSS").format(new Date())}</v11:timestamp>
         </v1:messageContext>
         <v1:legalContext>ServiceIntegrator</v1:legalContext>
         <v1:request>
            <!--Optional:-->
            <v1:referenceDate>2016-10-10</v1:referenceDate>
         </v1:request>
      </v1:getAddressCountriesRequest>
   </soapenv:Body>
</soapenv:Envelope>]]></con:request><con:credentials><con:selectedAuthProfile>Basic</con:selectedAuthProfile><con:addedBasicAuthenticationTypes>Basic</con:addedBasicAuthenticationTypes><con:authType>Global HTTP Settings</con:authType></con:credentials><con:jmsConfig JMSDeliveryMode="PERSISTENT"/><con:jmsPropertyConfig/><con:wsaConfig mustUnderstand="NONE" version="200508" action="http://fidus.brussels/services/countryservice/getAddressCountries"/><con:wsrmConfig version="1.2"/></con:call><con:call id="4ef9a1c6-49d6-444d-9ddc-e5976c4b5be7" name="04 - Staging Worker2 - Request" outgoingWss="Outflow STAGING" incomingWss="Inflow STAGING"><con:settings><con:setting id="com.eviware.soapui.impl.wsdl.WsdlRequest@request-headers">&lt;xml-fragment/></con:setting></con:settings><con:encoding>UTF-8</con:encoding><con:endpoint>https://192.168.24.17:8443/services/CountryService_v1.0</con:endpoint><con:request><![CDATA[<soapenv:Envelope xmlns:soapenv="http://schemas.xmlsoap.org/soap/envelope/" xmlns:v1="http://fidus.brussels/service/countryservice/messages/v1" xmlns:v11="http://fidus.brussels/type/common/messages/v1">
   <soapenv:Header/>
   <soapenv:Body>
      <v1:getAddressCountriesRequest>
         <v1:messageContext>
            <v11:messageId>${=import static java.util.UUID.randomUUID; uuid = randomUUID() as String}</v11:messageId>
            <!--Optional:-->
            <v11:timestamp>${=new java.text.SimpleDateFormat("yyyy-MM-dd'T'HH:mm:ss.SSS").format(new Date())}</v11:timestamp>
         </v1:messageContext>
         <v1:legalContext>ServiceIntegrator</v1:legalContext>
         <v1:request>
            <!--Optional:-->
            <v1:referenceDate>2016-10-10</v1:referenceDate>
         </v1:request>
      </v1:getAddressCountriesRequest>
   </soapenv:Body>
</soapenv:Envelope>]]></con:request><con:credentials><con:selectedAuthProfile>Basic</con:selectedAuthProfile><con:addedBasicAuthenticationTypes>Basic</con:addedBasicAuthenticationTypes><con:authType>Global HTTP Settings</con:authType></con:credentials><con:jmsConfig JMSDeliveryMode="PERSISTENT"/><con:jmsPropertyConfig/><con:wsaConfig mustUnderstand="NONE" version="200508" action="http://fidus.brussels/services/countryservice/getAddressCountries"/><con:wsrmConfig version="1.2"/></con:call><con:call id="d4427617-0988-499b-bcda-514c97ce1920" name="05 - Prod - External - Request" outgoingWss="Outflow PROD" incomingWss="Inflow PROD"><con:settings><con:setting id="com.eviware.soapui.impl.wsdl.WsdlRequest@request-headers">&lt;xml-fragment/></con:setting></con:settings><con:encoding>UTF-8</con:encoding><con:endpoint>https://fidus.sec.brussels/services/CountryService_v1.0</con:endpoint><con:request><![CDATA[<soapenv:Envelope xmlns:soapenv="http://schemas.xmlsoap.org/soap/envelope/" xmlns:v1="http://fidus.brussels/service/countryservice/messages/v1" xmlns:v11="http://fidus.brussels/type/common/messages/v1">
   <soapenv:Header/>
   <soapenv:Body>
      <v1:getAddressCountriesRequest>
         <v1:messageContext>
            <v11:messageId>${=import static java.util.UUID.randomUUID; uuid = randomUUID() as String}</v11:messageId>
            <!--Optional:-->
            <v11:timestamp>${=new java.text.SimpleDateFormat("yyyy-MM-dd'T'HH:mm:ss.SSS").format(new Date())}</v11:timestamp>
         </v1:messageContext>
         <v1:legalContext>ServiceIntegrator</v1:legalContext>
         <v1:request>
            <!--Optional:-->
            <v1:referenceDate>2016-10-10</v1:referenceDate>
         </v1:request>
      </v1:getAddressCountriesRequest>
   </soapenv:Body>
</soapenv:Envelope>]]></con:request><con:credentials><con:selectedAuthProfile>Basic</con:selectedAuthProfile><con:addedBasicAuthenticationTypes>Basic</con:addedBasicAuthenticationTypes><con:authType>Global HTTP Settings</con:authType></con:credentials><con:jmsConfig JMSDeliveryMode="PERSISTENT"/><con:jmsPropertyConfig/><con:wsaConfig mustUnderstand="NONE" version="200508" action="http://fidus.brussels/services/countryservice/getAddressCountries"/><con:wsrmConfig version="1.2"/></con:call><con:call id="bb4d74a6-d8b6-4521-9f32-3a9d24e5421d" name="02 - DevNew - Request" outgoingWss="Outflow DEV" incomingWss="Inflow DEV"><con:settings><con:setting id="com.eviware.soapui.impl.wsdl.WsdlRequest@request-headers">&lt;xml-fragment/></con:setting></con:settings><con:encoding>UTF-8</con:encoding><con:endpoint>https://192.168.36.75:8243/services/CountryService_v1.0</con:endpoint><con:request><![CDATA[<soapenv:Envelope xmlns:soapenv="http://schemas.xmlsoap.org/soap/envelope/" xmlns:v1="http://fidus.brussels/service/countryservice/messages/v1" xmlns:v11="http://fidus.brussels/type/common/messages/v1">
   <soapenv:Header/>
   <soapenv:Body>
      <v1:getAddressCountriesRequest>
         <v1:messageContext>
            <v11:messageId>${=import static java.util.UUID.randomUUID; uuid = randomUUID() as String}</v11:messageId>
            <!--Optional:-->
            <v11:timestamp>${=new java.text.SimpleDateFormat("yyyy-MM-dd'T'HH:mm:ss.SSS").format(new Date())}</v11:timestamp>
         </v1:messageContext>
         <v1:legalContext>ServiceIntegrator</v1:legalContext>
         <v1:request>
            <!--Optional:-->
            <v1:referenceDate>2016-10-10</v1:referenceDate>
         </v1:request>
      </v1:getAddressCountriesRequest>
   </soapenv:Body>
</soapenv:Envelope>]]></con:request><con:credentials><con:selectedAuthProfile>Basic</con:selectedAuthProfile><con:addedBasicAuthenticationTypes>Basic</con:addedBasicAuthenticationTypes><con:authType>Global HTTP Settings</con:authType></con:credentials><con:jmsConfig JMSDeliveryMode="PERSISTENT"/><con:jmsPropertyConfig/><con:wsaConfig mustUnderstand="NONE" version="200508" action="http://fidus.brussels/services/countryservice/getAddressCountries"/><con:wsrmConfig version="1.2"/></con:call></con:operation><con:operation id="ce570cb8-0123-47f9-b8c7-3283d348c5f1" isOneWay="false" action="http://fidus.brussels/services/countryservice/getAddressCountry" name="getAddressCountry" bindingOperationName="getAddressCountry" type="Request-Response" inputName="" receivesAttachments="false" sendsAttachments="false" anonymous="optional"><con:settings/><con:call id="be784c6b-2d8e-417d-a0b9-bd668bdc8bad" name="01 - Local - Request" outgoingWss="Outflow DEV" incomingWss="Inflow DEV"><con:settings><con:setting id="com.eviware.soapui.impl.wsdl.WsdlRequest@request-headers">&lt;xml-fragment/></con:setting></con:settings><con:encoding>UTF-8</con:encoding><con:endpoint>https://localhost:8243/services/CountryService_v1.0</con:endpoint><con:request><![CDATA[<soapenv:Envelope xmlns:soapenv="http://schemas.xmlsoap.org/soap/envelope/" xmlns:v1="http://fidus.brussels/service/countryservice/messages/v1" xmlns:v11="http://fidus.brussels/type/common/messages/v1" xmlns:v12="http://fsb.belgium.be/mappingServices/countryService/messages/v1_00">
   <soapenv:Header/>
   <soapenv:Body>
      <v1:getAddressCountryRequest>
         <v1:messageContext>
            <v11:messageId>${=import static java.util.UUID.randomUUID; uuid = randomUUID() as String}</v11:messageId>
            <!--Optional:-->
            <v11:timestamp>${=new java.text.SimpleDateFormat("yyyy-MM-dd'T'HH:mm:ss.SSS").format(new Date())}</v11:timestamp>
         </v1:messageContext>
         <v1:legalContext>ServiceIntegrator</v1:legalContext>
         <v1:request>
            <!--You have a CHOICE of the next 4 items at this level-->
            <v12:iso-alpha2>BE</v12:iso-alpha2>
            <!--<v12:iso-alpha3 startDate="?" endDate="?" status="?">?</v12:iso-alpha3>-->
            <!--<v12:iso-num3 startDate="?" endDate="?" status="?">?</v12:iso-num3>-->
            <!--<v12:nis-num3 startDate="?" endDate="?" status="?">?</v12:nis-num3>-->
         </v1:request>
      </v1:getAddressCountryRequest>
   </soapenv:Body>
</soapenv:Envelope>]]></con:request><con:credentials><con:selectedAuthProfile>Basic</con:selectedAuthProfile><con:addedBasicAuthenticationTypes>Basic</con:addedBasicAuthenticationTypes><con:authType>Global HTTP Settings</con:authType></con:credentials><con:jmsConfig JMSDeliveryMode="PERSISTENT"/><con:jmsPropertyConfig/><con:wsaConfig mustUnderstand="NONE" version="200508" action="http://fidus.brussels/services/countryservice/getAddressCountry"/><con:wsrmConfig version="1.2"/></con:call><con:call id="91be220b-52f1-4934-95f8-45f5b5c067fe" name="01 - Local - Request-Invalid_Iso-alpha2" outgoingWss="Outflow DEV" incomingWss="Inflow DEV"><con:settings><con:setting id="com.eviware.soapui.impl.wsdl.WsdlRequest@request-headers">&lt;xml-fragment/></con:setting></con:settings><con:encoding>UTF-8</con:encoding><con:endpoint>https://localhost:8243/services/CountryService_v1.0</con:endpoint><con:request><![CDATA[<soapenv:Envelope xmlns:soapenv="http://schemas.xmlsoap.org/soap/envelope/" xmlns:v1="http://fidus.brussels/service/countryservice/messages/v1" xmlns:v11="http://fidus.brussels/type/common/messages/v1" xmlns:v12="http://fsb.belgium.be/mappingServices/countryService/messages/v1_00">
   <soapenv:Header/>
   <soapenv:Body>
      <v1:getAddressCountryRequest>
         <v1:messageContext>
            <v11:messageId>${=import static java.util.UUID.randomUUID; uuid = randomUUID() as String}</v11:messageId>
            <!--Optional:-->
            <v11:timestamp>${=new java.text.SimpleDateFormat("yyyy-MM-dd'T'HH:mm:ss.SSS").format(new Date())}</v11:timestamp>
         </v1:messageContext>
         <v1:legalContext>ServiceIntegrator</v1:legalContext>
         <v1:request>
            <!--You have a CHOICE of the next 4 items at this level-->
            <v12:iso-alpha2>XX</v12:iso-alpha2>
            <!--<v12:iso-alpha3 startDate="?" endDate="?" status="?">?</v12:iso-alpha3>-->
            <!--<v12:iso-num3 startDate="?" endDate="?" status="?">?</v12:iso-num3>-->
            <!--<v12:nis-num3 startDate="?" endDate="?" status="?">?</v12:nis-num3>-->
         </v1:request>
      </v1:getAddressCountryRequest>
   </soapenv:Body>
</soapenv:Envelope>]]></con:request><con:credentials><con:selectedAuthProfile>Basic</con:selectedAuthProfile><con:addedBasicAuthenticationTypes>Basic</con:addedBasicAuthenticationTypes><con:authType>Global HTTP Settings</con:authType></con:credentials><con:jmsConfig JMSDeliveryMode="PERSISTENT"/><con:jmsPropertyConfig/><con:wsaConfig mustUnderstand="NONE" version="200508" action="http://fidus.brussels/services/countryservice/getAddressCountry"/><con:wsrmConfig version="1.2"/></con:call><con:call id="d1f37fa5-b199-4144-b98b-9de820f88495" name="02 - Dev - Request" outgoingWss="Outflow DEV" incomingWss="Inflow DEV"><con:settings><con:setting id="com.eviware.soapui.impl.wsdl.WsdlRequest@request-headers">&lt;xml-fragment/></con:setting></con:settings><con:encoding>UTF-8</con:encoding><con:endpoint>https://192.168.36.61:8243/services/CountryService_v1.0</con:endpoint><con:request><![CDATA[<soapenv:Envelope xmlns:soapenv="http://schemas.xmlsoap.org/soap/envelope/" xmlns:v1="http://fidus.brussels/service/countryservice/messages/v1" xmlns:v11="http://fidus.brussels/type/common/messages/v1" xmlns:v12="http://fsb.belgium.be/mappingServices/countryService/messages/v1_00">
   <soapenv:Header/>
   <soapenv:Body>
      <v1:getAddressCountryRequest>
         <v1:messageContext>
            <v11:messageId>${=import static java.util.UUID.randomUUID; uuid = randomUUID() as String}</v11:messageId>
            <!--Optional:-->
            <v11:timestamp>${=new java.text.SimpleDateFormat("yyyy-MM-dd'T'HH:mm:ss.SSS").format(new Date())}</v11:timestamp>
         </v1:messageContext>
         <v1:legalContext>ServiceIntegrator</v1:legalContext>
         <v1:request>
            <!--You have a CHOICE of the next 4 items at this level-->
            <v12:iso-alpha2>BE</v12:iso-alpha2>
            <!--<v12:iso-alpha3 startDate="?" endDate="?" status="?">?</v12:iso-alpha3>-->
            <!--<v12:iso-num3 startDate="?" endDate="?" status="?">?</v12:iso-num3>-->
            <!--<v12:nis-num3 startDate="?" endDate="?" status="?">?</v12:nis-num3>-->
         </v1:request>
      </v1:getAddressCountryRequest>
   </soapenv:Body>
</soapenv:Envelope>]]></con:request><con:credentials><con:selectedAuthProfile>Basic</con:selectedAuthProfile><con:addedBasicAuthenticationTypes>Basic</con:addedBasicAuthenticationTypes><con:authType>Global HTTP Settings</con:authType></con:credentials><con:jmsConfig JMSDeliveryMode="PERSISTENT"/><con:jmsPropertyConfig/><con:wsaConfig mustUnderstand="NONE" version="200508" action="http://fidus.brussels/services/countryservice/getAddressCountry"/><con:wsrmConfig version="1.2"/></con:call><con:call id="82792d46-2e95-492a-855c-f525e08a1334" name="03 - Test External - Request" outgoingWss="Outflow TEST" incomingWss="Inflow TEST"><con:settings><con:setting id="com.eviware.soapui.impl.wsdl.WsdlRequest@request-headers">&lt;xml-fragment/></con:setting></con:settings><con:encoding>UTF-8</con:encoding><con:endpoint>https://fidus-test.irisnetlab.be/services/CountryService_v1.0</con:endpoint><con:request><![CDATA[<soapenv:Envelope xmlns:soapenv="http://schemas.xmlsoap.org/soap/envelope/" xmlns:v1="http://fidus.brussels/service/countryservice/messages/v1" xmlns:v11="http://fidus.brussels/type/common/messages/v1" xmlns:v12="http://fsb.belgium.be/mappingServices/countryService/messages/v1_00">
   <soapenv:Header/>
   <soapenv:Body>
      <v1:getAddressCountryRequest>
         <v1:messageContext>
            <v11:messageId>${=import static java.util.UUID.randomUUID; uuid = randomUUID() as String}</v11:messageId>
            <!--Optional:-->
            <v11:timestamp>${=new java.text.SimpleDateFormat("yyyy-MM-dd'T'HH:mm:ss.SSS").format(new Date())}</v11:timestamp>
         </v1:messageContext>
         <v1:legalContext>ServiceIntegrator</v1:legalContext>
         <v1:request>
            <!--You have a CHOICE of the next 4 items at this level-->
            <v12:iso-alpha2>BE</v12:iso-alpha2>
            <!--<v12:iso-alpha3 startDate="?" endDate="?" status="?">?</v12:iso-alpha3>-->
            <!--<v12:iso-num3 startDate="?" endDate="?" status="?">?</v12:iso-num3>-->
            <!--<v12:nis-num3 startDate="?" endDate="?" status="?">?</v12:nis-num3>-->
         </v1:request>
      </v1:getAddressCountryRequest>
   </soapenv:Body>
</soapenv:Envelope>]]></con:request><con:credentials><con:selectedAuthProfile>Basic</con:selectedAuthProfile><con:addedBasicAuthenticationTypes>Basic</con:addedBasicAuthenticationTypes><con:authType>Global HTTP Settings</con:authType></con:credentials><con:jmsConfig JMSDeliveryMode="PERSISTENT"/><con:jmsPropertyConfig/><con:wsaConfig mustUnderstand="NONE" version="200508" action="http://fidus.brussels/services/countryservice/getAddressCountry"/><con:wsrmConfig version="1.2"/></con:call><con:call id="ec92ab3e-3260-4d50-929d-e6925b35aa24" name="03 - Test LB - Request" outgoingWss="Outflow TEST" incomingWss="Inflow TEST"><con:settings><con:setting id="com.eviware.soapui.impl.wsdl.WsdlRequest@request-headers">&lt;xml-fragment/></con:setting></con:settings><con:encoding>UTF-8</con:encoding><con:endpoint>https://fidus-esb-sg.sta.srv.cirb.lan:8443/services/CountryService_v1.0</con:endpoint><con:request><![CDATA[<soapenv:Envelope xmlns:soapenv="http://schemas.xmlsoap.org/soap/envelope/" xmlns:v1="http://fidus.brussels/service/countryservice/messages/v1" xmlns:v11="http://fidus.brussels/type/common/messages/v1" xmlns:v12="http://fsb.belgium.be/mappingServices/countryService/messages/v1_00">
   <soapenv:Header/>
   <soapenv:Body>
      <v1:getAddressCountryRequest>
         <v1:messageContext>
            <v11:messageId>${=import static java.util.UUID.randomUUID; uuid = randomUUID() as String}</v11:messageId>
            <!--Optional:-->
            <v11:timestamp>${=new java.text.SimpleDateFormat("yyyy-MM-dd'T'HH:mm:ss.SSS").format(new Date())}</v11:timestamp>
         </v1:messageContext>
         <v1:legalContext>ServiceIntegrator</v1:legalContext>
         <v1:request>
            <!--You have a CHOICE of the next 4 items at this level-->
            <v12:iso-alpha2>BE</v12:iso-alpha2>
            <!--<v12:iso-alpha3 startDate="?" endDate="?" status="?">?</v12:iso-alpha3>-->
            <!--<v12:iso-num3 startDate="?" endDate="?" status="?">?</v12:iso-num3>-->
            <!--<v12:nis-num3 startDate="?" endDate="?" status="?">?</v12:nis-num3>-->
         </v1:request>
      </v1:getAddressCountryRequest>
   </soapenv:Body>
</soapenv:Envelope>]]></con:request><con:credentials><con:selectedAuthProfile>Basic</con:selectedAuthProfile><con:addedBasicAuthenticationTypes>Basic</con:addedBasicAuthenticationTypes><con:authType>Global HTTP Settings</con:authType></con:credentials><con:jmsConfig JMSDeliveryMode="PERSISTENT"/><con:jmsPropertyConfig/><con:wsaConfig mustUnderstand="NONE" version="200508" action="http://fidus.brussels/services/countryservice/getAddressCountry"/><con:wsrmConfig version="1.2"/></con:call><con:call id="128f9102-1fe1-4c5d-b2b2-49d226e8df74" name="03 - Test Worker1 - Request" outgoingWss="Outflow TEST" incomingWss="Inflow TEST"><con:settings><con:setting id="com.eviware.soapui.impl.wsdl.WsdlRequest@request-headers">&lt;xml-fragment/></con:setting></con:settings><con:encoding>UTF-8</con:encoding><con:endpoint>https://192.168.24.16:8443/services/CountryService_v1.0</con:endpoint><con:request><![CDATA[<soapenv:Envelope xmlns:soapenv="http://schemas.xmlsoap.org/soap/envelope/" xmlns:v1="http://fidus.brussels/service/countryservice/messages/v1" xmlns:v11="http://fidus.brussels/type/common/messages/v1" xmlns:v12="http://fsb.belgium.be/mappingServices/countryService/messages/v1_00">
   <soapenv:Header/>
   <soapenv:Body>
      <v1:getAddressCountryRequest>
         <v1:messageContext>
            <v11:messageId>${=import static java.util.UUID.randomUUID; uuid = randomUUID() as String}</v11:messageId>
            <!--Optional:-->
            <v11:timestamp>${=new java.text.SimpleDateFormat("yyyy-MM-dd'T'HH:mm:ss.SSS").format(new Date())}</v11:timestamp>
         </v1:messageContext>
         <v1:legalContext>ServiceIntegrator</v1:legalContext>
         <v1:request>
            <!--You have a CHOICE of the next 4 items at this level-->
            <v12:iso-alpha2>BE</v12:iso-alpha2>
            <!--<v12:iso-alpha3 startDate="?" endDate="?" status="?">?</v12:iso-alpha3>-->
            <!--<v12:iso-num3 startDate="?" endDate="?" status="?">?</v12:iso-num3>-->
            <!--<v12:nis-num3 startDate="?" endDate="?" status="?">?</v12:nis-num3>-->
         </v1:request>
      </v1:getAddressCountryRequest>
   </soapenv:Body>
</soapenv:Envelope>]]></con:request><con:credentials><con:selectedAuthProfile>Basic</con:selectedAuthProfile><con:addedBasicAuthenticationTypes>Basic</con:addedBasicAuthenticationTypes><con:authType>Global HTTP Settings</con:authType></con:credentials><con:jmsConfig JMSDeliveryMode="PERSISTENT"/><con:jmsPropertyConfig/><con:wsaConfig mustUnderstand="NONE" version="200508" action="http://fidus.brussels/services/countryservice/getAddressCountry"/><con:wsrmConfig version="1.2"/></con:call><con:call id="0cb2eb0b-44e6-4a90-87cf-8083c9759e8a" name="03 - Test Worker2 - Request" outgoingWss="Outflow TEST" incomingWss="Inflow TEST"><con:settings><con:setting id="com.eviware.soapui.impl.wsdl.WsdlRequest@request-headers">&lt;xml-fragment/></con:setting></con:settings><con:encoding>UTF-8</con:encoding><con:endpoint>https://192.168.24.17:8443/services/CountryService_v1.0</con:endpoint><con:request><![CDATA[<soapenv:Envelope xmlns:soapenv="http://schemas.xmlsoap.org/soap/envelope/" xmlns:v1="http://fidus.brussels/service/countryservice/messages/v1" xmlns:v11="http://fidus.brussels/type/common/messages/v1" xmlns:v12="http://fsb.belgium.be/mappingServices/countryService/messages/v1_00">
   <soapenv:Header/>
   <soapenv:Body>
      <v1:getAddressCountryRequest>
         <v1:messageContext>
            <v11:messageId>${=import static java.util.UUID.randomUUID; uuid = randomUUID() as String}</v11:messageId>
            <!--Optional:-->
            <v11:timestamp>${=new java.text.SimpleDateFormat("yyyy-MM-dd'T'HH:mm:ss.SSS").format(new Date())}</v11:timestamp>
         </v1:messageContext>
         <v1:legalContext>ServiceIntegrator</v1:legalContext>
         <v1:request>
            <!--You have a CHOICE of the next 4 items at this level-->
            <v12:iso-alpha2>BE</v12:iso-alpha2>
            <!--<v12:iso-alpha3 startDate="?" endDate="?" status="?">?</v12:iso-alpha3>-->
            <!--<v12:iso-num3 startDate="?" endDate="?" status="?">?</v12:iso-num3>-->
            <!--<v12:nis-num3 startDate="?" endDate="?" status="?">?</v12:nis-num3>-->
         </v1:request>
      </v1:getAddressCountryRequest>
   </soapenv:Body>
</soapenv:Envelope>]]></con:request><con:credentials><con:selectedAuthProfile>Basic</con:selectedAuthProfile><con:addedBasicAuthenticationTypes>Basic</con:addedBasicAuthenticationTypes><con:authType>Global HTTP Settings</con:authType></con:credentials><con:jmsConfig JMSDeliveryMode="PERSISTENT"/><con:jmsPropertyConfig/><con:wsaConfig mustUnderstand="NONE" version="200508" action="http://fidus.brussels/services/countryservice/getAddressCountry"/><con:wsrmConfig version="1.2"/></con:call><con:call id="8e6dcf1a-a3d0-414b-a423-4e4a1f276904" name="04 - Staging External - Request" outgoingWss="Outflow STAGING" incomingWss="Inflow STAGING"><con:settings><con:setting id="com.eviware.soapui.impl.wsdl.WsdlRequest@request-headers">&lt;xml-fragment/></con:setting></con:settings><con:encoding>UTF-8</con:encoding><con:endpoint>https://fidus.irisnetlab.be/services/CountryService_v1.0</con:endpoint><con:request><![CDATA[<soapenv:Envelope xmlns:soapenv="http://schemas.xmlsoap.org/soap/envelope/" xmlns:v1="http://fidus.brussels/service/countryservice/messages/v1" xmlns:v11="http://fidus.brussels/type/common/messages/v1" xmlns:v12="http://fsb.belgium.be/mappingServices/countryService/messages/v1_00">
   <soapenv:Header/>
   <soapenv:Body>
      <v1:getAddressCountryRequest>
         <v1:messageContext>
            <v11:messageId>${=import static java.util.UUID.randomUUID; uuid = randomUUID() as String}</v11:messageId>
            <!--Optional:-->
            <v11:timestamp>${=new java.text.SimpleDateFormat("yyyy-MM-dd'T'HH:mm:ss.SSS").format(new Date())}</v11:timestamp>
         </v1:messageContext>
         <v1:legalContext>ServiceIntegrator</v1:legalContext>
         <v1:request>
            <!--You have a CHOICE of the next 4 items at this level-->
            <v12:iso-alpha2>BE</v12:iso-alpha2>
            <!--<v12:iso-alpha3 startDate="?" endDate="?" status="?">?</v12:iso-alpha3>-->
            <!--<v12:iso-num3 startDate="?" endDate="?" status="?">?</v12:iso-num3>-->
            <!--<v12:nis-num3 startDate="?" endDate="?" status="?">?</v12:nis-num3>-->
         </v1:request>
      </v1:getAddressCountryRequest>
   </soapenv:Body>
</soapenv:Envelope>]]></con:request><con:credentials><con:selectedAuthProfile>Basic</con:selectedAuthProfile><con:addedBasicAuthenticationTypes>Basic</con:addedBasicAuthenticationTypes><con:authType>Global HTTP Settings</con:authType></con:credentials><con:jmsConfig JMSDeliveryMode="PERSISTENT"/><con:jmsPropertyConfig/><con:wsaConfig mustUnderstand="NONE" version="200508" action="http://fidus.brussels/services/countryservice/getAddressCountry"/><con:wsrmConfig version="1.2"/></con:call><con:call id="60951313-228b-4567-ba12-652c79af1532" name="04 - Staging LB - Request" outgoingWss="Outflow STAGING" incomingWss="Inflow STAGING"><con:settings><con:setting id="com.eviware.soapui.impl.wsdl.WsdlRequest@request-headers">&lt;xml-fragment/></con:setting></con:settings><con:encoding>UTF-8</con:encoding><con:endpoint>https://fidus-esb-sg.sta.srv.cirb.lan:8443/services/CountryService_v1.0</con:endpoint><con:request><![CDATA[<soapenv:Envelope xmlns:soapenv="http://schemas.xmlsoap.org/soap/envelope/" xmlns:v1="http://fidus.brussels/service/countryservice/messages/v1" xmlns:v11="http://fidus.brussels/type/common/messages/v1" xmlns:v12="http://fsb.belgium.be/mappingServices/countryService/messages/v1_00">
   <soapenv:Header/>
   <soapenv:Body>
      <v1:getAddressCountryRequest>
         <v1:messageContext>
            <v11:messageId>${=import static java.util.UUID.randomUUID; uuid = randomUUID() as String}</v11:messageId>
            <!--Optional:-->
            <v11:timestamp>${=new java.text.SimpleDateFormat("yyyy-MM-dd'T'HH:mm:ss.SSS").format(new Date())}</v11:timestamp>
         </v1:messageContext>
         <v1:legalContext>ServiceIntegrator</v1:legalContext>
         <v1:request>
            <!--You have a CHOICE of the next 4 items at this level-->
            <v12:iso-alpha2>BE</v12:iso-alpha2>
            <!--<v12:iso-alpha3 startDate="?" endDate="?" status="?">?</v12:iso-alpha3>-->
            <!--<v12:iso-num3 startDate="?" endDate="?" status="?">?</v12:iso-num3>-->
            <!--<v12:nis-num3 startDate="?" endDate="?" status="?">?</v12:nis-num3>-->
         </v1:request>
      </v1:getAddressCountryRequest>
   </soapenv:Body>
</soapenv:Envelope>]]></con:request><con:credentials><con:selectedAuthProfile>Basic</con:selectedAuthProfile><con:addedBasicAuthenticationTypes>Basic</con:addedBasicAuthenticationTypes><con:authType>Global HTTP Settings</con:authType></con:credentials><con:jmsConfig JMSDeliveryMode="PERSISTENT"/><con:jmsPropertyConfig/><con:wsaConfig mustUnderstand="NONE" version="200508" action="http://fidus.brussels/services/countryservice/getAddressCountry"/><con:wsrmConfig version="1.2"/></con:call><con:call id="88679501-0cd3-47ff-96ba-58289a85bc12" name="04 - Staging Worker1 - Request" outgoingWss="Outflow STAGING" incomingWss="Inflow STAGING"><con:settings><con:setting id="com.eviware.soapui.impl.wsdl.WsdlRequest@request-headers">&lt;xml-fragment/></con:setting></con:settings><con:encoding>UTF-8</con:encoding><con:endpoint>https://192.168.24.16:8443/services/CountryService_v1.0</con:endpoint><con:request><![CDATA[<soapenv:Envelope xmlns:soapenv="http://schemas.xmlsoap.org/soap/envelope/" xmlns:v1="http://fidus.brussels/service/countryservice/messages/v1" xmlns:v11="http://fidus.brussels/type/common/messages/v1" xmlns:v12="http://fsb.belgium.be/mappingServices/countryService/messages/v1_00">
   <soapenv:Header/>
   <soapenv:Body>
      <v1:getAddressCountryRequest>
         <v1:messageContext>
            <v11:messageId>${=import static java.util.UUID.randomUUID; uuid = randomUUID() as String}</v11:messageId>
            <!--Optional:-->
            <v11:timestamp>${=new java.text.SimpleDateFormat("yyyy-MM-dd'T'HH:mm:ss.SSS").format(new Date())}</v11:timestamp>
         </v1:messageContext>
         <v1:legalContext>ServiceIntegrator</v1:legalContext>
         <v1:request>
            <!--You have a CHOICE of the next 4 items at this level-->
            <v12:iso-alpha2>BE</v12:iso-alpha2>
            <!--<v12:iso-alpha3 startDate="?" endDate="?" status="?">?</v12:iso-alpha3>-->
            <!--<v12:iso-num3 startDate="?" endDate="?" status="?">?</v12:iso-num3>-->
            <!--<v12:nis-num3 startDate="?" endDate="?" status="?">?</v12:nis-num3>-->
         </v1:request>
      </v1:getAddressCountryRequest>
   </soapenv:Body>
</soapenv:Envelope>]]></con:request><con:credentials><con:selectedAuthProfile>Basic</con:selectedAuthProfile><con:addedBasicAuthenticationTypes>Basic</con:addedBasicAuthenticationTypes><con:authType>Global HTTP Settings</con:authType></con:credentials><con:jmsConfig JMSDeliveryMode="PERSISTENT"/><con:jmsPropertyConfig/><con:wsaConfig mustUnderstand="NONE" version="200508" action="http://fidus.brussels/services/countryservice/getAddressCountry"/><con:wsrmConfig version="1.2"/></con:call><con:call id="aafaff37-57c1-405b-8aa0-482372e87781" name="04 - Staging Worker2 - Request" outgoingWss="Outflow STAGING" incomingWss="Inflow STAGING"><con:settings><con:setting id="com.eviware.soapui.impl.wsdl.WsdlRequest@request-headers">&lt;xml-fragment/></con:setting></con:settings><con:encoding>UTF-8</con:encoding><con:endpoint>https://192.168.24.17:8443/services/CountryService_v1.0</con:endpoint><con:request><![CDATA[<soapenv:Envelope xmlns:soapenv="http://schemas.xmlsoap.org/soap/envelope/" xmlns:v1="http://fidus.brussels/service/countryservice/messages/v1" xmlns:v11="http://fidus.brussels/type/common/messages/v1" xmlns:v12="http://fsb.belgium.be/mappingServices/countryService/messages/v1_00">
   <soapenv:Header/>
   <soapenv:Body>
      <v1:getAddressCountryRequest>
         <v1:messageContext>
            <v11:messageId>${=import static java.util.UUID.randomUUID; uuid = randomUUID() as String}</v11:messageId>
            <!--Optional:-->
            <v11:timestamp>${=new java.text.SimpleDateFormat("yyyy-MM-dd'T'HH:mm:ss.SSS").format(new Date())}</v11:timestamp>
         </v1:messageContext>
         <v1:legalContext>ServiceIntegrator</v1:legalContext>
         <v1:request>
            <!--You have a CHOICE of the next 4 items at this level-->
            <v12:iso-alpha2>BE</v12:iso-alpha2>
            <!--<v12:iso-alpha3 startDate="?" endDate="?" status="?">?</v12:iso-alpha3>-->
            <!--<v12:iso-num3 startDate="?" endDate="?" status="?">?</v12:iso-num3>-->
            <!--<v12:nis-num3 startDate="?" endDate="?" status="?">?</v12:nis-num3>-->
         </v1:request>
      </v1:getAddressCountryRequest>
   </soapenv:Body>
</soapenv:Envelope>]]></con:request><con:credentials><con:selectedAuthProfile>Basic</con:selectedAuthProfile><con:addedBasicAuthenticationTypes>Basic</con:addedBasicAuthenticationTypes><con:authType>Global HTTP Settings</con:authType></con:credentials><con:jmsConfig JMSDeliveryMode="PERSISTENT"/><con:jmsPropertyConfig/><con:wsaConfig mustUnderstand="NONE" version="200508" action="http://fidus.brussels/services/countryservice/getAddressCountry"/><con:wsrmConfig version="1.2"/></con:call><con:call id="f7c1c1f1-a164-49eb-a1f9-cde08ca8cc18" name="02 - DevNew - Request" outgoingWss="Outflow DEV" incomingWss="Inflow DEV"><con:settings><con:setting id="com.eviware.soapui.impl.wsdl.WsdlRequest@request-headers">&lt;xml-fragment/></con:setting></con:settings><con:encoding>UTF-8</con:encoding><con:endpoint>https://192.168.36.75:8243/services/CountryService_v1.0</con:endpoint><con:request><![CDATA[<soapenv:Envelope xmlns:soapenv="http://schemas.xmlsoap.org/soap/envelope/" xmlns:v1="http://fidus.brussels/service/countryservice/messages/v1" xmlns:v11="http://fidus.brussels/type/common/messages/v1" xmlns:v12="http://fsb.belgium.be/mappingServices/countryService/messages/v1_00">
   <soapenv:Header/>
   <soapenv:Body>
      <v1:getAddressCountryRequest>
         <v1:messageContext>
            <v11:messageId>${=import static java.util.UUID.randomUUID; uuid = randomUUID() as String}</v11:messageId>
            <!--Optional:-->
            <v11:timestamp>${=new java.text.SimpleDateFormat("yyyy-MM-dd'T'HH:mm:ss.SSS").format(new Date())}</v11:timestamp>
         </v1:messageContext>
         <v1:legalContext>ServiceIntegrator</v1:legalContext>
         <v1:request>
            <!--You have a CHOICE of the next 4 items at this level-->
            <v12:iso-alpha2>BE</v12:iso-alpha2>
            <!--<v12:iso-alpha3 startDate="?" endDate="?" status="?">?</v12:iso-alpha3>-->
            <!--<v12:iso-num3 startDate="?" endDate="?" status="?">?</v12:iso-num3>-->
            <!--<v12:nis-num3 startDate="?" endDate="?" status="?">?</v12:nis-num3>-->
         </v1:request>
      </v1:getAddressCountryRequest>
   </soapenv:Body>
</soapenv:Envelope>]]></con:request><con:credentials><con:selectedAuthProfile>Basic</con:selectedAuthProfile><con:addedBasicAuthenticationTypes>Basic</con:addedBasicAuthenticationTypes><con:authType>Global HTTP Settings</con:authType></con:credentials><con:jmsConfig JMSDeliveryMode="PERSISTENT"/><con:jmsPropertyConfig/><con:wsaConfig mustUnderstand="NONE" version="200508" action="http://fidus.brussels/services/countryservice/getAddressCountry"/><con:wsrmConfig version="1.2"/></con:call><con:call id="ea95f237-6ae2-4e57-ba0a-381197b397c5" name="05 - Prod - External - Request" outgoingWss="Outflow PROD" incomingWss="Inflow PROD"><con:settings><con:setting id="com.eviware.soapui.impl.wsdl.WsdlRequest@request-headers">&lt;xml-fragment/></con:setting></con:settings><con:encoding>UTF-8</con:encoding><con:endpoint>https://fidus.sec.brussels/services/CountryService_v1.0</con:endpoint><con:request><![CDATA[<soapenv:Envelope xmlns:soapenv="http://schemas.xmlsoap.org/soap/envelope/" xmlns:v1="http://fidus.brussels/service/countryservice/messages/v1" xmlns:v11="http://fidus.brussels/type/common/messages/v1" xmlns:v12="http://fsb.belgium.be/mappingServices/countryService/messages/v1_00">
   <soapenv:Header/>
   <soapenv:Body>
      <v1:getAddressCountryRequest>
         <v1:messageContext>
            <v11:messageId>${=import static java.util.UUID.randomUUID; uuid = randomUUID() as String}</v11:messageId>
            <!--Optional:-->
            <v11:timestamp>${=new java.text.SimpleDateFormat("yyyy-MM-dd'T'HH:mm:ss.SSS").format(new Date())}</v11:timestamp>
         </v1:messageContext>
         <v1:legalContext>ServiceIntegrator</v1:legalContext>
         <v1:request>
            <!--You have a CHOICE of the next 4 items at this level-->
            <v12:iso-alpha2>BE</v12:iso-alpha2>
            <!--<v12:iso-alpha3 startDate="?" endDate="?" status="?">?</v12:iso-alpha3>-->
            <!--<v12:iso-num3 startDate="?" endDate="?" status="?">?</v12:iso-num3>-->
            <!--<v12:nis-num3 startDate="?" endDate="?" status="?">?</v12:nis-num3>-->
         </v1:request>
      </v1:getAddressCountryRequest>
   </soapenv:Body>
</soapenv:Envelope>]]></con:request><con:credentials><con:selectedAuthProfile>Basic</con:selectedAuthProfile><con:addedBasicAuthenticationTypes>Basic</con:addedBasicAuthenticationTypes><con:authType>Global HTTP Settings</con:authType></con:credentials><con:jmsConfig JMSDeliveryMode="PERSISTENT"/><con:jmsPropertyConfig/><con:wsaConfig mustUnderstand="NONE" version="200508" action="http://fidus.brussels/services/countryservice/getAddressCountry"/><con:wsrmConfig version="1.2"/></con:call></con:operation><con:operation id="0f571e7c-29d2-4f41-8562-b4a48f500855" isOneWay="false" action="http://fidus.brussels/services/countryservice/getAddressCountryHistory" name="getAddressCountryHistory" bindingOperationName="getAddressCountryHistory" type="Request-Response" inputName="" receivesAttachments="false" sendsAttachments="false" anonymous="optional"><con:settings/><con:call id="2c5f46f0-d6d3-4d2a-a9b6-29227995a68c" name="01 - Local - Request" outgoingWss="Outflow DEV" incomingWss="Inflow DEV"><con:settings><con:setting id="com.eviware.soapui.impl.wsdl.WsdlRequest@request-headers">&lt;xml-fragment/></con:setting></con:settings><con:encoding>UTF-8</con:encoding><con:endpoint>https://localhost:8243/services/CountryService_v1.0</con:endpoint><con:request><![CDATA[<soapenv:Envelope xmlns:soapenv="http://schemas.xmlsoap.org/soap/envelope/" xmlns:v1="http://fidus.brussels/service/countryservice/messages/v1" xmlns:v11="http://fidus.brussels/type/common/messages/v1" xmlns:v12="http://fsb.belgium.be/mappingServices/countryService/messages/v1_00">
   <soapenv:Header/>
   <soapenv:Body>
      <v1:getAddressCountryHistoryRequest>
         <v1:messageContext>
            <v11:messageId>${=import static java.util.UUID.randomUUID; uuid = randomUUID() as String}</v11:messageId>
            <v11:timestamp>${=new java.text.SimpleDateFormat("yyyy-MM-dd'T'HH:mm:ss.SSS").format(new Date())}</v11:timestamp>
         </v1:messageContext>
         <v1:legalContext>ServiceIntegrator</v1:legalContext>
         <v1:request>
            <v12:iso-alpha2>BE</v12:iso-alpha2>
            <v12:referenceDate>2016-10-10</v12:referenceDate>
         </v1:request>
      </v1:getAddressCountryHistoryRequest>
   </soapenv:Body>
</soapenv:Envelope>]]></con:request><con:credentials><con:selectedAuthProfile>Basic</con:selectedAuthProfile><con:addedBasicAuthenticationTypes>Basic</con:addedBasicAuthenticationTypes><con:authType>Global HTTP Settings</con:authType></con:credentials><con:jmsConfig JMSDeliveryMode="PERSISTENT"/><con:jmsPropertyConfig/><con:wsaConfig mustUnderstand="NONE" version="200508" action="http://fidus.brussels/services/countryservice/getAddressCountryHistory"/><con:wsrmConfig version="1.2"/></con:call><con:call id="1ec25c22-f925-46c4-94ab-2018ece4ba45" name="01 - Local - Request-Invalid_Iso-alpha2" outgoingWss="Outflow DEV" incomingWss="Inflow DEV"><con:settings><con:setting id="com.eviware.soapui.impl.wsdl.WsdlRequest@request-headers">&lt;xml-fragment/></con:setting></con:settings><con:encoding>UTF-8</con:encoding><con:endpoint>https://localhost:8243/services/CountryService_v1.0</con:endpoint><con:request><![CDATA[<soapenv:Envelope xmlns:soapenv="http://schemas.xmlsoap.org/soap/envelope/" xmlns:v1="http://fidus.brussels/service/countryservice/messages/v1" xmlns:v11="http://fidus.brussels/type/common/messages/v1" xmlns:v12="http://fsb.belgium.be/mappingServices/countryService/messages/v1_00">
   <soapenv:Header/>
   <soapenv:Body>
      <v1:getAddressCountryHistoryRequest>
         <v1:messageContext>
            <v11:messageId>${=import static java.util.UUID.randomUUID; uuid = randomUUID() as String}</v11:messageId>
            <v11:timestamp>${=new java.text.SimpleDateFormat("yyyy-MM-dd'T'HH:mm:ss.SSS").format(new Date())}</v11:timestamp>
         </v1:messageContext>
         <v1:legalContext>ServiceIntegrator</v1:legalContext>
         <v1:request>
            <v12:iso-alpha2>XX</v12:iso-alpha2>
            <v12:referenceDate>2016-10-10</v12:referenceDate>
         </v1:request>
      </v1:getAddressCountryHistoryRequest>
   </soapenv:Body>
</soapenv:Envelope>]]></con:request><con:credentials><con:selectedAuthProfile>Basic</con:selectedAuthProfile><con:addedBasicAuthenticationTypes>Basic</con:addedBasicAuthenticationTypes><con:authType>Global HTTP Settings</con:authType></con:credentials><con:jmsConfig JMSDeliveryMode="PERSISTENT"/><con:jmsPropertyConfig/><con:wsaConfig mustUnderstand="NONE" version="200508" action="http://fidus.brussels/services/countryservice/getAddressCountryHistory"/><con:wsrmConfig version="1.2"/></con:call><con:call id="e5566668-c50c-4dc2-a784-0bd1e2cea348" name="02 - Dev - Request" outgoingWss="Outflow DEV" incomingWss="Inflow DEV"><con:settings><con:setting id="com.eviware.soapui.impl.wsdl.WsdlRequest@request-headers">&lt;xml-fragment/></con:setting></con:settings><con:encoding>UTF-8</con:encoding><con:endpoint>https://192.168.36.61:8243/services/CountryService_v1.0</con:endpoint><con:request><![CDATA[<soapenv:Envelope xmlns:soapenv="http://schemas.xmlsoap.org/soap/envelope/" xmlns:v1="http://fidus.brussels/service/countryservice/messages/v1" xmlns:v11="http://fidus.brussels/type/common/messages/v1" xmlns:v12="http://fsb.belgium.be/mappingServices/countryService/messages/v1_00">
   <soapenv:Header/>
   <soapenv:Body>
      <v1:getAddressCountryHistoryRequest>
         <v1:messageContext>
            <v11:messageId>${=import static java.util.UUID.randomUUID; uuid = randomUUID() as String}</v11:messageId>
            <v11:timestamp>${=new java.text.SimpleDateFormat("yyyy-MM-dd'T'HH:mm:ss.SSS").format(new Date())}</v11:timestamp>
         </v1:messageContext>
         <v1:legalContext>ServiceIntegrator</v1:legalContext>
         <v1:request>
            <v12:iso-alpha2>BE</v12:iso-alpha2>
            <!--<v12:referenceDate>2016-10-10</v12:referenceDate>-->
         </v1:request>
      </v1:getAddressCountryHistoryRequest>
   </soapenv:Body>
</soapenv:Envelope>]]></con:request><con:credentials><con:selectedAuthProfile>Basic</con:selectedAuthProfile><con:addedBasicAuthenticationTypes>Basic</con:addedBasicAuthenticationTypes><con:authType>Global HTTP Settings</con:authType></con:credentials><con:jmsConfig JMSDeliveryMode="PERSISTENT"/><con:jmsPropertyConfig/><con:wsaConfig mustUnderstand="NONE" version="200508" action="http://fidus.brussels/services/countryservice/getAddressCountryHistory"/><con:wsrmConfig version="1.2"/></con:call><con:call id="e747c233-0cff-41a2-b1a5-81864dc2186b" name="03 - Test External - Request" outgoingWss="Outflow TEST" incomingWss="Inflow TEST"><con:settings><con:setting id="com.eviware.soapui.impl.wsdl.WsdlRequest@request-headers">&lt;xml-fragment/></con:setting></con:settings><con:encoding>UTF-8</con:encoding><con:endpoint>https://fidus-test.irisnetlab.be/services/CountryService_v1.0</con:endpoint><con:request><![CDATA[<soapenv:Envelope xmlns:soapenv="http://schemas.xmlsoap.org/soap/envelope/" xmlns:v1="http://fidus.brussels/service/countryservice/messages/v1" xmlns:v11="http://fidus.brussels/type/common/messages/v1" xmlns:v12="http://fsb.belgium.be/mappingServices/countryService/messages/v1_00">
   <soapenv:Header/>
   <soapenv:Body>
      <v1:getAddressCountryHistoryRequest>
         <v1:messageContext>
            <v11:messageId>${=import static java.util.UUID.randomUUID; uuid = randomUUID() as String}</v11:messageId>
            <v11:timestamp>${=new java.text.SimpleDateFormat("yyyy-MM-dd'T'HH:mm:ss.SSS").format(new Date())}</v11:timestamp>
         </v1:messageContext>
         <v1:legalContext>ServiceIntegrator</v1:legalContext>
         <v1:request>
            <v12:iso-alpha2>FR</v12:iso-alpha2>
            <v12:referenceDate>2016-10-10</v12:referenceDate>
         </v1:request>
      </v1:getAddressCountryHistoryRequest>
   </soapenv:Body>
</soapenv:Envelope>]]></con:request><con:credentials><con:selectedAuthProfile>Basic</con:selectedAuthProfile><con:addedBasicAuthenticationTypes>Basic</con:addedBasicAuthenticationTypes><con:authType>Global HTTP Settings</con:authType></con:credentials><con:jmsConfig JMSDeliveryMode="PERSISTENT"/><con:jmsPropertyConfig/><con:wsaConfig mustUnderstand="NONE" version="200508" action="http://fidus.brussels/services/countryservice/getAddressCountryHistory"/><con:wsrmConfig version="1.2"/></con:call><con:call id="f2cc2c71-2e06-475a-8cd0-c63fdb6e6f4b" name="03 - Test LB - Request" outgoingWss="Outflow TEST" incomingWss="Inflow TEST"><con:settings><con:setting id="com.eviware.soapui.impl.wsdl.WsdlRequest@request-headers">&lt;xml-fragment/></con:setting></con:settings><con:encoding>UTF-8</con:encoding><con:endpoint>https://fidus-esb-sg.sta.srv.cirb.lan:8443/services/CountryService_v1.0</con:endpoint><con:request><![CDATA[<soapenv:Envelope xmlns:soapenv="http://schemas.xmlsoap.org/soap/envelope/" xmlns:v1="http://fidus.brussels/service/countryservice/messages/v1" xmlns:v11="http://fidus.brussels/type/common/messages/v1" xmlns:v12="http://fsb.belgium.be/mappingServices/countryService/messages/v1_00">
   <soapenv:Header/>
   <soapenv:Body>
      <v1:getAddressCountryHistoryRequest>
         <v1:messageContext>
            <v11:messageId>${=import static java.util.UUID.randomUUID; uuid = randomUUID() as String}</v11:messageId>
            <v11:timestamp>${=new java.text.SimpleDateFormat("yyyy-MM-dd'T'HH:mm:ss.SSS").format(new Date())}</v11:timestamp>
         </v1:messageContext>
         <v1:legalContext>ServiceIntegrator</v1:legalContext>
         <v1:request>
            <v12:iso-alpha2>BE</v12:iso-alpha2>
            <v12:referenceDate>2016-10-10</v12:referenceDate>
         </v1:request>
      </v1:getAddressCountryHistoryRequest>
   </soapenv:Body>
</soapenv:Envelope>]]></con:request><con:credentials><con:selectedAuthProfile>Basic</con:selectedAuthProfile><con:addedBasicAuthenticationTypes>Basic</con:addedBasicAuthenticationTypes><con:authType>Global HTTP Settings</con:authType></con:credentials><con:jmsConfig JMSDeliveryMode="PERSISTENT"/><con:jmsPropertyConfig/><con:wsaConfig mustUnderstand="NONE" version="200508" action="http://fidus.brussels/services/countryservice/getAddressCountryHistory"/><con:wsrmConfig version="1.2"/></con:call><con:call id="27f0ae73-dc25-4450-b638-4e31cdc49979" name="03 - Test Worker1 - Request" outgoingWss="Outflow TEST" incomingWss="Inflow TEST"><con:settings><con:setting id="com.eviware.soapui.impl.wsdl.WsdlRequest@request-headers">&lt;xml-fragment/></con:setting></con:settings><con:encoding>UTF-8</con:encoding><con:endpoint>https://192.168.24.16:8443/services/CountryService_v1.0</con:endpoint><con:request><![CDATA[<soapenv:Envelope xmlns:soapenv="http://schemas.xmlsoap.org/soap/envelope/" xmlns:v1="http://fidus.brussels/service/countryservice/messages/v1" xmlns:v11="http://fidus.brussels/type/common/messages/v1" xmlns:v12="http://fsb.belgium.be/mappingServices/countryService/messages/v1_00">
   <soapenv:Header/>
   <soapenv:Body>
      <v1:getAddressCountryHistoryRequest>
         <v1:messageContext>
            <v11:messageId>${=import static java.util.UUID.randomUUID; uuid = randomUUID() as String}</v11:messageId>
            <!--Optional:-->
            <v11:timestamp>${=new java.text.SimpleDateFormat("yyyy-MM-dd'T'HH:mm:ss.SSS").format(new Date())}</v11:timestamp>
         </v1:messageContext>
         <v1:legalContext>ServiceIntegrator</v1:legalContext>
         <v1:request>
            <v12:iso-alpha2>NL</v12:iso-alpha2>
            <!--Optional:-->
            
         </v1:request>
      </v1:getAddressCountryHistoryRequest>
   </soapenv:Body>
</soapenv:Envelope>]]></con:request><con:credentials><con:selectedAuthProfile>Basic</con:selectedAuthProfile><con:addedBasicAuthenticationTypes>Basic</con:addedBasicAuthenticationTypes><con:authType>Global HTTP Settings</con:authType></con:credentials><con:jmsConfig JMSDeliveryMode="PERSISTENT"/><con:jmsPropertyConfig/><con:wsaConfig mustUnderstand="NONE" version="200508" action="http://fidus.brussels/services/countryservice/getAddressCountryHistory"/><con:wsrmConfig version="1.2"/></con:call><con:call id="622fb66b-dc87-490a-9740-9143c4d38851" name="03 - Test Worker2 - Request" outgoingWss="Outflow TEST" incomingWss="Inflow TEST"><con:settings><con:setting id="com.eviware.soapui.impl.wsdl.WsdlRequest@request-headers">&lt;xml-fragment/></con:setting></con:settings><con:encoding>UTF-8</con:encoding><con:endpoint>https://192.168.24.17:8443/services/CountryService_v1.0</con:endpoint><con:request><![CDATA[<soapenv:Envelope xmlns:soapenv="http://schemas.xmlsoap.org/soap/envelope/" xmlns:v1="http://fidus.brussels/service/countryservice/messages/v1" xmlns:v11="http://fidus.brussels/type/common/messages/v1" xmlns:v12="http://fsb.belgium.be/mappingServices/countryService/messages/v1_00">
   <soapenv:Header/>
   <soapenv:Body>
      <v1:getAddressCountryHistoryRequest>
         <v1:messageContext>
            <v11:messageId>${=import static java.util.UUID.randomUUID; uuid = randomUUID() as String}</v11:messageId>
            <v11:timestamp>${=new java.text.SimpleDateFormat("yyyy-MM-dd'T'HH:mm:ss.SSS").format(new Date())}</v11:timestamp>
         </v1:messageContext>
         <v1:legalContext>ServiceIntegrator</v1:legalContext>
         <v1:request>
            <v12:iso-alpha2>AU</v12:iso-alpha2>
            <v12:referenceDate>2016-10-10</v12:referenceDate>
         </v1:request>
      </v1:getAddressCountryHistoryRequest>
   </soapenv:Body>
</soapenv:Envelope>]]></con:request><con:credentials><con:selectedAuthProfile>Basic</con:selectedAuthProfile><con:addedBasicAuthenticationTypes>Basic</con:addedBasicAuthenticationTypes><con:authType>Global HTTP Settings</con:authType></con:credentials><con:jmsConfig JMSDeliveryMode="PERSISTENT"/><con:jmsPropertyConfig/><con:wsaConfig mustUnderstand="NONE" version="200508" action="http://fidus.brussels/services/countryservice/getAddressCountryHistory"/><con:wsrmConfig version="1.2"/></con:call><con:call id="e73f2e41-d251-4e64-bc83-f20e08ac08c6" name="04 - Staging External - Request" outgoingWss="Outflow STAGING" incomingWss="Inflow STAGING"><con:settings><con:setting id="com.eviware.soapui.impl.wsdl.WsdlRequest@request-headers">&lt;xml-fragment/></con:setting></con:settings><con:encoding>UTF-8</con:encoding><con:endpoint>https://fidus.irisnetlab.be/services/CountryService_v1.0</con:endpoint><con:request><![CDATA[<soapenv:Envelope xmlns:soapenv="http://schemas.xmlsoap.org/soap/envelope/" xmlns:v1="http://fidus.brussels/service/countryservice/messages/v1" xmlns:v11="http://fidus.brussels/type/common/messages/v1" xmlns:v12="http://fsb.belgium.be/mappingServices/countryService/messages/v1_00">
   <soapenv:Header/>
   <soapenv:Body>
      <v1:getAddressCountryHistoryRequest>
         <v1:messageContext>
            <v11:messageId>${=import static java.util.UUID.randomUUID; uuid = randomUUID() as String}</v11:messageId>
            <v11:timestamp>${=new java.text.SimpleDateFormat("yyyy-MM-dd'T'HH:mm:ss.SSS").format(new Date())}</v11:timestamp>
         </v1:messageContext>
         <v1:legalContext>ServiceIntegrator</v1:legalContext>
         <v1:request>
            <v12:iso-alpha2>FR</v12:iso-alpha2>
            <v12:referenceDate>2016-10-10</v12:referenceDate>
         </v1:request>
      </v1:getAddressCountryHistoryRequest>
   </soapenv:Body>
</soapenv:Envelope>]]></con:request><con:credentials><con:selectedAuthProfile>Basic</con:selectedAuthProfile><con:addedBasicAuthenticationTypes>Basic</con:addedBasicAuthenticationTypes><con:authType>Global HTTP Settings</con:authType></con:credentials><con:jmsConfig JMSDeliveryMode="PERSISTENT"/><con:jmsPropertyConfig/><con:wsaConfig mustUnderstand="NONE" version="200508" action="http://fidus.brussels/services/countryservice/getAddressCountryHistory"/><con:wsrmConfig version="1.2"/></con:call><con:call id="97e4339e-9254-44f1-91fe-182f24a50c27" name="04 - Staging LB - Request" outgoingWss="Outflow STAGING" incomingWss="Inflow STAGING"><con:settings><con:setting id="com.eviware.soapui.impl.wsdl.WsdlRequest@request-headers">&lt;xml-fragment/></con:setting></con:settings><con:encoding>UTF-8</con:encoding><con:endpoint>https://fidus-esb-sg.sta.srv.cirb.lan:8443/services/CountryService_v1.0</con:endpoint><con:request><![CDATA[<soapenv:Envelope xmlns:soapenv="http://schemas.xmlsoap.org/soap/envelope/" xmlns:v1="http://fidus.brussels/service/countryservice/messages/v1" xmlns:v11="http://fidus.brussels/type/common/messages/v1" xmlns:v12="http://fsb.belgium.be/mappingServices/countryService/messages/v1_00">
   <soapenv:Header/>
   <soapenv:Body>
      <v1:getAddressCountryHistoryRequest>
         <v1:messageContext>
            <v11:messageId>${=import static java.util.UUID.randomUUID; uuid = randomUUID() as String}</v11:messageId>
            <v11:timestamp>${=new java.text.SimpleDateFormat("yyyy-MM-dd'T'HH:mm:ss.SSS").format(new Date())}</v11:timestamp>
         </v1:messageContext>
         <v1:legalContext>ServiceIntegrator</v1:legalContext>
         <v1:request>
            <v12:iso-alpha2>BE</v12:iso-alpha2>
            <v12:referenceDate>2016-10-10</v12:referenceDate>
         </v1:request>
      </v1:getAddressCountryHistoryRequest>
   </soapenv:Body>
</soapenv:Envelope>]]></con:request><con:credentials><con:selectedAuthProfile>Basic</con:selectedAuthProfile><con:addedBasicAuthenticationTypes>Basic</con:addedBasicAuthenticationTypes><con:authType>Global HTTP Settings</con:authType></con:credentials><con:jmsConfig JMSDeliveryMode="PERSISTENT"/><con:jmsPropertyConfig/><con:wsaConfig mustUnderstand="NONE" version="200508" action="http://fidus.brussels/services/countryservice/getAddressCountryHistory"/><con:wsrmConfig version="1.2"/></con:call><con:call id="0e9096f9-8189-48cc-942d-2f464a5f9fe1" name="04 - Staging Worker1 - Request" outgoingWss="Outflow STAGING" incomingWss="Inflow STAGING"><con:settings><con:setting id="com.eviware.soapui.impl.wsdl.WsdlRequest@request-headers">&lt;xml-fragment/></con:setting></con:settings><con:encoding>UTF-8</con:encoding><con:endpoint>https://192.168.24.16:8443/services/CountryService_v1.0</con:endpoint><con:request><![CDATA[<soapenv:Envelope xmlns:soapenv="http://schemas.xmlsoap.org/soap/envelope/" xmlns:v1="http://fidus.brussels/service/countryservice/messages/v1" xmlns:v11="http://fidus.brussels/type/common/messages/v1" xmlns:v12="http://fsb.belgium.be/mappingServices/countryService/messages/v1_00">
   <soapenv:Header/>
   <soapenv:Body>
      <v1:getAddressCountryHistoryRequest>
         <v1:messageContext>
            <v11:messageId>${=import static java.util.UUID.randomUUID; uuid = randomUUID() as String}</v11:messageId>
            <!--Optional:-->
            <v11:timestamp>${=new java.text.SimpleDateFormat("yyyy-MM-dd'T'HH:mm:ss.SSS").format(new Date())}</v11:timestamp>
         </v1:messageContext>
         <v1:legalContext>ServiceIntegrator</v1:legalContext>
         <v1:request>
            <v12:iso-alpha2>NL</v12:iso-alpha2>
            <!--Optional:-->
            
         </v1:request>
      </v1:getAddressCountryHistoryRequest>
   </soapenv:Body>
</soapenv:Envelope>]]></con:request><con:credentials><con:selectedAuthProfile>Basic</con:selectedAuthProfile><con:addedBasicAuthenticationTypes>Basic</con:addedBasicAuthenticationTypes><con:authType>Global HTTP Settings</con:authType></con:credentials><con:jmsConfig JMSDeliveryMode="PERSISTENT"/><con:jmsPropertyConfig/><con:wsaConfig mustUnderstand="NONE" version="200508" action="http://fidus.brussels/services/countryservice/getAddressCountryHistory"/><con:wsrmConfig version="1.2"/></con:call><con:call id="07b66cf0-2e9d-451b-b785-ac976882ec8c" name="04 - Staging Worker2 - Request" outgoingWss="Outflow STAGING" incomingWss="Inflow STAGING"><con:settings><con:setting id="com.eviware.soapui.impl.wsdl.WsdlRequest@request-headers">&lt;xml-fragment/></con:setting></con:settings><con:encoding>UTF-8</con:encoding><con:endpoint>https://192.168.24.17:8443/services/CountryService_v1.0</con:endpoint><con:request><![CDATA[<soapenv:Envelope xmlns:soapenv="http://schemas.xmlsoap.org/soap/envelope/" xmlns:v1="http://fidus.brussels/service/countryservice/messages/v1" xmlns:v11="http://fidus.brussels/type/common/messages/v1" xmlns:v12="http://fsb.belgium.be/mappingServices/countryService/messages/v1_00">
   <soapenv:Header/>
   <soapenv:Body>
      <v1:getAddressCountryHistoryRequest>
         <v1:messageContext>
            <v11:messageId>${=import static java.util.UUID.randomUUID; uuid = randomUUID() as String}</v11:messageId>
            <v11:timestamp>${=new java.text.SimpleDateFormat("yyyy-MM-dd'T'HH:mm:ss.SSS").format(new Date())}</v11:timestamp>
         </v1:messageContext>
         <v1:legalContext>ServiceIntegrator</v1:legalContext>
         <v1:request>
            <v12:iso-alpha2>AU</v12:iso-alpha2>
            <v12:referenceDate>2016-10-10</v12:referenceDate>
         </v1:request>
      </v1:getAddressCountryHistoryRequest>
   </soapenv:Body>
</soapenv:Envelope>]]></con:request><con:credentials><con:selectedAuthProfile>Basic</con:selectedAuthProfile><con:addedBasicAuthenticationTypes>Basic</con:addedBasicAuthenticationTypes><con:authType>Global HTTP Settings</con:authType></con:credentials><con:jmsConfig JMSDeliveryMode="PERSISTENT"/><con:jmsPropertyConfig/><con:wsaConfig mustUnderstand="NONE" version="200508" action="http://fidus.brussels/services/countryservice/getAddressCountryHistory"/><con:wsrmConfig version="1.2"/></con:call><con:call id="de0597c2-718f-467c-a36b-a8cee6368476" name="02 - DevNew - Request" outgoingWss="Outflow DEV" incomingWss="Inflow DEV"><con:settings><con:setting id="com.eviware.soapui.impl.wsdl.WsdlRequest@request-headers">&lt;xml-fragment/></con:setting></con:settings><con:encoding>UTF-8</con:encoding><con:endpoint>https://192.168.36.75:8243/services/CountryService_v1.0</con:endpoint><con:request><![CDATA[<soapenv:Envelope xmlns:soapenv="http://schemas.xmlsoap.org/soap/envelope/" xmlns:v1="http://fidus.brussels/service/countryservice/messages/v1" xmlns:v11="http://fidus.brussels/type/common/messages/v1" xmlns:v12="http://fsb.belgium.be/mappingServices/countryService/messages/v1_00">
   <soapenv:Header/>
   <soapenv:Body>
      <v1:getAddressCountryHistoryRequest>
         <v1:messageContext>
            <v11:messageId>${=import static java.util.UUID.randomUUID; uuid = randomUUID() as String}</v11:messageId>
            <v11:timestamp>${=new java.text.SimpleDateFormat("yyyy-MM-dd'T'HH:mm:ss.SSS").format(new Date())}</v11:timestamp>
         </v1:messageContext>
         <v1:legalContext>ServiceIntegrator</v1:legalContext>
         <v1:request>
            <v12:iso-alpha2>BE</v12:iso-alpha2>
            <!--<v12:referenceDate>2016-10-10</v12:referenceDate>-->
         </v1:request>
      </v1:getAddressCountryHistoryRequest>
   </soapenv:Body>
</soapenv:Envelope>]]></con:request><con:credentials><con:selectedAuthProfile>Basic</con:selectedAuthProfile><con:addedBasicAuthenticationTypes>Basic</con:addedBasicAuthenticationTypes><con:authType>Global HTTP Settings</con:authType></con:credentials><con:jmsConfig JMSDeliveryMode="PERSISTENT"/><con:jmsPropertyConfig/><con:wsaConfig mustUnderstand="NONE" version="200508" action="http://fidus.brussels/services/countryservice/getAddressCountryHistory"/><con:wsrmConfig version="1.2"/></con:call><con:call id="4f7bc92a-c1c5-450b-b88b-38ac68836350" name="05 - Prod - External - Request" outgoingWss="Outflow PROD" incomingWss="Inflow PROD"><con:settings><con:setting id="com.eviware.soapui.impl.wsdl.WsdlRequest@request-headers">&lt;xml-fragment/></con:setting></con:settings><con:encoding>UTF-8</con:encoding><con:endpoint>https://fidus.sec.brussels/services/CountryService_v1.0</con:endpoint><con:request><![CDATA[<soapenv:Envelope xmlns:soapenv="http://schemas.xmlsoap.org/soap/envelope/" xmlns:v1="http://fidus.brussels/service/countryservice/messages/v1" xmlns:v11="http://fidus.brussels/type/common/messages/v1" xmlns:v12="http://fsb.belgium.be/mappingServices/countryService/messages/v1_00">
   <soapenv:Header/>
   <soapenv:Body>
      <v1:getAddressCountryHistoryRequest>
         <v1:messageContext>
            <v11:messageId>${=import static java.util.UUID.randomUUID; uuid = randomUUID() as String}</v11:messageId>
            <v11:timestamp>${=new java.text.SimpleDateFormat("yyyy-MM-dd'T'HH:mm:ss.SSS").format(new Date())}</v11:timestamp>
         </v1:messageContext>
         <v1:legalContext>ServiceIntegrator</v1:legalContext>
         <v1:request>
            <v12:iso-alpha2>FR</v12:iso-alpha2>
            <v12:referenceDate>2016-10-10</v12:referenceDate>
         </v1:request>
      </v1:getAddressCountryHistoryRequest>
   </soapenv:Body>
</soapenv:Envelope>]]></con:request><con:credentials><con:selectedAuthProfile>Basic</con:selectedAuthProfile><con:addedBasicAuthenticationTypes>Basic</con:addedBasicAuthenticationTypes><con:authType>Global HTTP Settings</con:authType></con:credentials><con:jmsConfig JMSDeliveryMode="PERSISTENT"/><con:jmsPropertyConfig/><con:wsaConfig mustUnderstand="NONE" version="200508" action="http://fidus.brussels/services/countryservice/getAddressCountryHistory"/><con:wsrmConfig version="1.2"/></con:call></con:operation><con:operation id="5853c5d3-f4fc-4cc9-988f-b4174b2a9126" isOneWay="false" action="http://fidus.brussels/services/countryservice/getAllIsoCodes" name="getAllIsoCodes" bindingOperationName="getAllIsoCodes" type="Request-Response" inputName="" receivesAttachments="false" sendsAttachments="false" anonymous="optional"><con:settings/><con:call id="7875fda0-0e7c-4eb9-a27a-7f29751c3fc4" name="01 - Local - Request" outgoingWss="Outflow DEV" incomingWss="Inflow DEV"><con:settings><con:setting id="com.eviware.soapui.impl.wsdl.WsdlRequest@request-headers">&lt;xml-fragment/></con:setting></con:settings><con:encoding>UTF-8</con:encoding><con:endpoint>https://localhost:8243/services/CountryService_v1.0</con:endpoint><con:request><![CDATA[<soapenv:Envelope xmlns:soapenv="http://schemas.xmlsoap.org/soap/envelope/" xmlns:v1="http://fidus.brussels/service/countryservice/messages/v1" xmlns:v11="http://fidus.brussels/type/common/messages/v1">
   <soapenv:Header/>
   <soapenv:Body>
      <v1:getAllIsoCodesRequest>
         <v1:messageContext>
            <v11:messageId>${=import static java.util.UUID.randomUUID; uuid = randomUUID() as String}</v11:messageId>
            <!--Optional:-->
            <v11:timestamp>${=new java.text.SimpleDateFormat("yyyy-MM-dd'T'HH:mm:ss.SSS").format(new Date())}</v11:timestamp>
         </v1:messageContext>
         <v1:legalContext>ServiceIntegrator</v1:legalContext>
         <v1:request>
            <!--Optional:-->
            <v1:referenceDate>2016-10-06</v1:referenceDate>
         </v1:request>
      </v1:getAllIsoCodesRequest>
   </soapenv:Body>
</soapenv:Envelope>]]></con:request><con:credentials><con:selectedAuthProfile>Basic</con:selectedAuthProfile><con:addedBasicAuthenticationTypes>Basic</con:addedBasicAuthenticationTypes><con:authType>Global HTTP Settings</con:authType></con:credentials><con:jmsConfig JMSDeliveryMode="PERSISTENT"/><con:jmsPropertyConfig/><con:wsaConfig mustUnderstand="NONE" version="200508" action="http://fidus.brussels/services/countryservice/getAllIsoCodes"/><con:wsrmConfig version="1.2"/></con:call><con:call id="ca743506-d38b-43fb-b364-97cc987a7306" name="01 - Local - Request-Invalid_date" outgoingWss="Outflow DEV" incomingWss="Inflow DEV"><con:settings><con:setting id="com.eviware.soapui.impl.wsdl.WsdlRequest@request-headers">&lt;xml-fragment/></con:setting></con:settings><con:encoding>UTF-8</con:encoding><con:endpoint>https://localhost:8243/services/CountryService_v1.0</con:endpoint><con:request><![CDATA[<soapenv:Envelope xmlns:soapenv="http://schemas.xmlsoap.org/soap/envelope/" xmlns:v1="http://fidus.brussels/service/countryservice/messages/v1" xmlns:v11="http://fidus.brussels/type/common/messages/v1">
   <soapenv:Header/>
   <soapenv:Body>
      <v1:getAllIsoCodesRequest>
         <v1:messageContext>
            <v11:messageId>${=import static java.util.UUID.randomUUID; uuid = randomUUID() as String}</v11:messageId>
            <!--Optional:-->
            <v11:timestamp>${=new java.text.SimpleDateFormat("yyyy-MM-dd'T'HH:mm:ss.SSS").format(new Date())}</v11:timestamp>
         </v1:messageContext>
         <v1:legalContext>ServiceIntegrator</v1:legalContext>
         <v1:request>
            <!--Optional:-->
            <v1:referenceDate>2017-10-06</v1:referenceDate>
         </v1:request>
      </v1:getAllIsoCodesRequest>
   </soapenv:Body>
</soapenv:Envelope>]]></con:request><con:credentials><con:selectedAuthProfile>Basic</con:selectedAuthProfile><con:addedBasicAuthenticationTypes>Basic</con:addedBasicAuthenticationTypes><con:authType>Global HTTP Settings</con:authType></con:credentials><con:jmsConfig JMSDeliveryMode="PERSISTENT"/><con:jmsPropertyConfig/><con:wsaConfig mustUnderstand="NONE" version="200508" action="http://fidus.brussels/services/countryservice/getAllIsoCodes"/><con:wsrmConfig version="1.2"/></con:call><con:call id="682c365d-210c-498f-b577-1672852501a0" name="03 - Test Worker1 - Request" outgoingWss="Outflow TEST" incomingWss="Inflow TEST"><con:settings><con:setting id="com.eviware.soapui.impl.wsdl.WsdlRequest@request-headers">&lt;xml-fragment/></con:setting></con:settings><con:encoding>UTF-8</con:encoding><con:endpoint>https://192.168.24.16:8443/services/CountryService_v1.0</con:endpoint><con:request><![CDATA[<soapenv:Envelope xmlns:soapenv="http://schemas.xmlsoap.org/soap/envelope/" xmlns:v1="http://fidus.brussels/service/countryservice/messages/v1" xmlns:v11="http://fidus.brussels/type/common/messages/v1">
   <soapenv:Header/>
   <soapenv:Body>
      <v1:getAllIsoCodesRequest>
         <v1:messageContext>
         	  <v11:messageId>${=import static java.util.UUID.randomUUID; uuid = randomUUID() as String}</v11:messageId>
            <v11:timestamp>${=new java.text.SimpleDateFormat("yyyy-MM-dd'T'HH:mm:ss.SSS").format(new Date())}</v11:timestamp>
         </v1:messageContext>
         <v1:legalContext>ServiceIntegrator</v1:legalContext>
         <v1:request>
            <!--Optional:-->
            <v1:referenceDate>2016-10-06</v1:referenceDate>
         </v1:request>
      </v1:getAllIsoCodesRequest>
   </soapenv:Body>
</soapenv:Envelope>]]></con:request><con:credentials><con:selectedAuthProfile>Basic</con:selectedAuthProfile><con:addedBasicAuthenticationTypes>Basic</con:addedBasicAuthenticationTypes><con:authType>Global HTTP Settings</con:authType></con:credentials><con:jmsConfig JMSDeliveryMode="PERSISTENT"/><con:jmsPropertyConfig/><con:wsaConfig mustUnderstand="NONE" version="200508" action="http://fidus.brussels/services/countryservice/getAllIsoCodes"/><con:wsrmConfig version="1.2"/></con:call><con:call id="8e04fbfe-0da0-4bce-af63-3b4f61d4bb56" name="02 - Dev - Request" outgoingWss="Outflow DEV" incomingWss="Inflow DEV"><con:settings><con:setting id="com.eviware.soapui.impl.wsdl.WsdlRequest@request-headers">&lt;xml-fragment/></con:setting></con:settings><con:encoding>UTF-8</con:encoding><con:endpoint>https://192.168.36.61:8243/services/CountryService_v1.0</con:endpoint><con:request><![CDATA[<soapenv:Envelope xmlns:soapenv="http://schemas.xmlsoap.org/soap/envelope/" xmlns:v1="http://fidus.brussels/service/countryservice/messages/v1" xmlns:v11="http://fidus.brussels/type/common/messages/v1">
   <soapenv:Header/>
   <soapenv:Body>
      <v1:getAllIsoCodesRequest>
         <v1:messageContext>
            <v11:messageId>${=import static java.util.UUID.randomUUID; uuid = randomUUID() as String}</v11:messageId>
            <!--Optional:-->
            <v11:timestamp>${=new java.text.SimpleDateFormat("yyyy-MM-dd'T'HH:mm:ss.SSS").format(new Date())}</v11:timestamp>
         </v1:messageContext>
         <v1:legalContext>ServiceIntegrator</v1:legalContext>
         <v1:request>
            <!--Optional:-->
            <v1:referenceDate>2016-10-06</v1:referenceDate>
         </v1:request>
      </v1:getAllIsoCodesRequest>
   </soapenv:Body>
</soapenv:Envelope>]]></con:request><con:credentials><con:selectedAuthProfile>Basic</con:selectedAuthProfile><con:addedBasicAuthenticationTypes>Basic</con:addedBasicAuthenticationTypes><con:authType>Global HTTP Settings</con:authType></con:credentials><con:jmsConfig JMSDeliveryMode="PERSISTENT"/><con:jmsPropertyConfig/><con:wsaConfig mustUnderstand="NONE" version="200508" action="http://fidus.brussels/services/countryservice/getAllIsoCodes"/><con:wsrmConfig version="1.2"/></con:call><con:call id="44946259-5df3-4718-9e3c-b200700a539b" name="03 - Test External - Request" outgoingWss="Outflow TEST" incomingWss="Inflow TEST"><con:settings><con:setting id="com.eviware.soapui.impl.wsdl.WsdlRequest@request-headers">&lt;xml-fragment/></con:setting></con:settings><con:encoding>UTF-8</con:encoding><con:endpoint>https://fidus-test.irisnetlab.be/services/CountryService_v1.0</con:endpoint><con:request><![CDATA[<soapenv:Envelope xmlns:soapenv="http://schemas.xmlsoap.org/soap/envelope/" xmlns:v1="http://fidus.brussels/service/countryservice/messages/v1" xmlns:v11="http://fidus.brussels/type/common/messages/v1">
   <soapenv:Header/>
   <soapenv:Body>
      <v1:getAllIsoCodesRequest>
         <v1:messageContext>
         	  <v11:messageId>${=import static java.util.UUID.randomUUID; uuid = randomUUID() as String}</v11:messageId>
            <v11:timestamp>${=new java.text.SimpleDateFormat("yyyy-MM-dd'T'HH:mm:ss.SSS").format(new Date())}</v11:timestamp>
         </v1:messageContext>
         <v1:legalContext>ServiceIntegrator</v1:legalContext>
         <v1:request>
            <!--Optional:-->
            <v1:referenceDate>2016-10-06</v1:referenceDate>
         </v1:request>
      </v1:getAllIsoCodesRequest>
   </soapenv:Body>
</soapenv:Envelope>]]></con:request><con:credentials><con:selectedAuthProfile>Basic</con:selectedAuthProfile><con:addedBasicAuthenticationTypes>Basic</con:addedBasicAuthenticationTypes><con:authType>Global HTTP Settings</con:authType></con:credentials><con:jmsConfig JMSDeliveryMode="PERSISTENT"/><con:jmsPropertyConfig/><con:wsaConfig mustUnderstand="NONE" version="200508" action="http://fidus.brussels/services/countryservice/getAllIsoCodes"/><con:wsrmConfig version="1.2"/></con:call><con:call id="6358e559-6354-4602-a0e0-35103d6076db" name="03 - Test LB - Request" outgoingWss="Outflow TEST" incomingWss="Inflow TEST"><con:settings><con:setting id="com.eviware.soapui.impl.wsdl.WsdlRequest@request-headers">&lt;xml-fragment/></con:setting></con:settings><con:encoding>UTF-8</con:encoding><con:endpoint>https://fidus-esb-sg.sta.srv.cirb.lan:8443/services/CountryService_v1.0</con:endpoint><con:request><![CDATA[<soapenv:Envelope xmlns:soapenv="http://schemas.xmlsoap.org/soap/envelope/" xmlns:v1="http://fidus.brussels/service/countryservice/messages/v1" xmlns:v11="http://fidus.brussels/type/common/messages/v1">
   <soapenv:Header/>
   <soapenv:Body>
      <v1:getAllIsoCodesRequest>
         <v1:messageContext>
         	  <v11:messageId>${=import static java.util.UUID.randomUUID; uuid = randomUUID() as String}</v11:messageId>
            <v11:timestamp>${=new java.text.SimpleDateFormat("yyyy-MM-dd'T'HH:mm:ss.SSS").format(new Date())}</v11:timestamp>
         </v1:messageContext>
         <v1:legalContext>ServiceIntegrator</v1:legalContext>
         <v1:request>
            <!--Optional:-->
            <v1:referenceDate>2016-10-06</v1:referenceDate>
         </v1:request>
      </v1:getAllIsoCodesRequest>
   </soapenv:Body>
</soapenv:Envelope>]]></con:request><con:credentials><con:selectedAuthProfile>Basic</con:selectedAuthProfile><con:addedBasicAuthenticationTypes>Basic</con:addedBasicAuthenticationTypes><con:authType>Global HTTP Settings</con:authType></con:credentials><con:jmsConfig JMSDeliveryMode="PERSISTENT"/><con:jmsPropertyConfig/><con:wsaConfig mustUnderstand="NONE" version="200508" action="http://fidus.brussels/services/countryservice/getAllIsoCodes"/><con:wsrmConfig version="1.2"/></con:call><con:call id="ecc97e09-c044-4d1e-8115-012d3206f7a3" name="03 - Test Worker2 - Request" outgoingWss="Outflow TEST" incomingWss="Inflow TEST"><con:settings><con:setting id="com.eviware.soapui.impl.wsdl.WsdlRequest@request-headers">&lt;xml-fragment/></con:setting></con:settings><con:encoding>UTF-8</con:encoding><con:endpoint>https://192.168.24.17:8443/services/CountryService_v1.0</con:endpoint><con:request><![CDATA[<soapenv:Envelope xmlns:soapenv="http://schemas.xmlsoap.org/soap/envelope/" xmlns:v1="http://fidus.brussels/service/countryservice/messages/v1" xmlns:v11="http://fidus.brussels/type/common/messages/v1">
   <soapenv:Header/>
   <soapenv:Body>
      <v1:getAllIsoCodesRequest>
         <v1:messageContext>
         	  <v11:messageId>${=import static java.util.UUID.randomUUID; uuid = randomUUID() as String}</v11:messageId>
            <v11:timestamp>${=new java.text.SimpleDateFormat("yyyy-MM-dd'T'HH:mm:ss.SSS").format(new Date())}</v11:timestamp>
         </v1:messageContext>
         <v1:legalContext>ServiceIntegrator</v1:legalContext>
         <v1:request>
            <!--Optional:-->
            <v1:referenceDate>2016-10-06</v1:referenceDate>
         </v1:request>
      </v1:getAllIsoCodesRequest>
   </soapenv:Body>
</soapenv:Envelope>]]></con:request><con:credentials><con:selectedAuthProfile>Basic</con:selectedAuthProfile><con:addedBasicAuthenticationTypes>Basic</con:addedBasicAuthenticationTypes><con:authType>Global HTTP Settings</con:authType></con:credentials><con:jmsConfig JMSDeliveryMode="PERSISTENT"/><con:jmsPropertyConfig/><con:wsaConfig mustUnderstand="NONE" version="200508" action="http://fidus.brussels/services/countryservice/getAllIsoCodes"/><con:wsrmConfig version="1.2"/></con:call><con:call id="06eeac7e-36fc-47c5-8b86-750a3b11a286" name="04 - Staging External - Request" outgoingWss="Outflow STAGING" incomingWss="Inflow STAGING"><con:settings><con:setting id="com.eviware.soapui.impl.wsdl.WsdlRequest@request-headers">&lt;xml-fragment/></con:setting></con:settings><con:encoding>UTF-8</con:encoding><con:endpoint>https://fidus.irisnetlab.be/services/CountryService_v1.0</con:endpoint><con:request><![CDATA[<soapenv:Envelope xmlns:soapenv="http://schemas.xmlsoap.org/soap/envelope/" xmlns:v1="http://fidus.brussels/service/countryservice/messages/v1" xmlns:v11="http://fidus.brussels/type/common/messages/v1">
   <soapenv:Header/>
   <soapenv:Body>
      <v1:getAllIsoCodesRequest>
         <v1:messageContext>
         	  <v11:messageId>${=import static java.util.UUID.randomUUID; uuid = randomUUID() as String}</v11:messageId>
            <v11:timestamp>${=new java.text.SimpleDateFormat("yyyy-MM-dd'T'HH:mm:ss.SSS").format(new Date())}</v11:timestamp>
         </v1:messageContext>
         <v1:legalContext>ServiceIntegrator</v1:legalContext>
         <v1:request>
            <!--Optional:-->
            <v1:referenceDate>2016-10-06</v1:referenceDate>
         </v1:request>
      </v1:getAllIsoCodesRequest>
   </soapenv:Body>
</soapenv:Envelope>]]></con:request><con:credentials><con:selectedAuthProfile>Basic</con:selectedAuthProfile><con:addedBasicAuthenticationTypes>Basic</con:addedBasicAuthenticationTypes><con:authType>Global HTTP Settings</con:authType></con:credentials><con:jmsConfig JMSDeliveryMode="PERSISTENT"/><con:jmsPropertyConfig/><con:wsaConfig mustUnderstand="NONE" version="200508" action="http://fidus.brussels/services/countryservice/getAllIsoCodes"/><con:wsrmConfig version="1.2"/></con:call><con:call id="bb5c777b-db03-46ea-b03f-80b4a0fd3a04" name="04 - Staging LB - Request" outgoingWss="Outflow STAGING" incomingWss="Inflow STAGING"><con:settings><con:setting id="com.eviware.soapui.impl.wsdl.WsdlRequest@request-headers">&lt;xml-fragment/></con:setting></con:settings><con:encoding>UTF-8</con:encoding><con:endpoint>https://fidus-esb-sg.sta.srv.cirb.lan:8443/services/CountryService_v1.0</con:endpoint><con:request><![CDATA[<soapenv:Envelope xmlns:soapenv="http://schemas.xmlsoap.org/soap/envelope/" xmlns:v1="http://fidus.brussels/service/countryservice/messages/v1" xmlns:v11="http://fidus.brussels/type/common/messages/v1">
   <soapenv:Header/>
   <soapenv:Body>
      <v1:getAllIsoCodesRequest>
         <v1:messageContext>
         	  <v11:messageId>${=import static java.util.UUID.randomUUID; uuid = randomUUID() as String}</v11:messageId>
            <v11:timestamp>${=new java.text.SimpleDateFormat("yyyy-MM-dd'T'HH:mm:ss.SSS").format(new Date())}</v11:timestamp>
         </v1:messageContext>
         <v1:legalContext>ServiceIntegrator</v1:legalContext>
         <v1:request>
            <!--Optional:-->
            <v1:referenceDate>2016-10-06</v1:referenceDate>
         </v1:request>
      </v1:getAllIsoCodesRequest>
   </soapenv:Body>
</soapenv:Envelope>]]></con:request><con:credentials><con:selectedAuthProfile>Basic</con:selectedAuthProfile><con:addedBasicAuthenticationTypes>Basic</con:addedBasicAuthenticationTypes><con:authType>Global HTTP Settings</con:authType></con:credentials><con:jmsConfig JMSDeliveryMode="PERSISTENT"/><con:jmsPropertyConfig/><con:wsaConfig mustUnderstand="NONE" version="200508" action="http://fidus.brussels/services/countryservice/getAllIsoCodes"/><con:wsrmConfig version="1.2"/></con:call><con:call id="40a7a57b-6577-448b-ab01-c4e45ca69e78" name="04 - Staging Worker1 - Request" outgoingWss="Outflow STAGING" incomingWss="Inflow STAGING"><con:settings><con:setting id="com.eviware.soapui.impl.wsdl.WsdlRequest@request-headers">&lt;xml-fragment/></con:setting></con:settings><con:encoding>UTF-8</con:encoding><con:endpoint>https://192.168.24.16:8443/services/CountryService_v1.0</con:endpoint><con:request><![CDATA[<soapenv:Envelope xmlns:soapenv="http://schemas.xmlsoap.org/soap/envelope/" xmlns:v1="http://fidus.brussels/service/countryservice/messages/v1" xmlns:v11="http://fidus.brussels/type/common/messages/v1">
   <soapenv:Header/>
   <soapenv:Body>
      <v1:getAllIsoCodesRequest>
         <v1:messageContext>
         	  <v11:messageId>${=import static java.util.UUID.randomUUID; uuid = randomUUID() as String}</v11:messageId>
            <v11:timestamp>${=new java.text.SimpleDateFormat("yyyy-MM-dd'T'HH:mm:ss.SSS").format(new Date())}</v11:timestamp>
         </v1:messageContext>
         <v1:legalContext>ServiceIntegrator</v1:legalContext>
         <v1:request>
            <!--Optional:-->
            <v1:referenceDate>2016-10-06</v1:referenceDate>
         </v1:request>
      </v1:getAllIsoCodesRequest>
   </soapenv:Body>
</soapenv:Envelope>]]></con:request><con:credentials><con:selectedAuthProfile>Basic</con:selectedAuthProfile><con:addedBasicAuthenticationTypes>Basic</con:addedBasicAuthenticationTypes><con:authType>Global HTTP Settings</con:authType></con:credentials><con:jmsConfig JMSDeliveryMode="PERSISTENT"/><con:jmsPropertyConfig/><con:wsaConfig mustUnderstand="NONE" version="200508" action="http://fidus.brussels/services/countryservice/getAllIsoCodes"/><con:wsrmConfig version="1.2"/></con:call><con:call id="06991228-144d-406f-a4a5-6309ee538bd9" name="04 - Staging Worker2 - Request" outgoingWss="Outflow STAGING" incomingWss="Inflow STAGING"><con:settings><con:setting id="com.eviware.soapui.impl.wsdl.WsdlRequest@request-headers">&lt;xml-fragment/></con:setting></con:settings><con:encoding>UTF-8</con:encoding><con:endpoint>https://192.168.24.17:8443/services/CountryService_v1.0</con:endpoint><con:request><![CDATA[<soapenv:Envelope xmlns:soapenv="http://schemas.xmlsoap.org/soap/envelope/" xmlns:v1="http://fidus.brussels/service/countryservice/messages/v1" xmlns:v11="http://fidus.brussels/type/common/messages/v1">
   <soapenv:Header/>
   <soapenv:Body>
      <v1:getAllIsoCodesRequest>
         <v1:messageContext>
         	  <v11:messageId>${=import static java.util.UUID.randomUUID; uuid = randomUUID() as String}</v11:messageId>
            <v11:timestamp>${=new java.text.SimpleDateFormat("yyyy-MM-dd'T'HH:mm:ss.SSS").format(new Date())}</v11:timestamp>
         </v1:messageContext>
         <v1:legalContext>ServiceIntegrator</v1:legalContext>
         <v1:request>
            <!--Optional:-->
            <v1:referenceDate>2016-10-06</v1:referenceDate>
         </v1:request>
      </v1:getAllIsoCodesRequest>
   </soapenv:Body>
</soapenv:Envelope>]]></con:request><con:credentials><con:selectedAuthProfile>Basic</con:selectedAuthProfile><con:addedBasicAuthenticationTypes>Basic</con:addedBasicAuthenticationTypes><con:authType>Global HTTP Settings</con:authType></con:credentials><con:jmsConfig JMSDeliveryMode="PERSISTENT"/><con:jmsPropertyConfig/><con:wsaConfig mustUnderstand="NONE" version="200508" action="http://fidus.brussels/services/countryservice/getAllIsoCodes"/><con:wsrmConfig version="1.2"/></con:call><con:call id="e83419fa-8dcf-40c9-8a68-19072bee3d24" name="02 - DevNew - Request" outgoingWss="Outflow DEV" incomingWss="Inflow DEV"><con:settings><con:setting id="com.eviware.soapui.impl.wsdl.WsdlRequest@request-headers">&lt;xml-fragment/></con:setting></con:settings><con:encoding>UTF-8</con:encoding><con:endpoint>https://192.168.36.75:8243/services/CountryService_v1.0</con:endpoint><con:request><![CDATA[<soapenv:Envelope xmlns:soapenv="http://schemas.xmlsoap.org/soap/envelope/" xmlns:v1="http://fidus.brussels/service/countryservice/messages/v1" xmlns:v11="http://fidus.brussels/type/common/messages/v1">
   <soapenv:Header/>
   <soapenv:Body>
      <v1:getAllIsoCodesRequest>
         <v1:messageContext>
            <v11:messageId>${=import static java.util.UUID.randomUUID; uuid = randomUUID() as String}</v11:messageId>
            <!--Optional:-->
            <v11:timestamp>${=new java.text.SimpleDateFormat("yyyy-MM-dd'T'HH:mm:ss.SSS").format(new Date())}</v11:timestamp>
         </v1:messageContext>
         <v1:legalContext>ServiceIntegrator</v1:legalContext>
         <v1:request>
            <!--Optional:-->
            <v1:referenceDate>2016-10-06</v1:referenceDate>
         </v1:request>
      </v1:getAllIsoCodesRequest>
   </soapenv:Body>
</soapenv:Envelope>]]></con:request><con:credentials><con:selectedAuthProfile>Basic</con:selectedAuthProfile><con:addedBasicAuthenticationTypes>Basic</con:addedBasicAuthenticationTypes><con:authType>Global HTTP Settings</con:authType></con:credentials><con:jmsConfig JMSDeliveryMode="PERSISTENT"/><con:jmsPropertyConfig/><con:wsaConfig mustUnderstand="NONE" version="200508" action="http://fidus.brussels/services/countryservice/getAllIsoCodes"/><con:wsrmConfig version="1.2"/></con:call><con:call id="fcf544f6-0a37-41b8-98ab-a9b22560644e" name="05 - Prod - External - Request" outgoingWss="Outflow PROD" incomingWss="Inflow PROD"><con:settings><con:setting id="com.eviware.soapui.impl.wsdl.WsdlRequest@request-headers">&lt;xml-fragment/></con:setting></con:settings><con:encoding>UTF-8</con:encoding><con:endpoint>https://fidus.sec.brussels/services/CountryService_v1.0</con:endpoint><con:request><![CDATA[<soapenv:Envelope xmlns:soapenv="http://schemas.xmlsoap.org/soap/envelope/" xmlns:v1="http://fidus.brussels/service/countryservice/messages/v1" xmlns:v11="http://fidus.brussels/type/common/messages/v1">
   <soapenv:Header/>
   <soapenv:Body>
      <v1:getAllIsoCodesRequest>
         <v1:messageContext>
         	  <v11:messageId>${=import static java.util.UUID.randomUUID; uuid = randomUUID() as String}</v11:messageId>
            <v11:timestamp>${=new java.text.SimpleDateFormat("yyyy-MM-dd'T'HH:mm:ss.SSS").format(new Date())}</v11:timestamp>
         </v1:messageContext>
         <v1:legalContext>ServiceIntegrator</v1:legalContext>
         <v1:request>
            <!--Optional:-->
            <v1:referenceDate>2016-10-06</v1:referenceDate>
         </v1:request>
      </v1:getAllIsoCodesRequest>
   </soapenv:Body>
</soapenv:Envelope>]]></con:request><con:credentials><con:selectedAuthProfile>Basic</con:selectedAuthProfile><con:addedBasicAuthenticationTypes>Basic</con:addedBasicAuthenticationTypes><con:authType>Global HTTP Settings</con:authType></con:credentials><con:jmsConfig JMSDeliveryMode="PERSISTENT"/><con:jmsPropertyConfig/><con:wsaConfig mustUnderstand="NONE" version="200508" action="http://fidus.brussels/services/countryservice/getAllIsoCodes"/><con:wsrmConfig version="1.2"/></con:call></con:operation><con:operation id="99a02a60-38c2-4fbd-b8dc-64df25ab0598" isOneWay="false" action="http://fidus.brussels/services/countryservice/getAllNisCodes" name="getAllNisCodes" bindingOperationName="getAllNisCodes" type="Request-Response" inputName="" receivesAttachments="false" sendsAttachments="false" anonymous="optional"><con:settings/><con:call id="8f8f702c-e21e-452b-873d-e7174934bf01" name="01 - Local - Request" outgoingWss="Outflow DEV" incomingWss="Inflow DEV"><con:settings><con:setting id="com.eviware.soapui.impl.wsdl.WsdlRequest@request-headers">&lt;xml-fragment/></con:setting></con:settings><con:encoding>UTF-8</con:encoding><con:endpoint>https://localhost:8243/services/CountryService_v1.0</con:endpoint><con:request><![CDATA[<soapenv:Envelope xmlns:soapenv="http://schemas.xmlsoap.org/soap/envelope/" xmlns:v1="http://fidus.brussels/service/countryservice/messages/v1" xmlns:v11="http://fidus.brussels/type/common/messages/v1">
   <soapenv:Header/>
   <soapenv:Body>
      <v1:getAllNisCodesRequest>
         <v1:messageContext>
            <v11:messageId>${=import static java.util.UUID.randomUUID; uuid = randomUUID() as String}</v11:messageId>            
            <v11:timestamp>${=new java.text.SimpleDateFormat("yyyy-MM-dd'T'HH:mm:ss.SSS").format(new Date())}</v11:timestamp>
         </v1:messageContext>
         <v1:legalContext>ServiceIntegrator</v1:legalContext>
         <v1:request>
            <!--Optional:-->
            <v1:referenceDate>2016-10-13</v1:referenceDate>
         </v1:request>
      </v1:getAllNisCodesRequest>
   </soapenv:Body>
</soapenv:Envelope>]]></con:request><con:credentials><con:selectedAuthProfile>Basic</con:selectedAuthProfile><con:addedBasicAuthenticationTypes>Basic</con:addedBasicAuthenticationTypes><con:authType>Global HTTP Settings</con:authType></con:credentials><con:jmsConfig JMSDeliveryMode="PERSISTENT"/><con:jmsPropertyConfig/><con:wsaConfig mustUnderstand="NONE" version="200508" action="http://fidus.brussels/services/countryservice/getAllNisCodes"/><con:wsrmConfig version="1.2"/></con:call><con:call id="2cae5ad4-0a1b-469f-82d5-480b1fbe7b4c" name="01 - Local - Request-Invalid_date" outgoingWss="Outflow DEV" incomingWss="Inflow DEV"><con:settings><con:setting id="com.eviware.soapui.impl.wsdl.WsdlRequest@request-headers">&lt;xml-fragment/></con:setting></con:settings><con:encoding>UTF-8</con:encoding><con:endpoint>https://localhost:8243/services/CountryService_v1.0</con:endpoint><con:request><![CDATA[<soapenv:Envelope xmlns:soapenv="http://schemas.xmlsoap.org/soap/envelope/" xmlns:v1="http://fidus.brussels/service/countryservice/messages/v1" xmlns:v11="http://fidus.brussels/type/common/messages/v1">
   <soapenv:Header/>
   <soapenv:Body>
      <v1:getAllNisCodesRequest>
         <v1:messageContext>
            <v11:messageId>${=import static java.util.UUID.randomUUID; uuid = randomUUID() as String}</v11:messageId>            
            <v11:timestamp>${=new java.text.SimpleDateFormat("yyyy-MM-dd'T'HH:mm:ss.SSS").format(new Date())}</v11:timestamp>
         </v1:messageContext>
         <v1:legalContext>ServiceIntegrator</v1:legalContext>
         <v1:request>
            <!--Optional:-->
            <v1:referenceDate>2016-10-18</v1:referenceDate>
         </v1:request>
      </v1:getAllNisCodesRequest>
   </soapenv:Body>
</soapenv:Envelope>]]></con:request><con:credentials><con:selectedAuthProfile>Basic</con:selectedAuthProfile><con:addedBasicAuthenticationTypes>Basic</con:addedBasicAuthenticationTypes><con:authType>Global HTTP Settings</con:authType></con:credentials><con:jmsConfig JMSDeliveryMode="PERSISTENT"/><con:jmsPropertyConfig/><con:wsaConfig mustUnderstand="NONE" version="200508" action="http://fidus.brussels/services/countryservice/getAllNisCodes"/><con:wsrmConfig version="1.2"/></con:call><con:call id="b46177de-e43e-4849-8d0b-cf23b3b18fb2" name="02 - Dev - Request" outgoingWss="Outflow DEV" incomingWss="Inflow DEV"><con:settings><con:setting id="com.eviware.soapui.impl.wsdl.WsdlRequest@request-headers">&lt;xml-fragment/></con:setting></con:settings><con:encoding>UTF-8</con:encoding><con:endpoint>https://192.168.36.61:8243/services/CountryService_v1.0</con:endpoint><con:request><![CDATA[<soapenv:Envelope xmlns:soapenv="http://schemas.xmlsoap.org/soap/envelope/" xmlns:v1="http://fidus.brussels/service/countryservice/messages/v1" xmlns:v11="http://fidus.brussels/type/common/messages/v1">
   <soapenv:Header/>
   <soapenv:Body>
      <v1:getAllNisCodesRequest>
         <v1:messageContext>
            <v11:messageId>${=import static java.util.UUID.randomUUID; uuid = randomUUID() as String}</v11:messageId>            
            <v11:timestamp>${=new java.text.SimpleDateFormat("yyyy-MM-dd'T'HH:mm:ss.SSS").format(new Date())}</v11:timestamp>
         </v1:messageContext>
         <v1:legalContext>ServiceIntegrator</v1:legalContext>
         <v1:request>
            <!--Optional:-->
            <v1:referenceDate>2016-10-13</v1:referenceDate>
         </v1:request>
      </v1:getAllNisCodesRequest>
   </soapenv:Body>
</soapenv:Envelope>]]></con:request><con:credentials><con:selectedAuthProfile>Basic</con:selectedAuthProfile><con:addedBasicAuthenticationTypes>Basic</con:addedBasicAuthenticationTypes><con:authType>Global HTTP Settings</con:authType></con:credentials><con:jmsConfig JMSDeliveryMode="PERSISTENT"/><con:jmsPropertyConfig/><con:wsaConfig mustUnderstand="NONE" version="200508" action="http://fidus.brussels/services/countryservice/getAllNisCodes"/><con:wsrmConfig version="1.2"/></con:call><con:call id="9e613898-8b23-4b72-8c54-c385e375fe28" name="03 - Test External - Request" outgoingWss="Outflow TEST" incomingWss="Inflow TEST"><con:settings><con:setting id="com.eviware.soapui.impl.wsdl.WsdlRequest@request-headers">&lt;xml-fragment/></con:setting></con:settings><con:encoding>UTF-8</con:encoding><con:endpoint>https://fidus-test.irisnetlab.be/services/CountryService_v1.0</con:endpoint><con:request><![CDATA[<soapenv:Envelope xmlns:soapenv="http://schemas.xmlsoap.org/soap/envelope/" xmlns:v1="http://fidus.brussels/service/countryservice/messages/v1" xmlns:v11="http://fidus.brussels/type/common/messages/v1">
   <soapenv:Header/>
   <soapenv:Body>
      <v1:getAllNisCodesRequest>
         <v1:messageContext>
            <v11:messageId>${=import static java.util.UUID.randomUUID; uuid = randomUUID() as String}</v11:messageId>            
            <v11:timestamp>${=new java.text.SimpleDateFormat("yyyy-MM-dd'T'HH:mm:ss.SSS").format(new Date())}</v11:timestamp>
         </v1:messageContext>
         <v1:legalContext>ServiceIntegrator</v1:legalContext>
         <v1:request>
            <!--Optional:-->
            <v1:referenceDate>2016-10-13</v1:referenceDate>
         </v1:request>
      </v1:getAllNisCodesRequest>
   </soapenv:Body>
</soapenv:Envelope>]]></con:request><con:credentials><con:selectedAuthProfile>Basic</con:selectedAuthProfile><con:addedBasicAuthenticationTypes>Basic</con:addedBasicAuthenticationTypes><con:authType>Global HTTP Settings</con:authType></con:credentials><con:jmsConfig JMSDeliveryMode="PERSISTENT"/><con:jmsPropertyConfig/><con:wsaConfig mustUnderstand="NONE" version="200508" action="http://fidus.brussels/services/countryservice/getAllNisCodes"/><con:wsrmConfig version="1.2"/></con:call><con:call id="dab9f481-25d5-49fb-949f-e0d34406b24a" name="03 - Test LB - Request" outgoingWss="Outflow TEST" incomingWss="Inflow TEST"><con:settings><con:setting id="com.eviware.soapui.impl.wsdl.WsdlRequest@request-headers">&lt;xml-fragment/></con:setting></con:settings><con:encoding>UTF-8</con:encoding><con:endpoint>https://fidus-esb-sg.sta.srv.cirb.lan:8443/services/CountryService_v1.0</con:endpoint><con:request><![CDATA[<soapenv:Envelope xmlns:soapenv="http://schemas.xmlsoap.org/soap/envelope/" xmlns:v1="http://fidus.brussels/service/countryservice/messages/v1" xmlns:v11="http://fidus.brussels/type/common/messages/v1">
   <soapenv:Header/>
   <soapenv:Body>
      <v1:getAllNisCodesRequest>
         <v1:messageContext>
            <v11:messageId>${=import static java.util.UUID.randomUUID; uuid = randomUUID() as String}</v11:messageId>            
            <v11:timestamp>${=new java.text.SimpleDateFormat("yyyy-MM-dd'T'HH:mm:ss.SSS").format(new Date())}</v11:timestamp>
         </v1:messageContext>
         <v1:legalContext>ServiceIntegrator</v1:legalContext>
         <v1:request>
            <!--Optional:-->
            <v1:referenceDate>2016-10-13</v1:referenceDate>
         </v1:request>
      </v1:getAllNisCodesRequest>
   </soapenv:Body>
</soapenv:Envelope>]]></con:request><con:credentials><con:selectedAuthProfile>Basic</con:selectedAuthProfile><con:addedBasicAuthenticationTypes>Basic</con:addedBasicAuthenticationTypes><con:authType>Global HTTP Settings</con:authType></con:credentials><con:jmsConfig JMSDeliveryMode="PERSISTENT"/><con:jmsPropertyConfig/><con:wsaConfig mustUnderstand="NONE" version="200508" action="http://fidus.brussels/services/countryservice/getAllNisCodes"/><con:wsrmConfig version="1.2"/></con:call><con:call id="43f85fef-9e89-4cd8-aebd-e9f6085f4eed" name="03 - Test Worker1 - Request" outgoingWss="Outflow TEST" incomingWss="Inflow TEST"><con:settings><con:setting id="com.eviware.soapui.impl.wsdl.WsdlRequest@request-headers">&lt;xml-fragment/></con:setting></con:settings><con:encoding>UTF-8</con:encoding><con:endpoint>https://192.168.24.16:8443/services/CountryService_v1.0</con:endpoint><con:request><![CDATA[<soapenv:Envelope xmlns:soapenv="http://schemas.xmlsoap.org/soap/envelope/" xmlns:v1="http://fidus.brussels/service/countryservice/messages/v1" xmlns:v11="http://fidus.brussels/type/common/messages/v1">
   <soapenv:Header/>
   <soapenv:Body>
      <v1:getAllNisCodesRequest>
         <v1:messageContext>
            <v11:messageId>${=import static java.util.UUID.randomUUID; uuid = randomUUID() as String}</v11:messageId>            
            <v11:timestamp>${=new java.text.SimpleDateFormat("yyyy-MM-dd'T'HH:mm:ss.SSS").format(new Date())}</v11:timestamp>
         </v1:messageContext>
         <v1:legalContext>ServiceIntegrator</v1:legalContext>
         <v1:request>
            <!--Optional:-->
            <v1:referenceDate>2016-10-13</v1:referenceDate>
         </v1:request>
      </v1:getAllNisCodesRequest>
   </soapenv:Body>
</soapenv:Envelope>]]></con:request><con:credentials><con:selectedAuthProfile>Basic</con:selectedAuthProfile><con:addedBasicAuthenticationTypes>Basic</con:addedBasicAuthenticationTypes><con:authType>Global HTTP Settings</con:authType></con:credentials><con:jmsConfig JMSDeliveryMode="PERSISTENT"/><con:jmsPropertyConfig/><con:wsaConfig mustUnderstand="NONE" version="200508" action="http://fidus.brussels/services/countryservice/getAllNisCodes"/><con:wsrmConfig version="1.2"/></con:call><con:call id="46e2f336-4a13-4089-8f1a-47d107b04caa" name="03 - Test Worker2 - Request" outgoingWss="Outflow TEST" incomingWss="Inflow TEST"><con:settings><con:setting id="com.eviware.soapui.impl.wsdl.WsdlRequest@request-headers">&lt;xml-fragment/></con:setting></con:settings><con:encoding>UTF-8</con:encoding><con:endpoint>https://192.168.24.17:8443/services/CountryService_v1.0</con:endpoint><con:request><![CDATA[<soapenv:Envelope xmlns:soapenv="http://schemas.xmlsoap.org/soap/envelope/" xmlns:v1="http://fidus.brussels/service/countryservice/messages/v1" xmlns:v11="http://fidus.brussels/type/common/messages/v1">
   <soapenv:Header/>
   <soapenv:Body>
      <v1:getAllNisCodesRequest>
         <v1:messageContext>
            <v11:messageId>${=import static java.util.UUID.randomUUID; uuid = randomUUID() as String}</v11:messageId>            
            <v11:timestamp>${=new java.text.SimpleDateFormat("yyyy-MM-dd'T'HH:mm:ss.SSS").format(new Date())}</v11:timestamp>
         </v1:messageContext>
         <v1:legalContext>ServiceIntegrator</v1:legalContext>
         <v1:request>
            <!--Optional:-->
            <v1:referenceDate>2016-10-13</v1:referenceDate>
         </v1:request>
      </v1:getAllNisCodesRequest>
   </soapenv:Body>
</soapenv:Envelope>]]></con:request><con:credentials><con:selectedAuthProfile>Basic</con:selectedAuthProfile><con:addedBasicAuthenticationTypes>Basic</con:addedBasicAuthenticationTypes><con:authType>Global HTTP Settings</con:authType></con:credentials><con:jmsConfig JMSDeliveryMode="PERSISTENT"/><con:jmsPropertyConfig/><con:wsaConfig mustUnderstand="NONE" version="200508" action="http://fidus.brussels/services/countryservice/getAllNisCodes"/><con:wsrmConfig version="1.2"/></con:call><con:call id="bf468311-affb-476e-8540-4f6259feedad" name="04 - Staging External - Request" outgoingWss="Outflow STAGING" incomingWss="Inflow STAGING"><con:settings><con:setting id="com.eviware.soapui.impl.wsdl.WsdlRequest@request-headers">&lt;xml-fragment/></con:setting></con:settings><con:encoding>UTF-8</con:encoding><con:endpoint>https://fidus.irisnetlab.be/services/CountryService_v1.0</con:endpoint><con:request><![CDATA[<soapenv:Envelope xmlns:soapenv="http://schemas.xmlsoap.org/soap/envelope/" xmlns:v1="http://fidus.brussels/service/countryservice/messages/v1" xmlns:v11="http://fidus.brussels/type/common/messages/v1">
   <soapenv:Header/>
   <soapenv:Body>
      <v1:getAllNisCodesRequest>
         <v1:messageContext>
            <v11:messageId>${=import static java.util.UUID.randomUUID; uuid = randomUUID() as String}</v11:messageId>            
            <v11:timestamp>${=new java.text.SimpleDateFormat("yyyy-MM-dd'T'HH:mm:ss.SSS").format(new Date())}</v11:timestamp>
         </v1:messageContext>
         <v1:legalContext>ServiceIntegrator</v1:legalContext>
         <v1:request>
            <!--Optional:-->
            <v1:referenceDate>2016-10-13</v1:referenceDate>
         </v1:request>
      </v1:getAllNisCodesRequest>
   </soapenv:Body>
</soapenv:Envelope>]]></con:request><con:credentials><con:selectedAuthProfile>Basic</con:selectedAuthProfile><con:addedBasicAuthenticationTypes>Basic</con:addedBasicAuthenticationTypes><con:authType>Global HTTP Settings</con:authType></con:credentials><con:jmsConfig JMSDeliveryMode="PERSISTENT"/><con:jmsPropertyConfig/><con:wsaConfig mustUnderstand="NONE" version="200508" action="http://fidus.brussels/services/countryservice/getAllNisCodes"/><con:wsrmConfig version="1.2"/></con:call><con:call id="cfac1903-717f-4b49-b47d-5a34302f6396" name="04 - Staging LB - Request" outgoingWss="Outflow STAGING" incomingWss="Inflow STAGING"><con:settings><con:setting id="com.eviware.soapui.impl.wsdl.WsdlRequest@request-headers">&lt;xml-fragment/></con:setting></con:settings><con:encoding>UTF-8</con:encoding><con:endpoint>https://fidus-esb-sg.sta.srv.cirb.lan:8443/services/CountryService_v1.0</con:endpoint><con:request><![CDATA[<soapenv:Envelope xmlns:soapenv="http://schemas.xmlsoap.org/soap/envelope/" xmlns:v1="http://fidus.brussels/service/countryservice/messages/v1" xmlns:v11="http://fidus.brussels/type/common/messages/v1">
   <soapenv:Header/>
   <soapenv:Body>
      <v1:getAllNisCodesRequest>
         <v1:messageContext>
            <v11:messageId>${=import static java.util.UUID.randomUUID; uuid = randomUUID() as String}</v11:messageId>            
            <v11:timestamp>${=new java.text.SimpleDateFormat("yyyy-MM-dd'T'HH:mm:ss.SSS").format(new Date())}</v11:timestamp>
         </v1:messageContext>
         <v1:legalContext>ServiceIntegrator</v1:legalContext>
         <v1:request>
            <!--Optional:-->
            <v1:referenceDate>2016-10-13</v1:referenceDate>
         </v1:request>
      </v1:getAllNisCodesRequest>
   </soapenv:Body>
</soapenv:Envelope>]]></con:request><con:credentials><con:selectedAuthProfile>Basic</con:selectedAuthProfile><con:addedBasicAuthenticationTypes>Basic</con:addedBasicAuthenticationTypes><con:authType>Global HTTP Settings</con:authType></con:credentials><con:jmsConfig JMSDeliveryMode="PERSISTENT"/><con:jmsPropertyConfig/><con:wsaConfig mustUnderstand="NONE" version="200508" action="http://fidus.brussels/services/countryservice/getAllNisCodes"/><con:wsrmConfig version="1.2"/></con:call><con:call id="d0f13642-4688-4103-bb39-281fe9b6327e" name="04 - Staging Worker1 - Request" outgoingWss="Outflow STAGING" incomingWss="Inflow STAGING"><con:settings><con:setting id="com.eviware.soapui.impl.wsdl.WsdlRequest@request-headers">&lt;xml-fragment/></con:setting></con:settings><con:encoding>UTF-8</con:encoding><con:endpoint>https://192.168.24.16:8443/services/CountryService_v1.0</con:endpoint><con:request><![CDATA[<soapenv:Envelope xmlns:soapenv="http://schemas.xmlsoap.org/soap/envelope/" xmlns:v1="http://fidus.brussels/service/countryservice/messages/v1" xmlns:v11="http://fidus.brussels/type/common/messages/v1">
   <soapenv:Header/>
   <soapenv:Body>
      <v1:getAllNisCodesRequest>
         <v1:messageContext>
            <v11:messageId>${=import static java.util.UUID.randomUUID; uuid = randomUUID() as String}</v11:messageId>            
            <v11:timestamp>${=new java.text.SimpleDateFormat("yyyy-MM-dd'T'HH:mm:ss.SSS").format(new Date())}</v11:timestamp>
         </v1:messageContext>
         <v1:legalContext>ServiceIntegrator</v1:legalContext>
         <v1:request>
            <!--Optional:-->
            <v1:referenceDate>2016-10-13</v1:referenceDate>
         </v1:request>
      </v1:getAllNisCodesRequest>
   </soapenv:Body>
</soapenv:Envelope>]]></con:request><con:credentials><con:selectedAuthProfile>Basic</con:selectedAuthProfile><con:addedBasicAuthenticationTypes>Basic</con:addedBasicAuthenticationTypes><con:authType>Global HTTP Settings</con:authType></con:credentials><con:jmsConfig JMSDeliveryMode="PERSISTENT"/><con:jmsPropertyConfig/><con:wsaConfig mustUnderstand="NONE" version="200508" action="http://fidus.brussels/services/countryservice/getAllNisCodes"/><con:wsrmConfig version="1.2"/></con:call><con:call id="5d278922-b100-4634-b72a-016735f7ced5" name="02 - DevNew - Request" outgoingWss="Outflow DEV" incomingWss="Inflow DEV"><con:settings><con:setting id="com.eviware.soapui.impl.wsdl.WsdlRequest@request-headers">&lt;xml-fragment/></con:setting></con:settings><con:encoding>UTF-8</con:encoding><con:endpoint>https://192.168.36.75:8243/services/CountryService_v1.0</con:endpoint><con:request><![CDATA[<soapenv:Envelope xmlns:soapenv="http://schemas.xmlsoap.org/soap/envelope/" xmlns:v1="http://fidus.brussels/service/countryservice/messages/v1" xmlns:v11="http://fidus.brussels/type/common/messages/v1">
   <soapenv:Header/>
   <soapenv:Body>
      <v1:getAllNisCodesRequest>
         <v1:messageContext>
            <v11:messageId>${=import static java.util.UUID.randomUUID; uuid = randomUUID() as String}</v11:messageId>            
            <v11:timestamp>${=new java.text.SimpleDateFormat("yyyy-MM-dd'T'HH:mm:ss.SSS").format(new Date())}</v11:timestamp>
         </v1:messageContext>
         <v1:legalContext>ServiceIntegrator</v1:legalContext>
         <v1:request>
            <!--Optional:-->
            <v1:referenceDate>2016-10-13</v1:referenceDate>
         </v1:request>
      </v1:getAllNisCodesRequest>
   </soapenv:Body>
</soapenv:Envelope>]]></con:request><con:credentials><con:selectedAuthProfile>Basic</con:selectedAuthProfile><con:addedBasicAuthenticationTypes>Basic</con:addedBasicAuthenticationTypes><con:authType>Global HTTP Settings</con:authType></con:credentials><con:jmsConfig JMSDeliveryMode="PERSISTENT"/><con:jmsPropertyConfig/><con:wsaConfig mustUnderstand="NONE" version="200508" action="http://fidus.brussels/services/countryservice/getAllNisCodes"/><con:wsrmConfig version="1.2"/></con:call><con:call id="ed5ddcdc-849f-42a3-b2ff-89c7f83aa913" name="05 - Prod - External - Request" outgoingWss="Outflow PROD" incomingWss="Inflow PROD"><con:settings><con:setting id="com.eviware.soapui.impl.wsdl.WsdlRequest@request-headers">&lt;xml-fragment/></con:setting></con:settings><con:encoding>UTF-8</con:encoding><con:endpoint>https://fidus.sec.brussels/services/CountryService_v1.0</con:endpoint><con:request><![CDATA[<soapenv:Envelope xmlns:soapenv="http://schemas.xmlsoap.org/soap/envelope/" xmlns:v1="http://fidus.brussels/service/countryservice/messages/v1" xmlns:v11="http://fidus.brussels/type/common/messages/v1">
   <soapenv:Header/>
   <soapenv:Body>
      <v1:getAllNisCodesRequest>
         <v1:messageContext>
            <v11:messageId>${=import static java.util.UUID.randomUUID; uuid = randomUUID() as String}</v11:messageId>            
            <v11:timestamp>${=new java.text.SimpleDateFormat("yyyy-MM-dd'T'HH:mm:ss.SSS").format(new Date())}</v11:timestamp>
         </v1:messageContext>
         <v1:legalContext>ServiceIntegrator</v1:legalContext>
         <v1:request>
            <!--Optional:-->
            <v1:referenceDate>2016-10-13</v1:referenceDate>
         </v1:request>
      </v1:getAllNisCodesRequest>
   </soapenv:Body>
</soapenv:Envelope>]]></con:request><con:credentials><con:selectedAuthProfile>Basic</con:selectedAuthProfile><con:addedBasicAuthenticationTypes>Basic</con:addedBasicAuthenticationTypes><con:authType>Global HTTP Settings</con:authType></con:credentials><con:jmsConfig JMSDeliveryMode="PERSISTENT"/><con:jmsPropertyConfig/><con:wsaConfig mustUnderstand="NONE" version="200508" action="http://fidus.brussels/services/countryservice/getAllNisCodes"/><con:wsrmConfig version="1.2"/></con:call></con:operation><con:operation id="d9b91d9d-2077-4cab-b2f0-d02470bd205a" isOneWay="false" action="http://fidus.brussels/services/countryservice/getNationalities" name="getNationalities" bindingOperationName="getNationalities" type="Request-Response" inputName="" receivesAttachments="false" sendsAttachments="false" anonymous="optional"><con:settings/><con:call id="57506035-7435-40a4-ad96-acc1ba8182d7" name="01 - Local - Request" outgoingWss="Outflow DEV" incomingWss="Inflow DEV"><con:settings><con:setting id="com.eviware.soapui.impl.wsdl.WsdlRequest@request-headers">&lt;xml-fragment/></con:setting></con:settings><con:encoding>UTF-8</con:encoding><con:endpoint>https://localhost:8243/services/CountryService_v1.0</con:endpoint><con:request><![CDATA[<soapenv:Envelope xmlns:soapenv="http://schemas.xmlsoap.org/soap/envelope/" xmlns:v1="http://fidus.brussels/service/countryservice/messages/v1" xmlns:v11="http://fidus.brussels/type/common/messages/v1">
   <soapenv:Header/>
   <soapenv:Body>
      <v1:getNationalitiesRequest>
         <v1:messageContext>
            <v11:messageId>${=import static java.util.UUID.randomUUID; uuid = randomUUID() as String}</v11:messageId>
            <!--Optional:-->
            <v11:timestamp>${=new java.text.SimpleDateFormat("yyyy-MM-dd'T'HH:mm:ss.SSS").format(new Date())}</v11:timestamp>
         </v1:messageContext>
         <v1:legalContext>ServiceIntegrator</v1:legalContext>
         <v1:request>
            <!--Optional:-->
            <v1:referenceDate>2016-10-13</v1:referenceDate>
         </v1:request>
      </v1:getNationalitiesRequest>
   </soapenv:Body>
</soapenv:Envelope>]]></con:request><con:credentials><con:selectedAuthProfile>Basic</con:selectedAuthProfile><con:addedBasicAuthenticationTypes>Basic</con:addedBasicAuthenticationTypes><con:authType>Global HTTP Settings</con:authType></con:credentials><con:jmsConfig JMSDeliveryMode="PERSISTENT"/><con:jmsPropertyConfig/><con:wsaConfig mustUnderstand="NONE" version="200508" action="http://fidus.brussels/services/countryservice/getNationalities"/><con:wsrmConfig version="1.2"/></con:call><con:call id="b7beb1d4-97ce-4d4d-abc1-8062beac8790" name="01 - Local - Request-Invalid_date" outgoingWss="Outflow DEV" incomingWss="Inflow DEV"><con:settings><con:setting id="com.eviware.soapui.impl.wsdl.WsdlRequest@request-headers">&lt;xml-fragment/></con:setting></con:settings><con:encoding>UTF-8</con:encoding><con:endpoint>https://localhost:8243/services/CountryService_v1.0</con:endpoint><con:request><![CDATA[<soapenv:Envelope xmlns:soapenv="http://schemas.xmlsoap.org/soap/envelope/" xmlns:v1="http://fidus.brussels/service/countryservice/messages/v1" xmlns:v11="http://fidus.brussels/type/common/messages/v1">
   <soapenv:Header/>
   <soapenv:Body>
      <v1:getNationalitiesRequest>
         <v1:messageContext>
            <v11:messageId>${=import static java.util.UUID.randomUUID; uuid = randomUUID() as String}</v11:messageId>
            <!--Optional:-->
            <v11:timestamp>${=new java.text.SimpleDateFormat("yyyy-MM-dd'T'HH:mm:ss.SSS").format(new Date())}</v11:timestamp>
         </v1:messageContext>
         <v1:legalContext>ServiceIntegrator</v1:legalContext>
         <v1:request>
            <!--Optional:-->
            <v1:referenceDate>2016-10-16</v1:referenceDate>
         </v1:request>
      </v1:getNationalitiesRequest>
   </soapenv:Body>
</soapenv:Envelope>]]></con:request><con:credentials><con:selectedAuthProfile>Basic</con:selectedAuthProfile><con:addedBasicAuthenticationTypes>Basic</con:addedBasicAuthenticationTypes><con:authType>Global HTTP Settings</con:authType></con:credentials><con:jmsConfig JMSDeliveryMode="PERSISTENT"/><con:jmsPropertyConfig/><con:wsaConfig mustUnderstand="NONE" version="200508" action="http://fidus.brussels/services/countryservice/getNationalities"/><con:wsrmConfig version="1.2"/></con:call><con:call id="dc59c2db-d10e-4a80-b087-01182e06139b" name="02 - Dev - Request" outgoingWss="Outflow DEV" incomingWss="Inflow DEV"><con:settings><con:setting id="com.eviware.soapui.impl.wsdl.WsdlRequest@request-headers">&lt;xml-fragment/></con:setting></con:settings><con:encoding>UTF-8</con:encoding><con:endpoint>https://192.168.36.61:8243/services/CountryService_v1.0</con:endpoint><con:request><![CDATA[<soapenv:Envelope xmlns:soapenv="http://schemas.xmlsoap.org/soap/envelope/" xmlns:v1="http://fidus.brussels/service/countryservice/messages/v1" xmlns:v11="http://fidus.brussels/type/common/messages/v1">
   <soapenv:Header/>
   <soapenv:Body>
      <v1:getNationalitiesRequest>
         <v1:messageContext>
            <v11:messageId>${=import static java.util.UUID.randomUUID; uuid = randomUUID() as String}</v11:messageId>
            <!--Optional:-->
            <v11:timestamp>${=new java.text.SimpleDateFormat("yyyy-MM-dd'T'HH:mm:ss.SSS").format(new Date())}</v11:timestamp>
         </v1:messageContext>
         <v1:legalContext>ServiceIntegrator</v1:legalContext>
         <v1:request>
            <!--Optional:-->
            <v1:referenceDate>2016-10-13</v1:referenceDate>
         </v1:request>
      </v1:getNationalitiesRequest>
   </soapenv:Body>
</soapenv:Envelope>]]></con:request><con:credentials><con:selectedAuthProfile>Basic</con:selectedAuthProfile><con:addedBasicAuthenticationTypes>Basic</con:addedBasicAuthenticationTypes><con:authType>Global HTTP Settings</con:authType></con:credentials><con:jmsConfig JMSDeliveryMode="PERSISTENT"/><con:jmsPropertyConfig/><con:wsaConfig mustUnderstand="NONE" version="200508" action="http://fidus.brussels/services/countryservice/getNationalities"/><con:wsrmConfig version="1.2"/></con:call><con:call id="5b896b08-28ef-46d7-9783-0cf7764551ea" name="03 - Test External - Request" outgoingWss="Outflow TEST" incomingWss="Inflow TEST"><con:settings><con:setting id="com.eviware.soapui.impl.wsdl.WsdlRequest@request-headers">&lt;xml-fragment/></con:setting></con:settings><con:encoding>UTF-8</con:encoding><con:endpoint>https://fidus-test.irisnetlab.be/services/CountryService_v1.0</con:endpoint><con:request><![CDATA[<soapenv:Envelope xmlns:soapenv="http://schemas.xmlsoap.org/soap/envelope/" xmlns:v1="http://fidus.brussels/service/countryservice/messages/v1" xmlns:v11="http://fidus.brussels/type/common/messages/v1">
   <soapenv:Header/>
   <soapenv:Body>
      <v1:getNationalitiesRequest>
         <v1:messageContext>
            <v11:messageId>${=import static java.util.UUID.randomUUID; uuid = randomUUID() as String}</v11:messageId>
            <!--Optional:-->
            <v11:timestamp>${=new java.text.SimpleDateFormat("yyyy-MM-dd'T'HH:mm:ss.SSS").format(new Date())}</v11:timestamp>
         </v1:messageContext>
         <v1:legalContext>ServiceIntegrator</v1:legalContext>
         <v1:request>
            <!--Optional:-->
            <v1:referenceDate>2016-10-13</v1:referenceDate>
         </v1:request>
      </v1:getNationalitiesRequest>
   </soapenv:Body>
</soapenv:Envelope>]]></con:request><con:credentials><con:selectedAuthProfile>Basic</con:selectedAuthProfile><con:addedBasicAuthenticationTypes>Basic</con:addedBasicAuthenticationTypes><con:authType>Global HTTP Settings</con:authType></con:credentials><con:jmsConfig JMSDeliveryMode="PERSISTENT"/><con:jmsPropertyConfig/><con:wsaConfig mustUnderstand="NONE" version="200508" action="http://fidus.brussels/services/countryservice/getNationalities"/><con:wsrmConfig version="1.2"/></con:call><con:call id="49cff139-f8ee-4ed3-b0c7-8fdb04fc34fc" name="03 - Test LB - Request" outgoingWss="Outflow TEST" incomingWss="Inflow TEST"><con:settings><con:setting id="com.eviware.soapui.impl.wsdl.WsdlRequest@request-headers">&lt;xml-fragment/></con:setting></con:settings><con:encoding>UTF-8</con:encoding><con:endpoint>https://fidus-esb-sg.sta.srv.cirb.lan:8443/services/CountryService_v1.0</con:endpoint><con:request><![CDATA[<soapenv:Envelope xmlns:soapenv="http://schemas.xmlsoap.org/soap/envelope/" xmlns:v1="http://fidus.brussels/service/countryservice/messages/v1" xmlns:v11="http://fidus.brussels/type/common/messages/v1">
   <soapenv:Header/>
   <soapenv:Body>
      <v1:getNationalitiesRequest>
         <v1:messageContext>
            <v11:messageId>${=import static java.util.UUID.randomUUID; uuid = randomUUID() as String}</v11:messageId>
            <!--Optional:-->
            <v11:timestamp>${=new java.text.SimpleDateFormat("yyyy-MM-dd'T'HH:mm:ss.SSS").format(new Date())}</v11:timestamp>
         </v1:messageContext>
         <v1:legalContext>ServiceIntegrator</v1:legalContext>
         <v1:request>
            <!--Optional:-->
            <v1:referenceDate>2016-10-13</v1:referenceDate>
         </v1:request>
      </v1:getNationalitiesRequest>
   </soapenv:Body>
</soapenv:Envelope>]]></con:request><con:credentials><con:selectedAuthProfile>Basic</con:selectedAuthProfile><con:addedBasicAuthenticationTypes>Basic</con:addedBasicAuthenticationTypes><con:authType>Global HTTP Settings</con:authType></con:credentials><con:jmsConfig JMSDeliveryMode="PERSISTENT"/><con:jmsPropertyConfig/><con:wsaConfig mustUnderstand="NONE" version="200508" action="http://fidus.brussels/services/countryservice/getNationalities"/><con:wsrmConfig version="1.2"/></con:call><con:call id="6a27b47d-43d6-4671-9b26-89fb050c3213" name="03 - Test Worker1 - Request" outgoingWss="Outflow TEST" incomingWss="Inflow TEST"><con:settings><con:setting id="com.eviware.soapui.impl.wsdl.WsdlRequest@request-headers">&lt;xml-fragment/></con:setting></con:settings><con:encoding>UTF-8</con:encoding><con:endpoint>https://192.168.24.16:8443/services/CountryService_v1.0</con:endpoint><con:request><![CDATA[<soapenv:Envelope xmlns:soapenv="http://schemas.xmlsoap.org/soap/envelope/" xmlns:v1="http://fidus.brussels/service/countryservice/messages/v1" xmlns:v11="http://fidus.brussels/type/common/messages/v1">
   <soapenv:Header/>
   <soapenv:Body>
      <v1:getNationalitiesRequest>
         <v1:messageContext>
            <v11:messageId>${=import static java.util.UUID.randomUUID; uuid = randomUUID() as String}</v11:messageId>
            <!--Optional:-->
            <v11:timestamp>${=new java.text.SimpleDateFormat("yyyy-MM-dd'T'HH:mm:ss.SSS").format(new Date())}</v11:timestamp>
         </v1:messageContext>
         <v1:legalContext>ServiceIntegrator</v1:legalContext>
         <v1:request>
            <!--Optional:-->
            <v1:referenceDate>2016-10-13</v1:referenceDate>
         </v1:request>
      </v1:getNationalitiesRequest>
   </soapenv:Body>
</soapenv:Envelope>]]></con:request><con:credentials><con:selectedAuthProfile>Basic</con:selectedAuthProfile><con:addedBasicAuthenticationTypes>Basic</con:addedBasicAuthenticationTypes><con:authType>Global HTTP Settings</con:authType></con:credentials><con:jmsConfig JMSDeliveryMode="PERSISTENT"/><con:jmsPropertyConfig/><con:wsaConfig mustUnderstand="NONE" version="200508" action="http://fidus.brussels/services/countryservice/getNationalities"/><con:wsrmConfig version="1.2"/></con:call><con:call id="47510092-86bc-46eb-993b-9df7e5707a3c" name="03 - Test Worker2 - Request" outgoingWss="Outflow TEST" incomingWss="Inflow TEST"><con:settings><con:setting id="com.eviware.soapui.impl.wsdl.WsdlRequest@request-headers">&lt;xml-fragment/></con:setting></con:settings><con:encoding>UTF-8</con:encoding><con:endpoint>https://192.168.24.17:8443/services/CountryService_v1.0</con:endpoint><con:request><![CDATA[<soapenv:Envelope xmlns:soapenv="http://schemas.xmlsoap.org/soap/envelope/" xmlns:v1="http://fidus.brussels/service/countryservice/messages/v1" xmlns:v11="http://fidus.brussels/type/common/messages/v1">
   <soapenv:Header/>
   <soapenv:Body>
      <v1:getNationalitiesRequest>
         <v1:messageContext>
            <v11:messageId>${=import static java.util.UUID.randomUUID; uuid = randomUUID() as String}</v11:messageId>
            <!--Optional:-->
            <v11:timestamp>${=new java.text.SimpleDateFormat("yyyy-MM-dd'T'HH:mm:ss.SSS").format(new Date())}</v11:timestamp>
         </v1:messageContext>
         <v1:legalContext>ServiceIntegrator</v1:legalContext>
         <v1:request>
            <!--Optional:-->
            <v1:referenceDate>2016-10-13</v1:referenceDate>
         </v1:request>
      </v1:getNationalitiesRequest>
   </soapenv:Body>
</soapenv:Envelope>]]></con:request><con:credentials><con:selectedAuthProfile>Basic</con:selectedAuthProfile><con:addedBasicAuthenticationTypes>Basic</con:addedBasicAuthenticationTypes><con:authType>Global HTTP Settings</con:authType></con:credentials><con:jmsConfig JMSDeliveryMode="PERSISTENT"/><con:jmsPropertyConfig/><con:wsaConfig mustUnderstand="NONE" version="200508" action="http://fidus.brussels/services/countryservice/getNationalities"/><con:wsrmConfig version="1.2"/></con:call><con:call id="f233a7a9-d8e7-463a-be0e-068a5975a842" name="02 - DevNew - Request" outgoingWss="Outflow DEV" incomingWss="Inflow DEV"><con:settings><con:setting id="com.eviware.soapui.impl.wsdl.WsdlRequest@request-headers">&lt;xml-fragment/></con:setting></con:settings><con:encoding>UTF-8</con:encoding><con:endpoint>https://192.168.36.75:8243/services/CountryService_v1.0</con:endpoint><con:request><![CDATA[<soapenv:Envelope xmlns:soapenv="http://schemas.xmlsoap.org/soap/envelope/" xmlns:v1="http://fidus.brussels/service/countryservice/messages/v1" xmlns:v11="http://fidus.brussels/type/common/messages/v1">
   <soapenv:Header/>
   <soapenv:Body>
      <v1:getNationalitiesRequest>
         <v1:messageContext>
            <v11:messageId>${=import static java.util.UUID.randomUUID; uuid = randomUUID() as String}</v11:messageId>
            <!--Optional:-->
            <v11:timestamp>${=new java.text.SimpleDateFormat("yyyy-MM-dd'T'HH:mm:ss.SSS").format(new Date())}</v11:timestamp>
         </v1:messageContext>
         <v1:legalContext>ServiceIntegrator</v1:legalContext>
         <v1:request>
            <!--Optional:-->
            <v1:referenceDate>2016-10-13</v1:referenceDate>
         </v1:request>
      </v1:getNationalitiesRequest>
   </soapenv:Body>
</soapenv:Envelope>]]></con:request><con:credentials><con:selectedAuthProfile>Basic</con:selectedAuthProfile><con:addedBasicAuthenticationTypes>Basic</con:addedBasicAuthenticationTypes><con:authType>Global HTTP Settings</con:authType></con:credentials><con:jmsConfig JMSDeliveryMode="PERSISTENT"/><con:jmsPropertyConfig/><con:wsaConfig mustUnderstand="NONE" version="200508" action="http://fidus.brussels/services/countryservice/getNationalities"/><con:wsrmConfig version="1.2"/></con:call><con:call id="6634a4e1-52e5-4a9a-be3c-caa625502097" name="04 - Staging External - Request" outgoingWss="Outflow STAGING" incomingWss="Inflow STAGING"><con:settings><con:setting id="com.eviware.soapui.impl.wsdl.WsdlRequest@request-headers">&lt;xml-fragment/></con:setting></con:settings><con:encoding>UTF-8</con:encoding><con:endpoint>https://fidus.irisnetlab.be/services/CountryService_v1.0</con:endpoint><con:request><![CDATA[<soapenv:Envelope xmlns:soapenv="http://schemas.xmlsoap.org/soap/envelope/" xmlns:v1="http://fidus.brussels/service/countryservice/messages/v1" xmlns:v11="http://fidus.brussels/type/common/messages/v1">
   <soapenv:Header/>
   <soapenv:Body>
      <v1:getNationalitiesRequest>
         <v1:messageContext>
            <v11:messageId>${=import static java.util.UUID.randomUUID; uuid = randomUUID() as String}</v11:messageId>
            <!--Optional:-->
            <v11:timestamp>${=new java.text.SimpleDateFormat("yyyy-MM-dd'T'HH:mm:ss.SSS").format(new Date())}</v11:timestamp>
         </v1:messageContext>
         <v1:legalContext>ServiceIntegrator</v1:legalContext>
         <v1:request>
            <!--Optional:-->
            <v1:referenceDate>2016-10-13</v1:referenceDate>
         </v1:request>
      </v1:getNationalitiesRequest>
   </soapenv:Body>
</soapenv:Envelope>]]></con:request><con:credentials><con:selectedAuthProfile>Basic</con:selectedAuthProfile><con:addedBasicAuthenticationTypes>Basic</con:addedBasicAuthenticationTypes><con:authType>Global HTTP Settings</con:authType></con:credentials><con:jmsConfig JMSDeliveryMode="PERSISTENT"/><con:jmsPropertyConfig/><con:wsaConfig mustUnderstand="NONE" version="200508" action="http://fidus.brussels/services/countryservice/getNationalities"/><con:wsrmConfig version="1.2"/></con:call><con:call id="ae298dfa-7e87-4cb5-9d05-b3f2daf1e8bf" name="05 - Prod External - Request" outgoingWss="Outflow PROD" incomingWss="Inflow PROD"><con:settings><con:setting id="com.eviware.soapui.impl.wsdl.WsdlRequest@request-headers">&lt;xml-fragment/></con:setting></con:settings><con:encoding>UTF-8</con:encoding><con:endpoint>https://fidus.sec.brussels/services/CountryService_v1.0</con:endpoint><con:request><![CDATA[<soapenv:Envelope xmlns:soapenv="http://schemas.xmlsoap.org/soap/envelope/" xmlns:v1="http://fidus.brussels/service/countryservice/messages/v1" xmlns:v11="http://fidus.brussels/type/common/messages/v1">
   <soapenv:Header/>
   <soapenv:Body>
      <v1:getNationalitiesRequest>
         <v1:messageContext>
            <v11:messageId>${=import static java.util.UUID.randomUUID; uuid = randomUUID() as String}</v11:messageId>
            <!--Optional:-->
            <v11:timestamp>${=new java.text.SimpleDateFormat("yyyy-MM-dd'T'HH:mm:ss.SSS").format(new Date())}</v11:timestamp>
         </v1:messageContext>
         <v1:legalContext>ServiceIntegrator</v1:legalContext>
         <v1:request>
            <!--Optional:-->
            <v1:referenceDate>2016-10-13</v1:referenceDate>
         </v1:request>
      </v1:getNationalitiesRequest>
   </soapenv:Body>
</soapenv:Envelope>]]></con:request><con:credentials><con:selectedAuthProfile>Basic</con:selectedAuthProfile><con:addedBasicAuthenticationTypes>Basic</con:addedBasicAuthenticationTypes><con:authType>Global HTTP Settings</con:authType></con:credentials><con:jmsConfig JMSDeliveryMode="PERSISTENT"/><con:jmsPropertyConfig/><con:wsaConfig mustUnderstand="NONE" version="200508" action="http://fidus.brussels/services/countryservice/getNationalities"/><con:wsrmConfig version="1.2"/></con:call></con:operation><con:operation id="7f96bd90-64d9-48aa-b986-c463e45d38ba" isOneWay="false" action="http://fidus.brussels/services/countryservice/getNationality" name="getNationality" bindingOperationName="getNationality" type="Request-Response" inputName="" receivesAttachments="false" sendsAttachments="false" anonymous="optional"><con:settings/><con:call id="a69e535e-37da-4d8d-abde-ee0223694e51" name="01 - Local - Request-Nis_num3_103" outgoingWss="Outflow DEV" incomingWss="Inflow DEV"><con:settings><con:setting id="com.eviware.soapui.impl.wsdl.WsdlRequest@request-headers">&lt;xml-fragment/></con:setting></con:settings><con:encoding>UTF-8</con:encoding><con:endpoint>https://localhost:8243/services/CountryService_v1.0</con:endpoint><con:request><![CDATA[<soapenv:Envelope xmlns:soapenv="http://schemas.xmlsoap.org/soap/envelope/" xmlns:v1="http://fidus.brussels/service/countryservice/messages/v1" xmlns:v11="http://fidus.brussels/type/common/messages/v1" xmlns:v12="http://fsb.belgium.be/mappingServices/countryService/messages/v1_00">
   <soapenv:Header/>
   <soapenv:Body>
      <v1:getNationalityRequest>
         <v1:messageContext>
            <v11:messageId>${=import static java.util.UUID.randomUUID; uuid = randomUUID() as String}</v11:messageId>
            <!--Optional:-->
            <v11:timestamp>${=new java.text.SimpleDateFormat("yyyy-MM-dd'T'HH:mm:ss.SSS").format(new Date())}</v11:timestamp>
         </v1:messageContext>
         <v1:legalContext>ServiceIntegrator</v1:legalContext>
         <v1:request>
            <!--You have a CHOICE of the next 4 items at this level-->
            <!--
            <v12:iso-alpha2 startDate="?" endDate="?" status="?">?</v12:iso-alpha2>
            <v12:iso-alpha3 startDate="?" endDate="?" status="?">?</v12:iso-alpha3>
            <v12:iso-num3 startDate="?" endDate="?" status="?">?</v12:iso-num3>
            <v12:nis-num3 startDate="?" endDate="?" status="?">?</v12:nis-num3>
            <v12:nis-num3>103</v12:nis-num3>
            -->
             <v12:nis-num3>103</v12:nis-num3>
           
         </v1:request>
      </v1:getNationalityRequest>
   </soapenv:Body>
</soapenv:Envelope>]]></con:request><con:credentials><con:selectedAuthProfile>Basic</con:selectedAuthProfile><con:addedBasicAuthenticationTypes>Basic</con:addedBasicAuthenticationTypes><con:authType>Global HTTP Settings</con:authType></con:credentials><con:jmsConfig JMSDeliveryMode="PERSISTENT"/><con:jmsPropertyConfig/><con:wsaConfig mustUnderstand="NONE" version="200508" action="http://fidus.brussels/services/countryservice/getNationality"/><con:wsrmConfig version="1.2"/></con:call><con:call id="b69c7dfc-8cfc-4975-a73b-45c12818fe41" name="01 - Local - Request-Invalid_nisCode" outgoingWss="Outflow DEV" incomingWss="Inflow DEV"><con:settings><con:setting id="com.eviware.soapui.impl.wsdl.WsdlRequest@request-headers">&lt;xml-fragment/></con:setting></con:settings><con:encoding>UTF-8</con:encoding><con:endpoint>https://localhost:8243/services/CountryService_v1.0</con:endpoint><con:request><![CDATA[<soapenv:Envelope xmlns:soapenv="http://schemas.xmlsoap.org/soap/envelope/" xmlns:v1="http://fidus.brussels/service/countryservice/messages/v1" xmlns:v11="http://fidus.brussels/type/common/messages/v1" xmlns:v12="http://fsb.belgium.be/mappingServices/countryService/messages/v1_00">
   <soapenv:Header/>
   <soapenv:Body>
      <v1:getNationalityRequest>
         <v1:messageContext>
            <v11:messageId>${=import static java.util.UUID.randomUUID; uuid = randomUUID() as String}</v11:messageId>
            <!--Optional:-->
            <v11:timestamp>${=new java.text.SimpleDateFormat("yyyy-MM-dd'T'HH:mm:ss.SSS").format(new Date())}</v11:timestamp>
         </v1:messageContext>
         <v1:legalContext>ServiceIntegrator</v1:legalContext>
         <v1:request>
            <!--You have a CHOICE of the next 4 items at this level-->
            <!--
            <v12:iso-alpha2 startDate="?" endDate="?" status="?">?</v12:iso-alpha2>
            <v12:iso-alpha3 startDate="?" endDate="?" status="?">?</v12:iso-alpha3>
            <v12:iso-num3 startDate="?" endDate="?" status="?">?</v12:iso-num3>
            <v12:nis-num3 startDate="?" endDate="?" status="?">?</v12:nis-num3>
            -->
            <v12:nis-num3>999</v12:nis-num3>
         </v1:request>
      </v1:getNationalityRequest>
   </soapenv:Body>
</soapenv:Envelope>]]></con:request><con:credentials><con:selectedAuthProfile>Basic</con:selectedAuthProfile><con:addedBasicAuthenticationTypes>Basic</con:addedBasicAuthenticationTypes><con:authType>Global HTTP Settings</con:authType></con:credentials><con:jmsConfig JMSDeliveryMode="PERSISTENT"/><con:jmsPropertyConfig/><con:wsaConfig mustUnderstand="NONE" version="200508" action="http://fidus.brussels/services/countryservice/getNationality"/><con:wsrmConfig version="1.2"/></con:call><con:call id="ffbb4fc0-3537-4bcc-809c-b1d48751c6c1" name="01 - Local - Request-iso_alpha3_FRA" outgoingWss="Outflow DEV" incomingWss="Inflow DEV"><con:settings><con:setting id="com.eviware.soapui.impl.wsdl.WsdlRequest@request-headers">&lt;xml-fragment/></con:setting></con:settings><con:encoding>UTF-8</con:encoding><con:endpoint>https://localhost:8243/services/CountryService_v1.0</con:endpoint><con:request><![CDATA[<soapenv:Envelope xmlns:soapenv="http://schemas.xmlsoap.org/soap/envelope/" xmlns:v1="http://fidus.brussels/service/countryservice/messages/v1" xmlns:v11="http://fidus.brussels/type/common/messages/v1" xmlns:v12="http://fsb.belgium.be/mappingServices/countryService/messages/v1_00">
   <soapenv:Header/>
   <soapenv:Body>
      <v1:getNationalityRequest>
         <v1:messageContext>
            <v11:messageId>${=import static java.util.UUID.randomUUID; uuid = randomUUID() as String}</v11:messageId>
            <!--Optional:-->
            <v11:timestamp>${=new java.text.SimpleDateFormat("yyyy-MM-dd'T'HH:mm:ss.SSS").format(new Date())}</v11:timestamp>
         </v1:messageContext>
         <v1:legalContext>ServiceIntegrator</v1:legalContext>
         <v1:request>                       
             <v12:iso-alpha3>FRA</v12:iso-alpha3>           
         </v1:request>
      </v1:getNationalityRequest>
   </soapenv:Body>
</soapenv:Envelope>]]></con:request><con:credentials><con:selectedAuthProfile>Basic</con:selectedAuthProfile><con:addedBasicAuthenticationTypes>Basic</con:addedBasicAuthenticationTypes><con:authType>Global HTTP Settings</con:authType></con:credentials><con:jmsConfig JMSDeliveryMode="PERSISTENT"/><con:jmsPropertyConfig/><con:wsaConfig mustUnderstand="NONE" version="200508" action="http://fidus.brussels/services/countryservice/getNationality"/><con:wsrmConfig version="1.2"/></con:call><con:call id="7136946d-52ad-420f-aaab-604d34366048" name="03 - Test Worker1 - Request-Nis_num3_103" outgoingWss="Outflow TEST" incomingWss="Inflow TEST"><con:settings><con:setting id="com.eviware.soapui.impl.wsdl.WsdlRequest@request-headers">&lt;xml-fragment/></con:setting></con:settings><con:encoding>UTF-8</con:encoding><con:endpoint>https://192.168.24.16:8443/services/CountryService_v1.0</con:endpoint><con:request><![CDATA[<soapenv:Envelope xmlns:soapenv="http://schemas.xmlsoap.org/soap/envelope/" xmlns:v1="http://fidus.brussels/service/countryservice/messages/v1" xmlns:v11="http://fidus.brussels/type/common/messages/v1" xmlns:v12="http://fsb.belgium.be/mappingServices/countryService/messages/v1_00">
   <soapenv:Header/>
   <soapenv:Body>
      <v1:getNationalityRequest>
         <v1:messageContext>
         	  <v11:messageId>${=import static java.util.UUID.randomUUID; uuid = randomUUID() as String}</v11:messageId>
            <v11:timestamp>${=new java.text.SimpleDateFormat("yyyy-MM-dd'T'HH:mm:ss.SSS").format(new Date())}</v11:timestamp>
         </v1:messageContext>
         <v1:legalContext>ServiceIntegrator</v1:legalContext>
         <v1:request>
            <!--You have a CHOICE of the next 4 items at this level-->
            <v12:iso-alpha2>BE</v12:iso-alpha2>           
         </v1:request>
      </v1:getNationalityRequest>
   </soapenv:Body>
</soapenv:Envelope>
]]></con:request><con:credentials><con:selectedAuthProfile>Basic</con:selectedAuthProfile><con:addedBasicAuthenticationTypes>Basic</con:addedBasicAuthenticationTypes><con:authType>Global HTTP Settings</con:authType></con:credentials><con:jmsConfig JMSDeliveryMode="PERSISTENT"/><con:jmsPropertyConfig/><con:wsaConfig mustUnderstand="NONE" version="200508" action="http://fidus.brussels/services/countryservice/getNationality"/><con:wsrmConfig version="1.2"/></con:call><con:call id="89501300-258a-415e-91ef-af8aa01d1c84" name="03 - Test Worker1 -Request" outgoingWss="Outflow TEST" incomingWss="Inflow TEST"><con:settings><con:setting id="com.eviware.soapui.impl.wsdl.WsdlRequest@request-headers">&lt;xml-fragment/></con:setting></con:settings><con:encoding>UTF-8</con:encoding><con:endpoint>https://192.168.24.16:8443/services/CountryService_v1.0</con:endpoint><con:request><![CDATA[<soapenv:Envelope xmlns:soapenv="http://schemas.xmlsoap.org/soap/envelope/" xmlns:v1="http://fidus.brussels/service/countryservice/messages/v1" xmlns:v11="http://fidus.brussels/type/common/messages/v1" xmlns:v12="http://fsb.belgium.be/mappingServices/countryService/messages/v1_00">
   <soapenv:Header/>
   <soapenv:Body>
      <v1:getNationalityRequest>
         <v1:messageContext>
         	  <v11:messageId>${=import static java.util.UUID.randomUUID; uuid = randomUUID() as String}</v11:messageId>
            <v11:timestamp>${=new java.text.SimpleDateFormat("yyyy-MM-dd'T'HH:mm:ss.SSS").format(new Date())}</v11:timestamp>
         </v1:messageContext>
         <v1:legalContext>ServiceIntegrator</v1:legalContext>
         <v1:request>
            <!--You have a CHOICE of the next 4 items at this level-->
            <v12:iso-alpha2>BE</v12:iso-alpha2>          
         </v1:request>
      </v1:getNationalityRequest>
   </soapenv:Body>
</soapenv:Envelope>]]></con:request><con:credentials><con:selectedAuthProfile>Basic</con:selectedAuthProfile><con:addedBasicAuthenticationTypes>Basic</con:addedBasicAuthenticationTypes><con:authType>Global HTTP Settings</con:authType></con:credentials><con:jmsConfig JMSDeliveryMode="PERSISTENT"/><con:jmsPropertyConfig/><con:wsaConfig mustUnderstand="NONE" version="200508" action="http://fidus.brussels/services/countryservice/getNationality"/><con:wsrmConfig version="1.2"/></con:call><con:call id="6d63a60a-ba5a-4124-94d7-2d4c50976161" name="02 - Dev - Request-iso_alpha3_FRA" outgoingWss="Outflow DEV" incomingWss="Inflow DEV"><con:settings><con:setting id="com.eviware.soapui.impl.wsdl.WsdlRequest@request-headers">&lt;xml-fragment/></con:setting></con:settings><con:encoding>UTF-8</con:encoding><con:endpoint>https://192.168.36.61:8243/services/CountryService_v1.0</con:endpoint><con:request><![CDATA[<soapenv:Envelope xmlns:soapenv="http://schemas.xmlsoap.org/soap/envelope/" xmlns:v1="http://fidus.brussels/service/countryservice/messages/v1" xmlns:v11="http://fidus.brussels/type/common/messages/v1" xmlns:v12="http://fsb.belgium.be/mappingServices/countryService/messages/v1_00">
   <soapenv:Header/>
   <soapenv:Body>
      <v1:getNationalityRequest>
         <v1:messageContext>
            <v11:messageId>${=import static java.util.UUID.randomUUID; uuid = randomUUID() as String}</v11:messageId>
            <!--Optional:-->
            <v11:timestamp>${=new java.text.SimpleDateFormat("yyyy-MM-dd'T'HH:mm:ss.SSS").format(new Date())}</v11:timestamp>
         </v1:messageContext>
         <v1:legalContext>ServiceIntegrator</v1:legalContext>
         <v1:request>
            <!--You have a CHOICE of the next 4 items at this level-->
            <!--
            <v12:iso-alpha2 startDate="?" endDate="?" status="?">?</v12:iso-alpha2>
            <v12:iso-alpha3 startDate="?" endDate="?" status="?">?</v12:iso-alpha3>
            <v12:iso-num3 startDate="?" endDate="?" status="?">?</v12:iso-num3>
            <v12:nis-num3 startDate="?" endDate="?" status="?">?</v12:nis-num3> 
            -->             
             <v12:iso-alpha3>FRA</v12:iso-alpha3>           
         </v1:request>
      </v1:getNationalityRequest>
   </soapenv:Body>
</soapenv:Envelope>]]></con:request><con:credentials><con:selectedAuthProfile>Basic</con:selectedAuthProfile><con:addedBasicAuthenticationTypes>Basic</con:addedBasicAuthenticationTypes><con:authType>Global HTTP Settings</con:authType></con:credentials><con:jmsConfig JMSDeliveryMode="PERSISTENT"/><con:jmsPropertyConfig/><con:wsaConfig mustUnderstand="NONE" version="200508" action="http://fidus.brussels/services/countryservice/getNationality"/><con:wsrmConfig version="1.2"/></con:call><con:call id="0309d10a-b73a-49ad-8a03-16b9559732c6" name="03 - Test Worker2 -Request" outgoingWss="Outflow TEST" incomingWss="Inflow TEST"><con:settings><con:setting id="com.eviware.soapui.impl.wsdl.WsdlRequest@request-headers">&lt;xml-fragment/></con:setting></con:settings><con:encoding>UTF-8</con:encoding><con:endpoint>https://192.168.24.17:8443/services/CountryService_v1.0</con:endpoint><con:request><![CDATA[<soapenv:Envelope xmlns:soapenv="http://schemas.xmlsoap.org/soap/envelope/" xmlns:v1="http://fidus.brussels/service/countryservice/messages/v1" xmlns:v11="http://fidus.brussels/type/common/messages/v1" xmlns:v12="http://fsb.belgium.be/mappingServices/countryService/messages/v1_00">
   <soapenv:Header/>
   <soapenv:Body>
      <v1:getNationalityRequest>
         <v1:messageContext>
         	  <v11:messageId>${=import static java.util.UUID.randomUUID; uuid = randomUUID() as String}</v11:messageId>
            <v11:timestamp>${=new java.text.SimpleDateFormat("yyyy-MM-dd'T'HH:mm:ss.SSS").format(new Date())}</v11:timestamp>
         </v1:messageContext>
         <v1:legalContext>ServiceIntegrator</v1:legalContext>
         <v1:request>
            <!--You have a CHOICE of the next 4 items at this level-->
            <v12:iso-alpha2>BE</v12:iso-alpha2>          
         </v1:request>
      </v1:getNationalityRequest>
   </soapenv:Body>
</soapenv:Envelope>]]></con:request><con:credentials><con:selectedAuthProfile>Basic</con:selectedAuthProfile><con:addedBasicAuthenticationTypes>Basic</con:addedBasicAuthenticationTypes><con:authType>Global HTTP Settings</con:authType></con:credentials><con:jmsConfig JMSDeliveryMode="PERSISTENT"/><con:jmsPropertyConfig/><con:wsaConfig mustUnderstand="NONE" version="200508" action="http://fidus.brussels/services/countryservice/getNationality"/><con:wsrmConfig version="1.2"/></con:call><con:call id="e420270b-db3a-42ff-8fe3-56b5265cadf2" name="03 - Test External -Request" outgoingWss="Outflow TEST" incomingWss="Inflow TEST"><con:settings><con:setting id="com.eviware.soapui.impl.wsdl.WsdlRequest@request-headers">&lt;xml-fragment/></con:setting></con:settings><con:encoding>UTF-8</con:encoding><con:endpoint>https://fidus-test.irisnetlab.be/services/CountryService_v1.0</con:endpoint><con:request><![CDATA[<soapenv:Envelope xmlns:soapenv="http://schemas.xmlsoap.org/soap/envelope/" xmlns:v1="http://fidus.brussels/service/countryservice/messages/v1" xmlns:v11="http://fidus.brussels/type/common/messages/v1" xmlns:v12="http://fsb.belgium.be/mappingServices/countryService/messages/v1_00">
   <soapenv:Header/>
   <soapenv:Body>
      <v1:getNationalityRequest>
         <v1:messageContext>
         	  <v11:messageId>${=import static java.util.UUID.randomUUID; uuid = randomUUID() as String}</v11:messageId>
            <v11:timestamp>${=new java.text.SimpleDateFormat("yyyy-MM-dd'T'HH:mm:ss.SSS").format(new Date())}</v11:timestamp>
         </v1:messageContext>
         <v1:legalContext>ServiceIntegrator</v1:legalContext>
         <v1:request>
            <!--You have a CHOICE of the next 4 items at this level-->
            <v12:iso-alpha2>BE</v12:iso-alpha2>          
         </v1:request>
      </v1:getNationalityRequest>
   </soapenv:Body>
</soapenv:Envelope>]]></con:request><con:credentials><con:selectedAuthProfile>Basic</con:selectedAuthProfile><con:addedBasicAuthenticationTypes>Basic</con:addedBasicAuthenticationTypes><con:authType>Global HTTP Settings</con:authType></con:credentials><con:jmsConfig JMSDeliveryMode="PERSISTENT"/><con:jmsPropertyConfig/><con:wsaConfig mustUnderstand="NONE" version="200508" action="http://fidus.brussels/services/countryservice/getNationality"/><con:wsrmConfig version="1.2"/></con:call><con:call id="323838ee-ac60-4db1-ada8-67954bb4ed9e" name="03 - Test LB -Request" outgoingWss="Outflow TEST" incomingWss="Inflow TEST"><con:settings><con:setting id="com.eviware.soapui.impl.wsdl.WsdlRequest@request-headers">&lt;xml-fragment/></con:setting></con:settings><con:encoding>UTF-8</con:encoding><con:endpoint>https://fidus-esb-sg.sta.srv.cirb.lan:8443/services/CountryService_v1.0</con:endpoint><con:request><![CDATA[<soapenv:Envelope xmlns:soapenv="http://schemas.xmlsoap.org/soap/envelope/" xmlns:v1="http://fidus.brussels/service/countryservice/messages/v1" xmlns:v11="http://fidus.brussels/type/common/messages/v1" xmlns:v12="http://fsb.belgium.be/mappingServices/countryService/messages/v1_00">
   <soapenv:Header/>
   <soapenv:Body>
      <v1:getNationalityRequest>
         <v1:messageContext>
         	  <v11:messageId>${=import static java.util.UUID.randomUUID; uuid = randomUUID() as String}</v11:messageId>
            <v11:timestamp>${=new java.text.SimpleDateFormat("yyyy-MM-dd'T'HH:mm:ss.SSS").format(new Date())}</v11:timestamp>
         </v1:messageContext>
         <v1:legalContext>ServiceIntegrator</v1:legalContext>
         <v1:request>
            <!--You have a CHOICE of the next 4 items at this level-->
            <v12:iso-alpha2>BE</v12:iso-alpha2>          
         </v1:request>
      </v1:getNationalityRequest>
   </soapenv:Body>
</soapenv:Envelope>]]></con:request><con:credentials><con:selectedAuthProfile>Basic</con:selectedAuthProfile><con:addedBasicAuthenticationTypes>Basic</con:addedBasicAuthenticationTypes><con:authType>Global HTTP Settings</con:authType></con:credentials><con:jmsConfig JMSDeliveryMode="PERSISTENT"/><con:jmsPropertyConfig/><con:wsaConfig mustUnderstand="NONE" version="200508" action="http://fidus.brussels/services/countryservice/getNationality"/><con:wsrmConfig version="1.2"/></con:call><con:call id="2219ece4-f42f-4d8e-bde9-06a1c89c26e3" name="02 - DevNew - Request-iso_alpha3_FRA" outgoingWss="Outflow DEV" incomingWss="Inflow DEV"><con:settings><con:setting id="com.eviware.soapui.impl.wsdl.WsdlRequest@request-headers">&lt;xml-fragment/></con:setting></con:settings><con:encoding>UTF-8</con:encoding><con:endpoint>https://192.168.36.75:8243/services/CountryService_v1.0</con:endpoint><con:request><![CDATA[<soapenv:Envelope xmlns:soapenv="http://schemas.xmlsoap.org/soap/envelope/" xmlns:v1="http://fidus.brussels/service/countryservice/messages/v1" xmlns:v11="http://fidus.brussels/type/common/messages/v1" xmlns:v12="http://fsb.belgium.be/mappingServices/countryService/messages/v1_00">
   <soapenv:Header/>
   <soapenv:Body>
      <v1:getNationalityRequest>
         <v1:messageContext>
            <v11:messageId>${=import static java.util.UUID.randomUUID; uuid = randomUUID() as String}</v11:messageId>
            <!--Optional:-->
            <v11:timestamp>${=new java.text.SimpleDateFormat("yyyy-MM-dd'T'HH:mm:ss.SSS").format(new Date())}</v11:timestamp>
         </v1:messageContext>
         <v1:legalContext>ServiceIntegrator</v1:legalContext>
         <v1:request>
            <!--You have a CHOICE of the next 4 items at this level-->
            <!--
            <v12:iso-alpha2 startDate="?" endDate="?" status="?">?</v12:iso-alpha2>
            <v12:iso-alpha3 startDate="?" endDate="?" status="?">?</v12:iso-alpha3>
            <v12:iso-num3 startDate="?" endDate="?" status="?">?</v12:iso-num3>
            <v12:nis-num3 startDate="?" endDate="?" status="?">?</v12:nis-num3> 
            -->             
             <v12:iso-alpha3>FRA</v12:iso-alpha3>           
         </v1:request>
      </v1:getNationalityRequest>
   </soapenv:Body>
</soapenv:Envelope>]]></con:request><con:credentials><con:selectedAuthProfile>Basic</con:selectedAuthProfile><con:addedBasicAuthenticationTypes>Basic</con:addedBasicAuthenticationTypes><con:authType>Global HTTP Settings</con:authType></con:credentials><con:jmsConfig JMSDeliveryMode="PERSISTENT"/><con:jmsPropertyConfig/><con:wsaConfig mustUnderstand="NONE" version="200508" action="http://fidus.brussels/services/countryservice/getNationality"/><con:wsrmConfig version="1.2"/></con:call><con:call id="cde2a278-028d-4200-92d0-9e1157dc5b6c" name="04 - Staging External -Request"><con:settings><con:setting id="com.eviware.soapui.impl.wsdl.WsdlRequest@request-headers">&lt;xml-fragment/></con:setting></con:settings><con:encoding>UTF-8</con:encoding><con:endpoint>https://fidus.irisnetlab.be/services/CountryService_v1.0</con:endpoint><con:request><![CDATA[<soapenv:Envelope xmlns:soapenv="http://schemas.xmlsoap.org/soap/envelope/" xmlns:v1="http://fidus.brussels/service/countryservice/messages/v1" xmlns:v11="http://fidus.brussels/type/common/messages/v1" xmlns:v12="http://fsb.belgium.be/mappingServices/countryService/messages/v1_00">
   <soapenv:Header/>
   <soapenv:Body>
      <v1:getNationalityRequest>
         <v1:messageContext>
         	  <v11:messageId>${=import static java.util.UUID.randomUUID; uuid = randomUUID() as String}</v11:messageId>
            <v11:timestamp>${=new java.text.SimpleDateFormat("yyyy-MM-dd'T'HH:mm:ss.SSS").format(new Date())}</v11:timestamp>
         </v1:messageContext>
         <v1:legalContext>ServiceIntegrator</v1:legalContext>
         <v1:request>
            <!--You have a CHOICE of the next 4 items at this level-->
            <v12:iso-alpha2>BE</v12:iso-alpha2>          
         </v1:request>
      </v1:getNationalityRequest>
   </soapenv:Body>
</soapenv:Envelope>]]></con:request><con:credentials><con:selectedAuthProfile>Basic</con:selectedAuthProfile><con:addedBasicAuthenticationTypes>Basic</con:addedBasicAuthenticationTypes><con:authType>Global HTTP Settings</con:authType></con:credentials><con:jmsConfig JMSDeliveryMode="PERSISTENT"/><con:jmsPropertyConfig/><con:wsaConfig mustUnderstand="NONE" version="200508" action="http://fidus.brussels/services/countryservice/getNationality"/><con:wsrmConfig version="1.2"/></con:call><con:call id="ad69bcd7-3128-4bd7-b237-65cfc3864b3e" name="05 - Prod External -Request"><con:settings><con:setting id="com.eviware.soapui.impl.wsdl.WsdlRequest@request-headers">&lt;xml-fragment/></con:setting></con:settings><con:encoding>UTF-8</con:encoding><con:endpoint>https://fidus.sec.brussels/services/CountryService_v1.0</con:endpoint><con:request><![CDATA[<soapenv:Envelope xmlns:soapenv="http://schemas.xmlsoap.org/soap/envelope/" xmlns:v1="http://fidus.brussels/service/countryservice/messages/v1" xmlns:v11="http://fidus.brussels/type/common/messages/v1" xmlns:v12="http://fsb.belgium.be/mappingServices/countryService/messages/v1_00">
   <soapenv:Header/>
   <soapenv:Body>
      <v1:getNationalityRequest>
         <v1:messageContext>
         	  <v11:messageId>${=import static java.util.UUID.randomUUID; uuid = randomUUID() as String}</v11:messageId>
            <v11:timestamp>${=new java.text.SimpleDateFormat("yyyy-MM-dd'T'HH:mm:ss.SSS").format(new Date())}</v11:timestamp>
         </v1:messageContext>
         <v1:legalContext>ServiceIntegrator</v1:legalContext>
         <v1:request>
            <!--You have a CHOICE of the next 4 items at this level-->
            <v12:iso-alpha2>BE</v12:iso-alpha2>          
         </v1:request>
      </v1:getNationalityRequest>
   </soapenv:Body>
</soapenv:Envelope>]]></con:request><con:credentials><con:selectedAuthProfile>Basic</con:selectedAuthProfile><con:addedBasicAuthenticationTypes>Basic</con:addedBasicAuthenticationTypes><con:authType>Global HTTP Settings</con:authType></con:credentials><con:jmsConfig JMSDeliveryMode="PERSISTENT"/><con:jmsPropertyConfig/><con:wsaConfig mustUnderstand="NONE" version="200508" action="http://fidus.brussels/services/countryservice/getNationality"/><con:wsrmConfig version="1.2"/></con:call></con:operation><con:operation id="0db5af1f-8e5d-4890-a361-1a8d8426f578" isOneWay="false" action="http://fidus.brussels/services/countryservice/getNationalityHistory" name="getNationalityHistory" bindingOperationName="getNationalityHistory" type="Request-Response" inputName="" receivesAttachments="false" sendsAttachments="false" anonymous="optional"><con:settings/><con:call id="8e3fd268-390d-4b01-a936-2a0b2762e9f7" name="01 - Local - Request" outgoingWss="Outflow DEV" incomingWss="Inflow DEV"><con:settings><con:setting id="com.eviware.soapui.impl.wsdl.WsdlRequest@request-headers">&lt;xml-fragment/></con:setting></con:settings><con:encoding>UTF-8</con:encoding><con:endpoint>https://localhost:8243/services/CountryService_v1.0</con:endpoint><con:request><![CDATA[<soapenv:Envelope xmlns:soapenv="http://schemas.xmlsoap.org/soap/envelope/" xmlns:v1="http://fidus.brussels/service/countryservice/messages/v1" xmlns:v11="http://fidus.brussels/type/common/messages/v1" xmlns:v12="http://fsb.belgium.be/mappingServices/countryService/messages/v1_00">
   <soapenv:Header/>
   <soapenv:Body>
      <v1:getNationalityHistoryRequest>
         <v1:messageContext>
            <v11:messageId>${=import static java.util.UUID.randomUUID; uuid = randomUUID() as String}</v11:messageId>
            <!--Optional:-->
            <v11:timestamp>${=new java.text.SimpleDateFormat("yyyy-MM-dd'T'HH:mm:ss.SSS").format(new Date())}</v11:timestamp>
         </v1:messageContext>
         <v1:legalContext>ServiceIntegrator</v1:legalContext>
         <v1:request>
            <v12:iso-alpha3>FRA</v12:iso-alpha3>
            <!--Optional:-->
            <v12:referenceDate>2016-10-16</v12:referenceDate>
         </v1:request>
      </v1:getNationalityHistoryRequest>
   </soapenv:Body>
</soapenv:Envelope>]]></con:request><con:credentials><con:selectedAuthProfile>Basic</con:selectedAuthProfile><con:addedBasicAuthenticationTypes>Basic</con:addedBasicAuthenticationTypes><con:authType>Global HTTP Settings</con:authType></con:credentials><con:jmsConfig JMSDeliveryMode="PERSISTENT"/><con:jmsPropertyConfig/><con:wsaConfig mustUnderstand="NONE" version="200508" action="http://fidus.brussels/services/countryservice/getNationalityHistory"/><con:wsrmConfig version="1.2"/></con:call><con:call id="3a97ff03-9d0a-46bf-88ff-e6e2f88ec208" name="01 - Local - Request-Invalid_iso_alpha3" outgoingWss="Outflow DEV" incomingWss="Inflow TEST"><con:settings><con:setting id="com.eviware.soapui.impl.wsdl.WsdlRequest@request-headers">&lt;xml-fragment/></con:setting></con:settings><con:encoding>UTF-8</con:encoding><con:endpoint>https://localhost:8243/services/CountryService_v1.0</con:endpoint><con:request><![CDATA[<soapenv:Envelope xmlns:soapenv="http://schemas.xmlsoap.org/soap/envelope/" xmlns:v1="http://fidus.brussels/service/countryservice/messages/v1" xmlns:v11="http://fidus.brussels/type/common/messages/v1" xmlns:v12="http://fsb.belgium.be/mappingServices/countryService/messages/v1_00">
   <soapenv:Header/>
   <soapenv:Body>
      <v1:getNationalityHistoryRequest>
         <v1:messageContext>
            <v11:messageId>${=import static java.util.UUID.randomUUID; uuid = randomUUID() as String}</v11:messageId>
            <!--Optional:-->
            <v11:timestamp>${=new java.text.SimpleDateFormat("yyyy-MM-dd'T'HH:mm:ss.SSS").format(new Date())}</v11:timestamp>
         </v1:messageContext>
         <v1:legalContext>ServiceIntegrator</v1:legalContext>
         <v1:request>
            <v12:iso-alpha3>XXX</v12:iso-alpha3>
            <!--Optional:-->
            <v12:referenceDate>2016-10-16</v12:referenceDate>
         </v1:request>
      </v1:getNationalityHistoryRequest>
   </soapenv:Body>
</soapenv:Envelope>]]></con:request><con:credentials><con:selectedAuthProfile>Basic</con:selectedAuthProfile><con:addedBasicAuthenticationTypes>Basic</con:addedBasicAuthenticationTypes><con:authType>Global HTTP Settings</con:authType></con:credentials><con:jmsConfig JMSDeliveryMode="PERSISTENT"/><con:jmsPropertyConfig/><con:wsaConfig mustUnderstand="NONE" version="200508" action="http://fidus.brussels/services/countryservice/getNationalityHistory"/><con:wsrmConfig version="1.2"/></con:call><con:call id="34f0393c-0b9c-47a6-a5b7-321bb86c65fe" name="02 - Dev - Request" outgoingWss="Outflow DEV" incomingWss="Inflow DEV"><con:settings><con:setting id="com.eviware.soapui.impl.wsdl.WsdlRequest@request-headers">&lt;xml-fragment/></con:setting></con:settings><con:encoding>UTF-8</con:encoding><con:endpoint>https://192.168.36.61:8243/services/CountryService_v1.0</con:endpoint><con:request><![CDATA[<soapenv:Envelope xmlns:soapenv="http://schemas.xmlsoap.org/soap/envelope/" xmlns:v1="http://fidus.brussels/service/countryservice/messages/v1" xmlns:v11="http://fidus.brussels/type/common/messages/v1" xmlns:v12="http://fsb.belgium.be/mappingServices/countryService/messages/v1_00">
   <soapenv:Header/>
   <soapenv:Body>
      <v1:getNationalityHistoryRequest>
         <v1:messageContext>
            <v11:messageId>${=import static java.util.UUID.randomUUID; uuid = randomUUID() as String}</v11:messageId>
            <!--Optional:-->
            <v11:timestamp>${=new java.text.SimpleDateFormat("yyyy-MM-dd'T'HH:mm:ss.SSS").format(new Date())}</v11:timestamp>
         </v1:messageContext>
         <v1:legalContext>ServiceIntegrator</v1:legalContext>
         <v1:request>
            <v12:iso-alpha3>FRA</v12:iso-alpha3>                      
         </v1:request>
      </v1:getNationalityHistoryRequest>
   </soapenv:Body>
</soapenv:Envelope>]]></con:request><con:credentials><con:selectedAuthProfile>Basic</con:selectedAuthProfile><con:addedBasicAuthenticationTypes>Basic</con:addedBasicAuthenticationTypes><con:authType>Global HTTP Settings</con:authType></con:credentials><con:jmsConfig JMSDeliveryMode="PERSISTENT"/><con:jmsPropertyConfig/><con:wsaConfig mustUnderstand="NONE" version="200508" action="http://fidus.brussels/services/countryservice/getNationalityHistory"/><con:wsrmConfig version="1.2"/></con:call><con:call id="8c846c1b-013c-4cbd-9214-75a7185e28ef" name="03 - Test External - Request" outgoingWss="Outflow TEST" incomingWss="Inflow TEST"><con:settings><con:setting id="com.eviware.soapui.impl.wsdl.WsdlRequest@request-headers">&lt;xml-fragment/></con:setting></con:settings><con:encoding>UTF-8</con:encoding><con:endpoint>https://fidus-test.irisnetlab.be/services/CountryService_v1.0</con:endpoint><con:request><![CDATA[<soapenv:Envelope xmlns:soapenv="http://schemas.xmlsoap.org/soap/envelope/" xmlns:v1="http://fidus.brussels/service/countryservice/messages/v1" xmlns:v11="http://fidus.brussels/type/common/messages/v1" xmlns:v12="http://fsb.belgium.be/mappingServices/countryService/messages/v1_00">
   <soapenv:Header/>
   <soapenv:Body>
      <v1:getNationalityHistoryRequest>
         <v1:messageContext>
            <v11:messageId>${=import static java.util.UUID.randomUUID; uuid = randomUUID() as String}</v11:messageId>
            <!--Optional:-->
            <v11:timestamp>${=new java.text.SimpleDateFormat("yyyy-MM-dd'T'HH:mm:ss.SSS").format(new Date())}</v11:timestamp>
         </v1:messageContext>
         <v1:legalContext>ServiceIntegrator</v1:legalContext>
         <v1:request>
            <v12:iso-alpha3>FRA</v12:iso-alpha3>
            <!--Optional:-->
            <v12:referenceDate>2016-10-16</v12:referenceDate>
         </v1:request>
      </v1:getNationalityHistoryRequest>
   </soapenv:Body>
</soapenv:Envelope>]]></con:request><con:credentials><con:selectedAuthProfile>Basic</con:selectedAuthProfile><con:addedBasicAuthenticationTypes>Basic</con:addedBasicAuthenticationTypes><con:authType>Global HTTP Settings</con:authType></con:credentials><con:jmsConfig JMSDeliveryMode="PERSISTENT"/><con:jmsPropertyConfig/><con:wsaConfig mustUnderstand="NONE" version="200508" action="http://fidus.brussels/services/countryservice/getNationalityHistory"/><con:wsrmConfig version="1.2"/></con:call><con:call id="ec4d93ec-d219-45ee-8215-7c5da0dbff17" name="03 - Test LB - Request" outgoingWss="Outflow TEST" incomingWss="Inflow TEST"><con:settings><con:setting id="com.eviware.soapui.impl.wsdl.WsdlRequest@request-headers">&lt;xml-fragment/></con:setting></con:settings><con:encoding>UTF-8</con:encoding><con:endpoint>https://fidus-esb-sg.sta.srv.cirb.lan:8443/services/CountryService_v1.0</con:endpoint><con:request><![CDATA[<soapenv:Envelope xmlns:soapenv="http://schemas.xmlsoap.org/soap/envelope/" xmlns:v1="http://fidus.brussels/service/countryservice/messages/v1" xmlns:v11="http://fidus.brussels/type/common/messages/v1" xmlns:v12="http://fsb.belgium.be/mappingServices/countryService/messages/v1_00">
   <soapenv:Header/>
   <soapenv:Body>
      <v1:getNationalityHistoryRequest>
         <v1:messageContext>
            <v11:messageId>${=import static java.util.UUID.randomUUID; uuid = randomUUID() as String}</v11:messageId>
            <!--Optional:-->
            <v11:timestamp>${=new java.text.SimpleDateFormat("yyyy-MM-dd'T'HH:mm:ss.SSS").format(new Date())}</v11:timestamp>
         </v1:messageContext>
         <v1:legalContext>ServiceIntegrator</v1:legalContext>
         <v1:request>
            <v12:iso-alpha3>NLD</v12:iso-alpha3>
            <!--Optional:-->
            <v12:referenceDate>2016-10-16</v12:referenceDate>
         </v1:request>
      </v1:getNationalityHistoryRequest>
   </soapenv:Body>
</soapenv:Envelope>]]></con:request><con:credentials><con:selectedAuthProfile>Basic</con:selectedAuthProfile><con:addedBasicAuthenticationTypes>Basic</con:addedBasicAuthenticationTypes><con:authType>Global HTTP Settings</con:authType></con:credentials><con:jmsConfig JMSDeliveryMode="PERSISTENT"/><con:jmsPropertyConfig/><con:wsaConfig mustUnderstand="NONE" version="200508" action="http://fidus.brussels/services/countryservice/getNationalityHistory"/><con:wsrmConfig version="1.2"/></con:call><con:call id="3a2c588e-1342-42e8-a33b-269ada28061d" name="03 - Test Worker1 - Request" outgoingWss="Outflow TEST" incomingWss="Inflow TEST"><con:settings><con:setting id="com.eviware.soapui.impl.wsdl.WsdlRequest@request-headers">&lt;xml-fragment/></con:setting></con:settings><con:encoding>UTF-8</con:encoding><con:endpoint>https://192.168.24.16:8443/services/CountryService_v1.0</con:endpoint><con:request><![CDATA[<soapenv:Envelope xmlns:soapenv="http://schemas.xmlsoap.org/soap/envelope/" xmlns:v1="http://fidus.brussels/service/countryservice/messages/v1" xmlns:v11="http://fidus.brussels/type/common/messages/v1" xmlns:v12="http://fsb.belgium.be/mappingServices/countryService/messages/v1_00">
   <soapenv:Header/>
   <soapenv:Body>
      <v1:getNationalityHistoryRequest>
         <v1:messageContext>
            <v11:messageId>${=import static java.util.UUID.randomUUID; uuid = randomUUID() as String}</v11:messageId>
            <!--Optional:-->
            <v11:timestamp>${=new java.text.SimpleDateFormat("yyyy-MM-dd'T'HH:mm:ss.SSS").format(new Date())}</v11:timestamp>
         </v1:messageContext>
         <v1:legalContext>ServiceIntegrator</v1:legalContext>
         <v1:request>
            <v12:iso-alpha3>AUS</v12:iso-alpha3>
            <!--Optional:-->
            <!--<v12:referenceDate>2016-10-16</v12:referenceDate>-->
         </v1:request>
      </v1:getNationalityHistoryRequest>
   </soapenv:Body>
</soapenv:Envelope>]]></con:request><con:credentials><con:selectedAuthProfile>Basic</con:selectedAuthProfile><con:addedBasicAuthenticationTypes>Basic</con:addedBasicAuthenticationTypes><con:authType>Global HTTP Settings</con:authType></con:credentials><con:jmsConfig JMSDeliveryMode="PERSISTENT"/><con:jmsPropertyConfig/><con:wsaConfig mustUnderstand="NONE" version="200508" action="http://fidus.brussels/services/countryservice/getNationalityHistory"/><con:wsrmConfig version="1.2"/></con:call><con:call id="4516608b-c07e-4d25-9363-b48db8810782" name="03 - Test Worker2 - Request" outgoingWss="Outflow TEST" incomingWss="Inflow TEST"><con:settings><con:setting id="com.eviware.soapui.impl.wsdl.WsdlRequest@request-headers">&lt;xml-fragment/></con:setting></con:settings><con:encoding>UTF-8</con:encoding><con:endpoint>https://192.168.24.17:8443/services/CountryService_v1.0</con:endpoint><con:request><![CDATA[<soapenv:Envelope xmlns:soapenv="http://schemas.xmlsoap.org/soap/envelope/" xmlns:v1="http://fidus.brussels/service/countryservice/messages/v1" xmlns:v11="http://fidus.brussels/type/common/messages/v1" xmlns:v12="http://fsb.belgium.be/mappingServices/countryService/messages/v1_00">
   <soapenv:Header/>
   <soapenv:Body>
      <v1:getNationalityHistoryRequest>
         <v1:messageContext>
            <v11:messageId>${=import static java.util.UUID.randomUUID; uuid = randomUUID() as String}</v11:messageId>
            <!--Optional:-->
            <v11:timestamp>${=new java.text.SimpleDateFormat("yyyy-MM-dd'T'HH:mm:ss.SSS").format(new Date())}</v11:timestamp>
         </v1:messageContext>
         <v1:legalContext>ServiceIntegrator</v1:legalContext>
         <v1:request>
            <v12:iso-alpha3>BRA</v12:iso-alpha3>
            <!--Optional:-->
            <v12:referenceDate>2000-01-01</v12:referenceDate>
         </v1:request>
      </v1:getNationalityHistoryRequest>
   </soapenv:Body>
</soapenv:Envelope>]]></con:request><con:credentials><con:selectedAuthProfile>Basic</con:selectedAuthProfile><con:addedBasicAuthenticationTypes>Basic</con:addedBasicAuthenticationTypes><con:authType>Global HTTP Settings</con:authType></con:credentials><con:jmsConfig JMSDeliveryMode="PERSISTENT"/><con:jmsPropertyConfig/><con:wsaConfig mustUnderstand="NONE" version="200508" action="http://fidus.brussels/services/countryservice/getNationalityHistory"/><con:wsrmConfig version="1.2"/></con:call><con:call id="867b4f83-3e2d-4440-92ec-9fcd69e98643" name="02 - DevNew - Request" outgoingWss="Outflow DEV" incomingWss="Inflow DEV"><con:settings><con:setting id="com.eviware.soapui.impl.wsdl.WsdlRequest@request-headers">&lt;xml-fragment/></con:setting></con:settings><con:encoding>UTF-8</con:encoding><con:endpoint>https://192.168.36.75:8243/services/CountryService_v1.0</con:endpoint><con:request><![CDATA[<soapenv:Envelope xmlns:soapenv="http://schemas.xmlsoap.org/soap/envelope/" xmlns:v1="http://fidus.brussels/service/countryservice/messages/v1" xmlns:v11="http://fidus.brussels/type/common/messages/v1" xmlns:v12="http://fsb.belgium.be/mappingServices/countryService/messages/v1_00">
   <soapenv:Header/>
   <soapenv:Body>
      <v1:getNationalityHistoryRequest>
         <v1:messageContext>
            <v11:messageId>${=import static java.util.UUID.randomUUID; uuid = randomUUID() as String}</v11:messageId>
            <!--Optional:-->
            <v11:timestamp>${=new java.text.SimpleDateFormat("yyyy-MM-dd'T'HH:mm:ss.SSS").format(new Date())}</v11:timestamp>
         </v1:messageContext>
         <v1:legalContext>ServiceIntegrator</v1:legalContext>
         <v1:request>
            <v12:iso-alpha3>FRA</v12:iso-alpha3>                      
         </v1:request>
      </v1:getNationalityHistoryRequest>
   </soapenv:Body>
</soapenv:Envelope>]]></con:request><con:credentials><con:selectedAuthProfile>Basic</con:selectedAuthProfile><con:addedBasicAuthenticationTypes>Basic</con:addedBasicAuthenticationTypes><con:authType>Global HTTP Settings</con:authType></con:credentials><con:jmsConfig JMSDeliveryMode="PERSISTENT"/><con:jmsPropertyConfig/><con:wsaConfig mustUnderstand="NONE" version="200508" action="http://fidus.brussels/services/countryservice/getNationalityHistory"/><con:wsrmConfig version="1.2"/></con:call><con:call id="73a8fec6-7345-49ae-bd3b-67b1a811bcab" name="04 - Staging External - Request" outgoingWss="Outflow STAGING" incomingWss="Inflow STAGING"><con:settings><con:setting id="com.eviware.soapui.impl.wsdl.WsdlRequest@request-headers">&lt;xml-fragment/></con:setting></con:settings><con:encoding>UTF-8</con:encoding><con:endpoint>https://fidus.irisnetlab.be/services/CountryService_v1.0</con:endpoint><con:request><![CDATA[<soapenv:Envelope xmlns:soapenv="http://schemas.xmlsoap.org/soap/envelope/" xmlns:v1="http://fidus.brussels/service/countryservice/messages/v1" xmlns:v11="http://fidus.brussels/type/common/messages/v1" xmlns:v12="http://fsb.belgium.be/mappingServices/countryService/messages/v1_00">
   <soapenv:Header/>
   <soapenv:Body>
      <v1:getNationalityHistoryRequest>
         <v1:messageContext>
            <v11:messageId>${=import static java.util.UUID.randomUUID; uuid = randomUUID() as String}</v11:messageId>
            <!--Optional:-->
            <v11:timestamp>${=new java.text.SimpleDateFormat("yyyy-MM-dd'T'HH:mm:ss.SSS").format(new Date())}</v11:timestamp>
         </v1:messageContext>
         <v1:legalContext>ServiceIntegrator</v1:legalContext>
         <v1:request>
            <v12:iso-alpha3>FRA</v12:iso-alpha3>
            <!--Optional:-->
            <v12:referenceDate>2016-10-16</v12:referenceDate>
         </v1:request>
      </v1:getNationalityHistoryRequest>
   </soapenv:Body>
</soapenv:Envelope>]]></con:request><con:credentials><con:selectedAuthProfile>Basic</con:selectedAuthProfile><con:addedBasicAuthenticationTypes>Basic</con:addedBasicAuthenticationTypes><con:authType>Global HTTP Settings</con:authType></con:credentials><con:jmsConfig JMSDeliveryMode="PERSISTENT"/><con:jmsPropertyConfig/><con:wsaConfig mustUnderstand="NONE" version="200508" action="http://fidus.brussels/services/countryservice/getNationalityHistory"/><con:wsrmConfig version="1.2"/></con:call><con:call id="f3aced52-ec16-4c27-ad1e-5c9882a02ddb" name="05 - Prod External - Request" outgoingWss="Outflow PROD" incomingWss="Inflow PROD"><con:settings><con:setting id="com.eviware.soapui.impl.wsdl.WsdlRequest@request-headers">&lt;xml-fragment/></con:setting></con:settings><con:encoding>UTF-8</con:encoding><con:endpoint>https://fidus.sec.brussels/services/CountryService_v1.0</con:endpoint><con:request><![CDATA[<soapenv:Envelope xmlns:soapenv="http://schemas.xmlsoap.org/soap/envelope/" xmlns:v1="http://fidus.brussels/service/countryservice/messages/v1" xmlns:v11="http://fidus.brussels/type/common/messages/v1" xmlns:v12="http://fsb.belgium.be/mappingServices/countryService/messages/v1_00">
   <soapenv:Header/>
   <soapenv:Body>
      <v1:getNationalityHistoryRequest>
         <v1:messageContext>
            <v11:messageId>${=import static java.util.UUID.randomUUID; uuid = randomUUID() as String}</v11:messageId>
            <!--Optional:-->
            <v11:timestamp>${=new java.text.SimpleDateFormat("yyyy-MM-dd'T'HH:mm:ss.SSS").format(new Date())}</v11:timestamp>
         </v1:messageContext>
         <v1:legalContext>ServiceIntegrator</v1:legalContext>
         <v1:request>
            <v12:iso-alpha3>FRA</v12:iso-alpha3>
            <!--Optional:-->
            <v12:referenceDate>2016-10-16</v12:referenceDate>
         </v1:request>
      </v1:getNationalityHistoryRequest>
   </soapenv:Body>
</soapenv:Envelope>]]></con:request><con:credentials><con:selectedAuthProfile>Basic</con:selectedAuthProfile><con:addedBasicAuthenticationTypes>Basic</con:addedBasicAuthenticationTypes><con:authType>Global HTTP Settings</con:authType></con:credentials><con:jmsConfig JMSDeliveryMode="PERSISTENT"/><con:jmsPropertyConfig/><con:wsaConfig mustUnderstand="NONE" version="200508" action="http://fidus.brussels/services/countryservice/getNationalityHistory"/><con:wsrmConfig version="1.2"/></con:call></con:operation><con:operation id="63031318-d123-4994-8550-90b5b4b3fac2" isOneWay="false" action="http://fidus.brussels/services/countryservice/getPlaceCountries" name="getPlaceCountries" bindingOperationName="getPlaceCountries" type="Request-Response" inputName="" receivesAttachments="false" sendsAttachments="false" anonymous="optional"><con:settings/><con:call id="ded03973-5416-468a-8f9b-b0db5372204e" name="01 - Local - Request" outgoingWss="Outflow DEV" incomingWss="Inflow DEV"><con:settings><con:setting id="com.eviware.soapui.impl.wsdl.WsdlRequest@request-headers">&lt;xml-fragment/></con:setting></con:settings><con:encoding>UTF-8</con:encoding><con:endpoint>https://localhost:8243/services/CountryService_v1.0</con:endpoint><con:request><![CDATA[<soapenv:Envelope xmlns:soapenv="http://schemas.xmlsoap.org/soap/envelope/" xmlns:v1="http://fidus.brussels/service/countryservice/messages/v1" xmlns:v11="http://fidus.brussels/type/common/messages/v1">
   <soapenv:Header/>
   <soapenv:Body>
      <v1:getPlaceCountriesRequest>
         <v1:messageContext>
            <v11:messageId>${=import static java.util.UUID.randomUUID; uuid = randomUUID() as String}</v11:messageId>
            <!--Optional:-->
            <v11:timestamp>${=new java.text.SimpleDateFormat("yyyy-MM-dd'T'HH:mm:ss.SSS").format(new Date())}</v11:timestamp>
         </v1:messageContext>
         <v1:legalContext>ServiceIntegrator</v1:legalContext>
         <v1:request>
            <!--Optional:-->
            <v1:referenceDate>2016-10-14</v1:referenceDate>
         </v1:request>
      </v1:getPlaceCountriesRequest>
   </soapenv:Body>
</soapenv:Envelope>]]></con:request><con:credentials><con:selectedAuthProfile>Basic</con:selectedAuthProfile><con:addedBasicAuthenticationTypes>Basic</con:addedBasicAuthenticationTypes><con:authType>Global HTTP Settings</con:authType></con:credentials><con:jmsConfig JMSDeliveryMode="PERSISTENT"/><con:jmsPropertyConfig/><con:wsaConfig mustUnderstand="NONE" version="200508" action="http://fidus.brussels/services/countryservice/getPlaceCountries"/><con:wsrmConfig version="1.2"/></con:call><con:call id="81152a2e-3dd3-4b6e-adc4-04a4cf56a74a" name="01 - Local - Request-Invalid_date" outgoingWss="Outflow DEV" incomingWss="Inflow DEV"><con:settings><con:setting id="com.eviware.soapui.impl.wsdl.WsdlRequest@request-headers">&lt;xml-fragment/></con:setting></con:settings><con:encoding>UTF-8</con:encoding><con:endpoint>https://localhost:8243/services/CountryService_v1.0</con:endpoint><con:request><![CDATA[<soapenv:Envelope xmlns:soapenv="http://schemas.xmlsoap.org/soap/envelope/" xmlns:v1="http://fidus.brussels/service/countryservice/messages/v1" xmlns:v11="http://fidus.brussels/type/common/messages/v1">
   <soapenv:Header/>
   <soapenv:Body>
      <v1:getPlaceCountriesRequest>
         <v1:messageContext>
            <v11:messageId>${=import static java.util.UUID.randomUUID; uuid = randomUUID() as String}</v11:messageId>
            <!--Optional:-->
            <v11:timestamp>${=new java.text.SimpleDateFormat("yyyy-MM-dd'T'HH:mm:ss.SSS").format(new Date())}</v11:timestamp>
         </v1:messageContext>
         <v1:legalContext>ServiceIntegrator</v1:legalContext>
         <v1:request>
            <!--Optional:-->
            <v1:referenceDate>2017-10-14</v1:referenceDate>
         </v1:request>
      </v1:getPlaceCountriesRequest>
   </soapenv:Body>
</soapenv:Envelope>]]></con:request><con:credentials><con:selectedAuthProfile>Basic</con:selectedAuthProfile><con:addedBasicAuthenticationTypes>Basic</con:addedBasicAuthenticationTypes><con:authType>Global HTTP Settings</con:authType></con:credentials><con:jmsConfig JMSDeliveryMode="PERSISTENT"/><con:jmsPropertyConfig/><con:wsaConfig mustUnderstand="NONE" version="200508" action="http://fidus.brussels/services/countryservice/getPlaceCountries"/><con:wsrmConfig version="1.2"/></con:call><con:call id="8f5b716b-59ca-4e60-9ab9-50c755c955e5" name="02 - Dev - Request" outgoingWss="Outflow DEV" incomingWss="Inflow DEV"><con:settings><con:setting id="com.eviware.soapui.impl.wsdl.WsdlRequest@request-headers">&lt;xml-fragment/></con:setting></con:settings><con:encoding>UTF-8</con:encoding><con:endpoint>https://192.168.36.61:8243/services/CountryService_v1.0</con:endpoint><con:request><![CDATA[<soapenv:Envelope xmlns:soapenv="http://schemas.xmlsoap.org/soap/envelope/" xmlns:v1="http://fidus.brussels/service/countryservice/messages/v1" xmlns:v11="http://fidus.brussels/type/common/messages/v1">
   <soapenv:Header/>
   <soapenv:Body>
      <v1:getPlaceCountriesRequest>
         <v1:messageContext>
            <v11:messageId>${=import static java.util.UUID.randomUUID; uuid = randomUUID() as String}</v11:messageId>
            <!--Optional:-->
            <v11:timestamp>${=new java.text.SimpleDateFormat("yyyy-MM-dd'T'HH:mm:ss.SSS").format(new Date())}</v11:timestamp>
         </v1:messageContext>
         <v1:legalContext>ServiceIntegrator</v1:legalContext>
         <v1:request>
            <!--Optional:-->
            <v1:referenceDate>2016-10-14</v1:referenceDate>
         </v1:request>
      </v1:getPlaceCountriesRequest>
   </soapenv:Body>
</soapenv:Envelope>]]></con:request><con:credentials><con:selectedAuthProfile>Basic</con:selectedAuthProfile><con:addedBasicAuthenticationTypes>Basic</con:addedBasicAuthenticationTypes><con:authType>Global HTTP Settings</con:authType></con:credentials><con:jmsConfig JMSDeliveryMode="PERSISTENT"/><con:jmsPropertyConfig/><con:wsaConfig mustUnderstand="NONE" version="200508" action="http://fidus.brussels/services/countryservice/getPlaceCountries"/><con:wsrmConfig version="1.2"/></con:call><con:call id="bf07f6ab-beea-48eb-8e4a-00f4aa88c08a" name="03 - Test External - Request" outgoingWss="Outflow TEST" incomingWss="Inflow TEST"><con:settings><con:setting id="com.eviware.soapui.impl.wsdl.WsdlRequest@request-headers">&lt;xml-fragment/></con:setting></con:settings><con:encoding>UTF-8</con:encoding><con:endpoint>https://fidus-test.irisnetlab.be/services/CountryService_v1.0</con:endpoint><con:request><![CDATA[<soapenv:Envelope xmlns:soapenv="http://schemas.xmlsoap.org/soap/envelope/" xmlns:v1="http://fidus.brussels/service/countryservice/messages/v1" xmlns:v11="http://fidus.brussels/type/common/messages/v1">
   <soapenv:Header/>
   <soapenv:Body>
      <v1:getPlaceCountriesRequest>
         <v1:messageContext>
            <v11:messageId>${=import static java.util.UUID.randomUUID; uuid = randomUUID() as String}</v11:messageId>
            <!--Optional:-->
            <v11:timestamp>${=new java.text.SimpleDateFormat("yyyy-MM-dd'T'HH:mm:ss.SSS").format(new Date())}</v11:timestamp>
         </v1:messageContext>
         <v1:legalContext>ServiceIntegrator</v1:legalContext>
         <v1:request>
            <!--Optional:-->
            <v1:referenceDate>2016-10-14</v1:referenceDate>
         </v1:request>
      </v1:getPlaceCountriesRequest>
   </soapenv:Body>
</soapenv:Envelope>]]></con:request><con:credentials><con:selectedAuthProfile>Basic</con:selectedAuthProfile><con:addedBasicAuthenticationTypes>Basic</con:addedBasicAuthenticationTypes><con:authType>Global HTTP Settings</con:authType></con:credentials><con:jmsConfig JMSDeliveryMode="PERSISTENT"/><con:jmsPropertyConfig/><con:wsaConfig mustUnderstand="NONE" version="200508" action="http://fidus.brussels/services/countryservice/getPlaceCountries"/><con:wsrmConfig version="1.2"/></con:call><con:call id="449c82c8-3792-42d2-b7a8-e478446972a7" name="03 - Test LB - Request" outgoingWss="Outflow TEST" incomingWss="Inflow TEST"><con:settings><con:setting id="com.eviware.soapui.impl.wsdl.WsdlRequest@request-headers">&lt;xml-fragment/></con:setting></con:settings><con:encoding>UTF-8</con:encoding><con:endpoint>https://fidus-esb-sg.sta.srv.cirb.lan:8443/services/CountryService_v1.0</con:endpoint><con:request><![CDATA[<soapenv:Envelope xmlns:soapenv="http://schemas.xmlsoap.org/soap/envelope/" xmlns:v1="http://fidus.brussels/service/countryservice/messages/v1" xmlns:v11="http://fidus.brussels/type/common/messages/v1">
   <soapenv:Header/>
   <soapenv:Body>
      <v1:getPlaceCountriesRequest>
         <v1:messageContext>
            <v11:messageId>${=import static java.util.UUID.randomUUID; uuid = randomUUID() as String}</v11:messageId>
            <!--Optional:-->
            <v11:timestamp>${=new java.text.SimpleDateFormat("yyyy-MM-dd'T'HH:mm:ss.SSS").format(new Date())}</v11:timestamp>
         </v1:messageContext>
         <v1:legalContext>ServiceIntegrator</v1:legalContext>
         <v1:request>
            <!--Optional:-->
            <v1:referenceDate>2016-10-14</v1:referenceDate>
         </v1:request>
      </v1:getPlaceCountriesRequest>
   </soapenv:Body>
</soapenv:Envelope>]]></con:request><con:credentials><con:selectedAuthProfile>Basic</con:selectedAuthProfile><con:addedBasicAuthenticationTypes>Basic</con:addedBasicAuthenticationTypes><con:authType>Global HTTP Settings</con:authType></con:credentials><con:jmsConfig JMSDeliveryMode="PERSISTENT"/><con:jmsPropertyConfig/><con:wsaConfig mustUnderstand="NONE" version="200508" action="http://fidus.brussels/services/countryservice/getPlaceCountries"/><con:wsrmConfig version="1.2"/></con:call><con:call id="57502e21-b626-4c62-9b63-4e85f4b6c52b" name="03 - Test Worker1 - Request" outgoingWss="Outflow TEST" incomingWss="Inflow TEST"><con:settings><con:setting id="com.eviware.soapui.impl.wsdl.WsdlRequest@request-headers">&lt;xml-fragment/></con:setting></con:settings><con:encoding>UTF-8</con:encoding><con:endpoint>https://192.168.24.16:8443/services/CountryService_v1.0</con:endpoint><con:request><![CDATA[<soapenv:Envelope xmlns:soapenv="http://schemas.xmlsoap.org/soap/envelope/" xmlns:v1="http://fidus.brussels/service/countryservice/messages/v1" xmlns:v11="http://fidus.brussels/type/common/messages/v1">
   <soapenv:Header/>
   <soapenv:Body>
      <v1:getPlaceCountriesRequest>
         <v1:messageContext>
            <v11:messageId>${=import static java.util.UUID.randomUUID; uuid = randomUUID() as String}</v11:messageId>
            <!--Optional:-->
            <v11:timestamp>${=new java.text.SimpleDateFormat("yyyy-MM-dd'T'HH:mm:ss.SSS").format(new Date())}</v11:timestamp>
         </v1:messageContext>
         <v1:legalContext>ServiceIntegrator</v1:legalContext>
         <v1:request>
            <!--Optional:-->
            <v1:referenceDate>2016-10-14</v1:referenceDate>
         </v1:request>
      </v1:getPlaceCountriesRequest>
   </soapenv:Body>
</soapenv:Envelope>]]></con:request><con:credentials><con:selectedAuthProfile>Basic</con:selectedAuthProfile><con:addedBasicAuthenticationTypes>Basic</con:addedBasicAuthenticationTypes><con:authType>Global HTTP Settings</con:authType></con:credentials><con:jmsConfig JMSDeliveryMode="PERSISTENT"/><con:jmsPropertyConfig/><con:wsaConfig mustUnderstand="NONE" version="200508" action="http://fidus.brussels/services/countryservice/getPlaceCountries"/><con:wsrmConfig version="1.2"/></con:call><con:call id="87e1b257-fa4f-458d-9a3e-b6cca84b517e" name="03 - Test Worker2 - Request" outgoingWss="Outflow TEST" incomingWss="Inflow TEST"><con:settings><con:setting id="com.eviware.soapui.impl.wsdl.WsdlRequest@request-headers">&lt;xml-fragment/></con:setting></con:settings><con:encoding>UTF-8</con:encoding><con:endpoint>https://192.168.24.17:8443/services/CountryService_v1.0</con:endpoint><con:request><![CDATA[<soapenv:Envelope xmlns:soapenv="http://schemas.xmlsoap.org/soap/envelope/" xmlns:v1="http://fidus.brussels/service/countryservice/messages/v1" xmlns:v11="http://fidus.brussels/type/common/messages/v1">
   <soapenv:Header/>
   <soapenv:Body>
      <v1:getPlaceCountriesRequest>
         <v1:messageContext>
            <v11:messageId>${=import static java.util.UUID.randomUUID; uuid = randomUUID() as String}</v11:messageId>
            <!--Optional:-->
            <v11:timestamp>${=new java.text.SimpleDateFormat("yyyy-MM-dd'T'HH:mm:ss.SSS").format(new Date())}</v11:timestamp>
         </v1:messageContext>
         <v1:legalContext>ServiceIntegrator</v1:legalContext>
         <v1:request>
            <!--Optional:-->
            <v1:referenceDate>2016-10-14</v1:referenceDate>
         </v1:request>
      </v1:getPlaceCountriesRequest>
   </soapenv:Body>
</soapenv:Envelope>]]></con:request><con:credentials><con:selectedAuthProfile>Basic</con:selectedAuthProfile><con:addedBasicAuthenticationTypes>Basic</con:addedBasicAuthenticationTypes><con:authType>Global HTTP Settings</con:authType></con:credentials><con:jmsConfig JMSDeliveryMode="PERSISTENT"/><con:jmsPropertyConfig/><con:wsaConfig mustUnderstand="NONE" version="200508" action="http://fidus.brussels/services/countryservice/getPlaceCountries"/><con:wsrmConfig version="1.2"/></con:call><con:call id="c63d0100-c973-4cf3-9421-bb1cf1a9db35" name="02 - DevNew - Request" outgoingWss="Outflow DEV" incomingWss="Inflow DEV"><con:settings><con:setting id="com.eviware.soapui.impl.wsdl.WsdlRequest@request-headers">&lt;xml-fragment/></con:setting></con:settings><con:encoding>UTF-8</con:encoding><con:endpoint>https://192.168.36.75:8243/services/CountryService_v1.0</con:endpoint><con:request><![CDATA[<soapenv:Envelope xmlns:soapenv="http://schemas.xmlsoap.org/soap/envelope/" xmlns:v1="http://fidus.brussels/service/countryservice/messages/v1" xmlns:v11="http://fidus.brussels/type/common/messages/v1">
   <soapenv:Header/>
   <soapenv:Body>
      <v1:getPlaceCountriesRequest>
         <v1:messageContext>
            <v11:messageId>${=import static java.util.UUID.randomUUID; uuid = randomUUID() as String}</v11:messageId>
            <!--Optional:-->
            <v11:timestamp>${=new java.text.SimpleDateFormat("yyyy-MM-dd'T'HH:mm:ss.SSS").format(new Date())}</v11:timestamp>
         </v1:messageContext>
         <v1:legalContext>ServiceIntegrator</v1:legalContext>
         <v1:request>
            <!--Optional:-->
            <v1:referenceDate>2016-10-14</v1:referenceDate>
         </v1:request>
      </v1:getPlaceCountriesRequest>
   </soapenv:Body>
</soapenv:Envelope>]]></con:request><con:credentials><con:selectedAuthProfile>Basic</con:selectedAuthProfile><con:addedBasicAuthenticationTypes>Basic</con:addedBasicAuthenticationTypes><con:authType>Global HTTP Settings</con:authType></con:credentials><con:jmsConfig JMSDeliveryMode="PERSISTENT"/><con:jmsPropertyConfig/><con:wsaConfig mustUnderstand="NONE" version="200508" action="http://fidus.brussels/services/countryservice/getPlaceCountries"/><con:wsrmConfig version="1.2"/></con:call><con:call id="038e7423-a7b4-4064-8923-b7b2ea85248a" name="04 - Staging External - Request" outgoingWss="Outflow STAGING" incomingWss="Inflow STAGING"><con:settings><con:setting id="com.eviware.soapui.impl.wsdl.WsdlRequest@request-headers">&lt;xml-fragment/></con:setting></con:settings><con:encoding>UTF-8</con:encoding><con:endpoint>https://fidus.irisnetlab.be/services/CountryService_v1.0</con:endpoint><con:request><![CDATA[<soapenv:Envelope xmlns:soapenv="http://schemas.xmlsoap.org/soap/envelope/" xmlns:v1="http://fidus.brussels/service/countryservice/messages/v1" xmlns:v11="http://fidus.brussels/type/common/messages/v1">
   <soapenv:Header/>
   <soapenv:Body>
      <v1:getPlaceCountriesRequest>
         <v1:messageContext>
            <v11:messageId>${=import static java.util.UUID.randomUUID; uuid = randomUUID() as String}</v11:messageId>
            <!--Optional:-->
            <v11:timestamp>${=new java.text.SimpleDateFormat("yyyy-MM-dd'T'HH:mm:ss.SSS").format(new Date())}</v11:timestamp>
         </v1:messageContext>
         <v1:legalContext>ServiceIntegrator</v1:legalContext>
         <v1:request>
            <!--Optional:-->
            <v1:referenceDate>2016-10-14</v1:referenceDate>
         </v1:request>
      </v1:getPlaceCountriesRequest>
   </soapenv:Body>
</soapenv:Envelope>]]></con:request><con:credentials><con:selectedAuthProfile>Basic</con:selectedAuthProfile><con:addedBasicAuthenticationTypes>Basic</con:addedBasicAuthenticationTypes><con:authType>Global HTTP Settings</con:authType></con:credentials><con:jmsConfig JMSDeliveryMode="PERSISTENT"/><con:jmsPropertyConfig/><con:wsaConfig mustUnderstand="NONE" version="200508" action="http://fidus.brussels/services/countryservice/getPlaceCountries"/><con:wsrmConfig version="1.2"/></con:call><con:call id="85583db8-5e2e-471d-8110-94d7ffcc341f" name="05 - Prod External - Request" outgoingWss="Outflow PROD" incomingWss="Inflow PROD"><con:settings><con:setting id="com.eviware.soapui.impl.wsdl.WsdlRequest@request-headers">&lt;xml-fragment/></con:setting></con:settings><con:encoding>UTF-8</con:encoding><con:endpoint>https://fidus.sec.brussels/services/CountryService_v1.0</con:endpoint><con:request><![CDATA[<soapenv:Envelope xmlns:soapenv="http://schemas.xmlsoap.org/soap/envelope/" xmlns:v1="http://fidus.brussels/service/countryservice/messages/v1" xmlns:v11="http://fidus.brussels/type/common/messages/v1">
   <soapenv:Header/>
   <soapenv:Body>
      <v1:getPlaceCountriesRequest>
         <v1:messageContext>
            <v11:messageId>${=import static java.util.UUID.randomUUID; uuid = randomUUID() as String}</v11:messageId>
            <!--Optional:-->
            <v11:timestamp>${=new java.text.SimpleDateFormat("yyyy-MM-dd'T'HH:mm:ss.SSS").format(new Date())}</v11:timestamp>
         </v1:messageContext>
         <v1:legalContext>ServiceIntegrator</v1:legalContext>
         <v1:request>
            <!--Optional:-->
            <v1:referenceDate>2016-10-14</v1:referenceDate>
         </v1:request>
      </v1:getPlaceCountriesRequest>
   </soapenv:Body>
</soapenv:Envelope>]]></con:request><con:credentials><con:selectedAuthProfile>Basic</con:selectedAuthProfile><con:addedBasicAuthenticationTypes>Basic</con:addedBasicAuthenticationTypes><con:authType>Global HTTP Settings</con:authType></con:credentials><con:jmsConfig JMSDeliveryMode="PERSISTENT"/><con:jmsPropertyConfig/><con:wsaConfig mustUnderstand="NONE" version="200508" action="http://fidus.brussels/services/countryservice/getPlaceCountries"/><con:wsrmConfig version="1.2"/></con:call></con:operation><con:operation id="cdd8d930-3e41-40c1-a86b-c3e2b9a5fb2a" isOneWay="false" action="http://fidus.brussels/services/countryservice/getPlaceCountry" name="getPlaceCountry" bindingOperationName="getPlaceCountry" type="Request-Response" inputName="" receivesAttachments="false" sendsAttachments="false" anonymous="optional"><con:settings/><con:call id="bd67a08c-b5dc-406f-97b7-fd21b4784c4c" name="01 - Local - Request" outgoingWss="Outflow DEV" incomingWss="Inflow DEV"><con:settings><con:setting id="com.eviware.soapui.impl.wsdl.WsdlRequest@request-headers">&lt;xml-fragment/></con:setting></con:settings><con:encoding>UTF-8</con:encoding><con:endpoint>https://localhost:8243/services/CountryService_v1.0</con:endpoint><con:request><![CDATA[<soapenv:Envelope xmlns:soapenv="http://schemas.xmlsoap.org/soap/envelope/" xmlns:v1="http://fidus.brussels/service/countryservice/messages/v1" xmlns:v11="http://fidus.brussels/type/common/messages/v1" xmlns:v12="http://fsb.belgium.be/mappingServices/countryService/messages/v1_00">
   <soapenv:Header/>
   <soapenv:Body>
      <v1:getPlaceCountryRequest>
         <v1:messageContext>
            <v11:messageId>${=import static java.util.UUID.randomUUID; uuid = randomUUID() as String}</v11:messageId>
            <!--Optional:-->
            <v11:timestamp>${=new java.text.SimpleDateFormat("yyyy-MM-dd'T'HH:mm:ss.SSS").format(new Date())}</v11:timestamp>
         </v1:messageContext>
         <v1:legalContext>ServiceIntegrator</v1:legalContext>
         <v1:request>
            <!--You have a CHOICE of the next 4 items at this level-->
            <!--
            <v12:iso-alpha2 startDate="?" endDate="?" status="?">?</v12:iso-alpha2>
            <v12:iso-alpha3 startDate="?" endDate="?" status="?">?</v12:iso-alpha3>
            <v12:iso-num3 startDate="?" endDate="?" status="?">?</v12:iso-num3>
            <v12:nis-num3 startDate="?" endDate="?" status="?">?</v12:nis-num3>
			-->
             <!--<v12:iso-alpha2>NL</v12:iso-alpha2>-->
             <v12:iso-alpha3>DEU</v12:iso-alpha3>
         </v1:request>
      </v1:getPlaceCountryRequest>
   </soapenv:Body>
</soapenv:Envelope>]]></con:request><con:credentials><con:selectedAuthProfile>Basic</con:selectedAuthProfile><con:addedBasicAuthenticationTypes>Basic</con:addedBasicAuthenticationTypes><con:authType>Global HTTP Settings</con:authType></con:credentials><con:jmsConfig JMSDeliveryMode="PERSISTENT"/><con:jmsPropertyConfig/><con:wsaConfig mustUnderstand="NONE" version="200508" action="http://fidus.brussels/services/countryservice/getPlaceCountry"/><con:wsrmConfig version="1.2"/></con:call><con:call id="fecb7a17-b3ea-41b9-8f23-475b0530781d" name="01 - Local - Request-Invalid-Iso_alpha2" outgoingWss="Outflow DEV" incomingWss="Inflow DEV"><con:settings><con:setting id="com.eviware.soapui.impl.wsdl.WsdlRequest@request-headers">&lt;xml-fragment/></con:setting></con:settings><con:encoding>UTF-8</con:encoding><con:endpoint>https://localhost:8243/services/CountryService_v1.0</con:endpoint><con:request><![CDATA[<soapenv:Envelope xmlns:soapenv="http://schemas.xmlsoap.org/soap/envelope/" xmlns:v1="http://fidus.brussels/service/countryservice/messages/v1" xmlns:v11="http://fidus.brussels/type/common/messages/v1" xmlns:v12="http://fsb.belgium.be/mappingServices/countryService/messages/v1_00">
   <soapenv:Header/>
   <soapenv:Body>
      <v1:getPlaceCountryRequest>
         <v1:messageContext>
            <v11:messageId>${=import static java.util.UUID.randomUUID; uuid = randomUUID() as String}</v11:messageId>
            <!--Optional:-->
            <v11:timestamp>${=new java.text.SimpleDateFormat("yyyy-MM-dd'T'HH:mm:ss.SSS").format(new Date())}</v11:timestamp>
         </v1:messageContext>
         <v1:legalContext>ServiceIntegrator</v1:legalContext>
         <v1:request>
            <!--You have a CHOICE of the next 4 items at this level-->
            <!--
            <v12:iso-alpha2 startDate="?" endDate="?" status="?">?</v12:iso-alpha2>
            <v12:iso-alpha3 startDate="?" endDate="?" status="?">?</v12:iso-alpha3>
            <v12:iso-num3 startDate="?" endDate="?" status="?">?</v12:iso-num3>
            <v12:nis-num3 startDate="?" endDate="?" status="?">?</v12:nis-num3>
			-->
             <v12:iso-alpha2>XX</v12:iso-alpha2>
         </v1:request>
      </v1:getPlaceCountryRequest>
   </soapenv:Body>
</soapenv:Envelope>]]></con:request><con:credentials><con:selectedAuthProfile>Basic</con:selectedAuthProfile><con:addedBasicAuthenticationTypes>Basic</con:addedBasicAuthenticationTypes><con:authType>Global HTTP Settings</con:authType></con:credentials><con:jmsConfig JMSDeliveryMode="PERSISTENT"/><con:jmsPropertyConfig/><con:wsaConfig mustUnderstand="NONE" version="200508" action="http://fidus.brussels/services/countryservice/getPlaceCountry"/><con:wsrmConfig version="1.2"/></con:call><con:call id="b68a1cfa-b4c2-456a-9a2c-62149f9fcd95" name="02 - Dev - Request" outgoingWss="Outflow DEV" incomingWss="Inflow DEV"><con:settings><con:setting id="com.eviware.soapui.impl.wsdl.WsdlRequest@request-headers">&lt;xml-fragment/></con:setting></con:settings><con:encoding>UTF-8</con:encoding><con:endpoint>https://192.168.36.61:8243/services/CountryService_v1.0</con:endpoint><con:request><![CDATA[<soapenv:Envelope xmlns:soapenv="http://schemas.xmlsoap.org/soap/envelope/" xmlns:v1="http://fidus.brussels/service/countryservice/messages/v1" xmlns:v11="http://fidus.brussels/type/common/messages/v1" xmlns:v12="http://fsb.belgium.be/mappingServices/countryService/messages/v1_00">
   <soapenv:Header/>
   <soapenv:Body>
      <v1:getPlaceCountryRequest>
         <v1:messageContext>
            <v11:messageId>${=import static java.util.UUID.randomUUID; uuid = randomUUID() as String}</v11:messageId>
            <!--Optional:-->
            <v11:timestamp>${=new java.text.SimpleDateFormat("yyyy-MM-dd'T'HH:mm:ss.SSS").format(new Date())}</v11:timestamp>
         </v1:messageContext>
         <v1:legalContext>ServiceIntegrator</v1:legalContext>
         <v1:request>
            <!--You have a CHOICE of the next 4 items at this level-->
            <!--
            <v12:iso-alpha2 startDate="?" endDate="?" status="?">?</v12:iso-alpha2>
            <v12:iso-alpha3 startDate="?" endDate="?" status="?">?</v12:iso-alpha3>
            <v12:iso-num3 startDate="?" endDate="?" status="?">?</v12:iso-num3>
            <v12:nis-num3 startDate="?" endDate="?" status="?">?</v12:nis-num3>
			-->
             <v12:iso-alpha2>NL</v12:iso-alpha2>
             
         </v1:request>
      </v1:getPlaceCountryRequest>
   </soapenv:Body>
</soapenv:Envelope>]]></con:request><con:credentials><con:selectedAuthProfile>Basic</con:selectedAuthProfile><con:addedBasicAuthenticationTypes>Basic</con:addedBasicAuthenticationTypes><con:authType>Global HTTP Settings</con:authType></con:credentials><con:jmsConfig JMSDeliveryMode="PERSISTENT"/><con:jmsPropertyConfig/><con:wsaConfig mustUnderstand="NONE" version="200508" action="http://fidus.brussels/services/countryservice/getPlaceCountry"/><con:wsrmConfig version="1.2"/></con:call><con:call id="2cbb213d-7594-4474-b028-0e9244fe21b5" name="03 - Test External - Request" outgoingWss="Outflow TEST" incomingWss="Inflow TEST"><con:settings><con:setting id="com.eviware.soapui.impl.wsdl.WsdlRequest@request-headers">&lt;xml-fragment/></con:setting></con:settings><con:encoding>UTF-8</con:encoding><con:endpoint>https://fidus-test.irisnetlab.be/services/CountryService_v1.0</con:endpoint><con:request><![CDATA[<soapenv:Envelope xmlns:soapenv="http://schemas.xmlsoap.org/soap/envelope/" xmlns:v1="http://fidus.brussels/service/countryservice/messages/v1" xmlns:v11="http://fidus.brussels/type/common/messages/v1" xmlns:v12="http://fsb.belgium.be/mappingServices/countryService/messages/v1_00">
   <soapenv:Header/>
   <soapenv:Body>
      <v1:getPlaceCountryRequest>
         <v1:messageContext>
            <v11:messageId>${=import static java.util.UUID.randomUUID; uuid = randomUUID() as String}</v11:messageId>
            <!--Optional:-->
            <v11:timestamp>${=new java.text.SimpleDateFormat("yyyy-MM-dd'T'HH:mm:ss.SSS").format(new Date())}</v11:timestamp>
         </v1:messageContext>
         <v1:legalContext>ServiceIntegrator</v1:legalContext>
         <v1:request>
            <!--You have a CHOICE of the next 4 items at this level-->
            <!--
            <v12:iso-alpha2 startDate="?" endDate="?" status="?">?</v12:iso-alpha2>
            <v12:iso-alpha3 startDate="?" endDate="?" status="?">?</v12:iso-alpha3>
            <v12:iso-num3 startDate="?" endDate="?" status="?">?</v12:iso-num3>
            <v12:nis-num3 startDate="?" endDate="?" status="?">?</v12:nis-num3>
			-->
             <v12:iso-alpha2>NL</v12:iso-alpha2>
             
         </v1:request>
      </v1:getPlaceCountryRequest>
   </soapenv:Body>
</soapenv:Envelope>]]></con:request><con:credentials><con:selectedAuthProfile>Basic</con:selectedAuthProfile><con:addedBasicAuthenticationTypes>Basic</con:addedBasicAuthenticationTypes><con:authType>Global HTTP Settings</con:authType></con:credentials><con:jmsConfig JMSDeliveryMode="PERSISTENT"/><con:jmsPropertyConfig/><con:wsaConfig mustUnderstand="NONE" version="200508" action="http://fidus.brussels/services/countryservice/getPlaceCountry"/><con:wsrmConfig version="1.2"/></con:call><con:call id="799c67c3-a545-4579-9f8a-6779ae924ac6" name="03 - Test LB - Request" outgoingWss="Outflow TEST" incomingWss="Inflow TEST"><con:settings><con:setting id="com.eviware.soapui.impl.wsdl.WsdlRequest@request-headers">&lt;xml-fragment/></con:setting></con:settings><con:encoding>UTF-8</con:encoding><con:endpoint>https://fidus-esb-sg.sta.srv.cirb.lan:8443/services/CountryService_v1.0</con:endpoint><con:request><![CDATA[<soapenv:Envelope xmlns:soapenv="http://schemas.xmlsoap.org/soap/envelope/" xmlns:v1="http://fidus.brussels/service/countryservice/messages/v1" xmlns:v11="http://fidus.brussels/type/common/messages/v1" xmlns:v12="http://fsb.belgium.be/mappingServices/countryService/messages/v1_00">
   <soapenv:Header/>
   <soapenv:Body>
      <v1:getPlaceCountryRequest>
         <v1:messageContext>
            <v11:messageId>${=import static java.util.UUID.randomUUID; uuid = randomUUID() as String}</v11:messageId>
            <!--Optional:-->
            <v11:timestamp>${=new java.text.SimpleDateFormat("yyyy-MM-dd'T'HH:mm:ss.SSS").format(new Date())}</v11:timestamp>
         </v1:messageContext>
         <v1:legalContext>ServiceIntegrator</v1:legalContext>
         <v1:request>
            <!--You have a CHOICE of the next 4 items at this level-->
            <!--
            <v12:iso-alpha2 startDate="?" endDate="?" status="?">?</v12:iso-alpha2>
            <v12:iso-alpha3 startDate="?" endDate="?" status="?">?</v12:iso-alpha3>
            <v12:iso-num3 startDate="?" endDate="?" status="?">?</v12:iso-num3>
            <v12:nis-num3 startDate="?" endDate="?" status="?">?</v12:nis-num3>
			-->
             <v12:iso-alpha2>NL</v12:iso-alpha2>
             
         </v1:request>
      </v1:getPlaceCountryRequest>
   </soapenv:Body>
</soapenv:Envelope>]]></con:request><con:credentials><con:selectedAuthProfile>Basic</con:selectedAuthProfile><con:addedBasicAuthenticationTypes>Basic</con:addedBasicAuthenticationTypes><con:authType>Global HTTP Settings</con:authType></con:credentials><con:jmsConfig JMSDeliveryMode="PERSISTENT"/><con:jmsPropertyConfig/><con:wsaConfig mustUnderstand="NONE" version="200508" action="http://fidus.brussels/services/countryservice/getPlaceCountry"/><con:wsrmConfig version="1.2"/></con:call><con:call id="a18f1ecd-edee-41d5-8b8a-acff7016294e" name="03 - Test Worker1 - Request" outgoingWss="Outflow TEST" incomingWss="Inflow TEST"><con:settings><con:setting id="com.eviware.soapui.impl.wsdl.WsdlRequest@request-headers">&lt;xml-fragment/></con:setting></con:settings><con:encoding>UTF-8</con:encoding><con:endpoint>https://192.168.24.16:8443/services/CountryService_v1.0</con:endpoint><con:request><![CDATA[<soapenv:Envelope xmlns:soapenv="http://schemas.xmlsoap.org/soap/envelope/" xmlns:v1="http://fidus.brussels/service/countryservice/messages/v1" xmlns:v11="http://fidus.brussels/type/common/messages/v1" xmlns:v12="http://fsb.belgium.be/mappingServices/countryService/messages/v1_00">
   <soapenv:Header/>
   <soapenv:Body>
      <v1:getPlaceCountryRequest>
         <v1:messageContext>
            <v11:messageId>${=import static java.util.UUID.randomUUID; uuid = randomUUID() as String}</v11:messageId>
            <!--Optional:-->
            <v11:timestamp>${=new java.text.SimpleDateFormat("yyyy-MM-dd'T'HH:mm:ss.SSS").format(new Date())}</v11:timestamp>
         </v1:messageContext>
         <v1:legalContext>ServiceIntegrator</v1:legalContext>
         <v1:request>
            <!--You have a CHOICE of the next 4 items at this level-->
            <!--
            <v12:iso-alpha2 startDate="?" endDate="?" status="?">?</v12:iso-alpha2>
            <v12:iso-alpha3 startDate="?" endDate="?" status="?">?</v12:iso-alpha3>
            <v12:iso-num3 startDate="?" endDate="?" status="?">?</v12:iso-num3>
            <v12:nis-num3 startDate="?" endDate="?" status="?">?</v12:nis-num3>
			-->
             <v12:iso-alpha2>NL</v12:iso-alpha2>
             
         </v1:request>
      </v1:getPlaceCountryRequest>
   </soapenv:Body>
</soapenv:Envelope>]]></con:request><con:credentials><con:selectedAuthProfile>Basic</con:selectedAuthProfile><con:addedBasicAuthenticationTypes>Basic</con:addedBasicAuthenticationTypes><con:authType>Global HTTP Settings</con:authType></con:credentials><con:jmsConfig JMSDeliveryMode="PERSISTENT"/><con:jmsPropertyConfig/><con:wsaConfig mustUnderstand="NONE" version="200508" action="http://fidus.brussels/services/countryservice/getPlaceCountry"/><con:wsrmConfig version="1.2"/></con:call><con:call id="cbb79a22-0a93-4e64-848a-3c40ed04c033" name="03 - Test Worker2 - Request" outgoingWss="Outflow TEST" incomingWss="Inflow TEST"><con:settings><con:setting id="com.eviware.soapui.impl.wsdl.WsdlRequest@request-headers">&lt;xml-fragment/></con:setting></con:settings><con:encoding>UTF-8</con:encoding><con:endpoint>https://192.168.24.17:8443/services/CountryService_v1.0</con:endpoint><con:request><![CDATA[<soapenv:Envelope xmlns:soapenv="http://schemas.xmlsoap.org/soap/envelope/" xmlns:v1="http://fidus.brussels/service/countryservice/messages/v1" xmlns:v11="http://fidus.brussels/type/common/messages/v1" xmlns:v12="http://fsb.belgium.be/mappingServices/countryService/messages/v1_00">
   <soapenv:Header/>
   <soapenv:Body>
      <v1:getPlaceCountryRequest>
         <v1:messageContext>
            <v11:messageId>${=import static java.util.UUID.randomUUID; uuid = randomUUID() as String}</v11:messageId>
            <!--Optional:-->
            <v11:timestamp>${=new java.text.SimpleDateFormat("yyyy-MM-dd'T'HH:mm:ss.SSS").format(new Date())}</v11:timestamp>
         </v1:messageContext>
         <v1:legalContext>ServiceIntegrator</v1:legalContext>
         <v1:request>
            <!--You have a CHOICE of the next 4 items at this level-->
            <!--
            <v12:iso-alpha2 startDate="?" endDate="?" status="?">?</v12:iso-alpha2>
            <v12:iso-alpha3 startDate="?" endDate="?" status="?">?</v12:iso-alpha3>
            <v12:iso-num3 startDate="?" endDate="?" status="?">?</v12:iso-num3>
            <v12:nis-num3 startDate="?" endDate="?" status="?">?</v12:nis-num3>
			-->
             <v12:iso-alpha2>NL</v12:iso-alpha2>
             
         </v1:request>
      </v1:getPlaceCountryRequest>
   </soapenv:Body>
</soapenv:Envelope>]]></con:request><con:credentials><con:selectedAuthProfile>Basic</con:selectedAuthProfile><con:addedBasicAuthenticationTypes>Basic</con:addedBasicAuthenticationTypes><con:authType>Global HTTP Settings</con:authType></con:credentials><con:jmsConfig JMSDeliveryMode="PERSISTENT"/><con:jmsPropertyConfig/><con:wsaConfig mustUnderstand="NONE" version="200508" action="http://fidus.brussels/services/countryservice/getPlaceCountry"/><con:wsrmConfig version="1.2"/></con:call><con:call id="3e6e6e5b-0cbd-41b1-b4c0-2c3381d4e488" name="02 - DevNew - Request" outgoingWss="Outflow DEV" incomingWss="Inflow DEV"><con:settings><con:setting id="com.eviware.soapui.impl.wsdl.WsdlRequest@request-headers">&lt;xml-fragment/></con:setting></con:settings><con:encoding>UTF-8</con:encoding><con:endpoint>https://192.168.36.75:8243/services/CountryService_v1.0</con:endpoint><con:request><![CDATA[<soapenv:Envelope xmlns:soapenv="http://schemas.xmlsoap.org/soap/envelope/" xmlns:v1="http://fidus.brussels/service/countryservice/messages/v1" xmlns:v11="http://fidus.brussels/type/common/messages/v1" xmlns:v12="http://fsb.belgium.be/mappingServices/countryService/messages/v1_00">
   <soapenv:Header/>
   <soapenv:Body>
      <v1:getPlaceCountryRequest>
         <v1:messageContext>
            <v11:messageId>${=import static java.util.UUID.randomUUID; uuid = randomUUID() as String}</v11:messageId>
            <!--Optional:-->
            <v11:timestamp>${=new java.text.SimpleDateFormat("yyyy-MM-dd'T'HH:mm:ss.SSS").format(new Date())}</v11:timestamp>
         </v1:messageContext>
         <v1:legalContext>ServiceIntegrator</v1:legalContext>
         <v1:request>
            <!--You have a CHOICE of the next 4 items at this level-->
            <!--
            <v12:iso-alpha2 startDate="?" endDate="?" status="?">?</v12:iso-alpha2>
            <v12:iso-alpha3 startDate="?" endDate="?" status="?">?</v12:iso-alpha3>
            <v12:iso-num3 startDate="?" endDate="?" status="?">?</v12:iso-num3>
            <v12:nis-num3 startDate="?" endDate="?" status="?">?</v12:nis-num3>
			-->
             <v12:iso-alpha2>NL</v12:iso-alpha2>
             
         </v1:request>
      </v1:getPlaceCountryRequest>
   </soapenv:Body>
</soapenv:Envelope>]]></con:request><con:credentials><con:selectedAuthProfile>Basic</con:selectedAuthProfile><con:addedBasicAuthenticationTypes>Basic</con:addedBasicAuthenticationTypes><con:authType>Global HTTP Settings</con:authType></con:credentials><con:jmsConfig JMSDeliveryMode="PERSISTENT"/><con:jmsPropertyConfig/><con:wsaConfig mustUnderstand="NONE" version="200508" action="http://fidus.brussels/services/countryservice/getPlaceCountry"/><con:wsrmConfig version="1.2"/></con:call><con:call id="2b3967a2-e4e4-4789-942a-83ac7edf0c07" name="04 - Staging External - Request"><con:settings><con:setting id="com.eviware.soapui.impl.wsdl.WsdlRequest@request-headers">&lt;xml-fragment/></con:setting></con:settings><con:encoding>UTF-8</con:encoding><con:endpoint>https://fidus.irisnetlab.be/services/CountryService_v1.0</con:endpoint><con:request><![CDATA[<soapenv:Envelope xmlns:soapenv="http://schemas.xmlsoap.org/soap/envelope/" xmlns:v1="http://fidus.brussels/service/countryservice/messages/v1" xmlns:v11="http://fidus.brussels/type/common/messages/v1" xmlns:v12="http://fsb.belgium.be/mappingServices/countryService/messages/v1_00">
   <soapenv:Header/>
   <soapenv:Body>
      <v1:getPlaceCountryRequest>
         <v1:messageContext>
            <v11:messageId>${=import static java.util.UUID.randomUUID; uuid = randomUUID() as String}</v11:messageId>
            <!--Optional:-->
            <v11:timestamp>${=new java.text.SimpleDateFormat("yyyy-MM-dd'T'HH:mm:ss.SSS").format(new Date())}</v11:timestamp>
         </v1:messageContext>
         <v1:legalContext>ServiceIntegrator</v1:legalContext>
         <v1:request>
            <!--You have a CHOICE of the next 4 items at this level-->
            <!--
            <v12:iso-alpha2 startDate="?" endDate="?" status="?">?</v12:iso-alpha2>
            <v12:iso-alpha3 startDate="?" endDate="?" status="?">?</v12:iso-alpha3>
            <v12:iso-num3 startDate="?" endDate="?" status="?">?</v12:iso-num3>
            <v12:nis-num3 startDate="?" endDate="?" status="?">?</v12:nis-num3>
			-->
             <v12:iso-alpha2>NL</v12:iso-alpha2>
             
         </v1:request>
      </v1:getPlaceCountryRequest>
   </soapenv:Body>
</soapenv:Envelope>]]></con:request><con:credentials><con:selectedAuthProfile>Basic</con:selectedAuthProfile><con:addedBasicAuthenticationTypes>Basic</con:addedBasicAuthenticationTypes><con:authType>Global HTTP Settings</con:authType></con:credentials><con:jmsConfig JMSDeliveryMode="PERSISTENT"/><con:jmsPropertyConfig/><con:wsaConfig mustUnderstand="NONE" version="200508" action="http://fidus.brussels/services/countryservice/getPlaceCountry"/><con:wsrmConfig version="1.2"/></con:call><con:call id="c21359ec-e2ac-4b32-a855-d2377bb7901f" name="05 - Prod External - Request"><con:settings><con:setting id="com.eviware.soapui.impl.wsdl.WsdlRequest@request-headers">&lt;xml-fragment/></con:setting></con:settings><con:encoding>UTF-8</con:encoding><con:endpoint>https://fidus.sec.brussels/services/CountryService_v1.0</con:endpoint><con:request><![CDATA[<soapenv:Envelope xmlns:soapenv="http://schemas.xmlsoap.org/soap/envelope/" xmlns:v1="http://fidus.brussels/service/countryservice/messages/v1" xmlns:v11="http://fidus.brussels/type/common/messages/v1" xmlns:v12="http://fsb.belgium.be/mappingServices/countryService/messages/v1_00">
   <soapenv:Header/>
   <soapenv:Body>
      <v1:getPlaceCountryRequest>
         <v1:messageContext>
            <v11:messageId>${=import static java.util.UUID.randomUUID; uuid = randomUUID() as String}</v11:messageId>
            <!--Optional:-->
            <v11:timestamp>${=new java.text.SimpleDateFormat("yyyy-MM-dd'T'HH:mm:ss.SSS").format(new Date())}</v11:timestamp>
         </v1:messageContext>
         <v1:legalContext>ServiceIntegrator</v1:legalContext>
         <v1:request>
            <!--You have a CHOICE of the next 4 items at this level-->
            <!--
            <v12:iso-alpha2 startDate="?" endDate="?" status="?">?</v12:iso-alpha2>
            <v12:iso-alpha3 startDate="?" endDate="?" status="?">?</v12:iso-alpha3>
            <v12:iso-num3 startDate="?" endDate="?" status="?">?</v12:iso-num3>
            <v12:nis-num3 startDate="?" endDate="?" status="?">?</v12:nis-num3>
			-->
             <v12:iso-alpha2>NL</v12:iso-alpha2>
             
         </v1:request>
      </v1:getPlaceCountryRequest>
   </soapenv:Body>
</soapenv:Envelope>]]></con:request><con:credentials><con:selectedAuthProfile>Basic</con:selectedAuthProfile><con:addedBasicAuthenticationTypes>Basic</con:addedBasicAuthenticationTypes><con:authType>Global HTTP Settings</con:authType></con:credentials><con:jmsConfig JMSDeliveryMode="PERSISTENT"/><con:jmsPropertyConfig/><con:wsaConfig mustUnderstand="NONE" version="200508" action="http://fidus.brussels/services/countryservice/getPlaceCountry"/><con:wsrmConfig version="1.2"/></con:call></con:operation><con:operation id="291f4af9-456f-4d71-bba4-a542b6b50a3d" isOneWay="false" action="http://fidus.brussels/services/countryservice/getPlaceCountryHistory" name="getPlaceCountryHistory" bindingOperationName="getPlaceCountryHistory" type="Request-Response" inputName="" receivesAttachments="false" sendsAttachments="false" anonymous="optional"><con:settings/><con:call id="daaac330-7a1c-4bba-a496-ddf8359d06f9" name="01 - Local - Request" outgoingWss="Outflow DEV" incomingWss="Inflow DEV"><con:settings><con:setting id="com.eviware.soapui.impl.wsdl.WsdlRequest@request-headers">&lt;xml-fragment/></con:setting></con:settings><con:encoding>UTF-8</con:encoding><con:endpoint>https://localhost:8243/services/CountryService_v1.0</con:endpoint><con:request><![CDATA[<soapenv:Envelope xmlns:soapenv="http://schemas.xmlsoap.org/soap/envelope/" xmlns:v1="http://fidus.brussels/service/countryservice/messages/v1" xmlns:v11="http://fidus.brussels/type/common/messages/v1" xmlns:v12="http://fsb.belgium.be/mappingServices/countryService/messages/v1_00">
   <soapenv:Header/>
   <soapenv:Body>
      <v1:getPlaceCountryHistoryRequest>
         <v1:messageContext>
            <v11:messageId>${=import static java.util.UUID.randomUUID; uuid = randomUUID() as String}</v11:messageId>
            <!--Optional:-->
            <v11:timestamp>${=new java.text.SimpleDateFormat("yyyy-MM-dd'T'HH:mm:ss.SSS").format(new Date())}</v11:timestamp>
         </v1:messageContext>
         <v1:legalContext>ServiceIntegrator</v1:legalContext>
         <v1:request>
            <v12:iso-alpha2>FR</v12:iso-alpha2>
            <!--Optional:-->
            <!--<v12:referenceDate>2016-10-10</v12:referenceDate>-->
         </v1:request>
      </v1:getPlaceCountryHistoryRequest>
   </soapenv:Body>
</soapenv:Envelope>


]]></con:request><con:credentials><con:selectedAuthProfile>Basic</con:selectedAuthProfile><con:addedBasicAuthenticationTypes>Basic</con:addedBasicAuthenticationTypes><con:authType>Global HTTP Settings</con:authType></con:credentials><con:jmsConfig JMSDeliveryMode="PERSISTENT"/><con:jmsPropertyConfig/><con:wsaConfig mustUnderstand="NONE" version="200508" action="http://fidus.brussels/services/countryservice/getPlaceCountryHistory"/><con:wsrmConfig version="1.2"/></con:call><con:call id="ff67598e-4872-4bfe-9178-20e9ed09f1d9" name="01 - Local - Request-Invalid-Iso_alpha2" outgoingWss="Outflow DEV" incomingWss="Inflow DEV"><con:settings><con:setting id="com.eviware.soapui.impl.wsdl.WsdlRequest@request-headers">&lt;xml-fragment/></con:setting></con:settings><con:encoding>UTF-8</con:encoding><con:endpoint>https://localhost:8243/services/CountryService_v1.0</con:endpoint><con:request><![CDATA[<soapenv:Envelope xmlns:soapenv="http://schemas.xmlsoap.org/soap/envelope/" xmlns:v1="http://fidus.brussels/service/countryservice/messages/v1" xmlns:v11="http://fidus.brussels/type/common/messages/v1" xmlns:v12="http://fsb.belgium.be/mappingServices/countryService/messages/v1_00">
   <soapenv:Header/>
   <soapenv:Body>
      <v1:getPlaceCountryHistoryRequest>
         <v1:messageContext>
            <v11:messageId>${=import static java.util.UUID.randomUUID; uuid = randomUUID() as String}</v11:messageId>
            <!--Optional:-->
            <v11:timestamp>${=new java.text.SimpleDateFormat("yyyy-MM-dd'T'HH:mm:ss.SSS").format(new Date())}</v11:timestamp>
         </v1:messageContext>
         <v1:legalContext>ServiceIntegrator</v1:legalContext>
         <v1:request>
            <v12:iso-alpha2>XX</v12:iso-alpha2>
            <!--Optional:-->
            <v12:referenceDate>2016-10-10</v12:referenceDate>
         </v1:request>
      </v1:getPlaceCountryHistoryRequest>
   </soapenv:Body>
</soapenv:Envelope>]]></con:request><con:credentials><con:selectedAuthProfile>Basic</con:selectedAuthProfile><con:addedBasicAuthenticationTypes>Basic</con:addedBasicAuthenticationTypes><con:authType>Global HTTP Settings</con:authType></con:credentials><con:jmsConfig JMSDeliveryMode="PERSISTENT"/><con:jmsPropertyConfig/><con:wsaConfig mustUnderstand="NONE" version="200508" action="http://fidus.brussels/services/countryservice/getPlaceCountryHistory"/><con:wsrmConfig version="1.2"/></con:call><con:call id="72136c5a-66a1-482e-9105-e06868c860b9" name="02 - Dev - Request" outgoingWss="Outflow DEV" incomingWss="Inflow DEV"><con:settings><con:setting id="com.eviware.soapui.impl.wsdl.WsdlRequest@request-headers">&lt;xml-fragment/></con:setting></con:settings><con:encoding>UTF-8</con:encoding><con:endpoint>https://192.168.36.61:8243/services/CountryService_v1.0</con:endpoint><con:request><![CDATA[<soapenv:Envelope xmlns:soapenv="http://schemas.xmlsoap.org/soap/envelope/" xmlns:v1="http://fidus.brussels/service/countryservice/messages/v1" xmlns:v11="http://fidus.brussels/type/common/messages/v1" xmlns:v12="http://fsb.belgium.be/mappingServices/countryService/messages/v1_00">
   <soapenv:Header/>
   <soapenv:Body xmlns:soapenv="http://schemas.xmlsoap.org/soap/envelope/" xmlns:wsu="http://docs.oasis-open.org/wss/2004/01/oasis-200401-wss-wssecurity-utility-1.0.xsd" wsu:Id="id-5C8D63ADC1427B4599147860106781222">
   <v1:getPlaceCountryHistoryRequest xmlns:v1="http://fidus.brussels/service/countryservice/messages/v1">
         <v1:messageContext>
            <v11:messageId xmlns:v11="http://fidus.brussels/type/common/messages/v1">504da2d0-a96a-41e9-b3dd-3c1f56039568</v11:messageId>
            <!--Optional:-->
            <v11:timestamp xmlns:v11="http://fidus.brussels/type/common/messages/v1">2016-11-08T11:31:07.809</v11:timestamp>
         </v1:messageContext>
         <v1:legalContext>ServiceIntegrator</v1:legalContext>
         <v1:request>
            <v12:iso-alpha2 xmlns:v12="http://fsb.belgium.be/mappingServices/countryService/messages/v1_00">NL</v12:iso-alpha2>
            <!--Optional:-->
            <v12:referenceDate xmlns:v12="http://fsb.belgium.be/mappingServices/countryService/messages/v1_00">2016-10-10</v12:referenceDate>
         </v1:request>
      </v1:getPlaceCountryHistoryRequest>
   </soapenv:Body>
</soapenv:Envelope>]]></con:request><con:credentials><con:selectedAuthProfile>Basic</con:selectedAuthProfile><con:addedBasicAuthenticationTypes>Basic</con:addedBasicAuthenticationTypes><con:authType>Global HTTP Settings</con:authType></con:credentials><con:jmsConfig JMSDeliveryMode="PERSISTENT"/><con:jmsPropertyConfig/><con:wsaConfig mustUnderstand="NONE" version="200508" action="http://fidus.brussels/services/countryservice/getPlaceCountryHistory"/><con:wsrmConfig version="1.2"/></con:call><con:call id="c54c9a3b-84d4-4dda-8068-d7e223e20799" name="03 - Test External - Request" outgoingWss="Outflow TEST" incomingWss="Inflow TEST"><con:settings><con:setting id="com.eviware.soapui.impl.wsdl.WsdlRequest@request-headers">&lt;xml-fragment/></con:setting></con:settings><con:encoding>UTF-8</con:encoding><con:endpoint>https://fidus-test.irisnetlab.be/services/CountryService_v1.0</con:endpoint><con:request><![CDATA[<soapenv:Envelope xmlns:soapenv="http://schemas.xmlsoap.org/soap/envelope/" xmlns:v1="http://fidus.brussels/service/countryservice/messages/v1" xmlns:v11="http://fidus.brussels/type/common/messages/v1" xmlns:v12="http://fsb.belgium.be/mappingServices/countryService/messages/v1_00">
   <soapenv:Header/>
   <soapenv:Body>
      <v1:getPlaceCountryHistoryRequest>
         <v1:messageContext>
            <v11:messageId>${=import static java.util.UUID.randomUUID; uuid = randomUUID() as String}</v11:messageId>
            <!--Optional:-->
            <v11:timestamp>${=new java.text.SimpleDateFormat("yyyy-MM-dd'T'HH:mm:ss.SSS").format(new Date())}</v11:timestamp>
         </v1:messageContext>
         <v1:legalContext>ServiceIntegrator</v1:legalContext>
         <v1:request>
            <v12:iso-alpha2>NL</v12:iso-alpha2>
         </v1:request>
      </v1:getPlaceCountryHistoryRequest>
   </soapenv:Body>
</soapenv:Envelope>]]></con:request><con:credentials><con:selectedAuthProfile>Basic</con:selectedAuthProfile><con:addedBasicAuthenticationTypes>Basic</con:addedBasicAuthenticationTypes><con:authType>Global HTTP Settings</con:authType></con:credentials><con:jmsConfig JMSDeliveryMode="PERSISTENT"/><con:jmsPropertyConfig/><con:wsaConfig mustUnderstand="NONE" version="200508" action="http://fidus.brussels/services/countryservice/getPlaceCountryHistory"/><con:wsrmConfig version="1.2"/></con:call><con:call id="d87e865f-c258-4cd7-9fd2-b3ccd8ba8016" name="03 - Test LB - Request" outgoingWss="Outflow TEST" incomingWss="Inflow TEST"><con:settings><con:setting id="com.eviware.soapui.impl.wsdl.WsdlRequest@request-headers">&lt;xml-fragment/></con:setting></con:settings><con:encoding>UTF-8</con:encoding><con:endpoint>https://fidus-esb-sg.sta.srv.cirb.lan:8443/services/CountryService_v1.0</con:endpoint><con:request><![CDATA[<soapenv:Envelope xmlns:soapenv="http://schemas.xmlsoap.org/soap/envelope/" xmlns:v1="http://fidus.brussels/service/countryservice/messages/v1" xmlns:v11="http://fidus.brussels/type/common/messages/v1" xmlns:v12="http://fsb.belgium.be/mappingServices/countryService/messages/v1_00">
   <soapenv:Header/>
   <soapenv:Body>
      <v1:getPlaceCountryHistoryRequest>
         <v1:messageContext>
            <v11:messageId>${=import static java.util.UUID.randomUUID; uuid = randomUUID() as String}</v11:messageId>
            <!--Optional:-->
            <v11:timestamp>${=new java.text.SimpleDateFormat("yyyy-MM-dd'T'HH:mm:ss.SSS").format(new Date())}</v11:timestamp>
         </v1:messageContext>
         <v1:legalContext>ServiceIntegrator</v1:legalContext>
         <v1:request>
            <v12:iso-alpha2>BR</v12:iso-alpha2>
            <!--Optional:-->
            <!--<v12:referenceDate>2016-10-10</v12:referenceDate>-->
         </v1:request>
      </v1:getPlaceCountryHistoryRequest>
   </soapenv:Body>
</soapenv:Envelope>]]></con:request><con:credentials><con:selectedAuthProfile>Basic</con:selectedAuthProfile><con:addedBasicAuthenticationTypes>Basic</con:addedBasicAuthenticationTypes><con:authType>Global HTTP Settings</con:authType></con:credentials><con:jmsConfig JMSDeliveryMode="PERSISTENT"/><con:jmsPropertyConfig/><con:wsaConfig mustUnderstand="NONE" version="200508" action="http://fidus.brussels/services/countryservice/getPlaceCountryHistory"/><con:wsrmConfig version="1.2"/></con:call><con:call id="4704ca99-6548-4729-ab8d-f40f5b3c296a" name="03 - Test Worker1 - Request" outgoingWss="Outflow TEST" incomingWss="Inflow TEST"><con:settings><con:setting id="com.eviware.soapui.impl.wsdl.WsdlRequest@request-headers">&lt;xml-fragment/></con:setting></con:settings><con:encoding>UTF-8</con:encoding><con:endpoint>https://192.168.24.16:8443/services/CountryService_v1.0</con:endpoint><con:request><![CDATA[<soapenv:Envelope xmlns:soapenv="http://schemas.xmlsoap.org/soap/envelope/" xmlns:v1="http://fidus.brussels/service/countryservice/messages/v1" xmlns:v11="http://fidus.brussels/type/common/messages/v1" xmlns:v12="http://fsb.belgium.be/mappingServices/countryService/messages/v1_00">
   <soapenv:Header/>
   <soapenv:Body>
      <v1:getPlaceCountryHistoryRequest>
         <v1:messageContext>
            <v11:messageId>${=import static java.util.UUID.randomUUID; uuid = randomUUID() as String}</v11:messageId>
            <!--Optional:-->
            <v11:timestamp>${=new java.text.SimpleDateFormat("yyyy-MM-dd'T'HH:mm:ss.SSS").format(new Date())}</v11:timestamp>
         </v1:messageContext>
         <v1:legalContext>ServiceIntegrator</v1:legalContext>
         <v1:request>
            <v12:iso-alpha2>PL</v12:iso-alpha2>
            <!--Optional:-->
            
         </v1:request>
      </v1:getPlaceCountryHistoryRequest>
   </soapenv:Body>
</soapenv:Envelope>]]></con:request><con:credentials><con:selectedAuthProfile>Basic</con:selectedAuthProfile><con:addedBasicAuthenticationTypes>Basic</con:addedBasicAuthenticationTypes><con:authType>Global HTTP Settings</con:authType></con:credentials><con:jmsConfig JMSDeliveryMode="PERSISTENT"/><con:jmsPropertyConfig/><con:wsaConfig mustUnderstand="NONE" version="200508" action="http://fidus.brussels/services/countryservice/getPlaceCountryHistory"/><con:wsrmConfig version="1.2"/></con:call><con:call id="cb2a1c4e-2361-4d4c-8b7f-86701a44921a" name="03 - Test Worker2 - Request" outgoingWss="Outflow TEST" incomingWss="Inflow TEST"><con:settings><con:setting id="com.eviware.soapui.impl.wsdl.WsdlRequest@request-headers">&lt;xml-fragment/></con:setting></con:settings><con:encoding>UTF-8</con:encoding><con:endpoint>https://192.168.24.17:8443/services/CountryService_v1.0</con:endpoint><con:request><![CDATA[<soapenv:Envelope xmlns:soapenv="http://schemas.xmlsoap.org/soap/envelope/" xmlns:v1="http://fidus.brussels/service/countryservice/messages/v1" xmlns:v11="http://fidus.brussels/type/common/messages/v1" xmlns:v12="http://fsb.belgium.be/mappingServices/countryService/messages/v1_00">
   <soapenv:Header/>
   <soapenv:Body>
      <v1:getPlaceCountryHistoryRequest>
         <v1:messageContext>
            <v11:messageId>${=import static java.util.UUID.randomUUID; uuid = randomUUID() as String}</v11:messageId>
            <!--Optional:-->
            <v11:timestamp>${=new java.text.SimpleDateFormat("yyyy-MM-dd'T'HH:mm:ss.SSS").format(new Date())}</v11:timestamp>
         </v1:messageContext>
         <v1:legalContext>ServiceIntegrator</v1:legalContext>
         <v1:request>
            <v12:iso-alpha2>DE</v12:iso-alpha2>
            <!--Optional:-->
            <v12:referenceDate>2000-01-01</v12:referenceDate>
         </v1:request>
      </v1:getPlaceCountryHistoryRequest>
   </soapenv:Body>
</soapenv:Envelope>]]></con:request><con:credentials><con:selectedAuthProfile>Basic</con:selectedAuthProfile><con:addedBasicAuthenticationTypes>Basic</con:addedBasicAuthenticationTypes><con:authType>Global HTTP Settings</con:authType></con:credentials><con:jmsConfig JMSDeliveryMode="PERSISTENT"/><con:jmsPropertyConfig/><con:wsaConfig mustUnderstand="NONE" version="200508" action="http://fidus.brussels/services/countryservice/getPlaceCountryHistory"/><con:wsrmConfig version="1.2"/></con:call><con:call id="f193594b-ff5a-4383-823d-a955ef07f1bb" name="02 - DevNew - Request" outgoingWss="Outflow DEV" incomingWss="Inflow DEV"><con:settings><con:setting id="com.eviware.soapui.impl.wsdl.WsdlRequest@request-headers">&lt;xml-fragment/></con:setting></con:settings><con:encoding>UTF-8</con:encoding><con:endpoint>https://192.168.36.75:8243/services/CountryService_v1.0</con:endpoint><con:request><![CDATA[<soapenv:Envelope xmlns:soapenv="http://schemas.xmlsoap.org/soap/envelope/" xmlns:v1="http://fidus.brussels/service/countryservice/messages/v1" xmlns:v11="http://fidus.brussels/type/common/messages/v1" xmlns:v12="http://fsb.belgium.be/mappingServices/countryService/messages/v1_00">
   <soapenv:Header/>
   <soapenv:Body xmlns:soapenv="http://schemas.xmlsoap.org/soap/envelope/" xmlns:wsu="http://docs.oasis-open.org/wss/2004/01/oasis-200401-wss-wssecurity-utility-1.0.xsd" wsu:Id="id-5C8D63ADC1427B4599147860106781222">
   <v1:getPlaceCountryHistoryRequest xmlns:v1="http://fidus.brussels/service/countryservice/messages/v1">
         <v1:messageContext>
            <v11:messageId xmlns:v11="http://fidus.brussels/type/common/messages/v1">504da2d0-a96a-41e9-b3dd-3c1f56039568</v11:messageId>
            <!--Optional:-->
            <v11:timestamp xmlns:v11="http://fidus.brussels/type/common/messages/v1">2016-11-08T11:31:07.809</v11:timestamp>
         </v1:messageContext>
         <v1:legalContext>ServiceIntegrator</v1:legalContext>
         <v1:request>
            <v12:iso-alpha2 xmlns:v12="http://fsb.belgium.be/mappingServices/countryService/messages/v1_00">NL</v12:iso-alpha2>
            <!--Optional:-->
            <v12:referenceDate xmlns:v12="http://fsb.belgium.be/mappingServices/countryService/messages/v1_00">2016-10-10</v12:referenceDate>
         </v1:request>
      </v1:getPlaceCountryHistoryRequest>
   </soapenv:Body>
</soapenv:Envelope>]]></con:request><con:credentials><con:selectedAuthProfile>Basic</con:selectedAuthProfile><con:addedBasicAuthenticationTypes>Basic</con:addedBasicAuthenticationTypes><con:authType>Global HTTP Settings</con:authType></con:credentials><con:jmsConfig JMSDeliveryMode="PERSISTENT"/><con:jmsPropertyConfig/><con:wsaConfig mustUnderstand="NONE" version="200508" action="http://fidus.brussels/services/countryservice/getPlaceCountryHistory"/><con:wsrmConfig version="1.2"/></con:call><con:call id="61200dc6-0df9-41e4-978a-1b9d4ae27745" name="04 - Staging External - Request" outgoingWss="Outflow STAGING" incomingWss="Inflow STAGING"><con:settings><con:setting id="com.eviware.soapui.impl.wsdl.WsdlRequest@request-headers">&lt;xml-fragment/></con:setting></con:settings><con:encoding>UTF-8</con:encoding><con:endpoint>https://fidus.irisnetlab.be/services/CountryService_v1.0</con:endpoint><con:request><![CDATA[<soapenv:Envelope xmlns:soapenv="http://schemas.xmlsoap.org/soap/envelope/" xmlns:v1="http://fidus.brussels/service/countryservice/messages/v1" xmlns:v11="http://fidus.brussels/type/common/messages/v1" xmlns:v12="http://fsb.belgium.be/mappingServices/countryService/messages/v1_00">
   <soapenv:Header/>
   <soapenv:Body>
      <v1:getPlaceCountryHistoryRequest>
         <v1:messageContext>
            <v11:messageId>${=import static java.util.UUID.randomUUID; uuid = randomUUID() as String}</v11:messageId>
            <!--Optional:-->
            <v11:timestamp>${=new java.text.SimpleDateFormat("yyyy-MM-dd'T'HH:mm:ss.SSS").format(new Date())}</v11:timestamp>
         </v1:messageContext>
         <v1:legalContext>ServiceIntegrator</v1:legalContext>
         <v1:request>
            <v12:iso-alpha2>NL</v12:iso-alpha2>
         </v1:request>
      </v1:getPlaceCountryHistoryRequest>
   </soapenv:Body>
</soapenv:Envelope>]]></con:request><con:credentials><con:selectedAuthProfile>Basic</con:selectedAuthProfile><con:addedBasicAuthenticationTypes>Basic</con:addedBasicAuthenticationTypes><con:authType>Global HTTP Settings</con:authType></con:credentials><con:jmsConfig JMSDeliveryMode="PERSISTENT"/><con:jmsPropertyConfig/><con:wsaConfig mustUnderstand="NONE" version="200508" action="http://fidus.brussels/services/countryservice/getPlaceCountryHistory"/><con:wsrmConfig version="1.2"/></con:call><con:call id="290e02d7-fcb5-417f-bd07-54db9e10bd64" name="05 - Prod External - Request" outgoingWss="Outflow PROD" incomingWss="Inflow PROD"><con:settings><con:setting id="com.eviware.soapui.impl.wsdl.WsdlRequest@request-headers">&lt;xml-fragment/></con:setting></con:settings><con:encoding>UTF-8</con:encoding><con:endpoint>https://fidus.sec.brussels/services/CountryService_v1.0</con:endpoint><con:request><![CDATA[<soapenv:Envelope xmlns:soapenv="http://schemas.xmlsoap.org/soap/envelope/" xmlns:v1="http://fidus.brussels/service/countryservice/messages/v1" xmlns:v11="http://fidus.brussels/type/common/messages/v1" xmlns:v12="http://fsb.belgium.be/mappingServices/countryService/messages/v1_00">
   <soapenv:Header/>
   <soapenv:Body>
      <v1:getPlaceCountryHistoryRequest>
         <v1:messageContext>
            <v11:messageId>${=import static java.util.UUID.randomUUID; uuid = randomUUID() as String}</v11:messageId>
            <!--Optional:-->
            <v11:timestamp>${=new java.text.SimpleDateFormat("yyyy-MM-dd'T'HH:mm:ss.SSS").format(new Date())}</v11:timestamp>
         </v1:messageContext>
         <v1:legalContext>ServiceIntegrator</v1:legalContext>
         <v1:request>
            <v12:iso-alpha2>NL</v12:iso-alpha2>
         </v1:request>
      </v1:getPlaceCountryHistoryRequest>
   </soapenv:Body>
</soapenv:Envelope>]]></con:request><con:credentials><con:selectedAuthProfile>Basic</con:selectedAuthProfile><con:addedBasicAuthenticationTypes>Basic</con:addedBasicAuthenticationTypes><con:authType>Global HTTP Settings</con:authType></con:credentials><con:jmsConfig JMSDeliveryMode="PERSISTENT"/><con:jmsPropertyConfig/><con:wsaConfig mustUnderstand="NONE" version="200508" action="http://fidus.brussels/services/countryservice/getPlaceCountryHistory"/><con:wsrmConfig version="1.2"/></con:call></con:operation></con:interface><con:testSuite id="dca1562f-9671-41c5-8ce1-62318673080e" name="TEST"><con:settings/><con:runType>SEQUENTIAL</con:runType><con:testCase id="ec2e69b9-ff63-4411-89f4-9a2fe7b46f7d" failOnError="true" failTestCaseOnErrors="true" keepSession="false" maxResults="0" name="getAddressCountries" searchProperties="true"><con:settings/><con:testStep type="request" id="e9b2b99c-2fe8-4993-8fe4-1a12aea11465" name="testcase03 - Test Worker1 - Request"><con:settings/><con:config xsi:type="con:RequestStep" xmlns:xsi="http://www.w3.org/2001/XMLSchema-instance"><con:interface>CountryServiceHTTPBinding</con:interface><con:operation>getAddressCountries</con:operation><con:request name="testcase03 - Test Worker1 - Request" id="5f79bf7c-299c-4256-ac4d-cb8c222c88b5" outgoingWss="Outflow TEST"><con:settings/><con:encoding>UTF-8</con:encoding><con:endpoint>https://192.168.24.45:8443/services/CountryService_v1.0</con:endpoint><con:request><![CDATA[<soapenv:Envelope xmlns:soapenv="http://schemas.xmlsoap.org/soap/envelope/" xmlns:v1="http://fidus.brussels/service/countryservice/messages/v1" xmlns:v11="http://fidus.brussels/type/common/messages/v1">
   <soapenv:Header/>
   <soapenv:Body>
      <v1:getAddressCountriesRequest>
         <v1:messageContext>
            <v11:messageId>${=import static java.util.UUID.randomUUID; uuid = randomUUID() as String}</v11:messageId>
            <!--Optional:-->
            <v11:timestamp>${=new java.text.SimpleDateFormat("yyyy-MM-dd'T'HH:mm:ss.SSS").format(new Date())}</v11:timestamp>
         </v1:messageContext>
         <v1:legalContext>ServiceIntegrator</v1:legalContext>
         <v1:request>
            <!--Optional:-->
            <v1:referenceDate>2016-10-10</v1:referenceDate>
         </v1:request>
      </v1:getAddressCountriesRequest>
   </soapenv:Body>
</soapenv:Envelope>]]></con:request><con:assertion type="SOAP Fault Assertion" id="2517f5f6-151c-4814-8acb-166c3dc3e624" name="Not SOAP Fault"/><con:assertion type="SOAP Response" id="dfd0cbd1-659f-412b-adda-e2f268812728" name="SOAP Response"/><con:assertion type="Schema Compliance" id="8602dd93-439a-40d1-87fd-3f861966a961" name="Schema Compliance"><con:configuration/></con:assertion><con:wsaConfig action="http://fidus.brussels/services/countryservice/getAddressCountries"/></con:request></con:config></con:testStep><con:testStep type="request" id="9be467f0-03fa-4373-a7ea-7421cc61bd4c" name="testcase03 - Test Worker2 - Request"><con:settings/><con:config xsi:type="con:RequestStep" xmlns:xsi="http://www.w3.org/2001/XMLSchema-instance"><con:interface>CountryServiceHTTPBinding</con:interface><con:operation>getAddressCountries</con:operation><con:request name="testcase03 - Test Worker2 - Request" id="1e1adc6f-1f58-46f0-b4e9-8c897448c3a1" outgoingWss="Outflow TEST"><con:settings/><con:encoding>UTF-8</con:encoding><con:endpoint>https://192.168.24.51:8443/services/CountryService_v1.0</con:endpoint><con:request><![CDATA[<soapenv:Envelope xmlns:soapenv="http://schemas.xmlsoap.org/soap/envelope/" xmlns:v1="http://fidus.brussels/service/countryservice/messages/v1" xmlns:v11="http://fidus.brussels/type/common/messages/v1">
   <soapenv:Header/>
   <soapenv:Body>
      <v1:getAddressCountriesRequest>
         <v1:messageContext>
            <v11:messageId>${=import static java.util.UUID.randomUUID; uuid = randomUUID() as String}</v11:messageId>
            <!--Optional:-->
            <v11:timestamp>${=new java.text.SimpleDateFormat("yyyy-MM-dd'T'HH:mm:ss.SSS").format(new Date())}</v11:timestamp>
         </v1:messageContext>
         <v1:legalContext>ServiceIntegrator</v1:legalContext>
         <v1:request>
            <!--Optional:-->
            <v1:referenceDate>2016-10-10</v1:referenceDate>
         </v1:request>
      </v1:getAddressCountriesRequest>
   </soapenv:Body>
</soapenv:Envelope>]]></con:request><con:assertion type="SOAP Fault Assertion" id="6b30f010-7f84-4464-9e53-c855663c29c9" name="Not SOAP Fault"/><con:assertion type="SOAP Response" id="36afb7e1-77dc-4214-80f0-6d6c2c87013c" name="SOAP Response"/><con:assertion type="Schema Compliance" id="bc48ad20-6642-4166-879a-d17d98bf6e40" name="Schema Compliance"><con:configuration/></con:assertion><con:wsaConfig action="http://fidus.brussels/services/countryservice/getAddressCountries"/></con:request></con:config></con:testStep><con:testStep type="request" id="dfe79adb-aaca-49f1-a247-34397bee684d" name="testcase03 - Test External - Request"><con:settings/><con:config xsi:type="con:RequestStep" xmlns:xsi="http://www.w3.org/2001/XMLSchema-instance"><con:interface>CountryServiceHTTPBinding</con:interface><con:operation>getAddressCountries</con:operation><con:request name="testcase03 - Test External - Request" id="1bf01cfc-a91a-47c5-b4d8-3fed7d38a2f6" outgoingWss="Outflow TEST"><con:settings/><con:encoding>UTF-8</con:encoding><con:endpoint>https://fidus-test.irisnetlab.be/services/CountryService_v1.0</con:endpoint><con:request><![CDATA[<soapenv:Envelope xmlns:soapenv="http://schemas.xmlsoap.org/soap/envelope/" xmlns:v1="http://fidus.brussels/service/countryservice/messages/v1" xmlns:v11="http://fidus.brussels/type/common/messages/v1">
   <soapenv:Header/>
   <soapenv:Body>
      <v1:getAddressCountriesRequest>
         <v1:messageContext>
            <v11:messageId>${=import static java.util.UUID.randomUUID; uuid = randomUUID() as String}</v11:messageId>
            <!--Optional:-->
            <v11:timestamp>${=new java.text.SimpleDateFormat("yyyy-MM-dd'T'HH:mm:ss.SSS").format(new Date())}</v11:timestamp>
         </v1:messageContext>
         <v1:legalContext>ServiceIntegrator</v1:legalContext>
         <v1:request>
            <!--Optional:-->
            <v1:referenceDate>2016-10-10</v1:referenceDate>
         </v1:request>
      </v1:getAddressCountriesRequest>
   </soapenv:Body>
</soapenv:Envelope>]]></con:request><con:assertion type="SOAP Fault Assertion" id="7f2aaab6-b636-4723-a7b6-9e48914b5722" name="Not SOAP Fault"/><con:assertion type="SOAP Response" id="202e19d3-b773-4e00-9a63-a95dfba577e9" name="SOAP Response"/><con:assertion type="Schema Compliance" id="e16af89f-cdcd-4a6c-85fa-446a8e4cac51" name="Schema Compliance"><con:configuration/></con:assertion><con:wsaConfig action="http://fidus.brussels/services/countryservice/getAddressCountries"/></con:request></con:config></con:testStep><con:testStep type="request" id="640051da-18f0-4c57-b7ab-e3c3640c7195" name="testcase03 - Test LB - Request"><con:settings/><con:config xsi:type="con:RequestStep" xmlns:xsi="http://www.w3.org/2001/XMLSchema-instance"><con:interface>CountryServiceHTTPBinding</con:interface><con:operation>getAddressCountries</con:operation><con:request name="testcase03 - Test LB - Request" id="c954b4e5-4db0-4fb7-ac9b-8f529c54dc00" outgoingWss="Outflow TEST"><con:settings/><con:encoding>UTF-8</con:encoding><con:endpoint>https://esb-security-gw.sta.srv.cirb.lan:8443/services/CountryService_v1.0</con:endpoint><con:request><![CDATA[<soapenv:Envelope xmlns:soapenv="http://schemas.xmlsoap.org/soap/envelope/" xmlns:v1="http://fidus.brussels/service/countryservice/messages/v1" xmlns:v11="http://fidus.brussels/type/common/messages/v1">
   <soapenv:Header/>
   <soapenv:Body>
      <v1:getAddressCountriesRequest>
         <v1:messageContext>
            <v11:messageId>${=import static java.util.UUID.randomUUID; uuid = randomUUID() as String}</v11:messageId>
            <!--Optional:-->
            <v11:timestamp>${=new java.text.SimpleDateFormat("yyyy-MM-dd'T'HH:mm:ss.SSS").format(new Date())}</v11:timestamp>
         </v1:messageContext>
         <v1:legalContext>ServiceIntegrator</v1:legalContext>
         <v1:request>
            <!--Optional:-->
            <v1:referenceDate>2016-10-10</v1:referenceDate>
         </v1:request>
      </v1:getAddressCountriesRequest>
   </soapenv:Body>
</soapenv:Envelope>]]></con:request><con:assertion type="SOAP Fault Assertion" id="152373a2-1b9b-41db-a440-e430b4f18cb2" name="Not SOAP Fault"/><con:assertion type="SOAP Response" id="92aef05d-eed8-43c7-a5a3-b9e34112e400" name="SOAP Response"/><con:assertion type="Schema Compliance" id="a8e2657e-2615-4521-9f27-fd526e280478" name="Schema Compliance"><con:configuration/></con:assertion><con:wsaConfig action="http://fidus.brussels/services/countryservice/getAddressCountries"/></con:request></con:config></con:testStep><con:properties/></con:testCase><con:testCase id="8ddb1239-3ad4-4182-a5ec-9295d5914b05" failOnError="true" failTestCaseOnErrors="true" keepSession="false" maxResults="0" name="getAddressCountry" searchProperties="true"><con:settings/><con:testStep type="request" id="9f1902dc-e8e6-4479-bdfa-c1270e6400a1" name="testcase03 - Test External - Request"><con:settings/><con:config xsi:type="con:RequestStep" xmlns:xsi="http://www.w3.org/2001/XMLSchema-instance"><con:interface>CountryServiceHTTPBinding</con:interface><con:operation>getAddressCountry</con:operation><con:request name="testcase03 - Test External - Request" id="b29c11e4-3313-45ad-9b83-6a8f072f7ae0" outgoingWss="Outflow TEST"><con:settings/><con:encoding>UTF-8</con:encoding><con:endpoint>https://fidus-test.irisnetlab.be/services/CountryService_v1.0</con:endpoint><con:request><![CDATA[<soapenv:Envelope xmlns:soapenv="http://schemas.xmlsoap.org/soap/envelope/" xmlns:v1="http://fidus.brussels/service/countryservice/messages/v1" xmlns:v11="http://fidus.brussels/type/common/messages/v1" xmlns:v12="http://fsb.belgium.be/mappingServices/countryService/messages/v1_00">
   <soapenv:Header/>
   <soapenv:Body>
      <v1:getAddressCountryRequest>
         <v1:messageContext>
            <v11:messageId>${=import static java.util.UUID.randomUUID; uuid = randomUUID() as String}</v11:messageId>
            <!--Optional:-->
            <v11:timestamp>${=new java.text.SimpleDateFormat("yyyy-MM-dd'T'HH:mm:ss.SSS").format(new Date())}</v11:timestamp>
         </v1:messageContext>
         <v1:legalContext>ServiceIntegrator</v1:legalContext>
         <v1:request>
            <!--You have a CHOICE of the next 4 items at this level-->
            <v12:iso-alpha2>BE</v12:iso-alpha2>
            <!--<v12:iso-alpha3 startDate="?" endDate="?" status="?">?</v12:iso-alpha3>-->
            <!--<v12:iso-num3 startDate="?" endDate="?" status="?">?</v12:iso-num3>-->
            <!--<v12:nis-num3 startDate="?" endDate="?" status="?">?</v12:nis-num3>-->
         </v1:request>
      </v1:getAddressCountryRequest>
   </soapenv:Body>
</soapenv:Envelope>]]></con:request><con:assertion type="SOAP Fault Assertion" id="b83aa11e-5d63-453f-b8fb-c80afff7d408" name="Not SOAP Fault"/><con:assertion type="SOAP Response" id="7b74cff4-37d2-466b-beef-49b0703a9739" name="SOAP Response"/><con:assertion type="Schema Compliance" id="5eb651c5-593e-45d0-a624-dad4cea1863c" name="Schema Compliance"><con:configuration/></con:assertion><con:wsaConfig action="http://fidus.brussels/services/countryservice/getAddressCountry"/></con:request></con:config></con:testStep><con:testStep type="request" id="a5ec2441-ad73-452b-8aeb-f93754c93102" name="testcase03 - Test LB - Request"><con:settings/><con:config xsi:type="con:RequestStep" xmlns:xsi="http://www.w3.org/2001/XMLSchema-instance"><con:interface>CountryServiceHTTPBinding</con:interface><con:operation>getAddressCountry</con:operation><con:request name="testcase03 - Test LB - Request" id="43b09f23-7f63-4790-bb63-e6356d35d2d0" outgoingWss="Outflow TEST"><con:settings/><con:encoding>UTF-8</con:encoding><con:endpoint>https://esb-security-gw.sta.srv.cirb.lan:8443/services/CountryService_v1.0</con:endpoint><con:request><![CDATA[<soapenv:Envelope xmlns:soapenv="http://schemas.xmlsoap.org/soap/envelope/" xmlns:v1="http://fidus.brussels/service/countryservice/messages/v1" xmlns:v11="http://fidus.brussels/type/common/messages/v1" xmlns:v12="http://fsb.belgium.be/mappingServices/countryService/messages/v1_00">
   <soapenv:Header/>
   <soapenv:Body>
      <v1:getAddressCountryRequest>
         <v1:messageContext>
            <v11:messageId>${=import static java.util.UUID.randomUUID; uuid = randomUUID() as String}</v11:messageId>
            <!--Optional:-->
            <v11:timestamp>${=new java.text.SimpleDateFormat("yyyy-MM-dd'T'HH:mm:ss.SSS").format(new Date())}</v11:timestamp>
         </v1:messageContext>
         <v1:legalContext>ServiceIntegrator</v1:legalContext>
         <v1:request>
            <!--You have a CHOICE of the next 4 items at this level-->
            <v12:iso-alpha2>BE</v12:iso-alpha2>
            <!--<v12:iso-alpha3 startDate="?" endDate="?" status="?">?</v12:iso-alpha3>-->
            <!--<v12:iso-num3 startDate="?" endDate="?" status="?">?</v12:iso-num3>-->
            <!--<v12:nis-num3 startDate="?" endDate="?" status="?">?</v12:nis-num3>-->
         </v1:request>
      </v1:getAddressCountryRequest>
   </soapenv:Body>
</soapenv:Envelope>]]></con:request><con:assertion type="SOAP Fault Assertion" id="fe127bc1-c3f7-4d24-97a7-e2f3174b256c" name="Not SOAP Fault"/><con:assertion type="SOAP Response" id="43e3803d-788c-4a43-87ff-64e07b0af8a9" name="SOAP Response"/><con:assertion type="Schema Compliance" id="357bddb4-5235-4109-9f01-5ff7ea4feaad" name="Schema Compliance"><con:configuration/></con:assertion><con:wsaConfig action="http://fidus.brussels/services/countryservice/getAddressCountry"/></con:request></con:config></con:testStep><con:testStep type="request" id="78965fe7-5816-4339-a475-8088bf1dfd41" name="testcase03 - Test Worker1 - Request"><con:settings/><con:config xsi:type="con:RequestStep" xmlns:xsi="http://www.w3.org/2001/XMLSchema-instance"><con:interface>CountryServiceHTTPBinding</con:interface><con:operation>getAddressCountry</con:operation><con:request name="testcase03 - Test Worker1 - Request" id="90478d3b-cf6b-4a8b-814e-ac446ff83986" outgoingWss="Outflow TEST"><con:settings/><con:encoding>UTF-8</con:encoding><con:endpoint>https://192.168.24.45:8443/services/CountryService_v1.0</con:endpoint><con:request><![CDATA[<soapenv:Envelope xmlns:soapenv="http://schemas.xmlsoap.org/soap/envelope/" xmlns:v1="http://fidus.brussels/service/countryservice/messages/v1" xmlns:v11="http://fidus.brussels/type/common/messages/v1" xmlns:v12="http://fsb.belgium.be/mappingServices/countryService/messages/v1_00">
   <soapenv:Header/>
   <soapenv:Body>
      <v1:getAddressCountryRequest>
         <v1:messageContext>
            <v11:messageId>${=import static java.util.UUID.randomUUID; uuid = randomUUID() as String}</v11:messageId>
            <!--Optional:-->
            <v11:timestamp>${=new java.text.SimpleDateFormat("yyyy-MM-dd'T'HH:mm:ss.SSS").format(new Date())}</v11:timestamp>
         </v1:messageContext>
         <v1:legalContext>ServiceIntegrator</v1:legalContext>
         <v1:request>
            <!--You have a CHOICE of the next 4 items at this level-->
            <v12:iso-alpha2>BE</v12:iso-alpha2>
            <!--<v12:iso-alpha3 startDate="?" endDate="?" status="?">?</v12:iso-alpha3>-->
            <!--<v12:iso-num3 startDate="?" endDate="?" status="?">?</v12:iso-num3>-->
            <!--<v12:nis-num3 startDate="?" endDate="?" status="?">?</v12:nis-num3>-->
         </v1:request>
      </v1:getAddressCountryRequest>
   </soapenv:Body>
</soapenv:Envelope>]]></con:request><con:assertion type="SOAP Fault Assertion" id="b778b8ea-8788-46f5-8df4-89b038443f57" name="Not SOAP Fault"/><con:assertion type="SOAP Response" id="7b6bb0a4-0f27-4ebc-8da4-8dad8dc633ed" name="SOAP Response"/><con:assertion type="Schema Compliance" id="3567545f-7a81-4875-b06d-4e91c934fc43" name="Schema Compliance"><con:configuration/></con:assertion><con:wsaConfig action="http://fidus.brussels/services/countryservice/getAddressCountry"/></con:request></con:config></con:testStep><con:testStep type="request" id="e4ef1d29-5984-4e43-8e58-a38ef614bff7" name="testcase03 - Test Worker2 - Request"><con:settings/><con:config xsi:type="con:RequestStep" xmlns:xsi="http://www.w3.org/2001/XMLSchema-instance"><con:interface>CountryServiceHTTPBinding</con:interface><con:operation>getAddressCountry</con:operation><con:request name="testcase03 - Test Worker2 - Request" id="3b05fc9d-407b-4dc2-85b2-b65e17ab8939" outgoingWss="Outflow TEST"><con:settings/><con:encoding>UTF-8</con:encoding><con:endpoint>https://192.168.24.51:8443/services/CountryService_v1.0</con:endpoint><con:request><![CDATA[<soapenv:Envelope xmlns:soapenv="http://schemas.xmlsoap.org/soap/envelope/" xmlns:v1="http://fidus.brussels/service/countryservice/messages/v1" xmlns:v11="http://fidus.brussels/type/common/messages/v1" xmlns:v12="http://fsb.belgium.be/mappingServices/countryService/messages/v1_00">
   <soapenv:Header/>
   <soapenv:Body>
      <v1:getAddressCountryRequest>
         <v1:messageContext>
            <v11:messageId>${=import static java.util.UUID.randomUUID; uuid = randomUUID() as String}</v11:messageId>
            <!--Optional:-->
            <v11:timestamp>${=new java.text.SimpleDateFormat("yyyy-MM-dd'T'HH:mm:ss.SSS").format(new Date())}</v11:timestamp>
         </v1:messageContext>
         <v1:legalContext>ServiceIntegrator</v1:legalContext>
         <v1:request>
            <!--You have a CHOICE of the next 4 items at this level-->
            <v12:iso-alpha2>BE</v12:iso-alpha2>
            <!--<v12:iso-alpha3 startDate="?" endDate="?" status="?">?</v12:iso-alpha3>-->
            <!--<v12:iso-num3 startDate="?" endDate="?" status="?">?</v12:iso-num3>-->
            <!--<v12:nis-num3 startDate="?" endDate="?" status="?">?</v12:nis-num3>-->
         </v1:request>
      </v1:getAddressCountryRequest>
   </soapenv:Body>
</soapenv:Envelope>]]></con:request><con:assertion type="SOAP Fault Assertion" id="ebea5d7a-e6f5-480e-8031-b5b2768ff86c" name="Not SOAP Fault"/><con:assertion type="SOAP Response" id="1ba8bb86-fe60-42ea-a8fd-515b50b430b9" name="SOAP Response"/><con:assertion type="Schema Compliance" id="e0557131-212e-4982-a8af-8a909af11d2d" name="Schema Compliance"><con:configuration/></con:assertion><con:wsaConfig action="http://fidus.brussels/services/countryservice/getAddressCountry"/></con:request></con:config></con:testStep><con:properties/></con:testCase><con:testCase id="14cd2e5a-a4bd-4647-bcf9-83e624aad979" failOnError="true" failTestCaseOnErrors="true" keepSession="false" maxResults="0" name="getAddressCountryHistory" searchProperties="true"><con:settings/><con:testStep type="request" id="1ac379af-e232-4607-8d5c-6b865f28efbd" name="testcase03 - Test External - Request"><con:settings/><con:config xsi:type="con:RequestStep" xmlns:xsi="http://www.w3.org/2001/XMLSchema-instance"><con:interface>CountryServiceHTTPBinding</con:interface><con:operation>getAddressCountryHistory</con:operation><con:request name="testcase03 - Test External - Request" id="f4c16f02-f509-4384-936a-7ffe1a225d3b" outgoingWss="Outflow TEST"><con:settings/><con:encoding>UTF-8</con:encoding><con:endpoint>https://fidus-test.irisnetlab.be/services/CountryService_v1.0</con:endpoint><con:request><![CDATA[<soapenv:Envelope xmlns:soapenv="http://schemas.xmlsoap.org/soap/envelope/" xmlns:v1="http://fidus.brussels/service/countryservice/messages/v1" xmlns:v11="http://fidus.brussels/type/common/messages/v1" xmlns:v12="http://fsb.belgium.be/mappingServices/countryService/messages/v1_00">
   <soapenv:Header/>
   <soapenv:Body>
      <v1:getAddressCountryHistoryRequest>
         <v1:messageContext>
            <v11:messageId>${=import static java.util.UUID.randomUUID; uuid = randomUUID() as String}</v11:messageId>
            <v11:timestamp>${=new java.text.SimpleDateFormat("yyyy-MM-dd'T'HH:mm:ss.SSS").format(new Date())}</v11:timestamp>
         </v1:messageContext>
         <v1:legalContext>ServiceIntegrator</v1:legalContext>
         <v1:request>
            <v12:iso-alpha2>FR</v12:iso-alpha2>
            <v12:referenceDate>2016-10-10</v12:referenceDate>
         </v1:request>
      </v1:getAddressCountryHistoryRequest>
   </soapenv:Body>
</soapenv:Envelope>]]></con:request><con:assertion type="SOAP Fault Assertion" id="52abe13b-1004-496b-8129-374f10beb36c" name="Not SOAP Fault"/><con:assertion type="SOAP Response" id="1a4e8c03-ca0c-4cde-8053-2dc182f76b15" name="SOAP Response"/><con:assertion type="Schema Compliance" id="6fa9cf42-f4b6-4091-b7a3-b29942772334" name="Schema Compliance"><con:configuration/></con:assertion><con:wsaConfig action="http://fidus.brussels/services/countryservice/getAddressCountryHistory"/></con:request></con:config></con:testStep><con:testStep type="request" id="7c840b03-16bb-4aaa-9c66-a4115263ab40" name="testcase03 - Test LB - Request"><con:settings/><con:config xsi:type="con:RequestStep" xmlns:xsi="http://www.w3.org/2001/XMLSchema-instance"><con:interface>CountryServiceHTTPBinding</con:interface><con:operation>getAddressCountryHistory</con:operation><con:request name="testcase03 - Test LB - Request" id="401c7e28-f0d9-4666-b36b-5125a5bd3a38" outgoingWss="Outflow TEST"><con:settings/><con:encoding>UTF-8</con:encoding><con:endpoint>https://esb-security-gw.sta.srv.cirb.lan:8443/services/CountryService_v1.0</con:endpoint><con:request><![CDATA[<soapenv:Envelope xmlns:soapenv="http://schemas.xmlsoap.org/soap/envelope/" xmlns:v1="http://fidus.brussels/service/countryservice/messages/v1" xmlns:v11="http://fidus.brussels/type/common/messages/v1" xmlns:v12="http://fsb.belgium.be/mappingServices/countryService/messages/v1_00">
   <soapenv:Header/>
   <soapenv:Body>
      <v1:getAddressCountryHistoryRequest>
         <v1:messageContext>
            <v11:messageId>${=import static java.util.UUID.randomUUID; uuid = randomUUID() as String}</v11:messageId>
            <v11:timestamp>${=new java.text.SimpleDateFormat("yyyy-MM-dd'T'HH:mm:ss.SSS").format(new Date())}</v11:timestamp>
         </v1:messageContext>
         <v1:legalContext>ServiceIntegrator</v1:legalContext>
         <v1:request>
            <v12:iso-alpha2>BE</v12:iso-alpha2>
            <v12:referenceDate>2016-10-10</v12:referenceDate>
         </v1:request>
      </v1:getAddressCountryHistoryRequest>
   </soapenv:Body>
</soapenv:Envelope>]]></con:request><con:assertion type="SOAP Fault Assertion" id="697aca37-0136-4eba-bab5-dcb1e24015f0" name="Not SOAP Fault"/><con:assertion type="SOAP Response" id="3336abf2-a818-4e6a-8011-e1181428c972" name="SOAP Response"/><con:assertion type="Schema Compliance" id="e529ae9e-aef7-49f3-b4de-175adc2d33c8" name="Schema Compliance"><con:configuration/></con:assertion><con:wsaConfig action="http://fidus.brussels/services/countryservice/getAddressCountryHistory"/></con:request></con:config></con:testStep><con:testStep type="request" id="501cf4f6-1a2b-4400-995a-6e30bbf0d60b" name="testcase03 - Test Worker1 - Request"><con:settings/><con:config xsi:type="con:RequestStep" xmlns:xsi="http://www.w3.org/2001/XMLSchema-instance"><con:interface>CountryServiceHTTPBinding</con:interface><con:operation>getAddressCountryHistory</con:operation><con:request name="testcase03 - Test Worker1 - Request" id="536d4145-0b73-413a-af9e-5f4877f616f8" outgoingWss="Outflow TEST"><con:settings/><con:encoding>UTF-8</con:encoding><con:endpoint>https://192.168.24.45:8443/services/CountryService_v1.0</con:endpoint><con:request><![CDATA[<soapenv:Envelope xmlns:soapenv="http://schemas.xmlsoap.org/soap/envelope/" xmlns:v1="http://fidus.brussels/service/countryservice/messages/v1" xmlns:v11="http://fidus.brussels/type/common/messages/v1" xmlns:v12="http://fsb.belgium.be/mappingServices/countryService/messages/v1_00">
   <soapenv:Header/>
   <soapenv:Body>
      <v1:getAddressCountryHistoryRequest>
         <v1:messageContext>
            <v11:messageId>${=import static java.util.UUID.randomUUID; uuid = randomUUID() as String}</v11:messageId>
            <!--Optional:-->
            <v11:timestamp>${=new java.text.SimpleDateFormat("yyyy-MM-dd'T'HH:mm:ss.SSS").format(new Date())}</v11:timestamp>
         </v1:messageContext>
         <v1:legalContext>ServiceIntegrator</v1:legalContext>
         <v1:request>
            <v12:iso-alpha2>NL</v12:iso-alpha2>
            <!--Optional:-->
            
         </v1:request>
      </v1:getAddressCountryHistoryRequest>
   </soapenv:Body>
</soapenv:Envelope>]]></con:request><con:assertion type="SOAP Fault Assertion" id="a5bf6864-4f20-4676-967d-d05e209f3059" name="Not SOAP Fault"/><con:assertion type="SOAP Response" id="934b86a7-3d60-4502-aa93-17c0e8204075" name="SOAP Response"/><con:assertion type="Schema Compliance" id="c078ab0f-5e8b-4bb2-8145-c995bba7eafa" name="Schema Compliance"><con:configuration/></con:assertion><con:wsaConfig action="http://fidus.brussels/services/countryservice/getAddressCountryHistory"/></con:request></con:config></con:testStep><con:testStep type="request" id="8f58cc83-cda2-49dc-881b-364565083ffd" name="testcase03 - Test Worker2 - Request"><con:settings/><con:config xsi:type="con:RequestStep" xmlns:xsi="http://www.w3.org/2001/XMLSchema-instance"><con:interface>CountryServiceHTTPBinding</con:interface><con:operation>getAddressCountryHistory</con:operation><con:request name="testcase03 - Test Worker2 - Request" id="795a21af-8ccc-42a8-8276-4b3bacef2a75" outgoingWss="Outflow TEST"><con:settings/><con:encoding>UTF-8</con:encoding><con:endpoint>https://192.168.24.51:8443/services/CountryService_v1.0</con:endpoint><con:request><![CDATA[<soapenv:Envelope xmlns:soapenv="http://schemas.xmlsoap.org/soap/envelope/" xmlns:v1="http://fidus.brussels/service/countryservice/messages/v1" xmlns:v11="http://fidus.brussels/type/common/messages/v1" xmlns:v12="http://fsb.belgium.be/mappingServices/countryService/messages/v1_00">
   <soapenv:Header/>
   <soapenv:Body>
      <v1:getAddressCountryHistoryRequest>
         <v1:messageContext>
            <v11:messageId>${=import static java.util.UUID.randomUUID; uuid = randomUUID() as String}</v11:messageId>
            <v11:timestamp>${=new java.text.SimpleDateFormat("yyyy-MM-dd'T'HH:mm:ss.SSS").format(new Date())}</v11:timestamp>
         </v1:messageContext>
         <v1:legalContext>ServiceIntegrator</v1:legalContext>
         <v1:request>
            <v12:iso-alpha2>AU</v12:iso-alpha2>
            <v12:referenceDate>2016-10-10</v12:referenceDate>
         </v1:request>
      </v1:getAddressCountryHistoryRequest>
   </soapenv:Body>
</soapenv:Envelope>]]></con:request><con:assertion type="SOAP Fault Assertion" id="8ee3eb5d-54e4-4749-ba25-546e0a326b3f" name="Not SOAP Fault"/><con:assertion type="SOAP Response" id="f21d8b90-5a4e-45a3-9f10-921b20386091" name="SOAP Response"/><con:assertion type="Schema Compliance" id="0d563ec7-1417-448b-be05-61c0984ef4c5" name="Schema Compliance"><con:configuration/></con:assertion><con:wsaConfig action="http://fidus.brussels/services/countryservice/getAddressCountryHistory"/></con:request></con:config></con:testStep><con:properties/></con:testCase><con:testCase id="67887d95-e545-4ded-9f0b-983f8451b522" failOnError="true" failTestCaseOnErrors="true" keepSession="false" maxResults="0" name="getAllIsoCodes" searchProperties="true"><con:settings/><con:testStep type="request" id="a56fe860-d722-4774-9d57-c70e26e56061" name="testcase03 - Test Worker1 - Request"><con:settings/><con:config xsi:type="con:RequestStep" xmlns:xsi="http://www.w3.org/2001/XMLSchema-instance"><con:interface>CountryServiceHTTPBinding</con:interface><con:operation>getAllIsoCodes</con:operation><con:request name="testcase03 - Test Worker1 - Request" id="959fde94-6b78-4672-9f42-18a23e6912bf" outgoingWss="Outflow TEST"><con:settings/><con:encoding>UTF-8</con:encoding><con:endpoint>https://192.168.24.45:8443/services/CountryService_v1.0</con:endpoint><con:request><![CDATA[<soapenv:Envelope xmlns:soapenv="http://schemas.xmlsoap.org/soap/envelope/" xmlns:v1="http://fidus.brussels/service/countryservice/messages/v1" xmlns:v11="http://fidus.brussels/type/common/messages/v1">
   <soapenv:Header/>
   <soapenv:Body>
      <v1:getAllIsoCodesRequest>
         <v1:messageContext>
         	  <v11:messageId>${=import static java.util.UUID.randomUUID; uuid = randomUUID() as String}</v11:messageId>
            <v11:timestamp>${=new java.text.SimpleDateFormat("yyyy-MM-dd'T'HH:mm:ss.SSS").format(new Date())}</v11:timestamp>
         </v1:messageContext>
         <v1:legalContext>ServiceIntegrator</v1:legalContext>
         <v1:request>
            <!--Optional:-->
            <v1:referenceDate>2016-10-06</v1:referenceDate>
         </v1:request>
      </v1:getAllIsoCodesRequest>
   </soapenv:Body>
</soapenv:Envelope>]]></con:request><con:assertion type="SOAP Fault Assertion" id="afd81970-d5f3-4f1e-a704-5003d527bfbc" name="Not SOAP Fault"/><con:assertion type="SOAP Response" id="def58665-7972-4249-bdc3-e08b2d8e9a6c" name="SOAP Response"/><con:assertion type="Schema Compliance" id="de32508b-b2b4-44d6-870b-7f3cc2eee8b6" name="Schema Compliance"><con:configuration/></con:assertion><con:wsaConfig action="http://fidus.brussels/services/countryservice/getAllIsoCodes"/></con:request></con:config></con:testStep><con:testStep type="request" id="8f42ff9d-d0e5-4014-ae35-ff267d1e62d5" name="testcase03 - Test External - Request"><con:settings/><con:config xsi:type="con:RequestStep" xmlns:xsi="http://www.w3.org/2001/XMLSchema-instance"><con:interface>CountryServiceHTTPBinding</con:interface><con:operation>getAllIsoCodes</con:operation><con:request name="testcase03 - Test External - Request" id="13f2b777-6c02-43cd-a060-4146b306c276" outgoingWss="Outflow TEST"><con:settings/><con:encoding>UTF-8</con:encoding><con:endpoint>https://fidus-test.irisnetlab.be/services/CountryService_v1.0</con:endpoint><con:request><![CDATA[<soapenv:Envelope xmlns:soapenv="http://schemas.xmlsoap.org/soap/envelope/" xmlns:v1="http://fidus.brussels/service/countryservice/messages/v1" xmlns:v11="http://fidus.brussels/type/common/messages/v1">
   <soapenv:Header/>
   <soapenv:Body>
      <v1:getAllIsoCodesRequest>
         <v1:messageContext>
         	  <v11:messageId>${=import static java.util.UUID.randomUUID; uuid = randomUUID() as String}</v11:messageId>
            <v11:timestamp>${=new java.text.SimpleDateFormat("yyyy-MM-dd'T'HH:mm:ss.SSS").format(new Date())}</v11:timestamp>
         </v1:messageContext>
         <v1:legalContext>ServiceIntegrator</v1:legalContext>
         <v1:request>
            <!--Optional:-->
            <v1:referenceDate>2016-10-06</v1:referenceDate>
         </v1:request>
      </v1:getAllIsoCodesRequest>
   </soapenv:Body>
</soapenv:Envelope>]]></con:request><con:assertion type="SOAP Fault Assertion" id="ff864032-6827-4bcb-8824-2a4a57f93756" name="Not SOAP Fault"/><con:assertion type="SOAP Response" id="42d33015-dc6d-44f1-810e-010251a7e05b" name="SOAP Response"/><con:assertion type="Schema Compliance" id="3486ead6-54ec-40f2-b2f2-fb4131aef549" name="Schema Compliance"><con:configuration/></con:assertion><con:wsaConfig action="http://fidus.brussels/services/countryservice/getAllIsoCodes"/></con:request></con:config></con:testStep><con:testStep type="request" id="bcdfb553-23b1-4c84-a68a-8b342ba9e535" name="testcase03 - Test LB - Request"><con:settings/><con:config xsi:type="con:RequestStep" xmlns:xsi="http://www.w3.org/2001/XMLSchema-instance"><con:interface>CountryServiceHTTPBinding</con:interface><con:operation>getAllIsoCodes</con:operation><con:request name="testcase03 - Test LB - Request" id="be1938c6-e1b6-4371-af8a-a5e4c2ff1635" outgoingWss="Outflow TEST"><con:settings/><con:encoding>UTF-8</con:encoding><con:endpoint>https://esb-security-gw.sta.srv.cirb.lan:8443/services/CountryService_v1.0</con:endpoint><con:request><![CDATA[<soapenv:Envelope xmlns:soapenv="http://schemas.xmlsoap.org/soap/envelope/" xmlns:v1="http://fidus.brussels/service/countryservice/messages/v1" xmlns:v11="http://fidus.brussels/type/common/messages/v1">
   <soapenv:Header/>
   <soapenv:Body>
      <v1:getAllIsoCodesRequest>
         <v1:messageContext>
         	  <v11:messageId>${=import static java.util.UUID.randomUUID; uuid = randomUUID() as String}</v11:messageId>
            <v11:timestamp>${=new java.text.SimpleDateFormat("yyyy-MM-dd'T'HH:mm:ss.SSS").format(new Date())}</v11:timestamp>
         </v1:messageContext>
         <v1:legalContext>ServiceIntegrator</v1:legalContext>
         <v1:request>
            <!--Optional:-->
            <v1:referenceDate>2016-10-06</v1:referenceDate>
         </v1:request>
      </v1:getAllIsoCodesRequest>
   </soapenv:Body>
</soapenv:Envelope>]]></con:request><con:assertion type="SOAP Fault Assertion" id="b80a3239-c1ea-4956-a482-b85a5db3fff3" name="Not SOAP Fault"/><con:assertion type="SOAP Response" id="7df1a4e1-8f8f-4141-b23d-85ab6d980096" name="SOAP Response"/><con:assertion type="Schema Compliance" id="7b696143-66ff-4979-b248-5529a675d3b9" name="Schema Compliance"><con:configuration/></con:assertion><con:wsaConfig action="http://fidus.brussels/services/countryservice/getAllIsoCodes"/></con:request></con:config></con:testStep><con:testStep type="request" id="fa024e5b-5ebf-472e-8e5b-d3b1e31ff125" name="testcase03 - Test Worker2 - Request"><con:settings/><con:config xsi:type="con:RequestStep" xmlns:xsi="http://www.w3.org/2001/XMLSchema-instance"><con:interface>CountryServiceHTTPBinding</con:interface><con:operation>getAllIsoCodes</con:operation><con:request name="testcase03 - Test Worker2 - Request" id="513e4745-3225-4ce3-80fc-9a95d807f38c" outgoingWss="Outflow TEST"><con:settings/><con:encoding>UTF-8</con:encoding><con:endpoint>https://192.168.24.51:8443/services/CountryService_v1.0</con:endpoint><con:request><![CDATA[<soapenv:Envelope xmlns:soapenv="http://schemas.xmlsoap.org/soap/envelope/" xmlns:v1="http://fidus.brussels/service/countryservice/messages/v1" xmlns:v11="http://fidus.brussels/type/common/messages/v1">
   <soapenv:Header/>
   <soapenv:Body>
      <v1:getAllIsoCodesRequest>
         <v1:messageContext>
         	  <v11:messageId>${=import static java.util.UUID.randomUUID; uuid = randomUUID() as String}</v11:messageId>
            <v11:timestamp>${=new java.text.SimpleDateFormat("yyyy-MM-dd'T'HH:mm:ss.SSS").format(new Date())}</v11:timestamp>
         </v1:messageContext>
         <v1:legalContext>ServiceIntegrator</v1:legalContext>
         <v1:request>
            <!--Optional:-->
            <v1:referenceDate>2016-10-06</v1:referenceDate>
         </v1:request>
      </v1:getAllIsoCodesRequest>
   </soapenv:Body>
</soapenv:Envelope>]]></con:request><con:assertion type="SOAP Fault Assertion" id="4eae180e-4ad5-42fe-b46e-725ee9222e91" name="Not SOAP Fault"/><con:assertion type="SOAP Response" id="0d16b556-0fb2-4980-9a21-45235a10d94a" name="SOAP Response"/><con:assertion type="Schema Compliance" id="0eb94fdb-57d6-4811-9acf-59046b449abc" name="Schema Compliance"><con:configuration/></con:assertion><con:wsaConfig action="http://fidus.brussels/services/countryservice/getAllIsoCodes"/></con:request></con:config></con:testStep><con:properties/></con:testCase><con:testCase id="148f7c17-2819-4006-aa37-4d9008317a3f" failOnError="true" failTestCaseOnErrors="true" keepSession="false" maxResults="0" name="getAllNisCodes" searchProperties="true"><con:settings/><con:testStep type="request" id="13d7ef0f-10d2-453f-b3af-6c8ccfa530b4" name="testcase03 - Test External - Request"><con:settings/><con:config xsi:type="con:RequestStep" xmlns:xsi="http://www.w3.org/2001/XMLSchema-instance"><con:interface>CountryServiceHTTPBinding</con:interface><con:operation>getAllNisCodes</con:operation><con:request name="testcase03 - Test External - Request" id="3e6ad210-7d50-4d11-a42c-9471d1a8f0e0" outgoingWss="Outflow TEST"><con:settings/><con:encoding>UTF-8</con:encoding><con:endpoint>https://fidus-test.irisnetlab.be/services/CountryService_v1.0</con:endpoint><con:request><![CDATA[<soapenv:Envelope xmlns:soapenv="http://schemas.xmlsoap.org/soap/envelope/" xmlns:v1="http://fidus.brussels/service/countryservice/messages/v1" xmlns:v11="http://fidus.brussels/type/common/messages/v1">
   <soapenv:Header/>
   <soapenv:Body>
      <v1:getAllNisCodesRequest>
         <v1:messageContext>
            <v11:messageId>${=import static java.util.UUID.randomUUID; uuid = randomUUID() as String}</v11:messageId>            
            <v11:timestamp>${=new java.text.SimpleDateFormat("yyyy-MM-dd'T'HH:mm:ss.SSS").format(new Date())}</v11:timestamp>
         </v1:messageContext>
         <v1:legalContext>ServiceIntegrator</v1:legalContext>
         <v1:request>
            <!--Optional:-->
            <v1:referenceDate>2016-10-13</v1:referenceDate>
         </v1:request>
      </v1:getAllNisCodesRequest>
   </soapenv:Body>
</soapenv:Envelope>]]></con:request><con:assertion type="SOAP Fault Assertion" id="fbca26f5-8da0-41af-bac4-4590c559938a" name="Not SOAP Fault"/><con:assertion type="SOAP Response" id="a7b263f7-dcff-40de-b5b6-6288748f1b60" name="SOAP Response"/><con:assertion type="Schema Compliance" id="703ac02f-cd99-4098-adbe-80ffc5857683" name="Schema Compliance"><con:configuration/></con:assertion><con:wsaConfig action="http://fidus.brussels/services/countryservice/getAllNisCodes"/></con:request></con:config></con:testStep><con:testStep type="request" id="3dda4a0a-9859-4d8d-9cf2-38d86e8021cf" name="testcase03 - Test LB - Request"><con:settings/><con:config xsi:type="con:RequestStep" xmlns:xsi="http://www.w3.org/2001/XMLSchema-instance"><con:interface>CountryServiceHTTPBinding</con:interface><con:operation>getAllNisCodes</con:operation><con:request name="testcase03 - Test LB - Request" id="55f545d3-0af1-40c0-8c79-9cbf58d107a1" outgoingWss="Outflow TEST"><con:settings/><con:encoding>UTF-8</con:encoding><con:endpoint>https://esb-security-gw.sta.srv.cirb.lan:8443/services/CountryService_v1.0</con:endpoint><con:request><![CDATA[<soapenv:Envelope xmlns:soapenv="http://schemas.xmlsoap.org/soap/envelope/" xmlns:v1="http://fidus.brussels/service/countryservice/messages/v1" xmlns:v11="http://fidus.brussels/type/common/messages/v1">
   <soapenv:Header/>
   <soapenv:Body>
      <v1:getAllNisCodesRequest>
         <v1:messageContext>
            <v11:messageId>${=import static java.util.UUID.randomUUID; uuid = randomUUID() as String}</v11:messageId>            
            <v11:timestamp>${=new java.text.SimpleDateFormat("yyyy-MM-dd'T'HH:mm:ss.SSS").format(new Date())}</v11:timestamp>
         </v1:messageContext>
         <v1:legalContext>ServiceIntegrator</v1:legalContext>
         <v1:request>
            <!--Optional:-->
            <v1:referenceDate>2016-10-13</v1:referenceDate>
         </v1:request>
      </v1:getAllNisCodesRequest>
   </soapenv:Body>
</soapenv:Envelope>]]></con:request><con:assertion type="SOAP Fault Assertion" id="50f1b85f-7b6a-4851-9ed6-578c99199823" name="Not SOAP Fault"/><con:assertion type="SOAP Response" id="79918522-abf1-4615-8f75-b7274a282683" name="SOAP Response"/><con:assertion type="Schema Compliance" id="ebf68257-4a73-4c6d-8ed9-d4a77f2d87f1" name="Schema Compliance"><con:configuration/></con:assertion><con:wsaConfig action="http://fidus.brussels/services/countryservice/getAllNisCodes"/></con:request></con:config></con:testStep><con:testStep type="request" id="d96f2569-3bdf-464c-a280-82ced46153e4" name="testcase03 - Test Worker1 - Request"><con:settings/><con:config xsi:type="con:RequestStep" xmlns:xsi="http://www.w3.org/2001/XMLSchema-instance"><con:interface>CountryServiceHTTPBinding</con:interface><con:operation>getAllNisCodes</con:operation><con:request name="testcase03 - Test Worker1 - Request" id="6e028751-faaa-49e9-97b4-8c125b34340e" outgoingWss="Outflow TEST"><con:settings/><con:encoding>UTF-8</con:encoding><con:endpoint>https://192.168.24.45:8443/services/CountryService_v1.0</con:endpoint><con:request><![CDATA[<soapenv:Envelope xmlns:soapenv="http://schemas.xmlsoap.org/soap/envelope/" xmlns:v1="http://fidus.brussels/service/countryservice/messages/v1" xmlns:v11="http://fidus.brussels/type/common/messages/v1">
   <soapenv:Header/>
   <soapenv:Body>
      <v1:getAllNisCodesRequest>
         <v1:messageContext>
            <v11:messageId>${=import static java.util.UUID.randomUUID; uuid = randomUUID() as String}</v11:messageId>            
            <v11:timestamp>${=new java.text.SimpleDateFormat("yyyy-MM-dd'T'HH:mm:ss.SSS").format(new Date())}</v11:timestamp>
         </v1:messageContext>
         <v1:legalContext>ServiceIntegrator</v1:legalContext>
         <v1:request>
            <!--Optional:-->
            <v1:referenceDate>2016-10-13</v1:referenceDate>
         </v1:request>
      </v1:getAllNisCodesRequest>
   </soapenv:Body>
</soapenv:Envelope>]]></con:request><con:assertion type="SOAP Fault Assertion" id="2d5e53f3-6d0b-4a19-975f-3f34d581c7f4" name="Not SOAP Fault"/><con:assertion type="SOAP Response" id="0fba9208-34a8-4fa3-8818-0e01963fa2bd" name="SOAP Response"/><con:assertion type="Schema Compliance" id="f3d433f1-06e5-4c5d-a817-60023e040cb1" name="Schema Compliance"><con:configuration/></con:assertion><con:wsaConfig action="http://fidus.brussels/services/countryservice/getAllNisCodes"/></con:request></con:config></con:testStep><con:testStep type="request" id="0f2989c9-b238-4db7-8deb-b1e41d916b93" name="testcase03 - Test Worker2 - Request"><con:settings/><con:config xsi:type="con:RequestStep" xmlns:xsi="http://www.w3.org/2001/XMLSchema-instance"><con:interface>CountryServiceHTTPBinding</con:interface><con:operation>getAllNisCodes</con:operation><con:request name="testcase03 - Test Worker2 - Request" id="2586e894-af56-4a73-81a7-4e7c7a6fd665" outgoingWss="Outflow TEST"><con:settings/><con:encoding>UTF-8</con:encoding><con:endpoint>https://192.168.24.51:8443/services/CountryService_v1.0</con:endpoint><con:request><![CDATA[<soapenv:Envelope xmlns:soapenv="http://schemas.xmlsoap.org/soap/envelope/" xmlns:v1="http://fidus.brussels/service/countryservice/messages/v1" xmlns:v11="http://fidus.brussels/type/common/messages/v1">
   <soapenv:Header/>
   <soapenv:Body>
      <v1:getAllNisCodesRequest>
         <v1:messageContext>
            <v11:messageId>${=import static java.util.UUID.randomUUID; uuid = randomUUID() as String}</v11:messageId>            
            <v11:timestamp>${=new java.text.SimpleDateFormat("yyyy-MM-dd'T'HH:mm:ss.SSS").format(new Date())}</v11:timestamp>
         </v1:messageContext>
         <v1:legalContext>ServiceIntegrator</v1:legalContext>
         <v1:request>
            <!--Optional:-->
            <v1:referenceDate>2016-10-13</v1:referenceDate>
         </v1:request>
      </v1:getAllNisCodesRequest>
   </soapenv:Body>
</soapenv:Envelope>]]></con:request><con:assertion type="SOAP Fault Assertion" id="0717a5cd-8d1a-4626-8886-d1211db507fd" name="Not SOAP Fault"/><con:assertion type="SOAP Response" id="d11b000e-a581-4adf-9c7b-531603fca665" name="SOAP Response"/><con:assertion type="Schema Compliance" id="114e291b-c216-43e5-9e5d-8aa90ef013c8" name="Schema Compliance"><con:configuration/></con:assertion><con:wsaConfig action="http://fidus.brussels/services/countryservice/getAllNisCodes"/></con:request></con:config></con:testStep><con:properties/></con:testCase><con:testCase id="155c857f-2762-48d9-a528-326ca65829ec" failOnError="true" failTestCaseOnErrors="true" keepSession="false" maxResults="0" name="getNationalities" searchProperties="true"><con:settings/><con:testStep type="request" id="6bf5f21a-f670-4fab-8a43-5200f25baf54" name="testcase03 - Test External - Request"><con:settings/><con:config xsi:type="con:RequestStep" xmlns:xsi="http://www.w3.org/2001/XMLSchema-instance"><con:interface>CountryServiceHTTPBinding</con:interface><con:operation>getNationalities</con:operation><con:request name="testcase03 - Test External - Request" id="7e1c5acd-5aed-4f95-b19d-cf1129fbff05" outgoingWss="Outflow TEST"><con:settings/><con:encoding>UTF-8</con:encoding><con:endpoint>https://fidus-test.irisnetlab.be/services/CountryService_v1.0</con:endpoint><con:request><![CDATA[<soapenv:Envelope xmlns:soapenv="http://schemas.xmlsoap.org/soap/envelope/" xmlns:v1="http://fidus.brussels/service/countryservice/messages/v1" xmlns:v11="http://fidus.brussels/type/common/messages/v1">
   <soapenv:Header/>
   <soapenv:Body>
      <v1:getNationalitiesRequest>
         <v1:messageContext>
            <v11:messageId>${=import static java.util.UUID.randomUUID; uuid = randomUUID() as String}</v11:messageId>
            <!--Optional:-->
            <v11:timestamp>${=new java.text.SimpleDateFormat("yyyy-MM-dd'T'HH:mm:ss.SSS").format(new Date())}</v11:timestamp>
         </v1:messageContext>
         <v1:legalContext>ServiceIntegrator</v1:legalContext>
         <v1:request>
            <!--Optional:-->
            <v1:referenceDate>2016-10-13</v1:referenceDate>
         </v1:request>
      </v1:getNationalitiesRequest>
   </soapenv:Body>
</soapenv:Envelope>]]></con:request><con:assertion type="SOAP Fault Assertion" id="22c737a8-5eb1-4746-8a48-b7744d76f6e6" name="Not SOAP Fault"/><con:assertion type="SOAP Response" id="e93c50c6-f89c-45e7-94b3-2f143f8244f9" name="SOAP Response"/><con:assertion type="Schema Compliance" id="8a703e0e-7333-4d8d-a5a3-bc22a5b7abd5" name="Schema Compliance"><con:configuration/></con:assertion><con:wsaConfig action="http://fidus.brussels/services/countryservice/getNationalities"/></con:request></con:config></con:testStep><con:testStep type="request" id="36db62a9-2a51-437a-a5d1-41f0d2f024aa" name="testcase03 - Test LB - Request"><con:settings/><con:config xsi:type="con:RequestStep" xmlns:xsi="http://www.w3.org/2001/XMLSchema-instance"><con:interface>CountryServiceHTTPBinding</con:interface><con:operation>getNationalities</con:operation><con:request name="testcase03 - Test LB - Request" id="05864941-4d36-4505-92b6-8171a135883a" outgoingWss="Outflow TEST"><con:settings/><con:encoding>UTF-8</con:encoding><con:endpoint>https://esb-security-gw.sta.srv.cirb.lan:8443/services/CountryService_v1.0</con:endpoint><con:request><![CDATA[<soapenv:Envelope xmlns:soapenv="http://schemas.xmlsoap.org/soap/envelope/" xmlns:v1="http://fidus.brussels/service/countryservice/messages/v1" xmlns:v11="http://fidus.brussels/type/common/messages/v1">
   <soapenv:Header/>
   <soapenv:Body>
      <v1:getNationalitiesRequest>
         <v1:messageContext>
            <v11:messageId>${=import static java.util.UUID.randomUUID; uuid = randomUUID() as String}</v11:messageId>
            <!--Optional:-->
            <v11:timestamp>${=new java.text.SimpleDateFormat("yyyy-MM-dd'T'HH:mm:ss.SSS").format(new Date())}</v11:timestamp>
         </v1:messageContext>
         <v1:legalContext>ServiceIntegrator</v1:legalContext>
         <v1:request>
            <!--Optional:-->
            <v1:referenceDate>2016-10-13</v1:referenceDate>
         </v1:request>
      </v1:getNationalitiesRequest>
   </soapenv:Body>
</soapenv:Envelope>]]></con:request><con:assertion type="SOAP Fault Assertion" id="8e0600fb-5407-44d2-85cf-716f37fa7229" name="Not SOAP Fault"/><con:assertion type="SOAP Response" id="6d3d51d9-9dee-4975-8c0e-3bfc0a6fa658" name="SOAP Response"/><con:assertion type="Schema Compliance" id="dcc7139f-587f-424a-9f6a-05021f27a5ee" name="Schema Compliance"><con:configuration/></con:assertion><con:wsaConfig action="http://fidus.brussels/services/countryservice/getNationalities"/></con:request></con:config></con:testStep><con:testStep type="request" id="c2f0596e-c1f7-432f-bfc1-4a576c49e497" name="testcase03 - Test Worker1 - Request"><con:settings/><con:config xsi:type="con:RequestStep" xmlns:xsi="http://www.w3.org/2001/XMLSchema-instance"><con:interface>CountryServiceHTTPBinding</con:interface><con:operation>getNationalities</con:operation><con:request name="testcase03 - Test Worker1 - Request" id="8b59247f-b269-42a2-a623-9d912222951c" outgoingWss="Outflow TEST"><con:settings/><con:encoding>UTF-8</con:encoding><con:endpoint>https://192.168.24.45:8443/services/CountryService_v1.0</con:endpoint><con:request><![CDATA[<soapenv:Envelope xmlns:soapenv="http://schemas.xmlsoap.org/soap/envelope/" xmlns:v1="http://fidus.brussels/service/countryservice/messages/v1" xmlns:v11="http://fidus.brussels/type/common/messages/v1">
   <soapenv:Header/>
   <soapenv:Body>
      <v1:getNationalitiesRequest>
         <v1:messageContext>
            <v11:messageId>${=import static java.util.UUID.randomUUID; uuid = randomUUID() as String}</v11:messageId>
            <!--Optional:-->
            <v11:timestamp>${=new java.text.SimpleDateFormat("yyyy-MM-dd'T'HH:mm:ss.SSS").format(new Date())}</v11:timestamp>
         </v1:messageContext>
         <v1:legalContext>ServiceIntegrator</v1:legalContext>
         <v1:request>
            <!--Optional:-->
            <v1:referenceDate>2016-10-13</v1:referenceDate>
         </v1:request>
      </v1:getNationalitiesRequest>
   </soapenv:Body>
</soapenv:Envelope>]]></con:request><con:assertion type="SOAP Fault Assertion" id="dd6fa666-9478-4f79-b6d8-e1c9ac6ac2d2" name="Not SOAP Fault"/><con:assertion type="SOAP Response" id="520d621c-9ea0-4e3a-8586-e5ef3c8c4fef" name="SOAP Response"/><con:assertion type="Schema Compliance" id="71a443be-6f53-4b87-a5e7-e68d67e5de8f" name="Schema Compliance"><con:configuration/></con:assertion><con:wsaConfig action="http://fidus.brussels/services/countryservice/getNationalities"/></con:request></con:config></con:testStep><con:testStep type="request" id="00c71206-f551-4d7f-8b3a-e32e130e027e" name="testcase03 - Test Worker2 - Request"><con:settings/><con:config xsi:type="con:RequestStep" xmlns:xsi="http://www.w3.org/2001/XMLSchema-instance"><con:interface>CountryServiceHTTPBinding</con:interface><con:operation>getNationalities</con:operation><con:request name="testcase03 - Test Worker2 - Request" id="32058c27-ad58-4b0f-b278-df72ae8a6bcf" outgoingWss="Outflow TEST"><con:settings/><con:encoding>UTF-8</con:encoding><con:endpoint>https://192.168.24.51:8443/services/CountryService_v1.0</con:endpoint><con:request><![CDATA[<soapenv:Envelope xmlns:soapenv="http://schemas.xmlsoap.org/soap/envelope/" xmlns:v1="http://fidus.brussels/service/countryservice/messages/v1" xmlns:v11="http://fidus.brussels/type/common/messages/v1">
   <soapenv:Header/>
   <soapenv:Body>
      <v1:getNationalitiesRequest>
         <v1:messageContext>
            <v11:messageId>${=import static java.util.UUID.randomUUID; uuid = randomUUID() as String}</v11:messageId>
            <!--Optional:-->
            <v11:timestamp>${=new java.text.SimpleDateFormat("yyyy-MM-dd'T'HH:mm:ss.SSS").format(new Date())}</v11:timestamp>
         </v1:messageContext>
         <v1:legalContext>ServiceIntegrator</v1:legalContext>
         <v1:request>
            <!--Optional:-->
            <v1:referenceDate>2016-10-13</v1:referenceDate>
         </v1:request>
      </v1:getNationalitiesRequest>
   </soapenv:Body>
</soapenv:Envelope>]]></con:request><con:assertion type="SOAP Fault Assertion" id="d666754d-c569-41d1-ad33-3147d6ba1462" name="Not SOAP Fault"/><con:assertion type="SOAP Response" id="48418c6d-c1fd-46ba-8916-a155330e2659" name="SOAP Response"/><con:assertion type="Schema Compliance" id="62478e52-732e-46ea-b561-eb16ab19883a" name="Schema Compliance"><con:configuration/></con:assertion><con:wsaConfig action="http://fidus.brussels/services/countryservice/getNationalities"/></con:request></con:config></con:testStep><con:properties/></con:testCase><con:testCase id="d6670f98-284b-4d4c-84e8-e999dcc50ef7" failOnError="true" failTestCaseOnErrors="true" keepSession="false" maxResults="0" name="getNationality" searchProperties="true"><con:settings/><con:testStep type="request" id="4c998ebc-815d-4767-991a-74f86cf72946" name="testcase03 - Test Worker1 - Request-Nis_num3_103"><con:settings/><con:config xsi:type="con:RequestStep" xmlns:xsi="http://www.w3.org/2001/XMLSchema-instance"><con:interface>CountryServiceHTTPBinding</con:interface><con:operation>getNationality</con:operation><con:request name="testcase03 - Test Worker1 - Request-Nis_num3_103" id="ab2ba821-6c24-47e2-8c34-c206cfe9c161" outgoingWss="Outflow TEST"><con:settings/><con:encoding>UTF-8</con:encoding><con:endpoint>https://192.168.24.45:8443/services/CountryService_v1.0</con:endpoint><con:request><![CDATA[<soapenv:Envelope xmlns:soapenv="http://schemas.xmlsoap.org/soap/envelope/" xmlns:v1="http://fidus.brussels/service/countryservice/messages/v1" xmlns:v11="http://fidus.brussels/type/common/messages/v1" xmlns:v12="http://fsb.belgium.be/mappingServices/countryService/messages/v1_00">
   <soapenv:Header/>
   <soapenv:Body>
      <v1:getNationalityRequest>
         <v1:messageContext>
         	  <v11:messageId>${=import static java.util.UUID.randomUUID; uuid = randomUUID() as String}</v11:messageId>
            <v11:timestamp>${=new java.text.SimpleDateFormat("yyyy-MM-dd'T'HH:mm:ss.SSS").format(new Date())}</v11:timestamp>
         </v1:messageContext>
         <v1:legalContext>ServiceIntegrator</v1:legalContext>
         <v1:request>
            <!--You have a CHOICE of the next 4 items at this level-->
            <v12:iso-alpha2>BE</v12:iso-alpha2>           
         </v1:request>
      </v1:getNationalityRequest>
   </soapenv:Body>
</soapenv:Envelope>
]]></con:request><con:assertion type="SOAP Fault Assertion" id="4e988641-a447-46f0-83b4-a7c6bf3d2afd" name="Not SOAP Fault"/><con:assertion type="SOAP Response" id="375fe388-c59b-4b74-bfde-57e4e9b714b3" name="SOAP Response"/><con:assertion type="Schema Compliance" id="1241f6fa-fd34-4cbe-aaea-5ee2ca92d57f" name="Schema Compliance"><con:configuration/></con:assertion><con:wsaConfig action="http://fidus.brussels/services/countryservice/getNationality"/></con:request></con:config></con:testStep><con:testStep type="request" id="2d17def8-337e-4dc3-80b8-86e383c34089" name="testcase03 - Test Worker1 -Request"><con:settings/><con:config xsi:type="con:RequestStep" xmlns:xsi="http://www.w3.org/2001/XMLSchema-instance"><con:interface>CountryServiceHTTPBinding</con:interface><con:operation>getNationality</con:operation><con:request name="testcase03 - Test Worker1 -Request" id="a1f9c72c-644f-4def-927c-6651e56597ca" outgoingWss="Outflow TEST"><con:settings/><con:encoding>UTF-8</con:encoding><con:endpoint>https://192.168.24.45:8443/services/CountryService_v1.0</con:endpoint><con:request><![CDATA[<soapenv:Envelope xmlns:soapenv="http://schemas.xmlsoap.org/soap/envelope/" xmlns:v1="http://fidus.brussels/service/countryservice/messages/v1" xmlns:v11="http://fidus.brussels/type/common/messages/v1" xmlns:v12="http://fsb.belgium.be/mappingServices/countryService/messages/v1_00">
   <soapenv:Header/>
   <soapenv:Body>
      <v1:getNationalityRequest>
         <v1:messageContext>
         	  <v11:messageId>${=import static java.util.UUID.randomUUID; uuid = randomUUID() as String}</v11:messageId>
            <v11:timestamp>${=new java.text.SimpleDateFormat("yyyy-MM-dd'T'HH:mm:ss.SSS").format(new Date())}</v11:timestamp>
         </v1:messageContext>
         <v1:legalContext>ServiceIntegrator</v1:legalContext>
         <v1:request>
            <!--You have a CHOICE of the next 4 items at this level-->
            <v12:iso-alpha2>BE</v12:iso-alpha2>          
         </v1:request>
      </v1:getNationalityRequest>
   </soapenv:Body>
</soapenv:Envelope>]]></con:request><con:assertion type="SOAP Fault Assertion" id="c2fe957c-c9d4-43a1-b879-e27a0483d4ea" name="Not SOAP Fault"/><con:assertion type="SOAP Response" id="0bf4031a-8946-4e45-9ccb-25cf38eb7497" name="SOAP Response"/><con:assertion type="Schema Compliance" id="e30b8cd3-5680-4600-99ab-ce34a9853242" name="Schema Compliance"><con:configuration/></con:assertion><con:wsaConfig action="http://fidus.brussels/services/countryservice/getNationality"/></con:request></con:config></con:testStep><con:testStep type="request" id="cf8857d7-9c6c-49b7-90d3-effb8bac0f52" name="testcase03 - Test Worker2 -Request"><con:settings/><con:config xsi:type="con:RequestStep" xmlns:xsi="http://www.w3.org/2001/XMLSchema-instance"><con:interface>CountryServiceHTTPBinding</con:interface><con:operation>getNationality</con:operation><con:request name="testcase03 - Test Worker2 -Request" id="e8fdcf93-6ead-49ad-9c62-8586a9c71a9b" outgoingWss="Outflow TEST"><con:settings/><con:encoding>UTF-8</con:encoding><con:endpoint>https://192.168.24.51:8443/services/CountryService_v1.0</con:endpoint><con:request><![CDATA[<soapenv:Envelope xmlns:soapenv="http://schemas.xmlsoap.org/soap/envelope/" xmlns:v1="http://fidus.brussels/service/countryservice/messages/v1" xmlns:v11="http://fidus.brussels/type/common/messages/v1" xmlns:v12="http://fsb.belgium.be/mappingServices/countryService/messages/v1_00">
   <soapenv:Header/>
   <soapenv:Body>
      <v1:getNationalityRequest>
         <v1:messageContext>
         	  <v11:messageId>${=import static java.util.UUID.randomUUID; uuid = randomUUID() as String}</v11:messageId>
            <v11:timestamp>${=new java.text.SimpleDateFormat("yyyy-MM-dd'T'HH:mm:ss.SSS").format(new Date())}</v11:timestamp>
         </v1:messageContext>
         <v1:legalContext>ServiceIntegrator</v1:legalContext>
         <v1:request>
            <!--You have a CHOICE of the next 4 items at this level-->
            <v12:iso-alpha2>BE</v12:iso-alpha2>          
         </v1:request>
      </v1:getNationalityRequest>
   </soapenv:Body>
</soapenv:Envelope>]]></con:request><con:assertion type="SOAP Fault Assertion" id="618f4eb1-3699-4cae-a437-fc82b4300292" name="Not SOAP Fault"/><con:assertion type="SOAP Response" id="f98f9ff0-e31a-46fd-9c6e-3d8137c57857" name="SOAP Response"/><con:assertion type="Schema Compliance" id="77de703b-aa47-494e-9625-5a5d58d4e8e1" name="Schema Compliance"><con:configuration/></con:assertion><con:wsaConfig action="http://fidus.brussels/services/countryservice/getNationality"/></con:request></con:config></con:testStep><con:testStep type="request" id="ab5d02da-ff6e-42bc-b57e-3a611a33eddc" name="testcase03 - Test External -Request"><con:settings/><con:config xsi:type="con:RequestStep" xmlns:xsi="http://www.w3.org/2001/XMLSchema-instance"><con:interface>CountryServiceHTTPBinding</con:interface><con:operation>getNationality</con:operation><con:request name="testcase03 - Test External -Request" id="75acb5a3-806f-46de-8e52-04b960cc125b" outgoingWss="Outflow TEST"><con:settings/><con:encoding>UTF-8</con:encoding><con:endpoint>https://fidus-test.irisnetlab.be/services/CountryService_v1.0</con:endpoint><con:request><![CDATA[<soapenv:Envelope xmlns:soapenv="http://schemas.xmlsoap.org/soap/envelope/" xmlns:v1="http://fidus.brussels/service/countryservice/messages/v1" xmlns:v11="http://fidus.brussels/type/common/messages/v1" xmlns:v12="http://fsb.belgium.be/mappingServices/countryService/messages/v1_00">
   <soapenv:Header/>
   <soapenv:Body>
      <v1:getNationalityRequest>
         <v1:messageContext>
         	  <v11:messageId>${=import static java.util.UUID.randomUUID; uuid = randomUUID() as String}</v11:messageId>
            <v11:timestamp>${=new java.text.SimpleDateFormat("yyyy-MM-dd'T'HH:mm:ss.SSS").format(new Date())}</v11:timestamp>
         </v1:messageContext>
         <v1:legalContext>ServiceIntegrator</v1:legalContext>
         <v1:request>
            <!--You have a CHOICE of the next 4 items at this level-->
            <v12:iso-alpha2>BE</v12:iso-alpha2>          
         </v1:request>
      </v1:getNationalityRequest>
   </soapenv:Body>
</soapenv:Envelope>]]></con:request><con:assertion type="SOAP Fault Assertion" id="1451ca1e-e760-4f5b-9d30-a0b57eeb016b" name="Not SOAP Fault"/><con:assertion type="SOAP Response" id="338a5119-8b33-41df-8426-1e649102f21f" name="SOAP Response"/><con:assertion type="Schema Compliance" id="70bcc82e-444f-4e73-ba6b-6d2da90ca76e" name="Schema Compliance"><con:configuration/></con:assertion><con:wsaConfig action="http://fidus.brussels/services/countryservice/getNationality"/></con:request></con:config></con:testStep><con:testStep type="request" id="94a60670-6226-491d-90b7-71fe2568cdd6" name="testcase03 - Test LB -Request"><con:settings/><con:config xsi:type="con:RequestStep" xmlns:xsi="http://www.w3.org/2001/XMLSchema-instance"><con:interface>CountryServiceHTTPBinding</con:interface><con:operation>getNationality</con:operation><con:request name="testcase03 - Test LB -Request" id="a7539bf9-1808-483a-9fd6-0814ee8b848b" outgoingWss="Outflow TEST"><con:settings/><con:encoding>UTF-8</con:encoding><con:endpoint>https://esb-security-gw.sta.srv.cirb.lan:8443/services/CountryService_v1.0</con:endpoint><con:request><![CDATA[<soapenv:Envelope xmlns:soapenv="http://schemas.xmlsoap.org/soap/envelope/" xmlns:v1="http://fidus.brussels/service/countryservice/messages/v1" xmlns:v11="http://fidus.brussels/type/common/messages/v1" xmlns:v12="http://fsb.belgium.be/mappingServices/countryService/messages/v1_00">
   <soapenv:Header/>
   <soapenv:Body>
      <v1:getNationalityRequest>
         <v1:messageContext>
         	  <v11:messageId>${=import static java.util.UUID.randomUUID; uuid = randomUUID() as String}</v11:messageId>
            <v11:timestamp>${=new java.text.SimpleDateFormat("yyyy-MM-dd'T'HH:mm:ss.SSS").format(new Date())}</v11:timestamp>
         </v1:messageContext>
         <v1:legalContext>ServiceIntegrator</v1:legalContext>
         <v1:request>
            <!--You have a CHOICE of the next 4 items at this level-->
            <v12:iso-alpha2>BE</v12:iso-alpha2>          
         </v1:request>
      </v1:getNationalityRequest>
   </soapenv:Body>
</soapenv:Envelope>]]></con:request><con:assertion type="SOAP Fault Assertion" id="785c9f0c-881e-4cc7-bc41-f3d87a0e4eea" name="Not SOAP Fault"/><con:assertion type="SOAP Response" id="42cd1863-3cfb-4863-8b98-c1cbeede0554" name="SOAP Response"/><con:assertion type="Schema Compliance" id="f6f3a0c2-ae7c-4aed-ae6f-01934739db8f" name="Schema Compliance"><con:configuration/></con:assertion><con:wsaConfig action="http://fidus.brussels/services/countryservice/getNationality"/></con:request></con:config></con:testStep><con:properties/></con:testCase><con:testCase id="548047b4-d5e8-4d45-b569-f0fa8b1dba7c" failOnError="true" failTestCaseOnErrors="true" keepSession="false" maxResults="0" name="getNationalityHistory" searchProperties="true"><con:settings/><con:testStep type="request" id="867f40b9-ad4f-452b-bc6b-fe3c97ed6c25" name="testcase03 - Test External - Request"><con:settings/><con:config xsi:type="con:RequestStep" xmlns:xsi="http://www.w3.org/2001/XMLSchema-instance"><con:interface>CountryServiceHTTPBinding</con:interface><con:operation>getNationalityHistory</con:operation><con:request name="testcase03 - Test External - Request" id="5b3c79a7-a1bd-4e68-b956-b426727322b1" outgoingWss="Outflow TEST"><con:settings/><con:encoding>UTF-8</con:encoding><con:endpoint>https://fidus-test.irisnetlab.be/services/CountryService_v1.0</con:endpoint><con:request><![CDATA[<soapenv:Envelope xmlns:soapenv="http://schemas.xmlsoap.org/soap/envelope/" xmlns:v1="http://fidus.brussels/service/countryservice/messages/v1" xmlns:v11="http://fidus.brussels/type/common/messages/v1" xmlns:v12="http://fsb.belgium.be/mappingServices/countryService/messages/v1_00">
   <soapenv:Header/>
   <soapenv:Body>
      <v1:getNationalityHistoryRequest>
         <v1:messageContext>
            <v11:messageId>${=import static java.util.UUID.randomUUID; uuid = randomUUID() as String}</v11:messageId>
            <!--Optional:-->
            <v11:timestamp>${=new java.text.SimpleDateFormat("yyyy-MM-dd'T'HH:mm:ss.SSS").format(new Date())}</v11:timestamp>
         </v1:messageContext>
         <v1:legalContext>ServiceIntegrator</v1:legalContext>
         <v1:request>
            <v12:iso-alpha3>FRA</v12:iso-alpha3>
            <!--Optional:-->
            <v12:referenceDate>2016-10-16</v12:referenceDate>
         </v1:request>
      </v1:getNationalityHistoryRequest>
   </soapenv:Body>
</soapenv:Envelope>]]></con:request><con:assertion type="SOAP Fault Assertion" id="5dc3311f-7658-4b5e-9080-fff32303b18d" name="Not SOAP Fault"/><con:assertion type="SOAP Response" id="c1e46241-2945-4d96-8043-51fd3604f9dd" name="SOAP Response"/><con:assertion type="Schema Compliance" id="185ab5eb-fb00-46e2-b38a-e1f1c74567cf" name="Schema Compliance"><con:configuration/></con:assertion><con:wsaConfig action="http://fidus.brussels/services/countryservice/getNationalityHistory"/></con:request></con:config></con:testStep><con:testStep type="request" id="0b9aacc3-efad-476e-8e3b-802a48da3796" name="testcase03 - Test LB - Request"><con:settings/><con:config xsi:type="con:RequestStep" xmlns:xsi="http://www.w3.org/2001/XMLSchema-instance"><con:interface>CountryServiceHTTPBinding</con:interface><con:operation>getNationalityHistory</con:operation><con:request name="testcase03 - Test LB - Request" id="bb23bac5-0747-40d2-9ba0-8f201d30a540" outgoingWss="Outflow TEST"><con:settings/><con:encoding>UTF-8</con:encoding><con:endpoint>https://esb-security-gw.sta.srv.cirb.lan:8443/services/CountryService_v1.0</con:endpoint><con:request><![CDATA[<soapenv:Envelope xmlns:soapenv="http://schemas.xmlsoap.org/soap/envelope/" xmlns:v1="http://fidus.brussels/service/countryservice/messages/v1" xmlns:v11="http://fidus.brussels/type/common/messages/v1" xmlns:v12="http://fsb.belgium.be/mappingServices/countryService/messages/v1_00">
   <soapenv:Header/>
   <soapenv:Body>
      <v1:getNationalityHistoryRequest>
         <v1:messageContext>
            <v11:messageId>${=import static java.util.UUID.randomUUID; uuid = randomUUID() as String}</v11:messageId>
            <!--Optional:-->
            <v11:timestamp>${=new java.text.SimpleDateFormat("yyyy-MM-dd'T'HH:mm:ss.SSS").format(new Date())}</v11:timestamp>
         </v1:messageContext>
         <v1:legalContext>ServiceIntegrator</v1:legalContext>
         <v1:request>
            <v12:iso-alpha3>NLD</v12:iso-alpha3>
            <!--Optional:-->
            <v12:referenceDate>2016-10-16</v12:referenceDate>
         </v1:request>
      </v1:getNationalityHistoryRequest>
   </soapenv:Body>
</soapenv:Envelope>]]></con:request><con:assertion type="SOAP Fault Assertion" id="bbe99579-d13c-42a2-966b-fb4f959b476f" name="Not SOAP Fault"/><con:assertion type="SOAP Response" id="c7f87f2e-08fc-4fa3-981f-f33b8d4bd74a" name="SOAP Response"/><con:assertion type="Schema Compliance" id="00cd5657-d8dc-4a0c-9341-f9497a25e71f" name="Schema Compliance"><con:configuration/></con:assertion><con:wsaConfig action="http://fidus.brussels/services/countryservice/getNationalityHistory"/></con:request></con:config></con:testStep><con:testStep type="request" id="a21fac80-c4c5-497c-b07e-eac6a9da4640" name="testcase03 - Test Worker1 - Request"><con:settings/><con:config xsi:type="con:RequestStep" xmlns:xsi="http://www.w3.org/2001/XMLSchema-instance"><con:interface>CountryServiceHTTPBinding</con:interface><con:operation>getNationalityHistory</con:operation><con:request name="testcase03 - Test Worker1 - Request" id="8b7f961c-08ac-4f3d-bc7f-86aebe058216" outgoingWss="Outflow TEST"><con:settings/><con:encoding>UTF-8</con:encoding><con:endpoint>https://192.168.24.45:8443/services/CountryService_v1.0</con:endpoint><con:request><![CDATA[<soapenv:Envelope xmlns:soapenv="http://schemas.xmlsoap.org/soap/envelope/" xmlns:v1="http://fidus.brussels/service/countryservice/messages/v1" xmlns:v11="http://fidus.brussels/type/common/messages/v1" xmlns:v12="http://fsb.belgium.be/mappingServices/countryService/messages/v1_00">
   <soapenv:Header/>
   <soapenv:Body>
      <v1:getNationalityHistoryRequest>
         <v1:messageContext>
            <v11:messageId>${=import static java.util.UUID.randomUUID; uuid = randomUUID() as String}</v11:messageId>
            <!--Optional:-->
            <v11:timestamp>${=new java.text.SimpleDateFormat("yyyy-MM-dd'T'HH:mm:ss.SSS").format(new Date())}</v11:timestamp>
         </v1:messageContext>
         <v1:legalContext>ServiceIntegrator</v1:legalContext>
         <v1:request>
            <v12:iso-alpha3>AUS</v12:iso-alpha3>
            <!--Optional:-->
            <!--<v12:referenceDate>2016-10-16</v12:referenceDate>-->
         </v1:request>
      </v1:getNationalityHistoryRequest>
   </soapenv:Body>
</soapenv:Envelope>]]></con:request><con:assertion type="SOAP Fault Assertion" id="c454b581-af57-4926-8dd4-f9c89e528b65" name="Not SOAP Fault"/><con:assertion type="SOAP Response" id="a720eaf7-0b82-4adf-b0bb-e5a2ebc0326c" name="SOAP Response"/><con:assertion type="Schema Compliance" id="e07967d4-7762-4afa-98b6-07dc612f5d93" name="Schema Compliance"><con:configuration/></con:assertion><con:wsaConfig action="http://fidus.brussels/services/countryservice/getNationalityHistory"/></con:request></con:config></con:testStep><con:testStep type="request" id="3f328255-f584-4bfe-a6a6-9a19a41932b5" name="testcase03 - Test Worker2 - Request"><con:settings/><con:config xsi:type="con:RequestStep" xmlns:xsi="http://www.w3.org/2001/XMLSchema-instance"><con:interface>CountryServiceHTTPBinding</con:interface><con:operation>getNationalityHistory</con:operation><con:request name="testcase03 - Test Worker2 - Request" id="bd3e4447-5931-46f9-8828-16b9d374448b" outgoingWss="Outflow TEST"><con:settings/><con:encoding>UTF-8</con:encoding><con:endpoint>https://192.168.24.51:8443/services/CountryService_v1.0</con:endpoint><con:request><![CDATA[<soapenv:Envelope xmlns:soapenv="http://schemas.xmlsoap.org/soap/envelope/" xmlns:v1="http://fidus.brussels/service/countryservice/messages/v1" xmlns:v11="http://fidus.brussels/type/common/messages/v1" xmlns:v12="http://fsb.belgium.be/mappingServices/countryService/messages/v1_00">
   <soapenv:Header/>
   <soapenv:Body>
      <v1:getNationalityHistoryRequest>
         <v1:messageContext>
            <v11:messageId>${=import static java.util.UUID.randomUUID; uuid = randomUUID() as String}</v11:messageId>
            <!--Optional:-->
            <v11:timestamp>${=new java.text.SimpleDateFormat("yyyy-MM-dd'T'HH:mm:ss.SSS").format(new Date())}</v11:timestamp>
         </v1:messageContext>
         <v1:legalContext>ServiceIntegrator</v1:legalContext>
         <v1:request>
            <v12:iso-alpha3>BRA</v12:iso-alpha3>
            <!--Optional:-->
            <v12:referenceDate>2000-01-01</v12:referenceDate>
         </v1:request>
      </v1:getNationalityHistoryRequest>
   </soapenv:Body>
</soapenv:Envelope>]]></con:request><con:assertion type="SOAP Fault Assertion" id="781207d5-090f-4b1d-afc9-28bdf8878504" name="Not SOAP Fault"/><con:assertion type="SOAP Response" id="8009a5f5-4184-47da-a00a-d8565546edb9" name="SOAP Response"/><con:assertion type="Schema Compliance" id="cc04485c-7b86-4582-8baf-9c720596f20a" name="Schema Compliance"><con:configuration/></con:assertion><con:wsaConfig action="http://fidus.brussels/services/countryservice/getNationalityHistory"/></con:request></con:config></con:testStep><con:properties/></con:testCase><con:testCase id="7cd467fa-e3ca-4fa4-9f93-4884c76532a7" failOnError="true" failTestCaseOnErrors="true" keepSession="false" maxResults="0" name="getPlaceCountries" searchProperties="true"><con:settings/><con:testStep type="request" id="8f3f694e-2d32-4497-98fd-e9be15207894" name="testcase03 - Test External - Request"><con:settings/><con:config xsi:type="con:RequestStep" xmlns:xsi="http://www.w3.org/2001/XMLSchema-instance"><con:interface>CountryServiceHTTPBinding</con:interface><con:operation>getPlaceCountries</con:operation><con:request name="testcase03 - Test External - Request" id="11b4f782-63e1-42e6-abd7-bda0996c00e6" outgoingWss="Outflow TEST"><con:settings/><con:encoding>UTF-8</con:encoding><con:endpoint>https://fidus-test.irisnetlab.be/services/CountryService_v1.0</con:endpoint><con:request><![CDATA[<soapenv:Envelope xmlns:soapenv="http://schemas.xmlsoap.org/soap/envelope/" xmlns:v1="http://fidus.brussels/service/countryservice/messages/v1" xmlns:v11="http://fidus.brussels/type/common/messages/v1">
   <soapenv:Header/>
   <soapenv:Body>
      <v1:getPlaceCountriesRequest>
         <v1:messageContext>
            <v11:messageId>${=import static java.util.UUID.randomUUID; uuid = randomUUID() as String}</v11:messageId>
            <!--Optional:-->
            <v11:timestamp>${=new java.text.SimpleDateFormat("yyyy-MM-dd'T'HH:mm:ss.SSS").format(new Date())}</v11:timestamp>
         </v1:messageContext>
         <v1:legalContext>ServiceIntegrator</v1:legalContext>
         <v1:request>
            <!--Optional:-->
            <v1:referenceDate>2016-10-14</v1:referenceDate>
         </v1:request>
      </v1:getPlaceCountriesRequest>
   </soapenv:Body>
</soapenv:Envelope>]]></con:request><con:assertion type="SOAP Fault Assertion" id="5bb3ac58-9826-4ee5-b03d-68ab8b01b22d" name="Not SOAP Fault"/><con:assertion type="SOAP Response" id="6cdd070b-1ffd-4717-a27e-83d8d2cc9ba1" name="SOAP Response"/><con:assertion type="Schema Compliance" id="684b9580-d4c9-40ef-adf5-15166838e09a" name="Schema Compliance"><con:configuration/></con:assertion><con:wsaConfig action="http://fidus.brussels/services/countryservice/getPlaceCountries"/></con:request></con:config></con:testStep><con:testStep type="request" id="72c7dc46-2b35-482b-a764-2de169caafe0" name="testcase03 - Test LB - Request"><con:settings/><con:config xsi:type="con:RequestStep" xmlns:xsi="http://www.w3.org/2001/XMLSchema-instance"><con:interface>CountryServiceHTTPBinding</con:interface><con:operation>getPlaceCountries</con:operation><con:request name="testcase03 - Test LB - Request" id="259e4f56-1eea-4c81-bea1-f148dfb77b48" outgoingWss="Outflow TEST"><con:settings/><con:encoding>UTF-8</con:encoding><con:endpoint>https://esb-security-gw.sta.srv.cirb.lan:8443/services/CountryService_v1.0</con:endpoint><con:request><![CDATA[<soapenv:Envelope xmlns:soapenv="http://schemas.xmlsoap.org/soap/envelope/" xmlns:v1="http://fidus.brussels/service/countryservice/messages/v1" xmlns:v11="http://fidus.brussels/type/common/messages/v1">
   <soapenv:Header/>
   <soapenv:Body>
      <v1:getPlaceCountriesRequest>
         <v1:messageContext>
            <v11:messageId>${=import static java.util.UUID.randomUUID; uuid = randomUUID() as String}</v11:messageId>
            <!--Optional:-->
            <v11:timestamp>${=new java.text.SimpleDateFormat("yyyy-MM-dd'T'HH:mm:ss.SSS").format(new Date())}</v11:timestamp>
         </v1:messageContext>
         <v1:legalContext>ServiceIntegrator</v1:legalContext>
         <v1:request>
            <!--Optional:-->
            <v1:referenceDate>2016-10-14</v1:referenceDate>
         </v1:request>
      </v1:getPlaceCountriesRequest>
   </soapenv:Body>
</soapenv:Envelope>]]></con:request><con:assertion type="SOAP Fault Assertion" id="c2b8eeb1-67de-499e-9616-daad662056df" name="Not SOAP Fault"/><con:assertion type="SOAP Response" id="a485e90c-bac4-4391-baff-470d1573029e" name="SOAP Response"/><con:assertion type="Schema Compliance" id="b2565067-ff4d-4c79-a378-75da8524becb" name="Schema Compliance"><con:configuration/></con:assertion><con:wsaConfig action="http://fidus.brussels/services/countryservice/getPlaceCountries"/></con:request></con:config></con:testStep><con:testStep type="request" id="798d5481-51ce-46bb-b5bd-9925c4716bda" name="testcase03 - Test Worker1 - Request"><con:settings/><con:config xsi:type="con:RequestStep" xmlns:xsi="http://www.w3.org/2001/XMLSchema-instance"><con:interface>CountryServiceHTTPBinding</con:interface><con:operation>getPlaceCountries</con:operation><con:request name="testcase03 - Test Worker1 - Request" id="5d0d2997-df48-415d-b37d-41bc8bff2433" outgoingWss="Outflow TEST"><con:settings/><con:encoding>UTF-8</con:encoding><con:endpoint>https://192.168.24.45:8443/services/CountryService_v1.0</con:endpoint><con:request><![CDATA[<soapenv:Envelope xmlns:soapenv="http://schemas.xmlsoap.org/soap/envelope/" xmlns:v1="http://fidus.brussels/service/countryservice/messages/v1" xmlns:v11="http://fidus.brussels/type/common/messages/v1">
   <soapenv:Header/>
   <soapenv:Body>
      <v1:getPlaceCountriesRequest>
         <v1:messageContext>
            <v11:messageId>${=import static java.util.UUID.randomUUID; uuid = randomUUID() as String}</v11:messageId>
            <!--Optional:-->
            <v11:timestamp>${=new java.text.SimpleDateFormat("yyyy-MM-dd'T'HH:mm:ss.SSS").format(new Date())}</v11:timestamp>
         </v1:messageContext>
         <v1:legalContext>ServiceIntegrator</v1:legalContext>
         <v1:request>
            <!--Optional:-->
            <v1:referenceDate>2016-10-14</v1:referenceDate>
         </v1:request>
      </v1:getPlaceCountriesRequest>
   </soapenv:Body>
</soapenv:Envelope>]]></con:request><con:assertion type="SOAP Fault Assertion" id="fc070f28-2107-49e5-b6ab-f0cd247acfc6" name="Not SOAP Fault"/><con:assertion type="SOAP Response" id="b2e3d0c9-2470-4e03-ad03-6a4ef751ce24" name="SOAP Response"/><con:assertion type="Schema Compliance" id="83eed45c-7b9a-4bfc-ab12-3f44685582e8" name="Schema Compliance"><con:configuration/></con:assertion><con:wsaConfig action="http://fidus.brussels/services/countryservice/getPlaceCountries"/></con:request></con:config></con:testStep><con:testStep type="request" id="faa450cd-a400-4911-ab3c-61d300b1e8f1" name="testcase03 - Test Worker2 - Request"><con:settings/><con:config xsi:type="con:RequestStep" xmlns:xsi="http://www.w3.org/2001/XMLSchema-instance"><con:interface>CountryServiceHTTPBinding</con:interface><con:operation>getPlaceCountries</con:operation><con:request name="testcase03 - Test Worker2 - Request" id="7e2729e1-a433-443e-9ba4-75cd80f8755d" outgoingWss="Outflow TEST"><con:settings/><con:encoding>UTF-8</con:encoding><con:endpoint>https://192.168.24.51:8443/services/CountryService_v1.0</con:endpoint><con:request><![CDATA[<soapenv:Envelope xmlns:soapenv="http://schemas.xmlsoap.org/soap/envelope/" xmlns:v1="http://fidus.brussels/service/countryservice/messages/v1" xmlns:v11="http://fidus.brussels/type/common/messages/v1">
   <soapenv:Header/>
   <soapenv:Body>
      <v1:getPlaceCountriesRequest>
         <v1:messageContext>
            <v11:messageId>${=import static java.util.UUID.randomUUID; uuid = randomUUID() as String}</v11:messageId>
            <!--Optional:-->
            <v11:timestamp>${=new java.text.SimpleDateFormat("yyyy-MM-dd'T'HH:mm:ss.SSS").format(new Date())}</v11:timestamp>
         </v1:messageContext>
         <v1:legalContext>ServiceIntegrator</v1:legalContext>
         <v1:request>
            <!--Optional:-->
            <v1:referenceDate>2016-10-14</v1:referenceDate>
         </v1:request>
      </v1:getPlaceCountriesRequest>
   </soapenv:Body>
</soapenv:Envelope>]]></con:request><con:assertion type="SOAP Fault Assertion" id="a784f7ab-5514-444d-8c08-b1afffe5e78c" name="Not SOAP Fault"/><con:assertion type="SOAP Response" id="aff48aee-28f2-48b0-964e-f15ad2a01b06" name="SOAP Response"/><con:assertion type="Schema Compliance" id="796837aa-26f5-4d26-85d2-06b0b0fbcca8" name="Schema Compliance"><con:configuration/></con:assertion><con:wsaConfig action="http://fidus.brussels/services/countryservice/getPlaceCountries"/></con:request></con:config></con:testStep><con:properties/></con:testCase><con:testCase id="82869c6f-a2a4-4b11-853f-95b3779b442e" failOnError="true" failTestCaseOnErrors="true" keepSession="false" maxResults="0" name="getPlaceCountry" searchProperties="true"><con:settings/><con:testStep type="request" id="c3a1f574-ded2-4355-a447-a69a785d198b" name="testcase03 - Test External - Request"><con:settings/><con:config xsi:type="con:RequestStep" xmlns:xsi="http://www.w3.org/2001/XMLSchema-instance"><con:interface>CountryServiceHTTPBinding</con:interface><con:operation>getPlaceCountry</con:operation><con:request name="testcase03 - Test External - Request" id="50406d35-edd3-4f09-8493-88482f9c92ae" outgoingWss="Outflow TEST"><con:settings/><con:encoding>UTF-8</con:encoding><con:endpoint>https://fidus-test.irisnetlab.be/services/CountryService_v1.0</con:endpoint><con:request><![CDATA[<soapenv:Envelope xmlns:soapenv="http://schemas.xmlsoap.org/soap/envelope/" xmlns:v1="http://fidus.brussels/service/countryservice/messages/v1" xmlns:v11="http://fidus.brussels/type/common/messages/v1" xmlns:v12="http://fsb.belgium.be/mappingServices/countryService/messages/v1_00">
   <soapenv:Header/>
   <soapenv:Body>
      <v1:getPlaceCountryRequest>
         <v1:messageContext>
            <v11:messageId>${=import static java.util.UUID.randomUUID; uuid = randomUUID() as String}</v11:messageId>
            <!--Optional:-->
            <v11:timestamp>${=new java.text.SimpleDateFormat("yyyy-MM-dd'T'HH:mm:ss.SSS").format(new Date())}</v11:timestamp>
         </v1:messageContext>
         <v1:legalContext>ServiceIntegrator</v1:legalContext>
         <v1:request>
            <!--You have a CHOICE of the next 4 items at this level-->
            <!--
            <v12:iso-alpha2 startDate="?" endDate="?" status="?">?</v12:iso-alpha2>
            <v12:iso-alpha3 startDate="?" endDate="?" status="?">?</v12:iso-alpha3>
            <v12:iso-num3 startDate="?" endDate="?" status="?">?</v12:iso-num3>
            <v12:nis-num3 startDate="?" endDate="?" status="?">?</v12:nis-num3>
			-->
             <v12:iso-alpha2>NL</v12:iso-alpha2>
             
         </v1:request>
      </v1:getPlaceCountryRequest>
   </soapenv:Body>
</soapenv:Envelope>]]></con:request><con:assertion type="SOAP Fault Assertion" id="15a42076-bfc0-4e88-b0db-61e11b632500" name="Not SOAP Fault"/><con:assertion type="SOAP Response" id="2aa94b84-1132-4cbb-9508-f8159a32bc14" name="SOAP Response"/><con:assertion type="Schema Compliance" id="642fe223-b476-4f8a-aeb4-ad10aac76ffb" name="Schema Compliance"><con:configuration/></con:assertion><con:wsaConfig action="http://fidus.brussels/services/countryservice/getPlaceCountry"/></con:request></con:config></con:testStep><con:testStep type="request" id="1c64dc3e-8eca-47f6-b132-3031abf88c53" name="testcase03 - Test LB - Request"><con:settings/><con:config xsi:type="con:RequestStep" xmlns:xsi="http://www.w3.org/2001/XMLSchema-instance"><con:interface>CountryServiceHTTPBinding</con:interface><con:operation>getPlaceCountry</con:operation><con:request name="testcase03 - Test LB - Request" id="5ea245b8-8379-4f7f-b9f9-aa7e0941f040" outgoingWss="Outflow TEST"><con:settings/><con:encoding>UTF-8</con:encoding><con:endpoint>https://esb-security-gw.sta.srv.cirb.lan:8443/services/CountryService_v1.0</con:endpoint><con:request><![CDATA[<soapenv:Envelope xmlns:soapenv="http://schemas.xmlsoap.org/soap/envelope/" xmlns:v1="http://fidus.brussels/service/countryservice/messages/v1" xmlns:v11="http://fidus.brussels/type/common/messages/v1" xmlns:v12="http://fsb.belgium.be/mappingServices/countryService/messages/v1_00">
   <soapenv:Header/>
   <soapenv:Body>
      <v1:getPlaceCountryRequest>
         <v1:messageContext>
            <v11:messageId>${=import static java.util.UUID.randomUUID; uuid = randomUUID() as String}</v11:messageId>
            <!--Optional:-->
            <v11:timestamp>${=new java.text.SimpleDateFormat("yyyy-MM-dd'T'HH:mm:ss.SSS").format(new Date())}</v11:timestamp>
         </v1:messageContext>
         <v1:legalContext>ServiceIntegrator</v1:legalContext>
         <v1:request>
            <!--You have a CHOICE of the next 4 items at this level-->
            <!--
            <v12:iso-alpha2 startDate="?" endDate="?" status="?">?</v12:iso-alpha2>
            <v12:iso-alpha3 startDate="?" endDate="?" status="?">?</v12:iso-alpha3>
            <v12:iso-num3 startDate="?" endDate="?" status="?">?</v12:iso-num3>
            <v12:nis-num3 startDate="?" endDate="?" status="?">?</v12:nis-num3>
			-->
             <v12:iso-alpha2>NL</v12:iso-alpha2>
             
         </v1:request>
      </v1:getPlaceCountryRequest>
   </soapenv:Body>
</soapenv:Envelope>]]></con:request><con:assertion type="SOAP Fault Assertion" id="c6b1f4a7-dd0f-473c-99df-c0e5dcaafdc4" name="Not SOAP Fault"/><con:assertion type="SOAP Response" id="df1a49ef-5585-44dd-99dd-dea3ee3822d7" name="SOAP Response"/><con:assertion type="Schema Compliance" id="0fb5bfc5-c123-4137-9a09-bc7d957ab02a" name="Schema Compliance"><con:configuration/></con:assertion><con:wsaConfig action="http://fidus.brussels/services/countryservice/getPlaceCountry"/></con:request></con:config></con:testStep><con:testStep type="request" id="dfbee2dd-c368-4a77-b580-f97e6c34c8be" name="testcase03 - Test Worker1 - Request"><con:settings/><con:config xsi:type="con:RequestStep" xmlns:xsi="http://www.w3.org/2001/XMLSchema-instance"><con:interface>CountryServiceHTTPBinding</con:interface><con:operation>getPlaceCountry</con:operation><con:request name="testcase03 - Test Worker1 - Request" id="f5d5147e-a96e-4aca-9450-0d4aeb8e9abd" outgoingWss="Outflow TEST"><con:settings/><con:encoding>UTF-8</con:encoding><con:endpoint>https://192.168.24.45:8443/services/CountryService_v1.0</con:endpoint><con:request><![CDATA[<soapenv:Envelope xmlns:soapenv="http://schemas.xmlsoap.org/soap/envelope/" xmlns:v1="http://fidus.brussels/service/countryservice/messages/v1" xmlns:v11="http://fidus.brussels/type/common/messages/v1" xmlns:v12="http://fsb.belgium.be/mappingServices/countryService/messages/v1_00">
   <soapenv:Header/>
   <soapenv:Body>
      <v1:getPlaceCountryRequest>
         <v1:messageContext>
            <v11:messageId>${=import static java.util.UUID.randomUUID; uuid = randomUUID() as String}</v11:messageId>
            <!--Optional:-->
            <v11:timestamp>${=new java.text.SimpleDateFormat("yyyy-MM-dd'T'HH:mm:ss.SSS").format(new Date())}</v11:timestamp>
         </v1:messageContext>
         <v1:legalContext>ServiceIntegrator</v1:legalContext>
         <v1:request>
            <!--You have a CHOICE of the next 4 items at this level-->
            <!--
            <v12:iso-alpha2 startDate="?" endDate="?" status="?">?</v12:iso-alpha2>
            <v12:iso-alpha3 startDate="?" endDate="?" status="?">?</v12:iso-alpha3>
            <v12:iso-num3 startDate="?" endDate="?" status="?">?</v12:iso-num3>
            <v12:nis-num3 startDate="?" endDate="?" status="?">?</v12:nis-num3>
			-->
             <v12:iso-alpha2>NL</v12:iso-alpha2>
             
         </v1:request>
      </v1:getPlaceCountryRequest>
   </soapenv:Body>
</soapenv:Envelope>]]></con:request><con:assertion type="SOAP Fault Assertion" id="6ea43bfa-ab1a-444f-bf06-633889ff9f97" name="Not SOAP Fault"/><con:assertion type="SOAP Response" id="99e51b2e-cb59-4f63-83d8-8e053c63a500" name="SOAP Response"/><con:assertion type="Schema Compliance" id="9f8ee187-5a94-41c7-bfc7-5e93921e20d5" name="Schema Compliance"><con:configuration/></con:assertion><con:wsaConfig action="http://fidus.brussels/services/countryservice/getPlaceCountry"/></con:request></con:config></con:testStep><con:testStep type="request" id="514b179c-63d6-4afe-8f03-8080bc173cb2" name="testcase03 - Test Worker2 - Request"><con:settings/><con:config xsi:type="con:RequestStep" xmlns:xsi="http://www.w3.org/2001/XMLSchema-instance"><con:interface>CountryServiceHTTPBinding</con:interface><con:operation>getPlaceCountry</con:operation><con:request name="testcase03 - Test Worker2 - Request" id="3929641b-053d-4f2a-b7eb-3e4b67342a6c" outgoingWss="Outflow TEST"><con:settings/><con:encoding>UTF-8</con:encoding><con:endpoint>https://192.168.24.51:8443/services/CountryService_v1.0</con:endpoint><con:request><![CDATA[<soapenv:Envelope xmlns:soapenv="http://schemas.xmlsoap.org/soap/envelope/" xmlns:v1="http://fidus.brussels/service/countryservice/messages/v1" xmlns:v11="http://fidus.brussels/type/common/messages/v1" xmlns:v12="http://fsb.belgium.be/mappingServices/countryService/messages/v1_00">
   <soapenv:Header/>
   <soapenv:Body>
      <v1:getPlaceCountryRequest>
         <v1:messageContext>
            <v11:messageId>${=import static java.util.UUID.randomUUID; uuid = randomUUID() as String}</v11:messageId>
            <!--Optional:-->
            <v11:timestamp>${=new java.text.SimpleDateFormat("yyyy-MM-dd'T'HH:mm:ss.SSS").format(new Date())}</v11:timestamp>
         </v1:messageContext>
         <v1:legalContext>ServiceIntegrator</v1:legalContext>
         <v1:request>
            <!--You have a CHOICE of the next 4 items at this level-->
            <!--
            <v12:iso-alpha2 startDate="?" endDate="?" status="?">?</v12:iso-alpha2>
            <v12:iso-alpha3 startDate="?" endDate="?" status="?">?</v12:iso-alpha3>
            <v12:iso-num3 startDate="?" endDate="?" status="?">?</v12:iso-num3>
            <v12:nis-num3 startDate="?" endDate="?" status="?">?</v12:nis-num3>
			-->
             <v12:iso-alpha2>NL</v12:iso-alpha2>
             
         </v1:request>
      </v1:getPlaceCountryRequest>
   </soapenv:Body>
</soapenv:Envelope>]]></con:request><con:assertion type="SOAP Fault Assertion" id="ba5ac54e-4655-4349-9c3d-caac22e35ce8" name="Not SOAP Fault"/><con:assertion type="SOAP Response" id="9c0e1799-0dae-4c77-b4fc-de5774941d08" name="SOAP Response"/><con:assertion type="Schema Compliance" id="f5b5cd2d-6bd0-4f5d-94a4-b04be4d71e52" name="Schema Compliance"><con:configuration/></con:assertion><con:wsaConfig action="http://fidus.brussels/services/countryservice/getPlaceCountry"/></con:request></con:config></con:testStep><con:properties/></con:testCase><con:testCase id="c145447e-0527-4bf7-87e0-08e476f4c17f" failOnError="true" failTestCaseOnErrors="true" keepSession="false" maxResults="0" name="getPlaceCountryHistory" searchProperties="true"><con:settings/><con:testStep type="request" id="ba771213-0d99-427c-92d5-9a05f8c4f90c" name="testcase03 - Test External - Request"><con:settings/><con:config xsi:type="con:RequestStep" xmlns:xsi="http://www.w3.org/2001/XMLSchema-instance"><con:interface>CountryServiceHTTPBinding</con:interface><con:operation>getPlaceCountryHistory</con:operation><con:request name="testcase03 - Test External - Request" id="1025300a-c9ab-41e6-a69f-4089f06206f2" outgoingWss="Outflow TEST"><con:settings/><con:encoding>UTF-8</con:encoding><con:endpoint>https://fidus-test.irisnetlab.be/services/CountryService_v1.0</con:endpoint><con:request><![CDATA[<soapenv:Envelope xmlns:soapenv="http://schemas.xmlsoap.org/soap/envelope/" xmlns:v1="http://fidus.brussels/service/countryservice/messages/v1" xmlns:v11="http://fidus.brussels/type/common/messages/v1" xmlns:v12="http://fsb.belgium.be/mappingServices/countryService/messages/v1_00">
   <soapenv:Header/>
   <soapenv:Body>
      <v1:getPlaceCountryHistoryRequest>
         <v1:messageContext>
            <v11:messageId>${=import static java.util.UUID.randomUUID; uuid = randomUUID() as String}</v11:messageId>
            <!--Optional:-->
            <v11:timestamp>${=new java.text.SimpleDateFormat("yyyy-MM-dd'T'HH:mm:ss.SSS").format(new Date())}</v11:timestamp>
         </v1:messageContext>
         <v1:legalContext>ServiceIntegrator</v1:legalContext>
         <v1:request>
            <v12:iso-alpha2>NL</v12:iso-alpha2>
         </v1:request>
      </v1:getPlaceCountryHistoryRequest>
   </soapenv:Body>
</soapenv:Envelope>]]></con:request><con:assertion type="SOAP Fault Assertion" id="c4dbda8f-f396-4bb3-99d0-f437769b3555" name="Not SOAP Fault"/><con:assertion type="SOAP Response" id="2fc2865b-cb97-4806-9a4a-3430124a79a5" name="SOAP Response"/><con:assertion type="Schema Compliance" id="8b53fdd9-8874-43bb-8460-db5416c89821" name="Schema Compliance"><con:configuration/></con:assertion><con:wsaConfig action="http://fidus.brussels/services/countryservice/getPlaceCountryHistory"/></con:request></con:config></con:testStep><con:testStep type="request" id="03b89f93-674d-408a-9fe8-0da09329d5fd" name="testcase03 - Test LB - Request"><con:settings/><con:config xsi:type="con:RequestStep" xmlns:xsi="http://www.w3.org/2001/XMLSchema-instance"><con:interface>CountryServiceHTTPBinding</con:interface><con:operation>getPlaceCountryHistory</con:operation><con:request name="testcase03 - Test LB - Request" id="fc1933f6-9d68-4da1-a513-a675dd58ec0f" outgoingWss="Outflow TEST"><con:settings/><con:encoding>UTF-8</con:encoding><con:endpoint>https://esb-security-gw.sta.srv.cirb.lan:8443/services/CountryService_v1.0</con:endpoint><con:request><![CDATA[<soapenv:Envelope xmlns:soapenv="http://schemas.xmlsoap.org/soap/envelope/" xmlns:v1="http://fidus.brussels/service/countryservice/messages/v1" xmlns:v11="http://fidus.brussels/type/common/messages/v1" xmlns:v12="http://fsb.belgium.be/mappingServices/countryService/messages/v1_00">
   <soapenv:Header/>
   <soapenv:Body>
      <v1:getPlaceCountryHistoryRequest>
         <v1:messageContext>
            <v11:messageId>${=import static java.util.UUID.randomUUID; uuid = randomUUID() as String}</v11:messageId>
            <!--Optional:-->
            <v11:timestamp>${=new java.text.SimpleDateFormat("yyyy-MM-dd'T'HH:mm:ss.SSS").format(new Date())}</v11:timestamp>
         </v1:messageContext>
         <v1:legalContext>ServiceIntegrator</v1:legalContext>
         <v1:request>
            <v12:iso-alpha2>BR</v12:iso-alpha2>
            <!--Optional:-->
            <!--<v12:referenceDate>2016-10-10</v12:referenceDate>-->
         </v1:request>
      </v1:getPlaceCountryHistoryRequest>
   </soapenv:Body>
</soapenv:Envelope>]]></con:request><con:assertion type="SOAP Fault Assertion" id="ab2f9cd3-aacc-449a-9f2a-739d0dcb8913" name="Not SOAP Fault"/><con:assertion type="SOAP Response" id="3b3d5f3f-7faa-4ad3-b10a-aeabb98045fe" name="SOAP Response"/><con:assertion type="Schema Compliance" id="46af5d56-31ee-4d07-a0d4-04cc703ea1d4" name="Schema Compliance"><con:configuration/></con:assertion><con:wsaConfig action="http://fidus.brussels/services/countryservice/getPlaceCountryHistory"/></con:request></con:config></con:testStep><con:testStep type="request" id="178014bd-586b-4baf-aebd-dc2b0f4fc6e2" name="testcase03 - Test Worker1 - Request"><con:settings/><con:config xsi:type="con:RequestStep" xmlns:xsi="http://www.w3.org/2001/XMLSchema-instance"><con:interface>CountryServiceHTTPBinding</con:interface><con:operation>getPlaceCountryHistory</con:operation><con:request name="testcase03 - Test Worker1 - Request" id="9615bb83-20e4-4178-abb9-8bee034d4e95" outgoingWss="Outflow TEST"><con:settings/><con:encoding>UTF-8</con:encoding><con:endpoint>https://192.168.24.45:8443/services/CountryService_v1.0</con:endpoint><con:request><![CDATA[<soapenv:Envelope xmlns:soapenv="http://schemas.xmlsoap.org/soap/envelope/" xmlns:v1="http://fidus.brussels/service/countryservice/messages/v1" xmlns:v11="http://fidus.brussels/type/common/messages/v1" xmlns:v12="http://fsb.belgium.be/mappingServices/countryService/messages/v1_00">
   <soapenv:Header/>
   <soapenv:Body>
      <v1:getPlaceCountryHistoryRequest>
         <v1:messageContext>
            <v11:messageId>${=import static java.util.UUID.randomUUID; uuid = randomUUID() as String}</v11:messageId>
            <!--Optional:-->
            <v11:timestamp>${=new java.text.SimpleDateFormat("yyyy-MM-dd'T'HH:mm:ss.SSS").format(new Date())}</v11:timestamp>
         </v1:messageContext>
         <v1:legalContext>ServiceIntegrator</v1:legalContext>
         <v1:request>
            <v12:iso-alpha2>PL</v12:iso-alpha2>
            <!--Optional:-->
            
         </v1:request>
      </v1:getPlaceCountryHistoryRequest>
   </soapenv:Body>
</soapenv:Envelope>]]></con:request><con:assertion type="SOAP Fault Assertion" id="ac500478-12da-467b-9bba-161adb8b4637" name="Not SOAP Fault"/><con:assertion type="SOAP Response" id="32b4fed6-00bb-4d78-82f1-d5879d841787" name="SOAP Response"/><con:assertion type="Schema Compliance" id="4ca27ff7-7352-46f5-9bd8-ac0f72fa4349" name="Schema Compliance"><con:configuration/></con:assertion><con:wsaConfig action="http://fidus.brussels/services/countryservice/getPlaceCountryHistory"/></con:request></con:config></con:testStep><con:testStep type="request" id="26405007-ddae-4cfb-91db-e810846f29f8" name="testcase03 - Test Worker2 - Request"><con:settings/><con:config xsi:type="con:RequestStep" xmlns:xsi="http://www.w3.org/2001/XMLSchema-instance"><con:interface>CountryServiceHTTPBinding</con:interface><con:operation>getPlaceCountryHistory</con:operation><con:request name="testcase03 - Test Worker2 - Request" id="1be1e822-4b67-4669-a411-f97c6ee01e1b" outgoingWss="Outflow TEST"><con:settings/><con:encoding>UTF-8</con:encoding><con:endpoint>https://192.168.24.51:8443/services/CountryService_v1.0</con:endpoint><con:request><![CDATA[<soapenv:Envelope xmlns:soapenv="http://schemas.xmlsoap.org/soap/envelope/" xmlns:v1="http://fidus.brussels/service/countryservice/messages/v1" xmlns:v11="http://fidus.brussels/type/common/messages/v1" xmlns:v12="http://fsb.belgium.be/mappingServices/countryService/messages/v1_00">
   <soapenv:Header/>
   <soapenv:Body>
      <v1:getPlaceCountryHistoryRequest>
         <v1:messageContext>
            <v11:messageId>${=import static java.util.UUID.randomUUID; uuid = randomUUID() as String}</v11:messageId>
            <!--Optional:-->
            <v11:timestamp>${=new java.text.SimpleDateFormat("yyyy-MM-dd'T'HH:mm:ss.SSS").format(new Date())}</v11:timestamp>
         </v1:messageContext>
         <v1:legalContext>ServiceIntegrator</v1:legalContext>
         <v1:request>
            <v12:iso-alpha2>DE</v12:iso-alpha2>
            <!--Optional:-->
            <v12:referenceDate>2000-01-01</v12:referenceDate>
         </v1:request>
      </v1:getPlaceCountryHistoryRequest>
   </soapenv:Body>
</soapenv:Envelope>]]></con:request><con:assertion type="SOAP Fault Assertion" id="3987d29f-c2a7-443b-9e44-8e90467f51db" name="Not SOAP Fault"/><con:assertion type="SOAP Response" id="ab4ff1dd-81e9-45ee-88a0-a2da1bdd71bb" name="SOAP Response"/><con:assertion type="Schema Compliance" id="57753872-50b7-4eed-8c09-6e05f4e71c19" name="Schema Compliance"><con:configuration/></con:assertion><con:wsaConfig action="http://fidus.brussels/services/countryservice/getPlaceCountryHistory"/></con:request></con:config></con:testStep><con:properties/></con:testCase><con:properties/></con:testSuite><con:testSuite id="daf3d5e8-65e2-4ccb-8277-45b0bd607525" name="DEV"><con:settings/><con:runType>SEQUENTIAL</con:runType><con:testCase id="17d0c230-be39-4bb9-98b3-6d0fdf8204d3" failOnError="true" failTestCaseOnErrors="true" keepSession="false" maxResults="0" name="getAddressCountries" searchProperties="true"><con:settings/><con:testStep type="request" id="38127408-3c30-4d15-9f69-a64d87c975a2" name="testcase02 - Dev - Request"><con:settings/><con:config xsi:type="con:RequestStep" xmlns:xsi="http://www.w3.org/2001/XMLSchema-instance"><con:interface>CountryServiceHTTPBinding</con:interface><con:operation>getAddressCountries</con:operation><con:request name="testcase02 - Dev - Request" id="23e8430e-bbb6-409e-8bc5-b23a6ada0964" outgoingWss="Outflow DEV"><con:settings/><con:encoding>UTF-8</con:encoding><con:endpoint>https://192.168.36.61:8243/services/CountryService_v1.0</con:endpoint><con:request><![CDATA[<soapenv:Envelope xmlns:soapenv="http://schemas.xmlsoap.org/soap/envelope/" xmlns:v1="http://fidus.brussels/service/countryservice/messages/v1" xmlns:v11="http://fidus.brussels/type/common/messages/v1">
   <soapenv:Header/>
   <soapenv:Body>
      <v1:getAddressCountriesRequest>
         <v1:messageContext>
            <v11:messageId>${=import static java.util.UUID.randomUUID; uuid = randomUUID() as String}</v11:messageId>
            <!--Optional:-->
            <v11:timestamp>${=new java.text.SimpleDateFormat("yyyy-MM-dd'T'HH:mm:ss.SSS").format(new Date())}</v11:timestamp>
         </v1:messageContext>
         <v1:legalContext>ServiceIntegrator</v1:legalContext>
         <v1:request>
            <!--Optional:-->
            <v1:referenceDate>2016-10-10</v1:referenceDate>
         </v1:request>
      </v1:getAddressCountriesRequest>
   </soapenv:Body>
</soapenv:Envelope>]]></con:request><con:assertion type="SOAP Fault Assertion" id="56e082c8-93d4-42e8-906c-c34a08ac4e81" name="Not SOAP Fault"/><con:assertion type="SOAP Response" id="d496d843-18eb-4842-9fb4-77fc0d095325" name="SOAP Response"/><con:assertion type="Schema Compliance" id="68942753-53bc-47b2-b71a-bb81233dab87" name="Schema Compliance"><con:configuration/></con:assertion><con:wsaConfig action="http://fidus.brussels/services/countryservice/getAddressCountries"/></con:request></con:config></con:testStep><con:testStep type="request" id="8b9ddba1-8779-4be8-8b1f-5ecd9d4cbac8" name="testcase02 - DevNew - Request"><con:settings/><con:config xsi:type="con:RequestStep" xmlns:xsi="http://www.w3.org/2001/XMLSchema-instance"><con:interface>CountryServiceHTTPBinding</con:interface><con:operation>getAddressCountries</con:operation><con:request name="testcase02 - DevNew - Request" id="4af9ddd2-35e2-4727-815b-208e40c93234" outgoingWss="Outflow DEV"><con:settings/><con:encoding>UTF-8</con:encoding><con:endpoint>https://192.168.36.75:8243/services/CountryService_v1.0</con:endpoint><con:request><![CDATA[<soapenv:Envelope xmlns:soapenv="http://schemas.xmlsoap.org/soap/envelope/" xmlns:v1="http://fidus.brussels/service/countryservice/messages/v1" xmlns:v11="http://fidus.brussels/type/common/messages/v1">
   <soapenv:Header/>
   <soapenv:Body>
      <v1:getAddressCountriesRequest>
         <v1:messageContext>
            <v11:messageId>${=import static java.util.UUID.randomUUID; uuid = randomUUID() as String}</v11:messageId>
            <!--Optional:-->
            <v11:timestamp>${=new java.text.SimpleDateFormat("yyyy-MM-dd'T'HH:mm:ss.SSS").format(new Date())}</v11:timestamp>
         </v1:messageContext>
         <v1:legalContext>ServiceIntegrator</v1:legalContext>
         <v1:request>
            <!--Optional:-->
            <v1:referenceDate>2016-10-10</v1:referenceDate>
         </v1:request>
      </v1:getAddressCountriesRequest>
   </soapenv:Body>
</soapenv:Envelope>]]></con:request><con:assertion type="SOAP Fault Assertion" id="82988a5a-49f4-4a8c-a256-9486add5e473" name="Not SOAP Fault"/><con:assertion type="SOAP Response" id="d3fc42a3-6426-47f2-8843-bae476c9aeb5" name="SOAP Response"/><con:assertion type="Schema Compliance" id="e1150748-889d-4551-9156-9076abc28fab" name="Schema Compliance"><con:configuration/></con:assertion><con:wsaConfig action="http://fidus.brussels/services/countryservice/getAddressCountries"/></con:request></con:config></con:testStep><con:properties/></con:testCase><con:testCase id="d64c581c-029f-4583-b4be-fe4e21f9b18a" failOnError="true" failTestCaseOnErrors="true" keepSession="false" maxResults="0" name="getAddressCountry" searchProperties="true"><con:settings/><con:testStep type="request" id="a0a36a5a-d480-4ada-8b9c-1148fa1bbaf2" name="testcase02 - Dev - Request"><con:settings/><con:config xsi:type="con:RequestStep" xmlns:xsi="http://www.w3.org/2001/XMLSchema-instance"><con:interface>CountryServiceHTTPBinding</con:interface><con:operation>getAddressCountry</con:operation><con:request name="testcase02 - Dev - Request" id="cd353d87-9831-4bd8-92be-251fb4d9716f" outgoingWss="Outflow DEV"><con:settings/><con:encoding>UTF-8</con:encoding><con:endpoint>https://192.168.36.61:8243/services/CountryService_v1.0</con:endpoint><con:request><![CDATA[<soapenv:Envelope xmlns:soapenv="http://schemas.xmlsoap.org/soap/envelope/" xmlns:v1="http://fidus.brussels/service/countryservice/messages/v1" xmlns:v11="http://fidus.brussels/type/common/messages/v1" xmlns:v12="http://fsb.belgium.be/mappingServices/countryService/messages/v1_00">
   <soapenv:Header/>
   <soapenv:Body>
      <v1:getAddressCountryRequest>
         <v1:messageContext>
            <v11:messageId>${=import static java.util.UUID.randomUUID; uuid = randomUUID() as String}</v11:messageId>
            <!--Optional:-->
            <v11:timestamp>${=new java.text.SimpleDateFormat("yyyy-MM-dd'T'HH:mm:ss.SSS").format(new Date())}</v11:timestamp>
         </v1:messageContext>
         <v1:legalContext>ServiceIntegrator</v1:legalContext>
         <v1:request>
            <!--You have a CHOICE of the next 4 items at this level-->
            <v12:iso-alpha2>BE</v12:iso-alpha2>
            <!--<v12:iso-alpha3 startDate="?" endDate="?" status="?">?</v12:iso-alpha3>-->
            <!--<v12:iso-num3 startDate="?" endDate="?" status="?">?</v12:iso-num3>-->
            <!--<v12:nis-num3 startDate="?" endDate="?" status="?">?</v12:nis-num3>-->
         </v1:request>
      </v1:getAddressCountryRequest>
   </soapenv:Body>
</soapenv:Envelope>]]></con:request><con:assertion type="SOAP Fault Assertion" id="a162de45-7581-4de7-a6ee-9b2bdf8220c5" name="Not SOAP Fault"/><con:assertion type="SOAP Response" id="2ea4c372-f396-499b-a279-48b0fba071e0" name="SOAP Response"/><con:assertion type="Schema Compliance" id="8cefb975-6ae2-41c8-8ff0-0e7fef0e39ae" name="Schema Compliance"><con:configuration/></con:assertion><con:wsaConfig action="http://fidus.brussels/services/countryservice/getAddressCountry"/></con:request></con:config></con:testStep><con:testStep type="request" id="ff437546-d64b-4e6e-afe8-6e5bb5a02661" name="testcase02 - DevNew - Request"><con:settings/><con:config xsi:type="con:RequestStep" xmlns:xsi="http://www.w3.org/2001/XMLSchema-instance"><con:interface>CountryServiceHTTPBinding</con:interface><con:operation>getAddressCountry</con:operation><con:request name="testcase02 - DevNew - Request" id="7c7f2d0b-0e26-4c1a-a7d3-f1622ff57eaa" outgoingWss="Outflow DEV"><con:settings/><con:encoding>UTF-8</con:encoding><con:endpoint>https://192.168.36.75:8243/services/CountryService_v1.0</con:endpoint><con:request><![CDATA[<soapenv:Envelope xmlns:soapenv="http://schemas.xmlsoap.org/soap/envelope/" xmlns:v1="http://fidus.brussels/service/countryservice/messages/v1" xmlns:v11="http://fidus.brussels/type/common/messages/v1" xmlns:v12="http://fsb.belgium.be/mappingServices/countryService/messages/v1_00">
   <soapenv:Header/>
   <soapenv:Body>
      <v1:getAddressCountryRequest>
         <v1:messageContext>
            <v11:messageId>${=import static java.util.UUID.randomUUID; uuid = randomUUID() as String}</v11:messageId>
            <!--Optional:-->
            <v11:timestamp>${=new java.text.SimpleDateFormat("yyyy-MM-dd'T'HH:mm:ss.SSS").format(new Date())}</v11:timestamp>
         </v1:messageContext>
         <v1:legalContext>ServiceIntegrator</v1:legalContext>
         <v1:request>
            <!--You have a CHOICE of the next 4 items at this level-->
            <v12:iso-alpha2>BE</v12:iso-alpha2>
            <!--<v12:iso-alpha3 startDate="?" endDate="?" status="?">?</v12:iso-alpha3>-->
            <!--<v12:iso-num3 startDate="?" endDate="?" status="?">?</v12:iso-num3>-->
            <!--<v12:nis-num3 startDate="?" endDate="?" status="?">?</v12:nis-num3>-->
         </v1:request>
      </v1:getAddressCountryRequest>
   </soapenv:Body>
</soapenv:Envelope>]]></con:request><con:assertion type="SOAP Fault Assertion" id="9158f074-e3f6-4d02-abcd-41517bdb8620" name="Not SOAP Fault"/><con:assertion type="SOAP Response" id="8647e366-9cfa-413b-be62-d6f59a7274fb" name="SOAP Response"/><con:assertion type="Schema Compliance" id="968d7e21-b718-44f0-a8ad-c5e44f944e5b" name="Schema Compliance"><con:configuration/></con:assertion><con:wsaConfig action="http://fidus.brussels/services/countryservice/getAddressCountry"/></con:request></con:config></con:testStep><con:properties/></con:testCase><con:testCase id="42f22ffd-b935-4253-8666-b651b40da826" failOnError="true" failTestCaseOnErrors="true" keepSession="false" maxResults="0" name="getAddressCountryHistory" searchProperties="true"><con:settings/><con:testStep type="request" id="1c59ca48-1ef5-4cd6-ad1d-d204e65842b4" name="testcase02 - Dev - Request"><con:settings/><con:config xsi:type="con:RequestStep" xmlns:xsi="http://www.w3.org/2001/XMLSchema-instance"><con:interface>CountryServiceHTTPBinding</con:interface><con:operation>getAddressCountryHistory</con:operation><con:request name="testcase02 - Dev - Request" id="bd205433-47c4-4897-8f94-3d3a2fcb2b2b" outgoingWss="Outflow DEV"><con:settings/><con:encoding>UTF-8</con:encoding><con:endpoint>https://192.168.36.61:8243/services/CountryService_v1.0</con:endpoint><con:request><![CDATA[<soapenv:Envelope xmlns:soapenv="http://schemas.xmlsoap.org/soap/envelope/" xmlns:v1="http://fidus.brussels/service/countryservice/messages/v1" xmlns:v11="http://fidus.brussels/type/common/messages/v1" xmlns:v12="http://fsb.belgium.be/mappingServices/countryService/messages/v1_00">
   <soapenv:Header/>
   <soapenv:Body>
      <v1:getAddressCountryHistoryRequest>
         <v1:messageContext>
            <v11:messageId>${=import static java.util.UUID.randomUUID; uuid = randomUUID() as String}</v11:messageId>
            <v11:timestamp>${=new java.text.SimpleDateFormat("yyyy-MM-dd'T'HH:mm:ss.SSS").format(new Date())}</v11:timestamp>
         </v1:messageContext>
         <v1:legalContext>ServiceIntegrator</v1:legalContext>
         <v1:request>
            <v12:iso-alpha2>BE</v12:iso-alpha2>
            <!--<v12:referenceDate>2016-10-10</v12:referenceDate>-->
         </v1:request>
      </v1:getAddressCountryHistoryRequest>
   </soapenv:Body>
</soapenv:Envelope>]]></con:request><con:assertion type="SOAP Fault Assertion" id="504e2e5e-2c8c-4360-bc43-a712c7bfb421" name="Not SOAP Fault"/><con:assertion type="SOAP Response" id="ffed45fc-1d9e-434c-8e48-e6e17182ecc2" name="SOAP Response"/><con:assertion type="Schema Compliance" id="deacefa2-29d8-4ff1-913c-5ad7c39b81f8" name="Schema Compliance"><con:configuration/></con:assertion><con:wsaConfig action="http://fidus.brussels/services/countryservice/getAddressCountryHistory"/></con:request></con:config></con:testStep><con:testStep type="request" id="4cca53d8-8447-4cae-aa93-3932308465c9" name="testcase02 - DevNew - Request"><con:settings/><con:config xsi:type="con:RequestStep" xmlns:xsi="http://www.w3.org/2001/XMLSchema-instance"><con:interface>CountryServiceHTTPBinding</con:interface><con:operation>getAddressCountryHistory</con:operation><con:request name="testcase02 - DevNew - Request" id="95683346-a67d-4ab0-b657-99b7828d20a1" outgoingWss="Outflow DEV"><con:settings/><con:encoding>UTF-8</con:encoding><con:endpoint>https://192.168.36.75:8243/services/CountryService_v1.0</con:endpoint><con:request><![CDATA[<soapenv:Envelope xmlns:soapenv="http://schemas.xmlsoap.org/soap/envelope/" xmlns:v1="http://fidus.brussels/service/countryservice/messages/v1" xmlns:v11="http://fidus.brussels/type/common/messages/v1" xmlns:v12="http://fsb.belgium.be/mappingServices/countryService/messages/v1_00">
   <soapenv:Header/>
   <soapenv:Body>
      <v1:getAddressCountryHistoryRequest>
         <v1:messageContext>
            <v11:messageId>${=import static java.util.UUID.randomUUID; uuid = randomUUID() as String}</v11:messageId>
            <v11:timestamp>${=new java.text.SimpleDateFormat("yyyy-MM-dd'T'HH:mm:ss.SSS").format(new Date())}</v11:timestamp>
         </v1:messageContext>
         <v1:legalContext>ServiceIntegrator</v1:legalContext>
         <v1:request>
            <v12:iso-alpha2>BE</v12:iso-alpha2>
            <!--<v12:referenceDate>2016-10-10</v12:referenceDate>-->
         </v1:request>
      </v1:getAddressCountryHistoryRequest>
   </soapenv:Body>
</soapenv:Envelope>]]></con:request><con:assertion type="SOAP Fault Assertion" id="51e551e2-b56e-4eb1-8fe8-0163b68427f2" name="Not SOAP Fault"/><con:assertion type="SOAP Response" id="c8382b0b-3415-4009-b043-1cc2cca3144f" name="SOAP Response"/><con:assertion type="Schema Compliance" id="f976ea05-3937-4935-a5bc-681c4daa6a2d" name="Schema Compliance"><con:configuration/></con:assertion><con:wsaConfig action="http://fidus.brussels/services/countryservice/getAddressCountryHistory"/></con:request></con:config></con:testStep><con:properties/></con:testCase><con:testCase id="59f0af76-fb63-4a52-8a42-8b2eab8b4920" failOnError="true" failTestCaseOnErrors="true" keepSession="false" maxResults="0" name="getAllIsoCodes" searchProperties="true"><con:settings/><con:testStep type="request" id="0d678ab4-4b2d-4607-97f5-62fffd3d76fa" name="testcase02 - Dev - Request"><con:settings/><con:config xsi:type="con:RequestStep" xmlns:xsi="http://www.w3.org/2001/XMLSchema-instance"><con:interface>CountryServiceHTTPBinding</con:interface><con:operation>getAllIsoCodes</con:operation><con:request name="testcase02 - Dev - Request" id="bb75b5c1-53dc-4512-a716-c3c31fdb9f15" outgoingWss="Outflow DEV"><con:settings/><con:encoding>UTF-8</con:encoding><con:endpoint>https://192.168.36.61:8243/services/CountryService_v1.0</con:endpoint><con:request><![CDATA[<soapenv:Envelope xmlns:soapenv="http://schemas.xmlsoap.org/soap/envelope/" xmlns:v1="http://fidus.brussels/service/countryservice/messages/v1" xmlns:v11="http://fidus.brussels/type/common/messages/v1">
   <soapenv:Header/>
   <soapenv:Body>
      <v1:getAllIsoCodesRequest>
         <v1:messageContext>
            <v11:messageId>${=import static java.util.UUID.randomUUID; uuid = randomUUID() as String}</v11:messageId>
            <!--Optional:-->
            <v11:timestamp>${=new java.text.SimpleDateFormat("yyyy-MM-dd'T'HH:mm:ss.SSS").format(new Date())}</v11:timestamp>
         </v1:messageContext>
         <v1:legalContext>ServiceIntegrator</v1:legalContext>
         <v1:request>
            <!--Optional:-->
            <v1:referenceDate>2016-10-06</v1:referenceDate>
         </v1:request>
      </v1:getAllIsoCodesRequest>
   </soapenv:Body>
</soapenv:Envelope>]]></con:request><con:assertion type="SOAP Fault Assertion" id="20930642-7e97-45ab-a4bc-19705c83f273" name="Not SOAP Fault"/><con:assertion type="SOAP Response" id="ee280e73-d56e-4d06-ab49-2269153efa7e" name="SOAP Response"/><con:assertion type="Schema Compliance" id="7d853ea4-5b32-4710-bf24-f0e1ce19eb45" name="Schema Compliance"><con:configuration/></con:assertion><con:wsaConfig action="http://fidus.brussels/services/countryservice/getAllIsoCodes"/></con:request></con:config></con:testStep><con:testStep type="request" id="54e7f328-2501-4711-8f43-b96624fec7cb" name="testcase02 - DevNew - Request"><con:settings/><con:config xsi:type="con:RequestStep" xmlns:xsi="http://www.w3.org/2001/XMLSchema-instance"><con:interface>CountryServiceHTTPBinding</con:interface><con:operation>getAllIsoCodes</con:operation><con:request name="testcase02 - DevNew - Request" id="9c50f169-a476-4ec6-b43d-a216642b4097" outgoingWss="Outflow DEV"><con:settings/><con:encoding>UTF-8</con:encoding><con:endpoint>https://192.168.36.75:8243/services/CountryService_v1.0</con:endpoint><con:request><![CDATA[<soapenv:Envelope xmlns:soapenv="http://schemas.xmlsoap.org/soap/envelope/" xmlns:v1="http://fidus.brussels/service/countryservice/messages/v1" xmlns:v11="http://fidus.brussels/type/common/messages/v1">
   <soapenv:Header/>
   <soapenv:Body>
      <v1:getAllIsoCodesRequest>
         <v1:messageContext>
            <v11:messageId>${=import static java.util.UUID.randomUUID; uuid = randomUUID() as String}</v11:messageId>
            <!--Optional:-->
            <v11:timestamp>${=new java.text.SimpleDateFormat("yyyy-MM-dd'T'HH:mm:ss.SSS").format(new Date())}</v11:timestamp>
         </v1:messageContext>
         <v1:legalContext>ServiceIntegrator</v1:legalContext>
         <v1:request>
            <!--Optional:-->
            <v1:referenceDate>2016-10-06</v1:referenceDate>
         </v1:request>
      </v1:getAllIsoCodesRequest>
   </soapenv:Body>
</soapenv:Envelope>]]></con:request><con:assertion type="SOAP Fault Assertion" id="bcc1f0bd-820f-45e2-8757-a48aa1ddd17c" name="Not SOAP Fault"/><con:assertion type="SOAP Response" id="aeec0ae1-4fc5-407e-a40f-9a762aed75d1" name="SOAP Response"/><con:assertion type="Schema Compliance" id="09a73b11-8984-4056-ace2-71017c8810a1" name="Schema Compliance"><con:configuration/></con:assertion><con:wsaConfig action="http://fidus.brussels/services/countryservice/getAllIsoCodes"/></con:request></con:config></con:testStep><con:properties/></con:testCase><con:testCase id="78037bb6-e49a-44b3-9cbf-28757a32209a" failOnError="true" failTestCaseOnErrors="true" keepSession="false" maxResults="0" name="getAllNisCodes" searchProperties="true"><con:settings/><con:testStep type="request" id="fea47f55-6003-4a3b-81ca-21de4d219f52" name="testcase02 - Dev - Request"><con:settings/><con:config xsi:type="con:RequestStep" xmlns:xsi="http://www.w3.org/2001/XMLSchema-instance"><con:interface>CountryServiceHTTPBinding</con:interface><con:operation>getAllNisCodes</con:operation><con:request name="testcase02 - Dev - Request" id="ba7e7916-80ba-4c9b-a44b-8f75dee3d914" outgoingWss="Outflow DEV"><con:settings/><con:encoding>UTF-8</con:encoding><con:endpoint>https://192.168.36.61:8243/services/CountryService_v1.0</con:endpoint><con:request><![CDATA[<soapenv:Envelope xmlns:soapenv="http://schemas.xmlsoap.org/soap/envelope/" xmlns:v1="http://fidus.brussels/service/countryservice/messages/v1" xmlns:v11="http://fidus.brussels/type/common/messages/v1">
   <soapenv:Header/>
   <soapenv:Body>
      <v1:getAllNisCodesRequest>
         <v1:messageContext>
            <v11:messageId>${=import static java.util.UUID.randomUUID; uuid = randomUUID() as String}</v11:messageId>            
            <v11:timestamp>${=new java.text.SimpleDateFormat("yyyy-MM-dd'T'HH:mm:ss.SSS").format(new Date())}</v11:timestamp>
         </v1:messageContext>
         <v1:legalContext>ServiceIntegrator</v1:legalContext>
         <v1:request>
            <!--Optional:-->
            <v1:referenceDate>2016-10-13</v1:referenceDate>
         </v1:request>
      </v1:getAllNisCodesRequest>
   </soapenv:Body>
</soapenv:Envelope>]]></con:request><con:assertion type="SOAP Fault Assertion" id="ff767d28-ade2-403f-a0e8-811291e7bcb5" name="Not SOAP Fault"/><con:assertion type="SOAP Response" id="eb27a528-a9a8-4964-81c8-53a0d123c043" name="SOAP Response"/><con:assertion type="Schema Compliance" id="6f37bc64-ee36-4a00-81b8-c7148fac6e2e" name="Schema Compliance"><con:configuration/></con:assertion><con:wsaConfig action="http://fidus.brussels/services/countryservice/getAllNisCodes"/></con:request></con:config></con:testStep><con:testStep type="request" id="2a20bde9-396f-4a0f-8a66-93b6022028e0" name="testcase02 - DevNew - Request"><con:settings/><con:config xsi:type="con:RequestStep" xmlns:xsi="http://www.w3.org/2001/XMLSchema-instance"><con:interface>CountryServiceHTTPBinding</con:interface><con:operation>getAllNisCodes</con:operation><con:request name="testcase02 - DevNew - Request" id="d93d7c9a-5d44-4c13-b6dc-463f40c65d86" outgoingWss="Outflow DEV"><con:settings/><con:encoding>UTF-8</con:encoding><con:endpoint>https://192.168.36.75:8243/services/CountryService_v1.0</con:endpoint><con:request><![CDATA[<soapenv:Envelope xmlns:soapenv="http://schemas.xmlsoap.org/soap/envelope/" xmlns:v1="http://fidus.brussels/service/countryservice/messages/v1" xmlns:v11="http://fidus.brussels/type/common/messages/v1">
   <soapenv:Header/>
   <soapenv:Body>
      <v1:getAllNisCodesRequest>
         <v1:messageContext>
            <v11:messageId>${=import static java.util.UUID.randomUUID; uuid = randomUUID() as String}</v11:messageId>            
            <v11:timestamp>${=new java.text.SimpleDateFormat("yyyy-MM-dd'T'HH:mm:ss.SSS").format(new Date())}</v11:timestamp>
         </v1:messageContext>
         <v1:legalContext>ServiceIntegrator</v1:legalContext>
         <v1:request>
            <!--Optional:-->
            <v1:referenceDate>2016-10-13</v1:referenceDate>
         </v1:request>
      </v1:getAllNisCodesRequest>
   </soapenv:Body>
</soapenv:Envelope>]]></con:request><con:assertion type="SOAP Fault Assertion" id="ba9d8c50-da01-42fd-a114-41ee1295b085" name="Not SOAP Fault"/><con:assertion type="SOAP Response" id="356ff7ae-f0f1-437a-9c27-89e3371a1819" name="SOAP Response"/><con:assertion type="Schema Compliance" id="d04f2acc-861a-46e9-ade7-6d2b82070bbd" name="Schema Compliance"><con:configuration/></con:assertion><con:wsaConfig action="http://fidus.brussels/services/countryservice/getAllNisCodes"/></con:request></con:config></con:testStep><con:properties/></con:testCase><con:testCase id="01373084-07fc-44ec-a71e-0575f0b4e217" failOnError="true" failTestCaseOnErrors="true" keepSession="false" maxResults="0" name="getNationalities" searchProperties="true"><con:settings/><con:testStep type="request" id="6070fe92-b6ba-4af6-805b-d3d153bc383e" name="testcase02 - Dev - Request"><con:settings/><con:config xsi:type="con:RequestStep" xmlns:xsi="http://www.w3.org/2001/XMLSchema-instance"><con:interface>CountryServiceHTTPBinding</con:interface><con:operation>getNationalities</con:operation><con:request name="testcase02 - Dev - Request" id="bd600d7a-9234-4ae2-b670-c619e1515281" outgoingWss="Outflow DEV"><con:settings/><con:encoding>UTF-8</con:encoding><con:endpoint>https://192.168.36.61:8243/services/CountryService_v1.0</con:endpoint><con:request><![CDATA[<soapenv:Envelope xmlns:soapenv="http://schemas.xmlsoap.org/soap/envelope/" xmlns:v1="http://fidus.brussels/service/countryservice/messages/v1" xmlns:v11="http://fidus.brussels/type/common/messages/v1">
   <soapenv:Header/>
   <soapenv:Body>
      <v1:getNationalitiesRequest>
         <v1:messageContext>
            <v11:messageId>${=import static java.util.UUID.randomUUID; uuid = randomUUID() as String}</v11:messageId>
            <!--Optional:-->
            <v11:timestamp>${=new java.text.SimpleDateFormat("yyyy-MM-dd'T'HH:mm:ss.SSS").format(new Date())}</v11:timestamp>
         </v1:messageContext>
         <v1:legalContext>ServiceIntegrator</v1:legalContext>
         <v1:request>
            <!--Optional:-->
            <v1:referenceDate>2016-10-13</v1:referenceDate>
         </v1:request>
      </v1:getNationalitiesRequest>
   </soapenv:Body>
</soapenv:Envelope>]]></con:request><con:assertion type="SOAP Fault Assertion" id="be319e93-8036-4e70-adfd-87df4b094b31" name="Not SOAP Fault"/><con:assertion type="SOAP Response" id="f9c6e04d-9f3f-41ac-8a90-304851d43d56" name="SOAP Response"/><con:assertion type="Schema Compliance" id="260ace4d-e512-4237-bd88-4e596358c090" name="Schema Compliance"><con:configuration/></con:assertion><con:wsaConfig action="http://fidus.brussels/services/countryservice/getNationalities"/></con:request></con:config></con:testStep><con:testStep type="request" id="920d0897-6709-4bc0-9c8a-777426d1bc83" name="testcase02 - DevNew - Request"><con:settings/><con:config xsi:type="con:RequestStep" xmlns:xsi="http://www.w3.org/2001/XMLSchema-instance"><con:interface>CountryServiceHTTPBinding</con:interface><con:operation>getNationalities</con:operation><con:request name="testcase02 - DevNew - Request" id="496635fd-7518-44b5-8af6-64a6e8a1d622" outgoingWss="Outflow DEV"><con:settings/><con:encoding>UTF-8</con:encoding><con:endpoint>https://192.168.36.75:8243/services/CountryService_v1.0</con:endpoint><con:request><![CDATA[<soapenv:Envelope xmlns:soapenv="http://schemas.xmlsoap.org/soap/envelope/" xmlns:v1="http://fidus.brussels/service/countryservice/messages/v1" xmlns:v11="http://fidus.brussels/type/common/messages/v1">
   <soapenv:Header/>
   <soapenv:Body>
      <v1:getNationalitiesRequest>
         <v1:messageContext>
            <v11:messageId>${=import static java.util.UUID.randomUUID; uuid = randomUUID() as String}</v11:messageId>
            <!--Optional:-->
            <v11:timestamp>${=new java.text.SimpleDateFormat("yyyy-MM-dd'T'HH:mm:ss.SSS").format(new Date())}</v11:timestamp>
         </v1:messageContext>
         <v1:legalContext>ServiceIntegrator</v1:legalContext>
         <v1:request>
            <!--Optional:-->
            <v1:referenceDate>2016-10-13</v1:referenceDate>
         </v1:request>
      </v1:getNationalitiesRequest>
   </soapenv:Body>
</soapenv:Envelope>]]></con:request><con:assertion type="SOAP Fault Assertion" id="33be2c18-10c9-4029-bce3-d0ae9d8742cf" name="Not SOAP Fault"/><con:assertion type="SOAP Response" id="668f723a-247d-4133-a485-c02fa0ab8f28" name="SOAP Response"/><con:assertion type="Schema Compliance" id="f28751d6-f503-4593-a529-63b3af9e3fb0" name="Schema Compliance"><con:configuration/></con:assertion><con:wsaConfig action="http://fidus.brussels/services/countryservice/getNationalities"/></con:request></con:config></con:testStep><con:properties/></con:testCase><con:testCase id="09ae93c0-1342-45d4-9fa5-5b6381507089" failOnError="true" failTestCaseOnErrors="true" keepSession="false" maxResults="0" name="getNationality" searchProperties="true"><con:settings/><con:testStep type="request" id="d921a676-74ff-492e-9898-0096f85a3334" name="testcase02 - Dev - Request-iso_alpha3_FRA"><con:settings/><con:config xsi:type="con:RequestStep" xmlns:xsi="http://www.w3.org/2001/XMLSchema-instance"><con:interface>CountryServiceHTTPBinding</con:interface><con:operation>getNationality</con:operation><con:request name="testcase02 - Dev - Request-iso_alpha3_FRA" id="6b96d2d3-72bd-4381-829c-68feac701ef3" outgoingWss="Outflow DEV"><con:settings/><con:encoding>UTF-8</con:encoding><con:endpoint>https://192.168.36.61:8243/services/CountryService_v1.0</con:endpoint><con:request><![CDATA[<soapenv:Envelope xmlns:soapenv="http://schemas.xmlsoap.org/soap/envelope/" xmlns:v1="http://fidus.brussels/service/countryservice/messages/v1" xmlns:v11="http://fidus.brussels/type/common/messages/v1" xmlns:v12="http://fsb.belgium.be/mappingServices/countryService/messages/v1_00">
   <soapenv:Header/>
   <soapenv:Body>
      <v1:getNationalityRequest>
         <v1:messageContext>
            <v11:messageId>${=import static java.util.UUID.randomUUID; uuid = randomUUID() as String}</v11:messageId>
            <!--Optional:-->
            <v11:timestamp>${=new java.text.SimpleDateFormat("yyyy-MM-dd'T'HH:mm:ss.SSS").format(new Date())}</v11:timestamp>
         </v1:messageContext>
         <v1:legalContext>ServiceIntegrator</v1:legalContext>
         <v1:request>
            <!--You have a CHOICE of the next 4 items at this level-->
            <!--
            <v12:iso-alpha2 startDate="?" endDate="?" status="?">?</v12:iso-alpha2>
            <v12:iso-alpha3 startDate="?" endDate="?" status="?">?</v12:iso-alpha3>
            <v12:iso-num3 startDate="?" endDate="?" status="?">?</v12:iso-num3>
            <v12:nis-num3 startDate="?" endDate="?" status="?">?</v12:nis-num3> 
            -->             
             <v12:iso-alpha3>FRA</v12:iso-alpha3>           
         </v1:request>
      </v1:getNationalityRequest>
   </soapenv:Body>
</soapenv:Envelope>]]></con:request><con:assertion type="SOAP Fault Assertion" id="6440a800-db94-4d09-b5f4-9fbc1d99f451" name="Not SOAP Fault"/><con:assertion type="SOAP Response" id="3d93da0f-e040-41fc-bb2b-d7d36452688d" name="SOAP Response"/><con:assertion type="Schema Compliance" id="6befcf2c-fde9-41ba-ac68-1f216bb70328" name="Schema Compliance"><con:configuration/></con:assertion><con:wsaConfig action="http://fidus.brussels/services/countryservice/getNationality"/></con:request></con:config></con:testStep><con:testStep type="request" id="d453c51e-8675-4508-9d1c-0e6a68c14c5c" name="testcase02 - DevNew - Request-iso_alpha3_FRA"><con:settings/><con:config xsi:type="con:RequestStep" xmlns:xsi="http://www.w3.org/2001/XMLSchema-instance"><con:interface>CountryServiceHTTPBinding</con:interface><con:operation>getNationality</con:operation><con:request name="testcase02 - DevNew - Request-iso_alpha3_FRA" id="c5f152e9-9d67-449e-9987-9a692a17bb2a" outgoingWss="Outflow DEV"><con:settings/><con:encoding>UTF-8</con:encoding><con:endpoint>https://192.168.36.75:8243/services/CountryService_v1.0</con:endpoint><con:request><![CDATA[<soapenv:Envelope xmlns:soapenv="http://schemas.xmlsoap.org/soap/envelope/" xmlns:v1="http://fidus.brussels/service/countryservice/messages/v1" xmlns:v11="http://fidus.brussels/type/common/messages/v1" xmlns:v12="http://fsb.belgium.be/mappingServices/countryService/messages/v1_00">
   <soapenv:Header/>
   <soapenv:Body>
      <v1:getNationalityRequest>
         <v1:messageContext>
            <v11:messageId>${=import static java.util.UUID.randomUUID; uuid = randomUUID() as String}</v11:messageId>
            <!--Optional:-->
            <v11:timestamp>${=new java.text.SimpleDateFormat("yyyy-MM-dd'T'HH:mm:ss.SSS").format(new Date())}</v11:timestamp>
         </v1:messageContext>
         <v1:legalContext>ServiceIntegrator</v1:legalContext>
         <v1:request>
            <!--You have a CHOICE of the next 4 items at this level-->
            <!--
            <v12:iso-alpha2 startDate="?" endDate="?" status="?">?</v12:iso-alpha2>
            <v12:iso-alpha3 startDate="?" endDate="?" status="?">?</v12:iso-alpha3>
            <v12:iso-num3 startDate="?" endDate="?" status="?">?</v12:iso-num3>
            <v12:nis-num3 startDate="?" endDate="?" status="?">?</v12:nis-num3> 
            -->             
             <v12:iso-alpha3>FRA</v12:iso-alpha3>           
         </v1:request>
      </v1:getNationalityRequest>
   </soapenv:Body>
</soapenv:Envelope>]]></con:request><con:assertion type="SOAP Fault Assertion" id="19abe412-65f8-43f8-890d-afb63ba09d99" name="Not SOAP Fault"/><con:assertion type="SOAP Response" id="7a11401b-5429-4446-984c-ef619aafcf46" name="SOAP Response"/><con:assertion type="Schema Compliance" id="291dcaa9-6a67-4777-9bc4-421d572b0ca4" name="Schema Compliance"><con:configuration/></con:assertion><con:wsaConfig action="http://fidus.brussels/services/countryservice/getNationality"/></con:request></con:config></con:testStep><con:properties/></con:testCase><con:testCase id="310e1a2e-7ac1-4935-961f-99ff96d79329" failOnError="true" failTestCaseOnErrors="true" keepSession="false" maxResults="0" name="getNationalityHistory" searchProperties="true"><con:settings/><con:testStep type="request" id="f4183f44-9c9e-47ad-8418-c2777870c23c" name="testcase02 - Dev - Request"><con:settings/><con:config xsi:type="con:RequestStep" xmlns:xsi="http://www.w3.org/2001/XMLSchema-instance"><con:interface>CountryServiceHTTPBinding</con:interface><con:operation>getNationalityHistory</con:operation><con:request name="testcase02 - Dev - Request" id="9c21d7db-f1cb-4859-bddb-81b4e91fb964" outgoingWss="Outflow DEV"><con:settings/><con:encoding>UTF-8</con:encoding><con:endpoint>https://192.168.36.61:8243/services/CountryService_v1.0</con:endpoint><con:request><![CDATA[<soapenv:Envelope xmlns:soapenv="http://schemas.xmlsoap.org/soap/envelope/" xmlns:v1="http://fidus.brussels/service/countryservice/messages/v1" xmlns:v11="http://fidus.brussels/type/common/messages/v1" xmlns:v12="http://fsb.belgium.be/mappingServices/countryService/messages/v1_00">
   <soapenv:Header/>
   <soapenv:Body>
      <v1:getNationalityHistoryRequest>
         <v1:messageContext>
            <v11:messageId>${=import static java.util.UUID.randomUUID; uuid = randomUUID() as String}</v11:messageId>
            <!--Optional:-->
            <v11:timestamp>${=new java.text.SimpleDateFormat("yyyy-MM-dd'T'HH:mm:ss.SSS").format(new Date())}</v11:timestamp>
         </v1:messageContext>
         <v1:legalContext>ServiceIntegrator</v1:legalContext>
         <v1:request>
            <v12:iso-alpha3>FRA</v12:iso-alpha3>                      
         </v1:request>
      </v1:getNationalityHistoryRequest>
   </soapenv:Body>
</soapenv:Envelope>]]></con:request><con:assertion type="SOAP Fault Assertion" id="c5862648-d3e6-45f6-a1ee-08eecac5c345" name="Not SOAP Fault"/><con:assertion type="SOAP Response" id="7133c7be-4da9-4365-b034-a2e9fe3e9141" name="SOAP Response"/><con:assertion type="Schema Compliance" id="b2776ea7-0052-48b6-b6b9-5973984fd819" name="Schema Compliance"><con:configuration/></con:assertion><con:wsaConfig action="http://fidus.brussels/services/countryservice/getNationalityHistory"/></con:request></con:config></con:testStep><con:testStep type="request" id="05e092c0-39e9-45cf-b3d8-b8d8636e6dd4" name="testcase02 - DevNew - Request"><con:settings/><con:config xsi:type="con:RequestStep" xmlns:xsi="http://www.w3.org/2001/XMLSchema-instance"><con:interface>CountryServiceHTTPBinding</con:interface><con:operation>getNationalityHistory</con:operation><con:request name="testcase02 - DevNew - Request" id="36ac2404-23b7-4b2f-9087-7d838fe0e12f" outgoingWss="Outflow DEV"><con:settings/><con:encoding>UTF-8</con:encoding><con:endpoint>https://192.168.36.75:8243/services/CountryService_v1.0</con:endpoint><con:request><![CDATA[<soapenv:Envelope xmlns:soapenv="http://schemas.xmlsoap.org/soap/envelope/" xmlns:v1="http://fidus.brussels/service/countryservice/messages/v1" xmlns:v11="http://fidus.brussels/type/common/messages/v1" xmlns:v12="http://fsb.belgium.be/mappingServices/countryService/messages/v1_00">
   <soapenv:Header/>
   <soapenv:Body>
      <v1:getNationalityHistoryRequest>
         <v1:messageContext>
            <v11:messageId>${=import static java.util.UUID.randomUUID; uuid = randomUUID() as String}</v11:messageId>
            <!--Optional:-->
            <v11:timestamp>${=new java.text.SimpleDateFormat("yyyy-MM-dd'T'HH:mm:ss.SSS").format(new Date())}</v11:timestamp>
         </v1:messageContext>
         <v1:legalContext>ServiceIntegrator</v1:legalContext>
         <v1:request>
            <v12:iso-alpha3>FRA</v12:iso-alpha3>                      
         </v1:request>
      </v1:getNationalityHistoryRequest>
   </soapenv:Body>
</soapenv:Envelope>]]></con:request><con:assertion type="SOAP Fault Assertion" id="356bc86f-6371-43dc-ac0d-47ae13278c30" name="Not SOAP Fault"/><con:assertion type="SOAP Response" id="a45f3e80-3e92-4cd4-8969-6cf59e75d196" name="SOAP Response"/><con:assertion type="Schema Compliance" id="11bf9668-63a3-43b9-9d17-7e8400c45fdb" name="Schema Compliance"><con:configuration/></con:assertion><con:wsaConfig action="http://fidus.brussels/services/countryservice/getNationalityHistory"/></con:request></con:config></con:testStep><con:properties/></con:testCase><con:testCase id="94945d4a-1308-48dd-88c0-98561ea1e3fb" failOnError="true" failTestCaseOnErrors="true" keepSession="false" maxResults="0" name="getPlaceCountries" searchProperties="true"><con:settings/><con:testStep type="request" id="acee3821-a28c-4f1c-bda7-491d1b4ea956" name="testcase02 - Dev - Request"><con:settings/><con:config xsi:type="con:RequestStep" xmlns:xsi="http://www.w3.org/2001/XMLSchema-instance"><con:interface>CountryServiceHTTPBinding</con:interface><con:operation>getPlaceCountries</con:operation><con:request name="testcase02 - Dev - Request" id="556fdd11-c7e6-436c-8753-d5aae3785002" outgoingWss="Outflow DEV"><con:settings/><con:encoding>UTF-8</con:encoding><con:endpoint>https://192.168.36.61:8243/services/CountryService_v1.0</con:endpoint><con:request><![CDATA[<soapenv:Envelope xmlns:soapenv="http://schemas.xmlsoap.org/soap/envelope/" xmlns:v1="http://fidus.brussels/service/countryservice/messages/v1" xmlns:v11="http://fidus.brussels/type/common/messages/v1">
   <soapenv:Header/>
   <soapenv:Body>
      <v1:getPlaceCountriesRequest>
         <v1:messageContext>
            <v11:messageId>${=import static java.util.UUID.randomUUID; uuid = randomUUID() as String}</v11:messageId>
            <!--Optional:-->
            <v11:timestamp>${=new java.text.SimpleDateFormat("yyyy-MM-dd'T'HH:mm:ss.SSS").format(new Date())}</v11:timestamp>
         </v1:messageContext>
         <v1:legalContext>ServiceIntegrator</v1:legalContext>
         <v1:request>
            <!--Optional:-->
            <v1:referenceDate>2016-10-14</v1:referenceDate>
         </v1:request>
      </v1:getPlaceCountriesRequest>
   </soapenv:Body>
</soapenv:Envelope>]]></con:request><con:assertion type="SOAP Fault Assertion" id="162723c5-0a5e-4cb1-a7c9-c7bae3c8a27a" name="Not SOAP Fault"/><con:assertion type="SOAP Response" id="62c1c1e4-e931-4260-b65f-27c1c74446e8" name="SOAP Response"/><con:assertion type="Schema Compliance" id="b20e0ff4-79c6-4a1d-aa3a-7ecddb641fde" name="Schema Compliance"><con:configuration/></con:assertion><con:wsaConfig action="http://fidus.brussels/services/countryservice/getPlaceCountries"/></con:request></con:config></con:testStep><con:testStep type="request" id="e8291df0-0d15-40f9-ad7f-78d6681ed9f3" name="testcase02 - DevNew - Request"><con:settings/><con:config xsi:type="con:RequestStep" xmlns:xsi="http://www.w3.org/2001/XMLSchema-instance"><con:interface>CountryServiceHTTPBinding</con:interface><con:operation>getPlaceCountries</con:operation><con:request name="testcase02 - DevNew - Request" id="18cedc72-0099-4f93-8349-ee6419c7eddf" outgoingWss="Outflow DEV"><con:settings/><con:encoding>UTF-8</con:encoding><con:endpoint>https://192.168.36.75:8243/services/CountryService_v1.0</con:endpoint><con:request><![CDATA[<soapenv:Envelope xmlns:soapenv="http://schemas.xmlsoap.org/soap/envelope/" xmlns:v1="http://fidus.brussels/service/countryservice/messages/v1" xmlns:v11="http://fidus.brussels/type/common/messages/v1">
   <soapenv:Header/>
   <soapenv:Body>
      <v1:getPlaceCountriesRequest>
         <v1:messageContext>
            <v11:messageId>${=import static java.util.UUID.randomUUID; uuid = randomUUID() as String}</v11:messageId>
            <!--Optional:-->
            <v11:timestamp>${=new java.text.SimpleDateFormat("yyyy-MM-dd'T'HH:mm:ss.SSS").format(new Date())}</v11:timestamp>
         </v1:messageContext>
         <v1:legalContext>ServiceIntegrator</v1:legalContext>
         <v1:request>
            <!--Optional:-->
            <v1:referenceDate>2016-10-14</v1:referenceDate>
         </v1:request>
      </v1:getPlaceCountriesRequest>
   </soapenv:Body>
</soapenv:Envelope>]]></con:request><con:assertion type="SOAP Fault Assertion" id="8f5b98fe-9462-4351-bc5a-27fa63d9099a" name="Not SOAP Fault"/><con:assertion type="SOAP Response" id="4ecb6d6c-6c6e-4de4-aa01-42bcde4effe7" name="SOAP Response"/><con:assertion type="Schema Compliance" id="a96436ca-d6ce-49bf-887c-09cbc8d8c411" name="Schema Compliance"><con:configuration/></con:assertion><con:wsaConfig action="http://fidus.brussels/services/countryservice/getPlaceCountries"/></con:request></con:config></con:testStep><con:properties/></con:testCase><con:testCase id="f0e68b97-0465-43b7-83a9-a62a5ce44c72" failOnError="true" failTestCaseOnErrors="true" keepSession="false" maxResults="0" name="getPlaceCountry" searchProperties="true"><con:settings/><con:testStep type="request" id="9a42e083-fd9d-4b5f-a36d-c0d53196500e" name="testcase02 - Dev - Request"><con:settings/><con:config xsi:type="con:RequestStep" xmlns:xsi="http://www.w3.org/2001/XMLSchema-instance"><con:interface>CountryServiceHTTPBinding</con:interface><con:operation>getPlaceCountry</con:operation><con:request name="testcase02 - Dev - Request" id="717470a4-9959-47f7-96dd-06542ce6f892" outgoingWss="Outflow DEV"><con:settings/><con:encoding>UTF-8</con:encoding><con:endpoint>https://192.168.36.61:8243/services/CountryService_v1.0</con:endpoint><con:request><![CDATA[<soapenv:Envelope xmlns:soapenv="http://schemas.xmlsoap.org/soap/envelope/" xmlns:v1="http://fidus.brussels/service/countryservice/messages/v1" xmlns:v11="http://fidus.brussels/type/common/messages/v1" xmlns:v12="http://fsb.belgium.be/mappingServices/countryService/messages/v1_00">
   <soapenv:Header/>
   <soapenv:Body>
      <v1:getPlaceCountryRequest>
         <v1:messageContext>
            <v11:messageId>${=import static java.util.UUID.randomUUID; uuid = randomUUID() as String}</v11:messageId>
            <!--Optional:-->
            <v11:timestamp>${=new java.text.SimpleDateFormat("yyyy-MM-dd'T'HH:mm:ss.SSS").format(new Date())}</v11:timestamp>
         </v1:messageContext>
         <v1:legalContext>ServiceIntegrator</v1:legalContext>
         <v1:request>
            <!--You have a CHOICE of the next 4 items at this level-->
            <!--
            <v12:iso-alpha2 startDate="?" endDate="?" status="?">?</v12:iso-alpha2>
            <v12:iso-alpha3 startDate="?" endDate="?" status="?">?</v12:iso-alpha3>
            <v12:iso-num3 startDate="?" endDate="?" status="?">?</v12:iso-num3>
            <v12:nis-num3 startDate="?" endDate="?" status="?">?</v12:nis-num3>
			-->
             <v12:iso-alpha2>NL</v12:iso-alpha2>
             
         </v1:request>
      </v1:getPlaceCountryRequest>
   </soapenv:Body>
</soapenv:Envelope>]]></con:request><con:assertion type="SOAP Fault Assertion" id="c51ab5ae-8f30-4d99-914e-4c2644b22ea9" name="Not SOAP Fault"/><con:assertion type="SOAP Response" id="2f813bcd-49d2-4c28-8fde-cc2e86ab2827" name="SOAP Response"/><con:assertion type="Schema Compliance" id="e580e77f-ce05-4f56-ba40-b60167c04ef2" name="Schema Compliance"><con:configuration/></con:assertion><con:wsaConfig action="http://fidus.brussels/services/countryservice/getPlaceCountry"/></con:request></con:config></con:testStep><con:testStep type="request" id="3eb57000-31af-4fd2-9447-6021fdd143eb" name="testcase02 - DevNew - Request"><con:settings/><con:config xsi:type="con:RequestStep" xmlns:xsi="http://www.w3.org/2001/XMLSchema-instance"><con:interface>CountryServiceHTTPBinding</con:interface><con:operation>getPlaceCountry</con:operation><con:request name="testcase02 - DevNew - Request" id="a339f4e0-fce1-4ca9-adc6-bb0edceddc1a" outgoingWss="Outflow DEV"><con:settings/><con:encoding>UTF-8</con:encoding><con:endpoint>https://192.168.36.75:8243/services/CountryService_v1.0</con:endpoint><con:request><![CDATA[<soapenv:Envelope xmlns:soapenv="http://schemas.xmlsoap.org/soap/envelope/" xmlns:v1="http://fidus.brussels/service/countryservice/messages/v1" xmlns:v11="http://fidus.brussels/type/common/messages/v1" xmlns:v12="http://fsb.belgium.be/mappingServices/countryService/messages/v1_00">
   <soapenv:Header/>
   <soapenv:Body>
      <v1:getPlaceCountryRequest>
         <v1:messageContext>
            <v11:messageId>${=import static java.util.UUID.randomUUID; uuid = randomUUID() as String}</v11:messageId>
            <!--Optional:-->
            <v11:timestamp>${=new java.text.SimpleDateFormat("yyyy-MM-dd'T'HH:mm:ss.SSS").format(new Date())}</v11:timestamp>
         </v1:messageContext>
         <v1:legalContext>ServiceIntegrator</v1:legalContext>
         <v1:request>
            <!--You have a CHOICE of the next 4 items at this level-->
            <!--
            <v12:iso-alpha2 startDate="?" endDate="?" status="?">?</v12:iso-alpha2>
            <v12:iso-alpha3 startDate="?" endDate="?" status="?">?</v12:iso-alpha3>
            <v12:iso-num3 startDate="?" endDate="?" status="?">?</v12:iso-num3>
            <v12:nis-num3 startDate="?" endDate="?" status="?">?</v12:nis-num3>
			-->
             <v12:iso-alpha2>NL</v12:iso-alpha2>
             
         </v1:request>
      </v1:getPlaceCountryRequest>
   </soapenv:Body>
</soapenv:Envelope>]]></con:request><con:assertion type="SOAP Fault Assertion" id="22ae98a8-20ad-4081-963a-31c09af8881a" name="Not SOAP Fault"/><con:assertion type="SOAP Response" id="b9c43232-b363-41e5-bd4d-6ced4347c347" name="SOAP Response"/><con:assertion type="Schema Compliance" id="befc5ebf-739e-4112-87f4-6ca96bcf872a" name="Schema Compliance"><con:configuration/></con:assertion><con:wsaConfig action="http://fidus.brussels/services/countryservice/getPlaceCountry"/></con:request></con:config></con:testStep><con:properties/></con:testCase><con:testCase id="42c6c30c-f304-4eb8-86c7-549eaf5d60c9" failOnError="true" failTestCaseOnErrors="true" keepSession="false" maxResults="0" name="getPlaceCountryHistory" searchProperties="true"><con:settings/><con:testStep type="request" id="d6226188-28f9-41e6-96c1-5f3623b39125" name="testcase02 - Dev - Request"><con:settings/><con:config xsi:type="con:RequestStep" xmlns:xsi="http://www.w3.org/2001/XMLSchema-instance"><con:interface>CountryServiceHTTPBinding</con:interface><con:operation>getPlaceCountryHistory</con:operation><con:request name="testcase02 - Dev - Request" id="d4815c7f-0438-4a39-b59a-89d2a83d4631" outgoingWss="Outflow DEV"><con:settings/><con:encoding>UTF-8</con:encoding><con:endpoint>https://192.168.36.61:8243/services/CountryService_v1.0</con:endpoint><con:request><![CDATA[<soapenv:Envelope xmlns:soapenv="http://schemas.xmlsoap.org/soap/envelope/" xmlns:v1="http://fidus.brussels/service/countryservice/messages/v1" xmlns:v11="http://fidus.brussels/type/common/messages/v1" xmlns:v12="http://fsb.belgium.be/mappingServices/countryService/messages/v1_00">
   <soapenv:Header/>
   <soapenv:Body xmlns:soapenv="http://schemas.xmlsoap.org/soap/envelope/" xmlns:wsu="http://docs.oasis-open.org/wss/2004/01/oasis-200401-wss-wssecurity-utility-1.0.xsd" wsu:Id="id-5C8D63ADC1427B4599147860106781222">
   <v1:getPlaceCountryHistoryRequest xmlns:v1="http://fidus.brussels/service/countryservice/messages/v1">
         <v1:messageContext>
            <v11:messageId xmlns:v11="http://fidus.brussels/type/common/messages/v1">504da2d0-a96a-41e9-b3dd-3c1f56039568</v11:messageId>
            <!--Optional:-->
            <v11:timestamp xmlns:v11="http://fidus.brussels/type/common/messages/v1">2016-11-08T11:31:07.809</v11:timestamp>
         </v1:messageContext>
         <v1:legalContext>ServiceIntegrator</v1:legalContext>
         <v1:request>
            <v12:iso-alpha2 xmlns:v12="http://fsb.belgium.be/mappingServices/countryService/messages/v1_00">NL</v12:iso-alpha2>
            <!--Optional:-->
            <v12:referenceDate xmlns:v12="http://fsb.belgium.be/mappingServices/countryService/messages/v1_00">2016-10-10</v12:referenceDate>
         </v1:request>
      </v1:getPlaceCountryHistoryRequest>
   </soapenv:Body>
</soapenv:Envelope>]]></con:request><con:assertion type="SOAP Fault Assertion" id="921ab3b9-859f-4821-8b03-281e4c403d28" name="Not SOAP Fault"/><con:assertion type="SOAP Response" id="6217e5c7-5d77-4bf0-9221-8ac15b35f1dc" name="SOAP Response"/><con:assertion type="Schema Compliance" id="7e7a27a1-6182-40ae-9359-57d9f00759dd" name="Schema Compliance"><con:configuration/></con:assertion><con:wsaConfig action="http://fidus.brussels/services/countryservice/getPlaceCountryHistory"/></con:request></con:config></con:testStep><con:testStep type="request" id="484c86be-44e1-4867-8c34-9b2a5ed8a56c" name="testcase02 - DevNew - Request"><con:settings/><con:config xsi:type="con:RequestStep" xmlns:xsi="http://www.w3.org/2001/XMLSchema-instance"><con:interface>CountryServiceHTTPBinding</con:interface><con:operation>getPlaceCountryHistory</con:operation><con:request name="testcase02 - DevNew - Request" id="98ce7333-b3c4-4d74-bd20-60055457de3d" outgoingWss="Outflow DEV"><con:settings/><con:encoding>UTF-8</con:encoding><con:endpoint>https://192.168.36.75:8243/services/CountryService_v1.0</con:endpoint><con:request><![CDATA[<soapenv:Envelope xmlns:soapenv="http://schemas.xmlsoap.org/soap/envelope/" xmlns:v1="http://fidus.brussels/service/countryservice/messages/v1" xmlns:v11="http://fidus.brussels/type/common/messages/v1" xmlns:v12="http://fsb.belgium.be/mappingServices/countryService/messages/v1_00">
   <soapenv:Header/>
   <soapenv:Body xmlns:soapenv="http://schemas.xmlsoap.org/soap/envelope/" xmlns:wsu="http://docs.oasis-open.org/wss/2004/01/oasis-200401-wss-wssecurity-utility-1.0.xsd" wsu:Id="id-5C8D63ADC1427B4599147860106781222">
   <v1:getPlaceCountryHistoryRequest xmlns:v1="http://fidus.brussels/service/countryservice/messages/v1">
         <v1:messageContext>
            <v11:messageId xmlns:v11="http://fidus.brussels/type/common/messages/v1">504da2d0-a96a-41e9-b3dd-3c1f56039568</v11:messageId>
            <!--Optional:-->
            <v11:timestamp xmlns:v11="http://fidus.brussels/type/common/messages/v1">2016-11-08T11:31:07.809</v11:timestamp>
         </v1:messageContext>
         <v1:legalContext>ServiceIntegrator</v1:legalContext>
         <v1:request>
            <v12:iso-alpha2 xmlns:v12="http://fsb.belgium.be/mappingServices/countryService/messages/v1_00">NL</v12:iso-alpha2>
            <!--Optional:-->
            <v12:referenceDate xmlns:v12="http://fsb.belgium.be/mappingServices/countryService/messages/v1_00">2016-10-10</v12:referenceDate>
         </v1:request>
      </v1:getPlaceCountryHistoryRequest>
   </soapenv:Body>
</soapenv:Envelope>]]></con:request><con:assertion type="SOAP Fault Assertion" id="d541dfa9-670e-48e0-8f82-2a80c02edd3c" name="Not SOAP Fault"/><con:assertion type="SOAP Response" id="8cc2ae6e-b1d4-4534-b0e8-9bcc8da9046a" name="SOAP Response"/><con:assertion type="Schema Compliance" id="01465c72-0d92-433c-b8f0-e6094e5fc4be" name="Schema Compliance"><con:configuration/></con:assertion><con:wsaConfig action="http://fidus.brussels/services/countryservice/getPlaceCountryHistory"/></con:request></con:config></con:testStep><con:properties/></con:testCase><con:properties/></con:testSuite><con:testSuite id="6b21386c-0686-4d01-b7e3-abb9995a0b6d" name="STAG"><con:settings/><con:runType>SEQUENTIAL</con:runType><con:testCase id="7c95f370-8b7d-49eb-b103-4c4c7d84bee3" failOnError="true" failTestCaseOnErrors="true" keepSession="false" maxResults="0" name="getAddressCountries" searchProperties="true"><con:settings/><con:testStep type="request" id="d989940d-bc3a-4d3e-b349-0dda416c70fe" name="testcase04 - Staging External - Request"><con:settings/><con:config xsi:type="con:RequestStep" xmlns:xsi="http://www.w3.org/2001/XMLSchema-instance"><con:interface>CountryServiceHTTPBinding</con:interface><con:operation>getAddressCountries</con:operation><con:request name="testcase04 - Staging External - Request" id="1199d55a-e6ad-406a-8ad5-1f83a498f3c3" outgoingWss="Outflow STAG"><con:settings/><con:encoding>UTF-8</con:encoding><con:endpoint>https://fidus.irisnetlab.be/services/CountryService_v1.0</con:endpoint><con:request><![CDATA[<soapenv:Envelope xmlns:soapenv="http://schemas.xmlsoap.org/soap/envelope/" xmlns:v1="http://fidus.brussels/service/countryservice/messages/v1" xmlns:v11="http://fidus.brussels/type/common/messages/v1">
   <soapenv:Header/>
   <soapenv:Body>
      <v1:getAddressCountriesRequest>
         <v1:messageContext>
            <v11:messageId>${=import static java.util.UUID.randomUUID; uuid = randomUUID() as String}</v11:messageId>
            <!--Optional:-->
            <v11:timestamp>${=new java.text.SimpleDateFormat("yyyy-MM-dd'T'HH:mm:ss.SSS").format(new Date())}</v11:timestamp>
         </v1:messageContext>
         <v1:legalContext>ServiceIntegrator</v1:legalContext>
         <v1:request>
            <!--Optional:-->
            <v1:referenceDate>2016-10-10</v1:referenceDate>
         </v1:request>
      </v1:getAddressCountriesRequest>
   </soapenv:Body>
</soapenv:Envelope>]]></con:request><con:assertion type="SOAP Fault Assertion" id="f47e2cb2-320b-470d-bd0d-df83749fc977" name="Not SOAP Fault"/><con:assertion type="SOAP Response" id="d47ae1ae-8ee1-4e37-8924-c736d6029bc6" name="SOAP Response"/><con:assertion type="Schema Compliance" id="26655653-8ce5-446b-b793-cb6cbbf12909" name="Schema Compliance"><con:configuration/></con:assertion><con:wsaConfig action="http://fidus.brussels/services/countryservice/getAddressCountries"/></con:request></con:config></con:testStep><con:testStep type="request" id="0221e4f4-d1ce-4899-ab38-61182b68c30c" name="testcase04 - Staging LB - Request"><con:settings/><con:config xsi:type="con:RequestStep" xmlns:xsi="http://www.w3.org/2001/XMLSchema-instance"><con:interface>CountryServiceHTTPBinding</con:interface><con:operation>getAddressCountries</con:operation><con:request name="testcase04 - Staging LB - Request" id="b9ab202c-622d-42d4-8fac-80a7154da195" outgoingWss="Outflow STAG"><con:settings/><con:encoding>UTF-8</con:encoding><con:endpoint>https://fidus-esb-sg.sta.srv.cirb.lan:8443/services/CountryService_v1.0</con:endpoint><con:request><![CDATA[<soapenv:Envelope xmlns:soapenv="http://schemas.xmlsoap.org/soap/envelope/" xmlns:v1="http://fidus.brussels/service/countryservice/messages/v1" xmlns:v11="http://fidus.brussels/type/common/messages/v1">
   <soapenv:Header/>
   <soapenv:Body>
      <v1:getAddressCountriesRequest>
         <v1:messageContext>
            <v11:messageId>${=import static java.util.UUID.randomUUID; uuid = randomUUID() as String}</v11:messageId>
            <!--Optional:-->
            <v11:timestamp>${=new java.text.SimpleDateFormat("yyyy-MM-dd'T'HH:mm:ss.SSS").format(new Date())}</v11:timestamp>
         </v1:messageContext>
         <v1:legalContext>ServiceIntegrator</v1:legalContext>
         <v1:request>
            <!--Optional:-->
            <v1:referenceDate>2016-10-10</v1:referenceDate>
         </v1:request>
      </v1:getAddressCountriesRequest>
   </soapenv:Body>
</soapenv:Envelope>]]></con:request><con:assertion type="SOAP Fault Assertion" id="a639be91-8af9-4d01-a7ad-c846af7e665b" name="Not SOAP Fault"/><con:assertion type="SOAP Response" id="ed4a5f0e-fd8c-432a-b859-763110269067" name="SOAP Response"/><con:assertion type="Schema Compliance" id="d82d38ac-ff5c-45bc-9f49-28b66ddbd3fa" name="Schema Compliance"><con:configuration/></con:assertion><con:wsaConfig action="http://fidus.brussels/services/countryservice/getAddressCountries"/></con:request></con:config></con:testStep><con:testStep type="request" id="83590c44-b2d5-478f-905b-58cf1aef5658" name="testcase04 - Staging Worker1 - Request"><con:settings/><con:config xsi:type="con:RequestStep" xmlns:xsi="http://www.w3.org/2001/XMLSchema-instance"><con:interface>CountryServiceHTTPBinding</con:interface><con:operation>getAddressCountries</con:operation><con:request name="testcase04 - Staging Worker1 - Request" id="4f2098ea-d6bd-450d-b284-c7c5dc3f755c" outgoingWss="Outflow STAG"><con:settings/><con:encoding>UTF-8</con:encoding><con:endpoint>https://192.168.24.57:8443/services/CountryService_v1.0</con:endpoint><con:request><![CDATA[<soapenv:Envelope xmlns:soapenv="http://schemas.xmlsoap.org/soap/envelope/" xmlns:v1="http://fidus.brussels/service/countryservice/messages/v1" xmlns:v11="http://fidus.brussels/type/common/messages/v1">
   <soapenv:Header/>
   <soapenv:Body>
      <v1:getAddressCountriesRequest>
         <v1:messageContext>
            <v11:messageId>${=import static java.util.UUID.randomUUID; uuid = randomUUID() as String}</v11:messageId>
            <!--Optional:-->
            <v11:timestamp>${=new java.text.SimpleDateFormat("yyyy-MM-dd'T'HH:mm:ss.SSS").format(new Date())}</v11:timestamp>
         </v1:messageContext>
         <v1:legalContext>ServiceIntegrator</v1:legalContext>
         <v1:request>
            <!--Optional:-->
            <v1:referenceDate>2016-10-10</v1:referenceDate>
         </v1:request>
      </v1:getAddressCountriesRequest>
   </soapenv:Body>
</soapenv:Envelope>]]></con:request><con:assertion type="SOAP Fault Assertion" id="dce335f0-907f-4e90-a3f7-6dd14db97d21" name="Not SOAP Fault"/><con:assertion type="SOAP Response" id="52029bcf-877c-481b-a959-df271adfde68" name="SOAP Response"/><con:assertion type="Schema Compliance" id="f21e6cce-a034-481a-92ef-c97ae3dd5e34" name="Schema Compliance"><con:configuration/></con:assertion><con:wsaConfig action="http://fidus.brussels/services/countryservice/getAddressCountries"/></con:request></con:config></con:testStep><con:testStep type="request" id="cec1f0cc-e60a-4640-87c7-eea0da01fe6f" name="testcase04 - Staging Worker2 - Request"><con:settings/><con:config xsi:type="con:RequestStep" xmlns:xsi="http://www.w3.org/2001/XMLSchema-instance"><con:interface>CountryServiceHTTPBinding</con:interface><con:operation>getAddressCountries</con:operation><con:request name="testcase04 - Staging Worker2 - Request" id="703b1268-4658-4229-829a-b989e04c3a01" outgoingWss="Outflow STAG"><con:settings/><con:encoding>UTF-8</con:encoding><con:endpoint>https://192.168.24.64:8443/services/CountryService_v1.0</con:endpoint><con:request><![CDATA[<soapenv:Envelope xmlns:soapenv="http://schemas.xmlsoap.org/soap/envelope/" xmlns:v1="http://fidus.brussels/service/countryservice/messages/v1" xmlns:v11="http://fidus.brussels/type/common/messages/v1">
   <soapenv:Header/>
   <soapenv:Body>
      <v1:getAddressCountriesRequest>
         <v1:messageContext>
            <v11:messageId>${=import static java.util.UUID.randomUUID; uuid = randomUUID() as String}</v11:messageId>
            <!--Optional:-->
            <v11:timestamp>${=new java.text.SimpleDateFormat("yyyy-MM-dd'T'HH:mm:ss.SSS").format(new Date())}</v11:timestamp>
         </v1:messageContext>
         <v1:legalContext>ServiceIntegrator</v1:legalContext>
         <v1:request>
            <!--Optional:-->
            <v1:referenceDate>2016-10-10</v1:referenceDate>
         </v1:request>
      </v1:getAddressCountriesRequest>
   </soapenv:Body>
</soapenv:Envelope>]]></con:request><con:assertion type="SOAP Fault Assertion" id="496788bf-9cc2-4a7e-a93f-8f1398da40db" name="Not SOAP Fault"/><con:assertion type="SOAP Response" id="aba3ae29-8f51-4178-a761-e3c553329d87" name="SOAP Response"/><con:assertion type="Schema Compliance" id="e912eb2a-f4a0-4043-af1d-726fd9a0fd63" name="Schema Compliance"><con:configuration/></con:assertion><con:wsaConfig action="http://fidus.brussels/services/countryservice/getAddressCountries"/></con:request></con:config></con:testStep><con:properties/></con:testCase><con:testCase id="2bfede6c-2b31-4bea-bc1b-831da74c1c03" failOnError="true" failTestCaseOnErrors="true" keepSession="false" maxResults="0" name="getAddressCountry" searchProperties="true"><con:settings/><con:testStep type="request" id="3de46f2e-f937-4072-976f-926fdc86a38d" name="testcase04 - Staging External - Request"><con:settings/><con:config xsi:type="con:RequestStep" xmlns:xsi="http://www.w3.org/2001/XMLSchema-instance"><con:interface>CountryServiceHTTPBinding</con:interface><con:operation>getAddressCountry</con:operation><con:request name="testcase04 - Staging External - Request" id="013ebe11-e191-44c1-8420-da606e79b35e" outgoingWss="Outflow STAG"><con:settings/><con:encoding>UTF-8</con:encoding><con:endpoint>https://fidus.irisnetlab.be/services/CountryService_v1.0</con:endpoint><con:request><![CDATA[<soapenv:Envelope xmlns:soapenv="http://schemas.xmlsoap.org/soap/envelope/" xmlns:v1="http://fidus.brussels/service/countryservice/messages/v1" xmlns:v11="http://fidus.brussels/type/common/messages/v1" xmlns:v12="http://fsb.belgium.be/mappingServices/countryService/messages/v1_00">
   <soapenv:Header/>
   <soapenv:Body>
      <v1:getAddressCountryRequest>
         <v1:messageContext>
            <v11:messageId>${=import static java.util.UUID.randomUUID; uuid = randomUUID() as String}</v11:messageId>
            <!--Optional:-->
            <v11:timestamp>${=new java.text.SimpleDateFormat("yyyy-MM-dd'T'HH:mm:ss.SSS").format(new Date())}</v11:timestamp>
         </v1:messageContext>
         <v1:legalContext>ServiceIntegrator</v1:legalContext>
         <v1:request>
            <!--You have a CHOICE of the next 4 items at this level-->
            <v12:iso-alpha2>BE</v12:iso-alpha2>
            <!--<v12:iso-alpha3 startDate="?" endDate="?" status="?">?</v12:iso-alpha3>-->
            <!--<v12:iso-num3 startDate="?" endDate="?" status="?">?</v12:iso-num3>-->
            <!--<v12:nis-num3 startDate="?" endDate="?" status="?">?</v12:nis-num3>-->
         </v1:request>
      </v1:getAddressCountryRequest>
   </soapenv:Body>
</soapenv:Envelope>]]></con:request><con:assertion type="SOAP Fault Assertion" id="7e7bae19-e773-4c6a-ae91-8d24428cdfa4" name="Not SOAP Fault"/><con:assertion type="SOAP Response" id="3ec64a77-6afe-4acb-ad47-7dfe51c824bc" name="SOAP Response"/><con:assertion type="Schema Compliance" id="7e21a922-8cda-4035-98c5-7365557631b6" name="Schema Compliance"><con:configuration/></con:assertion><con:wsaConfig action="http://fidus.brussels/services/countryservice/getAddressCountry"/></con:request></con:config></con:testStep><con:testStep type="request" id="58f0aaae-6810-4553-b36f-107b929e4098" name="testcase04 - Staging LB - Request"><con:settings/><con:config xsi:type="con:RequestStep" xmlns:xsi="http://www.w3.org/2001/XMLSchema-instance"><con:interface>CountryServiceHTTPBinding</con:interface><con:operation>getAddressCountry</con:operation><con:request name="testcase04 - Staging LB - Request" id="dd00108e-8a5c-4247-ab39-0b694a43e24d" outgoingWss="Outflow STAG"><con:settings/><con:encoding>UTF-8</con:encoding><con:endpoint>https://fidus-esb-sg.sta.srv.cirb.lan:8443/services/CountryService_v1.0</con:endpoint><con:request><![CDATA[<soapenv:Envelope xmlns:soapenv="http://schemas.xmlsoap.org/soap/envelope/" xmlns:v1="http://fidus.brussels/service/countryservice/messages/v1" xmlns:v11="http://fidus.brussels/type/common/messages/v1" xmlns:v12="http://fsb.belgium.be/mappingServices/countryService/messages/v1_00">
   <soapenv:Header/>
   <soapenv:Body>
      <v1:getAddressCountryRequest>
         <v1:messageContext>
            <v11:messageId>${=import static java.util.UUID.randomUUID; uuid = randomUUID() as String}</v11:messageId>
            <!--Optional:-->
            <v11:timestamp>${=new java.text.SimpleDateFormat("yyyy-MM-dd'T'HH:mm:ss.SSS").format(new Date())}</v11:timestamp>
         </v1:messageContext>
         <v1:legalContext>ServiceIntegrator</v1:legalContext>
         <v1:request>
            <!--You have a CHOICE of the next 4 items at this level-->
            <v12:iso-alpha2>BE</v12:iso-alpha2>
            <!--<v12:iso-alpha3 startDate="?" endDate="?" status="?">?</v12:iso-alpha3>-->
            <!--<v12:iso-num3 startDate="?" endDate="?" status="?">?</v12:iso-num3>-->
            <!--<v12:nis-num3 startDate="?" endDate="?" status="?">?</v12:nis-num3>-->
         </v1:request>
      </v1:getAddressCountryRequest>
   </soapenv:Body>
</soapenv:Envelope>]]></con:request><con:assertion type="SOAP Fault Assertion" id="5e88ef0d-3879-43b2-b0eb-9ab4bb6c1980" name="Not SOAP Fault"/><con:assertion type="SOAP Response" id="649e515f-1f4c-4267-b035-d1c7db7ae0a5" name="SOAP Response"/><con:assertion type="Schema Compliance" id="c76fc8a7-1d44-4447-b962-28200128341c" name="Schema Compliance"><con:configuration/></con:assertion><con:wsaConfig action="http://fidus.brussels/services/countryservice/getAddressCountry"/></con:request></con:config></con:testStep><con:testStep type="request" id="7dacfe6c-bdec-4acf-8f12-5d2d35cfa6fe" name="testcase04 - Staging Worker1 - Request"><con:settings/><con:config xsi:type="con:RequestStep" xmlns:xsi="http://www.w3.org/2001/XMLSchema-instance"><con:interface>CountryServiceHTTPBinding</con:interface><con:operation>getAddressCountry</con:operation><con:request name="testcase04 - Staging Worker1 - Request" id="20210751-13f2-41c5-af5e-63c4ecbd5f97" outgoingWss="Outflow STAG"><con:settings/><con:encoding>UTF-8</con:encoding><con:endpoint>https://192.168.24.57:8443/services/CountryService_v1.0</con:endpoint><con:request><![CDATA[<soapenv:Envelope xmlns:soapenv="http://schemas.xmlsoap.org/soap/envelope/" xmlns:v1="http://fidus.brussels/service/countryservice/messages/v1" xmlns:v11="http://fidus.brussels/type/common/messages/v1" xmlns:v12="http://fsb.belgium.be/mappingServices/countryService/messages/v1_00">
   <soapenv:Header/>
   <soapenv:Body>
      <v1:getAddressCountryRequest>
         <v1:messageContext>
            <v11:messageId>${=import static java.util.UUID.randomUUID; uuid = randomUUID() as String}</v11:messageId>
            <!--Optional:-->
            <v11:timestamp>${=new java.text.SimpleDateFormat("yyyy-MM-dd'T'HH:mm:ss.SSS").format(new Date())}</v11:timestamp>
         </v1:messageContext>
         <v1:legalContext>ServiceIntegrator</v1:legalContext>
         <v1:request>
            <!--You have a CHOICE of the next 4 items at this level-->
            <v12:iso-alpha2>BE</v12:iso-alpha2>
            <!--<v12:iso-alpha3 startDate="?" endDate="?" status="?">?</v12:iso-alpha3>-->
            <!--<v12:iso-num3 startDate="?" endDate="?" status="?">?</v12:iso-num3>-->
            <!--<v12:nis-num3 startDate="?" endDate="?" status="?">?</v12:nis-num3>-->
         </v1:request>
      </v1:getAddressCountryRequest>
   </soapenv:Body>
</soapenv:Envelope>]]></con:request><con:assertion type="SOAP Fault Assertion" id="351c5f92-daf9-44c8-beb4-0ab13a0686a6" name="Not SOAP Fault"/><con:assertion type="SOAP Response" id="a7ef4bd3-b334-4a4b-b32b-6c7aaf5a72dd" name="SOAP Response"/><con:assertion type="Schema Compliance" id="83b7ca9f-5d78-473a-a5b9-e5b9590fd445" name="Schema Compliance"><con:configuration/></con:assertion><con:wsaConfig action="http://fidus.brussels/services/countryservice/getAddressCountry"/></con:request></con:config></con:testStep><con:testStep type="request" id="f05927b2-8bea-473e-8946-3c8e92042bb5" name="testcase04 - Staging Worker2 - Request"><con:settings/><con:config xsi:type="con:RequestStep" xmlns:xsi="http://www.w3.org/2001/XMLSchema-instance"><con:interface>CountryServiceHTTPBinding</con:interface><con:operation>getAddressCountry</con:operation><con:request name="testcase04 - Staging Worker2 - Request" id="682f9aff-9fec-40ed-b7bc-95a4686fef8b" outgoingWss="Outflow STAG"><con:settings/><con:encoding>UTF-8</con:encoding><con:endpoint>https://192.168.24.64:8443/services/CountryService_v1.0</con:endpoint><con:request><![CDATA[<soapenv:Envelope xmlns:soapenv="http://schemas.xmlsoap.org/soap/envelope/" xmlns:v1="http://fidus.brussels/service/countryservice/messages/v1" xmlns:v11="http://fidus.brussels/type/common/messages/v1" xmlns:v12="http://fsb.belgium.be/mappingServices/countryService/messages/v1_00">
   <soapenv:Header/>
   <soapenv:Body>
      <v1:getAddressCountryRequest>
         <v1:messageContext>
            <v11:messageId>${=import static java.util.UUID.randomUUID; uuid = randomUUID() as String}</v11:messageId>
            <!--Optional:-->
            <v11:timestamp>${=new java.text.SimpleDateFormat("yyyy-MM-dd'T'HH:mm:ss.SSS").format(new Date())}</v11:timestamp>
         </v1:messageContext>
         <v1:legalContext>ServiceIntegrator</v1:legalContext>
         <v1:request>
            <!--You have a CHOICE of the next 4 items at this level-->
            <v12:iso-alpha2>BE</v12:iso-alpha2>
            <!--<v12:iso-alpha3 startDate="?" endDate="?" status="?">?</v12:iso-alpha3>-->
            <!--<v12:iso-num3 startDate="?" endDate="?" status="?">?</v12:iso-num3>-->
            <!--<v12:nis-num3 startDate="?" endDate="?" status="?">?</v12:nis-num3>-->
         </v1:request>
      </v1:getAddressCountryRequest>
   </soapenv:Body>
</soapenv:Envelope>]]></con:request><con:assertion type="SOAP Fault Assertion" id="880fc5e2-faab-4ff9-b76e-fbed10c8710d" name="Not SOAP Fault"/><con:assertion type="SOAP Response" id="c2b17504-4af5-4eaf-974d-bb967d8743dc" name="SOAP Response"/><con:assertion type="Schema Compliance" id="a198b16f-4d0c-48c1-89a4-a381dbe5b273" name="Schema Compliance"><con:configuration/></con:assertion><con:wsaConfig action="http://fidus.brussels/services/countryservice/getAddressCountry"/></con:request></con:config></con:testStep><con:properties/></con:testCase><con:testCase id="47e75f91-b293-48ed-a3db-1a7332c766f1" failOnError="true" failTestCaseOnErrors="true" keepSession="false" maxResults="0" name="getAddressCountryHistory" searchProperties="true"><con:settings/><con:testStep type="request" id="d37e3698-6d39-4238-93a7-29931377ffe9" name="testcase04 - Staging External - Request"><con:settings/><con:config xsi:type="con:RequestStep" xmlns:xsi="http://www.w3.org/2001/XMLSchema-instance"><con:interface>CountryServiceHTTPBinding</con:interface><con:operation>getAddressCountryHistory</con:operation><con:request name="testcase04 - Staging External - Request" id="40fb0852-ff08-4ce4-be08-8d0414ae046d" outgoingWss="Outflow STAG"><con:settings/><con:encoding>UTF-8</con:encoding><con:endpoint>https://fidus.irisnetlab.be/services/CountryService_v1.0</con:endpoint><con:request><![CDATA[<soapenv:Envelope xmlns:soapenv="http://schemas.xmlsoap.org/soap/envelope/" xmlns:v1="http://fidus.brussels/service/countryservice/messages/v1" xmlns:v11="http://fidus.brussels/type/common/messages/v1" xmlns:v12="http://fsb.belgium.be/mappingServices/countryService/messages/v1_00">
   <soapenv:Header/>
   <soapenv:Body>
      <v1:getAddressCountryHistoryRequest>
         <v1:messageContext>
            <v11:messageId>${=import static java.util.UUID.randomUUID; uuid = randomUUID() as String}</v11:messageId>
            <v11:timestamp>${=new java.text.SimpleDateFormat("yyyy-MM-dd'T'HH:mm:ss.SSS").format(new Date())}</v11:timestamp>
         </v1:messageContext>
         <v1:legalContext>ServiceIntegrator</v1:legalContext>
         <v1:request>
            <v12:iso-alpha2>FR</v12:iso-alpha2>
            <v12:referenceDate>2016-10-10</v12:referenceDate>
         </v1:request>
      </v1:getAddressCountryHistoryRequest>
   </soapenv:Body>
</soapenv:Envelope>]]></con:request><con:assertion type="SOAP Fault Assertion" id="8e8fa378-098d-4f69-9b1a-7d5aa4274760" name="Not SOAP Fault"/><con:assertion type="SOAP Response" id="778eacb4-398c-47ff-aefd-fef6550b1ff4" name="SOAP Response"/><con:assertion type="Schema Compliance" id="5fe053ca-7ee7-4671-a089-7a87fe2b1d51" name="Schema Compliance"><con:configuration/></con:assertion><con:wsaConfig action="http://fidus.brussels/services/countryservice/getAddressCountryHistory"/></con:request></con:config></con:testStep><con:testStep type="request" id="862fda51-1884-4fb4-bbbe-3f3096f93410" name="testcase04 - Staging LB - Request"><con:settings/><con:config xsi:type="con:RequestStep" xmlns:xsi="http://www.w3.org/2001/XMLSchema-instance"><con:interface>CountryServiceHTTPBinding</con:interface><con:operation>getAddressCountryHistory</con:operation><con:request name="testcase04 - Staging LB - Request" id="a0d4894f-483c-41c7-af7f-0b15383e258b" outgoingWss="Outflow STAG"><con:settings/><con:encoding>UTF-8</con:encoding><con:endpoint>https://fidus-esb-sg.sta.srv.cirb.lan:8443/services/CountryService_v1.0</con:endpoint><con:request><![CDATA[<soapenv:Envelope xmlns:soapenv="http://schemas.xmlsoap.org/soap/envelope/" xmlns:v1="http://fidus.brussels/service/countryservice/messages/v1" xmlns:v11="http://fidus.brussels/type/common/messages/v1" xmlns:v12="http://fsb.belgium.be/mappingServices/countryService/messages/v1_00">
   <soapenv:Header/>
   <soapenv:Body>
      <v1:getAddressCountryHistoryRequest>
         <v1:messageContext>
            <v11:messageId>${=import static java.util.UUID.randomUUID; uuid = randomUUID() as String}</v11:messageId>
            <v11:timestamp>${=new java.text.SimpleDateFormat("yyyy-MM-dd'T'HH:mm:ss.SSS").format(new Date())}</v11:timestamp>
         </v1:messageContext>
         <v1:legalContext>ServiceIntegrator</v1:legalContext>
         <v1:request>
            <v12:iso-alpha2>BE</v12:iso-alpha2>
            <v12:referenceDate>2016-10-10</v12:referenceDate>
         </v1:request>
      </v1:getAddressCountryHistoryRequest>
   </soapenv:Body>
</soapenv:Envelope>]]></con:request><con:assertion type="SOAP Fault Assertion" id="f46df799-39de-4f64-819f-9224c59cb887" name="Not SOAP Fault"/><con:assertion type="SOAP Response" id="7b810a60-75f2-4982-bec7-fa111a8d1d4d" name="SOAP Response"/><con:assertion type="Schema Compliance" id="26dd26e6-063d-4fba-acf9-f541b9caa3c6" name="Schema Compliance"><con:configuration/></con:assertion><con:wsaConfig action="http://fidus.brussels/services/countryservice/getAddressCountryHistory"/></con:request></con:config></con:testStep><con:testStep type="request" id="44c9d5a0-84ed-4d0b-8f3a-264ec2a56692" name="testcase04 - Staging Worker1 - Request"><con:settings/><con:config xsi:type="con:RequestStep" xmlns:xsi="http://www.w3.org/2001/XMLSchema-instance"><con:interface>CountryServiceHTTPBinding</con:interface><con:operation>getAddressCountryHistory</con:operation><con:request name="testcase04 - Staging Worker1 - Request" id="2fb304fb-b31d-42a4-929b-1855c59ebbc5" outgoingWss="Outflow STAG"><con:settings/><con:encoding>UTF-8</con:encoding><con:endpoint>https://192.168.24.57:8443/services/CountryService_v1.0</con:endpoint><con:request><![CDATA[<soapenv:Envelope xmlns:soapenv="http://schemas.xmlsoap.org/soap/envelope/" xmlns:v1="http://fidus.brussels/service/countryservice/messages/v1" xmlns:v11="http://fidus.brussels/type/common/messages/v1" xmlns:v12="http://fsb.belgium.be/mappingServices/countryService/messages/v1_00">
   <soapenv:Header/>
   <soapenv:Body>
      <v1:getAddressCountryHistoryRequest>
         <v1:messageContext>
            <v11:messageId>${=import static java.util.UUID.randomUUID; uuid = randomUUID() as String}</v11:messageId>
            <!--Optional:-->
            <v11:timestamp>${=new java.text.SimpleDateFormat("yyyy-MM-dd'T'HH:mm:ss.SSS").format(new Date())}</v11:timestamp>
         </v1:messageContext>
         <v1:legalContext>ServiceIntegrator</v1:legalContext>
         <v1:request>
            <v12:iso-alpha2>NL</v12:iso-alpha2>
            <!--Optional:-->
            
         </v1:request>
      </v1:getAddressCountryHistoryRequest>
   </soapenv:Body>
</soapenv:Envelope>]]></con:request><con:assertion type="SOAP Fault Assertion" id="9c4f8314-82dc-4d66-bd73-c21d6fb53cb5" name="Not SOAP Fault"/><con:assertion type="SOAP Response" id="509e12eb-ef21-43df-9330-4117f99df769" name="SOAP Response"/><con:assertion type="Schema Compliance" id="dfdf89b8-71c2-408a-9028-185a5f58bb53" name="Schema Compliance"><con:configuration/></con:assertion><con:wsaConfig action="http://fidus.brussels/services/countryservice/getAddressCountryHistory"/></con:request></con:config></con:testStep><con:testStep type="request" id="4970a637-a493-46f7-9443-c07ffd63f1c8" name="testcase04 - Staging Worker2 - Request"><con:settings/><con:config xsi:type="con:RequestStep" xmlns:xsi="http://www.w3.org/2001/XMLSchema-instance"><con:interface>CountryServiceHTTPBinding</con:interface><con:operation>getAddressCountryHistory</con:operation><con:request name="testcase04 - Staging Worker2 - Request" id="490946c1-1b15-436e-9b4d-d3696c45bb26" outgoingWss="Outflow STAG"><con:settings/><con:encoding>UTF-8</con:encoding><con:endpoint>https://192.168.24.64:8443/services/CountryService_v1.0</con:endpoint><con:request><![CDATA[<soapenv:Envelope xmlns:soapenv="http://schemas.xmlsoap.org/soap/envelope/" xmlns:v1="http://fidus.brussels/service/countryservice/messages/v1" xmlns:v11="http://fidus.brussels/type/common/messages/v1" xmlns:v12="http://fsb.belgium.be/mappingServices/countryService/messages/v1_00">
   <soapenv:Header/>
   <soapenv:Body>
      <v1:getAddressCountryHistoryRequest>
         <v1:messageContext>
            <v11:messageId>${=import static java.util.UUID.randomUUID; uuid = randomUUID() as String}</v11:messageId>
            <v11:timestamp>${=new java.text.SimpleDateFormat("yyyy-MM-dd'T'HH:mm:ss.SSS").format(new Date())}</v11:timestamp>
         </v1:messageContext>
         <v1:legalContext>ServiceIntegrator</v1:legalContext>
         <v1:request>
            <v12:iso-alpha2>AU</v12:iso-alpha2>
            <v12:referenceDate>2016-10-10</v12:referenceDate>
         </v1:request>
      </v1:getAddressCountryHistoryRequest>
   </soapenv:Body>
</soapenv:Envelope>]]></con:request><con:assertion type="SOAP Fault Assertion" id="69c268f7-5d98-4c74-8bd7-26bc8a1d14b8" name="Not SOAP Fault"/><con:assertion type="SOAP Response" id="1db1e7c5-c4ae-4622-8979-81e5c14c283e" name="SOAP Response"/><con:assertion type="Schema Compliance" id="8c89951b-fd72-478c-be8c-4c3557650c12" name="Schema Compliance"><con:configuration/></con:assertion><con:wsaConfig action="http://fidus.brussels/services/countryservice/getAddressCountryHistory"/></con:request></con:config></con:testStep><con:properties/></con:testCase><con:testCase id="962cbff8-b130-4d20-819f-492318f7fcc0" failOnError="true" failTestCaseOnErrors="true" keepSession="false" maxResults="0" name="getAllIsoCodes" searchProperties="true"><con:settings/><con:testStep type="request" id="b11d64ea-9a77-48bc-be5f-fcee0e4801d3" name="testcase04 - Staging External - Request"><con:settings/><con:config xsi:type="con:RequestStep" xmlns:xsi="http://www.w3.org/2001/XMLSchema-instance"><con:interface>CountryServiceHTTPBinding</con:interface><con:operation>getAllIsoCodes</con:operation><con:request name="testcase04 - Staging External - Request" id="378660b2-4f56-464d-b4c5-55014e96a64e" outgoingWss="Outflow STAG"><con:settings/><con:encoding>UTF-8</con:encoding><con:endpoint>https://fidus.irisnetlab.be/services/CountryService_v1.0</con:endpoint><con:request><![CDATA[<soapenv:Envelope xmlns:soapenv="http://schemas.xmlsoap.org/soap/envelope/" xmlns:v1="http://fidus.brussels/service/countryservice/messages/v1" xmlns:v11="http://fidus.brussels/type/common/messages/v1">
   <soapenv:Header/>
   <soapenv:Body>
      <v1:getAllIsoCodesRequest>
         <v1:messageContext>
         	  <v11:messageId>${=import static java.util.UUID.randomUUID; uuid = randomUUID() as String}</v11:messageId>
            <v11:timestamp>${=new java.text.SimpleDateFormat("yyyy-MM-dd'T'HH:mm:ss.SSS").format(new Date())}</v11:timestamp>
         </v1:messageContext>
         <v1:legalContext>ServiceIntegrator</v1:legalContext>
         <v1:request>
            <!--Optional:-->
            <v1:referenceDate>2016-10-06</v1:referenceDate>
         </v1:request>
      </v1:getAllIsoCodesRequest>
   </soapenv:Body>
</soapenv:Envelope>]]></con:request><con:assertion type="SOAP Fault Assertion" id="597073f3-3cb7-48e5-ad33-f62cf717483a" name="Not SOAP Fault"/><con:assertion type="SOAP Response" id="7ad5134f-8df2-4efb-9b10-57f92d59fbf5" name="SOAP Response"/><con:assertion type="Schema Compliance" id="3a3fe28a-77ec-47f0-8875-a2cff83bcd1e" name="Schema Compliance"><con:configuration/></con:assertion><con:wsaConfig action="http://fidus.brussels/services/countryservice/getAllIsoCodes"/></con:request></con:config></con:testStep><con:testStep type="request" id="f16cab68-f146-4f99-aeb7-8025eb608ab6" name="testcase04 - Staging LB - Request"><con:settings/><con:config xsi:type="con:RequestStep" xmlns:xsi="http://www.w3.org/2001/XMLSchema-instance"><con:interface>CountryServiceHTTPBinding</con:interface><con:operation>getAllIsoCodes</con:operation><con:request name="testcase04 - Staging LB - Request" id="a7886669-c163-4f60-87bb-5bc9c05af9c2" outgoingWss="Outflow STAG"><con:settings/><con:encoding>UTF-8</con:encoding><con:endpoint>https://fidus-esb-sg.sta.srv.cirb.lan:8443/services/CountryService_v1.0</con:endpoint><con:request><![CDATA[<soapenv:Envelope xmlns:soapenv="http://schemas.xmlsoap.org/soap/envelope/" xmlns:v1="http://fidus.brussels/service/countryservice/messages/v1" xmlns:v11="http://fidus.brussels/type/common/messages/v1">
   <soapenv:Header/>
   <soapenv:Body>
      <v1:getAllIsoCodesRequest>
         <v1:messageContext>
         	  <v11:messageId>${=import static java.util.UUID.randomUUID; uuid = randomUUID() as String}</v11:messageId>
            <v11:timestamp>${=new java.text.SimpleDateFormat("yyyy-MM-dd'T'HH:mm:ss.SSS").format(new Date())}</v11:timestamp>
         </v1:messageContext>
         <v1:legalContext>ServiceIntegrator</v1:legalContext>
         <v1:request>
            <!--Optional:-->
            <v1:referenceDate>2016-10-06</v1:referenceDate>
         </v1:request>
      </v1:getAllIsoCodesRequest>
   </soapenv:Body>
</soapenv:Envelope>]]></con:request><con:assertion type="SOAP Fault Assertion" id="557cb1aa-5d71-4fc6-9f91-c4ef41bc6cd9" name="Not SOAP Fault"/><con:assertion type="SOAP Response" id="2086b8b5-6e29-483f-98b0-5ffaa86596ed" name="SOAP Response"/><con:assertion type="Schema Compliance" id="c9e860e8-4514-465d-8832-c729910a622d" name="Schema Compliance"><con:configuration/></con:assertion><con:wsaConfig action="http://fidus.brussels/services/countryservice/getAllIsoCodes"/></con:request></con:config></con:testStep><con:testStep type="request" id="7b66c0aa-66df-4789-99ee-1d0ef1ab9dfb" name="testcase04 - Staging Worker1 - Request"><con:settings/><con:config xsi:type="con:RequestStep" xmlns:xsi="http://www.w3.org/2001/XMLSchema-instance"><con:interface>CountryServiceHTTPBinding</con:interface><con:operation>getAllIsoCodes</con:operation><con:request name="testcase04 - Staging Worker1 - Request" id="11aa03f6-30db-4037-a805-1856461610b8" outgoingWss="Outflow STAG"><con:settings/><con:encoding>UTF-8</con:encoding><con:endpoint>https://192.168.24.57:8443/services/CountryService_v1.0</con:endpoint><con:request><![CDATA[<soapenv:Envelope xmlns:soapenv="http://schemas.xmlsoap.org/soap/envelope/" xmlns:v1="http://fidus.brussels/service/countryservice/messages/v1" xmlns:v11="http://fidus.brussels/type/common/messages/v1">
   <soapenv:Header/>
   <soapenv:Body>
      <v1:getAllIsoCodesRequest>
         <v1:messageContext>
         	  <v11:messageId>${=import static java.util.UUID.randomUUID; uuid = randomUUID() as String}</v11:messageId>
            <v11:timestamp>${=new java.text.SimpleDateFormat("yyyy-MM-dd'T'HH:mm:ss.SSS").format(new Date())}</v11:timestamp>
         </v1:messageContext>
         <v1:legalContext>ServiceIntegrator</v1:legalContext>
         <v1:request>
            <!--Optional:-->
            <v1:referenceDate>2016-10-06</v1:referenceDate>
         </v1:request>
      </v1:getAllIsoCodesRequest>
   </soapenv:Body>
</soapenv:Envelope>]]></con:request><con:assertion type="SOAP Fault Assertion" id="4df9ff4a-68e7-4727-9875-0c234c9e9a05" name="Not SOAP Fault"/><con:assertion type="SOAP Response" id="f5f909af-bdfc-4f74-9195-cee550b0f04c" name="SOAP Response"/><con:assertion type="Schema Compliance" id="affcbfe0-cb5f-4b12-8e6d-4d6d70aa8469" name="Schema Compliance"><con:configuration/></con:assertion><con:wsaConfig action="http://fidus.brussels/services/countryservice/getAllIsoCodes"/></con:request></con:config></con:testStep><con:testStep type="request" id="74ef49ad-5779-4d6b-905b-56e50d410dae" name="testcase04 - Staging Worker2 - Request"><con:settings/><con:config xsi:type="con:RequestStep" xmlns:xsi="http://www.w3.org/2001/XMLSchema-instance"><con:interface>CountryServiceHTTPBinding</con:interface><con:operation>getAllIsoCodes</con:operation><con:request name="testcase04 - Staging Worker2 - Request" id="2fd1cba8-e4f7-4147-bbb8-c038c161e198" outgoingWss="Outflow STAG"><con:settings/><con:encoding>UTF-8</con:encoding><con:endpoint>https://192.168.24.64:8443/services/CountryService_v1.0</con:endpoint><con:request><![CDATA[<soapenv:Envelope xmlns:soapenv="http://schemas.xmlsoap.org/soap/envelope/" xmlns:v1="http://fidus.brussels/service/countryservice/messages/v1" xmlns:v11="http://fidus.brussels/type/common/messages/v1">
   <soapenv:Header/>
   <soapenv:Body>
      <v1:getAllIsoCodesRequest>
         <v1:messageContext>
         	  <v11:messageId>${=import static java.util.UUID.randomUUID; uuid = randomUUID() as String}</v11:messageId>
            <v11:timestamp>${=new java.text.SimpleDateFormat("yyyy-MM-dd'T'HH:mm:ss.SSS").format(new Date())}</v11:timestamp>
         </v1:messageContext>
         <v1:legalContext>ServiceIntegrator</v1:legalContext>
         <v1:request>
            <!--Optional:-->
            <v1:referenceDate>2016-10-06</v1:referenceDate>
         </v1:request>
      </v1:getAllIsoCodesRequest>
   </soapenv:Body>
</soapenv:Envelope>]]></con:request><con:assertion type="SOAP Fault Assertion" id="4165dfb1-4394-4441-a63d-b85b2e3c9c8d" name="Not SOAP Fault"/><con:assertion type="SOAP Response" id="82e51602-f536-4f6b-81bd-85d18aebcc69" name="SOAP Response"/><con:assertion type="Schema Compliance" id="4da58bc1-9de5-4c0c-80a7-2ca6d8cdf673" name="Schema Compliance"><con:configuration/></con:assertion><con:wsaConfig action="http://fidus.brussels/services/countryservice/getAllIsoCodes"/></con:request></con:config></con:testStep><con:properties/></con:testCase><con:testCase id="70c5b036-8105-4f26-aefe-8db4ef0b9ecd" failOnError="true" failTestCaseOnErrors="true" keepSession="false" maxResults="0" name="getAllNisCodes" searchProperties="true"><con:settings/><con:testStep type="request" id="a2f25222-b15a-4667-bf0c-6259075631d7" name="testcase04 - Staging External - Request"><con:settings/><con:config xsi:type="con:RequestStep" xmlns:xsi="http://www.w3.org/2001/XMLSchema-instance"><con:interface>CountryServiceHTTPBinding</con:interface><con:operation>getAllNisCodes</con:operation><con:request name="testcase04 - Staging External - Request" id="5e357268-d40b-4134-b4d9-cc24f4df79bc" outgoingWss="Outflow STAG"><con:settings/><con:encoding>UTF-8</con:encoding><con:endpoint>https://fidus.irisnetlab.be/services/CountryService_v1.0</con:endpoint><con:request><![CDATA[<soapenv:Envelope xmlns:soapenv="http://schemas.xmlsoap.org/soap/envelope/" xmlns:v1="http://fidus.brussels/service/countryservice/messages/v1" xmlns:v11="http://fidus.brussels/type/common/messages/v1">
   <soapenv:Header/>
   <soapenv:Body>
      <v1:getAllNisCodesRequest>
         <v1:messageContext>
            <v11:messageId>${=import static java.util.UUID.randomUUID; uuid = randomUUID() as String}</v11:messageId>            
            <v11:timestamp>${=new java.text.SimpleDateFormat("yyyy-MM-dd'T'HH:mm:ss.SSS").format(new Date())}</v11:timestamp>
         </v1:messageContext>
         <v1:legalContext>ServiceIntegrator</v1:legalContext>
         <v1:request>
            <!--Optional:-->
            <v1:referenceDate>2016-10-13</v1:referenceDate>
         </v1:request>
      </v1:getAllNisCodesRequest>
   </soapenv:Body>
</soapenv:Envelope>]]></con:request><con:assertion type="SOAP Fault Assertion" id="db9fda45-804d-4acd-be50-203c9331daa6" name="Not SOAP Fault"/><con:assertion type="SOAP Response" id="b202e288-2811-4189-be73-3a7af3e8b3cf" name="SOAP Response"/><con:assertion type="Schema Compliance" id="d0d7a7bd-c359-4084-9588-b6d6bf2eb180" name="Schema Compliance"><con:configuration/></con:assertion><con:wsaConfig action="http://fidus.brussels/services/countryservice/getAllNisCodes"/></con:request></con:config></con:testStep><con:testStep type="request" id="723b1045-b571-40e8-81ec-039f54219908" name="testcase04 - Staging LB - Request"><con:settings/><con:config xsi:type="con:RequestStep" xmlns:xsi="http://www.w3.org/2001/XMLSchema-instance"><con:interface>CountryServiceHTTPBinding</con:interface><con:operation>getAllNisCodes</con:operation><con:request name="testcase04 - Staging LB - Request" id="37e88fa3-3ceb-4c70-87e6-77224c340502" outgoingWss="Outflow STAG"><con:settings/><con:encoding>UTF-8</con:encoding><con:endpoint>https://fidus-esb-sg.sta.srv.cirb.lan:8443/services/CountryService_v1.0</con:endpoint><con:request><![CDATA[<soapenv:Envelope xmlns:soapenv="http://schemas.xmlsoap.org/soap/envelope/" xmlns:v1="http://fidus.brussels/service/countryservice/messages/v1" xmlns:v11="http://fidus.brussels/type/common/messages/v1">
   <soapenv:Header/>
   <soapenv:Body>
      <v1:getAllNisCodesRequest>
         <v1:messageContext>
            <v11:messageId>${=import static java.util.UUID.randomUUID; uuid = randomUUID() as String}</v11:messageId>            
            <v11:timestamp>${=new java.text.SimpleDateFormat("yyyy-MM-dd'T'HH:mm:ss.SSS").format(new Date())}</v11:timestamp>
         </v1:messageContext>
         <v1:legalContext>ServiceIntegrator</v1:legalContext>
         <v1:request>
            <!--Optional:-->
            <v1:referenceDate>2016-10-13</v1:referenceDate>
         </v1:request>
      </v1:getAllNisCodesRequest>
   </soapenv:Body>
</soapenv:Envelope>]]></con:request><con:assertion type="SOAP Fault Assertion" id="cbb51ffa-f43b-47a9-807a-2c9e1444bad2" name="Not SOAP Fault"/><con:assertion type="SOAP Response" id="e7b1711f-92eb-4b9c-a898-382f499758b0" name="SOAP Response"/><con:assertion type="Schema Compliance" id="b57e5987-5a97-4491-b020-2ceef0112fda" name="Schema Compliance"><con:configuration/></con:assertion><con:wsaConfig action="http://fidus.brussels/services/countryservice/getAllNisCodes"/></con:request></con:config></con:testStep><con:testStep type="request" id="51c9ddad-4ddd-454c-b9a5-2aec326a903e" name="testcase04 - Staging Worker1 - Request"><con:settings/><con:config xsi:type="con:RequestStep" xmlns:xsi="http://www.w3.org/2001/XMLSchema-instance"><con:interface>CountryServiceHTTPBinding</con:interface><con:operation>getAllNisCodes</con:operation><con:request name="testcase04 - Staging Worker1 - Request" id="a1e9987a-8461-472f-b74e-52aab9484288" outgoingWss="Outflow STAG"><con:settings/><con:encoding>UTF-8</con:encoding><con:endpoint>https://192.168.24.57:8443/services/CountryService_v1.0</con:endpoint><con:request><![CDATA[<soapenv:Envelope xmlns:soapenv="http://schemas.xmlsoap.org/soap/envelope/" xmlns:v1="http://fidus.brussels/service/countryservice/messages/v1" xmlns:v11="http://fidus.brussels/type/common/messages/v1">
   <soapenv:Header/>
   <soapenv:Body>
      <v1:getAllNisCodesRequest>
         <v1:messageContext>
            <v11:messageId>${=import static java.util.UUID.randomUUID; uuid = randomUUID() as String}</v11:messageId>            
            <v11:timestamp>${=new java.text.SimpleDateFormat("yyyy-MM-dd'T'HH:mm:ss.SSS").format(new Date())}</v11:timestamp>
         </v1:messageContext>
         <v1:legalContext>ServiceIntegrator</v1:legalContext>
         <v1:request>
            <!--Optional:-->
            <v1:referenceDate>2016-10-13</v1:referenceDate>
         </v1:request>
      </v1:getAllNisCodesRequest>
   </soapenv:Body>
</soapenv:Envelope>]]></con:request><con:assertion type="SOAP Fault Assertion" id="d00f6c83-7b31-48a9-bdbd-8a5d3e8df443" name="Not SOAP Fault"/><con:assertion type="SOAP Response" id="3dbe2c2a-6bb6-4bff-ad5d-67cbf90cd492" name="SOAP Response"/><con:assertion type="Schema Compliance" id="6d1a9254-7813-43a5-8e87-8b38b3df00fc" name="Schema Compliance"><con:configuration/></con:assertion><con:wsaConfig action="http://fidus.brussels/services/countryservice/getAllNisCodes"/></con:request></con:config></con:testStep><con:properties/></con:testCase><con:testCase id="d45dd496-a40c-4d62-a7f0-2eb8e56e866f" failOnError="true" failTestCaseOnErrors="true" keepSession="false" maxResults="0" name="getNationalities" searchProperties="true"><con:settings/><con:testStep type="request" id="7f1a92bf-ffd7-4675-bc7b-2dfc5cc90c8a" name="testcase04 - Staging External - Request"><con:settings/><con:config xsi:type="con:RequestStep" xmlns:xsi="http://www.w3.org/2001/XMLSchema-instance"><con:interface>CountryServiceHTTPBinding</con:interface><con:operation>getNationalities</con:operation><con:request name="testcase04 - Staging External - Request" id="7302aa0c-1d07-4612-96d8-fe394ea62e70" outgoingWss="Outflow STAG"><con:settings/><con:encoding>UTF-8</con:encoding><con:endpoint>https://fidus.irisnetlab.be/services/CountryService_v1.0</con:endpoint><con:request><![CDATA[<soapenv:Envelope xmlns:soapenv="http://schemas.xmlsoap.org/soap/envelope/" xmlns:v1="http://fidus.brussels/service/countryservice/messages/v1" xmlns:v11="http://fidus.brussels/type/common/messages/v1">
   <soapenv:Header/>
   <soapenv:Body>
      <v1:getNationalitiesRequest>
         <v1:messageContext>
            <v11:messageId>${=import static java.util.UUID.randomUUID; uuid = randomUUID() as String}</v11:messageId>
            <!--Optional:-->
            <v11:timestamp>${=new java.text.SimpleDateFormat("yyyy-MM-dd'T'HH:mm:ss.SSS").format(new Date())}</v11:timestamp>
         </v1:messageContext>
         <v1:legalContext>ServiceIntegrator</v1:legalContext>
         <v1:request>
            <!--Optional:-->
            <v1:referenceDate>2016-10-13</v1:referenceDate>
         </v1:request>
      </v1:getNationalitiesRequest>
   </soapenv:Body>
</soapenv:Envelope>]]></con:request><con:assertion type="SOAP Fault Assertion" id="06e5f366-1373-4c21-81a2-c2d1f1133024" name="Not SOAP Fault"/><con:assertion type="SOAP Response" id="008a5dc6-a63c-44b1-992b-40bc5489235c" name="SOAP Response"/><con:assertion type="Schema Compliance" id="4ff7b2d0-2583-412f-9590-16497773b212" name="Schema Compliance"><con:configuration/></con:assertion><con:wsaConfig action="http://fidus.brussels/services/countryservice/getNationalities"/></con:request></con:config></con:testStep><con:properties/></con:testCase><con:testCase id="e099c754-5536-4c6a-bac2-13b2b17e5bab" failOnError="true" failTestCaseOnErrors="true" keepSession="false" maxResults="0" name="getNationality" searchProperties="true"><con:settings/><con:testStep type="request" id="4aa4a2db-82e3-46f9-bc93-af90a88fe46d" name="testcase04 - Staging External -Request"><con:settings/><con:config xsi:type="con:RequestStep" xmlns:xsi="http://www.w3.org/2001/XMLSchema-instance"><con:interface>CountryServiceHTTPBinding</con:interface><con:operation>getNationality</con:operation><con:request name="testcase04 - Staging External -Request" id="0de5eff8-1d99-40b5-9d3c-ec1310ef8bf8" outgoingWss="Outflow STAG"><con:settings/><con:encoding>UTF-8</con:encoding><con:endpoint>https://fidus.irisnetlab.be/services/CountryService_v1.0</con:endpoint><con:request><![CDATA[<soapenv:Envelope xmlns:soapenv="http://schemas.xmlsoap.org/soap/envelope/" xmlns:v1="http://fidus.brussels/service/countryservice/messages/v1" xmlns:v11="http://fidus.brussels/type/common/messages/v1" xmlns:v12="http://fsb.belgium.be/mappingServices/countryService/messages/v1_00">
   <soapenv:Header/>
   <soapenv:Body>
      <v1:getNationalityRequest>
         <v1:messageContext>
         	  <v11:messageId>${=import static java.util.UUID.randomUUID; uuid = randomUUID() as String}</v11:messageId>
            <v11:timestamp>${=new java.text.SimpleDateFormat("yyyy-MM-dd'T'HH:mm:ss.SSS").format(new Date())}</v11:timestamp>
         </v1:messageContext>
         <v1:legalContext>ServiceIntegrator</v1:legalContext>
         <v1:request>
            <!--You have a CHOICE of the next 4 items at this level-->
            <v12:iso-alpha2>BE</v12:iso-alpha2>          
         </v1:request>
      </v1:getNationalityRequest>
   </soapenv:Body>
</soapenv:Envelope>]]></con:request><con:assertion type="SOAP Fault Assertion" id="212ab313-ef5c-449e-887f-36f620434ed0" name="Not SOAP Fault"/><con:assertion type="SOAP Response" id="dfcac4dd-773d-4738-b5dc-99cf0765f371" name="SOAP Response"/><con:assertion type="Schema Compliance" id="ca07d124-c78f-4bad-a312-acdf15274582" name="Schema Compliance"><con:configuration/></con:assertion><con:wsaConfig action="http://fidus.brussels/services/countryservice/getNationality"/></con:request></con:config></con:testStep><con:properties/></con:testCase><con:testCase id="034043ae-d081-4334-a49e-68593c8d9ff7" failOnError="true" failTestCaseOnErrors="true" keepSession="false" maxResults="0" name="getNationalityHistory" searchProperties="true"><con:settings/><con:testStep type="request" id="f3e00eb7-a050-4e28-8f82-5c80524c4a22" name="testcase04 - Staging External - Request"><con:settings/><con:config xsi:type="con:RequestStep" xmlns:xsi="http://www.w3.org/2001/XMLSchema-instance"><con:interface>CountryServiceHTTPBinding</con:interface><con:operation>getNationalityHistory</con:operation><con:request name="testcase04 - Staging External - Request" id="6703c6a2-3c16-4829-bbc8-bb42553c7581" outgoingWss="Outflow STAG"><con:settings/><con:encoding>UTF-8</con:encoding><con:endpoint>https://fidus.irisnetlab.be/services/CountryService_v1.0</con:endpoint><con:request><![CDATA[<soapenv:Envelope xmlns:soapenv="http://schemas.xmlsoap.org/soap/envelope/" xmlns:v1="http://fidus.brussels/service/countryservice/messages/v1" xmlns:v11="http://fidus.brussels/type/common/messages/v1" xmlns:v12="http://fsb.belgium.be/mappingServices/countryService/messages/v1_00">
   <soapenv:Header/>
   <soapenv:Body>
      <v1:getNationalityHistoryRequest>
         <v1:messageContext>
            <v11:messageId>${=import static java.util.UUID.randomUUID; uuid = randomUUID() as String}</v11:messageId>
            <!--Optional:-->
            <v11:timestamp>${=new java.text.SimpleDateFormat("yyyy-MM-dd'T'HH:mm:ss.SSS").format(new Date())}</v11:timestamp>
         </v1:messageContext>
         <v1:legalContext>ServiceIntegrator</v1:legalContext>
         <v1:request>
            <v12:iso-alpha3>FRA</v12:iso-alpha3>
            <!--Optional:-->
            <v12:referenceDate>2016-10-16</v12:referenceDate>
         </v1:request>
      </v1:getNationalityHistoryRequest>
   </soapenv:Body>
</soapenv:Envelope>]]></con:request><con:assertion type="SOAP Fault Assertion" id="c489a746-d630-4ff0-ad14-b18565527bd6" name="Not SOAP Fault"/><con:assertion type="SOAP Response" id="8601c4e2-2e48-4a3f-8127-d4211a7e89b8" name="SOAP Response"/><con:assertion type="Schema Compliance" id="090a5d62-b3a4-4aeb-a808-3c288ac2a3a2" name="Schema Compliance"><con:configuration/></con:assertion><con:wsaConfig action="http://fidus.brussels/services/countryservice/getNationalityHistory"/></con:request></con:config></con:testStep><con:properties/></con:testCase><con:testCase id="6689f4de-c6bb-4e2a-b763-7b4731957d4f" failOnError="true" failTestCaseOnErrors="true" keepSession="false" maxResults="0" name="getPlaceCountries" searchProperties="true"><con:settings/><con:testStep type="request" id="10a6affe-5f9d-4df6-9153-c579c2d14c57" name="testcase04 - Staging External - Request"><con:settings/><con:config xsi:type="con:RequestStep" xmlns:xsi="http://www.w3.org/2001/XMLSchema-instance"><con:interface>CountryServiceHTTPBinding</con:interface><con:operation>getPlaceCountries</con:operation><con:request name="testcase04 - Staging External - Request" id="7fd85e45-2997-48fd-ac21-583214293b3b" outgoingWss="Outflow STAG"><con:settings/><con:encoding>UTF-8</con:encoding><con:endpoint>https://fidus.irisnetlab.be/services/CountryService_v1.0</con:endpoint><con:request><![CDATA[<soapenv:Envelope xmlns:soapenv="http://schemas.xmlsoap.org/soap/envelope/" xmlns:v1="http://fidus.brussels/service/countryservice/messages/v1" xmlns:v11="http://fidus.brussels/type/common/messages/v1">
   <soapenv:Header/>
   <soapenv:Body>
      <v1:getPlaceCountriesRequest>
         <v1:messageContext>
            <v11:messageId>${=import static java.util.UUID.randomUUID; uuid = randomUUID() as String}</v11:messageId>
            <!--Optional:-->
            <v11:timestamp>${=new java.text.SimpleDateFormat("yyyy-MM-dd'T'HH:mm:ss.SSS").format(new Date())}</v11:timestamp>
         </v1:messageContext>
         <v1:legalContext>ServiceIntegrator</v1:legalContext>
         <v1:request>
            <!--Optional:-->
            <v1:referenceDate>2016-10-14</v1:referenceDate>
         </v1:request>
      </v1:getPlaceCountriesRequest>
   </soapenv:Body>
</soapenv:Envelope>]]></con:request><con:assertion type="SOAP Fault Assertion" id="b0e78e86-714e-4246-b5bf-c46ceb7e71c7" name="Not SOAP Fault"/><con:assertion type="SOAP Response" id="8afd4b36-2c4b-418e-8e34-106f9ebdb08b" name="SOAP Response"/><con:assertion type="Schema Compliance" id="2949b211-f493-47fe-9e47-2d586e32184c" name="Schema Compliance"><con:configuration/></con:assertion><con:wsaConfig action="http://fidus.brussels/services/countryservice/getPlaceCountries"/></con:request></con:config></con:testStep><con:properties/></con:testCase><con:testCase id="6290c192-9c18-42cd-99f7-fd37025a23a1" failOnError="true" failTestCaseOnErrors="true" keepSession="false" maxResults="0" name="getPlaceCountry" searchProperties="true"><con:settings/><con:testStep type="request" id="4ac88fa9-4e3a-4c91-bdd1-d0a96935026f" name="testcase04 - Staging External - Request"><con:settings/><con:config xsi:type="con:RequestStep" xmlns:xsi="http://www.w3.org/2001/XMLSchema-instance"><con:interface>CountryServiceHTTPBinding</con:interface><con:operation>getPlaceCountry</con:operation><con:request name="testcase04 - Staging External - Request" id="3ee998f3-8b77-40ac-a240-598b22e7fe9c" outgoingWss="Outflow STAG"><con:settings/><con:encoding>UTF-8</con:encoding><con:endpoint>https://fidus.irisnetlab.be/services/CountryService_v1.0</con:endpoint><con:request><![CDATA[<soapenv:Envelope xmlns:soapenv="http://schemas.xmlsoap.org/soap/envelope/" xmlns:v1="http://fidus.brussels/service/countryservice/messages/v1" xmlns:v11="http://fidus.brussels/type/common/messages/v1" xmlns:v12="http://fsb.belgium.be/mappingServices/countryService/messages/v1_00">
   <soapenv:Header/>
   <soapenv:Body>
      <v1:getPlaceCountryRequest>
         <v1:messageContext>
            <v11:messageId>${=import static java.util.UUID.randomUUID; uuid = randomUUID() as String}</v11:messageId>
            <!--Optional:-->
            <v11:timestamp>${=new java.text.SimpleDateFormat("yyyy-MM-dd'T'HH:mm:ss.SSS").format(new Date())}</v11:timestamp>
         </v1:messageContext>
         <v1:legalContext>ServiceIntegrator</v1:legalContext>
         <v1:request>
            <!--You have a CHOICE of the next 4 items at this level-->
            <!--
            <v12:iso-alpha2 startDate="?" endDate="?" status="?">?</v12:iso-alpha2>
            <v12:iso-alpha3 startDate="?" endDate="?" status="?">?</v12:iso-alpha3>
            <v12:iso-num3 startDate="?" endDate="?" status="?">?</v12:iso-num3>
            <v12:nis-num3 startDate="?" endDate="?" status="?">?</v12:nis-num3>
			-->
             <v12:iso-alpha2>NL</v12:iso-alpha2>
             
         </v1:request>
      </v1:getPlaceCountryRequest>
   </soapenv:Body>
</soapenv:Envelope>]]></con:request><con:assertion type="SOAP Fault Assertion" id="bfac33ee-a7fd-47e7-a954-0afed3619f04" name="Not SOAP Fault"/><con:assertion type="SOAP Response" id="29ed3963-ee47-479c-9b26-314e0cfba9a1" name="SOAP Response"/><con:assertion type="Schema Compliance" id="20a5b9b0-fbbf-4a22-833b-aeddb0e015b7" name="Schema Compliance"><con:configuration/></con:assertion><con:wsaConfig action="http://fidus.brussels/services/countryservice/getPlaceCountry"/></con:request></con:config></con:testStep><con:properties/></con:testCase><con:testCase id="2d5fb62f-031a-4831-946d-8f84d7d22378" failOnError="true" failTestCaseOnErrors="true" keepSession="false" maxResults="0" name="getPlaceCountryHistory" searchProperties="true"><con:settings/><con:testStep type="request" id="e0bb102a-4be3-4ad4-a4d7-a9dbf52a0fc9" name="testcase04 - Staging External - Request"><con:settings/><con:config xsi:type="con:RequestStep" xmlns:xsi="http://www.w3.org/2001/XMLSchema-instance"><con:interface>CountryServiceHTTPBinding</con:interface><con:operation>getPlaceCountryHistory</con:operation><con:request name="testcase04 - Staging External - Request" id="0af0bb95-c508-4336-80dc-5102a3e0896e" outgoingWss="Outflow STAG"><con:settings/><con:encoding>UTF-8</con:encoding><con:endpoint>https://fidus.irisnetlab.be/services/CountryService_v1.0</con:endpoint><con:request><![CDATA[<soapenv:Envelope xmlns:soapenv="http://schemas.xmlsoap.org/soap/envelope/" xmlns:v1="http://fidus.brussels/service/countryservice/messages/v1" xmlns:v11="http://fidus.brussels/type/common/messages/v1" xmlns:v12="http://fsb.belgium.be/mappingServices/countryService/messages/v1_00">
   <soapenv:Header/>
   <soapenv:Body>
      <v1:getPlaceCountryHistoryRequest>
         <v1:messageContext>
            <v11:messageId>${=import static java.util.UUID.randomUUID; uuid = randomUUID() as String}</v11:messageId>
            <!--Optional:-->
            <v11:timestamp>${=new java.text.SimpleDateFormat("yyyy-MM-dd'T'HH:mm:ss.SSS").format(new Date())}</v11:timestamp>
         </v1:messageContext>
         <v1:legalContext>ServiceIntegrator</v1:legalContext>
         <v1:request>
            <v12:iso-alpha2>NL</v12:iso-alpha2>
         </v1:request>
      </v1:getPlaceCountryHistoryRequest>
   </soapenv:Body>
</soapenv:Envelope>]]></con:request><con:assertion type="SOAP Fault Assertion" id="cf6ce443-2c90-4d4d-b622-6a2d3a89458c" name="Not SOAP Fault"/><con:assertion type="SOAP Response" id="b545a7ed-56e6-4b56-ac50-c5284817869f" name="SOAP Response"/><con:assertion type="Schema Compliance" id="bf5899af-484d-43bc-b7d8-6c37bf0d50c1" name="Schema Compliance"><con:configuration/></con:assertion><con:wsaConfig action="http://fidus.brussels/services/countryservice/getPlaceCountryHistory"/></con:request></con:config></con:testStep><con:properties/></con:testCase><con:properties/></con:testSuite><con:testSuite id="d7042f52-c6bb-4b3e-b173-e5b8c7be0420" name="PROD"><con:settings/><con:runType>SEQUENTIAL</con:runType><con:testCase id="6c842951-36b5-4f64-88c1-a56e3041cca9" failOnError="true" failTestCaseOnErrors="true" keepSession="false" maxResults="0" name="getAddressCountries" searchProperties="true"><con:settings/><con:testStep type="request" id="5b694d1b-ac1c-479f-adaa-69deb00f15d2" name="testcase05 - Prod - External - Request"><con:settings/><con:config xsi:type="con:RequestStep" xmlns:xsi="http://www.w3.org/2001/XMLSchema-instance"><con:interface>CountryServiceHTTPBinding</con:interface><con:operation>getAddressCountries</con:operation><con:request name="testcase05 - Prod - External - Request" id="134b0bfc-cb4a-428b-9cda-98204ff49f92" outgoingWss="Outflow PROD"><con:settings/><con:encoding>UTF-8</con:encoding><con:endpoint>https://fidus.sec.brussels/services/CountryService_v1.0</con:endpoint><con:request><![CDATA[<soapenv:Envelope xmlns:soapenv="http://schemas.xmlsoap.org/soap/envelope/" xmlns:v1="http://fidus.brussels/service/countryservice/messages/v1" xmlns:v11="http://fidus.brussels/type/common/messages/v1">
   <soapenv:Header/>
   <soapenv:Body>
      <v1:getAddressCountriesRequest>
         <v1:messageContext>
            <v11:messageId>${=import static java.util.UUID.randomUUID; uuid = randomUUID() as String}</v11:messageId>
            <!--Optional:-->
            <v11:timestamp>${=new java.text.SimpleDateFormat("yyyy-MM-dd'T'HH:mm:ss.SSS").format(new Date())}</v11:timestamp>
         </v1:messageContext>
         <v1:legalContext>ServiceIntegrator</v1:legalContext>
         <v1:request>
            <!--Optional:-->
            <v1:referenceDate>2016-10-10</v1:referenceDate>
         </v1:request>
      </v1:getAddressCountriesRequest>
   </soapenv:Body>
</soapenv:Envelope>]]></con:request><con:assertion type="SOAP Fault Assertion" id="35c58b0d-5d1a-4a92-88ac-d8ed6cc2b63b" name="Not SOAP Fault"/><con:assertion type="SOAP Response" id="d8c2e1d7-273d-44c7-89c7-1bbc29ddb01f" name="SOAP Response"/><con:assertion type="Schema Compliance" id="2dd4593f-30fc-462a-afe1-7a37d1f93521" name="Schema Compliance"><con:configuration/></con:assertion><con:wsaConfig action="http://fidus.brussels/services/countryservice/getAddressCountries"/></con:request></con:config></con:testStep><con:properties/></con:testCase><con:testCase id="533753aa-cdc6-4017-8c58-897a36a2017b" failOnError="true" failTestCaseOnErrors="true" keepSession="false" maxResults="0" name="getAddressCountry" searchProperties="true"><con:settings/><con:testStep type="request" id="8e65ec74-718d-4500-83b7-1471cc04291b" name="testcase05 - Prod - External - Request"><con:settings/><con:config xsi:type="con:RequestStep" xmlns:xsi="http://www.w3.org/2001/XMLSchema-instance"><con:interface>CountryServiceHTTPBinding</con:interface><con:operation>getAddressCountry</con:operation><con:request name="testcase05 - Prod - External - Request" id="711ae968-a65e-4127-a92d-63181c336e0b" outgoingWss="Outflow PROD"><con:settings/><con:encoding>UTF-8</con:encoding><con:endpoint>https://fidus.sec.brussels/services/CountryService_v1.0</con:endpoint><con:request><![CDATA[<soapenv:Envelope xmlns:soapenv="http://schemas.xmlsoap.org/soap/envelope/" xmlns:v1="http://fidus.brussels/service/countryservice/messages/v1" xmlns:v11="http://fidus.brussels/type/common/messages/v1" xmlns:v12="http://fsb.belgium.be/mappingServices/countryService/messages/v1_00">
   <soapenv:Header/>
   <soapenv:Body>
      <v1:getAddressCountryRequest>
         <v1:messageContext>
            <v11:messageId>${=import static java.util.UUID.randomUUID; uuid = randomUUID() as String}</v11:messageId>
            <!--Optional:-->
            <v11:timestamp>${=new java.text.SimpleDateFormat("yyyy-MM-dd'T'HH:mm:ss.SSS").format(new Date())}</v11:timestamp>
         </v1:messageContext>
         <v1:legalContext>ServiceIntegrator</v1:legalContext>
         <v1:request>
            <!--You have a CHOICE of the next 4 items at this level-->
            <v12:iso-alpha2>BE</v12:iso-alpha2>
            <!--<v12:iso-alpha3 startDate="?" endDate="?" status="?">?</v12:iso-alpha3>-->
            <!--<v12:iso-num3 startDate="?" endDate="?" status="?">?</v12:iso-num3>-->
            <!--<v12:nis-num3 startDate="?" endDate="?" status="?">?</v12:nis-num3>-->
         </v1:request>
      </v1:getAddressCountryRequest>
   </soapenv:Body>
</soapenv:Envelope>]]></con:request><con:assertion type="SOAP Fault Assertion" id="e56ed5e3-8654-4dd3-ac4a-76f6ca8402e3" name="Not SOAP Fault"/><con:assertion type="SOAP Response" id="55c1d018-7d60-4734-957f-0b25c68dbeae" name="SOAP Response"/><con:assertion type="Schema Compliance" id="4f2b633b-7e43-4d04-b1a8-a0cd05c03e9e" name="Schema Compliance"><con:configuration/></con:assertion><con:wsaConfig action="http://fidus.brussels/services/countryservice/getAddressCountry"/></con:request></con:config></con:testStep><con:properties/></con:testCase><con:testCase id="5256a3c7-f0f3-42d3-b696-eb7f27d50a7e" failOnError="true" failTestCaseOnErrors="true" keepSession="false" maxResults="0" name="getAddressCountryHistory" searchProperties="true"><con:settings/><con:testStep type="request" id="f3e310bb-5843-41eb-94ce-3fe504de6d8d" name="testcase05 - Prod - External - Request"><con:settings/><con:config xsi:type="con:RequestStep" xmlns:xsi="http://www.w3.org/2001/XMLSchema-instance"><con:interface>CountryServiceHTTPBinding</con:interface><con:operation>getAddressCountryHistory</con:operation><con:request name="testcase05 - Prod - External - Request" id="3eafa6b7-62f4-4526-9aa2-fa895f9c060c" outgoingWss="Outflow PROD"><con:settings/><con:encoding>UTF-8</con:encoding><con:endpoint>https://fidus.sec.brussels/services/CountryService_v1.0</con:endpoint><con:request><![CDATA[<soapenv:Envelope xmlns:soapenv="http://schemas.xmlsoap.org/soap/envelope/" xmlns:v1="http://fidus.brussels/service/countryservice/messages/v1" xmlns:v11="http://fidus.brussels/type/common/messages/v1" xmlns:v12="http://fsb.belgium.be/mappingServices/countryService/messages/v1_00">
   <soapenv:Header/>
   <soapenv:Body>
      <v1:getAddressCountryHistoryRequest>
         <v1:messageContext>
            <v11:messageId>${=import static java.util.UUID.randomUUID; uuid = randomUUID() as String}</v11:messageId>
            <v11:timestamp>${=new java.text.SimpleDateFormat("yyyy-MM-dd'T'HH:mm:ss.SSS").format(new Date())}</v11:timestamp>
         </v1:messageContext>
         <v1:legalContext>ServiceIntegrator</v1:legalContext>
         <v1:request>
            <v12:iso-alpha2>FR</v12:iso-alpha2>
            <v12:referenceDate>2016-10-10</v12:referenceDate>
         </v1:request>
      </v1:getAddressCountryHistoryRequest>
   </soapenv:Body>
</soapenv:Envelope>]]></con:request><con:assertion type="SOAP Fault Assertion" id="edba01d3-cf6f-4250-b16a-b741d4600b44" name="Not SOAP Fault"/><con:assertion type="SOAP Response" id="286f6478-0105-4034-8894-4770fd54edaf" name="SOAP Response"/><con:assertion type="Schema Compliance" id="d0bf0548-8af7-4051-bdee-83e6f29ea6bb" name="Schema Compliance"><con:configuration/></con:assertion><con:wsaConfig action="http://fidus.brussels/services/countryservice/getAddressCountryHistory"/></con:request></con:config></con:testStep><con:properties/></con:testCase><con:testCase id="9cfd5355-496c-43b4-ae33-684f49b439b5" failOnError="true" failTestCaseOnErrors="true" keepSession="false" maxResults="0" name="getAllIsoCodes" searchProperties="true"><con:settings/><con:testStep type="request" id="08979201-18b3-4990-b673-924bbacdc800" name="testcase05 - Prod - External - Request"><con:settings/><con:config xsi:type="con:RequestStep" xmlns:xsi="http://www.w3.org/2001/XMLSchema-instance"><con:interface>CountryServiceHTTPBinding</con:interface><con:operation>getAllIsoCodes</con:operation><con:request name="testcase05 - Prod - External - Request" id="2730b2cd-cdce-4bbe-82c5-b8a8bd9c839a" outgoingWss="Outflow PROD"><con:settings/><con:encoding>UTF-8</con:encoding><con:endpoint>https://fidus.sec.brussels/services/CountryService_v1.0</con:endpoint><con:request><![CDATA[<soapenv:Envelope xmlns:soapenv="http://schemas.xmlsoap.org/soap/envelope/" xmlns:v1="http://fidus.brussels/service/countryservice/messages/v1" xmlns:v11="http://fidus.brussels/type/common/messages/v1">
   <soapenv:Header/>
   <soapenv:Body>
      <v1:getAllIsoCodesRequest>
         <v1:messageContext>
         	  <v11:messageId>${=import static java.util.UUID.randomUUID; uuid = randomUUID() as String}</v11:messageId>
            <v11:timestamp>${=new java.text.SimpleDateFormat("yyyy-MM-dd'T'HH:mm:ss.SSS").format(new Date())}</v11:timestamp>
         </v1:messageContext>
         <v1:legalContext>ServiceIntegrator</v1:legalContext>
         <v1:request>
            <!--Optional:-->
            <v1:referenceDate>2016-10-06</v1:referenceDate>
         </v1:request>
      </v1:getAllIsoCodesRequest>
   </soapenv:Body>
</soapenv:Envelope>]]></con:request><con:assertion type="SOAP Fault Assertion" id="2930805b-cebe-4014-bfae-61d06a12923d" name="Not SOAP Fault"/><con:assertion type="SOAP Response" id="06531804-728e-4133-bfff-62ec1baaeb5e" name="SOAP Response"/><con:assertion type="Schema Compliance" id="8c79bffe-26cd-4b63-b945-98a63a671d96" name="Schema Compliance"><con:configuration/></con:assertion><con:wsaConfig action="http://fidus.brussels/services/countryservice/getAllIsoCodes"/></con:request></con:config></con:testStep><con:properties/></con:testCase><con:testCase id="af6fe074-a110-48ad-9e11-bdfe3bca56db" failOnError="true" failTestCaseOnErrors="true" keepSession="false" maxResults="0" name="getAllNisCodes" searchProperties="true"><con:settings/><con:testStep type="request" id="a81dc32e-678b-4d9c-ae68-a7f2f8580362" name="testcase05 - Prod - External - Request"><con:settings/><con:config xsi:type="con:RequestStep" xmlns:xsi="http://www.w3.org/2001/XMLSchema-instance"><con:interface>CountryServiceHTTPBinding</con:interface><con:operation>getAllNisCodes</con:operation><con:request name="testcase05 - Prod - External - Request" id="4039e1db-3e0a-42ad-a218-b37f25c823d2" outgoingWss="Outflow PROD"><con:settings/><con:encoding>UTF-8</con:encoding><con:endpoint>https://fidus.sec.brussels/services/CountryService_v1.0</con:endpoint><con:request><![CDATA[<soapenv:Envelope xmlns:soapenv="http://schemas.xmlsoap.org/soap/envelope/" xmlns:v1="http://fidus.brussels/service/countryservice/messages/v1" xmlns:v11="http://fidus.brussels/type/common/messages/v1">
   <soapenv:Header/>
   <soapenv:Body>
      <v1:getAllNisCodesRequest>
         <v1:messageContext>
            <v11:messageId>${=import static java.util.UUID.randomUUID; uuid = randomUUID() as String}</v11:messageId>            
            <v11:timestamp>${=new java.text.SimpleDateFormat("yyyy-MM-dd'T'HH:mm:ss.SSS").format(new Date())}</v11:timestamp>
         </v1:messageContext>
         <v1:legalContext>ServiceIntegrator</v1:legalContext>
         <v1:request>
            <!--Optional:-->
            <v1:referenceDate>2016-10-13</v1:referenceDate>
         </v1:request>
      </v1:getAllNisCodesRequest>
   </soapenv:Body>
</soapenv:Envelope>]]></con:request><con:assertion type="SOAP Fault Assertion" id="e84c5520-4061-4806-be7c-42130c53551e" name="Not SOAP Fault"/><con:assertion type="SOAP Response" id="72ae3424-bf78-4e5c-a609-d955d0c086e9" name="SOAP Response"/><con:assertion type="Schema Compliance" id="b849ddc5-4ff3-4e53-8c03-ca70f70504bf" name="Schema Compliance"><con:configuration/></con:assertion><con:wsaConfig action="http://fidus.brussels/services/countryservice/getAllNisCodes"/></con:request></con:config></con:testStep><con:properties/></con:testCase><con:testCase id="9c10ba96-f1ff-41fa-b414-40ee0a383bfc" failOnError="true" failTestCaseOnErrors="true" keepSession="false" maxResults="0" name="getNationalities" searchProperties="true"><con:settings/><con:testStep type="request" id="54c68564-2c03-4158-96c9-a4b55f44d408" name="testcase05 - Prod External - Request"><con:settings/><con:config xsi:type="con:RequestStep" xmlns:xsi="http://www.w3.org/2001/XMLSchema-instance"><con:interface>CountryServiceHTTPBinding</con:interface><con:operation>getNationalities</con:operation><con:request name="testcase05 - Prod External - Request" id="2b02528e-b55c-4965-822c-d89a9fc8dce2" outgoingWss="Outflow PROD"><con:settings/><con:encoding>UTF-8</con:encoding><con:endpoint>https://fidus.sec.brussels/services/CountryService_v1.0</con:endpoint><con:request><![CDATA[<soapenv:Envelope xmlns:soapenv="http://schemas.xmlsoap.org/soap/envelope/" xmlns:v1="http://fidus.brussels/service/countryservice/messages/v1" xmlns:v11="http://fidus.brussels/type/common/messages/v1">
   <soapenv:Header/>
   <soapenv:Body>
      <v1:getNationalitiesRequest>
         <v1:messageContext>
            <v11:messageId>${=import static java.util.UUID.randomUUID; uuid = randomUUID() as String}</v11:messageId>
            <!--Optional:-->
            <v11:timestamp>${=new java.text.SimpleDateFormat("yyyy-MM-dd'T'HH:mm:ss.SSS").format(new Date())}</v11:timestamp>
         </v1:messageContext>
         <v1:legalContext>ServiceIntegrator</v1:legalContext>
         <v1:request>
            <!--Optional:-->
            <v1:referenceDate>2016-10-13</v1:referenceDate>
         </v1:request>
      </v1:getNationalitiesRequest>
   </soapenv:Body>
</soapenv:Envelope>]]></con:request><con:assertion type="SOAP Fault Assertion" id="0363e4b8-4107-4889-a417-6bc9694a0095" name="Not SOAP Fault"/><con:assertion type="SOAP Response" id="276f7877-df4a-44d7-b985-d0ba2a623198" name="SOAP Response"/><con:assertion type="Schema Compliance" id="bdbd64d8-63e8-420c-aa02-d23076ad5352" name="Schema Compliance"><con:configuration/></con:assertion><con:wsaConfig action="http://fidus.brussels/services/countryservice/getNationalities"/></con:request></con:config></con:testStep><con:properties/></con:testCase><con:testCase id="b59d6804-9b6b-4173-9793-17f851bf7783" failOnError="true" failTestCaseOnErrors="true" keepSession="false" maxResults="0" name="getNationality" searchProperties="true"><con:settings/><con:testStep type="request" id="baeea0fd-9725-415f-b7aa-18d4838f205b" name="testcase05 - Prod External -Request"><con:settings/><con:config xsi:type="con:RequestStep" xmlns:xsi="http://www.w3.org/2001/XMLSchema-instance"><con:interface>CountryServiceHTTPBinding</con:interface><con:operation>getNationality</con:operation><con:request name="testcase05 - Prod External -Request" id="4d3f7bdc-7f21-44b3-9673-e101fcd8a96d" outgoingWss="Outflow PROD"><con:settings/><con:encoding>UTF-8</con:encoding><con:endpoint>https://fidus.sec.brussels/services/CountryService_v1.0</con:endpoint><con:request><![CDATA[<soapenv:Envelope xmlns:soapenv="http://schemas.xmlsoap.org/soap/envelope/" xmlns:v1="http://fidus.brussels/service/countryservice/messages/v1" xmlns:v11="http://fidus.brussels/type/common/messages/v1" xmlns:v12="http://fsb.belgium.be/mappingServices/countryService/messages/v1_00">
   <soapenv:Header/>
   <soapenv:Body>
      <v1:getNationalityRequest>
         <v1:messageContext>
         	  <v11:messageId>${=import static java.util.UUID.randomUUID; uuid = randomUUID() as String}</v11:messageId>
            <v11:timestamp>${=new java.text.SimpleDateFormat("yyyy-MM-dd'T'HH:mm:ss.SSS").format(new Date())}</v11:timestamp>
         </v1:messageContext>
         <v1:legalContext>ServiceIntegrator</v1:legalContext>
         <v1:request>
            <!--You have a CHOICE of the next 4 items at this level-->
            <v12:iso-alpha2>BE</v12:iso-alpha2>          
         </v1:request>
      </v1:getNationalityRequest>
   </soapenv:Body>
</soapenv:Envelope>]]></con:request><con:assertion type="SOAP Fault Assertion" id="cba0e3f8-f2cc-4d5a-ae32-fc6e4be82977" name="Not SOAP Fault"/><con:assertion type="SOAP Response" id="1fcb5185-b284-4f3f-8deb-b82db28e91c7" name="SOAP Response"/><con:assertion type="Schema Compliance" id="7974bfbc-f954-4dc4-a5e9-26e9c5be0fef" name="Schema Compliance"><con:configuration/></con:assertion><con:wsaConfig action="http://fidus.brussels/services/countryservice/getNationality"/></con:request></con:config></con:testStep><con:properties/></con:testCase><con:testCase id="6ba843ab-b9ab-47b5-b570-ed558666694a" failOnError="true" failTestCaseOnErrors="true" keepSession="false" maxResults="0" name="getNationalityHistory" searchProperties="true"><con:settings/><con:testStep type="request" id="23fca2e4-a73d-44cc-ba2b-3eb080a4e7f8" name="testcase05 - Prod External - Request"><con:settings/><con:config xsi:type="con:RequestStep" xmlns:xsi="http://www.w3.org/2001/XMLSchema-instance"><con:interface>CountryServiceHTTPBinding</con:interface><con:operation>getNationalityHistory</con:operation><con:request name="testcase05 - Prod External - Request" id="f1a72cbd-2068-48d5-8348-4d141c333731" outgoingWss="Outflow PROD"><con:settings/><con:encoding>UTF-8</con:encoding><con:endpoint>https://fidus.sec.brussels/services/CountryService_v1.0</con:endpoint><con:request><![CDATA[<soapenv:Envelope xmlns:soapenv="http://schemas.xmlsoap.org/soap/envelope/" xmlns:v1="http://fidus.brussels/service/countryservice/messages/v1" xmlns:v11="http://fidus.brussels/type/common/messages/v1" xmlns:v12="http://fsb.belgium.be/mappingServices/countryService/messages/v1_00">
   <soapenv:Header/>
   <soapenv:Body>
      <v1:getNationalityHistoryRequest>
         <v1:messageContext>
            <v11:messageId>${=import static java.util.UUID.randomUUID; uuid = randomUUID() as String}</v11:messageId>
            <!--Optional:-->
            <v11:timestamp>${=new java.text.SimpleDateFormat("yyyy-MM-dd'T'HH:mm:ss.SSS").format(new Date())}</v11:timestamp>
         </v1:messageContext>
         <v1:legalContext>ServiceIntegrator</v1:legalContext>
         <v1:request>
            <v12:iso-alpha3>FRA</v12:iso-alpha3>
            <!--Optional:-->
            <v12:referenceDate>2016-10-16</v12:referenceDate>
         </v1:request>
      </v1:getNationalityHistoryRequest>
   </soapenv:Body>
</soapenv:Envelope>]]></con:request><con:assertion type="SOAP Fault Assertion" id="24e2dc16-8726-4b82-a970-70f7f8bf308f" name="Not SOAP Fault"/><con:assertion type="SOAP Response" id="ec678f51-dfdd-4ebc-ab42-e55543341150" name="SOAP Response"/><con:assertion type="Schema Compliance" id="96510347-3a83-45c0-abc7-a0d70612e746" name="Schema Compliance"><con:configuration/></con:assertion><con:wsaConfig action="http://fidus.brussels/services/countryservice/getNationalityHistory"/></con:request></con:config></con:testStep><con:properties/></con:testCase><con:testCase id="98bc7316-1813-4f10-8297-6bb34f59ba81" failOnError="true" failTestCaseOnErrors="true" keepSession="false" maxResults="0" name="getPlaceCountries" searchProperties="true"><con:settings/><con:testStep type="request" id="9fba2956-e1b0-4c86-a7ec-2d8669f2f404" name="testcase05 - Prod External - Request"><con:settings/><con:config xsi:type="con:RequestStep" xmlns:xsi="http://www.w3.org/2001/XMLSchema-instance"><con:interface>CountryServiceHTTPBinding</con:interface><con:operation>getPlaceCountries</con:operation><con:request name="testcase05 - Prod External - Request" id="6f627012-6e00-437d-86bc-1d1667acea1b" outgoingWss="Outflow PROD"><con:settings/><con:encoding>UTF-8</con:encoding><con:endpoint>https://fidus.sec.brussels/services/CountryService_v1.0</con:endpoint><con:request><![CDATA[<soapenv:Envelope xmlns:soapenv="http://schemas.xmlsoap.org/soap/envelope/" xmlns:v1="http://fidus.brussels/service/countryservice/messages/v1" xmlns:v11="http://fidus.brussels/type/common/messages/v1">
   <soapenv:Header/>
   <soapenv:Body>
      <v1:getPlaceCountriesRequest>
         <v1:messageContext>
            <v11:messageId>${=import static java.util.UUID.randomUUID; uuid = randomUUID() as String}</v11:messageId>
            <!--Optional:-->
            <v11:timestamp>${=new java.text.SimpleDateFormat("yyyy-MM-dd'T'HH:mm:ss.SSS").format(new Date())}</v11:timestamp>
         </v1:messageContext>
         <v1:legalContext>ServiceIntegrator</v1:legalContext>
         <v1:request>
            <!--Optional:-->
            <v1:referenceDate>2016-10-14</v1:referenceDate>
         </v1:request>
      </v1:getPlaceCountriesRequest>
   </soapenv:Body>
</soapenv:Envelope>]]></con:request><con:assertion type="SOAP Fault Assertion" id="0720698e-2356-4225-98b0-cec9cb265ada" name="Not SOAP Fault"/><con:assertion type="SOAP Response" id="c8d12ca0-9221-4459-8029-e279ad98b53f" name="SOAP Response"/><con:assertion type="Schema Compliance" id="a1f8f511-41d4-440d-961d-058dacc74c85" name="Schema Compliance"><con:configuration/></con:assertion><con:wsaConfig action="http://fidus.brussels/services/countryservice/getPlaceCountries"/></con:request></con:config></con:testStep><con:properties/></con:testCase><con:testCase id="5fb3e7ac-a646-4e85-af67-9a8a41486779" failOnError="true" failTestCaseOnErrors="true" keepSession="false" maxResults="0" name="getPlaceCountry" searchProperties="true"><con:settings/><con:testStep type="request" id="870ab02a-652d-46cb-8a2a-db2af62c7de5" name="testcase05 - Prod External - Request"><con:settings/><con:config xsi:type="con:RequestStep" xmlns:xsi="http://www.w3.org/2001/XMLSchema-instance"><con:interface>CountryServiceHTTPBinding</con:interface><con:operation>getPlaceCountry</con:operation><con:request name="testcase05 - Prod External - Request" id="852533ff-04a9-4bcd-9d48-34003ce1c196" outgoingWss="Outflow PROD"><con:settings/><con:encoding>UTF-8</con:encoding><con:endpoint>https://fidus.sec.brussels/services/CountryService_v1.0</con:endpoint><con:request><![CDATA[<soapenv:Envelope xmlns:soapenv="http://schemas.xmlsoap.org/soap/envelope/" xmlns:v1="http://fidus.brussels/service/countryservice/messages/v1" xmlns:v11="http://fidus.brussels/type/common/messages/v1" xmlns:v12="http://fsb.belgium.be/mappingServices/countryService/messages/v1_00">
   <soapenv:Header/>
   <soapenv:Body>
      <v1:getPlaceCountryRequest>
         <v1:messageContext>
            <v11:messageId>${=import static java.util.UUID.randomUUID; uuid = randomUUID() as String}</v11:messageId>
            <!--Optional:-->
            <v11:timestamp>${=new java.text.SimpleDateFormat("yyyy-MM-dd'T'HH:mm:ss.SSS").format(new Date())}</v11:timestamp>
         </v1:messageContext>
         <v1:legalContext>ServiceIntegrator</v1:legalContext>
         <v1:request>
            <!--You have a CHOICE of the next 4 items at this level-->
            <!--
            <v12:iso-alpha2 startDate="?" endDate="?" status="?">?</v12:iso-alpha2>
            <v12:iso-alpha3 startDate="?" endDate="?" status="?">?</v12:iso-alpha3>
            <v12:iso-num3 startDate="?" endDate="?" status="?">?</v12:iso-num3>
            <v12:nis-num3 startDate="?" endDate="?" status="?">?</v12:nis-num3>
			-->
             <v12:iso-alpha2>NL</v12:iso-alpha2>
             
         </v1:request>
      </v1:getPlaceCountryRequest>
   </soapenv:Body>
</soapenv:Envelope>]]></con:request><con:assertion type="SOAP Fault Assertion" id="3c0eca93-e1dc-428d-a5a3-dc704cba56f6" name="Not SOAP Fault"/><con:assertion type="SOAP Response" id="931ef9cc-a3c8-4247-899e-edf4ba6c9a06" name="SOAP Response"/><con:assertion type="Schema Compliance" id="aa28cacb-b5d7-446f-883a-c2c4f9e12b86" name="Schema Compliance"><con:configuration/></con:assertion><con:wsaConfig action="http://fidus.brussels/services/countryservice/getPlaceCountry"/></con:request></con:config></con:testStep><con:properties/></con:testCase><con:testCase id="30d91d1f-464f-4de3-b3ea-5e381119e139" failOnError="true" failTestCaseOnErrors="true" keepSession="false" maxResults="0" name="getPlaceCountryHistory" searchProperties="true"><con:settings/><con:testStep type="request" id="5ff7e0c6-a1ca-4c63-a838-07b65d1df9f4" name="testcase05 - Prod External - Request"><con:settings/><con:config xsi:type="con:RequestStep" xmlns:xsi="http://www.w3.org/2001/XMLSchema-instance"><con:interface>CountryServiceHTTPBinding</con:interface><con:operation>getPlaceCountryHistory</con:operation><con:request name="testcase05 - Prod External - Request" id="cd98b648-a935-4982-bd51-e1cd336214eb" outgoingWss="Outflow PROD"><con:settings/><con:encoding>UTF-8</con:encoding><con:endpoint>https://fidus.sec.brussels/services/CountryService_v1.0</con:endpoint><con:request><![CDATA[<soapenv:Envelope xmlns:soapenv="http://schemas.xmlsoap.org/soap/envelope/" xmlns:v1="http://fidus.brussels/service/countryservice/messages/v1" xmlns:v11="http://fidus.brussels/type/common/messages/v1" xmlns:v12="http://fsb.belgium.be/mappingServices/countryService/messages/v1_00">
   <soapenv:Header/>
   <soapenv:Body>
      <v1:getPlaceCountryHistoryRequest>
         <v1:messageContext>
            <v11:messageId>${=import static java.util.UUID.randomUUID; uuid = randomUUID() as String}</v11:messageId>
            <!--Optional:-->
            <v11:timestamp>${=new java.text.SimpleDateFormat("yyyy-MM-dd'T'HH:mm:ss.SSS").format(new Date())}</v11:timestamp>
         </v1:messageContext>
         <v1:legalContext>ServiceIntegrator</v1:legalContext>
         <v1:request>
            <v12:iso-alpha2>NL</v12:iso-alpha2>
         </v1:request>
      </v1:getPlaceCountryHistoryRequest>
   </soapenv:Body>
</soapenv:Envelope>]]></con:request><con:assertion type="SOAP Fault Assertion" id="8cc705b9-433b-49c2-b6b8-ef0e2d28d0d3" name="Not SOAP Fault"/><con:assertion type="SOAP Response" id="f4205e53-e72a-4667-8efc-fa99d4d407c7" name="SOAP Response"/><con:assertion type="Schema Compliance" id="0be4df59-6727-4b36-a2ab-ee8683b96ccb" name="Schema Compliance"><con:configuration/></con:assertion><con:wsaConfig action="http://fidus.brussels/services/countryservice/getPlaceCountryHistory"/></con:request></con:config></con:testStep><con:properties/></con:testCase><con:properties/></con:testSuite><con:properties><con:property><con:name>Binding</con:name><con:value>{</con:value></con:property></con:properties><con:wssContainer><con:crypto><con:source>data/wso2/keystores/user-rajarshi.jks</con:source><con:password>test@fidus01</con:password><con:type>KEYSTORE</con:type></con:crypto><con:outgoing><con:name>Outflow TEST</con:name><con:entry type="Signature" username="testuser-test.fidus.brussels" password="test@fidus01"><con:configuration><crypto>user-rajarshi.jks</crypto><keyIdentifierType>3</keyIdentifierType><signatureAlgorithm/><signatureCanonicalization/><useSingleCert>true</useSingleCert><digestAlgorithm/><customTokenValueType/><customTokenId/></con:configuration></con:entry><con:entry type="Timestamp"><con:configuration><timeToLive>300000</timeToLive><strictTimestamp>true</strictTimestamp></con:configuration></con:entry></con:outgoing><con:outgoing><con:name>Outflow DEV</con:name></con:outgoing><con:outgoing><con:name>Outflow STAG</con:name></con:outgoing><con:outgoing><con:name>Outflow PROD</con:name></con:outgoing></con:wssContainer><con:oAuth2ProfileContainer/><con:oAuth1ProfileContainer/><con:sensitiveInformation/></con:soapui-project>