<?xml version="1.0" encoding="UTF-8"?>
<con:soapui-project id="2d65794a-e080-484f-a287-98c7e3b0cbb4" activeEnvironment="Default" name="Client-VehicleService-soapui-project" resourceRoot="" soapui-version="5.1.3" abortOnError="false" runType="SEQUENTIAL" xmlns:con="http://eviware.com/soapui/config">
  <con:settings/>
  <con:interface xsi:type="con:WsdlInterface" id="c7606967-424e-4242-afa5-5602719ce9a9" wsaVersion="NONE" name="VehicleServiceHTTPBinding" type="wsdl" bindingName="{http://fidus.brussels/service/vehicleservice/v1.1}VehicleServiceHTTPBinding" soapVersion="1_1" anonymous="optional" definition="file:/home/isr/git/parent/vehicleservice/VehicleServiceGateway/src/main/resources/wsdl/vehicleService/1.1.0/VehicleService_v1.1.wsdl" xmlns:xsi="http://www.w3.org/2001/XMLSchema-instance">
    <con:settings/>
    
    <con:definitionCache type="TEXT" rootPart="file:/home/isr/git/parent/vehicleservice/VehicleServiceGateway/src/main/resources/wsdl/vehicleService/1.1.0/VehicleService_v1.1.wsdl"><con:part><con:url>file:/home/isr/git/parent/vehicleservice/VehicleServiceGateway/src/main/resources/wsdl/vehicleService/1.1.0/VehicleService_v1.1.wsdl</con:url><con:content><![CDATA[<wsdl:definitions name="VehicleService" targetNamespace="http://fidus.brussels/service/vehicleservice/v1.1" xmlns:soap="http://schemas.xmlsoap.org/wsdl/soap/" xmlns:wsdl="http://schemas.xmlsoap.org/wsdl/" xmlns:xsd="http://www.w3.org/2001/XMLSchema" xmlns:mes="http://fidus.brussels/service/vehicleservice/messages/v1.1" xmlns:tns="http://fidus.brussels/service/vehicleservice/v1.1">
  <wsdl:types>
    <xsd:schema>
      <xsd:import namespace="http://fidus.brussels/service/vehicleservice/messages/v1.1" schemaLocation="messages/vehicleServiceMessages_v1.1.xsd"/>
    </xsd:schema>
  </wsdl:types>
  <wsdl:message name="getVehicleTitularRequestMessage">
    <wsdl:part name="GetVehicleTitularRequest" element="mes:getVehicleTitularRequest"/>
  </wsdl:message>
  <wsdl:message name="getVehicleTitularResponseMessage">
    <wsdl:part name="GetVehicleTitularResponse" element="mes:getVehicleTitularResponse"/>
  </wsdl:message>
  <wsdl:message name="getVehicleRegistrationRequestMessage">
    <wsdl:part name="GetVehicleRegistrationRequest" element="mes:getVehicleRegistrationRequest"/>
  </wsdl:message>
  <wsdl:message name="getVehicleRegistrationResponseMessage">
    <wsdl:part name="GetVehicleRegistrationResponse" element="mes:getVehicleRegistrationResponse"/>
  </wsdl:message>
  <wsdl:message name="getVehicleInformationRequestMessage">
    <wsdl:part name="GetVehicleInformationRequest" element="mes:getVehicleInformationRequest"/>
  </wsdl:message>
  <wsdl:message name="getVehicleInformationResponseMessage">
    <wsdl:part name="GetVehicleInformationResponse" element="mes:getVehicleInformationResponse"/>
  </wsdl:message>
  <wsdl:portType name="VehicleServicePortType">
    <wsdl:operation name="getVehicleTitular">
      <wsdl:input message="tns:getVehicleTitularRequestMessage"/>
      <wsdl:output message="tns:getVehicleTitularResponseMessage"/>
    </wsdl:operation>
    <wsdl:operation name="getVehicleRegistration">
      <wsdl:input message="tns:getVehicleRegistrationRequestMessage"/>
      <wsdl:output message="tns:getVehicleRegistrationResponseMessage"/>
    </wsdl:operation>
    <wsdl:operation name="getVehicleInformation">
      <wsdl:input message="tns:getVehicleInformationRequestMessage"/>
      <wsdl:output message="tns:getVehicleInformationResponseMessage"/>
    </wsdl:operation>
  </wsdl:portType>
  <wsdl:binding name="VehicleServiceHTTPBinding" type="tns:VehicleServicePortType">
    <soap:binding style="document" transport="http://schemas.xmlsoap.org/soap/http"/>
    <wsdl:operation name="getVehicleTitular">
      <soap:operation soapAction="http://fidus.brussels/services/vehicleservice/getVehicleTitular"/>
      <wsdl:input>
        <soap:body use="literal"/>
      </wsdl:input>
      <wsdl:output>
        <soap:body use="literal"/>
      </wsdl:output>
    </wsdl:operation>
    <wsdl:operation name="getVehicleRegistration">
      <soap:operation soapAction="http://fidus.brussels/services/vehicleservice/getVehicleRegistration"/>
      <wsdl:input>
        <soap:body use="literal"/>
      </wsdl:input>
      <wsdl:output>
        <soap:body use="literal"/>
      </wsdl:output>
    </wsdl:operation>
    <wsdl:operation name="getVehicleInformation">
      <soap:operation soapAction="http://fidus.brussels/services/vehicleservice/getVehicleInformation"/>
      <wsdl:input>
        <soap:body use="literal"/>
      </wsdl:input>
      <wsdl:output>
        <soap:body use="literal"/>
      </wsdl:output>
    </wsdl:operation>
  </wsdl:binding>
  <wsdl:service name="VehicleService_v1">
    <wsdl:port name="VehicleService_v1" binding="tns:VehicleServiceHTTPBinding">
      <soap:address location="http://fidus.brussels/services/vehicleservice/v1.1"/>
    </wsdl:port>
  </wsdl:service>
  <xsd:annotation>
    <xsd:documentation>Vehicle service WDSL v1.1</xsd:documentation>
  </xsd:annotation>
</wsdl:definitions>]]></con:content><con:type>http://schemas.xmlsoap.org/wsdl/</con:type></con:part><con:part><con:url>file:/home/isr/git/parent/vehicleservice/VehicleServiceGateway/src/main/resources/wsdl/vehicleService/1.1.0/messages/vehicleServiceMessages_v1.1.xsd</con:url><con:content><![CDATA[<xsd:schema targetNamespace="http://fidus.brussels/service/vehicleservice/messages/v1.1" elementFormDefault="qualified" attributeFormDefault="unqualified" version="1.0" xmlns:xsd="http://www.w3.org/2001/XMLSchema" xmlns:cme="http://fidus.brussels/type/common/messages/v1" xmlns:exc="http://fidus.brussels/type/common/exceptions/v1" xmlns:tns="http://fidus.brussels/service/vehicleservice/messages/v1.1">
  <xsd:import namespace="http://fidus.brussels/type/common/messages/v1" schemaLocation="baseMessageTypes_v1.xsd"/>
  <xsd:import namespace="http://fidus.brussels/type/common/exceptions/v1" schemaLocation="exceptionTypes_v1.xsd"/>
  <xsd:complexType name="vehicleTitularRequestType">
    <xsd:annotation>
      <xsd:documentation>The vehicle whose information is requested.</xsd:documentation>
    </xsd:annotation>
    <xsd:sequence>
      <xsd:element name="PlateNr" form="unqualified" minOccurs="0">
        <xsd:annotation>
          <xsd:documentation xml:lang="en">License plate number</xsd:documentation>
        </xsd:annotation>
        <xsd:simpleType>
          <xsd:restriction base="xsd:string">
            <xsd:maxLength value="10"/>
          </xsd:restriction>
        </xsd:simpleType>
      </xsd:element>
      <xsd:element name="Vin" form="unqualified" minOccurs="0">
        <xsd:annotation>
          <xsd:documentation xml:lang="en">Vehicle Identification Number or Chassisnumber</xsd:documentation>
        </xsd:annotation>
        <xsd:simpleType>
          <xsd:restriction base="xsd:string">
            <xsd:maxLength value="17"/>
          </xsd:restriction>
        </xsd:simpleType>
      </xsd:element>
      <xsd:element name="Unifier" form="unqualified" minOccurs="0">
        <xsd:annotation>
          <xsd:documentation xml:lang="en">A code to make a unique VIN number</xsd:documentation>
        </xsd:annotation>
        <xsd:simpleType>
          <xsd:restriction base="xsd:string">
            <xsd:maxLength value="2"/>
          </xsd:restriction>
        </xsd:simpleType>
      </xsd:element>
      <xsd:element name="LanguageCode" form="unqualified" minOccurs="0">
        <xsd:annotation>
          <xsd:documentation xml:lang="en">Language of the CIM: 1 (Francais), 2 (Nederlands) or 3 (Deutsch)</xsd:documentation>
        </xsd:annotation>
        <xsd:simpleType>
          <xsd:restriction base="xsd:integer">
            <xsd:totalDigits value="1"/>
          </xsd:restriction>
        </xsd:simpleType>
      </xsd:element>
      <xsd:element name="IncidentDate" form="unqualified" minOccurs="0">
        <xsd:simpleType>
          <xsd:restriction base="xsd:integer">
            <xsd:totalDigits value="8"/>
          </xsd:restriction>
        </xsd:simpleType>
      </xsd:element>
    </xsd:sequence>
  </xsd:complexType>
  <!--Request getIdentity definition-->
  <xsd:complexType name="GetVehicleTitularRequestType">
    <xsd:sequence>
      <xsd:element name="messageContext" type="cme:RequestMessageContextType"/>
      <xsd:element name="legalContext" type="cme:LegalContextType"/>
      <xsd:element name="consumerContext" type="cme:ConsumerContextType"/>
      <xsd:element name="request" type="tns:vehicleTitularRequestType"/>
    </xsd:sequence>
  </xsd:complexType>
  <!--Request getIdentity definition-->
  <xsd:complexType name="GetVehicleTitularResponseType">
    <xsd:sequence>
      <xsd:element name="messageContext" type="cme:ResponseMessageContextType"/>
      <xsd:element name="responses" type="tns:VehicleTitularResponsesType" minOccurs="0"/>
      <xsd:element name="exceptions" type="exc:ExceptionsType" minOccurs="0">
        <xsd:annotation>
          <xsd:documentation>Technical errors that occur when processing the message context e.g. insufficient rights.</xsd:documentation>
        </xsd:annotation>
      </xsd:element>
    </xsd:sequence>
  </xsd:complexType>
  <xsd:complexType name="VehicleTitularResponsesType">
    <xsd:sequence>
      <xsd:element name="response" type="tns:VehicleTitularResponseType" minOccurs="1" maxOccurs="1"/>
    </xsd:sequence>
  </xsd:complexType>
  <xsd:complexType name="VehicleTitularResponseType">
    <xsd:sequence>
      <xsd:element name="ExportIKeys" form="unqualified">
        <xsd:complexType>
          <xsd:sequence>
            <xsd:element name="PlateNr" form="unqualified">
              <xsd:annotation>
                <xsd:documentation xml:lang="en">License plate number</xsd:documentation>
              </xsd:annotation>
              <xsd:simpleType>
                <xsd:restriction base="xsd:string">
                  <xsd:maxLength value="10"/>
                </xsd:restriction>
              </xsd:simpleType>
            </xsd:element>
            <xsd:element name="Vin" form="unqualified">
              <xsd:annotation>
                <xsd:documentation xml:lang="en">Vehicle Identification Number or Chassisnumber</xsd:documentation>
              </xsd:annotation>
              <xsd:simpleType>
                <xsd:restriction base="xsd:string">
                  <xsd:maxLength value="17"/>
                </xsd:restriction>
              </xsd:simpleType>
            </xsd:element>
            <xsd:element name="Unifier" form="unqualified">
              <xsd:annotation>
                <xsd:documentation xml:lang="en">A code to make a unique VIN number</xsd:documentation>
              </xsd:annotation>
              <xsd:simpleType>
                <xsd:restriction base="xsd:string">
                  <xsd:maxLength value="2"/>
                </xsd:restriction>
              </xsd:simpleType>
            </xsd:element>
            <xsd:element name="LanguageCode" form="unqualified">
              <xsd:annotation>
                <xsd:documentation xml:lang="en">Language of the CIM: 1 (Francais), 2 (Nederlands) or 3 (Deutsch)</xsd:documentation>
              </xsd:annotation>
              <xsd:simpleType>
                <xsd:restriction base="xsd:integer">
                  <xsd:totalDigits value="1"/>
                </xsd:restriction>
              </xsd:simpleType>
            </xsd:element>
            <xsd:element name="IncidentDate" form="unqualified">
              <xsd:simpleType>
                <xsd:restriction base="xsd:integer">
                  <xsd:totalDigits value="8"/>
                </xsd:restriction>
              </xsd:simpleType>
            </xsd:element>
          </xsd:sequence>
        </xsd:complexType>
      </xsd:element>
      <xsd:element name="ExportIMessage" form="unqualified">
        <xsd:complexType>
          <xsd:sequence>
            <xsd:element name="Code" form="unqualified">
              <xsd:annotation>
                <xsd:documentation xml:lang="en">An error code</xsd:documentation>
              </xsd:annotation>
              <xsd:simpleType>
                <xsd:restriction base="xsd:string">
                  <xsd:maxLength value="7"/>
                </xsd:restriction>
              </xsd:simpleType>
            </xsd:element>
            <xsd:element name="Label" form="unqualified">
              <xsd:annotation>
                <xsd:documentation xml:lang="en">The error code description</xsd:documentation>
              </xsd:annotation>
              <xsd:simpleType>
                <xsd:restriction base="xsd:string">
                  <xsd:maxLength value="255"/>
                </xsd:restriction>
              </xsd:simpleType>
            </xsd:element>
          </xsd:sequence>
        </xsd:complexType>
      </xsd:element>
      <xsd:element name="ExportITitular" form="unqualified">
        <xsd:complexType>
          <xsd:sequence>
            <xsd:element name="NationalId" form="unqualified">
              <xsd:annotation>
                <xsd:documentation xml:lang="en">A person his/her national ID</xsd:documentation>
              </xsd:annotation>
              <xsd:simpleType>
                <xsd:restriction base="xsd:string">
                  <xsd:maxLength value="11"/>
                </xsd:restriction>
              </xsd:simpleType>
            </xsd:element>
            <xsd:element name="LastName" form="unqualified">
              <xsd:annotation>
                <xsd:documentation xml:lang="en">Lastname in case of a physical person or a companyname in case of a moral person</xsd:documentation>
              </xsd:annotation>
              <xsd:simpleType>
                <xsd:restriction base="xsd:string">
                  <xsd:maxLength value="160"/>
                </xsd:restriction>
              </xsd:simpleType>
            </xsd:element>
            <xsd:element name="FirstName1" form="unqualified">
              <xsd:annotation>
                <xsd:documentation xml:lang="en">First forename</xsd:documentation>
              </xsd:annotation>
              <xsd:simpleType>
                <xsd:restriction base="xsd:string">
                  <xsd:maxLength value="50"/>
                </xsd:restriction>
              </xsd:simpleType>
            </xsd:element>
            <xsd:element name="FirstName2" form="unqualified">
              <xsd:annotation>
                <xsd:documentation xml:lang="en">Second forename</xsd:documentation>
              </xsd:annotation>
              <xsd:simpleType>
                <xsd:restriction base="xsd:string">
                  <xsd:maxLength value="50"/>
                </xsd:restriction>
              </xsd:simpleType>
            </xsd:element>
            <xsd:element name="FirstName3" form="unqualified">
              <xsd:annotation>
                <xsd:documentation xml:lang="en">Third forename</xsd:documentation>
              </xsd:annotation>
              <xsd:simpleType>
                <xsd:restriction base="xsd:string">
                  <xsd:maxLength value="50"/>
                </xsd:restriction>
              </xsd:simpleType>
            </xsd:element>
            <xsd:element name="StreetName" form="unqualified">
              <xsd:annotation>
                <xsd:documentation xml:lang="en">Name of the street</xsd:documentation>
              </xsd:annotation>
              <xsd:simpleType>
                <xsd:restriction base="xsd:string">
                  <xsd:maxLength value="100"/>
                </xsd:restriction>
              </xsd:simpleType>
            </xsd:element>
            <xsd:element name="HouseNr" form="unqualified">
              <xsd:annotation>
                <xsd:documentation xml:lang="en">The house number in the street</xsd:documentation>
              </xsd:annotation>
              <xsd:simpleType>
                <xsd:restriction base="xsd:string">
                  <xsd:maxLength value="11"/>
                </xsd:restriction>
              </xsd:simpleType>
            </xsd:element>
            <xsd:element name="BoxNr" form="unqualified">
              <xsd:annotation>
                <xsd:documentation xml:lang="en">The box number at the specific streetname and house_nr</xsd:documentation>
              </xsd:annotation>
              <xsd:simpleType>
                <xsd:restriction base="xsd:string">
                  <xsd:maxLength value="11"/>
                </xsd:restriction>
              </xsd:simpleType>
            </xsd:element>
            <xsd:element name="PostalCode" form="unqualified">
              <xsd:simpleType>
                <xsd:restriction base="xsd:string">
                  <xsd:maxLength value="4"/>
                </xsd:restriction>
              </xsd:simpleType>
            </xsd:element>
            <xsd:element name="CityName" form="unqualified">
              <xsd:simpleType>
                <xsd:restriction base="xsd:string">
                  <xsd:maxLength value="100"/>
                </xsd:restriction>
              </xsd:simpleType>
            </xsd:element>
            <xsd:element name="NisNr" form="unqualified">
              <xsd:annotation>
                <xsd:documentation xml:lang="en">Nis number, code given by the National Institute of Statistics</xsd:documentation>
              </xsd:annotation>
              <xsd:simpleType>
                <xsd:restriction base="xsd:string">
                  <xsd:maxLength value="5"/>
                </xsd:restriction>
              </xsd:simpleType>
            </xsd:element>
            <xsd:element name="CompanyNr" form="unqualified">
              <xsd:annotation>
                <xsd:documentation xml:lang="en">The CBE number of the company</xsd:documentation>
              </xsd:annotation>
              <xsd:simpleType>
                <xsd:restriction base="xsd:string">
                  <xsd:maxLength value="10"/>
                </xsd:restriction>
              </xsd:simpleType>
            </xsd:element>
          </xsd:sequence>
        </xsd:complexType>
      </xsd:element>
      <xsd:element name="ExportIRegistration" form="unqualified" minOccurs="0">
        <xsd:complexType>
          <xsd:sequence>
            <xsd:element name="StatusCode" form="unqualified">
              <xsd:annotation>
                <xsd:documentation xml:lang="en">Status code of a registration</xsd:documentation>
              </xsd:annotation>
              <xsd:simpleType>
                <xsd:restriction base="xsd:string">
                  <xsd:maxLength value="3"/>
                </xsd:restriction>
              </xsd:simpleType>
            </xsd:element>
            <xsd:element name="StatusLabel" form="unqualified">
              <xsd:annotation>
                <xsd:documentation xml:lang="en">Omschrijving van de status</xsd:documentation>
              </xsd:annotation>
              <xsd:simpleType>
                <xsd:restriction base="xsd:string">
                  <xsd:maxLength value="30"/>
                </xsd:restriction>
              </xsd:simpleType>
            </xsd:element>
            <xsd:element name="StartSituationDate" form="unqualified">
              <xsd:annotation>
                <xsd:documentation xml:lang="en">The date when the status was accorded to this registration</xsd:documentation>
              </xsd:annotation>
              <xsd:simpleType>
                <xsd:restriction base="xsd:integer">
                  <xsd:totalDigits value="8"/>
                </xsd:restriction>
              </xsd:simpleType>
            </xsd:element>
            <xsd:element name="LanguageCode" form="unqualified">
              <xsd:annotation>
                <xsd:documentation xml:lang="en">Certificate language: 1 (Francais), 2 (Nederlands) or 3 (Deutsch)</xsd:documentation>
              </xsd:annotation>
              <xsd:simpleType>
                <xsd:restriction base="xsd:integer">
                  <xsd:totalDigits value="1"/>
                </xsd:restriction>
              </xsd:simpleType>
            </xsd:element>
          </xsd:sequence>
        </xsd:complexType>
      </xsd:element>
      <xsd:element name="ExportIVehicle" form="unqualified">
        <xsd:complexType>
          <xsd:sequence>
            <xsd:element name="Vin" form="unqualified">
              <xsd:annotation>
                <xsd:documentation xml:lang="en">Vehicle Identification Number or Chassisnumber</xsd:documentation>
              </xsd:annotation>
              <xsd:simpleType>
                <xsd:restriction base="xsd:string">
                  <xsd:maxLength value="17"/>
                </xsd:restriction>
              </xsd:simpleType>
            </xsd:element>
            <xsd:element name="Unifier" form="unqualified">
              <xsd:annotation>
                <xsd:documentation xml:lang="en">A code to make a unique VIN number</xsd:documentation>
              </xsd:annotation>
              <xsd:simpleType>
                <xsd:restriction base="xsd:string">
                  <xsd:maxLength value="2"/>
                </xsd:restriction>
              </xsd:simpleType>
            </xsd:element>
            <xsd:element name="CommercialName" form="unqualified">
              <xsd:annotation>
                <xsd:documentation xml:lang="en">Commercial name of vehicle (CoC 2.0.1)</xsd:documentation>
              </xsd:annotation>
              <xsd:simpleType>
                <xsd:restriction base="xsd:string">
                  <xsd:maxLength value="60"/>
                </xsd:restriction>
              </xsd:simpleType>
            </xsd:element>
          </xsd:sequence>
        </xsd:complexType>
      </xsd:element>
    </xsd:sequence>
  </xsd:complexType>
  <xsd:complexType name="vehicleRegistrationRequestType">
    <xsd:annotation>
      <xsd:documentation>The vehicle whose information is requested.</xsd:documentation>
    </xsd:annotation>
    <xsd:sequence>
      <xsd:element name="PlateNr" form="unqualified" minOccurs="0">
        <xsd:annotation>
          <xsd:documentation xml:lang="en">License plate number</xsd:documentation>
        </xsd:annotation>
        <xsd:simpleType>
          <xsd:restriction base="xsd:string">
            <xsd:maxLength value="10"/>
          </xsd:restriction>
        </xsd:simpleType>
      </xsd:element>
      <xsd:element name="Vin" form="unqualified" minOccurs="0">
        <xsd:annotation>
          <xsd:documentation xml:lang="en">Vehicle Identification Number or Chassisnumber</xsd:documentation>
        </xsd:annotation>
        <xsd:simpleType>
          <xsd:restriction base="xsd:string">
            <xsd:maxLength value="17"/>
          </xsd:restriction>
        </xsd:simpleType>
      </xsd:element>
      <xsd:element name="Unifier" form="unqualified" minOccurs="0">
        <xsd:annotation>
          <xsd:documentation xml:lang="en">A code to make a unique VIN number</xsd:documentation>
        </xsd:annotation>
        <xsd:simpleType>
          <xsd:restriction base="xsd:string">
            <xsd:maxLength value="2"/>
          </xsd:restriction>
        </xsd:simpleType>
      </xsd:element>
      <xsd:element name="NationalId" form="unqualified" minOccurs="0">
        <xsd:annotation>
          <xsd:documentation xml:lang="en">A person his/her national ID</xsd:documentation>
        </xsd:annotation>
        <xsd:simpleType>
          <xsd:restriction base="xsd:string">
            <xsd:maxLength value="11"/>
          </xsd:restriction>
        </xsd:simpleType>
      </xsd:element>
      <xsd:element name="CompanyNr" form="unqualified" minOccurs="0">
        <xsd:annotation>
          <xsd:documentation xml:lang="en">The CBE number of the company</xsd:documentation>
        </xsd:annotation>
        <xsd:simpleType>
          <xsd:restriction base="xsd:string">
            <xsd:maxLength value="10"/>
          </xsd:restriction>
        </xsd:simpleType>
      </xsd:element>
      <xsd:element name="LanguageCode" form="unqualified" minOccurs="0">
        <xsd:annotation>
          <xsd:documentation xml:lang="en">Language of the CIM: 1 (Francais), 2 (Nederlands) or 3 (Deutsch)</xsd:documentation>
        </xsd:annotation>
        <xsd:simpleType>
          <xsd:restriction base="xsd:integer">
            <xsd:totalDigits value="1"/>
          </xsd:restriction>
        </xsd:simpleType>
      </xsd:element>
    </xsd:sequence>
  </xsd:complexType>
  <!--Request getIdentity definition-->
  <xsd:complexType name="GetVehicleRegistrationRequestType">
    <xsd:sequence>
      <xsd:element name="messageContext" type="cme:RequestMessageContextType"/>
      <xsd:element name="legalContext" type="cme:LegalContextType"/>
      <xsd:element name="consumerContext" type="cme:ConsumerContextType"/>
      <xsd:element name="request" type="tns:vehicleRegistrationRequestType"/>
    </xsd:sequence>
  </xsd:complexType>
  <!--Request getIdentity definition-->
  <xsd:complexType name="GetVehicleRegistrationResponseType">
    <xsd:sequence>
      <xsd:element name="messageContext" type="cme:ResponseMessageContextType"/>
      <xsd:element name="responses" type="tns:VehicleRegistrationResponsesType" minOccurs="0"/>
      <xsd:element name="exceptions" type="exc:ExceptionsType" minOccurs="0">
        <xsd:annotation>
          <xsd:documentation>Technical errors that occur when processing the message context e.g. insufficient rights.</xsd:documentation>
        </xsd:annotation>
      </xsd:element>
    </xsd:sequence>
  </xsd:complexType>
  <xsd:complexType name="VehicleRegistrationResponsesType">
    <xsd:sequence>
      <xsd:element name="response" type="tns:VehicleRegistrationResponseType" minOccurs="1" maxOccurs="1"/>
    </xsd:sequence>
  </xsd:complexType>
  <xsd:complexType name="VehicleRegistrationResponseType">
    <xsd:sequence>
      <xsd:element name="ExportIKeys" form="unqualified">
        <xsd:complexType>
          <xsd:sequence>
            <xsd:element name="PlateNr" form="unqualified">
              <xsd:annotation>
                <xsd:documentation xml:lang="en">License plate number</xsd:documentation>
              </xsd:annotation>
              <xsd:simpleType>
                <xsd:restriction base="xsd:string">
                  <xsd:maxLength value="10"/>
                </xsd:restriction>
              </xsd:simpleType>
            </xsd:element>
            <xsd:element name="Vin" form="unqualified">
              <xsd:annotation>
                <xsd:documentation xml:lang="en">Vehicle Identification Number or Chassisnumber</xsd:documentation>
              </xsd:annotation>
              <xsd:simpleType>
                <xsd:restriction base="xsd:string">
                  <xsd:maxLength value="17"/>
                </xsd:restriction>
              </xsd:simpleType>
            </xsd:element>
            <xsd:element name="Unifier" form="unqualified">
              <xsd:annotation>
                <xsd:documentation xml:lang="en">A code to make a unique VIN number</xsd:documentation>
              </xsd:annotation>
              <xsd:simpleType>
                <xsd:restriction base="xsd:string">
                  <xsd:maxLength value="2"/>
                </xsd:restriction>
              </xsd:simpleType>
            </xsd:element>
            <xsd:element name="NationalId" form="unqualified">
              <xsd:annotation>
                <xsd:documentation xml:lang="en">A person his/her national ID</xsd:documentation>
              </xsd:annotation>
              <xsd:simpleType>
                <xsd:restriction base="xsd:string">
                  <xsd:maxLength value="11"/>
                </xsd:restriction>
              </xsd:simpleType>
            </xsd:element>
            <xsd:element name="CompanyNr" form="unqualified">
              <xsd:annotation>
                <xsd:documentation xml:lang="en">The CBE number of the company</xsd:documentation>
              </xsd:annotation>
              <xsd:simpleType>
                <xsd:restriction base="xsd:string">
                  <xsd:maxLength value="10"/>
                </xsd:restriction>
              </xsd:simpleType>
            </xsd:element>
            <xsd:element name="LanguageCode" form="unqualified">
              <xsd:annotation>
                <xsd:documentation xml:lang="en">Language of the CIM: 1 (Francais), 2 (Nederlands) or 3 (Deutsch)</xsd:documentation>
              </xsd:annotation>
              <xsd:simpleType>
                <xsd:restriction base="xsd:integer">
                  <xsd:totalDigits value="1"/>
                </xsd:restriction>
              </xsd:simpleType>
            </xsd:element>
          </xsd:sequence>
        </xsd:complexType>
      </xsd:element>
      <xsd:element name="ExportIMessage" form="unqualified">
        <xsd:complexType>
          <xsd:sequence>
            <xsd:element name="Code" form="unqualified">
              <xsd:annotation>
                <xsd:documentation xml:lang="en">An error code</xsd:documentation>
              </xsd:annotation>
              <xsd:simpleType>
                <xsd:restriction base="xsd:string">
                  <xsd:maxLength value="7"/>
                </xsd:restriction>
              </xsd:simpleType>
            </xsd:element>
            <xsd:element name="Label" form="unqualified">
              <xsd:annotation>
                <xsd:documentation xml:lang="en">The error code description</xsd:documentation>
              </xsd:annotation>
              <xsd:simpleType>
                <xsd:restriction base="xsd:string">
                  <xsd:maxLength value="255"/>
                </xsd:restriction>
              </xsd:simpleType>
            </xsd:element>
          </xsd:sequence>
        </xsd:complexType>
      </xsd:element>
      <xsd:element name="ExportGroup" form="unqualified">
        <xsd:complexType>
          <xsd:sequence>
            <xsd:element name="row" form="unqualified" minOccurs="0" maxOccurs="5">
              <xsd:complexType>
                <xsd:sequence>
                  <xsd:element name="ExportGrITitular" form="unqualified">
                    <xsd:complexType>
                      <xsd:sequence>
                        <xsd:element name="NationalId" form="unqualified">
                          <xsd:annotation>
                            <xsd:documentation xml:lang="en">A person his/her national ID</xsd:documentation>
                          </xsd:annotation>
                          <xsd:simpleType>
                            <xsd:restriction base="xsd:string">
                              <xsd:maxLength value="11"/>
                            </xsd:restriction>
                          </xsd:simpleType>
                        </xsd:element>
                        <xsd:element name="TitularId" form="unqualified">
                          <xsd:simpleType>
                            <xsd:restriction base="xsd:integer">
                              <xsd:totalDigits value="10"/>
                            </xsd:restriction>
                          </xsd:simpleType>
                        </xsd:element>
                        <xsd:element name="LastName" form="unqualified">
                          <xsd:annotation>
                            <xsd:documentation xml:lang="en">Lastname in case of a physical person or a companyname in case of a moral person</xsd:documentation>
                          </xsd:annotation>
                          <xsd:simpleType>
                            <xsd:restriction base="xsd:string">
                              <xsd:maxLength value="160"/>
                            </xsd:restriction>
                          </xsd:simpleType>
                        </xsd:element>
                        <xsd:element name="FirstName1" form="unqualified">
                          <xsd:annotation>
                            <xsd:documentation xml:lang="en">First forename</xsd:documentation>
                          </xsd:annotation>
                          <xsd:simpleType>
                            <xsd:restriction base="xsd:string">
                              <xsd:maxLength value="50"/>
                            </xsd:restriction>
                          </xsd:simpleType>
                        </xsd:element>
                        <xsd:element name="FirstName2" form="unqualified">
                          <xsd:annotation>
                            <xsd:documentation xml:lang="en">Second forename</xsd:documentation>
                          </xsd:annotation>
                          <xsd:simpleType>
                            <xsd:restriction base="xsd:string">
                              <xsd:maxLength value="50"/>
                            </xsd:restriction>
                          </xsd:simpleType>
                        </xsd:element>
                        <xsd:element name="FirstName3" form="unqualified">
                          <xsd:annotation>
                            <xsd:documentation xml:lang="en">Third forename</xsd:documentation>
                          </xsd:annotation>
                          <xsd:simpleType>
                            <xsd:restriction base="xsd:string">
                              <xsd:maxLength value="50"/>
                            </xsd:restriction>
                          </xsd:simpleType>
                        </xsd:element>
                        <xsd:element name="BirthDate" form="unqualified">
                          <xsd:annotation>
                            <xsd:documentation xml:lang="en">Date of birth</xsd:documentation>
                          </xsd:annotation>
                          <xsd:simpleType>
                            <xsd:restriction base="xsd:integer">
                              <xsd:totalDigits value="8"/>
                            </xsd:restriction>
                          </xsd:simpleType>
                        </xsd:element>
                        <xsd:element name="DeathDate" form="unqualified">
                          <xsd:annotation>
                            <xsd:documentation xml:lang="en">Date of death</xsd:documentation>
                          </xsd:annotation>
                          <xsd:simpleType>
                            <xsd:restriction base="xsd:integer">
                              <xsd:totalDigits value="8"/>
                            </xsd:restriction>
                          </xsd:simpleType>
                        </xsd:element>
                        <xsd:element name="StreetName" form="unqualified">
                          <xsd:annotation>
                            <xsd:documentation xml:lang="en">Name of the street</xsd:documentation>
                          </xsd:annotation>
                          <xsd:simpleType>
                            <xsd:restriction base="xsd:string">
                              <xsd:maxLength value="100"/>
                            </xsd:restriction>
                          </xsd:simpleType>
                        </xsd:element>
                        <xsd:element name="HouseNr" form="unqualified">
                          <xsd:annotation>
                            <xsd:documentation xml:lang="en">The house number in the street</xsd:documentation>
                          </xsd:annotation>
                          <xsd:simpleType>
                            <xsd:restriction base="xsd:string">
                              <xsd:maxLength value="11"/>
                            </xsd:restriction>
                          </xsd:simpleType>
                        </xsd:element>
                        <xsd:element name="BoxNr" form="unqualified">
                          <xsd:annotation>
                            <xsd:documentation xml:lang="en">The box number at the specific streetname and house_nr</xsd:documentation>
                          </xsd:annotation>
                          <xsd:simpleType>
                            <xsd:restriction base="xsd:string">
                              <xsd:maxLength value="11"/>
                            </xsd:restriction>
                          </xsd:simpleType>
                        </xsd:element>
                        <xsd:element name="PostalCode" form="unqualified">
                          <xsd:simpleType>
                            <xsd:restriction base="xsd:string">
                              <xsd:maxLength value="4"/>
                            </xsd:restriction>
                          </xsd:simpleType>
                        </xsd:element>
                        <xsd:element name="CityName" form="unqualified">
                          <xsd:simpleType>
                            <xsd:restriction base="xsd:string">
                              <xsd:maxLength value="100"/>
                            </xsd:restriction>
                          </xsd:simpleType>
                        </xsd:element>
                        <xsd:element name="NisNr" form="unqualified">
                          <xsd:annotation>
                            <xsd:documentation xml:lang="en">Nis number, code given by the National Institute of Statistics</xsd:documentation>
                          </xsd:annotation>
                          <xsd:simpleType>
                            <xsd:restriction base="xsd:string">
                              <xsd:maxLength value="5"/>
                            </xsd:restriction>
                          </xsd:simpleType>
                        </xsd:element>
                        <xsd:element name="NatRegStreetNr" form="unqualified">
                          <xsd:simpleType>
                            <xsd:restriction base="xsd:string">
                              <xsd:maxLength value="4"/>
                            </xsd:restriction>
                          </xsd:simpleType>
                        </xsd:element>
                        <xsd:element name="CompanyNr" form="unqualified">
                          <xsd:annotation>
                            <xsd:documentation xml:lang="en">The CBE number of the company</xsd:documentation>
                          </xsd:annotation>
                          <xsd:simpleType>
                            <xsd:restriction base="xsd:string">
                              <xsd:maxLength value="10"/>
                            </xsd:restriction>
                          </xsd:simpleType>
                        </xsd:element>
                        <xsd:element name="CompanyBeginDate" form="unqualified">
                          <xsd:annotation>
                            <xsd:documentation xml:lang="en">The begin date of the company</xsd:documentation>
                          </xsd:annotation>
                          <xsd:simpleType>
                            <xsd:restriction base="xsd:integer">
                              <xsd:totalDigits value="8"/>
                            </xsd:restriction>
                          </xsd:simpleType>
                        </xsd:element>
                        <xsd:element name="CompanyEndDate" form="unqualified">
                          <xsd:annotation>
                            <xsd:documentation xml:lang="en">The end date of a company</xsd:documentation>
                          </xsd:annotation>
                          <xsd:simpleType>
                            <xsd:restriction base="xsd:integer">
                              <xsd:totalDigits value="8"/>
                            </xsd:restriction>
                          </xsd:simpleType>
                        </xsd:element>
                        <xsd:element name="CompanyLegalStateCode" form="unqualified">
                          <xsd:simpleType>
                            <xsd:restriction base="xsd:string">
                              <xsd:maxLength value="3"/>
                            </xsd:restriction>
                          </xsd:simpleType>
                        </xsd:element>
                        <xsd:element name="CompanyLegalStateDesc" form="unqualified">
                          <xsd:simpleType>
                            <xsd:restriction base="xsd:string">
                              <xsd:maxLength value="60"/>
                            </xsd:restriction>
                          </xsd:simpleType>
                        </xsd:element>
                        <xsd:element name="CompanyLegalFormCode" form="unqualified">
                          <xsd:simpleType>
                            <xsd:restriction base="xsd:string">
                              <xsd:maxLength value="3"/>
                            </xsd:restriction>
                          </xsd:simpleType>
                        </xsd:element>
                        <xsd:element name="CompanyLegalFormDesc" form="unqualified">
                          <xsd:simpleType>
                            <xsd:restriction base="xsd:string">
                              <xsd:maxLength value="60"/>
                            </xsd:restriction>
                          </xsd:simpleType>
                        </xsd:element>
                      </xsd:sequence>
                    </xsd:complexType>
                  </xsd:element>
                  <xsd:element name="ExportGrIRegistration" form="unqualified">
                    <xsd:complexType>
                      <xsd:sequence>
                        <xsd:element name="PlateNr" form="unqualified">
                          <xsd:annotation>
                            <xsd:documentation xml:lang="en">Number as it appears on the plate without any edit characters</xsd:documentation>
                          </xsd:annotation>
                          <xsd:simpleType>
                            <xsd:restriction base="xsd:string">
                              <xsd:maxLength value="10"/>
                            </xsd:restriction>
                          </xsd:simpleType>
                        </xsd:element>
                        <xsd:element name="PlateType" form="unqualified">
                          <xsd:annotation>
                            <xsd:documentation xml:lang="en">License plate type</xsd:documentation>
                          </xsd:annotation>
                          <xsd:simpleType>
                            <xsd:restriction base="xsd:string">
                              <xsd:maxLength value="3"/>
                            </xsd:restriction>
                          </xsd:simpleType>
                        </xsd:element>
                        <xsd:element name="PlateTypeLabel" form="unqualified">
                          <xsd:simpleType>
                            <xsd:restriction base="xsd:string">
                              <xsd:maxLength value="30"/>
                            </xsd:restriction>
                          </xsd:simpleType>
                        </xsd:element>
                        <xsd:element name="TitularRegDate" form="unqualified" minOccurs="0">
                          <xsd:annotation>
                            <xsd:documentation xml:lang="en">Date when the titular is first assigned the plate</xsd:documentation>
                          </xsd:annotation>
                          <xsd:simpleType>
                            <xsd:restriction base="xsd:integer">
                              <xsd:totalDigits value="8"/>
                            </xsd:restriction>
                          </xsd:simpleType>
                        </xsd:element>
                        <xsd:element name="LastRegDate" form="unqualified" minOccurs="0">
                          <xsd:annotation>
                            <xsd:documentation xml:lang="en">Date when the vehicle was lat registered, when the vehicle was linked to the registration</xsd:documentation>
                          </xsd:annotation>
                          <xsd:simpleType>
                            <xsd:restriction base="xsd:integer">
                              <xsd:totalDigits value="8"/>
                            </xsd:restriction>
                          </xsd:simpleType>
                        </xsd:element>
                        <xsd:element name="EndDate" form="unqualified" minOccurs="0">
                          <xsd:annotation>
                            <xsd:documentation xml:lang="en">The planned end date for the validity of temporary and commercial plates.</xsd:documentation>
                          </xsd:annotation>
                          <xsd:simpleType>
                            <xsd:restriction base="xsd:integer">
                              <xsd:totalDigits value="8"/>
                            </xsd:restriction>
                          </xsd:simpleType>
                        </xsd:element>
                        <xsd:element name="StartSituationDate" form="unqualified" minOccurs="0">
                          <xsd:annotation>
                            <xsd:documentation xml:lang="en">The date when the status was accorded to this registration</xsd:documentation>
                          </xsd:annotation>
                          <xsd:simpleType>
                            <xsd:restriction base="xsd:integer">
                              <xsd:totalDigits value="8"/>
                            </xsd:restriction>
                          </xsd:simpleType>
                        </xsd:element>
                        <xsd:element name="LastUpdate" form="unqualified" minOccurs="0">
                          <xsd:annotation>
                            <xsd:documentation xml:lang="en">Date and time when the registration data was last changed</xsd:documentation>
                          </xsd:annotation>
                          <xsd:simpleType>
                            <xsd:restriction base="xsd:string">
                              <xsd:maxLength value="20"/>
                            </xsd:restriction>
                          </xsd:simpleType>
                        </xsd:element>
                        <xsd:element name="StatusCode" form="unqualified" minOccurs="0">
                          <xsd:annotation>
                            <xsd:documentation xml:lang="en">Status code of a registration</xsd:documentation>
                          </xsd:annotation>
                          <xsd:simpleType>
                            <xsd:restriction base="xsd:string">
                              <xsd:maxLength value="3"/>
                            </xsd:restriction>
                          </xsd:simpleType>
                        </xsd:element>
                        <xsd:element name="StatusLabel" form="unqualified" minOccurs="0">
                          <xsd:annotation>
                            <xsd:documentation xml:lang="en">Omschrijving van de status</xsd:documentation>
                          </xsd:annotation>
                          <xsd:simpleType>
                            <xsd:restriction base="xsd:string">
                              <xsd:maxLength value="30"/>
                            </xsd:restriction>
                          </xsd:simpleType>
                        </xsd:element>
                        <xsd:element name="LegalStatusCode" form="unqualified" minOccurs="0">
                          <xsd:simpleType>
                            <xsd:restriction base="xsd:string">
                              <xsd:maxLength value="3"/>
                            </xsd:restriction>
                          </xsd:simpleType>
                        </xsd:element>
                        <xsd:element name="LegalStatusLabel" form="unqualified" minOccurs="0">
                          <xsd:simpleType>
                            <xsd:restriction base="xsd:string">
                              <xsd:maxLength value="30"/>
                            </xsd:restriction>
                          </xsd:simpleType>
                        </xsd:element>
                        <xsd:element name="AdministrativeStatusCode" form="unqualified" minOccurs="0">
                          <xsd:simpleType>
                            <xsd:restriction base="xsd:string">
                              <xsd:maxLength value="3"/>
                            </xsd:restriction>
                          </xsd:simpleType>
                        </xsd:element>
                        <xsd:element name="AdministrativeStatusLabel" form="unqualified" minOccurs="0">
                          <xsd:simpleType>
                            <xsd:restriction base="xsd:string">
                              <xsd:maxLength value="30"/>
                            </xsd:restriction>
                          </xsd:simpleType>
                        </xsd:element>
                        <xsd:element name="LanguageCode" form="unqualified" minOccurs="0">
                          <xsd:annotation>
                            <xsd:documentation xml:lang="en">Certificate language: 1 (Francais), 2 (Nederlands) or 3 (Deutsch)</xsd:documentation>
                          </xsd:annotation>
                          <xsd:simpleType>
                            <xsd:restriction base="xsd:integer">
                              <xsd:totalDigits value="1"/>
                            </xsd:restriction>
                          </xsd:simpleType>
                        </xsd:element>
                      </xsd:sequence>
                    </xsd:complexType>
                  </xsd:element>
                  <xsd:element name="ExportGrIInsurance" form="unqualified" minOccurs="0">
                    <xsd:complexType>
                      <xsd:sequence>
                        <xsd:element name="Code" form="unqualified">
                          <xsd:annotation>
                            <xsd:documentation xml:lang="en">Insurance company number</xsd:documentation>
                          </xsd:annotation>
                          <xsd:simpleType>
                            <xsd:restriction base="xsd:string">
                              <xsd:maxLength value="10"/>
                            </xsd:restriction>
                          </xsd:simpleType>
                        </xsd:element>
                        <xsd:element name="CompanyName" form="unqualified">
                          <xsd:simpleType>
                            <xsd:restriction base="xsd:string">
                              <xsd:maxLength value="80"/>
                            </xsd:restriction>
                          </xsd:simpleType>
                        </xsd:element>
                      </xsd:sequence>
                    </xsd:complexType>
                  </xsd:element>
                  <xsd:element name="ExportGrIVehicle" form="unqualified">
                    <xsd:complexType>
                      <xsd:sequence>
                        <xsd:element name="Vin" form="unqualified">
                          <xsd:annotation>
                            <xsd:documentation xml:lang="en">Vehicle Identification Number or Chassisnumber</xsd:documentation>
                          </xsd:annotation>
                          <xsd:simpleType>
                            <xsd:restriction base="xsd:string">
                              <xsd:maxLength value="17"/>
                            </xsd:restriction>
                          </xsd:simpleType>
                        </xsd:element>
                        <xsd:element name="Unifier" form="unqualified">
                          <xsd:annotation>
                            <xsd:documentation xml:lang="en">A code to make a unique VIN number</xsd:documentation>
                          </xsd:annotation>
                          <xsd:simpleType>
                            <xsd:restriction base="xsd:string">
                              <xsd:maxLength value="2"/>
                            </xsd:restriction>
                          </xsd:simpleType>
                        </xsd:element>
                        <xsd:element name="CategoryCode" form="unqualified">
                          <xsd:annotation>
                            <xsd:documentation xml:lang="en">European category code</xsd:documentation>
                          </xsd:annotation>
                          <xsd:simpleType>
                            <xsd:restriction base="xsd:string">
                              <xsd:maxLength value="10"/>
                            </xsd:restriction>
                          </xsd:simpleType>
                        </xsd:element>
                        <xsd:element name="CategoryLabel" form="unqualified">
                          <xsd:annotation>
                            <xsd:documentation xml:lang="en">European category description</xsd:documentation>
                          </xsd:annotation>
                          <xsd:simpleType>
                            <xsd:restriction base="xsd:string">
                              <xsd:maxLength value="100"/>
                            </xsd:restriction>
                          </xsd:simpleType>
                        </xsd:element>
                        <xsd:element name="BodyworktypeCode" form="unqualified">
                          <xsd:annotation>
                            <xsd:documentation xml:lang="en">European code for bodywork type</xsd:documentation>
                          </xsd:annotation>
                          <xsd:simpleType>
                            <xsd:restriction base="xsd:string">
                              <xsd:maxLength value="2"/>
                            </xsd:restriction>
                          </xsd:simpleType>
                        </xsd:element>
                        <xsd:element name="BodyworktypeLabel" form="unqualified">
                          <xsd:annotation>
                            <xsd:documentation xml:lang="en">Description for the european code for bodywork type</xsd:documentation>
                          </xsd:annotation>
                          <xsd:simpleType>
                            <xsd:restriction base="xsd:string">
                              <xsd:maxLength value="30"/>
                            </xsd:restriction>
                          </xsd:simpleType>
                        </xsd:element>
                        <xsd:element name="CommercialName" form="unqualified">
                          <xsd:annotation>
                            <xsd:documentation xml:lang="en">Commercial name of vehicle (CoC 2.0.1)</xsd:documentation>
                          </xsd:annotation>
                          <xsd:simpleType>
                            <xsd:restriction base="xsd:string">
                              <xsd:maxLength value="60"/>
                            </xsd:restriction>
                          </xsd:simpleType>
                        </xsd:element>
                        <xsd:element name="MakeName" form="unqualified">
                          <xsd:annotation>
                            <xsd:documentation xml:lang="en">Make name</xsd:documentation>
                          </xsd:annotation>
                          <xsd:simpleType>
                            <xsd:restriction base="xsd:string">
                              <xsd:maxLength value="20"/>
                            </xsd:restriction>
                          </xsd:simpleType>
                        </xsd:element>
                        <xsd:element name="KindCode" form="unqualified">
                          <xsd:annotation>
                            <xsd:documentation xml:lang="en">Vehicle kind code</xsd:documentation>
                          </xsd:annotation>
                          <xsd:simpleType>
                            <xsd:restriction base="xsd:string">
                              <xsd:maxLength value="2"/>
                            </xsd:restriction>
                          </xsd:simpleType>
                        </xsd:element>
                        <xsd:element name="KindLabel" form="unqualified">
                          <xsd:annotation>
                            <xsd:documentation xml:lang="en">Vehicle kind description</xsd:documentation>
                          </xsd:annotation>
                          <xsd:simpleType>
                            <xsd:restriction base="xsd:string">
                              <xsd:maxLength value="30"/>
                            </xsd:restriction>
                          </xsd:simpleType>
                        </xsd:element>
                        <xsd:element name="FuelCode" form="unqualified">
                          <xsd:annotation>
                            <xsd:documentation xml:lang="en">Fuel code</xsd:documentation>
                          </xsd:annotation>
                          <xsd:simpleType>
                            <xsd:restriction base="xsd:string">
                              <xsd:maxLength value="2"/>
                            </xsd:restriction>
                          </xsd:simpleType>
                        </xsd:element>
                        <xsd:element name="FuelLabel" form="unqualified">
                          <xsd:annotation>
                            <xsd:documentation xml:lang="en">Fuel description</xsd:documentation>
                          </xsd:annotation>
                          <xsd:simpleType>
                            <xsd:restriction base="xsd:string">
                              <xsd:maxLength value="30"/>
                            </xsd:restriction>
                          </xsd:simpleType>
                        </xsd:element>
                        <xsd:element name="EuroNormCode" form="unqualified">
                          <xsd:annotation>
                            <xsd:documentation xml:lang="en">Euronorm</xsd:documentation>
                          </xsd:annotation>
                          <xsd:simpleType>
                            <xsd:restriction base="xsd:string">
                              <xsd:maxLength value="3"/>
                            </xsd:restriction>
                          </xsd:simpleType>
                        </xsd:element>
                        <xsd:element name="BuildDate" form="unqualified" minOccurs="0">
                          <xsd:annotation>
                            <xsd:documentation xml:lang="en">Vehicle build date</xsd:documentation>
                          </xsd:annotation>
                          <xsd:simpleType>
                            <xsd:restriction base="xsd:integer">
                              <xsd:totalDigits value="8"/>
                            </xsd:restriction>
                          </xsd:simpleType>
                        </xsd:element>
                        <xsd:element name="FirstRegistrationDate" form="unqualified">
                          <xsd:annotation>
                            <xsd:documentation xml:lang="en">Vehicle first registration date (the first time a plate was assigned to it)</xsd:documentation>
                          </xsd:annotation>
                          <xsd:simpleType>
                            <xsd:restriction base="xsd:integer">
                              <xsd:totalDigits value="8"/>
                            </xsd:restriction>
                          </xsd:simpleType>
                        </xsd:element>
                        <xsd:element name="TotalCylinderCapacity" form="unqualified" minOccurs="0">
                          <xsd:annotation>
                            <xsd:documentation xml:lang="en">Vehicle cylinder (cc)</xsd:documentation>
                          </xsd:annotation>
                          <xsd:simpleType>
                            <xsd:restriction base="xsd:integer">
                              <xsd:totalDigits value="5"/>
                            </xsd:restriction>
                          </xsd:simpleType>
                        </xsd:element>
                        <xsd:element name="StatusCode" form="unqualified" minOccurs="0">
                          <xsd:annotation>
                            <xsd:documentation xml:lang="en">Vehicle life cycle status</xsd:documentation>
                          </xsd:annotation>
                          <xsd:simpleType>
                            <xsd:restriction base="xsd:string">
                              <xsd:maxLength value="3"/>
                            </xsd:restriction>
                          </xsd:simpleType>
                        </xsd:element>
                        <xsd:element name="StatusLabel" form="unqualified" minOccurs="0">
                          <xsd:annotation>
                            <xsd:documentation xml:lang="en">Description of the vehicle life cycle status</xsd:documentation>
                          </xsd:annotation>
                          <xsd:simpleType>
                            <xsd:restriction base="xsd:string">
                              <xsd:maxLength value="30"/>
                            </xsd:restriction>
                          </xsd:simpleType>
                        </xsd:element>
                        <xsd:element name="LegalStatusCode" form="unqualified" minOccurs="0">
                          <xsd:annotation>
                            <xsd:documentation xml:lang="en">Vehicle legal status</xsd:documentation>
                          </xsd:annotation>
                          <xsd:simpleType>
                            <xsd:restriction base="xsd:string">
                              <xsd:maxLength value="3"/>
                            </xsd:restriction>
                          </xsd:simpleType>
                        </xsd:element>
                        <xsd:element name="LegalStatusLabel" form="unqualified" minOccurs="0">
                          <xsd:annotation>
                            <xsd:documentation xml:lang="en">Description of the vehicle legal status</xsd:documentation>
                          </xsd:annotation>
                          <xsd:simpleType>
                            <xsd:restriction base="xsd:string">
                              <xsd:maxLength value="30"/>
                            </xsd:restriction>
                          </xsd:simpleType>
                        </xsd:element>
                        <xsd:element name="AdministrativeStatusCode" form="unqualified" minOccurs="0">
                          <xsd:annotation>
                            <xsd:documentation xml:lang="en">Vehicle administrative status</xsd:documentation>
                          </xsd:annotation>
                          <xsd:simpleType>
                            <xsd:restriction base="xsd:string">
                              <xsd:maxLength value="3"/>
                            </xsd:restriction>
                          </xsd:simpleType>
                        </xsd:element>
                        <xsd:element name="AdministrativeStatusLabel" form="unqualified" minOccurs="0">
                          <xsd:annotation>
                            <xsd:documentation xml:lang="en">Description of the vehicle administrative status</xsd:documentation>
                          </xsd:annotation>
                          <xsd:simpleType>
                            <xsd:restriction base="xsd:string">
                              <xsd:maxLength value="30"/>
                            </xsd:restriction>
                          </xsd:simpleType>
                        </xsd:element>
                      </xsd:sequence>
                    </xsd:complexType>
                  </xsd:element>
                </xsd:sequence>
              </xsd:complexType>
            </xsd:element>
          </xsd:sequence>
        </xsd:complexType>
      </xsd:element>
    </xsd:sequence>
  </xsd:complexType>
  <xsd:complexType name="VehicleInformationRequestType">
    <xsd:annotation>
      <xsd:documentation>The vehicle whose information is requested.</xsd:documentation>
    </xsd:annotation>
    <xsd:sequence>
      <xsd:element name="Vin" form="unqualified" minOccurs="0">
        <xsd:annotation>
          <xsd:documentation xml:lang="en">Vehicle Identification Number or Chassisnumber</xsd:documentation>
        </xsd:annotation>
        <xsd:simpleType>
          <xsd:restriction base="xsd:string">
            <xsd:maxLength value="17"/>
          </xsd:restriction>
        </xsd:simpleType>
      </xsd:element>
      <xsd:element name="Unifier" form="unqualified" minOccurs="0">
        <xsd:annotation>
          <xsd:documentation xml:lang="en">A code to make a unique VIN number</xsd:documentation>
        </xsd:annotation>
        <xsd:simpleType>
          <xsd:restriction base="xsd:string">
            <xsd:maxLength value="2"/>
          </xsd:restriction>
        </xsd:simpleType>
      </xsd:element>
      <xsd:element name="LanguageCode" form="unqualified" minOccurs="0">
        <xsd:annotation>
          <xsd:documentation xml:lang="en">Language of the CIM: 1 (Francais), 2 (Nederlands) or 3 (Deutsch)</xsd:documentation>
        </xsd:annotation>
        <xsd:simpleType>
          <xsd:restriction base="xsd:integer">
            <xsd:totalDigits value="1"/>
          </xsd:restriction>
        </xsd:simpleType>
      </xsd:element>
    </xsd:sequence>
  </xsd:complexType>
  <xsd:complexType name="VehicleInformationResponseType">
    <xsd:sequence>
      <xsd:element name="ExportIKeys" form="unqualified">
        <xsd:complexType>
          <xsd:sequence>
            <xsd:element name="Vin" form="unqualified">
              <xsd:annotation>
                <xsd:documentation xml:lang="en">Vehicle Identification Number or Chassisnumber</xsd:documentation>
              </xsd:annotation>
              <xsd:simpleType>
                <xsd:restriction base="xsd:string">
                  <xsd:maxLength value="17"/>
                </xsd:restriction>
              </xsd:simpleType>
            </xsd:element>
            <xsd:element name="Unifier" form="unqualified">
              <xsd:annotation>
                <xsd:documentation xml:lang="en">A code to make a unique VIN number</xsd:documentation>
              </xsd:annotation>
              <xsd:simpleType>
                <xsd:restriction base="xsd:string">
                  <xsd:maxLength value="2"/>
                </xsd:restriction>
              </xsd:simpleType>
            </xsd:element>
            <xsd:element name="LanguageCode" form="unqualified">
              <xsd:annotation>
                <xsd:documentation xml:lang="en">Language of the CIM  
										1: Francais  
										2: Nederlands  
										3: Deutsch</xsd:documentation>
              </xsd:annotation>
              <xsd:simpleType>
                <xsd:restriction base="xsd:integer">
                  <xsd:totalDigits value="1"/>
                </xsd:restriction>
              </xsd:simpleType>
            </xsd:element>
          </xsd:sequence>
        </xsd:complexType>
      </xsd:element>
      <xsd:element name="ExportIMessage" form="unqualified">
        <xsd:complexType>
          <xsd:sequence>
            <xsd:element name="Code" form="unqualified">
              <xsd:annotation>
                <xsd:documentation xml:lang="en">An error code</xsd:documentation>
              </xsd:annotation>
              <xsd:simpleType>
                <xsd:restriction base="xsd:string">
                  <xsd:maxLength value="7"/>
                </xsd:restriction>
              </xsd:simpleType>
            </xsd:element>
            <xsd:element name="Label" form="unqualified">
              <xsd:annotation>
                <xsd:documentation xml:lang="en">The error code description</xsd:documentation>
              </xsd:annotation>
              <xsd:simpleType>
                <xsd:restriction base="xsd:string">
                  <xsd:maxLength value="255"/>
                </xsd:restriction>
              </xsd:simpleType>
            </xsd:element>
          </xsd:sequence>
        </xsd:complexType>
      </xsd:element>
      <xsd:element name="ExportIVehicle" form="unqualified">
        <xsd:complexType>
          <xsd:sequence>
            <xsd:element name="Vin" form="unqualified">
              <xsd:annotation>
                <xsd:documentation xml:lang="en">Vehicle Identification Number or Chassisnumber</xsd:documentation>
              </xsd:annotation>
              <xsd:simpleType>
                <xsd:restriction base="xsd:string">
                  <xsd:maxLength value="17"/>
                </xsd:restriction>
              </xsd:simpleType>
            </xsd:element>
            <xsd:element name="Unifier" form="unqualified">
              <xsd:annotation>
                <xsd:documentation xml:lang="en">A code to make a unique VIN number</xsd:documentation>
              </xsd:annotation>
              <xsd:simpleType>
                <xsd:restriction base="xsd:string">
                  <xsd:maxLength value="2"/>
                </xsd:restriction>
              </xsd:simpleType>
            </xsd:element>
            <xsd:element name="Wvta" form="unqualified">
              <xsd:annotation>
                <xsd:documentation xml:lang="en">European type approval</xsd:documentation>
              </xsd:annotation>
              <xsd:simpleType>
                <xsd:restriction base="xsd:string">
                  <xsd:maxLength value="40"/>
                </xsd:restriction>
              </xsd:simpleType>
            </xsd:element>
            <xsd:element name="Variant" form="unqualified">
              <xsd:annotation>
                <xsd:documentation xml:lang="en">Vehicle variant of the european approval</xsd:documentation>
              </xsd:annotation>
              <xsd:simpleType>
                <xsd:restriction base="xsd:string">
                  <xsd:maxLength value="25"/>
                </xsd:restriction>
              </xsd:simpleType>
            </xsd:element>
            <xsd:element name="Version" form="unqualified">
              <xsd:annotation>
                <xsd:documentation xml:lang="en">Vehicle version of the european approval</xsd:documentation>
              </xsd:annotation>
              <xsd:simpleType>
                <xsd:restriction base="xsd:string">
                  <xsd:maxLength value="35"/>
                </xsd:restriction>
              </xsd:simpleType>
            </xsd:element>
            <xsd:element name="Revision" form="unqualified">
              <xsd:annotation>
                <xsd:documentation xml:lang="en">Revision of the european approval</xsd:documentation>
              </xsd:annotation>
              <xsd:simpleType>
                <xsd:restriction base="xsd:integer">
                  <xsd:totalDigits value="2"/>
                </xsd:restriction>
              </xsd:simpleType>
            </xsd:element>
            <xsd:element name="Type" form="unqualified">
              <xsd:annotation>
                <xsd:documentation xml:lang="en">type of the european approval</xsd:documentation>
              </xsd:annotation>
              <xsd:simpleType>
                <xsd:restriction base="xsd:string">
                  <xsd:maxLength value="25"/>
                </xsd:restriction>
              </xsd:simpleType>
            </xsd:element>
            <xsd:element name="PvaBelgium" form="unqualified">
              <xsd:annotation>
                <xsd:documentation xml:lang="en">Belgian national approval</xsd:documentation>
              </xsd:annotation>
              <xsd:simpleType>
                <xsd:restriction base="xsd:string">
                  <xsd:maxLength value="6"/>
                </xsd:restriction>
              </xsd:simpleType>
            </xsd:element>
            <xsd:element name="FirstRegistrationDate" form="unqualified">
              <xsd:annotation>
                <xsd:documentation xml:lang="en">Vehicle first registration date (the first time a plate was assigned to it)</xsd:documentation>
              </xsd:annotation>
              <xsd:simpleType>
                <xsd:restriction base="xsd:integer">
                  <xsd:totalDigits value="8"/>
                </xsd:restriction>
              </xsd:simpleType>
            </xsd:element>
            <xsd:element name="BuildDate" form="unqualified">
              <xsd:annotation>
                <xsd:documentation xml:lang="en">Vehicle build date</xsd:documentation>
              </xsd:annotation>
              <xsd:simpleType>
                <xsd:restriction base="xsd:integer">
                  <xsd:totalDigits value="8"/>
                </xsd:restriction>
              </xsd:simpleType>
            </xsd:element>
            <xsd:element name="CategoryCode" form="unqualified">
              <xsd:annotation>
                <xsd:documentation xml:lang="en">European category code</xsd:documentation>
              </xsd:annotation>
              <xsd:simpleType>
                <xsd:restriction base="xsd:string">
                  <xsd:maxLength value="10"/>
                </xsd:restriction>
              </xsd:simpleType>
            </xsd:element>
            <xsd:element name="CategoryLabel" form="unqualified">
              <xsd:annotation>
                <xsd:documentation xml:lang="en">European category description</xsd:documentation>
              </xsd:annotation>
              <xsd:simpleType>
                <xsd:restriction base="xsd:string">
                  <xsd:maxLength value="100"/>
                </xsd:restriction>
              </xsd:simpleType>
            </xsd:element>
            <xsd:element name="BodyworktypeCode" form="unqualified">
              <xsd:annotation>
                <xsd:documentation xml:lang="en">European code for bodywork type</xsd:documentation>
              </xsd:annotation>
              <xsd:simpleType>
                <xsd:restriction base="xsd:string">
                  <xsd:maxLength value="2"/>
                </xsd:restriction>
              </xsd:simpleType>
            </xsd:element>
            <xsd:element name="BodyworktypeLabel" form="unqualified">
              <xsd:annotation/>
              <xsd:simpleType>
                <xsd:restriction base="xsd:string">
                  <xsd:maxLength value="30"/>
                </xsd:restriction>
              </xsd:simpleType>
            </xsd:element>
            <xsd:element name="KindCode" form="unqualified">
              <xsd:annotation>
                <xsd:documentation xml:lang="en">Vehicle kind code</xsd:documentation>
              </xsd:annotation>
              <xsd:simpleType>
                <xsd:restriction base="xsd:string">
                  <xsd:maxLength value="2"/>
                </xsd:restriction>
              </xsd:simpleType>
            </xsd:element>
            <xsd:element name="KindLabel" form="unqualified">
              <xsd:annotation>
                <xsd:documentation xml:lang="en">Vehicle kind description</xsd:documentation>
              </xsd:annotation>
              <xsd:simpleType>
                <xsd:restriction base="xsd:string">
                  <xsd:maxLength value="30"/>
                </xsd:restriction>
              </xsd:simpleType>
            </xsd:element>
            <xsd:element name="CommercialName" form="unqualified">
              <xsd:annotation>
                <xsd:documentation xml:lang="en">Commercial name of vehicle (CoC 2.0.1)</xsd:documentation>
              </xsd:annotation>
              <xsd:simpleType>
                <xsd:restriction base="xsd:string">
                  <xsd:maxLength value="60"/>
                </xsd:restriction>
              </xsd:simpleType>
            </xsd:element>
            <xsd:element name="MakeDivCode" form="unqualified">
              <xsd:annotation>
                <xsd:documentation xml:lang="en">Code of the make name</xsd:documentation>
              </xsd:annotation>
              <xsd:simpleType>
                <xsd:restriction base="xsd:string">
                  <xsd:maxLength value="4"/>
                </xsd:restriction>
              </xsd:simpleType>
            </xsd:element>
            <xsd:element name="MakeName" form="unqualified">
              <xsd:annotation>
                <xsd:documentation xml:lang="en">Make name</xsd:documentation>
              </xsd:annotation>
              <xsd:simpleType>
                <xsd:restriction base="xsd:string">
                  <xsd:maxLength value="20"/>
                </xsd:restriction>
              </xsd:simpleType>
            </xsd:element>
            <xsd:element name="TypeDivCode" form="unqualified">
              <xsd:annotation>
                <xsd:documentation xml:lang="en">Code of the national type</xsd:documentation>
              </xsd:annotation>
              <xsd:simpleType>
                <xsd:restriction base="xsd:string">
                  <xsd:maxLength value="5"/>
                </xsd:restriction>
              </xsd:simpleType>
            </xsd:element>
            <xsd:element name="MakeTypeDescr" form="unqualified">
              <xsd:annotation>
                <xsd:documentation xml:lang="en">National make and type of the vehicle</xsd:documentation>
              </xsd:annotation>
              <xsd:simpleType>
                <xsd:restriction base="xsd:string">
                  <xsd:maxLength value="60"/>
                </xsd:restriction>
              </xsd:simpleType>
            </xsd:element>
            <xsd:element name="EuroNormCode" form="unqualified">
              <xsd:annotation>
                <xsd:documentation xml:lang="en">Euronorm</xsd:documentation>
              </xsd:annotation>
              <xsd:simpleType>
                <xsd:restriction base="xsd:string">
                  <xsd:maxLength value="3"/>
                </xsd:restriction>
              </xsd:simpleType>
            </xsd:element>
            <xsd:element name="BuildupCode" form="unqualified">
              <xsd:annotation>
                <xsd:documentation xml:lang="en">Vehicle buildup code</xsd:documentation>
              </xsd:annotation>
              <xsd:simpleType>
                <xsd:restriction base="xsd:string">
                  <xsd:maxLength value="2"/>
                </xsd:restriction>
              </xsd:simpleType>
            </xsd:element>
            <xsd:element name="ColourCode" form="unqualified">
              <xsd:annotation>
                <xsd:documentation xml:lang="en">Colour code</xsd:documentation>
              </xsd:annotation>
              <xsd:simpleType>
                <xsd:restriction base="xsd:string">
                  <xsd:maxLength value="2"/>
                </xsd:restriction>
              </xsd:simpleType>
            </xsd:element>
            <xsd:element name="ColourLabel" form="unqualified">
              <xsd:annotation>
                <xsd:documentation xml:lang="en">Colour description</xsd:documentation>
              </xsd:annotation>
              <xsd:simpleType>
                <xsd:restriction base="xsd:string">
                  <xsd:maxLength value="30"/>
                </xsd:restriction>
              </xsd:simpleType>
            </xsd:element>
            <xsd:element name="StatusCode" form="unqualified">
              <xsd:annotation>
                <xsd:documentation xml:lang="en">Vehicle life cycle status</xsd:documentation>
              </xsd:annotation>
              <xsd:simpleType>
                <xsd:restriction base="xsd:string">
                  <xsd:maxLength value="3"/>
                </xsd:restriction>
              </xsd:simpleType>
            </xsd:element>
            <xsd:element name="StatusLabel" form="unqualified">
              <xsd:annotation>
                <xsd:documentation xml:lang="en">Description of the vehicle life cycle status</xsd:documentation>
              </xsd:annotation>
              <xsd:simpleType>
                <xsd:restriction base="xsd:string">
                  <xsd:maxLength value="30"/>
                </xsd:restriction>
              </xsd:simpleType>
            </xsd:element>
            <xsd:element name="LegalStatusCode" form="unqualified">
              <xsd:annotation>
                <xsd:documentation xml:lang="en">Vehicle legal status</xsd:documentation>
              </xsd:annotation>
              <xsd:simpleType>
                <xsd:restriction base="xsd:string">
                  <xsd:maxLength value="3"/>
                </xsd:restriction>
              </xsd:simpleType>
            </xsd:element>
            <xsd:element name="LegalStatusLabel" form="unqualified">
              <xsd:annotation>
                <xsd:documentation xml:lang="en">Description of the vehicle legal status</xsd:documentation>
              </xsd:annotation>
              <xsd:simpleType>
                <xsd:restriction base="xsd:string">
                  <xsd:maxLength value="30"/>
                </xsd:restriction>
              </xsd:simpleType>
            </xsd:element>
            <xsd:element name="AdministrativeStatusCode" form="unqualified">
              <xsd:annotation>
                <xsd:documentation xml:lang="en">Vehicle administrative status</xsd:documentation>
              </xsd:annotation>
              <xsd:simpleType>
                <xsd:restriction base="xsd:string">
                  <xsd:maxLength value="3"/>
                </xsd:restriction>
              </xsd:simpleType>
            </xsd:element>
            <xsd:element name="AdministrativeStatusLabel" form="unqualified">
              <xsd:annotation>
                <xsd:documentation xml:lang="en">Description of the vehicle administrative status</xsd:documentation>
              </xsd:annotation>
              <xsd:simpleType>
                <xsd:restriction base="xsd:string">
                  <xsd:maxLength value="30"/>
                </xsd:restriction>
              </xsd:simpleType>
            </xsd:element>
            <xsd:element name="OffRoad" form="unqualified">
              <xsd:annotation>
                <xsd:documentation xml:lang="en">'G' value if the vehicle is an 'off-road'; no values in other cases.</xsd:documentation>
              </xsd:annotation>
              <xsd:simpleType>
                <xsd:restriction base="xsd:string">
                  <xsd:maxLength value="1"/>
                </xsd:restriction>
              </xsd:simpleType>
            </xsd:element>
            <xsd:element name="Configuration" form="unqualified">
              <xsd:annotation>
                <xsd:documentation xml:lang="en">Configuration of the vehicle (Pick-up,...)</xsd:documentation>
              </xsd:annotation>
              <xsd:simpleType>
                <xsd:restriction base="xsd:string">
                  <xsd:maxLength value="2"/>
                </xsd:restriction>
              </xsd:simpleType>
            </xsd:element>
            <xsd:element name="TankContent" form="unqualified">
              <xsd:annotation>
                <xsd:documentation xml:lang="en">Tank content</xsd:documentation>
              </xsd:annotation>
              <xsd:simpleType>
                <xsd:restriction base="xsd:integer">
                  <xsd:totalDigits value="6"/>
                </xsd:restriction>
              </xsd:simpleType>
            </xsd:element>
            <xsd:element name="FuelCode" form="unqualified">
              <xsd:annotation>
                <xsd:documentation xml:lang="en">Fuel code</xsd:documentation>
              </xsd:annotation>
              <xsd:simpleType>
                <xsd:restriction base="xsd:string">
                  <xsd:maxLength value="2"/>
                </xsd:restriction>
              </xsd:simpleType>
            </xsd:element>
            <xsd:element name="FuelLabel" form="unqualified">
              <xsd:annotation>
                <xsd:documentation xml:lang="en">Fuel description</xsd:documentation>
              </xsd:annotation>
              <xsd:simpleType>
                <xsd:restriction base="xsd:string">
                  <xsd:maxLength value="30"/>
                </xsd:restriction>
              </xsd:simpleType>
            </xsd:element>
            <xsd:element name="TotalAxles" form="unqualified">
              <xsd:annotation>
                <xsd:documentation xml:lang="en">Number of the total axles</xsd:documentation>
              </xsd:annotation>
              <xsd:simpleType>
                <xsd:restriction base="xsd:integer">
                  <xsd:totalDigits value="2"/>
                </xsd:restriction>
              </xsd:simpleType>
            </xsd:element>
            <xsd:element name="PoweredAxles" form="unqualified">
              <xsd:annotation>
                <xsd:documentation xml:lang="en">Number of the powered axles</xsd:documentation>
              </xsd:annotation>
              <xsd:simpleType>
                <xsd:restriction base="xsd:integer">
                  <xsd:totalDigits value="1"/>
                </xsd:restriction>
              </xsd:simpleType>
            </xsd:element>
            <xsd:element name="NumberOfSeats" form="unqualified">
              <xsd:annotation>
                <xsd:documentation xml:lang="en">Number of seats</xsd:documentation>
              </xsd:annotation>
              <xsd:simpleType>
                <xsd:restriction base="xsd:integer">
                  <xsd:totalDigits value="3"/>
                </xsd:restriction>
              </xsd:simpleType>
            </xsd:element>
            <xsd:element name="NumberOfStandingPlaces" form="unqualified">
              <xsd:annotation>
                <xsd:documentation xml:lang="en">Number of standing places</xsd:documentation>
              </xsd:annotation>
              <xsd:simpleType>
                <xsd:restriction base="xsd:integer">
                  <xsd:totalDigits value="3"/>
                </xsd:restriction>
              </xsd:simpleType>
            </xsd:element>
            <xsd:element name="NumberOfFrontPlaces" form="unqualified">
              <xsd:annotation>
                <xsd:documentation xml:lang="en">Number of front places</xsd:documentation>
              </xsd:annotation>
              <xsd:simpleType>
                <xsd:restriction base="xsd:integer">
                  <xsd:totalDigits value="2"/>
                </xsd:restriction>
              </xsd:simpleType>
            </xsd:element>
            <xsd:element name="NumberOfRearPlaces" form="unqualified">
              <xsd:annotation>
                <xsd:documentation xml:lang="en">Number of read places</xsd:documentation>
              </xsd:annotation>
              <xsd:simpleType>
                <xsd:restriction base="xsd:integer">
                  <xsd:totalDigits value="2"/>
                </xsd:restriction>
              </xsd:simpleType>
            </xsd:element>
            <xsd:element name="NumberOfTotalPlaces" form="unqualified">
              <xsd:annotation>
                <xsd:documentation xml:lang="en">Number of total places</xsd:documentation>
              </xsd:annotation>
              <xsd:simpleType>
                <xsd:restriction base="xsd:integer">
                  <xsd:totalDigits value="3"/>
                </xsd:restriction>
              </xsd:simpleType>
            </xsd:element>
            <xsd:element name="Length" form="unqualified">
              <xsd:annotation>
                <xsd:documentation xml:lang="en">Vehicle length (cm)</xsd:documentation>
              </xsd:annotation>
              <xsd:simpleType>
                <xsd:restriction base="xsd:integer">
                  <xsd:totalDigits value="6"/>
                </xsd:restriction>
              </xsd:simpleType>
            </xsd:element>
            <xsd:element name="Width" form="unqualified">
              <xsd:annotation>
                <xsd:documentation xml:lang="en">Vehicle width(cm)</xsd:documentation>
              </xsd:annotation>
              <xsd:simpleType>
                <xsd:restriction base="xsd:integer">
                  <xsd:totalDigits value="6"/>
                </xsd:restriction>
              </xsd:simpleType>
            </xsd:element>
            <xsd:element name="Height" form="unqualified">
              <xsd:annotation>
                <xsd:documentation xml:lang="en">Vehicle height(cm)</xsd:documentation>
              </xsd:annotation>
              <xsd:simpleType>
                <xsd:restriction base="xsd:integer">
                  <xsd:totalDigits value="6"/>
                </xsd:restriction>
              </xsd:simpleType>
            </xsd:element>
            <xsd:element name="Tare" form="unqualified">
              <xsd:annotation>
                <xsd:documentation xml:lang="en">Vehicle tare (kg)</xsd:documentation>
              </xsd:annotation>
              <xsd:simpleType>
                <xsd:restriction base="xsd:integer">
                  <xsd:totalDigits value="6"/>
                </xsd:restriction>
              </xsd:simpleType>
            </xsd:element>
            <xsd:element name="MassOnCoupling" form="unqualified">
              <xsd:annotation>
                <xsd:documentation xml:lang="en">Mass on coupling (kg)</xsd:documentation>
              </xsd:annotation>
              <xsd:simpleType>
                <xsd:restriction base="xsd:integer">
                  <xsd:totalDigits value="6"/>
                </xsd:restriction>
              </xsd:simpleType>
            </xsd:element>
            <xsd:element name="MassInRunningOrder" form="unqualified">
              <xsd:annotation>
                <xsd:documentation xml:lang="en">Mass in running order (kg)</xsd:documentation>
              </xsd:annotation>
              <xsd:simpleType>
                <xsd:restriction base="xsd:integer">
                  <xsd:totalDigits value="6"/>
                </xsd:restriction>
              </xsd:simpleType>
            </xsd:element>
            <xsd:element name="MaxMassOnAxles" form="unqualified">
              <xsd:annotation>
                <xsd:documentation xml:lang="en">Mass on axles (kg)</xsd:documentation>
              </xsd:annotation>
              <xsd:simpleType>
                <xsd:restriction base="xsd:integer">
                  <xsd:totalDigits value="6"/>
                </xsd:restriction>
              </xsd:simpleType>
            </xsd:element>
            <xsd:element name="MaxMassTrailerCombination" form="unqualified">
              <xsd:annotation>
                <xsd:documentation xml:lang="en">Mass of the trailer combination (kg)</xsd:documentation>
              </xsd:annotation>
              <xsd:simpleType>
                <xsd:restriction base="xsd:integer">
                  <xsd:totalDigits value="6"/>
                </xsd:restriction>
              </xsd:simpleType>
            </xsd:element>
            <xsd:element name="TechnicPermissibleMaxMass" form="unqualified">
              <xsd:annotation>
                <xsd:documentation xml:lang="en">Maximal mass (kg)</xsd:documentation>
              </xsd:annotation>
              <xsd:simpleType>
                <xsd:restriction base="xsd:integer">
                  <xsd:totalDigits value="6"/>
                </xsd:restriction>
              </xsd:simpleType>
            </xsd:element>
            <xsd:element name="MmaNational" form="unqualified">
              <xsd:annotation>
                <xsd:documentation xml:lang="en">National maximal mass (kg) (the F2 mass)</xsd:documentation>
              </xsd:annotation>
              <xsd:simpleType>
                <xsd:restriction base="xsd:integer">
                  <xsd:totalDigits value="6"/>
                </xsd:restriction>
              </xsd:simpleType>
            </xsd:element>
            <xsd:element name="LoadWheelbaseRatio" form="unqualified">
              <xsd:annotation>
                <xsd:documentation xml:lang="en">Load wheelbase ratio</xsd:documentation>
              </xsd:annotation>
              <xsd:simpleType>
                <xsd:restriction base="xsd:string">
                  <xsd:maxLength value="2"/>
                </xsd:restriction>
              </xsd:simpleType>
            </xsd:element>
            <xsd:element name="SuspensionCode" form="unqualified">
              <xsd:annotation>
                <xsd:documentation xml:lang="en">Suspension code</xsd:documentation>
              </xsd:annotation>
              <xsd:simpleType>
                <xsd:restriction base="xsd:string">
                  <xsd:maxLength value="1"/>
                </xsd:restriction>
              </xsd:simpleType>
            </xsd:element>
            <xsd:element name="SuspensionLabel" form="unqualified">
              <xsd:annotation>
                <xsd:documentation xml:lang="en">DEF: this attribute represents the label of the parameter in one of the available languages.</xsd:documentation>
              </xsd:annotation>
              <xsd:simpleType>
                <xsd:restriction base="xsd:string">
                  <xsd:maxLength value="100"/>
                </xsd:restriction>
              </xsd:simpleType>
            </xsd:element>
            <xsd:element name="ConnectModeCode" form="unqualified">
              <xsd:annotation>
                <xsd:documentation xml:lang="en">Code of the connect mode</xsd:documentation>
              </xsd:annotation>
              <xsd:simpleType>
                <xsd:restriction base="xsd:string">
                  <xsd:maxLength value="2"/>
                </xsd:restriction>
              </xsd:simpleType>
            </xsd:element>
            <xsd:element name="ConnectModeLabel" form="unqualified">
              <xsd:annotation>
                <xsd:documentation xml:lang="en">DEF: this attribute represents the label of the parameter in one of the available languages.</xsd:documentation>
              </xsd:annotation>
              <xsd:simpleType>
                <xsd:restriction base="xsd:string">
                  <xsd:maxLength value="50"/>
                </xsd:restriction>
              </xsd:simpleType>
            </xsd:element>
            <xsd:element name="TotalCylinderCapacity" form="unqualified">
              <xsd:annotation>
                <xsd:documentation xml:lang="en">Vehicle cylinder (cc)</xsd:documentation>
              </xsd:annotation>
              <xsd:simpleType>
                <xsd:restriction base="xsd:integer">
                  <xsd:totalDigits value="5"/>
                </xsd:restriction>
              </xsd:simpleType>
            </xsd:element>
            <xsd:element name="MaximumNetPowerRpm" form="unqualified">
              <xsd:annotation>
                <xsd:documentation xml:lang="en">Engine speed when the power is maximum</xsd:documentation>
              </xsd:annotation>
              <xsd:simpleType>
                <xsd:restriction base="xsd:integer">
                  <xsd:totalDigits value="6"/>
                </xsd:restriction>
              </xsd:simpleType>
            </xsd:element>
            <xsd:element name="WeightPowerRatio" form="unqualified">
              <xsd:annotation>
                <xsd:documentation xml:lang="en">Weight power ratio</xsd:documentation>
              </xsd:annotation>
              <xsd:simpleType>
                <xsd:restriction base="xsd:decimal">
                  <xsd:totalDigits value="6"/>
                  <xsd:fractionDigits value="3"/>
                </xsd:restriction>
              </xsd:simpleType>
            </xsd:element>
            <xsd:element name="MaxNetPower" form="unqualified">
              <xsd:annotation>
                <xsd:documentation xml:lang="en">Maximum vehicle power (kW)</xsd:documentation>
              </xsd:annotation>
              <xsd:simpleType>
                <xsd:restriction base="xsd:decimal">
                  <xsd:totalDigits value="6"/>
                  <xsd:fractionDigits value="2"/>
                </xsd:restriction>
              </xsd:simpleType>
            </xsd:element>
            <xsd:element name="MaxSpeed" form="unqualified">
              <xsd:annotation>
                <xsd:documentation xml:lang="en">Vehicle max spedd (km/h or miles/h)</xsd:documentation>
              </xsd:annotation>
              <xsd:simpleType>
                <xsd:restriction base="xsd:integer">
                  <xsd:totalDigits value="6"/>
                </xsd:restriction>
              </xsd:simpleType>
            </xsd:element>
            <xsd:element name="HandicCarFlag" form="unqualified">
              <xsd:annotation>
                <xsd:documentation xml:lang="en">Indication if the vehicle is an handic car</xsd:documentation>
              </xsd:annotation>
              <xsd:simpleType>
                <xsd:restriction base="xsd:string">
                  <xsd:maxLength value="1"/>
                </xsd:restriction>
              </xsd:simpleType>
            </xsd:element>
            <xsd:element name="TachoFlag" default="Y" form="unqualified">
              <xsd:annotation>
                <xsd:documentation xml:lang="en">Indication if the vehicle has a tachograph</xsd:documentation>
              </xsd:annotation>
              <xsd:simpleType>
                <xsd:restriction base="xsd:string">
                  <xsd:maxLength value="1"/>
                </xsd:restriction>
              </xsd:simpleType>
            </xsd:element>
            <xsd:element name="EngineId" form="unqualified">
              <xsd:simpleType>
                <xsd:restriction base="xsd:string">
                  <xsd:maxLength value="15"/>
                </xsd:restriction>
              </xsd:simpleType>
            </xsd:element>
            <xsd:element name="CustomsStickerCode" form="unqualified">
              <xsd:annotation>
                <xsd:documentation xml:lang="en">Customs sticker code</xsd:documentation>
              </xsd:annotation>
              <xsd:simpleType>
                <xsd:restriction base="xsd:string">
                  <xsd:maxLength value="1"/>
                </xsd:restriction>
              </xsd:simpleType>
            </xsd:element>
            <xsd:element name="Co2Combined" form="unqualified">
              <xsd:annotation>
                <xsd:documentation xml:lang="en">CO2 combined</xsd:documentation>
              </xsd:annotation>
              <xsd:simpleType>
                <xsd:restriction base="xsd:integer">
                  <xsd:totalDigits value="4"/>
                </xsd:restriction>
              </xsd:simpleType>
            </xsd:element>
            <xsd:element name="FuelConsumptionCombined" form="unqualified">
              <xsd:annotation>
                <xsd:documentation xml:lang="en">DEF: Consommation de carburant dans les conditions mixtes (l/100km)</xsd:documentation>
              </xsd:annotation>
              <xsd:simpleType>
                <xsd:restriction base="xsd:integer">
                  <xsd:totalDigits value="4"/>
                </xsd:restriction>
              </xsd:simpleType>
            </xsd:element>
            <xsd:element name="CounterType" form="unqualified">
              <xsd:annotation>
                <xsd:documentation xml:lang="en">Number of digit on the counter (5 or 6)</xsd:documentation>
              </xsd:annotation>
              <xsd:simpleType>
                <xsd:restriction base="xsd:string">
                  <xsd:maxLength value="1"/>
                </xsd:restriction>
              </xsd:simpleType>
            </xsd:element>
            <xsd:element name="DistanceType" form="unqualified">
              <xsd:annotation>
                <xsd:documentation xml:lang="en">Distance using in the vehicle: K (km) or M (miles)</xsd:documentation>
              </xsd:annotation>
              <xsd:simpleType>
                <xsd:restriction base="xsd:string">
                  <xsd:maxLength value="1"/>
                </xsd:restriction>
              </xsd:simpleType>
            </xsd:element>
            <xsd:element name="PreviousDistance" form="unqualified">
              <xsd:annotation>
                <xsd:documentation xml:lang="en">Previous distance</xsd:documentation>
              </xsd:annotation>
              <xsd:simpleType>
                <xsd:restriction base="xsd:integer">
                  <xsd:totalDigits value="7"/>
                </xsd:restriction>
              </xsd:simpleType>
            </xsd:element>
            <xsd:element name="CurrentDistance" form="unqualified">
              <xsd:annotation>
                <xsd:documentation xml:lang="en">Vehicle current distance</xsd:documentation>
              </xsd:annotation>
              <xsd:simpleType>
                <xsd:restriction base="xsd:integer">
                  <xsd:totalDigits value="7"/>
                </xsd:restriction>
              </xsd:simpleType>
            </xsd:element>
            <xsd:element name="DemolishedCode" form="unqualified">
              <xsd:annotation>
                <xsd:documentation xml:lang="en">Vehicle demolished code:  
0: demolished by a non-approved center  
1: demolished by an approved center</xsd:documentation>
              </xsd:annotation>
              <xsd:simpleType>
                <xsd:restriction base="xsd:string">
                  <xsd:maxLength value="1"/>
                </xsd:restriction>
              </xsd:simpleType>
            </xsd:element>
            <xsd:element name="DemolishedLabel" form="unqualified">
              <xsd:annotation>
                <xsd:documentation xml:lang="en">DEF: this attribute represents the label of the parameter in one of the available languages.</xsd:documentation>
              </xsd:annotation>
              <xsd:simpleType>
                <xsd:restriction base="xsd:string">
                  <xsd:maxLength value="50"/>
                </xsd:restriction>
              </xsd:simpleType>
            </xsd:element>
          </xsd:sequence>
        </xsd:complexType>
      </xsd:element>
      <xsd:element name="ExportITechnicalControl" form="unqualified">
        <xsd:complexType>
          <xsd:sequence>
            <xsd:element name="ValidDate" form="unqualified">
              <xsd:annotation>
                <xsd:documentation xml:lang="en">Valid date of the technical control</xsd:documentation>
              </xsd:annotation>
              <xsd:simpleType>
                <xsd:restriction base="xsd:integer">
                  <xsd:totalDigits value="8"/>
                </xsd:restriction>
              </xsd:simpleType>
            </xsd:element>
          </xsd:sequence>
        </xsd:complexType>
      </xsd:element>
    </xsd:sequence>
  </xsd:complexType>
  <xsd:complexType name="GetVehicleInformationRequestType">
    <xsd:sequence>
      <xsd:element name="messageContext" type="cme:RequestMessageContextType"/>
      <xsd:element name="legalContext" type="cme:LegalContextType"/>
      <xsd:element name="consumerContext" type="cme:ConsumerContextType"/>
      <xsd:element name="request" type="tns:VehicleInformationRequestType"/>
    </xsd:sequence>
  </xsd:complexType>
  <!--Request getIdentity definition-->
  <xsd:complexType name="GetVehicleInformationResponseType">
    <xsd:sequence>
      <xsd:element name="messageContext" type="cme:ResponseMessageContextType"/>
      <xsd:element name="responses" type="tns:VehicleInformationResponsesType" minOccurs="0"/>
      <xsd:element name="exceptions" type="exc:ExceptionsType" minOccurs="0">
        <xsd:annotation>
          <xsd:documentation>Technical errors that occur when processing the message context e.g. insufficient rights.</xsd:documentation>
        </xsd:annotation>
      </xsd:element>
    </xsd:sequence>
  </xsd:complexType>
  <xsd:complexType name="VehicleInformationResponsesType">
    <xsd:sequence>
      <xsd:element name="response" type="tns:VehicleInformationResponseType" minOccurs="1" maxOccurs="1"/>
    </xsd:sequence>
  </xsd:complexType>
  <!--Element of the request and the response-->
  <xsd:element name="getVehicleTitularRequest" type="tns:GetVehicleTitularRequestType"/>
  <xsd:element name="getVehicleTitularResponse" type="tns:GetVehicleTitularResponseType"/>
  <xsd:element name="getVehicleRegistrationRequest" type="tns:GetVehicleRegistrationRequestType"/>
  <xsd:element name="getVehicleRegistrationResponse" type="tns:GetVehicleRegistrationResponseType"/>
  <xsd:element name="getVehicleInformationRequest" type="tns:GetVehicleInformationRequestType"/>
  <xsd:element name="getVehicleInformationResponse" type="tns:GetVehicleInformationResponseType"/>
</xsd:schema>]]></con:content><con:type>http://www.w3.org/2001/XMLSchema</con:type></con:part><con:part><con:url>file:/home/isr/git/parent/vehicleservice/VehicleServiceGateway/src/main/resources/wsdl/vehicleService/1.1.0/messages/baseMessageTypes_v1.xsd</con:url><con:content><![CDATA[<xsd:schema targetNamespace="http://fidus.brussels/type/common/messages/v1" elementFormDefault="qualified" attributeFormDefault="unqualified" version="1.0" xmlns:xsd="http://www.w3.org/2001/XMLSchema" xmlns:cmn="http://fidus.brussels/type/common/v1" xmlns:nps="http://fidus.brussels/service/personservice/personservices/naturalPerson/v1" xmlns:tns="http://fidus.brussels/type/common/messages/v1">
  <!--Unformatted message Id-->
  <xsd:simpleType name="MessageIdType">
    <xsd:restriction base="xsd:string">
      <xsd:minLength value="1"/>
      <xsd:maxLength value="64"/>
    </xsd:restriction>
  </xsd:simpleType>
  <xsd:simpleType name="CompanyNumberType">
    <xsd:restriction base="xsd:string">
      <xsd:maxLength value="20"/>
    </xsd:restriction>
  </xsd:simpleType>
  <xsd:simpleType name="CompanyIdType">
    <xsd:restriction base="xsd:string">
      <xsd:maxLength value="20"/>
    </xsd:restriction>
  </xsd:simpleType>
  <!--National Number of the person. Format depending on the Register-->
  <xsd:simpleType name="PersonNumberType">
    <xsd:restriction base="xsd:string">
      <xsd:pattern value="[0-9][0-9](([0][0-9])|([1][0-2]))(([0-2][0-9])|([3][0-1]))(([0-9]{2}[1-9])|([0-9][1-9][0-9])|([1-9][0-9]{2}))(([0-8][0-9])|([9][0-7]))">
        <xsd:annotation>
          <xsd:documentation>National Register format</xsd:documentation>
        </xsd:annotation>
      </xsd:pattern>
      <xsd:pattern value="[0-9][0-9](([2][0-9])|([3][0-2]))(([0-2][0-9])|([3][0-1]))[0-9]{3}(([0-8][0-9])|([9][0-7]))">
        <xsd:annotation>
          <xsd:documentation>CBSS Register format: Bis Register</xsd:documentation>
        </xsd:annotation>
      </xsd:pattern>
      <xsd:pattern value="[0-9][0-9](([4][0-9])|([5][0-2]))(([0-2][0-9])|([3][0-1]))[0-9]{3}(([0-8][0-9])|([9][0-7]))">
        <xsd:annotation>
          <xsd:documentation>CBSS Register format: Ter Register</xsd:documentation>
        </xsd:annotation>
      </xsd:pattern>
    </xsd:restriction>
  </xsd:simpleType>
  <!--Request message context-->
  <xsd:complexType name="RequestMessageContextType">
    <xsd:annotation>
      <xsd:documentation>Message context block generated by the consumer.</xsd:documentation>
    </xsd:annotation>
    <xsd:sequence>
      <xsd:element name="messageId" type="tns:MessageIdType">
        <xsd:annotation>
          <xsd:documentation>Consumer must assign their own MessageId reference for the request.</xsd:documentation>
        </xsd:annotation>
      </xsd:element>
      <xsd:element name="timestamp" type="xsd:dateTime" minOccurs="0">
        <xsd:annotation>
          <xsd:documentation>Timestamp when client sent request.</xsd:documentation>
        </xsd:annotation>
      </xsd:element>
    </xsd:sequence>
  </xsd:complexType>
  <!--Response message context-->
  <xsd:complexType name="ResponseMessageContextType">
    <xsd:annotation>
      <xsd:documentation>MessageContext block generated by Fidus.</xsd:documentation>
    </xsd:annotation>
    <xsd:sequence>
      <xsd:element name="messageId" type="tns:MessageIdType">
        <xsd:annotation>
          <xsd:documentation>A unique identifier generated by Fidus.</xsd:documentation>
        </xsd:annotation>
      </xsd:element>
      <xsd:element name="transactionId" type="tns:MessageIdType">
        <xsd:annotation>
          <xsd:documentation>A unique ID returned to the client for tracing purposes.</xsd:documentation>
        </xsd:annotation>
      </xsd:element>
      <xsd:element name="timestamp" type="xsd:dateTime" minOccurs="0">
        <xsd:annotation>
          <xsd:documentation>Time reply was sent by Fidus.</xsd:documentation>
        </xsd:annotation>
      </xsd:element>
    </xsd:sequence>
  </xsd:complexType>
  <!--Legal Context : the finality of the Privacy Commission-->
  <xsd:simpleType name="LegalContextType">
    <xsd:restriction base="xsd:string">
      <xsd:minLength value="1"/>
      <xsd:maxLength value="64"/>
    </xsd:restriction>
  </xsd:simpleType>
  <xsd:complexType name="ConsumerContextType">
    <xsd:annotation>
      <xsd:documentation>Message context block containing the Consumer's company information.</xsd:documentation>
    </xsd:annotation>
    <xsd:sequence>
      <xsd:element name="companyNumber" type="tns:CompanyNumberType">
        <xsd:annotation>
          <xsd:documentation>Consumer must assign the company KBO number.</xsd:documentation>
        </xsd:annotation>
      </xsd:element>
      <xsd:element name="companyId" type="tns:CompanyIdType">
        <xsd:annotation>
          <xsd:documentation>Consumer must assign the id of the company.</xsd:documentation>
        </xsd:annotation>
      </xsd:element>
    </xsd:sequence>
  </xsd:complexType>
  <xsd:complexType name="UserContextType">
    <xsd:annotation>
      <xsd:documentation>The user context defines information regarding the actual user performing a request.</xsd:documentation>
    </xsd:annotation>
    <xsd:sequence>
      <xsd:element name="language" type="xsd:language" nillable="true">
        <xsd:annotation>
          <xsd:documentation>The preferred language of the actual user performing the request.
						This influences the language in which response elements are cast.</xsd:documentation>
        </xsd:annotation>
      </xsd:element>
    </xsd:sequence>
  </xsd:complexType>
</xsd:schema>]]></con:content><con:type>http://www.w3.org/2001/XMLSchema</con:type></con:part><con:part><con:url>file:/home/isr/git/parent/vehicleservice/VehicleServiceGateway/src/main/resources/wsdl/vehicleService/1.1.0/messages/exceptionTypes_v1.xsd</con:url><con:content><![CDATA[<xsd:schema targetNamespace="http://fidus.brussels/type/common/exceptions/v1" elementFormDefault="qualified" attributeFormDefault="unqualified" version="1.0" xmlns:xsd="http://www.w3.org/2001/XMLSchema" xmlns:tns="http://fidus.brussels/type/common/exceptions/v1">
  <!--Basic error typed-->
  <xsd:complexType name="ExceptionsType">
    <xsd:sequence>
      <xsd:element name="exception" type="tns:ExceptionType" maxOccurs="unbounded"/>
    </xsd:sequence>
  </xsd:complexType>
  <xsd:complexType name="ExceptionType">
    <xsd:sequence>
      <xsd:element name="type" type="tns:ExceptionClassType"/>
      <xsd:element name="code" type="tns:ExceptionCodeType"/>
      <xsd:element name="source" type="tns:ExceptionSourceType"/>
      <xsd:element name="description" type="tns:ExceptionDescriptionType"/>
    </xsd:sequence>
  </xsd:complexType>
  <xsd:simpleType name="ExceptionClassType">
    <xsd:restriction base="xsd:string">
      <xsd:enumeration value="ERROR"/>
      <xsd:enumeration value="WARNING"/>
      <xsd:enumeration value="INFO"/>
    </xsd:restriction>
  </xsd:simpleType>
  <xsd:simpleType name="ExceptionCodeType">
    <xsd:restriction base="xsd:string">
      <xsd:maxLength value="20"/>
    </xsd:restriction>
  </xsd:simpleType>
  <xsd:simpleType name="ExceptionSourceType">
    <xsd:restriction base="xsd:string">
      <xsd:maxLength value="20"/>
    </xsd:restriction>
  </xsd:simpleType>
  <xsd:simpleType name="ExceptionDescriptionType">
    <xsd:restriction base="xsd:string"/>
  </xsd:simpleType>
</xsd:schema>]]></con:content><con:type>http://www.w3.org/2001/XMLSchema</con:type></con:part></con:definitionCache><con:endpoints>
      
      
      
      
    <con:endpoint>https://192.168.22.53:8443/services/VehicleService_v1.1</con:endpoint><con:endpoint>https://192.168.22.54:8443/services/VehicleService_v1.1</con:endpoint><con:endpoint>https://192.168.24.16:8443/services/VehicleService_v1.1</con:endpoint><con:endpoint>https://192.168.24.17:8443/services/VehicleService_v1.1</con:endpoint><con:endpoint>https://192.168.26.19:8443/services/VehicleService_v1.1</con:endpoint><con:endpoint>https://192.168.26.22:8443/services/VehicleService_v1.1</con:endpoint><con:endpoint>https://192.168.36.61:8243/services/VehicleService_v1.1</con:endpoint><con:endpoint>https://esb-security-gw.sta.srv.cirb.lan:8443/services/VehicleService_v1.1</con:endpoint><con:endpoint>https://fidus-esb-sg.prd.srv.cirb.lan:8443/services/VehicleService_v1.1</con:endpoint><con:endpoint>https://fidus-test.irisnetlab.be/services/VehicleService_v1.1</con:endpoint><con:endpoint>https://fidus.irisnetlab.be/services/VehicleService_v1.1</con:endpoint><con:endpoint>https://fidus.sec.brussels/services/VehicleService_v1.1</con:endpoint><con:endpoint>https://localhost:8243/services/VehicleService_v1.1</con:endpoint></con:endpoints>
    <con:operation id="144018a8-563c-4169-b91a-767d612ab2ef" isOneWay="false" action="http://fidus.brussels/services/vehicleservice/getVehicleTitular" name="getVehicleTitular" bindingOperationName="getVehicleTitular" type="Request-Response" inputName="" receivesAttachments="false" sendsAttachments="false" anonymous="optional">
      <con:settings/>
      <con:call id="863bffa9-7080-45be-b00a-e6e3cb94164e" name="01 - Local - Request" outgoingWss="Outflow DEV" incomingWss="Inflow DEV">
        <con:settings>
          <con:setting id="com.eviware.soapui.impl.wsdl.WsdlRequest@request-headers">&lt;xml-fragment/></con:setting>
        </con:settings>
        <con:encoding>UTF-8</con:encoding>
        <con:endpoint>https://localhost:8243/services/VehicleService_v1.0</con:endpoint>
        <con:request><![CDATA[<soapenv:Envelope xmlns:soapenv="http://schemas.xmlsoap.org/soap/envelope/" xmlns:v1="http://fidus.brussels/service/vehicleservice/messages/v1" xmlns:v11="http://fidus.brussels/type/common/messages/v1">
   <soapenv:Header/>
   <soapenv:Body>
      <v1:getVehicleTitularRequest>
         <v1:messageContext>
            <v11:messageId>${=import static java.util.UUID.randomUUID; uuid = randomUUID() as String}</v11:messageId>
            <v11:timestamp>${=new java.text.SimpleDateFormat("yyyy-MM-dd'T'HH:mm:ss.SSS").format(new Date())}</v11:timestamp>
         </v1:messageContext>
         <v1:legalContext>ServiceIntegrator</v1:legalContext>
         <v1:consumerContext>
            <v11:companyNumber>207541594</v11:companyNumber>
            <v11:companyId>21003</v11:companyId>
         </v1:consumerContext>
         <v1:request>
            <!--Optional:-->
            <PlateNr>ASK-050</PlateNr>
            <LanguageCode>2</LanguageCode>
         </v1:request>
      </v1:getVehicleTitularRequest>
   </soapenv:Body>
</soapenv:Envelope>]]></con:request>
        <con:credentials>
          <con:selectedAuthProfile>Basic</con:selectedAuthProfile>
          <con:addedBasicAuthenticationTypes>Basic</con:addedBasicAuthenticationTypes>
          <con:authType>Global HTTP Settings</con:authType>
        </con:credentials>
        <con:jmsConfig JMSDeliveryMode="PERSISTENT"/>
        <con:jmsPropertyConfig/>
        <con:wsaConfig mustUnderstand="NONE" version="200508" action="urn:mediate"/>
        <con:wsrmConfig version="1.2"/>
      </con:call>
      <con:call id="be8af23a-ef74-41cd-bef1-0cee588991e3" name="02 - Dev - Request" outgoingWss="Outflow DEV">
        <con:settings>
          <con:setting id="com.eviware.soapui.impl.wsdl.WsdlRequest@request-headers">&lt;xml-fragment/></con:setting>
        </con:settings>
        <con:encoding>UTF-8</con:encoding>
        <con:endpoint>https://192.168.36.61:8243/services/VehicleService_v1.0</con:endpoint>
        <con:request><![CDATA[<soapenv:Envelope xmlns:soapenv="http://schemas.xmlsoap.org/soap/envelope/" xmlns:v1="http://fidus.brussels/service/vehicleservice/messages/v1" xmlns:v11="http://fidus.brussels/type/common/messages/v1">
   <soapenv:Header/>
   <soapenv:Body>
      <v1:getVehicleTitularRequest>
         <v1:messageContext>
            <v11:messageId>${=import static java.util.UUID.randomUUID; uuid = randomUUID() as String}</v11:messageId>
            <v11:timestamp>${=new java.text.SimpleDateFormat("yyyy-MM-dd'T'HH:mm:ss.SSS").format(new Date())}</v11:timestamp>
         </v1:messageContext>
         <v1:legalContext>ServiceIntegrator</v1:legalContext>
         <v1:consumerContext>
            <v11:companyNumber>207541594</v11:companyNumber>
            <v11:companyId>21003</v11:companyId>
         </v1:consumerContext>
         <v1:request>
            <!--Optional:-->
            <PlateNr>ASK-050</PlateNr>
         </v1:request>
      </v1:getVehicleTitularRequest>
   </soapenv:Body>
</soapenv:Envelope>]]></con:request>
        <con:credentials>
          <con:selectedAuthProfile>Basic</con:selectedAuthProfile>
          <con:addedBasicAuthenticationTypes>Basic</con:addedBasicAuthenticationTypes>
          <con:authType>Global HTTP Settings</con:authType>
        </con:credentials>
        <con:jmsConfig JMSDeliveryMode="PERSISTENT"/>
        <con:jmsPropertyConfig/>
        <con:wsaConfig mustUnderstand="NONE" version="200508" action="urn:mediate"/>
        <con:wsrmConfig version="1.2"/>
      </con:call>
      <con:call id="4f8e77ce-413d-4446-abab-466c0adcad91" name="03 - Test - External Request" outgoingWss="Outflow STAGING" incomingWss="Inflow TEST">
        <con:settings>
          <con:setting id="com.eviware.soapui.impl.wsdl.WsdlRequest@request-headers">&lt;xml-fragment/></con:setting>
        </con:settings>
        <con:encoding>UTF-8</con:encoding>
        <con:endpoint>https://fidus-test.irisnetlab.be/services/VehicleService_v1.0</con:endpoint>
        <con:request><![CDATA[<soapenv:Envelope xmlns:soapenv="http://schemas.xmlsoap.org/soap/envelope/" xmlns:v1="http://fidus.brussels/service/vehicleservice/messages/v1" xmlns:v11="http://fidus.brussels/type/common/messages/v1">
   <soapenv:Header/>
   <soapenv:Body>
      <v1:getVehicleTitularRequest>
         <v1:messageContext>
            <v11:messageId>${=import static java.util.UUID.randomUUID; uuid = randomUUID() as String}</v11:messageId>
            <v11:timestamp>${=new java.text.SimpleDateFormat("yyyy-MM-dd'T'HH:mm:ss.SSS").format(new Date())}</v11:timestamp>
         </v1:messageContext>
         <v1:legalContext>ServiceIntegrator</v1:legalContext>
         <v1:consumerContext>
            <v11:companyNumber>207541594</v11:companyNumber>
            <v11:companyId>21003</v11:companyId>
         </v1:consumerContext>
         <v1:request>
            <!--Optional:-->
            <PlateNr>ASK050</PlateNr>
            <LanguageCode>1</LanguageCode>
         </v1:request>
      </v1:getVehicleTitularRequest>
   </soapenv:Body>
</soapenv:Envelope>]]></con:request>
        <con:credentials>
          <con:selectedAuthProfile>Basic</con:selectedAuthProfile>
          <con:addedBasicAuthenticationTypes>Basic</con:addedBasicAuthenticationTypes>
          <con:authType>Global HTTP Settings</con:authType>
        </con:credentials>
        <con:jmsConfig JMSDeliveryMode="PERSISTENT"/>
        <con:jmsPropertyConfig/>
        <con:wsaConfig mustUnderstand="NONE" version="200508" action="urn:mediate"/>
        <con:wsrmConfig version="1.2"/>
      </con:call>
      <con:call id="0978c929-5eff-47a7-a766-dab317119df3" name="03 - Test - LB Request" outgoingWss="Outflow TEST">
        <con:settings>
          <con:setting id="com.eviware.soapui.impl.wsdl.WsdlRequest@request-headers">&lt;xml-fragment/></con:setting>
        </con:settings>
        <con:encoding>UTF-8</con:encoding>
        <con:endpoint>https://esb-security-gw.sta.srv.cirb.lan:8443/services/VehicleService_v1.0</con:endpoint>
        <con:request><![CDATA[<soapenv:Envelope xmlns:soapenv="http://schemas.xmlsoap.org/soap/envelope/" xmlns:v1="http://fidus.brussels/service/vehicleservice/messages/v1" xmlns:v11="http://fidus.brussels/type/common/messages/v1">
   <soapenv:Header/>
   <soapenv:Body>
      <v1:getVehicleTitularRequest>
         <v1:messageContext>
            <v11:messageId>${=import static java.util.UUID.randomUUID; uuid = randomUUID() as String}</v11:messageId>
            <v11:timestamp>${=new java.text.SimpleDateFormat("yyyy-MM-dd'T'HH:mm:ss.SSS").format(new Date())}</v11:timestamp>
         </v1:messageContext>
         <v1:legalContext>ServiceIntegrator</v1:legalContext>
         <v1:consumerContext>
            <v11:companyNumber>207541594</v11:companyNumber>
            <v11:companyId>21003</v11:companyId>
         </v1:consumerContext>
         <v1:request>
            <!--Optional:-->
            <PlateNr>ASK050</PlateNr>
         </v1:request>
      </v1:getVehicleTitularRequest>
   </soapenv:Body>
</soapenv:Envelope>]]></con:request>
        <con:credentials>
          <con:selectedAuthProfile>Basic</con:selectedAuthProfile>
          <con:addedBasicAuthenticationTypes>Basic</con:addedBasicAuthenticationTypes>
          <con:authType>Global HTTP Settings</con:authType>
        </con:credentials>
        <con:jmsConfig JMSDeliveryMode="PERSISTENT"/>
        <con:jmsPropertyConfig/>
        <con:wsaConfig mustUnderstand="NONE" version="200508" action="http://fidus.brussels/services/vehicleservice/getVehicleTitular"/>
        <con:wsrmConfig version="1.2"/>
      </con:call>
      <con:call id="e8c6856c-efec-4796-9874-b3c6a7a99cfe" name="03 - Test - Worker1 - Request" outgoingWss="Outflow TEST">
        <con:settings>
          <con:setting id="com.eviware.soapui.impl.wsdl.WsdlRequest@request-headers">&lt;xml-fragment/></con:setting>
        </con:settings>
        <con:encoding>UTF-8</con:encoding>
        <con:endpoint>https://192.168.22.53:8443/services/VehicleService_v1.0</con:endpoint>
        <con:request><![CDATA[<soapenv:Envelope xmlns:soapenv="http://schemas.xmlsoap.org/soap/envelope/" xmlns:v1="http://fidus.brussels/service/vehicleservice/messages/v1" xmlns:v11="http://fidus.brussels/type/common/messages/v1">
   <soapenv:Header/>
   <soapenv:Body>
      <v1:getVehicleTitularRequest>
         <v1:messageContext>
            <v11:messageId>${=import static java.util.UUID.randomUUID; uuid = randomUUID() as String}</v11:messageId>
            <v11:timestamp>${=new java.text.SimpleDateFormat("yyyy-MM-dd'T'HH:mm:ss.SSS").format(new Date())}</v11:timestamp>
         </v1:messageContext>
         <v1:legalContext>ServiceIntegrator</v1:legalContext>
         <v1:consumerContext>
            <v11:companyNumber>207541594</v11:companyNumber>
            <v11:companyId>21003</v11:companyId>
         </v1:consumerContext>
         <v1:request>
            <!--Optional:-->
            <PlateNr>ASK050</PlateNr>
         </v1:request>
      </v1:getVehicleTitularRequest>
   </soapenv:Body>
</soapenv:Envelope>]]></con:request>
        <con:credentials>
          <con:selectedAuthProfile>Basic</con:selectedAuthProfile>
          <con:addedBasicAuthenticationTypes>Basic</con:addedBasicAuthenticationTypes>
          <con:authType>Global HTTP Settings</con:authType>
        </con:credentials>
        <con:jmsConfig JMSDeliveryMode="PERSISTENT"/>
        <con:jmsPropertyConfig/>
        <con:wsaConfig mustUnderstand="NONE" version="200508" action="http://fidus.brussels/services/vehicleservice/getVehicleTitular"/>
        <con:wsrmConfig version="1.2"/>
      </con:call>
      <con:call id="36fe1c11-b05e-4597-aa45-2dc507b0d9af" name="03 - Test - Worker2 - Request" outgoingWss="Outflow TEST">
        <con:settings>
          <con:setting id="com.eviware.soapui.impl.wsdl.WsdlRequest@request-headers">&lt;xml-fragment/></con:setting>
        </con:settings>
        <con:encoding>UTF-8</con:encoding>
        <con:endpoint>https://192.168.22.54:8443/services/VehicleService_v1.0</con:endpoint>
        <con:request><![CDATA[<soapenv:Envelope xmlns:soapenv="http://schemas.xmlsoap.org/soap/envelope/" xmlns:v1="http://fidus.brussels/service/vehicleservice/messages/v1" xmlns:v11="http://fidus.brussels/type/common/messages/v1">
   <soapenv:Header/>
   <soapenv:Body>
      <v1:getVehicleTitularRequest>
         <v1:messageContext>
            <v11:messageId>${=import static java.util.UUID.randomUUID; uuid = randomUUID() as String}</v11:messageId>
            <v11:timestamp>${=new java.text.SimpleDateFormat("yyyy-MM-dd'T'HH:mm:ss.SSS").format(new Date())}</v11:timestamp>
         </v1:messageContext>
         <v1:legalContext>ServiceIntegrator</v1:legalContext>
         <v1:consumerContext>
            <v11:companyNumber>207541594</v11:companyNumber>
            <v11:companyId>21003</v11:companyId>
         </v1:consumerContext>
         <v1:request>
            <!--Optional:-->
            <PlateNr>ASK050</PlateNr>
         </v1:request>
      </v1:getVehicleTitularRequest>
   </soapenv:Body>
</soapenv:Envelope>]]></con:request>
        <con:credentials>
          <con:selectedAuthProfile>Basic</con:selectedAuthProfile>
          <con:addedBasicAuthenticationTypes>Basic</con:addedBasicAuthenticationTypes>
          <con:authType>Global HTTP Settings</con:authType>
        </con:credentials>
        <con:jmsConfig JMSDeliveryMode="PERSISTENT"/>
        <con:jmsPropertyConfig/>
        <con:wsaConfig mustUnderstand="NONE" version="200508" action="http://fidus.brussels/services/vehicleservice/getVehicleTitular"/>
        <con:wsrmConfig version="1.2"/>
      </con:call>
      <con:call id="a049d3e9-9f0e-4663-a956-7aea7c79de45" name="04 - Staging - External Request" outgoingWss="Outflow STAGING" incomingWss="Inflow STAGING">
        <con:settings>
          <con:setting id="com.eviware.soapui.impl.wsdl.WsdlRequest@request-headers">&lt;xml-fragment/></con:setting>
        </con:settings>
        <con:encoding>UTF-8</con:encoding>
        <con:endpoint>https://fidus.irisnetlab.be/services/VehicleService_v1.0</con:endpoint>
        <con:request><![CDATA[<soapenv:Envelope xmlns:soapenv="http://schemas.xmlsoap.org/soap/envelope/" xmlns:v1="http://fidus.brussels/service/vehicleservice/messages/v1" xmlns:v11="http://fidus.brussels/type/common/messages/v1">
   <soapenv:Header/>
   <soapenv:Body>
      <v1:getVehicleTitularRequest>
         <v1:messageContext>
            <v11:messageId>${=import static java.util.UUID.randomUUID; uuid = randomUUID() as String}</v11:messageId>
            <v11:timestamp>${=new java.text.SimpleDateFormat("yyyy-MM-dd'T'HH:mm:ss.SSS").format(new Date())}</v11:timestamp>
         </v1:messageContext>
         <v1:legalContext>ServiceIntegrator</v1:legalContext>
         <v1:consumerContext>
            <v11:companyNumber>207541594</v11:companyNumber>
            <v11:companyId>21003</v11:companyId>
         </v1:consumerContext>
         <v1:request>
            <!--Optional:-->
            <PlateNr>ASK050</PlateNr>
            <LanguageCode>1</LanguageCode>
         </v1:request>
      </v1:getVehicleTitularRequest>
   </soapenv:Body>
</soapenv:Envelope>]]></con:request>
        <con:credentials>
          <con:selectedAuthProfile>Basic</con:selectedAuthProfile>
          <con:addedBasicAuthenticationTypes>Basic</con:addedBasicAuthenticationTypes>
          <con:authType>Global HTTP Settings</con:authType>
        </con:credentials>
        <con:jmsConfig JMSDeliveryMode="PERSISTENT"/>
        <con:jmsPropertyConfig/>
        <con:wsaConfig mustUnderstand="NONE" version="200508" action="http://fidus.brussels/services/vehicleservice/getVehicleTitular"/>
        <con:wsrmConfig version="1.2"/>
      </con:call>
      <con:call id="6378030d-a520-41e8-b6c0-1c456e7b3a99" name="04 - Staging - LB Request" outgoingWss="Outflow STAGING" incomingWss="Inflow STAGING">
        <con:settings>
          <con:setting id="com.eviware.soapui.impl.wsdl.WsdlRequest@request-headers">&lt;xml-fragment/></con:setting>
        </con:settings>
        <con:encoding>UTF-8</con:encoding>
        <con:endpoint>https://fidus-esb-sg.sta.srv.cirb.lan:8443/services/VehicleService_v1.0</con:endpoint>
        <con:request><![CDATA[<soapenv:Envelope xmlns:soapenv="http://schemas.xmlsoap.org/soap/envelope/" xmlns:v1="http://fidus.brussels/service/vehicleservice/messages/v1" xmlns:v11="http://fidus.brussels/type/common/messages/v1">
   <soapenv:Header/>
   <soapenv:Body>
      <v1:getVehicleTitularRequest>
         <v1:messageContext>
            <v11:messageId>${=import static java.util.UUID.randomUUID; uuid = randomUUID() as String}</v11:messageId>
            <v11:timestamp>${=new java.text.SimpleDateFormat("yyyy-MM-dd'T'HH:mm:ss.SSS").format(new Date())}</v11:timestamp>
         </v1:messageContext>
         <v1:legalContext>ServiceIntegrator</v1:legalContext>
         <v1:consumerContext>
            <v11:companyNumber>207541594</v11:companyNumber>
            <v11:companyId>21003</v11:companyId>
         </v1:consumerContext>
         <v1:request>
            <!--Optional:-->
            <PlateNr>ASK050</PlateNr>
            <LanguageCode>1</LanguageCode>
         </v1:request>
      </v1:getVehicleTitularRequest>
   </soapenv:Body>
</soapenv:Envelope>]]></con:request>
        <con:credentials>
          <con:selectedAuthProfile>Basic</con:selectedAuthProfile>
          <con:addedBasicAuthenticationTypes>Basic</con:addedBasicAuthenticationTypes>
          <con:authType>Global HTTP Settings</con:authType>
        </con:credentials>
        <con:jmsConfig JMSDeliveryMode="PERSISTENT"/>
        <con:jmsPropertyConfig/>
        <con:wsaConfig mustUnderstand="NONE" version="200508" action="http://fidus.brussels/services/vehicleservice/getVehicleTitular"/>
        <con:wsrmConfig version="1.2"/>
      </con:call>
      <con:call id="ef391d7e-df04-42a4-b3d9-19e4956f0bd6" name="04 - Staging - Worker 1" outgoingWss="Outflow STAGING" incomingWss="Inflow STAGING">
        <con:settings>
          <con:setting id="com.eviware.soapui.impl.wsdl.WsdlRequest@request-headers">&lt;xml-fragment/></con:setting>
        </con:settings>
        <con:encoding>UTF-8</con:encoding>
        <con:endpoint>https://192.168.24.16:8443/services/VehicleService_v1.0</con:endpoint>
        <con:request><![CDATA[<soapenv:Envelope xmlns:soapenv="http://schemas.xmlsoap.org/soap/envelope/" xmlns:v1="http://fidus.brussels/service/vehicleservice/messages/v1" xmlns:v11="http://fidus.brussels/type/common/messages/v1">
   <soapenv:Header/>
   <soapenv:Body>
      <v1:getVehicleTitularRequest>
         <v1:messageContext>
            <v11:messageId>${=import static java.util.UUID.randomUUID; uuid = randomUUID() as String}</v11:messageId>
            <v11:timestamp>${=new java.text.SimpleDateFormat("yyyy-MM-dd'T'HH:mm:ss.SSS").format(new Date())}</v11:timestamp>
         </v1:messageContext>
         <v1:legalContext>ServiceIntegrator</v1:legalContext>
         <v1:consumerContext>
            <v11:companyNumber>207541594</v11:companyNumber>
            <v11:companyId>21003</v11:companyId>
         </v1:consumerContext>
         <v1:request>
            <!--Optional:-->
            <PlateNr>ASK050</PlateNr>
            <LanguageCode>1</LanguageCode>
         </v1:request>
      </v1:getVehicleTitularRequest>
   </soapenv:Body>
</soapenv:Envelope>]]></con:request>
        <con:credentials>
          <con:selectedAuthProfile>Basic</con:selectedAuthProfile>
          <con:addedBasicAuthenticationTypes>Basic</con:addedBasicAuthenticationTypes>
          <con:authType>Global HTTP Settings</con:authType>
        </con:credentials>
        <con:jmsConfig JMSDeliveryMode="PERSISTENT"/>
        <con:jmsPropertyConfig/>
        <con:wsaConfig mustUnderstand="NONE" version="200508" action="http://fidus.brussels/services/vehicleservice/getVehicleTitular"/>
        <con:wsrmConfig version="1.2"/>
      </con:call>
      <con:call id="b0f92fda-a8b5-44c0-a54e-59628c6c5177" name="04 - Staging - Worker 2" outgoingWss="Outflow STAGING" incomingWss="Inflow STAGING">
        <con:settings>
          <con:setting id="com.eviware.soapui.impl.wsdl.WsdlRequest@request-headers">&lt;xml-fragment/></con:setting>
        </con:settings>
        <con:encoding>UTF-8</con:encoding>
        <con:endpoint>https://192.168.24.17:8443/services/VehicleService_v1.0</con:endpoint>
        <con:request><![CDATA[<soapenv:Envelope xmlns:soapenv="http://schemas.xmlsoap.org/soap/envelope/" xmlns:v1="http://fidus.brussels/service/vehicleservice/messages/v1" xmlns:v11="http://fidus.brussels/type/common/messages/v1">
   <soapenv:Header/>
   <soapenv:Body>
      <v1:getVehicleTitularRequest>
         <v1:messageContext>
            <v11:messageId>${=import static java.util.UUID.randomUUID; uuid = randomUUID() as String}</v11:messageId>
            <v11:timestamp>${=new java.text.SimpleDateFormat("yyyy-MM-dd'T'HH:mm:ss.SSS").format(new Date())}</v11:timestamp>
         </v1:messageContext>
         <v1:legalContext>ServiceIntegrator</v1:legalContext>
         <v1:consumerContext>
            <v11:companyNumber>207541594</v11:companyNumber>
            <v11:companyId>21003</v11:companyId>
         </v1:consumerContext>
         <v1:request>
            <!--Optional:-->
            <PlateNr>ASK050</PlateNr>
            <LanguageCode>1</LanguageCode>
         </v1:request>
      </v1:getVehicleTitularRequest>
   </soapenv:Body>
</soapenv:Envelope>]]></con:request>
        <con:credentials>
          <con:selectedAuthProfile>Basic</con:selectedAuthProfile>
          <con:addedBasicAuthenticationTypes>Basic</con:addedBasicAuthenticationTypes>
          <con:authType>Global HTTP Settings</con:authType>
        </con:credentials>
        <con:jmsConfig JMSDeliveryMode="PERSISTENT"/>
        <con:jmsPropertyConfig/>
        <con:wsaConfig mustUnderstand="NONE" version="200508" action="http://fidus.brussels/services/vehicleservice/getVehicleTitular"/>
        <con:wsrmConfig version="1.2"/>
      </con:call>
      <con:call id="f0bf12c4-cfda-4c2e-9605-2aecc57c1543" name="05 - Prod - External Request" outgoingWss="Outflow PROD" incomingWss="Inflow PROD">
        <con:settings>
          <con:setting id="com.eviware.soapui.impl.wsdl.WsdlRequest@request-headers">&lt;xml-fragment/></con:setting>
        </con:settings>
        <con:encoding>UTF-8</con:encoding>
        <con:endpoint>https://fidus.sec.brussels/services/VehicleService_v1.0</con:endpoint>
        <con:request><![CDATA[<soapenv:Envelope xmlns:soapenv="http://schemas.xmlsoap.org/soap/envelope/" xmlns:v1="http://fidus.brussels/service/vehicleservice/messages/v1" xmlns:v11="http://fidus.brussels/type/common/messages/v1">
   <soapenv:Header/>
   <soapenv:Body>
      <v1:getVehicleTitularRequest>
         <v1:messageContext>
            <v11:messageId>${=import static java.util.UUID.randomUUID; uuid = randomUUID() as String}</v11:messageId>
            <v11:timestamp>${=new java.text.SimpleDateFormat("yyyy-MM-dd'T'HH:mm:ss.SSS").format(new Date())}</v11:timestamp>
         </v1:messageContext>
         <v1:legalContext>ServiceIntegrator</v1:legalContext>
         <v1:consumerContext>
            <v11:companyNumber>0207541594</v11:companyNumber>
            <v11:companyId>21003</v11:companyId>
         </v1:consumerContext>
         <v1:request>
            <!--Optional:-->
            <PlateNr>ASK050</PlateNr>
            <LanguageCode>1</LanguageCode>
         </v1:request>
      </v1:getVehicleTitularRequest>
   </soapenv:Body>
</soapenv:Envelope>]]></con:request>
        <con:credentials>
          <con:selectedAuthProfile>Basic</con:selectedAuthProfile>
          <con:addedBasicAuthenticationTypes>Basic</con:addedBasicAuthenticationTypes>
          <con:authType>Global HTTP Settings</con:authType>
        </con:credentials>
        <con:jmsConfig JMSDeliveryMode="PERSISTENT"/>
        <con:jmsPropertyConfig/>
        <con:wsaConfig mustUnderstand="NONE" version="200508" action="http://fidus.brussels/services/vehicleservice/getVehicleTitular"/>
        <con:wsrmConfig version="1.2"/>
      </con:call>
      <con:call id="02891efb-0cc4-4082-b552-386b88c7c42a" name="05 - Prod - LB Request" outgoingWss="Outflow PROD" incomingWss="Inflow PROD">
        <con:settings>
          <con:setting id="com.eviware.soapui.impl.wsdl.WsdlRequest@request-headers">&lt;xml-fragment/></con:setting>
        </con:settings>
        <con:encoding>UTF-8</con:encoding>
        <con:endpoint>https://fidus-esb-sg.prd.srv.cirb.lan:8443/services/VehicleService_v1.0</con:endpoint>
        <con:request><![CDATA[<soapenv:Envelope xmlns:soapenv="http://schemas.xmlsoap.org/soap/envelope/" xmlns:v1="http://fidus.brussels/service/vehicleservice/messages/v1" xmlns:v11="http://fidus.brussels/type/common/messages/v1">
   <soapenv:Header/>
   <soapenv:Body>
      <v1:getVehicleTitularRequest>
         <v1:messageContext>
            <v11:messageId>${=import static java.util.UUID.randomUUID; uuid = randomUUID() as String}</v11:messageId>
            <v11:timestamp>${=new java.text.SimpleDateFormat("yyyy-MM-dd'T'HH:mm:ss.SSS").format(new Date())}</v11:timestamp>
         </v1:messageContext>
         <v1:legalContext>ServiceIntegrator</v1:legalContext>
         <v1:consumerContext>
            <v11:companyNumber>0207541594</v11:companyNumber>
            <v11:companyId>21003</v11:companyId>
         </v1:consumerContext>
         <v1:request>
            <!--Optional:-->
            <PlateNr>ASK050</PlateNr>
            <LanguageCode>1</LanguageCode>
         </v1:request>
      </v1:getVehicleTitularRequest>
   </soapenv:Body>
</soapenv:Envelope>]]></con:request>
        <con:credentials>
          <con:selectedAuthProfile>Basic</con:selectedAuthProfile>
          <con:addedBasicAuthenticationTypes>Basic</con:addedBasicAuthenticationTypes>
          <con:authType>Global HTTP Settings</con:authType>
        </con:credentials>
        <con:jmsConfig JMSDeliveryMode="PERSISTENT"/>
        <con:jmsPropertyConfig/>
        <con:wsaConfig mustUnderstand="NONE" version="200508" action="http://fidus.brussels/services/vehicleservice/getVehicleTitular"/>
        <con:wsrmConfig version="1.2"/>
      </con:call>
      <con:call id="7c23af29-8ab8-4079-aefc-63889db257f0" name="05 - Prod - Worker 1" outgoingWss="Outflow PROD" incomingWss="Inflow PROD">
        <con:settings>
          <con:setting id="com.eviware.soapui.impl.wsdl.WsdlRequest@request-headers">&lt;xml-fragment/></con:setting>
        </con:settings>
        <con:encoding>UTF-8</con:encoding>
        <con:endpoint>https://192.168.26.19:8443/services/VehicleService_v1.0</con:endpoint>
        <con:request><![CDATA[<soapenv:Envelope xmlns:soapenv="http://schemas.xmlsoap.org/soap/envelope/" xmlns:v1="http://fidus.brussels/service/vehicleservice/messages/v1" xmlns:v11="http://fidus.brussels/type/common/messages/v1">
   <soapenv:Header/>
   <soapenv:Body>
      <v1:getVehicleTitularRequest>
         <v1:messageContext>
            <v11:messageId>${=import static java.util.UUID.randomUUID; uuid = randomUUID() as String}</v11:messageId>
            <v11:timestamp>${=new java.text.SimpleDateFormat("yyyy-MM-dd'T'HH:mm:ss.SSS").format(new Date())}</v11:timestamp>
         </v1:messageContext>
         <v1:legalContext>ServiceIntegrator</v1:legalContext>
         <v1:consumerContext>
            <v11:companyNumber>0207541594</v11:companyNumber>
            <v11:companyId>21003</v11:companyId>
         </v1:consumerContext>
         <v1:request>
            <!--Optional:-->
            <PlateNr>ASK050</PlateNr>
            <LanguageCode>1</LanguageCode>
         </v1:request>
      </v1:getVehicleTitularRequest>
   </soapenv:Body>
</soapenv:Envelope>]]></con:request>
        <con:credentials>
          <con:selectedAuthProfile>Basic</con:selectedAuthProfile>
          <con:addedBasicAuthenticationTypes>Basic</con:addedBasicAuthenticationTypes>
          <con:authType>Global HTTP Settings</con:authType>
        </con:credentials>
        <con:jmsConfig JMSDeliveryMode="PERSISTENT"/>
        <con:jmsPropertyConfig/>
        <con:wsaConfig mustUnderstand="NONE" version="200508" action="http://fidus.brussels/services/vehicleservice/getVehicleTitular"/>
        <con:wsrmConfig version="1.2"/>
      </con:call>
      <con:call id="b45a3617-b613-46e9-aba0-7301fd5b386f" name="05 - Prod - Worker 2" outgoingWss="Outflow PROD" incomingWss="Inflow PROD">
        <con:settings>
          <con:setting id="com.eviware.soapui.impl.wsdl.WsdlRequest@request-headers">&lt;xml-fragment/></con:setting>
        </con:settings>
        <con:encoding>UTF-8</con:encoding>
        <con:endpoint>https://192.168.26.22:8443/services/VehicleService_v1.0</con:endpoint>
        <con:request><![CDATA[<soapenv:Envelope xmlns:soapenv="http://schemas.xmlsoap.org/soap/envelope/" xmlns:v1="http://fidus.brussels/service/vehicleservice/messages/v1" xmlns:v11="http://fidus.brussels/type/common/messages/v1">
   <soapenv:Header/>
   <soapenv:Body>
      <v1:getVehicleTitularRequest>
         <v1:messageContext>
            <v11:messageId>${=import static java.util.UUID.randomUUID; uuid = randomUUID() as String}</v11:messageId>
            <v11:timestamp>${=new java.text.SimpleDateFormat("yyyy-MM-dd'T'HH:mm:ss.SSS").format(new Date())}</v11:timestamp>
         </v1:messageContext>
         <v1:legalContext>ServiceIntegrator</v1:legalContext>
         <v1:consumerContext>
            <v11:companyNumber>0207541594</v11:companyNumber>
            <v11:companyId>21003</v11:companyId>
         </v1:consumerContext>
         <v1:request>
            <!--Optional:-->
            <PlateNr>ASK050</PlateNr>
            <LanguageCode>1</LanguageCode>
         </v1:request>
      </v1:getVehicleTitularRequest>
   </soapenv:Body>
</soapenv:Envelope>]]></con:request>
        <con:credentials>
          <con:selectedAuthProfile>Basic</con:selectedAuthProfile>
          <con:addedBasicAuthenticationTypes>Basic</con:addedBasicAuthenticationTypes>
          <con:authType>Global HTTP Settings</con:authType>
        </con:credentials>
        <con:jmsConfig JMSDeliveryMode="PERSISTENT"/>
        <con:jmsPropertyConfig/>
        <con:wsaConfig mustUnderstand="NONE" version="200508" action="http://fidus.brussels/services/vehicleservice/getVehicleTitular"/>
        <con:wsrmConfig version="1.2"/>
      </con:call>
    </con:operation>
    <con:operation id="32933821-8667-40df-ad8b-e1349d9e8848" isOneWay="false" action="http://fidus.brussels/services/vehicleservice/getVehicleRegistration" name="getVehicleRegistration" bindingOperationName="getVehicleRegistration" type="Request-Response" inputName="" receivesAttachments="false" sendsAttachments="false" anonymous="optional">
      <con:settings/>
      <con:call id="a4debd50-b691-4228-9512-0e157260ebfc" name="01 - Local - Request" outgoingWss="Outflow DEV" incomingWss="Inflow DEV">
        <con:settings>
          <con:setting id="com.eviware.soapui.impl.wsdl.WsdlRequest@request-headers">&lt;xml-fragment/></con:setting>
        </con:settings>
        <con:encoding>UTF-8</con:encoding>
        <con:endpoint>https://localhost:8243/services/VehicleService_v1.0</con:endpoint>
        <con:request><![CDATA[<soapenv:Envelope xmlns:soapenv="http://schemas.xmlsoap.org/soap/envelope/" xmlns:v1="http://fidus.brussels/service/vehicleservice/messages/v1" xmlns:v11="http://fidus.brussels/type/common/messages/v1">
   <soapenv:Header/>
   <soapenv:Body>
      <v1:getVehicleRegistrationRequest>
		<v1:messageContext>
            <v11:messageId>${=import static java.util.UUID.randomUUID; uuid = randomUUID() as String}</v11:messageId>
            <v11:timestamp>${=new java.text.SimpleDateFormat("yyyy-MM-dd'T'HH:mm:ss.SSS").format(new Date())}</v11:timestamp>
         </v1:messageContext>
         <v1:legalContext>ServiceIntegrator</v1:legalContext>
         <v1:consumerContext>
            <v11:companyNumber>0207541594</v11:companyNumber>
            <v11:companyId>21003</v11:companyId>
         </v1:consumerContext>
         <v1:request>
            <PlateNr>ASK050</PlateNr>
            <LanguageCode>2</LanguageCode>
         </v1:request>
      </v1:getVehicleRegistrationRequest>
   </soapenv:Body>
</soapenv:Envelope>]]></con:request>
        <con:credentials>
          <con:selectedAuthProfile>Basic</con:selectedAuthProfile>
          <con:addedBasicAuthenticationTypes>Basic</con:addedBasicAuthenticationTypes>
          <con:authType>Global HTTP Settings</con:authType>
        </con:credentials>
        <con:jmsConfig JMSDeliveryMode="PERSISTENT"/>
        <con:jmsPropertyConfig/>
        <con:wsaConfig mustUnderstand="NONE" version="200508" action="http://fidus.brussels/services/vehicleservice/getVehicleRegistration"/>
        <con:wsrmConfig version="1.2"/>
      </con:call>
      <con:call id="f6883eec-9b4b-4c80-9585-9510ce0d2794" name="02 - Dev - Request" outgoingWss="Outflow DEV" incomingWss="Inflow DEV">
        <con:settings>
          <con:setting id="com.eviware.soapui.impl.wsdl.WsdlRequest@request-headers">&lt;xml-fragment/></con:setting>
        </con:settings>
        <con:encoding>UTF-8</con:encoding>
        <con:endpoint>https://192.168.36.61:8243/services/VehicleService_v1.0</con:endpoint>
        <con:request><![CDATA[<soapenv:Envelope xmlns:soapenv="http://schemas.xmlsoap.org/soap/envelope/" xmlns:v1="http://fidus.brussels/service/vehicleservice/messages/v1" xmlns:v11="http://fidus.brussels/type/common/messages/v1">
   <soapenv:Header/>
   <soapenv:Body>
      <v1:getVehicleRegistrationRequest>
		<v1:messageContext>
            <v11:messageId>${=import static java.util.UUID.randomUUID; uuid = randomUUID() as String}</v11:messageId>            
            <v11:timestamp>${=new java.text.SimpleDateFormat("yyyy-MM-dd'T'HH:mm:ss.SSS").format(new Date())}</v11:timestamp>
         </v1:messageContext>
         <v1:legalContext>ServiceIntegrator</v1:legalContext>
         <v1:consumerContext>
            <v11:companyNumber>0207541594</v11:companyNumber>
            <v11:companyId>21003</v11:companyId>
         </v1:consumerContext>
         <v1:request>            
            <PlateNr>ASK-050</PlateNr>            
            <LanguageCode>2</LanguageCode>
         </v1:request>
      </v1:getVehicleRegistrationRequest>
   </soapenv:Body>
</soapenv:Envelope>]]></con:request>
        <con:credentials>
          <con:selectedAuthProfile>Basic</con:selectedAuthProfile>
          <con:addedBasicAuthenticationTypes>Basic</con:addedBasicAuthenticationTypes>
          <con:authType>Global HTTP Settings</con:authType>
        </con:credentials>
        <con:jmsConfig JMSDeliveryMode="PERSISTENT"/>
        <con:jmsPropertyConfig/>
        <con:wsaConfig mustUnderstand="NONE" version="200508" action="http://fidus.brussels/services/vehicleservice/getVehicleRegistration"/>
        <con:wsrmConfig version="1.2"/>
      </con:call>
      <con:call id="4ffb87cf-ddda-4815-86f1-49006afaf339" name="03 - Test - External Request" outgoingWss="Outflow TEST" incomingWss="Inflow TEST">
        <con:settings>
          <con:setting id="com.eviware.soapui.impl.wsdl.WsdlRequest@request-headers">&lt;xml-fragment/></con:setting>
        </con:settings>
        <con:encoding>UTF-8</con:encoding>
        <con:endpoint>https://fidus-test.irisnetlab.be/services/VehicleService_v1.0</con:endpoint>
        <con:request><![CDATA[<soapenv:Envelope xmlns:soapenv="http://schemas.xmlsoap.org/soap/envelope/" xmlns:v1="http://fidus.brussels/service/vehicleservice/messages/v1" xmlns:v11="http://fidus.brussels/type/common/messages/v1">
   <soapenv:Header/>
   <soapenv:Body>
      <v1:getVehicleRegistrationRequest>
		<v1:messageContext>
            <v11:messageId>${=import static java.util.UUID.randomUUID; uuid = randomUUID() as String}</v11:messageId>
            <v11:timestamp>${=new java.text.SimpleDateFormat("yyyy-MM-dd'T'HH:mm:ss.SSS").format(new Date())}</v11:timestamp>
         </v1:messageContext>
         <v1:legalContext>ServiceIntegrator</v1:legalContext>
         <v1:consumerContext>
            <v11:companyNumber>0316381039</v11:companyNumber>
            <v11:companyId>Brussel Fiscaliteit</v11:companyId>
         </v1:consumerContext>
         <v1:request>
            <PlateNr>YHN162</PlateNr>
            <LanguageCode>1</LanguageCode>
         </v1:request>
      </v1:getVehicleRegistrationRequest>
   </soapenv:Body>
</soapenv:Envelope>]]></con:request>
        <con:credentials>
          <con:selectedAuthProfile>Basic</con:selectedAuthProfile>
          <con:addedBasicAuthenticationTypes>Basic</con:addedBasicAuthenticationTypes>
          <con:authType>Global HTTP Settings</con:authType>
        </con:credentials>
        <con:jmsConfig JMSDeliveryMode="PERSISTENT"/>
        <con:jmsPropertyConfig/>
        <con:wsaConfig mustUnderstand="NONE" version="200508" action="http://fidus.brussels/services/vehicleservice/getVehicleRegistration"/>
        <con:wsrmConfig version="1.2"/>
      </con:call>
      <con:call id="efa727c9-01d5-42d9-b4f4-895cbabff9fa" name="03 - Test - LB Request" outgoingWss="Outflow TEST" incomingWss="Inflow TEST">
        <con:settings>
          <con:setting id="com.eviware.soapui.impl.wsdl.WsdlRequest@request-headers">&lt;xml-fragment/></con:setting>
        </con:settings>
        <con:encoding>UTF-8</con:encoding>
        <con:endpoint>https://esb-security-gw.sta.srv.cirb.lan:8443/services/VehicleService_v1.0</con:endpoint>
        <con:request><![CDATA[<soapenv:Envelope xmlns:soapenv="http://schemas.xmlsoap.org/soap/envelope/" xmlns:v1="http://fidus.brussels/service/vehicleservice/messages/v1" xmlns:v11="http://fidus.brussels/type/common/messages/v1">
   <soapenv:Header/>
   <soapenv:Body>
      <v1:getVehicleRegistrationRequest>
		<v1:messageContext>
            <v11:messageId>${=import static java.util.UUID.randomUUID; uuid = randomUUID() as String}</v11:messageId>
            <v11:timestamp>${=new java.text.SimpleDateFormat("yyyy-MM-dd'T'HH:mm:ss.SSS").format(new Date())}</v11:timestamp>
         </v1:messageContext>
         <v1:legalContext>ServiceIntegrator</v1:legalContext>
         <v1:consumerContext>
            <v11:companyNumber>0316381039</v11:companyNumber>
            <v11:companyId>Brussel Fiscaliteit</v11:companyId>
         </v1:consumerContext>
         <v1:request>
            <PlateNr>ASK-050</PlateNr>
            <LanguageCode>2</LanguageCode>
         </v1:request>
      </v1:getVehicleRegistrationRequest>
   </soapenv:Body>
</soapenv:Envelope>]]></con:request>
        <con:credentials>
          <con:selectedAuthProfile>Basic</con:selectedAuthProfile>
          <con:addedBasicAuthenticationTypes>Basic</con:addedBasicAuthenticationTypes>
          <con:authType>Global HTTP Settings</con:authType>
        </con:credentials>
        <con:jmsConfig JMSDeliveryMode="PERSISTENT"/>
        <con:jmsPropertyConfig/>
        <con:wsaConfig mustUnderstand="NONE" version="200508" action="http://fidus.brussels/services/vehicleservice/getVehicleRegistration"/>
        <con:wsrmConfig version="1.2"/>
      </con:call>
      <con:call id="9fc8a633-166f-4c28-8018-cc8b4657d361" name="03 - Test - Worker1 Request" outgoingWss="Outflow TEST" incomingWss="Inflow TEST">
        <con:settings>
          <con:setting id="com.eviware.soapui.impl.wsdl.WsdlRequest@request-headers">&lt;xml-fragment/></con:setting>
        </con:settings>
        <con:encoding>UTF-8</con:encoding>
        <con:endpoint>https://192.168.22.53:8443/services/VehicleService_v1.0</con:endpoint>
        <con:request><![CDATA[<soapenv:Envelope xmlns:soapenv="http://schemas.xmlsoap.org/soap/envelope/" xmlns:v1="http://fidus.brussels/service/vehicleservice/messages/v1" xmlns:v11="http://fidus.brussels/type/common/messages/v1">
   <soapenv:Header/>
   <soapenv:Body>
      <v1:getVehicleRegistrationRequest>
		<v1:messageContext>
            <v11:messageId>${=import static java.util.UUID.randomUUID; uuid = randomUUID() as String}</v11:messageId>
            <v11:timestamp>${=new java.text.SimpleDateFormat("yyyy-MM-dd'T'HH:mm:ss.SSS").format(new Date())}</v11:timestamp>
         </v1:messageContext>
         <v1:legalContext>ServiceIntegrator</v1:legalContext>
         <v1:consumerContext>
            <v11:companyNumber>0316381039</v11:companyNumber>
            <v11:companyId>Brussel Fiscaliteit</v11:companyId>
         </v1:consumerContext>
         <v1:request>
            <PlateNr>ASK-050</PlateNr>
            <LanguageCode>2</LanguageCode>
         </v1:request>
      </v1:getVehicleRegistrationRequest>
   </soapenv:Body>
</soapenv:Envelope>]]></con:request>
        <con:credentials>
          <con:selectedAuthProfile>Basic</con:selectedAuthProfile>
          <con:addedBasicAuthenticationTypes>Basic</con:addedBasicAuthenticationTypes>
          <con:authType>Global HTTP Settings</con:authType>
        </con:credentials>
        <con:jmsConfig JMSDeliveryMode="PERSISTENT"/>
        <con:jmsPropertyConfig/>
        <con:wsaConfig mustUnderstand="NONE" version="200508" action="http://fidus.brussels/services/vehicleservice/getVehicleRegistration"/>
        <con:wsrmConfig version="1.2"/>
      </con:call>
      <con:call id="70b7dc71-f0cb-46d4-8105-1ef20dc6ee85" name="03 - Test - Worker2 Request" outgoingWss="Outflow TEST" incomingWss="Inflow TEST">
        <con:settings>
          <con:setting id="com.eviware.soapui.impl.wsdl.WsdlRequest@request-headers">&lt;xml-fragment/></con:setting>
        </con:settings>
        <con:encoding>UTF-8</con:encoding>
        <con:endpoint>https://192.168.22.54:8443/services/VehicleService_v1.0</con:endpoint>
        <con:request><![CDATA[<soapenv:Envelope xmlns:soapenv="http://schemas.xmlsoap.org/soap/envelope/" xmlns:v1="http://fidus.brussels/service/vehicleservice/messages/v1" xmlns:v11="http://fidus.brussels/type/common/messages/v1">
   <soapenv:Header/>
   <soapenv:Body>
      <v1:getVehicleRegistrationRequest>
		<v1:messageContext>
            <v11:messageId>${=import static java.util.UUID.randomUUID; uuid = randomUUID() as String}</v11:messageId>
            <v11:timestamp>${=new java.text.SimpleDateFormat("yyyy-MM-dd'T'HH:mm:ss.SSS").format(new Date())}</v11:timestamp>
         </v1:messageContext>
         <v1:legalContext>ServiceIntegrator</v1:legalContext>
         <v1:consumerContext>
            <v11:companyNumber>0316381039</v11:companyNumber>
            <v11:companyId>Brussel Fiscaliteit</v11:companyId>
         </v1:consumerContext>
         <v1:request>
            <PlateNr>1GBL589</PlateNr>
            <LanguageCode>2</LanguageCode>
         </v1:request>
      </v1:getVehicleRegistrationRequest>
   </soapenv:Body>
</soapenv:Envelope>]]></con:request>
        <con:credentials>
          <con:selectedAuthProfile>Basic</con:selectedAuthProfile>
          <con:addedBasicAuthenticationTypes>Basic</con:addedBasicAuthenticationTypes>
          <con:authType>Global HTTP Settings</con:authType>
        </con:credentials>
        <con:jmsConfig JMSDeliveryMode="PERSISTENT"/>
        <con:jmsPropertyConfig/>
        <con:wsaConfig mustUnderstand="NONE" version="200508" action="http://fidus.brussels/services/vehicleservice/getVehicleRegistration"/>
        <con:wsrmConfig version="1.2"/>
      </con:call>
      <con:call id="85a8b7fe-8b8c-4e03-b5f3-ef6cdb2e3bf0" name="04 - Staging - External Request" outgoingWss="Outflow STAGING" incomingWss="Inflow STAGING">
        <con:settings>
          <con:setting id="com.eviware.soapui.impl.wsdl.WsdlRequest@request-headers">&lt;xml-fragment/></con:setting>
        </con:settings>
        <con:encoding>UTF-8</con:encoding>
        <con:endpoint>https://fidus.irisnetlab.be/services/VehicleService_v1.0</con:endpoint>
        <con:request><![CDATA[<soapenv:Envelope xmlns:soapenv="http://schemas.xmlsoap.org/soap/envelope/" xmlns:v1="http://fidus.brussels/service/vehicleservice/messages/v1" xmlns:v11="http://fidus.brussels/type/common/messages/v1">
   <soapenv:Header/>
   <soapenv:Body>
      <v1:getVehicleRegistrationRequest>
		<v1:messageContext>
            <v11:messageId>${=import static java.util.UUID.randomUUID; uuid = randomUUID() as String}</v11:messageId>
            <v11:timestamp>${=new java.text.SimpleDateFormat("yyyy-MM-dd'T'HH:mm:ss.SSS").format(new Date())}</v11:timestamp>
         </v1:messageContext>
         <v1:legalContext>ServiceIntegrator</v1:legalContext>
         <v1:consumerContext>
            <v11:companyNumber>0316381039</v11:companyNumber>
            <v11:companyId>Brussel Fiscaliteit</v11:companyId>
         </v1:consumerContext>
         <v1:request>
            <PlateNr>1PBN606</PlateNr>
            <LanguageCode>0</LanguageCode>
         </v1:request>
      </v1:getVehicleRegistrationRequest>
   </soapenv:Body>
</soapenv:Envelope>]]></con:request>
        <con:credentials>
          <con:selectedAuthProfile>Basic</con:selectedAuthProfile>
          <con:addedBasicAuthenticationTypes>Basic</con:addedBasicAuthenticationTypes>
          <con:authType>Global HTTP Settings</con:authType>
        </con:credentials>
        <con:jmsConfig JMSDeliveryMode="PERSISTENT"/>
        <con:jmsPropertyConfig/>
        <con:wsaConfig mustUnderstand="NONE" version="200508" action="http://fidus.brussels/services/vehicleservice/getVehicleRegistration"/>
        <con:wsrmConfig version="1.2"/>
      </con:call>
    <con:call id="679874a9-7bf6-4fbf-84fc-1b4115d032e6" name="05 - Prod - External Request" outgoingWss="Outflow PROD" incomingWss="Inflow PROD"><con:settings><con:setting id="com.eviware.soapui.impl.wsdl.WsdlRequest@request-headers">&lt;xml-fragment/></con:setting></con:settings><con:encoding>UTF-8</con:encoding><con:endpoint>https://fidus.sec.brussels/services/VehicleService_v1.0</con:endpoint><con:request><![CDATA[<soapenv:Envelope xmlns:soapenv="http://schemas.xmlsoap.org/soap/envelope/" xmlns:v1="http://fidus.brussels/service/vehicleservice/messages/v1" xmlns:v11="http://fidus.brussels/type/common/messages/v1">
   <soapenv:Header/>
   <soapenv:Body>
      <v1:getVehicleRegistrationRequest>
		<v1:messageContext>
            <v11:messageId>${=import static java.util.UUID.randomUUID; uuid = randomUUID() as String}</v11:messageId>
            <v11:timestamp>${=new java.text.SimpleDateFormat("yyyy-MM-dd'T'HH:mm:ss.SSS").format(new Date())}</v11:timestamp>
         </v1:messageContext>
         <v1:legalContext>ServiceIntegrator</v1:legalContext>
         <v1:consumerContext>
            <v11:companyNumber>0316381039</v11:companyNumber>
            <v11:companyId>Brussel Fiscaliteit</v11:companyId>
         </v1:consumerContext>
         <v1:request>
            <PlateNr>1PBN606</PlateNr>
            <LanguageCode>0</LanguageCode>
         </v1:request>
      </v1:getVehicleRegistrationRequest>
   </soapenv:Body>
</soapenv:Envelope>]]></con:request><con:credentials>
          <con:selectedAuthProfile>Basic</con:selectedAuthProfile>
          <con:addedBasicAuthenticationTypes>Basic</con:addedBasicAuthenticationTypes>
          <con:authType>Global HTTP Settings</con:authType>
        </con:credentials><con:jmsConfig JMSDeliveryMode="PERSISTENT"/><con:jmsPropertyConfig/><con:wsaConfig mustUnderstand="NONE" version="200508" action="http://fidus.brussels/services/vehicleservice/getVehicleRegistration"/><con:wsrmConfig version="1.2"/></con:call></con:operation>
  <con:operation id="b2d410a7-8425-4996-9d52-7d2bf38aeb1f" isOneWay="false" action="http://fidus.brussels/services/vehicleservice/getVehicleInformation" name="getVehicleInformation" bindingOperationName="getVehicleInformation" type="Request-Response" inputName="" receivesAttachments="false" sendsAttachments="false" anonymous="optional"><con:settings/><con:call id="7cf31c8c-2f70-4e4a-ac5a-f1dbf38b2be1" name="Request 1" outgoingWss="Outflow DEV" incomingWss="Inflow DEV"><con:settings><con:setting id="com.eviware.soapui.impl.wsdl.WsdlRequest@request-headers">&lt;xml-fragment/></con:setting></con:settings><con:encoding>UTF-8</con:encoding><con:endpoint>https://localhost:8243/services/VehicleService_v1.1</con:endpoint><con:request><![CDATA[<soapenv:Envelope xmlns:soapenv="http://schemas.xmlsoap.org/soap/envelope/" xmlns:v1="http://fidus.brussels/service/vehicleservice/messages/v1.1" xmlns:v11="http://fidus.brussels/type/common/messages/v1">
   <soapenv:Header/>
   <soapenv:Body>
      <v1:getVehicleInformationRequest>
		<v1:messageContext>
            <v11:messageId>${=import static java.util.UUID.randomUUID; uuid = randomUUID() as String}</v11:messageId>
            <v11:timestamp>${=new java.text.SimpleDateFormat("yyyy-MM-dd'T'HH:mm:ss.SSS").format(new Date())}</v11:timestamp>
         </v1:messageContext>
         <v1:legalContext>ServiceIntegrator</v1:legalContext>
         <v1:consumerContext>
            <v11:companyNumber>207541594</v11:companyNumber>
            <v11:companyId>21003</v11:companyId>
         </v1:consumerContext>
         <v1:request>
            <Vin>WAUZZZ8V8EA186015</Vin>
         </v1:request>
      </v1:getVehicleInformationRequest>
   </soapenv:Body>
</soapenv:Envelope>]]></con:request><con:credentials><con:selectedAuthProfile>Basic</con:selectedAuthProfile><con:addedBasicAuthenticationTypes>Basic</con:addedBasicAuthenticationTypes><con:authType>Global HTTP Settings</con:authType></con:credentials><con:jmsConfig JMSDeliveryMode="PERSISTENT"/><con:jmsPropertyConfig/><con:wsaConfig mustUnderstand="NONE" version="200508" action="http://fidus.brussels/services/vehicleservice/getVehicleInformation"/><con:wsrmConfig version="1.2"/></con:call></con:operation></con:interface>
  <con:interface xsi:type="con:RestService" id="fa2f2400-80cb-4e38-96e8-2469922e0b14" wadlVersion="http://wadl.dev.java.net/2009/02" name="Client-VehicleService" type="rest" definitionUrl="Guy" xmlns:xsi="http://www.w3.org/2001/XMLSchema-instance"><con:settings/><con:definitionCache type="TEXT"/><con:endpoints/></con:interface><con:testSuite id="d1aa71a7-3216-47cc-a7c6-3f5e80df5d3d" name="DEV"><con:settings/><con:runType>SEQUENTIAL</con:runType><con:testCase id="5f1bcabb-05cd-4391-a4d4-203b7a08489a" failOnError="true" failTestCaseOnErrors="true" keepSession="false" maxResults="0" name="getVehicleTitular" searchProperties="true"><con:settings/><con:testStep type="request" id="ddd6f5ac-7929-4666-b47b-b266ad09f14a" name="testcase02 - Dev - Request"><con:settings/><con:config xsi:type="con:RequestStep" xmlns:xsi="http://www.w3.org/2001/XMLSchema-instance"><con:interface>VehicleServiceHTTPBinding</con:interface><con:operation>getVehicleTitular</con:operation><con:request name="testcase02 - Dev - Request" id="b93a65f3-c285-4172-b85c-ea960a5109ce" outgoingWss="Outflow DEV"><con:settings/><con:encoding>UTF-8</con:encoding><con:endpoint>https://192.168.36.61:8243/services/VehicleService_v1.0</con:endpoint><con:request><![CDATA[<soapenv:Envelope xmlns:soapenv="http://schemas.xmlsoap.org/soap/envelope/" xmlns:v1="http://fidus.brussels/service/vehicleservice/messages/v1" xmlns:v11="http://fidus.brussels/type/common/messages/v1">
   <soapenv:Header/>
   <soapenv:Body>
      <v1:getVehicleTitularRequest>
         <v1:messageContext>
            <v11:messageId>${=import static java.util.UUID.randomUUID; uuid = randomUUID() as String}</v11:messageId>
            <v11:timestamp>${=new java.text.SimpleDateFormat("yyyy-MM-dd'T'HH:mm:ss.SSS").format(new Date())}</v11:timestamp>
         </v1:messageContext>
         <v1:legalContext>ServiceIntegrator</v1:legalContext>
         <v1:consumerContext>
            <v11:companyNumber>207541594</v11:companyNumber>
            <v11:companyId>21003</v11:companyId>
         </v1:consumerContext>
         <v1:request>
            <!--Optional:-->
            <PlateNr>ASK-050</PlateNr>
         </v1:request>
      </v1:getVehicleTitularRequest>
   </soapenv:Body>
</soapenv:Envelope>]]></con:request><con:assertion type="SOAP Fault Assertion" id="43b1859e-5044-45ca-94c8-7d574f9c19fd" name="Not SOAP Fault"/><con:assertion type="SOAP Response" id="868c90cf-33bf-4f57-ac78-e72a62e02451" name="SOAP Response"/><con:assertion type="Schema Compliance" id="587ee257-daca-4cfd-8cf3-23ac317fbc7a" name="Schema Compliance"><con:configuration/></con:assertion><con:wsaConfig action="http://fidus.brussels/services/vehicleservice/getVehicleTitular"/></con:request></con:config></con:testStep><con:properties/></con:testCase><con:testCase id="64324009-8308-44fb-b7b9-8aaff68db509" failOnError="true" failTestCaseOnErrors="true" keepSession="false" maxResults="0" name="getVehicleRegistration" searchProperties="true"><con:settings/><con:testStep type="request" id="755a5827-5c6c-4887-adce-3237836c5202" name="testcase02 - Dev - Request"><con:settings/><con:config xsi:type="con:RequestStep" xmlns:xsi="http://www.w3.org/2001/XMLSchema-instance"><con:interface>VehicleServiceHTTPBinding</con:interface><con:operation>getVehicleRegistration</con:operation><con:request name="testcase02 - Dev - Request" id="f60b9bcb-9653-4f86-bf39-e9baebc5669c" outgoingWss="Outflow DEV"><con:settings/><con:encoding>UTF-8</con:encoding><con:endpoint>https://192.168.36.61:8243/services/VehicleService_v1.0</con:endpoint><con:request><![CDATA[<soapenv:Envelope xmlns:soapenv="http://schemas.xmlsoap.org/soap/envelope/" xmlns:v1="http://fidus.brussels/service/vehicleservice/messages/v1" xmlns:v11="http://fidus.brussels/type/common/messages/v1">
   <soapenv:Header/>
   <soapenv:Body>
      <v1:getVehicleRegistrationRequest>
		<v1:messageContext>
            <v11:messageId>${=import static java.util.UUID.randomUUID; uuid = randomUUID() as String}</v11:messageId>            
            <v11:timestamp>${=new java.text.SimpleDateFormat("yyyy-MM-dd'T'HH:mm:ss.SSS").format(new Date())}</v11:timestamp>
         </v1:messageContext>
         <v1:legalContext>ServiceIntegrator</v1:legalContext>
         <v1:consumerContext>
            <v11:companyNumber>0207541594</v11:companyNumber>
            <v11:companyId>21003</v11:companyId>
         </v1:consumerContext>
         <v1:request>            
            <PlateNr>ASK-050</PlateNr>            
            <LanguageCode>2</LanguageCode>
         </v1:request>
      </v1:getVehicleRegistrationRequest>
   </soapenv:Body>
</soapenv:Envelope>]]></con:request><con:assertion type="SOAP Fault Assertion" id="77570344-03b3-49ab-b576-b04e260eed08" name="Not SOAP Fault"/><con:assertion type="SOAP Response" id="e9851fbf-18ca-45c2-9c60-8966f8daca52" name="SOAP Response"/><con:assertion type="Schema Compliance" id="e4fc1053-8bed-4d81-82af-67a6bc20d6e0" name="Schema Compliance"><con:configuration/></con:assertion><con:wsaConfig action="http://fidus.brussels/services/vehicleservice/getVehicleRegistration"/></con:request></con:config></con:testStep><con:properties/></con:testCase><con:properties/></con:testSuite><con:testSuite id="45c57e0c-5fc7-4e99-ac76-1c95ec6ef8c2" name="TEST"><con:settings/><con:runType>SEQUENTIAL</con:runType><con:testCase id="e3cc3430-4f18-4914-9439-03556f9a84b7" failOnError="true" failTestCaseOnErrors="true" keepSession="false" maxResults="0" name="getVehicleTitular" searchProperties="true"><con:settings/><con:testStep type="request" id="f429b85d-9664-4cdc-9eff-94373c7a1257" name="testcase03 - Test - External Request"><con:settings/><con:config xsi:type="con:RequestStep" xmlns:xsi="http://www.w3.org/2001/XMLSchema-instance"><con:interface>VehicleServiceHTTPBinding</con:interface><con:operation>getVehicleTitular</con:operation><con:request name="testcase03 - Test - External Request" id="c6d601a7-22df-4959-83d9-07782f9a1740" outgoingWss="Outflow TEST"><con:settings/><con:encoding>UTF-8</con:encoding><con:endpoint>https://fidus-test.irisnetlab.be/services/VehicleService_v1.0</con:endpoint><con:request><![CDATA[<soapenv:Envelope xmlns:soapenv="http://schemas.xmlsoap.org/soap/envelope/" xmlns:v1="http://fidus.brussels/service/vehicleservice/messages/v1" xmlns:v11="http://fidus.brussels/type/common/messages/v1">
   <soapenv:Header/>
   <soapenv:Body>
      <v1:getVehicleTitularRequest>
         <v1:messageContext>
            <v11:messageId>${=import static java.util.UUID.randomUUID; uuid = randomUUID() as String}</v11:messageId>
            <v11:timestamp>${=new java.text.SimpleDateFormat("yyyy-MM-dd'T'HH:mm:ss.SSS").format(new Date())}</v11:timestamp>
         </v1:messageContext>
         <v1:legalContext>ServiceIntegrator</v1:legalContext>
         <v1:consumerContext>
            <v11:companyNumber>207541594</v11:companyNumber>
            <v11:companyId>21003</v11:companyId>
         </v1:consumerContext>
         <v1:request>
            <!--Optional:-->
            <PlateNr>ASK050</PlateNr>
            <LanguageCode>1</LanguageCode>
         </v1:request>
      </v1:getVehicleTitularRequest>
   </soapenv:Body>
</soapenv:Envelope>]]></con:request><con:assertion type="SOAP Fault Assertion" id="69a7f307-a1d5-4ce5-8292-e7a972f20614" name="Not SOAP Fault"/><con:assertion type="SOAP Response" id="10932fc3-7e36-46af-8ca1-677ec6a28fc9" name="SOAP Response"/><con:assertion type="Schema Compliance" id="c3145193-2743-4d94-b38b-846890854c8e" name="Schema Compliance"><con:configuration/></con:assertion><con:wsaConfig action="http://fidus.brussels/services/vehicleservice/getVehicleTitular"/></con:request></con:config></con:testStep><con:testStep type="request" id="6995d116-c179-42e0-9525-e4ea638870f4" name="testcase03 - Test - LB Request"><con:settings/><con:config xsi:type="con:RequestStep" xmlns:xsi="http://www.w3.org/2001/XMLSchema-instance"><con:interface>VehicleServiceHTTPBinding</con:interface><con:operation>getVehicleTitular</con:operation><con:request name="testcase03 - Test - LB Request" id="75cdddc1-7119-4fec-839e-d799644d7bdc" outgoingWss="Outflow TEST"><con:settings/><con:encoding>UTF-8</con:encoding><con:endpoint>https://esb-security-gw.sta.srv.cirb.lan:8443/services/VehicleService_v1.0</con:endpoint><con:request><![CDATA[<soapenv:Envelope xmlns:soapenv="http://schemas.xmlsoap.org/soap/envelope/" xmlns:v1="http://fidus.brussels/service/vehicleservice/messages/v1" xmlns:v11="http://fidus.brussels/type/common/messages/v1">
   <soapenv:Header/>
   <soapenv:Body>
      <v1:getVehicleTitularRequest>
         <v1:messageContext>
            <v11:messageId>${=import static java.util.UUID.randomUUID; uuid = randomUUID() as String}</v11:messageId>
            <v11:timestamp>${=new java.text.SimpleDateFormat("yyyy-MM-dd'T'HH:mm:ss.SSS").format(new Date())}</v11:timestamp>
         </v1:messageContext>
         <v1:legalContext>ServiceIntegrator</v1:legalContext>
         <v1:consumerContext>
            <v11:companyNumber>207541594</v11:companyNumber>
            <v11:companyId>21003</v11:companyId>
         </v1:consumerContext>
         <v1:request>
            <!--Optional:-->
            <PlateNr>ASK050</PlateNr>
         </v1:request>
      </v1:getVehicleTitularRequest>
   </soapenv:Body>
</soapenv:Envelope>]]></con:request><con:assertion type="SOAP Fault Assertion" id="795f2310-1786-4b66-9c33-7af225bf3374" name="Not SOAP Fault"/><con:assertion type="SOAP Response" id="8b517045-7641-4440-b384-b9070b9c7240" name="SOAP Response"/><con:assertion type="Schema Compliance" id="249307be-7f84-46a4-b52f-fc4c1a87307f" name="Schema Compliance"><con:configuration/></con:assertion><con:wsaConfig action="http://fidus.brussels/services/vehicleservice/getVehicleTitular"/></con:request></con:config></con:testStep><con:testStep type="request" id="87a1dda6-8082-46e4-9e42-0913838d5fdc" name="testcase03 - Test - Worker1 - Request"><con:settings/><con:config xsi:type="con:RequestStep" xmlns:xsi="http://www.w3.org/2001/XMLSchema-instance"><con:interface>VehicleServiceHTTPBinding</con:interface><con:operation>getVehicleTitular</con:operation><con:request name="testcase03 - Test - Worker1 - Request" id="0f633b12-12d0-41d3-bb89-944cf73e26d0" outgoingWss="Outflow TEST"><con:settings/><con:encoding>UTF-8</con:encoding><con:endpoint>https://192.168.24.45:8443/services/VehicleService_v1.0</con:endpoint><con:request><![CDATA[<soapenv:Envelope xmlns:soapenv="http://schemas.xmlsoap.org/soap/envelope/" xmlns:v1="http://fidus.brussels/service/vehicleservice/messages/v1" xmlns:v11="http://fidus.brussels/type/common/messages/v1">
   <soapenv:Header/>
   <soapenv:Body>
      <v1:getVehicleTitularRequest>
         <v1:messageContext>
            <v11:messageId>${=import static java.util.UUID.randomUUID; uuid = randomUUID() as String}</v11:messageId>
            <v11:timestamp>${=new java.text.SimpleDateFormat("yyyy-MM-dd'T'HH:mm:ss.SSS").format(new Date())}</v11:timestamp>
         </v1:messageContext>
         <v1:legalContext>ServiceIntegrator</v1:legalContext>
         <v1:consumerContext>
            <v11:companyNumber>207541594</v11:companyNumber>
            <v11:companyId>21003</v11:companyId>
         </v1:consumerContext>
         <v1:request>
            <!--Optional:-->
            <PlateNr>ASK050</PlateNr>
         </v1:request>
      </v1:getVehicleTitularRequest>
   </soapenv:Body>
</soapenv:Envelope>]]></con:request><con:assertion type="SOAP Fault Assertion" id="8a8b96f5-8f84-4d18-84b7-9ce08b54a961" name="Not SOAP Fault"/><con:assertion type="SOAP Response" id="01d097db-d573-473f-b8cf-718335997754" name="SOAP Response"/><con:assertion type="Schema Compliance" id="8c53739c-ab8d-41d6-8fb8-e718da251db1" name="Schema Compliance"><con:configuration/></con:assertion><con:wsaConfig action="http://fidus.brussels/services/vehicleservice/getVehicleTitular"/></con:request></con:config></con:testStep><con:testStep type="request" id="eb79017d-24c1-4fc7-a699-7ff4e7814627" name="testcase03 - Test - Worker2 - Request"><con:settings/><con:config xsi:type="con:RequestStep" xmlns:xsi="http://www.w3.org/2001/XMLSchema-instance"><con:interface>VehicleServiceHTTPBinding</con:interface><con:operation>getVehicleTitular</con:operation><con:request name="testcase03 - Test - Worker2 - Request" id="b8c0cbb5-aa37-4e79-be03-5e74cd442d4f" outgoingWss="Outflow TEST"><con:settings/><con:encoding>UTF-8</con:encoding><con:endpoint>https://192.168.24.51:8443/services/VehicleService_v1.0</con:endpoint><con:request><![CDATA[<soapenv:Envelope xmlns:soapenv="http://schemas.xmlsoap.org/soap/envelope/" xmlns:v1="http://fidus.brussels/service/vehicleservice/messages/v1" xmlns:v11="http://fidus.brussels/type/common/messages/v1">
   <soapenv:Header/>
   <soapenv:Body>
      <v1:getVehicleTitularRequest>
         <v1:messageContext>
            <v11:messageId>${=import static java.util.UUID.randomUUID; uuid = randomUUID() as String}</v11:messageId>
            <v11:timestamp>${=new java.text.SimpleDateFormat("yyyy-MM-dd'T'HH:mm:ss.SSS").format(new Date())}</v11:timestamp>
         </v1:messageContext>
         <v1:legalContext>ServiceIntegrator</v1:legalContext>
         <v1:consumerContext>
            <v11:companyNumber>207541594</v11:companyNumber>
            <v11:companyId>21003</v11:companyId>
         </v1:consumerContext>
         <v1:request>
            <!--Optional:-->
            <PlateNr>ASK050</PlateNr>
         </v1:request>
      </v1:getVehicleTitularRequest>
   </soapenv:Body>
</soapenv:Envelope>]]></con:request><con:assertion type="SOAP Fault Assertion" id="8bd9c869-8ec1-4d1d-848a-41249897d309" name="Not SOAP Fault"/><con:assertion type="SOAP Response" id="e08658e7-5250-43e1-b643-48f8b7a5649a" name="SOAP Response"/><con:assertion type="Schema Compliance" id="86cf98a7-28f4-40c7-aa63-7b3f8e0e27e2" name="Schema Compliance"><con:configuration/></con:assertion><con:wsaConfig action="http://fidus.brussels/services/vehicleservice/getVehicleTitular"/></con:request></con:config></con:testStep><con:properties/></con:testCase><con:testCase id="c891b69f-6c80-47c8-be5c-425ba6df7cc1" failOnError="true" failTestCaseOnErrors="true" keepSession="false" maxResults="0" name="getVehicleRegistration" searchProperties="true"><con:settings/><con:testStep type="request" id="0a2ec95a-e452-4ac3-853c-729f7e5c47b1" name="testcase03 - Test - External Request"><con:settings/><con:config xsi:type="con:RequestStep" xmlns:xsi="http://www.w3.org/2001/XMLSchema-instance"><con:interface>VehicleServiceHTTPBinding</con:interface><con:operation>getVehicleRegistration</con:operation><con:request name="testcase03 - Test - External Request" id="94c6e7bc-4203-433b-ae3b-d406b78ad02d" outgoingWss="Outflow TEST"><con:settings/><con:encoding>UTF-8</con:encoding><con:endpoint>https://fidus-test.irisnetlab.be/services/VehicleService_v1.0</con:endpoint><con:request><![CDATA[<soapenv:Envelope xmlns:soapenv="http://schemas.xmlsoap.org/soap/envelope/" xmlns:v1="http://fidus.brussels/service/vehicleservice/messages/v1" xmlns:v11="http://fidus.brussels/type/common/messages/v1">
   <soapenv:Header/>
   <soapenv:Body>
      <v1:getVehicleRegistrationRequest>
		<v1:messageContext>
            <v11:messageId>${=import static java.util.UUID.randomUUID; uuid = randomUUID() as String}</v11:messageId>
            <v11:timestamp>${=new java.text.SimpleDateFormat("yyyy-MM-dd'T'HH:mm:ss.SSS").format(new Date())}</v11:timestamp>
         </v1:messageContext>
         <v1:legalContext>ServiceIntegrator</v1:legalContext>
         <v1:consumerContext>
            <v11:companyNumber>0316381039</v11:companyNumber>
            <v11:companyId>Brussel Fiscaliteit</v11:companyId>
         </v1:consumerContext>
         <v1:request>
            <PlateNr>YHN162</PlateNr>
            <LanguageCode>1</LanguageCode>
         </v1:request>
      </v1:getVehicleRegistrationRequest>
   </soapenv:Body>
</soapenv:Envelope>]]></con:request><con:assertion type="SOAP Fault Assertion" id="df2dad17-9d94-4c66-8ec2-1223b35ea81a" name="Not SOAP Fault"/><con:assertion type="SOAP Response" id="01a8da77-707d-479b-9a98-64e1bd59e7bd" name="SOAP Response"/><con:assertion type="Schema Compliance" id="d6528969-7501-442b-b23b-4ee42581fc7b" name="Schema Compliance"><con:configuration/></con:assertion><con:wsaConfig action="http://fidus.brussels/services/vehicleservice/getVehicleRegistration"/></con:request></con:config></con:testStep><con:testStep type="request" id="64456e0f-ec69-4ef9-bd4d-54fc2e118304" name="testcase03 - Test - LB Request"><con:settings/><con:config xsi:type="con:RequestStep" xmlns:xsi="http://www.w3.org/2001/XMLSchema-instance"><con:interface>VehicleServiceHTTPBinding</con:interface><con:operation>getVehicleRegistration</con:operation><con:request name="testcase03 - Test - LB Request" id="46f14f18-b955-486f-937d-132ce706c328" outgoingWss="Outflow TEST"><con:settings/><con:encoding>UTF-8</con:encoding><con:endpoint>https://esb-security-gw.sta.srv.cirb.lan:8443/services/VehicleService_v1.0</con:endpoint><con:request><![CDATA[<soapenv:Envelope xmlns:soapenv="http://schemas.xmlsoap.org/soap/envelope/" xmlns:v1="http://fidus.brussels/service/vehicleservice/messages/v1" xmlns:v11="http://fidus.brussels/type/common/messages/v1">
   <soapenv:Header/>
   <soapenv:Body>
      <v1:getVehicleRegistrationRequest>
		<v1:messageContext>
            <v11:messageId>${=import static java.util.UUID.randomUUID; uuid = randomUUID() as String}</v11:messageId>
            <v11:timestamp>${=new java.text.SimpleDateFormat("yyyy-MM-dd'T'HH:mm:ss.SSS").format(new Date())}</v11:timestamp>
         </v1:messageContext>
         <v1:legalContext>ServiceIntegrator</v1:legalContext>
         <v1:consumerContext>
            <v11:companyNumber>0316381039</v11:companyNumber>
            <v11:companyId>Brussel Fiscaliteit</v11:companyId>
         </v1:consumerContext>
         <v1:request>
            <PlateNr>ASK-050</PlateNr>
            <LanguageCode>2</LanguageCode>
         </v1:request>
      </v1:getVehicleRegistrationRequest>
   </soapenv:Body>
</soapenv:Envelope>]]></con:request><con:assertion type="SOAP Fault Assertion" id="da18c13e-c977-4459-9db7-e357661fbff4" name="Not SOAP Fault"/><con:assertion type="SOAP Response" id="1be7b74b-052b-489d-a772-34f6cd6e2db6" name="SOAP Response"/><con:assertion type="Schema Compliance" id="a83bc935-f4f8-480d-9f94-86b1107050ba" name="Schema Compliance"><con:configuration/></con:assertion><con:wsaConfig action="http://fidus.brussels/services/vehicleservice/getVehicleRegistration"/></con:request></con:config></con:testStep><con:testStep type="request" id="7b1ca7df-4319-42e6-a4d3-c42c2821f90d" name="testcase03 - Test - Worker1 Request"><con:settings/><con:config xsi:type="con:RequestStep" xmlns:xsi="http://www.w3.org/2001/XMLSchema-instance"><con:interface>VehicleServiceHTTPBinding</con:interface><con:operation>getVehicleRegistration</con:operation><con:request name="testcase03 - Test - Worker1 Request" id="e5eef206-1de5-4f08-8b37-b4de5413278f" outgoingWss="Outflow TEST"><con:settings/><con:encoding>UTF-8</con:encoding><con:endpoint>https://192.168.24.45:8443/services/VehicleService_v1.0</con:endpoint><con:request><![CDATA[<soapenv:Envelope xmlns:soapenv="http://schemas.xmlsoap.org/soap/envelope/" xmlns:v1="http://fidus.brussels/service/vehicleservice/messages/v1" xmlns:v11="http://fidus.brussels/type/common/messages/v1">
   <soapenv:Header/>
   <soapenv:Body>
      <v1:getVehicleRegistrationRequest>
		<v1:messageContext>
            <v11:messageId>${=import static java.util.UUID.randomUUID; uuid = randomUUID() as String}</v11:messageId>
            <v11:timestamp>${=new java.text.SimpleDateFormat("yyyy-MM-dd'T'HH:mm:ss.SSS").format(new Date())}</v11:timestamp>
         </v1:messageContext>
         <v1:legalContext>ServiceIntegrator</v1:legalContext>
         <v1:consumerContext>
            <v11:companyNumber>0316381039</v11:companyNumber>
            <v11:companyId>Brussel Fiscaliteit</v11:companyId>
         </v1:consumerContext>
         <v1:request>
            <PlateNr>ASK-050</PlateNr>
            <LanguageCode>2</LanguageCode>
         </v1:request>
      </v1:getVehicleRegistrationRequest>
   </soapenv:Body>
</soapenv:Envelope>]]></con:request><con:assertion type="SOAP Fault Assertion" id="d7f5683a-5248-4314-a104-3aa31ef59fcb" name="Not SOAP Fault"/><con:assertion type="SOAP Response" id="588e3d01-7387-4607-a2b4-e58586775554" name="SOAP Response"/><con:assertion type="Schema Compliance" id="8ce2ca6f-901e-4e1b-a070-51eed77a06fd" name="Schema Compliance"><con:configuration/></con:assertion><con:wsaConfig action="http://fidus.brussels/services/vehicleservice/getVehicleRegistration"/></con:request></con:config></con:testStep><con:testStep type="request" id="0688fd7c-c8a6-4bc2-a6fb-3aec31dfa4ea" name="testcase03 - Test - Worker2 Request"><con:settings/><con:config xsi:type="con:RequestStep" xmlns:xsi="http://www.w3.org/2001/XMLSchema-instance"><con:interface>VehicleServiceHTTPBinding</con:interface><con:operation>getVehicleRegistration</con:operation><con:request name="testcase03 - Test - Worker2 Request" id="bca60608-0435-4ea7-ad2c-3494b1d9f0cc" outgoingWss="Outflow TEST"><con:settings/><con:encoding>UTF-8</con:encoding><con:endpoint>https://192.168.24.51:8443/services/VehicleService_v1.0</con:endpoint><con:request><![CDATA[<soapenv:Envelope xmlns:soapenv="http://schemas.xmlsoap.org/soap/envelope/" xmlns:v1="http://fidus.brussels/service/vehicleservice/messages/v1" xmlns:v11="http://fidus.brussels/type/common/messages/v1">
   <soapenv:Header/>
   <soapenv:Body>
      <v1:getVehicleRegistrationRequest>
		<v1:messageContext>
            <v11:messageId>${=import static java.util.UUID.randomUUID; uuid = randomUUID() as String}</v11:messageId>
            <v11:timestamp>${=new java.text.SimpleDateFormat("yyyy-MM-dd'T'HH:mm:ss.SSS").format(new Date())}</v11:timestamp>
         </v1:messageContext>
         <v1:legalContext>ServiceIntegrator</v1:legalContext>
         <v1:consumerContext>
            <v11:companyNumber>0316381039</v11:companyNumber>
            <v11:companyId>Brussel Fiscaliteit</v11:companyId>
         </v1:consumerContext>
         <v1:request>
            <PlateNr>1GBL589</PlateNr>
            <LanguageCode>2</LanguageCode>
         </v1:request>
      </v1:getVehicleRegistrationRequest>
   </soapenv:Body>
</soapenv:Envelope>]]></con:request><con:assertion type="SOAP Fault Assertion" id="59327f3f-d7fb-4d3b-8c7a-3381b2f5a6f4" name="Not SOAP Fault"/><con:assertion type="SOAP Response" id="9fda2f5b-3093-45b6-81a3-feaf64f13acf" name="SOAP Response"/><con:assertion type="Schema Compliance" id="8dd47be4-ddae-40e7-b34b-0cccf882a69f" name="Schema Compliance"><con:configuration/></con:assertion><con:wsaConfig action="http://fidus.brussels/services/vehicleservice/getVehicleRegistration"/></con:request></con:config></con:testStep><con:properties/></con:testCase><con:properties/></con:testSuite><con:testSuite id="701896e9-c773-4bb8-873a-4000a0083e48" name="STAG"><con:settings/><con:runType>SEQUENTIAL</con:runType><con:testCase id="99667415-b9fc-4d24-b38b-7df7cc84b920" failOnError="true" failTestCaseOnErrors="true" keepSession="false" maxResults="0" name="getVehicleTitular" searchProperties="true"><con:settings/><con:testStep type="request" id="43bd3ad3-3bf9-42a7-bd49-f95cdd00a85c" name="testcase04 - Staging - External Request"><con:settings/><con:config xsi:type="con:RequestStep" xmlns:xsi="http://www.w3.org/2001/XMLSchema-instance"><con:interface>VehicleServiceHTTPBinding</con:interface><con:operation>getVehicleTitular</con:operation><con:request name="testcase04 - Staging - External Request" id="141efdfd-6287-4509-b8f7-f80b74fabb0f" outgoingWss="Outflow STAG"><con:settings/><con:encoding>UTF-8</con:encoding><con:endpoint>https://fidus.irisnetlab.be/services/VehicleService_v1.0</con:endpoint><con:request><![CDATA[<soapenv:Envelope xmlns:soapenv="http://schemas.xmlsoap.org/soap/envelope/" xmlns:v1="http://fidus.brussels/service/vehicleservice/messages/v1" xmlns:v11="http://fidus.brussels/type/common/messages/v1">
   <soapenv:Header/>
   <soapenv:Body>
      <v1:getVehicleTitularRequest>
         <v1:messageContext>
            <v11:messageId>${=import static java.util.UUID.randomUUID; uuid = randomUUID() as String}</v11:messageId>
            <v11:timestamp>${=new java.text.SimpleDateFormat("yyyy-MM-dd'T'HH:mm:ss.SSS").format(new Date())}</v11:timestamp>
         </v1:messageContext>
         <v1:legalContext>ServiceIntegrator</v1:legalContext>
         <v1:consumerContext>
            <v11:companyNumber>207541594</v11:companyNumber>
            <v11:companyId>21003</v11:companyId>
         </v1:consumerContext>
         <v1:request>
            <!--Optional:-->
            <PlateNr>ASK050</PlateNr>
            <LanguageCode>1</LanguageCode>
         </v1:request>
      </v1:getVehicleTitularRequest>
   </soapenv:Body>
</soapenv:Envelope>]]></con:request><con:assertion type="SOAP Fault Assertion" id="52647b08-c99c-4d5d-9f41-c50a24749bbc" name="Not SOAP Fault"/><con:assertion type="SOAP Response" id="dd1a4d91-dc6f-4c2d-b463-5f697401bf35" name="SOAP Response"/><con:assertion type="Schema Compliance" id="61dc4fad-1c4b-47dc-8cc7-00a16780263c" name="Schema Compliance"><con:configuration/></con:assertion><con:wsaConfig action="http://fidus.brussels/services/vehicleservice/getVehicleTitular"/></con:request></con:config></con:testStep><con:testStep type="request" id="7a0970a0-afd6-403e-b22c-4af2da79cccc" name="testcase04 - Staging - LB Request"><con:settings/><con:config xsi:type="con:RequestStep" xmlns:xsi="http://www.w3.org/2001/XMLSchema-instance"><con:interface>VehicleServiceHTTPBinding</con:interface><con:operation>getVehicleTitular</con:operation><con:request name="testcase04 - Staging - LB Request" id="8399d68a-8275-4be5-bed3-259e9f3a46f0" outgoingWss="Outflow STAG"><con:settings/><con:encoding>UTF-8</con:encoding><con:endpoint>https://fidus-esb-sg.sta.srv.cirb.lan:8443/services/VehicleService_v1.0</con:endpoint><con:request><![CDATA[<soapenv:Envelope xmlns:soapenv="http://schemas.xmlsoap.org/soap/envelope/" xmlns:v1="http://fidus.brussels/service/vehicleservice/messages/v1" xmlns:v11="http://fidus.brussels/type/common/messages/v1">
   <soapenv:Header/>
   <soapenv:Body>
      <v1:getVehicleTitularRequest>
         <v1:messageContext>
            <v11:messageId>${=import static java.util.UUID.randomUUID; uuid = randomUUID() as String}</v11:messageId>
            <v11:timestamp>${=new java.text.SimpleDateFormat("yyyy-MM-dd'T'HH:mm:ss.SSS").format(new Date())}</v11:timestamp>
         </v1:messageContext>
         <v1:legalContext>ServiceIntegrator</v1:legalContext>
         <v1:consumerContext>
            <v11:companyNumber>207541594</v11:companyNumber>
            <v11:companyId>21003</v11:companyId>
         </v1:consumerContext>
         <v1:request>
            <!--Optional:-->
            <PlateNr>ASK050</PlateNr>
            <LanguageCode>1</LanguageCode>
         </v1:request>
      </v1:getVehicleTitularRequest>
   </soapenv:Body>
</soapenv:Envelope>]]></con:request><con:assertion type="SOAP Fault Assertion" id="e763aede-ec36-4724-aadf-ec91b1870747" name="Not SOAP Fault"/><con:assertion type="SOAP Response" id="6b92d11e-1e25-4b3c-88c5-e8c969b76428" name="SOAP Response"/><con:assertion type="Schema Compliance" id="20b9195d-b662-4e1e-a4b2-696447d5b5b1" name="Schema Compliance"><con:configuration/></con:assertion><con:wsaConfig action="http://fidus.brussels/services/vehicleservice/getVehicleTitular"/></con:request></con:config></con:testStep><con:testStep type="request" id="7fd6352f-6690-478b-aa0c-269057725995" name="testcase04 - Staging - Worker 1"><con:settings/><con:config xsi:type="con:RequestStep" xmlns:xsi="http://www.w3.org/2001/XMLSchema-instance"><con:interface>VehicleServiceHTTPBinding</con:interface><con:operation>getVehicleTitular</con:operation><con:request name="testcase04 - Staging - Worker 1" id="5fe1edb6-8112-447f-acfe-1e05a2e2be5d" outgoingWss="Outflow STAG"><con:settings/><con:encoding>UTF-8</con:encoding><con:endpoint>https://192.168.24.16:8443/services/VehicleService_v1.0</con:endpoint><con:request><![CDATA[<soapenv:Envelope xmlns:soapenv="http://schemas.xmlsoap.org/soap/envelope/" xmlns:v1="http://fidus.brussels/service/vehicleservice/messages/v1" xmlns:v11="http://fidus.brussels/type/common/messages/v1">
   <soapenv:Header/>
   <soapenv:Body>
      <v1:getVehicleTitularRequest>
         <v1:messageContext>
            <v11:messageId>${=import static java.util.UUID.randomUUID; uuid = randomUUID() as String}</v11:messageId>
            <v11:timestamp>${=new java.text.SimpleDateFormat("yyyy-MM-dd'T'HH:mm:ss.SSS").format(new Date())}</v11:timestamp>
         </v1:messageContext>
         <v1:legalContext>ServiceIntegrator</v1:legalContext>
         <v1:consumerContext>
            <v11:companyNumber>207541594</v11:companyNumber>
            <v11:companyId>21003</v11:companyId>
         </v1:consumerContext>
         <v1:request>
            <!--Optional:-->
            <PlateNr>ASK050</PlateNr>
            <LanguageCode>1</LanguageCode>
         </v1:request>
      </v1:getVehicleTitularRequest>
   </soapenv:Body>
</soapenv:Envelope>]]></con:request><con:assertion type="SOAP Fault Assertion" id="509339cc-98c5-4994-be72-5689109b9178" name="Not SOAP Fault"/><con:assertion type="SOAP Response" id="667c3b7f-da24-4a7c-a896-d1af8bdbe4b6" name="SOAP Response"/><con:assertion type="Schema Compliance" id="652a0cab-2f56-4315-88b1-7fa62cfba99f" name="Schema Compliance"><con:configuration/></con:assertion><con:wsaConfig action="http://fidus.brussels/services/vehicleservice/getVehicleTitular"/></con:request></con:config></con:testStep><con:testStep type="request" id="20e9aed1-88d3-40ee-a66d-05af5204b8dd" name="testcase04 - Staging - Worker 2"><con:settings/><con:config xsi:type="con:RequestStep" xmlns:xsi="http://www.w3.org/2001/XMLSchema-instance"><con:interface>VehicleServiceHTTPBinding</con:interface><con:operation>getVehicleTitular</con:operation><con:request name="testcase04 - Staging - Worker 2" id="4a19ddd6-c4ab-4db2-925c-13b83de3402f" outgoingWss="Outflow STAG"><con:settings/><con:encoding>UTF-8</con:encoding><con:endpoint>https://192.168.24.17:8443/services/VehicleService_v1.0</con:endpoint><con:request><![CDATA[<soapenv:Envelope xmlns:soapenv="http://schemas.xmlsoap.org/soap/envelope/" xmlns:v1="http://fidus.brussels/service/vehicleservice/messages/v1" xmlns:v11="http://fidus.brussels/type/common/messages/v1">
   <soapenv:Header/>
   <soapenv:Body>
      <v1:getVehicleTitularRequest>
         <v1:messageContext>
            <v11:messageId>${=import static java.util.UUID.randomUUID; uuid = randomUUID() as String}</v11:messageId>
            <v11:timestamp>${=new java.text.SimpleDateFormat("yyyy-MM-dd'T'HH:mm:ss.SSS").format(new Date())}</v11:timestamp>
         </v1:messageContext>
         <v1:legalContext>ServiceIntegrator</v1:legalContext>
         <v1:consumerContext>
            <v11:companyNumber>207541594</v11:companyNumber>
            <v11:companyId>21003</v11:companyId>
         </v1:consumerContext>
         <v1:request>
            <!--Optional:-->
            <PlateNr>ASK050</PlateNr>
            <LanguageCode>1</LanguageCode>
         </v1:request>
      </v1:getVehicleTitularRequest>
   </soapenv:Body>
</soapenv:Envelope>]]></con:request><con:assertion type="SOAP Fault Assertion" id="0bea5258-978a-4404-b1fa-ff57ea4ea0dd" name="Not SOAP Fault"/><con:assertion type="SOAP Response" id="44eda709-ab70-4fc2-83b5-a00d95d023ab" name="SOAP Response"/><con:assertion type="Schema Compliance" id="b5fbb4b4-b5ad-4479-b314-791ca3c8c53b" name="Schema Compliance"><con:configuration/></con:assertion><con:wsaConfig action="http://fidus.brussels/services/vehicleservice/getVehicleTitular"/></con:request></con:config></con:testStep><con:properties/></con:testCase><con:testCase id="c9bbac89-7a40-4e1d-afeb-8dd4db89e51d" failOnError="true" failTestCaseOnErrors="true" keepSession="false" maxResults="0" name="getVehicleRegistration" searchProperties="true"><con:settings/><con:testStep type="request" id="15a9120c-1a2e-419b-854b-d822cf63f45b" name="testcase04 - Staging - External Request"><con:settings/><con:config xsi:type="con:RequestStep" xmlns:xsi="http://www.w3.org/2001/XMLSchema-instance"><con:interface>VehicleServiceHTTPBinding</con:interface><con:operation>getVehicleRegistration</con:operation><con:request name="testcase04 - Staging - External Request" id="09bdd94c-721a-41df-93b8-01813b32f0ec" outgoingWss="Outflow STAG"><con:settings/><con:encoding>UTF-8</con:encoding><con:endpoint>https://fidus.irisnetlab.be/services/VehicleService_v1.0</con:endpoint><con:request><![CDATA[<soapenv:Envelope xmlns:soapenv="http://schemas.xmlsoap.org/soap/envelope/" xmlns:v1="http://fidus.brussels/service/vehicleservice/messages/v1" xmlns:v11="http://fidus.brussels/type/common/messages/v1">
   <soapenv:Header/>
   <soapenv:Body>
      <v1:getVehicleRegistrationRequest>
		<v1:messageContext>
            <v11:messageId>${=import static java.util.UUID.randomUUID; uuid = randomUUID() as String}</v11:messageId>
            <v11:timestamp>${=new java.text.SimpleDateFormat("yyyy-MM-dd'T'HH:mm:ss.SSS").format(new Date())}</v11:timestamp>
         </v1:messageContext>
         <v1:legalContext>ServiceIntegrator</v1:legalContext>
         <v1:consumerContext>
            <v11:companyNumber>0316381039</v11:companyNumber>
            <v11:companyId>Brussel Fiscaliteit</v11:companyId>
         </v1:consumerContext>
         <v1:request>
            <PlateNr>1PBN606</PlateNr>
            <LanguageCode>0</LanguageCode>
         </v1:request>
      </v1:getVehicleRegistrationRequest>
   </soapenv:Body>
</soapenv:Envelope>]]></con:request><con:assertion type="SOAP Fault Assertion" id="ca62a762-0dd0-47a3-8f7b-f3497f1107bc" name="Not SOAP Fault"/><con:assertion type="SOAP Response" id="64f9f0c4-34eb-49bd-96af-e88f0c597d2b" name="SOAP Response"/><con:assertion type="Schema Compliance" id="4acb826b-4f4f-44df-be19-87ab64db96c4" name="Schema Compliance"><con:configuration/></con:assertion><con:wsaConfig action="http://fidus.brussels/services/vehicleservice/getVehicleRegistration"/></con:request></con:config></con:testStep><con:properties/></con:testCase><con:properties/></con:testSuite><con:testSuite id="7fdd5d8b-525a-4458-b8a8-e36948705499" name="PROD"><con:settings/><con:runType>SEQUENTIAL</con:runType><con:testCase id="9e32f2c9-c978-467e-b9b7-977f8185f522" failOnError="true" failTestCaseOnErrors="true" keepSession="false" maxResults="0" name="getVehicleTitular" searchProperties="true"><con:settings/><con:testStep type="request" id="a0a8007e-3a4e-4b27-9fe8-58e59aee95fe" name="testcase05 - Prod - External Request"><con:settings/><con:config xsi:type="con:RequestStep" xmlns:xsi="http://www.w3.org/2001/XMLSchema-instance"><con:interface>VehicleServiceHTTPBinding</con:interface><con:operation>getVehicleTitular</con:operation><con:request name="testcase05 - Prod - External Request" id="dda05d7c-6805-430c-9232-3cb52af15dc1" outgoingWss="Outflow PROD"><con:settings/><con:encoding>UTF-8</con:encoding><con:endpoint>https://fidus.sec.brussels/services/VehicleService_v1.0</con:endpoint><con:request><![CDATA[<soapenv:Envelope xmlns:soapenv="http://schemas.xmlsoap.org/soap/envelope/" xmlns:v1="http://fidus.brussels/service/vehicleservice/messages/v1" xmlns:v11="http://fidus.brussels/type/common/messages/v1">
   <soapenv:Header/>
   <soapenv:Body>
      <v1:getVehicleTitularRequest>
         <v1:messageContext>
            <v11:messageId>${=import static java.util.UUID.randomUUID; uuid = randomUUID() as String}</v11:messageId>
            <v11:timestamp>${=new java.text.SimpleDateFormat("yyyy-MM-dd'T'HH:mm:ss.SSS").format(new Date())}</v11:timestamp>
         </v1:messageContext>
         <v1:legalContext>ServiceIntegrator</v1:legalContext>
         <v1:consumerContext>
            <v11:companyNumber>0207541594</v11:companyNumber>
            <v11:companyId>21003</v11:companyId>
         </v1:consumerContext>
         <v1:request>
            <!--Optional:-->
            <PlateNr>ASK050</PlateNr>
            <LanguageCode>1</LanguageCode>
         </v1:request>
      </v1:getVehicleTitularRequest>
   </soapenv:Body>
</soapenv:Envelope>]]></con:request><con:assertion type="SOAP Fault Assertion" id="80ca7723-12ce-487c-83a1-19ef3d359294" name="Not SOAP Fault"/><con:assertion type="SOAP Response" id="36974769-450e-48de-bd49-3b096e8fe5c1" name="SOAP Response"/><con:assertion type="Schema Compliance" id="a43fd6bf-01af-405f-8a9f-3ab12ec21912" name="Schema Compliance"><con:configuration/></con:assertion><con:wsaConfig action="http://fidus.brussels/services/vehicleservice/getVehicleTitular"/></con:request></con:config></con:testStep><con:testStep type="request" id="7a315b91-09b7-4035-8d95-9e47d1688d57" name="testcase05 - Prod - LB Request"><con:settings/><con:config xsi:type="con:RequestStep" xmlns:xsi="http://www.w3.org/2001/XMLSchema-instance"><con:interface>VehicleServiceHTTPBinding</con:interface><con:operation>getVehicleTitular</con:operation><con:request name="testcase05 - Prod - LB Request" id="5ca128dd-60c2-4f8f-b854-f661a6b189d2" outgoingWss="Outflow PROD"><con:settings/><con:encoding>UTF-8</con:encoding><con:endpoint>https://fidus-esb-sg.prd.srv.cirb.lan:8443/services/VehicleService_v1.0</con:endpoint><con:request><![CDATA[<soapenv:Envelope xmlns:soapenv="http://schemas.xmlsoap.org/soap/envelope/" xmlns:v1="http://fidus.brussels/service/vehicleservice/messages/v1" xmlns:v11="http://fidus.brussels/type/common/messages/v1">
   <soapenv:Header/>
   <soapenv:Body>
      <v1:getVehicleTitularRequest>
         <v1:messageContext>
            <v11:messageId>${=import static java.util.UUID.randomUUID; uuid = randomUUID() as String}</v11:messageId>
            <v11:timestamp>${=new java.text.SimpleDateFormat("yyyy-MM-dd'T'HH:mm:ss.SSS").format(new Date())}</v11:timestamp>
         </v1:messageContext>
         <v1:legalContext>ServiceIntegrator</v1:legalContext>
         <v1:consumerContext>
            <v11:companyNumber>0207541594</v11:companyNumber>
            <v11:companyId>21003</v11:companyId>
         </v1:consumerContext>
         <v1:request>
            <!--Optional:-->
            <PlateNr>ASK050</PlateNr>
            <LanguageCode>1</LanguageCode>
         </v1:request>
      </v1:getVehicleTitularRequest>
   </soapenv:Body>
</soapenv:Envelope>]]></con:request><con:assertion type="SOAP Fault Assertion" id="1cee7358-961e-4b5c-bd56-cb0f093219a9" name="Not SOAP Fault"/><con:assertion type="SOAP Response" id="9d927b8c-bb83-4b5f-9fe2-98cc90f85074" name="SOAP Response"/><con:assertion type="Schema Compliance" id="9745cb26-0005-4d7f-a892-85cdb21ce541" name="Schema Compliance"><con:configuration/></con:assertion><con:wsaConfig action="http://fidus.brussels/services/vehicleservice/getVehicleTitular"/></con:request></con:config></con:testStep><con:testStep type="request" id="bfacfcac-f63f-4b5e-96a5-77589247830e" name="testcase05 - Prod - Worker 1"><con:settings/><con:config xsi:type="con:RequestStep" xmlns:xsi="http://www.w3.org/2001/XMLSchema-instance"><con:interface>VehicleServiceHTTPBinding</con:interface><con:operation>getVehicleTitular</con:operation><con:request name="testcase05 - Prod - Worker 1" id="0aa4217b-3fd7-4ae5-8839-38d61fa3cf8d" outgoingWss="Outflow PROD"><con:settings/><con:encoding>UTF-8</con:encoding><con:endpoint>https://192.168.26.19:8443/services/VehicleService_v1.0</con:endpoint><con:request><![CDATA[<soapenv:Envelope xmlns:soapenv="http://schemas.xmlsoap.org/soap/envelope/" xmlns:v1="http://fidus.brussels/service/vehicleservice/messages/v1" xmlns:v11="http://fidus.brussels/type/common/messages/v1">
   <soapenv:Header/>
   <soapenv:Body>
      <v1:getVehicleTitularRequest>
         <v1:messageContext>
            <v11:messageId>${=import static java.util.UUID.randomUUID; uuid = randomUUID() as String}</v11:messageId>
            <v11:timestamp>${=new java.text.SimpleDateFormat("yyyy-MM-dd'T'HH:mm:ss.SSS").format(new Date())}</v11:timestamp>
         </v1:messageContext>
         <v1:legalContext>ServiceIntegrator</v1:legalContext>
         <v1:consumerContext>
            <v11:companyNumber>0207541594</v11:companyNumber>
            <v11:companyId>21003</v11:companyId>
         </v1:consumerContext>
         <v1:request>
            <!--Optional:-->
            <PlateNr>ASK050</PlateNr>
            <LanguageCode>1</LanguageCode>
         </v1:request>
      </v1:getVehicleTitularRequest>
   </soapenv:Body>
</soapenv:Envelope>]]></con:request><con:assertion type="SOAP Fault Assertion" id="b88e9e30-b831-42d8-84c9-47f26836041b" name="Not SOAP Fault"/><con:assertion type="SOAP Response" id="a715fd29-da6d-4edb-8bd5-5ff0c70c87b8" name="SOAP Response"/><con:assertion type="Schema Compliance" id="fe6a5c03-a392-4474-b625-5c12f9908b05" name="Schema Compliance"><con:configuration/></con:assertion><con:wsaConfig action="http://fidus.brussels/services/vehicleservice/getVehicleTitular"/></con:request></con:config></con:testStep><con:testStep type="request" id="aca43904-b111-4ec5-a4fd-e23627bc62bb" name="testcase05 - Prod - Worker 2"><con:settings/><con:config xsi:type="con:RequestStep" xmlns:xsi="http://www.w3.org/2001/XMLSchema-instance"><con:interface>VehicleServiceHTTPBinding</con:interface><con:operation>getVehicleTitular</con:operation><con:request name="testcase05 - Prod - Worker 2" id="e516aa75-6aaf-4e7b-a4d4-c4dfbd41b7d1" outgoingWss="Outflow PROD"><con:settings/><con:encoding>UTF-8</con:encoding><con:endpoint>https://192.168.26.22:8443/services/VehicleService_v1.0</con:endpoint><con:request><![CDATA[<soapenv:Envelope xmlns:soapenv="http://schemas.xmlsoap.org/soap/envelope/" xmlns:v1="http://fidus.brussels/service/vehicleservice/messages/v1" xmlns:v11="http://fidus.brussels/type/common/messages/v1">
   <soapenv:Header/>
   <soapenv:Body>
      <v1:getVehicleTitularRequest>
         <v1:messageContext>
            <v11:messageId>${=import static java.util.UUID.randomUUID; uuid = randomUUID() as String}</v11:messageId>
            <v11:timestamp>${=new java.text.SimpleDateFormat("yyyy-MM-dd'T'HH:mm:ss.SSS").format(new Date())}</v11:timestamp>
         </v1:messageContext>
         <v1:legalContext>ServiceIntegrator</v1:legalContext>
         <v1:consumerContext>
            <v11:companyNumber>0207541594</v11:companyNumber>
            <v11:companyId>21003</v11:companyId>
         </v1:consumerContext>
         <v1:request>
            <!--Optional:-->
            <PlateNr>ASK050</PlateNr>
            <LanguageCode>1</LanguageCode>
         </v1:request>
      </v1:getVehicleTitularRequest>
   </soapenv:Body>
</soapenv:Envelope>]]></con:request><con:assertion type="SOAP Fault Assertion" id="e3f149fb-520a-4ffd-8c11-505406c51288" name="Not SOAP Fault"/><con:assertion type="SOAP Response" id="0d008bc8-6010-4ce1-a7c3-c962efb9a4b5" name="SOAP Response"/><con:assertion type="Schema Compliance" id="5dd6126e-4ccd-41c4-bb9a-a80e505c14d2" name="Schema Compliance"><con:configuration/></con:assertion><con:wsaConfig action="http://fidus.brussels/services/vehicleservice/getVehicleTitular"/></con:request></con:config></con:testStep><con:properties/></con:testCase><con:testCase id="f3b48118-b8c1-4596-b6fb-5981d00cc72c" failOnError="true" failTestCaseOnErrors="true" keepSession="false" maxResults="0" name="getVehicleRegistration" searchProperties="true"><con:settings/><con:testStep type="request" id="bd89c79b-9bd0-4a76-b439-ecfad187d035" name="testcase05 - Prod - External Request"><con:settings/><con:config xsi:type="con:RequestStep" xmlns:xsi="http://www.w3.org/2001/XMLSchema-instance"><con:interface>VehicleServiceHTTPBinding</con:interface><con:operation>getVehicleRegistration</con:operation><con:request name="testcase05 - Prod - External Request" id="0a1a7f30-2cbe-4a3b-9c76-f3d34569433e" outgoingWss="Outflow PROD"><con:settings/><con:encoding>UTF-8</con:encoding><con:endpoint>https://fidus.sec.brussels/services/VehicleService_v1.0</con:endpoint><con:request><![CDATA[<soapenv:Envelope xmlns:soapenv="http://schemas.xmlsoap.org/soap/envelope/" xmlns:v1="http://fidus.brussels/service/vehicleservice/messages/v1" xmlns:v11="http://fidus.brussels/type/common/messages/v1">
   <soapenv:Header/>
   <soapenv:Body>
      <v1:getVehicleRegistrationRequest>
		<v1:messageContext>
            <v11:messageId>${=import static java.util.UUID.randomUUID; uuid = randomUUID() as String}</v11:messageId>
            <v11:timestamp>${=new java.text.SimpleDateFormat("yyyy-MM-dd'T'HH:mm:ss.SSS").format(new Date())}</v11:timestamp>
         </v1:messageContext>
         <v1:legalContext>ServiceIntegrator</v1:legalContext>
         <v1:consumerContext>
            <v11:companyNumber>0316381039</v11:companyNumber>
            <v11:companyId>Brussel Fiscaliteit</v11:companyId>
         </v1:consumerContext>
         <v1:request>
            <PlateNr>1PBN606</PlateNr>
            <LanguageCode>0</LanguageCode>
         </v1:request>
      </v1:getVehicleRegistrationRequest>
   </soapenv:Body>
</soapenv:Envelope>]]></con:request><con:assertion type="SOAP Fault Assertion" id="7268976b-8262-47fe-a371-a7d11bbd0aa9" name="Not SOAP Fault"/><con:assertion type="SOAP Response" id="4be4835c-ed88-4ffd-b999-740fed764021" name="SOAP Response"/><con:assertion type="Schema Compliance" id="283f893d-3cae-414d-af11-f2a1d7b98bb1" name="Schema Compliance"><con:configuration/></con:assertion><con:wsaConfig action="http://fidus.brussels/services/vehicleservice/getVehicleRegistration"/></con:request></con:config></con:testStep><con:properties/></con:testCase><con:properties/></con:testSuite><con:mockService id="bf2c665f-9746-44f7-bc3a-8dd0f11f42f7" port="8080" path="/" host="localhost.localdomain" name="MockService 1"><con:settings><con:setting id="com.eviware.soapui.impl.wsdl.mock.WsdlMockService@require-soap-action">false</con:setting></con:settings><con:properties/><con:mockOperation name="getVehicleTitular" id="51cc476f-7187-48da-8fed-2593a0caaa8a" interface="VehicleServiceHTTPBinding" operation="getVehicleTitular"><con:settings/><con:defaultResponse>Response 1</con:defaultResponse><con:dispatchStyle>SEQUENCE</con:dispatchStyle><con:response name="Response 1" id="9edcee2e-df6d-44bf-9191-8a6d82ca8caa" httpResponseStatus="200" encoding="UTF-8"><con:settings/><con:responseContent><![CDATA[<soapenv:Envelope xmlns:soapenv="http://schemas.xmlsoap.org/soap/envelope/" xmlns:v1="http://fidus.brussels/service/vehicleservice/messages/v1" xmlns:v11="http://fidus.brussels/type/common/messages/v1" xmlns:v12="http://fidus.brussels/type/common/exceptions/v1">
   <soapenv:Header/>
   <soapenv:Body>
      <v1:getVehicleTitularResponse>
         <v1:messageContext>
            <v11:messageId>?</v11:messageId>
            <v11:transactionId>?</v11:transactionId>
            <!--Optional:-->
            <v11:timestamp>?</v11:timestamp>
         </v1:messageContext>
         <!--Optional:-->
         <v1:responses>
            <v1:response>
               <ExportIKeys>
                  <PlateNr>?</PlateNr>
                  <Vin>?</Vin>
                  <Unifier>?</Unifier>
                  <LanguageCode>?</LanguageCode>
                  <IncidentDate>?</IncidentDate>
               </ExportIKeys>
               <ExportIMessage>
                  <Code>?</Code>
                  <Label>?</Label>
               </ExportIMessage>
               <ExportITitular>
                  <NationalId>?</NationalId>
                  <LastName>?</LastName>
                  <FirstName1>?</FirstName1>
                  <FirstName2>?</FirstName2>
                  <FirstName3>?</FirstName3>
                  <StreetName>?</StreetName>
                  <HouseNr>?</HouseNr>
                  <BoxNr>?</BoxNr>
                  <PostalCode>?</PostalCode>
                  <CityName>?</CityName>
                  <NisNr>?</NisNr>
                  <CompanyNr>?</CompanyNr>
               </ExportITitular>
               <ExportIRegistration>
                  <StatusCode>?</StatusCode>
                  <StatusLabel>?</StatusLabel>
                  <StartSituationDate>?</StartSituationDate>
                  <LanguageCode>?</LanguageCode>
               </ExportIRegistration>
               <ExportIVehicle>
                  <Vin>?</Vin>
                  <Unifier>?</Unifier>
                  <CommercialName>?</CommercialName>
               </ExportIVehicle>
            </v1:response>
         </v1:responses>
         <!--Optional:-->
         <v1:exceptions>
            <!--1 or more repetitions:-->
            <v12:exception>
               <v12:type>?</v12:type>
               <v12:code>?</v12:code>
               <v12:source>?</v12:source>
               <v12:description>?</v12:description>
            </v12:exception>
         </v1:exceptions>
      </v1:getVehicleTitularResponse>
   </soapenv:Body>
</soapenv:Envelope>]]></con:responseContent><con:wsaConfig mustUnderstand="NONE" version="200508" action="http://fidus.brussels/services/vehicleservice/getVehicleTitular"/></con:response><con:dispatchConfig/></con:mockOperation></con:mockService><con:properties/>
  <con:wssContainer>
    
    
    
    
    
    
    
    
    
    
    
    
    
    
    
    
  <con:crypto><con:source>data/wso2/keystores/user-rajarshi.jks</con:source><con:password>test@fidus01</con:password><con:type>KEYSTORE</con:type></con:crypto><con:outgoing><con:name>Outflow DEV</con:name></con:outgoing><con:outgoing><con:name>Outflow TEST</con:name><con:entry type="Signature" username="testuser-test.fidus.brussels" password="test@fidus01"><con:configuration><crypto>user-rajarshi.jks</crypto><keyIdentifierType>3</keyIdentifierType><signatureAlgorithm/><signatureCanonicalization/><useSingleCert>true</useSingleCert><digestAlgorithm/><customTokenValueType/><customTokenId/></con:configuration></con:entry><con:entry type="Timestamp"><con:configuration><timeToLive>300000</timeToLive><strictTimestamp>true</strictTimestamp></con:configuration></con:entry></con:outgoing><con:outgoing><con:name>Outflow STAG</con:name></con:outgoing><con:outgoing><con:name>Outflow PROD</con:name></con:outgoing></con:wssContainer>
  <con:oAuth2ProfileContainer/>
  <con:oAuth1ProfileContainer/><con:sensitiveInformation/>
</con:soapui-project>