<?xml version="1.0" encoding="UTF-8"?>
<con:soapui-project id="8b299915-b0b3-4dfe-ae60-cde61eeda900" activeEnvironment="Default" name="Client-InvoiceService-2.0-soapui-project" resourceRoot="" soapui-version="5.1.3" abortOnError="false" runType="SEQUENTIAL" xmlns:con="http://eviware.com/soapui/config"><con:settings/><con:interface xsi:type="con:WsdlInterface" id="366ece34-fc9d-45db-9a55-f7a5a3884d5e" wsaVersion="NONE" name="InvoiceServiceHTTPBinding" type="wsdl" bindingName="{http://fidus.brussels/service/invoiceservice/v2.0}InvoiceServiceHTTPBinding" soapVersion="1_1" anonymous="optional" definition="file:/home/ebarbieux/Dev/fidus/invoiceservice_2.0/InvoiceServiceGateway/src/main/resources/wsdl/invoiceService/2.0.0/InvoiceService_v2.0.wsdl" xmlns:xsi="http://www.w3.org/2001/XMLSchema-instance"><con:settings/><con:definitionCache type="TEXT" rootPart="file:/home/ebarbieux/Dev/fidus/invoiceservice_2.0/InvoiceServiceGateway/src/main/resources/wsdl/invoiceService/2.0.0/InvoiceService_v2.0.wsdl"><con:part><con:url>file:/home/ebarbieux/Dev/fidus/invoiceservice_2.0/InvoiceServiceGateway/src/main/resources/wsdl/invoiceService/2.0.0/InvoiceService_v2.0.wsdl</con:url><con:content><![CDATA[<wsdl:definitions name="InvoiceService" targetNamespace="http://fidus.brussels/service/invoiceservice/v2.0" xmlns:soap="http://schemas.xmlsoap.org/wsdl/soap/" xmlns:wsdl="http://schemas.xmlsoap.org/wsdl/" xmlns:xsd="http://www.w3.org/2001/XMLSchema" xmlns:mes="http://fidus.brussels/service/invoiceservice/messages/v2.0" xmlns:tns="http://fidus.brussels/service/invoiceservice/v2.0">
  <wsdl:types>
    <xsd:schema targetNamespace="http://fidus.brussels/service/invoiceservice/v2.0" elementFormDefault="qualified">
      <xsd:import namespace="http://fidus.brussels/service/invoiceservice/messages/v2.0" schemaLocation="messages/invoiceServiceMessages_v2.0.xsd"/>
    </xsd:schema>
  </wsdl:types>
  <wsdl:message name="submitInboxRequestRequestMessage">
    <wsdl:part name="SubmitInboxRequestRequest" element="mes:submitInboxRequestRequest"/>
  </wsdl:message>
  <wsdl:message name="submitInboxRequestResponseMessage">
    <wsdl:part name="SubmitInboxRequestResponse" element="mes:submitInboxRequestResponse"/>
  </wsdl:message>
  <wsdl:message name="submitDocumentRequestMessage">
    <wsdl:part name="SubmitDocumentRequest" element="mes:submitDocumentRequest"/>
  </wsdl:message>
  <wsdl:message name="submitDocumentResponseMessage">
    <wsdl:part name="SubmitDocumentResponse" element="mes:submitDocumentResponse"/>
  </wsdl:message>
  <wsdl:message name="retrieveDocumentRequestMessage">
    <wsdl:part name="RetrieveDocumentRequest" element="mes:retrieveDocumentRequest"/>
  </wsdl:message>
  <wsdl:message name="retrieveDocumentResponseMessage">
    <wsdl:part name="RetrieveDocumentResponse" element="mes:retrieveDocumentResponse"/>
  </wsdl:message>
  <wsdl:message name="markDocumentRequestMessage">
    <wsdl:part name="MarkDocumentRequest" element="mes:markDocumentRequest"/>
  </wsdl:message>
  <wsdl:message name="markDocumentResponseMessage">
    <wsdl:part name="MarkDocumentResponse" element="mes:markDocumentResponse"/>
  </wsdl:message>
  <wsdl:portType name="InvoiceServicePortType">
    <wsdl:operation name="submitInboxRequest">
      <wsdl:input message="tns:submitInboxRequestRequestMessage"/>
      <wsdl:output message="tns:submitInboxRequestResponseMessage"/>
    </wsdl:operation>
    <wsdl:operation name="submitDocument">
      <wsdl:input message="tns:submitDocumentRequestMessage"/>
      <wsdl:output message="tns:submitDocumentResponseMessage"/>
    </wsdl:operation>
    <wsdl:operation name="retrieveDocument">
      <wsdl:input message="tns:retrieveDocumentRequestMessage"/>
      <wsdl:output message="tns:retrieveDocumentResponseMessage"/>
    </wsdl:operation>
    <wsdl:operation name="markDocument">
      <wsdl:input message="tns:markDocumentRequestMessage"/>
      <wsdl:output message="tns:markDocumentResponseMessage"/>
    </wsdl:operation>
  </wsdl:portType>
  <wsdl:binding name="InvoiceServiceHTTPBinding" type="tns:InvoiceServicePortType">
    <soap:binding style="document" transport="http://schemas.xmlsoap.org/soap/http"/>
    <wsdl:operation name="submitInboxRequest">
      <soap:operation soapAction="http://fidus.brussels/services/invoiceservice/submitInboxRequest"/>
      <wsdl:input>
        <soap:body use="literal"/>
      </wsdl:input>
      <wsdl:output>
        <soap:body use="literal"/>
      </wsdl:output>
    </wsdl:operation>
    <wsdl:operation name="submitDocument">
      <soap:operation soapAction="http://fidus.brussels/services/invoiceservice/submitDocument" style="document"/>
      <wsdl:input>
        <soap:body use="literal"/>
      </wsdl:input>
      <wsdl:output>
        <soap:body use="literal"/>
      </wsdl:output>
    </wsdl:operation>
    <wsdl:operation name="retrieveDocument">
      <soap:operation soapAction="http://fidus.brussels/services/invoiceservice/retrieveDocument"/>
      <wsdl:input>
        <soap:body use="literal"/>
      </wsdl:input>
      <wsdl:output>
        <soap:body use="literal"/>
      </wsdl:output>
    </wsdl:operation>
    <wsdl:operation name="markDocument">
      <soap:operation soapAction="http://fidus.brussels/services/invoiceservice/markDocument"/>
      <wsdl:input>
        <soap:body use="literal"/>
      </wsdl:input>
      <wsdl:output>
        <soap:body use="literal"/>
      </wsdl:output>
    </wsdl:operation>
  </wsdl:binding>
  <wsdl:service name="InvoiceService_v2">
    <wsdl:port name="InvoiceService_v2" binding="tns:InvoiceServiceHTTPBinding">
      <soap:address location="http://fidus.brussels/services/invoiceservice/v2"/>
    </wsdl:port>
  </wsdl:service>
  <xsd:annotation>
    <xsd:documentation>InvoiceService WDSL v2.0.</xsd:documentation>
  </xsd:annotation>
</wsdl:definitions>]]></con:content><con:type>http://schemas.xmlsoap.org/wsdl/</con:type></con:part><con:part><con:url>file:/home/ebarbieux/Dev/fidus/invoiceservice_2.0/InvoiceServiceGateway/src/main/resources/wsdl/invoiceService/2.0.0/messages/invoiceServiceMessages_v2.0.xsd</con:url><con:content><![CDATA[<xsd:schema targetNamespace="http://fidus.brussels/service/invoiceservice/messages/v2.0" elementFormDefault="qualified" attributeFormDefault="unqualified" version="1.0" xmlns:xsd="http://www.w3.org/2001/XMLSchema" xmlns:cme="http://fidus.brussels/type/common/messages/v1" xmlns:exc="http://fidus.brussels/type/common/exceptions/v1" xmlns:tns="http://fidus.brussels/service/invoiceservice/messages/v2.0" xmlns:csm="http://fsb.belgium.be/einvoicing/simpleprior/v1_00">
  <xsd:import namespace="http://fidus.brussels/type/common/messages/v1" schemaLocation="baseMessageTypes_v1.xsd"/>
  <xsd:import namespace="http://fidus.brussels/type/common/exceptions/v1" schemaLocation="exceptionTypes_v1.xsd"/>
  <xsd:import namespace="http://fsb.belgium.be/einvoicing/simpleprior/v1_00" schemaLocation="../simpleprior/simpleprior.xsd"/>
  <!--Request getInvoiceService definition-->
  <xsd:complexType name="SubmitInboxRequestRequestType">
    <xsd:sequence>
      <xsd:element name="messageContext" type="cme:RequestMessageContextType"/>
      <xsd:element name="legalContext" type="cme:LegalContextType"/>
      <xsd:element name="request" type="csm:submitInboxRequest"/>
    </xsd:sequence>
  </xsd:complexType>
  <xsd:complexType name="SubmitDocumentRequestType">
    <xsd:sequence>
      <xsd:element name="messageContext" type="cme:RequestMessageContextType"/>
      <xsd:element name="legalContext" type="cme:LegalContextType"/>
      <xsd:element name="request" type="csm:submitDocument"/>
    </xsd:sequence>
  </xsd:complexType>
  <xsd:complexType name="RetrieveDocumentRequestType">
    <xsd:sequence>
      <xsd:element name="messageContext" type="cme:RequestMessageContextType"/>
      <xsd:element name="legalContext" type="cme:LegalContextType"/>
      <xsd:element name="request" type="csm:retrieveDocument"/>
    </xsd:sequence>
  </xsd:complexType>
  <xsd:complexType name="MarkDocumentRequestType">
    <xsd:sequence>
      <xsd:element name="messageContext" type="cme:RequestMessageContextType"/>
      <xsd:element name="legalContext" type="cme:LegalContextType"/>
      <xsd:element name="request" type="csm:markDocument"/>
    </xsd:sequence>
  </xsd:complexType>
  <!--Request getInvoiceService definition-->
  <xsd:complexType name="SubmitInboxRequestResponseType">
    <xsd:sequence>
      <xsd:element name="messageContext" type="cme:ResponseMessageContextType"/>
      <xsd:element name="responses" type="tns:SirResponsesType" minOccurs="0"/>
      <xsd:element name="exceptions" type="exc:ExceptionsType" minOccurs="0">
        <xsd:annotation>
          <xsd:documentation>Technical errors that occur when processing the message context e.g. insufficient rights.</xsd:documentation>
        </xsd:annotation>
      </xsd:element>
    </xsd:sequence>
  </xsd:complexType>
  <xsd:complexType name="SubmitDocumentResponseType">
    <xsd:sequence>
      <xsd:element name="messageContext" type="cme:ResponseMessageContextType"/>
      <xsd:element name="responses" type="tns:SdResponsesType" minOccurs="0"/>
      <xsd:element name="exceptions" type="exc:ExceptionsType" minOccurs="0">
        <xsd:annotation>
          <xsd:documentation>Technical errors that occur when processing the message context e.g. insufficient rights.</xsd:documentation>
        </xsd:annotation>
      </xsd:element>
    </xsd:sequence>
  </xsd:complexType>
  <xsd:complexType name="RetrieveDocumentResponseType">
    <xsd:sequence>
      <xsd:element name="messageContext" type="cme:ResponseMessageContextType"/>
      <xsd:element name="responses" type="tns:RdResponsesType" minOccurs="0"/>
      <xsd:element name="exceptions" type="exc:ExceptionsType" minOccurs="0">
        <xsd:annotation>
          <xsd:documentation>Technical errors that occur when processing the message context e.g. insufficient rights.</xsd:documentation>
        </xsd:annotation>
      </xsd:element>
    </xsd:sequence>
  </xsd:complexType>
  <xsd:complexType name="MarkDocumentResponseType">
    <xsd:sequence>
      <xsd:element name="messageContext" type="cme:ResponseMessageContextType"/>
      <xsd:element name="responses" type="tns:MdResponsesType" minOccurs="0"/>
      <xsd:element name="exceptions" type="exc:ExceptionsType" minOccurs="0">
        <xsd:annotation>
          <xsd:documentation>Technical errors that occur when processing the message context e.g. insufficient rights.</xsd:documentation>
        </xsd:annotation>
      </xsd:element>
    </xsd:sequence>
  </xsd:complexType>
  <xsd:complexType name="SirResponsesType">
    <xsd:sequence>
      <xsd:element name="response" type="tns:SirResponseType" minOccurs="1" maxOccurs="1"/>
    </xsd:sequence>
  </xsd:complexType>
  <xsd:complexType name="SirResponseType">
    <xsd:sequence>
      <xsd:element name="invoice" type="csm:SubmitInboxRequestResponseType" minOccurs="0" maxOccurs="unbounded"/>
      <xsd:element name="exceptions" type="exc:ExceptionsType" minOccurs="0">
        <xsd:annotation>
          <xsd:documentation>Business exceptions that occur when processing the request or response e.g. missing data for a single response element.
						Exceptions at this level may contain back-end specific codes and content.</xsd:documentation>
        </xsd:annotation>
      </xsd:element>
    </xsd:sequence>
  </xsd:complexType>
  <xsd:complexType name="SdResponsesType">
    <xsd:sequence>
      <xsd:element name="response" type="tns:SdResponseType" minOccurs="1" maxOccurs="1"/>
    </xsd:sequence>
  </xsd:complexType>
  <xsd:complexType name="SdResponseType">
    <xsd:sequence>
      <xsd:element name="invoice" type="csm:submitDocumentResponse" minOccurs="0" maxOccurs="unbounded"/>
      <xsd:element name="exceptions" type="exc:ExceptionsType" minOccurs="0">
        <xsd:annotation>
          <xsd:documentation>Business exceptions that occur when processing the request or response e.g. missing data for a single response element.
						Exceptions at this level may contain back-end specific codes and content.</xsd:documentation>
        </xsd:annotation>
      </xsd:element>
    </xsd:sequence>
  </xsd:complexType>
  <xsd:complexType name="RdResponsesType">
    <xsd:sequence>
      <xsd:element name="response" type="tns:RdResponseType" minOccurs="1" maxOccurs="1"/>
    </xsd:sequence>
  </xsd:complexType>
  <xsd:complexType name="RdResponseType">
    <xsd:sequence>
      <xsd:element name="invoice" type="csm:retrieveDocumentResponse" minOccurs="0" maxOccurs="unbounded"/>
      <xsd:element name="exceptions" type="exc:ExceptionsType" minOccurs="0">
        <xsd:annotation>
          <xsd:documentation>Business exceptions that occur when processing the request or response e.g. missing data for a single response element.
						Exceptions at this level may contain back-end specific codes and content.</xsd:documentation>
        </xsd:annotation>
      </xsd:element>
    </xsd:sequence>
  </xsd:complexType>
  <xsd:complexType name="MdResponsesType">
    <xsd:sequence>
      <xsd:element name="response" type="tns:MdResponseType" minOccurs="1" maxOccurs="1"/>
    </xsd:sequence>
  </xsd:complexType>
  <xsd:complexType name="MdResponseType">
    <xsd:sequence>
      <xsd:element name="invoice" type="csm:markDocumentResponse" minOccurs="0" maxOccurs="unbounded"/>
      <xsd:element name="exceptions" type="exc:ExceptionsType" minOccurs="0">
        <xsd:annotation>
          <xsd:documentation>Business exceptions that occur when processing the request or response e.g. missing data for a single response element.
						Exceptions at this level may contain back-end specific codes and content.</xsd:documentation>
        </xsd:annotation>
      </xsd:element>
    </xsd:sequence>
  </xsd:complexType>
  <!--Element of the request and the response-->
  <xsd:element name="submitInboxRequestRequest" type="tns:SubmitInboxRequestRequestType"/>
  <xsd:element name="submitInboxRequestResponse" type="tns:SubmitInboxRequestResponseType"/>
  <xsd:element name="submitDocumentRequest" type="tns:SubmitDocumentRequestType"/>
  <xsd:element name="submitDocumentResponse" type="tns:SubmitDocumentResponseType"/>
  <xsd:element name="retrieveDocumentRequest" type="tns:RetrieveDocumentRequestType"/>
  <xsd:element name="retrieveDocumentResponse" type="tns:RetrieveDocumentResponseType"/>
  <xsd:element name="markDocumentRequest" type="tns:MarkDocumentRequestType"/>
  <xsd:element name="markDocumentResponse" type="tns:MarkDocumentResponseType"/>
</xsd:schema>]]></con:content><con:type>http://www.w3.org/2001/XMLSchema</con:type></con:part><con:part><con:url>file:/home/ebarbieux/Dev/fidus/invoiceservice_2.0/InvoiceServiceGateway/src/main/resources/wsdl/invoiceService/2.0.0/messages/baseMessageTypes_v1.xsd</con:url><con:content><![CDATA[<xsd:schema targetNamespace="http://fidus.brussels/type/common/messages/v1" elementFormDefault="qualified" attributeFormDefault="unqualified" version="1.0" xmlns:xsd="http://www.w3.org/2001/XMLSchema" xmlns:cmn="http://fidus.brussels/type/common/v1" xmlns:tns="http://fidus.brussels/type/common/messages/v1">
  <!--Unformatted message Id-->
  <xsd:simpleType name="MessageIdType">
    <xsd:restriction base="xsd:string">
      <xsd:minLength value="1"/>
      <xsd:maxLength value="64"/>
    </xsd:restriction>
  </xsd:simpleType>
  <!--National Number of the person. Format depending on the Register-->
  <xsd:simpleType name="PersonNumberType">
    <xsd:restriction base="xsd:string">
      <xsd:pattern value="[0-9][0-9](([0][0-9])|([1][0-2]))(([0-2][0-9])|([3][0-1]))(([0-9]{2}[1-9])|([0-9][1-9][0-9])|([1-9][0-9]{2}))(([0-8][0-9])|([9][0-7]))">
        <xsd:annotation>
          <xsd:documentation>National Register format</xsd:documentation>
        </xsd:annotation>
      </xsd:pattern>
      <xsd:pattern value="[0-9][0-9](([2][0-9])|([3][0-2]))(([0-2][0-9])|([3][0-1]))[0-9]{3}(([0-8][0-9])|([9][0-7]))">
        <xsd:annotation>
          <xsd:documentation>CBSS Register format: Bis Register</xsd:documentation>
        </xsd:annotation>
      </xsd:pattern>
      <xsd:pattern value="[0-9][0-9](([4][0-9])|([5][0-2]))(([0-2][0-9])|([3][0-1]))[0-9]{3}(([0-8][0-9])|([9][0-7]))">
        <xsd:annotation>
          <xsd:documentation>CBSS Register format: Ter Register</xsd:documentation>
        </xsd:annotation>
      </xsd:pattern>
    </xsd:restriction>
  </xsd:simpleType>
  <!--Request message context-->
  <xsd:complexType name="RequestMessageContextType">
    <xsd:annotation>
      <xsd:documentation>Message context block generated by the consumer.</xsd:documentation>
    </xsd:annotation>
    <xsd:sequence>
      <xsd:element name="messageId" type="tns:MessageIdType">
        <xsd:annotation>
          <xsd:documentation>Consumer must assign their own MessageId reference for the request.</xsd:documentation>
        </xsd:annotation>
      </xsd:element>
      <xsd:element name="timestamp" type="xsd:dateTime" minOccurs="0">
        <xsd:annotation>
          <xsd:documentation>Timestamp when client sent request.</xsd:documentation>
        </xsd:annotation>
      </xsd:element>
    </xsd:sequence>
  </xsd:complexType>
  <!--Response message context-->
  <xsd:complexType name="ResponseMessageContextType">
    <xsd:annotation>
      <xsd:documentation>MessageContext block generated by fidus.</xsd:documentation>
    </xsd:annotation>
    <xsd:sequence>
      <xsd:element name="messageId" type="tns:MessageIdType">
        <xsd:annotation>
          <xsd:documentation>A unique identifier generated by fidus.</xsd:documentation>
        </xsd:annotation>
      </xsd:element>
      <xsd:element name="transactionId" type="tns:MessageIdType">
        <xsd:annotation>
          <xsd:documentation>A unique ID returned to the client for tracing purposes.</xsd:documentation>
        </xsd:annotation>
      </xsd:element>
      <xsd:element name="timestamp" type="xsd:dateTime" minOccurs="0">
        <xsd:annotation>
          <xsd:documentation>Time reply sent by fidus.</xsd:documentation>
        </xsd:annotation>
      </xsd:element>
    </xsd:sequence>
  </xsd:complexType>
  <!--Legal Context : the finality of the Privacy Commission-->
  <xsd:simpleType name="LegalContextType">
    <xsd:restriction base="xsd:string">
      <xsd:minLength value="1"/>
      <xsd:maxLength value="64"/>
    </xsd:restriction>
  </xsd:simpleType>
  <xsd:complexType name="UserContextType">
    <xsd:annotation>
      <xsd:documentation>The user context defines information regarding the actual user performing a request.</xsd:documentation>
    </xsd:annotation>
    <xsd:sequence>
      <xsd:element name="language" type="xsd:language" nillable="true">
        <xsd:annotation>
          <xsd:documentation>The preferred language of the actual user performing the request.
						This influences the language in which response elements are cast.</xsd:documentation>
        </xsd:annotation>
      </xsd:element>
    </xsd:sequence>
  </xsd:complexType>
</xsd:schema>]]></con:content><con:type>http://www.w3.org/2001/XMLSchema</con:type></con:part><con:part><con:url>file:/home/ebarbieux/Dev/fidus/invoiceservice_2.0/InvoiceServiceGateway/src/main/resources/wsdl/invoiceService/2.0.0/messages/exceptionTypes_v1.xsd</con:url><con:content><![CDATA[<xsd:schema targetNamespace="http://fidus.brussels/type/common/exceptions/v1" elementFormDefault="qualified" attributeFormDefault="unqualified" version="1.0" xmlns:xsd="http://www.w3.org/2001/XMLSchema" xmlns:tns="http://fidus.brussels/type/common/exceptions/v1">
  <!--Basic error typed-->
  <xsd:complexType name="ExceptionsType">
    <xsd:sequence>
      <xsd:element name="exception" type="tns:ExceptionType" maxOccurs="unbounded"/>
    </xsd:sequence>
  </xsd:complexType>
  <xsd:complexType name="ExceptionType">
    <xsd:sequence>
      <xsd:element name="type" type="tns:ExceptionClassType"/>
      <xsd:element name="code" type="tns:ExceptionCodeType"/>
      <xsd:element name="source" type="tns:ExceptionSourceType"/>
      <xsd:element name="description" type="tns:ExceptionDescriptionType"/>
    </xsd:sequence>
  </xsd:complexType>
  <xsd:simpleType name="ExceptionClassType">
    <xsd:restriction base="xsd:string">
      <xsd:enumeration value="ERROR"/>
      <xsd:enumeration value="WARNING"/>
      <xsd:enumeration value="INFO"/>
    </xsd:restriction>
  </xsd:simpleType>
  <xsd:simpleType name="ExceptionCodeType">
    <xsd:restriction base="xsd:string">
      <xsd:maxLength value="20"/>
    </xsd:restriction>
  </xsd:simpleType>
  <xsd:simpleType name="ExceptionSourceType">
    <xsd:restriction base="xsd:string">
      <xsd:maxLength value="20"/>
    </xsd:restriction>
  </xsd:simpleType>
  <xsd:simpleType name="ExceptionDescriptionType">
    <xsd:restriction base="xsd:string"/>
  </xsd:simpleType>
</xsd:schema>]]></con:content><con:type>http://www.w3.org/2001/XMLSchema</con:type></con:part><con:part><con:url>file:/home/ebarbieux/Dev/fidus/invoiceservice_2.0/InvoiceServiceGateway/src/main/resources/wsdl/invoiceService/2.0.0/simpleprior/simpleprior.xsd</con:url><con:content><![CDATA[<xsd:schema targetNamespace="http://fsb.belgium.be/einvoicing/simpleprior/v1_00" elementFormDefault="qualified" attributeFormDefault="unqualified" xmlns:WL5G3N3="http://schemas.xmlsoap.org/wsdl/soap/" xmlns:WL5G3N2="http://fsb.belgium.be/einvoicing/simpleprior/v1_00" xmlns:WL5G3N1="http://fsb.belgium.be/header" xmlns:WL5G3N0="http://schemas.xmlsoap.org/wsdl/" xmlns:xsd="http://www.w3.org/2001/XMLSchema" xmlns:wsdl="http://schemas.xmlsoap.org/wsdl/" xmlns:tns="http://fsb.belgium.be/einvoicing/simpleprior/v1_00" xmlns:soap="http://schemas.xmlsoap.org/wsdl/soap/" xmlns:fsb="http://fsb.belgium.be/header" xmlns:agg="urn:oasis:natns:specification:ubl:schema:xsd:CommonAggregateComponents-2">
  <xsd:element name="consumerId">
    <xsd:complexType>
      <xsd:simpleContent>
        <xsd:extension base="xsd:normalizedString"/>
      </xsd:simpleContent>
    </xsd:complexType>
  </xsd:element>
  <xsd:complexType name="submitDocument">
    <xsd:sequence>
      <xsd:element name="document" type="tns:UBLDocumentType"/>
    </xsd:sequence>
  </xsd:complexType>
  <xsd:complexType name="submitDocumentResponse">
    <xsd:sequence>
      <xsd:element name="ackIndicator" type="xsd:boolean"/>
    </xsd:sequence>
  </xsd:complexType>
  <xsd:complexType name="retrieveDocument">
    <xsd:sequence>
      <xsd:element name="receiverId" type="xsd:normalizedString"/>
      <xsd:element name="senderId" type="xsd:normalizedString"/>
      <xsd:element name="documentType" type="xsd:normalizedString"/>
      <xsd:element name="documentId" type="xsd:normalizedString"/>
    </xsd:sequence>
  </xsd:complexType>
  <xsd:complexType name="retrieveDocumentResponse">
    <xsd:sequence>
      <xsd:element name="receivedDate" type="xsd:date"/>
      <xsd:element name="document" type="tns:UBLDocumentType"/>
    </xsd:sequence>
  </xsd:complexType>
  <xsd:complexType name="submitInboxRequest">
    <xsd:sequence>
      <xsd:element name="receiverId" type="xsd:string" minOccurs="0" maxOccurs="1"/>
      <xsd:element name="senderId" type="xsd:string" minOccurs="0" maxOccurs="1"/>
    </xsd:sequence>
  </xsd:complexType>
  <xsd:element name="submitInboxRequestResponse" type="tns:SubmitInboxRequestResponseType"/>
  <xsd:complexType name="UBLDocumentType">
    <xsd:sequence>
      <xsd:any processContents="skip"/>
    </xsd:sequence>
  </xsd:complexType>
  <xsd:complexType name="DocumentReferenceType">
    <xsd:sequence>
      <xsd:element name="receiverId" type="xsd:normalizedString"/>
      <xsd:element name="senderId" type="xsd:normalizedString"/>
      <xsd:element name="documentType" type="xsd:normalizedString"/>
      <xsd:element name="documentId" type="xsd:normalizedString"/>
    </xsd:sequence>
  </xsd:complexType>
  <xsd:complexType name="SubmitInboxRequestResponseType">
    <xsd:sequence>
      <xsd:element name="documentGroup">
        <xsd:complexType>
          <xsd:sequence>
            <xsd:element name="documentReference" type="tns:DocumentReferenceType" minOccurs="0" maxOccurs="unbounded"/>
          </xsd:sequence>
        </xsd:complexType>
      </xsd:element>
    </xsd:sequence>
  </xsd:complexType>
  <xsd:complexType name="markDocument">
    <xsd:sequence>
      <xsd:element name="receiverId" type="xsd:normalizedString"/>
      <xsd:element name="senderId" type="xsd:normalizedString"/>
      <xsd:element name="documentType" type="xsd:normalizedString"/>
      <xsd:element name="documentId" type="xsd:normalizedString"/>
    </xsd:sequence>
  </xsd:complexType>
  <xsd:complexType name="markDocumentResponse">
    <xsd:sequence>
      <xsd:element name="ackIndicator" type="xsd:boolean"/>
    </xsd:sequence>
  </xsd:complexType>
</xsd:schema>]]></con:content><con:type>http://www.w3.org/2001/XMLSchema</con:type></con:part></con:definitionCache><con:endpoints><con:endpoint>http://fidus.brussels/services/invoiceservice/v1</con:endpoint><con:endpoint>http://fidus.brussels/services/invoiceservice/v2</con:endpoint><con:endpoint>https://192.168.22.53:8443/services/InvoiceService_v1.0</con:endpoint><con:endpoint>https://192.168.24.16:8443/services/InvoiceService_v1.0</con:endpoint><con:endpoint>https://192.168.24.17:8443/services/InvoiceService_v1.0</con:endpoint><con:endpoint>https://192.168.26.22:8443/services/InvoiceService_v1.0</con:endpoint><con:endpoint>https://192.168.36.61:8243/services/InvoiceService_v1.0</con:endpoint><con:endpoint>https://esb-security-gw.sta.srv.cirb.lan:8443/services/InvoiceService_v1.0</con:endpoint><con:endpoint>https://fidus-esb-sg.prd.srv.cirb.lan:8443/services/InvoiceService_v1.0</con:endpoint><con:endpoint>https://fidus-esb-sg.sta.srv.cirb.lan:8443/services/InvoiceService_v1.0</con:endpoint><con:endpoint>https://fidus-test.irisnetlab.be/services/InvoiceService_v1.0</con:endpoint><con:endpoint>https://fidus.irisnetlab.be/services/InvoiceService_v1.0</con:endpoint><con:endpoint>https://fidus.sec.brussels/services/InvoiceService_v1.0</con:endpoint><con:endpoint>https://localhost:8243/services/InvoiceService_v1.0</con:endpoint></con:endpoints><con:operation id="b62cbf1c-1a1d-4844-995d-42d8ed65946f" isOneWay="false" action="http://fidus.brussels/services/invoiceservice/markDocument" name="markDocument" bindingOperationName="markDocument" type="Request-Response" inputName="" receivesAttachments="false" sendsAttachments="false" anonymous="optional"><con:settings/><con:call id="a5237834-0d57-46f9-863a-aa0790c4f3ae" name="1 - Local - Request" outgoingWss="Outflow DEV"><con:settings><con:setting id="com.eviware.soapui.impl.wsdl.WsdlRequest@request-headers">&lt;xml-fragment/></con:setting></con:settings><con:encoding>UTF-8</con:encoding><con:endpoint>https://localhost:8243/services/InvoiceService_v2.0</con:endpoint><con:request><![CDATA[<soapenv:Envelope xmlns:soapenv="http://schemas.xmlsoap.org/soap/envelope/" xmlns:v2="http://fidus.brussels/service/invoiceservice/messages/v2.0" xmlns:v11="http://fidus.brussels/type/common/messages/v1">
   <soapenv:Header/>
   <soapenv:Body>
      <v2:markDocumentRequest>
         <v2:messageContext>
            <v11:messageId>?</v11:messageId>
         </v2:messageContext>
         <v2:legalContext>ServiceIntegrator</v2:legalContext>
         <v2:request>
            <v12:receiverId xmlns:v12="http://fsb.belgium.be/einvoicing/simpleprior/v1_00">2222222222</v12:receiverId>
            <v12:senderId xmlns:v12="http://fsb.belgium.be/einvoicing/simpleprior/v1_00">0200013901</v12:senderId>
            <v12:documentType xmlns:v12="http://fsb.belgium.be/einvoicing/simpleprior/v1_00">380</v12:documentType>
            <v12:documentId xmlns:v12="http://fsb.belgium.be/einvoicing/simpleprior/v1_00">118120479086FAKDEC-18-5B</v12:documentId>         
         </v2:request>
      </v2:markDocumentRequest>
   </soapenv:Body>
</soapenv:Envelope>]]></con:request><con:credentials><con:selectedAuthProfile>Basic</con:selectedAuthProfile><con:addedBasicAuthenticationTypes>Basic</con:addedBasicAuthenticationTypes><con:authType>Global HTTP Settings</con:authType></con:credentials><con:jmsConfig JMSDeliveryMode="PERSISTENT"/><con:jmsPropertyConfig/><con:wsaConfig mustUnderstand="NONE" version="200508" action="http://fidus.brussels/services/invoiceservice/markRequest"/><con:wsrmConfig version="1.2"/></con:call><con:call id="b66e46a1-673b-4ceb-b35c-bf108877af94" name="2 - Dev - Request" outgoingWss="Outflow DEV"><con:settings><con:setting id="com.eviware.soapui.impl.wsdl.WsdlRequest@request-headers">&lt;xml-fragment/></con:setting></con:settings><con:encoding>UTF-8</con:encoding><con:endpoint>https://192.168.36.61:8243/services/InvoiceService_v2.0</con:endpoint><con:request><![CDATA[<soapenv:Envelope xmlns:soapenv="http://schemas.xmlsoap.org/soap/envelope/" xmlns:v2="http://fidus.brussels/service/invoiceservice/messages/v2.0" xmlns:v11="http://fidus.brussels/type/common/messages/v1">
   <soapenv:Header/>
   <soapenv:Body>
      <v2:markDocumentRequest>
         <v2:messageContext>
            <v11:messageId>?</v11:messageId>
         </v2:messageContext>
         <v2:legalContext>ServiceIntegrator</v2:legalContext>
         <v2:request>
            <v12:receiverId xmlns:v12="http://fsb.belgium.be/einvoicing/simpleprior/v1_00">2222222222</v12:receiverId>
            <v12:senderId xmlns:v12="http://fsb.belgium.be/einvoicing/simpleprior/v1_00">0200013901</v12:senderId>
            <v12:documentType xmlns:v12="http://fsb.belgium.be/einvoicing/simpleprior/v1_00">380</v12:documentType>
            <v12:documentId xmlns:v12="http://fsb.belgium.be/einvoicing/simpleprior/v1_00">e878b54b-8a82-4bf3-8c8c-37eacdab2589</v12:documentId>         
         </v2:request>
      </v2:markDocumentRequest>
   </soapenv:Body>
</soapenv:Envelope>]]></con:request><con:credentials><con:selectedAuthProfile>Basic</con:selectedAuthProfile><con:addedBasicAuthenticationTypes>Basic</con:addedBasicAuthenticationTypes><con:authType>Global HTTP Settings</con:authType></con:credentials><con:jmsConfig JMSDeliveryMode="PERSISTENT"/><con:jmsPropertyConfig/><con:wsaConfig mustUnderstand="NONE" version="200508" action="http://fidus.brussels/services/invoiceservice/markRequest"/><con:wsrmConfig version="1.2"/></con:call><con:call id="21a690d0-92ec-4a8f-8842-ad6f729d9e2a" name="3 - Test - External - Request" outgoingWss="Outflow TEST"><con:settings><con:setting id="com.eviware.soapui.impl.wsdl.WsdlRequest@request-headers">&lt;xml-fragment/></con:setting></con:settings><con:encoding>UTF-8</con:encoding><con:endpoint>https://fidus-test.irisnetlab.be/services/InvoiceService_v2.0</con:endpoint><con:request><![CDATA[<soapenv:Envelope xmlns:soapenv="http://schemas.xmlsoap.org/soap/envelope/" xmlns:v2="http://fidus.brussels/service/invoiceservice/messages/v2.0" xmlns:v11="http://fidus.brussels/type/common/messages/v1">
   <soapenv:Header/>
   <soapenv:Body>
      <v2:markDocumentRequest>
         <v2:messageContext>
            <v11:messageId>?</v11:messageId>
         </v2:messageContext>
         <v2:legalContext>ServiceIntegrator</v2:legalContext>
         <v2:request>
            <v12:receiverId xmlns:v12="http://fsb.belgium.be/einvoicing/simpleprior/v1_00">0463152333</v12:receiverId>
            <v12:senderId xmlns:v12="http://fsb.belgium.be/einvoicing/simpleprior/v1_00">0200013901</v12:senderId>
            <v12:documentType xmlns:v12="http://fsb.belgium.be/einvoicing/simpleprior/v1_00">380</v12:documentType>
            <v12:documentId xmlns:v12="http://fsb.belgium.be/einvoicing/simpleprior/v1_00">118120479086FAKDEC-19-5A</v12:documentId>         
         </v2:request>
      </v2:markDocumentRequest>
   </soapenv:Body>
</soapenv:Envelope>]]></con:request><con:credentials><con:selectedAuthProfile>Basic</con:selectedAuthProfile><con:addedBasicAuthenticationTypes>Basic</con:addedBasicAuthenticationTypes><con:authType>Global HTTP Settings</con:authType></con:credentials><con:jmsConfig JMSDeliveryMode="PERSISTENT"/><con:jmsPropertyConfig/><con:wsaConfig mustUnderstand="NONE" version="200508" action="http://fidus.brussels/services/invoiceservice/markDocument"/><con:wsrmConfig version="1.2"/></con:call><con:call id="539f9e64-5c4c-454c-8cab-3ecd33fbef22" name="3 - Test - LB - Request" outgoingWss="Outflow TEST"><con:settings><con:setting id="com.eviware.soapui.impl.wsdl.WsdlRequest@request-headers">&lt;xml-fragment/></con:setting></con:settings><con:encoding>UTF-8</con:encoding><con:endpoint>https://esb-security-gw.sta.srv.cirb.lan:8443/services/InvoiceService_v2.0</con:endpoint><con:request><![CDATA[<soapenv:Envelope xmlns:soapenv="http://schemas.xmlsoap.org/soap/envelope/" xmlns:v2="http://fidus.brussels/service/invoiceservice/messages/v2.0" xmlns:v11="http://fidus.brussels/type/common/messages/v1">
   <soapenv:Header/>
   <soapenv:Body>
      <v2:markDocumentRequest>
         <v2:messageContext>
            <v11:messageId>?</v11:messageId>
         </v2:messageContext>
         <v2:legalContext>ServiceIntegrator</v2:legalContext>
         <v2:request>
            <v12:receiverId xmlns:v12="http://fsb.belgium.be/einvoicing/simpleprior/v1_00">2222222222</v12:receiverId>
            <v12:senderId xmlns:v12="http://fsb.belgium.be/einvoicing/simpleprior/v1_00">0200013901</v12:senderId>
            <v12:documentType xmlns:v12="http://fsb.belgium.be/einvoicing/simpleprior/v1_00">380</v12:documentType>
            <v12:documentId xmlns:v12="http://fsb.belgium.be/einvoicing/simpleprior/v1_00">e878b54b-8a82-4bf3-8c8c-37eacdab2589</v12:documentId>         
         </v2:request>
      </v2:markDocumentRequest>
   </soapenv:Body>
</soapenv:Envelope>]]></con:request><con:credentials><con:selectedAuthProfile>Basic</con:selectedAuthProfile><con:addedBasicAuthenticationTypes>Basic</con:addedBasicAuthenticationTypes><con:authType>Global HTTP Settings</con:authType></con:credentials><con:jmsConfig JMSDeliveryMode="PERSISTENT"/><con:jmsPropertyConfig/><con:wsaConfig mustUnderstand="NONE" version="200508" action="http://fidus.brussels/services/invoiceservice/markRequest"/><con:wsrmConfig version="1.2"/></con:call><con:call id="0c0345e0-3731-4438-b425-ee89deb53429" name="3 - Test - Worker1 - Request" outgoingWss="Outflow TEST" incomingWss="inflowTest"><con:settings><con:setting id="com.eviware.soapui.impl.wsdl.WsdlRequest@request-headers">&lt;xml-fragment/></con:setting></con:settings><con:encoding>UTF-8</con:encoding><con:endpoint>https://192.168.24.45:8443/services/InvoiceService_v2.0</con:endpoint><con:request><![CDATA[<soapenv:Envelope xmlns:soapenv="http://schemas.xmlsoap.org/soap/envelope/" xmlns:v2="http://fidus.brussels/service/invoiceservice/messages/v2.0" xmlns:v11="http://fidus.brussels/type/common/messages/v1">
   <soapenv:Header/>
   <soapenv:Body>
      <v2:markDocumentRequest>
         <v2:messageContext>
            <v11:messageId>?</v11:messageId>
         </v2:messageContext>
         <v2:legalContext>ServiceIntegrator</v2:legalContext>
         <v2:request>
            <v12:receiverId xmlns:v12="http://fsb.belgium.be/einvoicing/simpleprior/v1_00">0316381039</v12:receiverId>
            <v12:senderId xmlns:v12="http://fsb.belgium.be/einvoicing/simpleprior/v1_00">0316381039</v12:senderId>
            <v12:documentType xmlns:v12="http://fsb.belgium.be/einvoicing/simpleprior/v1_00">380</v12:documentType>
            <v12:documentId xmlns:v12="http://fsb.belgium.be/einvoicing/simpleprior/v1_00">GOB003</v12:documentId>         
         </v2:request>
      </v2:markDocumentRequest>
   </soapenv:Body>
</soapenv:Envelope>]]></con:request><con:credentials><con:selectedAuthProfile>Basic</con:selectedAuthProfile><con:addedBasicAuthenticationTypes>Basic</con:addedBasicAuthenticationTypes><con:authType>Global HTTP Settings</con:authType></con:credentials><con:jmsConfig JMSDeliveryMode="PERSISTENT"/><con:jmsPropertyConfig/><con:wsaConfig mustUnderstand="NONE" version="200508" action="http://fidus.brussels/services/invoiceservice/markRequest"/><con:wsrmConfig version="1.2"/></con:call><con:call id="e60a91d4-96f5-4b65-bdeb-8e4b283309b2" name="3 - Test - Worker2 - Request" outgoingWss="Outflow TEST"><con:settings><con:setting id="com.eviware.soapui.impl.wsdl.WsdlRequest@request-headers">&lt;xml-fragment/></con:setting></con:settings><con:encoding>UTF-8</con:encoding><con:endpoint>https://192.168.22.54:8443/services/InvoiceService_v2.0</con:endpoint><con:request><![CDATA[<soapenv:Envelope xmlns:soapenv="http://schemas.xmlsoap.org/soap/envelope/" xmlns:v2="http://fidus.brussels/service/invoiceservice/messages/v2.0" xmlns:v11="http://fidus.brussels/type/common/messages/v1">
   <soapenv:Header/>
   <soapenv:Body>
      <v2:markDocumentRequest>
         <v2:messageContext>
            <v11:messageId>?</v11:messageId>
         </v2:messageContext>
         <v2:legalContext>ServiceIntegrator</v2:legalContext>
         <v2:request>
            <v12:receiverId xmlns:v12="http://fsb.belgium.be/einvoicing/simpleprior/v1_00">2222222222</v12:receiverId>
            <v12:senderId xmlns:v12="http://fsb.belgium.be/einvoicing/simpleprior/v1_00">0200013901</v12:senderId>
            <v12:documentType xmlns:v12="http://fsb.belgium.be/einvoicing/simpleprior/v1_00">380</v12:documentType>
            <v12:documentId xmlns:v12="http://fsb.belgium.be/einvoicing/simpleprior/v1_00">e878b54b-8a82-4bf3-8c8c-37eacdab2589</v12:documentId>         
         </v2:request>
      </v2:markDocumentRequest>
   </soapenv:Body>
</soapenv:Envelope>]]></con:request><con:credentials><con:selectedAuthProfile>Basic</con:selectedAuthProfile><con:addedBasicAuthenticationTypes>Basic</con:addedBasicAuthenticationTypes><con:authType>Global HTTP Settings</con:authType></con:credentials><con:jmsConfig JMSDeliveryMode="PERSISTENT"/><con:jmsPropertyConfig/><con:wsaConfig mustUnderstand="NONE" version="200508" action="http://fidus.brussels/services/invoiceservice/markRequest"/><con:wsrmConfig version="1.2"/></con:call><con:call id="73a540e6-f5a2-4901-a6bc-2a15f2100066" name="4 - Staging - External - Request" outgoingWss="Outflow STAG"><con:settings><con:setting id="com.eviware.soapui.impl.wsdl.WsdlRequest@request-headers">&lt;xml-fragment/></con:setting></con:settings><con:encoding>UTF-8</con:encoding><con:endpoint>https://fidus.irisnetlab.be/services/InvoiceService_v2.0</con:endpoint><con:request><![CDATA[<soapenv:Envelope xmlns:soapenv="http://schemas.xmlsoap.org/soap/envelope/" xmlns:v2="http://fidus.brussels/service/invoiceservice/messages/v2.0" xmlns:v11="http://fidus.brussels/type/common/messages/v1">
   <soapenv:Header/>
   <soapenv:Body>
      <v2:markDocumentRequest>
         <v2:messageContext>
            <v11:messageId>?</v11:messageId>
         </v2:messageContext>
         <v2:legalContext>ServiceIntegrator</v2:legalContext>
         <v2:request>
            <v12:receiverId xmlns:v12="http://fsb.belgium.be/einvoicing/simpleprior/v1_00">2222222222</v12:receiverId>
            <v12:senderId xmlns:v12="http://fsb.belgium.be/einvoicing/simpleprior/v1_00">0200013901</v12:senderId>
            <v12:documentType xmlns:v12="http://fsb.belgium.be/einvoicing/simpleprior/v1_00">380</v12:documentType>
            <v12:documentId xmlns:v12="http://fsb.belgium.be/einvoicing/simpleprior/v1_00">e878b54b-8a82-4bf3-8c8c-37eacdab2589</v12:documentId>         
         </v2:request>
      </v2:markDocumentRequest>
   </soapenv:Body>
</soapenv:Envelope>]]></con:request><con:credentials><con:selectedAuthProfile>Basic</con:selectedAuthProfile><con:addedBasicAuthenticationTypes>Basic</con:addedBasicAuthenticationTypes><con:authType>Global HTTP Settings</con:authType></con:credentials><con:jmsConfig JMSDeliveryMode="PERSISTENT"/><con:jmsPropertyConfig/><con:wsaConfig mustUnderstand="NONE" version="200508" action="http://fidus.brussels/services/invoiceservice/markRequest"/><con:wsrmConfig version="1.2"/></con:call><con:call id="e53cabcc-d6b4-42b1-9967-f5f46cbf66a3" name="4 - Staging - LB - Request" outgoingWss="Outflow STAG"><con:settings><con:setting id="com.eviware.soapui.impl.wsdl.WsdlRequest@request-headers">&lt;xml-fragment/></con:setting></con:settings><con:encoding>UTF-8</con:encoding><con:endpoint>https://fidus-esb-sg.sta.srv.cirb.lan:8443/services/InvoiceService_v2.0</con:endpoint><con:request><![CDATA[<soapenv:Envelope xmlns:soapenv="http://schemas.xmlsoap.org/soap/envelope/" xmlns:v2="http://fidus.brussels/service/invoiceservice/messages/v2.0" xmlns:v11="http://fidus.brussels/type/common/messages/v1">
   <soapenv:Header/>
   <soapenv:Body>
      <v2:markDocumentRequest>
         <v2:messageContext>
            <v11:messageId>?</v11:messageId>
         </v2:messageContext>
         <v2:legalContext>ServiceIntegrator</v2:legalContext>
         <v2:request>
            <v12:receiverId xmlns:v12="http://fsb.belgium.be/einvoicing/simpleprior/v1_00">2222222222</v12:receiverId>
            <v12:senderId xmlns:v12="http://fsb.belgium.be/einvoicing/simpleprior/v1_00">0200013901</v12:senderId>
            <v12:documentType xmlns:v12="http://fsb.belgium.be/einvoicing/simpleprior/v1_00">380</v12:documentType>
            <v12:documentId xmlns:v12="http://fsb.belgium.be/einvoicing/simpleprior/v1_00">e878b54b-8a82-4bf3-8c8c-37eacdab2589</v12:documentId>         
         </v2:request>
      </v2:markDocumentRequest>
   </soapenv:Body>
</soapenv:Envelope>]]></con:request><con:credentials><con:selectedAuthProfile>Basic</con:selectedAuthProfile><con:addedBasicAuthenticationTypes>Basic</con:addedBasicAuthenticationTypes><con:authType>Global HTTP Settings</con:authType></con:credentials><con:jmsConfig JMSDeliveryMode="PERSISTENT"/><con:jmsPropertyConfig/><con:wsaConfig mustUnderstand="NONE" version="200508" action="http://fidus.brussels/services/invoiceservice/markRequest"/><con:wsrmConfig version="1.2"/></con:call><con:call id="f44401a5-cb9e-410c-826b-a6f5c15c10d3" name="4 - Staging - Worker1 - Request" outgoingWss="Outflow STAG"><con:settings><con:setting id="com.eviware.soapui.impl.wsdl.WsdlRequest@request-headers">&lt;xml-fragment/></con:setting></con:settings><con:encoding>UTF-8</con:encoding><con:endpoint>https://192.168.24.16:8443/services/InvoiceService_v2.0</con:endpoint><con:request><![CDATA[<soapenv:Envelope xmlns:soapenv="http://schemas.xmlsoap.org/soap/envelope/" xmlns:v2="http://fidus.brussels/service/invoiceservice/messages/v2.0" xmlns:v11="http://fidus.brussels/type/common/messages/v1">
   <soapenv:Header/>
   <soapenv:Body>
      <v2:markDocumentRequest>
         <v2:messageContext>
            <v11:messageId>?</v11:messageId>
         </v2:messageContext>
         <v2:legalContext>ServiceIntegrator</v2:legalContext>
         <v2:request>
            <v12:receiverId xmlns:v12="http://fsb.belgium.be/einvoicing/simpleprior/v1_00">2222222222</v12:receiverId>
            <v12:senderId xmlns:v12="http://fsb.belgium.be/einvoicing/simpleprior/v1_00">0200013901</v12:senderId>
            <v12:documentType xmlns:v12="http://fsb.belgium.be/einvoicing/simpleprior/v1_00">380</v12:documentType>
            <v12:documentId xmlns:v12="http://fsb.belgium.be/einvoicing/simpleprior/v1_00">e878b54b-8a82-4bf3-8c8c-37eacdab2589</v12:documentId>         
         </v2:request>
      </v2:markDocumentRequest>
   </soapenv:Body>
</soapenv:Envelope>]]></con:request><con:credentials><con:selectedAuthProfile>Basic</con:selectedAuthProfile><con:addedBasicAuthenticationTypes>Basic</con:addedBasicAuthenticationTypes><con:authType>Global HTTP Settings</con:authType></con:credentials><con:jmsConfig JMSDeliveryMode="PERSISTENT"/><con:jmsPropertyConfig/><con:wsaConfig mustUnderstand="NONE" version="200508" action="http://fidus.brussels/services/invoiceservice/markRequest"/><con:wsrmConfig version="1.2"/></con:call><con:call id="7182faeb-b0a5-4a1e-b07c-b4dee502aff3" name="4 - Staging - Worker2 - Request" outgoingWss="Outflow STAG"><con:settings><con:setting id="com.eviware.soapui.impl.wsdl.WsdlRequest@request-headers">&lt;xml-fragment/></con:setting></con:settings><con:encoding>UTF-8</con:encoding><con:endpoint>https://192.168.24.17:8443/services/InvoiceService_v2.0</con:endpoint><con:request><![CDATA[<soapenv:Envelope xmlns:soapenv="http://schemas.xmlsoap.org/soap/envelope/" xmlns:v2="http://fidus.brussels/service/invoiceservice/messages/v2.0" xmlns:v11="http://fidus.brussels/type/common/messages/v1">
   <soapenv:Header/>
   <soapenv:Body>
      <v2:markDocumentRequest>
         <v2:messageContext>
            <v11:messageId>?</v11:messageId>
         </v2:messageContext>
         <v2:legalContext>ServiceIntegrator</v2:legalContext>
         <v2:request>
            <v12:receiverId xmlns:v12="http://fsb.belgium.be/einvoicing/simpleprior/v1_00">2222222222</v12:receiverId>
            <v12:senderId xmlns:v12="http://fsb.belgium.be/einvoicing/simpleprior/v1_00">0200013901</v12:senderId>
            <v12:documentType xmlns:v12="http://fsb.belgium.be/einvoicing/simpleprior/v1_00">380</v12:documentType>
            <v12:documentId xmlns:v12="http://fsb.belgium.be/einvoicing/simpleprior/v1_00">e878b54b-8a82-4bf3-8c8c-37eacdab2589</v12:documentId>         
         </v2:request>
      </v2:markDocumentRequest>
   </soapenv:Body>
</soapenv:Envelope>]]></con:request><con:credentials><con:selectedAuthProfile>Basic</con:selectedAuthProfile><con:addedBasicAuthenticationTypes>Basic</con:addedBasicAuthenticationTypes><con:authType>Global HTTP Settings</con:authType></con:credentials><con:jmsConfig JMSDeliveryMode="PERSISTENT"/><con:jmsPropertyConfig/><con:wsaConfig mustUnderstand="NONE" version="200508" action="http://fidus.brussels/services/invoiceservice/markRequest"/><con:wsrmConfig version="1.2"/></con:call><con:call id="e5937b2c-edbc-404d-a53d-1636f107c0d7" name="5 - Prod - External - Request" outgoingWss="Outflow PROD"><con:settings><con:setting id="com.eviware.soapui.impl.wsdl.WsdlRequest@request-headers">&lt;xml-fragment/></con:setting></con:settings><con:encoding>UTF-8</con:encoding><con:endpoint>https://fidus.sec.brussels/services/InvoiceService_v2.0</con:endpoint><con:request><![CDATA[<soapenv:Envelope xmlns:soapenv="http://schemas.xmlsoap.org/soap/envelope/" xmlns:v2="http://fidus.brussels/service/invoiceservice/messages/v2.0" xmlns:v11="http://fidus.brussels/type/common/messages/v1">
   <soapenv:Header/>
   <soapenv:Body>
      <v2:markDocumentRequest>
         <v2:messageContext>
            <v11:messageId>?</v11:messageId>
         </v2:messageContext>
         <v2:legalContext>ServiceIntegrator</v2:legalContext>
         <v2:request>
            <v12:receiverId xmlns:v12="http://fsb.belgium.be/einvoicing/simpleprior/v1_00">2222222222</v12:receiverId>
            <v12:senderId xmlns:v12="http://fsb.belgium.be/einvoicing/simpleprior/v1_00">0200013901</v12:senderId>
            <v12:documentType xmlns:v12="http://fsb.belgium.be/einvoicing/simpleprior/v1_00">380</v12:documentType>
            <v12:documentId xmlns:v12="http://fsb.belgium.be/einvoicing/simpleprior/v1_00">e878b54b-8a82-4bf3-8c8c-37eacdab2589</v12:documentId>         
         </v2:request>
      </v2:markDocumentRequest>
   </soapenv:Body>
</soapenv:Envelope>]]></con:request><con:credentials><con:selectedAuthProfile>Basic</con:selectedAuthProfile><con:addedBasicAuthenticationTypes>Basic</con:addedBasicAuthenticationTypes><con:authType>Global HTTP Settings</con:authType></con:credentials><con:jmsConfig JMSDeliveryMode="PERSISTENT"/><con:jmsPropertyConfig/><con:wsaConfig mustUnderstand="NONE" version="200508" action="http://fidus.brussels/services/invoiceservice/markRequest"/><con:wsrmConfig version="1.2"/></con:call><con:call id="f53ee2a3-0c73-45f2-8430-3e25285e0b52" name="5 - Prod - LB - Request" outgoingWss="Outflow PROD"><con:settings><con:setting id="com.eviware.soapui.impl.wsdl.WsdlRequest@request-headers">&lt;xml-fragment/></con:setting></con:settings><con:encoding>UTF-8</con:encoding><con:endpoint>https://fidus-esb-sg.prd.srv.cirb.lan:8443/services/InvoiceService_v2.0</con:endpoint><con:request><![CDATA[<soapenv:Envelope xmlns:soapenv="http://schemas.xmlsoap.org/soap/envelope/" xmlns:v2="http://fidus.brussels/service/invoiceservice/messages/v2.0" xmlns:v11="http://fidus.brussels/type/common/messages/v1">
   <soapenv:Header/>
   <soapenv:Body>
      <v2:markDocumentRequest>
         <v2:messageContext>
            <v11:messageId>?</v11:messageId>
         </v2:messageContext>
         <v2:legalContext>ServiceIntegrator</v2:legalContext>
         <v2:request>
            <v12:receiverId xmlns:v12="http://fsb.belgium.be/einvoicing/simpleprior/v1_00">2222222222</v12:receiverId>
            <v12:senderId xmlns:v12="http://fsb.belgium.be/einvoicing/simpleprior/v1_00">0200013901</v12:senderId>
            <v12:documentType xmlns:v12="http://fsb.belgium.be/einvoicing/simpleprior/v1_00">380</v12:documentType>
            <v12:documentId xmlns:v12="http://fsb.belgium.be/einvoicing/simpleprior/v1_00">e878b54b-8a82-4bf3-8c8c-37eacdab2589</v12:documentId>         
         </v2:request>
      </v2:markDocumentRequest>
   </soapenv:Body>
</soapenv:Envelope>]]></con:request><con:credentials><con:selectedAuthProfile>Basic</con:selectedAuthProfile><con:addedBasicAuthenticationTypes>Basic</con:addedBasicAuthenticationTypes><con:authType>Global HTTP Settings</con:authType></con:credentials><con:jmsConfig JMSDeliveryMode="PERSISTENT"/><con:jmsPropertyConfig/><con:wsaConfig mustUnderstand="NONE" version="200508" action="http://fidus.brussels/services/invoiceservice/markRequest"/><con:wsrmConfig version="1.2"/></con:call><con:call id="14e3c581-0f8e-40d0-8f03-9c616ca24bc1" name="5 - Prod - Worker1 - Request" outgoingWss="Outflow PROD"><con:settings><con:setting id="com.eviware.soapui.impl.wsdl.WsdlRequest@request-headers">&lt;xml-fragment/></con:setting></con:settings><con:encoding>UTF-8</con:encoding><con:endpoint>https://192.168.26.22:8443/services/InvoiceService_v2.0</con:endpoint><con:request><![CDATA[<soapenv:Envelope xmlns:soapenv="http://schemas.xmlsoap.org/soap/envelope/" xmlns:v2="http://fidus.brussels/service/invoiceservice/messages/v2.0" xmlns:v1="http://fidus.brussels/service/invoiceservice/messages/v1.2" xmlns:v11="http://fidus.brussels/type/common/messages/v1" xmlns:urn="urn:oasis:names:specification:ubl:schema:xsd:CommonAggregateComponents-2" xmlns:urn1="urn:oasis:names:specification:ubl:schema:xsd:CommonBasicComponents-2">
   <soapenv:Header/>
   <soapenv:Body>
      <v2:markDocumentRequest>
         <v2:messageContext>
            <v11:messageId>?</v11:messageId>
         </v2:messageContext>
         <v2:legalContext>?</v2:legalContext>
         <v2:request>
            <v12:receiverId xmlns:v12="http://fsb.belgium.be/einvoicing/simpleprior/v1_00">?</v12:receiverId>
            <v12:senderId xmlns:v12="http://fsb.belgium.be/einvoicing/simpleprior/v1_00">?</v12:senderId>
            <v12:documentType xmlns:v12="http://fsb.belgium.be/einvoicing/simpleprior/v1_00">?</v12:documentType>
            <v12:documentId xmlns:v12="http://fsb.belgium.be/einvoicing/simpleprior/v1_00">?</v12:documentId>
         </v2:request>
      </v2:markDocumentRequest>
   </soapenv:Body>
</soapenv:Envelope>]]></con:request><con:credentials><con:selectedAuthProfile>Basic</con:selectedAuthProfile><con:addedBasicAuthenticationTypes>Basic</con:addedBasicAuthenticationTypes><con:authType>Global HTTP Settings</con:authType></con:credentials><con:jmsConfig JMSDeliveryMode="PERSISTENT"/><con:jmsPropertyConfig/><con:wsaConfig mustUnderstand="NONE" version="200508" action="http://fidus.brussels/services/invoiceservice/markRequest"/><con:wsrmConfig version="1.2"/></con:call><con:call id="34362480-5886-42f1-981c-55a9b55595b8" name="5 - Prod - Worker2 - Request" outgoingWss="Outflow PROD"><con:settings><con:setting id="com.eviware.soapui.impl.wsdl.WsdlRequest@request-headers">&lt;xml-fragment/></con:setting></con:settings><con:encoding>UTF-8</con:encoding><con:endpoint>https://192.168.26.19:8443/services/InvoiceService_v2.0</con:endpoint><con:request><![CDATA[<soapenv:Envelope xmlns:soapenv="http://schemas.xmlsoap.org/soap/envelope/" xmlns:v2="http://fidus.brussels/service/invoiceservice/messages/v2.0" xmlns:v1="http://fidus.brussels/service/invoiceservice/messages/v1.2" xmlns:v11="http://fidus.brussels/type/common/messages/v1" xmlns:urn="urn:oasis:names:specification:ubl:schema:xsd:CommonAggregateComponents-2" xmlns:urn1="urn:oasis:names:specification:ubl:schema:xsd:CommonBasicComponents-2">
   <soapenv:Header/>
   <soapenv:Body>
      <v2:markDocumentRequest>
         <v2:messageContext>
            <v11:messageId>?</v11:messageId>
         </v2:messageContext>
         <v2:legalContext>?</v2:legalContext>
         <v2:request>
            <v12:receiverId xmlns:v12="http://fsb.belgium.be/einvoicing/simpleprior/v1_00">?</v12:receiverId>
            <v12:senderId xmlns:v12="http://fsb.belgium.be/einvoicing/simpleprior/v1_00">?</v12:senderId>
            <v12:documentType xmlns:v12="http://fsb.belgium.be/einvoicing/simpleprior/v1_00">?</v12:documentType>
            <v12:documentId xmlns:v12="http://fsb.belgium.be/einvoicing/simpleprior/v1_00">?</v12:documentId>
         </v2:request>
      </v2:markDocumentRequest>
   </soapenv:Body>
</soapenv:Envelope>]]></con:request><con:credentials><con:selectedAuthProfile>Basic</con:selectedAuthProfile><con:addedBasicAuthenticationTypes>Basic</con:addedBasicAuthenticationTypes><con:authType>Global HTTP Settings</con:authType></con:credentials><con:jmsConfig JMSDeliveryMode="PERSISTENT"/><con:jmsPropertyConfig/><con:wsaConfig mustUnderstand="NONE" version="200508" action="http://fidus.brussels/services/invoiceservice/markRequest"/><con:wsrmConfig version="1.2"/></con:call></con:operation><con:operation id="9abadbef-5491-4153-b2f0-c706ab494a58" isOneWay="false" action="http://fidus.brussels/services/invoiceservice/retrieveDocument" name="retrieveDocument" bindingOperationName="retrieveDocument" type="Request-Response" inputName="" receivesAttachments="false" sendsAttachments="false" anonymous="optional"><con:settings/><con:call id="d5913743-65b6-4f0e-830d-08b91ac12fca" name="1 - Local - Request" outgoingWss="Outflow DEV"><con:settings><con:setting id="com.eviware.soapui.impl.wsdl.WsdlRequest@request-headers">&lt;xml-fragment/></con:setting></con:settings><con:encoding>UTF-8</con:encoding><con:endpoint>https://localhost:8243/services/InvoiceService_v2.0</con:endpoint><con:request><![CDATA[<soapenv:Envelope xmlns:soapenv="http://schemas.xmlsoap.org/soap/envelope/" xmlns:v2="http://fidus.brussels/service/invoiceservice/messages/v2.0" xmlns:v11="http://fidus.brussels/type/common/messages/v1">
   <soapenv:Header/>
   <soapenv:Body>
      <v2:retrieveDocumentRequest>
         <v2:messageContext>
            <v11:messageId>?</v11:messageId>
         </v2:messageContext>
         <v2:legalContext>ServiceIntegrator</v2:legalContext>
         <v2:request>
            <v12:receiverId xmlns:v12="http://fsb.belgium.be/einvoicing/simpleprior/v1_00">0463152333</v12:receiverId>
            <v12:senderId xmlns:v12="http://fsb.belgium.be/einvoicing/simpleprior/v1_00">0200013901</v12:senderId>
            <v12:documentType xmlns:v12="http://fsb.belgium.be/einvoicing/simpleprior/v1_00">380</v12:documentType>
            <v12:documentId xmlns:v12="http://fsb.belgium.be/einvoicing/simpleprior/v1_00">118120479086FAKDEC-20-5B</v12:documentId>         
         </v2:request>
      </v2:retrieveDocumentRequest>
   </soapenv:Body>
</soapenv:Envelope>]]></con:request><con:credentials><con:selectedAuthProfile>Basic</con:selectedAuthProfile><con:addedBasicAuthenticationTypes>Basic</con:addedBasicAuthenticationTypes><con:authType>Global HTTP Settings</con:authType></con:credentials><con:jmsConfig JMSDeliveryMode="PERSISTENT"/><con:jmsPropertyConfig/><con:wsaConfig mustUnderstand="NONE" version="200508" action="http://fidus.brussels/services/invoiceservice/retrieveRequest"/><con:wsrmConfig version="1.2"/></con:call><con:call id="f9cdb41a-57ba-40b3-8433-50712fb81a27" name="2 - Dev - Request" outgoingWss="Outflow DEV"><con:settings><con:setting id="com.eviware.soapui.impl.wsdl.WsdlRequest@request-headers">&lt;xml-fragment/></con:setting></con:settings><con:encoding>UTF-8</con:encoding><con:endpoint>https://192.168.36.61:8243/services/InvoiceService_v2.0</con:endpoint><con:request><![CDATA[<soapenv:Envelope xmlns:soapenv="http://schemas.xmlsoap.org/soap/envelope/" xmlns:v2="http://fidus.brussels/service/invoiceservice/messages/v2.0" xmlns:v11="http://fidus.brussels/type/common/messages/v1">
   <soapenv:Header/>
   <soapenv:Body>
      <v2:retrieveDocumentRequest>
         <v2:messageContext>
            <v11:messageId>?</v11:messageId>
         </v2:messageContext>
         <v2:legalContext>ServiceIntegrator</v2:legalContext>
         <v2:request>
            <v12:receiverId xmlns:v12="http://fsb.belgium.be/einvoicing/simpleprior/v1_00">0463152333</v12:receiverId>
            <v12:senderId xmlns:v12="http://fsb.belgium.be/einvoicing/simpleprior/v1_00">0200013901</v12:senderId>
            <v12:documentType xmlns:v12="http://fsb.belgium.be/einvoicing/simpleprior/v1_00">380</v12:documentType>
            <v12:documentId xmlns:v12="http://fsb.belgium.be/einvoicing/simpleprior/v1_00">118120479086FAKDEC-20-5B</v12:documentId>         
         </v2:request>
      </v2:retrieveDocumentRequest>
   </soapenv:Body>
</soapenv:Envelope>]]></con:request><con:credentials><con:selectedAuthProfile>Basic</con:selectedAuthProfile><con:addedBasicAuthenticationTypes>Basic</con:addedBasicAuthenticationTypes><con:authType>Global HTTP Settings</con:authType></con:credentials><con:jmsConfig JMSDeliveryMode="PERSISTENT"/><con:jmsPropertyConfig/><con:wsaConfig mustUnderstand="NONE" version="200508" action="http://fidus.brussels/services/invoiceservice/retrieveRequest"/><con:wsrmConfig version="1.2"/></con:call><con:call id="8037ec9f-4934-4d94-b585-777c4e4c0570" name="3 - Test - External - Request" outgoingWss="Outflow TEST"><con:settings><con:setting id="com.eviware.soapui.impl.wsdl.WsdlRequest@request-headers">&lt;xml-fragment/></con:setting></con:settings><con:encoding>UTF-8</con:encoding><con:endpoint>https://fidus-test.irisnetlab.be/services/InvoiceService_v2.0</con:endpoint><con:request><![CDATA[<soapenv:Envelope xmlns:soapenv="http://schemas.xmlsoap.org/soap/envelope/" xmlns:v2="http://fidus.brussels/service/invoiceservice/messages/v2.0" xmlns:v11="http://fidus.brussels/type/common/messages/v1">
   <soapenv:Header/>
   <soapenv:Body>
      <v2:retrieveDocumentRequest>
         <v2:messageContext>
            <v11:messageId>?</v11:messageId>
         </v2:messageContext>
         <v2:legalContext>ServiceIntegrator</v2:legalContext>
         <v2:request>
            <v12:receiverId xmlns:v12="http://fsb.belgium.be/einvoicing/simpleprior/v1_00">0463152333</v12:receiverId>
            <v12:senderId xmlns:v12="http://fsb.belgium.be/einvoicing/simpleprior/v1_00">0200013901</v12:senderId>
            <v12:documentType xmlns:v12="http://fsb.belgium.be/einvoicing/simpleprior/v1_00">380</v12:documentType>
            <v12:documentId xmlns:v12="http://fsb.belgium.be/einvoicing/simpleprior/v1_00">118120479086FAKDEC-20-5B</v12:documentId>         
         </v2:request>
      </v2:retrieveDocumentRequest>
   </soapenv:Body>
</soapenv:Envelope>]]></con:request><con:credentials><con:selectedAuthProfile>Basic</con:selectedAuthProfile><con:addedBasicAuthenticationTypes>Basic</con:addedBasicAuthenticationTypes><con:authType>Global HTTP Settings</con:authType></con:credentials><con:jmsConfig JMSDeliveryMode="PERSISTENT"/><con:jmsPropertyConfig/><con:wsaConfig mustUnderstand="NONE" version="200508" action="http://fidus.brussels/services/invoiceservice/retrieveRequest"/><con:wsrmConfig version="1.2"/></con:call><con:call id="78eb90f7-7055-4654-85bf-433b67f75418" name="3 - Test - LB - Request" outgoingWss="Outflow TEST"><con:settings><con:setting id="com.eviware.soapui.impl.wsdl.WsdlRequest@request-headers">&lt;xml-fragment/></con:setting></con:settings><con:encoding>UTF-8</con:encoding><con:endpoint>https://esb-security-gw.sta.srv.cirb.lan:8443/services/InvoiceService_v2.0</con:endpoint><con:request><![CDATA[<soapenv:Envelope xmlns:soapenv="http://schemas.xmlsoap.org/soap/envelope/" xmlns:v2="http://fidus.brussels/service/invoiceservice/messages/v2.0" xmlns:v11="http://fidus.brussels/type/common/messages/v1">
   <soapenv:Header/>
   <soapenv:Body>
      <v2:retrieveDocumentRequest>
         <v2:messageContext>
            <v11:messageId>?</v11:messageId>
         </v2:messageContext>
         <v2:legalContext>ServiceIntegrator</v2:legalContext>
         <v2:request>
            <v12:receiverId xmlns:v12="http://fsb.belgium.be/einvoicing/simpleprior/v1_00">0463152333</v12:receiverId>
            <v12:senderId xmlns:v12="http://fsb.belgium.be/einvoicing/simpleprior/v1_00">0200013901</v12:senderId>
            <v12:documentType xmlns:v12="http://fsb.belgium.be/einvoicing/simpleprior/v1_00">380</v12:documentType>
            <v12:documentId xmlns:v12="http://fsb.belgium.be/einvoicing/simpleprior/v1_00">118120479086FAKDEC-20-5B</v12:documentId>         
         </v2:request>
      </v2:retrieveDocumentRequest>
   </soapenv:Body>
</soapenv:Envelope>]]></con:request><con:credentials><con:selectedAuthProfile>Basic</con:selectedAuthProfile><con:addedBasicAuthenticationTypes>Basic</con:addedBasicAuthenticationTypes><con:authType>Global HTTP Settings</con:authType></con:credentials><con:jmsConfig JMSDeliveryMode="PERSISTENT"/><con:jmsPropertyConfig/><con:wsaConfig mustUnderstand="NONE" version="200508" action="http://fidus.brussels/services/invoiceservice/retrieveRequest"/><con:wsrmConfig version="1.2"/></con:call><con:call id="027bd321-a952-48c9-a208-7f3cc5986e10" name="3 - Test - Worker1 - Request" outgoingWss="Outflow TEST"><con:settings><con:setting id="com.eviware.soapui.impl.wsdl.WsdlRequest@request-headers">&lt;xml-fragment/></con:setting></con:settings><con:encoding>UTF-8</con:encoding><con:endpoint>https://192.168.22.53:8443/services/InvoiceService_v2.0</con:endpoint><con:request><![CDATA[<soapenv:Envelope xmlns:soapenv="http://schemas.xmlsoap.org/soap/envelope/" xmlns:v2="http://fidus.brussels/service/invoiceservice/messages/v2.0" xmlns:v11="http://fidus.brussels/type/common/messages/v1">
   <soapenv:Header/>
   <soapenv:Body>
      <v2:retrieveDocumentRequest>
         <v2:messageContext>
            <v11:messageId>?</v11:messageId>
         </v2:messageContext>
         <v2:legalContext>ServiceIntegrator</v2:legalContext>
         <v2:request>
            <v12:receiverId xmlns:v12="http://fsb.belgium.be/einvoicing/simpleprior/v1_00">0463152333</v12:receiverId>
            <v12:senderId xmlns:v12="http://fsb.belgium.be/einvoicing/simpleprior/v1_00">0200013901</v12:senderId>
            <v12:documentType xmlns:v12="http://fsb.belgium.be/einvoicing/simpleprior/v1_00">380</v12:documentType>
            <v12:documentId xmlns:v12="http://fsb.belgium.be/einvoicing/simpleprior/v1_00">118120479086FAKDEC-20-5B</v12:documentId>         
         </v2:request>
      </v2:retrieveDocumentRequest>
   </soapenv:Body>
</soapenv:Envelope>]]></con:request><con:credentials><con:selectedAuthProfile>Basic</con:selectedAuthProfile><con:addedBasicAuthenticationTypes>Basic</con:addedBasicAuthenticationTypes><con:authType>Global HTTP Settings</con:authType></con:credentials><con:jmsConfig JMSDeliveryMode="PERSISTENT"/><con:jmsPropertyConfig/><con:wsaConfig mustUnderstand="NONE" version="200508" action="http://fidus.brussels/services/invoiceservice/retrieveRequest"/><con:wsrmConfig version="1.2"/></con:call><con:call id="2d581a36-f256-4d84-8197-15cc02258f0a" name="3 - Test - Worker2 - Request" outgoingWss="Outflow TEST"><con:settings><con:setting id="com.eviware.soapui.impl.wsdl.WsdlRequest@request-headers">&lt;xml-fragment/></con:setting></con:settings><con:encoding>UTF-8</con:encoding><con:endpoint>https://192.168.22.54:8443/services/InvoiceService_v2.0</con:endpoint><con:request><![CDATA[<soapenv:Envelope xmlns:soapenv="http://schemas.xmlsoap.org/soap/envelope/" xmlns:v2="http://fidus.brussels/service/invoiceservice/messages/v2.0" xmlns:v11="http://fidus.brussels/type/common/messages/v1">
   <soapenv:Header/>
   <soapenv:Body>
      <v2:retrieveDocumentRequest>
         <v2:messageContext>
            <v11:messageId>?</v11:messageId>
         </v2:messageContext>
         <v2:legalContext>ServiceIntegrator</v2:legalContext>
         <v2:request>
            <v12:receiverId xmlns:v12="http://fsb.belgium.be/einvoicing/simpleprior/v1_00">0463152333</v12:receiverId>
            <v12:senderId xmlns:v12="http://fsb.belgium.be/einvoicing/simpleprior/v1_00">0200013901</v12:senderId>
            <v12:documentType xmlns:v12="http://fsb.belgium.be/einvoicing/simpleprior/v1_00">380</v12:documentType>
            <v12:documentId xmlns:v12="http://fsb.belgium.be/einvoicing/simpleprior/v1_00">118120479086FAKDEC-20-5B</v12:documentId>         
         </v2:request>
      </v2:retrieveDocumentRequest>
   </soapenv:Body>
</soapenv:Envelope>]]></con:request><con:credentials><con:selectedAuthProfile>Basic</con:selectedAuthProfile><con:addedBasicAuthenticationTypes>Basic</con:addedBasicAuthenticationTypes><con:authType>Global HTTP Settings</con:authType></con:credentials><con:jmsConfig JMSDeliveryMode="PERSISTENT"/><con:jmsPropertyConfig/><con:wsaConfig mustUnderstand="NONE" version="200508" action="http://fidus.brussels/services/invoiceservice/retrieveRequest"/><con:wsrmConfig version="1.2"/></con:call><con:call id="9be5211e-f9bf-43c8-8905-558971855457" name="4 - Staging - External - Request" outgoingWss="Outflow STAG"><con:settings><con:setting id="com.eviware.soapui.impl.wsdl.WsdlRequest@request-headers">&lt;xml-fragment/></con:setting></con:settings><con:encoding>UTF-8</con:encoding><con:endpoint>https://fidus.irisnetlab.be/services/InvoiceService_v2.0</con:endpoint><con:request><![CDATA[<soapenv:Envelope xmlns:soapenv="http://schemas.xmlsoap.org/soap/envelope/" xmlns:v2="http://fidus.brussels/service/invoiceservice/messages/v2.0" xmlns:v11="http://fidus.brussels/type/common/messages/v1">
   <soapenv:Header/>
   <soapenv:Body>
      <v2:retrieveDocumentRequest>
         <v2:messageContext>
            <v11:messageId>?</v11:messageId>
         </v2:messageContext>
         <v2:legalContext>ServiceIntegrator</v2:legalContext>
         <v2:request>
            <v12:receiverId xmlns:v12="http://fsb.belgium.be/einvoicing/simpleprior/v1_00">0463152333</v12:receiverId>
            <v12:senderId xmlns:v12="http://fsb.belgium.be/einvoicing/simpleprior/v1_00">0200013901</v12:senderId>
            <v12:documentType xmlns:v12="http://fsb.belgium.be/einvoicing/simpleprior/v1_00">380</v12:documentType>
            <v12:documentId xmlns:v12="http://fsb.belgium.be/einvoicing/simpleprior/v1_00">118120479086FAKDEC-20-5B</v12:documentId>         
         </v2:request>
      </v2:retrieveDocumentRequest>
   </soapenv:Body>
</soapenv:Envelope>]]></con:request><con:credentials><con:selectedAuthProfile>Basic</con:selectedAuthProfile><con:addedBasicAuthenticationTypes>Basic</con:addedBasicAuthenticationTypes><con:authType>Global HTTP Settings</con:authType></con:credentials><con:jmsConfig JMSDeliveryMode="PERSISTENT"/><con:jmsPropertyConfig/><con:wsaConfig mustUnderstand="NONE" version="200508" action="http://fidus.brussels/services/invoiceservice/retrieveRequest"/><con:wsrmConfig version="1.2"/></con:call><con:call id="85f4c695-35f7-46b1-a60b-db44d2effd5d" name="4 - Staging - LB - Request" outgoingWss="Outflow STAG"><con:settings><con:setting id="com.eviware.soapui.impl.wsdl.WsdlRequest@request-headers">&lt;xml-fragment/></con:setting></con:settings><con:encoding>UTF-8</con:encoding><con:endpoint>https://fidus-esb-sg.sta.srv.cirb.lan:8443/services/InvoiceService_v2.0</con:endpoint><con:request><![CDATA[<soapenv:Envelope xmlns:soapenv="http://schemas.xmlsoap.org/soap/envelope/" xmlns:v2="http://fidus.brussels/service/invoiceservice/messages/v2.0" xmlns:v11="http://fidus.brussels/type/common/messages/v1">
   <soapenv:Header/>
   <soapenv:Body>
      <v2:retrieveDocumentRequest>
         <v2:messageContext>
            <v11:messageId>?</v11:messageId>
         </v2:messageContext>
         <v2:legalContext>ServiceIntegrator</v2:legalContext>
         <v2:request>
            <v12:receiverId xmlns:v12="http://fsb.belgium.be/einvoicing/simpleprior/v1_00">0463152333</v12:receiverId>
            <v12:senderId xmlns:v12="http://fsb.belgium.be/einvoicing/simpleprior/v1_00">0200013901</v12:senderId>
            <v12:documentType xmlns:v12="http://fsb.belgium.be/einvoicing/simpleprior/v1_00">380</v12:documentType>
            <v12:documentId xmlns:v12="http://fsb.belgium.be/einvoicing/simpleprior/v1_00">118120479086FAKDEC-20-5B</v12:documentId>         
         </v2:request>
      </v2:retrieveDocumentRequest>
   </soapenv:Body>
</soapenv:Envelope>]]></con:request><con:credentials><con:selectedAuthProfile>Basic</con:selectedAuthProfile><con:addedBasicAuthenticationTypes>Basic</con:addedBasicAuthenticationTypes><con:authType>Global HTTP Settings</con:authType></con:credentials><con:jmsConfig JMSDeliveryMode="PERSISTENT"/><con:jmsPropertyConfig/><con:wsaConfig mustUnderstand="NONE" version="200508" action="http://fidus.brussels/services/invoiceservice/retrieveRequest"/><con:wsrmConfig version="1.2"/></con:call><con:call id="3550d1c0-c54a-4d84-a323-27b40a392363" name="4 - Staging - Worker1 - Request" outgoingWss="Outflow STAG"><con:settings><con:setting id="com.eviware.soapui.impl.wsdl.WsdlRequest@request-headers">&lt;xml-fragment/></con:setting></con:settings><con:encoding>UTF-8</con:encoding><con:endpoint>https://192.168.24.16:8443/services/InvoiceService_v2.0</con:endpoint><con:request><![CDATA[<soapenv:Envelope xmlns:soapenv="http://schemas.xmlsoap.org/soap/envelope/" xmlns:v2="http://fidus.brussels/service/invoiceservice/messages/v2.0" xmlns:v11="http://fidus.brussels/type/common/messages/v1">
   <soapenv:Header/>
   <soapenv:Body>
      <v2:retrieveDocumentRequest>
         <v2:messageContext>
            <v11:messageId>?</v11:messageId>
         </v2:messageContext>
         <v2:legalContext>ServiceIntegrator</v2:legalContext>
         <v2:request>
            <v12:receiverId xmlns:v12="http://fsb.belgium.be/einvoicing/simpleprior/v1_00">0463152333</v12:receiverId>
            <v12:senderId xmlns:v12="http://fsb.belgium.be/einvoicing/simpleprior/v1_00">0200013901</v12:senderId>
            <v12:documentType xmlns:v12="http://fsb.belgium.be/einvoicing/simpleprior/v1_00">380</v12:documentType>
            <v12:documentId xmlns:v12="http://fsb.belgium.be/einvoicing/simpleprior/v1_00">118120479086FAKDEC-20-5B</v12:documentId>         
         </v2:request>
      </v2:retrieveDocumentRequest>
   </soapenv:Body>
</soapenv:Envelope>]]></con:request><con:credentials><con:selectedAuthProfile>Basic</con:selectedAuthProfile><con:addedBasicAuthenticationTypes>Basic</con:addedBasicAuthenticationTypes><con:authType>Global HTTP Settings</con:authType></con:credentials><con:jmsConfig JMSDeliveryMode="PERSISTENT"/><con:jmsPropertyConfig/><con:wsaConfig mustUnderstand="NONE" version="200508" action="http://fidus.brussels/services/invoiceservice/retrieveRequest"/><con:wsrmConfig version="1.2"/></con:call><con:call id="666a6169-ae5f-482d-bad1-0a1be71a00fe" name="4 - Staging - Worker2 - Request" outgoingWss="Outflow STAG"><con:settings><con:setting id="com.eviware.soapui.impl.wsdl.WsdlRequest@request-headers">&lt;xml-fragment/></con:setting></con:settings><con:encoding>UTF-8</con:encoding><con:endpoint>https://192.168.24.17:8443/services/InvoiceService_v2.0</con:endpoint><con:request><![CDATA[<soapenv:Envelope xmlns:soapenv="http://schemas.xmlsoap.org/soap/envelope/" xmlns:v2="http://fidus.brussels/service/invoiceservice/messages/v2.0" xmlns:v11="http://fidus.brussels/type/common/messages/v1">
   <soapenv:Header/>
   <soapenv:Body>
      <v2:retrieveDocumentRequest>
         <v2:messageContext>
            <v11:messageId>?</v11:messageId>
         </v2:messageContext>
         <v2:legalContext>ServiceIntegrator</v2:legalContext>
         <v2:request>
            <v12:receiverId xmlns:v12="http://fsb.belgium.be/einvoicing/simpleprior/v1_00">0463152333</v12:receiverId>
            <v12:senderId xmlns:v12="http://fsb.belgium.be/einvoicing/simpleprior/v1_00">0200013901</v12:senderId>
            <v12:documentType xmlns:v12="http://fsb.belgium.be/einvoicing/simpleprior/v1_00">380</v12:documentType>
            <v12:documentId xmlns:v12="http://fsb.belgium.be/einvoicing/simpleprior/v1_00">118120479086FAKDEC-20-5B</v12:documentId>         
         </v2:request>
      </v2:retrieveDocumentRequest>
   </soapenv:Body>
</soapenv:Envelope>]]></con:request><con:credentials><con:selectedAuthProfile>Basic</con:selectedAuthProfile><con:addedBasicAuthenticationTypes>Basic</con:addedBasicAuthenticationTypes><con:authType>Global HTTP Settings</con:authType></con:credentials><con:jmsConfig JMSDeliveryMode="PERSISTENT"/><con:jmsPropertyConfig/><con:wsaConfig mustUnderstand="NONE" version="200508" action="http://fidus.brussels/services/invoiceservice/retrieveRequest"/><con:wsrmConfig version="1.2"/></con:call><con:call id="9dbbed22-9cd0-4756-bea4-0184924e94d3" name="5 - Prod - External - Request" outgoingWss="Outflow PROD"><con:settings><con:setting id="com.eviware.soapui.impl.wsdl.WsdlRequest@request-headers">&lt;xml-fragment/></con:setting></con:settings><con:encoding>UTF-8</con:encoding><con:endpoint>https://fidus.sec.brussels/services/InvoiceService_v2.0</con:endpoint><con:request><![CDATA[<soapenv:Envelope xmlns:soapenv="http://schemas.xmlsoap.org/soap/envelope/" xmlns:v2="http://fidus.brussels/service/invoiceservice/messages/v2.0" xmlns:v11="http://fidus.brussels/type/common/messages/v1">
   <soapenv:Header/>
   <soapenv:Body>
      <v2:retrieveDocumentRequest>
         <v2:messageContext>
            <v11:messageId>?</v11:messageId>
         </v2:messageContext>
         <v2:legalContext>ServiceIntegrator</v2:legalContext>
         <v2:request>
            <v12:receiverId xmlns:v12="http://fsb.belgium.be/einvoicing/simpleprior/v1_00">0463152333</v12:receiverId>
            <v12:senderId xmlns:v12="http://fsb.belgium.be/einvoicing/simpleprior/v1_00">0200013901</v12:senderId>
            <v12:documentType xmlns:v12="http://fsb.belgium.be/einvoicing/simpleprior/v1_00">380</v12:documentType>
            <v12:documentId xmlns:v12="http://fsb.belgium.be/einvoicing/simpleprior/v1_00">118120479086FAKDEC-20-5B</v12:documentId>         
         </v2:request>
      </v2:retrieveDocumentRequest>
   </soapenv:Body>
</soapenv:Envelope>]]></con:request><con:credentials><con:selectedAuthProfile>Basic</con:selectedAuthProfile><con:addedBasicAuthenticationTypes>Basic</con:addedBasicAuthenticationTypes><con:authType>Global HTTP Settings</con:authType></con:credentials><con:jmsConfig JMSDeliveryMode="PERSISTENT"/><con:jmsPropertyConfig/><con:wsaConfig mustUnderstand="NONE" version="200508" action="http://fidus.brussels/services/invoiceservice/retrieveRequest"/><con:wsrmConfig version="1.2"/></con:call><con:call id="290d553f-c17f-4a47-95b3-21b6c757a5c5" name="5 - Prod - LB - Request" outgoingWss="Outflow PROD"><con:settings><con:setting id="com.eviware.soapui.impl.wsdl.WsdlRequest@request-headers">&lt;xml-fragment/></con:setting></con:settings><con:encoding>UTF-8</con:encoding><con:endpoint>https://fidus-esb-sg.prd.srv.cirb.lan:8443/services/InvoiceService_v2.0</con:endpoint><con:request><![CDATA[<soapenv:Envelope xmlns:soapenv="http://schemas.xmlsoap.org/soap/envelope/" xmlns:v2="http://fidus.brussels/service/invoiceservice/messages/v2.0" xmlns:v11="http://fidus.brussels/type/common/messages/v1">
   <soapenv:Header/>
   <soapenv:Body>
      <v2:retrieveDocumentRequest>
         <v2:messageContext>
            <v11:messageId>?</v11:messageId>
         </v2:messageContext>
         <v2:legalContext>ServiceIntegrator</v2:legalContext>
         <v2:request>
            <v12:receiverId xmlns:v12="http://fsb.belgium.be/einvoicing/simpleprior/v1_00">0463152333</v12:receiverId>
            <v12:senderId xmlns:v12="http://fsb.belgium.be/einvoicing/simpleprior/v1_00">0200013901</v12:senderId>
            <v12:documentType xmlns:v12="http://fsb.belgium.be/einvoicing/simpleprior/v1_00">380</v12:documentType>
            <v12:documentId xmlns:v12="http://fsb.belgium.be/einvoicing/simpleprior/v1_00">118120479086FAKDEC-20-5B</v12:documentId>         
         </v2:request>
      </v2:retrieveDocumentRequest>
   </soapenv:Body>
</soapenv:Envelope>]]></con:request><con:credentials><con:selectedAuthProfile>Basic</con:selectedAuthProfile><con:addedBasicAuthenticationTypes>Basic</con:addedBasicAuthenticationTypes><con:authType>Global HTTP Settings</con:authType></con:credentials><con:jmsConfig JMSDeliveryMode="PERSISTENT"/><con:jmsPropertyConfig/><con:wsaConfig mustUnderstand="NONE" version="200508" action="http://fidus.brussels/services/invoiceservice/retrieveRequest"/><con:wsrmConfig version="1.2"/></con:call><con:call id="9a8c89fc-c6fe-482c-9e8f-4de5fa1c1978" name="5 - Prod - Worker1 - Request" outgoingWss="Outflow PROD"><con:settings><con:setting id="com.eviware.soapui.impl.wsdl.WsdlRequest@request-headers">&lt;xml-fragment/></con:setting></con:settings><con:encoding>UTF-8</con:encoding><con:endpoint>https://192.168.26.22:8443/services/InvoiceService_v2.0</con:endpoint><con:request><![CDATA[<soapenv:Envelope xmlns:soapenv="http://schemas.xmlsoap.org/soap/envelope/" xmlns:v2="http://fidus.brussels/service/invoiceservice/messages/v2.0" xmlns:v11="http://fidus.brussels/type/common/messages/v1">
   <soapenv:Header/>
   <soapenv:Body>
      <v2:retrieveDocumentRequest>
         <v2:messageContext>
            <v11:messageId>?</v11:messageId>
         </v2:messageContext>
         <v2:legalContext>ServiceIntegrator</v2:legalContext>
         <v2:request>
            <v12:receiverId xmlns:v12="http://fsb.belgium.be/einvoicing/simpleprior/v1_00">0463152333</v12:receiverId>
            <v12:senderId xmlns:v12="http://fsb.belgium.be/einvoicing/simpleprior/v1_00">0200013901</v12:senderId>
            <v12:documentType xmlns:v12="http://fsb.belgium.be/einvoicing/simpleprior/v1_00">380</v12:documentType>
            <v12:documentId xmlns:v12="http://fsb.belgium.be/einvoicing/simpleprior/v1_00">118120479086FAKDEC-20-5B</v12:documentId>         
         </v2:request>
      </v2:retrieveDocumentRequest>
   </soapenv:Body>
</soapenv:Envelope>]]></con:request><con:credentials><con:selectedAuthProfile>Basic</con:selectedAuthProfile><con:addedBasicAuthenticationTypes>Basic</con:addedBasicAuthenticationTypes><con:authType>Global HTTP Settings</con:authType></con:credentials><con:jmsConfig JMSDeliveryMode="PERSISTENT"/><con:jmsPropertyConfig/><con:wsaConfig mustUnderstand="NONE" version="200508" action="http://fidus.brussels/services/invoiceservice/retrieveRequest"/><con:wsrmConfig version="1.2"/></con:call><con:call id="714832a2-97dd-4236-a4cc-9f6638bf0ae6" name="5 - Prod - Worker2 - Request" outgoingWss="Outflow PROD"><con:settings><con:setting id="com.eviware.soapui.impl.wsdl.WsdlRequest@request-headers">&lt;xml-fragment/></con:setting></con:settings><con:encoding>UTF-8</con:encoding><con:endpoint>https://192.168.26.19:8443/services/InvoiceService_v2.0</con:endpoint><con:request><![CDATA[<soapenv:Envelope xmlns:soapenv="http://schemas.xmlsoap.org/soap/envelope/" xmlns:v2="http://fidus.brussels/service/invoiceservice/messages/v2.0" xmlns:v11="http://fidus.brussels/type/common/messages/v1">
   <soapenv:Header/>
   <soapenv:Body>
      <v2:retrieveDocumentRequest>
         <v2:messageContext>
            <v11:messageId>?</v11:messageId>
         </v2:messageContext>
         <v2:legalContext>ServiceIntegrator</v2:legalContext>
         <v2:request>
            <v12:receiverId xmlns:v12="http://fsb.belgium.be/einvoicing/simpleprior/v1_00">0463152333</v12:receiverId>
            <v12:senderId xmlns:v12="http://fsb.belgium.be/einvoicing/simpleprior/v1_00">0200013901</v12:senderId>
            <v12:documentType xmlns:v12="http://fsb.belgium.be/einvoicing/simpleprior/v1_00">380</v12:documentType>
            <v12:documentId xmlns:v12="http://fsb.belgium.be/einvoicing/simpleprior/v1_00">118120479086FAKDEC-20-5B</v12:documentId>         
         </v2:request>
      </v2:retrieveDocumentRequest>
   </soapenv:Body>
</soapenv:Envelope>]]></con:request><con:credentials><con:selectedAuthProfile>Basic</con:selectedAuthProfile><con:addedBasicAuthenticationTypes>Basic</con:addedBasicAuthenticationTypes><con:authType>Global HTTP Settings</con:authType></con:credentials><con:jmsConfig JMSDeliveryMode="PERSISTENT"/><con:jmsPropertyConfig/><con:wsaConfig mustUnderstand="NONE" version="200508" action="http://fidus.brussels/services/invoiceservice/retrieveRequest"/><con:wsrmConfig version="1.2"/></con:call></con:operation><con:operation id="addfdc45-e949-456a-91bb-12fdd3e4b5c0" isOneWay="false" action="http://fidus.brussels/services/invoiceservice/submitDocument" name="submitDocument" bindingOperationName="submitDocument" type="Request-Response" inputName="" receivesAttachments="false" sendsAttachments="false" anonymous="optional"><con:settings/><con:call id="2106af7a-2cb0-450b-9abc-96c3a9a40c95" name="1 - Local - Request" outgoingWss="Outflow DEV"><con:settings><con:setting id="com.eviware.soapui.impl.wsdl.WsdlRequest@request-headers">&lt;xml-fragment/></con:setting></con:settings><con:encoding>UTF-8</con:encoding><con:endpoint>https://localhost:8243/services/InvoiceService_v2.0</con:endpoint><con:request><![CDATA[<soapenv:Envelope xmlns:soapenv="http://schemas.xmlsoap.org/soap/envelope/" xmlns:v2="http://fidus.brussels/service/invoiceservice/messages/v2.0" xmlns:v1="http://fidus.brussels/service/invoiceservice/messages/v1.2" xmlns:v11="http://fidus.brussels/type/common/messages/v1" xmlns:urn="urn:oasis:names:specification:ubl:schema:xsd:ApplicationResponse-2" xmlns:urn1="urn:oasis:names:specification:ubl:schema:xsd:CommonExtensionComponents-2" xmlns:urn2="urn:oasis:names:specification:ubl:schema:xsd:CommonBasicComponents-2" xmlns:urn3="urn:oasis:names:specification:ubl:schema:xsd:CommonAggregateComponents-2">
   <soapenv:Header/>
   <soapenv:Body>
      <v2:submitDocumentRequest>
         <v2:messageContext>
            <v11:messageId>?</v11:messageId>
         </v2:messageContext>
         <v2:legalContext>ServiceIntegrator</v2:legalContext>
         <v2:request>
            <v12:document xmlns:v12="http://fsb.belgium.be/einvoicing/simpleprior/v1_00">                
            <Invoice xmlns="urn:oasis:names:specification:ubl:schema:xsd:Invoice-2"
                    xmlns:cbc="urn:oasis:names:specification:ubl:schema:xsd:CommonBasicComponents-2"
                    xmlns:cac="urn:oasis:names:specification:ubl:schema:xsd:CommonAggregateComponents-2">
               <cbc:UBLVersionID>2.1</cbc:UBLVersionID>
               <cbc:CustomizationID>urn:www.cenbii.eu:transaction:biitrns010:ver2.0:extended:urn:www.peppol.eu:bis:peppol5a:ver2.0</cbc:CustomizationID>
               <cbc:ProfileID>urn:www.cenbii.eu:profile:bii05:ver2.0</cbc:ProfileID>
               <cbc:ID>118120479086FAKNOV-13-5B</cbc:ID>
               <cbc:IssueDate>2018-06-12</cbc:IssueDate>
               <cbc:InvoiceTypeCode listID="UNCL1001">380</cbc:InvoiceTypeCode>
               <cbc:DocumentCurrencyCode listID="ISO4217">EUR</cbc:DocumentCurrencyCode>
               <cac:AccountingSupplierParty>
                  <cac:Party>
                     <cac:PartyIdentification>
                        <cbc:ID schemeID="BE:CBE">0200013901</cbc:ID>
                     </cac:PartyIdentification>
                     <cac:PartyName>
                        <cbc:Name>ACME</cbc:Name>
                     </cac:PartyName>
                     <cac:PostalAddress>
                        <cbc:StreetName>Simon Bolivarlaan 30/9</cbc:StreetName>
                        <cbc:CityName>BRUSSEL</cbc:CityName>
                        <cbc:PostalZone>1000</cbc:PostalZone>
                        <cac:Country>
                           <cbc:IdentificationCode listID="ISO3166-1:Alpha2">BE</cbc:IdentificationCode>
                        </cac:Country>
                     </cac:PostalAddress>
                     <cac:PartyTaxScheme>
                        <cbc:CompanyID schemeID="BE:VAT">BE0200013901</cbc:CompanyID>
                        <cac:TaxScheme>
                           <cbc:ID>VAT</cbc:ID>
                        </cac:TaxScheme>
                     </cac:PartyTaxScheme>
                     <cac:PartyLegalEntity>
                        <cbc:RegistrationName>D.W. Soft bvba</cbc:RegistrationName>
                        <cbc:CompanyID schemeID="BE:CBE">0200013901</cbc:CompanyID>
                     </cac:PartyLegalEntity>
                     <cac:Contact>
                        <cbc:ElectronicMail>dirk.willekens@dwsoft.be</cbc:ElectronicMail>
                     </cac:Contact>
                  </cac:Party>
               </cac:AccountingSupplierParty>
               <cac:AccountingCustomerParty>
                  <cac:Party>
                     <cac:PartyIdentification>
                        <cbc:ID schemeID="BE:CBE">2222222222</cbc:ID>
                     </cac:PartyIdentification>
                     <cac:PartyName>
                        <cbc:Name>Fake customer</cbc:Name>
                     </cac:PartyName>
                     <cac:PostalAddress>
                        <cbc:StreetName>Simon Bolivarlaan 34</cbc:StreetName>
                        <cbc:CityName>ANTWERPEN</cbc:CityName>
                        <cbc:PostalZone>2000</cbc:PostalZone>
                        <cac:Country>
                           <cbc:IdentificationCode listID="ISO3166-1:Alpha2">BE</cbc:IdentificationCode>
                        </cac:Country>
                     </cac:PostalAddress>
                     <cac:PartyTaxScheme>
                        <cbc:CompanyID schemeID="BE:VAT">BE2222222222</cbc:CompanyID>
                        <cac:TaxScheme>
                           <cbc:ID>VAT</cbc:ID>
                        </cac:TaxScheme>
                     </cac:PartyTaxScheme>
                     <cac:PartyLegalEntity>
                        <cbc:RegistrationName>Fake Customer</cbc:RegistrationName>
                        <cbc:CompanyID schemeID="BE:CBE">2222222222</cbc:CompanyID>
                     </cac:PartyLegalEntity>
                  </cac:Party>
               </cac:AccountingCustomerParty>
               <cac:PaymentMeans>
                  <cbc:PaymentMeansCode listID="UNCL4461">1</cbc:PaymentMeansCode>
                  <cbc:PaymentDueDate>2018-05-31</cbc:PaymentDueDate>
                  <cbc:PaymentChannelCode>IBAN</cbc:PaymentChannelCode>
                  <cbc:InstructionNote>SIMPLE TEST TO FAKE CUSTOMER</cbc:InstructionNote>
                  <cac:PayeeFinancialAccount>
                     <cbc:ID schemeID="IBAN">BE86736009252450</cbc:ID>
                     <cac:FinancialInstitutionBranch>
                        <cac:FinancialInstitution>
                           <cbc:ID schemeID="BIC">KREDBEBB</cbc:ID>
                        </cac:FinancialInstitution>
                     </cac:FinancialInstitutionBranch>
                  </cac:PayeeFinancialAccount>
               </cac:PaymentMeans>
               <cac:TaxTotal>
                  <cbc:TaxAmount currencyID="EUR">21.00</cbc:TaxAmount>
                  <cac:TaxSubtotal>
                     <cbc:TaxableAmount currencyID="EUR">100.00</cbc:TaxableAmount>
                     <cbc:TaxAmount currencyID="EUR">21.00</cbc:TaxAmount>
                     <cac:TaxCategory>
                        <cbc:ID schemeID="UNCL5305">S</cbc:ID>
                        <cbc:Percent>21.00</cbc:Percent>
                        <cac:TaxScheme>
                           <cbc:ID>VAT</cbc:ID>
                        </cac:TaxScheme>
                     </cac:TaxCategory>
                  </cac:TaxSubtotal>
               </cac:TaxTotal>
               <cac:LegalMonetaryTotal>
                  <cbc:LineExtensionAmount currencyID="EUR">100.00</cbc:LineExtensionAmount>
                  <cbc:TaxExclusiveAmount currencyID="EUR">100.00</cbc:TaxExclusiveAmount>
                  <cbc:TaxInclusiveAmount currencyID="EUR">121.00</cbc:TaxInclusiveAmount>
                  <cbc:PayableAmount currencyID="EUR">121.00</cbc:PayableAmount>
               </cac:LegalMonetaryTotal>
               <cac:InvoiceLine>
                  <cbc:ID>1</cbc:ID>
                  <cbc:InvoicedQuantity unitCode="NAR" unitCodeListID="UNECERec20">1.00</cbc:InvoicedQuantity>
                  <cbc:LineExtensionAmount currencyID="EUR">100.00</cbc:LineExtensionAmount>
                  <cac:TaxTotal>
                     <cbc:TaxAmount currencyID="EUR">21.00</cbc:TaxAmount>
                  </cac:TaxTotal>
                  <cac:Item>
                     <cbc:Description>Line1 description - may be long</cbc:Description>
                     <cbc:Name>Line1max50char</cbc:Name>
                     <cac:ClassifiedTaxCategory>
                        <cbc:ID schemeID="UNCL5305">S</cbc:ID>
                        <cbc:Percent>21.00</cbc:Percent>
                        <cac:TaxScheme>
                           <cbc:ID>VAT</cbc:ID>
                        </cac:TaxScheme>
                     </cac:ClassifiedTaxCategory>
                  </cac:Item>
                  <cac:Price>
                     <cbc:PriceAmount currencyID="EUR">100.00</cbc:PriceAmount>
                     <cbc:BaseQuantity>1.00</cbc:BaseQuantity>
                  </cac:Price>
               </cac:InvoiceLine>
            </Invoice>
            </v12:document>
         </v2:request>
      </v2:submitDocumentRequest>
   </soapenv:Body>
</soapenv:Envelope>]]></con:request><con:credentials><con:selectedAuthProfile>Basic</con:selectedAuthProfile><con:addedBasicAuthenticationTypes>Basic</con:addedBasicAuthenticationTypes><con:authType>Global HTTP Settings</con:authType></con:credentials><con:jmsConfig JMSDeliveryMode="PERSISTENT"/><con:jmsPropertyConfig/><con:wsaConfig mustUnderstand="NONE" version="200508" action="http://fidus.brussels/services/invoiceservice/submitApplicationResponse"/><con:wsrmConfig version="1.2"/></con:call><con:call id="60c1dd34-da87-4797-b2a8-ecddd9432b9f" name="2 - Dev - Request" outgoingWss="Outflow DEV"><con:settings><con:setting id="com.eviware.soapui.impl.wsdl.WsdlRequest@request-headers">&lt;xml-fragment/></con:setting></con:settings><con:encoding>UTF-8</con:encoding><con:endpoint>https://192.168.36.61:8243/services/InvoiceService_v2.0</con:endpoint><con:request><![CDATA[<soapenv:Envelope xmlns:soapenv="http://schemas.xmlsoap.org/soap/envelope/" xmlns:v2="http://fidus.brussels/service/invoiceservice/messages/v2.0" xmlns:v1="http://fidus.brussels/service/invoiceservice/messages/v1.2" xmlns:v11="http://fidus.brussels/type/common/messages/v1" xmlns:urn="urn:oasis:names:specification:ubl:schema:xsd:ApplicationResponse-2" xmlns:urn1="urn:oasis:names:specification:ubl:schema:xsd:CommonExtensionComponents-2" xmlns:urn2="urn:oasis:names:specification:ubl:schema:xsd:CommonBasicComponents-2" xmlns:urn3="urn:oasis:names:specification:ubl:schema:xsd:CommonAggregateComponents-2">
   <soapenv:Header/>
   <soapenv:Body>
      <v2:submitDocumentRequest>
         <v2:messageContext>
            <v11:messageId>?</v11:messageId>
         </v2:messageContext>
         <v2:legalContext>ServiceIntegrator</v2:legalContext>
         <v2:request>
            <v12:document xmlns:v12="http://fsb.belgium.be/einvoicing/simpleprior/v1_00">                
            <Invoice xmlns="urn:oasis:names:specification:ubl:schema:xsd:Invoice-2"
                    xmlns:cbc="urn:oasis:names:specification:ubl:schema:xsd:CommonBasicComponents-2"
                    xmlns:cac="urn:oasis:names:specification:ubl:schema:xsd:CommonAggregateComponents-2">
               <cbc:UBLVersionID>2.1</cbc:UBLVersionID>
               <cbc:CustomizationID>urn:www.cenbii.eu:transaction:biitrns010:ver2.0:extended:urn:www.peppol.eu:bis:peppol5a:ver2.0</cbc:CustomizationID>
               <cbc:ProfileID>urn:www.cenbii.eu:profile:bii05:ver2.0</cbc:ProfileID>
               <cbc:ID>118120479086FAKNOV-13-5B</cbc:ID>
               <cbc:IssueDate>2018-06-12</cbc:IssueDate>
               <cbc:InvoiceTypeCode listID="UNCL1001">380</cbc:InvoiceTypeCode>
               <cbc:DocumentCurrencyCode listID="ISO4217">EUR</cbc:DocumentCurrencyCode>
               <cac:AccountingSupplierParty>
                  <cac:Party>
                     <cac:PartyIdentification>
                        <cbc:ID schemeID="BE:CBE">0200013901</cbc:ID>
                     </cac:PartyIdentification>
                     <cac:PartyName>
                        <cbc:Name>ACME</cbc:Name>
                     </cac:PartyName>
                     <cac:PostalAddress>
                        <cbc:StreetName>Simon Bolivarlaan 30/9</cbc:StreetName>
                        <cbc:CityName>BRUSSEL</cbc:CityName>
                        <cbc:PostalZone>1000</cbc:PostalZone>
                        <cac:Country>
                           <cbc:IdentificationCode listID="ISO3166-1:Alpha2">BE</cbc:IdentificationCode>
                        </cac:Country>
                     </cac:PostalAddress>
                     <cac:PartyTaxScheme>
                        <cbc:CompanyID schemeID="BE:VAT">BE0200013901</cbc:CompanyID>
                        <cac:TaxScheme>
                           <cbc:ID>VAT</cbc:ID>
                        </cac:TaxScheme>
                     </cac:PartyTaxScheme>
                     <cac:PartyLegalEntity>
                        <cbc:RegistrationName>D.W. Soft bvba</cbc:RegistrationName>
                        <cbc:CompanyID schemeID="BE:CBE">0200013901</cbc:CompanyID>
                     </cac:PartyLegalEntity>
                     <cac:Contact>
                        <cbc:ElectronicMail>dirk.willekens@dwsoft.be</cbc:ElectronicMail>
                     </cac:Contact>
                  </cac:Party>
               </cac:AccountingSupplierParty>
               <cac:AccountingCustomerParty>
                  <cac:Party>
                     <cac:PartyIdentification>
                        <cbc:ID schemeID="BE:CBE">2222222222</cbc:ID>
                     </cac:PartyIdentification>
                     <cac:PartyName>
                        <cbc:Name>Fake customer</cbc:Name>
                     </cac:PartyName>
                     <cac:PostalAddress>
                        <cbc:StreetName>Simon Bolivarlaan 34</cbc:StreetName>
                        <cbc:CityName>ANTWERPEN</cbc:CityName>
                        <cbc:PostalZone>2000</cbc:PostalZone>
                        <cac:Country>
                           <cbc:IdentificationCode listID="ISO3166-1:Alpha2">BE</cbc:IdentificationCode>
                        </cac:Country>
                     </cac:PostalAddress>
                     <cac:PartyTaxScheme>
                        <cbc:CompanyID schemeID="BE:VAT">BE2222222222</cbc:CompanyID>
                        <cac:TaxScheme>
                           <cbc:ID>VAT</cbc:ID>
                        </cac:TaxScheme>
                     </cac:PartyTaxScheme>
                     <cac:PartyLegalEntity>
                        <cbc:RegistrationName>Fake Customer</cbc:RegistrationName>
                        <cbc:CompanyID schemeID="BE:CBE">2222222222</cbc:CompanyID>
                     </cac:PartyLegalEntity>
                  </cac:Party>
               </cac:AccountingCustomerParty>
               <cac:PaymentMeans>
                  <cbc:PaymentMeansCode listID="UNCL4461">1</cbc:PaymentMeansCode>
                  <cbc:PaymentDueDate>2018-05-31</cbc:PaymentDueDate>
                  <cbc:PaymentChannelCode>IBAN</cbc:PaymentChannelCode>
                  <cbc:InstructionNote>SIMPLE TEST TO FAKE CUSTOMER</cbc:InstructionNote>
                  <cac:PayeeFinancialAccount>
                     <cbc:ID schemeID="IBAN">BE86736009252450</cbc:ID>
                     <cac:FinancialInstitutionBranch>
                        <cac:FinancialInstitution>
                           <cbc:ID schemeID="BIC">KREDBEBB</cbc:ID>
                        </cac:FinancialInstitution>
                     </cac:FinancialInstitutionBranch>
                  </cac:PayeeFinancialAccount>
               </cac:PaymentMeans>
               <cac:TaxTotal>
                  <cbc:TaxAmount currencyID="EUR">21.00</cbc:TaxAmount>
                  <cac:TaxSubtotal>
                     <cbc:TaxableAmount currencyID="EUR">100.00</cbc:TaxableAmount>
                     <cbc:TaxAmount currencyID="EUR">21.00</cbc:TaxAmount>
                     <cac:TaxCategory>
                        <cbc:ID schemeID="UNCL5305">S</cbc:ID>
                        <cbc:Percent>21.00</cbc:Percent>
                        <cac:TaxScheme>
                           <cbc:ID>VAT</cbc:ID>
                        </cac:TaxScheme>
                     </cac:TaxCategory>
                  </cac:TaxSubtotal>
               </cac:TaxTotal>
               <cac:LegalMonetaryTotal>
                  <cbc:LineExtensionAmount currencyID="EUR">100.00</cbc:LineExtensionAmount>
                  <cbc:TaxExclusiveAmount currencyID="EUR">100.00</cbc:TaxExclusiveAmount>
                  <cbc:TaxInclusiveAmount currencyID="EUR">121.00</cbc:TaxInclusiveAmount>
                  <cbc:PayableAmount currencyID="EUR">121.00</cbc:PayableAmount>
               </cac:LegalMonetaryTotal>
               <cac:InvoiceLine>
                  <cbc:ID>1</cbc:ID>
                  <cbc:InvoicedQuantity unitCode="NAR" unitCodeListID="UNECERec20">1.00</cbc:InvoicedQuantity>
                  <cbc:LineExtensionAmount currencyID="EUR">100.00</cbc:LineExtensionAmount>
                  <cac:TaxTotal>
                     <cbc:TaxAmount currencyID="EUR">21.00</cbc:TaxAmount>
                  </cac:TaxTotal>
                  <cac:Item>
                     <cbc:Description>Line1 description - may be long</cbc:Description>
                     <cbc:Name>Line1max50char</cbc:Name>
                     <cac:ClassifiedTaxCategory>
                        <cbc:ID schemeID="UNCL5305">S</cbc:ID>
                        <cbc:Percent>21.00</cbc:Percent>
                        <cac:TaxScheme>
                           <cbc:ID>VAT</cbc:ID>
                        </cac:TaxScheme>
                     </cac:ClassifiedTaxCategory>
                  </cac:Item>
                  <cac:Price>
                     <cbc:PriceAmount currencyID="EUR">100.00</cbc:PriceAmount>
                     <cbc:BaseQuantity>1.00</cbc:BaseQuantity>
                  </cac:Price>
               </cac:InvoiceLine>
            </Invoice>
            </v12:document>
         </v2:request>
      </v2:submitDocumentRequest>
   </soapenv:Body>
</soapenv:Envelope>]]></con:request><con:credentials><con:selectedAuthProfile>Basic</con:selectedAuthProfile><con:addedBasicAuthenticationTypes>Basic</con:addedBasicAuthenticationTypes><con:authType>Global HTTP Settings</con:authType></con:credentials><con:jmsConfig JMSDeliveryMode="PERSISTENT"/><con:jmsPropertyConfig/><con:wsaConfig mustUnderstand="NONE" version="200508" action="http://fidus.brussels/services/invoiceservice/submitApplicationResponse"/><con:wsrmConfig version="1.2"/></con:call><con:call id="0eda0d9c-3df6-427e-8b8e-41d223ac66a3" name="3 - Test - External - Request" outgoingWss="Outflow TEST"><con:settings><con:setting id="com.eviware.soapui.impl.wsdl.WsdlRequest@request-headers">&lt;xml-fragment/></con:setting></con:settings><con:encoding>UTF-8</con:encoding><con:endpoint>https://fidus-test.irisnetlab.be/services/InvoiceService_v2.0</con:endpoint><con:request><![CDATA[<soapenv:Envelope xmlns:soapenv="http://schemas.xmlsoap.org/soap/envelope/" xmlns:v2="http://fidus.brussels/service/invoiceservice/messages/v2.0" xmlns:v1="http://fidus.brussels/service/invoiceservice/messages/v1.2" xmlns:v11="http://fidus.brussels/type/common/messages/v1" xmlns:urn="urn:oasis:names:specification:ubl:schema:xsd:ApplicationResponse-2" xmlns:urn1="urn:oasis:names:specification:ubl:schema:xsd:CommonExtensionComponents-2" xmlns:urn2="urn:oasis:names:specification:ubl:schema:xsd:CommonBasicComponents-2" xmlns:urn3="urn:oasis:names:specification:ubl:schema:xsd:CommonAggregateComponents-2">
   <soapenv:Header/>
   <soapenv:Body>
      <v2:submitDocumentRequest>
         <v2:messageContext>
            <v11:messageId>${=import static java.util.UUID.randomUUID; uuid = randomUUID() as String}</v11:messageId>
            <v11:timestamp>${=new java.text.SimpleDateFormat("yyyy-MM-dd'T'HH:mm:ss.SSS").format(new Date())}</v11:timestamp>
         </v2:messageContext>
         <v2:legalContext>ServiceIntegrator</v2:legalContext>
         <v2:request>
            <v12:document xmlns:v12="http://fsb.belgium.be/einvoicing/simpleprior/v1_00">                
            <Invoice xmlns="urn:oasis:names:specification:ubl:schema:xsd:Invoice-2"
                    xmlns:cbc="urn:oasis:names:specification:ubl:schema:xsd:CommonBasicComponents-2"
                    xmlns:cac="urn:oasis:names:specification:ubl:schema:xsd:CommonAggregateComponents-2">
               <cbc:UBLVersionID>2.1</cbc:UBLVersionID>
               <cbc:CustomizationID>urn:www.cenbii.eu:transaction:biitrns010:ver2.0:extended:urn:www.peppol.eu:bis:peppol5a:ver2.0</cbc:CustomizationID>
               <cbc:ProfileID>urn:www.cenbii.eu:profile:bii05:ver2.0</cbc:ProfileID>
               <cbc:ID>118120479086FAKDEC-20-5B</cbc:ID>
               <cbc:IssueDate>2018-06-12</cbc:IssueDate>
               <cbc:InvoiceTypeCode listID="UNCL1001">380</cbc:InvoiceTypeCode>
               <cbc:DocumentCurrencyCode listID="ISO4217">EUR</cbc:DocumentCurrencyCode>
               <cac:AccountingSupplierParty>
                  <cac:Party>
                     <cac:PartyIdentification>
                        <cbc:ID schemeID="BE:CBE">0200013901</cbc:ID>
                     </cac:PartyIdentification>
                     <cac:PartyName>
                        <cbc:Name>ACME</cbc:Name>
                     </cac:PartyName>
                     <cac:PostalAddress>
                        <cbc:StreetName>Simon Bolivarlaan 30/9</cbc:StreetName>
                        <cbc:CityName>BRUSSEL</cbc:CityName>
                        <cbc:PostalZone>1000</cbc:PostalZone>
                        <cac:Country>
                           <cbc:IdentificationCode listID="ISO3166-1:Alpha2">BE</cbc:IdentificationCode>
                        </cac:Country>
                     </cac:PostalAddress>
                     <cac:PartyTaxScheme>
                        <cbc:CompanyID schemeID="BE:VAT">BE0200013901</cbc:CompanyID>
                        <cac:TaxScheme>
                           <cbc:ID>VAT</cbc:ID>
                        </cac:TaxScheme>
                     </cac:PartyTaxScheme>
                     <cac:PartyLegalEntity>
                        <cbc:RegistrationName>D.W. Soft bvba</cbc:RegistrationName>
                        <cbc:CompanyID schemeID="BE:CBE">0200013901</cbc:CompanyID>
                     </cac:PartyLegalEntity>
                     <cac:Contact>
                        <cbc:ElectronicMail>ebarbieux@cirb.brussels</cbc:ElectronicMail>
                     </cac:Contact>
                  </cac:Party>
               </cac:AccountingSupplierParty>
               <cac:AccountingCustomerParty>
                  <cac:Party>
                     <cac:PartyIdentification>
                        <cbc:ID schemeID="BE:CBE">0463152333</cbc:ID>
                     </cac:PartyIdentification>
                     <cac:PartyName>
                        <cbc:Name>Fake customer</cbc:Name>
                     </cac:PartyName>
                     <cac:PostalAddress>
                        <cbc:StreetName>Simon Bolivarlaan 34</cbc:StreetName>
                        <cbc:CityName>ANTWERPEN</cbc:CityName>
                        <cbc:PostalZone>2000</cbc:PostalZone>
                        <cac:Country>
                           <cbc:IdentificationCode listID="ISO3166-1:Alpha2">BE</cbc:IdentificationCode>
                        </cac:Country>
                     </cac:PostalAddress>
                     <cac:PartyTaxScheme>
                        <cbc:CompanyID schemeID="BE:VAT">BE0463152333</cbc:CompanyID>
                        <cac:TaxScheme>
                           <cbc:ID>VAT</cbc:ID>
                        </cac:TaxScheme>
                     </cac:PartyTaxScheme>
                     <cac:PartyLegalEntity>
                        <cbc:RegistrationName>Fake Customer</cbc:RegistrationName>
                        <cbc:CompanyID schemeID="BE:CBE">0463152333</cbc:CompanyID>
                     </cac:PartyLegalEntity>
                  </cac:Party>
               </cac:AccountingCustomerParty>
               <cac:PaymentMeans>
                  <cbc:PaymentMeansCode listID="UNCL4461">1</cbc:PaymentMeansCode>
                  <cbc:PaymentDueDate>2018-05-31</cbc:PaymentDueDate>
                  <cbc:PaymentChannelCode>IBAN</cbc:PaymentChannelCode>
                  <cbc:InstructionNote>SIMPLE TEST TO FAKE CUSTOMER</cbc:InstructionNote>
                  <cac:PayeeFinancialAccount>
                     <cbc:ID schemeID="IBAN">BE86736009252450</cbc:ID>
                     <cac:FinancialInstitutionBranch>
                        <cac:FinancialInstitution>
                           <cbc:ID schemeID="BIC">KREDBEBB</cbc:ID>
                        </cac:FinancialInstitution>
                     </cac:FinancialInstitutionBranch>
                  </cac:PayeeFinancialAccount>
               </cac:PaymentMeans>
               <cac:TaxTotal>
                  <cbc:TaxAmount currencyID="EUR">21.00</cbc:TaxAmount>
                  <cac:TaxSubtotal>
                     <cbc:TaxableAmount currencyID="EUR">100.00</cbc:TaxableAmount>
                     <cbc:TaxAmount currencyID="EUR">21.00</cbc:TaxAmount>
                     <cac:TaxCategory>
                        <cbc:ID schemeID="UNCL5305">S</cbc:ID>
                        <cbc:Percent>21.00</cbc:Percent>
                        <cac:TaxScheme>
                           <cbc:ID>VAT</cbc:ID>
                        </cac:TaxScheme>
                     </cac:TaxCategory>
                  </cac:TaxSubtotal>
               </cac:TaxTotal>
               <cac:LegalMonetaryTotal>
                  <cbc:LineExtensionAmount currencyID="EUR">100.00</cbc:LineExtensionAmount>
                  <cbc:TaxExclusiveAmount currencyID="EUR">100.00</cbc:TaxExclusiveAmount>
                  <cbc:TaxInclusiveAmount currencyID="EUR">121.00</cbc:TaxInclusiveAmount>
                  <cbc:PayableAmount currencyID="EUR">121.00</cbc:PayableAmount>
               </cac:LegalMonetaryTotal>
               <cac:InvoiceLine>
                  <cbc:ID>1</cbc:ID>
                  <cbc:InvoicedQuantity unitCode="NAR" unitCodeListID="UNECERec20">1.00</cbc:InvoicedQuantity>
                  <cbc:LineExtensionAmount currencyID="EUR">100.00</cbc:LineExtensionAmount>
                  <cac:TaxTotal>
                     <cbc:TaxAmount currencyID="EUR">21.00</cbc:TaxAmount>
                  </cac:TaxTotal>
                  <cac:Item>
                     <cbc:Description>Line1 description - may be long</cbc:Description>
                     <cbc:Name>Line1max50char</cbc:Name>
                     <cac:ClassifiedTaxCategory>
                        <cbc:ID schemeID="UNCL5305">S</cbc:ID>
                        <cbc:Percent>21.00</cbc:Percent>
                        <cac:TaxScheme>
                           <cbc:ID>VAT</cbc:ID>
                        </cac:TaxScheme>
                     </cac:ClassifiedTaxCategory>
                  </cac:Item>
                  <cac:Price>
                     <cbc:PriceAmount currencyID="EUR">100.00</cbc:PriceAmount>
                     <cbc:BaseQuantity>1.00</cbc:BaseQuantity>
                  </cac:Price>
               </cac:InvoiceLine>
            </Invoice>
            </v12:document>
         </v2:request>
      </v2:submitDocumentRequest>
   </soapenv:Body>
</soapenv:Envelope>]]></con:request><con:credentials><con:selectedAuthProfile>Basic</con:selectedAuthProfile><con:addedBasicAuthenticationTypes>Basic</con:addedBasicAuthenticationTypes><con:authType>Global HTTP Settings</con:authType></con:credentials><con:jmsConfig JMSDeliveryMode="PERSISTENT"/><con:jmsPropertyConfig/><con:wsaConfig mustUnderstand="NONE" version="200508" action="http://fidus.brussels/services/invoiceservice/submitDocument"/><con:wsrmConfig version="1.2"/></con:call><con:call id="e0d191bd-69c5-46a2-aca0-8ad77f83c9b4" name="3 - Test - LB - Request" outgoingWss="Outflow TEST"><con:settings><con:setting id="com.eviware.soapui.impl.wsdl.WsdlRequest@request-headers">&lt;xml-fragment/></con:setting></con:settings><con:encoding>UTF-8</con:encoding><con:endpoint>https://esb-security-gw.sta.srv.cirb.lan:8443/services/InvoiceService_v2.0</con:endpoint><con:request><![CDATA[<soapenv:Envelope xmlns:soapenv="http://schemas.xmlsoap.org/soap/envelope/" xmlns:v2="http://fidus.brussels/service/invoiceservice/messages/v2.0" xmlns:v1="http://fidus.brussels/service/invoiceservice/messages/v1.2" xmlns:v11="http://fidus.brussels/type/common/messages/v1" xmlns:urn="urn:oasis:names:specification:ubl:schema:xsd:ApplicationResponse-2" xmlns:urn1="urn:oasis:names:specification:ubl:schema:xsd:CommonExtensionComponents-2" xmlns:urn2="urn:oasis:names:specification:ubl:schema:xsd:CommonBasicComponents-2" xmlns:urn3="urn:oasis:names:specification:ubl:schema:xsd:CommonAggregateComponents-2">
   <soapenv:Header/>
   <soapenv:Body>
      <v2:submitDocumentRequest>
         <v2:messageContext>
            <v11:messageId>?</v11:messageId>
         </v2:messageContext>
         <v2:legalContext>ServiceIntegrator</v2:legalContext>
         <v2:request>
            <v12:document xmlns:v12="http://fsb.belgium.be/einvoicing/simpleprior/v1_00">                
            <Invoice xmlns="urn:oasis:names:specification:ubl:schema:xsd:Invoice-2"
                    xmlns:cbc="urn:oasis:names:specification:ubl:schema:xsd:CommonBasicComponents-2"
                    xmlns:cac="urn:oasis:names:specification:ubl:schema:xsd:CommonAggregateComponents-2">
               <cbc:UBLVersionID>2.1</cbc:UBLVersionID>
               <cbc:CustomizationID>urn:www.cenbii.eu:transaction:biitrns010:ver2.0:extended:urn:www.peppol.eu:bis:peppol5a:ver2.0</cbc:CustomizationID>
               <cbc:ProfileID>urn:www.cenbii.eu:profile:bii05:ver2.0</cbc:ProfileID>
               <cbc:ID>118120479086FAKNOV-13-5B</cbc:ID>
               <cbc:IssueDate>2018-06-12</cbc:IssueDate>
               <cbc:InvoiceTypeCode listID="UNCL1001">380</cbc:InvoiceTypeCode>
               <cbc:DocumentCurrencyCode listID="ISO4217">EUR</cbc:DocumentCurrencyCode>
               <cac:AccountingSupplierParty>
                  <cac:Party>
                     <cac:PartyIdentification>
                        <cbc:ID schemeID="BE:CBE">0200013901</cbc:ID>
                     </cac:PartyIdentification>
                     <cac:PartyName>
                        <cbc:Name>ACME</cbc:Name>
                     </cac:PartyName>
                     <cac:PostalAddress>
                        <cbc:StreetName>Simon Bolivarlaan 30/9</cbc:StreetName>
                        <cbc:CityName>BRUSSEL</cbc:CityName>
                        <cbc:PostalZone>1000</cbc:PostalZone>
                        <cac:Country>
                           <cbc:IdentificationCode listID="ISO3166-1:Alpha2">BE</cbc:IdentificationCode>
                        </cac:Country>
                     </cac:PostalAddress>
                     <cac:PartyTaxScheme>
                        <cbc:CompanyID schemeID="BE:VAT">BE0200013901</cbc:CompanyID>
                        <cac:TaxScheme>
                           <cbc:ID>VAT</cbc:ID>
                        </cac:TaxScheme>
                     </cac:PartyTaxScheme>
                     <cac:PartyLegalEntity>
                        <cbc:RegistrationName>D.W. Soft bvba</cbc:RegistrationName>
                        <cbc:CompanyID schemeID="BE:CBE">0200013901</cbc:CompanyID>
                     </cac:PartyLegalEntity>
                     <cac:Contact>
                        <cbc:ElectronicMail>dirk.willekens@dwsoft.be</cbc:ElectronicMail>
                     </cac:Contact>
                  </cac:Party>
               </cac:AccountingSupplierParty>
               <cac:AccountingCustomerParty>
                  <cac:Party>
                     <cac:PartyIdentification>
                        <cbc:ID schemeID="BE:CBE">2222222222</cbc:ID>
                     </cac:PartyIdentification>
                     <cac:PartyName>
                        <cbc:Name>Fake customer</cbc:Name>
                     </cac:PartyName>
                     <cac:PostalAddress>
                        <cbc:StreetName>Simon Bolivarlaan 34</cbc:StreetName>
                        <cbc:CityName>ANTWERPEN</cbc:CityName>
                        <cbc:PostalZone>2000</cbc:PostalZone>
                        <cac:Country>
                           <cbc:IdentificationCode listID="ISO3166-1:Alpha2">BE</cbc:IdentificationCode>
                        </cac:Country>
                     </cac:PostalAddress>
                     <cac:PartyTaxScheme>
                        <cbc:CompanyID schemeID="BE:VAT">BE2222222222</cbc:CompanyID>
                        <cac:TaxScheme>
                           <cbc:ID>VAT</cbc:ID>
                        </cac:TaxScheme>
                     </cac:PartyTaxScheme>
                     <cac:PartyLegalEntity>
                        <cbc:RegistrationName>Fake Customer</cbc:RegistrationName>
                        <cbc:CompanyID schemeID="BE:CBE">2222222222</cbc:CompanyID>
                     </cac:PartyLegalEntity>
                  </cac:Party>
               </cac:AccountingCustomerParty>
               <cac:PaymentMeans>
                  <cbc:PaymentMeansCode listID="UNCL4461">1</cbc:PaymentMeansCode>
                  <cbc:PaymentDueDate>2018-05-31</cbc:PaymentDueDate>
                  <cbc:PaymentChannelCode>IBAN</cbc:PaymentChannelCode>
                  <cbc:InstructionNote>SIMPLE TEST TO FAKE CUSTOMER</cbc:InstructionNote>
                  <cac:PayeeFinancialAccount>
                     <cbc:ID schemeID="IBAN">BE86736009252450</cbc:ID>
                     <cac:FinancialInstitutionBranch>
                        <cac:FinancialInstitution>
                           <cbc:ID schemeID="BIC">KREDBEBB</cbc:ID>
                        </cac:FinancialInstitution>
                     </cac:FinancialInstitutionBranch>
                  </cac:PayeeFinancialAccount>
               </cac:PaymentMeans>
               <cac:TaxTotal>
                  <cbc:TaxAmount currencyID="EUR">21.00</cbc:TaxAmount>
                  <cac:TaxSubtotal>
                     <cbc:TaxableAmount currencyID="EUR">100.00</cbc:TaxableAmount>
                     <cbc:TaxAmount currencyID="EUR">21.00</cbc:TaxAmount>
                     <cac:TaxCategory>
                        <cbc:ID schemeID="UNCL5305">S</cbc:ID>
                        <cbc:Percent>21.00</cbc:Percent>
                        <cac:TaxScheme>
                           <cbc:ID>VAT</cbc:ID>
                        </cac:TaxScheme>
                     </cac:TaxCategory>
                  </cac:TaxSubtotal>
               </cac:TaxTotal>
               <cac:LegalMonetaryTotal>
                  <cbc:LineExtensionAmount currencyID="EUR">100.00</cbc:LineExtensionAmount>
                  <cbc:TaxExclusiveAmount currencyID="EUR">100.00</cbc:TaxExclusiveAmount>
                  <cbc:TaxInclusiveAmount currencyID="EUR">121.00</cbc:TaxInclusiveAmount>
                  <cbc:PayableAmount currencyID="EUR">121.00</cbc:PayableAmount>
               </cac:LegalMonetaryTotal>
               <cac:InvoiceLine>
                  <cbc:ID>1</cbc:ID>
                  <cbc:InvoicedQuantity unitCode="NAR" unitCodeListID="UNECERec20">1.00</cbc:InvoicedQuantity>
                  <cbc:LineExtensionAmount currencyID="EUR">100.00</cbc:LineExtensionAmount>
                  <cac:TaxTotal>
                     <cbc:TaxAmount currencyID="EUR">21.00</cbc:TaxAmount>
                  </cac:TaxTotal>
                  <cac:Item>
                     <cbc:Description>Line1 description - may be long</cbc:Description>
                     <cbc:Name>Line1max50char</cbc:Name>
                     <cac:ClassifiedTaxCategory>
                        <cbc:ID schemeID="UNCL5305">S</cbc:ID>
                        <cbc:Percent>21.00</cbc:Percent>
                        <cac:TaxScheme>
                           <cbc:ID>VAT</cbc:ID>
                        </cac:TaxScheme>
                     </cac:ClassifiedTaxCategory>
                  </cac:Item>
                  <cac:Price>
                     <cbc:PriceAmount currencyID="EUR">100.00</cbc:PriceAmount>
                     <cbc:BaseQuantity>1.00</cbc:BaseQuantity>
                  </cac:Price>
               </cac:InvoiceLine>
            </Invoice>
            </v12:document>
         </v2:request>
      </v2:submitDocumentRequest>
   </soapenv:Body>
</soapenv:Envelope>]]></con:request><con:credentials><con:selectedAuthProfile>Basic</con:selectedAuthProfile><con:addedBasicAuthenticationTypes>Basic</con:addedBasicAuthenticationTypes><con:authType>Global HTTP Settings</con:authType></con:credentials><con:jmsConfig JMSDeliveryMode="PERSISTENT"/><con:jmsPropertyConfig/><con:wsaConfig mustUnderstand="NONE" version="200508" action="http://fidus.brussels/services/invoiceservice/submitApplicationResponse"/><con:wsrmConfig version="1.2"/></con:call><con:call id="66449392-e088-4c4c-b32a-4c944b716ea4" name="3 - Test - Worker1 - Request" outgoingWss="Outflow TEST"><con:settings><con:setting id="com.eviware.soapui.impl.wsdl.WsdlRequest@request-headers">&lt;xml-fragment/></con:setting></con:settings><con:encoding>UTF-8</con:encoding><con:endpoint>https://192.168.22.53:8443/services/InvoiceService_v2.0</con:endpoint><con:request><![CDATA[<soapenv:Envelope xmlns:soapenv="http://schemas.xmlsoap.org/soap/envelope/" xmlns:v2="http://fidus.brussels/service/invoiceservice/messages/v2.0" xmlns:v1="http://fidus.brussels/service/invoiceservice/messages/v1.2" xmlns:v11="http://fidus.brussels/type/common/messages/v1" xmlns:urn="urn:oasis:names:specification:ubl:schema:xsd:ApplicationResponse-2" xmlns:urn1="urn:oasis:names:specification:ubl:schema:xsd:CommonExtensionComponents-2" xmlns:urn2="urn:oasis:names:specification:ubl:schema:xsd:CommonBasicComponents-2" xmlns:urn3="urn:oasis:names:specification:ubl:schema:xsd:CommonAggregateComponents-2">
   <soapenv:Header/>
   <soapenv:Body>
      <v2:submitDocumentRequest>
         <v2:messageContext>
            <v11:messageId>?</v11:messageId>
         </v2:messageContext>
         <v2:legalContext>ServiceIntegrator</v2:legalContext>
         <v2:request>
            <v12:document xmlns:v12="http://fsb.belgium.be/einvoicing/simpleprior/v1_00">                
            <Invoice xmlns="urn:oasis:names:specification:ubl:schema:xsd:Invoice-2"
                    xmlns:cbc="urn:oasis:names:specification:ubl:schema:xsd:CommonBasicComponents-2"
                    xmlns:cac="urn:oasis:names:specification:ubl:schema:xsd:CommonAggregateComponents-2">
               <cbc:UBLVersionID>2.1</cbc:UBLVersionID>
               <cbc:CustomizationID>urn:www.cenbii.eu:transaction:biitrns010:ver2.0:extended:urn:www.peppol.eu:bis:peppol5a:ver2.0</cbc:CustomizationID>
               <cbc:ProfileID>urn:www.cenbii.eu:profile:bii05:ver2.0</cbc:ProfileID>
               <cbc:ID>118120479086FAKNOV-13-5B</cbc:ID>
               <cbc:IssueDate>2018-06-12</cbc:IssueDate>
               <cbc:InvoiceTypeCode listID="UNCL1001">380</cbc:InvoiceTypeCode>
               <cbc:DocumentCurrencyCode listID="ISO4217">EUR</cbc:DocumentCurrencyCode>
               <cac:AccountingSupplierParty>
                  <cac:Party>
                     <cac:PartyIdentification>
                        <cbc:ID schemeID="BE:CBE">0200013901</cbc:ID>
                     </cac:PartyIdentification>
                     <cac:PartyName>
                        <cbc:Name>ACME</cbc:Name>
                     </cac:PartyName>
                     <cac:PostalAddress>
                        <cbc:StreetName>Simon Bolivarlaan 30/9</cbc:StreetName>
                        <cbc:CityName>BRUSSEL</cbc:CityName>
                        <cbc:PostalZone>1000</cbc:PostalZone>
                        <cac:Country>
                           <cbc:IdentificationCode listID="ISO3166-1:Alpha2">BE</cbc:IdentificationCode>
                        </cac:Country>
                     </cac:PostalAddress>
                     <cac:PartyTaxScheme>
                        <cbc:CompanyID schemeID="BE:VAT">BE0200013901</cbc:CompanyID>
                        <cac:TaxScheme>
                           <cbc:ID>VAT</cbc:ID>
                        </cac:TaxScheme>
                     </cac:PartyTaxScheme>
                     <cac:PartyLegalEntity>
                        <cbc:RegistrationName>D.W. Soft bvba</cbc:RegistrationName>
                        <cbc:CompanyID schemeID="BE:CBE">0200013901</cbc:CompanyID>
                     </cac:PartyLegalEntity>
                     <cac:Contact>
                        <cbc:ElectronicMail>dirk.willekens@dwsoft.be</cbc:ElectronicMail>
                     </cac:Contact>
                  </cac:Party>
               </cac:AccountingSupplierParty>
               <cac:AccountingCustomerParty>
                  <cac:Party>
                     <cac:PartyIdentification>
                        <cbc:ID schemeID="BE:CBE">2222222222</cbc:ID>
                     </cac:PartyIdentification>
                     <cac:PartyName>
                        <cbc:Name>Fake customer</cbc:Name>
                     </cac:PartyName>
                     <cac:PostalAddress>
                        <cbc:StreetName>Simon Bolivarlaan 34</cbc:StreetName>
                        <cbc:CityName>ANTWERPEN</cbc:CityName>
                        <cbc:PostalZone>2000</cbc:PostalZone>
                        <cac:Country>
                           <cbc:IdentificationCode listID="ISO3166-1:Alpha2">BE</cbc:IdentificationCode>
                        </cac:Country>
                     </cac:PostalAddress>
                     <cac:PartyTaxScheme>
                        <cbc:CompanyID schemeID="BE:VAT">BE2222222222</cbc:CompanyID>
                        <cac:TaxScheme>
                           <cbc:ID>VAT</cbc:ID>
                        </cac:TaxScheme>
                     </cac:PartyTaxScheme>
                     <cac:PartyLegalEntity>
                        <cbc:RegistrationName>Fake Customer</cbc:RegistrationName>
                        <cbc:CompanyID schemeID="BE:CBE">2222222222</cbc:CompanyID>
                     </cac:PartyLegalEntity>
                  </cac:Party>
               </cac:AccountingCustomerParty>
               <cac:PaymentMeans>
                  <cbc:PaymentMeansCode listID="UNCL4461">1</cbc:PaymentMeansCode>
                  <cbc:PaymentDueDate>2018-05-31</cbc:PaymentDueDate>
                  <cbc:PaymentChannelCode>IBAN</cbc:PaymentChannelCode>
                  <cbc:InstructionNote>SIMPLE TEST TO FAKE CUSTOMER</cbc:InstructionNote>
                  <cac:PayeeFinancialAccount>
                     <cbc:ID schemeID="IBAN">BE86736009252450</cbc:ID>
                     <cac:FinancialInstitutionBranch>
                        <cac:FinancialInstitution>
                           <cbc:ID schemeID="BIC">KREDBEBB</cbc:ID>
                        </cac:FinancialInstitution>
                     </cac:FinancialInstitutionBranch>
                  </cac:PayeeFinancialAccount>
               </cac:PaymentMeans>
               <cac:TaxTotal>
                  <cbc:TaxAmount currencyID="EUR">21.00</cbc:TaxAmount>
                  <cac:TaxSubtotal>
                     <cbc:TaxableAmount currencyID="EUR">100.00</cbc:TaxableAmount>
                     <cbc:TaxAmount currencyID="EUR">21.00</cbc:TaxAmount>
                     <cac:TaxCategory>
                        <cbc:ID schemeID="UNCL5305">S</cbc:ID>
                        <cbc:Percent>21.00</cbc:Percent>
                        <cac:TaxScheme>
                           <cbc:ID>VAT</cbc:ID>
                        </cac:TaxScheme>
                     </cac:TaxCategory>
                  </cac:TaxSubtotal>
               </cac:TaxTotal>
               <cac:LegalMonetaryTotal>
                  <cbc:LineExtensionAmount currencyID="EUR">100.00</cbc:LineExtensionAmount>
                  <cbc:TaxExclusiveAmount currencyID="EUR">100.00</cbc:TaxExclusiveAmount>
                  <cbc:TaxInclusiveAmount currencyID="EUR">121.00</cbc:TaxInclusiveAmount>
                  <cbc:PayableAmount currencyID="EUR">121.00</cbc:PayableAmount>
               </cac:LegalMonetaryTotal>
               <cac:InvoiceLine>
                  <cbc:ID>1</cbc:ID>
                  <cbc:InvoicedQuantity unitCode="NAR" unitCodeListID="UNECERec20">1.00</cbc:InvoicedQuantity>
                  <cbc:LineExtensionAmount currencyID="EUR">100.00</cbc:LineExtensionAmount>
                  <cac:TaxTotal>
                     <cbc:TaxAmount currencyID="EUR">21.00</cbc:TaxAmount>
                  </cac:TaxTotal>
                  <cac:Item>
                     <cbc:Description>Line1 description - may be long</cbc:Description>
                     <cbc:Name>Line1max50char</cbc:Name>
                     <cac:ClassifiedTaxCategory>
                        <cbc:ID schemeID="UNCL5305">S</cbc:ID>
                        <cbc:Percent>21.00</cbc:Percent>
                        <cac:TaxScheme>
                           <cbc:ID>VAT</cbc:ID>
                        </cac:TaxScheme>
                     </cac:ClassifiedTaxCategory>
                  </cac:Item>
                  <cac:Price>
                     <cbc:PriceAmount currencyID="EUR">100.00</cbc:PriceAmount>
                     <cbc:BaseQuantity>1.00</cbc:BaseQuantity>
                  </cac:Price>
               </cac:InvoiceLine>
            </Invoice>
            </v12:document>
         </v2:request>
      </v2:submitDocumentRequest>
   </soapenv:Body>
</soapenv:Envelope>]]></con:request><con:credentials><con:selectedAuthProfile>Basic</con:selectedAuthProfile><con:addedBasicAuthenticationTypes>Basic</con:addedBasicAuthenticationTypes><con:authType>Global HTTP Settings</con:authType></con:credentials><con:jmsConfig JMSDeliveryMode="PERSISTENT"/><con:jmsPropertyConfig/><con:wsaConfig mustUnderstand="NONE" version="200508" action="http://fidus.brussels/services/invoiceservice/submitApplicationResponse"/><con:wsrmConfig version="1.2"/></con:call><con:call id="13c1d9f3-9bfe-4169-9721-83799d71a05c" name="3 - Test - Worker2 - Request" outgoingWss="Outflow TEST"><con:settings><con:setting id="com.eviware.soapui.impl.wsdl.WsdlRequest@request-headers">&lt;xml-fragment/></con:setting></con:settings><con:encoding>UTF-8</con:encoding><con:endpoint>https://192.168.22.54:8443/services/InvoiceService_v2.0</con:endpoint><con:request><![CDATA[<soapenv:Envelope xmlns:soapenv="http://schemas.xmlsoap.org/soap/envelope/" xmlns:v2="http://fidus.brussels/service/invoiceservice/messages/v2.0" xmlns:v1="http://fidus.brussels/service/invoiceservice/messages/v1.2" xmlns:v11="http://fidus.brussels/type/common/messages/v1" xmlns:urn="urn:oasis:names:specification:ubl:schema:xsd:ApplicationResponse-2" xmlns:urn1="urn:oasis:names:specification:ubl:schema:xsd:CommonExtensionComponents-2" xmlns:urn2="urn:oasis:names:specification:ubl:schema:xsd:CommonBasicComponents-2" xmlns:urn3="urn:oasis:names:specification:ubl:schema:xsd:CommonAggregateComponents-2">
   <soapenv:Header/>
   <soapenv:Body>
      <v2:submitDocumentRequest>
         <v2:messageContext>
            <v11:messageId>?</v11:messageId>
         </v2:messageContext>
         <v2:legalContext>ServiceIntegrator</v2:legalContext>
         <v2:request>
            <v12:document xmlns:v12="http://fsb.belgium.be/einvoicing/simpleprior/v1_00">                
            <Invoice xmlns="urn:oasis:names:specification:ubl:schema:xsd:Invoice-2"
                    xmlns:cbc="urn:oasis:names:specification:ubl:schema:xsd:CommonBasicComponents-2"
                    xmlns:cac="urn:oasis:names:specification:ubl:schema:xsd:CommonAggregateComponents-2">
               <cbc:UBLVersionID>2.1</cbc:UBLVersionID>
               <cbc:CustomizationID>urn:www.cenbii.eu:transaction:biitrns010:ver2.0:extended:urn:www.peppol.eu:bis:peppol5a:ver2.0</cbc:CustomizationID>
               <cbc:ProfileID>urn:www.cenbii.eu:profile:bii05:ver2.0</cbc:ProfileID>
               <cbc:ID>118120479086FAKNOV-13-5B</cbc:ID>
               <cbc:IssueDate>2018-06-12</cbc:IssueDate>
               <cbc:InvoiceTypeCode listID="UNCL1001">380</cbc:InvoiceTypeCode>
               <cbc:DocumentCurrencyCode listID="ISO4217">EUR</cbc:DocumentCurrencyCode>
               <cac:AccountingSupplierParty>
                  <cac:Party>
                     <cac:PartyIdentification>
                        <cbc:ID schemeID="BE:CBE">0200013901</cbc:ID>
                     </cac:PartyIdentification>
                     <cac:PartyName>
                        <cbc:Name>ACME</cbc:Name>
                     </cac:PartyName>
                     <cac:PostalAddress>
                        <cbc:StreetName>Simon Bolivarlaan 30/9</cbc:StreetName>
                        <cbc:CityName>BRUSSEL</cbc:CityName>
                        <cbc:PostalZone>1000</cbc:PostalZone>
                        <cac:Country>
                           <cbc:IdentificationCode listID="ISO3166-1:Alpha2">BE</cbc:IdentificationCode>
                        </cac:Country>
                     </cac:PostalAddress>
                     <cac:PartyTaxScheme>
                        <cbc:CompanyID schemeID="BE:VAT">BE0200013901</cbc:CompanyID>
                        <cac:TaxScheme>
                           <cbc:ID>VAT</cbc:ID>
                        </cac:TaxScheme>
                     </cac:PartyTaxScheme>
                     <cac:PartyLegalEntity>
                        <cbc:RegistrationName>D.W. Soft bvba</cbc:RegistrationName>
                        <cbc:CompanyID schemeID="BE:CBE">0200013901</cbc:CompanyID>
                     </cac:PartyLegalEntity>
                     <cac:Contact>
                        <cbc:ElectronicMail>dirk.willekens@dwsoft.be</cbc:ElectronicMail>
                     </cac:Contact>
                  </cac:Party>
               </cac:AccountingSupplierParty>
               <cac:AccountingCustomerParty>
                  <cac:Party>
                     <cac:PartyIdentification>
                        <cbc:ID schemeID="BE:CBE">2222222222</cbc:ID>
                     </cac:PartyIdentification>
                     <cac:PartyName>
                        <cbc:Name>Fake customer</cbc:Name>
                     </cac:PartyName>
                     <cac:PostalAddress>
                        <cbc:StreetName>Simon Bolivarlaan 34</cbc:StreetName>
                        <cbc:CityName>ANTWERPEN</cbc:CityName>
                        <cbc:PostalZone>2000</cbc:PostalZone>
                        <cac:Country>
                           <cbc:IdentificationCode listID="ISO3166-1:Alpha2">BE</cbc:IdentificationCode>
                        </cac:Country>
                     </cac:PostalAddress>
                     <cac:PartyTaxScheme>
                        <cbc:CompanyID schemeID="BE:VAT">BE2222222222</cbc:CompanyID>
                        <cac:TaxScheme>
                           <cbc:ID>VAT</cbc:ID>
                        </cac:TaxScheme>
                     </cac:PartyTaxScheme>
                     <cac:PartyLegalEntity>
                        <cbc:RegistrationName>Fake Customer</cbc:RegistrationName>
                        <cbc:CompanyID schemeID="BE:CBE">2222222222</cbc:CompanyID>
                     </cac:PartyLegalEntity>
                  </cac:Party>
               </cac:AccountingCustomerParty>
               <cac:PaymentMeans>
                  <cbc:PaymentMeansCode listID="UNCL4461">1</cbc:PaymentMeansCode>
                  <cbc:PaymentDueDate>2018-05-31</cbc:PaymentDueDate>
                  <cbc:PaymentChannelCode>IBAN</cbc:PaymentChannelCode>
                  <cbc:InstructionNote>SIMPLE TEST TO FAKE CUSTOMER</cbc:InstructionNote>
                  <cac:PayeeFinancialAccount>
                     <cbc:ID schemeID="IBAN">BE86736009252450</cbc:ID>
                     <cac:FinancialInstitutionBranch>
                        <cac:FinancialInstitution>
                           <cbc:ID schemeID="BIC">KREDBEBB</cbc:ID>
                        </cac:FinancialInstitution>
                     </cac:FinancialInstitutionBranch>
                  </cac:PayeeFinancialAccount>
               </cac:PaymentMeans>
               <cac:TaxTotal>
                  <cbc:TaxAmount currencyID="EUR">21.00</cbc:TaxAmount>
                  <cac:TaxSubtotal>
                     <cbc:TaxableAmount currencyID="EUR">100.00</cbc:TaxableAmount>
                     <cbc:TaxAmount currencyID="EUR">21.00</cbc:TaxAmount>
                     <cac:TaxCategory>
                        <cbc:ID schemeID="UNCL5305">S</cbc:ID>
                        <cbc:Percent>21.00</cbc:Percent>
                        <cac:TaxScheme>
                           <cbc:ID>VAT</cbc:ID>
                        </cac:TaxScheme>
                     </cac:TaxCategory>
                  </cac:TaxSubtotal>
               </cac:TaxTotal>
               <cac:LegalMonetaryTotal>
                  <cbc:LineExtensionAmount currencyID="EUR">100.00</cbc:LineExtensionAmount>
                  <cbc:TaxExclusiveAmount currencyID="EUR">100.00</cbc:TaxExclusiveAmount>
                  <cbc:TaxInclusiveAmount currencyID="EUR">121.00</cbc:TaxInclusiveAmount>
                  <cbc:PayableAmount currencyID="EUR">121.00</cbc:PayableAmount>
               </cac:LegalMonetaryTotal>
               <cac:InvoiceLine>
                  <cbc:ID>1</cbc:ID>
                  <cbc:InvoicedQuantity unitCode="NAR" unitCodeListID="UNECERec20">1.00</cbc:InvoicedQuantity>
                  <cbc:LineExtensionAmount currencyID="EUR">100.00</cbc:LineExtensionAmount>
                  <cac:TaxTotal>
                     <cbc:TaxAmount currencyID="EUR">21.00</cbc:TaxAmount>
                  </cac:TaxTotal>
                  <cac:Item>
                     <cbc:Description>Line1 description - may be long</cbc:Description>
                     <cbc:Name>Line1max50char</cbc:Name>
                     <cac:ClassifiedTaxCategory>
                        <cbc:ID schemeID="UNCL5305">S</cbc:ID>
                        <cbc:Percent>21.00</cbc:Percent>
                        <cac:TaxScheme>
                           <cbc:ID>VAT</cbc:ID>
                        </cac:TaxScheme>
                     </cac:ClassifiedTaxCategory>
                  </cac:Item>
                  <cac:Price>
                     <cbc:PriceAmount currencyID="EUR">100.00</cbc:PriceAmount>
                     <cbc:BaseQuantity>1.00</cbc:BaseQuantity>
                  </cac:Price>
               </cac:InvoiceLine>
            </Invoice>
            </v12:document>
         </v2:request>
      </v2:submitDocumentRequest>
   </soapenv:Body>
</soapenv:Envelope>]]></con:request><con:credentials><con:selectedAuthProfile>Basic</con:selectedAuthProfile><con:addedBasicAuthenticationTypes>Basic</con:addedBasicAuthenticationTypes><con:authType>Global HTTP Settings</con:authType></con:credentials><con:jmsConfig JMSDeliveryMode="PERSISTENT"/><con:jmsPropertyConfig/><con:wsaConfig mustUnderstand="NONE" version="200508" action="http://fidus.brussels/services/invoiceservice/submitApplicationResponse"/><con:wsrmConfig version="1.2"/></con:call><con:call id="691b5eab-40c6-433c-a39e-5cedc5b3fa6a" name="4 - Staging - External - Request" outgoingWss="Outflow STAG"><con:settings><con:setting id="com.eviware.soapui.impl.wsdl.WsdlRequest@request-headers">&lt;xml-fragment/></con:setting></con:settings><con:encoding>UTF-8</con:encoding><con:endpoint>https://fidus.irisnetlab.be/services/InvoiceService_v2.0</con:endpoint><con:request><![CDATA[<soapenv:Envelope xmlns:soapenv="http://schemas.xmlsoap.org/soap/envelope/" xmlns:v2="http://fidus.brussels/service/invoiceservice/messages/v2.0" xmlns:v1="http://fidus.brussels/service/invoiceservice/messages/v1.2" xmlns:v11="http://fidus.brussels/type/common/messages/v1" xmlns:urn="urn:oasis:names:specification:ubl:schema:xsd:ApplicationResponse-2" xmlns:urn1="urn:oasis:names:specification:ubl:schema:xsd:CommonExtensionComponents-2" xmlns:urn2="urn:oasis:names:specification:ubl:schema:xsd:CommonBasicComponents-2" xmlns:urn3="urn:oasis:names:specification:ubl:schema:xsd:CommonAggregateComponents-2">
   <soapenv:Header/>
   <soapenv:Body>
      <v2:submitDocumentRequest>
         <v2:messageContext>
            <v11:messageId>?</v11:messageId>
         </v2:messageContext>
         <v2:legalContext>ServiceIntegrator</v2:legalContext>
         <v2:request>
            <v12:document xmlns:v12="http://fsb.belgium.be/einvoicing/simpleprior/v1_00">                
            <Invoice xmlns="urn:oasis:names:specification:ubl:schema:xsd:Invoice-2"
                    xmlns:cbc="urn:oasis:names:specification:ubl:schema:xsd:CommonBasicComponents-2"
                    xmlns:cac="urn:oasis:names:specification:ubl:schema:xsd:CommonAggregateComponents-2">
               <cbc:UBLVersionID>2.1</cbc:UBLVersionID>
               <cbc:CustomizationID>urn:www.cenbii.eu:transaction:biitrns010:ver2.0:extended:urn:www.peppol.eu:bis:peppol5a:ver2.0</cbc:CustomizationID>
               <cbc:ProfileID>urn:www.cenbii.eu:profile:bii05:ver2.0</cbc:ProfileID>
               <cbc:ID>118120479086FAKNOV-13-5B</cbc:ID>
               <cbc:IssueDate>2018-06-12</cbc:IssueDate>
               <cbc:InvoiceTypeCode listID="UNCL1001">380</cbc:InvoiceTypeCode>
               <cbc:DocumentCurrencyCode listID="ISO4217">EUR</cbc:DocumentCurrencyCode>
               <cac:AccountingSupplierParty>
                  <cac:Party>
                     <cac:PartyIdentification>
                        <cbc:ID schemeID="BE:CBE">0200013901</cbc:ID>
                     </cac:PartyIdentification>
                     <cac:PartyName>
                        <cbc:Name>ACME</cbc:Name>
                     </cac:PartyName>
                     <cac:PostalAddress>
                        <cbc:StreetName>Simon Bolivarlaan 30/9</cbc:StreetName>
                        <cbc:CityName>BRUSSEL</cbc:CityName>
                        <cbc:PostalZone>1000</cbc:PostalZone>
                        <cac:Country>
                           <cbc:IdentificationCode listID="ISO3166-1:Alpha2">BE</cbc:IdentificationCode>
                        </cac:Country>
                     </cac:PostalAddress>
                     <cac:PartyTaxScheme>
                        <cbc:CompanyID schemeID="BE:VAT">BE0200013901</cbc:CompanyID>
                        <cac:TaxScheme>
                           <cbc:ID>VAT</cbc:ID>
                        </cac:TaxScheme>
                     </cac:PartyTaxScheme>
                     <cac:PartyLegalEntity>
                        <cbc:RegistrationName>D.W. Soft bvba</cbc:RegistrationName>
                        <cbc:CompanyID schemeID="BE:CBE">0200013901</cbc:CompanyID>
                     </cac:PartyLegalEntity>
                     <cac:Contact>
                        <cbc:ElectronicMail>dirk.willekens@dwsoft.be</cbc:ElectronicMail>
                     </cac:Contact>
                  </cac:Party>
               </cac:AccountingSupplierParty>
               <cac:AccountingCustomerParty>
                  <cac:Party>
                     <cac:PartyIdentification>
                        <cbc:ID schemeID="BE:CBE">2222222222</cbc:ID>
                     </cac:PartyIdentification>
                     <cac:PartyName>
                        <cbc:Name>Fake customer</cbc:Name>
                     </cac:PartyName>
                     <cac:PostalAddress>
                        <cbc:StreetName>Simon Bolivarlaan 34</cbc:StreetName>
                        <cbc:CityName>ANTWERPEN</cbc:CityName>
                        <cbc:PostalZone>2000</cbc:PostalZone>
                        <cac:Country>
                           <cbc:IdentificationCode listID="ISO3166-1:Alpha2">BE</cbc:IdentificationCode>
                        </cac:Country>
                     </cac:PostalAddress>
                     <cac:PartyTaxScheme>
                        <cbc:CompanyID schemeID="BE:VAT">BE2222222222</cbc:CompanyID>
                        <cac:TaxScheme>
                           <cbc:ID>VAT</cbc:ID>
                        </cac:TaxScheme>
                     </cac:PartyTaxScheme>
                     <cac:PartyLegalEntity>
                        <cbc:RegistrationName>Fake Customer</cbc:RegistrationName>
                        <cbc:CompanyID schemeID="BE:CBE">2222222222</cbc:CompanyID>
                     </cac:PartyLegalEntity>
                  </cac:Party>
               </cac:AccountingCustomerParty>
               <cac:PaymentMeans>
                  <cbc:PaymentMeansCode listID="UNCL4461">1</cbc:PaymentMeansCode>
                  <cbc:PaymentDueDate>2018-05-31</cbc:PaymentDueDate>
                  <cbc:PaymentChannelCode>IBAN</cbc:PaymentChannelCode>
                  <cbc:InstructionNote>SIMPLE TEST TO FAKE CUSTOMER</cbc:InstructionNote>
                  <cac:PayeeFinancialAccount>
                     <cbc:ID schemeID="IBAN">BE86736009252450</cbc:ID>
                     <cac:FinancialInstitutionBranch>
                        <cac:FinancialInstitution>
                           <cbc:ID schemeID="BIC">KREDBEBB</cbc:ID>
                        </cac:FinancialInstitution>
                     </cac:FinancialInstitutionBranch>
                  </cac:PayeeFinancialAccount>
               </cac:PaymentMeans>
               <cac:TaxTotal>
                  <cbc:TaxAmount currencyID="EUR">21.00</cbc:TaxAmount>
                  <cac:TaxSubtotal>
                     <cbc:TaxableAmount currencyID="EUR">100.00</cbc:TaxableAmount>
                     <cbc:TaxAmount currencyID="EUR">21.00</cbc:TaxAmount>
                     <cac:TaxCategory>
                        <cbc:ID schemeID="UNCL5305">S</cbc:ID>
                        <cbc:Percent>21.00</cbc:Percent>
                        <cac:TaxScheme>
                           <cbc:ID>VAT</cbc:ID>
                        </cac:TaxScheme>
                     </cac:TaxCategory>
                  </cac:TaxSubtotal>
               </cac:TaxTotal>
               <cac:LegalMonetaryTotal>
                  <cbc:LineExtensionAmount currencyID="EUR">100.00</cbc:LineExtensionAmount>
                  <cbc:TaxExclusiveAmount currencyID="EUR">100.00</cbc:TaxExclusiveAmount>
                  <cbc:TaxInclusiveAmount currencyID="EUR">121.00</cbc:TaxInclusiveAmount>
                  <cbc:PayableAmount currencyID="EUR">121.00</cbc:PayableAmount>
               </cac:LegalMonetaryTotal>
               <cac:InvoiceLine>
                  <cbc:ID>1</cbc:ID>
                  <cbc:InvoicedQuantity unitCode="NAR" unitCodeListID="UNECERec20">1.00</cbc:InvoicedQuantity>
                  <cbc:LineExtensionAmount currencyID="EUR">100.00</cbc:LineExtensionAmount>
                  <cac:TaxTotal>
                     <cbc:TaxAmount currencyID="EUR">21.00</cbc:TaxAmount>
                  </cac:TaxTotal>
                  <cac:Item>
                     <cbc:Description>Line1 description - may be long</cbc:Description>
                     <cbc:Name>Line1max50char</cbc:Name>
                     <cac:ClassifiedTaxCategory>
                        <cbc:ID schemeID="UNCL5305">S</cbc:ID>
                        <cbc:Percent>21.00</cbc:Percent>
                        <cac:TaxScheme>
                           <cbc:ID>VAT</cbc:ID>
                        </cac:TaxScheme>
                     </cac:ClassifiedTaxCategory>
                  </cac:Item>
                  <cac:Price>
                     <cbc:PriceAmount currencyID="EUR">100.00</cbc:PriceAmount>
                     <cbc:BaseQuantity>1.00</cbc:BaseQuantity>
                  </cac:Price>
               </cac:InvoiceLine>
            </Invoice>
            </v12:document>
         </v2:request>
      </v2:submitDocumentRequest>
   </soapenv:Body>
</soapenv:Envelope>]]></con:request><con:credentials><con:selectedAuthProfile>Basic</con:selectedAuthProfile><con:addedBasicAuthenticationTypes>Basic</con:addedBasicAuthenticationTypes><con:authType>Global HTTP Settings</con:authType></con:credentials><con:jmsConfig JMSDeliveryMode="PERSISTENT"/><con:jmsPropertyConfig/><con:wsaConfig mustUnderstand="NONE" version="200508" action="http://fidus.brussels/services/invoiceservice/submitApplicationResponse"/><con:wsrmConfig version="1.2"/></con:call><con:call id="97b66c7a-1cb5-41e8-a1f5-fabc23553d58" name="4 - Staging - LB - Request" outgoingWss="Outflow STAG"><con:settings><con:setting id="com.eviware.soapui.impl.wsdl.WsdlRequest@request-headers">&lt;xml-fragment/></con:setting></con:settings><con:encoding>UTF-8</con:encoding><con:endpoint>https://fidus-esb-sg.sta.srv.cirb.lan:8443/services/InvoiceService_v2.0</con:endpoint><con:request><![CDATA[<soapenv:Envelope xmlns:soapenv="http://schemas.xmlsoap.org/soap/envelope/" xmlns:v2="http://fidus.brussels/service/invoiceservice/messages/v2.0" xmlns:v1="http://fidus.brussels/service/invoiceservice/messages/v1.2" xmlns:v11="http://fidus.brussels/type/common/messages/v1" xmlns:urn="urn:oasis:names:specification:ubl:schema:xsd:ApplicationResponse-2" xmlns:urn1="urn:oasis:names:specification:ubl:schema:xsd:CommonExtensionComponents-2" xmlns:urn2="urn:oasis:names:specification:ubl:schema:xsd:CommonBasicComponents-2" xmlns:urn3="urn:oasis:names:specification:ubl:schema:xsd:CommonAggregateComponents-2">
   <soapenv:Header/>
   <soapenv:Body>
      <v2:submitDocumentRequest>
         <v2:messageContext>
            <v11:messageId>?</v11:messageId>
         </v2:messageContext>
         <v2:legalContext>ServiceIntegrator</v2:legalContext>
         <v2:request>
            <v12:document xmlns:v12="http://fsb.belgium.be/einvoicing/simpleprior/v1_00">                
            <Invoice xmlns="urn:oasis:names:specification:ubl:schema:xsd:Invoice-2"
                    xmlns:cbc="urn:oasis:names:specification:ubl:schema:xsd:CommonBasicComponents-2"
                    xmlns:cac="urn:oasis:names:specification:ubl:schema:xsd:CommonAggregateComponents-2">
               <cbc:UBLVersionID>2.1</cbc:UBLVersionID>
               <cbc:CustomizationID>urn:www.cenbii.eu:transaction:biitrns010:ver2.0:extended:urn:www.peppol.eu:bis:peppol5a:ver2.0</cbc:CustomizationID>
               <cbc:ProfileID>urn:www.cenbii.eu:profile:bii05:ver2.0</cbc:ProfileID>
               <cbc:ID>118120479086FAKNOV-13-5B</cbc:ID>
               <cbc:IssueDate>2018-06-12</cbc:IssueDate>
               <cbc:InvoiceTypeCode listID="UNCL1001">380</cbc:InvoiceTypeCode>
               <cbc:DocumentCurrencyCode listID="ISO4217">EUR</cbc:DocumentCurrencyCode>
               <cac:AccountingSupplierParty>
                  <cac:Party>
                     <cac:PartyIdentification>
                        <cbc:ID schemeID="BE:CBE">0200013901</cbc:ID>
                     </cac:PartyIdentification>
                     <cac:PartyName>
                        <cbc:Name>ACME</cbc:Name>
                     </cac:PartyName>
                     <cac:PostalAddress>
                        <cbc:StreetName>Simon Bolivarlaan 30/9</cbc:StreetName>
                        <cbc:CityName>BRUSSEL</cbc:CityName>
                        <cbc:PostalZone>1000</cbc:PostalZone>
                        <cac:Country>
                           <cbc:IdentificationCode listID="ISO3166-1:Alpha2">BE</cbc:IdentificationCode>
                        </cac:Country>
                     </cac:PostalAddress>
                     <cac:PartyTaxScheme>
                        <cbc:CompanyID schemeID="BE:VAT">BE0200013901</cbc:CompanyID>
                        <cac:TaxScheme>
                           <cbc:ID>VAT</cbc:ID>
                        </cac:TaxScheme>
                     </cac:PartyTaxScheme>
                     <cac:PartyLegalEntity>
                        <cbc:RegistrationName>D.W. Soft bvba</cbc:RegistrationName>
                        <cbc:CompanyID schemeID="BE:CBE">0200013901</cbc:CompanyID>
                     </cac:PartyLegalEntity>
                     <cac:Contact>
                        <cbc:ElectronicMail>dirk.willekens@dwsoft.be</cbc:ElectronicMail>
                     </cac:Contact>
                  </cac:Party>
               </cac:AccountingSupplierParty>
               <cac:AccountingCustomerParty>
                  <cac:Party>
                     <cac:PartyIdentification>
                        <cbc:ID schemeID="BE:CBE">2222222222</cbc:ID>
                     </cac:PartyIdentification>
                     <cac:PartyName>
                        <cbc:Name>Fake customer</cbc:Name>
                     </cac:PartyName>
                     <cac:PostalAddress>
                        <cbc:StreetName>Simon Bolivarlaan 34</cbc:StreetName>
                        <cbc:CityName>ANTWERPEN</cbc:CityName>
                        <cbc:PostalZone>2000</cbc:PostalZone>
                        <cac:Country>
                           <cbc:IdentificationCode listID="ISO3166-1:Alpha2">BE</cbc:IdentificationCode>
                        </cac:Country>
                     </cac:PostalAddress>
                     <cac:PartyTaxScheme>
                        <cbc:CompanyID schemeID="BE:VAT">BE2222222222</cbc:CompanyID>
                        <cac:TaxScheme>
                           <cbc:ID>VAT</cbc:ID>
                        </cac:TaxScheme>
                     </cac:PartyTaxScheme>
                     <cac:PartyLegalEntity>
                        <cbc:RegistrationName>Fake Customer</cbc:RegistrationName>
                        <cbc:CompanyID schemeID="BE:CBE">2222222222</cbc:CompanyID>
                     </cac:PartyLegalEntity>
                  </cac:Party>
               </cac:AccountingCustomerParty>
               <cac:PaymentMeans>
                  <cbc:PaymentMeansCode listID="UNCL4461">1</cbc:PaymentMeansCode>
                  <cbc:PaymentDueDate>2018-05-31</cbc:PaymentDueDate>
                  <cbc:PaymentChannelCode>IBAN</cbc:PaymentChannelCode>
                  <cbc:InstructionNote>SIMPLE TEST TO FAKE CUSTOMER</cbc:InstructionNote>
                  <cac:PayeeFinancialAccount>
                     <cbc:ID schemeID="IBAN">BE86736009252450</cbc:ID>
                     <cac:FinancialInstitutionBranch>
                        <cac:FinancialInstitution>
                           <cbc:ID schemeID="BIC">KREDBEBB</cbc:ID>
                        </cac:FinancialInstitution>
                     </cac:FinancialInstitutionBranch>
                  </cac:PayeeFinancialAccount>
               </cac:PaymentMeans>
               <cac:TaxTotal>
                  <cbc:TaxAmount currencyID="EUR">21.00</cbc:TaxAmount>
                  <cac:TaxSubtotal>
                     <cbc:TaxableAmount currencyID="EUR">100.00</cbc:TaxableAmount>
                     <cbc:TaxAmount currencyID="EUR">21.00</cbc:TaxAmount>
                     <cac:TaxCategory>
                        <cbc:ID schemeID="UNCL5305">S</cbc:ID>
                        <cbc:Percent>21.00</cbc:Percent>
                        <cac:TaxScheme>
                           <cbc:ID>VAT</cbc:ID>
                        </cac:TaxScheme>
                     </cac:TaxCategory>
                  </cac:TaxSubtotal>
               </cac:TaxTotal>
               <cac:LegalMonetaryTotal>
                  <cbc:LineExtensionAmount currencyID="EUR">100.00</cbc:LineExtensionAmount>
                  <cbc:TaxExclusiveAmount currencyID="EUR">100.00</cbc:TaxExclusiveAmount>
                  <cbc:TaxInclusiveAmount currencyID="EUR">121.00</cbc:TaxInclusiveAmount>
                  <cbc:PayableAmount currencyID="EUR">121.00</cbc:PayableAmount>
               </cac:LegalMonetaryTotal>
               <cac:InvoiceLine>
                  <cbc:ID>1</cbc:ID>
                  <cbc:InvoicedQuantity unitCode="NAR" unitCodeListID="UNECERec20">1.00</cbc:InvoicedQuantity>
                  <cbc:LineExtensionAmount currencyID="EUR">100.00</cbc:LineExtensionAmount>
                  <cac:TaxTotal>
                     <cbc:TaxAmount currencyID="EUR">21.00</cbc:TaxAmount>
                  </cac:TaxTotal>
                  <cac:Item>
                     <cbc:Description>Line1 description - may be long</cbc:Description>
                     <cbc:Name>Line1max50char</cbc:Name>
                     <cac:ClassifiedTaxCategory>
                        <cbc:ID schemeID="UNCL5305">S</cbc:ID>
                        <cbc:Percent>21.00</cbc:Percent>
                        <cac:TaxScheme>
                           <cbc:ID>VAT</cbc:ID>
                        </cac:TaxScheme>
                     </cac:ClassifiedTaxCategory>
                  </cac:Item>
                  <cac:Price>
                     <cbc:PriceAmount currencyID="EUR">100.00</cbc:PriceAmount>
                     <cbc:BaseQuantity>1.00</cbc:BaseQuantity>
                  </cac:Price>
               </cac:InvoiceLine>
            </Invoice>
            </v12:document>
         </v2:request>
      </v2:submitDocumentRequest>
   </soapenv:Body>
</soapenv:Envelope>]]></con:request><con:credentials><con:selectedAuthProfile>Basic</con:selectedAuthProfile><con:addedBasicAuthenticationTypes>Basic</con:addedBasicAuthenticationTypes><con:authType>Global HTTP Settings</con:authType></con:credentials><con:jmsConfig JMSDeliveryMode="PERSISTENT"/><con:jmsPropertyConfig/><con:wsaConfig mustUnderstand="NONE" version="200508" action="http://fidus.brussels/services/invoiceservice/submitApplicationResponse"/><con:wsrmConfig version="1.2"/></con:call><con:call id="9014f33a-4175-4b06-9ed6-ae2f0508d6dc" name="4 - Staging - Worker1 - Request" outgoingWss="Outflow STAG"><con:settings><con:setting id="com.eviware.soapui.impl.wsdl.WsdlRequest@request-headers">&lt;xml-fragment/></con:setting></con:settings><con:encoding>UTF-8</con:encoding><con:endpoint>https://192.168.24.16:8443/services/InvoiceService_v2.0</con:endpoint><con:request><![CDATA[<soapenv:Envelope xmlns:soapenv="http://schemas.xmlsoap.org/soap/envelope/" xmlns:v2="http://fidus.brussels/service/invoiceservice/messages/v2.0" xmlns:v1="http://fidus.brussels/service/invoiceservice/messages/v1.2" xmlns:v11="http://fidus.brussels/type/common/messages/v1" xmlns:urn="urn:oasis:names:specification:ubl:schema:xsd:ApplicationResponse-2" xmlns:urn1="urn:oasis:names:specification:ubl:schema:xsd:CommonExtensionComponents-2" xmlns:urn2="urn:oasis:names:specification:ubl:schema:xsd:CommonBasicComponents-2" xmlns:urn3="urn:oasis:names:specification:ubl:schema:xsd:CommonAggregateComponents-2">
   <soapenv:Header/>
   <soapenv:Body>
      <v2:submitDocumentRequest>
         <v2:messageContext>
            <v11:messageId>?</v11:messageId>
         </v2:messageContext>
         <v2:legalContext>ServiceIntegrator</v2:legalContext>
         <v2:request>
            <v12:document xmlns:v12="http://fsb.belgium.be/einvoicing/simpleprior/v1_00">                
            <Invoice xmlns="urn:oasis:names:specification:ubl:schema:xsd:Invoice-2"
                    xmlns:cbc="urn:oasis:names:specification:ubl:schema:xsd:CommonBasicComponents-2"
                    xmlns:cac="urn:oasis:names:specification:ubl:schema:xsd:CommonAggregateComponents-2">
               <cbc:UBLVersionID>2.1</cbc:UBLVersionID>
               <cbc:CustomizationID>urn:www.cenbii.eu:transaction:biitrns010:ver2.0:extended:urn:www.peppol.eu:bis:peppol5a:ver2.0</cbc:CustomizationID>
               <cbc:ProfileID>urn:www.cenbii.eu:profile:bii05:ver2.0</cbc:ProfileID>
               <cbc:ID>118120479086FAKNOV-13-5B</cbc:ID>
               <cbc:IssueDate>2018-06-12</cbc:IssueDate>
               <cbc:InvoiceTypeCode listID="UNCL1001">380</cbc:InvoiceTypeCode>
               <cbc:DocumentCurrencyCode listID="ISO4217">EUR</cbc:DocumentCurrencyCode>
               <cac:AccountingSupplierParty>
                  <cac:Party>
                     <cac:PartyIdentification>
                        <cbc:ID schemeID="BE:CBE">0200013901</cbc:ID>
                     </cac:PartyIdentification>
                     <cac:PartyName>
                        <cbc:Name>ACME</cbc:Name>
                     </cac:PartyName>
                     <cac:PostalAddress>
                        <cbc:StreetName>Simon Bolivarlaan 30/9</cbc:StreetName>
                        <cbc:CityName>BRUSSEL</cbc:CityName>
                        <cbc:PostalZone>1000</cbc:PostalZone>
                        <cac:Country>
                           <cbc:IdentificationCode listID="ISO3166-1:Alpha2">BE</cbc:IdentificationCode>
                        </cac:Country>
                     </cac:PostalAddress>
                     <cac:PartyTaxScheme>
                        <cbc:CompanyID schemeID="BE:VAT">BE0200013901</cbc:CompanyID>
                        <cac:TaxScheme>
                           <cbc:ID>VAT</cbc:ID>
                        </cac:TaxScheme>
                     </cac:PartyTaxScheme>
                     <cac:PartyLegalEntity>
                        <cbc:RegistrationName>D.W. Soft bvba</cbc:RegistrationName>
                        <cbc:CompanyID schemeID="BE:CBE">0200013901</cbc:CompanyID>
                     </cac:PartyLegalEntity>
                     <cac:Contact>
                        <cbc:ElectronicMail>dirk.willekens@dwsoft.be</cbc:ElectronicMail>
                     </cac:Contact>
                  </cac:Party>
               </cac:AccountingSupplierParty>
               <cac:AccountingCustomerParty>
                  <cac:Party>
                     <cac:PartyIdentification>
                        <cbc:ID schemeID="BE:CBE">2222222222</cbc:ID>
                     </cac:PartyIdentification>
                     <cac:PartyName>
                        <cbc:Name>Fake customer</cbc:Name>
                     </cac:PartyName>
                     <cac:PostalAddress>
                        <cbc:StreetName>Simon Bolivarlaan 34</cbc:StreetName>
                        <cbc:CityName>ANTWERPEN</cbc:CityName>
                        <cbc:PostalZone>2000</cbc:PostalZone>
                        <cac:Country>
                           <cbc:IdentificationCode listID="ISO3166-1:Alpha2">BE</cbc:IdentificationCode>
                        </cac:Country>
                     </cac:PostalAddress>
                     <cac:PartyTaxScheme>
                        <cbc:CompanyID schemeID="BE:VAT">BE2222222222</cbc:CompanyID>
                        <cac:TaxScheme>
                           <cbc:ID>VAT</cbc:ID>
                        </cac:TaxScheme>
                     </cac:PartyTaxScheme>
                     <cac:PartyLegalEntity>
                        <cbc:RegistrationName>Fake Customer</cbc:RegistrationName>
                        <cbc:CompanyID schemeID="BE:CBE">2222222222</cbc:CompanyID>
                     </cac:PartyLegalEntity>
                  </cac:Party>
               </cac:AccountingCustomerParty>
               <cac:PaymentMeans>
                  <cbc:PaymentMeansCode listID="UNCL4461">1</cbc:PaymentMeansCode>
                  <cbc:PaymentDueDate>2018-05-31</cbc:PaymentDueDate>
                  <cbc:PaymentChannelCode>IBAN</cbc:PaymentChannelCode>
                  <cbc:InstructionNote>SIMPLE TEST TO FAKE CUSTOMER</cbc:InstructionNote>
                  <cac:PayeeFinancialAccount>
                     <cbc:ID schemeID="IBAN">BE86736009252450</cbc:ID>
                     <cac:FinancialInstitutionBranch>
                        <cac:FinancialInstitution>
                           <cbc:ID schemeID="BIC">KREDBEBB</cbc:ID>
                        </cac:FinancialInstitution>
                     </cac:FinancialInstitutionBranch>
                  </cac:PayeeFinancialAccount>
               </cac:PaymentMeans>
               <cac:TaxTotal>
                  <cbc:TaxAmount currencyID="EUR">21.00</cbc:TaxAmount>
                  <cac:TaxSubtotal>
                     <cbc:TaxableAmount currencyID="EUR">100.00</cbc:TaxableAmount>
                     <cbc:TaxAmount currencyID="EUR">21.00</cbc:TaxAmount>
                     <cac:TaxCategory>
                        <cbc:ID schemeID="UNCL5305">S</cbc:ID>
                        <cbc:Percent>21.00</cbc:Percent>
                        <cac:TaxScheme>
                           <cbc:ID>VAT</cbc:ID>
                        </cac:TaxScheme>
                     </cac:TaxCategory>
                  </cac:TaxSubtotal>
               </cac:TaxTotal>
               <cac:LegalMonetaryTotal>
                  <cbc:LineExtensionAmount currencyID="EUR">100.00</cbc:LineExtensionAmount>
                  <cbc:TaxExclusiveAmount currencyID="EUR">100.00</cbc:TaxExclusiveAmount>
                  <cbc:TaxInclusiveAmount currencyID="EUR">121.00</cbc:TaxInclusiveAmount>
                  <cbc:PayableAmount currencyID="EUR">121.00</cbc:PayableAmount>
               </cac:LegalMonetaryTotal>
               <cac:InvoiceLine>
                  <cbc:ID>1</cbc:ID>
                  <cbc:InvoicedQuantity unitCode="NAR" unitCodeListID="UNECERec20">1.00</cbc:InvoicedQuantity>
                  <cbc:LineExtensionAmount currencyID="EUR">100.00</cbc:LineExtensionAmount>
                  <cac:TaxTotal>
                     <cbc:TaxAmount currencyID="EUR">21.00</cbc:TaxAmount>
                  </cac:TaxTotal>
                  <cac:Item>
                     <cbc:Description>Line1 description - may be long</cbc:Description>
                     <cbc:Name>Line1max50char</cbc:Name>
                     <cac:ClassifiedTaxCategory>
                        <cbc:ID schemeID="UNCL5305">S</cbc:ID>
                        <cbc:Percent>21.00</cbc:Percent>
                        <cac:TaxScheme>
                           <cbc:ID>VAT</cbc:ID>
                        </cac:TaxScheme>
                     </cac:ClassifiedTaxCategory>
                  </cac:Item>
                  <cac:Price>
                     <cbc:PriceAmount currencyID="EUR">100.00</cbc:PriceAmount>
                     <cbc:BaseQuantity>1.00</cbc:BaseQuantity>
                  </cac:Price>
               </cac:InvoiceLine>
            </Invoice>
            </v12:document>
         </v2:request>
      </v2:submitDocumentRequest>
   </soapenv:Body>
</soapenv:Envelope>]]></con:request><con:credentials><con:selectedAuthProfile>Basic</con:selectedAuthProfile><con:addedBasicAuthenticationTypes>Basic</con:addedBasicAuthenticationTypes><con:authType>Global HTTP Settings</con:authType></con:credentials><con:jmsConfig JMSDeliveryMode="PERSISTENT"/><con:jmsPropertyConfig/><con:wsaConfig mustUnderstand="NONE" version="200508" action="http://fidus.brussels/services/invoiceservice/submitApplicationResponse"/><con:wsrmConfig version="1.2"/></con:call><con:call id="cee6cdcc-9e03-46a6-8ca5-c2cdf08df129" name="4 - Staging - Worker2 - Request" outgoingWss="Outflow STAG"><con:settings><con:setting id="com.eviware.soapui.impl.wsdl.WsdlRequest@request-headers">&lt;xml-fragment/></con:setting></con:settings><con:encoding>UTF-8</con:encoding><con:endpoint>https://192.168.24.17:8443/services/InvoiceService_v2.0</con:endpoint><con:request><![CDATA[<soapenv:Envelope xmlns:soapenv="http://schemas.xmlsoap.org/soap/envelope/" xmlns:v2="http://fidus.brussels/service/invoiceservice/messages/v2.0" xmlns:v1="http://fidus.brussels/service/invoiceservice/messages/v1.2" xmlns:v11="http://fidus.brussels/type/common/messages/v1" xmlns:urn="urn:oasis:names:specification:ubl:schema:xsd:ApplicationResponse-2" xmlns:urn1="urn:oasis:names:specification:ubl:schema:xsd:CommonExtensionComponents-2" xmlns:urn2="urn:oasis:names:specification:ubl:schema:xsd:CommonBasicComponents-2" xmlns:urn3="urn:oasis:names:specification:ubl:schema:xsd:CommonAggregateComponents-2">
   <soapenv:Header/>
   <soapenv:Body>
      <v2:submitDocumentRequest>
         <v2:messageContext>
            <v11:messageId>?</v11:messageId>
         </v2:messageContext>
         <v2:legalContext>ServiceIntegrator</v2:legalContext>
         <v2:request>
            <v12:document xmlns:v12="http://fsb.belgium.be/einvoicing/simpleprior/v1_00">                
            <Invoice xmlns="urn:oasis:names:specification:ubl:schema:xsd:Invoice-2"
                    xmlns:cbc="urn:oasis:names:specification:ubl:schema:xsd:CommonBasicComponents-2"
                    xmlns:cac="urn:oasis:names:specification:ubl:schema:xsd:CommonAggregateComponents-2">
               <cbc:UBLVersionID>2.1</cbc:UBLVersionID>
               <cbc:CustomizationID>urn:www.cenbii.eu:transaction:biitrns010:ver2.0:extended:urn:www.peppol.eu:bis:peppol5a:ver2.0</cbc:CustomizationID>
               <cbc:ProfileID>urn:www.cenbii.eu:profile:bii05:ver2.0</cbc:ProfileID>
               <cbc:ID>118120479086FAKNOV-13-5B</cbc:ID>
               <cbc:IssueDate>2018-06-12</cbc:IssueDate>
               <cbc:InvoiceTypeCode listID="UNCL1001">380</cbc:InvoiceTypeCode>
               <cbc:DocumentCurrencyCode listID="ISO4217">EUR</cbc:DocumentCurrencyCode>
               <cac:AccountingSupplierParty>
                  <cac:Party>
                     <cac:PartyIdentification>
                        <cbc:ID schemeID="BE:CBE">0200013901</cbc:ID>
                     </cac:PartyIdentification>
                     <cac:PartyName>
                        <cbc:Name>ACME</cbc:Name>
                     </cac:PartyName>
                     <cac:PostalAddress>
                        <cbc:StreetName>Simon Bolivarlaan 30/9</cbc:StreetName>
                        <cbc:CityName>BRUSSEL</cbc:CityName>
                        <cbc:PostalZone>1000</cbc:PostalZone>
                        <cac:Country>
                           <cbc:IdentificationCode listID="ISO3166-1:Alpha2">BE</cbc:IdentificationCode>
                        </cac:Country>
                     </cac:PostalAddress>
                     <cac:PartyTaxScheme>
                        <cbc:CompanyID schemeID="BE:VAT">BE0200013901</cbc:CompanyID>
                        <cac:TaxScheme>
                           <cbc:ID>VAT</cbc:ID>
                        </cac:TaxScheme>
                     </cac:PartyTaxScheme>
                     <cac:PartyLegalEntity>
                        <cbc:RegistrationName>D.W. Soft bvba</cbc:RegistrationName>
                        <cbc:CompanyID schemeID="BE:CBE">0200013901</cbc:CompanyID>
                     </cac:PartyLegalEntity>
                     <cac:Contact>
                        <cbc:ElectronicMail>dirk.willekens@dwsoft.be</cbc:ElectronicMail>
                     </cac:Contact>
                  </cac:Party>
               </cac:AccountingSupplierParty>
               <cac:AccountingCustomerParty>
                  <cac:Party>
                     <cac:PartyIdentification>
                        <cbc:ID schemeID="BE:CBE">2222222222</cbc:ID>
                     </cac:PartyIdentification>
                     <cac:PartyName>
                        <cbc:Name>Fake customer</cbc:Name>
                     </cac:PartyName>
                     <cac:PostalAddress>
                        <cbc:StreetName>Simon Bolivarlaan 34</cbc:StreetName>
                        <cbc:CityName>ANTWERPEN</cbc:CityName>
                        <cbc:PostalZone>2000</cbc:PostalZone>
                        <cac:Country>
                           <cbc:IdentificationCode listID="ISO3166-1:Alpha2">BE</cbc:IdentificationCode>
                        </cac:Country>
                     </cac:PostalAddress>
                     <cac:PartyTaxScheme>
                        <cbc:CompanyID schemeID="BE:VAT">BE2222222222</cbc:CompanyID>
                        <cac:TaxScheme>
                           <cbc:ID>VAT</cbc:ID>
                        </cac:TaxScheme>
                     </cac:PartyTaxScheme>
                     <cac:PartyLegalEntity>
                        <cbc:RegistrationName>Fake Customer</cbc:RegistrationName>
                        <cbc:CompanyID schemeID="BE:CBE">2222222222</cbc:CompanyID>
                     </cac:PartyLegalEntity>
                  </cac:Party>
               </cac:AccountingCustomerParty>
               <cac:PaymentMeans>
                  <cbc:PaymentMeansCode listID="UNCL4461">1</cbc:PaymentMeansCode>
                  <cbc:PaymentDueDate>2018-05-31</cbc:PaymentDueDate>
                  <cbc:PaymentChannelCode>IBAN</cbc:PaymentChannelCode>
                  <cbc:InstructionNote>SIMPLE TEST TO FAKE CUSTOMER</cbc:InstructionNote>
                  <cac:PayeeFinancialAccount>
                     <cbc:ID schemeID="IBAN">BE86736009252450</cbc:ID>
                     <cac:FinancialInstitutionBranch>
                        <cac:FinancialInstitution>
                           <cbc:ID schemeID="BIC">KREDBEBB</cbc:ID>
                        </cac:FinancialInstitution>
                     </cac:FinancialInstitutionBranch>
                  </cac:PayeeFinancialAccount>
               </cac:PaymentMeans>
               <cac:TaxTotal>
                  <cbc:TaxAmount currencyID="EUR">21.00</cbc:TaxAmount>
                  <cac:TaxSubtotal>
                     <cbc:TaxableAmount currencyID="EUR">100.00</cbc:TaxableAmount>
                     <cbc:TaxAmount currencyID="EUR">21.00</cbc:TaxAmount>
                     <cac:TaxCategory>
                        <cbc:ID schemeID="UNCL5305">S</cbc:ID>
                        <cbc:Percent>21.00</cbc:Percent>
                        <cac:TaxScheme>
                           <cbc:ID>VAT</cbc:ID>
                        </cac:TaxScheme>
                     </cac:TaxCategory>
                  </cac:TaxSubtotal>
               </cac:TaxTotal>
               <cac:LegalMonetaryTotal>
                  <cbc:LineExtensionAmount currencyID="EUR">100.00</cbc:LineExtensionAmount>
                  <cbc:TaxExclusiveAmount currencyID="EUR">100.00</cbc:TaxExclusiveAmount>
                  <cbc:TaxInclusiveAmount currencyID="EUR">121.00</cbc:TaxInclusiveAmount>
                  <cbc:PayableAmount currencyID="EUR">121.00</cbc:PayableAmount>
               </cac:LegalMonetaryTotal>
               <cac:InvoiceLine>
                  <cbc:ID>1</cbc:ID>
                  <cbc:InvoicedQuantity unitCode="NAR" unitCodeListID="UNECERec20">1.00</cbc:InvoicedQuantity>
                  <cbc:LineExtensionAmount currencyID="EUR">100.00</cbc:LineExtensionAmount>
                  <cac:TaxTotal>
                     <cbc:TaxAmount currencyID="EUR">21.00</cbc:TaxAmount>
                  </cac:TaxTotal>
                  <cac:Item>
                     <cbc:Description>Line1 description - may be long</cbc:Description>
                     <cbc:Name>Line1max50char</cbc:Name>
                     <cac:ClassifiedTaxCategory>
                        <cbc:ID schemeID="UNCL5305">S</cbc:ID>
                        <cbc:Percent>21.00</cbc:Percent>
                        <cac:TaxScheme>
                           <cbc:ID>VAT</cbc:ID>
                        </cac:TaxScheme>
                     </cac:ClassifiedTaxCategory>
                  </cac:Item>
                  <cac:Price>
                     <cbc:PriceAmount currencyID="EUR">100.00</cbc:PriceAmount>
                     <cbc:BaseQuantity>1.00</cbc:BaseQuantity>
                  </cac:Price>
               </cac:InvoiceLine>
            </Invoice>
            </v12:document>
         </v2:request>
      </v2:submitDocumentRequest>
   </soapenv:Body>
</soapenv:Envelope>]]></con:request><con:credentials><con:selectedAuthProfile>Basic</con:selectedAuthProfile><con:addedBasicAuthenticationTypes>Basic</con:addedBasicAuthenticationTypes><con:authType>Global HTTP Settings</con:authType></con:credentials><con:jmsConfig JMSDeliveryMode="PERSISTENT"/><con:jmsPropertyConfig/><con:wsaConfig mustUnderstand="NONE" version="200508" action="http://fidus.brussels/services/invoiceservice/submitApplicationResponse"/><con:wsrmConfig version="1.2"/></con:call><con:call id="3d19b8c0-5e6d-46c7-9a70-3377b771a99a" name="5 - Prod - External - Request" outgoingWss="Outflow PROD"><con:settings><con:setting id="com.eviware.soapui.impl.wsdl.WsdlRequest@request-headers">&lt;xml-fragment/></con:setting></con:settings><con:encoding>UTF-8</con:encoding><con:endpoint>https://fidus.sec.brussels/services/InvoiceService_v2.0</con:endpoint><con:request><![CDATA[<soapenv:Envelope xmlns:soapenv="http://schemas.xmlsoap.org/soap/envelope/" xmlns:v2="http://fidus.brussels/service/invoiceservice/messages/v2.0" xmlns:v1="http://fidus.brussels/service/invoiceservice/messages/v1.2" xmlns:v11="http://fidus.brussels/type/common/messages/v1" xmlns:urn="urn:oasis:names:specification:ubl:schema:xsd:ApplicationResponse-2" xmlns:urn1="urn:oasis:names:specification:ubl:schema:xsd:CommonExtensionComponents-2" xmlns:urn2="urn:oasis:names:specification:ubl:schema:xsd:CommonBasicComponents-2" xmlns:urn3="urn:oasis:names:specification:ubl:schema:xsd:CommonAggregateComponents-2">
   <soapenv:Header/>
   <soapenv:Body>
      <v2:submitDocumentRequest>
         <v2:messageContext>
            <v11:messageId>?</v11:messageId>
         </v2:messageContext>
         <v2:legalContext>ServiceIntegrator</v2:legalContext>
         <v2:request>
            <v12:document xmlns:v12="http://fsb.belgium.be/einvoicing/simpleprior/v1_00">                
            <Invoice xmlns="urn:oasis:names:specification:ubl:schema:xsd:Invoice-2"
                    xmlns:cbc="urn:oasis:names:specification:ubl:schema:xsd:CommonBasicComponents-2"
                    xmlns:cac="urn:oasis:names:specification:ubl:schema:xsd:CommonAggregateComponents-2">
               <cbc:UBLVersionID>2.1</cbc:UBLVersionID>
               <cbc:CustomizationID>urn:www.cenbii.eu:transaction:biitrns010:ver2.0:extended:urn:www.peppol.eu:bis:peppol5a:ver2.0</cbc:CustomizationID>
               <cbc:ProfileID>urn:www.cenbii.eu:profile:bii05:ver2.0</cbc:ProfileID>
               <cbc:ID>118120479086FAKNOV-13-5B</cbc:ID>
               <cbc:IssueDate>2018-06-12</cbc:IssueDate>
               <cbc:InvoiceTypeCode listID="UNCL1001">380</cbc:InvoiceTypeCode>
               <cbc:DocumentCurrencyCode listID="ISO4217">EUR</cbc:DocumentCurrencyCode>
               <cac:AccountingSupplierParty>
                  <cac:Party>
                     <cac:PartyIdentification>
                        <cbc:ID schemeID="BE:CBE">0200013901</cbc:ID>
                     </cac:PartyIdentification>
                     <cac:PartyName>
                        <cbc:Name>ACME</cbc:Name>
                     </cac:PartyName>
                     <cac:PostalAddress>
                        <cbc:StreetName>Simon Bolivarlaan 30/9</cbc:StreetName>
                        <cbc:CityName>BRUSSEL</cbc:CityName>
                        <cbc:PostalZone>1000</cbc:PostalZone>
                        <cac:Country>
                           <cbc:IdentificationCode listID="ISO3166-1:Alpha2">BE</cbc:IdentificationCode>
                        </cac:Country>
                     </cac:PostalAddress>
                     <cac:PartyTaxScheme>
                        <cbc:CompanyID schemeID="BE:VAT">BE0200013901</cbc:CompanyID>
                        <cac:TaxScheme>
                           <cbc:ID>VAT</cbc:ID>
                        </cac:TaxScheme>
                     </cac:PartyTaxScheme>
                     <cac:PartyLegalEntity>
                        <cbc:RegistrationName>D.W. Soft bvba</cbc:RegistrationName>
                        <cbc:CompanyID schemeID="BE:CBE">0200013901</cbc:CompanyID>
                     </cac:PartyLegalEntity>
                     <cac:Contact>
                        <cbc:ElectronicMail>dirk.willekens@dwsoft.be</cbc:ElectronicMail>
                     </cac:Contact>
                  </cac:Party>
               </cac:AccountingSupplierParty>
               <cac:AccountingCustomerParty>
                  <cac:Party>
                     <cac:PartyIdentification>
                        <cbc:ID schemeID="BE:CBE">2222222222</cbc:ID>
                     </cac:PartyIdentification>
                     <cac:PartyName>
                        <cbc:Name>Fake customer</cbc:Name>
                     </cac:PartyName>
                     <cac:PostalAddress>
                        <cbc:StreetName>Simon Bolivarlaan 34</cbc:StreetName>
                        <cbc:CityName>ANTWERPEN</cbc:CityName>
                        <cbc:PostalZone>2000</cbc:PostalZone>
                        <cac:Country>
                           <cbc:IdentificationCode listID="ISO3166-1:Alpha2">BE</cbc:IdentificationCode>
                        </cac:Country>
                     </cac:PostalAddress>
                     <cac:PartyTaxScheme>
                        <cbc:CompanyID schemeID="BE:VAT">BE2222222222</cbc:CompanyID>
                        <cac:TaxScheme>
                           <cbc:ID>VAT</cbc:ID>
                        </cac:TaxScheme>
                     </cac:PartyTaxScheme>
                     <cac:PartyLegalEntity>
                        <cbc:RegistrationName>Fake Customer</cbc:RegistrationName>
                        <cbc:CompanyID schemeID="BE:CBE">2222222222</cbc:CompanyID>
                     </cac:PartyLegalEntity>
                  </cac:Party>
               </cac:AccountingCustomerParty>
               <cac:PaymentMeans>
                  <cbc:PaymentMeansCode listID="UNCL4461">1</cbc:PaymentMeansCode>
                  <cbc:PaymentDueDate>2018-05-31</cbc:PaymentDueDate>
                  <cbc:PaymentChannelCode>IBAN</cbc:PaymentChannelCode>
                  <cbc:InstructionNote>SIMPLE TEST TO FAKE CUSTOMER</cbc:InstructionNote>
                  <cac:PayeeFinancialAccount>
                     <cbc:ID schemeID="IBAN">BE86736009252450</cbc:ID>
                     <cac:FinancialInstitutionBranch>
                        <cac:FinancialInstitution>
                           <cbc:ID schemeID="BIC">KREDBEBB</cbc:ID>
                        </cac:FinancialInstitution>
                     </cac:FinancialInstitutionBranch>
                  </cac:PayeeFinancialAccount>
               </cac:PaymentMeans>
               <cac:TaxTotal>
                  <cbc:TaxAmount currencyID="EUR">21.00</cbc:TaxAmount>
                  <cac:TaxSubtotal>
                     <cbc:TaxableAmount currencyID="EUR">100.00</cbc:TaxableAmount>
                     <cbc:TaxAmount currencyID="EUR">21.00</cbc:TaxAmount>
                     <cac:TaxCategory>
                        <cbc:ID schemeID="UNCL5305">S</cbc:ID>
                        <cbc:Percent>21.00</cbc:Percent>
                        <cac:TaxScheme>
                           <cbc:ID>VAT</cbc:ID>
                        </cac:TaxScheme>
                     </cac:TaxCategory>
                  </cac:TaxSubtotal>
               </cac:TaxTotal>
               <cac:LegalMonetaryTotal>
                  <cbc:LineExtensionAmount currencyID="EUR">100.00</cbc:LineExtensionAmount>
                  <cbc:TaxExclusiveAmount currencyID="EUR">100.00</cbc:TaxExclusiveAmount>
                  <cbc:TaxInclusiveAmount currencyID="EUR">121.00</cbc:TaxInclusiveAmount>
                  <cbc:PayableAmount currencyID="EUR">121.00</cbc:PayableAmount>
               </cac:LegalMonetaryTotal>
               <cac:InvoiceLine>
                  <cbc:ID>1</cbc:ID>
                  <cbc:InvoicedQuantity unitCode="NAR" unitCodeListID="UNECERec20">1.00</cbc:InvoicedQuantity>
                  <cbc:LineExtensionAmount currencyID="EUR">100.00</cbc:LineExtensionAmount>
                  <cac:TaxTotal>
                     <cbc:TaxAmount currencyID="EUR">21.00</cbc:TaxAmount>
                  </cac:TaxTotal>
                  <cac:Item>
                     <cbc:Description>Line1 description - may be long</cbc:Description>
                     <cbc:Name>Line1max50char</cbc:Name>
                     <cac:ClassifiedTaxCategory>
                        <cbc:ID schemeID="UNCL5305">S</cbc:ID>
                        <cbc:Percent>21.00</cbc:Percent>
                        <cac:TaxScheme>
                           <cbc:ID>VAT</cbc:ID>
                        </cac:TaxScheme>
                     </cac:ClassifiedTaxCategory>
                  </cac:Item>
                  <cac:Price>
                     <cbc:PriceAmount currencyID="EUR">100.00</cbc:PriceAmount>
                     <cbc:BaseQuantity>1.00</cbc:BaseQuantity>
                  </cac:Price>
               </cac:InvoiceLine>
            </Invoice>
            </v12:document>
         </v2:request>
      </v2:submitDocumentRequest>
   </soapenv:Body>
</soapenv:Envelope>]]></con:request><con:credentials><con:selectedAuthProfile>Basic</con:selectedAuthProfile><con:addedBasicAuthenticationTypes>Basic</con:addedBasicAuthenticationTypes><con:authType>Global HTTP Settings</con:authType></con:credentials><con:jmsConfig JMSDeliveryMode="PERSISTENT"/><con:jmsPropertyConfig/><con:wsaConfig mustUnderstand="NONE" version="200508" action="http://fidus.brussels/services/invoiceservice/submitApplicationResponse"/><con:wsrmConfig version="1.2"/></con:call><con:call id="46eba1d8-6034-43a2-b2d6-d87f30784758" name="5 - Prod - LB - Request" outgoingWss="Outflow PROD"><con:settings><con:setting id="com.eviware.soapui.impl.wsdl.WsdlRequest@request-headers">&lt;xml-fragment/></con:setting></con:settings><con:encoding>UTF-8</con:encoding><con:endpoint>https://fidus-esb-sg.prd.srv.cirb.lan:8443/services/InvoiceService_v2.0</con:endpoint><con:request><![CDATA[<soapenv:Envelope xmlns:soapenv="http://schemas.xmlsoap.org/soap/envelope/" xmlns:v2="http://fidus.brussels/service/invoiceservice/messages/v2.0" xmlns:v1="http://fidus.brussels/service/invoiceservice/messages/v1.2" xmlns:v11="http://fidus.brussels/type/common/messages/v1" xmlns:urn="urn:oasis:names:specification:ubl:schema:xsd:ApplicationResponse-2" xmlns:urn1="urn:oasis:names:specification:ubl:schema:xsd:CommonExtensionComponents-2" xmlns:urn2="urn:oasis:names:specification:ubl:schema:xsd:CommonBasicComponents-2" xmlns:urn3="urn:oasis:names:specification:ubl:schema:xsd:CommonAggregateComponents-2">
   <soapenv:Header/>
   <soapenv:Body>
      <v2:submitDocumentRequest>
         <v2:messageContext>
            <v11:messageId>?</v11:messageId>
         </v2:messageContext>
         <v2:legalContext>ServiceIntegrator</v2:legalContext>
         <v2:request>
            <v12:document xmlns:v12="http://fsb.belgium.be/einvoicing/simpleprior/v1_00">                
            <Invoice xmlns="urn:oasis:names:specification:ubl:schema:xsd:Invoice-2"
                    xmlns:cbc="urn:oasis:names:specification:ubl:schema:xsd:CommonBasicComponents-2"
                    xmlns:cac="urn:oasis:names:specification:ubl:schema:xsd:CommonAggregateComponents-2">
               <cbc:UBLVersionID>2.1</cbc:UBLVersionID>
               <cbc:CustomizationID>urn:www.cenbii.eu:transaction:biitrns010:ver2.0:extended:urn:www.peppol.eu:bis:peppol5a:ver2.0</cbc:CustomizationID>
               <cbc:ProfileID>urn:www.cenbii.eu:profile:bii05:ver2.0</cbc:ProfileID>
               <cbc:ID>118120479086FAKNOV-13-5B</cbc:ID>
               <cbc:IssueDate>2018-06-12</cbc:IssueDate>
               <cbc:InvoiceTypeCode listID="UNCL1001">380</cbc:InvoiceTypeCode>
               <cbc:DocumentCurrencyCode listID="ISO4217">EUR</cbc:DocumentCurrencyCode>
               <cac:AccountingSupplierParty>
                  <cac:Party>
                     <cac:PartyIdentification>
                        <cbc:ID schemeID="BE:CBE">0200013901</cbc:ID>
                     </cac:PartyIdentification>
                     <cac:PartyName>
                        <cbc:Name>ACME</cbc:Name>
                     </cac:PartyName>
                     <cac:PostalAddress>
                        <cbc:StreetName>Simon Bolivarlaan 30/9</cbc:StreetName>
                        <cbc:CityName>BRUSSEL</cbc:CityName>
                        <cbc:PostalZone>1000</cbc:PostalZone>
                        <cac:Country>
                           <cbc:IdentificationCode listID="ISO3166-1:Alpha2">BE</cbc:IdentificationCode>
                        </cac:Country>
                     </cac:PostalAddress>
                     <cac:PartyTaxScheme>
                        <cbc:CompanyID schemeID="BE:VAT">BE0200013901</cbc:CompanyID>
                        <cac:TaxScheme>
                           <cbc:ID>VAT</cbc:ID>
                        </cac:TaxScheme>
                     </cac:PartyTaxScheme>
                     <cac:PartyLegalEntity>
                        <cbc:RegistrationName>D.W. Soft bvba</cbc:RegistrationName>
                        <cbc:CompanyID schemeID="BE:CBE">0200013901</cbc:CompanyID>
                     </cac:PartyLegalEntity>
                     <cac:Contact>
                        <cbc:ElectronicMail>dirk.willekens@dwsoft.be</cbc:ElectronicMail>
                     </cac:Contact>
                  </cac:Party>
               </cac:AccountingSupplierParty>
               <cac:AccountingCustomerParty>
                  <cac:Party>
                     <cac:PartyIdentification>
                        <cbc:ID schemeID="BE:CBE">2222222222</cbc:ID>
                     </cac:PartyIdentification>
                     <cac:PartyName>
                        <cbc:Name>Fake customer</cbc:Name>
                     </cac:PartyName>
                     <cac:PostalAddress>
                        <cbc:StreetName>Simon Bolivarlaan 34</cbc:StreetName>
                        <cbc:CityName>ANTWERPEN</cbc:CityName>
                        <cbc:PostalZone>2000</cbc:PostalZone>
                        <cac:Country>
                           <cbc:IdentificationCode listID="ISO3166-1:Alpha2">BE</cbc:IdentificationCode>
                        </cac:Country>
                     </cac:PostalAddress>
                     <cac:PartyTaxScheme>
                        <cbc:CompanyID schemeID="BE:VAT">BE2222222222</cbc:CompanyID>
                        <cac:TaxScheme>
                           <cbc:ID>VAT</cbc:ID>
                        </cac:TaxScheme>
                     </cac:PartyTaxScheme>
                     <cac:PartyLegalEntity>
                        <cbc:RegistrationName>Fake Customer</cbc:RegistrationName>
                        <cbc:CompanyID schemeID="BE:CBE">2222222222</cbc:CompanyID>
                     </cac:PartyLegalEntity>
                  </cac:Party>
               </cac:AccountingCustomerParty>
               <cac:PaymentMeans>
                  <cbc:PaymentMeansCode listID="UNCL4461">1</cbc:PaymentMeansCode>
                  <cbc:PaymentDueDate>2018-05-31</cbc:PaymentDueDate>
                  <cbc:PaymentChannelCode>IBAN</cbc:PaymentChannelCode>
                  <cbc:InstructionNote>SIMPLE TEST TO FAKE CUSTOMER</cbc:InstructionNote>
                  <cac:PayeeFinancialAccount>
                     <cbc:ID schemeID="IBAN">BE86736009252450</cbc:ID>
                     <cac:FinancialInstitutionBranch>
                        <cac:FinancialInstitution>
                           <cbc:ID schemeID="BIC">KREDBEBB</cbc:ID>
                        </cac:FinancialInstitution>
                     </cac:FinancialInstitutionBranch>
                  </cac:PayeeFinancialAccount>
               </cac:PaymentMeans>
               <cac:TaxTotal>
                  <cbc:TaxAmount currencyID="EUR">21.00</cbc:TaxAmount>
                  <cac:TaxSubtotal>
                     <cbc:TaxableAmount currencyID="EUR">100.00</cbc:TaxableAmount>
                     <cbc:TaxAmount currencyID="EUR">21.00</cbc:TaxAmount>
                     <cac:TaxCategory>
                        <cbc:ID schemeID="UNCL5305">S</cbc:ID>
                        <cbc:Percent>21.00</cbc:Percent>
                        <cac:TaxScheme>
                           <cbc:ID>VAT</cbc:ID>
                        </cac:TaxScheme>
                     </cac:TaxCategory>
                  </cac:TaxSubtotal>
               </cac:TaxTotal>
               <cac:LegalMonetaryTotal>
                  <cbc:LineExtensionAmount currencyID="EUR">100.00</cbc:LineExtensionAmount>
                  <cbc:TaxExclusiveAmount currencyID="EUR">100.00</cbc:TaxExclusiveAmount>
                  <cbc:TaxInclusiveAmount currencyID="EUR">121.00</cbc:TaxInclusiveAmount>
                  <cbc:PayableAmount currencyID="EUR">121.00</cbc:PayableAmount>
               </cac:LegalMonetaryTotal>
               <cac:InvoiceLine>
                  <cbc:ID>1</cbc:ID>
                  <cbc:InvoicedQuantity unitCode="NAR" unitCodeListID="UNECERec20">1.00</cbc:InvoicedQuantity>
                  <cbc:LineExtensionAmount currencyID="EUR">100.00</cbc:LineExtensionAmount>
                  <cac:TaxTotal>
                     <cbc:TaxAmount currencyID="EUR">21.00</cbc:TaxAmount>
                  </cac:TaxTotal>
                  <cac:Item>
                     <cbc:Description>Line1 description - may be long</cbc:Description>
                     <cbc:Name>Line1max50char</cbc:Name>
                     <cac:ClassifiedTaxCategory>
                        <cbc:ID schemeID="UNCL5305">S</cbc:ID>
                        <cbc:Percent>21.00</cbc:Percent>
                        <cac:TaxScheme>
                           <cbc:ID>VAT</cbc:ID>
                        </cac:TaxScheme>
                     </cac:ClassifiedTaxCategory>
                  </cac:Item>
                  <cac:Price>
                     <cbc:PriceAmount currencyID="EUR">100.00</cbc:PriceAmount>
                     <cbc:BaseQuantity>1.00</cbc:BaseQuantity>
                  </cac:Price>
               </cac:InvoiceLine>
            </Invoice>
            </v12:document>
         </v2:request>
      </v2:submitDocumentRequest>
   </soapenv:Body>
</soapenv:Envelope>]]></con:request><con:credentials><con:selectedAuthProfile>Basic</con:selectedAuthProfile><con:addedBasicAuthenticationTypes>Basic</con:addedBasicAuthenticationTypes><con:authType>Global HTTP Settings</con:authType></con:credentials><con:jmsConfig JMSDeliveryMode="PERSISTENT"/><con:jmsPropertyConfig/><con:wsaConfig mustUnderstand="NONE" version="200508" action="http://fidus.brussels/services/invoiceservice/submitApplicationResponse"/><con:wsrmConfig version="1.2"/></con:call><con:call id="52f10cc4-0afb-4fb7-8c77-fe3393e415d7" name="5 - Prod - Worker1 - Request" outgoingWss="Outflow PROD"><con:settings><con:setting id="com.eviware.soapui.impl.wsdl.WsdlRequest@request-headers">&lt;xml-fragment/></con:setting></con:settings><con:encoding>UTF-8</con:encoding><con:endpoint>https://192.168.26.22:8443/services/InvoiceService_v2.0</con:endpoint><con:request><![CDATA[<soapenv:Envelope xmlns:soapenv="http://schemas.xmlsoap.org/soap/envelope/" xmlns:v2="http://fidus.brussels/service/invoiceservice/messages/v2.0" xmlns:v1="http://fidus.brussels/service/invoiceservice/messages/v1.2" xmlns:v11="http://fidus.brussels/type/common/messages/v1" xmlns:urn="urn:oasis:names:specification:ubl:schema:xsd:ApplicationResponse-2" xmlns:urn1="urn:oasis:names:specification:ubl:schema:xsd:CommonExtensionComponents-2" xmlns:urn2="urn:oasis:names:specification:ubl:schema:xsd:CommonBasicComponents-2" xmlns:urn3="urn:oasis:names:specification:ubl:schema:xsd:CommonAggregateComponents-2">
   <soapenv:Header/>
   <soapenv:Body>
      <v2:submitDocumentRequest>
         <v2:messageContext>
            <v11:messageId>?</v11:messageId>
         </v2:messageContext>
         <v2:legalContext>ServiceIntegrator</v2:legalContext>
         <v2:request>
            <v12:document xmlns:v12="http://fsb.belgium.be/einvoicing/simpleprior/v1_00">                
            <Invoice xmlns="urn:oasis:names:specification:ubl:schema:xsd:Invoice-2"
                    xmlns:cbc="urn:oasis:names:specification:ubl:schema:xsd:CommonBasicComponents-2"
                    xmlns:cac="urn:oasis:names:specification:ubl:schema:xsd:CommonAggregateComponents-2">
               <cbc:UBLVersionID>2.1</cbc:UBLVersionID>
               <cbc:CustomizationID>urn:www.cenbii.eu:transaction:biitrns010:ver2.0:extended:urn:www.peppol.eu:bis:peppol5a:ver2.0</cbc:CustomizationID>
               <cbc:ProfileID>urn:www.cenbii.eu:profile:bii05:ver2.0</cbc:ProfileID>
               <cbc:ID>118120479086FAKNOV-13-5B</cbc:ID>
               <cbc:IssueDate>2018-06-12</cbc:IssueDate>
               <cbc:InvoiceTypeCode listID="UNCL1001">380</cbc:InvoiceTypeCode>
               <cbc:DocumentCurrencyCode listID="ISO4217">EUR</cbc:DocumentCurrencyCode>
               <cac:AccountingSupplierParty>
                  <cac:Party>
                     <cac:PartyIdentification>
                        <cbc:ID schemeID="BE:CBE">0200013901</cbc:ID>
                     </cac:PartyIdentification>
                     <cac:PartyName>
                        <cbc:Name>ACME</cbc:Name>
                     </cac:PartyName>
                     <cac:PostalAddress>
                        <cbc:StreetName>Simon Bolivarlaan 30/9</cbc:StreetName>
                        <cbc:CityName>BRUSSEL</cbc:CityName>
                        <cbc:PostalZone>1000</cbc:PostalZone>
                        <cac:Country>
                           <cbc:IdentificationCode listID="ISO3166-1:Alpha2">BE</cbc:IdentificationCode>
                        </cac:Country>
                     </cac:PostalAddress>
                     <cac:PartyTaxScheme>
                        <cbc:CompanyID schemeID="BE:VAT">BE0200013901</cbc:CompanyID>
                        <cac:TaxScheme>
                           <cbc:ID>VAT</cbc:ID>
                        </cac:TaxScheme>
                     </cac:PartyTaxScheme>
                     <cac:PartyLegalEntity>
                        <cbc:RegistrationName>D.W. Soft bvba</cbc:RegistrationName>
                        <cbc:CompanyID schemeID="BE:CBE">0200013901</cbc:CompanyID>
                     </cac:PartyLegalEntity>
                     <cac:Contact>
                        <cbc:ElectronicMail>dirk.willekens@dwsoft.be</cbc:ElectronicMail>
                     </cac:Contact>
                  </cac:Party>
               </cac:AccountingSupplierParty>
               <cac:AccountingCustomerParty>
                  <cac:Party>
                     <cac:PartyIdentification>
                        <cbc:ID schemeID="BE:CBE">2222222222</cbc:ID>
                     </cac:PartyIdentification>
                     <cac:PartyName>
                        <cbc:Name>Fake customer</cbc:Name>
                     </cac:PartyName>
                     <cac:PostalAddress>
                        <cbc:StreetName>Simon Bolivarlaan 34</cbc:StreetName>
                        <cbc:CityName>ANTWERPEN</cbc:CityName>
                        <cbc:PostalZone>2000</cbc:PostalZone>
                        <cac:Country>
                           <cbc:IdentificationCode listID="ISO3166-1:Alpha2">BE</cbc:IdentificationCode>
                        </cac:Country>
                     </cac:PostalAddress>
                     <cac:PartyTaxScheme>
                        <cbc:CompanyID schemeID="BE:VAT">BE2222222222</cbc:CompanyID>
                        <cac:TaxScheme>
                           <cbc:ID>VAT</cbc:ID>
                        </cac:TaxScheme>
                     </cac:PartyTaxScheme>
                     <cac:PartyLegalEntity>
                        <cbc:RegistrationName>Fake Customer</cbc:RegistrationName>
                        <cbc:CompanyID schemeID="BE:CBE">2222222222</cbc:CompanyID>
                     </cac:PartyLegalEntity>
                  </cac:Party>
               </cac:AccountingCustomerParty>
               <cac:PaymentMeans>
                  <cbc:PaymentMeansCode listID="UNCL4461">1</cbc:PaymentMeansCode>
                  <cbc:PaymentDueDate>2018-05-31</cbc:PaymentDueDate>
                  <cbc:PaymentChannelCode>IBAN</cbc:PaymentChannelCode>
                  <cbc:InstructionNote>SIMPLE TEST TO FAKE CUSTOMER</cbc:InstructionNote>
                  <cac:PayeeFinancialAccount>
                     <cbc:ID schemeID="IBAN">BE86736009252450</cbc:ID>
                     <cac:FinancialInstitutionBranch>
                        <cac:FinancialInstitution>
                           <cbc:ID schemeID="BIC">KREDBEBB</cbc:ID>
                        </cac:FinancialInstitution>
                     </cac:FinancialInstitutionBranch>
                  </cac:PayeeFinancialAccount>
               </cac:PaymentMeans>
               <cac:TaxTotal>
                  <cbc:TaxAmount currencyID="EUR">21.00</cbc:TaxAmount>
                  <cac:TaxSubtotal>
                     <cbc:TaxableAmount currencyID="EUR">100.00</cbc:TaxableAmount>
                     <cbc:TaxAmount currencyID="EUR">21.00</cbc:TaxAmount>
                     <cac:TaxCategory>
                        <cbc:ID schemeID="UNCL5305">S</cbc:ID>
                        <cbc:Percent>21.00</cbc:Percent>
                        <cac:TaxScheme>
                           <cbc:ID>VAT</cbc:ID>
                        </cac:TaxScheme>
                     </cac:TaxCategory>
                  </cac:TaxSubtotal>
               </cac:TaxTotal>
               <cac:LegalMonetaryTotal>
                  <cbc:LineExtensionAmount currencyID="EUR">100.00</cbc:LineExtensionAmount>
                  <cbc:TaxExclusiveAmount currencyID="EUR">100.00</cbc:TaxExclusiveAmount>
                  <cbc:TaxInclusiveAmount currencyID="EUR">121.00</cbc:TaxInclusiveAmount>
                  <cbc:PayableAmount currencyID="EUR">121.00</cbc:PayableAmount>
               </cac:LegalMonetaryTotal>
               <cac:InvoiceLine>
                  <cbc:ID>1</cbc:ID>
                  <cbc:InvoicedQuantity unitCode="NAR" unitCodeListID="UNECERec20">1.00</cbc:InvoicedQuantity>
                  <cbc:LineExtensionAmount currencyID="EUR">100.00</cbc:LineExtensionAmount>
                  <cac:TaxTotal>
                     <cbc:TaxAmount currencyID="EUR">21.00</cbc:TaxAmount>
                  </cac:TaxTotal>
                  <cac:Item>
                     <cbc:Description>Line1 description - may be long</cbc:Description>
                     <cbc:Name>Line1max50char</cbc:Name>
                     <cac:ClassifiedTaxCategory>
                        <cbc:ID schemeID="UNCL5305">S</cbc:ID>
                        <cbc:Percent>21.00</cbc:Percent>
                        <cac:TaxScheme>
                           <cbc:ID>VAT</cbc:ID>
                        </cac:TaxScheme>
                     </cac:ClassifiedTaxCategory>
                  </cac:Item>
                  <cac:Price>
                     <cbc:PriceAmount currencyID="EUR">100.00</cbc:PriceAmount>
                     <cbc:BaseQuantity>1.00</cbc:BaseQuantity>
                  </cac:Price>
               </cac:InvoiceLine>
            </Invoice>
            </v12:document>
         </v2:request>
      </v2:submitDocumentRequest>
   </soapenv:Body>
</soapenv:Envelope>]]></con:request><con:credentials><con:selectedAuthProfile>Basic</con:selectedAuthProfile><con:addedBasicAuthenticationTypes>Basic</con:addedBasicAuthenticationTypes><con:authType>Global HTTP Settings</con:authType></con:credentials><con:jmsConfig JMSDeliveryMode="PERSISTENT"/><con:jmsPropertyConfig/><con:wsaConfig mustUnderstand="NONE" version="200508" action="http://fidus.brussels/services/invoiceservice/submitApplicationResponse"/><con:wsrmConfig version="1.2"/></con:call><con:call id="36d36f24-0412-4677-930d-22943123ee5a" name="5 - Prod - Worker2 - Request" outgoingWss="Outflow PROD"><con:settings><con:setting id="com.eviware.soapui.impl.wsdl.WsdlRequest@request-headers">&lt;xml-fragment/></con:setting></con:settings><con:encoding>UTF-8</con:encoding><con:endpoint>https://192.168.26.19:8443/services/InvoiceService_v2.0</con:endpoint><con:request><![CDATA[<soapenv:Envelope xmlns:soapenv="http://schemas.xmlsoap.org/soap/envelope/" xmlns:v2="http://fidus.brussels/service/invoiceservice/messages/v2.0" xmlns:v1="http://fidus.brussels/service/invoiceservice/messages/v1.2" xmlns:v11="http://fidus.brussels/type/common/messages/v1" xmlns:urn="urn:oasis:names:specification:ubl:schema:xsd:ApplicationResponse-2" xmlns:urn1="urn:oasis:names:specification:ubl:schema:xsd:CommonExtensionComponents-2" xmlns:urn2="urn:oasis:names:specification:ubl:schema:xsd:CommonBasicComponents-2" xmlns:urn3="urn:oasis:names:specification:ubl:schema:xsd:CommonAggregateComponents-2">
   <soapenv:Header/>
   <soapenv:Body>
      <v2:submitDocumentRequest>
         <v2:messageContext>
            <v11:messageId>?</v11:messageId>
         </v2:messageContext>
         <v2:legalContext>ServiceIntegrator</v2:legalContext>
         <v2:request>
            <v12:document xmlns:v12="http://fsb.belgium.be/einvoicing/simpleprior/v1_00">                
            <Invoice xmlns="urn:oasis:names:specification:ubl:schema:xsd:Invoice-2"
                    xmlns:cbc="urn:oasis:names:specification:ubl:schema:xsd:CommonBasicComponents-2"
                    xmlns:cac="urn:oasis:names:specification:ubl:schema:xsd:CommonAggregateComponents-2">
               <cbc:UBLVersionID>2.1</cbc:UBLVersionID>
               <cbc:CustomizationID>urn:www.cenbii.eu:transaction:biitrns010:ver2.0:extended:urn:www.peppol.eu:bis:peppol5a:ver2.0</cbc:CustomizationID>
               <cbc:ProfileID>urn:www.cenbii.eu:profile:bii05:ver2.0</cbc:ProfileID>
               <cbc:ID>118120479086FAKNOV-13-5B</cbc:ID>
               <cbc:IssueDate>2018-06-12</cbc:IssueDate>
               <cbc:InvoiceTypeCode listID="UNCL1001">380</cbc:InvoiceTypeCode>
               <cbc:DocumentCurrencyCode listID="ISO4217">EUR</cbc:DocumentCurrencyCode>
               <cac:AccountingSupplierParty>
                  <cac:Party>
                     <cac:PartyIdentification>
                        <cbc:ID schemeID="BE:CBE">0200013901</cbc:ID>
                     </cac:PartyIdentification>
                     <cac:PartyName>
                        <cbc:Name>ACME</cbc:Name>
                     </cac:PartyName>
                     <cac:PostalAddress>
                        <cbc:StreetName>Simon Bolivarlaan 30/9</cbc:StreetName>
                        <cbc:CityName>BRUSSEL</cbc:CityName>
                        <cbc:PostalZone>1000</cbc:PostalZone>
                        <cac:Country>
                           <cbc:IdentificationCode listID="ISO3166-1:Alpha2">BE</cbc:IdentificationCode>
                        </cac:Country>
                     </cac:PostalAddress>
                     <cac:PartyTaxScheme>
                        <cbc:CompanyID schemeID="BE:VAT">BE0200013901</cbc:CompanyID>
                        <cac:TaxScheme>
                           <cbc:ID>VAT</cbc:ID>
                        </cac:TaxScheme>
                     </cac:PartyTaxScheme>
                     <cac:PartyLegalEntity>
                        <cbc:RegistrationName>D.W. Soft bvba</cbc:RegistrationName>
                        <cbc:CompanyID schemeID="BE:CBE">0200013901</cbc:CompanyID>
                     </cac:PartyLegalEntity>
                     <cac:Contact>
                        <cbc:ElectronicMail>dirk.willekens@dwsoft.be</cbc:ElectronicMail>
                     </cac:Contact>
                  </cac:Party>
               </cac:AccountingSupplierParty>
               <cac:AccountingCustomerParty>
                  <cac:Party>
                     <cac:PartyIdentification>
                        <cbc:ID schemeID="BE:CBE">2222222222</cbc:ID>
                     </cac:PartyIdentification>
                     <cac:PartyName>
                        <cbc:Name>Fake customer</cbc:Name>
                     </cac:PartyName>
                     <cac:PostalAddress>
                        <cbc:StreetName>Simon Bolivarlaan 34</cbc:StreetName>
                        <cbc:CityName>ANTWERPEN</cbc:CityName>
                        <cbc:PostalZone>2000</cbc:PostalZone>
                        <cac:Country>
                           <cbc:IdentificationCode listID="ISO3166-1:Alpha2">BE</cbc:IdentificationCode>
                        </cac:Country>
                     </cac:PostalAddress>
                     <cac:PartyTaxScheme>
                        <cbc:CompanyID schemeID="BE:VAT">BE2222222222</cbc:CompanyID>
                        <cac:TaxScheme>
                           <cbc:ID>VAT</cbc:ID>
                        </cac:TaxScheme>
                     </cac:PartyTaxScheme>
                     <cac:PartyLegalEntity>
                        <cbc:RegistrationName>Fake Customer</cbc:RegistrationName>
                        <cbc:CompanyID schemeID="BE:CBE">2222222222</cbc:CompanyID>
                     </cac:PartyLegalEntity>
                  </cac:Party>
               </cac:AccountingCustomerParty>
               <cac:PaymentMeans>
                  <cbc:PaymentMeansCode listID="UNCL4461">1</cbc:PaymentMeansCode>
                  <cbc:PaymentDueDate>2018-05-31</cbc:PaymentDueDate>
                  <cbc:PaymentChannelCode>IBAN</cbc:PaymentChannelCode>
                  <cbc:InstructionNote>SIMPLE TEST TO FAKE CUSTOMER</cbc:InstructionNote>
                  <cac:PayeeFinancialAccount>
                     <cbc:ID schemeID="IBAN">BE86736009252450</cbc:ID>
                     <cac:FinancialInstitutionBranch>
                        <cac:FinancialInstitution>
                           <cbc:ID schemeID="BIC">KREDBEBB</cbc:ID>
                        </cac:FinancialInstitution>
                     </cac:FinancialInstitutionBranch>
                  </cac:PayeeFinancialAccount>
               </cac:PaymentMeans>
               <cac:TaxTotal>
                  <cbc:TaxAmount currencyID="EUR">21.00</cbc:TaxAmount>
                  <cac:TaxSubtotal>
                     <cbc:TaxableAmount currencyID="EUR">100.00</cbc:TaxableAmount>
                     <cbc:TaxAmount currencyID="EUR">21.00</cbc:TaxAmount>
                     <cac:TaxCategory>
                        <cbc:ID schemeID="UNCL5305">S</cbc:ID>
                        <cbc:Percent>21.00</cbc:Percent>
                        <cac:TaxScheme>
                           <cbc:ID>VAT</cbc:ID>
                        </cac:TaxScheme>
                     </cac:TaxCategory>
                  </cac:TaxSubtotal>
               </cac:TaxTotal>
               <cac:LegalMonetaryTotal>
                  <cbc:LineExtensionAmount currencyID="EUR">100.00</cbc:LineExtensionAmount>
                  <cbc:TaxExclusiveAmount currencyID="EUR">100.00</cbc:TaxExclusiveAmount>
                  <cbc:TaxInclusiveAmount currencyID="EUR">121.00</cbc:TaxInclusiveAmount>
                  <cbc:PayableAmount currencyID="EUR">121.00</cbc:PayableAmount>
               </cac:LegalMonetaryTotal>
               <cac:InvoiceLine>
                  <cbc:ID>1</cbc:ID>
                  <cbc:InvoicedQuantity unitCode="NAR" unitCodeListID="UNECERec20">1.00</cbc:InvoicedQuantity>
                  <cbc:LineExtensionAmount currencyID="EUR">100.00</cbc:LineExtensionAmount>
                  <cac:TaxTotal>
                     <cbc:TaxAmount currencyID="EUR">21.00</cbc:TaxAmount>
                  </cac:TaxTotal>
                  <cac:Item>
                     <cbc:Description>Line1 description - may be long</cbc:Description>
                     <cbc:Name>Line1max50char</cbc:Name>
                     <cac:ClassifiedTaxCategory>
                        <cbc:ID schemeID="UNCL5305">S</cbc:ID>
                        <cbc:Percent>21.00</cbc:Percent>
                        <cac:TaxScheme>
                           <cbc:ID>VAT</cbc:ID>
                        </cac:TaxScheme>
                     </cac:ClassifiedTaxCategory>
                  </cac:Item>
                  <cac:Price>
                     <cbc:PriceAmount currencyID="EUR">100.00</cbc:PriceAmount>
                     <cbc:BaseQuantity>1.00</cbc:BaseQuantity>
                  </cac:Price>
               </cac:InvoiceLine>
            </Invoice>
            </v12:document>
         </v2:request>
      </v2:submitDocumentRequest>
   </soapenv:Body>
</soapenv:Envelope>]]></con:request><con:credentials><con:selectedAuthProfile>Basic</con:selectedAuthProfile><con:addedBasicAuthenticationTypes>Basic</con:addedBasicAuthenticationTypes><con:authType>Global HTTP Settings</con:authType></con:credentials><con:jmsConfig JMSDeliveryMode="PERSISTENT"/><con:jmsPropertyConfig/><con:wsaConfig mustUnderstand="NONE" version="200508" action="http://fidus.brussels/services/invoiceservice/submitApplicationResponse"/><con:wsrmConfig version="1.2"/></con:call></con:operation><con:operation id="3674bff6-8d24-4054-b7b0-163e832979af" isOneWay="false" action="http://fidus.brussels/services/invoiceservice/submitInboxRequest" name="submitInboxRequest" bindingOperationName="submitInboxRequest" type="Request-Response" inputName="" receivesAttachments="false" sendsAttachments="false" anonymous="optional"><con:settings/><con:call id="9b053a67-8476-46f6-b708-0a5f864cf29a" name="1 - Local - Request" outgoingWss="Outflow DEV"><con:settings><con:setting id="com.eviware.soapui.impl.wsdl.WsdlRequest@request-headers">&lt;xml-fragment/></con:setting></con:settings><con:encoding>UTF-8</con:encoding><con:endpoint>https://localhost:8243/services/InvoiceService_v2.0</con:endpoint><con:request><![CDATA[<soapenv:Envelope xmlns:soapenv="http://schemas.xmlsoap.org/soap/envelope/" xmlns:v2="http://fidus.brussels/service/invoiceservice/messages/v2.0" xmlns:v11="http://fidus.brussels/type/common/messages/v1">
   <soapenv:Header/>
   <soapenv:Body>
      <v2:submitInboxRequestRequest>
         <v2:messageContext>
            <v11:messageId>?</v11:messageId>
         </v2:messageContext>
         <v2:legalContext>ServiceIntegrator</v2:legalContext>
         <v2:request>
            <v12:receiverId xmlns:v12="http://fsb.belgium.be/einvoicing/simpleprior/v1_00">2222222222</v12:receiverId>
            <v12:senderId xmlns:v12="http://fsb.belgium.be/einvoicing/simpleprior/v1_00">0200013901</v12:senderId>        
         </v2:request>
      </v2:submitInboxRequestRequest>
   </soapenv:Body>
</soapenv:Envelope>]]></con:request><con:credentials><con:selectedAuthProfile>Basic</con:selectedAuthProfile><con:addedBasicAuthenticationTypes>Basic</con:addedBasicAuthenticationTypes><con:authType>Global HTTP Settings</con:authType></con:credentials><con:jmsConfig JMSDeliveryMode="PERSISTENT"/><con:jmsPropertyConfig/><con:wsaConfig mustUnderstand="NONE" version="200508" action="http://fidus.brussels/services/invoiceservice/submitInboxRequest"/><con:wsrmConfig version="1.2"/></con:call><con:call id="e83ee648-628d-4f9e-9a82-73b7aec0e1b6" name="2 - Dev - Request" outgoingWss="Outflow DEV"><con:settings><con:setting id="com.eviware.soapui.impl.wsdl.WsdlRequest@request-headers">&lt;xml-fragment/></con:setting></con:settings><con:encoding>UTF-8</con:encoding><con:endpoint>https://192.168.36.61:8243/services/InvoiceService_v2.0</con:endpoint><con:request><![CDATA[<soapenv:Envelope xmlns:soapenv="http://schemas.xmlsoap.org/soap/envelope/" xmlns:v2="http://fidus.brussels/service/invoiceservice/messages/v2.0" xmlns:v11="http://fidus.brussels/type/common/messages/v1">
   <soapenv:Header/>
   <soapenv:Body>
      <v2:submitInboxRequestRequest>
         <v2:messageContext>
            <v11:messageId>?</v11:messageId>
         </v2:messageContext>
         <v2:legalContext>ServiceIntegrator</v2:legalContext>
         <v2:request>
            <v12:receiverId xmlns:v12="http://fsb.belgium.be/einvoicing/simpleprior/v1_00">2222222222</v12:receiverId>
            <v12:senderId xmlns:v12="http://fsb.belgium.be/einvoicing/simpleprior/v1_00">0200013901</v12:senderId>        
         </v2:request>
      </v2:submitInboxRequestRequest>
   </soapenv:Body>
</soapenv:Envelope>]]></con:request><con:credentials><con:selectedAuthProfile>Basic</con:selectedAuthProfile><con:addedBasicAuthenticationTypes>Basic</con:addedBasicAuthenticationTypes><con:authType>Global HTTP Settings</con:authType></con:credentials><con:jmsConfig JMSDeliveryMode="PERSISTENT"/><con:jmsPropertyConfig/><con:wsaConfig mustUnderstand="NONE" version="200508" action="http://fidus.brussels/services/invoiceservice/submitInboxRequest"/><con:wsrmConfig version="1.2"/></con:call><con:call id="ba6e79d6-0816-471f-b47b-0799f6d228a5" name="3 - Test - External - Request" outgoingWss="Outflow TEST"><con:settings><con:setting id="com.eviware.soapui.impl.wsdl.WsdlRequest@request-headers">&lt;xml-fragment/></con:setting></con:settings><con:encoding>UTF-8</con:encoding><con:endpoint>https://fidus-test.irisnetlab.be/services/InvoiceService_v2.0</con:endpoint><con:request><![CDATA[<soapenv:Envelope xmlns:soapenv="http://schemas.xmlsoap.org/soap/envelope/" xmlns:v2="http://fidus.brussels/service/invoiceservice/messages/v2.0" xmlns:v11="http://fidus.brussels/type/common/messages/v1">
   <soapenv:Header/>
   <soapenv:Body>
      <v2:submitInboxRequestRequest>
         <v2:messageContext>
            <v11:messageId>${=import static java.util.UUID.randomUUID; uuid = randomUUID() as String}</v11:messageId>
            <v11:timestamp>${=new java.text.SimpleDateFormat("yyyy-MM-dd'T'HH:mm:ss.SSS").format(new Date())}</v11:timestamp>
         </v2:messageContext>
         <v2:legalContext>ServiceIntegrator</v2:legalContext>
         <v2:request>
            <v12:receiverId xmlns:v12="http://fsb.belgium.be/einvoicing/simpleprior/v1_00">0463152333</v12:receiverId>
            <v12:senderId xmlns:v12="http://fsb.belgium.be/einvoicing/simpleprior/v1_00">0200013901</v12:senderId>        
         </v2:request>
      </v2:submitInboxRequestRequest>
   </soapenv:Body>
</soapenv:Envelope>]]></con:request><con:credentials><con:selectedAuthProfile>Basic</con:selectedAuthProfile><con:addedBasicAuthenticationTypes>Basic</con:addedBasicAuthenticationTypes><con:authType>Global HTTP Settings</con:authType></con:credentials><con:jmsConfig JMSDeliveryMode="PERSISTENT"/><con:jmsPropertyConfig/><con:wsaConfig mustUnderstand="NONE" version="200508" action="http://fidus.brussels/services/invoiceservice/submitInboxRequest"/><con:wsrmConfig version="1.2"/></con:call><con:call id="5dbfb3cc-eb4b-4bbb-a97b-df0eeeab2cf1" name="3 - Test - LB - Request" outgoingWss="Outflow TEST"><con:settings><con:setting id="com.eviware.soapui.impl.wsdl.WsdlRequest@request-headers">&lt;xml-fragment/></con:setting></con:settings><con:encoding>UTF-8</con:encoding><con:endpoint>https://esb-security-gw.sta.srv.cirb.lan:8443/services/InvoiceService_v2.0</con:endpoint><con:request><![CDATA[<soapenv:Envelope xmlns:soapenv="http://schemas.xmlsoap.org/soap/envelope/" xmlns:v2="http://fidus.brussels/service/invoiceservice/messages/v2.0" xmlns:v11="http://fidus.brussels/type/common/messages/v1">
   <soapenv:Header/>
   <soapenv:Body>
      <v2:submitInboxRequestRequest>
         <v2:messageContext>
            <v11:messageId>?</v11:messageId>
         </v2:messageContext>
         <v2:legalContext>ServiceIntegrator</v2:legalContext>
         <v2:request>
            <v12:receiverId xmlns:v12="http://fsb.belgium.be/einvoicing/simpleprior/v1_00">2222222222</v12:receiverId>
            <v12:senderId xmlns:v12="http://fsb.belgium.be/einvoicing/simpleprior/v1_00">0200013901</v12:senderId>        
         </v2:request>
      </v2:submitInboxRequestRequest>
   </soapenv:Body>
</soapenv:Envelope>]]></con:request><con:credentials><con:selectedAuthProfile>Basic</con:selectedAuthProfile><con:addedBasicAuthenticationTypes>Basic</con:addedBasicAuthenticationTypes><con:authType>Global HTTP Settings</con:authType></con:credentials><con:jmsConfig JMSDeliveryMode="PERSISTENT"/><con:jmsPropertyConfig/><con:wsaConfig mustUnderstand="NONE" version="200508" action="http://fidus.brussels/services/invoiceservice/submitInboxRequest"/><con:wsrmConfig version="1.2"/></con:call><con:call id="1ed7aad7-25dd-4dee-842b-1a41ae712ccf" name="3 - Test - Worker1 - Request" outgoingWss="Outflow TEST" incomingWss="inflowTest"><con:settings><con:setting id="com.eviware.soapui.impl.wsdl.WsdlRequest@request-headers">&lt;xml-fragment/></con:setting></con:settings><con:encoding>UTF-8</con:encoding><con:endpoint>https://192.168.24.45:8443/services/InvoiceService_v2.0</con:endpoint><con:request><![CDATA[<soapenv:Envelope xmlns:soapenv="http://schemas.xmlsoap.org/soap/envelope/" xmlns:v2="http://fidus.brussels/service/invoiceservice/messages/v2.0" xmlns:v11="http://fidus.brussels/type/common/messages/v1">
   <soapenv:Header/>
   <soapenv:Body>
      <v2:submitInboxRequestRequest>
         <v2:messageContext>
            <v11:messageId>?</v11:messageId>
         </v2:messageContext>
         <v2:legalContext>ServiceIntegrator</v2:legalContext>
         <v2:request>
            <v12:receiverId xmlns:v12="http://fsb.belgium.be/einvoicing/simpleprior/v1_00">2222222222</v12:receiverId>
            <v12:senderId xmlns:v12="http://fsb.belgium.be/einvoicing/simpleprior/v1_00">0200013901</v12:senderId>        
         </v2:request>
      </v2:submitInboxRequestRequest>
   </soapenv:Body>
</soapenv:Envelope>]]></con:request><con:credentials><con:selectedAuthProfile>Basic</con:selectedAuthProfile><con:addedBasicAuthenticationTypes>Basic</con:addedBasicAuthenticationTypes><con:authType>Global HTTP Settings</con:authType></con:credentials><con:jmsConfig JMSDeliveryMode="PERSISTENT"/><con:jmsPropertyConfig/><con:wsaConfig mustUnderstand="NONE" version="200508" action="http://fidus.brussels/services/invoiceservice/submitInboxRequest"/><con:wsrmConfig version="1.2"/></con:call><con:call id="a344d086-38cc-494f-b570-71b37d32f53b" name="3 - Test - Worker2 - Request" outgoingWss="Outflow TEST"><con:settings><con:setting id="com.eviware.soapui.impl.wsdl.WsdlRequest@request-headers">&lt;xml-fragment/></con:setting></con:settings><con:encoding>UTF-8</con:encoding><con:endpoint>https://192.168.22.54:8443/services/InvoiceService_v2.0</con:endpoint><con:request><![CDATA[<soapenv:Envelope xmlns:soapenv="http://schemas.xmlsoap.org/soap/envelope/" xmlns:v2="http://fidus.brussels/service/invoiceservice/messages/v2.0" xmlns:v11="http://fidus.brussels/type/common/messages/v1">
   <soapenv:Header/>
   <soapenv:Body>
      <v2:submitInboxRequestRequest>
         <v2:messageContext>
            <v11:messageId>?</v11:messageId>
         </v2:messageContext>
         <v2:legalContext>ServiceIntegrator</v2:legalContext>
         <v2:request>
            <v12:receiverId xmlns:v12="http://fsb.belgium.be/einvoicing/simpleprior/v1_00">2222222222</v12:receiverId>
            <v12:senderId xmlns:v12="http://fsb.belgium.be/einvoicing/simpleprior/v1_00">0200013901</v12:senderId>        
         </v2:request>
      </v2:submitInboxRequestRequest>
   </soapenv:Body>
</soapenv:Envelope>]]></con:request><con:credentials><con:selectedAuthProfile>Basic</con:selectedAuthProfile><con:addedBasicAuthenticationTypes>Basic</con:addedBasicAuthenticationTypes><con:authType>Global HTTP Settings</con:authType></con:credentials><con:jmsConfig JMSDeliveryMode="PERSISTENT"/><con:jmsPropertyConfig/><con:wsaConfig mustUnderstand="NONE" version="200508" action="http://fidus.brussels/services/invoiceservice/submitInboxRequest"/><con:wsrmConfig version="1.2"/></con:call><con:call id="81f602e5-be6c-4cd6-b189-bdce58654bc3" name="4 - Staging - External - Request" outgoingWss="Outflow STAG"><con:settings><con:setting id="com.eviware.soapui.impl.wsdl.WsdlRequest@request-headers">&lt;xml-fragment/></con:setting></con:settings><con:encoding>UTF-8</con:encoding><con:endpoint>https://fidus.irisnetlab.be/services/InvoiceService_v2.0</con:endpoint><con:request><![CDATA[<soapenv:Envelope xmlns:soapenv="http://schemas.xmlsoap.org/soap/envelope/" xmlns:v2="http://fidus.brussels/service/invoiceservice/messages/v2.0" xmlns:v11="http://fidus.brussels/type/common/messages/v1">
   <soapenv:Header/>
   <soapenv:Body>
      <v2:submitInboxRequestRequest>
         <v2:messageContext>
            <v11:messageId>?</v11:messageId>
         </v2:messageContext>
         <v2:legalContext>ServiceIntegrator</v2:legalContext>
         <v2:request>
            <v12:receiverId xmlns:v12="http://fsb.belgium.be/einvoicing/simpleprior/v1_00">2222222222</v12:receiverId>
            <v12:senderId xmlns:v12="http://fsb.belgium.be/einvoicing/simpleprior/v1_00">0200013901</v12:senderId>        
         </v2:request>
      </v2:submitInboxRequestRequest>
   </soapenv:Body>
</soapenv:Envelope>]]></con:request><con:credentials><con:selectedAuthProfile>Basic</con:selectedAuthProfile><con:addedBasicAuthenticationTypes>Basic</con:addedBasicAuthenticationTypes><con:authType>Global HTTP Settings</con:authType></con:credentials><con:jmsConfig JMSDeliveryMode="PERSISTENT"/><con:jmsPropertyConfig/><con:wsaConfig mustUnderstand="NONE" version="200508" action="http://fidus.brussels/services/invoiceservice/submitInboxRequest"/><con:wsrmConfig version="1.2"/></con:call><con:call id="e1e7c31f-9036-448c-ace5-e8bbe4e08d6d" name="4 - Staging - LB - Request" outgoingWss="Outflow STAG"><con:settings><con:setting id="com.eviware.soapui.impl.wsdl.WsdlRequest@request-headers">&lt;xml-fragment/></con:setting></con:settings><con:encoding>UTF-8</con:encoding><con:endpoint>https://fidus-esb-sg.sta.srv.cirb.lan:8443/services/InvoiceService_v2.0</con:endpoint><con:request><![CDATA[<soapenv:Envelope xmlns:soapenv="http://schemas.xmlsoap.org/soap/envelope/" xmlns:v2="http://fidus.brussels/service/invoiceservice/messages/v2.0" xmlns:v11="http://fidus.brussels/type/common/messages/v1">
   <soapenv:Header/>
   <soapenv:Body>
      <v2:submitInboxRequestRequest>
         <v2:messageContext>
            <v11:messageId>?</v11:messageId>
         </v2:messageContext>
         <v2:legalContext>ServiceIntegrator</v2:legalContext>
         <v2:request>
            <v12:receiverId xmlns:v12="http://fsb.belgium.be/einvoicing/simpleprior/v1_00">2222222222</v12:receiverId>
            <v12:senderId xmlns:v12="http://fsb.belgium.be/einvoicing/simpleprior/v1_00">0200013901</v12:senderId>        
         </v2:request>
      </v2:submitInboxRequestRequest>
   </soapenv:Body>
</soapenv:Envelope>]]></con:request><con:credentials><con:selectedAuthProfile>Basic</con:selectedAuthProfile><con:addedBasicAuthenticationTypes>Basic</con:addedBasicAuthenticationTypes><con:authType>Global HTTP Settings</con:authType></con:credentials><con:jmsConfig JMSDeliveryMode="PERSISTENT"/><con:jmsPropertyConfig/><con:wsaConfig mustUnderstand="NONE" version="200508" action="http://fidus.brussels/services/invoiceservice/submitInboxRequest"/><con:wsrmConfig version="1.2"/></con:call><con:call id="d20b2dd5-0514-4e71-81ff-b362b9447f5b" name="4 - Staging - Worker1 - Request" outgoingWss="Outflow STAG"><con:settings><con:setting id="com.eviware.soapui.impl.wsdl.WsdlRequest@request-headers">&lt;xml-fragment/></con:setting></con:settings><con:encoding>UTF-8</con:encoding><con:endpoint>https://192.168.24.16:8443/services/InvoiceService_v2.0</con:endpoint><con:request><![CDATA[<soapenv:Envelope xmlns:soapenv="http://schemas.xmlsoap.org/soap/envelope/" xmlns:v2="http://fidus.brussels/service/invoiceservice/messages/v2.0" xmlns:v11="http://fidus.brussels/type/common/messages/v1">
   <soapenv:Header/>
   <soapenv:Body>
      <v2:submitInboxRequestRequest>
         <v2:messageContext>
            <v11:messageId>?</v11:messageId>
         </v2:messageContext>
         <v2:legalContext>ServiceIntegrator</v2:legalContext>
         <v2:request>
            <v12:receiverId xmlns:v12="http://fsb.belgium.be/einvoicing/simpleprior/v1_00">2222222222</v12:receiverId>
            <v12:senderId xmlns:v12="http://fsb.belgium.be/einvoicing/simpleprior/v1_00">0200013901</v12:senderId>        
         </v2:request>
      </v2:submitInboxRequestRequest>
   </soapenv:Body>
</soapenv:Envelope>]]></con:request><con:credentials><con:selectedAuthProfile>Basic</con:selectedAuthProfile><con:addedBasicAuthenticationTypes>Basic</con:addedBasicAuthenticationTypes><con:authType>Global HTTP Settings</con:authType></con:credentials><con:jmsConfig JMSDeliveryMode="PERSISTENT"/><con:jmsPropertyConfig/><con:wsaConfig mustUnderstand="NONE" version="200508" action="http://fidus.brussels/services/invoiceservice/submitInboxRequest"/><con:wsrmConfig version="1.2"/></con:call><con:call id="9f2c23e2-e6c5-42b8-86e1-95bccd49411e" name="4 - Staging - Worker2 - Request" outgoingWss="Outflow STAG"><con:settings><con:setting id="com.eviware.soapui.impl.wsdl.WsdlRequest@request-headers">&lt;xml-fragment/></con:setting></con:settings><con:encoding>UTF-8</con:encoding><con:endpoint>https://192.168.24.17:8443/services/InvoiceService_v2.0</con:endpoint><con:request><![CDATA[<soapenv:Envelope xmlns:soapenv="http://schemas.xmlsoap.org/soap/envelope/" xmlns:v2="http://fidus.brussels/service/invoiceservice/messages/v2.0" xmlns:v11="http://fidus.brussels/type/common/messages/v1">
   <soapenv:Header/>
   <soapenv:Body>
      <v2:submitInboxRequestRequest>
         <v2:messageContext>
            <v11:messageId>?</v11:messageId>
         </v2:messageContext>
         <v2:legalContext>ServiceIntegrator</v2:legalContext>
         <v2:request>
            <v12:receiverId xmlns:v12="http://fsb.belgium.be/einvoicing/simpleprior/v1_00">2222222222</v12:receiverId>
            <v12:senderId xmlns:v12="http://fsb.belgium.be/einvoicing/simpleprior/v1_00">0200013901</v12:senderId>        
         </v2:request>
      </v2:submitInboxRequestRequest>
   </soapenv:Body>
</soapenv:Envelope>]]></con:request><con:credentials><con:selectedAuthProfile>Basic</con:selectedAuthProfile><con:addedBasicAuthenticationTypes>Basic</con:addedBasicAuthenticationTypes><con:authType>Global HTTP Settings</con:authType></con:credentials><con:jmsConfig JMSDeliveryMode="PERSISTENT"/><con:jmsPropertyConfig/><con:wsaConfig mustUnderstand="NONE" version="200508" action="http://fidus.brussels/services/invoiceservice/submitInboxRequest"/><con:wsrmConfig version="1.2"/></con:call><con:call id="bb2cb7f5-819d-42ac-b7bd-1cdf0432ce24" name="5 - Prod - External - Request" outgoingWss="Outflow PROD"><con:settings><con:setting id="com.eviware.soapui.impl.wsdl.WsdlRequest@request-headers">&lt;xml-fragment/></con:setting></con:settings><con:encoding>UTF-8</con:encoding><con:endpoint>https://fidus.sec.brussels/services/InvoiceService_v2.0</con:endpoint><con:request><![CDATA[<soapenv:Envelope xmlns:soapenv="http://schemas.xmlsoap.org/soap/envelope/" xmlns:v2="http://fidus.brussels/service/invoiceservice/messages/v2.0" xmlns:v11="http://fidus.brussels/type/common/messages/v1">
   <soapenv:Header/>
   <soapenv:Body>
      <v2:submitInboxRequestRequest>
         <v2:messageContext>
            <v11:messageId>?</v11:messageId>
         </v2:messageContext>
         <v2:legalContext>ServiceIntegrator</v2:legalContext>
         <v2:request>
            <v12:receiverId xmlns:v12="http://fsb.belgium.be/einvoicing/simpleprior/v1_00">2222222222</v12:receiverId>
            <v12:senderId xmlns:v12="http://fsb.belgium.be/einvoicing/simpleprior/v1_00">0200013901</v12:senderId>        
         </v2:request>
      </v2:submitInboxRequestRequest>
   </soapenv:Body>
</soapenv:Envelope>]]></con:request><con:credentials><con:selectedAuthProfile>Basic</con:selectedAuthProfile><con:addedBasicAuthenticationTypes>Basic</con:addedBasicAuthenticationTypes><con:authType>Global HTTP Settings</con:authType></con:credentials><con:jmsConfig JMSDeliveryMode="PERSISTENT"/><con:jmsPropertyConfig/><con:wsaConfig mustUnderstand="NONE" version="200508" action="http://fidus.brussels/services/invoiceservice/submitInboxRequest"/><con:wsrmConfig version="1.2"/></con:call><con:call id="777c818b-a60a-4f5d-95f1-c49dd879acd8" name="5 - Prod - LB - Request" outgoingWss="Outflow PROD"><con:settings><con:setting id="com.eviware.soapui.impl.wsdl.WsdlRequest@request-headers">&lt;xml-fragment/></con:setting></con:settings><con:encoding>UTF-8</con:encoding><con:endpoint>https://fidus-esb-sg.prd.srv.cirb.lan:8443/services/InvoiceService_v2.0</con:endpoint><con:request><![CDATA[<soapenv:Envelope xmlns:soapenv="http://schemas.xmlsoap.org/soap/envelope/" xmlns:v2="http://fidus.brussels/service/invoiceservice/messages/v2.0" xmlns:v11="http://fidus.brussels/type/common/messages/v1">
   <soapenv:Header/>
   <soapenv:Body>
      <v2:submitInboxRequestRequest>
         <v2:messageContext>
            <v11:messageId>?</v11:messageId>
         </v2:messageContext>
         <v2:legalContext>ServiceIntegrator</v2:legalContext>
         <v2:request>
            <v12:receiverId xmlns:v12="http://fsb.belgium.be/einvoicing/simpleprior/v1_00">2222222222</v12:receiverId>
            <v12:senderId xmlns:v12="http://fsb.belgium.be/einvoicing/simpleprior/v1_00">0200013901</v12:senderId>        
         </v2:request>
      </v2:submitInboxRequestRequest>
   </soapenv:Body>
</soapenv:Envelope>]]></con:request><con:credentials><con:selectedAuthProfile>Basic</con:selectedAuthProfile><con:addedBasicAuthenticationTypes>Basic</con:addedBasicAuthenticationTypes><con:authType>Global HTTP Settings</con:authType></con:credentials><con:jmsConfig JMSDeliveryMode="PERSISTENT"/><con:jmsPropertyConfig/><con:wsaConfig mustUnderstand="NONE" version="200508" action="http://fidus.brussels/services/invoiceservice/submitInboxRequest"/><con:wsrmConfig version="1.2"/></con:call><con:call id="c790a26d-dee0-4ae4-88a3-25b44d4af4e0" name="5 - Prod - Worker1 - Request" outgoingWss="Outflow PROD"><con:settings><con:setting id="com.eviware.soapui.impl.wsdl.WsdlRequest@request-headers">&lt;xml-fragment/></con:setting></con:settings><con:encoding>UTF-8</con:encoding><con:endpoint>https://192.168.26.22:8443/services/InvoiceService_v2.0</con:endpoint><con:request><![CDATA[<soapenv:Envelope xmlns:soapenv="http://schemas.xmlsoap.org/soap/envelope/" xmlns:v2="http://fidus.brussels/service/invoiceservice/messages/v2.0" xmlns:v11="http://fidus.brussels/type/common/messages/v1">
   <soapenv:Header/>
   <soapenv:Body>
      <v2:submitInboxRequestRequest>
         <v2:messageContext>
            <v11:messageId>?</v11:messageId>
         </v2:messageContext>
         <v2:legalContext>ServiceIntegrator</v2:legalContext>
         <v2:request>
            <v12:receiverId xmlns:v12="http://fsb.belgium.be/einvoicing/simpleprior/v1_00">2222222222</v12:receiverId>
            <v12:senderId xmlns:v12="http://fsb.belgium.be/einvoicing/simpleprior/v1_00">0200013901</v12:senderId>        
         </v2:request>
      </v2:submitInboxRequestRequest>
   </soapenv:Body>
</soapenv:Envelope>]]></con:request><con:credentials><con:selectedAuthProfile>Basic</con:selectedAuthProfile><con:addedBasicAuthenticationTypes>Basic</con:addedBasicAuthenticationTypes><con:authType>Global HTTP Settings</con:authType></con:credentials><con:jmsConfig JMSDeliveryMode="PERSISTENT"/><con:jmsPropertyConfig/><con:wsaConfig mustUnderstand="NONE" version="200508" action="http://fidus.brussels/services/invoiceservice/submitInboxRequest"/><con:wsrmConfig version="1.2"/></con:call><con:call id="c62a7b60-8ac5-42f8-87fe-d520cb42ffed" name="5 - Prod - Worker2 - Request" outgoingWss="Outflow PROD"><con:settings><con:setting id="com.eviware.soapui.impl.wsdl.WsdlRequest@request-headers">&lt;xml-fragment/></con:setting></con:settings><con:encoding>UTF-8</con:encoding><con:endpoint>https://192.168.26.19:8443/services/InvoiceService_v2.0</con:endpoint><con:request><![CDATA[<soapenv:Envelope xmlns:soapenv="http://schemas.xmlsoap.org/soap/envelope/" xmlns:v2="http://fidus.brussels/service/invoiceservice/messages/v2.0" xmlns:v11="http://fidus.brussels/type/common/messages/v1">
   <soapenv:Header/>
   <soapenv:Body>
      <v2:submitInboxRequestRequest>
         <v2:messageContext>
            <v11:messageId>?</v11:messageId>
         </v2:messageContext>
         <v2:legalContext>ServiceIntegrator</v2:legalContext>
         <v2:request>
            <v12:receiverId xmlns:v12="http://fsb.belgium.be/einvoicing/simpleprior/v1_00">2222222222</v12:receiverId>
            <v12:senderId xmlns:v12="http://fsb.belgium.be/einvoicing/simpleprior/v1_00">0200013901</v12:senderId>        
         </v2:request>
      </v2:submitInboxRequestRequest>
   </soapenv:Body>
</soapenv:Envelope>]]></con:request><con:credentials><con:selectedAuthProfile>Basic</con:selectedAuthProfile><con:addedBasicAuthenticationTypes>Basic</con:addedBasicAuthenticationTypes><con:authType>Global HTTP Settings</con:authType></con:credentials><con:jmsConfig JMSDeliveryMode="PERSISTENT"/><con:jmsPropertyConfig/><con:wsaConfig mustUnderstand="NONE" version="200508" action="http://fidus.brussels/services/invoiceservice/submitInboxRequest"/><con:wsrmConfig version="1.2"/></con:call></con:operation></con:interface><con:testSuite id="1ff109ac-5e1e-4819-8442-68ebdc2fee35" name="DEV"><con:settings/><con:runType>SEQUENTIAL</con:runType><con:testCase id="0e18990c-b140-448c-95f0-14c11406ace8" failOnError="true" failTestCaseOnErrors="true" keepSession="false" maxResults="0" name="markDocument" searchProperties="true"><con:settings/><con:testStep type="request" id="fe19aed0-ce8c-40f6-be2b-3ec43ee6c3e3" name="testcase2 - Dev - Request"><con:settings/><con:config xsi:type="con:RequestStep" xmlns:xsi="http://www.w3.org/2001/XMLSchema-instance"><con:interface>InvoiceServiceHTTPBinding</con:interface><con:operation>markDocument</con:operation><con:request name="testcase2 - Dev - Request" id="88f1c6e1-f571-4b41-b7c2-ee523e9eba35" outgoingWss="Outflow DEV"><con:settings/><con:encoding>UTF-8</con:encoding><con:endpoint>https://192.168.36.61:8243/services/InvoiceService_v2.0</con:endpoint><con:request><![CDATA[<soapenv:Envelope xmlns:soapenv="http://schemas.xmlsoap.org/soap/envelope/" xmlns:v2="http://fidus.brussels/service/invoiceservice/messages/v2.0" xmlns:v11="http://fidus.brussels/type/common/messages/v1">
   <soapenv:Header/>
   <soapenv:Body>
      <v2:markDocumentRequest>
         <v2:messageContext>
            <v11:messageId>?</v11:messageId>
         </v2:messageContext>
         <v2:legalContext>ServiceIntegrator</v2:legalContext>
         <v2:request>
            <v12:receiverId xmlns:v12="http://fsb.belgium.be/einvoicing/simpleprior/v1_00">2222222222</v12:receiverId>
            <v12:senderId xmlns:v12="http://fsb.belgium.be/einvoicing/simpleprior/v1_00">0200013901</v12:senderId>
            <v12:documentType xmlns:v12="http://fsb.belgium.be/einvoicing/simpleprior/v1_00">380</v12:documentType>
            <v12:documentId xmlns:v12="http://fsb.belgium.be/einvoicing/simpleprior/v1_00">e878b54b-8a82-4bf3-8c8c-37eacdab2589</v12:documentId>         
         </v2:request>
      </v2:markDocumentRequest>
   </soapenv:Body>
</soapenv:Envelope>]]></con:request><con:assertion type="SOAP Fault Assertion" id="753340e4-28c6-4818-b735-97f595f3eecb" name="Not SOAP Fault"/><con:assertion type="SOAP Response" id="3ced677f-581c-47e0-89de-dbd4f7c39a9a" name="SOAP Response"/><con:assertion type="Schema Compliance" id="d8f09965-d852-4835-b12f-1183f354d3c3" name="Schema Compliance"><con:configuration/></con:assertion><con:wsaConfig action="http://fidus.brussels/services/invoiceservice/markDocument"/></con:request></con:config></con:testStep><con:properties/></con:testCase><con:testCase id="4342a47d-8c2d-436b-a3cf-db2e03e59db8" failOnError="true" failTestCaseOnErrors="true" keepSession="false" maxResults="0" name="retrieveDocument" searchProperties="true"><con:settings/><con:testStep type="request" id="997d3af7-2427-4637-a552-46043cb27a4d" name="testcase2 - Dev - Request"><con:settings/><con:config xsi:type="con:RequestStep" xmlns:xsi="http://www.w3.org/2001/XMLSchema-instance"><con:interface>InvoiceServiceHTTPBinding</con:interface><con:operation>retrieveDocument</con:operation><con:request name="testcase2 - Dev - Request" id="597a0273-0a13-447f-867d-892532a42c77" outgoingWss="Outflow DEV"><con:settings/><con:encoding>UTF-8</con:encoding><con:endpoint>https://192.168.36.61:8243/services/InvoiceService_v2.0</con:endpoint><con:request><![CDATA[<soapenv:Envelope xmlns:soapenv="http://schemas.xmlsoap.org/soap/envelope/" xmlns:v2="http://fidus.brussels/service/invoiceservice/messages/v2.0" xmlns:v11="http://fidus.brussels/type/common/messages/v1">
   <soapenv:Header/>
   <soapenv:Body>
      <v2:retrieveDocumentRequest>
         <v2:messageContext>
            <v11:messageId>?</v11:messageId>
         </v2:messageContext>
         <v2:legalContext>ServiceIntegrator</v2:legalContext>
         <v2:request>
            <v12:receiverId xmlns:v12="http://fsb.belgium.be/einvoicing/simpleprior/v1_00">0463152333</v12:receiverId>
            <v12:senderId xmlns:v12="http://fsb.belgium.be/einvoicing/simpleprior/v1_00">0200013901</v12:senderId>
            <v12:documentType xmlns:v12="http://fsb.belgium.be/einvoicing/simpleprior/v1_00">380</v12:documentType>
            <v12:documentId xmlns:v12="http://fsb.belgium.be/einvoicing/simpleprior/v1_00">118120479086FAKDEC-20-5B</v12:documentId>         
         </v2:request>
      </v2:retrieveDocumentRequest>
   </soapenv:Body>
</soapenv:Envelope>]]></con:request><con:assertion type="SOAP Fault Assertion" id="1aa344f2-f1c2-4de7-9610-c663d343cb93" name="Not SOAP Fault"/><con:assertion type="SOAP Response" id="667b1f0c-79dd-4ee6-bcea-047671013532" name="SOAP Response"/><con:assertion type="Schema Compliance" id="fb2b1d27-07b2-4ead-99b4-59c8a63379b8" name="Schema Compliance"><con:configuration/></con:assertion><con:wsaConfig action="http://fidus.brussels/services/invoiceservice/retrieveDocument"/></con:request></con:config></con:testStep><con:properties/></con:testCase><con:testCase id="15ec7355-ff46-4d2d-9dc6-1c744b84d0b2" failOnError="true" failTestCaseOnErrors="true" keepSession="false" maxResults="0" name="submitDocument" searchProperties="true"><con:settings/><con:testStep type="request" id="32d9bd90-867f-46ed-937a-0616cb249375" name="testcase2 - Dev - Request"><con:settings/><con:config xsi:type="con:RequestStep" xmlns:xsi="http://www.w3.org/2001/XMLSchema-instance"><con:interface>InvoiceServiceHTTPBinding</con:interface><con:operation>submitDocument</con:operation><con:request name="testcase2 - Dev - Request" id="fc4b9668-e920-4ae8-aaa3-5ca91c5289ac" outgoingWss="Outflow DEV"><con:settings/><con:encoding>UTF-8</con:encoding><con:endpoint>https://192.168.36.61:8243/services/InvoiceService_v2.0</con:endpoint><con:request><![CDATA[<soapenv:Envelope xmlns:soapenv="http://schemas.xmlsoap.org/soap/envelope/" xmlns:v2="http://fidus.brussels/service/invoiceservice/messages/v2.0" xmlns:v1="http://fidus.brussels/service/invoiceservice/messages/v1.2" xmlns:v11="http://fidus.brussels/type/common/messages/v1" xmlns:urn="urn:oasis:names:specification:ubl:schema:xsd:ApplicationResponse-2" xmlns:urn1="urn:oasis:names:specification:ubl:schema:xsd:CommonExtensionComponents-2" xmlns:urn2="urn:oasis:names:specification:ubl:schema:xsd:CommonBasicComponents-2" xmlns:urn3="urn:oasis:names:specification:ubl:schema:xsd:CommonAggregateComponents-2">
   <soapenv:Header/>
   <soapenv:Body>
      <v2:submitDocumentRequest>
         <v2:messageContext>
            <v11:messageId>?</v11:messageId>
         </v2:messageContext>
         <v2:legalContext>ServiceIntegrator</v2:legalContext>
         <v2:request>
            <v12:document xmlns:v12="http://fsb.belgium.be/einvoicing/simpleprior/v1_00">                
            <Invoice xmlns="urn:oasis:names:specification:ubl:schema:xsd:Invoice-2"
                    xmlns:cbc="urn:oasis:names:specification:ubl:schema:xsd:CommonBasicComponents-2"
                    xmlns:cac="urn:oasis:names:specification:ubl:schema:xsd:CommonAggregateComponents-2">
               <cbc:UBLVersionID>2.1</cbc:UBLVersionID>
               <cbc:CustomizationID>urn:www.cenbii.eu:transaction:biitrns010:ver2.0:extended:urn:www.peppol.eu:bis:peppol5a:ver2.0</cbc:CustomizationID>
               <cbc:ProfileID>urn:www.cenbii.eu:profile:bii05:ver2.0</cbc:ProfileID>
               <cbc:ID>118120479086FAKNOV-13-5B</cbc:ID>
               <cbc:IssueDate>2018-06-12</cbc:IssueDate>
               <cbc:InvoiceTypeCode listID="UNCL1001">380</cbc:InvoiceTypeCode>
               <cbc:DocumentCurrencyCode listID="ISO4217">EUR</cbc:DocumentCurrencyCode>
               <cac:AccountingSupplierParty>
                  <cac:Party>
                     <cac:PartyIdentification>
                        <cbc:ID schemeID="BE:CBE">0200013901</cbc:ID>
                     </cac:PartyIdentification>
                     <cac:PartyName>
                        <cbc:Name>ACME</cbc:Name>
                     </cac:PartyName>
                     <cac:PostalAddress>
                        <cbc:StreetName>Simon Bolivarlaan 30/9</cbc:StreetName>
                        <cbc:CityName>BRUSSEL</cbc:CityName>
                        <cbc:PostalZone>1000</cbc:PostalZone>
                        <cac:Country>
                           <cbc:IdentificationCode listID="ISO3166-1:Alpha2">BE</cbc:IdentificationCode>
                        </cac:Country>
                     </cac:PostalAddress>
                     <cac:PartyTaxScheme>
                        <cbc:CompanyID schemeID="BE:VAT">BE0200013901</cbc:CompanyID>
                        <cac:TaxScheme>
                           <cbc:ID>VAT</cbc:ID>
                        </cac:TaxScheme>
                     </cac:PartyTaxScheme>
                     <cac:PartyLegalEntity>
                        <cbc:RegistrationName>D.W. Soft bvba</cbc:RegistrationName>
                        <cbc:CompanyID schemeID="BE:CBE">0200013901</cbc:CompanyID>
                     </cac:PartyLegalEntity>
                     <cac:Contact>
                        <cbc:ElectronicMail>dirk.willekens@dwsoft.be</cbc:ElectronicMail>
                     </cac:Contact>
                  </cac:Party>
               </cac:AccountingSupplierParty>
               <cac:AccountingCustomerParty>
                  <cac:Party>
                     <cac:PartyIdentification>
                        <cbc:ID schemeID="BE:CBE">2222222222</cbc:ID>
                     </cac:PartyIdentification>
                     <cac:PartyName>
                        <cbc:Name>Fake customer</cbc:Name>
                     </cac:PartyName>
                     <cac:PostalAddress>
                        <cbc:StreetName>Simon Bolivarlaan 34</cbc:StreetName>
                        <cbc:CityName>ANTWERPEN</cbc:CityName>
                        <cbc:PostalZone>2000</cbc:PostalZone>
                        <cac:Country>
                           <cbc:IdentificationCode listID="ISO3166-1:Alpha2">BE</cbc:IdentificationCode>
                        </cac:Country>
                     </cac:PostalAddress>
                     <cac:PartyTaxScheme>
                        <cbc:CompanyID schemeID="BE:VAT">BE2222222222</cbc:CompanyID>
                        <cac:TaxScheme>
                           <cbc:ID>VAT</cbc:ID>
                        </cac:TaxScheme>
                     </cac:PartyTaxScheme>
                     <cac:PartyLegalEntity>
                        <cbc:RegistrationName>Fake Customer</cbc:RegistrationName>
                        <cbc:CompanyID schemeID="BE:CBE">2222222222</cbc:CompanyID>
                     </cac:PartyLegalEntity>
                  </cac:Party>
               </cac:AccountingCustomerParty>
               <cac:PaymentMeans>
                  <cbc:PaymentMeansCode listID="UNCL4461">1</cbc:PaymentMeansCode>
                  <cbc:PaymentDueDate>2018-05-31</cbc:PaymentDueDate>
                  <cbc:PaymentChannelCode>IBAN</cbc:PaymentChannelCode>
                  <cbc:InstructionNote>SIMPLE TEST TO FAKE CUSTOMER</cbc:InstructionNote>
                  <cac:PayeeFinancialAccount>
                     <cbc:ID schemeID="IBAN">BE86736009252450</cbc:ID>
                     <cac:FinancialInstitutionBranch>
                        <cac:FinancialInstitution>
                           <cbc:ID schemeID="BIC">KREDBEBB</cbc:ID>
                        </cac:FinancialInstitution>
                     </cac:FinancialInstitutionBranch>
                  </cac:PayeeFinancialAccount>
               </cac:PaymentMeans>
               <cac:TaxTotal>
                  <cbc:TaxAmount currencyID="EUR">21.00</cbc:TaxAmount>
                  <cac:TaxSubtotal>
                     <cbc:TaxableAmount currencyID="EUR">100.00</cbc:TaxableAmount>
                     <cbc:TaxAmount currencyID="EUR">21.00</cbc:TaxAmount>
                     <cac:TaxCategory>
                        <cbc:ID schemeID="UNCL5305">S</cbc:ID>
                        <cbc:Percent>21.00</cbc:Percent>
                        <cac:TaxScheme>
                           <cbc:ID>VAT</cbc:ID>
                        </cac:TaxScheme>
                     </cac:TaxCategory>
                  </cac:TaxSubtotal>
               </cac:TaxTotal>
               <cac:LegalMonetaryTotal>
                  <cbc:LineExtensionAmount currencyID="EUR">100.00</cbc:LineExtensionAmount>
                  <cbc:TaxExclusiveAmount currencyID="EUR">100.00</cbc:TaxExclusiveAmount>
                  <cbc:TaxInclusiveAmount currencyID="EUR">121.00</cbc:TaxInclusiveAmount>
                  <cbc:PayableAmount currencyID="EUR">121.00</cbc:PayableAmount>
               </cac:LegalMonetaryTotal>
               <cac:InvoiceLine>
                  <cbc:ID>1</cbc:ID>
                  <cbc:InvoicedQuantity unitCode="NAR" unitCodeListID="UNECERec20">1.00</cbc:InvoicedQuantity>
                  <cbc:LineExtensionAmount currencyID="EUR">100.00</cbc:LineExtensionAmount>
                  <cac:TaxTotal>
                     <cbc:TaxAmount currencyID="EUR">21.00</cbc:TaxAmount>
                  </cac:TaxTotal>
                  <cac:Item>
                     <cbc:Description>Line1 description - may be long</cbc:Description>
                     <cbc:Name>Line1max50char</cbc:Name>
                     <cac:ClassifiedTaxCategory>
                        <cbc:ID schemeID="UNCL5305">S</cbc:ID>
                        <cbc:Percent>21.00</cbc:Percent>
                        <cac:TaxScheme>
                           <cbc:ID>VAT</cbc:ID>
                        </cac:TaxScheme>
                     </cac:ClassifiedTaxCategory>
                  </cac:Item>
                  <cac:Price>
                     <cbc:PriceAmount currencyID="EUR">100.00</cbc:PriceAmount>
                     <cbc:BaseQuantity>1.00</cbc:BaseQuantity>
                  </cac:Price>
               </cac:InvoiceLine>
            </Invoice>
            </v12:document>
         </v2:request>
      </v2:submitDocumentRequest>
   </soapenv:Body>
</soapenv:Envelope>]]></con:request><con:assertion type="SOAP Fault Assertion" id="e23eb363-f4a4-4b29-ae46-36f198ce6745" name="Not SOAP Fault"/><con:assertion type="SOAP Response" id="096b969d-c431-443d-a471-dcf2c818b71a" name="SOAP Response"/><con:assertion type="Schema Compliance" id="01c90554-c51c-4e62-bdf1-f233fbb468fb" name="Schema Compliance"><con:configuration/></con:assertion><con:wsaConfig action="http://fidus.brussels/services/invoiceservice/submitDocument"/></con:request></con:config></con:testStep><con:properties/></con:testCase><con:testCase id="6c6a2f07-5db7-4bbe-8b2d-d890c243b401" failOnError="true" failTestCaseOnErrors="true" keepSession="false" maxResults="0" name="submitInboxRequest" searchProperties="true"><con:settings/><con:testStep type="request" id="89d1c903-ae1a-493f-87c9-e5a80b1282f8" name="testcase2 - Dev - Request"><con:settings/><con:config xsi:type="con:RequestStep" xmlns:xsi="http://www.w3.org/2001/XMLSchema-instance"><con:interface>InvoiceServiceHTTPBinding</con:interface><con:operation>submitInboxRequest</con:operation><con:request name="testcase2 - Dev - Request" id="0f3d7342-7a41-4a29-bfef-0ef526663940" outgoingWss="Outflow DEV"><con:settings/><con:encoding>UTF-8</con:encoding><con:endpoint>https://192.168.36.61:8243/services/InvoiceService_v2.0</con:endpoint><con:request><![CDATA[<soapenv:Envelope xmlns:soapenv="http://schemas.xmlsoap.org/soap/envelope/" xmlns:v2="http://fidus.brussels/service/invoiceservice/messages/v2.0" xmlns:v11="http://fidus.brussels/type/common/messages/v1">
   <soapenv:Header/>
   <soapenv:Body>
      <v2:submitInboxRequestRequest>
         <v2:messageContext>
            <v11:messageId>?</v11:messageId>
         </v2:messageContext>
         <v2:legalContext>ServiceIntegrator</v2:legalContext>
         <v2:request>
            <v12:receiverId xmlns:v12="http://fsb.belgium.be/einvoicing/simpleprior/v1_00">2222222222</v12:receiverId>
            <v12:senderId xmlns:v12="http://fsb.belgium.be/einvoicing/simpleprior/v1_00">0200013901</v12:senderId>        
         </v2:request>
      </v2:submitInboxRequestRequest>
   </soapenv:Body>
</soapenv:Envelope>]]></con:request><con:assertion type="SOAP Fault Assertion" id="96364f6a-4b2f-43c6-9f19-c908b8956022" name="Not SOAP Fault"/><con:assertion type="SOAP Response" id="2e0f992b-aab6-4337-985e-55cb72025f07" name="SOAP Response"/><con:assertion type="Schema Compliance" id="e48ad0e6-ba71-44d6-83d2-4aef5692e6ce" name="Schema Compliance"><con:configuration/></con:assertion><con:wsaConfig action="http://fidus.brussels/services/invoiceservice/submitInboxRequest"/></con:request></con:config></con:testStep><con:properties/></con:testCase><con:properties/></con:testSuite><con:testSuite id="50afa037-6b0a-4d38-9880-6b44ef697ce0" name="TEST"><con:settings/><con:runType>SEQUENTIAL</con:runType><con:testCase id="95efa925-b904-480b-99a8-0621ef188f89" failOnError="true" failTestCaseOnErrors="true" keepSession="false" maxResults="0" name="markDocument" searchProperties="true"><con:settings/><con:testStep type="request" id="ad4aa35f-4521-49b3-b6b8-6852cf0e7937" name="testcase3 - Test - External - Request"><con:settings/><con:config xsi:type="con:RequestStep" xmlns:xsi="http://www.w3.org/2001/XMLSchema-instance"><con:interface>InvoiceServiceHTTPBinding</con:interface><con:operation>markDocument</con:operation><con:request name="testcase3 - Test - External - Request" id="d0f23620-6844-4eaa-8fd5-e533be0cad61" outgoingWss="Outflow TEST"><con:settings/><con:encoding>UTF-8</con:encoding><con:endpoint>https://fidus-test.irisnetlab.be/services/InvoiceService_v2.0</con:endpoint><con:request><![CDATA[<soapenv:Envelope xmlns:soapenv="http://schemas.xmlsoap.org/soap/envelope/" xmlns:v2="http://fidus.brussels/service/invoiceservice/messages/v2.0" xmlns:v11="http://fidus.brussels/type/common/messages/v1">
   <soapenv:Header/>
   <soapenv:Body>
      <v2:markDocumentRequest>
         <v2:messageContext>
            <v11:messageId>?</v11:messageId>
         </v2:messageContext>
         <v2:legalContext>ServiceIntegrator</v2:legalContext>
         <v2:request>
            <v12:receiverId xmlns:v12="http://fsb.belgium.be/einvoicing/simpleprior/v1_00">0463152333</v12:receiverId>
            <v12:senderId xmlns:v12="http://fsb.belgium.be/einvoicing/simpleprior/v1_00">0200013901</v12:senderId>
            <v12:documentType xmlns:v12="http://fsb.belgium.be/einvoicing/simpleprior/v1_00">380</v12:documentType>
            <v12:documentId xmlns:v12="http://fsb.belgium.be/einvoicing/simpleprior/v1_00">118120479086FAKDEC-19-5A</v12:documentId>         
         </v2:request>
      </v2:markDocumentRequest>
   </soapenv:Body>
</soapenv:Envelope>]]></con:request><con:assertion type="SOAP Fault Assertion" id="d69e6ffe-4eb8-48f6-ae03-910f6f6d52ec" name="Not SOAP Fault"/><con:assertion type="SOAP Response" id="0bfe5a0a-8bc8-4e2d-a974-a2f1e9aa7e1a" name="SOAP Response"/><con:assertion type="Schema Compliance" id="96e1de1c-7bc5-41d9-ac0e-d02066992ca4" name="Schema Compliance"><con:configuration/></con:assertion><con:wsaConfig action="http://fidus.brussels/services/invoiceservice/markDocument"/></con:request></con:config></con:testStep><con:testStep type="request" id="f77e0636-4ad8-4027-b987-4c43cdae04e6" name="testcase3 - Test - LB - Request"><con:settings/><con:config xsi:type="con:RequestStep" xmlns:xsi="http://www.w3.org/2001/XMLSchema-instance"><con:interface>InvoiceServiceHTTPBinding</con:interface><con:operation>markDocument</con:operation><con:request name="testcase3 - Test - LB - Request" id="f632db1f-a954-4422-8000-7798e44c3e44" outgoingWss="Outflow TEST"><con:settings/><con:encoding>UTF-8</con:encoding><con:endpoint>https://esb-security-gw.sta.srv.cirb.lan:8443/services/InvoiceService_v2.0</con:endpoint><con:request><![CDATA[<soapenv:Envelope xmlns:soapenv="http://schemas.xmlsoap.org/soap/envelope/" xmlns:v2="http://fidus.brussels/service/invoiceservice/messages/v2.0" xmlns:v11="http://fidus.brussels/type/common/messages/v1">
   <soapenv:Header/>
   <soapenv:Body>
      <v2:markDocumentRequest>
         <v2:messageContext>
            <v11:messageId>?</v11:messageId>
         </v2:messageContext>
         <v2:legalContext>ServiceIntegrator</v2:legalContext>
         <v2:request>
            <v12:receiverId xmlns:v12="http://fsb.belgium.be/einvoicing/simpleprior/v1_00">2222222222</v12:receiverId>
            <v12:senderId xmlns:v12="http://fsb.belgium.be/einvoicing/simpleprior/v1_00">0200013901</v12:senderId>
            <v12:documentType xmlns:v12="http://fsb.belgium.be/einvoicing/simpleprior/v1_00">380</v12:documentType>
            <v12:documentId xmlns:v12="http://fsb.belgium.be/einvoicing/simpleprior/v1_00">e878b54b-8a82-4bf3-8c8c-37eacdab2589</v12:documentId>         
         </v2:request>
      </v2:markDocumentRequest>
   </soapenv:Body>
</soapenv:Envelope>]]></con:request><con:assertion type="SOAP Fault Assertion" id="d9b2eaa0-2f96-47e6-a637-17d5edc361a9" name="Not SOAP Fault"/><con:assertion type="SOAP Response" id="c8d6fb91-1b46-4ad8-abd0-4d4abb669fe8" name="SOAP Response"/><con:assertion type="Schema Compliance" id="488c6d5c-2c02-41a4-aa50-4e24c2af4c99" name="Schema Compliance"><con:configuration/></con:assertion><con:wsaConfig action="http://fidus.brussels/services/invoiceservice/markDocument"/></con:request></con:config></con:testStep><con:testStep type="request" id="16ae3fc3-f6df-4d03-b054-0fb15a344bb1" name="testcase3 - Test - Worker1 - Request"><con:settings/><con:config xsi:type="con:RequestStep" xmlns:xsi="http://www.w3.org/2001/XMLSchema-instance"><con:interface>InvoiceServiceHTTPBinding</con:interface><con:operation>markDocument</con:operation><con:request name="testcase3 - Test - Worker1 - Request" id="ee172f42-2e3e-4a19-a398-552032becf19" outgoingWss="Outflow TEST"><con:settings/><con:encoding>UTF-8</con:encoding><con:endpoint>https://192.168.24.45:8443/services/InvoiceService_v2.0</con:endpoint><con:request><![CDATA[<soapenv:Envelope xmlns:soapenv="http://schemas.xmlsoap.org/soap/envelope/" xmlns:v2="http://fidus.brussels/service/invoiceservice/messages/v2.0" xmlns:v11="http://fidus.brussels/type/common/messages/v1">
   <soapenv:Header/>
   <soapenv:Body>
      <v2:markDocumentRequest>
         <v2:messageContext>
            <v11:messageId>?</v11:messageId>
         </v2:messageContext>
         <v2:legalContext>ServiceIntegrator</v2:legalContext>
         <v2:request>
            <v12:receiverId xmlns:v12="http://fsb.belgium.be/einvoicing/simpleprior/v1_00">0316381039</v12:receiverId>
            <v12:senderId xmlns:v12="http://fsb.belgium.be/einvoicing/simpleprior/v1_00">0316381039</v12:senderId>
            <v12:documentType xmlns:v12="http://fsb.belgium.be/einvoicing/simpleprior/v1_00">380</v12:documentType>
            <v12:documentId xmlns:v12="http://fsb.belgium.be/einvoicing/simpleprior/v1_00">GOB003</v12:documentId>         
         </v2:request>
      </v2:markDocumentRequest>
   </soapenv:Body>
</soapenv:Envelope>]]></con:request><con:assertion type="SOAP Fault Assertion" id="b479b0f9-c5cb-463f-b19f-c9806ab158f5" name="Not SOAP Fault"/><con:assertion type="SOAP Response" id="66531baf-e45b-4ca4-8dc9-109ccefbd27a" name="SOAP Response"/><con:assertion type="Schema Compliance" id="2fbb8765-c3b5-426a-8433-8a992e11e84b" name="Schema Compliance"><con:configuration/></con:assertion><con:wsaConfig action="http://fidus.brussels/services/invoiceservice/markDocument"/></con:request></con:config></con:testStep><con:testStep type="request" id="a3bc200f-a742-4fde-b985-e5a26d198348" name="testcase3 - Test - Worker2 - Request"><con:settings/><con:config xsi:type="con:RequestStep" xmlns:xsi="http://www.w3.org/2001/XMLSchema-instance"><con:interface>InvoiceServiceHTTPBinding</con:interface><con:operation>markDocument</con:operation><con:request name="testcase3 - Test - Worker2 - Request" id="d5f06ed9-5625-452d-92ff-2e87caafad71" outgoingWss="Outflow TEST"><con:settings/><con:encoding>UTF-8</con:encoding><con:endpoint>https://192.168.24.51:8443/services/InvoiceService_v2.0</con:endpoint><con:request><![CDATA[<soapenv:Envelope xmlns:soapenv="http://schemas.xmlsoap.org/soap/envelope/" xmlns:v2="http://fidus.brussels/service/invoiceservice/messages/v2.0" xmlns:v11="http://fidus.brussels/type/common/messages/v1">
   <soapenv:Header/>
   <soapenv:Body>
      <v2:markDocumentRequest>
         <v2:messageContext>
            <v11:messageId>?</v11:messageId>
         </v2:messageContext>
         <v2:legalContext>ServiceIntegrator</v2:legalContext>
         <v2:request>
            <v12:receiverId xmlns:v12="http://fsb.belgium.be/einvoicing/simpleprior/v1_00">2222222222</v12:receiverId>
            <v12:senderId xmlns:v12="http://fsb.belgium.be/einvoicing/simpleprior/v1_00">0200013901</v12:senderId>
            <v12:documentType xmlns:v12="http://fsb.belgium.be/einvoicing/simpleprior/v1_00">380</v12:documentType>
            <v12:documentId xmlns:v12="http://fsb.belgium.be/einvoicing/simpleprior/v1_00">e878b54b-8a82-4bf3-8c8c-37eacdab2589</v12:documentId>         
         </v2:request>
      </v2:markDocumentRequest>
   </soapenv:Body>
</soapenv:Envelope>]]></con:request><con:assertion type="SOAP Fault Assertion" id="e3344a93-9834-4e03-bcf2-7e6ad7eb1997" name="Not SOAP Fault"/><con:assertion type="SOAP Response" id="15b2744d-66ee-4e3c-b841-410a2949e16c" name="SOAP Response"/><con:assertion type="Schema Compliance" id="3bdec2f3-4fe2-4a1a-bcc6-5c9b79452a80" name="Schema Compliance"><con:configuration/></con:assertion><con:wsaConfig action="http://fidus.brussels/services/invoiceservice/markDocument"/></con:request></con:config></con:testStep><con:properties/></con:testCase><con:testCase id="96b7469f-8d9e-4061-bbca-726e8fe98dbc" failOnError="true" failTestCaseOnErrors="true" keepSession="false" maxResults="0" name="retrieveDocument" searchProperties="true"><con:settings/><con:testStep type="request" id="24466b37-6363-484a-a0ca-b1d58fc1c176" name="testcase3 - Test - External - Request"><con:settings/><con:config xsi:type="con:RequestStep" xmlns:xsi="http://www.w3.org/2001/XMLSchema-instance"><con:interface>InvoiceServiceHTTPBinding</con:interface><con:operation>retrieveDocument</con:operation><con:request name="testcase3 - Test - External - Request" id="4b0f4539-1481-414a-8223-64e4ba18239f" outgoingWss="Outflow TEST"><con:settings/><con:encoding>UTF-8</con:encoding><con:endpoint>https://fidus-test.irisnetlab.be/services/InvoiceService_v2.0</con:endpoint><con:request><![CDATA[<soapenv:Envelope xmlns:soapenv="http://schemas.xmlsoap.org/soap/envelope/" xmlns:v2="http://fidus.brussels/service/invoiceservice/messages/v2.0" xmlns:v11="http://fidus.brussels/type/common/messages/v1">
   <soapenv:Header/>
   <soapenv:Body>
      <v2:retrieveDocumentRequest>
         <v2:messageContext>
            <v11:messageId>?</v11:messageId>
         </v2:messageContext>
         <v2:legalContext>ServiceIntegrator</v2:legalContext>
         <v2:request>
            <v12:receiverId xmlns:v12="http://fsb.belgium.be/einvoicing/simpleprior/v1_00">0463152333</v12:receiverId>
            <v12:senderId xmlns:v12="http://fsb.belgium.be/einvoicing/simpleprior/v1_00">0200013901</v12:senderId>
            <v12:documentType xmlns:v12="http://fsb.belgium.be/einvoicing/simpleprior/v1_00">380</v12:documentType>
            <v12:documentId xmlns:v12="http://fsb.belgium.be/einvoicing/simpleprior/v1_00">118120479086FAKDEC-20-5B</v12:documentId>         
         </v2:request>
      </v2:retrieveDocumentRequest>
   </soapenv:Body>
</soapenv:Envelope>]]></con:request><con:assertion type="SOAP Fault Assertion" id="cb842f50-a944-4905-a3e8-58c28bf59fe3" name="Not SOAP Fault"/><con:assertion type="SOAP Response" id="e64cfb68-9339-45b1-a4c1-0da4d84967a1" name="SOAP Response"/><con:assertion type="Schema Compliance" id="1b613789-7e13-42c7-82e9-1a5d3b6c026c" name="Schema Compliance"><con:configuration/></con:assertion><con:wsaConfig action="http://fidus.brussels/services/invoiceservice/retrieveDocument"/></con:request></con:config></con:testStep><con:testStep type="request" id="e8575be1-7e11-449b-8b61-7c58f7e28a4a" name="testcase3 - Test - LB - Request"><con:settings/><con:config xsi:type="con:RequestStep" xmlns:xsi="http://www.w3.org/2001/XMLSchema-instance"><con:interface>InvoiceServiceHTTPBinding</con:interface><con:operation>retrieveDocument</con:operation><con:request name="testcase3 - Test - LB - Request" id="ee6054c1-8211-48cc-bfb8-8697833995ac" outgoingWss="Outflow TEST"><con:settings/><con:encoding>UTF-8</con:encoding><con:endpoint>https://esb-security-gw.sta.srv.cirb.lan:8443/services/InvoiceService_v2.0</con:endpoint><con:request><![CDATA[<soapenv:Envelope xmlns:soapenv="http://schemas.xmlsoap.org/soap/envelope/" xmlns:v2="http://fidus.brussels/service/invoiceservice/messages/v2.0" xmlns:v11="http://fidus.brussels/type/common/messages/v1">
   <soapenv:Header/>
   <soapenv:Body>
      <v2:retrieveDocumentRequest>
         <v2:messageContext>
            <v11:messageId>?</v11:messageId>
         </v2:messageContext>
         <v2:legalContext>ServiceIntegrator</v2:legalContext>
         <v2:request>
            <v12:receiverId xmlns:v12="http://fsb.belgium.be/einvoicing/simpleprior/v1_00">0463152333</v12:receiverId>
            <v12:senderId xmlns:v12="http://fsb.belgium.be/einvoicing/simpleprior/v1_00">0200013901</v12:senderId>
            <v12:documentType xmlns:v12="http://fsb.belgium.be/einvoicing/simpleprior/v1_00">380</v12:documentType>
            <v12:documentId xmlns:v12="http://fsb.belgium.be/einvoicing/simpleprior/v1_00">118120479086FAKDEC-20-5B</v12:documentId>         
         </v2:request>
      </v2:retrieveDocumentRequest>
   </soapenv:Body>
</soapenv:Envelope>]]></con:request><con:assertion type="SOAP Fault Assertion" id="afe5fc30-5e3d-4f7c-a22a-60b683c1c1d1" name="Not SOAP Fault"/><con:assertion type="SOAP Response" id="c13ed473-c71e-4b30-bce3-c0f8ba5544e6" name="SOAP Response"/><con:assertion type="Schema Compliance" id="1f7e248b-59e6-4a3e-a3d8-2476a8832f97" name="Schema Compliance"><con:configuration/></con:assertion><con:wsaConfig action="http://fidus.brussels/services/invoiceservice/retrieveDocument"/></con:request></con:config></con:testStep><con:testStep type="request" id="a8692549-456d-411d-95a4-206423ff6c20" name="testcase3 - Test - Worker1 - Request"><con:settings/><con:config xsi:type="con:RequestStep" xmlns:xsi="http://www.w3.org/2001/XMLSchema-instance"><con:interface>InvoiceServiceHTTPBinding</con:interface><con:operation>retrieveDocument</con:operation><con:request name="testcase3 - Test - Worker1 - Request" id="c84e7213-1219-4291-94dd-2fbd54a5e49e" outgoingWss="Outflow TEST"><con:settings/><con:encoding>UTF-8</con:encoding><con:endpoint>https://192.168.24.45:8443/services/InvoiceService_v2.0</con:endpoint><con:request><![CDATA[<soapenv:Envelope xmlns:soapenv="http://schemas.xmlsoap.org/soap/envelope/" xmlns:v2="http://fidus.brussels/service/invoiceservice/messages/v2.0" xmlns:v11="http://fidus.brussels/type/common/messages/v1">
   <soapenv:Header/>
   <soapenv:Body>
      <v2:retrieveDocumentRequest>
         <v2:messageContext>
            <v11:messageId>?</v11:messageId>
         </v2:messageContext>
         <v2:legalContext>ServiceIntegrator</v2:legalContext>
         <v2:request>
            <v12:receiverId xmlns:v12="http://fsb.belgium.be/einvoicing/simpleprior/v1_00">0463152333</v12:receiverId>
            <v12:senderId xmlns:v12="http://fsb.belgium.be/einvoicing/simpleprior/v1_00">0200013901</v12:senderId>
            <v12:documentType xmlns:v12="http://fsb.belgium.be/einvoicing/simpleprior/v1_00">380</v12:documentType>
            <v12:documentId xmlns:v12="http://fsb.belgium.be/einvoicing/simpleprior/v1_00">118120479086FAKDEC-20-5B</v12:documentId>         
         </v2:request>
      </v2:retrieveDocumentRequest>
   </soapenv:Body>
</soapenv:Envelope>]]></con:request><con:assertion type="SOAP Fault Assertion" id="22a5ed8d-0118-4051-b9b5-b84b81f9dc26" name="Not SOAP Fault"/><con:assertion type="SOAP Response" id="b1e901e6-bfe3-4675-8335-b21b57fdad1f" name="SOAP Response"/><con:assertion type="Schema Compliance" id="82ab9e3a-81ea-4d10-829b-5e6584508db9" name="Schema Compliance"><con:configuration/></con:assertion><con:wsaConfig action="http://fidus.brussels/services/invoiceservice/retrieveDocument"/></con:request></con:config></con:testStep><con:testStep type="request" id="ec52b1ae-0171-4481-92ca-c274e7a80464" name="testcase3 - Test - Worker2 - Request"><con:settings/><con:config xsi:type="con:RequestStep" xmlns:xsi="http://www.w3.org/2001/XMLSchema-instance"><con:interface>InvoiceServiceHTTPBinding</con:interface><con:operation>retrieveDocument</con:operation><con:request name="testcase3 - Test - Worker2 - Request" id="d383516b-bc1d-4ec2-9f82-086efb28be44" outgoingWss="Outflow TEST"><con:settings/><con:encoding>UTF-8</con:encoding><con:endpoint>https://192.168.24.51:8443/services/InvoiceService_v2.0</con:endpoint><con:request><![CDATA[<soapenv:Envelope xmlns:soapenv="http://schemas.xmlsoap.org/soap/envelope/" xmlns:v2="http://fidus.brussels/service/invoiceservice/messages/v2.0" xmlns:v11="http://fidus.brussels/type/common/messages/v1">
   <soapenv:Header/>
   <soapenv:Body>
      <v2:retrieveDocumentRequest>
         <v2:messageContext>
            <v11:messageId>?</v11:messageId>
         </v2:messageContext>
         <v2:legalContext>ServiceIntegrator</v2:legalContext>
         <v2:request>
            <v12:receiverId xmlns:v12="http://fsb.belgium.be/einvoicing/simpleprior/v1_00">0463152333</v12:receiverId>
            <v12:senderId xmlns:v12="http://fsb.belgium.be/einvoicing/simpleprior/v1_00">0200013901</v12:senderId>
            <v12:documentType xmlns:v12="http://fsb.belgium.be/einvoicing/simpleprior/v1_00">380</v12:documentType>
            <v12:documentId xmlns:v12="http://fsb.belgium.be/einvoicing/simpleprior/v1_00">118120479086FAKDEC-20-5B</v12:documentId>         
         </v2:request>
      </v2:retrieveDocumentRequest>
   </soapenv:Body>
</soapenv:Envelope>]]></con:request><con:assertion type="SOAP Fault Assertion" id="519b35a1-dbdc-47f4-bf61-d3d7f2e42041" name="Not SOAP Fault"/><con:assertion type="SOAP Response" id="a215dd46-cd82-42b4-9edf-b984c7885596" name="SOAP Response"/><con:assertion type="Schema Compliance" id="73c916d4-8995-4134-bd80-a8229f30be73" name="Schema Compliance"><con:configuration/></con:assertion><con:wsaConfig action="http://fidus.brussels/services/invoiceservice/retrieveDocument"/></con:request></con:config></con:testStep><con:properties/></con:testCase><con:testCase id="15e58fcb-eab8-4760-be2d-acc98e476284" failOnError="true" failTestCaseOnErrors="true" keepSession="false" maxResults="0" name="submitDocument" searchProperties="true"><con:settings/><con:testStep type="request" id="e9cb2622-572b-4f66-9f99-d89cc0724ed4" name="testcase3 - Test - External - Request"><con:settings/><con:config xsi:type="con:RequestStep" xmlns:xsi="http://www.w3.org/2001/XMLSchema-instance"><con:interface>InvoiceServiceHTTPBinding</con:interface><con:operation>submitDocument</con:operation><con:request name="testcase3 - Test - External - Request" id="8b4dcbdf-3733-4eb7-a696-04b3b036132f" outgoingWss="Outflow TEST"><con:settings/><con:encoding>UTF-8</con:encoding><con:endpoint>https://fidus-test.irisnetlab.be/services/InvoiceService_v2.0</con:endpoint><con:request><![CDATA[<soapenv:Envelope xmlns:soapenv="http://schemas.xmlsoap.org/soap/envelope/" xmlns:v2="http://fidus.brussels/service/invoiceservice/messages/v2.0" xmlns:v1="http://fidus.brussels/service/invoiceservice/messages/v1.2" xmlns:v11="http://fidus.brussels/type/common/messages/v1" xmlns:urn="urn:oasis:names:specification:ubl:schema:xsd:ApplicationResponse-2" xmlns:urn1="urn:oasis:names:specification:ubl:schema:xsd:CommonExtensionComponents-2" xmlns:urn2="urn:oasis:names:specification:ubl:schema:xsd:CommonBasicComponents-2" xmlns:urn3="urn:oasis:names:specification:ubl:schema:xsd:CommonAggregateComponents-2">
   <soapenv:Header/>
   <soapenv:Body>
      <v2:submitDocumentRequest>
         <v2:messageContext>
            <v11:messageId>${=import static java.util.UUID.randomUUID; uuid = randomUUID() as String}</v11:messageId>
            <v11:timestamp>${=new java.text.SimpleDateFormat("yyyy-MM-dd'T'HH:mm:ss.SSS").format(new Date())}</v11:timestamp>
         </v2:messageContext>
         <v2:legalContext>ServiceIntegrator</v2:legalContext>
         <v2:request>
            <v12:document xmlns:v12="http://fsb.belgium.be/einvoicing/simpleprior/v1_00">                
            <Invoice xmlns="urn:oasis:names:specification:ubl:schema:xsd:Invoice-2"
                    xmlns:cbc="urn:oasis:names:specification:ubl:schema:xsd:CommonBasicComponents-2"
                    xmlns:cac="urn:oasis:names:specification:ubl:schema:xsd:CommonAggregateComponents-2">
               <cbc:UBLVersionID>2.1</cbc:UBLVersionID>
               <cbc:CustomizationID>urn:www.cenbii.eu:transaction:biitrns010:ver2.0:extended:urn:www.peppol.eu:bis:peppol5a:ver2.0</cbc:CustomizationID>
               <cbc:ProfileID>urn:www.cenbii.eu:profile:bii05:ver2.0</cbc:ProfileID>
               <cbc:ID>118120479086FAKDEC-20-5B</cbc:ID>
               <cbc:IssueDate>2018-06-12</cbc:IssueDate>
               <cbc:InvoiceTypeCode listID="UNCL1001">380</cbc:InvoiceTypeCode>
               <cbc:DocumentCurrencyCode listID="ISO4217">EUR</cbc:DocumentCurrencyCode>
               <cac:AccountingSupplierParty>
                  <cac:Party>
                     <cac:PartyIdentification>
                        <cbc:ID schemeID="BE:CBE">0200013901</cbc:ID>
                     </cac:PartyIdentification>
                     <cac:PartyName>
                        <cbc:Name>ACME</cbc:Name>
                     </cac:PartyName>
                     <cac:PostalAddress>
                        <cbc:StreetName>Simon Bolivarlaan 30/9</cbc:StreetName>
                        <cbc:CityName>BRUSSEL</cbc:CityName>
                        <cbc:PostalZone>1000</cbc:PostalZone>
                        <cac:Country>
                           <cbc:IdentificationCode listID="ISO3166-1:Alpha2">BE</cbc:IdentificationCode>
                        </cac:Country>
                     </cac:PostalAddress>
                     <cac:PartyTaxScheme>
                        <cbc:CompanyID schemeID="BE:VAT">BE0200013901</cbc:CompanyID>
                        <cac:TaxScheme>
                           <cbc:ID>VAT</cbc:ID>
                        </cac:TaxScheme>
                     </cac:PartyTaxScheme>
                     <cac:PartyLegalEntity>
                        <cbc:RegistrationName>D.W. Soft bvba</cbc:RegistrationName>
                        <cbc:CompanyID schemeID="BE:CBE">0200013901</cbc:CompanyID>
                     </cac:PartyLegalEntity>
                     <cac:Contact>
                        <cbc:ElectronicMail>ebarbieux@cirb.brussels</cbc:ElectronicMail>
                     </cac:Contact>
                  </cac:Party>
               </cac:AccountingSupplierParty>
               <cac:AccountingCustomerParty>
                  <cac:Party>
                     <cac:PartyIdentification>
                        <cbc:ID schemeID="BE:CBE">0463152333</cbc:ID>
                     </cac:PartyIdentification>
                     <cac:PartyName>
                        <cbc:Name>Fake customer</cbc:Name>
                     </cac:PartyName>
                     <cac:PostalAddress>
                        <cbc:StreetName>Simon Bolivarlaan 34</cbc:StreetName>
                        <cbc:CityName>ANTWERPEN</cbc:CityName>
                        <cbc:PostalZone>2000</cbc:PostalZone>
                        <cac:Country>
                           <cbc:IdentificationCode listID="ISO3166-1:Alpha2">BE</cbc:IdentificationCode>
                        </cac:Country>
                     </cac:PostalAddress>
                     <cac:PartyTaxScheme>
                        <cbc:CompanyID schemeID="BE:VAT">BE0463152333</cbc:CompanyID>
                        <cac:TaxScheme>
                           <cbc:ID>VAT</cbc:ID>
                        </cac:TaxScheme>
                     </cac:PartyTaxScheme>
                     <cac:PartyLegalEntity>
                        <cbc:RegistrationName>Fake Customer</cbc:RegistrationName>
                        <cbc:CompanyID schemeID="BE:CBE">0463152333</cbc:CompanyID>
                     </cac:PartyLegalEntity>
                  </cac:Party>
               </cac:AccountingCustomerParty>
               <cac:PaymentMeans>
                  <cbc:PaymentMeansCode listID="UNCL4461">1</cbc:PaymentMeansCode>
                  <cbc:PaymentDueDate>2018-05-31</cbc:PaymentDueDate>
                  <cbc:PaymentChannelCode>IBAN</cbc:PaymentChannelCode>
                  <cbc:InstructionNote>SIMPLE TEST TO FAKE CUSTOMER</cbc:InstructionNote>
                  <cac:PayeeFinancialAccount>
                     <cbc:ID schemeID="IBAN">BE86736009252450</cbc:ID>
                     <cac:FinancialInstitutionBranch>
                        <cac:FinancialInstitution>
                           <cbc:ID schemeID="BIC">KREDBEBB</cbc:ID>
                        </cac:FinancialInstitution>
                     </cac:FinancialInstitutionBranch>
                  </cac:PayeeFinancialAccount>
               </cac:PaymentMeans>
               <cac:TaxTotal>
                  <cbc:TaxAmount currencyID="EUR">21.00</cbc:TaxAmount>
                  <cac:TaxSubtotal>
                     <cbc:TaxableAmount currencyID="EUR">100.00</cbc:TaxableAmount>
                     <cbc:TaxAmount currencyID="EUR">21.00</cbc:TaxAmount>
                     <cac:TaxCategory>
                        <cbc:ID schemeID="UNCL5305">S</cbc:ID>
                        <cbc:Percent>21.00</cbc:Percent>
                        <cac:TaxScheme>
                           <cbc:ID>VAT</cbc:ID>
                        </cac:TaxScheme>
                     </cac:TaxCategory>
                  </cac:TaxSubtotal>
               </cac:TaxTotal>
               <cac:LegalMonetaryTotal>
                  <cbc:LineExtensionAmount currencyID="EUR">100.00</cbc:LineExtensionAmount>
                  <cbc:TaxExclusiveAmount currencyID="EUR">100.00</cbc:TaxExclusiveAmount>
                  <cbc:TaxInclusiveAmount currencyID="EUR">121.00</cbc:TaxInclusiveAmount>
                  <cbc:PayableAmount currencyID="EUR">121.00</cbc:PayableAmount>
               </cac:LegalMonetaryTotal>
               <cac:InvoiceLine>
                  <cbc:ID>1</cbc:ID>
                  <cbc:InvoicedQuantity unitCode="NAR" unitCodeListID="UNECERec20">1.00</cbc:InvoicedQuantity>
                  <cbc:LineExtensionAmount currencyID="EUR">100.00</cbc:LineExtensionAmount>
                  <cac:TaxTotal>
                     <cbc:TaxAmount currencyID="EUR">21.00</cbc:TaxAmount>
                  </cac:TaxTotal>
                  <cac:Item>
                     <cbc:Description>Line1 description - may be long</cbc:Description>
                     <cbc:Name>Line1max50char</cbc:Name>
                     <cac:ClassifiedTaxCategory>
                        <cbc:ID schemeID="UNCL5305">S</cbc:ID>
                        <cbc:Percent>21.00</cbc:Percent>
                        <cac:TaxScheme>
                           <cbc:ID>VAT</cbc:ID>
                        </cac:TaxScheme>
                     </cac:ClassifiedTaxCategory>
                  </cac:Item>
                  <cac:Price>
                     <cbc:PriceAmount currencyID="EUR">100.00</cbc:PriceAmount>
                     <cbc:BaseQuantity>1.00</cbc:BaseQuantity>
                  </cac:Price>
               </cac:InvoiceLine>
            </Invoice>
            </v12:document>
         </v2:request>
      </v2:submitDocumentRequest>
   </soapenv:Body>
</soapenv:Envelope>]]></con:request><con:assertion type="SOAP Fault Assertion" id="53083c23-31c8-4b8d-a82a-9fe1a768e170" name="Not SOAP Fault"/><con:assertion type="SOAP Response" id="50c63f80-3772-44b7-8561-5c5a8d42f7a9" name="SOAP Response"/><con:assertion type="Schema Compliance" id="edfdbb21-6424-47e2-ad77-dd8d07a69438" name="Schema Compliance"><con:configuration/></con:assertion><con:wsaConfig action="http://fidus.brussels/services/invoiceservice/submitDocument"/></con:request></con:config></con:testStep><con:testStep type="request" id="6bcf57dd-fef1-4842-8a79-1d831ef0a654" name="testcase3 - Test - LB - Request"><con:settings/><con:config xsi:type="con:RequestStep" xmlns:xsi="http://www.w3.org/2001/XMLSchema-instance"><con:interface>InvoiceServiceHTTPBinding</con:interface><con:operation>submitDocument</con:operation><con:request name="testcase3 - Test - LB - Request" id="9342c298-8f21-4526-b1ad-c4e326e359b6" outgoingWss="Outflow TEST"><con:settings/><con:encoding>UTF-8</con:encoding><con:endpoint>https://esb-security-gw.sta.srv.cirb.lan:8443/services/InvoiceService_v2.0</con:endpoint><con:request><![CDATA[<soapenv:Envelope xmlns:soapenv="http://schemas.xmlsoap.org/soap/envelope/" xmlns:v2="http://fidus.brussels/service/invoiceservice/messages/v2.0" xmlns:v1="http://fidus.brussels/service/invoiceservice/messages/v1.2" xmlns:v11="http://fidus.brussels/type/common/messages/v1" xmlns:urn="urn:oasis:names:specification:ubl:schema:xsd:ApplicationResponse-2" xmlns:urn1="urn:oasis:names:specification:ubl:schema:xsd:CommonExtensionComponents-2" xmlns:urn2="urn:oasis:names:specification:ubl:schema:xsd:CommonBasicComponents-2" xmlns:urn3="urn:oasis:names:specification:ubl:schema:xsd:CommonAggregateComponents-2">
   <soapenv:Header/>
   <soapenv:Body>
      <v2:submitDocumentRequest>
         <v2:messageContext>
            <v11:messageId>?</v11:messageId>
         </v2:messageContext>
         <v2:legalContext>ServiceIntegrator</v2:legalContext>
         <v2:request>
            <v12:document xmlns:v12="http://fsb.belgium.be/einvoicing/simpleprior/v1_00">                
            <Invoice xmlns="urn:oasis:names:specification:ubl:schema:xsd:Invoice-2"
                    xmlns:cbc="urn:oasis:names:specification:ubl:schema:xsd:CommonBasicComponents-2"
                    xmlns:cac="urn:oasis:names:specification:ubl:schema:xsd:CommonAggregateComponents-2">
               <cbc:UBLVersionID>2.1</cbc:UBLVersionID>
               <cbc:CustomizationID>urn:www.cenbii.eu:transaction:biitrns010:ver2.0:extended:urn:www.peppol.eu:bis:peppol5a:ver2.0</cbc:CustomizationID>
               <cbc:ProfileID>urn:www.cenbii.eu:profile:bii05:ver2.0</cbc:ProfileID>
               <cbc:ID>118120479086FAKNOV-13-5B</cbc:ID>
               <cbc:IssueDate>2018-06-12</cbc:IssueDate>
               <cbc:InvoiceTypeCode listID="UNCL1001">380</cbc:InvoiceTypeCode>
               <cbc:DocumentCurrencyCode listID="ISO4217">EUR</cbc:DocumentCurrencyCode>
               <cac:AccountingSupplierParty>
                  <cac:Party>
                     <cac:PartyIdentification>
                        <cbc:ID schemeID="BE:CBE">0200013901</cbc:ID>
                     </cac:PartyIdentification>
                     <cac:PartyName>
                        <cbc:Name>ACME</cbc:Name>
                     </cac:PartyName>
                     <cac:PostalAddress>
                        <cbc:StreetName>Simon Bolivarlaan 30/9</cbc:StreetName>
                        <cbc:CityName>BRUSSEL</cbc:CityName>
                        <cbc:PostalZone>1000</cbc:PostalZone>
                        <cac:Country>
                           <cbc:IdentificationCode listID="ISO3166-1:Alpha2">BE</cbc:IdentificationCode>
                        </cac:Country>
                     </cac:PostalAddress>
                     <cac:PartyTaxScheme>
                        <cbc:CompanyID schemeID="BE:VAT">BE0200013901</cbc:CompanyID>
                        <cac:TaxScheme>
                           <cbc:ID>VAT</cbc:ID>
                        </cac:TaxScheme>
                     </cac:PartyTaxScheme>
                     <cac:PartyLegalEntity>
                        <cbc:RegistrationName>D.W. Soft bvba</cbc:RegistrationName>
                        <cbc:CompanyID schemeID="BE:CBE">0200013901</cbc:CompanyID>
                     </cac:PartyLegalEntity>
                     <cac:Contact>
                        <cbc:ElectronicMail>dirk.willekens@dwsoft.be</cbc:ElectronicMail>
                     </cac:Contact>
                  </cac:Party>
               </cac:AccountingSupplierParty>
               <cac:AccountingCustomerParty>
                  <cac:Party>
                     <cac:PartyIdentification>
                        <cbc:ID schemeID="BE:CBE">2222222222</cbc:ID>
                     </cac:PartyIdentification>
                     <cac:PartyName>
                        <cbc:Name>Fake customer</cbc:Name>
                     </cac:PartyName>
                     <cac:PostalAddress>
                        <cbc:StreetName>Simon Bolivarlaan 34</cbc:StreetName>
                        <cbc:CityName>ANTWERPEN</cbc:CityName>
                        <cbc:PostalZone>2000</cbc:PostalZone>
                        <cac:Country>
                           <cbc:IdentificationCode listID="ISO3166-1:Alpha2">BE</cbc:IdentificationCode>
                        </cac:Country>
                     </cac:PostalAddress>
                     <cac:PartyTaxScheme>
                        <cbc:CompanyID schemeID="BE:VAT">BE2222222222</cbc:CompanyID>
                        <cac:TaxScheme>
                           <cbc:ID>VAT</cbc:ID>
                        </cac:TaxScheme>
                     </cac:PartyTaxScheme>
                     <cac:PartyLegalEntity>
                        <cbc:RegistrationName>Fake Customer</cbc:RegistrationName>
                        <cbc:CompanyID schemeID="BE:CBE">2222222222</cbc:CompanyID>
                     </cac:PartyLegalEntity>
                  </cac:Party>
               </cac:AccountingCustomerParty>
               <cac:PaymentMeans>
                  <cbc:PaymentMeansCode listID="UNCL4461">1</cbc:PaymentMeansCode>
                  <cbc:PaymentDueDate>2018-05-31</cbc:PaymentDueDate>
                  <cbc:PaymentChannelCode>IBAN</cbc:PaymentChannelCode>
                  <cbc:InstructionNote>SIMPLE TEST TO FAKE CUSTOMER</cbc:InstructionNote>
                  <cac:PayeeFinancialAccount>
                     <cbc:ID schemeID="IBAN">BE86736009252450</cbc:ID>
                     <cac:FinancialInstitutionBranch>
                        <cac:FinancialInstitution>
                           <cbc:ID schemeID="BIC">KREDBEBB</cbc:ID>
                        </cac:FinancialInstitution>
                     </cac:FinancialInstitutionBranch>
                  </cac:PayeeFinancialAccount>
               </cac:PaymentMeans>
               <cac:TaxTotal>
                  <cbc:TaxAmount currencyID="EUR">21.00</cbc:TaxAmount>
                  <cac:TaxSubtotal>
                     <cbc:TaxableAmount currencyID="EUR">100.00</cbc:TaxableAmount>
                     <cbc:TaxAmount currencyID="EUR">21.00</cbc:TaxAmount>
                     <cac:TaxCategory>
                        <cbc:ID schemeID="UNCL5305">S</cbc:ID>
                        <cbc:Percent>21.00</cbc:Percent>
                        <cac:TaxScheme>
                           <cbc:ID>VAT</cbc:ID>
                        </cac:TaxScheme>
                     </cac:TaxCategory>
                  </cac:TaxSubtotal>
               </cac:TaxTotal>
               <cac:LegalMonetaryTotal>
                  <cbc:LineExtensionAmount currencyID="EUR">100.00</cbc:LineExtensionAmount>
                  <cbc:TaxExclusiveAmount currencyID="EUR">100.00</cbc:TaxExclusiveAmount>
                  <cbc:TaxInclusiveAmount currencyID="EUR">121.00</cbc:TaxInclusiveAmount>
                  <cbc:PayableAmount currencyID="EUR">121.00</cbc:PayableAmount>
               </cac:LegalMonetaryTotal>
               <cac:InvoiceLine>
                  <cbc:ID>1</cbc:ID>
                  <cbc:InvoicedQuantity unitCode="NAR" unitCodeListID="UNECERec20">1.00</cbc:InvoicedQuantity>
                  <cbc:LineExtensionAmount currencyID="EUR">100.00</cbc:LineExtensionAmount>
                  <cac:TaxTotal>
                     <cbc:TaxAmount currencyID="EUR">21.00</cbc:TaxAmount>
                  </cac:TaxTotal>
                  <cac:Item>
                     <cbc:Description>Line1 description - may be long</cbc:Description>
                     <cbc:Name>Line1max50char</cbc:Name>
                     <cac:ClassifiedTaxCategory>
                        <cbc:ID schemeID="UNCL5305">S</cbc:ID>
                        <cbc:Percent>21.00</cbc:Percent>
                        <cac:TaxScheme>
                           <cbc:ID>VAT</cbc:ID>
                        </cac:TaxScheme>
                     </cac:ClassifiedTaxCategory>
                  </cac:Item>
                  <cac:Price>
                     <cbc:PriceAmount currencyID="EUR">100.00</cbc:PriceAmount>
                     <cbc:BaseQuantity>1.00</cbc:BaseQuantity>
                  </cac:Price>
               </cac:InvoiceLine>
            </Invoice>
            </v12:document>
         </v2:request>
      </v2:submitDocumentRequest>
   </soapenv:Body>
</soapenv:Envelope>]]></con:request><con:assertion type="SOAP Fault Assertion" id="2f41ba47-765c-439c-b973-6a1376bbc08b" name="Not SOAP Fault"/><con:assertion type="SOAP Response" id="622cab45-c95c-40ad-bff8-3d87829014f4" name="SOAP Response"/><con:assertion type="Schema Compliance" id="af332f56-3686-4231-aa87-54a0dc13aaeb" name="Schema Compliance"><con:configuration/></con:assertion><con:wsaConfig action="http://fidus.brussels/services/invoiceservice/submitDocument"/></con:request></con:config></con:testStep><con:testStep type="request" id="499ddc94-2f16-4f4b-9020-08465dbaf596" name="testcase3 - Test - Worker1 - Request"><con:settings/><con:config xsi:type="con:RequestStep" xmlns:xsi="http://www.w3.org/2001/XMLSchema-instance"><con:interface>InvoiceServiceHTTPBinding</con:interface><con:operation>submitDocument</con:operation><con:request name="testcase3 - Test - Worker1 - Request" id="23ea3d30-4ede-4478-bbbc-6e58e05397b4" outgoingWss="Outflow TEST"><con:settings/><con:encoding>UTF-8</con:encoding><con:endpoint>https://192.168.24.45:8443/services/InvoiceService_v2.0</con:endpoint><con:request><![CDATA[<soapenv:Envelope xmlns:soapenv="http://schemas.xmlsoap.org/soap/envelope/" xmlns:v2="http://fidus.brussels/service/invoiceservice/messages/v2.0" xmlns:v1="http://fidus.brussels/service/invoiceservice/messages/v1.2" xmlns:v11="http://fidus.brussels/type/common/messages/v1" xmlns:urn="urn:oasis:names:specification:ubl:schema:xsd:ApplicationResponse-2" xmlns:urn1="urn:oasis:names:specification:ubl:schema:xsd:CommonExtensionComponents-2" xmlns:urn2="urn:oasis:names:specification:ubl:schema:xsd:CommonBasicComponents-2" xmlns:urn3="urn:oasis:names:specification:ubl:schema:xsd:CommonAggregateComponents-2">
   <soapenv:Header/>
   <soapenv:Body>
      <v2:submitDocumentRequest>
         <v2:messageContext>
            <v11:messageId>?</v11:messageId>
         </v2:messageContext>
         <v2:legalContext>ServiceIntegrator</v2:legalContext>
         <v2:request>
            <v12:document xmlns:v12="http://fsb.belgium.be/einvoicing/simpleprior/v1_00">                
            <Invoice xmlns="urn:oasis:names:specification:ubl:schema:xsd:Invoice-2"
                    xmlns:cbc="urn:oasis:names:specification:ubl:schema:xsd:CommonBasicComponents-2"
                    xmlns:cac="urn:oasis:names:specification:ubl:schema:xsd:CommonAggregateComponents-2">
               <cbc:UBLVersionID>2.1</cbc:UBLVersionID>
               <cbc:CustomizationID>urn:www.cenbii.eu:transaction:biitrns010:ver2.0:extended:urn:www.peppol.eu:bis:peppol5a:ver2.0</cbc:CustomizationID>
               <cbc:ProfileID>urn:www.cenbii.eu:profile:bii05:ver2.0</cbc:ProfileID>
               <cbc:ID>118120479086FAKNOV-13-5B</cbc:ID>
               <cbc:IssueDate>2018-06-12</cbc:IssueDate>
               <cbc:InvoiceTypeCode listID="UNCL1001">380</cbc:InvoiceTypeCode>
               <cbc:DocumentCurrencyCode listID="ISO4217">EUR</cbc:DocumentCurrencyCode>
               <cac:AccountingSupplierParty>
                  <cac:Party>
                     <cac:PartyIdentification>
                        <cbc:ID schemeID="BE:CBE">0200013901</cbc:ID>
                     </cac:PartyIdentification>
                     <cac:PartyName>
                        <cbc:Name>ACME</cbc:Name>
                     </cac:PartyName>
                     <cac:PostalAddress>
                        <cbc:StreetName>Simon Bolivarlaan 30/9</cbc:StreetName>
                        <cbc:CityName>BRUSSEL</cbc:CityName>
                        <cbc:PostalZone>1000</cbc:PostalZone>
                        <cac:Country>
                           <cbc:IdentificationCode listID="ISO3166-1:Alpha2">BE</cbc:IdentificationCode>
                        </cac:Country>
                     </cac:PostalAddress>
                     <cac:PartyTaxScheme>
                        <cbc:CompanyID schemeID="BE:VAT">BE0200013901</cbc:CompanyID>
                        <cac:TaxScheme>
                           <cbc:ID>VAT</cbc:ID>
                        </cac:TaxScheme>
                     </cac:PartyTaxScheme>
                     <cac:PartyLegalEntity>
                        <cbc:RegistrationName>D.W. Soft bvba</cbc:RegistrationName>
                        <cbc:CompanyID schemeID="BE:CBE">0200013901</cbc:CompanyID>
                     </cac:PartyLegalEntity>
                     <cac:Contact>
                        <cbc:ElectronicMail>dirk.willekens@dwsoft.be</cbc:ElectronicMail>
                     </cac:Contact>
                  </cac:Party>
               </cac:AccountingSupplierParty>
               <cac:AccountingCustomerParty>
                  <cac:Party>
                     <cac:PartyIdentification>
                        <cbc:ID schemeID="BE:CBE">2222222222</cbc:ID>
                     </cac:PartyIdentification>
                     <cac:PartyName>
                        <cbc:Name>Fake customer</cbc:Name>
                     </cac:PartyName>
                     <cac:PostalAddress>
                        <cbc:StreetName>Simon Bolivarlaan 34</cbc:StreetName>
                        <cbc:CityName>ANTWERPEN</cbc:CityName>
                        <cbc:PostalZone>2000</cbc:PostalZone>
                        <cac:Country>
                           <cbc:IdentificationCode listID="ISO3166-1:Alpha2">BE</cbc:IdentificationCode>
                        </cac:Country>
                     </cac:PostalAddress>
                     <cac:PartyTaxScheme>
                        <cbc:CompanyID schemeID="BE:VAT">BE2222222222</cbc:CompanyID>
                        <cac:TaxScheme>
                           <cbc:ID>VAT</cbc:ID>
                        </cac:TaxScheme>
                     </cac:PartyTaxScheme>
                     <cac:PartyLegalEntity>
                        <cbc:RegistrationName>Fake Customer</cbc:RegistrationName>
                        <cbc:CompanyID schemeID="BE:CBE">2222222222</cbc:CompanyID>
                     </cac:PartyLegalEntity>
                  </cac:Party>
               </cac:AccountingCustomerParty>
               <cac:PaymentMeans>
                  <cbc:PaymentMeansCode listID="UNCL4461">1</cbc:PaymentMeansCode>
                  <cbc:PaymentDueDate>2018-05-31</cbc:PaymentDueDate>
                  <cbc:PaymentChannelCode>IBAN</cbc:PaymentChannelCode>
                  <cbc:InstructionNote>SIMPLE TEST TO FAKE CUSTOMER</cbc:InstructionNote>
                  <cac:PayeeFinancialAccount>
                     <cbc:ID schemeID="IBAN">BE86736009252450</cbc:ID>
                     <cac:FinancialInstitutionBranch>
                        <cac:FinancialInstitution>
                           <cbc:ID schemeID="BIC">KREDBEBB</cbc:ID>
                        </cac:FinancialInstitution>
                     </cac:FinancialInstitutionBranch>
                  </cac:PayeeFinancialAccount>
               </cac:PaymentMeans>
               <cac:TaxTotal>
                  <cbc:TaxAmount currencyID="EUR">21.00</cbc:TaxAmount>
                  <cac:TaxSubtotal>
                     <cbc:TaxableAmount currencyID="EUR">100.00</cbc:TaxableAmount>
                     <cbc:TaxAmount currencyID="EUR">21.00</cbc:TaxAmount>
                     <cac:TaxCategory>
                        <cbc:ID schemeID="UNCL5305">S</cbc:ID>
                        <cbc:Percent>21.00</cbc:Percent>
                        <cac:TaxScheme>
                           <cbc:ID>VAT</cbc:ID>
                        </cac:TaxScheme>
                     </cac:TaxCategory>
                  </cac:TaxSubtotal>
               </cac:TaxTotal>
               <cac:LegalMonetaryTotal>
                  <cbc:LineExtensionAmount currencyID="EUR">100.00</cbc:LineExtensionAmount>
                  <cbc:TaxExclusiveAmount currencyID="EUR">100.00</cbc:TaxExclusiveAmount>
                  <cbc:TaxInclusiveAmount currencyID="EUR">121.00</cbc:TaxInclusiveAmount>
                  <cbc:PayableAmount currencyID="EUR">121.00</cbc:PayableAmount>
               </cac:LegalMonetaryTotal>
               <cac:InvoiceLine>
                  <cbc:ID>1</cbc:ID>
                  <cbc:InvoicedQuantity unitCode="NAR" unitCodeListID="UNECERec20">1.00</cbc:InvoicedQuantity>
                  <cbc:LineExtensionAmount currencyID="EUR">100.00</cbc:LineExtensionAmount>
                  <cac:TaxTotal>
                     <cbc:TaxAmount currencyID="EUR">21.00</cbc:TaxAmount>
                  </cac:TaxTotal>
                  <cac:Item>
                     <cbc:Description>Line1 description - may be long</cbc:Description>
                     <cbc:Name>Line1max50char</cbc:Name>
                     <cac:ClassifiedTaxCategory>
                        <cbc:ID schemeID="UNCL5305">S</cbc:ID>
                        <cbc:Percent>21.00</cbc:Percent>
                        <cac:TaxScheme>
                           <cbc:ID>VAT</cbc:ID>
                        </cac:TaxScheme>
                     </cac:ClassifiedTaxCategory>
                  </cac:Item>
                  <cac:Price>
                     <cbc:PriceAmount currencyID="EUR">100.00</cbc:PriceAmount>
                     <cbc:BaseQuantity>1.00</cbc:BaseQuantity>
                  </cac:Price>
               </cac:InvoiceLine>
            </Invoice>
            </v12:document>
         </v2:request>
      </v2:submitDocumentRequest>
   </soapenv:Body>
</soapenv:Envelope>]]></con:request><con:assertion type="SOAP Fault Assertion" id="7a5813da-dd6a-4243-b47f-fa4879cdac63" name="Not SOAP Fault"/><con:assertion type="SOAP Response" id="0817a758-9d3f-4543-ae41-46db3686e43d" name="SOAP Response"/><con:assertion type="Schema Compliance" id="9dcb5557-a10c-4e79-8a7b-63c55cb86ac7" name="Schema Compliance"><con:configuration/></con:assertion><con:wsaConfig action="http://fidus.brussels/services/invoiceservice/submitDocument"/></con:request></con:config></con:testStep><con:testStep type="request" id="6f5ee979-e3dc-4f01-8430-a770fd2f8a63" name="testcase3 - Test - Worker2 - Request"><con:settings/><con:config xsi:type="con:RequestStep" xmlns:xsi="http://www.w3.org/2001/XMLSchema-instance"><con:interface>InvoiceServiceHTTPBinding</con:interface><con:operation>submitDocument</con:operation><con:request name="testcase3 - Test - Worker2 - Request" id="ad8e681c-545d-492f-a204-244a1c96a953" outgoingWss="Outflow TEST"><con:settings/><con:encoding>UTF-8</con:encoding><con:endpoint>https://192.168.24.51:8443/services/InvoiceService_v2.0</con:endpoint><con:request><![CDATA[<soapenv:Envelope xmlns:soapenv="http://schemas.xmlsoap.org/soap/envelope/" xmlns:v2="http://fidus.brussels/service/invoiceservice/messages/v2.0" xmlns:v1="http://fidus.brussels/service/invoiceservice/messages/v1.2" xmlns:v11="http://fidus.brussels/type/common/messages/v1" xmlns:urn="urn:oasis:names:specification:ubl:schema:xsd:ApplicationResponse-2" xmlns:urn1="urn:oasis:names:specification:ubl:schema:xsd:CommonExtensionComponents-2" xmlns:urn2="urn:oasis:names:specification:ubl:schema:xsd:CommonBasicComponents-2" xmlns:urn3="urn:oasis:names:specification:ubl:schema:xsd:CommonAggregateComponents-2">
   <soapenv:Header/>
   <soapenv:Body>
      <v2:submitDocumentRequest>
         <v2:messageContext>
            <v11:messageId>?</v11:messageId>
         </v2:messageContext>
         <v2:legalContext>ServiceIntegrator</v2:legalContext>
         <v2:request>
            <v12:document xmlns:v12="http://fsb.belgium.be/einvoicing/simpleprior/v1_00">                
            <Invoice xmlns="urn:oasis:names:specification:ubl:schema:xsd:Invoice-2"
                    xmlns:cbc="urn:oasis:names:specification:ubl:schema:xsd:CommonBasicComponents-2"
                    xmlns:cac="urn:oasis:names:specification:ubl:schema:xsd:CommonAggregateComponents-2">
               <cbc:UBLVersionID>2.1</cbc:UBLVersionID>
               <cbc:CustomizationID>urn:www.cenbii.eu:transaction:biitrns010:ver2.0:extended:urn:www.peppol.eu:bis:peppol5a:ver2.0</cbc:CustomizationID>
               <cbc:ProfileID>urn:www.cenbii.eu:profile:bii05:ver2.0</cbc:ProfileID>
               <cbc:ID>118120479086FAKNOV-13-5B</cbc:ID>
               <cbc:IssueDate>2018-06-12</cbc:IssueDate>
               <cbc:InvoiceTypeCode listID="UNCL1001">380</cbc:InvoiceTypeCode>
               <cbc:DocumentCurrencyCode listID="ISO4217">EUR</cbc:DocumentCurrencyCode>
               <cac:AccountingSupplierParty>
                  <cac:Party>
                     <cac:PartyIdentification>
                        <cbc:ID schemeID="BE:CBE">0200013901</cbc:ID>
                     </cac:PartyIdentification>
                     <cac:PartyName>
                        <cbc:Name>ACME</cbc:Name>
                     </cac:PartyName>
                     <cac:PostalAddress>
                        <cbc:StreetName>Simon Bolivarlaan 30/9</cbc:StreetName>
                        <cbc:CityName>BRUSSEL</cbc:CityName>
                        <cbc:PostalZone>1000</cbc:PostalZone>
                        <cac:Country>
                           <cbc:IdentificationCode listID="ISO3166-1:Alpha2">BE</cbc:IdentificationCode>
                        </cac:Country>
                     </cac:PostalAddress>
                     <cac:PartyTaxScheme>
                        <cbc:CompanyID schemeID="BE:VAT">BE0200013901</cbc:CompanyID>
                        <cac:TaxScheme>
                           <cbc:ID>VAT</cbc:ID>
                        </cac:TaxScheme>
                     </cac:PartyTaxScheme>
                     <cac:PartyLegalEntity>
                        <cbc:RegistrationName>D.W. Soft bvba</cbc:RegistrationName>
                        <cbc:CompanyID schemeID="BE:CBE">0200013901</cbc:CompanyID>
                     </cac:PartyLegalEntity>
                     <cac:Contact>
                        <cbc:ElectronicMail>dirk.willekens@dwsoft.be</cbc:ElectronicMail>
                     </cac:Contact>
                  </cac:Party>
               </cac:AccountingSupplierParty>
               <cac:AccountingCustomerParty>
                  <cac:Party>
                     <cac:PartyIdentification>
                        <cbc:ID schemeID="BE:CBE">2222222222</cbc:ID>
                     </cac:PartyIdentification>
                     <cac:PartyName>
                        <cbc:Name>Fake customer</cbc:Name>
                     </cac:PartyName>
                     <cac:PostalAddress>
                        <cbc:StreetName>Simon Bolivarlaan 34</cbc:StreetName>
                        <cbc:CityName>ANTWERPEN</cbc:CityName>
                        <cbc:PostalZone>2000</cbc:PostalZone>
                        <cac:Country>
                           <cbc:IdentificationCode listID="ISO3166-1:Alpha2">BE</cbc:IdentificationCode>
                        </cac:Country>
                     </cac:PostalAddress>
                     <cac:PartyTaxScheme>
                        <cbc:CompanyID schemeID="BE:VAT">BE2222222222</cbc:CompanyID>
                        <cac:TaxScheme>
                           <cbc:ID>VAT</cbc:ID>
                        </cac:TaxScheme>
                     </cac:PartyTaxScheme>
                     <cac:PartyLegalEntity>
                        <cbc:RegistrationName>Fake Customer</cbc:RegistrationName>
                        <cbc:CompanyID schemeID="BE:CBE">2222222222</cbc:CompanyID>
                     </cac:PartyLegalEntity>
                  </cac:Party>
               </cac:AccountingCustomerParty>
               <cac:PaymentMeans>
                  <cbc:PaymentMeansCode listID="UNCL4461">1</cbc:PaymentMeansCode>
                  <cbc:PaymentDueDate>2018-05-31</cbc:PaymentDueDate>
                  <cbc:PaymentChannelCode>IBAN</cbc:PaymentChannelCode>
                  <cbc:InstructionNote>SIMPLE TEST TO FAKE CUSTOMER</cbc:InstructionNote>
                  <cac:PayeeFinancialAccount>
                     <cbc:ID schemeID="IBAN">BE86736009252450</cbc:ID>
                     <cac:FinancialInstitutionBranch>
                        <cac:FinancialInstitution>
                           <cbc:ID schemeID="BIC">KREDBEBB</cbc:ID>
                        </cac:FinancialInstitution>
                     </cac:FinancialInstitutionBranch>
                  </cac:PayeeFinancialAccount>
               </cac:PaymentMeans>
               <cac:TaxTotal>
                  <cbc:TaxAmount currencyID="EUR">21.00</cbc:TaxAmount>
                  <cac:TaxSubtotal>
                     <cbc:TaxableAmount currencyID="EUR">100.00</cbc:TaxableAmount>
                     <cbc:TaxAmount currencyID="EUR">21.00</cbc:TaxAmount>
                     <cac:TaxCategory>
                        <cbc:ID schemeID="UNCL5305">S</cbc:ID>
                        <cbc:Percent>21.00</cbc:Percent>
                        <cac:TaxScheme>
                           <cbc:ID>VAT</cbc:ID>
                        </cac:TaxScheme>
                     </cac:TaxCategory>
                  </cac:TaxSubtotal>
               </cac:TaxTotal>
               <cac:LegalMonetaryTotal>
                  <cbc:LineExtensionAmount currencyID="EUR">100.00</cbc:LineExtensionAmount>
                  <cbc:TaxExclusiveAmount currencyID="EUR">100.00</cbc:TaxExclusiveAmount>
                  <cbc:TaxInclusiveAmount currencyID="EUR">121.00</cbc:TaxInclusiveAmount>
                  <cbc:PayableAmount currencyID="EUR">121.00</cbc:PayableAmount>
               </cac:LegalMonetaryTotal>
               <cac:InvoiceLine>
                  <cbc:ID>1</cbc:ID>
                  <cbc:InvoicedQuantity unitCode="NAR" unitCodeListID="UNECERec20">1.00</cbc:InvoicedQuantity>
                  <cbc:LineExtensionAmount currencyID="EUR">100.00</cbc:LineExtensionAmount>
                  <cac:TaxTotal>
                     <cbc:TaxAmount currencyID="EUR">21.00</cbc:TaxAmount>
                  </cac:TaxTotal>
                  <cac:Item>
                     <cbc:Description>Line1 description - may be long</cbc:Description>
                     <cbc:Name>Line1max50char</cbc:Name>
                     <cac:ClassifiedTaxCategory>
                        <cbc:ID schemeID="UNCL5305">S</cbc:ID>
                        <cbc:Percent>21.00</cbc:Percent>
                        <cac:TaxScheme>
                           <cbc:ID>VAT</cbc:ID>
                        </cac:TaxScheme>
                     </cac:ClassifiedTaxCategory>
                  </cac:Item>
                  <cac:Price>
                     <cbc:PriceAmount currencyID="EUR">100.00</cbc:PriceAmount>
                     <cbc:BaseQuantity>1.00</cbc:BaseQuantity>
                  </cac:Price>
               </cac:InvoiceLine>
            </Invoice>
            </v12:document>
         </v2:request>
      </v2:submitDocumentRequest>
   </soapenv:Body>
</soapenv:Envelope>]]></con:request><con:assertion type="SOAP Fault Assertion" id="1ef14cca-25e1-46e1-b141-be1b5d636b86" name="Not SOAP Fault"/><con:assertion type="SOAP Response" id="546fcd50-a755-49c6-8794-557b6a628320" name="SOAP Response"/><con:assertion type="Schema Compliance" id="389467a4-cdda-457b-87ca-a83053395189" name="Schema Compliance"><con:configuration/></con:assertion><con:wsaConfig action="http://fidus.brussels/services/invoiceservice/submitDocument"/></con:request></con:config></con:testStep><con:properties/></con:testCase><con:testCase id="f02fc95a-a89e-4052-85e7-be60e858a3a6" failOnError="true" failTestCaseOnErrors="true" keepSession="false" maxResults="0" name="submitInboxRequest" searchProperties="true"><con:settings/><con:testStep type="request" id="239087a8-c859-4181-ab68-69be4ce57515" name="testcase3 - Test - External - Request"><con:settings/><con:config xsi:type="con:RequestStep" xmlns:xsi="http://www.w3.org/2001/XMLSchema-instance"><con:interface>InvoiceServiceHTTPBinding</con:interface><con:operation>submitInboxRequest</con:operation><con:request name="testcase3 - Test - External - Request" id="0610d383-78e1-4ae2-a9bc-65212d00824f" outgoingWss="Outflow TEST"><con:settings/><con:encoding>UTF-8</con:encoding><con:endpoint>https://fidus-test.irisnetlab.be/services/InvoiceService_v2.0</con:endpoint><con:request><![CDATA[<soapenv:Envelope xmlns:soapenv="http://schemas.xmlsoap.org/soap/envelope/" xmlns:v2="http://fidus.brussels/service/invoiceservice/messages/v2.0" xmlns:v11="http://fidus.brussels/type/common/messages/v1">
   <soapenv:Header/>
   <soapenv:Body>
      <v2:submitInboxRequestRequest>
         <v2:messageContext>
            <v11:messageId>${=import static java.util.UUID.randomUUID; uuid = randomUUID() as String}</v11:messageId>
            <v11:timestamp>${=new java.text.SimpleDateFormat("yyyy-MM-dd'T'HH:mm:ss.SSS").format(new Date())}</v11:timestamp>
         </v2:messageContext>
         <v2:legalContext>ServiceIntegrator</v2:legalContext>
         <v2:request>
            <v12:receiverId xmlns:v12="http://fsb.belgium.be/einvoicing/simpleprior/v1_00">0463152333</v12:receiverId>
            <v12:senderId xmlns:v12="http://fsb.belgium.be/einvoicing/simpleprior/v1_00">0200013901</v12:senderId>        
         </v2:request>
      </v2:submitInboxRequestRequest>
   </soapenv:Body>
</soapenv:Envelope>]]></con:request><con:assertion type="SOAP Fault Assertion" id="aafb50dc-1380-414d-97a9-f0a78fc64e17" name="Not SOAP Fault"/><con:assertion type="SOAP Response" id="77bb565f-06b0-47f5-b872-4ce1c1953af7" name="SOAP Response"/><con:assertion type="Schema Compliance" id="106e15f9-1cac-4558-b85b-932173bcb8bc" name="Schema Compliance"><con:configuration/></con:assertion><con:wsaConfig action="http://fidus.brussels/services/invoiceservice/submitInboxRequest"/></con:request></con:config></con:testStep><con:testStep type="request" id="cba6cc5a-3d20-4d16-a8d1-c6d904dc594e" name="testcase3 - Test - LB - Request"><con:settings/><con:config xsi:type="con:RequestStep" xmlns:xsi="http://www.w3.org/2001/XMLSchema-instance"><con:interface>InvoiceServiceHTTPBinding</con:interface><con:operation>submitInboxRequest</con:operation><con:request name="testcase3 - Test - LB - Request" id="ef50c68f-2eae-47ca-a996-142fc96e41dc" outgoingWss="Outflow TEST"><con:settings/><con:encoding>UTF-8</con:encoding><con:endpoint>https://esb-security-gw.sta.srv.cirb.lan:8443/services/InvoiceService_v2.0</con:endpoint><con:request><![CDATA[<soapenv:Envelope xmlns:soapenv="http://schemas.xmlsoap.org/soap/envelope/" xmlns:v2="http://fidus.brussels/service/invoiceservice/messages/v2.0" xmlns:v11="http://fidus.brussels/type/common/messages/v1">
   <soapenv:Header/>
   <soapenv:Body>
      <v2:submitInboxRequestRequest>
         <v2:messageContext>
            <v11:messageId>?</v11:messageId>
         </v2:messageContext>
         <v2:legalContext>ServiceIntegrator</v2:legalContext>
         <v2:request>
            <v12:receiverId xmlns:v12="http://fsb.belgium.be/einvoicing/simpleprior/v1_00">2222222222</v12:receiverId>
            <v12:senderId xmlns:v12="http://fsb.belgium.be/einvoicing/simpleprior/v1_00">0200013901</v12:senderId>        
         </v2:request>
      </v2:submitInboxRequestRequest>
   </soapenv:Body>
</soapenv:Envelope>]]></con:request><con:assertion type="SOAP Fault Assertion" id="4d34657d-4102-43f1-b8b1-fbef767f7e9b" name="Not SOAP Fault"/><con:assertion type="SOAP Response" id="ec8a08ce-c48d-4ae1-9ab2-5bba9917536b" name="SOAP Response"/><con:assertion type="Schema Compliance" id="aa2faf1c-cce5-4585-8102-844f8f38c429" name="Schema Compliance"><con:configuration/></con:assertion><con:wsaConfig action="http://fidus.brussels/services/invoiceservice/submitInboxRequest"/></con:request></con:config></con:testStep><con:testStep type="request" id="b43e7fdd-de74-4810-b3c3-d6669843ec8d" name="testcase3 - Test - Worker1 - Request"><con:settings/><con:config xsi:type="con:RequestStep" xmlns:xsi="http://www.w3.org/2001/XMLSchema-instance"><con:interface>InvoiceServiceHTTPBinding</con:interface><con:operation>submitInboxRequest</con:operation><con:request name="testcase3 - Test - Worker1 - Request" id="109c8272-8da9-488f-8aa7-ba528388f358" outgoingWss="Outflow TEST"><con:settings/><con:encoding>UTF-8</con:encoding><con:endpoint>https://192.168.24.45:8443/services/InvoiceService_v2.0</con:endpoint><con:request><![CDATA[<soapenv:Envelope xmlns:soapenv="http://schemas.xmlsoap.org/soap/envelope/" xmlns:v2="http://fidus.brussels/service/invoiceservice/messages/v2.0" xmlns:v11="http://fidus.brussels/type/common/messages/v1">
   <soapenv:Header/>
   <soapenv:Body>
      <v2:submitInboxRequestRequest>
         <v2:messageContext>
            <v11:messageId>?</v11:messageId>
         </v2:messageContext>
         <v2:legalContext>ServiceIntegrator</v2:legalContext>
         <v2:request>
            <v12:receiverId xmlns:v12="http://fsb.belgium.be/einvoicing/simpleprior/v1_00">2222222222</v12:receiverId>
            <v12:senderId xmlns:v12="http://fsb.belgium.be/einvoicing/simpleprior/v1_00">0200013901</v12:senderId>        
         </v2:request>
      </v2:submitInboxRequestRequest>
   </soapenv:Body>
</soapenv:Envelope>]]></con:request><con:assertion type="SOAP Fault Assertion" id="69cd8010-27d4-4244-934c-3a0da218729d" name="Not SOAP Fault"/><con:assertion type="SOAP Response" id="29b515d5-38a4-42ec-b4df-acd96b7a913c" name="SOAP Response"/><con:assertion type="Schema Compliance" id="1de6e5dc-6e3a-4746-abd0-c3a6450558e9" name="Schema Compliance"><con:configuration/></con:assertion><con:wsaConfig action="http://fidus.brussels/services/invoiceservice/submitInboxRequest"/></con:request></con:config></con:testStep><con:testStep type="request" id="48b243ce-2e9f-43a7-81f6-9373dc7918f3" name="testcase3 - Test - Worker2 - Request"><con:settings/><con:config xsi:type="con:RequestStep" xmlns:xsi="http://www.w3.org/2001/XMLSchema-instance"><con:interface>InvoiceServiceHTTPBinding</con:interface><con:operation>submitInboxRequest</con:operation><con:request name="testcase3 - Test - Worker2 - Request" id="d2175d37-fe11-4b05-9eeb-e3e3709a89d4" outgoingWss="Outflow TEST"><con:settings/><con:encoding>UTF-8</con:encoding><con:endpoint>https://192.168.24.51:8443/services/InvoiceService_v2.0</con:endpoint><con:request><![CDATA[<soapenv:Envelope xmlns:soapenv="http://schemas.xmlsoap.org/soap/envelope/" xmlns:v2="http://fidus.brussels/service/invoiceservice/messages/v2.0" xmlns:v11="http://fidus.brussels/type/common/messages/v1">
   <soapenv:Header/>
   <soapenv:Body>
      <v2:submitInboxRequestRequest>
         <v2:messageContext>
            <v11:messageId>?</v11:messageId>
         </v2:messageContext>
         <v2:legalContext>ServiceIntegrator</v2:legalContext>
         <v2:request>
            <v12:receiverId xmlns:v12="http://fsb.belgium.be/einvoicing/simpleprior/v1_00">2222222222</v12:receiverId>
            <v12:senderId xmlns:v12="http://fsb.belgium.be/einvoicing/simpleprior/v1_00">0200013901</v12:senderId>        
         </v2:request>
      </v2:submitInboxRequestRequest>
   </soapenv:Body>
</soapenv:Envelope>]]></con:request><con:assertion type="SOAP Fault Assertion" id="5673fad5-4e33-450a-a44c-3603da5bf79e" name="Not SOAP Fault"/><con:assertion type="SOAP Response" id="d4d11fdc-4062-4887-8a60-0d6d6d33bf21" name="SOAP Response"/><con:assertion type="Schema Compliance" id="771705ed-d694-487b-af80-67a6915c8fb2" name="Schema Compliance"><con:configuration/></con:assertion><con:wsaConfig action="http://fidus.brussels/services/invoiceservice/submitInboxRequest"/></con:request></con:config></con:testStep><con:properties/></con:testCase><con:properties/></con:testSuite><con:testSuite id="e50d9919-72dd-4215-aad9-0fcc5fdd14f1" name="STAG"><con:settings/><con:runType>SEQUENTIAL</con:runType><con:testCase id="bc93c423-504a-4a5c-90f2-b70b74217f41" failOnError="true" failTestCaseOnErrors="true" keepSession="false" maxResults="0" name="markDocument" searchProperties="true"><con:settings/><con:testStep type="request" id="cec520b6-1bc0-4eea-97eb-1f961ed423b4" name="testcase4 - Staging - External - Request"><con:settings/><con:config xsi:type="con:RequestStep" xmlns:xsi="http://www.w3.org/2001/XMLSchema-instance"><con:interface>InvoiceServiceHTTPBinding</con:interface><con:operation>markDocument</con:operation><con:request name="testcase4 - Staging - External - Request" id="cb45d060-2211-418e-9ed3-f6b56b8887aa" outgoingWss="Outflow STAG"><con:settings/><con:encoding>UTF-8</con:encoding><con:endpoint>https://fidus.irisnetlab.be/services/InvoiceService_v2.0</con:endpoint><con:request><![CDATA[<soapenv:Envelope xmlns:soapenv="http://schemas.xmlsoap.org/soap/envelope/" xmlns:v2="http://fidus.brussels/service/invoiceservice/messages/v2.0" xmlns:v11="http://fidus.brussels/type/common/messages/v1">
   <soapenv:Header/>
   <soapenv:Body>
      <v2:markDocumentRequest>
         <v2:messageContext>
            <v11:messageId>?</v11:messageId>
         </v2:messageContext>
         <v2:legalContext>ServiceIntegrator</v2:legalContext>
         <v2:request>
            <v12:receiverId xmlns:v12="http://fsb.belgium.be/einvoicing/simpleprior/v1_00">2222222222</v12:receiverId>
            <v12:senderId xmlns:v12="http://fsb.belgium.be/einvoicing/simpleprior/v1_00">0200013901</v12:senderId>
            <v12:documentType xmlns:v12="http://fsb.belgium.be/einvoicing/simpleprior/v1_00">380</v12:documentType>
            <v12:documentId xmlns:v12="http://fsb.belgium.be/einvoicing/simpleprior/v1_00">e878b54b-8a82-4bf3-8c8c-37eacdab2589</v12:documentId>         
         </v2:request>
      </v2:markDocumentRequest>
   </soapenv:Body>
</soapenv:Envelope>]]></con:request><con:assertion type="SOAP Fault Assertion" id="7b3c80f7-9276-4c3e-a5e0-2b7658fc5333" name="Not SOAP Fault"/><con:assertion type="SOAP Response" id="b43a542f-5fe2-4da5-9047-7eb55e6ba5f6" name="SOAP Response"/><con:assertion type="Schema Compliance" id="54c59fe8-1854-456e-a46a-c46e1df82967" name="Schema Compliance"><con:configuration/></con:assertion><con:wsaConfig action="http://fidus.brussels/services/invoiceservice/markDocument"/></con:request></con:config></con:testStep><con:testStep type="request" id="02065c10-25c7-471d-a6f5-9ae50598fed0" name="testcase4 - Staging - LB - Request"><con:settings/><con:config xsi:type="con:RequestStep" xmlns:xsi="http://www.w3.org/2001/XMLSchema-instance"><con:interface>InvoiceServiceHTTPBinding</con:interface><con:operation>markDocument</con:operation><con:request name="testcase4 - Staging - LB - Request" id="1ad46b7f-3ec4-46c3-99fb-21a26045ec51" outgoingWss="Outflow STAG"><con:settings/><con:encoding>UTF-8</con:encoding><con:endpoint>https://fidus-esb-sg.sta.srv.cirb.lan:8443/services/InvoiceService_v2.0</con:endpoint><con:request><![CDATA[<soapenv:Envelope xmlns:soapenv="http://schemas.xmlsoap.org/soap/envelope/" xmlns:v2="http://fidus.brussels/service/invoiceservice/messages/v2.0" xmlns:v11="http://fidus.brussels/type/common/messages/v1">
   <soapenv:Header/>
   <soapenv:Body>
      <v2:markDocumentRequest>
         <v2:messageContext>
            <v11:messageId>?</v11:messageId>
         </v2:messageContext>
         <v2:legalContext>ServiceIntegrator</v2:legalContext>
         <v2:request>
            <v12:receiverId xmlns:v12="http://fsb.belgium.be/einvoicing/simpleprior/v1_00">2222222222</v12:receiverId>
            <v12:senderId xmlns:v12="http://fsb.belgium.be/einvoicing/simpleprior/v1_00">0200013901</v12:senderId>
            <v12:documentType xmlns:v12="http://fsb.belgium.be/einvoicing/simpleprior/v1_00">380</v12:documentType>
            <v12:documentId xmlns:v12="http://fsb.belgium.be/einvoicing/simpleprior/v1_00">e878b54b-8a82-4bf3-8c8c-37eacdab2589</v12:documentId>         
         </v2:request>
      </v2:markDocumentRequest>
   </soapenv:Body>
</soapenv:Envelope>]]></con:request><con:assertion type="SOAP Fault Assertion" id="863786a5-3e2d-4aa7-bdfa-61bf51f50351" name="Not SOAP Fault"/><con:assertion type="SOAP Response" id="0c55874d-5a86-4ce2-b132-ba5fa5919959" name="SOAP Response"/><con:assertion type="Schema Compliance" id="28574cd0-1699-458d-98b6-1d763a21ec61" name="Schema Compliance"><con:configuration/></con:assertion><con:wsaConfig action="http://fidus.brussels/services/invoiceservice/markDocument"/></con:request></con:config></con:testStep><con:testStep type="request" id="ce3bd1f2-c843-4b5b-be24-34a4ffaa7ac9" name="testcase4 - Staging - Worker1 - Request"><con:settings/><con:config xsi:type="con:RequestStep" xmlns:xsi="http://www.w3.org/2001/XMLSchema-instance"><con:interface>InvoiceServiceHTTPBinding</con:interface><con:operation>markDocument</con:operation><con:request name="testcase4 - Staging - Worker1 - Request" id="6d582c54-9a0d-4e59-b553-2445426704fd" outgoingWss="Outflow STAG"><con:settings/><con:encoding>UTF-8</con:encoding><con:endpoint>https://192.168.24.57:8443/services/InvoiceService_v2.0</con:endpoint><con:request><![CDATA[<soapenv:Envelope xmlns:soapenv="http://schemas.xmlsoap.org/soap/envelope/" xmlns:v2="http://fidus.brussels/service/invoiceservice/messages/v2.0" xmlns:v11="http://fidus.brussels/type/common/messages/v1">
   <soapenv:Header/>
   <soapenv:Body>
      <v2:markDocumentRequest>
         <v2:messageContext>
            <v11:messageId>?</v11:messageId>
         </v2:messageContext>
         <v2:legalContext>ServiceIntegrator</v2:legalContext>
         <v2:request>
            <v12:receiverId xmlns:v12="http://fsb.belgium.be/einvoicing/simpleprior/v1_00">2222222222</v12:receiverId>
            <v12:senderId xmlns:v12="http://fsb.belgium.be/einvoicing/simpleprior/v1_00">0200013901</v12:senderId>
            <v12:documentType xmlns:v12="http://fsb.belgium.be/einvoicing/simpleprior/v1_00">380</v12:documentType>
            <v12:documentId xmlns:v12="http://fsb.belgium.be/einvoicing/simpleprior/v1_00">e878b54b-8a82-4bf3-8c8c-37eacdab2589</v12:documentId>         
         </v2:request>
      </v2:markDocumentRequest>
   </soapenv:Body>
</soapenv:Envelope>]]></con:request><con:assertion type="SOAP Fault Assertion" id="730cd0e3-54de-49cd-92e3-4ed8fcb50a57" name="Not SOAP Fault"/><con:assertion type="SOAP Response" id="cfa500c7-f9a3-46ef-b800-16bc7022e00e" name="SOAP Response"/><con:assertion type="Schema Compliance" id="8ce44ede-e893-46ea-be20-e77031460a83" name="Schema Compliance"><con:configuration/></con:assertion><con:wsaConfig action="http://fidus.brussels/services/invoiceservice/markDocument"/></con:request></con:config></con:testStep><con:testStep type="request" id="ec2e554e-d54f-4e4a-8df6-e6165f79c30b" name="testcase4 - Staging - Worker2 - Request"><con:settings/><con:config xsi:type="con:RequestStep" xmlns:xsi="http://www.w3.org/2001/XMLSchema-instance"><con:interface>InvoiceServiceHTTPBinding</con:interface><con:operation>markDocument</con:operation><con:request name="testcase4 - Staging - Worker2 - Request" id="c11ceaf2-fa12-4ae8-b4ef-cbd80a6ca4e3" outgoingWss="Outflow STAG"><con:settings/><con:encoding>UTF-8</con:encoding><con:endpoint>https://192.168.24.64:8443/services/InvoiceService_v2.0</con:endpoint><con:request><![CDATA[<soapenv:Envelope xmlns:soapenv="http://schemas.xmlsoap.org/soap/envelope/" xmlns:v2="http://fidus.brussels/service/invoiceservice/messages/v2.0" xmlns:v11="http://fidus.brussels/type/common/messages/v1">
   <soapenv:Header/>
   <soapenv:Body>
      <v2:markDocumentRequest>
         <v2:messageContext>
            <v11:messageId>?</v11:messageId>
         </v2:messageContext>
         <v2:legalContext>ServiceIntegrator</v2:legalContext>
         <v2:request>
            <v12:receiverId xmlns:v12="http://fsb.belgium.be/einvoicing/simpleprior/v1_00">2222222222</v12:receiverId>
            <v12:senderId xmlns:v12="http://fsb.belgium.be/einvoicing/simpleprior/v1_00">0200013901</v12:senderId>
            <v12:documentType xmlns:v12="http://fsb.belgium.be/einvoicing/simpleprior/v1_00">380</v12:documentType>
            <v12:documentId xmlns:v12="http://fsb.belgium.be/einvoicing/simpleprior/v1_00">e878b54b-8a82-4bf3-8c8c-37eacdab2589</v12:documentId>         
         </v2:request>
      </v2:markDocumentRequest>
   </soapenv:Body>
</soapenv:Envelope>]]></con:request><con:assertion type="SOAP Fault Assertion" id="955101ee-1d8f-4f49-a866-4df05cd6d122" name="Not SOAP Fault"/><con:assertion type="SOAP Response" id="231a79fa-17f0-419b-af15-de68ed01378d" name="SOAP Response"/><con:assertion type="Schema Compliance" id="125f38f5-8833-4f56-95d6-3183ee0f9d5e" name="Schema Compliance"><con:configuration/></con:assertion><con:wsaConfig action="http://fidus.brussels/services/invoiceservice/markDocument"/></con:request></con:config></con:testStep><con:properties/></con:testCase><con:testCase id="4d059770-4854-45d8-bd47-d4ca5fc1bb17" failOnError="true" failTestCaseOnErrors="true" keepSession="false" maxResults="0" name="retrieveDocument" searchProperties="true"><con:settings/><con:testStep type="request" id="127326ce-9a10-44fa-b057-ddc3716e4157" name="testcase4 - Staging - External - Request"><con:settings/><con:config xsi:type="con:RequestStep" xmlns:xsi="http://www.w3.org/2001/XMLSchema-instance"><con:interface>InvoiceServiceHTTPBinding</con:interface><con:operation>retrieveDocument</con:operation><con:request name="testcase4 - Staging - External - Request" id="f02788fc-d8fe-4100-964d-0d79041a65f9" outgoingWss="Outflow STAG"><con:settings/><con:encoding>UTF-8</con:encoding><con:endpoint>https://fidus.irisnetlab.be/services/InvoiceService_v2.0</con:endpoint><con:request><![CDATA[<soapenv:Envelope xmlns:soapenv="http://schemas.xmlsoap.org/soap/envelope/" xmlns:v2="http://fidus.brussels/service/invoiceservice/messages/v2.0" xmlns:v11="http://fidus.brussels/type/common/messages/v1">
   <soapenv:Header/>
   <soapenv:Body>
      <v2:retrieveDocumentRequest>
         <v2:messageContext>
            <v11:messageId>?</v11:messageId>
         </v2:messageContext>
         <v2:legalContext>ServiceIntegrator</v2:legalContext>
         <v2:request>
            <v12:receiverId xmlns:v12="http://fsb.belgium.be/einvoicing/simpleprior/v1_00">0463152333</v12:receiverId>
            <v12:senderId xmlns:v12="http://fsb.belgium.be/einvoicing/simpleprior/v1_00">0200013901</v12:senderId>
            <v12:documentType xmlns:v12="http://fsb.belgium.be/einvoicing/simpleprior/v1_00">380</v12:documentType>
            <v12:documentId xmlns:v12="http://fsb.belgium.be/einvoicing/simpleprior/v1_00">118120479086FAKDEC-20-5B</v12:documentId>         
         </v2:request>
      </v2:retrieveDocumentRequest>
   </soapenv:Body>
</soapenv:Envelope>]]></con:request><con:assertion type="SOAP Fault Assertion" id="7ee66552-7b65-415b-89b6-ee0b461aa321" name="Not SOAP Fault"/><con:assertion type="SOAP Response" id="d5887500-4e02-41e6-a6e1-f64ca94e4469" name="SOAP Response"/><con:assertion type="Schema Compliance" id="325d7854-5244-4734-baa6-43888d0362e3" name="Schema Compliance"><con:configuration/></con:assertion><con:wsaConfig action="http://fidus.brussels/services/invoiceservice/retrieveDocument"/></con:request></con:config></con:testStep><con:testStep type="request" id="213b35a1-5b7a-4d71-8220-636eac7eeee9" name="testcase4 - Staging - LB - Request"><con:settings/><con:config xsi:type="con:RequestStep" xmlns:xsi="http://www.w3.org/2001/XMLSchema-instance"><con:interface>InvoiceServiceHTTPBinding</con:interface><con:operation>retrieveDocument</con:operation><con:request name="testcase4 - Staging - LB - Request" id="b77861b9-3bf0-4206-8e91-b48fdf146201" outgoingWss="Outflow STAG"><con:settings/><con:encoding>UTF-8</con:encoding><con:endpoint>https://fidus-esb-sg.sta.srv.cirb.lan:8443/services/InvoiceService_v2.0</con:endpoint><con:request><![CDATA[<soapenv:Envelope xmlns:soapenv="http://schemas.xmlsoap.org/soap/envelope/" xmlns:v2="http://fidus.brussels/service/invoiceservice/messages/v2.0" xmlns:v11="http://fidus.brussels/type/common/messages/v1">
   <soapenv:Header/>
   <soapenv:Body>
      <v2:retrieveDocumentRequest>
         <v2:messageContext>
            <v11:messageId>?</v11:messageId>
         </v2:messageContext>
         <v2:legalContext>ServiceIntegrator</v2:legalContext>
         <v2:request>
            <v12:receiverId xmlns:v12="http://fsb.belgium.be/einvoicing/simpleprior/v1_00">0463152333</v12:receiverId>
            <v12:senderId xmlns:v12="http://fsb.belgium.be/einvoicing/simpleprior/v1_00">0200013901</v12:senderId>
            <v12:documentType xmlns:v12="http://fsb.belgium.be/einvoicing/simpleprior/v1_00">380</v12:documentType>
            <v12:documentId xmlns:v12="http://fsb.belgium.be/einvoicing/simpleprior/v1_00">118120479086FAKDEC-20-5B</v12:documentId>         
         </v2:request>
      </v2:retrieveDocumentRequest>
   </soapenv:Body>
</soapenv:Envelope>]]></con:request><con:assertion type="SOAP Fault Assertion" id="274a9357-5e18-4e03-a8cd-64aae5bf8523" name="Not SOAP Fault"/><con:assertion type="SOAP Response" id="506a1f40-5901-46b3-ac6a-d5c555ccf155" name="SOAP Response"/><con:assertion type="Schema Compliance" id="7cf15138-9d77-4304-8bea-26ad9505cf2c" name="Schema Compliance"><con:configuration/></con:assertion><con:wsaConfig action="http://fidus.brussels/services/invoiceservice/retrieveDocument"/></con:request></con:config></con:testStep><con:testStep type="request" id="a571edd8-1812-4c05-b08c-3dbbcb9527b5" name="testcase4 - Staging - Worker1 - Request"><con:settings/><con:config xsi:type="con:RequestStep" xmlns:xsi="http://www.w3.org/2001/XMLSchema-instance"><con:interface>InvoiceServiceHTTPBinding</con:interface><con:operation>retrieveDocument</con:operation><con:request name="testcase4 - Staging - Worker1 - Request" id="7ea1c48a-dc0e-4375-adb7-8d8b48c6a7b0" outgoingWss="Outflow STAG"><con:settings/><con:encoding>UTF-8</con:encoding><con:endpoint>https://192.168.24.57:8443/services/InvoiceService_v2.0</con:endpoint><con:request><![CDATA[<soapenv:Envelope xmlns:soapenv="http://schemas.xmlsoap.org/soap/envelope/" xmlns:v2="http://fidus.brussels/service/invoiceservice/messages/v2.0" xmlns:v11="http://fidus.brussels/type/common/messages/v1">
   <soapenv:Header/>
   <soapenv:Body>
      <v2:retrieveDocumentRequest>
         <v2:messageContext>
            <v11:messageId>?</v11:messageId>
         </v2:messageContext>
         <v2:legalContext>ServiceIntegrator</v2:legalContext>
         <v2:request>
            <v12:receiverId xmlns:v12="http://fsb.belgium.be/einvoicing/simpleprior/v1_00">0463152333</v12:receiverId>
            <v12:senderId xmlns:v12="http://fsb.belgium.be/einvoicing/simpleprior/v1_00">0200013901</v12:senderId>
            <v12:documentType xmlns:v12="http://fsb.belgium.be/einvoicing/simpleprior/v1_00">380</v12:documentType>
            <v12:documentId xmlns:v12="http://fsb.belgium.be/einvoicing/simpleprior/v1_00">118120479086FAKDEC-20-5B</v12:documentId>         
         </v2:request>
      </v2:retrieveDocumentRequest>
   </soapenv:Body>
</soapenv:Envelope>]]></con:request><con:assertion type="SOAP Fault Assertion" id="aa8409ab-dca0-4fd1-b1af-4ef8c109264f" name="Not SOAP Fault"/><con:assertion type="SOAP Response" id="43759c26-2f2b-42f0-bd60-c02fa5f2f216" name="SOAP Response"/><con:assertion type="Schema Compliance" id="ad4fa965-d9af-43d9-ab98-514501728c7c" name="Schema Compliance"><con:configuration/></con:assertion><con:wsaConfig action="http://fidus.brussels/services/invoiceservice/retrieveDocument"/></con:request></con:config></con:testStep><con:testStep type="request" id="650c9600-cd64-41f3-ba3b-342361afe4fe" name="testcase4 - Staging - Worker2 - Request"><con:settings/><con:config xsi:type="con:RequestStep" xmlns:xsi="http://www.w3.org/2001/XMLSchema-instance"><con:interface>InvoiceServiceHTTPBinding</con:interface><con:operation>retrieveDocument</con:operation><con:request name="testcase4 - Staging - Worker2 - Request" id="3b914ecc-7de2-4ac3-b644-b7b82a58dd6f" outgoingWss="Outflow STAG"><con:settings/><con:encoding>UTF-8</con:encoding><con:endpoint>https://192.168.24.64:8443/services/InvoiceService_v2.0</con:endpoint><con:request><![CDATA[<soapenv:Envelope xmlns:soapenv="http://schemas.xmlsoap.org/soap/envelope/" xmlns:v2="http://fidus.brussels/service/invoiceservice/messages/v2.0" xmlns:v11="http://fidus.brussels/type/common/messages/v1">
   <soapenv:Header/>
   <soapenv:Body>
      <v2:retrieveDocumentRequest>
         <v2:messageContext>
            <v11:messageId>?</v11:messageId>
         </v2:messageContext>
         <v2:legalContext>ServiceIntegrator</v2:legalContext>
         <v2:request>
            <v12:receiverId xmlns:v12="http://fsb.belgium.be/einvoicing/simpleprior/v1_00">0463152333</v12:receiverId>
            <v12:senderId xmlns:v12="http://fsb.belgium.be/einvoicing/simpleprior/v1_00">0200013901</v12:senderId>
            <v12:documentType xmlns:v12="http://fsb.belgium.be/einvoicing/simpleprior/v1_00">380</v12:documentType>
            <v12:documentId xmlns:v12="http://fsb.belgium.be/einvoicing/simpleprior/v1_00">118120479086FAKDEC-20-5B</v12:documentId>         
         </v2:request>
      </v2:retrieveDocumentRequest>
   </soapenv:Body>
</soapenv:Envelope>]]></con:request><con:assertion type="SOAP Fault Assertion" id="ad3b3702-7558-4548-b680-f97851494132" name="Not SOAP Fault"/><con:assertion type="SOAP Response" id="3fa3ca50-299e-4d6e-818d-491ff4af7ee4" name="SOAP Response"/><con:assertion type="Schema Compliance" id="bef2ef98-41d0-4b5c-a29b-a6c76fb7dc7a" name="Schema Compliance"><con:configuration/></con:assertion><con:wsaConfig action="http://fidus.brussels/services/invoiceservice/retrieveDocument"/></con:request></con:config></con:testStep><con:properties/></con:testCase><con:testCase id="24a86e6f-3359-48fb-af1f-24d8ca20955d" failOnError="true" failTestCaseOnErrors="true" keepSession="false" maxResults="0" name="submitDocument" searchProperties="true"><con:settings/><con:testStep type="request" id="75a728b2-b2e6-4549-ad4e-029f47ee010e" name="testcase4 - Staging - External - Request"><con:settings/><con:config xsi:type="con:RequestStep" xmlns:xsi="http://www.w3.org/2001/XMLSchema-instance"><con:interface>InvoiceServiceHTTPBinding</con:interface><con:operation>submitDocument</con:operation><con:request name="testcase4 - Staging - External - Request" id="8bddec90-4c0e-4073-a3bc-26da6e8502e8" outgoingWss="Outflow STAG"><con:settings/><con:encoding>UTF-8</con:encoding><con:endpoint>https://fidus.irisnetlab.be/services/InvoiceService_v2.0</con:endpoint><con:request><![CDATA[<soapenv:Envelope xmlns:soapenv="http://schemas.xmlsoap.org/soap/envelope/" xmlns:v2="http://fidus.brussels/service/invoiceservice/messages/v2.0" xmlns:v1="http://fidus.brussels/service/invoiceservice/messages/v1.2" xmlns:v11="http://fidus.brussels/type/common/messages/v1" xmlns:urn="urn:oasis:names:specification:ubl:schema:xsd:ApplicationResponse-2" xmlns:urn1="urn:oasis:names:specification:ubl:schema:xsd:CommonExtensionComponents-2" xmlns:urn2="urn:oasis:names:specification:ubl:schema:xsd:CommonBasicComponents-2" xmlns:urn3="urn:oasis:names:specification:ubl:schema:xsd:CommonAggregateComponents-2">
   <soapenv:Header/>
   <soapenv:Body>
      <v2:submitDocumentRequest>
         <v2:messageContext>
            <v11:messageId>?</v11:messageId>
         </v2:messageContext>
         <v2:legalContext>ServiceIntegrator</v2:legalContext>
         <v2:request>
            <v12:document xmlns:v12="http://fsb.belgium.be/einvoicing/simpleprior/v1_00">                
            <Invoice xmlns="urn:oasis:names:specification:ubl:schema:xsd:Invoice-2"
                    xmlns:cbc="urn:oasis:names:specification:ubl:schema:xsd:CommonBasicComponents-2"
                    xmlns:cac="urn:oasis:names:specification:ubl:schema:xsd:CommonAggregateComponents-2">
               <cbc:UBLVersionID>2.1</cbc:UBLVersionID>
               <cbc:CustomizationID>urn:www.cenbii.eu:transaction:biitrns010:ver2.0:extended:urn:www.peppol.eu:bis:peppol5a:ver2.0</cbc:CustomizationID>
               <cbc:ProfileID>urn:www.cenbii.eu:profile:bii05:ver2.0</cbc:ProfileID>
               <cbc:ID>118120479086FAKNOV-13-5B</cbc:ID>
               <cbc:IssueDate>2018-06-12</cbc:IssueDate>
               <cbc:InvoiceTypeCode listID="UNCL1001">380</cbc:InvoiceTypeCode>
               <cbc:DocumentCurrencyCode listID="ISO4217">EUR</cbc:DocumentCurrencyCode>
               <cac:AccountingSupplierParty>
                  <cac:Party>
                     <cac:PartyIdentification>
                        <cbc:ID schemeID="BE:CBE">0200013901</cbc:ID>
                     </cac:PartyIdentification>
                     <cac:PartyName>
                        <cbc:Name>ACME</cbc:Name>
                     </cac:PartyName>
                     <cac:PostalAddress>
                        <cbc:StreetName>Simon Bolivarlaan 30/9</cbc:StreetName>
                        <cbc:CityName>BRUSSEL</cbc:CityName>
                        <cbc:PostalZone>1000</cbc:PostalZone>
                        <cac:Country>
                           <cbc:IdentificationCode listID="ISO3166-1:Alpha2">BE</cbc:IdentificationCode>
                        </cac:Country>
                     </cac:PostalAddress>
                     <cac:PartyTaxScheme>
                        <cbc:CompanyID schemeID="BE:VAT">BE0200013901</cbc:CompanyID>
                        <cac:TaxScheme>
                           <cbc:ID>VAT</cbc:ID>
                        </cac:TaxScheme>
                     </cac:PartyTaxScheme>
                     <cac:PartyLegalEntity>
                        <cbc:RegistrationName>D.W. Soft bvba</cbc:RegistrationName>
                        <cbc:CompanyID schemeID="BE:CBE">0200013901</cbc:CompanyID>
                     </cac:PartyLegalEntity>
                     <cac:Contact>
                        <cbc:ElectronicMail>dirk.willekens@dwsoft.be</cbc:ElectronicMail>
                     </cac:Contact>
                  </cac:Party>
               </cac:AccountingSupplierParty>
               <cac:AccountingCustomerParty>
                  <cac:Party>
                     <cac:PartyIdentification>
                        <cbc:ID schemeID="BE:CBE">2222222222</cbc:ID>
                     </cac:PartyIdentification>
                     <cac:PartyName>
                        <cbc:Name>Fake customer</cbc:Name>
                     </cac:PartyName>
                     <cac:PostalAddress>
                        <cbc:StreetName>Simon Bolivarlaan 34</cbc:StreetName>
                        <cbc:CityName>ANTWERPEN</cbc:CityName>
                        <cbc:PostalZone>2000</cbc:PostalZone>
                        <cac:Country>
                           <cbc:IdentificationCode listID="ISO3166-1:Alpha2">BE</cbc:IdentificationCode>
                        </cac:Country>
                     </cac:PostalAddress>
                     <cac:PartyTaxScheme>
                        <cbc:CompanyID schemeID="BE:VAT">BE2222222222</cbc:CompanyID>
                        <cac:TaxScheme>
                           <cbc:ID>VAT</cbc:ID>
                        </cac:TaxScheme>
                     </cac:PartyTaxScheme>
                     <cac:PartyLegalEntity>
                        <cbc:RegistrationName>Fake Customer</cbc:RegistrationName>
                        <cbc:CompanyID schemeID="BE:CBE">2222222222</cbc:CompanyID>
                     </cac:PartyLegalEntity>
                  </cac:Party>
               </cac:AccountingCustomerParty>
               <cac:PaymentMeans>
                  <cbc:PaymentMeansCode listID="UNCL4461">1</cbc:PaymentMeansCode>
                  <cbc:PaymentDueDate>2018-05-31</cbc:PaymentDueDate>
                  <cbc:PaymentChannelCode>IBAN</cbc:PaymentChannelCode>
                  <cbc:InstructionNote>SIMPLE TEST TO FAKE CUSTOMER</cbc:InstructionNote>
                  <cac:PayeeFinancialAccount>
                     <cbc:ID schemeID="IBAN">BE86736009252450</cbc:ID>
                     <cac:FinancialInstitutionBranch>
                        <cac:FinancialInstitution>
                           <cbc:ID schemeID="BIC">KREDBEBB</cbc:ID>
                        </cac:FinancialInstitution>
                     </cac:FinancialInstitutionBranch>
                  </cac:PayeeFinancialAccount>
               </cac:PaymentMeans>
               <cac:TaxTotal>
                  <cbc:TaxAmount currencyID="EUR">21.00</cbc:TaxAmount>
                  <cac:TaxSubtotal>
                     <cbc:TaxableAmount currencyID="EUR">100.00</cbc:TaxableAmount>
                     <cbc:TaxAmount currencyID="EUR">21.00</cbc:TaxAmount>
                     <cac:TaxCategory>
                        <cbc:ID schemeID="UNCL5305">S</cbc:ID>
                        <cbc:Percent>21.00</cbc:Percent>
                        <cac:TaxScheme>
                           <cbc:ID>VAT</cbc:ID>
                        </cac:TaxScheme>
                     </cac:TaxCategory>
                  </cac:TaxSubtotal>
               </cac:TaxTotal>
               <cac:LegalMonetaryTotal>
                  <cbc:LineExtensionAmount currencyID="EUR">100.00</cbc:LineExtensionAmount>
                  <cbc:TaxExclusiveAmount currencyID="EUR">100.00</cbc:TaxExclusiveAmount>
                  <cbc:TaxInclusiveAmount currencyID="EUR">121.00</cbc:TaxInclusiveAmount>
                  <cbc:PayableAmount currencyID="EUR">121.00</cbc:PayableAmount>
               </cac:LegalMonetaryTotal>
               <cac:InvoiceLine>
                  <cbc:ID>1</cbc:ID>
                  <cbc:InvoicedQuantity unitCode="NAR" unitCodeListID="UNECERec20">1.00</cbc:InvoicedQuantity>
                  <cbc:LineExtensionAmount currencyID="EUR">100.00</cbc:LineExtensionAmount>
                  <cac:TaxTotal>
                     <cbc:TaxAmount currencyID="EUR">21.00</cbc:TaxAmount>
                  </cac:TaxTotal>
                  <cac:Item>
                     <cbc:Description>Line1 description - may be long</cbc:Description>
                     <cbc:Name>Line1max50char</cbc:Name>
                     <cac:ClassifiedTaxCategory>
                        <cbc:ID schemeID="UNCL5305">S</cbc:ID>
                        <cbc:Percent>21.00</cbc:Percent>
                        <cac:TaxScheme>
                           <cbc:ID>VAT</cbc:ID>
                        </cac:TaxScheme>
                     </cac:ClassifiedTaxCategory>
                  </cac:Item>
                  <cac:Price>
                     <cbc:PriceAmount currencyID="EUR">100.00</cbc:PriceAmount>
                     <cbc:BaseQuantity>1.00</cbc:BaseQuantity>
                  </cac:Price>
               </cac:InvoiceLine>
            </Invoice>
            </v12:document>
         </v2:request>
      </v2:submitDocumentRequest>
   </soapenv:Body>
</soapenv:Envelope>]]></con:request><con:assertion type="SOAP Fault Assertion" id="2aa66c9b-8f32-4b4c-944f-01699ab6f401" name="Not SOAP Fault"/><con:assertion type="SOAP Response" id="27835b9c-e2e7-4340-ab4d-87b6313f6517" name="SOAP Response"/><con:assertion type="Schema Compliance" id="ab1b11ff-80be-4685-95f5-0d157510ab0a" name="Schema Compliance"><con:configuration/></con:assertion><con:wsaConfig action="http://fidus.brussels/services/invoiceservice/submitDocument"/></con:request></con:config></con:testStep><con:testStep type="request" id="dc186d58-7a32-4643-bfc9-924ad2398473" name="testcase4 - Staging - LB - Request"><con:settings/><con:config xsi:type="con:RequestStep" xmlns:xsi="http://www.w3.org/2001/XMLSchema-instance"><con:interface>InvoiceServiceHTTPBinding</con:interface><con:operation>submitDocument</con:operation><con:request name="testcase4 - Staging - LB - Request" id="3f386c07-4925-495b-964c-6a07fb6c72e9" outgoingWss="Outflow STAG"><con:settings/><con:encoding>UTF-8</con:encoding><con:endpoint>https://fidus-esb-sg.sta.srv.cirb.lan:8443/services/InvoiceService_v2.0</con:endpoint><con:request><![CDATA[<soapenv:Envelope xmlns:soapenv="http://schemas.xmlsoap.org/soap/envelope/" xmlns:v2="http://fidus.brussels/service/invoiceservice/messages/v2.0" xmlns:v1="http://fidus.brussels/service/invoiceservice/messages/v1.2" xmlns:v11="http://fidus.brussels/type/common/messages/v1" xmlns:urn="urn:oasis:names:specification:ubl:schema:xsd:ApplicationResponse-2" xmlns:urn1="urn:oasis:names:specification:ubl:schema:xsd:CommonExtensionComponents-2" xmlns:urn2="urn:oasis:names:specification:ubl:schema:xsd:CommonBasicComponents-2" xmlns:urn3="urn:oasis:names:specification:ubl:schema:xsd:CommonAggregateComponents-2">
   <soapenv:Header/>
   <soapenv:Body>
      <v2:submitDocumentRequest>
         <v2:messageContext>
            <v11:messageId>?</v11:messageId>
         </v2:messageContext>
         <v2:legalContext>ServiceIntegrator</v2:legalContext>
         <v2:request>
            <v12:document xmlns:v12="http://fsb.belgium.be/einvoicing/simpleprior/v1_00">                
            <Invoice xmlns="urn:oasis:names:specification:ubl:schema:xsd:Invoice-2"
                    xmlns:cbc="urn:oasis:names:specification:ubl:schema:xsd:CommonBasicComponents-2"
                    xmlns:cac="urn:oasis:names:specification:ubl:schema:xsd:CommonAggregateComponents-2">
               <cbc:UBLVersionID>2.1</cbc:UBLVersionID>
               <cbc:CustomizationID>urn:www.cenbii.eu:transaction:biitrns010:ver2.0:extended:urn:www.peppol.eu:bis:peppol5a:ver2.0</cbc:CustomizationID>
               <cbc:ProfileID>urn:www.cenbii.eu:profile:bii05:ver2.0</cbc:ProfileID>
               <cbc:ID>118120479086FAKNOV-13-5B</cbc:ID>
               <cbc:IssueDate>2018-06-12</cbc:IssueDate>
               <cbc:InvoiceTypeCode listID="UNCL1001">380</cbc:InvoiceTypeCode>
               <cbc:DocumentCurrencyCode listID="ISO4217">EUR</cbc:DocumentCurrencyCode>
               <cac:AccountingSupplierParty>
                  <cac:Party>
                     <cac:PartyIdentification>
                        <cbc:ID schemeID="BE:CBE">0200013901</cbc:ID>
                     </cac:PartyIdentification>
                     <cac:PartyName>
                        <cbc:Name>ACME</cbc:Name>
                     </cac:PartyName>
                     <cac:PostalAddress>
                        <cbc:StreetName>Simon Bolivarlaan 30/9</cbc:StreetName>
                        <cbc:CityName>BRUSSEL</cbc:CityName>
                        <cbc:PostalZone>1000</cbc:PostalZone>
                        <cac:Country>
                           <cbc:IdentificationCode listID="ISO3166-1:Alpha2">BE</cbc:IdentificationCode>
                        </cac:Country>
                     </cac:PostalAddress>
                     <cac:PartyTaxScheme>
                        <cbc:CompanyID schemeID="BE:VAT">BE0200013901</cbc:CompanyID>
                        <cac:TaxScheme>
                           <cbc:ID>VAT</cbc:ID>
                        </cac:TaxScheme>
                     </cac:PartyTaxScheme>
                     <cac:PartyLegalEntity>
                        <cbc:RegistrationName>D.W. Soft bvba</cbc:RegistrationName>
                        <cbc:CompanyID schemeID="BE:CBE">0200013901</cbc:CompanyID>
                     </cac:PartyLegalEntity>
                     <cac:Contact>
                        <cbc:ElectronicMail>dirk.willekens@dwsoft.be</cbc:ElectronicMail>
                     </cac:Contact>
                  </cac:Party>
               </cac:AccountingSupplierParty>
               <cac:AccountingCustomerParty>
                  <cac:Party>
                     <cac:PartyIdentification>
                        <cbc:ID schemeID="BE:CBE">2222222222</cbc:ID>
                     </cac:PartyIdentification>
                     <cac:PartyName>
                        <cbc:Name>Fake customer</cbc:Name>
                     </cac:PartyName>
                     <cac:PostalAddress>
                        <cbc:StreetName>Simon Bolivarlaan 34</cbc:StreetName>
                        <cbc:CityName>ANTWERPEN</cbc:CityName>
                        <cbc:PostalZone>2000</cbc:PostalZone>
                        <cac:Country>
                           <cbc:IdentificationCode listID="ISO3166-1:Alpha2">BE</cbc:IdentificationCode>
                        </cac:Country>
                     </cac:PostalAddress>
                     <cac:PartyTaxScheme>
                        <cbc:CompanyID schemeID="BE:VAT">BE2222222222</cbc:CompanyID>
                        <cac:TaxScheme>
                           <cbc:ID>VAT</cbc:ID>
                        </cac:TaxScheme>
                     </cac:PartyTaxScheme>
                     <cac:PartyLegalEntity>
                        <cbc:RegistrationName>Fake Customer</cbc:RegistrationName>
                        <cbc:CompanyID schemeID="BE:CBE">2222222222</cbc:CompanyID>
                     </cac:PartyLegalEntity>
                  </cac:Party>
               </cac:AccountingCustomerParty>
               <cac:PaymentMeans>
                  <cbc:PaymentMeansCode listID="UNCL4461">1</cbc:PaymentMeansCode>
                  <cbc:PaymentDueDate>2018-05-31</cbc:PaymentDueDate>
                  <cbc:PaymentChannelCode>IBAN</cbc:PaymentChannelCode>
                  <cbc:InstructionNote>SIMPLE TEST TO FAKE CUSTOMER</cbc:InstructionNote>
                  <cac:PayeeFinancialAccount>
                     <cbc:ID schemeID="IBAN">BE86736009252450</cbc:ID>
                     <cac:FinancialInstitutionBranch>
                        <cac:FinancialInstitution>
                           <cbc:ID schemeID="BIC">KREDBEBB</cbc:ID>
                        </cac:FinancialInstitution>
                     </cac:FinancialInstitutionBranch>
                  </cac:PayeeFinancialAccount>
               </cac:PaymentMeans>
               <cac:TaxTotal>
                  <cbc:TaxAmount currencyID="EUR">21.00</cbc:TaxAmount>
                  <cac:TaxSubtotal>
                     <cbc:TaxableAmount currencyID="EUR">100.00</cbc:TaxableAmount>
                     <cbc:TaxAmount currencyID="EUR">21.00</cbc:TaxAmount>
                     <cac:TaxCategory>
                        <cbc:ID schemeID="UNCL5305">S</cbc:ID>
                        <cbc:Percent>21.00</cbc:Percent>
                        <cac:TaxScheme>
                           <cbc:ID>VAT</cbc:ID>
                        </cac:TaxScheme>
                     </cac:TaxCategory>
                  </cac:TaxSubtotal>
               </cac:TaxTotal>
               <cac:LegalMonetaryTotal>
                  <cbc:LineExtensionAmount currencyID="EUR">100.00</cbc:LineExtensionAmount>
                  <cbc:TaxExclusiveAmount currencyID="EUR">100.00</cbc:TaxExclusiveAmount>
                  <cbc:TaxInclusiveAmount currencyID="EUR">121.00</cbc:TaxInclusiveAmount>
                  <cbc:PayableAmount currencyID="EUR">121.00</cbc:PayableAmount>
               </cac:LegalMonetaryTotal>
               <cac:InvoiceLine>
                  <cbc:ID>1</cbc:ID>
                  <cbc:InvoicedQuantity unitCode="NAR" unitCodeListID="UNECERec20">1.00</cbc:InvoicedQuantity>
                  <cbc:LineExtensionAmount currencyID="EUR">100.00</cbc:LineExtensionAmount>
                  <cac:TaxTotal>
                     <cbc:TaxAmount currencyID="EUR">21.00</cbc:TaxAmount>
                  </cac:TaxTotal>
                  <cac:Item>
                     <cbc:Description>Line1 description - may be long</cbc:Description>
                     <cbc:Name>Line1max50char</cbc:Name>
                     <cac:ClassifiedTaxCategory>
                        <cbc:ID schemeID="UNCL5305">S</cbc:ID>
                        <cbc:Percent>21.00</cbc:Percent>
                        <cac:TaxScheme>
                           <cbc:ID>VAT</cbc:ID>
                        </cac:TaxScheme>
                     </cac:ClassifiedTaxCategory>
                  </cac:Item>
                  <cac:Price>
                     <cbc:PriceAmount currencyID="EUR">100.00</cbc:PriceAmount>
                     <cbc:BaseQuantity>1.00</cbc:BaseQuantity>
                  </cac:Price>
               </cac:InvoiceLine>
            </Invoice>
            </v12:document>
         </v2:request>
      </v2:submitDocumentRequest>
   </soapenv:Body>
</soapenv:Envelope>]]></con:request><con:assertion type="SOAP Fault Assertion" id="f3bfe091-c461-489e-98ab-a327626f579f" name="Not SOAP Fault"/><con:assertion type="SOAP Response" id="701a8e49-28b0-4ea2-a5eb-f04af2caf10a" name="SOAP Response"/><con:assertion type="Schema Compliance" id="9d29cc78-adcd-4b51-91f4-dd6ed0248211" name="Schema Compliance"><con:configuration/></con:assertion><con:wsaConfig action="http://fidus.brussels/services/invoiceservice/submitDocument"/></con:request></con:config></con:testStep><con:testStep type="request" id="9ae70f44-8298-4a24-b7f5-a6525e965ced" name="testcase4 - Staging - Worker1 - Request"><con:settings/><con:config xsi:type="con:RequestStep" xmlns:xsi="http://www.w3.org/2001/XMLSchema-instance"><con:interface>InvoiceServiceHTTPBinding</con:interface><con:operation>submitDocument</con:operation><con:request name="testcase4 - Staging - Worker1 - Request" id="58e2d537-aa63-482d-869c-5ff6bdca0ed4" outgoingWss="Outflow STAG"><con:settings/><con:encoding>UTF-8</con:encoding><con:endpoint>https://192.168.24.57:8443/services/InvoiceService_v2.0</con:endpoint><con:request><![CDATA[<soapenv:Envelope xmlns:soapenv="http://schemas.xmlsoap.org/soap/envelope/" xmlns:v2="http://fidus.brussels/service/invoiceservice/messages/v2.0" xmlns:v1="http://fidus.brussels/service/invoiceservice/messages/v1.2" xmlns:v11="http://fidus.brussels/type/common/messages/v1" xmlns:urn="urn:oasis:names:specification:ubl:schema:xsd:ApplicationResponse-2" xmlns:urn1="urn:oasis:names:specification:ubl:schema:xsd:CommonExtensionComponents-2" xmlns:urn2="urn:oasis:names:specification:ubl:schema:xsd:CommonBasicComponents-2" xmlns:urn3="urn:oasis:names:specification:ubl:schema:xsd:CommonAggregateComponents-2">
   <soapenv:Header/>
   <soapenv:Body>
      <v2:submitDocumentRequest>
         <v2:messageContext>
            <v11:messageId>?</v11:messageId>
         </v2:messageContext>
         <v2:legalContext>ServiceIntegrator</v2:legalContext>
         <v2:request>
            <v12:document xmlns:v12="http://fsb.belgium.be/einvoicing/simpleprior/v1_00">                
            <Invoice xmlns="urn:oasis:names:specification:ubl:schema:xsd:Invoice-2"
                    xmlns:cbc="urn:oasis:names:specification:ubl:schema:xsd:CommonBasicComponents-2"
                    xmlns:cac="urn:oasis:names:specification:ubl:schema:xsd:CommonAggregateComponents-2">
               <cbc:UBLVersionID>2.1</cbc:UBLVersionID>
               <cbc:CustomizationID>urn:www.cenbii.eu:transaction:biitrns010:ver2.0:extended:urn:www.peppol.eu:bis:peppol5a:ver2.0</cbc:CustomizationID>
               <cbc:ProfileID>urn:www.cenbii.eu:profile:bii05:ver2.0</cbc:ProfileID>
               <cbc:ID>118120479086FAKNOV-13-5B</cbc:ID>
               <cbc:IssueDate>2018-06-12</cbc:IssueDate>
               <cbc:InvoiceTypeCode listID="UNCL1001">380</cbc:InvoiceTypeCode>
               <cbc:DocumentCurrencyCode listID="ISO4217">EUR</cbc:DocumentCurrencyCode>
               <cac:AccountingSupplierParty>
                  <cac:Party>
                     <cac:PartyIdentification>
                        <cbc:ID schemeID="BE:CBE">0200013901</cbc:ID>
                     </cac:PartyIdentification>
                     <cac:PartyName>
                        <cbc:Name>ACME</cbc:Name>
                     </cac:PartyName>
                     <cac:PostalAddress>
                        <cbc:StreetName>Simon Bolivarlaan 30/9</cbc:StreetName>
                        <cbc:CityName>BRUSSEL</cbc:CityName>
                        <cbc:PostalZone>1000</cbc:PostalZone>
                        <cac:Country>
                           <cbc:IdentificationCode listID="ISO3166-1:Alpha2">BE</cbc:IdentificationCode>
                        </cac:Country>
                     </cac:PostalAddress>
                     <cac:PartyTaxScheme>
                        <cbc:CompanyID schemeID="BE:VAT">BE0200013901</cbc:CompanyID>
                        <cac:TaxScheme>
                           <cbc:ID>VAT</cbc:ID>
                        </cac:TaxScheme>
                     </cac:PartyTaxScheme>
                     <cac:PartyLegalEntity>
                        <cbc:RegistrationName>D.W. Soft bvba</cbc:RegistrationName>
                        <cbc:CompanyID schemeID="BE:CBE">0200013901</cbc:CompanyID>
                     </cac:PartyLegalEntity>
                     <cac:Contact>
                        <cbc:ElectronicMail>dirk.willekens@dwsoft.be</cbc:ElectronicMail>
                     </cac:Contact>
                  </cac:Party>
               </cac:AccountingSupplierParty>
               <cac:AccountingCustomerParty>
                  <cac:Party>
                     <cac:PartyIdentification>
                        <cbc:ID schemeID="BE:CBE">2222222222</cbc:ID>
                     </cac:PartyIdentification>
                     <cac:PartyName>
                        <cbc:Name>Fake customer</cbc:Name>
                     </cac:PartyName>
                     <cac:PostalAddress>
                        <cbc:StreetName>Simon Bolivarlaan 34</cbc:StreetName>
                        <cbc:CityName>ANTWERPEN</cbc:CityName>
                        <cbc:PostalZone>2000</cbc:PostalZone>
                        <cac:Country>
                           <cbc:IdentificationCode listID="ISO3166-1:Alpha2">BE</cbc:IdentificationCode>
                        </cac:Country>
                     </cac:PostalAddress>
                     <cac:PartyTaxScheme>
                        <cbc:CompanyID schemeID="BE:VAT">BE2222222222</cbc:CompanyID>
                        <cac:TaxScheme>
                           <cbc:ID>VAT</cbc:ID>
                        </cac:TaxScheme>
                     </cac:PartyTaxScheme>
                     <cac:PartyLegalEntity>
                        <cbc:RegistrationName>Fake Customer</cbc:RegistrationName>
                        <cbc:CompanyID schemeID="BE:CBE">2222222222</cbc:CompanyID>
                     </cac:PartyLegalEntity>
                  </cac:Party>
               </cac:AccountingCustomerParty>
               <cac:PaymentMeans>
                  <cbc:PaymentMeansCode listID="UNCL4461">1</cbc:PaymentMeansCode>
                  <cbc:PaymentDueDate>2018-05-31</cbc:PaymentDueDate>
                  <cbc:PaymentChannelCode>IBAN</cbc:PaymentChannelCode>
                  <cbc:InstructionNote>SIMPLE TEST TO FAKE CUSTOMER</cbc:InstructionNote>
                  <cac:PayeeFinancialAccount>
                     <cbc:ID schemeID="IBAN">BE86736009252450</cbc:ID>
                     <cac:FinancialInstitutionBranch>
                        <cac:FinancialInstitution>
                           <cbc:ID schemeID="BIC">KREDBEBB</cbc:ID>
                        </cac:FinancialInstitution>
                     </cac:FinancialInstitutionBranch>
                  </cac:PayeeFinancialAccount>
               </cac:PaymentMeans>
               <cac:TaxTotal>
                  <cbc:TaxAmount currencyID="EUR">21.00</cbc:TaxAmount>
                  <cac:TaxSubtotal>
                     <cbc:TaxableAmount currencyID="EUR">100.00</cbc:TaxableAmount>
                     <cbc:TaxAmount currencyID="EUR">21.00</cbc:TaxAmount>
                     <cac:TaxCategory>
                        <cbc:ID schemeID="UNCL5305">S</cbc:ID>
                        <cbc:Percent>21.00</cbc:Percent>
                        <cac:TaxScheme>
                           <cbc:ID>VAT</cbc:ID>
                        </cac:TaxScheme>
                     </cac:TaxCategory>
                  </cac:TaxSubtotal>
               </cac:TaxTotal>
               <cac:LegalMonetaryTotal>
                  <cbc:LineExtensionAmount currencyID="EUR">100.00</cbc:LineExtensionAmount>
                  <cbc:TaxExclusiveAmount currencyID="EUR">100.00</cbc:TaxExclusiveAmount>
                  <cbc:TaxInclusiveAmount currencyID="EUR">121.00</cbc:TaxInclusiveAmount>
                  <cbc:PayableAmount currencyID="EUR">121.00</cbc:PayableAmount>
               </cac:LegalMonetaryTotal>
               <cac:InvoiceLine>
                  <cbc:ID>1</cbc:ID>
                  <cbc:InvoicedQuantity unitCode="NAR" unitCodeListID="UNECERec20">1.00</cbc:InvoicedQuantity>
                  <cbc:LineExtensionAmount currencyID="EUR">100.00</cbc:LineExtensionAmount>
                  <cac:TaxTotal>
                     <cbc:TaxAmount currencyID="EUR">21.00</cbc:TaxAmount>
                  </cac:TaxTotal>
                  <cac:Item>
                     <cbc:Description>Line1 description - may be long</cbc:Description>
                     <cbc:Name>Line1max50char</cbc:Name>
                     <cac:ClassifiedTaxCategory>
                        <cbc:ID schemeID="UNCL5305">S</cbc:ID>
                        <cbc:Percent>21.00</cbc:Percent>
                        <cac:TaxScheme>
                           <cbc:ID>VAT</cbc:ID>
                        </cac:TaxScheme>
                     </cac:ClassifiedTaxCategory>
                  </cac:Item>
                  <cac:Price>
                     <cbc:PriceAmount currencyID="EUR">100.00</cbc:PriceAmount>
                     <cbc:BaseQuantity>1.00</cbc:BaseQuantity>
                  </cac:Price>
               </cac:InvoiceLine>
            </Invoice>
            </v12:document>
         </v2:request>
      </v2:submitDocumentRequest>
   </soapenv:Body>
</soapenv:Envelope>]]></con:request><con:assertion type="SOAP Fault Assertion" id="2f16c08f-4c47-4fae-b39f-d9768effc4af" name="Not SOAP Fault"/><con:assertion type="SOAP Response" id="8f67a955-4f20-4ef9-9552-cb7c32c92be4" name="SOAP Response"/><con:assertion type="Schema Compliance" id="533939db-7486-4971-8887-377af2d35f6d" name="Schema Compliance"><con:configuration/></con:assertion><con:wsaConfig action="http://fidus.brussels/services/invoiceservice/submitDocument"/></con:request></con:config></con:testStep><con:testStep type="request" id="4f7ab36c-af93-4a02-ae46-90077786a253" name="testcase4 - Staging - Worker2 - Request"><con:settings/><con:config xsi:type="con:RequestStep" xmlns:xsi="http://www.w3.org/2001/XMLSchema-instance"><con:interface>InvoiceServiceHTTPBinding</con:interface><con:operation>submitDocument</con:operation><con:request name="testcase4 - Staging - Worker2 - Request" id="85f4e372-13ff-45e5-808a-eae140d749b0" outgoingWss="Outflow STAG"><con:settings/><con:encoding>UTF-8</con:encoding><con:endpoint>https://192.168.24.64:8443/services/InvoiceService_v2.0</con:endpoint><con:request><![CDATA[<soapenv:Envelope xmlns:soapenv="http://schemas.xmlsoap.org/soap/envelope/" xmlns:v2="http://fidus.brussels/service/invoiceservice/messages/v2.0" xmlns:v1="http://fidus.brussels/service/invoiceservice/messages/v1.2" xmlns:v11="http://fidus.brussels/type/common/messages/v1" xmlns:urn="urn:oasis:names:specification:ubl:schema:xsd:ApplicationResponse-2" xmlns:urn1="urn:oasis:names:specification:ubl:schema:xsd:CommonExtensionComponents-2" xmlns:urn2="urn:oasis:names:specification:ubl:schema:xsd:CommonBasicComponents-2" xmlns:urn3="urn:oasis:names:specification:ubl:schema:xsd:CommonAggregateComponents-2">
   <soapenv:Header/>
   <soapenv:Body>
      <v2:submitDocumentRequest>
         <v2:messageContext>
            <v11:messageId>?</v11:messageId>
         </v2:messageContext>
         <v2:legalContext>ServiceIntegrator</v2:legalContext>
         <v2:request>
            <v12:document xmlns:v12="http://fsb.belgium.be/einvoicing/simpleprior/v1_00">                
            <Invoice xmlns="urn:oasis:names:specification:ubl:schema:xsd:Invoice-2"
                    xmlns:cbc="urn:oasis:names:specification:ubl:schema:xsd:CommonBasicComponents-2"
                    xmlns:cac="urn:oasis:names:specification:ubl:schema:xsd:CommonAggregateComponents-2">
               <cbc:UBLVersionID>2.1</cbc:UBLVersionID>
               <cbc:CustomizationID>urn:www.cenbii.eu:transaction:biitrns010:ver2.0:extended:urn:www.peppol.eu:bis:peppol5a:ver2.0</cbc:CustomizationID>
               <cbc:ProfileID>urn:www.cenbii.eu:profile:bii05:ver2.0</cbc:ProfileID>
               <cbc:ID>118120479086FAKNOV-13-5B</cbc:ID>
               <cbc:IssueDate>2018-06-12</cbc:IssueDate>
               <cbc:InvoiceTypeCode listID="UNCL1001">380</cbc:InvoiceTypeCode>
               <cbc:DocumentCurrencyCode listID="ISO4217">EUR</cbc:DocumentCurrencyCode>
               <cac:AccountingSupplierParty>
                  <cac:Party>
                     <cac:PartyIdentification>
                        <cbc:ID schemeID="BE:CBE">0200013901</cbc:ID>
                     </cac:PartyIdentification>
                     <cac:PartyName>
                        <cbc:Name>ACME</cbc:Name>
                     </cac:PartyName>
                     <cac:PostalAddress>
                        <cbc:StreetName>Simon Bolivarlaan 30/9</cbc:StreetName>
                        <cbc:CityName>BRUSSEL</cbc:CityName>
                        <cbc:PostalZone>1000</cbc:PostalZone>
                        <cac:Country>
                           <cbc:IdentificationCode listID="ISO3166-1:Alpha2">BE</cbc:IdentificationCode>
                        </cac:Country>
                     </cac:PostalAddress>
                     <cac:PartyTaxScheme>
                        <cbc:CompanyID schemeID="BE:VAT">BE0200013901</cbc:CompanyID>
                        <cac:TaxScheme>
                           <cbc:ID>VAT</cbc:ID>
                        </cac:TaxScheme>
                     </cac:PartyTaxScheme>
                     <cac:PartyLegalEntity>
                        <cbc:RegistrationName>D.W. Soft bvba</cbc:RegistrationName>
                        <cbc:CompanyID schemeID="BE:CBE">0200013901</cbc:CompanyID>
                     </cac:PartyLegalEntity>
                     <cac:Contact>
                        <cbc:ElectronicMail>dirk.willekens@dwsoft.be</cbc:ElectronicMail>
                     </cac:Contact>
                  </cac:Party>
               </cac:AccountingSupplierParty>
               <cac:AccountingCustomerParty>
                  <cac:Party>
                     <cac:PartyIdentification>
                        <cbc:ID schemeID="BE:CBE">2222222222</cbc:ID>
                     </cac:PartyIdentification>
                     <cac:PartyName>
                        <cbc:Name>Fake customer</cbc:Name>
                     </cac:PartyName>
                     <cac:PostalAddress>
                        <cbc:StreetName>Simon Bolivarlaan 34</cbc:StreetName>
                        <cbc:CityName>ANTWERPEN</cbc:CityName>
                        <cbc:PostalZone>2000</cbc:PostalZone>
                        <cac:Country>
                           <cbc:IdentificationCode listID="ISO3166-1:Alpha2">BE</cbc:IdentificationCode>
                        </cac:Country>
                     </cac:PostalAddress>
                     <cac:PartyTaxScheme>
                        <cbc:CompanyID schemeID="BE:VAT">BE2222222222</cbc:CompanyID>
                        <cac:TaxScheme>
                           <cbc:ID>VAT</cbc:ID>
                        </cac:TaxScheme>
                     </cac:PartyTaxScheme>
                     <cac:PartyLegalEntity>
                        <cbc:RegistrationName>Fake Customer</cbc:RegistrationName>
                        <cbc:CompanyID schemeID="BE:CBE">2222222222</cbc:CompanyID>
                     </cac:PartyLegalEntity>
                  </cac:Party>
               </cac:AccountingCustomerParty>
               <cac:PaymentMeans>
                  <cbc:PaymentMeansCode listID="UNCL4461">1</cbc:PaymentMeansCode>
                  <cbc:PaymentDueDate>2018-05-31</cbc:PaymentDueDate>
                  <cbc:PaymentChannelCode>IBAN</cbc:PaymentChannelCode>
                  <cbc:InstructionNote>SIMPLE TEST TO FAKE CUSTOMER</cbc:InstructionNote>
                  <cac:PayeeFinancialAccount>
                     <cbc:ID schemeID="IBAN">BE86736009252450</cbc:ID>
                     <cac:FinancialInstitutionBranch>
                        <cac:FinancialInstitution>
                           <cbc:ID schemeID="BIC">KREDBEBB</cbc:ID>
                        </cac:FinancialInstitution>
                     </cac:FinancialInstitutionBranch>
                  </cac:PayeeFinancialAccount>
               </cac:PaymentMeans>
               <cac:TaxTotal>
                  <cbc:TaxAmount currencyID="EUR">21.00</cbc:TaxAmount>
                  <cac:TaxSubtotal>
                     <cbc:TaxableAmount currencyID="EUR">100.00</cbc:TaxableAmount>
                     <cbc:TaxAmount currencyID="EUR">21.00</cbc:TaxAmount>
                     <cac:TaxCategory>
                        <cbc:ID schemeID="UNCL5305">S</cbc:ID>
                        <cbc:Percent>21.00</cbc:Percent>
                        <cac:TaxScheme>
                           <cbc:ID>VAT</cbc:ID>
                        </cac:TaxScheme>
                     </cac:TaxCategory>
                  </cac:TaxSubtotal>
               </cac:TaxTotal>
               <cac:LegalMonetaryTotal>
                  <cbc:LineExtensionAmount currencyID="EUR">100.00</cbc:LineExtensionAmount>
                  <cbc:TaxExclusiveAmount currencyID="EUR">100.00</cbc:TaxExclusiveAmount>
                  <cbc:TaxInclusiveAmount currencyID="EUR">121.00</cbc:TaxInclusiveAmount>
                  <cbc:PayableAmount currencyID="EUR">121.00</cbc:PayableAmount>
               </cac:LegalMonetaryTotal>
               <cac:InvoiceLine>
                  <cbc:ID>1</cbc:ID>
                  <cbc:InvoicedQuantity unitCode="NAR" unitCodeListID="UNECERec20">1.00</cbc:InvoicedQuantity>
                  <cbc:LineExtensionAmount currencyID="EUR">100.00</cbc:LineExtensionAmount>
                  <cac:TaxTotal>
                     <cbc:TaxAmount currencyID="EUR">21.00</cbc:TaxAmount>
                  </cac:TaxTotal>
                  <cac:Item>
                     <cbc:Description>Line1 description - may be long</cbc:Description>
                     <cbc:Name>Line1max50char</cbc:Name>
                     <cac:ClassifiedTaxCategory>
                        <cbc:ID schemeID="UNCL5305">S</cbc:ID>
                        <cbc:Percent>21.00</cbc:Percent>
                        <cac:TaxScheme>
                           <cbc:ID>VAT</cbc:ID>
                        </cac:TaxScheme>
                     </cac:ClassifiedTaxCategory>
                  </cac:Item>
                  <cac:Price>
                     <cbc:PriceAmount currencyID="EUR">100.00</cbc:PriceAmount>
                     <cbc:BaseQuantity>1.00</cbc:BaseQuantity>
                  </cac:Price>
               </cac:InvoiceLine>
            </Invoice>
            </v12:document>
         </v2:request>
      </v2:submitDocumentRequest>
   </soapenv:Body>
</soapenv:Envelope>]]></con:request><con:assertion type="SOAP Fault Assertion" id="62ef387e-5cdd-4afe-9c15-e271b8191028" name="Not SOAP Fault"/><con:assertion type="SOAP Response" id="1ae0edd4-c423-4fa1-9c9c-0cbacc514d39" name="SOAP Response"/><con:assertion type="Schema Compliance" id="f9dd880e-5f34-4e35-abc7-100937ebad18" name="Schema Compliance"><con:configuration/></con:assertion><con:wsaConfig action="http://fidus.brussels/services/invoiceservice/submitDocument"/></con:request></con:config></con:testStep><con:properties/></con:testCase><con:testCase id="4f6a44ca-b76a-481c-a0ce-e5930fe4a12c" failOnError="true" failTestCaseOnErrors="true" keepSession="false" maxResults="0" name="submitInboxRequest" searchProperties="true"><con:settings/><con:testStep type="request" id="4c960154-fbae-444c-ac21-f51e39ac8783" name="testcase4 - Staging - External - Request"><con:settings/><con:config xsi:type="con:RequestStep" xmlns:xsi="http://www.w3.org/2001/XMLSchema-instance"><con:interface>InvoiceServiceHTTPBinding</con:interface><con:operation>submitInboxRequest</con:operation><con:request name="testcase4 - Staging - External - Request" id="39a62b34-d870-4475-9024-609b3ec392ed" outgoingWss="Outflow STAG"><con:settings/><con:encoding>UTF-8</con:encoding><con:endpoint>https://fidus.irisnetlab.be/services/InvoiceService_v2.0</con:endpoint><con:request><![CDATA[<soapenv:Envelope xmlns:soapenv="http://schemas.xmlsoap.org/soap/envelope/" xmlns:v2="http://fidus.brussels/service/invoiceservice/messages/v2.0" xmlns:v11="http://fidus.brussels/type/common/messages/v1">
   <soapenv:Header/>
   <soapenv:Body>
      <v2:submitInboxRequestRequest>
         <v2:messageContext>
            <v11:messageId>?</v11:messageId>
         </v2:messageContext>
         <v2:legalContext>ServiceIntegrator</v2:legalContext>
         <v2:request>
            <v12:receiverId xmlns:v12="http://fsb.belgium.be/einvoicing/simpleprior/v1_00">2222222222</v12:receiverId>
            <v12:senderId xmlns:v12="http://fsb.belgium.be/einvoicing/simpleprior/v1_00">0200013901</v12:senderId>        
         </v2:request>
      </v2:submitInboxRequestRequest>
   </soapenv:Body>
</soapenv:Envelope>]]></con:request><con:assertion type="SOAP Fault Assertion" id="a33fb7c9-83d6-45ca-bde1-6ab665eb9b68" name="Not SOAP Fault"/><con:assertion type="SOAP Response" id="7fc69a07-3063-45d4-991c-7a00eabef92b" name="SOAP Response"/><con:assertion type="Schema Compliance" id="c58f9c6c-bb77-4d39-9761-d535bdfcacdb" name="Schema Compliance"><con:configuration/></con:assertion><con:wsaConfig action="http://fidus.brussels/services/invoiceservice/submitInboxRequest"/></con:request></con:config></con:testStep><con:testStep type="request" id="fc6b521f-6cce-4aa4-922a-17936a3caa31" name="testcase4 - Staging - LB - Request"><con:settings/><con:config xsi:type="con:RequestStep" xmlns:xsi="http://www.w3.org/2001/XMLSchema-instance"><con:interface>InvoiceServiceHTTPBinding</con:interface><con:operation>submitInboxRequest</con:operation><con:request name="testcase4 - Staging - LB - Request" id="ee9eb185-7d45-4a2d-9815-21b118cd6338" outgoingWss="Outflow STAG"><con:settings/><con:encoding>UTF-8</con:encoding><con:endpoint>https://fidus-esb-sg.sta.srv.cirb.lan:8443/services/InvoiceService_v2.0</con:endpoint><con:request><![CDATA[<soapenv:Envelope xmlns:soapenv="http://schemas.xmlsoap.org/soap/envelope/" xmlns:v2="http://fidus.brussels/service/invoiceservice/messages/v2.0" xmlns:v11="http://fidus.brussels/type/common/messages/v1">
   <soapenv:Header/>
   <soapenv:Body>
      <v2:submitInboxRequestRequest>
         <v2:messageContext>
            <v11:messageId>?</v11:messageId>
         </v2:messageContext>
         <v2:legalContext>ServiceIntegrator</v2:legalContext>
         <v2:request>
            <v12:receiverId xmlns:v12="http://fsb.belgium.be/einvoicing/simpleprior/v1_00">2222222222</v12:receiverId>
            <v12:senderId xmlns:v12="http://fsb.belgium.be/einvoicing/simpleprior/v1_00">0200013901</v12:senderId>        
         </v2:request>
      </v2:submitInboxRequestRequest>
   </soapenv:Body>
</soapenv:Envelope>]]></con:request><con:assertion type="SOAP Fault Assertion" id="5c737174-c13d-4ea7-bb99-5c87476486f0" name="Not SOAP Fault"/><con:assertion type="SOAP Response" id="9e11afb9-9ce9-4f73-93c3-d204449b4b2c" name="SOAP Response"/><con:assertion type="Schema Compliance" id="af8d2b75-42cc-4988-9c2c-2ceee15ac3c4" name="Schema Compliance"><con:configuration/></con:assertion><con:wsaConfig action="http://fidus.brussels/services/invoiceservice/submitInboxRequest"/></con:request></con:config></con:testStep><con:testStep type="request" id="dc68b982-91e8-485e-ac44-6b3d6027efb6" name="testcase4 - Staging - Worker1 - Request"><con:settings/><con:config xsi:type="con:RequestStep" xmlns:xsi="http://www.w3.org/2001/XMLSchema-instance"><con:interface>InvoiceServiceHTTPBinding</con:interface><con:operation>submitInboxRequest</con:operation><con:request name="testcase4 - Staging - Worker1 - Request" id="8968f7a1-da30-405b-91a8-2942bb6368ca" outgoingWss="Outflow STAG"><con:settings/><con:encoding>UTF-8</con:encoding><con:endpoint>https://192.168.24.57:8443/services/InvoiceService_v2.0</con:endpoint><con:request><![CDATA[<soapenv:Envelope xmlns:soapenv="http://schemas.xmlsoap.org/soap/envelope/" xmlns:v2="http://fidus.brussels/service/invoiceservice/messages/v2.0" xmlns:v11="http://fidus.brussels/type/common/messages/v1">
   <soapenv:Header/>
   <soapenv:Body>
      <v2:submitInboxRequestRequest>
         <v2:messageContext>
            <v11:messageId>?</v11:messageId>
         </v2:messageContext>
         <v2:legalContext>ServiceIntegrator</v2:legalContext>
         <v2:request>
            <v12:receiverId xmlns:v12="http://fsb.belgium.be/einvoicing/simpleprior/v1_00">2222222222</v12:receiverId>
            <v12:senderId xmlns:v12="http://fsb.belgium.be/einvoicing/simpleprior/v1_00">0200013901</v12:senderId>        
         </v2:request>
      </v2:submitInboxRequestRequest>
   </soapenv:Body>
</soapenv:Envelope>]]></con:request><con:assertion type="SOAP Fault Assertion" id="2086cb2d-7665-467c-9482-9ffbfd780edf" name="Not SOAP Fault"/><con:assertion type="SOAP Response" id="0067b885-43c0-40aa-b45a-1a3f015c8b58" name="SOAP Response"/><con:assertion type="Schema Compliance" id="02097d65-f064-4d3f-9719-c5ba61d55c7c" name="Schema Compliance"><con:configuration/></con:assertion><con:wsaConfig action="http://fidus.brussels/services/invoiceservice/submitInboxRequest"/></con:request></con:config></con:testStep><con:testStep type="request" id="956a1061-ae6b-4a1c-bf04-972004265eb5" name="testcase4 - Staging - Worker2 - Request"><con:settings/><con:config xsi:type="con:RequestStep" xmlns:xsi="http://www.w3.org/2001/XMLSchema-instance"><con:interface>InvoiceServiceHTTPBinding</con:interface><con:operation>submitInboxRequest</con:operation><con:request name="testcase4 - Staging - Worker2 - Request" id="82a144c2-4c39-4b90-8e73-1425ee7e04e4" outgoingWss="Outflow STAG"><con:settings/><con:encoding>UTF-8</con:encoding><con:endpoint>https://192.168.24.64:8443/services/InvoiceService_v2.0</con:endpoint><con:request><![CDATA[<soapenv:Envelope xmlns:soapenv="http://schemas.xmlsoap.org/soap/envelope/" xmlns:v2="http://fidus.brussels/service/invoiceservice/messages/v2.0" xmlns:v11="http://fidus.brussels/type/common/messages/v1">
   <soapenv:Header/>
   <soapenv:Body>
      <v2:submitInboxRequestRequest>
         <v2:messageContext>
            <v11:messageId>?</v11:messageId>
         </v2:messageContext>
         <v2:legalContext>ServiceIntegrator</v2:legalContext>
         <v2:request>
            <v12:receiverId xmlns:v12="http://fsb.belgium.be/einvoicing/simpleprior/v1_00">2222222222</v12:receiverId>
            <v12:senderId xmlns:v12="http://fsb.belgium.be/einvoicing/simpleprior/v1_00">0200013901</v12:senderId>        
         </v2:request>
      </v2:submitInboxRequestRequest>
   </soapenv:Body>
</soapenv:Envelope>]]></con:request><con:assertion type="SOAP Fault Assertion" id="4ae3f023-a473-4eff-b408-40f541f01382" name="Not SOAP Fault"/><con:assertion type="SOAP Response" id="62ef6473-a3f5-4d31-b124-8b2c9aed033c" name="SOAP Response"/><con:assertion type="Schema Compliance" id="addb8d17-c7c9-4b18-a4d5-a1a639f24c7f" name="Schema Compliance"><con:configuration/></con:assertion><con:wsaConfig action="http://fidus.brussels/services/invoiceservice/submitInboxRequest"/></con:request></con:config></con:testStep><con:properties/></con:testCase><con:properties/></con:testSuite><con:testSuite id="ea7085bc-3101-444c-876a-ed220ce4a236" name="PROD"><con:settings/><con:runType>SEQUENTIAL</con:runType><con:testCase id="605cda17-acfb-40a1-93e0-640ef1545645" failOnError="true" failTestCaseOnErrors="true" keepSession="false" maxResults="0" name="markDocument" searchProperties="true"><con:settings/><con:testStep type="request" id="1fde2762-31c2-4d4c-9785-802d1f9efa0c" name="testcase5 - Prod - External - Request"><con:settings/><con:config xsi:type="con:RequestStep" xmlns:xsi="http://www.w3.org/2001/XMLSchema-instance"><con:interface>InvoiceServiceHTTPBinding</con:interface><con:operation>markDocument</con:operation><con:request name="testcase5 - Prod - External - Request" id="b511381e-c5ad-4626-8ee0-333a7d13ae2f" outgoingWss="Outflow PROD"><con:settings/><con:encoding>UTF-8</con:encoding><con:endpoint>https://fidus.sec.brussels/services/InvoiceService_v2.0</con:endpoint><con:request><![CDATA[<soapenv:Envelope xmlns:soapenv="http://schemas.xmlsoap.org/soap/envelope/" xmlns:v2="http://fidus.brussels/service/invoiceservice/messages/v2.0" xmlns:v11="http://fidus.brussels/type/common/messages/v1">
   <soapenv:Header/>
   <soapenv:Body>
      <v2:markDocumentRequest>
         <v2:messageContext>
            <v11:messageId>?</v11:messageId>
         </v2:messageContext>
         <v2:legalContext>ServiceIntegrator</v2:legalContext>
         <v2:request>
            <v12:receiverId xmlns:v12="http://fsb.belgium.be/einvoicing/simpleprior/v1_00">2222222222</v12:receiverId>
            <v12:senderId xmlns:v12="http://fsb.belgium.be/einvoicing/simpleprior/v1_00">0200013901</v12:senderId>
            <v12:documentType xmlns:v12="http://fsb.belgium.be/einvoicing/simpleprior/v1_00">380</v12:documentType>
            <v12:documentId xmlns:v12="http://fsb.belgium.be/einvoicing/simpleprior/v1_00">e878b54b-8a82-4bf3-8c8c-37eacdab2589</v12:documentId>         
         </v2:request>
      </v2:markDocumentRequest>
   </soapenv:Body>
</soapenv:Envelope>]]></con:request><con:assertion type="SOAP Fault Assertion" id="ca1e0b90-94db-4417-926f-709cd380fff7" name="Not SOAP Fault"/><con:assertion type="SOAP Response" id="647c8058-d660-4e8e-ae0c-9f3648f98040" name="SOAP Response"/><con:assertion type="Schema Compliance" id="e9cda7e8-4508-411f-baa8-ded7eb3600af" name="Schema Compliance"><con:configuration/></con:assertion><con:wsaConfig action="http://fidus.brussels/services/invoiceservice/markDocument"/></con:request></con:config></con:testStep><con:testStep type="request" id="be736497-1e7c-432e-97ed-f59fa572c06a" name="testcase5 - Prod - LB - Request"><con:settings/><con:config xsi:type="con:RequestStep" xmlns:xsi="http://www.w3.org/2001/XMLSchema-instance"><con:interface>InvoiceServiceHTTPBinding</con:interface><con:operation>markDocument</con:operation><con:request name="testcase5 - Prod - LB - Request" id="5524d664-1a43-4876-a85a-1c9bdaef567a" outgoingWss="Outflow PROD"><con:settings/><con:encoding>UTF-8</con:encoding><con:endpoint>https://fidus-esb-sg.prd.srv.cirb.lan:8443/services/InvoiceService_v2.0</con:endpoint><con:request><![CDATA[<soapenv:Envelope xmlns:soapenv="http://schemas.xmlsoap.org/soap/envelope/" xmlns:v2="http://fidus.brussels/service/invoiceservice/messages/v2.0" xmlns:v11="http://fidus.brussels/type/common/messages/v1">
   <soapenv:Header/>
   <soapenv:Body>
      <v2:markDocumentRequest>
         <v2:messageContext>
            <v11:messageId>?</v11:messageId>
         </v2:messageContext>
         <v2:legalContext>ServiceIntegrator</v2:legalContext>
         <v2:request>
            <v12:receiverId xmlns:v12="http://fsb.belgium.be/einvoicing/simpleprior/v1_00">2222222222</v12:receiverId>
            <v12:senderId xmlns:v12="http://fsb.belgium.be/einvoicing/simpleprior/v1_00">0200013901</v12:senderId>
            <v12:documentType xmlns:v12="http://fsb.belgium.be/einvoicing/simpleprior/v1_00">380</v12:documentType>
            <v12:documentId xmlns:v12="http://fsb.belgium.be/einvoicing/simpleprior/v1_00">e878b54b-8a82-4bf3-8c8c-37eacdab2589</v12:documentId>         
         </v2:request>
      </v2:markDocumentRequest>
   </soapenv:Body>
</soapenv:Envelope>]]></con:request><con:assertion type="SOAP Fault Assertion" id="0450d550-ac7c-4d5d-a80e-c60647b6d9e9" name="Not SOAP Fault"/><con:assertion type="SOAP Response" id="99785915-493b-4621-badb-e0d99ec81ab8" name="SOAP Response"/><con:assertion type="Schema Compliance" id="22c02344-89b8-44c5-96e7-906e01b4c38e" name="Schema Compliance"><con:configuration/></con:assertion><con:wsaConfig action="http://fidus.brussels/services/invoiceservice/markDocument"/></con:request></con:config></con:testStep><con:testStep type="request" id="180967e0-57e5-4813-8b8e-6dab03ad7a03" name="testcase5 - Prod - Worker1 - Request"><con:settings/><con:config xsi:type="con:RequestStep" xmlns:xsi="http://www.w3.org/2001/XMLSchema-instance"><con:interface>InvoiceServiceHTTPBinding</con:interface><con:operation>markDocument</con:operation><con:request name="testcase5 - Prod - Worker1 - Request" id="56a999bd-4e94-4cf4-a268-557309fc8e46" outgoingWss="Outflow PROD"><con:settings/><con:encoding>UTF-8</con:encoding><con:endpoint>https://192.168.26.22:8443/services/InvoiceService_v2.0</con:endpoint><con:request><![CDATA[<soapenv:Envelope xmlns:soapenv="http://schemas.xmlsoap.org/soap/envelope/" xmlns:v2="http://fidus.brussels/service/invoiceservice/messages/v2.0" xmlns:v1="http://fidus.brussels/service/invoiceservice/messages/v1.2" xmlns:v11="http://fidus.brussels/type/common/messages/v1" xmlns:urn="urn:oasis:names:specification:ubl:schema:xsd:CommonAggregateComponents-2" xmlns:urn1="urn:oasis:names:specification:ubl:schema:xsd:CommonBasicComponents-2">
   <soapenv:Header/>
   <soapenv:Body>
      <v2:markDocumentRequest>
         <v2:messageContext>
            <v11:messageId>?</v11:messageId>
         </v2:messageContext>
         <v2:legalContext>?</v2:legalContext>
         <v2:request>
            <v12:receiverId xmlns:v12="http://fsb.belgium.be/einvoicing/simpleprior/v1_00">?</v12:receiverId>
            <v12:senderId xmlns:v12="http://fsb.belgium.be/einvoicing/simpleprior/v1_00">?</v12:senderId>
            <v12:documentType xmlns:v12="http://fsb.belgium.be/einvoicing/simpleprior/v1_00">?</v12:documentType>
            <v12:documentId xmlns:v12="http://fsb.belgium.be/einvoicing/simpleprior/v1_00">?</v12:documentId>
         </v2:request>
      </v2:markDocumentRequest>
   </soapenv:Body>
</soapenv:Envelope>]]></con:request><con:assertion type="SOAP Fault Assertion" id="46b89485-6041-4ab2-8b12-e6468e7b74fc" name="Not SOAP Fault"/><con:assertion type="SOAP Response" id="407af5f8-9b37-4ab6-9eae-eb4727f040ff" name="SOAP Response"/><con:assertion type="Schema Compliance" id="adde81e4-b97c-4833-b38a-5e70cf608edd" name="Schema Compliance"><con:configuration/></con:assertion><con:wsaConfig action="http://fidus.brussels/services/invoiceservice/markDocument"/></con:request></con:config></con:testStep><con:testStep type="request" id="c75a2fc3-e897-46de-a94f-cbb3a27fde70" name="testcase5 - Prod - Worker2 - Request"><con:settings/><con:config xsi:type="con:RequestStep" xmlns:xsi="http://www.w3.org/2001/XMLSchema-instance"><con:interface>InvoiceServiceHTTPBinding</con:interface><con:operation>markDocument</con:operation><con:request name="testcase5 - Prod - Worker2 - Request" id="33727f6c-5dcd-4e68-80fe-0cc2601e4de4" outgoingWss="Outflow PROD"><con:settings/><con:encoding>UTF-8</con:encoding><con:endpoint>https://192.168.26.19:8443/services/InvoiceService_v2.0</con:endpoint><con:request><![CDATA[<soapenv:Envelope xmlns:soapenv="http://schemas.xmlsoap.org/soap/envelope/" xmlns:v2="http://fidus.brussels/service/invoiceservice/messages/v2.0" xmlns:v1="http://fidus.brussels/service/invoiceservice/messages/v1.2" xmlns:v11="http://fidus.brussels/type/common/messages/v1" xmlns:urn="urn:oasis:names:specification:ubl:schema:xsd:CommonAggregateComponents-2" xmlns:urn1="urn:oasis:names:specification:ubl:schema:xsd:CommonBasicComponents-2">
   <soapenv:Header/>
   <soapenv:Body>
      <v2:markDocumentRequest>
         <v2:messageContext>
            <v11:messageId>?</v11:messageId>
         </v2:messageContext>
         <v2:legalContext>?</v2:legalContext>
         <v2:request>
            <v12:receiverId xmlns:v12="http://fsb.belgium.be/einvoicing/simpleprior/v1_00">?</v12:receiverId>
            <v12:senderId xmlns:v12="http://fsb.belgium.be/einvoicing/simpleprior/v1_00">?</v12:senderId>
            <v12:documentType xmlns:v12="http://fsb.belgium.be/einvoicing/simpleprior/v1_00">?</v12:documentType>
            <v12:documentId xmlns:v12="http://fsb.belgium.be/einvoicing/simpleprior/v1_00">?</v12:documentId>
         </v2:request>
      </v2:markDocumentRequest>
   </soapenv:Body>
</soapenv:Envelope>]]></con:request><con:assertion type="SOAP Fault Assertion" id="64bd77c8-3b3b-4b37-9971-d24f928702ed" name="Not SOAP Fault"/><con:assertion type="SOAP Response" id="85946038-6f97-4154-8539-4c7808d8e016" name="SOAP Response"/><con:assertion type="Schema Compliance" id="7126acad-8dff-4358-a554-5017fbe02832" name="Schema Compliance"><con:configuration/></con:assertion><con:wsaConfig action="http://fidus.brussels/services/invoiceservice/markDocument"/></con:request></con:config></con:testStep><con:properties/></con:testCase><con:testCase id="43f7cd02-4845-4d2e-91ee-72d51a07c7a6" failOnError="true" failTestCaseOnErrors="true" keepSession="false" maxResults="0" name="retrieveDocument" searchProperties="true"><con:settings/><con:testStep type="request" id="876eae02-2f7f-4436-a2fd-febbe13930f1" name="testcase5 - Prod - External - Request"><con:settings/><con:config xsi:type="con:RequestStep" xmlns:xsi="http://www.w3.org/2001/XMLSchema-instance"><con:interface>InvoiceServiceHTTPBinding</con:interface><con:operation>retrieveDocument</con:operation><con:request name="testcase5 - Prod - External - Request" id="c6db7bed-11a5-4f00-8e52-2925f492a22e" outgoingWss="Outflow PROD"><con:settings/><con:encoding>UTF-8</con:encoding><con:endpoint>https://fidus.sec.brussels/services/InvoiceService_v2.0</con:endpoint><con:request><![CDATA[<soapenv:Envelope xmlns:soapenv="http://schemas.xmlsoap.org/soap/envelope/" xmlns:v2="http://fidus.brussels/service/invoiceservice/messages/v2.0" xmlns:v11="http://fidus.brussels/type/common/messages/v1">
   <soapenv:Header/>
   <soapenv:Body>
      <v2:retrieveDocumentRequest>
         <v2:messageContext>
            <v11:messageId>?</v11:messageId>
         </v2:messageContext>
         <v2:legalContext>ServiceIntegrator</v2:legalContext>
         <v2:request>
            <v12:receiverId xmlns:v12="http://fsb.belgium.be/einvoicing/simpleprior/v1_00">0463152333</v12:receiverId>
            <v12:senderId xmlns:v12="http://fsb.belgium.be/einvoicing/simpleprior/v1_00">0200013901</v12:senderId>
            <v12:documentType xmlns:v12="http://fsb.belgium.be/einvoicing/simpleprior/v1_00">380</v12:documentType>
            <v12:documentId xmlns:v12="http://fsb.belgium.be/einvoicing/simpleprior/v1_00">118120479086FAKDEC-20-5B</v12:documentId>         
         </v2:request>
      </v2:retrieveDocumentRequest>
   </soapenv:Body>
</soapenv:Envelope>]]></con:request><con:assertion type="SOAP Fault Assertion" id="22b57071-90b4-4c2f-a137-4a5a24dfee4f" name="Not SOAP Fault"/><con:assertion type="SOAP Response" id="2edeb5c8-42bd-4cd9-a960-fb38455aa1c2" name="SOAP Response"/><con:assertion type="Schema Compliance" id="b85e9f92-5e96-4b7b-9e19-f29ba3e3e754" name="Schema Compliance"><con:configuration/></con:assertion><con:wsaConfig action="http://fidus.brussels/services/invoiceservice/retrieveDocument"/></con:request></con:config></con:testStep><con:testStep type="request" id="ab5086ce-a5b1-4af4-9fb8-2dd0aafc0a87" name="testcase5 - Prod - LB - Request"><con:settings/><con:config xsi:type="con:RequestStep" xmlns:xsi="http://www.w3.org/2001/XMLSchema-instance"><con:interface>InvoiceServiceHTTPBinding</con:interface><con:operation>retrieveDocument</con:operation><con:request name="testcase5 - Prod - LB - Request" id="cc1d4719-7f61-45d9-a1ea-173fd22d3c2c" outgoingWss="Outflow PROD"><con:settings/><con:encoding>UTF-8</con:encoding><con:endpoint>https://fidus-esb-sg.prd.srv.cirb.lan:8443/services/InvoiceService_v2.0</con:endpoint><con:request><![CDATA[<soapenv:Envelope xmlns:soapenv="http://schemas.xmlsoap.org/soap/envelope/" xmlns:v2="http://fidus.brussels/service/invoiceservice/messages/v2.0" xmlns:v11="http://fidus.brussels/type/common/messages/v1">
   <soapenv:Header/>
   <soapenv:Body>
      <v2:retrieveDocumentRequest>
         <v2:messageContext>
            <v11:messageId>?</v11:messageId>
         </v2:messageContext>
         <v2:legalContext>ServiceIntegrator</v2:legalContext>
         <v2:request>
            <v12:receiverId xmlns:v12="http://fsb.belgium.be/einvoicing/simpleprior/v1_00">0463152333</v12:receiverId>
            <v12:senderId xmlns:v12="http://fsb.belgium.be/einvoicing/simpleprior/v1_00">0200013901</v12:senderId>
            <v12:documentType xmlns:v12="http://fsb.belgium.be/einvoicing/simpleprior/v1_00">380</v12:documentType>
            <v12:documentId xmlns:v12="http://fsb.belgium.be/einvoicing/simpleprior/v1_00">118120479086FAKDEC-20-5B</v12:documentId>         
         </v2:request>
      </v2:retrieveDocumentRequest>
   </soapenv:Body>
</soapenv:Envelope>]]></con:request><con:assertion type="SOAP Fault Assertion" id="7a39e3ba-b4df-4aba-9c39-ba1acb41c631" name="Not SOAP Fault"/><con:assertion type="SOAP Response" id="f2b56119-1b22-4d05-b5e2-79679ca6e6a4" name="SOAP Response"/><con:assertion type="Schema Compliance" id="438db379-9de8-4f17-9f70-71b5244a3971" name="Schema Compliance"><con:configuration/></con:assertion><con:wsaConfig action="http://fidus.brussels/services/invoiceservice/retrieveDocument"/></con:request></con:config></con:testStep><con:testStep type="request" id="1ef00650-6991-4708-817d-f94403d32c09" name="testcase5 - Prod - Worker1 - Request"><con:settings/><con:config xsi:type="con:RequestStep" xmlns:xsi="http://www.w3.org/2001/XMLSchema-instance"><con:interface>InvoiceServiceHTTPBinding</con:interface><con:operation>retrieveDocument</con:operation><con:request name="testcase5 - Prod - Worker1 - Request" id="0ee3872f-dc91-42a7-a463-b2aa92d2f095" outgoingWss="Outflow PROD"><con:settings/><con:encoding>UTF-8</con:encoding><con:endpoint>https://192.168.26.22:8443/services/InvoiceService_v2.0</con:endpoint><con:request><![CDATA[<soapenv:Envelope xmlns:soapenv="http://schemas.xmlsoap.org/soap/envelope/" xmlns:v2="http://fidus.brussels/service/invoiceservice/messages/v2.0" xmlns:v11="http://fidus.brussels/type/common/messages/v1">
   <soapenv:Header/>
   <soapenv:Body>
      <v2:retrieveDocumentRequest>
         <v2:messageContext>
            <v11:messageId>?</v11:messageId>
         </v2:messageContext>
         <v2:legalContext>ServiceIntegrator</v2:legalContext>
         <v2:request>
            <v12:receiverId xmlns:v12="http://fsb.belgium.be/einvoicing/simpleprior/v1_00">0463152333</v12:receiverId>
            <v12:senderId xmlns:v12="http://fsb.belgium.be/einvoicing/simpleprior/v1_00">0200013901</v12:senderId>
            <v12:documentType xmlns:v12="http://fsb.belgium.be/einvoicing/simpleprior/v1_00">380</v12:documentType>
            <v12:documentId xmlns:v12="http://fsb.belgium.be/einvoicing/simpleprior/v1_00">118120479086FAKDEC-20-5B</v12:documentId>         
         </v2:request>
      </v2:retrieveDocumentRequest>
   </soapenv:Body>
</soapenv:Envelope>]]></con:request><con:assertion type="SOAP Fault Assertion" id="03a93d52-86e2-4dea-b83a-70faf10eefc3" name="Not SOAP Fault"/><con:assertion type="SOAP Response" id="3d06f5e7-07c1-4e79-8782-b31e0c398ee1" name="SOAP Response"/><con:assertion type="Schema Compliance" id="3a5ed54f-78ea-42e1-9b2b-2ea983fbb837" name="Schema Compliance"><con:configuration/></con:assertion><con:wsaConfig action="http://fidus.brussels/services/invoiceservice/retrieveDocument"/></con:request></con:config></con:testStep><con:testStep type="request" id="779de254-e84b-4c78-b89f-71a12908ff91" name="testcase5 - Prod - Worker2 - Request"><con:settings/><con:config xsi:type="con:RequestStep" xmlns:xsi="http://www.w3.org/2001/XMLSchema-instance"><con:interface>InvoiceServiceHTTPBinding</con:interface><con:operation>retrieveDocument</con:operation><con:request name="testcase5 - Prod - Worker2 - Request" id="c58b1d70-aa89-4575-9132-ed66bd0bb8f8" outgoingWss="Outflow PROD"><con:settings/><con:encoding>UTF-8</con:encoding><con:endpoint>https://192.168.26.19:8443/services/InvoiceService_v2.0</con:endpoint><con:request><![CDATA[<soapenv:Envelope xmlns:soapenv="http://schemas.xmlsoap.org/soap/envelope/" xmlns:v2="http://fidus.brussels/service/invoiceservice/messages/v2.0" xmlns:v11="http://fidus.brussels/type/common/messages/v1">
   <soapenv:Header/>
   <soapenv:Body>
      <v2:retrieveDocumentRequest>
         <v2:messageContext>
            <v11:messageId>?</v11:messageId>
         </v2:messageContext>
         <v2:legalContext>ServiceIntegrator</v2:legalContext>
         <v2:request>
            <v12:receiverId xmlns:v12="http://fsb.belgium.be/einvoicing/simpleprior/v1_00">0463152333</v12:receiverId>
            <v12:senderId xmlns:v12="http://fsb.belgium.be/einvoicing/simpleprior/v1_00">0200013901</v12:senderId>
            <v12:documentType xmlns:v12="http://fsb.belgium.be/einvoicing/simpleprior/v1_00">380</v12:documentType>
            <v12:documentId xmlns:v12="http://fsb.belgium.be/einvoicing/simpleprior/v1_00">118120479086FAKDEC-20-5B</v12:documentId>         
         </v2:request>
      </v2:retrieveDocumentRequest>
   </soapenv:Body>
</soapenv:Envelope>]]></con:request><con:assertion type="SOAP Fault Assertion" id="d5472d12-1673-4e02-9574-e03cfd38f924" name="Not SOAP Fault"/><con:assertion type="SOAP Response" id="7a46da89-0d72-4ac4-b373-3031f9edbee7" name="SOAP Response"/><con:assertion type="Schema Compliance" id="5515dcb0-3524-4f06-a45b-dc79d3e56167" name="Schema Compliance"><con:configuration/></con:assertion><con:wsaConfig action="http://fidus.brussels/services/invoiceservice/retrieveDocument"/></con:request></con:config></con:testStep><con:properties/></con:testCase><con:testCase id="8dbbea85-959f-4c42-9fb4-c493d6254eae" failOnError="true" failTestCaseOnErrors="true" keepSession="false" maxResults="0" name="submitDocument" searchProperties="true"><con:settings/><con:testStep type="request" id="894716f5-90f5-4161-a6c8-55d14cf10b84" name="testcase5 - Prod - External - Request"><con:settings/><con:config xsi:type="con:RequestStep" xmlns:xsi="http://www.w3.org/2001/XMLSchema-instance"><con:interface>InvoiceServiceHTTPBinding</con:interface><con:operation>submitDocument</con:operation><con:request name="testcase5 - Prod - External - Request" id="a8a9e737-8ac8-41da-bfa6-015f40eed2e9" outgoingWss="Outflow PROD"><con:settings/><con:encoding>UTF-8</con:encoding><con:endpoint>https://fidus.sec.brussels/services/InvoiceService_v2.0</con:endpoint><con:request><![CDATA[<soapenv:Envelope xmlns:soapenv="http://schemas.xmlsoap.org/soap/envelope/" xmlns:v2="http://fidus.brussels/service/invoiceservice/messages/v2.0" xmlns:v1="http://fidus.brussels/service/invoiceservice/messages/v1.2" xmlns:v11="http://fidus.brussels/type/common/messages/v1" xmlns:urn="urn:oasis:names:specification:ubl:schema:xsd:ApplicationResponse-2" xmlns:urn1="urn:oasis:names:specification:ubl:schema:xsd:CommonExtensionComponents-2" xmlns:urn2="urn:oasis:names:specification:ubl:schema:xsd:CommonBasicComponents-2" xmlns:urn3="urn:oasis:names:specification:ubl:schema:xsd:CommonAggregateComponents-2">
   <soapenv:Header/>
   <soapenv:Body>
      <v2:submitDocumentRequest>
         <v2:messageContext>
            <v11:messageId>?</v11:messageId>
         </v2:messageContext>
         <v2:legalContext>ServiceIntegrator</v2:legalContext>
         <v2:request>
            <v12:document xmlns:v12="http://fsb.belgium.be/einvoicing/simpleprior/v1_00">                
            <Invoice xmlns="urn:oasis:names:specification:ubl:schema:xsd:Invoice-2"
                    xmlns:cbc="urn:oasis:names:specification:ubl:schema:xsd:CommonBasicComponents-2"
                    xmlns:cac="urn:oasis:names:specification:ubl:schema:xsd:CommonAggregateComponents-2">
               <cbc:UBLVersionID>2.1</cbc:UBLVersionID>
               <cbc:CustomizationID>urn:www.cenbii.eu:transaction:biitrns010:ver2.0:extended:urn:www.peppol.eu:bis:peppol5a:ver2.0</cbc:CustomizationID>
               <cbc:ProfileID>urn:www.cenbii.eu:profile:bii05:ver2.0</cbc:ProfileID>
               <cbc:ID>118120479086FAKNOV-13-5B</cbc:ID>
               <cbc:IssueDate>2018-06-12</cbc:IssueDate>
               <cbc:InvoiceTypeCode listID="UNCL1001">380</cbc:InvoiceTypeCode>
               <cbc:DocumentCurrencyCode listID="ISO4217">EUR</cbc:DocumentCurrencyCode>
               <cac:AccountingSupplierParty>
                  <cac:Party>
                     <cac:PartyIdentification>
                        <cbc:ID schemeID="BE:CBE">0200013901</cbc:ID>
                     </cac:PartyIdentification>
                     <cac:PartyName>
                        <cbc:Name>ACME</cbc:Name>
                     </cac:PartyName>
                     <cac:PostalAddress>
                        <cbc:StreetName>Simon Bolivarlaan 30/9</cbc:StreetName>
                        <cbc:CityName>BRUSSEL</cbc:CityName>
                        <cbc:PostalZone>1000</cbc:PostalZone>
                        <cac:Country>
                           <cbc:IdentificationCode listID="ISO3166-1:Alpha2">BE</cbc:IdentificationCode>
                        </cac:Country>
                     </cac:PostalAddress>
                     <cac:PartyTaxScheme>
                        <cbc:CompanyID schemeID="BE:VAT">BE0200013901</cbc:CompanyID>
                        <cac:TaxScheme>
                           <cbc:ID>VAT</cbc:ID>
                        </cac:TaxScheme>
                     </cac:PartyTaxScheme>
                     <cac:PartyLegalEntity>
                        <cbc:RegistrationName>D.W. Soft bvba</cbc:RegistrationName>
                        <cbc:CompanyID schemeID="BE:CBE">0200013901</cbc:CompanyID>
                     </cac:PartyLegalEntity>
                     <cac:Contact>
                        <cbc:ElectronicMail>dirk.willekens@dwsoft.be</cbc:ElectronicMail>
                     </cac:Contact>
                  </cac:Party>
               </cac:AccountingSupplierParty>
               <cac:AccountingCustomerParty>
                  <cac:Party>
                     <cac:PartyIdentification>
                        <cbc:ID schemeID="BE:CBE">2222222222</cbc:ID>
                     </cac:PartyIdentification>
                     <cac:PartyName>
                        <cbc:Name>Fake customer</cbc:Name>
                     </cac:PartyName>
                     <cac:PostalAddress>
                        <cbc:StreetName>Simon Bolivarlaan 34</cbc:StreetName>
                        <cbc:CityName>ANTWERPEN</cbc:CityName>
                        <cbc:PostalZone>2000</cbc:PostalZone>
                        <cac:Country>
                           <cbc:IdentificationCode listID="ISO3166-1:Alpha2">BE</cbc:IdentificationCode>
                        </cac:Country>
                     </cac:PostalAddress>
                     <cac:PartyTaxScheme>
                        <cbc:CompanyID schemeID="BE:VAT">BE2222222222</cbc:CompanyID>
                        <cac:TaxScheme>
                           <cbc:ID>VAT</cbc:ID>
                        </cac:TaxScheme>
                     </cac:PartyTaxScheme>
                     <cac:PartyLegalEntity>
                        <cbc:RegistrationName>Fake Customer</cbc:RegistrationName>
                        <cbc:CompanyID schemeID="BE:CBE">2222222222</cbc:CompanyID>
                     </cac:PartyLegalEntity>
                  </cac:Party>
               </cac:AccountingCustomerParty>
               <cac:PaymentMeans>
                  <cbc:PaymentMeansCode listID="UNCL4461">1</cbc:PaymentMeansCode>
                  <cbc:PaymentDueDate>2018-05-31</cbc:PaymentDueDate>
                  <cbc:PaymentChannelCode>IBAN</cbc:PaymentChannelCode>
                  <cbc:InstructionNote>SIMPLE TEST TO FAKE CUSTOMER</cbc:InstructionNote>
                  <cac:PayeeFinancialAccount>
                     <cbc:ID schemeID="IBAN">BE86736009252450</cbc:ID>
                     <cac:FinancialInstitutionBranch>
                        <cac:FinancialInstitution>
                           <cbc:ID schemeID="BIC">KREDBEBB</cbc:ID>
                        </cac:FinancialInstitution>
                     </cac:FinancialInstitutionBranch>
                  </cac:PayeeFinancialAccount>
               </cac:PaymentMeans>
               <cac:TaxTotal>
                  <cbc:TaxAmount currencyID="EUR">21.00</cbc:TaxAmount>
                  <cac:TaxSubtotal>
                     <cbc:TaxableAmount currencyID="EUR">100.00</cbc:TaxableAmount>
                     <cbc:TaxAmount currencyID="EUR">21.00</cbc:TaxAmount>
                     <cac:TaxCategory>
                        <cbc:ID schemeID="UNCL5305">S</cbc:ID>
                        <cbc:Percent>21.00</cbc:Percent>
                        <cac:TaxScheme>
                           <cbc:ID>VAT</cbc:ID>
                        </cac:TaxScheme>
                     </cac:TaxCategory>
                  </cac:TaxSubtotal>
               </cac:TaxTotal>
               <cac:LegalMonetaryTotal>
                  <cbc:LineExtensionAmount currencyID="EUR">100.00</cbc:LineExtensionAmount>
                  <cbc:TaxExclusiveAmount currencyID="EUR">100.00</cbc:TaxExclusiveAmount>
                  <cbc:TaxInclusiveAmount currencyID="EUR">121.00</cbc:TaxInclusiveAmount>
                  <cbc:PayableAmount currencyID="EUR">121.00</cbc:PayableAmount>
               </cac:LegalMonetaryTotal>
               <cac:InvoiceLine>
                  <cbc:ID>1</cbc:ID>
                  <cbc:InvoicedQuantity unitCode="NAR" unitCodeListID="UNECERec20">1.00</cbc:InvoicedQuantity>
                  <cbc:LineExtensionAmount currencyID="EUR">100.00</cbc:LineExtensionAmount>
                  <cac:TaxTotal>
                     <cbc:TaxAmount currencyID="EUR">21.00</cbc:TaxAmount>
                  </cac:TaxTotal>
                  <cac:Item>
                     <cbc:Description>Line1 description - may be long</cbc:Description>
                     <cbc:Name>Line1max50char</cbc:Name>
                     <cac:ClassifiedTaxCategory>
                        <cbc:ID schemeID="UNCL5305">S</cbc:ID>
                        <cbc:Percent>21.00</cbc:Percent>
                        <cac:TaxScheme>
                           <cbc:ID>VAT</cbc:ID>
                        </cac:TaxScheme>
                     </cac:ClassifiedTaxCategory>
                  </cac:Item>
                  <cac:Price>
                     <cbc:PriceAmount currencyID="EUR">100.00</cbc:PriceAmount>
                     <cbc:BaseQuantity>1.00</cbc:BaseQuantity>
                  </cac:Price>
               </cac:InvoiceLine>
            </Invoice>
            </v12:document>
         </v2:request>
      </v2:submitDocumentRequest>
   </soapenv:Body>
</soapenv:Envelope>]]></con:request><con:assertion type="SOAP Fault Assertion" id="b822e8b4-a4d8-4a15-803c-2371e41da6c5" name="Not SOAP Fault"/><con:assertion type="SOAP Response" id="432ef366-e285-4689-83b8-c52a9dede1c7" name="SOAP Response"/><con:assertion type="Schema Compliance" id="6b04dcdd-ac00-4c1f-9a33-383eaf6a1700" name="Schema Compliance"><con:configuration/></con:assertion><con:wsaConfig action="http://fidus.brussels/services/invoiceservice/submitDocument"/></con:request></con:config></con:testStep><con:testStep type="request" id="b21d8a21-4975-4aa5-92b6-e7e702b20591" name="testcase5 - Prod - LB - Request"><con:settings/><con:config xsi:type="con:RequestStep" xmlns:xsi="http://www.w3.org/2001/XMLSchema-instance"><con:interface>InvoiceServiceHTTPBinding</con:interface><con:operation>submitDocument</con:operation><con:request name="testcase5 - Prod - LB - Request" id="45e65c0e-3ef9-47d1-9421-5842bf87b7e8" outgoingWss="Outflow PROD"><con:settings/><con:encoding>UTF-8</con:encoding><con:endpoint>https://fidus-esb-sg.prd.srv.cirb.lan:8443/services/InvoiceService_v2.0</con:endpoint><con:request><![CDATA[<soapenv:Envelope xmlns:soapenv="http://schemas.xmlsoap.org/soap/envelope/" xmlns:v2="http://fidus.brussels/service/invoiceservice/messages/v2.0" xmlns:v1="http://fidus.brussels/service/invoiceservice/messages/v1.2" xmlns:v11="http://fidus.brussels/type/common/messages/v1" xmlns:urn="urn:oasis:names:specification:ubl:schema:xsd:ApplicationResponse-2" xmlns:urn1="urn:oasis:names:specification:ubl:schema:xsd:CommonExtensionComponents-2" xmlns:urn2="urn:oasis:names:specification:ubl:schema:xsd:CommonBasicComponents-2" xmlns:urn3="urn:oasis:names:specification:ubl:schema:xsd:CommonAggregateComponents-2">
   <soapenv:Header/>
   <soapenv:Body>
      <v2:submitDocumentRequest>
         <v2:messageContext>
            <v11:messageId>?</v11:messageId>
         </v2:messageContext>
         <v2:legalContext>ServiceIntegrator</v2:legalContext>
         <v2:request>
            <v12:document xmlns:v12="http://fsb.belgium.be/einvoicing/simpleprior/v1_00">                
            <Invoice xmlns="urn:oasis:names:specification:ubl:schema:xsd:Invoice-2"
                    xmlns:cbc="urn:oasis:names:specification:ubl:schema:xsd:CommonBasicComponents-2"
                    xmlns:cac="urn:oasis:names:specification:ubl:schema:xsd:CommonAggregateComponents-2">
               <cbc:UBLVersionID>2.1</cbc:UBLVersionID>
               <cbc:CustomizationID>urn:www.cenbii.eu:transaction:biitrns010:ver2.0:extended:urn:www.peppol.eu:bis:peppol5a:ver2.0</cbc:CustomizationID>
               <cbc:ProfileID>urn:www.cenbii.eu:profile:bii05:ver2.0</cbc:ProfileID>
               <cbc:ID>118120479086FAKNOV-13-5B</cbc:ID>
               <cbc:IssueDate>2018-06-12</cbc:IssueDate>
               <cbc:InvoiceTypeCode listID="UNCL1001">380</cbc:InvoiceTypeCode>
               <cbc:DocumentCurrencyCode listID="ISO4217">EUR</cbc:DocumentCurrencyCode>
               <cac:AccountingSupplierParty>
                  <cac:Party>
                     <cac:PartyIdentification>
                        <cbc:ID schemeID="BE:CBE">0200013901</cbc:ID>
                     </cac:PartyIdentification>
                     <cac:PartyName>
                        <cbc:Name>ACME</cbc:Name>
                     </cac:PartyName>
                     <cac:PostalAddress>
                        <cbc:StreetName>Simon Bolivarlaan 30/9</cbc:StreetName>
                        <cbc:CityName>BRUSSEL</cbc:CityName>
                        <cbc:PostalZone>1000</cbc:PostalZone>
                        <cac:Country>
                           <cbc:IdentificationCode listID="ISO3166-1:Alpha2">BE</cbc:IdentificationCode>
                        </cac:Country>
                     </cac:PostalAddress>
                     <cac:PartyTaxScheme>
                        <cbc:CompanyID schemeID="BE:VAT">BE0200013901</cbc:CompanyID>
                        <cac:TaxScheme>
                           <cbc:ID>VAT</cbc:ID>
                        </cac:TaxScheme>
                     </cac:PartyTaxScheme>
                     <cac:PartyLegalEntity>
                        <cbc:RegistrationName>D.W. Soft bvba</cbc:RegistrationName>
                        <cbc:CompanyID schemeID="BE:CBE">0200013901</cbc:CompanyID>
                     </cac:PartyLegalEntity>
                     <cac:Contact>
                        <cbc:ElectronicMail>dirk.willekens@dwsoft.be</cbc:ElectronicMail>
                     </cac:Contact>
                  </cac:Party>
               </cac:AccountingSupplierParty>
               <cac:AccountingCustomerParty>
                  <cac:Party>
                     <cac:PartyIdentification>
                        <cbc:ID schemeID="BE:CBE">2222222222</cbc:ID>
                     </cac:PartyIdentification>
                     <cac:PartyName>
                        <cbc:Name>Fake customer</cbc:Name>
                     </cac:PartyName>
                     <cac:PostalAddress>
                        <cbc:StreetName>Simon Bolivarlaan 34</cbc:StreetName>
                        <cbc:CityName>ANTWERPEN</cbc:CityName>
                        <cbc:PostalZone>2000</cbc:PostalZone>
                        <cac:Country>
                           <cbc:IdentificationCode listID="ISO3166-1:Alpha2">BE</cbc:IdentificationCode>
                        </cac:Country>
                     </cac:PostalAddress>
                     <cac:PartyTaxScheme>
                        <cbc:CompanyID schemeID="BE:VAT">BE2222222222</cbc:CompanyID>
                        <cac:TaxScheme>
                           <cbc:ID>VAT</cbc:ID>
                        </cac:TaxScheme>
                     </cac:PartyTaxScheme>
                     <cac:PartyLegalEntity>
                        <cbc:RegistrationName>Fake Customer</cbc:RegistrationName>
                        <cbc:CompanyID schemeID="BE:CBE">2222222222</cbc:CompanyID>
                     </cac:PartyLegalEntity>
                  </cac:Party>
               </cac:AccountingCustomerParty>
               <cac:PaymentMeans>
                  <cbc:PaymentMeansCode listID="UNCL4461">1</cbc:PaymentMeansCode>
                  <cbc:PaymentDueDate>2018-05-31</cbc:PaymentDueDate>
                  <cbc:PaymentChannelCode>IBAN</cbc:PaymentChannelCode>
                  <cbc:InstructionNote>SIMPLE TEST TO FAKE CUSTOMER</cbc:InstructionNote>
                  <cac:PayeeFinancialAccount>
                     <cbc:ID schemeID="IBAN">BE86736009252450</cbc:ID>
                     <cac:FinancialInstitutionBranch>
                        <cac:FinancialInstitution>
                           <cbc:ID schemeID="BIC">KREDBEBB</cbc:ID>
                        </cac:FinancialInstitution>
                     </cac:FinancialInstitutionBranch>
                  </cac:PayeeFinancialAccount>
               </cac:PaymentMeans>
               <cac:TaxTotal>
                  <cbc:TaxAmount currencyID="EUR">21.00</cbc:TaxAmount>
                  <cac:TaxSubtotal>
                     <cbc:TaxableAmount currencyID="EUR">100.00</cbc:TaxableAmount>
                     <cbc:TaxAmount currencyID="EUR">21.00</cbc:TaxAmount>
                     <cac:TaxCategory>
                        <cbc:ID schemeID="UNCL5305">S</cbc:ID>
                        <cbc:Percent>21.00</cbc:Percent>
                        <cac:TaxScheme>
                           <cbc:ID>VAT</cbc:ID>
                        </cac:TaxScheme>
                     </cac:TaxCategory>
                  </cac:TaxSubtotal>
               </cac:TaxTotal>
               <cac:LegalMonetaryTotal>
                  <cbc:LineExtensionAmount currencyID="EUR">100.00</cbc:LineExtensionAmount>
                  <cbc:TaxExclusiveAmount currencyID="EUR">100.00</cbc:TaxExclusiveAmount>
                  <cbc:TaxInclusiveAmount currencyID="EUR">121.00</cbc:TaxInclusiveAmount>
                  <cbc:PayableAmount currencyID="EUR">121.00</cbc:PayableAmount>
               </cac:LegalMonetaryTotal>
               <cac:InvoiceLine>
                  <cbc:ID>1</cbc:ID>
                  <cbc:InvoicedQuantity unitCode="NAR" unitCodeListID="UNECERec20">1.00</cbc:InvoicedQuantity>
                  <cbc:LineExtensionAmount currencyID="EUR">100.00</cbc:LineExtensionAmount>
                  <cac:TaxTotal>
                     <cbc:TaxAmount currencyID="EUR">21.00</cbc:TaxAmount>
                  </cac:TaxTotal>
                  <cac:Item>
                     <cbc:Description>Line1 description - may be long</cbc:Description>
                     <cbc:Name>Line1max50char</cbc:Name>
                     <cac:ClassifiedTaxCategory>
                        <cbc:ID schemeID="UNCL5305">S</cbc:ID>
                        <cbc:Percent>21.00</cbc:Percent>
                        <cac:TaxScheme>
                           <cbc:ID>VAT</cbc:ID>
                        </cac:TaxScheme>
                     </cac:ClassifiedTaxCategory>
                  </cac:Item>
                  <cac:Price>
                     <cbc:PriceAmount currencyID="EUR">100.00</cbc:PriceAmount>
                     <cbc:BaseQuantity>1.00</cbc:BaseQuantity>
                  </cac:Price>
               </cac:InvoiceLine>
            </Invoice>
            </v12:document>
         </v2:request>
      </v2:submitDocumentRequest>
   </soapenv:Body>
</soapenv:Envelope>]]></con:request><con:assertion type="SOAP Fault Assertion" id="7a0e587f-cb9c-49bf-a27f-c7266fc5ac23" name="Not SOAP Fault"/><con:assertion type="SOAP Response" id="b1c5a1ff-b47c-4c01-898f-ab65c6890ffd" name="SOAP Response"/><con:assertion type="Schema Compliance" id="4c74adfe-90dc-4cd2-8e5b-a005d0082810" name="Schema Compliance"><con:configuration/></con:assertion><con:wsaConfig action="http://fidus.brussels/services/invoiceservice/submitDocument"/></con:request></con:config></con:testStep><con:testStep type="request" id="9196e96f-d130-4e5a-98cd-c91f629e73bd" name="testcase5 - Prod - Worker1 - Request"><con:settings/><con:config xsi:type="con:RequestStep" xmlns:xsi="http://www.w3.org/2001/XMLSchema-instance"><con:interface>InvoiceServiceHTTPBinding</con:interface><con:operation>submitDocument</con:operation><con:request name="testcase5 - Prod - Worker1 - Request" id="04c940cd-a73c-4a63-911e-540495f18d4f" outgoingWss="Outflow PROD"><con:settings/><con:encoding>UTF-8</con:encoding><con:endpoint>https://192.168.26.22:8443/services/InvoiceService_v2.0</con:endpoint><con:request><![CDATA[<soapenv:Envelope xmlns:soapenv="http://schemas.xmlsoap.org/soap/envelope/" xmlns:v2="http://fidus.brussels/service/invoiceservice/messages/v2.0" xmlns:v1="http://fidus.brussels/service/invoiceservice/messages/v1.2" xmlns:v11="http://fidus.brussels/type/common/messages/v1" xmlns:urn="urn:oasis:names:specification:ubl:schema:xsd:ApplicationResponse-2" xmlns:urn1="urn:oasis:names:specification:ubl:schema:xsd:CommonExtensionComponents-2" xmlns:urn2="urn:oasis:names:specification:ubl:schema:xsd:CommonBasicComponents-2" xmlns:urn3="urn:oasis:names:specification:ubl:schema:xsd:CommonAggregateComponents-2">
   <soapenv:Header/>
   <soapenv:Body>
      <v2:submitDocumentRequest>
         <v2:messageContext>
            <v11:messageId>?</v11:messageId>
         </v2:messageContext>
         <v2:legalContext>ServiceIntegrator</v2:legalContext>
         <v2:request>
            <v12:document xmlns:v12="http://fsb.belgium.be/einvoicing/simpleprior/v1_00">                
            <Invoice xmlns="urn:oasis:names:specification:ubl:schema:xsd:Invoice-2"
                    xmlns:cbc="urn:oasis:names:specification:ubl:schema:xsd:CommonBasicComponents-2"
                    xmlns:cac="urn:oasis:names:specification:ubl:schema:xsd:CommonAggregateComponents-2">
               <cbc:UBLVersionID>2.1</cbc:UBLVersionID>
               <cbc:CustomizationID>urn:www.cenbii.eu:transaction:biitrns010:ver2.0:extended:urn:www.peppol.eu:bis:peppol5a:ver2.0</cbc:CustomizationID>
               <cbc:ProfileID>urn:www.cenbii.eu:profile:bii05:ver2.0</cbc:ProfileID>
               <cbc:ID>118120479086FAKNOV-13-5B</cbc:ID>
               <cbc:IssueDate>2018-06-12</cbc:IssueDate>
               <cbc:InvoiceTypeCode listID="UNCL1001">380</cbc:InvoiceTypeCode>
               <cbc:DocumentCurrencyCode listID="ISO4217">EUR</cbc:DocumentCurrencyCode>
               <cac:AccountingSupplierParty>
                  <cac:Party>
                     <cac:PartyIdentification>
                        <cbc:ID schemeID="BE:CBE">0200013901</cbc:ID>
                     </cac:PartyIdentification>
                     <cac:PartyName>
                        <cbc:Name>ACME</cbc:Name>
                     </cac:PartyName>
                     <cac:PostalAddress>
                        <cbc:StreetName>Simon Bolivarlaan 30/9</cbc:StreetName>
                        <cbc:CityName>BRUSSEL</cbc:CityName>
                        <cbc:PostalZone>1000</cbc:PostalZone>
                        <cac:Country>
                           <cbc:IdentificationCode listID="ISO3166-1:Alpha2">BE</cbc:IdentificationCode>
                        </cac:Country>
                     </cac:PostalAddress>
                     <cac:PartyTaxScheme>
                        <cbc:CompanyID schemeID="BE:VAT">BE0200013901</cbc:CompanyID>
                        <cac:TaxScheme>
                           <cbc:ID>VAT</cbc:ID>
                        </cac:TaxScheme>
                     </cac:PartyTaxScheme>
                     <cac:PartyLegalEntity>
                        <cbc:RegistrationName>D.W. Soft bvba</cbc:RegistrationName>
                        <cbc:CompanyID schemeID="BE:CBE">0200013901</cbc:CompanyID>
                     </cac:PartyLegalEntity>
                     <cac:Contact>
                        <cbc:ElectronicMail>dirk.willekens@dwsoft.be</cbc:ElectronicMail>
                     </cac:Contact>
                  </cac:Party>
               </cac:AccountingSupplierParty>
               <cac:AccountingCustomerParty>
                  <cac:Party>
                     <cac:PartyIdentification>
                        <cbc:ID schemeID="BE:CBE">2222222222</cbc:ID>
                     </cac:PartyIdentification>
                     <cac:PartyName>
                        <cbc:Name>Fake customer</cbc:Name>
                     </cac:PartyName>
                     <cac:PostalAddress>
                        <cbc:StreetName>Simon Bolivarlaan 34</cbc:StreetName>
                        <cbc:CityName>ANTWERPEN</cbc:CityName>
                        <cbc:PostalZone>2000</cbc:PostalZone>
                        <cac:Country>
                           <cbc:IdentificationCode listID="ISO3166-1:Alpha2">BE</cbc:IdentificationCode>
                        </cac:Country>
                     </cac:PostalAddress>
                     <cac:PartyTaxScheme>
                        <cbc:CompanyID schemeID="BE:VAT">BE2222222222</cbc:CompanyID>
                        <cac:TaxScheme>
                           <cbc:ID>VAT</cbc:ID>
                        </cac:TaxScheme>
                     </cac:PartyTaxScheme>
                     <cac:PartyLegalEntity>
                        <cbc:RegistrationName>Fake Customer</cbc:RegistrationName>
                        <cbc:CompanyID schemeID="BE:CBE">2222222222</cbc:CompanyID>
                     </cac:PartyLegalEntity>
                  </cac:Party>
               </cac:AccountingCustomerParty>
               <cac:PaymentMeans>
                  <cbc:PaymentMeansCode listID="UNCL4461">1</cbc:PaymentMeansCode>
                  <cbc:PaymentDueDate>2018-05-31</cbc:PaymentDueDate>
                  <cbc:PaymentChannelCode>IBAN</cbc:PaymentChannelCode>
                  <cbc:InstructionNote>SIMPLE TEST TO FAKE CUSTOMER</cbc:InstructionNote>
                  <cac:PayeeFinancialAccount>
                     <cbc:ID schemeID="IBAN">BE86736009252450</cbc:ID>
                     <cac:FinancialInstitutionBranch>
                        <cac:FinancialInstitution>
                           <cbc:ID schemeID="BIC">KREDBEBB</cbc:ID>
                        </cac:FinancialInstitution>
                     </cac:FinancialInstitutionBranch>
                  </cac:PayeeFinancialAccount>
               </cac:PaymentMeans>
               <cac:TaxTotal>
                  <cbc:TaxAmount currencyID="EUR">21.00</cbc:TaxAmount>
                  <cac:TaxSubtotal>
                     <cbc:TaxableAmount currencyID="EUR">100.00</cbc:TaxableAmount>
                     <cbc:TaxAmount currencyID="EUR">21.00</cbc:TaxAmount>
                     <cac:TaxCategory>
                        <cbc:ID schemeID="UNCL5305">S</cbc:ID>
                        <cbc:Percent>21.00</cbc:Percent>
                        <cac:TaxScheme>
                           <cbc:ID>VAT</cbc:ID>
                        </cac:TaxScheme>
                     </cac:TaxCategory>
                  </cac:TaxSubtotal>
               </cac:TaxTotal>
               <cac:LegalMonetaryTotal>
                  <cbc:LineExtensionAmount currencyID="EUR">100.00</cbc:LineExtensionAmount>
                  <cbc:TaxExclusiveAmount currencyID="EUR">100.00</cbc:TaxExclusiveAmount>
                  <cbc:TaxInclusiveAmount currencyID="EUR">121.00</cbc:TaxInclusiveAmount>
                  <cbc:PayableAmount currencyID="EUR">121.00</cbc:PayableAmount>
               </cac:LegalMonetaryTotal>
               <cac:InvoiceLine>
                  <cbc:ID>1</cbc:ID>
                  <cbc:InvoicedQuantity unitCode="NAR" unitCodeListID="UNECERec20">1.00</cbc:InvoicedQuantity>
                  <cbc:LineExtensionAmount currencyID="EUR">100.00</cbc:LineExtensionAmount>
                  <cac:TaxTotal>
                     <cbc:TaxAmount currencyID="EUR">21.00</cbc:TaxAmount>
                  </cac:TaxTotal>
                  <cac:Item>
                     <cbc:Description>Line1 description - may be long</cbc:Description>
                     <cbc:Name>Line1max50char</cbc:Name>
                     <cac:ClassifiedTaxCategory>
                        <cbc:ID schemeID="UNCL5305">S</cbc:ID>
                        <cbc:Percent>21.00</cbc:Percent>
                        <cac:TaxScheme>
                           <cbc:ID>VAT</cbc:ID>
                        </cac:TaxScheme>
                     </cac:ClassifiedTaxCategory>
                  </cac:Item>
                  <cac:Price>
                     <cbc:PriceAmount currencyID="EUR">100.00</cbc:PriceAmount>
                     <cbc:BaseQuantity>1.00</cbc:BaseQuantity>
                  </cac:Price>
               </cac:InvoiceLine>
            </Invoice>
            </v12:document>
         </v2:request>
      </v2:submitDocumentRequest>
   </soapenv:Body>
</soapenv:Envelope>]]></con:request><con:assertion type="SOAP Fault Assertion" id="af101da1-a81f-4438-9ea9-d23fa09002bb" name="Not SOAP Fault"/><con:assertion type="SOAP Response" id="c20b4d65-ff38-477c-8c8c-9c63849fcdb5" name="SOAP Response"/><con:assertion type="Schema Compliance" id="85aa3d01-540c-43d6-9741-6607e0d60d7e" name="Schema Compliance"><con:configuration/></con:assertion><con:wsaConfig action="http://fidus.brussels/services/invoiceservice/submitDocument"/></con:request></con:config></con:testStep><con:testStep type="request" id="0f915359-2b9a-4ae5-bda4-4f88e228f34b" name="testcase5 - Prod - Worker2 - Request"><con:settings/><con:config xsi:type="con:RequestStep" xmlns:xsi="http://www.w3.org/2001/XMLSchema-instance"><con:interface>InvoiceServiceHTTPBinding</con:interface><con:operation>submitDocument</con:operation><con:request name="testcase5 - Prod - Worker2 - Request" id="1b0c205b-fcf2-4a5c-a4a1-f36dafa44f5f" outgoingWss="Outflow PROD"><con:settings/><con:encoding>UTF-8</con:encoding><con:endpoint>https://192.168.26.19:8443/services/InvoiceService_v2.0</con:endpoint><con:request><![CDATA[<soapenv:Envelope xmlns:soapenv="http://schemas.xmlsoap.org/soap/envelope/" xmlns:v2="http://fidus.brussels/service/invoiceservice/messages/v2.0" xmlns:v1="http://fidus.brussels/service/invoiceservice/messages/v1.2" xmlns:v11="http://fidus.brussels/type/common/messages/v1" xmlns:urn="urn:oasis:names:specification:ubl:schema:xsd:ApplicationResponse-2" xmlns:urn1="urn:oasis:names:specification:ubl:schema:xsd:CommonExtensionComponents-2" xmlns:urn2="urn:oasis:names:specification:ubl:schema:xsd:CommonBasicComponents-2" xmlns:urn3="urn:oasis:names:specification:ubl:schema:xsd:CommonAggregateComponents-2">
   <soapenv:Header/>
   <soapenv:Body>
      <v2:submitDocumentRequest>
         <v2:messageContext>
            <v11:messageId>?</v11:messageId>
         </v2:messageContext>
         <v2:legalContext>ServiceIntegrator</v2:legalContext>
         <v2:request>
            <v12:document xmlns:v12="http://fsb.belgium.be/einvoicing/simpleprior/v1_00">                
            <Invoice xmlns="urn:oasis:names:specification:ubl:schema:xsd:Invoice-2"
                    xmlns:cbc="urn:oasis:names:specification:ubl:schema:xsd:CommonBasicComponents-2"
                    xmlns:cac="urn:oasis:names:specification:ubl:schema:xsd:CommonAggregateComponents-2">
               <cbc:UBLVersionID>2.1</cbc:UBLVersionID>
               <cbc:CustomizationID>urn:www.cenbii.eu:transaction:biitrns010:ver2.0:extended:urn:www.peppol.eu:bis:peppol5a:ver2.0</cbc:CustomizationID>
               <cbc:ProfileID>urn:www.cenbii.eu:profile:bii05:ver2.0</cbc:ProfileID>
               <cbc:ID>118120479086FAKNOV-13-5B</cbc:ID>
               <cbc:IssueDate>2018-06-12</cbc:IssueDate>
               <cbc:InvoiceTypeCode listID="UNCL1001">380</cbc:InvoiceTypeCode>
               <cbc:DocumentCurrencyCode listID="ISO4217">EUR</cbc:DocumentCurrencyCode>
               <cac:AccountingSupplierParty>
                  <cac:Party>
                     <cac:PartyIdentification>
                        <cbc:ID schemeID="BE:CBE">0200013901</cbc:ID>
                     </cac:PartyIdentification>
                     <cac:PartyName>
                        <cbc:Name>ACME</cbc:Name>
                     </cac:PartyName>
                     <cac:PostalAddress>
                        <cbc:StreetName>Simon Bolivarlaan 30/9</cbc:StreetName>
                        <cbc:CityName>BRUSSEL</cbc:CityName>
                        <cbc:PostalZone>1000</cbc:PostalZone>
                        <cac:Country>
                           <cbc:IdentificationCode listID="ISO3166-1:Alpha2">BE</cbc:IdentificationCode>
                        </cac:Country>
                     </cac:PostalAddress>
                     <cac:PartyTaxScheme>
                        <cbc:CompanyID schemeID="BE:VAT">BE0200013901</cbc:CompanyID>
                        <cac:TaxScheme>
                           <cbc:ID>VAT</cbc:ID>
                        </cac:TaxScheme>
                     </cac:PartyTaxScheme>
                     <cac:PartyLegalEntity>
                        <cbc:RegistrationName>D.W. Soft bvba</cbc:RegistrationName>
                        <cbc:CompanyID schemeID="BE:CBE">0200013901</cbc:CompanyID>
                     </cac:PartyLegalEntity>
                     <cac:Contact>
                        <cbc:ElectronicMail>dirk.willekens@dwsoft.be</cbc:ElectronicMail>
                     </cac:Contact>
                  </cac:Party>
               </cac:AccountingSupplierParty>
               <cac:AccountingCustomerParty>
                  <cac:Party>
                     <cac:PartyIdentification>
                        <cbc:ID schemeID="BE:CBE">2222222222</cbc:ID>
                     </cac:PartyIdentification>
                     <cac:PartyName>
                        <cbc:Name>Fake customer</cbc:Name>
                     </cac:PartyName>
                     <cac:PostalAddress>
                        <cbc:StreetName>Simon Bolivarlaan 34</cbc:StreetName>
                        <cbc:CityName>ANTWERPEN</cbc:CityName>
                        <cbc:PostalZone>2000</cbc:PostalZone>
                        <cac:Country>
                           <cbc:IdentificationCode listID="ISO3166-1:Alpha2">BE</cbc:IdentificationCode>
                        </cac:Country>
                     </cac:PostalAddress>
                     <cac:PartyTaxScheme>
                        <cbc:CompanyID schemeID="BE:VAT">BE2222222222</cbc:CompanyID>
                        <cac:TaxScheme>
                           <cbc:ID>VAT</cbc:ID>
                        </cac:TaxScheme>
                     </cac:PartyTaxScheme>
                     <cac:PartyLegalEntity>
                        <cbc:RegistrationName>Fake Customer</cbc:RegistrationName>
                        <cbc:CompanyID schemeID="BE:CBE">2222222222</cbc:CompanyID>
                     </cac:PartyLegalEntity>
                  </cac:Party>
               </cac:AccountingCustomerParty>
               <cac:PaymentMeans>
                  <cbc:PaymentMeansCode listID="UNCL4461">1</cbc:PaymentMeansCode>
                  <cbc:PaymentDueDate>2018-05-31</cbc:PaymentDueDate>
                  <cbc:PaymentChannelCode>IBAN</cbc:PaymentChannelCode>
                  <cbc:InstructionNote>SIMPLE TEST TO FAKE CUSTOMER</cbc:InstructionNote>
                  <cac:PayeeFinancialAccount>
                     <cbc:ID schemeID="IBAN">BE86736009252450</cbc:ID>
                     <cac:FinancialInstitutionBranch>
                        <cac:FinancialInstitution>
                           <cbc:ID schemeID="BIC">KREDBEBB</cbc:ID>
                        </cac:FinancialInstitution>
                     </cac:FinancialInstitutionBranch>
                  </cac:PayeeFinancialAccount>
               </cac:PaymentMeans>
               <cac:TaxTotal>
                  <cbc:TaxAmount currencyID="EUR">21.00</cbc:TaxAmount>
                  <cac:TaxSubtotal>
                     <cbc:TaxableAmount currencyID="EUR">100.00</cbc:TaxableAmount>
                     <cbc:TaxAmount currencyID="EUR">21.00</cbc:TaxAmount>
                     <cac:TaxCategory>
                        <cbc:ID schemeID="UNCL5305">S</cbc:ID>
                        <cbc:Percent>21.00</cbc:Percent>
                        <cac:TaxScheme>
                           <cbc:ID>VAT</cbc:ID>
                        </cac:TaxScheme>
                     </cac:TaxCategory>
                  </cac:TaxSubtotal>
               </cac:TaxTotal>
               <cac:LegalMonetaryTotal>
                  <cbc:LineExtensionAmount currencyID="EUR">100.00</cbc:LineExtensionAmount>
                  <cbc:TaxExclusiveAmount currencyID="EUR">100.00</cbc:TaxExclusiveAmount>
                  <cbc:TaxInclusiveAmount currencyID="EUR">121.00</cbc:TaxInclusiveAmount>
                  <cbc:PayableAmount currencyID="EUR">121.00</cbc:PayableAmount>
               </cac:LegalMonetaryTotal>
               <cac:InvoiceLine>
                  <cbc:ID>1</cbc:ID>
                  <cbc:InvoicedQuantity unitCode="NAR" unitCodeListID="UNECERec20">1.00</cbc:InvoicedQuantity>
                  <cbc:LineExtensionAmount currencyID="EUR">100.00</cbc:LineExtensionAmount>
                  <cac:TaxTotal>
                     <cbc:TaxAmount currencyID="EUR">21.00</cbc:TaxAmount>
                  </cac:TaxTotal>
                  <cac:Item>
                     <cbc:Description>Line1 description - may be long</cbc:Description>
                     <cbc:Name>Line1max50char</cbc:Name>
                     <cac:ClassifiedTaxCategory>
                        <cbc:ID schemeID="UNCL5305">S</cbc:ID>
                        <cbc:Percent>21.00</cbc:Percent>
                        <cac:TaxScheme>
                           <cbc:ID>VAT</cbc:ID>
                        </cac:TaxScheme>
                     </cac:ClassifiedTaxCategory>
                  </cac:Item>
                  <cac:Price>
                     <cbc:PriceAmount currencyID="EUR">100.00</cbc:PriceAmount>
                     <cbc:BaseQuantity>1.00</cbc:BaseQuantity>
                  </cac:Price>
               </cac:InvoiceLine>
            </Invoice>
            </v12:document>
         </v2:request>
      </v2:submitDocumentRequest>
   </soapenv:Body>
</soapenv:Envelope>]]></con:request><con:assertion type="SOAP Fault Assertion" id="204779db-33bb-4b93-9dc3-13409440ccd0" name="Not SOAP Fault"/><con:assertion type="SOAP Response" id="14331211-45a1-4b56-94b3-d0a6752eb07f" name="SOAP Response"/><con:assertion type="Schema Compliance" id="07478135-e3d5-4a93-9107-5c15245e81ff" name="Schema Compliance"><con:configuration/></con:assertion><con:wsaConfig action="http://fidus.brussels/services/invoiceservice/submitDocument"/></con:request></con:config></con:testStep><con:properties/></con:testCase><con:testCase id="b1d0c19a-73af-4b35-93ae-de66b6f431bc" failOnError="true" failTestCaseOnErrors="true" keepSession="false" maxResults="0" name="submitInboxRequest" searchProperties="true"><con:settings/><con:testStep type="request" id="bb6bdfd9-5738-4ad8-ac4e-f3fbbeb9e3e1" name="testcase5 - Prod - External - Request"><con:settings/><con:config xsi:type="con:RequestStep" xmlns:xsi="http://www.w3.org/2001/XMLSchema-instance"><con:interface>InvoiceServiceHTTPBinding</con:interface><con:operation>submitInboxRequest</con:operation><con:request name="testcase5 - Prod - External - Request" id="fb5d04a9-a1e5-48f0-8e89-b3aceb972e0d" outgoingWss="Outflow PROD"><con:settings/><con:encoding>UTF-8</con:encoding><con:endpoint>https://fidus.sec.brussels/services/InvoiceService_v2.0</con:endpoint><con:request><![CDATA[<soapenv:Envelope xmlns:soapenv="http://schemas.xmlsoap.org/soap/envelope/" xmlns:v2="http://fidus.brussels/service/invoiceservice/messages/v2.0" xmlns:v11="http://fidus.brussels/type/common/messages/v1">
   <soapenv:Header/>
   <soapenv:Body>
      <v2:submitInboxRequestRequest>
         <v2:messageContext>
            <v11:messageId>?</v11:messageId>
         </v2:messageContext>
         <v2:legalContext>ServiceIntegrator</v2:legalContext>
         <v2:request>
            <v12:receiverId xmlns:v12="http://fsb.belgium.be/einvoicing/simpleprior/v1_00">2222222222</v12:receiverId>
            <v12:senderId xmlns:v12="http://fsb.belgium.be/einvoicing/simpleprior/v1_00">0200013901</v12:senderId>        
         </v2:request>
      </v2:submitInboxRequestRequest>
   </soapenv:Body>
</soapenv:Envelope>]]></con:request><con:assertion type="SOAP Fault Assertion" id="ceca2d4f-bbf1-400e-9357-fd5cb62a2b21" name="Not SOAP Fault"/><con:assertion type="SOAP Response" id="1b8dfdea-c818-4e86-bca4-9f0be19db72d" name="SOAP Response"/><con:assertion type="Schema Compliance" id="a8179038-3c71-4f27-b072-3ec7c9d3141c" name="Schema Compliance"><con:configuration/></con:assertion><con:wsaConfig action="http://fidus.brussels/services/invoiceservice/submitInboxRequest"/></con:request></con:config></con:testStep><con:testStep type="request" id="55e8f2e8-5747-451d-83fa-c35e3211cfd5" name="testcase5 - Prod - LB - Request"><con:settings/><con:config xsi:type="con:RequestStep" xmlns:xsi="http://www.w3.org/2001/XMLSchema-instance"><con:interface>InvoiceServiceHTTPBinding</con:interface><con:operation>submitInboxRequest</con:operation><con:request name="testcase5 - Prod - LB - Request" id="d1db5f0f-7553-4ecc-803d-74876e9b73c0" outgoingWss="Outflow PROD"><con:settings/><con:encoding>UTF-8</con:encoding><con:endpoint>https://fidus-esb-sg.prd.srv.cirb.lan:8443/services/InvoiceService_v2.0</con:endpoint><con:request><![CDATA[<soapenv:Envelope xmlns:soapenv="http://schemas.xmlsoap.org/soap/envelope/" xmlns:v2="http://fidus.brussels/service/invoiceservice/messages/v2.0" xmlns:v11="http://fidus.brussels/type/common/messages/v1">
   <soapenv:Header/>
   <soapenv:Body>
      <v2:submitInboxRequestRequest>
         <v2:messageContext>
            <v11:messageId>?</v11:messageId>
         </v2:messageContext>
         <v2:legalContext>ServiceIntegrator</v2:legalContext>
         <v2:request>
            <v12:receiverId xmlns:v12="http://fsb.belgium.be/einvoicing/simpleprior/v1_00">2222222222</v12:receiverId>
            <v12:senderId xmlns:v12="http://fsb.belgium.be/einvoicing/simpleprior/v1_00">0200013901</v12:senderId>        
         </v2:request>
      </v2:submitInboxRequestRequest>
   </soapenv:Body>
</soapenv:Envelope>]]></con:request><con:assertion type="SOAP Fault Assertion" id="b2d97ba2-b101-46e5-9c08-8c6103d7533b" name="Not SOAP Fault"/><con:assertion type="SOAP Response" id="c337e9fa-98dd-4024-9805-5e944efad556" name="SOAP Response"/><con:assertion type="Schema Compliance" id="b98beaa4-d948-4791-bf1e-3e9ed8e16ef1" name="Schema Compliance"><con:configuration/></con:assertion><con:wsaConfig action="http://fidus.brussels/services/invoiceservice/submitInboxRequest"/></con:request></con:config></con:testStep><con:testStep type="request" id="2d3fa922-e189-4e4b-896d-64bb160e8dd8" name="testcase5 - Prod - Worker1 - Request"><con:settings/><con:config xsi:type="con:RequestStep" xmlns:xsi="http://www.w3.org/2001/XMLSchema-instance"><con:interface>InvoiceServiceHTTPBinding</con:interface><con:operation>submitInboxRequest</con:operation><con:request name="testcase5 - Prod - Worker1 - Request" id="02347489-ec48-4f88-9452-0ee644a1379f" outgoingWss="Outflow PROD"><con:settings/><con:encoding>UTF-8</con:encoding><con:endpoint>https://192.168.26.22:8443/services/InvoiceService_v2.0</con:endpoint><con:request><![CDATA[<soapenv:Envelope xmlns:soapenv="http://schemas.xmlsoap.org/soap/envelope/" xmlns:v2="http://fidus.brussels/service/invoiceservice/messages/v2.0" xmlns:v11="http://fidus.brussels/type/common/messages/v1">
   <soapenv:Header/>
   <soapenv:Body>
      <v2:submitInboxRequestRequest>
         <v2:messageContext>
            <v11:messageId>?</v11:messageId>
         </v2:messageContext>
         <v2:legalContext>ServiceIntegrator</v2:legalContext>
         <v2:request>
            <v12:receiverId xmlns:v12="http://fsb.belgium.be/einvoicing/simpleprior/v1_00">2222222222</v12:receiverId>
            <v12:senderId xmlns:v12="http://fsb.belgium.be/einvoicing/simpleprior/v1_00">0200013901</v12:senderId>        
         </v2:request>
      </v2:submitInboxRequestRequest>
   </soapenv:Body>
</soapenv:Envelope>]]></con:request><con:assertion type="SOAP Fault Assertion" id="62200d82-4dc9-4c44-b5f2-4d6db7ce7bcf" name="Not SOAP Fault"/><con:assertion type="SOAP Response" id="d45dd973-938c-44bf-ade1-d63bc0269274" name="SOAP Response"/><con:assertion type="Schema Compliance" id="33ac7c42-2101-4cfb-8fd2-1bc4190f4414" name="Schema Compliance"><con:configuration/></con:assertion><con:wsaConfig action="http://fidus.brussels/services/invoiceservice/submitInboxRequest"/></con:request></con:config></con:testStep><con:testStep type="request" id="0a7efa50-859b-4e08-83b0-02ab10bb45d4" name="testcase5 - Prod - Worker2 - Request"><con:settings/><con:config xsi:type="con:RequestStep" xmlns:xsi="http://www.w3.org/2001/XMLSchema-instance"><con:interface>InvoiceServiceHTTPBinding</con:interface><con:operation>submitInboxRequest</con:operation><con:request name="testcase5 - Prod - Worker2 - Request" id="d4131ba2-f7c0-4f9c-ae65-e2b56dfcf0ae" outgoingWss="Outflow PROD"><con:settings/><con:encoding>UTF-8</con:encoding><con:endpoint>https://192.168.26.19:8443/services/InvoiceService_v2.0</con:endpoint><con:request><![CDATA[<soapenv:Envelope xmlns:soapenv="http://schemas.xmlsoap.org/soap/envelope/" xmlns:v2="http://fidus.brussels/service/invoiceservice/messages/v2.0" xmlns:v11="http://fidus.brussels/type/common/messages/v1">
   <soapenv:Header/>
   <soapenv:Body>
      <v2:submitInboxRequestRequest>
         <v2:messageContext>
            <v11:messageId>?</v11:messageId>
         </v2:messageContext>
         <v2:legalContext>ServiceIntegrator</v2:legalContext>
         <v2:request>
            <v12:receiverId xmlns:v12="http://fsb.belgium.be/einvoicing/simpleprior/v1_00">2222222222</v12:receiverId>
            <v12:senderId xmlns:v12="http://fsb.belgium.be/einvoicing/simpleprior/v1_00">0200013901</v12:senderId>        
         </v2:request>
      </v2:submitInboxRequestRequest>
   </soapenv:Body>
</soapenv:Envelope>]]></con:request><con:assertion type="SOAP Fault Assertion" id="dcd241cc-562d-4f56-b358-b56b3045e177" name="Not SOAP Fault"/><con:assertion type="SOAP Response" id="c24aadac-a3da-48af-90d9-28ca62ee233a" name="SOAP Response"/><con:assertion type="Schema Compliance" id="b552632c-db3d-4fc2-820c-cb875889d976" name="Schema Compliance"><con:configuration/></con:assertion><con:wsaConfig action="http://fidus.brussels/services/invoiceservice/submitInboxRequest"/></con:request></con:config></con:testStep><con:properties/></con:testCase><con:properties/></con:testSuite><con:properties/><con:wssContainer><con:crypto><con:source>data/wso2/keystores/user-rajarshi.jks</con:source><con:password>test@fidus01</con:password><con:type>KEYSTORE</con:type></con:crypto><con:outgoing><con:name>Outflow DEV</con:name></con:outgoing><con:outgoing><con:name>Outflow TEST</con:name><con:entry type="Signature" username="testuser-test.fidus.brussels" password="test@fidus01"><con:configuration><crypto>user-rajarshi.jks</crypto><keyIdentifierType>3</keyIdentifierType><signatureAlgorithm/><signatureCanonicalization/><useSingleCert>true</useSingleCert><digestAlgorithm/><customTokenValueType/><customTokenId/></con:configuration></con:entry><con:entry type="Timestamp"><con:configuration><timeToLive>300000</timeToLive><strictTimestamp>true</strictTimestamp></con:configuration></con:entry></con:outgoing><con:outgoing><con:name>Outflow STAG</con:name></con:outgoing><con:outgoing><con:name>Outflow PROD</con:name></con:outgoing></con:wssContainer><con:oAuth2ProfileContainer/><con:oAuth1ProfileContainer/><con:sensitiveInformation/></con:soapui-project>